2048-qt 0.1.6-2 Failed [QMAKE_ERROR] Project ERROR: failed to parse default search paths from compiler output
3dchess 0.8.1-20 Failed [UNKNOWN] XXX
9base 1:6-7 Failed [GCC_ERROR] n1.c:124:5: error: unterminated function-like macro invocation
9menu 1.9-2 Failed [GCC_ERROR/CLANG_ERROR] Imake.tmpl:2243:10: fatal error: ' X11 .rules' file not found
a2jmidid 9-2 Failed [CLANG_ERROR/CLANG_LD_ERROR] clang: error: linker command failed with exit code 1 (use -v to see invocation)
abgate 1.1.9-2 Failed [QMAKE_ERROR] Project ERROR: failed to parse default search paths from compiler output
ableton-link 3.0.2+dfsg-1 Failed [GCC_ERROR] AudioPlatform_Jack.cpp:107:4: error: empty expression statement has no effect; remove unnecessary ';' to silence this warning [-Werror,-Wextra-semi-stmt]
acedb 4.9.39+dfsg.02-4 Failed [GCC_ERROR] aqlparse.l:218:6: error: conflicting types for 'yyerror'
aces3 3.0.8-6 Failed [GCC_ERROR] asv_ctl.c:1722:1: error: void function 'str2d_' should not return a value [-Wreturn-type]
acetoneiso 2.4-3 Failed [QMAKE_ERROR] Project ERROR: failed to parse default search paths from compiler output
acfax 981011-17 Failed [GCC_ERROR/CLANG_ERROR] Imake.tmpl:2243:10: fatal error: ' X11 .rules' file not found
achilles 2-9 Failed [GCC_ERROR] opengl.cc:103:28: error: non-constant-expression cannot be narrowed from type 'double' to 'GLfloat' (aka 'float') in initializer list [-Wc++11-narrowing]
aclock.app 0.4.0-2 Failed [GCC_ERROR/CLANG_ERROR] Foundation.h:31:9: fatal error: 'objc/objc.h' file not found
acm 5.0-29.2 Failed [GCC_ERROR] xdr_var_array.c:83:12: error: expected parameter declarator
aconnectgui 0.9.0rc2-1-10 Failed [CONFIGURE_ERROR] configure: error: Sufficiently new version of libasound not found.
acpica-unix 20200214-1 Failed [CLANG_ERROR] clang: error: argument unused during compilation: '-pie' [-Werror,-Wunused-command-line-argument]
acpid 1:2.0.32-1 Failed [CLANG_ERROR/CONFIGURE_ERROR] configure: error: "asprintf() not found"
addresses-for-gnustep 0.4.8-3 Failed [GCC_ERROR/CLANG_ERROR] Foundation.h:31:9: fatal error: 'objc/objc.h' file not found
aegisub 3.2.2+dfsg-5 Failed [GCC_ERROR] util.cpp:30:2: error: no member named 'this_thread' in namespace 'std'; did you mean 'boost::this_thread'?
aewm++-goodies 1.0-10 Failed [GCC_ERROR] appbar.cc:1142:21: error: non-constant-expression cannot be narrowed from type 'int' to 'CARD32' (aka 'unsigned int') in initializer list [-Wc++11-narrowing]
affiche 0.6.0-10 Failed [GCC_ERROR/CLANG_ERROR] Foundation.h:31:9: fatal error: 'objc/objc.h' file not found
afflib 3.7.18-4 Failed [UNKNOWN] dpkg-gensymbols: error: some symbols or patterns disappeared in the symbols file: see diff output below
afnix 2.9.2-2 Failed [GCC_ERROR] ./Runnable.hpp:101:21: error: 'afnix::Runnable::eval' hides overloaded virtual functions [-Werror,-Woverloaded-virtual]
afterstep 2.2.12-13 Failed [CLANG_ERROR/CLANG_LD_ERROR] ./DEB-build-tree/build-dynamic/libAfterBase/asvector.c:316: undefined reference to `vector_move_data_up'
agg 1:2.6.0-r132+dfsg1-3 Failed [UNKNOWN] dpkg-gensymbols: error: some symbols or patterns disappeared in the symbols file: see diff output below
ale 0.9.0.3-4 Failed [GCC_ERROR] ./d3/focus.h:78:15: error: non-constant-expression cannot be narrowed from type 'unsigned int' to 'int' in initializer list [-Wc++11-narrowing]
altermime 0.3.10-10 Failed [CLANG_ERROR] error: unknown warning option '-Werror=format-truncation' [-Werror,-Wunknown-warning-option]
amideco 0.31e-3.1 Failed [GCC_ERROR] amideco.c:45:5: error: first parameter of 'main' (argument count) must be of type 'int'
amoebax 0.2.1+dfsg-4 Failed [GCC_ERROR] :399:30: error: non-constant-expression cannot be narrowed from type 'int' to 'char' in initializer list [-Wc++11-narrowing]
amphetamine 0.8.10-21 Failed [GCC_ERROR] src/Element.cpp:282:25: error: type 'double' cannot be narrowed to 'short' in initializer list [-Wc++11-narrowing]
android-platform-external-libunwind 8.1.0+r23-2 Failed [GCC_ERROR] src/mi/backtrace.c:26:9: error: 'UNW_REMOTE_ONLY' is used as a header guard here, followed by #define of a different macro [-Werror,-Wheader-guard]
android-platform-libnativehelper 8.1.0+r23-1 Failed [CLANG_ERROR/CLANG_LD_ERROR] ld: final link failed: bad value
anfo 0.98-7 Failed [GCC_ERROR] stl_function.h:386:20: error: call to function 'operator<' that is neither visible in the template definition nor found by argument-dependent lookup
anjuta 2:3.34.0-3 Failed [GCC_ERROR] anjuta-status.c:215:30: error: format string is not a string literal [-Werror,-Wformat-nonliteral]
antigrav 0.0.3-9 Failed [GCC_ERROR] terrain.cpp:490:51: error: non-constant-expression cannot be narrowed from type 'double' to 'float' in initializer list [-Wc++11-narrowing]
antimicro 2.23-2 Failed [GCC_ERROR] mainwindow.cpp:367:19: error: ordered comparison between pointer and zero ('QMap<SDL_JoystickID, InputDevice *> *' (aka 'QMap<int, InputDevice *> *') and 'int')
antlr4-cpp-runtime 4.8+dfsg-2 Failed [GCC_ERROR/CLANG_ERROR] antlr4-common.h:8:10: fatal error: 'algorithm' file not found
ap51-flash 2019.0.1-2 Failed [CLANG_ERROR/CLANG_LD_ERROR] clang: error: linker command failed with exit code 1 (use -v to see invocation)
apbs 1.4-1 Failed [UNKNOWN] dh_auto_configure: error: cd obj-x86_64-linux-gnu && cmake -DCMAKE_INSTALL_PREFIX=/usr -DCMAKE_BUILD_TYPE=None -DCMAKE_INSTALL_SYSCONFDIR=/etc -DCMAKE_INSTALL_LOCALSTATEDIR=/var -DCMAKE_EXPORT_NO_PACKAGE_REGISTRY=ON -DCMAKE_FIND_PACKAGE_NO_PACKAGE_REGISTRY=ON "-GUnix Makefiles" -DCMAKE_VERBOSE_MAKEFILE=ON -DCMAKE_INSTALL_LIBDIR=lib/x86_64-linux-gnu -DCMAKE_BUILD_TYPE=None -DCMAKE_SKIP_RPATH=On -DBUILD_DOC=Off -DBUILD_TOOLS=Off -DENABLE_OPENMP=On -DENABLE_MPI=On -DENABLE_ZLIB=On -DENABLE_PYTHON=On -DENABLE_READLINE=Off -DFETK_PATH=/usr -DENABLE_FETK=Off .. returned exit code 1
apngdis 2.9-2 Failed [CLANG_ERROR] error: invalid argument '-std=c99' not allowed with 'C++'
apophenia 1.0+ds-8 Failed [CLANG_ERROR/CLANG_LD_ERROR] ld: ../.libs/libapophenia.so: undefined reference to `__atomic_compare_exchange'
apron 0.9.10-9.1 Failed [GCC_ERROR] ppl.hh:66465:8: error: missing 'typename' prior to dependent type template name 'OR_Matrix<T>::Pseudo_Row'
aptitude 0.8.12-1 Failed [GCC_ERROR] ../../../../src/generic/problemresolver/problemresolver.h:1725:17: error: use of non-static data member 'graph' of 'generic_problem_resolver' from nested type 'do_process_promotion'
aqsis 1.8.2-12 Failed [GCC_ERROR] texturesampleoptions.h:239:31: error: ISO C++11 does not allow access declarations; use using declarations instead
aranym 1.0.2-2.2 Failed [GCC_ERROR] ./src/Unix/linux/ethernet_linux.cpp:98:34: error: invalid suffix on literal; C++11 requires a space between literal and identifier [-Wreserved-user-defined-literal]
arj 3.10.22-23 Failed [UNKNOWN] XXX
asc 2.6.1.0-6 Failed [GCC_ERROR] pgbutton.cpp:105:8: error: case value evaluates to 2147483649, which cannot be narrowed to type 'int' [-Wc++11-narrowing]
ascd 0.13.2-6 Failed [GCC_ERROR/CLANG_ERROR] Imake.tmpl:2243:10: fatal error: ' X11 .rules' file not found
ascdc 0.3-15 Failed [GCC_ERROR/CLANG_ERROR] Imake.tmpl:2243:10: fatal error: ' X11 .rules' file not found
asclock 2.0.12-29 Failed [GCC_ERROR/CLANG_ERROR] Imake.tmpl:2243:10: fatal error: ' X11 .rules' file not found
asl 0.1.7-2 Failed [GCC_ERROR] :49:3: error: no matching function for call to 'Mat_VarWrite'
asterisk-flite 3.0-3 Failed [GCC_ERROR] utils.h:786:15: error: blocks support disabled - compile with -fblocks or pick a deployment target that supports them
asterisk-opus 13.7+20171009-2 Failed [GCC_ERROR] utils.h:786:15: error: blocks support disabled - compile with -fblocks or pick a deployment target that supports them
asterisk 1:16.2.1~dfsg-2 Failed [GCC_ERROR/CLANG_ERROR] conftest.c:9:10: fatal error: 'ac_nonexistent.h' file not found
atlas-cpp 0.6.4-2 Failed [UNKNOWN] dpkg-gensymbols: error: some symbols or patterns disappeared in the symbols file: see diff output below
atlas 3.10.3-9 Failed [GCC_ERROR/LD_ERROR/CLANG_ERROR/CLANG_LD_ERROR] collect2: error: ld returned 1 exit status
atomix 3.34.0-1 Failed [CLANG_ERROR/CLANG_LD_ERROR] ld: src/libatomix.a(canvas_helper.c.o): undefined reference to symbol 'ceil@@GLIBC_2.2.5'
ats-lang-anairiats 0.2.11-1 Failed [GCC_ERROR] bool.cats:42:5: error: expected parameter declarator
ats2-lang 0.3.13-1 Failed [GCC_ERROR] ./prelude/CATS/bool.cats:42:5: error: expected parameter declarator
attica-kf5 5.62.0-1 Failed [UNKNOWN] dpkg-gensymbols: error: some symbols or patterns disappeared in the symbols file: see diff output below
aubio 0.4.9-4 Failed [WAF_ERROR] could not configure a C compiler!
audacious 3.10.1-1 Failed [UNKNOWN] dpkg-gensymbols: error: some symbols or patterns disappeared in the symbols file: see diff output below
audacity 2.3.3-1 Failed [CLANG_ERROR/CLANG_LD_ERROR] atomic:224: undefined reference to `__atomic_is_lock_free'
audiofile 0.3.6-5 Failed [GCC_ERROR] Sign.cpp:160:39: error: non-constant-expression cannot be narrowed from type 'int32_t' (aka 'int') to 'uint32_t' (aka 'unsigned int') in initializer list [-Wc++11-narrowing]
auralquiz 1.0.0-3 Failed [QMAKE_ERROR] Project ERROR: failed to parse default search paths from compiler output
auto-07p 0.9.2+dfsg-2 Failed [CLANG_ERROR/CONFIGURE_ERROR] configure: error: COIN3D is not installed
autodock-vina 1.1.2-5 Failed [CLANG_ERROR] clang: error: unsupported option '--lto', did you mean '-flto='?
autodocksuite 4.2.6-7 Failed [CLANG_ERROR/CONFIGURE_ERROR] configure: error: in `/<<PKGBUILDDIR>>/autodock'
avifile 1:0.7.48~20090503.ds-20.1 Failed [GCC_ERROR] common/avm_output.cpp:20:12: error: qualified reference to 'AvmOutput' is a constructor name rather than a type in this context
awardeco 0.2-3.1 Failed [GCC_ERROR] awardeco.c:37:5: error: first parameter of 'main' (argument count) must be of type 'int'
awesfx 0.5.2-1 Failed [GCC_ERROR] alsa.c:149:2: error: void function 'seq_set_gus_bank' should not return a value [-Wreturn-type]
ayatana-ido 0.4.90-1 Failed [GCC_ERROR] idomediaplayermenuitem.c:84:36: error: implicit conversion from enumeration type 'GtkStateType' to different enumeration type 'GtkStateFlags' [-Werror,-Wenum-conversion]
ayatana-indicator-application 0.5.3-1 Failed [GCC_ERROR/CLANG_ERROR] application-service-appstore.c:115:8: error: use of GNU old-style field designator extension [-Werror,-Wgnu-designator]
bacula 9.4.4-2 Failed [GCC_ERROR/QMAKE_ERROR] Project ERROR: failed to parse default search paths from compiler output
balboa 2.0.0+ds-3 Failed [CLANG_ERROR/CLANG_LD_ERROR] clang: error: linker command failed with exit code 1 (use -v to see invocation)
bandage 0.8.1-1 Failed [QMAKE_ERROR] Project ERROR: failed to parse default search paths from compiler output
bandwidthd 2.0.1+cvs20090917-11 Failed [CLANG_ERROR/CLANG_LD_ERROR] bandwidthd.c:696: undefined reference to `Credit'
barcode 0.99-3 Failed [CLANG_ERROR/CLANG_LD_ERROR] ./code11.c:107: undefined reference to `rpl_calloc'
bart-view 0.1.00-2 Failed [GCC_ERROR] multind.h:19:14: error: blocks support disabled - compile with -fblocks or pick a deployment target that supports them
bart 0.5.00-1 Failed [GCC_ERROR] multind.h:19:14: error: blocks support disabled - compile with -fblocks or pick a deployment target that supports them
basic256 1.1.4.0-3 Failed [QMAKE_ERROR] Project ERROR: failed to parse default search paths from compiler output
bastet 0.43-5 Failed [GCC_ERROR] Ui.cpp:174:18: error: non-constant-expression cannot be narrowed from type 'unsigned long' to 'int' in initializer list [-Wc++11-narrowing]
batctl 2019.5-1 Failed [CLANG_ERROR/CLANG_LD_ERROR] clang: error: linker command failed with exit code 1 (use -v to see invocation)
batmand 0.3.2-20 Failed [CLANG_ERROR/CLANG_LD_ERROR] clang: error: linker command failed with exit code 1 (use -v to see invocation)
batmon.app 0.9-2 Failed [GCC_ERROR/CLANG_ERROR] Foundation.h:31:9: fatal error: 'objc/objc.h' file not found
baycomepp 0.10-15 Failed [CLANG_ERROR/CLANG_LD_ERROR] fpga.h:167: multiple definition of `writeboundary'; eppfpga.o:/<<PKGBUILDDIR>>/main/./fpga.h:167: first defined here
baycomusb 0.10-14 Failed [CLANG_ERROR/CLANG_LD_ERROR] sysdeps.h:150: multiple definition of `gettimems'; baycomusb.o:/<<PKGBUILDDIR>>/diag/../misc/sysdeps.h:150: first defined here
bdbvu 0.1-2 Failed [QMAKE_ERROR] Project ERROR: failed to parse default search paths from compiler output
beep 1.4.3-2 Failed [CLANG_ERROR] clang: error: unknown argument: '-fstack-clash-protection'
belr 0.1.3-2 Failed [GCC_ERROR] new_allocator.h:153:4: error: destructor called on non-final 'belr::ParserHandler<std::shared_ptr<belr::ABNFRuleList>, std::shared_ptr<belr::ABNFBuilder> >' that has virtual functions but non-virtual destructor [-Werror,-Wdelete-non-abstract-non-virtual-dtor]
benchmark 1.5.0-4 Failed [CLANG_ERROR/CLANG_LD_ERROR] clang: error: linker command failed with exit code 1 (use -v to see invocation)
berusky2 0.10+git20170630-3 Failed [GCC_ERROR] kofola/game_logic.cpp:8094:12: error: ordered comparison between pointer and zero ('int *' and 'int')
berusky 1.7.1-1 Failed [GCC_ERROR] ./defines.h:448:43: error: invalid suffix on literal; C++11 requires a space between literal and identifier [-Wreserved-user-defined-literal]
bigint 2010.04.30-2 Failed [GCC_ERROR] :24: error: /<<PKGBUILDDIR>>/BigUnsigned.hh/<<PKGBUILDDIR>>/BigUnsigned.hhISO C++11 does not allow access declarations; use using declarations instead
bind-dyndb-ldap 11.2-1 Failed [GCC_ERROR] ../../src/mldap.c:122:3: error: used type 'typeof (((isc_refcount_t *)0)->refs)' (aka '_Atomic(int_fast32_t)') where arithmetic or pointer type is required
bing 1.3.5-3 Failed [GCC_ERROR] bing_misc.c:208:46: error: too many arguments provided to function-like macro invocation
binutils-h8300-hms 2.16.1-10 Failed [UNKNOWN] XXX
binutils-m68hc1x 1:2.18-9 Failed [UNKNOWN] XXX
binutils-mipsen 5+c5 Failed [UNKNOWN] XXX
binutils 2.34-3 Failed [UNKNOWN] XXX
biococoa 2.2.2-4 Failed [GCC_ERROR/CLANG_ERROR] Foundation.h:31:9: fatal error: 'objc/objc.h' file not found
bist 0.5.2-1.1 Failed [GCC_ERROR] gruppo.cpp:1407:35: error: non-constant-expression cannot be narrowed from type 'int' to 'double' in initializer list [-Wc++11-narrowing]
bitz-server 2.0.3-1 Failed [UNKNOWN] dpkg-gensymbols: error: some symbols or patterns disappeared in the symbols file: see diff output below
blastem 0.6.3.3-2 Failed [CLANG_ERROR/CLANG_LD_ERROR] clang: error: linker command failed with exit code 1 (use -v to see invocation)
blitz++ 1:1.0.2+ds-2 Failed [GCC_ERROR/CLANG_ERROR] ../../blitz/bzconfig.h:82:10: fatal error: 'blitz/llvm/bzconfig.h' file not found
blktrace 1.2.0-5 Failed [CLANG_ERROR] clang: error: unknown argument: '-ffile-prefix-map=/<<PKGBUILDDIR>>=.'
blobandconquer 1.11-dfsg+20-1.1 Failed [GCC_ERROR] src/hud/dialogs.cpp:124:27: error: non-constant-expression cannot be narrowed from type 'int' to 'Uint16' (aka 'unsigned short') in initializer list [-Wc++11-narrowing]
bloboats 1.0.2+dfsg-3 Failed [GCC_ERROR] src/menu.cpp:1570:11: error: ordered comparison between pointer and zero ('SDL_Rect **' and 'int')
blobwars 2.00-1 Failed [CLANG_ERROR/CLANG_LD_ERROR] clang: error: linker command failed with exit code 1 (use -v to see invocation)
blocks-of-the-undead 1.0-7 Failed [GCC_ERROR] CSurface.cpp:468:55: error: non-constant-expression cannot be narrowed from type 'Sint16' (aka 'short') to 'Uint16' (aka 'unsigned short') in initializer list [-Wc++11-narrowing]
bluez-qt 5.62.0-1 Failed [UNKNOWN] dpkg-gensymbols: error: some symbols or patterns disappeared in the symbols file: see diff output below
bluez 5.50-1 Failed [GCC_ERROR] profiles/midi/midi.c:79:75: error: function definition is not allowed here
bmusb 0.7.4-4 Failed [GCC_ERROR] bmusb.cpp:641:16: error: 'target' attribute takes one argument
boats 201908-1 Failed [QMAKE_ERROR] Project ERROR: failed to parse default search paths from compiler output
bochs 2.6.11+dfsg-1 Failed [GCC_ERROR] rombios32start.S:75:3: error: invalid instruction mnemonic 'addr32'
bogl 0.1.18-14 Failed [GCC_ERROR] bogl-font.c:84:3: error: function definition is not allowed here
boinc-app-seti 8.00~svn4035-1 Failed [GCC_ERROR] ./../sah_config.h:784:40: error: invalid suffix on literal; C++11 requires a space between literal and identifier [-Wreserved-user-defined-literal]
boost1.67 1.67.0-17 Failed [UNKNOWN] dh_install: error: missing files, aborting
boost1.71 1.71.0-6 Failed [UNKNOWN] dh_install: error: missing files, aborting
bootpc 0.64-7 Failed [GCC_ERROR] ./log.h:6:15: error: redefinition of 'log' as different kind of symbol
bpftrace 0.9.3-2 Failed [GCC_ERROR/CLANG_ERROR] CheckIncludeFile.c:1:10: fatal error: 'sys/sdt.h' file not found
brainparty 0.61+dfsg-5 Failed [GCC_ERROR] BPGame.cpp:1506:25: error: non-constant-expression cannot be narrowed from type 'int' to 'GLfloat' (aka 'float') in initializer list [-Wc++11-narrowing]
brasero 3.12.2-6 Failed [GCC_ERROR]  GCC warning "G_ADD_PRIVATE"brasero-misc.c:115:11: error: format string is not a string literal [-Werror,-Wformat-nonliteral]
briquolo 0.5.7-8 Failed [GCC_ERROR] MOGL_PoliceTTF.cpp:346:23: error: non-constant-expression cannot be narrowed from type 'unsigned int' to 'Sint16' (aka 'short') in initializer list [-Wc++11-narrowing]
bs1770gain 0.6.5-1 Failed [GCC_ERROR] ff_fcmp.c:95:11: error: suggest braces around initialization of subobject [-Werror,-Wmissing-braces]
budgie-desktop 10.5.1-3 Failed [GCC_ERROR] src/wm/131f9c0@@budgie-wm@exe/wm.c:5004:2: error: implicit declaration of function 'meta_keybindings_set_custom_handler' is invalid in C99 [-Werror,-Wimplicit-function-declaration]
bwbasic 2.20pl2-11 Failed [GCC_ERROR] bwx_tty.c:69:1: error: 'main' must return 'int'
bzrtp 1.0.6-3 Failed [CLANG_ERROR] error: unknown warning option '-Wno-cast-function-type'; did you mean '-Wno-bad-function-cast'? [-Werror,-Wunknown-warning-option]
c-icap 1:0.5.3-3 Failed [UNKNOWN] dpkg-gensymbols: error: some symbols or patterns disappeared in the symbols file: see diff output below
calcoo 1.3.18-7 Failed [BUILDDEPS] E: apt-cache returned no information about calcoo source
calculix-ccx 2.11-1 Failed [GCC_ERROR] u_free.c:44:3: error: non-void function 'u_free' should return a value [-Wreturn-type]
calibre 4.99.4+dfsg+really4.11.2-1 Failed [BUILDDEPS] DEPS
camera.app 0.8.0-12 Failed [GCC_ERROR/CLANG_ERROR] GSObjCRuntime.h:58:11: fatal error: 'objc/objc.h' file not found
canna 3.7p3-14 Failed [GCC_ERROR/CLANG_ERROR] Imake.tmpl:2243:10: fatal error: ' X11 .rules' file not found
canu 1.9+dfsg-1 Failed [GCC_ERROR] stl_algo.h:3445:15: error: no member named 'min_element' in namespace 'std'; did you mean '__cxx1998::min_element'?
caps 0.9.26-1 Failed [GCC_ERROR] ./dsp/v4f.h:158:12: error: no matching function for call to 'v4f_map'
cargo 0.40.0-3 Failed [UNKNOWN] XXX
castxml 0.2.0-4 Failed [UNKNOWN] dh_auto_configure: error: cd obj-x86_64-linux-gnu && cmake -DCMAKE_INSTALL_PREFIX=/usr -DCMAKE_BUILD_TYPE=None -DCMAKE_INSTALL_SYSCONFDIR=/etc -DCMAKE_INSTALL_LOCALSTATEDIR=/var -DCMAKE_EXPORT_NO_PACKAGE_REGISTRY=ON -DCMAKE_FIND_PACKAGE_NO_PACKAGE_REGISTRY=ON "-GUnix Makefiles" -DCMAKE_VERBOSE_MAKEFILE=ON -DCMAKE_INSTALL_LIBDIR=lib/x86_64-linux-gnu -DCastXML_INSTALL_DOC_DIR:STRING=/usr/share/doc/castxml -DLLVM_DIR=/usr/lib/llvm-4.0/cmake .. returned exit code 1
cataclysm-dda 0.D-4 Failed [GCC_ERROR] src/clzones.h:245:23: error: explicitly defaulted move assignment operator is implicitly deleted [-Werror,-Wdefaulted-function-deleted]
cb2bib 1.9.9-1 Failed [QMAKE_ERROR] Project ERROR: failed to parse default search paths from compiler output
ccache 3.7.7-1 Failed [UNKNOWN] dh_auto_test: error: make -j4 test VERBOSE=1 returned exit code 2
ccbuild 2.0.7+git20160227.c1179286-2 Failed [CLANG_ERROR/CLANG_LD_ERROR] ./obj-x86_64-linux-gnu/./src/system/build.cc:165: undefined reference to `__kmpc_for_static_fini'
ccextractor 0.87+ds1-1 Failed [GCC_ERROR] ../src/lib_ccx/utility.h:41:5: error: expected parameter declarator
ccls 0.20190823.5-1 Failed [UNKNOWN] dh_auto_configure: error: cd obj-x86_64-linux-gnu && cmake -DCMAKE_INSTALL_PREFIX=/usr -DCMAKE_BUILD_TYPE=None -DCMAKE_INSTALL_SYSCONFDIR=/etc -DCMAKE_INSTALL_LOCALSTATEDIR=/var -DCMAKE_EXPORT_NO_PACKAGE_REGISTRY=ON -DCMAKE_FIND_PACKAGE_NO_PACKAGE_REGISTRY=ON -DCMAKE_INSTALL_RUNSTATEDIR=/run "-GUnix Makefiles" -DCMAKE_VERBOSE_MAKEFILE=ON -DCMAKE_INSTALL_LIBDIR=lib/x86_64-linux-gnu -DCCLS_VERSION=0.20190823.5-1 -DCLANG_RESOURCE_DIR=/usr/include/clang/8 .. returned exit code 1
ceferino 0.97.8+svn37-2 Failed [GCC_ERROR] juego.cc:119:24: error: non-constant-expression cannot be narrowed from type 'int' to 'Uint16' (aka 'unsigned short') in initializer list [-Wc++11-narrowing]
cen64-qt 20200219-alpha-1 Failed [QMAKE_ERROR] Project ERROR: failed to parse default search paths from compiler output
cenon.app 4.0.6+ds1-2 Failed [GCC_ERROR/CLANG_ERROR] Foundation.h:31:9: fatal error: 'objc/objc.h' file not found
cernlib 20061220+dfsg3-4.4 Failed [UNKNOWN] XXX
cgal 5.0.1-1 Failed [UNKNOWN] XXX
cgit 1.2.1+git2.18.0-1 Failed [GCC_ERROR] ../filter.c:388:10: error: no member named '__fprintf_chk' in 'struct cgit_filter'
charmap.app 0.3~rc1-4 Failed [GCC_ERROR/CLANG_ERROR] Foundation.h:31:9: fatal error: 'objc/objc.h' file not found
chasen 2.4.5-44 Failed [GCC_ERROR] print.c:186:16: error: expected parameter declarator
cheesecutter 2.9+git20191210-1 Failed [GCC_ERROR/LD_ERROR] collect2: error: ld returned 1 exit status
chess.app 2.8-3 Failed [GCC_ERROR/CLANG_ERROR] GSObjCRuntime.h:58:11: fatal error: 'objc/objc.h' file not found
chessx 1.4.6-2 Failed [QMAKE_ERROR] Project ERROR: failed to parse default search paths from compiler output
chkservice 0.3-1 Failed [GCC_ERROR] chk-systemd.cpp:120:15: error: ordered comparison between pointer and zero ('const char *' and 'int')
chuck 1.2.0.8.dfsg-1.5 Failed [GCC_ERROR] ugen_osc.cpp:1189:15: error: ordered comparison between pointer and zero ('Chuck_Array8 *' and 'int')
cinnamon-settings-daemon 4.4.0-3 Failed [GCC_ERROR] csd-xrandr-manager.c:2304:1: error: conflicting types for 'register_manager_dbus'
cjs 4.4.0-4 Failed [UNKNOWN] dpkg-gensymbols: error: some symbols or patterns disappeared in the symbols file: see diff output below
classified-ads 0.13-1 Failed [QMAKE_ERROR] Project ERROR: failed to parse default search paths from compiler output
cld2 0.0.0-git20150806-7 Failed [CLANG_ERROR] error: invalid argument '-std=c++98' not allowed with 'C'
clfft 2.12.2-1 Failed [UNKNOWN] dh_install: error: missing files, aborting
clonalframe 1.2-10 Failed [QMAKE_ERROR] Project ERROR: failed to parse default search paths from compiler output
clucene-core 2.3.3.4+dfsg-1 Failed [GCC_ERROR] QueryParser.cpp:82:176: error: constant expression evaluates to 2147483648 which cannot be narrowed to type 'int32_t' (aka 'int') [-Wc++11-narrowing]
clustalx 2.1+lgpl-8 Failed [QMAKE_ERROR] Project ERROR: failed to parse default search paths from compiler output
clutter-1.0 1.26.2+dfsg-13 Failed [UNKNOWN] dpkg-gensymbols: error: some new symbols appeared in the symbols file: see diff output below
cmark-gfm 0.29.0.gfm.0-3 Failed [CLANG_ERROR] clang: error: unknown argument: '-ffile-prefix-map=/<<PKGBUILDDIR>>=.'
cmst 2019.01.13-1 Failed [QMAKE_ERROR] Project ERROR: failed to parse default search paths from compiler output
cmtk 3.3.1p1+dfsg-2 Failed [GCC_ERROR] vtkxform.cxx:190:24: error: non-constant-expression cannot be narrowed from type 'double' to 'float' in initializer list [-Wc++11-narrowing]
cod-tools 2.9+dfsg-1 Failed [CLANG_ERROR] clang: error: unknown argument: '-foptimize-register-move'
cog 0.4.0-2 Failed [GCC_ERROR] cog-launcher.c:529:9: error: cannot jump from this goto statement to its label
coinor-ipopt 3.11.9-2.2 Failed [GCC_ERROR] IpIpoptAlg.cpp:265:69: error: invalid suffix on literal; C++11 requires a space between literal and identifier [-Wreserved-user-defined-literal]
coinor-symphony 5.6.16+repack1-2 Failed [GCC_ERROR] LP/lp_genfunc.c:2432:28: error: ordered comparison between pointer and zero ('int *' and 'int')
coinor-vol 1.5.4-3 Failed [UNKNOWN] dpkg-gensymbols: error: some symbols or patterns disappeared in the symbols file: see diff output below
collada-dom 2.4.4+ds1-2 Failed [CLANG_ERROR/CLANG_LD_ERROR] clang: error: linker command failed with exit code 1 (use -v to see invocation)
colorcode 0.8.5-2 Failed [QMAKE_ERROR] Project ERROR: failed to parse default search paths from compiler output
comedilib 0.11.0-1.1 Failed [UNKNOWN] XXX
comparepdf 1.0.1-1.1 Failed [QMAKE_ERROR] Project ERROR: failed to parse default search paths from compiler output
compiz-boxmenu 1.1.12-1 Failed [UNKNOWN] : error: cannot specify -o when generating multiple output files
comptext 1.0.1-4 Failed [GCC_ERROR] main.cxx:189:21: error: invalid suffix on literal; C++11 requires a space between literal and identifier [-Wreserved-user-defined-literal]
comptty 1.0.1-4 Failed [GCC_ERROR] comp_tty.cxx:27:30: error: character too large for enclosing character literal type
concavity 0.1+dfsg.1-4 Failed [GCC_ERROR] R2Grid.C:2325:37: error: non-constant-expression cannot be narrowed from type 'int' to 'unsigned int' in initializer list [-Wc++11-narrowing]
confclerk 0.6.4-1 Failed [QMAKE_ERROR] Project ERROR: failed to parse default search paths from compiler output
connectagram 1.2.10-1 Failed [QMAKE_ERROR] Project ERROR: failed to parse default search paths from compiler output
connectome-workbench 1.4.2-1 Failed [GCC_ERROR] AlgorithmCiftiCorrelationGradient.cxx:789:28: error: non-constant-expression cannot be narrowed from type 'int64_t' (aka 'long') to 'int' in initializer list [-Wc++11-narrowing]
contextfree 3.2+dfsg1-1 Failed [GCC_ERROR] src-common/cfdg.cpp:75:19: error: no matching function for call to 'find'
cool-retro-term 1.1.1-2 Failed [QMAKE_ERROR] Project ERROR: failed to parse default search paths from compiler output
courier-authlib 0.69.0-2 Failed [UNKNOWN] dpkg-gensymbols: error: some symbols or patterns disappeared in the symbols file: see diff output below
cp2k 6.1-3 Failed [GCC_ERROR/LD_ERROR] collect2: error: ld returned 1 exit status
cpio 2.13+dfsg-2 Failed [CLANG_ERROR/CLANG_LD_ERROR] ./obj/gnu/../../gnu/xmalloc.c:100: undefined reference to `__muloti4'
cpl-plugin-amber 4.3.9+dfsg-2 Failed [GCC_ERROR] amber_ascii_export.c:466:23: error: format string is not a string literal (potentially insecure) [-Werror,-Wformat-security]
cpl-plugin-hawki 2.4.6+dfsg-1 Failed [CLANG_ERROR/CLANG_LD_ERROR] ld: ../../hawki/.libs/libhawki.so: undefined reference to `__kmpc_for_static_fini'
cpl-plugin-muse 2.8.1+dfsg-1 Failed [GCC_ERROR] muse_lsf.c:219:8: error: loop iteration variable in the associated loop of 'omp parallel for' directive may not be shared, predetermined as private
cpl-plugin-xshoo 3.3.5+dfsg-2 Failed [GCC_ERROR] xsh_model_io.c:691:35: error: format string is not a string literal (potentially insecure) [-Werror,-Wformat-security]
cpluff 0.1.4+dfsg1-1 Failed [GCC_ERROR] cpluff.c:84:35: error: too many arguments provided to function-like macro invocation
crash 7.2.8-1 Failed [GCC_ERROR] ./../include/libiberty.h:616:12: error: expected parameter declarator
crawl 2:0.24.0-1 Failed [UNKNOWN] XXX
crda 3.18-1 Failed [CLANG_ERROR] clang: error: cannot specify -o when generating multiple output files
crimson 0.5.2-1.1 Failed [GCC_ERROR] main.cpp:176:31: error: invalid suffix on literal; C++11 requires a space between literal and identifier [-Wreserved-user-defined-literal]
critterding 1.0-beta12.1-1.3 Failed [GCC_ERROR] BulletSoftBody/btSoftBodyHelpers.cpp:288:23: error: non-constant-expression cannot be narrowed from type 'unsigned int' to 'int' in initializer list [-Wc++11-narrowing]
cronutils 1.9-1 Failed [GCC_ERROR] runstat.c:79:31: error: format string is not a string literal [-Werror,-Wformat-nonliteral]
crossguid 0.0+git200150803-4 Failed [UNKNOWN] dpkg-gensymbols: error: some symbols or patterns disappeared in the symbols file: see diff output below
crtmpserver 1.0~dfsg-5.5 Failed [GCC_ERROR/CLANG_ERROR] <built-in>:1:10: fatal error: 'common' file not found
csoundqt 0.9.7-1 Failed [QMAKE_ERROR] Project ERROR: failed to parse default search paths from compiler output
ctwm 3.7-4 Failed [GCC_ERROR/CLANG_ERROR] Imake.tmpl:2243:10: fatal error: ' X11 .rules' file not found
cubemap 1.4.3-1 Failed [CLANG_ERROR] error: invalid argument '-std=gnu++11' not allowed with 'C'
cups-bjnp 2.0.3-1 Failed [GCC_ERROR] bjnp-commands.c:188:9: error: comparison of array 'printer_id' not equal to a null pointer is always true [-Werror,-Wtautological-pointer-compare]
cutemaze 1.2.5-1 Failed [QMAKE_ERROR] Project ERROR: failed to parse default search paths from compiler output
cutesdr 1.20-3 Failed [QMAKE_ERROR] Project ERROR: failed to parse default search paths from compiler output
cutycapt 0.0~svn10-0.1 Failed [QMAKE_ERROR] Project ERROR: failed to parse default search paths from compiler output
cxref 1.6e-3 Failed [UNKNOWN] mv: cannot stat 'README.c.tex': No such file or directory
cynthiune.app 1.0.0-2 Failed [GCC_ERROR/CLANG_ERROR] GSObjCRuntime.h:58:11: fatal error: 'objc/objc.h' file not found
cyrus-sasl2 2.1.27+dfsg-2 Failed [GCC_ERROR] ../../sample/common.c:130:5: error: expected parameter declarator
d-itg 2.8.1-r1023-3 Failed [GCC_ERROR] traffic.cpp:415:35: error: ordered comparison between pointer and zero ('char *' and 'int')
dascrubber 1.1-1 Failed [UNKNOWN] : error: cannot specify -o when generating multiple output files
dataquay 0.9.1-1 Failed [QMAKE_ERROR] Project ERROR: failed to parse default search paths from compiler output
datovka 4.9.3-2 Failed [QMAKE_ERROR] Project ERROR: failed to parse default search paths from compiler output
dazzdb 1.0+git20200115.d8adde7-2 Failed [UNKNOWN] : error: cannot specify -o when generating multiple output files
db5.3 5.3.28+dfsg1-0.6 Failed [UNKNOWN] XXX
dballe 8.6-1 Failed [GCC_ERROR] ./file.h:17:1: error: 'File' defined as a class here but previously declared as a struct; this is valid, but may result in linker errors under the Microsoft C++ ABI [-Werror,-Wmismatched-tags]
dbus-python 1.2.16-1 Failed [UNKNOWN] XXX
dbuskit 0.1.1-3 Failed [CLANG_ERROR/CONFIGURE_ERROR] configure: error: "could not find runtime.h. DBusKit requires gnustep-base >=1.20."
dcap 2.47.12-2 Failed [GCC_ERROR] ./util.h:14:12: error: expected parameter declarator
dclock 2.2.2-11 Failed [GCC_ERROR/CLANG_ERROR] Imake.tmpl:2243:10: fatal error: ' X11 .rules' file not found
ddcutil 0.9.8-2 Failed [GCC_ERROR] vcp_feature_codes.c:3992:20: error: initializer overrides prior initialization of this subobject [-Werror,-Winitializer-overrides]
dde-qt-dbus-factory 5.0.1-2 Failed [QMAKE_ERROR] Project ERROR: failed to parse default search paths from compiler output
dde-qt5integration 5.0.0-1 Failed [QMAKE_ERROR] Project ERROR: failed to parse default search paths from compiler output
dds 2.9.0-7 Failed [CLANG_ERROR] error: unknown warning option '-Wnoexcept' [-Werror,-Wunknown-warning-option]
deepin-calculator 5.0.1-1 Failed [QMAKE_ERROR] Project ERROR: failed to parse default search paths from compiler output
deepin-image-viewer 5.0.0-1 Failed [QMAKE_ERROR] Project ERROR: failed to parse default search paths from compiler output
deepin-music 5.0.1+ds-1 Failed [QMAKE_ERROR] Project ERROR: failed to parse default search paths from compiler output
deepin-notifications 3.3.4-1 Failed [QMAKE_ERROR] Project ERROR: failed to parse default search paths from compiler output
deepin-picker 5.0.1-1 Failed [QMAKE_ERROR] Project ERROR: failed to parse default search paths from compiler output
deepin-qt5dxcb-plugin 5.0.1-3 Failed [QMAKE_ERROR] Project ERROR: failed to parse default search paths from compiler output
deepin-shortcut-viewer 5.0.0-1 Failed [QMAKE_ERROR] Project ERROR: failed to parse default search paths from compiler output
deepin-voice-recorder 5.0.0-1 Failed [QMAKE_ERROR] Project ERROR: failed to parse default search paths from compiler output
desmume 0.9.11-3 Failed [GCC_ERROR] gfx3d.cpp:1218:3: error: non-constant-expression cannot be narrowed from type 'int' to 'u8' (aka 'unsigned char') in initializer list [-Wc++11-narrowing]
devil 1.7.8-10 Failed [CLANG_ERROR] error: invalid argument '-std=gnu99' not allowed with 'C++'
dicom3tools 1.00~20190724083540-1 Failed [GCC_ERROR] ./Imakefile:177:3: error: invalid preprocessing directive
dietlibc 0.34~cvs20160606-12 Failed [GCC_ERROR/CLANG_ERROR] x86_64/memccpy.c:5:10: fatal error: 'emmintrin.h' file not found
diffpdf 2.1.3-1.2 Failed [QMAKE_ERROR] Project ERROR: failed to parse default search paths from compiler output
directfb 1.7.7-9 Failed [GCC_ERROR] ./String.h:126:51: error: format argument not a string type
djview4 4.11-2 Failed [CLANG_ERROR/CONFIGURE_ERROR] configure: error: Cannot successfully run Qt program qmake.
dlm 4.0.9-1 Failed [UNKNOWN] XXX
dnaclust 3-7 Failed [GCC_ERROR] ./multi_dim.hpp:62:8: error: no matching constructor for initialization of 'std::range_error'
dnprogs 2.65 Failed [GCC_ERROR] connection.cc:932:23: error: non-constant-expression cannot be narrowed from type 'int' to 'char' in initializer list [-Wc++11-narrowing]
dolphin 4:19.08.1-1 Failed [UNKNOWN] dpkg-gensymbols: error: some symbols or patterns disappeared in the symbols file: see diff output below
double-conversion 3.1.5-5 Failed [UNKNOWN] dpkg-gensymbols: error: some symbols or patterns disappeared in the symbols file: see diff output below
doxygen 1.8.16-2 Failed [GCC_ERROR/CLANG_ERROR] Compiler.h:19:10: fatal error: 'new' file not found
dpuser 4.0+dfsg-2 Failed [QMAKE_ERROR] Project ERROR: failed to parse default search paths from compiler output
drumkv1 0.9.12-1 Failed [QMAKE_ERROR] Project ERROR: failed to parse default search paths from compiler output
dsmidiwifi 2 Failed [QMAKE_ERROR] Project ERROR: failed to parse default search paths from compiler output
dsniff 2.4b1+debian-29 Failed [GCC_ERROR] ./sshmitm.c:45:21: error: redefinition of 'csin' as different kind of symbol
dspdfviewer 1.15.1-1 Failed [GCC_ERROR] moc_dspdfviewer.cpp:133:68: error: redundant parentheses surrounding declarator [-Werror,-Wredundant-parens]
dssi 1.1.1~dfsg0-4 Failed [CLANG_ERROR/CLANG_LD_ERROR] clang: error: linker command failed with exit code 1 (use -v to see invocation)
dtkcore 2.1.1-1 Failed [QMAKE_ERROR] Project ERROR: failed to parse default search paths from compiler output
dtkwidget 2.1.1-1 Failed [QMAKE_ERROR] Project ERROR: failed to parse default search paths from compiler output
dtkwm 2.0.12-1 Failed [QMAKE_ERROR] Project ERROR: failed to parse default search paths from compiler output
duo-unix 1.9.21-1.1 Failed [UNKNOWN] dpkg-shlibdeps: error: cannot continue due to the error above
dvd+rw-tools 7.1-14 Failed [GCC_ERROR] dvd+rw-mediainfo.cpp:624:27: error: invalid suffix on literal; C++11 requires a space between literal and identifier [-Wreserved-user-defined-literal]
dvi2dvi 2.0alpha-10 Failed [GCC_ERROR] dviconv.c:119:7: error: non-void function 'dviconv' should return a value [-Wreturn-type]
dvi2ps 5.1j-1.3 Failed [GCC_ERROR] virfont.c:320:2: error: non-void function 'vf_mc' should return a value [-Wreturn-type]
ebook-speaker 5.3-2 Failed [CLANG_ERROR] clang: error: unknown argument: '-faggressive-loop-optimizations'clang: error
eccodes 2.16.0-1 Failed [CLANG_ERROR/CLANG_LD_ERROR] ld: ../lib/libeccodes.so.0: undefined reference to `omp_init_nest_lock'
ecdsautils 0.3.2+git20151018-2 Failed [BUILDDEPS] DEPS
edb-debugger 1.0.0-1 Failed [CLANG_ERROR/CLANG_LD_ERROR] clang: error: linker command failed with exit code 1 (use -v to see invocation)
edenmath.app 1.1.1a-8 Failed [GCC_ERROR/CLANG_ERROR] Foundation.h:31:9: fatal error: 'objc/objc.h' file not found
edfbrowser 1.72+dfsg-1 Failed [QMAKE_ERROR] Project ERROR: failed to parse default search paths from compiler output
eegdev 0.2-4 Failed [UNKNOWN] dh_auto_test: error: make -j4 check VERBOSE=1 returned exit code 2
efibootmgr 17-1 Failed [UNKNOWN] make[3]: *** No rule to make target 'efivar.h', needed by 'efibootmgr.o'.  Stop.
efitools 1.9.2-1 Failed [UNKNOWN] XXX
einstein 2.0.dfsg.2-10 Failed [GCC_ERROR] screen.cpp:119:32: error: non-constant-expression cannot be narrowed from type 'int' to 'Uint16' (aka 'unsigned short') in initializer list [-Wc++11-narrowing]
elfutils 0.176-1.1 Failed [CONFIGURE_ERROR] configure: error: gcc with GNU99 support required
elogind 241.3-1+debian3 Failed [UNKNOWN] dh_auto_test: error: cd build && LC_ALL=C.UTF-8 MESON_TESTTHREADS=4 ninja test returned exit code 1
elpa 2016.05.001-6 Failed [CLANG_ERROR] clang: error: src/mod_precision.f90: 'compiler' input unused in cpp mode [-Werror,-Wunused-command-line-argument]
emacs 1:26.3+1-1 Failed [UNKNOWN] XXX
empire-lafe 1.1-1 Failed [GCC_ERROR] ./lafe.h:10:14: error: redefinition of 'log' as different kind of symbol
encfs 1.9.5-1 Failed [CLANG_ERROR/CLANG_LD_ERROR]     clang: error: linker command failed with exit code 1 (use -v to see invocation)
engauge-digitizer 10.10+ds.1-1 Failed [QMAKE_ERROR] Project ERROR: failed to parse default search paths from compiler output
entropybroker 2.9-3 Failed [GCC_ERROR] main.cpp:196:24: error: non-constant-expression cannot be narrowed from type 'int' to 'rlim_t' (aka 'unsigned long') in initializer list [-Wc++11-narrowing]
epcr 2.3.12-1-8 Failed [GCC_ERROR] ./fast_seqio_write.cpp:45:43: error: invalid suffix on literal; C++11 requires a space between literal and identifier [-Wreserved-user-defined-literal]
epm 4.2-8 Failed [CLANG_ERROR/CLANG_LD_ERROR] clang: error: linker command failed with exit code 1 (use -v to see invocation)
eqonomize 1.4.2-1 Failed [QMAKE_ERROR] Project ERROR: failed to parse default search paths from compiler output
equalx 0.7.1-4.1 Failed [QMAKE_ERROR] Project ERROR: failed to parse default search paths from compiler output
eris 1.3.23-7 Failed [GCC_ERROR] PollDefault.cpp:80:28: error: non-constant-expression cannot be narrowed from type 'unsigned long' to '__time_t' (aka 'long') in initializer list [-Wc++11-narrowing]
erlang-jiffy 1.0.3+dfsg-1 Failed [CLANG_ERROR/CLANG_LD_ERROR] clang: error: linker command failed with exit code 1 (use -v to see invocation)
eso-midas 19.02pl1.1-1 Failed [GCC_ERROR/LD_ERROR/CLANG_ERROR/CLANG_LD_ERROR] collect2: error: ld returned 1 exit status
espeakedit 1.48.03-7 Failed [GCC_ERROR] espeakedit.cpp:314:186: error: invalid suffix on literal; C++11 requires a space between literal and identifier [-Wreserved-user-defined-literal]
esys-particle 2.3.5+dfsg1-4 Failed [GCC_ERROR] ./SphAggGougeBlock.hpp:39:37: error: no viable conversion from '__normal_iterator<std::vector<boost::shared_ptr<esys::lsm::SphereBlockGenerator>, std::allocator<boost::shared_ptr<esys::lsm::SphereBlockGenerator> > >::const_pointer, [...]>' to '__normal_iterator<std::vector<boost::shared_ptr<esys::lsm::SphereBlockGenerator>, std::allocator<boost::shared_ptr<esys::lsm::SphereBlockGenerator> > >::pointer, [...]>'
eterm 0.9.6-6 Failed [CLANG_ERROR/CLANG_LD_ERROR] ld: ./.libs/libEterm.so: undefined reference to `posix_get_pty'
ethereal-chess 11.25+ds1-1 Failed [CLANG_ERROR/CLANG_LD_ERROR] clang: error: linker command failed with exit code 1 (use -v to see invocation)
etoile 0+20080616+dfsg-2 Failed [GCC_ERROR/CLANG_ERROR] Foundation.h:31:9: fatal error: 'objc/objc.h' file not found
eurephia 1.1.0-6 Failed [GCC_ERROR] eurephiadm.c:203:47: error: function definition is not allowed here
evolution-data-server 3.34.3-2 Failed [UNKNOWN] dpkg-gensymbols: error: some new symbols appeared in the symbols file: see diff output below
evolution-rss 0.3.95-11 Failed [GCC_ERROR] rss.c:4382:2: error: non-void function 'process_attachments' should return a value [-Wreturn-type]
evolvotron 0.7.1-3 Failed [QMAKE_ERROR] Project ERROR: failed to parse default search paths from compiler output
examl 3.0.21-3 Failed [GCC_ERROR] avxLikelihood.c:887:48: error: passing 'simde__m256d' to parameter of incompatible type 'simde__m256i'
exiv2 0.27.2-8 Failed [UNKNOWN] dpkg-gensymbols: error: some symbols or patterns disappeared in the symbols file: see diff output below
exodusii 6.02.dfsg.1-8 Failed [GCC_ERROR/LD_ERROR] collect2: error: ld returned 1 exit status
extremetuxracer 0.7.5-1 Failed [GCC_ERROR] quadtree.cpp:785:36: error: ordered comparison between pointer and zero ('TTexture *' and 'int')
extundelete 0.2.4-2 Failed [GCC_ERROR] extundelete.cc:1271:28: error: non-constant-expression cannot be narrowed from type 'int' to 'ext2_ino_t' (aka 'unsigned int') in initializer list [-Wc++11-narrowing]
fairymax 5.0b-1 Failed [GCC_ERROR] fairymax.c:477:21: error: void function 'PrintVariants' should not return a value [-Wreturn-type]
faketime 0.9.7-3 Failed [CLANG_ERROR] error: unknown warning option '-Wno-nonnull-compare'; did you mean '-Wno-enum-compare'? [-Werror,-Wunknown-warning-option]
fastd 18-3 Failed [CLANG_ERROR/CLANG_LD_ERROR] clang: error: linker command failed with exit code 1 (use -v to see invocation)
fastml 3.11-2 Failed [GCC_ERROR] computeCorrelations.cpp:1347:36: error: non-constant-expression cannot be narrowed from type 'double' to 'float' in initializer list [-Wc++11-narrowing]
faustworks 0.5~repack0-6 Failed [QMAKE_ERROR] Project ERROR: failed to parse default search paths from compiler output
fbpanel 7.0-4 Failed [UNKNOWN] XXX
fcitx-qt5 1.2.4-1 Failed [UNKNOWN] dpkg-gensymbols: error: some symbols or patterns disappeared in the symbols file: see diff output below
fcoe-utils 1.0.32+git20190507.9834b34-2 Failed [GCC_ERROR] fcping.c:218:28: error: format string is not a string literal [-Werror,-Wformat-nonliteral]
feathernotes 0.5.1-1 Failed [QMAKE_ERROR] Project ERROR: failed to parse default search paths from compiler output
featherpad 0.12.1-1 Failed [QMAKE_ERROR] Project ERROR: failed to parse default search paths from compiler output
felix-latin 2.0-11 Failed [QMAKE_ERROR] Project ERROR: failed to parse default search paths from compiler output
fet 5.42.2-2 Failed [QMAKE_ERROR] Project ERROR: failed to parse default search paths from compiler output
ffdiaporama 2.1+dfsg-1 Failed [QMAKE_ERROR] Project ERROR: failed to parse default search paths from compiler output
fflas-ffpack 2.4.3-1 Failed [CLANG_ERROR/CONFIGURE_ERROR] configure: error: The Givaro library could not be used with the compiler and the flags set up by the configure script
fftw3 3.3.8-2 Failed [CONFIGURE_ERROR] configure: error: gcc 4.6 or later required for quad precision support
fig2sxd 0.20-1 Failed [GCC_ERROR] zipwrite.cpp:91:32: error: non-constant-expression cannot be narrowed from type 'int' to 'unsigned char' in initializer list [-Wc++11-narrowing]
fim 0.5.3-2 Failed [GCC_ERROR] FbiStuffJpeg.cpp:181:36: error: use of overloaded operator '+' is ambiguous (with operand types 'fim::string' and 'const fim_char_t *' (aka 'const char *'))
firebird3.0 3.0.5.33220.ds4-1 Failed [GCC_ERROR] libtool.m4: error: problem compiling CXX test program
firetools 0.9.62-1 Failed [BUILDDEPS] DEPS
fis-gtm 6.3-007-1 Failed [GCC_ERROR] <unknown>:0: error: expression could not be evaluated
flameshot 0.6.0+git20191001-1 Failed [QMAKE_ERROR] Project ERROR: failed to parse default search paths from compiler output
flamp 2.2.05-1 Failed [GCC_ERROR] flamp.cxx:841:8: error: ordered comparison between pointer and zero ('void *' and 'int')
flang 20190329-5 Failed [UNKNOWN] XXX
flashrom 1.2-3 Failed [GCC_ERROR] libflashrom.c:191:43: error: implicit conversion from enumeration type 'const enum test_state' to different enumeration type 'enum flashrom_test_state' [-Werror,-Wenum-conversion]
flatbuffers 1.11.0+dfsg1-1.1 Failed [UNKNOWN] dpkg-gensymbols: error: some symbols or patterns disappeared in the symbols file: see diff output below
flightcrew 0.9.3+dfsg-1 Failed [CLANG_ERROR/CLANG_LD_ERROR] clang: error: linker command failed with exit code 1 (use -v to see invocation)
floatbg 1.0-28 Failed [GCC_ERROR/CLANG_ERROR] Imake.tmpl:2243:10: fatal error: ' X11 .rules' file not found
fltk1.1 1.1.10-26 Failed [GCC_ERROR] menubar.cxx:139:28: error: non-constant-expression cannot be narrowed from type 'Fl_Labeltype' to 'uchar' (aka 'unsigned char') in initializer list [-Wc++11-narrowing]
fluxbox 1.3.5-2 Failed [GCC_ERROR] fluxbox-remote.cc:77:32: error: ordered comparison between pointer and zero ('unsigned char *' and 'int')
fmit 1.2.6-0.2 Failed [QMAKE_ERROR] Project ERROR: failed to parse default search paths from compiler output
focuswriter 1.7.4-1 Failed [QMAKE_ERROR] Project ERROR: failed to parse default search paths from compiler output
fomp 1.2.0-1 Failed [UNKNOWN] XXX
fontmanager.app 0.1-2 Failed [GCC_ERROR/CLANG_ERROR] Foundation.h:31:9: fatal error: 'objc/objc.h' file not found
fortunate.app 3.1-3 Failed [GCC_ERROR/CLANG_ERROR] Foundation.h:31:9: fatal error: 'objc/objc.h' file not found
fox1.6 1.6.57-1 Failed [CLANG_ERROR/CLANG_LD_ERROR] clang: error: linker command failed with exit code 1 (use -v to see invocation)
fparserc++ 4.5.2-2 Failed [GCC_ERROR/CLANG_ERROR] mpfr/MpfrFloat.cc:3:10: fatal error: 'mpfr.h' file not found
fractalnow 0.8.2-4 Failed [UNKNOWN] XXX
frame 2.5.0-3 Failed [GCC_ERROR] x11/device_x11.cpp:126:13: error: moving a temporary object prevents copy elision [-Werror,-Wpessimizing-move]
fraqtive 0.4.8-11 Failed [QMAKE_ERROR] Project ERROR: failed to parse default search paths from compiler output
freebsd-glue 0.2.22 Failed [CLANG_ERROR] error: unknown warning option '-Werror=maybe-uninitialized'; did you mean '-Werror=uninitialized'? [-Werror,-Wunknown-warning-option]
freebsd-libs 10.3~svn296373-10 Failed [GCC_ERROR] ./libutil.h:62:9: error: unknown type name '__size_t'; did you mean '__ssize_t'?
freecdb 0.75 Failed [CLANG_ERROR/CLANG_LD_ERROR] cdbmake.c:59: undefined reference to `getch'
freecontact 1.0.21-7 Failed [CLANG_ERROR] clang: error: unsupported option '--help=optimizers'
freefem++ 3.61.1+dfsg1-5 Failed [GCC_ERROR] AFunction.cpp:43:36: error: use of undeclared identifier 'isnan'
freeipmi 1.6.4-3 Failed [UNKNOWN] XXX
fritzing 0.9.3b+dfsg-9 Failed [QMAKE_ERROR] Project ERROR: failed to parse default search paths from compiler output
frozen-bubble 2.212-9 Failed [CLANG_ERROR] clang: error: -lglib-2.0: 'linker' input unused [-Werror,-Wunused-command-line-argument]
fs-uae 3.0.2+dfsg-2 Failed [GCC_ERROR] src/blkdev.cpp:758:40: error: non-constant-expression cannot be narrowed from type 'int' to 'uae_u8' (aka 'unsigned char') in initializer list [-Wc++11-narrowing]
fstl 0.9.3-1 Failed [QMAKE_ERROR] Project ERROR: failed to parse default search paths from compiler output
ftp.app 0.6-2 Failed [GCC_ERROR/CLANG_ERROR] Foundation.h:31:9: fatal error: 'objc/objc.h' file not found
fuse-convmvfs 0.2.6-2 Failed [GCC_ERROR] convmvfs.cpp:115:32: error: invalid suffix on literal; C++11 requires a space between literal and identifier [-Wreserved-user-defined-literal]
fuzzylite 6.0+dfsg-2 Failed [GCC_ERROR] Operation.h:1044:24: error: passing an object that undergoes default argument promotion to 'va_start' has undefined behavior [-Werror,-Wvarargs]
fvwm1 1.24r-56 Failed [GCC_ERROR/CLANG_ERROR] Imake.tmpl:2243:10: fatal error: ' X11 .rules' file not found
fwbuilder 5.3.7-3 Failed [QMAKE_ERROR] Project ERROR: failed to parse default search paths from compiler output
fweb 1.62-13 Failed [GCC_ERROR] ./t_type.h:53:5: error: second parameter of 'main' (argument array) must be of type 'char **'
gabedit 2.5.0-1 Failed [CLANG_ERROR/CLANG_LD_ERROR] ./src/Spectrum/NMRSpectrum.c:725: undefined reference to `__kmpc_for_static_init_4'
game-music-emu 0.6.2-1 Failed [UNKNOWN] dpkg-gensymbols: error: some new symbols appeared in the symbols file: see diff output below
gamin 0.1.10-6 Failed [GCC_ERROR] gam_eq.c:127:3: error: non-void function 'gam_eq_flush' should return a value [-Wreturn-type]
ganv 1.4.2~dfsg0-3 Failed [WAF_ERROR] could not configure a C compiler!
gargoyle-free 2011.1b-1 Failed [CLANG_ERROR] error: invalid argument '-std=gnu++98' not allowed with 'C'
gatb-core 1.4.1+git20191209.9398f28+dfsg-3 Failed [UNKNOWN] dpkg-gensymbols: error: some symbols or patterns disappeared in the symbols file: see diff output below
gbatnav 1.0.4cvs20051004-5.1 Failed [GCC_ERROR] play.c:511:3: error: non-void function 'lookup_funcion' should return a value [-Wreturn-type]
gbsplay 0.0.93-3 Failed [UNKNOWN] XXX
gcc-10-cross-ports 3 Failed [GCC_ERROR/LD_ERROR] conftest.c:72: undefined reference to `getexecname'
gcc-10-cross 4 Failed [GCC_ERROR/LD_ERROR] conftest.c:(.text.startup+0x7): undefined reference to `getexecname'
gcc-3.3 1:3.3.6ds1-30 Failed [UNKNOWN] XXX
gcc-8-cross-ports 26 Failed [CONFIGURE_ERROR] configure: error: C++ preprocessor "/lib/cpp" fails sanity check
gcc-9-cross-ports 16 Failed [GCC_ERROR/LD_ERROR] conftest.c:72: undefined reference to `getexecname'
gcc-9-cross 19 Failed [GCC_ERROR/LD_ERROR] conftest.c:72: undefined reference to `getexecname'
gcc-avr 1:5.4.0+Atmel3.6.1-2 Failed [UNKNOWN] XXX
gcc-h8300-hms 1:3.4.6+dfsg2-4.1 Failed [UNKNOWN] XXX
gcc-m68hc1x 1:3.3.6+3.1+dfsg-3.1 Failed [UNKNOWN] cp: cannot create regular file '/usr/m68hc11/sys-include/_inst.19761_': No such file or directory
gcc-python-plugin 0.17-5 Failed [GCC_ERROR] ./gcc-semiprivate-types.h:280:19: error: field has incomplete type 'gimple_stmt_ptr' (aka 'gimple')
gcc-riscv64-unknown-elf 8.3.0.2019.08+dfsg-1 Failed [UNKNOWN] XXX
gcin 2.8.8+dfsg1-1 Failed [GCC_ERROR/CLANG_ERROR] ./gcin-imcontext-qt.h:1:10: fatal error: 'QApplication' file not found
gdb-mingw-w64 10.9 Failed [UNKNOWN] XXX
gdbm 1.18.1-5 Failed [CLANG_ERROR/CONFIGURE_ERROR] configure: error: in `/<<PKGBUILDDIR>>/diet-build'
gdis 0.90-5 Failed [GCC_ERROR] :61:1: error: void function 'grid_application_set' should not return a value [-Wreturn-type]
gecode 6.2.0-3 Failed [GCC_ERROR/CLANG_ERROR/QMAKE_ERROR] Project ERROR: failed to parse default search paths from compiler output
geeqie 1:1.5.1-8 Failed [GCC_ERROR] layout_image.c:398:25: error: using the result of an assignment as a condition without parentheses [-Werror,-Wparentheses]
geki2 2.0.3-10 Failed [GCC_ERROR] ranking.c:18:5: error: non-void function 'ScoreRanking' should return a value [-Wreturn-type]
geki3 1.0.3-8.1 Failed [GCC_ERROR] ranking.c:18:5: error: non-void function 'ScoreRanking' should return a value [-Wreturn-type]
gem 1:0.94-1 Failed [GCC_ERROR] <command line>:4:32: error: invalid suffix on literal; C++11 requires a space between literal and identifier [-Wreserved-user-defined-literal]
generator-scripting-language 4.1.5-3 Failed [UNKNOWN] XXX
genometester 4.0+git20180508.a9c14a6+dfsg-1 Failed [CLANG_ERROR] clang: error: cannot specify -o when generating multiple output files
genomethreader 1.7.3+dfsg-5 Failed [CLANG_ERROR] error: unknown warning option '-Werror=misleading-indentation'; did you mean '-Werror=binding-in-condition'? [-Werror,-Wunknown-warning-option]
geoip 1.6.12-6 Failed [GCC_ERROR] debian/src/geoip-csv-to-dat.cpp:658:4: error: non-constant-expression cannot be narrowed from type 'unsigned long' to 'uint8_t' (aka 'unsigned char') in initializer list [-Wc++11-narrowing]
geotranz 3.7-1.1 Failed [GCC_ERROR] ../../GEOTRANS3/java_gui/geotrans3/jni/JNICCSObjectTranslator.h:14:7: error: forward declaration of class cannot have a nested name specifier
gerbera 1.1.0+dfsg-3 Failed [GCC_ERROR/CLANG_ERROR/CLANG_LD_ERROR] ./obj-x86_64-linux-gnu/CMakeFiles/CMakeTmp/./obj-x86_64-linux-gnu/CMakeFiles/CMakeTmp/src.c:11: undefined reference to `pthread_create'
gfan 0.6.2-2 Failed [CLANG_ERROR] clang: error: unknown argument: '-fno-guess-branch-probability'
gforth 0.7.3+dfsg-9 Failed [UNKNOWN] XXX
gfpoken 1-2 Failed [GCC_ERROR] main.c:681:3: error: non-void function 'leveldraw_drag_end' should return a value [-Wreturn-type]
ghemical 3.0.0-5 Failed [GCC_ERROR] filetrans.cpp:357:5: error: non-constant-expression cannot be narrowed from type 'double' to 'fGL' (aka 'float') in initializer list [-Wc++11-narrowing]
giac 1.5.0.85+dfsg1-3 Failed [GCC_ERROR] Graph.cc:550:24: error: non-constant-expression cannot be narrowed from type 'double' to 'GLfloat' (aka 'float') in initializer list [-Wc++11-narrowing]
gkrellmitime 1.0.1-6 Failed [CLANG_ERROR/CLANG_LD_ERROR] clang: error: linker command failed with exit code 1 (use -v to see invocation)
glib2.0 2.62.4-2 Failed [UNKNOWN]       result = 0, error = Error removing file /<<PKGBUILDDIR>>/debian/build/deb/testdir_live-g-file/dir_no-execute/file: No such file or directory
glimpse 4.18.7-5 Failed [GCC_ERROR] misc.c:294:2: error: non-void function 'uninitialize_common' should return a value [-Wreturn-type]
glogg 1.1.4-1.1 Failed [QMAKE_ERROR] Project ERROR: failed to parse default search paths from compiler output
gmerlin 1.2.0~dfsg+1-6.1 Failed [CLANG_ERROR/CLANG_LD_ERROR] clang: error: linker command failed with exit code 1 (use -v to see invocation)
gmetadom 0.2.6-7 Failed [GCC_ERROR] ./../include/GdomeSmartDOMTraits.hh:102:25: error: non-constant-expression cannot be narrowed from type 'std::char_traits<unsigned short>::int_type' (aka 'unsigned long') to 'std::char_traits<unsigned short>::char_type' (aka 'unsigned short') in initializer list [-Wc++11-narrowing]
gmic 2.4.5-1.1 Failed [QMAKE_ERROR] Project ERROR: failed to parse default search paths from compiler output
gmsh 4.4.1+ds1-2 Failed [GCC_ERROR] MeshOpt.cpp:142:34: error: format string is not a string literal (potentially insecure) [-Werror,-Wformat-security]
gnome-builder 3.35.91-1 Failed [GCC_ERROR/CLANG_ERROR] ../src/libide/lsp/ide-lsp-client.c:36:10: fatal error: 'ide-lsp-enums.h' file not found
gnome-screensaver 3.6.1-11 Failed [GCC_ERROR] gs-listener-dbus.c:362:39: error: format string is not a string literal [-Werror,-Wformat-nonliteral]
gnome-shell-pomodoro 0.16.0-1 Failed [GCC_ERROR] gnome-shell-extension.c:843:2: error: non-void function 'gnome_plugin_gnome_shell_extension_get_info' should return a value [-Wreturn-type]
gnubiff 2.2.17-2 Failed [GCC_ERROR] gnubiff_options.cc:202:19: error: invalid suffix on literal; C++11 requires a space between literal and identifier [-Wreserved-user-defined-literal]
gnumail 1.3.0-1 Failed [GCC_ERROR/CLANG_ERROR] Foundation.h:31:9: fatal error: 'objc/objc.h' file not found
gnustep-back 0.27.0-2 Failed [GCC_ERROR/CLANG_ERROR] GSObjCRuntime.h:58:11: fatal error: 'objc/objc.h' file not found
gnustep-base 1.26.0-6 Failed [CLANG_ERROR/CONFIGURE_ERROR] configure: error: Could not find Objective-C headers
gnustep-dl2 0.12.0-15.1 Failed [GCC_ERROR/CLANG_ERROR] GSObjCRuntime.h:58:11: fatal error: 'objc/objc.h' file not found
gnustep-examples 1:1.4.0-3 Failed [GCC_ERROR/CLANG_ERROR] Foundation.h:31:9: fatal error: 'objc/objc.h' file not found
gnustep-gui 0.27.0-5 Failed [GCC_ERROR/CLANG_ERROR] GSObjCRuntime.h:58:11: fatal error: 'objc/objc.h' file not found
gnustep-netclasses 1.06.dfsg-7 Failed [GCC_ERROR/CLANG_ERROR] GSObjCRuntime.h:58:11: fatal error: 'objc/objc.h' file not found
gnustep-performance 0.5.0-1 Failed [GCC_ERROR/CLANG_ERROR] GSObjCRuntime.h:58:11: fatal error: 'objc/objc.h' file not found
gnustep-sqlclient 1.8.1-3 Failed [GCC_ERROR/CLANG_ERROR] GSObjCRuntime.h:58:11: fatal error: 'objc/objc.h' file not found
gogglesmm 0.12.7-3 Failed [GCC_ERROR] src/GMAbout.cpp:92:31: error: invalid suffix on literal; C++11 requires a space between literal and identifier [-Wreserved-user-defined-literal]
gomoku.app 1.2.9-4 Failed [GCC_ERROR/CLANG_ERROR] Foundation.h:31:9: fatal error: 'objc/objc.h' file not found
google-perftools 2.7-1 Failed [UNKNOWN] XXX
gpg-remailer 3.04.05-1 Failed [GCC_ERROR] mail/../cleartextmail/../mailer/send.f:11:17: error: cannot cast 'Mailer<GPGMail>' to its private base class 'MailerBase'
gprolog 1.4.5.0-3 Failed [CLANG_ERROR] clang: error: unknown argument '-ffixed-r12', did you mean '-ffixed-r19'?
gpsbabel 1.6.0+ds-10 Failed [QMAKE_ERROR] Project ERROR: failed to parse default search paths from compiler output
gr-iqbal 0.38-4 Failed [GCC_ERROR] cxvec.h:45:15: error: expected ';' at end of declaration list
gr-radar 0.0.0.20180308-4 Failed [GCC_ERROR] (./refman.out) (./refman.out)/<<PKGBUILDDIR>>/lib/signal_generator_cw_c_impl.cc:89:29: error: implicit conversion from '_Complex double' to 'float' is not permitted in C++
grabix 0.1.7-2 Failed [CLANG_ERROR/CLANG_LD_ERROR] clang: error: linker command failed with exit code 1 (use -v to see invocation)
grail 3.1.1-2 Failed [GCC_ERROR] handle.cpp:65:5: error: moving a temporary object prevents copy elision [-Werror,-Wpessimizing-move]
graphviz 2.42.2-3 Failed [UNKNOWN] dh_install: error: missing files, aborting
grass 7.8.2-1 Failed [GCC_ERROR/CLANG_ERROR/CLANG_LD_ERROR] ld: /<<PKGBUILDDIR>>/dist.x86_64-pc-linux-gnu/lib/libgrass_gpde.7.8.so: undefined reference to `__kmpc_for_static_fini'
grfcodec 6.0.6-4 Failed [GCC_ERROR] src/command.cpp:306:8: error: case value evaluates to -1, which cannot be narrowed to type 'uint' (aka 'unsigned int') [-Wc++11-narrowing]
gridlock.app 1.10-5 Failed [GCC_ERROR/CLANG_ERROR] Foundation.h:31:9: fatal error: 'objc/objc.h' file not found
grml2usb 0.17.0 Failed [GCC_ERROR] mbr.S:38:16: error: cannot use more than one symbol in memory operand
gromacs 2020-2 Failed [UNKNOWN] XXX
growl-for-linux 0.8.5-5 Failed [GCC_ERROR] balloon.c:160:72: error: function definition is not allowed here
grpc 1.16.1-1 Failed [CLANG_ERROR/PYTHON_TRACEBACK] error: invalid argument '-std=gnu99' not allowed with 'C++'
grr.app 1.0-1 Failed [GCC_ERROR/CLANG_ERROR] Foundation.h:31:9: fatal error: 'objc/objc.h' file not found
grub2 2.04-5 Failed [CLANG_ERROR/CONFIGURE_ERROR] configure: error: could not force soft-float
grub 0.97-75 Failed [CLANG_ERROR/CONFIGURE_ERROR] configure: error: GRUB requires GAS .code16 addr32 support; upgrade your binutils
gsequencer 3.1.3-1 Failed [GCC_ERROR] ags/X/editor/ags_automation_meta.c:823:16: error: variable 'start_channel' is used uninitialized whenever 'if' condition is false [-Werror,-Wsometimes-uninitialized]
gsettings-qt 0.2-1 Failed [QMAKE_ERROR] Project ERROR: failed to parse default search paths from compiler output
gst-plugins-espeak 0.5.0-1 Failed [GCC_ERROR] espeak.c:211:59: error: function definition is not allowed here
gtamsanalyzer.app 0.42-7 Failed [GCC_ERROR/CLANG_ERROR] Foundation.h:31:9: fatal error: 'objc/objc.h' file not found
gtimer 2.0.0-1.2 Failed [GCC_ERROR] custom-list.c:613:3: error: non-void function 'custom_list_append_record' should return a value [-Wreturn-type]
gtk-sharp2 2.12.40-2 Failed [BUILDDEPS] E: apt-cache returned no information about gtk-sharp2 source
gtkguitune 0.8-6 Failed [GCC_ERROR] lcdview.cc:26:31: error: addition of default argument on redeclaration makes this constructor a default constructor
gtkmathview 0.8.0-15 Failed [GCC_ERROR] GdomeSmartDOMTraits.hh:102:25: error: non-constant-expression cannot be narrowed from type 'std::char_traits<unsigned short>::int_type' (aka 'unsigned long') to 'std::char_traits<unsigned short>::char_type' (aka 'unsigned short') in initializer list [-Wc++11-narrowing]
gtksourceview4 4.4.0-1 Failed [UNKNOWN] dh_auto_test: error: cd obj-x86_64-linux-gnu && LC_ALL=C.UTF-8 MESON_TESTTHREADS=4 ninja test returned exit code 1
guidedog 1.3.0-1 Failed [QMAKE_ERROR] Project ERROR: failed to parse default search paths from compiler output
guitarix 0.39.0+dfsg1-1 Failed [UNKNOWN] XXX
guymager 0.8.8-3 Failed [QMAKE_ERROR] Project ERROR: failed to parse default search paths from compiler output
gvidm 0.8-13 Failed [GCC_ERROR] gvid.cc:99:17: error: invalid suffix on literal; C++11 requires a space between literal and identifier [-Wreserved-user-defined-literal]
gwama 2.2.2+dfsg-2 Failed [GCC_ERROR] gammaf.cpp:65:8: error: 'gamma' is missing exception specification 'throw()'
gworkspace 0.9.4-2 Failed [GCC_ERROR/CLANG_ERROR] Foundation.h:31:9: fatal error: 'objc/objc.h' file not found
hadori 1.0-1 Failed [CLANG_ERROR] clang: error: unknown argument: '-ffile-prefix-map=/<<PKGBUILDDIR>>=.'
haskell-alsa-mixer 0.3.0-1 Failed [UNKNOWN] XXX
haskell-dbus 1.2.7-1 Failed [UNKNOWN] XXX
haskell-ncurses 0.2.16-3 Failed [UNKNOWN] XXX
haskell-thyme 0.3.5.5-4 Failed [UNKNOWN] XXX
healpix-cxx 3.60.0-2 Failed [UNKNOWN] dh_auto_test: error: make -j4 check VERBOSE=1 returned exit code 2
healpy 1.13.0-1 Failed [UNKNOWN] dh_auto_test: error: pybuild --test --test-pytest -i python{version} -p "3.8 3.7" returned exit code 13
helpviewer.app 0.3-8 Failed [CLANG_ERROR] clang: error: invalid value 'ISO-8859-1' in '-finput-charset=ISO-8859-1'
herculesstudio 1.5.0-2 Failed [QMAKE_ERROR] Project ERROR: failed to parse default search paths from compiler output
hex-a-hop 1.1.0+git20140926-1 Failed [GCC_ERROR] hex_puzzzle.cpp:351:17: error: non-constant-expression cannot be narrowed from type 'int' to 'Sint16' (aka 'short') in initializer list [-Wc++11-narrowing]
hexalate 1.1.5-1 Failed [QMAKE_ERROR] Project ERROR: failed to parse default search paths from compiler output
hisat2 2.1.0-4 Failed [GCC_ERROR] aligner_result.cpp:1267:10: error: ordered comparison between pointer and zero ('const char *' and 'int')
hnb 1.9.18+ds1-2 Failed [GCC_ERROR] prefs.c:92:2: error: embedding a #include directive within macro arguments is not supported
ho22bus 0.9.1-2 Failed [GCC_ERROR] rwconfig.cpp:76:20: error: invalid suffix on literal; C++11 requires a space between literal and identifier [-Wreserved-user-defined-literal]
holotz-castle 1.3.14-9 Failed [GCC_ERROR] JLib/Util/JTextFile.cpp:148:11: error: ordered comparison between pointer and zero ('s8 *' (aka 'char *') and 'int')
horgand 1.14-7 Failed [GCC_ERROR] HORGAN.cxx:127:45: error: invalid suffix on literal; C++11 requires a space between literal and identifier [-Wreserved-user-defined-literal]
hpsockd 0.17 Failed [GCC_ERROR] v5.c:162:3: error: non-void function 'v5Request' should return a value [-Wreturn-type]
ht 2.1.0+repack1-3 Failed [GCC_ERROR] ../htinfo.h:30:39: error: invalid suffix on literal; C++11 requires a space between literal and identifier [-Wreserved-user-defined-literal]
htmlcxx 0.86-1.3 Failed [UNKNOWN] dpkg-gensymbols: error: some symbols or patterns disappeared in the symbols file: see diff output below
htslib 1.10.2-3 Failed [CLANG_ERROR/CONFIGURE_ERROR] configure: error: in `/<<PKGBUILDDIR>>'
httraqt 1.4.9-1 Failed [GCC_ERROR] htsglobal.h:211:80: error: invalid suffix on literal; C++11 requires a space between literal and identifier [-Wreserved-user-defined-literal]
hugs98 98.200609.21-5.4 Failed [UNKNOWN] tools/make_bootlib: 68: -D__HUGS__: not found
hyphy 2.5.1+dfsg-3 Failed [GCC_ERROR] string_file_wrapper.cpp:51:27: error: format string is not a string literal (potentially insecure) [-Werror,-Wformat-security]
i2pd 2.29.0-1 Failed [UNKNOWN] dh_auto_test: error: make -j4 test returned exit code 2
iannix 0.9.20~dfsg0-2 Failed [QMAKE_ERROR] Project ERROR: failed to parse default search paths from compiler output
ibutils 1.5.7+0.2.gbd7e502-2 Failed [GCC_ERROR] ibissh_wrap.cpp:644:77: error: invalid suffix on literal; C++11 requires a space between literal and identifier [-Wreserved-user-defined-literal]
ifhp 3.5.20-16 Failed [GCC_ERROR] ifhp.c:1061:43: error: unused parameter 'infovar' [-Werror,-Wunused-parameter]
ignition-common 1.1.1-1 Failed [UNKNOWN] dh_auto_test: error: cd obj-x86_64-linux-gnu && make -j1 test ARGS\+=-j1 returned exit code 2
igor 1.3.0+dfsg-1 Failed [GCC_ERROR] Deletion.cpp:909:60: error: use of overloaded operator '+' is ambiguous (with operand types 'const char [30]' and 'Seq_side')
igraph 0.7.1-4 Failed [UNKNOWN] dh_auto_test: error: make -j4 check VERBOSE=1 returned exit code 2
imview 1.1.9h-1 Failed [GCC_ERROR] transferRGBBox.cxx:131:13: error: ordered comparison between pointer and zero ('double *' and 'int')
imvirt 0.9.6-5 Failed [GCC_ERROR] vmware.c:65:5: error: invalid operand for instruction
infinipath-psm 3.3+20.604758e7-6 Failed [GCC_ERROR] ptl.c:539:1: error: unused function 'ips_lock_shared_context' [-Werror,-Wunused-function]
injeqt 1.1.0-1.1 Failed [GCC_ERROR] provider-by-default-constructor.h:80:16: error: 'required_types' overrides a member function but is not marked 'override' [-Werror,-Winconsistent-missing-override]
intel-ipsec-mb 0.53-1 Failed [GCC_ERROR] ./include/snow3g_common.h:646:13: error: always_inline function '_mm_shuffle_epi8' requires target feature 'ssse3', but would be inlined into function 'snow3gStateInitialize_4' that is compiled without support for 'ssse3'
intel-mediasdk 19.4.0-1 Failed [GCC_ERROR] mfx_dispatch_test_main.cpp:48:12: error: redefinition of 'fgets'
inventor 2.1.5-10-21 Failed [GCC_ERROR] ppp.c++:630:1: error: C++ requires a type specifier for all declarations
iotjs 1.0-1 Failed [CLANG_ERROR/CLANG_LD_ERROR] clang: error: linker command failed with exit code 1 (use -v to see invocation)
ipmctl 02.00.00.3709+ds-1 Failed [GCC_ERROR] lnx_adapter_passthrough.c:192:5: fatal error: fields must have a constant size: 'variable length array in structure' extension will never be supported
irony-mode 1.4.0-1 Failed [UNKNOWN] dh_auto_configure: error: cd obj-x86_64-linux-gnu && cmake -DCMAKE_INSTALL_PREFIX=/usr -DCMAKE_BUILD_TYPE=None -DCMAKE_INSTALL_SYSCONFDIR=/etc -DCMAKE_INSTALL_LOCALSTATEDIR=/var -DCMAKE_EXPORT_NO_PACKAGE_REGISTRY=ON -DCMAKE_FIND_PACKAGE_NO_PACKAGE_REGISTRY=ON -DCMAKE_INSTALL_RUNSTATEDIR=/run "-GUnix Makefiles" -DCMAKE_VERBOSE_MAKEFILE=ON -DCMAKE_INSTALL_LIBDIR=lib/x86_64-linux-gnu ../server returned exit code 1
irssi-plugin-robustirc 0.6-4 Failed [GCC_ERROR] robustsession-network.c:268:9: error: non-void function 'robustsession_network_server' should return a value [-Wreturn-type]
irstlm 6.00.05-2 Failed [CLANG_ERROR] error: invalid argument '-std=c++0x' not allowed with 'C'
itksnap 3.6.0-5 Failed [GCC_ERROR] SliceWindowInteractionDelegateWidget.cxx:126:30: error: non-constant-expression cannot be narrowed from type 'unsigned int' to 'GLint' (aka 'int') in initializer list [-Wc++11-narrowing]
ivtools 1.2.11a2-4 Failed [UNKNOWN] XXX
jackd2 1.9.12~dfsg-2 Failed [UNKNOWN] /bin/sh: 1: /usr/bin/licensecheck: not found
jackeq 0.5.9-3 Failed [GCC_ERROR] main.c:251:6: error: conflicting types for 'getSettings'
jacktrip 1.1~repack-7 Failed [QMAKE_ERROR] Project ERROR: failed to parse default search paths from compiler output
jalv 1.6.4-1 Failed [UNKNOWN] XXX
jemalloc 5.2.1-1 Failed [UNKNOWN] dpkg-gensymbols: error: some symbols or patterns disappeared in the symbols file: see diff output below
jerry 3.2.0-1 Failed [QMAKE_ERROR] Project ERROR: failed to parse default search paths from compiler output
js8call 2.1.1+ds-1 Failed [GCC_ERROR] f95: error: unrecognized command line option -fopenmp=libomp; did you mean -fopenmp-simd?
json-c 0.13.1+dfsg-7 Failed [GCC_ERROR] test_parse.c:256:14: error: adding 'int' to a string does not append to the string [-Werror,-Wstring-plus-int]
jthread 1.3.1-3 Failed [UNKNOWN] dpkg-gensymbols: error: some symbols or patterns disappeared in the symbols file: see diff output below
julia 1.3.1+dfsg-1 Failed [GCC_ERROR/CLANG_ERROR] jltypes.c:1733:39: error: initializer element is not a compile-time constant
k2pdfopt 2.51+ds-1 Failed [GCC_ERROR] ocrtess.c:70:6: error: conflicting types for 'ocrtess_lang_default'
kaccounts-integration 4:17.08.3-1 Failed [UNKNOWN] dpkg-gensymbols: error: some symbols or patterns disappeared in the symbols file: see diff output below
kannel-sqlbox 0.7.2-5 Failed [GCC_ERROR] sqlbox_mssql.c:109:9: error: non-void function 'mssql_fetch_msg' should return a value [-Wreturn-type]
karchive 5.62.0-1 Failed [UNKNOWN] dpkg-gensymbols: error: some symbols or patterns disappeared in the symbols file: see diff output below
katarakt 0.2-2 Failed [QMAKE_ERROR] Project ERROR: failed to parse default search paths from compiler output
kawari8 8.2.8-9 Failed [GCC_ERROR] shiori/kawari_shiori.cpp:147:35: error: invalid suffix on literal; C++11 requires a space between literal and identifier [-Wreserved-user-defined-literal]
kcheckers 0.8.1-4 Failed [QMAKE_ERROR] Project ERROR: failed to parse default search paths from compiler output
kchmviewer 7.7-1 Failed [QMAKE_ERROR] Project ERROR: failed to parse default search paths from compiler output
kcm-fcitx 0.5.5-2 Failed [GCC_ERROR] skinpage.cpp:134:10: error: case value evaluates to 2401319027, which cannot be narrowed to type 'int' [-Wc++11-narrowing]
kcmutils 5.62.0-1 Failed [UNKNOWN] dpkg-gensymbols: error: some symbols or patterns disappeared in the symbols file: see diff output below
kcodecs 5.62.0-1 Failed [UNKNOWN] dpkg-gensymbols: error: some symbols or patterns disappeared in the symbols file: see diff output below
kcompletion 5.62.0-1 Failed [UNKNOWN] dpkg-gensymbols: error: some symbols or patterns disappeared in the symbols file: see diff output below
kconfig 5.62.0-1 Failed [UNKNOWN] dpkg-gensymbols: error: some symbols or patterns disappeared in the symbols file: see diff output below
kconfigwidgets 5.62.0-1 Failed [UNKNOWN] dpkg-gensymbols: error: some symbols or patterns disappeared in the symbols file: see diff output below
kdb 3.2.0-4 Failed [UNKNOWN] dpkg-gensymbols: error: some symbols or patterns disappeared in the symbols file: see diff output below
kdc2tiff 0.35-10 Failed [GCC_ERROR] kdc2tiff.cpp:308:1: error: C++ requires a type specifier for all declarations
kdelibs4support 5.62.0-2 Failed [UNKNOWN] dpkg-gensymbols: error: some symbols or patterns disappeared in the symbols file: see diff output below
kdesdk-kioslaves 4:17.08.3-2 Failed [BUILDDEPS] E: apt-cache returned no information about kdesdk-kioslaves source
kdiagram 2.6.1-1 Failed [UNKNOWN] dpkg-gensymbols: error: some symbols or patterns disappeared in the symbols file: see diff output below
kemoticons 5.62.0-1 Failed [UNKNOWN] dpkg-gensymbols: error: some symbols or patterns disappeared in the symbols file: see diff output below
kexec-tools 1:2.0.20-1 Failed [GCC_ERROR] purgatory/arch/i386/entry32-16.S:23:2: error: unknown directive
kfilemetadata-kf5 5.62.0-1 Failed [UNKNOWN] dpkg-gensymbols: error: some symbols or patterns disappeared in the symbols file: see diff output below
khtml 5.62.0-1 Failed [UNKNOWN] dpkg-gensymbols: error: some symbols or patterns disappeared in the symbols file: see diff output below
kiconthemes 5.62.0-1 Failed [UNKNOWN] dpkg-gensymbols: error: some symbols or patterns disappeared in the symbols file: see diff output below
kidletime 5.62.0-1 Failed [UNKNOWN] dpkg-gensymbols: error: some symbols or patterns disappeared in the symbols file: see diff output below
kino 1.3.4+dfsg0-1 Failed [GCC_ERROR] page_capture.cc:1649:12: error: non-constant-expression cannot be narrowed from type 'unsigned long' to '__syscall_slong_t' (aka 'long') in initializer list [-Wc++11-narrowing]
kinput2 3.1-13 Failed [GCC_ERROR/CLANG_ERROR] Imake.tmpl:2243:10: fatal error: ' X11 .rules' file not found
kismet 2016.07.R1-1 Failed [GCC_ERROR/CLANG_ERROR] nl80211_control.cc:30:10: fatal error: 'netlink/genl/genl.h' file not found
kitemviews 5.62.0-1 Failed [UNKNOWN] dpkg-gensymbols: error: some symbols or patterns disappeared in the symbols file: see diff output below
kiten 4:17.08.3-1 Failed [UNKNOWN] dpkg-gensymbols: error: some symbols or patterns disappeared in the symbols file: see diff output below
kitty 0.15.0-1 Failed [CLANG_ERROR/CLANG_LD_ERROR] clang: error: linker command failed with exit code 1 (use -v to see invocation)
kjobwidgets 5.62.0-1 Failed [UNKNOWN] dpkg-gensymbols: error: some symbols or patterns disappeared in the symbols file: see diff output below
kjs 5.62.0-1 Failed [UNKNOWN] dpkg-gensymbols: error: some symbols or patterns disappeared in the symbols file: see diff output below
kjsembed 5.62.0-1 Failed [UNKNOWN] dpkg-gensymbols: error: some symbols or patterns disappeared in the symbols file: see diff output below
klayout 0.26.2-1 Failed [QMAKE_ERROR] Project ERROR: failed to parse default search paths from compiler output
klog 0.9.8.1-1.1 Failed [QMAKE_ERROR] Project ERROR: failed to parse default search paths from compiler output
klystrack 0.20171212-4 Failed [GCC_ERROR/CLANG_ERROR] src/action.c:33:10: fatal error: 'version.h' file not found
kmediaplayer 5.62.0-1 Failed [UNKNOWN] dpkg-gensymbols: error: some symbols or patterns disappeared in the symbols file: see diff output below
kmer 0~20150903+r2013-6 Failed [GCC_ERROR] util.h:55:29: error: invalid suffix on literal; C++11 requires a space between literal and identifier [-Wreserved-user-defined-literal]
kmplayer 1:0.12.0b-3 Failed [GCC_ERROR] viewarea.cpp:2538:57: error: non-constant-expression cannot be narrowed from type 'long' to 'uint32_t' (aka 'unsigned int') in initializer list [-Wc++11-narrowing]
knews 1.0b.1-32 Failed [GCC_ERROR/CLANG_ERROR] Imake.tmpl:2243:10: fatal error: ' X11 .rules' file not found
knewstuff 5.62.0-1 Failed [UNKNOWN] dpkg-gensymbols: error: some symbols or patterns disappeared in the symbols file: see diff output below
knotifications 5.62.0-1 Failed [UNKNOWN] dpkg-gensymbols: error: some symbols or patterns disappeared in the symbols file: see diff output below
knowthelist 2.3.1-1 Failed [QMAKE_ERROR] Project ERROR: failed to parse default search paths from compiler output
konclude 0.6.2+939~dfsg-1 Failed [QMAKE_ERROR] Project ERROR: failed to parse default search paths from compiler output
kopanocore 8.7.0-6 Failed [GCC_ERROR/CLANG_ERROR/CLANG_LD_ERROR] ./debian/build/conftest.cpp:64: undefined reference to `getpeereid'
koules 1.4-26 Failed [GCC_ERROR/CLANG_ERROR] Imake.tmpl:2243:10: fatal error: ' X11 .rules' file not found
kproperty 3.2.0-1 Failed [UNKNOWN] dpkg-gensymbols: error: some symbols or patterns disappeared in the symbols file: see diff output below
kraft 0.90-2 Failed [GCC_ERROR] datemodel.cpp:350:17: error: out-of-line declaration of a member must be a definition [-Wout-of-line-declaration]
kraptor 0.0.20040403+ds-2 Failed [GCC_ERROR] src/game.c:416:3: error: function definition is not allowed here
kreport 3.2.0-1 Failed [UNKNOWN] dpkg-gensymbols: error: some symbols or patterns disappeared in the symbols file: see diff output below
kross 5.62.0-1 Failed [UNKNOWN] dpkg-gensymbols: error: some symbols or patterns disappeared in the symbols file: see diff output below
kservice 5.62.0-1 Failed [UNKNOWN] dpkg-gensymbols: error: some symbols or patterns disappeared in the symbols file: see diff output below
kst 2.0.8-3 Failed [CLANG_ERROR] clang: error: no such file or directory: '/Yc/<<PKGBUILDDIR>>/obj-x86_64-linux-gnu/src/libkst/kstcore_pch.h'
ksyntax-highlighting 5.62.0-3 Failed [UNKNOWN] dpkg-gensymbols: error: some symbols or patterns disappeared in the symbols file: see diff output below
ktexteditor 5.62.0-1 Failed [UNKNOWN] dpkg-gensymbols: error: some symbols or patterns disappeared in the symbols file: see diff output below
ktikz 0.12+ds1-3 Failed [QMAKE_ERROR] Project ERROR: failed to parse default search paths from compiler output
kwallet-kf5 5.62.0-1 Failed [UNKNOWN] dpkg-gensymbols: error: some symbols or patterns disappeared in the symbols file: see diff output below
kwayland 4:5.62.0-2 Failed [UNKNOWN] dpkg-gensymbols: error: some symbols or patterns disappeared in the symbols file: see diff output below
kwidgetsaddons 5.62.0-1 Failed [UNKNOWN] dpkg-gensymbols: error: some symbols or patterns disappeared in the symbols file: see diff output below
kwin 4:5.17.5-2 Failed [UNKNOWN] dpkg-gensymbols: error: some symbols or patterns disappeared in the symbols file: see diff output below
kylin-burner 3.0.7-1 Failed [GCC_ERROR] burner-misc.c:116:11: error: format string is not a string literal [-Werror,-Wformat-nonliteral]
kylin-nm 1.0.3-1 Failed [QMAKE_ERROR] Project ERROR: failed to parse default search paths from compiler output
kylin-video 2.0.1-1 Failed [QMAKE_ERROR] Project ERROR: failed to parse default search paths from compiler output
kyotocabinet 1.2.76-4.2 Failed [GCC_ERROR] kcthread.cc:671:50: error: cannot initialize a parameter of type 'void *' with an rvalue of type 'int'
ladspa-sdk 1.15-2 Failed [CLANG_ERROR/CLANG_LD_ERROR] clang: error: linker command failed with exit code 1 (use -v to see invocation)
lagan 2.0-5 Failed [CLANG_ERROR/CLANG_LD_ERROR] ./src/multial.c:829: undefined reference to `scoreOpp'
lam 7.1.4-6 Failed [CONFIGURE_ERROR] configure: error: *** Cannot continue.
langford 0.0.20130228-6 Failed [CLANG_ERROR] clang: error: cannot specify -o when generating multiple output files
lastpass-cli 1.3.3-3 Failed [CLANG_ERROR] clang: error: unknown argument: '-fno-aggressive-loop-optimizations'
latd 1.35 Failed [GCC_ERROR] llogin.cc:231:25: error: non-constant-expression cannot be narrowed from type 'int' to 'char' in initializer list [-Wc++11-narrowing]
latencytop 0.5 Failed [GCC_ERROR] fsync.c:66:4: error: non-void function 'chain_file' should return a value [-Wreturn-type]
ldapvi 1.7-10 Failed [GCC_ERROR] ldapvi.c:1468:30: error: non-void function 'copy_sasl_output' should return a value [-Wreturn-type]
ldb 2:2.0.8-1 Failed [PYTHON_TRACEBACK] TypeError: unsupported operand type(s) for +: 'NoneType' and 'list'
le 1.16.5-0.1 Failed [CLANG_ERROR/CLANG_LD_ERROR] ./src/bm.cc:53: undefined reference to `operator delete(void*)'
leela-zero 0.17-1 Failed [CLANG_ERROR/CLANG_LD_ERROR] clang: error: linker command failed with exit code 1 (use -v to see invocation)
lensfun 0.3.2-5 Failed [GCC_ERROR] cpuid.cpp:95:18: error: invalid suffix on literal; C++11 requires a space between literal and identifier [-Wreserved-user-defined-literal]
leocad 19.07.1-1 Failed [QMAKE_ERROR] Project ERROR: failed to parse default search paths from compiler output
lib3mf 1.8.1+ds-3 Failed [UNKNOWN] dpkg-gensymbols: error: some symbols or patterns disappeared in the symbols file: see diff output below
libaccounts-qt 1.15-2 Failed [QMAKE_ERROR] Project ERROR: failed to parse default search paths from compiler output
libace-perl 1.92-8 Failed [GCC_ERROR] RPC.xs:157:6: error: non-void function 'constant' should return a value [-Wreturn-type]
libapache2-mod-perl2 2.0.11-2 Failed [UNKNOWN] dh_auto_test: error: make -j1 test TEST_VERBOSE=1 returned exit code 2
libappimage 0.1.9+dfsg-1 Failed [UNKNOWN] XXX
libautovivification-perl 0.18-1 Failed [UNKNOWN] dh_auto_test: error: make -j1 test TEST_VERBOSE=1 returned exit code 2
libayatana-appindicator 0.5.4-2 Failed [GCC_ERROR] ../../../src/app-indicator.c:206:2: error: use of GNU old-style field designator extension [-Werror,-Wgnu-designator]
libayatana-indicator 0.6.3-1 Failed [GCC_ERROR] ../../../libayatana-indicator/indicator-service.c:105:2: error: use of GNU old-style field designator extension [-Werror,-Wgnu-designator]
libboost-geometry-utils-perl 0.15-2 Failed [UNKNOWN] Can't exec "clang++": No such file or directory at /usr/share/perl/5.30/ExtUtils/CBuilder/Base.pm line 342.
libbpp-core 2.4.1-4 Failed [UNKNOWN] dpkg-gensymbols: error: some symbols or patterns disappeared in the symbols file: see diff output below
libbpp-phyl 2.4.1-3 Failed [UNKNOWN] dpkg-gensymbols: error: some symbols or patterns disappeared in the symbols file: see diff output below
libbpp-qt 2.4.1-3 Failed [BUILDDEPS] DEPS
libbpp-raa 2.4.1-3 Failed [UNKNOWN] dpkg-gensymbols: error: some symbols or patterns disappeared in the symbols file: see diff output below
libbpp-seq 2.4.1-4 Failed [UNKNOWN] dpkg-gensymbols: error: some symbols or patterns disappeared in the symbols file: see diff output below
libcec 4.0.4+dfsg1-4 Failed [UNKNOWN] dpkg-gensymbols: error: some symbols or patterns disappeared in the symbols file: see diff output below
libcerf 1.3-2 Failed [GCC_ERROR] w_of_z.c:79:21: error: unused function 'cpolar' [-Werror,-Wunused-function]
libcgns 3.4.0-1 Failed [GCC_ERROR/LD_ERROR] collect2: error: ld returned 1 exit status
libchipcard 5.1.5rc2-4 Failed [GCC_ERROR] cardcommander.cpp:48:47: error: invalid suffix on literal; C++11 requires a space between literal and identifier [-Wreserved-user-defined-literal]
libclass-xsaccessor-perl 1.19-3 Failed [UNKNOWN] dh_auto_test: error: make -j4 test TEST_VERBOSE=1 returned exit code 2
libcommoncpp2 1.8.1-8 Failed [GCC_ERROR] nat.cpp:148:29: error: invalid suffix on literal; C++11 requires a space between literal and identifier [-Wreserved-user-defined-literal]
libdata-uuid-perl 1.220-1 Failed [UNKNOWN] XXX
libdbi-drivers 0.9.0-8 Failed [SEGMENTATION_FAULT] XXX
libdc1394-22 2.2.5-2.1 Failed [GCC_ERROR] [54]capture.c:324:9: error: fields must have a constant size: 'variable length array in structure' extension will never be supported
libdeflate 1.5-3 Failed [UNKNOWN] : Could not read profile default.profdata: No such file or directory
libdevel-cover-perl 1.33-1 Failed [UNKNOWN] dh_auto_test: error: make -j4 test TEST_VERBOSE=1 returned exit code 2
libdjconsole 0.1.3-3 Failed [GCC_ERROR] djconsole.cpp:110:11: error: ordered comparison between pointer and zero ('usb_dev_handle *' and 'int')
libecap 1.0.1-3.2 Failed [UNKNOWN] dpkg-gensymbols: error: some symbols or patterns disappeared in the symbols file: see diff output below
libedlib 1.2.4-2 Failed [UNKNOWN] dpkg-gensymbols: error: some symbols or patterns disappeared in the symbols file: see diff output below
libengine-gost-openssl1.1 1.1.0.3-1 Failed [BUILDDEPS] DEPS
libesmtp 1.0.6-4.3 Failed [GCC_ERROR] ./missing.h:48:5: error: expected parameter declarator
libfastahack 1.0.0+dfsg-5 Failed [UNKNOWN] dpkg-gensymbols: error: some symbols or patterns disappeared in the symbols file: see diff output below
libfcgi-perl 0.79-1 Failed [UNKNOWN] dh_auto_test: error: make -j4 test TEST_VERBOSE=1 returned exit code 2
libffado 2.4.2-1 Failed [GCC_ERROR] types.h:566:9: error: call to function 'operator>>' that is neither visible in the template definition nor found by argument-dependent lookup
libffi 3.3-3 Failed [CLANG_ERROR] clang: error: unsupported option '-print-multi-os-directory'
libfile-map-perl 0.66-1 Failed [UNKNOWN] dh_auto_test: error: perl Build test --verbose 1 returned exit code 2
libfiu 1.00-6 Failed [GCC_ERROR] modules/posix.custom.c:445:42: error: expected parameter declarator
libfm-qt 0.14.1-12 Failed [UNKNOWN] dpkg-gensymbols: error: some symbols or patterns disappeared in the symbols file: see diff output below
libfreesrp 0.3.0-2 Failed [GCC_ERROR] freesrp_impl.cpp:31:39: error: reference to 'FreeSRP' is ambiguous
libgclib 0.11.4-1 Failed [CLANG_ERROR/CLANG_LD_ERROR] clang: error: linker command failed with exit code 1 (use -v to see invocation)
libgdal-grass 3.0.4-1 Failed [CLANG_ERROR/CLANG_LD_ERROR] clang: error: linker command failed with exit code 1 (use -v to see invocation)
libgdf 0.1.3-3 Failed [GCC_ERROR] TagHeader.cpp:188:31: error: addition of default argument on redeclaration makes this constructor a default constructor
libgenome 1.3.11+svn20110227.4616-2 Failed [UNKNOWN] dpkg-gensymbols: error: some symbols or patterns disappeared in the symbols file: see diff output below
libghemical 3.0.0-4.2 Failed [GCC_ERROR] model.cpp:2566:20: error: non-constant-expression cannot be narrowed from type 'double' to 'fGL' (aka 'float') in initializer list [-Wc++11-narrowing]
libgltf 0.1.0-3 Failed [GCC_ERROR] Shaders.cpp:131:13: error: non-constant-expression cannot be narrowed from type 'size_t' (aka 'unsigned long') to 'GLint' (aka 'int') in initializer list [-Wc++11-narrowing]
libgphoto2 2.5.23-2 Failed [UNKNOWN] dpkg-gensymbols: error: some symbols or patterns disappeared in the symbols file: see diff output below
libgpiv 0.6.1-7 Failed [GCC_ERROR] ../../lib/io_raw.c:261:5: error: non-void function 'gpiv_fwrite_raw_image' should return a value [-Wreturn-type]
libgpuarray 0.7.6-5 Failed [CLANG_ERROR] clang: error: unknown argument: '-fmacro-prefix-map=/<<PKGBUILDDIR>>=.'
libgraphics-libplot-perl 2.2.2-7 Failed [GCC_ERROR] Libplot.xs:91:6: error: non-void function 'constant' should return a value [-Wreturn-type]
libguytools2 2.0.5-3 Failed [QMAKE_ERROR] Project ERROR: failed to parse default search paths from compiler output
libgzstream 1.5+dfsg-4 Failed [UNKNOWN] dpkg-gensymbols: error: some symbols or patterns disappeared in the symbols file: see diff output below
libhdf4 4.2.14-1 Failed [GCC_ERROR/LD_ERROR] collect2: error: ld returned 1 exit status
libhugetlbfs 2.22-1 Failed [CLANG_ERROR/CLANG_LD_ERROR] clang: error: linker command failed with exit code 1 (use -v to see invocation)
libimage-seek-perl 0.06-2 Failed [UNKNOWN] /bin/sh: 1: clang++: not found
libindirect-perl 0.39-1 Failed [UNKNOWN] dh_auto_test: error: make -j4 test TEST_VERBOSE=1 returned exit code 2
libiodbc2 3.52.9-2.1 Failed [CLANG_ERROR/CLANG_LD_ERROR] clang: error: linker command failed with exit code 1 (use -v to see invocation)
libisds 0.10.7-1 Failed [GCC_ERROR] isds.c:1142:18: error: passing an object that undergoes default argument promotion to 'va_start' has undefined behavior [-Werror,-Wvarargs]
libixion 0.15.0-3 Failed [GCC_ERROR] ../../include/ixion/model_context.hpp:64:20: error: unknown type name 'nullptr_t'; did you mean 'std::nullptr_t'?
libkdegames 4:19.08.1-2 Failed [UNKNOWN] dpkg-gensymbols: error: some symbols or patterns disappeared in the symbols file: see diff output below
libkiwix 3.1.1-1 Failed [CLANG_ERROR] clang: error: -Wl,--start-group: 'linker' input unused [-Werror,-Wunused-command-line-argument]
libkkc 0.3.5-7 Failed [UNKNOWN] XXX
libkolabxml 1.1.6-6 Failed [UNKNOWN] dpkg-gensymbols: error: some symbols or patterns disappeared in the symbols file: see diff output below
libksysguard 4:5.17.5-2 Failed [UNKNOWN] dpkg-gensymbols: error: some symbols or patterns disappeared in the symbols file: see diff output below
libktorrent 2.1.1-2 Failed [UNKNOWN] dpkg-gensymbols: error: some symbols or patterns disappeared in the symbols file: see diff output below
libldm 0.2.4-3 Failed [GCC_ERROR] ldmtool.c:95:12: error: missing field 'action' initializer [-Werror,-Wmissing-field-initializers]
liblip 2.0.0-1.2 Failed [GCC_ERROR] tnt_sparse_matrix_csr.h:97:3: error: no matching constructor for initialization of 'Array1D<int>'
liblxqt 0.14.1-4 Failed [UNKNOWN] dpkg-gensymbols: error: some symbols or patterns disappeared in the symbols file: see diff output below
libmath-clipper-perl 1.29-1 Failed [UNKNOWN] Can't exec "clang++": No such file or directory at /usr/share/perl/5.30/ExtUtils/CBuilder/Base.pm line 342.
libmath-mpfr-perl 4.13-1 Failed [GCC_ERROR/CLANG_ERROR] have_d64.in:2:2: error: GNU decimal type extension not supported
libmawk 1.0.2-2 Failed [SEGMENTATION_FAULT] dh_auto_test: error: make -j4 test VERBOSE=1 returned exit code 2
libmbim 1.18.2-0.2 Failed [CLANG_ERROR] error: unknown warning option '-Wunused-but-set-variable'; did you mean '-Wunused-const-variable'? [-Werror,-Wunknown-warning-option]
libmdsp 0.11-10 Failed [GCC_ERROR] src/antoi.c:21:17: error: unknown kind of pragma comment
libmems 1.6.0+4725-8 Failed [GCC_ERROR] ../libMems/CompactGappedAlignment.h:811:6: error: 'swap<mems::CompactGappedAlignment<mems::AbstractGappedAlignment<mems::HybridAbstractMatch<2, std::allocator<long long>, std::allocator<unsigned int> > > > >' is missing exception specification 'noexcept(__and_<is_nothrow_move_constructible<CompactGappedAlignment<AbstractGappedAlignment<HybridAbstractMatch<2, allocator<long long>, allocator<unsigned int> > > > >, is_nothrow_move_assignable<CompactGappedAlignment<AbstractGappedAlignment<HybridAbstractMatch<2, allocator<long long>, allocator<unsigned int> > > > > >::value)'
libmuscle 3.7+4565-6 Failed [UNKNOWN] dpkg-gensymbols: error: some symbols or patterns disappeared in the symbols file: see diff output below
libmygpo-qt 1.1.0-3 Failed [UNKNOWN] dpkg-gensymbols: error: some symbols or patterns disappeared in the symbols file: see diff output below
libnatpmp 20150609-7 Failed [GCC_ERROR] libnatpmpmodule.c:273:5: error: non-void function 'initlibnatpmp' should return a value [-Wreturn-type]
libncl 2.1.21+git20190531.feceb81-2 Failed [UNKNOWN] dpkg-gensymbols: error: some symbols or patterns disappeared in the symbols file: see diff output below
libnet-ssleay-perl 1.88-2 Failed [UNKNOWN] dh_auto_test: error: make -j4 test TEST_VERBOSE=1 returned exit code 2
libnetfilter-acct 1.0.3-2 Failed [CLANG_ERROR/CLANG_LD_ERROR] ./examples/nfacct-get.c:13: undefined reference to `nfacct_alloc'
libnetfilter-cthelper 1.0.0-1 Failed [CLANG_ERROR/CLANG_LD_ERROR] ./examples/nfct-helper-get.c:13: undefined reference to `nfct_helper_alloc'
libnetfilter-cttimeout 1.0.0-2 Failed [CLANG_ERROR/CLANG_LD_ERROR] ./examples/nfct-timeout-add.c:35: undefined reference to `nfct_timeout_alloc'
libnetfilter-queue 1.0.3-1 Failed [CLANG_ERROR/CLANG_LD_ERROR] ./utils/nfqnl_test.c:83: undefined reference to `nfq_set_verdict'
libnfo 1.0.1-1.1 Failed [GCC_ERROR/CLANG_ERROR] nfo_xml_utils.c:22:10: fatal error: 'libxml/parser.h' file not found
libnftnl 1.1.5-1 Failed [GCC_ERROR] object.c:374:19: error: no member named '__builtin___snprintf_chk' in 'struct obj_ops'
libnitrokey 3.4.1-4 Failed [UNKNOWN] dpkg-gensymbols: error: some symbols or patterns disappeared in the symbols file: see diff output below
libofa 0.9.3-21 Failed [UNKNOWN] dpkg-gensymbols: error: some symbols or patterns disappeared in the symbols file: see diff output below
libomxalsa 0.1-2 Failed [CLANG_ERROR/CONFIGURE_ERROR] configure: error: POSIX threads support is required
libomxcamera 0.1-2 Failed [CLANG_ERROR/CONFIGURE_ERROR] configure: error: in `/<<PKGBUILDDIR>>'
libomxfbdevsink 0.1-2 Failed [CLANG_ERROR/CONFIGURE_ERROR] configure: error: in `/<<PKGBUILDDIR>>'
libomxil-bellagio 0.9.3-4.1 Failed [GCC_ERROR] omx_base_component.c:1261:17: error: implicit conversion from enumeration type 'enum OMX_INDEXVENDORTYPE' to different enumeration type 'OMX_INDEXTYPE' (aka 'enum OMX_INDEXTYPE') [-Werror,-Wenum-conversion]
libomxmad 0.1-1 Failed [CLANG_ERROR/CONFIGURE_ERROR] configure: error: POSIX threads support is required
libomxvideosrc 0.1-1 Failed [CLANG_ERROR/CONFIGURE_ERROR] configure: error: in `/<<PKGBUILDDIR>>'
libomxvorbis 0.1-3 Failed [CLANG_ERROR/CONFIGURE_ERROR] configure: error: in `/<<PKGBUILDDIR>>'
libopendbx 1.4.6-13 Failed [UNKNOWN] dpkg-gensymbols: error: some symbols or patterns disappeared in the symbols file: see diff output below
liboping 1.10.0-3 Failed [GCC_ERROR] liboping.c:103:10: error: 'dprintf' macro redefined [-Werror,-Wmacro-redefined]
liborcus 0.15.3-3 Failed [GCC_ERROR] model_context.hpp:64:20: error: unknown type name 'nullptr_t'; did you mean 'std::nullptr_t'?
liborigin2 2:20110117-3 Failed [QMAKE_ERROR] Project ERROR: failed to parse default search paths from compiler output
libpgf 6.14.12-3.2 Failed [UNKNOWN] dpkg-gensymbols: error: some symbols or patterns disappeared in the symbols file: see diff output below
libphysfs 3.0.2-4 Failed [CLANG_ERROR] clang: error: unknown argument: '-ffile-prefix-map=/<<PKGBUILDDIR>>=.'
libpolyclipping 6.4.2-6 Failed [UNKNOWN] dpkg-gensymbols: error: some symbols or patterns disappeared in the symbols file: see diff output below
libprelude 5.1.1-4 Failed [UNKNOWN] dpkg-gensymbols: error: some symbols or patterns disappeared in the symbols file: see diff output below
libpreludedb 5.1.0-4 Failed [UNKNOWN] dpkg-gensymbols: error: some symbols or patterns disappeared in the symbols file: see diff output below
libpsm2 11.2.86-1 Failed [CLANG_ERROR] clang: error: argument unused during compilation: '-specs=/usr/share/dpkg/no-pie-compile.specs' [-Werror,-Wunused-command-line-argument]
libpsortb 1.0+dfsg-3 Failed [GCC_ERROR] std_funcs.c:2471:5: error: non-void function 'update_shares_prior_multi' should return a value [-Wreturn-type]
libqglviewer 2.6.3+dfsg2-6 Failed [QMAKE_ERROR] Project ERROR: failed to parse default search paths from compiler output
libqtpas 2.6~beta-6 Failed [QMAKE_ERROR] Project ERROR: failed to parse default search paths from compiler output
libquvi 0.9.3-1.3 Failed [UNKNOWN] dh_auto_test: error: make -j1 test VERBOSE=1 returned exit code 2
libratbag 0.13-1 Failed [GCC_ERROR] ../ratbagd/ratbagd-json.c:536:3: error: cannot jump from this goto statement to its label
libraw 0.19.5-1 Failed [CLANG_ERROR/CLANG_LD_ERROR] ./src/libraw_cxx.cpp:3443: undefined reference to `__kmpc_critical'
librdkafka 1.2.1-1 Failed [CLANG_ERROR] clang: error: argument unused during compilation: '-specs=/usr/share/dpkg/no-pie-compile.specs' [-Werror,-Wunused-command-line-argument]
libre-engine-re2-perl 0.13-5 Failed [UNKNOWN] /bin/sh: 1: clang++: not found
libreswan 3.29-2 Failed [GCC_ERROR] libreswan_exit_log_errno.c:30:17: error: implicit conversion from enumeration type 'enum pluto_exit_code' to different enumeration type 'enum rc_type' [-Werror,-Wenum-conversion]
libretro-gambatte 0.5.0+git20160522+dfsg1-2 Failed [GCC_ERROR] src/statesaver.cpp:277:43: error: non-constant-expression cannot be narrowed from type 'unsigned int' to 'unsigned char' in initializer list [-Wc++11-narrowing]
librg-blast-parser-perl 0.03-6 Failed [GCC_ERROR] blast-parser-driver.h:61:12: error: C++ requires a type specifier for all declarations
librostlab-blast 1.0.1-10 Failed [GCC_ERROR] ./rostlab/blast-parser-driver.h:61:12: error: C++ requires a type specifier for all declarations
libsavitar 4.4.1-2 Failed [UNKNOWN] dpkg-gensymbols: error: some symbols or patterns disappeared in the symbols file: see diff output below
libscope-upper-perl 0.32-1 Failed [UNKNOWN] dh_auto_test: error: make -j4 test TEST_VERBOSE=1 returned exit code 2
libsdl2-mixer 2.0.4+dfsg1-2 Failed [CLANG_ERROR/CLANG_LD_ERROR] clang: error: linker command failed with exit code 1 (use -v to see invocation)
libsemanage 3.0-1 Failed [CLANG_ERROR] clang: error: no such file or directory: 'temp.aux'
libseqlib 1.1.2+dfsg-6 Failed [UNKNOWN] dpkg-gensymbols: error: some symbols or patterns disappeared in the symbols file: see diff output below
libserial 0.6.0~rc2+svn122-4 Failed [CLANG_ERROR] clang: error: unknown argument: '-ffile-prefix-map=/build/sip4-CxdHva/sip4-4.19.21+dfsg=.'
libset-intervaltree-perl 0.12-1 Failed [UNKNOWN] /bin/sh: 1: clang++: not found
libset-object-perl 1.40-1 Failed [UNKNOWN] dh_auto_test: error: make -j4 test TEST_VERBOSE=1 returned exit code 2
libsigc++-2.0 2.10.2-1 Failed [UNKNOWN] dpkg-gensymbols: error: some symbols or patterns disappeared in the symbols file: see diff output below
libsmithwaterman 0.0+git20160702.2610e25-7 Failed [UNKNOWN] dpkg-gensymbols: error: some symbols or patterns disappeared in the symbols file: see diff output below
libsmpp34 1.13.0-2 Failed [GCC_ERROR] ../src/smpp34_params.c:138:2: error: embedding a #include directive within macro arguments is not supported
libsrtp2 2.3.0-2 Failed [UNKNOWN] ./rtpw: error while loading shared libraries: libsrtp2.so.1: cannot open shared object file: No such file or directory
libss7 2.0.0-3 Failed [GCC_ERROR] mtp3.c:1947:31: error: equality comparison with extraneous parentheses [-Werror,-Wparentheses-equality]
libssw 1.1-9 Failed [CLANG_ERROR] clang: error: cannot specify -o when generating multiple output files
libswe 1.80.00.0002-1 Failed [CLANG_ERROR/CLANG_LD_ERROR] clang: error: linker command failed with exit code 1 (use -v to see invocation)
libsyntax-keyword-dynamically-perl 0.03-1 Failed [UNKNOWN] dh_auto_test: error: perl Build test --verbose 1 returned exit code 255
libthread-pool 2.0.1-4 Failed [UNKNOWN] dpkg-gensymbols: error: some symbols or patterns disappeared in the symbols file: see diff output below
libtrace3 3.0.21-1 Failed [GCC_ERROR] tracetop.cc:380:16: error: invalid suffix on literal; C++11 requires a space between literal and identifier [-Wreserved-user-defined-literal]
libunivalue 1.0.4-2 Failed [UNKNOWN] dpkg-gensymbols: error: some symbols or patterns disappeared in the symbols file: see diff output below
libvariable-magic-perl 0.62-1 Failed [UNKNOWN] dh_auto_test: error: make -j1 test TEST_VERBOSE=1 returned exit code 2
libvirt-dbus 1.3.0-1 Failed [UNKNOWN] dh_auto_test: error: make -j4 check VERBOSE=1 returned exit code 2
libvirt-php 0.5.4-3 Failed [BUILDDEPS] E: apt-cache returned no information about libvirt-php source
libwx-perl 1:0.9932-5 Failed [UNKNOWN] dh_auto_configure: error: perl -I. Makefile.PL INSTALLDIRS=vendor "OPTIMIZE=-g -O2 -fdebug-prefix-map=/<<PKGBUILDDIR>>=. -fstack-protector-strong -Wformat -Werror=format-security -Wdate-time -D_FORTIFY_SOURCE=2" "LD=x86_64-linux-gnu-gcc -g -O2 -fdebug-prefix-map=/<<PKGBUILDDIR>>=. -fstack-protector-strong -Wformat -Werror=format-security -Wl,-z,relro -Wl,-z,now" returned exit code 2
libwx-scintilla-perl 0.39-4 Failed [UNKNOWN] XXX
libxml2 2.9.10+dfsg-3 Failed [UNKNOWN] dpkg-gensymbols: error: some new symbols appeared in the symbols file: see diff output below
libyami-utils 1.3.0-2 Failed [GCC_ERROR] psnr.cpp:225:17: error: bool literal returned from 'main' [-Werror,-Wmain]
libzen 0.4.37-1 Failed [UNKNOWN] dpkg-gensymbols: error: some symbols or patterns disappeared in the symbols file: see diff output below
liggghts 3.8.0+repack1-5 Failed [GCC_ERROR] finish.cpp:722:40: error: ordered comparison between pointer and zero ('int *' and 'int')
lilo 1:24.2-5 Failed [GCC_ERROR] edit.c:195:31: error: initializer element is not a compile-time constant
linpsk 1.3.5-1.1 Failed [QMAKE_ERROR] Project ERROR: failed to parse default search paths from compiler output
linux-minidisc 0.9.16-2 Failed [QMAKE_ERROR] Project ERROR: failed to parse default search paths from compiler output
linux86 0.16.17-3.3 Failed [GCC_ERROR] tok_io.c:231:6: error: non-void function 'do_control' should return a value [-Wreturn-type]
linux 5.4.19-1 Failed [UNKNOWN] XXX
llvm-toolchain-6.0 1:6.0.1-12 Failed [CLANG_ERROR/CLANG_LD_ERROR] clang: error: linker command failed with exit code 1 (use -v to see invocation)
llvmlite 0.31.0-1 Failed [PYTHON_TRACEBACK] XXX
log4cpp 1.1.3-1 Failed [GCC_ERROR] testDailyRollingFileAppender.cpp:43:46: error: invalid suffix on literal; C++11 requires a space between literal and identifier [-Wreserved-user-defined-literal]
looking-glass 0+b1-3 Failed [GCC_ERROR] rsa.c:105:13: fatal error: fields must have a constant size: 'variable length array in structure' extension will never be supported
lookup 1.08b-12 Failed [GCC_ERROR] lib/romaji2kana.c:59:12: error: source file is not valid UTF-8
looptools 2.8-1 Failed [GCC_ERROR/LD_ERROR] collect2: error: ld returned 1 exit status
loqui 0.6.4-3 Failed [GCC_ERROR] remark_entry.c:553:2: error: non-void function 'remark_entry_find_completion_matches' should return a value [-Wreturn-type]
lordsawar 0.3.1-4 Failed [GCC_ERROR] armyproto.cpp:37:34: error: array initializer must be an initializer list
luckybackup 0.5.0-3 Failed [QMAKE_ERROR] Project ERROR: failed to parse default search paths from compiler output
lusernet.app 0.4.3-1 Failed [GCC_ERROR/CLANG_ERROR] GSObjCRuntime.h:58:11: fatal error: 'objc/objc.h' file not found
lv2 1.16.0-1 Failed [UNKNOWN] XXX
lwip 2.1.2+dfsg1-4 Failed [GCC_ERROR] api_msg.c:982:25: error: equality comparison with extraneous parentheses [-Werror,-Wparentheses-equality]
lwipv6 1.5a-5 Failed [GCC_ERROR] ../../../../ports/unix/netif/vdeif.c:485:3: error: non-void function 'vdeif_streampkt_input' should return a value [-Wreturn-type]
lwm 1.2.2-6 Failed [GCC_ERROR/CLANG_ERROR] Imake.tmpl:2243:10: fatal error: ' X11 .rules' file not found
lynkeos.app 3.3+dfsg1-2 Failed [GCC_ERROR/CLANG_ERROR] GSObjCRuntime.h:58:11: fatal error: 'objc/objc.h' file not found
m4 1.4.18-4 Failed [CLANG_ERROR/CLANG_LD_ERROR] ./lib/./xalloc.h:120: undefined reference to `__muloti4'
maelstrom 1.4.3-L3.0.6+main-9 Failed [GCC_ERROR] ../load.h:124:65: error: invalid suffix on literal; C++11 requires a space between literal and identifier [-Wreserved-user-defined-literal]
mafft 7.453-1 Failed [UNKNOWN] XXX
mame 0.218+dfsg.1-1 Failed [UNKNOWN] /bin/sh: 1: clang++: not found
mandelbulber2 2.20-1 Failed [QMAKE_ERROR] Project ERROR: failed to parse default search paths from compiler output
mandos 1.8.9-2 Failed [GCC_ERROR] plugins.d/password-prompt.c:119:51: error: function definition is not allowed here
mapsembler2 2.2.4+dfsg-3 Failed [GCC_ERROR] ./GraphOutput.h:51:11: error: redefinition of 'hash<unsigned __int128>'
mapserver 7.4.3-2 Failed [GCC_ERROR] zend_operators.h:517:10: error: 'asm goto' constructs are not supported yet
marble 4:19.12.0-1 Failed [UNKNOWN] dpkg-gensymbols: error: some symbols or patterns disappeared in the symbols file: see diff output below
mariadb-10.3 1:10.3.22-1 Failed [CLANG_ERROR/CLANG_LD_ERROR] clang: error: linker command failed with exit code 1 (use -v to see invocation)
mate-settings-daemon 1.24.0-1 Failed [GCC_ERROR] msd-xrandr-manager.c:2414:3: error: non-void function 'apply_intended_configuration' should return a value [-Wreturn-type]
mathomatic 16.0.5-2 Failed [UNKNOWN] XXX
mccs 1:1.1-8 Failed [GCC_ERROR] sources/cudf.c:674:16: error: invalid suffix on literal; C++11 requires a space between literal and identifier [-Wreserved-user-defined-literal]
mda-lv2 1.2.4-1 Failed [UNKNOWN] XXX
mdm 0.1.3-2.1 Failed [CLANG_ERROR] clang: error: cannot specify -o when generating multiple output files
mediaconch 18.03.2-1 Failed [QMAKE_ERROR] Project ERROR: failed to parse default search paths from compiler output
memcached 1.5.22-2 Failed [GCC_ERROR] memcached.c:7579:2: error: embedding a directive within macro arguments has undefined behavior [-Werror,-Wembedded-directive]
memtest86+ 5.01-3.1 Failed [GCC_ERROR] main.c:223:2: error: indirect goto in function with no address-of-label expressions
memtest86 4.3.7-3 Failed [GCC_ERROR] main.c:229:2: error: indirect goto in function with no address-of-label expressions
menu 2.1.47 Failed [GCC_ERROR] update-menus.cc:947:30: error: invalid suffix on literal; C++11 requires a space between literal and identifier [-Wreserved-user-defined-literal]
mercator 0.3.3-5 Failed [GCC_ERROR] polygon_intersect.h:667:37: error: no member named 'm_orient' in 'WFMath::Polygon<2>'
mes 0.22-1 Failed [GCC_ERROR/SEGMENTATION_FAULT] checking for cc is Mes C....config.c:2:2: error: no mesc
mgba 0.7.0-1 Failed [GCC_ERROR] cli-debugger.c:156:23: error: no member named '__printf_chk' in 'struct CLIDebuggerBackend'
mgp 1.13a+upstream20090219-11 Failed [GCC_ERROR/CLANG_ERROR] Imake.tmpl:2243:10: fatal error: ' X11 .rules' file not found
mia 2.4.6-5 Failed [GCC_ERROR] src.cxx:5:2: error: Altivec not supported
midisnoop 0.1.2+git20141108.bc30f600187e-1 Failed [CONFIGURE_ERROR/QMAKE_ERROR] Project ERROR: failed to parse default search paths from compiler output
milkytracker 1.02.00+dfsg-2 Failed [GCC_ERROR] EQConstants.cpp:30:2: error: non-constant-expression cannot be narrowed from type 'typename __gnu_cxx::__enable_if<__is_integer<int>::__value, double>::__type' (aka 'double') to 'float' in initializer list [-Wc++11-narrowing]
mimetic 0.9.8-9 Failed [GCC_ERROR] mmfile.cxx:60:14: error: ordered comparison between pointer and zero ('char *' and 'int')
mingw-w64 7.0.0-2 Failed [GCC_ERROR] winbase.h:2712:56: error: a parameter list without types is only allowed in a function definition
minisapserver 0.3.6-1.1 Failed [GCC_ERROR] sapserver.cpp:94:33: error: invalid suffix on literal; C++11 requires a space between literal and identifier [-Wreserved-user-defined-literal]
minisat+ 1.0-4 Failed [GCC_ERROR] ./SatELite.h:509:56: error: invalid suffix on literal; C++11 requires a space between literal and identifier [-Wreserved-user-defined-literal]
minisat2 1:2.2.1-5 Failed [GCC_ERROR] ./minisat/utils/Options.h:285:33: error: invalid suffix on literal; C++11 requires a space between literal and identifier [-Wreserved-user-defined-literal]
ministocks 0+git20200120-2 Failed [QMAKE_ERROR] Project ERROR: failed to parse default search paths from compiler output
minitube 3.1-1 Failed [QMAKE_ERROR] Project ERROR: failed to parse default search paths from compiler output
mira 4.9.6-4 Failed [CLANG_ERROR] clang: error: argument to '-V' is missing (expected 1 value)
mkl-dnn 2.0~beta4-1 Failed [UNKNOWN] dpkg-gensymbols: error: some symbols or patterns disappeared in the symbols file: see diff output below
mknfonts.tool 0.5-12 Failed [GCC_ERROR/CLANG_ERROR] GSObjCRuntime.h:58:11: fatal error: 'objc/objc.h' file not found
mlt 6.20.0-1 Failed [GCC_ERROR] producer_avformat.c:72:8: error: invalid token at start of a preprocessor expression
mlv 3.1.0-3 Failed [CLANG_ERROR/CLANG_LD_ERROR] ./MLV/input_box.c:883: undefined reference to `goUpInHistory_NTS'
mmseqs2 10-6d92c+ds-2 Failed [GCC_ERROR/CLANG_ERROR] njn_dynprogprobproto.hpp:39:10: fatal error: 'vector' file not found
molds 0.3.1-1 Failed [GCC_ERROR] base/../mpi/MpiProcess.h:177:41: error: non-constant-expression cannot be narrowed from type 'MolDS_mpi::molds_mpi_int' (aka 'long') to 'int' in initializer list [-Wc++11-narrowing]
mona 1.4-17-2 Failed [CLANG_ERROR/CONFIGURE_ERROR] configure: error: C++ compiler not found
monkeysphere 0.43-3 Failed [GCC_ERROR] src/agent-transfer/main.c:409:14: error: variable 'mpilen' is used uninitialized whenever 'if' condition is false [-Werror,-Wsometimes-uninitialized]
mozjs60 60.8.0-2 Failed [CONFIGURE_ERROR] configure: error: installation or configuration problem: C compiler cannot create executables.
mp3diags 1.5.01-1 Failed [QMAKE_ERROR] Project ERROR: failed to parse default search paths from compiler output
mpdcon.app 1.1.99-5 Failed [GCC_ERROR/CLANG_ERROR] Foundation.h:31:9: fatal error: 'objc/objc.h' file not found
mpgrafic 0.3.18-1 Failed [GCC_ERROR/LD_ERROR] collect2: error: ld returned 1 exit status
mpich 3.3.2-2 Failed [CLANG_ERROR/CONFIGURE_ERROR] configure: error: Unable to configure with Fortran support because configure could not determine the size of a Fortran INTEGER.  Consider setting CROSS_F77_SIZEOF_INTEGER to the length in bytes of a Fortran INTEGER
mrs 6.0.5+dfsg-7 Failed [UNKNOWN] XXX
mrtrix 0.2.13-2 Failed [GCC_ERROR] lib/file/dicom/select_cmdline.cpp:118:44: error: invalid suffix on literal; C++11 requires a space between literal and identifier [-Wreserved-user-defined-literal]
msi-keyboard 1.1-2 Failed [QMAKE_ERROR] Project ERROR: failed to parse default search paths from compiler output
msxpertsuite 5.8.6-2 Failed [CLANG_ERROR/CLANG_LD_ERROR] ./debian/build/libmass/./libmass/Trace.cpp:1535: undefined reference to `__kmpc_global_thread_num'
mudlet 1:3.7.1-1.1 Failed [QMAKE_ERROR] Project ERROR: failed to parse default search paths from compiler output
muffin 4.4.2-3 Failed [GCC_ERROR] clutter-main.c:3719:46: error: format string is not a string literal [-Werror,-Wformat-nonliteral]
mumble 1.3.0+dfsg-1 Failed [QMAKE_ERROR] Project ERROR: failed to parse default search paths from compiler output
mumps 5.2.1-2 Failed [GCC_ERROR/LD_ERROR] collect2: error: ld returned 1 exit status
mustang-plug 1.2-3 Failed [QMAKE_ERROR] Project ERROR: failed to parse default search paths from compiler output
mydumper 0.9.5-1 Failed [CLANG_ERROR/CLANG_LD_ERROR] ld: CMakeFiles/mydumper.dir/mydumper.c.o: undefined reference to symbol 'ceilf@@GLIBC_2.2.5'
myrescue 0.9.8-2 Failed [UNKNOWN] XXX
nam 1.15-5 Failed [GCC_ERROR] tclcl.h:193:33: error: invalid suffix on literal; C++11 requires a space between literal and identifier [-Wreserved-user-defined-literal]
nas 1.9.4-6 Failed [GCC_ERROR/CLANG_ERROR] Imake.tmpl:2243:10: fatal error: ' X11 .rules' file not found
nbdkit 1.16.2-1 Failed [GCC_ERROR] main.c:111:2: error: embedding a #include directive within macro arguments is not supported
ncap 1.9.2-4 Failed [GCC_ERROR] asprintf.c:35:30: error: format string is not a string literal [-Werror,-Wformat-nonliteral]
ncl 6.6.2-1 Failed [CLANG_ERROR] clang: error: no such file or directory: '1'
nestopia 1.50-1 Failed [GCC_ERROR] source/core/NstCpu.cpp:343:6: error: non-constant-expression cannot be narrowed from type 'unsigned int' to 'Nes::byte' (aka 'unsigned char') in initializer list [-Wc++11-narrowing]
net-cpp 2.2.1+dfsg1-4 Failed [GCC_ERROR] streaming_request.h:47:22: error: 'core::net::http::StreamingRequest::execute' hides overloaded virtual function [-Werror,-Woverloaded-virtual]
netmaze 0.81+jpg0.82-16 Failed [GCC_ERROR/CLANG_ERROR] Imake.tmpl:2243:10: fatal error: ' X11 .rules' file not found
netplan.io 0.98-2 Failed [CLANG_ERROR] clang: error: cannot specify -o when generating multiple output files
netplug 1.2.9.2-3 Failed [GCC_ERROR] if_info.c:295:37: error: function definition is not allowed here
netxx 0.3.2-2 Failed [GCC_ERROR] Netbuf.h:116:5: error: use of undeclared identifier 'setp'
newsboat 2.18-2 Failed [UNKNOWN] /usr/bin/curl-config: 1: krb5-config: not found
nextepc 0.3.10+nods-3 Failed [GCC_ERROR] testfile.c:269:32: error: adding 'int' to a string does not append to the string [-Werror,-Wstring-plus-int]
nfft 3.3.2-2 Failed [CLANG_ERROR/CLANG_LD_ERROR] ld: ../.libs/libnfft3l_threads.so: undefined reference to `__atomic_compare_exchange'
nield 0.6.1-2 Failed [GCC_ERROR] tcmsg_filter_flow.c:310:5: error: non-void function 'conv_flow_key' should return a value [-Wreturn-type]
nim 1.0.6-1 Failed [UNKNOWN] XXX
nixnote2 2.1.5+dfsg1-1 Failed [QMAKE_ERROR] Project ERROR: failed to parse default search paths from compiler output
nn 6.7.3-10 Failed [UNKNOWN] make[2]: *** No rule to make target ' articles.h', needed by 'nn.o'.  Stop.
noblenote 1.2.0-1 Failed [QMAKE_ERROR] Project ERROR: failed to parse default search paths from compiler output
norm 1.5.8+dfsg2-2 Failed [UNKNOWN] XXX
notify-osd 0.9.35+15.04.20150126-1 Failed [GCC_ERROR] ./display.c:291:2: error: non-void function 'stack_layout' should return a value [-Wreturn-type]
notmuch 0.29.3-1 Failed [UNKNOWN] dpkg-gensymbols: error: some symbols or patterns disappeared in the symbols file: see diff output below
ns2 2.35+dfsg-3 Failed [GCC_ERROR] tclcl.h:193:33: error: invalid suffix on literal; C++11 requires a space between literal and identifier [-Wreserved-user-defined-literal]
nss-wrapper 1.1.3-1 Failed [GCC_ERROR] nss_wrapper.c:5543:7: error: static function 'nwrap_hostname_enabled' is used in an inline function with external linkage [-Werror,-Wstatic-in-inline]
nted 1.10.18-12 Failed [GCC_ERROR] voice.cpp:1366:59: error: ordered comparison between pointer and zero ('GList *' (aka '_GList *') and 'int')
ntpsec 1.1.8+dfsg1-4 Failed [WAF_ERROR] could not configure a C compiler!
numptyphysics 0.2+svn157-0.4 Failed [GCC_ERROR] Canvas.cpp:457:26: error: non-constant-expression cannot be narrowed from type 'int' to 'Sint16' (aka 'short') in initializer list [-Wc++11-narrowing]
nut 2.7.4-12 Failed [BUILDDEPS] DEPS
nvidia-texture-tools 2.0.8-1+dfsg-8.2 Failed [CLANG_ERROR/CLANG_LD_ERROR] clang: error: linker command failed with exit code 1 (use -v to see invocation)
nvptx-tools 0.20180301-1 Failed [GCC_ERROR] ./../include/libiberty.h:627:12: error: expected parameter declarator
nx-libs 2:3.5.99.23-1 Failed [GCC_ERROR/CLANG_ERROR] ./config/cf/Imake.tmpl:2081:10: fatal error: ' X11 .rules' file not found
octave-interval 3.2.0-5 Failed [UNKNOWN] XXX
octave-sparsersb 1.0.6-3 Failed [GCC_ERROR] sparsersb.cc:100:49: error: invalid suffix on literal; C++11 requires a space between literal and identifier [-Wreserved-user-defined-literal]
odb-api 0.18.1-10 Failed [UNKNOWN] dh_auto_configure: error: cd debian/build && cmake -DCMAKE_INSTALL_PREFIX=/usr -DCMAKE_BUILD_TYPE=None -DCMAKE_INSTALL_SYSCONFDIR=/etc -DCMAKE_INSTALL_LOCALSTATEDIR=/var -DCMAKE_EXPORT_NO_PACKAGE_REGISTRY=ON -DCMAKE_FIND_PACKAGE_NO_PACKAGE_REGISTRY=ON -DCMAKE_INSTALL_RUNSTATEDIR=/run "-GUnix Makefiles" -DCMAKE_VERBOSE_MAKEFILE=ON -DCMAKE_INSTALL_LIBDIR=lib/x86_64-linux-gnu -DDISABLE_AIO=ON -DCMAKE_BUILD_TYPE=Release -DDISABLE_OS_CHECK=ON -DBUILD_SHARED_LIBS=ON -DENABLE_EIGEN=ON -DENABLE_NETCDF=ON -DENABLE_FORTRAN=ON -DENABLE_PYTHON=ON -DENABLE_OMP=ON -DENABLE_ODB=ON -DENABLE_ODB_MPI=ON -DENABLE_ODB_API_SERVER_SIDE=ON -DPYTHON_EXECUTABLE=/usr/bin/python3.7 ../.. returned exit code 1
odb 2.4.0-12 Failed [GCC_ERROR] ../odb/relational/header.hxx:56:24: error: non-const lvalue reference to type 'semantics::data_member' cannot bind to a value of unrelated type 'relational::header::image_member_impl<relational::mssql::sql_type>::member_info' (aka 'relational::member_base_impl<relational::mssql::sql_type>::member_info')
odil 0.11.0-1 Failed [UNKNOWN] XXX
oggvideotools 0.9.1-5 Failed [CLANG_ERROR] error: invalid argument '--std=c++0x' not allowed with 'C'
okteta 5:0.26.3-1 Failed [UNKNOWN] dpkg-gensymbols: error: some symbols or patterns disappeared in the symbols file: see diff output below
olive-editor 20200210-1 Failed [GCC_ERROR] stream.h:41:7: error: private field 'stream_index_' is not used [-Werror,-Wunused-private-field]
opa-ff 10.8.0.0.201+dfsg.1-1 Failed [CLANG_ERROR/SEGMENTATION_FAULT] clang: error: unable to execute command: Segmentation fault
opari2 2.0.4-3 Failed [GCC_ERROR/LD_ERROR] collect2: error: ld returned 1 exit status
opari 1.1+dfsg-8 Failed [GCC_ERROR/LD_ERROR] collect2: error: ld returned 1 exit status
open-invaders 0.3-5 Failed [GCC_ERROR] ../headers/declare.h:27:41: error: invalid suffix on literal; C++11 requires a space between literal and identifier [-Wreserved-user-defined-literal]
openblas 0.3.8+ds-1 Failed [GCC_ERROR/LD_ERROR] ld: cannot find -lomp
opencolorio 1.1.1~dfsg0-5 Failed [GCC_ERROR] Config.cpp:333:35: error: assigning field to itself [-Werror,-Wself-assign-field]
opencryptoki 3.8.1+dfsg-3.1 Failed [CLANG_ERROR] clang: error: unknown argument: '-fgnu-tm'
opencsg 1.4.2-3 Failed [QMAKE_ERROR] Project ERROR: failed to parse default search paths from compiler output
opendnssec 1:2.1.5-1 Failed [GCC_ERROR/CLANG_ERROR] ../../common/janitor.c:49:10: fatal error: 'backtrace.h' file not found
opengrm-ngram 1.3.2-3 Failed [UNKNOWN] XXX
openhpi 3.8.0-2 Failed [GCC_ERROR] ipmi.cpp:1561:83: error: alias must point to a defined variable or function
openjade 1.4devel1-21.3 Failed [CONFIGURE_ERROR] configure: error: cannot compute sizeof (size_t)
openmama 2.2.2.1-12 Failed [GCC_ERROR] mamajni.c:930:20: error: non-void function 'Java_com_wombat_mama_Mama_getProperty' should return a value [-Wreturn-type]
openmpi 4.0.2-5 Failed [CLANG_ERROR/CONFIGURE_ERROR] configure: error: Cannot continue
openmsx-catapult 0.15.0-2 Failed [UNKNOWN] XXX
openmsx 0.15.0-2 Failed [GCC_ERROR] src/utils/strCat.hh:424:8: error: 'auto' return without trailing return type; deduced return types are a C++14 extension
openmx 3.8.5+dfsg1-1 Failed [GCC_ERROR/LD_ERROR] collect2: error: ld returned 1 exit status
openni 1.5.4.0+dfsg-4 Failed [GCC_ERROR] ../../../../../Wrappers/OpenNI.jni/org_OpenNI_NativeMethods.cpp:971:24: error: non-constant-expression cannot be narrowed from type 'jbyte' (aka 'signed char') to 'XnUInt8' (aka 'unsigned char') in initializer list [-Wc++11-narrowing]
openscad 2019.05-3 Failed [QMAKE_ERROR] Project ERROR: failed to parse default search paths from compiler output
opensmtpd-extras 6.6.0-1 Failed [GCC_ERROR] stdio.h:354:12: error: conflicting types for 'snprintf'
opensp 1.5.2-13 Failed [GCC_ERROR] ../include/Ptr.h:72:11: error: ISO C++11 does not allow access declarations; use using declarations instead
opensta 0~20191111gitc018cb2+dfsg-1 Failed [CLANG_ERROR/CLANG_LD_ERROR] ld: ../app/libOpenSTA.a(DispatchQueue.cc.o): undefined reference to symbol 'pthread_create@@GLIBC_2.2.5'
openuniverse 1.0beta3.1+dfsg-6 Failed [GCC_ERROR] scrnshot.cpp:50:37: error: invalid suffix on literal; C++11 requires a space between literal and identifier [-Wreserved-user-defined-literal]
openvpn-auth-ldap 2.0.4-1 Failed [CLANG_ERROR/CONFIGURE_ERROR] configure: error: Can't locate Objective C runtime headers
openzwave 1.5+ds-6 Failed [GCC_ERROR] ValueList.h:85:11: error: private field 'm_newValueIdx' is not used [-Werror,-Wunused-private-field]
ophcrack 3.8.0-2 Failed [GCC_ERROR/CLANG_ERROR/QMAKE_ERROR] Project ERROR: failed to parse default search paths from compiler output
oregano 0.84.41+dfsg.1-1 Failed [WAF_ERROR] could not configure a C compiler!
orocos-bfl 0.8.0-5 Failed [GCC_ERROR] mixtureParticleFilter.cpp:105:27: error: member reference base type 'Mixture<SVar> *' is not a structure or union
oscar 1.1.0-testing-3-3 Failed [QMAKE_ERROR] Project ERROR: failed to parse default search paths from compiler output
osmo-iuh 0.3.0-5 Failed [GCC_ERROR] hnb-test.c:329:3: error: non-void function 'hnb_test_nas_rx_auth_req' should return a value [-Wreturn-type]
osmo-pcu 0.5.1-1 Failed [GCC_ERROR] encoding.cpp:335:30: error: format string is not a string literal (potentially insecure) [-Werror,-Wformat-security]
ostinato 1.0-2 Failed [QMAKE_ERROR] Project ERROR: failed to parse default search paths from compiler output
owfs 3.2p3+dfsg1-5 Failed [GCC_ERROR] zend_operators.h:517:10: error: 'asm goto' constructs are not supported yet
p7zip 16.02+dfsg-7 Failed [GCC_ERROR] ../../../../CPP/Windows/ErrorMsg.cpp:18:10: error: case value evaluates to -2147467263, which cannot be narrowed to type 'DWORD' (aka 'unsigned int') [-Wc++11-narrowing]
p8-platform 2.1.0.1+dfsg1-3 Failed [UNKNOWN] dpkg-gensymbols: error: some symbols or patterns disappeared in the symbols file: see diff output below
pacemaker 2.0.3-3 Failed [UNKNOWN] dpkg-gensymbols: error: some symbols or patterns disappeared in the symbols file: see diff output below
packagesearch 2.7.11 Failed [QMAKE_ERROR] Project ERROR: failed to parse default search paths from compiler output
pacman 10-18 Failed [GCC_ERROR/CLANG_ERROR] Imake.tmpl:2243:10: fatal error: ' X11 .rules' file not found
padthv1 0.9.12-1 Failed [QMAKE_ERROR] Project ERROR: failed to parse default search paths from compiler output
paexec 1.1.1-1 Failed [UNKNOWN] dh_auto_test: error: mkcmake PREFIX=/usr MANDIR=/usr/share/man INFODIR=/usr/share/info SYSCONFDIR=/etc LIBDIR=/usr/lib/x86_64-linux-gnu LIBEXECDIR=/usr/lib/x86_64-linux-gnu test returned exit code 1
paje.app 1.98-1 Failed [GCC_ERROR/CLANG_ERROR] Foundation.h:31:9: fatal error: 'objc/objc.h' file not found
pam-python 1.0.7-1 Failed [GCC_ERROR] pam_python.c:1530:11: error: explicitly assigning value of variable of type 'void *' to itself [-Werror,-Wself-assign]
pan 0.146-1 Failed [GCC_ERROR] text-match.cc:476:8: error: no viable conversion from 'pan::StringView' to 'std::__cxx11::basic_string<char>'
pantomime 1.3.0+dfsg1-3 Failed [GCC_ERROR/CLANG_ERROR] GSObjCRuntime.h:58:11: fatal error:  #include <objc/objc.h>'objc/objc.h' file not found
paraview 5.7.0-4 Failed [UNKNOWN] XXX
paris-traceroute 0.93+git20160927-1 Failed [GCC_ERROR] ./use.h:1:9: error: 'USE_H' is used as a header guard here, followed by #define of a different macro [-Werror,-Wheader-guard]
paw 1:2.14.04.dfsg.2-9.1 Failed [UNKNOWN] XXX
pbdagcon 0.3+git20180411.c14c422+dfsg-1 Failed [CLANG_ERROR] error: invalid argument '-std=c++11' not allowed with 'C'
pbzip2 1.1.13-1 Failed [GCC_ERROR] pbzip2.cpp:1223:75: error: invalid suffix on literal; C++11 requires a space between literal and identifier [-Wreserved-user-defined-literal]
pccts 1.33MR33-6 Failed [GCC_ERROR] genmk.c:971:1: error: conflicting types for 'pclasses'
pchar 1.5-4 Failed [GCC_ERROR] ./pc.h:28:15: error: expected identifier
pcp 5.0.2-1.1 Failed [GCC_ERROR] access.o: r .L.str.1 : Error: additional symbol
pcsc-cyberjack 3.99.5final.sp13+dfsg-2 Failed [GCC_ERROR] ifd.cpp:967:8: error: case value evaluates to 3221225848, which cannot be narrowed to type 'CJ_RESULT' (aka 'int') [-Wc++11-narrowing]
peg-e 1.2.7-1 Failed [QMAKE_ERROR] Project ERROR: failed to parse default search paths from compiler output
pekwm 0.1.17-3 Failed [GCC_ERROR] ActionHandler.cc:586:10: error: case value evaluates to 4294967286, which cannot be narrowed to type 'int' [-Wc++11-narrowing]
peony 2.0.1-2 Failed [QMAKE_ERROR] Project ERROR: failed to parse default search paths from compiler output
pep8-simul 8.1.3+git20180702~ds1-3 Failed [QMAKE_ERROR] Project ERROR: failed to parse default search paths from compiler output
perl 5.30.0-9 Failed [UNKNOWN] Can't open gnu/stubs-x32.h: No such file or directory
pgadmin3 1.22.2-6 Failed [GCC_ERROR] frm/frmEditGrid.cpp:2397:10: error: case value evaluates to -43, which cannot be narrowed to type 'OID' (aka 'unsigned long') [-Wc++11-narrowing]
pgmodeler 0.9.2-1 Failed [QMAKE_ERROR] Project ERROR: failed to parse default search paths from compiler output
pgtop 3.7.0-18-gbbf1f12-3 Failed [GCC_ERROR] ./c.h:761:1: error: expected parameter declarator
phantomjs 2.1.1+dfsg-2 Failed [QMAKE_ERROR] Project ERROR: failed to parse default search paths from compiler output
phnxdeco 0.33-3 Failed [GCC_ERROR] phnxdeco.c:37:5: error: first parameter of 'main' (argument count) must be of type 'int'
phonon 4:4.11.1-3 Failed [UNKNOWN] dpkg-gensymbols: error: some symbols or patterns disappeared in the symbols file: see diff output below
phototonic 2.1-2 Failed [QMAKE_ERROR] Project ERROR: failed to parse default search paths from compiler output
php-amqp 1.9.4-3 Failed [GCC_ERROR] zend_operators.h:517:10: error: 'asm goto' constructs are not supported yet
php-apcu-bc 1.0.5-2 Failed [GCC_ERROR] zend_operators.h:517:10: error: 'asm goto' constructs are not supported yet
php-apcu 5.1.18+4.0.11-1 Failed [GCC_ERROR] zend_operators.h:517:10: error: 'asm goto' constructs are not supported yet
php-ast 1.0.5-1 Failed [GCC_ERROR] zend_operators.h:517:10: error: 'asm goto' constructs are not supported yet
php-ds 1.2.9-1 Failed [BUILDDEPS] E: apt-cache returned no information about php-ds source
php-excimer 1.0.0~git20190913.d82eaf7-1 Failed [GCC_ERROR] zend_operators.h:517:10: error: 'asm goto' constructs are not supported yet
php-gearman 2.0.6+1.1.2-7 Failed [GCC_ERROR] zend_operators.h:517:10: error: 'asm goto' constructs are not supported yet
php-geoip 1.1.1-5 Failed [GCC_ERROR] zend_operators.h:517:10: error: 'asm goto' constructs are not supported yet
php-geos 1.0.0-4 Failed [GCC_ERROR] zend_operators.h:517:10: error: 'asm goto' constructs are not supported yet
php-gmagick 2.0.5~rc1+1.1.7~rc3-5 Failed [GCC_ERROR] zend_operators.h:517:10: error: 'asm goto' constructs are not supported yet
php-gnupg 1.4.0-6 Failed [GCC_ERROR] zend_operators.h:517:10: error: 'asm goto' constructs are not supported yet
php-imagick 3.4.4-3 Failed [GCC_ERROR] zend_operators.h:517:10: error: 'asm goto' constructs are not supported yet
php-lua 2.0.6+1.1.0+-1 Failed [BUILDDEPS] E: apt-cache returned no information about php-lua source
php-luasandbox 3.0.3-2 Failed [GCC_ERROR] zend_operators.h:517:10: error: 'asm goto' constructs are not supported yet
php-mailparse 3.0.4+2.1.7~dev20160128.orig-1 Failed [GCC_ERROR] zend_operators.h:517:10: error: 'asm goto' constructs are not supported yet
php-memcache 3.0.9~20170802.e702b5f-4 Failed [GCC_ERROR] zend_operators.h:517:10: error: 'asm goto' constructs are not supported yet
php-mongodb 1.6.1-4 Failed [GCC_ERROR] zend_operators.h:517:10: error: 'asm goto' constructs are not supported yet
php-oauth 2.0.4+1.2.3-1 Failed [GCC_ERROR] zend_operators.h:517:10: error: 'asm goto' constructs are not supported yet
php-pinba 1.1.1-3 Failed [GCC_ERROR] zend_operators.h:517:10: error: 'asm goto' constructs are not supported yet
php-propro 2.1.0+1.0.2-3 Failed [GCC_ERROR] zend_operators.h:517:10: error: 'asm goto' constructs are not supported yet
php-ps 1.4.1-1 Failed [GCC_ERROR] zend_operators.h:517:10: error: 'asm goto' constructs are not supported yet
php-radius 1.4.0~b1-10 Failed [GCC_ERROR] zend_operators.h:517:10: error: 'asm goto' constructs are not supported yet
php-raphf 2.0.1+1.1.2-1 Failed [GCC_ERROR] zend_operators.h:517:10: error: 'asm goto' constructs are not supported yet
php-rrd 2.0.1+1.1.3-7 Failed [GCC_ERROR] zend_operators.h:517:10: error: 'asm goto' constructs are not supported yet
php-ssh2 1.2+0.13-1 Failed [GCC_ERROR] zend_operators.h:517:10: error: 'asm goto' constructs are not supported yet
php-stomp 2.0.2+1.0.9-3 Failed [GCC_ERROR] zend_operators.h:517:10: error: 'asm goto' constructs are not supported yet
php-uploadprogress 1.0.3.1-4-g95d8a0f-7 Failed [BUILDDEPS] DEPS
php-uuid 1.1.0-1 Failed [GCC_ERROR] zend_operators.h:517:10: error: 'asm goto' constructs are not supported yet
php-wmerrors 2.0.0~git20190628.183ef7d-2 Failed [GCC_ERROR] zend_operators.h:517:10: error: 'asm goto' constructs are not supported yet
php-yaml 2.0.4+1.3.2-1 Failed [BUILDDEPS] E: apt-cache returned no information about php-yaml source
php-zmq 1.1.3-10 Failed [GCC_ERROR] zend_operators.h:517:10: error: 'asm goto' constructs are not supported yet
php7.3 7.3.15-3 Failed [BUILDDEPS] DEPS
pikopixel.app 1.0-b9d-2 Failed [GCC_ERROR/CLANG_ERROR] Foundation.h:31:9: fatal error: 'objc/objc.h' file not found
pinentry-x2go 0.7.5.10-1 Failed [QMAKE_ERROR] Project ERROR: failed to parse default search paths from compiler output
pinfo 0.6.13-1 Failed [CLANG_ERROR/CONFIGURE_ERROR] configure: error: in `/<<PKGBUILDDIR>>'
pingus 0.7.6-5 Failed [GCC_ERROR] src/lisp/getters.hpp:33:15: error: no viable conversion from 'std::shared_ptr<Lisp>' to 'const lisp::Lisp *'
piperka-client 0.2.2-1 Failed [QMAKE_ERROR] Project ERROR: failed to parse default search paths from compiler output
pirs 2.0.2+dfsg-8 Failed [GCC_ERROR] pirs_diploid.cpp:639:15: error: invalid suffix on literal; C++11 requires a space between literal and identifier [-Wreserved-user-defined-literal]
pixman 0.36.0-1 Failed [UNKNOWN] dh_auto_test: error: cd build && make -j4 check VERBOSE=1 VERBOSE=1 returned exit code 2
pixmap 2.6pl4-20 Failed [GCC_ERROR/CLANG_ERROR] Imake.tmpl:2243:10: fatal error: ' X11 .rules' file not found
pkcs11-dump 0.3.4-1.1 Failed [GCC_ERROR] pkcs11-dump.cpp:1139:6: error: non-constant-expression cannot be narrowed from type 'int' to 'CK_ATTRIBUTE_TYPE' (aka 'unsigned long') in initializer list [-Wc++11-narrowing]
plasma-framework 5.62.0-2 Failed [UNKNOWN] dpkg-gensymbols: error: some symbols or patterns disappeared in the symbols file: see diff output below
plasma-workspace 4:5.17.5-4 Failed [UNKNOWN] dpkg-gensymbols: error: some symbols or patterns disappeared in the symbols file: see diff output below
plee-the-bear 0.6.0-6 Failed [GCC_ERROR] model_action.cpp:399:50: error: use of overloaded operator '>' is ambiguous (with operand types 'claw::real_number<universe::time_type>' (aka 'real_number<double>') and 'bear::universe::time_type' (aka 'double'))
plopfolio.app 0.1.0-7 Failed [GCC_ERROR/CLANG_ERROR] Foundation.h:31:9: fatal error: 'objc/objc.h' file not found
pmars 0.9.2-1 Failed [GCC_ERROR] ./sim.h:92:12: error: redefinition of 'round' as different kind of symbol
pnetcdf 1.12.1-1 Failed [GCC_ERROR/LD_ERROR] collect2: error: ld returned 1 exit status
pocl 1.4-6 Failed [UNKNOWN] dpkg-gensymbols: error: some symbols or patterns disappeared in the symbols file: see diff output below
poe.app 0.5.1-5 Failed [GCC_ERROR/CLANG_ERROR] Foundation.h:31:9: fatal error: 'objc/objc.h' file not found
pokerth 1.1.2-1 Failed [QMAKE_ERROR] Project ERROR: failed to parse default search paths from compiler output
polkit-qt-1 0.112.0-7.1 Failed [UNKNOWN] dpkg-gensymbols: error: some symbols or patterns disappeared in the symbols file: see diff output below
pong2 0.1.3-2 Failed [GCC_ERROR] Framework.cpp:270:23: error: non-constant-expression cannot be narrowed from type 'double' to 'GLfloat' (aka 'float') in initializer list [-Wc++11-narrowing]
popplerkit.framework 0.0.20051227svn-8 Failed [GCC_ERROR/CLANG_ERROR] GSObjCRuntime.h:58:11: fatal error: 'objc/objc.h' file not found
posterazor 1.5.1-2 Failed [GCC_ERROR] TranslationEnglish.h:121:71: error: invalid suffix on literal; C++11 requires a space between literal and identifier [-Wreserved-user-defined-literal]
postgresql-hll 2.14-1 Failed [CLANG_ERROR] clang: error: optimization flag '-fexcess-precision=standard' is not supported [-Werror,-Wignored-optimization-argument]
pplpy 0.8.4-3 Failed [BUILDDEPS] E: apt-cache returned no information about pplpy source
praat 6.1.09-1 Failed [GCC_ERROR] klatt.cpp:428:6: error: no previous prototype for function 'KlattReset' [-Werror,-Wmissing-prototypes]
praelector 0.5-1 Failed [QMAKE_ERROR] Project ERROR: failed to parse default search paths from compiler output
presage 0.9.1-2.2 Failed [GCC_ERROR] scintilla/gtk/ScintillaGTK.cxx:1629:33: error: ordered comparison between pointer and zero ('GdkAtom' (aka '_GdkAtom *') and 'int')
preview.app 0.8.5-11 Failed [GCC_ERROR/CLANG_ERROR] GSObjCRuntime.h:58:11: fatal error: 'objc/objc.h' file not found
previsat 3.5.1.7+dfsg1-3 Failed [QMAKE_ERROR] Project ERROR: failed to parse default search paths from compiler output
price.app 1.3.0-4 Failed [GCC_ERROR/CLANG_ERROR] Foundation.h:31:9: fatal error: 'objc/objc.h' file not found
prime-phylo 1.0.11-8 Failed [GCC_ERROR] ODESolver.hh:359:20: error: in-class initializer for static data member of type 'const beep::Real' (aka 'const double') requires 'constexpr' specifier [-Wstatic-float-init]
primrose 6+dfsg1-4 Failed [GCC_ERROR] Panel.cpp:211:13: error: non-constant-expression cannot be narrowed from type 'int' to 'GLfloat' (aka 'float') in initializer list [-Wc++11-narrowing]
primus 0~20150328-9 Failed [GCC_ERROR] ./gl-passthru.def:2:1: error: ifunc must point to a defined function
princeprocessor 0.22-1 Failed [CLANG_ERROR] clang: error: cannot specify -o when generating multiple output files
prison-kf5 5.62.0-1 Failed [UNKNOWN] dpkg-gensymbols: error: some symbols or patterns disappeared in the symbols file: see diff output below
procinfo 1:2.0.304-3 Failed [GCC_ERROR] ./lib/timeRoutines.cpp:134:38: error: non-constant-expression cannot be narrowed from type 'uint32_t' (aka 'unsigned int') to 'int' in initializer list [-Wc++11-narrowing]
progressivemauve 1.2.0+4713+dfsg-4 Failed [BUILDDEPS] DEPS
projectcenter.app 0.6.2+git20190606-2 Failed [GCC_ERROR/CLANG_ERROR] Foundation.h:31:9: fatal error: 'objc/objc.h' file not found
pscan-tfbs 1.2.2-3 Failed [CLANG_ERROR/CLANG_LD_ERROR] clang: error: linker command failed with exit code 1 (use -v to see invocation)
pseudo 1.9.0+git20190515+996bead-2 Failed [GCC_ERROR] ./ports/linux/pseudo_wrappers.c:84:14: error: use of unknown builtin '__builtin_apply' [-Wimplicit-function-declaration]
psi 1.3-5 Failed [UNKNOWN] XXX
psocksxx 1.1.1-1 Failed [UNKNOWN] dpkg-gensymbols: error: some symbols or patterns disappeared in the symbols file: see diff output below
ptouch-driver 1.4.2-3 Failed [CLANG_ERROR/CLANG_LD_ERROR] ./rastertoptch.c:1649: undefined reference to `RLE_store_empty_lines'
pugixml 1.10-1 Failed [UNKNOWN] dpkg-gensymbols: error: some symbols or patterns disappeared in the symbols file: see diff output below
pugl 0~svn32+dfsg0-3 Failed [WAF_ERROR] could not configure a C compiler!
pulseaudio-qt 1.2-2 Failed [UNKNOWN] dpkg-gensymbols: error: some symbols or patterns disappeared in the symbols file: see diff output below
pulseaudio 13.0-5 Failed [GCC_ERROR] ./pulsecore/atomic.h:120:33: error: cannot initialize a parameter of type 'unsigned long' with an lvalue of type 'void *'
pumpa 0.9.3-1 Failed [QMAKE_ERROR] Project ERROR: failed to parse default search paths from compiler output
purpose 5.62.0-2 Failed [UNKNOWN] dpkg-gensymbols: error: some symbols or patterns disappeared in the symbols file: see diff output below
pushpin 1.26.0-1 Failed [QMAKE_ERROR] Project ERROR: failed to parse default search paths from compiler output
pygccjit 0.4-10 Failed [GCC_ERROR/CLANG_ERROR] gccjit/gccjit.c:599:10: fatal error: 'libgccjit.h' file not found
pykdtree 1.3.1-4 Failed [PYTHON_TRACEBACK/PYIMPORT] dh_auto_test: error: pybuild --test --test-nose -i python{version} -p "3.8 3.7" returned exit code 13
pymol 2.3.0+dfsg-1 Failed [GCC_ERROR] contrib/champ/champ.c:2787:3: error: unterminated function-like macro invocation
pyotherside 1.5.9-1 Failed [QMAKE_ERROR] Project ERROR: failed to parse default search paths from compiler output
pyqt-qwt 1.02.00-1 Failed [QMAKE_ERROR] Project ERROR: failed to parse default search paths from compiler output
pyqt5chart 5.11.3+dfsg-2 Failed [QMAKE_ERROR] Project ERROR: failed to parse default search paths from compiler output
pyqt5webengine 5.14.0-2 Failed [UNKNOWN] dh_auto_configure: error: pybuild --configure -i python{version} -p "3.8 3.7" returned exit code 13
pyqwt3d 0.1.8-5 Failed [CLANG_ERROR] clang: error: unknown argument: '-ffile-prefix-map=/build/sip4-CxdHva/sip4-4.19.21+dfsg=.'
pyside2 5.13.2-2.2 Failed [PYTHON_TRACEBACK/QMAKE_ERROR] Project ERROR: failed to parse default search paths from compiler output
python-demgengeo 1.4-3 Failed [GCC_ERROR] src/CircMNTableXY2D.cc:285:29: error: 's_output_style' is a protected member of 'MNTable2D'
python-gammu 2.12-1 Failed [BUILDDEPS] E: apt-cache returned no information about python-gammu source
python-poppler-qt5 0.24.2-3 Failed [GCC_ERROR] types.sip:30:56: error: ordered comparison between pointer and zero ('PyObject *' (aka '_object *') and 'int')
python-pyxattr 0.6.1-1 Failed [CLANG_ERROR] clang: error: argument unused during compilation: '-specs=/usr/share/dpkg/no-pie-compile.specs' [-Werror,-Wunused-command-line-argument]
python2.7 2.7.17-1 Failed [GCC_ERROR/CLANG_ERROR/CLANG_LD_ERROR] clang: error: linker command failed with exit code 1 (use -v to see invocation)
python3.7 3.7.6-1 Failed [CLANG_ERROR/CLANG_LD_ERROR] clang: error: linker command failed with exit code 1 (use -v to see invocation)
python3.8 3.8.2~rc2-2 Failed [CONFIGURE_ERROR] configure: error: in `/<<PKGBUILDDIR>>/build-static'
qbittorrent 4.1.7-1 Failed [GCC_ERROR/CLANG_ERROR/CONFIGURE_ERROR/QMAKE_ERROR] Project ERROR: failed to parse default search paths from compiler output
qbrew 0.4.1-8 Failed [UNKNOWN] XXX
qbs 1.13.1-2 Failed [QMAKE_ERROR] Project ERROR: failed to parse default search paths from compiler output
qca2 2.2.1-2 Failed [GCC_ERROR] sh: 1: error: Problems running dot: exit code=127, command='dot', arguments='"/<<PKGBUILDDIR>>/build/apidocs/html/classQCA_1_1TextFilter__coll__graph.dot" -Tpng -o "/<<PKGBUILDDIR>>/build/apidocs/html/classQCA_1_1TextFilter__coll__graph.png"'
qconf 2.4-5 Failed [QMAKE_ERROR] Project ERROR: failed to parse default search paths from compiler output
qdirstat 1.6.1-1 Failed [QMAKE_ERROR] Project ERROR: failed to parse default search paths from compiler output
qelectrotech 1:0.7.0-1 Failed [QMAKE_ERROR] Project ERROR: failed to parse default search paths from compiler output
qemu 1:4.2-3 Failed [CLANG_ERROR] clang: error: unsupported argument '-32' to option 'Wa,'
qgo 2.1~git-20180413-1 Failed [QMAKE_ERROR] Project ERROR: failed to parse default search paths from compiler output
qjackctl 0.6.1-1 Failed [QMAKE_ERROR] Project ERROR: failed to parse default search paths from compiler output
qjackrcd 1.2.0-2 Failed [QMAKE_ERROR] Project ERROR: failed to parse default search paths from compiler output
qlcplus 4.12.2-2 Failed [QMAKE_ERROR] Project ERROR: failed to parse default search paths from compiler output
qlogo 0.92-1 Failed [QMAKE_ERROR] Project ERROR: failed to parse default search paths from compiler output
qnapi 0.1.9-1 Failed [QMAKE_ERROR] Project ERROR: failed to parse default search paths from compiler output
qnetstatview 1.5.6-1 Failed [QMAKE_ERROR] Project ERROR: failed to parse default search paths from compiler output
qoauth 2.0.1~1-3 Failed [QMAKE_ERROR] Project ERROR: failed to parse default search paths from compiler output
qosmic 1.6.0-2 Failed [QMAKE_ERROR] Project ERROR: failed to parse default search paths from compiler output
qpdfview 0.4.18-1 Failed [QMAKE_ERROR] Project ERROR: failed to parse default search paths from compiler output
qpxtool 0.8.0-1 Failed [QMAKE_ERROR] Project ERROR: failed to parse default search paths from compiler output
qqwing 1.3.4-1.1 Failed [UNKNOWN] dpkg-gensymbols: error: some symbols or patterns disappeared in the symbols file: see diff output below
qsampler 0.6.1-1 Failed [QMAKE_ERROR] Project ERROR: failed to parse default search paths from compiler output
qscintilla2 2.11.2+dfsg-5 Failed [QMAKE_ERROR] Project ERROR: failed to parse default search paths from compiler output
qspeakers 1.3.0-1 Failed [QMAKE_ERROR] Project ERROR: failed to parse default search paths from compiler output
qsstv 9.4.4-1 Failed [QMAKE_ERROR] Project ERROR: failed to parse default search paths from compiler output
qstardict 1.3-5 Failed [QMAKE_ERROR] Project ERROR: failed to parse default search paths from compiler output
qt3d-opensource-src 5.12.5+dfsg-1 Failed [QMAKE_ERROR] Project ERROR: failed to parse default search paths from compiler output
qt5ct 0.39-1 Failed [QMAKE_ERROR] Project ERROR: failed to parse default search paths from compiler output
qtads 2.1.7-0.1 Failed [QMAKE_ERROR] Project ERROR: failed to parse default search paths from compiler output
qtav 1.13.0+ds-1 Failed [QMAKE_ERROR] Project ERROR: failed to parse default search paths from compiler output
qtcharts-opensource-src 5.12.5-2 Failed [QMAKE_ERROR] Project ERROR: failed to parse default search paths from compiler output
qtchooser 66-2 Failed [QMAKE_ERROR] Project ERROR: failed to parse default search paths from compiler output
qtconnectivity-opensource-src 5.12.5-1 Failed [QMAKE_ERROR] Project ERROR: failed to parse default search paths from compiler output
qtcreator 4.11.0-2 Failed [QMAKE_ERROR] Project ERROR: failed to parse default search paths from compiler output
qtdatavis3d-everywhere-src 5.12.5-1 Failed [QMAKE_ERROR] Project ERROR: failed to parse default search paths from compiler output
qtdbusextended 0.0.3-4 Failed [QMAKE_ERROR] Project ERROR: failed to parse default search paths from compiler output
qtdeclarative-opensource-src-gles 5.12.5-2 Failed [QMAKE_ERROR] Project ERROR: failed to parse default search paths from compiler output
qtdoc-opensource-src 5.12.5-1 Failed [QMAKE_ERROR] Project ERROR: failed to parse default search paths from compiler output
qtgamepad-everywhere-src 5.12.5-1 Failed [QMAKE_ERROR] Project ERROR: failed to parse default search paths from compiler output
qtgraphicaleffects-opensource-src 5.12.5-2 Failed [QMAKE_ERROR] Project ERROR: failed to parse default search paths from compiler output
qtimageformats-opensource-src 5.12.5-1 Failed [QMAKE_ERROR] Project ERROR: failed to parse default search paths from compiler output
qtmultimedia-opensource-src 5.12.5-1 Failed [QMAKE_ERROR] Project ERROR: failed to parse default search paths from compiler output
qtnetworkauth-everywhere-src 5.12.5-1 Failed [QMAKE_ERROR] Project ERROR: failed to parse default search paths from compiler output
qtop 2.3.4-2 Failed [GCC_ERROR] File.h:327:18: error: qualified reference to 'File' is a constructor name rather than a type in this context
qtpass 1.3.2-1 Failed [QMAKE_ERROR] Project ERROR: failed to parse default search paths from compiler output
qtquickcontrols-opensource-src 5.12.5-1 Failed [QMAKE_ERROR] Project ERROR: failed to parse default search paths from compiler output
qtquickcontrols2-opensource-src 5.12.5+dfsg-2 Failed [QMAKE_ERROR] Project ERROR: failed to parse default search paths from compiler output
qtractor 0.9.12-1 Failed [QMAKE_ERROR] Project ERROR: failed to parse default search paths from compiler output
qtremoteobjects-everywhere-src 5.12.5-2 Failed [QMAKE_ERROR] Project ERROR: failed to parse default search paths from compiler output
qtscxml-everywhere-src 5.12.5-2 Failed [QMAKE_ERROR] Project ERROR: failed to parse default search paths from compiler output
qtsensors-opensource-src 5.12.5-2 Failed [QMAKE_ERROR] Project ERROR: failed to parse default search paths from compiler output
qtserialbus-everywhere-src 5.12.5-1 Failed [QMAKE_ERROR] Project ERROR: failed to parse default search paths from compiler output
qtserialport-opensource-src 5.12.5-1 Failed [QMAKE_ERROR] Project ERROR: failed to parse default search paths from compiler output
qtspeech-opensource-src 5.12.5-1 Failed [QMAKE_ERROR] Project ERROR: failed to parse default search paths from compiler output
qtspell 0.8.5-5 Failed [UNKNOWN] dpkg-gensymbols: error: some symbols or patterns disappeared in the symbols file: see diff output below
qtstyleplugins-src 5.0.0+git23.g335dbec-3 Failed [QMAKE_ERROR] Project ERROR: failed to parse default search paths from compiler output
qtsvg-opensource-src 5.12.5-2 Failed [QMAKE_ERROR] Project ERROR: failed to parse default search paths from compiler output
qttools-opensource-src 5.12.5-2 Failed [QMAKE_ERROR] Project ERROR: failed to parse default search paths from compiler output
qtvirtualkeyboard-opensource-src 5.12.5+dfsg-2 Failed [QMAKE_ERROR] Project ERROR: failed to parse default search paths from compiler output
qtwayland-opensource-src 5.12.5-2 Failed [QMAKE_ERROR] Project ERROR: failed to parse default search paths from compiler output
qtwebchannel-opensource-src 5.12.5-2 Failed [QMAKE_ERROR] Project ERROR: failed to parse default search paths from compiler output
qtwebkit-opensource-src 5.212.0~alpha3-7 Failed [UNKNOWN] XXX
qtwebsockets-opensource-src 5.12.5-2 Failed [QMAKE_ERROR] Project ERROR: failed to parse default search paths from compiler output
qtwebview-opensource-src 5.12.5-1 Failed [QMAKE_ERROR] Project ERROR: failed to parse default search paths from compiler output
qtx11extras-opensource-src 5.12.5-1 Failed [QMAKE_ERROR] Project ERROR: failed to parse default search paths from compiler output
qtxmlpatterns-opensource-src 5.12.5-1 Failed [QMAKE_ERROR] Project ERROR: failed to parse default search paths from compiler output
quickfix 1.15.1+dfsg-2 Failed [UNKNOWN] XXX
quisk 4.1.52-2 Failed [GCC_ERROR] charleston/chas_rx2.c:973:5: error: non-void function 'initchas_rx1' should return a value [-Wreturn-type]
quiterss 0.19.3+dfsg-1 Failed [QMAKE_ERROR] Project ERROR: failed to parse default search paths from compiler output
quotatool 1:1.6.2-5 Failed [CLANG_ERROR/CONFIGURE_ERROR] configure: error: in `/<<PKGBUILDDIR>>'
qviaggiatreno 2013.7.3-9 Failed [QMAKE_ERROR] Project ERROR: failed to parse default search paths from compiler output
qwinff 0.2.1+git20191128-1 Failed [QMAKE_ERROR] Project ERROR: failed to parse default search paths from compiler output
qwt 6.1.4-1.1 Failed [QMAKE_ERROR] Project ERROR: failed to parse default search paths from compiler output
qwtplot3d 0.2.7+svn191+gcc7-3 Failed [QMAKE_ERROR] Project ERROR: failed to parse default search paths from compiler output
qxgedit 0.6.1-1 Failed [QMAKE_ERROR] Project ERROR: failed to parse default search paths from compiler output
radsecproxy 1.8.1-1 Failed [GCC_ERROR] radsecproxy-hash.c:17:2: error: embedding a directive within macro arguments has undefined behavior [-Werror,-Wembedded-directive]
raidutils 0.0.6-22 Failed [GCC_ERROR] command.cpp:1670:7: error: non-constant-expression cannot be narrowed from type 'int' to 'uCHAR' (aka 'unsigned char') in initializer list [-Wc++11-narrowing]
rakarrack 0.6.1-5 Failed [GCC_ERROR] ../../src/rakarrack.cxx:851:43: error: invalid suffix on literal; C++11 requires a space between literal and identifier [-Wreserved-user-defined-literal]
rapmap 0.15.0+dfsg-1 Failed [GCC_ERROR/CLANG_ERROR] KSW2Aligner.hpp:4:10: fatal error: 'memory' file not found
rarcrack 0.2-1 Failed [CLANG_ERROR/CLANG_LD_ERROR] rarcrack.c:(.text+0x529): undefined reference to `nextpass'
rasmol 2.7.6.0-1 Failed [GCC_ERROR/CLANG_ERROR] Imake.tmpl:2243:10: fatal error: ' X11 .rules' file not found
raster3d 3.0-4-1 Failed [GCC_ERROR/LD_ERROR] collect2: error: ld returned 1 exit status
ratpoints 1:2.1.3-1 Failed [GCC_ERROR] ./sturm.c:176:5: error: function definition is not allowed here
raxml 8.2.12+dfsg-4 Failed [GCC_ERROR] avxLikelihood.c:2250:48: error: passing 'simde__m256d' to parameter of incompatible type 'simde__m256i'
rcs 5.9.4-6 Failed [GCC_ERROR] b-excwho.c:126:15: error: format string is not a string literal (potentially insecure) [-Werror,-Wformat-security]
recode 3.6-24 Failed [CLANG_ERROR/CLANG_LD_ERROR] ld: ./.libs/librecode.so: undefined reference to `aliases_lookup'
recoll 1.26.3-1 Failed [QMAKE_ERROR] Project ERROR: failed to parse default search paths from compiler output
redisearch 1:1.2.1-4 Failed [CLANG_ERROR] clang: error: unknown argument: '-ffile-prefix-map=/<<PKGBUILDDIR>>=.'
refind 0.11.4-1 Failed [GCC_ERROR] ./crc32c.c:28:3: error: illegal storage class on function
remctl 3.16-4 Failed [GCC_ERROR] zend_operators.h:517:10: error: 'asm goto' constructs are not supported yet
renaissance 0.9.0-4 Failed [GCC_ERROR/CLANG_ERROR] Foundation.h:31:9: fatal error: 'objc/objc.h' file not found
renderdoc 1.6+dfsg-1 Failed [BUILDDEPS] DEPS
reprepro 5.3.0-1.1 Failed [GCC_ERROR] sourceextraction.c:137:2: error: illegal storage class on function
repsnapper 2.5a5-2 Failed [CLANG_ERROR] error: invalid argument '--std=c++11' not allowed with 'C'
restbed 4.0~dfsg1-5 Failed [GCC_ERROR/CLANG_ERROR] uri.cpp:6:10: fatal error: 'regex' file not found
ri-li 2.0.1+ds-9 Failed [GCC_ERROR] sprite.cc:355:16: error: ordered comparison between pointer and zero ('SDL_Surface *' and 'long')
ricochet-im 1.1.4-3 Failed [QMAKE_ERROR] Project ERROR: failed to parse default search paths from compiler output
ring 20190215.1.f152c98~ds1-1 Failed [CONFIGURE_ERROR] configure: error: dbus does not compile when clang is used, rerun with --without-dbus
rna-star 2.7.3a+dfsg-1 Failed [CLANG_ERROR/CLANG_LD_ERROR] clang: error: linker command failed with exit code 1 (use -v to see invocation)
rnetclient 2017.1-1 Failed [GCC_ERROR] rnetclient.c:78:9: error: missing field 'key' initializer [-Werror,-Wmissing-field-initializers]
rng-tools-debian 2.1 Failed [GCC_ERROR] rngd_linux.c:189:17: error: fields must have a constant size: 'variable length array in structure' extension will never be supported
rng-tools5 5-4 Failed [GCC_ERROR] rngd_linux.c:126:17: error: fields must have a constant size: 'variable length array in structure' extension will never be supported
roaraudio 1.0~beta12-3 Failed [UNKNOWN] XXX
robocut 1.0.11-1 Failed [QMAKE_ERROR] Project ERROR: failed to parse default search paths from compiler output
rocksdb 5.17.2-3 Failed [GCC_ERROR] ./db/internal_stats.h:111:5: error: declaration shadows a variable in namespace 'rocksdb' [-Werror,-Wshadow]
ros-rviz 1.13.7+dfsg-1 Failed [CLANG_ERROR] clang: error: unknown argument: '-ffile-prefix-map=/build/sip4-CxdHva/sip4-4.19.21+dfsg=.'
rsh-redone 85-2 Failed [GCC_ERROR] rlogin.c:388:30: error: function definition is not allowed here
rss-glx 0.9.1-6.1 Failed [GCC_ERROR] hyperspace.cpp:379:19: error: non-constant-expression cannot be narrowed from type 'double' to 'float' in initializer list [-Wc++11-narrowing]
rsyslog 8.2001.0-1 Failed [CLANG_ERROR/CLANG_LD_ERROR] clang: error: linker command failed with exit code 1 (use -v to see invocation)
rtags 2.37-1 Failed [CLANG_ERROR] clang: error: unknown argument: '-ffile-prefix-map=/<<PKGBUILDDIR>>=.'
rtklib 2.4.3+dfsg1-2.1 Failed [QMAKE_ERROR] Project ERROR: failed to parse default search paths from compiler output
ruby-curses 1.2.4-1 Failed [GCC_ERROR/CLANG_ERROR/CLANG_LD_ERROR] conftest.c:14: undefined reference to `init'
ruby2.5 2.5.7-1 Failed [CLANG_ERROR/CLANG_LD_ERROR] ./vm.c:1656: undefined reference to `RUBY_DTRACE_METHOD_RETURN_ENABLED'
ruby2.7 2.7.0-4 Failed [CLANG_ERROR/CLANG_LD_ERROR] ./vm.c:1764: undefined reference to `RUBY_DTRACE_METHOD_RETURN_ENABLED'
runcircos-gui 0.0+git20180828.97703b9-1 Failed [QMAKE_ERROR] Project ERROR: failed to parse default search paths from compiler output
rust-assert-cli 0.6.3-2 Failed [UNKNOWN] dh_auto_test: error: /usr/share/cargo/bin/cargo build returned exit code 101
rust-backtrace-sys 0.1.32-2 Failed [UNKNOWN] dh_auto_test: error: /usr/share/cargo/bin/cargo build returned exit code 101
rust-backtrace 0.3.44-2 Failed [UNKNOWN] dh_auto_test: error: /usr/share/cargo/bin/cargo test --all returned exit code 101
rust-crates-io 0.29.0-1 Failed [UNKNOWN] dh_auto_test: error: /usr/share/cargo/bin/cargo test --all returned exit code 101
rust-debcargo 2.4.2-1 Failed [UNKNOWN] dh_auto_test: error: /usr/share/cargo/bin/cargo test --all returned exit code 101
rust-error-chain 0.12.0-1 Failed [UNKNOWN] dh_auto_test: error: /usr/share/cargo/bin/cargo build returned exit code 101
rust-rustfix 0.4.6-1 Failed [UNKNOWN] dh_auto_test: error: /usr/share/cargo/bin/cargo build returned exit code 101
rust-sloppy-rfc4880 0.1.5-2 Failed [UNKNOWN] dh_auto_test: error: /usr/share/cargo/bin/cargo build returned exit code 101
rust-syslog 4.0.1-2 Failed [UNKNOWN] dh_auto_test: error: /usr/share/cargo/bin/cargo build returned exit code 101
rust-which 3.0.0-2 Failed [UNKNOWN] dh_auto_test: error: /usr/share/cargo/bin/cargo build returned exit code 101
s6 2.9.0.1-2 Failed [UNKNOWN] XXX
sagemath 9.0-1 Failed [GCC_ERROR] [sagelib-9.0] /usr/include/x86_64-linux-gnu/ppl.hh:66465:8: error: missing 'typename' prior to dependent type template name 'OR_Matrix<T>::Pseudo_Row'
sailcut 1.4.1-2 Failed [QMAKE_ERROR] Project ERROR: failed to parse default search paths from compiler output
samba 2:4.11.5+dfsg-1 Failed [PYTHON_TRACEBACK] TypeError: unsupported operand type(s) for +: 'NoneType' and 'list'
samplv1 0.9.12-1 Failed [QMAKE_ERROR] Project ERROR: failed to parse default search paths from compiler output
sasm 3.11.1-1 Failed [QMAKE_ERROR] Project ERROR: failed to parse default search paths from compiler output
sbjson 2.3.2-4 Failed [GCC_ERROR/CLANG_ERROR] Foundation.h:31:9: fatal error: 'objc/objc.h' file not found
scalapack 2.1.0-2 Failed [GCC_ERROR/LD_ERROR] collect2: error: ld returned 1 exit status
scanbd 1.5.1-5 Failed [CLANG_ERROR] error: unknown warning option '-Werror=clobbered' [-Werror,-Wunknown-warning-option]
scantool 2.0-1 Failed [GCC_ERROR] about.c:36:100: error: illegal character encoding in string literal [-Werror,-Winvalid-source-encoding]
schroot 1.6.10-9 Failed [GCC_ERROR] sbuild-basic-keyfile.tcc:217:18: error: no viable overloaded '='
scim 1.4.18-2.2 Failed [GCC_ERROR] scim_panel_gtk.cpp:2563:34: error: type 'double' cannot be narrowed to 'guint16' (aka 'unsigned short') in initializer list [-Wc++11-narrowing]
scipy 1.3.3-3 Failed [PYTHON_TRACEBACK] XXX
scram 0.16.2-1 Failed [GCC_ERROR] preprocessor.h:51:17: error: constexpr if condition evaluates to 2, which cannot be narrowed to type 'bool' [-Wc++11-narrowing]
scrm 1.7.3-1 Failed [CLANG_ERROR/CLANG_LD_ERROR] clang: error: linker command failed with exit code 1 (use -v to see invocation)
sdl-ball 1.02-2 Failed [GCC_ERROR] ./menu.cpp:207:47: error: invalid suffix on literal; C++11 requires a space between literal and identifier [-Wreserved-user-defined-literal]
sdl-mixer1.2 1.2.12-16 Failed [GCC_ERROR] music_mad.c:227:2: error: non-void function 'mad_getSamples' should return a value [-Wreturn-type]
sdlbasic 0.0.20070714-6 Failed [GCC_ERROR] ScintillaGTK.cxx:1356:6: error: non-constant-expression cannot be narrowed from type 'int' to 'guint' (aka 'unsigned int') in initializer list [-Wc++11-narrowing]
sdrangelove 0.0.1.20150707-3 Failed [GCC_ERROR] miniz.cpp:2782:72: error: non-constant-expression cannot be narrowed from type 'char' to 'mz_uint8' (aka 'unsigned char') in initializer list [-Wc++11-narrowing]
seaview 1:4.7-1 Failed [GCC_ERROR] seaview.cxx:3352:24: error: invalid suffix on literal; C++11 requires a space between literal and identifier [-Wreserved-user-defined-literal]
ser-player 1.7.3-1 Failed [QMAKE_ERROR] Project ERROR: failed to parse default search paths from compiler output
setools 4.2.2-1 Failed [CLANG_ERROR] error: unknown warning option '-Wno-suggest-attribute=format'; did you mean '-Wno-property-attribute-mismatch'? [-Werror,-Wunknown-warning-option]
seyon 2.20c-32 Failed [GCC_ERROR/CLANG_ERROR] Imake.tmpl:2243:10: fatal error: ' X11 .rules' file not found
shelxle 1.0.1062-1 Failed [QMAKE_ERROR] Project ERROR: failed to parse default search paths from compiler output
shotcut 20.02.17-2 Failed [QMAKE_ERROR] Project ERROR: failed to parse default search paths from compiler output
shutdown-qapps 1.7.4-1 Failed [QMAKE_ERROR] Project ERROR: failed to parse default search paths from compiler output
siconos 4.2.0+git20181026.0ee5349+dfsg.2-2 Failed [UNKNOWN] dh_auto_test: error: cd obj-x86_64-linux-gnu && make -j1 test "ARGS=-E 'fc3d__NSN_AC_Tol_1e-5_Max_1000_inTol_0_inMax_0_IPARAM_1_Capsules-i100-1090|fc3d__NSN_AC_TEST_Tol_1e-5_Max_1000_inTol_0_inMax_0_IPARAM_1_Capsules-i101-404|fc3d__NSN_AC_TEST_Tol_1e-3_Max_1000_inTol_0_inMax_0_Capsules-i101-404|fc3d__ADMM_Tol_1e-08_Max_100000_inTol_0_inMax_0_IPARAM_SICONOS_FRICTION_3D_ADMM_RHO_STRATEGY_RESIDUAL_BALANCING_LMGC_100_PR_PerioBox-i00361-60-03000.hdf5|fc3d__ADMM_Tol_1e-08_Max_100000_inTol_0_inMax_0_IPARAM_SICONOS_FRICTION_3D_ADMM_RHO_STRATEGY_RESIDUAL_BALANCING_SICONOS_FRICTION_3D_ADMM_FORCED_SPARSE_STORAGE_LMGC_100_PR_PerioBox-i00361-60-03000.hdf5|gfc3d__NSN_AC_Tol_0_Max_0_inTol_0_inMax_0_LMGC_GFC3D_CubeH8.hdf5|gfc3d__NSN_AC_Tol_1e-14_Max_0_inTol_0_inMax_0_LMGC_GFC3D-i00501-4-00000.hdf5|TwistingTest::test_ExplicitTwisting_Lsodar'" ARGS\+=-j1 returned exit code 2
signon-plugin-oauth2 0.22-1 Failed [QMAKE_ERROR] Project ERROR: failed to parse default search paths from compiler output
signond 8.59-2 Failed [QMAKE_ERROR] Project ERROR: failed to parse default search paths from compiler output
simgear 1:2019.1.1+dfsg-3 Failed [GCC_ERROR/CLANG_ERROR] sg_inlines.h:26:10: fatal error: 'type_traits' file not found
simhash 0.0.20161225-1 Failed [UNKNOWN] XXX
simutrans 120.4.1-1 Failed [GCC_ERROR] gui/simwin.cc:498:11: error: case value evaluates to -1, which cannot be narrowed to type 'uint32' (aka 'unsigned int') [-Wc++11-narrowing]
sip4 4.19.21+dfsg-1 Failed [CLANG_ERROR] clang: error: unknown argument: '-ffile-prefix-map=/<<PKGBUILDDIR>>=.'
sipxtapi 3.3.0~test17-3 Failed [GCC_ERROR] utl/UtlString.cpp:735:77: error: invalid suffix on literal; C++11 requires a space between literal and identifier [-Wreserved-user-defined-literal]
skiboot 6.5.2-1 Failed [CLANG_ERROR] clang: error: argument unused during compilation: '-specs=/usr/share/dpkg/no-pie-compile.specs' [-Werror,-Wunused-command-line-argument]
sks-ecc 0.93-6 Failed [GCC_ERROR] tfm/mpi.c:2565:15: error: unknown register name '%cc' in asm
skstream 0.3.9-4 Failed [GCC_ERROR] skpoll.cpp:66:33: error: non-constant-expression cannot be narrowed from type 'unsigned long' to '__time_t' (aka 'long') in initializer list [-Wc++11-narrowing]
skypat 3.1.1-3 Failed [UNKNOWN] dpkg-gensymbols: error: some symbols or patterns disappeared in the symbols file: see diff output below
sleuthkit 4.6.7-1 Failed [UNKNOWN] dpkg-gensymbols: error: some symbols or patterns disappeared in the symbols file: see diff output below
slic3r 1.3.0+dfsg1-3 Failed [UNKNOWN] Can't exec "clang++": No such file or directory at /usr/share/perl/5.30/ExtUtils/CBuilder/Base.pm line 342.
slim 1.3.6-5.1 Failed [GCC_ERROR] panel.cpp:51:13: error: ordered comparison between pointer and zero ('GC' (aka '_XGC *') and 'int')
smbc 1.2.2-4 Failed [GCC_ERROR] smbc.c:316:2: error: function definition is not allowed here
smplayer 19.10.2~ds0-1 Failed [QMAKE_ERROR] Project ERROR: failed to parse default search paths from compiler output
smtube 18.3.0-1 Failed [QMAKE_ERROR] Project ERROR: failed to parse default search paths from compiler output
snacc 1.3.1-7 Failed [UNKNOWN] dpkg-gensymbols: error: some symbols or patterns disappeared in the symbols file: see diff output below
snap-aligner 1.0~beta.18+dfsg-3 Failed [GCC_ERROR] SNAPLib/AlignerContext.cpp:341:34: error: expected ')'
snoopy 2.4.6-6 Failed [GCC_ERROR] domain.c:119:23: error: expression which evaluates to zero treated as a null pointer constant of type 'char *' [-Werror,-Wnon-literal-null-conversion]
soapyremote 0.5.1-2 Failed [CLANG_ERROR/CLANG_LD_ERROR] ld: CMakeFiles/SoapySDRServer.dir/ServerListener.cpp.o: undefined reference to symbol 'pthread_create@@GLIBC_2.2.5'
soapysdr 0.7.1-3 Failed [CLANG_ERROR/CLANG_LD_ERROR] ld: ../lib/libSoapySDR.so.0.7.1: undefined reference to `pthread_create'
socnetv 2.4-1 Failed [QMAKE_ERROR] Project ERROR: failed to parse default search paths from compiler output
sogo 4.3.0-1 Failed [GCC_ERROR/CLANG_ERROR] GSObjCRuntime.h:58:11: fatal error: 'objc/objc.h' file not found
sonic-pi 2.10.0~repack-2.1 Failed [QMAKE_ERROR] Project ERROR: failed to parse default search paths from compiler output
sonic-visualiser 4.0.1-1 Failed [GCC_ERROR/CLANG_ERROR/CONFIGURE_ERROR/QMAKE_ERROR] Project ERROR: failed to parse default search paths from compiler output
sonnet 5.62.0-1 Failed [UNKNOWN] dpkg-gensymbols: error: some symbols or patterns disappeared in the symbols file: see diff output below
sope 4.3.0-1 Failed [GCC_ERROR/CLANG_ERROR] GSObjCRuntime.h:58:11: fatal error: 'objc/objc.h' file not found
soundmodem 0.20-5 Failed [GCC_ERROR] ../matlib/mat.hh:452:6: error: assigning to 'unsigned int *' from incompatible type 'void *'
source-highlight 3.1.9-1 Failed [GCC_ERROR] ./stdboosterror.h:7:72: error: parameter declarator cannot be qualified
spacearyarya 1.0.2-7.1 Failed [GCC_ERROR] ranking.c:18:5: error: non-void function 'ScoreRanking' should return a value [-Wreturn-type]
spades 3.13.1+dfsg-2 Failed [GCC_ERROR/CLANG_ERROR] AffineAlignment.hpp:44:10: fatal error: 'string' file not found
spaln 2.4.0+dfsg-2 Failed [CLANG_ERROR/CLANG_LD_ERROR] clang: error: linker command failed with exit code 1 (use -v to see invocation)
sparse 0.6.1-2 Failed [GCC_ERROR] +/usr/include/stdio.h:27:11: error: unable to open 'bits/libc-header-start.h'
spdlog 1:1.5.0-1 Failed [UNKNOWN] dpkg-gensymbols: error: some symbols or patterns disappeared in the symbols file: see diff output below
speech-dispatcher 0.9.1-4 Failed [GCC_ERROR] ./module_utils.h:125:63: error: invalid suffix on literal; C++11 requires a space between literal and identifier [-Wreserved-user-defined-literal]
sphde 1.4.0-2 Failed [CLANG_ERROR] clang: error: argument unused during compilation: '-mhtm' [-Werror,-Wunused-command-line-argument]
sphinxbase 0.8+5prealpha+1-8 Failed [UNKNOWN] dh_auto_test: error: cd build-python3.8 && make -j4 check VERBOSE=1 returned exit code 2
sphinxsearch 2.2.11-2 Failed [GCC_ERROR] sphinx.cpp:27823:15: error: invalid suffix on literal; C++11 requires a space between literal and identifier [-Wreserved-user-defined-literal]
spim 8.0+dfsg-6.1 Failed [GCC_ERROR/CLANG_ERROR] Imake.tmpl:2243:10: fatal error: ' X11 .rules' file not found
splat 1.4.2-3 Failed [CLANG_ERROR/CLANG_LD_ERROR] clang: error: linker command failed with exit code 1 (use -v to see invocation)
spoa 3.0.1-1 Failed [UNKNOWN] dpkg-gensymbols: error: some symbols or patterns disappeared in the symbols file: see diff output below
ssm 1.4.0-1 Failed [GCC_ERROR] superpose.cpp:117:10: error: invalid suffix on literal; C++11 requires a space between literal and identifier [-Wreserved-user-defined-literal]
sssd 2.2.3-1.1 Failed [GCC_ERROR] ../src/providers/ldap/ldap_id.c:1412:5: error: implicit declaration of function 'SSSD_SDAP_ACCT_REQ_SEND_ENABLED' is invalid in C99 [-Werror,-Wimplicit-function-declaration]
ssvnc 1.0.29-5 Failed [GCC_ERROR/CLANG_ERROR] Imake.tmpl:2243:10: fatal error: ' X11 .rules' file not found
stalin 0.11-6 Failed [CLANG_ERROR] clang: error: unsupported option '-freg-struct-return' for target 'x86_64-pc-linux-gnu'
stardict 3.0.6+dfsg-0.3 Failed [GCC_ERROR] storage.cpp:796:60: error: invalid suffix on literal; C++11 requires a space between literal and identifier [-Wreserved-user-defined-literal]
stdsyslog 0.03.3-3 Failed [GCC_ERROR] stdsyslog.c:560:121: error: format specifies type 'void *' but the argument has type 'char *' [-Werror,-Wformat-pedantic]
steptalk 0.10.0-6 Failed [GCC_ERROR/CLANG_ERROR] GSObjCRuntime.h:58:11: fatal error: 'objc/objc.h' file not found
stockfish 11-1 Failed [CLANG_ERROR/CLANG_LD_ERROR] clang: error: linker command failed with exit code 1 (use -v to see invocation)
stormbaancoureur 2.1.6-2 Failed [GCC_ERROR] ./carpettrack.h:18:55: error: non-constant-expression cannot be narrowed from type 'double' to 'float' in initializer list [-Wc++11-narrowing]
stressapptest 1.0.6-2 Failed [GCC_ERROR] worker.cc:2994:14: error: case value evaluates to -5, which cannot be narrowed to type 'unsigned long' [-Wc++11-narrowing]
structure-synth 1.5.0-6 Failed [QMAKE_ERROR] Project ERROR: failed to parse default search paths from compiler output
styx 2.0.1-1 Failed [GCC_ERROR] sysbase1.c:579:50: error: invalid token at start of a preprocessor expression
subtitleeditor 0.54.0-3 Failed [GCC_ERROR] document.cc:81:40: error: addition of default argument on redeclaration makes this constructor a copy constructor
suil 0.10.6-1 Failed [UNKNOWN] XXX
sunclock 3.57-10 Failed [GCC_ERROR/CLANG_ERROR] Imake.tmpl:2243:10: fatal error: ' X11 .rules' file not found
sundials 3.1.2+dfsg-3 Failed [GCC_ERROR/LD_ERROR] collect2: error: ld returned 1 exit status
supercollider-sc3-plugins 3.9.1~repack-3 Failed [GCC_ERROR/CLANG_ERROR] Dfm1.cpp:22:10: fatal error: 'cmath' file not found
supercollider 1:3.10.0+repack-1 Failed [GCC_ERROR/CLANG_ERROR] SC_SndBuf.h:29:10: fatal error: 'atomic' file not found
supermin 5.1.20-2 Failed [CLANG_ERROR] clang: error: unsupported option '-specs /usr/lib/x86_64-linux-musl/musl-gcc.specs'
svn-all-fast-export 1.0.16+git20190806-1 Failed [QMAKE_ERROR] Project ERROR: failed to parse default search paths from compiler output
swami 2.2.0-2 Failed [UNKNOWN] dpkg-gensymbols: error: some symbols or patterns disappeared in the symbols file: see diff output below
switchsh 0~20070801-4 Failed [GCC_ERROR] switchsh.c:69:14: error: unused parameter 'argc' [-Werror,-Wunused-parameter]
syndication 1:5.62.0-3 Failed [UNKNOWN] dpkg-gensymbols: error: some symbols or patterns disappeared in the symbols file: see diff output below
synthv1 0.9.12-1 Failed [QMAKE_ERROR] Project ERROR: failed to parse default search paths from compiler output
syslinux 3:6.04~git20190206.bf6db5b4+dfsg1-2 Failed [GCC_ERROR/CLANG_ERROR] stdarg.h:9:15: fatal error: 'stdarg.h' file not found
sysprof 3.34.1-2 Failed [GCC_ERROR] ../src/libsysprof-ui/sysprof-profiler-assistant.c:238:23: error: declaration shadows a variable in the global scope [-Werror,-Wshadow]
systemc 2.3.3-4 Failed [UNKNOWN] dpkg-gensymbols: error: some symbols or patterns disappeared in the symbols file: see diff output below
systemd 244.3-1 Failed [CLANG_ERROR/CLANG_LD_ERROR] clang: error: linker command failed with exit code 1 (use -v to see invocation)
systempreferences.app 1.2.0-2 Failed [GCC_ERROR/CLANG_ERROR] Foundation.h:31:9: fatal error: 'objc/objc.h' file not found
systemtap 4.2-3 Failed [GCC_ERROR] ./elaborate.h:202:16: error: 'derived_probe::printsig' hides overloaded virtual function [-Werror,-Woverloaded-virtual]
t-coffee 12.00.7fb08c2-4 Failed [GCC_ERROR] dp_lib/evaluate_dirichlet.c:543:8: error: 'lgamma_r' is missing exception specification 'throw()'
taglib 1.11.1+dfsg.1-0.3 Failed [UNKNOWN] dpkg-gensymbols: error: some symbols or patterns disappeared in the symbols file: see diff output below
talksoup.app 1.0alpha-32-g55b4d4e-2 Failed [GCC_ERROR/CLANG_ERROR] GSObjCRuntime.h:58:11: fatal error: 'objc/objc.h' file not found
talloc 2.3.0-3 Failed [PYTHON_TRACEBACK] TypeError: unsupported operand type(s) for +: 'NoneType' and 'list'
tanglet 1.5.5-1 Failed [QMAKE_ERROR] Project ERROR: failed to parse default search paths from compiler output
tarantool-lts 1.5.5.37.g1687c02-1 Failed [GCC_ERROR] ecb.h:475:42: error: '_Noreturn' keyword must precede function declarator
task 2.5.1+dfsg-8 Failed [GCC_ERROR/CLANG_ERROR] Color.h:30:10: fatal error: 'string' file not found
tbb 2020.1-2 Failed [UNKNOWN] dpkg-gensymbols: error: some symbols or patterns disappeared in the symbols file: see diff output below
tcm 2.20+TSQD-5 Failed [GCC_ERROR] c2r2mlistline.c:423:71: error: ordered comparison between pointer and zero ('CBDMessage *' and 'int')
tcpreen 1.4.4-2 Failed [GCC_ERROR] main.cpp:111:27: error: invalid suffix on literal; C++11 requires a space between literal and identifier [-Wreserved-user-defined-literal]
tcpspy 1.7d-13 Failed [GCC_ERROR] tcpspy.c:721:7: error: non-void function 'main' should return a value [-Wreturn-type]
tcptrack 1.4.2-2 Failed [GCC_ERROR] ./IPAddress.h:19:58: error: all paths through this function will call itself [-Werror,-Winfinite-recursion]
tdb 1.4.2-3 Failed [PYTHON_TRACEBACK] TypeError: unsupported operand type(s) for +: 'NoneType' and 'list'
tea 47.1.0-1 Failed [QMAKE_ERROR] Project ERROR: failed to parse default search paths from compiler output
teckit 2.5.8+ds2-5 Failed [UNKNOWN] dpkg-gensymbols: error: some symbols or patterns disappeared in the symbols file: see diff output below
telegram-cli 1.3.1+git20160323.6547c0b21-1 Failed [GCC_ERROR] lua-tg.c:664:27: error: unused function 'get_peer' [-Werror,-Wunused-function]
telepathy-logger-qt 17.08.0-4 Failed [UNKNOWN] dpkg-gensymbols: error: some symbols or patterns disappeared in the symbols file: see diff output below
telepathy-qt 0.9.8+ds-2 Failed [PYTHON_TRACEBACK] dpkg-gensymbols: error: some symbols or patterns disappeared in the symbols file: see diff output below
tennix 1.1-3.1 Failed [CLANG_ERROR] clang: error: cannot specify -o when generating multiple output files
terminal.app 0.9.9-2 Failed [GCC_ERROR/CLANG_ERROR] GSObjCRuntime.h:58:11: fatal error: 'objc/objc.h' file not found
tesseract 4.1.1-2 Failed [CLANG_ERROR/CLANG_LD_ERROR] ./src/lstm/weightmatrix.cpp:296: undefined reference to `__kmpc_for_static_fini'
tetzle 2.1.5+dfsg1-1 Failed [QMAKE_ERROR] Project ERROR: failed to parse default search paths from compiler output
texstudio 2.12.22+debian-1 Failed [QMAKE_ERROR] Project ERROR: failed to parse default search paths from compiler output
textedit.app 5.0-2 Failed [GCC_ERROR/CLANG_ERROR] Foundation.h:31:9: fatal error: 'objc/objc.h' file not found
tgif 1:4.2.5-1.3 Failed [GCC_ERROR/CLANG_ERROR] Imake.tmpl:2243:10: fatal error: ' X11 .rules' file not found
tgt 1:1.0.79-2 Failed [GCC_ERROR] ./log.h:93:9: error: 'dprintf' macro redefined [-Werror,-Wmacro-redefined]
thc-ipv6 3.6-1 Failed [CLANG_ERROR] clang: error: unknown argument: '-freorder-blocks-and-partition'
theano 1.0.4+dfsg-1 Failed [GCC_ERROR/PYTHON_TRACEBACK] [0;31mException[0m: ('The following error happened while compiling the node', Elemwise{Composite{scalar_sigmoid((i0 + i1))}}[(0, 0)](Dot22.0, InplaceDimShuffle{x,0}.0), '\n', "Compilation failed (return status=1): /<<PKGBUILDDIR>>/jupyter_tmp/.pybuild/compiledir_Linux-4.19--cloud-amd64-x86_64-with-debian-bullseye-sid--3.7.6-64/tmpgxralr9r/mod.cpp:463:27: error: non-constant-expression cannot be narrowed from type 'npy_intp' (aka 'long') to 'int' in initializer list [-Wc++11-narrowing].     int init_totals[2] = {V3_n0, V3_n1};.                           ^~~~~. /<<PKGBUILDDIR>>/jupyter_tmp/.pybuild/compiledir_Linux-4.19--cloud-amd64-x86_64-with-debian-bullseye-sid--3.7.6-64/tmpgxralr9r/mod.cpp:463:27: note: insert an explicit cast to silence this issue.     int init_totals[2] = {V3_n0, V3_n1};.                           ^~~~~.                           static_cast<int>( ). /<<PKGBUILDDIR>>/jupyter_tmp/.pybuild/compiledir_Linux-4.19--cloud-amd64-x86_64-with-debian-bullseye-sid--3.7.6-64/tmpgxralr9r/mod.cpp:463:34: error: non-constant-expression cannot be narrowed from type 'npy_intp' (aka 'long') to 'int' in initializer list [-Wc++11-narrowing].     int init_totals[2] = {V3_n0, V3_n1};.                                  ^~~~~. /<<PKGBUILDDIR>>/jupyter_tmp/.pybuild/compiledir_Linux-4.19--cloud-amd64-x86_64-with-debian-bullseye-sid--3.7.6-64/tmpgxralr9r/mod.cpp:463:34: note: insert an explicit cast to silence this issue.     int init_totals[2] = {V3_n0, V3_n1};.                                  ^~~~~.                                  static_cast<int>( ). /<<PKGBUILDDIR>>/jupyter_tmp/.pybuild/compiledir_Linux-4.19--cloud-amd64-x86_64-with-debian-bullseye-sid--3.7.6-64/tmpgxralr9r/mod.cpp:475:9: error: non-constant-expression cannot be narrowed from type 'ssize_t' (aka 'long') to 'int' in initializer list [-Wc++11-narrowing].         V3_stride0, V3_stride1, .         ^~~~~~~~~~. /<<PKGBUILDDIR>>/jupyter_tmp/.pybuild/compiledir_Linux-4.19--cloud-amd64-x86_64-with-debian-bullseye-sid--3.7.6-64/tmpgxralr9r/mod.cpp:475:9: note: insert an explicit cast to silence this issue.         V3_stride0, V3_stride1, .         ^~~~~~~~~~.         static_cast<int>( ). /<<PKGBUILDDIR>>/jupyter_tmp/.pybuild/compiledir_Linux-4.19--cloud-amd64-x86_64-with-debian-bullseye-sid--3.7.6-64/tmpgxralr9r/mod.cpp:475:21: error: non-constant-expression cannot be narrowed from type 'ssize_t' (aka 'long') to 'int' in initializer list [-Wc++11-narrowing].         V3_stride0, V3_stride1, .                     ^~~~~~~~~~. /<<PKGBUILDDIR>>/jupyter_tmp/.pybuild/compiledir_Linux-4.19--cloud-amd64-x86_64-with-debian-bullseye-sid--3.7.6-64/tmpgxralr9r/mod.cpp:475:21: note: insert an explicit cast to silence this issue.         V3_stride0, V3_stride1, .                     ^~~~~~~~~~.                     static_cast<int>( ). /<<PKGBUILDDIR>>/jupyter_tmp/.pybuild/compiledir_Linux-4.19--cloud-amd64-x86_64-with-debian-bullseye-sid--3.7.6-64/tmpgxralr9r/mod.cpp:476:4: error: non-constant-expression cannot be narrowed from type 'ssize_t' (aka 'long') to 'int' in initializer list [-Wc++11-narrowing]. 0, V5_stride1.    ^~~~~~~~~~. /<<PKGBUILDDIR>>/jupyter_tmp/.pybuild/compiledir_Linux-4.19--cloud-amd64-x86_64-with-debian-bullseye-sid--3.7.6-64/tmpgxralr9r/mod.cpp:476:4: note: insert an explicit cast to silence this issue. 0, V5_stride1.    ^~~~~~~~~~.    static_cast<int>( ). 5 errors generated.. ", '[Elemwise{Composite{scalar_sigmoid((i0 + i1))}}[(0, 0)](<TensorType(float64, matrix)>, <TensorType(float64, row)>)]')
thermald 1.9.1-1 Failed [CLANG_ERROR] error: unknown warning option '-Wunused-but-set-variable'; did you mean '-Wunused-const-variable'? [-Werror,-Wunknown-warning-option]
theseus 3.3.0-8 Failed [CLANG_ERROR] error: unknown warning option '-Wformat-truncation=0' [-Werror,-Wunknown-warning-option]
thin-provisioning-tools 0.8.5-4 Failed [SEGMENTATION_FAULT] XXX
threadweaver 5.62.0-1 Failed [UNKNOWN] dpkg-gensymbols: error: some symbols or patterns disappeared in the symbols file: see diff output below
tiatracker 1.3-2 Failed [QMAKE_ERROR] Project ERROR: failed to parse default search paths from compiler output
tideways 5.0.2-1 Failed [GCC_ERROR] zend_operators.h:517:10: error: 'asm goto' constructs are not supported yet
tightvnc 1:1.3.9-9.1 Failed [GCC_ERROR/CLANG_ERROR] Imake.tmpl:2243:10: fatal error: ' X11 .rules' file not found
tiled-qt 1.3.2-1 Failed [QMAKE_ERROR] Project ERROR: failed to parse default search paths from compiler output
timemon.app 4.2-2 Failed [GCC_ERROR/CLANG_ERROR] GSObjCRuntime.h:58:11: fatal error: 'objc/objc.h' file not found
tipp10 2.1.0-3 Failed [QMAKE_ERROR] Project ERROR: failed to parse default search paths from compiler output
tlsh 3.4.4+20151206-1.3 Failed [GCC_ERROR] rand_tags.cpp:369:39: error: ordered comparison between pointer and zero ('int *' and 'int')
torcs 1.3.7+dfsg-4 Failed [GCC_ERROR] driver.cpp:805:13: error: non-constant-expression cannot be narrowed from type 'double' to 'float' in initializer list [-Wc++11-narrowing]
tpm2-tools 4.1.1-1 Failed [CLANG_ERROR] error: unknown warning option '-Wstringop-overflow=4'; did you mean '-Wshift-overflow'? [-Werror,-Wunknown-warning-option]
trabucco 1.1-1 Failed [QMAKE_ERROR] Project ERROR: failed to parse default search paths from compiler output
trinityrnaseq 2.6.6+dfsg-6 Failed [CLANG_ERROR] clang: error: unknown argument: '-fno-nonansi-builtins'
troffcvt 1.04-24 Failed [UNKNOWN] XXX
ttfautohint 1.8.3-2 Failed [GCC_ERROR/CLANG_ERROR/CLANG_LD_ERROR/CONFIGURE_ERROR/QMAKE_ERROR] Project ERROR: failed to parse default search paths from compiler output
tupi 0.2+git08-2 Failed [UNKNOWN] make[2]: *** No targets specified and no makefile found.  Stop.
tutka 1.1.3-2 Failed [QMAKE_ERROR] Project ERROR: failed to parse default search paths from compiler output
tvc 5.0.3+git20151221.80e144e+dfsg-2 Failed [GCC_ERROR] Utils.cpp:318:16: error: variable-sized object may not be initialized
tvoe 0.1-1 Failed [CLANG_ERROR/CLANG_LD_ERROR] clang: error: linker command failed with exit code 1 (use -v to see invocation)
u-boot 2020.01+dfsg-2 Failed [UNKNOWN] XXX
ucblogo 6.1-0.1 Failed [GCC_ERROR] main.c:105:5: error: void function 'logo_stop' should not return a value [-Wreturn-type]
ucommon 7.0.0-16 Failed [CLANG_ERROR/CLANG_LD_ERROR] ld: ../corelib/.libs/libucommon.so: undefined reference to `__atomic_is_lock_free'
udisks2 2.8.4-1 Failed [UNKNOWN] dh_auto_test: error: make -j4 check VERBOSE=1 returned exit code 2
uefitool 0.27.0-1 Failed [QMAKE_ERROR] Project ERROR: failed to parse default search paths from compiler output
uftrace 0.9.3-1 Failed [CLANG_ERROR] clang: error: unknown argument: '-ffile-prefix-map=/<<PKGBUILDDIR>>=.'
uhub 0.4.1-3.1 Failed [CLANG_ERROR/CLANG_LD_ERROR] clang: error: linker command failed with exit code 1 (use -v to see invocation)
uid-wrapper 1.2.4+dfsg1-1 Failed [GCC_ERROR] uid_wrapper.c:2077:10: error: static function 'libc_getgroups' is used in an inline function with external linkage [-Werror,-Wstatic-in-inline]
uim 1:1.8.8-6.1 Failed [GCC_ERROR/CLANG_ERROR/CLANG_LD_ERROR/QMAKE_ERROR] Project ERROR: failed to parse default search paths from compiler output
ukopp 4.9-1 Failed [GCC_ERROR] ukopp-4.9.cc:1277:42: error: invalid suffix on literal; C++11 requires a space between literal and identifier [-Wreserved-user-defined-literal]
ukui-biometric-manager 1.0.1-1 Failed [QMAKE_ERROR] Project ERROR: failed to parse default search paths from compiler output
ukui-control-center 1.1.6-2 Failed [GCC_ERROR] gsp-app.c:984:9: error: non-void function 'gsp_app_create' should return a value [-Wreturn-type]
ukui-greeter 1.1.9-1 Failed [QMAKE_ERROR] Project ERROR: failed to parse default search paths from compiler output
ukui-media 2.0.0-1 Failed [QMAKE_ERROR] Project ERROR: failed to parse default search paths from compiler output
ukui-menu 2.0.1-1 Failed [QMAKE_ERROR] Project ERROR: failed to parse default search paths from compiler output
ukui-power-manager 2.0.0-1 Failed [GCC_ERROR] gpm-manager.c:1233:3: error: void function 'gpm_manager_engine_close_notify_cb' should not return a value [-Wreturn-type]
ukui-screensaver 2.0.10-1 Failed [GCC_ERROR] fullbackgroundwidget.cpp:92:16: error: ordered comparison between pointer and zero ('int (*)(int, const struct sockaddr *, socklen_t)' (aka 'int (*)(int, const sockaddr *, unsigned int)') and 'int')
ukui-window-switch 2.0.0-1 Failed [QMAKE_ERROR] Project ERROR: failed to parse default search paths from compiler output
ultracopier 1.6.1.3-1 Failed [QMAKE_ERROR] Project ERROR: failed to parse default search paths from compiler output
umockdev 0.14.1-1 Failed [UNKNOWN] dh_auto_test: error: make -j4 check VERBOSE=1 returned exit code 2
unar 1.10.1-2 Failed [GCC_ERROR/CLANG_ERROR] Foundation.h:31:9: fatal error: 'objc/objc.h' file not found
unarr 1.0.1-1 Failed [CLANG_ERROR/CLANG_LD_ERROR] clang: error: linker command failed with exit code 1 (use -v to see invocation)
unicap 0.9.12+repack20150328.0.git2c600ae-2 Failed [GCC_ERROR] dcam_juju_capture.c:286:12: error: fields must have a constant size: 'variable length array in structure' extension will never be supported
uniutils 2.27-2 Failed [GCC_ERROR] unifuzz.c:109:44: error: non-void function 'EmitAllRanges' should return a value [-Wreturn-type]
unscd 0.53-1 Failed [GCC_ERROR] nscd.c:2448:9: error: fields must have a constant size: 'variable length array in structure' extension will never be supported
urjtag 0.10+r2007-1.2 Failed [GCC_ERROR] ../../include/libiberty.h:589:12: error: expected parameter declarator
usermode 1.113-1 Failed [CLANG_ERROR/CLANG_LD_ERROR] ./userhelper.c:243: undefined reference to `powl'
uvloop 0.14.0+ds1-1 Failed [BUILD_TIMEOUT] E: Build killed with signal TERM after 150 minutes of inactivity
uwsgi 2.0.18-7 Failed [CLANG_ERROR/CLANG_LD_ERROR] clang: error: linker command failed with exit code 1 (use -v to see invocation)
v4l-utils 1.18.0-2 Failed [GCC_ERROR] ir-encode.c:38:2: error: function definition is not allowed here
valentina 0.6.1~dfsg-9 Failed [QMAKE_ERROR] Project ERROR: failed to parse default search paths from compiler output
varconf 1.0.1-6 Failed [UNKNOWN] dpkg-gensymbols: error: some symbols or patterns disappeared in the symbols file: see diff output below
vdr-plugin-dvd 0.3.6~b03+cvs20090426.0013-28 Failed [GCC_ERROR] player-dvd.c:3083:33: error: non-constant-expression cannot be narrowed from type 'uint16_t' (aka 'unsigned short') to 'char' in initializer list [-Wc++11-narrowing]
vdr-plugin-epgsearch 2.4.0+git20191101-1 Failed [GCC_ERROR] epgsearchext.c:1427:53: error: ordered comparison between pointer and zero ('char *' and 'int')
vdr-plugin-fritzbox 1.5.3-9 Failed [GCC_ERROR] notifyosd.cpp:131:23: error: non-constant-expression cannot be narrowed from type 'unsigned int' to 'int' in initializer list [-Wc++11-narrowing]
vdr-plugin-mp3 0.10.2-25 Failed [GCC_ERROR] data-mp3.c:46:30: error: invalid suffix on literal; C++11 requires a space between literal and identifier [-Wreserved-user-defined-literal]
vdr-plugin-osdserver 0.1.3-20 Failed [GCC_ERROR] ./osdobjects.h:59:19: error: ISO C++11 does not allow access declarations; use using declarations instead
vdr-plugin-xine 0.9.4-17 Failed [GCC_ERROR] xineDevice.c:1401:19: error: non-constant-expression cannot be narrowed from type 'int' to 'uchar' (aka 'unsigned char') in initializer list [-Wc++11-narrowing]
vdr 2.4.1-4 Failed [GCC_ERROR] recording.c:3028:17: error: ordered comparison between pointer and zero ('cUnbufferedFile *' and 'int')
verbiste 0.1.47-1 Failed [CLANG_ERROR/CLANG_LD_ERROR] clang: error: linker command failed with exit code 1 (use -v to see invocation)
vflib3 3.6.14.dfsg-3+nmu4 Failed [GCC_ERROR/CLANG_ERROR] Imake.tmpl:2243:10: fatal error: ' X11 .rules' file not found
vfu 4.18-1 Failed [CLANG_ERROR/CLANG_LD_ERROR] clang: error: linker command failed with exit code 1 (use -v to see invocation)
videogen 0.33-8 Failed [CLANG_ERROR] clang: error: clang: unknown argument: '-ffile-prefix-map=/<<PKGBUILDDIR>>=.'error: unknown argument: '-ffile-prefix-map=/<<PKGBUILDDIR>>=.'
viewpdf.app 1:0.2dfsg1-7 Failed [GCC_ERROR/CLANG_ERROR] Foundation.h:31:9: fatal error: 'objc/objc.h' file not found
vifm 0.10.1-3 Failed [GCC_ERROR] abbrevs/suite.c:5:1: error: use of undeclared identifier 'stic_setup_once_func'
vinagre 3.22.0-7 Failed [GCC_ERROR] vinagre/vinagre-utils.c:686:29: error: format string is not a string literal [-Werror,-Wformat-nonliteral]
virtualjaguar 2.1.3-2 Failed [QMAKE_ERROR] Project ERROR: failed to parse default search paths from compiler output
vmatch 2.3.1+dfsg-6 Failed [CLANG_ERROR] error: unknown warning option '-Wno-unused-but-set-variable'; did you mean '-Wno-unused-const-variable'? [-Werror,-Wunknown-warning-option]
vokoscreen-ng 3.0.2-1 Failed [QMAKE_ERROR] Project ERROR: failed to parse default search paths from compiler output
vokoscreen 2.5.0-3 Failed [BUILDDEPS] E: apt-cache returned no information about vokoscreen source
volumecontrol.app 0.8-1 Failed [GCC_ERROR/CLANG_ERROR] Foundation.h:31:9: fatal error: 'objc/objc.h' file not found
vsearch 2.14.1-3 Failed [CLANG_ERROR/CONFIGURE_ERROR] configure: error: in `/<<PKGBUILDDIR>>'
vtk7 7.1.1+dfsg2-2 Failed [GCC_ERROR] XdmfDsmComm.cxx:55:18: error: ordered comparison between pointer and zero ('void *' and 'int')
vtwm 5.4.7-5 Failed [GCC_ERROR/CLANG_ERROR] Imake.tmpl:2243:10: fatal error: ' X11 .rules' file not found
vym 2.6.11-3 Failed [QMAKE_ERROR] Project ERROR: failed to parse default search paths from compiler output
vzquota 3.1-4 Failed [GCC_ERROR] quotaon.c:1002:7: error: variable 'ugid' is used uninitialized whenever '||' condition is true [-Werror,-Wsometimes-uninitialized]
w1retap 1.4.4-3 Failed [GCC_ERROR] weather.c:382:13: error: comparison of array 'wet->ds2401' equal to a null pointer is always false [-Werror,-Wtautological-pointer-compare]
w9wm 0.4.2-8 Failed [GCC_ERROR/CLANG_ERROR] Imake.tmpl:2243:10: fatal error: ' X11 .rules' file not found
wannier90 3.0.0+ds-4 Failed [GCC_ERROR/LD_ERROR] collect2: error: ld returned 1 exit status
warmux 1:11.04.1+repack2-4 Failed [GCC_ERROR] map/tile.cpp:676:30: error: non-constant-expression cannot be narrowed from type 'uint' (aka 'unsigned int') to 'uint16_t' (aka 'unsigned short') in initializer list [-Wc++11-narrowing]
wav2cdr 2.3.4-2 Failed [GCC_ERROR] wav2cdr.c:136:2: error: embedding a #include directive within macro arguments is not supported
waylandpp 0.2.5-2 Failed [UNKNOWN] dpkg-gensymbols: error: some symbols or patterns disappeared in the symbols file: see diff output below
wcslib 7.1+ds-2 Failed [GCC_ERROR/LD_ERROR] collect2: error: ld returned 1 exit status
webcamoid 8.6.1+dfsg-2 Failed [QMAKE_ERROR] Project ERROR: failed to parse default search paths from compiler output
webissues 1.1.5-6 Failed [QMAKE_ERROR] Project ERROR: failed to parse default search paths from compiler output
weechat 2.6-2 Failed [GCC_ERROR] zend_operators.h:517:10: error: 'asm goto' constructs are not supported yet
wfmath 1.0.2+dfsg1-6 Failed [GCC_ERROR] intersect.cpp:182:6: error: explicit specialization of 'Intersect<2>' after instantiation
whitedune 0.30.10-2.2 Failed [GCC_ERROR] dune1.rc.c:6548:109: error: invalid suffix on literal; C++11 requires a space between literal and identifier [-Wreserved-user-defined-literal]
wikidiff2 1.10.0-1 Failed [GCC_ERROR] zend_operators.h:517:10: error: 'asm goto' constructs are not supported yet
wine 5.0-3 Failed [GCC_ERROR] brush.c:965:42: error: implicit conversion from enumeration type 'D2D1_BITMAP_INTERPOLATION_MODE' (aka 'enum D2D1_BITMAP_INTERPOLATION_MODE') to different enumeration type 'D2D1_INTERPOLATION_MODE' (aka 'enum D2D1_INTERPOLATION_MODE') [-Werror,-Wenum-conversion]
wkhtmltopdf 0.12.5-1 Failed [QMAKE_ERROR] Project ERROR: failed to parse default search paths from compiler output
wlcs 1.1.0+dfsg-4 Failed [GCC_ERROR] test_surface_events.cpp:228:1: error: 'InstantiateTestCase_P_IsDeprecated' is deprecated: INSTANTIATE_TEST_CASE_P is deprecated, please use INSTANTIATE_TEST_SUITE_P [-Werror,-Wdeprecated-declarations]
wmcdplay 1.1-2 Failed [GCC_ERROR] wmcdplay.cc:356:85: error: invalid suffix on literal; C++11 requires a space between literal and identifier [-Wreserved-user-defined-literal]
wmdate 0.7-4.1 Failed [GCC_ERROR/CLANG_ERROR] Imake.tmpl:2243:10: fatal error: ' X11 .rules' file not found
wmnet 1.06-1 Failed [GCC_ERROR/CLANG_ERROR] Imake.tmpl:2243:10: fatal error: ' X11 .rules' file not found
wnn6-sdk 1.0.0-18 Failed [GCC_ERROR/CLANG_ERROR] Imake.tmpl:2243:10: fatal error: ' X11 .rules' file not found
wpa 2:2.9.0-8 Failed [QMAKE_ERROR] Project ERROR: failed to parse default search paths from compiler output
wrapperfactory.app 0.1.0-5 Failed [GCC_ERROR/CLANG_ERROR] Foundation.h:31:9: fatal error: 'objc/objc.h' file not found
wreport 3.23-2 Failed [GCC_ERROR] ../wreport/utils/tests.h:191:21: error: call to function 'operator<<' that is neither visible in the template definition nor found by argument-dependent lookup
wsjtx 2.1.2+repack-2 Failed [GCC_ERROR] f95: error: unrecognized command line option -fopenmp=libomp; did you mean -fopenmp-simd?
wvdial 1.61-5 Failed [GCC_ERROR] uniconfgen.h:323:19: error: no class named 'Iter' in 'UniConfGen'
wvstreams 4.6.1-14 Failed [GCC_ERROR] ./include/wvscatterhash.h:186:46: error: invalid use of non-static data member 'xstatus'
wxastrocapture 1.8.1+git20140821.796e1a1+dfsg-1 Failed [GCC_ERROR] wxWebcam/Atik16Cmd.cpp:282:34: error: non-constant-expression cannot be narrowed from type 'int' to '_byte' (aka 'unsigned char') in initializer list [-Wc++11-narrowing]
wxhexeditor 0.24+repack-1 Failed [CLANG_ERROR/CLANG_LD_ERROR] ./src/HexDialogs.cpp:2771: undefined reference to `__kmpc_dispatch_next_4u'
x2goclient 4.1.2.2-1 Failed [QMAKE_ERROR] Project ERROR: failed to parse default search paths from compiler output
x2godesktopsharing 3.2.0.0-2 Failed [QMAKE_ERROR] Project ERROR: failed to parse default search paths from compiler output
x2gothinclient 1.5.0.1-3 Failed [QMAKE_ERROR] Project ERROR: failed to parse default search paths from compiler output
xautolock 1:2.2-6 Failed [GCC_ERROR/CLANG_ERROR] Imake.tmpl:2243:10: fatal error: ' X11 .rules' file not found
xaw3d 1.5+E-18.3 Failed [GCC_ERROR/CLANG_ERROR] Imake.tmpl:2243:10: fatal error: ' X11 .rules' file not found
xbase64 3.1.2-13 Failed [UNKNOWN] dpkg-gensymbols: error: some symbols or patterns disappeared in the symbols file: see diff output below
xcal 4.1-19 Failed [GCC_ERROR/CLANG_ERROR] Imake.tmpl:2243:10: fatal error: ' X11 .rules' file not found
xcb 2.4-5 Failed [GCC_ERROR/CLANG_ERROR] Imake.tmpl:2243:10: fatal error: ' X11 .rules' file not found
xcftools 1.0.7-6 Failed [UNKNOWN] XXX
xcircuit 3.9.73+dfsg.1-1 Failed [GCC_ERROR] tclxcircuit.c:8950:13: error: non-void function 'defaultscript' should return a value [-Wreturn-type]
xcolors 1.5a-8 Failed [GCC_ERROR/CLANG_ERROR] Imake.tmpl:2243:10: fatal error: ' X11 .rules' file not found
xcolorsel 1.1a-22 Failed [GCC_ERROR/CLANG_ERROR] Imake.tmpl:2243:10: fatal error: ' X11 .rules' file not found
xdebug 2.9.2+2.8.1+2.5.5-1 Failed [GCC_ERROR] zend_operators.h:517:10: error: 'asm goto' constructs are not supported yet
xdelta3 3.0.11-dfsg-1 Failed [GCC_ERROR] testing/file.h:69:14: error: invalid suffix on literal; C++11 requires a space between literal and identifier [-Wreserved-user-defined-literal]
xdemineur 2.1.1-20 Failed [GCC_ERROR/CLANG_ERROR] Imake.tmpl:2243:10: fatal error: ' X11 .rules' file not found
xdiskusage 1.48-10.1 Failed [CONFIGURE_ERROR] configure: error: installation or configuration problem: C++ compiler cannot create executables.
xdms 1.3.2-6 Failed [CLANG_ERROR/CLANG_LD_ERROR] ./src/u_deep.c:114: undefined reference to `update'
xdrawchem 1:1.10.2.1-3 Failed [QMAKE_ERROR] Project ERROR: failed to parse default search paths from compiler output
xdu 3.0-20 Failed [GCC_ERROR/CLANG_ERROR] Imake.tmpl:2243:10: fatal error: ' X11 .rules' file not found
xfaces 3.3-29 Failed [GCC_ERROR/CLANG_ERROR] Imake.tmpl:2243:10: fatal error: ' X11 .rules' file not found
xfishtank 2.5-1 Failed [GCC_ERROR/CLANG_ERROR] Imake.tmpl:2243:10: fatal error: ' X11 .rules' file not found
xflip 1.01-27 Failed [GCC_ERROR/CLANG_ERROR] Imake.tmpl:2243:10: fatal error: ' X11 .rules' file not found
xfoil 6.99.dfsg+1-1 Failed [GCC_ERROR/LD_ERROR] collect2: error: ld returned 1 exit status
xfsprogs 5.3.0-1 Failed [CONFIGURE_ERROR] configure: error: LTO not supported by compiler.
xgammon 0.99.1128-3 Failed [GCC_ERROR/CLANG_ERROR] Imake.tmpl:2243:10: fatal error: ' X11 .rules' file not found
xgks 2.6.1+dfsg.2-5 Failed [GCC_ERROR] input.c:209:2: error: non-void function 'XgksIProcessXEvent' should return a value [-Wreturn-type]
xjdic 24-10 Failed [GCC_ERROR] xjdfrontend.c:236:16: error: a parameter list without types is only allowed in a function definition
xkeycaps 2.47-7 Failed [GCC_ERROR/CLANG_ERROR] Imake.tmpl:2243:10: fatal error: ' X11 .rules' file not found
xlax 2.4-2 Failed [GCC_ERROR/CLANG_ERROR] Imake.tmpl:2243:10: fatal error: ' X11 .rules' file not found
xmille 2.0-13 Failed [GCC_ERROR/CLANG_ERROR] Imake.tmpl:2243:10: fatal error: ' X11 .rules' file not found
xmix 2.1-7 Failed [GCC_ERROR/CLANG_ERROR] Imake.tmpl:2243:10: fatal error: ' X11 .rules' file not found
xmlcopyeditor 1.2.1.3-4 Failed [GCC_ERROR] myipc.cpp:49:4: error: cannot initialize a member subobject of type 'WXWidget' (aka '_GtkWidget *') with an rvalue of type 'wxIntPtr' (aka 'long')
xmltooling 3.0.5-1 Failed [CLANG_ERROR/CLANG_LD_ERROR] ./xmltooling/util/PThreads.cpp:177: undefined reference to `pthread_getspecific'
xmms2 0.8+dfsg-18.2 Failed [GCC_ERROR] coll.h:615:6: error: binding value of type 'const Xmms::Coll::Coll' to reference to type 'Xmms::Coll::Coll' drops 'const' qualifier
xmotd 1.17.3b-10 Failed [GCC_ERROR/CLANG_ERROR] Imake.tmpl:2243:10: fatal error: ' X11 .rules' file not found
xmountains 2.9-6 Failed [GCC_ERROR/CLANG_ERROR] Imake.tmpl:2243:10: fatal error: ' X11 .rules' file not found
xmpi 2.2.3b8-14 Failed [CONFIGURE_ERROR] configure: error: cannot continue -- cannot find <mpi.h>
xnecview 1.36-1 Failed [GCC_ERROR/CLANG_ERROR] Imake.tmpl:2243:10: fatal error: ' X11 .rules' file not found
xneur 0.20.0-2 Failed [GCC_ERROR] text.c:292:25: error: function definition is not allowed here
xonix 1.4-32 Failed [GCC_ERROR/CLANG_ERROR] Imake.tmpl:2243:10: fatal error: ' X11 .rules' file not found
xorg-server 2:1.20.7-3 Failed [GCC_ERROR] ../../../../test/xtest.c:64:23: error: suggest braces around initialization of subobject [-Werror,-Wmissing-braces]
xpaint 2.9.1.4-3.2 Failed [GCC_ERROR/CLANG_ERROR] Imake.tmpl:2243:10: fatal error: ' X11 .rules' file not found
xphoon 20000613+0-7 Failed [GCC_ERROR/CLANG_ERROR] Imake.tmpl:2243:10: fatal error: ' X11 .rules' file not found
xplc 0.3.13-7 Failed [GCC_ERROR] xplc/moduleloader.cpp:65:8: error: case value evaluates to -1, which cannot be narrowed to type 'unsigned int' [-Wc++11-narrowing]
xscavenger 1.4.5-4 Failed [GCC_ERROR/CLANG_ERROR] Imake.tmpl:2243:10: fatal error: ' X11 .rules' file not found
xsecurelock 1.5.1-1 Failed [GCC_ERROR] main.c:375:2: error: embedding a #include directive within macro arguments is not supported
xsettingsd 0.0.20171105+1+ge4cf9969-1 Failed [GCC_ERROR] dump_xsettings.cc:273:5: error: bool literal returned from 'main' [-Werror,-Wmain]
xskat 4.0-7 Failed [GCC_ERROR/CLANG_ERROR] Imake.tmpl:2243:10: fatal error: ' X11 .rules' file not found
xsok 1.02-19 Failed [GCC_ERROR/CLANG_ERROR] Imake.tmpl:2243:10: fatal error: ' X11 .rules' file not found
xstow 1.0.2-1 Failed [GCC_ERROR] ./leoini.h:263:9: error: no viable overloaded '='
xsysinfo 1.7-9 Failed [GCC_ERROR/CLANG_ERROR] Imake.tmpl:2243:10: fatal error: ' X11 .rules' file not found
xtel 3.3.0-22 Failed [GCC_ERROR/CLANG_ERROR] Imake.tmpl:2243:10: fatal error: ' X11 .rules' file not found
xtide 2.13.2-1 Failed [CONFIGURE_ERROR] configure: error: GCC too old
xtv 1.1-15 Failed [GCC_ERROR/CLANG_ERROR] Imake.tmpl:2243:10: fatal error: ' X11 .rules' file not found
xvier 1.0-7.6 Failed [GCC_ERROR/CLANG_ERROR] Imake.tmpl:2243:10: fatal error: ' X11 .rules' file not found
xwelltris 1.0.1-17 Failed [GCC_ERROR] sdl/sdlwelldrawing.cxx:75:14: error: ordered comparison between pointer and zero ('SDL_Surface *' and 'int')
xxgdb 1.12-17 Failed [GCC_ERROR/CLANG_ERROR] Imake.tmpl:2243:10: fatal error: ' X11 .rules' file not found
xxkb 1.11-2.1 Failed [GCC_ERROR/CLANG_ERROR] Imake.tmpl:2243:10: fatal error: ' X11 .rules' file not found
xymon 4.3.30-1 Failed [UNKNOWN] XXX
xyscan 4.30-2 Failed [QMAKE_ERROR] Project ERROR: failed to parse default search paths from compiler output
xzoom 0.3-25 Failed [GCC_ERROR/CLANG_ERROR] Imake.tmpl:2243:10: fatal error: ' X11 .rules' file not found
yade 2020.01a-6 Failed [GCC_ERROR/CLANG_ERROR/CLANG_LD_ERROR] ./debian/build/CMakeFiles/CMakeTmp/./debian/build/CMakeFiles/CMakeTmp/src.c:11: undefined reference to `pthread_create'
yaha 0.1.83-1 Failed [GCC_ERROR] src/SW.cpp:799:122: error: redefinition of default argument
yasw 0.6-2 Failed [QMAKE_ERROR] Project ERROR: failed to parse default search paths from compiler output
ygl 4.2e-4 Failed [GCC_ERROR/CLANG_ERROR] Imake.tmpl:2243:10: fatal error: ' X11 .rules' file not found
yrmcds 1.1.8-1.1 Failed [UNKNOWN] XXX
yubikey-personalization-gui 3.1.24-1 Failed [QMAKE_ERROR] Project ERROR: failed to parse default search paths from compiler output
z80ex 1.1.21-1 Failed [UNKNOWN] dh_install: error: missing files, aborting
z88 13.0.0+dfsg2-6 Failed [GCC_ERROR] z88g.c:92:6: error: redefinition of 'ccos' as different kind of symbol
zegrapher 3.0.2-1 Failed [QMAKE_ERROR] Project ERROR: failed to parse default search paths from compiler output
zeitgeist 1.0.2-3 Failed [GCC_ERROR] controller.cpp:131:19: error: cannot cast from type 'gboolean (ZeitgeistFTS::Controller::*)()' to pointer type 'GSourceFunc' (aka 'int (*)(void *)')
zeroc-ice 3.7.3-1 Failed [GCC_ERROR] include/generated/Ice/LocalException.h:3853:40: error: dynamic exception specifications are deprecated [-Werror,-Wdeprecated-dynamic-exception-spec]
zimlib 4.0.4-5 Failed [GCC_ERROR] version.h:29:2: error: The C++ ABI version of compiler you are using does not exactly match [-Werror,-W#warnings]
zipper.app 1.5-3 Failed [GCC_ERROR/CLANG_ERROR] Foundation.h:31:9: fatal error: 'objc/objc.h' file not found
zurl 1.11.0-1 Failed [QMAKE_ERROR] Project ERROR: failed to parse default search paths from compiler output
zvbi 0.2.35-17 Failed [GCC_ERROR] test-hamm.cc:120:22: error: non-constant-expression cannot be narrowed from type 'unsigned int' to 'uint8_t' (aka 'unsigned char') in initializer list [-Wc++11-narrowing]
zynaddsubfx 3.0.5-2 Failed [GCC_ERROR] PluginTest.h:235: Error: Assertion failed: fdata == result
zypper 1.14.11-2 Failed [GCC_ERROR] Exception.h:329:58: error: template parameter redefines default argument
zytrax 0+git20190810-2 Failed [GCC_ERROR] gui/pattern_editor.cpp:3012:21: error: non-constant-expression cannot be narrowed from type 'int' to 'char' in initializer list [-Wc++11-narrowing]
