DC-Build-Header: vifm 0.9-1 / 2017-07-06 19:56:43 +0000
DC-Task: type:rebuild-binarch-only source:vifm version:0.9-1 chroot:unstable esttime:387 logfile:/tmp/vifm_0.9-1_unstable_clang4.0.log modes:clang40:binarch-only
DC-Sbuild-call: su user42 -c 'sbuild -n --arch-any --apt-update -d unstable -v  --chroot-setup-commands=/tmp/clang40 vifm_0.9-1'
sbuild (Debian sbuild) 0.73.0 (23 Dec 2016) on ip-172-31-36-161.eu-central-1.compute.internal

+==============================================================================+
| vifm 0.9-1 (amd64)                           Thu, 06 Jul 2017 19:56:44 +0000 |
+==============================================================================+

Package: vifm
Version: 0.9-1
Source Version: 0.9-1
Distribution: unstable
Machine Architecture: amd64
Host Architecture: amd64
Build Architecture: amd64
Build Type: any

I: NOTICE: Log filtering will replace 'var/run/schroot/mount/unstable-amd64-sbuild-6f7636af-d3cd-4a9a-91d7-b8ca144d8df4' with '<<CHROOT>>'

+------------------------------------------------------------------------------+
| Chroot Setup Commands                                                        |
+------------------------------------------------------------------------------+


/tmp/clang40
------------

+ echo 'Entering customization script...'
Entering customization script...
+ CLANG_VERSION=4.0
+ echo 'Install of clang-4.0'
Install of clang-4.0
+ apt-get update
Get:1 http://127.0.0.1:9999/debian unstable InRelease [255 kB]
Get:2 http://127.0.0.1:9999/debian unstable/main Sources.diff/Index [27.9 kB]
Get:3 http://127.0.0.1:9999/debian unstable/main amd64 Packages.diff/Index [27.9 kB]
Get:4 http://127.0.0.1:9999/debian unstable/main Translation-en.diff/Index [27.9 kB]
Get:5 http://127.0.0.1:9999/debian unstable/main Sources 2017-07-02-0216.39.pdiff [15.0 kB]
Get:6 http://127.0.0.1:9999/debian unstable/main Sources 2017-07-02-0817.00.pdiff [7416 B]
Get:7 http://127.0.0.1:9999/debian unstable/main Sources 2017-07-02-1415.16.pdiff [17.0 kB]
Get:8 http://127.0.0.1:9999/debian unstable/main Sources 2017-07-02-2015.53.pdiff [15.2 kB]
Get:9 http://127.0.0.1:9999/debian unstable/main Sources 2017-07-03-0215.43.pdiff [50.2 kB]
Get:10 http://127.0.0.1:9999/debian unstable/main Sources 2017-07-03-0815.58.pdiff [5500 B]
Get:11 http://127.0.0.1:9999/debian unstable/main Sources 2017-07-03-1420.59.pdiff [15.8 kB]
Get:12 http://127.0.0.1:9999/debian unstable/main Sources 2017-07-03-2015.52.pdiff [15.6 kB]
Get:13 http://127.0.0.1:9999/debian unstable/main Sources 2017-07-04-0215.56.pdiff [7165 B]
Get:14 http://127.0.0.1:9999/debian unstable/main Sources 2017-07-04-0817.36.pdiff [8303 B]
Get:15 http://127.0.0.1:9999/debian unstable/main Sources 2017-07-04-1416.28.pdiff [11.7 kB]
Get:16 http://127.0.0.1:9999/debian unstable/main Sources 2017-07-04-2017.16.pdiff [12.7 kB]
Get:17 http://127.0.0.1:9999/debian unstable/main Sources 2017-07-05-0215.45.pdiff [7714 B]
Get:18 http://127.0.0.1:9999/debian unstable/main Sources 2017-07-05-0817.10.pdiff [6491 B]
Get:19 http://127.0.0.1:9999/debian unstable/main Sources 2017-07-05-1416.09.pdiff [13.0 kB]
Get:20 http://127.0.0.1:9999/debian unstable/main Sources 2017-07-05-2019.56.pdiff [14.2 kB]
Get:21 http://127.0.0.1:9999/debian unstable/main Sources 2017-07-06-0216.07.pdiff [9132 B]
Get:22 http://127.0.0.1:9999/debian unstable/main Sources 2017-07-06-0817.23.pdiff [16.8 kB]
Get:23 http://127.0.0.1:9999/debian unstable/main amd64 Packages 2017-07-02-0216.39.pdiff [31.6 kB]
Get:24 http://127.0.0.1:9999/debian unstable/main amd64 Packages 2017-07-02-0817.00.pdiff [12.0 kB]
Get:25 http://127.0.0.1:9999/debian unstable/main amd64 Packages 2017-07-02-1415.16.pdiff [11.6 kB]
Get:26 http://127.0.0.1:9999/debian unstable/main amd64 Packages 2017-07-02-2015.53.pdiff [12.9 kB]
Get:27 http://127.0.0.1:9999/debian unstable/main amd64 Packages 2017-07-03-0215.43.pdiff [63.1 kB]
Get:28 http://127.0.0.1:9999/debian unstable/main amd64 Packages 2017-07-03-0815.58.pdiff [23.3 kB]
Get:29 http://127.0.0.1:9999/debian unstable/main amd64 Packages 2017-07-03-1420.59.pdiff [40.0 kB]
Get:30 http://127.0.0.1:9999/debian unstable/main amd64 Packages 2017-07-03-2015.52.pdiff [28.4 kB]
Get:22 http://127.0.0.1:9999/debian unstable/main Sources 2017-07-06-0817.23.pdiff [16.8 kB]
Get:31 http://127.0.0.1:9999/debian unstable/main amd64 Packages 2017-07-04-0215.56.pdiff [7447 B]
Get:32 http://127.0.0.1:9999/debian unstable/main amd64 Packages 2017-07-04-0817.36.pdiff [5458 B]
Get:33 http://127.0.0.1:9999/debian unstable/main amd64 Packages 2017-07-04-1416.28.pdiff [33.1 kB]
Get:34 http://127.0.0.1:9999/debian unstable/main amd64 Packages 2017-07-04-2017.16.pdiff [18.8 kB]
Get:35 http://127.0.0.1:9999/debian unstable/main amd64 Packages 2017-07-05-0215.45.pdiff [5901 B]
Get:36 http://127.0.0.1:9999/debian unstable/main amd64 Packages 2017-07-05-0817.10.pdiff [15.3 kB]
Get:37 http://127.0.0.1:9999/debian unstable/main amd64 Packages 2017-07-05-1416.09.pdiff [11.4 kB]
Get:38 http://127.0.0.1:9999/debian unstable/main amd64 Packages 2017-07-05-2019.56.pdiff [13.0 kB]
Get:39 http://127.0.0.1:9999/debian unstable/main amd64 Packages 2017-07-06-0216.07.pdiff [8638 B]
Get:40 http://127.0.0.1:9999/debian unstable/main amd64 Packages 2017-07-06-0817.23.pdiff [31.2 kB]
Get:41 http://127.0.0.1:9999/debian unstable/main Translation-en 2017-07-02-0216.39.pdiff [1271 B]
Get:42 http://127.0.0.1:9999/debian unstable/main Translation-en 2017-07-02-2015.53.pdiff [793 B]
Get:43 http://127.0.0.1:9999/debian unstable/main Translation-en 2017-07-03-0215.43.pdiff [327 B]
Get:44 http://127.0.0.1:9999/debian unstable/main Translation-en 2017-07-03-0815.58.pdiff [270 B]
Get:45 http://127.0.0.1:9999/debian unstable/main Translation-en 2017-07-03-1420.59.pdiff [1066 B]
Get:46 http://127.0.0.1:9999/debian unstable/main Translation-en 2017-07-03-2015.52.pdiff [465 B]
Get:47 http://127.0.0.1:9999/debian unstable/main Translation-en 2017-07-04-0215.56.pdiff [291 B]
Get:48 http://127.0.0.1:9999/debian unstable/main Translation-en 2017-07-04-0817.36.pdiff [539 B]
Get:40 http://127.0.0.1:9999/debian unstable/main amd64 Packages 2017-07-06-0817.23.pdiff [31.2 kB]
Get:49 http://127.0.0.1:9999/debian unstable/main Translation-en 2017-07-04-1416.28.pdiff [484 B]
Get:50 http://127.0.0.1:9999/debian unstable/main Translation-en 2017-07-04-2017.16.pdiff [1126 B]
Get:51 http://127.0.0.1:9999/debian unstable/main Translation-en 2017-07-05-0215.45.pdiff [214 B]
Get:52 http://127.0.0.1:9999/debian unstable/main Translation-en 2017-07-05-0817.10.pdiff [606 B]
Get:53 http://127.0.0.1:9999/debian unstable/main Translation-en 2017-07-05-1416.09.pdiff [214 B]
Get:54 http://127.0.0.1:9999/debian unstable/main Translation-en 2017-07-05-2019.56.pdiff [2615 B]
Get:55 http://127.0.0.1:9999/debian unstable/main Translation-en 2017-07-06-0216.07.pdiff [1869 B]
Get:56 http://127.0.0.1:9999/debian unstable/main Translation-en 2017-07-06-0817.23.pdiff [915 B]
Get:56 http://127.0.0.1:9999/debian unstable/main Translation-en 2017-07-06-0817.23.pdiff [915 B]
Fetched 974 kB in 1s (762 kB/s)
Reading package lists...
+ apt-get install --yes --no-install-recommends --force-yes clang-4.0
Reading package lists...
Building dependency tree...
Reading state information...
The following additional packages will be installed:
  cpp-6 g++-6 gcc-6 gcc-6-base gcc-7-base libasan3 libatomic1 libbsd0 libcc1-0
  libcilkrts5 libclang-common-4.0-dev libclang1-4.0 libedit2 libffi6
  libgcc-6-dev libgcc1 libgomp1 libitm1 libjsoncpp1 libllvm4.0 liblsan0
  libmpx2 libncurses5 libobjc-6-dev libobjc4 libquadmath0 libstdc++-6-dev
  libstdc++6 libtsan0 libubsan0
Suggested packages:
  gnustep gnustep-devel clang-4.0-doc libomp-dev gcc-6-locales g++-6-multilib
  gcc-6-doc libstdc++6-6-dbg gcc-6-multilib libgcc1-dbg libgomp1-dbg
  libitm1-dbg libatomic1-dbg libasan3-dbg liblsan0-dbg libtsan0-dbg
  libubsan0-dbg libcilkrts5-dbg libmpx2-dbg libquadmath0-dbg libstdc++-6-doc
Recommended packages:
  llvm-4.0-dev python libgpm2
The following NEW packages will be installed:
  clang-4.0 libbsd0 libclang-common-4.0-dev libclang1-4.0 libedit2 libffi6
  libjsoncpp1 libllvm4.0 libncurses5 libobjc-6-dev libobjc4
The following packages will be upgraded:
  cpp-6 g++-6 gcc-6 gcc-6-base gcc-7-base libasan3 libatomic1 libcc1-0
  libcilkrts5 libgcc-6-dev libgcc1 libgomp1 libitm1 liblsan0 libmpx2
  libquadmath0 libstdc++-6-dev libstdc++6 libtsan0 libubsan0
20 upgraded, 11 newly installed, 0 to remove and 13 not upgraded.
Need to get 101 MB of archives.
After this operation, 320 MB of additional disk space will be used.
Get:1 http://127.0.0.1:9999/debian unstable/main amd64 libquadmath0 amd64 7.1.0-9 [132 kB]
Get:2 http://127.0.0.1:9999/debian unstable/main amd64 libitm1 amd64 7.1.0-9 [27.2 kB]
Get:3 http://127.0.0.1:9999/debian unstable/main amd64 gcc-7-base amd64 7.1.0-9 [180 kB]
Get:4 http://127.0.0.1:9999/debian unstable/main amd64 libstdc++6 amd64 7.1.0-9 [398 kB]
Get:5 http://127.0.0.1:9999/debian unstable/main amd64 libmpx2 amd64 7.1.0-9 [11.4 kB]
Get:6 http://127.0.0.1:9999/debian unstable/main amd64 liblsan0 amd64 7.1.0-9 [124 kB]
Get:7 http://127.0.0.1:9999/debian unstable/main amd64 libtsan0 amd64 7.1.0-9 [270 kB]
Get:8 http://127.0.0.1:9999/debian unstable/main amd64 libubsan0 amd64 7.1.0-9 [117 kB]
Get:9 http://127.0.0.1:9999/debian unstable/main amd64 libcilkrts5 amd64 7.1.0-9 [42.0 kB]
Get:10 http://127.0.0.1:9999/debian unstable/main amd64 libcc1-0 amd64 7.1.0-9 [37.7 kB]
Get:11 http://127.0.0.1:9999/debian unstable/main amd64 libatomic1 amd64 7.1.0-9 [8782 B]
Get:12 http://127.0.0.1:9999/debian unstable/main amd64 libgomp1 amd64 7.1.0-9 [75.1 kB]
Get:13 http://127.0.0.1:9999/debian unstable/main amd64 libgcc1 amd64 1:7.1.0-9 [39.3 kB]
Get:14 http://127.0.0.1:9999/debian unstable/main amd64 libasan3 amd64 6.4.0-1 [310 kB]
Get:15 http://127.0.0.1:9999/debian unstable/main amd64 g++-6 amd64 6.4.0-1 [7084 kB]
Get:16 http://127.0.0.1:9999/debian unstable/main amd64 libstdc++-6-dev amd64 6.4.0-1 [1421 kB]
Get:17 http://127.0.0.1:9999/debian unstable/main amd64 gcc-6 amd64 6.4.0-1 [6908 kB]
Get:18 http://127.0.0.1:9999/debian unstable/main amd64 libgcc-6-dev amd64 6.4.0-1 [2297 kB]
Get:19 http://127.0.0.1:9999/debian unstable/main amd64 cpp-6 amd64 6.4.0-1 [6549 kB]
Get:20 http://127.0.0.1:9999/debian unstable/main amd64 gcc-6-base amd64 6.4.0-1 [180 kB]
Get:21 http://127.0.0.1:9999/debian unstable/main amd64 libbsd0 amd64 0.8.5-1 [89.6 kB]
Get:22 http://127.0.0.1:9999/debian unstable/main amd64 libncurses5 amd64 6.0+20161126-1 [93.4 kB]
Get:23 http://127.0.0.1:9999/debian unstable/main amd64 libedit2 amd64 3.1-20170329-1 [85.2 kB]
Get:24 http://127.0.0.1:9999/debian unstable/main amd64 libffi6 amd64 3.2.1-6 [20.4 kB]
Get:25 http://127.0.0.1:9999/debian unstable/main amd64 libllvm4.0 amd64 1:4.0.1-1 [12.3 MB]
Get:26 http://127.0.0.1:9999/debian unstable/main amd64 libclang1-4.0 amd64 1:4.0.1-1 [6355 kB]
Get:27 http://127.0.0.1:9999/debian unstable/main amd64 libjsoncpp1 amd64 1.7.4-3 [75.6 kB]
Get:28 http://127.0.0.1:9999/debian unstable/main amd64 libobjc4 amd64 7.1.0-9 [51.0 kB]
Get:29 http://127.0.0.1:9999/debian unstable/main amd64 libobjc-6-dev amd64 6.4.0-1 [197 kB]
Get:30 http://127.0.0.1:9999/debian unstable/main amd64 libclang-common-4.0-dev amd64 1:4.0.1-1 [2495 kB]
Get:31 http://127.0.0.1:9999/debian unstable/main amd64 clang-4.0 amd64 1:4.0.1-1 [52.7 MB]
debconf: delaying package configuration, since apt-utils is not installed
Fetched 101 MB in 1s (96.4 MB/s)
(Reading database ... (Reading database ... 5%(Reading database ... 10%(Reading database ... 15%(Reading database ... 20%(Reading database ... 25%(Reading database ... 30%(Reading database ... 35%(Reading database ... 40%(Reading database ... 45%(Reading database ... 50%(Reading database ... 55%(Reading database ... 60%(Reading database ... 65%(Reading database ... 70%(Reading database ... 75%(Reading database ... 80%(Reading database ... 85%(Reading database ... 90%(Reading database ... 95%(Reading database ... 100%(Reading database ... 9635 files and directories currently installed.)
Preparing to unpack .../libquadmath0_7.1.0-9_amd64.deb ...
Unpacking libquadmath0:amd64 (7.1.0-9) over (7.1.0-8) ...
Preparing to unpack .../libitm1_7.1.0-9_amd64.deb ...
Unpacking libitm1:amd64 (7.1.0-9) over (7.1.0-8) ...
Preparing to unpack .../gcc-7-base_7.1.0-9_amd64.deb ...
Unpacking gcc-7-base:amd64 (7.1.0-9) over (7.1.0-8) ...
Setting up gcc-7-base:amd64 (7.1.0-9) ...
(Reading database ... (Reading database ... 5%(Reading database ... 10%(Reading database ... 15%(Reading database ... 20%(Reading database ... 25%(Reading database ... 30%(Reading database ... 35%(Reading database ... 40%(Reading database ... 45%(Reading database ... 50%(Reading database ... 55%(Reading database ... 60%(Reading database ... 65%(Reading database ... 70%(Reading database ... 75%(Reading database ... 80%(Reading database ... 85%(Reading database ... 90%(Reading database ... 95%(Reading database ... 100%(Reading database ... 9635 files and directories currently installed.)
Preparing to unpack .../libstdc++6_7.1.0-9_amd64.deb ...
Unpacking libstdc++6:amd64 (7.1.0-9) over (7.1.0-8) ...
Setting up libstdc++6:amd64 (7.1.0-9) ...
(Reading database ... (Reading database ... 5%(Reading database ... 10%(Reading database ... 15%(Reading database ... 20%(Reading database ... 25%(Reading database ... 30%(Reading database ... 35%(Reading database ... 40%(Reading database ... 45%(Reading database ... 50%(Reading database ... 55%(Reading database ... 60%(Reading database ... 65%(Reading database ... 70%(Reading database ... 75%(Reading database ... 80%(Reading database ... 85%(Reading database ... 90%(Reading database ... 95%(Reading database ... 100%(Reading database ... 9635 files and directories currently installed.)
Preparing to unpack .../0-libmpx2_7.1.0-9_amd64.deb ...
Unpacking libmpx2:amd64 (7.1.0-9) over (7.1.0-8) ...
Preparing to unpack .../1-liblsan0_7.1.0-9_amd64.deb ...
Unpacking liblsan0:amd64 (7.1.0-9) over (7.1.0-8) ...
Preparing to unpack .../2-libtsan0_7.1.0-9_amd64.deb ...
Unpacking libtsan0:amd64 (7.1.0-9) over (7.1.0-8) ...
Preparing to unpack .../3-libubsan0_7.1.0-9_amd64.deb ...
Unpacking libubsan0:amd64 (7.1.0-9) over (7.1.0-8) ...
Preparing to unpack .../4-libcilkrts5_7.1.0-9_amd64.deb ...
Unpacking libcilkrts5:amd64 (7.1.0-9) over (7.1.0-8) ...
Preparing to unpack .../5-libcc1-0_7.1.0-9_amd64.deb ...
Unpacking libcc1-0:amd64 (7.1.0-9) over (7.1.0-8) ...
Preparing to unpack .../6-libatomic1_7.1.0-9_amd64.deb ...
Unpacking libatomic1:amd64 (7.1.0-9) over (7.1.0-8) ...
Preparing to unpack .../7-libgomp1_7.1.0-9_amd64.deb ...
Unpacking libgomp1:amd64 (7.1.0-9) over (7.1.0-8) ...
Preparing to unpack .../8-libgcc1_1%3a7.1.0-9_amd64.deb ...
Unpacking libgcc1:amd64 (1:7.1.0-9) over (1:7.1.0-8) ...
Setting up libgcc1:amd64 (1:7.1.0-9) ...
(Reading database ... (Reading database ... 5%(Reading database ... 10%(Reading database ... 15%(Reading database ... 20%(Reading database ... 25%(Reading database ... 30%(Reading database ... 35%(Reading database ... 40%(Reading database ... 45%(Reading database ... 50%(Reading database ... 55%(Reading database ... 60%(Reading database ... 65%(Reading database ... 70%(Reading database ... 75%(Reading database ... 80%(Reading database ... 85%(Reading database ... 90%(Reading database ... 95%(Reading database ... 100%(Reading database ... 9635 files and directories currently installed.)
Preparing to unpack .../00-libasan3_6.4.0-1_amd64.deb ...
Unpacking libasan3:amd64 (6.4.0-1) over (6.3.0-21) ...
Preparing to unpack .../01-g++-6_6.4.0-1_amd64.deb ...
Unpacking g++-6 (6.4.0-1) over (6.3.0-21) ...
Preparing to unpack .../02-libstdc++-6-dev_6.4.0-1_amd64.deb ...
Unpacking libstdc++-6-dev:amd64 (6.4.0-1) over (6.3.0-21) ...
Preparing to unpack .../03-gcc-6_6.4.0-1_amd64.deb ...
Unpacking gcc-6 (6.4.0-1) over (6.3.0-21) ...
Preparing to unpack .../04-libgcc-6-dev_6.4.0-1_amd64.deb ...
Unpacking libgcc-6-dev:amd64 (6.4.0-1) over (6.3.0-21) ...
Preparing to unpack .../05-cpp-6_6.4.0-1_amd64.deb ...
Unpacking cpp-6 (6.4.0-1) over (6.3.0-21) ...
Preparing to unpack .../06-gcc-6-base_6.4.0-1_amd64.deb ...
Unpacking gcc-6-base:amd64 (6.4.0-1) over (6.3.0-21) ...
Selecting previously unselected package libbsd0:amd64.
Preparing to unpack .../07-libbsd0_0.8.5-1_amd64.deb ...
Unpacking libbsd0:amd64 (0.8.5-1) ...
Selecting previously unselected package libncurses5:amd64.
Preparing to unpack .../08-libncurses5_6.0+20161126-1_amd64.deb ...
Unpacking libncurses5:amd64 (6.0+20161126-1) ...
Selecting previously unselected package libedit2:amd64.
Preparing to unpack .../09-libedit2_3.1-20170329-1_amd64.deb ...
Unpacking libedit2:amd64 (3.1-20170329-1) ...
Selecting previously unselected package libffi6:amd64.
Preparing to unpack .../10-libffi6_3.2.1-6_amd64.deb ...
Unpacking libffi6:amd64 (3.2.1-6) ...
Selecting previously unselected package libllvm4.0:amd64.
Preparing to unpack .../11-libllvm4.0_1%3a4.0.1-1_amd64.deb ...
Unpacking libllvm4.0:amd64 (1:4.0.1-1) ...
Selecting previously unselected package libclang1-4.0:amd64.
Preparing to unpack .../12-libclang1-4.0_1%3a4.0.1-1_amd64.deb ...
Unpacking libclang1-4.0:amd64 (1:4.0.1-1) ...
Selecting previously unselected package libjsoncpp1:amd64.
Preparing to unpack .../13-libjsoncpp1_1.7.4-3_amd64.deb ...
Unpacking libjsoncpp1:amd64 (1.7.4-3) ...
Selecting previously unselected package libobjc4:amd64.
Preparing to unpack .../14-libobjc4_7.1.0-9_amd64.deb ...
Unpacking libobjc4:amd64 (7.1.0-9) ...
Selecting previously unselected package libobjc-6-dev:amd64.
Preparing to unpack .../15-libobjc-6-dev_6.4.0-1_amd64.deb ...
Unpacking libobjc-6-dev:amd64 (6.4.0-1) ...
Selecting previously unselected package libclang-common-4.0-dev.
Preparing to unpack .../16-libclang-common-4.0-dev_1%3a4.0.1-1_amd64.deb ...
Unpacking libclang-common-4.0-dev (1:4.0.1-1) ...
Selecting previously unselected package clang-4.0.
Preparing to unpack .../17-clang-4.0_1%3a4.0.1-1_amd64.deb ...
Unpacking clang-4.0 (1:4.0.1-1) ...
Setting up libquadmath0:amd64 (7.1.0-9) ...
Setting up libncurses5:amd64 (6.0+20161126-1) ...
Setting up libgomp1:amd64 (7.1.0-9) ...
Setting up libatomic1:amd64 (7.1.0-9) ...
Setting up libcc1-0:amd64 (7.1.0-9) ...
Setting up libobjc4:amd64 (7.1.0-9) ...
Setting up libcilkrts5:amd64 (7.1.0-9) ...
Setting up libubsan0:amd64 (7.1.0-9) ...
Setting up libtsan0:amd64 (7.1.0-9) ...
Setting up gcc-6-base:amd64 (6.4.0-1) ...
Setting up libbsd0:amd64 (0.8.5-1) ...
Setting up liblsan0:amd64 (7.1.0-9) ...
Setting up libmpx2:amd64 (7.1.0-9) ...
Processing triggers for libc-bin (2.24-12) ...
Setting up libffi6:amd64 (3.2.1-6) ...
Setting up cpp-6 (6.4.0-1) ...
Setting up libitm1:amd64 (7.1.0-9) ...
Setting up libjsoncpp1:amd64 (1.7.4-3) ...
Setting up libedit2:amd64 (3.1-20170329-1) ...
Setting up libasan3:amd64 (6.4.0-1) ...
Setting up libgcc-6-dev:amd64 (6.4.0-1) ...
Setting up libstdc++-6-dev:amd64 (6.4.0-1) ...
Setting up gcc-6 (6.4.0-1) ...
Setting up g++-6 (6.4.0-1) ...
Setting up libllvm4.0:amd64 (1:4.0.1-1) ...
Setting up libobjc-6-dev:amd64 (6.4.0-1) ...
Setting up libclang1-4.0:amd64 (1:4.0.1-1) ...
Setting up libclang-common-4.0-dev (1:4.0.1-1) ...
Setting up clang-4.0 (1:4.0.1-1) ...
Processing triggers for libc-bin (2.24-12) ...
W: --force-yes is deprecated, use one of the options starting with --allow instead.
+ echo 'Replace gcc, g++ & cpp by clang'
Replace gcc, g++ & cpp by clang
+ VERSIONS='4.6 4.7 4.8 4.9 5 6 7'
+ cd /usr/bin
+ for VERSION in $VERSIONS
+ rm -f g++-4.6 gcc-4.6 cpp-4.6 gcc
+ ln -s clang++-4.0 g++-4.6
+ ln -s clang-4.0 gcc-4.6
+ ln -s clang-4.0 cpp-4.6
+ ln -s clang-4.0 gcc
+ echo 'gcc-4.6 hold'
+ dpkg --set-selections
dpkg: warning: package not in status nor available database at line 1: gcc-4.6
dpkg: warning: found unknown packages; this might mean the available database
is outdated, and needs to be updated through a frontend method;
please see the FAQ <https://wiki.debian.org/Teams/Dpkg/FAQ>
+ echo 'g++-4.6 hold'
+ dpkg --set-selections
dpkg: warning: package not in status nor available database at line 1: g++-4.6
dpkg: warning: found unknown packages; this might mean the available database
is outdated, and needs to be updated through a frontend method;
please see the FAQ <https://wiki.debian.org/Teams/Dpkg/FAQ>
+ for VERSION in $VERSIONS
+ rm -f g++-4.7 gcc-4.7 cpp-4.7 gcc
+ ln -s clang++-4.0 g++-4.7
+ ln -s clang-4.0 gcc-4.7
+ ln -s clang-4.0 cpp-4.7
+ ln -s clang-4.0 gcc
+ echo 'gcc-4.7 hold'
+ dpkg --set-selections
dpkg: warning: package not in status nor available database at line 1: gcc-4.7
dpkg: warning: found unknown packages; this might mean the available database
is outdated, and needs to be updated through a frontend method;
please see the FAQ <https://wiki.debian.org/Teams/Dpkg/FAQ>
+ echo 'g++-4.7 hold'
+ dpkg --set-selections
dpkg: warning: package not in status nor available database at line 1: g++-4.7
dpkg: warning: found unknown packages; this might mean the available database
is outdated, and needs to be updated through a frontend method;
please see the FAQ <https://wiki.debian.org/Teams/Dpkg/FAQ>
+ for VERSION in $VERSIONS
+ rm -f g++-4.8 gcc-4.8 cpp-4.8 gcc
+ ln -s clang++-4.0 g++-4.8
+ ln -s clang-4.0 gcc-4.8
+ ln -s clang-4.0 cpp-4.8
+ ln -s clang-4.0 gcc
+ echo 'gcc-4.8 hold'
+ dpkg --set-selections
dpkg: warning: package not in status nor available database at line 1: gcc-4.8
dpkg: warning: found unknown packages; this might mean the available database
is outdated, and needs to be updated through a frontend method;
please see the FAQ <https://wiki.debian.org/Teams/Dpkg/FAQ>
+ echo 'g++-4.8 hold'
+ dpkg --set-selections
dpkg: warning: package not in status nor available database at line 1: g++-4.8
dpkg: warning: found unknown packages; this might mean the available database
is outdated, and needs to be updated through a frontend method;
please see the FAQ <https://wiki.debian.org/Teams/Dpkg/FAQ>
+ for VERSION in $VERSIONS
+ rm -f g++-4.9 gcc-4.9 cpp-4.9 gcc
+ ln -s clang++-4.0 g++-4.9
+ ln -s clang-4.0 gcc-4.9
+ ln -s clang-4.0 cpp-4.9
+ ln -s clang-4.0 gcc
+ echo 'gcc-4.9 hold'
+ dpkg --set-selections
dpkg: warning: package not in status nor available database at line 1: gcc-4.9
dpkg: warning: found unknown packages; this might mean the available database
is outdated, and needs to be updated through a frontend method;
please see the FAQ <https://wiki.debian.org/Teams/Dpkg/FAQ>
+ echo 'g++-4.9 hold'
+ dpkg --set-selections
dpkg: warning: package not in status nor available database at line 1: g++-4.9
dpkg: warning: found unknown packages; this might mean the available database
is outdated, and needs to be updated through a frontend method;
please see the FAQ <https://wiki.debian.org/Teams/Dpkg/FAQ>
+ for VERSION in $VERSIONS
+ rm -f g++-5 gcc-5 cpp-5 gcc
+ ln -s clang++-4.0 g++-5
+ ln -s clang-4.0 gcc-5
+ ln -s clang-4.0 cpp-5
+ ln -s clang-4.0 gcc
+ echo 'gcc-5 hold'
+ dpkg --set-selections
+ echo 'g++-5 hold'
+ dpkg --set-selections
+ for VERSION in $VERSIONS
+ rm -f g++-6 gcc-6 cpp-6 gcc
+ ln -s clang++-4.0 g++-6
+ ln -s clang-4.0 gcc-6
+ ln -s clang-4.0 cpp-6
+ ln -s clang-4.0 gcc
+ echo 'gcc-6 hold'
+ dpkg --set-selections
+ echo 'g++-6 hold'
+ dpkg --set-selections
+ for VERSION in $VERSIONS
+ rm -f g++-7 gcc-7 cpp-7 gcc
+ ln -s clang++-4.0 g++-7
+ ln -s clang-4.0 gcc-7
+ ln -s clang-4.0 cpp-7
+ ln -s clang-4.0 gcc
+ echo 'gcc-7 hold'
+ dpkg --set-selections
dpkg: warning: package not in status nor available database at line 1: gcc-7
dpkg: warning: found unknown packages; this might mean the available database
is outdated, and needs to be updated through a frontend method;
please see the FAQ <https://wiki.debian.org/Teams/Dpkg/FAQ>
+ echo 'g++-7 hold'
+ dpkg --set-selections
dpkg: warning: package not in status nor available database at line 1: g++-7
dpkg: warning: found unknown packages; this might mean the available database
is outdated, and needs to be updated through a frontend method;
please see the FAQ <https://wiki.debian.org/Teams/Dpkg/FAQ>
+ cd -
/build/vifm-0uE9s4
+ echo 'Check if gcc, g++ & cpp are actually clang'
Check if gcc, g++ & cpp are actually clang
+ gcc --version
+ grep clang
+ cpp --version
+ grep clang
+ g++ --version
+ grep clang

I: Finished running '/tmp/clang40'.

Finished processing commands.
--------------------------------------------------------------------------------

+------------------------------------------------------------------------------+
| Update chroot                                                                |
+------------------------------------------------------------------------------+

Hit:1 http://127.0.0.1:9999/debian unstable InRelease
Reading package lists...
Reading package lists...
Building dependency tree...
Reading state information...
Calculating upgrade...
The following NEW packages will be installed:
  libgnutls30 libhogweed4 libidn2-0 libnettle6 libp11-kit0 libtasn1-6
  libunistring2
The following packages will be upgraded:
  apt cpp debconf g++ gcc libapt-pkg5.0 libdebconfclient0 libperl5.24
  libsystemd0 libudev1 perl perl-base perl-modules-5.24
13 upgraded, 7 newly installed, 0 to remove and 0 not upgraded.
Need to get 12.5 MB of archives.
After this operation, 6330 kB of additional disk space will be used.
Get:1 http://127.0.0.1:9999/debian unstable/main amd64 libperl5.24 amd64 5.24.1-6 [3525 kB]
Get:2 http://127.0.0.1:9999/debian unstable/main amd64 perl amd64 5.24.1-6 [218 kB]
Get:3 http://127.0.0.1:9999/debian unstable/main amd64 perl-base amd64 5.24.1-6 [1344 kB]
Get:4 http://127.0.0.1:9999/debian unstable/main amd64 perl-modules-5.24 all 5.24.1-6 [2723 kB]
Get:5 http://127.0.0.1:9999/debian unstable/main amd64 libapt-pkg5.0 amd64 1.5~beta1 [922 kB]
Get:6 http://127.0.0.1:9999/debian unstable/main amd64 libnettle6 amd64 3.3-1+b1 [191 kB]
Get:7 http://127.0.0.1:9999/debian unstable/main amd64 libhogweed4 amd64 3.3-1+b1 [136 kB]
Get:8 http://127.0.0.1:9999/debian unstable/main amd64 libunistring2 amd64 0.9.7-2 [377 kB]
Get:9 http://127.0.0.1:9999/debian unstable/main amd64 libidn2-0 amd64 0.16-1+b1 [56.6 kB]
Get:10 http://127.0.0.1:9999/debian unstable/main amd64 libp11-kit0 amd64 0.23.7-2 [193 kB]
Get:11 http://127.0.0.1:9999/debian unstable/main amd64 libtasn1-6 amd64 4.12-2 [51.0 kB]
Get:12 http://127.0.0.1:9999/debian unstable/main amd64 libgnutls30 amd64 3.5.13-2 [914 kB]
Get:13 http://127.0.0.1:9999/debian unstable/main amd64 apt amd64 1.5~beta1 [1237 kB]
Get:14 http://127.0.0.1:9999/debian unstable/main amd64 debconf all 1.5.62 [160 kB]
Get:15 http://127.0.0.1:9999/debian unstable/main amd64 libsystemd0 amd64 233-10 [281 kB]
Get:16 http://127.0.0.1:9999/debian unstable/main amd64 libudev1 amd64 233-10 [126 kB]
Get:17 http://127.0.0.1:9999/debian unstable/main amd64 libdebconfclient0 amd64 0.229 [47.9 kB]
Get:18 http://127.0.0.1:9999/debian unstable/main amd64 cpp amd64 4:6.3.0-4d1 [18.8 kB]
Get:19 http://127.0.0.1:9999/debian unstable/main amd64 gcc amd64 4:6.3.0-4d1 [5252 B]
Get:20 http://127.0.0.1:9999/debian unstable/main amd64 g++ amd64 4:6.3.0-4d1 [1548 B]
debconf: delaying package configuration, since apt-utils is not installed
Fetched 12.5 MB in 0s (87.6 MB/s)
(Reading database ... (Reading database ... 5%(Reading database ... 10%(Reading database ... 15%(Reading database ... 20%(Reading database ... 25%(Reading database ... 30%(Reading database ... 35%(Reading database ... 40%(Reading database ... 45%(Reading database ... 50%(Reading database ... 55%(Reading database ... 60%(Reading database ... 65%(Reading database ... 70%(Reading database ... 75%(Reading database ... 80%(Reading database ... 85%(Reading database ... 90%(Reading database ... 95%(Reading database ... 100%(Reading database ... 10135 files and directories currently installed.)
Preparing to unpack .../libperl5.24_5.24.1-6_amd64.deb ...
Unpacking libperl5.24:amd64 (5.24.1-6) over (5.24.1-4) ...
Preparing to unpack .../perl_5.24.1-6_amd64.deb ...
Unpacking perl (5.24.1-6) over (5.24.1-4) ...
Preparing to unpack .../perl-base_5.24.1-6_amd64.deb ...
Unpacking perl-base (5.24.1-6) over (5.24.1-4) ...
Setting up perl-base (5.24.1-6) ...
(Reading database ... (Reading database ... 5%(Reading database ... 10%(Reading database ... 15%(Reading database ... 20%(Reading database ... 25%(Reading database ... 30%(Reading database ... 35%(Reading database ... 40%(Reading database ... 45%(Reading database ... 50%(Reading database ... 55%(Reading database ... 60%(Reading database ... 65%(Reading database ... 70%(Reading database ... 75%(Reading database ... 80%(Reading database ... 85%(Reading database ... 90%(Reading database ... 95%(Reading database ... 100%(Reading database ... 10135 files and directories currently installed.)
Preparing to unpack .../perl-modules-5.24_5.24.1-6_all.deb ...
Unpacking perl-modules-5.24 (5.24.1-6) over (5.24.1-4) ...
Preparing to unpack .../libapt-pkg5.0_1.5~beta1_amd64.deb ...
Unpacking libapt-pkg5.0:amd64 (1.5~beta1) over (1.4.6) ...
Setting up libapt-pkg5.0:amd64 (1.5~beta1) ...
Selecting previously unselected package libnettle6:amd64.
(Reading database ... (Reading database ... 5%(Reading database ... 10%(Reading database ... 15%(Reading database ... 20%(Reading database ... 25%(Reading database ... 30%(Reading database ... 35%(Reading database ... 40%(Reading database ... 45%(Reading database ... 50%(Reading database ... 55%(Reading database ... 60%(Reading database ... 65%(Reading database ... 70%(Reading database ... 75%(Reading database ... 80%(Reading database ... 85%(Reading database ... 90%(Reading database ... 95%(Reading database ... 100%(Reading database ... 10135 files and directories currently installed.)
Preparing to unpack .../libnettle6_3.3-1+b1_amd64.deb ...
Unpacking libnettle6:amd64 (3.3-1+b1) ...
Setting up libnettle6:amd64 (3.3-1+b1) ...
Selecting previously unselected package libhogweed4:amd64.
(Reading database ... (Reading database ... 5%(Reading database ... 10%(Reading database ... 15%(Reading database ... 20%(Reading database ... 25%(Reading database ... 30%(Reading database ... 35%(Reading database ... 40%(Reading database ... 45%(Reading database ... 50%(Reading database ... 55%(Reading database ... 60%(Reading database ... 65%(Reading database ... 70%(Reading database ... 75%(Reading database ... 80%(Reading database ... 85%(Reading database ... 90%(Reading database ... 95%(Reading database ... 100%(Reading database ... 10142 files and directories currently installed.)
Preparing to unpack .../libhogweed4_3.3-1+b1_amd64.deb ...
Unpacking libhogweed4:amd64 (3.3-1+b1) ...
Setting up libhogweed4:amd64 (3.3-1+b1) ...
Selecting previously unselected package libunistring2:amd64.
(Reading database ... (Reading database ... 5%(Reading database ... 10%(Reading database ... 15%(Reading database ... 20%(Reading database ... 25%(Reading database ... 30%(Reading database ... 35%(Reading database ... 40%(Reading database ... 45%(Reading database ... 50%(Reading database ... 55%(Reading database ... 60%(Reading database ... 65%(Reading database ... 70%(Reading database ... 75%(Reading database ... 80%(Reading database ... 85%(Reading database ... 90%(Reading database ... 95%(Reading database ... 100%(Reading database ... 10145 files and directories currently installed.)
Preparing to unpack .../libunistring2_0.9.7-2_amd64.deb ...
Unpacking libunistring2:amd64 (0.9.7-2) ...
Setting up libunistring2:amd64 (0.9.7-2) ...
Selecting previously unselected package libidn2-0:amd64.
(Reading database ... (Reading database ... 5%(Reading database ... 10%(Reading database ... 15%(Reading database ... 20%(Reading database ... 25%(Reading database ... 30%(Reading database ... 35%(Reading database ... 40%(Reading database ... 45%(Reading database ... 50%(Reading database ... 55%(Reading database ... 60%(Reading database ... 65%(Reading database ... 70%(Reading database ... 75%(Reading database ... 80%(Reading database ... 85%(Reading database ... 90%(Reading database ... 95%(Reading database ... 100%(Reading database ... 10151 files and directories currently installed.)
Preparing to unpack .../libidn2-0_0.16-1+b1_amd64.deb ...
Unpacking libidn2-0:amd64 (0.16-1+b1) ...
Setting up libidn2-0:amd64 (0.16-1+b1) ...
Selecting previously unselected package libp11-kit0:amd64.
(Reading database ... (Reading database ... 5%(Reading database ... 10%(Reading database ... 15%(Reading database ... 20%(Reading database ... 25%(Reading database ... 30%(Reading database ... 35%(Reading database ... 40%(Reading database ... 45%(Reading database ... 50%(Reading database ... 55%(Reading database ... 60%(Reading database ... 65%(Reading database ... 70%(Reading database ... 75%(Reading database ... 80%(Reading database ... 85%(Reading database ... 90%(Reading database ... 95%(Reading database ... 100%(Reading database ... 10161 files and directories currently installed.)
Preparing to unpack .../libp11-kit0_0.23.7-2_amd64.deb ...
Unpacking libp11-kit0:amd64 (0.23.7-2) ...
Setting up libp11-kit0:amd64 (0.23.7-2) ...
Selecting previously unselected package libtasn1-6:amd64.
(Reading database ... (Reading database ... 5%(Reading database ... 10%(Reading database ... 15%(Reading database ... 20%(Reading database ... 25%(Reading database ... 30%(Reading database ... 35%(Reading database ... 40%(Reading database ... 45%(Reading database ... 50%(Reading database ... 55%(Reading database ... 60%(Reading database ... 65%(Reading database ... 70%(Reading database ... 75%(Reading database ... 80%(Reading database ... 85%(Reading database ... 90%(Reading database ... 95%(Reading database ... 100%(Reading database ... 10169 files and directories currently installed.)
Preparing to unpack .../libtasn1-6_4.12-2_amd64.deb ...
Unpacking libtasn1-6:amd64 (4.12-2) ...
Setting up libtasn1-6:amd64 (4.12-2) ...
Selecting previously unselected package libgnutls30:amd64.
(Reading database ... (Reading database ... 5%(Reading database ... 10%(Reading database ... 15%(Reading database ... 20%(Reading database ... 25%(Reading database ... 30%(Reading database ... 35%(Reading database ... 40%(Reading database ... 45%(Reading database ... 50%(Reading database ... 55%(Reading database ... 60%(Reading database ... 65%(Reading database ... 70%(Reading database ... 75%(Reading database ... 80%(Reading database ... 85%(Reading database ... 90%(Reading database ... 95%(Reading database ... 100%(Reading database ... 10178 files and directories currently installed.)
Preparing to unpack .../libgnutls30_3.5.13-2_amd64.deb ...
Unpacking libgnutls30:amd64 (3.5.13-2) ...
Setting up libgnutls30:amd64 (3.5.13-2) ...
(Reading database ... (Reading database ... 5%(Reading database ... 10%(Reading database ... 15%(Reading database ... 20%(Reading database ... 25%(Reading database ... 30%(Reading database ... 35%(Reading database ... 40%(Reading database ... 45%(Reading database ... 50%(Reading database ... 55%(Reading database ... 60%(Reading database ... 65%(Reading database ... 70%(Reading database ... 75%(Reading database ... 80%(Reading database ... 85%(Reading database ... 90%(Reading database ... 95%(Reading database ... 100%(Reading database ... 10205 files and directories currently installed.)
Preparing to unpack .../apt_1.5~beta1_amd64.deb ...
Unpacking apt (1.5~beta1) over (1.4.6) ...
Setting up apt (1.5~beta1) ...
(Reading database ... (Reading database ... 5%(Reading database ... 10%(Reading database ... 15%(Reading database ... 20%(Reading database ... 25%(Reading database ... 30%(Reading database ... 35%(Reading database ... 40%(Reading database ... 45%(Reading database ... 50%(Reading database ... 55%(Reading database ... 60%(Reading database ... 65%(Reading database ... 70%(Reading database ... 75%(Reading database ... 80%(Reading database ... 85%(Reading database ... 90%(Reading database ... 95%(Reading database ... 100%(Reading database ... 10204 files and directories currently installed.)
Preparing to unpack .../debconf_1.5.62_all.deb ...
Unpacking debconf (1.5.62) over (1.5.61) ...
Setting up debconf (1.5.62) ...
(Reading database ... (Reading database ... 5%(Reading database ... 10%(Reading database ... 15%(Reading database ... 20%(Reading database ... 25%(Reading database ... 30%(Reading database ... 35%(Reading database ... 40%(Reading database ... 45%(Reading database ... 50%(Reading database ... 55%(Reading database ... 60%(Reading database ... 65%(Reading database ... 70%(Reading database ... 75%(Reading database ... 80%(Reading database ... 85%(Reading database ... 90%(Reading database ... 95%(Reading database ... 100%(Reading database ... 10204 files and directories currently installed.)
Preparing to unpack .../libsystemd0_233-10_amd64.deb ...
Unpacking libsystemd0:amd64 (233-10) over (233-9) ...
Setting up libsystemd0:amd64 (233-10) ...
(Reading database ... (Reading database ... 5%(Reading database ... 10%(Reading database ... 15%(Reading database ... 20%(Reading database ... 25%(Reading database ... 30%(Reading database ... 35%(Reading database ... 40%(Reading database ... 45%(Reading database ... 50%(Reading database ... 55%(Reading database ... 60%(Reading database ... 65%(Reading database ... 70%(Reading database ... 75%(Reading database ... 80%(Reading database ... 85%(Reading database ... 90%(Reading database ... 95%(Reading database ... 100%(Reading database ... 10204 files and directories currently installed.)
Preparing to unpack .../libudev1_233-10_amd64.deb ...
Unpacking libudev1:amd64 (233-10) over (233-9) ...
Setting up libudev1:amd64 (233-10) ...
(Reading database ... (Reading database ... 5%(Reading database ... 10%(Reading database ... 15%(Reading database ... 20%(Reading database ... 25%(Reading database ... 30%(Reading database ... 35%(Reading database ... 40%(Reading database ... 45%(Reading database ... 50%(Reading database ... 55%(Reading database ... 60%(Reading database ... 65%(Reading database ... 70%(Reading database ... 75%(Reading database ... 80%(Reading database ... 85%(Reading database ... 90%(Reading database ... 95%(Reading database ... 100%(Reading database ... 10204 files and directories currently installed.)
Preparing to unpack .../libdebconfclient0_0.229_amd64.deb ...
Unpacking libdebconfclient0:amd64 (0.229) over (0.228) ...
Setting up libdebconfclient0:amd64 (0.229) ...
(Reading database ... (Reading database ... 5%(Reading database ... 10%(Reading database ... 15%(Reading database ... 20%(Reading database ... 25%(Reading database ... 30%(Reading database ... 35%(Reading database ... 40%(Reading database ... 45%(Reading database ... 50%(Reading database ... 55%(Reading database ... 60%(Reading database ... 65%(Reading database ... 70%(Reading database ... 75%(Reading database ... 80%(Reading database ... 85%(Reading database ... 90%(Reading database ... 95%(Reading database ... 100%(Reading database ... 10204 files and directories currently installed.)
Preparing to unpack .../cpp_4%3a6.3.0-4d1_amd64.deb ...
Unpacking cpp (4:6.3.0-4d1) over (4:6.3.0-4) ...
Preparing to unpack .../gcc_4%3a6.3.0-4d1_amd64.deb ...
Removing old gcc doc directory.
Unpacking gcc (4:6.3.0-4d1) over (4:6.3.0-4) ...
Preparing to unpack .../g++_4%3a6.3.0-4d1_amd64.deb ...
Unpacking g++ (4:6.3.0-4d1) over (4:6.3.0-4) ...
Setting up cpp (4:6.3.0-4d1) ...
Setting up perl-modules-5.24 (5.24.1-6) ...
Setting up libperl5.24:amd64 (5.24.1-6) ...
Setting up gcc (4:6.3.0-4d1) ...
Setting up perl (5.24.1-6) ...
Processing triggers for libc-bin (2.24-12) ...
Setting up g++ (4:6.3.0-4d1) ...

+------------------------------------------------------------------------------+
| Fetch source files                                                           |
+------------------------------------------------------------------------------+


Check APT
---------

Checking available source versions...

Download source files with APT
------------------------------

Reading package lists...
NOTICE: 'vifm' packaging is maintained in the 'Git' version control system at:
https://anonscm.debian.org/git/collab-maint/vifm.git
Please use:
git clone https://anonscm.debian.org/git/collab-maint/vifm.git
to retrieve the latest (possibly unreleased) updates to the package.
Need to get 983 kB of source archives.
Get:1 http://127.0.0.1:9999/debian unstable/main vifm 0.9-1 (dsc) [1845 B]
Get:2 http://127.0.0.1:9999/debian unstable/main vifm 0.9-1 (tar) [972 kB]
Get:3 http://127.0.0.1:9999/debian unstable/main vifm 0.9-1 (diff) [9628 B]
Fetched 983 kB in 0s (8967 kB/s)
Download complete and in download only mode
I: NOTICE: Log filtering will replace 'build/vifm-0uE9s4/vifm-0.9' with '<<PKGBUILDDIR>>'
I: NOTICE: Log filtering will replace 'build/vifm-0uE9s4' with '<<BUILDDIR>>'

+------------------------------------------------------------------------------+
| Install build-essential                                                      |
+------------------------------------------------------------------------------+


Setup apt archive
-----------------

Merged Build-Depends: build-essential, fakeroot
Filtered Build-Depends: build-essential, fakeroot
dpkg-deb: building package 'sbuild-build-depends-core-dummy' in '/<<BUILDDIR>>/resolver-Ut1h7S/apt_archive/sbuild-build-depends-core-dummy.deb'.
dpkg-scanpackages: warning: Packages in archive but missing from override file:
dpkg-scanpackages: warning:   sbuild-build-depends-core-dummy
dpkg-scanpackages: info: Wrote 1 entries to output Packages file.
Ign:1 copy:/<<BUILDDIR>>/resolver-Ut1h7S/apt_archive ./ InRelease
Get:2 copy:/<<BUILDDIR>>/resolver-Ut1h7S/apt_archive ./ Release [957 B]
Ign:3 copy:/<<BUILDDIR>>/resolver-Ut1h7S/apt_archive ./ Release.gpg
Get:4 copy:/<<BUILDDIR>>/resolver-Ut1h7S/apt_archive ./ Sources [349 B]
Get:5 copy:/<<BUILDDIR>>/resolver-Ut1h7S/apt_archive ./ Packages [433 B]
Fetched 1739 B in 0s (0 B/s)
Reading package lists...
Reading package lists...

Install core build dependencies (apt-based resolver)
----------------------------------------------------

Installing build dependencies
Reading package lists...
Building dependency tree...
Reading state information...
The following NEW packages will be installed:
  sbuild-build-depends-core-dummy
0 upgraded, 1 newly installed, 0 to remove and 0 not upgraded.
Need to get 782 B of archives.
After this operation, 0 B of additional disk space will be used.
Get:1 copy:/<<BUILDDIR>>/resolver-Ut1h7S/apt_archive ./ sbuild-build-depends-core-dummy 0.invalid.0 [782 B]
debconf: delaying package configuration, since apt-utils is not installed
Fetched 782 B in 0s (0 B/s)
Selecting previously unselected package sbuild-build-depends-core-dummy.
(Reading database ... 10206 files and directories currently installed.)
Preparing to unpack .../sbuild-build-depends-core-dummy_0.invalid.0_amd64.deb ...
Unpacking sbuild-build-depends-core-dummy (0.invalid.0) ...
Setting up sbuild-build-depends-core-dummy (0.invalid.0) ...

+------------------------------------------------------------------------------+
| Check architectures                                                          |
+------------------------------------------------------------------------------+

Arch check ok (amd64 included in any)

+------------------------------------------------------------------------------+
| Install package build dependencies                                           |
+------------------------------------------------------------------------------+


Setup apt archive
-----------------

Merged Build-Depends: debhelper (>= 10), libmagic-dev, libncursesw5-dev, libx11-dev, vim
Filtered Build-Depends: debhelper (>= 10), libmagic-dev, libncursesw5-dev, libx11-dev, vim
dpkg-deb: building package 'sbuild-build-depends-vifm-dummy' in '/<<BUILDDIR>>/resolver-Ut1h7S/apt_archive/sbuild-build-depends-vifm-dummy.deb'.
dpkg-scanpackages: warning: Packages in archive but missing from override file:
dpkg-scanpackages: warning:   sbuild-build-depends-core-dummy sbuild-build-depends-vifm-dummy
dpkg-scanpackages: info: Wrote 2 entries to output Packages file.
Ign:1 copy:/<<BUILDDIR>>/resolver-Ut1h7S/apt_archive ./ InRelease
Get:2 copy:/<<BUILDDIR>>/resolver-Ut1h7S/apt_archive ./ Release [963 B]
Ign:3 copy:/<<BUILDDIR>>/resolver-Ut1h7S/apt_archive ./ Release.gpg
Get:4 copy:/<<BUILDDIR>>/resolver-Ut1h7S/apt_archive ./ Sources [509 B]
Get:5 copy:/<<BUILDDIR>>/resolver-Ut1h7S/apt_archive ./ Packages [592 B]
Fetched 2064 B in 0s (0 B/s)
Reading package lists...
Reading package lists...

Install vifm build dependencies (apt-based resolver)
----------------------------------------------------

Installing build dependencies
Reading package lists...
Building dependency tree...
Reading state information...
The following additional packages will be installed:
  autoconf automake autopoint autotools-dev bsdmainutils debhelper
  dh-autoreconf dh-strip-nondeterminism file gettext gettext-base groff-base
  intltool-debian libarchive-zip-perl libcroco3
  libfile-stripnondeterminism-perl libglib2.0-0 libgpm2 libicu57 libmagic-dev
  libmagic-mgc libmagic1 libncursesw5-dev libpipeline1 libpthread-stubs0-dev
  libsigsegv2 libtimedate-perl libtinfo-dev libtool libx11-6 libx11-data
  libx11-dev libxau-dev libxau6 libxcb1 libxcb1-dev libxdmcp-dev libxdmcp6
  libxml2 m4 man-db po-debconf vim vim-common vim-runtime x11proto-core-dev
  x11proto-input-dev x11proto-kb-dev xorg-sgml-doctools xtrans-dev xxd
Suggested packages:
  autoconf-archive gnu-standards autoconf-doc wamerican | wordlist whois
  vacation dh-make gettext-doc libasprintf-dev libgettextpo-dev groff gpm
  ncurses-doc libtool-doc gfortran | fortran95-compiler gcj-jdk libxcb-doc
  m4-doc less www-browser libmail-box-perl ctags vim-doc vim-scripts
Recommended packages:
  curl | wget | lynx-cur libarchive-cpio-perl libglib2.0-data shared-mime-info
  xdg-user-dirs libltdl-dev libx11-doc xml-core libmail-sendmail-perl
The following NEW packages will be installed:
  autoconf automake autopoint autotools-dev bsdmainutils debhelper
  dh-autoreconf dh-strip-nondeterminism file gettext gettext-base groff-base
  intltool-debian libarchive-zip-perl libcroco3
  libfile-stripnondeterminism-perl libglib2.0-0 libgpm2 libicu57 libmagic-dev
  libmagic-mgc libmagic1 libncursesw5-dev libpipeline1 libpthread-stubs0-dev
  libsigsegv2 libtimedate-perl libtinfo-dev libtool libx11-6 libx11-data
  libx11-dev libxau-dev libxau6 libxcb1 libxcb1-dev libxdmcp-dev libxdmcp6
  libxml2 m4 man-db po-debconf sbuild-build-depends-vifm-dummy vim vim-common
  vim-runtime x11proto-core-dev x11proto-input-dev x11proto-kb-dev
  xorg-sgml-doctools xtrans-dev xxd
0 upgraded, 52 newly installed, 0 to remove and 0 not upgraded.
Need to get 30.0 MB of archives.
After this operation, 110 MB of additional disk space will be used.
Get:1 copy:/<<BUILDDIR>>/resolver-Ut1h7S/apt_archive ./ sbuild-build-depends-vifm-dummy 0.invalid.0 [808 B]
Get:2 http://127.0.0.1:9999/debian unstable/main amd64 groff-base amd64 1.22.3-9 [1160 kB]
Get:3 http://127.0.0.1:9999/debian unstable/main amd64 bsdmainutils amd64 9.0.12+nmu1 [186 kB]
Get:4 http://127.0.0.1:9999/debian unstable/main amd64 libpipeline1 amd64 1.4.1-2 [27.6 kB]
Get:5 http://127.0.0.1:9999/debian unstable/main amd64 man-db amd64 2.7.6.1-2 [1044 kB]
Get:6 http://127.0.0.1:9999/debian unstable/main amd64 libxau6 amd64 1:1.0.8-1 [20.7 kB]
Get:7 http://127.0.0.1:9999/debian unstable/main amd64 xxd amd64 2:8.0.0197-4 [131 kB]
Get:8 http://127.0.0.1:9999/debian unstable/main amd64 vim-common all 2:8.0.0197-4 [159 kB]
Get:9 http://127.0.0.1:9999/debian unstable/main amd64 libmagic-mgc amd64 1:5.30-1 [222 kB]
Get:10 http://127.0.0.1:9999/debian unstable/main amd64 libmagic1 amd64 1:5.30-1 [111 kB]
Get:11 http://127.0.0.1:9999/debian unstable/main amd64 file amd64 1:5.30-1 [63.9 kB]
Get:12 http://127.0.0.1:9999/debian unstable/main amd64 gettext-base amd64 0.19.8.1-2+b1 [122 kB]
Get:13 http://127.0.0.1:9999/debian unstable/main amd64 libgpm2 amd64 1.20.4-6.2+b1 [34.2 kB]
Get:14 http://127.0.0.1:9999/debian unstable/main amd64 libicu57 amd64 57.1-6 [7701 kB]
Get:15 http://127.0.0.1:9999/debian unstable/main amd64 libxml2 amd64 2.9.4+dfsg1-3 [715 kB]
Get:16 http://127.0.0.1:9999/debian unstable/main amd64 libsigsegv2 amd64 2.11-1 [29.9 kB]
Get:17 http://127.0.0.1:9999/debian unstable/main amd64 m4 amd64 1.4.18-1 [202 kB]
Get:18 http://127.0.0.1:9999/debian unstable/main amd64 autoconf all 2.69-10 [338 kB]
Get:19 http://127.0.0.1:9999/debian unstable/main amd64 autotools-dev all 20161112.1 [73.4 kB]
Get:20 http://127.0.0.1:9999/debian unstable/main amd64 automake all 1:1.15.1-2 [736 kB]
Get:21 http://127.0.0.1:9999/debian unstable/main amd64 autopoint all 0.19.8.1-2 [433 kB]
Get:22 http://127.0.0.1:9999/debian unstable/main amd64 libtool all 2.4.6-2 [545 kB]
Get:23 http://127.0.0.1:9999/debian unstable/main amd64 dh-autoreconf all 14 [15.9 kB]
Get:24 http://127.0.0.1:9999/debian unstable/main amd64 libarchive-zip-perl all 1.59-1 [95.5 kB]
Get:25 http://127.0.0.1:9999/debian unstable/main amd64 libfile-stripnondeterminism-perl all 0.035-2 [17.0 kB]
Get:26 http://127.0.0.1:9999/debian unstable/main amd64 libtimedate-perl all 2.3000-2 [42.2 kB]
Get:27 http://127.0.0.1:9999/debian unstable/main amd64 dh-strip-nondeterminism all 0.035-2 [10.7 kB]
Get:28 http://127.0.0.1:9999/debian unstable/main amd64 libglib2.0-0 amd64 2.52.3-1 [2742 kB]
Get:29 http://127.0.0.1:9999/debian unstable/main amd64 libcroco3 amd64 0.6.12-1 [144 kB]
Get:30 http://127.0.0.1:9999/debian unstable/main amd64 gettext amd64 0.19.8.1-2+b1 [1301 kB]
Get:31 http://127.0.0.1:9999/debian unstable/main amd64 intltool-debian all 0.35.0+20060710.4 [26.3 kB]
Get:32 http://127.0.0.1:9999/debian unstable/main amd64 po-debconf all 1.0.20 [247 kB]
Get:33 http://127.0.0.1:9999/debian unstable/main amd64 debhelper all 10.6.2 [968 kB]
Get:34 http://127.0.0.1:9999/debian unstable/main amd64 libmagic-dev amd64 1:5.30-1 [122 kB]
Get:35 http://127.0.0.1:9999/debian unstable/main amd64 libtinfo-dev amd64 6.0+20161126-1 [78.8 kB]
Get:36 http://127.0.0.1:9999/debian unstable/main amd64 libncursesw5-dev amd64 6.0+20161126-1 [200 kB]
Get:37 http://127.0.0.1:9999/debian unstable/main amd64 libpthread-stubs0-dev amd64 0.3-4 [3866 B]
Get:38 http://127.0.0.1:9999/debian unstable/main amd64 libxdmcp6 amd64 1:1.1.2-3 [26.3 kB]
Get:39 http://127.0.0.1:9999/debian unstable/main amd64 libxcb1 amd64 1.12-1 [133 kB]
Get:40 http://127.0.0.1:9999/debian unstable/main amd64 libx11-data all 2:1.6.4-3 [290 kB]
Get:41 http://127.0.0.1:9999/debian unstable/main amd64 libx11-6 amd64 2:1.6.4-3 [747 kB]
Get:42 http://127.0.0.1:9999/debian unstable/main amd64 xorg-sgml-doctools all 1:1.11-1 [21.9 kB]
Get:43 http://127.0.0.1:9999/debian unstable/main amd64 x11proto-core-dev all 7.0.31-1 [728 kB]
Get:44 http://127.0.0.1:9999/debian unstable/main amd64 libxau-dev amd64 1:1.0.8-1 [23.6 kB]
Get:45 http://127.0.0.1:9999/debian unstable/main amd64 libxdmcp-dev amd64 1:1.1.2-3 [42.2 kB]
Get:46 http://127.0.0.1:9999/debian unstable/main amd64 x11proto-input-dev all 2.3.2-1 [158 kB]
Get:47 http://127.0.0.1:9999/debian unstable/main amd64 x11proto-kb-dev all 1.0.7-1 [233 kB]
Get:48 http://127.0.0.1:9999/debian unstable/main amd64 xtrans-dev all 1.3.5-1 [100 kB]
Get:49 http://127.0.0.1:9999/debian unstable/main amd64 libxcb1-dev amd64 1.12-1 [169 kB]
Get:50 http://127.0.0.1:9999/debian unstable/main amd64 libx11-dev amd64 2:1.6.4-3 [815 kB]
Get:51 http://127.0.0.1:9999/debian unstable/main amd64 vim-runtime all 2:8.0.0197-4 [5409 kB]
Get:52 http://127.0.0.1:9999/debian unstable/main amd64 vim amd64 2:8.0.0197-4 [1033 kB]
debconf: delaying package configuration, since apt-utils is not installed
Fetched 30.0 MB in 0s (65.1 MB/s)
Selecting previously unselected package groff-base.
(Reading database ... 10206 files and directories currently installed.)
Preparing to unpack .../00-groff-base_1.22.3-9_amd64.deb ...
Unpacking groff-base (1.22.3-9) ...
Selecting previously unselected package bsdmainutils.
Preparing to unpack .../01-bsdmainutils_9.0.12+nmu1_amd64.deb ...
Unpacking bsdmainutils (9.0.12+nmu1) ...
Selecting previously unselected package libpipeline1:amd64.
Preparing to unpack .../02-libpipeline1_1.4.1-2_amd64.deb ...
Unpacking libpipeline1:amd64 (1.4.1-2) ...
Selecting previously unselected package man-db.
Preparing to unpack .../03-man-db_2.7.6.1-2_amd64.deb ...
Unpacking man-db (2.7.6.1-2) ...
Selecting previously unselected package libxau6:amd64.
Preparing to unpack .../04-libxau6_1%3a1.0.8-1_amd64.deb ...
Unpacking libxau6:amd64 (1:1.0.8-1) ...
Selecting previously unselected package xxd.
Preparing to unpack .../05-xxd_2%3a8.0.0197-4_amd64.deb ...
Unpacking xxd (2:8.0.0197-4) ...
Selecting previously unselected package vim-common.
Preparing to unpack .../06-vim-common_2%3a8.0.0197-4_all.deb ...
Unpacking vim-common (2:8.0.0197-4) ...
Selecting previously unselected package libmagic-mgc.
Preparing to unpack .../07-libmagic-mgc_1%3a5.30-1_amd64.deb ...
Unpacking libmagic-mgc (1:5.30-1) ...
Selecting previously unselected package libmagic1:amd64.
Preparing to unpack .../08-libmagic1_1%3a5.30-1_amd64.deb ...
Unpacking libmagic1:amd64 (1:5.30-1) ...
Selecting previously unselected package file.
Preparing to unpack .../09-file_1%3a5.30-1_amd64.deb ...
Unpacking file (1:5.30-1) ...
Selecting previously unselected package gettext-base.
Preparing to unpack .../10-gettext-base_0.19.8.1-2+b1_amd64.deb ...
Unpacking gettext-base (0.19.8.1-2+b1) ...
Selecting previously unselected package libgpm2:amd64.
Preparing to unpack .../11-libgpm2_1.20.4-6.2+b1_amd64.deb ...
Unpacking libgpm2:amd64 (1.20.4-6.2+b1) ...
Selecting previously unselected package libicu57:amd64.
Preparing to unpack .../12-libicu57_57.1-6_amd64.deb ...
Unpacking libicu57:amd64 (57.1-6) ...
Selecting previously unselected package libxml2:amd64.
Preparing to unpack .../13-libxml2_2.9.4+dfsg1-3_amd64.deb ...
Unpacking libxml2:amd64 (2.9.4+dfsg1-3) ...
Selecting previously unselected package libsigsegv2:amd64.
Preparing to unpack .../14-libsigsegv2_2.11-1_amd64.deb ...
Unpacking libsigsegv2:amd64 (2.11-1) ...
Selecting previously unselected package m4.
Preparing to unpack .../15-m4_1.4.18-1_amd64.deb ...
Unpacking m4 (1.4.18-1) ...
Selecting previously unselected package autoconf.
Preparing to unpack .../16-autoconf_2.69-10_all.deb ...
Unpacking autoconf (2.69-10) ...
Selecting previously unselected package autotools-dev.
Preparing to unpack .../17-autotools-dev_20161112.1_all.deb ...
Unpacking autotools-dev (20161112.1) ...
Selecting previously unselected package automake.
Preparing to unpack .../18-automake_1%3a1.15.1-2_all.deb ...
Unpacking automake (1:1.15.1-2) ...
Selecting previously unselected package autopoint.
Preparing to unpack .../19-autopoint_0.19.8.1-2_all.deb ...
Unpacking autopoint (0.19.8.1-2) ...
Selecting previously unselected package libtool.
Preparing to unpack .../20-libtool_2.4.6-2_all.deb ...
Unpacking libtool (2.4.6-2) ...
Selecting previously unselected package dh-autoreconf.
Preparing to unpack .../21-dh-autoreconf_14_all.deb ...
Unpacking dh-autoreconf (14) ...
Selecting previously unselected package libarchive-zip-perl.
Preparing to unpack .../22-libarchive-zip-perl_1.59-1_all.deb ...
Unpacking libarchive-zip-perl (1.59-1) ...
Selecting previously unselected package libfile-stripnondeterminism-perl.
Preparing to unpack .../23-libfile-stripnondeterminism-perl_0.035-2_all.deb ...
Unpacking libfile-stripnondeterminism-perl (0.035-2) ...
Selecting previously unselected package libtimedate-perl.
Preparing to unpack .../24-libtimedate-perl_2.3000-2_all.deb ...
Unpacking libtimedate-perl (2.3000-2) ...
Selecting previously unselected package dh-strip-nondeterminism.
Preparing to unpack .../25-dh-strip-nondeterminism_0.035-2_all.deb ...
Unpacking dh-strip-nondeterminism (0.035-2) ...
Selecting previously unselected package libglib2.0-0:amd64.
Preparing to unpack .../26-libglib2.0-0_2.52.3-1_amd64.deb ...
Unpacking libglib2.0-0:amd64 (2.52.3-1) ...
Selecting previously unselected package libcroco3:amd64.
Preparing to unpack .../27-libcroco3_0.6.12-1_amd64.deb ...
Unpacking libcroco3:amd64 (0.6.12-1) ...
Selecting previously unselected package gettext.
Preparing to unpack .../28-gettext_0.19.8.1-2+b1_amd64.deb ...
Unpacking gettext (0.19.8.1-2+b1) ...
Selecting previously unselected package intltool-debian.
Preparing to unpack .../29-intltool-debian_0.35.0+20060710.4_all.deb ...
Unpacking intltool-debian (0.35.0+20060710.4) ...
Selecting previously unselected package po-debconf.
Preparing to unpack .../30-po-debconf_1.0.20_all.deb ...
Unpacking po-debconf (1.0.20) ...
Selecting previously unselected package debhelper.
Preparing to unpack .../31-debhelper_10.6.2_all.deb ...
Unpacking debhelper (10.6.2) ...
Selecting previously unselected package libmagic-dev:amd64.
Preparing to unpack .../32-libmagic-dev_1%3a5.30-1_amd64.deb ...
Unpacking libmagic-dev:amd64 (1:5.30-1) ...
Selecting previously unselected package libtinfo-dev:amd64.
Preparing to unpack .../33-libtinfo-dev_6.0+20161126-1_amd64.deb ...
Unpacking libtinfo-dev:amd64 (6.0+20161126-1) ...
Selecting previously unselected package libncursesw5-dev:amd64.
Preparing to unpack .../34-libncursesw5-dev_6.0+20161126-1_amd64.deb ...
Unpacking libncursesw5-dev:amd64 (6.0+20161126-1) ...
Selecting previously unselected package libpthread-stubs0-dev:amd64.
Preparing to unpack .../35-libpthread-stubs0-dev_0.3-4_amd64.deb ...
Unpacking libpthread-stubs0-dev:amd64 (0.3-4) ...
Selecting previously unselected package libxdmcp6:amd64.
Preparing to unpack .../36-libxdmcp6_1%3a1.1.2-3_amd64.deb ...
Unpacking libxdmcp6:amd64 (1:1.1.2-3) ...
Selecting previously unselected package libxcb1:amd64.
Preparing to unpack .../37-libxcb1_1.12-1_amd64.deb ...
Unpacking libxcb1:amd64 (1.12-1) ...
Selecting previously unselected package libx11-data.
Preparing to unpack .../38-libx11-data_2%3a1.6.4-3_all.deb ...
Unpacking libx11-data (2:1.6.4-3) ...
Selecting previously unselected package libx11-6:amd64.
Preparing to unpack .../39-libx11-6_2%3a1.6.4-3_amd64.deb ...
Unpacking libx11-6:amd64 (2:1.6.4-3) ...
Selecting previously unselected package xorg-sgml-doctools.
Preparing to unpack .../40-xorg-sgml-doctools_1%3a1.11-1_all.deb ...
Unpacking xorg-sgml-doctools (1:1.11-1) ...
Selecting previously unselected package x11proto-core-dev.
Preparing to unpack .../41-x11proto-core-dev_7.0.31-1_all.deb ...
Unpacking x11proto-core-dev (7.0.31-1) ...
Selecting previously unselected package libxau-dev:amd64.
Preparing to unpack .../42-libxau-dev_1%3a1.0.8-1_amd64.deb ...
Unpacking libxau-dev:amd64 (1:1.0.8-1) ...
Selecting previously unselected package libxdmcp-dev:amd64.
Preparing to unpack .../43-libxdmcp-dev_1%3a1.1.2-3_amd64.deb ...
Unpacking libxdmcp-dev:amd64 (1:1.1.2-3) ...
Selecting previously unselected package x11proto-input-dev.
Preparing to unpack .../44-x11proto-input-dev_2.3.2-1_all.deb ...
Unpacking x11proto-input-dev (2.3.2-1) ...
Selecting previously unselected package x11proto-kb-dev.
Preparing to unpack .../45-x11proto-kb-dev_1.0.7-1_all.deb ...
Unpacking x11proto-kb-dev (1.0.7-1) ...
Selecting previously unselected package xtrans-dev.
Preparing to unpack .../46-xtrans-dev_1.3.5-1_all.deb ...
Unpacking xtrans-dev (1.3.5-1) ...
Selecting previously unselected package libxcb1-dev:amd64.
Preparing to unpack .../47-libxcb1-dev_1.12-1_amd64.deb ...
Unpacking libxcb1-dev:amd64 (1.12-1) ...
Selecting previously unselected package libx11-dev:amd64.
Preparing to unpack .../48-libx11-dev_2%3a1.6.4-3_amd64.deb ...
Unpacking libx11-dev:amd64 (2:1.6.4-3) ...
Selecting previously unselected package vim-runtime.
Preparing to unpack .../49-vim-runtime_2%3a8.0.0197-4_all.deb ...
Adding 'diversion of /usr/share/vim/vim80/doc/help.txt to /usr/share/vim/vim80/doc/help.txt.vim-tiny by vim-runtime'
Adding 'diversion of /usr/share/vim/vim80/doc/tags to /usr/share/vim/vim80/doc/tags.vim-tiny by vim-runtime'
Unpacking vim-runtime (2:8.0.0197-4) ...
Selecting previously unselected package vim.
Preparing to unpack .../50-vim_2%3a8.0.0197-4_amd64.deb ...
Unpacking vim (2:8.0.0197-4) ...
Selecting previously unselected package sbuild-build-depends-vifm-dummy.
Preparing to unpack .../51-sbuild-build-depends-vifm-dummy_0.invalid.0_amd64.deb ...
Unpacking sbuild-build-depends-vifm-dummy (0.invalid.0) ...
Setting up libarchive-zip-perl (1.59-1) ...
Setting up xxd (2:8.0.0197-4) ...
Setting up libtimedate-perl (2.3000-2) ...
Setting up libsigsegv2:amd64 (2.11-1) ...
Setting up libgpm2:amd64 (1.20.4-6.2+b1) ...
Setting up libpthread-stubs0-dev:amd64 (0.3-4) ...
Setting up groff-base (1.22.3-9) ...
Setting up libglib2.0-0:amd64 (2.52.3-1) ...
No schema files found: doing nothing.
Setting up xorg-sgml-doctools (1:1.11-1) ...
Setting up libtinfo-dev:amd64 (6.0+20161126-1) ...
Setting up gettext-base (0.19.8.1-2+b1) ...
Setting up libpipeline1:amd64 (1.4.1-2) ...
Setting up x11proto-kb-dev (1.0.7-1) ...
Setting up m4 (1.4.18-1) ...
Setting up libicu57:amd64 (57.1-6) ...
Setting up libxml2:amd64 (2.9.4+dfsg1-3) ...
Setting up libmagic-mgc (1:5.30-1) ...
Setting up libmagic1:amd64 (1:5.30-1) ...
Setting up libcroco3:amd64 (0.6.12-1) ...
Setting up xtrans-dev (1.3.5-1) ...
Processing triggers for libc-bin (2.24-12) ...
Setting up autotools-dev (20161112.1) ...
Setting up libncursesw5-dev:amd64 (6.0+20161126-1) ...
Setting up vim-common (2:8.0.0197-4) ...
Setting up vim-runtime (2:8.0.0197-4) ...
Setting up libxdmcp6:amd64 (1:1.1.2-3) ...
Setting up bsdmainutils (9.0.12+nmu1) ...
update-alternatives: using /usr/bin/bsd-write to provide /usr/bin/write (write) in auto mode
update-alternatives: using /usr/bin/bsd-from to provide /usr/bin/from (from) in auto mode
Setting up libx11-data (2:1.6.4-3) ...
Setting up libxau6:amd64 (1:1.0.8-1) ...
Setting up autopoint (0.19.8.1-2) ...
Setting up libfile-stripnondeterminism-perl (0.035-2) ...
Setting up x11proto-core-dev (7.0.31-1) ...
Setting up libmagic-dev:amd64 (1:5.30-1) ...
Setting up gettext (0.19.8.1-2+b1) ...
Setting up vim (2:8.0.0197-4) ...
update-alternatives: using /usr/bin/vim.basic to provide /usr/bin/vim (vim) in auto mode
update-alternatives: using /usr/bin/vim.basic to provide /usr/bin/vimdiff (vimdiff) in auto mode
update-alternatives: using /usr/bin/vim.basic to provide /usr/bin/rvim (rvim) in auto mode
update-alternatives: using /usr/bin/vim.basic to provide /usr/bin/rview (rview) in auto mode
update-alternatives: using /usr/bin/vim.basic to provide /usr/bin/vi (vi) in auto mode
update-alternatives: using /usr/bin/vim.basic to provide /usr/bin/view (view) in auto mode
update-alternatives: using /usr/bin/vim.basic to provide /usr/bin/ex (ex) in auto mode
update-alternatives: using /usr/bin/vim.basic to provide /usr/bin/editor (editor) in auto mode
Setting up libxau-dev:amd64 (1:1.0.8-1) ...
Setting up autoconf (2.69-10) ...
Setting up file (1:5.30-1) ...
Setting up intltool-debian (0.35.0+20060710.4) ...
Setting up libxdmcp-dev:amd64 (1:1.1.2-3) ...
Setting up automake (1:1.15.1-2) ...
update-alternatives: using /usr/bin/automake-1.15 to provide /usr/bin/automake (automake) in auto mode
Setting up man-db (2.7.6.1-2) ...
Not building database; man-db/auto-update is not 'true'.
Setting up libxcb1:amd64 (1.12-1) ...
Setting up x11proto-input-dev (2.3.2-1) ...
Setting up libtool (2.4.6-2) ...
Setting up po-debconf (1.0.20) ...
Setting up libx11-6:amd64 (2:1.6.4-3) ...
Setting up libxcb1-dev:amd64 (1.12-1) ...
Setting up libx11-dev:amd64 (2:1.6.4-3) ...
Setting up dh-strip-nondeterminism (0.035-2) ...
Setting up debhelper (10.6.2) ...
Setting up dh-autoreconf (14) ...
Setting up sbuild-build-depends-vifm-dummy (0.invalid.0) ...
Processing triggers for libc-bin (2.24-12) ...

+------------------------------------------------------------------------------+
| Build environment                                                            |
+------------------------------------------------------------------------------+

Kernel: Linux 4.9.0-2-amd64 amd64 (x86_64)
Toolchain package versions: binutils_2.28-6 dpkg-dev_1.18.24 g++-6_6.4.0-1 gcc-6_6.4.0-1 libc6-dev_2.24-12 libstdc++-6-dev_6.4.0-1 libstdc++6_7.1.0-9 linux-libc-dev_4.11.6-1
Package versions: adduser_3.115 apt_1.5~beta1 autoconf_2.69-10 automake_1:1.15.1-2 autopoint_0.19.8.1-2 autotools-dev_20161112.1 base-files_10 base-passwd_3.5.43 bash_4.4-5 binutils_2.28-6 bsdmainutils_9.0.12+nmu1 bsdutils_1:2.29.2-1 build-essential_12.3 bzip2_1.0.6-8.1 clang-4.0_1:4.0.1-1 coreutils_8.26-3 cpp_4:6.3.0-4d1 cpp-6_6.4.0-1 dash_0.5.8-2.4 debconf_1.5.62 debfoster_2.7-2.1+b1 debhelper_10.6.2 debian-archive-keyring_2017.5 debianutils_4.8.1.1 dh-autoreconf_14 dh-strip-nondeterminism_0.035-2 diffutils_1:3.5-3 dpkg_1.18.24 dpkg-dev_1.18.24 e2fslibs_1.43.4-2 e2fsprogs_1.43.4-2 eatmydata_105-5 fakeroot_1.21-3.1 file_1:5.30-1 findutils_4.6.0+git+20170606-2 g++_4:6.3.0-4d1 g++-6_6.4.0-1 gcc_4:6.3.0-4d1 gcc-6_6.4.0-1 gcc-6-base_6.4.0-1 gcc-7-base_7.1.0-9 gettext_0.19.8.1-2+b1 gettext-base_0.19.8.1-2+b1 gpgv_2.1.18-8 grep_2.27-2 groff-base_1.22.3-9 gzip_1.6-5+b1 hostname_3.18+b1 init-system-helpers_1.48 intltool-debian_0.35.0+20060710.4 libacl1_2.2.52-3+b1 libapt-pkg5.0_1.5~beta1 libarchive-zip-perl_1.59-1 libasan3_6.4.0-1 libatomic1_7.1.0-9 libattr1_1:2.4.47-2+b2 libaudit-common_1:2.7.7-1 libaudit1_1:2.7.7-1+b1 libblkid1_2.29.2-1 libbsd0_0.8.5-1 libbz2-1.0_1.0.6-8.1 libc-bin_2.24-12 libc-dev-bin_2.24-12 libc6_2.24-12 libc6-dev_2.24-12 libcap-ng0_0.7.7-3+b1 libcc1-0_7.1.0-9 libcilkrts5_7.1.0-9 libclang-common-4.0-dev_1:4.0.1-1 libclang1-4.0_1:4.0.1-1 libcomerr2_1.43.4-2 libcroco3_0.6.12-1 libdb5.3_5.3.28-12+b1 libdebconfclient0_0.229 libdpkg-perl_1.18.24 libeatmydata1_105-5 libedit2_3.1-20170329-1 libfakeroot_1.21-3.1 libfdisk1_2.29.2-1 libffi6_3.2.1-6 libfile-stripnondeterminism-perl_0.035-2 libgc1c2_1:7.4.2-8 libgcc-6-dev_6.4.0-1 libgcc1_1:7.1.0-9 libgcrypt20_1.7.8-1 libgdbm3_1.8.3-14 libglib2.0-0_2.52.3-1 libgmp10_2:6.1.2+dfsg-1 libgnutls30_3.5.13-2 libgomp1_7.1.0-9 libgpg-error0_1.27-3 libgpm2_1.20.4-6.2+b1 libhogweed4_3.3-1+b1 libicu57_57.1-6 libidn2-0_0.16-1+b1 libisl15_0.18-1 libitm1_7.1.0-9 libjsoncpp1_1.7.4-3 libllvm4.0_1:4.0.1-1 liblsan0_7.1.0-9 liblz4-1_0.0~r131-2+b1 liblzma5_5.2.2-1.2+b1 libmagic-dev_1:5.30-1 libmagic-mgc_1:5.30-1 libmagic1_1:5.30-1 libmount1_2.29.2-1 libmpc3_1.0.3-1+b2 libmpfr4_3.1.5-1 libmpx2_7.1.0-9 libncurses5_6.0+20161126-1 libncursesw5_6.0+20161126-1 libncursesw5-dev_6.0+20161126-1 libnettle6_3.3-1+b1 libobjc-6-dev_6.4.0-1 libobjc4_7.1.0-9 libp11-kit0_0.23.7-2 libpam-modules_1.1.8-3.6 libpam-modules-bin_1.1.8-3.6 libpam-runtime_1.1.8-3.6 libpam0g_1.1.8-3.6 libpcre3_2:8.39-3 libperl5.24_5.24.1-6 libpipeline1_1.4.1-2 libpthread-stubs0-dev_0.3-4 libquadmath0_7.1.0-9 libselinux1_2.6-3+b2 libsemanage-common_2.6-2 libsemanage1_2.6-2+b1 libsepol1_2.6-2 libsigsegv2_2.11-1 libsmartcols1_2.29.2-1 libss2_1.43.4-2 libstdc++-6-dev_6.4.0-1 libstdc++6_7.1.0-9 libsystemd0_233-10 libtasn1-6_4.12-2 libtimedate-perl_2.3000-2 libtinfo-dev_6.0+20161126-1 libtinfo5_6.0+20161126-1 libtool_2.4.6-2 libtsan0_7.1.0-9 libubsan0_7.1.0-9 libudev1_233-10 libunistring2_0.9.7-2 libustr-1.0-1_1.0.4-6 libuuid1_2.29.2-1 libx11-6_2:1.6.4-3 libx11-data_2:1.6.4-3 libx11-dev_2:1.6.4-3 libxau-dev_1:1.0.8-1 libxau6_1:1.0.8-1 libxcb1_1.12-1 libxcb1-dev_1.12-1 libxdmcp-dev_1:1.1.2-3 libxdmcp6_1:1.1.2-3 libxml2_2.9.4+dfsg1-3 linux-libc-dev_4.11.6-1 login_1:4.4-4.1 m4_1.4.18-1 make_4.1-9.1 man-db_2.7.6.1-2 mawk_1.3.3-17+b3 mount_2.29.2-1 multiarch-support_2.24-12 ncurses-base_6.0+20161126-1 ncurses-bin_6.0+20161126-1 passwd_1:4.4-4.1 patch_2.7.5-1+b2 perl_5.24.1-6 perl-base_5.24.1-6 perl-modules-5.24_5.24.1-6 po-debconf_1.0.20 sbuild-build-depends-core-dummy_0.invalid.0 sbuild-build-depends-vifm-dummy_0.invalid.0 sed_4.4-1 sensible-utils_0.0.9 sysvinit-utils_2.88dsf-59.9 tar_1.29b-1.1 util-linux_2.29.2-1 vim_2:8.0.0197-4 vim-common_2:8.0.0197-4 vim-runtime_2:8.0.0197-4 x11proto-core-dev_7.0.31-1 x11proto-input-dev_2.3.2-1 x11proto-kb-dev_1.0.7-1 xorg-sgml-doctools_1:1.11-1 xtrans-dev_1.3.5-1 xxd_2:8.0.0197-4 xz-utils_5.2.2-1.2+b1 zlib1g_1:1.2.8.dfsg-5

+------------------------------------------------------------------------------+
| Build                                                                        |
+------------------------------------------------------------------------------+


Unpack source
-------------

gpgv: unknown type of key resource 'trustedkeys.kbx'
gpgv: keyblock resource '/sbuild-nonexistent/.gnupg/trustedkeys.kbx': General error
gpgv: Signature made Tue Jun 20 15:04:04 2017 UTC
gpgv:                using RSA key 3D983C52EB85980C46A56090357312559D1E064B
gpgv: Can't check signature: No public key
dpkg-source: warning: failed to verify signature on ./vifm_0.9-1.dsc
dpkg-source: info: extracting vifm in /<<PKGBUILDDIR>>
dpkg-source: info: unpacking vifm_0.9.orig.tar.bz2
dpkg-source: info: unpacking vifm_0.9-1.debian.tar.xz

Check disk space
----------------

Sufficient free space for build

User Environment
----------------

APT_CONFIG=/var/lib/sbuild/apt.conf
HOME=/sbuild-nonexistent
LANG=en_US.UTF-8
LC_ALL=POSIX
LOGNAME=user42
PATH=/usr/local/sbin:/usr/local/bin:/usr/sbin:/usr/bin:/sbin:/bin:/usr/games
SCHROOT_ALIAS_NAME=unstable-amd64-sbuild
SCHROOT_CHROOT_NAME=unstable-amd64-sbuild
SCHROOT_COMMAND=env
SCHROOT_GID=1001
SCHROOT_GROUP=user42
SCHROOT_SESSION_ID=unstable-amd64-sbuild-6f7636af-d3cd-4a9a-91d7-b8ca144d8df4
SCHROOT_UID=1001
SCHROOT_USER=user42
SHELL=/bin/sh
USER=user42

dpkg-buildpackage
-----------------

dpkg-buildpackage: info: source package vifm
dpkg-buildpackage: info: source version 0.9-1
dpkg-buildpackage: info: source distribution unstable
dpkg-buildpackage: info: source changed by Ondej Nov <onovy@debian.org>
 dpkg-source --before-build vifm-0.9
dpkg-buildpackage: info: host architecture amd64
 fakeroot debian/rules clean
dh clean
   dh_testdir
   dh_auto_clean
   dh_autoreconf_clean
   dh_clean
 debian/rules build-arch
dh build-arch
   dh_testdir -a
   dh_update_autotools_config -a
   dh_autoreconf -a
src/Makefile.am:320: warning: filter-out version.o, $(vifm_OBJECTS: non-POSIX variable name
src/Makefile.am:320: (probably a GNU make extension)
   debian/rules override_dh_auto_configure
make[1]: Entering directory '/<<PKGBUILDDIR>>'
dh_auto_configure -- --with-X11 --with-dyn-X11 --without-gtk --disable-build-timestamp
	./configure --build=x86_64-linux-gnu --prefix=/usr --includedir=\${prefix}/include --mandir=\${prefix}/share/man --infodir=\${prefix}/share/info --sysconfdir=/etc --localstatedir=/var --disable-silent-rules --libdir=\${prefix}/lib/x86_64-linux-gnu --libexecdir=\${prefix}/lib/x86_64-linux-gnu --disable-maintainer-mode --disable-dependency-tracking --with-X11 --with-dyn-X11 --without-gtk --disable-build-timestamp
configure: WARNING: unrecognized options: --disable-maintainer-mode
checking for a BSD-compatible install... /usr/bin/install -c
checking whether build environment is sane... yes
checking for a thread-safe mkdir -p... /bin/mkdir -p
checking for gawk... no
checking for mawk... mawk
checking whether make sets $(MAKE)... yes
checking whether make supports nested variables... yes
checking for style of include used by make... GNU
checking for gcc... gcc
checking whether the C compiler works... yes
checking for C compiler default output file name... a.out
checking for suffix of executables... 
checking whether we are cross compiling... no
checking for suffix of object files... o
checking whether we are using the GNU C compiler... yes
checking whether gcc accepts -g... yes
checking for gcc option to accept ISO C89... none needed
checking whether gcc understands -c and -o together... yes
checking dependency style of gcc... none
checking how to run the C preprocessor... gcc -E
checking for grep that handles long lines and -e... /bin/grep
checking for egrep... /bin/grep -E
checking for ANSI C header files... yes
checking for sys/types.h... yes
checking for sys/stat.h... yes
checking for stdlib.h... yes
checking for string.h... yes
checking for memory.h... yes
checking for strings.h... yes
checking for inttypes.h... yes
checking for stdint.h... yes
checking for unistd.h... yes
checking minix/config.h usability... no
checking minix/config.h presence... no
checking for minix/config.h... no
checking whether it is safe to define __EXTENSIONS__... yes
checking for library containing strerror... none required
checking for gcc... (cached) gcc
checking whether we are using the GNU C compiler... (cached) yes
checking whether gcc accepts -g... (cached) yes
checking for gcc option to accept ISO C89... (cached) none needed
checking whether gcc understands -c and -o together... (cached) yes
checking dependency style of gcc... (cached) none
checking for gcc... (cached) gcc
checking whether we are using the GNU C compiler... (cached) yes
checking whether gcc accepts -g... (cached) yes
checking for gcc option to accept ISO C89... (cached) none needed
checking whether gcc understands -c and -o together... (cached) yes
checking dependency style of gcc... (cached) none
checking for ANSI C header files... (cached) yes
checking build system type... x86_64-pc-linux-gnu
checking host system type... x86_64-pc-linux-gnu
checking host... x86_64-pc-linux-gnu
checking alloca.h usability... yes
checking alloca.h presence... yes
checking for alloca.h... yes
checking malloc.h usability... yes
checking malloc.h presence... yes
checking for malloc.h... yes
checking assert.h usability... yes
checking assert.h presence... yes
checking for assert.h... yes
checking ctype.h usability... yes
checking ctype.h presence... yes
checking for ctype.h... yes
checking dirent.h usability... yes
checking dirent.h presence... yes
checking for dirent.h... yes
checking errno.h usability... yes
checking errno.h presence... yes
checking for errno.h... yes
checking fcntl.h usability... yes
checking fcntl.h presence... yes
checking for fcntl.h... yes
checking grp.h usability... yes
checking grp.h presence... yes
checking for grp.h... yes
checking for inttypes.h... (cached) yes
checking limits.h usability... yes
checking limits.h presence... yes
checking for limits.h... yes
checking locale.h usability... yes
checking locale.h presence... yes
checking for locale.h... yes
checking math.h usability... yes
checking math.h presence... yes
checking for math.h... yes
checking mntent.h usability... yes
checking mntent.h presence... yes
checking for mntent.h... yes
checking pwd.h usability... yes
checking pwd.h presence... yes
checking for pwd.h... yes
checking signal.h usability... yes
checking signal.h presence... yes
checking for signal.h... yes
checking stdarg.h usability... yes
checking stdarg.h presence... yes
checking for stdarg.h... yes
checking stddef.h usability... yes
checking stddef.h presence... yes
checking for stddef.h... yes
checking for stdint.h... (cached) yes
checking stdio.h usability... yes
checking stdio.h presence... yes
checking for stdio.h... yes
checking for stdlib.h... (cached) yes
checking for string.h... (cached) yes
checking sys/ioctl.h usability... yes
checking sys/ioctl.h presence... yes
checking for sys/ioctl.h... yes
checking for sys/stat.h... (cached) yes
checking sys/time.h usability... yes
checking sys/time.h presence... yes
checking for sys/time.h... yes
checking for sys/types.h... (cached) yes
checking sys/wait.h usability... yes
checking sys/wait.h presence... yes
checking for sys/wait.h... yes
checking termios.h usability... yes
checking termios.h presence... yes
checking for termios.h... yes
checking time.h usability... yes
checking time.h presence... yes
checking for time.h... yes
checking for unistd.h... (cached) yes
checking wchar.h usability... yes
checking wchar.h presence... yes
checking for wchar.h... yes
checking wctype.h usability... yes
checking wctype.h presence... yes
checking for wctype.h... yes
checking for sys/param.h... yes
checking for sys/user.h... yes
checking for linux/binfmts.h... yes
checking for uid_t... yes
checking for gid_t... yes
checking for mode_t... yes
checking for off_t... yes
checking for time_t... yes
checking for uint64_t... yes
checking for direntry_t... no
checking for mntent... no
checking for stat... no
checking for FILE... yes
checking for wchar_t... yes
checking for access... yes
checking for atof... yes
checking for atoi... yes
checking for calloc... yes
checking for chdir... yes
checking for close... yes
checking for closedir... yes
checking for dup... yes
checking for dup2... yes
checking for endmntent... yes
checking for execve... yes
checking for execvp... yes
checking for exit... yes
checking for fclose... yes
checking for fdopen... yes
checking for feof... yes
checking for fgetc... yes
checking for fgets... yes
checking for fork... yes
checking for fprintf... yes
checking for fputc... yes
checking for fputs... yes
checking for free... yes
checking for futimens... yes
checking for fwrite... yes
checking for getcwd... yes
checking for getenv... yes
checking for geteuid... yes
checking for getgrent... yes
checking for getgrgid... yes
checking for getgrgid_r... yes
checking for getgrnam... yes
checking for getmntent... yes
checking for getpid... yes
checking for getppid... yes
checking for getpwent... yes
checking for getpwnam... yes
checking for getpwuid... yes
checking for getpwuid_r... yes
checking for ioctl... yes
checking for iswalnum... yes
checking for iswdigit... yes
checking for iswprint... yes
checking for iswspace... yes
checking for iswupper... yes
checking for kill... yes
checking for localtime... yes
checking for malloc... yes
checking for mbstowcs... yes
checking for memcmp... yes
checking for memcpy... yes
checking for memccpy... yes
checking for memmove... yes
checking for memset... yes
checking for mkdir... yes
checking for opendir... yes
checking for pathconf... yes
checking for pause... yes
checking for pclose... yes
checking for perror... yes
checking for pipe... yes
checking for popen... yes
checking for printf... yes
checking for puts... yes
checking for qsort... yes
checking for read... yes
checking for readlink... yes
checking for realloc... yes
checking for realpath... yes
checking for rename... yes
checking for rmdir... yes
checking for select... yes
checking for setenv... yes
checking for setgrent... yes
checking for setlocale... yes
checking for setmntent... yes
checking for setpgid... yes
checking for setpwent... yes
checking for setsid... yes
checking for setvbuf... yes
checking for sigaction... yes
checking for sigaddset... yes
checking for sigemptyset... yes
checking for signal... yes
checking for sigprocmask... yes
checking for snprintf... yes
checking for sprintf... yes
checking for strcasecmp... yes
checking for strcat... yes
checking for strchr... yes
checking for strcmp... yes
checking for strcpy... yes
checking for strdup... yes
checking for strerror... yes
checking for strftime... yes
checking for strlen... yes
checking for strncasecmp... yes
checking for strncat... yes
checking for strncmp... yes
checking for strncpy... yes
checking for strpbrk... yes
checking for strrchr... yes
checking for strspn... yes
checking for strstr... yes
checking for strtok_r... yes
checking for strtol... yes
checking for strtoll... yes
checking for strverscmp... yes
checking for sysconf... yes
checking for time... yes
checking for tolower... yes
checking for toupper... yes
checking for towupper... yes
checking for ungetc... yes
checking for unlink... yes
checking for unsetenv... yes
checking for utimes... yes
checking for vfprintf... yes
checking for vsnprintf... yes
checking for vswprintf... yes
checking for waitpid... yes
checking for wcscat... yes
checking for wcscmp... yes
checking for wcscpy... yes
checking for wcslen... yes
checking for wcsncmp... yes
checking for wcsncpy... yes
checking for wcstof... yes
checking for wcstol... yes
checking for wcstombs... yes
checking for wcswidth... yes
checking for wcwidth... yes
checking whether _PC_CASE_SENSITIVE is declared... no
checking regex.h usability... yes
checking regex.h presence... yes
checking for regex.h... yes
checking for regcomp... yes
checking for regerror... yes
checking for regexec... yes
checking for regfree... yes
checking for regex_t... yes
checking whether REG_EXTENDED is declared... yes
checking whether REG_ICASE is declared... yes
checking whether REG_NOMATCH is declared... yes
checking for struct stat.st_mtim... yes
checking for special C compiler options needed for large files... no
checking for _FILE_OFFSET_BITS value needed for large files... no
checking for _LARGEFILE_SOURCE value needed for large files... no
checking for off_t... (cached) yes
checking for file... 1
checking for groff... groff
checking for col... col
checking for awk... awk
checking for perl... perl
checking for sed... sed
checking for vim... vim
checking for git... no
checking for pow in -lm... yes
checking for pthread_create in -lpthread... yes
checking pthread.h usability... yes
checking pthread.h presence... yes
checking for pthread.h... yes
checking for pthread_create... yes
checking for pthread_getspecific... yes
checking for pthread_key_create... yes
checking for pthread_mutex_lock... yes
checking for pthread_mutex_unlock... yes
checking for pthread_once... yes
checking for pthread_setspecific... yes
checking for pthread_t... yes
checking for pthread_once_t... yes
checking for pthread_key_t... yes
checking for pthread_mutex_t... yes
checking whether PTHREAD_ONCE_INIT is declared... yes
checking whether PTHREAD_MUTEX_INITIALIZER is declared... yes
checking for initscr in -lncursesw... yes
checking for library containing curs_set... none required
checking curses.h usability... yes
checking curses.h presence... yes
checking for curses.h... yes
checking whether COLORS is declared... yes
checking whether COLOR_PAIR is declared... yes
checking whether TABSIZE is declared... yes
checking for curs_set... yes
checking for def_prog_mode... yes
checking for doupdate... yes
checking for endwin... yes
checking for flushinp... yes
checking for has_colors... yes
checking for init_pair... yes
checking for initscr... yes
checking for isendwin... yes
checking for keypad... yes
checking for mvwin... yes
checking for mvwprintw... yes
checking for newwin... yes
checking for noecho... yes
checking for nonl... yes
checking for raw... yes
checking for reset_prog_mode... yes
checking for resize_term... yes
checking for resizeterm... yes
checking for scrollok... yes
checking for set_escdelay... yes
checking for start_color... yes
checking for use_default_colors... yes
checking for waddch... yes
checking for waddnstr... yes
checking for waddnwstr... yes
checking for wattr_off... yes
checking for wattr_on... yes
checking for wbkgdset... yes
checking for wborder... yes
checking for wclrtoeol... yes
checking for werase... yes
checking for wget_wch... yes
checking for wgetch... yes
checking for wmove... yes
checking for wnoutrefresh... yes
checking for wprintw... yes
checking for wredrawln... yes
checking for wrefresh... yes
checking for wresize... yes
checking for wtimeout... yes
checking for wtouchln... yes
checking sys/inotify.h usability... yes
checking sys/inotify.h presence... yes
checking for sys/inotify.h... yes
checking whether IN_NONBLOCK is declared... yes
checking whether IN_CLOEXEC is declared... yes
checking whether IN_ATTRIB is declared... yes
checking whether IN_MODIFY is declared... yes
checking whether IN_CREATE is declared... yes
checking whether IN_DELETE is declared... yes
checking whether IN_MOVED_FROM is declared... yes
checking whether IN_MOVED_TO is declared... yes
checking whether IN_EXCL_UNLINK is declared... yes
checking whether IN_CLOSE_WRITE is declared... yes
checking whether IN_Q_OVERFLOW is declared... yes
checking for inotify_init1... yes
checking for inotify_add_watch... yes
checking for struct inotify_event... yes
checking for magic_open in -lmagic... yes
checking for magic_close... yes
checking for magic_file... yes
checking for magic_load... yes
checking for magic_open... yes
checking magic.h usability... yes
checking magic.h presence... yes
checking for magic.h... yes
checking whether MAGIC_MIME_TYPE is declared... yes
checking for dlopen in -ldl... yes
checking dlfcn.h usability... yes
checking dlfcn.h presence... yes
checking for dlfcn.h... yes
checking for dlsym... yes
checking for dlclose... yes
checking for XOpenDisplay in -lX11... yes
checking X11/Xlib.h usability... yes
checking X11/Xlib.h presence... yes
checking for X11/Xlib.h... yes
checking X11/Xutil.h usability... yes
checking X11/Xutil.h presence... yes
checking for X11/Xutil.h... yes
checking that generated files are newer than configure... done
configure: creating ./config.status
config.status: creating Makefile
config.status: creating src/Makefile
config.status: creating config.h
config.status: executing depfiles commands
configure: WARNING: unrecognized options: --disable-maintainer-mode
make[1]: Leaving directory '/<<PKGBUILDDIR>>'
   dh_auto_build -a
	make -j16
make[1]: Entering directory '/<<PKGBUILDDIR>>'
make  all-recursive
make[2]: Entering directory '/<<PKGBUILDDIR>>'
Making all in src
make[3]: Entering directory '/<<PKGBUILDDIR>>/src'
gcc -DHAVE_CONFIG_H -I. -I..   -Wdate-time -D_FORTIFY_SOURCE=2 -I/usr/include/ncursesw  -g -O2 -fdebug-prefix-map=/<<PKGBUILDDIR>>=. -fstack-protector-strong -Wformat -Werror=format-security -fsigned-char -Wall  -include ../config.h -c -o args.o args.c
gcc -DHAVE_CONFIG_H -I. -I..   -Wdate-time -D_FORTIFY_SOURCE=2 -I/usr/include/ncursesw  -g -O2 -fdebug-prefix-map=/<<PKGBUILDDIR>>=. -fstack-protector-strong -Wformat -Werror=format-security -fsigned-char -Wall  -include ../config.h -c -o background.o background.c
gcc -DHAVE_CONFIG_H -I. -I..   -Wdate-time -D_FORTIFY_SOURCE=2 -I/usr/include/ncursesw  -g -O2 -fdebug-prefix-map=/<<PKGBUILDDIR>>=. -fstack-protector-strong -Wformat -Werror=format-security -fsigned-char -Wall  -include ../config.h -c -o bmarks.o bmarks.c
gcc -DHAVE_CONFIG_H -I. -I..   -Wdate-time -D_FORTIFY_SOURCE=2 -I/usr/include/ncursesw  -g -O2 -fdebug-prefix-map=/<<PKGBUILDDIR>>=. -fstack-protector-strong -Wformat -Werror=format-security -fsigned-char -Wall  -include ../config.h -c -o bracket_notation.o bracket_notation.c
gcc -DHAVE_CONFIG_H -I. -I..   -Wdate-time -D_FORTIFY_SOURCE=2 -I/usr/include/ncursesw  -g -O2 -fdebug-prefix-map=/<<PKGBUILDDIR>>=. -fstack-protector-strong -Wformat -Werror=format-security -fsigned-char -Wall  -include ../config.h -c -o builtin_functions.o builtin_functions.c
gcc -DHAVE_CONFIG_H -I. -I..   -Wdate-time -D_FORTIFY_SOURCE=2 -I/usr/include/ncursesw  -g -O2 -fdebug-prefix-map=/<<PKGBUILDDIR>>=. -fstack-protector-strong -Wformat -Werror=format-security -fsigned-char -Wall  -include ../config.h -c -o cmd_completion.o cmd_completion.c
gcc -DHAVE_CONFIG_H -I. -I..   -Wdate-time -D_FORTIFY_SOURCE=2 -I/usr/include/ncursesw  -g -O2 -fdebug-prefix-map=/<<PKGBUILDDIR>>=. -fstack-protector-strong -Wformat -Werror=format-security -fsigned-char -Wall  -include ../config.h -c -o cmd_core.o cmd_core.c
gcc -DHAVE_CONFIG_H -I. -I..   -Wdate-time -D_FORTIFY_SOURCE=2 -I/usr/include/ncursesw  -g -O2 -fdebug-prefix-map=/<<PKGBUILDDIR>>=. -fstack-protector-strong -Wformat -Werror=format-security -fsigned-char -Wall  -include ../config.h -c -o cmd_handlers.o cmd_handlers.c
gcc -DHAVE_CONFIG_H -I. -I..   -Wdate-time -D_FORTIFY_SOURCE=2 -I/usr/include/ncursesw  -g -O2 -fdebug-prefix-map=/<<PKGBUILDDIR>>=. -fstack-protector-strong -Wformat -Werror=format-security -fsigned-char -Wall  -include ../config.h -c -o compare.o compare.c
gcc -DHAVE_CONFIG_H -I. -I..   -Wdate-time -D_FORTIFY_SOURCE=2 -I/usr/include/ncursesw  -g -O2 -fdebug-prefix-map=/<<PKGBUILDDIR>>=. -fstack-protector-strong -Wformat -Werror=format-security -fsigned-char -Wall  -include ../config.h -c -o dir_stack.o dir_stack.c
gcc -DHAVE_CONFIG_H -I. -I..   -Wdate-time -D_FORTIFY_SOURCE=2 -I/usr/include/ncursesw  -g -O2 -fdebug-prefix-map=/<<PKGBUILDDIR>>=. -fstack-protector-strong -Wformat -Werror=format-security -fsigned-char -Wall  -include ../config.h -c -o event_loop.o event_loop.c
gcc -DHAVE_CONFIG_H -I. -I..   -Wdate-time -D_FORTIFY_SOURCE=2 -I/usr/include/ncursesw  -g -O2 -fdebug-prefix-map=/<<PKGBUILDDIR>>=. -fstack-protector-strong -Wformat -Werror=format-security -fsigned-char -Wall  -include ../config.h -c -o filelist.o filelist.c
gcc -DHAVE_CONFIG_H -I. -I..   -Wdate-time -D_FORTIFY_SOURCE=2 -I/usr/include/ncursesw  -g -O2 -fdebug-prefix-map=/<<PKGBUILDDIR>>=. -fstack-protector-strong -Wformat -Werror=format-security -fsigned-char -Wall  -include ../config.h -c -o filename_modifiers.o filename_modifiers.c
gcc -DHAVE_CONFIG_H -I. -I..   -Wdate-time -D_FORTIFY_SOURCE=2 -I/usr/include/ncursesw  -g -O2 -fdebug-prefix-map=/<<PKGBUILDDIR>>=. -fstack-protector-strong -Wformat -Werror=format-security -fsigned-char -Wall  -include ../config.h -c -o fops_common.o fops_common.c
gcc -DHAVE_CONFIG_H -I. -I..   -Wdate-time -D_FORTIFY_SOURCE=2 -I/usr/include/ncursesw  -g -O2 -fdebug-prefix-map=/<<PKGBUILDDIR>>=. -fstack-protector-strong -Wformat -Werror=format-security -fsigned-char -Wall  -include ../config.h -c -o fops_cpmv.o fops_cpmv.c
gcc -DHAVE_CONFIG_H -I. -I..   -Wdate-time -D_FORTIFY_SOURCE=2 -I/usr/include/ncursesw  -g -O2 -fdebug-prefix-map=/<<PKGBUILDDIR>>=. -fstack-protector-strong -Wformat -Werror=format-security -fsigned-char -Wall  -include ../config.h -c -o fops_misc.o fops_misc.c
gcc -DHAVE_CONFIG_H -I. -I..   -Wdate-time -D_FORTIFY_SOURCE=2 -I/usr/include/ncursesw  -g -O2 -fdebug-prefix-map=/<<PKGBUILDDIR>>=. -fstack-protector-strong -Wformat -Werror=format-security -fsigned-char -Wall  -include ../config.h -c -o fops_put.o fops_put.c
gcc -DHAVE_CONFIG_H -I. -I..   -Wdate-time -D_FORTIFY_SOURCE=2 -I/usr/include/ncursesw  -g -O2 -fdebug-prefix-map=/<<PKGBUILDDIR>>=. -fstack-protector-strong -Wformat -Werror=format-security -fsigned-char -Wall  -include ../config.h -c -o fops_rename.o fops_rename.c
gcc -DHAVE_CONFIG_H -I. -I..   -Wdate-time -D_FORTIFY_SOURCE=2 -I/usr/include/ncursesw  -g -O2 -fdebug-prefix-map=/<<PKGBUILDDIR>>=. -fstack-protector-strong -Wformat -Werror=format-security -fsigned-char -Wall  -include ../config.h -c -o filetype.o filetype.c
gcc -DHAVE_CONFIG_H -I. -I..   -Wdate-time -D_FORTIFY_SOURCE=2 -I/usr/include/ncursesw  -g -O2 -fdebug-prefix-map=/<<PKGBUILDDIR>>=. -fstack-protector-strong -Wformat -Werror=format-security -fsigned-char -Wall  -include ../config.h -c -o filtering.o filtering.c
gcc -DHAVE_CONFIG_H -I. -I..   -Wdate-time -D_FORTIFY_SOURCE=2 -I/usr/include/ncursesw  -g -O2 -fdebug-prefix-map=/<<PKGBUILDDIR>>=. -fstack-protector-strong -Wformat -Werror=format-security -fsigned-char -Wall  -include ../config.h -c -o flist_hist.o flist_hist.c
gcc -DHAVE_CONFIG_H -I. -I..   -Wdate-time -D_FORTIFY_SOURCE=2 -I/usr/include/ncursesw  -g -O2 -fdebug-prefix-map=/<<PKGBUILDDIR>>=. -fstack-protector-strong -Wformat -Werror=format-security -fsigned-char -Wall  -include ../config.h -c -o flist_pos.o flist_pos.c
gcc -DHAVE_CONFIG_H -I. -I..   -Wdate-time -D_FORTIFY_SOURCE=2 -I/usr/include/ncursesw  -g -O2 -fdebug-prefix-map=/<<PKGBUILDDIR>>=. -fstack-protector-strong -Wformat -Werror=format-security -fsigned-char -Wall  -include ../config.h -c -o flist_sel.o flist_sel.c
gcc -DHAVE_CONFIG_H -I. -I..   -Wdate-time -D_FORTIFY_SOURCE=2 -I/usr/include/ncursesw  -g -O2 -fdebug-prefix-map=/<<PKGBUILDDIR>>=. -fstack-protector-strong -Wformat -Werror=format-security -fsigned-char -Wall  -include ../config.h -c -o ipc.o ipc.c
gcc -DHAVE_CONFIG_H -I. -I..   -Wdate-time -D_FORTIFY_SOURCE=2 -I/usr/include/ncursesw  -g -O2 -fdebug-prefix-map=/<<PKGBUILDDIR>>=. -fstack-protector-strong -Wformat -Werror=format-security -fsigned-char -Wall  -include ../config.h -c -o macros.o macros.c
gcc -DHAVE_CONFIG_H -I. -I..   -Wdate-time -D_FORTIFY_SOURCE=2 -I/usr/include/ncursesw  -g -O2 -fdebug-prefix-map=/<<PKGBUILDDIR>>=. -fstack-protector-strong -Wformat -Werror=format-security -fsigned-char -Wall  -include ../config.h -c -o marks.o marks.c
gcc -DHAVE_CONFIG_H -I. -I..   -Wdate-time -D_FORTIFY_SOURCE=2 -I/usr/include/ncursesw  -g -O2 -fdebug-prefix-map=/<<PKGBUILDDIR>>=. -fstack-protector-strong -Wformat -Werror=format-security -fsigned-char -Wall  -include ../config.h -c -o ops.o ops.c
gcc -DHAVE_CONFIG_H -I. -I..   -Wdate-time -D_FORTIFY_SOURCE=2 -I/usr/include/ncursesw  -g -O2 -fdebug-prefix-map=/<<PKGBUILDDIR>>=. -fstack-protector-strong -Wformat -Werror=format-security -fsigned-char -Wall  -include ../config.h -c -o opt_handlers.o opt_handlers.c
gcc -DHAVE_CONFIG_H -I. -I..   -Wdate-time -D_FORTIFY_SOURCE=2 -I/usr/include/ncursesw  -g -O2 -fdebug-prefix-map=/<<PKGBUILDDIR>>=. -fstack-protector-strong -Wformat -Werror=format-security -fsigned-char -Wall  -include ../config.h -c -o registers.o registers.c
gcc -DHAVE_CONFIG_H -I. -I..   -Wdate-time -D_FORTIFY_SOURCE=2 -I/usr/include/ncursesw  -g -O2 -fdebug-prefix-map=/<<PKGBUILDDIR>>=. -fstack-protector-strong -Wformat -Werror=format-security -fsigned-char -Wall  -include ../config.h -c -o running.o running.c
gcc -DHAVE_CONFIG_H -I. -I..   -Wdate-time -D_FORTIFY_SOURCE=2 -I/usr/include/ncursesw  -g -O2 -fdebug-prefix-map=/<<PKGBUILDDIR>>=. -fstack-protector-strong -Wformat -Werror=format-security -fsigned-char -Wall  -include ../config.h -c -o search.o search.c
gcc -DHAVE_CONFIG_H -I. -I..   -Wdate-time -D_FORTIFY_SOURCE=2 -I/usr/include/ncursesw  -g -O2 -fdebug-prefix-map=/<<PKGBUILDDIR>>=. -fstack-protector-strong -Wformat -Werror=format-security -fsigned-char -Wall  -include ../config.h -c -o signals.o signals.c
gcc -DHAVE_CONFIG_H -I. -I..   -Wdate-time -D_FORTIFY_SOURCE=2 -I/usr/include/ncursesw  -g -O2 -fdebug-prefix-map=/<<PKGBUILDDIR>>=. -fstack-protector-strong -Wformat -Werror=format-security -fsigned-char -Wall  -include ../config.h -c -o sort.o sort.c
gcc -DHAVE_CONFIG_H -I. -I..   -Wdate-time -D_FORTIFY_SOURCE=2 -I/usr/include/ncursesw  -g -O2 -fdebug-prefix-map=/<<PKGBUILDDIR>>=. -fstack-protector-strong -Wformat -Werror=format-security -fsigned-char -Wall  -include ../config.h -c -o status.o status.c
mkdir -p ../data/vim/doc/app/
gcc -DHAVE_CONFIG_H -I. -I..   -Wdate-time -D_FORTIFY_SOURCE=2 -I/usr/include/ncursesw  -g -O2 -fdebug-prefix-map=/<<PKGBUILDDIR>>=. -fstack-protector-strong -Wformat -Werror=format-security -fsigned-char -Wall  -include ../config.h -c -o trash.o trash.c
gcc -DHAVE_CONFIG_H -I. -I..   -Wdate-time -D_FORTIFY_SOURCE=2 -I/usr/include/ncursesw  -g -O2 -fdebug-prefix-map=/<<PKGBUILDDIR>>=. -fstack-protector-strong -Wformat -Werror=format-security -fsigned-char -Wall  -include ../config.h -c -o types.o types.c
Processing /<<PKGBUILDDIR>>/src/../data/vim/doc/app
gcc -DHAVE_CONFIG_H -I. -I..   -Wdate-time -D_FORTIFY_SOURCE=2 -I/usr/include/ncursesw  -g -O2 -fdebug-prefix-map=/<<PKGBUILDDIR>>=. -fstack-protector-strong -Wformat -Werror=format-security -fsigned-char -Wall  -include ../config.h -c -o undo.o undo.c
gcc -DHAVE_CONFIG_H -I. -I..   -Wdate-time -D_FORTIFY_SOURCE=2 -I/usr/include/ncursesw  -g -O2 -fdebug-prefix-map=/<<PKGBUILDDIR>>=. -fstack-protector-strong -Wformat -Werror=format-security -fsigned-char -Wall  -include ../config.h -c -o viewcolumns_parser.o viewcolumns_parser.c
gcc -DHAVE_CONFIG_H -I. -I..   -Wdate-time -D_FORTIFY_SOURCE=2 -I/usr/include/ncursesw  -g -O2 -fdebug-prefix-map=/<<PKGBUILDDIR>>=. -fstack-protector-strong -Wformat -Werror=format-security -fsigned-char -Wall  -include ../config.h -c -o vifm.o vifm.c
Updating build revision
mkdir -p ../data/
mkdir -p ../data/vim/doc/plugin/
gcc -DHAVE_CONFIG_H -I. -I..   -Wdate-time -D_FORTIFY_SOURCE=2 -I/usr/include/ncursesw  -g -O2 -fdebug-prefix-map=/<<PKGBUILDDIR>>=. -fstack-protector-strong -Wformat -Werror=format-security -fsigned-char -Wall  -include ../config.h -c -o cfg/config.o cfg/config.c
Processing /<<PKGBUILDDIR>>/src/../data/vim/doc/plugin
gcc -DHAVE_CONFIG_H -I. -I..   -Wdate-time -D_FORTIFY_SOURCE=2 -I/usr/include/ncursesw  -g -O2 -fdebug-prefix-map=/<<PKGBUILDDIR>>=. -fstack-protector-strong -Wformat -Werror=format-security -fsigned-char -Wall  -include ../config.h -c -o cfg/hist.o cfg/hist.c
gcc -DHAVE_CONFIG_H -I. -I..   -Wdate-time -D_FORTIFY_SOURCE=2 -I/usr/include/ncursesw  -g -O2 -fdebug-prefix-map=/<<PKGBUILDDIR>>=. -fstack-protector-strong -Wformat -Werror=format-security -fsigned-char -Wall  -include ../config.h -c -o cfg/info.o cfg/info.c
gcc -DHAVE_CONFIG_H -I. -I..   -Wdate-time -D_FORTIFY_SOURCE=2 -I/usr/include/ncursesw  -g -O2 -fdebug-prefix-map=/<<PKGBUILDDIR>>=. -fstack-protector-strong -Wformat -Werror=format-security -fsigned-char -Wall  -include ../config.h -c -o compat/curses.o compat/curses.c
gcc -DHAVE_CONFIG_H -I. -I..   -Wdate-time -D_FORTIFY_SOURCE=2 -I/usr/include/ncursesw  -g -O2 -fdebug-prefix-map=/<<PKGBUILDDIR>>=. -fstack-protector-strong -Wformat -Werror=format-security -fsigned-char -Wall  -include ../config.h -c -o compat/getopt.o compat/getopt.c
gcc -DHAVE_CONFIG_H -I. -I..   -Wdate-time -D_FORTIFY_SOURCE=2 -I/usr/include/ncursesw  -g -O2 -fdebug-prefix-map=/<<PKGBUILDDIR>>=. -fstack-protector-strong -Wformat -Werror=format-security -fsigned-char -Wall  -include ../config.h -c -o compat/getopt1.o compat/getopt1.c
gcc -DHAVE_CONFIG_H -I. -I..   -Wdate-time -D_FORTIFY_SOURCE=2 -I/usr/include/ncursesw  -g -O2 -fdebug-prefix-map=/<<PKGBUILDDIR>>=. -fstack-protector-strong -Wformat -Werror=format-security -fsigned-char -Wall  -include ../config.h -c -o compat/mntent.o compat/mntent.c
gcc -DHAVE_CONFIG_H -I. -I..   -Wdate-time -D_FORTIFY_SOURCE=2 -I/usr/include/ncursesw  -g -O2 -fdebug-prefix-map=/<<PKGBUILDDIR>>=. -fstack-protector-strong -Wformat -Werror=format-security -fsigned-char -Wall  -include ../config.h -c -o compat/os.o compat/os.c
gcc -DHAVE_CONFIG_H -I. -I..   -Wdate-time -D_FORTIFY_SOURCE=2 -I/usr/include/ncursesw  -g -O2 -fdebug-prefix-map=/<<PKGBUILDDIR>>=. -fstack-protector-strong -Wformat -Werror=format-security -fsigned-char -Wall  -include ../config.h -c -o compat/pthread.o compat/pthread.c
gcc -DHAVE_CONFIG_H -I. -I..   -Wdate-time -D_FORTIFY_SOURCE=2 -I/usr/include/ncursesw  -g -O2 -fdebug-prefix-map=/<<PKGBUILDDIR>>=. -fstack-protector-strong -Wformat -Werror=format-security -fsigned-char -Wall  -include ../config.h -c -o compat/reallocarray.o compat/reallocarray.c
gcc -DHAVE_CONFIG_H -I. -I..   -Wdate-time -D_FORTIFY_SOURCE=2 -I/usr/include/ncursesw  -g -O2 -fdebug-prefix-map=/<<PKGBUILDDIR>>=. -fstack-protector-strong -Wformat -Werror=format-security -fsigned-char -Wall  -include ../config.h -c -o engine/abbrevs.o engine/abbrevs.c
gcc -DHAVE_CONFIG_H -I. -I..   -Wdate-time -D_FORTIFY_SOURCE=2 -I/usr/include/ncursesw  -g -O2 -fdebug-prefix-map=/<<PKGBUILDDIR>>=. -fstack-protector-strong -Wformat -Werror=format-security -fsigned-char -Wall  -include ../config.h -c -o engine/autocmds.o engine/autocmds.c
gcc -DHAVE_CONFIG_H -I. -I..   -Wdate-time -D_FORTIFY_SOURCE=2 -I/usr/include/ncursesw  -g -O2 -fdebug-prefix-map=/<<PKGBUILDDIR>>=. -fstack-protector-strong -Wformat -Werror=format-security -fsigned-char -Wall  -include ../config.h -c -o engine/cmds.o engine/cmds.c
gcc -DHAVE_CONFIG_H -I. -I..   -Wdate-time -D_FORTIFY_SOURCE=2 -I/usr/include/ncursesw  -g -O2 -fdebug-prefix-map=/<<PKGBUILDDIR>>=. -fstack-protector-strong -Wformat -Werror=format-security -fsigned-char -Wall  -include ../config.h -c -o engine/completion.o engine/completion.c
gcc -DHAVE_CONFIG_H -I. -I..   -Wdate-time -D_FORTIFY_SOURCE=2 -I/usr/include/ncursesw  -g -O2 -fdebug-prefix-map=/<<PKGBUILDDIR>>=. -fstack-protector-strong -Wformat -Werror=format-security -fsigned-char -Wall  -include ../config.h -c -o engine/functions.o engine/functions.c
gcc -DHAVE_CONFIG_H -I. -I..   -Wdate-time -D_FORTIFY_SOURCE=2 -I/usr/include/ncursesw  -g -O2 -fdebug-prefix-map=/<<PKGBUILDDIR>>=. -fstack-protector-strong -Wformat -Werror=format-security -fsigned-char -Wall  -include ../config.h -c -o engine/keys.o engine/keys.c
gcc -DHAVE_CONFIG_H -I. -I..   -Wdate-time -D_FORTIFY_SOURCE=2 -I/usr/include/ncursesw  -g -O2 -fdebug-prefix-map=/<<PKGBUILDDIR>>=. -fstack-protector-strong -Wformat -Werror=format-security -fsigned-char -Wall  -include ../config.h -c -o engine/mode.o engine/mode.c
gcc -DHAVE_CONFIG_H -I. -I..   -Wdate-time -D_FORTIFY_SOURCE=2 -I/usr/include/ncursesw  -g -O2 -fdebug-prefix-map=/<<PKGBUILDDIR>>=. -fstack-protector-strong -Wformat -Werror=format-security -fsigned-char -Wall  -include ../config.h -c -o engine/options.o engine/options.c
gcc -DHAVE_CONFIG_H -I. -I..   -Wdate-time -D_FORTIFY_SOURCE=2 -I/usr/include/ncursesw  -g -O2 -fdebug-prefix-map=/<<PKGBUILDDIR>>=. -fstack-protector-strong -Wformat -Werror=format-security -fsigned-char -Wall  -include ../config.h -c -o engine/parsing.o engine/parsing.c
gcc -DHAVE_CONFIG_H -I. -I..   -Wdate-time -D_FORTIFY_SOURCE=2 -I/usr/include/ncursesw  -g -O2 -fdebug-prefix-map=/<<PKGBUILDDIR>>=. -fstack-protector-strong -Wformat -Werror=format-security -fsigned-char -Wall  -include ../config.h -c -o engine/text_buffer.o engine/text_buffer.c
gcc -DHAVE_CONFIG_H -I. -I..   -Wdate-time -D_FORTIFY_SOURCE=2 -I/usr/include/ncursesw  -g -O2 -fdebug-prefix-map=/<<PKGBUILDDIR>>=. -fstack-protector-strong -Wformat -Werror=format-security -fsigned-char -Wall  -include ../config.h -c -o engine/var.o engine/var.c
gcc -DHAVE_CONFIG_H -I. -I..   -Wdate-time -D_FORTIFY_SOURCE=2 -I/usr/include/ncursesw  -g -O2 -fdebug-prefix-map=/<<PKGBUILDDIR>>=. -fstack-protector-strong -Wformat -Werror=format-security -fsigned-char -Wall  -include ../config.h -c -o engine/variables.o engine/variables.c
gcc -DHAVE_CONFIG_H -I. -I..   -Wdate-time -D_FORTIFY_SOURCE=2 -I/usr/include/ncursesw  -g -O2 -fdebug-prefix-map=/<<PKGBUILDDIR>>=. -fstack-protector-strong -Wformat -Werror=format-security -fsigned-char -Wall  -include ../config.h -c -o int/desktop.o int/desktop.c
gcc -DHAVE_CONFIG_H -I. -I..   -Wdate-time -D_FORTIFY_SOURCE=2 -I/usr/include/ncursesw  -g -O2 -fdebug-prefix-map=/<<PKGBUILDDIR>>=. -fstack-protector-strong -Wformat -Werror=format-security -fsigned-char -Wall  -include ../config.h -c -o int/file_magic.o int/file_magic.c
gcc -DHAVE_CONFIG_H -I. -I..   -Wdate-time -D_FORTIFY_SOURCE=2 -I/usr/include/ncursesw  -g -O2 -fdebug-prefix-map=/<<PKGBUILDDIR>>=. -fstack-protector-strong -Wformat -Werror=format-security -fsigned-char -Wall  -include ../config.h -c -o int/fuse.o int/fuse.c
gcc -DHAVE_CONFIG_H -I. -I..   -Wdate-time -D_FORTIFY_SOURCE=2 -I/usr/include/ncursesw  -g -O2 -fdebug-prefix-map=/<<PKGBUILDDIR>>=. -fstack-protector-strong -Wformat -Werror=format-security -fsigned-char -Wall  -include ../config.h -c -o int/path_env.o int/path_env.c
gcc -DHAVE_CONFIG_H -I. -I..   -Wdate-time -D_FORTIFY_SOURCE=2 -I/usr/include/ncursesw  -g -O2 -fdebug-prefix-map=/<<PKGBUILDDIR>>=. -fstack-protector-strong -Wformat -Werror=format-security -fsigned-char -Wall  -include ../config.h -c -o int/term_title.o int/term_title.c
gcc -DHAVE_CONFIG_H -I. -I..   -Wdate-time -D_FORTIFY_SOURCE=2 -I/usr/include/ncursesw  -g -O2 -fdebug-prefix-map=/<<PKGBUILDDIR>>=. -fstack-protector-strong -Wformat -Werror=format-security -fsigned-char -Wall  -include ../config.h -c -o int/vim.o int/vim.c
gcc -DHAVE_CONFIG_H -I. -I..   -Wdate-time -D_FORTIFY_SOURCE=2 -I/usr/include/ncursesw  -g -O2 -fdebug-prefix-map=/<<PKGBUILDDIR>>=. -fstack-protector-strong -Wformat -Werror=format-security -fsigned-char -Wall  -include ../config.h -c -o io/ioe.o io/ioe.c
gcc -DHAVE_CONFIG_H -I. -I..   -Wdate-time -D_FORTIFY_SOURCE=2 -I/usr/include/ncursesw  -g -O2 -fdebug-prefix-map=/<<PKGBUILDDIR>>=. -fstack-protector-strong -Wformat -Werror=format-security -fsigned-char -Wall  -include ../config.h -c -o io/ioeta.o io/ioeta.c
gcc -DHAVE_CONFIG_H -I. -I..   -Wdate-time -D_FORTIFY_SOURCE=2 -I/usr/include/ncursesw  -g -O2 -fdebug-prefix-map=/<<PKGBUILDDIR>>=. -fstack-protector-strong -Wformat -Werror=format-security -fsigned-char -Wall  -include ../config.h -c -o io/iop.o io/iop.c
gcc -DHAVE_CONFIG_H -I. -I..   -Wdate-time -D_FORTIFY_SOURCE=2 -I/usr/include/ncursesw  -g -O2 -fdebug-prefix-map=/<<PKGBUILDDIR>>=. -fstack-protector-strong -Wformat -Werror=format-security -fsigned-char -Wall  -include ../config.h -c -o io/ior.o io/ior.c
gcc -DHAVE_CONFIG_H -I. -I..   -Wdate-time -D_FORTIFY_SOURCE=2 -I/usr/include/ncursesw  -g -O2 -fdebug-prefix-map=/<<PKGBUILDDIR>>=. -fstack-protector-strong -Wformat -Werror=format-security -fsigned-char -Wall  -include ../config.h -c -o io/private/ioc.o io/private/ioc.c
gcc -DHAVE_CONFIG_H -I. -I..   -Wdate-time -D_FORTIFY_SOURCE=2 -I/usr/include/ncursesw  -g -O2 -fdebug-prefix-map=/<<PKGBUILDDIR>>=. -fstack-protector-strong -Wformat -Werror=format-security -fsigned-char -Wall  -include ../config.h -c -o io/private/ioe.o io/private/ioe.c
gcc -DHAVE_CONFIG_H -I. -I..   -Wdate-time -D_FORTIFY_SOURCE=2 -I/usr/include/ncursesw  -g -O2 -fdebug-prefix-map=/<<PKGBUILDDIR>>=. -fstack-protector-strong -Wformat -Werror=format-security -fsigned-char -Wall  -include ../config.h -c -o io/private/ioeta.o io/private/ioeta.c
gcc -DHAVE_CONFIG_H -I. -I..   -Wdate-time -D_FORTIFY_SOURCE=2 -I/usr/include/ncursesw  -g -O2 -fdebug-prefix-map=/<<PKGBUILDDIR>>=. -fstack-protector-strong -Wformat -Werror=format-security -fsigned-char -Wall  -include ../config.h -c -o io/private/ionotif.o io/private/ionotif.c
gcc -DHAVE_CONFIG_H -I. -I..   -Wdate-time -D_FORTIFY_SOURCE=2 -I/usr/include/ncursesw  -g -O2 -fdebug-prefix-map=/<<PKGBUILDDIR>>=. -fstack-protector-strong -Wformat -Werror=format-security -fsigned-char -Wall  -include ../config.h -c -o io/private/traverser.o io/private/traverser.c
gcc -DHAVE_CONFIG_H -I. -I..   -Wdate-time -D_FORTIFY_SOURCE=2 -I/usr/include/ncursesw  -g -O2 -fdebug-prefix-map=/<<PKGBUILDDIR>>=. -fstack-protector-strong -Wformat -Werror=format-security -fsigned-char -Wall  -include ../config.h -c -o menus/apropos_menu.o menus/apropos_menu.c
gcc -DHAVE_CONFIG_H -I. -I..   -Wdate-time -D_FORTIFY_SOURCE=2 -I/usr/include/ncursesw  -g -O2 -fdebug-prefix-map=/<<PKGBUILDDIR>>=. -fstack-protector-strong -Wformat -Werror=format-security -fsigned-char -Wall  -include ../config.h -c -o menus/bmarks_menu.o menus/bmarks_menu.c
gcc -DHAVE_CONFIG_H -I. -I..   -Wdate-time -D_FORTIFY_SOURCE=2 -I/usr/include/ncursesw  -g -O2 -fdebug-prefix-map=/<<PKGBUILDDIR>>=. -fstack-protector-strong -Wformat -Werror=format-security -fsigned-char -Wall  -include ../config.h -c -o menus/cabbrevs_menu.o menus/cabbrevs_menu.c
gcc -DHAVE_CONFIG_H -I. -I..   -Wdate-time -D_FORTIFY_SOURCE=2 -I/usr/include/ncursesw  -g -O2 -fdebug-prefix-map=/<<PKGBUILDDIR>>=. -fstack-protector-strong -Wformat -Werror=format-security -fsigned-char -Wall  -include ../config.h -c -o menus/colorscheme_menu.o menus/colorscheme_menu.c
gcc -DHAVE_CONFIG_H -I. -I..   -Wdate-time -D_FORTIFY_SOURCE=2 -I/usr/include/ncursesw  -g -O2 -fdebug-prefix-map=/<<PKGBUILDDIR>>=. -fstack-protector-strong -Wformat -Werror=format-security -fsigned-char -Wall  -include ../config.h -c -o menus/commands_menu.o menus/commands_menu.c
gcc -DHAVE_CONFIG_H -I. -I..   -Wdate-time -D_FORTIFY_SOURCE=2 -I/usr/include/ncursesw  -g -O2 -fdebug-prefix-map=/<<PKGBUILDDIR>>=. -fstack-protector-strong -Wformat -Werror=format-security -fsigned-char -Wall  -include ../config.h -c -o menus/dirhistory_menu.o menus/dirhistory_menu.c
gcc -DHAVE_CONFIG_H -I. -I..   -Wdate-time -D_FORTIFY_SOURCE=2 -I/usr/include/ncursesw  -g -O2 -fdebug-prefix-map=/<<PKGBUILDDIR>>=. -fstack-protector-strong -Wformat -Werror=format-security -fsigned-char -Wall  -include ../config.h -c -o menus/dirstack_menu.o menus/dirstack_menu.c
gcc -DHAVE_CONFIG_H -I. -I..   -Wdate-time -D_FORTIFY_SOURCE=2 -I/usr/include/ncursesw  -g -O2 -fdebug-prefix-map=/<<PKGBUILDDIR>>=. -fstack-protector-strong -Wformat -Werror=format-security -fsigned-char -Wall  -include ../config.h -c -o menus/filetypes_menu.o menus/filetypes_menu.c
gcc -DHAVE_CONFIG_H -I. -I..   -Wdate-time -D_FORTIFY_SOURCE=2 -I/usr/include/ncursesw  -g -O2 -fdebug-prefix-map=/<<PKGBUILDDIR>>=. -fstack-protector-strong -Wformat -Werror=format-security -fsigned-char -Wall  -include ../config.h -c -o menus/find_menu.o menus/find_menu.c
gcc -DHAVE_CONFIG_H -I. -I..   -Wdate-time -D_FORTIFY_SOURCE=2 -I/usr/include/ncursesw  -g -O2 -fdebug-prefix-map=/<<PKGBUILDDIR>>=. -fstack-protector-strong -Wformat -Werror=format-security -fsigned-char -Wall  -include ../config.h -c -o menus/grep_menu.o menus/grep_menu.c
gcc -DHAVE_CONFIG_H -I. -I..   -Wdate-time -D_FORTIFY_SOURCE=2 -I/usr/include/ncursesw  -g -O2 -fdebug-prefix-map=/<<PKGBUILDDIR>>=. -fstack-protector-strong -Wformat -Werror=format-security -fsigned-char -Wall  -include ../config.h -c -o menus/history_menu.o menus/history_menu.c
gcc -DHAVE_CONFIG_H -I. -I..   -Wdate-time -D_FORTIFY_SOURCE=2 -I/usr/include/ncursesw  -g -O2 -fdebug-prefix-map=/<<PKGBUILDDIR>>=. -fstack-protector-strong -Wformat -Werror=format-security -fsigned-char -Wall  -include ../config.h -c -o menus/jobs_menu.o menus/jobs_menu.c
gcc -DHAVE_CONFIG_H -I. -I..   -Wdate-time -D_FORTIFY_SOURCE=2 -I/usr/include/ncursesw  -g -O2 -fdebug-prefix-map=/<<PKGBUILDDIR>>=. -fstack-protector-strong -Wformat -Werror=format-security -fsigned-char -Wall  -include ../config.h -c -o menus/locate_menu.o menus/locate_menu.c
gcc -DHAVE_CONFIG_H -I. -I..   -Wdate-time -D_FORTIFY_SOURCE=2 -I/usr/include/ncursesw  -g -O2 -fdebug-prefix-map=/<<PKGBUILDDIR>>=. -fstack-protector-strong -Wformat -Werror=format-security -fsigned-char -Wall  -include ../config.h -c -o menus/trash_menu.o menus/trash_menu.c
gcc -DHAVE_CONFIG_H -I. -I..   -Wdate-time -D_FORTIFY_SOURCE=2 -I/usr/include/ncursesw  -g -O2 -fdebug-prefix-map=/<<PKGBUILDDIR>>=. -fstack-protector-strong -Wformat -Werror=format-security -fsigned-char -Wall  -include ../config.h -c -o menus/trashes_menu.o menus/trashes_menu.c
gcc -DHAVE_CONFIG_H -I. -I..   -Wdate-time -D_FORTIFY_SOURCE=2 -I/usr/include/ncursesw  -g -O2 -fdebug-prefix-map=/<<PKGBUILDDIR>>=. -fstack-protector-strong -Wformat -Werror=format-security -fsigned-char -Wall  -include ../config.h -c -o menus/map_menu.o menus/map_menu.c
gcc -DHAVE_CONFIG_H -I. -I..   -Wdate-time -D_FORTIFY_SOURCE=2 -I/usr/include/ncursesw  -g -O2 -fdebug-prefix-map=/<<PKGBUILDDIR>>=. -fstack-protector-strong -Wformat -Werror=format-security -fsigned-char -Wall  -include ../config.h -c -o menus/marks_menu.o menus/marks_menu.c
gcc -DHAVE_CONFIG_H -I. -I..   -Wdate-time -D_FORTIFY_SOURCE=2 -I/usr/include/ncursesw  -g -O2 -fdebug-prefix-map=/<<PKGBUILDDIR>>=. -fstack-protector-strong -Wformat -Werror=format-security -fsigned-char -Wall  -include ../config.h -c -o menus/menus.o menus/menus.c
gcc -DHAVE_CONFIG_H -I. -I..   -Wdate-time -D_FORTIFY_SOURCE=2 -I/usr/include/ncursesw  -g -O2 -fdebug-prefix-map=/<<PKGBUILDDIR>>=. -fstack-protector-strong -Wformat -Werror=format-security -fsigned-char -Wall  -include ../config.h -c -o menus/registers_menu.o menus/registers_menu.c
gcc -DHAVE_CONFIG_H -I. -I..   -Wdate-time -D_FORTIFY_SOURCE=2 -I/usr/include/ncursesw  -g -O2 -fdebug-prefix-map=/<<PKGBUILDDIR>>=. -fstack-protector-strong -Wformat -Werror=format-security -fsigned-char -Wall  -include ../config.h -c -o menus/undolist_menu.o menus/undolist_menu.c
gcc -DHAVE_CONFIG_H -I. -I..   -Wdate-time -D_FORTIFY_SOURCE=2 -I/usr/include/ncursesw  -g -O2 -fdebug-prefix-map=/<<PKGBUILDDIR>>=. -fstack-protector-strong -Wformat -Werror=format-security -fsigned-char -Wall  -include ../config.h -c -o menus/users_menu.o menus/users_menu.c
gcc -DHAVE_CONFIG_H -I. -I..   -Wdate-time -D_FORTIFY_SOURCE=2 -I/usr/include/ncursesw  -g -O2 -fdebug-prefix-map=/<<PKGBUILDDIR>>=. -fstack-protector-strong -Wformat -Werror=format-security -fsigned-char -Wall  -include ../config.h -c -o menus/vifm_menu.o menus/vifm_menu.c
gcc -DHAVE_CONFIG_H -I. -I..   -Wdate-time -D_FORTIFY_SOURCE=2 -I/usr/include/ncursesw  -g -O2 -fdebug-prefix-map=/<<PKGBUILDDIR>>=. -fstack-protector-strong -Wformat -Werror=format-security -fsigned-char -Wall  -include ../config.h -c -o modes/dialogs/attr_dialog_nix.o modes/dialogs/attr_dialog_nix.c
gcc -DHAVE_CONFIG_H -I. -I..   -Wdate-time -D_FORTIFY_SOURCE=2 -I/usr/include/ncursesw  -g -O2 -fdebug-prefix-map=/<<PKGBUILDDIR>>=. -fstack-protector-strong -Wformat -Werror=format-security -fsigned-char -Wall  -include ../config.h -c -o modes/dialogs/change_dialog.o modes/dialogs/change_dialog.c
gcc -DHAVE_CONFIG_H -I. -I..   -Wdate-time -D_FORTIFY_SOURCE=2 -I/usr/include/ncursesw  -g -O2 -fdebug-prefix-map=/<<PKGBUILDDIR>>=. -fstack-protector-strong -Wformat -Werror=format-security -fsigned-char -Wall  -include ../config.h -c -o modes/dialogs/msg_dialog.o modes/dialogs/msg_dialog.c
gcc -DHAVE_CONFIG_H -I. -I..   -Wdate-time -D_FORTIFY_SOURCE=2 -I/usr/include/ncursesw  -g -O2 -fdebug-prefix-map=/<<PKGBUILDDIR>>=. -fstack-protector-strong -Wformat -Werror=format-security -fsigned-char -Wall  -include ../config.h -c -o modes/dialogs/sort_dialog.o modes/dialogs/sort_dialog.c
gcc -DHAVE_CONFIG_H -I. -I..   -Wdate-time -D_FORTIFY_SOURCE=2 -I/usr/include/ncursesw  -g -O2 -fdebug-prefix-map=/<<PKGBUILDDIR>>=. -fstack-protector-strong -Wformat -Werror=format-security -fsigned-char -Wall  -include ../config.h -c -o modes/cmdline.o modes/cmdline.c
gcc -DHAVE_CONFIG_H -I. -I..   -Wdate-time -D_FORTIFY_SOURCE=2 -I/usr/include/ncursesw  -g -O2 -fdebug-prefix-map=/<<PKGBUILDDIR>>=. -fstack-protector-strong -Wformat -Werror=format-security -fsigned-char -Wall  -include ../config.h -c -o modes/file_info.o modes/file_info.c
gcc -DHAVE_CONFIG_H -I. -I..   -Wdate-time -D_FORTIFY_SOURCE=2 -I/usr/include/ncursesw  -g -O2 -fdebug-prefix-map=/<<PKGBUILDDIR>>=. -fstack-protector-strong -Wformat -Werror=format-security -fsigned-char -Wall  -include ../config.h -c -o modes/menu.o modes/menu.c
gcc -DHAVE_CONFIG_H -I. -I..   -Wdate-time -D_FORTIFY_SOURCE=2 -I/usr/include/ncursesw  -g -O2 -fdebug-prefix-map=/<<PKGBUILDDIR>>=. -fstack-protector-strong -Wformat -Werror=format-security -fsigned-char -Wall  -include ../config.h -c -o modes/modes.o modes/modes.c
gcc -DHAVE_CONFIG_H -I. -I..   -Wdate-time -D_FORTIFY_SOURCE=2 -I/usr/include/ncursesw  -g -O2 -fdebug-prefix-map=/<<PKGBUILDDIR>>=. -fstack-protector-strong -Wformat -Werror=format-security -fsigned-char -Wall  -include ../config.h -c -o modes/more.o modes/more.c
gcc -DHAVE_CONFIG_H -I. -I..   -Wdate-time -D_FORTIFY_SOURCE=2 -I/usr/include/ncursesw  -g -O2 -fdebug-prefix-map=/<<PKGBUILDDIR>>=. -fstack-protector-strong -Wformat -Werror=format-security -fsigned-char -Wall  -include ../config.h -c -o modes/normal.o modes/normal.c
gcc -DHAVE_CONFIG_H -I. -I..   -Wdate-time -D_FORTIFY_SOURCE=2 -I/usr/include/ncursesw  -g -O2 -fdebug-prefix-map=/<<PKGBUILDDIR>>=. -fstack-protector-strong -Wformat -Werror=format-security -fsigned-char -Wall  -include ../config.h -c -o modes/view.o modes/view.c
gcc -DHAVE_CONFIG_H -I. -I..   -Wdate-time -D_FORTIFY_SOURCE=2 -I/usr/include/ncursesw  -g -O2 -fdebug-prefix-map=/<<PKGBUILDDIR>>=. -fstack-protector-strong -Wformat -Werror=format-security -fsigned-char -Wall  -include ../config.h -c -o modes/visual.o modes/visual.c
gcc -DHAVE_CONFIG_H -I. -I..   -Wdate-time -D_FORTIFY_SOURCE=2 -I/usr/include/ncursesw  -g -O2 -fdebug-prefix-map=/<<PKGBUILDDIR>>=. -fstack-protector-strong -Wformat -Werror=format-security -fsigned-char -Wall  -include ../config.h -c -o ui/cancellation.o ui/cancellation.c
gcc -DHAVE_CONFIG_H -I. -I..   -Wdate-time -D_FORTIFY_SOURCE=2 -I/usr/include/ncursesw  -g -O2 -fdebug-prefix-map=/<<PKGBUILDDIR>>=. -fstack-protector-strong -Wformat -Werror=format-security -fsigned-char -Wall  -include ../config.h -c -o ui/color_manager.o ui/color_manager.c
gcc -DHAVE_CONFIG_H -I. -I..   -Wdate-time -D_FORTIFY_SOURCE=2 -I/usr/include/ncursesw  -g -O2 -fdebug-prefix-map=/<<PKGBUILDDIR>>=. -fstack-protector-strong -Wformat -Werror=format-security -fsigned-char -Wall  -include ../config.h -c -o ui/color_scheme.o ui/color_scheme.c
gcc -DHAVE_CONFIG_H -I. -I..   -Wdate-time -D_FORTIFY_SOURCE=2 -I/usr/include/ncursesw  -g -O2 -fdebug-prefix-map=/<<PKGBUILDDIR>>=. -fstack-protector-strong -Wformat -Werror=format-security -fsigned-char -Wall  -include ../config.h -c -o ui/column_view.o ui/column_view.c
gcc -DHAVE_CONFIG_H -I. -I..   -Wdate-time -D_FORTIFY_SOURCE=2 -I/usr/include/ncursesw  -g -O2 -fdebug-prefix-map=/<<PKGBUILDDIR>>=. -fstack-protector-strong -Wformat -Werror=format-security -fsigned-char -Wall  -include ../config.h -c -o ui/escape.o ui/escape.c
gcc -DHAVE_CONFIG_H -I. -I..   -Wdate-time -D_FORTIFY_SOURCE=2 -I/usr/include/ncursesw  -g -O2 -fdebug-prefix-map=/<<PKGBUILDDIR>>=. -fstack-protector-strong -Wformat -Werror=format-security -fsigned-char -Wall  -include ../config.h -c -o ui/fileview.o ui/fileview.c
gcc -DHAVE_CONFIG_H -I. -I..   -Wdate-time -D_FORTIFY_SOURCE=2 -I/usr/include/ncursesw  -g -O2 -fdebug-prefix-map=/<<PKGBUILDDIR>>=. -fstack-protector-strong -Wformat -Werror=format-security -fsigned-char -Wall  -include ../config.h -c -o ui/quickview.o ui/quickview.c
gcc -DHAVE_CONFIG_H -I. -I..   -Wdate-time -D_FORTIFY_SOURCE=2 -I/usr/include/ncursesw  -g -O2 -fdebug-prefix-map=/<<PKGBUILDDIR>>=. -fstack-protector-strong -Wformat -Werror=format-security -fsigned-char -Wall  -include ../config.h -c -o ui/statusbar.o ui/statusbar.c
gcc -DHAVE_CONFIG_H -I. -I..   -Wdate-time -D_FORTIFY_SOURCE=2 -I/usr/include/ncursesw  -g -O2 -fdebug-prefix-map=/<<PKGBUILDDIR>>=. -fstack-protector-strong -Wformat -Werror=format-security -fsigned-char -Wall  -include ../config.h -c -o ui/statusline.o ui/statusline.c
gcc -DHAVE_CONFIG_H -I. -I..   -Wdate-time -D_FORTIFY_SOURCE=2 -I/usr/include/ncursesw  -g -O2 -fdebug-prefix-map=/<<PKGBUILDDIR>>=. -fstack-protector-strong -Wformat -Werror=format-security -fsigned-char -Wall  -include ../config.h -c -o ui/ui.o ui/ui.c
gcc -DHAVE_CONFIG_H -I. -I..   -Wdate-time -D_FORTIFY_SOURCE=2 -I/usr/include/ncursesw  -g -O2 -fdebug-prefix-map=/<<PKGBUILDDIR>>=. -fstack-protector-strong -Wformat -Werror=format-security -fsigned-char -Wall  -include ../config.h -c -o utils/cancellation.o utils/cancellation.c
gcc -DHAVE_CONFIG_H -I. -I..   -Wdate-time -D_FORTIFY_SOURCE=2 -I/usr/include/ncursesw  -g -O2 -fdebug-prefix-map=/<<PKGBUILDDIR>>=. -fstack-protector-strong -Wformat -Werror=format-security -fsigned-char -Wall  -include ../config.h -c -o utils/dynarray.o utils/dynarray.c
gcc -DHAVE_CONFIG_H -I. -I..   -Wdate-time -D_FORTIFY_SOURCE=2 -I/usr/include/ncursesw  -g -O2 -fdebug-prefix-map=/<<PKGBUILDDIR>>=. -fstack-protector-strong -Wformat -Werror=format-security -fsigned-char -Wall  -include ../config.h -c -o utils/env.o utils/env.c
gcc -DHAVE_CONFIG_H -I. -I..   -Wdate-time -D_FORTIFY_SOURCE=2 -I/usr/include/ncursesw  -g -O2 -fdebug-prefix-map=/<<PKGBUILDDIR>>=. -fstack-protector-strong -Wformat -Werror=format-security -fsigned-char -Wall  -include ../config.h -c -o utils/file_streams.o utils/file_streams.c
gcc -DHAVE_CONFIG_H -I. -I..   -Wdate-time -D_FORTIFY_SOURCE=2 -I/usr/include/ncursesw  -g -O2 -fdebug-prefix-map=/<<PKGBUILDDIR>>=. -fstack-protector-strong -Wformat -Werror=format-security -fsigned-char -Wall  -include ../config.h -c -o utils/filemon.o utils/filemon.c
gcc -DHAVE_CONFIG_H -I. -I..   -Wdate-time -D_FORTIFY_SOURCE=2 -I/usr/include/ncursesw  -g -O2 -fdebug-prefix-map=/<<PKGBUILDDIR>>=. -fstack-protector-strong -Wformat -Werror=format-security -fsigned-char -Wall  -include ../config.h -c -o utils/filter.o utils/filter.c
gcc -DHAVE_CONFIG_H -I. -I..   -Wdate-time -D_FORTIFY_SOURCE=2 -I/usr/include/ncursesw  -g -O2 -fdebug-prefix-map=/<<PKGBUILDDIR>>=. -fstack-protector-strong -Wformat -Werror=format-security -fsigned-char -Wall  -include ../config.h -c -o utils/fs.o utils/fs.c
gcc -DHAVE_CONFIG_H -I. -I..   -Wdate-time -D_FORTIFY_SOURCE=2 -I/usr/include/ncursesw  -g -O2 -fdebug-prefix-map=/<<PKGBUILDDIR>>=. -fstack-protector-strong -Wformat -Werror=format-security -fsigned-char -Wall  -include ../config.h -c -o utils/fsdata.o utils/fsdata.c
gcc -DHAVE_CONFIG_H -I. -I..   -Wdate-time -D_FORTIFY_SOURCE=2 -I/usr/include/ncursesw  -g -O2 -fdebug-prefix-map=/<<PKGBUILDDIR>>=. -fstack-protector-strong -Wformat -Werror=format-security -fsigned-char -Wall  -include ../config.h -c -o utils/fsddata.o utils/fsddata.c
gcc -DHAVE_CONFIG_H -I. -I..   -Wdate-time -D_FORTIFY_SOURCE=2 -I/usr/include/ncursesw  -g -O2 -fdebug-prefix-map=/<<PKGBUILDDIR>>=. -fstack-protector-strong -Wformat -Werror=format-security -fsigned-char -Wall  -include ../config.h -c -o utils/fswatch_nix.o utils/fswatch_nix.c
gcc -DHAVE_CONFIG_H -I. -I..   -Wdate-time -D_FORTIFY_SOURCE=2 -I/usr/include/ncursesw  -g -O2 -fdebug-prefix-map=/<<PKGBUILDDIR>>=. -fstack-protector-strong -Wformat -Werror=format-security -fsigned-char -Wall  -include ../config.h -c -o utils/globs.o utils/globs.c
gcc -DHAVE_CONFIG_H -I. -I..   -Wdate-time -D_FORTIFY_SOURCE=2 -I/usr/include/ncursesw  -g -O2 -fdebug-prefix-map=/<<PKGBUILDDIR>>=. -fstack-protector-strong -Wformat -Werror=format-security -fsigned-char -Wall  -include ../config.h -c -o utils/int_stack.o utils/int_stack.c
gcc -DHAVE_CONFIG_H -I. -I..   -Wdate-time -D_FORTIFY_SOURCE=2 -I/usr/include/ncursesw  -g -O2 -fdebug-prefix-map=/<<PKGBUILDDIR>>=. -fstack-protector-strong -Wformat -Werror=format-security -fsigned-char -Wall  -include ../config.h -c -o utils/log.o utils/log.c
gcc -DHAVE_CONFIG_H -I. -I..   -Wdate-time -D_FORTIFY_SOURCE=2 -I/usr/include/ncursesw  -g -O2 -fdebug-prefix-map=/<<PKGBUILDDIR>>=. -fstack-protector-strong -Wformat -Werror=format-security -fsigned-char -Wall  -include ../config.h -c -o utils/matcher.o utils/matcher.c
gcc -DHAVE_CONFIG_H -I. -I..   -Wdate-time -D_FORTIFY_SOURCE=2 -I/usr/include/ncursesw  -g -O2 -fdebug-prefix-map=/<<PKGBUILDDIR>>=. -fstack-protector-strong -Wformat -Werror=format-security -fsigned-char -Wall  -include ../config.h -c -o utils/matchers.o utils/matchers.c
gcc -DHAVE_CONFIG_H -I. -I..   -Wdate-time -D_FORTIFY_SOURCE=2 -I/usr/include/ncursesw  -g -O2 -fdebug-prefix-map=/<<PKGBUILDDIR>>=. -fstack-protector-strong -Wformat -Werror=format-security -fsigned-char -Wall  -include ../config.h -c -o utils/path.o utils/path.c
gcc -DHAVE_CONFIG_H -I. -I..   -Wdate-time -D_FORTIFY_SOURCE=2 -I/usr/include/ncursesw  -g -O2 -fdebug-prefix-map=/<<PKGBUILDDIR>>=. -fstack-protector-strong -Wformat -Werror=format-security -fsigned-char -Wall  -include ../config.h -c -o utils/regexp.o utils/regexp.c
gcc -DHAVE_CONFIG_H -I. -I..   -Wdate-time -D_FORTIFY_SOURCE=2 -I/usr/include/ncursesw  -g -O2 -fdebug-prefix-map=/<<PKGBUILDDIR>>=. -fstack-protector-strong -Wformat -Werror=format-security -fsigned-char -Wall  -include ../config.h -c -o utils/str.o utils/str.c
gcc -DHAVE_CONFIG_H -I. -I..   -Wdate-time -D_FORTIFY_SOURCE=2 -I/usr/include/ncursesw  -g -O2 -fdebug-prefix-map=/<<PKGBUILDDIR>>=. -fstack-protector-strong -Wformat -Werror=format-security -fsigned-char -Wall  -include ../config.h -c -o utils/string_array.o utils/string_array.c
gcc -DHAVE_CONFIG_H -I. -I..   -Wdate-time -D_FORTIFY_SOURCE=2 -I/usr/include/ncursesw  -g -O2 -fdebug-prefix-map=/<<PKGBUILDDIR>>=. -fstack-protector-strong -Wformat -Werror=format-security -fsigned-char -Wall  -include ../config.h -c -o utils/trie.o utils/trie.c
gcc -DHAVE_CONFIG_H -I. -I..   -Wdate-time -D_FORTIFY_SOURCE=2 -I/usr/include/ncursesw  -g -O2 -fdebug-prefix-map=/<<PKGBUILDDIR>>=. -fstack-protector-strong -Wformat -Werror=format-security -fsigned-char -Wall  -include ../config.h -c -o utils/utf8.o utils/utf8.c
gcc -DHAVE_CONFIG_H -I. -I..   -Wdate-time -D_FORTIFY_SOURCE=2 -I/usr/include/ncursesw  -g -O2 -fdebug-prefix-map=/<<PKGBUILDDIR>>=. -fstack-protector-strong -Wformat -Werror=format-security -fsigned-char -Wall  -include ../config.h -c -o utils/utils.o utils/utils.c
gcc -DHAVE_CONFIG_H -I. -I..   -Wdate-time -D_FORTIFY_SOURCE=2 -I/usr/include/ncursesw  -g -O2 -fdebug-prefix-map=/<<PKGBUILDDIR>>=. -fstack-protector-strong -Wformat -Werror=format-security -fsigned-char -Wall  -include ../config.h -c -o utils/utils_nix.o utils/utils_nix.c
gcc -DHAVE_CONFIG_H -I. -I..   -Wdate-time -D_FORTIFY_SOURCE=2 -I/usr/include/ncursesw  -g -O2 -fdebug-prefix-map=/<<PKGBUILDDIR>>=. -fstack-protector-strong -Wformat -Werror=format-security -fsigned-char -Wall  -include ../config.h -c -o compile_info.o compile_info.c
gcc -DHAVE_CONFIG_H -I. -I..   -Wdate-time -D_FORTIFY_SOURCE=2 -I/usr/include/ncursesw  -g -O2 -fdebug-prefix-map=/<<PKGBUILDDIR>>=. -fstack-protector-strong -Wformat -Werror=format-security -fsigned-char -Wall  -include ../config.h -c -o tags.o tags.c
gcc -DHAVE_CONFIG_H -I. -I..   -Wdate-time -D_FORTIFY_SOURCE=2 -I/usr/include/ncursesw  -g -O2 -fdebug-prefix-map=/<<PKGBUILDDIR>>=. -fstack-protector-strong -Wformat -Werror=format-security -fsigned-char -Wall  -include ../config.h -c -o version.o version.c
gcc  -g -O2 -fdebug-prefix-map=/<<PKGBUILDDIR>>=. -fstack-protector-strong -Wformat -Werror=format-security -fsigned-char -Wall  -include ../config.h  -Wl,-z,relro -Wl,-z,now  -o vifm cfg/config.o cfg/hist.o cfg/info.o compat/curses.o compat/getopt.o compat/getopt1.o compat/mntent.o compat/os.o compat/pthread.o compat/reallocarray.o engine/abbrevs.o engine/autocmds.o engine/cmds.o engine/completion.o engine/functions.o engine/keys.o engine/mode.o engine/options.o engine/parsing.o engine/text_buffer.o engine/var.o engine/variables.o int/desktop.o int/file_magic.o int/fuse.o int/path_env.o int/term_title.o int/vim.o io/ioe.o io/ioeta.o io/iop.o io/ior.o io/private/ioc.o io/private/ioe.o io/private/ioeta.o io/private/ionotif.o io/private/traverser.o menus/apropos_menu.o menus/bmarks_menu.o menus/cabbrevs_menu.o menus/colorscheme_menu.o menus/commands_menu.o menus/dirhistory_menu.o menus/dirstack_menu.o menus/filetypes_menu.o menus/find_menu.o menus/grep_menu.o menus/history_menu.o menus/jobs_menu.o menus/locate_menu.o menus/trash_menu.o menus/trashes_menu.o menus/map_menu.o menus/marks_menu.o menus/menus.o menus/registers_menu.o menus/undolist_menu.o menus/users_menu.o menus/vifm_menu.o modes/dialogs/attr_dialog_nix.o modes/dialogs/change_dialog.o modes/dialogs/msg_dialog.o modes/dialogs/sort_dialog.o modes/cmdline.o modes/file_info.o modes/menu.o modes/modes.o modes/more.o modes/normal.o modes/view.o modes/visual.o ui/cancellation.o ui/color_manager.o ui/color_scheme.o ui/column_view.o ui/escape.o ui/fileview.o ui/quickview.o ui/statusbar.o ui/statusline.o ui/ui.o utils/cancellation.o utils/dynarray.o utils/env.o utils/file_streams.o utils/filemon.o utils/filter.o utils/fs.o utils/fsdata.o utils/fsddata.o utils/fswatch_nix.o utils/globs.o utils/int_stack.o utils/log.o utils/matcher.o utils/matchers.o utils/path.o utils/regexp.o utils/str.o utils/string_array.o utils/trie.o utils/utf8.o utils/utils.o utils/utils_nix.o args.o background.o bmarks.o bracket_notation.o builtin_functions.o cmd_completion.o cmd_core.o cmd_handlers.o compare.o dir_stack.o event_loop.o filelist.o filename_modifiers.o fops_common.o fops_cpmv.o fops_misc.o fops_put.o fops_rename.o filetype.o filtering.o flist_hist.o flist_pos.o flist_sel.o ipc.o macros.o marks.o ops.o opt_handlers.o registers.o running.o search.o signals.o sort.o status.o tags.o trash.o types.o undo.o version.o viewcolumns_parser.o vifm.o compile_info.o  -lm -lpthread -lncursesw -lmagic -ldl
make[3]: Leaving directory '/<<PKGBUILDDIR>>/src'
make[3]: Entering directory '/<<PKGBUILDDIR>>'
make[3]: Leaving directory '/<<PKGBUILDDIR>>'
make[2]: Leaving directory '/<<PKGBUILDDIR>>'
make[1]: Leaving directory '/<<PKGBUILDDIR>>'
   dh_auto_test -a
	make -j16 check VERBOSE=1
make[1]: Entering directory '/<<PKGBUILDDIR>>'
Making check in src
make[2]: Entering directory '/<<PKGBUILDDIR>>/src'
make  runtests
make[3]: Entering directory '/<<PKGBUILDDIR>>/src'
echo 'mkdir -p /<<PKGBUILDDIR>>/src/../tests/' > runtests_
echo \
	'make -C /<<PKGBUILDDIR>>/src/../tests B=/<<PKGBUILDDIR>>/src/../tests/ CC="gcc"' \
	>> runtests_
chmod +x runtests_
mv runtests_ runtests
make[3]: Leaving directory '/<<PKGBUILDDIR>>/src'
make  check-TESTS
make[3]: Entering directory '/<<PKGBUILDDIR>>/src'
make[4]: Entering directory '/<<PKGBUILDDIR>>/src'
FAIL: runtests
==================================
   vifm 0.9: src/test-suite.log
==================================

# TOTAL: 1
# PASS:  0
# SKIP:  0
# XFAIL: 0
# FAIL:  1
# XPASS: 0
# ERROR: 0

.. contents:: :depth: 2

FAIL: runtests
==============

make[5]: Entering directory '/<<PKGBUILDDIR>>/src'
make[5]: warning: jobserver unavailable: using -j1.  Add '+' to parent make rule.
gcc -c -o /<<PKGBUILDDIR>>/src/../tests/stic/stic.h.gch -g -O2 -fdebug-prefix-map=/<<PKGBUILDDIR>>=. -fstack-protector-strong -Wformat -Werror=format-security -fsigned-char -Wall  -include ../config.h -MMD -pipe -Wall -Wno-char-subscripts -Istic/ -include /<<PKGBUILDDIR>>/src/../tests/../config.h -fsigned-char -DTEST -D_XOPEN_SOURCE -D_XOPEN_SOURCE_EXTENDED -D_FILE_OFFSET_BITS=64  -Wdate-time -D_FORTIFY_SOURCE=2 -I/usr/include/ncursesw  -g -O2 -fdebug-prefix-map=/<<PKGBUILDDIR>>=. -fstack-protector-strong -Wformat -Werror=format-security -fsigned-char   -I/usr/include/ncursesw stic/stic.h
mkdir -p /<<PKGBUILDDIR>>/src/../tests/bin/build/abbrevs
mkdir -p /<<PKGBUILDDIR>>/src/../tests/sandbox/abbrevs
gcc -c -o /<<PKGBUILDDIR>>/src/../tests/bin/build/abbrevs/addition.o -include stic/stic.h -g -O2 -fdebug-prefix-map=/<<PKGBUILDDIR>>=. -fstack-protector-strong -Wformat -Werror=format-security -fsigned-char -Wall  -include ../config.h -MMD -pipe -Wall -Wno-char-subscripts -Istic/ -include /<<PKGBUILDDIR>>/src/../tests/../config.h -fsigned-char -DTEST -D_XOPEN_SOURCE -D_XOPEN_SOURCE_EXTENDED -D_FILE_OFFSET_BITS=64  -Wdate-time -D_FORTIFY_SOURCE=2 -I/usr/include/ncursesw  -g -O2 -fdebug-prefix-map=/<<PKGBUILDDIR>>=. -fstack-protector-strong -Wformat -Werror=format-security -fsigned-char   -I/usr/include/ncursesw -DTESTID=0 -DMAXTESTID=6 abbrevs/addition.c -DSUITE_NAME="abbrevs" -DTEST_DATA_PATH='"/<<PKGBUILDDIR>>/tests/test-data"' -DSANDBOX_PATH='"/<<PKGBUILDDIR>>/src/../tests/sandbox/abbrevs"' 
<built-in>:3:9: warning: 'SUITE_NAME' macro redefined [-Wmacro-redefined]
#define SUITE_NAME abbrevs
        ^
/<<PKGBUILDDIR>>/tests/stic/stic.h:236:9: note: previous definition is here
#define SUITE_NAME
        ^
abbrevs/addition.c:5:1: warning: unused variable 'l5' [-Wunused-variable]
TEST(adds_fine_first_time)
^
stic/stic.h:192:35: note: expanded from macro 'TEST'
    static struct stic_test_data *STIC_CAT(l, __LINE__) = &STIC_CAT(stic_test_data_, name); \
                                  ^
stic/stic.h:162:24: note: expanded from macro 'STIC_CAT'
#define STIC_CAT(X, Y) STIC_CAT_(X, Y)
                       ^
stic/stic.h:163:25: note: expanded from macro 'STIC_CAT_'
#define STIC_CAT_(X, Y) X##Y
                        ^
<scratch space>:10:1: note: expanded from here
l5
^
abbrevs/addition.c:16:1: warning: unused variable 'l16' [-Wunused-variable]
TEST(overwriten_on_second_addition)
^
stic/stic.h:192:35: note: expanded from macro 'TEST'
    static struct stic_test_data *STIC_CAT(l, __LINE__) = &STIC_CAT(stic_test_data_, name); \
                                  ^
stic/stic.h:162:24: note: expanded from macro 'STIC_CAT'
#define STIC_CAT(X, Y) STIC_CAT_(X, Y)
                       ^
stic/stic.h:163:25: note: expanded from macro 'STIC_CAT_'
#define STIC_CAT_(X, Y) X##Y
                        ^
<scratch space>:28:1: note: expanded from here
l16
^
abbrevs/addition.c:35:1: warning: unused variable 'l35' [-Wunused-variable]
TEST(overwrite_changes_mapping_type)
^
stic/stic.h:192:35: note: expanded from macro 'TEST'
    static struct stic_test_data *STIC_CAT(l, __LINE__) = &STIC_CAT(stic_test_data_, name); \
                                  ^
stic/stic.h:162:24: note: expanded from macro 'STIC_CAT'
#define STIC_CAT(X, Y) STIC_CAT_(X, Y)
                       ^
stic/stic.h:163:25: note: expanded from macro 'STIC_CAT_'
#define STIC_CAT_(X, Y) X##Y
                        ^
<scratch space>:62:1: note: expanded from here
l35
^
4 warnings generated.
gcc -c -o /<<PKGBUILDDIR>>/src/../tests/bin/build/abbrevs/completion.o -include stic/stic.h -g -O2 -fdebug-prefix-map=/<<PKGBUILDDIR>>=. -fstack-protector-strong -Wformat -Werror=format-security -fsigned-char -Wall  -include ../config.h -MMD -pipe -Wall -Wno-char-subscripts -Istic/ -include /<<PKGBUILDDIR>>/src/../tests/../config.h -fsigned-char -DTEST -D_XOPEN_SOURCE -D_XOPEN_SOURCE_EXTENDED -D_FILE_OFFSET_BITS=64  -Wdate-time -D_FORTIFY_SOURCE=2 -I/usr/include/ncursesw  -g -O2 -fdebug-prefix-map=/<<PKGBUILDDIR>>=. -fstack-protector-strong -Wformat -Werror=format-security -fsigned-char   -I/usr/include/ncursesw -DTESTID=1 -DMAXTESTID=6 abbrevs/completion.c -DSUITE_NAME="abbrevs" -DTEST_DATA_PATH='"/<<PKGBUILDDIR>>/tests/test-data"' -DSANDBOX_PATH='"/<<PKGBUILDDIR>>/src/../tests/sandbox/abbrevs"' 
<built-in>:3:9: warning: 'SUITE_NAME' macro redefined [-Wmacro-redefined]
#define SUITE_NAME abbrevs
        ^
/<<PKGBUILDDIR>>/tests/stic/stic.h:236:9: note: previous definition is here
#define SUITE_NAME
        ^
abbrevs/completion.c:8:1: warning: unused variable 'stic_setup_func' [-Wunused-variable]
SETUP()
^
stic/stic.h:220:19: note: expanded from macro 'SETUP'
    static void (*stic_setup_func)(void) = &stic_setup_func_impl; \
                  ^
abbrevs/completion.c:15:1: warning: unused variable 'l15' [-Wunused-variable]
TEST(nothing_to_complete)
^
stic/stic.h:192:35: note: expanded from macro 'TEST'
    static struct stic_test_data *STIC_CAT(l, __LINE__) = &STIC_CAT(stic_test_data_, name); \
                                  ^
stic/stic.h:162:24: note: expanded from macro 'STIC_CAT'
#define STIC_CAT(X, Y) STIC_CAT_(X, Y)
                       ^
stic/stic.h:163:25: note: expanded from macro 'STIC_CAT_'
#define STIC_CAT_(X, Y) X##Y
                        ^
<scratch space>:62:1: note: expanded from here
l15
^
abbrevs/completion.c:28:1: warning: unused variable 'l28' [-Wunused-variable]
TEST(ambiguous)
^
stic/stic.h:192:35: note: expanded from macro 'TEST'
    static struct stic_test_data *STIC_CAT(l, __LINE__) = &STIC_CAT(stic_test_data_, name); \
                                  ^
stic/stic.h:162:24: note: expanded from macro 'STIC_CAT'
#define STIC_CAT(X, Y) STIC_CAT_(X, Y)
                       ^
stic/stic.h:163:25: note: expanded from macro 'STIC_CAT_'
#define STIC_CAT_(X, Y) X##Y
                        ^
<scratch space>:74:1: note: expanded from here
l28
^
abbrevs/completion.c:48:1: warning: unused variable 'l48' [-Wunused-variable]
TEST(non_ambiguous)
^
stic/stic.h:192:35: note: expanded from macro 'TEST'
    static struct stic_test_data *STIC_CAT(l, __LINE__) = &STIC_CAT(stic_test_data_, name); \
                                  ^
stic/stic.h:162:24: note: expanded from macro 'STIC_CAT'
#define STIC_CAT(X, Y) STIC_CAT_(X, Y)
                       ^
stic/stic.h:163:25: note: expanded from macro 'STIC_CAT_'
#define STIC_CAT_(X, Y) X##Y
                        ^
<scratch space>:90:1: note: expanded from here
l48
^
5 warnings generated.
gcc -c -o /<<PKGBUILDDIR>>/src/../tests/bin/build/abbrevs/deletion.o -include stic/stic.h -g -O2 -fdebug-prefix-map=/<<PKGBUILDDIR>>=. -fstack-protector-strong -Wformat -Werror=format-security -fsigned-char -Wall  -include ../config.h -MMD -pipe -Wall -Wno-char-subscripts -Istic/ -include /<<PKGBUILDDIR>>/src/../tests/../config.h -fsigned-char -DTEST -D_XOPEN_SOURCE -D_XOPEN_SOURCE_EXTENDED -D_FILE_OFFSET_BITS=64  -Wdate-time -D_FORTIFY_SOURCE=2 -I/usr/include/ncursesw  -g -O2 -fdebug-prefix-map=/<<PKGBUILDDIR>>=. -fstack-protector-strong -Wformat -Werror=format-security -fsigned-char   -I/usr/include/ncursesw -DTESTID=2 -DMAXTESTID=6 abbrevs/deletion.c -DSUITE_NAME="abbrevs" -DTEST_DATA_PATH='"/<<PKGBUILDDIR>>/tests/test-data"' -DSANDBOX_PATH='"/<<PKGBUILDDIR>>/src/../tests/sandbox/abbrevs"' 
<built-in>:3:9: warning: 'SUITE_NAME' macro redefined [-Wmacro-redefined]
#define SUITE_NAME abbrevs
        ^
/<<PKGBUILDDIR>>/tests/stic/stic.h:236:9: note: previous definition is here
#define SUITE_NAME
        ^
abbrevs/deletion.c:5:1: warning: unused variable 'l5' [-Wunused-variable]
TEST(delete_inexistent)
^
stic/stic.h:192:35: note: expanded from macro 'TEST'
    static struct stic_test_data *STIC_CAT(l, __LINE__) = &STIC_CAT(stic_test_data_, name); \
                                  ^
stic/stic.h:162:24: note: expanded from macro 'STIC_CAT'
#define STIC_CAT(X, Y) STIC_CAT_(X, Y)
                       ^
stic/stic.h:163:25: note: expanded from macro 'STIC_CAT_'
#define STIC_CAT_(X, Y) X##Y
                        ^
<scratch space>:10:1: note: expanded from here
l5
^
abbrevs/deletion.c:10:1: warning: unused variable 'l10' [-Wunused-variable]
TEST(delete_existent_by_lhs)
^
stic/stic.h:192:35: note: expanded from macro 'TEST'
    static struct stic_test_data *STIC_CAT(l, __LINE__) = &STIC_CAT(stic_test_data_, name); \
                                  ^
stic/stic.h:162:24: note: expanded from macro 'STIC_CAT'
#define STIC_CAT(X, Y) STIC_CAT_(X, Y)
                       ^
stic/stic.h:163:25: note: expanded from macro 'STIC_CAT_'
#define STIC_CAT_(X, Y) X##Y
                        ^
<scratch space>:22:1: note: expanded from here
l10
^
abbrevs/deletion.c:19:1: warning: unused variable 'l19' [-Wunused-variable]
TEST(delete_existent_by_rhs)
^
stic/stic.h:192:35: note: expanded from macro 'TEST'
    static struct stic_test_data *STIC_CAT(l, __LINE__) = &STIC_CAT(stic_test_data_, name); \
                                  ^
stic/stic.h:162:24: note: expanded from macro 'STIC_CAT'
#define STIC_CAT(X, Y) STIC_CAT_(X, Y)
                       ^
stic/stic.h:163:25: note: expanded from macro 'STIC_CAT_'
#define STIC_CAT_(X, Y) X##Y
                        ^
<scratch space>:40:1: note: expanded from here
l19
^
abbrevs/deletion.c:28:1: warning: unused variable 'l28' [-Wunused-variable]
TEST(delete_existent_by_rhs_check_all_lhs_first)
^
stic/stic.h:192:35: note: expanded from macro 'TEST'
    static struct stic_test_data *STIC_CAT(l, __LINE__) = &STIC_CAT(stic_test_data_, name); \
                                  ^
stic/stic.h:162:24: note: expanded from macro 'STIC_CAT'
#define STIC_CAT(X, Y) STIC_CAT_(X, Y)
                       ^
stic/stic.h:163:25: note: expanded from macro 'STIC_CAT_'
#define STIC_CAT_(X, Y) X##Y
                        ^
<scratch space>:58:1: note: expanded from here
l28
^
5 warnings generated.
gcc -c -o /<<PKGBUILDDIR>>/src/../tests/bin/build/abbrevs/expansion.o -include stic/stic.h -g -O2 -fdebug-prefix-map=/<<PKGBUILDDIR>>=. -fstack-protector-strong -Wformat -Werror=format-security -fsigned-char -Wall  -include ../config.h -MMD -pipe -Wall -Wno-char-subscripts -Istic/ -include /<<PKGBUILDDIR>>/src/../tests/../config.h -fsigned-char -DTEST -D_XOPEN_SOURCE -D_XOPEN_SOURCE_EXTENDED -D_FILE_OFFSET_BITS=64  -Wdate-time -D_FORTIFY_SOURCE=2 -I/usr/include/ncursesw  -g -O2 -fdebug-prefix-map=/<<PKGBUILDDIR>>=. -fstack-protector-strong -Wformat -Werror=format-security -fsigned-char   -I/usr/include/ncursesw -DTESTID=3 -DMAXTESTID=6 abbrevs/expansion.c -DSUITE_NAME="abbrevs" -DTEST_DATA_PATH='"/<<PKGBUILDDIR>>/tests/test-data"' -DSANDBOX_PATH='"/<<PKGBUILDDIR>>/src/../tests/sandbox/abbrevs"' 
<built-in>:3:9: warning: 'SUITE_NAME' macro redefined [-Wmacro-redefined]
#define SUITE_NAME abbrevs
        ^
/<<PKGBUILDDIR>>/tests/stic/stic.h:236:9: note: previous definition is here
#define SUITE_NAME
        ^
abbrevs/expansion.c:5:1: warning: unused variable 'l5' [-Wunused-variable]
TEST(correct_expansion)
^
stic/stic.h:192:35: note: expanded from macro 'TEST'
    static struct stic_test_data *STIC_CAT(l, __LINE__) = &STIC_CAT(stic_test_data_, name); \
                                  ^
stic/stic.h:162:24: note: expanded from macro 'STIC_CAT'
#define STIC_CAT(X, Y) STIC_CAT_(X, Y)
                       ^
stic/stic.h:163:25: note: expanded from macro 'STIC_CAT_'
#define STIC_CAT_(X, Y) X##Y
                        ^
<scratch space>:10:1: note: expanded from here
l5
^
abbrevs/expansion.c:12:1: warning: unused variable 'l12' [-Wunused-variable]
TEST(correct_expansion_pick)
^
stic/stic.h:192:35: note: expanded from macro 'TEST'
    static struct stic_test_data *STIC_CAT(l, __LINE__) = &STIC_CAT(stic_test_data_, name); \
                                  ^
stic/stic.h:162:24: note: expanded from macro 'STIC_CAT'
#define STIC_CAT(X, Y) STIC_CAT_(X, Y)
                       ^
stic/stic.h:163:25: note: expanded from macro 'STIC_CAT_'
#define STIC_CAT_(X, Y) X##Y
                        ^
<scratch space>:24:1: note: expanded from here
l12
^
abbrevs/expansion.c:20:1: warning: unused variable 'l20' [-Wunused-variable]
TEST(no_remap_flag_false)
^
stic/stic.h:192:35: note: expanded from macro 'TEST'
    static struct stic_test_data *STIC_CAT(l, __LINE__) = &STIC_CAT(stic_test_data_, name); \
                                  ^
stic/stic.h:162:24: note: expanded from macro 'STIC_CAT'
#define STIC_CAT(X, Y) STIC_CAT_(X, Y)
                       ^
stic/stic.h:163:25: note: expanded from macro 'STIC_CAT_'
#define STIC_CAT_(X, Y) X##Y
                        ^
<scratch space>:40:1: note: expanded from here
l20
^
abbrevs/expansion.c:28:1: warning: unused variable 'l28' [-Wunused-variable]
TEST(no_remap_flag_true)
^
stic/stic.h:192:35: note: expanded from macro 'TEST'
    static struct stic_test_data *STIC_CAT(l, __LINE__) = &STIC_CAT(stic_test_data_, name); \
                                  ^
stic/stic.h:162:24: note: expanded from macro 'STIC_CAT'
#define STIC_CAT(X, Y) STIC_CAT_(X, Y)
                       ^
stic/stic.h:163:25: note: expanded from macro 'STIC_CAT_'
#define STIC_CAT_(X, Y) X##Y
                        ^
<scratch space>:56:1: note: expanded from here
l28
^
5 warnings generated.
gcc -c -o /<<PKGBUILDDIR>>/src/../tests/bin/build/abbrevs/iter.o -include stic/stic.h -g -O2 -fdebug-prefix-map=/<<PKGBUILDDIR>>=. -fstack-protector-strong -Wformat -Werror=format-security -fsigned-char -Wall  -include ../config.h -MMD -pipe -Wall -Wno-char-subscripts -Istic/ -include /<<PKGBUILDDIR>>/src/../tests/../config.h -fsigned-char -DTEST -D_XOPEN_SOURCE -D_XOPEN_SOURCE_EXTENDED -D_FILE_OFFSET_BITS=64  -Wdate-time -D_FORTIFY_SOURCE=2 -I/usr/include/ncursesw  -g -O2 -fdebug-prefix-map=/<<PKGBUILDDIR>>=. -fstack-protector-strong -Wformat -Werror=format-security -fsigned-char   -I/usr/include/ncursesw -DTESTID=4 -DMAXTESTID=6 abbrevs/iter.c -DSUITE_NAME="abbrevs" -DTEST_DATA_PATH='"/<<PKGBUILDDIR>>/tests/test-data"' -DSANDBOX_PATH='"/<<PKGBUILDDIR>>/src/../tests/sandbox/abbrevs"' 
<built-in>:3:9: warning: 'SUITE_NAME' macro redefined [-Wmacro-redefined]
#define SUITE_NAME abbrevs
        ^
/<<PKGBUILDDIR>>/tests/stic/stic.h:236:9: note: previous definition is here
#define SUITE_NAME
        ^
abbrevs/iter.c:7:1: warning: unused variable 'l7' [-Wunused-variable]
TEST(nothing_to_iterate)
^
stic/stic.h:192:35: note: expanded from macro 'TEST'
    static struct stic_test_data *STIC_CAT(l, __LINE__) = &STIC_CAT(stic_test_data_, name); \
                                  ^
stic/stic.h:162:24: note: expanded from macro 'STIC_CAT'
#define STIC_CAT(X, Y) STIC_CAT_(X, Y)
                       ^
stic/stic.h:163:25: note: expanded from macro 'STIC_CAT_'
#define STIC_CAT_(X, Y) X##Y
                        ^
<scratch space>:10:1: note: expanded from here
l7
^
abbrevs/iter.c:15:1: warning: unused variable 'l15' [-Wunused-variable]
TEST(nulls_are_restored)
^
stic/stic.h:192:35: note: expanded from macro 'TEST'
    static struct stic_test_data *STIC_CAT(l, __LINE__) = &STIC_CAT(stic_test_data_, name); \
                                  ^
stic/stic.h:162:24: note: expanded from macro 'STIC_CAT'
#define STIC_CAT(X, Y) STIC_CAT_(X, Y)
                       ^
stic/stic.h:163:25: note: expanded from macro 'STIC_CAT_'
#define STIC_CAT_(X, Y) X##Y
                        ^
<scratch space>:22:1: note: expanded from here
l15
^
abbrevs/iter.c:34:1: warning: unused variable 'l34' [-Wunused-variable]
TEST(repeated_iteration)
^
stic/stic.h:192:35: note: expanded from macro 'TEST'
    static struct stic_test_data *STIC_CAT(l, __LINE__) = &STIC_CAT(stic_test_data_, name); \
                                  ^
stic/stic.h:162:24: note: expanded from macro 'STIC_CAT'
#define STIC_CAT(X, Y) STIC_CAT_(X, Y)
                       ^
stic/stic.h:163:25: note: expanded from macro 'STIC_CAT_'
#define STIC_CAT_(X, Y) X##Y
                        ^
<scratch space>:50:1: note: expanded from here
l34
^
abbrevs/iter.c:49:1: warning: unused variable 'l49' [-Wunused-variable]
TEST(single_element)
^
stic/stic.h:192:35: note: expanded from macro 'TEST'
    static struct stic_test_data *STIC_CAT(l, __LINE__) = &STIC_CAT(stic_test_data_, name); \
                                  ^
stic/stic.h:162:24: note: expanded from macro 'STIC_CAT'
#define STIC_CAT(X, Y) STIC_CAT_(X, Y)
                       ^
stic/stic.h:163:25: note: expanded from macro 'STIC_CAT_'
#define STIC_CAT_(X, Y) X##Y
                        ^
<scratch space>:70:1: note: expanded from here
l49
^
abbrevs/iter.c:64:1: warning: unused variable 'l64' [-Wunused-variable]
TEST(several_elements)
^
stic/stic.h:192:35: note: expanded from macro 'TEST'
    static struct stic_test_data *STIC_CAT(l, __LINE__) = &STIC_CAT(stic_test_data_, name); \
                                  ^
stic/stic.h:162:24: note: expanded from macro 'STIC_CAT'
#define STIC_CAT(X, Y) STIC_CAT_(X, Y)
                       ^
stic/stic.h:163:25: note: expanded from macro 'STIC_CAT_'
#define STIC_CAT_(X, Y) X##Y
                        ^
<scratch space>:92:1: note: expanded from here
l64
^
6 warnings generated.
gcc -c -o /<<PKGBUILDDIR>>/src/../tests/bin/build/abbrevs/suite.o -include stic/stic.h -g -O2 -fdebug-prefix-map=/<<PKGBUILDDIR>>=. -fstack-protector-strong -Wformat -Werror=format-security -fsigned-char -Wall  -include ../config.h -MMD -pipe -Wall -Wno-char-subscripts -Istic/ -include /<<PKGBUILDDIR>>/src/../tests/../config.h -fsigned-char -DTEST -D_XOPEN_SOURCE -D_XOPEN_SOURCE_EXTENDED -D_FILE_OFFSET_BITS=64  -Wdate-time -D_FORTIFY_SOURCE=2 -I/usr/include/ncursesw  -g -O2 -fdebug-prefix-map=/<<PKGBUILDDIR>>=. -fstack-protector-strong -Wformat -Werror=format-security -fsigned-char   -I/usr/include/ncursesw -DTESTID=5 -DMAXTESTID=6 abbrevs/suite.c -DSUITE_NAME="abbrevs" -DTEST_DATA_PATH='"/<<PKGBUILDDIR>>/tests/test-data"' -DSANDBOX_PATH='"/<<PKGBUILDDIR>>/src/../tests/sandbox/abbrevs"' 
<built-in>:3:9: warning: 'SUITE_NAME' macro redefined [-Wmacro-redefined]
#define SUITE_NAME abbrevs
        ^
/<<PKGBUILDDIR>>/tests/stic/stic.h:236:9: note: previous definition is here
#define SUITE_NAME
        ^
abbrevs/suite.c:5:1: error: use of undeclared identifier 'stic_setup_once_func'
DEFINE_SUITE();
^
stic/stic.h:260:12: note: expanded from macro 'DEFINE_SUITE'
        if(stic_setup_once_func != NULL) \
           ^
abbrevs/suite.c:5:1: warning: implicit declaration of function 'stic_setup_once_func' is invalid in C99 [-Wimplicit-function-declaration]
stic/stic.h:262:13: note: expanded from macro 'DEFINE_SUITE'
            stic_setup_once_func(); \
            ^
abbrevs/suite.c:5:1: error: use of undeclared identifier 'stic_setup_func'
stic/stic.h:264:53: note: expanded from macro 'DEFINE_SUITE'
        r = stic_testrunner(argc, argv, stic_suite, stic_setup_func, stic_teardown_func) == 0; \
                                                    ^
abbrevs/suite.c:5:1: error: use of undeclared identifier 'stic_teardown_func'; did you mean 'stic_teardown'?
stic/stic.h:264:70: note: expanded from macro 'DEFINE_SUITE'
        r = stic_testrunner(argc, argv, stic_suite, stic_setup_func, stic_teardown_func) == 0; \
                                                                     ^
stic/stic.h:50:6: note: 'stic_teardown' declared here
void stic_teardown( void );
     ^
abbrevs/suite.c:5:1: error: use of undeclared identifier 'stic_teardown_once_func'; did you mean 'stic_setup_once_func'?
DEFINE_SUITE();
^
stic/stic.h:265:12: note: expanded from macro 'DEFINE_SUITE'
        if(stic_teardown_once_func != NULL) \
           ^
abbrevs/suite.c:5:1: note: 'stic_setup_once_func' declared here
stic/stic.h:262:13: note: expanded from macro 'DEFINE_SUITE'
            stic_setup_once_func(); \
            ^
abbrevs/suite.c:5:1: warning: implicit declaration of function 'stic_teardown_once_func' is invalid in C99 [-Wimplicit-function-declaration]
DEFINE_SUITE();
^
stic/stic.h:267:13: note: expanded from macro 'DEFINE_SUITE'
            stic_teardown_once_func(); \
            ^
3 warnings and 4 errors generated.
Makefile:295: recipe for target '/<<PKGBUILDDIR>>/src/../tests/bin/build/abbrevs/suite.o' failed
make[5]: *** [/<<PKGBUILDDIR>>/src/../tests/bin/build/abbrevs/suite.o] Error 1
make[5]: Leaving directory '/<<PKGBUILDDIR>>/tests'
FAIL runtests (exit status: 2)

============================================================================
Testsuite summary for vifm 0.9
============================================================================
# TOTAL: 1
# PASS:  0
# SKIP:  0
# XFAIL: 0
# FAIL:  1
# XPASS: 0
# ERROR: 0
============================================================================
See src/test-suite.log
Please report to xaizek@openmailbox.org
============================================================================
Makefile:1878: recipe for target 'test-suite.log' failed
make[4]: *** [test-suite.log] Error 1
make[4]: Leaving directory '/<<PKGBUILDDIR>>/src'
Makefile:1984: recipe for target 'check-TESTS' failed
make[3]: *** [check-TESTS] Error 2
make[3]: Leaving directory '/<<PKGBUILDDIR>>/src'
Makefile:2057: recipe for target 'check-am' failed
make[2]: *** [check-am] Error 2
make[2]: Leaving directory '/<<PKGBUILDDIR>>/src'
Makefile:375: recipe for target 'check-recursive' failed
make[1]: *** [check-recursive] Error 1
make[1]: Leaving directory '/<<PKGBUILDDIR>>'
dh_auto_test: make -j16 check VERBOSE=1 returned exit code 2
debian/rules:11: recipe for target 'build-arch' failed
make: *** [build-arch] Error 2
dpkg-buildpackage: error: debian/rules build-arch gave error exit status 2
--------------------------------------------------------------------------------
Build finished at 2017-07-06T19:57:36Z

Finished
--------


+------------------------------------------------------------------------------+
| Cleanup                                                                      |
+------------------------------------------------------------------------------+

Purging /<<BUILDDIR>>
Not cleaning session: cloned chroot in use
E: Build failure (dpkg-buildpackage died)

+------------------------------------------------------------------------------+
| Summary                                                                      |
+------------------------------------------------------------------------------+

Build Architecture: amd64
Build Type: any
Build-Space: 18892
Build-Time: 23
Distribution: unstable
Fail-Stage: build
Host Architecture: amd64
Install-Time: 7
Job: vifm_0.9-1
Machine Architecture: amd64
Package: vifm
Package-Time: 52
Source-Version: 0.9-1
Space: 18892
Status: attempted
Version: 0.9-1
--------------------------------------------------------------------------------
Finished at 2017-07-06T19:57:36Z
Build needed 00:00:52, 18892k disk space
E: Build failure (dpkg-buildpackage died)
DC-Status: Failed 53.563322644s
DC-Time-Estimation: 53.563322644 versus expected 387 (r/m: 6.2250932335197575 ; m: 53.563322644)
