DC-Build-Header: bitz-server 2.0.1-1 / 2019-01-09 21:39:01 +0000
DC-Task: type:rebuild-binarch-only source:bitz-server version:2.0.1-1 chroot:unstable esttime:226 logfile:/tmp/bitz-server_2.0.1-1_unstable_clang8.log modes:clang8:binarch-only
DC-Sbuild-call: su user42 -c 'sbuild -n --arch-any --apt-update -d unstable -v  --chroot-setup-commands=/tmp/clang8 bitz-server_2.0.1-1'
sbuild (Debian sbuild) 0.73.0 (23 Dec 2016) on ip-172-31-5-158.eu-central-1.compute.internal

+==============================================================================+
| bitz-server 2.0.1-1 (amd64)                  Wed, 09 Jan 2019 21:39:01 +0000 |
+==============================================================================+

Package: bitz-server
Version: 2.0.1-1
Source Version: 2.0.1-1
Distribution: unstable
Machine Architecture: amd64
Host Architecture: amd64
Build Architecture: amd64
Build Type: any

I: NOTICE: Log filtering will replace 'var/run/schroot/mount/sid-amd64-sbuild-fdfec5c2-1bee-4ffe-9147-67de5b745eeb' with '<<CHROOT>>'

+------------------------------------------------------------------------------+
| Chroot Setup Commands                                                        |
+------------------------------------------------------------------------------+


/tmp/clang8
-----------

+ echo 'Entering customization script...'
Entering customization script...
+ CLANG_VERSION=8
+ echo 'Install of clang-8'
Install of clang-8
+ echo deb http://127.0.0.1:9999/debian experimental main
+ apt-get update
Get:1 http://127.0.0.1:9999/debian sid InRelease [238 kB]
Get:2 http://127.0.0.1:9999/debian experimental InRelease [101 kB]
Get:3 http://127.0.0.1:9999/debian sid/main Sources.diff/Index [27.9 kB]
Get:4 http://127.0.0.1:9999/debian sid/main amd64 Packages.diff/Index [27.9 kB]
Get:5 http://127.0.0.1:9999/debian sid/main Sources 2019-01-09-1430.36.pdiff [24.1 kB]
Get:5 http://127.0.0.1:9999/debian sid/main Sources 2019-01-09-1430.36.pdiff [24.1 kB]
Get:6 http://127.0.0.1:9999/debian sid/main amd64 Packages 2019-01-09-1430.36.pdiff [40.9 kB]
Get:6 http://127.0.0.1:9999/debian sid/main amd64 Packages 2019-01-09-1430.36.pdiff [40.9 kB]
Get:7 http://127.0.0.1:9999/debian sid/main Translation-en [6275 kB]
Get:8 http://127.0.0.1:9999/debian experimental/main amd64 Packages [245 kB]
Get:9 http://127.0.0.1:9999/debian experimental/main Translation-en [173 kB]
Fetched 7153 kB in 2s (3488 kB/s)
Reading package lists...
+ apt-get install --yes --no-install-recommends --force-yes clang-8 libomp-8-dev libobjc-8-dev
Reading package lists...
Building dependency tree...
The following additional packages will be installed:
  lib32gcc1 lib32stdc++6 libbsd0 libc6-i386 libclang-common-8-dev libclang1-8
  libedit2 libgc1c2 libllvm8 libobjc4 libomp5-8
Suggested packages:
  clang-8-doc libomp-8-doc
Recommended packages:
  llvm-8-dev python
The following NEW packages will be installed:
  clang-8 lib32gcc1 lib32stdc++6 libbsd0 libc6-i386 libclang-common-8-dev
  libclang1-8 libedit2 libgc1c2 libllvm8 libobjc-8-dev libobjc4 libomp-8-dev
  libomp5-8
0 upgraded, 14 newly installed, 0 to remove and 5 not upgraded.
Need to get 35.8 MB of archives.
After this operation, 191 MB of additional disk space will be used.
Get:1 http://127.0.0.1:9999/debian sid/main amd64 libbsd0 amd64 0.9.1-1 [99.3 kB]
Get:2 http://127.0.0.1:9999/debian sid/main amd64 libedit2 amd64 3.1-20181209-1 [94.0 kB]
Get:3 http://127.0.0.1:9999/debian experimental/main amd64 libllvm8 amd64 1:8~svn350193-1~exp1 [13.8 MB]
Get:4 http://127.0.0.1:9999/debian sid/main amd64 libgc1c2 amd64 1:7.6.4-0.4 [224 kB]
Get:5 http://127.0.0.1:9999/debian sid/main amd64 libobjc4 amd64 8.2.0-14 [50.4 kB]
Get:6 http://127.0.0.1:9999/debian sid/main amd64 libobjc-8-dev amd64 8.2.0-14 [225 kB]
Get:7 http://127.0.0.1:9999/debian sid/main amd64 libc6-i386 amd64 2.28-4 [2873 kB]
Get:8 http://127.0.0.1:9999/debian sid/main amd64 lib32gcc1 amd64 1:8.2.0-14 [47.9 kB]
Get:9 http://127.0.0.1:9999/debian sid/main amd64 lib32stdc++6 amd64 8.2.0-14 [406 kB]
Get:10 http://127.0.0.1:9999/debian experimental/main amd64 libclang-common-8-dev amd64 1:8~svn350193-1~exp1 [3350 kB]
Get:11 http://127.0.0.1:9999/debian experimental/main amd64 libclang1-8 amd64 1:8~svn350193-1~exp1 [6255 kB]
Get:12 http://127.0.0.1:9999/debian experimental/main amd64 clang-8 amd64 1:8~svn350193-1~exp1 [8025 kB]
Get:13 http://127.0.0.1:9999/debian experimental/main amd64 libomp5-8 amd64 1:8~svn350193-1~exp1 [328 kB]
Get:14 http://127.0.0.1:9999/debian experimental/main amd64 libomp-8-dev amd64 1:8~svn350193-1~exp1 [58.5 kB]
debconf: delaying package configuration, since apt-utils is not installed
Fetched 35.8 MB in 0s (118 MB/s)
Selecting previously unselected package libbsd0:amd64.
(Reading database ... (Reading database ... 5%(Reading database ... 10%(Reading database ... 15%(Reading database ... 20%(Reading database ... 25%(Reading database ... 30%(Reading database ... 35%(Reading database ... 40%(Reading database ... 45%(Reading database ... 50%(Reading database ... 55%(Reading database ... 60%(Reading database ... 65%(Reading database ... 70%(Reading database ... 75%(Reading database ... 80%(Reading database ... 85%(Reading database ... 90%(Reading database ... 95%(Reading database ... 100%(Reading database ... 11802 files and directories currently installed.)
Preparing to unpack .../00-libbsd0_0.9.1-1_amd64.deb ...
Unpacking libbsd0:amd64 (0.9.1-1) ...
Selecting previously unselected package libedit2:amd64.
Preparing to unpack .../01-libedit2_3.1-20181209-1_amd64.deb ...
Unpacking libedit2:amd64 (3.1-20181209-1) ...
Selecting previously unselected package libllvm8:amd64.
Preparing to unpack .../02-libllvm8_1%3a8~svn350193-1~exp1_amd64.deb ...
Unpacking libllvm8:amd64 (1:8~svn350193-1~exp1) ...
Selecting previously unselected package libgc1c2:amd64.
Preparing to unpack .../03-libgc1c2_1%3a7.6.4-0.4_amd64.deb ...
Unpacking libgc1c2:amd64 (1:7.6.4-0.4) ...
Selecting previously unselected package libobjc4:amd64.
Preparing to unpack .../04-libobjc4_8.2.0-14_amd64.deb ...
Unpacking libobjc4:amd64 (8.2.0-14) ...
Selecting previously unselected package libobjc-8-dev:amd64.
Preparing to unpack .../05-libobjc-8-dev_8.2.0-14_amd64.deb ...
Unpacking libobjc-8-dev:amd64 (8.2.0-14) ...
Selecting previously unselected package libc6-i386.
Preparing to unpack .../06-libc6-i386_2.28-4_amd64.deb ...
Unpacking libc6-i386 (2.28-4) ...
Selecting previously unselected package lib32gcc1.
Preparing to unpack .../07-lib32gcc1_1%3a8.2.0-14_amd64.deb ...
Unpacking lib32gcc1 (1:8.2.0-14) ...
Selecting previously unselected package lib32stdc++6.
Preparing to unpack .../08-lib32stdc++6_8.2.0-14_amd64.deb ...
Unpacking lib32stdc++6 (8.2.0-14) ...
Selecting previously unselected package libclang-common-8-dev.
Preparing to unpack .../09-libclang-common-8-dev_1%3a8~svn350193-1~exp1_amd64.deb ...
Unpacking libclang-common-8-dev (1:8~svn350193-1~exp1) ...
Selecting previously unselected package libclang1-8:amd64.
Preparing to unpack .../10-libclang1-8_1%3a8~svn350193-1~exp1_amd64.deb ...
Unpacking libclang1-8:amd64 (1:8~svn350193-1~exp1) ...
Selecting previously unselected package clang-8.
Preparing to unpack .../11-clang-8_1%3a8~svn350193-1~exp1_amd64.deb ...
Unpacking clang-8 (1:8~svn350193-1~exp1) ...
Selecting previously unselected package libomp5-8:amd64.
Preparing to unpack .../12-libomp5-8_1%3a8~svn350193-1~exp1_amd64.deb ...
Unpacking libomp5-8:amd64 (1:8~svn350193-1~exp1) ...
Selecting previously unselected package libomp-8-dev.
Preparing to unpack .../13-libomp-8-dev_1%3a8~svn350193-1~exp1_amd64.deb ...
Unpacking libomp-8-dev (1:8~svn350193-1~exp1) ...
Setting up libomp5-8:amd64 (1:8~svn350193-1~exp1) ...
Setting up libgc1c2:amd64 (1:7.6.4-0.4) ...
Setting up libc6-i386 (2.28-4) ...
Setting up libbsd0:amd64 (0.9.1-1) ...
Setting up libomp-8-dev (1:8~svn350193-1~exp1) ...
Processing triggers for libc-bin (2.28-4) ...
Setting up lib32gcc1 (1:8.2.0-14) ...
Setting up libedit2:amd64 (3.1-20181209-1) ...
Setting up libobjc4:amd64 (8.2.0-14) ...
Setting up libobjc-8-dev:amd64 (8.2.0-14) ...
Setting up libllvm8:amd64 (1:8~svn350193-1~exp1) ...
Setting up libclang1-8:amd64 (1:8~svn350193-1~exp1) ...
Setting up lib32stdc++6 (8.2.0-14) ...
Setting up libclang-common-8-dev (1:8~svn350193-1~exp1) ...
Setting up clang-8 (1:8~svn350193-1~exp1) ...
Processing triggers for libc-bin (2.28-4) ...
W: --force-yes is deprecated, use one of the options starting with --allow instead.
+ echo 'Replace gcc, g++ & cpp by clang'
Replace gcc, g++ & cpp by clang
+ VERSIONS='4.6 4.7 4.8 4.9 5 6 7 8'
+ cd /usr/bin
+ for VERSION in $VERSIONS
+ rm -f g++-4.6 gcc-4.6 cpp-4.6 gcc
+ ln -s clang++-8 g++-4.6
+ ln -s clang-8 gcc-4.6
+ ln -s clang-8 cpp-4.6
+ ln -s clang-8 gcc
+ echo 'gcc-4.6 hold'
+ dpkg --set-selections
dpkg: warning: package not in status nor available database at line 1: gcc-4.6
dpkg: warning: found unknown packages; this might mean the available database
is outdated, and needs to be updated through a frontend method;
please see the FAQ <https://wiki.debian.org/Teams/Dpkg/FAQ>
+ echo 'g++-4.6 hold'
+ dpkg --set-selections
dpkg: warning: package not in status nor available database at line 1: g++-4.6
dpkg: warning: found unknown packages; this might mean the available database
is outdated, and needs to be updated through a frontend method;
please see the FAQ <https://wiki.debian.org/Teams/Dpkg/FAQ>
+ for VERSION in $VERSIONS
+ rm -f g++-4.7 gcc-4.7 cpp-4.7 gcc
+ ln -s clang++-8 g++-4.7
+ ln -s clang-8 gcc-4.7
+ ln -s clang-8 cpp-4.7
+ ln -s clang-8 gcc
+ echo 'gcc-4.7 hold'
+ dpkg --set-selections
dpkg: warning: package not in status nor available database at line 1: gcc-4.7
dpkg: warning: found unknown packages; this might mean the available database
is outdated, and needs to be updated through a frontend method;
please see the FAQ <https://wiki.debian.org/Teams/Dpkg/FAQ>
+ echo 'g++-4.7 hold'
+ dpkg --set-selections
dpkg: warning: package not in status nor available database at line 1: g++-4.7
dpkg: warning: found unknown packages; this might mean the available database
is outdated, and needs to be updated through a frontend method;
please see the FAQ <https://wiki.debian.org/Teams/Dpkg/FAQ>
+ for VERSION in $VERSIONS
+ rm -f g++-4.8 gcc-4.8 cpp-4.8 gcc
+ ln -s clang++-8 g++-4.8
+ ln -s clang-8 gcc-4.8
+ ln -s clang-8 cpp-4.8
+ ln -s clang-8 gcc
+ echo 'gcc-4.8 hold'
+ dpkg --set-selections
dpkg: warning: package not in status nor available database at line 1: gcc-4.8
dpkg: warning: found unknown packages; this might mean the available database
is outdated, and needs to be updated through a frontend method;
please see the FAQ <https://wiki.debian.org/Teams/Dpkg/FAQ>
+ echo 'g++-4.8 hold'
+ dpkg --set-selections
dpkg: warning: package not in status nor available database at line 1: g++-4.8
dpkg: warning: found unknown packages; this might mean the available database
is outdated, and needs to be updated through a frontend method;
please see the FAQ <https://wiki.debian.org/Teams/Dpkg/FAQ>
+ for VERSION in $VERSIONS
+ rm -f g++-4.9 gcc-4.9 cpp-4.9 gcc
+ ln -s clang++-8 g++-4.9
+ ln -s clang-8 gcc-4.9
+ ln -s clang-8 cpp-4.9
+ ln -s clang-8 gcc
+ echo 'gcc-4.9 hold'
+ dpkg --set-selections
dpkg: warning: package not in status nor available database at line 1: gcc-4.9
dpkg: warning: found unknown packages; this might mean the available database
is outdated, and needs to be updated through a frontend method;
please see the FAQ <https://wiki.debian.org/Teams/Dpkg/FAQ>
+ echo 'g++-4.9 hold'
+ dpkg --set-selections
dpkg: warning: package not in status nor available database at line 1: g++-4.9
dpkg: warning: found unknown packages; this might mean the available database
is outdated, and needs to be updated through a frontend method;
please see the FAQ <https://wiki.debian.org/Teams/Dpkg/FAQ>
+ for VERSION in $VERSIONS
+ rm -f g++-5 gcc-5 cpp-5 gcc
+ ln -s clang++-8 g++-5
+ ln -s clang-8 gcc-5
+ ln -s clang-8 cpp-5
+ ln -s clang-8 gcc
+ echo 'gcc-5 hold'
+ dpkg --set-selections
dpkg: warning: package not in status nor available database at line 1: gcc-5
dpkg: warning: found unknown packages; this might mean the available database
is outdated, and needs to be updated through a frontend method;
please see the FAQ <https://wiki.debian.org/Teams/Dpkg/FAQ>
+ echo 'g++-5 hold'
+ dpkg --set-selections
dpkg: warning: package not in status nor available database at line 1: g++-5
dpkg: warning: found unknown packages; this might mean the available database
is outdated, and needs to be updated through a frontend method;
please see the FAQ <https://wiki.debian.org/Teams/Dpkg/FAQ>
+ for VERSION in $VERSIONS
+ rm -f g++-6 gcc-6 cpp-6 gcc
+ ln -s clang++-8 g++-6
+ ln -s clang-8 gcc-6
+ ln -s clang-8 cpp-6
+ ln -s clang-8 gcc
+ echo 'gcc-6 hold'
+ dpkg --set-selections
dpkg: warning: package not in status nor available database at line 1: gcc-6
dpkg: warning: found unknown packages; this might mean the available database
is outdated, and needs to be updated through a frontend method;
please see the FAQ <https://wiki.debian.org/Teams/Dpkg/FAQ>
+ echo 'g++-6 hold'
+ dpkg --set-selections
dpkg: warning: package not in status nor available database at line 1: g++-6
dpkg: warning: found unknown packages; this might mean the available database
is outdated, and needs to be updated through a frontend method;
please see the FAQ <https://wiki.debian.org/Teams/Dpkg/FAQ>
+ for VERSION in $VERSIONS
+ rm -f g++-7 gcc-7 cpp-7 gcc
+ ln -s clang++-8 g++-7
+ ln -s clang-8 gcc-7
+ ln -s clang-8 cpp-7
+ ln -s clang-8 gcc
+ echo 'gcc-7 hold'
+ dpkg --set-selections
dpkg: warning: package not in status nor available database at line 1: gcc-7
dpkg: warning: found unknown packages; this might mean the available database
is outdated, and needs to be updated through a frontend method;
please see the FAQ <https://wiki.debian.org/Teams/Dpkg/FAQ>
+ echo 'g++-7 hold'
+ dpkg --set-selections
dpkg: warning: package not in status nor available database at line 1: g++-7
dpkg: warning: found unknown packages; this might mean the available database
is outdated, and needs to be updated through a frontend method;
please see the FAQ <https://wiki.debian.org/Teams/Dpkg/FAQ>
+ for VERSION in $VERSIONS
+ rm -f g++-8 gcc-8 cpp-8 gcc
+ ln -s clang++-8 g++-8
+ ln -s clang-8 gcc-8
+ ln -s clang-8 cpp-8
+ ln -s clang-8 gcc
+ echo 'gcc-8 hold'
+ dpkg --set-selections
+ echo 'g++-8 hold'
+ dpkg --set-selections
+ cd -
/build/bitz-server-ruGAVM
+ echo 'Check if gcc, g++ & cpp are actually clang'
Check if gcc, g++ & cpp are actually clang
+ gcc --version
+ grep clang
+ cpp --version
+ grep clang
+ g++ --version
+ grep clang

I: Finished running '/tmp/clang8'.

Finished processing commands.
--------------------------------------------------------------------------------

+------------------------------------------------------------------------------+
| Update chroot                                                                |
+------------------------------------------------------------------------------+

Hit:1 http://127.0.0.1:9999/debian sid InRelease
Hit:2 http://127.0.0.1:9999/debian experimental InRelease
Reading package lists...
Reading package lists...
Building dependency tree...
Reading state information...
Calculating upgrade...
The following packages will be upgraded:
  libmpfr6 libpam-modules libpam-modules-bin libpam-runtime libpam0g
5 upgraded, 0 newly installed, 0 to remove and 0 not upgraded.
Need to get 1519 kB of archives.
After this operation, 7168 B of additional disk space will be used.
Get:1 http://127.0.0.1:9999/debian sid/main amd64 libpam0g amd64 1.1.8-4 [124 kB]
Get:2 http://127.0.0.1:9999/debian sid/main amd64 libpam-modules-bin amd64 1.1.8-4 [106 kB]
Get:3 http://127.0.0.1:9999/debian sid/main amd64 libpam-modules amd64 1.1.8-4 [305 kB]
Get:4 http://127.0.0.1:9999/debian sid/main amd64 libpam-runtime all 1.1.8-4 [211 kB]
Get:5 http://127.0.0.1:9999/debian sid/main amd64 libmpfr6 amd64 4.0.2~rc1-1 [773 kB]
debconf: delaying package configuration, since apt-utils is not installed
Fetched 1519 kB in 0s (27.9 MB/s)
(Reading database ... (Reading database ... 5%(Reading database ... 10%(Reading database ... 15%(Reading database ... 20%(Reading database ... 25%(Reading database ... 30%(Reading database ... 35%(Reading database ... 40%(Reading database ... 45%(Reading database ... 50%(Reading database ... 55%(Reading database ... 60%(Reading database ... 65%(Reading database ... 70%(Reading database ... 75%(Reading database ... 80%(Reading database ... 85%(Reading database ... 90%(Reading database ... 95%(Reading database ... 100%(Reading database ... 12592 files and directories currently installed.)
Preparing to unpack .../libpam0g_1.1.8-4_amd64.deb ...
Unpacking libpam0g:amd64 (1.1.8-4) over (1.1.8-3.8) ...
Setting up libpam0g:amd64 (1.1.8-4) ...
(Reading database ... (Reading database ... 5%(Reading database ... 10%(Reading database ... 15%(Reading database ... 20%(Reading database ... 25%(Reading database ... 30%(Reading database ... 35%(Reading database ... 40%(Reading database ... 45%(Reading database ... 50%(Reading database ... 55%(Reading database ... 60%(Reading database ... 65%(Reading database ... 70%(Reading database ... 75%(Reading database ... 80%(Reading database ... 85%(Reading database ... 90%(Reading database ... 95%(Reading database ... 100%(Reading database ... 12592 files and directories currently installed.)
Preparing to unpack .../libpam-modules-bin_1.1.8-4_amd64.deb ...
Unpacking libpam-modules-bin (1.1.8-4) over (1.1.8-3.8) ...
Setting up libpam-modules-bin (1.1.8-4) ...
(Reading database ... (Reading database ... 5%(Reading database ... 10%(Reading database ... 15%(Reading database ... 20%(Reading database ... 25%(Reading database ... 30%(Reading database ... 35%(Reading database ... 40%(Reading database ... 45%(Reading database ... 50%(Reading database ... 55%(Reading database ... 60%(Reading database ... 65%(Reading database ... 70%(Reading database ... 75%(Reading database ... 80%(Reading database ... 85%(Reading database ... 90%(Reading database ... 95%(Reading database ... 100%(Reading database ... 12592 files and directories currently installed.)
Preparing to unpack .../libpam-modules_1.1.8-4_amd64.deb ...
Unpacking libpam-modules:amd64 (1.1.8-4) over (1.1.8-3.8) ...
Setting up libpam-modules:amd64 (1.1.8-4) ...
(Reading database ... (Reading database ... 5%(Reading database ... 10%(Reading database ... 15%(Reading database ... 20%(Reading database ... 25%(Reading database ... 30%(Reading database ... 35%(Reading database ... 40%(Reading database ... 45%(Reading database ... 50%(Reading database ... 55%(Reading database ... 60%(Reading database ... 65%(Reading database ... 70%(Reading database ... 75%(Reading database ... 80%(Reading database ... 85%(Reading database ... 90%(Reading database ... 95%(Reading database ... 100%(Reading database ... 12592 files and directories currently installed.)
Preparing to unpack .../libpam-runtime_1.1.8-4_all.deb ...
Unpacking libpam-runtime (1.1.8-4) over (1.1.8-3.8) ...
Setting up libpam-runtime (1.1.8-4) ...
(Reading database ... (Reading database ... 5%(Reading database ... 10%(Reading database ... 15%(Reading database ... 20%(Reading database ... 25%(Reading database ... 30%(Reading database ... 35%(Reading database ... 40%(Reading database ... 45%(Reading database ... 50%(Reading database ... 55%(Reading database ... 60%(Reading database ... 65%(Reading database ... 70%(Reading database ... 75%(Reading database ... 80%(Reading database ... 85%(Reading database ... 90%(Reading database ... 95%(Reading database ... 100%(Reading database ... 12592 files and directories currently installed.)
Preparing to unpack .../libmpfr6_4.0.2~rc1-1_amd64.deb ...
Unpacking libmpfr6:amd64 (4.0.2~rc1-1) over (4.0.1-2) ...
Setting up libmpfr6:amd64 (4.0.2~rc1-1) ...
Processing triggers for libc-bin (2.28-4) ...

+------------------------------------------------------------------------------+
| Fetch source files                                                           |
+------------------------------------------------------------------------------+


Check APT
---------

Checking available source versions...

Download source files with APT
------------------------------

Reading package lists...
NOTICE: 'bitz-server' packaging is maintained in the 'Git' version control system at:
git://jff.email/opt/git/bitz-server.git
Please use:
git clone git://jff.email/opt/git/bitz-server.git
to retrieve the latest (possibly unreleased) updates to the package.
Need to get 133 kB of source archives.
Get:1 http://127.0.0.1:9999/debian sid/main bitz-server 2.0.1-1 (dsc) [2184 B]
Get:2 http://127.0.0.1:9999/debian sid/main bitz-server 2.0.1-1 (tar) [116 kB]
Get:3 http://127.0.0.1:9999/debian sid/main bitz-server 2.0.1-1 (diff) [14.6 kB]
Fetched 133 kB in 1s (207 kB/s)
Download complete and in download only mode
I: NOTICE: Log filtering will replace 'build/bitz-server-ruGAVM/bitz-server-2.0.1' with '<<PKGBUILDDIR>>'
I: NOTICE: Log filtering will replace 'build/bitz-server-ruGAVM' with '<<BUILDDIR>>'

+------------------------------------------------------------------------------+
| Install build-essential                                                      |
+------------------------------------------------------------------------------+


Setup apt archive
-----------------

Merged Build-Depends: build-essential, fakeroot
Filtered Build-Depends: build-essential, fakeroot
dpkg-deb: building package 'sbuild-build-depends-core-dummy' in '/<<BUILDDIR>>/resolver-nxntXY/apt_archive/sbuild-build-depends-core-dummy.deb'.
dpkg-scanpackages: warning: Packages in archive but missing from override file:
dpkg-scanpackages: warning:   sbuild-build-depends-core-dummy
dpkg-scanpackages: info: Wrote 1 entries to output Packages file.
Ign:1 copy:/<<BUILDDIR>>/resolver-nxntXY/apt_archive ./ InRelease
Get:2 copy:/<<BUILDDIR>>/resolver-nxntXY/apt_archive ./ Release [957 B]
Ign:3 copy:/<<BUILDDIR>>/resolver-nxntXY/apt_archive ./ Release.gpg
Get:4 copy:/<<BUILDDIR>>/resolver-nxntXY/apt_archive ./ Sources [349 B]
Get:5 copy:/<<BUILDDIR>>/resolver-nxntXY/apt_archive ./ Packages [430 B]
Fetched 1736 B in 0s (0 B/s)
Reading package lists...
Reading package lists...

Install core build dependencies (apt-based resolver)
----------------------------------------------------

Installing build dependencies
Reading package lists...
Building dependency tree...
Reading state information...
The following NEW packages will be installed:
  sbuild-build-depends-core-dummy
0 upgraded, 1 newly installed, 0 to remove and 0 not upgraded.
Need to get 856 B of archives.
After this operation, 0 B of additional disk space will be used.
Get:1 copy:/<<BUILDDIR>>/resolver-nxntXY/apt_archive ./ sbuild-build-depends-core-dummy 0.invalid.0 [856 B]
debconf: delaying package configuration, since apt-utils is not installed
Fetched 856 B in 0s (0 B/s)
Selecting previously unselected package sbuild-build-depends-core-dummy.
(Reading database ... 12592 files and directories currently installed.)
Preparing to unpack .../sbuild-build-depends-core-dummy_0.invalid.0_amd64.deb ...
Unpacking sbuild-build-depends-core-dummy (0.invalid.0) ...
Setting up sbuild-build-depends-core-dummy (0.invalid.0) ...

+------------------------------------------------------------------------------+
| Check architectures                                                          |
+------------------------------------------------------------------------------+

Arch check ok (amd64 included in any all)

+------------------------------------------------------------------------------+
| Install package build dependencies                                           |
+------------------------------------------------------------------------------+


Setup apt archive
-----------------

Merged Build-Depends: debhelper (>= 11), dh-python, libconfig++-dev, libspdlog-dev, libpsocksxx-dev, python-dev, libpython-dev
Filtered Build-Depends: debhelper (>= 11), dh-python, libconfig++-dev, libspdlog-dev, libpsocksxx-dev, python-dev, libpython-dev
dpkg-deb: building package 'sbuild-build-depends-bitz-server-dummy' in '/<<BUILDDIR>>/resolver-nxntXY/apt_archive/sbuild-build-depends-bitz-server-dummy.deb'.
dpkg-scanpackages: warning: Packages in archive but missing from override file:
dpkg-scanpackages: warning:   sbuild-build-depends-bitz-server-dummy sbuild-build-depends-core-dummy
dpkg-scanpackages: info: Wrote 2 entries to output Packages file.
Ign:1 copy:/<<BUILDDIR>>/resolver-nxntXY/apt_archive ./ InRelease
Get:2 copy:/<<BUILDDIR>>/resolver-nxntXY/apt_archive ./ Release [963 B]
Ign:3 copy:/<<BUILDDIR>>/resolver-nxntXY/apt_archive ./ Release.gpg
Get:4 copy:/<<BUILDDIR>>/resolver-nxntXY/apt_archive ./ Sources [533 B]
Get:5 copy:/<<BUILDDIR>>/resolver-nxntXY/apt_archive ./ Packages [610 B]
Fetched 2106 B in 0s (0 B/s)
Reading package lists...
Reading package lists...

Install bitz-server build dependencies (apt-based resolver)
-----------------------------------------------------------

Installing build dependencies
Reading package lists...
Building dependency tree...
Reading state information...
The following additional packages will be installed:
  autoconf automake autopoint autotools-dev bsdmainutils debhelper
  dh-autoreconf dh-python dh-strip-nondeterminism dwz file gettext
  gettext-base groff-base intltool-debian libarchive-zip-perl libconfig++-dev
  libconfig++9v5 libconfig-dev libconfig9 libcroco3 libelf1 libexpat1
  libexpat1-dev libfile-stripnondeterminism-perl libglib2.0-0 libicu63
  libmagic-mgc libmagic1 libmpdec2 libncurses6 libpipeline1 libpsocksxx-dev
  libpsocksxx0 libpython-dev libpython-stdlib libpython2-dev libpython2-stdlib
  libpython2.7 libpython2.7-dev libpython2.7-minimal libpython2.7-stdlib
  libpython3-stdlib libpython3.7-minimal libpython3.7-stdlib libreadline7
  libsigsegv2 libspdlog-dev libsqlite3-0 libssl1.1 libtool libuchardet0
  libxml2 m4 man-db mime-support pkg-config po-debconf python python-dev
  python-minimal python2 python2-dev python2-minimal python2.7 python2.7-dev
  python2.7-minimal python3 python3-distutils python3-lib2to3 python3-minimal
  python3.7 python3.7-minimal readline-common sensible-utils
Suggested packages:
  autoconf-archive gnu-standards autoconf-doc wamerican | wordlist whois
  vacation dh-make gettext-doc libasprintf-dev libgettextpo-dev groff
  libpsocksxx-doc libtool-doc gfortran | fortran95-compiler gcj-jdk m4-doc
  apparmor less www-browser libmail-box-perl python-doc python-tk python2-doc
  python2.7-doc binfmt-support python3-doc python3-tk python3-venv
  python3.7-venv python3.7-doc readline-doc
Recommended packages:
  curl | wget | lynx libconfig-doc libarchive-cpio-perl libglib2.0-data
  shared-mime-info xdg-user-dirs libgpm2 libltdl-dev libmail-sendmail-perl
The following NEW packages will be installed:
  autoconf automake autopoint autotools-dev bsdmainutils debhelper
  dh-autoreconf dh-python dh-strip-nondeterminism dwz file gettext
  gettext-base groff-base intltool-debian libarchive-zip-perl libconfig++-dev
  libconfig++9v5 libconfig-dev libconfig9 libcroco3 libelf1 libexpat1
  libexpat1-dev libfile-stripnondeterminism-perl libglib2.0-0 libicu63
  libmagic-mgc libmagic1 libmpdec2 libncurses6 libpipeline1 libpsocksxx-dev
  libpsocksxx0 libpython-dev libpython-stdlib libpython2-dev libpython2-stdlib
  libpython2.7 libpython2.7-dev libpython2.7-minimal libpython2.7-stdlib
  libpython3-stdlib libpython3.7-minimal libpython3.7-stdlib libreadline7
  libsigsegv2 libspdlog-dev libsqlite3-0 libssl1.1 libtool libuchardet0
  libxml2 m4 man-db mime-support pkg-config po-debconf python python-dev
  python-minimal python2 python2-dev python2-minimal python2.7 python2.7-dev
  python2.7-minimal python3 python3-distutils python3-lib2to3 python3-minimal
  python3.7 python3.7-minimal readline-common
  sbuild-build-depends-bitz-server-dummy sensible-utils
0 upgraded, 76 newly installed, 0 to remove and 0 not upgraded.
Need to get 63.9 MB of archives.
After this operation, 179 MB of additional disk space will be used.
Get:1 copy:/<<BUILDDIR>>/resolver-nxntXY/apt_archive ./ sbuild-build-depends-bitz-server-dummy 0.invalid.0 [904 B]
Get:2 http://127.0.0.1:9999/debian sid/main amd64 bsdmainutils amd64 11.1.2+b1 [191 kB]
Get:3 http://127.0.0.1:9999/debian sid/main amd64 libuchardet0 amd64 0.0.6-3 [64.9 kB]
Get:4 http://127.0.0.1:9999/debian sid/main amd64 groff-base amd64 1.22.4-2 [917 kB]
Get:5 http://127.0.0.1:9999/debian sid/main amd64 libpipeline1 amd64 1.5.0-2 [29.5 kB]
Get:6 http://127.0.0.1:9999/debian sid/main amd64 man-db amd64 2.8.5-1 [1274 kB]
Get:7 http://127.0.0.1:9999/debian sid/main amd64 libpython2.7-minimal amd64 2.7.15-5 [394 kB]
Get:8 http://127.0.0.1:9999/debian sid/main amd64 python2.7-minimal amd64 2.7.15-5 [1365 kB]
Get:9 http://127.0.0.1:9999/debian sid/main amd64 python2-minimal amd64 2.7.15-3 [41.3 kB]
Get:10 http://127.0.0.1:9999/debian sid/main amd64 python-minimal amd64 2.7.15-3 [20.9 kB]
Get:11 http://127.0.0.1:9999/debian sid/main amd64 mime-support all 3.61 [37.1 kB]
Get:12 http://127.0.0.1:9999/debian sid/main amd64 libexpat1 amd64 2.2.6-1 [105 kB]
Get:13 http://127.0.0.1:9999/debian sid/main amd64 readline-common all 7.0-5 [70.6 kB]
Get:14 http://127.0.0.1:9999/debian sid/main amd64 libreadline7 amd64 7.0-5 [151 kB]
Get:15 http://127.0.0.1:9999/debian sid/main amd64 libsqlite3-0 amd64 3.26.0+fossilbc891ac6b-1 [634 kB]
Get:16 http://127.0.0.1:9999/debian sid/main amd64 libssl1.1 amd64 1.1.1a-1 [1527 kB]
Get:17 http://127.0.0.1:9999/debian sid/main amd64 libpython2.7-stdlib amd64 2.7.15-5 [1909 kB]
Get:18 http://127.0.0.1:9999/debian sid/main amd64 python2.7 amd64 2.7.15-5 [299 kB]
Get:19 http://127.0.0.1:9999/debian sid/main amd64 libpython2-stdlib amd64 2.7.15-3 [20.7 kB]
Get:20 http://127.0.0.1:9999/debian sid/main amd64 libpython-stdlib amd64 2.7.15-3 [20.7 kB]
Get:21 http://127.0.0.1:9999/debian sid/main amd64 python2 amd64 2.7.15-3 [41.5 kB]
Get:22 http://127.0.0.1:9999/debian sid/main amd64 python amd64 2.7.15-3 [22.7 kB]
Get:23 http://127.0.0.1:9999/debian sid/main amd64 libpython3.7-minimal amd64 3.7.2-1 [588 kB]
Get:24 http://127.0.0.1:9999/debian sid/main amd64 python3.7-minimal amd64 3.7.2-1 [1732 kB]
Get:25 http://127.0.0.1:9999/debian sid/main amd64 python3-minimal amd64 3.7.1-3 [36.5 kB]
Get:26 http://127.0.0.1:9999/debian sid/main amd64 libmpdec2 amd64 2.4.2-2 [87.2 kB]
Get:27 http://127.0.0.1:9999/debian sid/main amd64 libpython3.7-stdlib amd64 3.7.2-1 [1733 kB]
Get:28 http://127.0.0.1:9999/debian sid/main amd64 python3.7 amd64 3.7.2-1 [323 kB]
Get:29 http://127.0.0.1:9999/debian sid/main amd64 libpython3-stdlib amd64 3.7.1-3 [20.0 kB]
Get:30 http://127.0.0.1:9999/debian sid/main amd64 python3 amd64 3.7.1-3 [61.5 kB]
Get:31 http://127.0.0.1:9999/debian sid/main amd64 sensible-utils all 0.0.12 [15.8 kB]
Get:32 http://127.0.0.1:9999/debian sid/main amd64 libmagic-mgc amd64 1:5.34-2 [239 kB]
Get:33 http://127.0.0.1:9999/debian sid/main amd64 libmagic1 amd64 1:5.34-2 [116 kB]
Get:34 http://127.0.0.1:9999/debian sid/main amd64 file amd64 1:5.34-2 [65.8 kB]
Get:35 http://127.0.0.1:9999/debian sid/main amd64 gettext-base amd64 0.19.8.1-9 [123 kB]
Get:36 http://127.0.0.1:9999/debian sid/main amd64 libsigsegv2 amd64 2.12-2 [32.8 kB]
Get:37 http://127.0.0.1:9999/debian sid/main amd64 m4 amd64 1.4.18-2 [203 kB]
Get:38 http://127.0.0.1:9999/debian sid/main amd64 autoconf all 2.69-11 [341 kB]
Get:39 http://127.0.0.1:9999/debian sid/main amd64 autotools-dev all 20180224.1 [77.0 kB]
Get:40 http://127.0.0.1:9999/debian sid/main amd64 automake all 1:1.16.1-4 [771 kB]
Get:41 http://127.0.0.1:9999/debian sid/main amd64 autopoint all 0.19.8.1-9 [434 kB]
Get:42 http://127.0.0.1:9999/debian sid/main amd64 libtool all 2.4.6-6 [547 kB]
Get:43 http://127.0.0.1:9999/debian sid/main amd64 dh-autoreconf all 19 [16.9 kB]
Get:44 http://127.0.0.1:9999/debian sid/main amd64 libarchive-zip-perl all 1.64-1 [96.8 kB]
Get:45 http://127.0.0.1:9999/debian sid/main amd64 libfile-stripnondeterminism-perl all 1.0.0-1 [19.5 kB]
Get:46 http://127.0.0.1:9999/debian sid/main amd64 dh-strip-nondeterminism all 1.0.0-1 [12.5 kB]
Get:47 http://127.0.0.1:9999/debian sid/main amd64 libelf1 amd64 0.175-2 [160 kB]
Get:48 http://127.0.0.1:9999/debian sid/main amd64 dwz amd64 0.12-3 [78.0 kB]
Get:49 http://127.0.0.1:9999/debian sid/main amd64 libglib2.0-0 amd64 2.58.2-3 [1257 kB]
Get:50 http://127.0.0.1:9999/debian sid/main amd64 libicu63 amd64 63.1-5 [8293 kB]
Get:51 http://127.0.0.1:9999/debian sid/main amd64 libxml2 amd64 2.9.4+dfsg1-7+b3 [687 kB]
Get:52 http://127.0.0.1:9999/debian sid/main amd64 libcroco3 amd64 0.6.12-3 [145 kB]
Get:53 http://127.0.0.1:9999/debian sid/main amd64 libncurses6 amd64 6.1+20181013-1 [102 kB]
Get:54 http://127.0.0.1:9999/debian sid/main amd64 gettext amd64 0.19.8.1-9 [1303 kB]
Get:55 http://127.0.0.1:9999/debian sid/main amd64 intltool-debian all 0.35.0+20060710.4 [26.3 kB]
Get:56 http://127.0.0.1:9999/debian sid/main amd64 po-debconf all 1.0.21 [248 kB]
Get:57 http://127.0.0.1:9999/debian sid/main amd64 debhelper all 12 [1002 kB]
Get:58 http://127.0.0.1:9999/debian sid/main amd64 python3-lib2to3 all 3.7.2-2 [76.6 kB]
Get:59 http://127.0.0.1:9999/debian sid/main amd64 python3-distutils all 3.7.2-2 [142 kB]
Get:60 http://127.0.0.1:9999/debian sid/main amd64 dh-python all 3.20180927 [95.8 kB]
Get:61 http://127.0.0.1:9999/debian sid/main amd64 libconfig++9v5 amd64 1.5-0.4 [40.0 kB]
Get:62 http://127.0.0.1:9999/debian sid/main amd64 libconfig9 amd64 1.5-0.4 [29.9 kB]
Get:63 http://127.0.0.1:9999/debian sid/main amd64 pkg-config amd64 0.29-4+b1 [63.3 kB]
Get:64 http://127.0.0.1:9999/debian sid/main amd64 libconfig-dev amd64 1.5-0.4 [60.8 kB]
Get:65 http://127.0.0.1:9999/debian sid/main amd64 libconfig++-dev amd64 1.5-0.4 [44.1 kB]
Get:66 http://127.0.0.1:9999/debian sid/main amd64 libexpat1-dev amd64 2.2.6-1 [152 kB]
Get:67 http://127.0.0.1:9999/debian sid/main amd64 libpsocksxx0 amd64 1.1.1-1 [19.9 kB]
Get:68 http://127.0.0.1:9999/debian sid/main amd64 libpsocksxx-dev amd64 1.1.1-1 [11.1 kB]
Get:69 http://127.0.0.1:9999/debian sid/main amd64 libpython2.7 amd64 2.7.15-5 [1035 kB]
Get:70 http://127.0.0.1:9999/debian sid/main amd64 libpython2.7-dev amd64 2.7.15-5 [31.5 MB]
Get:71 http://127.0.0.1:9999/debian sid/main amd64 libpython2-dev amd64 2.7.15-3 [20.8 kB]
Get:72 http://127.0.0.1:9999/debian sid/main amd64 libpython-dev amd64 2.7.15-3 [20.8 kB]
Get:73 http://127.0.0.1:9999/debian sid/main amd64 libspdlog-dev amd64 1:1.2.1-1 [166 kB]
Get:74 http://127.0.0.1:9999/debian sid/main amd64 python2.7-dev amd64 2.7.15-5 [291 kB]
Get:75 http://127.0.0.1:9999/debian sid/main amd64 python2-dev amd64 2.7.15-3 [1212 B]
Get:76 http://127.0.0.1:9999/debian sid/main amd64 python-dev amd64 2.7.15-3 [1192 B]
debconf: delaying package configuration, since apt-utils is not installed
Fetched 63.9 MB in 2s (41.4 MB/s)
Selecting previously unselected package bsdmainutils.
(Reading database ... 12592 files and directories currently installed.)
Preparing to unpack .../00-bsdmainutils_11.1.2+b1_amd64.deb ...
Unpacking bsdmainutils (11.1.2+b1) ...
Selecting previously unselected package libuchardet0:amd64.
Preparing to unpack .../01-libuchardet0_0.0.6-3_amd64.deb ...
Unpacking libuchardet0:amd64 (0.0.6-3) ...
Selecting previously unselected package groff-base.
Preparing to unpack .../02-groff-base_1.22.4-2_amd64.deb ...
Unpacking groff-base (1.22.4-2) ...
Selecting previously unselected package libpipeline1:amd64.
Preparing to unpack .../03-libpipeline1_1.5.0-2_amd64.deb ...
Unpacking libpipeline1:amd64 (1.5.0-2) ...
Selecting previously unselected package man-db.
Preparing to unpack .../04-man-db_2.8.5-1_amd64.deb ...
Unpacking man-db (2.8.5-1) ...
Selecting previously unselected package libpython2.7-minimal:amd64.
Preparing to unpack .../05-libpython2.7-minimal_2.7.15-5_amd64.deb ...
Unpacking libpython2.7-minimal:amd64 (2.7.15-5) ...
Selecting previously unselected package python2.7-minimal.
Preparing to unpack .../06-python2.7-minimal_2.7.15-5_amd64.deb ...
Unpacking python2.7-minimal (2.7.15-5) ...
Selecting previously unselected package python2-minimal.
Preparing to unpack .../07-python2-minimal_2.7.15-3_amd64.deb ...
Unpacking python2-minimal (2.7.15-3) ...
Selecting previously unselected package python-minimal.
Preparing to unpack .../08-python-minimal_2.7.15-3_amd64.deb ...
Unpacking python-minimal (2.7.15-3) ...
Selecting previously unselected package mime-support.
Preparing to unpack .../09-mime-support_3.61_all.deb ...
Unpacking mime-support (3.61) ...
Selecting previously unselected package libexpat1:amd64.
Preparing to unpack .../10-libexpat1_2.2.6-1_amd64.deb ...
Unpacking libexpat1:amd64 (2.2.6-1) ...
Selecting previously unselected package readline-common.
Preparing to unpack .../11-readline-common_7.0-5_all.deb ...
Unpacking readline-common (7.0-5) ...
Selecting previously unselected package libreadline7:amd64.
Preparing to unpack .../12-libreadline7_7.0-5_amd64.deb ...
Unpacking libreadline7:amd64 (7.0-5) ...
Selecting previously unselected package libsqlite3-0:amd64.
Preparing to unpack .../13-libsqlite3-0_3.26.0+fossilbc891ac6b-1_amd64.deb ...
Unpacking libsqlite3-0:amd64 (3.26.0+fossilbc891ac6b-1) ...
Selecting previously unselected package libssl1.1:amd64.
Preparing to unpack .../14-libssl1.1_1.1.1a-1_amd64.deb ...
Unpacking libssl1.1:amd64 (1.1.1a-1) ...
Selecting previously unselected package libpython2.7-stdlib:amd64.
Preparing to unpack .../15-libpython2.7-stdlib_2.7.15-5_amd64.deb ...
Unpacking libpython2.7-stdlib:amd64 (2.7.15-5) ...
Selecting previously unselected package python2.7.
Preparing to unpack .../16-python2.7_2.7.15-5_amd64.deb ...
Unpacking python2.7 (2.7.15-5) ...
Selecting previously unselected package libpython2-stdlib:amd64.
Preparing to unpack .../17-libpython2-stdlib_2.7.15-3_amd64.deb ...
Unpacking libpython2-stdlib:amd64 (2.7.15-3) ...
Selecting previously unselected package libpython-stdlib:amd64.
Preparing to unpack .../18-libpython-stdlib_2.7.15-3_amd64.deb ...
Unpacking libpython-stdlib:amd64 (2.7.15-3) ...
Setting up libpython2.7-minimal:amd64 (2.7.15-5) ...
Setting up python2.7-minimal (2.7.15-5) ...
Setting up python2-minimal (2.7.15-3) ...
Selecting previously unselected package python2.
(Reading database ... 14057 files and directories currently installed.)
Preparing to unpack .../python2_2.7.15-3_amd64.deb ...
Unpacking python2 (2.7.15-3) ...
Setting up python-minimal (2.7.15-3) ...
Selecting previously unselected package python.
(Reading database ... 14090 files and directories currently installed.)
Preparing to unpack .../python_2.7.15-3_amd64.deb ...
Unpacking python (2.7.15-3) ...
Selecting previously unselected package libpython3.7-minimal:amd64.
Preparing to unpack .../libpython3.7-minimal_3.7.2-1_amd64.deb ...
Unpacking libpython3.7-minimal:amd64 (3.7.2-1) ...
Selecting previously unselected package python3.7-minimal.
Preparing to unpack .../python3.7-minimal_3.7.2-1_amd64.deb ...
Unpacking python3.7-minimal (3.7.2-1) ...
Setting up libssl1.1:amd64 (1.1.1a-1) ...
Setting up libpython3.7-minimal:amd64 (3.7.2-1) ...
Setting up libexpat1:amd64 (2.2.6-1) ...
Setting up python3.7-minimal (3.7.2-1) ...
Selecting previously unselected package python3-minimal.
(Reading database ... 14344 files and directories currently installed.)
Preparing to unpack .../python3-minimal_3.7.1-3_amd64.deb ...
Unpacking python3-minimal (3.7.1-3) ...
Selecting previously unselected package libmpdec2:amd64.
Preparing to unpack .../libmpdec2_2.4.2-2_amd64.deb ...
Unpacking libmpdec2:amd64 (2.4.2-2) ...
Selecting previously unselected package libpython3.7-stdlib:amd64.
Preparing to unpack .../libpython3.7-stdlib_3.7.2-1_amd64.deb ...
Unpacking libpython3.7-stdlib:amd64 (3.7.2-1) ...
Selecting previously unselected package python3.7.
Preparing to unpack .../python3.7_3.7.2-1_amd64.deb ...
Unpacking python3.7 (3.7.2-1) ...
Selecting previously unselected package libpython3-stdlib:amd64.
Preparing to unpack .../libpython3-stdlib_3.7.1-3_amd64.deb ...
Unpacking libpython3-stdlib:amd64 (3.7.1-3) ...
Setting up python3-minimal (3.7.1-3) ...
Selecting previously unselected package python3.
(Reading database ... 14753 files and directories currently installed.)
Preparing to unpack .../00-python3_3.7.1-3_amd64.deb ...
Unpacking python3 (3.7.1-3) ...
Selecting previously unselected package sensible-utils.
Preparing to unpack .../01-sensible-utils_0.0.12_all.deb ...
Unpacking sensible-utils (0.0.12) ...
Selecting previously unselected package libmagic-mgc.
Preparing to unpack .../02-libmagic-mgc_1%3a5.34-2_amd64.deb ...
Unpacking libmagic-mgc (1:5.34-2) ...
Selecting previously unselected package libmagic1:amd64.
Preparing to unpack .../03-libmagic1_1%3a5.34-2_amd64.deb ...
Unpacking libmagic1:amd64 (1:5.34-2) ...
Selecting previously unselected package file.
Preparing to unpack .../04-file_1%3a5.34-2_amd64.deb ...
Unpacking file (1:5.34-2) ...
Selecting previously unselected package gettext-base.
Preparing to unpack .../05-gettext-base_0.19.8.1-9_amd64.deb ...
Unpacking gettext-base (0.19.8.1-9) ...
Selecting previously unselected package libsigsegv2:amd64.
Preparing to unpack .../06-libsigsegv2_2.12-2_amd64.deb ...
Unpacking libsigsegv2:amd64 (2.12-2) ...
Selecting previously unselected package m4.
Preparing to unpack .../07-m4_1.4.18-2_amd64.deb ...
Unpacking m4 (1.4.18-2) ...
Selecting previously unselected package autoconf.
Preparing to unpack .../08-autoconf_2.69-11_all.deb ...
Unpacking autoconf (2.69-11) ...
Selecting previously unselected package autotools-dev.
Preparing to unpack .../09-autotools-dev_20180224.1_all.deb ...
Unpacking autotools-dev (20180224.1) ...
Selecting previously unselected package automake.
Preparing to unpack .../10-automake_1%3a1.16.1-4_all.deb ...
Unpacking automake (1:1.16.1-4) ...
Selecting previously unselected package autopoint.
Preparing to unpack .../11-autopoint_0.19.8.1-9_all.deb ...
Unpacking autopoint (0.19.8.1-9) ...
Selecting previously unselected package libtool.
Preparing to unpack .../12-libtool_2.4.6-6_all.deb ...
Unpacking libtool (2.4.6-6) ...
Selecting previously unselected package dh-autoreconf.
Preparing to unpack .../13-dh-autoreconf_19_all.deb ...
Unpacking dh-autoreconf (19) ...
Selecting previously unselected package libarchive-zip-perl.
Preparing to unpack .../14-libarchive-zip-perl_1.64-1_all.deb ...
Unpacking libarchive-zip-perl (1.64-1) ...
Selecting previously unselected package libfile-stripnondeterminism-perl.
Preparing to unpack .../15-libfile-stripnondeterminism-perl_1.0.0-1_all.deb ...
Unpacking libfile-stripnondeterminism-perl (1.0.0-1) ...
Selecting previously unselected package dh-strip-nondeterminism.
Preparing to unpack .../16-dh-strip-nondeterminism_1.0.0-1_all.deb ...
Unpacking dh-strip-nondeterminism (1.0.0-1) ...
Selecting previously unselected package libelf1:amd64.
Preparing to unpack .../17-libelf1_0.175-2_amd64.deb ...
Unpacking libelf1:amd64 (0.175-2) ...
Selecting previously unselected package dwz.
Preparing to unpack .../18-dwz_0.12-3_amd64.deb ...
Unpacking dwz (0.12-3) ...
Selecting previously unselected package libglib2.0-0:amd64.
Preparing to unpack .../19-libglib2.0-0_2.58.2-3_amd64.deb ...
Unpacking libglib2.0-0:amd64 (2.58.2-3) ...
Selecting previously unselected package libicu63:amd64.
Preparing to unpack .../20-libicu63_63.1-5_amd64.deb ...
Unpacking libicu63:amd64 (63.1-5) ...
Selecting previously unselected package libxml2:amd64.
Preparing to unpack .../21-libxml2_2.9.4+dfsg1-7+b3_amd64.deb ...
Unpacking libxml2:amd64 (2.9.4+dfsg1-7+b3) ...
Selecting previously unselected package libcroco3:amd64.
Preparing to unpack .../22-libcroco3_0.6.12-3_amd64.deb ...
Unpacking libcroco3:amd64 (0.6.12-3) ...
Selecting previously unselected package libncurses6:amd64.
Preparing to unpack .../23-libncurses6_6.1+20181013-1_amd64.deb ...
Unpacking libncurses6:amd64 (6.1+20181013-1) ...
Selecting previously unselected package gettext.
Preparing to unpack .../24-gettext_0.19.8.1-9_amd64.deb ...
Unpacking gettext (0.19.8.1-9) ...
Selecting previously unselected package intltool-debian.
Preparing to unpack .../25-intltool-debian_0.35.0+20060710.4_all.deb ...
Unpacking intltool-debian (0.35.0+20060710.4) ...
Selecting previously unselected package po-debconf.
Preparing to unpack .../26-po-debconf_1.0.21_all.deb ...
Unpacking po-debconf (1.0.21) ...
Selecting previously unselected package debhelper.
Preparing to unpack .../27-debhelper_12_all.deb ...
Unpacking debhelper (12) ...
Selecting previously unselected package python3-lib2to3.
Preparing to unpack .../28-python3-lib2to3_3.7.2-2_all.deb ...
Unpacking python3-lib2to3 (3.7.2-2) ...
Selecting previously unselected package python3-distutils.
Preparing to unpack .../29-python3-distutils_3.7.2-2_all.deb ...
Unpacking python3-distutils (3.7.2-2) ...
Selecting previously unselected package dh-python.
Preparing to unpack .../30-dh-python_3.20180927_all.deb ...
Unpacking dh-python (3.20180927) ...
Selecting previously unselected package libconfig++9v5:amd64.
Preparing to unpack .../31-libconfig++9v5_1.5-0.4_amd64.deb ...
Unpacking libconfig++9v5:amd64 (1.5-0.4) ...
Selecting previously unselected package libconfig9:amd64.
Preparing to unpack .../32-libconfig9_1.5-0.4_amd64.deb ...
Unpacking libconfig9:amd64 (1.5-0.4) ...
Selecting previously unselected package pkg-config.
Preparing to unpack .../33-pkg-config_0.29-4+b1_amd64.deb ...
Unpacking pkg-config (0.29-4+b1) ...
Selecting previously unselected package libconfig-dev:amd64.
Preparing to unpack .../34-libconfig-dev_1.5-0.4_amd64.deb ...
Unpacking libconfig-dev:amd64 (1.5-0.4) ...
Selecting previously unselected package libconfig++-dev:amd64.
Preparing to unpack .../35-libconfig++-dev_1.5-0.4_amd64.deb ...
Unpacking libconfig++-dev:amd64 (1.5-0.4) ...
Selecting previously unselected package libexpat1-dev:amd64.
Preparing to unpack .../36-libexpat1-dev_2.2.6-1_amd64.deb ...
Unpacking libexpat1-dev:amd64 (2.2.6-1) ...
Selecting previously unselected package libpsocksxx0:amd64.
Preparing to unpack .../37-libpsocksxx0_1.1.1-1_amd64.deb ...
Unpacking libpsocksxx0:amd64 (1.1.1-1) ...
Selecting previously unselected package libpsocksxx-dev:amd64.
Preparing to unpack .../38-libpsocksxx-dev_1.1.1-1_amd64.deb ...
Unpacking libpsocksxx-dev:amd64 (1.1.1-1) ...
Selecting previously unselected package libpython2.7:amd64.
Preparing to unpack .../39-libpython2.7_2.7.15-5_amd64.deb ...
Unpacking libpython2.7:amd64 (2.7.15-5) ...
Selecting previously unselected package libpython2.7-dev:amd64.
Preparing to unpack .../40-libpython2.7-dev_2.7.15-5_amd64.deb ...
Unpacking libpython2.7-dev:amd64 (2.7.15-5) ...
Selecting previously unselected package libpython2-dev:amd64.
Preparing to unpack .../41-libpython2-dev_2.7.15-3_amd64.deb ...
Unpacking libpython2-dev:amd64 (2.7.15-3) ...
Selecting previously unselected package libpython-dev:amd64.
Preparing to unpack .../42-libpython-dev_2.7.15-3_amd64.deb ...
Unpacking libpython-dev:amd64 (2.7.15-3) ...
Selecting previously unselected package libspdlog-dev.
Preparing to unpack .../43-libspdlog-dev_1%3a1.2.1-1_amd64.deb ...
Unpacking libspdlog-dev (1:1.2.1-1) ...
Selecting previously unselected package python2.7-dev.
Preparing to unpack .../44-python2.7-dev_2.7.15-5_amd64.deb ...
Unpacking python2.7-dev (2.7.15-5) ...
Selecting previously unselected package python2-dev.
Preparing to unpack .../45-python2-dev_2.7.15-3_amd64.deb ...
Unpacking python2-dev (2.7.15-3) ...
Selecting previously unselected package python-dev.
Preparing to unpack .../46-python-dev_2.7.15-3_amd64.deb ...
Unpacking python-dev (2.7.15-3) ...
Selecting previously unselected package sbuild-build-depends-bitz-server-dummy.
Preparing to unpack .../47-sbuild-build-depends-bitz-server-dummy_0.invalid.0_amd64.deb ...
Unpacking sbuild-build-depends-bitz-server-dummy (0.invalid.0) ...
Setting up readline-common (7.0-5) ...
Setting up libarchive-zip-perl (1.64-1) ...
Setting up mime-support (3.61) ...
Setting up libicu63:amd64 (63.1-5) ...
Setting up libsigsegv2:amd64 (2.12-2) ...
Setting up libreadline7:amd64 (7.0-5) ...
Setting up libelf1:amd64 (0.175-2) ...
Setting up libglib2.0-0:amd64 (2.58.2-3) ...
No schema files found: doing nothing.
Setting up libconfig++9v5:amd64 (1.5-0.4) ...
Setting up gettext-base (0.19.8.1-9) ...
Setting up libpipeline1:amd64 (1.5.0-2) ...
Setting up libconfig9:amd64 (1.5-0.4) ...
Setting up m4 (1.4.18-2) ...
Setting up libxml2:amd64 (2.9.4+dfsg1-7+b3) ...
Setting up libuchardet0:amd64 (0.0.6-3) ...
Setting up libmagic-mgc (1:5.34-2) ...
Setting up libmagic1:amd64 (1:5.34-2) ...
Setting up libcroco3:amd64 (0.6.12-3) ...
Setting up pkg-config (0.29-4+b1) ...
Setting up sensible-utils (0.0.12) ...
Setting up libpsocksxx0:amd64 (1.1.1-1) ...
Processing triggers for libc-bin (2.28-4) ...
Setting up libspdlog-dev (1:1.2.1-1) ...
Setting up dwz (0.12-3) ...
Setting up autotools-dev (20180224.1) ...
Setting up libsqlite3-0:amd64 (3.26.0+fossilbc891ac6b-1) ...
Setting up libexpat1-dev:amd64 (2.2.6-1) ...
Setting up libconfig-dev:amd64 (1.5-0.4) ...
Setting up bsdmainutils (11.1.2+b1) ...
update-alternatives: using /usr/bin/bsd-write to provide /usr/bin/write (write) in auto mode
update-alternatives: using /usr/bin/bsd-from to provide /usr/bin/from (from) in auto mode
Setting up libncurses6:amd64 (6.1+20181013-1) ...
Setting up libpython2.7-stdlib:amd64 (2.7.15-5) ...
Setting up autopoint (0.19.8.1-9) ...
Setting up libmpdec2:amd64 (2.4.2-2) ...
Setting up libfile-stripnondeterminism-perl (1.0.0-1) ...
Setting up libpython3.7-stdlib:amd64 (3.7.2-1) ...
Setting up gettext (0.19.8.1-9) ...
Setting up groff-base (1.22.4-2) ...
Setting up python2.7 (2.7.15-5) ...
Setting up libconfig++-dev:amd64 (1.5-0.4) ...
Setting up python3.7 (3.7.2-1) ...
Setting up autoconf (2.69-11) ...
Setting up file (1:5.34-2) ...
Setting up libpsocksxx-dev:amd64 (1.1.1-1) ...
Setting up intltool-debian (0.35.0+20060710.4) ...
Setting up libpython2.7:amd64 (2.7.15-5) ...
Setting up automake (1:1.16.1-4) ...
update-alternatives: using /usr/bin/automake-1.16 to provide /usr/bin/automake (automake) in auto mode
Setting up man-db (2.8.5-1) ...
Not building database; man-db/auto-update is not 'true'.
Setting up libpython2-stdlib:amd64 (2.7.15-3) ...
Setting up libpython2.7-dev:amd64 (2.7.15-5) ...
Setting up python2.7-dev (2.7.15-5) ...
Setting up libtool (2.4.6-6) ...
Setting up libpython3-stdlib:amd64 (3.7.1-3) ...
Setting up po-debconf (1.0.21) ...
Setting up python3 (3.7.1-3) ...
Setting up python2 (2.7.15-3) ...
Setting up libpython2-dev:amd64 (2.7.15-3) ...
Setting up libpython-stdlib:amd64 (2.7.15-3) ...
Setting up python2-dev (2.7.15-3) ...
Setting up python3-lib2to3 (3.7.2-2) ...
Setting up python3-distutils (3.7.2-2) ...
Setting up python (2.7.15-3) ...
Setting up libpython-dev:amd64 (2.7.15-3) ...
Setting up python-dev (2.7.15-3) ...
Setting up dh-python (3.20180927) ...
Setting up debhelper (12) ...
Setting up dh-autoreconf (19) ...
Setting up dh-strip-nondeterminism (1.0.0-1) ...
Setting up sbuild-build-depends-bitz-server-dummy (0.invalid.0) ...
Processing triggers for libc-bin (2.28-4) ...

+------------------------------------------------------------------------------+
| Build environment                                                            |
+------------------------------------------------------------------------------+

Kernel: Linux 4.9.0-8-amd64 amd64 (x86_64)
Toolchain package versions: binutils_2.31.1-11 dpkg-dev_1.19.2 g++-8_8.2.0-14 gcc-8_8.2.0-14 libc6-dev_2.28-4 libstdc++-8-dev_8.2.0-14 libstdc++6_8.2.0-14 linux-libc-dev_4.19.13-1
Package versions: adduser_3.118 apt_1.8.0~alpha3 autoconf_2.69-11 automake_1:1.16.1-4 autopoint_0.19.8.1-9 autotools-dev_20180224.1 base-files_10.1 base-passwd_3.5.45 bash_4.4.18-3.1 binutils_2.31.1-11 binutils-common_2.31.1-11 binutils-x86-64-linux-gnu_2.31.1-11 bsdmainutils_11.1.2+b1 bsdutils_1:2.33-0.2 build-essential_12.5 bzip2_1.0.6-9 clang-8_1:8~svn350193-1~exp1 coreutils_8.30-1 cpp_4:8.2.0-2 cpp-8_8.2.0-14 dash_0.5.10.2-4 debconf_1.5.69 debhelper_12 debian-archive-keyring_2018.1 debianutils_4.8.6 dh-autoreconf_19 dh-python_3.20180927 dh-strip-nondeterminism_1.0.0-1 diffutils_1:3.6-1 dpkg_1.19.2 dpkg-dev_1.19.2 dwz_0.12-3 e2fsprogs_1.44.5-1 fakeroot_1.23-1 fdisk_2.33-0.2 file_1:5.34-2 findutils_4.6.0+git+20181018-1 g++_4:8.2.0-2 g++-8_8.2.0-14 gcc_4:8.2.0-2 gcc-8_8.2.0-14 gcc-8-base_8.2.0-14 gettext_0.19.8.1-9 gettext-base_0.19.8.1-9 gpgv_2.2.12-1 grep_3.3-1 groff-base_1.22.4-2 gzip_1.9-3 hostname_3.21 init-system-helpers_1.56+nmu1 intltool-debian_0.35.0+20060710.4 lib32gcc1_1:8.2.0-14 lib32stdc++6_8.2.0-14 libacl1_2.2.52-3+b1 libapt-pkg5.0_1.8.0~alpha3 libarchive-zip-perl_1.64-1 libasan5_8.2.0-14 libatomic1_8.2.0-14 libattr1_1:2.4.47-2+b2 libaudit-common_1:2.8.4-2 libaudit1_1:2.8.4-2 libbinutils_2.31.1-11 libblkid1_2.33-0.2 libbsd0_0.9.1-1 libbz2-1.0_1.0.6-9 libc-bin_2.28-4 libc-dev-bin_2.28-4 libc6_2.28-4 libc6-dev_2.28-4 libc6-i386_2.28-4 libcap-ng0_0.7.9-1+b1 libcc1-0_8.2.0-14 libclang-common-8-dev_1:8~svn350193-1~exp1 libclang1-8_1:8~svn350193-1~exp1 libcom-err2_1.44.5-1 libconfig++-dev_1.5-0.4 libconfig++9v5_1.5-0.4 libconfig-dev_1.5-0.4 libconfig9_1.5-0.4 libcroco3_0.6.12-3 libdb5.3_5.3.28+dfsg1-0.2 libdebconfclient0_0.246 libdpkg-perl_1.19.2 libedit2_3.1-20181209-1 libelf1_0.175-2 libexpat1_2.2.6-1 libexpat1-dev_2.2.6-1 libext2fs2_1.44.5-1 libfakeroot_1.23-1 libfdisk1_2.33-0.2 libffi6_3.2.1-9 libfile-stripnondeterminism-perl_1.0.0-1 libgc1c2_1:7.6.4-0.4 libgcc-8-dev_8.2.0-14 libgcc1_1:8.2.0-14 libgcrypt20_1.8.4-4 libgdbm-compat4_1.18.1-2 libgdbm6_1.18.1-2 libglib2.0-0_2.58.2-3 libgmp10_2:6.1.2+dfsg-4 libgnutls30_3.6.5-2 libgomp1_8.2.0-14 libgpg-error0_1.33-3 libhogweed4_3.4.1~rc1-1 libicu63_63.1-5 libidn2-0_2.0.5-1 libisl19_0.20-2 libitm1_8.2.0-14 libllvm8_1:8~svn350193-1~exp1 liblsan0_8.2.0-14 liblz4-1_1.8.3-1 liblzma5_5.2.2-1.3 libmagic-mgc_1:5.34-2 libmagic1_1:5.34-2 libmount1_2.33-0.2 libmpc3_1.1.0-1 libmpdec2_2.4.2-2 libmpfr6_4.0.2~rc1-1 libmpx2_8.2.0-14 libncurses6_6.1+20181013-1 libncursesw6_6.1+20181013-1 libnettle6_3.4.1~rc1-1 libobjc-8-dev_8.2.0-14 libobjc4_8.2.0-14 libomp-8-dev_1:8~svn350193-1~exp1 libomp5-8_1:8~svn350193-1~exp1 libp11-kit0_0.23.14-2 libpam-modules_1.1.8-4 libpam-modules-bin_1.1.8-4 libpam-runtime_1.1.8-4 libpam0g_1.1.8-4 libpcre3_2:8.39-11 libperl5.28_5.28.1-3 libpipeline1_1.5.0-2 libpsocksxx-dev_1.1.1-1 libpsocksxx0_1.1.1-1 libpython-dev_2.7.15-3 libpython-stdlib_2.7.15-3 libpython2-dev_2.7.15-3 libpython2-stdlib_2.7.15-3 libpython2.7_2.7.15-5 libpython2.7-dev_2.7.15-5 libpython2.7-minimal_2.7.15-5 libpython2.7-stdlib_2.7.15-5 libpython3-stdlib_3.7.1-3 libpython3.7-minimal_3.7.2-1 libpython3.7-stdlib_3.7.2-1 libquadmath0_8.2.0-14 libreadline7_7.0-5 libseccomp2_2.3.3-3 libselinux1_2.8-1+b1 libsemanage-common_2.8-2 libsemanage1_2.8-2 libsepol1_2.8-1 libsigsegv2_2.12-2 libsmartcols1_2.33-0.2 libspdlog-dev_1:1.2.1-1 libsqlite3-0_3.26.0+fossilbc891ac6b-1 libss2_1.44.5-1 libssl1.1_1.1.1a-1 libstdc++-8-dev_8.2.0-14 libstdc++6_8.2.0-14 libsystemd0_240-2 libtasn1-6_4.13-3 libtinfo6_6.1+20181013-1 libtool_2.4.6-6 libtsan0_8.2.0-14 libubsan1_8.2.0-14 libuchardet0_0.0.6-3 libudev1_240-2 libunistring2_0.9.10-1 libuuid1_2.33-0.2 libxml2_2.9.4+dfsg1-7+b3 libzstd1_1.3.8+dfsg-3 linux-libc-dev_4.19.13-1 login_1:4.5-1.1 m4_1.4.18-2 make_4.2.1-1.2 man-db_2.8.5-1 mawk_1.3.3-17+b3 mime-support_3.61 mount_2.33-0.2 ncurses-base_6.1+20181013-1 ncurses-bin_6.1+20181013-1 passwd_1:4.5-1.1 patch_2.7.6-3 perl_5.28.1-3 perl-base_5.28.1-3 perl-modules-5.28_5.28.1-3 pkg-config_0.29-4+b1 po-debconf_1.0.21 python_2.7.15-3 python-dev_2.7.15-3 python-minimal_2.7.15-3 python2_2.7.15-3 python2-dev_2.7.15-3 python2-minimal_2.7.15-3 python2.7_2.7.15-5 python2.7-dev_2.7.15-5 python2.7-minimal_2.7.15-5 python3_3.7.1-3 python3-distutils_3.7.2-2 python3-lib2to3_3.7.2-2 python3-minimal_3.7.1-3 python3.7_3.7.2-1 python3.7-minimal_3.7.2-1 readline-common_7.0-5 sbuild-build-depends-bitz-server-dummy_0.invalid.0 sbuild-build-depends-core-dummy_0.invalid.0 sed_4.7-1 sensible-utils_0.0.12 sysvinit-utils_2.93-3 tar_1.30+dfsg-4 tzdata_2018i-1 util-linux_2.33-0.2 xz-utils_5.2.2-1.3 zlib1g_1:1.2.11.dfsg-1

+------------------------------------------------------------------------------+
| Build                                                                        |
+------------------------------------------------------------------------------+


Unpack source
-------------

gpgv: unknown type of key resource 'trustedkeys.kbx'
gpgv: keyblock resource '/sbuild-nonexistent/.gnupg/trustedkeys.kbx': General error
gpgv: Signature made Sun Aug  5 11:47:45 2018 UTC
gpgv:                using RSA key 6E2261AF92C150918518F94255256F28AC60611A
gpgv: Can't check signature: No public key
dpkg-source: warning: failed to verify signature on ./bitz-server_2.0.1-1.dsc
dpkg-source: info: extracting bitz-server in /<<PKGBUILDDIR>>
dpkg-source: info: unpacking bitz-server_2.0.1.orig.tar.gz
dpkg-source: info: unpacking bitz-server_2.0.1-1.debian.tar.xz
dpkg-source: info: using patch list from debian/patches/series
dpkg-source: info: applying 0001-disable_search_doc.patch

Check disk space
----------------

Sufficient free space for build

User Environment
----------------

APT_CONFIG=/var/lib/sbuild/apt.conf
HOME=/sbuild-nonexistent
LANG=en_US.UTF-8
LC_ALL=POSIX
LOGNAME=user42
PATH=/usr/local/sbin:/usr/local/bin:/usr/sbin:/usr/bin:/sbin:/bin:/usr/games
SCHROOT_ALIAS_NAME=unstable
SCHROOT_CHROOT_NAME=sid-amd64-sbuild
SCHROOT_COMMAND=env
SCHROOT_GID=1001
SCHROOT_GROUP=user42
SCHROOT_SESSION_ID=sid-amd64-sbuild-fdfec5c2-1bee-4ffe-9147-67de5b745eeb
SCHROOT_UID=1001
SCHROOT_USER=user42
SHELL=/bin/sh
USER=user42

dpkg-buildpackage
-----------------

dpkg-buildpackage: info: source package bitz-server
dpkg-buildpackage: info: source version 2.0.1-1
dpkg-buildpackage: info: source distribution unstable
dpkg-buildpackage: info: source changed by Jrg Frings-Frst <debian@jff.email>
 dpkg-source --before-build .
dpkg-buildpackage: info: host architecture amd64
 fakeroot debian/rules clean
dh clean
   dh_clean
 debian/rules build-arch
dh build-arch
   dh_update_autotools_config -a
   dh_autoreconf -a
aclocal: warning: couldn't open directory 'aux-build/m4': No such file or directory
libtoolize: putting auxiliary files in AC_CONFIG_AUX_DIR, 'aux-build'.
libtoolize: copying file 'aux-build/ltmain.sh'
libtoolize: putting macros in AC_CONFIG_MACRO_DIRS, 'aux-build/m4'.
libtoolize: copying file 'aux-build/m4/libtool.m4'
libtoolize: copying file 'aux-build/m4/ltoptions.m4'
libtoolize: copying file 'aux-build/m4/ltsugar.m4'
libtoolize: copying file 'aux-build/m4/ltversion.m4'
libtoolize: copying file 'aux-build/m4/lt~obsolete.m4'
configure.ac:41: installing 'aux-build/compile'
configure.ac:41: installing 'aux-build/config.guess'
configure.ac:41: installing 'aux-build/config.sub'
configure.ac:40: installing 'aux-build/install-sh'
configure.ac:40: installing 'aux-build/missing'
lib/icap/Makefile.am: installing 'aux-build/depcomp'
   dh_auto_configure -a
	./configure --build=x86_64-linux-gnu --prefix=/usr --includedir=\${prefix}/include --mandir=\${prefix}/share/man --infodir=\${prefix}/share/info --sysconfdir=/etc --localstatedir=/var --disable-silent-rules --libdir=\${prefix}/lib/x86_64-linux-gnu --libexecdir=\${prefix}/lib/x86_64-linux-gnu --runstatedir=/run --disable-maintainer-mode --disable-dependency-tracking
configure: WARNING: unrecognized options: --disable-maintainer-mode
checking for a BSD-compatible install... /usr/bin/install -c
checking whether build environment is sane... yes
checking for a thread-safe mkdir -p... /bin/mkdir -p
checking for gawk... no
checking for mawk... mawk
checking whether make sets $(MAKE)... yes
checking whether make supports nested variables... yes
checking build system type... x86_64-pc-linux-gnu
checking host system type... x86_64-pc-linux-gnu
checking how to print strings... printf
checking whether make supports the include directive... yes (GNU style)
checking for gcc... gcc
checking whether the C compiler works... yes
checking for C compiler default output file name... a.out
checking for suffix of executables... 
checking whether we are cross compiling... no
checking for suffix of object files... o
checking whether we are using the GNU C compiler... yes
checking whether gcc accepts -g... yes
checking for gcc option to accept ISO C89... none needed
checking whether gcc understands -c and -o together... yes
checking dependency style of gcc... none
checking for a sed that does not truncate output... /bin/sed
checking for grep that handles long lines and -e... /bin/grep
checking for egrep... /bin/grep -E
checking for fgrep... /bin/grep -F
checking for ld used by gcc... /usr/bin/ld
checking if the linker (/usr/bin/ld) is GNU ld... yes
checking for BSD- or MS-compatible name lister (nm)... /usr/bin/nm -B
checking the name lister (/usr/bin/nm -B) interface... BSD nm
checking whether ln -s works... yes
checking the maximum length of command line arguments... 1572864
checking how to convert x86_64-pc-linux-gnu file names to x86_64-pc-linux-gnu format... func_convert_file_noop
checking how to convert x86_64-pc-linux-gnu file names to toolchain format... func_convert_file_noop
checking for /usr/bin/ld option to reload object files... -r
checking for objdump... objdump
checking how to recognize dependent libraries... pass_all
checking for dlltool... no
checking how to associate runtime and link libraries... printf %s\n
checking for ar... ar
checking for archiver @FILE support... @
checking for strip... strip
checking for ranlib... ranlib
checking command to parse /usr/bin/nm -B output from gcc object... ok
checking for sysroot... no
checking for a working dd... /bin/dd
checking how to truncate binary pipes... /bin/dd bs=4096 count=1
checking for mt... no
checking if : is a manifest tool... no
checking how to run the C preprocessor... gcc -E
checking for ANSI C header files... yes
checking for sys/types.h... yes
checking for sys/stat.h... yes
checking for stdlib.h... yes
checking for string.h... yes
checking for memory.h... yes
checking for strings.h... yes
checking for inttypes.h... yes
checking for stdint.h... yes
checking for unistd.h... yes
checking for dlfcn.h... yes
checking for objdir... .libs
checking if gcc supports -fno-rtti -fno-exceptions... yes
checking for gcc option to produce PIC... -fPIC -DPIC
checking if gcc PIC flag -fPIC -DPIC works... yes
checking if gcc static flag -static works... no
checking if gcc supports -c -o file.o... yes
checking if gcc supports -c -o file.o... (cached) yes
checking whether the gcc linker (/usr/bin/ld -m elf_x86_64) supports shared libraries... yes
checking whether -lc should be explicitly linked in... no
checking dynamic linker characteristics... GNU/Linux ld.so
checking how to hardcode library paths into programs... immediate
checking whether stripping libraries is possible... yes
checking if libtool supports shared libraries... yes
checking whether to build shared libraries... yes
checking whether to build static libraries... yes
checking for g++... g++
checking whether we are using the GNU C++ compiler... yes
checking whether g++ accepts -g... yes
checking dependency style of g++... none
checking how to run the C++ preprocessor... g++ -E
checking for ld used by g++... /usr/bin/ld -m elf_x86_64
checking if the linker (/usr/bin/ld -m elf_x86_64) is GNU ld... yes
checking whether the g++ linker (/usr/bin/ld -m elf_x86_64) supports shared libraries... yes
checking for g++ option to produce PIC... -fPIC -DPIC
checking if g++ PIC flag -fPIC -DPIC works... yes
checking if g++ static flag -static works... no
checking if g++ supports -c -o file.o... yes
checking if g++ supports -c -o file.o... (cached) yes
checking whether the g++ linker (/usr/bin/ld -m elf_x86_64) supports shared libraries... yes
checking dynamic linker characteristics... (cached) GNU/Linux ld.so
checking how to hardcode library paths into programs... immediate
checking for gawk... (cached) mawk
checking for pkg-config... /usr/bin/pkg-config
checking pkg-config is at least version 0.9.0... yes
checking for libconfig... yes
checking for psocksxx... yes
checking for stdbool.h that conforms to C99... no
checking for _Bool... no
checking for inline... inline
checking for size_t... yes
checking for ptrdiff_t... yes
checking for error_at_line... yes
checking for pid_t... yes
checking vfork.h usability... no
checking vfork.h presence... no
checking for vfork.h... no
checking for fork... yes
checking for vfork... yes
checking for working fork... yes
checking for working vfork... (cached) yes
checking for gethostbyname... yes
checking for inet_ntoa... yes
checking for memmove... yes
checking for memset... yes
checking for select... yes
checking for socket... yes
checking for strchr... yes
checking for strerror... yes
checking for a Python interpreter with version >= 2.7... python
checking for python... /usr/bin/python
checking for python version... 2.7
checking for python platform... linux2
checking for python script directory... ${prefix}/lib/python2.7/dist-packages
checking for python extension module directory... ${exec_prefix}/lib/python2.7/dist-packages
checking for headers required to compile python extensions... Usage: /usr/bin/python-config --prefix|--exec-prefix|--includes|--libs|--cflags|--ldflags|--extension-suffix|--help|--configdir
found
checking for libraries required to embed python... yes
checking for doxygen... no
configure: WARNING: Doxygen not found - continuing without Doxygen support
checking that generated files are newer than configure... done
configure: creating ./config.status
config.status: creating Makefile
config.status: creating conf/Makefile
config.status: creating doc/doxygen.cfg
config.status: creating doc/Makefile
config.status: creating include/Makefile
config.status: creating lib/Makefile
config.status: creating lib/icap/Makefile
config.status: creating src/Makefile
config.status: creating modules/Makefile
config.status: creating modules/echo/Makefile
config.status: creating modules/modpy/Makefile
config.status: creating modules/modpy/modules/Makefile
config.status: creating include/config.h
config.status: executing depfiles commands
config.status: executing libtool commands
configure: WARNING: unrecognized options: --disable-maintainer-mode
   dh_auto_build -a
	make -j4
make[1]: Entering directory '/<<PKGBUILDDIR>>'
Making all in conf
make[2]: Entering directory '/<<PKGBUILDDIR>>/conf'
rm -f bitz-server.conf bitz-server.conf.tmp
srcdir=''; \
	test -f ./bitz-server.conf.in || srcdir=./; \
	sed -e 's|@sysconfdir[@]|/etc|g' -e 's|@localstatedir[@]|/var|g' -e 's|@pkglibdir[@]|/usr/lib/x86_64-linux-gnu/bitz-server|g' ${srcdir}bitz-server.conf.in >bitz-server.conf.tmp
chmod +r bitz-server.conf.tmp
chmod og-wx bitz-server.conf.tmp
mv bitz-server.conf.tmp bitz-server.conf
make[2]: Leaving directory '/<<PKGBUILDDIR>>/conf'
Making all in doc
make[2]: Entering directory '/<<PKGBUILDDIR>>/doc'
make[2]: Nothing to be done for 'all'.
make[2]: Leaving directory '/<<PKGBUILDDIR>>/doc'
Making all in include
make[2]: Entering directory '/<<PKGBUILDDIR>>/include'
make  all-am
make[3]: Entering directory '/<<PKGBUILDDIR>>/include'
make[3]: Leaving directory '/<<PKGBUILDDIR>>/include'
make[2]: Leaving directory '/<<PKGBUILDDIR>>/include'
Making all in lib
make[2]: Entering directory '/<<PKGBUILDDIR>>/lib'
Making all in icap
make[3]: Entering directory '/<<PKGBUILDDIR>>/lib/icap'
/bin/bash ../../libtool  --tag=CXX   --mode=compile g++ -DHAVE_CONFIG_H -I. -I../../include  -I../../lib  -Wdate-time -D_FORTIFY_SOURCE=2  -g -O2 -fdebug-prefix-map=/<<PKGBUILDDIR>>=. -fstack-protector-strong -Wformat -Werror=format-security -fPIE -c -o header.lo header.cpp
/bin/bash ../../libtool  --tag=CXX   --mode=compile g++ -DHAVE_CONFIG_H -I. -I../../include  -I../../lib  -Wdate-time -D_FORTIFY_SOURCE=2  -g -O2 -fdebug-prefix-map=/<<PKGBUILDDIR>>=. -fstack-protector-strong -Wformat -Werror=format-security -fPIE -c -o request_header.lo request_header.cpp
/bin/bash ../../libtool  --tag=CXX   --mode=compile g++ -DHAVE_CONFIG_H -I. -I../../include  -I../../lib  -Wdate-time -D_FORTIFY_SOURCE=2  -g -O2 -fdebug-prefix-map=/<<PKGBUILDDIR>>=. -fstack-protector-strong -Wformat -Werror=format-security -fPIE -c -o response_header.lo response_header.cpp
/bin/bash ../../libtool  --tag=CXX   --mode=compile g++ -DHAVE_CONFIG_H -I. -I../../include  -I../../lib  -Wdate-time -D_FORTIFY_SOURCE=2  -g -O2 -fdebug-prefix-map=/<<PKGBUILDDIR>>=. -fstack-protector-strong -Wformat -Werror=format-security -fPIE -c -o request.lo request.cpp
libtool: compile:  g++ -DHAVE_CONFIG_H -I. -I../../include -I../../lib -Wdate-time -D_FORTIFY_SOURCE=2 -g -O2 -fdebug-prefix-map=/<<PKGBUILDDIR>>=. -fstack-protector-strong -Wformat -Werror=format-security -c response_header.cpp  -fPIC -DPIC -o .libs/response_header.o
libtool: compile:  g++ -DHAVE_CONFIG_H -I. -I../../include -I../../lib -Wdate-time -D_FORTIFY_SOURCE=2 -g -O2 -fdebug-prefix-map=/<<PKGBUILDDIR>>=. -fstack-protector-strong -Wformat -Werror=format-security -c request_header.cpp  -fPIC -DPIC -o .libs/request_header.o
libtool: compile:  g++ -DHAVE_CONFIG_H -I. -I../../include -I../../lib -Wdate-time -D_FORTIFY_SOURCE=2 -g -O2 -fdebug-prefix-map=/<<PKGBUILDDIR>>=. -fstack-protector-strong -Wformat -Werror=format-security -c header.cpp  -fPIC -DPIC -o .libs/header.o
libtool: compile:  g++ -DHAVE_CONFIG_H -I. -I../../include -I../../lib -Wdate-time -D_FORTIFY_SOURCE=2 -g -O2 -fdebug-prefix-map=/<<PKGBUILDDIR>>=. -fstack-protector-strong -Wformat -Werror=format-security -c request.cpp  -fPIC -DPIC -o .libs/request.o
libtool: compile:  g++ -DHAVE_CONFIG_H -I. -I../../include -I../../lib -Wdate-time -D_FORTIFY_SOURCE=2 -g -O2 -fdebug-prefix-map=/<<PKGBUILDDIR>>=. -fstack-protector-strong -Wformat -Werror=format-security -c request.cpp -fPIE -o request.o >/dev/null 2>&1
libtool: compile:  g++ -DHAVE_CONFIG_H -I. -I../../include -I../../lib -Wdate-time -D_FORTIFY_SOURCE=2 -g -O2 -fdebug-prefix-map=/<<PKGBUILDDIR>>=. -fstack-protector-strong -Wformat -Werror=format-security -c response_header.cpp -fPIE -o response_header.o >/dev/null 2>&1
libtool: compile:  g++ -DHAVE_CONFIG_H -I. -I../../include -I../../lib -Wdate-time -D_FORTIFY_SOURCE=2 -g -O2 -fdebug-prefix-map=/<<PKGBUILDDIR>>=. -fstack-protector-strong -Wformat -Werror=format-security -c request_header.cpp -fPIE -o request_header.o >/dev/null 2>&1
/bin/bash ../../libtool  --tag=CXX   --mode=compile g++ -DHAVE_CONFIG_H -I. -I../../include  -I../../lib  -Wdate-time -D_FORTIFY_SOURCE=2  -g -O2 -fdebug-prefix-map=/<<PKGBUILDDIR>>=. -fstack-protector-strong -Wformat -Werror=format-security -fPIE -c -o response.lo response.cpp
libtool: compile:  g++ -DHAVE_CONFIG_H -I. -I../../include -I../../lib -Wdate-time -D_FORTIFY_SOURCE=2 -g -O2 -fdebug-prefix-map=/<<PKGBUILDDIR>>=. -fstack-protector-strong -Wformat -Werror=format-security -c response.cpp  -fPIC -DPIC -o .libs/response.o
/bin/bash ../../libtool  --tag=CXX   --mode=compile g++ -DHAVE_CONFIG_H -I. -I../../include  -I../../lib  -Wdate-time -D_FORTIFY_SOURCE=2  -g -O2 -fdebug-prefix-map=/<<PKGBUILDDIR>>=. -fstack-protector-strong -Wformat -Werror=format-security -fPIE -c -o util.lo util.cpp
libtool: compile:  g++ -DHAVE_CONFIG_H -I. -I../../include -I../../lib -Wdate-time -D_FORTIFY_SOURCE=2 -g -O2 -fdebug-prefix-map=/<<PKGBUILDDIR>>=. -fstack-protector-strong -Wformat -Werror=format-security -c util.cpp  -fPIC -DPIC -o .libs/util.o
libtool: compile:  g++ -DHAVE_CONFIG_H -I. -I../../include -I../../lib -Wdate-time -D_FORTIFY_SOURCE=2 -g -O2 -fdebug-prefix-map=/<<PKGBUILDDIR>>=. -fstack-protector-strong -Wformat -Werror=format-security -c response.cpp -fPIE -o response.o >/dev/null 2>&1
libtool: compile:  g++ -DHAVE_CONFIG_H -I. -I../../include -I../../lib -Wdate-time -D_FORTIFY_SOURCE=2 -g -O2 -fdebug-prefix-map=/<<PKGBUILDDIR>>=. -fstack-protector-strong -Wformat -Werror=format-security -c header.cpp -fPIE -o header.o >/dev/null 2>&1
libtool: compile:  g++ -DHAVE_CONFIG_H -I. -I../../include -I../../lib -Wdate-time -D_FORTIFY_SOURCE=2 -g -O2 -fdebug-prefix-map=/<<PKGBUILDDIR>>=. -fstack-protector-strong -Wformat -Werror=format-security -c util.cpp -fPIE -o util.o >/dev/null 2>&1
/bin/bash ../../libtool  --tag=CXX   --mode=link g++  -g -O2 -fdebug-prefix-map=/<<PKGBUILDDIR>>=. -fstack-protector-strong -Wformat -Werror=format-security -fPIE -version-info 1:0:0 -no-undefined -Wl,-z,relro -Wl,-z,now -fPIE -pie -o libicap.la -rpath /usr/lib/x86_64-linux-gnu header.lo request_header.lo response_header.lo request.lo response.lo util.lo -lpsocksxx 
libtool: link: g++  -fPIC -DPIC -shared -nostdlib /usr/bin/../lib/gcc/x86_64-linux-gnu/8/../../../x86_64-linux-gnu/crti.o /usr/bin/../lib/gcc/x86_64-linux-gnu/8/crtbeginS.o  .libs/header.o .libs/request_header.o .libs/response_header.o .libs/request.o .libs/response.o .libs/util.o   /usr/lib/x86_64-linux-gnu/libpsocksxx.so -L/usr/bin/../lib/gcc/x86_64-linux-gnu/8 -L/usr/bin/../lib/gcc/x86_64-linux-gnu/8/../../../x86_64-linux-gnu -L/lib/x86_64-linux-gnu -L/lib/../lib64 -L/usr/lib/x86_64-linux-gnu -L/usr/bin/../lib/gcc/x86_64-linux-gnu/8/../../.. -L/usr/lib/llvm-8/bin/../lib -L/lib -L/usr/lib -lstdc++ -lm -lc -lgcc_s -lgcc /usr/bin/../lib/gcc/x86_64-linux-gnu/8/crtendS.o /usr/bin/../lib/gcc/x86_64-linux-gnu/8/../../../x86_64-linux-gnu/crtn.o  -g -O2 -fstack-protector-strong -Wl,-z -Wl,relro -Wl,-z -Wl,now   -Wl,-soname -Wl,libicap.so.1 -o .libs/libicap.so.1.0.0
libtool: link: (cd ".libs" && rm -f "libicap.so.1" && ln -s "libicap.so.1.0.0" "libicap.so.1")
libtool: link: (cd ".libs" && rm -f "libicap.so" && ln -s "libicap.so.1.0.0" "libicap.so")
libtool: link: ar cru .libs/libicap.a  header.o request_header.o response_header.o request.o response.o util.o
ar: `u' modifier ignored since `D' is the default (see `U')
libtool: link: ranlib .libs/libicap.a
libtool: link: ( cd ".libs" && rm -f "libicap.la" && ln -s "../libicap.la" "libicap.la" )
make[3]: Leaving directory '/<<PKGBUILDDIR>>/lib/icap'
make[3]: Entering directory '/<<PKGBUILDDIR>>/lib'
make[3]: Nothing to be done for 'all-am'.
make[3]: Leaving directory '/<<PKGBUILDDIR>>/lib'
make[2]: Leaving directory '/<<PKGBUILDDIR>>/lib'
Making all in modules
make[2]: Entering directory '/<<PKGBUILDDIR>>/modules'
Making all in echo
make[3]: Entering directory '/<<PKGBUILDDIR>>/modules/echo'
/bin/bash ../../libtool  --tag=CXX   --mode=compile g++ -DHAVE_CONFIG_H -I. -I../../include  -I../../lib -I../../src -Wdate-time -D_FORTIFY_SOURCE=2  -g -O2 -fdebug-prefix-map=/<<PKGBUILDDIR>>=. -fstack-protector-strong -Wformat -Werror=format-security -fPIE -c -o echo.lo echo.cpp
libtool: compile:  g++ -DHAVE_CONFIG_H -I. -I../../include -I../../lib -I../../src -Wdate-time -D_FORTIFY_SOURCE=2 -g -O2 -fdebug-prefix-map=/<<PKGBUILDDIR>>=. -fstack-protector-strong -Wformat -Werror=format-security -c echo.cpp  -fPIC -DPIC -o .libs/echo.o
libtool: compile:  g++ -DHAVE_CONFIG_H -I. -I../../include -I../../lib -I../../src -Wdate-time -D_FORTIFY_SOURCE=2 -g -O2 -fdebug-prefix-map=/<<PKGBUILDDIR>>=. -fstack-protector-strong -Wformat -Werror=format-security -c echo.cpp -fPIE -o echo.o >/dev/null 2>&1
/bin/bash ../../libtool  --tag=CXX   --mode=link g++  -g -O2 -fdebug-prefix-map=/<<PKGBUILDDIR>>=. -fstack-protector-strong -Wformat -Werror=format-security -fPIE -module -avoid-version -Wl,-z,relro -Wl,-z,now -fPIE -pie -o mod_echo.la -rpath /usr/lib/x86_64-linux-gnu/bitz-server/modules echo.lo  
libtool: link: g++  -fPIC -DPIC -shared -nostdlib /usr/bin/../lib/gcc/x86_64-linux-gnu/8/../../../x86_64-linux-gnu/crti.o /usr/bin/../lib/gcc/x86_64-linux-gnu/8/crtbeginS.o  .libs/echo.o   -L/usr/bin/../lib/gcc/x86_64-linux-gnu/8 -L/usr/bin/../lib/gcc/x86_64-linux-gnu/8/../../../x86_64-linux-gnu -L/lib/x86_64-linux-gnu -L/lib/../lib64 -L/usr/lib/x86_64-linux-gnu -L/usr/bin/../lib/gcc/x86_64-linux-gnu/8/../../.. -L/usr/lib/llvm-8/bin/../lib -L/lib -L/usr/lib -lstdc++ -lm -lc -lgcc_s -lgcc /usr/bin/../lib/gcc/x86_64-linux-gnu/8/crtendS.o /usr/bin/../lib/gcc/x86_64-linux-gnu/8/../../../x86_64-linux-gnu/crtn.o  -g -O2 -fstack-protector-strong -Wl,-z -Wl,relro -Wl,-z -Wl,now   -Wl,-soname -Wl,mod_echo.so -o .libs/mod_echo.so
libtool: link: ar cru .libs/mod_echo.a  echo.o
ar: `u' modifier ignored since `D' is the default (see `U')
libtool: link: ranlib .libs/mod_echo.a
libtool: link: ( cd ".libs" && rm -f "mod_echo.la" && ln -s "../mod_echo.la" "mod_echo.la" )
make[3]: Leaving directory '/<<PKGBUILDDIR>>/modules/echo'
Making all in modpy
make[3]: Entering directory '/<<PKGBUILDDIR>>/modules/modpy'
Making all in modules
make[4]: Entering directory '/<<PKGBUILDDIR>>/modules/modpy/modules'
make[4]: Nothing to be done for 'all'.
make[4]: Leaving directory '/<<PKGBUILDDIR>>/modules/modpy/modules'
make[4]: Entering directory '/<<PKGBUILDDIR>>/modules/modpy'
/bin/bash ../../libtool  --tag=CXX   --mode=compile g++ -DHAVE_CONFIG_H -I. -I../../include  -std=c++11 -I../../lib -I../../src -I/usr/include/python2.7 -I/usr/include/x86_64-linux-gnu/python2.7  -Wdate-time -D_FORTIFY_SOURCE=2  -g -O2 -fdebug-prefix-map=/<<PKGBUILDDIR>>=. -fstack-protector-strong -Wformat -Werror=format-security -fPIE -c -o py.lo py.cpp
/bin/bash ../../libtool  --tag=CXX   --mode=compile g++ -DHAVE_CONFIG_H -I. -I../../include  -std=c++11 -I../../lib -I../../src -I/usr/include/python2.7 -I/usr/include/x86_64-linux-gnu/python2.7  -Wdate-time -D_FORTIFY_SOURCE=2  -g -O2 -fdebug-prefix-map=/<<PKGBUILDDIR>>=. -fstack-protector-strong -Wformat -Werror=format-security -fPIE -c -o interface.lo interface.cpp
libtool: compile:  g++ -DHAVE_CONFIG_H -I. -I../../include -std=c++11 -I../../lib -I../../src -I/usr/include/python2.7 -I/usr/include/x86_64-linux-gnu/python2.7 -Wdate-time -D_FORTIFY_SOURCE=2 -g -O2 -fdebug-prefix-map=/<<PKGBUILDDIR>>=. -fstack-protector-strong -Wformat -Werror=format-security -c py.cpp  -fPIC -DPIC -o .libs/py.o
libtool: compile:  g++ -DHAVE_CONFIG_H -I. -I../../include -std=c++11 -I../../lib -I../../src -I/usr/include/python2.7 -I/usr/include/x86_64-linux-gnu/python2.7 -Wdate-time -D_FORTIFY_SOURCE=2 -g -O2 -fdebug-prefix-map=/<<PKGBUILDDIR>>=. -fstack-protector-strong -Wformat -Werror=format-security -c interface.cpp  -fPIC -DPIC -o .libs/interface.o
In file included from In file included from interface.cpppy.cpp::20:
20In file included from :
./interface.h:In file included from 23./py.h:
:In file included from 23/usr/include/python2.7/Python.h:
:88In file included from :
/usr/include/python2.7/Python.h:/usr/include/python2.7/unicodeobject.h88::
534:/usr/include/python2.7/unicodeobject.h5::534 :warning5: : 'register' storage class specifier is deprecated and incompatible with C++17 [-Wdeprecated-register]warning
: 'register' storage class specifier is deprecated and incompatible with C++17 [-Wdeprecated-register]
    register PyObject *obj,     /* Object */
    ^~~~~~~~~
    register PyObject *obj,     /* Object */
    ^~~~~~~~~
/usr/include/python2.7/unicodeobject.h:553/usr/include/python2.7/unicodeobject.h::5553:: 5warning::  'register' storage class specifier is deprecated and incompatible with C++17 [-Wdeprecated-register]warning
: 'register' storage class specifier is deprecated and incompatible with C++17 [-Wdeprecated-register]
    register PyObject *obj      /* Object */    register PyObject *obj      /* Object */

    ^~~~~~~~~    ^~~~~~~~~

/usr/include/python2.7/unicodeobject.h:575:5: warning: 'register' storage class specifier is deprecated and incompatible with C++17 [-Wdeprecated-register]
    register const wchar_t *w,  /* wchar_t buffer */
    ^~~~~~~~~
/usr/include/python2.7/unicodeobject.h:575:5: warning: 'register' storage class specifier is deprecated and incompatible with C++17 [-Wdeprecated-register]
    register const wchar_t *w,  /* wchar_t buffer */
    ^~~~~~~~~
/usr/include/python2.7/unicodeobject.h:593:5: warning: 'register' storage class specifier is deprecated and incompatible with C++17 [-Wdeprecated-register]
    register wchar_t *w,        /* wchar_t buffer */
    ^~~~~~~~~
/usr/include/python2.7/unicodeobject.h:593:5: warning: 'register' storage class specifier is deprecated and incompatible with C++17 [-Wdeprecated-register]
    register wchar_t *w,        /* wchar_t buffer */
    ^~~~~~~~~
In file included from py.cpp:20:
In file included from ./py.h:23:
In file included from /usr/include/python2.7/Python.h:97:
/usr/include/python2.7/stringobject.h:173:5: warning: 'register' storage class specifier is deprecated and incompatible with C++17 [-Wdeprecated-register]
    register PyObject *obj,     /* string or Unicode object */
    ^~~~~~~~~
In file included from interface.cpp:20:
In file included from ./interface.h:23:
In file included from /usr/include/python2.7/Python.h:97:
/usr/include/python2.7/stringobject.h:173:5: warning: 'register' storage class specifier is deprecated and incompatible with C++17 [-Wdeprecated-register]
/usr/include/python2.7/stringobject.h:174:5: warning: 'register' storage class specifier is deprecated and incompatible with C++17 [-Wdeprecated-register]
    register PyObject *obj,     /* string or Unicode object */
    ^~~~~~~~~
    register char **s,          /* pointer to buffer variable */
    ^~~~~~~~~
/usr/include/python2.7/stringobject.h:175:5: warning: 'register' storage class specifier is deprecated and incompatible with C++17 [-Wdeprecated-register]
/usr/include/python2.7/stringobject.h:174:5: warning: 'register' storage class specifier is deprecated and incompatible with C++17 [-Wdeprecated-register]
    register Py_ssize_t *len    /* pointer to length variable or NULL
    ^~~~~~~~~
    register char **s,          /* pointer to buffer variable */
    ^~~~~~~~~
/usr/include/python2.7/stringobject.h:175:5: warning: 'register' storage class specifier is deprecated and incompatible with C++17 [-Wdeprecated-register]
    register Py_ssize_t *len    /* pointer to length variable or NULL
    ^~~~~~~~~
7 warnings generated.
libtool: compile:  g++ -DHAVE_CONFIG_H -I. -I../../include -std=c++11 -I../../lib -I../../src -I/usr/include/python2.7 -I/usr/include/x86_64-linux-gnu/python2.7 -Wdate-time -D_FORTIFY_SOURCE=2 -g -O2 -fdebug-prefix-map=/<<PKGBUILDDIR>>=. -fstack-protector-strong -Wformat -Werror=format-security -c interface.cpp -fPIE -o interface.o >/dev/null 2>&1
7 warnings generated.
libtool: compile:  g++ -DHAVE_CONFIG_H -I. -I../../include -std=c++11 -I../../lib -I../../src -I/usr/include/python2.7 -I/usr/include/x86_64-linux-gnu/python2.7 -Wdate-time -D_FORTIFY_SOURCE=2 -g -O2 -fdebug-prefix-map=/<<PKGBUILDDIR>>=. -fstack-protector-strong -Wformat -Werror=format-security -c py.cpp -fPIE -o py.o >/dev/null 2>&1
/bin/bash ../../libtool  --tag=CXX   --mode=link g++  -g -O2 -fdebug-prefix-map=/<<PKGBUILDDIR>>=. -fstack-protector-strong -Wformat -Werror=format-security -fPIE -module -avoid-version -Wl,-z,relro -Wl,-z,now -fPIE -pie -o mod_py.la -rpath /usr/lib/x86_64-linux-gnu/bitz-server/modules py.lo interface.lo -L/usr/lib -lpython2.7 
libtool: link: g++  -fPIC -DPIC -shared -nostdlib /usr/bin/../lib/gcc/x86_64-linux-gnu/8/../../../x86_64-linux-gnu/crti.o /usr/bin/../lib/gcc/x86_64-linux-gnu/8/crtbeginS.o  .libs/py.o .libs/interface.o   -L/usr/lib -lpython2.7 -L/usr/bin/../lib/gcc/x86_64-linux-gnu/8 -L/usr/bin/../lib/gcc/x86_64-linux-gnu/8/../../../x86_64-linux-gnu -L/lib/x86_64-linux-gnu -L/lib/../lib64 -L/usr/lib/x86_64-linux-gnu -L/usr/bin/../lib/gcc/x86_64-linux-gnu/8/../../.. -L/usr/lib/llvm-8/bin/../lib -L/lib -lstdc++ -lm -lc -lgcc_s -lgcc /usr/bin/../lib/gcc/x86_64-linux-gnu/8/crtendS.o /usr/bin/../lib/gcc/x86_64-linux-gnu/8/../../../x86_64-linux-gnu/crtn.o  -g -O2 -fstack-protector-strong -Wl,-z -Wl,relro -Wl,-z -Wl,now   -Wl,-soname -Wl,mod_py.so -o .libs/mod_py.so
libtool: link: ar cru .libs/mod_py.a  py.o interface.o
ar: `u' modifier ignored since `D' is the default (see `U')
libtool: link: ranlib .libs/mod_py.a
libtool: link: ( cd ".libs" && rm -f "mod_py.la" && ln -s "../mod_py.la" "mod_py.la" )
make[4]: Leaving directory '/<<PKGBUILDDIR>>/modules/modpy'
make[3]: Leaving directory '/<<PKGBUILDDIR>>/modules/modpy'
make[3]: Entering directory '/<<PKGBUILDDIR>>/modules'
make[3]: Nothing to be done for 'all-am'.
make[3]: Leaving directory '/<<PKGBUILDDIR>>/modules'
make[2]: Leaving directory '/<<PKGBUILDDIR>>/modules'
Making all in src
make[2]: Entering directory '/<<PKGBUILDDIR>>/src'
g++ -DHAVE_CONFIG_H -I. -I../include  -std=c++11 -I../lib   -Wdate-time -D_FORTIFY_SOURCE=2  -g -O2 -fdebug-prefix-map=/<<PKGBUILDDIR>>=. -fstack-protector-strong -Wformat -Werror=format-security -fPIE -c -o main.o main.cpp
g++ -DHAVE_CONFIG_H -I. -I../include  -std=c++11 -I../lib   -Wdate-time -D_FORTIFY_SOURCE=2  -g -O2 -fdebug-prefix-map=/<<PKGBUILDDIR>>=. -fstack-protector-strong -Wformat -Werror=format-security -fPIE -c -o bitz-server.o bitz-server.cpp
g++ -DHAVE_CONFIG_H -I. -I../include  -std=c++11 -I../lib   -Wdate-time -D_FORTIFY_SOURCE=2  -g -O2 -fdebug-prefix-map=/<<PKGBUILDDIR>>=. -fstack-protector-strong -Wformat -Werror=format-security -fPIE -c -o bitz/exception.o bitz/exception.cpp
g++ -DHAVE_CONFIG_H -I. -I../include  -std=c++11 -I../lib   -Wdate-time -D_FORTIFY_SOURCE=2  -g -O2 -fdebug-prefix-map=/<<PKGBUILDDIR>>=. -fstack-protector-strong -Wformat -Werror=format-security -fPIE -c -o bitz/manager_exception.o bitz/manager_exception.cpp
g++ -DHAVE_CONFIG_H -I. -I../include  -std=c++11 -I../lib   -Wdate-time -D_FORTIFY_SOURCE=2  -g -O2 -fdebug-prefix-map=/<<PKGBUILDDIR>>=. -fstack-protector-strong -Wformat -Werror=format-security -fPIE -c -o bitz/config.o bitz/config.cpp
g++ -DHAVE_CONFIG_H -I. -I../include  -std=c++11 -I../lib   -Wdate-time -D_FORTIFY_SOURCE=2  -g -O2 -fdebug-prefix-map=/<<PKGBUILDDIR>>=. -fstack-protector-strong -Wformat -Werror=format-security -fPIE -c -o bitz/util.o bitz/util.cpp
bitz-server.cpp:242:4: warning: ignoring return value of function declared with 'warn_unused_result' attribute [-Wunused-result]
                        chdir( rundir );
                        ^~~~~  ~~~~~~
bitz-server.cpp:276:4: warning: ignoring return value of function declared with 'warn_unused_result' attribute [-Wunused-result]
                        write( globals.pidfd, str, strlen( str ) );
                        ^~~~~  ~~~~~~~~~~~~~~~~~~~~~~~~~~~~~~~~~
g++ -DHAVE_CONFIG_H -I. -I../include  -std=c++11 -I../lib   -Wdate-time -D_FORTIFY_SOURCE=2  -g -O2 -fdebug-prefix-map=/<<PKGBUILDDIR>>=. -fstack-protector-strong -Wformat -Werror=format-security -fPIE -c -o bitz/manager.o bitz/manager.cpp
2 warnings generated.
g++ -DHAVE_CONFIG_H -I. -I../include  -std=c++11 -I../lib   -Wdate-time -D_FORTIFY_SOURCE=2  -g -O2 -fdebug-prefix-map=/<<PKGBUILDDIR>>=. -fstack-protector-strong -Wformat -Werror=format-security -fPIE -c -o bitz/worker.o bitz/worker.cpp
g++ -DHAVE_CONFIG_H -I. -I../include  -std=c++11 -I../lib   -Wdate-time -D_FORTIFY_SOURCE=2  -g -O2 -fdebug-prefix-map=/<<PKGBUILDDIR>>=. -fstack-protector-strong -Wformat -Werror=format-security -fPIE -c -o bitz/request_handler.o bitz/request_handler.cpp
g++ -DHAVE_CONFIG_H -I. -I../include  -std=c++11 -I../lib   -Wdate-time -D_FORTIFY_SOURCE=2  -g -O2 -fdebug-prefix-map=/<<PKGBUILDDIR>>=. -fstack-protector-strong -Wformat -Werror=format-security -fPIE -c -o bitz/options_request_handler.o bitz/options_request_handler.cpp
g++ -DHAVE_CONFIG_H -I. -I../include  -std=c++11 -I../lib   -Wdate-time -D_FORTIFY_SOURCE=2  -g -O2 -fdebug-prefix-map=/<<PKGBUILDDIR>>=. -fstack-protector-strong -Wformat -Werror=format-security -fPIE -c -o bitz/reqmod_request_handler.o bitz/reqmod_request_handler.cpp
g++ -DHAVE_CONFIG_H -I. -I../include  -std=c++11 -I../lib   -Wdate-time -D_FORTIFY_SOURCE=2  -g -O2 -fdebug-prefix-map=/<<PKGBUILDDIR>>=. -fstack-protector-strong -Wformat -Werror=format-security -fPIE -c -o bitz/respmod_request_handler.o bitz/respmod_request_handler.cpp
g++ -DHAVE_CONFIG_H -I. -I../include  -std=c++11 -I../lib   -Wdate-time -D_FORTIFY_SOURCE=2  -g -O2 -fdebug-prefix-map=/<<PKGBUILDDIR>>=. -fstack-protector-strong -Wformat -Werror=format-security -fPIE -c -o bitz/modifier.o bitz/modifier.cpp
/bin/bash ../libtool  --tag=CXX   --mode=link g++  -g -O2 -fdebug-prefix-map=/<<PKGBUILDDIR>>=. -fstack-protector-strong -Wformat -Werror=format-security -fPIE -ldl -lpthread -export-dynamic -Wl,-z,relro -Wl,-z,now -fPIE -pie -o bitz-server main.o bitz-server.o bitz/exception.o bitz/manager_exception.o bitz/config.o bitz/util.o bitz/manager.o bitz/worker.o bitz/request_handler.o bitz/options_request_handler.o bitz/reqmod_request_handler.o bitz/respmod_request_handler.o bitz/modifier.o ../lib/icap/libicap.la -lconfig++ -lpsocksxx 
libtool: link: g++ -g -O2 -fdebug-prefix-map=/<<PKGBUILDDIR>>=. -fstack-protector-strong -Wformat -Werror=format-security -fPIE -Wl,-z -Wl,relro -Wl,-z -Wl,now -fPIE -pie -o .libs/bitz-server main.o bitz-server.o bitz/exception.o bitz/manager_exception.o bitz/config.o bitz/util.o bitz/manager.o bitz/worker.o bitz/request_handler.o bitz/options_request_handler.o bitz/reqmod_request_handler.o bitz/respmod_request_handler.o bitz/modifier.o -Wl,--export-dynamic  -ldl -lpthread ../lib/icap/.libs/libicap.so -lconfig++ /usr/lib/x86_64-linux-gnu/libpsocksxx.so
make[2]: Leaving directory '/<<PKGBUILDDIR>>/src'
make[2]: Entering directory '/<<PKGBUILDDIR>>'
make[2]: Nothing to be done for 'all-am'.
make[2]: Leaving directory '/<<PKGBUILDDIR>>'
make[1]: Leaving directory '/<<PKGBUILDDIR>>'
   dh_auto_test -a
	make -j4 check VERBOSE=1
make[1]: Entering directory '/<<PKGBUILDDIR>>'
Making check in conf
make[2]: Entering directory '/<<PKGBUILDDIR>>/conf'
make[2]: Nothing to be done for 'check'.
make[2]: Leaving directory '/<<PKGBUILDDIR>>/conf'
Making check in doc
make[2]: Entering directory '/<<PKGBUILDDIR>>/doc'
make[2]: Nothing to be done for 'check'.
make[2]: Leaving directory '/<<PKGBUILDDIR>>/doc'
Making check in include
make[2]: Entering directory '/<<PKGBUILDDIR>>/include'
make[2]: Leaving directory '/<<PKGBUILDDIR>>/include'
Making check in lib
make[2]: Entering directory '/<<PKGBUILDDIR>>/lib'
Making check in icap
make[3]: Entering directory '/<<PKGBUILDDIR>>/lib/icap'
make[3]: Nothing to be done for 'check'.
make[3]: Leaving directory '/<<PKGBUILDDIR>>/lib/icap'
make[3]: Entering directory '/<<PKGBUILDDIR>>/lib'
make[3]: Nothing to be done for 'check-am'.
make[3]: Leaving directory '/<<PKGBUILDDIR>>/lib'
make[2]: Leaving directory '/<<PKGBUILDDIR>>/lib'
Making check in modules
make[2]: Entering directory '/<<PKGBUILDDIR>>/modules'
Making check in echo
make[3]: Entering directory '/<<PKGBUILDDIR>>/modules/echo'
make[3]: Nothing to be done for 'check'.
make[3]: Leaving directory '/<<PKGBUILDDIR>>/modules/echo'
Making check in modpy
make[3]: Entering directory '/<<PKGBUILDDIR>>/modules/modpy'
Making check in modules
make[4]: Entering directory '/<<PKGBUILDDIR>>/modules/modpy/modules'
make[4]: Nothing to be done for 'check'.
make[4]: Leaving directory '/<<PKGBUILDDIR>>/modules/modpy/modules'
make[4]: Entering directory '/<<PKGBUILDDIR>>/modules/modpy'
make[4]: Nothing to be done for 'check-am'.
make[4]: Leaving directory '/<<PKGBUILDDIR>>/modules/modpy'
make[3]: Leaving directory '/<<PKGBUILDDIR>>/modules/modpy'
make[3]: Entering directory '/<<PKGBUILDDIR>>/modules'
make[3]: Nothing to be done for 'check-am'.
make[3]: Leaving directory '/<<PKGBUILDDIR>>/modules'
make[2]: Leaving directory '/<<PKGBUILDDIR>>/modules'
Making check in src
make[2]: Entering directory '/<<PKGBUILDDIR>>/src'
make[2]: Nothing to be done for 'check'.
make[2]: Leaving directory '/<<PKGBUILDDIR>>/src'
make[2]: Entering directory '/<<PKGBUILDDIR>>'
make[2]: Nothing to be done for 'check-am'.
make[2]: Leaving directory '/<<PKGBUILDDIR>>'
make[1]: Leaving directory '/<<PKGBUILDDIR>>'
   create-stamp debian/debhelper-build-stamp
 fakeroot debian/rules binary-arch
dh binary-arch
   dh_testroot -a
   dh_prep -a
   dh_auto_install -a
	make -j1 install DESTDIR=/<<PKGBUILDDIR>>/debian/tmp AM_UPDATE_INFO_DIR=no
make[1]: Entering directory '/<<PKGBUILDDIR>>'
Making install in conf
make[2]: Entering directory '/<<PKGBUILDDIR>>/conf'
make[3]: Entering directory '/<<PKGBUILDDIR>>/conf'
make[3]: Nothing to be done for 'install-exec-am'.
 /bin/mkdir -p '/<<PKGBUILDDIR>>/debian/tmp/etc/bitz'
 /usr/bin/install -c -m 644 bitz-server.conf '/<<PKGBUILDDIR>>/debian/tmp/etc/bitz'
make[3]: Leaving directory '/<<PKGBUILDDIR>>/conf'
make[2]: Leaving directory '/<<PKGBUILDDIR>>/conf'
Making install in doc
make[2]: Entering directory '/<<PKGBUILDDIR>>/doc'
make[3]: Entering directory '/<<PKGBUILDDIR>>/doc'
make[3]: Nothing to be done for 'install-exec-am'.
 /bin/mkdir -p '/<<PKGBUILDDIR>>/debian/tmp/usr/share/man/man1'
 /usr/bin/install -c -m 644 'bitz-server.man' '/<<PKGBUILDDIR>>/debian/tmp/usr/share/man/man1/bitz-server.1'
 /bin/mkdir -p '/<<PKGBUILDDIR>>/debian/tmp/usr/share/man/man5'
 /usr/bin/install -c -m 644 'bitz-server.conf.man' '/<<PKGBUILDDIR>>/debian/tmp/usr/share/man/man5/bitz-server.conf.5'
make[3]: Leaving directory '/<<PKGBUILDDIR>>/doc'
make[2]: Leaving directory '/<<PKGBUILDDIR>>/doc'
Making install in include
make[2]: Entering directory '/<<PKGBUILDDIR>>/include'
make[3]: Entering directory '/<<PKGBUILDDIR>>/include'
make[3]: Nothing to be done for 'install-exec-am'.
make[3]: Nothing to be done for 'install-data-am'.
make[3]: Leaving directory '/<<PKGBUILDDIR>>/include'
make[2]: Leaving directory '/<<PKGBUILDDIR>>/include'
Making install in lib
make[2]: Entering directory '/<<PKGBUILDDIR>>/lib'
Making install in icap
make[3]: Entering directory '/<<PKGBUILDDIR>>/lib/icap'
make[4]: Entering directory '/<<PKGBUILDDIR>>/lib/icap'
 /bin/mkdir -p '/<<PKGBUILDDIR>>/debian/tmp/usr/lib/x86_64-linux-gnu'
 /bin/bash ../../libtool   --mode=install /usr/bin/install -c   libicap.la '/<<PKGBUILDDIR>>/debian/tmp/usr/lib/x86_64-linux-gnu'
libtool: install: /usr/bin/install -c .libs/libicap.so.1.0.0 /<<PKGBUILDDIR>>/debian/tmp/usr/lib/x86_64-linux-gnu/libicap.so.1.0.0
libtool: install: (cd /<<PKGBUILDDIR>>/debian/tmp/usr/lib/x86_64-linux-gnu && { ln -s -f libicap.so.1.0.0 libicap.so.1 || { rm -f libicap.so.1 && ln -s libicap.so.1.0.0 libicap.so.1; }; })
libtool: install: (cd /<<PKGBUILDDIR>>/debian/tmp/usr/lib/x86_64-linux-gnu && { ln -s -f libicap.so.1.0.0 libicap.so || { rm -f libicap.so && ln -s libicap.so.1.0.0 libicap.so; }; })
libtool: install: /usr/bin/install -c .libs/libicap.lai /<<PKGBUILDDIR>>/debian/tmp/usr/lib/x86_64-linux-gnu/libicap.la
libtool: install: /usr/bin/install -c .libs/libicap.a /<<PKGBUILDDIR>>/debian/tmp/usr/lib/x86_64-linux-gnu/libicap.a
libtool: install: chmod 644 /<<PKGBUILDDIR>>/debian/tmp/usr/lib/x86_64-linux-gnu/libicap.a
libtool: install: ranlib /<<PKGBUILDDIR>>/debian/tmp/usr/lib/x86_64-linux-gnu/libicap.a
libtool: warning: remember to run 'libtool --finish /usr/lib/x86_64-linux-gnu'
 /bin/mkdir -p '/<<PKGBUILDDIR>>/debian/tmp/usr/include/icap'
 /usr/bin/install -c -m 644 common.h header.h request_header.h response_header.h request.h response.h util.h '/<<PKGBUILDDIR>>/debian/tmp/usr/include/icap'
make[4]: Leaving directory '/<<PKGBUILDDIR>>/lib/icap'
make[3]: Leaving directory '/<<PKGBUILDDIR>>/lib/icap'
make[3]: Entering directory '/<<PKGBUILDDIR>>/lib'
make[4]: Entering directory '/<<PKGBUILDDIR>>/lib'
make[4]: Nothing to be done for 'install-exec-am'.
make[4]: Nothing to be done for 'install-data-am'.
make[4]: Leaving directory '/<<PKGBUILDDIR>>/lib'
make[3]: Leaving directory '/<<PKGBUILDDIR>>/lib'
make[2]: Leaving directory '/<<PKGBUILDDIR>>/lib'
Making install in modules
make[2]: Entering directory '/<<PKGBUILDDIR>>/modules'
Making install in echo
make[3]: Entering directory '/<<PKGBUILDDIR>>/modules/echo'
make[4]: Entering directory '/<<PKGBUILDDIR>>/modules/echo'
make[4]: Nothing to be done for 'install-exec-am'.
 /bin/mkdir -p '/<<PKGBUILDDIR>>/debian/tmp/usr/lib/x86_64-linux-gnu/bitz-server/modules'
 /bin/bash ../../libtool   --mode=install /usr/bin/install -c   mod_echo.la '/<<PKGBUILDDIR>>/debian/tmp/usr/lib/x86_64-linux-gnu/bitz-server/modules'
libtool: install: /usr/bin/install -c .libs/mod_echo.so /<<PKGBUILDDIR>>/debian/tmp/usr/lib/x86_64-linux-gnu/bitz-server/modules/mod_echo.so
libtool: install: /usr/bin/install -c .libs/mod_echo.lai /<<PKGBUILDDIR>>/debian/tmp/usr/lib/x86_64-linux-gnu/bitz-server/modules/mod_echo.la
libtool: install: /usr/bin/install -c .libs/mod_echo.a /<<PKGBUILDDIR>>/debian/tmp/usr/lib/x86_64-linux-gnu/bitz-server/modules/mod_echo.a
libtool: install: chmod 644 /<<PKGBUILDDIR>>/debian/tmp/usr/lib/x86_64-linux-gnu/bitz-server/modules/mod_echo.a
libtool: install: ranlib /<<PKGBUILDDIR>>/debian/tmp/usr/lib/x86_64-linux-gnu/bitz-server/modules/mod_echo.a
libtool: warning: remember to run 'libtool --finish /usr/lib/x86_64-linux-gnu/bitz-server/modules'
make[4]: Leaving directory '/<<PKGBUILDDIR>>/modules/echo'
make[3]: Leaving directory '/<<PKGBUILDDIR>>/modules/echo'
Making install in modpy
make[3]: Entering directory '/<<PKGBUILDDIR>>/modules/modpy'
Making install in modules
make[4]: Entering directory '/<<PKGBUILDDIR>>/modules/modpy/modules'
make[5]: Entering directory '/<<PKGBUILDDIR>>/modules/modpy/modules'
make[5]: Nothing to be done for 'install-exec-am'.
 /bin/mkdir -p '/<<PKGBUILDDIR>>/debian/tmp/usr/lib/x86_64-linux-gnu/bitz-server/modules/modpy'
 /usr/bin/install -c -m 644 modpy.py '/<<PKGBUILDDIR>>/debian/tmp/usr/lib/x86_64-linux-gnu/bitz-server/modules/modpy'
make[5]: Leaving directory '/<<PKGBUILDDIR>>/modules/modpy/modules'
make[4]: Leaving directory '/<<PKGBUILDDIR>>/modules/modpy/modules'
make[4]: Entering directory '/<<PKGBUILDDIR>>/modules/modpy'
make[5]: Entering directory '/<<PKGBUILDDIR>>/modules/modpy'
make[5]: Nothing to be done for 'install-exec-am'.
 /bin/mkdir -p '/<<PKGBUILDDIR>>/debian/tmp/usr/lib/x86_64-linux-gnu/bitz-server/modules'
 /bin/bash ../../libtool   --mode=install /usr/bin/install -c   mod_py.la '/<<PKGBUILDDIR>>/debian/tmp/usr/lib/x86_64-linux-gnu/bitz-server/modules'
libtool: install: /usr/bin/install -c .libs/mod_py.so /<<PKGBUILDDIR>>/debian/tmp/usr/lib/x86_64-linux-gnu/bitz-server/modules/mod_py.so
libtool: install: /usr/bin/install -c .libs/mod_py.lai /<<PKGBUILDDIR>>/debian/tmp/usr/lib/x86_64-linux-gnu/bitz-server/modules/mod_py.la
libtool: install: /usr/bin/install -c .libs/mod_py.a /<<PKGBUILDDIR>>/debian/tmp/usr/lib/x86_64-linux-gnu/bitz-server/modules/mod_py.a
libtool: install: chmod 644 /<<PKGBUILDDIR>>/debian/tmp/usr/lib/x86_64-linux-gnu/bitz-server/modules/mod_py.a
libtool: install: ranlib /<<PKGBUILDDIR>>/debian/tmp/usr/lib/x86_64-linux-gnu/bitz-server/modules/mod_py.a
libtool: warning: remember to run 'libtool --finish /usr/lib/x86_64-linux-gnu/bitz-server/modules'
make[5]: Leaving directory '/<<PKGBUILDDIR>>/modules/modpy'
make[4]: Leaving directory '/<<PKGBUILDDIR>>/modules/modpy'
make[3]: Leaving directory '/<<PKGBUILDDIR>>/modules/modpy'
make[3]: Entering directory '/<<PKGBUILDDIR>>/modules'
make[4]: Entering directory '/<<PKGBUILDDIR>>/modules'
make[4]: Nothing to be done for 'install-exec-am'.
make[4]: Nothing to be done for 'install-data-am'.
make[4]: Leaving directory '/<<PKGBUILDDIR>>/modules'
make[3]: Leaving directory '/<<PKGBUILDDIR>>/modules'
make[2]: Leaving directory '/<<PKGBUILDDIR>>/modules'
Making install in src
make[2]: Entering directory '/<<PKGBUILDDIR>>/src'
make[3]: Entering directory '/<<PKGBUILDDIR>>/src'
 /bin/mkdir -p '/<<PKGBUILDDIR>>/debian/tmp/usr/sbin'
  /bin/bash ../libtool   --mode=install /usr/bin/install -c bitz-server '/<<PKGBUILDDIR>>/debian/tmp/usr/sbin'
libtool: warning: '../lib/icap/libicap.la' has not been installed in '/usr/lib/x86_64-linux-gnu'
libtool: install: /usr/bin/install -c .libs/bitz-server /<<PKGBUILDDIR>>/debian/tmp/usr/sbin/bitz-server
 /bin/mkdir -p '/<<PKGBUILDDIR>>/debian/tmp/usr/include/bitz-server'
 /usr/bin/install -c -m 644 bitz/config.h bitz/modifier.h '/<<PKGBUILDDIR>>/debian/tmp/usr/include/bitz-server'
make[3]: Leaving directory '/<<PKGBUILDDIR>>/src'
make[2]: Leaving directory '/<<PKGBUILDDIR>>/src'
make[2]: Entering directory '/<<PKGBUILDDIR>>'
make[3]: Entering directory '/<<PKGBUILDDIR>>'
make[3]: Nothing to be done for 'install-exec-am'.
make[3]: Nothing to be done for 'install-data-am'.
make[3]: Leaving directory '/<<PKGBUILDDIR>>'
make[2]: Leaving directory '/<<PKGBUILDDIR>>'
make[1]: Leaving directory '/<<PKGBUILDDIR>>'
   dh_install -a
   dh_installdocs -a
   dh_installchangelogs -a
   dh_installman -a
   dh_installinit -a
   debian/rules override_dh_installsystemd
make[1]: Entering directory '/<<PKGBUILDDIR>>'
dh_installsystemd -pbitz-server --no-enable --name=bitz-server bitz-server.service
make[1]: Leaving directory '/<<PKGBUILDDIR>>'
   dh_perl -a
   dh_link -a
   dh_strip_nondeterminism -a
   dh_compress -a
   dh_fixperms -a
   dh_missing -a
   dh_strip -a
   debian/rules override_dh_makeshlibs
make[1]: Entering directory '/<<PKGBUILDDIR>>'
dh_makeshlibs
dpkg-gensymbols: warning: some new symbols appeared in the symbols file: see diff output below
dpkg-gensymbols: error: some symbols or patterns disappeared in the symbols file: see diff output below
dpkg-gensymbols: warning: debian/libicap1/DEBIAN/symbols doesn't match completely debian/libicap1.symbols.amd64
--- debian/libicap1.symbols.amd64 (libicap1_2.0.1-1_amd64)
+++ dpkg-gensymbolsqKouVE	2019-01-09 21:40:06.438708533 +0000
@@ -1,6 +1,8 @@
 libicap.so.1 libicap1 #MINVER#
  (regex|optional)"^_ZN?K?S" 1.0.0
- (c++)"__gnu_cxx::__normal_iterator<char*, std::__cxx11::basic_string<char, std::char_traits<char>, std::allocator<char> > > std::__find_if<__gnu_cxx::__normal_iterator<char*, std::__cxx11::basic_string<char, std::char_traits<char>, std::allocator<char> > >, __gnu_cxx::__ops::_Iter_pred<std::unary_negate<std::pointer_to_unary_function<int, int> > > >(__gnu_cxx::__normal_iterator<char*, std::__cxx11::basic_string<char, std::char_traits<char>, std::allocator<char> > >, __gnu_cxx::__normal_iterator<char*, std::__cxx11::basic_string<char, std::char_traits<char>, std::allocator<char> > >, __gnu_cxx::__ops::_Iter_pred<std::unary_negate<std::pointer_to_unary_function<int, int> > >, std::random_access_iterator_tag)@Base" 1.0.0
+ _ZN4icap4util4itoaINS_14ResponseHeader8status_tEEENSt7__cxx1112basic_stringIcSt11char_traitsIcESaIcEEET_@Base 2.0.1-1
+ _ZN4icap9payload_tC2ERKS0_@Base 2.0.1-1
+#MISSING: 2.0.1-1# (c++)"__gnu_cxx::__normal_iterator<char*, std::__cxx11::basic_string<char, std::char_traits<char>, std::allocator<char> > > std::__find_if<__gnu_cxx::__normal_iterator<char*, std::__cxx11::basic_string<char, std::char_traits<char>, std::allocator<char> > >, __gnu_cxx::__ops::_Iter_pred<std::unary_negate<std::pointer_to_unary_function<int, int> > > >(__gnu_cxx::__normal_iterator<char*, std::__cxx11::basic_string<char, std::char_traits<char>, std::allocator<char> > >, __gnu_cxx::__normal_iterator<char*, std::__cxx11::basic_string<char, std::char_traits<char>, std::allocator<char> > >, __gnu_cxx::__ops::_Iter_pred<std::unary_negate<std::pointer_to_unary_function<int, int> > >, std::random_access_iterator_tag)@Base" 1.0.0
  (c++)"icap::Header::Header()@Base" 1.0.0
  (c++)"icap::Header::attach(std::__cxx11::basic_string<char, std::char_traits<char>, std::allocator<char> >, std::__cxx11::basic_string<char, std::char_traits<char>, std::allocator<char> >)@Base" 1.0.0
  (c++)"icap::Header::attach_encapsulated(std::__cxx11::basic_string<char, std::char_traits<char>, std::allocator<char> >)@Base" 1.0.0
@@ -66,7 +68,7 @@
  (c++)"icap::util::trim(std::__cxx11::basic_string<char, std::char_traits<char>, std::allocator<char> >&)@Base" 1.0.0
  (c++)"std::_Rb_tree<icap::ResponseHeader::status_t, std::pair<icap::ResponseHeader::status_t const, std::__cxx11::basic_string<char, std::char_traits<char>, std::allocator<char> > >, std::_Select1st<std::pair<icap::ResponseHeader::status_t const, std::__cxx11::basic_string<char, std::char_traits<char>, std::allocator<char> > > >, std::less<icap::ResponseHeader::status_t>, std::allocator<std::pair<icap::ResponseHeader::status_t const, std::__cxx11::basic_string<char, std::char_traits<char>, std::allocator<char> > > > >::_M_erase(std::_Rb_tree_node<std::pair<icap::ResponseHeader::status_t const, std::__cxx11::basic_string<char, std::char_traits<char>, std::allocator<char> > > >*)@Base" 1.0.0
  (c++)"std::_Rb_tree<icap::ResponseHeader::status_t, std::pair<icap::ResponseHeader::status_t const, std::__cxx11::basic_string<char, std::char_traits<char>, std::allocator<char> > >, std::_Select1st<std::pair<icap::ResponseHeader::status_t const, std::__cxx11::basic_string<char, std::char_traits<char>, std::allocator<char> > > >, std::less<icap::ResponseHeader::status_t>, std::allocator<std::pair<icap::ResponseHeader::status_t const, std::__cxx11::basic_string<char, std::char_traits<char>, std::allocator<char> > > > >::_M_get_insert_hint_unique_pos(std::_Rb_tree_const_iterator<std::pair<icap::ResponseHeader::status_t const, std::__cxx11::basic_string<char, std::char_traits<char>, std::allocator<char> > > >, icap::ResponseHeader::status_t const&)@Base" 1.0.0
- (c++)"std::_Rb_tree<icap::ResponseHeader::status_t, std::pair<icap::ResponseHeader::status_t const, std::__cxx11::basic_string<char, std::char_traits<char>, std::allocator<char> > >, std::_Select1st<std::pair<icap::ResponseHeader::status_t const, std::__cxx11::basic_string<char, std::char_traits<char>, std::allocator<char> > > >, std::less<icap::ResponseHeader::status_t>, std::allocator<std::pair<icap::ResponseHeader::status_t const, std::__cxx11::basic_string<char, std::char_traits<char>, std::allocator<char> > > > >::_M_get_insert_unique_pos(icap::ResponseHeader::status_t const&)@Base" 1.0.0
+#MISSING: 2.0.1-1# (c++)"std::_Rb_tree<icap::ResponseHeader::status_t, std::pair<icap::ResponseHeader::status_t const, std::__cxx11::basic_string<char, std::char_traits<char>, std::allocator<char> > >, std::_Select1st<std::pair<icap::ResponseHeader::status_t const, std::__cxx11::basic_string<char, std::char_traits<char>, std::allocator<char> > > >, std::less<icap::ResponseHeader::status_t>, std::allocator<std::pair<icap::ResponseHeader::status_t const, std::__cxx11::basic_string<char, std::char_traits<char>, std::allocator<char> > > > >::_M_get_insert_unique_pos(icap::ResponseHeader::status_t const&)@Base" 1.0.0
  (c++)"std::_Rb_tree<std::__cxx11::basic_string<char, std::char_traits<char>, std::allocator<char> >, std::pair<std::__cxx11::basic_string<char, std::char_traits<char>, std::allocator<char> > const, int>, std::_Select1st<std::pair<std::__cxx11::basic_string<char, std::char_traits<char>, std::allocator<char> > const, int> >, std::less<std::__cxx11::basic_string<char, std::char_traits<char>, std::allocator<char> > >, std::allocator<std::pair<std::__cxx11::basic_string<char, std::char_traits<char>, std::allocator<char> > const, int> > >::_M_erase(std::_Rb_tree_node<std::pair<std::__cxx11::basic_string<char, std::char_traits<char>, std::allocator<char> > const, int> >*)@Base" 1.0.0
  (c++)"std::_Rb_tree<std::__cxx11::basic_string<char, std::char_traits<char>, std::allocator<char> >, std::pair<std::__cxx11::basic_string<char, std::char_traits<char>, std::allocator<char> > const, int>, std::_Select1st<std::pair<std::__cxx11::basic_string<char, std::char_traits<char>, std::allocator<char> > const, int> >, std::less<std::__cxx11::basic_string<char, std::char_traits<char>, std::allocator<char> > >, std::allocator<std::pair<std::__cxx11::basic_string<char, std::char_traits<char>, std::allocator<char> > const, int> > >::_M_get_insert_hint_unique_pos(std::_Rb_tree_const_iterator<std::pair<std::__cxx11::basic_string<char, std::char_traits<char>, std::allocator<char> > const, int> >, std::__cxx11::basic_string<char, std::char_traits<char>, std::allocator<char> > const&)@Base" 1.0.0
  (c++)"std::_Rb_tree<std::__cxx11::basic_string<char, std::char_traits<char>, std::allocator<char> >, std::pair<std::__cxx11::basic_string<char, std::char_traits<char>, std::allocator<char> > const, int>, std::_Select1st<std::pair<std::__cxx11::basic_string<char, std::char_traits<char>, std::allocator<char> > const, int> >, std::less<std::__cxx11::basic_string<char, std::char_traits<char>, std::allocator<char> > >, std::allocator<std::pair<std::__cxx11::basic_string<char, std::char_traits<char>, std::allocator<char> > const, int> > >::_M_get_insert_unique_pos(std::__cxx11::basic_string<char, std::char_traits<char>, std::allocator<char> > const&)@Base" 1.0.0
@@ -77,7 +79,7 @@
  (c++)"std::_Rb_tree<std::__cxx11::basic_string<char, std::char_traits<char>, std::allocator<char> >, std::pair<std::__cxx11::basic_string<char, std::char_traits<char>, std::allocator<char> > const, std::__cxx11::basic_string<char, std::char_traits<char>, std::allocator<char> > >, std::_Select1st<std::pair<std::__cxx11::basic_string<char, std::char_traits<char>, std::allocator<char> > const, std::__cxx11::basic_string<char, std::char_traits<char>, std::allocator<char> > > >, std::less<std::__cxx11::basic_string<char, std::char_traits<char>, std::allocator<char> > >, std::allocator<std::pair<std::__cxx11::basic_string<char, std::char_traits<char>, std::allocator<char> > const, std::__cxx11::basic_string<char, std::char_traits<char>, std::allocator<char> > > > >::equal_range(std::__cxx11::basic_string<char, std::char_traits<char>, std::allocator<char> > const&)@Base" 1.0.0
  (c++)"std::__cxx11::basic_string<char, std::char_traits<char>, std::allocator<char> > icap::util::itoa<int>(int)@Base" 1.0.0
  (c++)"std::__cxx11::basic_string<char, std::char_traits<char>, std::allocator<char> > icap::util::itoa<long>(long)@Base" 1.0.0
- (c++)"std::__cxx11::basic_stringbuf<char, std::char_traits<char>, std::allocator<char> >::~basic_stringbuf()@Base" 1.0.0
+#MISSING: 2.0.1-1# (c++)"std::__cxx11::basic_stringbuf<char, std::char_traits<char>, std::allocator<char> >::~basic_stringbuf()@Base" 1.0.0
  (c++)"std::vector<std::__cxx11::basic_string<char, std::char_traits<char>, std::allocator<char> >, std::allocator<std::__cxx11::basic_string<char, std::char_traits<char>, std::allocator<char> > > >::~vector()@Base" 1.0.0
  (c++)"std::vector<std::pair<std::__cxx11::basic_string<char, std::char_traits<char>, std::allocator<char> >, int>, std::allocator<std::pair<std::__cxx11::basic_string<char, std::char_traits<char>, std::allocator<char> >, int> > >::~vector()@Base" 1.0.0
  (c++)"typeinfo for icap::Header@Base" 1.0.0
dh_makeshlibs: failing due to earlier errors
make[1]: *** [debian/rules:40: override_dh_makeshlibs] Error 2
make[1]: Leaving directory '/<<PKGBUILDDIR>>'
make: *** [debian/rules:29: binary-arch] Error 2
dpkg-buildpackage: error: fakeroot debian/rules binary-arch subprocess returned exit status 2
--------------------------------------------------------------------------------
Build finished at 2019-01-09T21:40:06Z

Finished
--------


+------------------------------------------------------------------------------+
| Cleanup                                                                      |
+------------------------------------------------------------------------------+

Purging /<<BUILDDIR>>
Not cleaning session: cloned chroot in use
E: Build failure (dpkg-buildpackage died)

+------------------------------------------------------------------------------+
| Summary                                                                      |
+------------------------------------------------------------------------------+

Build Architecture: amd64
Build Type: any
Build-Space: 45716
Build-Time: 34
Distribution: unstable
Fail-Stage: build
Host Architecture: amd64
Install-Time: 15
Job: bitz-server_2.0.1-1
Machine Architecture: amd64
Package: bitz-server
Package-Time: 65
Source-Version: 2.0.1-1
Space: 45716
Status: attempted
Version: 2.0.1-1
--------------------------------------------------------------------------------
Finished at 2019-01-09T21:40:06Z
Build needed 00:01:05, 45716k disk space
E: Build failure (dpkg-buildpackage died)
DC-Status: Failed 65.62136314s
DC-Time-Estimation: 65.62136314 versus expected 226 (r/m: 2.444000386243729 ; m: 65.62136314)
