DC-Build-Header: ssh-agent-filter 0.5.2-1 / 2019-01-09 22:25:51 +0000
DC-Task: type:rebuild-binarch-only source:ssh-agent-filter version:0.5.2-1 chroot:unstable esttime:54 logfile:/tmp/ssh-agent-filter_0.5.2-1_unstable_clang8.log modes:clang8:binarch-only
DC-Sbuild-call: su user42 -c 'sbuild -n --arch-any --apt-update -d unstable -v  --chroot-setup-commands=/tmp/clang8 ssh-agent-filter_0.5.2-1'
sbuild (Debian sbuild) 0.73.0 (23 Dec 2016) on ip-172-31-12-218.eu-central-1.compute.internal

+==============================================================================+
| ssh-agent-filter 0.5.2-1 (amd64)             Wed, 09 Jan 2019 22:25:51 +0000 |
+==============================================================================+

Package: ssh-agent-filter
Version: 0.5.2-1
Source Version: 0.5.2-1
Distribution: unstable
Machine Architecture: amd64
Host Architecture: amd64
Build Architecture: amd64
Build Type: any

I: NOTICE: Log filtering will replace 'var/run/schroot/mount/sid-amd64-sbuild-695ba87d-41bf-42ec-8409-3329db1efebd' with '<<CHROOT>>'

+------------------------------------------------------------------------------+
| Chroot Setup Commands                                                        |
+------------------------------------------------------------------------------+


/tmp/clang8
-----------

+ echo 'Entering customization script...'
Entering customization script...
+ CLANG_VERSION=8
+ echo 'Install of clang-8'
Install of clang-8
+ echo deb http://127.0.0.1:9999/debian experimental main
+ apt-get update
Get:1 http://127.0.0.1:9999/debian sid InRelease [238 kB]
Get:2 http://127.0.0.1:9999/debian experimental InRelease [101 kB]
Get:3 http://127.0.0.1:9999/debian sid/main Sources.diff/Index [27.9 kB]
Get:4 http://127.0.0.1:9999/debian sid/main amd64 Packages.diff/Index [27.9 kB]
Get:5 http://127.0.0.1:9999/debian sid/main Sources 2019-01-09-1430.36.pdiff [24.1 kB]
Get:6 http://127.0.0.1:9999/debian sid/main Sources 2019-01-09-2026.40.pdiff [16.8 kB]
Get:7 http://127.0.0.1:9999/debian sid/main amd64 Packages 2019-01-09-1430.36.pdiff [40.9 kB]
Get:8 http://127.0.0.1:9999/debian sid/main amd64 Packages 2019-01-09-2026.40.pdiff [32.0 kB]
Get:6 http://127.0.0.1:9999/debian sid/main Sources 2019-01-09-2026.40.pdiff [16.8 kB]
Get:8 http://127.0.0.1:9999/debian sid/main amd64 Packages 2019-01-09-2026.40.pdiff [32.0 kB]
Get:9 http://127.0.0.1:9999/debian sid/main Translation-en [6274 kB]
Get:10 http://127.0.0.1:9999/debian experimental/main amd64 Packages [248 kB]
Get:11 http://127.0.0.1:9999/debian experimental/main Translation-en [173 kB]
Fetched 7204 kB in 2s (3634 kB/s)
Reading package lists...
+ apt-get install --yes --no-install-recommends --force-yes clang-8 libomp-8-dev libobjc-8-dev
Reading package lists...
Building dependency tree...
The following additional packages will be installed:
  lib32gcc1 lib32stdc++6 libbsd0 libc6-i386 libclang-common-8-dev libclang1-8
  libedit2 libgc1c2 libllvm8 libobjc4 libomp5-8
Suggested packages:
  clang-8-doc libomp-8-doc
Recommended packages:
  llvm-8-dev python
The following NEW packages will be installed:
  clang-8 lib32gcc1 lib32stdc++6 libbsd0 libc6-i386 libclang-common-8-dev
  libclang1-8 libedit2 libgc1c2 libllvm8 libobjc-8-dev libobjc4 libomp-8-dev
  libomp5-8
0 upgraded, 14 newly installed, 0 to remove and 5 not upgraded.
Need to get 35.8 MB of archives.
After this operation, 191 MB of additional disk space will be used.
Get:1 http://127.0.0.1:9999/debian sid/main amd64 libbsd0 amd64 0.9.1-1 [99.3 kB]
Get:2 http://127.0.0.1:9999/debian sid/main amd64 libedit2 amd64 3.1-20181209-1 [94.0 kB]
Get:3 http://127.0.0.1:9999/debian experimental/main amd64 libllvm8 amd64 1:8~svn350193-1~exp1 [13.8 MB]
Get:4 http://127.0.0.1:9999/debian sid/main amd64 libgc1c2 amd64 1:7.6.4-0.4 [224 kB]
Get:5 http://127.0.0.1:9999/debian sid/main amd64 libobjc4 amd64 8.2.0-14 [50.4 kB]
Get:6 http://127.0.0.1:9999/debian sid/main amd64 libobjc-8-dev amd64 8.2.0-14 [225 kB]
Get:7 http://127.0.0.1:9999/debian sid/main amd64 libc6-i386 amd64 2.28-4 [2873 kB]
Get:8 http://127.0.0.1:9999/debian sid/main amd64 lib32gcc1 amd64 1:8.2.0-14 [47.9 kB]
Get:9 http://127.0.0.1:9999/debian sid/main amd64 lib32stdc++6 amd64 8.2.0-14 [406 kB]
Get:10 http://127.0.0.1:9999/debian experimental/main amd64 libclang-common-8-dev amd64 1:8~svn350193-1~exp1 [3350 kB]
Get:11 http://127.0.0.1:9999/debian experimental/main amd64 libclang1-8 amd64 1:8~svn350193-1~exp1 [6255 kB]
Get:12 http://127.0.0.1:9999/debian experimental/main amd64 clang-8 amd64 1:8~svn350193-1~exp1 [8025 kB]
Get:13 http://127.0.0.1:9999/debian experimental/main amd64 libomp5-8 amd64 1:8~svn350193-1~exp1 [328 kB]
Get:14 http://127.0.0.1:9999/debian experimental/main amd64 libomp-8-dev amd64 1:8~svn350193-1~exp1 [58.5 kB]
debconf: delaying package configuration, since apt-utils is not installed
Fetched 35.8 MB in 0s (115 MB/s)
Selecting previously unselected package libbsd0:amd64.
(Reading database ... (Reading database ... 5%(Reading database ... 10%(Reading database ... 15%(Reading database ... 20%(Reading database ... 25%(Reading database ... 30%(Reading database ... 35%(Reading database ... 40%(Reading database ... 45%(Reading database ... 50%(Reading database ... 55%(Reading database ... 60%(Reading database ... 65%(Reading database ... 70%(Reading database ... 75%(Reading database ... 80%(Reading database ... 85%(Reading database ... 90%(Reading database ... 95%(Reading database ... 100%(Reading database ... 11802 files and directories currently installed.)
Preparing to unpack .../00-libbsd0_0.9.1-1_amd64.deb ...
Unpacking libbsd0:amd64 (0.9.1-1) ...
Selecting previously unselected package libedit2:amd64.
Preparing to unpack .../01-libedit2_3.1-20181209-1_amd64.deb ...
Unpacking libedit2:amd64 (3.1-20181209-1) ...
Selecting previously unselected package libllvm8:amd64.
Preparing to unpack .../02-libllvm8_1%3a8~svn350193-1~exp1_amd64.deb ...
Unpacking libllvm8:amd64 (1:8~svn350193-1~exp1) ...
Selecting previously unselected package libgc1c2:amd64.
Preparing to unpack .../03-libgc1c2_1%3a7.6.4-0.4_amd64.deb ...
Unpacking libgc1c2:amd64 (1:7.6.4-0.4) ...
Selecting previously unselected package libobjc4:amd64.
Preparing to unpack .../04-libobjc4_8.2.0-14_amd64.deb ...
Unpacking libobjc4:amd64 (8.2.0-14) ...
Selecting previously unselected package libobjc-8-dev:amd64.
Preparing to unpack .../05-libobjc-8-dev_8.2.0-14_amd64.deb ...
Unpacking libobjc-8-dev:amd64 (8.2.0-14) ...
Selecting previously unselected package libc6-i386.
Preparing to unpack .../06-libc6-i386_2.28-4_amd64.deb ...
Unpacking libc6-i386 (2.28-4) ...
Selecting previously unselected package lib32gcc1.
Preparing to unpack .../07-lib32gcc1_1%3a8.2.0-14_amd64.deb ...
Unpacking lib32gcc1 (1:8.2.0-14) ...
Selecting previously unselected package lib32stdc++6.
Preparing to unpack .../08-lib32stdc++6_8.2.0-14_amd64.deb ...
Unpacking lib32stdc++6 (8.2.0-14) ...
Selecting previously unselected package libclang-common-8-dev.
Preparing to unpack .../09-libclang-common-8-dev_1%3a8~svn350193-1~exp1_amd64.deb ...
Unpacking libclang-common-8-dev (1:8~svn350193-1~exp1) ...
Selecting previously unselected package libclang1-8:amd64.
Preparing to unpack .../10-libclang1-8_1%3a8~svn350193-1~exp1_amd64.deb ...
Unpacking libclang1-8:amd64 (1:8~svn350193-1~exp1) ...
Selecting previously unselected package clang-8.
Preparing to unpack .../11-clang-8_1%3a8~svn350193-1~exp1_amd64.deb ...
Unpacking clang-8 (1:8~svn350193-1~exp1) ...
Selecting previously unselected package libomp5-8:amd64.
Preparing to unpack .../12-libomp5-8_1%3a8~svn350193-1~exp1_amd64.deb ...
Unpacking libomp5-8:amd64 (1:8~svn350193-1~exp1) ...
Selecting previously unselected package libomp-8-dev.
Preparing to unpack .../13-libomp-8-dev_1%3a8~svn350193-1~exp1_amd64.deb ...
Unpacking libomp-8-dev (1:8~svn350193-1~exp1) ...
Setting up libomp5-8:amd64 (1:8~svn350193-1~exp1) ...
Setting up libgc1c2:amd64 (1:7.6.4-0.4) ...
Setting up libc6-i386 (2.28-4) ...
Setting up libbsd0:amd64 (0.9.1-1) ...
Setting up libomp-8-dev (1:8~svn350193-1~exp1) ...
Processing triggers for libc-bin (2.28-4) ...
Setting up lib32gcc1 (1:8.2.0-14) ...
Setting up libedit2:amd64 (3.1-20181209-1) ...
Setting up libobjc4:amd64 (8.2.0-14) ...
Setting up libobjc-8-dev:amd64 (8.2.0-14) ...
Setting up libllvm8:amd64 (1:8~svn350193-1~exp1) ...
Setting up libclang1-8:amd64 (1:8~svn350193-1~exp1) ...
Setting up lib32stdc++6 (8.2.0-14) ...
Setting up libclang-common-8-dev (1:8~svn350193-1~exp1) ...
Setting up clang-8 (1:8~svn350193-1~exp1) ...
Processing triggers for libc-bin (2.28-4) ...
W: --force-yes is deprecated, use one of the options starting with --allow instead.
+ echo 'Replace gcc, g++ & cpp by clang'
Replace gcc, g++ & cpp by clang
+ VERSIONS='4.6 4.7 4.8 4.9 5 6 7 8'
+ cd /usr/bin
+ for VERSION in $VERSIONS
+ rm -f g++-4.6 gcc-4.6 cpp-4.6 gcc
+ ln -s clang++-8 g++-4.6
+ ln -s clang-8 gcc-4.6
+ ln -s clang-8 cpp-4.6
+ ln -s clang-8 gcc
+ echo 'gcc-4.6 hold'
+ dpkg --set-selections
dpkg: warning: package not in status nor available database at line 1: gcc-4.6
dpkg: warning: found unknown packages; this might mean the available database
is outdated, and needs to be updated through a frontend method;
please see the FAQ <https://wiki.debian.org/Teams/Dpkg/FAQ>
+ echo 'g++-4.6 hold'
+ dpkg --set-selections
dpkg: warning: package not in status nor available database at line 1: g++-4.6
dpkg: warning: found unknown packages; this might mean the available database
is outdated, and needs to be updated through a frontend method;
please see the FAQ <https://wiki.debian.org/Teams/Dpkg/FAQ>
+ for VERSION in $VERSIONS
+ rm -f g++-4.7 gcc-4.7 cpp-4.7 gcc
+ ln -s clang++-8 g++-4.7
+ ln -s clang-8 gcc-4.7
+ ln -s clang-8 cpp-4.7
+ ln -s clang-8 gcc
+ echo 'gcc-4.7 hold'
+ dpkg --set-selections
dpkg: warning: package not in status nor available database at line 1: gcc-4.7
dpkg: warning: found unknown packages; this might mean the available database
is outdated, and needs to be updated through a frontend method;
please see the FAQ <https://wiki.debian.org/Teams/Dpkg/FAQ>
+ echo 'g++-4.7 hold'
+ dpkg --set-selections
dpkg: warning: package not in status nor available database at line 1: g++-4.7
dpkg: warning: found unknown packages; this might mean the available database
is outdated, and needs to be updated through a frontend method;
please see the FAQ <https://wiki.debian.org/Teams/Dpkg/FAQ>
+ for VERSION in $VERSIONS
+ rm -f g++-4.8 gcc-4.8 cpp-4.8 gcc
+ ln -s clang++-8 g++-4.8
+ ln -s clang-8 gcc-4.8
+ ln -s clang-8 cpp-4.8
+ ln -s clang-8 gcc
+ echo 'gcc-4.8 hold'
+ dpkg --set-selections
dpkg: warning: package not in status nor available database at line 1: gcc-4.8
dpkg: warning: found unknown packages; this might mean the available database
is outdated, and needs to be updated through a frontend method;
please see the FAQ <https://wiki.debian.org/Teams/Dpkg/FAQ>
+ echo 'g++-4.8 hold'
+ dpkg --set-selections
dpkg: warning: package not in status nor available database at line 1: g++-4.8
dpkg: warning: found unknown packages; this might mean the available database
is outdated, and needs to be updated through a frontend method;
please see the FAQ <https://wiki.debian.org/Teams/Dpkg/FAQ>
+ for VERSION in $VERSIONS
+ rm -f g++-4.9 gcc-4.9 cpp-4.9 gcc
+ ln -s clang++-8 g++-4.9
+ ln -s clang-8 gcc-4.9
+ ln -s clang-8 cpp-4.9
+ ln -s clang-8 gcc
+ echo 'gcc-4.9 hold'
+ dpkg --set-selections
dpkg: warning: package not in status nor available database at line 1: gcc-4.9
dpkg: warning: found unknown packages; this might mean the available database
is outdated, and needs to be updated through a frontend method;
please see the FAQ <https://wiki.debian.org/Teams/Dpkg/FAQ>
+ echo 'g++-4.9 hold'
+ dpkg --set-selections
dpkg: warning: package not in status nor available database at line 1: g++-4.9
dpkg: warning: found unknown packages; this might mean the available database
is outdated, and needs to be updated through a frontend method;
please see the FAQ <https://wiki.debian.org/Teams/Dpkg/FAQ>
+ for VERSION in $VERSIONS
+ rm -f g++-5 gcc-5 cpp-5 gcc
+ ln -s clang++-8 g++-5
+ ln -s clang-8 gcc-5
+ ln -s clang-8 cpp-5
+ ln -s clang-8 gcc
+ echo 'gcc-5 hold'
+ dpkg --set-selections
dpkg: warning: package not in status nor available database at line 1: gcc-5
dpkg: warning: found unknown packages; this might mean the available database
is outdated, and needs to be updated through a frontend method;
please see the FAQ <https://wiki.debian.org/Teams/Dpkg/FAQ>
+ echo 'g++-5 hold'
+ dpkg --set-selections
dpkg: warning: package not in status nor available database at line 1: g++-5
dpkg: warning: found unknown packages; this might mean the available database
is outdated, and needs to be updated through a frontend method;
please see the FAQ <https://wiki.debian.org/Teams/Dpkg/FAQ>
+ for VERSION in $VERSIONS
+ rm -f g++-6 gcc-6 cpp-6 gcc
+ ln -s clang++-8 g++-6
+ ln -s clang-8 gcc-6
+ ln -s clang-8 cpp-6
+ ln -s clang-8 gcc
+ echo 'gcc-6 hold'
+ dpkg --set-selections
dpkg: warning: package not in status nor available database at line 1: gcc-6
dpkg: warning: found unknown packages; this might mean the available database
is outdated, and needs to be updated through a frontend method;
please see the FAQ <https://wiki.debian.org/Teams/Dpkg/FAQ>
+ echo 'g++-6 hold'
+ dpkg --set-selections
dpkg: warning: package not in status nor available database at line 1: g++-6
dpkg: warning: found unknown packages; this might mean the available database
is outdated, and needs to be updated through a frontend method;
please see the FAQ <https://wiki.debian.org/Teams/Dpkg/FAQ>
+ for VERSION in $VERSIONS
+ rm -f g++-7 gcc-7 cpp-7 gcc
+ ln -s clang++-8 g++-7
+ ln -s clang-8 gcc-7
+ ln -s clang-8 cpp-7
+ ln -s clang-8 gcc
+ echo 'gcc-7 hold'
+ dpkg --set-selections
dpkg: warning: package not in status nor available database at line 1: gcc-7
dpkg: warning: found unknown packages; this might mean the available database
is outdated, and needs to be updated through a frontend method;
please see the FAQ <https://wiki.debian.org/Teams/Dpkg/FAQ>
+ echo 'g++-7 hold'
+ dpkg --set-selections
dpkg: warning: package not in status nor available database at line 1: g++-7
dpkg: warning: found unknown packages; this might mean the available database
is outdated, and needs to be updated through a frontend method;
please see the FAQ <https://wiki.debian.org/Teams/Dpkg/FAQ>
+ for VERSION in $VERSIONS
+ rm -f g++-8 gcc-8 cpp-8 gcc
+ ln -s clang++-8 g++-8
+ ln -s clang-8 gcc-8
+ ln -s clang-8 cpp-8
+ ln -s clang-8 gcc
+ echo 'gcc-8 hold'
+ dpkg --set-selections
+ echo 'g++-8 hold'
+ dpkg --set-selections
+ cd -
/build/ssh-agent-filter-dXh93h
+ echo 'Check if gcc, g++ & cpp are actually clang'
Check if gcc, g++ & cpp are actually clang
+ gcc --version
+ grep clang
+ cpp --version
+ grep clang
+ g++ --version
+ grep clang

I: Finished running '/tmp/clang8'.

Finished processing commands.
--------------------------------------------------------------------------------

+------------------------------------------------------------------------------+
| Update chroot                                                                |
+------------------------------------------------------------------------------+

Hit:1 http://127.0.0.1:9999/debian sid InRelease
Hit:2 http://127.0.0.1:9999/debian experimental InRelease
Reading package lists...
Reading package lists...
Building dependency tree...
Reading state information...
Calculating upgrade...
The following packages will be upgraded:
  libmpfr6 libpam-modules libpam-modules-bin libpam-runtime libpam0g
5 upgraded, 0 newly installed, 0 to remove and 0 not upgraded.
Need to get 1519 kB of archives.
After this operation, 7168 B of additional disk space will be used.
Get:1 http://127.0.0.1:9999/debian sid/main amd64 libpam0g amd64 1.1.8-4 [124 kB]
Get:2 http://127.0.0.1:9999/debian sid/main amd64 libpam-modules-bin amd64 1.1.8-4 [106 kB]
Get:3 http://127.0.0.1:9999/debian sid/main amd64 libpam-modules amd64 1.1.8-4 [305 kB]
Get:4 http://127.0.0.1:9999/debian sid/main amd64 libpam-runtime all 1.1.8-4 [211 kB]
Get:5 http://127.0.0.1:9999/debian sid/main amd64 libmpfr6 amd64 4.0.2~rc1-1 [773 kB]
debconf: delaying package configuration, since apt-utils is not installed
Fetched 1519 kB in 0s (73.8 MB/s)
(Reading database ... (Reading database ... 5%(Reading database ... 10%(Reading database ... 15%(Reading database ... 20%(Reading database ... 25%(Reading database ... 30%(Reading database ... 35%(Reading database ... 40%(Reading database ... 45%(Reading database ... 50%(Reading database ... 55%(Reading database ... 60%(Reading database ... 65%(Reading database ... 70%(Reading database ... 75%(Reading database ... 80%(Reading database ... 85%(Reading database ... 90%(Reading database ... 95%(Reading database ... 100%(Reading database ... 12592 files and directories currently installed.)
Preparing to unpack .../libpam0g_1.1.8-4_amd64.deb ...
Unpacking libpam0g:amd64 (1.1.8-4) over (1.1.8-3.8) ...
Setting up libpam0g:amd64 (1.1.8-4) ...
(Reading database ... (Reading database ... 5%(Reading database ... 10%(Reading database ... 15%(Reading database ... 20%(Reading database ... 25%(Reading database ... 30%(Reading database ... 35%(Reading database ... 40%(Reading database ... 45%(Reading database ... 50%(Reading database ... 55%(Reading database ... 60%(Reading database ... 65%(Reading database ... 70%(Reading database ... 75%(Reading database ... 80%(Reading database ... 85%(Reading database ... 90%(Reading database ... 95%(Reading database ... 100%(Reading database ... 12592 files and directories currently installed.)
Preparing to unpack .../libpam-modules-bin_1.1.8-4_amd64.deb ...
Unpacking libpam-modules-bin (1.1.8-4) over (1.1.8-3.8) ...
Setting up libpam-modules-bin (1.1.8-4) ...
(Reading database ... (Reading database ... 5%(Reading database ... 10%(Reading database ... 15%(Reading database ... 20%(Reading database ... 25%(Reading database ... 30%(Reading database ... 35%(Reading database ... 40%(Reading database ... 45%(Reading database ... 50%(Reading database ... 55%(Reading database ... 60%(Reading database ... 65%(Reading database ... 70%(Reading database ... 75%(Reading database ... 80%(Reading database ... 85%(Reading database ... 90%(Reading database ... 95%(Reading database ... 100%(Reading database ... 12592 files and directories currently installed.)
Preparing to unpack .../libpam-modules_1.1.8-4_amd64.deb ...
Unpacking libpam-modules:amd64 (1.1.8-4) over (1.1.8-3.8) ...
Setting up libpam-modules:amd64 (1.1.8-4) ...
(Reading database ... (Reading database ... 5%(Reading database ... 10%(Reading database ... 15%(Reading database ... 20%(Reading database ... 25%(Reading database ... 30%(Reading database ... 35%(Reading database ... 40%(Reading database ... 45%(Reading database ... 50%(Reading database ... 55%(Reading database ... 60%(Reading database ... 65%(Reading database ... 70%(Reading database ... 75%(Reading database ... 80%(Reading database ... 85%(Reading database ... 90%(Reading database ... 95%(Reading database ... 100%(Reading database ... 12592 files and directories currently installed.)
Preparing to unpack .../libpam-runtime_1.1.8-4_all.deb ...
Unpacking libpam-runtime (1.1.8-4) over (1.1.8-3.8) ...
Setting up libpam-runtime (1.1.8-4) ...
(Reading database ... (Reading database ... 5%(Reading database ... 10%(Reading database ... 15%(Reading database ... 20%(Reading database ... 25%(Reading database ... 30%(Reading database ... 35%(Reading database ... 40%(Reading database ... 45%(Reading database ... 50%(Reading database ... 55%(Reading database ... 60%(Reading database ... 65%(Reading database ... 70%(Reading database ... 75%(Reading database ... 80%(Reading database ... 85%(Reading database ... 90%(Reading database ... 95%(Reading database ... 100%(Reading database ... 12592 files and directories currently installed.)
Preparing to unpack .../libmpfr6_4.0.2~rc1-1_amd64.deb ...
Unpacking libmpfr6:amd64 (4.0.2~rc1-1) over (4.0.1-2) ...
Setting up libmpfr6:amd64 (4.0.2~rc1-1) ...
Processing triggers for libc-bin (2.28-4) ...

+------------------------------------------------------------------------------+
| Fetch source files                                                           |
+------------------------------------------------------------------------------+


Check APT
---------

Checking available source versions...

Download source files with APT
------------------------------

Reading package lists...
NOTICE: 'ssh-agent-filter' packaging is maintained in the 'Git' version control system at:
https://git.tiwe.de/ssh-agent-filter.git -b debian
Please use:
git clone https://git.tiwe.de/ssh-agent-filter.git -b debian
to retrieve the latest (possibly unreleased) updates to the package.
Need to get 37.4 kB of source archives.
Get:1 http://127.0.0.1:9999/debian sid/main ssh-agent-filter 0.5.2-1 (dsc) [2146 B]
Get:2 http://127.0.0.1:9999/debian sid/main ssh-agent-filter 0.5.2-1 (tar) [32.3 kB]
Get:3 http://127.0.0.1:9999/debian sid/main ssh-agent-filter 0.5.2-1 (diff) [2928 B]
Fetched 37.4 kB in 1s (59.9 kB/s)
Download complete and in download only mode
I: NOTICE: Log filtering will replace 'build/ssh-agent-filter-dXh93h/ssh-agent-filter-0.5.2' with '<<PKGBUILDDIR>>'
I: NOTICE: Log filtering will replace 'build/ssh-agent-filter-dXh93h' with '<<BUILDDIR>>'

+------------------------------------------------------------------------------+
| Install build-essential                                                      |
+------------------------------------------------------------------------------+


Setup apt archive
-----------------

Merged Build-Depends: build-essential, fakeroot
Filtered Build-Depends: build-essential, fakeroot
dpkg-deb: building package 'sbuild-build-depends-core-dummy' in '/<<BUILDDIR>>/resolver-At2Y0Z/apt_archive/sbuild-build-depends-core-dummy.deb'.
dpkg-scanpackages: warning: Packages in archive but missing from override file:
dpkg-scanpackages: warning:   sbuild-build-depends-core-dummy
dpkg-scanpackages: info: Wrote 1 entries to output Packages file.
Ign:1 copy:/<<BUILDDIR>>/resolver-At2Y0Z/apt_archive ./ InRelease
Get:2 copy:/<<BUILDDIR>>/resolver-At2Y0Z/apt_archive ./ Release [957 B]
Ign:3 copy:/<<BUILDDIR>>/resolver-At2Y0Z/apt_archive ./ Release.gpg
Get:4 copy:/<<BUILDDIR>>/resolver-At2Y0Z/apt_archive ./ Sources [349 B]
Get:5 copy:/<<BUILDDIR>>/resolver-At2Y0Z/apt_archive ./ Packages [433 B]
Fetched 1739 B in 0s (0 B/s)
Reading package lists...
Reading package lists...

Install core build dependencies (apt-based resolver)
----------------------------------------------------

Installing build dependencies
Reading package lists...
Building dependency tree...
Reading state information...
The following NEW packages will be installed:
  sbuild-build-depends-core-dummy
0 upgraded, 1 newly installed, 0 to remove and 0 not upgraded.
Need to get 856 B of archives.
After this operation, 0 B of additional disk space will be used.
Get:1 copy:/<<BUILDDIR>>/resolver-At2Y0Z/apt_archive ./ sbuild-build-depends-core-dummy 0.invalid.0 [856 B]
debconf: delaying package configuration, since apt-utils is not installed
Fetched 856 B in 0s (0 B/s)
Selecting previously unselected package sbuild-build-depends-core-dummy.
(Reading database ... 12592 files and directories currently installed.)
Preparing to unpack .../sbuild-build-depends-core-dummy_0.invalid.0_amd64.deb ...
Unpacking sbuild-build-depends-core-dummy (0.invalid.0) ...
Setting up sbuild-build-depends-core-dummy (0.invalid.0) ...

+------------------------------------------------------------------------------+
| Check architectures                                                          |
+------------------------------------------------------------------------------+

Arch check ok (amd64 included in any)

+------------------------------------------------------------------------------+
| Install package build dependencies                                           |
+------------------------------------------------------------------------------+


Setup apt archive
-----------------

Merged Build-Depends: debhelper (>= 11~), dh-exec, help2man, libboost-filesystem-dev, libboost-iostreams-dev, libboost-program-options-dev, libgmp-dev, nettle-dev (>= 3.4), openssh-client, pandoc, shunit2
Filtered Build-Depends: debhelper (>= 11~), dh-exec, help2man, libboost-filesystem-dev, libboost-iostreams-dev, libboost-program-options-dev, libgmp-dev, nettle-dev (>= 3.4), openssh-client, pandoc, shunit2
dpkg-deb: building package 'sbuild-build-depends-ssh-agent-filter-dummy' in '/<<BUILDDIR>>/resolver-At2Y0Z/apt_archive/sbuild-build-depends-ssh-agent-filter-dummy.deb'.
dpkg-scanpackages: warning: Packages in archive but missing from override file:
dpkg-scanpackages: warning:   sbuild-build-depends-core-dummy sbuild-build-depends-ssh-agent-filter-dummy
dpkg-scanpackages: info: Wrote 2 entries to output Packages file.
Ign:1 copy:/<<BUILDDIR>>/resolver-At2Y0Z/apt_archive ./ InRelease
Get:2 copy:/<<BUILDDIR>>/resolver-At2Y0Z/apt_archive ./ Release [963 B]
Ign:3 copy:/<<BUILDDIR>>/resolver-At2Y0Z/apt_archive ./ Release.gpg
Get:4 copy:/<<BUILDDIR>>/resolver-At2Y0Z/apt_archive ./ Sources [595 B]
Get:5 copy:/<<BUILDDIR>>/resolver-At2Y0Z/apt_archive ./ Packages [661 B]
Fetched 2219 B in 0s (0 B/s)
Reading package lists...
Reading package lists...

Install ssh-agent-filter build dependencies (apt-based resolver)
----------------------------------------------------------------

Installing build dependencies
Reading package lists...
Building dependency tree...
Reading state information...
The following additional packages will be installed:
  autoconf automake autopoint autotools-dev bsdmainutils debhelper
  dh-autoreconf dh-exec dh-strip-nondeterminism dwz file gettext gettext-base
  groff-base help2man icu-devtools intltool-debian libarchive-zip-perl
  libboost-filesystem-dev libboost-filesystem1.67-dev
  libboost-filesystem1.67.0 libboost-iostreams-dev libboost-iostreams1.67-dev
  libboost-iostreams1.67.0 libboost-program-options-dev
  libboost-program-options1.67-dev libboost-program-options1.67.0
  libboost-regex1.67-dev libboost-regex1.67.0 libboost-system1.67-dev
  libboost-system1.67.0 libboost1.67-dev libcroco3 libelf1
  libfile-stripnondeterminism-perl libglib2.0-0 libgmp-dev libgmpxx4ldbl
  libgssapi-krb5-2 libicu-dev libicu63 libk5crypto3 libkeyutils1 libkrb5-3
  libkrb5support0 liblocale-gettext-perl liblua5.1-0 libmagic-mgc libmagic1
  libncurses6 libpipeline1 libsigsegv2 libssl1.1 libtool libuchardet0 libxml2
  libyaml-0-2 m4 man-db nettle-dev openssh-client pandoc pandoc-data
  po-debconf sensible-utils shunit2
Suggested packages:
  autoconf-archive gnu-standards autoconf-doc wamerican | wordlist whois
  vacation dh-make gettext-doc libasprintf-dev libgettextpo-dev groff
  libboost1.67-doc libboost-atomic1.67-dev libboost-chrono1.67-dev
  libboost-container1.67-dev libboost-context1.67-dev
  libboost-coroutine1.67-dev libboost-date-time1.67-dev
  libboost-exception1.67-dev libboost-fiber1.67-dev libboost-graph1.67-dev
  libboost-graph-parallel1.67-dev libboost-locale1.67-dev libboost-log1.67-dev
  libboost-math1.67-dev libboost-mpi1.67-dev libboost-mpi-python1.67-dev
  libboost-numpy1.67-dev libboost-python1.67-dev libboost-random1.67-dev
  libboost-serialization1.67-dev libboost-signals1.67-dev
  libboost-stacktrace1.67-dev libboost-test1.67-dev libboost-thread1.67-dev
  libboost-timer1.67-dev libboost-type-erasure1.67-dev libboost-wave1.67-dev
  libboost1.67-tools-dev libmpfrc++-dev libntl-dev gmp-doc libgmp10-doc
  libmpfr-dev krb5-doc krb5-user icu-doc libtool-doc gfortran
  | fortran95-compiler gcj-jdk m4-doc apparmor less www-browser keychain
  libpam-ssh monkeysphere ssh-askpass texlive-latex-recommended texlive-xetex
  texlive-luatex pandoc-citeproc texlive-latex-extra context wkhtmltopdf
  librsvg2-bin ghc nodejs php python ruby r-base-core libjs-mathjax node-katex
  libmail-box-perl
Recommended packages:
  curl | wget | lynx libarchive-cpio-perl libglib2.0-data shared-mime-info
  xdg-user-dirs krb5-locales libgpm2 libltdl-dev xauth libmail-sendmail-perl
The following NEW packages will be installed:
  autoconf automake autopoint autotools-dev bsdmainutils debhelper
  dh-autoreconf dh-exec dh-strip-nondeterminism dwz file gettext gettext-base
  groff-base help2man icu-devtools intltool-debian libarchive-zip-perl
  libboost-filesystem-dev libboost-filesystem1.67-dev
  libboost-filesystem1.67.0 libboost-iostreams-dev libboost-iostreams1.67-dev
  libboost-iostreams1.67.0 libboost-program-options-dev
  libboost-program-options1.67-dev libboost-program-options1.67.0
  libboost-regex1.67-dev libboost-regex1.67.0 libboost-system1.67-dev
  libboost-system1.67.0 libboost1.67-dev libcroco3 libelf1
  libfile-stripnondeterminism-perl libglib2.0-0 libgmp-dev libgmpxx4ldbl
  libgssapi-krb5-2 libicu-dev libicu63 libk5crypto3 libkeyutils1 libkrb5-3
  libkrb5support0 liblocale-gettext-perl liblua5.1-0 libmagic-mgc libmagic1
  libncurses6 libpipeline1 libsigsegv2 libssl1.1 libtool libuchardet0 libxml2
  libyaml-0-2 m4 man-db nettle-dev openssh-client pandoc pandoc-data
  po-debconf sbuild-build-depends-ssh-agent-filter-dummy sensible-utils
  shunit2
0 upgraded, 67 newly installed, 0 to remove and 0 not upgraded.
Need to get 60.1 MB of archives.
After this operation, 404 MB of additional disk space will be used.
Get:1 copy:/<<BUILDDIR>>/resolver-At2Y0Z/apt_archive ./ sbuild-build-depends-ssh-agent-filter-dummy 0.invalid.0 [956 B]
Get:2 http://127.0.0.1:9999/debian sid/main amd64 bsdmainutils amd64 11.1.2+b1 [191 kB]
Get:3 http://127.0.0.1:9999/debian sid/main amd64 libuchardet0 amd64 0.0.6-3 [64.9 kB]
Get:4 http://127.0.0.1:9999/debian sid/main amd64 groff-base amd64 1.22.4-2 [917 kB]
Get:5 http://127.0.0.1:9999/debian sid/main amd64 libpipeline1 amd64 1.5.0-2 [29.5 kB]
Get:6 http://127.0.0.1:9999/debian sid/main amd64 man-db amd64 2.8.5-1 [1274 kB]
Get:7 http://127.0.0.1:9999/debian sid/main amd64 liblocale-gettext-perl amd64 1.07-3+b4 [18.9 kB]
Get:8 http://127.0.0.1:9999/debian sid/main amd64 sensible-utils all 0.0.12 [15.8 kB]
Get:9 http://127.0.0.1:9999/debian sid/main amd64 libmagic-mgc amd64 1:5.34-2 [239 kB]
Get:10 http://127.0.0.1:9999/debian sid/main amd64 libmagic1 amd64 1:5.34-2 [116 kB]
Get:11 http://127.0.0.1:9999/debian sid/main amd64 file amd64 1:5.34-2 [65.8 kB]
Get:12 http://127.0.0.1:9999/debian sid/main amd64 gettext-base amd64 0.19.8.1-9 [123 kB]
Get:13 http://127.0.0.1:9999/debian sid/main amd64 libkeyutils1 amd64 1.5.9-9.3 [13.0 kB]
Get:14 http://127.0.0.1:9999/debian sid/main amd64 libkrb5support0 amd64 1.16.2-1 [63.3 kB]
Get:15 http://127.0.0.1:9999/debian sid/main amd64 libk5crypto3 amd64 1.16.2-1 [121 kB]
Get:16 http://127.0.0.1:9999/debian sid/main amd64 libkrb5-3 amd64 1.16.2-1 [320 kB]
Get:17 http://127.0.0.1:9999/debian sid/main amd64 libgssapi-krb5-2 amd64 1.16.2-1 [158 kB]
Get:18 http://127.0.0.1:9999/debian sid/main amd64 libssl1.1 amd64 1.1.1a-1 [1527 kB]
Get:19 http://127.0.0.1:9999/debian sid/main amd64 openssh-client amd64 1:7.9p1-4 [797 kB]
Get:20 http://127.0.0.1:9999/debian sid/main amd64 libsigsegv2 amd64 2.12-2 [32.8 kB]
Get:21 http://127.0.0.1:9999/debian sid/main amd64 m4 amd64 1.4.18-2 [203 kB]
Get:22 http://127.0.0.1:9999/debian sid/main amd64 autoconf all 2.69-11 [341 kB]
Get:23 http://127.0.0.1:9999/debian sid/main amd64 autotools-dev all 20180224.1 [77.0 kB]
Get:24 http://127.0.0.1:9999/debian sid/main amd64 automake all 1:1.16.1-4 [771 kB]
Get:25 http://127.0.0.1:9999/debian sid/main amd64 autopoint all 0.19.8.1-9 [434 kB]
Get:26 http://127.0.0.1:9999/debian sid/main amd64 libtool all 2.4.6-6 [547 kB]
Get:27 http://127.0.0.1:9999/debian sid/main amd64 dh-autoreconf all 19 [16.9 kB]
Get:28 http://127.0.0.1:9999/debian sid/main amd64 libarchive-zip-perl all 1.64-1 [96.8 kB]
Get:29 http://127.0.0.1:9999/debian sid/main amd64 libfile-stripnondeterminism-perl all 1.0.0-1 [19.5 kB]
Get:30 http://127.0.0.1:9999/debian sid/main amd64 dh-strip-nondeterminism all 1.0.0-1 [12.5 kB]
Get:31 http://127.0.0.1:9999/debian sid/main amd64 libelf1 amd64 0.175-2 [160 kB]
Get:32 http://127.0.0.1:9999/debian sid/main amd64 dwz amd64 0.12-3 [78.0 kB]
Get:33 http://127.0.0.1:9999/debian sid/main amd64 libglib2.0-0 amd64 2.58.2-3 [1257 kB]
Get:34 http://127.0.0.1:9999/debian sid/main amd64 libicu63 amd64 63.1-5 [8293 kB]
Get:35 http://127.0.0.1:9999/debian sid/main amd64 libxml2 amd64 2.9.4+dfsg1-7+b3 [687 kB]
Get:36 http://127.0.0.1:9999/debian sid/main amd64 libcroco3 amd64 0.6.12-3 [145 kB]
Get:37 http://127.0.0.1:9999/debian sid/main amd64 libncurses6 amd64 6.1+20181013-1 [102 kB]
Get:38 http://127.0.0.1:9999/debian sid/main amd64 gettext amd64 0.19.8.1-9 [1303 kB]
Get:39 http://127.0.0.1:9999/debian sid/main amd64 intltool-debian all 0.35.0+20060710.4 [26.3 kB]
Get:40 http://127.0.0.1:9999/debian sid/main amd64 po-debconf all 1.0.21 [248 kB]
Get:41 http://127.0.0.1:9999/debian sid/main amd64 debhelper all 12 [1002 kB]
Get:42 http://127.0.0.1:9999/debian sid/main amd64 dh-exec amd64 0.23.1 [26.3 kB]
Get:43 http://127.0.0.1:9999/debian sid/main amd64 help2man amd64 1.47.8 [177 kB]
Get:44 http://127.0.0.1:9999/debian sid/main amd64 icu-devtools amd64 63.1-5 [191 kB]
Get:45 http://127.0.0.1:9999/debian sid/main amd64 libboost1.67-dev amd64 1.67.0-11 [8386 kB]
Get:46 http://127.0.0.1:9999/debian sid/main amd64 libboost-system1.67.0 amd64 1.67.0-11 [229 kB]
Get:47 http://127.0.0.1:9999/debian sid/main amd64 libboost-filesystem1.67.0 amd64 1.67.0-11 [261 kB]
Get:48 http://127.0.0.1:9999/debian sid/main amd64 libboost-system1.67-dev amd64 1.67.0-11 [231 kB]
Get:49 http://127.0.0.1:9999/debian sid/main amd64 libboost-filesystem1.67-dev amd64 1.67.0-11 [268 kB]
Get:50 http://127.0.0.1:9999/debian sid/main amd64 libboost-filesystem-dev amd64 1.67.0.1 [3684 B]
Get:51 http://127.0.0.1:9999/debian sid/main amd64 libboost-regex1.67.0 amd64 1.67.0-11 [484 kB]
Get:52 http://127.0.0.1:9999/debian sid/main amd64 libicu-dev amd64 63.1-5 [9188 kB]
Get:53 http://127.0.0.1:9999/debian sid/main amd64 libboost-regex1.67-dev amd64 1.67.0-11 [537 kB]
Get:54 http://127.0.0.1:9999/debian sid/main amd64 libboost-iostreams1.67.0 amd64 1.67.0-11 [249 kB]
Get:55 http://127.0.0.1:9999/debian sid/main amd64 libboost-iostreams1.67-dev amd64 1.67.0-11 [255 kB]
Get:56 http://127.0.0.1:9999/debian sid/main amd64 libboost-iostreams-dev amd64 1.67.0.1 [3632 B]
Get:57 http://127.0.0.1:9999/debian sid/main amd64 libboost-program-options1.67.0 amd64 1.67.0-11 [354 kB]
Get:58 http://127.0.0.1:9999/debian sid/main amd64 libboost-program-options1.67-dev amd64 1.67.0-11 [383 kB]
Get:59 http://127.0.0.1:9999/debian sid/main amd64 libboost-program-options-dev amd64 1.67.0.1 [3656 B]
Get:60 http://127.0.0.1:9999/debian sid/main amd64 libgmpxx4ldbl amd64 2:6.1.2+dfsg-4 [22.9 kB]
Get:61 http://127.0.0.1:9999/debian sid/main amd64 libgmp-dev amd64 2:6.1.2+dfsg-4 [628 kB]
Get:62 http://127.0.0.1:9999/debian sid/main amd64 liblua5.1-0 amd64 5.1.5-8.1+b2 [111 kB]
Get:63 http://127.0.0.1:9999/debian sid/main amd64 libyaml-0-2 amd64 0.2.1-1 [47.2 kB]
Get:64 http://127.0.0.1:9999/debian sid/main amd64 nettle-dev amd64 3.4.1~rc1-1 [1076 kB]
Get:65 http://127.0.0.1:9999/debian sid/main amd64 pandoc-data all 2.2.1-3 [329 kB]
Get:66 http://127.0.0.1:9999/debian sid/main amd64 pandoc amd64 2.2.1-3+b1 [14.7 MB]
Get:67 http://127.0.0.1:9999/debian sid/main amd64 shunit2 all 2.1.6-1.1 [39.3 kB]
debconf: delaying package configuration, since apt-utils is not installed
Fetched 60.1 MB in 1s (47.2 MB/s)
Selecting previously unselected package bsdmainutils.
(Reading database ... 12592 files and directories currently installed.)
Preparing to unpack .../00-bsdmainutils_11.1.2+b1_amd64.deb ...
Unpacking bsdmainutils (11.1.2+b1) ...
Selecting previously unselected package libuchardet0:amd64.
Preparing to unpack .../01-libuchardet0_0.0.6-3_amd64.deb ...
Unpacking libuchardet0:amd64 (0.0.6-3) ...
Selecting previously unselected package groff-base.
Preparing to unpack .../02-groff-base_1.22.4-2_amd64.deb ...
Unpacking groff-base (1.22.4-2) ...
Selecting previously unselected package libpipeline1:amd64.
Preparing to unpack .../03-libpipeline1_1.5.0-2_amd64.deb ...
Unpacking libpipeline1:amd64 (1.5.0-2) ...
Selecting previously unselected package man-db.
Preparing to unpack .../04-man-db_2.8.5-1_amd64.deb ...
Unpacking man-db (2.8.5-1) ...
Selecting previously unselected package liblocale-gettext-perl.
Preparing to unpack .../05-liblocale-gettext-perl_1.07-3+b4_amd64.deb ...
Unpacking liblocale-gettext-perl (1.07-3+b4) ...
Selecting previously unselected package sensible-utils.
Preparing to unpack .../06-sensible-utils_0.0.12_all.deb ...
Unpacking sensible-utils (0.0.12) ...
Selecting previously unselected package libmagic-mgc.
Preparing to unpack .../07-libmagic-mgc_1%3a5.34-2_amd64.deb ...
Unpacking libmagic-mgc (1:5.34-2) ...
Selecting previously unselected package libmagic1:amd64.
Preparing to unpack .../08-libmagic1_1%3a5.34-2_amd64.deb ...
Unpacking libmagic1:amd64 (1:5.34-2) ...
Selecting previously unselected package file.
Preparing to unpack .../09-file_1%3a5.34-2_amd64.deb ...
Unpacking file (1:5.34-2) ...
Selecting previously unselected package gettext-base.
Preparing to unpack .../10-gettext-base_0.19.8.1-9_amd64.deb ...
Unpacking gettext-base (0.19.8.1-9) ...
Selecting previously unselected package libkeyutils1:amd64.
Preparing to unpack .../11-libkeyutils1_1.5.9-9.3_amd64.deb ...
Unpacking libkeyutils1:amd64 (1.5.9-9.3) ...
Selecting previously unselected package libkrb5support0:amd64.
Preparing to unpack .../12-libkrb5support0_1.16.2-1_amd64.deb ...
Unpacking libkrb5support0:amd64 (1.16.2-1) ...
Selecting previously unselected package libk5crypto3:amd64.
Preparing to unpack .../13-libk5crypto3_1.16.2-1_amd64.deb ...
Unpacking libk5crypto3:amd64 (1.16.2-1) ...
Selecting previously unselected package libkrb5-3:amd64.
Preparing to unpack .../14-libkrb5-3_1.16.2-1_amd64.deb ...
Unpacking libkrb5-3:amd64 (1.16.2-1) ...
Selecting previously unselected package libgssapi-krb5-2:amd64.
Preparing to unpack .../15-libgssapi-krb5-2_1.16.2-1_amd64.deb ...
Unpacking libgssapi-krb5-2:amd64 (1.16.2-1) ...
Selecting previously unselected package libssl1.1:amd64.
Preparing to unpack .../16-libssl1.1_1.1.1a-1_amd64.deb ...
Unpacking libssl1.1:amd64 (1.1.1a-1) ...
Selecting previously unselected package openssh-client.
Preparing to unpack .../17-openssh-client_1%3a7.9p1-4_amd64.deb ...
Unpacking openssh-client (1:7.9p1-4) ...
Selecting previously unselected package libsigsegv2:amd64.
Preparing to unpack .../18-libsigsegv2_2.12-2_amd64.deb ...
Unpacking libsigsegv2:amd64 (2.12-2) ...
Selecting previously unselected package m4.
Preparing to unpack .../19-m4_1.4.18-2_amd64.deb ...
Unpacking m4 (1.4.18-2) ...
Selecting previously unselected package autoconf.
Preparing to unpack .../20-autoconf_2.69-11_all.deb ...
Unpacking autoconf (2.69-11) ...
Selecting previously unselected package autotools-dev.
Preparing to unpack .../21-autotools-dev_20180224.1_all.deb ...
Unpacking autotools-dev (20180224.1) ...
Selecting previously unselected package automake.
Preparing to unpack .../22-automake_1%3a1.16.1-4_all.deb ...
Unpacking automake (1:1.16.1-4) ...
Selecting previously unselected package autopoint.
Preparing to unpack .../23-autopoint_0.19.8.1-9_all.deb ...
Unpacking autopoint (0.19.8.1-9) ...
Selecting previously unselected package libtool.
Preparing to unpack .../24-libtool_2.4.6-6_all.deb ...
Unpacking libtool (2.4.6-6) ...
Selecting previously unselected package dh-autoreconf.
Preparing to unpack .../25-dh-autoreconf_19_all.deb ...
Unpacking dh-autoreconf (19) ...
Selecting previously unselected package libarchive-zip-perl.
Preparing to unpack .../26-libarchive-zip-perl_1.64-1_all.deb ...
Unpacking libarchive-zip-perl (1.64-1) ...
Selecting previously unselected package libfile-stripnondeterminism-perl.
Preparing to unpack .../27-libfile-stripnondeterminism-perl_1.0.0-1_all.deb ...
Unpacking libfile-stripnondeterminism-perl (1.0.0-1) ...
Selecting previously unselected package dh-strip-nondeterminism.
Preparing to unpack .../28-dh-strip-nondeterminism_1.0.0-1_all.deb ...
Unpacking dh-strip-nondeterminism (1.0.0-1) ...
Selecting previously unselected package libelf1:amd64.
Preparing to unpack .../29-libelf1_0.175-2_amd64.deb ...
Unpacking libelf1:amd64 (0.175-2) ...
Selecting previously unselected package dwz.
Preparing to unpack .../30-dwz_0.12-3_amd64.deb ...
Unpacking dwz (0.12-3) ...
Selecting previously unselected package libglib2.0-0:amd64.
Preparing to unpack .../31-libglib2.0-0_2.58.2-3_amd64.deb ...
Unpacking libglib2.0-0:amd64 (2.58.2-3) ...
Selecting previously unselected package libicu63:amd64.
Preparing to unpack .../32-libicu63_63.1-5_amd64.deb ...
Unpacking libicu63:amd64 (63.1-5) ...
Selecting previously unselected package libxml2:amd64.
Preparing to unpack .../33-libxml2_2.9.4+dfsg1-7+b3_amd64.deb ...
Unpacking libxml2:amd64 (2.9.4+dfsg1-7+b3) ...
Selecting previously unselected package libcroco3:amd64.
Preparing to unpack .../34-libcroco3_0.6.12-3_amd64.deb ...
Unpacking libcroco3:amd64 (0.6.12-3) ...
Selecting previously unselected package libncurses6:amd64.
Preparing to unpack .../35-libncurses6_6.1+20181013-1_amd64.deb ...
Unpacking libncurses6:amd64 (6.1+20181013-1) ...
Selecting previously unselected package gettext.
Preparing to unpack .../36-gettext_0.19.8.1-9_amd64.deb ...
Unpacking gettext (0.19.8.1-9) ...
Selecting previously unselected package intltool-debian.
Preparing to unpack .../37-intltool-debian_0.35.0+20060710.4_all.deb ...
Unpacking intltool-debian (0.35.0+20060710.4) ...
Selecting previously unselected package po-debconf.
Preparing to unpack .../38-po-debconf_1.0.21_all.deb ...
Unpacking po-debconf (1.0.21) ...
Selecting previously unselected package debhelper.
Preparing to unpack .../39-debhelper_12_all.deb ...
Unpacking debhelper (12) ...
Selecting previously unselected package dh-exec.
Preparing to unpack .../40-dh-exec_0.23.1_amd64.deb ...
Unpacking dh-exec (0.23.1) ...
Selecting previously unselected package help2man.
Preparing to unpack .../41-help2man_1.47.8_amd64.deb ...
Unpacking help2man (1.47.8) ...
Selecting previously unselected package icu-devtools.
Preparing to unpack .../42-icu-devtools_63.1-5_amd64.deb ...
Unpacking icu-devtools (63.1-5) ...
Selecting previously unselected package libboost1.67-dev:amd64.
Preparing to unpack .../43-libboost1.67-dev_1.67.0-11_amd64.deb ...
Unpacking libboost1.67-dev:amd64 (1.67.0-11) ...
Selecting previously unselected package libboost-system1.67.0:amd64.
Preparing to unpack .../44-libboost-system1.67.0_1.67.0-11_amd64.deb ...
Unpacking libboost-system1.67.0:amd64 (1.67.0-11) ...
Selecting previously unselected package libboost-filesystem1.67.0:amd64.
Preparing to unpack .../45-libboost-filesystem1.67.0_1.67.0-11_amd64.deb ...
Unpacking libboost-filesystem1.67.0:amd64 (1.67.0-11) ...
Selecting previously unselected package libboost-system1.67-dev:amd64.
Preparing to unpack .../46-libboost-system1.67-dev_1.67.0-11_amd64.deb ...
Unpacking libboost-system1.67-dev:amd64 (1.67.0-11) ...
Selecting previously unselected package libboost-filesystem1.67-dev:amd64.
Preparing to unpack .../47-libboost-filesystem1.67-dev_1.67.0-11_amd64.deb ...
Unpacking libboost-filesystem1.67-dev:amd64 (1.67.0-11) ...
Selecting previously unselected package libboost-filesystem-dev:amd64.
Preparing to unpack .../48-libboost-filesystem-dev_1.67.0.1_amd64.deb ...
Unpacking libboost-filesystem-dev:amd64 (1.67.0.1) ...
Selecting previously unselected package libboost-regex1.67.0:amd64.
Preparing to unpack .../49-libboost-regex1.67.0_1.67.0-11_amd64.deb ...
Unpacking libboost-regex1.67.0:amd64 (1.67.0-11) ...
Selecting previously unselected package libicu-dev.
Preparing to unpack .../50-libicu-dev_63.1-5_amd64.deb ...
Unpacking libicu-dev (63.1-5) ...
Selecting previously unselected package libboost-regex1.67-dev:amd64.
Preparing to unpack .../51-libboost-regex1.67-dev_1.67.0-11_amd64.deb ...
Unpacking libboost-regex1.67-dev:amd64 (1.67.0-11) ...
Selecting previously unselected package libboost-iostreams1.67.0:amd64.
Preparing to unpack .../52-libboost-iostreams1.67.0_1.67.0-11_amd64.deb ...
Unpacking libboost-iostreams1.67.0:amd64 (1.67.0-11) ...
Selecting previously unselected package libboost-iostreams1.67-dev:amd64.
Preparing to unpack .../53-libboost-iostreams1.67-dev_1.67.0-11_amd64.deb ...
Unpacking libboost-iostreams1.67-dev:amd64 (1.67.0-11) ...
Selecting previously unselected package libboost-iostreams-dev:amd64.
Preparing to unpack .../54-libboost-iostreams-dev_1.67.0.1_amd64.deb ...
Unpacking libboost-iostreams-dev:amd64 (1.67.0.1) ...
Selecting previously unselected package libboost-program-options1.67.0:amd64.
Preparing to unpack .../55-libboost-program-options1.67.0_1.67.0-11_amd64.deb ...
Unpacking libboost-program-options1.67.0:amd64 (1.67.0-11) ...
Selecting previously unselected package libboost-program-options1.67-dev:amd64.
Preparing to unpack .../56-libboost-program-options1.67-dev_1.67.0-11_amd64.deb ...
Unpacking libboost-program-options1.67-dev:amd64 (1.67.0-11) ...
Selecting previously unselected package libboost-program-options-dev:amd64.
Preparing to unpack .../57-libboost-program-options-dev_1.67.0.1_amd64.deb ...
Unpacking libboost-program-options-dev:amd64 (1.67.0.1) ...
Selecting previously unselected package libgmpxx4ldbl:amd64.
Preparing to unpack .../58-libgmpxx4ldbl_2%3a6.1.2+dfsg-4_amd64.deb ...
Unpacking libgmpxx4ldbl:amd64 (2:6.1.2+dfsg-4) ...
Selecting previously unselected package libgmp-dev:amd64.
Preparing to unpack .../59-libgmp-dev_2%3a6.1.2+dfsg-4_amd64.deb ...
Unpacking libgmp-dev:amd64 (2:6.1.2+dfsg-4) ...
Selecting previously unselected package liblua5.1-0:amd64.
Preparing to unpack .../60-liblua5.1-0_5.1.5-8.1+b2_amd64.deb ...
Unpacking liblua5.1-0:amd64 (5.1.5-8.1+b2) ...
Selecting previously unselected package libyaml-0-2:amd64.
Preparing to unpack .../61-libyaml-0-2_0.2.1-1_amd64.deb ...
Unpacking libyaml-0-2:amd64 (0.2.1-1) ...
Selecting previously unselected package nettle-dev:amd64.
Preparing to unpack .../62-nettle-dev_3.4.1~rc1-1_amd64.deb ...
Unpacking nettle-dev:amd64 (3.4.1~rc1-1) ...
Selecting previously unselected package pandoc-data.
Preparing to unpack .../63-pandoc-data_2.2.1-3_all.deb ...
Unpacking pandoc-data (2.2.1-3) ...
Selecting previously unselected package pandoc.
Preparing to unpack .../64-pandoc_2.2.1-3+b1_amd64.deb ...
Unpacking pandoc (2.2.1-3+b1) ...
Selecting previously unselected package shunit2.
Preparing to unpack .../65-shunit2_2.1.6-1.1_all.deb ...
Unpacking shunit2 (2.1.6-1.1) ...
Selecting previously unselected package sbuild-build-depends-ssh-agent-filter-dummy.
Preparing to unpack .../66-sbuild-build-depends-ssh-agent-filter-dummy_0.invalid.0_amd64.deb ...
Unpacking sbuild-build-depends-ssh-agent-filter-dummy (0.invalid.0) ...
Setting up libboost-iostreams1.67.0:amd64 (1.67.0-11) ...
Setting up libarchive-zip-perl (1.64-1) ...
Setting up libicu63:amd64 (63.1-5) ...
Setting up libsigsegv2:amd64 (2.12-2) ...
Setting up libelf1:amd64 (0.175-2) ...
Setting up libglib2.0-0:amd64 (2.58.2-3) ...
No schema files found: doing nothing.
Setting up pandoc-data (2.2.1-3) ...
Setting up gettext-base (0.19.8.1-9) ...
Setting up libpipeline1:amd64 (1.5.0-2) ...
Setting up m4 (1.4.18-2) ...
Setting up libboost-program-options1.67.0:amd64 (1.67.0-11) ...
Setting up libxml2:amd64 (2.9.4+dfsg1-7+b3) ...
Setting up libuchardet0:amd64 (0.0.6-3) ...
Setting up libmagic-mgc (1:5.34-2) ...
Setting up libmagic1:amd64 (1:5.34-2) ...
Setting up libcroco3:amd64 (0.6.12-3) ...
Setting up libyaml-0-2:amd64 (0.2.1-1) ...
Setting up sensible-utils (0.0.12) ...
Processing triggers for libc-bin (2.28-4) ...
Setting up dwz (0.12-3) ...
Setting up autotools-dev (20180224.1) ...
Setting up shunit2 (2.1.6-1.1) ...
Setting up libboost1.67-dev:amd64 (1.67.0-11) ...
Setting up libssl1.1:amd64 (1.1.1a-1) ...
Setting up liblocale-gettext-perl (1.07-3+b4) ...
Setting up icu-devtools (63.1-5) ...
Setting up liblua5.1-0:amd64 (5.1.5-8.1+b2) ...
Setting up libkeyutils1:amd64 (1.5.9-9.3) ...
Setting up bsdmainutils (11.1.2+b1) ...
update-alternatives: using /usr/bin/bsd-write to provide /usr/bin/write (write) in auto mode
update-alternatives: using /usr/bin/bsd-from to provide /usr/bin/from (from) in auto mode
Setting up libgmpxx4ldbl:amd64 (2:6.1.2+dfsg-4) ...
Setting up libboost-system1.67.0:amd64 (1.67.0-11) ...
Setting up libncurses6:amd64 (6.1+20181013-1) ...
Setting up libboost-regex1.67.0:amd64 (1.67.0-11) ...
Setting up autopoint (0.19.8.1-9) ...
Setting up libfile-stripnondeterminism-perl (1.0.0-1) ...
Setting up libgmp-dev:amd64 (2:6.1.2+dfsg-4) ...
Setting up pandoc (2.2.1-3+b1) ...
Setting up gettext (0.19.8.1-9) ...
Setting up libboost-filesystem1.67.0:amd64 (1.67.0-11) ...
Setting up groff-base (1.22.4-2) ...
Setting up autoconf (2.69-11) ...
Setting up libicu-dev (63.1-5) ...
Setting up file (1:5.34-2) ...
Setting up libkrb5support0:amd64 (1.16.2-1) ...
Setting up intltool-debian (0.35.0+20060710.4) ...
Setting up libboost-program-options1.67-dev:amd64 (1.67.0-11) ...
Setting up automake (1:1.16.1-4) ...
update-alternatives: using /usr/bin/automake-1.16 to provide /usr/bin/automake (automake) in auto mode
Setting up help2man (1.47.8) ...
Setting up libboost-system1.67-dev:amd64 (1.67.0-11) ...
Setting up man-db (2.8.5-1) ...
Not building database; man-db/auto-update is not 'true'.
Setting up nettle-dev:amd64 (3.4.1~rc1-1) ...
Setting up libboost-program-options-dev:amd64 (1.67.0.1) ...
Setting up libtool (2.4.6-6) ...
Setting up libboost-filesystem1.67-dev:amd64 (1.67.0-11) ...
Setting up libk5crypto3:amd64 (1.16.2-1) ...
Setting up po-debconf (1.0.21) ...
Setting up libboost-regex1.67-dev:amd64 (1.67.0-11) ...
Setting up libboost-filesystem-dev:amd64 (1.67.0.1) ...
Setting up libkrb5-3:amd64 (1.16.2-1) ...
Setting up libboost-iostreams1.67-dev:amd64 (1.67.0-11) ...
Setting up libgssapi-krb5-2:amd64 (1.16.2-1) ...
Setting up libboost-iostreams-dev:amd64 (1.67.0.1) ...
Setting up openssh-client (1:7.9p1-4) ...
Setting up dh-strip-nondeterminism (1.0.0-1) ...
Setting up debhelper (12) ...
Setting up dh-autoreconf (19) ...
Setting up dh-exec (0.23.1) ...
Setting up sbuild-build-depends-ssh-agent-filter-dummy (0.invalid.0) ...
Processing triggers for libc-bin (2.28-4) ...

+------------------------------------------------------------------------------+
| Build environment                                                            |
+------------------------------------------------------------------------------+

Kernel: Linux 4.9.0-8-amd64 amd64 (x86_64)
Toolchain package versions: binutils_2.31.1-11 dpkg-dev_1.19.2 g++-8_8.2.0-14 gcc-8_8.2.0-14 libc6-dev_2.28-4 libstdc++-8-dev_8.2.0-14 libstdc++6_8.2.0-14 linux-libc-dev_4.19.13-1
Package versions: adduser_3.118 apt_1.8.0~alpha3 autoconf_2.69-11 automake_1:1.16.1-4 autopoint_0.19.8.1-9 autotools-dev_20180224.1 base-files_10.1 base-passwd_3.5.45 bash_4.4.18-3.1 binutils_2.31.1-11 binutils-common_2.31.1-11 binutils-x86-64-linux-gnu_2.31.1-11 bsdmainutils_11.1.2+b1 bsdutils_1:2.33-0.2 build-essential_12.5 bzip2_1.0.6-9 clang-8_1:8~svn350193-1~exp1 coreutils_8.30-1 cpp_4:8.2.0-2 cpp-8_8.2.0-14 dash_0.5.10.2-4 debconf_1.5.69 debhelper_12 debian-archive-keyring_2018.1 debianutils_4.8.6 dh-autoreconf_19 dh-exec_0.23.1 dh-strip-nondeterminism_1.0.0-1 diffutils_1:3.6-1 dpkg_1.19.2 dpkg-dev_1.19.2 dwz_0.12-3 e2fsprogs_1.44.5-1 fakeroot_1.23-1 fdisk_2.33-0.2 file_1:5.34-2 findutils_4.6.0+git+20181018-1 g++_4:8.2.0-2 g++-8_8.2.0-14 gcc_4:8.2.0-2 gcc-8_8.2.0-14 gcc-8-base_8.2.0-14 gettext_0.19.8.1-9 gettext-base_0.19.8.1-9 gpgv_2.2.12-1 grep_3.3-1 groff-base_1.22.4-2 gzip_1.9-3 help2man_1.47.8 hostname_3.21 icu-devtools_63.1-5 init-system-helpers_1.56+nmu1 intltool-debian_0.35.0+20060710.4 lib32gcc1_1:8.2.0-14 lib32stdc++6_8.2.0-14 libacl1_2.2.52-3+b1 libapt-pkg5.0_1.8.0~alpha3 libarchive-zip-perl_1.64-1 libasan5_8.2.0-14 libatomic1_8.2.0-14 libattr1_1:2.4.47-2+b2 libaudit-common_1:2.8.4-2 libaudit1_1:2.8.4-2 libbinutils_2.31.1-11 libblkid1_2.33-0.2 libboost-filesystem-dev_1.67.0.1 libboost-filesystem1.67-dev_1.67.0-11 libboost-filesystem1.67.0_1.67.0-11 libboost-iostreams-dev_1.67.0.1 libboost-iostreams1.67-dev_1.67.0-11 libboost-iostreams1.67.0_1.67.0-11 libboost-program-options-dev_1.67.0.1 libboost-program-options1.67-dev_1.67.0-11 libboost-program-options1.67.0_1.67.0-11 libboost-regex1.67-dev_1.67.0-11 libboost-regex1.67.0_1.67.0-11 libboost-system1.67-dev_1.67.0-11 libboost-system1.67.0_1.67.0-11 libboost1.67-dev_1.67.0-11 libbsd0_0.9.1-1 libbz2-1.0_1.0.6-9 libc-bin_2.28-4 libc-dev-bin_2.28-4 libc6_2.28-4 libc6-dev_2.28-4 libc6-i386_2.28-4 libcap-ng0_0.7.9-1+b1 libcc1-0_8.2.0-14 libclang-common-8-dev_1:8~svn350193-1~exp1 libclang1-8_1:8~svn350193-1~exp1 libcom-err2_1.44.5-1 libcroco3_0.6.12-3 libdb5.3_5.3.28+dfsg1-0.2 libdebconfclient0_0.246 libdpkg-perl_1.19.2 libedit2_3.1-20181209-1 libelf1_0.175-2 libext2fs2_1.44.5-1 libfakeroot_1.23-1 libfdisk1_2.33-0.2 libffi6_3.2.1-9 libfile-stripnondeterminism-perl_1.0.0-1 libgc1c2_1:7.6.4-0.4 libgcc-8-dev_8.2.0-14 libgcc1_1:8.2.0-14 libgcrypt20_1.8.4-4 libgdbm-compat4_1.18.1-2 libgdbm6_1.18.1-2 libglib2.0-0_2.58.2-3 libgmp-dev_2:6.1.2+dfsg-4 libgmp10_2:6.1.2+dfsg-4 libgmpxx4ldbl_2:6.1.2+dfsg-4 libgnutls30_3.6.5-2 libgomp1_8.2.0-14 libgpg-error0_1.33-3 libgssapi-krb5-2_1.16.2-1 libhogweed4_3.4.1~rc1-1 libicu-dev_63.1-5 libicu63_63.1-5 libidn2-0_2.0.5-1 libisl19_0.20-2 libitm1_8.2.0-14 libk5crypto3_1.16.2-1 libkeyutils1_1.5.9-9.3 libkrb5-3_1.16.2-1 libkrb5support0_1.16.2-1 libllvm8_1:8~svn350193-1~exp1 liblocale-gettext-perl_1.07-3+b4 liblsan0_8.2.0-14 liblua5.1-0_5.1.5-8.1+b2 liblz4-1_1.8.3-1 liblzma5_5.2.2-1.3 libmagic-mgc_1:5.34-2 libmagic1_1:5.34-2 libmount1_2.33-0.2 libmpc3_1.1.0-1 libmpfr6_4.0.2~rc1-1 libmpx2_8.2.0-14 libncurses6_6.1+20181013-1 libncursesw6_6.1+20181013-1 libnettle6_3.4.1~rc1-1 libobjc-8-dev_8.2.0-14 libobjc4_8.2.0-14 libomp-8-dev_1:8~svn350193-1~exp1 libomp5-8_1:8~svn350193-1~exp1 libp11-kit0_0.23.14-2 libpam-modules_1.1.8-4 libpam-modules-bin_1.1.8-4 libpam-runtime_1.1.8-4 libpam0g_1.1.8-4 libpcre3_2:8.39-11 libperl5.28_5.28.1-3 libpipeline1_1.5.0-2 libquadmath0_8.2.0-14 libseccomp2_2.3.3-3 libselinux1_2.8-1+b1 libsemanage-common_2.8-2 libsemanage1_2.8-2 libsepol1_2.8-1 libsigsegv2_2.12-2 libsmartcols1_2.33-0.2 libss2_1.44.5-1 libssl1.1_1.1.1a-1 libstdc++-8-dev_8.2.0-14 libstdc++6_8.2.0-14 libsystemd0_240-2 libtasn1-6_4.13-3 libtinfo6_6.1+20181013-1 libtool_2.4.6-6 libtsan0_8.2.0-14 libubsan1_8.2.0-14 libuchardet0_0.0.6-3 libudev1_240-2 libunistring2_0.9.10-1 libuuid1_2.33-0.2 libxml2_2.9.4+dfsg1-7+b3 libyaml-0-2_0.2.1-1 libzstd1_1.3.8+dfsg-3 linux-libc-dev_4.19.13-1 login_1:4.5-1.1 m4_1.4.18-2 make_4.2.1-1.2 man-db_2.8.5-1 mawk_1.3.3-17+b3 mount_2.33-0.2 ncurses-base_6.1+20181013-1 ncurses-bin_6.1+20181013-1 nettle-dev_3.4.1~rc1-1 openssh-client_1:7.9p1-4 pandoc_2.2.1-3+b1 pandoc-data_2.2.1-3 passwd_1:4.5-1.1 patch_2.7.6-3 perl_5.28.1-3 perl-base_5.28.1-3 perl-modules-5.28_5.28.1-3 po-debconf_1.0.21 sbuild-build-depends-core-dummy_0.invalid.0 sbuild-build-depends-ssh-agent-filter-dummy_0.invalid.0 sed_4.7-1 sensible-utils_0.0.12 shunit2_2.1.6-1.1 sysvinit-utils_2.93-3 tar_1.30+dfsg-4 tzdata_2018i-1 util-linux_2.33-0.2 xz-utils_5.2.2-1.3 zlib1g_1:1.2.11.dfsg-1

+------------------------------------------------------------------------------+
| Build                                                                        |
+------------------------------------------------------------------------------+


Unpack source
-------------

gpgv: unknown type of key resource 'trustedkeys.kbx'
gpgv: keyblock resource '/sbuild-nonexistent/.gnupg/trustedkeys.kbx': General error
gpgv: Signature made Sat Nov 24 00:09:29 2018 UTC
gpgv:                using RSA key F3BF93C544BCC676AF4F1A3954EEAB4894A6E3ED
gpgv: Can't check signature: No public key
dpkg-source: warning: failed to verify signature on ./ssh-agent-filter_0.5.2-1.dsc
dpkg-source: info: extracting ssh-agent-filter in /<<PKGBUILDDIR>>
dpkg-source: info: unpacking ssh-agent-filter_0.5.2.orig.tar.gz
dpkg-source: info: unpacking ssh-agent-filter_0.5.2-1.debian.tar.xz

Check disk space
----------------

Sufficient free space for build

User Environment
----------------

APT_CONFIG=/var/lib/sbuild/apt.conf
HOME=/sbuild-nonexistent
LANG=en_US.UTF-8
LC_ALL=POSIX
LOGNAME=user42
PATH=/usr/local/sbin:/usr/local/bin:/usr/sbin:/usr/bin:/sbin:/bin:/usr/games
SCHROOT_ALIAS_NAME=unstable
SCHROOT_CHROOT_NAME=sid-amd64-sbuild
SCHROOT_COMMAND=env
SCHROOT_GID=1001
SCHROOT_GROUP=user42
SCHROOT_SESSION_ID=sid-amd64-sbuild-695ba87d-41bf-42ec-8409-3329db1efebd
SCHROOT_UID=1001
SCHROOT_USER=user42
SHELL=/bin/sh
USER=user42

dpkg-buildpackage
-----------------

dpkg-buildpackage: info: source package ssh-agent-filter
dpkg-buildpackage: info: source version 0.5.2-1
dpkg-buildpackage: info: source distribution unstable
dpkg-buildpackage: info: source changed by Timo Weingrtner <timo@tiwe.de>
 dpkg-source --before-build .
dpkg-buildpackage: info: host architecture amd64
 debian/rules clean
dh clean
   dh_auto_clean
	make -j4 clean
make[1]: Entering directory '/<<PKGBUILDDIR>>'
rm -f *.1 ssh-agent-filter *.o
test ! -d .git || git checkout -f -- version.h
make[1]: Leaving directory '/<<PKGBUILDDIR>>'
   dh_clean
 debian/rules binary-arch
dh binary-arch
   dh_update_autotools_config -a
   dh_autoreconf -a
   dh_auto_configure -a
   dh_auto_build -a
	make -j4 "INSTALL=install --strip-program=true"
make[1]: Entering directory '/<<PKGBUILDDIR>>'
test ! -d .git || git describe | sed 's/^.*$/#define SSH_AGENT_FILTER_VERSION "ssh-agent-filter \0"/' > version.h
pandoc -s -w man afssh.1.md -o afssh.1
pandoc -s -w man ssh-askpass-noinput.1.md -o ssh-askpass-noinput.1
g++ -g -O2 -Werror=array-bounds -Werror=clobbered -Werror=volatile-register-var -Werror=implicit-function-declaration -ffile-prefix-map=/<<PKGBUILDDIR>>=. -fstack-protector-strong -Wformat -Werror=format-security -std=c++11 -Wdate-time -D_FORTIFY_SOURCE=2 -D_FILE_OFFSET_BITS=64  -c -o ssh-agent-filter.o ssh-agent-filter.C
clang: error: unknown argument: '-ffile-prefix-map=/<<PKGBUILDDIR>>=.'
make[1]: *** [<builtin>: ssh-agent-filter.o] Error 1
make[1]: Leaving directory '/<<PKGBUILDDIR>>'
dh_auto_build: make -j4 "INSTALL=install --strip-program=true" returned exit code 2
make: *** [debian/rules:6: binary-arch] Error 2
dpkg-buildpackage: error: debian/rules binary-arch subprocess returned exit status 2
--------------------------------------------------------------------------------
Build finished at 2019-01-09T22:26:21Z

Finished
--------


+------------------------------------------------------------------------------+
| Cleanup                                                                      |
+------------------------------------------------------------------------------+

Purging /<<BUILDDIR>>
Not cleaning session: cloned chroot in use
E: Build failure (dpkg-buildpackage died)

+------------------------------------------------------------------------------+
| Summary                                                                      |
+------------------------------------------------------------------------------+

Build Architecture: amd64
Build Type: any
Build-Space: 232
Build-Time: 0
Distribution: unstable
Fail-Stage: build
Host Architecture: amd64
Install-Time: 16
Job: ssh-agent-filter_0.5.2-1
Machine Architecture: amd64
Package: ssh-agent-filter
Package-Time: 30
Source-Version: 0.5.2-1
Space: 232
Status: attempted
Version: 0.5.2-1
--------------------------------------------------------------------------------
Finished at 2019-01-09T22:26:21Z
Build needed 00:00:30, 232k disk space
E: Build failure (dpkg-buildpackage died)
DC-Status: Failed 31.513663667s
