DC-Build-Header: tlsh 3.4.4+20151206-1 / 2019-01-09 22:24:03 +0000
DC-Task: type:rebuild-binarch-only source:tlsh version:3.4.4+20151206-1 chroot:unstable esttime:61 logfile:/tmp/tlsh_3.4.4+20151206-1_unstable_clang8.log modes:clang8:binarch-only
DC-Sbuild-call: su user42 -c 'sbuild -n --arch-any --apt-update -d unstable -v  --chroot-setup-commands=/tmp/clang8 tlsh_3.4.4+20151206-1'
sbuild (Debian sbuild) 0.73.0 (23 Dec 2016) on ip-172-31-1-144.eu-central-1.compute.internal

+==============================================================================+
| tlsh 3.4.4+20151206-1 (amd64)                Wed, 09 Jan 2019 22:24:03 +0000 |
+==============================================================================+

Package: tlsh
Version: 3.4.4+20151206-1
Source Version: 3.4.4+20151206-1
Distribution: unstable
Machine Architecture: amd64
Host Architecture: amd64
Build Architecture: amd64
Build Type: any

I: NOTICE: Log filtering will replace 'var/run/schroot/mount/sid-amd64-sbuild-d1d05138-756a-4a3b-9a40-24c4a05404ab' with '<<CHROOT>>'

+------------------------------------------------------------------------------+
| Chroot Setup Commands                                                        |
+------------------------------------------------------------------------------+


/tmp/clang8
-----------

+ echo 'Entering customization script...'
Entering customization script...
+ CLANG_VERSION=8
+ echo 'Install of clang-8'
Install of clang-8
+ echo deb http://127.0.0.1:9999/debian experimental main
+ apt-get update
Get:1 http://127.0.0.1:9999/debian sid InRelease [238 kB]
Get:2 http://127.0.0.1:9999/debian experimental InRelease [101 kB]
Get:3 http://127.0.0.1:9999/debian sid/main Sources.diff/Index [27.9 kB]
Get:4 http://127.0.0.1:9999/debian sid/main amd64 Packages.diff/Index [27.9 kB]
Get:5 http://127.0.0.1:9999/debian sid/main Sources 2019-01-09-1430.36.pdiff [24.1 kB]
Get:6 http://127.0.0.1:9999/debian sid/main Sources 2019-01-09-2026.40.pdiff [16.8 kB]
Get:7 http://127.0.0.1:9999/debian sid/main amd64 Packages 2019-01-09-1430.36.pdiff [40.9 kB]
Get:8 http://127.0.0.1:9999/debian sid/main amd64 Packages 2019-01-09-2026.40.pdiff [32.0 kB]
Get:6 http://127.0.0.1:9999/debian sid/main Sources 2019-01-09-2026.40.pdiff [16.8 kB]
Get:8 http://127.0.0.1:9999/debian sid/main amd64 Packages 2019-01-09-2026.40.pdiff [32.0 kB]
Get:9 http://127.0.0.1:9999/debian sid/main Translation-en [6274 kB]
Get:10 http://127.0.0.1:9999/debian experimental/main amd64 Packages [248 kB]
Get:11 http://127.0.0.1:9999/debian experimental/main Translation-en [173 kB]
Fetched 7204 kB in 2s (3620 kB/s)
Reading package lists...
+ apt-get install --yes --no-install-recommends --force-yes clang-8 libomp-8-dev libobjc-8-dev
Reading package lists...
Building dependency tree...
The following additional packages will be installed:
  lib32gcc1 lib32stdc++6 libbsd0 libc6-i386 libclang-common-8-dev libclang1-8
  libedit2 libgc1c2 libllvm8 libobjc4 libomp5-8
Suggested packages:
  clang-8-doc libomp-8-doc
Recommended packages:
  llvm-8-dev python
The following NEW packages will be installed:
  clang-8 lib32gcc1 lib32stdc++6 libbsd0 libc6-i386 libclang-common-8-dev
  libclang1-8 libedit2 libgc1c2 libllvm8 libobjc-8-dev libobjc4 libomp-8-dev
  libomp5-8
0 upgraded, 14 newly installed, 0 to remove and 5 not upgraded.
Need to get 35.8 MB of archives.
After this operation, 191 MB of additional disk space will be used.
Get:1 http://127.0.0.1:9999/debian sid/main amd64 libbsd0 amd64 0.9.1-1 [99.3 kB]
Get:2 http://127.0.0.1:9999/debian sid/main amd64 libedit2 amd64 3.1-20181209-1 [94.0 kB]
Get:3 http://127.0.0.1:9999/debian experimental/main amd64 libllvm8 amd64 1:8~svn350193-1~exp1 [13.8 MB]
Get:4 http://127.0.0.1:9999/debian sid/main amd64 libgc1c2 amd64 1:7.6.4-0.4 [224 kB]
Get:5 http://127.0.0.1:9999/debian sid/main amd64 libobjc4 amd64 8.2.0-14 [50.4 kB]
Get:6 http://127.0.0.1:9999/debian sid/main amd64 libobjc-8-dev amd64 8.2.0-14 [225 kB]
Get:7 http://127.0.0.1:9999/debian sid/main amd64 libc6-i386 amd64 2.28-4 [2873 kB]
Get:8 http://127.0.0.1:9999/debian sid/main amd64 lib32gcc1 amd64 1:8.2.0-14 [47.9 kB]
Get:9 http://127.0.0.1:9999/debian sid/main amd64 lib32stdc++6 amd64 8.2.0-14 [406 kB]
Get:10 http://127.0.0.1:9999/debian experimental/main amd64 libclang-common-8-dev amd64 1:8~svn350193-1~exp1 [3350 kB]
Get:11 http://127.0.0.1:9999/debian experimental/main amd64 libclang1-8 amd64 1:8~svn350193-1~exp1 [6255 kB]
Get:12 http://127.0.0.1:9999/debian experimental/main amd64 clang-8 amd64 1:8~svn350193-1~exp1 [8025 kB]
Get:13 http://127.0.0.1:9999/debian experimental/main amd64 libomp5-8 amd64 1:8~svn350193-1~exp1 [328 kB]
Get:14 http://127.0.0.1:9999/debian experimental/main amd64 libomp-8-dev amd64 1:8~svn350193-1~exp1 [58.5 kB]
debconf: delaying package configuration, since apt-utils is not installed
Fetched 35.8 MB in 0s (120 MB/s)
Selecting previously unselected package libbsd0:amd64.
(Reading database ... (Reading database ... 5%(Reading database ... 10%(Reading database ... 15%(Reading database ... 20%(Reading database ... 25%(Reading database ... 30%(Reading database ... 35%(Reading database ... 40%(Reading database ... 45%(Reading database ... 50%(Reading database ... 55%(Reading database ... 60%(Reading database ... 65%(Reading database ... 70%(Reading database ... 75%(Reading database ... 80%(Reading database ... 85%(Reading database ... 90%(Reading database ... 95%(Reading database ... 100%(Reading database ... 11802 files and directories currently installed.)
Preparing to unpack .../00-libbsd0_0.9.1-1_amd64.deb ...
Unpacking libbsd0:amd64 (0.9.1-1) ...
Selecting previously unselected package libedit2:amd64.
Preparing to unpack .../01-libedit2_3.1-20181209-1_amd64.deb ...
Unpacking libedit2:amd64 (3.1-20181209-1) ...
Selecting previously unselected package libllvm8:amd64.
Preparing to unpack .../02-libllvm8_1%3a8~svn350193-1~exp1_amd64.deb ...
Unpacking libllvm8:amd64 (1:8~svn350193-1~exp1) ...
Selecting previously unselected package libgc1c2:amd64.
Preparing to unpack .../03-libgc1c2_1%3a7.6.4-0.4_amd64.deb ...
Unpacking libgc1c2:amd64 (1:7.6.4-0.4) ...
Selecting previously unselected package libobjc4:amd64.
Preparing to unpack .../04-libobjc4_8.2.0-14_amd64.deb ...
Unpacking libobjc4:amd64 (8.2.0-14) ...
Selecting previously unselected package libobjc-8-dev:amd64.
Preparing to unpack .../05-libobjc-8-dev_8.2.0-14_amd64.deb ...
Unpacking libobjc-8-dev:amd64 (8.2.0-14) ...
Selecting previously unselected package libc6-i386.
Preparing to unpack .../06-libc6-i386_2.28-4_amd64.deb ...
Unpacking libc6-i386 (2.28-4) ...
Selecting previously unselected package lib32gcc1.
Preparing to unpack .../07-lib32gcc1_1%3a8.2.0-14_amd64.deb ...
Unpacking lib32gcc1 (1:8.2.0-14) ...
Selecting previously unselected package lib32stdc++6.
Preparing to unpack .../08-lib32stdc++6_8.2.0-14_amd64.deb ...
Unpacking lib32stdc++6 (8.2.0-14) ...
Selecting previously unselected package libclang-common-8-dev.
Preparing to unpack .../09-libclang-common-8-dev_1%3a8~svn350193-1~exp1_amd64.deb ...
Unpacking libclang-common-8-dev (1:8~svn350193-1~exp1) ...
Selecting previously unselected package libclang1-8:amd64.
Preparing to unpack .../10-libclang1-8_1%3a8~svn350193-1~exp1_amd64.deb ...
Unpacking libclang1-8:amd64 (1:8~svn350193-1~exp1) ...
Selecting previously unselected package clang-8.
Preparing to unpack .../11-clang-8_1%3a8~svn350193-1~exp1_amd64.deb ...
Unpacking clang-8 (1:8~svn350193-1~exp1) ...
Selecting previously unselected package libomp5-8:amd64.
Preparing to unpack .../12-libomp5-8_1%3a8~svn350193-1~exp1_amd64.deb ...
Unpacking libomp5-8:amd64 (1:8~svn350193-1~exp1) ...
Selecting previously unselected package libomp-8-dev.
Preparing to unpack .../13-libomp-8-dev_1%3a8~svn350193-1~exp1_amd64.deb ...
Unpacking libomp-8-dev (1:8~svn350193-1~exp1) ...
Setting up libomp5-8:amd64 (1:8~svn350193-1~exp1) ...
Setting up libgc1c2:amd64 (1:7.6.4-0.4) ...
Setting up libc6-i386 (2.28-4) ...
Setting up libbsd0:amd64 (0.9.1-1) ...
Setting up libomp-8-dev (1:8~svn350193-1~exp1) ...
Processing triggers for libc-bin (2.28-4) ...
Setting up lib32gcc1 (1:8.2.0-14) ...
Setting up libedit2:amd64 (3.1-20181209-1) ...
Setting up libobjc4:amd64 (8.2.0-14) ...
Setting up libobjc-8-dev:amd64 (8.2.0-14) ...
Setting up libllvm8:amd64 (1:8~svn350193-1~exp1) ...
Setting up libclang1-8:amd64 (1:8~svn350193-1~exp1) ...
Setting up lib32stdc++6 (8.2.0-14) ...
Setting up libclang-common-8-dev (1:8~svn350193-1~exp1) ...
Setting up clang-8 (1:8~svn350193-1~exp1) ...
Processing triggers for libc-bin (2.28-4) ...
W: --force-yes is deprecated, use one of the options starting with --allow instead.
+ echo 'Replace gcc, g++ & cpp by clang'
Replace gcc, g++ & cpp by clang
+ VERSIONS='4.6 4.7 4.8 4.9 5 6 7 8'
+ cd /usr/bin
+ for VERSION in $VERSIONS
+ rm -f g++-4.6 gcc-4.6 cpp-4.6 gcc
+ ln -s clang++-8 g++-4.6
+ ln -s clang-8 gcc-4.6
+ ln -s clang-8 cpp-4.6
+ ln -s clang-8 gcc
+ echo 'gcc-4.6 hold'
+ dpkg --set-selections
dpkg: warning: package not in status nor available database at line 1: gcc-4.6
dpkg: warning: found unknown packages; this might mean the available database
is outdated, and needs to be updated through a frontend method;
please see the FAQ <https://wiki.debian.org/Teams/Dpkg/FAQ>
+ echo 'g++-4.6 hold'
+ dpkg --set-selections
dpkg: warning: package not in status nor available database at line 1: g++-4.6
dpkg: warning: found unknown packages; this might mean the available database
is outdated, and needs to be updated through a frontend method;
please see the FAQ <https://wiki.debian.org/Teams/Dpkg/FAQ>
+ for VERSION in $VERSIONS
+ rm -f g++-4.7 gcc-4.7 cpp-4.7 gcc
+ ln -s clang++-8 g++-4.7
+ ln -s clang-8 gcc-4.7
+ ln -s clang-8 cpp-4.7
+ ln -s clang-8 gcc
+ echo 'gcc-4.7 hold'
+ dpkg --set-selections
dpkg: warning: package not in status nor available database at line 1: gcc-4.7
dpkg: warning: found unknown packages; this might mean the available database
is outdated, and needs to be updated through a frontend method;
please see the FAQ <https://wiki.debian.org/Teams/Dpkg/FAQ>
+ echo 'g++-4.7 hold'
+ dpkg --set-selections
dpkg: warning: package not in status nor available database at line 1: g++-4.7
dpkg: warning: found unknown packages; this might mean the available database
is outdated, and needs to be updated through a frontend method;
please see the FAQ <https://wiki.debian.org/Teams/Dpkg/FAQ>
+ for VERSION in $VERSIONS
+ rm -f g++-4.8 gcc-4.8 cpp-4.8 gcc
+ ln -s clang++-8 g++-4.8
+ ln -s clang-8 gcc-4.8
+ ln -s clang-8 cpp-4.8
+ ln -s clang-8 gcc
+ echo 'gcc-4.8 hold'
+ dpkg --set-selections
dpkg: warning: package not in status nor available database at line 1: gcc-4.8
dpkg: warning: found unknown packages; this might mean the available database
is outdated, and needs to be updated through a frontend method;
please see the FAQ <https://wiki.debian.org/Teams/Dpkg/FAQ>
+ echo 'g++-4.8 hold'
+ dpkg --set-selections
dpkg: warning: package not in status nor available database at line 1: g++-4.8
dpkg: warning: found unknown packages; this might mean the available database
is outdated, and needs to be updated through a frontend method;
please see the FAQ <https://wiki.debian.org/Teams/Dpkg/FAQ>
+ for VERSION in $VERSIONS
+ rm -f g++-4.9 gcc-4.9 cpp-4.9 gcc
+ ln -s clang++-8 g++-4.9
+ ln -s clang-8 gcc-4.9
+ ln -s clang-8 cpp-4.9
+ ln -s clang-8 gcc
+ echo 'gcc-4.9 hold'
+ dpkg --set-selections
dpkg: warning: package not in status nor available database at line 1: gcc-4.9
dpkg: warning: found unknown packages; this might mean the available database
is outdated, and needs to be updated through a frontend method;
please see the FAQ <https://wiki.debian.org/Teams/Dpkg/FAQ>
+ echo 'g++-4.9 hold'
+ dpkg --set-selections
dpkg: warning: package not in status nor available database at line 1: g++-4.9
dpkg: warning: found unknown packages; this might mean the available database
is outdated, and needs to be updated through a frontend method;
please see the FAQ <https://wiki.debian.org/Teams/Dpkg/FAQ>
+ for VERSION in $VERSIONS
+ rm -f g++-5 gcc-5 cpp-5 gcc
+ ln -s clang++-8 g++-5
+ ln -s clang-8 gcc-5
+ ln -s clang-8 cpp-5
+ ln -s clang-8 gcc
+ echo 'gcc-5 hold'
+ dpkg --set-selections
dpkg: warning: package not in status nor available database at line 1: gcc-5
dpkg: warning: found unknown packages; this might mean the available database
is outdated, and needs to be updated through a frontend method;
please see the FAQ <https://wiki.debian.org/Teams/Dpkg/FAQ>
+ echo 'g++-5 hold'
+ dpkg --set-selections
dpkg: warning: package not in status nor available database at line 1: g++-5
dpkg: warning: found unknown packages; this might mean the available database
is outdated, and needs to be updated through a frontend method;
please see the FAQ <https://wiki.debian.org/Teams/Dpkg/FAQ>
+ for VERSION in $VERSIONS
+ rm -f g++-6 gcc-6 cpp-6 gcc
+ ln -s clang++-8 g++-6
+ ln -s clang-8 gcc-6
+ ln -s clang-8 cpp-6
+ ln -s clang-8 gcc
+ echo 'gcc-6 hold'
+ dpkg --set-selections
dpkg: warning: package not in status nor available database at line 1: gcc-6
dpkg: warning: found unknown packages; this might mean the available database
is outdated, and needs to be updated through a frontend method;
please see the FAQ <https://wiki.debian.org/Teams/Dpkg/FAQ>
+ echo 'g++-6 hold'
+ dpkg --set-selections
dpkg: warning: package not in status nor available database at line 1: g++-6
dpkg: warning: found unknown packages; this might mean the available database
is outdated, and needs to be updated through a frontend method;
please see the FAQ <https://wiki.debian.org/Teams/Dpkg/FAQ>
+ for VERSION in $VERSIONS
+ rm -f g++-7 gcc-7 cpp-7 gcc
+ ln -s clang++-8 g++-7
+ ln -s clang-8 gcc-7
+ ln -s clang-8 cpp-7
+ ln -s clang-8 gcc
+ echo 'gcc-7 hold'
+ dpkg --set-selections
dpkg: warning: package not in status nor available database at line 1: gcc-7
dpkg: warning: found unknown packages; this might mean the available database
is outdated, and needs to be updated through a frontend method;
please see the FAQ <https://wiki.debian.org/Teams/Dpkg/FAQ>
+ echo 'g++-7 hold'
+ dpkg --set-selections
dpkg: warning: package not in status nor available database at line 1: g++-7
dpkg: warning: found unknown packages; this might mean the available database
is outdated, and needs to be updated through a frontend method;
please see the FAQ <https://wiki.debian.org/Teams/Dpkg/FAQ>
+ for VERSION in $VERSIONS
+ rm -f g++-8 gcc-8 cpp-8 gcc
+ ln -s clang++-8 g++-8
+ ln -s clang-8 gcc-8
+ ln -s clang-8 cpp-8
+ ln -s clang-8 gcc
+ echo 'gcc-8 hold'
+ dpkg --set-selections
+ echo 'g++-8 hold'
+ dpkg --set-selections
+ cd -
/build/tlsh-BnPYvd
+ echo 'Check if gcc, g++ & cpp are actually clang'
Check if gcc, g++ & cpp are actually clang
+ gcc --version
+ grep clang
+ cpp --version
+ grep clang
+ g++ --version
+ grep clang

I: Finished running '/tmp/clang8'.

Finished processing commands.
--------------------------------------------------------------------------------

+------------------------------------------------------------------------------+
| Update chroot                                                                |
+------------------------------------------------------------------------------+

Hit:1 http://127.0.0.1:9999/debian sid InRelease
Hit:2 http://127.0.0.1:9999/debian experimental InRelease
Reading package lists...
Reading package lists...
Building dependency tree...
Reading state information...
Calculating upgrade...
The following packages will be upgraded:
  libmpfr6 libpam-modules libpam-modules-bin libpam-runtime libpam0g
5 upgraded, 0 newly installed, 0 to remove and 0 not upgraded.
Need to get 1519 kB of archives.
After this operation, 7168 B of additional disk space will be used.
Get:1 http://127.0.0.1:9999/debian sid/main amd64 libpam0g amd64 1.1.8-4 [124 kB]
Get:2 http://127.0.0.1:9999/debian sid/main amd64 libpam-modules-bin amd64 1.1.8-4 [106 kB]
Get:3 http://127.0.0.1:9999/debian sid/main amd64 libpam-modules amd64 1.1.8-4 [305 kB]
Get:4 http://127.0.0.1:9999/debian sid/main amd64 libpam-runtime all 1.1.8-4 [211 kB]
Get:5 http://127.0.0.1:9999/debian sid/main amd64 libmpfr6 amd64 4.0.2~rc1-1 [773 kB]
debconf: delaying package configuration, since apt-utils is not installed
Fetched 1519 kB in 0s (79.1 MB/s)
(Reading database ... (Reading database ... 5%(Reading database ... 10%(Reading database ... 15%(Reading database ... 20%(Reading database ... 25%(Reading database ... 30%(Reading database ... 35%(Reading database ... 40%(Reading database ... 45%(Reading database ... 50%(Reading database ... 55%(Reading database ... 60%(Reading database ... 65%(Reading database ... 70%(Reading database ... 75%(Reading database ... 80%(Reading database ... 85%(Reading database ... 90%(Reading database ... 95%(Reading database ... 100%(Reading database ... 12592 files and directories currently installed.)
Preparing to unpack .../libpam0g_1.1.8-4_amd64.deb ...
Unpacking libpam0g:amd64 (1.1.8-4) over (1.1.8-3.8) ...
Setting up libpam0g:amd64 (1.1.8-4) ...
(Reading database ... (Reading database ... 5%(Reading database ... 10%(Reading database ... 15%(Reading database ... 20%(Reading database ... 25%(Reading database ... 30%(Reading database ... 35%(Reading database ... 40%(Reading database ... 45%(Reading database ... 50%(Reading database ... 55%(Reading database ... 60%(Reading database ... 65%(Reading database ... 70%(Reading database ... 75%(Reading database ... 80%(Reading database ... 85%(Reading database ... 90%(Reading database ... 95%(Reading database ... 100%(Reading database ... 12592 files and directories currently installed.)
Preparing to unpack .../libpam-modules-bin_1.1.8-4_amd64.deb ...
Unpacking libpam-modules-bin (1.1.8-4) over (1.1.8-3.8) ...
Setting up libpam-modules-bin (1.1.8-4) ...
(Reading database ... (Reading database ... 5%(Reading database ... 10%(Reading database ... 15%(Reading database ... 20%(Reading database ... 25%(Reading database ... 30%(Reading database ... 35%(Reading database ... 40%(Reading database ... 45%(Reading database ... 50%(Reading database ... 55%(Reading database ... 60%(Reading database ... 65%(Reading database ... 70%(Reading database ... 75%(Reading database ... 80%(Reading database ... 85%(Reading database ... 90%(Reading database ... 95%(Reading database ... 100%(Reading database ... 12592 files and directories currently installed.)
Preparing to unpack .../libpam-modules_1.1.8-4_amd64.deb ...
Unpacking libpam-modules:amd64 (1.1.8-4) over (1.1.8-3.8) ...
Setting up libpam-modules:amd64 (1.1.8-4) ...
(Reading database ... (Reading database ... 5%(Reading database ... 10%(Reading database ... 15%(Reading database ... 20%(Reading database ... 25%(Reading database ... 30%(Reading database ... 35%(Reading database ... 40%(Reading database ... 45%(Reading database ... 50%(Reading database ... 55%(Reading database ... 60%(Reading database ... 65%(Reading database ... 70%(Reading database ... 75%(Reading database ... 80%(Reading database ... 85%(Reading database ... 90%(Reading database ... 95%(Reading database ... 100%(Reading database ... 12592 files and directories currently installed.)
Preparing to unpack .../libpam-runtime_1.1.8-4_all.deb ...
Unpacking libpam-runtime (1.1.8-4) over (1.1.8-3.8) ...
Setting up libpam-runtime (1.1.8-4) ...
(Reading database ... (Reading database ... 5%(Reading database ... 10%(Reading database ... 15%(Reading database ... 20%(Reading database ... 25%(Reading database ... 30%(Reading database ... 35%(Reading database ... 40%(Reading database ... 45%(Reading database ... 50%(Reading database ... 55%(Reading database ... 60%(Reading database ... 65%(Reading database ... 70%(Reading database ... 75%(Reading database ... 80%(Reading database ... 85%(Reading database ... 90%(Reading database ... 95%(Reading database ... 100%(Reading database ... 12592 files and directories currently installed.)
Preparing to unpack .../libmpfr6_4.0.2~rc1-1_amd64.deb ...
Unpacking libmpfr6:amd64 (4.0.2~rc1-1) over (4.0.1-2) ...
Setting up libmpfr6:amd64 (4.0.2~rc1-1) ...
Processing triggers for libc-bin (2.28-4) ...

+------------------------------------------------------------------------------+
| Fetch source files                                                           |
+------------------------------------------------------------------------------+


Check APT
---------

Checking available source versions...

Download source files with APT
------------------------------

Reading package lists...
NOTICE: 'tlsh' packaging is maintained in the 'Git' version control system at:
git://anonscm.debian.org/collab-maint/tlsh.git
Please use:
git clone git://anonscm.debian.org/collab-maint/tlsh.git
to retrieve the latest (possibly unreleased) updates to the package.
Need to get 1429 kB of source archives.
Get:1 http://127.0.0.1:9999/debian sid/main tlsh 3.4.4+20151206-1 (dsc) [2168 B]
Get:2 http://127.0.0.1:9999/debian sid/main tlsh 3.4.4+20151206-1 (tar) [1418 kB]
Get:3 http://127.0.0.1:9999/debian sid/main tlsh 3.4.4+20151206-1 (diff) [9160 B]
Fetched 1429 kB in 1s (2187 kB/s)
Download complete and in download only mode
I: NOTICE: Log filtering will replace 'build/tlsh-BnPYvd/tlsh-3.4.4+20151206' with '<<PKGBUILDDIR>>'
I: NOTICE: Log filtering will replace 'build/tlsh-BnPYvd' with '<<BUILDDIR>>'

+------------------------------------------------------------------------------+
| Install build-essential                                                      |
+------------------------------------------------------------------------------+


Setup apt archive
-----------------

Merged Build-Depends: build-essential, fakeroot
Filtered Build-Depends: build-essential, fakeroot
dpkg-deb: building package 'sbuild-build-depends-core-dummy' in '/<<BUILDDIR>>/resolver-GpQFdI/apt_archive/sbuild-build-depends-core-dummy.deb'.
dpkg-scanpackages: warning: Packages in archive but missing from override file:
dpkg-scanpackages: warning:   sbuild-build-depends-core-dummy
dpkg-scanpackages: info: Wrote 1 entries to output Packages file.
Ign:1 copy:/<<BUILDDIR>>/resolver-GpQFdI/apt_archive ./ InRelease
Get:2 copy:/<<BUILDDIR>>/resolver-GpQFdI/apt_archive ./ Release [957 B]
Ign:3 copy:/<<BUILDDIR>>/resolver-GpQFdI/apt_archive ./ Release.gpg
Get:4 copy:/<<BUILDDIR>>/resolver-GpQFdI/apt_archive ./ Sources [349 B]
Get:5 copy:/<<BUILDDIR>>/resolver-GpQFdI/apt_archive ./ Packages [431 B]
Fetched 1737 B in 0s (0 B/s)
Reading package lists...
Reading package lists...

Install core build dependencies (apt-based resolver)
----------------------------------------------------

Installing build dependencies
Reading package lists...
Building dependency tree...
Reading state information...
The following NEW packages will be installed:
  sbuild-build-depends-core-dummy
0 upgraded, 1 newly installed, 0 to remove and 0 not upgraded.
Need to get 856 B of archives.
After this operation, 0 B of additional disk space will be used.
Get:1 copy:/<<BUILDDIR>>/resolver-GpQFdI/apt_archive ./ sbuild-build-depends-core-dummy 0.invalid.0 [856 B]
debconf: delaying package configuration, since apt-utils is not installed
Fetched 856 B in 0s (0 B/s)
Selecting previously unselected package sbuild-build-depends-core-dummy.
(Reading database ... 12592 files and directories currently installed.)
Preparing to unpack .../sbuild-build-depends-core-dummy_0.invalid.0_amd64.deb ...
Unpacking sbuild-build-depends-core-dummy (0.invalid.0) ...
Setting up sbuild-build-depends-core-dummy (0.invalid.0) ...

+------------------------------------------------------------------------------+
| Check architectures                                                          |
+------------------------------------------------------------------------------+

Arch check ok (amd64 included in any)

+------------------------------------------------------------------------------+
| Install package build dependencies                                           |
+------------------------------------------------------------------------------+


Setup apt archive
-----------------

Merged Build-Depends: cmake, debhelper (>= 9), dh-python, python-all-dev, python3-all-dev, python-docutils, python-setuptools
Filtered Build-Depends: cmake, debhelper (>= 9), dh-python, python-all-dev, python3-all-dev, python-docutils, python-setuptools
dpkg-deb: building package 'sbuild-build-depends-tlsh-dummy' in '/<<BUILDDIR>>/resolver-GpQFdI/apt_archive/sbuild-build-depends-tlsh-dummy.deb'.
dpkg-scanpackages: warning: Packages in archive but missing from override file:
dpkg-scanpackages: warning:   sbuild-build-depends-core-dummy sbuild-build-depends-tlsh-dummy
dpkg-scanpackages: info: Wrote 2 entries to output Packages file.
Ign:1 copy:/<<BUILDDIR>>/resolver-GpQFdI/apt_archive ./ InRelease
Get:2 copy:/<<BUILDDIR>>/resolver-GpQFdI/apt_archive ./ Release [963 B]
Ign:3 copy:/<<BUILDDIR>>/resolver-GpQFdI/apt_archive ./ Release.gpg
Get:4 copy:/<<BUILDDIR>>/resolver-GpQFdI/apt_archive ./ Sources [523 B]
Get:5 copy:/<<BUILDDIR>>/resolver-GpQFdI/apt_archive ./ Packages [603 B]
Fetched 2089 B in 0s (0 B/s)
Reading package lists...
Reading package lists...

Install tlsh build dependencies (apt-based resolver)
----------------------------------------------------

Installing build dependencies
Reading package lists...
Building dependency tree...
Reading state information...
The following additional packages will be installed:
  autoconf automake autopoint autotools-dev bsdmainutils cmake cmake-data
  debhelper dh-autoreconf dh-python dh-strip-nondeterminism docutils-common
  dwz file gettext gettext-base groff-base intltool-debian libarchive-zip-perl
  libarchive13 libcroco3 libcurl4 libelf1 libexpat1 libexpat1-dev
  libfile-stripnondeterminism-perl libglib2.0-0 libgssapi-krb5-2 libicu63
  libjsoncpp1 libk5crypto3 libkeyutils1 libkrb5-3 libkrb5support0
  libldap-2.4-2 libldap-common libmagic-mgc libmagic1 libmpdec2 libncurses6
  libnghttp2-14 libpipeline1 libprocps7 libpsl5 libpython-all-dev
  libpython-dev libpython-stdlib libpython2-dev libpython2-stdlib libpython2.7
  libpython2.7-dev libpython2.7-minimal libpython2.7-stdlib libpython3-all-dev
  libpython3-dev libpython3-stdlib libpython3.7 libpython3.7-dev
  libpython3.7-minimal libpython3.7-stdlib libreadline7 librhash0 librtmp1
  libsasl2-2 libsasl2-modules-db libsigsegv2 libsqlite3-0 libssh2-1 libssl1.1
  libtool libuchardet0 libuv1 libxml2 lsb-base m4 man-db mime-support
  po-debconf procps python python-all python-all-dev python-dev
  python-docutils python-minimal python-pkg-resources python-roman
  python-setuptools python2 python2-dev python2-minimal python2.7
  python2.7-dev python2.7-minimal python3 python3-all python3-all-dev
  python3-dev python3-distutils python3-lib2to3 python3-minimal python3.7
  python3.7-dev python3.7-minimal readline-common sensible-utils sgml-base
  xml-core
Suggested packages:
  autoconf-archive gnu-standards autoconf-doc wamerican | wordlist whois
  vacation cmake-doc ninja-build dh-make gettext-doc libasprintf-dev
  libgettextpo-dev groff lrzip krb5-doc krb5-user libtool-doc gfortran
  | fortran95-compiler gcj-jdk m4-doc apparmor less www-browser
  libmail-box-perl python-doc python-tk fonts-linuxlibertine
  | ttf-linux-libertine texlive-lang-french texlive-latex-base
  texlive-latex-recommended python-setuptools-doc python2-doc python2.7-doc
  binfmt-support python3-doc python3-tk python3-venv python3.7-venv
  python3.7-doc readline-doc sgml-base-doc
Recommended packages:
  curl | wget | lynx ca-certificates libarchive-cpio-perl libglib2.0-data
  shared-mime-info xdg-user-dirs krb5-locales libgpm2 publicsuffix
  libsasl2-modules libltdl-dev libmail-sendmail-perl psmisc docutils-doc
  libpaper-utils python-pil python-pygments
The following NEW packages will be installed:
  autoconf automake autopoint autotools-dev bsdmainutils cmake cmake-data
  debhelper dh-autoreconf dh-python dh-strip-nondeterminism docutils-common
  dwz file gettext gettext-base groff-base intltool-debian libarchive-zip-perl
  libarchive13 libcroco3 libcurl4 libelf1 libexpat1 libexpat1-dev
  libfile-stripnondeterminism-perl libglib2.0-0 libgssapi-krb5-2 libicu63
  libjsoncpp1 libk5crypto3 libkeyutils1 libkrb5-3 libkrb5support0
  libldap-2.4-2 libldap-common libmagic-mgc libmagic1 libmpdec2 libncurses6
  libnghttp2-14 libpipeline1 libprocps7 libpsl5 libpython-all-dev
  libpython-dev libpython-stdlib libpython2-dev libpython2-stdlib libpython2.7
  libpython2.7-dev libpython2.7-minimal libpython2.7-stdlib libpython3-all-dev
  libpython3-dev libpython3-stdlib libpython3.7 libpython3.7-dev
  libpython3.7-minimal libpython3.7-stdlib libreadline7 librhash0 librtmp1
  libsasl2-2 libsasl2-modules-db libsigsegv2 libsqlite3-0 libssh2-1 libssl1.1
  libtool libuchardet0 libuv1 libxml2 lsb-base m4 man-db mime-support
  po-debconf procps python python-all python-all-dev python-dev
  python-docutils python-minimal python-pkg-resources python-roman
  python-setuptools python2 python2-dev python2-minimal python2.7
  python2.7-dev python2.7-minimal python3 python3-all python3-all-dev
  python3-dev python3-distutils python3-lib2to3 python3-minimal python3.7
  python3.7-dev python3.7-minimal readline-common
  sbuild-build-depends-tlsh-dummy sensible-utils sgml-base xml-core
0 upgraded, 109 newly installed, 0 to remove and 0 not upgraded.
Need to get 123 MB of archives.
After this operation, 303 MB of additional disk space will be used.
Get:1 copy:/<<BUILDDIR>>/resolver-GpQFdI/apt_archive ./ sbuild-build-depends-tlsh-dummy 0.invalid.0 [888 B]
Get:2 http://127.0.0.1:9999/debian sid/main amd64 bsdmainutils amd64 11.1.2+b1 [191 kB]
Get:3 http://127.0.0.1:9999/debian sid/main amd64 libuchardet0 amd64 0.0.6-3 [64.9 kB]
Get:4 http://127.0.0.1:9999/debian sid/main amd64 groff-base amd64 1.22.4-2 [917 kB]
Get:5 http://127.0.0.1:9999/debian sid/main amd64 libpipeline1 amd64 1.5.0-2 [29.5 kB]
Get:6 http://127.0.0.1:9999/debian sid/main amd64 man-db amd64 2.8.5-1 [1274 kB]
Get:7 http://127.0.0.1:9999/debian sid/main amd64 libpython2.7-minimal amd64 2.7.15-5 [394 kB]
Get:8 http://127.0.0.1:9999/debian sid/main amd64 python2.7-minimal amd64 2.7.15-5 [1365 kB]
Get:9 http://127.0.0.1:9999/debian sid/main amd64 python2-minimal amd64 2.7.15-3 [41.3 kB]
Get:10 http://127.0.0.1:9999/debian sid/main amd64 python-minimal amd64 2.7.15-3 [20.9 kB]
Get:11 http://127.0.0.1:9999/debian sid/main amd64 mime-support all 3.61 [37.1 kB]
Get:12 http://127.0.0.1:9999/debian sid/main amd64 libexpat1 amd64 2.2.6-1 [105 kB]
Get:13 http://127.0.0.1:9999/debian sid/main amd64 readline-common all 7.0-5 [70.6 kB]
Get:14 http://127.0.0.1:9999/debian sid/main amd64 libreadline7 amd64 7.0-5 [151 kB]
Get:15 http://127.0.0.1:9999/debian sid/main amd64 libsqlite3-0 amd64 3.26.0+fossilbc891ac6b-1 [634 kB]
Get:16 http://127.0.0.1:9999/debian sid/main amd64 libssl1.1 amd64 1.1.1a-1 [1527 kB]
Get:17 http://127.0.0.1:9999/debian sid/main amd64 libpython2.7-stdlib amd64 2.7.15-5 [1909 kB]
Get:18 http://127.0.0.1:9999/debian sid/main amd64 python2.7 amd64 2.7.15-5 [299 kB]
Get:19 http://127.0.0.1:9999/debian sid/main amd64 libpython2-stdlib amd64 2.7.15-3 [20.7 kB]
Get:20 http://127.0.0.1:9999/debian sid/main amd64 libpython-stdlib amd64 2.7.15-3 [20.7 kB]
Get:21 http://127.0.0.1:9999/debian sid/main amd64 python2 amd64 2.7.15-3 [41.5 kB]
Get:22 http://127.0.0.1:9999/debian sid/main amd64 python amd64 2.7.15-3 [22.7 kB]
Get:23 http://127.0.0.1:9999/debian sid/main amd64 libpython3.7-minimal amd64 3.7.2-1 [588 kB]
Get:24 http://127.0.0.1:9999/debian sid/main amd64 python3.7-minimal amd64 3.7.2-1 [1732 kB]
Get:25 http://127.0.0.1:9999/debian sid/main amd64 python3-minimal amd64 3.7.1-3 [36.5 kB]
Get:26 http://127.0.0.1:9999/debian sid/main amd64 libmpdec2 amd64 2.4.2-2 [87.2 kB]
Get:27 http://127.0.0.1:9999/debian sid/main amd64 libpython3.7-stdlib amd64 3.7.2-1 [1733 kB]
Get:28 http://127.0.0.1:9999/debian sid/main amd64 python3.7 amd64 3.7.2-1 [323 kB]
Get:29 http://127.0.0.1:9999/debian sid/main amd64 libpython3-stdlib amd64 3.7.1-3 [20.0 kB]
Get:30 http://127.0.0.1:9999/debian sid/main amd64 python3 amd64 3.7.1-3 [61.5 kB]
Get:31 http://127.0.0.1:9999/debian sid/main amd64 sgml-base all 1.29 [14.8 kB]
Get:32 http://127.0.0.1:9999/debian sid/main amd64 libncurses6 amd64 6.1+20181013-1 [102 kB]
Get:33 http://127.0.0.1:9999/debian sid/main amd64 libprocps7 amd64 2:3.3.15-2 [61.7 kB]
Get:34 http://127.0.0.1:9999/debian sid/main amd64 lsb-base all 10.2018112800 [28.3 kB]
Get:35 http://127.0.0.1:9999/debian sid/main amd64 procps amd64 2:3.3.15-2 [259 kB]
Get:36 http://127.0.0.1:9999/debian sid/main amd64 sensible-utils all 0.0.12 [15.8 kB]
Get:37 http://127.0.0.1:9999/debian sid/main amd64 libmagic-mgc amd64 1:5.34-2 [239 kB]
Get:38 http://127.0.0.1:9999/debian sid/main amd64 libmagic1 amd64 1:5.34-2 [116 kB]
Get:39 http://127.0.0.1:9999/debian sid/main amd64 file amd64 1:5.34-2 [65.8 kB]
Get:40 http://127.0.0.1:9999/debian sid/main amd64 gettext-base amd64 0.19.8.1-9 [123 kB]
Get:41 http://127.0.0.1:9999/debian sid/main amd64 libsigsegv2 amd64 2.12-2 [32.8 kB]
Get:42 http://127.0.0.1:9999/debian sid/main amd64 m4 amd64 1.4.18-2 [203 kB]
Get:43 http://127.0.0.1:9999/debian sid/main amd64 autoconf all 2.69-11 [341 kB]
Get:44 http://127.0.0.1:9999/debian sid/main amd64 autotools-dev all 20180224.1 [77.0 kB]
Get:45 http://127.0.0.1:9999/debian sid/main amd64 automake all 1:1.16.1-4 [771 kB]
Get:46 http://127.0.0.1:9999/debian sid/main amd64 autopoint all 0.19.8.1-9 [434 kB]
Get:47 http://127.0.0.1:9999/debian sid/main amd64 cmake-data all 3.13.2-1 [1476 kB]
Get:48 http://127.0.0.1:9999/debian sid/main amd64 libicu63 amd64 63.1-5 [8293 kB]
Get:49 http://127.0.0.1:9999/debian sid/main amd64 libxml2 amd64 2.9.4+dfsg1-7+b3 [687 kB]
Get:50 http://127.0.0.1:9999/debian sid/main amd64 libarchive13 amd64 3.3.3-3 [313 kB]
Get:51 http://127.0.0.1:9999/debian sid/main amd64 libkeyutils1 amd64 1.5.9-9.3 [13.0 kB]
Get:52 http://127.0.0.1:9999/debian sid/main amd64 libkrb5support0 amd64 1.16.2-1 [63.3 kB]
Get:53 http://127.0.0.1:9999/debian sid/main amd64 libk5crypto3 amd64 1.16.2-1 [121 kB]
Get:54 http://127.0.0.1:9999/debian sid/main amd64 libkrb5-3 amd64 1.16.2-1 [320 kB]
Get:55 http://127.0.0.1:9999/debian sid/main amd64 libgssapi-krb5-2 amd64 1.16.2-1 [158 kB]
Get:56 http://127.0.0.1:9999/debian sid/main amd64 libsasl2-modules-db amd64 2.1.27~rc8-1 [68.4 kB]
Get:57 http://127.0.0.1:9999/debian sid/main amd64 libsasl2-2 amd64 2.1.27~rc8-1 [105 kB]
Get:58 http://127.0.0.1:9999/debian sid/main amd64 libldap-common all 2.4.47+dfsg-1 [88.8 kB]
Get:59 http://127.0.0.1:9999/debian sid/main amd64 libldap-2.4-2 amd64 2.4.47+dfsg-1 [224 kB]
Get:60 http://127.0.0.1:9999/debian sid/main amd64 libnghttp2-14 amd64 1.35.1-1+b1 [82.4 kB]
Get:61 http://127.0.0.1:9999/debian sid/main amd64 libpsl5 amd64 0.20.2-2 [53.7 kB]
Get:62 http://127.0.0.1:9999/debian sid/main amd64 librtmp1 amd64 2.4+20151223.gitfa8646d.1-2 [60.5 kB]
Get:63 http://127.0.0.1:9999/debian sid/main amd64 libssh2-1 amd64 1.8.0-2 [138 kB]
Get:64 http://127.0.0.1:9999/debian sid/main amd64 libcurl4 amd64 7.62.0-1 [324 kB]
Get:65 http://127.0.0.1:9999/debian sid/main amd64 libjsoncpp1 amd64 1.7.4-3 [75.6 kB]
Get:66 http://127.0.0.1:9999/debian sid/main amd64 librhash0 amd64 1.3.7-1 [104 kB]
Get:67 http://127.0.0.1:9999/debian sid/main amd64 libuv1 amd64 1.24.0-1 [109 kB]
Get:68 http://127.0.0.1:9999/debian sid/main amd64 cmake amd64 3.13.2-1 [3485 kB]
Get:69 http://127.0.0.1:9999/debian sid/main amd64 libtool all 2.4.6-6 [547 kB]
Get:70 http://127.0.0.1:9999/debian sid/main amd64 dh-autoreconf all 19 [16.9 kB]
Get:71 http://127.0.0.1:9999/debian sid/main amd64 libarchive-zip-perl all 1.64-1 [96.8 kB]
Get:72 http://127.0.0.1:9999/debian sid/main amd64 libfile-stripnondeterminism-perl all 1.0.0-1 [19.5 kB]
Get:73 http://127.0.0.1:9999/debian sid/main amd64 dh-strip-nondeterminism all 1.0.0-1 [12.5 kB]
Get:74 http://127.0.0.1:9999/debian sid/main amd64 libelf1 amd64 0.175-2 [160 kB]
Get:75 http://127.0.0.1:9999/debian sid/main amd64 dwz amd64 0.12-3 [78.0 kB]
Get:76 http://127.0.0.1:9999/debian sid/main amd64 libglib2.0-0 amd64 2.58.2-3 [1257 kB]
Get:77 http://127.0.0.1:9999/debian sid/main amd64 libcroco3 amd64 0.6.12-3 [145 kB]
Get:78 http://127.0.0.1:9999/debian sid/main amd64 gettext amd64 0.19.8.1-9 [1303 kB]
Get:79 http://127.0.0.1:9999/debian sid/main amd64 intltool-debian all 0.35.0+20060710.4 [26.3 kB]
Get:80 http://127.0.0.1:9999/debian sid/main amd64 po-debconf all 1.0.21 [248 kB]
Get:81 http://127.0.0.1:9999/debian sid/main amd64 debhelper all 12 [1002 kB]
Get:82 http://127.0.0.1:9999/debian sid/main amd64 python3-lib2to3 all 3.7.2-2 [76.6 kB]
Get:83 http://127.0.0.1:9999/debian sid/main amd64 python3-distutils all 3.7.2-2 [142 kB]
Get:84 http://127.0.0.1:9999/debian sid/main amd64 dh-python all 3.20180927 [95.8 kB]
Get:85 http://127.0.0.1:9999/debian sid/main amd64 xml-core all 0.18 [23.4 kB]
Get:86 http://127.0.0.1:9999/debian sid/main amd64 docutils-common all 0.14+dfsg-3 [204 kB]
Get:87 http://127.0.0.1:9999/debian sid/main amd64 libexpat1-dev amd64 2.2.6-1 [152 kB]
Get:88 http://127.0.0.1:9999/debian sid/main amd64 libpython2.7 amd64 2.7.15-5 [1035 kB]
Get:89 http://127.0.0.1:9999/debian sid/main amd64 libpython2.7-dev amd64 2.7.15-5 [31.5 MB]
Get:90 http://127.0.0.1:9999/debian sid/main amd64 libpython2-dev amd64 2.7.15-3 [20.8 kB]
Get:91 http://127.0.0.1:9999/debian sid/main amd64 libpython-dev amd64 2.7.15-3 [20.8 kB]
Get:92 http://127.0.0.1:9999/debian sid/main amd64 libpython-all-dev amd64 2.7.15-3 [1064 B]
Get:93 http://127.0.0.1:9999/debian sid/main amd64 libpython3.7 amd64 3.7.2-1 [1494 kB]
Get:94 http://127.0.0.1:9999/debian sid/main amd64 libpython3.7-dev amd64 3.7.2-1 [48.4 MB]
Get:95 http://127.0.0.1:9999/debian sid/main amd64 libpython3-dev amd64 3.7.1-3 [20.1 kB]
Get:96 http://127.0.0.1:9999/debian sid/main amd64 libpython3-all-dev amd64 3.7.1-3 [1068 B]
Get:97 http://127.0.0.1:9999/debian sid/main amd64 python-all amd64 2.7.15-3 [1044 B]
Get:98 http://127.0.0.1:9999/debian sid/main amd64 python2.7-dev amd64 2.7.15-5 [291 kB]
Get:99 http://127.0.0.1:9999/debian sid/main amd64 python2-dev amd64 2.7.15-3 [1212 B]
Get:100 http://127.0.0.1:9999/debian sid/main amd64 python-dev amd64 2.7.15-3 [1192 B]
Get:101 http://127.0.0.1:9999/debian sid/main amd64 python-all-dev amd64 2.7.15-3 [1068 B]
Get:102 http://127.0.0.1:9999/debian sid/main amd64 python-roman all 2.0.0-3 [8688 B]
Get:103 http://127.0.0.1:9999/debian sid/main amd64 python-docutils all 0.14+dfsg-3 [379 kB]
Get:104 http://127.0.0.1:9999/debian sid/main amd64 python-pkg-resources all 40.6.2-1 [181 kB]
Get:105 http://127.0.0.1:9999/debian sid/main amd64 python-setuptools all 40.6.2-1 [380 kB]
Get:106 http://127.0.0.1:9999/debian sid/main amd64 python3-all amd64 3.7.1-3 [1064 B]
Get:107 http://127.0.0.1:9999/debian sid/main amd64 python3.7-dev amd64 3.7.2-1 [509 kB]
Get:108 http://127.0.0.1:9999/debian sid/main amd64 python3-dev amd64 3.7.1-3 [1260 B]
Get:109 http://127.0.0.1:9999/debian sid/main amd64 python3-all-dev amd64 3.7.1-3 [1068 B]
debconf: delaying package configuration, since apt-utils is not installed
Fetched 123 MB in 1s (106 MB/s)
Selecting previously unselected package bsdmainutils.
(Reading database ... 12592 files and directories currently installed.)
Preparing to unpack .../00-bsdmainutils_11.1.2+b1_amd64.deb ...
Unpacking bsdmainutils (11.1.2+b1) ...
Selecting previously unselected package libuchardet0:amd64.
Preparing to unpack .../01-libuchardet0_0.0.6-3_amd64.deb ...
Unpacking libuchardet0:amd64 (0.0.6-3) ...
Selecting previously unselected package groff-base.
Preparing to unpack .../02-groff-base_1.22.4-2_amd64.deb ...
Unpacking groff-base (1.22.4-2) ...
Selecting previously unselected package libpipeline1:amd64.
Preparing to unpack .../03-libpipeline1_1.5.0-2_amd64.deb ...
Unpacking libpipeline1:amd64 (1.5.0-2) ...
Selecting previously unselected package man-db.
Preparing to unpack .../04-man-db_2.8.5-1_amd64.deb ...
Unpacking man-db (2.8.5-1) ...
Selecting previously unselected package libpython2.7-minimal:amd64.
Preparing to unpack .../05-libpython2.7-minimal_2.7.15-5_amd64.deb ...
Unpacking libpython2.7-minimal:amd64 (2.7.15-5) ...
Selecting previously unselected package python2.7-minimal.
Preparing to unpack .../06-python2.7-minimal_2.7.15-5_amd64.deb ...
Unpacking python2.7-minimal (2.7.15-5) ...
Selecting previously unselected package python2-minimal.
Preparing to unpack .../07-python2-minimal_2.7.15-3_amd64.deb ...
Unpacking python2-minimal (2.7.15-3) ...
Selecting previously unselected package python-minimal.
Preparing to unpack .../08-python-minimal_2.7.15-3_amd64.deb ...
Unpacking python-minimal (2.7.15-3) ...
Selecting previously unselected package mime-support.
Preparing to unpack .../09-mime-support_3.61_all.deb ...
Unpacking mime-support (3.61) ...
Selecting previously unselected package libexpat1:amd64.
Preparing to unpack .../10-libexpat1_2.2.6-1_amd64.deb ...
Unpacking libexpat1:amd64 (2.2.6-1) ...
Selecting previously unselected package readline-common.
Preparing to unpack .../11-readline-common_7.0-5_all.deb ...
Unpacking readline-common (7.0-5) ...
Selecting previously unselected package libreadline7:amd64.
Preparing to unpack .../12-libreadline7_7.0-5_amd64.deb ...
Unpacking libreadline7:amd64 (7.0-5) ...
Selecting previously unselected package libsqlite3-0:amd64.
Preparing to unpack .../13-libsqlite3-0_3.26.0+fossilbc891ac6b-1_amd64.deb ...
Unpacking libsqlite3-0:amd64 (3.26.0+fossilbc891ac6b-1) ...
Selecting previously unselected package libssl1.1:amd64.
Preparing to unpack .../14-libssl1.1_1.1.1a-1_amd64.deb ...
Unpacking libssl1.1:amd64 (1.1.1a-1) ...
Selecting previously unselected package libpython2.7-stdlib:amd64.
Preparing to unpack .../15-libpython2.7-stdlib_2.7.15-5_amd64.deb ...
Unpacking libpython2.7-stdlib:amd64 (2.7.15-5) ...
Selecting previously unselected package python2.7.
Preparing to unpack .../16-python2.7_2.7.15-5_amd64.deb ...
Unpacking python2.7 (2.7.15-5) ...
Selecting previously unselected package libpython2-stdlib:amd64.
Preparing to unpack .../17-libpython2-stdlib_2.7.15-3_amd64.deb ...
Unpacking libpython2-stdlib:amd64 (2.7.15-3) ...
Selecting previously unselected package libpython-stdlib:amd64.
Preparing to unpack .../18-libpython-stdlib_2.7.15-3_amd64.deb ...
Unpacking libpython-stdlib:amd64 (2.7.15-3) ...
Setting up libpython2.7-minimal:amd64 (2.7.15-5) ...
Setting up python2.7-minimal (2.7.15-5) ...
Setting up python2-minimal (2.7.15-3) ...
Selecting previously unselected package python2.
(Reading database ... 14057 files and directories currently installed.)
Preparing to unpack .../python2_2.7.15-3_amd64.deb ...
Unpacking python2 (2.7.15-3) ...
Setting up python-minimal (2.7.15-3) ...
Selecting previously unselected package python.
(Reading database ... 14090 files and directories currently installed.)
Preparing to unpack .../python_2.7.15-3_amd64.deb ...
Unpacking python (2.7.15-3) ...
Selecting previously unselected package libpython3.7-minimal:amd64.
Preparing to unpack .../libpython3.7-minimal_3.7.2-1_amd64.deb ...
Unpacking libpython3.7-minimal:amd64 (3.7.2-1) ...
Selecting previously unselected package python3.7-minimal.
Preparing to unpack .../python3.7-minimal_3.7.2-1_amd64.deb ...
Unpacking python3.7-minimal (3.7.2-1) ...
Setting up libssl1.1:amd64 (1.1.1a-1) ...
Setting up libpython3.7-minimal:amd64 (3.7.2-1) ...
Setting up libexpat1:amd64 (2.2.6-1) ...
Setting up python3.7-minimal (3.7.2-1) ...
Selecting previously unselected package python3-minimal.
(Reading database ... 14344 files and directories currently installed.)
Preparing to unpack .../python3-minimal_3.7.1-3_amd64.deb ...
Unpacking python3-minimal (3.7.1-3) ...
Selecting previously unselected package libmpdec2:amd64.
Preparing to unpack .../libmpdec2_2.4.2-2_amd64.deb ...
Unpacking libmpdec2:amd64 (2.4.2-2) ...
Selecting previously unselected package libpython3.7-stdlib:amd64.
Preparing to unpack .../libpython3.7-stdlib_3.7.2-1_amd64.deb ...
Unpacking libpython3.7-stdlib:amd64 (3.7.2-1) ...
Selecting previously unselected package python3.7.
Preparing to unpack .../python3.7_3.7.2-1_amd64.deb ...
Unpacking python3.7 (3.7.2-1) ...
Selecting previously unselected package libpython3-stdlib:amd64.
Preparing to unpack .../libpython3-stdlib_3.7.1-3_amd64.deb ...
Unpacking libpython3-stdlib:amd64 (3.7.1-3) ...
Setting up python3-minimal (3.7.1-3) ...
Selecting previously unselected package python3.
(Reading database ... 14753 files and directories currently installed.)
Preparing to unpack .../00-python3_3.7.1-3_amd64.deb ...
Unpacking python3 (3.7.1-3) ...
Selecting previously unselected package sgml-base.
Preparing to unpack .../01-sgml-base_1.29_all.deb ...
Unpacking sgml-base (1.29) ...
Selecting previously unselected package libncurses6:amd64.
Preparing to unpack .../02-libncurses6_6.1+20181013-1_amd64.deb ...
Unpacking libncurses6:amd64 (6.1+20181013-1) ...
Selecting previously unselected package libprocps7:amd64.
Preparing to unpack .../03-libprocps7_2%3a3.3.15-2_amd64.deb ...
Unpacking libprocps7:amd64 (2:3.3.15-2) ...
Selecting previously unselected package lsb-base.
Preparing to unpack .../04-lsb-base_10.2018112800_all.deb ...
Unpacking lsb-base (10.2018112800) ...
Selecting previously unselected package procps.
Preparing to unpack .../05-procps_2%3a3.3.15-2_amd64.deb ...
Unpacking procps (2:3.3.15-2) ...
Selecting previously unselected package sensible-utils.
Preparing to unpack .../06-sensible-utils_0.0.12_all.deb ...
Unpacking sensible-utils (0.0.12) ...
Selecting previously unselected package libmagic-mgc.
Preparing to unpack .../07-libmagic-mgc_1%3a5.34-2_amd64.deb ...
Unpacking libmagic-mgc (1:5.34-2) ...
Selecting previously unselected package libmagic1:amd64.
Preparing to unpack .../08-libmagic1_1%3a5.34-2_amd64.deb ...
Unpacking libmagic1:amd64 (1:5.34-2) ...
Selecting previously unselected package file.
Preparing to unpack .../09-file_1%3a5.34-2_amd64.deb ...
Unpacking file (1:5.34-2) ...
Selecting previously unselected package gettext-base.
Preparing to unpack .../10-gettext-base_0.19.8.1-9_amd64.deb ...
Unpacking gettext-base (0.19.8.1-9) ...
Selecting previously unselected package libsigsegv2:amd64.
Preparing to unpack .../11-libsigsegv2_2.12-2_amd64.deb ...
Unpacking libsigsegv2:amd64 (2.12-2) ...
Selecting previously unselected package m4.
Preparing to unpack .../12-m4_1.4.18-2_amd64.deb ...
Unpacking m4 (1.4.18-2) ...
Selecting previously unselected package autoconf.
Preparing to unpack .../13-autoconf_2.69-11_all.deb ...
Unpacking autoconf (2.69-11) ...
Selecting previously unselected package autotools-dev.
Preparing to unpack .../14-autotools-dev_20180224.1_all.deb ...
Unpacking autotools-dev (20180224.1) ...
Selecting previously unselected package automake.
Preparing to unpack .../15-automake_1%3a1.16.1-4_all.deb ...
Unpacking automake (1:1.16.1-4) ...
Selecting previously unselected package autopoint.
Preparing to unpack .../16-autopoint_0.19.8.1-9_all.deb ...
Unpacking autopoint (0.19.8.1-9) ...
Selecting previously unselected package cmake-data.
Preparing to unpack .../17-cmake-data_3.13.2-1_all.deb ...
Unpacking cmake-data (3.13.2-1) ...
Selecting previously unselected package libicu63:amd64.
Preparing to unpack .../18-libicu63_63.1-5_amd64.deb ...
Unpacking libicu63:amd64 (63.1-5) ...
Selecting previously unselected package libxml2:amd64.
Preparing to unpack .../19-libxml2_2.9.4+dfsg1-7+b3_amd64.deb ...
Unpacking libxml2:amd64 (2.9.4+dfsg1-7+b3) ...
Selecting previously unselected package libarchive13:amd64.
Preparing to unpack .../20-libarchive13_3.3.3-3_amd64.deb ...
Unpacking libarchive13:amd64 (3.3.3-3) ...
Selecting previously unselected package libkeyutils1:amd64.
Preparing to unpack .../21-libkeyutils1_1.5.9-9.3_amd64.deb ...
Unpacking libkeyutils1:amd64 (1.5.9-9.3) ...
Selecting previously unselected package libkrb5support0:amd64.
Preparing to unpack .../22-libkrb5support0_1.16.2-1_amd64.deb ...
Unpacking libkrb5support0:amd64 (1.16.2-1) ...
Selecting previously unselected package libk5crypto3:amd64.
Preparing to unpack .../23-libk5crypto3_1.16.2-1_amd64.deb ...
Unpacking libk5crypto3:amd64 (1.16.2-1) ...
Selecting previously unselected package libkrb5-3:amd64.
Preparing to unpack .../24-libkrb5-3_1.16.2-1_amd64.deb ...
Unpacking libkrb5-3:amd64 (1.16.2-1) ...
Selecting previously unselected package libgssapi-krb5-2:amd64.
Preparing to unpack .../25-libgssapi-krb5-2_1.16.2-1_amd64.deb ...
Unpacking libgssapi-krb5-2:amd64 (1.16.2-1) ...
Selecting previously unselected package libsasl2-modules-db:amd64.
Preparing to unpack .../26-libsasl2-modules-db_2.1.27~rc8-1_amd64.deb ...
Unpacking libsasl2-modules-db:amd64 (2.1.27~rc8-1) ...
Selecting previously unselected package libsasl2-2:amd64.
Preparing to unpack .../27-libsasl2-2_2.1.27~rc8-1_amd64.deb ...
Unpacking libsasl2-2:amd64 (2.1.27~rc8-1) ...
Selecting previously unselected package libldap-common.
Preparing to unpack .../28-libldap-common_2.4.47+dfsg-1_all.deb ...
Unpacking libldap-common (2.4.47+dfsg-1) ...
Selecting previously unselected package libldap-2.4-2:amd64.
Preparing to unpack .../29-libldap-2.4-2_2.4.47+dfsg-1_amd64.deb ...
Unpacking libldap-2.4-2:amd64 (2.4.47+dfsg-1) ...
Selecting previously unselected package libnghttp2-14:amd64.
Preparing to unpack .../30-libnghttp2-14_1.35.1-1+b1_amd64.deb ...
Unpacking libnghttp2-14:amd64 (1.35.1-1+b1) ...
Selecting previously unselected package libpsl5:amd64.
Preparing to unpack .../31-libpsl5_0.20.2-2_amd64.deb ...
Unpacking libpsl5:amd64 (0.20.2-2) ...
Selecting previously unselected package librtmp1:amd64.
Preparing to unpack .../32-librtmp1_2.4+20151223.gitfa8646d.1-2_amd64.deb ...
Unpacking librtmp1:amd64 (2.4+20151223.gitfa8646d.1-2) ...
Selecting previously unselected package libssh2-1:amd64.
Preparing to unpack .../33-libssh2-1_1.8.0-2_amd64.deb ...
Unpacking libssh2-1:amd64 (1.8.0-2) ...
Selecting previously unselected package libcurl4:amd64.
Preparing to unpack .../34-libcurl4_7.62.0-1_amd64.deb ...
Unpacking libcurl4:amd64 (7.62.0-1) ...
Selecting previously unselected package libjsoncpp1:amd64.
Preparing to unpack .../35-libjsoncpp1_1.7.4-3_amd64.deb ...
Unpacking libjsoncpp1:amd64 (1.7.4-3) ...
Selecting previously unselected package librhash0:amd64.
Preparing to unpack .../36-librhash0_1.3.7-1_amd64.deb ...
Unpacking librhash0:amd64 (1.3.7-1) ...
Selecting previously unselected package libuv1:amd64.
Preparing to unpack .../37-libuv1_1.24.0-1_amd64.deb ...
Unpacking libuv1:amd64 (1.24.0-1) ...
Selecting previously unselected package cmake.
Preparing to unpack .../38-cmake_3.13.2-1_amd64.deb ...
Unpacking cmake (3.13.2-1) ...
Selecting previously unselected package libtool.
Preparing to unpack .../39-libtool_2.4.6-6_all.deb ...
Unpacking libtool (2.4.6-6) ...
Selecting previously unselected package dh-autoreconf.
Preparing to unpack .../40-dh-autoreconf_19_all.deb ...
Unpacking dh-autoreconf (19) ...
Selecting previously unselected package libarchive-zip-perl.
Preparing to unpack .../41-libarchive-zip-perl_1.64-1_all.deb ...
Unpacking libarchive-zip-perl (1.64-1) ...
Selecting previously unselected package libfile-stripnondeterminism-perl.
Preparing to unpack .../42-libfile-stripnondeterminism-perl_1.0.0-1_all.deb ...
Unpacking libfile-stripnondeterminism-perl (1.0.0-1) ...
Selecting previously unselected package dh-strip-nondeterminism.
Preparing to unpack .../43-dh-strip-nondeterminism_1.0.0-1_all.deb ...
Unpacking dh-strip-nondeterminism (1.0.0-1) ...
Selecting previously unselected package libelf1:amd64.
Preparing to unpack .../44-libelf1_0.175-2_amd64.deb ...
Unpacking libelf1:amd64 (0.175-2) ...
Selecting previously unselected package dwz.
Preparing to unpack .../45-dwz_0.12-3_amd64.deb ...
Unpacking dwz (0.12-3) ...
Selecting previously unselected package libglib2.0-0:amd64.
Preparing to unpack .../46-libglib2.0-0_2.58.2-3_amd64.deb ...
Unpacking libglib2.0-0:amd64 (2.58.2-3) ...
Selecting previously unselected package libcroco3:amd64.
Preparing to unpack .../47-libcroco3_0.6.12-3_amd64.deb ...
Unpacking libcroco3:amd64 (0.6.12-3) ...
Selecting previously unselected package gettext.
Preparing to unpack .../48-gettext_0.19.8.1-9_amd64.deb ...
Unpacking gettext (0.19.8.1-9) ...
Selecting previously unselected package intltool-debian.
Preparing to unpack .../49-intltool-debian_0.35.0+20060710.4_all.deb ...
Unpacking intltool-debian (0.35.0+20060710.4) ...
Selecting previously unselected package po-debconf.
Preparing to unpack .../50-po-debconf_1.0.21_all.deb ...
Unpacking po-debconf (1.0.21) ...
Selecting previously unselected package debhelper.
Preparing to unpack .../51-debhelper_12_all.deb ...
Unpacking debhelper (12) ...
Selecting previously unselected package python3-lib2to3.
Preparing to unpack .../52-python3-lib2to3_3.7.2-2_all.deb ...
Unpacking python3-lib2to3 (3.7.2-2) ...
Selecting previously unselected package python3-distutils.
Preparing to unpack .../53-python3-distutils_3.7.2-2_all.deb ...
Unpacking python3-distutils (3.7.2-2) ...
Selecting previously unselected package dh-python.
Preparing to unpack .../54-dh-python_3.20180927_all.deb ...
Unpacking dh-python (3.20180927) ...
Selecting previously unselected package xml-core.
Preparing to unpack .../55-xml-core_0.18_all.deb ...
Unpacking xml-core (0.18) ...
Selecting previously unselected package docutils-common.
Preparing to unpack .../56-docutils-common_0.14+dfsg-3_all.deb ...
Unpacking docutils-common (0.14+dfsg-3) ...
Selecting previously unselected package libexpat1-dev:amd64.
Preparing to unpack .../57-libexpat1-dev_2.2.6-1_amd64.deb ...
Unpacking libexpat1-dev:amd64 (2.2.6-1) ...
Selecting previously unselected package libpython2.7:amd64.
Preparing to unpack .../58-libpython2.7_2.7.15-5_amd64.deb ...
Unpacking libpython2.7:amd64 (2.7.15-5) ...
Selecting previously unselected package libpython2.7-dev:amd64.
Preparing to unpack .../59-libpython2.7-dev_2.7.15-5_amd64.deb ...
Unpacking libpython2.7-dev:amd64 (2.7.15-5) ...
Selecting previously unselected package libpython2-dev:amd64.
Preparing to unpack .../60-libpython2-dev_2.7.15-3_amd64.deb ...
Unpacking libpython2-dev:amd64 (2.7.15-3) ...
Selecting previously unselected package libpython-dev:amd64.
Preparing to unpack .../61-libpython-dev_2.7.15-3_amd64.deb ...
Unpacking libpython-dev:amd64 (2.7.15-3) ...
Selecting previously unselected package libpython-all-dev:amd64.
Preparing to unpack .../62-libpython-all-dev_2.7.15-3_amd64.deb ...
Unpacking libpython-all-dev:amd64 (2.7.15-3) ...
Selecting previously unselected package libpython3.7:amd64.
Preparing to unpack .../63-libpython3.7_3.7.2-1_amd64.deb ...
Unpacking libpython3.7:amd64 (3.7.2-1) ...
Selecting previously unselected package libpython3.7-dev:amd64.
Preparing to unpack .../64-libpython3.7-dev_3.7.2-1_amd64.deb ...
Unpacking libpython3.7-dev:amd64 (3.7.2-1) ...
Selecting previously unselected package libpython3-dev:amd64.
Preparing to unpack .../65-libpython3-dev_3.7.1-3_amd64.deb ...
Unpacking libpython3-dev:amd64 (3.7.1-3) ...
Selecting previously unselected package libpython3-all-dev:amd64.
Preparing to unpack .../66-libpython3-all-dev_3.7.1-3_amd64.deb ...
Unpacking libpython3-all-dev:amd64 (3.7.1-3) ...
Selecting previously unselected package python-all.
Preparing to unpack .../67-python-all_2.7.15-3_amd64.deb ...
Unpacking python-all (2.7.15-3) ...
Selecting previously unselected package python2.7-dev.
Preparing to unpack .../68-python2.7-dev_2.7.15-5_amd64.deb ...
Unpacking python2.7-dev (2.7.15-5) ...
Selecting previously unselected package python2-dev.
Preparing to unpack .../69-python2-dev_2.7.15-3_amd64.deb ...
Unpacking python2-dev (2.7.15-3) ...
Selecting previously unselected package python-dev.
Preparing to unpack .../70-python-dev_2.7.15-3_amd64.deb ...
Unpacking python-dev (2.7.15-3) ...
Selecting previously unselected package python-all-dev.
Preparing to unpack .../71-python-all-dev_2.7.15-3_amd64.deb ...
Unpacking python-all-dev (2.7.15-3) ...
Selecting previously unselected package python-roman.
Preparing to unpack .../72-python-roman_2.0.0-3_all.deb ...
Unpacking python-roman (2.0.0-3) ...
Selecting previously unselected package python-docutils.
Preparing to unpack .../73-python-docutils_0.14+dfsg-3_all.deb ...
Unpacking python-docutils (0.14+dfsg-3) ...
Selecting previously unselected package python-pkg-resources.
Preparing to unpack .../74-python-pkg-resources_40.6.2-1_all.deb ...
Unpacking python-pkg-resources (40.6.2-1) ...
Selecting previously unselected package python-setuptools.
Preparing to unpack .../75-python-setuptools_40.6.2-1_all.deb ...
Unpacking python-setuptools (40.6.2-1) ...
Selecting previously unselected package python3-all.
Preparing to unpack .../76-python3-all_3.7.1-3_amd64.deb ...
Unpacking python3-all (3.7.1-3) ...
Selecting previously unselected package python3.7-dev.
Preparing to unpack .../77-python3.7-dev_3.7.2-1_amd64.deb ...
Unpacking python3.7-dev (3.7.2-1) ...
Selecting previously unselected package python3-dev.
Preparing to unpack .../78-python3-dev_3.7.1-3_amd64.deb ...
Unpacking python3-dev (3.7.1-3) ...
Selecting previously unselected package python3-all-dev.
Preparing to unpack .../79-python3-all-dev_3.7.1-3_amd64.deb ...
Unpacking python3-all-dev (3.7.1-3) ...
Selecting previously unselected package sbuild-build-depends-tlsh-dummy.
Preparing to unpack .../80-sbuild-build-depends-tlsh-dummy_0.invalid.0_amd64.deb ...
Unpacking sbuild-build-depends-tlsh-dummy (0.invalid.0) ...
Setting up readline-common (7.0-5) ...
Setting up libarchive-zip-perl (1.64-1) ...
Setting up libnghttp2-14:amd64 (1.35.1-1+b1) ...
Setting up libprocps7:amd64 (2:3.3.15-2) ...
Setting up mime-support (3.61) ...
Setting up libicu63:amd64 (63.1-5) ...
Setting up libsigsegv2:amd64 (2.12-2) ...
Setting up libldap-common (2.4.47+dfsg-1) ...
Setting up libuv1:amd64 (1.24.0-1) ...
Setting up libreadline7:amd64 (7.0-5) ...
Setting up libpsl5:amd64 (0.20.2-2) ...
Setting up libelf1:amd64 (0.175-2) ...
Setting up libglib2.0-0:amd64 (2.58.2-3) ...
No schema files found: doing nothing.
Setting up gettext-base (0.19.8.1-9) ...
Setting up cmake-data (3.13.2-1) ...
Setting up libpipeline1:amd64 (1.5.0-2) ...
Setting up librtmp1:amd64 (2.4+20151223.gitfa8646d.1-2) ...
Setting up m4 (1.4.18-2) ...
Setting up sgml-base (1.29) ...
Setting up libxml2:amd64 (2.9.4+dfsg1-7+b3) ...
Setting up libuchardet0:amd64 (0.0.6-3) ...
Setting up libmagic-mgc (1:5.34-2) ...
Setting up libmagic1:amd64 (1:5.34-2) ...
Setting up lsb-base (10.2018112800) ...
Setting up librhash0:amd64 (1.3.7-1) ...
Setting up libcroco3:amd64 (0.6.12-3) ...
Setting up sensible-utils (0.0.12) ...
Setting up libssh2-1:amd64 (1.8.0-2) ...
Processing triggers for libc-bin (2.28-4) ...
Setting up dwz (0.12-3) ...
Setting up autotools-dev (20180224.1) ...
Setting up libsqlite3-0:amd64 (3.26.0+fossilbc891ac6b-1) ...
Setting up libexpat1-dev:amd64 (2.2.6-1) ...
Setting up xml-core (0.18) ...
Setting up libkeyutils1:amd64 (1.5.9-9.3) ...
Setting up bsdmainutils (11.1.2+b1) ...
update-alternatives: using /usr/bin/bsd-write to provide /usr/bin/write (write) in auto mode
update-alternatives: using /usr/bin/bsd-from to provide /usr/bin/from (from) in auto mode
Setting up libncurses6:amd64 (6.1+20181013-1) ...
Setting up libpython2.7-stdlib:amd64 (2.7.15-5) ...
Setting up autopoint (0.19.8.1-9) ...
Setting up libmpdec2:amd64 (2.4.2-2) ...
Setting up libfile-stripnondeterminism-perl (1.0.0-1) ...
Setting up libjsoncpp1:amd64 (1.7.4-3) ...
Setting up libpython3.7-stdlib:amd64 (3.7.2-1) ...
Setting up gettext (0.19.8.1-9) ...
Setting up libarchive13:amd64 (3.3.3-3) ...
Setting up groff-base (1.22.4-2) ...
Setting up python2.7 (2.7.15-5) ...
Setting up python3.7 (3.7.2-1) ...
Setting up autoconf (2.69-11) ...
Setting up file (1:5.34-2) ...
Setting up libkrb5support0:amd64 (1.16.2-1) ...
Setting up procps (2:3.3.15-2) ...
update-alternatives: using /usr/bin/w.procps to provide /usr/bin/w (w) in auto mode
Setting up intltool-debian (0.35.0+20060710.4) ...
Setting up libpython3.7:amd64 (3.7.2-1) ...
Setting up libpython2.7:amd64 (2.7.15-5) ...
Setting up automake (1:1.16.1-4) ...
update-alternatives: using /usr/bin/automake-1.16 to provide /usr/bin/automake (automake) in auto mode
Setting up libpython3.7-dev:amd64 (3.7.2-1) ...
Setting up man-db (2.8.5-1) ...
Not building database; man-db/auto-update is not 'true'.
Setting up libpython2-stdlib:amd64 (2.7.15-3) ...
Setting up libpython2.7-dev:amd64 (2.7.15-5) ...
Setting up python2.7-dev (2.7.15-5) ...
Setting up libpython3-dev:amd64 (3.7.1-3) ...
Setting up libtool (2.4.6-6) ...
Setting up libpython3-stdlib:amd64 (3.7.1-3) ...
Setting up libk5crypto3:amd64 (1.16.2-1) ...
Setting up po-debconf (1.0.21) ...
Setting up python3 (3.7.1-3) ...
Setting up python3.7-dev (3.7.2-1) ...
Setting up python2 (2.7.15-3) ...
Setting up libpython2-dev:amd64 (2.7.15-3) ...
Setting up libpython-stdlib:amd64 (2.7.15-3) ...
Setting up libpython3-all-dev:amd64 (3.7.1-3) ...
Setting up python2-dev (2.7.15-3) ...
Setting up libkrb5-3:amd64 (1.16.2-1) ...
Setting up python3-lib2to3 (3.7.2-2) ...
Setting up python3-distutils (3.7.2-2) ...
Setting up python (2.7.15-3) ...
Setting up libpython-dev:amd64 (2.7.15-3) ...
Setting up python-dev (2.7.15-3) ...
Setting up libpython-all-dev:amd64 (2.7.15-3) ...
Setting up python-pkg-resources (40.6.2-1) ...
Setting up python-roman (2.0.0-3) ...
Setting up libgssapi-krb5-2:amd64 (1.16.2-1) ...
Setting up dh-python (3.20180927) ...
Setting up python-all (2.7.15-3) ...
Setting up python-setuptools (40.6.2-1) ...
Setting up libsasl2-modules-db:amd64 (2.1.27~rc8-1) ...
Setting up libsasl2-2:amd64 (2.1.27~rc8-1) ...
Setting up python3-dev (3.7.1-3) ...
Setting up python-all-dev (2.7.15-3) ...
Setting up libldap-2.4-2:amd64 (2.4.47+dfsg-1) ...
Setting up python3-all (3.7.1-3) ...
Setting up python3-all-dev (3.7.1-3) ...
Setting up libcurl4:amd64 (7.62.0-1) ...
Setting up cmake (3.13.2-1) ...
Processing triggers for sgml-base (1.29) ...
Setting up docutils-common (0.14+dfsg-3) ...
Processing triggers for sgml-base (1.29) ...
Setting up python-docutils (0.14+dfsg-3) ...
update-alternatives: using /usr/share/docutils/scripts/python2/rst-buildhtml to provide /usr/bin/rst-buildhtml (rst-buildhtml) in auto mode
update-alternatives: using /usr/share/docutils/scripts/python2/rst2html to provide /usr/bin/rst2html (rst2html) in auto mode
update-alternatives: using /usr/share/docutils/scripts/python2/rst2html4 to provide /usr/bin/rst2html4 (rst2html4) in auto mode
update-alternatives: using /usr/share/docutils/scripts/python2/rst2html5 to provide /usr/bin/rst2html5 (rst2html5) in auto mode
update-alternatives: using /usr/share/docutils/scripts/python2/rst2latex to provide /usr/bin/rst2latex (rst2latex) in auto mode
update-alternatives: using /usr/share/docutils/scripts/python2/rst2man to provide /usr/bin/rst2man (rst2man) in auto mode
update-alternatives: using /usr/share/docutils/scripts/python2/rst2odt to provide /usr/bin/rst2odt (rst2odt) in auto mode
update-alternatives: using /usr/share/docutils/scripts/python2/rst2odt_prepstyles to provide /usr/bin/rst2odt_prepstyles (rst2odt_prepstyles) in auto mode
update-alternatives: using /usr/share/docutils/scripts/python2/rst2pseudoxml to provide /usr/bin/rst2pseudoxml (rst2pseudoxml) in auto mode
update-alternatives: using /usr/share/docutils/scripts/python2/rst2s5 to provide /usr/bin/rst2s5 (rst2s5) in auto mode
update-alternatives: using /usr/share/docutils/scripts/python2/rst2xetex to provide /usr/bin/rst2xetex (rst2xetex) in auto mode
update-alternatives: using /usr/share/docutils/scripts/python2/rst2xml to provide /usr/bin/rst2xml (rst2xml) in auto mode
update-alternatives: using /usr/share/docutils/scripts/python2/rstpep2html to provide /usr/bin/rstpep2html (rstpep2html) in auto mode
Setting up dh-strip-nondeterminism (1.0.0-1) ...
Setting up debhelper (12) ...
Setting up dh-autoreconf (19) ...
Setting up sbuild-build-depends-tlsh-dummy (0.invalid.0) ...
Processing triggers for libc-bin (2.28-4) ...

+------------------------------------------------------------------------------+
| Build environment                                                            |
+------------------------------------------------------------------------------+

Kernel: Linux 4.9.0-8-amd64 amd64 (x86_64)
Toolchain package versions: binutils_2.31.1-11 dpkg-dev_1.19.2 g++-8_8.2.0-14 gcc-8_8.2.0-14 libc6-dev_2.28-4 libstdc++-8-dev_8.2.0-14 libstdc++6_8.2.0-14 linux-libc-dev_4.19.13-1
Package versions: adduser_3.118 apt_1.8.0~alpha3 autoconf_2.69-11 automake_1:1.16.1-4 autopoint_0.19.8.1-9 autotools-dev_20180224.1 base-files_10.1 base-passwd_3.5.45 bash_4.4.18-3.1 binutils_2.31.1-11 binutils-common_2.31.1-11 binutils-x86-64-linux-gnu_2.31.1-11 bsdmainutils_11.1.2+b1 bsdutils_1:2.33-0.2 build-essential_12.5 bzip2_1.0.6-9 clang-8_1:8~svn350193-1~exp1 cmake_3.13.2-1 cmake-data_3.13.2-1 coreutils_8.30-1 cpp_4:8.2.0-2 cpp-8_8.2.0-14 dash_0.5.10.2-4 debconf_1.5.69 debhelper_12 debian-archive-keyring_2018.1 debianutils_4.8.6 dh-autoreconf_19 dh-python_3.20180927 dh-strip-nondeterminism_1.0.0-1 diffutils_1:3.6-1 docutils-common_0.14+dfsg-3 dpkg_1.19.2 dpkg-dev_1.19.2 dwz_0.12-3 e2fsprogs_1.44.5-1 fakeroot_1.23-1 fdisk_2.33-0.2 file_1:5.34-2 findutils_4.6.0+git+20181018-1 g++_4:8.2.0-2 g++-8_8.2.0-14 gcc_4:8.2.0-2 gcc-8_8.2.0-14 gcc-8-base_8.2.0-14 gettext_0.19.8.1-9 gettext-base_0.19.8.1-9 gpgv_2.2.12-1 grep_3.3-1 groff-base_1.22.4-2 gzip_1.9-3 hostname_3.21 init-system-helpers_1.56+nmu1 intltool-debian_0.35.0+20060710.4 lib32gcc1_1:8.2.0-14 lib32stdc++6_8.2.0-14 libacl1_2.2.52-3+b1 libapt-pkg5.0_1.8.0~alpha3 libarchive-zip-perl_1.64-1 libarchive13_3.3.3-3 libasan5_8.2.0-14 libatomic1_8.2.0-14 libattr1_1:2.4.47-2+b2 libaudit-common_1:2.8.4-2 libaudit1_1:2.8.4-2 libbinutils_2.31.1-11 libblkid1_2.33-0.2 libbsd0_0.9.1-1 libbz2-1.0_1.0.6-9 libc-bin_2.28-4 libc-dev-bin_2.28-4 libc6_2.28-4 libc6-dev_2.28-4 libc6-i386_2.28-4 libcap-ng0_0.7.9-1+b1 libcc1-0_8.2.0-14 libclang-common-8-dev_1:8~svn350193-1~exp1 libclang1-8_1:8~svn350193-1~exp1 libcom-err2_1.44.5-1 libcroco3_0.6.12-3 libcurl4_7.62.0-1 libdb5.3_5.3.28+dfsg1-0.2 libdebconfclient0_0.246 libdpkg-perl_1.19.2 libedit2_3.1-20181209-1 libelf1_0.175-2 libexpat1_2.2.6-1 libexpat1-dev_2.2.6-1 libext2fs2_1.44.5-1 libfakeroot_1.23-1 libfdisk1_2.33-0.2 libffi6_3.2.1-9 libfile-stripnondeterminism-perl_1.0.0-1 libgc1c2_1:7.6.4-0.4 libgcc-8-dev_8.2.0-14 libgcc1_1:8.2.0-14 libgcrypt20_1.8.4-4 libgdbm-compat4_1.18.1-2 libgdbm6_1.18.1-2 libglib2.0-0_2.58.2-3 libgmp10_2:6.1.2+dfsg-4 libgnutls30_3.6.5-2 libgomp1_8.2.0-14 libgpg-error0_1.33-3 libgssapi-krb5-2_1.16.2-1 libhogweed4_3.4.1~rc1-1 libicu63_63.1-5 libidn2-0_2.0.5-1 libisl19_0.20-2 libitm1_8.2.0-14 libjsoncpp1_1.7.4-3 libk5crypto3_1.16.2-1 libkeyutils1_1.5.9-9.3 libkrb5-3_1.16.2-1 libkrb5support0_1.16.2-1 libldap-2.4-2_2.4.47+dfsg-1 libldap-common_2.4.47+dfsg-1 libllvm8_1:8~svn350193-1~exp1 liblsan0_8.2.0-14 liblz4-1_1.8.3-1 liblzma5_5.2.2-1.3 libmagic-mgc_1:5.34-2 libmagic1_1:5.34-2 libmount1_2.33-0.2 libmpc3_1.1.0-1 libmpdec2_2.4.2-2 libmpfr6_4.0.2~rc1-1 libmpx2_8.2.0-14 libncurses6_6.1+20181013-1 libncursesw6_6.1+20181013-1 libnettle6_3.4.1~rc1-1 libnghttp2-14_1.35.1-1+b1 libobjc-8-dev_8.2.0-14 libobjc4_8.2.0-14 libomp-8-dev_1:8~svn350193-1~exp1 libomp5-8_1:8~svn350193-1~exp1 libp11-kit0_0.23.14-2 libpam-modules_1.1.8-4 libpam-modules-bin_1.1.8-4 libpam-runtime_1.1.8-4 libpam0g_1.1.8-4 libpcre3_2:8.39-11 libperl5.28_5.28.1-3 libpipeline1_1.5.0-2 libprocps7_2:3.3.15-2 libpsl5_0.20.2-2 libpython-all-dev_2.7.15-3 libpython-dev_2.7.15-3 libpython-stdlib_2.7.15-3 libpython2-dev_2.7.15-3 libpython2-stdlib_2.7.15-3 libpython2.7_2.7.15-5 libpython2.7-dev_2.7.15-5 libpython2.7-minimal_2.7.15-5 libpython2.7-stdlib_2.7.15-5 libpython3-all-dev_3.7.1-3 libpython3-dev_3.7.1-3 libpython3-stdlib_3.7.1-3 libpython3.7_3.7.2-1 libpython3.7-dev_3.7.2-1 libpython3.7-minimal_3.7.2-1 libpython3.7-stdlib_3.7.2-1 libquadmath0_8.2.0-14 libreadline7_7.0-5 librhash0_1.3.7-1 librtmp1_2.4+20151223.gitfa8646d.1-2 libsasl2-2_2.1.27~rc8-1 libsasl2-modules-db_2.1.27~rc8-1 libseccomp2_2.3.3-3 libselinux1_2.8-1+b1 libsemanage-common_2.8-2 libsemanage1_2.8-2 libsepol1_2.8-1 libsigsegv2_2.12-2 libsmartcols1_2.33-0.2 libsqlite3-0_3.26.0+fossilbc891ac6b-1 libss2_1.44.5-1 libssh2-1_1.8.0-2 libssl1.1_1.1.1a-1 libstdc++-8-dev_8.2.0-14 libstdc++6_8.2.0-14 libsystemd0_240-2 libtasn1-6_4.13-3 libtinfo6_6.1+20181013-1 libtool_2.4.6-6 libtsan0_8.2.0-14 libubsan1_8.2.0-14 libuchardet0_0.0.6-3 libudev1_240-2 libunistring2_0.9.10-1 libuuid1_2.33-0.2 libuv1_1.24.0-1 libxml2_2.9.4+dfsg1-7+b3 libzstd1_1.3.8+dfsg-3 linux-libc-dev_4.19.13-1 login_1:4.5-1.1 lsb-base_10.2018112800 m4_1.4.18-2 make_4.2.1-1.2 man-db_2.8.5-1 mawk_1.3.3-17+b3 mime-support_3.61 mount_2.33-0.2 ncurses-base_6.1+20181013-1 ncurses-bin_6.1+20181013-1 passwd_1:4.5-1.1 patch_2.7.6-3 perl_5.28.1-3 perl-base_5.28.1-3 perl-modules-5.28_5.28.1-3 po-debconf_1.0.21 procps_2:3.3.15-2 python_2.7.15-3 python-all_2.7.15-3 python-all-dev_2.7.15-3 python-dev_2.7.15-3 python-docutils_0.14+dfsg-3 python-minimal_2.7.15-3 python-pkg-resources_40.6.2-1 python-roman_2.0.0-3 python-setuptools_40.6.2-1 python2_2.7.15-3 python2-dev_2.7.15-3 python2-minimal_2.7.15-3 python2.7_2.7.15-5 python2.7-dev_2.7.15-5 python2.7-minimal_2.7.15-5 python3_3.7.1-3 python3-all_3.7.1-3 python3-all-dev_3.7.1-3 python3-dev_3.7.1-3 python3-distutils_3.7.2-2 python3-lib2to3_3.7.2-2 python3-minimal_3.7.1-3 python3.7_3.7.2-1 python3.7-dev_3.7.2-1 python3.7-minimal_3.7.2-1 readline-common_7.0-5 sbuild-build-depends-core-dummy_0.invalid.0 sbuild-build-depends-tlsh-dummy_0.invalid.0 sed_4.7-1 sensible-utils_0.0.12 sgml-base_1.29 sysvinit-utils_2.93-3 tar_1.30+dfsg-4 tzdata_2018i-1 util-linux_2.33-0.2 xml-core_0.18 xz-utils_5.2.2-1.3 zlib1g_1:1.2.11.dfsg-1

+------------------------------------------------------------------------------+
| Build                                                                        |
+------------------------------------------------------------------------------+


Unpack source
-------------

gpgv: unknown type of key resource 'trustedkeys.kbx'
gpgv: keyblock resource '/sbuild-nonexistent/.gnupg/trustedkeys.kbx': General error
gpgv: Signature made Sat Jan 16 15:29:03 2016 UTC
gpgv:                using RSA key 402C22503D36E936
gpgv: Can't check signature: No public key
dpkg-source: warning: failed to verify signature on ./tlsh_3.4.4+20151206-1.dsc
dpkg-source: info: extracting tlsh in /<<BUILDDIR>>/tlsh-3.4.4+20151206
dpkg-source: info: unpacking tlsh_3.4.4+20151206.orig.tar.gz
dpkg-source: info: unpacking tlsh_3.4.4+20151206-1.debian.tar.xz
dpkg-source: info: using patch list from debian/patches/series
dpkg-source: info: applying remove-testing-from-cmakelists.diff
dpkg-source: info: applying create-shared-library.diff
dpkg-source: info: applying install-libraries.diff
dpkg-source: info: applying dont-use-rpath.diff
dpkg-source: info: applying call-tlsh-constructor-in-python-binding.diff

Check disk space
----------------

Sufficient free space for build

User Environment
----------------

APT_CONFIG=/var/lib/sbuild/apt.conf
HOME=/sbuild-nonexistent
LANG=en_US.UTF-8
LC_ALL=POSIX
LOGNAME=user42
PATH=/usr/local/sbin:/usr/local/bin:/usr/sbin:/usr/bin:/sbin:/bin:/usr/games
SCHROOT_ALIAS_NAME=unstable
SCHROOT_CHROOT_NAME=sid-amd64-sbuild
SCHROOT_COMMAND=env
SCHROOT_GID=1001
SCHROOT_GROUP=user42
SCHROOT_SESSION_ID=sid-amd64-sbuild-d1d05138-756a-4a3b-9a40-24c4a05404ab
SCHROOT_UID=1001
SCHROOT_USER=user42
SHELL=/bin/sh
USER=user42

dpkg-buildpackage
-----------------

dpkg-buildpackage: info: source package tlsh
dpkg-buildpackage: info: source version 3.4.4+20151206-1
dpkg-buildpackage: info: source distribution unstable
dpkg-buildpackage: info: source changed by Jrmy Bobbio <lunar@debian.org>
 dpkg-source --before-build .
dpkg-buildpackage: info: host architecture amd64
 fakeroot debian/rules clean
dh clean --with=python2,python3 --buildsystem=cmake
   dh_auto_clean -O--buildsystem=cmake
   debian/rules override_dh_clean
make[1]: Entering directory '/<<BUILDDIR>>/tlsh-3.4.4+20151206'
rm -f debian/tlsh_unittest.1
rm -rf .pybuild
rm -rf py_ext/build
rm -rf bin
rm -rf lib
rm -rf VERSION include/version.h
rm -f test/simple_unittest
rm -f test/tlsh_version
dh_clean
make[1]: Leaving directory '/<<BUILDDIR>>/tlsh-3.4.4+20151206'
 debian/rules build-arch
dh build-arch --with=python2,python3 --buildsystem=cmake
   dh_update_autotools_config -a -O--buildsystem=cmake
   dh_auto_configure -a -O--buildsystem=cmake
	cd obj-x86_64-linux-gnu && cmake -DCMAKE_INSTALL_PREFIX=/usr -DCMAKE_BUILD_TYPE=None -DCMAKE_INSTALL_SYSCONFDIR=/etc -DCMAKE_INSTALL_LOCALSTATEDIR=/var -DCMAKE_EXPORT_NO_PACKAGE_REGISTRY=ON -DCMAKE_FIND_PACKAGE_NO_PACKAGE_REGISTRY=ON "-GUnix Makefiles" -DCMAKE_VERBOSE_MAKEFILE=ON -DCMAKE_INSTALL_LIBDIR=lib/x86_64-linux-gnu ..
-- The C compiler identification is Clang 8.0.0
-- The CXX compiler identification is Clang 8.0.0
-- Check for working C compiler: /usr/bin/cc
-- Check for working C compiler: /usr/bin/cc -- works
-- Detecting C compiler ABI info
-- Detecting C compiler ABI info - done
-- Detecting C compile features
-- Detecting C compile features - done
-- Check for working CXX compiler: /usr/bin/c++
-- Check for working CXX compiler: /usr/bin/c++ -- works
-- Detecting CXX compiler ABI info
-- Detecting CXX compiler ABI info - done
-- Detecting CXX compile features
-- Detecting CXX compile features - done
-- Configuring done
-- Generating done
CMake Warning:
  Manually-specified variables were not used by the project:

    CMAKE_EXPORT_NO_PACKAGE_REGISTRY
    CMAKE_FIND_PACKAGE_NO_PACKAGE_REGISTRY


-- Build files have been written to: /<<BUILDDIR>>/tlsh-3.4.4+20151206/obj-x86_64-linux-gnu
   debian/rules override_dh_auto_build
make[1]: Entering directory '/<<BUILDDIR>>/tlsh-3.4.4+20151206'
dh_auto_build --buildsystem=cmake
	cd obj-x86_64-linux-gnu && make -j1
make[2]: Entering directory '/<<BUILDDIR>>/tlsh-3.4.4+20151206/obj-x86_64-linux-gnu'
/usr/bin/cmake -S/<<BUILDDIR>>/tlsh-3.4.4+20151206 -B/<<BUILDDIR>>/tlsh-3.4.4+20151206/obj-x86_64-linux-gnu --check-build-system CMakeFiles/Makefile.cmake 0
/usr/bin/cmake -E cmake_progress_start /<<BUILDDIR>>/tlsh-3.4.4+20151206/obj-x86_64-linux-gnu/CMakeFiles /<<BUILDDIR>>/tlsh-3.4.4+20151206/obj-x86_64-linux-gnu/CMakeFiles/progress.marks
make -f CMakeFiles/Makefile2 all
make[3]: Entering directory '/<<BUILDDIR>>/tlsh-3.4.4+20151206/obj-x86_64-linux-gnu'
make -f src/CMakeFiles/tlsh_shared.dir/build.make src/CMakeFiles/tlsh_shared.dir/depend
make[4]: Entering directory '/<<BUILDDIR>>/tlsh-3.4.4+20151206/obj-x86_64-linux-gnu'
cd /<<BUILDDIR>>/tlsh-3.4.4+20151206/obj-x86_64-linux-gnu && /usr/bin/cmake -E cmake_depends "Unix Makefiles" /<<BUILDDIR>>/tlsh-3.4.4+20151206 /<<BUILDDIR>>/tlsh-3.4.4+20151206/src /<<BUILDDIR>>/tlsh-3.4.4+20151206/obj-x86_64-linux-gnu /<<BUILDDIR>>/tlsh-3.4.4+20151206/obj-x86_64-linux-gnu/src /<<BUILDDIR>>/tlsh-3.4.4+20151206/obj-x86_64-linux-gnu/src/CMakeFiles/tlsh_shared.dir/DependInfo.cmake --color=
Scanning dependencies of target tlsh_shared
make[4]: Leaving directory '/<<BUILDDIR>>/tlsh-3.4.4+20151206/obj-x86_64-linux-gnu'
make -f src/CMakeFiles/tlsh_shared.dir/build.make src/CMakeFiles/tlsh_shared.dir/build
make[4]: Entering directory '/<<BUILDDIR>>/tlsh-3.4.4+20151206/obj-x86_64-linux-gnu'
[  6%] Building CXX object src/CMakeFiles/tlsh_shared.dir/tlsh.cpp.o
cd /<<BUILDDIR>>/tlsh-3.4.4+20151206/obj-x86_64-linux-gnu/src && /usr/bin/c++  -Dtlsh_shared_EXPORTS -I/<<BUILDDIR>>/tlsh-3.4.4+20151206/include  -g -O2 -fdebug-prefix-map=/<<BUILDDIR>>/tlsh-3.4.4+20151206=. -fstack-protector-strong -Wformat -Werror=format-security -Wdate-time -D_FORTIFY_SOURCE=2 -fPIC   -o CMakeFiles/tlsh_shared.dir/tlsh.cpp.o -c /<<BUILDDIR>>/tlsh-3.4.4+20151206/src/tlsh.cpp
[ 12%] Building CXX object src/CMakeFiles/tlsh_shared.dir/tlsh_impl.cpp.o
cd /<<BUILDDIR>>/tlsh-3.4.4+20151206/obj-x86_64-linux-gnu/src && /usr/bin/c++  -Dtlsh_shared_EXPORTS -I/<<BUILDDIR>>/tlsh-3.4.4+20151206/include  -g -O2 -fdebug-prefix-map=/<<BUILDDIR>>/tlsh-3.4.4+20151206=. -fstack-protector-strong -Wformat -Werror=format-security -Wdate-time -D_FORTIFY_SOURCE=2 -fPIC   -o CMakeFiles/tlsh_shared.dir/tlsh_impl.cpp.o -c /<<BUILDDIR>>/tlsh-3.4.4+20151206/src/tlsh_impl.cpp
[ 18%] Building CXX object src/CMakeFiles/tlsh_shared.dir/tlsh_util.cpp.o
cd /<<BUILDDIR>>/tlsh-3.4.4+20151206/obj-x86_64-linux-gnu/src && /usr/bin/c++  -Dtlsh_shared_EXPORTS -I/<<BUILDDIR>>/tlsh-3.4.4+20151206/include  -g -O2 -fdebug-prefix-map=/<<BUILDDIR>>/tlsh-3.4.4+20151206=. -fstack-protector-strong -Wformat -Werror=format-security -Wdate-time -D_FORTIFY_SOURCE=2 -fPIC   -o CMakeFiles/tlsh_shared.dir/tlsh_util.cpp.o -c /<<BUILDDIR>>/tlsh-3.4.4+20151206/src/tlsh_util.cpp
[ 25%] Linking CXX shared library ../../lib/libtlsh.so
cd /<<BUILDDIR>>/tlsh-3.4.4+20151206/obj-x86_64-linux-gnu/src && /usr/bin/cmake -E cmake_link_script CMakeFiles/tlsh_shared.dir/link.txt --verbose=1
/usr/bin/c++ -fPIC -g -O2 -fdebug-prefix-map=/<<BUILDDIR>>/tlsh-3.4.4+20151206=. -fstack-protector-strong -Wformat -Werror=format-security -Wdate-time -D_FORTIFY_SOURCE=2 -Wl,-z,relro -shared -Wl,-soname,libtlsh.so.0 -o ../../lib/libtlsh.so.3.4.4 CMakeFiles/tlsh_shared.dir/tlsh.cpp.o CMakeFiles/tlsh_shared.dir/tlsh_impl.cpp.o CMakeFiles/tlsh_shared.dir/tlsh_util.cpp.o 
cd /<<BUILDDIR>>/tlsh-3.4.4+20151206/obj-x86_64-linux-gnu/src && /usr/bin/cmake -E cmake_symlink_library ../../lib/libtlsh.so.3.4.4 ../../lib/libtlsh.so.0 ../../lib/libtlsh.so
make[4]: Leaving directory '/<<BUILDDIR>>/tlsh-3.4.4+20151206/obj-x86_64-linux-gnu'
[ 25%] Built target tlsh_shared
make -f src/CMakeFiles/tlsh.dir/build.make src/CMakeFiles/tlsh.dir/depend
make[4]: Entering directory '/<<BUILDDIR>>/tlsh-3.4.4+20151206/obj-x86_64-linux-gnu'
cd /<<BUILDDIR>>/tlsh-3.4.4+20151206/obj-x86_64-linux-gnu && /usr/bin/cmake -E cmake_depends "Unix Makefiles" /<<BUILDDIR>>/tlsh-3.4.4+20151206 /<<BUILDDIR>>/tlsh-3.4.4+20151206/src /<<BUILDDIR>>/tlsh-3.4.4+20151206/obj-x86_64-linux-gnu /<<BUILDDIR>>/tlsh-3.4.4+20151206/obj-x86_64-linux-gnu/src /<<BUILDDIR>>/tlsh-3.4.4+20151206/obj-x86_64-linux-gnu/src/CMakeFiles/tlsh.dir/DependInfo.cmake --color=
Scanning dependencies of target tlsh
make[4]: Leaving directory '/<<BUILDDIR>>/tlsh-3.4.4+20151206/obj-x86_64-linux-gnu'
make -f src/CMakeFiles/tlsh.dir/build.make src/CMakeFiles/tlsh.dir/build
make[4]: Entering directory '/<<BUILDDIR>>/tlsh-3.4.4+20151206/obj-x86_64-linux-gnu'
[ 31%] Building CXX object src/CMakeFiles/tlsh.dir/tlsh.cpp.o
cd /<<BUILDDIR>>/tlsh-3.4.4+20151206/obj-x86_64-linux-gnu/src && /usr/bin/c++   -I/<<BUILDDIR>>/tlsh-3.4.4+20151206/include  -g -O2 -fdebug-prefix-map=/<<BUILDDIR>>/tlsh-3.4.4+20151206=. -fstack-protector-strong -Wformat -Werror=format-security -Wdate-time -D_FORTIFY_SOURCE=2   -o CMakeFiles/tlsh.dir/tlsh.cpp.o -c /<<BUILDDIR>>/tlsh-3.4.4+20151206/src/tlsh.cpp
[ 37%] Building CXX object src/CMakeFiles/tlsh.dir/tlsh_impl.cpp.o
cd /<<BUILDDIR>>/tlsh-3.4.4+20151206/obj-x86_64-linux-gnu/src && /usr/bin/c++   -I/<<BUILDDIR>>/tlsh-3.4.4+20151206/include  -g -O2 -fdebug-prefix-map=/<<BUILDDIR>>/tlsh-3.4.4+20151206=. -fstack-protector-strong -Wformat -Werror=format-security -Wdate-time -D_FORTIFY_SOURCE=2   -o CMakeFiles/tlsh.dir/tlsh_impl.cpp.o -c /<<BUILDDIR>>/tlsh-3.4.4+20151206/src/tlsh_impl.cpp
[ 43%] Building CXX object src/CMakeFiles/tlsh.dir/tlsh_util.cpp.o
cd /<<BUILDDIR>>/tlsh-3.4.4+20151206/obj-x86_64-linux-gnu/src && /usr/bin/c++   -I/<<BUILDDIR>>/tlsh-3.4.4+20151206/include  -g -O2 -fdebug-prefix-map=/<<BUILDDIR>>/tlsh-3.4.4+20151206=. -fstack-protector-strong -Wformat -Werror=format-security -Wdate-time -D_FORTIFY_SOURCE=2   -o CMakeFiles/tlsh.dir/tlsh_util.cpp.o -c /<<BUILDDIR>>/tlsh-3.4.4+20151206/src/tlsh_util.cpp
[ 50%] Linking CXX static library ../../lib/libtlsh.a
cd /<<BUILDDIR>>/tlsh-3.4.4+20151206/obj-x86_64-linux-gnu/src && /usr/bin/cmake -P CMakeFiles/tlsh.dir/cmake_clean_target.cmake
cd /<<BUILDDIR>>/tlsh-3.4.4+20151206/obj-x86_64-linux-gnu/src && /usr/bin/cmake -E cmake_link_script CMakeFiles/tlsh.dir/link.txt --verbose=1
/usr/bin/ar qc ../../lib/libtlsh.a  CMakeFiles/tlsh.dir/tlsh.cpp.o CMakeFiles/tlsh.dir/tlsh_impl.cpp.o CMakeFiles/tlsh.dir/tlsh_util.cpp.o
/usr/bin/ranlib ../../lib/libtlsh.a
make[4]: Leaving directory '/<<BUILDDIR>>/tlsh-3.4.4+20151206/obj-x86_64-linux-gnu'
[ 50%] Built target tlsh
make -f test/CMakeFiles/simple_unittest.dir/build.make test/CMakeFiles/simple_unittest.dir/depend
make[4]: Entering directory '/<<BUILDDIR>>/tlsh-3.4.4+20151206/obj-x86_64-linux-gnu'
cd /<<BUILDDIR>>/tlsh-3.4.4+20151206/obj-x86_64-linux-gnu && /usr/bin/cmake -E cmake_depends "Unix Makefiles" /<<BUILDDIR>>/tlsh-3.4.4+20151206 /<<BUILDDIR>>/tlsh-3.4.4+20151206/test /<<BUILDDIR>>/tlsh-3.4.4+20151206/obj-x86_64-linux-gnu /<<BUILDDIR>>/tlsh-3.4.4+20151206/obj-x86_64-linux-gnu/test /<<BUILDDIR>>/tlsh-3.4.4+20151206/obj-x86_64-linux-gnu/test/CMakeFiles/simple_unittest.dir/DependInfo.cmake --color=
Scanning dependencies of target simple_unittest
make[4]: Leaving directory '/<<BUILDDIR>>/tlsh-3.4.4+20151206/obj-x86_64-linux-gnu'
make -f test/CMakeFiles/simple_unittest.dir/build.make test/CMakeFiles/simple_unittest.dir/build
make[4]: Entering directory '/<<BUILDDIR>>/tlsh-3.4.4+20151206/obj-x86_64-linux-gnu'
[ 56%] Building CXX object test/CMakeFiles/simple_unittest.dir/simple_unittest.cpp.o
cd /<<BUILDDIR>>/tlsh-3.4.4+20151206/obj-x86_64-linux-gnu/test && /usr/bin/c++   -I/<<BUILDDIR>>/tlsh-3.4.4+20151206/include  -g -O2 -fdebug-prefix-map=/<<BUILDDIR>>/tlsh-3.4.4+20151206=. -fstack-protector-strong -Wformat -Werror=format-security -Wdate-time -D_FORTIFY_SOURCE=2   -o CMakeFiles/simple_unittest.dir/simple_unittest.cpp.o -c /<<BUILDDIR>>/tlsh-3.4.4+20151206/test/simple_unittest.cpp
[ 62%] Linking CXX executable ../../bin/simple_unittest
cd /<<BUILDDIR>>/tlsh-3.4.4+20151206/obj-x86_64-linux-gnu/test && /usr/bin/cmake -E cmake_link_script CMakeFiles/simple_unittest.dir/link.txt --verbose=1
/usr/bin/c++  -g -O2 -fdebug-prefix-map=/<<BUILDDIR>>/tlsh-3.4.4+20151206=. -fstack-protector-strong -Wformat -Werror=format-security -Wdate-time -D_FORTIFY_SOURCE=2  -Wl,-z,relro -rdynamic CMakeFiles/simple_unittest.dir/simple_unittest.cpp.o  -o ../../bin/simple_unittest ../../lib/libtlsh.a 
make[4]: Leaving directory '/<<BUILDDIR>>/tlsh-3.4.4+20151206/obj-x86_64-linux-gnu'
[ 62%] Built target simple_unittest
make -f test/CMakeFiles/tlsh_unittest.dir/build.make test/CMakeFiles/tlsh_unittest.dir/depend
make[4]: Entering directory '/<<BUILDDIR>>/tlsh-3.4.4+20151206/obj-x86_64-linux-gnu'
cd /<<BUILDDIR>>/tlsh-3.4.4+20151206/obj-x86_64-linux-gnu && /usr/bin/cmake -E cmake_depends "Unix Makefiles" /<<BUILDDIR>>/tlsh-3.4.4+20151206 /<<BUILDDIR>>/tlsh-3.4.4+20151206/test /<<BUILDDIR>>/tlsh-3.4.4+20151206/obj-x86_64-linux-gnu /<<BUILDDIR>>/tlsh-3.4.4+20151206/obj-x86_64-linux-gnu/test /<<BUILDDIR>>/tlsh-3.4.4+20151206/obj-x86_64-linux-gnu/test/CMakeFiles/tlsh_unittest.dir/DependInfo.cmake --color=
Scanning dependencies of target tlsh_unittest
make[4]: Leaving directory '/<<BUILDDIR>>/tlsh-3.4.4+20151206/obj-x86_64-linux-gnu'
make -f test/CMakeFiles/tlsh_unittest.dir/build.make test/CMakeFiles/tlsh_unittest.dir/build
make[4]: Entering directory '/<<BUILDDIR>>/tlsh-3.4.4+20151206/obj-x86_64-linux-gnu'
[ 68%] Building CXX object test/CMakeFiles/tlsh_unittest.dir/tlsh_unittest.cpp.o
cd /<<BUILDDIR>>/tlsh-3.4.4+20151206/obj-x86_64-linux-gnu/test && /usr/bin/c++   -I/<<BUILDDIR>>/tlsh-3.4.4+20151206/include  -g -O2 -fdebug-prefix-map=/<<BUILDDIR>>/tlsh-3.4.4+20151206=. -fstack-protector-strong -Wformat -Werror=format-security -Wdate-time -D_FORTIFY_SOURCE=2   -o CMakeFiles/tlsh_unittest.dir/tlsh_unittest.cpp.o -c /<<BUILDDIR>>/tlsh-3.4.4+20151206/test/tlsh_unittest.cpp
[ 75%] Linking CXX executable ../../bin/tlsh_unittest
cd /<<BUILDDIR>>/tlsh-3.4.4+20151206/obj-x86_64-linux-gnu/test && /usr/bin/cmake -E cmake_link_script CMakeFiles/tlsh_unittest.dir/link.txt --verbose=1
/usr/bin/c++  -g -O2 -fdebug-prefix-map=/<<BUILDDIR>>/tlsh-3.4.4+20151206=. -fstack-protector-strong -Wformat -Werror=format-security -Wdate-time -D_FORTIFY_SOURCE=2  -Wl,-z,relro -rdynamic CMakeFiles/tlsh_unittest.dir/tlsh_unittest.cpp.o  -o ../../bin/tlsh_unittest ../../lib/libtlsh.so.3.4.4 
make[4]: Leaving directory '/<<BUILDDIR>>/tlsh-3.4.4+20151206/obj-x86_64-linux-gnu'
[ 75%] Built target tlsh_unittest
make -f test/CMakeFiles/tlsh_version.dir/build.make test/CMakeFiles/tlsh_version.dir/depend
make[4]: Entering directory '/<<BUILDDIR>>/tlsh-3.4.4+20151206/obj-x86_64-linux-gnu'
cd /<<BUILDDIR>>/tlsh-3.4.4+20151206/obj-x86_64-linux-gnu && /usr/bin/cmake -E cmake_depends "Unix Makefiles" /<<BUILDDIR>>/tlsh-3.4.4+20151206 /<<BUILDDIR>>/tlsh-3.4.4+20151206/test /<<BUILDDIR>>/tlsh-3.4.4+20151206/obj-x86_64-linux-gnu /<<BUILDDIR>>/tlsh-3.4.4+20151206/obj-x86_64-linux-gnu/test /<<BUILDDIR>>/tlsh-3.4.4+20151206/obj-x86_64-linux-gnu/test/CMakeFiles/tlsh_version.dir/DependInfo.cmake --color=
Scanning dependencies of target tlsh_version
make[4]: Leaving directory '/<<BUILDDIR>>/tlsh-3.4.4+20151206/obj-x86_64-linux-gnu'
make -f test/CMakeFiles/tlsh_version.dir/build.make test/CMakeFiles/tlsh_version.dir/build
make[4]: Entering directory '/<<BUILDDIR>>/tlsh-3.4.4+20151206/obj-x86_64-linux-gnu'
[ 81%] Building CXX object test/CMakeFiles/tlsh_version.dir/tlsh_version.cpp.o
cd /<<BUILDDIR>>/tlsh-3.4.4+20151206/obj-x86_64-linux-gnu/test && /usr/bin/c++   -I/<<BUILDDIR>>/tlsh-3.4.4+20151206/include  -g -O2 -fdebug-prefix-map=/<<BUILDDIR>>/tlsh-3.4.4+20151206=. -fstack-protector-strong -Wformat -Werror=format-security -Wdate-time -D_FORTIFY_SOURCE=2   -o CMakeFiles/tlsh_version.dir/tlsh_version.cpp.o -c /<<BUILDDIR>>/tlsh-3.4.4+20151206/test/tlsh_version.cpp
[ 87%] Linking CXX executable ../../bin/tlsh_version
cd /<<BUILDDIR>>/tlsh-3.4.4+20151206/obj-x86_64-linux-gnu/test && /usr/bin/cmake -E cmake_link_script CMakeFiles/tlsh_version.dir/link.txt --verbose=1
/usr/bin/c++  -g -O2 -fdebug-prefix-map=/<<BUILDDIR>>/tlsh-3.4.4+20151206=. -fstack-protector-strong -Wformat -Werror=format-security -Wdate-time -D_FORTIFY_SOURCE=2  -Wl,-z,relro -rdynamic CMakeFiles/tlsh_version.dir/tlsh_version.cpp.o  -o ../../bin/tlsh_version ../../lib/libtlsh.a 
make[4]: Leaving directory '/<<BUILDDIR>>/tlsh-3.4.4+20151206/obj-x86_64-linux-gnu'
[ 87%] Built target tlsh_version
make -f utils/CMakeFiles/rand_tags.dir/build.make utils/CMakeFiles/rand_tags.dir/depend
make[4]: Entering directory '/<<BUILDDIR>>/tlsh-3.4.4+20151206/obj-x86_64-linux-gnu'
cd /<<BUILDDIR>>/tlsh-3.4.4+20151206/obj-x86_64-linux-gnu && /usr/bin/cmake -E cmake_depends "Unix Makefiles" /<<BUILDDIR>>/tlsh-3.4.4+20151206 /<<BUILDDIR>>/tlsh-3.4.4+20151206/utils /<<BUILDDIR>>/tlsh-3.4.4+20151206/obj-x86_64-linux-gnu /<<BUILDDIR>>/tlsh-3.4.4+20151206/obj-x86_64-linux-gnu/utils /<<BUILDDIR>>/tlsh-3.4.4+20151206/obj-x86_64-linux-gnu/utils/CMakeFiles/rand_tags.dir/DependInfo.cmake --color=
Scanning dependencies of target rand_tags
make[4]: Leaving directory '/<<BUILDDIR>>/tlsh-3.4.4+20151206/obj-x86_64-linux-gnu'
make -f utils/CMakeFiles/rand_tags.dir/build.make utils/CMakeFiles/rand_tags.dir/build
make[4]: Entering directory '/<<BUILDDIR>>/tlsh-3.4.4+20151206/obj-x86_64-linux-gnu'
[ 93%] Building CXX object utils/CMakeFiles/rand_tags.dir/rand_tags.cpp.o
cd /<<BUILDDIR>>/tlsh-3.4.4+20151206/obj-x86_64-linux-gnu/utils && /usr/bin/c++   -I/<<BUILDDIR>>/tlsh-3.4.4+20151206/include  -g -O2 -fdebug-prefix-map=/<<BUILDDIR>>/tlsh-3.4.4+20151206=. -fstack-protector-strong -Wformat -Werror=format-security -Wdate-time -D_FORTIFY_SOURCE=2   -o CMakeFiles/rand_tags.dir/rand_tags.cpp.o -c /<<BUILDDIR>>/tlsh-3.4.4+20151206/utils/rand_tags.cpp
/<<BUILDDIR>>/tlsh-3.4.4+20151206/utils/rand_tags.cpp:369:39: error: ordered comparison between pointer and zero ('int *' and 'int')
        if ((*ntags <= 0) && (ndistinct_tags <= 0))
                              ~~~~~~~~~~~~~~ ^  ~
1 error generated.
make[4]: *** [utils/CMakeFiles/rand_tags.dir/build.make:66: utils/CMakeFiles/rand_tags.dir/rand_tags.cpp.o] Error 1
make[4]: Leaving directory '/<<BUILDDIR>>/tlsh-3.4.4+20151206/obj-x86_64-linux-gnu'
make[3]: *** [CMakeFiles/Makefile2:321: utils/CMakeFiles/rand_tags.dir/all] Error 2
make[3]: Leaving directory '/<<BUILDDIR>>/tlsh-3.4.4+20151206/obj-x86_64-linux-gnu'
make[2]: *** [Makefile:166: all] Error 2
make[2]: Leaving directory '/<<BUILDDIR>>/tlsh-3.4.4+20151206/obj-x86_64-linux-gnu'
dh_auto_build: cd obj-x86_64-linux-gnu && make -j1 returned exit code 2
make[1]: *** [debian/rules:9: override_dh_auto_build] Error 2
make[1]: Leaving directory '/<<BUILDDIR>>/tlsh-3.4.4+20151206'
make: *** [debian/rules:6: build-arch] Error 2
dpkg-buildpackage: error: debian/rules build-arch subprocess returned exit status 2
--------------------------------------------------------------------------------
Build finished at 2019-01-09T22:24:42Z

Finished
--------


+------------------------------------------------------------------------------+
| Cleanup                                                                      |
+------------------------------------------------------------------------------+

Purging /<<BUILDDIR>>
Not cleaning session: cloned chroot in use
E: Build failure (dpkg-buildpackage died)

+------------------------------------------------------------------------------+
| Summary                                                                      |
+------------------------------------------------------------------------------+

Build Architecture: amd64
Build Type: any
Build-Space: 3844
Build-Time: 4
Distribution: unstable
Fail-Stage: build
Host Architecture: amd64
Install-Time: 21
Job: tlsh_3.4.4+20151206-1
Machine Architecture: amd64
Package: tlsh
Package-Time: 39
Source-Version: 3.4.4+20151206-1
Space: 3844
Status: attempted
Version: 3.4.4+20151206-1
--------------------------------------------------------------------------------
Finished at 2019-01-09T22:24:42Z
Build needed 00:00:39, 3844k disk space
E: Build failure (dpkg-buildpackage died)
DC-Status: Failed 39.894228454s
