DC-Build-Header: qdjango 0.6.2-3 / 2020-05-03 04:41:54 +0000
DC-Task: type:rebuild-binarch-only source:qdjango version:0.6.2-3 chroot:unstable esttime:178 logfile:/tmp/qdjango_0.6.2-3_unstable_clang10.log modes:clang10:binarch-only
DC-Sbuild-call: su user42 -c 'sbuild -n --arch-any --apt-update -d unstable -v --no-run-lintian --chroot-setup-commands=/tmp/clang10 qdjango_0.6.2-3'
sbuild (Debian sbuild) 0.78.1 (09 February 2019) on ip-172-31-5-247.eu-central-1.compute.internal

+==============================================================================+
| qdjango 0.6.2-3 (amd64)                      Sun, 03 May 2020 04:41:55 +0000 |
+==============================================================================+

Package: qdjango
Version: 0.6.2-3
Source Version: 0.6.2-3
Distribution: unstable
Machine Architecture: amd64
Host Architecture: amd64
Build Architecture: amd64
Build Type: binary

I: NOTICE: Log filtering will replace 'var/run/schroot/mount/sid-amd64-sbuild-30aeae24-8faa-4f8c-a8b5-2134a871d781' with '<<CHROOT>>'

+------------------------------------------------------------------------------+
| Chroot Setup Commands                                                        |
+------------------------------------------------------------------------------+


/tmp/clang10
------------

+ echo 'Entering customization script...'
Entering customization script...
+ CLANG_VERSION=10
+ echo 'Install of clang-10'
Install of clang-10
+ apt-get update
Get:1 http://127.0.0.1:12990/debian sid InRelease [146 kB]
Get:2 http://127.0.0.1:12990/debian sid/main Sources.diff/Index [27.9 kB]
Get:3 http://127.0.0.1:12990/debian sid/main amd64 Packages.diff/Index [27.9 kB]
Get:4 http://127.0.0.1:12990/debian sid/main Sources 2020-05-02-0208.16.pdiff [3982 B]
Get:5 http://127.0.0.1:12990/debian sid/main Sources 2020-05-02-0807.49.pdiff [10.9 kB]
Get:6 http://127.0.0.1:12990/debian sid/main Sources 2020-05-02-1412.30.pdiff [12.9 kB]
Get:7 http://127.0.0.1:12990/debian sid/main Sources 2020-05-02-2007.10.pdiff [13.4 kB]
Get:8 http://127.0.0.1:12990/debian sid/main Sources 2020-05-03-0208.39.pdiff [9476 B]
Get:8 http://127.0.0.1:12990/debian sid/main Sources 2020-05-03-0208.39.pdiff [9476 B]
Get:9 http://127.0.0.1:12990/debian sid/main amd64 Packages 2020-05-02-0208.16.pdiff [2772 B]
Get:10 http://127.0.0.1:12990/debian sid/main amd64 Packages 2020-05-02-0807.49.pdiff [3238 B]
Get:11 http://127.0.0.1:12990/debian sid/main amd64 Packages 2020-05-02-1412.30.pdiff [7641 B]
Get:12 http://127.0.0.1:12990/debian sid/main amd64 Packages 2020-05-02-2007.10.pdiff [10.5 kB]
Get:13 http://127.0.0.1:12990/debian sid/main amd64 Packages 2020-05-03-0208.39.pdiff [18.4 kB]
Get:13 http://127.0.0.1:12990/debian sid/main amd64 Packages 2020-05-03-0208.39.pdiff [18.4 kB]
Get:14 http://127.0.0.1:12990/debian sid/main Translation-en [6185 kB]
Fetched 6480 kB in 2s (3808 kB/s)
Reading package lists...
+ apt-get install --yes --no-install-recommends --force-yes clang-10 libomp-10-dev libobjc-9-dev
Reading package lists...
Building dependency tree...
The following additional packages will be installed:
  gcc-10-base lib32gcc-s1 lib32gcc1 lib32stdc++6 libatomic1 libbsd0 libc6-i386
  libcc1-0 libclang-common-10-dev libclang-cpp10 libclang1-10 libedit2
  libgc1c2 libgcc-s1 libgomp1 libitm1 libllvm10 liblsan0 libobjc4 libomp5-10
  libquadmath0 libstdc++6 libtsan0 libubsan1 libz3-4
Suggested packages:
  clang-10-doc libomp-10-doc
Recommended packages:
  llvm-10-dev python3
The following NEW packages will be installed:
  clang-10 lib32gcc-s1 lib32gcc1 lib32stdc++6 libbsd0 libc6-i386
  libclang-common-10-dev libclang-cpp10 libclang1-10 libedit2 libgc1c2
  libllvm10 libobjc-9-dev libobjc4 libomp-10-dev libomp5-10 libz3-4
The following packages will be upgraded:
  gcc-10-base libatomic1 libcc1-0 libgcc-s1 libgomp1 libitm1 liblsan0
  libquadmath0 libstdc++6 libtsan0 libubsan1
11 upgraded, 17 newly installed, 0 to remove and 0 not upgraded.
Need to get 51.4 MB of archives.
After this operation, 259 MB of additional disk space will be used.
Get:1 http://127.0.0.1:12990/debian sid/main amd64 libatomic1 amd64 10-20200502-1 [9048 B]
Get:2 http://127.0.0.1:12990/debian sid/main amd64 libubsan1 amd64 10-20200502-1 [134 kB]
Get:3 http://127.0.0.1:12990/debian sid/main amd64 libtsan0 amd64 10-20200502-1 [313 kB]
Get:4 http://127.0.0.1:12990/debian sid/main amd64 gcc-10-base amd64 10-20200502-1 [197 kB]
Get:5 http://127.0.0.1:12990/debian sid/main amd64 libstdc++6 amd64 10-20200502-1 [492 kB]
Get:6 http://127.0.0.1:12990/debian sid/main amd64 libquadmath0 amd64 10-20200502-1 [145 kB]
Get:7 http://127.0.0.1:12990/debian sid/main amd64 liblsan0 amd64 10-20200502-1 [141 kB]
Get:8 http://127.0.0.1:12990/debian sid/main amd64 libitm1 amd64 10-20200502-1 [25.7 kB]
Get:9 http://127.0.0.1:12990/debian sid/main amd64 libgomp1 amd64 10-20200502-1 [99.3 kB]
Get:10 http://127.0.0.1:12990/debian sid/main amd64 libcc1-0 amd64 10-20200502-1 [39.7 kB]
Get:11 http://127.0.0.1:12990/debian sid/main amd64 libgcc-s1 amd64 10-20200502-1 [41.2 kB]
Get:12 http://127.0.0.1:12990/debian sid/main amd64 libbsd0 amd64 0.10.0-1 [107 kB]
Get:13 http://127.0.0.1:12990/debian sid/main amd64 libedit2 amd64 3.1-20191231-1 [95.4 kB]
Get:14 http://127.0.0.1:12990/debian sid/main amd64 libz3-4 amd64 4.8.7-4 [6790 kB]
Get:15 http://127.0.0.1:12990/debian sid/main amd64 libllvm10 amd64 1:10.0.0-4 [15.5 MB]
Get:16 http://127.0.0.1:12990/debian sid/main amd64 libclang-cpp10 amd64 1:10.0.0-4 [10.1 MB]
Get:17 http://127.0.0.1:12990/debian sid/main amd64 libgc1c2 amd64 1:7.6.4-0.4 [224 kB]
Get:18 http://127.0.0.1:12990/debian sid/main amd64 libobjc4 amd64 10-20200502-1 [41.6 kB]
Get:19 http://127.0.0.1:12990/debian sid/main amd64 libobjc-9-dev amd64 9.3.0-11 [218 kB]
Get:20 http://127.0.0.1:12990/debian sid/main amd64 libc6-i386 amd64 2.30-4 [2926 kB]
Get:21 http://127.0.0.1:12990/debian sid/main amd64 lib32gcc-s1 amd64 10-20200502-1 [49.4 kB]
Get:22 http://127.0.0.1:12990/debian sid/main amd64 lib32gcc1 amd64 1:10-20200502-1 [1100 B]
Get:23 http://127.0.0.1:12990/debian sid/main amd64 lib32stdc++6 amd64 10-20200502-1 [510 kB]
Get:24 http://127.0.0.1:12990/debian sid/main amd64 libclang-common-10-dev amd64 1:10.0.0-4 [5062 kB]
Get:25 http://127.0.0.1:12990/debian sid/main amd64 libclang1-10 amd64 1:10.0.0-4 [7609 kB]
Get:26 http://127.0.0.1:12990/debian sid/main amd64 clang-10 amd64 1:10.0.0-4 [105 kB]
Get:27 http://127.0.0.1:12990/debian sid/main amd64 libomp5-10 amd64 1:10.0.0-4 [338 kB]
Get:28 http://127.0.0.1:12990/debian sid/main amd64 libomp-10-dev amd64 1:10.0.0-4 [85.0 kB]
debconf: delaying package configuration, since apt-utils is not installed
Fetched 51.4 MB in 0s (140 MB/s)
(Reading database ... (Reading database ... 5%(Reading database ... 10%(Reading database ... 15%(Reading database ... 20%(Reading database ... 25%(Reading database ... 30%(Reading database ... 35%(Reading database ... 40%(Reading database ... 45%(Reading database ... 50%(Reading database ... 55%(Reading database ... 60%(Reading database ... 65%(Reading database ... 70%(Reading database ... 75%(Reading database ... 80%(Reading database ... 85%(Reading database ... 90%(Reading database ... 95%(Reading database ... 100%(Reading database ... 12123 files and directories currently installed.)
Preparing to unpack .../libatomic1_10-20200502-1_amd64.deb ...
Unpacking libatomic1:amd64 (10-20200502-1) over (10-20200418-1) ...
Preparing to unpack .../libubsan1_10-20200502-1_amd64.deb ...
Unpacking libubsan1:amd64 (10-20200502-1) over (10-20200418-1) ...
Preparing to unpack .../libtsan0_10-20200502-1_amd64.deb ...
Unpacking libtsan0:amd64 (10-20200502-1) over (10-20200418-1) ...
Preparing to unpack .../gcc-10-base_10-20200502-1_amd64.deb ...
Unpacking gcc-10-base:amd64 (10-20200502-1) over (10-20200418-1) ...
Setting up gcc-10-base:amd64 (10-20200502-1) ...
(Reading database ... (Reading database ... 5%(Reading database ... 10%(Reading database ... 15%(Reading database ... 20%(Reading database ... 25%(Reading database ... 30%(Reading database ... 35%(Reading database ... 40%(Reading database ... 45%(Reading database ... 50%(Reading database ... 55%(Reading database ... 60%(Reading database ... 65%(Reading database ... 70%(Reading database ... 75%(Reading database ... 80%(Reading database ... 85%(Reading database ... 90%(Reading database ... 95%(Reading database ... 100%(Reading database ... 12123 files and directories currently installed.)
Preparing to unpack .../libstdc++6_10-20200502-1_amd64.deb ...
Unpacking libstdc++6:amd64 (10-20200502-1) over (10-20200418-1) ...
Setting up libstdc++6:amd64 (10-20200502-1) ...
(Reading database ... (Reading database ... 5%(Reading database ... 10%(Reading database ... 15%(Reading database ... 20%(Reading database ... 25%(Reading database ... 30%(Reading database ... 35%(Reading database ... 40%(Reading database ... 45%(Reading database ... 50%(Reading database ... 55%(Reading database ... 60%(Reading database ... 65%(Reading database ... 70%(Reading database ... 75%(Reading database ... 80%(Reading database ... 85%(Reading database ... 90%(Reading database ... 95%(Reading database ... 100%(Reading database ... 12123 files and directories currently installed.)
Preparing to unpack .../0-libquadmath0_10-20200502-1_amd64.deb ...
Unpacking libquadmath0:amd64 (10-20200502-1) over (10-20200418-1) ...
Preparing to unpack .../1-liblsan0_10-20200502-1_amd64.deb ...
Unpacking liblsan0:amd64 (10-20200502-1) over (10-20200418-1) ...
Preparing to unpack .../2-libitm1_10-20200502-1_amd64.deb ...
Unpacking libitm1:amd64 (10-20200502-1) over (10-20200418-1) ...
Preparing to unpack .../3-libgomp1_10-20200502-1_amd64.deb ...
Unpacking libgomp1:amd64 (10-20200502-1) over (10-20200418-1) ...
Preparing to unpack .../4-libcc1-0_10-20200502-1_amd64.deb ...
Unpacking libcc1-0:amd64 (10-20200502-1) over (10-20200418-1) ...
Preparing to unpack .../5-libgcc-s1_10-20200502-1_amd64.deb ...
Unpacking libgcc-s1:amd64 (10-20200502-1) over (10-20200418-1) ...
Setting up libgcc-s1:amd64 (10-20200502-1) ...
Selecting previously unselected package libbsd0:amd64.
(Reading database ... (Reading database ... 5%(Reading database ... 10%(Reading database ... 15%(Reading database ... 20%(Reading database ... 25%(Reading database ... 30%(Reading database ... 35%(Reading database ... 40%(Reading database ... 45%(Reading database ... 50%(Reading database ... 55%(Reading database ... 60%(Reading database ... 65%(Reading database ... 70%(Reading database ... 75%(Reading database ... 80%(Reading database ... 85%(Reading database ... 90%(Reading database ... 95%(Reading database ... 100%(Reading database ... 12123 files and directories currently installed.)
Preparing to unpack .../00-libbsd0_0.10.0-1_amd64.deb ...
Unpacking libbsd0:amd64 (0.10.0-1) ...
Selecting previously unselected package libedit2:amd64.
Preparing to unpack .../01-libedit2_3.1-20191231-1_amd64.deb ...
Unpacking libedit2:amd64 (3.1-20191231-1) ...
Selecting previously unselected package libz3-4:amd64.
Preparing to unpack .../02-libz3-4_4.8.7-4_amd64.deb ...
Unpacking libz3-4:amd64 (4.8.7-4) ...
Selecting previously unselected package libllvm10:amd64.
Preparing to unpack .../03-libllvm10_1%3a10.0.0-4_amd64.deb ...
Unpacking libllvm10:amd64 (1:10.0.0-4) ...
Selecting previously unselected package libclang-cpp10.
Preparing to unpack .../04-libclang-cpp10_1%3a10.0.0-4_amd64.deb ...
Unpacking libclang-cpp10 (1:10.0.0-4) ...
Selecting previously unselected package libgc1c2:amd64.
Preparing to unpack .../05-libgc1c2_1%3a7.6.4-0.4_amd64.deb ...
Unpacking libgc1c2:amd64 (1:7.6.4-0.4) ...
Selecting previously unselected package libobjc4:amd64.
Preparing to unpack .../06-libobjc4_10-20200502-1_amd64.deb ...
Unpacking libobjc4:amd64 (10-20200502-1) ...
Selecting previously unselected package libobjc-9-dev:amd64.
Preparing to unpack .../07-libobjc-9-dev_9.3.0-11_amd64.deb ...
Unpacking libobjc-9-dev:amd64 (9.3.0-11) ...
Selecting previously unselected package libc6-i386.
Preparing to unpack .../08-libc6-i386_2.30-4_amd64.deb ...
Unpacking libc6-i386 (2.30-4) ...
Selecting previously unselected package lib32gcc-s1.
Preparing to unpack .../09-lib32gcc-s1_10-20200502-1_amd64.deb ...
Unpacking lib32gcc-s1 (10-20200502-1) ...
Selecting previously unselected package lib32gcc1.
Preparing to unpack .../10-lib32gcc1_1%3a10-20200502-1_amd64.deb ...
Unpacking lib32gcc1 (1:10-20200502-1) ...
Selecting previously unselected package lib32stdc++6.
Preparing to unpack .../11-lib32stdc++6_10-20200502-1_amd64.deb ...
Unpacking lib32stdc++6 (10-20200502-1) ...
Selecting previously unselected package libclang-common-10-dev.
Preparing to unpack .../12-libclang-common-10-dev_1%3a10.0.0-4_amd64.deb ...
Unpacking libclang-common-10-dev (1:10.0.0-4) ...
Selecting previously unselected package libclang1-10.
Preparing to unpack .../13-libclang1-10_1%3a10.0.0-4_amd64.deb ...
Unpacking libclang1-10 (1:10.0.0-4) ...
Selecting previously unselected package clang-10.
Preparing to unpack .../14-clang-10_1%3a10.0.0-4_amd64.deb ...
Unpacking clang-10 (1:10.0.0-4) ...
Selecting previously unselected package libomp5-10:amd64.
Preparing to unpack .../15-libomp5-10_1%3a10.0.0-4_amd64.deb ...
Unpacking libomp5-10:amd64 (1:10.0.0-4) ...
Selecting previously unselected package libomp-10-dev.
Preparing to unpack .../16-libomp-10-dev_1%3a10.0.0-4_amd64.deb ...
Unpacking libomp-10-dev (1:10.0.0-4) ...
Setting up libgc1c2:amd64 (1:7.6.4-0.4) ...
Setting up libobjc4:amd64 (10-20200502-1) ...
Setting up libgomp1:amd64 (10-20200502-1) ...
Setting up libz3-4:amd64 (4.8.7-4) ...
Setting up libquadmath0:amd64 (10-20200502-1) ...
Setting up libatomic1:amd64 (10-20200502-1) ...
Setting up libobjc-9-dev:amd64 (9.3.0-11) ...
Setting up libubsan1:amd64 (10-20200502-1) ...
Setting up libomp5-10:amd64 (1:10.0.0-4) ...
Setting up libc6-i386 (2.30-4) ...
Setting up libbsd0:amd64 (0.10.0-1) ...
Setting up libcc1-0:amd64 (10-20200502-1) ...
Setting up liblsan0:amd64 (10-20200502-1) ...
Setting up libitm1:amd64 (10-20200502-1) ...
Setting up libtsan0:amd64 (10-20200502-1) ...
Setting up libomp-10-dev (1:10.0.0-4) ...
Setting up libedit2:amd64 (3.1-20191231-1) ...
Setting up libllvm10:amd64 (1:10.0.0-4) ...
Setting up lib32gcc-s1 (10-20200502-1) ...
Setting up libclang1-10 (1:10.0.0-4) ...
Setting up lib32gcc1 (1:10-20200502-1) ...
Setting up libclang-cpp10 (1:10.0.0-4) ...
Setting up lib32stdc++6 (10-20200502-1) ...
Setting up libclang-common-10-dev (1:10.0.0-4) ...
Setting up clang-10 (1:10.0.0-4) ...
Processing triggers for libc-bin (2.30-4) ...
W: --force-yes is deprecated, use one of the options starting with --allow instead.
+ echo 'Replace gcc, g++ & cpp by clang'
Replace gcc, g++ & cpp by clang
+ VERSIONS='4.6 4.7 4.8 4.9 5 6 7 8 9 10'
+ cd /usr/bin
+ for VERSION in $VERSIONS
+ rm -f g++-4.6 gcc-4.6 cpp-4.6 gcc
+ ln -s clang++-10 g++-4.6
+ ln -s clang-10 gcc-4.6
+ ln -s clang-10 cpp-4.6
+ ln -s clang-10 gcc
+ echo 'gcc-4.6 hold'
+ dpkg --set-selections
dpkg: warning: package not in status nor available database at line 1: gcc-4.6
dpkg: warning: found unknown packages; this might mean the available database
is outdated, and needs to be updated through a frontend method;
please see the FAQ <https://wiki.debian.org/Teams/Dpkg/FAQ>
+ echo 'g++-4.6 hold'
+ dpkg --set-selections
dpkg: warning: package not in status nor available database at line 1: g++-4.6
dpkg: warning: found unknown packages; this might mean the available database
is outdated, and needs to be updated through a frontend method;
please see the FAQ <https://wiki.debian.org/Teams/Dpkg/FAQ>
+ for VERSION in $VERSIONS
+ rm -f g++-4.7 gcc-4.7 cpp-4.7 gcc
+ ln -s clang++-10 g++-4.7
+ ln -s clang-10 gcc-4.7
+ ln -s clang-10 cpp-4.7
+ ln -s clang-10 gcc
+ echo 'gcc-4.7 hold'
+ dpkg --set-selections
dpkg: warning: package not in status nor available database at line 1: gcc-4.7
dpkg: warning: found unknown packages; this might mean the available database
is outdated, and needs to be updated through a frontend method;
please see the FAQ <https://wiki.debian.org/Teams/Dpkg/FAQ>
+ echo 'g++-4.7 hold'
+ dpkg --set-selections
dpkg: warning: package not in status nor available database at line 1: g++-4.7
dpkg: warning: found unknown packages; this might mean the available database
is outdated, and needs to be updated through a frontend method;
please see the FAQ <https://wiki.debian.org/Teams/Dpkg/FAQ>
+ for VERSION in $VERSIONS
+ rm -f g++-4.8 gcc-4.8 cpp-4.8 gcc
+ ln -s clang++-10 g++-4.8
+ ln -s clang-10 gcc-4.8
+ ln -s clang-10 cpp-4.8
+ ln -s clang-10 gcc
+ echo 'gcc-4.8 hold'
+ dpkg --set-selections
dpkg: warning: package not in status nor available database at line 1: gcc-4.8
dpkg: warning: found unknown packages; this might mean the available database
is outdated, and needs to be updated through a frontend method;
please see the FAQ <https://wiki.debian.org/Teams/Dpkg/FAQ>
+ echo 'g++-4.8 hold'
+ dpkg --set-selections
dpkg: warning: package not in status nor available database at line 1: g++-4.8
dpkg: warning: found unknown packages; this might mean the available database
is outdated, and needs to be updated through a frontend method;
please see the FAQ <https://wiki.debian.org/Teams/Dpkg/FAQ>
+ for VERSION in $VERSIONS
+ rm -f g++-4.9 gcc-4.9 cpp-4.9 gcc
+ ln -s clang++-10 g++-4.9
+ ln -s clang-10 gcc-4.9
+ ln -s clang-10 cpp-4.9
+ ln -s clang-10 gcc
+ echo 'gcc-4.9 hold'
+ dpkg --set-selections
dpkg: warning: package not in status nor available database at line 1: gcc-4.9
dpkg: warning: found unknown packages; this might mean the available database
is outdated, and needs to be updated through a frontend method;
please see the FAQ <https://wiki.debian.org/Teams/Dpkg/FAQ>
+ echo 'g++-4.9 hold'
+ dpkg --set-selections
dpkg: warning: package not in status nor available database at line 1: g++-4.9
dpkg: warning: found unknown packages; this might mean the available database
is outdated, and needs to be updated through a frontend method;
please see the FAQ <https://wiki.debian.org/Teams/Dpkg/FAQ>
+ for VERSION in $VERSIONS
+ rm -f g++-5 gcc-5 cpp-5 gcc
+ ln -s clang++-10 g++-5
+ ln -s clang-10 gcc-5
+ ln -s clang-10 cpp-5
+ ln -s clang-10 gcc
+ echo 'gcc-5 hold'
+ dpkg --set-selections
dpkg: warning: package not in status nor available database at line 1: gcc-5
dpkg: warning: found unknown packages; this might mean the available database
is outdated, and needs to be updated through a frontend method;
please see the FAQ <https://wiki.debian.org/Teams/Dpkg/FAQ>
+ echo 'g++-5 hold'
+ dpkg --set-selections
dpkg: warning: package not in status nor available database at line 1: g++-5
dpkg: warning: found unknown packages; this might mean the available database
is outdated, and needs to be updated through a frontend method;
please see the FAQ <https://wiki.debian.org/Teams/Dpkg/FAQ>
+ for VERSION in $VERSIONS
+ rm -f g++-6 gcc-6 cpp-6 gcc
+ ln -s clang++-10 g++-6
+ ln -s clang-10 gcc-6
+ ln -s clang-10 cpp-6
+ ln -s clang-10 gcc
+ echo 'gcc-6 hold'
+ dpkg --set-selections
dpkg: warning: package not in status nor available database at line 1: gcc-6
dpkg: warning: found unknown packages; this might mean the available database
is outdated, and needs to be updated through a frontend method;
please see the FAQ <https://wiki.debian.org/Teams/Dpkg/FAQ>
+ echo 'g++-6 hold'
+ dpkg --set-selections
dpkg: warning: package not in status nor available database at line 1: g++-6
dpkg: warning: found unknown packages; this might mean the available database
is outdated, and needs to be updated through a frontend method;
please see the FAQ <https://wiki.debian.org/Teams/Dpkg/FAQ>
+ for VERSION in $VERSIONS
+ rm -f g++-7 gcc-7 cpp-7 gcc
+ ln -s clang++-10 g++-7
+ ln -s clang-10 gcc-7
+ ln -s clang-10 cpp-7
+ ln -s clang-10 gcc
+ echo 'gcc-7 hold'
+ dpkg --set-selections
dpkg: warning: package not in status nor available database at line 1: gcc-7
dpkg: warning: found unknown packages; this might mean the available database
is outdated, and needs to be updated through a frontend method;
please see the FAQ <https://wiki.debian.org/Teams/Dpkg/FAQ>
+ echo 'g++-7 hold'
+ dpkg --set-selections
dpkg: warning: package not in status nor available database at line 1: g++-7
dpkg: warning: found unknown packages; this might mean the available database
is outdated, and needs to be updated through a frontend method;
please see the FAQ <https://wiki.debian.org/Teams/Dpkg/FAQ>
+ for VERSION in $VERSIONS
+ rm -f g++-8 gcc-8 cpp-8 gcc
+ ln -s clang++-10 g++-8
+ ln -s clang-10 gcc-8
+ ln -s clang-10 cpp-8
+ ln -s clang-10 gcc
+ echo 'gcc-8 hold'
+ dpkg --set-selections
dpkg: warning: package not in status nor available database at line 1: gcc-8
dpkg: warning: found unknown packages; this might mean the available database
is outdated, and needs to be updated through a frontend method;
please see the FAQ <https://wiki.debian.org/Teams/Dpkg/FAQ>
+ echo 'g++-8 hold'
+ dpkg --set-selections
dpkg: warning: package not in status nor available database at line 1: g++-8
dpkg: warning: found unknown packages; this might mean the available database
is outdated, and needs to be updated through a frontend method;
please see the FAQ <https://wiki.debian.org/Teams/Dpkg/FAQ>
+ for VERSION in $VERSIONS
+ rm -f g++-9 gcc-9 cpp-9 gcc
+ ln -s clang++-10 g++-9
+ ln -s clang-10 gcc-9
+ ln -s clang-10 cpp-9
+ ln -s clang-10 gcc
+ echo 'gcc-9 hold'
+ dpkg --set-selections
+ echo 'g++-9 hold'
+ dpkg --set-selections
+ for VERSION in $VERSIONS
+ rm -f g++-10 gcc-10 cpp-10 gcc
+ ln -s clang++-10 g++-10
+ ln -s clang-10 gcc-10
+ ln -s clang-10 cpp-10
+ ln -s clang-10 gcc
+ echo 'gcc-10 hold'
+ dpkg --set-selections
dpkg: warning: package not in status nor available database at line 1: gcc-10
dpkg: warning: found unknown packages; this might mean the available database
is outdated, and needs to be updated through a frontend method;
please see the FAQ <https://wiki.debian.org/Teams/Dpkg/FAQ>
+ echo 'g++-10 hold'
+ dpkg --set-selections
dpkg: warning: package not in status nor available database at line 1: g++-10
dpkg: warning: found unknown packages; this might mean the available database
is outdated, and needs to be updated through a frontend method;
please see the FAQ <https://wiki.debian.org/Teams/Dpkg/FAQ>
+ cd -
/build/qdjango-LxYP3Q
+ echo 'Check if gcc, g++ & cpp are actually clang'
Check if gcc, g++ & cpp are actually clang
+ gcc --version
+ grep clang
+ cpp --version
+ grep clang
+ g++ --version
+ grep clang
+ cd /usr/bin/
+ rm -f clang++ clang
+ ln -s clang-10 clang++
+ ln -s clang-10 clang
+ clang++ --version
clang version 10.0.0-4 
Target: x86_64-pc-linux-gnu
Thread model: posix
InstalledDir: /usr/bin
+ clang --version
clang version 10.0.0-4 
Target: x86_64-pc-linux-gnu
Thread model: posix
InstalledDir: /usr/bin
+ cd -
/build/qdjango-LxYP3Q
+ apt install --yes --no-install-recommends --force-yes qt5-qmake

WARNING: apt does not have a stable CLI interface. Use with caution in scripts.

Reading package lists...
Building dependency tree...
Reading state information...
The following additional packages will be installed:
  qt5-qmake-bin qtchooser
The following NEW packages will be installed:
  qt5-qmake qt5-qmake-bin qtchooser
0 upgraded, 3 newly installed, 0 to remove and 0 not upgraded.
Need to get 1270 kB of archives.
After this operation, 4788 kB of additional disk space will be used.
Get:1 http://127.0.0.1:12990/debian sid/main amd64 qt5-qmake-bin amd64 5.12.5+dfsg-10 [1015 kB]
Get:2 http://127.0.0.1:12990/debian sid/main amd64 qtchooser amd64 66-2 [26.3 kB]
Get:3 http://127.0.0.1:12990/debian sid/main amd64 qt5-qmake amd64 5.12.5+dfsg-10 [229 kB]
debconf: delaying package configuration, since apt-utils is not installed
Fetched 1270 kB in 0s (19.4 MB/s)
Selecting previously unselected package qt5-qmake-bin.
(Reading database ... (Reading database ... 5%(Reading database ... 10%(Reading database ... 15%(Reading database ... 20%(Reading database ... 25%(Reading database ... 30%(Reading database ... 35%(Reading database ... 40%(Reading database ... 45%(Reading database ... 50%(Reading database ... 55%(Reading database ... 60%(Reading database ... 65%(Reading database ... 70%(Reading database ... 75%(Reading database ... 80%(Reading database ... 85%(Reading database ... 90%(Reading database ... 95%(Reading database ... 100%(Reading database ... 12968 files and directories currently installed.)
Preparing to unpack .../qt5-qmake-bin_5.12.5+dfsg-10_amd64.deb ...
Unpacking qt5-qmake-bin (5.12.5+dfsg-10) ...
Selecting previously unselected package qtchooser.
Preparing to unpack .../qtchooser_66-2_amd64.deb ...
Unpacking qtchooser (66-2) ...
Selecting previously unselected package qt5-qmake:amd64.
Preparing to unpack .../qt5-qmake_5.12.5+dfsg-10_amd64.deb ...
Unpacking qt5-qmake:amd64 (5.12.5+dfsg-10) ...
Setting up qt5-qmake-bin (5.12.5+dfsg-10) ...
Setting up qtchooser (66-2) ...
Setting up qt5-qmake:amd64 (5.12.5+dfsg-10) ...
W: --force-yes is deprecated, use one of the options starting with --allow instead.
+ cp /usr/lib/x86_64-linux-gnu/qt5/mkspecs/linux-clang/qmake.conf /usr/lib/x86_64-linux-gnu/qt5/mkspecs/linux-clang/qplatformdefs.h /usr/lib/x86_64-linux-gnu/qt5/mkspecs/linux-g++/
+ ls -al /usr/lib/x86_64-linux-gnu/qt5/mkspecs/linux-g++/
total 16
drwxr-xr-x  2 root root 4096 May  3 04:42 .
drwxr-xr-x 75 root root 4096 May  3 04:42 ..
-rw-r--r--  1 root root  276 May  3 04:42 qmake.conf
-rw-r--r--  1 root root 3218 May  3 04:42 qplatformdefs.h
+ cat /usr/lib/x86_64-linux-gnu/qt5/mkspecs/linux-g++/qmake.conf
#
# qmake configuration for linux-clang
#

MAKEFILE_GENERATOR = UNIX
CONFIG += incremental

QMAKE_INCREMENTAL_STYLE = sublib

include(../common/linux.conf)
include(../common/gcc-base-unix.conf)
include(../common/clang.conf)

QMAKE_LFLAGS += -ccc-gcc-name g++

load(qt_config)
+ export QMAKESPEC=/usr/lib/x86_64-linux-gnu/qt5/mkspecs/linux-clang/
+ QMAKESPEC=/usr/lib/x86_64-linux-gnu/qt5/mkspecs/linux-clang/
+ sed -i -e 's|compare_problem(2,|compare_problem(0,|g' /usr/bin/dpkg-gensymbols
+ sed -i -e 's|compare_problem(1,|compare_problem(0,|g' /usr/bin/dpkg-gensymbols
+ grep 'compare_problem(' /usr/bin/dpkg-gensymbols
        compare_problem(4, g_('new libraries appeared in the symbols file: %s'), "@libs");
        compare_problem(3, g_('some libraries disappeared in the symbols file: %s'), "@libs");
        compare_problem(0, g_('some new symbols appeared in the symbols file: %s'),
        compare_problem(0, g_('some symbols or patterns disappeared in the symbols file: %s'),

I: Finished running '/tmp/clang10'.

Finished processing commands.
--------------------------------------------------------------------------------
I: NOTICE: Log filtering will replace 'build/qdjango-LxYP3Q/resolver-jPejWe' with '<<RESOLVERDIR>>'

+------------------------------------------------------------------------------+
| Update chroot                                                                |
+------------------------------------------------------------------------------+

Hit:1 http://127.0.0.1:12990/debian sid InRelease
Reading package lists...
Reading package lists...
Building dependency tree...
Reading state information...
Calculating upgrade...
0 upgraded, 0 newly installed, 0 to remove and 0 not upgraded.

+------------------------------------------------------------------------------+
| Fetch source files                                                           |
+------------------------------------------------------------------------------+


Check APT
---------

Checking available source versions...

Download source files with APT
------------------------------

Reading package lists...
NOTICE: 'qdjango' packaging is maintained in the 'Git' version control system at:
https://salsa.debian.org/debian/qdjango.git
Please use:
git clone https://salsa.debian.org/debian/qdjango.git
to retrieve the latest (possibly unreleased) updates to the package.
Need to get 104 kB of source archives.
Get:1 http://127.0.0.1:12990/debian sid/main qdjango 0.6.2-3 (dsc) [2154 B]
Get:2 http://127.0.0.1:12990/debian sid/main qdjango 0.6.2-3 (tar) [98.7 kB]
Get:3 http://127.0.0.1:12990/debian sid/main qdjango 0.6.2-3 (diff) [3548 B]
Fetched 104 kB in 0s (1320 kB/s)
Download complete and in download only mode
I: NOTICE: Log filtering will replace 'build/qdjango-LxYP3Q/qdjango-0.6.2' with '<<PKGBUILDDIR>>'
I: NOTICE: Log filtering will replace 'build/qdjango-LxYP3Q' with '<<BUILDDIR>>'

+------------------------------------------------------------------------------+
| Install package build dependencies                                           |
+------------------------------------------------------------------------------+


Setup apt archive
-----------------

Merged Build-Depends: debhelper (>= 9), qtbase5-dev, libqt5sql5-sqlite, build-essential, fakeroot, doxygen
Filtered Build-Depends: debhelper (>= 9), qtbase5-dev, libqt5sql5-sqlite, build-essential, fakeroot, doxygen
dpkg-deb: building package 'sbuild-build-depends-main-dummy' in '/<<RESOLVERDIR>>/apt_archive/sbuild-build-depends-main-dummy.deb'.
Ign:1 copy:/<<RESOLVERDIR>>/apt_archive ./ InRelease
Get:2 copy:/<<RESOLVERDIR>>/apt_archive ./ Release [957 B]
Ign:3 copy:/<<RESOLVERDIR>>/apt_archive ./ Release.gpg
Get:4 copy:/<<RESOLVERDIR>>/apt_archive ./ Sources [400 B]
Get:5 copy:/<<RESOLVERDIR>>/apt_archive ./ Packages [475 B]
Fetched 1832 B in 0s (0 B/s)
Reading package lists...
Reading package lists...

Install main build dependencies (apt-based resolver)
----------------------------------------------------

Installing build dependencies
Reading package lists...
Building dependency tree...
Reading state information...
The following additional packages will be installed:
  autoconf automake autopoint autotools-dev bsdmainutils debhelper
  dh-autoreconf dh-strip-nondeterminism doxygen dwz file fontconfig
  fontconfig-config fonts-dejavu-core gettext gettext-base groff-base
  intltool-debian libarchive-zip-perl libavahi-client3 libavahi-common-data
  libavahi-common3 libclang1-9 libcroco3 libcups2 libdbus-1-3
  libdebhelper-perl libdouble-conversion3 libdrm-amdgpu1 libdrm-common
  libdrm-intel1 libdrm-nouveau2 libdrm-radeon1 libdrm2 libegl-dev libegl-mesa0
  libegl1 libelf1 libevdev2 libexpat1 libfile-stripnondeterminism-perl
  libfontconfig1 libfreetype6 libgbm1 libgl-dev libgl1 libgl1-mesa-dri
  libglapi-mesa libglib2.0-0 libglu1-mesa libglu1-mesa-dev libglvnd0
  libglx-dev libglx-mesa0 libglx0 libgraphite2-3 libgssapi-krb5-2
  libgudev-1.0-0 libharfbuzz0b libice6 libicu63 libinput-bin libinput10
  libjpeg62-turbo libk5crypto3 libkeyutils1 libkrb5-3 libkrb5support0 libllvm9
  libmagic-mgc libmagic1 libmtdev1 libpciaccess0 libpcre2-16-0 libpipeline1
  libpng16-16 libpthread-stubs0-dev libqt5concurrent5 libqt5core5a libqt5dbus5
  libqt5gui5 libqt5network5 libqt5printsupport5 libqt5sql5 libqt5sql5-sqlite
  libqt5test5 libqt5widgets5 libqt5xml5 libsensors-config libsensors5
  libsigsegv2 libsm6 libsqlite3-0 libssl1.1 libsub-override-perl libtool
  libuchardet0 libvulkan-dev libvulkan1 libwacom-common libwacom2
  libwayland-client0 libwayland-server0 libx11-6 libx11-data libx11-dev
  libx11-xcb1 libxapian30 libxau-dev libxau6 libxcb-dri2-0 libxcb-dri3-0
  libxcb-glx0 libxcb-icccm4 libxcb-image0 libxcb-keysyms1 libxcb-present0
  libxcb-randr0 libxcb-render-util0 libxcb-render0 libxcb-shape0 libxcb-shm0
  libxcb-sync1 libxcb-util0 libxcb-xfixes0 libxcb-xinerama0 libxcb-xinput0
  libxcb-xkb1 libxcb1 libxcb1-dev libxdamage1 libxdmcp-dev libxdmcp6
  libxext-dev libxext6 libxfixes3 libxkbcommon-x11-0 libxkbcommon0 libxml2
  libxrender1 libxshmfence1 libxxf86vm1 m4 man-db po-debconf qtbase5-dev
  qtbase5-dev-tools sensible-utils ucf x11-common x11proto-core-dev
  x11proto-dev x11proto-xext-dev xkb-data xorg-sgml-doctools xtrans-dev
Suggested packages:
  autoconf-archive gnu-standards autoconf-doc wamerican | wordlist whois
  vacation dh-make doxygen-latex doxygen-doc doxygen-gui graphviz gettext-doc
  libasprintf-dev libgettextpo-dev groff cups-common krb5-doc krb5-user
  pciutils libthai0 qt5-image-formats-plugins qtwayland5 lm-sensors
  libtool-doc gfortran | fortran95-compiler gcj-jdk libx11-doc xapian-tools
  libxcb-doc libxext-doc m4-doc apparmor less www-browser libmail-box-perl
  default-libmysqlclient-dev firebird-dev libpq-dev libsqlite3-dev
  unixodbc-dev
Recommended packages:
  curl | wget | lynx dbus libarchive-cpio-perl libglib2.0-data
  shared-mime-info xdg-user-dirs krb5-locales qttranslations5-l10n libqt5svg5
  qt5-gtk-platformtheme libltdl-dev mesa-vulkan-drivers | vulkan-icd
  libwacom-bin libmail-sendmail-perl libqt5opengl5-dev
The following NEW packages will be installed:
  autoconf automake autopoint autotools-dev bsdmainutils debhelper
  dh-autoreconf dh-strip-nondeterminism doxygen dwz file fontconfig
  fontconfig-config fonts-dejavu-core gettext gettext-base groff-base
  intltool-debian libarchive-zip-perl libavahi-client3 libavahi-common-data
  libavahi-common3 libclang1-9 libcroco3 libcups2 libdbus-1-3
  libdebhelper-perl libdouble-conversion3 libdrm-amdgpu1 libdrm-common
  libdrm-intel1 libdrm-nouveau2 libdrm-radeon1 libdrm2 libegl-dev libegl-mesa0
  libegl1 libelf1 libevdev2 libexpat1 libfile-stripnondeterminism-perl
  libfontconfig1 libfreetype6 libgbm1 libgl-dev libgl1 libgl1-mesa-dri
  libglapi-mesa libglib2.0-0 libglu1-mesa libglu1-mesa-dev libglvnd0
  libglx-dev libglx-mesa0 libglx0 libgraphite2-3 libgssapi-krb5-2
  libgudev-1.0-0 libharfbuzz0b libice6 libicu63 libinput-bin libinput10
  libjpeg62-turbo libk5crypto3 libkeyutils1 libkrb5-3 libkrb5support0 libllvm9
  libmagic-mgc libmagic1 libmtdev1 libpciaccess0 libpcre2-16-0 libpipeline1
  libpng16-16 libpthread-stubs0-dev libqt5concurrent5 libqt5core5a libqt5dbus5
  libqt5gui5 libqt5network5 libqt5printsupport5 libqt5sql5 libqt5sql5-sqlite
  libqt5test5 libqt5widgets5 libqt5xml5 libsensors-config libsensors5
  libsigsegv2 libsm6 libsqlite3-0 libssl1.1 libsub-override-perl libtool
  libuchardet0 libvulkan-dev libvulkan1 libwacom-common libwacom2
  libwayland-client0 libwayland-server0 libx11-6 libx11-data libx11-dev
  libx11-xcb1 libxapian30 libxau-dev libxau6 libxcb-dri2-0 libxcb-dri3-0
  libxcb-glx0 libxcb-icccm4 libxcb-image0 libxcb-keysyms1 libxcb-present0
  libxcb-randr0 libxcb-render-util0 libxcb-render0 libxcb-shape0 libxcb-shm0
  libxcb-sync1 libxcb-util0 libxcb-xfixes0 libxcb-xinerama0 libxcb-xinput0
  libxcb-xkb1 libxcb1 libxcb1-dev libxdamage1 libxdmcp-dev libxdmcp6
  libxext-dev libxext6 libxfixes3 libxkbcommon-x11-0 libxkbcommon0 libxml2
  libxrender1 libxshmfence1 libxxf86vm1 m4 man-db po-debconf qtbase5-dev
  qtbase5-dev-tools sbuild-build-depends-main-dummy sensible-utils ucf
  x11-common x11proto-core-dev x11proto-dev x11proto-xext-dev xkb-data
  xorg-sgml-doctools xtrans-dev
0 upgraded, 157 newly installed, 0 to remove and 0 not upgraded.
Need to get 89.0 MB of archives.
After this operation, 593 MB of additional disk space will be used.
Get:1 copy:/<<RESOLVERDIR>>/apt_archive ./ sbuild-build-depends-main-dummy 0.invalid.0 [900 B]
Get:2 http://127.0.0.1:12990/debian sid/main amd64 bsdmainutils amd64 11.1.2+b1 [191 kB]
Get:3 http://127.0.0.1:12990/debian sid/main amd64 libuchardet0 amd64 0.0.6-3 [64.9 kB]
Get:4 http://127.0.0.1:12990/debian sid/main amd64 groff-base amd64 1.22.4-4 [919 kB]
Get:5 http://127.0.0.1:12990/debian sid/main amd64 libpipeline1 amd64 1.5.2-2 [33.9 kB]
Get:6 http://127.0.0.1:12990/debian sid/main amd64 man-db amd64 2.9.1-1 [1308 kB]
Get:7 http://127.0.0.1:12990/debian sid/main amd64 sensible-utils all 0.0.12+nmu1 [16.0 kB]
Get:8 http://127.0.0.1:12990/debian sid/main amd64 libmagic-mgc amd64 1:5.38-4 [262 kB]
Get:9 http://127.0.0.1:12990/debian sid/main amd64 libmagic1 amd64 1:5.38-4 [120 kB]
Get:10 http://127.0.0.1:12990/debian sid/main amd64 file amd64 1:5.38-4 [67.9 kB]
Get:11 http://127.0.0.1:12990/debian sid/main amd64 gettext-base amd64 0.19.8.1-10 [123 kB]
Get:12 http://127.0.0.1:12990/debian sid/main amd64 ucf all 3.0038+nmu1 [69.0 kB]
Get:13 http://127.0.0.1:12990/debian sid/main amd64 libsigsegv2 amd64 2.12-2 [32.8 kB]
Get:14 http://127.0.0.1:12990/debian sid/main amd64 m4 amd64 1.4.18-4 [203 kB]
Get:15 http://127.0.0.1:12990/debian sid/main amd64 autoconf all 2.69-11.1 [341 kB]
Get:16 http://127.0.0.1:12990/debian sid/main amd64 autotools-dev all 20180224.1 [77.0 kB]
Get:17 http://127.0.0.1:12990/debian sid/main amd64 automake all 1:1.16.2-1 [775 kB]
Get:18 http://127.0.0.1:12990/debian sid/main amd64 autopoint all 0.19.8.1-10 [435 kB]
Get:19 http://127.0.0.1:12990/debian sid/main amd64 libtool all 2.4.6-14 [513 kB]
Get:20 http://127.0.0.1:12990/debian sid/main amd64 dh-autoreconf all 19 [16.9 kB]
Get:21 http://127.0.0.1:12990/debian sid/main amd64 libdebhelper-perl all 13 [184 kB]
Get:22 http://127.0.0.1:12990/debian sid/main amd64 libarchive-zip-perl all 1.68-1 [104 kB]
Get:23 http://127.0.0.1:12990/debian sid/main amd64 libsub-override-perl all 0.09-2 [10.2 kB]
Get:24 http://127.0.0.1:12990/debian sid/main amd64 libfile-stripnondeterminism-perl all 1.8.0-1 [24.2 kB]
Get:25 http://127.0.0.1:12990/debian sid/main amd64 dh-strip-nondeterminism all 1.8.0-1 [14.8 kB]
Get:26 http://127.0.0.1:12990/debian sid/main amd64 libelf1 amd64 0.176-1.1 [161 kB]
Get:27 http://127.0.0.1:12990/debian sid/main amd64 dwz amd64 0.13-5 [151 kB]
Get:28 http://127.0.0.1:12990/debian sid/main amd64 libglib2.0-0 amd64 2.64.2-1 [1343 kB]
Get:29 http://127.0.0.1:12990/debian sid/main amd64 libicu63 amd64 63.2-3 [8296 kB]
Get:30 http://127.0.0.1:12990/debian sid/main amd64 libxml2 amd64 2.9.10+dfsg-5 [709 kB]
Get:31 http://127.0.0.1:12990/debian sid/main amd64 libcroco3 amd64 0.6.13-1 [146 kB]
Get:32 http://127.0.0.1:12990/debian sid/main amd64 gettext amd64 0.19.8.1-10 [1303 kB]
Get:33 http://127.0.0.1:12990/debian sid/main amd64 intltool-debian all 0.35.0+20060710.5 [26.8 kB]
Get:34 http://127.0.0.1:12990/debian sid/main amd64 po-debconf all 1.0.21 [248 kB]
Get:35 http://127.0.0.1:12990/debian sid/main amd64 debhelper all 13 [1002 kB]
Get:36 http://127.0.0.1:12990/debian sid/main amd64 libllvm9 amd64 1:9.0.1-12 [15.0 MB]
Get:37 http://127.0.0.1:12990/debian sid/main amd64 libclang1-9 amd64 1:9.0.1-12 [6713 kB]
Get:38 http://127.0.0.1:12990/debian sid/main amd64 libxapian30 amd64 1.4.15-1 [1085 kB]
Get:39 http://127.0.0.1:12990/debian sid/main amd64 doxygen amd64 1.8.17-1 [9482 kB]
Get:40 http://127.0.0.1:12990/debian sid/main amd64 libexpat1 amd64 2.2.9-1 [94.3 kB]
Get:41 http://127.0.0.1:12990/debian sid/main amd64 libpng16-16 amd64 1.6.37-2 [292 kB]
Get:42 http://127.0.0.1:12990/debian sid/main amd64 libfreetype6 amd64 2.10.1-2 [392 kB]
Get:43 http://127.0.0.1:12990/debian sid/main amd64 fonts-dejavu-core all 2.37-1 [1068 kB]
Get:44 http://127.0.0.1:12990/debian sid/main amd64 fontconfig-config all 2.13.1-4 [281 kB]
Get:45 http://127.0.0.1:12990/debian sid/main amd64 libfontconfig1 amd64 2.13.1-4 [347 kB]
Get:46 http://127.0.0.1:12990/debian sid/main amd64 fontconfig amd64 2.13.1-4 [416 kB]
Get:47 http://127.0.0.1:12990/debian sid/main amd64 libavahi-common-data amd64 0.7-5 [122 kB]
Get:48 http://127.0.0.1:12990/debian sid/main amd64 libavahi-common3 amd64 0.7-5 [54.6 kB]
Get:49 http://127.0.0.1:12990/debian sid/main amd64 libdbus-1-3 amd64 1.12.16-2 [214 kB]
Get:50 http://127.0.0.1:12990/debian sid/main amd64 libavahi-client3 amd64 0.7-5 [58.2 kB]
Get:51 http://127.0.0.1:12990/debian sid/main amd64 libkrb5support0 amd64 1.17-7 [64.4 kB]
Get:52 http://127.0.0.1:12990/debian sid/main amd64 libk5crypto3 amd64 1.17-7 [115 kB]
Get:53 http://127.0.0.1:12990/debian sid/main amd64 libkeyutils1 amd64 1.6.1-2 [15.4 kB]
Get:54 http://127.0.0.1:12990/debian sid/main amd64 libssl1.1 amd64 1.1.1g-1 [1543 kB]
Get:55 http://127.0.0.1:12990/debian sid/main amd64 libkrb5-3 amd64 1.17-7 [366 kB]
Get:56 http://127.0.0.1:12990/debian sid/main amd64 libgssapi-krb5-2 amd64 1.17-7 [156 kB]
Get:57 http://127.0.0.1:12990/debian sid/main amd64 libcups2 amd64 2.3.3-1 [349 kB]
Get:58 http://127.0.0.1:12990/debian sid/main amd64 libdouble-conversion3 amd64 3.1.5-5 [40.4 kB]
Get:59 http://127.0.0.1:12990/debian sid/main amd64 libdrm-common all 2.4.101-2 [14.4 kB]
Get:60 http://127.0.0.1:12990/debian sid/main amd64 libdrm2 amd64 2.4.101-2 [41.3 kB]
Get:61 http://127.0.0.1:12990/debian sid/main amd64 libdrm-amdgpu1 amd64 2.4.101-2 [28.2 kB]
Get:62 http://127.0.0.1:12990/debian sid/main amd64 libpciaccess0 amd64 0.14-1 [53.5 kB]
Get:63 http://127.0.0.1:12990/debian sid/main amd64 libdrm-intel1 amd64 2.4.101-2 [70.4 kB]
Get:64 http://127.0.0.1:12990/debian sid/main amd64 libdrm-nouveau2 amd64 2.4.101-2 [26.5 kB]
Get:65 http://127.0.0.1:12990/debian sid/main amd64 libdrm-radeon1 amd64 2.4.101-2 [29.7 kB]
Get:66 http://127.0.0.1:12990/debian sid/main amd64 libglvnd0 amd64 1.3.1-1 [51.1 kB]
Get:67 http://127.0.0.1:12990/debian sid/main amd64 libwayland-server0 amd64 1.18.0-1 [34.2 kB]
Get:68 http://127.0.0.1:12990/debian sid/main amd64 libgbm1 amd64 20.0.4-2 [71.2 kB]
Get:69 http://127.0.0.1:12990/debian sid/main amd64 libglapi-mesa amd64 20.0.4-2 [70.4 kB]
Get:70 http://127.0.0.1:12990/debian sid/main amd64 libwayland-client0 amd64 1.18.0-1 [26.6 kB]
Get:71 http://127.0.0.1:12990/debian sid/main amd64 libx11-xcb1 amd64 2:1.6.9-2 [190 kB]
Get:72 http://127.0.0.1:12990/debian sid/main amd64 libxau6 amd64 1:1.0.8-1+b2 [19.9 kB]
Get:73 http://127.0.0.1:12990/debian sid/main amd64 libxdmcp6 amd64 1:1.1.2-3 [26.3 kB]
Get:74 http://127.0.0.1:12990/debian sid/main amd64 libxcb1 amd64 1.14-2 [139 kB]
Get:75 http://127.0.0.1:12990/debian sid/main amd64 libxcb-dri2-0 amd64 1.14-2 [103 kB]
Get:76 http://127.0.0.1:12990/debian sid/main amd64 libxcb-dri3-0 amd64 1.14-2 [102 kB]
Get:77 http://127.0.0.1:12990/debian sid/main amd64 libxcb-present0 amd64 1.14-2 [101 kB]
Get:78 http://127.0.0.1:12990/debian sid/main amd64 libxcb-sync1 amd64 1.14-2 [105 kB]
Get:79 http://127.0.0.1:12990/debian sid/main amd64 libxcb-xfixes0 amd64 1.14-2 [105 kB]
Get:80 http://127.0.0.1:12990/debian sid/main amd64 libxshmfence1 amd64 1.3-1 [8820 B]
Get:81 http://127.0.0.1:12990/debian sid/main amd64 libegl-mesa0 amd64 20.0.4-2 [140 kB]
Get:82 http://127.0.0.1:12990/debian sid/main amd64 libegl1 amd64 1.3.1-1 [34.0 kB]
Get:83 http://127.0.0.1:12990/debian sid/main amd64 libx11-data all 2:1.6.9-2 [298 kB]
Get:84 http://127.0.0.1:12990/debian sid/main amd64 libx11-6 amd64 2:1.6.9-2 [759 kB]
Get:85 http://127.0.0.1:12990/debian sid/main amd64 libxcb-glx0 amd64 1.14-2 [118 kB]
Get:86 http://127.0.0.1:12990/debian sid/main amd64 libxdamage1 amd64 1:1.1.5-2 [15.7 kB]
Get:87 http://127.0.0.1:12990/debian sid/main amd64 libxext6 amd64 2:1.3.3-1+b2 [52.5 kB]
Get:88 http://127.0.0.1:12990/debian sid/main amd64 libxfixes3 amd64 1:5.0.3-2 [22.1 kB]
Get:89 http://127.0.0.1:12990/debian sid/main amd64 libxxf86vm1 amd64 1:1.1.4-1+b2 [20.8 kB]
Get:90 http://127.0.0.1:12990/debian sid/main amd64 libsensors-config all 1:3.6.0-2 [32.0 kB]
Get:91 http://127.0.0.1:12990/debian sid/main amd64 libsensors5 amd64 1:3.6.0-2 [53.1 kB]
Get:92 http://127.0.0.1:12990/debian sid/main amd64 libvulkan1 amd64 1.2.135.0-2 [100 kB]
Get:93 http://127.0.0.1:12990/debian sid/main amd64 libgl1-mesa-dri amd64 20.0.4-2 [9489 kB]
Get:94 http://127.0.0.1:12990/debian sid/main amd64 libglx-mesa0 amd64 20.0.4-2 [183 kB]
Get:95 http://127.0.0.1:12990/debian sid/main amd64 libglx0 amd64 1.3.1-1 [34.6 kB]
Get:96 http://127.0.0.1:12990/debian sid/main amd64 libgl1 amd64 1.3.1-1 [89.3 kB]
Get:97 http://127.0.0.1:12990/debian sid/main amd64 xorg-sgml-doctools all 1:1.11-1 [21.9 kB]
Get:98 http://127.0.0.1:12990/debian sid/main amd64 x11proto-dev all 2020.1-1 [594 kB]
Get:99 http://127.0.0.1:12990/debian sid/main amd64 x11proto-core-dev all 2020.1-1 [3404 B]
Get:100 http://127.0.0.1:12990/debian sid/main amd64 libxau-dev amd64 1:1.0.8-1+b2 [23.1 kB]
Get:101 http://127.0.0.1:12990/debian sid/main amd64 libxdmcp-dev amd64 1:1.1.2-3 [42.2 kB]
Get:102 http://127.0.0.1:12990/debian sid/main amd64 xtrans-dev all 1.4.0-1 [98.7 kB]
Get:103 http://127.0.0.1:12990/debian sid/main amd64 libpthread-stubs0-dev amd64 0.4-1 [5344 B]
Get:104 http://127.0.0.1:12990/debian sid/main amd64 libxcb1-dev amd64 1.14-2 [176 kB]
Get:105 http://127.0.0.1:12990/debian sid/main amd64 libx11-dev amd64 2:1.6.9-2 [830 kB]
Get:106 http://127.0.0.1:12990/debian sid/main amd64 libglx-dev amd64 1.3.1-1 [16.2 kB]
Get:107 http://127.0.0.1:12990/debian sid/main amd64 libgl-dev amd64 1.3.1-1 [100 kB]
Get:108 http://127.0.0.1:12990/debian sid/main amd64 libegl-dev amd64 1.3.1-1 [19.2 kB]
Get:109 http://127.0.0.1:12990/debian sid/main amd64 libevdev2 amd64 1.9.0+dfsg-1 [33.3 kB]
Get:110 http://127.0.0.1:12990/debian sid/main amd64 libglu1-mesa amd64 9.0.1-1 [168 kB]
Get:111 http://127.0.0.1:12990/debian sid/main amd64 libglu1-mesa-dev amd64 9.0.1-1 [207 kB]
Get:112 http://127.0.0.1:12990/debian sid/main amd64 libgraphite2-3 amd64 1.3.14-1 [81.2 kB]
Get:113 http://127.0.0.1:12990/debian sid/main amd64 libgudev-1.0-0 amd64 233-1 [13.8 kB]
Get:114 http://127.0.0.1:12990/debian sid/main amd64 libharfbuzz0b amd64 2.6.4-1 [1360 kB]
Get:115 http://127.0.0.1:12990/debian sid/main amd64 x11-common all 1:7.7+20 [252 kB]
Get:116 http://127.0.0.1:12990/debian sid/main amd64 libice6 amd64 2:1.0.9-2 [58.7 kB]
Get:117 http://127.0.0.1:12990/debian sid/main amd64 libwacom-common all 1.3-2 [45.0 kB]
Get:118 http://127.0.0.1:12990/debian sid/main amd64 libwacom2 amd64 1.3-2 [20.6 kB]
Get:119 http://127.0.0.1:12990/debian sid/main amd64 libinput-bin amd64 1.15.5-1 [22.3 kB]
Get:120 http://127.0.0.1:12990/debian sid/main amd64 libmtdev1 amd64 1.1.5-1.1 [22.4 kB]
Get:121 http://127.0.0.1:12990/debian sid/main amd64 libinput10 amd64 1.15.5-1 [116 kB]
Get:122 http://127.0.0.1:12990/debian sid/main amd64 libjpeg62-turbo amd64 1:1.5.2-2+b1 [134 kB]
Get:123 http://127.0.0.1:12990/debian sid/main amd64 libpcre2-16-0 amd64 10.34-7 [219 kB]
Get:124 http://127.0.0.1:12990/debian sid/main amd64 libqt5core5a amd64 5.12.5+dfsg-10 [2029 kB]
Get:125 http://127.0.0.1:12990/debian sid/main amd64 libqt5concurrent5 amd64 5.12.5+dfsg-10 [64.7 kB]
Get:126 http://127.0.0.1:12990/debian sid/main amd64 libqt5dbus5 amd64 5.12.5+dfsg-10 [240 kB]
Get:127 http://127.0.0.1:12990/debian sid/main amd64 libqt5network5 amd64 5.12.5+dfsg-10 [704 kB]
Get:128 http://127.0.0.1:12990/debian sid/main amd64 libsm6 amd64 2:1.2.3-1 [35.1 kB]
Get:129 http://127.0.0.1:12990/debian sid/main amd64 libxcb-icccm4 amd64 0.4.1-1.1 [27.4 kB]
Get:130 http://127.0.0.1:12990/debian sid/main amd64 libxcb-shm0 amd64 1.14-2 [101 kB]
Get:131 http://127.0.0.1:12990/debian sid/main amd64 libxcb-util0 amd64 0.3.8-3+b2 [23.0 kB]
Get:132 http://127.0.0.1:12990/debian sid/main amd64 libxcb-image0 amd64 0.4.0-1+b2 [24.4 kB]
Get:133 http://127.0.0.1:12990/debian sid/main amd64 libxcb-keysyms1 amd64 0.4.0-1+b2 [16.4 kB]
Get:134 http://127.0.0.1:12990/debian sid/main amd64 libxcb-randr0 amd64 1.14-2 [112 kB]
Get:135 http://127.0.0.1:12990/debian sid/main amd64 libxcb-render0 amd64 1.14-2 [111 kB]
Get:136 http://127.0.0.1:12990/debian sid/main amd64 libxcb-render-util0 amd64 0.3.9-1+b1 [18.3 kB]
Get:137 http://127.0.0.1:12990/debian sid/main amd64 libxcb-shape0 amd64 1.14-2 [102 kB]
Get:138 http://127.0.0.1:12990/debian sid/main amd64 libxcb-xinerama0 amd64 1.14-2 [101 kB]
Get:139 http://127.0.0.1:12990/debian sid/main amd64 libxcb-xinput0 amd64 1.14-2 [125 kB]
Get:140 http://127.0.0.1:12990/debian sid/main amd64 libxcb-xkb1 amd64 1.14-2 [126 kB]
Get:141 http://127.0.0.1:12990/debian sid/main amd64 xkb-data all 2.29-2 [655 kB]
Get:142 http://127.0.0.1:12990/debian sid/main amd64 libxkbcommon0 amd64 0.10.0-1 [123 kB]
Get:143 http://127.0.0.1:12990/debian sid/main amd64 libxkbcommon-x11-0 amd64 0.10.0-1 [39.4 kB]
Get:144 http://127.0.0.1:12990/debian sid/main amd64 libxrender1 amd64 1:0.9.10-1 [33.0 kB]
Get:145 http://127.0.0.1:12990/debian sid/main amd64 libqt5gui5 amd64 5.12.5+dfsg-10 [2986 kB]
Get:146 http://127.0.0.1:12990/debian sid/main amd64 libqt5widgets5 amd64 5.12.5+dfsg-10 [2325 kB]
Get:147 http://127.0.0.1:12990/debian sid/main amd64 libqt5printsupport5 amd64 5.12.5+dfsg-10 [225 kB]
Get:148 http://127.0.0.1:12990/debian sid/main amd64 libqt5sql5 amd64 5.12.5+dfsg-10 [152 kB]
Get:149 http://127.0.0.1:12990/debian sid/main amd64 libsqlite3-0 amd64 3.31.1-5 [661 kB]
Get:150 http://127.0.0.1:12990/debian sid/main amd64 libqt5sql5-sqlite amd64 5.12.5+dfsg-10 [78.7 kB]
Get:151 http://127.0.0.1:12990/debian sid/main amd64 libqt5test5 amd64 5.12.5+dfsg-10 [162 kB]
Get:152 http://127.0.0.1:12990/debian sid/main amd64 libqt5xml5 amd64 5.12.5+dfsg-10 [137 kB]
Get:153 http://127.0.0.1:12990/debian sid/main amd64 libvulkan-dev amd64 1.2.135.0-2 [530 kB]
Get:154 http://127.0.0.1:12990/debian sid/main amd64 x11proto-xext-dev all 2020.1-1 [3404 B]
Get:155 http://127.0.0.1:12990/debian sid/main amd64 libxext-dev amd64 2:1.3.3-1+b2 [107 kB]
Get:156 http://127.0.0.1:12990/debian sid/main amd64 qtbase5-dev-tools amd64 5.12.5+dfsg-10 [730 kB]
Get:157 http://127.0.0.1:12990/debian sid/main amd64 qtbase5-dev amd64 5.12.5+dfsg-10 [1039 kB]
debconf: delaying package configuration, since apt-utils is not installed
Fetched 89.0 MB in 1s (143 MB/s)
Selecting previously unselected package bsdmainutils.
(Reading database ... 13685 files and directories currently installed.)
Preparing to unpack .../000-bsdmainutils_11.1.2+b1_amd64.deb ...
Unpacking bsdmainutils (11.1.2+b1) ...
Selecting previously unselected package libuchardet0:amd64.
Preparing to unpack .../001-libuchardet0_0.0.6-3_amd64.deb ...
Unpacking libuchardet0:amd64 (0.0.6-3) ...
Selecting previously unselected package groff-base.
Preparing to unpack .../002-groff-base_1.22.4-4_amd64.deb ...
Unpacking groff-base (1.22.4-4) ...
Selecting previously unselected package libpipeline1:amd64.
Preparing to unpack .../003-libpipeline1_1.5.2-2_amd64.deb ...
Unpacking libpipeline1:amd64 (1.5.2-2) ...
Selecting previously unselected package man-db.
Preparing to unpack .../004-man-db_2.9.1-1_amd64.deb ...
Unpacking man-db (2.9.1-1) ...
Selecting previously unselected package sensible-utils.
Preparing to unpack .../005-sensible-utils_0.0.12+nmu1_all.deb ...
Unpacking sensible-utils (0.0.12+nmu1) ...
Selecting previously unselected package libmagic-mgc.
Preparing to unpack .../006-libmagic-mgc_1%3a5.38-4_amd64.deb ...
Unpacking libmagic-mgc (1:5.38-4) ...
Selecting previously unselected package libmagic1:amd64.
Preparing to unpack .../007-libmagic1_1%3a5.38-4_amd64.deb ...
Unpacking libmagic1:amd64 (1:5.38-4) ...
Selecting previously unselected package file.
Preparing to unpack .../008-file_1%3a5.38-4_amd64.deb ...
Unpacking file (1:5.38-4) ...
Selecting previously unselected package gettext-base.
Preparing to unpack .../009-gettext-base_0.19.8.1-10_amd64.deb ...
Unpacking gettext-base (0.19.8.1-10) ...
Selecting previously unselected package ucf.
Preparing to unpack .../010-ucf_3.0038+nmu1_all.deb ...
Moving old data out of the way
Unpacking ucf (3.0038+nmu1) ...
Selecting previously unselected package libsigsegv2:amd64.
Preparing to unpack .../011-libsigsegv2_2.12-2_amd64.deb ...
Unpacking libsigsegv2:amd64 (2.12-2) ...
Selecting previously unselected package m4.
Preparing to unpack .../012-m4_1.4.18-4_amd64.deb ...
Unpacking m4 (1.4.18-4) ...
Selecting previously unselected package autoconf.
Preparing to unpack .../013-autoconf_2.69-11.1_all.deb ...
Unpacking autoconf (2.69-11.1) ...
Selecting previously unselected package autotools-dev.
Preparing to unpack .../014-autotools-dev_20180224.1_all.deb ...
Unpacking autotools-dev (20180224.1) ...
Selecting previously unselected package automake.
Preparing to unpack .../015-automake_1%3a1.16.2-1_all.deb ...
Unpacking automake (1:1.16.2-1) ...
Selecting previously unselected package autopoint.
Preparing to unpack .../016-autopoint_0.19.8.1-10_all.deb ...
Unpacking autopoint (0.19.8.1-10) ...
Selecting previously unselected package libtool.
Preparing to unpack .../017-libtool_2.4.6-14_all.deb ...
Unpacking libtool (2.4.6-14) ...
Selecting previously unselected package dh-autoreconf.
Preparing to unpack .../018-dh-autoreconf_19_all.deb ...
Unpacking dh-autoreconf (19) ...
Selecting previously unselected package libdebhelper-perl.
Preparing to unpack .../019-libdebhelper-perl_13_all.deb ...
Unpacking libdebhelper-perl (13) ...
Selecting previously unselected package libarchive-zip-perl.
Preparing to unpack .../020-libarchive-zip-perl_1.68-1_all.deb ...
Unpacking libarchive-zip-perl (1.68-1) ...
Selecting previously unselected package libsub-override-perl.
Preparing to unpack .../021-libsub-override-perl_0.09-2_all.deb ...
Unpacking libsub-override-perl (0.09-2) ...
Selecting previously unselected package libfile-stripnondeterminism-perl.
Preparing to unpack .../022-libfile-stripnondeterminism-perl_1.8.0-1_all.deb ...
Unpacking libfile-stripnondeterminism-perl (1.8.0-1) ...
Selecting previously unselected package dh-strip-nondeterminism.
Preparing to unpack .../023-dh-strip-nondeterminism_1.8.0-1_all.deb ...
Unpacking dh-strip-nondeterminism (1.8.0-1) ...
Selecting previously unselected package libelf1:amd64.
Preparing to unpack .../024-libelf1_0.176-1.1_amd64.deb ...
Unpacking libelf1:amd64 (0.176-1.1) ...
Selecting previously unselected package dwz.
Preparing to unpack .../025-dwz_0.13-5_amd64.deb ...
Unpacking dwz (0.13-5) ...
Selecting previously unselected package libglib2.0-0:amd64.
Preparing to unpack .../026-libglib2.0-0_2.64.2-1_amd64.deb ...
Unpacking libglib2.0-0:amd64 (2.64.2-1) ...
Selecting previously unselected package libicu63:amd64.
Preparing to unpack .../027-libicu63_63.2-3_amd64.deb ...
Unpacking libicu63:amd64 (63.2-3) ...
Selecting previously unselected package libxml2:amd64.
Preparing to unpack .../028-libxml2_2.9.10+dfsg-5_amd64.deb ...
Unpacking libxml2:amd64 (2.9.10+dfsg-5) ...
Selecting previously unselected package libcroco3:amd64.
Preparing to unpack .../029-libcroco3_0.6.13-1_amd64.deb ...
Unpacking libcroco3:amd64 (0.6.13-1) ...
Selecting previously unselected package gettext.
Preparing to unpack .../030-gettext_0.19.8.1-10_amd64.deb ...
Unpacking gettext (0.19.8.1-10) ...
Selecting previously unselected package intltool-debian.
Preparing to unpack .../031-intltool-debian_0.35.0+20060710.5_all.deb ...
Unpacking intltool-debian (0.35.0+20060710.5) ...
Selecting previously unselected package po-debconf.
Preparing to unpack .../032-po-debconf_1.0.21_all.deb ...
Unpacking po-debconf (1.0.21) ...
Selecting previously unselected package debhelper.
Preparing to unpack .../033-debhelper_13_all.deb ...
Unpacking debhelper (13) ...
Selecting previously unselected package libllvm9:amd64.
Preparing to unpack .../034-libllvm9_1%3a9.0.1-12_amd64.deb ...
Unpacking libllvm9:amd64 (1:9.0.1-12) ...
Selecting previously unselected package libclang1-9.
Preparing to unpack .../035-libclang1-9_1%3a9.0.1-12_amd64.deb ...
Unpacking libclang1-9 (1:9.0.1-12) ...
Selecting previously unselected package libxapian30:amd64.
Preparing to unpack .../036-libxapian30_1.4.15-1_amd64.deb ...
Unpacking libxapian30:amd64 (1.4.15-1) ...
Selecting previously unselected package doxygen.
Preparing to unpack .../037-doxygen_1.8.17-1_amd64.deb ...
Unpacking doxygen (1.8.17-1) ...
Selecting previously unselected package libexpat1:amd64.
Preparing to unpack .../038-libexpat1_2.2.9-1_amd64.deb ...
Unpacking libexpat1:amd64 (2.2.9-1) ...
Selecting previously unselected package libpng16-16:amd64.
Preparing to unpack .../039-libpng16-16_1.6.37-2_amd64.deb ...
Unpacking libpng16-16:amd64 (1.6.37-2) ...
Selecting previously unselected package libfreetype6:amd64.
Preparing to unpack .../040-libfreetype6_2.10.1-2_amd64.deb ...
Unpacking libfreetype6:amd64 (2.10.1-2) ...
Selecting previously unselected package fonts-dejavu-core.
Preparing to unpack .../041-fonts-dejavu-core_2.37-1_all.deb ...
Unpacking fonts-dejavu-core (2.37-1) ...
Selecting previously unselected package fontconfig-config.
Preparing to unpack .../042-fontconfig-config_2.13.1-4_all.deb ...
Unpacking fontconfig-config (2.13.1-4) ...
Selecting previously unselected package libfontconfig1:amd64.
Preparing to unpack .../043-libfontconfig1_2.13.1-4_amd64.deb ...
Unpacking libfontconfig1:amd64 (2.13.1-4) ...
Selecting previously unselected package fontconfig.
Preparing to unpack .../044-fontconfig_2.13.1-4_amd64.deb ...
Unpacking fontconfig (2.13.1-4) ...
Selecting previously unselected package libavahi-common-data:amd64.
Preparing to unpack .../045-libavahi-common-data_0.7-5_amd64.deb ...
Unpacking libavahi-common-data:amd64 (0.7-5) ...
Selecting previously unselected package libavahi-common3:amd64.
Preparing to unpack .../046-libavahi-common3_0.7-5_amd64.deb ...
Unpacking libavahi-common3:amd64 (0.7-5) ...
Selecting previously unselected package libdbus-1-3:amd64.
Preparing to unpack .../047-libdbus-1-3_1.12.16-2_amd64.deb ...
Unpacking libdbus-1-3:amd64 (1.12.16-2) ...
Selecting previously unselected package libavahi-client3:amd64.
Preparing to unpack .../048-libavahi-client3_0.7-5_amd64.deb ...
Unpacking libavahi-client3:amd64 (0.7-5) ...
Selecting previously unselected package libkrb5support0:amd64.
Preparing to unpack .../049-libkrb5support0_1.17-7_amd64.deb ...
Unpacking libkrb5support0:amd64 (1.17-7) ...
Selecting previously unselected package libk5crypto3:amd64.
Preparing to unpack .../050-libk5crypto3_1.17-7_amd64.deb ...
Unpacking libk5crypto3:amd64 (1.17-7) ...
Selecting previously unselected package libkeyutils1:amd64.
Preparing to unpack .../051-libkeyutils1_1.6.1-2_amd64.deb ...
Unpacking libkeyutils1:amd64 (1.6.1-2) ...
Selecting previously unselected package libssl1.1:amd64.
Preparing to unpack .../052-libssl1.1_1.1.1g-1_amd64.deb ...
Unpacking libssl1.1:amd64 (1.1.1g-1) ...
Selecting previously unselected package libkrb5-3:amd64.
Preparing to unpack .../053-libkrb5-3_1.17-7_amd64.deb ...
Unpacking libkrb5-3:amd64 (1.17-7) ...
Selecting previously unselected package libgssapi-krb5-2:amd64.
Preparing to unpack .../054-libgssapi-krb5-2_1.17-7_amd64.deb ...
Unpacking libgssapi-krb5-2:amd64 (1.17-7) ...
Selecting previously unselected package libcups2:amd64.
Preparing to unpack .../055-libcups2_2.3.3-1_amd64.deb ...
Unpacking libcups2:amd64 (2.3.3-1) ...
Selecting previously unselected package libdouble-conversion3:amd64.
Preparing to unpack .../056-libdouble-conversion3_3.1.5-5_amd64.deb ...
Unpacking libdouble-conversion3:amd64 (3.1.5-5) ...
Selecting previously unselected package libdrm-common.
Preparing to unpack .../057-libdrm-common_2.4.101-2_all.deb ...
Unpacking libdrm-common (2.4.101-2) ...
Selecting previously unselected package libdrm2:amd64.
Preparing to unpack .../058-libdrm2_2.4.101-2_amd64.deb ...
Unpacking libdrm2:amd64 (2.4.101-2) ...
Selecting previously unselected package libdrm-amdgpu1:amd64.
Preparing to unpack .../059-libdrm-amdgpu1_2.4.101-2_amd64.deb ...
Unpacking libdrm-amdgpu1:amd64 (2.4.101-2) ...
Selecting previously unselected package libpciaccess0:amd64.
Preparing to unpack .../060-libpciaccess0_0.14-1_amd64.deb ...
Unpacking libpciaccess0:amd64 (0.14-1) ...
Selecting previously unselected package libdrm-intel1:amd64.
Preparing to unpack .../061-libdrm-intel1_2.4.101-2_amd64.deb ...
Unpacking libdrm-intel1:amd64 (2.4.101-2) ...
Selecting previously unselected package libdrm-nouveau2:amd64.
Preparing to unpack .../062-libdrm-nouveau2_2.4.101-2_amd64.deb ...
Unpacking libdrm-nouveau2:amd64 (2.4.101-2) ...
Selecting previously unselected package libdrm-radeon1:amd64.
Preparing to unpack .../063-libdrm-radeon1_2.4.101-2_amd64.deb ...
Unpacking libdrm-radeon1:amd64 (2.4.101-2) ...
Selecting previously unselected package libglvnd0:amd64.
Preparing to unpack .../064-libglvnd0_1.3.1-1_amd64.deb ...
Unpacking libglvnd0:amd64 (1.3.1-1) ...
Selecting previously unselected package libwayland-server0:amd64.
Preparing to unpack .../065-libwayland-server0_1.18.0-1_amd64.deb ...
Unpacking libwayland-server0:amd64 (1.18.0-1) ...
Selecting previously unselected package libgbm1:amd64.
Preparing to unpack .../066-libgbm1_20.0.4-2_amd64.deb ...
Unpacking libgbm1:amd64 (20.0.4-2) ...
Selecting previously unselected package libglapi-mesa:amd64.
Preparing to unpack .../067-libglapi-mesa_20.0.4-2_amd64.deb ...
Unpacking libglapi-mesa:amd64 (20.0.4-2) ...
Selecting previously unselected package libwayland-client0:amd64.
Preparing to unpack .../068-libwayland-client0_1.18.0-1_amd64.deb ...
Unpacking libwayland-client0:amd64 (1.18.0-1) ...
Selecting previously unselected package libx11-xcb1:amd64.
Preparing to unpack .../069-libx11-xcb1_2%3a1.6.9-2_amd64.deb ...
Unpacking libx11-xcb1:amd64 (2:1.6.9-2) ...
Selecting previously unselected package libxau6:amd64.
Preparing to unpack .../070-libxau6_1%3a1.0.8-1+b2_amd64.deb ...
Unpacking libxau6:amd64 (1:1.0.8-1+b2) ...
Selecting previously unselected package libxdmcp6:amd64.
Preparing to unpack .../071-libxdmcp6_1%3a1.1.2-3_amd64.deb ...
Unpacking libxdmcp6:amd64 (1:1.1.2-3) ...
Selecting previously unselected package libxcb1:amd64.
Preparing to unpack .../072-libxcb1_1.14-2_amd64.deb ...
Unpacking libxcb1:amd64 (1.14-2) ...
Selecting previously unselected package libxcb-dri2-0:amd64.
Preparing to unpack .../073-libxcb-dri2-0_1.14-2_amd64.deb ...
Unpacking libxcb-dri2-0:amd64 (1.14-2) ...
Selecting previously unselected package libxcb-dri3-0:amd64.
Preparing to unpack .../074-libxcb-dri3-0_1.14-2_amd64.deb ...
Unpacking libxcb-dri3-0:amd64 (1.14-2) ...
Selecting previously unselected package libxcb-present0:amd64.
Preparing to unpack .../075-libxcb-present0_1.14-2_amd64.deb ...
Unpacking libxcb-present0:amd64 (1.14-2) ...
Selecting previously unselected package libxcb-sync1:amd64.
Preparing to unpack .../076-libxcb-sync1_1.14-2_amd64.deb ...
Unpacking libxcb-sync1:amd64 (1.14-2) ...
Selecting previously unselected package libxcb-xfixes0:amd64.
Preparing to unpack .../077-libxcb-xfixes0_1.14-2_amd64.deb ...
Unpacking libxcb-xfixes0:amd64 (1.14-2) ...
Selecting previously unselected package libxshmfence1:amd64.
Preparing to unpack .../078-libxshmfence1_1.3-1_amd64.deb ...
Unpacking libxshmfence1:amd64 (1.3-1) ...
Selecting previously unselected package libegl-mesa0:amd64.
Preparing to unpack .../079-libegl-mesa0_20.0.4-2_amd64.deb ...
Unpacking libegl-mesa0:amd64 (20.0.4-2) ...
Selecting previously unselected package libegl1:amd64.
Preparing to unpack .../080-libegl1_1.3.1-1_amd64.deb ...
Unpacking libegl1:amd64 (1.3.1-1) ...
Selecting previously unselected package libx11-data.
Preparing to unpack .../081-libx11-data_2%3a1.6.9-2_all.deb ...
Unpacking libx11-data (2:1.6.9-2) ...
Selecting previously unselected package libx11-6:amd64.
Preparing to unpack .../082-libx11-6_2%3a1.6.9-2_amd64.deb ...
Unpacking libx11-6:amd64 (2:1.6.9-2) ...
Selecting previously unselected package libxcb-glx0:amd64.
Preparing to unpack .../083-libxcb-glx0_1.14-2_amd64.deb ...
Unpacking libxcb-glx0:amd64 (1.14-2) ...
Selecting previously unselected package libxdamage1:amd64.
Preparing to unpack .../084-libxdamage1_1%3a1.1.5-2_amd64.deb ...
Unpacking libxdamage1:amd64 (1:1.1.5-2) ...
Selecting previously unselected package libxext6:amd64.
Preparing to unpack .../085-libxext6_2%3a1.3.3-1+b2_amd64.deb ...
Unpacking libxext6:amd64 (2:1.3.3-1+b2) ...
Selecting previously unselected package libxfixes3:amd64.
Preparing to unpack .../086-libxfixes3_1%3a5.0.3-2_amd64.deb ...
Unpacking libxfixes3:amd64 (1:5.0.3-2) ...
Selecting previously unselected package libxxf86vm1:amd64.
Preparing to unpack .../087-libxxf86vm1_1%3a1.1.4-1+b2_amd64.deb ...
Unpacking libxxf86vm1:amd64 (1:1.1.4-1+b2) ...
Selecting previously unselected package libsensors-config.
Preparing to unpack .../088-libsensors-config_1%3a3.6.0-2_all.deb ...
Unpacking libsensors-config (1:3.6.0-2) ...
Selecting previously unselected package libsensors5:amd64.
Preparing to unpack .../089-libsensors5_1%3a3.6.0-2_amd64.deb ...
Unpacking libsensors5:amd64 (1:3.6.0-2) ...
Selecting previously unselected package libvulkan1:amd64.
Preparing to unpack .../090-libvulkan1_1.2.135.0-2_amd64.deb ...
Unpacking libvulkan1:amd64 (1.2.135.0-2) ...
Selecting previously unselected package libgl1-mesa-dri:amd64.
Preparing to unpack .../091-libgl1-mesa-dri_20.0.4-2_amd64.deb ...
Unpacking libgl1-mesa-dri:amd64 (20.0.4-2) ...
Selecting previously unselected package libglx-mesa0:amd64.
Preparing to unpack .../092-libglx-mesa0_20.0.4-2_amd64.deb ...
Unpacking libglx-mesa0:amd64 (20.0.4-2) ...
Selecting previously unselected package libglx0:amd64.
Preparing to unpack .../093-libglx0_1.3.1-1_amd64.deb ...
Unpacking libglx0:amd64 (1.3.1-1) ...
Selecting previously unselected package libgl1:amd64.
Preparing to unpack .../094-libgl1_1.3.1-1_amd64.deb ...
Unpacking libgl1:amd64 (1.3.1-1) ...
Selecting previously unselected package xorg-sgml-doctools.
Preparing to unpack .../095-xorg-sgml-doctools_1%3a1.11-1_all.deb ...
Unpacking xorg-sgml-doctools (1:1.11-1) ...
Selecting previously unselected package x11proto-dev.
Preparing to unpack .../096-x11proto-dev_2020.1-1_all.deb ...
Unpacking x11proto-dev (2020.1-1) ...
Selecting previously unselected package x11proto-core-dev.
Preparing to unpack .../097-x11proto-core-dev_2020.1-1_all.deb ...
Unpacking x11proto-core-dev (2020.1-1) ...
Selecting previously unselected package libxau-dev:amd64.
Preparing to unpack .../098-libxau-dev_1%3a1.0.8-1+b2_amd64.deb ...
Unpacking libxau-dev:amd64 (1:1.0.8-1+b2) ...
Selecting previously unselected package libxdmcp-dev:amd64.
Preparing to unpack .../099-libxdmcp-dev_1%3a1.1.2-3_amd64.deb ...
Unpacking libxdmcp-dev:amd64 (1:1.1.2-3) ...
Selecting previously unselected package xtrans-dev.
Preparing to unpack .../100-xtrans-dev_1.4.0-1_all.deb ...
Unpacking xtrans-dev (1.4.0-1) ...
Selecting previously unselected package libpthread-stubs0-dev:amd64.
Preparing to unpack .../101-libpthread-stubs0-dev_0.4-1_amd64.deb ...
Unpacking libpthread-stubs0-dev:amd64 (0.4-1) ...
Selecting previously unselected package libxcb1-dev:amd64.
Preparing to unpack .../102-libxcb1-dev_1.14-2_amd64.deb ...
Unpacking libxcb1-dev:amd64 (1.14-2) ...
Selecting previously unselected package libx11-dev:amd64.
Preparing to unpack .../103-libx11-dev_2%3a1.6.9-2_amd64.deb ...
Unpacking libx11-dev:amd64 (2:1.6.9-2) ...
Selecting previously unselected package libglx-dev:amd64.
Preparing to unpack .../104-libglx-dev_1.3.1-1_amd64.deb ...
Unpacking libglx-dev:amd64 (1.3.1-1) ...
Selecting previously unselected package libgl-dev:amd64.
Preparing to unpack .../105-libgl-dev_1.3.1-1_amd64.deb ...
Unpacking libgl-dev:amd64 (1.3.1-1) ...
Selecting previously unselected package libegl-dev:amd64.
Preparing to unpack .../106-libegl-dev_1.3.1-1_amd64.deb ...
Unpacking libegl-dev:amd64 (1.3.1-1) ...
Selecting previously unselected package libevdev2:amd64.
Preparing to unpack .../107-libevdev2_1.9.0+dfsg-1_amd64.deb ...
Unpacking libevdev2:amd64 (1.9.0+dfsg-1) ...
Selecting previously unselected package libglu1-mesa:amd64.
Preparing to unpack .../108-libglu1-mesa_9.0.1-1_amd64.deb ...
Unpacking libglu1-mesa:amd64 (9.0.1-1) ...
Selecting previously unselected package libglu1-mesa-dev:amd64.
Preparing to unpack .../109-libglu1-mesa-dev_9.0.1-1_amd64.deb ...
Unpacking libglu1-mesa-dev:amd64 (9.0.1-1) ...
Selecting previously unselected package libgraphite2-3:amd64.
Preparing to unpack .../110-libgraphite2-3_1.3.14-1_amd64.deb ...
Unpacking libgraphite2-3:amd64 (1.3.14-1) ...
Selecting previously unselected package libgudev-1.0-0:amd64.
Preparing to unpack .../111-libgudev-1.0-0_233-1_amd64.deb ...
Unpacking libgudev-1.0-0:amd64 (233-1) ...
Selecting previously unselected package libharfbuzz0b:amd64.
Preparing to unpack .../112-libharfbuzz0b_2.6.4-1_amd64.deb ...
Unpacking libharfbuzz0b:amd64 (2.6.4-1) ...
Selecting previously unselected package x11-common.
Preparing to unpack .../113-x11-common_1%3a7.7+20_all.deb ...
Unpacking x11-common (1:7.7+20) ...
Selecting previously unselected package libice6:amd64.
Preparing to unpack .../114-libice6_2%3a1.0.9-2_amd64.deb ...
Unpacking libice6:amd64 (2:1.0.9-2) ...
Selecting previously unselected package libwacom-common.
Preparing to unpack .../115-libwacom-common_1.3-2_all.deb ...
Unpacking libwacom-common (1.3-2) ...
Selecting previously unselected package libwacom2:amd64.
Preparing to unpack .../116-libwacom2_1.3-2_amd64.deb ...
Unpacking libwacom2:amd64 (1.3-2) ...
Selecting previously unselected package libinput-bin.
Preparing to unpack .../117-libinput-bin_1.15.5-1_amd64.deb ...
Unpacking libinput-bin (1.15.5-1) ...
Selecting previously unselected package libmtdev1:amd64.
Preparing to unpack .../118-libmtdev1_1.1.5-1.1_amd64.deb ...
Unpacking libmtdev1:amd64 (1.1.5-1.1) ...
Selecting previously unselected package libinput10:amd64.
Preparing to unpack .../119-libinput10_1.15.5-1_amd64.deb ...
Unpacking libinput10:amd64 (1.15.5-1) ...
Selecting previously unselected package libjpeg62-turbo:amd64.
Preparing to unpack .../120-libjpeg62-turbo_1%3a1.5.2-2+b1_amd64.deb ...
Unpacking libjpeg62-turbo:amd64 (1:1.5.2-2+b1) ...
Selecting previously unselected package libpcre2-16-0:amd64.
Preparing to unpack .../121-libpcre2-16-0_10.34-7_amd64.deb ...
Unpacking libpcre2-16-0:amd64 (10.34-7) ...
Selecting previously unselected package libqt5core5a:amd64.
Preparing to unpack .../122-libqt5core5a_5.12.5+dfsg-10_amd64.deb ...
Unpacking libqt5core5a:amd64 (5.12.5+dfsg-10) ...
Selecting previously unselected package libqt5concurrent5:amd64.
Preparing to unpack .../123-libqt5concurrent5_5.12.5+dfsg-10_amd64.deb ...
Unpacking libqt5concurrent5:amd64 (5.12.5+dfsg-10) ...
Selecting previously unselected package libqt5dbus5:amd64.
Preparing to unpack .../124-libqt5dbus5_5.12.5+dfsg-10_amd64.deb ...
Unpacking libqt5dbus5:amd64 (5.12.5+dfsg-10) ...
Selecting previously unselected package libqt5network5:amd64.
Preparing to unpack .../125-libqt5network5_5.12.5+dfsg-10_amd64.deb ...
Unpacking libqt5network5:amd64 (5.12.5+dfsg-10) ...
Selecting previously unselected package libsm6:amd64.
Preparing to unpack .../126-libsm6_2%3a1.2.3-1_amd64.deb ...
Unpacking libsm6:amd64 (2:1.2.3-1) ...
Selecting previously unselected package libxcb-icccm4:amd64.
Preparing to unpack .../127-libxcb-icccm4_0.4.1-1.1_amd64.deb ...
Unpacking libxcb-icccm4:amd64 (0.4.1-1.1) ...
Selecting previously unselected package libxcb-shm0:amd64.
Preparing to unpack .../128-libxcb-shm0_1.14-2_amd64.deb ...
Unpacking libxcb-shm0:amd64 (1.14-2) ...
Selecting previously unselected package libxcb-util0:amd64.
Preparing to unpack .../129-libxcb-util0_0.3.8-3+b2_amd64.deb ...
Unpacking libxcb-util0:amd64 (0.3.8-3+b2) ...
Selecting previously unselected package libxcb-image0:amd64.
Preparing to unpack .../130-libxcb-image0_0.4.0-1+b2_amd64.deb ...
Unpacking libxcb-image0:amd64 (0.4.0-1+b2) ...
Selecting previously unselected package libxcb-keysyms1:amd64.
Preparing to unpack .../131-libxcb-keysyms1_0.4.0-1+b2_amd64.deb ...
Unpacking libxcb-keysyms1:amd64 (0.4.0-1+b2) ...
Selecting previously unselected package libxcb-randr0:amd64.
Preparing to unpack .../132-libxcb-randr0_1.14-2_amd64.deb ...
Unpacking libxcb-randr0:amd64 (1.14-2) ...
Selecting previously unselected package libxcb-render0:amd64.
Preparing to unpack .../133-libxcb-render0_1.14-2_amd64.deb ...
Unpacking libxcb-render0:amd64 (1.14-2) ...
Selecting previously unselected package libxcb-render-util0:amd64.
Preparing to unpack .../134-libxcb-render-util0_0.3.9-1+b1_amd64.deb ...
Unpacking libxcb-render-util0:amd64 (0.3.9-1+b1) ...
Selecting previously unselected package libxcb-shape0:amd64.
Preparing to unpack .../135-libxcb-shape0_1.14-2_amd64.deb ...
Unpacking libxcb-shape0:amd64 (1.14-2) ...
Selecting previously unselected package libxcb-xinerama0:amd64.
Preparing to unpack .../136-libxcb-xinerama0_1.14-2_amd64.deb ...
Unpacking libxcb-xinerama0:amd64 (1.14-2) ...
Selecting previously unselected package libxcb-xinput0:amd64.
Preparing to unpack .../137-libxcb-xinput0_1.14-2_amd64.deb ...
Unpacking libxcb-xinput0:amd64 (1.14-2) ...
Selecting previously unselected package libxcb-xkb1:amd64.
Preparing to unpack .../138-libxcb-xkb1_1.14-2_amd64.deb ...
Unpacking libxcb-xkb1:amd64 (1.14-2) ...
Selecting previously unselected package xkb-data.
Preparing to unpack .../139-xkb-data_2.29-2_all.deb ...
Unpacking xkb-data (2.29-2) ...
Selecting previously unselected package libxkbcommon0:amd64.
Preparing to unpack .../140-libxkbcommon0_0.10.0-1_amd64.deb ...
Unpacking libxkbcommon0:amd64 (0.10.0-1) ...
Selecting previously unselected package libxkbcommon-x11-0:amd64.
Preparing to unpack .../141-libxkbcommon-x11-0_0.10.0-1_amd64.deb ...
Unpacking libxkbcommon-x11-0:amd64 (0.10.0-1) ...
Selecting previously unselected package libxrender1:amd64.
Preparing to unpack .../142-libxrender1_1%3a0.9.10-1_amd64.deb ...
Unpacking libxrender1:amd64 (1:0.9.10-1) ...
Selecting previously unselected package libqt5gui5:amd64.
Preparing to unpack .../143-libqt5gui5_5.12.5+dfsg-10_amd64.deb ...
Unpacking libqt5gui5:amd64 (5.12.5+dfsg-10) ...
Selecting previously unselected package libqt5widgets5:amd64.
Preparing to unpack .../144-libqt5widgets5_5.12.5+dfsg-10_amd64.deb ...
Unpacking libqt5widgets5:amd64 (5.12.5+dfsg-10) ...
Selecting previously unselected package libqt5printsupport5:amd64.
Preparing to unpack .../145-libqt5printsupport5_5.12.5+dfsg-10_amd64.deb ...
Unpacking libqt5printsupport5:amd64 (5.12.5+dfsg-10) ...
Selecting previously unselected package libqt5sql5:amd64.
Preparing to unpack .../146-libqt5sql5_5.12.5+dfsg-10_amd64.deb ...
Unpacking libqt5sql5:amd64 (5.12.5+dfsg-10) ...
Selecting previously unselected package libsqlite3-0:amd64.
Preparing to unpack .../147-libsqlite3-0_3.31.1-5_amd64.deb ...
Unpacking libsqlite3-0:amd64 (3.31.1-5) ...
Selecting previously unselected package libqt5sql5-sqlite:amd64.
Preparing to unpack .../148-libqt5sql5-sqlite_5.12.5+dfsg-10_amd64.deb ...
Unpacking libqt5sql5-sqlite:amd64 (5.12.5+dfsg-10) ...
Selecting previously unselected package libqt5test5:amd64.
Preparing to unpack .../149-libqt5test5_5.12.5+dfsg-10_amd64.deb ...
Unpacking libqt5test5:amd64 (5.12.5+dfsg-10) ...
Selecting previously unselected package libqt5xml5:amd64.
Preparing to unpack .../150-libqt5xml5_5.12.5+dfsg-10_amd64.deb ...
Unpacking libqt5xml5:amd64 (5.12.5+dfsg-10) ...
Selecting previously unselected package libvulkan-dev:amd64.
Preparing to unpack .../151-libvulkan-dev_1.2.135.0-2_amd64.deb ...
Unpacking libvulkan-dev:amd64 (1.2.135.0-2) ...
Selecting previously unselected package x11proto-xext-dev.
Preparing to unpack .../152-x11proto-xext-dev_2020.1-1_all.deb ...
Unpacking x11proto-xext-dev (2020.1-1) ...
Selecting previously unselected package libxext-dev:amd64.
Preparing to unpack .../153-libxext-dev_2%3a1.3.3-1+b2_amd64.deb ...
Unpacking libxext-dev:amd64 (2:1.3.3-1+b2) ...
Selecting previously unselected package qtbase5-dev-tools.
Preparing to unpack .../154-qtbase5-dev-tools_5.12.5+dfsg-10_amd64.deb ...
Unpacking qtbase5-dev-tools (5.12.5+dfsg-10) ...
Selecting previously unselected package qtbase5-dev:amd64.
Preparing to unpack .../155-qtbase5-dev_5.12.5+dfsg-10_amd64.deb ...
Unpacking qtbase5-dev:amd64 (5.12.5+dfsg-10) ...
Selecting previously unselected package sbuild-build-depends-main-dummy.
Preparing to unpack .../156-sbuild-build-depends-main-dummy_0.invalid.0_amd64.deb ...
Unpacking sbuild-build-depends-main-dummy (0.invalid.0) ...
Setting up libexpat1:amd64 (2.2.9-1) ...
Setting up libpipeline1:amd64 (1.5.2-2) ...
Setting up libgraphite2-3:amd64 (1.3.14-1) ...
Setting up libxapian30:amd64 (1.4.15-1) ...
Setting up libwayland-server0:amd64 (1.18.0-1) ...
Setting up libx11-xcb1:amd64 (2:1.6.9-2) ...
Setting up libpciaccess0:amd64 (0.14-1) ...
Setting up libxau6:amd64 (1:1.0.8-1+b2) ...
Setting up libxdmcp6:amd64 (1:1.1.2-3) ...
Setting up libdouble-conversion3:amd64 (3.1.5-5) ...
Setting up libkeyutils1:amd64 (1.6.1-2) ...
Setting up libxcb1:amd64 (1.14-2) ...
Setting up libxcb-xfixes0:amd64 (1.14-2) ...
Setting up libxcb-xinput0:amd64 (1.14-2) ...
Setting up libmagic-mgc (1:5.38-4) ...
Setting up libxcb-render0:amd64 (1.14-2) ...
Setting up libarchive-zip-perl (1.68-1) ...
Setting up libglib2.0-0:amd64 (2.64.2-1) ...
No schema files found: doing nothing.
Setting up libglvnd0:amd64 (1.3.1-1) ...
Setting up libssl1.1:amd64 (1.1.1g-1) ...
Setting up libxcb-glx0:amd64 (1.14-2) ...
Setting up libdebhelper-perl (13) ...
Setting up libsqlite3-0:amd64 (3.31.1-5) ...
Setting up libxcb-keysyms1:amd64 (0.4.0-1+b2) ...
Setting up libxcb-shape0:amd64 (1.14-2) ...
Setting up x11-common (1:7.7+20) ...
update-rc.d: warning: start and stop actions are no longer supported; falling back to defaults
invoke-rc.d: could not determine current runlevel
All runlevel operations denied by policy
invoke-rc.d: policy-rc.d denied execution of start.
Setting up libsensors-config (1:3.6.0-2) ...
Setting up libmagic1:amd64 (1:5.38-4) ...
Setting up gettext-base (0.19.8.1-10) ...
Setting up libxcb-render-util0:amd64 (0.3.9-1+b1) ...
Setting up xkb-data (2.29-2) ...
Setting up libxcb-shm0:amd64 (1.14-2) ...
Setting up libxcb-icccm4:amd64 (0.4.1-1.1) ...
Setting up file (1:5.38-4) ...
Setting up libxcb-util0:amd64 (0.3.8-3+b2) ...
Setting up libpthread-stubs0-dev:amd64 (0.4-1) ...
Setting up libpcre2-16-0:amd64 (10.34-7) ...
Setting up libicu63:amd64 (63.2-3) ...
Setting up libxcb-xkb1:amd64 (1.14-2) ...
Setting up libxcb-image0:amd64 (0.4.0-1+b2) ...
Setting up libkrb5support0:amd64 (1.17-7) ...
Setting up libxcb-present0:amd64 (1.14-2) ...
Setting up xtrans-dev (1.4.0-1) ...
Setting up autotools-dev (20180224.1) ...
Setting up libxcb-xinerama0:amd64 (1.14-2) ...
Setting up libjpeg62-turbo:amd64 (1:1.5.2-2+b1) ...
Setting up libx11-data (2:1.6.9-2) ...
Setting up libxcb-sync1:amd64 (1.14-2) ...
Setting up libavahi-common-data:amd64 (0.7-5) ...
Setting up libdbus-1-3:amd64 (1.12.16-2) ...
Setting up libsigsegv2:amd64 (2.12-2) ...
Setting up bsdmainutils (11.1.2+b1) ...
update-alternatives: using /usr/bin/bsd-write to provide /usr/bin/write (write) in auto mode
update-alternatives: using /usr/bin/bsd-from to provide /usr/bin/from (from) in auto mode
Setting up libpng16-16:amd64 (1.6.37-2) ...
Setting up autopoint (0.19.8.1-10) ...
Setting up fonts-dejavu-core (2.37-1) ...
Setting up libsensors5:amd64 (1:3.6.0-2) ...
Setting up libk5crypto3:amd64 (1.17-7) ...
Setting up libqt5core5a:amd64 (5.12.5+dfsg-10) ...
Setting up libglapi-mesa:amd64 (20.0.4-2) ...
Setting up libmtdev1:amd64 (1.1.5-1.1) ...
Setting up libvulkan1:amd64 (1.2.135.0-2) ...
Setting up libxcb-dri2-0:amd64 (1.14-2) ...
Setting up sensible-utils (0.0.12+nmu1) ...
Setting up libxshmfence1:amd64 (1.3-1) ...
Setting up libqt5dbus5:amd64 (5.12.5+dfsg-10) ...
Setting up libxcb-randr0:amd64 (1.14-2) ...
Setting up libuchardet0:amd64 (0.0.6-3) ...
Setting up libsub-override-perl (0.09-2) ...
Setting up libx11-6:amd64 (2:1.6.9-2) ...
Setting up xorg-sgml-doctools (1:1.11-1) ...
Setting up libkrb5-3:amd64 (1.17-7) ...
Setting up libqt5test5:amd64 (5.12.5+dfsg-10) ...
Setting up libdrm-common (2.4.101-2) ...
Setting up libelf1:amd64 (0.176-1.1) ...
Setting up libevdev2:amd64 (1.9.0+dfsg-1) ...
Setting up libxml2:amd64 (2.9.10+dfsg-5) ...
Setting up libqt5concurrent5:amd64 (5.12.5+dfsg-10) ...
Setting up libllvm9:amd64 (1:9.0.1-12) ...
Setting up libgudev-1.0-0:amd64 (233-1) ...
Setting up libwacom-common (1.3-2) ...
Setting up libxkbcommon0:amd64 (0.10.0-1) ...
Setting up libwayland-client0:amd64 (1.18.0-1) ...
Setting up x11proto-dev (2020.1-1) ...
Setting up libfile-stripnondeterminism-perl (1.8.0-1) ...
Setting up libxcb-dri3-0:amd64 (1.14-2) ...
Setting up libice6:amd64 (2:1.0.9-2) ...
Setting up libvulkan-dev:amd64 (1.2.135.0-2) ...
Setting up libxdamage1:amd64 (1:1.1.5-2) ...
Setting up libxau-dev:amd64 (1:1.0.8-1+b2) ...
Setting up libxrender1:amd64 (1:0.9.10-1) ...
Setting up libtool (2.4.6-14) ...
Setting up libclang1-9 (1:9.0.1-12) ...
Setting up libavahi-common3:amd64 (0.7-5) ...
Setting up libxext6:amd64 (2:1.3.3-1+b2) ...
Setting up m4 (1.4.18-4) ...
Setting up libqt5network5:amd64 (5.12.5+dfsg-10) ...
Setting up libxxf86vm1:amd64 (1:1.1.4-1+b2) ...
Setting up libqt5sql5:amd64 (5.12.5+dfsg-10) ...
Setting up qtbase5-dev-tools (5.12.5+dfsg-10) ...
Setting up libxdmcp-dev:amd64 (1:1.1.2-3) ...
Setting up libqt5xml5:amd64 (5.12.5+dfsg-10) ...
Setting up doxygen (1.8.17-1) ...
Setting up libfreetype6:amd64 (2.10.1-2) ...
Setting up libxfixes3:amd64 (1:5.0.3-2) ...
Setting up x11proto-core-dev (2020.1-1) ...
Setting up libxkbcommon-x11-0:amd64 (0.10.0-1) ...
Setting up libgssapi-krb5-2:amd64 (1.17-7) ...
Setting up libcroco3:amd64 (0.6.13-1) ...
Setting up ucf (3.0038+nmu1) ...
Setting up autoconf (2.69-11.1) ...
Setting up dh-strip-nondeterminism (1.8.0-1) ...
Setting up x11proto-xext-dev (2020.1-1) ...
Setting up libdrm2:amd64 (2.4.101-2) ...
Setting up dwz (0.13-5) ...
Setting up groff-base (1.22.4-4) ...
Setting up libharfbuzz0b:amd64 (2.6.4-1) ...
Setting up libwacom2:amd64 (1.3-2) ...
Setting up libsm6:amd64 (2:1.2.3-1) ...
Setting up libavahi-client3:amd64 (0.7-5) ...
Setting up libdrm-amdgpu1:amd64 (2.4.101-2) ...
Setting up automake (1:1.16.2-1) ...
update-alternatives: using /usr/bin/automake-1.16 to provide /usr/bin/automake (automake) in auto mode
Setting up libdrm-nouveau2:amd64 (2.4.101-2) ...
Setting up gettext (0.19.8.1-10) ...
Setting up libxcb1-dev:amd64 (1.14-2) ...
Setting up libqt5sql5-sqlite:amd64 (5.12.5+dfsg-10) ...
Setting up libgbm1:amd64 (20.0.4-2) ...
Setting up libdrm-radeon1:amd64 (2.4.101-2) ...
Setting up fontconfig-config (2.13.1-4) ...
Setting up libdrm-intel1:amd64 (2.4.101-2) ...
Setting up libgl1-mesa-dri:amd64 (20.0.4-2) ...
Setting up libx11-dev:amd64 (2:1.6.9-2) ...
Setting up man-db (2.9.1-1) ...
Not building database; man-db/auto-update is not 'true'.
Setting up libinput-bin (1.15.5-1) ...
Setting up intltool-debian (0.35.0+20060710.5) ...
Setting up libegl-mesa0:amd64 (20.0.4-2) ...
Setting up libxext-dev:amd64 (2:1.3.3-1+b2) ...
Setting up libcups2:amd64 (2.3.3-1) ...
Setting up libegl1:amd64 (1.3.1-1) ...
Setting up libfontconfig1:amd64 (2.13.1-4) ...
Setting up libinput10:amd64 (1.15.5-1) ...
Setting up fontconfig (2.13.1-4) ...
Regenerating fonts cache... done.
Setting up libglx-mesa0:amd64 (20.0.4-2) ...
Setting up libglx0:amd64 (1.3.1-1) ...
Setting up po-debconf (1.0.21) ...
Setting up libgl1:amd64 (1.3.1-1) ...
Setting up libglx-dev:amd64 (1.3.1-1) ...
Setting up libglu1-mesa:amd64 (9.0.1-1) ...
Setting up libgl-dev:amd64 (1.3.1-1) ...
Setting up libegl-dev:amd64 (1.3.1-1) ...
Setting up libqt5gui5:amd64 (5.12.5+dfsg-10) ...
Setting up libqt5widgets5:amd64 (5.12.5+dfsg-10) ...
Setting up libqt5printsupport5:amd64 (5.12.5+dfsg-10) ...
Setting up libglu1-mesa-dev:amd64 (9.0.1-1) ...
Setting up qtbase5-dev:amd64 (5.12.5+dfsg-10) ...
Setting up debhelper (13) ...
Setting up dh-autoreconf (19) ...
Setting up sbuild-build-depends-main-dummy (0.invalid.0) ...
Processing triggers for libc-bin (2.30-4) ...

+------------------------------------------------------------------------------+
| Check architectures                                                          |
+------------------------------------------------------------------------------+

Arch check ok (amd64 included in any all)

+------------------------------------------------------------------------------+
| Build environment                                                            |
+------------------------------------------------------------------------------+

Kernel: Linux 4.19.0-6-cloud-amd64 #1 SMP Debian 4.19.67-2+deb10u2 (2019-11-11) amd64 (x86_64)
Toolchain package versions: binutils_2.34-6 dpkg-dev_1.19.7 g++-9_9.3.0-11 gcc-9_9.3.0-11 libc6-dev_2.30-4 libstdc++-9-dev_9.3.0-11 libstdc++6_10-20200502-1 linux-libc-dev_5.6.7-1
Package versions: adduser_3.118 apt_2.0.2 autoconf_2.69-11.1 automake_1:1.16.2-1 autopoint_0.19.8.1-10 autotools-dev_20180224.1 base-files_11 base-passwd_3.5.47 bash_5.0-6 binutils_2.34-6 binutils-common_2.34-6 binutils-x86-64-linux-gnu_2.34-6 bsdmainutils_11.1.2+b1 bsdutils_1:2.34-0.1 build-essential_12.8 bzip2_1.0.8-2 clang-10_1:10.0.0-4 coreutils_8.30-3+b1 cpp_4:9.2.1-3.1 cpp-9_9.3.0-11 dash_0.5.10.2-7 debconf_1.5.74 debhelper_13 debian-archive-keyring_2019.1 debianutils_4.9.1 dh-autoreconf_19 dh-strip-nondeterminism_1.8.0-1 diffutils_1:3.7-3 doxygen_1.8.17-1 dpkg_1.19.7 dpkg-dev_1.19.7 dwz_0.13-5 e2fsprogs_1.45.6-1 fakeroot_1.24-1 fdisk_2.34-0.1 file_1:5.38-4 findutils_4.7.0-1 fontconfig_2.13.1-4 fontconfig-config_2.13.1-4 fonts-dejavu-core_2.37-1 g++_4:9.2.1-3.1 g++-9_9.3.0-11 gcc_4:9.2.1-3.1 gcc-10-base_10-20200502-1 gcc-9_9.3.0-11 gcc-9-base_9.3.0-11 gettext_0.19.8.1-10 gettext-base_0.19.8.1-10 gpgv_2.2.20-1 grep_3.4-1 groff-base_1.22.4-4 gzip_1.10-2 hostname_3.23 init-system-helpers_1.57 intltool-debian_0.35.0+20060710.5 lib32gcc-s1_10-20200502-1 lib32gcc1_1:10-20200502-1 lib32stdc++6_10-20200502-1 libacl1_2.2.53-8 libapt-pkg6.0_2.0.2 libarchive-zip-perl_1.68-1 libasan5_9.3.0-11 libatomic1_10-20200502-1 libattr1_1:2.4.48-5 libaudit-common_1:2.8.5-3 libaudit1_1:2.8.5-3+b1 libavahi-client3_0.7-5 libavahi-common-data_0.7-5 libavahi-common3_0.7-5 libbinutils_2.34-6 libblkid1_2.34-0.1 libbsd0_0.10.0-1 libbz2-1.0_1.0.8-2 libc-bin_2.30-4 libc-dev-bin_2.30-4 libc6_2.30-4 libc6-dev_2.30-4 libc6-i386_2.30-4 libcap-ng0_0.7.9-2.1+b2 libcc1-0_10-20200502-1 libclang-common-10-dev_1:10.0.0-4 libclang-cpp10_1:10.0.0-4 libclang1-10_1:10.0.0-4 libclang1-9_1:9.0.1-12 libcom-err2_1.45.6-1 libcroco3_0.6.13-1 libcrypt-dev_1:4.4.16-1 libcrypt1_1:4.4.16-1 libctf-nobfd0_2.34-6 libctf0_2.34-6 libcups2_2.3.3-1 libdb5.3_5.3.28+dfsg1-0.6 libdbus-1-3_1.12.16-2 libdebconfclient0_0.251 libdebhelper-perl_13 libdouble-conversion3_3.1.5-5 libdpkg-perl_1.19.7 libdrm-amdgpu1_2.4.101-2 libdrm-common_2.4.101-2 libdrm-intel1_2.4.101-2 libdrm-nouveau2_2.4.101-2 libdrm-radeon1_2.4.101-2 libdrm2_2.4.101-2 libedit2_3.1-20191231-1 libegl-dev_1.3.1-1 libegl-mesa0_20.0.4-2 libegl1_1.3.1-1 libelf1_0.176-1.1 libevdev2_1.9.0+dfsg-1 libexpat1_2.2.9-1 libext2fs2_1.45.6-1 libfakeroot_1.24-1 libfdisk1_2.34-0.1 libffi7_3.3-4 libfile-stripnondeterminism-perl_1.8.0-1 libfontconfig1_2.13.1-4 libfreetype6_2.10.1-2 libgbm1_20.0.4-2 libgc1c2_1:7.6.4-0.4 libgcc-9-dev_9.3.0-11 libgcc-s1_10-20200502-1 libgcrypt20_1.8.5-5 libgdbm-compat4_1.18.1-5 libgdbm6_1.18.1-5 libgl-dev_1.3.1-1 libgl1_1.3.1-1 libgl1-mesa-dri_20.0.4-2 libglapi-mesa_20.0.4-2 libglib2.0-0_2.64.2-1 libglu1-mesa_9.0.1-1 libglu1-mesa-dev_9.0.1-1 libglvnd0_1.3.1-1 libglx-dev_1.3.1-1 libglx-mesa0_20.0.4-2 libglx0_1.3.1-1 libgmp10_2:6.2.0+dfsg-4 libgnutls30_3.6.13-2 libgomp1_10-20200502-1 libgpg-error0_1.37-1 libgraphite2-3_1.3.14-1 libgssapi-krb5-2_1.17-7 libgudev-1.0-0_233-1 libharfbuzz0b_2.6.4-1 libhogweed5_3.5.1+really3.5.1-2 libice6_2:1.0.9-2 libicu63_63.2-3 libidn2-0_2.3.0-1 libinput-bin_1.15.5-1 libinput10_1.15.5-1 libisl22_0.22.1-1 libitm1_10-20200502-1 libjpeg62-turbo_1:1.5.2-2+b1 libk5crypto3_1.17-7 libkeyutils1_1.6.1-2 libkrb5-3_1.17-7 libkrb5support0_1.17-7 libllvm10_1:10.0.0-4 libllvm9_1:9.0.1-12 liblsan0_10-20200502-1 liblz4-1_1.9.2-2 liblzma5_5.2.4-1+b1 libmagic-mgc_1:5.38-4 libmagic1_1:5.38-4 libmount1_2.34-0.1 libmpc3_1.1.0-1 libmpfr6_4.0.2-1 libmtdev1_1.1.5-1.1 libncursesw6_6.2-1 libnettle7_3.5.1+really3.5.1-2 libobjc-9-dev_9.3.0-11 libobjc4_10-20200502-1 libomp-10-dev_1:10.0.0-4 libomp5-10_1:10.0.0-4 libp11-kit0_0.23.20-1 libpam-modules_1.3.1-5 libpam-modules-bin_1.3.1-5 libpam-runtime_1.3.1-5 libpam0g_1.3.1-5 libpciaccess0_0.14-1 libpcre2-16-0_10.34-7 libpcre2-8-0_10.34-7 libpcre3_2:8.39-12+b1 libperl5.30_5.30.0-10 libpipeline1_1.5.2-2 libpng16-16_1.6.37-2 libpthread-stubs0-dev_0.4-1 libqt5concurrent5_5.12.5+dfsg-10 libqt5core5a_5.12.5+dfsg-10 libqt5dbus5_5.12.5+dfsg-10 libqt5gui5_5.12.5+dfsg-10 libqt5network5_5.12.5+dfsg-10 libqt5printsupport5_5.12.5+dfsg-10 libqt5sql5_5.12.5+dfsg-10 libqt5sql5-sqlite_5.12.5+dfsg-10 libqt5test5_5.12.5+dfsg-10 libqt5widgets5_5.12.5+dfsg-10 libqt5xml5_5.12.5+dfsg-10 libquadmath0_10-20200502-1 libseccomp2_2.4.3-1+b1 libselinux1_3.0-1+b3 libsemanage-common_3.0-1 libsemanage1_3.0-1+b3 libsensors-config_1:3.6.0-2 libsensors5_1:3.6.0-2 libsepol1_3.0-1 libsigsegv2_2.12-2 libsm6_2:1.2.3-1 libsmartcols1_2.34-0.1 libsqlite3-0_3.31.1-5 libss2_1.45.6-1 libssl1.1_1.1.1g-1 libstdc++-9-dev_9.3.0-11 libstdc++6_10-20200502-1 libsub-override-perl_0.09-2 libsystemd0_245.5-2 libtasn1-6_4.16.0-2 libtinfo6_6.2-1 libtool_2.4.6-14 libtsan0_10-20200502-1 libubsan1_10-20200502-1 libuchardet0_0.0.6-3 libudev1_245.5-2 libunistring2_0.9.10-2 libuuid1_2.34-0.1 libvulkan-dev_1.2.135.0-2 libvulkan1_1.2.135.0-2 libwacom-common_1.3-2 libwacom2_1.3-2 libwayland-client0_1.18.0-1 libwayland-server0_1.18.0-1 libx11-6_2:1.6.9-2 libx11-data_2:1.6.9-2 libx11-dev_2:1.6.9-2 libx11-xcb1_2:1.6.9-2 libxapian30_1.4.15-1 libxau-dev_1:1.0.8-1+b2 libxau6_1:1.0.8-1+b2 libxcb-dri2-0_1.14-2 libxcb-dri3-0_1.14-2 libxcb-glx0_1.14-2 libxcb-icccm4_0.4.1-1.1 libxcb-image0_0.4.0-1+b2 libxcb-keysyms1_0.4.0-1+b2 libxcb-present0_1.14-2 libxcb-randr0_1.14-2 libxcb-render-util0_0.3.9-1+b1 libxcb-render0_1.14-2 libxcb-shape0_1.14-2 libxcb-shm0_1.14-2 libxcb-sync1_1.14-2 libxcb-util0_0.3.8-3+b2 libxcb-xfixes0_1.14-2 libxcb-xinerama0_1.14-2 libxcb-xinput0_1.14-2 libxcb-xkb1_1.14-2 libxcb1_1.14-2 libxcb1-dev_1.14-2 libxdamage1_1:1.1.5-2 libxdmcp-dev_1:1.1.2-3 libxdmcp6_1:1.1.2-3 libxext-dev_2:1.3.3-1+b2 libxext6_2:1.3.3-1+b2 libxfixes3_1:5.0.3-2 libxkbcommon-x11-0_0.10.0-1 libxkbcommon0_0.10.0-1 libxml2_2.9.10+dfsg-5 libxrender1_1:0.9.10-1 libxshmfence1_1.3-1 libxxf86vm1_1:1.1.4-1+b2 libz3-4_4.8.7-4 libzstd1_1.4.4+dfsg-3 linux-libc-dev_5.6.7-1 login_1:4.8.1-1 logsave_1.45.6-1 lsb-base_11.1.0 m4_1.4.18-4 make_4.2.1-1.3 man-db_2.9.1-1 mawk_1.3.4.20200120-2 mount_2.34-0.1 ncurses-base_6.2-1 ncurses-bin_6.2-1 passwd_1:4.8.1-1 patch_2.7.6-6 perl_5.30.0-10 perl-base_5.30.0-10 perl-modules-5.30_5.30.0-10 po-debconf_1.0.21 qt5-qmake_5.12.5+dfsg-10 qt5-qmake-bin_5.12.5+dfsg-10 qtbase5-dev_5.12.5+dfsg-10 qtbase5-dev-tools_5.12.5+dfsg-10 qtchooser_66-2 sbuild-build-depends-main-dummy_0.invalid.0 sed_4.7-1 sensible-utils_0.0.12+nmu1 sysvinit-utils_2.96-3 tar_1.30+dfsg-7 tzdata_2020a-1 ucf_3.0038+nmu1 util-linux_2.34-0.1 x11-common_1:7.7+20 x11proto-core-dev_2020.1-1 x11proto-dev_2020.1-1 x11proto-xext-dev_2020.1-1 xkb-data_2.29-2 xorg-sgml-doctools_1:1.11-1 xtrans-dev_1.4.0-1 xz-utils_5.2.4-1+b1 zlib1g_1:1.2.11.dfsg-2

+------------------------------------------------------------------------------+
| Build                                                                        |
+------------------------------------------------------------------------------+


Unpack source
-------------

-----BEGIN PGP SIGNED MESSAGE-----
Hash: SHA512

Format: 3.0 (quilt)
Source: qdjango
Binary: libqdjango-db0, libqdjango-http0, libqdjango-dbg, libqdjango-dev, libqdjango-doc
Architecture: any all
Version: 0.6.2-3
Maintainer: Jeremy Lain <jeremy.laine@m4x.org>
Homepage: https://github.com/jlaine/qdjango
Standards-Version: 4.2.1
Vcs-Browser: https://salsa.debian.org/debian/qdjango
Vcs-Git: https://salsa.debian.org/debian/qdjango.git
Build-Depends: debhelper (>= 9), qtbase5-dev, libqt5sql5-sqlite
Build-Depends-Indep: doxygen
Package-List:
 libqdjango-db0 deb libs optional arch=any
 libqdjango-dbg deb debug optional arch=any
 libqdjango-dev deb libdevel optional arch=any
 libqdjango-doc deb doc optional arch=all
 libqdjango-http0 deb libs optional arch=any
Checksums-Sha1:
 6e38c68a80a9706d2cb68398146ec672a9bbeb3d 98685 qdjango_0.6.2.orig.tar.gz
 c3bfd5ddb2d29f59d48bdce9b14431536233965c 3548 qdjango_0.6.2-3.debian.tar.xz
Checksums-Sha256:
 a78630d677255ea144c0db2b89dba1c96c99c281f66968e2879a9c2ffee89bc7 98685 qdjango_0.6.2.orig.tar.gz
 052c8902b7a6077d267eb32eca7fe5180913f3591adb8090776a7cd71a492f4c 3548 qdjango_0.6.2-3.debian.tar.xz
Files:
 8afe03390c969759e0007429f19d0de9 98685 qdjango_0.6.2.orig.tar.gz
 737ea3f2531c44c85731904c2cf503c3 3548 qdjango_0.6.2-3.debian.tar.xz

-----BEGIN PGP SIGNATURE-----

iQJJBAEBCgAzFiEEyIRc+eg/UBFNB6Jk0s9kkhrOJocFAluT++4VHGplcmVteS5s
YWluZUBtNHgub3JnAAoJENLPZJIaziaHImMP/RhR+k7yqrY9NAWoFdxTbwO5EEBx
umW0qy7Gtk+nAaCuMRf/aALBuOj+DibYgKET9SWSnGADpBmvJv3Jls6EkmWGv3Yk
7h8ypav+Lr/A4NZoeyZpWOJ6uiUUMOiJQOEbjVLyS3tnCWvh6kLjq49IlCtNpZ4A
MdAkYLUwjuSwkQHNVVZW8DNavn9gQoV5xjlURsLBzIcNulcy5mIbXY6WCC1I27gP
zvnhHdusN+o1NNiJoGsgOVZjpLlzNsoRUqkyzmFL7i8QGLjboxibY5OijRcf9Z95
TDjsmLezh47RYDXUdyFE9EPoqixbQHmujLiHxwsVt5osACo7aXmnsLqeMqt1x9SY
uFynR6gVn05U6duUrYuSqzFZSH6GXKOuAuZz5rKeriIatoT8T+ntbSeoXiOSBEYg
D9WhvdwZssPil32OA+iPIT+odm2TJZsTHOo7voYEkkENMBz0s4xVLkDIevisjRGN
D5a+5vR253FYTS9dBk8yaFWXl+xL7pAZuf3BisZhbfbp9kqfeUdaFcCbDbApH49L
aMlx597TIjxIqRmbGVDuVIQJe8btUqPOndFvGlFHgwfOUwULY3e5U7NWPsQm5muP
6L6KhjcrB2gUefq5Cmoj2mENObMTE6Mlj5sqJv8oGAhy+OZbrzxRQ9101twfId69
rp30IkXeY8wF/99u
=q+pJ
-----END PGP SIGNATURE-----

gpgv: unknown type of key resource 'trustedkeys.kbx'
gpgv: keyblock resource '/sbuild-nonexistent/.gnupg/trustedkeys.kbx': General error
gpgv: Signature made Sat Sep  8 16:42:22 2018 UTC
gpgv:                using RSA key C8845CF9E83F50114D07A264D2CF64921ACE2687
gpgv:                issuer "jeremy.laine@m4x.org"
gpgv: Can't check signature: No public key
dpkg-source: warning: failed to verify signature on ./qdjango_0.6.2-3.dsc
dpkg-source: info: extracting qdjango in /<<PKGBUILDDIR>>
dpkg-source: info: unpacking qdjango_0.6.2.orig.tar.gz
dpkg-source: info: unpacking qdjango_0.6.2-3.debian.tar.xz
dpkg-source: info: using patch list from debian/patches/series
dpkg-source: info: applying disable_hash_tests.patch
dpkg-source: info: applying fix_gcc6_ftbfs.patch

Check disk space
----------------

Sufficient free space for build

User Environment
----------------

APT_CONFIG=/var/lib/sbuild/apt.conf
HOME=/sbuild-nonexistent
LANG=C.UTF-8
LC_ALL=C.UTF-8
LOGNAME=user42
PATH=/usr/local/sbin:/usr/local/bin:/usr/sbin:/usr/bin:/sbin:/bin:/usr/games
SCHROOT_ALIAS_NAME=unstable
SCHROOT_CHROOT_NAME=sid-amd64-sbuild
SCHROOT_COMMAND=env
SCHROOT_GID=1001
SCHROOT_GROUP=user42
SCHROOT_SESSION_ID=sid-amd64-sbuild-30aeae24-8faa-4f8c-a8b5-2134a871d781
SCHROOT_UID=1001
SCHROOT_USER=user42
SHELL=/bin/sh
USER=user42

dpkg-buildpackage
-----------------

Command: dpkg-buildpackage -us -uc -b -rfakeroot
dpkg-buildpackage: info: source package qdjango
dpkg-buildpackage: info: source version 0.6.2-3
dpkg-buildpackage: info: source distribution unstable
dpkg-buildpackage: info: source changed by Jeremy Lain <jeremy.laine@m4x.org>
 dpkg-source --before-build .
dpkg-buildpackage: info: host architecture amd64
 fakeroot debian/rules clean
dh clean
dh: warning: Compatibility levels before 10 are deprecated (level 9 in use)
   dh_auto_clean
dh_auto_clean: warning: Compatibility levels before 10 are deprecated (level 9 in use)
   dh_clean
dh_clean: warning: Compatibility levels before 10 are deprecated (level 9 in use)
 debian/rules build
dh build
dh: warning: Compatibility levels before 10 are deprecated (level 9 in use)
   dh_update_autotools_config
   debian/rules override_dh_auto_configure
make[1]: Entering directory '/<<PKGBUILDDIR>>'
dh_auto_configure -- LIBDIR=lib/x86_64-linux-gnu
dh_auto_configure: warning: Compatibility levels before 10 are deprecated (level 9 in use)
	qmake -makefile "QMAKE_CFLAGS_RELEASE=-g -O2 -fdebug-prefix-map=/<<PKGBUILDDIR>>=. -fstack-protector-strong -Wformat -Werror=format-security -Wdate-time -D_FORTIFY_SOURCE=2" "QMAKE_CFLAGS_DEBUG=-g -O2 -fdebug-prefix-map=/<<PKGBUILDDIR>>=. -fstack-protector-strong -Wformat -Werror=format-security -Wdate-time -D_FORTIFY_SOURCE=2" "QMAKE_CXXFLAGS_RELEASE=-g -O2 -fdebug-prefix-map=/<<PKGBUILDDIR>>=. -fstack-protector-strong -Wformat -Werror=format-security -Wdate-time -D_FORTIFY_SOURCE=2" "QMAKE_CXXFLAGS_DEBUG=-g -O2 -fdebug-prefix-map=/<<PKGBUILDDIR>>=. -fstack-protector-strong -Wformat -Werror=format-security -Wdate-time -D_FORTIFY_SOURCE=2" QMAKE_LFLAGS_RELEASE=-Wl,-z,relro QMAKE_LFLAGS_DEBUG=-Wl,-z,relro QMAKE_STRIP=: PREFIX=/usr LIBDIR=lib/x86_64-linux-gnu
Info: creating stash file /<<PKGBUILDDIR>>/.qmake.stash
make[1]: Leaving directory '/<<PKGBUILDDIR>>'
   debian/rules override_dh_auto_build-indep
make[1]: Entering directory '/<<PKGBUILDDIR>>'
make docs
make[2]: Entering directory '/<<PKGBUILDDIR>>'
Makefile:364: warning: overriding recipe for target 'dist'
Makefile:322: warning: ignoring old recipe for target 'dist'
cd doc/ && doxygen
warning: Tag 'SYMBOL_CACHE_SIZE' at line 289 of file 'Doxyfile' has become obsolete.
         To avoid this warning please remove this line from your configuration file or upgrade it using "doxygen -u"
warning: Tag 'SHOW_DIRECTORIES' at line 483 of file 'Doxyfile' has become obsolete.
         To avoid this warning please remove this line from your configuration file or upgrade it using "doxygen -u"
warning: Tag 'HTML_ALIGN_MEMBERS' at line 815 of file 'Doxyfile' has become obsolete.
         To avoid this warning please remove this line from your configuration file or upgrade it using "doxygen -u"
warning: Tag 'USE_INLINE_TREES' at line 984 of file 'Doxyfile' has become obsolete.
         To avoid this warning please remove this line from your configuration file or upgrade it using "doxygen -u"
warning: Tag 'XML_SCHEMA' at line 1186 of file 'Doxyfile' has become obsolete.
         To avoid this warning please remove this line from your configuration file or upgrade it using "doxygen -u"
warning: Tag 'XML_DTD' at line 1192 of file 'Doxyfile' has become obsolete.
         To avoid this warning please remove this line from your configuration file or upgrade it using "doxygen -u"
warning: Tag 'PERL_PATH' at line 1357 of file 'Doxyfile' has become obsolete.
         To avoid this warning please remove this line from your configuration file or upgrade it using "doxygen -u"
warning: Tag 'MSCGEN_PATH' at line 1379 of file 'Doxyfile' has become obsolete.
         To avoid this warning please remove this line from your configuration file or upgrade it using "doxygen -u"
warning: doxygen no longer ships with the FreeSans font.
You may want to clear or change DOT_FONTNAME.
Otherwise you run the risk that the wrong font is being used for dot generated graphs.
/<<PKGBUILDDIR>>/doc/database.doc:18: warning: missing title after \defgroup Database
/<<PKGBUILDDIR>>/doc/http.doc:18: warning: missing title after \defgroup Http
Searching for include files...
Searching for example files...
Searching for images...
Searching for dot files...
Searching for msc files...
Searching for dia files...
Searching for files to exclude
Searching INPUT for files to process...
Searching for files in directory /<<PKGBUILDDIR>>/src/db
Searching for files in directory /<<PKGBUILDDIR>>/src/http
Reading and parsing tag files
Parsing files
Preprocessing /<<PKGBUILDDIR>>/doc/database.doc...
Parsing file /<<PKGBUILDDIR>>/doc/database.doc...
Preprocessing /<<PKGBUILDDIR>>/doc/http.doc...
Parsing file /<<PKGBUILDDIR>>/doc/http.doc...
Preprocessing /<<PKGBUILDDIR>>/doc/index.doc...
Parsing file /<<PKGBUILDDIR>>/doc/index.doc...
Preprocessing /<<PKGBUILDDIR>>/doc/models.doc...
Parsing file /<<PKGBUILDDIR>>/doc/models.doc...
Preprocessing /<<PKGBUILDDIR>>/doc/queries.doc...
Parsing file /<<PKGBUILDDIR>>/doc/queries.doc...
Preprocessing /<<PKGBUILDDIR>>/src/db/QDjango.cpp...
Parsing file /<<PKGBUILDDIR>>/src/db/QDjango.cpp...
Preprocessing /<<PKGBUILDDIR>>/src/db/QDjango.h...
Parsing file /<<PKGBUILDDIR>>/src/db/QDjango.h...
Preprocessing /<<PKGBUILDDIR>>/src/db/QDjangoMetaModel.cpp...
Parsing file /<<PKGBUILDDIR>>/src/db/QDjangoMetaModel.cpp...
Preprocessing /<<PKGBUILDDIR>>/src/db/QDjangoMetaModel.h...
Parsing file /<<PKGBUILDDIR>>/src/db/QDjangoMetaModel.h...
Preprocessing /<<PKGBUILDDIR>>/src/db/QDjangoModel.cpp...
Parsing file /<<PKGBUILDDIR>>/src/db/QDjangoModel.cpp...
Preprocessing /<<PKGBUILDDIR>>/src/db/QDjangoModel.h...
Parsing file /<<PKGBUILDDIR>>/src/db/QDjangoModel.h...
Preprocessing /<<PKGBUILDDIR>>/src/db/QDjangoQuerySet.cpp...
Parsing file /<<PKGBUILDDIR>>/src/db/QDjangoQuerySet.cpp...
Preprocessing /<<PKGBUILDDIR>>/src/db/QDjangoQuerySet.h...
Parsing file /<<PKGBUILDDIR>>/src/db/QDjangoQuerySet.h...
Preprocessing /<<PKGBUILDDIR>>/src/db/QDjangoWhere.cpp...
Parsing file /<<PKGBUILDDIR>>/src/db/QDjangoWhere.cpp...
Preprocessing /<<PKGBUILDDIR>>/src/db/QDjangoWhere.h...
Parsing file /<<PKGBUILDDIR>>/src/db/QDjangoWhere.h...
Preprocessing /<<PKGBUILDDIR>>/src/http/QDjangoFastCgiServer.cpp...
Parsing file /<<PKGBUILDDIR>>/src/http/QDjangoFastCgiServer.cpp...
Preprocessing /<<PKGBUILDDIR>>/src/http/QDjangoFastCgiServer.h...
Parsing file /<<PKGBUILDDIR>>/src/http/QDjangoFastCgiServer.h...
Preprocessing /<<PKGBUILDDIR>>/src/http/QDjangoHttpController.cpp...
Parsing file /<<PKGBUILDDIR>>/src/http/QDjangoHttpController.cpp...
Preprocessing /<<PKGBUILDDIR>>/src/http/QDjangoHttpController.h...
Parsing file /<<PKGBUILDDIR>>/src/http/QDjangoHttpController.h...
Preprocessing /<<PKGBUILDDIR>>/src/http/QDjangoHttpRequest.cpp...
Parsing file /<<PKGBUILDDIR>>/src/http/QDjangoHttpRequest.cpp...
Preprocessing /<<PKGBUILDDIR>>/src/http/QDjangoHttpRequest.h...
Parsing file /<<PKGBUILDDIR>>/src/http/QDjangoHttpRequest.h...
Preprocessing /<<PKGBUILDDIR>>/src/http/QDjangoHttpResponse.cpp...
Parsing file /<<PKGBUILDDIR>>/src/http/QDjangoHttpResponse.cpp...
Preprocessing /<<PKGBUILDDIR>>/src/http/QDjangoHttpResponse.h...
Parsing file /<<PKGBUILDDIR>>/src/http/QDjangoHttpResponse.h...
Preprocessing /<<PKGBUILDDIR>>/src/http/QDjangoHttpServer.cpp...
Parsing file /build/qdj/<<PKGBUILDDIR>>/src/db/QDjango.cpp:324: warning: documented symbol 'QDjangoDatabase::DatabaseType QDjangoDatabase::databaseType' was not declared or defined.
/<<PKGBUILDDIR>>/src/db/QDjangoWhere.cpp:415: warning: documented symbol 'QString QDjangoWherePrivate::operationToString' was not declared or defined.
/<<PKGBUILDDIR>>/src/http/QDjangoFastCgiServer.cpp:37: warning: documented symbol 'quint16 QDjangoFastCgiHeader::contentLength' was not declared or defined.
/<<PKGBUILDDIR>>/src/http/QDjangoFastCgiServer.cpp:42: warning: documented symbol 'quint16 QDjangoFastCgiHeader::requestId' was not declared or defined.
/<<PKGBUILDDIR>>/src/http/QDjangoFastCgiServer.cpp:47: warning: documented symbol 'void QDjangoFastCgiHeader::setContentLength' was not declared or defined.
/<<PKGBUILDDIR>>/src/http/QDjangoFastCgiServer.cpp:53: warning: documented symbol 'void QDjangoFastCgiHeader::setRequestId' was not declared or defined.
/<<PKGBUILDDIR>>/src/http/QDjangoHttpRequest.cpp:104: warning: no matching class member found for 
  QDjangoHttpTestRequest::QDjangoHttpTestRequest(const QString &method, const QString &path)

/<<PKGBUILDDIR>>/src/db/QDjangoMetaModel.h:85: warning: Member className() const (function) of class QDjangoMetaModel is not documented.
/<<PKGBUILDDIR>>/src/db/QDjangoModel.h:87: warning: Member pk() const (function) of class QDjangoModel is not documented.
/<<PKGBUILDDIR>>/src/db/QDjangoWhere.h:78: warning: Member toString() const (function) of class QDjangoWhere is not documented.
ango-LxYP3Q/qdjango-0.6.2/src/http/QDjangoHttpServer.cpp...
Preprocessing /<<PKGBUILDDIR>>/src/http/QDjangoHttpServer.h...
Parsing file /<<PKGBUILDDIR>>/src/http/QDjangoHttpServer.h...
Preprocessing /<<PKGBUILDDIR>>/src/http/QDjangoUrlResolver.cpp...
Parsing file /<<PKGBUILDDIR>>/src/http/QDjangoUrlResolver.cpp...
Preprocessing /<<PKGBUILDDIR>>/src/http/QDjangoUrlResolver.h...
Parsing file /<<PKGBUILDDIR>>/src/http/QDjangoUrlResolver.h...
Building group list...
Building directory list...
Building namespace list...
Building file list...
Building class list...
Computing nesting relations for classes...
Associating documentation with classes...
Building example list...
Searching for enumerations...
Searching for documented typedefs...
Searching for members imported via using declarations...
Searching for included using directives...
Searching for documented variables...
Building interface member list...
Building member list...
Searching for friends...
Searching for documented defines...
Computing class inheritance relations...
Computing class usage relations...
Flushing cached template relations that have become invalid...
Computing class relations...
Add enum values to enums...
Searching for member function documentation...
Creating members for template instances...
Building page list...
Search for main page...
Computing page relations...
Determining the scope of groups...
Sorting lists...
Determining which enums are documented
Computing member relations...
Building full member lists recursively...
Adding members to member groups.
Computing member references...
Inheriting documentation...
Generating disk names...
Adding source references...
Adding xrefitems...
Sorting member lists...
Setting anonymous enum type...
Computing dependencies between directories...
Generating citations page...
Counting members...
Counting data structures...
Resolving user defined references...
Finding anchors and sections in the documentation...
Transferring function references...
Combining using relations...
Adding members to index pages...
Correcting members for VHDL...
Generating style sheet...
Generating search indices...
Generating example documentation...
Generating file sources...
Generating code for file QDjango.h...
Generating code for file QDjangoFastCgiServer.h...
Generating code for file QDjangoHttpController.h...
Generating code for file QDjangoHttpRequest.h...
Generating code for file QDjangoHttpResponse.h...
Generating code for file QDjangoHttpServer.h...
Generating code for file QDjangoMetaModel.h...
Generating code for file QDjangoModel.h...
Generating code for file QDjangoQuerySet.h...
Generating code for file QDjangoUrlResolver.h...
Generating code for file QDjangoWhere.h...
Generating file documentation...
Generating page documentation...
Generating docs for page database...
Generating docs for page models...
Generating docs for page queries...
Generating group documentation...
Generating class documentation...
Generating docs for compound QDjango...
Generating docs for compound QDjangoFastCgiServer...
Generating docs for compound QDjangoHttpController...
Generating docs for compound QDjangoHttpRequest...
Generating docs for compound QDjangoHttpResponse...
Generating docs for compound QDjangoHttpServer...
Generating docs for compound QDjangoMetaField...
Generating docs for compound QDjangoMetaModel...
Generating docs for compound QDjangoModel...
Generating docs for compound QDjangoQuerySet...
Generating docs for nested compound QDjangoQuerySet::const_iterator...
Generating docs for compound QDjangoUrlResolver...
Generating docs for compound QDjangoWhere...
Generating namespace index...
Generating graph info page...
Generating directory documentation...
Generating index page...
Generating page index...
Generating module index...
Generating namespace index...
Generating namespace member index...
Generating annotated compound index...
Generating alphabetical compound index...
Generating hierarchical class index...
Generating member index...
Generating file index...
Generating file member index...
Generating example index...
finalizing index lists...
writing tag file...
Running plantuml with JAVA...
lookup cache used 335/65536 hits=2102 misses=344
finished...
make[2]: Leaving directory '/<<PKGBUILDDIR>>'
make[1]: Leaving directory '/<<PKGBUILDDIR>>'
   dh_auto_build -Nlibqdjango-doc
dh_auto_build: warning: Compatibility levels before 10 are deprecated (level 9 in use)
	make -j1
make[1]: Entering directory '/<<PKGBUILDDIR>>'
Makefile:364: warning: overriding recipe for target 'dist'
Makefile:322: warning: ignoring old recipe for target 'dist'
cd src/ && ( test -e Makefile || /usr/lib/qt5/bin/qmake -o Makefile /<<PKGBUILDDIR>>/src/src.pro 'QMAKE_CFLAGS_RELEASE=-g -O2 -fdebug-prefix-map=/<<PKGBUILDDIR>>=. -fstack-protector-strong -Wformat -Werror=format-security -Wdate-time -D_FORTIFY_SOURCE=2' 'QMAKE_CFLAGS_DEBUG=-g -O2 -fdebug-prefix-map=/<<PKGBUILDDIR>>=. -fstack-protector-strong -Wformat -Werror=format-security -Wdate-time -D_FORTIFY_SOURCE=2' 'QMAKE_CXXFLAGS_RELEASE=-g -O2 -fdebug-prefix-map=/<<PKGBUILDDIR>>=. -fstack-protector-strong -Wformat -Werror=format-security -Wdate-time -D_FORTIFY_SOURCE=2' 'QMAKE_CXXFLAGS_DEBUG=-g -O2 -fdebug-prefix-map=/<<PKGBUILDDIR>>=. -fstack-protector-strong -Wformat -Werror=format-security -Wdate-time -D_FORTIFY_SOURCE=2' QMAKE_LFLAGS_RELEASE=-Wl,-z,relro QMAKE_LFLAGS_DEBUG=-Wl,-z,relro QMAKE_STRIP=: PREFIX=/usr LIBDIR=lib/x86_64-linux-gnu ) && make -f Makefile 
make[2]: Entering directory '/<<PKGBUILDDIR>>/src'
cd db/ && ( test -e Makefile || /usr/lib/qt5/bin/qmake -o Makefile /<<PKGBUILDDIR>>/src/db/db.pro 'QMAKE_CFLAGS_RELEASE=-g -O2 -fdebug-prefix-map=/<<PKGBUILDDIR>>=. -fstack-protector-strong -Wformat -Werror=format-security -Wdate-time -D_FORTIFY_SOURCE=2' 'QMAKE_CFLAGS_DEBUG=-g -O2 -fdebug-prefix-map=/<<PKGBUILDDIR>>=. -fstack-protector-strong -Wformat -Werror=format-security -Wdate-time -D_FORTIFY_SOURCE=2' 'QMAKE_CXXFLAGS_RELEASE=-g -O2 -fdebug-prefix-map=/<<PKGBUILDDIR>>=. -fstack-protector-strong -Wformat -Werror=format-security -Wdate-time -D_FORTIFY_SOURCE=2' 'QMAKE_CXXFLAGS_DEBUG=-g -O2 -fdebug-prefix-map=/<<PKGBUILDDIR>>=. -fstack-protector-strong -Wformat -Werror=format-security -Wdate-time -D_FORTIFY_SOURCE=2' QMAKE_LFLAGS_RELEASE=-Wl,-z,relro QMAKE_LFLAGS_DEBUG=-Wl,-z,relro QMAKE_STRIP=: PREFIX=/usr LIBDIR=lib/x86_64-linux-gnu ) && make -f Makefile 
make[3]: Entering directory '/<<PKGBUILDDIR>>/src/db'
clang++ -c -pipe -g -O2 -fdebug-prefix-map=/<<PKGBUILDDIR>>=. -fstack-protector-strong -Wformat -Werror=format-security -Wdate-time -D_FORTIFY_SOURCE=2 -Wall -W -D_REENTRANT -fPIC -DQDJANGO_SHARED -DQDJANGO_DB_BUILD -DQT_NO_DEBUG -DQT_SQL_LIB -DQT_CORE_LIB -I. -isystem /usr/include/x86_64-linux-gnu/qt5 -isystem /usr/include/x86_64-linux-gnu/qt5/QtSql -isystem /usr/include/x86_64-linux-gnu/qt5/QtCore -I. -I/usr/lib/x86_64-linux-gnu/qt5/mkspecs/linux-g++ -o QDjango.o QDjango.cpp
clang++ -c -pipe -g -O2 -fdebug-prefix-map=/<<PKGBUILDDIR>>=. -fstack-protector-strong -Wformat -Werror=format-security -Wdate-time -D_FORTIFY_SOURCE=2 -Wall -W -D_REENTRANT -fPIC -DQDJANGO_SHARED -DQDJANGO_DB_BUILD -DQT_NO_DEBUG -DQT_SQL_LIB -DQT_CORE_LIB -I. -isystem /usr/include/x86_64-linux-gnu/qt5 -isystem /usr/include/x86_64-linux-gnu/qt5/QtSql -isystem /usr/include/x86_64-linux-gnu/qt5/QtCore -I. -I/usr/lib/x86_64-linux-gnu/qt5/mkspecs/linux-g++ -o QDjangoMetaModel.o QDjangoMetaModel.cpp
clang++ -c -pipe -g -O2 -fdebug-prefix-map=/<<PKGBUILDDIR>>=. -fstack-protector-strong -Wformat -Werror=format-security -Wdate-time -D_FORTIFY_SOURCE=2 -Wall -W -D_REENTRANT -fPIC -DQDJANGO_SHARED -DQDJANGO_DB_BUILD -DQT_NO_DEBUG -DQT_SQL_LIB -DQT_CORE_LIB -I. -isystem /usr/include/x86_64-linux-gnu/qt5 -isystem /usr/include/x86_64-linux-gnu/qt5/QtSql -isystem /usr/include/x86_64-linux-gnu/qt5/QtCore -I. -I/usr/lib/x86_64-linux-gnu/qt5/mkspecs/linux-g++ -o QDjangoModel.o QDjangoModel.cpp
clang++ -c -pipe -g -O2 -fdebug-prefix-map=/<<PKGBUILDDIR>>=. -fstack-protector-strong -Wformat -Werror=format-security -Wdate-time -D_FORTIFY_SOURCE=2 -Wall -W -D_REENTRANT -fPIC -DQDJANGO_SHARED -DQDJANGO_DB_BUILD -DQT_NO_DEBUG -DQT_SQL_LIB -DQT_CORE_LIB -I. -isystem /usr/include/x86_64-linux-gnu/qt5 -isystem /usr/include/x86_64-linux-gnu/qt5/QtSql -isystem /usr/include/x86_64-linux-gnu/qt5/QtCore -I. -I/usr/lib/x86_64-linux-gnu/qt5/mkspecs/linux-g++ -o QDjangoQuerySet.o QDjangoQuerySet.cpp
clang++ -c -pipe -g -O2 -fdebug-prefix-map=/<<PKGBUILDDIR>>=. -fstack-protector-strong -Wformat -Werror=format-security -Wdate-time -D_FORTIFY_SOURCE=2 -Wall -W -D_REENTRANT -fPIC -DQDJANGO_SHARED -DQDJANGO_DB_BUILD -DQT_NO_DEBUG -DQT_SQL_LIB -DQT_CORE_LIB -I. -isystem /usr/include/x86_64-linux-gnu/qt5 -isystem /usr/include/x86_64-linux-gnu/qt5/QtSql -isystem /usr/include/x86_64-linux-gnu/qt5/QtCore -I. -I/usr/lib/x86_64-linux-gnu/qt5/mkspecs/linux-g++ -o QDjangoWhere.o QDjangoWhere.cpp
clang++ -pipe -g -O2 -fdebug-prefix-map=/<<PKGBUILDDIR>>=. -fstack-protector-strong -Wformat -Werror=format-security -Wdate-time -D_FORTIFY_SOURCE=2 -Wall -W -dM -E -o moc_predefs.h /usr/lib/x86_64-linux-gnu/qt5/mkspecs/features/data/dummy.cpp
/usr/lib/qt5/bin/moc -DQDJANGO_SHARED -DQDJANGO_DB_BUILD -DQT_NO_DEBUG -DQT_SQL_LIB -DQT_CORE_LIB --include /<<PKGBUILDDIR>>/src/db/moc_predefs.h -I/usr/lib/x86_64-linux-gnu/qt5/mkspecs/linux-g++ -I/<<PKGBUILDDIR>>/src/db -I/usr/include/x86_64-linux-gnu/qt5 -I/usr/include/x86_64-linux-gnu/qt5/QtSql -I/usr/include/x86_64-linux-gnu/qt5/QtCore -I/usr/include/c++/9 -I/usr/include/x86_64-linux-gnu/c++/9 -I/usr/include/c++/9/backward -I/usr/local/include -I/usr/lib/llvm-10/lib/clang/10.0.0/include -I/usr/include/x86_64-linux-gnu -I/usr/include QDjango_p.h -o moc_QDjango_p.cpp
clang++ -c -pipe -g -O2 -fdebug-prefix-map=/<<PKGBUILDDIR>>=. -fstack-protector-strong -Wformat -Werror=format-security -Wdate-time -D_FORTIFY_SOURCE=2 -Wall -W -D_REENTRANT -fPIC -DQDJANGO_SHARED -DQDJANGO_DB_BUILD -DQT_NO_DEBUG -DQT_SQL_LIB -DQT_CORE_LIB -I. -isystem /usr/include/x86_64-linux-gnu/qt5 -isystem /usr/include/x86_64-linux-gnu/qt5/QtSql -isystem /usr/include/x86_64-linux-gnu/qt5/QtCore -I. -I/usr/lib/x86_64-linux-gnu/qt5/mkspecs/linux-g++ -o moc_QDjango_p.o moc_QDjango_p.cpp
/usr/lib/qt5/bin/moc -DQDJANGO_SHARED -DQDJANGO_DB_BUILD -DQT_NO_DEBUG -DQT_SQL_LIB -DQT_CORE_LIB --include /<<PKGBUILDDIR>>/src/db/moc_predefs.h -I/usr/lib/x86_64-linux-gnu/qt5/mkspecs/linux-g++ -I/<<PKGBUILDDIR>>/src/db -I/usr/include/x86_64-linux-gnu/qt5 -I/usr/include/x86_64-linux-gnu/qt5/QtSql -I/usr/include/x86_64-linux-gnu/qt5/QtCore -I/usr/include/c++/9 -I/usr/include/x86_64-linux-gnu/c++/9 -I/usr/include/c++/9/backward -I/usr/local/include -I/usr/lib/llvm-10/lib/clang/10.0.0/include -I/usr/include/x86_64-linux-gnu -I/usr/include QDjangoModel.h -o moc_QDjangoModel.cpp
clang++ -c -pipe -g -O2 -fdebug-prefix-map=/<<PKGBUILDDIR>>=. -fstack-protector-strong -Wformat -Werror=format-security -Wdate-time -D_FORTIFY_SOURCE=2 -Wall -W -D_REENTRANT -fPIC -DQDJANGO_SHARED -DQDJANGO_DB_BUILD -DQT_NO_DEBUG -DQT_SQL_LIB -DQT_CORE_LIB -I. -isystem /usr/include/x86_64-linux-gnu/qt5 -isystem /usr/include/x86_64-linux-gnu/qt5/QtSql -isystem /usr/include/x86_64-linux-gnu/qt5/QtCore -I. -I/usr/lib/x86_64-linux-gnu/qt5/mkspecs/linux-g++ -o moc_QDjangoModel.o moc_QDjangoModel.cpp
rm -f libqdjango-db.so.0.6.2 libqdjango-db.so libqdjango-db.so.0 libqdjango-db.so.0.6
clang++ -ccc-gcc-name g++ -Wl,-z,relro -shared -Wl,-soname,libqdjango-db.so.0 -o libqdjango-db.so.0.6.2 QDjango.o QDjangoMetaModel.o QDjangoModel.o QDjangoQuerySet.o QDjangoWhere.o moc_QDjango_p.o moc_QDjangoModel.o  /usr/lib/x86_64-linux-gnu/libQt5Sql.so /usr/lib/x86_64-linux-gnu/libQt5Core.so -lpthread    
ln -s libqdjango-db.so.0.6.2 libqdjango-db.so
ln -s libqdjango-db.so.0.6.2 libqdjango-db.so.0
ln -s libqdjango-db.so.0.6.2 libqdjango-db.so.0.6
make[3]: Leaving directory '/<<PKGBUILDDIR>>/src/db'
cd http/ && ( test -e Makefile || /usr/lib/qt5/bin/qmake -o Makefile /<<PKGBUILDDIR>>/src/http/http.pro 'QMAKE_CFLAGS_RELEASE=-g -O2 -fdebug-prefix-map=/<<PKGBUILDDIR>>=. -fstack-protector-strong -Wformat -Werror=format-security -Wdate-time -D_FORTIFY_SOURCE=2' 'QMAKE_CFLAGS_DEBUG=-g -O2 -fdebug-prefix-map=/<<PKGBUILDDIR>>=. -fstack-protector-strong -Wformat -Werror=format-security -Wdate-time -D_FORTIFY_SOURCE=2' 'QMAKE_CXXFLAGS_RELEASE=-g -O2 -fdebug-prefix-map=/<<PKGBUILDDIR>>=. -fstack-protector-strong -Wformat -Werror=format-security -Wdate-time -D_FORTIFY_SOURCE=2' 'QMAKE_CXXFLAGS_DEBUG=-g -O2 -fdebug-prefix-map=/<<PKGBUILDDIR>>=. -fstack-protector-strong -Wformat -Werror=format-security -Wdate-time -D_FORTIFY_SOURCE=2' QMAKE_LFLAGS_RELEASE=-Wl,-z,relro QMAKE_LFLAGS_DEBUG=-Wl,-z,relro QMAKE_STRIP=: PREFIX=/usr LIBDIR=lib/x86_64-linux-gnu ) && make -f Makefile 
make[3]: Entering directory '/<<PKGBUILDDIR>>/src/http'
clang++ -c -pipe -g -O2 -fdebug-prefix-map=/<<PKGBUILDDIR>>=. -fstack-protector-strong -Wformat -Werror=format-security -Wdate-time -D_FORTIFY_SOURCE=2 -Wall -W -D_REENTRANT -fPIC -DQDJANGO_SHARED -DQDJANGO_HTTP_BUILD -DQT_NO_DEBUG -DQT_NETWORK_LIB -DQT_CORE_LIB -I. -isystem /usr/include/x86_64-linux-gnu/qt5 -isystem /usr/include/x86_64-linux-gnu/qt5/QtNetwork -isystem /usr/include/x86_64-linux-gnu/qt5/QtCore -I. -I/usr/lib/x86_64-linux-gnu/qt5/mkspecs/linux-g++ -o QDjangoFastCgiServer.o QDjangoFastCgiServer.cpp
clang++ -c -pipe -g -O2 -fdebug-prefix-map=/<<PKGBUILDDIR>>=. -fstack-protector-strong -Wformat -Werror=format-security -Wdate-time -D_FORTIFY_SOURCE=2 -Wall -W -D_REENTRANT -fPIC -DQDJANGO_SHARED -DQDJANGO_HTTP_BUILD -DQT_NO_DEBUG -DQT_NETWORK_LIB -DQT_CORE_LIB -I. -isystem /usr/include/x86_64-linux-gnu/qt5 -isystem /usr/include/x86_64-linux-gnu/qt5/QtNetwork -isystem /usr/include/x86_64-linux-gnu/qt5/QtCore -I. -I/usr/lib/x86_64-linux-gnu/qt5/mkspecs/linux-g++ -o QDjangoHttpController.o QDjangoHttpController.cpp
clang++ -c -pipe -g -O2 -fdebug-prefix-map=/<<PKGBUILDDIR>>=. -fstack-protector-strong -Wformat -Werror=format-security -Wdate-time -D_FORTIFY_SOURCE=2 -Wall -W -D_REENTRANT -fPIC -DQDJANGO_SHARED -DQDJANGO_HTTP_BUILD -DQT_NO_DEBUG -DQT_NETWORK_LIB -DQT_CORE_LIB -I. -isystem /usr/include/x86_64-linux-gnu/qt5 -isystem /usr/include/x86_64-linux-gnu/qt5/QtNetwork -isystem /usr/include/x86_64-linux-gnu/qt5/QtCore -I. -I/usr/lib/x86_64-linux-gnu/qt5/mkspecs/linux-g++ -o QDjangoHttpRequest.o QDjangoHttpRequest.cpp
clang++ -c -pipe -g -O2 -fdebug-prefix-map=/<<PKGBUILDDIR>>=. -fstack-protector-strong -Wformat -Werror=format-security -Wdate-time -D_FORTIFY_SOURCE=2 -Wall -W -D_REENTRANT -fPIC -DQDJANGO_SHARED -DQDJANGO_HTTP_BUILD -DQT_NO_DEBUG -DQT_NETWORK_LIB -DQT_CORE_LIB -I. -isystem /usr/include/x86_64-linux-gnu/qt5 -isystem /usr/include/x86_64-linux-gnu/qt5/QtNetwork -isystem /usr/include/x86_64-linux-gnu/qt5/QtCore -I. -I/usr/lib/x86_64-linux-gnu/qt5/mkspecs/linux-g++ -o QDjangoHttpResponse.o QDjangoHttpResponse.cpp
clang++ -c -pipe -g -O2 -fdebug-prefix-map=/<<PKGBUILDDIR>>=. -fstack-protector-strong -Wformat -Werror=format-security -Wdate-time -D_FORTIFY_SOURCE=2 -Wall -W -D_REENTRANT -fPIC -DQDJANGO_SHARED -DQDJANGO_HTTP_BUILD -DQT_NO_DEBUG -DQT_NETWORK_LIB -DQT_CORE_LIB -I. -isystem /usr/include/x86_64-linux-gnu/qt5 -isystem /usr/include/x86_64-linux-gnu/qt5/QtNetwork -isystem /usr/include/x86_64-linux-gnu/qt5/QtCore -I. -I/usr/lib/x86_64-linux-gnu/qt5/mkspecs/linux-g++ -o QDjangoHttpServer.o QDjangoHttpServer.cpp
clang++ -c -pipe -g -O2 -fdebug-prefix-map=/<<PKGBUILDDIR>>=. -fstack-protector-strong -Wformat -Werror=format-security -Wdate-time -D_FORTIFY_SOURCE=2 -Wall -W -D_REENTRANT -fPIC -DQDJANGO_SHARED -DQDJANGO_HTTP_BUILD -DQT_NO_DEBUG -DQT_NETWORK_LIB -DQT_CORE_LIB -I. -isystem /usr/include/x86_64-linux-gnu/qt5 -isystem /usr/include/x86_64-linux-gnu/qt5/QtNetwork -isystem /usr/include/x86_64-linux-gnu/qt5/QtCore -I. -I/usr/lib/x86_64-linux-gnu/qt5/mkspecs/linux-g++ -o QDjangoUrlResolver.o QDjangoUrlResolver.cpp
clang++ -pipe -g -O2 -fdebug-prefix-map=/<<PKGBUILDDIR>>=. -fstack-protector-strong -Wformat -Werror=format-security -Wdate-time -D_FORTIFY_SOURCE=2 -Wall -W -dM -E -o moc_predefs.h /usr/lib/x86_64-linux-gnu/qt5/mkspecs/features/data/dummy.cpp
/usr/lib/qt5/bin/moc -DQDJANGO_SHARED -DQDJANGO_HTTP_BUILD -DQT_NO_DEBUG -DQT_NETWORK_LIB -DQT_CORE_LIB --include /<<PKGBUILDDIR>>/src/http/moc_predefs.h -I/usr/lib/x86_64-linux-gnu/qt5/mkspecs/linux-g++ -I/<<PKGBUILDDIR>>/src/http -I/usr/include/x86_64-linux-gnu/qt5 -I/usr/include/x86_64-linux-gnu/qt5/QtNetwork -I/usr/include/x86_64-linux-gnu/qt5/QtCore -I/usr/include/c++/9 -I/usr/include/x86_64-linux-gnu/c++/9 -I/usr/include/c++/9/backward -I/usr/local/include -I/usr/lib/llvm-10/lib/clang/10.0.0/include -I/usr/include/x86_64-linux-gnu -I/usr/include QDjangoFastCgiServer.h -o moc_QDjangoFastCgiServer.cpp
clang++ -c -pipe -g -O2 -fdebug-prefix-map=/<<PKGBUILDDIR>>=. -fstack-protector-strong -Wformat -Werror=format-security -Wdate-time -D_FORTIFY_SOURCE=2 -Wall -W -D_REENTRANT -fPIC -DQDJANGO_SHARED -DQDJANGO_HTTP_BUILD -DQT_NO_DEBUG -DQT_NETWORK_LIB -DQT_CORE_LIB -I. -isystem /usr/include/x86_64-linux-gnu/qt5 -isystem /usr/include/x86_64-linux-gnu/qt5/QtNetwork -isystem /usr/include/x86_64-linux-gnu/qt5/QtCore -I. -I/usr/lib/x86_64-linux-gnu/qt5/mkspecs/linux-g++ -o moc_QDjangoFastCgiServer.o moc_QDjangoFastCgiServer.cpp
/usr/lib/qt5/bin/moc -DQDJANGO_SHARED -DQDJANGO_HTTP_BUILD -DQT_NO_DEBUG -DQT_NETWORK_LIB -DQT_CORE_LIB --include /<<PKGBUILDDIR>>/src/http/moc_predefs.h -I/usr/lib/x86_64-linux-gnu/qt5/mkspecs/linux-g++ -I/<<PKGBUILDDIR>>/src/http -I/usr/include/x86_64-linux-gnu/qt5 -I/usr/include/x86_64-linux-gnu/qt5/QtNetwork -I/usr/include/x86_64-linux-gnu/qt5/QtCore -I/usr/include/c++/9 -I/usr/include/x86_64-linux-gnu/c++/9 -I/usr/include/c++/9/backward -I/usr/local/include -I/usr/lib/llvm-10/lib/clang/10.0.0/include -I/usr/include/x86_64-linux-gnu -I/usr/include QDjangoFastCgiServer_p.h -o moc_QDjangoFastCgiServer_p.cpp
clang++ -c -pipe -g -O2 -fdebug-prefix-map=/<<PKGBUILDDIR>>=. -fstack-protector-strong -Wformat -Werror=format-security -Wdate-time -D_FORTIFY_SOURCE=2 -Wall -W -D_REENTRANT -fPIC -DQDJANGO_SHARED -DQDJANGO_HTTP_BUILD -DQT_NO_DEBUG -DQT_NETWORK_LIB -DQT_CORE_LIB -I. -isystem /usr/include/x86_64-linux-gnu/qt5 -isystem /usr/include/x86_64-linux-gnu/qt5/QtNetwork -isystem /usr/include/x86_64-linux-gnu/qt5/QtCore -I. -I/usr/lib/x86_64-linux-gnu/qt5/mkspecs/linux-g++ -o moc_QDjangoFastCgiServer_p.o moc_QDjangoFastCgiServer_p.cpp
/usr/lib/qt5/bin/moc -DQDJANGO_SHARED -DQDJANGO_HTTP_BUILD -DQT_NO_DEBUG -DQT_NETWORK_LIB -DQT_CORE_LIB --include /<<PKGBUILDDIR>>/src/http/moc_predefs.h -I/usr/lib/x86_64-linux-gnu/qt5/mkspecs/linux-g++ -I/<<PKGBUILDDIR>>/src/http -I/usr/include/x86_64-linux-gnu/qt5 -I/usr/include/x86_64-linux-gnu/qt5/QtNetwork -I/usr/include/x86_64-linux-gnu/qt5/QtCore -I/usr/include/c++/9 -I/usr/include/x86_64-linux-gnu/c++/9 -I/usr/include/c++/9/backward -I/usr/local/include -I/usr/lib/llvm-10/lib/clang/10.0.0/include -I/usr/include/x86_64-linux-gnu -I/usr/include QDjangoHttpResponse.h -o moc_QDjangoHttpResponse.cpp
clang++ -c -pipe -g -O2 -fdebug-prefix-map=/<<PKGBUILDDIR>>=. -fstack-protector-strong -Wformat -Werror=format-security -Wdate-time -D_FORTIFY_SOURCE=2 -Wall -W -D_REENTRANT -fPIC -DQDJANGO_SHARED -DQDJANGO_HTTP_BUILD -DQT_NO_DEBUG -DQT_NETWORK_LIB -DQT_CORE_LIB -I. -isystem /usr/include/x86_64-linux-gnu/qt5 -isystem /usr/include/x86_64-linux-gnu/qt5/QtNetwork -isystem /usr/include/x86_64-linux-gnu/qt5/QtCore -I. -I/usr/lib/x86_64-linux-gnu/qt5/mkspecs/linux-g++ -o moc_QDjangoHttpResponse.o moc_QDjangoHttpResponse.cpp
/usr/lib/qt5/bin/moc -DQDJANGO_SHARED -DQDJANGO_HTTP_BUILD -DQT_NO_DEBUG -DQT_NETWORK_LIB -DQT_CORE_LIB --include /<<PKGBUILDDIR>>/src/http/moc_predefs.h -I/usr/lib/x86_64-linux-gnu/qt5/mkspecs/linux-g++ -I/<<PKGBUILDDIR>>/src/http -I/usr/include/x86_64-linux-gnu/qt5 -I/usr/include/x86_64-linux-gnu/qt5/QtNetwork -I/usr/include/x86_64-linux-gnu/qt5/QtCore -I/usr/include/c++/9 -I/usr/include/x86_64-linux-gnu/c++/9 -I/usr/include/c++/9/backward -I/usr/local/include -I/usr/lib/llvm-10/lib/clang/10.0.0/include -I/usr/include/x86_64-linux-gnu -I/usr/include QDjangoHttpServer.h -o moc_QDjangoHttpServer.cpp
clang++ -c -pipe -g -O2 -fdebug-prefix-map=/<<PKGBUILDDIR>>=. -fstack-protector-strong -Wformat -Werror=format-security -Wdate-time -D_FORTIFY_SOURCE=2 -Wall -W -D_REENTRANT -fPIC -DQDJANGO_SHARED -DQDJANGO_HTTP_BUILD -DQT_NO_DEBUG -DQT_NETWORK_LIB -DQT_CORE_LIB -I. -isystem /usr/include/x86_64-linux-gnu/qt5 -isystem /usr/include/x86_64-linux-gnu/qt5/QtNetwork -isystem /usr/include/x86_64-linux-gnu/qt5/QtCore -I. -I/usr/lib/x86_64-linux-gnu/qt5/mkspecs/linux-g++ -o moc_QDjangoHttpServer.o moc_QDjangoHttpServer.cpp
/usr/lib/qt5/bin/moc -DQDJANGO_SHARED -DQDJANGO_HTTP_BUILD -DQT_NO_DEBUG -DQT_NETWORK_LIB -DQT_CORE_LIB --include /<<PKGBUILDDIR>>/src/http/moc_predefs.h -I/usr/lib/x86_64-linux-gnu/qt5/mkspecs/linux-g++ -I/<<PKGBUILDDIR>>/src/http -I/usr/include/x86_64-linux-gnu/qt5 -I/usr/include/x86_64-linux-gnu/qt5/QtNetwork -I/usr/include/x86_64-linux-gnu/qt5/QtCore -I/usr/include/c++/9 -I/usr/include/x86_64-linux-gnu/c++/9 -I/usr/include/c++/9/backward -I/usr/local/include -I/usr/lib/llvm-10/lib/clang/10.0.0/include -I/usr/include/x86_64-linux-gnu -I/usr/include QDjangoHttpServer_p.h -o moc_QDjangoHttpServer_p.cpp
clang++ -c -pipe -g -O2 -fdebug-prefix-map=/<<PKGBUILDDIR>>=. -fstack-protector-strong -Wformat -Werror=format-security -Wdate-time -D_FORTIFY_SOURCE=2 -Wall -W -D_REENTRANT -fPIC -DQDJANGO_SHARED -DQDJANGO_HTTP_BUILD -DQT_NO_DEBUG -DQT_NETWORK_LIB -DQT_CORE_LIB -I. -isystem /usr/include/x86_64-linux-gnu/qt5 -isystem /usr/include/x86_64-linux-gnu/qt5/QtNetwork -isystem /usr/include/x86_64-linux-gnu/qt5/QtCore -I. -I/usr/lib/x86_64-linux-gnu/qt5/mkspecs/linux-g++ -o moc_QDjangoHttpServer_p.o moc_QDjangoHttpServer_p.cpp
/usr/lib/qt5/bin/moc -DQDJANGO_SHARED -DQDJANGO_HTTP_BUILD -DQT_NO_DEBUG -DQT_NETWORK_LIB -DQT_CORE_LIB --include /<<PKGBUILDDIR>>/src/http/moc_predefs.h -I/usr/lib/x86_64-linux-gnu/qt5/mkspecs/linux-g++ -I/<<PKGBUILDDIR>>/src/http -I/usr/include/x86_64-linux-gnu/qt5 -I/usr/include/x86_64-linux-gnu/qt5/QtNetwork -I/usr/include/x86_64-linux-gnu/qt5/QtCore -I/usr/include/c++/9 -I/usr/include/x86_64-linux-gnu/c++/9 -I/usr/include/c++/9/backward -I/usr/local/include -I/usr/lib/llvm-10/lib/clang/10.0.0/include -I/usr/include/x86_64-linux-gnu -I/usr/include QDjangoUrlResolver.h -o moc_QDjangoUrlResolver.cpp
clang++ -c -pipe -g -O2 -fdebug-prefix-map=/<<PKGBUILDDIR>>=. -fstack-protector-strong -Wformat -Werror=format-security -Wdate-time -D_FORTIFY_SOURCE=2 -Wall -W -D_REENTRANT -fPIC -DQDJANGO_SHARED -DQDJANGO_HTTP_BUILD -DQT_NO_DEBUG -DQT_NETWORK_LIB -DQT_CORE_LIB -I. -isystem /usr/include/x86_64-linux-gnu/qt5 -isystem /usr/include/x86_64-linux-gnu/qt5/QtNetwork -isystem /usr/include/x86_64-linux-gnu/qt5/QtCore -I. -I/usr/lib/x86_64-linux-gnu/qt5/mkspecs/linux-g++ -o moc_QDjangoUrlResolver.o moc_QDjangoUrlResolver.cpp
rm -f libqdjango-http.so.0.6.2 libqdjango-http.so libqdjango-http.so.0 libqdjango-http.so.0.6
clang++ -ccc-gcc-name g++ -Wl,-z,relro -shared -Wl,-soname,libqdjango-http.so.0 -o libqdjango-http.so.0.6.2 QDjangoFastCgiServer.o QDjangoHttpController.o QDjangoHttpRequest.o QDjangoHttpResponse.o QDjangoHttpServer.o QDjangoUrlResolver.o moc_QDjangoFastCgiServer.o moc_QDjangoFastCgiServer_p.o moc_QDjangoHttpResponse.o moc_QDjangoHttpServer.o moc_QDjangoHttpServer_p.o moc_QDjangoUrlResolver.o  /usr/lib/x86_64-linux-gnu/libQt5Network.so /usr/lib/x86_64-linux-gnu/libQt5Core.so -lpthread    
ln -s libqdjango-http.so.0.6.2 libqdjango-http.so
ln -s libqdjango-http.so.0.6.2 libqdjango-http.so.0
ln -s libqdjango-http.so.0.6.2 libqdjango-http.so.0.6
make[3]: Leaving directory '/<<PKGBUILDDIR>>/src/http'
make[2]: Leaving directory '/<<PKGBUILDDIR>>/src'
cd tests/ && ( test -e Makefile || /usr/lib/qt5/bin/qmake -o Makefile /<<PKGBUILDDIR>>/tests/tests.pro 'QMAKE_CFLAGS_RELEASE=-g -O2 -fdebug-prefix-map=/<<PKGBUILDDIR>>=. -fstack-protector-strong -Wformat -Werror=format-security -Wdate-time -D_FORTIFY_SOURCE=2' 'QMAKE_CFLAGS_DEBUG=-g -O2 -fdebug-prefix-map=/<<PKGBUILDDIR>>=. -fstack-protector-strong -Wformat -Werror=format-security -Wdate-time -D_FORTIFY_SOURCE=2' 'QMAKE_CXXFLAGS_RELEASE=-g -O2 -fdebug-prefix-map=/<<PKGBUILDDIR>>=. -fstack-protector-strong -Wformat -Werror=format-security -Wdate-time -D_FORTIFY_SOURCE=2' 'QMAKE_CXXFLAGS_DEBUG=-g -O2 -fdebug-prefix-map=/<<PKGBUILDDIR>>=. -fstack-protector-strong -Wformat -Werror=format-security -Wdate-time -D_FORTIFY_SOURCE=2' QMAKE_LFLAGS_RELEASE=-Wl,-z,relro QMAKE_LFLAGS_DEBUG=-Wl,-z,relro QMAKE_STRIP=: PREFIX=/usr LIBDIR=lib/x86_64-linux-gnu ) && make -f Makefile 
make[2]: Entering directory '/<<PKGBUILDDIR>>/tests'
cd db/ && ( test -e Makefile || /usr/lib/qt5/bin/qmake -o Makefile /<<PKGBUILDDIR>>/tests/db/db.pro 'QMAKE_CFLAGS_RELEASE=-g -O2 -fdebug-prefix-map=/<<PKGBUILDDIR>>=. -fstack-protector-strong -Wformat -Werror=format-security -Wdate-time -D_FORTIFY_SOURCE=2' 'QMAKE_CFLAGS_DEBUG=-g -O2 -fdebug-prefix-map=/<<PKGBUILDDIR>>=. -fstack-protector-strong -Wformat -Werror=format-security -Wdate-time -D_FORTIFY_SOURCE=2' 'QMAKE_CXXFLAGS_RELEASE=-g -O2 -fdebug-prefix-map=/<<PKGBUILDDIR>>=. -fstack-protector-strong -Wformat -Werror=format-security -Wdate-time -D_FORTIFY_SOURCE=2' 'QMAKE_CXXFLAGS_DEBUG=-g -O2 -fdebug-prefix-map=/<<PKGBUILDDIR>>=. -fstack-protector-strong -Wformat -Werror=format-security -Wdate-time -D_FORTIFY_SOURCE=2' QMAKE_LFLAGS_RELEASE=-Wl,-z,relro QMAKE_LFLAGS_DEBUG=-Wl,-z,relro QMAKE_STRIP=: PREFIX=/usr LIBDIR=lib/x86_64-linux-gnu ) && make -f Makefile 
make[3]: Entering directory '/<<PKGBUILDDIR>>/tests/db'
cd qdjango/ && ( test -e Makefile || /usr/lib/qt5/bin/qmake -o Makefile /<<PKGBUILDDIR>>/tests/db/qdjango/qdjango.pro 'QMAKE_CFLAGS_RELEASE=-g -O2 -fdebug-prefix-map=/<<PKGBUILDDIR>>=. -fstack-protector-strong -Wformat -Werror=format-security -Wdate-time -D_FORTIFY_SOURCE=2' 'QMAKE_CFLAGS_DEBUG=-g -O2 -fdebug-prefix-map=/<<PKGBUILDDIR>>=. -fstack-protector-strong -Wformat -Werror=format-security -Wdate-time -D_FORTIFY_SOURCE=2' 'QMAKE_CXXFLAGS_RELEASE=-g -O2 -fdebug-prefix-map=/<<PKGBUILDDIR>>=. -fstack-protector-strong -Wformat -Werror=format-security -Wdate-time -D_FORTIFY_SOURCE=2' 'QMAKE_CXXFLAGS_DEBUG=-g -O2 -fdebug-prefix-map=/<<PKGBUILDDIR>>=. -fstack-protector-strong -Wformat -Werror=format-security -Wdate-time -D_FORTIFY_SOURCE=2' QMAKE_LFLAGS_RELEASE=-Wl,-z,relro QMAKE_LFLAGS_DEBUG=-Wl,-z,relro QMAKE_STRIP=: PREFIX=/usr LIBDIR=lib/x86_64-linux-gnu ) && make -f Makefile 
make[4]: Entering directory '/<<PKGBUILDDIR>>/tests/db/qdjango'
clang++ -c -pipe -g -O2 -fdebug-prefix-map=/<<PKGBUILDDIR>>=. -fstack-protector-strong -Wformat -Werror=format-security -Wdate-time -D_FORTIFY_SOURCE=2 -Wall -W -D_REENTRANT -fPIC -DQDJANGO_SHARED -DQT_NO_DEBUG -DQT_TESTLIB_LIB -DQT_SQL_LIB -DQT_CORE_LIB -DQT_TESTCASE_BUILDDIR='"/<<PKGBUILDDIR>>/tests/db/qdjango"' -I. -I../../../tests -I../../../src/db -I../../../src/http -I../../db -isystem /usr/include/x86_64-linux-gnu/qt5 -isystem /usr/include/x86_64-linux-gnu/qt5/QtTest -isystem /usr/include/x86_64-linux-gnu/qt5/QtSql -isystem /usr/include/x86_64-linux-gnu/qt5/QtCore -I. -I/usr/lib/x86_64-linux-gnu/qt5/mkspecs/linux-g++ -o util.o ../util.cpp
clang++ -pipe -g -O2 -fdebug-prefix-map=/<<PKGBUILDDIR>>=. -fstack-protector-strong -Wformat -Werror=format-security -Wdate-time -D_FORTIFY_SOURCE=2 -Wall -W -dM -E -o moc_predefs.h /usr/lib/x86_64-linux-gnu/qt5/mkspecs/features/data/dummy.cpp
/usr/lib/qt5/bin/moc -DQDJANGO_SHARED -DQT_NO_DEBUG -DQT_TESTLIB_LIB -DQT_SQL_LIB -DQT_CORE_LIB -DQT_TESTCASE_BUILDDIR='"/<<PKGBUILDDIR>>/tests/db/qdjango"' --include /<<PKGBUILDDIR>>/tests/db/qdjango/moc_predefs.h -I/usr/lib/x86_64-linux-gnu/qt5/mkspecs/linux-g++ -I/<<PKGBUILDDIR>>/tests/db/qdjango -I/<<PKGBUILDDIR>>/tests -I/<<PKGBUILDDIR>>/src/db -I/<<PKGBUILDDIR>>/src/http -I/<<PKGBUILDDIR>>/tests/db -I/usr/include/x86_64-linux-gnu/qt5 -I/usr/include/x86_64-linux-gnu/qt5/QtTest -I/usr/include/x86_64-linux-gnu/qt5/QtSql -I/usr/include/x86_64-linux-gnu/qt5/QtCore -I/usr/include/c++/9 -I/usr/include/x86_64-linux-gnu/c++/9 -I/usr/include/c++/9/backward -I/usr/local/include -I/usr/lib/llvm-10/lib/clang/10.0.0/include -I/usr/include/x86_64-linux-gnu -I/usr/include tst_qdjango.cpp -o tst_qdjango.moc
clang++ -c -pipe -g -O2 -fdebug-prefix-map=/<<PKGBUILDDIR>>=. -fstack-protector-strong -Wformat -Werror=format-security -Wdate-time -D_FORTIFY_SOURCE=2 -Wall -W -D_REENTRANT -fPIC -DQDJANGO_SHARED -DQT_NO_DEBUG -DQT_TESTLIB_LIB -DQT_SQL_LIB -DQT_CORE_LIB -DQT_TESTCASE_BUILDDIR='"/<<PKGBUILDDIR>>/tests/db/qdjango"' -I. -I../../../tests -I../../../src/db -I../../../src/http -I../../db -isystem /usr/include/x86_64-linux-gnu/qt5 -isystem /usr/include/x86_64-linux-gnu/qt5/QtTest -isystem /usr/include/x86_64-linux-gnu/qt5/QtSql -isystem /usr/include/x86_64-linux-gnu/qt5/QtCore -I. -I/usr/lib/x86_64-linux-gnu/qt5/mkspecs/linux-g++ -o tst_qdjango.o tst_qdjango.cpp
clang++ -ccc-gcc-name g++ -Wl,-z,relro -Wl,-rpath,/<<PKGBUILDDIR>>/tests/db/qdjango/../../../src/db -Wl,-rpath,/<<PKGBUILDDIR>>/tests/db/qdjango/../../../src/http -o tst_qdjango util.o tst_qdjango.o   -L../../../src/db -lqdjango-db /usr/lib/x86_64-linux-gnu/libQt5Test.so /usr/lib/x86_64-linux-gnu/libQt5Sql.so /usr/lib/x86_64-linux-gnu/libQt5Core.so -lpthread   
make[4]: Leaving directory '/<<PKGBUILDDIR>>/tests/db/qdjango'
cd qdjangocompiler/ && ( test -e Makefile || /usr/lib/qt5/bin/qmake -o Makefile /<<PKGBUILDDIR>>/tests/db/qdjangocompiler/qdjangocompiler.pro 'QMAKE_CFLAGS_RELEASE=-g -O2 -fdebug-prefix-map=/<<PKGBUILDDIR>>=. -fstack-protector-strong -Wformat -Werror=format-security -Wdate-time -D_FORTIFY_SOURCE=2' 'QMAKE_CFLAGS_DEBUG=-g -O2 -fdebug-prefix-map=/<<PKGBUILDDIR>>=. -fstack-protector-strong -Wformat -Werror=format-security -Wdate-time -D_FORTIFY_SOURCE=2' 'QMAKE_CXXFLAGS_RELEASE=-g -O2 -fdebug-prefix-map=/<<PKGBUILDDIR>>=. -fstack-protector-strong -Wformat -Werror=format-security -Wdate-time -D_FORTIFY_SOURCE=2' 'QMAKE_CXXFLAGS_DEBUG=-g -O2 -fdebug-prefix-map=/<<PKGBUILDDIR>>=. -fstack-protector-strong -Wformat -Werror=format-security -Wdate-time -D_FORTIFY_SOURCE=2' QMAKE_LFLAGS_RELEASE=-Wl,-z,relro QMAKE_LFLAGS_DEBUG=-Wl,-z,relro QMAKE_STRIP=: PREFIX=/usr LIBDIR=lib/x86_64-linux-gnu ) && make -f Makefile 
make[4]: Entering directory '/<<PKGBUILDDIR>>/tests/db/qdjangocompiler'
clang++ -c -pipe -g -O2 -fdebug-prefix-map=/<<PKGBUILDDIR>>=. -fstack-protector-strong -Wformat -Werror=format-security -Wdate-time -D_FORTIFY_SOURCE=2 -Wall -W -D_REENTRANT -fPIC -DQDJANGO_SHARED -DQT_NO_DEBUG -DQT_TESTLIB_LIB -DQT_SQL_LIB -DQT_CORE_LIB -DQT_TESTCASE_BUILDDIR='"/<<PKGBUILDDIR>>/tests/db/qdjangocompiler"' -I. -I../../../tests -I../../../src/db -I../../../src/http -I../../db -isystem /usr/include/x86_64-linux-gnu/qt5 -isystem /usr/include/x86_64-linux-gnu/qt5/QtTest -isystem /usr/include/x86_64-linux-gnu/qt5/QtSql -isystem /usr/include/x86_64-linux-gnu/qt5/QtCore -I. -I/usr/lib/x86_64-linux-gnu/qt5/mkspecs/linux-g++ -o util.o ../util.cpp
clang++ -pipe -g -O2 -fdebug-prefix-map=/<<PKGBUILDDIR>>=. -fstack-protector-strong -Wformat -Werror=format-security -Wdate-time -D_FORTIFY_SOURCE=2 -Wall -W -dM -E -o moc_predefs.h /usr/lib/x86_64-linux-gnu/qt5/mkspecs/features/data/dummy.cpp
/usr/lib/qt5/bin/moc -DQDJANGO_SHARED -DQT_NO_DEBUG -DQT_TESTLIB_LIB -DQT_SQL_LIB -DQT_CORE_LIB -DQT_TESTCASE_BUILDDIR='"/<<PKGBUILDDIR>>/tests/db/qdjangocompiler"' --include /<<PKGBUILDDIR>>/tests/db/qdjangocompiler/moc_predefs.h -I/usr/lib/x86_64-linux-gnu/qt5/mkspecs/linux-g++ -I/<<PKGBUILDDIR>>/tests/db/qdjangocompiler -I/<<PKGBUILDDIR>>/tests -I/<<PKGBUILDDIR>>/src/db -I/<<PKGBUILDDIR>>/src/http -I/<<PKGBUILDDIR>>/tests/db -I/usr/include/x86_64-linux-gnu/qt5 -I/usr/include/x86_64-linux-gnu/qt5/QtTest -I/usr/include/x86_64-linux-gnu/qt5/QtSql -I/usr/include/x86_64-linux-gnu/qt5/QtCore -I/usr/include/c++/9 -I/usr/include/x86_64-linux-gnu/c++/9 -I/usr/include/c++/9/backward -I/usr/local/include -I/usr/lib/llvm-10/lib/clang/10.0.0/include -I/usr/include/x86_64-linux-gnu -I/usr/include tst_qdjangocompiler.cpp -o tst_qdjangocompiler.moc
clang++ -c -pipe -g -O2 -fdebug-prefix-map=/<<PKGBUILDDIR>>=. -fstack-protector-strong -Wformat -Werror=format-security -Wdate-time -D_FORTIFY_SOURCE=2 -Wall -W -D_REENTRANT -fPIC -DQDJANGO_SHARED -DQT_NO_DEBUG -DQT_TESTLIB_LIB -DQT_SQL_LIB -DQT_CORE_LIB -DQT_TESTCASE_BUILDDIR='"/<<PKGBUILDDIR>>/tests/db/qdjangocompiler"' -I. -I../../../tests -I../../../src/db -I../../../src/http -I../../db -isystem /usr/include/x86_64-linux-gnu/qt5 -isystem /usr/include/x86_64-linux-gnu/qt5/QtTest -isystem /usr/include/x86_64-linux-gnu/qt5/QtSql -isystem /usr/include/x86_64-linux-gnu/qt5/QtCore -I. -I/usr/lib/x86_64-linux-gnu/qt5/mkspecs/linux-g++ -o tst_qdjangocompiler.o tst_qdjangocompiler.cpp
clang++ -ccc-gcc-name g++ -Wl,-z,relro -Wl,-rpath,/<<PKGBUILDDIR>>/tests/db/qdjangocompiler/../../../src/db -Wl,-rpath,/<<PKGBUILDDIR>>/tests/db/qdjangocompiler/../../../src/http -o tst_qdjangocompiler util.o tst_qdjangocompiler.o   -L../../../src/db -lqdjango-db /usr/lib/x86_64-linux-gnu/libQt5Test.so /usr/lib/x86_64-linux-gnu/libQt5Sql.so /usr/lib/x86_64-linux-gnu/libQt5Core.so -lpthread   
make[4]: Leaving directory '/<<PKGBUILDDIR>>/tests/db/qdjangocompiler'
cd qdjangometamodel/ && ( test -e Makefile || /usr/lib/qt5/bin/qmake -o Makefile /<<PKGBUILDDIR>>/tests/db/qdjangometamodel/qdjangometamodel.pro 'QMAKE_CFLAGS_RELEASE=-g -O2 -fdebug-prefix-map=/<<PKGBUILDDIR>>=. -fstack-protector-strong -Wformat -Werror=format-security -Wdate-time -D_FORTIFY_SOURCE=2' 'QMAKE_CFLAGS_DEBUG=-g -O2 -fdebug-prefix-map=/<<PKGBUILDDIR>>=. -fstack-protector-strong -Wformat -Werror=format-security -Wdate-time -D_FORTIFY_SOURCE=2' 'QMAKE_CXXFLAGS_RELEASE=-g -O2 -fdebug-prefix-map=/<<PKGBUILDDIR>>=. -fstack-protector-strong -Wformat -Werror=format-security -Wdate-time -D_FORTIFY_SOURCE=2' 'QMAKE_CXXFLAGS_DEBUG=-g -O2 -fdebug-prefix-map=/<<PKGBUILDDIR>>=. -fstack-protector-strong -Wformat -Werror=format-security -Wdate-time -D_FORTIFY_SOURCE=2' QMAKE_LFLAGS_RELEASE=-Wl,-z,relro QMAKE_LFLAGS_DEBUG=-Wl,-z,relro QMAKE_STRIP=: PREFIX=/usr LIBDIR=lib/x86_64-linux-gnu ) && make -f Makefile 
make[4]: Entering directory '/<<PKGBUILDDIR>>/tests/db/qdjangometamodel'
clang++ -c -pipe -g -O2 -fdebug-prefix-map=/<<PKGBUILDDIR>>=. -fstack-protector-strong -Wformat -Werror=format-security -Wdate-time -D_FORTIFY_SOURCE=2 -Wall -W -D_REENTRANT -fPIC -DQDJANGO_SHARED -DQT_NO_DEBUG -DQT_TESTLIB_LIB -DQT_SQL_LIB -DQT_CORE_LIB -DQT_TESTCASE_BUILDDIR='"/<<PKGBUILDDIR>>/tests/db/qdjangometamodel"' -I. -I../../../tests -I../../../src/db -I../../../src/http -I../../db -isystem /usr/include/x86_64-linux-gnu/qt5 -isystem /usr/include/x86_64-linux-gnu/qt5/QtTest -isystem /usr/include/x86_64-linux-gnu/qt5/QtSql -isystem /usr/include/x86_64-linux-gnu/qt5/QtCore -I. -I/usr/lib/x86_64-linux-gnu/qt5/mkspecs/linux-g++ -o util.o ../util.cpp
clang++ -c -pipe -g -O2 -fdebug-prefix-map=/<<PKGBUILDDIR>>=. -fstack-protector-strong -Wformat -Werror=format-security -Wdate-time -D_FORTIFY_SOURCE=2 -Wall -W -D_REENTRANT -fPIC -DQDJANGO_SHARED -DQT_NO_DEBUG -DQT_TESTLIB_LIB -DQT_SQL_LIB -DQT_CORE_LIB -DQT_TESTCASE_BUILDDIR='"/<<PKGBUILDDIR>>/tests/db/qdjangometamodel"' -I. -I../../../tests -I../../../src/db -I../../../src/http -I../../db -isystem /usr/include/x86_64-linux-gnu/qt5 -isystem /usr/include/x86_64-linux-gnu/qt5/QtTest -isystem /usr/include/x86_64-linux-gnu/qt5/QtSql -isystem /usr/include/x86_64-linux-gnu/qt5/QtCore -I. -I/usr/lib/x86_64-linux-gnu/qt5/mkspecs/linux-g++ -o auth-models.o ../auth-models.cpp
clang++ -c -pipe -g -O2 -fdebug-prefix-map=/<<PKGBUILDDIR>>=. -fstack-protector-strong -Wformat -Werror=format-security -Wdate-time -D_FORTIFY_SOURCE=2 -Wall -W -D_REENTRANT -fPIC -DQDJANGO_SHARED -DQT_NO_DEBUG -DQT_TESTLIB_LIB -DQT_SQL_LIB -DQT_CORE_LIB -DQT_TESTCASE_BUILDDIR='"/<<PKGBUILDDIR>>/tests/db/qdjangometamodel"' -I. -I../../../tests -I../../../src/db -I../../../src/http -I../../db -isystem /usr/include/x86_64-linux-gnu/qt5 -isystem /usr/include/x86_64-linux-gnu/qt5/QtTest -isystem /usr/include/x86_64-linux-gnu/qt5/QtSql -isystem /usr/include/x86_64-linux-gnu/qt5/QtCore -I. -I/usr/lib/x86_64-linux-gnu/qt5/mkspecs/linux-g++ -o tst_qdjangometamodel.o tst_qdjangometamodel.cpp
clang++ -pipe -g -O2 -fdebug-prefix-map=/<<PKGBUILDDIR>>=. -fstack-protector-strong -Wformat -Werror=format-security -Wdate-time -D_FORTIFY_SOURCE=2 -Wall -W -dM -E -o moc_predefs.h /usr/lib/x86_64-linux-gnu/qt5/mkspecs/features/data/dummy.cpp
/usr/lib/qt5/bin/moc -DQDJANGO_SHARED -DQT_NO_DEBUG -DQT_TESTLIB_LIB -DQT_SQL_LIB -DQT_CORE_LIB -DQT_TESTCASE_BUILDDIR='"/<<PKGBUILDDIR>>/tests/db/qdjangometamodel"' --include /<<PKGBUILDDIR>>/tests/db/qdjangometamodel/moc_predefs.h -I/usr/lib/x86_64-linux-gnu/qt5/mkspecs/linux-g++ -I/<<PKGBUILDDIR>>/tests/db/qdjangometamodel -I/<<PKGBUILDDIR>>/tests -I/<<PKGBUILDDIR>>/src/db -I/<<PKGBUILDDIR>>/src/http -I/<<PKGBUILDDIR>>/tests/db -I/usr/include/x86_64-linux-gnu/qt5 -I/usr/include/x86_64-linux-gnu/qt5/QtTest -I/usr/include/x86_64-linux-gnu/qt5/QtSql -I/usr/include/x86_64-linux-gnu/qt5/QtCore -I/usr/include/c++/9 -I/usr/include/x86_64-linux-gnu/c++/9 -I/usr/include/c++/9/backward -I/usr/local/include -I/usr/lib/llvm-10/lib/clang/10.0.0/include -I/usr/include/x86_64-linux-gnu -I/usr/include ../auth-models.h -o moc_auth-models.cpp
clang++ -c -pipe -g -O2 -fdebug-prefix-map=/<<PKGBUILDDIR>>=. -fstack-protector-strong -Wformat -Werror=format-security -Wdate-time -D_FORTIFY_SOURCE=2 -Wall -W -D_REENTRANT -fPIC -DQDJANGO_SHARED -DQT_NO_DEBUG -DQT_TESTLIB_LIB -DQT_SQL_LIB -DQT_CORE_LIB -DQT_TESTCASE_BUILDDIR='"/<<PKGBUILDDIR>>/tests/db/qdjangometamodel"' -I. -I../../../tests -I../../../src/db -I../../../src/http -I../../db -isystem /usr/include/x86_64-linux-gnu/qt5 -isystem /usr/include/x86_64-linux-gnu/qt5/QtTest -isystem /usr/include/x86_64-linux-gnu/qt5/QtSql -isystem /usr/include/x86_64-linux-gnu/qt5/QtCore -I. -I/usr/lib/x86_64-linux-gnu/qt5/mkspecs/linux-g++ -o moc_auth-models.o moc_auth-models.cpp
/usr/lib/qt5/bin/moc -DQDJANGO_SHARED -DQT_NO_DEBUG -DQT_TESTLIB_LIB -DQT_SQL_LIB -DQT_CORE_LIB -DQT_TESTCASE_BUILDDIR='"/<<PKGBUILDDIR>>/tests/db/qdjangometamodel"' --include /<<PKGBUILDDIR>>/tests/db/qdjangometamodel/moc_predefs.h -I/usr/lib/x86_64-linux-gnu/qt5/mkspecs/linux-g++ -I/<<PKGBUILDDIR>>/tests/db/qdjangometamodel -I/<<PKGBUILDDIR>>/tests -I/<<PKGBUILDDIR>>/src/db -I/<<PKGBUILDDIR>>/src/http -I/<<PKGBUILDDIR>>/tests/db -I/usr/include/x86_64-linux-gnu/qt5 -I/usr/include/x86_64-linux-gnu/qt5/QtTest -I/usr/include/x86_64-linux-gnu/qt5/QtSql -I/usr/include/x86_64-linux-gnu/qt5/QtCore -I/usr/include/c++/9 -I/usr/include/x86_64-linux-gnu/c++/9 -I/usr/include/c++/9/backward -I/usr/local/include -I/usr/lib/llvm-10/lib/clang/10.0.0/include -I/usr/include/x86_64-linux-gnu -I/usr/include tst_qdjangometamodel.h -o moc_tst_qdjangometamodel.cpp
clang++ -c -pipe -g -O2 -fdebug-prefix-map=/<<PKGBUILDDIR>>=. -fstack-protector-strong -Wformat -Werror=format-security -Wdate-time -D_FORTIFY_SOURCE=2 -Wall -W -D_REENTRANT -fPIC -DQDJANGO_SHARED -DQT_NO_DEBUG -DQT_TESTLIB_LIB -DQT_SQL_LIB -DQT_CORE_LIB -DQT_TESTCASE_BUILDDIR='"/<<PKGBUILDDIR>>/tests/db/qdjangometamodel"' -I. -I../../../tests -I../../../src/db -I../../../src/http -I../../db -isystem /usr/include/x86_64-linux-gnu/qt5 -isystem /usr/include/x86_64-linux-gnu/qt5/QtTest -isystem /usr/include/x86_64-linux-gnu/qt5/QtSql -isystem /usr/include/x86_64-linux-gnu/qt5/QtCore -I. -I/usr/lib/x86_64-linux-gnu/qt5/mkspecs/linux-g++ -o moc_tst_qdjangometamodel.o moc_tst_qdjangometamodel.cpp
clang++ -ccc-gcc-name g++ -Wl,-z,relro -Wl,-rpath,/<<PKGBUILDDIR>>/tests/db/qdjangometamodel/../../../src/db -Wl,-rpath,/<<PKGBUILDDIR>>/tests/db/qdjangometamodel/../../../src/http -o tst_qdjangometamodel util.o auth-models.o tst_qdjangometamodel.o moc_auth-models.o moc_tst_qdjangometamodel.o   -L../../../src/db -lqdjango-db /usr/lib/x86_64-linux-gnu/libQt5Test.so /usr/lib/x86_64-linux-gnu/libQt5Sql.so /usr/lib/x86_64-linux-gnu/libQt5Core.so -lpthread   
make[4]: Leaving directory '/<<PKGBUILDDIR>>/tests/db/qdjangometamodel'
cd qdjangomodel/ && ( test -e Makefile || /usr/lib/qt5/bin/qmake -o Makefile /<<PKGBUILDDIR>>/tests/db/qdjangomodel/qdjangomodel.pro 'QMAKE_CFLAGS_RELEASE=-g -O2 -fdebug-prefix-map=/<<PKGBUILDDIR>>=. -fstack-protector-strong -Wformat -Werror=format-security -Wdate-time -D_FORTIFY_SOURCE=2' 'QMAKE_CFLAGS_DEBUG=-g -O2 -fdebug-prefix-map=/<<PKGBUILDDIR>>=. -fstack-protector-strong -Wformat -Werror=format-security -Wdate-time -D_FORTIFY_SOURCE=2' 'QMAKE_CXXFLAGS_RELEASE=-g -O2 -fdebug-prefix-map=/<<PKGBUILDDIR>>=. -fstack-protector-strong -Wformat -Werror=format-security -Wdate-time -D_FORTIFY_SOURCE=2' 'QMAKE_CXXFLAGS_DEBUG=-g -O2 -fdebug-prefix-map=/<<PKGBUILDDIR>>=. -fstack-protector-strong -Wformat -Werror=format-security -Wdate-time -D_FORTIFY_SOURCE=2' QMAKE_LFLAGS_RELEASE=-Wl,-z,relro QMAKE_LFLAGS_DEBUG=-Wl,-z,relro QMAKE_STRIP=: PREFIX=/usr LIBDIR=lib/x86_64-linux-gnu ) && make -f Makefile 
make[4]: Entering directory '/<<PKGBUILDDIR>>/tests/db/qdjangomodel'
clang++ -c -pipe -g -O2 -fdebug-prefix-map=/<<PKGBUILDDIR>>=. -fstack-protector-strong -Wformat -Werror=format-security -Wdate-time -D_FORTIFY_SOURCE=2 -Wall -W -D_REENTRANT -fPIC -DQDJANGO_SHARED -DQT_NO_DEBUG -DQT_TESTLIB_LIB -DQT_SQL_LIB -DQT_CORE_LIB -DQT_TESTCASE_BUILDDIR='"/<<PKGBUILDDIR>>/tests/db/qdjangomodel"' -I. -I../../../tests -I../../../src/db -I../../../src/http -I../../db -isystem /usr/include/x86_64-linux-gnu/qt5 -isystem /usr/include/x86_64-linux-gnu/qt5/QtTest -isystem /usr/include/x86_64-linux-gnu/qt5/QtSql -isystem /usr/include/x86_64-linux-gnu/qt5/QtCore -I. -I/usr/lib/x86_64-linux-gnu/qt5/mkspecs/linux-g++ -o util.o ../util.cpp
clang++ -pipe -g -O2 -fdebug-prefix-map=/<<PKGBUILDDIR>>=. -fstack-protector-strong -Wformat -Werror=format-security -Wdate-time -D_FORTIFY_SOURCE=2 -Wall -W -dM -E -o moc_predefs.h /usr/lib/x86_64-linux-gnu/qt5/mkspecs/features/data/dummy.cpp
/usr/lib/qt5/bin/moc -DQDJANGO_SHARED -DQT_NO_DEBUG -DQT_TESTLIB_LIB -DQT_SQL_LIB -DQT_CORE_LIB -DQT_TESTCASE_BUILDDIR='"/<<PKGBUILDDIR>>/tests/db/qdjangomodel"' --include /<<PKGBUILDDIR>>/tests/db/qdjangomodel/moc_predefs.h -I/usr/lib/x86_64-linux-gnu/qt5/mkspecs/linux-g++ -I/<<PKGBUILDDIR>>/tests/db/qdjangomodel -I/<<PKGBUILDDIR>>/tests -I/<<PKGBUILDDIR>>/src/db -I/<<PKGBUILDDIR>>/src/http -I/<<PKGBUILDDIR>>/tests/db -I/usr/include/x86_64-linux-gnu/qt5 -I/usr/include/x86_64-linux-gnu/qt5/QtTest -I/usr/include/x86_64-linux-gnu/qt5/QtSql -I/usr/include/x86_64-linux-gnu/qt5/QtCore -I/usr/include/c++/9 -I/usr/include/x86_64-linux-gnu/c++/9 -I/usr/include/c++/9/backward -I/usr/local/include -I/usr/lib/llvm-10/lib/clang/10.0.0/include -I/usr/include/x86_64-linux-gnu -I/usr/include tst_qdjangomodel.cpp -o tst_qdjangomodel.moc
clang++ -c -pipe -g -O2 -fdebug-prefix-map=/<<PKGBUILDDIR>>=. -fstack-protector-strong -Wformat -Werror=format-security -Wdate-time -D_FORTIFY_SOURCE=2 -Wall -W -D_REENTRANT -fPIC -DQDJANGO_SHARED -DQT_NO_DEBUG -DQT_TESTLIB_LIB -DQT_SQL_LIB -DQT_CORE_LIB -DQT_TESTCASE_BUILDDIR='"/<<PKGBUILDDIR>>/tests/db/qdjangomodel"' -I. -I../../../tests -I../../../src/db -I../../../src/http -I../../db -isystem /usr/include/x86_64-linux-gnu/qt5 -isystem /usr/include/x86_64-linux-gnu/qt5/QtTest -isystem /usr/include/x86_64-linux-gnu/qt5/QtSql -isystem /usr/include/x86_64-linux-gnu/qt5/QtCore -I. -I/usr/lib/x86_64-linux-gnu/qt5/mkspecs/linux-g++ -o tst_qdjangomodel.o tst_qdjangomodel.cpp
clang++ -ccc-gcc-name g++ -Wl,-z,relro -Wl,-rpath,/<<PKGBUILDDIR>>/tests/db/qdjangomodel/../../../src/db -Wl,-rpath,/<<PKGBUILDDIR>>/tests/db/qdjangomodel/../../../src/http -o tst_qdjangomodel util.o tst_qdjangomodel.o   -L../../../src/db -lqdjango-db /usr/lib/x86_64-linux-gnu/libQt5Test.so /usr/lib/x86_64-linux-gnu/libQt5Sql.so /usr/lib/x86_64-linux-gnu/libQt5Core.so -lpthread   
make[4]: Leaving directory '/<<PKGBUILDDIR>>/tests/db/qdjangomodel'
cd qdjangoqueryset/ && ( test -e Makefile || /usr/lib/qt5/bin/qmake -o Makefile /<<PKGBUILDDIR>>/tests/db/qdjangoqueryset/qdjangoqueryset.pro 'QMAKE_CFLAGS_RELEASE=-g -O2 -fdebug-prefix-map=/<<PKGBUILDDIR>>=. -fstack-protector-strong -Wformat -Werror=format-security -Wdate-time -D_FORTIFY_SOURCE=2' 'QMAKE_CFLAGS_DEBUG=-g -O2 -fdebug-prefix-map=/<<PKGBUILDDIR>>=. -fstack-protector-strong -Wformat -Werror=format-security -Wdate-time -D_FORTIFY_SOURCE=2' 'QMAKE_CXXFLAGS_RELEASE=-g -O2 -fdebug-prefix-map=/<<PKGBUILDDIR>>=. -fstack-protector-strong -Wformat -Werror=format-security -Wdate-time -D_FORTIFY_SOURCE=2' 'QMAKE_CXXFLAGS_DEBUG=-g -O2 -fdebug-prefix-map=/<<PKGBUILDDIR>>=. -fstack-protector-strong -Wformat -Werror=format-security -Wdate-time -D_FORTIFY_SOURCE=2' QMAKE_LFLAGS_RELEASE=-Wl,-z,relro QMAKE_LFLAGS_DEBUG=-Wl,-z,relro QMAKE_STRIP=: PREFIX=/usr LIBDIR=lib/x86_64-linux-gnu ) && make -f Makefile 
make[4]: Entering directory '/<<PKGBUILDDIR>>/tests/db/qdjangoqueryset'
clang++ -c -pipe -g -O2 -fdebug-prefix-map=/<<PKGBUILDDIR>>=. -fstack-protector-strong -Wformat -Werror=format-security -Wdate-time -D_FORTIFY_SOURCE=2 -Wall -W -D_REENTRANT -fPIC -DQDJANGO_SHARED -DQT_NO_DEBUG -DQT_TESTLIB_LIB -DQT_SQL_LIB -DQT_CORE_LIB -DQT_TESTCASE_BUILDDIR='"/<<PKGBUILDDIR>>/tests/db/qdjangoqueryset"' -I. -I../../../tests -I../../../src/db -I../../../src/http -I../../db -isystem /usr/include/x86_64-linux-gnu/qt5 -isystem /usr/include/x86_64-linux-gnu/qt5/QtTest -isystem /usr/include/x86_64-linux-gnu/qt5/QtSql -isystem /usr/include/x86_64-linux-gnu/qt5/QtCore -I. -I/usr/lib/x86_64-linux-gnu/qt5/mkspecs/linux-g++ -o util.o ../util.cpp
clang++ -pipe -g -O2 -fdebug-prefix-map=/<<PKGBUILDDIR>>=. -fstack-protector-strong -Wformat -Werror=format-security -Wdate-time -D_FORTIFY_SOURCE=2 -Wall -W -dM -E -o moc_predefs.h /usr/lib/x86_64-linux-gnu/qt5/mkspecs/features/data/dummy.cpp
/usr/lib/qt5/bin/moc -DQDJANGO_SHARED -DQT_NO_DEBUG -DQT_TESTLIB_LIB -DQT_SQL_LIB -DQT_CORE_LIB -DQT_TESTCASE_BUILDDIR='"/<<PKGBUILDDIR>>/tests/db/qdjangoqueryset"' --include /<<PKGBUILDDIR>>/tests/db/qdjangoqueryset/moc_predefs.h -I/usr/lib/x86_64-linux-gnu/qt5/mkspecs/linux-g++ -I/<<PKGBUILDDIR>>/tests/db/qdjangoqueryset -I/<<PKGBUILDDIR>>/tests -I/<<PKGBUILDDIR>>/src/db -I/<<PKGBUILDDIR>>/src/http -I/<<PKGBUILDDIR>>/tests/db -I/usr/include/x86_64-linux-gnu/qt5 -I/usr/include/x86_64-linux-gnu/qt5/QtTest -I/usr/include/x86_64-linux-gnu/qt5/QtSql -I/usr/include/x86_64-linux-gnu/qt5/QtCore -I/usr/include/c++/9 -I/usr/include/x86_64-linux-gnu/c++/9 -I/usr/include/c++/9/backward -I/usr/local/include -I/usr/lib/llvm-10/lib/clang/10.0.0/include -I/usr/include/x86_64-linux-gnu -I/usr/include tst_qdjangoqueryset.cpp -o tst_qdjangoqueryset.moc
clang++ -c -pipe -g -O2 -fdebug-prefix-map=/<<PKGBUILDDIR>>=. -fstack-protector-strong -Wformat -Werror=format-security -Wdate-time -D_FORTIFY_SOURCE=2 -Wall -W -D_REENTRANT -fPIC -DQDJANGO_SHARED -DQT_NO_DEBUG -DQT_TESTLIB_LIB -DQT_SQL_LIB -DQT_CORE_LIB -DQT_TESTCASE_BUILDDIR='"/<<PKGBUILDDIR>>/tests/db/qdjangoqueryset"' -I. -I../../../tests -I../../../src/db -I../../../src/http -I../../db -isystem /usr/include/x86_64-linux-gnu/qt5 -isystem /usr/include/x86_64-linux-gnu/qt5/QtTest -isystem /usr/include/x86_64-linux-gnu/qt5/QtSql -isystem /usr/include/x86_64-linux-gnu/qt5/QtCore -I. -I/usr/lib/x86_64-linux-gnu/qt5/mkspecs/linux-g++ -o tst_qdjangoqueryset.o tst_qdjangoqueryset.cpp
clang++ -ccc-gcc-name g++ -Wl,-z,relro -Wl,-rpath,/<<PKGBUILDDIR>>/tests/db/qdjangoqueryset/../../../src/db -Wl,-rpath,/<<PKGBUILDDIR>>/tests/db/qdjangoqueryset/../../../src/http -o tst_qdjangoqueryset util.o tst_qdjangoqueryset.o   -L../../../src/db -lqdjango-db /usr/lib/x86_64-linux-gnu/libQt5Test.so /usr/lib/x86_64-linux-gnu/libQt5Sql.so /usr/lib/x86_64-linux-gnu/libQt5Core.so -lpthread   
make[4]: Leaving directory '/<<PKGBUILDDIR>>/tests/db/qdjangoqueryset'
cd qdjangowhere/ && ( test -e Makefile || /usr/lib/qt5/bin/qmake -o Makefile /<<PKGBUILDDIR>>/tests/db/qdjangowhere/qdjangowhere.pro 'QMAKE_CFLAGS_RELEASE=-g -O2 -fdebug-prefix-map=/<<PKGBUILDDIR>>=. -fstack-protector-strong -Wformat -Werror=format-security -Wdate-time -D_FORTIFY_SOURCE=2' 'QMAKE_CFLAGS_DEBUG=-g -O2 -fdebug-prefix-map=/<<PKGBUILDDIR>>=. -fstack-protector-strong -Wformat -Werror=format-security -Wdate-time -D_FORTIFY_SOURCE=2' 'QMAKE_CXXFLAGS_RELEASE=-g -O2 -fdebug-prefix-map=/<<PKGBUILDDIR>>=. -fstack-protector-strong -Wformat -Werror=format-security -Wdate-time -D_FORTIFY_SOURCE=2' 'QMAKE_CXXFLAGS_DEBUG=-g -O2 -fdebug-prefix-map=/<<PKGBUILDDIR>>=. -fstack-protector-strong -Wformat -Werror=format-security -Wdate-time -D_FORTIFY_SOURCE=2' QMAKE_LFLAGS_RELEASE=-Wl,-z,relro QMAKE_LFLAGS_DEBUG=-Wl,-z,relro QMAKE_STRIP=: PREFIX=/usr LIBDIR=lib/x86_64-linux-gnu ) && make -f Makefile 
make[4]: Entering directory '/<<PKGBUILDDIR>>/tests/db/qdjangowhere'
clang++ -c -pipe -g -O2 -fdebug-prefix-map=/<<PKGBUILDDIR>>=. -fstack-protector-strong -Wformat -Werror=format-security -Wdate-time -D_FORTIFY_SOURCE=2 -Wall -W -D_REENTRANT -fPIC -DQDJANGO_SHARED -DQT_NO_DEBUG -DQT_TESTLIB_LIB -DQT_SQL_LIB -DQT_CORE_LIB -DQT_TESTCASE_BUILDDIR='"/<<PKGBUILDDIR>>/tests/db/qdjangowhere"' -I. -I../../../tests -I../../../src/db -I../../../src/http -I../../db -isystem /usr/include/x86_64-linux-gnu/qt5 -isystem /usr/include/x86_64-linux-gnu/qt5/QtTest -isystem /usr/include/x86_64-linux-gnu/qt5/QtSql -isystem /usr/include/x86_64-linux-gnu/qt5/QtCore -I. -I/usr/lib/x86_64-linux-gnu/qt5/mkspecs/linux-g++ -o util.o ../util.cpp
clang++ -pipe -g -O2 -fdebug-prefix-map=/<<PKGBUILDDIR>>=. -fstack-protector-strong -Wformat -Werror=format-security -Wdate-time -D_FORTIFY_SOURCE=2 -Wall -W -dM -E -o moc_predefs.h /usr/lib/x86_64-linux-gnu/qt5/mkspecs/features/data/dummy.cpp
/usr/lib/qt5/bin/moc -DQDJANGO_SHARED -DQT_NO_DEBUG -DQT_TESTLIB_LIB -DQT_SQL_LIB -DQT_CORE_LIB -DQT_TESTCASE_BUILDDIR='"/<<PKGBUILDDIR>>/tests/db/qdjangowhere"' --include /<<PKGBUILDDIR>>/tests/db/qdjangowhere/moc_predefs.h -I/usr/lib/x86_64-linux-gnu/qt5/mkspecs/linux-g++ -I/<<PKGBUILDDIR>>/tests/db/qdjangowhere -I/<<PKGBUILDDIR>>/tests -I/<<PKGBUILDDIR>>/src/db -I/<<PKGBUILDDIR>>/src/http -I/<<PKGBUILDDIR>>/tests/db -I/usr/include/x86_64-linux-gnu/qt5 -I/usr/include/x86_64-linux-gnu/qt5/QtTest -I/usr/include/x86_64-linux-gnu/qt5/QtSql -I/usr/include/x86_64-linux-gnu/qt5/QtCore -I/usr/include/c++/9 -I/usr/include/x86_64-linux-gnu/c++/9 -I/usr/include/c++/9/backward -I/usr/local/include -I/usr/lib/llvm-10/lib/clang/10.0.0/include -I/usr/include/x86_64-linux-gnu -I/usr/include tst_qdjangowhere.cpp -o tst_qdjangowhere.moc
clang++ -c -pipe -g -O2 -fdebug-prefix-map=/<<PKGBUILDDIR>>=. -fstack-protector-strong -Wformat -Werror=format-security -Wdate-time -D_FORTIFY_SOURCE=2 -Wall -W -D_REENTRANT -fPIC -DQDJANGO_SHARED -DQT_NO_DEBUG -DQT_TESTLIB_LIB -DQT_SQL_LIB -DQT_CORE_LIB -DQT_TESTCASE_BUILDDIR='"/<<PKGBUILDDIR>>/tests/db/qdjangowhere"' -I. -I../../../tests -I../../../src/db -I../../../src/http -I../../db -isystem /usr/include/x86_64-linux-gnu/qt5 -isystem /usr/include/x86_64-linux-gnu/qt5/QtTest -isystem /usr/include/x86_64-linux-gnu/qt5/QtSql -isystem /usr/include/x86_64-linux-gnu/qt5/QtCore -I. -I/usr/lib/x86_64-linux-gnu/qt5/mkspecs/linux-g++ -o tst_qdjangowhere.o tst_qdjangowhere.cpp
clang++ -ccc-gcc-name g++ -Wl,-z,relro -Wl,-rpath,/<<PKGBUILDDIR>>/tests/db/qdjangowhere/../../../src/db -Wl,-rpath,/<<PKGBUILDDIR>>/tests/db/qdjangowhere/../../../src/http -o tst_qdjangowhere util.o tst_qdjangowhere.o   -L../../../src/db -lqdjango-db /usr/lib/x86_64-linux-gnu/libQt5Test.so /usr/lib/x86_64-linux-gnu/libQt5Sql.so /usr/lib/x86_64-linux-gnu/libQt5Core.so -lpthread   
make[4]: Leaving directory '/<<PKGBUILDDIR>>/tests/db/qdjangowhere'
cd auth/ && ( test -e Makefile || /usr/lib/qt5/bin/qmake -o Makefile /<<PKGBUILDDIR>>/tests/db/auth/auth.pro 'QMAKE_CFLAGS_RELEASE=-g -O2 -fdebug-prefix-map=/<<PKGBUILDDIR>>=. -fstack-protector-strong -Wformat -Werror=format-security -Wdate-time -D_FORTIFY_SOURCE=2' 'QMAKE_CFLAGS_DEBUG=-g -O2 -fdebug-prefix-map=/<<PKGBUILDDIR>>=. -fstack-protector-strong -Wformat -Werror=format-security -Wdate-time -D_FORTIFY_SOURCE=2' 'QMAKE_CXXFLAGS_RELEASE=-g -O2 -fdebug-prefix-map=/<<PKGBUILDDIR>>=. -fstack-protector-strong -Wformat -Werror=format-security -Wdate-time -D_FORTIFY_SOURCE=2' 'QMAKE_CXXFLAGS_DEBUG=-g -O2 -fdebug-prefix-map=/<<PKGBUILDDIR>>=. -fstack-protector-strong -Wformat -Werror=format-security -Wdate-time -D_FORTIFY_SOURCE=2' QMAKE_LFLAGS_RELEASE=-Wl,-z,relro QMAKE_LFLAGS_DEBUG=-Wl,-z,relro QMAKE_STRIP=: PREFIX=/usr LIBDIR=lib/x86_64-linux-gnu ) && make -f Makefile 
make[4]: Entering directory '/<<PKGBUILDDIR>>/tests/db/auth'
clang++ -c -pipe -g -O2 -fdebug-prefix-map=/<<PKGBUILDDIR>>=. -fstack-protector-strong -Wformat -Werror=format-security -Wdate-time -D_FORTIFY_SOURCE=2 -Wall -W -D_REENTRANT -fPIC -DQDJANGO_SHARED -DQT_NO_DEBUG -DQT_TESTLIB_LIB -DQT_SQL_LIB -DQT_CORE_LIB -DQT_TESTCASE_BUILDDIR='"/<<PKGBUILDDIR>>/tests/db/auth"' -I. -I../../../tests -I../../../src/db -I../../../src/http -I../../db -isystem /usr/include/x86_64-linux-gnu/qt5 -isystem /usr/include/x86_64-linux-gnu/qt5/QtTest -isystem /usr/include/x86_64-linux-gnu/qt5/QtSql -isystem /usr/include/x86_64-linux-gnu/qt5/QtCore -I. -I/usr/lib/x86_64-linux-gnu/qt5/mkspecs/linux-g++ -o util.o ../util.cpp
clang++ -c -pipe -g -O2 -fdebug-prefix-map=/<<PKGBUILDDIR>>=. -fstack-protector-strong -Wformat -Werror=format-security -Wdate-time -D_FORTIFY_SOURCE=2 -Wall -W -D_REENTRANT -fPIC -DQDJANGO_SHARED -DQT_NO_DEBUG -DQT_TESTLIB_LIB -DQT_SQL_LIB -DQT_CORE_LIB -DQT_TESTCASE_BUILDDIR='"/<<PKGBUILDDIR>>/tests/db/auth"' -I. -I../../../tests -I../../../src/db -I../../../src/http -I../../db -isystem /usr/include/x86_64-linux-gnu/qt5 -isystem /usr/include/x86_64-linux-gnu/qt5/QtTest -isystem /usr/include/x86_64-linux-gnu/qt5/QtSql -isystem /usr/include/x86_64-linux-gnu/qt5/QtCore -I. -I/usr/lib/x86_64-linux-gnu/qt5/mkspecs/linux-g++ -o auth-models.o ../auth-models.cpp
clang++ -pipe -g -O2 -fdebug-prefix-map=/<<PKGBUILDDIR>>=. -fstack-protector-strong -Wformat -Werror=format-security -Wdate-time -D_FORTIFY_SOURCE=2 -Wall -W -dM -E -o moc_predefs.h /usr/lib/x86_64-linux-gnu/qt5/mkspecs/features/data/dummy.cpp
/usr/lib/qt5/bin/moc -DQDJANGO_SHARED -DQT_NO_DEBUG -DQT_TESTLIB_LIB -DQT_SQL_LIB -DQT_CORE_LIB -DQT_TESTCASE_BUILDDIR='"/<<PKGBUILDDIR>>/tests/db/auth"' --include /<<PKGBUILDDIR>>/tests/db/auth/moc_predefs.h -I/usr/lib/x86_64-linux-gnu/qt5/mkspecs/linux-g++ -I/<<PKGBUILDDIR>>/tests/db/auth -I/<<PKGBUILDDIR>>/tests -I/<<PKGBUILDDIR>>/src/db -I/<<PKGBUILDDIR>>/src/http -I/<<PKGBUILDDIR>>/tests/db -I/usr/include/x86_64-linux-gnu/qt5 -I/usr/include/x86_64-linux-gnu/qt5/QtTest -I/usr/include/x86_64-linux-gnu/qt5/QtSql -I/usr/include/x86_64-linux-gnu/qt5/QtCore -I/usr/include/c++/9 -I/usr/include/x86_64-linux-gnu/c++/9 -I/usr/include/c++/9/backward -I/usr/local/include -I/usr/lib/llvm-10/lib/clang/10.0.0/include -I/usr/include/x86_64-linux-gnu -I/usr/include tst_auth.cpp -o tst_auth.moc
clang++ -c -pipe -g -O2 -fdebug-prefix-map=/<<PKGBUILDDIR>>=. -fstack-protector-strong -Wformat -Werror=format-security -Wdate-time -D_FORTIFY_SOURCE=2 -Wall -W -D_REENTRANT -fPIC -DQDJANGO_SHARED -DQT_NO_DEBUG -DQT_TESTLIB_LIB -DQT_SQL_LIB -DQT_CORE_LIB -DQT_TESTCASE_BUILDDIR='"/<<PKGBUILDDIR>>/tests/db/auth"' -I. -I../../../tests -I../../../src/db -I../../../src/http -I../../db -isystem /usr/include/x86_64-linux-gnu/qt5 -isystem /usr/include/x86_64-linux-gnu/qt5/QtTest -isystem /usr/include/x86_64-linux-gnu/qt5/QtSql -isystem /usr/include/x86_64-linux-gnu/qt5/QtCore -I. -I/usr/lib/x86_64-linux-gnu/qt5/mkspecs/linux-g++ -o tst_auth.o tst_auth.cpp
tst_auth.cpp:624:14: warning: reference cannot be bound to dereferenced null pointer in well-defined C++ code; comparison may be assumed to always evaluate to false [-Wtautological-undefined-compare]
    QVERIFY(&*(it += 2) == 0);
             ^~~~~~~~~~    ~
/usr/include/x86_64-linux-gnu/qt5/QtTest/qtestcase.h:64:43: note: expanded from macro 'QVERIFY'
    if (!QTest::qVerify(static_cast<bool>(statement), #statement, "", __FILE__, __LINE__))\
                                          ^~~~~~~~~
../../../src/db/QDjangoQuerySet.h:131:18: note: 'operator*' returns a reference
        const T &operator*() const { return *t(); }
                 ^
1 warning generated.
/usr/lib/qt5/bin/moc -DQDJANGO_SHARED -DQT_NO_DEBUG -DQT_TESTLIB_LIB -DQT_SQL_LIB -DQT_CORE_LIB -DQT_TESTCASE_BUILDDIR='"/<<PKGBUILDDIR>>/tests/db/auth"' --include /<<PKGBUILDDIR>>/tests/db/auth/moc_predefs.h -I/usr/lib/x86_64-linux-gnu/qt5/mkspecs/linux-g++ -I/<<PKGBUILDDIR>>/tests/db/auth -I/<<PKGBUILDDIR>>/tests -I/<<PKGBUILDDIR>>/src/db -I/<<PKGBUILDDIR>>/src/http -I/<<PKGBUILDDIR>>/tests/db -I/usr/include/x86_64-linux-gnu/qt5 -I/usr/include/x86_64-linux-gnu/qt5/QtTest -I/usr/include/x86_64-linux-gnu/qt5/QtSql -I/usr/include/x86_64-linux-gnu/qt5/QtCore -I/usr/include/c++/9 -I/usr/include/x86_64-linux-gnu/c++/9 -I/usr/include/c++/9/backward -I/usr/local/include -I/usr/lib/llvm-10/lib/clang/10.0.0/include -I/usr/include/x86_64-linux-gnu -I/usr/include ../auth-models.h -o moc_auth-models.cpp
clang++ -c -pipe -g -O2 -fdebug-prefix-map=/<<PKGBUILDDIR>>=. -fstack-protector-strong -Wformat -Werror=format-security -Wdate-time -D_FORTIFY_SOURCE=2 -Wall -W -D_REENTRANT -fPIC -DQDJANGO_SHARED -DQT_NO_DEBUG -DQT_TESTLIB_LIB -DQT_SQL_LIB -DQT_CORE_LIB -DQT_TESTCASE_BUILDDIR='"/<<PKGBUILDDIR>>/tests/db/auth"' -I. -I../../../tests -I../../../src/db -I../../../src/http -I../../db -isystem /usr/include/x86_64-linux-gnu/qt5 -isystem /usr/include/x86_64-linux-gnu/qt5/QtTest -isystem /usr/include/x86_64-linux-gnu/qt5/QtSql -isystem /usr/include/x86_64-linux-gnu/qt5/QtCore -I. -I/usr/lib/x86_64-linux-gnu/qt5/mkspecs/linux-g++ -o moc_auth-models.o moc_auth-models.cpp
clang++ -ccc-gcc-name g++ -Wl,-z,relro -Wl,-rpath,/<<PKGBUILDDIR>>/tests/db/auth/../../../src/db -Wl,-rpath,/<<PKGBUILDDIR>>/tests/db/auth/../../../src/http -o tst_auth util.o auth-models.o tst_auth.o moc_auth-models.o   -L../../../src/db -lqdjango-db /usr/lib/x86_64-linux-gnu/libQt5Test.so /usr/lib/x86_64-linux-gnu/libQt5Sql.so /usr/lib/x86_64-linux-gnu/libQt5Core.so -lpthread   
make[4]: Leaving directory '/<<PKGBUILDDIR>>/tests/db/auth'
cd shares/ && ( test -e Makefile || /usr/lib/qt5/bin/qmake -o Makefile /<<PKGBUILDDIR>>/tests/db/shares/shares.pro 'QMAKE_CFLAGS_RELEASE=-g -O2 -fdebug-prefix-map=/<<PKGBUILDDIR>>=. -fstack-protector-strong -Wformat -Werror=format-security -Wdate-time -D_FORTIFY_SOURCE=2' 'QMAKE_CFLAGS_DEBUG=-g -O2 -fdebug-prefix-map=/<<PKGBUILDDIR>>=. -fstack-protector-strong -Wformat -Werror=format-security -Wdate-time -D_FORTIFY_SOURCE=2' 'QMAKE_CXXFLAGS_RELEASE=-g -O2 -fdebug-prefix-map=/<<PKGBUILDDIR>>=. -fstack-protector-strong -Wformat -Werror=format-security -Wdate-time -D_FORTIFY_SOURCE=2' 'QMAKE_CXXFLAGS_DEBUG=-g -O2 -fdebug-prefix-map=/<<PKGBUILDDIR>>=. -fstack-protector-strong -Wformat -Werror=format-security -Wdate-time -D_FORTIFY_SOURCE=2' QMAKE_LFLAGS_RELEASE=-Wl,-z,relro QMAKE_LFLAGS_DEBUG=-Wl,-z,relro QMAKE_STRIP=: PREFIX=/usr LIBDIR=lib/x86_64-linux-gnu ) && make -f Makefile 
make[4]: Entering directory '/<<PKGBUILDDIR>>/tests/db/shares'
clang++ -c -pipe -g -O2 -fdebug-prefix-map=/<<PKGBUILDDIR>>=. -fstack-protector-strong -Wformat -Werror=format-security -Wdate-time -D_FORTIFY_SOURCE=2 -Wall -W -D_REENTRANT -fPIC -DQDJANGO_SHARED -DQT_NO_DEBUG -DQT_TESTLIB_LIB -DQT_SQL_LIB -DQT_CORE_LIB -DQT_TESTCASE_BUILDDIR='"/<<PKGBUILDDIR>>/tests/db/shares"' -I. -I../../../tests -I../../../src/db -I../../../src/http -I../../db -isystem /usr/include/x86_64-linux-gnu/qt5 -isystem /usr/include/x86_64-linux-gnu/qt5/QtTest -isystem /usr/include/x86_64-linux-gnu/qt5/QtSql -isystem /usr/include/x86_64-linux-gnu/qt5/QtCore -I. -I/usr/lib/x86_64-linux-gnu/qt5/mkspecs/linux-g++ -o util.o ../util.cpp
clang++ -pipe -g -O2 -fdebug-prefix-map=/<<PKGBUILDDIR>>=. -fstack-protector-strong -Wformat -Werror=format-security -Wdate-time -D_FORTIFY_SOURCE=2 -Wall -W -dM -E -o moc_predefs.h /usr/lib/x86_64-linux-gnu/qt5/mkspecs/features/data/dummy.cpp
/usr/lib/qt5/bin/moc -DQDJANGO_SHARED -DQT_NO_DEBUG -DQT_TESTLIB_LIB -DQT_SQL_LIB -DQT_CORE_LIB -DQT_TESTCASE_BUILDDIR='"/<<PKGBUILDDIR>>/tests/db/shares"' --include /<<PKGBUILDDIR>>/tests/db/shares/moc_predefs.h -I/usr/lib/x86_64-linux-gnu/qt5/mkspecs/linux-g++ -I/<<PKGBUILDDIR>>/tests/db/shares -I/<<PKGBUILDDIR>>/tests -I/<<PKGBUILDDIR>>/src/db -I/<<PKGBUILDDIR>>/src/http -I/<<PKGBUILDDIR>>/tests/db -I/usr/include/x86_64-linux-gnu/qt5 -I/usr/include/x86_64-linux-gnu/qt5/QtTest -I/usr/include/x86_64-linux-gnu/qt5/QtSql -I/usr/include/x86_64-linux-gnu/qt5/QtCore -I/usr/include/c++/9 -I/usr/include/x86_64-linux-gnu/c++/9 -I/usr/include/c++/9/backward -I/usr/local/include -I/usr/lib/llvm-10/lib/clang/10.0.0/include -I/usr/include/x86_64-linux-gnu -I/usr/include tst_shares.cpp -o tst_shares.moc
clang++ -c -pipe -g -O2 -fdebug-prefix-map=/<<PKGBUILDDIR>>=. -fstack-protector-strong -Wformat -Werror=format-security -Wdate-time -D_FORTIFY_SOURCE=2 -Wall -W -D_REENTRANT -fPIC -DQDJANGO_SHARED -DQT_NO_DEBUG -DQT_TESTLIB_LIB -DQT_SQL_LIB -DQT_CORE_LIB -DQT_TESTCASE_BUILDDIR='"/<<PKGBUILDDIR>>/tests/db/shares"' -I. -I../../../tests -I../../../src/db -I../../../src/http -I../../db -isystem /usr/include/x86_64-linux-gnu/qt5 -isystem /usr/include/x86_64-linux-gnu/qt5/QtTest -isystem /usr/include/x86_64-linux-gnu/qt5/QtSql -isystem /usr/include/x86_64-linux-gnu/qt5/QtCore -I. -I/usr/lib/x86_64-linux-gnu/qt5/mkspecs/linux-g++ -o tst_shares.o tst_shares.cpp
clang++ -ccc-gcc-name g++ -Wl,-z,relro -Wl,-rpath,/<<PKGBUILDDIR>>/tests/db/shares/../../../src/db -Wl,-rpath,/<<PKGBUILDDIR>>/tests/db/shares/../../../src/http -o tst_shares util.o tst_shares.o   -L../../../src/db -lqdjango-db /usr/lib/x86_64-linux-gnu/libQt5Test.so /usr/lib/x86_64-linux-gnu/libQt5Sql.so /usr/lib/x86_64-linux-gnu/libQt5Core.so -lpthread   
make[4]: Leaving directory '/<<PKGBUILDDIR>>/tests/db/shares'
make[3]: Leaving directory '/<<PKGBUILDDIR>>/tests/db'
cd http/ && ( test -e Makefile || /usr/lib/qt5/bin/qmake -o Makefile /<<PKGBUILDDIR>>/tests/http/http.pro 'QMAKE_CFLAGS_RELEASE=-g -O2 -fdebug-prefix-map=/<<PKGBUILDDIR>>=. -fstack-protector-strong -Wformat -Werror=format-security -Wdate-time -D_FORTIFY_SOURCE=2' 'QMAKE_CFLAGS_DEBUG=-g -O2 -fdebug-prefix-map=/<<PKGBUILDDIR>>=. -fstack-protector-strong -Wformat -Werror=format-security -Wdate-time -D_FORTIFY_SOURCE=2' 'QMAKE_CXXFLAGS_RELEASE=-g -O2 -fdebug-prefix-map=/<<PKGBUILDDIR>>=. -fstack-protector-strong -Wformat -Werror=format-security -Wdate-time -D_FORTIFY_SOURCE=2' 'QMAKE_CXXFLAGS_DEBUG=-g -O2 -fdebug-prefix-map=/<<PKGBUILDDIR>>=. -fstack-protector-strong -Wformat -Werror=format-security -Wdate-time -D_FORTIFY_SOURCE=2' QMAKE_LFLAGS_RELEASE=-Wl,-z,relro QMAKE_LFLAGS_DEBUG=-Wl,-z,relro QMAKE_STRIP=: PREFIX=/usr LIBDIR=lib/x86_64-linux-gnu ) && make -f Makefile 
make[3]: Entering directory '/<<PKGBUILDDIR>>/tests/http'
cd qdjangofastcgiserver/ && ( test -e Makefile || /usr/lib/qt5/bin/qmake -o Makefile /<<PKGBUILDDIR>>/tests/http/qdjangofastcgiserver/qdjangofastcgiserver.pro 'QMAKE_CFLAGS_RELEASE=-g -O2 -fdebug-prefix-map=/<<PKGBUILDDIR>>=. -fstack-protector-strong -Wformat -Werror=format-security -Wdate-time -D_FORTIFY_SOURCE=2' 'QMAKE_CFLAGS_DEBUG=-g -O2 -fdebug-prefix-map=/<<PKGBUILDDIR>>=. -fstack-protector-strong -Wformat -Werror=format-security -Wdate-time -D_FORTIFY_SOURCE=2' 'QMAKE_CXXFLAGS_RELEASE=-g -O2 -fdebug-prefix-map=/<<PKGBUILDDIR>>=. -fstack-protector-strong -Wformat -Werror=format-security -Wdate-time -D_FORTIFY_SOURCE=2' 'QMAKE_CXXFLAGS_DEBUG=-g -O2 -fdebug-prefix-map=/<<PKGBUILDDIR>>=. -fstack-protector-strong -Wformat -Werror=format-security -Wdate-time -D_FORTIFY_SOURCE=2' QMAKE_LFLAGS_RELEASE=-Wl,-z,relro QMAKE_LFLAGS_DEBUG=-Wl,-z,relro QMAKE_STRIP=: PREFIX=/usr LIBDIR=lib/x86_64-linux-gnu ) && make -f Makefile 
make[4]: Entering directory '/<<PKGBUILDDIR>>/tests/http/qdjangofastcgiserver'
clang++ -pipe -g -O2 -fdebug-prefix-map=/<<PKGBUILDDIR>>=. -fstack-protector-strong -Wformat -Werror=format-security -Wdate-time -D_FORTIFY_SOURCE=2 -Wall -W -dM -E -o moc_predefs.h /usr/lib/x86_64-linux-gnu/qt5/mkspecs/features/data/dummy.cpp
/usr/lib/qt5/bin/moc -DQDJANGO_SHARED -DQT_NO_DEBUG -DQT_TESTLIB_LIB -DQT_NETWORK_LIB -DQT_CORE_LIB -DQT_TESTCASE_BUILDDIR='"/<<PKGBUILDDIR>>/tests/http/qdjangofastcgiserver"' --include /<<PKGBUILDDIR>>/tests/http/qdjangofastcgiserver/moc_predefs.h -I/usr/lib/x86_64-linux-gnu/qt5/mkspecs/linux-g++ -I/<<PKGBUILDDIR>>/tests/http/qdjangofastcgiserver -I/<<PKGBUILDDIR>>/tests -I/<<PKGBUILDDIR>>/src/db -I/<<PKGBUILDDIR>>/src/http -I/usr/include/x86_64-linux-gnu/qt5 -I/usr/include/x86_64-linux-gnu/qt5/QtTest -I/usr/include/x86_64-linux-gnu/qt5/QtNetwork -I/usr/include/x86_64-linux-gnu/qt5/QtCore -I/usr/include/c++/9 -I/usr/include/x86_64-linux-gnu/c++/9 -I/usr/include/c++/9/backward -I/usr/local/include -I/usr/lib/llvm-10/lib/clang/10.0.0/include -I/usr/include/x86_64-linux-gnu -I/usr/include tst_qdjangofastcgiserver.cpp -o tst_qdjangofastcgiserver.moc
clang++ -c -pipe -g -O2 -fdebug-prefix-map=/<<PKGBUILDDIR>>=. -fstack-protector-strong -Wformat -Werror=format-security -Wdate-time -D_FORTIFY_SOURCE=2 -Wall -W -D_REENTRANT -fPIC -DQDJANGO_SHARED -DQT_NO_DEBUG -DQT_TESTLIB_LIB -DQT_NETWORK_LIB -DQT_CORE_LIB -DQT_TESTCASE_BUILDDIR='"/<<PKGBUILDDIR>>/tests/http/qdjangofastcgiserver"' -I. -I../../../tests -I../../../src/db -I../../../src/http -isystem /usr/include/x86_64-linux-gnu/qt5 -isystem /usr/include/x86_64-linux-gnu/qt5/QtTest -isystem /usr/include/x86_64-linux-gnu/qt5/QtNetwork -isystem /usr/include/x86_64-linux-gnu/qt5/QtCore -I. -I/usr/lib/x86_64-linux-gnu/qt5/mkspecs/linux-g++ -o tst_qdjangofastcgiserver.o tst_qdjangofastcgiserver.cpp
clang++ -ccc-gcc-name g++ -Wl,-z,relro -Wl,-rpath,/<<PKGBUILDDIR>>/tests/http/qdjangofastcgiserver/../../../src/db -Wl,-rpath,/<<PKGBUILDDIR>>/tests/http/qdjangofastcgiserver/../../../src/http -o tst_qdjangofastcgiserver tst_qdjangofastcgiserver.o   -L../../../src/http -lqdjango-http /usr/lib/x86_64-linux-gnu/libQt5Test.so /usr/lib/x86_64-linux-gnu/libQt5Network.so /usr/lib/x86_64-linux-gnu/libQt5Core.so -lpthread   
make[4]: Leaving directory '/<<PKGBUILDDIR>>/tests/http/qdjangofastcgiserver'
cd qdjangohttpcontroller/ && ( test -e Makefile || /usr/lib/qt5/bin/qmake -o Makefile /<<PKGBUILDDIR>>/tests/http/qdjangohttpcontroller/qdjangohttpcontroller.pro 'QMAKE_CFLAGS_RELEASE=-g -O2 -fdebug-prefix-map=/<<PKGBUILDDIR>>=. -fstack-protector-strong -Wformat -Werror=format-security -Wdate-time -D_FORTIFY_SOURCE=2' 'QMAKE_CFLAGS_DEBUG=-g -O2 -fdebug-prefix-map=/<<PKGBUILDDIR>>=. -fstack-protector-strong -Wformat -Werror=format-security -Wdate-time -D_FORTIFY_SOURCE=2' 'QMAKE_CXXFLAGS_RELEASE=-g -O2 -fdebug-prefix-map=/<<PKGBUILDDIR>>=. -fstack-protector-strong -Wformat -Werror=format-security -Wdate-time -D_FORTIFY_SOURCE=2' 'QMAKE_CXXFLAGS_DEBUG=-g -O2 -fdebug-prefix-map=/<<PKGBUILDDIR>>=. -fstack-protector-strong -Wformat -Werror=format-security -Wdate-time -D_FORTIFY_SOURCE=2' QMAKE_LFLAGS_RELEASE=-Wl,-z,relro QMAKE_LFLAGS_DEBUG=-Wl,-z,relro QMAKE_STRIP=: PREFIX=/usr LIBDIR=lib/x86_64-linux-gnu ) && make -f Makefile 
make[4]: Entering directory '/<<PKGBUILDDIR>>/tests/http/qdjangohttpcontroller'
clang++ -pipe -g -O2 -fdebug-prefix-map=/<<PKGBUILDDIR>>=. -fstack-protector-strong -Wformat -Werror=format-security -Wdate-time -D_FORTIFY_SOURCE=2 -Wall -W -dM -E -o moc_predefs.h /usr/lib/x86_64-linux-gnu/qt5/mkspecs/features/data/dummy.cpp
/usr/lib/qt5/bin/moc -DQDJANGO_SHARED -DQT_NO_DEBUG -DQT_TESTLIB_LIB -DQT_NETWORK_LIB -DQT_CORE_LIB -DQT_TESTCASE_BUILDDIR='"/<<PKGBUILDDIR>>/tests/http/qdjangohttpcontroller"' --include /<<PKGBUILDDIR>>/tests/http/qdjangohttpcontroller/moc_predefs.h -I/usr/lib/x86_64-linux-gnu/qt5/mkspecs/linux-g++ -I/<<PKGBUILDDIR>>/tests/http/qdjangohttpcontroller -I/<<PKGBUILDDIR>>/tests -I/<<PKGBUILDDIR>>/src/db -I/<<PKGBUILDDIR>>/src/http -I/usr/include/x86_64-linux-gnu/qt5 -I/usr/include/x86_64-linux-gnu/qt5/QtTest -I/usr/include/x86_64-linux-gnu/qt5/QtNetwork -I/usr/include/x86_64-linux-gnu/qt5/QtCore -I/usr/include/c++/9 -I/usr/include/x86_64-linux-gnu/c++/9 -I/usr/include/c++/9/backward -I/usr/local/include -I/usr/lib/llvm-10/lib/clang/10.0.0/include -I/usr/include/x86_64-linux-gnu -I/usr/include tst_qdjangohttpcontroller.cpp -o tst_qdjangohttpcontroller.moc
clang++ -c -pipe -g -O2 -fdebug-prefix-map=/<<PKGBUILDDIR>>=. -fstack-protector-strong -Wformat -Werror=format-security -Wdate-time -D_FORTIFY_SOURCE=2 -Wall -W -D_REENTRANT -fPIC -DQDJANGO_SHARED -DQT_NO_DEBUG -DQT_TESTLIB_LIB -DQT_NETWORK_LIB -DQT_CORE_LIB -DQT_TESTCASE_BUILDDIR='"/<<PKGBUILDDIR>>/tests/http/qdjangohttpcontroller"' -I. -I../../../tests -I../../../src/db -I../../../src/http -isystem /usr/include/x86_64-linux-gnu/qt5 -isystem /usr/include/x86_64-linux-gnu/qt5/QtTest -isystem /usr/include/x86_64-linux-gnu/qt5/QtNetwork -isystem /usr/include/x86_64-linux-gnu/qt5/QtCore -I. -I/usr/lib/x86_64-linux-gnu/qt5/mkspecs/linux-g++ -o tst_qdjangohttpcontroller.o tst_qdjangohttpcontroller.cpp
/usr/lib/qt5/bin/rcc -name tst_qdjangohttpcontroller tst_qdjangohttpcontroller.qrc -o qrc_tst_qdjangohttpcontroller.cpp
clang++ -c -pipe -g -O2 -fdebug-prefix-map=/<<PKGBUILDDIR>>=. -fstack-protector-strong -Wformat -Werror=format-security -Wdate-time -D_FORTIFY_SOURCE=2 -Wall -W -D_REENTRANT -fPIC -DQDJANGO_SHARED -DQT_NO_DEBUG -DQT_TESTLIB_LIB -DQT_NETWORK_LIB -DQT_CORE_LIB -DQT_TESTCASE_BUILDDIR='"/<<PKGBUILDDIR>>/tests/http/qdjangohttpcontroller"' -I. -I../../../tests -I../../../src/db -I../../../src/http -isystem /usr/include/x86_64-linux-gnu/qt5 -isystem /usr/include/x86_64-linux-gnu/qt5/QtTest -isystem /usr/include/x86_64-linux-gnu/qt5/QtNetwork -isystem /usr/include/x86_64-linux-gnu/qt5/QtCore -I. -I/usr/lib/x86_64-linux-gnu/qt5/mkspecs/linux-g++ -o qrc_tst_qdjangohttpcontroller.o qrc_tst_qdjangohttpcontroller.cpp
clang++ -ccc-gcc-name g++ -Wl,-z,relro -Wl,-rpath,/<<PKGBUILDDIR>>/tests/http/qdjangohttpcontroller/../../../src/db -Wl,-rpath,/<<PKGBUILDDIR>>/tests/http/qdjangohttpcontroller/../../../src/http -o tst_qdjangohttpcontroller tst_qdjangohttpcontroller.o qrc_tst_qdjangohttpcontroller.o   -L../../../src/http -lqdjango-http /usr/lib/x86_64-linux-gnu/libQt5Test.so /usr/lib/x86_64-linux-gnu/libQt5Network.so /usr/lib/x86_64-linux-gnu/libQt5Core.so -lpthread   
make[4]: Leaving directory '/<<PKGBUILDDIR>>/tests/http/qdjangohttpcontroller'
cd qdjangohttprequest/ && ( test -e Makefile || /usr/lib/qt5/bin/qmake -o Makefile /<<PKGBUILDDIR>>/tests/http/qdjangohttprequest/qdjangohttprequest.pro 'QMAKE_CFLAGS_RELEASE=-g -O2 -fdebug-prefix-map=/<<PKGBUILDDIR>>=. -fstack-protector-strong -Wformat -Werror=format-security -Wdate-time -D_FORTIFY_SOURCE=2' 'QMAKE_CFLAGS_DEBUG=-g -O2 -fdebug-prefix-map=/<<PKGBUILDDIR>>=. -fstack-protector-strong -Wformat -Werror=format-security -Wdate-time -D_FORTIFY_SOURCE=2' 'QMAKE_CXXFLAGS_RELEASE=-g -O2 -fdebug-prefix-map=/<<PKGBUILDDIR>>=. -fstack-protector-strong -Wformat -Werror=format-security -Wdate-time -D_FORTIFY_SOURCE=2' 'QMAKE_CXXFLAGS_DEBUG=-g -O2 -fdebug-prefix-map=/<<PKGBUILDDIR>>=. -fstack-protector-strong -Wformat -Werror=format-security -Wdate-time -D_FORTIFY_SOURCE=2' QMAKE_LFLAGS_RELEASE=-Wl,-z,relro QMAKE_LFLAGS_DEBUG=-Wl,-z,relro QMAKE_STRIP=: PREFIX=/usr LIBDIR=lib/x86_64-linux-gnu ) && make -f Makefile 
make[4]: Entering directory '/<<PKGBUILDDIR>>/tests/http/qdjangohttprequest'
clang++ -pipe -g -O2 -fdebug-prefix-map=/<<PKGBUILDDIR>>=. -fstack-protector-strong -Wformat -Werror=format-security -Wdate-time -D_FORTIFY_SOURCE=2 -Wall -W -dM -E -o moc_predefs.h /usr/lib/x86_64-linux-gnu/qt5/mkspecs/features/data/dummy.cpp
/usr/lib/qt5/bin/moc -DQDJANGO_SHARED -DQT_NO_DEBUG -DQT_TESTLIB_LIB -DQT_NETWORK_LIB -DQT_CORE_LIB -DQT_TESTCASE_BUILDDIR='"/<<PKGBUILDDIR>>/tests/http/qdjangohttprequest"' --include /<<PKGBUILDDIR>>/tests/http/qdjangohttprequest/moc_predefs.h -I/usr/lib/x86_64-linux-gnu/qt5/mkspecs/linux-g++ -I/<<PKGBUILDDIR>>/tests/http/qdjangohttprequest -I/<<PKGBUILDDIR>>/tests -I/<<PKGBUILDDIR>>/src/db -I/<<PKGBUILDDIR>>/src/http -I/usr/include/x86_64-linux-gnu/qt5 -I/usr/include/x86_64-linux-gnu/qt5/QtTest -I/usr/include/x86_64-linux-gnu/qt5/QtNetwork -I/usr/include/x86_64-linux-gnu/qt5/QtCore -I/usr/include/c++/9 -I/usr/include/x86_64-linux-gnu/c++/9 -I/usr/include/c++/9/backward -I/usr/local/include -I/usr/lib/llvm-10/lib/clang/10.0.0/include -I/usr/include/x86_64-linux-gnu -I/usr/include tst_qdjangohttprequest.cpp -o tst_qdjangohttprequest.moc
clang++ -c -pipe -g -O2 -fdebug-prefix-map=/<<PKGBUILDDIR>>=. -fstack-protector-strong -Wformat -Werror=format-security -Wdate-time -D_FORTIFY_SOURCE=2 -Wall -W -D_REENTRANT -fPIC -DQDJANGO_SHARED -DQT_NO_DEBUG -DQT_TESTLIB_LIB -DQT_NETWORK_LIB -DQT_CORE_LIB -DQT_TESTCASE_BUILDDIR='"/<<PKGBUILDDIR>>/tests/http/qdjangohttprequest"' -I. -I../../../tests -I../../../src/db -I../../../src/http -isystem /usr/include/x86_64-linux-gnu/qt5 -isystem /usr/include/x86_64-linux-gnu/qt5/QtTest -isystem /usr/include/x86_64-linux-gnu/qt5/QtNetwork -isystem /usr/include/x86_64-linux-gnu/qt5/QtCore -I. -I/usr/lib/x86_64-linux-gnu/qt5/mkspecs/linux-g++ -o tst_qdjangohttprequest.o tst_qdjangohttprequest.cpp
clang++ -ccc-gcc-name g++ -Wl,-z,relro -Wl,-rpath,/<<PKGBUILDDIR>>/tests/http/qdjangohttprequest/../../../src/db -Wl,-rpath,/<<PKGBUILDDIR>>/tests/http/qdjangohttprequest/../../../src/http -o tst_qdjangohttprequest tst_qdjangohttprequest.o   -L../../../src/http -lqdjango-http /usr/lib/x86_64-linux-gnu/libQt5Test.so /usr/lib/x86_64-linux-gnu/libQt5Network.so /usr/lib/x86_64-linux-gnu/libQt5Core.so -lpthread   
make[4]: Leaving directory '/<<PKGBUILDDIR>>/tests/http/qdjangohttprequest'
cd qdjangohttpresponse/ && ( test -e Makefile || /usr/lib/qt5/bin/qmake -o Makefile /<<PKGBUILDDIR>>/tests/http/qdjangohttpresponse/qdjangohttpresponse.pro 'QMAKE_CFLAGS_RELEASE=-g -O2 -fdebug-prefix-map=/<<PKGBUILDDIR>>=. -fstack-protector-strong -Wformat -Werror=format-security -Wdate-time -D_FORTIFY_SOURCE=2' 'QMAKE_CFLAGS_DEBUG=-g -O2 -fdebug-prefix-map=/<<PKGBUILDDIR>>=. -fstack-protector-strong -Wformat -Werror=format-security -Wdate-time -D_FORTIFY_SOURCE=2' 'QMAKE_CXXFLAGS_RELEASE=-g -O2 -fdebug-prefix-map=/<<PKGBUILDDIR>>=. -fstack-protector-strong -Wformat -Werror=format-security -Wdate-time -D_FORTIFY_SOURCE=2' 'QMAKE_CXXFLAGS_DEBUG=-g -O2 -fdebug-prefix-map=/<<PKGBUILDDIR>>=. -fstack-protector-strong -Wformat -Werror=format-security -Wdate-time -D_FORTIFY_SOURCE=2' QMAKE_LFLAGS_RELEASE=-Wl,-z,relro QMAKE_LFLAGS_DEBUG=-Wl,-z,relro QMAKE_STRIP=: PREFIX=/usr LIBDIR=lib/x86_64-linux-gnu ) && make -f Makefile 
make[4]: Entering directory '/<<PKGBUILDDIR>>/tests/http/qdjangohttpresponse'
clang++ -pipe -g -O2 -fdebug-prefix-map=/<<PKGBUILDDIR>>=. -fstack-protector-strong -Wformat -Werror=format-security -Wdate-time -D_FORTIFY_SOURCE=2 -Wall -W -dM -E -o moc_predefs.h /usr/lib/x86_64-linux-gnu/qt5/mkspecs/features/data/dummy.cpp
/usr/lib/qt5/bin/moc -DQDJANGO_SHARED -DQT_NO_DEBUG -DQT_TESTLIB_LIB -DQT_NETWORK_LIB -DQT_CORE_LIB -DQT_TESTCASE_BUILDDIR='"/<<PKGBUILDDIR>>/tests/http/qdjangohttpresponse"' --include /<<PKGBUILDDIR>>/tests/http/qdjangohttpresponse/moc_predefs.h -I/usr/lib/x86_64-linux-gnu/qt5/mkspecs/linux-g++ -I/<<PKGBUILDDIR>>/tests/http/qdjangohttpresponse -I/<<PKGBUILDDIR>>/tests -I/<<PKGBUILDDIR>>/src/db -I/<<PKGBUILDDIR>>/src/http -I/usr/include/x86_64-linux-gnu/qt5 -I/usr/include/x86_64-linux-gnu/qt5/QtTest -I/usr/include/x86_64-linux-gnu/qt5/QtNetwork -I/usr/include/x86_64-linux-gnu/qt5/QtCore -I/usr/include/c++/9 -I/usr/include/x86_64-linux-gnu/c++/9 -I/usr/include/c++/9/backward -I/usr/local/include -I/usr/lib/llvm-10/lib/clang/10.0.0/include -I/usr/include/x86_64-linux-gnu -I/usr/include tst_qdjangohttpresponse.cpp -o tst_qdjangohttpresponse.moc
clang++ -c -pipe -g -O2 -fdebug-prefix-map=/<<PKGBUILDDIR>>=. -fstack-protector-strong -Wformat -Werror=format-security -Wdate-time -D_FORTIFY_SOURCE=2 -Wall -W -D_REENTRANT -fPIC -DQDJANGO_SHARED -DQT_NO_DEBUG -DQT_TESTLIB_LIB -DQT_NETWORK_LIB -DQT_CORE_LIB -DQT_TESTCASE_BUILDDIR='"/<<PKGBUILDDIR>>/tests/http/qdjangohttpresponse"' -I. -I../../../tests -I../../../src/db -I../../../src/http -isystem /usr/include/x86_64-linux-gnu/qt5 -isystem /usr/include/x86_64-linux-gnu/qt5/QtTest -isystem /usr/include/x86_64-linux-gnu/qt5/QtNetwork -isystem /usr/include/x86_64-linux-gnu/qt5/QtCore -I. -I/usr/lib/x86_64-linux-gnu/qt5/mkspecs/linux-g++ -o tst_qdjangohttpresponse.o tst_qdjangohttpresponse.cpp
clang++ -ccc-gcc-name g++ -Wl,-z,relro -Wl,-rpath,/<<PKGBUILDDIR>>/tests/http/qdjangohttpresponse/../../../src/db -Wl,-rpath,/<<PKGBUILDDIR>>/tests/http/qdjangohttpresponse/../../../src/http -o tst_qdjangohttpresponse tst_qdjangohttpresponse.o   -L../../../src/http -lqdjango-http /usr/lib/x86_64-linux-gnu/libQt5Test.so /usr/lib/x86_64-linux-gnu/libQt5Network.so /usr/lib/x86_64-linux-gnu/libQt5Core.so -lpthread   
make[4]: Leaving directory '/<<PKGBUILDDIR>>/tests/http/qdjangohttpresponse'
cd qdjangohttpserver/ && ( test -e Makefile || /usr/lib/qt5/bin/qmake -o Makefile /<<PKGBUILDDIR>>/tests/http/qdjangohttpserver/qdjangohttpserver.pro 'QMAKE_CFLAGS_RELEASE=-g -O2 -fdebug-prefix-map=/<<PKGBUILDDIR>>=. -fstack-protector-strong -Wformat -Werror=format-security -Wdate-time -D_FORTIFY_SOURCE=2' 'QMAKE_CFLAGS_DEBUG=-g -O2 -fdebug-prefix-map=/<<PKGBUILDDIR>>=. -fstack-protector-strong -Wformat -Werror=format-security -Wdate-time -D_FORTIFY_SOURCE=2' 'QMAKE_CXXFLAGS_RELEASE=-g -O2 -fdebug-prefix-map=/<<PKGBUILDDIR>>=. -fstack-protector-strong -Wformat -Werror=format-security -Wdate-time -D_FORTIFY_SOURCE=2' 'QMAKE_CXXFLAGS_DEBUG=-g -O2 -fdebug-prefix-map=/<<PKGBUILDDIR>>=. -fstack-protector-strong -Wformat -Werror=format-security -Wdate-time -D_FORTIFY_SOURCE=2' QMAKE_LFLAGS_RELEASE=-Wl,-z,relro QMAKE_LFLAGS_DEBUG=-Wl,-z,relro QMAKE_STRIP=: PREFIX=/usr LIBDIR=lib/x86_64-linux-gnu ) && make -f Makefile 
make[4]: Entering directory '/<<PKGBUILDDIR>>/tests/http/qdjangohttpserver'
clang++ -pipe -g -O2 -fdebug-prefix-map=/<<PKGBUILDDIR>>=. -fstack-protector-strong -Wformat -Werror=format-security -Wdate-time -D_FORTIFY_SOURCE=2 -Wall -W -dM -E -o moc_predefs.h /usr/lib/x86_64-linux-gnu/qt5/mkspecs/features/data/dummy.cpp
/usr/lib/qt5/bin/moc -DQDJANGO_SHARED -DQT_NO_DEBUG -DQT_TESTLIB_LIB -DQT_NETWORK_LIB -DQT_CORE_LIB -DQT_TESTCASE_BUILDDIR='"/<<PKGBUILDDIR>>/tests/http/qdjangohttpserver"' --include /<<PKGBUILDDIR>>/tests/http/qdjangohttpserver/moc_predefs.h -I/usr/lib/x86_64-linux-gnu/qt5/mkspecs/linux-g++ -I/<<PKGBUILDDIR>>/tests/http/qdjangohttpserver -I/<<PKGBUILDDIR>>/tests -I/<<PKGBUILDDIR>>/src/db -I/<<PKGBUILDDIR>>/src/http -I/usr/include/x86_64-linux-gnu/qt5 -I/usr/include/x86_64-linux-gnu/qt5/QtTest -I/usr/include/x86_64-linux-gnu/qt5/QtNetwork -I/usr/include/x86_64-linux-gnu/qt5/QtCore -I/usr/include/c++/9 -I/usr/include/x86_64-linux-gnu/c++/9 -I/usr/include/c++/9/backward -I/usr/local/include -I/usr/lib/llvm-10/lib/clang/10.0.0/include -I/usr/include/x86_64-linux-gnu -I/usr/include tst_qdjangohttpserver.cpp -o tst_qdjangohttpserver.moc
clang++ -c -pipe -g -O2 -fdebug-prefix-map=/<<PKGBUILDDIR>>=. -fstack-protector-strong -Wformat -Werror=format-security -Wdate-time -D_FORTIFY_SOURCE=2 -Wall -W -D_REENTRANT -fPIC -DQDJANGO_SHARED -DQT_NO_DEBUG -DQT_TESTLIB_LIB -DQT_NETWORK_LIB -DQT_CORE_LIB -DQT_TESTCASE_BUILDDIR='"/<<PKGBUILDDIR>>/tests/http/qdjangohttpserver"' -I. -I../../../tests -I../../../src/db -I../../../src/http -isystem /usr/include/x86_64-linux-gnu/qt5 -isystem /usr/include/x86_64-linux-gnu/qt5/QtTest -isystem /usr/include/x86_64-linux-gnu/qt5/QtNetwork -isystem /usr/include/x86_64-linux-gnu/qt5/QtCore -I. -I/usr/lib/x86_64-linux-gnu/qt5/mkspecs/linux-g++ -o tst_qdjangohttpserver.o tst_qdjangohttpserver.cpp
clang++ -ccc-gcc-name g++ -Wl,-z,relro -Wl,-rpath,/<<PKGBUILDDIR>>/tests/http/qdjangohttpserver/../../../src/db -Wl,-rpath,/<<PKGBUILDDIR>>/tests/http/qdjangohttpserver/../../../src/http -o tst_qdjangohttpserver tst_qdjangohttpserver.o   -L../../../src/http -lqdjango-http /usr/lib/x86_64-linux-gnu/libQt5Test.so /usr/lib/x86_64-linux-gnu/libQt5Network.so /usr/lib/x86_64-linux-gnu/libQt5Core.so -lpthread   
make[4]: Leaving directory '/<<PKGBUILDDIR>>/tests/http/qdjangohttpserver'
cd qdjangourlresolver/ && ( test -e Makefile || /usr/lib/qt5/bin/qmake -o Makefile /<<PKGBUILDDIR>>/tests/http/qdjangourlresolver/qdjangourlresolver.pro 'QMAKE_CFLAGS_RELEASE=-g -O2 -fdebug-prefix-map=/<<PKGBUILDDIR>>=. -fstack-protector-strong -Wformat -Werror=format-security -Wdate-time -D_FORTIFY_SOURCE=2' 'QMAKE_CFLAGS_DEBUG=-g -O2 -fdebug-prefix-map=/<<PKGBUILDDIR>>=. -fstack-protector-strong -Wformat -Werror=format-security -Wdate-time -D_FORTIFY_SOURCE=2' 'QMAKE_CXXFLAGS_RELEASE=-g -O2 -fdebug-prefix-map=/<<PKGBUILDDIR>>=. -fstack-protector-strong -Wformat -Werror=format-security -Wdate-time -D_FORTIFY_SOURCE=2' 'QMAKE_CXXFLAGS_DEBUG=-g -O2 -fdebug-prefix-map=/<<PKGBUILDDIR>>=. -fstack-protector-strong -Wformat -Werror=format-security -Wdate-time -D_FORTIFY_SOURCE=2' QMAKE_LFLAGS_RELEASE=-Wl,-z,relro QMAKE_LFLAGS_DEBUG=-Wl,-z,relro QMAKE_STRIP=: PREFIX=/usr LIBDIR=lib/x86_64-linux-gnu ) && make -f Makefile 
make[4]: Entering directory '/<<PKGBUILDDIR>>/tests/http/qdjangourlresolver'
clang++ -pipe -g -O2 -fdebug-prefix-map=/<<PKGBUILDDIR>>=. -fstack-protector-strong -Wformat -Werror=format-security -Wdate-time -D_FORTIFY_SOURCE=2 -Wall -W -dM -E -o moc_predefs.h /usr/lib/x86_64-linux-gnu/qt5/mkspecs/features/data/dummy.cpp
/usr/lib/qt5/bin/moc -DQDJANGO_SHARED -DQT_NO_DEBUG -DQT_TESTLIB_LIB -DQT_NETWORK_LIB -DQT_CORE_LIB -DQT_TESTCASE_BUILDDIR='"/<<PKGBUILDDIR>>/tests/http/qdjangourlresolver"' --include /<<PKGBUILDDIR>>/tests/http/qdjangourlresolver/moc_predefs.h -I/usr/lib/x86_64-linux-gnu/qt5/mkspecs/linux-g++ -I/<<PKGBUILDDIR>>/tests/http/qdjangourlresolver -I/<<PKGBUILDDIR>>/tests -I/<<PKGBUILDDIR>>/src/db -I/<<PKGBUILDDIR>>/src/http -I/usr/include/x86_64-linux-gnu/qt5 -I/usr/include/x86_64-linux-gnu/qt5/QtTest -I/usr/include/x86_64-linux-gnu/qt5/QtNetwork -I/usr/include/x86_64-linux-gnu/qt5/QtCore -I/usr/include/c++/9 -I/usr/include/x86_64-linux-gnu/c++/9 -I/usr/include/c++/9/backward -I/usr/local/include -I/usr/lib/llvm-10/lib/clang/10.0.0/include -I/usr/include/x86_64-linux-gnu -I/usr/include tst_qdjangourlresolver.cpp -o tst_qdjangourlresolver.moc
clang++ -c -pipe -g -O2 -fdebug-prefix-map=/<<PKGBUILDDIR>>=. -fstack-protector-strong -Wformat -Werror=format-security -Wdate-time -D_FORTIFY_SOURCE=2 -Wall -W -D_REENTRANT -fPIC -DQDJANGO_SHARED -DQT_NO_DEBUG -DQT_TESTLIB_LIB -DQT_NETWORK_LIB -DQT_CORE_LIB -DQT_TESTCASE_BUILDDIR='"/<<PKGBUILDDIR>>/tests/http/qdjangourlresolver"' -I. -I../../../tests -I../../../src/db -I../../../src/http -isystem /usr/include/x86_64-linux-gnu/qt5 -isystem /usr/include/x86_64-linux-gnu/qt5/QtTest -isystem /usr/include/x86_64-linux-gnu/qt5/QtNetwork -isystem /usr/include/x86_64-linux-gnu/qt5/QtCore -I. -I/usr/lib/x86_64-linux-gnu/qt5/mkspecs/linux-g++ -o tst_qdjangourlresolver.o tst_qdjangourlresolver.cpp
clang++ -ccc-gcc-name g++ -Wl,-z,relro -Wl,-rpath,/<<PKGBUILDDIR>>/tests/http/qdjangourlresolver/../../../src/db -Wl,-rpath,/<<PKGBUILDDIR>>/tests/http/qdjangourlresolver/../../../src/http -o tst_qdjangourlresolver tst_qdjangourlresolver.o   -L../../../src/http -lqdjango-http /usr/lib/x86_64-linux-gnu/libQt5Test.so /usr/lib/x86_64-linux-gnu/libQt5Network.so /usr/lib/x86_64-linux-gnu/libQt5Core.so -lpthread   
make[4]: Leaving directory '/<<PKGBUILDDIR>>/tests/http/qdjangourlresolver'
make[3]: Leaving directory '/<<PKGBUILDDIR>>/tests/http'
make[2]: Leaving directory '/<<PKGBUILDDIR>>/tests'
cd examples/ && ( test -e Makefile || /usr/lib/qt5/bin/qmake -o Makefile /<<PKGBUILDDIR>>/examples/examples.pro 'QMAKE_CFLAGS_RELEASE=-g -O2 -fdebug-prefix-map=/<<PKGBUILDDIR>>=. -fstack-protector-strong -Wformat -Werror=format-security -Wdate-time -D_FORTIFY_SOURCE=2' 'QMAKE_CFLAGS_DEBUG=-g -O2 -fdebug-prefix-map=/<<PKGBUILDDIR>>=. -fstack-protector-strong -Wformat -Werror=format-security -Wdate-time -D_FORTIFY_SOURCE=2' 'QMAKE_CXXFLAGS_RELEASE=-g -O2 -fdebug-prefix-map=/<<PKGBUILDDIR>>=. -fstack-protector-strong -Wformat -Werror=format-security -Wdate-time -D_FORTIFY_SOURCE=2' 'QMAKE_CXXFLAGS_DEBUG=-g -O2 -fdebug-prefix-map=/<<PKGBUILDDIR>>=. -fstack-protector-strong -Wformat -Werror=format-security -Wdate-time -D_FORTIFY_SOURCE=2' QMAKE_LFLAGS_RELEASE=-Wl,-z,relro QMAKE_LFLAGS_DEBUG=-Wl,-z,relro QMAKE_STRIP=: PREFIX=/usr LIBDIR=lib/x86_64-linux-gnu ) && make -f Makefile 
make[2]: Entering directory '/<<PKGBUILDDIR>>/examples'
cd http-server/ && ( test -e Makefile || /usr/lib/qt5/bin/qmake -o Makefile /<<PKGBUILDDIR>>/examples/http-server/http-server.pro 'QMAKE_CFLAGS_RELEASE=-g -O2 -fdebug-prefix-map=/<<PKGBUILDDIR>>=. -fstack-protector-strong -Wformat -Werror=format-security -Wdate-time -D_FORTIFY_SOURCE=2' 'QMAKE_CFLAGS_DEBUG=-g -O2 -fdebug-prefix-map=/<<PKGBUILDDIR>>=. -fstack-protector-strong -Wformat -Werror=format-security -Wdate-time -D_FORTIFY_SOURCE=2' 'QMAKE_CXXFLAGS_RELEASE=-g -O2 -fdebug-prefix-map=/<<PKGBUILDDIR>>=. -fstack-protector-strong -Wformat -Werror=format-security -Wdate-time -D_FORTIFY_SOURCE=2' 'QMAKE_CXXFLAGS_DEBUG=-g -O2 -fdebug-prefix-map=/<<PKGBUILDDIR>>=. -fstack-protector-strong -Wformat -Werror=format-security -Wdate-time -D_FORTIFY_SOURCE=2' QMAKE_LFLAGS_RELEASE=-Wl,-z,relro QMAKE_LFLAGS_DEBUG=-Wl,-z,relro QMAKE_STRIP=: PREFIX=/usr LIBDIR=lib/x86_64-linux-gnu ) && make -f Makefile 
make[3]: Entering directory '/<<PKGBUILDDIR>>/examples/http-server'
clang++ -c -pipe -g -O2 -fdebug-prefix-map=/<<PKGBUILDDIR>>=. -fstack-protector-strong -Wformat -Werror=format-security -Wdate-time -D_FORTIFY_SOURCE=2 -Wall -W -D_REENTRANT -fPIC -DQDJANGO_SHARED -DQT_NO_DEBUG -DQT_GUI_LIB -DQT_NETWORK_LIB -DQT_SQL_LIB -DQT_CORE_LIB -I. -I../../tests/db -I../../src/db -I../../src/http -isystem /usr/include/x86_64-linux-gnu/qt5 -isystem /usr/include/x86_64-linux-gnu/qt5/QtGui -isystem /usr/include/x86_64-linux-gnu/qt5/QtNetwork -isystem /usr/include/x86_64-linux-gnu/qt5/QtSql -isystem /usr/include/x86_64-linux-gnu/qt5/QtCore -I. -I/usr/lib/x86_64-linux-gnu/qt5/mkspecs/linux-g++ -o http-server.o http-server.cpp
clang++ -c -pipe -g -O2 -fdebug-prefix-map=/<<PKGBUILDDIR>>=. -fstack-protector-strong -Wformat -Werror=format-security -Wdate-time -D_FORTIFY_SOURCE=2 -Wall -W -D_REENTRANT -fPIC -DQDJANGO_SHARED -DQT_NO_DEBUG -DQT_GUI_LIB -DQT_NETWORK_LIB -DQT_SQL_LIB -DQT_CORE_LIB -I. -I../../tests/db -I../../src/db -I../../src/http -isystem /usr/include/x86_64-linux-gnu/qt5 -isystem /usr/include/x86_64-linux-gnu/qt5/QtGui -isystem /usr/include/x86_64-linux-gnu/qt5/QtNetwork -isystem /usr/include/x86_64-linux-gnu/qt5/QtSql -isystem /usr/include/x86_64-linux-gnu/qt5/QtCore -I. -I/usr/lib/x86_64-linux-gnu/qt5/mkspecs/linux-g++ -o auth-models.o ../../tests/db/auth-models.cpp
/usr/lib/qt5/bin/rcc -name http-server http-server.qrc -o qrc_http-server.cpp
clang++ -c -pipe -g -O2 -fdebug-prefix-map=/<<PKGBUILDDIR>>=. -fstack-protector-strong -Wformat -Werror=format-security -Wdate-time -D_FORTIFY_SOURCE=2 -Wall -W -D_REENTRANT -fPIC -DQDJANGO_SHARED -DQT_NO_DEBUG -DQT_GUI_LIB -DQT_NETWORK_LIB -DQT_SQL_LIB -DQT_CORE_LIB -I. -I../../tests/db -I../../src/db -I../../src/http -isystem /usr/include/x86_64-linux-gnu/qt5 -isystem /usr/include/x86_64-linux-gnu/qt5/QtGui -isystem /usr/include/x86_64-linux-gnu/qt5/QtNetwork -isystem /usr/include/x86_64-linux-gnu/qt5/QtSql -isystem /usr/include/x86_64-linux-gnu/qt5/QtCore -I. -I/usr/lib/x86_64-linux-gnu/qt5/mkspecs/linux-g++ -o qrc_http-server.o qrc_http-server.cpp
clang++ -pipe -g -O2 -fdebug-prefix-map=/<<PKGBUILDDIR>>=. -fstack-protector-strong -Wformat -Werror=format-security -Wdate-time -D_FORTIFY_SOURCE=2 -Wall -W -dM -E -o moc_predefs.h /usr/lib/x86_64-linux-gnu/qt5/mkspecs/features/data/dummy.cpp
/usr/lib/qt5/bin/moc -DQDJANGO_SHARED -DQT_NO_DEBUG -DQT_GUI_LIB -DQT_NETWORK_LIB -DQT_SQL_LIB -DQT_CORE_LIB --include /<<PKGBUILDDIR>>/examples/http-server/moc_predefs.h -I/usr/lib/x86_64-linux-gnu/qt5/mkspecs/linux-g++ -I/<<PKGBUILDDIR>>/examples/http-server -I/<<PKGBUILDDIR>>/tests/db -I/<<PKGBUILDDIR>>/src/db -I/<<PKGBUILDDIR>>/src/http -I/usr/include/x86_64-linux-gnu/qt5 -I/usr/include/x86_64-linux-gnu/qt5/QtGui -I/usr/include/x86_64-linux-gnu/qt5/QtNetwork -I/usr/include/x86_64-linux-gnu/qt5/QtSql -I/usr/include/x86_64-linux-gnu/qt5/QtCore -I/usr/include/c++/9 -I/usr/include/x86_64-linux-gnu/c++/9 -I/usr/include/c++/9/backward -I/usr/local/include -I/usr/lib/llvm-10/lib/clang/10.0.0/include -I/usr/include/x86_64-linux-gnu -I/usr/include http-server.h -o moc_http-server.cpp
clang++ -c -pipe -g -O2 -fdebug-prefix-map=/<<PKGBUILDDIR>>=. -fstack-protector-strong -Wformat -Werror=format-security -Wdate-time -D_FORTIFY_SOURCE=2 -Wall -W -D_REENTRANT -fPIC -DQDJANGO_SHARED -DQT_NO_DEBUG -DQT_GUI_LIB -DQT_NETWORK_LIB -DQT_SQL_LIB -DQT_CORE_LIB -I. -I../../tests/db -I../../src/db -I../../src/http -isystem /usr/include/x86_64-linux-gnu/qt5 -isystem /usr/include/x86_64-linux-gnu/qt5/QtGui -isystem /usr/include/x86_64-linux-gnu/qt5/QtNetwork -isystem /usr/include/x86_64-linux-gnu/qt5/QtSql -isystem /usr/include/x86_64-linux-gnu/qt5/QtCore -I. -I/usr/lib/x86_64-linux-gnu/qt5/mkspecs/linux-g++ -o moc_http-server.o moc_http-server.cpp
/usr/lib/qt5/bin/moc -DQDJANGO_SHARED -DQT_NO_DEBUG -DQT_GUI_LIB -DQT_NETWORK_LIB -DQT_SQL_LIB -DQT_CORE_LIB --include /<<PKGBUILDDIR>>/examples/http-server/moc_predefs.h -I/usr/lib/x86_64-linux-gnu/qt5/mkspecs/linux-g++ -I/<<PKGBUILDDIR>>/examples/http-server -I/<<PKGBUILDDIR>>/tests/db -I/<<PKGBUILDDIR>>/src/db -I/<<PKGBUILDDIR>>/src/http -I/usr/include/x86_64-linux-gnu/qt5 -I/usr/include/x86_64-linux-gnu/qt5/QtGui -I/usr/include/x86_64-linux-gnu/qt5/QtNetwork -I/usr/include/x86_64-linux-gnu/qt5/QtSql -I/usr/include/x86_64-linux-gnu/qt5/QtCore -I/usr/include/c++/9 -I/usr/include/x86_64-linux-gnu/c++/9 -I/usr/include/c++/9/backward -I/usr/local/include -I/usr/lib/llvm-10/lib/clang/10.0.0/include -I/usr/include/x86_64-linux-gnu -I/usr/include ../../tests/db/auth-models.h -o moc_auth-models.cpp
clang++ -c -pipe -g -O2 -fdebug-prefix-map=/<<PKGBUILDDIR>>=. -fstack-protector-strong -Wformat -Werror=format-security -Wdate-time -D_FORTIFY_SOURCE=2 -Wall -W -D_REENTRANT -fPIC -DQDJANGO_SHARED -DQT_NO_DEBUG -DQT_GUI_LIB -DQT_NETWORK_LIB -DQT_SQL_LIB -DQT_CORE_LIB -I. -I../../tests/db -I../../src/db -I../../src/http -isystem /usr/include/x86_64-linux-gnu/qt5 -isystem /usr/include/x86_64-linux-gnu/qt5/QtGui -isystem /usr/include/x86_64-linux-gnu/qt5/QtNetwork -isystem /usr/include/x86_64-linux-gnu/qt5/QtSql -isystem /usr/include/x86_64-linux-gnu/qt5/QtCore -I. -I/usr/lib/x86_64-linux-gnu/qt5/mkspecs/linux-g++ -o moc_auth-models.o moc_auth-models.cpp
clang++ -ccc-gcc-name g++ -Wl,-z,relro -o qdjango-http-server http-server.o auth-models.o qrc_http-server.o moc_http-server.o moc_auth-models.o   -L../../src/db -lqdjango-db -L../../src/http -lqdjango-http /usr/lib/x86_64-linux-gnu/libQt5Gui.so /usr/lib/x86_64-linux-gnu/libQt5Network.so /usr/lib/x86_64-linux-gnu/libQt5Sql.so /usr/lib/x86_64-linux-gnu/libQt5Core.so /usr/lib/x86_64-linux-gnu/libGL.so -lpthread   
make[3]: Leaving directory '/<<PKGBUILDDIR>>/examples/http-server'
make[2]: Leaving directory '/<<PKGBUILDDIR>>/examples'
make[1]: Leaving directory '/<<PKGBUILDDIR>>'
   dh_auto_test
dh_auto_test: warning: Compatibility levels before 10 are deprecated (level 9 in use)
	make -j1 check
make[1]: Entering directory '/<<PKGBUILDDIR>>'
Makefile:364: warning: overriding recipe for target 'dist'
Makefile:322: warning: ignoring old recipe for target 'dist'
cd src/ && ( test -e Makefile || /usr/lib/qt5/bin/qmake -o Makefile /<<PKGBUILDDIR>>/src/src.pro 'QMAKE_CFLAGS_RELEASE=-g -O2 -fdebug-prefix-map=/<<PKGBUILDDIR>>=. -fstack-protector-strong -Wformat -Werror=format-security -Wdate-time -D_FORTIFY_SOURCE=2' 'QMAKE_CFLAGS_DEBUG=-g -O2 -fdebug-prefix-map=/<<PKGBUILDDIR>>=. -fstack-protector-strong -Wformat -Werror=format-security -Wdate-time -D_FORTIFY_SOURCE=2' 'QMAKE_CXXFLAGS_RELEASE=-g -O2 -fdebug-prefix-map=/<<PKGBUILDDIR>>=. -fstack-protector-strong -Wformat -Werror=format-security -Wdate-time -D_FORTIFY_SOURCE=2' 'QMAKE_CXXFLAGS_DEBUG=-g -O2 -fdebug-prefix-map=/<<PKGBUILDDIR>>=. -fstack-protector-strong -Wformat -Werror=format-security -Wdate-time -D_FORTIFY_SOURCE=2' QMAKE_LFLAGS_RELEASE=-Wl,-z,relro QMAKE_LFLAGS_DEBUG=-Wl,-z,relro QMAKE_STRIP=: PREFIX=/usr LIBDIR=lib/x86_64-linux-gnu ) && make -f Makefile check
make[2]: Entering directory '/<<PKGBUILDDIR>>/src'
cd db/ && ( test -e Makefile || /usr/lib/qt5/bin/qmake -o Makefile /<<PKGBUILDDIR>>/src/db/db.pro 'QMAKE_CFLAGS_RELEASE=-g -O2 -fdebug-prefix-map=/<<PKGBUILDDIR>>=. -fstack-protector-strong -Wformat -Werror=format-security -Wdate-time -D_FORTIFY_SOURCE=2' 'QMAKE_CFLAGS_DEBUG=-g -O2 -fdebug-prefix-map=/<<PKGBUILDDIR>>=. -fstack-protector-strong -Wformat -Werror=format-security -Wdate-time -D_FORTIFY_SOURCE=2' 'QMAKE_CXXFLAGS_RELEASE=-g -O2 -fdebug-prefix-map=/<<PKGBUILDDIR>>=. -fstack-protector-strong -Wformat -Werror=format-security -Wdate-time -D_FORTIFY_SOURCE=2' 'QMAKE_CXXFLAGS_DEBUG=-g -O2 -fdebug-prefix-map=/<<PKGBUILDDIR>>=. -fstack-protector-strong -Wformat -Werror=format-security -Wdate-time -D_FORTIFY_SOURCE=2' QMAKE_LFLAGS_RELEASE=-Wl,-z,relro QMAKE_LFLAGS_DEBUG=-Wl,-z,relro QMAKE_STRIP=: PREFIX=/usr LIBDIR=lib/x86_64-linux-gnu ) && make -f Makefile check
make[3]: Entering directory '/<<PKGBUILDDIR>>/src/db'
make[3]: Nothing to be done for 'check'.
make[3]: Leaving directory '/<<PKGBUILDDIR>>/src/db'
cd http/ && ( test -e Makefile || /usr/lib/qt5/bin/qmake -o Makefile /<<PKGBUILDDIR>>/src/http/http.pro 'QMAKE_CFLAGS_RELEASE=-g -O2 -fdebug-prefix-map=/<<PKGBUILDDIR>>=. -fstack-protector-strong -Wformat -Werror=format-security -Wdate-time -D_FORTIFY_SOURCE=2' 'QMAKE_CFLAGS_DEBUG=-g -O2 -fdebug-prefix-map=/<<PKGBUILDDIR>>=. -fstack-protector-strong -Wformat -Werror=format-security -Wdate-time -D_FORTIFY_SOURCE=2' 'QMAKE_CXXFLAGS_RELEASE=-g -O2 -fdebug-prefix-map=/<<PKGBUILDDIR>>=. -fstack-protector-strong -Wformat -Werror=format-security -Wdate-time -D_FORTIFY_SOURCE=2' 'QMAKE_CXXFLAGS_DEBUG=-g -O2 -fdebug-prefix-map=/<<PKGBUILDDIR>>=. -fstack-protector-strong -Wformat -Werror=format-security -Wdate-time -D_FORTIFY_SOURCE=2' QMAKE_LFLAGS_RELEASE=-Wl,-z,relro QMAKE_LFLAGS_DEBUG=-Wl,-z,relro QMAKE_STRIP=: PREFIX=/usr LIBDIR=lib/x86_64-linux-gnu ) && make -f Makefile check
make[3]: Entering directory '/<<PKGBUILDDIR>>/src/http'
make[3]: Nothing to be done for 'check'.
make[3]: Leaving directory '/<<PKGBUILDDIR>>/src/http'
make[2]: Leaving directory '/<<PKGBUILDDIR>>/src'
cd tests/ && ( test -e Makefile || /usr/lib/qt5/bin/qmake -o Makefile /<<PKGBUILDDIR>>/tests/tests.pro 'QMAKE_CFLAGS_RELEASE=-g -O2 -fdebug-prefix-map=/<<PKGBUILDDIR>>=. -fstack-protector-strong -Wformat -Werror=format-security -Wdate-time -D_FORTIFY_SOURCE=2' 'QMAKE_CFLAGS_DEBUG=-g -O2 -fdebug-prefix-map=/<<PKGBUILDDIR>>=. -fstack-protector-strong -Wformat -Werror=format-security -Wdate-time -D_FORTIFY_SOURCE=2' 'QMAKE_CXXFLAGS_RELEASE=-g -O2 -fdebug-prefix-map=/<<PKGBUILDDIR>>=. -fstack-protector-strong -Wformat -Werror=format-security -Wdate-time -D_FORTIFY_SOURCE=2' 'QMAKE_CXXFLAGS_DEBUG=-g -O2 -fdebug-prefix-map=/<<PKGBUILDDIR>>=. -fstack-protector-strong -Wformat -Werror=format-security -Wdate-time -D_FORTIFY_SOURCE=2' QMAKE_LFLAGS_RELEASE=-Wl,-z,relro QMAKE_LFLAGS_DEBUG=-Wl,-z,relro QMAKE_STRIP=: PREFIX=/usr LIBDIR=lib/x86_64-linux-gnu ) && make -f Makefile check
make[2]: Entering directory '/<<PKGBUILDDIR>>/tests'
cd db/ && ( test -e Makefile || /usr/lib/qt5/bin/qmake -o Makefile /<<PKGBUILDDIR>>/tests/db/db.pro 'QMAKE_CFLAGS_RELEASE=-g -O2 -fdebug-prefix-map=/<<PKGBUILDDIR>>=. -fstack-protector-strong -Wformat -Werror=format-security -Wdate-time -D_FORTIFY_SOURCE=2' 'QMAKE_CFLAGS_DEBUG=-g -O2 -fdebug-prefix-map=/<<PKGBUILDDIR>>=. -fstack-protector-strong -Wformat -Werror=format-security -Wdate-time -D_FORTIFY_SOURCE=2' 'QMAKE_CXXFLAGS_RELEASE=-g -O2 -fdebug-prefix-map=/<<PKGBUILDDIR>>=. -fstack-protector-strong -Wformat -Werror=format-security -Wdate-time -D_FORTIFY_SOURCE=2' 'QMAKE_CXXFLAGS_DEBUG=-g -O2 -fdebug-prefix-map=/<<PKGBUILDDIR>>=. -fstack-protector-strong -Wformat -Werror=format-security -Wdate-time -D_FORTIFY_SOURCE=2' QMAKE_LFLAGS_RELEASE=-Wl,-z,relro QMAKE_LFLAGS_DEBUG=-Wl,-z,relro QMAKE_STRIP=: PREFIX=/usr LIBDIR=lib/x86_64-linux-gnu ) && make -f Makefile check
make[3]: Entering directory '/<<PKGBUILDDIR>>/tests/db'
cd qdjango/ && ( test -e Makefile || /usr/lib/qt5/bin/qmake -o Makefile /<<PKGBUILDDIR>>/tests/db/qdjango/qdjango.pro 'QMAKE_CFLAGS_RELEASE=-g -O2 -fdebug-prefix-map=/<<PKGBUILDDIR>>=. -fstack-protector-strong -Wformat -Werror=format-security -Wdate-time -D_FORTIFY_SOURCE=2' 'QMAKE_CFLAGS_DEBUG=-g -O2 -fdebug-prefix-map=/<<PKGBUILDDIR>>=. -fstack-protector-strong -Wformat -Werror=format-security -Wdate-time -D_FORTIFY_SOURCE=2' 'QMAKE_CXXFLAGS_RELEASE=-g -O2 -fdebug-prefix-map=/<<PKGBUILDDIR>>=. -fstack-protector-strong -Wformat -Werror=format-security -Wdate-time -D_FORTIFY_SOURCE=2' 'QMAKE_CXXFLAGS_DEBUG=-g -O2 -fdebug-prefix-map=/<<PKGBUILDDIR>>=. -fstack-protector-strong -Wformat -Werror=format-security -Wdate-time -D_FORTIFY_SOURCE=2' QMAKE_LFLAGS_RELEASE=-Wl,-z,relro QMAKE_LFLAGS_DEBUG=-Wl,-z,relro QMAKE_STRIP=: PREFIX=/usr LIBDIR=lib/x86_64-linux-gnu ) && make -f Makefile check
make[4]: Entering directory '/<<PKGBUILDDIR>>/tests/db/qdjango'
/<<PKGBUILDDIR>>/tests/db/qdjango/target_wrapper.sh  ./tst_qdjango 
********* Start testing of tst_QDjango *********
Config: Using QtTest library 5.12.5, Qt 5.12.5 (x86_64-little_endian-lp64 shared (dynamic) release build; by GCC 9.3.0)
PASS   : tst_QDjango::initTestCase()
SKIP   : tst_QDjango::databaseThreaded() Threaded test cannot work with in-memory SQLite database.
   Loc: [tst_qdjango.cpp(104)]
PASS   : tst_QDjango::debugEnabled()
QDEBUG : tst_QDjango::debugQuery() SQL query "SELECT foo"
QWARN  : tst_QDjango::debugQuery() SQL error QSqlError("1", "Unable to execute statement", "no such column: foo")
PASS   : tst_QDjango::debugQuery()
PASS   : tst_QDjango::cleanupTestCase()
Totals: 4 passed, 0 failed, 1 skipped, 0 blacklisted, 2ms
********* Finished testing of tst_QDjango *********
make[4]: Leaving directory '/<<PKGBUILDDIR>>/tests/db/qdjango'
cd qdjangocompiler/ && ( test -e Makefile || /usr/lib/qt5/bin/qmake -o Makefile /<<PKGBUILDDIR>>/tests/db/qdjangocompiler/qdjangocompiler.pro 'QMAKE_CFLAGS_RELEASE=-g -O2 -fdebug-prefix-map=/<<PKGBUILDDIR>>=. -fstack-protector-strong -Wformat -Werror=format-security -Wdate-time -D_FORTIFY_SOURCE=2' 'QMAKE_CFLAGS_DEBUG=-g -O2 -fdebug-prefix-map=/<<PKGBUILDDIR>>=. -fstack-protector-strong -Wformat -Werror=format-security -Wdate-time -D_FORTIFY_SOURCE=2' 'QMAKE_CXXFLAGS_RELEASE=-g -O2 -fdebug-prefix-map=/<<PKGBUILDDIR>>=. -fstack-protector-strong -Wformat -Werror=format-security -Wdate-time -D_FORTIFY_SOURCE=2' 'QMAKE_CXXFLAGS_DEBUG=-g -O2 -fdebug-prefix-map=/<<PKGBUILDDIR>>=. -fstack-protector-strong -Wformat -Werror=format-security -Wdate-time -D_FORTIFY_SOURCE=2' QMAKE_LFLAGS_RELEASE=-Wl,-z,relro QMAKE_LFLAGS_DEBUG=-Wl,-z,relro QMAKE_STRIP=: PREFIX=/usr LIBDIR=lib/x86_64-linux-gnu ) && make -f Makefile check
make[4]: Entering directory '/<<PKGBUILDDIR>>/tests/db/qdjangocompiler'
/<<PKGBUILDDIR>>/tests/db/qdjangocompiler/target_wrapper.sh  ./tst_qdjangocompiler 
********* Start testing of tst_QDjangoCompiler *********
Config: Using QtTest library 5.12.5, Qt 5.12.5 (x86_64-little_endian-lp64 shared (dynamic) release build; by GCC 9.3.0)
PASS   : tst_QDjangoCompiler::initTestCase()
PASS   : tst_QDjangoCompiler::fieldNames(non recursive)
PASS   : tst_QDjangoCompiler::fieldNames(recurse one level)
PASS   : tst_QDjangoCompiler::fieldNames(recurse with nullable)
PASS   : tst_QDjangoCompiler::fieldNames(recurse two levels)
PASS   : tst_QDjangoCompiler::fieldNames(recurse two levels with nullable item)
PASS   : tst_QDjangoCompiler::fieldNames(order ascending)
PASS   : tst_QDjangoCompiler::fieldNames(order ascending explicit)
PASS   : tst_QDjangoCompiler::fieldNames(order ascending foreign)
PASS   : tst_QDjangoCompiler::fieldNames(order ascending foreign double)
PASS   : tst_QDjangoCompiler::fieldNames(order descending)
PASS   : tst_QDjangoCompiler::fieldNames(filter local field)
PASS   : tst_QDjangoCompiler::fieldNames(filter foreign field)
PASS   : tst_QDjangoCompiler::fieldNames(filter reverse field)
PASS   : tst_QDjangoCompiler::fieldNames(filter multiple fields)
PASS   : tst_QDjangoCompiler::orderLimitSql(no order, from 0)
PASS   : tst_QDjangoCompiler::orderLimitSql(no order, from 0 to 3)
PASS   : tst_QDjangoCompiler::orderLimitSql(no order, from 1)
PASS   : tst_QDjangoCompiler::orderLimitSql(no order, from 1 to 3)
PASS   : tst_QDjangoCompiler::cleanupTestCase()
Totals: 20 passed, 0 failed, 0 skipped, 0 blacklisted, 2ms
********* Finished testing of tst_QDjangoCompiler *********
make[4]: Leaving directory '/<<PKGBUILDDIR>>/tests/db/qdjangocompiler'
cd qdjangometamodel/ && ( test -e Makefile || /usr/lib/qt5/bin/qmake -o Makefile /<<PKGBUILDDIR>>/tests/db/qdjangometamodel/qdjangometamodel.pro 'QMAKE_CFLAGS_RELEASE=-g -O2 -fdebug-prefix-map=/<<PKGBUILDDIR>>=. -fstack-protector-strong -Wformat -Werror=format-security -Wdate-time -D_FORTIFY_SOURCE=2' 'QMAKE_CFLAGS_DEBUG=-g -O2 -fdebug-prefix-map=/<<PKGBUILDDIR>>=. -fstack-protector-strong -Wformat -Werror=format-security -Wdate-time -D_FORTIFY_SOURCE=2' 'QMAKE_CXXFLAGS_RELEASE=-g -O2 -fdebug-prefix-map=/<<PKGBUILDDIR>>=. -fstack-protector-strong -Wformat -Werror=format-security -Wdate-time -D_FORTIFY_SOURCE=2' 'QMAKE_CXXFLAGS_DEBUG=-g -O2 -fdebug-prefix-map=/<<PKGBUILDDIR>>=. -fstack-protector-strong -Wformat -Werror=format-security -Wdate-time -D_FORTIFY_SOURCE=2' QMAKE_LFLAGS_RELEASE=-Wl,-z,relro QMAKE_LFLAGS_DEBUG=-Wl,-z,relro QMAKE_STRIP=: PREFIX=/usr LIBDIR=lib/x86_64-linux-gnu ) && make -f Makefile check
make[4]: Entering directory '/<<PKGBUILDDIR>>/tests/db/qdjangometamodel'
/<<PKGBUILDDIR>>/tests/db/qdjangometamodel/target_wrapper.sh  ./tst_qdjangometamodel 
********* Start testing of tst_QDjangoMetaModel *********
Config: Using QtTest library 5.12.5, Qt 5.12.5 (x86_64-little_endian-lp64 shared (dynamic) release build; by GCC 9.3.0)
PASS   : tst_QDjangoMetaModel::initTestCase()
PASS   : tst_QDjangoMetaModel::testBool()
PASS   : tst_QDjangoMetaModel::testByteArray()
PASS   : tst_QDjangoMetaModel::testDate()
PASS   : tst_QDjangoMetaModel::testDateTime()
PASS   : tst_QDjangoMetaModel::testDouble()
PASS   : tst_QDjangoMetaModel::testInteger()
PASS   : tst_QDjangoMetaModel::testLongLong()
PASS   : tst_QDjangoMetaModel::testString()
PASS   : tst_QDjangoMetaModel::testTime()
SKIP   : tst_QDjangoMetaModel::testOptions() makes platform-dependent assumptions about hashing
   Loc: [tst_qdjangometamodel.cpp(321)]
SKIP   : tst_QDjangoMetaModel::testConstraints() makes platform-dependent assumptions about hashing
   Loc: [tst_qdjangometamodel.cpp(426)]
PASS   : tst_QDjangoMetaModel::testIsValid()
PASS   : tst_QDjangoMetaModel::cleanupTestCase()
Totals: 12 passed, 0 failed, 2 skipped, 0 blacklisted, 4ms
********* Finished testing of tst_QDjangoMetaModel *********
make[4]: Leaving directory '/<<PKGBUILDDIR>>/tests/db/qdjangometamodel'
cd qdjangomodel/ && ( test -e Makefile || /usr/lib/qt5/bin/qmake -o Makefile /<<PKGBUILDDIR>>/tests/db/qdjangomodel/qdjangomodel.pro 'QMAKE_CFLAGS_RELEASE=-g -O2 -fdebug-prefix-map=/<<PKGBUILDDIR>>=. -fstack-protector-strong -Wformat -Werror=format-security -Wdate-time -D_FORTIFY_SOURCE=2' 'QMAKE_CFLAGS_DEBUG=-g -O2 -fdebug-prefix-map=/<<PKGBUILDDIR>>=. -fstack-protector-strong -Wformat -Werror=format-security -Wdate-time -D_FORTIFY_SOURCE=2' 'QMAKE_CXXFLAGS_RELEASE=-g -O2 -fdebug-prefix-map=/<<PKGBUILDDIR>>=. -fstack-protector-strong -Wformat -Werror=format-security -Wdate-time -D_FORTIFY_SOURCE=2' 'QMAKE_CXXFLAGS_DEBUG=-g -O2 -fdebug-prefix-map=/<<PKGBUILDDIR>>=. -fstack-protector-strong -Wformat -Werror=format-security -Wdate-time -D_FORTIFY_SOURCE=2' QMAKE_LFLAGS_RELEASE=-Wl,-z,relro QMAKE_LFLAGS_DEBUG=-Wl,-z,relro QMAKE_STRIP=: PREFIX=/usr LIBDIR=lib/x86_64-linux-gnu ) && make -f Makefile check
make[4]: Entering directory '/<<PKGBUILDDIR>>/tests/db/qdjangomodel'
/<<PKGBUILDDIR>>/tests/db/qdjangomodel/target_wrapper.sh  ./tst_qdjangomodel 
********* Start testing of tst_QDjangoModel *********
Config: Using QtTest library 5.12.5, Qt 5.12.5 (x86_64-little_endian-lp64 shared (dynamic) release build; by GCC 9.3.0)
PASS   : tst_QDjangoModel::initTestCase()
PASS   : tst_QDjangoModel::deleteCascade()
PASS   : tst_QDjangoModel::foreignKey()
PASS   : tst_QDjangoModel::foreignKey_null()
PASS   : tst_QDjangoModel::setForeignKey()
PASS   : tst_QDjangoModel::filterRelated()
PASS   : tst_QDjangoModel::filterRelatedReverse()
PASS   : tst_QDjangoModel::filterRelatedReverse_null()
PASS   : tst_QDjangoModel::primaryKey()
PASS   : tst_QDjangoModel::selectRelated()
PASS   : tst_QDjangoModel::selectRelated_null()
PASS   : tst_QDjangoModel::toString()
PASS   : tst_QDjangoModel::cleanupTestCase()
Totals: 13 passed, 0 failed, 0 skipped, 0 blacklisted, 9ms
********* Finished testing of tst_QDjangoModel *********
make[4]: Leaving directory '/<<PKGBUILDDIR>>/tests/db/qdjangomodel'
cd qdjangoqueryset/ && ( test -e Makefile || /usr/lib/qt5/bin/qmake -o Makefile /<<PKGBUILDDIR>>/tests/db/qdjangoqueryset/qdjangoqueryset.pro 'QMAKE_CFLAGS_RELEASE=-g -O2 -fdebug-prefix-map=/<<PKGBUILDDIR>>=. -fstack-protector-strong -Wformat -Werror=format-security -Wdate-time -D_FORTIFY_SOURCE=2' 'QMAKE_CFLAGS_DEBUG=-g -O2 -fdebug-prefix-map=/<<PKGBUILDDIR>>=. -fstack-protector-strong -Wformat -Werror=format-security -Wdate-time -D_FORTIFY_SOURCE=2' 'QMAKE_CXXFLAGS_RELEASE=-g -O2 -fdebug-prefix-map=/<<PKGBUILDDIR>>=. -fstack-protector-strong -Wformat -Werror=format-security -Wdate-time -D_FORTIFY_SOURCE=2' 'QMAKE_CXXFLAGS_DEBUG=-g -O2 -fdebug-prefix-map=/<<PKGBUILDDIR>>=. -fstack-protector-strong -Wformat -Werror=format-security -Wdate-time -D_FORTIFY_SOURCE=2' QMAKE_LFLAGS_RELEASE=-Wl,-z,relro QMAKE_LFLAGS_DEBUG=-Wl,-z,relro QMAKE_STRIP=: PREFIX=/usr LIBDIR=lib/x86_64-linux-gnu ) && make -f Makefile check
make[4]: Entering directory '/<<PKGBUILDDIR>>/tests/db/qdjangoqueryset'
/<<PKGBUILDDIR>>/tests/db/qdjangoqueryset/target_wrapper.sh  ./tst_qdjangoqueryset 
********* Start testing of tst_QDjangoQuerySetPrivate *********
Config: Using QtTest library 5.12.5, Qt 5.12.5 (x86_64-little_endian-lp64 shared (dynamic) release build; by GCC 9.3.0)
PASS   : tst_QDjangoQuerySetPrivate::initTestCase()
PASS   : tst_QDjangoQuerySetPrivate::countQuery()
PASS   : tst_QDjangoQuerySetPrivate::deleteQuery()
PASS   : tst_QDjangoQuerySetPrivate::insertQuery()
PASS   : tst_QDjangoQuerySetPrivate::selectQuery()
PASS   : tst_QDjangoQuerySetPrivate::updateQuery()
PASS   : tst_QDjangoQuerySetPrivate::cleanupTestCase()
Totals: 7 passed, 0 failed, 0 skipped, 0 blacklisted, 2ms
********* Finished testing of tst_QDjangoQuerySetPrivate *********
make[4]: Leaving directory '/<<PKGBUILDDIR>>/tests/db/qdjangoqueryset'
cd qdjangowhere/ && ( test -e Makefile || /usr/lib/qt5/bin/qmake -o Makefile /<<PKGBUILDDIR>>/tests/db/qdjangowhere/qdjangowhere.pro 'QMAKE_CFLAGS_RELEASE=-g -O2 -fdebug-prefix-map=/<<PKGBUILDDIR>>=. -fstack-protector-strong -Wformat -Werror=format-security -Wdate-time -D_FORTIFY_SOURCE=2' 'QMAKE_CFLAGS_DEBUG=-g -O2 -fdebug-prefix-map=/<<PKGBUILDDIR>>=. -fstack-protector-strong -Wformat -Werror=format-security -Wdate-time -D_FORTIFY_SOURCE=2' 'QMAKE_CXXFLAGS_RELEASE=-g -O2 -fdebug-prefix-map=/<<PKGBUILDDIR>>=. -fstack-protector-strong -Wformat -Werror=format-security -Wdate-time -D_FORTIFY_SOURCE=2' 'QMAKE_CXXFLAGS_DEBUG=-g -O2 -fdebug-prefix-map=/<<PKGBUILDDIR>>=. -fstack-protector-strong -Wformat -Werror=format-security -Wdate-time -D_FORTIFY_SOURCE=2' QMAKE_LFLAGS_RELEASE=-Wl,-z,relro QMAKE_LFLAGS_DEBUG=-Wl,-z,relro QMAKE_STRIP=: PREFIX=/usr LIBDIR=lib/x86_64-linux-gnu ) && make -f Makefile check
make[4]: Entering directory '/<<PKGBUILDDIR>>/tests/db/qdjangowhere'
/<<PKGBUILDDIR>>/tests/db/qdjangowhere/target_wrapper.sh  ./tst_qdjangowhere 
********* Start testing of tst_QDjangoWhere *********
Config: Using QtTest library 5.12.5, Qt 5.12.5 (x86_64-little_endian-lp64 shared (dynamic) release build; by GCC 9.3.0)
PASS   : tst_QDjangoWhere::initTestCase()
PASS   : tst_QDjangoWhere::emptyWhere()
PASS   : tst_QDjangoWhere::equalsWhere()
PASS   : tst_QDjangoWhere::iEqualsWhere()
PASS   : tst_QDjangoWhere::notEqualsWhere()
PASS   : tst_QDjangoWhere::iNotEqualsWhere()
PASS   : tst_QDjangoWhere::greaterThan()
PASS   : tst_QDjangoWhere::greaterOrEquals()
PASS   : tst_QDjangoWhere::lessThan()
PASS   : tst_QDjangoWhere::lessOrEquals()
PASS   : tst_QDjangoWhere::isIn()
PASS   : tst_QDjangoWhere::isNull()
PASS   : tst_QDjangoWhere::startsWith()
PASS   : tst_QDjangoWhere::iStartsWith()
PASS   : tst_QDjangoWhere::endsWith()
PASS   : tst_QDjangoWhere::iEndsWith()
PASS   : tst_QDjangoWhere::contains()
PASS   : tst_QDjangoWhere::iContains()
PASS   : tst_QDjangoWhere::andWhere()
PASS   : tst_QDjangoWhere::orWhere()
PASS   : tst_QDjangoWhere::complexWhere()
PASS   : tst_QDjangoWhere::toString()
PASS   : tst_QDjangoWhere::cleanupTestCase()
Totals: 23 passed, 0 failed, 0 skipped, 0 blacklisted, 2ms
********* Finished testing of tst_QDjangoWhere *********
make[4]: Leaving directory '/<<PKGBUILDDIR>>/tests/db/qdjangowhere'
cd auth/ && ( test -e Makefile || /usr/lib/qt5/bin/qmake -o Makefile /<<PKGBUILDDIR>>/tests/db/auth/auth.pro 'QMAKE_CFLAGS_RELEASE=-g -O2 -fdebug-prefix-map=/<<PKGBUILDDIR>>=. -fstack-protector-strong -Wformat -Werror=format-security -Wdate-time -D_FORTIFY_SOURCE=2' 'QMAKE_CFLAGS_DEBUG=-g -O2 -fdebug-prefix-map=/<<PKGBUILDDIR>>=. -fstack-protector-strong -Wformat -Werror=format-security -Wdate-time -D_FORTIFY_SOURCE=2' 'QMAKE_CXXFLAGS_RELEASE=-g -O2 -fdebug-prefix-map=/<<PKGBUILDDIR>>=. -fstack-protector-strong -Wformat -Werror=format-security -Wdate-time -D_FORTIFY_SOURCE=2' 'QMAKE_CXXFLAGS_DEBUG=-g -O2 -fdebug-prefix-map=/<<PKGBUILDDIR>>=. -fstack-protector-strong -Wformat -Werror=format-security -Wdate-time -D_FORTIFY_SOURCE=2' QMAKE_LFLAGS_RELEASE=-Wl,-z,relro QMAKE_LFLAGS_DEBUG=-Wl,-z,relro QMAKE_STRIP=: PREFIX=/usr LIBDIR=lib/x86_64-linux-gnu ) && make -f Makefile check
make[4]: Entering directory '/<<PKGBUILDDIR>>/tests/db/auth'
/<<PKGBUILDDIR>>/tests/db/auth/target_wrapper.sh  ./tst_auth 
********* Start testing of tst_Auth *********
Config: Using QtTest library 5.12.5, Qt 5.12.5 (x86_64-little_endian-lp64 shared (dynamic) release build; by GCC 9.3.0)
PASS   : tst_Auth::initTestCase()
PASS   : tst_Auth::create()
PASS   : tst_Auth::remove()
PASS   : tst_Auth::removeFilter()
PASS   : tst_Auth::removeLimit()
PASS   : tst_Auth::get()
PASS   : tst_Auth::filter()
PASS   : tst_Auth::filterLike()
PASS   : tst_Auth::exclude()
PASS   : tst_Auth::limit()
PASS   : tst_Auth::subLimit()
PASS   : tst_Auth::orderBy()
PASS   : tst_Auth::update()
PASS   : tst_Auth::values()
PASS   : tst_Auth::valuesList()
FAIL!  : tst_Auth::constIterator() '&*(it += 2) == 0' returned FALSE. ()
   Loc: [tst_auth.cpp(624)]
PASS   : tst_Auth::testGroups()
PASS   : tst_Auth::testRelated()
PASS   : tst_Auth::filterRelated()
PASS   : tst_Auth::cleanupTestCase()
Totals: 19 passed, 1 failed, 0 skipped, 0 blacklisted, 14ms
********* Finished testing of tst_Auth *********
make[4]: *** [Makefile:343: check] Error 1
make[4]: Leaving directory '/<<PKGBUILDDIR>>/tests/db/auth'
make[3]: *** [Makefile:416: sub-auth-check] Error 2
make[3]: Leaving directory '/<<PKGBUILDDIR>>/tests/db'
make[2]: *** [Makefile:242: sub-db-check] Error 2
make[2]: Leaving directory '/<<PKGBUILDDIR>>/tests'
make[1]: *** [Makefile:332: sub-tests-check_ordered] Error 2
make[1]: Leaving directory '/<<PKGBUILDDIR>>'
dh_auto_test: error: make -j1 check returned exit code 2
make: *** [debian/rules:9: build] Error 25
dpkg-buildpackage: error: debian/rules build subprocess returned exit status 2
--------------------------------------------------------------------------------
Build finished at 2020-05-03T04:44:02Z

Finished
--------


+------------------------------------------------------------------------------+
| Cleanup                                                                      |
+------------------------------------------------------------------------------+

Purging /<<BUILDDIR>>
Not cleaning session: cloned chroot in use
E: Build failure (dpkg-buildpackage died)

+------------------------------------------------------------------------------+
| Summary                                                                      |
+------------------------------------------------------------------------------+

Build Architecture: amd64
Build Type: binary
Build-Space: 67364
Build-Time: 93
Distribution: unstable
Fail-Stage: build
Host Architecture: amd64
Install-Time: 19
Job: qdjango_0.6.2-3
Machine Architecture: amd64
Package: qdjango
Package-Time: 127
Source-Version: 0.6.2-3
Space: 67364
Status: attempted
Version: 0.6.2-3
--------------------------------------------------------------------------------
Finished at 2020-05-03T04:44:02Z
Build needed 00:02:07, 67364k disk space
E: Build failure (dpkg-buildpackage died)
DC-Status: Failed 127.997220488s
