DC-Build-Header: ttfautohint 1.8.3-2 / 2020-02-25 17:43:05 +0000
DC-Task: type:rebuild-binarch-only source:ttfautohint version:1.8.3-2 chroot:unstable esttime:115 logfile:/tmp/ttfautohint_1.8.3-2_unstable_clang10.log modes:clang10:binarch-only
DC-Sbuild-call: su user42 -c 'sbuild -n --arch-any --apt-update -d unstable -v --no-run-lintian --chroot-setup-commands=/tmp/clang10 ttfautohint_1.8.3-2'
sbuild (Debian sbuild) 0.78.1 (09 February 2019) on ip-172-31-0-217.eu-central-1.compute.internal

+==============================================================================+
| ttfautohint 1.8.3-2 (amd64)                  Tue, 25 Feb 2020 17:43:06 +0000 |
+==============================================================================+

Package: ttfautohint
Version: 1.8.3-2
Source Version: 1.8.3-2
Distribution: unstable
Machine Architecture: amd64
Host Architecture: amd64
Build Architecture: amd64
Build Type: binary

I: NOTICE: Log filtering will replace 'var/run/schroot/mount/sid-amd64-sbuild-1c01ac64-6708-44a2-92be-4a53065e3542' with '<<CHROOT>>'

+------------------------------------------------------------------------------+
| Chroot Setup Commands                                                        |
+------------------------------------------------------------------------------+


/tmp/clang10
------------

+ echo 'Entering customization script...'
Entering customization script...
+ CLANG_VERSION=10
+ echo 'Install of clang-10'
Install of clang-10
+ apt-get update
Get:1 http://127.0.0.1:12990/debian sid InRelease [142 kB]
Get:2 http://127.0.0.1:12990/debian sid/main Sources.diff/Index [27.9 kB]
Get:3 http://127.0.0.1:12990/debian sid/main amd64 Packages.diff/Index [27.9 kB]
Get:4 http://127.0.0.1:12990/debian sid/main Sources 2020-02-24-0823.32.pdiff [11.0 kB]
Get:5 http://127.0.0.1:12990/debian sid/main Sources 2020-02-24-1420.34.pdiff [30.2 kB]
Get:6 http://127.0.0.1:12990/debian sid/main Sources 2020-02-24-2014.03.pdiff [16.9 kB]
Get:7 http://127.0.0.1:12990/debian sid/main Sources 2020-02-25-0213.11.pdiff [23.2 kB]
Get:8 http://127.0.0.1:12990/debian sid/main Sources 2020-02-25-0815.22.pdiff [9222 B]
Get:9 http://127.0.0.1:12990/debian sid/main Sources 2020-02-25-1413.15.pdiff [16.3 kB]
Get:10 http://127.0.0.1:12990/debian sid/main amd64 Packages 2020-02-24-0823.32.pdiff [15.5 kB]
Get:11 http://127.0.0.1:12990/debian sid/main amd64 Packages 2020-02-24-1420.34.pdiff [27.5 kB]
Get:12 http://127.0.0.1:12990/debian sid/main amd64 Packages 2020-02-24-2014.03.pdiff [21.6 kB]
Get:13 http://127.0.0.1:12990/debian sid/main amd64 Packages 2020-02-25-0213.11.pdiff [35.0 kB]
Get:14 http://127.0.0.1:12990/debian sid/main amd64 Packages 2020-02-25-0815.22.pdiff [20.1 kB]
Get:15 http://127.0.0.1:12990/debian sid/main amd64 Packages 2020-02-25-1413.15.pdiff [18.4 kB]
Get:9 http://127.0.0.1:12990/debian sid/main Sources 2020-02-25-1413.15.pdiff [16.3 kB]
Get:15 http://127.0.0.1:12990/debian sid/main amd64 Packages 2020-02-25-1413.15.pdiff [18.4 kB]
Get:16 http://127.0.0.1:12990/debian sid/main Translation-en [6195 kB]
Fetched 6638 kB in 2s (3651 kB/s)
Reading package lists...
+ apt-get install --yes --no-install-recommends --force-yes clang-10 libomp-10-dev libobjc-9-dev
Reading package lists...
Building dependency tree...
The following additional packages will be installed:
  cpp-9 g++-9 gcc-9 gcc-9-base lib32gcc-s1 lib32gcc1 lib32stdc++6 libasan5
  libbsd0 libc6-i386 libclang-common-10-dev libclang-cpp10 libclang1-10
  libedit2 libgc1c2 libgcc-9-dev libllvm10 libobjc4 libomp5-10 libstdc++-9-dev
  libz3-4
Suggested packages:
  clang-10-doc gcc-9-locales g++-9-multilib gcc-9-doc gcc-9-multilib
  libomp-10-doc libstdc++-9-doc
Recommended packages:
  llvm-10-dev python3
The following NEW packages will be installed:
  clang-10 lib32gcc-s1 lib32gcc1 lib32stdc++6 libbsd0 libc6-i386
  libclang-common-10-dev libclang-cpp10 libclang1-10 libedit2 libgc1c2
  libllvm10 libobjc-9-dev libobjc4 libomp-10-dev libomp5-10 libz3-4
The following packages will be upgraded:
  cpp-9 g++-9 gcc-9 gcc-9-base libasan5 libgcc-9-dev libstdc++-9-dev
7 upgraded, 17 newly installed, 0 to remove and 3 not upgraded.
Need to get 81.5 MB of archives.
After this operation, 238 MB of additional disk space will be used.
Get:1 http://127.0.0.1:12990/debian sid/main amd64 libasan5 amd64 9.2.1-30 [389 kB]
Get:2 http://127.0.0.1:12990/debian sid/main amd64 g++-9 amd64 9.2.1-30 [10.7 MB]
Get:3 http://127.0.0.1:12990/debian sid/main amd64 gcc-9 amd64 9.2.1-30 [10.0 MB]
Get:4 http://127.0.0.1:12990/debian sid/main amd64 libstdc++-9-dev amd64 9.2.1-30 [1697 kB]
Get:5 http://127.0.0.1:12990/debian sid/main amd64 libgcc-9-dev amd64 9.2.1-30 [2349 kB]
Get:6 http://127.0.0.1:12990/debian sid/main amd64 cpp-9 amd64 9.2.1-30 [9711 kB]
Get:7 http://127.0.0.1:12990/debian sid/main amd64 gcc-9-base amd64 9.2.1-30 [196 kB]
Get:8 http://127.0.0.1:12990/debian sid/main amd64 libbsd0 amd64 0.10.0-1 [107 kB]
Get:9 http://127.0.0.1:12990/debian sid/main amd64 libedit2 amd64 3.1-20191231-1 [95.4 kB]
Get:10 http://127.0.0.1:12990/debian sid/main amd64 libz3-4 amd64 4.8.7-4 [6790 kB]
Get:11 http://127.0.0.1:12990/debian sid/main amd64 libllvm10 amd64 1:10.0.0~+rc2-1 [15.5 MB]
Get:12 http://127.0.0.1:12990/debian sid/main amd64 libclang-cpp10 amd64 1:10.0.0~+rc2-1 [9069 kB]
Get:13 http://127.0.0.1:12990/debian sid/main amd64 libgc1c2 amd64 1:7.6.4-0.4 [224 kB]
Get:14 http://127.0.0.1:12990/debian sid/main amd64 libobjc4 amd64 10-20200222-1 [41.6 kB]
Get:15 http://127.0.0.1:12990/debian sid/main amd64 libobjc-9-dev amd64 9.2.1-30 [219 kB]
Get:16 http://127.0.0.1:12990/debian sid/main amd64 libc6-i386 amd64 2.29-10 [2918 kB]
Get:17 http://127.0.0.1:12990/debian sid/main amd64 lib32gcc-s1 amd64 10-20200222-1 [49.4 kB]
Get:18 http://127.0.0.1:12990/debian sid/main amd64 lib32gcc1 amd64 1:10-20200222-1 [1104 B]
Get:19 http://127.0.0.1:12990/debian sid/main amd64 lib32stdc++6 amd64 10-20200222-1 [510 kB]
Get:20 http://127.0.0.1:12990/debian sid/main amd64 libclang-common-10-dev amd64 1:10.0.0~+rc2-1 [2782 kB]
Get:21 http://127.0.0.1:12990/debian sid/main amd64 libclang1-10 amd64 1:10.0.0~+rc2-1 [7607 kB]
Get:22 http://127.0.0.1:12990/debian sid/main amd64 clang-10 amd64 1:10.0.0~+rc2-1 [103 kB]
Get:23 http://127.0.0.1:12990/debian sid/main amd64 libomp5-10 amd64 1:10.0.0~+rc2-1 [337 kB]
Get:24 http://127.0.0.1:12990/debian sid/main amd64 libomp-10-dev amd64 1:10.0.0~+rc2-1 [84.3 kB]
debconf: delaying package configuration, since apt-utils is not installed
Fetched 81.5 MB in 1s (103 MB/s)
(Reading database ... (Reading database ... 5%(Reading database ... 10%(Reading database ... 15%(Reading database ... 20%(Reading database ... 25%(Reading database ... 30%(Reading database ... 35%(Reading database ... 40%(Reading database ... 45%(Reading database ... 50%(Reading database ... 55%(Reading database ... 60%(Reading database ... 65%(Reading database ... 70%(Reading database ... 75%(Reading database ... 80%(Reading database ... 85%(Reading database ... 90%(Reading database ... 95%(Reading database ... 100%(Reading database ... 12119 files and directories currently installed.)
Preparing to unpack .../00-libasan5_9.2.1-30_amd64.deb ...
Unpacking libasan5:amd64 (9.2.1-30) over (9.2.1-29) ...
Preparing to unpack .../01-g++-9_9.2.1-30_amd64.deb ...
Unpacking g++-9 (9.2.1-30) over (9.2.1-29) ...
Preparing to unpack .../02-gcc-9_9.2.1-30_amd64.deb ...
Unpacking gcc-9 (9.2.1-30) over (9.2.1-29) ...
Preparing to unpack .../03-libstdc++-9-dev_9.2.1-30_amd64.deb ...
Unpacking libstdc++-9-dev:amd64 (9.2.1-30) over (9.2.1-29) ...
Preparing to unpack .../04-libgcc-9-dev_9.2.1-30_amd64.deb ...
Unpacking libgcc-9-dev:amd64 (9.2.1-30) over (9.2.1-29) ...
Preparing to unpack .../05-cpp-9_9.2.1-30_amd64.deb ...
Unpacking cpp-9 (9.2.1-30) over (9.2.1-29) ...
Preparing to unpack .../06-gcc-9-base_9.2.1-30_amd64.deb ...
Unpacking gcc-9-base:amd64 (9.2.1-30) over (9.2.1-29) ...
Selecting previously unselected package libbsd0:amd64.
Preparing to unpack .../07-libbsd0_0.10.0-1_amd64.deb ...
Unpacking libbsd0:amd64 (0.10.0-1) ...
Selecting previously unselected package libedit2:amd64.
Preparing to unpack .../08-libedit2_3.1-20191231-1_amd64.deb ...
Unpacking libedit2:amd64 (3.1-20191231-1) ...
Selecting previously unselected package libz3-4:amd64.
Preparing to unpack .../09-libz3-4_4.8.7-4_amd64.deb ...
Unpacking libz3-4:amd64 (4.8.7-4) ...
Selecting previously unselected package libllvm10:amd64.
Preparing to unpack .../10-libllvm10_1%3a10.0.0~+rc2-1_amd64.deb ...
Unpacking libllvm10:amd64 (1:10.0.0~+rc2-1) ...
Selecting previously unselected package libclang-cpp10.
Preparing to unpack .../11-libclang-cpp10_1%3a10.0.0~+rc2-1_amd64.deb ...
Unpacking libclang-cpp10 (1:10.0.0~+rc2-1) ...
Selecting previously unselected package libgc1c2:amd64.
Preparing to unpack .../12-libgc1c2_1%3a7.6.4-0.4_amd64.deb ...
Unpacking libgc1c2:amd64 (1:7.6.4-0.4) ...
Selecting previously unselected package libobjc4:amd64.
Preparing to unpack .../13-libobjc4_10-20200222-1_amd64.deb ...
Unpacking libobjc4:amd64 (10-20200222-1) ...
Selecting previously unselected package libobjc-9-dev:amd64.
Preparing to unpack .../14-libobjc-9-dev_9.2.1-30_amd64.deb ...
Unpacking libobjc-9-dev:amd64 (9.2.1-30) ...
Selecting previously unselected package libc6-i386.
Preparing to unpack .../15-libc6-i386_2.29-10_amd64.deb ...
Unpacking libc6-i386 (2.29-10) ...
Selecting previously unselected package lib32gcc-s1.
Preparing to unpack .../16-lib32gcc-s1_10-20200222-1_amd64.deb ...
Unpacking lib32gcc-s1 (10-20200222-1) ...
Selecting previously unselected package lib32gcc1.
Preparing to unpack .../17-lib32gcc1_1%3a10-20200222-1_amd64.deb ...
Unpacking lib32gcc1 (1:10-20200222-1) ...
Selecting previously unselected package lib32stdc++6.
Preparing to unpack .../18-lib32stdc++6_10-20200222-1_amd64.deb ...
Unpacking lib32stdc++6 (10-20200222-1) ...
Selecting previously unselected package libclang-common-10-dev.
Preparing to unpack .../19-libclang-common-10-dev_1%3a10.0.0~+rc2-1_amd64.deb ...
Unpacking libclang-common-10-dev (1:10.0.0~+rc2-1) ...
Selecting previously unselected package libclang1-10.
Preparing to unpack .../20-libclang1-10_1%3a10.0.0~+rc2-1_amd64.deb ...
Unpacking libclang1-10 (1:10.0.0~+rc2-1) ...
Selecting previously unselected package clang-10.
Preparing to unpack .../21-clang-10_1%3a10.0.0~+rc2-1_amd64.deb ...
Unpacking clang-10 (1:10.0.0~+rc2-1) ...
Selecting previously unselected package libomp5-10:amd64.
Preparing to unpack .../22-libomp5-10_1%3a10.0.0~+rc2-1_amd64.deb ...
Unpacking libomp5-10:amd64 (1:10.0.0~+rc2-1) ...
Selecting previously unselected package libomp-10-dev.
Preparing to unpack .../23-libomp-10-dev_1%3a10.0.0~+rc2-1_amd64.deb ...
Unpacking libomp-10-dev (1:10.0.0~+rc2-1) ...
Setting up libgc1c2:amd64 (1:7.6.4-0.4) ...
Setting up libobjc4:amd64 (10-20200222-1) ...
Setting up libz3-4:amd64 (4.8.7-4) ...
Setting up libomp5-10:amd64 (1:10.0.0~+rc2-1) ...
Setting up libc6-i386 (2.29-10) ...
Setting up libbsd0:amd64 (0.10.0-1) ...
Setting up gcc-9-base:amd64 (9.2.1-30) ...
Setting up libomp-10-dev (1:10.0.0~+rc2-1) ...
Setting up libedit2:amd64 (3.1-20191231-1) ...
Setting up libllvm10:amd64 (1:10.0.0~+rc2-1) ...
Setting up libasan5:amd64 (9.2.1-30) ...
Setting up lib32gcc-s1 (10-20200222-1) ...
Setting up libclang1-10 (1:10.0.0~+rc2-1) ...
Setting up cpp-9 (9.2.1-30) ...
Setting up lib32gcc1 (1:10-20200222-1) ...
Setting up libclang-cpp10 (1:10.0.0~+rc2-1) ...
Setting up libgcc-9-dev:amd64 (9.2.1-30) ...
Setting up lib32stdc++6 (10-20200222-1) ...
Setting up libobjc-9-dev:amd64 (9.2.1-30) ...
Setting up gcc-9 (9.2.1-30) ...
Setting up libstdc++-9-dev:amd64 (9.2.1-30) ...
Setting up libclang-common-10-dev (1:10.0.0~+rc2-1) ...
Setting up g++-9 (9.2.1-30) ...
Setting up clang-10 (1:10.0.0~+rc2-1) ...
Processing triggers for libc-bin (2.29-10) ...
W: --force-yes is deprecated, use one of the options starting with --allow instead.
+ echo 'Replace gcc, g++ & cpp by clang'
Replace gcc, g++ & cpp by clang
+ VERSIONS='4.6 4.7 4.8 4.9 5 6 7 8 9 10'
+ cd /usr/bin
+ for VERSION in $VERSIONS
+ rm -f g++-4.6 gcc-4.6 cpp-4.6 gcc
+ ln -s clang++-10 g++-4.6
+ ln -s clang-10 gcc-4.6
+ ln -s clang-10 cpp-4.6
+ ln -s clang-10 gcc
+ echo 'gcc-4.6 hold'
+ dpkg --set-selections
dpkg: warning: package not in status nor available database at line 1: gcc-4.6
dpkg: warning: found unknown packages; this might mean the available database
is outdated, and needs to be updated through a frontend method;
please see the FAQ <https://wiki.debian.org/Teams/Dpkg/FAQ>
+ echo 'g++-4.6 hold'
+ dpkg --set-selections
dpkg: warning: package not in status nor available database at line 1: g++-4.6
dpkg: warning: found unknown packages; this might mean the available database
is outdated, and needs to be updated through a frontend method;
please see the FAQ <https://wiki.debian.org/Teams/Dpkg/FAQ>
+ for VERSION in $VERSIONS
+ rm -f g++-4.7 gcc-4.7 cpp-4.7 gcc
+ ln -s clang++-10 g++-4.7
+ ln -s clang-10 gcc-4.7
+ ln -s clang-10 cpp-4.7
+ ln -s clang-10 gcc
+ echo 'gcc-4.7 hold'
+ dpkg --set-selections
dpkg: warning: package not in status nor available database at line 1: gcc-4.7
dpkg: warning: found unknown packages; this might mean the available database
is outdated, and needs to be updated through a frontend method;
please see the FAQ <https://wiki.debian.org/Teams/Dpkg/FAQ>
+ echo 'g++-4.7 hold'
+ dpkg --set-selections
dpkg: warning: package not in status nor available database at line 1: g++-4.7
dpkg: warning: found unknown packages; this might mean the available database
is outdated, and needs to be updated through a frontend method;
please see the FAQ <https://wiki.debian.org/Teams/Dpkg/FAQ>
+ for VERSION in $VERSIONS
+ rm -f g++-4.8 gcc-4.8 cpp-4.8 gcc
+ ln -s clang++-10 g++-4.8
+ ln -s clang-10 gcc-4.8
+ ln -s clang-10 cpp-4.8
+ ln -s clang-10 gcc
+ echo 'gcc-4.8 hold'
+ dpkg --set-selections
dpkg: warning: package not in status nor available database at line 1: gcc-4.8
dpkg: warning: found unknown packages; this might mean the available database
is outdated, and needs to be updated through a frontend method;
please see the FAQ <https://wiki.debian.org/Teams/Dpkg/FAQ>
+ echo 'g++-4.8 hold'
+ dpkg --set-selections
dpkg: warning: package not in status nor available database at line 1: g++-4.8
dpkg: warning: found unknown packages; this might mean the available database
is outdated, and needs to be updated through a frontend method;
please see the FAQ <https://wiki.debian.org/Teams/Dpkg/FAQ>
+ for VERSION in $VERSIONS
+ rm -f g++-4.9 gcc-4.9 cpp-4.9 gcc
+ ln -s clang++-10 g++-4.9
+ ln -s clang-10 gcc-4.9
+ ln -s clang-10 cpp-4.9
+ ln -s clang-10 gcc
+ echo 'gcc-4.9 hold'
+ dpkg --set-selections
dpkg: warning: package not in status nor available database at line 1: gcc-4.9
dpkg: warning: found unknown packages; this might mean the available database
is outdated, and needs to be updated through a frontend method;
please see the FAQ <https://wiki.debian.org/Teams/Dpkg/FAQ>
+ echo 'g++-4.9 hold'
+ dpkg --set-selections
dpkg: warning: package not in status nor available database at line 1: g++-4.9
dpkg: warning: found unknown packages; this might mean the available database
is outdated, and needs to be updated through a frontend method;
please see the FAQ <https://wiki.debian.org/Teams/Dpkg/FAQ>
+ for VERSION in $VERSIONS
+ rm -f g++-5 gcc-5 cpp-5 gcc
+ ln -s clang++-10 g++-5
+ ln -s clang-10 gcc-5
+ ln -s clang-10 cpp-5
+ ln -s clang-10 gcc
+ echo 'gcc-5 hold'
+ dpkg --set-selections
dpkg: warning: package not in status nor available database at line 1: gcc-5
dpkg: warning: found unknown packages; this might mean the available database
is outdated, and needs to be updated through a frontend method;
please see the FAQ <https://wiki.debian.org/Teams/Dpkg/FAQ>
+ echo 'g++-5 hold'
+ dpkg --set-selections
dpkg: warning: package not in status nor available database at line 1: g++-5
dpkg: warning: found unknown packages; this might mean the available database
is outdated, and needs to be updated through a frontend method;
please see the FAQ <https://wiki.debian.org/Teams/Dpkg/FAQ>
+ for VERSION in $VERSIONS
+ rm -f g++-6 gcc-6 cpp-6 gcc
+ ln -s clang++-10 g++-6
+ ln -s clang-10 gcc-6
+ ln -s clang-10 cpp-6
+ ln -s clang-10 gcc
+ echo 'gcc-6 hold'
+ dpkg --set-selections
dpkg: warning: package not in status nor available database at line 1: gcc-6
dpkg: warning: found unknown packages; this might mean the available database
is outdated, and needs to be updated through a frontend method;
please see the FAQ <https://wiki.debian.org/Teams/Dpkg/FAQ>
+ echo 'g++-6 hold'
+ dpkg --set-selections
dpkg: warning: package not in status nor available database at line 1: g++-6
dpkg: warning: found unknown packages; this might mean the available database
is outdated, and needs to be updated through a frontend method;
please see the FAQ <https://wiki.debian.org/Teams/Dpkg/FAQ>
+ for VERSION in $VERSIONS
+ rm -f g++-7 gcc-7 cpp-7 gcc
+ ln -s clang++-10 g++-7
+ ln -s clang-10 gcc-7
+ ln -s clang-10 cpp-7
+ ln -s clang-10 gcc
+ echo 'gcc-7 hold'
+ dpkg --set-selections
dpkg: warning: package not in status nor available database at line 1: gcc-7
dpkg: warning: found unknown packages; this might mean the available database
is outdated, and needs to be updated through a frontend method;
please see the FAQ <https://wiki.debian.org/Teams/Dpkg/FAQ>
+ echo 'g++-7 hold'
+ dpkg --set-selections
dpkg: warning: package not in status nor available database at line 1: g++-7
dpkg: warning: found unknown packages; this might mean the available database
is outdated, and needs to be updated through a frontend method;
please see the FAQ <https://wiki.debian.org/Teams/Dpkg/FAQ>
+ for VERSION in $VERSIONS
+ rm -f g++-8 gcc-8 cpp-8 gcc
+ ln -s clang++-10 g++-8
+ ln -s clang-10 gcc-8
+ ln -s clang-10 cpp-8
+ ln -s clang-10 gcc
+ echo 'gcc-8 hold'
+ dpkg --set-selections
dpkg: warning: package not in status nor available database at line 1: gcc-8
dpkg: warning: found unknown packages; this might mean the available database
is outdated, and needs to be updated through a frontend method;
please see the FAQ <https://wiki.debian.org/Teams/Dpkg/FAQ>
+ echo 'g++-8 hold'
+ dpkg --set-selections
dpkg: warning: package not in status nor available database at line 1: g++-8
dpkg: warning: found unknown packages; this might mean the available database
is outdated, and needs to be updated through a frontend method;
please see the FAQ <https://wiki.debian.org/Teams/Dpkg/FAQ>
+ for VERSION in $VERSIONS
+ rm -f g++-9 gcc-9 cpp-9 gcc
+ ln -s clang++-10 g++-9
+ ln -s clang-10 gcc-9
+ ln -s clang-10 cpp-9
+ ln -s clang-10 gcc
+ echo 'gcc-9 hold'
+ dpkg --set-selections
+ echo 'g++-9 hold'
+ dpkg --set-selections
+ for VERSION in $VERSIONS
+ rm -f g++-10 gcc-10 cpp-10 gcc
+ ln -s clang++-10 g++-10
+ ln -s clang-10 gcc-10
+ ln -s clang-10 cpp-10
+ ln -s clang-10 gcc
+ echo 'gcc-10 hold'
+ dpkg --set-selections
dpkg: warning: package not in status nor available database at line 1: gcc-10
dpkg: warning: found unknown packages; this might mean the available database
is outdated, and needs to be updated through a frontend method;
please see the FAQ <https://wiki.debian.org/Teams/Dpkg/FAQ>
+ echo 'g++-10 hold'
+ dpkg --set-selections
dpkg: warning: package not in status nor available database at line 1: g++-10
dpkg: warning: found unknown packages; this might mean the available database
is outdated, and needs to be updated through a frontend method;
please see the FAQ <https://wiki.debian.org/Teams/Dpkg/FAQ>
+ cd -
/build/ttfautohint-OTCh4n
+ echo 'Check if gcc, g++ & cpp are actually clang'
Check if gcc, g++ & cpp are actually clang
+ gcc --version
+ grep clang
+ cpp --version
+ grep clang
+ g++ --version
+ grep clang

I: Finished running '/tmp/clang10'.

Finished processing commands.
--------------------------------------------------------------------------------
I: NOTICE: Log filtering will replace 'build/ttfautohint-OTCh4n/resolver-OAU0T7' with '<<RESOLVERDIR>>'

+------------------------------------------------------------------------------+
| Update chroot                                                                |
+------------------------------------------------------------------------------+

Hit:1 http://127.0.0.1:12990/debian sid InRelease
Reading package lists...
Reading package lists...
Building dependency tree...
Reading state information...
Calculating upgrade...
The following packages will be upgraded:
  bash libgmp10 zlib1g
3 upgraded, 0 newly installed, 0 to remove and 0 not upgraded.
Need to get 1722 kB of archives.
After this operation, 4096 B of additional disk space will be used.
Get:1 http://127.0.0.1:12990/debian sid/main amd64 bash amd64 5.0-6 [1379 kB]
Get:2 http://127.0.0.1:12990/debian sid/main amd64 libgmp10 amd64 2:6.2.0+dfsg-4 [253 kB]
Get:3 http://127.0.0.1:12990/debian sid/main amd64 zlib1g amd64 1:1.2.11.dfsg-2 [90.4 kB]
debconf: delaying package configuration, since apt-utils is not installed
Fetched 1722 kB in 0s (69.9 MB/s)
(Reading database ... (Reading database ... 5%(Reading database ... 10%(Reading database ... 15%(Reading database ... 20%(Reading database ... 25%(Reading database ... 30%(Reading database ... 35%(Reading database ... 40%(Reading database ... 45%(Reading database ... 50%(Reading database ... 55%(Reading database ... 60%(Reading database ... 65%(Reading database ... 70%(Reading database ... 75%(Reading database ... 80%(Reading database ... 85%(Reading database ... 90%(Reading database ... 95%(Reading database ... 100%(Reading database ... 12960 files and directories currently installed.)
Preparing to unpack .../archives/bash_5.0-6_amd64.deb ...
Unpacking bash (5.0-6) over (5.0-5) ...
Setting up bash (5.0-6) ...
update-alternatives: using /usr/share/man/man7/bash-builtins.7.gz to provide /usr/share/man/man7/builtins.7.gz (builtins.7.gz) in auto mode
(Reading database ... (Reading database ... 5%(Reading database ... 10%(Reading database ... 15%(Reading database ... 20%(Reading database ... 25%(Reading database ... 30%(Reading database ... 35%(Reading database ... 40%(Reading database ... 45%(Reading database ... 50%(Reading database ... 55%(Reading database ... 60%(Reading database ... 65%(Reading database ... 70%(Reading database ... 75%(Reading database ... 80%(Reading database ... 85%(Reading database ... 90%(Reading database ... 95%(Reading database ... 100%(Reading database ... 12960 files and directories currently installed.)
Preparing to unpack .../libgmp10_2%3a6.2.0+dfsg-4_amd64.deb ...
Unpacking libgmp10:amd64 (2:6.2.0+dfsg-4) over (2:6.2.0+dfsg-3) ...
Setting up libgmp10:amd64 (2:6.2.0+dfsg-4) ...
(Reading database ... (Reading database ... 5%(Reading database ... 10%(Reading database ... 15%(Reading database ... 20%(Reading database ... 25%(Reading database ... 30%(Reading database ... 35%(Reading database ... 40%(Reading database ... 45%(Reading database ... 50%(Reading database ... 55%(Reading database ... 60%(Reading database ... 65%(Reading database ... 70%(Reading database ... 75%(Reading database ... 80%(Reading database ... 85%(Reading database ... 90%(Reading database ... 95%(Reading database ... 100%(Reading database ... 12960 files and directories currently installed.)
Preparing to unpack .../zlib1g_1%3a1.2.11.dfsg-2_amd64.deb ...
Unpacking zlib1g:amd64 (1:1.2.11.dfsg-2) over (1:1.2.11.dfsg-1.2) ...
Setting up zlib1g:amd64 (1:1.2.11.dfsg-2) ...
Processing triggers for libc-bin (2.29-10) ...

+------------------------------------------------------------------------------+
| Fetch source files                                                           |
+------------------------------------------------------------------------------+


Check APT
---------

Checking available source versions...

Download source files with APT
------------------------------

Reading package lists...
NOTICE: 'ttfautohint' packaging is maintained in the 'Git' version control system at:
https://salsa.debian.org/fonts-team/ttfautohint.git
Please use:
git clone https://salsa.debian.org/fonts-team/ttfautohint.git
to retrieve the latest (possibly unreleased) updates to the package.
Need to get 3465 kB of source archives.
Get:1 http://127.0.0.1:12990/debian sid/main ttfautohint 1.8.3-2 (dsc) [2426 B]
Get:2 http://127.0.0.1:12990/debian sid/main ttfautohint 1.8.3-2 (tar) [3453 kB]
Get:3 http://127.0.0.1:12990/debian sid/main ttfautohint 1.8.3-2 (asc) [181 B]
Get:4 http://127.0.0.1:12990/debian sid/main ttfautohint 1.8.3-2 (diff) [9412 B]
Fetched 3465 kB in 0s (33.0 MB/s)
Download complete and in download only mode
I: NOTICE: Log filtering will replace 'build/ttfautohint-OTCh4n/ttfautohint-1.8.3' with '<<PKGBUILDDIR>>'
I: NOTICE: Log filtering will replace 'build/ttfautohint-OTCh4n' with '<<BUILDDIR>>'

+------------------------------------------------------------------------------+
| Install package build dependencies                                           |
+------------------------------------------------------------------------------+


Setup apt archive
-----------------

Merged Build-Depends: debhelper (>= 11), qt5-qmake, qtbase5-dev, qtchooser, bison, flex, libfreetype6-dev, pkg-config, libharfbuzz-dev, build-essential, fakeroot
Filtered Build-Depends: debhelper (>= 11), qt5-qmake, qtbase5-dev, qtchooser, bison, flex, libfreetype6-dev, pkg-config, libharfbuzz-dev, build-essential, fakeroot
dpkg-deb: building package 'sbuild-build-depends-main-dummy' in '/<<RESOLVERDIR>>/apt_archive/sbuild-build-depends-main-dummy.deb'.
Ign:1 copy:/<<RESOLVERDIR>>/apt_archive ./ InRelease
Get:2 copy:/<<RESOLVERDIR>>/apt_archive ./ Release [957 B]
Ign:3 copy:/<<RESOLVERDIR>>/apt_archive ./ Release.gpg
Get:4 copy:/<<RESOLVERDIR>>/apt_archive ./ Sources [425 B]
Get:5 copy:/<<RESOLVERDIR>>/apt_archive ./ Packages [503 B]
Fetched 1885 B in 0s (0 B/s)
Reading package lists...
Reading package lists...

Install main build dependencies (apt-based resolver)
----------------------------------------------------

Installing build dependencies
Reading package lists...
Building dependency tree...
Reading state information...
The following additional packages will be installed:
  autoconf automake autopoint autotools-dev bison bsdmainutils debhelper
  dh-autoreconf dh-strip-nondeterminism dwz file flex fontconfig
  fontconfig-config fonts-dejavu-core gettext gettext-base gir1.2-glib-2.0
  gir1.2-harfbuzz-0.0 groff-base icu-devtools intltool-debian
  libarchive-zip-perl libavahi-client3 libavahi-common-data libavahi-common3
  libblkid-dev libcroco3 libcups2 libdbus-1-3 libdebhelper-perl
  libdouble-conversion3 libdrm-amdgpu1 libdrm-common libdrm-intel1
  libdrm-nouveau2 libdrm-radeon1 libdrm2 libegl-dev libegl-mesa0 libegl1
  libelf1 libevdev2 libexpat1 libffi-dev libfile-stripnondeterminism-perl
  libfontconfig1 libfreetype-dev libfreetype6 libfreetype6-dev libgbm1
  libgirepository-1.0-1 libgl-dev libgl1 libgl1-mesa-dri libglapi-mesa
  libglib2.0-0 libglib2.0-bin libglib2.0-data libglib2.0-dev
  libglib2.0-dev-bin libglu1-mesa libglu1-mesa-dev libglvnd0 libglx-dev
  libglx-mesa0 libglx0 libgraphite2-3 libgraphite2-dev libgssapi-krb5-2
  libgudev-1.0-0 libharfbuzz-dev libharfbuzz-gobject0 libharfbuzz-icu0
  libharfbuzz0b libice6 libicu-dev libicu63 libinput-bin libinput10
  libjpeg62-turbo libk5crypto3 libkeyutils1 libkrb5-3 libkrb5support0 libllvm9
  libmagic-mgc libmagic1 libmount-dev libmpdec2 libmtdev1 libpciaccess0
  libpcre16-3 libpcre2-16-0 libpcre2-32-0 libpcre2-dev libpcre2-posix2
  libpcre3-dev libpcre32-3 libpcrecpp0v5 libpipeline1 libpng-dev libpng16-16
  libpthread-stubs0-dev libpython3-stdlib libpython3.7-minimal
  libpython3.7-stdlib libqt5concurrent5 libqt5core5a libqt5dbus5 libqt5gui5
  libqt5network5 libqt5printsupport5 libqt5sql5 libqt5test5 libqt5widgets5
  libqt5xml5 libreadline8 libselinux1-dev libsensors-config libsensors5
  libsepol1-dev libsigsegv2 libsm6 libsqlite3-0 libssl1.1 libsub-override-perl
  libtool libuchardet0 libvulkan-dev libvulkan1 libwacom-common libwacom2
  libwayland-client0 libwayland-server0 libx11-6 libx11-data libx11-dev
  libx11-xcb1 libxau-dev libxau6 libxcb-dri2-0 libxcb-dri3-0 libxcb-glx0
  libxcb-icccm4 libxcb-image0 libxcb-keysyms1 libxcb-present0 libxcb-randr0
  libxcb-render-util0 libxcb-render0 libxcb-shape0 libxcb-shm0 libxcb-sync1
  libxcb-util0 libxcb-xfixes0 libxcb-xinerama0 libxcb-xinput0 libxcb-xkb1
  libxcb1 libxcb1-dev libxdamage1 libxdmcp-dev libxdmcp6 libxext-dev libxext6
  libxfixes3 libxkbcommon-x11-0 libxkbcommon0 libxml2 libxrender1
  libxshmfence1 libxxf86vm1 m4 man-db mime-support pkg-config po-debconf
  python3 python3-distutils python3-lib2to3 python3-minimal python3.7
  python3.7-minimal qt5-qmake qt5-qmake-bin qtbase5-dev qtbase5-dev-tools
  qtchooser readline-common sensible-utils ucf uuid-dev x11-common
  x11proto-core-dev x11proto-dev x11proto-xext-dev xkb-data xorg-sgml-doctools
  xtrans-dev zlib1g-dev
Suggested packages:
  autoconf-archive gnu-standards autoconf-doc bison-doc wamerican | wordlist
  whois vacation dh-make flex-doc gettext-doc libasprintf-dev libgettextpo-dev
  groff cups-common freetype2-doc libgirepository1.0-dev libglib2.0-doc
  libgdk-pixbuf2.0-bin | libgdk-pixbuf2.0-dev libxml2-utils libgraphite2-utils
  krb5-doc krb5-user icu-doc pciutils libthai0 qt5-image-formats-plugins
  qtwayland5 lm-sensors libtool-doc gfortran | fortran95-compiler gcj-jdk
  libx11-doc libxcb-doc libxext-doc m4-doc apparmor less www-browser
  libmail-box-perl python3-doc python3-tk python3-venv python3.7-venv
  python3.7-doc binfmt-support default-libmysqlclient-dev firebird-dev
  libpq-dev libsqlite3-dev unixodbc-dev readline-doc
Recommended packages:
  libfl-dev curl | wget | lynx dbus libarchive-cpio-perl shared-mime-info
  xdg-user-dirs krb5-locales libpng-tools qttranslations5-l10n libqt5svg5
  qt5-gtk-platformtheme libqt5sql5-sqlite | libqt5sql5-mysql | libqt5sql5-odbc
  | libqt5sql5-psql | libqt5sql5-tds | libqt5sql5-ibase libltdl-dev
  mesa-vulkan-drivers | vulkan-icd libwacom-bin libmail-sendmail-perl
  libqt5opengl5-dev
The following NEW packages will be installed:
  autoconf automake autopoint autotools-dev bison bsdmainutils debhelper
  dh-autoreconf dh-strip-nondeterminism dwz file flex fontconfig
  fontconfig-config fonts-dejavu-core gettext gettext-base gir1.2-glib-2.0
  gir1.2-harfbuzz-0.0 groff-base icu-devtools intltool-debian
  libarchive-zip-perl libavahi-client3 libavahi-common-data libavahi-common3
  libblkid-dev libcroco3 libcups2 libdbus-1-3 libdebhelper-perl
  libdouble-conversion3 libdrm-amdgpu1 libdrm-common libdrm-intel1
  libdrm-nouveau2 libdrm-radeon1 libdrm2 libegl-dev libegl-mesa0 libegl1
  libelf1 libevdev2 libexpat1 libffi-dev libfile-stripnondeterminism-perl
  libfontconfig1 libfreetype-dev libfreetype6 libfreetype6-dev libgbm1
  libgirepository-1.0-1 libgl-dev libgl1 libgl1-mesa-dri libglapi-mesa
  libglib2.0-0 libglib2.0-bin libglib2.0-data libglib2.0-dev
  libglib2.0-dev-bin libglu1-mesa libglu1-mesa-dev libglvnd0 libglx-dev
  libglx-mesa0 libglx0 libgraphite2-3 libgraphite2-dev libgssapi-krb5-2
  libgudev-1.0-0 libharfbuzz-dev libharfbuzz-gobject0 libharfbuzz-icu0
  libharfbuzz0b libice6 libicu-dev libicu63 libinput-bin libinput10
  libjpeg62-turbo libk5crypto3 libkeyutils1 libkrb5-3 libkrb5support0 libllvm9
  libmagic-mgc libmagic1 libmount-dev libmpdec2 libmtdev1 libpciaccess0
  libpcre16-3 libpcre2-16-0 libpcre2-32-0 libpcre2-dev libpcre2-posix2
  libpcre3-dev libpcre32-3 libpcrecpp0v5 libpipeline1 libpng-dev libpng16-16
  libpthread-stubs0-dev libpython3-stdlib libpython3.7-minimal
  libpython3.7-stdlib libqt5concurrent5 libqt5core5a libqt5dbus5 libqt5gui5
  libqt5network5 libqt5printsupport5 libqt5sql5 libqt5test5 libqt5widgets5
  libqt5xml5 libreadline8 libselinux1-dev libsensors-config libsensors5
  libsepol1-dev libsigsegv2 libsm6 libsqlite3-0 libssl1.1 libsub-override-perl
  libtool libuchardet0 libvulkan-dev libvulkan1 libwacom-common libwacom2
  libwayland-client0 libwayland-server0 libx11-6 libx11-data libx11-dev
  libx11-xcb1 libxau-dev libxau6 libxcb-dri2-0 libxcb-dri3-0 libxcb-glx0
  libxcb-icccm4 libxcb-image0 libxcb-keysyms1 libxcb-present0 libxcb-randr0
  libxcb-render-util0 libxcb-render0 libxcb-shape0 libxcb-shm0 libxcb-sync1
  libxcb-util0 libxcb-xfixes0 libxcb-xinerama0 libxcb-xinput0 libxcb-xkb1
  libxcb1 libxcb1-dev libxdamage1 libxdmcp-dev libxdmcp6 libxext-dev libxext6
  libxfixes3 libxkbcommon-x11-0 libxkbcommon0 libxml2 libxrender1
  libxshmfence1 libxxf86vm1 m4 man-db mime-support pkg-config po-debconf
  python3 python3-distutils python3-lib2to3 python3-minimal python3.7
  python3.7-minimal qt5-qmake qt5-qmake-bin qtbase5-dev qtbase5-dev-tools
  qtchooser readline-common sbuild-build-depends-main-dummy sensible-utils ucf
  uuid-dev x11-common x11proto-core-dev x11proto-dev x11proto-xext-dev
  xkb-data xorg-sgml-doctools xtrans-dev zlib1g-dev
0 upgraded, 202 newly installed, 0 to remove and 0 not upgraded.
Need to get 100 MB of archives.
After this operation, 633 MB of additional disk space will be used.
Get:1 copy:/<<RESOLVERDIR>>/apt_archive ./ sbuild-build-depends-main-dummy 0.invalid.0 [932 B]
Get:2 http://127.0.0.1:12990/debian sid/main amd64 bsdmainutils amd64 11.1.2+b1 [191 kB]
Get:3 http://127.0.0.1:12990/debian sid/main amd64 libuchardet0 amd64 0.0.6-3 [64.9 kB]
Get:4 http://127.0.0.1:12990/debian sid/main amd64 groff-base amd64 1.22.4-4 [919 kB]
Get:5 http://127.0.0.1:12990/debian sid/main amd64 libpipeline1 amd64 1.5.2-2 [33.9 kB]
Get:6 http://127.0.0.1:12990/debian sid/main amd64 man-db amd64 2.9.0-2 [1307 kB]
Get:7 http://127.0.0.1:12990/debian sid/main amd64 libsigsegv2 amd64 2.12-2 [32.8 kB]
Get:8 http://127.0.0.1:12990/debian sid/main amd64 m4 amd64 1.4.18-4 [203 kB]
Get:9 http://127.0.0.1:12990/debian sid/main amd64 flex amd64 2.6.4-6.2 [456 kB]
Get:10 http://127.0.0.1:12990/debian sid/main amd64 libssl1.1 amd64 1.1.1d-2 [1540 kB]
Get:11 http://127.0.0.1:12990/debian sid/main amd64 libpython3.7-minimal amd64 3.7.6-1+b1 [591 kB]
Get:12 http://127.0.0.1:12990/debian sid/main amd64 libexpat1 amd64 2.2.9-1 [94.3 kB]
Get:13 http://127.0.0.1:12990/debian sid/main amd64 python3.7-minimal amd64 3.7.6-1+b1 [1813 kB]
Get:14 http://127.0.0.1:12990/debian sid/main amd64 python3-minimal amd64 3.7.5-3 [36.8 kB]
Get:15 http://127.0.0.1:12990/debian sid/main amd64 mime-support all 3.64 [37.8 kB]
Get:16 http://127.0.0.1:12990/debian sid/main amd64 libmpdec2 amd64 2.4.2-2 [87.2 kB]
Get:17 http://127.0.0.1:12990/debian sid/main amd64 readline-common all 8.0-4 [72.5 kB]
Get:18 http://127.0.0.1:12990/debian sid/main amd64 libreadline8 amd64 8.0-4 [160 kB]
Get:19 http://127.0.0.1:12990/debian sid/main amd64 libsqlite3-0 amd64 3.31.1-3 [661 kB]
Get:20 http://127.0.0.1:12990/debian sid/main amd64 libpython3.7-stdlib amd64 3.7.6-1+b1 [1735 kB]
Get:21 http://127.0.0.1:12990/debian sid/main amd64 python3.7 amd64 3.7.6-1+b1 [351 kB]
Get:22 http://127.0.0.1:12990/debian sid/main amd64 libpython3-stdlib amd64 3.7.5-3 [20.2 kB]
Get:23 http://127.0.0.1:12990/debian sid/main amd64 python3 amd64 3.7.5-3 [62.1 kB]
Get:24 http://127.0.0.1:12990/debian sid/main amd64 sensible-utils all 0.0.12+nmu1 [16.0 kB]
Get:25 http://127.0.0.1:12990/debian sid/main amd64 libmagic-mgc amd64 1:5.38-4 [262 kB]
Get:26 http://127.0.0.1:12990/debian sid/main amd64 libmagic1 amd64 1:5.38-4 [120 kB]
Get:27 http://127.0.0.1:12990/debian sid/main amd64 file amd64 1:5.38-4 [67.9 kB]
Get:28 http://127.0.0.1:12990/debian sid/main amd64 gettext-base amd64 0.19.8.1-10 [123 kB]
Get:29 http://127.0.0.1:12990/debian sid/main amd64 ucf all 3.0038+nmu1 [69.0 kB]
Get:30 http://127.0.0.1:12990/debian sid/main amd64 autoconf all 2.69-11.1 [341 kB]
Get:31 http://127.0.0.1:12990/debian sid/main amd64 autotools-dev all 20180224.1 [77.0 kB]
Get:32 http://127.0.0.1:12990/debian sid/main amd64 automake all 1:1.16.1-4 [771 kB]
Get:33 http://127.0.0.1:12990/debian sid/main amd64 autopoint all 0.19.8.1-10 [435 kB]
Get:34 http://127.0.0.1:12990/debian sid/main amd64 bison amd64 2:3.5.1+dfsg-1 [963 kB]
Get:35 http://127.0.0.1:12990/debian sid/main amd64 libtool all 2.4.6-13 [513 kB]
Get:36 http://127.0.0.1:12990/debian sid/main amd64 dh-autoreconf all 19 [16.9 kB]
Get:37 http://127.0.0.1:12990/debian sid/main amd64 libdebhelper-perl all 12.9 [183 kB]
Get:38 http://127.0.0.1:12990/debian sid/main amd64 libarchive-zip-perl all 1.67-1 [104 kB]
Get:39 http://127.0.0.1:12990/debian sid/main amd64 libsub-override-perl all 0.09-2 [10.2 kB]
Get:40 http://127.0.0.1:12990/debian sid/main amd64 libfile-stripnondeterminism-perl all 1.6.3-2 [23.7 kB]
Get:41 http://127.0.0.1:12990/debian sid/main amd64 dh-strip-nondeterminism all 1.6.3-2 [14.7 kB]
Get:42 http://127.0.0.1:12990/debian sid/main amd64 libelf1 amd64 0.176-1.1 [161 kB]
Get:43 http://127.0.0.1:12990/debian sid/main amd64 dwz amd64 0.13-5 [151 kB]
Get:44 http://127.0.0.1:12990/debian sid/main amd64 libglib2.0-0 amd64 2.62.4-2 [1319 kB]
Get:45 http://127.0.0.1:12990/debian sid/main amd64 libicu63 amd64 63.2-2 [8301 kB]
Get:46 http://127.0.0.1:12990/debian sid/main amd64 libxml2 amd64 2.9.10+dfsg-3 [709 kB]
Get:47 http://127.0.0.1:12990/debian sid/main amd64 libcroco3 amd64 0.6.13-1 [146 kB]
Get:48 http://127.0.0.1:12990/debian sid/main amd64 gettext amd64 0.19.8.1-10 [1303 kB]
Get:49 http://127.0.0.1:12990/debian sid/main amd64 intltool-debian all 0.35.0+20060710.5 [26.8 kB]
Get:50 http://127.0.0.1:12990/debian sid/main amd64 po-debconf all 1.0.21 [248 kB]
Get:51 http://127.0.0.1:12990/debian sid/main amd64 debhelper all 12.9 [994 kB]
Get:52 http://127.0.0.1:12990/debian sid/main amd64 libpng16-16 amd64 1.6.37-2 [292 kB]
Get:53 http://127.0.0.1:12990/debian sid/main amd64 libfreetype6 amd64 2.10.1-2 [392 kB]
Get:54 http://127.0.0.1:12990/debian sid/main amd64 fonts-dejavu-core all 2.37-1 [1068 kB]
Get:55 http://127.0.0.1:12990/debian sid/main amd64 fontconfig-config all 2.13.1-2 [280 kB]
Get:56 http://127.0.0.1:12990/debian sid/main amd64 libfontconfig1 amd64 2.13.1-2+b1 [347 kB]
Get:57 http://127.0.0.1:12990/debian sid/main amd64 fontconfig amd64 2.13.1-2+b1 [405 kB]
Get:58 http://127.0.0.1:12990/debian sid/main amd64 libgirepository-1.0-1 amd64 1.62.0-5 [95.3 kB]
Get:59 http://127.0.0.1:12990/debian sid/main amd64 gir1.2-glib-2.0 amd64 1.62.0-5 [146 kB]
Get:60 http://127.0.0.1:12990/debian sid/main amd64 libgraphite2-3 amd64 1.3.13-11 [80.9 kB]
Get:61 http://127.0.0.1:12990/debian sid/main amd64 libharfbuzz0b amd64 2.6.4-1 [1360 kB]
Get:62 http://127.0.0.1:12990/debian sid/main amd64 gir1.2-harfbuzz-0.0 amd64 2.6.4-1 [997 kB]
Get:63 http://127.0.0.1:12990/debian sid/main amd64 icu-devtools amd64 63.2-2 [189 kB]
Get:64 http://127.0.0.1:12990/debian sid/main amd64 libavahi-common-data amd64 0.7-5 [122 kB]
Get:65 http://127.0.0.1:12990/debian sid/main amd64 libavahi-common3 amd64 0.7-5 [54.6 kB]
Get:66 http://127.0.0.1:12990/debian sid/main amd64 libdbus-1-3 amd64 1.12.16-2 [214 kB]
Get:67 http://127.0.0.1:12990/debian sid/main amd64 libavahi-client3 amd64 0.7-5 [58.2 kB]
Get:68 http://127.0.0.1:12990/debian sid/main amd64 uuid-dev amd64 2.34-0.1 [93.5 kB]
Get:69 http://127.0.0.1:12990/debian sid/main amd64 libblkid-dev amd64 2.34-0.1 [226 kB]
Get:70 http://127.0.0.1:12990/debian sid/main amd64 libkeyutils1 amd64 1.6.1-2 [15.4 kB]
Get:71 http://127.0.0.1:12990/debian sid/main amd64 libkrb5support0 amd64 1.17-6 [64.6 kB]
Get:72 http://127.0.0.1:12990/debian sid/main amd64 libk5crypto3 amd64 1.17-6 [116 kB]
Get:73 http://127.0.0.1:12990/debian sid/main amd64 libkrb5-3 amd64 1.17-6 [366 kB]
Get:74 http://127.0.0.1:12990/debian sid/main amd64 libgssapi-krb5-2 amd64 1.17-6 [156 kB]
Get:75 http://127.0.0.1:12990/debian sid/main amd64 libcups2 amd64 2.3.1-11 [349 kB]
Get:76 http://127.0.0.1:12990/debian sid/main amd64 libdouble-conversion3 amd64 3.1.5-5 [40.4 kB]
Get:77 http://127.0.0.1:12990/debian sid/main amd64 libdrm-common all 2.4.100-4 [14.2 kB]
Get:78 http://127.0.0.1:12990/debian sid/main amd64 libdrm2 amd64 2.4.100-4 [40.7 kB]
Get:79 http://127.0.0.1:12990/debian sid/main amd64 libdrm-amdgpu1 amd64 2.4.100-4 [28.0 kB]
Get:80 http://127.0.0.1:12990/debian sid/main amd64 libpciaccess0 amd64 0.14-1 [53.5 kB]
Get:81 http://127.0.0.1:12990/debian sid/main amd64 libdrm-intel1 amd64 2.4.100-4 [70.1 kB]
Get:82 http://127.0.0.1:12990/debian sid/main amd64 libdrm-nouveau2 amd64 2.4.100-4 [26.3 kB]
Get:83 http://127.0.0.1:12990/debian sid/main amd64 libdrm-radeon1 amd64 2.4.100-4 [29.5 kB]
Get:84 http://127.0.0.1:12990/debian sid/main amd64 libglvnd0 amd64 1.3.1-1 [51.1 kB]
Get:85 http://127.0.0.1:12990/debian sid/main amd64 libwayland-server0 amd64 1.18.0-1 [34.2 kB]
Get:86 http://127.0.0.1:12990/debian sid/main amd64 libgbm1 amd64 19.3.3-1 [70.6 kB]
Get:87 http://127.0.0.1:12990/debian sid/main amd64 libglapi-mesa amd64 19.3.3-1 [69.7 kB]
Get:88 http://127.0.0.1:12990/debian sid/main amd64 libwayland-client0 amd64 1.18.0-1 [26.6 kB]
Get:89 http://127.0.0.1:12990/debian sid/main amd64 libx11-xcb1 amd64 2:1.6.8-1 [190 kB]
Get:90 http://127.0.0.1:12990/debian sid/main amd64 libxau6 amd64 1:1.0.8-1+b2 [19.9 kB]
Get:91 http://127.0.0.1:12990/debian sid/main amd64 libxdmcp6 amd64 1:1.1.2-3 [26.3 kB]
Get:92 http://127.0.0.1:12990/debian sid/main amd64 libxcb1 amd64 1.13.1-5 [137 kB]
Get:93 http://127.0.0.1:12990/debian sid/main amd64 libxcb-dri2-0 amd64 1.13.1-5 [101 kB]
Get:94 http://127.0.0.1:12990/debian sid/main amd64 libxcb-dri3-0 amd64 1.13.1-5 [100 kB]
Get:95 http://127.0.0.1:12990/debian sid/main amd64 libxcb-present0 amd64 1.13.1-5 [99.3 kB]
Get:96 http://127.0.0.1:12990/debian sid/main amd64 libxcb-sync1 amd64 1.13.1-5 [103 kB]
Get:97 http://127.0.0.1:12990/debian sid/main amd64 libxcb-xfixes0 amd64 1.13.1-5 [103 kB]
Get:98 http://127.0.0.1:12990/debian sid/main amd64 libxshmfence1 amd64 1.3-1 [8820 B]
Get:99 http://127.0.0.1:12990/debian sid/main amd64 libegl-mesa0 amd64 19.3.3-1 [139 kB]
Get:100 http://127.0.0.1:12990/debian sid/main amd64 libegl1 amd64 1.3.1-1 [34.0 kB]
Get:101 http://127.0.0.1:12990/debian sid/main amd64 libx11-data all 2:1.6.8-1 [298 kB]
Get:102 http://127.0.0.1:12990/debian sid/main amd64 libx11-6 amd64 2:1.6.8-1 [756 kB]
Get:103 http://127.0.0.1:12990/debian sid/main amd64 libxcb-glx0 amd64 1.13.1-5 [116 kB]
Get:104 http://127.0.0.1:12990/debian sid/main amd64 libxfixes3 amd64 1:5.0.3-1 [21.9 kB]
Get:105 http://127.0.0.1:12990/debian sid/main amd64 libxdamage1 amd64 1:1.1.5-1 [15.7 kB]
Get:106 http://127.0.0.1:12990/debian sid/main amd64 libxext6 amd64 2:1.3.3-1+b2 [52.5 kB]
Get:107 http://127.0.0.1:12990/debian sid/main amd64 libxxf86vm1 amd64 1:1.1.4-1+b2 [20.8 kB]
Get:108 http://127.0.0.1:12990/debian sid/main amd64 libllvm9 amd64 1:9.0.1-8 [15.0 MB]
Get:109 http://127.0.0.1:12990/debian sid/main amd64 libsensors-config all 1:3.6.0-2 [32.0 kB]
Get:110 http://127.0.0.1:12990/debian sid/main amd64 libsensors5 amd64 1:3.6.0-2 [53.1 kB]
Get:111 http://127.0.0.1:12990/debian sid/main amd64 libvulkan1 amd64 1.2.131.2-1 [98.2 kB]
Get:112 http://127.0.0.1:12990/debian sid/main amd64 libgl1-mesa-dri amd64 19.3.3-1 [9219 kB]
Get:113 http://127.0.0.1:12990/debian sid/main amd64 libglx-mesa0 amd64 19.3.3-1 [183 kB]
Get:114 http://127.0.0.1:12990/debian sid/main amd64 libglx0 amd64 1.3.1-1 [34.6 kB]
Get:115 http://127.0.0.1:12990/debian sid/main amd64 libgl1 amd64 1.3.1-1 [89.3 kB]
Get:116 http://127.0.0.1:12990/debian sid/main amd64 xorg-sgml-doctools all 1:1.11-1 [21.9 kB]
Get:117 http://127.0.0.1:12990/debian sid/main amd64 x11proto-dev all 2018.4-4 [251 kB]
Get:118 http://127.0.0.1:12990/debian sid/main amd64 x11proto-core-dev all 2018.4-4 [3128 B]
Get:119 http://127.0.0.1:12990/debian sid/main amd64 libxau-dev amd64 1:1.0.8-1+b2 [23.1 kB]
Get:120 http://127.0.0.1:12990/debian sid/main amd64 libxdmcp-dev amd64 1:1.1.2-3 [42.2 kB]
Get:121 http://127.0.0.1:12990/debian sid/main amd64 xtrans-dev all 1.3.5-1 [100 kB]
Get:122 http://127.0.0.1:12990/debian sid/main amd64 libpthread-stubs0-dev amd64 0.4-1 [5344 B]
Get:123 http://127.0.0.1:12990/debian sid/main amd64 libxcb1-dev amd64 1.13.1-5 [174 kB]
Get:124 http://127.0.0.1:12990/debian sid/main amd64 libx11-dev amd64 2:1.6.8-1 [822 kB]
Get:125 http://127.0.0.1:12990/debian sid/main amd64 libglx-dev amd64 1.3.1-1 [16.2 kB]
Get:126 http://127.0.0.1:12990/debian sid/main amd64 libgl-dev amd64 1.3.1-1 [100 kB]
Get:127 http://127.0.0.1:12990/debian sid/main amd64 libegl-dev amd64 1.3.1-1 [19.2 kB]
Get:128 http://127.0.0.1:12990/debian sid/main amd64 libevdev2 amd64 1.8.901+dfsg-1 [33.3 kB]
Get:129 http://127.0.0.1:12990/debian sid/main amd64 libffi-dev amd64 3.3-3 [56.4 kB]
Get:130 http://127.0.0.1:12990/debian sid/main amd64 zlib1g-dev amd64 1:1.2.11.dfsg-2 [190 kB]
Get:131 http://127.0.0.1:12990/debian sid/main amd64 libpng-dev amd64 1.6.37-2 [295 kB]
Get:132 http://127.0.0.1:12990/debian sid/main amd64 libfreetype-dev amd64 2.10.1-2 [545 kB]
Get:133 http://127.0.0.1:12990/debian sid/main amd64 libfreetype6-dev amd64 2.10.1-2 [63.8 kB]
Get:134 http://127.0.0.1:12990/debian sid/main amd64 libglib2.0-data all 2.62.4-2 [1121 kB]
Get:135 http://127.0.0.1:12990/debian sid/main amd64 libglib2.0-bin amd64 2.62.4-2 [132 kB]
Get:136 http://127.0.0.1:12990/debian sid/main amd64 python3-lib2to3 all 3.8.0-1 [78.3 kB]
Get:137 http://127.0.0.1:12990/debian sid/main amd64 python3-distutils all 3.8.0-1 [145 kB]
Get:138 http://127.0.0.1:12990/debian sid/main amd64 libglib2.0-dev-bin amd64 2.62.4-2 [165 kB]
Get:139 http://127.0.0.1:12990/debian sid/main amd64 libmount-dev amd64 2.34-0.1 [236 kB]
Get:140 http://127.0.0.1:12990/debian sid/main amd64 libpcre16-3 amd64 2:8.39-12+b1 [259 kB]
Get:141 http://127.0.0.1:12990/debian sid/main amd64 libpcre32-3 amd64 2:8.39-12+b1 [250 kB]
Get:142 http://127.0.0.1:12990/debian sid/main amd64 libpcrecpp0v5 amd64 2:8.39-12+b1 [152 kB]
Get:143 http://127.0.0.1:12990/debian sid/main amd64 libpcre3-dev amd64 2:8.39-12+b1 [653 kB]
Get:144 http://127.0.0.1:12990/debian sid/main amd64 libsepol1-dev amd64 3.0-1 [336 kB]
Get:145 http://127.0.0.1:12990/debian sid/main amd64 libpcre2-16-0 amd64 10.34-7 [219 kB]
Get:146 http://127.0.0.1:12990/debian sid/main amd64 libpcre2-32-0 amd64 10.34-7 [208 kB]
Get:147 http://127.0.0.1:12990/debian sid/main amd64 libpcre2-posix2 amd64 10.34-7 [45.2 kB]
Get:148 http://127.0.0.1:12990/debian sid/main amd64 libpcre2-dev amd64 10.34-7 [709 kB]
Get:149 http://127.0.0.1:12990/debian sid/main amd64 libselinux1-dev amd64 3.0-1+b1 [171 kB]
Get:150 http://127.0.0.1:12990/debian sid/main amd64 pkg-config amd64 0.29-6 [63.5 kB]
Get:151 http://127.0.0.1:12990/debian sid/main amd64 libglib2.0-dev amd64 2.62.4-2 [1542 kB]
Get:152 http://127.0.0.1:12990/debian sid/main amd64 libglu1-mesa amd64 9.0.1-1 [168 kB]
Get:153 http://127.0.0.1:12990/debian sid/main amd64 libglu1-mesa-dev amd64 9.0.1-1 [207 kB]
Get:154 http://127.0.0.1:12990/debian sid/main amd64 libgraphite2-dev amd64 1.3.13-11 [23.9 kB]
Get:155 http://127.0.0.1:12990/debian sid/main amd64 libgudev-1.0-0 amd64 233-1 [13.8 kB]
Get:156 http://127.0.0.1:12990/debian sid/main amd64 libharfbuzz-icu0 amd64 2.6.4-1 [976 kB]
Get:157 http://127.0.0.1:12990/debian sid/main amd64 libharfbuzz-gobject0 amd64 2.6.4-1 [991 kB]
Get:158 http://127.0.0.1:12990/debian sid/main amd64 libicu-dev amd64 63.2-2 [9190 kB]
Get:159 http://127.0.0.1:12990/debian sid/main amd64 libharfbuzz-dev amd64 2.6.4-1 [1496 kB]
Get:160 http://127.0.0.1:12990/debian sid/main amd64 x11-common all 1:7.7+20 [252 kB]
Get:161 http://127.0.0.1:12990/debian sid/main amd64 libice6 amd64 2:1.0.9-2 [58.7 kB]
Get:162 http://127.0.0.1:12990/debian sid/main amd64 libwacom-common all 1.1-2 [41.9 kB]
Get:163 http://127.0.0.1:12990/debian sid/main amd64 libwacom2 amd64 1.1-2 [20.3 kB]
Get:164 http://127.0.0.1:12990/debian sid/main amd64 libinput-bin amd64 1.15.2-1 [22.2 kB]
Get:165 http://127.0.0.1:12990/debian sid/main amd64 libmtdev1 amd64 1.1.5-1.1 [22.4 kB]
Get:166 http://127.0.0.1:12990/debian sid/main amd64 libinput10 amd64 1.15.2-1 [116 kB]
Get:167 http://127.0.0.1:12990/debian sid/main amd64 libjpeg62-turbo amd64 1:1.5.2-2+b1 [134 kB]
Get:168 http://127.0.0.1:12990/debian sid/main amd64 libqt5core5a amd64 5.12.5+dfsg-8 [2029 kB]
Get:169 http://127.0.0.1:12990/debian sid/main amd64 libqt5concurrent5 amd64 5.12.5+dfsg-8 [64.5 kB]
Get:170 http://127.0.0.1:12990/debian sid/main amd64 libqt5dbus5 amd64 5.12.5+dfsg-8 [239 kB]
Get:171 http://127.0.0.1:12990/debian sid/main amd64 libqt5network5 amd64 5.12.5+dfsg-8 [704 kB]
Get:172 http://127.0.0.1:12990/debian sid/main amd64 libsm6 amd64 2:1.2.3-1 [35.1 kB]
Get:173 http://127.0.0.1:12990/debian sid/main amd64 libxcb-icccm4 amd64 0.4.1-1.1 [27.4 kB]
Get:174 http://127.0.0.1:12990/debian sid/main amd64 libxcb-shm0 amd64 1.13.1-5 [99.3 kB]
Get:175 http://127.0.0.1:12990/debian sid/main amd64 libxcb-util0 amd64 0.3.8-3+b2 [23.0 kB]
Get:176 http://127.0.0.1:12990/debian sid/main amd64 libxcb-image0 amd64 0.4.0-1+b2 [24.4 kB]
Get:177 http://127.0.0.1:12990/debian sid/main amd64 libxcb-keysyms1 amd64 0.4.0-1+b2 [16.4 kB]
Get:178 http://127.0.0.1:12990/debian sid/main amd64 libxcb-randr0 amd64 1.13.1-5 [111 kB]
Get:179 http://127.0.0.1:12990/debian sid/main amd64 libxcb-render0 amd64 1.13.1-5 [109 kB]
Get:180 http://127.0.0.1:12990/debian sid/main amd64 libxcb-render-util0 amd64 0.3.9-1+b1 [18.3 kB]
Get:181 http://127.0.0.1:12990/debian sid/main amd64 libxcb-shape0 amd64 1.13.1-5 [99.7 kB]
Get:182 http://127.0.0.1:12990/debian sid/main amd64 libxcb-xinerama0 amd64 1.13.1-5 [99.0 kB]
Get:183 http://127.0.0.1:12990/debian sid/main amd64 libxcb-xinput0 amd64 1.13.1-5 [124 kB]
Get:184 http://127.0.0.1:12990/debian sid/main amd64 libxcb-xkb1 amd64 1.13.1-5 [124 kB]
Get:185 http://127.0.0.1:12990/debian sid/main amd64 xkb-data all 2.26-2 [681 kB]
Get:186 http://127.0.0.1:12990/debian sid/main amd64 libxkbcommon0 amd64 0.10.0-1 [123 kB]
Get:187 http://127.0.0.1:12990/debian sid/main amd64 libxkbcommon-x11-0 amd64 0.10.0-1 [39.4 kB]
Get:188 http://127.0.0.1:12990/debian sid/main amd64 libxrender1 amd64 1:0.9.10-1 [33.0 kB]
Get:189 http://127.0.0.1:12990/debian sid/main amd64 libqt5gui5 amd64 5.12.5+dfsg-8 [2986 kB]
Get:190 http://127.0.0.1:12990/debian sid/main amd64 libqt5widgets5 amd64 5.12.5+dfsg-8 [2321 kB]
Get:191 http://127.0.0.1:12990/debian sid/main amd64 libqt5printsupport5 amd64 5.12.5+dfsg-8 [224 kB]
Get:192 http://127.0.0.1:12990/debian sid/main amd64 libqt5sql5 amd64 5.12.5+dfsg-8 [152 kB]
Get:193 http://127.0.0.1:12990/debian sid/main amd64 libqt5test5 amd64 5.12.5+dfsg-8 [162 kB]
Get:194 http://127.0.0.1:12990/debian sid/main amd64 libqt5xml5 amd64 5.12.5+dfsg-8 [136 kB]
Get:195 http://127.0.0.1:12990/debian sid/main amd64 libvulkan-dev amd64 1.2.131.2-1 [485 kB]
Get:196 http://127.0.0.1:12990/debian sid/main amd64 x11proto-xext-dev all 2018.4-4 [3128 B]
Get:197 http://127.0.0.1:12990/debian sid/main amd64 libxext-dev amd64 2:1.3.3-1+b2 [107 kB]
Get:198 http://127.0.0.1:12990/debian sid/main amd64 qt5-qmake-bin amd64 5.12.5+dfsg-8 [1014 kB]
Get:199 http://127.0.0.1:12990/debian sid/main amd64 qtchooser amd64 66-2 [26.3 kB]
Get:200 http://127.0.0.1:12990/debian sid/main amd64 qt5-qmake amd64 5.12.5+dfsg-8 [229 kB]
Get:201 http://127.0.0.1:12990/debian sid/main amd64 qtbase5-dev-tools amd64 5.12.5+dfsg-8 [729 kB]
Get:202 http://127.0.0.1:12990/debian sid/main amd64 qtbase5-dev amd64 5.12.5+dfsg-8 [1039 kB]
debconf: delaying package configuration, since apt-utils is not installed
Fetched 100 MB in 1s (92.5 MB/s)
Selecting previously unselected package bsdmainutils.
(Reading database ... 12960 files and directories currently installed.)
Preparing to unpack .../00-bsdmainutils_11.1.2+b1_amd64.deb ...
Unpacking bsdmainutils (11.1.2+b1) ...
Selecting previously unselected package libuchardet0:amd64.
Preparing to unpack .../01-libuchardet0_0.0.6-3_amd64.deb ...
Unpacking libuchardet0:amd64 (0.0.6-3) ...
Selecting previously unselected package groff-base.
Preparing to unpack .../02-groff-base_1.22.4-4_amd64.deb ...
Unpacking groff-base (1.22.4-4) ...
Selecting previously unselected package libpipeline1:amd64.
Preparing to unpack .../03-libpipeline1_1.5.2-2_amd64.deb ...
Unpacking libpipeline1:amd64 (1.5.2-2) ...
Selecting previously unselected package man-db.
Preparing to unpack .../04-man-db_2.9.0-2_amd64.deb ...
Unpacking man-db (2.9.0-2) ...
Selecting previously unselected package libsigsegv2:amd64.
Preparing to unpack .../05-libsigsegv2_2.12-2_amd64.deb ...
Unpacking libsigsegv2:amd64 (2.12-2) ...
Selecting previously unselected package m4.
Preparing to unpack .../06-m4_1.4.18-4_amd64.deb ...
Unpacking m4 (1.4.18-4) ...
Selecting previously unselected package flex.
Preparing to unpack .../07-flex_2.6.4-6.2_amd64.deb ...
Unpacking flex (2.6.4-6.2) ...
Selecting previously unselected package libssl1.1:amd64.
Preparing to unpack .../08-libssl1.1_1.1.1d-2_amd64.deb ...
Unpacking libssl1.1:amd64 (1.1.1d-2) ...
Selecting previously unselected package libpython3.7-minimal:amd64.
Preparing to unpack .../09-libpython3.7-minimal_3.7.6-1+b1_amd64.deb ...
Unpacking libpython3.7-minimal:amd64 (3.7.6-1+b1) ...
Selecting previously unselected package libexpat1:amd64.
Preparing to unpack .../10-libexpat1_2.2.9-1_amd64.deb ...
Unpacking libexpat1:amd64 (2.2.9-1) ...
Selecting previously unselected package python3.7-minimal.
Preparing to unpack .../11-python3.7-minimal_3.7.6-1+b1_amd64.deb ...
Unpacking python3.7-minimal (3.7.6-1+b1) ...
Setting up libssl1.1:amd64 (1.1.1d-2) ...
Setting up libpython3.7-minimal:amd64 (3.7.6-1+b1) ...
Setting up libexpat1:amd64 (2.2.9-1) ...
Setting up python3.7-minimal (3.7.6-1+b1) ...
Selecting previously unselected package python3-minimal.
(Reading database ... 14036 files and directories currently installed.)
Preparing to unpack .../0-python3-minimal_3.7.5-3_amd64.deb ...
Unpacking python3-minimal (3.7.5-3) ...
Selecting previously unselected package mime-support.
Preparing to unpack .../1-mime-support_3.64_all.deb ...
Unpacking mime-support (3.64) ...
Selecting previously unselected package libmpdec2:amd64.
Preparing to unpack .../2-libmpdec2_2.4.2-2_amd64.deb ...
Unpacking libmpdec2:amd64 (2.4.2-2) ...
Selecting previously unselected package readline-common.
Preparing to unpack .../3-readline-common_8.0-4_all.deb ...
Unpacking readline-common (8.0-4) ...
Selecting previously unselected package libreadline8:amd64.
Preparing to unpack .../4-libreadline8_8.0-4_amd64.deb ...
Unpacking libreadline8:amd64 (8.0-4) ...
Selecting previously unselected package libsqlite3-0:amd64.
Preparing to unpack .../5-libsqlite3-0_3.31.1-3_amd64.deb ...
Unpacking libsqlite3-0:amd64 (3.31.1-3) ...
Selecting previously unselected package libpython3.7-stdlib:amd64.
Preparing to unpack .../6-libpython3.7-stdlib_3.7.6-1+b1_amd64.deb ...
Unpacking libpython3.7-stdlib:amd64 (3.7.6-1+b1) ...
Selecting previously unselected package python3.7.
Preparing to unpack .../7-python3.7_3.7.6-1+b1_amd64.deb ...
Unpacking python3.7 (3.7.6-1+b1) ...
Selecting previously unselected package libpython3-stdlib:amd64.
Preparing to unpack .../8-libpython3-stdlib_3.7.5-3_amd64.deb ...
Unpacking libpython3-stdlib:amd64 (3.7.5-3) ...
Setting up python3-minimal (3.7.5-3) ...
Selecting previously unselected package python3.
(Reading database ... 14507 files and directories currently installed.)
Preparing to unpack .../000-python3_3.7.5-3_amd64.deb ...
Unpacking python3 (3.7.5-3) ...
Selecting previously unselected package sensible-utils.
Preparing to unpack .../001-sensible-utils_0.0.12+nmu1_all.deb ...
Unpacking sensible-utils (0.0.12+nmu1) ...
Selecting previously unselected package libmagic-mgc.
Preparing to unpack .../002-libmagic-mgc_1%3a5.38-4_amd64.deb ...
Unpacking libmagic-mgc (1:5.38-4) ...
Selecting previously unselected package libmagic1:amd64.
Preparing to unpack .../003-libmagic1_1%3a5.38-4_amd64.deb ...
Unpacking libmagic1:amd64 (1:5.38-4) ...
Selecting previously unselected package file.
Preparing to unpack .../004-file_1%3a5.38-4_amd64.deb ...
Unpacking file (1:5.38-4) ...
Selecting previously unselected package gettext-base.
Preparing to unpack .../005-gettext-base_0.19.8.1-10_amd64.deb ...
Unpacking gettext-base (0.19.8.1-10) ...
Selecting previously unselected package ucf.
Preparing to unpack .../006-ucf_3.0038+nmu1_all.deb ...
Moving old data out of the way
Unpacking ucf (3.0038+nmu1) ...
Selecting previously unselected package autoconf.
Preparing to unpack .../007-autoconf_2.69-11.1_all.deb ...
Unpacking autoconf (2.69-11.1) ...
Selecting previously unselected package autotools-dev.
Preparing to unpack .../008-autotools-dev_20180224.1_all.deb ...
Unpacking autotools-dev (20180224.1) ...
Selecting previously unselected package automake.
Preparing to unpack .../009-automake_1%3a1.16.1-4_all.deb ...
Unpacking automake (1:1.16.1-4) ...
Selecting previously unselected package autopoint.
Preparing to unpack .../010-autopoint_0.19.8.1-10_all.deb ...
Unpacking autopoint (0.19.8.1-10) ...
Selecting previously unselected package bison.
Preparing to unpack .../011-bison_2%3a3.5.1+dfsg-1_amd64.deb ...
Unpacking bison (2:3.5.1+dfsg-1) ...
Selecting previously unselected package libtool.
Preparing to unpack .../012-libtool_2.4.6-13_all.deb ...
Unpacking libtool (2.4.6-13) ...
Selecting previously unselected package dh-autoreconf.
Preparing to unpack .../013-dh-autoreconf_19_all.deb ...
Unpacking dh-autoreconf (19) ...
Selecting previously unselected package libdebhelper-perl.
Preparing to unpack .../014-libdebhelper-perl_12.9_all.deb ...
Unpacking libdebhelper-perl (12.9) ...
Selecting previously unselected package libarchive-zip-perl.
Preparing to unpack .../015-libarchive-zip-perl_1.67-1_all.deb ...
Unpacking libarchive-zip-perl (1.67-1) ...
Selecting previously unselected package libsub-override-perl.
Preparing to unpack .../016-libsub-override-perl_0.09-2_all.deb ...
Unpacking libsub-override-perl (0.09-2) ...
Selecting previously unselected package libfile-stripnondeterminism-perl.
Preparing to unpack .../017-libfile-stripnondeterminism-perl_1.6.3-2_all.deb ...
Unpacking libfile-stripnondeterminism-perl (1.6.3-2) ...
Selecting previously unselected package dh-strip-nondeterminism.
Preparing to unpack .../018-dh-strip-nondeterminism_1.6.3-2_all.deb ...
Unpacking dh-strip-nondeterminism (1.6.3-2) ...
Selecting previously unselected package libelf1:amd64.
Preparing to unpack .../019-libelf1_0.176-1.1_amd64.deb ...
Unpacking libelf1:amd64 (0.176-1.1) ...
Selecting previously unselected package dwz.
Preparing to unpack .../020-dwz_0.13-5_amd64.deb ...
Unpacking dwz (0.13-5) ...
Selecting previously unselected package libglib2.0-0:amd64.
Preparing to unpack .../021-libglib2.0-0_2.62.4-2_amd64.deb ...
Unpacking libglib2.0-0:amd64 (2.62.4-2) ...
Selecting previously unselected package libicu63:amd64.
Preparing to unpack .../022-libicu63_63.2-2_amd64.deb ...
Unpacking libicu63:amd64 (63.2-2) ...
Selecting previously unselected package libxml2:amd64.
Preparing to unpack .../023-libxml2_2.9.10+dfsg-3_amd64.deb ...
Unpacking libxml2:amd64 (2.9.10+dfsg-3) ...
Selecting previously unselected package libcroco3:amd64.
Preparing to unpack .../024-libcroco3_0.6.13-1_amd64.deb ...
Unpacking libcroco3:amd64 (0.6.13-1) ...
Selecting previously unselected package gettext.
Preparing to unpack .../025-gettext_0.19.8.1-10_amd64.deb ...
Unpacking gettext (0.19.8.1-10) ...
Selecting previously unselected package intltool-debian.
Preparing to unpack .../026-intltool-debian_0.35.0+20060710.5_all.deb ...
Unpacking intltool-debian (0.35.0+20060710.5) ...
Selecting previously unselected package po-debconf.
Preparing to unpack .../027-po-debconf_1.0.21_all.deb ...
Unpacking po-debconf (1.0.21) ...
Selecting previously unselected package debhelper.
Preparing to unpack .../028-debhelper_12.9_all.deb ...
Unpacking debhelper (12.9) ...
Selecting previously unselected package libpng16-16:amd64.
Preparing to unpack .../029-libpng16-16_1.6.37-2_amd64.deb ...
Unpacking libpng16-16:amd64 (1.6.37-2) ...
Selecting previously unselected package libfreetype6:amd64.
Preparing to unpack .../030-libfreetype6_2.10.1-2_amd64.deb ...
Unpacking libfreetype6:amd64 (2.10.1-2) ...
Selecting previously unselected package fonts-dejavu-core.
Preparing to unpack .../031-fonts-dejavu-core_2.37-1_all.deb ...
Unpacking fonts-dejavu-core (2.37-1) ...
Selecting previously unselected package fontconfig-config.
Preparing to unpack .../032-fontconfig-config_2.13.1-2_all.deb ...
Unpacking fontconfig-config (2.13.1-2) ...
Selecting previously unselected package libfontconfig1:amd64.
Preparing to unpack .../033-libfontconfig1_2.13.1-2+b1_amd64.deb ...
Unpacking libfontconfig1:amd64 (2.13.1-2+b1) ...
Selecting previously unselected package fontconfig.
Preparing to unpack .../034-fontconfig_2.13.1-2+b1_amd64.deb ...
Unpacking fontconfig (2.13.1-2+b1) ...
Selecting previously unselected package libgirepository-1.0-1:amd64.
Preparing to unpack .../035-libgirepository-1.0-1_1.62.0-5_amd64.deb ...
Unpacking libgirepository-1.0-1:amd64 (1.62.0-5) ...
Selecting previously unselected package gir1.2-glib-2.0:amd64.
Preparing to unpack .../036-gir1.2-glib-2.0_1.62.0-5_amd64.deb ...
Unpacking gir1.2-glib-2.0:amd64 (1.62.0-5) ...
Selecting previously unselected package libgraphite2-3:amd64.
Preparing to unpack .../037-libgraphite2-3_1.3.13-11_amd64.deb ...
Unpacking libgraphite2-3:amd64 (1.3.13-11) ...
Selecting previously unselected package libharfbuzz0b:amd64.
Preparing to unpack .../038-libharfbuzz0b_2.6.4-1_amd64.deb ...
Unpacking libharfbuzz0b:amd64 (2.6.4-1) ...
Selecting previously unselected package gir1.2-harfbuzz-0.0:amd64.
Preparing to unpack .../039-gir1.2-harfbuzz-0.0_2.6.4-1_amd64.deb ...
Unpacking gir1.2-harfbuzz-0.0:amd64 (2.6.4-1) ...
Selecting previously unselected package icu-devtools.
Preparing to unpack .../040-icu-devtools_63.2-2_amd64.deb ...
Unpacking icu-devtools (63.2-2) ...
Selecting previously unselected package libavahi-common-data:amd64.
Preparing to unpack .../041-libavahi-common-data_0.7-5_amd64.deb ...
Unpacking libavahi-common-data:amd64 (0.7-5) ...
Selecting previously unselected package libavahi-common3:amd64.
Preparing to unpack .../042-libavahi-common3_0.7-5_amd64.deb ...
Unpacking libavahi-common3:amd64 (0.7-5) ...
Selecting previously unselected package libdbus-1-3:amd64.
Preparing to unpack .../043-libdbus-1-3_1.12.16-2_amd64.deb ...
Unpacking libdbus-1-3:amd64 (1.12.16-2) ...
Selecting previously unselected package libavahi-client3:amd64.
Preparing to unpack .../044-libavahi-client3_0.7-5_amd64.deb ...
Unpacking libavahi-client3:amd64 (0.7-5) ...
Selecting previously unselected package uuid-dev:amd64.
Preparing to unpack .../045-uuid-dev_2.34-0.1_amd64.deb ...
Unpacking uuid-dev:amd64 (2.34-0.1) ...
Selecting previously unselected package libblkid-dev:amd64.
Preparing to unpack .../046-libblkid-dev_2.34-0.1_amd64.deb ...
Unpacking libblkid-dev:amd64 (2.34-0.1) ...
Selecting previously unselected package libkeyutils1:amd64.
Preparing to unpack .../047-libkeyutils1_1.6.1-2_amd64.deb ...
Unpacking libkeyutils1:amd64 (1.6.1-2) ...
Selecting previously unselected package libkrb5support0:amd64.
Preparing to unpack .../048-libkrb5support0_1.17-6_amd64.deb ...
Unpacking libkrb5support0:amd64 (1.17-6) ...
Selecting previously unselected package libk5crypto3:amd64.
Preparing to unpack .../049-libk5crypto3_1.17-6_amd64.deb ...
Unpacking libk5crypto3:amd64 (1.17-6) ...
Selecting previously unselected package libkrb5-3:amd64.
Preparing to unpack .../050-libkrb5-3_1.17-6_amd64.deb ...
Unpacking libkrb5-3:amd64 (1.17-6) ...
Selecting previously unselected package libgssapi-krb5-2:amd64.
Preparing to unpack .../051-libgssapi-krb5-2_1.17-6_amd64.deb ...
Unpacking libgssapi-krb5-2:amd64 (1.17-6) ...
Selecting previously unselected package libcups2:amd64.
Preparing to unpack .../052-libcups2_2.3.1-11_amd64.deb ...
Unpacking libcups2:amd64 (2.3.1-11) ...
Selecting previously unselected package libdouble-conversion3:amd64.
Preparing to unpack .../053-libdouble-conversion3_3.1.5-5_amd64.deb ...
Unpacking libdouble-conversion3:amd64 (3.1.5-5) ...
Selecting previously unselected package libdrm-common.
Preparing to unpack .../054-libdrm-common_2.4.100-4_all.deb ...
Unpacking libdrm-common (2.4.100-4) ...
Selecting previously unselected package libdrm2:amd64.
Preparing to unpack .../055-libdrm2_2.4.100-4_amd64.deb ...
Unpacking libdrm2:amd64 (2.4.100-4) ...
Selecting previously unselected package libdrm-amdgpu1:amd64.
Preparing to unpack .../056-libdrm-amdgpu1_2.4.100-4_amd64.deb ...
Unpacking libdrm-amdgpu1:amd64 (2.4.100-4) ...
Selecting previously unselected package libpciaccess0:amd64.
Preparing to unpack .../057-libpciaccess0_0.14-1_amd64.deb ...
Unpacking libpciaccess0:amd64 (0.14-1) ...
Selecting previously unselected package libdrm-intel1:amd64.
Preparing to unpack .../058-libdrm-intel1_2.4.100-4_amd64.deb ...
Unpacking libdrm-intel1:amd64 (2.4.100-4) ...
Selecting previously unselected package libdrm-nouveau2:amd64.
Preparing to unpack .../059-libdrm-nouveau2_2.4.100-4_amd64.deb ...
Unpacking libdrm-nouveau2:amd64 (2.4.100-4) ...
Selecting previously unselected package libdrm-radeon1:amd64.
Preparing to unpack .../060-libdrm-radeon1_2.4.100-4_amd64.deb ...
Unpacking libdrm-radeon1:amd64 (2.4.100-4) ...
Selecting previously unselected package libglvnd0:amd64.
Preparing to unpack .../061-libglvnd0_1.3.1-1_amd64.deb ...
Unpacking libglvnd0:amd64 (1.3.1-1) ...
Selecting previously unselected package libwayland-server0:amd64.
Preparing to unpack .../062-libwayland-server0_1.18.0-1_amd64.deb ...
Unpacking libwayland-server0:amd64 (1.18.0-1) ...
Selecting previously unselected package libgbm1:amd64.
Preparing to unpack .../063-libgbm1_19.3.3-1_amd64.deb ...
Unpacking libgbm1:amd64 (19.3.3-1) ...
Selecting previously unselected package libglapi-mesa:amd64.
Preparing to unpack .../064-libglapi-mesa_19.3.3-1_amd64.deb ...
Unpacking libglapi-mesa:amd64 (19.3.3-1) ...
Selecting previously unselected package libwayland-client0:amd64.
Preparing to unpack .../065-libwayland-client0_1.18.0-1_amd64.deb ...
Unpacking libwayland-client0:amd64 (1.18.0-1) ...
Selecting previously unselected package libx11-xcb1:amd64.
Preparing to unpack .../066-libx11-xcb1_2%3a1.6.8-1_amd64.deb ...
Unpacking libx11-xcb1:amd64 (2:1.6.8-1) ...
Selecting previously unselected package libxau6:amd64.
Preparing to unpack .../067-libxau6_1%3a1.0.8-1+b2_amd64.deb ...
Unpacking libxau6:amd64 (1:1.0.8-1+b2) ...
Selecting previously unselected package libxdmcp6:amd64.
Preparing to unpack .../068-libxdmcp6_1%3a1.1.2-3_amd64.deb ...
Unpacking libxdmcp6:amd64 (1:1.1.2-3) ...
Selecting previously unselected package libxcb1:amd64.
Preparing to unpack .../069-libxcb1_1.13.1-5_amd64.deb ...
Unpacking libxcb1:amd64 (1.13.1-5) ...
Selecting previously unselected package libxcb-dri2-0:amd64.
Preparing to unpack .../070-libxcb-dri2-0_1.13.1-5_amd64.deb ...
Unpacking libxcb-dri2-0:amd64 (1.13.1-5) ...
Selecting previously unselected package libxcb-dri3-0:amd64.
Preparing to unpack .../071-libxcb-dri3-0_1.13.1-5_amd64.deb ...
Unpacking libxcb-dri3-0:amd64 (1.13.1-5) ...
Selecting previously unselected package libxcb-present0:amd64.
Preparing to unpack .../072-libxcb-present0_1.13.1-5_amd64.deb ...
Unpacking libxcb-present0:amd64 (1.13.1-5) ...
Selecting previously unselected package libxcb-sync1:amd64.
Preparing to unpack .../073-libxcb-sync1_1.13.1-5_amd64.deb ...
Unpacking libxcb-sync1:amd64 (1.13.1-5) ...
Selecting previously unselected package libxcb-xfixes0:amd64.
Preparing to unpack .../074-libxcb-xfixes0_1.13.1-5_amd64.deb ...
Unpacking libxcb-xfixes0:amd64 (1.13.1-5) ...
Selecting previously unselected package libxshmfence1:amd64.
Preparing to unpack .../075-libxshmfence1_1.3-1_amd64.deb ...
Unpacking libxshmfence1:amd64 (1.3-1) ...
Selecting previously unselected package libegl-mesa0:amd64.
Preparing to unpack .../076-libegl-mesa0_19.3.3-1_amd64.deb ...
Unpacking libegl-mesa0:amd64 (19.3.3-1) ...
Selecting previously unselected package libegl1:amd64.
Preparing to unpack .../077-libegl1_1.3.1-1_amd64.deb ...
Unpacking libegl1:amd64 (1.3.1-1) ...
Selecting previously unselected package libx11-data.
Preparing to unpack .../078-libx11-data_2%3a1.6.8-1_all.deb ...
Unpacking libx11-data (2:1.6.8-1) ...
Selecting previously unselected package libx11-6:amd64.
Preparing to unpack .../079-libx11-6_2%3a1.6.8-1_amd64.deb ...
Unpacking libx11-6:amd64 (2:1.6.8-1) ...
Selecting previously unselected package libxcb-glx0:amd64.
Preparing to unpack .../080-libxcb-glx0_1.13.1-5_amd64.deb ...
Unpacking libxcb-glx0:amd64 (1.13.1-5) ...
Selecting previously unselected package libxfixes3:amd64.
Preparing to unpack .../081-libxfixes3_1%3a5.0.3-1_amd64.deb ...
Unpacking libxfixes3:amd64 (1:5.0.3-1) ...
Selecting previously unselected package libxdamage1:amd64.
Preparing to unpack .../082-libxdamage1_1%3a1.1.5-1_amd64.deb ...
Unpacking libxdamage1:amd64 (1:1.1.5-1) ...
Selecting previously unselected package libxext6:amd64.
Preparing to unpack .../083-libxext6_2%3a1.3.3-1+b2_amd64.deb ...
Unpacking libxext6:amd64 (2:1.3.3-1+b2) ...
Selecting previously unselected package libxxf86vm1:amd64.
Preparing to unpack .../084-libxxf86vm1_1%3a1.1.4-1+b2_amd64.deb ...
Unpacking libxxf86vm1:amd64 (1:1.1.4-1+b2) ...
Selecting previously unselected package libllvm9:amd64.
Preparing to unpack .../085-libllvm9_1%3a9.0.1-8_amd64.deb ...
Unpacking libllvm9:amd64 (1:9.0.1-8) ...
Selecting previously unselected package libsensors-config.
Preparing to unpack .../086-libsensors-config_1%3a3.6.0-2_all.deb ...
Unpacking libsensors-config (1:3.6.0-2) ...
Selecting previously unselected package libsensors5:amd64.
Preparing to unpack .../087-libsensors5_1%3a3.6.0-2_amd64.deb ...
Unpacking libsensors5:amd64 (1:3.6.0-2) ...
Selecting previously unselected package libvulkan1:amd64.
Preparing to unpack .../088-libvulkan1_1.2.131.2-1_amd64.deb ...
Unpacking libvulkan1:amd64 (1.2.131.2-1) ...
Selecting previously unselected package libgl1-mesa-dri:amd64.
Preparing to unpack .../089-libgl1-mesa-dri_19.3.3-1_amd64.deb ...
Unpacking libgl1-mesa-dri:amd64 (19.3.3-1) ...
Selecting previously unselected package libglx-mesa0:amd64.
Preparing to unpack .../090-libglx-mesa0_19.3.3-1_amd64.deb ...
Unpacking libglx-mesa0:amd64 (19.3.3-1) ...
Selecting previously unselected package libglx0:amd64.
Preparing to unpack .../091-libglx0_1.3.1-1_amd64.deb ...
Unpacking libglx0:amd64 (1.3.1-1) ...
Selecting previously unselected package libgl1:amd64.
Preparing to unpack .../092-libgl1_1.3.1-1_amd64.deb ...
Unpacking libgl1:amd64 (1.3.1-1) ...
Selecting previously unselected package xorg-sgml-doctools.
Preparing to unpack .../093-xorg-sgml-doctools_1%3a1.11-1_all.deb ...
Unpacking xorg-sgml-doctools (1:1.11-1) ...
Selecting previously unselected package x11proto-dev.
Preparing to unpack .../094-x11proto-dev_2018.4-4_all.deb ...
Unpacking x11proto-dev (2018.4-4) ...
Selecting previously unselected package x11proto-core-dev.
Preparing to unpack .../095-x11proto-core-dev_2018.4-4_all.deb ...
Unpacking x11proto-core-dev (2018.4-4) ...
Selecting previously unselected package libxau-dev:amd64.
Preparing to unpack .../096-libxau-dev_1%3a1.0.8-1+b2_amd64.deb ...
Unpacking libxau-dev:amd64 (1:1.0.8-1+b2) ...
Selecting previously unselected package libxdmcp-dev:amd64.
Preparing to unpack .../097-libxdmcp-dev_1%3a1.1.2-3_amd64.deb ...
Unpacking libxdmcp-dev:amd64 (1:1.1.2-3) ...
Selecting previously unselected package xtrans-dev.
Preparing to unpack .../098-xtrans-dev_1.3.5-1_all.deb ...
Unpacking xtrans-dev (1.3.5-1) ...
Selecting previously unselected package libpthread-stubs0-dev:amd64.
Preparing to unpack .../099-libpthread-stubs0-dev_0.4-1_amd64.deb ...
Unpacking libpthread-stubs0-dev:amd64 (0.4-1) ...
Selecting previously unselected package libxcb1-dev:amd64.
Preparing to unpack .../100-libxcb1-dev_1.13.1-5_amd64.deb ...
Unpacking libxcb1-dev:amd64 (1.13.1-5) ...
Selecting previously unselected package libx11-dev:amd64.
Preparing to unpack .../101-libx11-dev_2%3a1.6.8-1_amd64.deb ...
Unpacking libx11-dev:amd64 (2:1.6.8-1) ...
Selecting previously unselected package libglx-dev:amd64.
Preparing to unpack .../102-libglx-dev_1.3.1-1_amd64.deb ...
Unpacking libglx-dev:amd64 (1.3.1-1) ...
Selecting previously unselected package libgl-dev:amd64.
Preparing to unpack .../103-libgl-dev_1.3.1-1_amd64.deb ...
Unpacking libgl-dev:amd64 (1.3.1-1) ...
Selecting previously unselected package libegl-dev:amd64.
Preparing to unpack .../104-libegl-dev_1.3.1-1_amd64.deb ...
Unpacking libegl-dev:amd64 (1.3.1-1) ...
Selecting previously unselected package libevdev2:amd64.
Preparing to unpack .../105-libevdev2_1.8.901+dfsg-1_amd64.deb ...
Unpacking libevdev2:amd64 (1.8.901+dfsg-1) ...
Selecting previously unselected package libffi-dev:amd64.
Preparing to unpack .../106-libffi-dev_3.3-3_amd64.deb ...
Unpacking libffi-dev:amd64 (3.3-3) ...
Selecting previously unselected package zlib1g-dev:amd64.
Preparing to unpack .../107-zlib1g-dev_1%3a1.2.11.dfsg-2_amd64.deb ...
Unpacking zlib1g-dev:amd64 (1:1.2.11.dfsg-2) ...
Selecting previously unselected package libpng-dev:amd64.
Preparing to unpack .../108-libpng-dev_1.6.37-2_amd64.deb ...
Unpacking libpng-dev:amd64 (1.6.37-2) ...
Selecting previously unselected package libfreetype-dev:amd64.
Preparing to unpack .../109-libfreetype-dev_2.10.1-2_amd64.deb ...
Unpacking libfreetype-dev:amd64 (2.10.1-2) ...
Selecting previously unselected package libfreetype6-dev:amd64.
Preparing to unpack .../110-libfreetype6-dev_2.10.1-2_amd64.deb ...
Unpacking libfreetype6-dev:amd64 (2.10.1-2) ...
Selecting previously unselected package libglib2.0-data.
Preparing to unpack .../111-libglib2.0-data_2.62.4-2_all.deb ...
Unpacking libglib2.0-data (2.62.4-2) ...
Selecting previously unselected package libglib2.0-bin.
Preparing to unpack .../112-libglib2.0-bin_2.62.4-2_amd64.deb ...
Unpacking libglib2.0-bin (2.62.4-2) ...
Selecting previously unselected package python3-lib2to3.
Preparing to unpack .../113-python3-lib2to3_3.8.0-1_all.deb ...
Unpacking python3-lib2to3 (3.8.0-1) ...
Selecting previously unselected package python3-distutils.
Preparing to unpack .../114-python3-distutils_3.8.0-1_all.deb ...
Unpacking python3-distutils (3.8.0-1) ...
Selecting previously unselected package libglib2.0-dev-bin.
Preparing to unpack .../115-libglib2.0-dev-bin_2.62.4-2_amd64.deb ...
Unpacking libglib2.0-dev-bin (2.62.4-2) ...
Selecting previously unselected package libmount-dev:amd64.
Preparing to unpack .../116-libmount-dev_2.34-0.1_amd64.deb ...
Unpacking libmount-dev:amd64 (2.34-0.1) ...
Selecting previously unselected package libpcre16-3:amd64.
Preparing to unpack .../117-libpcre16-3_2%3a8.39-12+b1_amd64.deb ...
Unpacking libpcre16-3:amd64 (2:8.39-12+b1) ...
Selecting previously unselected package libpcre32-3:amd64.
Preparing to unpack .../118-libpcre32-3_2%3a8.39-12+b1_amd64.deb ...
Unpacking libpcre32-3:amd64 (2:8.39-12+b1) ...
Selecting previously unselected package libpcrecpp0v5:amd64.
Preparing to unpack .../119-libpcrecpp0v5_2%3a8.39-12+b1_amd64.deb ...
Unpacking libpcrecpp0v5:amd64 (2:8.39-12+b1) ...
Selecting previously unselected package libpcre3-dev:amd64.
Preparing to unpack .../120-libpcre3-dev_2%3a8.39-12+b1_amd64.deb ...
Unpacking libpcre3-dev:amd64 (2:8.39-12+b1) ...
Selecting previously unselected package libsepol1-dev:amd64.
Preparing to unpack .../121-libsepol1-dev_3.0-1_amd64.deb ...
Unpacking libsepol1-dev:amd64 (3.0-1) ...
Selecting previously unselected package libpcre2-16-0:amd64.
Preparing to unpack .../122-libpcre2-16-0_10.34-7_amd64.deb ...
Unpacking libpcre2-16-0:amd64 (10.34-7) ...
Selecting previously unselected package libpcre2-32-0:amd64.
Preparing to unpack .../123-libpcre2-32-0_10.34-7_amd64.deb ...
Unpacking libpcre2-32-0:amd64 (10.34-7) ...
Selecting previously unselected package libpcre2-posix2:amd64.
Preparing to unpack .../124-libpcre2-posix2_10.34-7_amd64.deb ...
Unpacking libpcre2-posix2:amd64 (10.34-7) ...
Selecting previously unselected package libpcre2-dev:amd64.
Preparing to unpack .../125-libpcre2-dev_10.34-7_amd64.deb ...
Unpacking libpcre2-dev:amd64 (10.34-7) ...
Selecting previously unselected package libselinux1-dev:amd64.
Preparing to unpack .../126-libselinux1-dev_3.0-1+b1_amd64.deb ...
Unpacking libselinux1-dev:amd64 (3.0-1+b1) ...
Selecting previously unselected package pkg-config.
Preparing to unpack .../127-pkg-config_0.29-6_amd64.deb ...
Unpacking pkg-config (0.29-6) ...
Selecting previously unselected package libglib2.0-dev:amd64.
Preparing to unpack .../128-libglib2.0-dev_2.62.4-2_amd64.deb ...
Unpacking libglib2.0-dev:amd64 (2.62.4-2) ...
Selecting previously unselected package libglu1-mesa:amd64.
Preparing to unpack .../129-libglu1-mesa_9.0.1-1_amd64.deb ...
Unpacking libglu1-mesa:amd64 (9.0.1-1) ...
Selecting previously unselected package libglu1-mesa-dev:amd64.
Preparing to unpack .../130-libglu1-mesa-dev_9.0.1-1_amd64.deb ...
Unpacking libglu1-mesa-dev:amd64 (9.0.1-1) ...
Selecting previously unselected package libgraphite2-dev:amd64.
Preparing to unpack .../131-libgraphite2-dev_1.3.13-11_amd64.deb ...
Unpacking libgraphite2-dev:amd64 (1.3.13-11) ...
Selecting previously unselected package libgudev-1.0-0:amd64.
Preparing to unpack .../132-libgudev-1.0-0_233-1_amd64.deb ...
Unpacking libgudev-1.0-0:amd64 (233-1) ...
Selecting previously unselected package libharfbuzz-icu0:amd64.
Preparing to unpack .../133-libharfbuzz-icu0_2.6.4-1_amd64.deb ...
Unpacking libharfbuzz-icu0:amd64 (2.6.4-1) ...
Selecting previously unselected package libharfbuzz-gobject0:amd64.
Preparing to unpack .../134-libharfbuzz-gobject0_2.6.4-1_amd64.deb ...
Unpacking libharfbuzz-gobject0:amd64 (2.6.4-1) ...
Selecting previously unselected package libicu-dev:amd64.
Preparing to unpack .../135-libicu-dev_63.2-2_amd64.deb ...
Unpacking libicu-dev:amd64 (63.2-2) ...
Selecting previously unselected package libharfbuzz-dev:amd64.
Preparing to unpack .../136-libharfbuzz-dev_2.6.4-1_amd64.deb ...
Unpacking libharfbuzz-dev:amd64 (2.6.4-1) ...
Selecting previously unselected package x11-common.
Preparing to unpack .../137-x11-common_1%3a7.7+20_all.deb ...
Unpacking x11-common (1:7.7+20) ...
Selecting previously unselected package libice6:amd64.
Preparing to unpack .../138-libice6_2%3a1.0.9-2_amd64.deb ...
Unpacking libice6:amd64 (2:1.0.9-2) ...
Selecting previously unselected package libwacom-common.
Preparing to unpack .../139-libwacom-common_1.1-2_all.deb ...
Unpacking libwacom-common (1.1-2) ...
Selecting previously unselected package libwacom2:amd64.
Preparing to unpack .../140-libwacom2_1.1-2_amd64.deb ...
Unpacking libwacom2:amd64 (1.1-2) ...
Selecting previously unselected package libinput-bin.
Preparing to unpack .../141-libinput-bin_1.15.2-1_amd64.deb ...
Unpacking libinput-bin (1.15.2-1) ...
Selecting previously unselected package libmtdev1:amd64.
Preparing to unpack .../142-libmtdev1_1.1.5-1.1_amd64.deb ...
Unpacking libmtdev1:amd64 (1.1.5-1.1) ...
Selecting previously unselected package libinput10:amd64.
Preparing to unpack .../143-libinput10_1.15.2-1_amd64.deb ...
Unpacking libinput10:amd64 (1.15.2-1) ...
Selecting previously unselected package libjpeg62-turbo:amd64.
Preparing to unpack .../144-libjpeg62-turbo_1%3a1.5.2-2+b1_amd64.deb ...
Unpacking libjpeg62-turbo:amd64 (1:1.5.2-2+b1) ...
Selecting previously unselected package libqt5core5a:amd64.
Preparing to unpack .../145-libqt5core5a_5.12.5+dfsg-8_amd64.deb ...
Unpacking libqt5core5a:amd64 (5.12.5+dfsg-8) ...
Selecting previously unselected package libqt5concurrent5:amd64.
Preparing to unpack .../146-libqt5concurrent5_5.12.5+dfsg-8_amd64.deb ...
Unpacking libqt5concurrent5:amd64 (5.12.5+dfsg-8) ...
Selecting previously unselected package libqt5dbus5:amd64.
Preparing to unpack .../147-libqt5dbus5_5.12.5+dfsg-8_amd64.deb ...
Unpacking libqt5dbus5:amd64 (5.12.5+dfsg-8) ...
Selecting previously unselected package libqt5network5:amd64.
Preparing to unpack .../148-libqt5network5_5.12.5+dfsg-8_amd64.deb ...
Unpacking libqt5network5:amd64 (5.12.5+dfsg-8) ...
Selecting previously unselected package libsm6:amd64.
Preparing to unpack .../149-libsm6_2%3a1.2.3-1_amd64.deb ...
Unpacking libsm6:amd64 (2:1.2.3-1) ...
Selecting previously unselected package libxcb-icccm4:amd64.
Preparing to unpack .../150-libxcb-icccm4_0.4.1-1.1_amd64.deb ...
Unpacking libxcb-icccm4:amd64 (0.4.1-1.1) ...
Selecting previously unselected package libxcb-shm0:amd64.
Preparing to unpack .../151-libxcb-shm0_1.13.1-5_amd64.deb ...
Unpacking libxcb-shm0:amd64 (1.13.1-5) ...
Selecting previously unselected package libxcb-util0:amd64.
Preparing to unpack .../152-libxcb-util0_0.3.8-3+b2_amd64.deb ...
Unpacking libxcb-util0:amd64 (0.3.8-3+b2) ...
Selecting previously unselected package libxcb-image0:amd64.
Preparing to unpack .../153-libxcb-image0_0.4.0-1+b2_amd64.deb ...
Unpacking libxcb-image0:amd64 (0.4.0-1+b2) ...
Selecting previously unselected package libxcb-keysyms1:amd64.
Preparing to unpack .../154-libxcb-keysyms1_0.4.0-1+b2_amd64.deb ...
Unpacking libxcb-keysyms1:amd64 (0.4.0-1+b2) ...
Selecting previously unselected package libxcb-randr0:amd64.
Preparing to unpack .../155-libxcb-randr0_1.13.1-5_amd64.deb ...
Unpacking libxcb-randr0:amd64 (1.13.1-5) ...
Selecting previously unselected package libxcb-render0:amd64.
Preparing to unpack .../156-libxcb-render0_1.13.1-5_amd64.deb ...
Unpacking libxcb-render0:amd64 (1.13.1-5) ...
Selecting previously unselected package libxcb-render-util0:amd64.
Preparing to unpack .../157-libxcb-render-util0_0.3.9-1+b1_amd64.deb ...
Unpacking libxcb-render-util0:amd64 (0.3.9-1+b1) ...
Selecting previously unselected package libxcb-shape0:amd64.
Preparing to unpack .../158-libxcb-shape0_1.13.1-5_amd64.deb ...
Unpacking libxcb-shape0:amd64 (1.13.1-5) ...
Selecting previously unselected package libxcb-xinerama0:amd64.
Preparing to unpack .../159-libxcb-xinerama0_1.13.1-5_amd64.deb ...
Unpacking libxcb-xinerama0:amd64 (1.13.1-5) ...
Selecting previously unselected package libxcb-xinput0:amd64.
Preparing to unpack .../160-libxcb-xinput0_1.13.1-5_amd64.deb ...
Unpacking libxcb-xinput0:amd64 (1.13.1-5) ...
Selecting previously unselected package libxcb-xkb1:amd64.
Preparing to unpack .../161-libxcb-xkb1_1.13.1-5_amd64.deb ...
Unpacking libxcb-xkb1:amd64 (1.13.1-5) ...
Selecting previously unselected package xkb-data.
Preparing to unpack .../162-xkb-data_2.26-2_all.deb ...
Unpacking xkb-data (2.26-2) ...
Selecting previously unselected package libxkbcommon0:amd64.
Preparing to unpack .../163-libxkbcommon0_0.10.0-1_amd64.deb ...
Unpacking libxkbcommon0:amd64 (0.10.0-1) ...
Selecting previously unselected package libxkbcommon-x11-0:amd64.
Preparing to unpack .../164-libxkbcommon-x11-0_0.10.0-1_amd64.deb ...
Unpacking libxkbcommon-x11-0:amd64 (0.10.0-1) ...
Selecting previously unselected package libxrender1:amd64.
Preparing to unpack .../165-libxrender1_1%3a0.9.10-1_amd64.deb ...
Unpacking libxrender1:amd64 (1:0.9.10-1) ...
Selecting previously unselected package libqt5gui5:amd64.
Preparing to unpack .../166-libqt5gui5_5.12.5+dfsg-8_amd64.deb ...
Unpacking libqt5gui5:amd64 (5.12.5+dfsg-8) ...
Selecting previously unselected package libqt5widgets5:amd64.
Preparing to unpack .../167-libqt5widgets5_5.12.5+dfsg-8_amd64.deb ...
Unpacking libqt5widgets5:amd64 (5.12.5+dfsg-8) ...
Selecting previously unselected package libqt5printsupport5:amd64.
Preparing to unpack .../168-libqt5printsupport5_5.12.5+dfsg-8_amd64.deb ...
Unpacking libqt5printsupport5:amd64 (5.12.5+dfsg-8) ...
Selecting previously unselected package libqt5sql5:amd64.
Preparing to unpack .../169-libqt5sql5_5.12.5+dfsg-8_amd64.deb ...
Unpacking libqt5sql5:amd64 (5.12.5+dfsg-8) ...
Selecting previously unselected package libqt5test5:amd64.
Preparing to unpack .../170-libqt5test5_5.12.5+dfsg-8_amd64.deb ...
Unpacking libqt5test5:amd64 (5.12.5+dfsg-8) ...
Selecting previously unselected package libqt5xml5:amd64.
Preparing to unpack .../171-libqt5xml5_5.12.5+dfsg-8_amd64.deb ...
Unpacking libqt5xml5:amd64 (5.12.5+dfsg-8) ...
Selecting previously unselected package libvulkan-dev:amd64.
Preparing to unpack .../172-libvulkan-dev_1.2.131.2-1_amd64.deb ...
Unpacking libvulkan-dev:amd64 (1.2.131.2-1) ...
Selecting previously unselected package x11proto-xext-dev.
Preparing to unpack .../173-x11proto-xext-dev_2018.4-4_all.deb ...
Unpacking x11proto-xext-dev (2018.4-4) ...
Selecting previously unselected package libxext-dev:amd64.
Preparing to unpack .../174-libxext-dev_2%3a1.3.3-1+b2_amd64.deb ...
Unpacking libxext-dev:amd64 (2:1.3.3-1+b2) ...
Selecting previously unselected package qt5-qmake-bin.
Preparing to unpack .../175-qt5-qmake-bin_5.12.5+dfsg-8_amd64.deb ...
Unpacking qt5-qmake-bin (5.12.5+dfsg-8) ...
Selecting previously unselected package qtchooser.
Preparing to unpack .../176-qtchooser_66-2_amd64.deb ...
Unpacking qtchooser (66-2) ...
Selecting previously unselected package qt5-qmake:amd64.
Preparing to unpack .../177-qt5-qmake_5.12.5+dfsg-8_amd64.deb ...
Unpacking qt5-qmake:amd64 (5.12.5+dfsg-8) ...
Selecting previously unselected package qtbase5-dev-tools.
Preparing to unpack .../178-qtbase5-dev-tools_5.12.5+dfsg-8_amd64.deb ...
Unpacking qtbase5-dev-tools (5.12.5+dfsg-8) ...
Selecting previously unselected package qtbase5-dev:amd64.
Preparing to unpack .../179-qtbase5-dev_5.12.5+dfsg-8_amd64.deb ...
Unpacking qtbase5-dev:amd64 (5.12.5+dfsg-8) ...
Selecting previously unselected package sbuild-build-depends-main-dummy.
Preparing to unpack .../180-sbuild-build-depends-main-dummy_0.invalid.0_amd64.deb ...
Unpacking sbuild-build-depends-main-dummy (0.invalid.0) ...
Setting up libpcrecpp0v5:amd64 (2:8.39-12+b1) ...
Setting up libpipeline1:amd64 (1.5.2-2) ...
Setting up libgraphite2-3:amd64 (1.3.13-11) ...
Setting up libwayland-server0:amd64 (1.18.0-1) ...
Setting up libx11-xcb1:amd64 (2:1.6.8-1) ...
Setting up libpciaccess0:amd64 (0.14-1) ...
Setting up libxau6:amd64 (1:1.0.8-1+b2) ...
Setting up libxdmcp6:amd64 (1:1.1.2-3) ...
Setting up libdouble-conversion3:amd64 (3.1.5-5) ...
Setting up libkeyutils1:amd64 (1.6.1-2) ...
Setting up libxcb1:amd64 (1.13.1-5) ...
Setting up libxcb-xfixes0:amd64 (1.13.1-5) ...
Setting up mime-support (3.64) ...
Setting up libpcre16-3:amd64 (2:8.39-12+b1) ...
Setting up libxcb-xinput0:amd64 (1.13.1-5) ...
Setting up libmagic-mgc (1:5.38-4) ...
Setting up libxcb-render0:amd64 (1.13.1-5) ...
Setting up libarchive-zip-perl (1.67-1) ...
Setting up libglib2.0-0:amd64 (2.62.4-2) ...
No schema files found: doing nothing.
Setting up libglvnd0:amd64 (1.3.1-1) ...
Setting up libxcb-glx0:amd64 (1.13.1-5) ...
Setting up libdebhelper-perl (12.9) ...
Setting up libsqlite3-0:amd64 (3.31.1-3) ...
Setting up libxcb-keysyms1:amd64 (0.4.0-1+b2) ...
Setting up libxcb-shape0:amd64 (1.13.1-5) ...
Setting up x11-common (1:7.7+20) ...
update-rc.d: warning: start and stop actions are no longer supported; falling back to defaults
invoke-rc.d: could not determine current runlevel
All runlevel operations denied by policy
invoke-rc.d: policy-rc.d denied execution of start.
Setting up libsensors-config (1:3.6.0-2) ...
Setting up libmagic1:amd64 (1:5.38-4) ...
Setting up libsepol1-dev:amd64 (3.0-1) ...
Setting up gettext-base (0.19.8.1-10) ...
Setting up libxcb-render-util0:amd64 (0.3.9-1+b1) ...
Setting up xkb-data (2.26-2) ...
Setting up libxcb-shm0:amd64 (1.13.1-5) ...
Setting up libxcb-icccm4:amd64 (0.4.1-1.1) ...
Setting up file (1:5.38-4) ...
Setting up libxcb-util0:amd64 (0.3.8-3+b2) ...
Setting up libffi-dev:amd64 (3.3-3) ...
Setting up libpthread-stubs0-dev:amd64 (0.4-1) ...
Setting up libpcre2-16-0:amd64 (10.34-7) ...
Setting up libicu63:amd64 (63.2-2) ...
Setting up libxcb-xkb1:amd64 (1.13.1-5) ...
Setting up libxcb-image0:amd64 (0.4.0-1+b2) ...
Setting up libkrb5support0:amd64 (1.17-6) ...
Setting up libxcb-present0:amd64 (1.13.1-5) ...
Setting up xtrans-dev (1.3.5-1) ...
Setting up libgraphite2-dev:amd64 (1.3.13-11) ...
Setting up autotools-dev (20180224.1) ...
Setting up libpcre2-32-0:amd64 (10.34-7) ...
Setting up libglib2.0-data (2.62.4-2) ...
Setting up libxcb-xinerama0:amd64 (1.13.1-5) ...
Setting up libjpeg62-turbo:amd64 (1:1.5.2-2+b1) ...
Setting up qt5-qmake-bin (5.12.5+dfsg-8) ...
Setting up libx11-data (2:1.6.8-1) ...
Setting up libxcb-sync1:amd64 (1.13.1-5) ...
Setting up uuid-dev:amd64 (2.34-0.1) ...
Setting up libavahi-common-data:amd64 (0.7-5) ...
Setting up libdbus-1-3:amd64 (1.12.16-2) ...
Setting up libsigsegv2:amd64 (2.12-2) ...
Setting up bsdmainutils (11.1.2+b1) ...
update-alternatives: using /usr/bin/bsd-write to provide /usr/bin/write (write) in auto mode
update-alternatives: using /usr/bin/bsd-from to provide /usr/bin/from (from) in auto mode
Setting up libpng16-16:amd64 (1.6.37-2) ...
Setting up libpcre32-3:amd64 (2:8.39-12+b1) ...
Setting up autopoint (0.19.8.1-10) ...
Setting up icu-devtools (63.2-2) ...
Setting up pkg-config (0.29-6) ...
Setting up fonts-dejavu-core (2.37-1) ...
Setting up libpcre2-posix2:amd64 (10.34-7) ...
Setting up libsensors5:amd64 (1:3.6.0-2) ...
Setting up libk5crypto3:amd64 (1.17-6) ...
Setting up libqt5core5a:amd64 (5.12.5+dfsg-8) ...
Setting up libglapi-mesa:amd64 (19.3.3-1) ...
Setting up libmtdev1:amd64 (1.1.5-1.1) ...
Setting up libvulkan1:amd64 (1.2.131.2-1) ...
Setting up libxcb-dri2-0:amd64 (1.13.1-5) ...
Setting up zlib1g-dev:amd64 (1:1.2.11.dfsg-2) ...
Setting up sensible-utils (0.0.12+nmu1) ...
Setting up libxshmfence1:amd64 (1.3-1) ...
Setting up libqt5dbus5:amd64 (5.12.5+dfsg-8) ...
Setting up libxcb-randr0:amd64 (1.13.1-5) ...
Setting up libuchardet0:amd64 (0.0.6-3) ...
Setting up libsub-override-perl (0.09-2) ...
Setting up libx11-6:amd64 (2:1.6.8-1) ...
Setting up libgirepository-1.0-1:amd64 (1.62.0-5) ...
Setting up xorg-sgml-doctools (1:1.11-1) ...
Setting up libkrb5-3:amd64 (1.17-6) ...
Setting up libmpdec2:amd64 (2.4.2-2) ...
Setting up libqt5test5:amd64 (5.12.5+dfsg-8) ...
Setting up libdrm-common (2.4.100-4) ...
Setting up libelf1:amd64 (0.176-1.1) ...
Setting up libevdev2:amd64 (1.8.901+dfsg-1) ...
Setting up readline-common (8.0-4) ...
Setting up libicu-dev:amd64 (63.2-2) ...
Setting up libxml2:amd64 (2.9.10+dfsg-3) ...
Setting up libqt5concurrent5:amd64 (5.12.5+dfsg-8) ...
Setting up libllvm9:amd64 (1:9.0.1-8) ...
Setting up libgudev-1.0-0:amd64 (233-1) ...
Setting up qtchooser (66-2) ...
Setting up libwacom-common (1.1-2) ...
Setting up libxkbcommon0:amd64 (0.10.0-1) ...
Setting up libwayland-client0:amd64 (1.18.0-1) ...
Setting up x11proto-dev (2018.4-4) ...
Setting up libfile-stripnondeterminism-perl (1.6.3-2) ...
Setting up libxcb-dri3-0:amd64 (1.13.1-5) ...
Setting up libblkid-dev:amd64 (2.34-0.1) ...
Setting up libice6:amd64 (2:1.0.9-2) ...
Setting up libvulkan-dev:amd64 (1.2.131.2-1) ...
Setting up libxau-dev:amd64 (1:1.0.8-1+b2) ...
Setting up qt5-qmake:amd64 (5.12.5+dfsg-8) ...
Setting up libpcre2-dev:amd64 (10.34-7) ...
Setting up libxrender1:amd64 (1:0.9.10-1) ...
Setting up libtool (2.4.6-13) ...
Setting up libselinux1-dev:amd64 (3.0-1+b1) ...
Setting up libpcre3-dev:amd64 (2:8.39-12+b1) ...
Setting up libreadline8:amd64 (8.0-4) ...
Setting up libpng-dev:amd64 (1.6.37-2) ...
Setting up libavahi-common3:amd64 (0.7-5) ...
Setting up libxext6:amd64 (2:1.3.3-1+b2) ...
Setting up libglib2.0-bin (2.62.4-2) ...
Setting up m4 (1.4.18-4) ...
Setting up libqt5network5:amd64 (5.12.5+dfsg-8) ...
Setting up libxxf86vm1:amd64 (1:1.1.4-1+b2) ...
Setting up libqt5sql5:amd64 (5.12.5+dfsg-8) ...
Setting up qtbase5-dev-tools (5.12.5+dfsg-8) ...
Setting up libxdmcp-dev:amd64 (1:1.1.2-3) ...
Setting up libqt5xml5:amd64 (5.12.5+dfsg-8) ...
Setting up libfreetype6:amd64 (2.10.1-2) ...
Setting up libxfixes3:amd64 (1:5.0.3-1) ...
Setting up x11proto-core-dev (2018.4-4) ...
Setting up libxkbcommon-x11-0:amd64 (0.10.0-1) ...
Setting up libgssapi-krb5-2:amd64 (1.17-6) ...
Setting up libcroco3:amd64 (0.6.13-1) ...
Setting up ucf (3.0038+nmu1) ...
Setting up gir1.2-glib-2.0:amd64 (1.62.0-5) ...
Setting up autoconf (2.69-11.1) ...
Setting up dh-strip-nondeterminism (1.6.3-2) ...
Setting up x11proto-xext-dev (2018.4-4) ...
Setting up libdrm2:amd64 (2.4.100-4) ...
Setting up dwz (0.13-5) ...
Setting up groff-base (1.22.4-4) ...
Setting up bison (2:3.5.1+dfsg-1) ...
update-alternatives: using /usr/bin/bison.yacc to provide /usr/bin/yacc (yacc) in auto mode
Setting up libharfbuzz0b:amd64 (2.6.4-1) ...
Setting up libwacom2:amd64 (1.1-2) ...
Setting up libsm6:amd64 (2:1.2.3-1) ...
Setting up libavahi-client3:amd64 (0.7-5) ...
Setting up libmount-dev:amd64 (2.34-0.1) ...
Setting up libdrm-amdgpu1:amd64 (2.4.100-4) ...
Setting up automake (1:1.16.1-4) ...
update-alternatives: using /usr/bin/automake-1.16 to provide /usr/bin/automake (automake) in auto mode
Setting up libpython3.7-stdlib:amd64 (3.7.6-1+b1) ...
Setting up flex (2.6.4-6.2) ...
Setting up libdrm-nouveau2:amd64 (2.4.100-4) ...
Setting up gettext (0.19.8.1-10) ...
Setting up libharfbuzz-icu0:amd64 (2.6.4-1) ...
Setting up libxdamage1:amd64 (1:1.1.5-1) ...
Setting up libxcb1-dev:amd64 (1.13.1-5) ...
Setting up libgbm1:amd64 (19.3.3-1) ...
Setting up libdrm-radeon1:amd64 (2.4.100-4) ...
Setting up fontconfig-config (2.13.1-2) ...
Setting up libdrm-intel1:amd64 (2.4.100-4) ...
Setting up libgl1-mesa-dri:amd64 (19.3.3-1) ...
Setting up libx11-dev:amd64 (2:1.6.8-1) ...
Setting up libharfbuzz-gobject0:amd64 (2.6.4-1) ...
Setting up man-db (2.9.0-2) ...
Not building database; man-db/auto-update is not 'true'.
Setting up gir1.2-harfbuzz-0.0:amd64 (2.6.4-1) ...
Setting up libinput-bin (1.15.2-1) ...
Setting up libfreetype-dev:amd64 (2.10.1-2) ...
Setting up intltool-debian (0.35.0+20060710.5) ...
Setting up libegl-mesa0:amd64 (19.3.3-1) ...
Setting up libxext-dev:amd64 (2:1.3.3-1+b2) ...
Setting up libcups2:amd64 (2.3.1-11) ...
Setting up libegl1:amd64 (1.3.1-1) ...
Setting up libfontconfig1:amd64 (2.13.1-2+b1) ...
Setting up libpython3-stdlib:amd64 (3.7.5-3) ...
Setting up libinput10:amd64 (1.15.2-1) ...
Setting up python3.7 (3.7.6-1+b1) ...
Setting up fontconfig (2.13.1-2+b1) ...
Regenerating fonts cache... done.
Setting up libglx-mesa0:amd64 (19.3.3-1) ...
Setting up libglx0:amd64 (1.3.1-1) ...
Setting up po-debconf (1.0.21) ...
Setting up python3 (3.7.5-3) ...
Setting up libfreetype6-dev:amd64 (2.10.1-2) ...
Setting up libgl1:amd64 (1.3.1-1) ...
Setting up libglx-dev:amd64 (1.3.1-1) ...
Setting up libglu1-mesa:amd64 (9.0.1-1) ...
Setting up python3-lib2to3 (3.8.0-1) ...
Setting up libgl-dev:amd64 (1.3.1-1) ...
Setting up python3-distutils (3.8.0-1) ...
Setting up libglib2.0-dev-bin (2.62.4-2) ...
Setting up libegl-dev:amd64 (1.3.1-1) ...
Setting up libqt5gui5:amd64 (5.12.5+dfsg-8) ...
Setting up libqt5widgets5:amd64 (5.12.5+dfsg-8) ...
Setting up libqt5printsupport5:amd64 (5.12.5+dfsg-8) ...
Setting up libglib2.0-dev:amd64 (2.62.4-2) ...
Setting up libglu1-mesa-dev:amd64 (9.0.1-1) ...
Setting up qtbase5-dev:amd64 (5.12.5+dfsg-8) ...
Setting up libharfbuzz-dev:amd64 (2.6.4-1) ...
Setting up dh-autoreconf (19) ...
Setting up debhelper (12.9) ...
Setting up sbuild-build-depends-main-dummy (0.invalid.0) ...
Processing triggers for libc-bin (2.29-10) ...

+------------------------------------------------------------------------------+
| Check architectures                                                          |
+------------------------------------------------------------------------------+

Arch check ok (amd64 included in any)

+------------------------------------------------------------------------------+
| Build environment                                                            |
+------------------------------------------------------------------------------+

Kernel: Linux 4.19.0-6-cloud-amd64 #1 SMP Debian 4.19.67-2+deb10u2 (2019-11-11) amd64 (x86_64)
Toolchain package versions: binutils_2.34-3 dpkg-dev_1.19.7 g++-9_9.2.1-30 gcc-9_9.2.1-30 libc6-dev_2.29-10 libstdc++-9-dev_9.2.1-30 libstdc++6_10-20200222-1 linux-libc-dev_5.4.19-1
Package versions: adduser_3.118 apt_1.8.4 autoconf_2.69-11.1 automake_1:1.16.1-4 autopoint_0.19.8.1-10 autotools-dev_20180224.1 base-files_11 base-passwd_3.5.47 bash_5.0-6 binutils_2.34-3 binutils-common_2.34-3 binutils-x86-64-linux-gnu_2.34-3 bison_2:3.5.1+dfsg-1 bsdmainutils_11.1.2+b1 bsdutils_1:2.34-0.1 build-essential_12.8 bzip2_1.0.8-2 clang-10_1:10.0.0~+rc2-1 coreutils_8.30-3+b1 cpp_4:9.2.1-3.1 cpp-9_9.2.1-30 dash_0.5.10.2-6 debconf_1.5.73 debhelper_12.9 debian-archive-keyring_2019.1 debianutils_4.9.1 dh-autoreconf_19 dh-strip-nondeterminism_1.6.3-2 diffutils_1:3.7-3 dpkg_1.19.7 dpkg-dev_1.19.7 dwz_0.13-5 e2fsprogs_1.45.5-2 fakeroot_1.24-1 fdisk_2.34-0.1 file_1:5.38-4 findutils_4.7.0-1 flex_2.6.4-6.2 fontconfig_2.13.1-2+b1 fontconfig-config_2.13.1-2 fonts-dejavu-core_2.37-1 g++_4:9.2.1-3.1 g++-9_9.2.1-30 gcc_4:9.2.1-3.1 gcc-10-base_10-20200222-1 gcc-9_9.2.1-30 gcc-9-base_9.2.1-30 gettext_0.19.8.1-10 gettext-base_0.19.8.1-10 gir1.2-glib-2.0_1.62.0-5 gir1.2-harfbuzz-0.0_2.6.4-1 gpgv_2.2.19-1 grep_3.4-1 groff-base_1.22.4-4 gzip_1.9-3+b1 hostname_3.23 icu-devtools_63.2-2 init-system-helpers_1.57 intltool-debian_0.35.0+20060710.5 lib32gcc-s1_10-20200222-1 lib32gcc1_1:10-20200222-1 lib32stdc++6_10-20200222-1 libacl1_2.2.53-5 libapt-pkg5.0_1.8.4 libarchive-zip-perl_1.67-1 libasan5_9.2.1-30 libatomic1_10-20200222-1 libattr1_1:2.4.48-5 libaudit-common_1:2.8.5-2 libaudit1_1:2.8.5-2+b1 libavahi-client3_0.7-5 libavahi-common-data_0.7-5 libavahi-common3_0.7-5 libbinutils_2.34-3 libblkid-dev_2.34-0.1 libblkid1_2.34-0.1 libbsd0_0.10.0-1 libbz2-1.0_1.0.8-2 libc-bin_2.29-10 libc-dev-bin_2.29-10 libc6_2.29-10 libc6-dev_2.29-10 libc6-i386_2.29-10 libcap-ng0_0.7.9-2.1+b1 libcc1-0_10-20200222-1 libclang-common-10-dev_1:10.0.0~+rc2-1 libclang-cpp10_1:10.0.0~+rc2-1 libclang1-10_1:10.0.0~+rc2-1 libcom-err2_1.45.5-2 libcroco3_0.6.13-1 libcrypt-dev_1:4.4.10-10 libcrypt1_1:4.4.10-10 libctf-nobfd0_2.34-3 libctf0_2.34-3 libcups2_2.3.1-11 libdb5.3_5.3.28+dfsg1-0.6 libdbus-1-3_1.12.16-2 libdebconfclient0_0.251 libdebhelper-perl_12.9 libdouble-conversion3_3.1.5-5 libdpkg-perl_1.19.7 libdrm-amdgpu1_2.4.100-4 libdrm-common_2.4.100-4 libdrm-intel1_2.4.100-4 libdrm-nouveau2_2.4.100-4 libdrm-radeon1_2.4.100-4 libdrm2_2.4.100-4 libedit2_3.1-20191231-1 libegl-dev_1.3.1-1 libegl-mesa0_19.3.3-1 libegl1_1.3.1-1 libelf1_0.176-1.1 libevdev2_1.8.901+dfsg-1 libexpat1_2.2.9-1 libext2fs2_1.45.5-2 libfakeroot_1.24-1 libfdisk1_2.34-0.1 libffi-dev_3.3-3 libffi7_3.3-3 libfile-stripnondeterminism-perl_1.6.3-2 libfontconfig1_2.13.1-2+b1 libfreetype-dev_2.10.1-2 libfreetype6_2.10.1-2 libfreetype6-dev_2.10.1-2 libgbm1_19.3.3-1 libgc1c2_1:7.6.4-0.4 libgcc-9-dev_9.2.1-30 libgcc-s1_10-20200222-1 libgcc1_1:10-20200222-1 libgcrypt20_1.8.5-5 libgdbm-compat4_1.18.1-5 libgdbm6_1.18.1-5 libgirepository-1.0-1_1.62.0-5 libgl-dev_1.3.1-1 libgl1_1.3.1-1 libgl1-mesa-dri_19.3.3-1 libglapi-mesa_19.3.3-1 libglib2.0-0_2.62.4-2 libglib2.0-bin_2.62.4-2 libglib2.0-data_2.62.4-2 libglib2.0-dev_2.62.4-2 libglib2.0-dev-bin_2.62.4-2 libglu1-mesa_9.0.1-1 libglu1-mesa-dev_9.0.1-1 libglvnd0_1.3.1-1 libglx-dev_1.3.1-1 libglx-mesa0_19.3.3-1 libglx0_1.3.1-1 libgmp10_2:6.2.0+dfsg-4 libgnutls30_3.6.12-2 libgomp1_10-20200222-1 libgpg-error0_1.37-1 libgraphite2-3_1.3.13-11 libgraphite2-dev_1.3.13-11 libgssapi-krb5-2_1.17-6 libgudev-1.0-0_233-1 libharfbuzz-dev_2.6.4-1 libharfbuzz-gobject0_2.6.4-1 libharfbuzz-icu0_2.6.4-1 libharfbuzz0b_2.6.4-1 libhogweed5_3.5.1+really3.5.1-2 libice6_2:1.0.9-2 libicu-dev_63.2-2 libicu63_63.2-2 libidn2-0_2.2.0-2 libinput-bin_1.15.2-1 libinput10_1.15.2-1 libisl22_0.22.1-1 libitm1_10-20200222-1 libjpeg62-turbo_1:1.5.2-2+b1 libk5crypto3_1.17-6 libkeyutils1_1.6.1-2 libkrb5-3_1.17-6 libkrb5support0_1.17-6 libllvm10_1:10.0.0~+rc2-1 libllvm9_1:9.0.1-8 liblsan0_10-20200222-1 liblz4-1_1.9.2-2 liblzma5_5.2.4-1+b1 libmagic-mgc_1:5.38-4 libmagic1_1:5.38-4 libmount-dev_2.34-0.1 libmount1_2.34-0.1 libmpc3_1.1.0-1 libmpdec2_2.4.2-2 libmpfr6_4.0.2-1 libmtdev1_1.1.5-1.1 libncursesw6_6.1+20191019-1 libnettle7_3.5.1+really3.5.1-2 libobjc-9-dev_9.2.1-30 libobjc4_10-20200222-1 libomp-10-dev_1:10.0.0~+rc2-1 libomp5-10_1:10.0.0~+rc2-1 libp11-kit0_0.23.20-1 libpam-modules_1.3.1-5 libpam-modules-bin_1.3.1-5 libpam-runtime_1.3.1-5 libpam0g_1.3.1-5 libpciaccess0_0.14-1 libpcre16-3_2:8.39-12+b1 libpcre2-16-0_10.34-7 libpcre2-32-0_10.34-7 libpcre2-8-0_10.34-7 libpcre2-dev_10.34-7 libpcre2-posix2_10.34-7 libpcre3_2:8.39-12+b1 libpcre3-dev_2:8.39-12+b1 libpcre32-3_2:8.39-12+b1 libpcrecpp0v5_2:8.39-12+b1 libperl5.30_5.30.0-9 libpipeline1_1.5.2-2 libpng-dev_1.6.37-2 libpng16-16_1.6.37-2 libpthread-stubs0-dev_0.4-1 libpython3-stdlib_3.7.5-3 libpython3.7-minimal_3.7.6-1+b1 libpython3.7-stdlib_3.7.6-1+b1 libqt5concurrent5_5.12.5+dfsg-8 libqt5core5a_5.12.5+dfsg-8 libqt5dbus5_5.12.5+dfsg-8 libqt5gui5_5.12.5+dfsg-8 libqt5network5_5.12.5+dfsg-8 libqt5printsupport5_5.12.5+dfsg-8 libqt5sql5_5.12.5+dfsg-8 libqt5test5_5.12.5+dfsg-8 libqt5widgets5_5.12.5+dfsg-8 libqt5xml5_5.12.5+dfsg-8 libquadmath0_10-20200222-1 libreadline8_8.0-4 libseccomp2_2.4.2-2 libselinux1_3.0-1+b1 libselinux1-dev_3.0-1+b1 libsemanage-common_3.0-1 libsemanage1_3.0-1+b1 libsensors-config_1:3.6.0-2 libsensors5_1:3.6.0-2 libsepol1_3.0-1 libsepol1-dev_3.0-1 libsigsegv2_2.12-2 libsm6_2:1.2.3-1 libsmartcols1_2.34-0.1 libsqlite3-0_3.31.1-3 libss2_1.45.5-2 libssl1.1_1.1.1d-2 libstdc++-9-dev_9.2.1-30 libstdc++6_10-20200222-1 libsub-override-perl_0.09-2 libsystemd0_244.3-1 libtasn1-6_4.16.0-2 libtinfo6_6.1+20191019-1 libtool_2.4.6-13 libtsan0_10-20200222-1 libubsan1_10-20200222-1 libuchardet0_0.0.6-3 libudev1_244.3-1 libunistring2_0.9.10-2 libuuid1_2.34-0.1 libvulkan-dev_1.2.131.2-1 libvulkan1_1.2.131.2-1 libwacom-common_1.1-2 libwacom2_1.1-2 libwayland-client0_1.18.0-1 libwayland-server0_1.18.0-1 libx11-6_2:1.6.8-1 libx11-data_2:1.6.8-1 libx11-dev_2:1.6.8-1 libx11-xcb1_2:1.6.8-1 libxau-dev_1:1.0.8-1+b2 libxau6_1:1.0.8-1+b2 libxcb-dri2-0_1.13.1-5 libxcb-dri3-0_1.13.1-5 libxcb-glx0_1.13.1-5 libxcb-icccm4_0.4.1-1.1 libxcb-image0_0.4.0-1+b2 libxcb-keysyms1_0.4.0-1+b2 libxcb-present0_1.13.1-5 libxcb-randr0_1.13.1-5 libxcb-render-util0_0.3.9-1+b1 libxcb-render0_1.13.1-5 libxcb-shape0_1.13.1-5 libxcb-shm0_1.13.1-5 libxcb-sync1_1.13.1-5 libxcb-util0_0.3.8-3+b2 libxcb-xfixes0_1.13.1-5 libxcb-xinerama0_1.13.1-5 libxcb-xinput0_1.13.1-5 libxcb-xkb1_1.13.1-5 libxcb1_1.13.1-5 libxcb1-dev_1.13.1-5 libxdamage1_1:1.1.5-1 libxdmcp-dev_1:1.1.2-3 libxdmcp6_1:1.1.2-3 libxext-dev_2:1.3.3-1+b2 libxext6_2:1.3.3-1+b2 libxfixes3_1:5.0.3-1 libxkbcommon-x11-0_0.10.0-1 libxkbcommon0_0.10.0-1 libxml2_2.9.10+dfsg-3 libxrender1_1:0.9.10-1 libxshmfence1_1.3-1 libxxf86vm1_1:1.1.4-1+b2 libz3-4_4.8.7-4 libzstd1_1.4.4+dfsg-3 linux-libc-dev_5.4.19-1 login_1:4.8.1-1 logsave_1.45.5-2 lsb-base_11.1.0 m4_1.4.18-4 make_4.2.1-1.2 man-db_2.9.0-2 mawk_1.3.4.20200120-2 mime-support_3.64 mount_2.34-0.1 ncurses-base_6.1+20191019-1 ncurses-bin_6.1+20191019-1 passwd_1:4.8.1-1 patch_2.7.6-6 perl_5.30.0-9 perl-base_5.30.0-9 perl-modules-5.30_5.30.0-9 pkg-config_0.29-6 po-debconf_1.0.21 python3_3.7.5-3 python3-distutils_3.8.0-1 python3-lib2to3_3.8.0-1 python3-minimal_3.7.5-3 python3.7_3.7.6-1+b1 python3.7-minimal_3.7.6-1+b1 qt5-qmake_5.12.5+dfsg-8 qt5-qmake-bin_5.12.5+dfsg-8 qtbase5-dev_5.12.5+dfsg-8 qtbase5-dev-tools_5.12.5+dfsg-8 qtchooser_66-2 readline-common_8.0-4 sbuild-build-depends-main-dummy_0.invalid.0 sed_4.7-1 sensible-utils_0.0.12+nmu1 sysvinit-utils_2.96-2.1 tar_1.30+dfsg-6+b1 tzdata_2019c-3 ucf_3.0038+nmu1 util-linux_2.34-0.1 uuid-dev_2.34-0.1 x11-common_1:7.7+20 x11proto-core-dev_2018.4-4 x11proto-dev_2018.4-4 x11proto-xext-dev_2018.4-4 xkb-data_2.26-2 xorg-sgml-doctools_1:1.11-1 xtrans-dev_1.3.5-1 xz-utils_5.2.4-1+b1 zlib1g_1:1.2.11.dfsg-2 zlib1g-dev_1:1.2.11.dfsg-2

+------------------------------------------------------------------------------+
| Build                                                                        |
+------------------------------------------------------------------------------+


Unpack source
-------------

-----BEGIN PGP SIGNED MESSAGE-----
Hash: SHA512

Format: 3.0 (quilt)
Source: ttfautohint
Binary: libttfautohint1, libttfautohint-dev, ttfautohint
Architecture: any
Version: 1.8.3-2
Maintainer: Debian Fonts Task Force <pkg-fonts-devel@lists.alioth.debian.org>
Uploaders: Grkan Myczko <gurkan@phys.ethz.ch>
Homepage: https://www.freetype.org/ttfautohint/
Standards-Version: 4.1.3
Vcs-Browser: https://salsa.debian.org/fonts-team/ttfautohint
Vcs-Git: https://salsa.debian.org/fonts-team/ttfautohint.git
Build-Depends: debhelper (>= 11), qt5-qmake, qtbase5-dev, qtchooser, bison, flex, libfreetype6-dev, pkg-config, libharfbuzz-dev
Package-List:
 libttfautohint-dev deb libdevel optional arch=any
 libttfautohint1 deb libs optional arch=any
 ttfautohint deb fonts optional arch=any
Checksums-Sha1:
 261ca622925a5c496298db2d6c6c9a0bd9851488 3453416 ttfautohint_1.8.3.orig.tar.gz
 0d00c45fc79873067aef7a0fe0f3faea4ba71b84 181 ttfautohint_1.8.3.orig.tar.gz.asc
 4ca200ef434cff2d4c33f3ac3efaa04fe2315360 9412 ttfautohint_1.8.3-2.debian.tar.xz
Checksums-Sha256:
 cbccdba963d266c32c3f88151fb5390a9ece3ce5600c9d4c0e881f4df5c46e79 3453416 ttfautohint_1.8.3.orig.tar.gz
 1c901889e25cca31b8bf94f0c906c13e27476158688a1a84f122868600c27cb9 181 ttfautohint_1.8.3.orig.tar.gz.asc
 d61209af5872f4a6678de23c8d44d2fa1f13685d2204038e10dc94d4e10aebf7 9412 ttfautohint_1.8.3-2.debian.tar.xz
Files:
 aadd59dc647d7f8b67b89b9783c9602e 3453416 ttfautohint_1.8.3.orig.tar.gz
 3c4027fa3df31ca0cfa000fb1216fae2 181 ttfautohint_1.8.3.orig.tar.gz.asc
 268f53247983991598bb148c460840c8 9412 ttfautohint_1.8.3-2.debian.tar.xz

-----BEGIN PGP SIGNATURE-----

iQIzBAEBCgAdFiEEkjZVexcMh/iCHArDweDZLphvfH4FAl1O88wACgkQweDZLphv
fH7N4A/9EfXS7mlhLl3I0yHC9as1SWGv7N6239TDAhuSnfxQv2SnCNWondW1AX/4
WIeYsKicprXvVzMQnucUNy4n6iNlXh+vu1iErsH9rcEapK0hoFyMWG/jJ6CKE13m
tNnZufwpnGGXSwezY3KY92hIGmNDakEtz+hEOeD/uhY3uyZHVIBa/gq1NUEVzYgE
9oIOPtZ7Qz1r9p+PhFCLyptp/jkSg2b39IQcx3zksiBq33dTQjUNk7PE5E7j0CLm
MeuXjrLyvfUtyWopeVUsUjuhB0NbAmYNK0MZPAqNv2Mhrw37Ln4YIuqEgFIpr6dq
O2PF9LEs1cZdZVAfy9DZdV1ivKXmAs7HleTdbhBw45fKHk75RGFgf7gy03g6FWwV
079lY9wWWYnhjp8MYwtW9kt7uAVF1poM/daG6Ex7GvgKJAXJNX1GW3EAZeAfjUSH
IqEQW8KLAuU/AtgNY8I6Hcy5QOlbWN1ZHBZhsNeuAPOn+FO+/labQvn+mGd8DpNl
iS00IvlG5GK/Z4Lxl148cDmt72GjmnFLzg/6lcmrHqUlKYdnkyfncTD2DY6bwNI3
5mShkxxjLJ73iLC7t/sYV6yG03ThFRFmmEso/OJunze8tZXVK2nFMkIHxRWz3lwK
8LWH2+PQH/7V/MCAoxQxSu7SPvOz3R1CIM4G+74fxl4RLseTASE=
=iCR0
-----END PGP SIGNATURE-----

gpgv: unknown type of key resource 'trustedkeys.kbx'
gpgv: keyblock resource '/sbuild-nonexistent/.gnupg/trustedkeys.kbx': General error
gpgv: Signature made Sat Aug 10 16:41:48 2019 UTC
gpgv:                using RSA key 9236557B170C87F8821C0AC3C1E0D92E986F7C7E
gpgv: Can't check signature: No public key
dpkg-source: warning: failed to verify signature on ./ttfautohint_1.8.3-2.dsc
dpkg-source: info: extracting ttfautohint in /<<PKGBUILDDIR>>
dpkg-source: info: unpacking ttfautohint_1.8.3.orig.tar.gz
dpkg-source: info: unpacking ttfautohint_1.8.3-2.debian.tar.xz
dpkg-source: info: using patch list from debian/patches/series
dpkg-source: info: applying fix-silent-compilation.patch

Check disk space
----------------

Sufficient free space for build

User Environment
----------------

APT_CONFIG=/var/lib/sbuild/apt.conf
HOME=/sbuild-nonexistent
LANG=C.UTF-8
LC_ALL=C.UTF-8
LOGNAME=user42
PATH=/usr/local/sbin:/usr/local/bin:/usr/sbin:/usr/bin:/sbin:/bin:/usr/games
SCHROOT_ALIAS_NAME=unstable
SCHROOT_CHROOT_NAME=sid-amd64-sbuild
SCHROOT_COMMAND=env
SCHROOT_GID=1001
SCHROOT_GROUP=user42
SCHROOT_SESSION_ID=sid-amd64-sbuild-1c01ac64-6708-44a2-92be-4a53065e3542
SCHROOT_UID=1001
SCHROOT_USER=user42
SHELL=/bin/sh
USER=user42

dpkg-buildpackage
-----------------

Command: dpkg-buildpackage -us -uc -b -rfakeroot
dpkg-buildpackage: info: source package ttfautohint
dpkg-buildpackage: info: source version 1.8.3-2
dpkg-buildpackage: info: source distribution unstable
dpkg-buildpackage: info: source changed by Grkan Myczko <gurkan@phys.ethz.ch>
 dpkg-source --before-build .
dpkg-buildpackage: info: host architecture amd64
 fakeroot debian/rules clean
dh clean
   dh_clean
 debian/rules build
dh build
   dh_update_autotools_config
   dh_autoreconf
libtoolize: putting auxiliary files in AC_CONFIG_AUX_DIR, 'gnulib'.
libtoolize: copying file 'gnulib/ltmain.sh'
libtoolize: putting macros in AC_CONFIG_MACRO_DIRS, 'gnulib/m4'.
libtoolize: copying file 'gnulib/m4/libtool.m4'
libtoolize: copying file 'gnulib/m4/ltoptions.m4'
libtoolize: copying file 'gnulib/m4/ltsugar.m4'
libtoolize: copying file 'gnulib/m4/ltversion.m4'
libtoolize: copying file 'gnulib/m4/lt~obsolete.m4'
configure.ac:19: installing 'gnulib/missing'
frontend/Makefile.am: installing 'gnulib/depcomp'
   debian/rules override_dh_auto_configure
make[1]: Entering directory '/<<PKGBUILDDIR>>'
dh_auto_configure -- --without-doc
	./configure --build=x86_64-linux-gnu --prefix=/usr --includedir=\${prefix}/include --mandir=\${prefix}/share/man --infodir=\${prefix}/share/info --sysconfdir=/etc --localstatedir=/var --disable-silent-rules --libdir=\${prefix}/lib/x86_64-linux-gnu --libexecdir=\${prefix}/lib/x86_64-linux-gnu --runstatedir=/run --disable-maintainer-mode --disable-dependency-tracking --without-doc
configure: WARNING: unrecognized options: --disable-maintainer-mode
checking for a BSD-compatible install... /usr/bin/install -c
checking whether build environment is sane... yes
checking for a thread-safe mkdir -p... /bin/mkdir -p
checking for gawk... no
checking for mawk... mawk
checking whether make sets $(MAKE)... yes
checking whether make supports nested variables... yes
checking whether UID '1001' is supported by ustar format... yes
checking whether GID '1001' is supported by ustar format... yes
checking how to create a ustar tar archive... gnutar
checking whether make supports nested variables... (cached) yes
checking whether make supports the include directive... yes (GNU style)
checking for gcc... gcc
checking whether the C compiler works... yes
checking for C compiler default output file name... a.out
checking for suffix of executables... 
checking whether we are cross compiling... no
checking for suffix of object files... o
checking whether we are using the GNU C compiler... yes
checking whether gcc accepts -g... yes
checking for gcc option to enable C11 features... none needed
checking dependency style of gcc... none
checking how to run the C preprocessor... gcc -E
checking for grep that handles long lines and -e... /bin/grep
checking for egrep... /bin/grep -E
checking for ANSI C header files... yes
checking for sys/types.h... yes
checking for sys/stat.h... yes
checking for stdlib.h... yes
checking for string.h... yes
checking for memory.h... yes
checking for strings.h... yes
checking for inttypes.h... yes
checking for stdint.h... yes
checking for unistd.h... yes
checking minix/config.h usability... no
checking minix/config.h presence... no
checking for minix/config.h... no
checking whether it is safe to define __EXTENSIONS__... yes
checking whether _XOPEN_SOURCE should be defined... no
checking whether ln -s works... yes
checking how to run the C preprocessor... gcc -E
checking for g++... g++
checking whether we are using the GNU C++ compiler... yes
checking whether g++ accepts -g... yes
checking for g++ option to enable C++11 features... none needed
checking dependency style of g++... none
checking for inline... inline
checking for Minix Amsterdam compiler... no
checking for ar... ar
checking the archiver (ar) interface... ar
checking for ar... (cached) ar
checking for ranlib... ranlib
checking build system type... x86_64-pc-linux-gnu
checking host system type... x86_64-pc-linux-gnu
checking for pkg-config... /usr/bin/pkg-config
checking pkg-config is at least version 0.24... yes
checking the archiver (ar) interface... (cached) ar
checking for bison... /usr/bin/bison
checking for flex... /usr/bin/flex
checking for size_t... yes
checking for working alloca.h... yes
checking for alloca... yes
checking whether // is distinct from /... no
checking whether the preprocessor supports include_next... yes
checking whether system header files limit the line length... no
checking for complete errno.h... yes
checking for unistd.h... (cached) yes
checking for getopt.h... yes
checking for sys/cdefs.h... yes
checking for limits.h... yes
checking for sys/mman.h... yes
checking for wchar.h... yes
checking for stdint.h... (cached) yes
checking for sys/socket.h... yes
checking for features.h... yes
checking for crtdefs.h... no
checking for symlink... yes
checking for mprotect... yes
checking for _set_invalid_parameter_handler... no
checking for strerror_r... yes
checking for __xpg_strerror_r... yes
checking for catgets... yes
checking for snprintf... yes
checking for strndup... yes
checking for vasnprintf... no
checking for working fcntl.h... yes
checking for pid_t... yes
checking for mode_t... yes
checking for getopt.h... (cached) yes
checking for getopt_long_only... yes
checking whether getopt is POSIX compatible... yes
checking for working GNU getopt function... yes
checking for working GNU getopt_long function... yes
checking whether limits.h has LLONG_MAX, WORD_BIT, ULLONG_WIDTH etc.... yes
checking for ld used by gcc... /usr/bin/ld
checking if the linker (/usr/bin/ld) is GNU ld... yes
checking for shared library run path origin... done
checking 32-bit host C ABI... no
checking for the common suffixes of directories in the library search path... lib64,lib64
checking whether imported symbols can be declared weak... yes
checking pthread.h usability... yes
checking pthread.h presence... yes
checking for pthread.h... yes
checking for multithread API to use... posix
checking whether malloc, realloc, calloc are POSIX compliant... yes
checking for mmap... yes
checking for MAP_ANONYMOUS... yes
checking whether memchr works... yes
checking whether memmem is declared... yes
checking for stdbool.h that conforms to C99... yes
checking for _Bool... yes
checking for wchar_t... yes
checking for wint_t... yes
checking whether wint_t is too small... no
checking for unsigned long long int... yes
checking for long long int... yes
checking whether stdint.h conforms to C99... yes
checking whether stdint.h predates C++11... no
checking whether stdint.h has UINTMAX_WIDTH etc.... yes
checking whether strerror(0) succeeds... yes
checking for strerror_r with POSIX signature... no
checking whether __xpg_strerror_r works... yes
checking whether strerror_r is declared... yes
checking for C/C++ restrict keyword... __restrict
checking whether strndup is declared... yes
checking whether strnlen is declared... yes
checking whether strtok_r is declared... yes
checking for inttypes.h... yes
checking for stdint.h... yes
checking for intmax_t... yes
checking where to find the exponent in a 'double'... word 1 bit 20
checking whether snprintf returns a byte count as in C99... yes
checking for snprintf... (cached) yes
checking for strnlen... yes
checking for wcslen... yes
checking for wcsnlen... yes
checking for mbrtowc... yes
checking for wcrtomb... yes
checking whether _snprintf is declared... no
checking whether <wchar.h> uses 'inline' correctly... yes
checking for alloca as a compiler built-in... yes
checking for __builtin_expect... yes
checking whether // is distinct from /... (cached) no
checking whether conversion from 'int' to 'long double' works... yes
checking for pthread_rwlock_t... yes
checking whether pthread_rwlock_rdlock prefers a writer to a reader... no
checking for memmem... yes
checking whether memmem works... yes
checking for stdint.h... (cached) yes
checking for SIZE_MAX... yes
checking for ssize_t... yes
checking for va_copy... yes
checking for good max_align_t... yes
checking whether NULL can be used in arbitrary expressions... yes
checking which flavor of printf attribute matches inttypes macros... system
checking for working strndup... yes
checking for working strnlen... yes
checking for strtok_r... yes
checking whether strtok_r works... yes
checking for strtoull... yes
checking for ptrdiff_t... yes
checking for vasprintf... yes
checking for stdint.h... (cached) yes
checking for HARFBUZZ... yes
checking for qmake... /usr/bin/qmake
checking for moc... /usr/bin/moc
checking for uic... /usr/bin/uic
checking for rcc... /usr/bin/rcc
checking whether host operating system is Darwin... no
checking whether QMAKESPEC environment variable is set... no
Project ERROR: failed to parse default search paths from compiler output
Info: creating stash file /<<PKGBUILDDIR>>/conftest.dir/.qmake.stash
Project ERROR: failed to parse default search paths from compiler output
configure: error: Calling /usr/bin/qmake  failed.
	tail -v -n \+0 config.log
==> config.log <==
This file contains any messages produced by compilers while
running configure, to aid debugging if configure makes a mistake.

It was created by ttfautohint configure 1.8.3, which was
generated by GNU Autoconf 2.69.  Invocation command line was

  $ ./configure --build=x86_64-linux-gnu --prefix=/usr --includedir=${prefix}/include --mandir=${prefix}/share/man --infodir=${prefix}/share/info --sysconfdir=/etc --localstatedir=/var --disable-silent-rules --libdir=${prefix}/lib/x86_64-linux-gnu --libexecdir=${prefix}/lib/x86_64-linux-gnu --runstatedir=/run --disable-maintainer-mode --disable-dependency-tracking --without-doc

## --------- ##
## Platform. ##
## --------- ##

hostname = ip-172-31-0-217
uname -m = x86_64
uname -r = 4.19.0-6-cloud-amd64
uname -s = Linux
uname -v = #1 SMP Debian 4.19.67-2+deb10u2 (2019-11-11)

/usr/bin/uname -p = unknown
/bin/uname -X     = unknown

/bin/arch              = unknown
/usr/bin/arch -k       = unknown
/usr/convex/getsysinfo = unknown
/usr/bin/hostinfo      = unknown
/bin/machine           = unknown
/usr/bin/oslevel       = unknown
/bin/universe          = unknown

PATH: /usr/local/sbin
PATH: /usr/local/bin
PATH: /usr/sbin
PATH: /usr/bin
PATH: /sbin
PATH: /bin
PATH: /usr/games


## ----------- ##
## Core tests. ##
## ----------- ##

configure:3527: checking for a BSD-compatible install
configure:3595: result: /usr/bin/install -c
configure:3606: checking whether build environment is sane
configure:3661: result: yes
configure:3810: checking for a thread-safe mkdir -p
configure:3849: result: /bin/mkdir -p
configure:3856: checking for gawk
configure:3886: result: no
configure:3856: checking for mawk
configure:3872: found /usr/bin/mawk
configure:3883: result: mawk
configure:3894: checking whether make sets $(MAKE)
configure:3916: result: yes
configure:3945: checking whether make supports nested variables
configure:3962: result: yes
configure:4051: checking whether UID '1001' is supported by ustar format
configure:4054: result: yes
configure:4061: checking whether GID '1001' is supported by ustar format
configure:4064: result: yes
configure:4072: checking how to create a ustar tar archive
configure:4083: tar --version
tar (GNU tar) 1.30
Copyright (C) 2017 Free Software Foundation, Inc.
License GPLv3+: GNU GPL version 3 or later <https://gnu.org/licenses/gpl.html>.
This is free software: you are free to change and redistribute it.
There is NO WARRANTY, to the extent permitted by law.

Written by John Gilmore and Jay Fenlason.
configure:4086: $? = 0
configure:4126: tardir=conftest.dir && eval tar --format=ustar -chf - "$tardir" >conftest.tar
configure:4129: $? = 0
configure:4133: tar -xf - <conftest.tar
configure:4136: $? = 0
configure:4138: cat conftest.dir/file
GrepMe
configure:4141: $? = 0
configure:4154: result: gnutar
configure:4218: checking whether make supports nested variables
configure:4235: result: yes
configure:4274: checking whether make supports the include directive
configure:4289: make -f confmf.GNU && cat confinc.out
make[2]: Entering directory '/<<PKGBUILDDIR>>'
make[2]: Leaving directory '/<<PKGBUILDDIR>>'
this is the am__doit target
configure:4292: $? = 0
configure:4311: result: yes (GNU style)
configure:4381: checking for gcc
configure:4397: found /usr/bin/gcc
configure:4408: result: gcc
configure:4731: checking for C compiler version
configure:4740: gcc --version >&5
clang version 10.0.0-+rc2-1 
Target: x86_64-pc-linux-gnu
Thread model: posix
InstalledDir: /usr/bin
configure:4751: $? = 0
configure:4740: gcc -v >&5
clang version 10.0.0-+rc2-1 
Target: x86_64-pc-linux-gnu
Thread model: posix
InstalledDir: /usr/bin
Found candidate GCC installation: /usr/bin/../lib/gcc/x86_64-linux-gnu/10
Found candidate GCC installation: /usr/bin/../lib/gcc/x86_64-linux-gnu/9
Found candidate GCC installation: /usr/lib/gcc/x86_64-linux-gnu/10
Found candidate GCC installation: /usr/lib/gcc/x86_64-linux-gnu/9
Selected GCC installation: /usr/bin/../lib/gcc/x86_64-linux-gnu/9
Candidate multilib: .;@m64
... rest of stderr output deleted ...
configure:4751: $? = 0
configure:4740: gcc -V >&5
clang: error: argument to '-V' is missing (expected 1 value)
clang: error: no input files
configure:4751: $? = 1
configure:4740: gcc -qversion >&5
clang: error: unknown argument '-qversion'; did you mean '--version'?
clang: error: no input files
configure:4751: $? = 1
configure:4740: gcc -version >&5
clang: error: unknown argument '-version'; did you mean '--version'?
clang: error: no input files
configure:4751: $? = 1
configure:4771: checking whether the C compiler works
configure:4793: gcc -g -O2 -fdebug-prefix-map=/<<PKGBUILDDIR>>=. -fstack-protector-strong -Wformat -Werror=format-security -Wdate-time -D_FORTIFY_SOURCE=2 -Wl,-z,relro -Wl,-z,now conftest.c  >&5
configure:4797: $? = 0
configure:4845: result: yes
configure:4848: checking for C compiler default output file name
configure:4850: result: a.out
configure:4856: checking for suffix of executables
configure:4863: gcc -o conftest -g -O2 -fdebug-prefix-map=/<<PKGBUILDDIR>>=. -fstack-protector-strong -Wformat -Werror=format-security -Wdate-time -D_FORTIFY_SOURCE=2 -Wl,-z,relro -Wl,-z,now conftest.c  >&5
configure:4867: $? = 0
configure:4889: result: 
configure:4911: checking whether we are cross compiling
configure:4919: gcc -o conftest -g -O2 -fdebug-prefix-map=/<<PKGBUILDDIR>>=. -fstack-protector-strong -Wformat -Werror=format-security -Wdate-time -D_FORTIFY_SOURCE=2 -Wl,-z,relro -Wl,-z,now conftest.c  >&5
configure:4923: $? = 0
configure:4930: ./conftest
configure:4934: $? = 0
configure:4922: result: no
configure:4927: checking for suffix of object files
configure:4949: gcc -c -g -O2 -fdebug-prefix-map=/<<PKGBUILDDIR>>=. -fstack-protector-strong -Wformat -Werror=format-security -Wdate-time -D_FORTIFY_SOURCE=2 conftest.c >&5
configure:4953: $? = 0
configure:4974: result: o
configure:4978: checking whether we are using the GNU C compiler
configure:4997: gcc -c -g -O2 -fdebug-prefix-map=/<<PKGBUILDDIR>>=. -fstack-protector-strong -Wformat -Werror=format-security -Wdate-time -D_FORTIFY_SOURCE=2 conftest.c >&5
configure:4997: $? = 0
configure:5006: result: yes
configure:5015: checking whether gcc accepts -g
configure:5035: gcc -c -g -Wdate-time -D_FORTIFY_SOURCE=2 conftest.c >&5
configure:5035: $? = 0
configure:5076: result: yes
configure:5093: checking for gcc option to enable C11 features
configure:5296: gcc  -c -g -O2 -fdebug-prefix-map=/<<PKGBUILDDIR>>=. -fstack-protector-strong -Wformat -Werror=format-security -Wdate-time -D_FORTIFY_SOURCE=2 conftest.c >&5
configure:5296: $? = 0
configure:5310: result: none needed
configure:5613: checking dependency style of gcc
configure:5724: result: none
configure:5745: checking how to run the C preprocessor
configure:5776: gcc -E -Wdate-time -D_FORTIFY_SOURCE=2 conftest.c
configure:5776: $? = 0
configure:5790: gcc -E -Wdate-time -D_FORTIFY_SOURCE=2 conftest.c
conftest.c:11:10: fatal error: 'ac_nonexistent.h' file not found
#include <ac_nonexistent.h>
         ^~~~~~~~~~~~~~~~~~
1 error generated.
configure:5790: $? = 1
configure: failed program was:
| /* confdefs.h */
| #define PACKAGE_NAME "ttfautohint"
| #define PACKAGE_TARNAME "ttfautohint"
| #define PACKAGE_VERSION "1.8.3"
| #define PACKAGE_STRING "ttfautohint 1.8.3"
| #define PACKAGE_BUGREPORT "freetype-devel@nongnu.org"
| #define PACKAGE_URL ""
| #define PACKAGE "ttfautohint"
| #define VERSION "1.8.3"
| /* end confdefs.h.  */
| #include <ac_nonexistent.h>
configure:5815: result: gcc -E
configure:5835: gcc -E -Wdate-time -D_FORTIFY_SOURCE=2 conftest.c
configure:5835: $? = 0
configure:5849: gcc -E -Wdate-time -D_FORTIFY_SOURCE=2 conftest.c
conftest.c:11:10: fatal error: 'ac_nonexistent.h' file not found
#include <ac_nonexistent.h>
         ^~~~~~~~~~~~~~~~~~
1 error generated.
configure:5849: $? = 1
configure: failed program was:
| /* confdefs.h */
| #define PACKAGE_NAME "ttfautohint"
| #define PACKAGE_TARNAME "ttfautohint"
| #define PACKAGE_VERSION "1.8.3"
| #define PACKAGE_STRING "ttfautohint 1.8.3"
| #define PACKAGE_BUGREPORT "freetype-devel@nongnu.org"
| #define PACKAGE_URL ""
| #define PACKAGE "ttfautohint"
| #define VERSION "1.8.3"
| /* end confdefs.h.  */
| #include <ac_nonexistent.h>
configure:5878: checking for grep that handles long lines and -e
configure:5936: result: /bin/grep
configure:5941: checking for egrep
configure:6003: result: /bin/grep -E
configure:6008: checking for ANSI C header files
configure:6028: gcc -c -g -O2 -fdebug-prefix-map=/<<PKGBUILDDIR>>=. -fstack-protector-strong -Wformat -Werror=format-security -Wdate-time -D_FORTIFY_SOURCE=2 conftest.c >&5
configure:6028: $? = 0
configure:6101: gcc -o conftest -g -O2 -fdebug-prefix-map=/<<PKGBUILDDIR>>=. -fstack-protector-strong -Wformat -Werror=format-security -Wdate-time -D_FORTIFY_SOURCE=2 -Wl,-z,relro -Wl,-z,now conftest.c  >&5
configure:6101: $? = 0
configure:6101: ./conftest
configure:6101: $? = 0
configure:6112: result: yes
configure:6125: checking for sys/types.h
configure:6125: gcc -c -g -O2 -fdebug-prefix-map=/<<PKGBUILDDIR>>=. -fstack-protector-strong -Wformat -Werror=format-security -Wdate-time -D_FORTIFY_SOURCE=2 conftest.c >&5
configure:6125: $? = 0
configure:6125: result: yes
configure:6125: checking for sys/stat.h
configure:6125: gcc -c -g -O2 -fdebug-prefix-map=/<<PKGBUILDDIR>>=. -fstack-protector-strong -Wformat -Werror=format-security -Wdate-time -D_FORTIFY_SOURCE=2 conftest.c >&5
configure:6125: $? = 0
configure:6125: result: yes
configure:6125: checking for stdlib.h
configure:6125: gcc -c -g -O2 -fdebug-prefix-map=/<<PKGBUILDDIR>>=. -fstack-protector-strong -Wformat -Werror=format-security -Wdate-time -D_FORTIFY_SOURCE=2 conftest.c >&5
configure:6125: $? = 0
configure:6125: result: yes
configure:6125: checking for string.h
configure:6125: gcc -c -g -O2 -fdebug-prefix-map=/<<PKGBUILDDIR>>=. -fstack-protector-strong -Wformat -Werror=format-security -Wdate-time -D_FORTIFY_SOURCE=2 conftest.c >&5
configure:6125: $? = 0
configure:6125: result: yes
configure:6125: checking for memory.h
configure:6125: gcc -c -g -O2 -fdebug-prefix-map=/<<PKGBUILDDIR>>=. -fstack-protector-strong -Wformat -Werror=format-security -Wdate-time -D_FORTIFY_SOURCE=2 conftest.c >&5
configure:6125: $? = 0
configure:6125: result: yes
configure:6125: checking for strings.h
configure:6125: gcc -c -g -O2 -fdebug-prefix-map=/<<PKGBUILDDIR>>=. -fstack-protector-strong -Wformat -Werror=format-security -Wdate-time -D_FORTIFY_SOURCE=2 conftest.c >&5
configure:6125: $? = 0
configure:6125: result: yes
configure:6125: checking for inttypes.h
configure:6125: gcc -c -g -O2 -fdebug-prefix-map=/<<PKGBUILDDIR>>=. -fstack-protector-strong -Wformat -Werror=format-security -Wdate-time -D_FORTIFY_SOURCE=2 conftest.c >&5
configure:6125: $? = 0
configure:6125: result: yes
configure:6125: checking for stdint.h
configure:6125: gcc -c -g -O2 -fdebug-prefix-map=/<<PKGBUILDDIR>>=. -fstack-protector-strong -Wformat -Werror=format-security -Wdate-time -D_FORTIFY_SOURCE=2 conftest.c >&5
configure:6125: $? = 0
configure:6125: result: yes
configure:6125: checking for unistd.h
configure:6125: gcc -c -g -O2 -fdebug-prefix-map=/<<PKGBUILDDIR>>=. -fstack-protector-strong -Wformat -Werror=format-security -Wdate-time -D_FORTIFY_SOURCE=2 conftest.c >&5
configure:6125: $? = 0
configure:6125: result: yes
configure:6138: checking minix/config.h usability
configure:6138: gcc -c -g -O2 -fdebug-prefix-map=/<<PKGBUILDDIR>>=. -fstack-protector-strong -Wformat -Werror=format-security -Wdate-time -D_FORTIFY_SOURCE=2 conftest.c >&5
conftest.c:54:10: fatal error: 'minix/config.h' file not found
#include <minix/config.h>
         ^~~~~~~~~~~~~~~~
1 error generated.
configure:6138: $? = 1
configure: failed program was:
| /* confdefs.h */
| #define PACKAGE_NAME "ttfautohint"
| #define PACKAGE_TARNAME "ttfautohint"
| #define PACKAGE_VERSION "1.8.3"
| #define PACKAGE_STRING "ttfautohint 1.8.3"
| #define PACKAGE_BUGREPORT "freetype-devel@nongnu.org"
| #define PACKAGE_URL ""
| #define PACKAGE "ttfautohint"
| #define VERSION "1.8.3"
| #define STDC_HEADERS 1
| #define HAVE_SYS_TYPES_H 1
| #define HAVE_SYS_STAT_H 1
| #define HAVE_STDLIB_H 1
| #define HAVE_STRING_H 1
| #define HAVE_MEMORY_H 1
| #define HAVE_STRINGS_H 1
| #define HAVE_INTTYPES_H 1
| #define HAVE_STDINT_H 1
| #define HAVE_UNISTD_H 1
| /* end confdefs.h.  */
| #include <stdio.h>
| #ifdef HAVE_SYS_TYPES_H
| # include <sys/types.h>
| #endif
| #ifdef HAVE_SYS_STAT_H
| # include <sys/stat.h>
| #endif
| #ifdef STDC_HEADERS
| # include <stdlib.h>
| # include <stddef.h>
| #else
| # ifdef HAVE_STDLIB_H
| #  include <stdlib.h>
| # endif
| #endif
| #ifdef HAVE_STRING_H
| # if !defined STDC_HEADERS && defined HAVE_MEMORY_H
| #  include <memory.h>
| # endif
| # include <string.h>
| #endif
| #ifdef HAVE_STRINGS_H
| # include <strings.h>
| #endif
| #ifdef HAVE_INTTYPES_H
| # include <inttypes.h>
| #endif
| #ifdef HAVE_STDINT_H
| # include <stdint.h>
| #endif
| #ifdef HAVE_UNISTD_H
| # include <unistd.h>
| #endif
| #include <minix/config.h>
configure:6138: result: no
configure:6138: checking minix/config.h presence
configure:6138: gcc -E -Wdate-time -D_FORTIFY_SOURCE=2 conftest.c
conftest.c:21:10: fatal error: 'minix/config.h' file not found
#include <minix/config.h>
         ^~~~~~~~~~~~~~~~
1 error generated.
configure:6138: $? = 1
configure: failed program was:
| /* confdefs.h */
| #define PACKAGE_NAME "ttfautohint"
| #define PACKAGE_TARNAME "ttfautohint"
| #define PACKAGE_VERSION "1.8.3"
| #define PACKAGE_STRING "ttfautohint 1.8.3"
| #define PACKAGE_BUGREPORT "freetype-devel@nongnu.org"
| #define PACKAGE_URL ""
| #define PACKAGE "ttfautohint"
| #define VERSION "1.8.3"
| #define STDC_HEADERS 1
| #define HAVE_SYS_TYPES_H 1
| #define HAVE_SYS_STAT_H 1
| #define HAVE_STDLIB_H 1
| #define HAVE_STRING_H 1
| #define HAVE_MEMORY_H 1
| #define HAVE_STRINGS_H 1
| #define HAVE_INTTYPES_H 1
| #define HAVE_STDINT_H 1
| #define HAVE_UNISTD_H 1
| /* end confdefs.h.  */
| #include <minix/config.h>
configure:6138: result: no
configure:6138: checking for minix/config.h
configure:6138: result: no
configure:6162: checking whether it is safe to define __EXTENSIONS__
configure:6180: gcc -c -g -O2 -fdebug-prefix-map=/<<PKGBUILDDIR>>=. -fstack-protector-strong -Wformat -Werror=format-security -Wdate-time -D_FORTIFY_SOURCE=2 conftest.c >&5
configure:6180: $? = 0
configure:6187: result: yes
configure:6220: checking whether _XOPEN_SOURCE should be defined
configure:6239: gcc -c -g -O2 -fdebug-prefix-map=/<<PKGBUILDDIR>>=. -fstack-protector-strong -Wformat -Werror=format-security -Wdate-time -D_FORTIFY_SOURCE=2 conftest.c >&5
configure:6239: $? = 0
configure:6263: result: no
configure:6272: checking whether ln -s works
configure:6276: result: yes
configure:6289: checking how to run the C preprocessor
configure:6359: result: gcc -E
configure:6379: gcc -E -Wdate-time -D_FORTIFY_SOURCE=2 conftest.c
configure:6379: $? = 0
configure:6393: gcc -E -Wdate-time -D_FORTIFY_SOURCE=2 conftest.c
conftest.c:37:10: fatal error: 'ac_nonexistent.h' file not found
#include <ac_nonexistent.h>
         ^~~~~~~~~~~~~~~~~~
1 error generated.
configure:6393: $? = 1
configure: failed program was:
| /* confdefs.h */
| #define PACKAGE_NAME "ttfautohint"
| #define PACKAGE_TARNAME "ttfautohint"
| #define PACKAGE_VERSION "1.8.3"
| #define PACKAGE_STRING "ttfautohint 1.8.3"
| #define PACKAGE_BUGREPORT "freetype-devel@nongnu.org"
| #define PACKAGE_URL ""
| #define PACKAGE "ttfautohint"
| #define VERSION "1.8.3"
| #define STDC_HEADERS 1
| #define HAVE_SYS_TYPES_H 1
| #define HAVE_SYS_STAT_H 1
| #define HAVE_STDLIB_H 1
| #define HAVE_STRING_H 1
| #define HAVE_MEMORY_H 1
| #define HAVE_STRINGS_H 1
| #define HAVE_INTTYPES_H 1
| #define HAVE_STDINT_H 1
| #define HAVE_UNISTD_H 1
| #define __EXTENSIONS__ 1
| #define _ALL_SOURCE 1
| #define _DARWIN_C_SOURCE 1
| #define _GNU_SOURCE 1
| #define _NETBSD_SOURCE 1
| #define _OPENBSD_SOURCE 1
| #define _POSIX_PTHREAD_SEMANTICS 1
| #define __STDC_WANT_IEC_60559_ATTRIBS_EXT__ 1
| #define __STDC_WANT_IEC_60559_BFP_EXT__ 1
| #define __STDC_WANT_IEC_60559_DFP_EXT__ 1
| #define __STDC_WANT_IEC_60559_FUNCS_EXT__ 1
| #define __STDC_WANT_IEC_60559_TYPES_EXT__ 1
| #define __STDC_WANT_LIB_EXT2__ 1
| #define __STDC_WANT_MATH_SPEC_FUNCS__ 1
| #define _TANDEM_SOURCE 1
| #define _HPUX_ALT_XOPEN_SOCKET_API 1
| /* end confdefs.h.  */
| #include <ac_nonexistent.h>
configure:6480: checking for g++
configure:6496: found /usr/bin/g++
configure:6507: result: g++
configure:6534: checking for C++ compiler version
configure:6543: g++ --version >&5
clang version 10.0.0-+rc2-1 
Target: x86_64-pc-linux-gnu
Thread model: posix
InstalledDir: /usr/bin
configure:6554: $? = 0
configure:6543: g++ -v >&5
clang version 10.0.0-+rc2-1 
Target: x86_64-pc-linux-gnu
Thread model: posix
InstalledDir: /usr/bin
Found candidate GCC installation: /usr/bin/../lib/gcc/x86_64-linux-gnu/10
Found candidate GCC installation: /usr/bin/../lib/gcc/x86_64-linux-gnu/9
Found candidate GCC installation: /usr/lib/gcc/x86_64-linux-gnu/10
Found candidate GCC installation: /usr/lib/gcc/x86_64-linux-gnu/9
Selected GCC installation: /usr/bin/../lib/gcc/x86_64-linux-gnu/9
Candidate multilib: .;@m64
... rest of stderr output deleted ...
configure:6554: $? = 0
configure:6543: g++ -V >&5
clang: error: argument to '-V' is missing (expected 1 value)
clang: error: no input files
configure:6554: $? = 1
configure:6543: g++ -qversion >&5
clang: error: unknown argument '-qversion'; did you mean '--version'?
clang: error: no input files
configure:6554: $? = 1
configure:6558: checking whether we are using the GNU C++ compiler
configure:6577: g++ -c -g -O2 -fdebug-prefix-map=/<<PKGBUILDDIR>>=. -fstack-protector-strong -Wformat -Werror=format-security -Wdate-time -D_FORTIFY_SOURCE=2 conftest.cpp >&5
configure:6577: $? = 0
configure:6586: result: yes
configure:6595: checking whether g++ accepts -g
configure:6615: g++ -c -g -Wdate-time -D_FORTIFY_SOURCE=2 conftest.cpp >&5
configure:6615: $? = 0
configure:6656: result: yes
configure:6673: checking for g++ option to enable C++11 features
configure:6909: g++  -c -g -O2 -fdebug-prefix-map=/<<PKGBUILDDIR>>=. -fstack-protector-strong -Wformat -Werror=format-security -Wdate-time -D_FORTIFY_SOURCE=2 conftest.cpp >&5
conftest.cpp:181:25: warning: empty parentheses interpreted as a function declaration [-Wvexing-parse]
  cxx11test::delegate d2();
                        ^~
conftest.cpp:181:25: note: remove parentheses to declare a variable
  cxx11test::delegate d2();
                        ^~
1 warning generated.
configure:6909: $? = 0
configure:6923: result: none needed
configure:7096: checking dependency style of g++
configure:7207: result: none
configure:7222: checking for inline
configure:7238: gcc -c -g -O2 -fdebug-prefix-map=/<<PKGBUILDDIR>>=. -fstack-protector-strong -Wformat -Werror=format-security -Wdate-time -D_FORTIFY_SOURCE=2 conftest.c >&5
configure:7238: $? = 0
configure:7246: result: inline
configure:7274: checking for Minix Amsterdam compiler
configure:7298: result: no
configure:7358: checking for ar
configure:7374: found /usr/bin/ar
configure:7385: result: ar
configure:7411: checking the archiver (ar) interface
configure:7427: gcc -c -g -O2 -fdebug-prefix-map=/<<PKGBUILDDIR>>=. -fstack-protector-strong -Wformat -Werror=format-security -Wdate-time -D_FORTIFY_SOURCE=2 conftest.c >&5
configure:7427: $? = 0
configure:7429: ar cru libconftest.a conftest.o >&5
ar: `u' modifier ignored since `D' is the default (see `U')
configure:7432: $? = 0
configure:7460: result: ar
configure:7475: checking for ar
configure:7502: result: ar
configure:7577: checking for ranlib
configure:7593: found /usr/bin/ranlib
configure:7604: result: ranlib
configure:7636: checking build system type
configure:7650: result: x86_64-pc-linux-gnu
configure:7670: checking host system type
configure:7683: result: x86_64-pc-linux-gnu
configure:7875: checking for pkg-config
configure:7893: found /usr/bin/pkg-config
configure:7905: result: /usr/bin/pkg-config
configure:7930: checking pkg-config is at least version 0.24
configure:7933: result: yes
configure:8046: checking the archiver (ar) interface
configure:8095: result: ar
configure:8118: checking for bison
configure:8136: found /usr/bin/bison
configure:8148: result: /usr/bin/bison
configure:8158: checking for flex
configure:8176: found /usr/bin/flex
configure:8188: result: /usr/bin/flex
configure:8206: checking for size_t
configure:8206: gcc -c -g -O2 -fdebug-prefix-map=/<<PKGBUILDDIR>>=. -fstack-protector-strong -Wformat -Werror=format-security -Wdate-time -D_FORTIFY_SOURCE=2 conftest.c >&5
configure:8206: $? = 0
configure:8206: gcc -c -g -O2 -fdebug-prefix-map=/<<PKGBUILDDIR>>=. -fstack-protector-strong -Wformat -Werror=format-security -Wdate-time -D_FORTIFY_SOURCE=2 conftest.c >&5
conftest.c:73:21: error: expected expression
if (sizeof ((size_t)))
                    ^
1 error generated.
configure:8206: $? = 1
configure: failed program was:
| /* confdefs.h */
| #define PACKAGE_NAME "ttfautohint"
| #define PACKAGE_TARNAME "ttfautohint"
| #define PACKAGE_VERSION "1.8.3"
| #define PACKAGE_STRING "ttfautohint 1.8.3"
| #define PACKAGE_BUGREPORT "freetype-devel@nongnu.org"
| #define PACKAGE_URL ""
| #define PACKAGE "ttfautohint"
| #define VERSION "1.8.3"
| #define STDC_HEADERS 1
| #define HAVE_SYS_TYPES_H 1
| #define HAVE_SYS_STAT_H 1
| #define HAVE_STDLIB_H 1
| #define HAVE_STRING_H 1
| #define HAVE_MEMORY_H 1
| #define HAVE_STRINGS_H 1
| #define HAVE_INTTYPES_H 1
| #define HAVE_STDINT_H 1
| #define HAVE_UNISTD_H 1
| #define __EXTENSIONS__ 1
| #define _ALL_SOURCE 1
| #define _DARWIN_C_SOURCE 1
| #define _GNU_SOURCE 1
| #define _NETBSD_SOURCE 1
| #define _OPENBSD_SOURCE 1
| #define _POSIX_PTHREAD_SEMANTICS 1
| #define __STDC_WANT_IEC_60559_ATTRIBS_EXT__ 1
| #define __STDC_WANT_IEC_60559_BFP_EXT__ 1
| #define __STDC_WANT_IEC_60559_DFP_EXT__ 1
| #define __STDC_WANT_IEC_60559_FUNCS_EXT__ 1
| #define __STDC_WANT_IEC_60559_TYPES_EXT__ 1
| #define __STDC_WANT_LIB_EXT2__ 1
| #define __STDC_WANT_MATH_SPEC_FUNCS__ 1
| #define _TANDEM_SOURCE 1
| #define _HPUX_ALT_XOPEN_SOCKET_API 1
| /* end confdefs.h.  */
| #include <stdio.h>
| #ifdef HAVE_SYS_TYPES_H
| # include <sys/types.h>
| #endif
| #ifdef HAVE_SYS_STAT_H
| # include <sys/stat.h>
| #endif
| #ifdef STDC_HEADERS
| # include <stdlib.h>
| # include <stddef.h>
| #else
| # ifdef HAVE_STDLIB_H
| #  include <stdlib.h>
| # endif
| #endif
| #ifdef HAVE_STRING_H
| # if !defined STDC_HEADERS && defined HAVE_MEMORY_H
| #  include <memory.h>
| # endif
| # include <string.h>
| #endif
| #ifdef HAVE_STRINGS_H
| # include <strings.h>
| #endif
| #ifdef HAVE_INTTYPES_H
| # include <inttypes.h>
| #endif
| #ifdef HAVE_STDINT_H
| # include <stdint.h>
| #endif
| #ifdef HAVE_UNISTD_H
| # include <unistd.h>
| #endif
| int
| main ()
| {
| if (sizeof ((size_t)))
| 	    return 0;
|   ;
|   return 0;
| }
configure:8206: result: yes
configure:8219: checking for working alloca.h
configure:8236: gcc -o conftest -g -O2 -fdebug-prefix-map=/<<PKGBUILDDIR>>=. -fstack-protector-strong -Wformat -Werror=format-security -Wdate-time -D_FORTIFY_SOURCE=2 -Wl,-z,relro -Wl,-z,now conftest.c  >&5
configure:8236: $? = 0
configure:8244: result: yes
configure:8252: checking for alloca
configure:8289: gcc -o conftest -g -O2 -fdebug-prefix-map=/<<PKGBUILDDIR>>=. -fstack-protector-strong -Wformat -Werror=format-security -Wdate-time -D_FORTIFY_SOURCE=2 -Wl,-z,relro -Wl,-z,now conftest.c  >&5
configure:8289: $? = 0
configure:8297: result: yes
configure:8409: checking whether // is distinct from /
configure:8438: result: no
configure:8448: checking whether the preprocessor supports include_next
configure:8486: gcc -c -g -O2 -fdebug-prefix-map=/<<PKGBUILDDIR>>=. -fstack-protector-strong -Wformat -Werror=format-security -Wdate-time -D_FORTIFY_SOURCE=2 -Iconftestd1b -Iconftestd2 conftest.c >&5
configure:8486: $? = 0
configure:8507: result: yes
configure:8528: checking whether system header files limit the line length
configure:8551: result: no
configure:8562: checking for complete errno.h
configure:8635: result: yes
configure:8956: checking for unistd.h
configure:8956: result: yes
configure:8956: checking for getopt.h
configure:8956: gcc -c -g -O2 -fdebug-prefix-map=/<<PKGBUILDDIR>>=. -fstack-protector-strong -Wformat -Werror=format-security -Wdate-time -D_FORTIFY_SOURCE=2 conftest.c >&5
configure:8956: $? = 0
configure:8956: result: yes
configure:8956: checking for sys/cdefs.h
configure:8956: gcc -c -g -O2 -fdebug-prefix-map=/<<PKGBUILDDIR>>=. -fstack-protector-strong -Wformat -Werror=format-security -Wdate-time -D_FORTIFY_SOURCE=2 conftest.c >&5
configure:8956: $? = 0
configure:8956: result: yes
configure:8956: checking for limits.h
configure:8956: gcc -c -g -O2 -fdebug-prefix-map=/<<PKGBUILDDIR>>=. -fstack-protector-strong -Wformat -Werror=format-security -Wdate-time -D_FORTIFY_SOURCE=2 conftest.c >&5
configure:8956: $? = 0
configure:8956: result: yes
configure:8956: checking for sys/mman.h
configure:8956: gcc -c -g -O2 -fdebug-prefix-map=/<<PKGBUILDDIR>>=. -fstack-protector-strong -Wformat -Werror=format-security -Wdate-time -D_FORTIFY_SOURCE=2 conftest.c >&5
configure:8956: $? = 0
configure:8956: result: yes
configure:8956: checking for wchar.h
configure:8956: gcc -c -g -O2 -fdebug-prefix-map=/<<PKGBUILDDIR>>=. -fstack-protector-strong -Wformat -Werror=format-security -Wdate-time -D_FORTIFY_SOURCE=2 conftest.c >&5
configure:8956: $? = 0
configure:8956: result: yes
configure:8956: checking for stdint.h
configure:8956: result: yes
configure:8956: checking for sys/socket.h
configure:8956: gcc -c -g -O2 -fdebug-prefix-map=/<<PKGBUILDDIR>>=. -fstack-protector-strong -Wformat -Werror=format-security -Wdate-time -D_FORTIFY_SOURCE=2 conftest.c >&5
configure:8956: $? = 0
configure:8956: result: yes
configure:8956: checking for features.h
configure:8956: gcc -c -g -O2 -fdebug-prefix-map=/<<PKGBUILDDIR>>=. -fstack-protector-strong -Wformat -Werror=format-security -Wdate-time -D_FORTIFY_SOURCE=2 conftest.c >&5
configure:8956: $? = 0
configure:8956: result: yes
configure:8956: checking for crtdefs.h
configure:8956: gcc -c -g -O2 -fdebug-prefix-map=/<<PKGBUILDDIR>>=. -fstack-protector-strong -Wformat -Werror=format-security -Wdate-time -D_FORTIFY_SOURCE=2 conftest.c >&5
conftest.c:82:10: fatal error: 'crtdefs.h' file not found
#include <crtdefs.h>
         ^~~~~~~~~~~
1 error generated.
configure:8956: $? = 1
configure: failed program was:
| /* confdefs.h */
| #define PACKAGE_NAME "ttfautohint"
| #define PACKAGE_TARNAME "ttfautohint"
| #define PACKAGE_VERSION "1.8.3"
| #define PACKAGE_STRING "ttfautohint 1.8.3"
| #define PACKAGE_BUGREPORT "freetype-devel@nongnu.org"
| #define PACKAGE_URL ""
| #define PACKAGE "ttfautohint"
| #define VERSION "1.8.3"
| #define STDC_HEADERS 1
| #define HAVE_SYS_TYPES_H 1
| #define HAVE_SYS_STAT_H 1
| #define HAVE_STDLIB_H 1
| #define HAVE_STRING_H 1
| #define HAVE_MEMORY_H 1
| #define HAVE_STRINGS_H 1
| #define HAVE_INTTYPES_H 1
| #define HAVE_STDINT_H 1
| #define HAVE_UNISTD_H 1
| #define __EXTENSIONS__ 1
| #define _ALL_SOURCE 1
| #define _DARWIN_C_SOURCE 1
| #define _GNU_SOURCE 1
| #define _NETBSD_SOURCE 1
| #define _OPENBSD_SOURCE 1
| #define _POSIX_PTHREAD_SEMANTICS 1
| #define __STDC_WANT_IEC_60559_ATTRIBS_EXT__ 1
| #define __STDC_WANT_IEC_60559_BFP_EXT__ 1
| #define __STDC_WANT_IEC_60559_DFP_EXT__ 1
| #define __STDC_WANT_IEC_60559_FUNCS_EXT__ 1
| #define __STDC_WANT_IEC_60559_TYPES_EXT__ 1
| #define __STDC_WANT_LIB_EXT2__ 1
| #define __STDC_WANT_MATH_SPEC_FUNCS__ 1
| #define _TANDEM_SOURCE 1
| #define _HPUX_ALT_XOPEN_SOCKET_API 1
| #define HAVE_ALLOCA_H 1
| #define HAVE_ALLOCA 1
| #define HAVE_UNISTD_H 1
| #define HAVE_GETOPT_H 1
| #define HAVE_SYS_CDEFS_H 1
| #define HAVE_LIMITS_H 1
| #define HAVE_SYS_MMAN_H 1
| #define HAVE_WCHAR_H 1
| #define HAVE_STDINT_H 1
| #define HAVE_SYS_SOCKET_H 1
| #define HAVE_FEATURES_H 1
| /* end confdefs.h.  */
| #include <stdio.h>
| #ifdef HAVE_SYS_TYPES_H
| # include <sys/types.h>
| #endif
| #ifdef HAVE_SYS_STAT_H
| # include <sys/stat.h>
| #endif
| #ifdef STDC_HEADERS
| # include <stdlib.h>
| # include <stddef.h>
| #else
| # ifdef HAVE_STDLIB_H
| #  include <stdlib.h>
| # endif
| #endif
| #ifdef HAVE_STRING_H
| # if !defined STDC_HEADERS && defined HAVE_MEMORY_H
| #  include <memory.h>
| # endif
| # include <string.h>
| #endif
| #ifdef HAVE_STRINGS_H
| # include <strings.h>
| #endif
| #ifdef HAVE_INTTYPES_H
| # include <inttypes.h>
| #endif
| #ifdef HAVE_STDINT_H
| # include <stdint.h>
| #endif
| #ifdef HAVE_UNISTD_H
| # include <unistd.h>
| #endif
| 
| #include <crtdefs.h>
configure:8956: result: no
configure:8975: checking for symlink
configure:8975: gcc -o conftest -g -O2 -fdebug-prefix-map=/<<PKGBUILDDIR>>=. -fstack-protector-strong -Wformat -Werror=format-security -Wdate-time -D_FORTIFY_SOURCE=2 -Wl,-z,relro -Wl,-z,now conftest.c  >&5
configure:8975: $? = 0
configure:8975: result: yes
configure:8975: checking for mprotect
configure:8975: gcc -o conftest -g -O2 -fdebug-prefix-map=/<<PKGBUILDDIR>>=. -fstack-protector-strong -Wformat -Werror=format-security -Wdate-time -D_FORTIFY_SOURCE=2 -Wl,-z,relro -Wl,-z,now conftest.c  >&5
configure:8975: $? = 0
configure:8975: result: yes
configure:8975: checking for _set_invalid_parameter_handler
configure:8975: gcc -o conftest -g -O2 -fdebug-prefix-map=/<<PKGBUILDDIR>>=. -fstack-protector-strong -Wformat -Werror=format-security -Wdate-time -D_FORTIFY_SOURCE=2 -Wl,-z,relro -Wl,-z,now conftest.c  >&5
/usr/bin/ld: /tmp/conftest-2aae8f.o: in function `main':
./conftest.c:84: undefined reference to `_set_invalid_parameter_handler'
clang: error: linker command failed with exit code 1 (use -v to see invocation)
configure:8975: $? = 1
configure: failed program was:
| /* confdefs.h */
| #define PACKAGE_NAME "ttfautohint"
| #define PACKAGE_TARNAME "ttfautohint"
| #define PACKAGE_VERSION "1.8.3"
| #define PACKAGE_STRING "ttfautohint 1.8.3"
| #define PACKAGE_BUGREPORT "freetype-devel@nongnu.org"
| #define PACKAGE_URL ""
| #define PACKAGE "ttfautohint"
| #define VERSION "1.8.3"
| #define STDC_HEADERS 1
| #define HAVE_SYS_TYPES_H 1
| #define HAVE_SYS_STAT_H 1
| #define HAVE_STDLIB_H 1
| #define HAVE_STRING_H 1
| #define HAVE_MEMORY_H 1
| #define HAVE_STRINGS_H 1
| #define HAVE_INTTYPES_H 1
| #define HAVE_STDINT_H 1
| #define HAVE_UNISTD_H 1
| #define __EXTENSIONS__ 1
| #define _ALL_SOURCE 1
| #define _DARWIN_C_SOURCE 1
| #define _GNU_SOURCE 1
| #define _NETBSD_SOURCE 1
| #define _OPENBSD_SOURCE 1
| #define _POSIX_PTHREAD_SEMANTICS 1
| #define __STDC_WANT_IEC_60559_ATTRIBS_EXT__ 1
| #define __STDC_WANT_IEC_60559_BFP_EXT__ 1
| #define __STDC_WANT_IEC_60559_DFP_EXT__ 1
| #define __STDC_WANT_IEC_60559_FUNCS_EXT__ 1
| #define __STDC_WANT_IEC_60559_TYPES_EXT__ 1
| #define __STDC_WANT_LIB_EXT2__ 1
| #define __STDC_WANT_MATH_SPEC_FUNCS__ 1
| #define _TANDEM_SOURCE 1
| #define _HPUX_ALT_XOPEN_SOCKET_API 1
| #define HAVE_ALLOCA_H 1
| #define HAVE_ALLOCA 1
| #define HAVE_UNISTD_H 1
| #define HAVE_GETOPT_H 1
| #define HAVE_SYS_CDEFS_H 1
| #define HAVE_LIMITS_H 1
| #define HAVE_SYS_MMAN_H 1
| #define HAVE_WCHAR_H 1
| #define HAVE_STDINT_H 1
| #define HAVE_SYS_SOCKET_H 1
| #define HAVE_FEATURES_H 1
| #define HAVE_SYMLINK 1
| #define HAVE_MPROTECT 1
| /* end confdefs.h.  */
| /* Define _set_invalid_parameter_handler to an innocuous variant, in case <limits.h> declares _set_invalid_parameter_handler.
|    For example, HP-UX 11i <limits.h> declares gettimeofday.  */
| #define _set_invalid_parameter_handler innocuous__set_invalid_parameter_handler
| 
| /* System header to define __stub macros and hopefully few prototypes,
|     which can conflict with char _set_invalid_parameter_handler (); below.
|     Prefer <limits.h> to <assert.h> if __STDC__ is defined, since
|     <limits.h> exists even on freestanding compilers.  */
| 
| #ifdef __STDC__
| # include <limits.h>
| #else
| # include <assert.h>
| #endif
| 
| #undef _set_invalid_parameter_handler
| 
| /* Override any GCC internal prototype to avoid an error.
|    Use char because int might match the return type of a GCC
|    builtin and then its argument prototype would still apply.  */
| #ifdef __cplusplus
| extern "C"
| #endif
| char _set_invalid_parameter_handler ();
| /* The GNU C library defines this for functions which it implements
|     to always fail with ENOSYS.  Some functions are actually named
|     something starting with __ and the normal name is an alias.  */
| #if defined __stub__set_invalid_parameter_handler || defined __stub____set_invalid_parameter_handler
| choke me
| #endif
| 
| int
| main ()
| {
| return _set_invalid_parameter_handler ();
|   ;
|   return 0;
| }
configure:8975: result: no
configure:8975: checking for strerror_r
configure:8975: gcc -o conftest -g -O2 -fdebug-prefix-map=/<<PKGBUILDDIR>>=. -fstack-protector-strong -Wformat -Werror=format-security -Wdate-time -D_FORTIFY_SOURCE=2 -Wl,-z,relro -Wl,-z,now conftest.c  >&5
configure:8975: $? = 0
configure:8975: result: yes
configure:8975: checking for __xpg_strerror_r
configure:8975: gcc -o conftest -g -O2 -fdebug-prefix-map=/<<PKGBUILDDIR>>=. -fstack-protector-strong -Wformat -Werror=format-security -Wdate-time -D_FORTIFY_SOURCE=2 -Wl,-z,relro -Wl,-z,now conftest.c  >&5
configure:8975: $? = 0
configure:8975: result: yes
configure:8975: checking for catgets
configure:8975: gcc -o conftest -g -O2 -fdebug-prefix-map=/<<PKGBUILDDIR>>=. -fstack-protector-strong -Wformat -Werror=format-security -Wdate-time -D_FORTIFY_SOURCE=2 -Wl,-z,relro -Wl,-z,now conftest.c  >&5
configure:8975: $? = 0
configure:8975: result: yes
configure:8975: checking for snprintf
configure:8975: gcc -o conftest -g -O2 -fdebug-prefix-map=/<<PKGBUILDDIR>>=. -fstack-protector-strong -Wformat -Werror=format-security -Wdate-time -D_FORTIFY_SOURCE=2 -Wl,-z,relro -Wl,-z,now conftest.c  >&5
conftest.c:76:6: warning: incompatible redeclaration of library function 'snprintf' [-Wincompatible-library-redeclaration]
char snprintf ();
     ^
conftest.c:76:6: note: 'snprintf' is a builtin with type 'int (char *, unsigned long, const char *, ...)'
1 warning generated.
configure:8975: $? = 0
configure:8975: result: yes
configure:8975: checking for strndup
configure:8975: gcc -o conftest -g -O2 -fdebug-prefix-map=/<<PKGBUILDDIR>>=. -fstack-protector-strong -Wformat -Werror=format-security -Wdate-time -D_FORTIFY_SOURCE=2 -Wl,-z,relro -Wl,-z,now conftest.c  >&5
conftest.c:77:6: warning: incompatible redeclaration of library function 'strndup' [-Wincompatible-library-redeclaration]
char strndup ();
     ^
conftest.c:77:6: note: 'strndup' is a builtin with type 'char *(const char *, unsigned long)'
1 warning generated.
configure:8975: $? = 0
configure:8975: result: yes
configure:8975: checking for vasnprintf
configure:8975: gcc -o conftest -g -O2 -fdebug-prefix-map=/<<PKGBUILDDIR>>=. -fstack-protector-strong -Wformat -Werror=format-security -Wdate-time -D_FORTIFY_SOURCE=2 -Wl,-z,relro -Wl,-z,now conftest.c  >&5
/usr/bin/ld: /tmp/conftest-1ae83d.o: in function `main':
./conftest.c:89: undefined reference to `vasnprintf'
clang: error: linker command failed with exit code 1 (use -v to see invocation)
configure:8975: $? = 1
configure: failed program was:
| /* confdefs.h */
| #define PACKAGE_NAME "ttfautohint"
| #define PACKAGE_TARNAME "ttfautohint"
| #define PACKAGE_VERSION "1.8.3"
| #define PACKAGE_STRING "ttfautohint 1.8.3"
| #define PACKAGE_BUGREPORT "freetype-devel@nongnu.org"
| #define PACKAGE_URL ""
| #define PACKAGE "ttfautohint"
| #define VERSION "1.8.3"
| #define STDC_HEADERS 1
| #define HAVE_SYS_TYPES_H 1
| #define HAVE_SYS_STAT_H 1
| #define HAVE_STDLIB_H 1
| #define HAVE_STRING_H 1
| #define HAVE_MEMORY_H 1
| #define HAVE_STRINGS_H 1
| #define HAVE_INTTYPES_H 1
| #define HAVE_STDINT_H 1
| #define HAVE_UNISTD_H 1
| #define __EXTENSIONS__ 1
| #define _ALL_SOURCE 1
| #define _DARWIN_C_SOURCE 1
| #define _GNU_SOURCE 1
| #define _NETBSD_SOURCE 1
| #define _OPENBSD_SOURCE 1
| #define _POSIX_PTHREAD_SEMANTICS 1
| #define __STDC_WANT_IEC_60559_ATTRIBS_EXT__ 1
| #define __STDC_WANT_IEC_60559_BFP_EXT__ 1
| #define __STDC_WANT_IEC_60559_DFP_EXT__ 1
| #define __STDC_WANT_IEC_60559_FUNCS_EXT__ 1
| #define __STDC_WANT_IEC_60559_TYPES_EXT__ 1
| #define __STDC_WANT_LIB_EXT2__ 1
| #define __STDC_WANT_MATH_SPEC_FUNCS__ 1
| #define _TANDEM_SOURCE 1
| #define _HPUX_ALT_XOPEN_SOCKET_API 1
| #define HAVE_ALLOCA_H 1
| #define HAVE_ALLOCA 1
| #define HAVE_UNISTD_H 1
| #define HAVE_GETOPT_H 1
| #define HAVE_SYS_CDEFS_H 1
| #define HAVE_LIMITS_H 1
| #define HAVE_SYS_MMAN_H 1
| #define HAVE_WCHAR_H 1
| #define HAVE_STDINT_H 1
| #define HAVE_SYS_SOCKET_H 1
| #define HAVE_FEATURES_H 1
| #define HAVE_SYMLINK 1
| #define HAVE_MPROTECT 1
| #define HAVE_STRERROR_R 1
| #define HAVE___XPG_STRERROR_R 1
| #define HAVE_CATGETS 1
| #define HAVE_SNPRINTF 1
| #define HAVE_STRNDUP 1
| /* end confdefs.h.  */
| /* Define vasnprintf to an innocuous variant, in case <limits.h> declares vasnprintf.
|    For example, HP-UX 11i <limits.h> declares gettimeofday.  */
| #define vasnprintf innocuous_vasnprintf
| 
| /* System header to define __stub macros and hopefully few prototypes,
|     which can conflict with char vasnprintf (); below.
|     Prefer <limits.h> to <assert.h> if __STDC__ is defined, since
|     <limits.h> exists even on freestanding compilers.  */
| 
| #ifdef __STDC__
| # include <limits.h>
| #else
| # include <assert.h>
| #endif
| 
| #undef vasnprintf
| 
| /* Override any GCC internal prototype to avoid an error.
|    Use char because int might match the return type of a GCC
|    builtin and then its argument prototype would still apply.  */
| #ifdef __cplusplus
| extern "C"
| #endif
| char vasnprintf ();
| /* The GNU C library defines this for functions which it implements
|     to always fail with ENOSYS.  Some functions are actually named
|     something starting with __ and the normal name is an alias.  */
| #if defined __stub_vasnprintf || defined __stub___vasnprintf
| choke me
| #endif
| 
| int
| main ()
| {
| return vasnprintf ();
|   ;
|   return 0;
| }
configure:8975: result: no
configure:8991: checking for working fcntl.h
configure:9099: gcc -o conftest -g -O2 -fdebug-prefix-map=/<<PKGBUILDDIR>>=. -fstack-protector-strong -Wformat -Werror=format-security -Wdate-time -D_FORTIFY_SOURCE=2 -Wl,-z,relro -Wl,-z,now conftest.c  >&5
conftest.c:81:27: warning: address of array 'constants' will always evaluate to 'true' [-Wpointer-bool-conversion]
            int result = !constants;
                         ~^~~~~~~~~
1 warning generated.
configure:9099: $? = 0
configure:9099: ./conftest
configure:9099: $? = 0
configure:9115: result: yes
configure:9138: checking for pid_t
configure:9138: gcc -c -g -O2 -fdebug-prefix-map=/<<PKGBUILDDIR>>=. -fstack-protector-strong -Wformat -Werror=format-security -Wdate-time -D_FORTIFY_SOURCE=2 conftest.c >&5
configure:9138: $? = 0
configure:9138: gcc -c -g -O2 -fdebug-prefix-map=/<<PKGBUILDDIR>>=. -fstack-protector-strong -Wformat -Werror=format-security -Wdate-time -D_FORTIFY_SOURCE=2 conftest.c >&5
conftest.c:93:20: error: expected expression
if (sizeof ((pid_t)))
                   ^
1 error generated.
configure:9138: $? = 1
configure: failed program was:
| /* confdefs.h */
| #define PACKAGE_NAME "ttfautohint"
| #define PACKAGE_TARNAME "ttfautohint"
| #define PACKAGE_VERSION "1.8.3"
| #define PACKAGE_STRING "ttfautohint 1.8.3"
| #define PACKAGE_BUGREPORT "freetype-devel@nongnu.org"
| #define PACKAGE_URL ""
| #define PACKAGE "ttfautohint"
| #define VERSION "1.8.3"
| #define STDC_HEADERS 1
| #define HAVE_SYS_TYPES_H 1
| #define HAVE_SYS_STAT_H 1
| #define HAVE_STDLIB_H 1
| #define HAVE_STRING_H 1
| #define HAVE_MEMORY_H 1
| #define HAVE_STRINGS_H 1
| #define HAVE_INTTYPES_H 1
| #define HAVE_STDINT_H 1
| #define HAVE_UNISTD_H 1
| #define __EXTENSIONS__ 1
| #define _ALL_SOURCE 1
| #define _DARWIN_C_SOURCE 1
| #define _GNU_SOURCE 1
| #define _NETBSD_SOURCE 1
| #define _OPENBSD_SOURCE 1
| #define _POSIX_PTHREAD_SEMANTICS 1
| #define __STDC_WANT_IEC_60559_ATTRIBS_EXT__ 1
| #define __STDC_WANT_IEC_60559_BFP_EXT__ 1
| #define __STDC_WANT_IEC_60559_DFP_EXT__ 1
| #define __STDC_WANT_IEC_60559_FUNCS_EXT__ 1
| #define __STDC_WANT_IEC_60559_TYPES_EXT__ 1
| #define __STDC_WANT_LIB_EXT2__ 1
| #define __STDC_WANT_MATH_SPEC_FUNCS__ 1
| #define _TANDEM_SOURCE 1
| #define _HPUX_ALT_XOPEN_SOCKET_API 1
| #define HAVE_ALLOCA_H 1
| #define HAVE_ALLOCA 1
| #define HAVE_UNISTD_H 1
| #define HAVE_GETOPT_H 1
| #define HAVE_SYS_CDEFS_H 1
| #define HAVE_LIMITS_H 1
| #define HAVE_SYS_MMAN_H 1
| #define HAVE_WCHAR_H 1
| #define HAVE_STDINT_H 1
| #define HAVE_SYS_SOCKET_H 1
| #define HAVE_FEATURES_H 1
| #define HAVE_SYMLINK 1
| #define HAVE_MPROTECT 1
| #define HAVE_STRERROR_R 1
| #define HAVE___XPG_STRERROR_R 1
| #define HAVE_CATGETS 1
| #define HAVE_SNPRINTF 1
| #define HAVE_STRNDUP 1
| #define HAVE_WORKING_O_NOATIME 1
| #define HAVE_WORKING_O_NOFOLLOW 1
| /* end confdefs.h.  */
| #include <stdio.h>
| #ifdef HAVE_SYS_TYPES_H
| # include <sys/types.h>
| #endif
| #ifdef HAVE_SYS_STAT_H
| # include <sys/stat.h>
| #endif
| #ifdef STDC_HEADERS
| # include <stdlib.h>
| # include <stddef.h>
| #else
| # ifdef HAVE_STDLIB_H
| #  include <stdlib.h>
| # endif
| #endif
| #ifdef HAVE_STRING_H
| # if !defined STDC_HEADERS && defined HAVE_MEMORY_H
| #  include <memory.h>
| # endif
| # include <string.h>
| #endif
| #ifdef HAVE_STRINGS_H
| # include <strings.h>
| #endif
| #ifdef HAVE_INTTYPES_H
| # include <inttypes.h>
| #endif
| #ifdef HAVE_STDINT_H
| # include <stdint.h>
| #endif
| #ifdef HAVE_UNISTD_H
| # include <unistd.h>
| #endif
| int
| main ()
| {
| if (sizeof ((pid_t)))
| 	    return 0;
|   ;
|   return 0;
| }
configure:9138: result: yes
configure:9149: checking for mode_t
configure:9149: gcc -c -g -O2 -fdebug-prefix-map=/<<PKGBUILDDIR>>=. -fstack-protector-strong -Wformat -Werror=format-security -Wdate-time -D_FORTIFY_SOURCE=2 conftest.c >&5
configure:9149: $? = 0
configure:9149: gcc -c -g -O2 -fdebug-prefix-map=/<<PKGBUILDDIR>>=. -fstack-protector-strong -Wformat -Werror=format-security -Wdate-time -D_FORTIFY_SOURCE=2 conftest.c >&5
conftest.c:93:21: error: expected expression
if (sizeof ((mode_t)))
                    ^
1 error generated.
configure:9149: $? = 1
configure: failed program was:
| /* confdefs.h */
| #define PACKAGE_NAME "ttfautohint"
| #define PACKAGE_TARNAME "ttfautohint"
| #define PACKAGE_VERSION "1.8.3"
| #define PACKAGE_STRING "ttfautohint 1.8.3"
| #define PACKAGE_BUGREPORT "freetype-devel@nongnu.org"
| #define PACKAGE_URL ""
| #define PACKAGE "ttfautohint"
| #define VERSION "1.8.3"
| #define STDC_HEADERS 1
| #define HAVE_SYS_TYPES_H 1
| #define HAVE_SYS_STAT_H 1
| #define HAVE_STDLIB_H 1
| #define HAVE_STRING_H 1
| #define HAVE_MEMORY_H 1
| #define HAVE_STRINGS_H 1
| #define HAVE_INTTYPES_H 1
| #define HAVE_STDINT_H 1
| #define HAVE_UNISTD_H 1
| #define __EXTENSIONS__ 1
| #define _ALL_SOURCE 1
| #define _DARWIN_C_SOURCE 1
| #define _GNU_SOURCE 1
| #define _NETBSD_SOURCE 1
| #define _OPENBSD_SOURCE 1
| #define _POSIX_PTHREAD_SEMANTICS 1
| #define __STDC_WANT_IEC_60559_ATTRIBS_EXT__ 1
| #define __STDC_WANT_IEC_60559_BFP_EXT__ 1
| #define __STDC_WANT_IEC_60559_DFP_EXT__ 1
| #define __STDC_WANT_IEC_60559_FUNCS_EXT__ 1
| #define __STDC_WANT_IEC_60559_TYPES_EXT__ 1
| #define __STDC_WANT_LIB_EXT2__ 1
| #define __STDC_WANT_MATH_SPEC_FUNCS__ 1
| #define _TANDEM_SOURCE 1
| #define _HPUX_ALT_XOPEN_SOCKET_API 1
| #define HAVE_ALLOCA_H 1
| #define HAVE_ALLOCA 1
| #define HAVE_UNISTD_H 1
| #define HAVE_GETOPT_H 1
| #define HAVE_SYS_CDEFS_H 1
| #define HAVE_LIMITS_H 1
| #define HAVE_SYS_MMAN_H 1
| #define HAVE_WCHAR_H 1
| #define HAVE_STDINT_H 1
| #define HAVE_SYS_SOCKET_H 1
| #define HAVE_FEATURES_H 1
| #define HAVE_SYMLINK 1
| #define HAVE_MPROTECT 1
| #define HAVE_STRERROR_R 1
| #define HAVE___XPG_STRERROR_R 1
| #define HAVE_CATGETS 1
| #define HAVE_SNPRINTF 1
| #define HAVE_STRNDUP 1
| #define HAVE_WORKING_O_NOATIME 1
| #define HAVE_WORKING_O_NOFOLLOW 1
| /* end confdefs.h.  */
| #include <stdio.h>
| #ifdef HAVE_SYS_TYPES_H
| # include <sys/types.h>
| #endif
| #ifdef HAVE_SYS_STAT_H
| # include <sys/stat.h>
| #endif
| #ifdef STDC_HEADERS
| # include <stdlib.h>
| # include <stddef.h>
| #else
| # ifdef HAVE_STDLIB_H
| #  include <stdlib.h>
| # endif
| #endif
| #ifdef HAVE_STRING_H
| # if !defined STDC_HEADERS && defined HAVE_MEMORY_H
| #  include <memory.h>
| # endif
| # include <string.h>
| #endif
| #ifdef HAVE_STRINGS_H
| # include <strings.h>
| #endif
| #ifdef HAVE_INTTYPES_H
| # include <inttypes.h>
| #endif
| #ifdef HAVE_STDINT_H
| # include <stdint.h>
| #endif
| #ifdef HAVE_UNISTD_H
| # include <unistd.h>
| #endif
| int
| main ()
| {
| if (sizeof ((mode_t)))
| 	    return 0;
|   ;
|   return 0;
| }
configure:9149: result: yes
configure:9390: checking for getopt.h
configure:9390: result: yes
configure:9407: checking for getopt_long_only
configure:9407: gcc -o conftest -g -O2 -fdebug-prefix-map=/<<PKGBUILDDIR>>=. -fstack-protector-strong -Wformat -Werror=format-security -Wdate-time -D_FORTIFY_SOURCE=2 -Wl,-z,relro -Wl,-z,now conftest.c  >&5
configure:9407: $? = 0
configure:9407: result: yes
configure:9421: checking whether getopt is POSIX compatible
configure:9463: gcc -o conftest -g -O2 -fdebug-prefix-map=/<<PKGBUILDDIR>>=. -fstack-protector-strong -Wformat -Werror=format-security -Wdate-time -D_FORTIFY_SOURCE=2 -Wl,-z,relro -Wl,-z,now conftest.c  >&5
configure:9463: $? = 0
configure:9463: ./conftest
configure:9463: $? = 0
configure:9522: gcc -o conftest -g -O2 -fdebug-prefix-map=/<<PKGBUILDDIR>>=. -fstack-protector-strong -Wformat -Werror=format-security -Wdate-time -D_FORTIFY_SOURCE=2 -Wl,-z,relro -Wl,-z,now conftest.c  >&5
configure:9522: $? = 0
configure:9522: ./conftest
configure:9522: $? = 0
configure:9564: gcc -o conftest -g -O2 -fdebug-prefix-map=/<<PKGBUILDDIR>>=. -fstack-protector-strong -Wformat -Werror=format-security -Wdate-time -D_FORTIFY_SOURCE=2 -Wl,-z,relro -Wl,-z,now conftest.c  >&5
configure:9564: $? = 0
configure:9564: ./conftest
program: option requires an argument -- 'b'
configure:9564: $? = 0
configure:9582: result: yes
configure:9590: checking for working GNU getopt function
configure:9812: gcc -o conftest -g -O2 -fdebug-prefix-map=/<<PKGBUILDDIR>>=. -fstack-protector-strong -Wformat -Werror=format-security -Wdate-time -D_FORTIFY_SOURCE=2 -Wl,-z,relro -Wl,-z,now conftest.c  >&5
configure:9812: $? = 0
configure:9812: ./conftest
configure:9812: $? = 0
configure:9828: result: yes
configure:9833: checking for working GNU getopt_long function
configure:9878: gcc -o conftest -g -O2 -fdebug-prefix-map=/<<PKGBUILDDIR>>=. -fstack-protector-strong -Wformat -Werror=format-security -Wdate-time -D_FORTIFY_SOURCE=2 -Wl,-z,relro -Wl,-z,now conftest.c  >&5
configure:9878: $? = 0
configure:9878: ./conftest
configure:9878: $? = 0
configure:9889: result: yes
configure:9982: checking whether limits.h has LLONG_MAX, WORD_BIT, ULLONG_WIDTH etc.
configure:10005: gcc -c -g -O2 -fdebug-prefix-map=/<<PKGBUILDDIR>>=. -fstack-protector-strong -Wformat -Werror=format-security -Wdate-time -D_FORTIFY_SOURCE=2 conftest.c >&5
configure:10005: $? = 0
configure:10012: result: yes
configure:10071: checking for ld used by gcc
configure:10196: result: /usr/bin/ld
configure:10203: checking if the linker (/usr/bin/ld) is GNU ld
configure:10218: result: yes
configure:10225: checking for shared library run path origin
configure:10238: result: done
configure:10259: checking 32-bit host C ABI
configure:10297: gcc -c -g -O2 -fdebug-prefix-map=/<<PKGBUILDDIR>>=. -fstack-protector-strong -Wformat -Werror=format-security -Wdate-time -D_FORTIFY_SOURCE=2 conftest.c >&5
configure:10297: $? = 0
configure:10484: result: no
configure:10521: checking for the common suffixes of directories in the library search path
configure:10572: result: lib64,lib64
configure:10586: checking whether imported symbols can be declared weak
configure:10604: gcc -o conftest -g -O2 -fdebug-prefix-map=/<<PKGBUILDDIR>>=. -fstack-protector-strong -Wformat -Werror=format-security -Wdate-time -D_FORTIFY_SOURCE=2 -Wl,-z,relro -Wl,-z,now conftest.c  >&5
configure:10604: $? = 0
configure:10638: gcc -o conftest -g -O2 -fdebug-prefix-map=/<<PKGBUILDDIR>>=. -fstack-protector-strong -Wformat -Werror=format-security -Wdate-time -D_FORTIFY_SOURCE=2 -Wl,-z,relro -Wl,-z,now conftest.c  >&5
configure:10638: $? = 0
configure:10638: ./conftest
configure:10638: $? = 0
configure:10653: result: yes
configure:10658: checking pthread.h usability
configure:10658: gcc -c -g -O2 -fdebug-prefix-map=/<<PKGBUILDDIR>>=. -fstack-protector-strong -Wformat -Werror=format-security -Wdate-time -D_FORTIFY_SOURCE=2 conftest.c >&5
configure:10658: $? = 0
configure:10658: result: yes
configure:10658: checking pthread.h presence
configure:10658: gcc -E -Wdate-time -D_FORTIFY_SOURCE=2 conftest.c
configure:10658: $? = 0
configure:10658: result: yes
configure:10658: checking for pthread.h
configure:10658: result: yes
configure:10696: gcc -o conftest -g -O2 -fdebug-prefix-map=/<<PKGBUILDDIR>>=. -fstack-protector-strong -Wformat -Werror=format-security -Wdate-time -D_FORTIFY_SOURCE=2 -Wl,-z,relro -Wl,-z,now conftest.c   >&5
/usr/bin/ld: /tmp/conftest-cde45e.o: in function `main':
./conftest.c:67: undefined reference to `pthread_mutexattr_init'
clang: error: linker command failed with exit code 1 (use -v to see invocation)
configure:10696: $? = 1
configure: failed program was:
| /* confdefs.h */
| #define PACKAGE_NAME "ttfautohint"
| #define PACKAGE_TARNAME "ttfautohint"
| #define PACKAGE_VERSION "1.8.3"
| #define PACKAGE_STRING "ttfautohint 1.8.3"
| #define PACKAGE_BUGREPORT "freetype-devel@nongnu.org"
| #define PACKAGE_URL ""
| #define PACKAGE "ttfautohint"
| #define VERSION "1.8.3"
| #define STDC_HEADERS 1
| #define HAVE_SYS_TYPES_H 1
| #define HAVE_SYS_STAT_H 1
| #define HAVE_STDLIB_H 1
| #define HAVE_STRING_H 1
| #define HAVE_MEMORY_H 1
| #define HAVE_STRINGS_H 1
| #define HAVE_INTTYPES_H 1
| #define HAVE_STDINT_H 1
| #define HAVE_UNISTD_H 1
| #define __EXTENSIONS__ 1
| #define _ALL_SOURCE 1
| #define _DARWIN_C_SOURCE 1
| #define _GNU_SOURCE 1
| #define _NETBSD_SOURCE 1
| #define _OPENBSD_SOURCE 1
| #define _POSIX_PTHREAD_SEMANTICS 1
| #define __STDC_WANT_IEC_60559_ATTRIBS_EXT__ 1
| #define __STDC_WANT_IEC_60559_BFP_EXT__ 1
| #define __STDC_WANT_IEC_60559_DFP_EXT__ 1
| #define __STDC_WANT_IEC_60559_FUNCS_EXT__ 1
| #define __STDC_WANT_IEC_60559_TYPES_EXT__ 1
| #define __STDC_WANT_LIB_EXT2__ 1
| #define __STDC_WANT_MATH_SPEC_FUNCS__ 1
| #define _TANDEM_SOURCE 1
| #define _HPUX_ALT_XOPEN_SOCKET_API 1
| #define HAVE_ALLOCA_H 1
| #define HAVE_ALLOCA 1
| #define HAVE_UNISTD_H 1
| #define HAVE_GETOPT_H 1
| #define HAVE_SYS_CDEFS_H 1
| #define HAVE_LIMITS_H 1
| #define HAVE_SYS_MMAN_H 1
| #define HAVE_WCHAR_H 1
| #define HAVE_STDINT_H 1
| #define HAVE_SYS_SOCKET_H 1
| #define HAVE_FEATURES_H 1
| #define HAVE_SYMLINK 1
| #define HAVE_MPROTECT 1
| #define HAVE_STRERROR_R 1
| #define HAVE___XPG_STRERROR_R 1
| #define HAVE_CATGETS 1
| #define HAVE_SNPRINTF 1
| #define HAVE_STRNDUP 1
| #define HAVE_WORKING_O_NOATIME 1
| #define HAVE_WORKING_O_NOFOLLOW 1
| #define HAVE_GETOPT_H 1
| #define HAVE_GETOPT_LONG_ONLY 1
| /* end confdefs.h.  */
| #include <pthread.h>
|                  pthread_mutex_t m;
|                  pthread_mutexattr_t ma;
| 
| int
| main ()
| {
| pthread_mutex_lock (&m);
|                  pthread_mutexattr_init (&ma);
|   ;
|   return 0;
| }
configure:10696: gcc -o conftest -g -O2 -fdebug-prefix-map=/<<PKGBUILDDIR>>=. -fstack-protector-strong -Wformat -Werror=format-security -Wdate-time -D_FORTIFY_SOURCE=2 -Wl,-z,relro -Wl,-z,now conftest.c  -pthread >&5
configure:10696: $? = 0
configure:11489: checking for multithread API to use
configure:11491: result: posix
configure:11597: checking whether malloc, realloc, calloc are POSIX compliant
configure:11617: gcc -c -g -O2 -fdebug-prefix-map=/<<PKGBUILDDIR>>=. -fstack-protector-strong -Wformat -Werror=format-security -Wdate-time -D_FORTIFY_SOURCE=2 conftest.c >&5
configure:11617: $? = 0
configure:11625: result: yes
configure:11717: checking for mmap
configure:11717: gcc -o conftest -g -O2 -fdebug-prefix-map=/<<PKGBUILDDIR>>=. -fstack-protector-strong -Wformat -Werror=format-security -Wdate-time -D_FORTIFY_SOURCE=2 -Wl,-z,relro -Wl,-z,now conftest.c  >&5
configure:11717: $? = 0
configure:11717: result: yes
configure:11728: checking for MAP_ANONYMOUS
configure:11765: result: yes
configure:11789: checking whether memchr works
configure:11869: gcc -o conftest -g -O2 -fdebug-prefix-map=/<<PKGBUILDDIR>>=. -fstack-protector-strong -Wformat -Werror=format-security -Wdate-time -D_FORTIFY_SOURCE=2 -Wl,-z,relro -Wl,-z,now conftest.c  >&5
configure:11869: $? = 0
configure:11869: ./conftest
configure:11869: $? = 0
configure:11880: result: yes
configure:11888: checking whether memmem is declared
configure:11888: gcc -c -g -O2 -fdebug-prefix-map=/<<PKGBUILDDIR>>=. -fstack-protector-strong -Wformat -Werror=format-security -Wdate-time -D_FORTIFY_SOURCE=2 conftest.c >&5
configure:11888: $? = 0
configure:11888: result: yes
configure:11926: gcc -c -g -O2 -fdebug-prefix-map=/<<PKGBUILDDIR>>=. -fstack-protector-strong -Wformat -Werror=format-security -Wdate-time -D_FORTIFY_SOURCE=2 conftest.c >&5
conftest.c:64:10: error: unknown type name 'not'
         not a universal capable compiler
         ^
conftest.c:64:15: error: expected ';' after top level declarator
         not a universal capable compiler
              ^
              ;
2 errors generated.
configure:11926: $? = 1
configure: failed program was:
| /* confdefs.h */
| #define PACKAGE_NAME "ttfautohint"
| #define PACKAGE_TARNAME "ttfautohint"
| #define PACKAGE_VERSION "1.8.3"
| #define PACKAGE_STRING "ttfautohint 1.8.3"
| #define PACKAGE_BUGREPORT "freetype-devel@nongnu.org"
| #define PACKAGE_URL ""
| #define PACKAGE "ttfautohint"
| #define VERSION "1.8.3"
| #define STDC_HEADERS 1
| #define HAVE_SYS_TYPES_H 1
| #define HAVE_SYS_STAT_H 1
| #define HAVE_STDLIB_H 1
| #define HAVE_STRING_H 1
| #define HAVE_MEMORY_H 1
| #define HAVE_STRINGS_H 1
| #define HAVE_INTTYPES_H 1
| #define HAVE_STDINT_H 1
| #define HAVE_UNISTD_H 1
| #define __EXTENSIONS__ 1
| #define _ALL_SOURCE 1
| #define _DARWIN_C_SOURCE 1
| #define _GNU_SOURCE 1
| #define _NETBSD_SOURCE 1
| #define _OPENBSD_SOURCE 1
| #define _POSIX_PTHREAD_SEMANTICS 1
| #define __STDC_WANT_IEC_60559_ATTRIBS_EXT__ 1
| #define __STDC_WANT_IEC_60559_BFP_EXT__ 1
| #define __STDC_WANT_IEC_60559_DFP_EXT__ 1
| #define __STDC_WANT_IEC_60559_FUNCS_EXT__ 1
| #define __STDC_WANT_IEC_60559_TYPES_EXT__ 1
| #define __STDC_WANT_LIB_EXT2__ 1
| #define __STDC_WANT_MATH_SPEC_FUNCS__ 1
| #define _TANDEM_SOURCE 1
| #define _HPUX_ALT_XOPEN_SOCKET_API 1
| #define HAVE_ALLOCA_H 1
| #define HAVE_ALLOCA 1
| #define HAVE_UNISTD_H 1
| #define HAVE_GETOPT_H 1
| #define HAVE_SYS_CDEFS_H 1
| #define HAVE_LIMITS_H 1
| #define HAVE_SYS_MMAN_H 1
| #define HAVE_WCHAR_H 1
| #define HAVE_STDINT_H 1
| #define HAVE_SYS_SOCKET_H 1
| #define HAVE_FEATURES_H 1
| #define HAVE_SYMLINK 1
| #define HAVE_MPROTECT 1
| #define HAVE_STRERROR_R 1
| #define HAVE___XPG_STRERROR_R 1
| #define HAVE_CATGETS 1
| #define HAVE_SNPRINTF 1
| #define HAVE_STRNDUP 1
| #define HAVE_WORKING_O_NOATIME 1
| #define HAVE_WORKING_O_NOFOLLOW 1
| #define HAVE_GETOPT_H 1
| #define HAVE_GETOPT_LONG_ONLY 1
| #define USE_POSIX_THREADS 1
| #define USE_POSIX_THREADS_WEAK 1
| #define HAVE_MAP_ANONYMOUS 1
| #define HAVE_DECL_MEMMEM 1
| /* end confdefs.h.  */
| #ifndef __APPLE_CC__
|          not a universal capable compiler
|         #endif
|         typedef int dummy;
| 
configure:11958: checking for stdbool.h that conforms to C99
configure:12033: gcc -c -g -O2 -fdebug-prefix-map=/<<PKGBUILDDIR>>=. -fstack-protector-strong -Wformat -Werror=format-security -Wdate-time -D_FORTIFY_SOURCE=2 conftest.c >&5
conftest.c:120:24: warning: address of 's' will always evaluate to 'true' [-Wpointer-bool-conversion]
             bool e = &s;
                  ~    ^
conftest.c:124:23: warning: address of array 'a' will always evaluate to 'true' [-Wpointer-bool-conversion]
             return (!a + !b + !c + !d + !e + !f + !g + !h + !i + !!j + !k + !!l
                     ~^
conftest.c:124:28: warning: address of array 'b' will always evaluate to 'true' [-Wpointer-bool-conversion]
             return (!a + !b + !c + !d + !e + !f + !g + !h + !i + !!j + !k + !!l
                          ~^
conftest.c:124:33: warning: address of array 'c' will always evaluate to 'true' [-Wpointer-bool-conversion]
             return (!a + !b + !c + !d + !e + !f + !g + !h + !i + !!j + !k + !!l
                               ~^
conftest.c:124:38: warning: address of array 'd' will always evaluate to 'true' [-Wpointer-bool-conversion]
             return (!a + !b + !c + !d + !e + !f + !g + !h + !i + !!j + !k + !!l
                                    ~^
conftest.c:124:48: warning: address of array 'f' will always evaluate to 'true' [-Wpointer-bool-conversion]
             return (!a + !b + !c + !d + !e + !f + !g + !h + !i + !!j + !k + !!l
                                              ~^
conftest.c:124:53: warning: address of array 'g' will always evaluate to 'true' [-Wpointer-bool-conversion]
             return (!a + !b + !c + !d + !e + !f + !g + !h + !i + !!j + !k + !!l
                                                   ~^
conftest.c:124:58: warning: address of array 'h' will always evaluate to 'true' [-Wpointer-bool-conversion]
             return (!a + !b + !c + !d + !e + !f + !g + !h + !i + !!j + !k + !!l
                                                        ~^
conftest.c:124:63: warning: address of array 'i' will always evaluate to 'true' [-Wpointer-bool-conversion]
             return (!a + !b + !c + !d + !e + !f + !g + !h + !i + !!j + !k + !!l
                                                             ~^
conftest.c:125:30: warning: address of array 'n' will always evaluate to 'true' [-Wpointer-bool-conversion]
                            ~^
conftest.c:125:35: warning: address of array 'o' will always evaluate to 'true' [-Wpointer-bool-conversion]
                                 ~^
conftest.c:125:40: warning: address of array 'p' will always evaluate to 'true' [-Wpointer-bool-conversion]
                                      ~^
12 warnings generated.
configure:12033: $? = 0
configure:12040: result: yes
configure:12042: checking for _Bool
configure:12042: gcc -c -g -O2 -fdebug-prefix-map=/<<PKGBUILDDIR>>=. -fstack-protector-strong -Wformat -Werror=format-security -Wdate-time -D_FORTIFY_SOURCE=2 conftest.c >&5
configure:12042: $? = 0
configure:12042: gcc -c -g -O2 -fdebug-prefix-map=/<<PKGBUILDDIR>>=. -fstack-protector-strong -Wformat -Werror=format-security -Wdate-time -D_FORTIFY_SOURCE=2 conftest.c >&5
conftest.c:99:20: error: expected expression
if (sizeof ((_Bool)))
                   ^
1 error generated.
configure:12042: $? = 1
configure: failed program was:
| /* confdefs.h */
| #define PACKAGE_NAME "ttfautohint"
| #define PACKAGE_TARNAME "ttfautohint"
| #define PACKAGE_VERSION "1.8.3"
| #define PACKAGE_STRING "ttfautohint 1.8.3"
| #define PACKAGE_BUGREPORT "freetype-devel@nongnu.org"
| #define PACKAGE_URL ""
| #define PACKAGE "ttfautohint"
| #define VERSION "1.8.3"
| #define STDC_HEADERS 1
| #define HAVE_SYS_TYPES_H 1
| #define HAVE_SYS_STAT_H 1
| #define HAVE_STDLIB_H 1
| #define HAVE_STRING_H 1
| #define HAVE_MEMORY_H 1
| #define HAVE_STRINGS_H 1
| #define HAVE_INTTYPES_H 1
| #define HAVE_STDINT_H 1
| #define HAVE_UNISTD_H 1
| #define __EXTENSIONS__ 1
| #define _ALL_SOURCE 1
| #define _DARWIN_C_SOURCE 1
| #define _GNU_SOURCE 1
| #define _NETBSD_SOURCE 1
| #define _OPENBSD_SOURCE 1
| #define _POSIX_PTHREAD_SEMANTICS 1
| #define __STDC_WANT_IEC_60559_ATTRIBS_EXT__ 1
| #define __STDC_WANT_IEC_60559_BFP_EXT__ 1
| #define __STDC_WANT_IEC_60559_DFP_EXT__ 1
| #define __STDC_WANT_IEC_60559_FUNCS_EXT__ 1
| #define __STDC_WANT_IEC_60559_TYPES_EXT__ 1
| #define __STDC_WANT_LIB_EXT2__ 1
| #define __STDC_WANT_MATH_SPEC_FUNCS__ 1
| #define _TANDEM_SOURCE 1
| #define _HPUX_ALT_XOPEN_SOCKET_API 1
| #define HAVE_ALLOCA_H 1
| #define HAVE_ALLOCA 1
| #define HAVE_UNISTD_H 1
| #define HAVE_GETOPT_H 1
| #define HAVE_SYS_CDEFS_H 1
| #define HAVE_LIMITS_H 1
| #define HAVE_SYS_MMAN_H 1
| #define HAVE_WCHAR_H 1
| #define HAVE_STDINT_H 1
| #define HAVE_SYS_SOCKET_H 1
| #define HAVE_FEATURES_H 1
| #define HAVE_SYMLINK 1
| #define HAVE_MPROTECT 1
| #define HAVE_STRERROR_R 1
| #define HAVE___XPG_STRERROR_R 1
| #define HAVE_CATGETS 1
| #define HAVE_SNPRINTF 1
| #define HAVE_STRNDUP 1
| #define HAVE_WORKING_O_NOATIME 1
| #define HAVE_WORKING_O_NOFOLLOW 1
| #define HAVE_GETOPT_H 1
| #define HAVE_GETOPT_LONG_ONLY 1
| #define USE_POSIX_THREADS 1
| #define USE_POSIX_THREADS_WEAK 1
| #define HAVE_MAP_ANONYMOUS 1
| #define HAVE_DECL_MEMMEM 1
| /* end confdefs.h.  */
| #include <stdio.h>
| #ifdef HAVE_SYS_TYPES_H
| # include <sys/types.h>
| #endif
| #ifdef HAVE_SYS_STAT_H
| # include <sys/stat.h>
| #endif
| #ifdef STDC_HEADERS
| # include <stdlib.h>
| # include <stddef.h>
| #else
| # ifdef HAVE_STDLIB_H
| #  include <stdlib.h>
| # endif
| #endif
| #ifdef HAVE_STRING_H
| # if !defined STDC_HEADERS && defined HAVE_MEMORY_H
| #  include <memory.h>
| # endif
| # include <string.h>
| #endif
| #ifdef HAVE_STRINGS_H
| # include <strings.h>
| #endif
| #ifdef HAVE_INTTYPES_H
| # include <inttypes.h>
| #endif
| #ifdef HAVE_STDINT_H
| # include <stdint.h>
| #endif
| #ifdef HAVE_UNISTD_H
| # include <unistd.h>
| #endif
| int
| main ()
| {
| if (sizeof ((_Bool)))
| 	    return 0;
|   ;
|   return 0;
| }
configure:12042: result: yes
configure:12059: checking for wchar_t
configure:12076: gcc -c -g -O2 -fdebug-prefix-map=/<<PKGBUILDDIR>>=. -fstack-protector-strong -Wformat -Werror=format-security -Wdate-time -D_FORTIFY_SOURCE=2 conftest.c >&5
configure:12076: $? = 0
configure:12083: result: yes
configure:12092: checking for wint_t
configure:12117: gcc -c -g -O2 -fdebug-prefix-map=/<<PKGBUILDDIR>>=. -fstack-protector-strong -Wformat -Werror=format-security -Wdate-time -D_FORTIFY_SOURCE=2 conftest.c >&5
configure:12117: $? = 0
configure:12124: result: yes
configure:12131: checking whether wint_t is too small
configure:12159: gcc -c -g -O2 -fdebug-prefix-map=/<<PKGBUILDDIR>>=. -fstack-protector-strong -Wformat -Werror=format-security -Wdate-time -D_FORTIFY_SOURCE=2 conftest.c >&5
configure:12159: $? = 0
configure:12166: result: no
configure:12179: checking for unsigned long long int
configure:12218: gcc -o conftest -g -O2 -fdebug-prefix-map=/<<PKGBUILDDIR>>=. -fstack-protector-strong -Wformat -Werror=format-security -Wdate-time -D_FORTIFY_SOURCE=2 -Wl,-z,relro -Wl,-z,now conftest.c  >&5
configure:12218: $? = 0
configure:12227: result: yes
configure:12237: checking for long long int
configure:12275: gcc -o conftest -g -O2 -fdebug-prefix-map=/<<PKGBUILDDIR>>=. -fstack-protector-strong -Wformat -Werror=format-security -Wdate-time -D_FORTIFY_SOURCE=2 -Wl,-z,relro -Wl,-z,now conftest.c  >&5
configure:12275: $? = 0
configure:12275: ./conftest
configure:12275: $? = 0
configure:12287: result: yes
configure:12427: checking whether stdint.h conforms to C99
configure:12607: gcc -c -g -O2 -fdebug-prefix-map=/<<PKGBUILDDIR>>=. -fstack-protector-strong -Wformat -Werror=format-security -Wdate-time -D_FORTIFY_SOURCE=2 conftest.c >&5
configure:12607: $? = 0
configure:12694: gcc -o conftest -g -O2 -fdebug-prefix-map=/<<PKGBUILDDIR>>=. -fstack-protector-strong -Wformat -Werror=format-security -Wdate-time -D_FORTIFY_SOURCE=2 -Wl,-z,relro -Wl,-z,now conftest.c  >&5
configure:12694: $? = 0
configure:12694: ./conftest
configure:12694: $? = 0
configure:12706: result: yes
configure:12717: checking whether stdint.h predates C++11
configure:12753: gcc -c -g -O2 -fdebug-prefix-map=/<<PKGBUILDDIR>>=. -fstack-protector-strong -Wformat -Werror=format-security -Wdate-time -D_FORTIFY_SOURCE=2 conftest.c >&5
configure:12753: $? = 0
configure:12758: result: no
configure:12769: checking whether stdint.h has UINTMAX_WIDTH etc.
configure:12805: gcc -c -g -O2 -fdebug-prefix-map=/<<PKGBUILDDIR>>=. -fstack-protector-strong -Wformat -Werror=format-security -Wdate-time -D_FORTIFY_SOURCE=2 conftest.c >&5
configure:12805: $? = 0
configure:12810: result: yes
configure:13269: checking whether strerror(0) succeeds
configure:13308: gcc -o conftest -g -O2 -fdebug-prefix-map=/<<PKGBUILDDIR>>=. -fstack-protector-strong -Wformat -Werror=format-security -Wdate-time -D_FORTIFY_SOURCE=2 -Wl,-z,relro -Wl,-z,now conftest.c  >&5
configure:13308: $? = 0
configure:13308: ./conftest
configure:13308: $? = 0
configure:13319: result: yes
configure:13344: checking for strerror_r with POSIX signature
configure:13362: gcc -c -g -O2 -fdebug-prefix-map=/<<PKGBUILDDIR>>=. -fstack-protector-strong -Wformat -Werror=format-security -Wdate-time -D_FORTIFY_SOURCE=2 conftest.c >&5
conftest.c:69:21: error: conflicting types for 'strerror_r'
                int strerror_r (int, char *, size_t);
                    ^
/usr/include/string.h:421:14: note: previous declaration is here
extern char *strerror_r (int __errnum, char *__buf, size_t __buflen)
             ^
1 error generated.
configure:13362: $? = 1
configure: failed program was:
| /* confdefs.h */
| #define PACKAGE_NAME "ttfautohint"
| #define PACKAGE_TARNAME "ttfautohint"
| #define PACKAGE_VERSION "1.8.3"
| #define PACKAGE_STRING "ttfautohint 1.8.3"
| #define PACKAGE_BUGREPORT "freetype-devel@nongnu.org"
| #define PACKAGE_URL ""
| #define PACKAGE "ttfautohint"
| #define VERSION "1.8.3"
| #define STDC_HEADERS 1
| #define HAVE_SYS_TYPES_H 1
| #define HAVE_SYS_STAT_H 1
| #define HAVE_STDLIB_H 1
| #define HAVE_STRING_H 1
| #define HAVE_MEMORY_H 1
| #define HAVE_STRINGS_H 1
| #define HAVE_INTTYPES_H 1
| #define HAVE_STDINT_H 1
| #define HAVE_UNISTD_H 1
| #define __EXTENSIONS__ 1
| #define _ALL_SOURCE 1
| #define _DARWIN_C_SOURCE 1
| #define _GNU_SOURCE 1
| #define _NETBSD_SOURCE 1
| #define _OPENBSD_SOURCE 1
| #define _POSIX_PTHREAD_SEMANTICS 1
| #define __STDC_WANT_IEC_60559_ATTRIBS_EXT__ 1
| #define __STDC_WANT_IEC_60559_BFP_EXT__ 1
| #define __STDC_WANT_IEC_60559_DFP_EXT__ 1
| #define __STDC_WANT_IEC_60559_FUNCS_EXT__ 1
| #define __STDC_WANT_IEC_60559_TYPES_EXT__ 1
| #define __STDC_WANT_LIB_EXT2__ 1
| #define __STDC_WANT_MATH_SPEC_FUNCS__ 1
| #define _TANDEM_SOURCE 1
| #define _HPUX_ALT_XOPEN_SOCKET_API 1
| #define HAVE_ALLOCA_H 1
| #define HAVE_ALLOCA 1
| #define HAVE_UNISTD_H 1
| #define HAVE_GETOPT_H 1
| #define HAVE_SYS_CDEFS_H 1
| #define HAVE_LIMITS_H 1
| #define HAVE_SYS_MMAN_H 1
| #define HAVE_WCHAR_H 1
| #define HAVE_STDINT_H 1
| #define HAVE_SYS_SOCKET_H 1
| #define HAVE_FEATURES_H 1
| #define HAVE_SYMLINK 1
| #define HAVE_MPROTECT 1
| #define HAVE_STRERROR_R 1
| #define HAVE___XPG_STRERROR_R 1
| #define HAVE_CATGETS 1
| #define HAVE_SNPRINTF 1
| #define HAVE_STRNDUP 1
| #define HAVE_WORKING_O_NOATIME 1
| #define HAVE_WORKING_O_NOFOLLOW 1
| #define HAVE_GETOPT_H 1
| #define HAVE_GETOPT_LONG_ONLY 1
| #define USE_POSIX_THREADS 1
| #define USE_POSIX_THREADS_WEAK 1
| #define HAVE_MAP_ANONYMOUS 1
| #define HAVE_DECL_MEMMEM 1
| #define HAVE__BOOL 1
| #define HAVE_WCHAR_T 1
| #define HAVE_WINT_T 1
| #define HAVE_UNSIGNED_LONG_LONG_INT 1
| #define HAVE_LONG_LONG_INT 1
| /* end confdefs.h.  */
| #include <string.h>
|                 int strerror_r (int, char *, size_t);
| 
| int
| main ()
| {
| 
|   ;
|   return 0;
| }
configure:13370: result: no
configure:13444: checking whether __xpg_strerror_r works
configure:13484: gcc -o conftest -g -O2 -fdebug-prefix-map=/<<PKGBUILDDIR>>=. -fstack-protector-strong -Wformat -Werror=format-security -Wdate-time -D_FORTIFY_SOURCE=2 -Wl,-z,relro -Wl,-z,now conftest.c  >&5
configure:13484: $? = 0
configure:13484: ./conftest
configure:13484: $? = 0
configure:13495: result: yes
configure:13502: checking whether strerror_r is declared
configure:13502: gcc -c -g -O2 -fdebug-prefix-map=/<<PKGBUILDDIR>>=. -fstack-protector-strong -Wformat -Werror=format-security -Wdate-time -D_FORTIFY_SOURCE=2 conftest.c >&5
configure:13502: $? = 0
configure:13502: result: yes
configure:13517: checking for C/C++ restrict keyword
configure:13544: gcc -c -g -O2 -fdebug-prefix-map=/<<PKGBUILDDIR>>=. -fstack-protector-strong -Wformat -Werror=format-security -Wdate-time -D_FORTIFY_SOURCE=2 conftest.c >&5
configure:13544: $? = 0
configure:13552: result: __restrict
configure:13644: checking whether strndup is declared
configure:13644: gcc -c -g -O2 -fdebug-prefix-map=/<<PKGBUILDDIR>>=. -fstack-protector-strong -Wformat -Werror=format-security -Wdate-time -D_FORTIFY_SOURCE=2 conftest.c >&5
configure:13644: $? = 0
configure:13644: result: yes
configure:13657: checking whether strnlen is declared
configure:13657: gcc -c -g -O2 -fdebug-prefix-map=/<<PKGBUILDDIR>>=. -fstack-protector-strong -Wformat -Werror=format-security -Wdate-time -D_FORTIFY_SOURCE=2 conftest.c >&5
configure:13657: $? = 0
configure:13657: result: yes
configure:13668: checking whether strtok_r is declared
configure:13668: gcc -c -g -O2 -fdebug-prefix-map=/<<PKGBUILDDIR>>=. -fstack-protector-strong -Wformat -Werror=format-security -Wdate-time -D_FORTIFY_SOURCE=2 conftest.c >&5
configure:13668: $? = 0
configure:13668: result: yes
configure:13790: checking for inttypes.h
configure:13809: gcc -c -g -O2 -fdebug-prefix-map=/<<PKGBUILDDIR>>=. -fstack-protector-strong -Wformat -Werror=format-security -Wdate-time -D_FORTIFY_SOURCE=2 conftest.c >&5
configure:13809: $? = 0
configure:13816: result: yes
configure:13827: checking for stdint.h
configure:13844: gcc -c -g -O2 -fdebug-prefix-map=/<<PKGBUILDDIR>>=. -fstack-protector-strong -Wformat -Werror=format-security -Wdate-time -D_FORTIFY_SOURCE=2 conftest.c >&5
configure:13844: $? = 0
configure:13851: result: yes
configure:13864: checking for intmax_t
configure:13889: gcc -c -g -O2 -fdebug-prefix-map=/<<PKGBUILDDIR>>=. -fstack-protector-strong -Wformat -Werror=format-security -Wdate-time -D_FORTIFY_SOURCE=2 conftest.c >&5
configure:13889: $? = 0
configure:13896: result: yes
configure:13915: checking where to find the exponent in a 'double'
configure:14229: gcc -o conftest -g -O2 -fdebug-prefix-map=/<<PKGBUILDDIR>>=. -fstack-protector-strong -Wformat -Werror=format-security -Wdate-time -D_FORTIFY_SOURCE=2 -Wl,-z,relro -Wl,-z,now conftest.c  >&5
configure:14229: $? = 0
configure:14229: ./conftest
configure:14229: $? = 0
configure:14241: result: word 1 bit 20
configure:14266: checking whether snprintf returns a byte count as in C99
configure:14357: gcc -o conftest -g -O2 -fdebug-prefix-map=/<<PKGBUILDDIR>>=. -fstack-protector-strong -Wformat -Werror=format-security -Wdate-time -D_FORTIFY_SOURCE=2 -Wl,-z,relro -Wl,-z,now conftest.c  >&5
configure:14357: $? = 0
configure:14357: ./conftest
configure:14357: $? = 0
configure:14368: result: yes
configure:14379: checking for snprintf
configure:14379: result: yes
configure:14379: checking for strnlen
configure:14379: gcc -o conftest -g -O2 -fdebug-prefix-map=/<<PKGBUILDDIR>>=. -fstack-protector-strong -Wformat -Werror=format-security -Wdate-time -D_FORTIFY_SOURCE=2 -Wl,-z,relro -Wl,-z,now conftest.c  >&5
configure:14379: $? = 0
configure:14379: result: yes
configure:14379: checking for wcslen
configure:14379: gcc -o conftest -g -O2 -fdebug-prefix-map=/<<PKGBUILDDIR>>=. -fstack-protector-strong -Wformat -Werror=format-security -Wdate-time -D_FORTIFY_SOURCE=2 -Wl,-z,relro -Wl,-z,now conftest.c  >&5
conftest.c:104:6: warning: incompatible redeclaration of library function 'wcslen' [-Wincompatible-library-redeclaration]
char wcslen ();
     ^
conftest.c:104:6: note: 'wcslen' is a builtin with type 'unsigned long (const int *)'
1 warning generated.
configure:14379: $? = 0
configure:14379: result: yes
configure:14379: checking for wcsnlen
configure:14379: gcc -o conftest -g -O2 -fdebug-prefix-map=/<<PKGBUILDDIR>>=. -fstack-protector-strong -Wformat -Werror=format-security -Wdate-time -D_FORTIFY_SOURCE=2 -Wl,-z,relro -Wl,-z,now conftest.c  >&5
configure:14379: $? = 0
configure:14379: result: yes
configure:14379: checking for mbrtowc
configure:14379: gcc -o conftest -g -O2 -fdebug-prefix-map=/<<PKGBUILDDIR>>=. -fstack-protector-strong -Wformat -Werror=format-security -Wdate-time -D_FORTIFY_SOURCE=2 -Wl,-z,relro -Wl,-z,now conftest.c  >&5
configure:14379: $? = 0
configure:14379: result: yes
configure:14379: checking for wcrtomb
configure:14379: gcc -o conftest -g -O2 -fdebug-prefix-map=/<<PKGBUILDDIR>>=. -fstack-protector-strong -Wformat -Werror=format-security -Wdate-time -D_FORTIFY_SOURCE=2 -Wl,-z,relro -Wl,-z,now conftest.c  >&5
configure:14379: $? = 0
configure:14379: result: yes
configure:14388: checking whether _snprintf is declared
configure:14388: gcc -c -g -O2 -fdebug-prefix-map=/<<PKGBUILDDIR>>=. -fstack-protector-strong -Wformat -Werror=format-security -Wdate-time -D_FORTIFY_SOURCE=2 conftest.c >&5
conftest.c:94:10: error: use of undeclared identifier '_snprintf'
  (void) _snprintf;
         ^
1 error generated.
configure:14388: $? = 1
configure: failed program was:
| /* confdefs.h */
| #define PACKAGE_NAME "ttfautohint"
| #define PACKAGE_TARNAME "ttfautohint"
| #define PACKAGE_VERSION "1.8.3"
| #define PACKAGE_STRING "ttfautohint 1.8.3"
| #define PACKAGE_BUGREPORT "freetype-devel@nongnu.org"
| #define PACKAGE_URL ""
| #define PACKAGE "ttfautohint"
| #define VERSION "1.8.3"
| #define STDC_HEADERS 1
| #define HAVE_SYS_TYPES_H 1
| #define HAVE_SYS_STAT_H 1
| #define HAVE_STDLIB_H 1
| #define HAVE_STRING_H 1
| #define HAVE_MEMORY_H 1
| #define HAVE_STRINGS_H 1
| #define HAVE_INTTYPES_H 1
| #define HAVE_STDINT_H 1
| #define HAVE_UNISTD_H 1
| #define __EXTENSIONS__ 1
| #define _ALL_SOURCE 1
| #define _DARWIN_C_SOURCE 1
| #define _GNU_SOURCE 1
| #define _NETBSD_SOURCE 1
| #define _OPENBSD_SOURCE 1
| #define _POSIX_PTHREAD_SEMANTICS 1
| #define __STDC_WANT_IEC_60559_ATTRIBS_EXT__ 1
| #define __STDC_WANT_IEC_60559_BFP_EXT__ 1
| #define __STDC_WANT_IEC_60559_DFP_EXT__ 1
| #define __STDC_WANT_IEC_60559_FUNCS_EXT__ 1
| #define __STDC_WANT_IEC_60559_TYPES_EXT__ 1
| #define __STDC_WANT_LIB_EXT2__ 1
| #define __STDC_WANT_MATH_SPEC_FUNCS__ 1
| #define _TANDEM_SOURCE 1
| #define _HPUX_ALT_XOPEN_SOCKET_API 1
| #define HAVE_ALLOCA_H 1
| #define HAVE_ALLOCA 1
| #define HAVE_UNISTD_H 1
| #define HAVE_GETOPT_H 1
| #define HAVE_SYS_CDEFS_H 1
| #define HAVE_LIMITS_H 1
| #define HAVE_SYS_MMAN_H 1
| #define HAVE_WCHAR_H 1
| #define HAVE_STDINT_H 1
| #define HAVE_SYS_SOCKET_H 1
| #define HAVE_FEATURES_H 1
| #define HAVE_SYMLINK 1
| #define HAVE_MPROTECT 1
| #define HAVE_STRERROR_R 1
| #define HAVE___XPG_STRERROR_R 1
| #define HAVE_CATGETS 1
| #define HAVE_SNPRINTF 1
| #define HAVE_STRNDUP 1
| #define HAVE_WORKING_O_NOATIME 1
| #define HAVE_WORKING_O_NOFOLLOW 1
| #define HAVE_GETOPT_H 1
| #define HAVE_GETOPT_LONG_ONLY 1
| #define USE_POSIX_THREADS 1
| #define USE_POSIX_THREADS_WEAK 1
| #define HAVE_MAP_ANONYMOUS 1
| #define HAVE_DECL_MEMMEM 1
| #define HAVE__BOOL 1
| #define HAVE_WCHAR_T 1
| #define HAVE_WINT_T 1
| #define HAVE_UNSIGNED_LONG_LONG_INT 1
| #define HAVE_LONG_LONG_INT 1
| #define HAVE_DECL_STRERROR_R 1
| #define restrict __restrict
| #define HAVE_DECL_STRNDUP 1
| #define HAVE_DECL_STRNLEN 1
| #define HAVE_DECL_STRTOK_R 1
| #define _USE_STD_STAT 1
| #define HAVE_INTTYPES_H_WITH_UINTMAX 1
| #define HAVE_STDINT_H_WITH_UINTMAX 1
| #define HAVE_INTMAX_T 1
| #define DBL_EXPBIT0_WORD 1
| #define DBL_EXPBIT0_BIT 20
| #define HAVE_SNPRINTF 1
| #define HAVE_STRNLEN 1
| #define HAVE_WCSLEN 1
| #define HAVE_WCSNLEN 1
| #define HAVE_MBRTOWC 1
| #define HAVE_WCRTOMB 1
| /* end confdefs.h.  */
| #include <stdio.h>
| 
| int
| main ()
| {
| #ifndef _snprintf
| #ifdef __cplusplus
|   (void) _snprintf;
| #else
|   (void) _snprintf;
| #endif
| #endif
| 
|   ;
|   return 0;
| }
configure:14388: result: no
configure:14510: checking whether <wchar.h> uses 'inline' correctly
configure:14535: gcc -c -g -O2 -fdebug-prefix-map=/<<PKGBUILDDIR>>=. -fstack-protector-strong -Wformat -Werror=format-security -Wdate-time -D_FORTIFY_SOURCE=2 conftest1.c >&5
configure:14538: $? = 0
configure:14557: gcc -c -g -O2 -fdebug-prefix-map=/<<PKGBUILDDIR>>=. -fstack-protector-strong -Wformat -Werror=format-security -Wdate-time -D_FORTIFY_SOURCE=2 conftest2.c >&5
configure:14560: $? = 0
configure:14573: result: yes
configure:14627: checking for alloca as a compiler built-in
configure:14651: result: yes
configure:14682: checking for __builtin_expect
configure:14697: gcc -o conftest -g -O2 -fdebug-prefix-map=/<<PKGBUILDDIR>>=. -fstack-protector-strong -Wformat -Werror=format-security -Wdate-time -D_FORTIFY_SOURCE=2 -Wl,-z,relro -Wl,-z,now conftest.c  >&5
configure:14697: $? = 0
configure:14722: result: yes
configure:14739: checking whether // is distinct from /
configure:14768: result: no
configure:14913: checking whether conversion from 'int' to 'long double' works
configure:14957: gcc -o conftest -g -O2 -fdebug-prefix-map=/<<PKGBUILDDIR>>=. -fstack-protector-strong -Wformat -Werror=format-security -Wdate-time -D_FORTIFY_SOURCE=2 -Wl,-z,relro -Wl,-z,now conftest.c  >&5
configure:14957: $? = 0
configure:14957: ./conftest
configure:14957: $? = 0
configure:14968: result: yes
configure:15186: checking for pthread_rwlock_t
configure:15186: gcc -c -g -O2 -fdebug-prefix-map=/<<PKGBUILDDIR>>=. -fstack-protector-strong -Wformat -Werror=format-security -Wdate-time -D_FORTIFY_SOURCE=2 conftest.c >&5
configure:15186: $? = 0
configure:15186: gcc -c -g -O2 -fdebug-prefix-map=/<<PKGBUILDDIR>>=. -fstack-protector-strong -Wformat -Werror=format-security -Wdate-time -D_FORTIFY_SOURCE=2 conftest.c >&5
conftest.c:95:31: error: expected expression
if (sizeof ((pthread_rwlock_t)))
                              ^
1 error generated.
configure:15186: $? = 1
configure: failed program was:
| /* confdefs.h */
| #define PACKAGE_NAME "ttfautohint"
| #define PACKAGE_TARNAME "ttfautohint"
| #define PACKAGE_VERSION "1.8.3"
| #define PACKAGE_STRING "ttfautohint 1.8.3"
| #define PACKAGE_BUGREPORT "freetype-devel@nongnu.org"
| #define PACKAGE_URL ""
| #define PACKAGE "ttfautohint"
| #define VERSION "1.8.3"
| #define STDC_HEADERS 1
| #define HAVE_SYS_TYPES_H 1
| #define HAVE_SYS_STAT_H 1
| #define HAVE_STDLIB_H 1
| #define HAVE_STRING_H 1
| #define HAVE_MEMORY_H 1
| #define HAVE_STRINGS_H 1
| #define HAVE_INTTYPES_H 1
| #define HAVE_STDINT_H 1
| #define HAVE_UNISTD_H 1
| #define __EXTENSIONS__ 1
| #define _ALL_SOURCE 1
| #define _DARWIN_C_SOURCE 1
| #define _GNU_SOURCE 1
| #define _NETBSD_SOURCE 1
| #define _OPENBSD_SOURCE 1
| #define _POSIX_PTHREAD_SEMANTICS 1
| #define __STDC_WANT_IEC_60559_ATTRIBS_EXT__ 1
| #define __STDC_WANT_IEC_60559_BFP_EXT__ 1
| #define __STDC_WANT_IEC_60559_DFP_EXT__ 1
| #define __STDC_WANT_IEC_60559_FUNCS_EXT__ 1
| #define __STDC_WANT_IEC_60559_TYPES_EXT__ 1
| #define __STDC_WANT_LIB_EXT2__ 1
| #define __STDC_WANT_MATH_SPEC_FUNCS__ 1
| #define _TANDEM_SOURCE 1
| #define _HPUX_ALT_XOPEN_SOCKET_API 1
| #define HAVE_ALLOCA_H 1
| #define HAVE_ALLOCA 1
| #define HAVE_UNISTD_H 1
| #define HAVE_GETOPT_H 1
| #define HAVE_SYS_CDEFS_H 1
| #define HAVE_LIMITS_H 1
| #define HAVE_SYS_MMAN_H 1
| #define HAVE_WCHAR_H 1
| #define HAVE_STDINT_H 1
| #define HAVE_SYS_SOCKET_H 1
| #define HAVE_FEATURES_H 1
| #define HAVE_SYMLINK 1
| #define HAVE_MPROTECT 1
| #define HAVE_STRERROR_R 1
| #define HAVE___XPG_STRERROR_R 1
| #define HAVE_CATGETS 1
| #define HAVE_SNPRINTF 1
| #define HAVE_STRNDUP 1
| #define HAVE_WORKING_O_NOATIME 1
| #define HAVE_WORKING_O_NOFOLLOW 1
| #define HAVE_GETOPT_H 1
| #define HAVE_GETOPT_LONG_ONLY 1
| #define USE_POSIX_THREADS 1
| #define USE_POSIX_THREADS_WEAK 1
| #define HAVE_MAP_ANONYMOUS 1
| #define HAVE_DECL_MEMMEM 1
| #define HAVE__BOOL 1
| #define HAVE_WCHAR_T 1
| #define HAVE_WINT_T 1
| #define HAVE_UNSIGNED_LONG_LONG_INT 1
| #define HAVE_LONG_LONG_INT 1
| #define HAVE_DECL_STRERROR_R 1
| #define restrict __restrict
| #define HAVE_DECL_STRNDUP 1
| #define HAVE_DECL_STRNLEN 1
| #define HAVE_DECL_STRTOK_R 1
| #define _USE_STD_STAT 1
| #define HAVE_INTTYPES_H_WITH_UINTMAX 1
| #define HAVE_STDINT_H_WITH_UINTMAX 1
| #define HAVE_INTMAX_T 1
| #define DBL_EXPBIT0_WORD 1
| #define DBL_EXPBIT0_BIT 20
| #define HAVE_SNPRINTF 1
| #define HAVE_STRNLEN 1
| #define HAVE_WCSLEN 1
| #define HAVE_WCSNLEN 1
| #define HAVE_MBRTOWC 1
| #define HAVE_WCRTOMB 1
| #define HAVE_DECL__SNPRINTF 0
| #define HAVE_SNPRINTF_RETVAL_C99 1
| #define HAVE_ALLOCA 1
| #define HAVE___BUILTIN_EXPECT 1
| #define GNULIB_TEST_ISATTY 1
| /* end confdefs.h.  */
| #include <pthread.h>
| 
| int
| main ()
| {
| if (sizeof ((pthread_rwlock_t)))
| 	    return 0;
|   ;
|   return 0;
| }
configure:15186: result: yes
configure:15198: checking whether pthread_rwlock_rdlock prefers a writer to a reader
configure:15323: gcc -o conftest -g -O2 -fdebug-prefix-map=/<<PKGBUILDDIR>>=. -fstack-protector-strong -Wformat -Werror=format-security -Wdate-time -D_FORTIFY_SOURCE=2 -Wl,-z,relro -Wl,-z,now conftest.c  -pthread >&5
configure:15323: $? = 0
configure:15323: ./conftest
configure:15323: $? = 1
configure: program exited with status 1
configure: failed program was:
| /* confdefs.h */
| #define PACKAGE_NAME "ttfautohint"
| #define PACKAGE_TARNAME "ttfautohint"
| #define PACKAGE_VERSION "1.8.3"
| #define PACKAGE_STRING "ttfautohint 1.8.3"
| #define PACKAGE_BUGREPORT "freetype-devel@nongnu.org"
| #define PACKAGE_URL ""
| #define PACKAGE "ttfautohint"
| #define VERSION "1.8.3"
| #define STDC_HEADERS 1
| #define HAVE_SYS_TYPES_H 1
| #define HAVE_SYS_STAT_H 1
| #define HAVE_STDLIB_H 1
| #define HAVE_STRING_H 1
| #define HAVE_MEMORY_H 1
| #define HAVE_STRINGS_H 1
| #define HAVE_INTTYPES_H 1
| #define HAVE_STDINT_H 1
| #define HAVE_UNISTD_H 1
| #define __EXTENSIONS__ 1
| #define _ALL_SOURCE 1
| #define _DARWIN_C_SOURCE 1
| #define _GNU_SOURCE 1
| #define _NETBSD_SOURCE 1
| #define _OPENBSD_SOURCE 1
| #define _POSIX_PTHREAD_SEMANTICS 1
| #define __STDC_WANT_IEC_60559_ATTRIBS_EXT__ 1
| #define __STDC_WANT_IEC_60559_BFP_EXT__ 1
| #define __STDC_WANT_IEC_60559_DFP_EXT__ 1
| #define __STDC_WANT_IEC_60559_FUNCS_EXT__ 1
| #define __STDC_WANT_IEC_60559_TYPES_EXT__ 1
| #define __STDC_WANT_LIB_EXT2__ 1
| #define __STDC_WANT_MATH_SPEC_FUNCS__ 1
| #define _TANDEM_SOURCE 1
| #define _HPUX_ALT_XOPEN_SOCKET_API 1
| #define HAVE_ALLOCA_H 1
| #define HAVE_ALLOCA 1
| #define HAVE_UNISTD_H 1
| #define HAVE_GETOPT_H 1
| #define HAVE_SYS_CDEFS_H 1
| #define HAVE_LIMITS_H 1
| #define HAVE_SYS_MMAN_H 1
| #define HAVE_WCHAR_H 1
| #define HAVE_STDINT_H 1
| #define HAVE_SYS_SOCKET_H 1
| #define HAVE_FEATURES_H 1
| #define HAVE_SYMLINK 1
| #define HAVE_MPROTECT 1
| #define HAVE_STRERROR_R 1
| #define HAVE___XPG_STRERROR_R 1
| #define HAVE_CATGETS 1
| #define HAVE_SNPRINTF 1
| #define HAVE_STRNDUP 1
| #define HAVE_WORKING_O_NOATIME 1
| #define HAVE_WORKING_O_NOFOLLOW 1
| #define HAVE_GETOPT_H 1
| #define HAVE_GETOPT_LONG_ONLY 1
| #define USE_POSIX_THREADS 1
| #define USE_POSIX_THREADS_WEAK 1
| #define HAVE_MAP_ANONYMOUS 1
| #define HAVE_DECL_MEMMEM 1
| #define HAVE__BOOL 1
| #define HAVE_WCHAR_T 1
| #define HAVE_WINT_T 1
| #define HAVE_UNSIGNED_LONG_LONG_INT 1
| #define HAVE_LONG_LONG_INT 1
| #define HAVE_DECL_STRERROR_R 1
| #define restrict __restrict
| #define HAVE_DECL_STRNDUP 1
| #define HAVE_DECL_STRNLEN 1
| #define HAVE_DECL_STRTOK_R 1
| #define _USE_STD_STAT 1
| #define HAVE_INTTYPES_H_WITH_UINTMAX 1
| #define HAVE_STDINT_H_WITH_UINTMAX 1
| #define HAVE_INTMAX_T 1
| #define DBL_EXPBIT0_WORD 1
| #define DBL_EXPBIT0_BIT 20
| #define HAVE_SNPRINTF 1
| #define HAVE_STRNLEN 1
| #define HAVE_WCSLEN 1
| #define HAVE_WCSNLEN 1
| #define HAVE_MBRTOWC 1
| #define HAVE_WCRTOMB 1
| #define HAVE_DECL__SNPRINTF 0
| #define HAVE_SNPRINTF_RETVAL_C99 1
| #define HAVE_ALLOCA 1
| #define HAVE___BUILTIN_EXPECT 1
| #define GNULIB_TEST_ISATTY 1
| #define HAVE_PTHREAD_RWLOCK 1
| /* end confdefs.h.  */
| 
| #include <errno.h>
| #include <pthread.h>
| #include <stdlib.h>
| #include <unistd.h>
| 
| #define SUCCEED() exit (0)
| #define FAILURE() exit (1)
| #define UNEXPECTED(n) (exit (10 + (n)))
| 
| /* The main thread creates the waiting writer and the requesting reader threads
|    in the default way; this guarantees that they have the same priority.
|    We can reuse the main thread as first reader thread.  */
| 
| static pthread_rwlock_t lock;
| static pthread_t reader1;
| static pthread_t writer;
| static pthread_t reader2;
| static pthread_t timer;
| /* Used to pass control from writer to reader2 and from reader2 to timer,
|    as in a relay race.
|    Passing control from one running thread to another running thread
|    is most likely faster than to create the second thread.  */
| static pthread_mutex_t baton;
| 
| static void *
| timer_func (void *ignored)
| {
|   /* Step 13 (can be before or after step 12):
|      The timer thread takes the baton, then waits a moment to make sure
|      it can tell whether the second reader thread is blocked at step 12.  */
|   if (pthread_mutex_lock (&baton))
|     UNEXPECTED (13);
|   usleep (100000);
|   /* By the time we get here, it's clear that the second reader thread is
|      blocked at step 12.  This is the desired behaviour.  */
|   SUCCEED ();
| }
| 
| static void *
| reader2_func (void *ignored)
| {
|   int err;
| 
|   /* Step 8 (can be before or after step 7):
|      The second reader thread takes the baton, then waits a moment to make sure
|      the writer thread has reached step 7.  */
|   if (pthread_mutex_lock (&baton))
|     UNEXPECTED (8);
|   usleep (100000);
|   /* Step 9: The second reader thread requests the lock.  */
|   err = pthread_rwlock_tryrdlock (&lock);
|   if (err == 0)
|     FAILURE ();
|   else if (err != EBUSY)
|     UNEXPECTED (9);
|   /* Step 10: Launch a timer, to test whether the next call blocks.  */
|   if (pthread_create (&timer, NULL, timer_func, NULL))
|     UNEXPECTED (10);
|   /* Step 11: Release the baton.  */
|   if (pthread_mutex_unlock (&baton))
|     UNEXPECTED (11);
|   /* Step 12: The second reader thread requests the lock.  */
|   err = pthread_rwlock_rdlock (&lock);
|   if (err == 0)
|     FAILURE ();
|   else
|     UNEXPECTED (12);
| }
| 
| static void *
| writer_func (void *ignored)
| {
|   /* Step 4: Take the baton, so that the second reader thread does not go ahead
|      too early.  */
|   if (pthread_mutex_lock (&baton))
|     UNEXPECTED (4);
|   /* Step 5: Create the second reader thread.  */
|   if (pthread_create (&reader2, NULL, reader2_func, NULL))
|     UNEXPECTED (5);
|   /* Step 6: Release the baton.  */
|   if (pthread_mutex_unlock (&baton))
|     UNEXPECTED (6);
|   /* Step 7: The writer thread requests the lock.  */
|   if (pthread_rwlock_wrlock (&lock))
|     UNEXPECTED (7);
|   return NULL;
| }
| 
| int
| main ()
| {
|   reader1 = pthread_self ();
| 
|   /* Step 1: The main thread initializes the lock and the baton.  */
|   if (pthread_rwlock_init (&lock, NULL))
|     UNEXPECTED (1);
|   if (pthread_mutex_init (&baton, NULL))
|     UNEXPECTED (1);
|   /* Step 2: The main thread acquires the lock as a reader.  */
|   if (pthread_rwlock_rdlock (&lock))
|     UNEXPECTED (2);
|   /* Step 3: Create the writer thread.  */
|   if (pthread_create (&writer, NULL, writer_func, NULL))
|     UNEXPECTED (3);
|   /* Job done.  Go to sleep.  */
|   for (;;)
|     {
|       sleep (1);
|     }
| }
| 
configure:15335: result: no
configure:15369: gcc -c -g -O2 -fdebug-prefix-map=/<<PKGBUILDDIR>>=. -fstack-protector-strong -Wformat -Werror=format-security -Wdate-time -D_FORTIFY_SOURCE=2 conftest.c >&5
configure:15369: $? = 0
configure:15471: checking for memmem
configure:15471: gcc -o conftest -g -O2 -fdebug-prefix-map=/<<PKGBUILDDIR>>=. -fstack-protector-strong -Wformat -Werror=format-security -Wdate-time -D_FORTIFY_SOURCE=2 -Wl,-z,relro -Wl,-z,now conftest.c  >&5
configure:15471: $? = 0
configure:15471: result: yes
configure:15489: checking whether memmem works
configure:15553: gcc -o conftest -g -O2 -fdebug-prefix-map=/<<PKGBUILDDIR>>=. -fstack-protector-strong -Wformat -Werror=format-security -Wdate-time -D_FORTIFY_SOURCE=2 -Wl,-z,relro -Wl,-z,now conftest.c  >&5
conftest.c:113:39: warning: null passed to a callee that requires a non-null argument [-Wnonnull]
      if (memmem (haystack, 3, NULL, 0) != haystack)
                               ~~~~   ^
1 warning generated.
configure:15553: $? = 0
configure:15553: ./conftest
configure:15553: $? = 0
configure:15564: result: yes
configure:15639: checking for stdint.h
configure:15639: result: yes
configure:15649: checking for SIZE_MAX
configure:15720: result: yes
configure:15732: checking for ssize_t
configure:15749: gcc -c -g -O2 -fdebug-prefix-map=/<<PKGBUILDDIR>>=. -fstack-protector-strong -Wformat -Werror=format-security -Wdate-time -D_FORTIFY_SOURCE=2 conftest.c >&5
configure:15749: $? = 0
configure:15756: result: yes
configure:15767: checking for va_copy
configure:15787: gcc -c -g -O2 -fdebug-prefix-map=/<<PKGBUILDDIR>>=. -fstack-protector-strong -Wformat -Werror=format-security -Wdate-time -D_FORTIFY_SOURCE=2 conftest.c >&5
configure:15787: $? = 0
configure:15795: result: yes
configure:15978: checking for good max_align_t
configure:16000: gcc -c -g -O2 -fdebug-prefix-map=/<<PKGBUILDDIR>>=. -fstack-protector-strong -Wformat -Werror=format-security -Wdate-time -D_FORTIFY_SOURCE=2 conftest.c >&5
configure:16000: $? = 0
configure:16008: result: yes
configure:16020: checking whether NULL can be used in arbitrary expressions
configure:16038: gcc -c -g -O2 -fdebug-prefix-map=/<<PKGBUILDDIR>>=. -fstack-protector-strong -Wformat -Werror=format-security -Wdate-time -D_FORTIFY_SOURCE=2 conftest.c >&5
configure:16038: $? = 0
configure:16045: result: yes
configure:16213: checking which flavor of printf attribute matches inttypes macros
configure:16240: gcc -c -g -O2 -fdebug-prefix-map=/<<PKGBUILDDIR>>=. -fstack-protector-strong -Wformat -Werror=format-security -Wdate-time -D_FORTIFY_SOURCE=2 conftest.c >&5
configure:16240: $? = 0
configure:16247: result: system
configure:16494: checking for working strndup
configure:16535: gcc -o conftest -g -O2 -fdebug-prefix-map=/<<PKGBUILDDIR>>=. -fstack-protector-strong -Wformat -Werror=format-security -Wdate-time -D_FORTIFY_SOURCE=2 -Wl,-z,relro -Wl,-z,now conftest.c  >&5
configure:16535: $? = 0
configure:16535: ./conftest
configure:16535: $? = 0
configure:16545: result: yes
configure:16591: checking for working strnlen
configure:16629: gcc -o conftest -g -O2 -fdebug-prefix-map=/<<PKGBUILDDIR>>=. -fstack-protector-strong -Wformat -Werror=format-security -Wdate-time -D_FORTIFY_SOURCE=2 -Wl,-z,relro -Wl,-z,now conftest.c  >&5
configure:16629: $? = 0
configure:16629: ./conftest
configure:16629: $? = 0
configure:16639: result: yes
configure:16683: checking for strtok_r
configure:16683: gcc -o conftest -g -O2 -fdebug-prefix-map=/<<PKGBUILDDIR>>=. -fstack-protector-strong -Wformat -Werror=format-security -Wdate-time -D_FORTIFY_SOURCE=2 -Wl,-z,relro -Wl,-z,now conftest.c  >&5
configure:16683: $? = 0
configure:16683: result: yes
configure:16694: checking whether strtok_r works
configure:16735: gcc -o conftest -g -O2 -fdebug-prefix-map=/<<PKGBUILDDIR>>=. -fstack-protector-strong -Wformat -Werror=format-security -Wdate-time -D_FORTIFY_SOURCE=2 -Wl,-z,relro -Wl,-z,now conftest.c  >&5
configure:16735: $? = 0
configure:16735: ./conftest
configure:16735: $? = 0
configure:16746: result: yes
configure:16797: checking for strtoull
configure:16797: gcc -o conftest -g -O2 -fdebug-prefix-map=/<<PKGBUILDDIR>>=. -fstack-protector-strong -Wformat -Werror=format-security -Wdate-time -D_FORTIFY_SOURCE=2 -Wl,-z,relro -Wl,-z,now conftest.c  >&5
conftest.c:132:6: warning: incompatible redeclaration of library function 'strtoull' [-Wincompatible-library-redeclaration]
char strtoull ();
     ^
conftest.c:132:6: note: 'strtoull' is a builtin with type 'unsigned long long (const char *, char **, int)'
1 warning generated.
configure:16797: $? = 0
configure:16797: result: yes
configure:17004: checking for ptrdiff_t
configure:17004: gcc -c -g -O2 -fdebug-prefix-map=/<<PKGBUILDDIR>>=. -fstack-protector-strong -Wformat -Werror=format-security -Wdate-time -D_FORTIFY_SOURCE=2 conftest.c >&5
configure:17004: $? = 0
configure:17004: gcc -c -g -O2 -fdebug-prefix-map=/<<PKGBUILDDIR>>=. -fstack-protector-strong -Wformat -Werror=format-security -Wdate-time -D_FORTIFY_SOURCE=2 conftest.c >&5
conftest.c:147:24: error: expected expression
if (sizeof ((ptrdiff_t)))
                       ^
1 error generated.
configure:17004: $? = 1
configure: failed program was:
| /* confdefs.h */
| #define PACKAGE_NAME "ttfautohint"
| #define PACKAGE_TARNAME "ttfautohint"
| #define PACKAGE_VERSION "1.8.3"
| #define PACKAGE_STRING "ttfautohint 1.8.3"
| #define PACKAGE_BUGREPORT "freetype-devel@nongnu.org"
| #define PACKAGE_URL ""
| #define PACKAGE "ttfautohint"
| #define VERSION "1.8.3"
| #define STDC_HEADERS 1
| #define HAVE_SYS_TYPES_H 1
| #define HAVE_SYS_STAT_H 1
| #define HAVE_STDLIB_H 1
| #define HAVE_STRING_H 1
| #define HAVE_MEMORY_H 1
| #define HAVE_STRINGS_H 1
| #define HAVE_INTTYPES_H 1
| #define HAVE_STDINT_H 1
| #define HAVE_UNISTD_H 1
| #define __EXTENSIONS__ 1
| #define _ALL_SOURCE 1
| #define _DARWIN_C_SOURCE 1
| #define _GNU_SOURCE 1
| #define _NETBSD_SOURCE 1
| #define _OPENBSD_SOURCE 1
| #define _POSIX_PTHREAD_SEMANTICS 1
| #define __STDC_WANT_IEC_60559_ATTRIBS_EXT__ 1
| #define __STDC_WANT_IEC_60559_BFP_EXT__ 1
| #define __STDC_WANT_IEC_60559_DFP_EXT__ 1
| #define __STDC_WANT_IEC_60559_FUNCS_EXT__ 1
| #define __STDC_WANT_IEC_60559_TYPES_EXT__ 1
| #define __STDC_WANT_LIB_EXT2__ 1
| #define __STDC_WANT_MATH_SPEC_FUNCS__ 1
| #define _TANDEM_SOURCE 1
| #define _HPUX_ALT_XOPEN_SOCKET_API 1
| #define HAVE_ALLOCA_H 1
| #define HAVE_ALLOCA 1
| #define HAVE_UNISTD_H 1
| #define HAVE_GETOPT_H 1
| #define HAVE_SYS_CDEFS_H 1
| #define HAVE_LIMITS_H 1
| #define HAVE_SYS_MMAN_H 1
| #define HAVE_WCHAR_H 1
| #define HAVE_STDINT_H 1
| #define HAVE_SYS_SOCKET_H 1
| #define HAVE_FEATURES_H 1
| #define HAVE_SYMLINK 1
| #define HAVE_MPROTECT 1
| #define HAVE_STRERROR_R 1
| #define HAVE___XPG_STRERROR_R 1
| #define HAVE_CATGETS 1
| #define HAVE_SNPRINTF 1
| #define HAVE_STRNDUP 1
| #define HAVE_WORKING_O_NOATIME 1
| #define HAVE_WORKING_O_NOFOLLOW 1
| #define HAVE_GETOPT_H 1
| #define HAVE_GETOPT_LONG_ONLY 1
| #define USE_POSIX_THREADS 1
| #define USE_POSIX_THREADS_WEAK 1
| #define HAVE_MAP_ANONYMOUS 1
| #define HAVE_DECL_MEMMEM 1
| #define HAVE__BOOL 1
| #define HAVE_WCHAR_T 1
| #define HAVE_WINT_T 1
| #define HAVE_UNSIGNED_LONG_LONG_INT 1
| #define HAVE_LONG_LONG_INT 1
| #define HAVE_DECL_STRERROR_R 1
| #define restrict __restrict
| #define HAVE_DECL_STRNDUP 1
| #define HAVE_DECL_STRNLEN 1
| #define HAVE_DECL_STRTOK_R 1
| #define _USE_STD_STAT 1
| #define HAVE_INTTYPES_H_WITH_UINTMAX 1
| #define HAVE_STDINT_H_WITH_UINTMAX 1
| #define HAVE_INTMAX_T 1
| #define DBL_EXPBIT0_WORD 1
| #define DBL_EXPBIT0_BIT 20
| #define HAVE_SNPRINTF 1
| #define HAVE_STRNLEN 1
| #define HAVE_WCSLEN 1
| #define HAVE_WCSNLEN 1
| #define HAVE_MBRTOWC 1
| #define HAVE_WCRTOMB 1
| #define HAVE_DECL__SNPRINTF 0
| #define HAVE_SNPRINTF_RETVAL_C99 1
| #define HAVE_ALLOCA 1
| #define HAVE___BUILTIN_EXPECT 1
| #define GNULIB_TEST_ISATTY 1
| #define HAVE_PTHREAD_RWLOCK 1
| #define HAVE_PTHREAD_MUTEX_RECURSIVE 1
| #define GNULIB_LOCK 1
| #define HAVE_MALLOC_POSIX 1
| #define GNULIB_TEST_MALLOC_POSIX 1
| #define GNULIB_TEST_MEMCHR 1
| #define HAVE_MEMMEM 1
| #define GNULIB_TEST_MEMMEM 1
| #define GNULIB_MSVC_NOTHROW 1
| #define HAVE_STDINT_H 1
| #define __USE_MINGW_ANSI_STDIO 1
| #define GNULIB_FSCANF 1
| #define GNULIB_SCANF 1
| #define GNULIB_TEST_STRERROR_R 1
| #define GNULIB_STRERROR_R_POSIX 1
| #define GNULIB_TEST_STRNDUP 1
| #define GNULIB_TEST_STRNLEN 1
| #define HAVE_STRTOK_R 1
| #define GNULIB_TEST_STRTOK_R 1
| #define HAVE_STRTOULL 1
| #define GNULIB_TEST_STRTOULL 1
| /* end confdefs.h.  */
| #include <stdio.h>
| #ifdef HAVE_SYS_TYPES_H
| # include <sys/types.h>
| #endif
| #ifdef HAVE_SYS_STAT_H
| # include <sys/stat.h>
| #endif
| #ifdef STDC_HEADERS
| # include <stdlib.h>
| # include <stddef.h>
| #else
| # ifdef HAVE_STDLIB_H
| #  include <stdlib.h>
| # endif
| #endif
| #ifdef HAVE_STRING_H
| # if !defined STDC_HEADERS && defined HAVE_MEMORY_H
| #  include <memory.h>
| # endif
| # include <string.h>
| #endif
| #ifdef HAVE_STRINGS_H
| # include <strings.h>
| #endif
| #ifdef HAVE_INTTYPES_H
| # include <inttypes.h>
| #endif
| #ifdef HAVE_STDINT_H
| # include <stdint.h>
| #endif
| #ifdef HAVE_UNISTD_H
| # include <unistd.h>
| #endif
| int
| main ()
| {
| if (sizeof ((ptrdiff_t)))
| 	    return 0;
|   ;
|   return 0;
| }
configure:17004: result: yes
configure:17025: checking for vasprintf
configure:17025: gcc -o conftest -g -O2 -fdebug-prefix-map=/<<PKGBUILDDIR>>=. -fstack-protector-strong -Wformat -Werror=format-security -Wdate-time -D_FORTIFY_SOURCE=2 -Wl,-z,relro -Wl,-z,now conftest.c  >&5
conftest.c:145:19: warning: format string missing [-Wformat]
return vasprintf ();
       ~~~~~~~~~  ^
1 warning generated.
configure:17025: $? = 0
configure:17025: result: yes
configure:17203: checking for stdint.h
configure:17203: result: yes
configure:17252: checking for HARFBUZZ
configure:17259: $PKG_CONFIG --exists --print-errors "harfbuzz >= 1.3.0"
configure:17262: $? = 0
configure:17276: $PKG_CONFIG --exists --print-errors "harfbuzz >= 1.3.0"
configure:17279: $? = 0
configure:17337: result: yes
configure: this is autotroll.m4 serial 15
configure:17426: checking for qmake
configure:17445: found /usr/bin/qmake
configure:17457: result: /usr/bin/qmake
configure:17538: checking for moc
configure:17557: found /usr/bin/moc
configure:17569: result: /usr/bin/moc
configure:17650: checking for uic
configure:17669: found /usr/bin/uic
configure:17681: result: /usr/bin/uic
configure:17762: checking for rcc
configure:17781: found /usr/bin/rcc
configure:17793: result: /usr/bin/rcc
configure:17824: checking whether host operating system is Darwin
configure:17833: result: no
configure:17836: checking whether QMAKESPEC environment variable is set
configure:17844: result: no
configure:17957: Invoking /usr/bin/qmake on conftest.dir.pro
| ######################################################################
| # Automatically generated by qmake (3.1) Tue Feb 25 17:44:05 2020
| ######################################################################
| 
| TEMPLATE = app
| TARGET = conftest.dir
| INCLUDEPATH += .
| 
| # The following define makes your compiler warn you if you use any
| # feature of Qt which has been marked as deprecated (the exact warnings
| # depend on your compiler). Please consult the documentation of the
| # deprecated API in order to know how to port your code away from it.
| DEFINES += QT_DEPRECATED_WARNINGS
| 
| # You can also make your code fail to compile if you use deprecated APIs.
| # In order to do so, uncomment the following line.
| # You can also select to disable deprecated APIs only up to a certain version of Qt.
| #DEFINES += QT_DISABLE_DEPRECATED_BEFORE=0x060000    # disables all the APIs deprecated before Qt 6.0.0
| 
| # Input
| HEADERS += conftest.h
| SOURCES += conftest.cpp
| QT += widgets
| QTPLUGIN.imageformats = -
configure:17964: error: Calling /usr/bin/qmake  failed.

## ---------------- ##
## Cache variables. ##
## ---------------- ##

ac_cv_build=x86_64-pc-linux-gnu
ac_cv_c_compiler_gnu=yes
ac_cv_c_inline=inline
ac_cv_c_restrict=__restrict
ac_cv_cxx_compiler_gnu=yes
ac_cv_env_CCC_set=
ac_cv_env_CCC_value=
ac_cv_env_CC_set=
ac_cv_env_CC_value=
ac_cv_env_CFLAGS_set=set
ac_cv_env_CFLAGS_value='-g -O2 -fdebug-prefix-map=/<<PKGBUILDDIR>>=. -fstack-protector-strong -Wformat -Werror=format-security'
ac_cv_env_CPPFLAGS_set=set
ac_cv_env_CPPFLAGS_value='-Wdate-time -D_FORTIFY_SOURCE=2'
ac_cv_env_CPP_set=
ac_cv_env_CPP_value=
ac_cv_env_CXXCPP_set=
ac_cv_env_CXXCPP_value=
ac_cv_env_CXXFLAGS_set=set
ac_cv_env_CXXFLAGS_value='-g -O2 -fdebug-prefix-map=/<<PKGBUILDDIR>>=. -fstack-protector-strong -Wformat -Werror=format-security'
ac_cv_env_CXX_set=
ac_cv_env_CXX_value=
ac_cv_env_FREETYPE_CFLAGS_set=
ac_cv_env_FREETYPE_CFLAGS_value=
ac_cv_env_FREETYPE_LIBS_set=
ac_cv_env_FREETYPE_LIBS_value=
ac_cv_env_HARFBUZZ_CFLAGS_set=
ac_cv_env_HARFBUZZ_CFLAGS_value=
ac_cv_env_HARFBUZZ_LIBS_set=
ac_cv_env_HARFBUZZ_LIBS_value=
ac_cv_env_LDFLAGS_set=set
ac_cv_env_LDFLAGS_value='-Wl,-z,relro -Wl,-z,now'
ac_cv_env_LIBS_set=
ac_cv_env_LIBS_value=
ac_cv_env_LT_SYS_LIBRARY_PATH_set=
ac_cv_env_LT_SYS_LIBRARY_PATH_value=
ac_cv_env_MOC_set=
ac_cv_env_MOC_value=
ac_cv_env_PKG_CONFIG_LIBDIR_set=
ac_cv_env_PKG_CONFIG_LIBDIR_value=
ac_cv_env_PKG_CONFIG_PATH_set=
ac_cv_env_PKG_CONFIG_PATH_value=
ac_cv_env_PKG_CONFIG_set=
ac_cv_env_PKG_CONFIG_value=
ac_cv_env_QMAKE_set=
ac_cv_env_QMAKE_value=
ac_cv_env_QT_PATH_set=
ac_cv_env_QT_PATH_value=
ac_cv_env_RCC_set=
ac_cv_env_RCC_value=
ac_cv_env_UIC_set=
ac_cv_env_UIC_value=
ac_cv_env_build_alias_set=set
ac_cv_env_build_alias_value=x86_64-linux-gnu
ac_cv_env_host_alias_set=
ac_cv_env_host_alias_value=
ac_cv_env_target_alias_set=
ac_cv_env_target_alias_value=
ac_cv_func___xpg_strerror_r=yes
ac_cv_func__set_invalid_parameter_handler=no
ac_cv_func_alloca_works=yes
ac_cv_func_catgets=yes
ac_cv_func_getopt_long_only=yes
ac_cv_func_mbrtowc=yes
ac_cv_func_memmem=yes
ac_cv_func_mmap=yes
ac_cv_func_mprotect=yes
ac_cv_func_snprintf=yes
ac_cv_func_strerror_r=yes
ac_cv_func_strndup=yes
ac_cv_func_strnlen=yes
ac_cv_func_strnlen_working=yes
ac_cv_func_strtok_r=yes
ac_cv_func_strtoull=yes
ac_cv_func_symlink=yes
ac_cv_func_vasnprintf=no
ac_cv_func_vasprintf=yes
ac_cv_func_wcrtomb=yes
ac_cv_func_wcslen=yes
ac_cv_func_wcsnlen=yes
ac_cv_have_decl__snprintf=no
ac_cv_have_decl_memmem=yes
ac_cv_have_decl_strerror_r=yes
ac_cv_have_decl_strndup=yes
ac_cv_have_decl_strnlen=yes
ac_cv_have_decl_strtok_r=yes
ac_cv_header_crtdefs_h=no
ac_cv_header_features_h=yes
ac_cv_header_getopt_h=yes
ac_cv_header_inttypes_h=yes
ac_cv_header_limits_h=yes
ac_cv_header_memory_h=yes
ac_cv_header_minix_config_h=no
ac_cv_header_pthread_h=yes
ac_cv_header_stdbool_h=yes
ac_cv_header_stdc=yes
ac_cv_header_stdint_h=yes
ac_cv_header_stdlib_h=yes
ac_cv_header_string_h=yes
ac_cv_header_strings_h=yes
ac_cv_header_sys_cdefs_h=yes
ac_cv_header_sys_mman_h=yes
ac_cv_header_sys_socket_h=yes
ac_cv_header_sys_stat_h=yes
ac_cv_header_sys_types_h=yes
ac_cv_header_unistd_h=yes
ac_cv_header_wchar_h=yes
ac_cv_host=x86_64-pc-linux-gnu
ac_cv_objext=o
ac_cv_path_BISON=/usr/bin/bison
ac_cv_path_EGREP='/bin/grep -E'
ac_cv_path_FLEX=/usr/bin/flex
ac_cv_path_GREP=/bin/grep
ac_cv_path_ac_pt_MOC=/usr/bin/moc
ac_cv_path_ac_pt_PKG_CONFIG=/usr/bin/pkg-config
ac_cv_path_ac_pt_QMAKE=/usr/bin/qmake
ac_cv_path_ac_pt_RCC=/usr/bin/rcc
ac_cv_path_ac_pt_UIC=/usr/bin/uic
ac_cv_path_install='/usr/bin/install -c'
ac_cv_path_mkdir=/bin/mkdir
ac_cv_prog_AWK=mawk
ac_cv_prog_CPP='gcc -E'
ac_cv_prog_ac_ct_AR=ar
ac_cv_prog_ac_ct_CC=gcc
ac_cv_prog_ac_ct_CXX=g++
ac_cv_prog_ac_ct_RANLIB=ranlib
ac_cv_prog_cc_c11=
ac_cv_prog_cc_g=yes
ac_cv_prog_cc_stdc=
ac_cv_prog_cxx_cxx11=
ac_cv_prog_cxx_cxx98=
ac_cv_prog_cxx_g=yes
ac_cv_prog_cxx_stdcxx=
ac_cv_prog_make_make_set=yes
ac_cv_safe_to_define___extensions__=yes
ac_cv_should_define__xopen_source=no
ac_cv_type__Bool=yes
ac_cv_type_long_long_int=yes
ac_cv_type_mode_t=yes
ac_cv_type_pid_t=yes
ac_cv_type_pthread_rwlock_t=yes
ac_cv_type_ptrdiff_t=yes
ac_cv_type_size_t=yes
ac_cv_type_unsigned_long_long_int=yes
ac_cv_working_alloca_h=yes
acl_cv_hardcode_direct=no
acl_cv_hardcode_libdir_flag_spec='${wl}-rpath ${wl}$libdir'
acl_cv_hardcode_libdir_separator=
acl_cv_hardcode_minus_L=no
acl_cv_libdirstems=lib64,lib64
acl_cv_libext=a
acl_cv_libname_spec='lib$name'
acl_cv_library_names_spec='$libname$shrext'
acl_cv_path_LD=/usr/bin/ld
acl_cv_prog_gnu_ld=yes
acl_cv_rpath=done
acl_cv_shlibext=so
acl_cv_wl=-Wl,
am_cv_CC_dependencies_compiler_type=none
am_cv_CXX_dependencies_compiler_type=none
am_cv_ar_interface=ar
am_cv_make_support_nested_variables=yes
am_cv_prog_tar_ustar=gnutar
gl_cv___builtin_expect=yes
gl_cv_c_amsterdam_compiler=no
gl_cv_c_multiarch=no
gl_cv_cc_double_expbit0='word 1 bit 20'
gl_cv_decl_null_works=yes
gl_cv_double_slash_root=no
gl_cv_func_getopt_gnu=yes
gl_cv_func_getopt_long_gnu=yes
gl_cv_func_getopt_posix=yes
gl_cv_func_itold_works=yes
gl_cv_func_malloc_posix=yes
gl_cv_func_memchr_works=yes
gl_cv_func_memmem_works_always=yes
gl_cv_func_printf_attribute_flavor=system
gl_cv_func_snprintf_retval_c99=yes
gl_cv_func_strerror_0_works=yes
gl_cv_func_strerror_r_posix_signature=no
gl_cv_func_strerror_r_works=yes
gl_cv_func_strndup_works=yes
gl_cv_func_strtok_r_works=yes
gl_cv_func_va_copy=yes
gl_cv_have_include_next=yes
gl_cv_have_weak=yes
gl_cv_header_errno_h_complete=yes
gl_cv_header_inttypes_h=yes
gl_cv_header_limits_width=yes
gl_cv_header_stdint_h=yes
gl_cv_header_stdint_predates_cxx11_h=no
gl_cv_header_stdint_width=yes
gl_cv_header_wchar_h_correct_inline=yes
gl_cv_header_working_fcntl_h=yes
gl_cv_header_working_stdint_h=yes
gl_cv_host_cpu_c_abi_32bit=no
gl_cv_next_fcntl_h='<fcntl.h>'
gl_cv_next_getopt_h='<getopt.h>'
gl_cv_next_limits_h='<limits.h>'
gl_cv_next_stdint_h='<stdint.h>'
gl_cv_next_stdio_h='<stdio.h>'
gl_cv_next_stdlib_h='<stdlib.h>'
gl_cv_next_string_h='<string.h>'
gl_cv_next_sys_types_h='<sys/types.h>'
gl_cv_next_unistd_h='<unistd.h>'
gl_cv_next_wchar_h='<wchar.h>'
gl_cv_pragma_columns=no
gl_cv_pthread_rwlock_rdlock_prefer_writer=no
gl_cv_rpl_alloca=yes
gl_cv_size_max=yes
gl_cv_type_max_align_t=yes
gl_cv_type_wint_t_too_small=no
gt_cv_c_intmax_t=yes
gt_cv_c_wchar_t=yes
gt_cv_c_wint_t=yes
gt_cv_ssize_t=yes
pkg_cv_HARFBUZZ_CFLAGS='-I/usr/include/harfbuzz -I/usr/include/glib-2.0 -I/usr/lib/x86_64-linux-gnu/glib-2.0/include'
pkg_cv_HARFBUZZ_LIBS=-lharfbuzz

## ----------------- ##
## Output variables. ##
## ----------------- ##

ACLOCAL='${SHELL} /<<PKGBUILDDIR>>/gnulib/missing aclocal-1.16'
ALLOCA=''
ALLOCA_H='alloca.h'
AMDEPBACKSLASH=''
AMDEP_FALSE=''
AMDEP_TRUE='#'
AMTAR='$${TAR-tar}'
AM_BACKSLASH='\'
AM_DEFAULT_V='$(AM_DEFAULT_VERBOSITY)'
AM_DEFAULT_VERBOSITY='1'
AM_V='$(V)'
APPLE_UNIVERSAL_BUILD='0'
AR='ar'
ARFLAGS='cr'
AUTOCONF='${SHELL} /<<PKGBUILDDIR>>/gnulib/missing autoconf'
AUTOHEADER='${SHELL} /<<PKGBUILDDIR>>/gnulib/missing autoheader'
AUTOMAKE='${SHELL} /<<PKGBUILDDIR>>/gnulib/missing automake-1.16'
AWK='mawk'
BISON='/usr/bin/bison'
BITSIZEOF_PTRDIFF_T=''
BITSIZEOF_SIG_ATOMIC_T=''
BITSIZEOF_SIZE_T=''
BITSIZEOF_WCHAR_T=''
BITSIZEOF_WINT_T=''
CC='gcc'
CCDEPMODE='depmode=none'
CFLAGS='-g -O2 -fdebug-prefix-map=/<<PKGBUILDDIR>>=. -fstack-protector-strong -Wformat -Werror=format-security'
CPP='gcc -E'
CPPFLAGS='-Wdate-time -D_FORTIFY_SOURCE=2'
CXX='g++'
CXXCPP=''
CXXDEPMODE='depmode=none'
CXXFLAGS='-g -O2 -fdebug-prefix-map=/<<PKGBUILDDIR>>=. -fstack-protector-strong -Wformat -Werror=format-security'
CYGPATH_W='echo'
DEFS=''
DEPDIR='.deps'
DLLTOOL=''
DSYMUTIL=''
DUMPBIN=''
ECHO_C=''
ECHO_N='-n'
ECHO_T=''
EGREP='/bin/grep -E'
EMULTIHOP_HIDDEN=''
EMULTIHOP_VALUE=''
ENOLINK_HIDDEN=''
ENOLINK_VALUE=''
EOVERFLOW_HIDDEN=''
EOVERFLOW_VALUE=''
ERRNO_H=''
EXEEXT=''
FGREP=''
FLEX='/usr/bin/flex'
FLOAT_H=''
FREETYPE_CFLAGS=''
FREETYPE_CPPFLAGS=''
FREETYPE_LIBS=''
GETOPT_CDEFS_H=''
GETOPT_H=''
GL_COND_LIBTOOL_FALSE='#'
GL_COND_LIBTOOL_TRUE=''
GL_GENERATE_ALLOCA_H_FALSE='#'
GL_GENERATE_ALLOCA_H_TRUE=''
GL_GENERATE_ERRNO_H_FALSE=''
GL_GENERATE_ERRNO_H_TRUE='#'
GL_GENERATE_FLOAT_H_FALSE=''
GL_GENERATE_FLOAT_H_TRUE='#'
GL_GENERATE_LIMITS_H_FALSE='#'
GL_GENERATE_LIMITS_H_TRUE=''
GL_GENERATE_STDARG_H_FALSE=''
GL_GENERATE_STDARG_H_TRUE='#'
GL_GENERATE_STDBOOL_H_FALSE=''
GL_GENERATE_STDBOOL_H_TRUE='#'
GL_GENERATE_STDDEF_H_FALSE=''
GL_GENERATE_STDDEF_H_TRUE='#'
GL_GENERATE_STDINT_H_FALSE=''
GL_GENERATE_STDINT_H_TRUE='#'
GNULIB_ATOLL='0'
GNULIB_BTOWC='0'
GNULIB_CALLOC_POSIX='0'
GNULIB_CANONICALIZE_FILE_NAME='0'
GNULIB_CHDIR='0'
GNULIB_CHOWN='0'
GNULIB_CLOSE='0'
GNULIB_DPRINTF='0'
GNULIB_DUP2='0'
GNULIB_DUP3='0'
GNULIB_DUP='0'
GNULIB_ENVIRON='0'
GNULIB_EUIDACCESS='0'
GNULIB_EXPLICIT_BZERO='0'
GNULIB_FACCESSAT='0'
GNULIB_FCHDIR='0'
GNULIB_FCHOWNAT='0'
GNULIB_FCLOSE='0'
GNULIB_FCNTL='0'
GNULIB_FDATASYNC='0'
GNULIB_FDOPEN='0'
GNULIB_FFLUSH='0'
GNULIB_FFSL='0'
GNULIB_FFSLL='0'
GNULIB_FGETC='1'
GNULIB_FGETS='1'
GNULIB_FOPEN='0'
GNULIB_FPRINTF='1'
GNULIB_FPRINTF_POSIX='0'
GNULIB_FPURGE='0'
GNULIB_FPUTC='1'
GNULIB_FPUTS='1'
GNULIB_FREAD='1'
GNULIB_FREOPEN='0'
GNULIB_FSCANF='1'
GNULIB_FSEEK='0'
GNULIB_FSEEKO='0'
GNULIB_FSYNC='0'
GNULIB_FTELL='0'
GNULIB_FTELLO='0'
GNULIB_FTRUNCATE='0'
GNULIB_FWRITE='1'
GNULIB_GETC='1'
GNULIB_GETCHAR='1'
GNULIB_GETCWD='0'
GNULIB_GETDELIM='0'
GNULIB_GETDOMAINNAME='0'
GNULIB_GETDTABLESIZE='0'
GNULIB_GETGROUPS='0'
GNULIB_GETHOSTNAME='0'
GNULIB_GETLINE='0'
GNULIB_GETLOADAVG='0'
GNULIB_GETLOGIN='0'
GNULIB_GETLOGIN_R='0'
GNULIB_GETPAGESIZE='0'
GNULIB_GETPASS='0'
GNULIB_GETSUBOPT='0'
GNULIB_GETUSERSHELL='0'
GNULIB_GL_UNISTD_H_GETOPT=''
GNULIB_GRANTPT='0'
GNULIB_GROUP_MEMBER='0'
GNULIB_ISATTY='1'
GNULIB_LCHOWN='0'
GNULIB_LINK='0'
GNULIB_LINKAT='0'
GNULIB_LSEEK='0'
GNULIB_MALLOC_POSIX='1'
GNULIB_MBRLEN='0'
GNULIB_MBRTOWC='0'
GNULIB_MBSCASECMP='0'
GNULIB_MBSCASESTR='0'
GNULIB_MBSCHR='0'
GNULIB_MBSCSPN='0'
GNULIB_MBSINIT='0'
GNULIB_MBSLEN='0'
GNULIB_MBSNCASECMP='0'
GNULIB_MBSNLEN='0'
GNULIB_MBSNRTOWCS='0'
GNULIB_MBSPBRK='0'
GNULIB_MBSPCASECMP='0'
GNULIB_MBSRCHR='0'
GNULIB_MBSRTOWCS='0'
GNULIB_MBSSEP='0'
GNULIB_MBSSPN='0'
GNULIB_MBSSTR='0'
GNULIB_MBSTOK_R='0'
GNULIB_MBTOWC='0'
GNULIB_MEMCHR='1'
GNULIB_MEMMEM='1'
GNULIB_MEMPCPY='0'
GNULIB_MEMRCHR='0'
GNULIB_MKDTEMP='0'
GNULIB_MKOSTEMP='0'
GNULIB_MKOSTEMPS='0'
GNULIB_MKSTEMP='0'
GNULIB_MKSTEMPS='0'
GNULIB_NONBLOCKING='0'
GNULIB_OBSTACK_PRINTF='0'
GNULIB_OBSTACK_PRINTF_POSIX='0'
GNULIB_OPEN='0'
GNULIB_OPENAT='0'
GNULIB_OVERRIDES_WINT_T='0'
GNULIB_PCLOSE='0'
GNULIB_PERROR='0'
GNULIB_PIPE2='0'
GNULIB_PIPE='0'
GNULIB_POPEN='0'
GNULIB_POSIX_OPENPT='0'
GNULIB_PREAD='0'
GNULIB_PRINTF='1'
GNULIB_PRINTF_POSIX='0'
GNULIB_PTSNAME='0'
GNULIB_PTSNAME_R='0'
GNULIB_PUTC='1'
GNULIB_PUTCHAR='1'
GNULIB_PUTENV='0'
GNULIB_PUTS='1'
GNULIB_PWRITE='0'
GNULIB_QSORT_R='0'
GNULIB_RANDOM='0'
GNULIB_RANDOM_R='0'
GNULIB_RAWMEMCHR='0'
GNULIB_READ='0'
GNULIB_READLINK='0'
GNULIB_READLINKAT='0'
GNULIB_REALLOCARRAY='0'
GNULIB_REALLOC_POSIX='0'
GNULIB_REALPATH='0'
GNULIB_REMOVE='0'
GNULIB_RENAME='0'
GNULIB_RENAMEAT='0'
GNULIB_RMDIR='0'
GNULIB_RPMATCH='0'
GNULIB_SCANF='1'
GNULIB_SECURE_GETENV='0'
GNULIB_SETENV='0'
GNULIB_SETHOSTNAME='0'
GNULIB_SLEEP='0'
GNULIB_SNPRINTF='0'
GNULIB_SPRINTF_POSIX='0'
GNULIB_STDIO_H_NONBLOCKING='0'
GNULIB_STDIO_H_SIGPIPE='0'
GNULIB_STPCPY='0'
GNULIB_STPNCPY='0'
GNULIB_STRCASESTR='0'
GNULIB_STRCHRNUL='0'
GNULIB_STRDUP='0'
GNULIB_STRERROR='0'
GNULIB_STRERROR_R='1'
GNULIB_STRNCAT='0'
GNULIB_STRNDUP='1'
GNULIB_STRNLEN='1'
GNULIB_STRPBRK='0'
GNULIB_STRSEP='0'
GNULIB_STRSIGNAL='0'
GNULIB_STRSTR='0'
GNULIB_STRTOD='0'
GNULIB_STRTOK_R='1'
GNULIB_STRTOLD='0'
GNULIB_STRTOLL='0'
GNULIB_STRTOULL='1'
GNULIB_STRVERSCMP='0'
GNULIB_SYMLINK='0'
GNULIB_SYMLINKAT='0'
GNULIB_SYSTEM_POSIX='0'
GNULIB_TMPFILE='0'
GNULIB_TRUNCATE='0'
GNULIB_TTYNAME_R='0'
GNULIB_UNISTD_H_NONBLOCKING='0'
GNULIB_UNISTD_H_SIGPIPE='0'
GNULIB_UNLINK='0'
GNULIB_UNLINKAT='0'
GNULIB_UNLOCKPT='0'
GNULIB_UNSETENV='0'
GNULIB_USLEEP='0'
GNULIB_VASPRINTF='1'
GNULIB_VDPRINTF='0'
GNULIB_VFPRINTF='1'
GNULIB_VFPRINTF_POSIX='0'
GNULIB_VFSCANF='0'
GNULIB_VPRINTF='1'
GNULIB_VPRINTF_POSIX='0'
GNULIB_VSCANF='0'
GNULIB_VSNPRINTF='0'
GNULIB_VSPRINTF_POSIX='0'
GNULIB_WCPCPY='0'
GNULIB_WCPNCPY='0'
GNULIB_WCRTOMB='0'
GNULIB_WCSCASECMP='0'
GNULIB_WCSCAT='0'
GNULIB_WCSCHR='0'
GNULIB_WCSCMP='0'
GNULIB_WCSCOLL='0'
GNULIB_WCSCPY='0'
GNULIB_WCSCSPN='0'
GNULIB_WCSDUP='0'
GNULIB_WCSFTIME='0'
GNULIB_WCSLEN='0'
GNULIB_WCSNCASECMP='0'
GNULIB_WCSNCAT='0'
GNULIB_WCSNCMP='0'
GNULIB_WCSNCPY='0'
GNULIB_WCSNLEN='0'
GNULIB_WCSNRTOMBS='0'
GNULIB_WCSPBRK='0'
GNULIB_WCSRCHR='0'
GNULIB_WCSRTOMBS='0'
GNULIB_WCSSPN='0'
GNULIB_WCSSTR='0'
GNULIB_WCSTOK='0'
GNULIB_WCSWIDTH='0'
GNULIB_WCSXFRM='0'
GNULIB_WCTOB='0'
GNULIB_WCTOMB='0'
GNULIB_WCWIDTH='0'
GNULIB_WMEMCHR='0'
GNULIB_WMEMCMP='0'
GNULIB_WMEMCPY='0'
GNULIB_WMEMMOVE='0'
GNULIB_WMEMSET='0'
GNULIB_WRITE='0'
GNULIB__EXIT='0'
GREP='/bin/grep'
HARFBUZZ_CFLAGS='-I/usr/include/harfbuzz -I/usr/include/glib-2.0 -I/usr/lib/x86_64-linux-gnu/glib-2.0/include'
HARFBUZZ_LIBS='-lharfbuzz'
HAVE_ALLOCA_H='1'
HAVE_ATOLL='1'
HAVE_BTOWC='1'
HAVE_C99_STDINT_H='1'
HAVE_CANONICALIZE_FILE_NAME='1'
HAVE_CHOWN='1'
HAVE_CRTDEFS_H='0'
HAVE_DECL_ENVIRON='1'
HAVE_DECL_FCHDIR='1'
HAVE_DECL_FDATASYNC='1'
HAVE_DECL_FPURGE='1'
HAVE_DECL_FSEEKO='1'
HAVE_DECL_FTELLO='1'
HAVE_DECL_GETDELIM='1'
HAVE_DECL_GETDOMAINNAME='1'
HAVE_DECL_GETLINE='1'
HAVE_DECL_GETLOADAVG='1'
HAVE_DECL_GETLOGIN='1'
HAVE_DECL_GETLOGIN_R='1'
HAVE_DECL_GETPAGESIZE='1'
HAVE_DECL_GETUSERSHELL='1'
HAVE_DECL_INITSTATE='1'
HAVE_DECL_MEMMEM='1'
HAVE_DECL_MEMRCHR='1'
HAVE_DECL_OBSTACK_PRINTF='1'
HAVE_DECL_SETENV='1'
HAVE_DECL_SETHOSTNAME='1'
HAVE_DECL_SETSTATE='1'
HAVE_DECL_SNPRINTF='1'
HAVE_DECL_STRDUP='1'
HAVE_DECL_STRERROR_R='1'
HAVE_DECL_STRNDUP='1'
HAVE_DECL_STRNLEN='1'
HAVE_DECL_STRSIGNAL='1'
HAVE_DECL_STRTOK_R='1'
HAVE_DECL_TRUNCATE='1'
HAVE_DECL_TTYNAME_R='1'
HAVE_DECL_UNSETENV='1'
HAVE_DECL_VSNPRINTF='1'
HAVE_DECL_WCTOB='1'
HAVE_DECL_WCWIDTH='1'
HAVE_DPRINTF='1'
HAVE_DUP2='1'
HAVE_DUP3='1'
HAVE_EUIDACCESS='1'
HAVE_EXPLICIT_BZERO='1'
HAVE_FACCESSAT='1'
HAVE_FCHDIR='1'
HAVE_FCHOWNAT='1'
HAVE_FCNTL='1'
HAVE_FDATASYNC='1'
HAVE_FEATURES_H='1'
HAVE_FFSL='1'
HAVE_FFSLL='1'
HAVE_FSEEKO='1'
HAVE_FSYNC='1'
HAVE_FTELLO='1'
HAVE_FTRUNCATE='1'
HAVE_GETDTABLESIZE='1'
HAVE_GETGROUPS='1'
HAVE_GETHOSTNAME='1'
HAVE_GETLOGIN='1'
HAVE_GETOPT_H='1'
HAVE_GETPAGESIZE='1'
HAVE_GETPASS='1'
HAVE_GETSUBOPT='1'
HAVE_GRANTPT='1'
HAVE_GROUP_MEMBER='1'
HAVE_INITSTATE='1'
HAVE_INTTYPES_H='1'
HAVE_LCHOWN='1'
HAVE_LINK='1'
HAVE_LINKAT='1'
HAVE_LONG_LONG_INT='1'
HAVE_MAX_ALIGN_T='1'
HAVE_MBRLEN='1'
HAVE_MBRTOWC='1'
HAVE_MBSINIT='1'
HAVE_MBSLEN='0'
HAVE_MBSNRTOWCS='1'
HAVE_MBSRTOWCS='1'
HAVE_MBTOWC='1'
HAVE_MEMCHR='1'
HAVE_MEMPCPY='1'
HAVE_MKDTEMP='1'
HAVE_MKOSTEMP='1'
HAVE_MKOSTEMPS='1'
HAVE_MKSTEMP='1'
HAVE_MKSTEMPS='1'
HAVE_MSVC_INVALID_PARAMETER_HANDLER='0'
HAVE_OPENAT='1'
HAVE_OS_H='0'
HAVE_PCLOSE='1'
HAVE_PIPE2='1'
HAVE_PIPE='1'
HAVE_POPEN='1'
HAVE_POSIX_OPENPT='1'
HAVE_PREAD='1'
HAVE_PTSNAME='1'
HAVE_PTSNAME_R='1'
HAVE_PWRITE='1'
HAVE_QSORT_R='1'
HAVE_RANDOM='1'
HAVE_RANDOM_H='1'
HAVE_RANDOM_R='1'
HAVE_RAWMEMCHR='1'
HAVE_READLINK='1'
HAVE_READLINKAT='1'
HAVE_REALLOCARRAY='1'
HAVE_REALPATH='1'
HAVE_RENAMEAT='1'
HAVE_RPMATCH='1'
HAVE_SECURE_GETENV='1'
HAVE_SETENV='1'
HAVE_SETHOSTNAME='1'
HAVE_SETSTATE='1'
HAVE_SIGNED_SIG_ATOMIC_T=''
HAVE_SIGNED_WCHAR_T=''
HAVE_SIGNED_WINT_T=''
HAVE_SLEEP='1'
HAVE_STDINT_H='1'
HAVE_STPCPY='1'
HAVE_STPNCPY='1'
HAVE_STRCASESTR='1'
HAVE_STRCHRNUL='1'
HAVE_STRPBRK='1'
HAVE_STRSEP='1'
HAVE_STRTOD='1'
HAVE_STRTOLD='1'
HAVE_STRTOLL='1'
HAVE_STRTOULL='1'
HAVE_STRUCT_RANDOM_DATA='1'
HAVE_STRVERSCMP='1'
HAVE_SYMLINK='1'
HAVE_SYMLINKAT='1'
HAVE_SYS_BITYPES_H='0'
HAVE_SYS_CDEFS_H=''
HAVE_SYS_INTTYPES_H='0'
HAVE_SYS_LOADAVG_H='0'
HAVE_SYS_PARAM_H='0'
HAVE_SYS_TYPES_H='1'
HAVE_UNISTD_H='1'
HAVE_UNLINKAT='1'
HAVE_UNLOCKPT='1'
HAVE_UNSIGNED_LONG_LONG_INT='1'
HAVE_USLEEP='1'
HAVE_VASPRINTF='1'
HAVE_VDPRINTF='1'
HAVE_WCHAR_H='1'
HAVE_WCHAR_T='1'
HAVE_WCPCPY='1'
HAVE_WCPNCPY='1'
HAVE_WCRTOMB='1'
HAVE_WCSCASECMP='1'
HAVE_WCSCAT='1'
HAVE_WCSCHR='1'
HAVE_WCSCMP='1'
HAVE_WCSCOLL='1'
HAVE_WCSCPY='1'
HAVE_WCSCSPN='1'
HAVE_WCSDUP='1'
HAVE_WCSFTIME='1'
HAVE_WCSLEN='1'
HAVE_WCSNCASECMP='1'
HAVE_WCSNCAT='1'
HAVE_WCSNCMP='1'
HAVE_WCSNCPY='1'
HAVE_WCSNLEN='1'
HAVE_WCSNRTOMBS='1'
HAVE_WCSPBRK='1'
HAVE_WCSRCHR='1'
HAVE_WCSRTOMBS='1'
HAVE_WCSSPN='1'
HAVE_WCSSTR='1'
HAVE_WCSTOK='1'
HAVE_WCSWIDTH='1'
HAVE_WCSXFRM='1'
HAVE_WINSOCK2_H=''
HAVE_WINT_T='1'
HAVE_WMEMCHR='1'
HAVE_WMEMCMP='1'
HAVE_WMEMCPY='1'
HAVE_WMEMMOVE='1'
HAVE_WMEMSET='1'
HAVE__BOOL='1'
HAVE__EXIT='1'
HELP2MAN=''
IMPORT=''
INCLUDE_NEXT='include_next'
INCLUDE_NEXT_AS_FIRST_DIRECTIVE='include_next'
INKSCAPE=''
INSTALL_DATA='${INSTALL} -m 644'
INSTALL_PROGRAM='${INSTALL}'
INSTALL_SCRIPT='${INSTALL}'
INSTALL_STRIP_PROGRAM='$(install_sh) -c -s'
KPSEWHICH=''
LATEX=''
LD='/usr/bin/ld'
LDFLAGS='-Wl,-z,relro -Wl,-z,now'
LIBINTL=''
LIBM=''
LIBMULTITHREAD='-pthread'
LIBOBJS=''
LIBPTH=''
LIBPTH_PREFIX=''
LIBS=''
LIBTHREAD=''
LIBTOOL=''
LIMITS_H='limits.h'
LIPO=''
LN_S='ln -s'
LTLIBINTL=''
LTLIBMULTITHREAD='-pthread'
LTLIBOBJS=''
LTLIBPTH=''
LTLIBTHREAD=''
LT_SYS_LIBRARY_PATH=''
MAKEINFO='${SHELL} /<<PKGBUILDDIR>>/gnulib/missing makeinfo'
MANIFEST_TOOL=''
MKDIR_P='/bin/mkdir -p'
MOC='/usr/bin/moc'
NEXT_AS_FIRST_DIRECTIVE_ERRNO_H=''
NEXT_AS_FIRST_DIRECTIVE_FCNTL_H='<fcntl.h>'
NEXT_AS_FIRST_DIRECTIVE_FLOAT_H=''
NEXT_AS_FIRST_DIRECTIVE_GETOPT_H='<getopt.h>'
NEXT_AS_FIRST_DIRECTIVE_LIMITS_H='<limits.h>'
NEXT_AS_FIRST_DIRECTIVE_STDARG_H=''
NEXT_AS_FIRST_DIRECTIVE_STDDEF_H=''
NEXT_AS_FIRST_DIRECTIVE_STDINT_H='<stdint.h>'
NEXT_AS_FIRST_DIRECTIVE_STDIO_H='<stdio.h>'
NEXT_AS_FIRST_DIRECTIVE_STDLIB_H='<stdlib.h>'
NEXT_AS_FIRST_DIRECTIVE_STRING_H='<string.h>'
NEXT_AS_FIRST_DIRECTIVE_SYS_TYPES_H='<sys/types.h>'
NEXT_AS_FIRST_DIRECTIVE_UNISTD_H='<unistd.h>'
NEXT_AS_FIRST_DIRECTIVE_WCHAR_H='<wchar.h>'
NEXT_ERRNO_H=''
NEXT_FCNTL_H='<fcntl.h>'
NEXT_FLOAT_H=''
NEXT_GETOPT_H='<getopt.h>'
NEXT_LIMITS_H='<limits.h>'
NEXT_STDARG_H='<stdarg.h>'
NEXT_STDDEF_H=''
NEXT_STDINT_H='<stdint.h>'
NEXT_STDIO_H='<stdio.h>'
NEXT_STDLIB_H='<stdlib.h>'
NEXT_STRING_H='<string.h>'
NEXT_SYS_TYPES_H='<sys/types.h>'
NEXT_UNISTD_H='<unistd.h>'
NEXT_WCHAR_H='<wchar.h>'
NM=''
NMEDIT=''
OBJDUMP=''
OBJEXT='o'
OTOOL64=''
OTOOL=''
PACKAGE='ttfautohint'
PACKAGE_BUGREPORT='freetype-devel@nongnu.org'
PACKAGE_NAME='ttfautohint'
PACKAGE_STRING='ttfautohint 1.8.3'
PACKAGE_TARNAME='ttfautohint'
PACKAGE_URL=''
PACKAGE_VERSION='1.8.3'
PANDOC=''
PATH_SEPARATOR=':'
PKG_CONFIG='/usr/bin/pkg-config'
PKG_CONFIG_LIBDIR=''
PKG_CONFIG_PATH=''
PRAGMA_COLUMNS=''
PRAGMA_SYSTEM_HEADER='#pragma GCC system_header'
PTRDIFF_T_SUFFIX=''
QMAKE='/usr/bin/qmake'
QT_CFLAGS=''
QT_CPPFLAGS=''
QT_CXXFLAGS=''
QT_DEFINES=''
QT_INCPATH=''
QT_LDFLAGS=''
QT_LFLAGS=''
QT_LIBS=''
QT_PATH='/usr/bin'
QT_STATIC_PLUGINS=''
QT_VERSION=''
QT_VERSION_MAJOR=''
RANLIB='ranlib'
RCC='/usr/bin/rcc'
REPLACE_BTOWC='0'
REPLACE_CALLOC='0'
REPLACE_CANONICALIZE_FILE_NAME='0'
REPLACE_CHOWN='0'
REPLACE_CLOSE='0'
REPLACE_DPRINTF='0'
REPLACE_DUP2='0'
REPLACE_DUP='0'
REPLACE_FACCESSAT='0'
REPLACE_FCHOWNAT='0'
REPLACE_FCLOSE='0'
REPLACE_FCNTL='0'
REPLACE_FDOPEN='0'
REPLACE_FFLUSH='0'
REPLACE_FOPEN='0'
REPLACE_FPRINTF='0'
REPLACE_FPURGE='0'
REPLACE_FREOPEN='0'
REPLACE_FSEEK='0'
REPLACE_FSEEKO='0'
REPLACE_FTELL='0'
REPLACE_FTELLO='0'
REPLACE_FTRUNCATE='0'
REPLACE_GETCWD='0'
REPLACE_GETDELIM='0'
REPLACE_GETDOMAINNAME='0'
REPLACE_GETDTABLESIZE='0'
REPLACE_GETGROUPS='0'
REPLACE_GETLINE='0'
REPLACE_GETLOGIN_R='0'
REPLACE_GETPAGESIZE='0'
REPLACE_GETPASS='0'
REPLACE_INITSTATE='0'
REPLACE_ISATTY='0'
REPLACE_ITOLD='0'
REPLACE_LCHOWN='0'
REPLACE_LINK='0'
REPLACE_LINKAT='0'
REPLACE_LSEEK='0'
REPLACE_MALLOC='0'
REPLACE_MBRLEN='0'
REPLACE_MBRTOWC='0'
REPLACE_MBSINIT='0'
REPLACE_MBSNRTOWCS='0'
REPLACE_MBSRTOWCS='0'
REPLACE_MBSTATE_T='0'
REPLACE_MBTOWC='0'
REPLACE_MEMCHR='0'
REPLACE_MEMMEM='0'
REPLACE_MKSTEMP='0'
REPLACE_NULL='0'
REPLACE_OBSTACK_PRINTF='0'
REPLACE_OPEN='0'
REPLACE_OPENAT='0'
REPLACE_PERROR='0'
REPLACE_POPEN='0'
REPLACE_PREAD='0'
REPLACE_PRINTF='0'
REPLACE_PTSNAME='0'
REPLACE_PTSNAME_R='0'
REPLACE_PUTENV='0'
REPLACE_PWRITE='0'
REPLACE_QSORT_R='0'
REPLACE_RANDOM='0'
REPLACE_RANDOM_R='0'
REPLACE_READ='0'
REPLACE_READLINK='0'
REPLACE_READLINKAT='0'
REPLACE_REALLOC='0'
REPLACE_REALPATH='0'
REPLACE_REMOVE='0'
REPLACE_RENAME='0'
REPLACE_RENAMEAT='0'
REPLACE_RMDIR='0'
REPLACE_SETENV='0'
REPLACE_SETSTATE='0'
REPLACE_SLEEP='0'
REPLACE_SNPRINTF='0'
REPLACE_SPRINTF='0'
REPLACE_STDIO_READ_FUNCS='0'
REPLACE_STDIO_WRITE_FUNCS='0'
REPLACE_STPNCPY='0'
REPLACE_STRCASESTR='0'
REPLACE_STRCHRNUL='0'
REPLACE_STRDUP='0'
REPLACE_STRERROR='0'
REPLACE_STRERROR_R='1'
REPLACE_STRNCAT='0'
REPLACE_STRNDUP='0'
REPLACE_STRNLEN='0'
REPLACE_STRSIGNAL='0'
REPLACE_STRSTR='0'
REPLACE_STRTOD='0'
REPLACE_STRTOK_R='0'
REPLACE_STRTOLD='0'
REPLACE_SYMLINK='0'
REPLACE_SYMLINKAT='0'
REPLACE_TMPFILE='0'
REPLACE_TRUNCATE='0'
REPLACE_TTYNAME_R='0'
REPLACE_UNLINK='0'
REPLACE_UNLINKAT='0'
REPLACE_UNSETENV='0'
REPLACE_USLEEP='0'
REPLACE_VASPRINTF='0'
REPLACE_VDPRINTF='0'
REPLACE_VFPRINTF='0'
REPLACE_VPRINTF='0'
REPLACE_VSNPRINTF='0'
REPLACE_VSPRINTF='0'
REPLACE_WCRTOMB='0'
REPLACE_WCSFTIME='0'
REPLACE_WCSNRTOMBS='0'
REPLACE_WCSRTOMBS='0'
REPLACE_WCSWIDTH='0'
REPLACE_WCTOB='0'
REPLACE_WCTOMB='0'
REPLACE_WCWIDTH='0'
REPLACE_WRITE='0'
SED=''
SET_MAKE=''
SHELL='/bin/bash'
SIG_ATOMIC_T_SUFFIX=''
SIZE_T_SUFFIX=''
STDARG_H=''
STDBOOL_H=''
STDDEF_H=''
STDINT_H=''
STRIP=''
UIC='/usr/bin/uic'
UNDEFINE_STRTOK_R='0'
UNISTD_H_HAVE_WINSOCK2_H='0'
UNISTD_H_HAVE_WINSOCK2_H_AND_USE_SOCKETS='0'
USE_QT_FALSE=''
USE_QT_TRUE=''
VERSION='1.8.3'
WCHAR_T_SUFFIX=''
WINDOWS_64_BIT_OFF_T='0'
WINDOWS_STAT_INODES='0'
WINT_T_SUFFIX=''
WITH_DOC_FALSE=''
WITH_DOC_TRUE=''
ac_ct_AR='ar'
ac_ct_CC='gcc'
ac_ct_CXX='g++'
ac_ct_DUMPBIN=''
am__EXEEXT_FALSE=''
am__EXEEXT_TRUE=''
am__fastdepCC_FALSE=''
am__fastdepCC_TRUE='#'
am__fastdepCXX_FALSE=''
am__fastdepCXX_TRUE='#'
am__include='include'
am__isrc=''
am__leading_dot='.'
am__nodep=''
am__quote=''
am__tar='tar --format=ustar -chf - "$$tardir"'
am__untar='tar -xf -'
bindir='${exec_prefix}/bin'
build='x86_64-pc-linux-gnu'
build_alias='x86_64-linux-gnu'
build_cpu='x86_64'
build_os='linux-gnu'
build_vendor='pc'
datadir='${datarootdir}'
datarootdir='${prefix}/share'
docdir='${datarootdir}/doc/${PACKAGE_TARNAME}'
dvidir='${docdir}'
exec_prefix='NONE'
ft_config=''
gl_LIBOBJS=' strerror_r.o vasnprintf.o printf-args.o printf-parse.o asnprintf.o'
gl_LTLIBOBJS=''
gltests_LIBOBJS=''
gltests_LTLIBOBJS=''
gltests_WITNESS='IN_TTFAUTOHINT_GNULIB_TESTS'
host='x86_64-pc-linux-gnu'
host_alias=''
host_cpu='x86_64'
host_os='linux-gnu'
host_vendor='pc'
htmldir='${docdir}'
includedir='${prefix}/include'
infodir='${prefix}/share/info'
install_sh='${SHELL} /<<PKGBUILDDIR>>/gnulib/install-sh'
libdir='${prefix}/lib/x86_64-linux-gnu'
libexecdir='${prefix}/lib/x86_64-linux-gnu'
localedir='${datarootdir}/locale'
localstatedir='/var'
mandir='${prefix}/share/man'
mkdir_p='$(MKDIR_P)'
oldincludedir='/usr/include'
pdfdir='${docdir}'
prefix='/usr'
program_transform_name='s,x,x,'
psdir='${docdir}'
runstatedir='/run'
sbindir='${exec_prefix}/sbin'
sharedstatedir='${prefix}/com'
sysconfdir='/etc'
target_alias=''
ttfautohint_major='1'
ttfautohint_minor='8'
ttfautohint_revision='3'

configure: exit 3
dh_auto_configure: error: ./configure --build=x86_64-linux-gnu --prefix=/usr --includedir=\${prefix}/include --mandir=\${prefix}/share/man --infodir=\${prefix}/share/info --sysconfdir=/etc --localstatedir=/var --disable-silent-rules --libdir=\${prefix}/lib/x86_64-linux-gnu --libexecdir=\${prefix}/lib/x86_64-linux-gnu --runstatedir=/run --disable-maintainer-mode --disable-dependency-tracking --without-doc returned exit code 3
make[1]: *** [debian/rules:14: override_dh_auto_configure] Error 25
make[1]: Leaving directory '/<<PKGBUILDDIR>>'
make: *** [debian/rules:11: build] Error 2
dpkg-buildpackage: error: debian/rules build subprocess returned exit status 2
--------------------------------------------------------------------------------
Build finished at 2020-02-25T17:44:05Z

Finished
--------


+------------------------------------------------------------------------------+
| Cleanup                                                                      |
+------------------------------------------------------------------------------+

Purging /<<BUILDDIR>>
Not cleaning session: cloned chroot in use
E: Build failure (dpkg-buildpackage died)

+------------------------------------------------------------------------------+
| Summary                                                                      |
+------------------------------------------------------------------------------+

Build Architecture: amd64
Build Type: binary
Build-Space: 11896
Build-Time: 24
Distribution: unstable
Fail-Stage: build
Host Architecture: amd64
Install-Time: 17
Job: ttfautohint_1.8.3-2
Machine Architecture: amd64
Package: ttfautohint
Package-Time: 59
Source-Version: 1.8.3-2
Space: 11896
Status: attempted
Version: 1.8.3-2
--------------------------------------------------------------------------------
Finished at 2020-02-25T17:44:05Z
Build needed 00:00:59, 11896k disk space
E: Build failure (dpkg-buildpackage died)
DC-Status: Failed 60.500626259s
DC-Time-Estimation: 60.500626259 versus expected 115 (r/m: 0.9008067702917826 ; m: 60.500626259)
