DC-Build-Header: autodock-vina 1.1.2-5 / 2020-02-25 17:40:42 +0000
DC-Task: type:rebuild-binarch-only source:autodock-vina version:1.1.2-5 chroot:unstable esttime:117 logfile:/tmp/autodock-vina_1.1.2-5_unstable_clang9.log modes:clang9:binarch-only
DC-Sbuild-call: su user42 -c 'sbuild -n --arch-any --apt-update -d unstable -v --no-run-lintian --chroot-setup-commands=/tmp/clang9 autodock-vina_1.1.2-5'
sbuild (Debian sbuild) 0.78.1 (09 February 2019) on ip-172-31-0-217.eu-central-1.compute.internal

+==============================================================================+
| autodock-vina 1.1.2-5 (amd64)                Tue, 25 Feb 2020 17:40:42 +0000 |
+==============================================================================+

Package: autodock-vina
Version: 1.1.2-5
Source Version: 1.1.2-5
Distribution: unstable
Machine Architecture: amd64
Host Architecture: amd64
Build Architecture: amd64
Build Type: binary

I: NOTICE: Log filtering will replace 'var/run/schroot/mount/sid-amd64-sbuild-04cde776-21b4-4a84-800e-14184f313bff' with '<<CHROOT>>'

+------------------------------------------------------------------------------+
| Chroot Setup Commands                                                        |
+------------------------------------------------------------------------------+


/tmp/clang9
-----------

+ echo 'Entering customization script...'
Entering customization script...
+ CLANG_VERSION=9
+ echo 'Install of clang-9'
Install of clang-9
+ apt-get update
Get:1 http://127.0.0.1:12990/debian sid InRelease [142 kB]
Get:2 http://127.0.0.1:12990/debian sid/main Sources.diff/Index [27.9 kB]
Get:3 http://127.0.0.1:12990/debian sid/main amd64 Packages.diff/Index [27.9 kB]
Get:4 http://127.0.0.1:12990/debian sid/main Sources 2020-02-24-0823.32.pdiff [11.0 kB]
Get:5 http://127.0.0.1:12990/debian sid/main Sources 2020-02-24-1420.34.pdiff [30.2 kB]
Get:6 http://127.0.0.1:12990/debian sid/main Sources 2020-02-24-2014.03.pdiff [16.9 kB]
Get:7 http://127.0.0.1:12990/debian sid/main Sources 2020-02-25-0213.11.pdiff [23.2 kB]
Get:8 http://127.0.0.1:12990/debian sid/main Sources 2020-02-25-0815.22.pdiff [9222 B]
Get:9 http://127.0.0.1:12990/debian sid/main Sources 2020-02-25-1413.15.pdiff [16.3 kB]
Get:10 http://127.0.0.1:12990/debian sid/main amd64 Packages 2020-02-24-0823.32.pdiff [15.5 kB]
Get:11 http://127.0.0.1:12990/debian sid/main amd64 Packages 2020-02-24-1420.34.pdiff [27.5 kB]
Get:12 http://127.0.0.1:12990/debian sid/main amd64 Packages 2020-02-24-2014.03.pdiff [21.6 kB]
Get:13 http://127.0.0.1:12990/debian sid/main amd64 Packages 2020-02-25-0213.11.pdiff [35.0 kB]
Get:14 http://127.0.0.1:12990/debian sid/main amd64 Packages 2020-02-25-0815.22.pdiff [20.1 kB]
Get:15 http://127.0.0.1:12990/debian sid/main amd64 Packages 2020-02-25-1413.15.pdiff [18.4 kB]
Get:9 http://127.0.0.1:12990/debian sid/main Sources 2020-02-25-1413.15.pdiff [16.3 kB]
Get:15 http://127.0.0.1:12990/debian sid/main amd64 Packages 2020-02-25-1413.15.pdiff [18.4 kB]
Get:16 http://127.0.0.1:12990/debian sid/main Translation-en [6195 kB]
Fetched 6638 kB in 2s (3932 kB/s)
Reading package lists...
+ apt-get install --yes --no-install-recommends --force-yes clang-9 libomp-9-dev libobjc-9-dev
Reading package lists...
Building dependency tree...
The following additional packages will be installed:
  cpp-9 g++-9 gcc-8-base gcc-9 gcc-9-base lib32gcc-s1 lib32gcc1 lib32stdc++6
  libasan5 libbsd0 libc6-i386 libclang-common-9-dev libclang-cpp9 libedit2
  libgc1c2 libgcc-8-dev libgcc-9-dev libllvm9 libmpx2 libobjc-8-dev libobjc4
  libomp5-9 libstdc++-8-dev libstdc++-9-dev libz3-4
Suggested packages:
  clang-9-doc gcc-9-locales g++-9-multilib gcc-9-doc gcc-9-multilib
  libomp-9-doc libstdc++-8-doc libstdc++-9-doc
Recommended packages:
  llvm-9-dev python3
The following NEW packages will be installed:
  clang-9 gcc-8-base lib32gcc-s1 lib32gcc1 lib32stdc++6 libbsd0 libc6-i386
  libclang-common-9-dev libclang-cpp9 libedit2 libgc1c2 libgcc-8-dev libllvm9
  libmpx2 libobjc-8-dev libobjc-9-dev libobjc4 libomp-9-dev libomp5-9
  libstdc++-8-dev libz3-4
The following packages will be upgraded:
  cpp-9 g++-9 gcc-9 gcc-9-base libasan5 libgcc-9-dev libstdc++-9-dev
7 upgraded, 21 newly installed, 0 to remove and 3 not upgraded.
Need to get 78.9 MB of archives.
After this operation, 237 MB of additional disk space will be used.
Get:1 http://127.0.0.1:12990/debian sid/main amd64 libasan5 amd64 9.2.1-30 [389 kB]
Get:2 http://127.0.0.1:12990/debian sid/main amd64 g++-9 amd64 9.2.1-30 [10.7 MB]
Get:3 http://127.0.0.1:12990/debian sid/main amd64 gcc-9 amd64 9.2.1-30 [10.0 MB]
Get:4 http://127.0.0.1:12990/debian sid/main amd64 libstdc++-9-dev amd64 9.2.1-30 [1697 kB]
Get:5 http://127.0.0.1:12990/debian sid/main amd64 libgcc-9-dev amd64 9.2.1-30 [2349 kB]
Get:6 http://127.0.0.1:12990/debian sid/main amd64 cpp-9 amd64 9.2.1-30 [9711 kB]
Get:7 http://127.0.0.1:12990/debian sid/main amd64 gcc-9-base amd64 9.2.1-30 [196 kB]
Get:8 http://127.0.0.1:12990/debian sid/main amd64 libbsd0 amd64 0.10.0-1 [107 kB]
Get:9 http://127.0.0.1:12990/debian sid/main amd64 libedit2 amd64 3.1-20191231-1 [95.4 kB]
Get:10 http://127.0.0.1:12990/debian sid/main amd64 libz3-4 amd64 4.8.7-4 [6790 kB]
Get:11 http://127.0.0.1:12990/debian sid/main amd64 libllvm9 amd64 1:9.0.1-8 [15.0 MB]
Get:12 http://127.0.0.1:12990/debian sid/main amd64 libclang-cpp9 amd64 1:9.0.1-8 [8429 kB]
Get:13 http://127.0.0.1:12990/debian sid/main amd64 gcc-8-base amd64 8.3.0-29 [194 kB]
Get:14 http://127.0.0.1:12990/debian sid/main amd64 libmpx2 amd64 8.3.0-29 [11.4 kB]
Get:15 http://127.0.0.1:12990/debian sid/main amd64 libgcc-8-dev amd64 8.3.0-29 [2297 kB]
Get:16 http://127.0.0.1:12990/debian sid/main amd64 libstdc++-8-dev amd64 8.3.0-29 [1543 kB]
Get:17 http://127.0.0.1:12990/debian sid/main amd64 libgc1c2 amd64 1:7.6.4-0.4 [224 kB]
Get:18 http://127.0.0.1:12990/debian sid/main amd64 libobjc4 amd64 10-20200222-1 [41.6 kB]
Get:19 http://127.0.0.1:12990/debian sid/main amd64 libobjc-8-dev amd64 8.3.0-29 [227 kB]
Get:20 http://127.0.0.1:12990/debian sid/main amd64 libc6-i386 amd64 2.29-10 [2918 kB]
Get:21 http://127.0.0.1:12990/debian sid/main amd64 lib32gcc-s1 amd64 10-20200222-1 [49.4 kB]
Get:22 http://127.0.0.1:12990/debian sid/main amd64 lib32gcc1 amd64 1:10-20200222-1 [1104 B]
Get:23 http://127.0.0.1:12990/debian sid/main amd64 lib32stdc++6 amd64 10-20200222-1 [510 kB]
Get:24 http://127.0.0.1:12990/debian sid/main amd64 libclang-common-9-dev amd64 1:9.0.1-8 [3727 kB]
Get:25 http://127.0.0.1:12990/debian sid/main amd64 clang-9 amd64 1:9.0.1-8 [1156 kB]
Get:26 http://127.0.0.1:12990/debian sid/main amd64 libobjc-9-dev amd64 9.2.1-30 [219 kB]
Get:27 http://127.0.0.1:12990/debian sid/main amd64 libomp5-9 amd64 1:9.0.1-8 [333 kB]
Get:28 http://127.0.0.1:12990/debian sid/main amd64 libomp-9-dev amd64 1:9.0.1-8 [66.2 kB]
debconf: delaying package configuration, since apt-utils is not installed
Fetched 78.9 MB in 1s (103 MB/s)
(Reading database ... (Reading database ... 5%(Reading database ... 10%(Reading database ... 15%(Reading database ... 20%(Reading database ... 25%(Reading database ... 30%(Reading database ... 35%(Reading database ... 40%(Reading database ... 45%(Reading database ... 50%(Reading database ... 55%(Reading database ... 60%(Reading database ... 65%(Reading database ... 70%(Reading database ... 75%(Reading database ... 80%(Reading database ... 85%(Reading database ... 90%(Reading database ... 95%(Reading database ... 100%(Reading database ... 12119 files and directories currently installed.)
Preparing to unpack .../00-libasan5_9.2.1-30_amd64.deb ...
Unpacking libasan5:amd64 (9.2.1-30) over (9.2.1-29) ...
Preparing to unpack .../01-g++-9_9.2.1-30_amd64.deb ...
Unpacking g++-9 (9.2.1-30) over (9.2.1-29) ...
Preparing to unpack .../02-gcc-9_9.2.1-30_amd64.deb ...
Unpacking gcc-9 (9.2.1-30) over (9.2.1-29) ...
Preparing to unpack .../03-libstdc++-9-dev_9.2.1-30_amd64.deb ...
Unpacking libstdc++-9-dev:amd64 (9.2.1-30) over (9.2.1-29) ...
Preparing to unpack .../04-libgcc-9-dev_9.2.1-30_amd64.deb ...
Unpacking libgcc-9-dev:amd64 (9.2.1-30) over (9.2.1-29) ...
Preparing to unpack .../05-cpp-9_9.2.1-30_amd64.deb ...
Unpacking cpp-9 (9.2.1-30) over (9.2.1-29) ...
Preparing to unpack .../06-gcc-9-base_9.2.1-30_amd64.deb ...
Unpacking gcc-9-base:amd64 (9.2.1-30) over (9.2.1-29) ...
Selecting previously unselected package libbsd0:amd64.
Preparing to unpack .../07-libbsd0_0.10.0-1_amd64.deb ...
Unpacking libbsd0:amd64 (0.10.0-1) ...
Selecting previously unselected package libedit2:amd64.
Preparing to unpack .../08-libedit2_3.1-20191231-1_amd64.deb ...
Unpacking libedit2:amd64 (3.1-20191231-1) ...
Selecting previously unselected package libz3-4:amd64.
Preparing to unpack .../09-libz3-4_4.8.7-4_amd64.deb ...
Unpacking libz3-4:amd64 (4.8.7-4) ...
Selecting previously unselected package libllvm9:amd64.
Preparing to unpack .../10-libllvm9_1%3a9.0.1-8_amd64.deb ...
Unpacking libllvm9:amd64 (1:9.0.1-8) ...
Selecting previously unselected package libclang-cpp9.
Preparing to unpack .../11-libclang-cpp9_1%3a9.0.1-8_amd64.deb ...
Unpacking libclang-cpp9 (1:9.0.1-8) ...
Selecting previously unselected package gcc-8-base:amd64.
Preparing to unpack .../12-gcc-8-base_8.3.0-29_amd64.deb ...
Unpacking gcc-8-base:amd64 (8.3.0-29) ...
Selecting previously unselected package libmpx2:amd64.
Preparing to unpack .../13-libmpx2_8.3.0-29_amd64.deb ...
Unpacking libmpx2:amd64 (8.3.0-29) ...
Selecting previously unselected package libgcc-8-dev:amd64.
Preparing to unpack .../14-libgcc-8-dev_8.3.0-29_amd64.deb ...
Unpacking libgcc-8-dev:amd64 (8.3.0-29) ...
Selecting previously unselected package libstdc++-8-dev:amd64.
Preparing to unpack .../15-libstdc++-8-dev_8.3.0-29_amd64.deb ...
Unpacking libstdc++-8-dev:amd64 (8.3.0-29) ...
Selecting previously unselected package libgc1c2:amd64.
Preparing to unpack .../16-libgc1c2_1%3a7.6.4-0.4_amd64.deb ...
Unpacking libgc1c2:amd64 (1:7.6.4-0.4) ...
Selecting previously unselected package libobjc4:amd64.
Preparing to unpack .../17-libobjc4_10-20200222-1_amd64.deb ...
Unpacking libobjc4:amd64 (10-20200222-1) ...
Selecting previously unselected package libobjc-8-dev:amd64.
Preparing to unpack .../18-libobjc-8-dev_8.3.0-29_amd64.deb ...
Unpacking libobjc-8-dev:amd64 (8.3.0-29) ...
Selecting previously unselected package libc6-i386.
Preparing to unpack .../19-libc6-i386_2.29-10_amd64.deb ...
Unpacking libc6-i386 (2.29-10) ...
Selecting previously unselected package lib32gcc-s1.
Preparing to unpack .../20-lib32gcc-s1_10-20200222-1_amd64.deb ...
Unpacking lib32gcc-s1 (10-20200222-1) ...
Selecting previously unselected package lib32gcc1.
Preparing to unpack .../21-lib32gcc1_1%3a10-20200222-1_amd64.deb ...
Unpacking lib32gcc1 (1:10-20200222-1) ...
Selecting previously unselected package lib32stdc++6.
Preparing to unpack .../22-lib32stdc++6_10-20200222-1_amd64.deb ...
Unpacking lib32stdc++6 (10-20200222-1) ...
Selecting previously unselected package libclang-common-9-dev.
Preparing to unpack .../23-libclang-common-9-dev_1%3a9.0.1-8_amd64.deb ...
Unpacking libclang-common-9-dev (1:9.0.1-8) ...
Selecting previously unselected package clang-9.
Preparing to unpack .../24-clang-9_1%3a9.0.1-8_amd64.deb ...
Unpacking clang-9 (1:9.0.1-8) ...
Selecting previously unselected package libobjc-9-dev:amd64.
Preparing to unpack .../25-libobjc-9-dev_9.2.1-30_amd64.deb ...
Unpacking libobjc-9-dev:amd64 (9.2.1-30) ...
Selecting previously unselected package libomp5-9:amd64.
Preparing to unpack .../26-libomp5-9_1%3a9.0.1-8_amd64.deb ...
Unpacking libomp5-9:amd64 (1:9.0.1-8) ...
Selecting previously unselected package libomp-9-dev.
Preparing to unpack .../27-libomp-9-dev_1%3a9.0.1-8_amd64.deb ...
Unpacking libomp-9-dev (1:9.0.1-8) ...
Setting up libgc1c2:amd64 (1:7.6.4-0.4) ...
Setting up libobjc4:amd64 (10-20200222-1) ...
Setting up libz3-4:amd64 (4.8.7-4) ...
Setting up gcc-8-base:amd64 (8.3.0-29) ...
Setting up libmpx2:amd64 (8.3.0-29) ...
Setting up libc6-i386 (2.29-10) ...
Setting up libbsd0:amd64 (0.10.0-1) ...
Setting up gcc-9-base:amd64 (9.2.1-30) ...
Setting up libomp5-9:amd64 (1:9.0.1-8) ...
Setting up libedit2:amd64 (3.1-20191231-1) ...
Setting up libasan5:amd64 (9.2.1-30) ...
Setting up lib32gcc-s1 (10-20200222-1) ...
Setting up libgcc-8-dev:amd64 (8.3.0-29) ...
Setting up libomp-9-dev (1:9.0.1-8) ...
Setting up cpp-9 (9.2.1-30) ...
Setting up libllvm9:amd64 (1:9.0.1-8) ...
Setting up libstdc++-8-dev:amd64 (8.3.0-29) ...
Setting up libclang-cpp9 (1:9.0.1-8) ...
Setting up lib32gcc1 (1:10-20200222-1) ...
Setting up libgcc-9-dev:amd64 (9.2.1-30) ...
Setting up libobjc-8-dev:amd64 (8.3.0-29) ...
Setting up lib32stdc++6 (10-20200222-1) ...
Setting up libobjc-9-dev:amd64 (9.2.1-30) ...
Setting up libclang-common-9-dev (1:9.0.1-8) ...
Setting up gcc-9 (9.2.1-30) ...
Setting up libstdc++-9-dev:amd64 (9.2.1-30) ...
Setting up clang-9 (1:9.0.1-8) ...
Setting up g++-9 (9.2.1-30) ...
Processing triggers for libc-bin (2.29-10) ...
W: --force-yes is deprecated, use one of the options starting with --allow instead.
+ echo 'Replace gcc, g++ & cpp by clang'
Replace gcc, g++ & cpp by clang
+ VERSIONS='4.6 4.7 4.8 4.9 5 6 7 8 9 10'
+ cd /usr/bin
+ for VERSION in $VERSIONS
+ rm -f g++-4.6 gcc-4.6 cpp-4.6 gcc
+ ln -s clang++-9 g++-4.6
+ ln -s clang-9 gcc-4.6
+ ln -s clang-9 cpp-4.6
+ ln -s clang-9 gcc
+ echo 'gcc-4.6 hold'
+ dpkg --set-selections
dpkg: warning: package not in status nor available database at line 1: gcc-4.6
dpkg: warning: found unknown packages; this might mean the available database
is outdated, and needs to be updated through a frontend method;
please see the FAQ <https://wiki.debian.org/Teams/Dpkg/FAQ>
+ echo 'g++-4.6 hold'
+ dpkg --set-selections
dpkg: warning: package not in status nor available database at line 1: g++-4.6
dpkg: warning: found unknown packages; this might mean the available database
is outdated, and needs to be updated through a frontend method;
please see the FAQ <https://wiki.debian.org/Teams/Dpkg/FAQ>
+ for VERSION in $VERSIONS
+ rm -f g++-4.7 gcc-4.7 cpp-4.7 gcc
+ ln -s clang++-9 g++-4.7
+ ln -s clang-9 gcc-4.7
+ ln -s clang-9 cpp-4.7
+ ln -s clang-9 gcc
+ echo 'gcc-4.7 hold'
+ dpkg --set-selections
dpkg: warning: package not in status nor available database at line 1: gcc-4.7
dpkg: warning: found unknown packages; this might mean the available database
is outdated, and needs to be updated through a frontend method;
please see the FAQ <https://wiki.debian.org/Teams/Dpkg/FAQ>
+ echo 'g++-4.7 hold'
+ dpkg --set-selections
dpkg: warning: package not in status nor available database at line 1: g++-4.7
dpkg: warning: found unknown packages; this might mean the available database
is outdated, and needs to be updated through a frontend method;
please see the FAQ <https://wiki.debian.org/Teams/Dpkg/FAQ>
+ for VERSION in $VERSIONS
+ rm -f g++-4.8 gcc-4.8 cpp-4.8 gcc
+ ln -s clang++-9 g++-4.8
+ ln -s clang-9 gcc-4.8
+ ln -s clang-9 cpp-4.8
+ ln -s clang-9 gcc
+ echo 'gcc-4.8 hold'
+ dpkg --set-selections
dpkg: warning: package not in status nor available database at line 1: gcc-4.8
dpkg: warning: found unknown packages; this might mean the available database
is outdated, and needs to be updated through a frontend method;
please see the FAQ <https://wiki.debian.org/Teams/Dpkg/FAQ>
+ echo 'g++-4.8 hold'
+ dpkg --set-selections
dpkg: warning: package not in status nor available database at line 1: g++-4.8
dpkg: warning: found unknown packages; this might mean the available database
is outdated, and needs to be updated through a frontend method;
please see the FAQ <https://wiki.debian.org/Teams/Dpkg/FAQ>
+ for VERSION in $VERSIONS
+ rm -f g++-4.9 gcc-4.9 cpp-4.9 gcc
+ ln -s clang++-9 g++-4.9
+ ln -s clang-9 gcc-4.9
+ ln -s clang-9 cpp-4.9
+ ln -s clang-9 gcc
+ echo 'gcc-4.9 hold'
+ dpkg --set-selections
dpkg: warning: package not in status nor available database at line 1: gcc-4.9
dpkg: warning: found unknown packages; this might mean the available database
is outdated, and needs to be updated through a frontend method;
please see the FAQ <https://wiki.debian.org/Teams/Dpkg/FAQ>
+ echo 'g++-4.9 hold'
+ dpkg --set-selections
dpkg: warning: package not in status nor available database at line 1: g++-4.9
dpkg: warning: found unknown packages; this might mean the available database
is outdated, and needs to be updated through a frontend method;
please see the FAQ <https://wiki.debian.org/Teams/Dpkg/FAQ>
+ for VERSION in $VERSIONS
+ rm -f g++-5 gcc-5 cpp-5 gcc
+ ln -s clang++-9 g++-5
+ ln -s clang-9 gcc-5
+ ln -s clang-9 cpp-5
+ ln -s clang-9 gcc
+ echo 'gcc-5 hold'
+ dpkg --set-selections
dpkg: warning: package not in status nor available database at line 1: gcc-5
dpkg: warning: found unknown packages; this might mean the available database
is outdated, and needs to be updated through a frontend method;
please see the FAQ <https://wiki.debian.org/Teams/Dpkg/FAQ>
+ echo 'g++-5 hold'
+ dpkg --set-selections
dpkg: warning: package not in status nor available database at line 1: g++-5
dpkg: warning: found unknown packages; this might mean the available database
is outdated, and needs to be updated through a frontend method;
please see the FAQ <https://wiki.debian.org/Teams/Dpkg/FAQ>
+ for VERSION in $VERSIONS
+ rm -f g++-6 gcc-6 cpp-6 gcc
+ ln -s clang++-9 g++-6
+ ln -s clang-9 gcc-6
+ ln -s clang-9 cpp-6
+ ln -s clang-9 gcc
+ echo 'gcc-6 hold'
+ dpkg --set-selections
dpkg: warning: package not in status nor available database at line 1: gcc-6
dpkg: warning: found unknown packages; this might mean the available database
is outdated, and needs to be updated through a frontend method;
please see the FAQ <https://wiki.debian.org/Teams/Dpkg/FAQ>
+ echo 'g++-6 hold'
+ dpkg --set-selections
dpkg: warning: package not in status nor available database at line 1: g++-6
dpkg: warning: found unknown packages; this might mean the available database
is outdated, and needs to be updated through a frontend method;
please see the FAQ <https://wiki.debian.org/Teams/Dpkg/FAQ>
+ for VERSION in $VERSIONS
+ rm -f g++-7 gcc-7 cpp-7 gcc
+ ln -s clang++-9 g++-7
+ ln -s clang-9 gcc-7
+ ln -s clang-9 cpp-7
+ ln -s clang-9 gcc
+ echo 'gcc-7 hold'
+ dpkg --set-selections
dpkg: warning: package not in status nor available database at line 1: gcc-7
dpkg: warning: found unknown packages; this might mean the available database
is outdated, and needs to be updated through a frontend method;
please see the FAQ <https://wiki.debian.org/Teams/Dpkg/FAQ>
+ echo 'g++-7 hold'
+ dpkg --set-selections
dpkg: warning: package not in status nor available database at line 1: g++-7
dpkg: warning: found unknown packages; this might mean the available database
is outdated, and needs to be updated through a frontend method;
please see the FAQ <https://wiki.debian.org/Teams/Dpkg/FAQ>
+ for VERSION in $VERSIONS
+ rm -f g++-8 gcc-8 cpp-8 gcc
+ ln -s clang++-9 g++-8
+ ln -s clang-9 gcc-8
+ ln -s clang-9 cpp-8
+ ln -s clang-9 gcc
+ echo 'gcc-8 hold'
+ dpkg --set-selections
dpkg: warning: package not in status nor available database at line 1: gcc-8
dpkg: warning: found unknown packages; this might mean the available database
is outdated, and needs to be updated through a frontend method;
please see the FAQ <https://wiki.debian.org/Teams/Dpkg/FAQ>
+ echo 'g++-8 hold'
+ dpkg --set-selections
dpkg: warning: package not in status nor available database at line 1: g++-8
dpkg: warning: found unknown packages; this might mean the available database
is outdated, and needs to be updated through a frontend method;
please see the FAQ <https://wiki.debian.org/Teams/Dpkg/FAQ>
+ for VERSION in $VERSIONS
+ rm -f g++-9 gcc-9 cpp-9 gcc
+ ln -s clang++-9 g++-9
+ ln -s clang-9 gcc-9
+ ln -s clang-9 cpp-9
+ ln -s clang-9 gcc
+ echo 'gcc-9 hold'
+ dpkg --set-selections
+ echo 'g++-9 hold'
+ dpkg --set-selections
+ for VERSION in $VERSIONS
+ rm -f g++-10 gcc-10 cpp-10 gcc
+ ln -s clang++-9 g++-10
+ ln -s clang-9 gcc-10
+ ln -s clang-9 cpp-10
+ ln -s clang-9 gcc
+ echo 'gcc-10 hold'
+ dpkg --set-selections
dpkg: warning: package not in status nor available database at line 1: gcc-10
dpkg: warning: found unknown packages; this might mean the available database
is outdated, and needs to be updated through a frontend method;
please see the FAQ <https://wiki.debian.org/Teams/Dpkg/FAQ>
+ echo 'g++-10 hold'
+ dpkg --set-selections
dpkg: warning: package not in status nor available database at line 1: g++-10
dpkg: warning: found unknown packages; this might mean the available database
is outdated, and needs to be updated through a frontend method;
please see the FAQ <https://wiki.debian.org/Teams/Dpkg/FAQ>
+ cd -
/build/autodock-vina-z6fyfC
+ echo 'Check if gcc, g++ & cpp are actually clang'
Check if gcc, g++ & cpp are actually clang
+ gcc --version
+ grep clang
+ cpp --version
+ grep clang
+ g++ --version
+ grep clang

I: Finished running '/tmp/clang9'.

Finished processing commands.
--------------------------------------------------------------------------------
I: NOTICE: Log filtering will replace 'build/autodock-vina-z6fyfC/resolver-dqZrGx' with '<<RESOLVERDIR>>'

+------------------------------------------------------------------------------+
| Update chroot                                                                |
+------------------------------------------------------------------------------+

Hit:1 http://127.0.0.1:12990/debian sid InRelease
Reading package lists...
Reading package lists...
Building dependency tree...
Reading state information...
Calculating upgrade...
The following packages will be upgraded:
  bash libgmp10 zlib1g
3 upgraded, 0 newly installed, 0 to remove and 0 not upgraded.
Need to get 1722 kB of archives.
After this operation, 4096 B of additional disk space will be used.
Get:1 http://127.0.0.1:12990/debian sid/main amd64 bash amd64 5.0-6 [1379 kB]
Get:2 http://127.0.0.1:12990/debian sid/main amd64 libgmp10 amd64 2:6.2.0+dfsg-4 [253 kB]
Get:3 http://127.0.0.1:12990/debian sid/main amd64 zlib1g amd64 1:1.2.11.dfsg-2 [90.4 kB]
debconf: delaying package configuration, since apt-utils is not installed
Fetched 1722 kB in 0s (73.2 MB/s)
(Reading database ... (Reading database ... 5%(Reading database ... 10%(Reading database ... 15%(Reading database ... 20%(Reading database ... 25%(Reading database ... 30%(Reading database ... 35%(Reading database ... 40%(Reading database ... 45%(Reading database ... 50%(Reading database ... 55%(Reading database ... 60%(Reading database ... 65%(Reading database ... 70%(Reading database ... 75%(Reading database ... 80%(Reading database ... 85%(Reading database ... 90%(Reading database ... 95%(Reading database ... 100%(Reading database ... 13921 files and directories currently installed.)
Preparing to unpack .../archives/bash_5.0-6_amd64.deb ...
Unpacking bash (5.0-6) over (5.0-5) ...
Setting up bash (5.0-6) ...
update-alternatives: using /usr/share/man/man7/bash-builtins.7.gz to provide /usr/share/man/man7/builtins.7.gz (builtins.7.gz) in auto mode
(Reading database ... (Reading database ... 5%(Reading database ... 10%(Reading database ... 15%(Reading database ... 20%(Reading database ... 25%(Reading database ... 30%(Reading database ... 35%(Reading database ... 40%(Reading database ... 45%(Reading database ... 50%(Reading database ... 55%(Reading database ... 60%(Reading database ... 65%(Reading database ... 70%(Reading database ... 75%(Reading database ... 80%(Reading database ... 85%(Reading database ... 90%(Reading database ... 95%(Reading database ... 100%(Reading database ... 13921 files and directories currently installed.)
Preparing to unpack .../libgmp10_2%3a6.2.0+dfsg-4_amd64.deb ...
Unpacking libgmp10:amd64 (2:6.2.0+dfsg-4) over (2:6.2.0+dfsg-3) ...
Setting up libgmp10:amd64 (2:6.2.0+dfsg-4) ...
(Reading database ... (Reading database ... 5%(Reading database ... 10%(Reading database ... 15%(Reading database ... 20%(Reading database ... 25%(Reading database ... 30%(Reading database ... 35%(Reading database ... 40%(Reading database ... 45%(Reading database ... 50%(Reading database ... 55%(Reading database ... 60%(Reading database ... 65%(Reading database ... 70%(Reading database ... 75%(Reading database ... 80%(Reading database ... 85%(Reading database ... 90%(Reading database ... 95%(Reading database ... 100%(Reading database ... 13921 files and directories currently installed.)
Preparing to unpack .../zlib1g_1%3a1.2.11.dfsg-2_amd64.deb ...
Unpacking zlib1g:amd64 (1:1.2.11.dfsg-2) over (1:1.2.11.dfsg-1.2) ...
Setting up zlib1g:amd64 (1:1.2.11.dfsg-2) ...
Processing triggers for libc-bin (2.29-10) ...

+------------------------------------------------------------------------------+
| Fetch source files                                                           |
+------------------------------------------------------------------------------+


Check APT
---------

Checking available source versions...

Download source files with APT
------------------------------

Reading package lists...
NOTICE: 'autodock-vina' packaging is maintained in the 'Git' version control system at:
https://salsa.debian.org/med-team/autodock-vina.git
Please use:
git clone https://salsa.debian.org/med-team/autodock-vina.git
to retrieve the latest (possibly unreleased) updates to the package.
Need to get 109 kB of source archives.
Get:1 http://127.0.0.1:12990/debian sid/main autodock-vina 1.1.2-5 (dsc) [2085 B]
Get:2 http://127.0.0.1:12990/debian sid/main autodock-vina 1.1.2-5 (tar) [69.5 kB]
Get:3 http://127.0.0.1:12990/debian sid/main autodock-vina 1.1.2-5 (diff) [37.1 kB]
Fetched 109 kB in 0s (2147 kB/s)
Download complete and in download only mode
I: NOTICE: Log filtering will replace 'build/autodock-vina-z6fyfC/autodock-vina-1.1.2' with '<<PKGBUILDDIR>>'
I: NOTICE: Log filtering will replace 'build/autodock-vina-z6fyfC' with '<<BUILDDIR>>'

+------------------------------------------------------------------------------+
| Install package build dependencies                                           |
+------------------------------------------------------------------------------+


Setup apt archive
-----------------

Merged Build-Depends: debhelper (>= 11~), libboost-all-dev, build-essential, fakeroot
Filtered Build-Depends: debhelper (>= 11~), libboost-all-dev, build-essential, fakeroot
dpkg-deb: building package 'sbuild-build-depends-main-dummy' in '/<<RESOLVERDIR>>/apt_archive/sbuild-build-depends-main-dummy.deb'.
Ign:1 copy:/<<RESOLVERDIR>>/apt_archive ./ InRelease
Get:2 copy:/<<RESOLVERDIR>>/apt_archive ./ Release [957 B]
Ign:3 copy:/<<RESOLVERDIR>>/apt_archive ./ Release.gpg
Get:4 copy:/<<RESOLVERDIR>>/apt_archive ./ Sources [379 B]
Get:5 copy:/<<RESOLVERDIR>>/apt_archive ./ Packages [462 B]
Fetched 1798 B in 0s (0 B/s)
Reading package lists...
Reading package lists...

Install main build dependencies (apt-based resolver)
----------------------------------------------------

Installing build dependencies
Reading package lists...
Building dependency tree...
Reading state information...
The following additional packages will be installed:
  autoconf automake autopoint autotools-dev bsdmainutils debhelper
  dh-autoreconf dh-strip-nondeterminism dwz file gettext gettext-base
  gfortran-9 groff-base ibverbs-providers icu-devtools intltool-debian
  libarchive-zip-perl libboost-all-dev libboost-atomic-dev
  libboost-atomic1.67-dev libboost-atomic1.67.0 libboost-chrono-dev
  libboost-chrono1.67-dev libboost-chrono1.67.0 libboost-container-dev
  libboost-container1.67-dev libboost-container1.67.0 libboost-context-dev
  libboost-context1.67-dev libboost-context1.67.0 libboost-coroutine-dev
  libboost-coroutine1.67-dev libboost-coroutine1.67.0 libboost-date-time-dev
  libboost-date-time1.67-dev libboost-date-time1.67.0 libboost-dev
  libboost-exception-dev libboost-exception1.67-dev libboost-fiber-dev
  libboost-fiber1.67-dev libboost-fiber1.67.0 libboost-filesystem-dev
  libboost-filesystem1.67-dev libboost-filesystem1.67.0 libboost-graph-dev
  libboost-graph-parallel-dev libboost-graph-parallel1.67-dev
  libboost-graph-parallel1.67.0 libboost-graph1.67-dev libboost-graph1.67.0
  libboost-iostreams-dev libboost-iostreams1.67-dev libboost-iostreams1.67.0
  libboost-locale-dev libboost-locale1.67-dev libboost-locale1.67.0
  libboost-log-dev libboost-log1.67-dev libboost-log1.67.0 libboost-math-dev
  libboost-math1.67-dev libboost-math1.67.0 libboost-mpi-dev
  libboost-mpi-python-dev libboost-mpi-python1.67-dev
  libboost-mpi-python1.67.0 libboost-mpi1.67-dev libboost-mpi1.67.0
  libboost-numpy-dev libboost-numpy1.67-dev libboost-numpy1.67.0
  libboost-program-options-dev libboost-program-options1.67-dev
  libboost-program-options1.67.0 libboost-python-dev libboost-python1.67-dev
  libboost-python1.67.0 libboost-random-dev libboost-random1.67-dev
  libboost-random1.67.0 libboost-regex-dev libboost-regex1.67-dev
  libboost-regex1.67.0 libboost-serialization-dev
  libboost-serialization1.67-dev libboost-serialization1.67.0
  libboost-signals-dev libboost-signals1.67-dev libboost-signals1.67.0
  libboost-stacktrace-dev libboost-stacktrace1.67-dev
  libboost-stacktrace1.67.0 libboost-system-dev libboost-system1.67-dev
  libboost-system1.67.0 libboost-test-dev libboost-test1.67-dev
  libboost-test1.67.0 libboost-thread-dev libboost-thread1.67-dev
  libboost-thread1.67.0 libboost-timer-dev libboost-timer1.67-dev
  libboost-timer1.67.0 libboost-tools-dev libboost-type-erasure-dev
  libboost-type-erasure1.67-dev libboost-type-erasure1.67.0 libboost-wave-dev
  libboost-wave1.67-dev libboost-wave1.67.0 libboost1.67-dev
  libboost1.67-tools-dev libcbor0 libcroco3 libdebhelper-perl libelf1
  libevent-2.1-7 libevent-core-2.1-7 libevent-dev libevent-extra-2.1-7
  libevent-openssl-2.1-7 libevent-pthreads-2.1-7 libexpat1 libexpat1-dev
  libfabric1 libfido2-1 libfile-stripnondeterminism-perl libgfortran-9-dev
  libgfortran5 libglib2.0-0 libgssapi-krb5-2 libhwloc-dev libhwloc-plugins
  libhwloc15 libibverbs-dev libibverbs1 libicu-dev libicu63 libk5crypto3
  libkeyutils1 libkrb5-3 libkrb5support0 libltdl-dev libltdl7 libmagic-mgc
  libmagic1 libmpdec2 libnl-3-200 libnl-3-dev libnl-route-3-200
  libnl-route-3-dev libnuma-dev libnuma1 libopenmpi-dev libopenmpi3
  libpciaccess0 libpipeline1 libpmix2 libpsm-infinipath1 libpsm2-2
  libpython-dev libpython-stdlib libpython2-dev libpython2-stdlib libpython2.7
  libpython2.7-dev libpython2.7-minimal libpython2.7-stdlib libpython3-dev
  libpython3-stdlib libpython3.7 libpython3.7-dev libpython3.7-minimal
  libpython3.7-stdlib librdmacm1 libreadline8 libsigsegv2 libsqlite3-0
  libssl1.1 libsub-override-perl libtool libuchardet0 libx11-6 libx11-data
  libxau6 libxcb1 libxdmcp6 libxext6 libxml2 libxnvctrl0 m4 man-db
  mime-support mpi-default-bin mpi-default-dev ocl-icd-libopencl1 openmpi-bin
  openmpi-common openssh-client po-debconf python python-dev python-minimal
  python2 python2-dev python2-minimal python2.7 python2.7-dev
  python2.7-minimal python3 python3-dev python3-distutils python3-lib2to3
  python3-minimal python3.7 python3.7-dev python3.7-minimal readline-common
  sensible-utils zlib1g-dev
Suggested packages:
  autoconf-archive gnu-standards autoconf-doc wamerican | wordlist whois
  vacation dh-make gettext-doc libasprintf-dev libgettextpo-dev
  gfortran-9-multilib gfortran-9-doc libcoarrays-dev groff libboost-doc
  graphviz libboost1.67-doc gccxml libboost-contract1.67-dev libmpfrc++-dev
  libntl-dev xsltproc doxygen docbook-xml docbook-xsl default-jdk fop krb5-doc
  krb5-user libhwloc-contrib-plugins icu-doc libtool-doc openmpi-doc pciutils
  gcj-jdk m4-doc apparmor less www-browser opencl-icd gfortran
  | fortran-compiler keychain libpam-ssh monkeysphere ssh-askpass
  libmail-box-perl python-doc python-tk python2-doc python2.7-doc
  binfmt-support python3-doc python3-tk python3-venv python3.7-venv
  python3.7-doc readline-doc
Recommended packages:
  curl | wget | lynx libarchive-cpio-perl libglib2.0-data shared-mime-info
  xdg-user-dirs krb5-locales libcoarrays-openmpi-dev xauth
  libmail-sendmail-perl
The following NEW packages will be installed:
  autoconf automake autopoint autotools-dev bsdmainutils debhelper
  dh-autoreconf dh-strip-nondeterminism dwz file gettext gettext-base
  gfortran-9 groff-base ibverbs-providers icu-devtools intltool-debian
  libarchive-zip-perl libboost-all-dev libboost-atomic-dev
  libboost-atomic1.67-dev libboost-atomic1.67.0 libboost-chrono-dev
  libboost-chrono1.67-dev libboost-chrono1.67.0 libboost-container-dev
  libboost-container1.67-dev libboost-container1.67.0 libboost-context-dev
  libboost-context1.67-dev libboost-context1.67.0 libboost-coroutine-dev
  libboost-coroutine1.67-dev libboost-coroutine1.67.0 libboost-date-time-dev
  libboost-date-time1.67-dev libboost-date-time1.67.0 libboost-dev
  libboost-exception-dev libboost-exception1.67-dev libboost-fiber-dev
  libboost-fiber1.67-dev libboost-fiber1.67.0 libboost-filesystem-dev
  libboost-filesystem1.67-dev libboost-filesystem1.67.0 libboost-graph-dev
  libboost-graph-parallel-dev libboost-graph-parallel1.67-dev
  libboost-graph-parallel1.67.0 libboost-graph1.67-dev libboost-graph1.67.0
  libboost-iostreams-dev libboost-iostreams1.67-dev libboost-iostreams1.67.0
  libboost-locale-dev libboost-locale1.67-dev libboost-locale1.67.0
  libboost-log-dev libboost-log1.67-dev libboost-log1.67.0 libboost-math-dev
  libboost-math1.67-dev libboost-math1.67.0 libboost-mpi-dev
  libboost-mpi-python-dev libboost-mpi-python1.67-dev
  libboost-mpi-python1.67.0 libboost-mpi1.67-dev libboost-mpi1.67.0
  libboost-numpy-dev libboost-numpy1.67-dev libboost-numpy1.67.0
  libboost-program-options-dev libboost-program-options1.67-dev
  libboost-program-options1.67.0 libboost-python-dev libboost-python1.67-dev
  libboost-python1.67.0 libboost-random-dev libboost-random1.67-dev
  libboost-random1.67.0 libboost-regex-dev libboost-regex1.67-dev
  libboost-regex1.67.0 libboost-serialization-dev
  libboost-serialization1.67-dev libboost-serialization1.67.0
  libboost-signals-dev libboost-signals1.67-dev libboost-signals1.67.0
  libboost-stacktrace-dev libboost-stacktrace1.67-dev
  libboost-stacktrace1.67.0 libboost-system-dev libboost-system1.67-dev
  libboost-system1.67.0 libboost-test-dev libboost-test1.67-dev
  libboost-test1.67.0 libboost-thread-dev libboost-thread1.67-dev
  libboost-thread1.67.0 libboost-timer-dev libboost-timer1.67-dev
  libboost-timer1.67.0 libboost-tools-dev libboost-type-erasure-dev
  libboost-type-erasure1.67-dev libboost-type-erasure1.67.0 libboost-wave-dev
  libboost-wave1.67-dev libboost-wave1.67.0 libboost1.67-dev
  libboost1.67-tools-dev libcbor0 libcroco3 libdebhelper-perl libelf1
  libevent-2.1-7 libevent-core-2.1-7 libevent-dev libevent-extra-2.1-7
  libevent-openssl-2.1-7 libevent-pthreads-2.1-7 libexpat1 libexpat1-dev
  libfabric1 libfido2-1 libfile-stripnondeterminism-perl libgfortran-9-dev
  libgfortran5 libglib2.0-0 libgssapi-krb5-2 libhwloc-dev libhwloc-plugins
  libhwloc15 libibverbs-dev libibverbs1 libicu-dev libicu63 libk5crypto3
  libkeyutils1 libkrb5-3 libkrb5support0 libltdl-dev libltdl7 libmagic-mgc
  libmagic1 libmpdec2 libnl-3-200 libnl-3-dev libnl-route-3-200
  libnl-route-3-dev libnuma-dev libnuma1 libopenmpi-dev libopenmpi3
  libpciaccess0 libpipeline1 libpmix2 libpsm-infinipath1 libpsm2-2
  libpython-dev libpython-stdlib libpython2-dev libpython2-stdlib libpython2.7
  libpython2.7-dev libpython2.7-minimal libpython2.7-stdlib libpython3-dev
  libpython3-stdlib libpython3.7 libpython3.7-dev libpython3.7-minimal
  libpython3.7-stdlib librdmacm1 libreadline8 libsigsegv2 libsqlite3-0
  libssl1.1 libsub-override-perl libtool libuchardet0 libx11-6 libx11-data
  libxau6 libxcb1 libxdmcp6 libxext6 libxml2 libxnvctrl0 m4 man-db
  mime-support mpi-default-bin mpi-default-dev ocl-icd-libopencl1 openmpi-bin
  openmpi-common openssh-client po-debconf python python-dev python-minimal
  python2 python2-dev python2-minimal python2.7 python2.7-dev
  python2.7-minimal python3 python3-dev python3-distutils python3-lib2to3
  python3-minimal python3.7 python3.7-dev python3.7-minimal readline-common
  sbuild-build-depends-main-dummy sensible-utils zlib1g-dev
0 upgraded, 224 newly installed, 0 to remove and 0 not upgraded.
Need to get 165 MB of archives.
After this operation, 704 MB of additional disk space will be used.
Get:1 copy:/<<RESOLVERDIR>>/apt_archive ./ sbuild-build-depends-main-dummy 0.invalid.0 [888 B]
Get:2 http://127.0.0.1:12990/debian sid/main amd64 bsdmainutils amd64 11.1.2+b1 [191 kB]
Get:3 http://127.0.0.1:12990/debian sid/main amd64 libuchardet0 amd64 0.0.6-3 [64.9 kB]
Get:4 http://127.0.0.1:12990/debian sid/main amd64 groff-base amd64 1.22.4-4 [919 kB]
Get:5 http://127.0.0.1:12990/debian sid/main amd64 libpipeline1 amd64 1.5.2-2 [33.9 kB]
Get:6 http://127.0.0.1:12990/debian sid/main amd64 man-db amd64 2.9.0-2 [1307 kB]
Get:7 http://127.0.0.1:12990/debian sid/main amd64 libpython2.7-minimal amd64 2.7.17-1+b1 [395 kB]
Get:8 http://127.0.0.1:12990/debian sid/main amd64 python2.7-minimal amd64 2.7.17-1+b1 [1342 kB]
Get:9 http://127.0.0.1:12990/debian sid/main amd64 python2-minimal amd64 2.7.17-2 [41.4 kB]
Get:10 http://127.0.0.1:12990/debian sid/main amd64 python-minimal amd64 2.7.17-2 [21.1 kB]
Get:11 http://127.0.0.1:12990/debian sid/main amd64 libssl1.1 amd64 1.1.1d-2 [1540 kB]
Get:12 http://127.0.0.1:12990/debian sid/main amd64 mime-support all 3.64 [37.8 kB]
Get:13 http://127.0.0.1:12990/debian sid/main amd64 libexpat1 amd64 2.2.9-1 [94.3 kB]
Get:14 http://127.0.0.1:12990/debian sid/main amd64 readline-common all 8.0-4 [72.5 kB]
Get:15 http://127.0.0.1:12990/debian sid/main amd64 libreadline8 amd64 8.0-4 [160 kB]
Get:16 http://127.0.0.1:12990/debian sid/main amd64 libsqlite3-0 amd64 3.31.1-3 [661 kB]
Get:17 http://127.0.0.1:12990/debian sid/main amd64 libpython2.7-stdlib amd64 2.7.17-1+b1 [1886 kB]
Get:18 http://127.0.0.1:12990/debian sid/main amd64 python2.7 amd64 2.7.17-1+b1 [309 kB]
Get:19 http://127.0.0.1:12990/debian sid/main amd64 libpython2-stdlib amd64 2.7.17-2 [20.9 kB]
Get:20 http://127.0.0.1:12990/debian sid/main amd64 libpython-stdlib amd64 2.7.17-2 [20.9 kB]
Get:21 http://127.0.0.1:12990/debian sid/main amd64 python2 amd64 2.7.17-2 [41.7 kB]
Get:22 http://127.0.0.1:12990/debian sid/main amd64 python amd64 2.7.17-2 [22.9 kB]
Get:23 http://127.0.0.1:12990/debian sid/main amd64 libpython3.7-minimal amd64 3.7.6-1+b1 [591 kB]
Get:24 http://127.0.0.1:12990/debian sid/main amd64 python3.7-minimal amd64 3.7.6-1+b1 [1813 kB]
Get:25 http://127.0.0.1:12990/debian sid/main amd64 python3-minimal amd64 3.7.5-3 [36.8 kB]
Get:26 http://127.0.0.1:12990/debian sid/main amd64 libmpdec2 amd64 2.4.2-2 [87.2 kB]
Get:27 http://127.0.0.1:12990/debian sid/main amd64 libpython3.7-stdlib amd64 3.7.6-1+b1 [1735 kB]
Get:28 http://127.0.0.1:12990/debian sid/main amd64 python3.7 amd64 3.7.6-1+b1 [351 kB]
Get:29 http://127.0.0.1:12990/debian sid/main amd64 libpython3-stdlib amd64 3.7.5-3 [20.2 kB]
Get:30 http://127.0.0.1:12990/debian sid/main amd64 python3 amd64 3.7.5-3 [62.1 kB]
Get:31 http://127.0.0.1:12990/debian sid/main amd64 sensible-utils all 0.0.12+nmu1 [16.0 kB]
Get:32 http://127.0.0.1:12990/debian sid/main amd64 libmagic-mgc amd64 1:5.38-4 [262 kB]
Get:33 http://127.0.0.1:12990/debian sid/main amd64 libmagic1 amd64 1:5.38-4 [120 kB]
Get:34 http://127.0.0.1:12990/debian sid/main amd64 file amd64 1:5.38-4 [67.9 kB]
Get:35 http://127.0.0.1:12990/debian sid/main amd64 gettext-base amd64 0.19.8.1-10 [123 kB]
Get:36 http://127.0.0.1:12990/debian sid/main amd64 libcbor0 amd64 0.5.0+dfsg-2 [24.0 kB]
Get:37 http://127.0.0.1:12990/debian sid/main amd64 libfido2-1 amd64 1.3.1-1 [47.4 kB]
Get:38 http://127.0.0.1:12990/debian sid/main amd64 libkeyutils1 amd64 1.6.1-2 [15.4 kB]
Get:39 http://127.0.0.1:12990/debian sid/main amd64 libkrb5support0 amd64 1.17-6 [64.6 kB]
Get:40 http://127.0.0.1:12990/debian sid/main amd64 libk5crypto3 amd64 1.17-6 [116 kB]
Get:41 http://127.0.0.1:12990/debian sid/main amd64 libkrb5-3 amd64 1.17-6 [366 kB]
Get:42 http://127.0.0.1:12990/debian sid/main amd64 libgssapi-krb5-2 amd64 1.17-6 [156 kB]
Get:43 http://127.0.0.1:12990/debian sid/main amd64 openssh-client amd64 1:8.2p1-3 [906 kB]
Get:44 http://127.0.0.1:12990/debian sid/main amd64 libsigsegv2 amd64 2.12-2 [32.8 kB]
Get:45 http://127.0.0.1:12990/debian sid/main amd64 m4 amd64 1.4.18-4 [203 kB]
Get:46 http://127.0.0.1:12990/debian sid/main amd64 autoconf all 2.69-11.1 [341 kB]
Get:47 http://127.0.0.1:12990/debian sid/main amd64 autotools-dev all 20180224.1 [77.0 kB]
Get:48 http://127.0.0.1:12990/debian sid/main amd64 automake all 1:1.16.1-4 [771 kB]
Get:49 http://127.0.0.1:12990/debian sid/main amd64 autopoint all 0.19.8.1-10 [435 kB]
Get:50 http://127.0.0.1:12990/debian sid/main amd64 libtool all 2.4.6-13 [513 kB]
Get:51 http://127.0.0.1:12990/debian sid/main amd64 dh-autoreconf all 19 [16.9 kB]
Get:52 http://127.0.0.1:12990/debian sid/main amd64 libdebhelper-perl all 12.9 [183 kB]
Get:53 http://127.0.0.1:12990/debian sid/main amd64 libarchive-zip-perl all 1.67-1 [104 kB]
Get:54 http://127.0.0.1:12990/debian sid/main amd64 libsub-override-perl all 0.09-2 [10.2 kB]
Get:55 http://127.0.0.1:12990/debian sid/main amd64 libfile-stripnondeterminism-perl all 1.6.3-2 [23.7 kB]
Get:56 http://127.0.0.1:12990/debian sid/main amd64 dh-strip-nondeterminism all 1.6.3-2 [14.7 kB]
Get:57 http://127.0.0.1:12990/debian sid/main amd64 libelf1 amd64 0.176-1.1 [161 kB]
Get:58 http://127.0.0.1:12990/debian sid/main amd64 dwz amd64 0.13-5 [151 kB]
Get:59 http://127.0.0.1:12990/debian sid/main amd64 libglib2.0-0 amd64 2.62.4-2 [1319 kB]
Get:60 http://127.0.0.1:12990/debian sid/main amd64 libicu63 amd64 63.2-2 [8301 kB]
Get:61 http://127.0.0.1:12990/debian sid/main amd64 libxml2 amd64 2.9.10+dfsg-3 [709 kB]
Get:62 http://127.0.0.1:12990/debian sid/main amd64 libcroco3 amd64 0.6.13-1 [146 kB]
Get:63 http://127.0.0.1:12990/debian sid/main amd64 gettext amd64 0.19.8.1-10 [1303 kB]
Get:64 http://127.0.0.1:12990/debian sid/main amd64 intltool-debian all 0.35.0+20060710.5 [26.8 kB]
Get:65 http://127.0.0.1:12990/debian sid/main amd64 po-debconf all 1.0.21 [248 kB]
Get:66 http://127.0.0.1:12990/debian sid/main amd64 debhelper all 12.9 [994 kB]
Get:67 http://127.0.0.1:12990/debian sid/main amd64 libgfortran5 amd64 10-20200222-1 [721 kB]
Get:68 http://127.0.0.1:12990/debian sid/main amd64 libgfortran-9-dev amd64 9.2.1-30 [676 kB]
Get:69 http://127.0.0.1:12990/debian sid/main amd64 gfortran-9 amd64 9.2.1-30 [10.4 MB]
Get:70 http://127.0.0.1:12990/debian sid/main amd64 libnl-3-200 amd64 3.4.0-1+b1 [63.6 kB]
Get:71 http://127.0.0.1:12990/debian sid/main amd64 libnl-route-3-200 amd64 3.4.0-1+b1 [161 kB]
Get:72 http://127.0.0.1:12990/debian sid/main amd64 libibverbs1 amd64 28.0-1 [54.5 kB]
Get:73 http://127.0.0.1:12990/debian sid/main amd64 ibverbs-providers amd64 28.0-1 [234 kB]
Get:74 http://127.0.0.1:12990/debian sid/main amd64 icu-devtools amd64 63.2-2 [189 kB]
Get:75 http://127.0.0.1:12990/debian sid/main amd64 libboost1.67-dev amd64 1.67.0-17 [8389 kB]
Get:76 http://127.0.0.1:12990/debian sid/main amd64 libboost-dev amd64 1.67.0.2+b1 [4496 B]
Get:77 http://127.0.0.1:12990/debian sid/main amd64 libboost1.67-tools-dev amd64 1.67.0-17 [1450 kB]
Get:78 http://127.0.0.1:12990/debian sid/main amd64 libboost-tools-dev amd64 1.67.0.2+b1 [4456 B]
Get:79 http://127.0.0.1:12990/debian sid/main amd64 libboost-atomic1.67.0 amd64 1.67.0-17 [226 kB]
Get:80 http://127.0.0.1:12990/debian sid/main amd64 libboost-atomic1.67-dev amd64 1.67.0-17 [225 kB]
Get:81 http://127.0.0.1:12990/debian sid/main amd64 libboost-atomic-dev amd64 1.67.0.2+b1 [4584 B]
Get:82 http://127.0.0.1:12990/debian sid/main amd64 libboost-system1.67.0 amd64 1.67.0-17 [229 kB]
Get:83 http://127.0.0.1:12990/debian sid/main amd64 libboost-chrono1.67.0 amd64 1.67.0-17 [234 kB]
Get:84 http://127.0.0.1:12990/debian sid/main amd64 libboost-chrono1.67-dev amd64 1.67.0-17 [237 kB]
Get:85 http://127.0.0.1:12990/debian sid/main amd64 libboost-chrono-dev amd64 1.67.0.2+b1 [4900 B]
Get:86 http://127.0.0.1:12990/debian sid/main amd64 libboost-container1.67.0 amd64 1.67.0-17 [255 kB]
Get:87 http://127.0.0.1:12990/debian sid/main amd64 libboost-container1.67-dev amd64 1.67.0-17 [256 kB]
Get:88 http://127.0.0.1:12990/debian sid/main amd64 libboost-container-dev amd64 1.67.0.2+b1 [4756 B]
Get:89 http://127.0.0.1:12990/debian sid/main amd64 libboost-context1.67.0 amd64 1.67.0-17 [228 kB]
Get:90 http://127.0.0.1:12990/debian sid/main amd64 libboost-context1.67-dev amd64 1.67.0-17 [228 kB]
Get:91 http://127.0.0.1:12990/debian sid/main amd64 libboost-context-dev amd64 1.67.0.2+b1 [4480 B]
Get:92 http://127.0.0.1:12990/debian sid/main amd64 libboost-thread1.67.0 amd64 1.67.0-17 [269 kB]
Get:93 http://127.0.0.1:12990/debian sid/main amd64 libboost-coroutine1.67.0 amd64 1.67.0-17 [241 kB]
Get:94 http://127.0.0.1:12990/debian sid/main amd64 libboost-coroutine1.67-dev amd64 1.67.0-17 [243 kB]
Get:95 http://127.0.0.1:12990/debian sid/main amd64 libboost-coroutine-dev amd64 1.67.0.2+b1 [4552 B]
Get:96 http://127.0.0.1:12990/debian sid/main amd64 libboost-date-time1.67.0 amd64 1.67.0-17 [239 kB]
Get:97 http://127.0.0.1:12990/debian sid/main amd64 libboost-serialization1.67.0 amd64 1.67.0-17 [318 kB]
Get:98 http://127.0.0.1:12990/debian sid/main amd64 libboost-serialization1.67-dev amd64 1.67.0-17 [358 kB]
Get:99 http://127.0.0.1:12990/debian sid/main amd64 libboost-date-time1.67-dev amd64 1.67.0-17 [248 kB]
Get:100 http://127.0.0.1:12990/debian sid/main amd64 libboost-date-time-dev amd64 1.67.0.2+b1 [4276 B]
Get:101 http://127.0.0.1:12990/debian sid/main amd64 libboost-exception1.67-dev amd64 1.67.0-17 [225 kB]
Get:102 http://127.0.0.1:12990/debian sid/main amd64 libboost-exception-dev amd64 1.67.0.2+b1 [4264 B]
Get:103 http://127.0.0.1:12990/debian sid/main amd64 libboost-filesystem1.67.0 amd64 1.67.0-17 [260 kB]
Get:104 http://127.0.0.1:12990/debian sid/main amd64 libboost-fiber1.67.0 amd64 1.67.0-17 [333 kB]
Get:105 http://127.0.0.1:12990/debian sid/main amd64 libboost-fiber1.67-dev amd64 1.67.0-17 [345 kB]
Get:106 http://127.0.0.1:12990/debian sid/main amd64 libboost-fiber-dev amd64 1.67.0.2+b1 [4708 B]
Get:107 http://127.0.0.1:12990/debian sid/main amd64 libboost-system1.67-dev amd64 1.67.0-17 [232 kB]
Get:108 http://127.0.0.1:12990/debian sid/main amd64 libboost-filesystem1.67-dev amd64 1.67.0-17 [269 kB]
Get:109 http://127.0.0.1:12990/debian sid/main amd64 libboost-filesystem-dev amd64 1.67.0.2+b1 [4312 B]
Get:110 http://127.0.0.1:12990/debian sid/main amd64 libboost-regex1.67.0 amd64 1.67.0-17 [513 kB]
Get:111 http://127.0.0.1:12990/debian sid/main amd64 libboost-graph1.67.0 amd64 1.67.0-17 [323 kB]
Get:112 http://127.0.0.1:12990/debian sid/main amd64 libboost-test1.67.0 amd64 1.67.0-17 [463 kB]
Get:113 http://127.0.0.1:12990/debian sid/main amd64 libboost-test1.67-dev amd64 1.67.0-17 [516 kB]
Get:114 http://127.0.0.1:12990/debian sid/main amd64 libboost-graph1.67-dev amd64 1.67.0-17 [334 kB]
Get:115 http://127.0.0.1:12990/debian sid/main amd64 libboost-graph-dev amd64 1.67.0.2+b1 [4384 B]
Get:116 http://127.0.0.1:12990/debian sid/main amd64 libevent-2.1-7 amd64 2.1.11-stable-1 [186 kB]
Get:117 http://127.0.0.1:12990/debian sid/main amd64 libevent-core-2.1-7 amd64 2.1.11-stable-1 [137 kB]
Get:118 http://127.0.0.1:12990/debian sid/main amd64 libevent-pthreads-2.1-7 amd64 2.1.11-stable-1 [55.1 kB]
Get:119 http://127.0.0.1:12990/debian sid/main amd64 libpsm-infinipath1 amd64 3.3+20.604758e7-6+b1 [169 kB]
Get:120 http://127.0.0.1:12990/debian sid/main amd64 libnuma1 amd64 2.0.12-1+b1 [26.3 kB]
Get:121 http://127.0.0.1:12990/debian sid/main amd64 libpsm2-2 amd64 11.2.86-1 [177 kB]
Get:122 http://127.0.0.1:12990/debian sid/main amd64 librdmacm1 amd64 28.0-1 [67.1 kB]
Get:123 http://127.0.0.1:12990/debian sid/main amd64 libfabric1 amd64 1.6.2-3+b1 [397 kB]
Get:124 http://127.0.0.1:12990/debian sid/main amd64 libltdl7 amd64 2.4.6-13 [390 kB]
Get:125 http://127.0.0.1:12990/debian sid/main amd64 libhwloc15 amd64 2.1.0+dfsg-3 [139 kB]
Get:126 http://127.0.0.1:12990/debian sid/main amd64 libpciaccess0 amd64 0.14-1 [53.5 kB]
Get:127 http://127.0.0.1:12990/debian sid/main amd64 libxau6 amd64 1:1.0.8-1+b2 [19.9 kB]
Get:128 http://127.0.0.1:12990/debian sid/main amd64 libxdmcp6 amd64 1:1.1.2-3 [26.3 kB]
Get:129 http://127.0.0.1:12990/debian sid/main amd64 libxcb1 amd64 1.13.1-5 [137 kB]
Get:130 http://127.0.0.1:12990/debian sid/main amd64 libx11-data all 2:1.6.8-1 [298 kB]
Get:131 http://127.0.0.1:12990/debian sid/main amd64 libx11-6 amd64 2:1.6.8-1 [756 kB]
Get:132 http://127.0.0.1:12990/debian sid/main amd64 libxext6 amd64 2:1.3.3-1+b2 [52.5 kB]
Get:133 http://127.0.0.1:12990/debian sid/main amd64 libxnvctrl0 amd64 440.59-1 [26.2 kB]
Get:134 http://127.0.0.1:12990/debian sid/main amd64 ocl-icd-libopencl1 amd64 2.2.12-3 [37.7 kB]
Get:135 http://127.0.0.1:12990/debian sid/main amd64 libhwloc-plugins amd64 2.1.0+dfsg-3 [19.9 kB]
Get:136 http://127.0.0.1:12990/debian sid/main amd64 libpmix2 amd64 3.1.4-1+b1 [431 kB]
Get:137 http://127.0.0.1:12990/debian sid/main amd64 libopenmpi3 amd64 4.0.2-5 [1993 kB]
Get:138 http://127.0.0.1:12990/debian sid/main amd64 libboost-mpi1.67.0 amd64 1.67.0-17 [272 kB]
Get:139 http://127.0.0.1:12990/debian sid/main amd64 libboost-graph-parallel1.67.0 amd64 1.67.0-17 [287 kB]
Get:140 http://127.0.0.1:12990/debian sid/main amd64 libboost-graph-parallel1.67-dev amd64 1.67.0-17 [290 kB]
Get:141 http://127.0.0.1:12990/debian sid/main amd64 libboost-graph-parallel-dev amd64 1.67.0.2+b1 [4404 B]
Get:142 http://127.0.0.1:12990/debian sid/main amd64 libicu-dev amd64 63.2-2 [9190 kB]
Get:143 http://127.0.0.1:12990/debian sid/main amd64 libboost-regex1.67-dev amd64 1.67.0-17 [567 kB]
Get:144 http://127.0.0.1:12990/debian sid/main amd64 libboost-iostreams1.67.0 amd64 1.67.0-17 [250 kB]
Get:145 http://127.0.0.1:12990/debian sid/main amd64 libboost-iostreams1.67-dev amd64 1.67.0-17 [256 kB]
Get:146 http://127.0.0.1:12990/debian sid/main amd64 libboost-iostreams-dev amd64 1.67.0.2+b1 [4260 B]
Get:147 http://127.0.0.1:12990/debian sid/main amd64 libboost-locale1.67.0 amd64 1.67.0-17 [467 kB]
Get:148 http://127.0.0.1:12990/debian sid/main amd64 libboost-locale1.67-dev amd64 1.67.0-17 [558 kB]
Get:149 http://127.0.0.1:12990/debian sid/main amd64 libboost-locale-dev amd64 1.67.0.2+b1 [4608 B]
Get:150 http://127.0.0.1:12990/debian sid/main amd64 libboost-log1.67.0 amd64 1.67.0-17 [616 kB]
Get:151 http://127.0.0.1:12990/debian sid/main amd64 libboost-thread1.67-dev amd64 1.67.0-17 [271 kB]
Get:152 http://127.0.0.1:12990/debian sid/main amd64 libboost-log1.67-dev amd64 1.67.0-17 [790 kB]
Get:153 http://127.0.0.1:12990/debian sid/main amd64 libboost-log-dev amd64 1.67.0.2+b1 [4480 B]
Get:154 http://127.0.0.1:12990/debian sid/main amd64 libboost-math1.67.0 amd64 1.67.0-17 [515 kB]
Get:155 http://127.0.0.1:12990/debian sid/main amd64 libboost-math1.67-dev amd64 1.67.0-17 [764 kB]
Get:156 http://127.0.0.1:12990/debian sid/main amd64 libboost-math-dev amd64 1.67.0.2+b1 [4480 B]
Get:157 http://127.0.0.1:12990/debian sid/main amd64 openmpi-common all 4.0.2-5 [169 kB]
Get:158 http://127.0.0.1:12990/debian sid/main amd64 libnl-3-dev amd64 3.4.0-1+b1 [102 kB]
Get:159 http://127.0.0.1:12990/debian sid/main amd64 libnl-route-3-dev amd64 3.4.0-1+b1 [176 kB]
Get:160 http://127.0.0.1:12990/debian sid/main amd64 libibverbs-dev amd64 28.0-1 [444 kB]
Get:161 http://127.0.0.1:12990/debian sid/main amd64 libnuma-dev amd64 2.0.12-1+b1 [39.3 kB]
Get:162 http://127.0.0.1:12990/debian sid/main amd64 libltdl-dev amd64 2.4.6-13 [162 kB]
Get:163 http://127.0.0.1:12990/debian sid/main amd64 libhwloc-dev amd64 2.1.0+dfsg-3 [210 kB]
Get:164 http://127.0.0.1:12990/debian sid/main amd64 libevent-extra-2.1-7 amd64 2.1.11-stable-1 [108 kB]
Get:165 http://127.0.0.1:12990/debian sid/main amd64 libevent-openssl-2.1-7 amd64 2.1.11-stable-1 [62.0 kB]
Get:166 http://127.0.0.1:12990/debian sid/main amd64 libevent-dev amd64 2.1.11-stable-1 [309 kB]
Get:167 http://127.0.0.1:12990/debian sid/main amd64 openmpi-bin amd64 4.0.2-5 [186 kB]
Get:168 http://127.0.0.1:12990/debian sid/main amd64 libopenmpi-dev amd64 4.0.2-5 [915 kB]
Get:169 http://127.0.0.1:12990/debian sid/main amd64 mpi-default-dev amd64 1.13 [5476 B]
Get:170 http://127.0.0.1:12990/debian sid/main amd64 libboost-mpi1.67-dev amd64 1.67.0-17 [382 kB]
Get:171 http://127.0.0.1:12990/debian sid/main amd64 libboost-mpi-dev amd64 1.67.0.2+b1 [4364 B]
Get:172 http://127.0.0.1:12990/debian sid/main amd64 libboost-python1.67.0 amd64 1.67.0-17 [369 kB]
Get:173 http://127.0.0.1:12990/debian sid/main amd64 mpi-default-bin amd64 1.13 [4672 B]
Get:174 http://127.0.0.1:12990/debian sid/main amd64 libboost-mpi-python1.67.0 amd64 1.67.0-17 [519 kB]
Get:175 http://127.0.0.1:12990/debian sid/main amd64 libboost-mpi-python1.67-dev amd64 1.67.0-17 [251 kB]
Get:176 http://127.0.0.1:12990/debian sid/main amd64 libboost-mpi-python-dev amd64 1.67.0.2+b1 [4392 B]
Get:177 http://127.0.0.1:12990/debian sid/main amd64 libboost-numpy1.67.0 amd64 1.67.0-17 [243 kB]
Get:178 http://127.0.0.1:12990/debian sid/main amd64 libboost-numpy1.67-dev amd64 1.67.0-17 [245 kB]
Get:179 http://127.0.0.1:12990/debian sid/main amd64 libboost-numpy-dev amd64 1.67.0.2+b1 [4320 B]
Get:180 http://127.0.0.1:12990/debian sid/main amd64 libboost-program-options1.67.0 amd64 1.67.0-17 [356 kB]
Get:181 http://127.0.0.1:12990/debian sid/main amd64 libboost-program-options1.67-dev amd64 1.67.0-17 [381 kB]
Get:182 http://127.0.0.1:12990/debian sid/main amd64 libboost-program-options-dev amd64 1.67.0.2+b1 [4288 B]
Get:183 http://127.0.0.1:12990/debian sid/main amd64 libpython2.7 amd64 2.7.17-1+b1 [1035 kB]
Get:184 http://127.0.0.1:12990/debian sid/main amd64 libexpat1-dev amd64 2.2.9-1 [136 kB]
Get:185 http://127.0.0.1:12990/debian sid/main amd64 libpython2.7-dev amd64 2.7.17-1+b1 [27.1 MB]
Get:186 http://127.0.0.1:12990/debian sid/main amd64 libpython2-dev amd64 2.7.17-2 [21.0 kB]
Get:187 http://127.0.0.1:12990/debian sid/main amd64 libpython-dev amd64 2.7.17-2 [21.0 kB]
Get:188 http://127.0.0.1:12990/debian sid/main amd64 python2.7-dev amd64 2.7.17-1+b1 [292 kB]
Get:189 http://127.0.0.1:12990/debian sid/main amd64 python2-dev amd64 2.7.17-2 [1220 B]
Get:190 http://127.0.0.1:12990/debian sid/main amd64 python-dev amd64 2.7.17-2 [1196 B]
Get:191 http://127.0.0.1:12990/debian sid/main amd64 libpython3.7 amd64 3.7.6-1+b1 [1484 kB]
Get:192 http://127.0.0.1:12990/debian sid/main amd64 libpython3.7-dev amd64 3.7.6-1+b1 [41.4 MB]
Get:193 http://127.0.0.1:12990/debian sid/main amd64 libpython3-dev amd64 3.7.5-3 [20.3 kB]
Get:194 http://127.0.0.1:12990/debian sid/main amd64 zlib1g-dev amd64 1:1.2.11.dfsg-2 [190 kB]
Get:195 http://127.0.0.1:12990/debian sid/main amd64 python3.7-dev amd64 3.7.6-1+b1 [518 kB]
Get:196 http://127.0.0.1:12990/debian sid/main amd64 python3-lib2to3 all 3.8.0-1 [78.3 kB]
Get:197 http://127.0.0.1:12990/debian sid/main amd64 python3-distutils all 3.8.0-1 [145 kB]
Get:198 http://127.0.0.1:12990/debian sid/main amd64 python3-dev amd64 3.7.5-3 [1260 B]
Get:199 http://127.0.0.1:12990/debian sid/main amd64 libboost-python1.67-dev amd64 1.67.0-17 [380 kB]
Get:200 http://127.0.0.1:12990/debian sid/main amd64 libboost-python-dev amd64 1.67.0.2+b1 [4576 B]
Get:201 http://127.0.0.1:12990/debian sid/main amd64 libboost-random1.67.0 amd64 1.67.0-17 [233 kB]
Get:202 http://127.0.0.1:12990/debian sid/main amd64 libboost-random1.67-dev amd64 1.67.0-17 [233 kB]
Get:203 http://127.0.0.1:12990/debian sid/main amd64 libboost-random-dev amd64 1.67.0.2+b1 [4280 B]
Get:204 http://127.0.0.1:12990/debian sid/main amd64 libboost-regex-dev amd64 1.67.0.2+b1 [4544 B]
Get:205 http://127.0.0.1:12990/debian sid/main amd64 libboost-serialization-dev amd64 1.67.0.2+b1 [4500 B]
Get:206 http://127.0.0.1:12990/debian sid/main amd64 libboost-signals1.67.0 amd64 1.67.0-17 [250 kB]
Get:207 http://127.0.0.1:12990/debian sid/main amd64 libboost-signals1.67-dev amd64 1.67.0-17 [254 kB]
Get:208 http://127.0.0.1:12990/debian sid/main amd64 libboost-signals-dev amd64 1.67.0.2+b1 [4344 B]
Get:209 http://127.0.0.1:12990/debian sid/main amd64 libboost-stacktrace1.67.0 amd64 1.67.0-17 [266 kB]
Get:210 http://127.0.0.1:12990/debian sid/main amd64 libboost-stacktrace1.67-dev amd64 1.67.0-17 [244 kB]
Get:211 http://127.0.0.1:12990/debian sid/main amd64 libboost-stacktrace-dev amd64 1.67.0.2+b1 [4272 B]
Get:212 http://127.0.0.1:12990/debian sid/main amd64 libboost-system-dev amd64 1.67.0.2+b1 [4416 B]
Get:213 http://127.0.0.1:12990/debian sid/main amd64 libboost-test-dev amd64 1.67.0.2+b1 [4312 B]
Get:214 http://127.0.0.1:12990/debian sid/main amd64 libboost-thread-dev amd64 1.67.0.2+b1 [4308 B]
Get:215 http://127.0.0.1:12990/debian sid/main amd64 libboost-timer1.67.0 amd64 1.67.0-17 [231 kB]
Get:216 http://127.0.0.1:12990/debian sid/main amd64 libboost-timer1.67-dev amd64 1.67.0-17 [231 kB]
Get:217 http://127.0.0.1:12990/debian sid/main amd64 libboost-timer-dev amd64 1.67.0.2+b1 [4404 B]
Get:218 http://127.0.0.1:12990/debian sid/main amd64 libboost-type-erasure1.67.0 amd64 1.67.0-17 [240 kB]
Get:219 http://127.0.0.1:12990/debian sid/main amd64 libboost-type-erasure1.67-dev amd64 1.67.0-17 [240 kB]
Get:220 http://127.0.0.1:12990/debian sid/main amd64 libboost-type-erasure-dev amd64 1.67.0.2+b1 [4368 B]
Get:221 http://127.0.0.1:12990/debian sid/main amd64 libboost-wave1.67.0 amd64 1.67.0-17 [441 kB]
Get:222 http://127.0.0.1:12990/debian sid/main amd64 libboost-wave1.67-dev amd64 1.67.0-17 [466 kB]
Get:223 http://127.0.0.1:12990/debian sid/main amd64 libboost-wave-dev amd64 1.67.0.2+b1 [4308 B]
Get:224 http://127.0.0.1:12990/debian sid/main amd64 libboost-all-dev amd64 1.67.0.2+b1 [4620 B]
debconf: delaying package configuration, since apt-utils is not installed
Fetched 165 MB in 2s (92.8 MB/s)
Selecting previously unselected package bsdmainutils.
(Reading database ... 13921 files and directories currently installed.)
Preparing to unpack .../00-bsdmainutils_11.1.2+b1_amd64.deb ...
Unpacking bsdmainutils (11.1.2+b1) ...
Selecting previously unselected package libuchardet0:amd64.
Preparing to unpack .../01-libuchardet0_0.0.6-3_amd64.deb ...
Unpacking libuchardet0:amd64 (0.0.6-3) ...
Selecting previously unselected package groff-base.
Preparing to unpack .../02-groff-base_1.22.4-4_amd64.deb ...
Unpacking groff-base (1.22.4-4) ...
Selecting previously unselected package libpipeline1:amd64.
Preparing to unpack .../03-libpipeline1_1.5.2-2_amd64.deb ...
Unpacking libpipeline1:amd64 (1.5.2-2) ...
Selecting previously unselected package man-db.
Preparing to unpack .../04-man-db_2.9.0-2_amd64.deb ...
Unpacking man-db (2.9.0-2) ...
Selecting previously unselected package libpython2.7-minimal:amd64.
Preparing to unpack .../05-libpython2.7-minimal_2.7.17-1+b1_amd64.deb ...
Unpacking libpython2.7-minimal:amd64 (2.7.17-1+b1) ...
Selecting previously unselected package python2.7-minimal.
Preparing to unpack .../06-python2.7-minimal_2.7.17-1+b1_amd64.deb ...
Unpacking python2.7-minimal (2.7.17-1+b1) ...
Selecting previously unselected package python2-minimal.
Preparing to unpack .../07-python2-minimal_2.7.17-2_amd64.deb ...
Unpacking python2-minimal (2.7.17-2) ...
Selecting previously unselected package python-minimal.
Preparing to unpack .../08-python-minimal_2.7.17-2_amd64.deb ...
Unpacking python-minimal (2.7.17-2) ...
Selecting previously unselected package libssl1.1:amd64.
Preparing to unpack .../09-libssl1.1_1.1.1d-2_amd64.deb ...
Unpacking libssl1.1:amd64 (1.1.1d-2) ...
Selecting previously unselected package mime-support.
Preparing to unpack .../10-mime-support_3.64_all.deb ...
Unpacking mime-support (3.64) ...
Selecting previously unselected package libexpat1:amd64.
Preparing to unpack .../11-libexpat1_2.2.9-1_amd64.deb ...
Unpacking libexpat1:amd64 (2.2.9-1) ...
Selecting previously unselected package readline-common.
Preparing to unpack .../12-readline-common_8.0-4_all.deb ...
Unpacking readline-common (8.0-4) ...
Selecting previously unselected package libreadline8:amd64.
Preparing to unpack .../13-libreadline8_8.0-4_amd64.deb ...
Unpacking libreadline8:amd64 (8.0-4) ...
Selecting previously unselected package libsqlite3-0:amd64.
Preparing to unpack .../14-libsqlite3-0_3.31.1-3_amd64.deb ...
Unpacking libsqlite3-0:amd64 (3.31.1-3) ...
Selecting previously unselected package libpython2.7-stdlib:amd64.
Preparing to unpack .../15-libpython2.7-stdlib_2.7.17-1+b1_amd64.deb ...
Unpacking libpython2.7-stdlib:amd64 (2.7.17-1+b1) ...
Selecting previously unselected package python2.7.
Preparing to unpack .../16-python2.7_2.7.17-1+b1_amd64.deb ...
Unpacking python2.7 (2.7.17-1+b1) ...
Selecting previously unselected package libpython2-stdlib:amd64.
Preparing to unpack .../17-libpython2-stdlib_2.7.17-2_amd64.deb ...
Unpacking libpython2-stdlib:amd64 (2.7.17-2) ...
Selecting previously unselected package libpython-stdlib:amd64.
Preparing to unpack .../18-libpython-stdlib_2.7.17-2_amd64.deb ...
Unpacking libpython-stdlib:amd64 (2.7.17-2) ...
Setting up libpython2.7-minimal:amd64 (2.7.17-1+b1) ...
Setting up python2.7-minimal (2.7.17-1+b1) ...
Setting up python2-minimal (2.7.17-2) ...
Selecting previously unselected package python2.
(Reading database ... 15407 files and directories currently installed.)
Preparing to unpack .../python2_2.7.17-2_amd64.deb ...
Unpacking python2 (2.7.17-2) ...
Setting up python-minimal (2.7.17-2) ...
Selecting previously unselected package python.
(Reading database ... 15440 files and directories currently installed.)
Preparing to unpack .../python_2.7.17-2_amd64.deb ...
Unpacking python (2.7.17-2) ...
Selecting previously unselected package libpython3.7-minimal:amd64.
Preparing to unpack .../libpython3.7-minimal_3.7.6-1+b1_amd64.deb ...
Unpacking libpython3.7-minimal:amd64 (3.7.6-1+b1) ...
Selecting previously unselected package python3.7-minimal.
Preparing to unpack .../python3.7-minimal_3.7.6-1+b1_amd64.deb ...
Unpacking python3.7-minimal (3.7.6-1+b1) ...
Setting up libssl1.1:amd64 (1.1.1d-2) ...
Setting up libpython3.7-minimal:amd64 (3.7.6-1+b1) ...
Setting up libexpat1:amd64 (2.2.9-1) ...
Setting up python3.7-minimal (3.7.6-1+b1) ...
Selecting previously unselected package python3-minimal.
(Reading database ... 15696 files and directories currently installed.)
Preparing to unpack .../python3-minimal_3.7.5-3_amd64.deb ...
Unpacking python3-minimal (3.7.5-3) ...
Selecting previously unselected package libmpdec2:amd64.
Preparing to unpack .../libmpdec2_2.4.2-2_amd64.deb ...
Unpacking libmpdec2:amd64 (2.4.2-2) ...
Selecting previously unselected package libpython3.7-stdlib:amd64.
Preparing to unpack .../libpython3.7-stdlib_3.7.6-1+b1_amd64.deb ...
Unpacking libpython3.7-stdlib:amd64 (3.7.6-1+b1) ...
Selecting previously unselected package python3.7.
Preparing to unpack .../python3.7_3.7.6-1+b1_amd64.deb ...
Unpacking python3.7 (3.7.6-1+b1) ...
Selecting previously unselected package libpython3-stdlib:amd64.
Preparing to unpack .../libpython3-stdlib_3.7.5-3_amd64.deb ...
Unpacking libpython3-stdlib:amd64 (3.7.5-3) ...
Setting up python3-minimal (3.7.5-3) ...
Selecting previously unselected package python3.
(Reading database ... 16110 files and directories currently installed.)
Preparing to unpack .../000-python3_3.7.5-3_amd64.deb ...
Unpacking python3 (3.7.5-3) ...
Selecting previously unselected package sensible-utils.
Preparing to unpack .../001-sensible-utils_0.0.12+nmu1_all.deb ...
Unpacking sensible-utils (0.0.12+nmu1) ...
Selecting previously unselected package libmagic-mgc.
Preparing to unpack .../002-libmagic-mgc_1%3a5.38-4_amd64.deb ...
Unpacking libmagic-mgc (1:5.38-4) ...
Selecting previously unselected package libmagic1:amd64.
Preparing to unpack .../003-libmagic1_1%3a5.38-4_amd64.deb ...
Unpacking libmagic1:amd64 (1:5.38-4) ...
Selecting previously unselected package file.
Preparing to unpack .../004-file_1%3a5.38-4_amd64.deb ...
Unpacking file (1:5.38-4) ...
Selecting previously unselected package gettext-base.
Preparing to unpack .../005-gettext-base_0.19.8.1-10_amd64.deb ...
Unpacking gettext-base (0.19.8.1-10) ...
Selecting previously unselected package libcbor0:amd64.
Preparing to unpack .../006-libcbor0_0.5.0+dfsg-2_amd64.deb ...
Unpacking libcbor0:amd64 (0.5.0+dfsg-2) ...
Selecting previously unselected package libfido2-1:amd64.
Preparing to unpack .../007-libfido2-1_1.3.1-1_amd64.deb ...
Unpacking libfido2-1:amd64 (1.3.1-1) ...
Selecting previously unselected package libkeyutils1:amd64.
Preparing to unpack .../008-libkeyutils1_1.6.1-2_amd64.deb ...
Unpacking libkeyutils1:amd64 (1.6.1-2) ...
Selecting previously unselected package libkrb5support0:amd64.
Preparing to unpack .../009-libkrb5support0_1.17-6_amd64.deb ...
Unpacking libkrb5support0:amd64 (1.17-6) ...
Selecting previously unselected package libk5crypto3:amd64.
Preparing to unpack .../010-libk5crypto3_1.17-6_amd64.deb ...
Unpacking libk5crypto3:amd64 (1.17-6) ...
Selecting previously unselected package libkrb5-3:amd64.
Preparing to unpack .../011-libkrb5-3_1.17-6_amd64.deb ...
Unpacking libkrb5-3:amd64 (1.17-6) ...
Selecting previously unselected package libgssapi-krb5-2:amd64.
Preparing to unpack .../012-libgssapi-krb5-2_1.17-6_amd64.deb ...
Unpacking libgssapi-krb5-2:amd64 (1.17-6) ...
Selecting previously unselected package openssh-client.
Preparing to unpack .../013-openssh-client_1%3a8.2p1-3_amd64.deb ...
Unpacking openssh-client (1:8.2p1-3) ...
Selecting previously unselected package libsigsegv2:amd64.
Preparing to unpack .../014-libsigsegv2_2.12-2_amd64.deb ...
Unpacking libsigsegv2:amd64 (2.12-2) ...
Selecting previously unselected package m4.
Preparing to unpack .../015-m4_1.4.18-4_amd64.deb ...
Unpacking m4 (1.4.18-4) ...
Selecting previously unselected package autoconf.
Preparing to unpack .../016-autoconf_2.69-11.1_all.deb ...
Unpacking autoconf (2.69-11.1) ...
Selecting previously unselected package autotools-dev.
Preparing to unpack .../017-autotools-dev_20180224.1_all.deb ...
Unpacking autotools-dev (20180224.1) ...
Selecting previously unselected package automake.
Preparing to unpack .../018-automake_1%3a1.16.1-4_all.deb ...
Unpacking automake (1:1.16.1-4) ...
Selecting previously unselected package autopoint.
Preparing to unpack .../019-autopoint_0.19.8.1-10_all.deb ...
Unpacking autopoint (0.19.8.1-10) ...
Selecting previously unselected package libtool.
Preparing to unpack .../020-libtool_2.4.6-13_all.deb ...
Unpacking libtool (2.4.6-13) ...
Selecting previously unselected package dh-autoreconf.
Preparing to unpack .../021-dh-autoreconf_19_all.deb ...
Unpacking dh-autoreconf (19) ...
Selecting previously unselected package libdebhelper-perl.
Preparing to unpack .../022-libdebhelper-perl_12.9_all.deb ...
Unpacking libdebhelper-perl (12.9) ...
Selecting previously unselected package libarchive-zip-perl.
Preparing to unpack .../023-libarchive-zip-perl_1.67-1_all.deb ...
Unpacking libarchive-zip-perl (1.67-1) ...
Selecting previously unselected package libsub-override-perl.
Preparing to unpack .../024-libsub-override-perl_0.09-2_all.deb ...
Unpacking libsub-override-perl (0.09-2) ...
Selecting previously unselected package libfile-stripnondeterminism-perl.
Preparing to unpack .../025-libfile-stripnondeterminism-perl_1.6.3-2_all.deb ...
Unpacking libfile-stripnondeterminism-perl (1.6.3-2) ...
Selecting previously unselected package dh-strip-nondeterminism.
Preparing to unpack .../026-dh-strip-nondeterminism_1.6.3-2_all.deb ...
Unpacking dh-strip-nondeterminism (1.6.3-2) ...
Selecting previously unselected package libelf1:amd64.
Preparing to unpack .../027-libelf1_0.176-1.1_amd64.deb ...
Unpacking libelf1:amd64 (0.176-1.1) ...
Selecting previously unselected package dwz.
Preparing to unpack .../028-dwz_0.13-5_amd64.deb ...
Unpacking dwz (0.13-5) ...
Selecting previously unselected package libglib2.0-0:amd64.
Preparing to unpack .../029-libglib2.0-0_2.62.4-2_amd64.deb ...
Unpacking libglib2.0-0:amd64 (2.62.4-2) ...
Selecting previously unselected package libicu63:amd64.
Preparing to unpack .../030-libicu63_63.2-2_amd64.deb ...
Unpacking libicu63:amd64 (63.2-2) ...
Selecting previously unselected package libxml2:amd64.
Preparing to unpack .../031-libxml2_2.9.10+dfsg-3_amd64.deb ...
Unpacking libxml2:amd64 (2.9.10+dfsg-3) ...
Selecting previously unselected package libcroco3:amd64.
Preparing to unpack .../032-libcroco3_0.6.13-1_amd64.deb ...
Unpacking libcroco3:amd64 (0.6.13-1) ...
Selecting previously unselected package gettext.
Preparing to unpack .../033-gettext_0.19.8.1-10_amd64.deb ...
Unpacking gettext (0.19.8.1-10) ...
Selecting previously unselected package intltool-debian.
Preparing to unpack .../034-intltool-debian_0.35.0+20060710.5_all.deb ...
Unpacking intltool-debian (0.35.0+20060710.5) ...
Selecting previously unselected package po-debconf.
Preparing to unpack .../035-po-debconf_1.0.21_all.deb ...
Unpacking po-debconf (1.0.21) ...
Selecting previously unselected package debhelper.
Preparing to unpack .../036-debhelper_12.9_all.deb ...
Unpacking debhelper (12.9) ...
Selecting previously unselected package libgfortran5:amd64.
Preparing to unpack .../037-libgfortran5_10-20200222-1_amd64.deb ...
Unpacking libgfortran5:amd64 (10-20200222-1) ...
Selecting previously unselected package libgfortran-9-dev:amd64.
Preparing to unpack .../038-libgfortran-9-dev_9.2.1-30_amd64.deb ...
Unpacking libgfortran-9-dev:amd64 (9.2.1-30) ...
Selecting previously unselected package gfortran-9.
Preparing to unpack .../039-gfortran-9_9.2.1-30_amd64.deb ...
Unpacking gfortran-9 (9.2.1-30) ...
Selecting previously unselected package libnl-3-200:amd64.
Preparing to unpack .../040-libnl-3-200_3.4.0-1+b1_amd64.deb ...
Unpacking libnl-3-200:amd64 (3.4.0-1+b1) ...
Selecting previously unselected package libnl-route-3-200:amd64.
Preparing to unpack .../041-libnl-route-3-200_3.4.0-1+b1_amd64.deb ...
Unpacking libnl-route-3-200:amd64 (3.4.0-1+b1) ...
Selecting previously unselected package libibverbs1:amd64.
Preparing to unpack .../042-libibverbs1_28.0-1_amd64.deb ...
Unpacking libibverbs1:amd64 (28.0-1) ...
Selecting previously unselected package ibverbs-providers:amd64.
Preparing to unpack .../043-ibverbs-providers_28.0-1_amd64.deb ...
Unpacking ibverbs-providers:amd64 (28.0-1) ...
Selecting previously unselected package icu-devtools.
Preparing to unpack .../044-icu-devtools_63.2-2_amd64.deb ...
Unpacking icu-devtools (63.2-2) ...
Selecting previously unselected package libboost1.67-dev:amd64.
Preparing to unpack .../045-libboost1.67-dev_1.67.0-17_amd64.deb ...
Unpacking libboost1.67-dev:amd64 (1.67.0-17) ...
Selecting previously unselected package libboost-dev:amd64.
Preparing to unpack .../046-libboost-dev_1.67.0.2+b1_amd64.deb ...
Unpacking libboost-dev:amd64 (1.67.0.2+b1) ...
Selecting previously unselected package libboost1.67-tools-dev.
Preparing to unpack .../047-libboost1.67-tools-dev_1.67.0-17_amd64.deb ...
Unpacking libboost1.67-tools-dev (1.67.0-17) ...
Selecting previously unselected package libboost-tools-dev.
Preparing to unpack .../048-libboost-tools-dev_1.67.0.2+b1_amd64.deb ...
Unpacking libboost-tools-dev (1.67.0.2+b1) ...
Selecting previously unselected package libboost-atomic1.67.0:amd64.
Preparing to unpack .../049-libboost-atomic1.67.0_1.67.0-17_amd64.deb ...
Unpacking libboost-atomic1.67.0:amd64 (1.67.0-17) ...
Selecting previously unselected package libboost-atomic1.67-dev:amd64.
Preparing to unpack .../050-libboost-atomic1.67-dev_1.67.0-17_amd64.deb ...
Unpacking libboost-atomic1.67-dev:amd64 (1.67.0-17) ...
Selecting previously unselected package libboost-atomic-dev:amd64.
Preparing to unpack .../051-libboost-atomic-dev_1.67.0.2+b1_amd64.deb ...
Unpacking libboost-atomic-dev:amd64 (1.67.0.2+b1) ...
Selecting previously unselected package libboost-system1.67.0:amd64.
Preparing to unpack .../052-libboost-system1.67.0_1.67.0-17_amd64.deb ...
Unpacking libboost-system1.67.0:amd64 (1.67.0-17) ...
Selecting previously unselected package libboost-chrono1.67.0:amd64.
Preparing to unpack .../053-libboost-chrono1.67.0_1.67.0-17_amd64.deb ...
Unpacking libboost-chrono1.67.0:amd64 (1.67.0-17) ...
Selecting previously unselected package libboost-chrono1.67-dev:amd64.
Preparing to unpack .../054-libboost-chrono1.67-dev_1.67.0-17_amd64.deb ...
Unpacking libboost-chrono1.67-dev:amd64 (1.67.0-17) ...
Selecting previously unselected package libboost-chrono-dev:amd64.
Preparing to unpack .../055-libboost-chrono-dev_1.67.0.2+b1_amd64.deb ...
Unpacking libboost-chrono-dev:amd64 (1.67.0.2+b1) ...
Selecting previously unselected package libboost-container1.67.0:amd64.
Preparing to unpack .../056-libboost-container1.67.0_1.67.0-17_amd64.deb ...
Unpacking libboost-container1.67.0:amd64 (1.67.0-17) ...
Selecting previously unselected package libboost-container1.67-dev:amd64.
Preparing to unpack .../057-libboost-container1.67-dev_1.67.0-17_amd64.deb ...
Unpacking libboost-container1.67-dev:amd64 (1.67.0-17) ...
Selecting previously unselected package libboost-container-dev:amd64.
Preparing to unpack .../058-libboost-container-dev_1.67.0.2+b1_amd64.deb ...
Unpacking libboost-container-dev:amd64 (1.67.0.2+b1) ...
Selecting previously unselected package libboost-context1.67.0:amd64.
Preparing to unpack .../059-libboost-context1.67.0_1.67.0-17_amd64.deb ...
Unpacking libboost-context1.67.0:amd64 (1.67.0-17) ...
Selecting previously unselected package libboost-context1.67-dev:amd64.
Preparing to unpack .../060-libboost-context1.67-dev_1.67.0-17_amd64.deb ...
Unpacking libboost-context1.67-dev:amd64 (1.67.0-17) ...
Selecting previously unselected package libboost-context-dev:amd64.
Preparing to unpack .../061-libboost-context-dev_1.67.0.2+b1_amd64.deb ...
Unpacking libboost-context-dev:amd64 (1.67.0.2+b1) ...
Selecting previously unselected package libboost-thread1.67.0:amd64.
Preparing to unpack .../062-libboost-thread1.67.0_1.67.0-17_amd64.deb ...
Unpacking libboost-thread1.67.0:amd64 (1.67.0-17) ...
Selecting previously unselected package libboost-coroutine1.67.0:amd64.
Preparing to unpack .../063-libboost-coroutine1.67.0_1.67.0-17_amd64.deb ...
Unpacking libboost-coroutine1.67.0:amd64 (1.67.0-17) ...
Selecting previously unselected package libboost-coroutine1.67-dev:amd64.
Preparing to unpack .../064-libboost-coroutine1.67-dev_1.67.0-17_amd64.deb ...
Unpacking libboost-coroutine1.67-dev:amd64 (1.67.0-17) ...
Selecting previously unselected package libboost-coroutine-dev:amd64.
Preparing to unpack .../065-libboost-coroutine-dev_1.67.0.2+b1_amd64.deb ...
Unpacking libboost-coroutine-dev:amd64 (1.67.0.2+b1) ...
Selecting previously unselected package libboost-date-time1.67.0:amd64.
Preparing to unpack .../066-libboost-date-time1.67.0_1.67.0-17_amd64.deb ...
Unpacking libboost-date-time1.67.0:amd64 (1.67.0-17) ...
Selecting previously unselected package libboost-serialization1.67.0:amd64.
Preparing to unpack .../067-libboost-serialization1.67.0_1.67.0-17_amd64.deb ...
Unpacking libboost-serialization1.67.0:amd64 (1.67.0-17) ...
Selecting previously unselected package libboost-serialization1.67-dev:amd64.
Preparing to unpack .../068-libboost-serialization1.67-dev_1.67.0-17_amd64.deb ...
Unpacking libboost-serialization1.67-dev:amd64 (1.67.0-17) ...
Selecting previously unselected package libboost-date-time1.67-dev:amd64.
Preparing to unpack .../069-libboost-date-time1.67-dev_1.67.0-17_amd64.deb ...
Unpacking libboost-date-time1.67-dev:amd64 (1.67.0-17) ...
Selecting previously unselected package libboost-date-time-dev:amd64.
Preparing to unpack .../070-libboost-date-time-dev_1.67.0.2+b1_amd64.deb ...
Unpacking libboost-date-time-dev:amd64 (1.67.0.2+b1) ...
Selecting previously unselected package libboost-exception1.67-dev:amd64.
Preparing to unpack .../071-libboost-exception1.67-dev_1.67.0-17_amd64.deb ...
Unpacking libboost-exception1.67-dev:amd64 (1.67.0-17) ...
Selecting previously unselected package libboost-exception-dev:amd64.
Preparing to unpack .../072-libboost-exception-dev_1.67.0.2+b1_amd64.deb ...
Unpacking libboost-exception-dev:amd64 (1.67.0.2+b1) ...
Selecting previously unselected package libboost-filesystem1.67.0:amd64.
Preparing to unpack .../073-libboost-filesystem1.67.0_1.67.0-17_amd64.deb ...
Unpacking libboost-filesystem1.67.0:amd64 (1.67.0-17) ...
Selecting previously unselected package libboost-fiber1.67.0:amd64.
Preparing to unpack .../074-libboost-fiber1.67.0_1.67.0-17_amd64.deb ...
Unpacking libboost-fiber1.67.0:amd64 (1.67.0-17) ...
Selecting previously unselected package libboost-fiber1.67-dev:amd64.
Preparing to unpack .../075-libboost-fiber1.67-dev_1.67.0-17_amd64.deb ...
Unpacking libboost-fiber1.67-dev:amd64 (1.67.0-17) ...
Selecting previously unselected package libboost-fiber-dev:amd64.
Preparing to unpack .../076-libboost-fiber-dev_1.67.0.2+b1_amd64.deb ...
Unpacking libboost-fiber-dev:amd64 (1.67.0.2+b1) ...
Selecting previously unselected package libboost-system1.67-dev:amd64.
Preparing to unpack .../077-libboost-system1.67-dev_1.67.0-17_amd64.deb ...
Unpacking libboost-system1.67-dev:amd64 (1.67.0-17) ...
Selecting previously unselected package libboost-filesystem1.67-dev:amd64.
Preparing to unpack .../078-libboost-filesystem1.67-dev_1.67.0-17_amd64.deb ...
Unpacking libboost-filesystem1.67-dev:amd64 (1.67.0-17) ...
Selecting previously unselected package libboost-filesystem-dev:amd64.
Preparing to unpack .../079-libboost-filesystem-dev_1.67.0.2+b1_amd64.deb ...
Unpacking libboost-filesystem-dev:amd64 (1.67.0.2+b1) ...
Selecting previously unselected package libboost-regex1.67.0:amd64.
Preparing to unpack .../080-libboost-regex1.67.0_1.67.0-17_amd64.deb ...
Unpacking libboost-regex1.67.0:amd64 (1.67.0-17) ...
Selecting previously unselected package libboost-graph1.67.0:amd64.
Preparing to unpack .../081-libboost-graph1.67.0_1.67.0-17_amd64.deb ...
Unpacking libboost-graph1.67.0:amd64 (1.67.0-17) ...
Selecting previously unselected package libboost-test1.67.0:amd64.
Preparing to unpack .../082-libboost-test1.67.0_1.67.0-17_amd64.deb ...
Unpacking libboost-test1.67.0:amd64 (1.67.0-17) ...
Selecting previously unselected package libboost-test1.67-dev:amd64.
Preparing to unpack .../083-libboost-test1.67-dev_1.67.0-17_amd64.deb ...
Unpacking libboost-test1.67-dev:amd64 (1.67.0-17) ...
Selecting previously unselected package libboost-graph1.67-dev:amd64.
Preparing to unpack .../084-libboost-graph1.67-dev_1.67.0-17_amd64.deb ...
Unpacking libboost-graph1.67-dev:amd64 (1.67.0-17) ...
Selecting previously unselected package libboost-graph-dev:amd64.
Preparing to unpack .../085-libboost-graph-dev_1.67.0.2+b1_amd64.deb ...
Unpacking libboost-graph-dev:amd64 (1.67.0.2+b1) ...
Selecting previously unselected package libevent-2.1-7:amd64.
Preparing to unpack .../086-libevent-2.1-7_2.1.11-stable-1_amd64.deb ...
Unpacking libevent-2.1-7:amd64 (2.1.11-stable-1) ...
Selecting previously unselected package libevent-core-2.1-7:amd64.
Preparing to unpack .../087-libevent-core-2.1-7_2.1.11-stable-1_amd64.deb ...
Unpacking libevent-core-2.1-7:amd64 (2.1.11-stable-1) ...
Selecting previously unselected package libevent-pthreads-2.1-7:amd64.
Preparing to unpack .../088-libevent-pthreads-2.1-7_2.1.11-stable-1_amd64.deb ...
Unpacking libevent-pthreads-2.1-7:amd64 (2.1.11-stable-1) ...
Selecting previously unselected package libpsm-infinipath1.
Preparing to unpack .../089-libpsm-infinipath1_3.3+20.604758e7-6+b1_amd64.deb ...
Unpacking libpsm-infinipath1 (3.3+20.604758e7-6+b1) ...
Selecting previously unselected package libnuma1:amd64.
Preparing to unpack .../090-libnuma1_2.0.12-1+b1_amd64.deb ...
Unpacking libnuma1:amd64 (2.0.12-1+b1) ...
Selecting previously unselected package libpsm2-2.
Preparing to unpack .../091-libpsm2-2_11.2.86-1_amd64.deb ...
Unpacking libpsm2-2 (11.2.86-1) ...
Selecting previously unselected package librdmacm1:amd64.
Preparing to unpack .../092-librdmacm1_28.0-1_amd64.deb ...
Unpacking librdmacm1:amd64 (28.0-1) ...
Selecting previously unselected package libfabric1.
Preparing to unpack .../093-libfabric1_1.6.2-3+b1_amd64.deb ...
Unpacking libfabric1 (1.6.2-3+b1) ...
Selecting previously unselected package libltdl7:amd64.
Preparing to unpack .../094-libltdl7_2.4.6-13_amd64.deb ...
Unpacking libltdl7:amd64 (2.4.6-13) ...
Selecting previously unselected package libhwloc15:amd64.
Preparing to unpack .../095-libhwloc15_2.1.0+dfsg-3_amd64.deb ...
Unpacking libhwloc15:amd64 (2.1.0+dfsg-3) ...
Selecting previously unselected package libpciaccess0:amd64.
Preparing to unpack .../096-libpciaccess0_0.14-1_amd64.deb ...
Unpacking libpciaccess0:amd64 (0.14-1) ...
Selecting previously unselected package libxau6:amd64.
Preparing to unpack .../097-libxau6_1%3a1.0.8-1+b2_amd64.deb ...
Unpacking libxau6:amd64 (1:1.0.8-1+b2) ...
Selecting previously unselected package libxdmcp6:amd64.
Preparing to unpack .../098-libxdmcp6_1%3a1.1.2-3_amd64.deb ...
Unpacking libxdmcp6:amd64 (1:1.1.2-3) ...
Selecting previously unselected package libxcb1:amd64.
Preparing to unpack .../099-libxcb1_1.13.1-5_amd64.deb ...
Unpacking libxcb1:amd64 (1.13.1-5) ...
Selecting previously unselected package libx11-data.
Preparing to unpack .../100-libx11-data_2%3a1.6.8-1_all.deb ...
Unpacking libx11-data (2:1.6.8-1) ...
Selecting previously unselected package libx11-6:amd64.
Preparing to unpack .../101-libx11-6_2%3a1.6.8-1_amd64.deb ...
Unpacking libx11-6:amd64 (2:1.6.8-1) ...
Selecting previously unselected package libxext6:amd64.
Preparing to unpack .../102-libxext6_2%3a1.3.3-1+b2_amd64.deb ...
Unpacking libxext6:amd64 (2:1.3.3-1+b2) ...
Selecting previously unselected package libxnvctrl0:amd64.
Preparing to unpack .../103-libxnvctrl0_440.59-1_amd64.deb ...
Unpacking libxnvctrl0:amd64 (440.59-1) ...
Selecting previously unselected package ocl-icd-libopencl1:amd64.
Preparing to unpack .../104-ocl-icd-libopencl1_2.2.12-3_amd64.deb ...
Unpacking ocl-icd-libopencl1:amd64 (2.2.12-3) ...
Selecting previously unselected package libhwloc-plugins:amd64.
Preparing to unpack .../105-libhwloc-plugins_2.1.0+dfsg-3_amd64.deb ...
Unpacking libhwloc-plugins:amd64 (2.1.0+dfsg-3) ...
Selecting previously unselected package libpmix2:amd64.
Preparing to unpack .../106-libpmix2_3.1.4-1+b1_amd64.deb ...
Unpacking libpmix2:amd64 (3.1.4-1+b1) ...
Selecting previously unselected package libopenmpi3:amd64.
Preparing to unpack .../107-libopenmpi3_4.0.2-5_amd64.deb ...
Unpacking libopenmpi3:amd64 (4.0.2-5) ...
Selecting previously unselected package libboost-mpi1.67.0.
Preparing to unpack .../108-libboost-mpi1.67.0_1.67.0-17_amd64.deb ...
Unpacking libboost-mpi1.67.0 (1.67.0-17) ...
Selecting previously unselected package libboost-graph-parallel1.67.0.
Preparing to unpack .../109-libboost-graph-parallel1.67.0_1.67.0-17_amd64.deb ...
Unpacking libboost-graph-parallel1.67.0 (1.67.0-17) ...
Selecting previously unselected package libboost-graph-parallel1.67-dev.
Preparing to unpack .../110-libboost-graph-parallel1.67-dev_1.67.0-17_amd64.deb ...
Unpacking libboost-graph-parallel1.67-dev (1.67.0-17) ...
Selecting previously unselected package libboost-graph-parallel-dev.
Preparing to unpack .../111-libboost-graph-parallel-dev_1.67.0.2+b1_amd64.deb ...
Unpacking libboost-graph-parallel-dev (1.67.0.2+b1) ...
Selecting previously unselected package libicu-dev:amd64.
Preparing to unpack .../112-libicu-dev_63.2-2_amd64.deb ...
Unpacking libicu-dev:amd64 (63.2-2) ...
Selecting previously unselected package libboost-regex1.67-dev:amd64.
Preparing to unpack .../113-libboost-regex1.67-dev_1.67.0-17_amd64.deb ...
Unpacking libboost-regex1.67-dev:amd64 (1.67.0-17) ...
Selecting previously unselected package libboost-iostreams1.67.0:amd64.
Preparing to unpack .../114-libboost-iostreams1.67.0_1.67.0-17_amd64.deb ...
Unpacking libboost-iostreams1.67.0:amd64 (1.67.0-17) ...
Selecting previously unselected package libboost-iostreams1.67-dev:amd64.
Preparing to unpack .../115-libboost-iostreams1.67-dev_1.67.0-17_amd64.deb ...
Unpacking libboost-iostreams1.67-dev:amd64 (1.67.0-17) ...
Selecting previously unselected package libboost-iostreams-dev:amd64.
Preparing to unpack .../116-libboost-iostreams-dev_1.67.0.2+b1_amd64.deb ...
Unpacking libboost-iostreams-dev:amd64 (1.67.0.2+b1) ...
Selecting previously unselected package libboost-locale1.67.0:amd64.
Preparing to unpack .../117-libboost-locale1.67.0_1.67.0-17_amd64.deb ...
Unpacking libboost-locale1.67.0:amd64 (1.67.0-17) ...
Selecting previously unselected package libboost-locale1.67-dev:amd64.
Preparing to unpack .../118-libboost-locale1.67-dev_1.67.0-17_amd64.deb ...
Unpacking libboost-locale1.67-dev:amd64 (1.67.0-17) ...
Selecting previously unselected package libboost-locale-dev:amd64.
Preparing to unpack .../119-libboost-locale-dev_1.67.0.2+b1_amd64.deb ...
Unpacking libboost-locale-dev:amd64 (1.67.0.2+b1) ...
Selecting previously unselected package libboost-log1.67.0.
Preparing to unpack .../120-libboost-log1.67.0_1.67.0-17_amd64.deb ...
Unpacking libboost-log1.67.0 (1.67.0-17) ...
Selecting previously unselected package libboost-thread1.67-dev:amd64.
Preparing to unpack .../121-libboost-thread1.67-dev_1.67.0-17_amd64.deb ...
Unpacking libboost-thread1.67-dev:amd64 (1.67.0-17) ...
Selecting previously unselected package libboost-log1.67-dev.
Preparing to unpack .../122-libboost-log1.67-dev_1.67.0-17_amd64.deb ...
Unpacking libboost-log1.67-dev (1.67.0-17) ...
Selecting previously unselected package libboost-log-dev.
Preparing to unpack .../123-libboost-log-dev_1.67.0.2+b1_amd64.deb ...
Unpacking libboost-log-dev (1.67.0.2+b1) ...
Selecting previously unselected package libboost-math1.67.0:amd64.
Preparing to unpack .../124-libboost-math1.67.0_1.67.0-17_amd64.deb ...
Unpacking libboost-math1.67.0:amd64 (1.67.0-17) ...
Selecting previously unselected package libboost-math1.67-dev:amd64.
Preparing to unpack .../125-libboost-math1.67-dev_1.67.0-17_amd64.deb ...
Unpacking libboost-math1.67-dev:amd64 (1.67.0-17) ...
Selecting previously unselected package libboost-math-dev:amd64.
Preparing to unpack .../126-libboost-math-dev_1.67.0.2+b1_amd64.deb ...
Unpacking libboost-math-dev:amd64 (1.67.0.2+b1) ...
Selecting previously unselected package openmpi-common.
Preparing to unpack .../127-openmpi-common_4.0.2-5_all.deb ...
Unpacking openmpi-common (4.0.2-5) ...
Selecting previously unselected package libnl-3-dev:amd64.
Preparing to unpack .../128-libnl-3-dev_3.4.0-1+b1_amd64.deb ...
Unpacking libnl-3-dev:amd64 (3.4.0-1+b1) ...
Selecting previously unselected package libnl-route-3-dev:amd64.
Preparing to unpack .../129-libnl-route-3-dev_3.4.0-1+b1_amd64.deb ...
Unpacking libnl-route-3-dev:amd64 (3.4.0-1+b1) ...
Selecting previously unselected package libibverbs-dev:amd64.
Preparing to unpack .../130-libibverbs-dev_28.0-1_amd64.deb ...
Unpacking libibverbs-dev:amd64 (28.0-1) ...
Selecting previously unselected package libnuma-dev:amd64.
Preparing to unpack .../131-libnuma-dev_2.0.12-1+b1_amd64.deb ...
Unpacking libnuma-dev:amd64 (2.0.12-1+b1) ...
Selecting previously unselected package libltdl-dev:amd64.
Preparing to unpack .../132-libltdl-dev_2.4.6-13_amd64.deb ...
Unpacking libltdl-dev:amd64 (2.4.6-13) ...
Selecting previously unselected package libhwloc-dev:amd64.
Preparing to unpack .../133-libhwloc-dev_2.1.0+dfsg-3_amd64.deb ...
Unpacking libhwloc-dev:amd64 (2.1.0+dfsg-3) ...
Selecting previously unselected package libevent-extra-2.1-7:amd64.
Preparing to unpack .../134-libevent-extra-2.1-7_2.1.11-stable-1_amd64.deb ...
Unpacking libevent-extra-2.1-7:amd64 (2.1.11-stable-1) ...
Selecting previously unselected package libevent-openssl-2.1-7:amd64.
Preparing to unpack .../135-libevent-openssl-2.1-7_2.1.11-stable-1_amd64.deb ...
Unpacking libevent-openssl-2.1-7:amd64 (2.1.11-stable-1) ...
Selecting previously unselected package libevent-dev.
Preparing to unpack .../136-libevent-dev_2.1.11-stable-1_amd64.deb ...
Unpacking libevent-dev (2.1.11-stable-1) ...
Selecting previously unselected package openmpi-bin.
Preparing to unpack .../137-openmpi-bin_4.0.2-5_amd64.deb ...
Unpacking openmpi-bin (4.0.2-5) ...
Selecting previously unselected package libopenmpi-dev:amd64.
Preparing to unpack .../138-libopenmpi-dev_4.0.2-5_amd64.deb ...
Unpacking libopenmpi-dev:amd64 (4.0.2-5) ...
Selecting previously unselected package mpi-default-dev.
Preparing to unpack .../139-mpi-default-dev_1.13_amd64.deb ...
Unpacking mpi-default-dev (1.13) ...
Selecting previously unselected package libboost-mpi1.67-dev.
Preparing to unpack .../140-libboost-mpi1.67-dev_1.67.0-17_amd64.deb ...
Unpacking libboost-mpi1.67-dev (1.67.0-17) ...
Selecting previously unselected package libboost-mpi-dev.
Preparing to unpack .../141-libboost-mpi-dev_1.67.0.2+b1_amd64.deb ...
Unpacking libboost-mpi-dev (1.67.0.2+b1) ...
Selecting previously unselected package libboost-python1.67.0.
Preparing to unpack .../142-libboost-python1.67.0_1.67.0-17_amd64.deb ...
Unpacking libboost-python1.67.0 (1.67.0-17) ...
Selecting previously unselected package mpi-default-bin.
Preparing to unpack .../143-mpi-default-bin_1.13_amd64.deb ...
Unpacking mpi-default-bin (1.13) ...
Selecting previously unselected package libboost-mpi-python1.67.0.
Preparing to unpack .../144-libboost-mpi-python1.67.0_1.67.0-17_amd64.deb ...
Unpacking libboost-mpi-python1.67.0 (1.67.0-17) ...
Selecting previously unselected package libboost-mpi-python1.67-dev.
Preparing to unpack .../145-libboost-mpi-python1.67-dev_1.67.0-17_amd64.deb ...
Unpacking libboost-mpi-python1.67-dev (1.67.0-17) ...
Selecting previously unselected package libboost-mpi-python-dev.
Preparing to unpack .../146-libboost-mpi-python-dev_1.67.0.2+b1_amd64.deb ...
Unpacking libboost-mpi-python-dev (1.67.0.2+b1) ...
Selecting previously unselected package libboost-numpy1.67.0.
Preparing to unpack .../147-libboost-numpy1.67.0_1.67.0-17_amd64.deb ...
Unpacking libboost-numpy1.67.0 (1.67.0-17) ...
Selecting previously unselected package libboost-numpy1.67-dev.
Preparing to unpack .../148-libboost-numpy1.67-dev_1.67.0-17_amd64.deb ...
Unpacking libboost-numpy1.67-dev (1.67.0-17) ...
Selecting previously unselected package libboost-numpy-dev.
Preparing to unpack .../149-libboost-numpy-dev_1.67.0.2+b1_amd64.deb ...
Unpacking libboost-numpy-dev (1.67.0.2+b1) ...
Selecting previously unselected package libboost-program-options1.67.0:amd64.
Preparing to unpack .../150-libboost-program-options1.67.0_1.67.0-17_amd64.deb ...
Unpacking libboost-program-options1.67.0:amd64 (1.67.0-17) ...
Selecting previously unselected package libboost-program-options1.67-dev:amd64.
Preparing to unpack .../151-libboost-program-options1.67-dev_1.67.0-17_amd64.deb ...
Unpacking libboost-program-options1.67-dev:amd64 (1.67.0-17) ...
Selecting previously unselected package libboost-program-options-dev:amd64.
Preparing to unpack .../152-libboost-program-options-dev_1.67.0.2+b1_amd64.deb ...
Unpacking libboost-program-options-dev:amd64 (1.67.0.2+b1) ...
Selecting previously unselected package libpython2.7:amd64.
Preparing to unpack .../153-libpython2.7_2.7.17-1+b1_amd64.deb ...
Unpacking libpython2.7:amd64 (2.7.17-1+b1) ...
Selecting previously unselected package libexpat1-dev:amd64.
Preparing to unpack .../154-libexpat1-dev_2.2.9-1_amd64.deb ...
Unpacking libexpat1-dev:amd64 (2.2.9-1) ...
Selecting previously unselected package libpython2.7-dev:amd64.
Preparing to unpack .../155-libpython2.7-dev_2.7.17-1+b1_amd64.deb ...
Unpacking libpython2.7-dev:amd64 (2.7.17-1+b1) ...
Selecting previously unselected package libpython2-dev:amd64.
Preparing to unpack .../156-libpython2-dev_2.7.17-2_amd64.deb ...
Unpacking libpython2-dev:amd64 (2.7.17-2) ...
Selecting previously unselected package libpython-dev:amd64.
Preparing to unpack .../157-libpython-dev_2.7.17-2_amd64.deb ...
Unpacking libpython-dev:amd64 (2.7.17-2) ...
Selecting previously unselected package python2.7-dev.
Preparing to unpack .../158-python2.7-dev_2.7.17-1+b1_amd64.deb ...
Unpacking python2.7-dev (2.7.17-1+b1) ...
Selecting previously unselected package python2-dev.
Preparing to unpack .../159-python2-dev_2.7.17-2_amd64.deb ...
Unpacking python2-dev (2.7.17-2) ...
Selecting previously unselected package python-dev.
Preparing to unpack .../160-python-dev_2.7.17-2_amd64.deb ...
Unpacking python-dev (2.7.17-2) ...
Selecting previously unselected package libpython3.7:amd64.
Preparing to unpack .../161-libpython3.7_3.7.6-1+b1_amd64.deb ...
Unpacking libpython3.7:amd64 (3.7.6-1+b1) ...
Selecting previously unselected package libpython3.7-dev:amd64.
Preparing to unpack .../162-libpython3.7-dev_3.7.6-1+b1_amd64.deb ...
Unpacking libpython3.7-dev:amd64 (3.7.6-1+b1) ...
Selecting previously unselected package libpython3-dev:amd64.
Preparing to unpack .../163-libpython3-dev_3.7.5-3_amd64.deb ...
Unpacking libpython3-dev:amd64 (3.7.5-3) ...
Selecting previously unselected package zlib1g-dev:amd64.
Preparing to unpack .../164-zlib1g-dev_1%3a1.2.11.dfsg-2_amd64.deb ...
Unpacking zlib1g-dev:amd64 (1:1.2.11.dfsg-2) ...
Selecting previously unselected package python3.7-dev.
Preparing to unpack .../165-python3.7-dev_3.7.6-1+b1_amd64.deb ...
Unpacking python3.7-dev (3.7.6-1+b1) ...
Selecting previously unselected package python3-lib2to3.
Preparing to unpack .../166-python3-lib2to3_3.8.0-1_all.deb ...
Unpacking python3-lib2to3 (3.8.0-1) ...
Selecting previously unselected package python3-distutils.
Preparing to unpack .../167-python3-distutils_3.8.0-1_all.deb ...
Unpacking python3-distutils (3.8.0-1) ...
Selecting previously unselected package python3-dev.
Preparing to unpack .../168-python3-dev_3.7.5-3_amd64.deb ...
Unpacking python3-dev (3.7.5-3) ...
Selecting previously unselected package libboost-python1.67-dev.
Preparing to unpack .../169-libboost-python1.67-dev_1.67.0-17_amd64.deb ...
Unpacking libboost-python1.67-dev (1.67.0-17) ...
Selecting previously unselected package libboost-python-dev.
Preparing to unpack .../170-libboost-python-dev_1.67.0.2+b1_amd64.deb ...
Unpacking libboost-python-dev (1.67.0.2+b1) ...
Selecting previously unselected package libboost-random1.67.0:amd64.
Preparing to unpack .../171-libboost-random1.67.0_1.67.0-17_amd64.deb ...
Unpacking libboost-random1.67.0:amd64 (1.67.0-17) ...
Selecting previously unselected package libboost-random1.67-dev:amd64.
Preparing to unpack .../172-libboost-random1.67-dev_1.67.0-17_amd64.deb ...
Unpacking libboost-random1.67-dev:amd64 (1.67.0-17) ...
Selecting previously unselected package libboost-random-dev:amd64.
Preparing to unpack .../173-libboost-random-dev_1.67.0.2+b1_amd64.deb ...
Unpacking libboost-random-dev:amd64 (1.67.0.2+b1) ...
Selecting previously unselected package libboost-regex-dev:amd64.
Preparing to unpack .../174-libboost-regex-dev_1.67.0.2+b1_amd64.deb ...
Unpacking libboost-regex-dev:amd64 (1.67.0.2+b1) ...
Selecting previously unselected package libboost-serialization-dev:amd64.
Preparing to unpack .../175-libboost-serialization-dev_1.67.0.2+b1_amd64.deb ...
Unpacking libboost-serialization-dev:amd64 (1.67.0.2+b1) ...
Selecting previously unselected package libboost-signals1.67.0:amd64.
Preparing to unpack .../176-libboost-signals1.67.0_1.67.0-17_amd64.deb ...
Unpacking libboost-signals1.67.0:amd64 (1.67.0-17) ...
Selecting previously unselected package libboost-signals1.67-dev:amd64.
Preparing to unpack .../177-libboost-signals1.67-dev_1.67.0-17_amd64.deb ...
Unpacking libboost-signals1.67-dev:amd64 (1.67.0-17) ...
Selecting previously unselected package libboost-signals-dev:amd64.
Preparing to unpack .../178-libboost-signals-dev_1.67.0.2+b1_amd64.deb ...
Unpacking libboost-signals-dev:amd64 (1.67.0.2+b1) ...
Selecting previously unselected package libboost-stacktrace1.67.0:amd64.
Preparing to unpack .../179-libboost-stacktrace1.67.0_1.67.0-17_amd64.deb ...
Unpacking libboost-stacktrace1.67.0:amd64 (1.67.0-17) ...
Selecting previously unselected package libboost-stacktrace1.67-dev:amd64.
Preparing to unpack .../180-libboost-stacktrace1.67-dev_1.67.0-17_amd64.deb ...
Unpacking libboost-stacktrace1.67-dev:amd64 (1.67.0-17) ...
Selecting previously unselected package libboost-stacktrace-dev:amd64.
Preparing to unpack .../181-libboost-stacktrace-dev_1.67.0.2+b1_amd64.deb ...
Unpacking libboost-stacktrace-dev:amd64 (1.67.0.2+b1) ...
Selecting previously unselected package libboost-system-dev:amd64.
Preparing to unpack .../182-libboost-system-dev_1.67.0.2+b1_amd64.deb ...
Unpacking libboost-system-dev:amd64 (1.67.0.2+b1) ...
Selecting previously unselected package libboost-test-dev:amd64.
Preparing to unpack .../183-libboost-test-dev_1.67.0.2+b1_amd64.deb ...
Unpacking libboost-test-dev:amd64 (1.67.0.2+b1) ...
Selecting previously unselected package libboost-thread-dev:amd64.
Preparing to unpack .../184-libboost-thread-dev_1.67.0.2+b1_amd64.deb ...
Unpacking libboost-thread-dev:amd64 (1.67.0.2+b1) ...
Selecting previously unselected package libboost-timer1.67.0:amd64.
Preparing to unpack .../185-libboost-timer1.67.0_1.67.0-17_amd64.deb ...
Unpacking libboost-timer1.67.0:amd64 (1.67.0-17) ...
Selecting previously unselected package libboost-timer1.67-dev:amd64.
Preparing to unpack .../186-libboost-timer1.67-dev_1.67.0-17_amd64.deb ...
Unpacking libboost-timer1.67-dev:amd64 (1.67.0-17) ...
Selecting previously unselected package libboost-timer-dev:amd64.
Preparing to unpack .../187-libboost-timer-dev_1.67.0.2+b1_amd64.deb ...
Unpacking libboost-timer-dev:amd64 (1.67.0.2+b1) ...
Selecting previously unselected package libboost-type-erasure1.67.0:amd64.
Preparing to unpack .../188-libboost-type-erasure1.67.0_1.67.0-17_amd64.deb ...
Unpacking libboost-type-erasure1.67.0:amd64 (1.67.0-17) ...
Selecting previously unselected package libboost-type-erasure1.67-dev:amd64.
Preparing to unpack .../189-libboost-type-erasure1.67-dev_1.67.0-17_amd64.deb ...
Unpacking libboost-type-erasure1.67-dev:amd64 (1.67.0-17) ...
Selecting previously unselected package libboost-type-erasure-dev:amd64.
Preparing to unpack .../190-libboost-type-erasure-dev_1.67.0.2+b1_amd64.deb ...
Unpacking libboost-type-erasure-dev:amd64 (1.67.0.2+b1) ...
Selecting previously unselected package libboost-wave1.67.0:amd64.
Preparing to unpack .../191-libboost-wave1.67.0_1.67.0-17_amd64.deb ...
Unpacking libboost-wave1.67.0:amd64 (1.67.0-17) ...
Selecting previously unselected package libboost-wave1.67-dev:amd64.
Preparing to unpack .../192-libboost-wave1.67-dev_1.67.0-17_amd64.deb ...
Unpacking libboost-wave1.67-dev:amd64 (1.67.0-17) ...
Selecting previously unselected package libboost-wave-dev:amd64.
Preparing to unpack .../193-libboost-wave-dev_1.67.0.2+b1_amd64.deb ...
Unpacking libboost-wave-dev:amd64 (1.67.0.2+b1) ...
Selecting previously unselected package libboost-all-dev.
Preparing to unpack .../194-libboost-all-dev_1.67.0.2+b1_amd64.deb ...
Unpacking libboost-all-dev (1.67.0.2+b1) ...
Selecting previously unselected package sbuild-build-depends-main-dummy.
Preparing to unpack .../195-sbuild-build-depends-main-dummy_0.invalid.0_amd64.deb ...
Unpacking sbuild-build-depends-main-dummy (0.invalid.0) ...
Setting up libboost1.67-dev:amd64 (1.67.0-17) ...
Setting up libboost-program-options1.67.0:amd64 (1.67.0-17) ...
Setting up libpipeline1:amd64 (1.5.2-2) ...
Setting up libboost1.67-tools-dev (1.67.0-17) ...
Setting up libpciaccess0:amd64 (0.14-1) ...
Setting up libxau6:amd64 (1:1.0.8-1+b2) ...
Setting up libxdmcp6:amd64 (1:1.1.2-3) ...
Setting up libkeyutils1:amd64 (1.6.1-2) ...
Setting up libxcb1:amd64 (1.13.1-5) ...
Setting up mime-support (3.64) ...
Setting up libboost-signals1.67.0:amd64 (1.67.0-17) ...
Setting up libmagic-mgc (1:5.38-4) ...
Setting up libarchive-zip-perl (1.67-1) ...
Setting up libboost-program-options1.67-dev:amd64 (1.67.0-17) ...
Setting up libglib2.0-0:amd64 (2.62.4-2) ...
No schema files found: doing nothing.
Setting up libdebhelper-perl (12.9) ...
Setting up libboost-container1.67.0:amd64 (1.67.0-17) ...
Setting up libboost-test1.67.0:amd64 (1.67.0-17) ...
Setting up libsqlite3-0:amd64 (3.31.1-3) ...
Setting up libcbor0:amd64 (0.5.0+dfsg-2) ...
Setting up libmagic1:amd64 (1:5.38-4) ...
Setting up gettext-base (0.19.8.1-10) ...
Setting up libboost-tools-dev (1.67.0.2+b1) ...
Setting up libboost-date-time1.67.0:amd64 (1.67.0-17) ...
Setting up file (1:5.38-4) ...
Setting up libboost-math1.67.0:amd64 (1.67.0-17) ...
Setting up libicu63:amd64 (63.2-2) ...
Setting up libboost-container1.67-dev:amd64 (1.67.0-17) ...
Setting up libkrb5support0:amd64 (1.17-6) ...
Setting up libboost-test1.67-dev:amd64 (1.67.0-17) ...
Setting up libboost-test-dev:amd64 (1.67.0.2+b1) ...
Setting up autotools-dev (20180224.1) ...
Setting up libexpat1-dev:amd64 (2.2.9-1) ...
Setting up libboost-program-options-dev:amd64 (1.67.0.2+b1) ...
Setting up libx11-data (2:1.6.8-1) ...
Setting up libboost-signals1.67-dev:amd64 (1.67.0-17) ...
Setting up libsigsegv2:amd64 (2.12-2) ...
Setting up bsdmainutils (11.1.2+b1) ...
update-alternatives: using /usr/bin/bsd-write to provide /usr/bin/write (write) in auto mode
update-alternatives: using /usr/bin/bsd-from to provide /usr/bin/from (from) in auto mode
Setting up libevent-core-2.1-7:amd64 (2.1.11-stable-1) ...
Setting up libevent-2.1-7:amd64 (2.1.11-stable-1) ...
Setting up autopoint (0.19.8.1-10) ...
Setting up icu-devtools (63.2-2) ...
Setting up libboost-iostreams1.67.0:amd64 (1.67.0-17) ...
Setting up libk5crypto3:amd64 (1.17-6) ...
Setting up libltdl7:amd64 (2.4.6-13) ...
Setting up libboost-exception1.67-dev:amd64 (1.67.0-17) ...
Setting up libgfortran5:amd64 (10-20200222-1) ...
Setting up zlib1g-dev:amd64 (1:1.2.11.dfsg-2) ...
Setting up libnuma1:amd64 (2.0.12-1+b1) ...
Setting up libboost-signals-dev:amd64 (1.67.0.2+b1) ...
Setting up sensible-utils (0.0.12+nmu1) ...
Setting up ocl-icd-libopencl1:amd64 (2.2.12-3) ...
Setting up libuchardet0:amd64 (0.0.6-3) ...
Setting up libnl-3-200:amd64 (3.4.0-1+b1) ...
Setting up libboost-python1.67.0 (1.67.0-17) ...
Setting up libpsm2-2 (11.2.86-1) ...
Setting up openmpi-common (4.0.2-5) ...
Setting up libsub-override-perl (0.09-2) ...
Setting up libx11-6:amd64 (2:1.6.8-1) ...
Setting up libboost-atomic1.67.0:amd64 (1.67.0-17) ...
Setting up libkrb5-3:amd64 (1.17-6) ...
Setting up libboost-dev:amd64 (1.67.0.2+b1) ...
Setting up libpsm-infinipath1 (3.3+20.604758e7-6+b1) ...
update-alternatives: using /usr/lib/libpsm1/libpsm_infinipath.so.1.16 to provide /usr/lib/x86_64-linux-gnu/libpsm_infinipath.so.1 (libpsm_infinipath.so.1) in auto mode
Setting up libmpdec2:amd64 (2.4.2-2) ...
Setting up libboost-context1.67.0:amd64 (1.67.0-17) ...
Setting up libboost-system1.67.0:amd64 (1.67.0-17) ...
Setting up libfido2-1:amd64 (1.3.1-1) ...
Setting up libboost-serialization1.67.0:amd64 (1.67.0-17) ...
Setting up libelf1:amd64 (0.176-1.1) ...
Setting up readline-common (8.0-4) ...
Setting up libicu-dev:amd64 (63.2-2) ...
Setting up libxml2:amd64 (2.9.10+dfsg-3) ...
Setting up libboost-stacktrace1.67.0:amd64 (1.67.0-17) ...
Setting up libevent-pthreads-2.1-7:amd64 (2.1.11-stable-1) ...
Setting up libboost-atomic1.67-dev:amd64 (1.67.0-17) ...
Setting up libfile-stripnondeterminism-perl (1.6.3-2) ...
Setting up libboost-serialization1.67-dev:amd64 (1.67.0-17) ...
Setting up libevent-extra-2.1-7:amd64 (2.1.11-stable-1) ...
Setting up libboost-regex1.67.0:amd64 (1.67.0-17) ...
Setting up libboost-chrono1.67.0:amd64 (1.67.0-17) ...
Setting up libboost-math1.67-dev:amd64 (1.67.0-17) ...
Setting up libboost-thread1.67.0:amd64 (1.67.0-17) ...
Setting up libtool (2.4.6-13) ...
Setting up libboost-regex1.67-dev:amd64 (1.67.0-17) ...
Setting up libboost-math-dev:amd64 (1.67.0.2+b1) ...
Setting up libreadline8:amd64 (8.0-4) ...
Setting up libxext6:amd64 (2:1.3.3-1+b2) ...
Setting up libgfortran-9-dev:amd64 (9.2.1-30) ...
Setting up libevent-openssl-2.1-7:amd64 (2.1.11-stable-1) ...
Setting up m4 (1.4.18-4) ...
Setting up libboost-coroutine1.67.0:amd64 (1.67.0-17) ...
Setting up libboost-exception-dev:amd64 (1.67.0.2+b1) ...
Setting up libboost-graph1.67.0:amd64 (1.67.0-17) ...
Setting up libboost-locale1.67.0:amd64 (1.67.0-17) ...
Setting up libboost-container-dev:amd64 (1.67.0.2+b1) ...
Setting up libnuma-dev:amd64 (2.0.12-1+b1) ...
Setting up libnl-route-3-200:amd64 (3.4.0-1+b1) ...
Setting up libxnvctrl0:amd64 (440.59-1) ...
Setting up libpython2.7-stdlib:amd64 (2.7.17-1+b1) ...
Setting up libboost-type-erasure1.67.0:amd64 (1.67.0-17) ...
Setting up libboost-numpy1.67.0 (1.67.0-17) ...
Setting up libboost-date-time1.67-dev:amd64 (1.67.0-17) ...
Setting up libboost-chrono1.67-dev:amd64 (1.67.0-17) ...
Setting up libevent-dev (2.1.11-stable-1) ...
Setting up libhwloc15:amd64 (2.1.0+dfsg-3) ...
Setting up libgssapi-krb5-2:amd64 (1.17-6) ...
Setting up libcroco3:amd64 (0.6.13-1) ...
Setting up libboost-locale1.67-dev:amd64 (1.67.0-17) ...
Setting up libboost-serialization-dev:amd64 (1.67.0.2+b1) ...
Setting up libboost-context1.67-dev:amd64 (1.67.0-17) ...
Setting up libboost-date-time-dev:amd64 (1.67.0.2+b1) ...
Setting up autoconf (2.69-11.1) ...
Setting up dh-strip-nondeterminism (1.6.3-2) ...
Setting up libboost-atomic-dev:amd64 (1.67.0.2+b1) ...
Setting up dwz (0.13-5) ...
Setting up libnl-3-dev:amd64 (3.4.0-1+b1) ...
Setting up groff-base (1.22.4-4) ...
Setting up libboost-timer1.67.0:amd64 (1.67.0-17) ...
Setting up libboost-graph1.67-dev:amd64 (1.67.0-17) ...
Setting up libboost-filesystem1.67.0:amd64 (1.67.0-17) ...
Setting up libboost-coroutine1.67-dev:amd64 (1.67.0-17) ...
Setting up libboost-system1.67-dev:amd64 (1.67.0-17) ...
Setting up libboost-random1.67.0:amd64 (1.67.0-17) ...
Setting up libboost-random1.67-dev:amd64 (1.67.0-17) ...
Setting up libboost-regex-dev:amd64 (1.67.0.2+b1) ...
Setting up libboost-stacktrace1.67-dev:amd64 (1.67.0-17) ...
Setting up libboost-iostreams1.67-dev:amd64 (1.67.0-17) ...
Setting up libboost-numpy1.67-dev (1.67.0-17) ...
Setting up automake (1:1.16.1-4) ...
update-alternatives: using /usr/bin/automake-1.16 to provide /usr/bin/automake (automake) in auto mode
Setting up libboost-graph-dev:amd64 (1.67.0.2+b1) ...
Setting up libibverbs1:amd64 (28.0-1) ...
Setting up libpython3.7-stdlib:amd64 (3.7.6-1+b1) ...
Setting up libpython2.7:amd64 (2.7.17-1+b1) ...
Setting up libpython2.7-dev:amd64 (2.7.17-1+b1) ...
Setting up gettext (0.19.8.1-10) ...
Setting up libboost-filesystem1.67-dev:amd64 (1.67.0-17) ...
Setting up python2.7 (2.7.17-1+b1) ...
Setting up libboost-wave1.67.0:amd64 (1.67.0-17) ...
Setting up gfortran-9 (9.2.1-30) ...
Setting up libpython3.7:amd64 (3.7.6-1+b1) ...
Setting up ibverbs-providers:amd64 (28.0-1) ...
Setting up libboost-thread1.67-dev:amd64 (1.67.0-17) ...
Setting up libpython2-stdlib:amd64 (2.7.17-2) ...
Setting up libboost-chrono-dev:amd64 (1.67.0.2+b1) ...
Setting up openssh-client (1:8.2p1-3) ...
Setting up libpython3.7-dev:amd64 (3.7.6-1+b1) ...
Setting up libboost-system-dev:amd64 (1.67.0.2+b1) ...
Setting up libboost-random-dev:amd64 (1.67.0.2+b1) ...
Setting up libboost-locale-dev:amd64 (1.67.0.2+b1) ...
Setting up libboost-context-dev:amd64 (1.67.0.2+b1) ...
Setting up libboost-iostreams-dev:amd64 (1.67.0.2+b1) ...
Setting up libboost-type-erasure1.67-dev:amd64 (1.67.0-17) ...
Setting up libhwloc-plugins:amd64 (2.1.0+dfsg-3) ...
Setting up man-db (2.9.0-2) ...
Not building database; man-db/auto-update is not 'true'.
Setting up python2 (2.7.17-2) ...
Setting up libboost-type-erasure-dev:amd64 (1.67.0.2+b1) ...
Setting up intltool-debian (0.35.0+20060710.5) ...
Setting up libnl-route-3-dev:amd64 (3.4.0-1+b1) ...
Setting up libltdl-dev:amd64 (2.4.6-13) ...
Setting up libpython-stdlib:amd64 (2.7.17-2) ...
Setting up libboost-fiber1.67.0:amd64 (1.67.0-17) ...
Setting up libboost-log1.67.0 (1.67.0-17) ...
Setting up libboost-numpy-dev (1.67.0.2+b1) ...
Setting up libboost-timer1.67-dev:amd64 (1.67.0-17) ...
Setting up libboost-stacktrace-dev:amd64 (1.67.0.2+b1) ...
Setting up libboost-fiber1.67-dev:amd64 (1.67.0-17) ...
Setting up libpython2-dev:amd64 (2.7.17-2) ...
Setting up libhwloc-dev:amd64 (2.1.0+dfsg-3) ...
Setting up libboost-coroutine-dev:amd64 (1.67.0.2+b1) ...
Setting up python (2.7.17-2) ...
Setting up libboost-timer-dev:amd64 (1.67.0.2+b1) ...
Setting up libboost-filesystem-dev:amd64 (1.67.0.2+b1) ...
Setting up libboost-thread-dev:amd64 (1.67.0.2+b1) ...
Setting up libpython3-stdlib:amd64 (3.7.5-3) ...
Setting up libboost-fiber-dev:amd64 (1.67.0.2+b1) ...
Setting up python2.7-dev (2.7.17-1+b1) ...
Setting up librdmacm1:amd64 (28.0-1) ...
Setting up libboost-wave1.67-dev:amd64 (1.67.0-17) ...
Setting up python3.7 (3.7.6-1+b1) ...
Setting up libpython3-dev:amd64 (3.7.5-3) ...
Setting up python2-dev (2.7.17-2) ...
Setting up libpmix2:amd64 (3.1.4-1+b1) ...
Setting up po-debconf (1.0.21) ...
Setting up python3 (3.7.5-3) ...
Setting up libboost-wave-dev:amd64 (1.67.0.2+b1) ...
Setting up libibverbs-dev:amd64 (28.0-1) ...
Setting up libboost-log1.67-dev (1.67.0-17) ...
Setting up python3.7-dev (3.7.6-1+b1) ...
Setting up libpython-dev:amd64 (2.7.17-2) ...
Setting up python3-lib2to3 (3.8.0-1) ...
Setting up libboost-log-dev (1.67.0.2+b1) ...
Setting up python-dev (2.7.17-2) ...
Setting up python3-distutils (3.8.0-1) ...
Setting up libfabric1 (1.6.2-3+b1) ...
Setting up libopenmpi3:amd64 (4.0.2-5) ...
Setting up libboost-mpi1.67.0 (1.67.0-17) ...
Setting up libboost-graph-parallel1.67.0 (1.67.0-17) ...
Setting up python3-dev (3.7.5-3) ...
Setting up libboost-python1.67-dev (1.67.0-17) ...
Setting up openmpi-bin (4.0.2-5) ...
update-alternatives: using /usr/bin/mpirun.openmpi to provide /usr/bin/mpirun (mpirun) in auto mode
update-alternatives: using /usr/bin/mpicc.openmpi to provide /usr/bin/mpicc (mpi) in auto mode
Setting up mpi-default-bin (1.13) ...
Setting up libboost-graph-parallel1.67-dev (1.67.0-17) ...
Setting up libboost-python-dev (1.67.0.2+b1) ...
Setting up libboost-graph-parallel-dev (1.67.0.2+b1) ...
Setting up libopenmpi-dev:amd64 (4.0.2-5) ...
update-alternatives: using /usr/lib/x86_64-linux-gnu/openmpi/include to provide /usr/include/x86_64-linux-gnu/mpi (mpi-x86_64-linux-gnu) in auto mode
Setting up libboost-mpi-python1.67.0 (1.67.0-17) ...
Setting up mpi-default-dev (1.13) ...
Setting up libboost-mpi1.67-dev (1.67.0-17) ...
Setting up libboost-mpi-dev (1.67.0.2+b1) ...
Setting up libboost-mpi-python1.67-dev (1.67.0-17) ...
Setting up libboost-mpi-python-dev (1.67.0.2+b1) ...
Setting up libboost-all-dev (1.67.0.2+b1) ...
Setting up dh-autoreconf (19) ...
Setting up debhelper (12.9) ...
Setting up sbuild-build-depends-main-dummy (0.invalid.0) ...
Processing triggers for libc-bin (2.29-10) ...

+------------------------------------------------------------------------------+
| Check architectures                                                          |
+------------------------------------------------------------------------------+

Arch check ok (amd64 included in any)

+------------------------------------------------------------------------------+
| Build environment                                                            |
+------------------------------------------------------------------------------+

Kernel: Linux 4.19.0-6-cloud-amd64 #1 SMP Debian 4.19.67-2+deb10u2 (2019-11-11) amd64 (x86_64)
Toolchain package versions: binutils_2.34-3 dpkg-dev_1.19.7 g++-9_9.2.1-30 gcc-9_9.2.1-30 libc6-dev_2.29-10 libstdc++-8-dev_8.3.0-29 libstdc++-9-dev_9.2.1-30 libstdc++6_10-20200222-1 linux-libc-dev_5.4.19-1
Package versions: adduser_3.118 apt_1.8.4 autoconf_2.69-11.1 automake_1:1.16.1-4 autopoint_0.19.8.1-10 autotools-dev_20180224.1 base-files_11 base-passwd_3.5.47 bash_5.0-6 binutils_2.34-3 binutils-common_2.34-3 binutils-x86-64-linux-gnu_2.34-3 bsdmainutils_11.1.2+b1 bsdutils_1:2.34-0.1 build-essential_12.8 bzip2_1.0.8-2 clang-9_1:9.0.1-8 coreutils_8.30-3+b1 cpp_4:9.2.1-3.1 cpp-9_9.2.1-30 dash_0.5.10.2-6 debconf_1.5.73 debhelper_12.9 debian-archive-keyring_2019.1 debianutils_4.9.1 dh-autoreconf_19 dh-strip-nondeterminism_1.6.3-2 diffutils_1:3.7-3 dpkg_1.19.7 dpkg-dev_1.19.7 dwz_0.13-5 e2fsprogs_1.45.5-2 fakeroot_1.24-1 fdisk_2.34-0.1 file_1:5.38-4 findutils_4.7.0-1 g++_4:9.2.1-3.1 g++-9_9.2.1-30 gcc_4:9.2.1-3.1 gcc-10-base_10-20200222-1 gcc-8-base_8.3.0-29 gcc-9_9.2.1-30 gcc-9-base_9.2.1-30 gettext_0.19.8.1-10 gettext-base_0.19.8.1-10 gfortran-9_9.2.1-30 gpgv_2.2.19-1 grep_3.4-1 groff-base_1.22.4-4 gzip_1.9-3+b1 hostname_3.23 ibverbs-providers_28.0-1 icu-devtools_63.2-2 init-system-helpers_1.57 intltool-debian_0.35.0+20060710.5 lib32gcc-s1_10-20200222-1 lib32gcc1_1:10-20200222-1 lib32stdc++6_10-20200222-1 libacl1_2.2.53-5 libapt-pkg5.0_1.8.4 libarchive-zip-perl_1.67-1 libasan5_9.2.1-30 libatomic1_10-20200222-1 libattr1_1:2.4.48-5 libaudit-common_1:2.8.5-2 libaudit1_1:2.8.5-2+b1 libbinutils_2.34-3 libblkid1_2.34-0.1 libboost-all-dev_1.67.0.2+b1 libboost-atomic-dev_1.67.0.2+b1 libboost-atomic1.67-dev_1.67.0-17 libboost-atomic1.67.0_1.67.0-17 libboost-chrono-dev_1.67.0.2+b1 libboost-chrono1.67-dev_1.67.0-17 libboost-chrono1.67.0_1.67.0-17 libboost-container-dev_1.67.0.2+b1 libboost-container1.67-dev_1.67.0-17 libboost-container1.67.0_1.67.0-17 libboost-context-dev_1.67.0.2+b1 libboost-context1.67-dev_1.67.0-17 libboost-context1.67.0_1.67.0-17 libboost-coroutine-dev_1.67.0.2+b1 libboost-coroutine1.67-dev_1.67.0-17 libboost-coroutine1.67.0_1.67.0-17 libboost-date-time-dev_1.67.0.2+b1 libboost-date-time1.67-dev_1.67.0-17 libboost-date-time1.67.0_1.67.0-17 libboost-dev_1.67.0.2+b1 libboost-exception-dev_1.67.0.2+b1 libboost-exception1.67-dev_1.67.0-17 libboost-fiber-dev_1.67.0.2+b1 libboost-fiber1.67-dev_1.67.0-17 libboost-fiber1.67.0_1.67.0-17 libboost-filesystem-dev_1.67.0.2+b1 libboost-filesystem1.67-dev_1.67.0-17 libboost-filesystem1.67.0_1.67.0-17 libboost-graph-dev_1.67.0.2+b1 libboost-graph-parallel-dev_1.67.0.2+b1 libboost-graph-parallel1.67-dev_1.67.0-17 libboost-graph-parallel1.67.0_1.67.0-17 libboost-graph1.67-dev_1.67.0-17 libboost-graph1.67.0_1.67.0-17 libboost-iostreams-dev_1.67.0.2+b1 libboost-iostreams1.67-dev_1.67.0-17 libboost-iostreams1.67.0_1.67.0-17 libboost-locale-dev_1.67.0.2+b1 libboost-locale1.67-dev_1.67.0-17 libboost-locale1.67.0_1.67.0-17 libboost-log-dev_1.67.0.2+b1 libboost-log1.67-dev_1.67.0-17 libboost-log1.67.0_1.67.0-17 libboost-math-dev_1.67.0.2+b1 libboost-math1.67-dev_1.67.0-17 libboost-math1.67.0_1.67.0-17 libboost-mpi-dev_1.67.0.2+b1 libboost-mpi-python-dev_1.67.0.2+b1 libboost-mpi-python1.67-dev_1.67.0-17 libboost-mpi-python1.67.0_1.67.0-17 libboost-mpi1.67-dev_1.67.0-17 libboost-mpi1.67.0_1.67.0-17 libboost-numpy-dev_1.67.0.2+b1 libboost-numpy1.67-dev_1.67.0-17 libboost-numpy1.67.0_1.67.0-17 libboost-program-options-dev_1.67.0.2+b1 libboost-program-options1.67-dev_1.67.0-17 libboost-program-options1.67.0_1.67.0-17 libboost-python-dev_1.67.0.2+b1 libboost-python1.67-dev_1.67.0-17 libboost-python1.67.0_1.67.0-17 libboost-random-dev_1.67.0.2+b1 libboost-random1.67-dev_1.67.0-17 libboost-random1.67.0_1.67.0-17 libboost-regex-dev_1.67.0.2+b1 libboost-regex1.67-dev_1.67.0-17 libboost-regex1.67.0_1.67.0-17 libboost-serialization-dev_1.67.0.2+b1 libboost-serialization1.67-dev_1.67.0-17 libboost-serialization1.67.0_1.67.0-17 libboost-signals-dev_1.67.0.2+b1 libboost-signals1.67-dev_1.67.0-17 libboost-signals1.67.0_1.67.0-17 libboost-stacktrace-dev_1.67.0.2+b1 libboost-stacktrace1.67-dev_1.67.0-17 libboost-stacktrace1.67.0_1.67.0-17 libboost-system-dev_1.67.0.2+b1 libboost-system1.67-dev_1.67.0-17 libboost-system1.67.0_1.67.0-17 libboost-test-dev_1.67.0.2+b1 libboost-test1.67-dev_1.67.0-17 libboost-test1.67.0_1.67.0-17 libboost-thread-dev_1.67.0.2+b1 libboost-thread1.67-dev_1.67.0-17 libboost-thread1.67.0_1.67.0-17 libboost-timer-dev_1.67.0.2+b1 libboost-timer1.67-dev_1.67.0-17 libboost-timer1.67.0_1.67.0-17 libboost-tools-dev_1.67.0.2+b1 libboost-type-erasure-dev_1.67.0.2+b1 libboost-type-erasure1.67-dev_1.67.0-17 libboost-type-erasure1.67.0_1.67.0-17 libboost-wave-dev_1.67.0.2+b1 libboost-wave1.67-dev_1.67.0-17 libboost-wave1.67.0_1.67.0-17 libboost1.67-dev_1.67.0-17 libboost1.67-tools-dev_1.67.0-17 libbsd0_0.10.0-1 libbz2-1.0_1.0.8-2 libc-bin_2.29-10 libc-dev-bin_2.29-10 libc6_2.29-10 libc6-dev_2.29-10 libc6-i386_2.29-10 libcap-ng0_0.7.9-2.1+b1 libcbor0_0.5.0+dfsg-2 libcc1-0_10-20200222-1 libclang-common-9-dev_1:9.0.1-8 libclang-cpp9_1:9.0.1-8 libcom-err2_1.45.5-2 libcroco3_0.6.13-1 libcrypt-dev_1:4.4.10-10 libcrypt1_1:4.4.10-10 libctf-nobfd0_2.34-3 libctf0_2.34-3 libdb5.3_5.3.28+dfsg1-0.6 libdebconfclient0_0.251 libdebhelper-perl_12.9 libdpkg-perl_1.19.7 libedit2_3.1-20191231-1 libelf1_0.176-1.1 libevent-2.1-7_2.1.11-stable-1 libevent-core-2.1-7_2.1.11-stable-1 libevent-dev_2.1.11-stable-1 libevent-extra-2.1-7_2.1.11-stable-1 libevent-openssl-2.1-7_2.1.11-stable-1 libevent-pthreads-2.1-7_2.1.11-stable-1 libexpat1_2.2.9-1 libexpat1-dev_2.2.9-1 libext2fs2_1.45.5-2 libfabric1_1.6.2-3+b1 libfakeroot_1.24-1 libfdisk1_2.34-0.1 libffi7_3.3-3 libfido2-1_1.3.1-1 libfile-stripnondeterminism-perl_1.6.3-2 libgc1c2_1:7.6.4-0.4 libgcc-8-dev_8.3.0-29 libgcc-9-dev_9.2.1-30 libgcc-s1_10-20200222-1 libgcc1_1:10-20200222-1 libgcrypt20_1.8.5-5 libgdbm-compat4_1.18.1-5 libgdbm6_1.18.1-5 libgfortran-9-dev_9.2.1-30 libgfortran5_10-20200222-1 libglib2.0-0_2.62.4-2 libgmp10_2:6.2.0+dfsg-4 libgnutls30_3.6.12-2 libgomp1_10-20200222-1 libgpg-error0_1.37-1 libgssapi-krb5-2_1.17-6 libhogweed5_3.5.1+really3.5.1-2 libhwloc-dev_2.1.0+dfsg-3 libhwloc-plugins_2.1.0+dfsg-3 libhwloc15_2.1.0+dfsg-3 libibverbs-dev_28.0-1 libibverbs1_28.0-1 libicu-dev_63.2-2 libicu63_63.2-2 libidn2-0_2.2.0-2 libisl22_0.22.1-1 libitm1_10-20200222-1 libk5crypto3_1.17-6 libkeyutils1_1.6.1-2 libkrb5-3_1.17-6 libkrb5support0_1.17-6 libllvm9_1:9.0.1-8 liblsan0_10-20200222-1 libltdl-dev_2.4.6-13 libltdl7_2.4.6-13 liblz4-1_1.9.2-2 liblzma5_5.2.4-1+b1 libmagic-mgc_1:5.38-4 libmagic1_1:5.38-4 libmount1_2.34-0.1 libmpc3_1.1.0-1 libmpdec2_2.4.2-2 libmpfr6_4.0.2-1 libmpx2_8.3.0-29 libncursesw6_6.1+20191019-1 libnettle7_3.5.1+really3.5.1-2 libnl-3-200_3.4.0-1+b1 libnl-3-dev_3.4.0-1+b1 libnl-route-3-200_3.4.0-1+b1 libnl-route-3-dev_3.4.0-1+b1 libnuma-dev_2.0.12-1+b1 libnuma1_2.0.12-1+b1 libobjc-8-dev_8.3.0-29 libobjc-9-dev_9.2.1-30 libobjc4_10-20200222-1 libomp-9-dev_1:9.0.1-8 libomp5-9_1:9.0.1-8 libopenmpi-dev_4.0.2-5 libopenmpi3_4.0.2-5 libp11-kit0_0.23.20-1 libpam-modules_1.3.1-5 libpam-modules-bin_1.3.1-5 libpam-runtime_1.3.1-5 libpam0g_1.3.1-5 libpciaccess0_0.14-1 libpcre2-8-0_10.34-7 libpcre3_2:8.39-12+b1 libperl5.30_5.30.0-9 libpipeline1_1.5.2-2 libpmix2_3.1.4-1+b1 libpsm-infinipath1_3.3+20.604758e7-6+b1 libpsm2-2_11.2.86-1 libpython-dev_2.7.17-2 libpython-stdlib_2.7.17-2 libpython2-dev_2.7.17-2 libpython2-stdlib_2.7.17-2 libpython2.7_2.7.17-1+b1 libpython2.7-dev_2.7.17-1+b1 libpython2.7-minimal_2.7.17-1+b1 libpython2.7-stdlib_2.7.17-1+b1 libpython3-dev_3.7.5-3 libpython3-stdlib_3.7.5-3 libpython3.7_3.7.6-1+b1 libpython3.7-dev_3.7.6-1+b1 libpython3.7-minimal_3.7.6-1+b1 libpython3.7-stdlib_3.7.6-1+b1 libquadmath0_10-20200222-1 librdmacm1_28.0-1 libreadline8_8.0-4 libseccomp2_2.4.2-2 libselinux1_3.0-1+b1 libsemanage-common_3.0-1 libsemanage1_3.0-1+b1 libsepol1_3.0-1 libsigsegv2_2.12-2 libsmartcols1_2.34-0.1 libsqlite3-0_3.31.1-3 libss2_1.45.5-2 libssl1.1_1.1.1d-2 libstdc++-8-dev_8.3.0-29 libstdc++-9-dev_9.2.1-30 libstdc++6_10-20200222-1 libsub-override-perl_0.09-2 libsystemd0_244.3-1 libtasn1-6_4.16.0-2 libtinfo6_6.1+20191019-1 libtool_2.4.6-13 libtsan0_10-20200222-1 libubsan1_10-20200222-1 libuchardet0_0.0.6-3 libudev1_244.3-1 libunistring2_0.9.10-2 libuuid1_2.34-0.1 libx11-6_2:1.6.8-1 libx11-data_2:1.6.8-1 libxau6_1:1.0.8-1+b2 libxcb1_1.13.1-5 libxdmcp6_1:1.1.2-3 libxext6_2:1.3.3-1+b2 libxml2_2.9.10+dfsg-3 libxnvctrl0_440.59-1 libz3-4_4.8.7-4 libzstd1_1.4.4+dfsg-3 linux-libc-dev_5.4.19-1 login_1:4.8.1-1 logsave_1.45.5-2 lsb-base_11.1.0 m4_1.4.18-4 make_4.2.1-1.2 man-db_2.9.0-2 mawk_1.3.4.20200120-2 mime-support_3.64 mount_2.34-0.1 mpi-default-bin_1.13 mpi-default-dev_1.13 ncurses-base_6.1+20191019-1 ncurses-bin_6.1+20191019-1 ocl-icd-libopencl1_2.2.12-3 openmpi-bin_4.0.2-5 openmpi-common_4.0.2-5 openssh-client_1:8.2p1-3 passwd_1:4.8.1-1 patch_2.7.6-6 perl_5.30.0-9 perl-base_5.30.0-9 perl-modules-5.30_5.30.0-9 po-debconf_1.0.21 python_2.7.17-2 python-dev_2.7.17-2 python-minimal_2.7.17-2 python2_2.7.17-2 python2-dev_2.7.17-2 python2-minimal_2.7.17-2 python2.7_2.7.17-1+b1 python2.7-dev_2.7.17-1+b1 python2.7-minimal_2.7.17-1+b1 python3_3.7.5-3 python3-dev_3.7.5-3 python3-distutils_3.8.0-1 python3-lib2to3_3.8.0-1 python3-minimal_3.7.5-3 python3.7_3.7.6-1+b1 python3.7-dev_3.7.6-1+b1 python3.7-minimal_3.7.6-1+b1 readline-common_8.0-4 sbuild-build-depends-main-dummy_0.invalid.0 sed_4.7-1 sensible-utils_0.0.12+nmu1 sysvinit-utils_2.96-2.1 tar_1.30+dfsg-6+b1 tzdata_2019c-3 util-linux_2.34-0.1 xz-utils_5.2.4-1+b1 zlib1g_1:1.2.11.dfsg-2 zlib1g-dev_1:1.2.11.dfsg-2

+------------------------------------------------------------------------------+
| Build                                                                        |
+------------------------------------------------------------------------------+


Unpack source
-------------

-----BEGIN PGP SIGNED MESSAGE-----
Hash: SHA256

Format: 3.0 (quilt)
Source: autodock-vina
Binary: autodock-vina
Architecture: any
Version: 1.1.2-5
Maintainer: Debian Med Packaging Team <debian-med-packaging@lists.alioth.debian.org>
Uploaders: Steffen Moeller <moeller@debian.org>, Michael Banck <mbanck@debian.org>, Andreas Tille <tille@debian.org>
Homepage: http://vina.scripps.edu
Standards-Version: 4.1.5
Vcs-Browser: https://salsa.debian.org/med-team/autodock-vina
Vcs-Git: https://salsa.debian.org/med-team/autodock-vina.git
Testsuite: autopkgtest
Build-Depends: debhelper (>= 11~), libboost-all-dev
Package-List:
 autodock-vina deb science optional arch=any
Checksums-Sha1:
 8d74d38dc140015e0ee30ce3bc56526ddc5c825a 69494 autodock-vina_1.1.2.orig.tar.gz
 81c205164a056329e9a5a338418c613dcaba526a 37072 autodock-vina_1.1.2-5.debian.tar.xz
Checksums-Sha256:
 ceda2ddc6f89d75b6de78d9d28b8d4d87de789a21c224c43f237e8acbee0283c 69494 autodock-vina_1.1.2.orig.tar.gz
 7eb4efbd46d1de42512178d188d6ca0df61e4876e0213a75b750b7141b46dd2a 37072 autodock-vina_1.1.2-5.debian.tar.xz
Files:
 46b5893c9adcac88ca666484cc3ccfdf 69494 autodock-vina_1.1.2.orig.tar.gz
 c25873a5b9d05cd2fcd3db42b404ee03 37072 autodock-vina_1.1.2-5.debian.tar.xz

-----BEGIN PGP SIGNATURE-----

iQJCBAEBCAAsFiEE8fAHMgoDVUHwpmPKV4oElNHGRtEFAltBOggOHHRpbGxlYUBy
a2kuZGUACgkQV4oElNHGRtGGihAAmfODFBHJk/MESezsMWxWPcVXykU1aEAkRa/q
ir8uXNq2eh7VjT7K4lSr7eYQYtwA9ST2BnvnmnZxodVo5nw4HLE1+oIT67If3SV6
OLBrQSNMYqkhrYmtgQ48a1kvQQmh8vtWcZZ0szmTVwaRUvZ91ex/IX5TMffK3AXI
kL7v/g+uD8ysdrG7MSN7o7Ml1eMoIijYazp93DiUeNVQUNEpUvoS5aJGg8BJ0vHE
dN2GqffCVxscxtgwNO4cJX79bgstXZDVNxW2xW//jVKmlVXXQ3kX7XO4yDPTutq0
GRGg5V2Tezo3PLxy31sbEaU7JXjnBgTfoIoadZl46xT1ch+NATfGaQOCXItiKj6E
UkLzXy3412cYLpLx9FWTvW8WJdn8p9fu+ysJUGK2bQy61m+ipapZsQozCvqODSoR
aEh80ltcDPsXeT/B1+3L8Fw/KmawYFh0BhYy6GXA2JjZqay+ndOkdMqq71A3vUmm
Do85m7M2vdZRM/Cjgc+VmPZ3JxadMAtDCwTzVrkYfgL1Bmvq2nDJjA7tRmtFYjsr
aAl0CRUlGc4EmaIERz7qabp9hv5Z++LdQI9LclTycIqMfxQ0cfGbFk/ucb6dehTm
nt0ztnMHDnQILWeF+0OhdINnIs/Bm7h/nEGlmhjWuItZJAhKaZp4t7iiUcO9TZq7
qxdi7uM=
=31IK
-----END PGP SIGNATURE-----

gpgv: unknown type of key resource 'trustedkeys.kbx'
gpgv: keyblock resource '/sbuild-nonexistent/.gnupg/trustedkeys.kbx': General error
gpgv: Signature made Sat Jul  7 22:09:12 2018 UTC
gpgv:                using RSA key F1F007320A035541F0A663CA578A0494D1C646D1
gpgv:                issuer "tillea@rki.de"
gpgv: Can't check signature: No public key
dpkg-source: warning: failed to verify signature on ./autodock-vina_1.1.2-5.dsc
dpkg-source: info: extracting autodock-vina in /<<PKGBUILDDIR>>
dpkg-source: info: unpacking autodock-vina_1.1.2.orig.tar.gz
dpkg-source: info: unpacking autodock-vina_1.1.2-5.debian.tar.xz
dpkg-source: info: using patch list from debian/patches/series
dpkg-source: info: applying remove_static.patch
dpkg-source: info: applying do_not_link_against_unneeded_libs.patch
dpkg-source: info: applying annoying_static_removed_was_in_for_a_reason_questionmark.patch
dpkg-source: info: applying fix_boost.patch

Check disk space
----------------

Sufficient free space for build

User Environment
----------------

APT_CONFIG=/var/lib/sbuild/apt.conf
HOME=/sbuild-nonexistent
LANG=C.UTF-8
LC_ALL=C.UTF-8
LOGNAME=user42
PATH=/usr/local/sbin:/usr/local/bin:/usr/sbin:/usr/bin:/sbin:/bin:/usr/games
SCHROOT_ALIAS_NAME=unstable
SCHROOT_CHROOT_NAME=sid-amd64-sbuild
SCHROOT_COMMAND=env
SCHROOT_GID=1001
SCHROOT_GROUP=user42
SCHROOT_SESSION_ID=sid-amd64-sbuild-04cde776-21b4-4a84-800e-14184f313bff
SCHROOT_UID=1001
SCHROOT_USER=user42
SHELL=/bin/sh
USER=user42

dpkg-buildpackage
-----------------

Command: dpkg-buildpackage -us -uc -b -rfakeroot
dpkg-buildpackage: info: source package autodock-vina
dpkg-buildpackage: info: source version 1.1.2-5
dpkg-buildpackage: info: source distribution unstable
dpkg-buildpackage: info: source changed by Liubov Chuprikova <chuprikovalv@gmail.com>
 dpkg-source --before-build .
dpkg-buildpackage: info: host architecture amd64
 fakeroot debian/rules clean
dh  clean
   debian/rules override_dh_clean
make[1]: Entering directory '/<<PKGBUILDDIR>>'
dh_clean
rm -f build/linux/release/*.o build/linux/release/vina*
make[1]: Leaving directory '/<<PKGBUILDDIR>>'
 debian/rules build
make: 'build' is up to date.
 fakeroot debian/rules binary
dh  binary
   dh_update_autotools_config
   dh_autoreconf
   debian/rules override_dh_auto_build
make[1]: Entering directory '/<<PKGBUILDDIR>>'
/usr/bin/make BASE=/usr -C build/linux/release CLFAGS="-g -O2 -fdebug-prefix-map=/<<PKGBUILDDIR>>=. -fstack-protector-strong -Wformat -Werror=format-security -fpermissive -DBOOST_FILESYSTEM_VERSION=3 --lto" CXXFLAGS="-g -O2 -fdebug-prefix-map=/<<PKGBUILDDIR>>=. -fstack-protector-strong -Wformat -Werror=format-security -fpermissive -DBOOST_FILESYSTEM_VERSION=3 --lto" LDFLAGS="-Wl,-z,relro -Wl,-z,now --lto -g"
make[2]: Entering directory '/<<PKGBUILDDIR>>/build/linux/release'
g++ -pthread -ansi -Wno-long-long -O3 -DNDEBUG -I /usr/include -g -O2 -fdebug-prefix-map=/<<PKGBUILDDIR>>=. -fstack-protector-strong -Wformat -Werror=format-security -fpermissive -DBOOST_FILESYSTEM_VERSION=3 --lto -I ../../../src/lib -o main.o -c ../../../src/main/main.cpp 
clang: error: unsupported option '--lto'; did you mean '-flto'?
make[2]: *** [../../makefile_common:24: main.o] Error 1
make[2]: Leaving directory '/<<PKGBUILDDIR>>/build/linux/release'
make[1]: *** [debian/rules:18: override_dh_auto_build] Error 2
make[1]: Leaving directory '/<<PKGBUILDDIR>>'
make: *** [debian/rules:15: binary] Error 2
dpkg-buildpackage: error: fakeroot debian/rules binary subprocess returned exit status 2
--------------------------------------------------------------------------------
Build finished at 2020-02-25T17:41:24Z

Finished
--------


+------------------------------------------------------------------------------+
| Cleanup                                                                      |
+------------------------------------------------------------------------------+

Purging /<<BUILDDIR>>
Not cleaning session: cloned chroot in use
E: Build failure (dpkg-buildpackage died)

+------------------------------------------------------------------------------+
| Summary                                                                      |
+------------------------------------------------------------------------------+

Build Architecture: amd64
Build Type: binary
Build-Space: 1016
Build-Time: 0
Distribution: unstable
Fail-Stage: build
Host Architecture: amd64
Install-Time: 25
Job: autodock-vina_1.1.2-5
Machine Architecture: amd64
Package: autodock-vina
Package-Time: 42
Source-Version: 1.1.2-5
Space: 1016
Status: attempted
Version: 1.1.2-5
--------------------------------------------------------------------------------
Finished at 2020-02-25T17:41:24Z
Build needed 00:00:42, 1016k disk space
E: Build failure (dpkg-buildpackage died)
DC-Status: Failed 43.538079888s
DC-Time-Estimation: 43.538079888 versus expected 117 (r/m: 1.687302708364216 ; m: 43.538079888)
