DC-Build-Header: fastd 18-3 / 2020-02-25 18:44:28 +0000
DC-Task: type:rebuild-binarch-only source:fastd version:18-3 chroot:unstable esttime:62 logfile:/tmp/fastd_18-3_unstable_clang9.log modes:clang9:binarch-only
DC-Sbuild-call: su user42 -c 'sbuild -n --arch-any --apt-update -d unstable -v --no-run-lintian --chroot-setup-commands=/tmp/clang9 fastd_18-3'
sbuild (Debian sbuild) 0.78.1 (09 February 2019) on ip-172-31-9-197.eu-central-1.compute.internal

+==============================================================================+
| fastd 18-3 (amd64)                           Tue, 25 Feb 2020 18:44:28 +0000 |
+==============================================================================+

Package: fastd
Version: 18-3
Source Version: 18-3
Distribution: unstable
Machine Architecture: amd64
Host Architecture: amd64
Build Architecture: amd64
Build Type: binary

I: NOTICE: Log filtering will replace 'var/run/schroot/mount/sid-amd64-sbuild-7200d42b-1c03-423f-b6c3-06c1a9551416' with '<<CHROOT>>'

+------------------------------------------------------------------------------+
| Chroot Setup Commands                                                        |
+------------------------------------------------------------------------------+


/tmp/clang9
-----------

+ echo 'Entering customization script...'
Entering customization script...
+ CLANG_VERSION=9
+ echo 'Install of clang-9'
Install of clang-9
+ apt-get update
Get:1 http://127.0.0.1:12990/debian sid InRelease [142 kB]
Get:2 http://127.0.0.1:12990/debian sid/main Sources.diff/Index [27.9 kB]
Get:3 http://127.0.0.1:12990/debian sid/main amd64 Packages.diff/Index [27.9 kB]
Get:4 http://127.0.0.1:12990/debian sid/main Sources 2020-02-24-0823.32.pdiff [11.0 kB]
Get:5 http://127.0.0.1:12990/debian sid/main Sources 2020-02-24-1420.34.pdiff [30.2 kB]
Get:6 http://127.0.0.1:12990/debian sid/main Sources 2020-02-24-2014.03.pdiff [16.9 kB]
Get:7 http://127.0.0.1:12990/debian sid/main Sources 2020-02-25-0213.11.pdiff [23.2 kB]
Get:8 http://127.0.0.1:12990/debian sid/main Sources 2020-02-25-0815.22.pdiff [9222 B]
Get:9 http://127.0.0.1:12990/debian sid/main Sources 2020-02-25-1413.15.pdiff [16.3 kB]
Get:10 http://127.0.0.1:12990/debian sid/main amd64 Packages 2020-02-24-0823.32.pdiff [15.5 kB]
Get:11 http://127.0.0.1:12990/debian sid/main amd64 Packages 2020-02-24-1420.34.pdiff [27.5 kB]
Get:12 http://127.0.0.1:12990/debian sid/main amd64 Packages 2020-02-24-2014.03.pdiff [21.6 kB]
Get:13 http://127.0.0.1:12990/debian sid/main amd64 Packages 2020-02-25-0213.11.pdiff [35.0 kB]
Get:14 http://127.0.0.1:12990/debian sid/main amd64 Packages 2020-02-25-0815.22.pdiff [20.1 kB]
Get:15 http://127.0.0.1:12990/debian sid/main amd64 Packages 2020-02-25-1413.15.pdiff [18.4 kB]
Get:9 http://127.0.0.1:12990/debian sid/main Sources 2020-02-25-1413.15.pdiff [16.3 kB]
Get:15 http://127.0.0.1:12990/debian sid/main amd64 Packages 2020-02-25-1413.15.pdiff [18.4 kB]
Get:16 http://127.0.0.1:12990/debian sid/main Translation-en [6195 kB]
Fetched 6638 kB in 2s (3813 kB/s)
Reading package lists...
+ apt-get install --yes --no-install-recommends --force-yes clang-9 libomp-9-dev libobjc-9-dev
Reading package lists...
Building dependency tree...
The following additional packages will be installed:
  cpp-9 g++-9 gcc-8-base gcc-9 gcc-9-base lib32gcc-s1 lib32gcc1 lib32stdc++6
  libasan5 libbsd0 libc6-i386 libclang-common-9-dev libclang-cpp9 libedit2
  libgc1c2 libgcc-8-dev libgcc-9-dev libllvm9 libmpx2 libobjc-8-dev libobjc4
  libomp5-9 libstdc++-8-dev libstdc++-9-dev libz3-4
Suggested packages:
  clang-9-doc gcc-9-locales g++-9-multilib gcc-9-doc gcc-9-multilib
  libomp-9-doc libstdc++-8-doc libstdc++-9-doc
Recommended packages:
  llvm-9-dev python3
The following NEW packages will be installed:
  clang-9 gcc-8-base lib32gcc-s1 lib32gcc1 lib32stdc++6 libbsd0 libc6-i386
  libclang-common-9-dev libclang-cpp9 libedit2 libgc1c2 libgcc-8-dev libllvm9
  libmpx2 libobjc-8-dev libobjc-9-dev libobjc4 libomp-9-dev libomp5-9
  libstdc++-8-dev libz3-4
The following packages will be upgraded:
  cpp-9 g++-9 gcc-9 gcc-9-base libasan5 libgcc-9-dev libstdc++-9-dev
7 upgraded, 21 newly installed, 0 to remove and 3 not upgraded.
Need to get 78.9 MB of archives.
After this operation, 237 MB of additional disk space will be used.
Get:1 http://127.0.0.1:12990/debian sid/main amd64 libasan5 amd64 9.2.1-30 [389 kB]
Get:2 http://127.0.0.1:12990/debian sid/main amd64 g++-9 amd64 9.2.1-30 [10.7 MB]
Get:3 http://127.0.0.1:12990/debian sid/main amd64 gcc-9 amd64 9.2.1-30 [10.0 MB]
Get:4 http://127.0.0.1:12990/debian sid/main amd64 libstdc++-9-dev amd64 9.2.1-30 [1697 kB]
Get:5 http://127.0.0.1:12990/debian sid/main amd64 libgcc-9-dev amd64 9.2.1-30 [2349 kB]
Get:6 http://127.0.0.1:12990/debian sid/main amd64 cpp-9 amd64 9.2.1-30 [9711 kB]
Get:7 http://127.0.0.1:12990/debian sid/main amd64 gcc-9-base amd64 9.2.1-30 [196 kB]
Get:8 http://127.0.0.1:12990/debian sid/main amd64 libbsd0 amd64 0.10.0-1 [107 kB]
Get:9 http://127.0.0.1:12990/debian sid/main amd64 libedit2 amd64 3.1-20191231-1 [95.4 kB]
Get:10 http://127.0.0.1:12990/debian sid/main amd64 libz3-4 amd64 4.8.7-4 [6790 kB]
Get:11 http://127.0.0.1:12990/debian sid/main amd64 libllvm9 amd64 1:9.0.1-8 [15.0 MB]
Get:12 http://127.0.0.1:12990/debian sid/main amd64 libclang-cpp9 amd64 1:9.0.1-8 [8429 kB]
Get:13 http://127.0.0.1:12990/debian sid/main amd64 gcc-8-base amd64 8.3.0-29 [194 kB]
Get:14 http://127.0.0.1:12990/debian sid/main amd64 libmpx2 amd64 8.3.0-29 [11.4 kB]
Get:15 http://127.0.0.1:12990/debian sid/main amd64 libgcc-8-dev amd64 8.3.0-29 [2297 kB]
Get:16 http://127.0.0.1:12990/debian sid/main amd64 libstdc++-8-dev amd64 8.3.0-29 [1543 kB]
Get:17 http://127.0.0.1:12990/debian sid/main amd64 libgc1c2 amd64 1:7.6.4-0.4 [224 kB]
Get:18 http://127.0.0.1:12990/debian sid/main amd64 libobjc4 amd64 10-20200222-1 [41.6 kB]
Get:19 http://127.0.0.1:12990/debian sid/main amd64 libobjc-8-dev amd64 8.3.0-29 [227 kB]
Get:20 http://127.0.0.1:12990/debian sid/main amd64 libc6-i386 amd64 2.29-10 [2918 kB]
Get:21 http://127.0.0.1:12990/debian sid/main amd64 lib32gcc-s1 amd64 10-20200222-1 [49.4 kB]
Get:22 http://127.0.0.1:12990/debian sid/main amd64 lib32gcc1 amd64 1:10-20200222-1 [1104 B]
Get:23 http://127.0.0.1:12990/debian sid/main amd64 lib32stdc++6 amd64 10-20200222-1 [510 kB]
Get:24 http://127.0.0.1:12990/debian sid/main amd64 libclang-common-9-dev amd64 1:9.0.1-8 [3727 kB]
Get:25 http://127.0.0.1:12990/debian sid/main amd64 clang-9 amd64 1:9.0.1-8 [1156 kB]
Get:26 http://127.0.0.1:12990/debian sid/main amd64 libobjc-9-dev amd64 9.2.1-30 [219 kB]
Get:27 http://127.0.0.1:12990/debian sid/main amd64 libomp5-9 amd64 1:9.0.1-8 [333 kB]
Get:28 http://127.0.0.1:12990/debian sid/main amd64 libomp-9-dev amd64 1:9.0.1-8 [66.2 kB]
debconf: delaying package configuration, since apt-utils is not installed
Fetched 78.9 MB in 1s (103 MB/s)
(Reading database ... (Reading database ... 5%(Reading database ... 10%(Reading database ... 15%(Reading database ... 20%(Reading database ... 25%(Reading database ... 30%(Reading database ... 35%(Reading database ... 40%(Reading database ... 45%(Reading database ... 50%(Reading database ... 55%(Reading database ... 60%(Reading database ... 65%(Reading database ... 70%(Reading database ... 75%(Reading database ... 80%(Reading database ... 85%(Reading database ... 90%(Reading database ... 95%(Reading database ... 100%(Reading database ... 12119 files and directories currently installed.)
Preparing to unpack .../00-libasan5_9.2.1-30_amd64.deb ...
Unpacking libasan5:amd64 (9.2.1-30) over (9.2.1-29) ...
Preparing to unpack .../01-g++-9_9.2.1-30_amd64.deb ...
Unpacking g++-9 (9.2.1-30) over (9.2.1-29) ...
Preparing to unpack .../02-gcc-9_9.2.1-30_amd64.deb ...
Unpacking gcc-9 (9.2.1-30) over (9.2.1-29) ...
Preparing to unpack .../03-libstdc++-9-dev_9.2.1-30_amd64.deb ...
Unpacking libstdc++-9-dev:amd64 (9.2.1-30) over (9.2.1-29) ...
Preparing to unpack .../04-libgcc-9-dev_9.2.1-30_amd64.deb ...
Unpacking libgcc-9-dev:amd64 (9.2.1-30) over (9.2.1-29) ...
Preparing to unpack .../05-cpp-9_9.2.1-30_amd64.deb ...
Unpacking cpp-9 (9.2.1-30) over (9.2.1-29) ...
Preparing to unpack .../06-gcc-9-base_9.2.1-30_amd64.deb ...
Unpacking gcc-9-base:amd64 (9.2.1-30) over (9.2.1-29) ...
Selecting previously unselected package libbsd0:amd64.
Preparing to unpack .../07-libbsd0_0.10.0-1_amd64.deb ...
Unpacking libbsd0:amd64 (0.10.0-1) ...
Selecting previously unselected package libedit2:amd64.
Preparing to unpack .../08-libedit2_3.1-20191231-1_amd64.deb ...
Unpacking libedit2:amd64 (3.1-20191231-1) ...
Selecting previously unselected package libz3-4:amd64.
Preparing to unpack .../09-libz3-4_4.8.7-4_amd64.deb ...
Unpacking libz3-4:amd64 (4.8.7-4) ...
Selecting previously unselected package libllvm9:amd64.
Preparing to unpack .../10-libllvm9_1%3a9.0.1-8_amd64.deb ...
Unpacking libllvm9:amd64 (1:9.0.1-8) ...
Selecting previously unselected package libclang-cpp9.
Preparing to unpack .../11-libclang-cpp9_1%3a9.0.1-8_amd64.deb ...
Unpacking libclang-cpp9 (1:9.0.1-8) ...
Selecting previously unselected package gcc-8-base:amd64.
Preparing to unpack .../12-gcc-8-base_8.3.0-29_amd64.deb ...
Unpacking gcc-8-base:amd64 (8.3.0-29) ...
Selecting previously unselected package libmpx2:amd64.
Preparing to unpack .../13-libmpx2_8.3.0-29_amd64.deb ...
Unpacking libmpx2:amd64 (8.3.0-29) ...
Selecting previously unselected package libgcc-8-dev:amd64.
Preparing to unpack .../14-libgcc-8-dev_8.3.0-29_amd64.deb ...
Unpacking libgcc-8-dev:amd64 (8.3.0-29) ...
Selecting previously unselected package libstdc++-8-dev:amd64.
Preparing to unpack .../15-libstdc++-8-dev_8.3.0-29_amd64.deb ...
Unpacking libstdc++-8-dev:amd64 (8.3.0-29) ...
Selecting previously unselected package libgc1c2:amd64.
Preparing to unpack .../16-libgc1c2_1%3a7.6.4-0.4_amd64.deb ...
Unpacking libgc1c2:amd64 (1:7.6.4-0.4) ...
Selecting previously unselected package libobjc4:amd64.
Preparing to unpack .../17-libobjc4_10-20200222-1_amd64.deb ...
Unpacking libobjc4:amd64 (10-20200222-1) ...
Selecting previously unselected package libobjc-8-dev:amd64.
Preparing to unpack .../18-libobjc-8-dev_8.3.0-29_amd64.deb ...
Unpacking libobjc-8-dev:amd64 (8.3.0-29) ...
Selecting previously unselected package libc6-i386.
Preparing to unpack .../19-libc6-i386_2.29-10_amd64.deb ...
Unpacking libc6-i386 (2.29-10) ...
Selecting previously unselected package lib32gcc-s1.
Preparing to unpack .../20-lib32gcc-s1_10-20200222-1_amd64.deb ...
Unpacking lib32gcc-s1 (10-20200222-1) ...
Selecting previously unselected package lib32gcc1.
Preparing to unpack .../21-lib32gcc1_1%3a10-20200222-1_amd64.deb ...
Unpacking lib32gcc1 (1:10-20200222-1) ...
Selecting previously unselected package lib32stdc++6.
Preparing to unpack .../22-lib32stdc++6_10-20200222-1_amd64.deb ...
Unpacking lib32stdc++6 (10-20200222-1) ...
Selecting previously unselected package libclang-common-9-dev.
Preparing to unpack .../23-libclang-common-9-dev_1%3a9.0.1-8_amd64.deb ...
Unpacking libclang-common-9-dev (1:9.0.1-8) ...
Selecting previously unselected package clang-9.
Preparing to unpack .../24-clang-9_1%3a9.0.1-8_amd64.deb ...
Unpacking clang-9 (1:9.0.1-8) ...
Selecting previously unselected package libobjc-9-dev:amd64.
Preparing to unpack .../25-libobjc-9-dev_9.2.1-30_amd64.deb ...
Unpacking libobjc-9-dev:amd64 (9.2.1-30) ...
Selecting previously unselected package libomp5-9:amd64.
Preparing to unpack .../26-libomp5-9_1%3a9.0.1-8_amd64.deb ...
Unpacking libomp5-9:amd64 (1:9.0.1-8) ...
Selecting previously unselected package libomp-9-dev.
Preparing to unpack .../27-libomp-9-dev_1%3a9.0.1-8_amd64.deb ...
Unpacking libomp-9-dev (1:9.0.1-8) ...
Setting up libgc1c2:amd64 (1:7.6.4-0.4) ...
Setting up libobjc4:amd64 (10-20200222-1) ...
Setting up libz3-4:amd64 (4.8.7-4) ...
Setting up gcc-8-base:amd64 (8.3.0-29) ...
Setting up libmpx2:amd64 (8.3.0-29) ...
Setting up libc6-i386 (2.29-10) ...
Setting up libbsd0:amd64 (0.10.0-1) ...
Setting up gcc-9-base:amd64 (9.2.1-30) ...
Setting up libomp5-9:amd64 (1:9.0.1-8) ...
Setting up libedit2:amd64 (3.1-20191231-1) ...
Setting up libasan5:amd64 (9.2.1-30) ...
Setting up lib32gcc-s1 (10-20200222-1) ...
Setting up libgcc-8-dev:amd64 (8.3.0-29) ...
Setting up libomp-9-dev (1:9.0.1-8) ...
Setting up cpp-9 (9.2.1-30) ...
Setting up libllvm9:amd64 (1:9.0.1-8) ...
Setting up libstdc++-8-dev:amd64 (8.3.0-29) ...
Setting up libclang-cpp9 (1:9.0.1-8) ...
Setting up lib32gcc1 (1:10-20200222-1) ...
Setting up libgcc-9-dev:amd64 (9.2.1-30) ...
Setting up libobjc-8-dev:amd64 (8.3.0-29) ...
Setting up lib32stdc++6 (10-20200222-1) ...
Setting up libobjc-9-dev:amd64 (9.2.1-30) ...
Setting up libclang-common-9-dev (1:9.0.1-8) ...
Setting up gcc-9 (9.2.1-30) ...
Setting up libstdc++-9-dev:amd64 (9.2.1-30) ...
Setting up clang-9 (1:9.0.1-8) ...
Setting up g++-9 (9.2.1-30) ...
Processing triggers for libc-bin (2.29-10) ...
W: --force-yes is deprecated, use one of the options starting with --allow instead.
+ echo 'Replace gcc, g++ & cpp by clang'
Replace gcc, g++ & cpp by clang
+ VERSIONS='4.6 4.7 4.8 4.9 5 6 7 8 9 10'
+ cd /usr/bin
+ for VERSION in $VERSIONS
+ rm -f g++-4.6 gcc-4.6 cpp-4.6 gcc
+ ln -s clang++-9 g++-4.6
+ ln -s clang-9 gcc-4.6
+ ln -s clang-9 cpp-4.6
+ ln -s clang-9 gcc
+ echo 'gcc-4.6 hold'
+ dpkg --set-selections
dpkg: warning: package not in status nor available database at line 1: gcc-4.6
dpkg: warning: found unknown packages; this might mean the available database
is outdated, and needs to be updated through a frontend method;
please see the FAQ <https://wiki.debian.org/Teams/Dpkg/FAQ>
+ echo 'g++-4.6 hold'
+ dpkg --set-selections
dpkg: warning: package not in status nor available database at line 1: g++-4.6
dpkg: warning: found unknown packages; this might mean the available database
is outdated, and needs to be updated through a frontend method;
please see the FAQ <https://wiki.debian.org/Teams/Dpkg/FAQ>
+ for VERSION in $VERSIONS
+ rm -f g++-4.7 gcc-4.7 cpp-4.7 gcc
+ ln -s clang++-9 g++-4.7
+ ln -s clang-9 gcc-4.7
+ ln -s clang-9 cpp-4.7
+ ln -s clang-9 gcc
+ echo 'gcc-4.7 hold'
+ dpkg --set-selections
dpkg: warning: package not in status nor available database at line 1: gcc-4.7
dpkg: warning: found unknown packages; this might mean the available database
is outdated, and needs to be updated through a frontend method;
please see the FAQ <https://wiki.debian.org/Teams/Dpkg/FAQ>
+ echo 'g++-4.7 hold'
+ dpkg --set-selections
dpkg: warning: package not in status nor available database at line 1: g++-4.7
dpkg: warning: found unknown packages; this might mean the available database
is outdated, and needs to be updated through a frontend method;
please see the FAQ <https://wiki.debian.org/Teams/Dpkg/FAQ>
+ for VERSION in $VERSIONS
+ rm -f g++-4.8 gcc-4.8 cpp-4.8 gcc
+ ln -s clang++-9 g++-4.8
+ ln -s clang-9 gcc-4.8
+ ln -s clang-9 cpp-4.8
+ ln -s clang-9 gcc
+ echo 'gcc-4.8 hold'
+ dpkg --set-selections
dpkg: warning: package not in status nor available database at line 1: gcc-4.8
dpkg: warning: found unknown packages; this might mean the available database
is outdated, and needs to be updated through a frontend method;
please see the FAQ <https://wiki.debian.org/Teams/Dpkg/FAQ>
+ echo 'g++-4.8 hold'
+ dpkg --set-selections
dpkg: warning: package not in status nor available database at line 1: g++-4.8
dpkg: warning: found unknown packages; this might mean the available database
is outdated, and needs to be updated through a frontend method;
please see the FAQ <https://wiki.debian.org/Teams/Dpkg/FAQ>
+ for VERSION in $VERSIONS
+ rm -f g++-4.9 gcc-4.9 cpp-4.9 gcc
+ ln -s clang++-9 g++-4.9
+ ln -s clang-9 gcc-4.9
+ ln -s clang-9 cpp-4.9
+ ln -s clang-9 gcc
+ echo 'gcc-4.9 hold'
+ dpkg --set-selections
dpkg: warning: package not in status nor available database at line 1: gcc-4.9
dpkg: warning: found unknown packages; this might mean the available database
is outdated, and needs to be updated through a frontend method;
please see the FAQ <https://wiki.debian.org/Teams/Dpkg/FAQ>
+ echo 'g++-4.9 hold'
+ dpkg --set-selections
dpkg: warning: package not in status nor available database at line 1: g++-4.9
dpkg: warning: found unknown packages; this might mean the available database
is outdated, and needs to be updated through a frontend method;
please see the FAQ <https://wiki.debian.org/Teams/Dpkg/FAQ>
+ for VERSION in $VERSIONS
+ rm -f g++-5 gcc-5 cpp-5 gcc
+ ln -s clang++-9 g++-5
+ ln -s clang-9 gcc-5
+ ln -s clang-9 cpp-5
+ ln -s clang-9 gcc
+ echo 'gcc-5 hold'
+ dpkg --set-selections
dpkg: warning: package not in status nor available database at line 1: gcc-5
dpkg: warning: found unknown packages; this might mean the available database
is outdated, and needs to be updated through a frontend method;
please see the FAQ <https://wiki.debian.org/Teams/Dpkg/FAQ>
+ echo 'g++-5 hold'
+ dpkg --set-selections
dpkg: warning: package not in status nor available database at line 1: g++-5
dpkg: warning: found unknown packages; this might mean the available database
is outdated, and needs to be updated through a frontend method;
please see the FAQ <https://wiki.debian.org/Teams/Dpkg/FAQ>
+ for VERSION in $VERSIONS
+ rm -f g++-6 gcc-6 cpp-6 gcc
+ ln -s clang++-9 g++-6
+ ln -s clang-9 gcc-6
+ ln -s clang-9 cpp-6
+ ln -s clang-9 gcc
+ echo 'gcc-6 hold'
+ dpkg --set-selections
dpkg: warning: package not in status nor available database at line 1: gcc-6
dpkg: warning: found unknown packages; this might mean the available database
is outdated, and needs to be updated through a frontend method;
please see the FAQ <https://wiki.debian.org/Teams/Dpkg/FAQ>
+ echo 'g++-6 hold'
+ dpkg --set-selections
dpkg: warning: package not in status nor available database at line 1: g++-6
dpkg: warning: found unknown packages; this might mean the available database
is outdated, and needs to be updated through a frontend method;
please see the FAQ <https://wiki.debian.org/Teams/Dpkg/FAQ>
+ for VERSION in $VERSIONS
+ rm -f g++-7 gcc-7 cpp-7 gcc
+ ln -s clang++-9 g++-7
+ ln -s clang-9 gcc-7
+ ln -s clang-9 cpp-7
+ ln -s clang-9 gcc
+ echo 'gcc-7 hold'
+ dpkg --set-selections
dpkg: warning: package not in status nor available database at line 1: gcc-7
dpkg: warning: found unknown packages; this might mean the available database
is outdated, and needs to be updated through a frontend method;
please see the FAQ <https://wiki.debian.org/Teams/Dpkg/FAQ>
+ echo 'g++-7 hold'
+ dpkg --set-selections
dpkg: warning: package not in status nor available database at line 1: g++-7
dpkg: warning: found unknown packages; this might mean the available database
is outdated, and needs to be updated through a frontend method;
please see the FAQ <https://wiki.debian.org/Teams/Dpkg/FAQ>
+ for VERSION in $VERSIONS
+ rm -f g++-8 gcc-8 cpp-8 gcc
+ ln -s clang++-9 g++-8
+ ln -s clang-9 gcc-8
+ ln -s clang-9 cpp-8
+ ln -s clang-9 gcc
+ echo 'gcc-8 hold'
+ dpkg --set-selections
dpkg: warning: package not in status nor available database at line 1: gcc-8
dpkg: warning: found unknown packages; this might mean the available database
is outdated, and needs to be updated through a frontend method;
please see the FAQ <https://wiki.debian.org/Teams/Dpkg/FAQ>
+ echo 'g++-8 hold'
+ dpkg --set-selections
dpkg: warning: package not in status nor available database at line 1: g++-8
dpkg: warning: found unknown packages; this might mean the available database
is outdated, and needs to be updated through a frontend method;
please see the FAQ <https://wiki.debian.org/Teams/Dpkg/FAQ>
+ for VERSION in $VERSIONS
+ rm -f g++-9 gcc-9 cpp-9 gcc
+ ln -s clang++-9 g++-9
+ ln -s clang-9 gcc-9
+ ln -s clang-9 cpp-9
+ ln -s clang-9 gcc
+ echo 'gcc-9 hold'
+ dpkg --set-selections
+ echo 'g++-9 hold'
+ dpkg --set-selections
+ for VERSION in $VERSIONS
+ rm -f g++-10 gcc-10 cpp-10 gcc
+ ln -s clang++-9 g++-10
+ ln -s clang-9 gcc-10
+ ln -s clang-9 cpp-10
+ ln -s clang-9 gcc
+ echo 'gcc-10 hold'
+ dpkg --set-selections
dpkg: warning: package not in status nor available database at line 1: gcc-10
dpkg: warning: found unknown packages; this might mean the available database
is outdated, and needs to be updated through a frontend method;
please see the FAQ <https://wiki.debian.org/Teams/Dpkg/FAQ>
+ echo 'g++-10 hold'
+ dpkg --set-selections
dpkg: warning: package not in status nor available database at line 1: g++-10
dpkg: warning: found unknown packages; this might mean the available database
is outdated, and needs to be updated through a frontend method;
please see the FAQ <https://wiki.debian.org/Teams/Dpkg/FAQ>
+ cd -
/build/fastd-2Hhd2R
+ echo 'Check if gcc, g++ & cpp are actually clang'
Check if gcc, g++ & cpp are actually clang
+ gcc --version
+ grep clang
+ cpp --version
+ grep clang
+ g++ --version
+ grep clang

I: Finished running '/tmp/clang9'.

Finished processing commands.
--------------------------------------------------------------------------------
I: NOTICE: Log filtering will replace 'build/fastd-2Hhd2R/resolver-Q8R9nE' with '<<RESOLVERDIR>>'

+------------------------------------------------------------------------------+
| Update chroot                                                                |
+------------------------------------------------------------------------------+

Hit:1 http://127.0.0.1:12990/debian sid InRelease
Reading package lists...
Reading package lists...
Building dependency tree...
Reading state information...
Calculating upgrade...
The following packages will be upgraded:
  bash libgmp10 zlib1g
3 upgraded, 0 newly installed, 0 to remove and 0 not upgraded.
Need to get 1722 kB of archives.
After this operation, 4096 B of additional disk space will be used.
Get:1 http://127.0.0.1:12990/debian sid/main amd64 bash amd64 5.0-6 [1379 kB]
Get:2 http://127.0.0.1:12990/debian sid/main amd64 libgmp10 amd64 2:6.2.0+dfsg-4 [253 kB]
Get:3 http://127.0.0.1:12990/debian sid/main amd64 zlib1g amd64 1:1.2.11.dfsg-2 [90.4 kB]
debconf: delaying package configuration, since apt-utils is not installed
Fetched 1722 kB in 0s (73.3 MB/s)
(Reading database ... (Reading database ... 5%(Reading database ... 10%(Reading database ... 15%(Reading database ... 20%(Reading database ... 25%(Reading database ... 30%(Reading database ... 35%(Reading database ... 40%(Reading database ... 45%(Reading database ... 50%(Reading database ... 55%(Reading database ... 60%(Reading database ... 65%(Reading database ... 70%(Reading database ... 75%(Reading database ... 80%(Reading database ... 85%(Reading database ... 90%(Reading database ... 95%(Reading database ... 100%(Reading database ... 13921 files and directories currently installed.)
Preparing to unpack .../archives/bash_5.0-6_amd64.deb ...
Unpacking bash (5.0-6) over (5.0-5) ...
Setting up bash (5.0-6) ...
update-alternatives: using /usr/share/man/man7/bash-builtins.7.gz to provide /usr/share/man/man7/builtins.7.gz (builtins.7.gz) in auto mode
(Reading database ... (Reading database ... 5%(Reading database ... 10%(Reading database ... 15%(Reading database ... 20%(Reading database ... 25%(Reading database ... 30%(Reading database ... 35%(Reading database ... 40%(Reading database ... 45%(Reading database ... 50%(Reading database ... 55%(Reading database ... 60%(Reading database ... 65%(Reading database ... 70%(Reading database ... 75%(Reading database ... 80%(Reading database ... 85%(Reading database ... 90%(Reading database ... 95%(Reading database ... 100%(Reading database ... 13921 files and directories currently installed.)
Preparing to unpack .../libgmp10_2%3a6.2.0+dfsg-4_amd64.deb ...
Unpacking libgmp10:amd64 (2:6.2.0+dfsg-4) over (2:6.2.0+dfsg-3) ...
Setting up libgmp10:amd64 (2:6.2.0+dfsg-4) ...
(Reading database ... (Reading database ... 5%(Reading database ... 10%(Reading database ... 15%(Reading database ... 20%(Reading database ... 25%(Reading database ... 30%(Reading database ... 35%(Reading database ... 40%(Reading database ... 45%(Reading database ... 50%(Reading database ... 55%(Reading database ... 60%(Reading database ... 65%(Reading database ... 70%(Reading database ... 75%(Reading database ... 80%(Reading database ... 85%(Reading database ... 90%(Reading database ... 95%(Reading database ... 100%(Reading database ... 13921 files and directories currently installed.)
Preparing to unpack .../zlib1g_1%3a1.2.11.dfsg-2_amd64.deb ...
Unpacking zlib1g:amd64 (1:1.2.11.dfsg-2) over (1:1.2.11.dfsg-1.2) ...
Setting up zlib1g:amd64 (1:1.2.11.dfsg-2) ...
Processing triggers for libc-bin (2.29-10) ...

+------------------------------------------------------------------------------+
| Fetch source files                                                           |
+------------------------------------------------------------------------------+


Check APT
---------

Checking available source versions...

Download source files with APT
------------------------------

Reading package lists...
Need to get 165 kB of source archives.
Get:1 http://127.0.0.1:12990/debian sid/main fastd 18-3 (dsc) [1887 B]
Get:2 http://127.0.0.1:12990/debian sid/main fastd 18-3 (tar) [157 kB]
Get:3 http://127.0.0.1:12990/debian sid/main fastd 18-3 (diff) [5796 B]
Fetched 165 kB in 0s (2059 kB/s)
Download complete and in download only mode
I: NOTICE: Log filtering will replace 'build/fastd-2Hhd2R/fastd-18' with '<<PKGBUILDDIR>>'
I: NOTICE: Log filtering will replace 'build/fastd-2Hhd2R' with '<<BUILDDIR>>'

+------------------------------------------------------------------------------+
| Install package build dependencies                                           |
+------------------------------------------------------------------------------+


Setup apt archive
-----------------

Merged Build-Depends: debhelper (>= 9), cmake (>= 2.8.7), bison (>= 2.5), pkg-config, libcap-dev, libuecc-dev (>= 6), libsodium-dev, libssl-dev, libjson-c-dev, dpkg-dev (>= 1.16.1~), build-essential, fakeroot
Filtered Build-Depends: debhelper (>= 9), cmake (>= 2.8.7), bison (>= 2.5), pkg-config, libcap-dev, libuecc-dev (>= 6), libsodium-dev, libssl-dev, libjson-c-dev, dpkg-dev (>= 1.16.1~), build-essential, fakeroot
dpkg-deb: building package 'sbuild-build-depends-main-dummy' in '/<<RESOLVERDIR>>/apt_archive/sbuild-build-depends-main-dummy.deb'.
Ign:1 copy:/<<RESOLVERDIR>>/apt_archive ./ InRelease
Get:2 copy:/<<RESOLVERDIR>>/apt_archive ./ Release [957 B]
Ign:3 copy:/<<RESOLVERDIR>>/apt_archive ./ Release.gpg
Get:4 copy:/<<RESOLVERDIR>>/apt_archive ./ Sources [438 B]
Get:5 copy:/<<RESOLVERDIR>>/apt_archive ./ Packages [524 B]
Fetched 1919 B in 0s (0 B/s)
Reading package lists...
Reading package lists...

Install main build dependencies (apt-based resolver)
----------------------------------------------------

Installing build dependencies
Reading package lists...
Building dependency tree...
Reading state information...
The following additional packages will be installed:
  autoconf automake autopoint autotools-dev bison bsdmainutils cmake
  cmake-data debhelper dh-autoreconf dh-strip-nondeterminism dwz file gettext
  gettext-base groff-base intltool-debian libarchive-zip-perl libarchive13
  libbrotli1 libcap-dev libcap2 libcroco3 libcurl4 libdebhelper-perl libelf1
  libexpat1 libfile-stripnondeterminism-perl libglib2.0-0 libgssapi-krb5-2
  libicu63 libjson-c-dev libjson-c4 libjsoncpp1 libk5crypto3 libkeyutils1
  libkrb5-3 libkrb5support0 libldap-2.4-2 libldap-common libmagic-mgc
  libmagic1 libncurses6 libnghttp2-14 libpipeline1 libprocps8 libpsl5
  librhash0 librtmp1 libsasl2-2 libsasl2-modules-db libsigsegv2 libsodium-dev
  libsodium23 libssh2-1 libssl-dev libssl1.1 libsub-override-perl libtool
  libuchardet0 libuecc-dev libuecc0 libuv1 libxml2 m4 man-db pkg-config
  po-debconf procps sensible-utils
Suggested packages:
  autoconf-archive gnu-standards autoconf-doc bison-doc wamerican | wordlist
  whois vacation cmake-doc ninja-build dh-make gettext-doc libasprintf-dev
  libgettextpo-dev groff lrzip manpages-dev krb5-doc krb5-user libssl-doc
  libtool-doc gfortran | fortran95-compiler gcj-jdk m4-doc apparmor less
  www-browser libmail-box-perl
Recommended packages:
  curl | wget | lynx ca-certificates libarchive-cpio-perl libglib2.0-data
  shared-mime-info xdg-user-dirs krb5-locales libgpm2 publicsuffix
  libsasl2-modules libltdl-dev libmail-sendmail-perl psmisc
The following NEW packages will be installed:
  autoconf automake autopoint autotools-dev bison bsdmainutils cmake
  cmake-data debhelper dh-autoreconf dh-strip-nondeterminism dwz file gettext
  gettext-base groff-base intltool-debian libarchive-zip-perl libarchive13
  libbrotli1 libcap-dev libcap2 libcroco3 libcurl4 libdebhelper-perl libelf1
  libexpat1 libfile-stripnondeterminism-perl libglib2.0-0 libgssapi-krb5-2
  libicu63 libjson-c-dev libjson-c4 libjsoncpp1 libk5crypto3 libkeyutils1
  libkrb5-3 libkrb5support0 libldap-2.4-2 libldap-common libmagic-mgc
  libmagic1 libncurses6 libnghttp2-14 libpipeline1 libprocps8 libpsl5
  librhash0 librtmp1 libsasl2-2 libsasl2-modules-db libsigsegv2 libsodium-dev
  libsodium23 libssh2-1 libssl-dev libssl1.1 libsub-override-perl libtool
  libuchardet0 libuecc-dev libuecc0 libuv1 libxml2 m4 man-db pkg-config
  po-debconf procps sbuild-build-depends-main-dummy sensible-utils
0 upgraded, 71 newly installed, 0 to remove and 0 not upgraded.
Need to get 32.7 MB of archives.
After this operation, 124 MB of additional disk space will be used.
Get:1 copy:/<<RESOLVERDIR>>/apt_archive ./ sbuild-build-depends-main-dummy 0.invalid.0 [948 B]
Get:2 http://127.0.0.1:12990/debian sid/main amd64 bsdmainutils amd64 11.1.2+b1 [191 kB]
Get:3 http://127.0.0.1:12990/debian sid/main amd64 libuchardet0 amd64 0.0.6-3 [64.9 kB]
Get:4 http://127.0.0.1:12990/debian sid/main amd64 groff-base amd64 1.22.4-4 [919 kB]
Get:5 http://127.0.0.1:12990/debian sid/main amd64 libpipeline1 amd64 1.5.2-2 [33.9 kB]
Get:6 http://127.0.0.1:12990/debian sid/main amd64 man-db amd64 2.9.0-2 [1307 kB]
Get:7 http://127.0.0.1:12990/debian sid/main amd64 libncurses6 amd64 6.1+20191019-1 [102 kB]
Get:8 http://127.0.0.1:12990/debian sid/main amd64 libprocps8 amd64 2:3.3.16-1+b1 [62.8 kB]
Get:9 http://127.0.0.1:12990/debian sid/main amd64 procps amd64 2:3.3.16-1+b1 [263 kB]
Get:10 http://127.0.0.1:12990/debian sid/main amd64 sensible-utils all 0.0.12+nmu1 [16.0 kB]
Get:11 http://127.0.0.1:12990/debian sid/main amd64 libmagic-mgc amd64 1:5.38-4 [262 kB]
Get:12 http://127.0.0.1:12990/debian sid/main amd64 libmagic1 amd64 1:5.38-4 [120 kB]
Get:13 http://127.0.0.1:12990/debian sid/main amd64 file amd64 1:5.38-4 [67.9 kB]
Get:14 http://127.0.0.1:12990/debian sid/main amd64 gettext-base amd64 0.19.8.1-10 [123 kB]
Get:15 http://127.0.0.1:12990/debian sid/main amd64 libsigsegv2 amd64 2.12-2 [32.8 kB]
Get:16 http://127.0.0.1:12990/debian sid/main amd64 m4 amd64 1.4.18-4 [203 kB]
Get:17 http://127.0.0.1:12990/debian sid/main amd64 autoconf all 2.69-11.1 [341 kB]
Get:18 http://127.0.0.1:12990/debian sid/main amd64 autotools-dev all 20180224.1 [77.0 kB]
Get:19 http://127.0.0.1:12990/debian sid/main amd64 automake all 1:1.16.1-4 [771 kB]
Get:20 http://127.0.0.1:12990/debian sid/main amd64 autopoint all 0.19.8.1-10 [435 kB]
Get:21 http://127.0.0.1:12990/debian sid/main amd64 bison amd64 2:3.5.1+dfsg-1 [963 kB]
Get:22 http://127.0.0.1:12990/debian sid/main amd64 cmake-data all 3.16.3-1 [1628 kB]
Get:23 http://127.0.0.1:12990/debian sid/main amd64 libicu63 amd64 63.2-2 [8301 kB]
Get:24 http://127.0.0.1:12990/debian sid/main amd64 libxml2 amd64 2.9.10+dfsg-3 [709 kB]
Get:25 http://127.0.0.1:12990/debian sid/main amd64 libarchive13 amd64 3.4.0-1+b1 [335 kB]
Get:26 http://127.0.0.1:12990/debian sid/main amd64 libbrotli1 amd64 1.0.7-6 [266 kB]
Get:27 http://127.0.0.1:12990/debian sid/main amd64 libkeyutils1 amd64 1.6.1-2 [15.4 kB]
Get:28 http://127.0.0.1:12990/debian sid/main amd64 libkrb5support0 amd64 1.17-6 [64.6 kB]
Get:29 http://127.0.0.1:12990/debian sid/main amd64 libk5crypto3 amd64 1.17-6 [116 kB]
Get:30 http://127.0.0.1:12990/debian sid/main amd64 libssl1.1 amd64 1.1.1d-2 [1540 kB]
Get:31 http://127.0.0.1:12990/debian sid/main amd64 libkrb5-3 amd64 1.17-6 [366 kB]
Get:32 http://127.0.0.1:12990/debian sid/main amd64 libgssapi-krb5-2 amd64 1.17-6 [156 kB]
Get:33 http://127.0.0.1:12990/debian sid/main amd64 libsasl2-modules-db amd64 2.1.27+dfsg-2 [69.0 kB]
Get:34 http://127.0.0.1:12990/debian sid/main amd64 libsasl2-2 amd64 2.1.27+dfsg-2 [106 kB]
Get:35 http://127.0.0.1:12990/debian sid/main amd64 libldap-common all 2.4.49+dfsg-1 [91.9 kB]
Get:36 http://127.0.0.1:12990/debian sid/main amd64 libldap-2.4-2 amd64 2.4.49+dfsg-1 [226 kB]
Get:37 http://127.0.0.1:12990/debian sid/main amd64 libnghttp2-14 amd64 1.40.0-1 [85.0 kB]
Get:38 http://127.0.0.1:12990/debian sid/main amd64 libpsl5 amd64 0.20.2-2 [53.7 kB]
Get:39 http://127.0.0.1:12990/debian sid/main amd64 librtmp1 amd64 2.4+20151223.gitfa8646d.1-2+b1 [60.8 kB]
Get:40 http://127.0.0.1:12990/debian sid/main amd64 libssh2-1 amd64 1.8.0-2.1 [140 kB]
Get:41 http://127.0.0.1:12990/debian sid/main amd64 libcurl4 amd64 7.68.0-1 [321 kB]
Get:42 http://127.0.0.1:12990/debian sid/main amd64 libexpat1 amd64 2.2.9-1 [94.3 kB]
Get:43 http://127.0.0.1:12990/debian sid/main amd64 libjsoncpp1 amd64 1.7.4-3.1 [77.6 kB]
Get:44 http://127.0.0.1:12990/debian sid/main amd64 librhash0 amd64 1.3.9-1 [123 kB]
Get:45 http://127.0.0.1:12990/debian sid/main amd64 libuv1 amd64 1.34.2-1 [127 kB]
Get:46 http://127.0.0.1:12990/debian sid/main amd64 cmake amd64 3.16.3-1 [3673 kB]
Get:47 http://127.0.0.1:12990/debian sid/main amd64 libtool all 2.4.6-13 [513 kB]
Get:48 http://127.0.0.1:12990/debian sid/main amd64 dh-autoreconf all 19 [16.9 kB]
Get:49 http://127.0.0.1:12990/debian sid/main amd64 libdebhelper-perl all 12.9 [183 kB]
Get:50 http://127.0.0.1:12990/debian sid/main amd64 libarchive-zip-perl all 1.67-1 [104 kB]
Get:51 http://127.0.0.1:12990/debian sid/main amd64 libsub-override-perl all 0.09-2 [10.2 kB]
Get:52 http://127.0.0.1:12990/debian sid/main amd64 libfile-stripnondeterminism-perl all 1.6.3-2 [23.7 kB]
Get:53 http://127.0.0.1:12990/debian sid/main amd64 dh-strip-nondeterminism all 1.6.3-2 [14.7 kB]
Get:54 http://127.0.0.1:12990/debian sid/main amd64 libelf1 amd64 0.176-1.1 [161 kB]
Get:55 http://127.0.0.1:12990/debian sid/main amd64 dwz amd64 0.13-5 [151 kB]
Get:56 http://127.0.0.1:12990/debian sid/main amd64 libglib2.0-0 amd64 2.62.4-2 [1319 kB]
Get:57 http://127.0.0.1:12990/debian sid/main amd64 libcroco3 amd64 0.6.13-1 [146 kB]
Get:58 http://127.0.0.1:12990/debian sid/main amd64 gettext amd64 0.19.8.1-10 [1303 kB]
Get:59 http://127.0.0.1:12990/debian sid/main amd64 intltool-debian all 0.35.0+20060710.5 [26.8 kB]
Get:60 http://127.0.0.1:12990/debian sid/main amd64 po-debconf all 1.0.21 [248 kB]
Get:61 http://127.0.0.1:12990/debian sid/main amd64 debhelper all 12.9 [994 kB]
Get:62 http://127.0.0.1:12990/debian sid/main amd64 libcap2 amd64 1:2.32-1 [20.4 kB]
Get:63 http://127.0.0.1:12990/debian sid/main amd64 libcap-dev amd64 1:2.32-1 [40.7 kB]
Get:64 http://127.0.0.1:12990/debian sid/main amd64 libjson-c4 amd64 0.13.1+dfsg-7 [36.7 kB]
Get:65 http://127.0.0.1:12990/debian sid/main amd64 libjson-c-dev amd64 0.13.1+dfsg-7 [56.5 kB]
Get:66 http://127.0.0.1:12990/debian sid/main amd64 libsodium23 amd64 1.0.18-1 [161 kB]
Get:67 http://127.0.0.1:12990/debian sid/main amd64 libsodium-dev amd64 1.0.18-1 [180 kB]
Get:68 http://127.0.0.1:12990/debian sid/main amd64 libssl-dev amd64 1.1.1d-2 [1797 kB]
Get:69 http://127.0.0.1:12990/debian sid/main amd64 libuecc0 amd64 7-1+b1 [17.1 kB]
Get:70 http://127.0.0.1:12990/debian sid/main amd64 libuecc-dev amd64 7-1+b1 [18.2 kB]
Get:71 http://127.0.0.1:12990/debian sid/main amd64 pkg-config amd64 0.29-6 [63.5 kB]
debconf: delaying package configuration, since apt-utils is not installed
Fetched 32.7 MB in 0s (81.2 MB/s)
Selecting previously unselected package bsdmainutils.
(Reading database ... 13921 files and directories currently installed.)
Preparing to unpack .../00-bsdmainutils_11.1.2+b1_amd64.deb ...
Unpacking bsdmainutils (11.1.2+b1) ...
Selecting previously unselected package libuchardet0:amd64.
Preparing to unpack .../01-libuchardet0_0.0.6-3_amd64.deb ...
Unpacking libuchardet0:amd64 (0.0.6-3) ...
Selecting previously unselected package groff-base.
Preparing to unpack .../02-groff-base_1.22.4-4_amd64.deb ...
Unpacking groff-base (1.22.4-4) ...
Selecting previously unselected package libpipeline1:amd64.
Preparing to unpack .../03-libpipeline1_1.5.2-2_amd64.deb ...
Unpacking libpipeline1:amd64 (1.5.2-2) ...
Selecting previously unselected package man-db.
Preparing to unpack .../04-man-db_2.9.0-2_amd64.deb ...
Unpacking man-db (2.9.0-2) ...
Selecting previously unselected package libncurses6:amd64.
Preparing to unpack .../05-libncurses6_6.1+20191019-1_amd64.deb ...
Unpacking libncurses6:amd64 (6.1+20191019-1) ...
Selecting previously unselected package libprocps8:amd64.
Preparing to unpack .../06-libprocps8_2%3a3.3.16-1+b1_amd64.deb ...
Unpacking libprocps8:amd64 (2:3.3.16-1+b1) ...
Selecting previously unselected package procps.
Preparing to unpack .../07-procps_2%3a3.3.16-1+b1_amd64.deb ...
Unpacking procps (2:3.3.16-1+b1) ...
Selecting previously unselected package sensible-utils.
Preparing to unpack .../08-sensible-utils_0.0.12+nmu1_all.deb ...
Unpacking sensible-utils (0.0.12+nmu1) ...
Selecting previously unselected package libmagic-mgc.
Preparing to unpack .../09-libmagic-mgc_1%3a5.38-4_amd64.deb ...
Unpacking libmagic-mgc (1:5.38-4) ...
Selecting previously unselected package libmagic1:amd64.
Preparing to unpack .../10-libmagic1_1%3a5.38-4_amd64.deb ...
Unpacking libmagic1:amd64 (1:5.38-4) ...
Selecting previously unselected package file.
Preparing to unpack .../11-file_1%3a5.38-4_amd64.deb ...
Unpacking file (1:5.38-4) ...
Selecting previously unselected package gettext-base.
Preparing to unpack .../12-gettext-base_0.19.8.1-10_amd64.deb ...
Unpacking gettext-base (0.19.8.1-10) ...
Selecting previously unselected package libsigsegv2:amd64.
Preparing to unpack .../13-libsigsegv2_2.12-2_amd64.deb ...
Unpacking libsigsegv2:amd64 (2.12-2) ...
Selecting previously unselected package m4.
Preparing to unpack .../14-m4_1.4.18-4_amd64.deb ...
Unpacking m4 (1.4.18-4) ...
Selecting previously unselected package autoconf.
Preparing to unpack .../15-autoconf_2.69-11.1_all.deb ...
Unpacking autoconf (2.69-11.1) ...
Selecting previously unselected package autotools-dev.
Preparing to unpack .../16-autotools-dev_20180224.1_all.deb ...
Unpacking autotools-dev (20180224.1) ...
Selecting previously unselected package automake.
Preparing to unpack .../17-automake_1%3a1.16.1-4_all.deb ...
Unpacking automake (1:1.16.1-4) ...
Selecting previously unselected package autopoint.
Preparing to unpack .../18-autopoint_0.19.8.1-10_all.deb ...
Unpacking autopoint (0.19.8.1-10) ...
Selecting previously unselected package bison.
Preparing to unpack .../19-bison_2%3a3.5.1+dfsg-1_amd64.deb ...
Unpacking bison (2:3.5.1+dfsg-1) ...
Selecting previously unselected package cmake-data.
Preparing to unpack .../20-cmake-data_3.16.3-1_all.deb ...
Unpacking cmake-data (3.16.3-1) ...
Selecting previously unselected package libicu63:amd64.
Preparing to unpack .../21-libicu63_63.2-2_amd64.deb ...
Unpacking libicu63:amd64 (63.2-2) ...
Selecting previously unselected package libxml2:amd64.
Preparing to unpack .../22-libxml2_2.9.10+dfsg-3_amd64.deb ...
Unpacking libxml2:amd64 (2.9.10+dfsg-3) ...
Selecting previously unselected package libarchive13:amd64.
Preparing to unpack .../23-libarchive13_3.4.0-1+b1_amd64.deb ...
Unpacking libarchive13:amd64 (3.4.0-1+b1) ...
Selecting previously unselected package libbrotli1:amd64.
Preparing to unpack .../24-libbrotli1_1.0.7-6_amd64.deb ...
Unpacking libbrotli1:amd64 (1.0.7-6) ...
Selecting previously unselected package libkeyutils1:amd64.
Preparing to unpack .../25-libkeyutils1_1.6.1-2_amd64.deb ...
Unpacking libkeyutils1:amd64 (1.6.1-2) ...
Selecting previously unselected package libkrb5support0:amd64.
Preparing to unpack .../26-libkrb5support0_1.17-6_amd64.deb ...
Unpacking libkrb5support0:amd64 (1.17-6) ...
Selecting previously unselected package libk5crypto3:amd64.
Preparing to unpack .../27-libk5crypto3_1.17-6_amd64.deb ...
Unpacking libk5crypto3:amd64 (1.17-6) ...
Selecting previously unselected package libssl1.1:amd64.
Preparing to unpack .../28-libssl1.1_1.1.1d-2_amd64.deb ...
Unpacking libssl1.1:amd64 (1.1.1d-2) ...
Selecting previously unselected package libkrb5-3:amd64.
Preparing to unpack .../29-libkrb5-3_1.17-6_amd64.deb ...
Unpacking libkrb5-3:amd64 (1.17-6) ...
Selecting previously unselected package libgssapi-krb5-2:amd64.
Preparing to unpack .../30-libgssapi-krb5-2_1.17-6_amd64.deb ...
Unpacking libgssapi-krb5-2:amd64 (1.17-6) ...
Selecting previously unselected package libsasl2-modules-db:amd64.
Preparing to unpack .../31-libsasl2-modules-db_2.1.27+dfsg-2_amd64.deb ...
Unpacking libsasl2-modules-db:amd64 (2.1.27+dfsg-2) ...
Selecting previously unselected package libsasl2-2:amd64.
Preparing to unpack .../32-libsasl2-2_2.1.27+dfsg-2_amd64.deb ...
Unpacking libsasl2-2:amd64 (2.1.27+dfsg-2) ...
Selecting previously unselected package libldap-common.
Preparing to unpack .../33-libldap-common_2.4.49+dfsg-1_all.deb ...
Unpacking libldap-common (2.4.49+dfsg-1) ...
Selecting previously unselected package libldap-2.4-2:amd64.
Preparing to unpack .../34-libldap-2.4-2_2.4.49+dfsg-1_amd64.deb ...
Unpacking libldap-2.4-2:amd64 (2.4.49+dfsg-1) ...
Selecting previously unselected package libnghttp2-14:amd64.
Preparing to unpack .../35-libnghttp2-14_1.40.0-1_amd64.deb ...
Unpacking libnghttp2-14:amd64 (1.40.0-1) ...
Selecting previously unselected package libpsl5:amd64.
Preparing to unpack .../36-libpsl5_0.20.2-2_amd64.deb ...
Unpacking libpsl5:amd64 (0.20.2-2) ...
Selecting previously unselected package librtmp1:amd64.
Preparing to unpack .../37-librtmp1_2.4+20151223.gitfa8646d.1-2+b1_amd64.deb ...
Unpacking librtmp1:amd64 (2.4+20151223.gitfa8646d.1-2+b1) ...
Selecting previously unselected package libssh2-1:amd64.
Preparing to unpack .../38-libssh2-1_1.8.0-2.1_amd64.deb ...
Unpacking libssh2-1:amd64 (1.8.0-2.1) ...
Selecting previously unselected package libcurl4:amd64.
Preparing to unpack .../39-libcurl4_7.68.0-1_amd64.deb ...
Unpacking libcurl4:amd64 (7.68.0-1) ...
Selecting previously unselected package libexpat1:amd64.
Preparing to unpack .../40-libexpat1_2.2.9-1_amd64.deb ...
Unpacking libexpat1:amd64 (2.2.9-1) ...
Selecting previously unselected package libjsoncpp1:amd64.
Preparing to unpack .../41-libjsoncpp1_1.7.4-3.1_amd64.deb ...
Unpacking libjsoncpp1:amd64 (1.7.4-3.1) ...
Selecting previously unselected package librhash0:amd64.
Preparing to unpack .../42-librhash0_1.3.9-1_amd64.deb ...
Unpacking librhash0:amd64 (1.3.9-1) ...
Selecting previously unselected package libuv1:amd64.
Preparing to unpack .../43-libuv1_1.34.2-1_amd64.deb ...
Unpacking libuv1:amd64 (1.34.2-1) ...
Selecting previously unselected package cmake.
Preparing to unpack .../44-cmake_3.16.3-1_amd64.deb ...
Unpacking cmake (3.16.3-1) ...
Selecting previously unselected package libtool.
Preparing to unpack .../45-libtool_2.4.6-13_all.deb ...
Unpacking libtool (2.4.6-13) ...
Selecting previously unselected package dh-autoreconf.
Preparing to unpack .../46-dh-autoreconf_19_all.deb ...
Unpacking dh-autoreconf (19) ...
Selecting previously unselected package libdebhelper-perl.
Preparing to unpack .../47-libdebhelper-perl_12.9_all.deb ...
Unpacking libdebhelper-perl (12.9) ...
Selecting previously unselected package libarchive-zip-perl.
Preparing to unpack .../48-libarchive-zip-perl_1.67-1_all.deb ...
Unpacking libarchive-zip-perl (1.67-1) ...
Selecting previously unselected package libsub-override-perl.
Preparing to unpack .../49-libsub-override-perl_0.09-2_all.deb ...
Unpacking libsub-override-perl (0.09-2) ...
Selecting previously unselected package libfile-stripnondeterminism-perl.
Preparing to unpack .../50-libfile-stripnondeterminism-perl_1.6.3-2_all.deb ...
Unpacking libfile-stripnondeterminism-perl (1.6.3-2) ...
Selecting previously unselected package dh-strip-nondeterminism.
Preparing to unpack .../51-dh-strip-nondeterminism_1.6.3-2_all.deb ...
Unpacking dh-strip-nondeterminism (1.6.3-2) ...
Selecting previously unselected package libelf1:amd64.
Preparing to unpack .../52-libelf1_0.176-1.1_amd64.deb ...
Unpacking libelf1:amd64 (0.176-1.1) ...
Selecting previously unselected package dwz.
Preparing to unpack .../53-dwz_0.13-5_amd64.deb ...
Unpacking dwz (0.13-5) ...
Selecting previously unselected package libglib2.0-0:amd64.
Preparing to unpack .../54-libglib2.0-0_2.62.4-2_amd64.deb ...
Unpacking libglib2.0-0:amd64 (2.62.4-2) ...
Selecting previously unselected package libcroco3:amd64.
Preparing to unpack .../55-libcroco3_0.6.13-1_amd64.deb ...
Unpacking libcroco3:amd64 (0.6.13-1) ...
Selecting previously unselected package gettext.
Preparing to unpack .../56-gettext_0.19.8.1-10_amd64.deb ...
Unpacking gettext (0.19.8.1-10) ...
Selecting previously unselected package intltool-debian.
Preparing to unpack .../57-intltool-debian_0.35.0+20060710.5_all.deb ...
Unpacking intltool-debian (0.35.0+20060710.5) ...
Selecting previously unselected package po-debconf.
Preparing to unpack .../58-po-debconf_1.0.21_all.deb ...
Unpacking po-debconf (1.0.21) ...
Selecting previously unselected package debhelper.
Preparing to unpack .../59-debhelper_12.9_all.deb ...
Unpacking debhelper (12.9) ...
Selecting previously unselected package libcap2:amd64.
Preparing to unpack .../60-libcap2_1%3a2.32-1_amd64.deb ...
Unpacking libcap2:amd64 (1:2.32-1) ...
Selecting previously unselected package libcap-dev:amd64.
Preparing to unpack .../61-libcap-dev_1%3a2.32-1_amd64.deb ...
Unpacking libcap-dev:amd64 (1:2.32-1) ...
Selecting previously unselected package libjson-c4:amd64.
Preparing to unpack .../62-libjson-c4_0.13.1+dfsg-7_amd64.deb ...
Unpacking libjson-c4:amd64 (0.13.1+dfsg-7) ...
Selecting previously unselected package libjson-c-dev:amd64.
Preparing to unpack .../63-libjson-c-dev_0.13.1+dfsg-7_amd64.deb ...
Unpacking libjson-c-dev:amd64 (0.13.1+dfsg-7) ...
Selecting previously unselected package libsodium23:amd64.
Preparing to unpack .../64-libsodium23_1.0.18-1_amd64.deb ...
Unpacking libsodium23:amd64 (1.0.18-1) ...
Selecting previously unselected package libsodium-dev:amd64.
Preparing to unpack .../65-libsodium-dev_1.0.18-1_amd64.deb ...
Unpacking libsodium-dev:amd64 (1.0.18-1) ...
Selecting previously unselected package libssl-dev:amd64.
Preparing to unpack .../66-libssl-dev_1.1.1d-2_amd64.deb ...
Unpacking libssl-dev:amd64 (1.1.1d-2) ...
Selecting previously unselected package libuecc0.
Preparing to unpack .../67-libuecc0_7-1+b1_amd64.deb ...
Unpacking libuecc0 (7-1+b1) ...
Selecting previously unselected package libuecc-dev.
Preparing to unpack .../68-libuecc-dev_7-1+b1_amd64.deb ...
Unpacking libuecc-dev (7-1+b1) ...
Selecting previously unselected package pkg-config.
Preparing to unpack .../69-pkg-config_0.29-6_amd64.deb ...
Unpacking pkg-config (0.29-6) ...
Selecting previously unselected package sbuild-build-depends-main-dummy.
Preparing to unpack .../70-sbuild-build-depends-main-dummy_0.invalid.0_amd64.deb ...
Unpacking sbuild-build-depends-main-dummy (0.invalid.0) ...
Setting up libexpat1:amd64 (2.2.9-1) ...
Setting up libpipeline1:amd64 (1.5.2-2) ...
Setting up libkeyutils1:amd64 (1.6.1-2) ...
Setting up libpsl5:amd64 (0.20.2-2) ...
Setting up libsodium23:amd64 (1.0.18-1) ...
Setting up libmagic-mgc (1:5.38-4) ...
Setting up libarchive-zip-perl (1.67-1) ...
Setting up libglib2.0-0:amd64 (2.62.4-2) ...
No schema files found: doing nothing.
Setting up libssl1.1:amd64 (1.1.1d-2) ...
Setting up libdebhelper-perl (12.9) ...
Setting up libbrotli1:amd64 (1.0.7-6) ...
Setting up libnghttp2-14:amd64 (1.40.0-1) ...
Setting up libmagic1:amd64 (1:5.38-4) ...
Setting up gettext-base (0.19.8.1-10) ...
Setting up file (1:5.38-4) ...
Setting up libldap-common (2.4.49+dfsg-1) ...
Setting up libicu63:amd64 (63.2-2) ...
Setting up libcap2:amd64 (1:2.32-1) ...
Setting up libkrb5support0:amd64 (1.17-6) ...
Setting up libsasl2-modules-db:amd64 (2.1.27+dfsg-2) ...
Setting up autotools-dev (20180224.1) ...
Setting up libuv1:amd64 (1.34.2-1) ...
Setting up librtmp1:amd64 (2.4+20151223.gitfa8646d.1-2+b1) ...
Setting up libncurses6:amd64 (6.1+20191019-1) ...
Setting up libsigsegv2:amd64 (2.12-2) ...
Setting up bsdmainutils (11.1.2+b1) ...
update-alternatives: using /usr/bin/bsd-write to provide /usr/bin/write (write) in auto mode
update-alternatives: using /usr/bin/bsd-from to provide /usr/bin/from (from) in auto mode
Setting up libssl-dev:amd64 (1.1.1d-2) ...
Setting up autopoint (0.19.8.1-10) ...
Setting up pkg-config (0.29-6) ...
Setting up libsodium-dev:amd64 (1.0.18-1) ...
Setting up libk5crypto3:amd64 (1.17-6) ...
Setting up libsasl2-2:amd64 (2.1.27+dfsg-2) ...
Setting up sensible-utils (0.0.12+nmu1) ...
Setting up librhash0:amd64 (1.3.9-1) ...
Setting up libuchardet0:amd64 (0.0.6-3) ...
Setting up libsub-override-perl (0.09-2) ...
Setting up libssh2-1:amd64 (1.8.0-2.1) ...
Setting up cmake-data (3.16.3-1) ...
Setting up libkrb5-3:amd64 (1.17-6) ...
Setting up libjson-c4:amd64 (0.13.1+dfsg-7) ...
Setting up libuecc0 (7-1+b1) ...
Setting up libcap-dev:amd64 (1:2.32-1) ...
Setting up libelf1:amd64 (0.176-1.1) ...
Setting up libxml2:amd64 (2.9.10+dfsg-3) ...
Setting up libprocps8:amd64 (2:3.3.16-1+b1) ...
Setting up libjsoncpp1:amd64 (1.7.4-3.1) ...
Setting up libfile-stripnondeterminism-perl (1.6.3-2) ...
Setting up libuecc-dev (7-1+b1) ...
Setting up libtool (2.4.6-13) ...
Setting up libarchive13:amd64 (3.4.0-1+b1) ...
Setting up libjson-c-dev:amd64 (0.13.1+dfsg-7) ...
Setting up libldap-2.4-2:amd64 (2.4.49+dfsg-1) ...
Setting up m4 (1.4.18-4) ...
Setting up libgssapi-krb5-2:amd64 (1.17-6) ...
Setting up libcroco3:amd64 (0.6.13-1) ...
Setting up autoconf (2.69-11.1) ...
Setting up dh-strip-nondeterminism (1.6.3-2) ...
Setting up dwz (0.13-5) ...
Setting up groff-base (1.22.4-4) ...
Setting up procps (2:3.3.16-1+b1) ...
update-alternatives: using /usr/bin/w.procps to provide /usr/bin/w (w) in auto mode
Setting up bison (2:3.5.1+dfsg-1) ...
update-alternatives: using /usr/bin/bison.yacc to provide /usr/bin/yacc (yacc) in auto mode
Setting up libcurl4:amd64 (7.68.0-1) ...
Setting up automake (1:1.16.1-4) ...
update-alternatives: using /usr/bin/automake-1.16 to provide /usr/bin/automake (automake) in auto mode
Setting up gettext (0.19.8.1-10) ...
Setting up man-db (2.9.0-2) ...
Not building database; man-db/auto-update is not 'true'.
Setting up intltool-debian (0.35.0+20060710.5) ...
Setting up cmake (3.16.3-1) ...
Setting up po-debconf (1.0.21) ...
Setting up dh-autoreconf (19) ...
Setting up debhelper (12.9) ...
Setting up sbuild-build-depends-main-dummy (0.invalid.0) ...
Processing triggers for libc-bin (2.29-10) ...

+------------------------------------------------------------------------------+
| Check architectures                                                          |
+------------------------------------------------------------------------------+

Arch check ok (amd64 included in any)

+------------------------------------------------------------------------------+
| Build environment                                                            |
+------------------------------------------------------------------------------+

Kernel: Linux 4.19.0-6-cloud-amd64 #1 SMP Debian 4.19.67-2+deb10u2 (2019-11-11) amd64 (x86_64)
Toolchain package versions: binutils_2.34-3 dpkg-dev_1.19.7 g++-9_9.2.1-30 gcc-9_9.2.1-30 libc6-dev_2.29-10 libstdc++-8-dev_8.3.0-29 libstdc++-9-dev_9.2.1-30 libstdc++6_10-20200222-1 linux-libc-dev_5.4.19-1
Package versions: adduser_3.118 apt_1.8.4 autoconf_2.69-11.1 automake_1:1.16.1-4 autopoint_0.19.8.1-10 autotools-dev_20180224.1 base-files_11 base-passwd_3.5.47 bash_5.0-6 binutils_2.34-3 binutils-common_2.34-3 binutils-x86-64-linux-gnu_2.34-3 bison_2:3.5.1+dfsg-1 bsdmainutils_11.1.2+b1 bsdutils_1:2.34-0.1 build-essential_12.8 bzip2_1.0.8-2 clang-9_1:9.0.1-8 cmake_3.16.3-1 cmake-data_3.16.3-1 coreutils_8.30-3+b1 cpp_4:9.2.1-3.1 cpp-9_9.2.1-30 dash_0.5.10.2-6 debconf_1.5.73 debhelper_12.9 debian-archive-keyring_2019.1 debianutils_4.9.1 dh-autoreconf_19 dh-strip-nondeterminism_1.6.3-2 diffutils_1:3.7-3 dpkg_1.19.7 dpkg-dev_1.19.7 dwz_0.13-5 e2fsprogs_1.45.5-2 fakeroot_1.24-1 fdisk_2.34-0.1 file_1:5.38-4 findutils_4.7.0-1 g++_4:9.2.1-3.1 g++-9_9.2.1-30 gcc_4:9.2.1-3.1 gcc-10-base_10-20200222-1 gcc-8-base_8.3.0-29 gcc-9_9.2.1-30 gcc-9-base_9.2.1-30 gettext_0.19.8.1-10 gettext-base_0.19.8.1-10 gpgv_2.2.19-1 grep_3.4-1 groff-base_1.22.4-4 gzip_1.9-3+b1 hostname_3.23 init-system-helpers_1.57 intltool-debian_0.35.0+20060710.5 lib32gcc-s1_10-20200222-1 lib32gcc1_1:10-20200222-1 lib32stdc++6_10-20200222-1 libacl1_2.2.53-5 libapt-pkg5.0_1.8.4 libarchive-zip-perl_1.67-1 libarchive13_3.4.0-1+b1 libasan5_9.2.1-30 libatomic1_10-20200222-1 libattr1_1:2.4.48-5 libaudit-common_1:2.8.5-2 libaudit1_1:2.8.5-2+b1 libbinutils_2.34-3 libblkid1_2.34-0.1 libbrotli1_1.0.7-6 libbsd0_0.10.0-1 libbz2-1.0_1.0.8-2 libc-bin_2.29-10 libc-dev-bin_2.29-10 libc6_2.29-10 libc6-dev_2.29-10 libc6-i386_2.29-10 libcap-dev_1:2.32-1 libcap-ng0_0.7.9-2.1+b1 libcap2_1:2.32-1 libcc1-0_10-20200222-1 libclang-common-9-dev_1:9.0.1-8 libclang-cpp9_1:9.0.1-8 libcom-err2_1.45.5-2 libcroco3_0.6.13-1 libcrypt-dev_1:4.4.10-10 libcrypt1_1:4.4.10-10 libctf-nobfd0_2.34-3 libctf0_2.34-3 libcurl4_7.68.0-1 libdb5.3_5.3.28+dfsg1-0.6 libdebconfclient0_0.251 libdebhelper-perl_12.9 libdpkg-perl_1.19.7 libedit2_3.1-20191231-1 libelf1_0.176-1.1 libexpat1_2.2.9-1 libext2fs2_1.45.5-2 libfakeroot_1.24-1 libfdisk1_2.34-0.1 libffi7_3.3-3 libfile-stripnondeterminism-perl_1.6.3-2 libgc1c2_1:7.6.4-0.4 libgcc-8-dev_8.3.0-29 libgcc-9-dev_9.2.1-30 libgcc-s1_10-20200222-1 libgcc1_1:10-20200222-1 libgcrypt20_1.8.5-5 libgdbm-compat4_1.18.1-5 libgdbm6_1.18.1-5 libglib2.0-0_2.62.4-2 libgmp10_2:6.2.0+dfsg-4 libgnutls30_3.6.12-2 libgomp1_10-20200222-1 libgpg-error0_1.37-1 libgssapi-krb5-2_1.17-6 libhogweed5_3.5.1+really3.5.1-2 libicu63_63.2-2 libidn2-0_2.2.0-2 libisl22_0.22.1-1 libitm1_10-20200222-1 libjson-c-dev_0.13.1+dfsg-7 libjson-c4_0.13.1+dfsg-7 libjsoncpp1_1.7.4-3.1 libk5crypto3_1.17-6 libkeyutils1_1.6.1-2 libkrb5-3_1.17-6 libkrb5support0_1.17-6 libldap-2.4-2_2.4.49+dfsg-1 libldap-common_2.4.49+dfsg-1 libllvm9_1:9.0.1-8 liblsan0_10-20200222-1 liblz4-1_1.9.2-2 liblzma5_5.2.4-1+b1 libmagic-mgc_1:5.38-4 libmagic1_1:5.38-4 libmount1_2.34-0.1 libmpc3_1.1.0-1 libmpfr6_4.0.2-1 libmpx2_8.3.0-29 libncurses6_6.1+20191019-1 libncursesw6_6.1+20191019-1 libnettle7_3.5.1+really3.5.1-2 libnghttp2-14_1.40.0-1 libobjc-8-dev_8.3.0-29 libobjc-9-dev_9.2.1-30 libobjc4_10-20200222-1 libomp-9-dev_1:9.0.1-8 libomp5-9_1:9.0.1-8 libp11-kit0_0.23.20-1 libpam-modules_1.3.1-5 libpam-modules-bin_1.3.1-5 libpam-runtime_1.3.1-5 libpam0g_1.3.1-5 libpcre2-8-0_10.34-7 libpcre3_2:8.39-12+b1 libperl5.30_5.30.0-9 libpipeline1_1.5.2-2 libprocps8_2:3.3.16-1+b1 libpsl5_0.20.2-2 libquadmath0_10-20200222-1 librhash0_1.3.9-1 librtmp1_2.4+20151223.gitfa8646d.1-2+b1 libsasl2-2_2.1.27+dfsg-2 libsasl2-modules-db_2.1.27+dfsg-2 libseccomp2_2.4.2-2 libselinux1_3.0-1+b1 libsemanage-common_3.0-1 libsemanage1_3.0-1+b1 libsepol1_3.0-1 libsigsegv2_2.12-2 libsmartcols1_2.34-0.1 libsodium-dev_1.0.18-1 libsodium23_1.0.18-1 libss2_1.45.5-2 libssh2-1_1.8.0-2.1 libssl-dev_1.1.1d-2 libssl1.1_1.1.1d-2 libstdc++-8-dev_8.3.0-29 libstdc++-9-dev_9.2.1-30 libstdc++6_10-20200222-1 libsub-override-perl_0.09-2 libsystemd0_244.3-1 libtasn1-6_4.16.0-2 libtinfo6_6.1+20191019-1 libtool_2.4.6-13 libtsan0_10-20200222-1 libubsan1_10-20200222-1 libuchardet0_0.0.6-3 libudev1_244.3-1 libuecc-dev_7-1+b1 libuecc0_7-1+b1 libunistring2_0.9.10-2 libuuid1_2.34-0.1 libuv1_1.34.2-1 libxml2_2.9.10+dfsg-3 libz3-4_4.8.7-4 libzstd1_1.4.4+dfsg-3 linux-libc-dev_5.4.19-1 login_1:4.8.1-1 logsave_1.45.5-2 lsb-base_11.1.0 m4_1.4.18-4 make_4.2.1-1.2 man-db_2.9.0-2 mawk_1.3.4.20200120-2 mount_2.34-0.1 ncurses-base_6.1+20191019-1 ncurses-bin_6.1+20191019-1 passwd_1:4.8.1-1 patch_2.7.6-6 perl_5.30.0-9 perl-base_5.30.0-9 perl-modules-5.30_5.30.0-9 pkg-config_0.29-6 po-debconf_1.0.21 procps_2:3.3.16-1+b1 sbuild-build-depends-main-dummy_0.invalid.0 sed_4.7-1 sensible-utils_0.0.12+nmu1 sysvinit-utils_2.96-2.1 tar_1.30+dfsg-6+b1 tzdata_2019c-3 util-linux_2.34-0.1 xz-utils_5.2.4-1+b1 zlib1g_1:1.2.11.dfsg-2

+------------------------------------------------------------------------------+
| Build                                                                        |
+------------------------------------------------------------------------------+


Unpack source
-------------

-----BEGIN PGP SIGNED MESSAGE-----
Hash: SHA256

Format: 3.0 (quilt)
Source: fastd
Binary: fastd
Architecture: any
Version: 18-3
Maintainer: Matthias Schiffer <mschiffer@universe-factory.net>
Uploaders: Haiko Helmholz <jo-travolti@t-online.de>
Homepage: https://projects.universe-factory.net/projects/fastd
Standards-Version: 4.1.3
Build-Depends: debhelper (>= 9), cmake (>= 2.8.7), bison (>= 2.5), pkg-config, libcap-dev, libuecc-dev (>= 6), libsodium-dev, libssl-dev, libjson-c-dev, dpkg-dev (>= 1.16.1~)
Package-List:
 fastd deb net optional arch=any
Checksums-Sha1:
 7d19e6a9c4b83b4b8f83c997cd05ac8422439226 156988 fastd_18.orig.tar.xz
 9aa0e24592e1ee70091f1460eb8dee865ff85fa7 5796 fastd_18-3.debian.tar.xz
Checksums-Sha256:
 714ff09d7bd75f79783f744f6f8c5af2fe456c8cf876feaa704c205a73e043c9 156988 fastd_18.orig.tar.xz
 e0b75d9896b6bc213a53b14142b91a9380a0dd4d9160f308c886a82c6a7c44bf 5796 fastd_18-3.debian.tar.xz
Files:
 e53236d3049f64f7955ad9556da099eb 156988 fastd_18.orig.tar.xz
 a939d258af36fb4424f9e55f5cadddcb 5796 fastd_18-3.debian.tar.xz

-----BEGIN PGP SIGNATURE-----

iQIzBAEBCAAdFiEEhMGXeonn7+0+XKYuL9i+2sAg7tEFAlp+yMYACgkQL9i+2sAg
7tFLABAAuxjwut+4sOgrtUQjbSmlDQ2CwanuNsnHtC2hOeE/mSSlTZWnP1WwEq3+
coClwdgjLKzoYrTKNa0SdQQqBlDbJnCGzxCDRGDGpaSCKgZCQhMfYwJaACcTuS3D
dxahUhcTrEBjSs4/xyXgMmEzVJaBZ9MChxawr4TXfT3Tz8hjyCmR4SHeBjA1bfTZ
0yc8O+QjzAtAov1j5CZeIZ49JTywf9hNnOIVfRl53EY/8JKHjwbIsNvgPey/4GPJ
oybObb0cXHyU8+zGD/uNkRGd3ckL+Qj9Wm72UTUzxvhx5vfwTxOoD3WuF5vf2S2Z
UvFWPCcAma+C7reh6hBaHqZfVof9SOVkt04Ykf7Rb97Bbd6r+1lWhAeI9BC8DC/A
QDu/2m1AUKF/LtsH/6HTMIhh+upLSEwab23zf/mXTnMi2lsqGWYMPJmipIPSdWn2
9OpGW9nAcy8QPWsrAaw9HAJXr2vihwjjVBHHkAbs/w5BaqIrB9lrWxW/q21eoIND
CthYHDJ71DxXvEXDTANhj6++S11OsKxFmcTjZ8BA1p5tSj/LM5bZ8O3UknHMIauz
C9iATZBwLwKzOh1DaQGGzCDk6cfy0Xgl4dpvQDwpaaGAXDa/GnRMgTPeaLPH4108
GiUZDWoRBU8VeHtvu+1ZqFipPQItudXKQkroDZOIPDiOAJtwn/Y=
=yha3
-----END PGP SIGNATURE-----

gpgv: unknown type of key resource 'trustedkeys.kbx'
gpgv: keyblock resource '/sbuild-nonexistent/.gnupg/trustedkeys.kbx': General error
gpgv: Signature made Sat Feb 10 10:26:14 2018 UTC
gpgv:                using RSA key 84C1977A89E7EFED3E5CA62E2FD8BEDAC020EED1
gpgv: Can't check signature: No public key
dpkg-source: warning: failed to verify signature on ./fastd_18-3.dsc
dpkg-source: info: extracting fastd in /<<PKGBUILDDIR>>
dpkg-source: info: unpacking fastd_18.orig.tar.xz
dpkg-source: info: unpacking fastd_18-3.debian.tar.xz

Check disk space
----------------

Sufficient free space for build

User Environment
----------------

APT_CONFIG=/var/lib/sbuild/apt.conf
HOME=/sbuild-nonexistent
LANG=C.UTF-8
LC_ALL=C.UTF-8
LOGNAME=user42
PATH=/usr/local/sbin:/usr/local/bin:/usr/sbin:/usr/bin:/sbin:/bin:/usr/games
SCHROOT_ALIAS_NAME=unstable
SCHROOT_CHROOT_NAME=sid-amd64-sbuild
SCHROOT_COMMAND=env
SCHROOT_GID=1001
SCHROOT_GROUP=user42
SCHROOT_SESSION_ID=sid-amd64-sbuild-7200d42b-1c03-423f-b6c3-06c1a9551416
SCHROOT_UID=1001
SCHROOT_USER=user42
SHELL=/bin/sh
USER=user42

dpkg-buildpackage
-----------------

Command: dpkg-buildpackage -us -uc -b -rfakeroot
dpkg-buildpackage: info: source package fastd
dpkg-buildpackage: info: source version 18-3
dpkg-buildpackage: info: source distribution unstable
dpkg-buildpackage: info: source changed by Matthias Schiffer <mschiffer@universe-factory.net>
 dpkg-source --before-build .
dpkg-buildpackage: info: host architecture amd64
 fakeroot debian/rules clean
dh clean 
   debian/rules override_dh_clean
make[1]: Entering directory '/<<PKGBUILDDIR>>'
dh_clean
rm -rf obj*
make[1]: Leaving directory '/<<PKGBUILDDIR>>'
 debian/rules build
dh build 
   dh_update_autotools_config
   debian/rules override_dh_auto_configure
make[1]: Entering directory '/<<PKGBUILDDIR>>'
dh_auto_configure -- \
	-DCMAKE_BUILD_TYPE=RELWITHDEBINFO \
	-DENABLE_OPENSSL=ON \
	-DENABLE_SYSTEMD=ON \
	-DENABLE_LIBSODIUM=ON \
	-DENABLE_LTO=ON \
	-DCMAKE_AR=/usr/bin/gcc-ar \
	-DCMAKE_NM=/usr/bin/gcc-nm \
	-DCMAKE_RANLIB=/usr/bin/gcc-ranlib \
	-DWITH_CIPHER_AES128_CTR_NACL=OFF
	cd obj-x86_64-linux-gnu && cmake -DCMAKE_INSTALL_PREFIX=/usr -DCMAKE_BUILD_TYPE=None -DCMAKE_INSTALL_SYSCONFDIR=/etc -DCMAKE_INSTALL_LOCALSTATEDIR=/var -DCMAKE_EXPORT_NO_PACKAGE_REGISTRY=ON -DCMAKE_FIND_PACKAGE_NO_PACKAGE_REGISTRY=ON "-GUnix Makefiles" -DCMAKE_VERBOSE_MAKEFILE=ON -DCMAKE_INSTALL_LIBDIR=lib/x86_64-linux-gnu -DCMAKE_BUILD_TYPE=RELWITHDEBINFO -DENABLE_OPENSSL=ON -DENABLE_SYSTEMD=ON -DENABLE_LIBSODIUM=ON -DENABLE_LTO=ON -DCMAKE_AR=/usr/bin/gcc-ar -DCMAKE_NM=/usr/bin/gcc-nm -DCMAKE_RANLIB=/usr/bin/gcc-ranlib -DWITH_CIPHER_AES128_CTR_NACL=OFF ..
CMake Deprecation Warning at CMakeLists.txt:4 (cmake_policy):
  The OLD behavior for policy CMP0017 will be removed from a future version
  of CMake.

  The cmake-policies(7) manual explains that the OLD behaviors of all
  policies are deprecated and that a policy should be set to OLD only under
  specific short-term circumstances.  Projects should be ported to the NEW
  behavior and not rely on setting a policy to OLD.


-- The C compiler identification is Clang 9.0.1
-- The ASM compiler identification is Clang
-- Found assembler: /usr/bin/cc
-- Check for working C compiler: /usr/bin/cc
-- Check for working C compiler: /usr/bin/cc -- works
-- Detecting C compiler ABI info
-- Detecting C compiler ABI info - done
-- Detecting C compile features
-- Detecting C compile features - done
-- Performing Test ARCH_X86
-- Performing Test ARCH_X86 - Failed
-- Performing Test ARCH_X86_64
-- Performing Test ARCH_X86_64 - Success
-- Found BISON: /usr/bin/bison (found suitable version "3.5.1", minimum required is "2.5") 
-- Checking for module 'libuecc>=6'
--   Found libuecc, version 7
-- Found LIBUECC: /usr/lib/x86_64-linux-gnu/libuecc.so  
-- Checking for module 'libsodium'
--   Found libsodium, version 1.0.18
-- Found libsodium: /usr/lib/x86_64-linux-gnu/libsodium.so  
-- Found OpenSSL: /usr/lib/x86_64-linux-gnu/libcrypto.so (found version "1.1.1d")  
-- Found libcap: /usr/lib/x86_64-linux-gnu/libcap.so; include path: /usr/include
-- Checking for module 'json-c'
--   Found json-c, version 0.13.1
-- Found JSON_C: /usr/lib/x86_64-linux-gnu/libjson-c.so  
-- Performing Test HAVE_PCLMUL
-- Performing Test HAVE_PCLMUL - Success
-- Performing Test HAVE_FLAG_WHOLE_PROGRAM
-- Performing Test HAVE_FLAG_WHOLE_PROGRAM - Failed
-- Performing Test HAVE_AI_ADDRCONFIG
-- Performing Test HAVE_AI_ADDRCONFIG - Success
-- Checking prototype get_current_dir_name for HAVE_GET_CURRENT_DIR_NAME - True
-- Looking for setresuid
-- Looking for setresuid - found
-- Looking for setresgid
-- Looking for setresgid - found
-- Looking for clock_gettime
-- Looking for clock_gettime - found
-- Performing Test HAVE_ENDIAN_H
-- Performing Test HAVE_ENDIAN_H - Success
-- Looking for be32toh
-- Looking for be32toh - found
-- Could NOT find Doxygen (missing: DOXYGEN_EXECUTABLE) 
-- Configuring done
-- Generating done
CMake Warning:
  Manually-specified variables were not used by the project:

    CMAKE_EXPORT_NO_PACKAGE_REGISTRY
    CMAKE_INSTALL_LIBDIR
    CMAKE_INSTALL_LOCALSTATEDIR
    CMAKE_INSTALL_SYSCONFDIR


-- Build files have been written to: /<<PKGBUILDDIR>>/obj-x86_64-linux-gnu
make[1]: Leaving directory '/<<PKGBUILDDIR>>'
   dh_auto_build
	cd obj-x86_64-linux-gnu && make -j1
make[1]: Entering directory '/<<PKGBUILDDIR>>/obj-x86_64-linux-gnu'
/usr/bin/cmake -S/<<PKGBUILDDIR>> -B/<<PKGBUILDDIR>>/obj-x86_64-linux-gnu --check-build-system CMakeFiles/Makefile.cmake 0
/usr/bin/cmake -E cmake_progress_start /<<PKGBUILDDIR>>/obj-x86_64-linux-gnu/CMakeFiles /<<PKGBUILDDIR>>/obj-x86_64-linux-gnu/CMakeFiles/progress.marks
make -f CMakeFiles/Makefile2 all
make[2]: Entering directory '/<<PKGBUILDDIR>>/obj-x86_64-linux-gnu'
make -f src/crypto/mac/uhash/builtin/CMakeFiles/mac_uhash_builtin.dir/build.make src/crypto/mac/uhash/builtin/CMakeFiles/mac_uhash_builtin.dir/depend
make[3]: Entering directory '/<<PKGBUILDDIR>>/obj-x86_64-linux-gnu'
cd /<<PKGBUILDDIR>>/obj-x86_64-linux-gnu && /usr/bin/cmake -E cmake_depends "Unix Makefiles" /<<PKGBUILDDIR>> /<<PKGBUILDDIR>>/src/crypto/mac/uhash/builtin /<<PKGBUILDDIR>>/obj-x86_64-linux-gnu /<<PKGBUILDDIR>>/obj-x86_64-linux-gnu/src/crypto/mac/uhash/builtin /<<PKGBUILDDIR>>/obj-x86_64-linux-gnu/src/crypto/mac/uhash/builtin/CMakeFiles/mac_uhash_builtin.dir/DependInfo.cmake --color=
Scanning dependencies of target mac_uhash_builtin
make[3]: Leaving directory '/<<PKGBUILDDIR>>/obj-x86_64-linux-gnu'
make -f src/crypto/mac/uhash/builtin/CMakeFiles/mac_uhash_builtin.dir/build.make src/crypto/mac/uhash/builtin/CMakeFiles/mac_uhash_builtin.dir/build
make[3]: Entering directory '/<<PKGBUILDDIR>>/obj-x86_64-linux-gnu'
[  1%] Building C object src/crypto/mac/uhash/builtin/CMakeFiles/mac_uhash_builtin.dir/uhash_builtin.c.o
cd /<<PKGBUILDDIR>>/obj-x86_64-linux-gnu/src/crypto/mac/uhash/builtin && /usr/bin/cc -D_GNU_SOURCE -D__APPLE_USE_RFC_3542 -I/<<PKGBUILDDIR>> -I/<<PKGBUILDDIR>>/obj-x86_64-linux-gnu/gen  -g -O2 -fdebug-prefix-map=/<<PKGBUILDDIR>>=. -fstack-protector-strong -Wformat -Werror=format-security -fomit-frame-pointer -Wdate-time -D_FORTIFY_SOURCE=2 -O2 -g -DNDEBUG   -pthread -std=c99    -flto -Wall -o CMakeFiles/mac_uhash_builtin.dir/uhash_builtin.c.o   -c /<<PKGBUILDDIR>>/src/crypto/mac/uhash/builtin/uhash_builtin.c
[  2%] Linking C static library libmac_uhash_builtin.a
cd /<<PKGBUILDDIR>>/obj-x86_64-linux-gnu/src/crypto/mac/uhash/builtin && /usr/bin/cmake -P CMakeFiles/mac_uhash_builtin.dir/cmake_clean_target.cmake
cd /<<PKGBUILDDIR>>/obj-x86_64-linux-gnu/src/crypto/mac/uhash/builtin && /usr/bin/cmake -E cmake_link_script CMakeFiles/mac_uhash_builtin.dir/link.txt --verbose=1
/usr/bin/gcc-ar qc libmac_uhash_builtin.a  CMakeFiles/mac_uhash_builtin.dir/uhash_builtin.c.o
/usr/bin/gcc-ranlib libmac_uhash_builtin.a
make[3]: Leaving directory '/<<PKGBUILDDIR>>/obj-x86_64-linux-gnu'
[  2%] Built target mac_uhash_builtin
make -f src/CMakeFiles/version.dir/build.make src/CMakeFiles/version.dir/depend
make[3]: Entering directory '/<<PKGBUILDDIR>>/obj-x86_64-linux-gnu'
cd /<<PKGBUILDDIR>>/obj-x86_64-linux-gnu && /usr/bin/cmake -E cmake_depends "Unix Makefiles" /<<PKGBUILDDIR>> /<<PKGBUILDDIR>>/src /<<PKGBUILDDIR>>/obj-x86_64-linux-gnu /<<PKGBUILDDIR>>/obj-x86_64-linux-gnu/src /<<PKGBUILDDIR>>/obj-x86_64-linux-gnu/src/CMakeFiles/version.dir/DependInfo.cmake --color=
Scanning dependencies of target version
make[3]: Leaving directory '/<<PKGBUILDDIR>>/obj-x86_64-linux-gnu'
make -f src/CMakeFiles/version.dir/build.make src/CMakeFiles/version.dir/build
make[3]: Entering directory '/<<PKGBUILDDIR>>/obj-x86_64-linux-gnu'
cd /<<PKGBUILDDIR>> && mkdir -p /<<PKGBUILDDIR>>/obj-x86_64-linux-gnu/gen/generated
cd /<<PKGBUILDDIR>> && echo "#pragma once" > /<<PKGBUILDDIR>>/obj-x86_64-linux-gnu/gen/generated/version.h.new
cd /<<PKGBUILDDIR>> && sh -c "echo \"#define FASTD_VERSION \\\"\$(git --git-dir=./.git describe --dirty 2>/dev/null || echo v18)\\\"\"" >> /<<PKGBUILDDIR>>/obj-x86_64-linux-gnu/gen/generated/version.h.new
cd /<<PKGBUILDDIR>> && cmp -s /<<PKGBUILDDIR>>/obj-x86_64-linux-gnu/gen/generated/version.h /<<PKGBUILDDIR>>/obj-x86_64-linux-gnu/gen/generated/version.h.new && rm /<<PKGBUILDDIR>>/obj-x86_64-linux-gnu/gen/generated/version.h.new || mv /<<PKGBUILDDIR>>/obj-x86_64-linux-gnu/gen/generated/version.h.new /<<PKGBUILDDIR>>/obj-x86_64-linux-gnu/gen/generated/version.h
make[3]: Leaving directory '/<<PKGBUILDDIR>>/obj-x86_64-linux-gnu'
[  2%] Built target version
make -f src/protocols/ec25519_fhmqvc/CMakeFiles/protocol_ec25519_fhmqvc.dir/build.make src/protocols/ec25519_fhmqvc/CMakeFiles/protocol_ec25519_fhmqvc.dir/depend
make[3]: Entering directory '/<<PKGBUILDDIR>>/obj-x86_64-linux-gnu'
cd /<<PKGBUILDDIR>>/obj-x86_64-linux-gnu && /usr/bin/cmake -E cmake_depends "Unix Makefiles" /<<PKGBUILDDIR>> /<<PKGBUILDDIR>>/src/protocols/ec25519_fhmqvc /<<PKGBUILDDIR>>/obj-x86_64-linux-gnu /<<PKGBUILDDIR>>/obj-x86_64-linux-gnu/src/protocols/ec25519_fhmqvc /<<PKGBUILDDIR>>/obj-x86_64-linux-gnu/src/protocols/ec25519_fhmqvc/CMakeFiles/protocol_ec25519_fhmqvc.dir/DependInfo.cmake --color=
Scanning dependencies of target protocol_ec25519_fhmqvc
make[3]: Leaving directory '/<<PKGBUILDDIR>>/obj-x86_64-linux-gnu'
make -f src/protocols/ec25519_fhmqvc/CMakeFiles/protocol_ec25519_fhmqvc.dir/build.make src/protocols/ec25519_fhmqvc/CMakeFiles/protocol_ec25519_fhmqvc.dir/build
make[3]: Entering directory '/<<PKGBUILDDIR>>/obj-x86_64-linux-gnu'
[  3%] Building C object src/protocols/ec25519_fhmqvc/CMakeFiles/protocol_ec25519_fhmqvc.dir/ec25519_fhmqvc.c.o
cd /<<PKGBUILDDIR>>/obj-x86_64-linux-gnu/src/protocols/ec25519_fhmqvc && /usr/bin/cc -D_GNU_SOURCE -D__APPLE_USE_RFC_3542 -I/<<PKGBUILDDIR>> -I/<<PKGBUILDDIR>>/obj-x86_64-linux-gnu/gen -I/usr/include/libuecc-7  -g -O2 -fdebug-prefix-map=/<<PKGBUILDDIR>>=. -fstack-protector-strong -Wformat -Werror=format-security -fomit-frame-pointer -Wdate-time -D_FORTIFY_SOURCE=2 -O2 -g -DNDEBUG   -pthread -std=c99    -flto -Wall -o CMakeFiles/protocol_ec25519_fhmqvc.dir/ec25519_fhmqvc.c.o   -c /<<PKGBUILDDIR>>/src/protocols/ec25519_fhmqvc/ec25519_fhmqvc.c
[  4%] Building C object src/protocols/ec25519_fhmqvc/CMakeFiles/protocol_ec25519_fhmqvc.dir/handshake.c.o
cd /<<PKGBUILDDIR>>/obj-x86_64-linux-gnu/src/protocols/ec25519_fhmqvc && /usr/bin/cc -D_GNU_SOURCE -D__APPLE_USE_RFC_3542 -I/<<PKGBUILDDIR>> -I/<<PKGBUILDDIR>>/obj-x86_64-linux-gnu/gen -I/usr/include/libuecc-7  -g -O2 -fdebug-prefix-map=/<<PKGBUILDDIR>>=. -fstack-protector-strong -Wformat -Werror=format-security -fomit-frame-pointer -Wdate-time -D_FORTIFY_SOURCE=2 -O2 -g -DNDEBUG   -pthread -std=c99    -flto -Wall -o CMakeFiles/protocol_ec25519_fhmqvc.dir/handshake.c.o   -c /<<PKGBUILDDIR>>/src/protocols/ec25519_fhmqvc/handshake.c
[  5%] Building C object src/protocols/ec25519_fhmqvc/CMakeFiles/protocol_ec25519_fhmqvc.dir/state.c.o
cd /<<PKGBUILDDIR>>/obj-x86_64-linux-gnu/src/protocols/ec25519_fhmqvc && /usr/bin/cc -D_GNU_SOURCE -D__APPLE_USE_RFC_3542 -I/<<PKGBUILDDIR>> -I/<<PKGBUILDDIR>>/obj-x86_64-linux-gnu/gen -I/usr/include/libuecc-7  -g -O2 -fdebug-prefix-map=/<<PKGBUILDDIR>>=. -fstack-protector-strong -Wformat -Werror=format-security -fomit-frame-pointer -Wdate-time -D_FORTIFY_SOURCE=2 -O2 -g -DNDEBUG   -pthread -std=c99    -flto -Wall -o CMakeFiles/protocol_ec25519_fhmqvc.dir/state.c.o   -c /<<PKGBUILDDIR>>/src/protocols/ec25519_fhmqvc/state.c
[  6%] Building C object src/protocols/ec25519_fhmqvc/CMakeFiles/protocol_ec25519_fhmqvc.dir/util.c.o
cd /<<PKGBUILDDIR>>/obj-x86_64-linux-gnu/src/protocols/ec25519_fhmqvc && /usr/bin/cc -D_GNU_SOURCE -D__APPLE_USE_RFC_3542 -I/<<PKGBUILDDIR>> -I/<<PKGBUILDDIR>>/obj-x86_64-linux-gnu/gen -I/usr/include/libuecc-7  -g -O2 -fdebug-prefix-map=/<<PKGBUILDDIR>>=. -fstack-protector-strong -Wformat -Werror=format-security -fomit-frame-pointer -Wdate-time -D_FORTIFY_SOURCE=2 -O2 -g -DNDEBUG   -pthread -std=c99    -flto -Wall -o CMakeFiles/protocol_ec25519_fhmqvc.dir/util.c.o   -c /<<PKGBUILDDIR>>/src/protocols/ec25519_fhmqvc/util.c
make[3]: Leaving directory '/<<PKGBUILDDIR>>/obj-x86_64-linux-gnu'
[  6%] Built target protocol_ec25519_fhmqvc
make -f src/protocols/CMakeFiles/protocols.dir/build.make src/protocols/CMakeFiles/protocols.dir/depend
make[3]: Entering directory '/<<PKGBUILDDIR>>/obj-x86_64-linux-gnu'
cd /<<PKGBUILDDIR>>/obj-x86_64-linux-gnu && /usr/bin/cmake -E cmake_depends "Unix Makefiles" /<<PKGBUILDDIR>> /<<PKGBUILDDIR>>/src/protocols /<<PKGBUILDDIR>>/obj-x86_64-linux-gnu /<<PKGBUILDDIR>>/obj-x86_64-linux-gnu/src/protocols /<<PKGBUILDDIR>>/obj-x86_64-linux-gnu/src/protocols/CMakeFiles/protocols.dir/DependInfo.cmake --color=
Scanning dependencies of target protocols
make[3]: Leaving directory '/<<PKGBUILDDIR>>/obj-x86_64-linux-gnu'
make -f src/protocols/CMakeFiles/protocols.dir/build.make src/protocols/CMakeFiles/protocols.dir/build
make[3]: Entering directory '/<<PKGBUILDDIR>>/obj-x86_64-linux-gnu'
[  7%] Linking C static library libprotocols.a
cd /<<PKGBUILDDIR>>/obj-x86_64-linux-gnu/src/protocols && /usr/bin/cmake -P CMakeFiles/protocols.dir/cmake_clean_target.cmake
cd /<<PKGBUILDDIR>>/obj-x86_64-linux-gnu/src/protocols && /usr/bin/cmake -E cmake_link_script CMakeFiles/protocols.dir/link.txt --verbose=1
/usr/bin/gcc-ar qc libprotocols.a  ec25519_fhmqvc/CMakeFiles/protocol_ec25519_fhmqvc.dir/ec25519_fhmqvc.c.o ec25519_fhmqvc/CMakeFiles/protocol_ec25519_fhmqvc.dir/handshake.c.o ec25519_fhmqvc/CMakeFiles/protocol_ec25519_fhmqvc.dir/state.c.o ec25519_fhmqvc/CMakeFiles/protocol_ec25519_fhmqvc.dir/util.c.o
/usr/bin/gcc-ranlib libprotocols.a
make[3]: Leaving directory '/<<PKGBUILDDIR>>/obj-x86_64-linux-gnu'
[  7%] Built target protocols
make -f src/methods/CMakeFiles/method_common.dir/build.make src/methods/CMakeFiles/method_common.dir/depend
make[3]: Entering directory '/<<PKGBUILDDIR>>/obj-x86_64-linux-gnu'
cd /<<PKGBUILDDIR>>/obj-x86_64-linux-gnu && /usr/bin/cmake -E cmake_depends "Unix Makefiles" /<<PKGBUILDDIR>> /<<PKGBUILDDIR>>/src/methods /<<PKGBUILDDIR>>/obj-x86_64-linux-gnu /<<PKGBUILDDIR>>/obj-x86_64-linux-gnu/src/methods /<<PKGBUILDDIR>>/obj-x86_64-linux-gnu/src/methods/CMakeFiles/method_common.dir/DependInfo.cmake --color=
Scanning dependencies of target method_common
make[3]: Leaving directory '/<<PKGBUILDDIR>>/obj-x86_64-linux-gnu'
make -f src/methods/CMakeFiles/method_common.dir/build.make src/methods/CMakeFiles/method_common.dir/build
make[3]: Entering directory '/<<PKGBUILDDIR>>/obj-x86_64-linux-gnu'
[  8%] Building C object src/methods/CMakeFiles/method_common.dir/common.c.o
cd /<<PKGBUILDDIR>>/obj-x86_64-linux-gnu/src/methods && /usr/bin/cc -D_GNU_SOURCE -D__APPLE_USE_RFC_3542 -I/<<PKGBUILDDIR>> -I/<<PKGBUILDDIR>>/obj-x86_64-linux-gnu/gen  -g -O2 -fdebug-prefix-map=/<<PKGBUILDDIR>>=. -fstack-protector-strong -Wformat -Werror=format-security -fomit-frame-pointer -Wdate-time -D_FORTIFY_SOURCE=2 -O2 -g -DNDEBUG   -o CMakeFiles/method_common.dir/common.c.o   -c /<<PKGBUILDDIR>>/src/methods/common.c
[  9%] Linking C static library libmethod_common.a
cd /<<PKGBUILDDIR>>/obj-x86_64-linux-gnu/src/methods && /usr/bin/cmake -P CMakeFiles/method_common.dir/cmake_clean_target.cmake
cd /<<PKGBUILDDIR>>/obj-x86_64-linux-gnu/src/methods && /usr/bin/cmake -E cmake_link_script CMakeFiles/method_common.dir/link.txt --verbose=1
/usr/bin/gcc-ar qc libmethod_common.a  CMakeFiles/method_common.dir/common.c.o
/usr/bin/gcc-ranlib libmethod_common.a
make[3]: Leaving directory '/<<PKGBUILDDIR>>/obj-x86_64-linux-gnu'
[  9%] Built target method_common
make -f src/methods/xsalsa20_poly1305/CMakeFiles/method_xsalsa20_poly1305.dir/build.make src/methods/xsalsa20_poly1305/CMakeFiles/method_xsalsa20_poly1305.dir/depend
make[3]: Entering directory '/<<PKGBUILDDIR>>/obj-x86_64-linux-gnu'
cd /<<PKGBUILDDIR>>/obj-x86_64-linux-gnu && /usr/bin/cmake -E cmake_depends "Unix Makefiles" /<<PKGBUILDDIR>> /<<PKGBUILDDIR>>/src/methods/xsalsa20_poly1305 /<<PKGBUILDDIR>>/obj-x86_64-linux-gnu /<<PKGBUILDDIR>>/obj-x86_64-linux-gnu/src/methods/xsalsa20_poly1305 /<<PKGBUILDDIR>>/obj-x86_64-linux-gnu/src/methods/xsalsa20_poly1305/CMakeFiles/method_xsalsa20_poly1305.dir/DependInfo.cmake --color=
Scanning dependencies of target method_xsalsa20_poly1305
make[3]: Leaving directory '/<<PKGBUILDDIR>>/obj-x86_64-linux-gnu'
make -f src/methods/xsalsa20_poly1305/CMakeFiles/method_xsalsa20_poly1305.dir/build.make src/methods/xsalsa20_poly1305/CMakeFiles/method_xsalsa20_poly1305.dir/build
make[3]: Entering directory '/<<PKGBUILDDIR>>/obj-x86_64-linux-gnu'
[ 10%] Building C object src/methods/xsalsa20_poly1305/CMakeFiles/method_xsalsa20_poly1305.dir/xsalsa20_poly1305.c.o
cd /<<PKGBUILDDIR>>/obj-x86_64-linux-gnu/src/methods/xsalsa20_poly1305 && /usr/bin/cc -D_GNU_SOURCE -D__APPLE_USE_RFC_3542 -I/<<PKGBUILDDIR>> -I/<<PKGBUILDDIR>>/obj-x86_64-linux-gnu/gen -I/usr/include/sodium  -g -O2 -fdebug-prefix-map=/<<PKGBUILDDIR>>=. -fstack-protector-strong -Wformat -Werror=format-security -fomit-frame-pointer -Wdate-time -D_FORTIFY_SOURCE=2 -O2 -g -DNDEBUG   -pthread -std=c99    -flto -Wall -o CMakeFiles/method_xsalsa20_poly1305.dir/xsalsa20_poly1305.c.o   -c /<<PKGBUILDDIR>>/src/methods/xsalsa20_poly1305/xsalsa20_poly1305.c
[ 12%] Linking C static library libmethod_xsalsa20_poly1305.a
cd /<<PKGBUILDDIR>>/obj-x86_64-linux-gnu/src/methods/xsalsa20_poly1305 && /usr/bin/cmake -P CMakeFiles/method_xsalsa20_poly1305.dir/cmake_clean_target.cmake
cd /<<PKGBUILDDIR>>/obj-x86_64-linux-gnu/src/methods/xsalsa20_poly1305 && /usr/bin/cmake -E cmake_link_script CMakeFiles/method_xsalsa20_poly1305.dir/link.txt --verbose=1
/usr/bin/gcc-ar qc libmethod_xsalsa20_poly1305.a  CMakeFiles/method_xsalsa20_poly1305.dir/xsalsa20_poly1305.c.o
/usr/bin/gcc-ranlib libmethod_xsalsa20_poly1305.a
make[3]: Leaving directory '/<<PKGBUILDDIR>>/obj-x86_64-linux-gnu'
[ 12%] Built target method_xsalsa20_poly1305
make -f src/methods/null/CMakeFiles/method_null.dir/build.make src/methods/null/CMakeFiles/method_null.dir/depend
make[3]: Entering directory '/<<PKGBUILDDIR>>/obj-x86_64-linux-gnu'
cd /<<PKGBUILDDIR>>/obj-x86_64-linux-gnu && /usr/bin/cmake -E cmake_depends "Unix Makefiles" /<<PKGBUILDDIR>> /<<PKGBUILDDIR>>/src/methods/null /<<PKGBUILDDIR>>/obj-x86_64-linux-gnu /<<PKGBUILDDIR>>/obj-x86_64-linux-gnu/src/methods/null /<<PKGBUILDDIR>>/obj-x86_64-linux-gnu/src/methods/null/CMakeFiles/method_null.dir/DependInfo.cmake --color=
Scanning dependencies of target method_null
make[3]: Leaving directory '/<<PKGBUILDDIR>>/obj-x86_64-linux-gnu'
make -f src/methods/null/CMakeFiles/method_null.dir/build.make src/methods/null/CMakeFiles/method_null.dir/build
make[3]: Entering directory '/<<PKGBUILDDIR>>/obj-x86_64-linux-gnu'
[ 13%] Building C object src/methods/null/CMakeFiles/method_null.dir/null.c.o
cd /<<PKGBUILDDIR>>/obj-x86_64-linux-gnu/src/methods/null && /usr/bin/cc -D_GNU_SOURCE -D__APPLE_USE_RFC_3542 -I/<<PKGBUILDDIR>> -I/<<PKGBUILDDIR>>/obj-x86_64-linux-gnu/gen  -g -O2 -fdebug-prefix-map=/<<PKGBUILDDIR>>=. -fstack-protector-strong -Wformat -Werror=format-security -fomit-frame-pointer -Wdate-time -D_FORTIFY_SOURCE=2 -O2 -g -DNDEBUG   -pthread -std=c99    -flto -Wall -o CMakeFiles/method_null.dir/null.c.o   -c /<<PKGBUILDDIR>>/src/methods/null/null.c
[ 14%] Linking C static library libmethod_null.a
cd /<<PKGBUILDDIR>>/obj-x86_64-linux-gnu/src/methods/null && /usr/bin/cmake -P CMakeFiles/method_null.dir/cmake_clean_target.cmake
cd /<<PKGBUILDDIR>>/obj-x86_64-linux-gnu/src/methods/null && /usr/bin/cmake -E cmake_link_script CMakeFiles/method_null.dir/link.txt --verbose=1
/usr/bin/gcc-ar qc libmethod_null.a  CMakeFiles/method_null.dir/null.c.o
/usr/bin/gcc-ranlib libmethod_null.a
make[3]: Leaving directory '/<<PKGBUILDDIR>>/obj-x86_64-linux-gnu'
[ 14%] Built target method_null
make -f src/methods/cipher_test/CMakeFiles/method_cipher_test.dir/build.make src/methods/cipher_test/CMakeFiles/method_cipher_test.dir/depend
make[3]: Entering directory '/<<PKGBUILDDIR>>/obj-x86_64-linux-gnu'
cd /<<PKGBUILDDIR>>/obj-x86_64-linux-gnu && /usr/bin/cmake -E cmake_depends "Unix Makefiles" /<<PKGBUILDDIR>> /<<PKGBUILDDIR>>/src/methods/cipher_test /<<PKGBUILDDIR>>/obj-x86_64-linux-gnu /<<PKGBUILDDIR>>/obj-x86_64-linux-gnu/src/methods/cipher_test /<<PKGBUILDDIR>>/obj-x86_64-linux-gnu/src/methods/cipher_test/CMakeFiles/method_cipher_test.dir/DependInfo.cmake --color=
Scanning dependencies of target method_cipher_test
make[3]: Leaving directory '/<<PKGBUILDDIR>>/obj-x86_64-linux-gnu'
make -f src/methods/cipher_test/CMakeFiles/method_cipher_test.dir/build.make src/methods/cipher_test/CMakeFiles/method_cipher_test.dir/build
make[3]: Entering directory '/<<PKGBUILDDIR>>/obj-x86_64-linux-gnu'
[ 15%] Building C object src/methods/cipher_test/CMakeFiles/method_cipher_test.dir/cipher_test.c.o
cd /<<PKGBUILDDIR>>/obj-x86_64-linux-gnu/src/methods/cipher_test && /usr/bin/cc -D_GNU_SOURCE -D__APPLE_USE_RFC_3542 -I/<<PKGBUILDDIR>> -I/<<PKGBUILDDIR>>/obj-x86_64-linux-gnu/gen  -g -O2 -fdebug-prefix-map=/<<PKGBUILDDIR>>=. -fstack-protector-strong -Wformat -Werror=format-security -fomit-frame-pointer -Wdate-time -D_FORTIFY_SOURCE=2 -O2 -g -DNDEBUG   -pthread -std=c99    -flto -Wall -o CMakeFiles/method_cipher_test.dir/cipher_test.c.o   -c /<<PKGBUILDDIR>>/src/methods/cipher_test/cipher_test.c
[ 16%] Linking C static library libmethod_cipher_test.a
cd /<<PKGBUILDDIR>>/obj-x86_64-linux-gnu/src/methods/cipher_test && /usr/bin/cmake -P CMakeFiles/method_cipher_test.dir/cmake_clean_target.cmake
cd /<<PKGBUILDDIR>>/obj-x86_64-linux-gnu/src/methods/cipher_test && /usr/bin/cmake -E cmake_link_script CMakeFiles/method_cipher_test.dir/link.txt --verbose=1
/usr/bin/gcc-ar qc libmethod_cipher_test.a  CMakeFiles/method_cipher_test.dir/cipher_test.c.o
/usr/bin/gcc-ranlib libmethod_cipher_test.a
make[3]: Leaving directory '/<<PKGBUILDDIR>>/obj-x86_64-linux-gnu'
[ 16%] Built target method_cipher_test
make -f src/methods/composed_gmac/CMakeFiles/method_composed_gmac.dir/build.make src/methods/composed_gmac/CMakeFiles/method_composed_gmac.dir/depend
make[3]: Entering directory '/<<PKGBUILDDIR>>/obj-x86_64-linux-gnu'
cd /<<PKGBUILDDIR>>/obj-x86_64-linux-gnu && /usr/bin/cmake -E cmake_depends "Unix Makefiles" /<<PKGBUILDDIR>> /<<PKGBUILDDIR>>/src/methods/composed_gmac /<<PKGBUILDDIR>>/obj-x86_64-linux-gnu /<<PKGBUILDDIR>>/obj-x86_64-linux-gnu/src/methods/composed_gmac /<<PKGBUILDDIR>>/obj-x86_64-linux-gnu/src/methods/composed_gmac/CMakeFiles/method_composed_gmac.dir/DependInfo.cmake --color=
Scanning dependencies of target method_composed_gmac
make[3]: Leaving directory '/<<PKGBUILDDIR>>/obj-x86_64-linux-gnu'
make -f src/methods/composed_gmac/CMakeFiles/method_composed_gmac.dir/build.make src/methods/composed_gmac/CMakeFiles/method_composed_gmac.dir/build
make[3]: Entering directory '/<<PKGBUILDDIR>>/obj-x86_64-linux-gnu'
[ 17%] Building C object src/methods/composed_gmac/CMakeFiles/method_composed_gmac.dir/composed_gmac.c.o
cd /<<PKGBUILDDIR>>/obj-x86_64-linux-gnu/src/methods/composed_gmac && /usr/bin/cc -D_GNU_SOURCE -D__APPLE_USE_RFC_3542 -I/<<PKGBUILDDIR>> -I/<<PKGBUILDDIR>>/obj-x86_64-linux-gnu/gen  -g -O2 -fdebug-prefix-map=/<<PKGBUILDDIR>>=. -fstack-protector-strong -Wformat -Werror=format-security -fomit-frame-pointer -Wdate-time -D_FORTIFY_SOURCE=2 -O2 -g -DNDEBUG   -pthread -std=c99    -flto -Wall -o CMakeFiles/method_composed_gmac.dir/composed_gmac.c.o   -c /<<PKGBUILDDIR>>/src/methods/composed_gmac/composed_gmac.c
[ 18%] Linking C static library libmethod_composed_gmac.a
cd /<<PKGBUILDDIR>>/obj-x86_64-linux-gnu/src/methods/composed_gmac && /usr/bin/cmake -P CMakeFiles/method_composed_gmac.dir/cmake_clean_target.cmake
cd /<<PKGBUILDDIR>>/obj-x86_64-linux-gnu/src/methods/composed_gmac && /usr/bin/cmake -E cmake_link_script CMakeFiles/method_composed_gmac.dir/link.txt --verbose=1
/usr/bin/gcc-ar qc libmethod_composed_gmac.a  CMakeFiles/method_composed_gmac.dir/composed_gmac.c.o
/usr/bin/gcc-ranlib libmethod_composed_gmac.a
make[3]: Leaving directory '/<<PKGBUILDDIR>>/obj-x86_64-linux-gnu'
[ 18%] Built target method_composed_gmac
make -f src/methods/composed_umac/CMakeFiles/method_composed_umac.dir/build.make src/methods/composed_umac/CMakeFiles/method_composed_umac.dir/depend
make[3]: Entering directory '/<<PKGBUILDDIR>>/obj-x86_64-linux-gnu'
cd /<<PKGBUILDDIR>>/obj-x86_64-linux-gnu && /usr/bin/cmake -E cmake_depends "Unix Makefiles" /<<PKGBUILDDIR>> /<<PKGBUILDDIR>>/src/methods/composed_umac /<<PKGBUILDDIR>>/obj-x86_64-linux-gnu /<<PKGBUILDDIR>>/obj-x86_64-linux-gnu/src/methods/composed_umac /<<PKGBUILDDIR>>/obj-x86_64-linux-gnu/src/methods/composed_umac/CMakeFiles/method_composed_umac.dir/DependInfo.cmake --color=
Scanning dependencies of target method_composed_umac
make[3]: Leaving directory '/<<PKGBUILDDIR>>/obj-x86_64-linux-gnu'
make -f src/methods/composed_umac/CMakeFiles/method_composed_umac.dir/build.make src/methods/composed_umac/CMakeFiles/method_composed_umac.dir/build
make[3]: Entering directory '/<<PKGBUILDDIR>>/obj-x86_64-linux-gnu'
[ 19%] Building C object src/methods/composed_umac/CMakeFiles/method_composed_umac.dir/composed_umac.c.o
cd /<<PKGBUILDDIR>>/obj-x86_64-linux-gnu/src/methods/composed_umac && /usr/bin/cc -D_GNU_SOURCE -D__APPLE_USE_RFC_3542 -I/<<PKGBUILDDIR>> -I/<<PKGBUILDDIR>>/obj-x86_64-linux-gnu/gen  -g -O2 -fdebug-prefix-map=/<<PKGBUILDDIR>>=. -fstack-protector-strong -Wformat -Werror=format-security -fomit-frame-pointer -Wdate-time -D_FORTIFY_SOURCE=2 -O2 -g -DNDEBUG   -pthread -std=c99    -flto -Wall -o CMakeFiles/method_composed_umac.dir/composed_umac.c.o   -c /<<PKGBUILDDIR>>/src/methods/composed_umac/composed_umac.c
[ 20%] Linking C static library libmethod_composed_umac.a
cd /<<PKGBUILDDIR>>/obj-x86_64-linux-gnu/src/methods/composed_umac && /usr/bin/cmake -P CMakeFiles/method_composed_umac.dir/cmake_clean_target.cmake
cd /<<PKGBUILDDIR>>/obj-x86_64-linux-gnu/src/methods/composed_umac && /usr/bin/cmake -E cmake_link_script CMakeFiles/method_composed_umac.dir/link.txt --verbose=1
/usr/bin/gcc-ar qc libmethod_composed_umac.a  CMakeFiles/method_composed_umac.dir/composed_umac.c.o
/usr/bin/gcc-ranlib libmethod_composed_umac.a
make[3]: Leaving directory '/<<PKGBUILDDIR>>/obj-x86_64-linux-gnu'
[ 20%] Built target method_composed_umac
make -f src/methods/generic_gmac/CMakeFiles/method_generic_gmac.dir/build.make src/methods/generic_gmac/CMakeFiles/method_generic_gmac.dir/depend
make[3]: Entering directory '/<<PKGBUILDDIR>>/obj-x86_64-linux-gnu'
cd /<<PKGBUILDDIR>>/obj-x86_64-linux-gnu && /usr/bin/cmake -E cmake_depends "Unix Makefiles" /<<PKGBUILDDIR>> /<<PKGBUILDDIR>>/src/methods/generic_gmac /<<PKGBUILDDIR>>/obj-x86_64-linux-gnu /<<PKGBUILDDIR>>/obj-x86_64-linux-gnu/src/methods/generic_gmac /<<PKGBUILDDIR>>/obj-x86_64-linux-gnu/src/methods/generic_gmac/CMakeFiles/method_generic_gmac.dir/DependInfo.cmake --color=
Scanning dependencies of target method_generic_gmac
make[3]: Leaving directory '/<<PKGBUILDDIR>>/obj-x86_64-linux-gnu'
make -f src/methods/generic_gmac/CMakeFiles/method_generic_gmac.dir/build.make src/methods/generic_gmac/CMakeFiles/method_generic_gmac.dir/build
make[3]: Entering directory '/<<PKGBUILDDIR>>/obj-x86_64-linux-gnu'
[ 21%] Building C object src/methods/generic_gmac/CMakeFiles/method_generic_gmac.dir/generic_gmac.c.o
cd /<<PKGBUILDDIR>>/obj-x86_64-linux-gnu/src/methods/generic_gmac && /usr/bin/cc -D_GNU_SOURCE -D__APPLE_USE_RFC_3542 -I/<<PKGBUILDDIR>> -I/<<PKGBUILDDIR>>/obj-x86_64-linux-gnu/gen  -g -O2 -fdebug-prefix-map=/<<PKGBUILDDIR>>=. -fstack-protector-strong -Wformat -Werror=format-security -fomit-frame-pointer -Wdate-time -D_FORTIFY_SOURCE=2 -O2 -g -DNDEBUG   -pthread -std=c99    -flto -Wall -o CMakeFiles/method_generic_gmac.dir/generic_gmac.c.o   -c /<<PKGBUILDDIR>>/src/methods/generic_gmac/generic_gmac.c
[ 23%] Linking C static library libmethod_generic_gmac.a
cd /<<PKGBUILDDIR>>/obj-x86_64-linux-gnu/src/methods/generic_gmac && /usr/bin/cmake -P CMakeFiles/method_generic_gmac.dir/cmake_clean_target.cmake
cd /<<PKGBUILDDIR>>/obj-x86_64-linux-gnu/src/methods/generic_gmac && /usr/bin/cmake -E cmake_link_script CMakeFiles/method_generic_gmac.dir/link.txt --verbose=1
/usr/bin/gcc-ar qc libmethod_generic_gmac.a  CMakeFiles/method_generic_gmac.dir/generic_gmac.c.o
/usr/bin/gcc-ranlib libmethod_generic_gmac.a
make[3]: Leaving directory '/<<PKGBUILDDIR>>/obj-x86_64-linux-gnu'
[ 23%] Built target method_generic_gmac
make -f src/methods/generic_poly1305/CMakeFiles/method_generic_poly1305.dir/build.make src/methods/generic_poly1305/CMakeFiles/method_generic_poly1305.dir/depend
make[3]: Entering directory '/<<PKGBUILDDIR>>/obj-x86_64-linux-gnu'
cd /<<PKGBUILDDIR>>/obj-x86_64-linux-gnu && /usr/bin/cmake -E cmake_depends "Unix Makefiles" /<<PKGBUILDDIR>> /<<PKGBUILDDIR>>/src/methods/generic_poly1305 /<<PKGBUILDDIR>>/obj-x86_64-linux-gnu /<<PKGBUILDDIR>>/obj-x86_64-linux-gnu/src/methods/generic_poly1305 /<<PKGBUILDDIR>>/obj-x86_64-linux-gnu/src/methods/generic_poly1305/CMakeFiles/method_generic_poly1305.dir/DependInfo.cmake --color=
Scanning dependencies of target method_generic_poly1305
make[3]: Leaving directory '/<<PKGBUILDDIR>>/obj-x86_64-linux-gnu'
make -f src/methods/generic_poly1305/CMakeFiles/method_generic_poly1305.dir/build.make src/methods/generic_poly1305/CMakeFiles/method_generic_poly1305.dir/build
make[3]: Entering directory '/<<PKGBUILDDIR>>/obj-x86_64-linux-gnu'
[ 24%] Building C object src/methods/generic_poly1305/CMakeFiles/method_generic_poly1305.dir/generic_poly1305.c.o
cd /<<PKGBUILDDIR>>/obj-x86_64-linux-gnu/src/methods/generic_poly1305 && /usr/bin/cc -D_GNU_SOURCE -D__APPLE_USE_RFC_3542 -I/<<PKGBUILDDIR>> -I/<<PKGBUILDDIR>>/obj-x86_64-linux-gnu/gen -I/usr/include/sodium  -g -O2 -fdebug-prefix-map=/<<PKGBUILDDIR>>=. -fstack-protector-strong -Wformat -Werror=format-security -fomit-frame-pointer -Wdate-time -D_FORTIFY_SOURCE=2 -O2 -g -DNDEBUG   -pthread -std=c99    -flto -Wall -o CMakeFiles/method_generic_poly1305.dir/generic_poly1305.c.o   -c /<<PKGBUILDDIR>>/src/methods/generic_poly1305/generic_poly1305.c
[ 25%] Linking C static library libmethod_generic_poly1305.a
cd /<<PKGBUILDDIR>>/obj-x86_64-linux-gnu/src/methods/generic_poly1305 && /usr/bin/cmake -P CMakeFiles/method_generic_poly1305.dir/cmake_clean_target.cmake
cd /<<PKGBUILDDIR>>/obj-x86_64-linux-gnu/src/methods/generic_poly1305 && /usr/bin/cmake -E cmake_link_script CMakeFiles/method_generic_poly1305.dir/link.txt --verbose=1
/usr/bin/gcc-ar qc libmethod_generic_poly1305.a  CMakeFiles/method_generic_poly1305.dir/generic_poly1305.c.o
/usr/bin/gcc-ranlib libmethod_generic_poly1305.a
make[3]: Leaving directory '/<<PKGBUILDDIR>>/obj-x86_64-linux-gnu'
[ 25%] Built target method_generic_poly1305
make -f src/methods/generic_umac/CMakeFiles/method_generic_umac.dir/build.make src/methods/generic_umac/CMakeFiles/method_generic_umac.dir/depend
make[3]: Entering directory '/<<PKGBUILDDIR>>/obj-x86_64-linux-gnu'
cd /<<PKGBUILDDIR>>/obj-x86_64-linux-gnu && /usr/bin/cmake -E cmake_depends "Unix Makefiles" /<<PKGBUILDDIR>> /<<PKGBUILDDIR>>/src/methods/generic_umac /<<PKGBUILDDIR>>/obj-x86_64-linux-gnu /<<PKGBUILDDIR>>/obj-x86_64-linux-gnu/src/methods/generic_umac /<<PKGBUILDDIR>>/obj-x86_64-linux-gnu/src/methods/generic_umac/CMakeFiles/method_generic_umac.dir/DependInfo.cmake --color=
Scanning dependencies of target method_generic_umac
make[3]: Leaving directory '/<<PKGBUILDDIR>>/obj-x86_64-linux-gnu'
make -f src/methods/generic_umac/CMakeFiles/method_generic_umac.dir/build.make src/methods/generic_umac/CMakeFiles/method_generic_umac.dir/build
make[3]: Entering directory '/<<PKGBUILDDIR>>/obj-x86_64-linux-gnu'
[ 26%] Building C object src/methods/generic_umac/CMakeFiles/method_generic_umac.dir/generic_umac.c.o
cd /<<PKGBUILDDIR>>/obj-x86_64-linux-gnu/src/methods/generic_umac && /usr/bin/cc -D_GNU_SOURCE -D__APPLE_USE_RFC_3542 -I/<<PKGBUILDDIR>> -I/<<PKGBUILDDIR>>/obj-x86_64-linux-gnu/gen  -g -O2 -fdebug-prefix-map=/<<PKGBUILDDIR>>=. -fstack-protector-strong -Wformat -Werror=format-security -fomit-frame-pointer -Wdate-time -D_FORTIFY_SOURCE=2 -O2 -g -DNDEBUG   -pthread -std=c99    -flto -Wall -o CMakeFiles/method_generic_umac.dir/generic_umac.c.o   -c /<<PKGBUILDDIR>>/src/methods/generic_umac/generic_umac.c
[ 27%] Linking C static library libmethod_generic_umac.a
cd /<<PKGBUILDDIR>>/obj-x86_64-linux-gnu/src/methods/generic_umac && /usr/bin/cmake -P CMakeFiles/method_generic_umac.dir/cmake_clean_target.cmake
cd /<<PKGBUILDDIR>>/obj-x86_64-linux-gnu/src/methods/generic_umac && /usr/bin/cmake -E cmake_link_script CMakeFiles/method_generic_umac.dir/link.txt --verbose=1
/usr/bin/gcc-ar qc libmethod_generic_umac.a  CMakeFiles/method_generic_umac.dir/generic_umac.c.o
/usr/bin/gcc-ranlib libmethod_generic_umac.a
make[3]: Leaving directory '/<<PKGBUILDDIR>>/obj-x86_64-linux-gnu'
[ 27%] Built target method_generic_umac
make -f src/methods/CMakeFiles/methods.dir/build.make src/methods/CMakeFiles/methods.dir/depend
make[3]: Entering directory '/<<PKGBUILDDIR>>/obj-x86_64-linux-gnu'
cd /<<PKGBUILDDIR>>/obj-x86_64-linux-gnu && /usr/bin/cmake -E cmake_depends "Unix Makefiles" /<<PKGBUILDDIR>> /<<PKGBUILDDIR>>/src/methods /<<PKGBUILDDIR>>/obj-x86_64-linux-gnu /<<PKGBUILDDIR>>/obj-x86_64-linux-gnu/src/methods /<<PKGBUILDDIR>>/obj-x86_64-linux-gnu/src/methods/CMakeFiles/methods.dir/DependInfo.cmake --color=
Scanning dependencies of target methods
make[3]: Leaving directory '/<<PKGBUILDDIR>>/obj-x86_64-linux-gnu'
make -f src/methods/CMakeFiles/methods.dir/build.make src/methods/CMakeFiles/methods.dir/build
make[3]: Entering directory '/<<PKGBUILDDIR>>/obj-x86_64-linux-gnu'
[ 28%] Building C object src/methods/CMakeFiles/methods.dir/methods.c.o
cd /<<PKGBUILDDIR>>/obj-x86_64-linux-gnu/src/methods && /usr/bin/cc -D_GNU_SOURCE -D__APPLE_USE_RFC_3542 -I/<<PKGBUILDDIR>> -I/<<PKGBUILDDIR>>/obj-x86_64-linux-gnu/gen  -g -O2 -fdebug-prefix-map=/<<PKGBUILDDIR>>=. -fstack-protector-strong -Wformat -Werror=format-security -fomit-frame-pointer -Wdate-time -D_FORTIFY_SOURCE=2 -O2 -g -DNDEBUG   -o CMakeFiles/methods.dir/methods.c.o   -c /<<PKGBUILDDIR>>/obj-x86_64-linux-gnu/src/methods/methods.c
[ 29%] Linking C static library libmethods.a
cd /<<PKGBUILDDIR>>/obj-x86_64-linux-gnu/src/methods && /usr/bin/cmake -P CMakeFiles/methods.dir/cmake_clean_target.cmake
cd /<<PKGBUILDDIR>>/obj-x86_64-linux-gnu/src/methods && /usr/bin/cmake -E cmake_link_script CMakeFiles/methods.dir/link.txt --verbose=1
/usr/bin/gcc-ar qc libmethods.a  CMakeFiles/methods.dir/methods.c.o
/usr/bin/gcc-ranlib libmethods.a
make[3]: Leaving directory '/<<PKGBUILDDIR>>/obj-x86_64-linux-gnu'
[ 29%] Built target methods
make -f src/crypto/cipher/salsa20/nacl/CMakeFiles/cipher_salsa20_nacl.dir/build.make src/crypto/cipher/salsa20/nacl/CMakeFiles/cipher_salsa20_nacl.dir/depend
make[3]: Entering directory '/<<PKGBUILDDIR>>/obj-x86_64-linux-gnu'
cd /<<PKGBUILDDIR>>/obj-x86_64-linux-gnu && /usr/bin/cmake -E cmake_depends "Unix Makefiles" /<<PKGBUILDDIR>> /<<PKGBUILDDIR>>/src/crypto/cipher/salsa20/nacl /<<PKGBUILDDIR>>/obj-x86_64-linux-gnu /<<PKGBUILDDIR>>/obj-x86_64-linux-gnu/src/crypto/cipher/salsa20/nacl /<<PKGBUILDDIR>>/obj-x86_64-linux-gnu/src/crypto/cipher/salsa20/nacl/CMakeFiles/cipher_salsa20_nacl.dir/DependInfo.cmake --color=
Scanning dependencies of target cipher_salsa20_nacl
make[3]: Leaving directory '/<<PKGBUILDDIR>>/obj-x86_64-linux-gnu'
make -f src/crypto/cipher/salsa20/nacl/CMakeFiles/cipher_salsa20_nacl.dir/build.make src/crypto/cipher/salsa20/nacl/CMakeFiles/cipher_salsa20_nacl.dir/build
make[3]: Entering directory '/<<PKGBUILDDIR>>/obj-x86_64-linux-gnu'
[ 30%] Building C object src/crypto/cipher/salsa20/nacl/CMakeFiles/cipher_salsa20_nacl.dir/salsa20_nacl.c.o
cd /<<PKGBUILDDIR>>/obj-x86_64-linux-gnu/src/crypto/cipher/salsa20/nacl && /usr/bin/cc -D_GNU_SOURCE -D__APPLE_USE_RFC_3542 -I/<<PKGBUILDDIR>> -I/<<PKGBUILDDIR>>/obj-x86_64-linux-gnu/gen -I/usr/include/sodium  -g -O2 -fdebug-prefix-map=/<<PKGBUILDDIR>>=. -fstack-protector-strong -Wformat -Werror=format-security -fomit-frame-pointer -Wdate-time -D_FORTIFY_SOURCE=2 -O2 -g -DNDEBUG   -pthread -std=c99    -flto -Wall -o CMakeFiles/cipher_salsa20_nacl.dir/salsa20_nacl.c.o   -c /<<PKGBUILDDIR>>/src/crypto/cipher/salsa20/nacl/salsa20_nacl.c
[ 31%] Linking C static library libcipher_salsa20_nacl.a
cd /<<PKGBUILDDIR>>/obj-x86_64-linux-gnu/src/crypto/cipher/salsa20/nacl && /usr/bin/cmake -P CMakeFiles/cipher_salsa20_nacl.dir/cmake_clean_target.cmake
cd /<<PKGBUILDDIR>>/obj-x86_64-linux-gnu/src/crypto/cipher/salsa20/nacl && /usr/bin/cmake -E cmake_link_script CMakeFiles/cipher_salsa20_nacl.dir/link.txt --verbose=1
/usr/bin/gcc-ar qc libcipher_salsa20_nacl.a  CMakeFiles/cipher_salsa20_nacl.dir/salsa20_nacl.c.o
/usr/bin/gcc-ranlib libcipher_salsa20_nacl.a
make[3]: Leaving directory '/<<PKGBUILDDIR>>/obj-x86_64-linux-gnu'
[ 31%] Built target cipher_salsa20_nacl
make -f src/crypto/cipher/aes128_ctr/CMakeFiles/cipher_aes128_ctr.dir/build.make src/crypto/cipher/aes128_ctr/CMakeFiles/cipher_aes128_ctr.dir/depend
make[3]: Entering directory '/<<PKGBUILDDIR>>/obj-x86_64-linux-gnu'
cd /<<PKGBUILDDIR>>/obj-x86_64-linux-gnu && /usr/bin/cmake -E cmake_depends "Unix Makefiles" /<<PKGBUILDDIR>> /<<PKGBUILDDIR>>/src/crypto/cipher/aes128_ctr /<<PKGBUILDDIR>>/obj-x86_64-linux-gnu /<<PKGBUILDDIR>>/obj-x86_64-linux-gnu/src/crypto/cipher/aes128_ctr /<<PKGBUILDDIR>>/obj-x86_64-linux-gnu/src/crypto/cipher/aes128_ctr/CMakeFiles/cipher_aes128_ctr.dir/DependInfo.cmake --color=
Scanning dependencies of target cipher_aes128_ctr
make[3]: Leaving directory '/<<PKGBUILDDIR>>/obj-x86_64-linux-gnu'
make -f src/crypto/cipher/aes128_ctr/CMakeFiles/cipher_aes128_ctr.dir/build.make src/crypto/cipher/aes128_ctr/CMakeFiles/cipher_aes128_ctr.dir/build
make[3]: Entering directory '/<<PKGBUILDDIR>>/obj-x86_64-linux-gnu'
[ 32%] Building C object src/crypto/cipher/aes128_ctr/CMakeFiles/cipher_aes128_ctr.dir/aes128_ctr.c.o
cd /<<PKGBUILDDIR>>/obj-x86_64-linux-gnu/src/crypto/cipher/aes128_ctr && /usr/bin/cc -D_GNU_SOURCE -D__APPLE_USE_RFC_3542 -I/<<PKGBUILDDIR>> -I/<<PKGBUILDDIR>>/obj-x86_64-linux-gnu/gen  -g -O2 -fdebug-prefix-map=/<<PKGBUILDDIR>>=. -fstack-protector-strong -Wformat -Werror=format-security -fomit-frame-pointer -Wdate-time -D_FORTIFY_SOURCE=2 -O2 -g -DNDEBUG   -pthread -std=c99    -flto -Wall -o CMakeFiles/cipher_aes128_ctr.dir/aes128_ctr.c.o   -c /<<PKGBUILDDIR>>/src/crypto/cipher/aes128_ctr/aes128_ctr.c
[ 34%] Linking C static library libcipher_aes128_ctr.a
cd /<<PKGBUILDDIR>>/obj-x86_64-linux-gnu/src/crypto/cipher/aes128_ctr && /usr/bin/cmake -P CMakeFiles/cipher_aes128_ctr.dir/cmake_clean_target.cmake
cd /<<PKGBUILDDIR>>/obj-x86_64-linux-gnu/src/crypto/cipher/aes128_ctr && /usr/bin/cmake -E cmake_link_script CMakeFiles/cipher_aes128_ctr.dir/link.txt --verbose=1
/usr/bin/gcc-ar qc libcipher_aes128_ctr.a  CMakeFiles/cipher_aes128_ctr.dir/aes128_ctr.c.o
/usr/bin/gcc-ranlib libcipher_aes128_ctr.a
make[3]: Leaving directory '/<<PKGBUILDDIR>>/obj-x86_64-linux-gnu'
[ 34%] Built target cipher_aes128_ctr
make -f src/crypto/cipher/aes128_ctr/openssl/CMakeFiles/cipher_aes128_ctr_openssl.dir/build.make src/crypto/cipher/aes128_ctr/openssl/CMakeFiles/cipher_aes128_ctr_openssl.dir/depend
make[3]: Entering directory '/<<PKGBUILDDIR>>/obj-x86_64-linux-gnu'
cd /<<PKGBUILDDIR>>/obj-x86_64-linux-gnu && /usr/bin/cmake -E cmake_depends "Unix Makefiles" /<<PKGBUILDDIR>> /<<PKGBUILDDIR>>/src/crypto/cipher/aes128_ctr/openssl /<<PKGBUILDDIR>>/obj-x86_64-linux-gnu /<<PKGBUILDDIR>>/obj-x86_64-linux-gnu/src/crypto/cipher/aes128_ctr/openssl /<<PKGBUILDDIR>>/obj-x86_64-linux-gnu/src/crypto/cipher/aes128_ctr/openssl/CMakeFiles/cipher_aes128_ctr_openssl.dir/DependInfo.cmake --color=
Scanning dependencies of target cipher_aes128_ctr_openssl
make[3]: Leaving directory '/<<PKGBUILDDIR>>/obj-x86_64-linux-gnu'
make -f src/crypto/cipher/aes128_ctr/openssl/CMakeFiles/cipher_aes128_ctr_openssl.dir/build.make src/crypto/cipher/aes128_ctr/openssl/CMakeFiles/cipher_aes128_ctr_openssl.dir/build
make[3]: Entering directory '/<<PKGBUILDDIR>>/obj-x86_64-linux-gnu'
[ 35%] Building C object src/crypto/cipher/aes128_ctr/openssl/CMakeFiles/cipher_aes128_ctr_openssl.dir/aes128_ctr_openssl.c.o
cd /<<PKGBUILDDIR>>/obj-x86_64-linux-gnu/src/crypto/cipher/aes128_ctr/openssl && /usr/bin/cc -D_GNU_SOURCE -D__APPLE_USE_RFC_3542 -I/<<PKGBUILDDIR>> -I/<<PKGBUILDDIR>>/obj-x86_64-linux-gnu/gen  -g -O2 -fdebug-prefix-map=/<<PKGBUILDDIR>>=. -fstack-protector-strong -Wformat -Werror=format-security -fomit-frame-pointer -Wdate-time -D_FORTIFY_SOURCE=2 -O2 -g -DNDEBUG   -pthread -std=c99    -flto -Wall -o CMakeFiles/cipher_aes128_ctr_openssl.dir/aes128_ctr_openssl.c.o   -c /<<PKGBUILDDIR>>/src/crypto/cipher/aes128_ctr/openssl/aes128_ctr_openssl.c
[ 36%] Linking C static library libcipher_aes128_ctr_openssl.a
cd /<<PKGBUILDDIR>>/obj-x86_64-linux-gnu/src/crypto/cipher/aes128_ctr/openssl && /usr/bin/cmake -P CMakeFiles/cipher_aes128_ctr_openssl.dir/cmake_clean_target.cmake
cd /<<PKGBUILDDIR>>/obj-x86_64-linux-gnu/src/crypto/cipher/aes128_ctr/openssl && /usr/bin/cmake -E cmake_link_script CMakeFiles/cipher_aes128_ctr_openssl.dir/link.txt --verbose=1
/usr/bin/gcc-ar qc libcipher_aes128_ctr_openssl.a  CMakeFiles/cipher_aes128_ctr_openssl.dir/aes128_ctr_openssl.c.o
/usr/bin/gcc-ranlib libcipher_aes128_ctr_openssl.a
make[3]: Leaving directory '/<<PKGBUILDDIR>>/obj-x86_64-linux-gnu'
[ 36%] Built target cipher_aes128_ctr_openssl
make -f src/crypto/cipher/null/CMakeFiles/cipher_null.dir/build.make src/crypto/cipher/null/CMakeFiles/cipher_null.dir/depend
make[3]: Entering directory '/<<PKGBUILDDIR>>/obj-x86_64-linux-gnu'
cd /<<PKGBUILDDIR>>/obj-x86_64-linux-gnu && /usr/bin/cmake -E cmake_depends "Unix Makefiles" /<<PKGBUILDDIR>> /<<PKGBUILDDIR>>/src/crypto/cipher/null /<<PKGBUILDDIR>>/obj-x86_64-linux-gnu /<<PKGBUILDDIR>>/obj-x86_64-linux-gnu/src/crypto/cipher/null /<<PKGBUILDDIR>>/obj-x86_64-linux-gnu/src/crypto/cipher/null/CMakeFiles/cipher_null.dir/DependInfo.cmake --color=
Scanning dependencies of target cipher_null
make[3]: Leaving directory '/<<PKGBUILDDIR>>/obj-x86_64-linux-gnu'
make -f src/crypto/cipher/null/CMakeFiles/cipher_null.dir/build.make src/crypto/cipher/null/CMakeFiles/cipher_null.dir/build
make[3]: Entering directory '/<<PKGBUILDDIR>>/obj-x86_64-linux-gnu'
[ 37%] Building C object src/crypto/cipher/null/CMakeFiles/cipher_null.dir/null.c.o
cd /<<PKGBUILDDIR>>/obj-x86_64-linux-gnu/src/crypto/cipher/null && /usr/bin/cc -D_GNU_SOURCE -D__APPLE_USE_RFC_3542 -I/<<PKGBUILDDIR>> -I/<<PKGBUILDDIR>>/obj-x86_64-linux-gnu/gen  -g -O2 -fdebug-prefix-map=/<<PKGBUILDDIR>>=. -fstack-protector-strong -Wformat -Werror=format-security -fomit-frame-pointer -Wdate-time -D_FORTIFY_SOURCE=2 -O2 -g -DNDEBUG   -pthread -std=c99    -flto -Wall -o CMakeFiles/cipher_null.dir/null.c.o   -c /<<PKGBUILDDIR>>/src/crypto/cipher/null/null.c
[ 38%] Linking C static library libcipher_null.a
cd /<<PKGBUILDDIR>>/obj-x86_64-linux-gnu/src/crypto/cipher/null && /usr/bin/cmake -P CMakeFiles/cipher_null.dir/cmake_clean_target.cmake
cd /<<PKGBUILDDIR>>/obj-x86_64-linux-gnu/src/crypto/cipher/null && /usr/bin/cmake -E cmake_link_script CMakeFiles/cipher_null.dir/link.txt --verbose=1
/usr/bin/gcc-ar qc libcipher_null.a  CMakeFiles/cipher_null.dir/null.c.o
/usr/bin/gcc-ranlib libcipher_null.a
make[3]: Leaving directory '/<<PKGBUILDDIR>>/obj-x86_64-linux-gnu'
[ 38%] Built target cipher_null
make -f src/crypto/cipher/null/memcpy/CMakeFiles/cipher_null_memcpy.dir/build.make src/crypto/cipher/null/memcpy/CMakeFiles/cipher_null_memcpy.dir/depend
make[3]: Entering directory '/<<PKGBUILDDIR>>/obj-x86_64-linux-gnu'
cd /<<PKGBUILDDIR>>/obj-x86_64-linux-gnu && /usr/bin/cmake -E cmake_depends "Unix Makefiles" /<<PKGBUILDDIR>> /<<PKGBUILDDIR>>/src/crypto/cipher/null/memcpy /<<PKGBUILDDIR>>/obj-x86_64-linux-gnu /<<PKGBUILDDIR>>/obj-x86_64-linux-gnu/src/crypto/cipher/null/memcpy /<<PKGBUILDDIR>>/obj-x86_64-linux-gnu/src/crypto/cipher/null/memcpy/CMakeFiles/cipher_null_memcpy.dir/DependInfo.cmake --color=
Scanning dependencies of target cipher_null_memcpy
make[3]: Leaving directory '/<<PKGBUILDDIR>>/obj-x86_64-linux-gnu'
make -f src/crypto/cipher/null/memcpy/CMakeFiles/cipher_null_memcpy.dir/build.make src/crypto/cipher/null/memcpy/CMakeFiles/cipher_null_memcpy.dir/build
make[3]: Entering directory '/<<PKGBUILDDIR>>/obj-x86_64-linux-gnu'
[ 39%] Building C object src/crypto/cipher/null/memcpy/CMakeFiles/cipher_null_memcpy.dir/null_memcpy.c.o
cd /<<PKGBUILDDIR>>/obj-x86_64-linux-gnu/src/crypto/cipher/null/memcpy && /usr/bin/cc -D_GNU_SOURCE -D__APPLE_USE_RFC_3542 -I/<<PKGBUILDDIR>> -I/<<PKGBUILDDIR>>/obj-x86_64-linux-gnu/gen  -g -O2 -fdebug-prefix-map=/<<PKGBUILDDIR>>=. -fstack-protector-strong -Wformat -Werror=format-security -fomit-frame-pointer -Wdate-time -D_FORTIFY_SOURCE=2 -O2 -g -DNDEBUG   -pthread -std=c99    -flto -Wall -o CMakeFiles/cipher_null_memcpy.dir/null_memcpy.c.o   -c /<<PKGBUILDDIR>>/src/crypto/cipher/null/memcpy/null_memcpy.c
[ 40%] Linking C static library libcipher_null_memcpy.a
cd /<<PKGBUILDDIR>>/obj-x86_64-linux-gnu/src/crypto/cipher/null/memcpy && /usr/bin/cmake -P CMakeFiles/cipher_null_memcpy.dir/cmake_clean_target.cmake
cd /<<PKGBUILDDIR>>/obj-x86_64-linux-gnu/src/crypto/cipher/null/memcpy && /usr/bin/cmake -E cmake_link_script CMakeFiles/cipher_null_memcpy.dir/link.txt --verbose=1
/usr/bin/gcc-ar qc libcipher_null_memcpy.a  CMakeFiles/cipher_null_memcpy.dir/null_memcpy.c.o
/usr/bin/gcc-ranlib libcipher_null_memcpy.a
make[3]: Leaving directory '/<<PKGBUILDDIR>>/obj-x86_64-linux-gnu'
[ 40%] Built target cipher_null_memcpy
make -f src/crypto/cipher/salsa2012/CMakeFiles/cipher_salsa2012.dir/build.make src/crypto/cipher/salsa2012/CMakeFiles/cipher_salsa2012.dir/depend
make[3]: Entering directory '/<<PKGBUILDDIR>>/obj-x86_64-linux-gnu'
cd /<<PKGBUILDDIR>>/obj-x86_64-linux-gnu && /usr/bin/cmake -E cmake_depends "Unix Makefiles" /<<PKGBUILDDIR>> /<<PKGBUILDDIR>>/src/crypto/cipher/salsa2012 /<<PKGBUILDDIR>>/obj-x86_64-linux-gnu /<<PKGBUILDDIR>>/obj-x86_64-linux-gnu/src/crypto/cipher/salsa2012 /<<PKGBUILDDIR>>/obj-x86_64-linux-gnu/src/crypto/cipher/salsa2012/CMakeFiles/cipher_salsa2012.dir/DependInfo.cmake --color=
Scanning dependencies of target cipher_salsa2012
make[3]: Leaving directory '/<<PKGBUILDDIR>>/obj-x86_64-linux-gnu'
make -f src/crypto/cipher/salsa2012/CMakeFiles/cipher_salsa2012.dir/build.make src/crypto/cipher/salsa2012/CMakeFiles/cipher_salsa2012.dir/build
make[3]: Entering directory '/<<PKGBUILDDIR>>/obj-x86_64-linux-gnu'
[ 41%] Building C object src/crypto/cipher/salsa2012/CMakeFiles/cipher_salsa2012.dir/salsa2012.c.o
cd /<<PKGBUILDDIR>>/obj-x86_64-linux-gnu/src/crypto/cipher/salsa2012 && /usr/bin/cc -D_GNU_SOURCE -D__APPLE_USE_RFC_3542 -I/<<PKGBUILDDIR>> -I/<<PKGBUILDDIR>>/obj-x86_64-linux-gnu/gen  -g -O2 -fdebug-prefix-map=/<<PKGBUILDDIR>>=. -fstack-protector-strong -Wformat -Werror=format-security -fomit-frame-pointer -Wdate-time -D_FORTIFY_SOURCE=2 -O2 -g -DNDEBUG   -pthread -std=c99    -flto -Wall -o CMakeFiles/cipher_salsa2012.dir/salsa2012.c.o   -c /<<PKGBUILDDIR>>/src/crypto/cipher/salsa2012/salsa2012.c
[ 42%] Linking C static library libcipher_salsa2012.a
cd /<<PKGBUILDDIR>>/obj-x86_64-linux-gnu/src/crypto/cipher/salsa2012 && /usr/bin/cmake -P CMakeFiles/cipher_salsa2012.dir/cmake_clean_target.cmake
cd /<<PKGBUILDDIR>>/obj-x86_64-linux-gnu/src/crypto/cipher/salsa2012 && /usr/bin/cmake -E cmake_link_script CMakeFiles/cipher_salsa2012.dir/link.txt --verbose=1
/usr/bin/gcc-ar qc libcipher_salsa2012.a  CMakeFiles/cipher_salsa2012.dir/salsa2012.c.o
/usr/bin/gcc-ranlib libcipher_salsa2012.a
make[3]: Leaving directory '/<<PKGBUILDDIR>>/obj-x86_64-linux-gnu'
[ 42%] Built target cipher_salsa2012
make -f src/crypto/cipher/salsa2012/xmm/CMakeFiles/cipher_salsa2012_xmm.dir/build.make src/crypto/cipher/salsa2012/xmm/CMakeFiles/cipher_salsa2012_xmm.dir/depend
make[3]: Entering directory '/<<PKGBUILDDIR>>/obj-x86_64-linux-gnu'
cd /<<PKGBUILDDIR>>/obj-x86_64-linux-gnu && /usr/bin/cmake -E cmake_depends "Unix Makefiles" /<<PKGBUILDDIR>> /<<PKGBUILDDIR>>/src/crypto/cipher/salsa2012/xmm /<<PKGBUILDDIR>>/obj-x86_64-linux-gnu /<<PKGBUILDDIR>>/obj-x86_64-linux-gnu/src/crypto/cipher/salsa2012/xmm /<<PKGBUILDDIR>>/obj-x86_64-linux-gnu/src/crypto/cipher/salsa2012/xmm/CMakeFiles/cipher_salsa2012_xmm.dir/DependInfo.cmake --color=
Scanning dependencies of target cipher_salsa2012_xmm
make[3]: Leaving directory '/<<PKGBUILDDIR>>/obj-x86_64-linux-gnu'
make -f src/crypto/cipher/salsa2012/xmm/CMakeFiles/cipher_salsa2012_xmm.dir/build.make src/crypto/cipher/salsa2012/xmm/CMakeFiles/cipher_salsa2012_xmm.dir/build
make[3]: Entering directory '/<<PKGBUILDDIR>>/obj-x86_64-linux-gnu'
[ 43%] Building C object src/crypto/cipher/salsa2012/xmm/CMakeFiles/cipher_salsa2012_xmm.dir/salsa2012_xmm.c.o
cd /<<PKGBUILDDIR>>/obj-x86_64-linux-gnu/src/crypto/cipher/salsa2012/xmm && /usr/bin/cc -D_GNU_SOURCE -D__APPLE_USE_RFC_3542 -I/<<PKGBUILDDIR>> -I/<<PKGBUILDDIR>>/obj-x86_64-linux-gnu/gen  -g -O2 -fdebug-prefix-map=/<<PKGBUILDDIR>>=. -fstack-protector-strong -Wformat -Werror=format-security -fomit-frame-pointer -Wdate-time -D_FORTIFY_SOURCE=2 -O2 -g -DNDEBUG   -pthread -std=c99    -flto -Wall -o CMakeFiles/cipher_salsa2012_xmm.dir/salsa2012_xmm.c.o   -c /<<PKGBUILDDIR>>/src/crypto/cipher/salsa2012/xmm/salsa2012_xmm.c
[ 45%] Building ASM object src/crypto/cipher/salsa2012/xmm/CMakeFiles/cipher_salsa2012_xmm.dir/salsa2012_amd64_xmm6.s.o
cd /<<PKGBUILDDIR>>/obj-x86_64-linux-gnu/src/crypto/cipher/salsa2012/xmm && /usr/bin/cc -D_GNU_SOURCE -D__APPLE_USE_RFC_3542 -I/<<PKGBUILDDIR>> -I/<<PKGBUILDDIR>>/obj-x86_64-linux-gnu/gen  -O2 -g -DNDEBUG   -pthread -std=c99    -flto -Wall -o CMakeFiles/cipher_salsa2012_xmm.dir/salsa2012_amd64_xmm6.s.o -c /<<PKGBUILDDIR>>/src/crypto/cipher/salsa2012/xmm/salsa2012_amd64_xmm6.s
clang: warning: argument unused during compilation: '-D _GNU_SOURCE' [-Wunused-command-line-argument]
clang: warning: argument unused during compilation: '-D __APPLE_USE_RFC_3542' [-Wunused-command-line-argument]
clang: warning: argument unused during compilation: '-D NDEBUG' [-Wunused-command-line-argument]
clang: warning: argument unused during compilation: '-pthread' [-Wunused-command-line-argument]
clang: warning: argument unused during compilation: '-std=c99' [-Wunused-command-line-argument]
[ 46%] Linking C static library libcipher_salsa2012_xmm.a
cd /<<PKGBUILDDIR>>/obj-x86_64-linux-gnu/src/crypto/cipher/salsa2012/xmm && /usr/bin/cmake -P CMakeFiles/cipher_salsa2012_xmm.dir/cmake_clean_target.cmake
cd /<<PKGBUILDDIR>>/obj-x86_64-linux-gnu/src/crypto/cipher/salsa2012/xmm && /usr/bin/cmake -E cmake_link_script CMakeFiles/cipher_salsa2012_xmm.dir/link.txt --verbose=1
/usr/bin/gcc-ar qc libcipher_salsa2012_xmm.a  CMakeFiles/cipher_salsa2012_xmm.dir/salsa2012_xmm.c.o CMakeFiles/cipher_salsa2012_xmm.dir/salsa2012_amd64_xmm6.s.o
/usr/bin/gcc-ranlib libcipher_salsa2012_xmm.a
make[3]: Leaving directory '/<<PKGBUILDDIR>>/obj-x86_64-linux-gnu'
[ 46%] Built target cipher_salsa2012_xmm
make -f src/crypto/cipher/salsa2012/nacl/CMakeFiles/cipher_salsa2012_nacl.dir/build.make src/crypto/cipher/salsa2012/nacl/CMakeFiles/cipher_salsa2012_nacl.dir/depend
make[3]: Entering directory '/<<PKGBUILDDIR>>/obj-x86_64-linux-gnu'
cd /<<PKGBUILDDIR>>/obj-x86_64-linux-gnu && /usr/bin/cmake -E cmake_depends "Unix Makefiles" /<<PKGBUILDDIR>> /<<PKGBUILDDIR>>/src/crypto/cipher/salsa2012/nacl /<<PKGBUILDDIR>>/obj-x86_64-linux-gnu /<<PKGBUILDDIR>>/obj-x86_64-linux-gnu/src/crypto/cipher/salsa2012/nacl /<<PKGBUILDDIR>>/obj-x86_64-linux-gnu/src/crypto/cipher/salsa2012/nacl/CMakeFiles/cipher_salsa2012_nacl.dir/DependInfo.cmake --color=
Scanning dependencies of target cipher_salsa2012_nacl
make[3]: Leaving directory '/<<PKGBUILDDIR>>/obj-x86_64-linux-gnu'
make -f src/crypto/cipher/salsa2012/nacl/CMakeFiles/cipher_salsa2012_nacl.dir/build.make src/crypto/cipher/salsa2012/nacl/CMakeFiles/cipher_salsa2012_nacl.dir/build
make[3]: Entering directory '/<<PKGBUILDDIR>>/obj-x86_64-linux-gnu'
[ 47%] Building C object src/crypto/cipher/salsa2012/nacl/CMakeFiles/cipher_salsa2012_nacl.dir/salsa2012_nacl.c.o
cd /<<PKGBUILDDIR>>/obj-x86_64-linux-gnu/src/crypto/cipher/salsa2012/nacl && /usr/bin/cc -D_GNU_SOURCE -D__APPLE_USE_RFC_3542 -I/<<PKGBUILDDIR>> -I/<<PKGBUILDDIR>>/obj-x86_64-linux-gnu/gen -I/usr/include/sodium  -g -O2 -fdebug-prefix-map=/<<PKGBUILDDIR>>=. -fstack-protector-strong -Wformat -Werror=format-security -fomit-frame-pointer -Wdate-time -D_FORTIFY_SOURCE=2 -O2 -g -DNDEBUG   -pthread -std=c99    -flto -Wall -o CMakeFiles/cipher_salsa2012_nacl.dir/salsa2012_nacl.c.o   -c /<<PKGBUILDDIR>>/src/crypto/cipher/salsa2012/nacl/salsa2012_nacl.c
[ 48%] Linking C static library libcipher_salsa2012_nacl.a
cd /<<PKGBUILDDIR>>/obj-x86_64-linux-gnu/src/crypto/cipher/salsa2012/nacl && /usr/bin/cmake -P CMakeFiles/cipher_salsa2012_nacl.dir/cmake_clean_target.cmake
cd /<<PKGBUILDDIR>>/obj-x86_64-linux-gnu/src/crypto/cipher/salsa2012/nacl && /usr/bin/cmake -E cmake_link_script CMakeFiles/cipher_salsa2012_nacl.dir/link.txt --verbose=1
/usr/bin/gcc-ar qc libcipher_salsa2012_nacl.a  CMakeFiles/cipher_salsa2012_nacl.dir/salsa2012_nacl.c.o
/usr/bin/gcc-ranlib libcipher_salsa2012_nacl.a
make[3]: Leaving directory '/<<PKGBUILDDIR>>/obj-x86_64-linux-gnu'
[ 48%] Built target cipher_salsa2012_nacl
make -f src/crypto/cipher/salsa20/CMakeFiles/cipher_salsa20.dir/build.make src/crypto/cipher/salsa20/CMakeFiles/cipher_salsa20.dir/depend
make[3]: Entering directory '/<<PKGBUILDDIR>>/obj-x86_64-linux-gnu'
cd /<<PKGBUILDDIR>>/obj-x86_64-linux-gnu && /usr/bin/cmake -E cmake_depends "Unix Makefiles" /<<PKGBUILDDIR>> /<<PKGBUILDDIR>>/src/crypto/cipher/salsa20 /<<PKGBUILDDIR>>/obj-x86_64-linux-gnu /<<PKGBUILDDIR>>/obj-x86_64-linux-gnu/src/crypto/cipher/salsa20 /<<PKGBUILDDIR>>/obj-x86_64-linux-gnu/src/crypto/cipher/salsa20/CMakeFiles/cipher_salsa20.dir/DependInfo.cmake --color=
Scanning dependencies of target cipher_salsa20
make[3]: Leaving directory '/<<PKGBUILDDIR>>/obj-x86_64-linux-gnu'
make -f src/crypto/cipher/salsa20/CMakeFiles/cipher_salsa20.dir/build.make src/crypto/cipher/salsa20/CMakeFiles/cipher_salsa20.dir/build
make[3]: Entering directory '/<<PKGBUILDDIR>>/obj-x86_64-linux-gnu'
[ 49%] Building C object src/crypto/cipher/salsa20/CMakeFiles/cipher_salsa20.dir/salsa20.c.o
cd /<<PKGBUILDDIR>>/obj-x86_64-linux-gnu/src/crypto/cipher/salsa20 && /usr/bin/cc -D_GNU_SOURCE -D__APPLE_USE_RFC_3542 -I/<<PKGBUILDDIR>> -I/<<PKGBUILDDIR>>/obj-x86_64-linux-gnu/gen  -g -O2 -fdebug-prefix-map=/<<PKGBUILDDIR>>=. -fstack-protector-strong -Wformat -Werror=format-security -fomit-frame-pointer -Wdate-time -D_FORTIFY_SOURCE=2 -O2 -g -DNDEBUG   -pthread -std=c99    -flto -Wall -o CMakeFiles/cipher_salsa20.dir/salsa20.c.o   -c /<<PKGBUILDDIR>>/src/crypto/cipher/salsa20/salsa20.c
[ 50%] Linking C static library libcipher_salsa20.a
cd /<<PKGBUILDDIR>>/obj-x86_64-linux-gnu/src/crypto/cipher/salsa20 && /usr/bin/cmake -P CMakeFiles/cipher_salsa20.dir/cmake_clean_target.cmake
cd /<<PKGBUILDDIR>>/obj-x86_64-linux-gnu/src/crypto/cipher/salsa20 && /usr/bin/cmake -E cmake_link_script CMakeFiles/cipher_salsa20.dir/link.txt --verbose=1
/usr/bin/gcc-ar qc libcipher_salsa20.a  CMakeFiles/cipher_salsa20.dir/salsa20.c.o
/usr/bin/gcc-ranlib libcipher_salsa20.a
make[3]: Leaving directory '/<<PKGBUILDDIR>>/obj-x86_64-linux-gnu'
[ 50%] Built target cipher_salsa20
make -f src/crypto/cipher/salsa20/xmm/CMakeFiles/cipher_salsa20_xmm.dir/build.make src/crypto/cipher/salsa20/xmm/CMakeFiles/cipher_salsa20_xmm.dir/depend
make[3]: Entering directory '/<<PKGBUILDDIR>>/obj-x86_64-linux-gnu'
cd /<<PKGBUILDDIR>>/obj-x86_64-linux-gnu && /usr/bin/cmake -E cmake_depends "Unix Makefiles" /<<PKGBUILDDIR>> /<<PKGBUILDDIR>>/src/crypto/cipher/salsa20/xmm /<<PKGBUILDDIR>>/obj-x86_64-linux-gnu /<<PKGBUILDDIR>>/obj-x86_64-linux-gnu/src/crypto/cipher/salsa20/xmm /<<PKGBUILDDIR>>/obj-x86_64-linux-gnu/src/crypto/cipher/salsa20/xmm/CMakeFiles/cipher_salsa20_xmm.dir/DependInfo.cmake --color=
Scanning dependencies of target cipher_salsa20_xmm
make[3]: Leaving directory '/<<PKGBUILDDIR>>/obj-x86_64-linux-gnu'
make -f src/crypto/cipher/salsa20/xmm/CMakeFiles/cipher_salsa20_xmm.dir/build.make src/crypto/cipher/salsa20/xmm/CMakeFiles/cipher_salsa20_xmm.dir/build
make[3]: Entering directory '/<<PKGBUILDDIR>>/obj-x86_64-linux-gnu'
[ 51%] Building C object src/crypto/cipher/salsa20/xmm/CMakeFiles/cipher_salsa20_xmm.dir/salsa20_xmm.c.o
cd /<<PKGBUILDDIR>>/obj-x86_64-linux-gnu/src/crypto/cipher/salsa20/xmm && /usr/bin/cc -D_GNU_SOURCE -D__APPLE_USE_RFC_3542 -I/<<PKGBUILDDIR>> -I/<<PKGBUILDDIR>>/obj-x86_64-linux-gnu/gen  -g -O2 -fdebug-prefix-map=/<<PKGBUILDDIR>>=. -fstack-protector-strong -Wformat -Werror=format-security -fomit-frame-pointer -Wdate-time -D_FORTIFY_SOURCE=2 -O2 -g -DNDEBUG   -pthread -std=c99    -flto -Wall -o CMakeFiles/cipher_salsa20_xmm.dir/salsa20_xmm.c.o   -c /<<PKGBUILDDIR>>/src/crypto/cipher/salsa20/xmm/salsa20_xmm.c
[ 52%] Building ASM object src/crypto/cipher/salsa20/xmm/CMakeFiles/cipher_salsa20_xmm.dir/salsa20_amd64_xmm6.s.o
cd /<<PKGBUILDDIR>>/obj-x86_64-linux-gnu/src/crypto/cipher/salsa20/xmm && /usr/bin/cc -D_GNU_SOURCE -D__APPLE_USE_RFC_3542 -I/<<PKGBUILDDIR>> -I/<<PKGBUILDDIR>>/obj-x86_64-linux-gnu/gen  -O2 -g -DNDEBUG   -pthread -std=c99    -flto -Wall -o CMakeFiles/cipher_salsa20_xmm.dir/salsa20_amd64_xmm6.s.o -c /<<PKGBUILDDIR>>/src/crypto/cipher/salsa20/xmm/salsa20_amd64_xmm6.s
clang: warning: argument unused during compilation: '-D _GNU_SOURCE' [-Wunused-command-line-argument]
clang: warning: argument unused during compilation: '-D __APPLE_USE_RFC_3542' [-Wunused-command-line-argument]
clang: warning: argument unused during compilation: '-D NDEBUG' [-Wunused-command-line-argument]
clang: warning: argument unused during compilation: '-pthread' [-Wunused-command-line-argument]
clang: warning: argument unused during compilation: '-std=c99' [-Wunused-command-line-argument]
[ 53%] Linking C static library libcipher_salsa20_xmm.a
cd /<<PKGBUILDDIR>>/obj-x86_64-linux-gnu/src/crypto/cipher/salsa20/xmm && /usr/bin/cmake -P CMakeFiles/cipher_salsa20_xmm.dir/cmake_clean_target.cmake
cd /<<PKGBUILDDIR>>/obj-x86_64-linux-gnu/src/crypto/cipher/salsa20/xmm && /usr/bin/cmake -E cmake_link_script CMakeFiles/cipher_salsa20_xmm.dir/link.txt --verbose=1
/usr/bin/gcc-ar qc libcipher_salsa20_xmm.a  CMakeFiles/cipher_salsa20_xmm.dir/salsa20_xmm.c.o CMakeFiles/cipher_salsa20_xmm.dir/salsa20_amd64_xmm6.s.o
/usr/bin/gcc-ranlib libcipher_salsa20_xmm.a
make[3]: Leaving directory '/<<PKGBUILDDIR>>/obj-x86_64-linux-gnu'
[ 53%] Built target cipher_salsa20_xmm
make -f src/crypto/cipher/CMakeFiles/ciphers.dir/build.make src/crypto/cipher/CMakeFiles/ciphers.dir/depend
make[3]: Entering directory '/<<PKGBUILDDIR>>/obj-x86_64-linux-gnu'
cd /<<PKGBUILDDIR>>/obj-x86_64-linux-gnu && /usr/bin/cmake -E cmake_depends "Unix Makefiles" /<<PKGBUILDDIR>> /<<PKGBUILDDIR>>/src/crypto/cipher /<<PKGBUILDDIR>>/obj-x86_64-linux-gnu /<<PKGBUILDDIR>>/obj-x86_64-linux-gnu/src/crypto/cipher /<<PKGBUILDDIR>>/obj-x86_64-linux-gnu/src/crypto/cipher/CMakeFiles/ciphers.dir/DependInfo.cmake --color=
Scanning dependencies of target ciphers
make[3]: Leaving directory '/<<PKGBUILDDIR>>/obj-x86_64-linux-gnu'
make -f src/crypto/cipher/CMakeFiles/ciphers.dir/build.make src/crypto/cipher/CMakeFiles/ciphers.dir/build
make[3]: Entering directory '/<<PKGBUILDDIR>>/obj-x86_64-linux-gnu'
[ 54%] Building C object src/crypto/cipher/CMakeFiles/ciphers.dir/ciphers.c.o
cd /<<PKGBUILDDIR>>/obj-x86_64-linux-gnu/src/crypto/cipher && /usr/bin/cc -D_GNU_SOURCE -D__APPLE_USE_RFC_3542 -I/<<PKGBUILDDIR>> -I/<<PKGBUILDDIR>>/obj-x86_64-linux-gnu/gen  -g -O2 -fdebug-prefix-map=/<<PKGBUILDDIR>>=. -fstack-protector-strong -Wformat -Werror=format-security -fomit-frame-pointer -Wdate-time -D_FORTIFY_SOURCE=2 -O2 -g -DNDEBUG   -o CMakeFiles/ciphers.dir/ciphers.c.o   -c /<<PKGBUILDDIR>>/obj-x86_64-linux-gnu/src/crypto/cipher/ciphers.c
[ 56%] Linking C static library libciphers.a
cd /<<PKGBUILDDIR>>/obj-x86_64-linux-gnu/src/crypto/cipher && /usr/bin/cmake -P CMakeFiles/ciphers.dir/cmake_clean_target.cmake
cd /<<PKGBUILDDIR>>/obj-x86_64-linux-gnu/src/crypto/cipher && /usr/bin/cmake -E cmake_link_script CMakeFiles/ciphers.dir/link.txt --verbose=1
/usr/bin/gcc-ar qc libciphers.a  CMakeFiles/ciphers.dir/ciphers.c.o
/usr/bin/gcc-ranlib libciphers.a
make[3]: Leaving directory '/<<PKGBUILDDIR>>/obj-x86_64-linux-gnu'
[ 56%] Built target ciphers
make -f src/crypto/mac/ghash/CMakeFiles/mac_ghash.dir/build.make src/crypto/mac/ghash/CMakeFiles/mac_ghash.dir/depend
make[3]: Entering directory '/<<PKGBUILDDIR>>/obj-x86_64-linux-gnu'
cd /<<PKGBUILDDIR>>/obj-x86_64-linux-gnu && /usr/bin/cmake -E cmake_depends "Unix Makefiles" /<<PKGBUILDDIR>> /<<PKGBUILDDIR>>/src/crypto/mac/ghash /<<PKGBUILDDIR>>/obj-x86_64-linux-gnu /<<PKGBUILDDIR>>/obj-x86_64-linux-gnu/src/crypto/mac/ghash /<<PKGBUILDDIR>>/obj-x86_64-linux-gnu/src/crypto/mac/ghash/CMakeFiles/mac_ghash.dir/DependInfo.cmake --color=
Scanning dependencies of target mac_ghash
make[3]: Leaving directory '/<<PKGBUILDDIR>>/obj-x86_64-linux-gnu'
make -f src/crypto/mac/ghash/CMakeFiles/mac_ghash.dir/build.make src/crypto/mac/ghash/CMakeFiles/mac_ghash.dir/build
make[3]: Entering directory '/<<PKGBUILDDIR>>/obj-x86_64-linux-gnu'
[ 57%] Building C object src/crypto/mac/ghash/CMakeFiles/mac_ghash.dir/ghash.c.o
cd /<<PKGBUILDDIR>>/obj-x86_64-linux-gnu/src/crypto/mac/ghash && /usr/bin/cc -D_GNU_SOURCE -D__APPLE_USE_RFC_3542 -I/<<PKGBUILDDIR>> -I/<<PKGBUILDDIR>>/obj-x86_64-linux-gnu/gen  -g -O2 -fdebug-prefix-map=/<<PKGBUILDDIR>>=. -fstack-protector-strong -Wformat -Werror=format-security -fomit-frame-pointer -Wdate-time -D_FORTIFY_SOURCE=2 -O2 -g -DNDEBUG   -pthread -std=c99    -flto -Wall -o CMakeFiles/mac_ghash.dir/ghash.c.o   -c /<<PKGBUILDDIR>>/src/crypto/mac/ghash/ghash.c
[ 58%] Linking C static library libmac_ghash.a
cd /<<PKGBUILDDIR>>/obj-x86_64-linux-gnu/src/crypto/mac/ghash && /usr/bin/cmake -P CMakeFiles/mac_ghash.dir/cmake_clean_target.cmake
cd /<<PKGBUILDDIR>>/obj-x86_64-linux-gnu/src/crypto/mac/ghash && /usr/bin/cmake -E cmake_link_script CMakeFiles/mac_ghash.dir/link.txt --verbose=1
/usr/bin/gcc-ar qc libmac_ghash.a  CMakeFiles/mac_ghash.dir/ghash.c.o
/usr/bin/gcc-ranlib libmac_ghash.a
make[3]: Leaving directory '/<<PKGBUILDDIR>>/obj-x86_64-linux-gnu'
[ 58%] Built target mac_ghash
make -f src/crypto/mac/ghash/pclmulqdq/CMakeFiles/mac_ghash_pclmulqdq.dir/build.make src/crypto/mac/ghash/pclmulqdq/CMakeFiles/mac_ghash_pclmulqdq.dir/depend
make[3]: Entering directory '/<<PKGBUILDDIR>>/obj-x86_64-linux-gnu'
cd /<<PKGBUILDDIR>>/obj-x86_64-linux-gnu && /usr/bin/cmake -E cmake_depends "Unix Makefiles" /<<PKGBUILDDIR>> /<<PKGBUILDDIR>>/src/crypto/mac/ghash/pclmulqdq /<<PKGBUILDDIR>>/obj-x86_64-linux-gnu /<<PKGBUILDDIR>>/obj-x86_64-linux-gnu/src/crypto/mac/ghash/pclmulqdq /<<PKGBUILDDIR>>/obj-x86_64-linux-gnu/src/crypto/mac/ghash/pclmulqdq/CMakeFiles/mac_ghash_pclmulqdq.dir/DependInfo.cmake --color=
Scanning dependencies of target mac_ghash_pclmulqdq
make[3]: Leaving directory '/<<PKGBUILDDIR>>/obj-x86_64-linux-gnu'
make -f src/crypto/mac/ghash/pclmulqdq/CMakeFiles/mac_ghash_pclmulqdq.dir/build.make src/crypto/mac/ghash/pclmulqdq/CMakeFiles/mac_ghash_pclmulqdq.dir/build
make[3]: Entering directory '/<<PKGBUILDDIR>>/obj-x86_64-linux-gnu'
[ 59%] Building C object src/crypto/mac/ghash/pclmulqdq/CMakeFiles/mac_ghash_pclmulqdq.dir/ghash_pclmulqdq.c.o
cd /<<PKGBUILDDIR>>/obj-x86_64-linux-gnu/src/crypto/mac/ghash/pclmulqdq && /usr/bin/cc -D_GNU_SOURCE -D__APPLE_USE_RFC_3542 -I/<<PKGBUILDDIR>> -I/<<PKGBUILDDIR>>/obj-x86_64-linux-gnu/gen  -g -O2 -fdebug-prefix-map=/<<PKGBUILDDIR>>=. -fstack-protector-strong -Wformat -Werror=format-security -fomit-frame-pointer -Wdate-time -D_FORTIFY_SOURCE=2 -O2 -g -DNDEBUG   -pthread -std=c99    -flto -Wall -o CMakeFiles/mac_ghash_pclmulqdq.dir/ghash_pclmulqdq.c.o   -c /<<PKGBUILDDIR>>/src/crypto/mac/ghash/pclmulqdq/ghash_pclmulqdq.c
[ 60%] Building C object src/crypto/mac/ghash/pclmulqdq/CMakeFiles/mac_ghash_pclmulqdq.dir/ghash_pclmulqdq_impl.c.o
cd /<<PKGBUILDDIR>>/obj-x86_64-linux-gnu/src/crypto/mac/ghash/pclmulqdq && /usr/bin/cc -D_GNU_SOURCE -D__APPLE_USE_RFC_3542 -I/<<PKGBUILDDIR>> -I/<<PKGBUILDDIR>>/obj-x86_64-linux-gnu/gen  -g -O2 -fdebug-prefix-map=/<<PKGBUILDDIR>>=. -fstack-protector-strong -Wformat -Werror=format-security -fomit-frame-pointer -Wdate-time -D_FORTIFY_SOURCE=2 -O2 -g -DNDEBUG   -pthread -std=c99    -flto -Wall -mssse3 -mpclmul -fno-lto -o CMakeFiles/mac_ghash_pclmulqdq.dir/ghash_pclmulqdq_impl.c.o   -c /<<PKGBUILDDIR>>/src/crypto/mac/ghash/pclmulqdq/ghash_pclmulqdq_impl.c
[ 61%] Linking C static library libmac_ghash_pclmulqdq.a
cd /<<PKGBUILDDIR>>/obj-x86_64-linux-gnu/src/crypto/mac/ghash/pclmulqdq && /usr/bin/cmake -P CMakeFiles/mac_ghash_pclmulqdq.dir/cmake_clean_target.cmake
cd /<<PKGBUILDDIR>>/obj-x86_64-linux-gnu/src/crypto/mac/ghash/pclmulqdq && /usr/bin/cmake -E cmake_link_script CMakeFiles/mac_ghash_pclmulqdq.dir/link.txt --verbose=1
/usr/bin/gcc-ar qc libmac_ghash_pclmulqdq.a  CMakeFiles/mac_ghash_pclmulqdq.dir/ghash_pclmulqdq.c.o CMakeFiles/mac_ghash_pclmulqdq.dir/ghash_pclmulqdq_impl.c.o
/usr/bin/gcc-ranlib libmac_ghash_pclmulqdq.a
make[3]: Leaving directory '/<<PKGBUILDDIR>>/obj-x86_64-linux-gnu'
[ 61%] Built target mac_ghash_pclmulqdq
make -f src/crypto/mac/ghash/builtin/CMakeFiles/mac_ghash_builtin.dir/build.make src/crypto/mac/ghash/builtin/CMakeFiles/mac_ghash_builtin.dir/depend
make[3]: Entering directory '/<<PKGBUILDDIR>>/obj-x86_64-linux-gnu'
cd /<<PKGBUILDDIR>>/obj-x86_64-linux-gnu && /usr/bin/cmake -E cmake_depends "Unix Makefiles" /<<PKGBUILDDIR>> /<<PKGBUILDDIR>>/src/crypto/mac/ghash/builtin /<<PKGBUILDDIR>>/obj-x86_64-linux-gnu /<<PKGBUILDDIR>>/obj-x86_64-linux-gnu/src/crypto/mac/ghash/builtin /<<PKGBUILDDIR>>/obj-x86_64-linux-gnu/src/crypto/mac/ghash/builtin/CMakeFiles/mac_ghash_builtin.dir/DependInfo.cmake --color=
Scanning dependencies of target mac_ghash_builtin
make[3]: Leaving directory '/<<PKGBUILDDIR>>/obj-x86_64-linux-gnu'
make -f src/crypto/mac/ghash/builtin/CMakeFiles/mac_ghash_builtin.dir/build.make src/crypto/mac/ghash/builtin/CMakeFiles/mac_ghash_builtin.dir/build
make[3]: Entering directory '/<<PKGBUILDDIR>>/obj-x86_64-linux-gnu'
[ 62%] Building C object src/crypto/mac/ghash/builtin/CMakeFiles/mac_ghash_builtin.dir/ghash_builtin.c.o
cd /<<PKGBUILDDIR>>/obj-x86_64-linux-gnu/src/crypto/mac/ghash/builtin && /usr/bin/cc -D_GNU_SOURCE -D__APPLE_USE_RFC_3542 -I/<<PKGBUILDDIR>> -I/<<PKGBUILDDIR>>/obj-x86_64-linux-gnu/gen  -g -O2 -fdebug-prefix-map=/<<PKGBUILDDIR>>=. -fstack-protector-strong -Wformat -Werror=format-security -fomit-frame-pointer -Wdate-time -D_FORTIFY_SOURCE=2 -O2 -g -DNDEBUG   -pthread -std=c99    -flto -Wall -o CMakeFiles/mac_ghash_builtin.dir/ghash_builtin.c.o   -c /<<PKGBUILDDIR>>/src/crypto/mac/ghash/builtin/ghash_builtin.c
[ 63%] Linking C static library libmac_ghash_builtin.a
cd /<<PKGBUILDDIR>>/obj-x86_64-linux-gnu/src/crypto/mac/ghash/builtin && /usr/bin/cmake -P CMakeFiles/mac_ghash_builtin.dir/cmake_clean_target.cmake
cd /<<PKGBUILDDIR>>/obj-x86_64-linux-gnu/src/crypto/mac/ghash/builtin && /usr/bin/cmake -E cmake_link_script CMakeFiles/mac_ghash_builtin.dir/link.txt --verbose=1
/usr/bin/gcc-ar qc libmac_ghash_builtin.a  CMakeFiles/mac_ghash_builtin.dir/ghash_builtin.c.o
/usr/bin/gcc-ranlib libmac_ghash_builtin.a
make[3]: Leaving directory '/<<PKGBUILDDIR>>/obj-x86_64-linux-gnu'
[ 63%] Built target mac_ghash_builtin
make -f src/crypto/mac/uhash/CMakeFiles/mac_uhash.dir/build.make src/crypto/mac/uhash/CMakeFiles/mac_uhash.dir/depend
make[3]: Entering directory '/<<PKGBUILDDIR>>/obj-x86_64-linux-gnu'
cd /<<PKGBUILDDIR>>/obj-x86_64-linux-gnu && /usr/bin/cmake -E cmake_depends "Unix Makefiles" /<<PKGBUILDDIR>> /<<PKGBUILDDIR>>/src/crypto/mac/uhash /<<PKGBUILDDIR>>/obj-x86_64-linux-gnu /<<PKGBUILDDIR>>/obj-x86_64-linux-gnu/src/crypto/mac/uhash /<<PKGBUILDDIR>>/obj-x86_64-linux-gnu/src/crypto/mac/uhash/CMakeFiles/mac_uhash.dir/DependInfo.cmake --color=
Scanning dependencies of target mac_uhash
make[3]: Leaving directory '/<<PKGBUILDDIR>>/obj-x86_64-linux-gnu'
make -f src/crypto/mac/uhash/CMakeFiles/mac_uhash.dir/build.make src/crypto/mac/uhash/CMakeFiles/mac_uhash.dir/build
make[3]: Entering directory '/<<PKGBUILDDIR>>/obj-x86_64-linux-gnu'
[ 64%] Building C object src/crypto/mac/uhash/CMakeFiles/mac_uhash.dir/uhash.c.o
cd /<<PKGBUILDDIR>>/obj-x86_64-linux-gnu/src/crypto/mac/uhash && /usr/bin/cc -D_GNU_SOURCE -D__APPLE_USE_RFC_3542 -I/<<PKGBUILDDIR>> -I/<<PKGBUILDDIR>>/obj-x86_64-linux-gnu/gen  -g -O2 -fdebug-prefix-map=/<<PKGBUILDDIR>>=. -fstack-protector-strong -Wformat -Werror=format-security -fomit-frame-pointer -Wdate-time -D_FORTIFY_SOURCE=2 -O2 -g -DNDEBUG   -pthread -std=c99    -flto -Wall -o CMakeFiles/mac_uhash.dir/uhash.c.o   -c /<<PKGBUILDDIR>>/src/crypto/mac/uhash/uhash.c
[ 65%] Linking C static library libmac_uhash.a
cd /<<PKGBUILDDIR>>/obj-x86_64-linux-gnu/src/crypto/mac/uhash && /usr/bin/cmake -P CMakeFiles/mac_uhash.dir/cmake_clean_target.cmake
cd /<<PKGBUILDDIR>>/obj-x86_64-linux-gnu/src/crypto/mac/uhash && /usr/bin/cmake -E cmake_link_script CMakeFiles/mac_uhash.dir/link.txt --verbose=1
/usr/bin/gcc-ar qc libmac_uhash.a  CMakeFiles/mac_uhash.dir/uhash.c.o
/usr/bin/gcc-ranlib libmac_uhash.a
make[3]: Leaving directory '/<<PKGBUILDDIR>>/obj-x86_64-linux-gnu'
[ 65%] Built target mac_uhash
make -f src/crypto/mac/CMakeFiles/macs.dir/build.make src/crypto/mac/CMakeFiles/macs.dir/depend
make[3]: Entering directory '/<<PKGBUILDDIR>>/obj-x86_64-linux-gnu'
cd /<<PKGBUILDDIR>>/obj-x86_64-linux-gnu && /usr/bin/cmake -E cmake_depends "Unix Makefiles" /<<PKGBUILDDIR>> /<<PKGBUILDDIR>>/src/crypto/mac /<<PKGBUILDDIR>>/obj-x86_64-linux-gnu /<<PKGBUILDDIR>>/obj-x86_64-linux-gnu/src/crypto/mac /<<PKGBUILDDIR>>/obj-x86_64-linux-gnu/src/crypto/mac/CMakeFiles/macs.dir/DependInfo.cmake --color=
Scanning dependencies of target macs
make[3]: Leaving directory '/<<PKGBUILDDIR>>/obj-x86_64-linux-gnu'
make -f src/crypto/mac/CMakeFiles/macs.dir/build.make src/crypto/mac/CMakeFiles/macs.dir/build
make[3]: Entering directory '/<<PKGBUILDDIR>>/obj-x86_64-linux-gnu'
[ 67%] Building C object src/crypto/mac/CMakeFiles/macs.dir/macs.c.o
cd /<<PKGBUILDDIR>>/obj-x86_64-linux-gnu/src/crypto/mac && /usr/bin/cc -D_GNU_SOURCE -D__APPLE_USE_RFC_3542 -I/<<PKGBUILDDIR>> -I/<<PKGBUILDDIR>>/obj-x86_64-linux-gnu/gen  -g -O2 -fdebug-prefix-map=/<<PKGBUILDDIR>>=. -fstack-protector-strong -Wformat -Werror=format-security -fomit-frame-pointer -Wdate-time -D_FORTIFY_SOURCE=2 -O2 -g -DNDEBUG   -o CMakeFiles/macs.dir/macs.c.o   -c /<<PKGBUILDDIR>>/obj-x86_64-linux-gnu/src/crypto/mac/macs.c
[ 68%] Linking C static library libmacs.a
cd /<<PKGBUILDDIR>>/obj-x86_64-linux-gnu/src/crypto/mac && /usr/bin/cmake -P CMakeFiles/macs.dir/cmake_clean_target.cmake
cd /<<PKGBUILDDIR>>/obj-x86_64-linux-gnu/src/crypto/mac && /usr/bin/cmake -E cmake_link_script CMakeFiles/macs.dir/link.txt --verbose=1
/usr/bin/gcc-ar qc libmacs.a  CMakeFiles/macs.dir/macs.c.o
/usr/bin/gcc-ranlib libmacs.a
make[3]: Leaving directory '/<<PKGBUILDDIR>>/obj-x86_64-linux-gnu'
[ 68%] Built target macs
make -f src/CMakeFiles/fastd.dir/build.make src/CMakeFiles/fastd.dir/depend
make[3]: Entering directory '/<<PKGBUILDDIR>>/obj-x86_64-linux-gnu'
[ 69%] [BISON][fastd_config_parse] Building parser with bison 3.5.1
cd /<<PKGBUILDDIR>>/src && /usr/bin/bison -d -o /<<PKGBUILDDIR>>/obj-x86_64-linux-gnu/gen/generated/config.yy.c config.y
config.y:29.1-28: warning: deprecated directive: %name-prefix "fastd_config_", use %define api.prefix {fastd_config_} [-Wdeprecated]
   29 | %name-prefix "fastd_config_"
      | ^~~~~~~~~~~~~~~~~~~~~~~~~~~~
      | %define api.prefix {fastd_config_}
config.y: warning: fix-its can be applied.  Rerun with option '--update'. [-Wother]
cd /<<PKGBUILDDIR>>/obj-x86_64-linux-gnu && /usr/bin/cmake -E cmake_depends "Unix Makefiles" /<<PKGBUILDDIR>> /<<PKGBUILDDIR>>/src /<<PKGBUILDDIR>>/obj-x86_64-linux-gnu /<<PKGBUILDDIR>>/obj-x86_64-linux-gnu/src /<<PKGBUILDDIR>>/obj-x86_64-linux-gnu/src/CMakeFiles/fastd.dir/DependInfo.cmake --color=
Scanning dependencies of target fastd
make[3]: Leaving directory '/<<PKGBUILDDIR>>/obj-x86_64-linux-gnu'
make -f src/CMakeFiles/fastd.dir/build.make src/CMakeFiles/fastd.dir/build
make[3]: Entering directory '/<<PKGBUILDDIR>>/obj-x86_64-linux-gnu'
[ 70%] Building C object src/CMakeFiles/fastd.dir/android.c.o
cd /<<PKGBUILDDIR>>/obj-x86_64-linux-gnu/src && /usr/bin/cc -D_GNU_SOURCE -D__APPLE_USE_RFC_3542 -I/<<PKGBUILDDIR>> -I/<<PKGBUILDDIR>>/obj-x86_64-linux-gnu/gen -I/usr/include/sodium  -g -O2 -fdebug-prefix-map=/<<PKGBUILDDIR>>=. -fstack-protector-strong -Wformat -Werror=format-security -fomit-frame-pointer -Wdate-time -D_FORTIFY_SOURCE=2 -O2 -g -DNDEBUG   -pthread -std=c99    -flto -Wall -o CMakeFiles/fastd.dir/android.c.o   -c /<<PKGBUILDDIR>>/src/android.c
[ 71%] Building C object src/CMakeFiles/fastd.dir/async.c.o
cd /<<PKGBUILDDIR>>/obj-x86_64-linux-gnu/src && /usr/bin/cc -D_GNU_SOURCE -D__APPLE_USE_RFC_3542 -I/<<PKGBUILDDIR>> -I/<<PKGBUILDDIR>>/obj-x86_64-linux-gnu/gen -I/usr/include/sodium  -g -O2 -fdebug-prefix-map=/<<PKGBUILDDIR>>=. -fstack-protector-strong -Wformat -Werror=format-security -fomit-frame-pointer -Wdate-time -D_FORTIFY_SOURCE=2 -O2 -g -DNDEBUG   -pthread -std=c99    -flto -Wall -o CMakeFiles/fastd.dir/async.c.o   -c /<<PKGBUILDDIR>>/src/async.c
[ 72%] Building C object src/CMakeFiles/fastd.dir/capabilities.c.o
cd /<<PKGBUILDDIR>>/obj-x86_64-linux-gnu/src && /usr/bin/cc -D_GNU_SOURCE -D__APPLE_USE_RFC_3542 -I/<<PKGBUILDDIR>> -I/<<PKGBUILDDIR>>/obj-x86_64-linux-gnu/gen -I/usr/include/sodium  -g -O2 -fdebug-prefix-map=/<<PKGBUILDDIR>>=. -fstack-protector-strong -Wformat -Werror=format-security -fomit-frame-pointer -Wdate-time -D_FORTIFY_SOURCE=2 -O2 -g -DNDEBUG   -pthread -std=c99    -flto -Wall -o CMakeFiles/fastd.dir/capabilities.c.o   -c /<<PKGBUILDDIR>>/src/capabilities.c
[ 73%] Building C object src/CMakeFiles/fastd.dir/config.c.o
cd /<<PKGBUILDDIR>>/obj-x86_64-linux-gnu/src && /usr/bin/cc -D_GNU_SOURCE -D__APPLE_USE_RFC_3542 -I/<<PKGBUILDDIR>> -I/<<PKGBUILDDIR>>/obj-x86_64-linux-gnu/gen -I/usr/include/sodium  -g -O2 -fdebug-prefix-map=/<<PKGBUILDDIR>>=. -fstack-protector-strong -Wformat -Werror=format-security -fomit-frame-pointer -Wdate-time -D_FORTIFY_SOURCE=2 -O2 -g -DNDEBUG   -pthread -std=c99    -flto -Wall -o CMakeFiles/fastd.dir/config.c.o   -c /<<PKGBUILDDIR>>/src/config.c
[ 74%] Building C object src/CMakeFiles/fastd.dir/handshake.c.o
cd /<<PKGBUILDDIR>>/obj-x86_64-linux-gnu/src && /usr/bin/cc -D_GNU_SOURCE -D__APPLE_USE_RFC_3542 -I/<<PKGBUILDDIR>> -I/<<PKGBUILDDIR>>/obj-x86_64-linux-gnu/gen -I/usr/include/sodium  -g -O2 -fdebug-prefix-map=/<<PKGBUILDDIR>>=. -fstack-protector-strong -Wformat -Werror=format-security -fomit-frame-pointer -Wdate-time -D_FORTIFY_SOURCE=2 -O2 -g -DNDEBUG   -pthread -std=c99    -flto -Wall -o CMakeFiles/fastd.dir/handshake.c.o   -c /<<PKGBUILDDIR>>/src/handshake.c
[ 75%] Building C object src/CMakeFiles/fastd.dir/hkdf_sha256.c.o
cd /<<PKGBUILDDIR>>/obj-x86_64-linux-gnu/src && /usr/bin/cc -D_GNU_SOURCE -D__APPLE_USE_RFC_3542 -I/<<PKGBUILDDIR>> -I/<<PKGBUILDDIR>>/obj-x86_64-linux-gnu/gen -I/usr/include/sodium  -g -O2 -fdebug-prefix-map=/<<PKGBUILDDIR>>=. -fstack-protector-strong -Wformat -Werror=format-security -fomit-frame-pointer -Wdate-time -D_FORTIFY_SOURCE=2 -O2 -g -DNDEBUG   -pthread -std=c99    -flto -Wall -o CMakeFiles/fastd.dir/hkdf_sha256.c.o   -c /<<PKGBUILDDIR>>/src/hkdf_sha256.c
[ 76%] Building C object src/CMakeFiles/fastd.dir/fastd.c.o
cd /<<PKGBUILDDIR>>/obj-x86_64-linux-gnu/src && /usr/bin/cc -D_GNU_SOURCE -D__APPLE_USE_RFC_3542 -I/<<PKGBUILDDIR>> -I/<<PKGBUILDDIR>>/obj-x86_64-linux-gnu/gen -I/usr/include/sodium  -g -O2 -fdebug-prefix-map=/<<PKGBUILDDIR>>=. -fstack-protector-strong -Wformat -Werror=format-security -fomit-frame-pointer -Wdate-time -D_FORTIFY_SOURCE=2 -O2 -g -DNDEBUG   -pthread -std=c99    -flto -Wall -o CMakeFiles/fastd.dir/fastd.c.o   -c /<<PKGBUILDDIR>>/src/fastd.c
/<<PKGBUILDDIR>>/src/fastd.c:506:2: warning: 'OPENSSL_config' is deprecated [-Wdeprecated-declarations]
        OPENSSL_config(NULL);
        ^
/usr/include/openssl/conf.h:91:1: note: 'OPENSSL_config' has been explicitly marked deprecated here
DEPRECATEDIN_1_1_0(void OPENSSL_config(const char *config_name))
^
/usr/include/x86_64-linux-gnu/openssl/opensslconf.h:152:34: note: expanded from macro 'DEPRECATEDIN_1_1_0'
# define DEPRECATEDIN_1_1_0(f)   DECLARE_DEPRECATED(f)
                                 ^
/usr/include/x86_64-linux-gnu/openssl/opensslconf.h:115:55: note: expanded from macro 'DECLARE_DEPRECATED'
#   define DECLARE_DEPRECATED(f)    f __attribute__ ((deprecated));
                                                      ^
1 warning generated.
[ 78%] Building C object src/CMakeFiles/fastd.dir/iface.c.o
cd /<<PKGBUILDDIR>>/obj-x86_64-linux-gnu/src && /usr/bin/cc -D_GNU_SOURCE -D__APPLE_USE_RFC_3542 -I/<<PKGBUILDDIR>> -I/<<PKGBUILDDIR>>/obj-x86_64-linux-gnu/gen -I/usr/include/sodium  -g -O2 -fdebug-prefix-map=/<<PKGBUILDDIR>>=. -fstack-protector-strong -Wformat -Werror=format-security -fomit-frame-pointer -Wdate-time -D_FORTIFY_SOURCE=2 -O2 -g -DNDEBUG   -pthread -std=c99    -flto -Wall -o CMakeFiles/fastd.dir/iface.c.o   -c /<<PKGBUILDDIR>>/src/iface.c
[ 79%] Building C object src/CMakeFiles/fastd.dir/lex.c.o
cd /<<PKGBUILDDIR>>/obj-x86_64-linux-gnu/src && /usr/bin/cc -D_GNU_SOURCE -D__APPLE_USE_RFC_3542 -I/<<PKGBUILDDIR>> -I/<<PKGBUILDDIR>>/obj-x86_64-linux-gnu/gen -I/usr/include/sodium  -g -O2 -fdebug-prefix-map=/<<PKGBUILDDIR>>=. -fstack-protector-strong -Wformat -Werror=format-security -fomit-frame-pointer -Wdate-time -D_FORTIFY_SOURCE=2 -O2 -g -DNDEBUG   -pthread -std=c99    -flto -Wall -o CMakeFiles/fastd.dir/lex.c.o   -c /<<PKGBUILDDIR>>/src/lex.c
[ 80%] Building C object src/CMakeFiles/fastd.dir/log.c.o
cd /<<PKGBUILDDIR>>/obj-x86_64-linux-gnu/src && /usr/bin/cc -D_GNU_SOURCE -D__APPLE_USE_RFC_3542 -I/<<PKGBUILDDIR>> -I/<<PKGBUILDDIR>>/obj-x86_64-linux-gnu/gen -I/usr/include/sodium  -g -O2 -fdebug-prefix-map=/<<PKGBUILDDIR>>=. -fstack-protector-strong -Wformat -Werror=format-security -fomit-frame-pointer -Wdate-time -D_FORTIFY_SOURCE=2 -O2 -g -DNDEBUG   -pthread -std=c99    -flto -Wall -o CMakeFiles/fastd.dir/log.c.o   -c /<<PKGBUILDDIR>>/src/log.c
[ 81%] Building C object src/CMakeFiles/fastd.dir/options.c.o
cd /<<PKGBUILDDIR>>/obj-x86_64-linux-gnu/src && /usr/bin/cc -D_GNU_SOURCE -D__APPLE_USE_RFC_3542 -I/<<PKGBUILDDIR>> -I/<<PKGBUILDDIR>>/obj-x86_64-linux-gnu/gen -I/usr/include/sodium  -g -O2 -fdebug-prefix-map=/<<PKGBUILDDIR>>=. -fstack-protector-strong -Wformat -Werror=format-security -fomit-frame-pointer -Wdate-time -D_FORTIFY_SOURCE=2 -O2 -g -DNDEBUG   -pthread -std=c99    -flto -Wall -o CMakeFiles/fastd.dir/options.c.o   -c /<<PKGBUILDDIR>>/src/options.c
[ 82%] Building C object src/CMakeFiles/fastd.dir/peer.c.o
cd /<<PKGBUILDDIR>>/obj-x86_64-linux-gnu/src && /usr/bin/cc -D_GNU_SOURCE -D__APPLE_USE_RFC_3542 -I/<<PKGBUILDDIR>> -I/<<PKGBUILDDIR>>/obj-x86_64-linux-gnu/gen -I/usr/include/sodium  -g -O2 -fdebug-prefix-map=/<<PKGBUILDDIR>>=. -fstack-protector-strong -Wformat -Werror=format-security -fomit-frame-pointer -Wdate-time -D_FORTIFY_SOURCE=2 -O2 -g -DNDEBUG   -pthread -std=c99    -flto -Wall -o CMakeFiles/fastd.dir/peer.c.o   -c /<<PKGBUILDDIR>>/src/peer.c
[ 83%] Building C object src/CMakeFiles/fastd.dir/peer_hashtable.c.o
cd /<<PKGBUILDDIR>>/obj-x86_64-linux-gnu/src && /usr/bin/cc -D_GNU_SOURCE -D__APPLE_USE_RFC_3542 -I/<<PKGBUILDDIR>> -I/<<PKGBUILDDIR>>/obj-x86_64-linux-gnu/gen -I/usr/include/sodium  -g -O2 -fdebug-prefix-map=/<<PKGBUILDDIR>>=. -fstack-protector-strong -Wformat -Werror=format-security -fomit-frame-pointer -Wdate-time -D_FORTIFY_SOURCE=2 -O2 -g -DNDEBUG   -pthread -std=c99    -flto -Wall -o CMakeFiles/fastd.dir/peer_hashtable.c.o   -c /<<PKGBUILDDIR>>/src/peer_hashtable.c
[ 84%] Building C object src/CMakeFiles/fastd.dir/poll.c.o
cd /<<PKGBUILDDIR>>/obj-x86_64-linux-gnu/src && /usr/bin/cc -D_GNU_SOURCE -D__APPLE_USE_RFC_3542 -I/<<PKGBUILDDIR>> -I/<<PKGBUILDDIR>>/obj-x86_64-linux-gnu/gen -I/usr/include/sodium  -g -O2 -fdebug-prefix-map=/<<PKGBUILDDIR>>=. -fstack-protector-strong -Wformat -Werror=format-security -fomit-frame-pointer -Wdate-time -D_FORTIFY_SOURCE=2 -O2 -g -DNDEBUG   -pthread -std=c99    -flto -Wall -o CMakeFiles/fastd.dir/poll.c.o   -c /<<PKGBUILDDIR>>/src/poll.c
[ 85%] Building C object src/CMakeFiles/fastd.dir/pqueue.c.o
cd /<<PKGBUILDDIR>>/obj-x86_64-linux-gnu/src && /usr/bin/cc -D_GNU_SOURCE -D__APPLE_USE_RFC_3542 -I/<<PKGBUILDDIR>> -I/<<PKGBUILDDIR>>/obj-x86_64-linux-gnu/gen -I/usr/include/sodium  -g -O2 -fdebug-prefix-map=/<<PKGBUILDDIR>>=. -fstack-protector-strong -Wformat -Werror=format-security -fomit-frame-pointer -Wdate-time -D_FORTIFY_SOURCE=2 -O2 -g -DNDEBUG   -pthread -std=c99    -flto -Wall -o CMakeFiles/fastd.dir/pqueue.c.o   -c /<<PKGBUILDDIR>>/src/pqueue.c
[ 86%] Building C object src/CMakeFiles/fastd.dir/random.c.o
cd /<<PKGBUILDDIR>>/obj-x86_64-linux-gnu/src && /usr/bin/cc -D_GNU_SOURCE -D__APPLE_USE_RFC_3542 -I/<<PKGBUILDDIR>> -I/<<PKGBUILDDIR>>/obj-x86_64-linux-gnu/gen -I/usr/include/sodium  -g -O2 -fdebug-prefix-map=/<<PKGBUILDDIR>>=. -fstack-protector-strong -Wformat -Werror=format-security -fomit-frame-pointer -Wdate-time -D_FORTIFY_SOURCE=2 -O2 -g -DNDEBUG   -pthread -std=c99    -flto -Wall -o CMakeFiles/fastd.dir/random.c.o   -c /<<PKGBUILDDIR>>/src/random.c
[ 87%] Building C object src/CMakeFiles/fastd.dir/receive.c.o
cd /<<PKGBUILDDIR>>/obj-x86_64-linux-gnu/src && /usr/bin/cc -D_GNU_SOURCE -D__APPLE_USE_RFC_3542 -I/<<PKGBUILDDIR>> -I/<<PKGBUILDDIR>>/obj-x86_64-linux-gnu/gen -I/usr/include/sodium  -g -O2 -fdebug-prefix-map=/<<PKGBUILDDIR>>=. -fstack-protector-strong -Wformat -Werror=format-security -fomit-frame-pointer -Wdate-time -D_FORTIFY_SOURCE=2 -O2 -g -DNDEBUG   -pthread -std=c99    -flto -Wall -o CMakeFiles/fastd.dir/receive.c.o   -c /<<PKGBUILDDIR>>/src/receive.c
[ 89%] Building C object src/CMakeFiles/fastd.dir/resolve.c.o
cd /<<PKGBUILDDIR>>/obj-x86_64-linux-gnu/src && /usr/bin/cc -D_GNU_SOURCE -D__APPLE_USE_RFC_3542 -I/<<PKGBUILDDIR>> -I/<<PKGBUILDDIR>>/obj-x86_64-linux-gnu/gen -I/usr/include/sodium  -g -O2 -fdebug-prefix-map=/<<PKGBUILDDIR>>=. -fstack-protector-strong -Wformat -Werror=format-security -fomit-frame-pointer -Wdate-time -D_FORTIFY_SOURCE=2 -O2 -g -DNDEBUG   -pthread -std=c99    -flto -Wall -o CMakeFiles/fastd.dir/resolve.c.o   -c /<<PKGBUILDDIR>>/src/resolve.c
[ 90%] Building C object src/CMakeFiles/fastd.dir/send.c.o
cd /<<PKGBUILDDIR>>/obj-x86_64-linux-gnu/src && /usr/bin/cc -D_GNU_SOURCE -D__APPLE_USE_RFC_3542 -I/<<PKGBUILDDIR>> -I/<<PKGBUILDDIR>>/obj-x86_64-linux-gnu/gen -I/usr/include/sodium  -g -O2 -fdebug-prefix-map=/<<PKGBUILDDIR>>=. -fstack-protector-strong -Wformat -Werror=format-security -fomit-frame-pointer -Wdate-time -D_FORTIFY_SOURCE=2 -O2 -g -DNDEBUG   -pthread -std=c99    -flto -Wall -o CMakeFiles/fastd.dir/send.c.o   -c /<<PKGBUILDDIR>>/src/send.c
[ 91%] Building C object src/CMakeFiles/fastd.dir/sha256.c.o
cd /<<PKGBUILDDIR>>/obj-x86_64-linux-gnu/src && /usr/bin/cc -D_GNU_SOURCE -D__APPLE_USE_RFC_3542 -I/<<PKGBUILDDIR>> -I/<<PKGBUILDDIR>>/obj-x86_64-linux-gnu/gen -I/usr/include/sodium  -g -O2 -fdebug-prefix-map=/<<PKGBUILDDIR>>=. -fstack-protector-strong -Wformat -Werror=format-security -fomit-frame-pointer -Wdate-time -D_FORTIFY_SOURCE=2 -O2 -g -DNDEBUG   -pthread -std=c99    -flto -Wall -o CMakeFiles/fastd.dir/sha256.c.o   -c /<<PKGBUILDDIR>>/src/sha256.c
[ 92%] Building C object src/CMakeFiles/fastd.dir/shell.c.o
cd /<<PKGBUILDDIR>>/obj-x86_64-linux-gnu/src && /usr/bin/cc -D_GNU_SOURCE -D__APPLE_USE_RFC_3542 -I/<<PKGBUILDDIR>> -I/<<PKGBUILDDIR>>/obj-x86_64-linux-gnu/gen -I/usr/include/sodium  -g -O2 -fdebug-prefix-map=/<<PKGBUILDDIR>>=. -fstack-protector-strong -Wformat -Werror=format-security -fomit-frame-pointer -Wdate-time -D_FORTIFY_SOURCE=2 -O2 -g -DNDEBUG   -pthread -std=c99    -flto -Wall -o CMakeFiles/fastd.dir/shell.c.o   -c /<<PKGBUILDDIR>>/src/shell.c
[ 93%] Building C object src/CMakeFiles/fastd.dir/socket.c.o
cd /<<PKGBUILDDIR>>/obj-x86_64-linux-gnu/src && /usr/bin/cc -D_GNU_SOURCE -D__APPLE_USE_RFC_3542 -I/<<PKGBUILDDIR>> -I/<<PKGBUILDDIR>>/obj-x86_64-linux-gnu/gen -I/usr/include/sodium  -g -O2 -fdebug-prefix-map=/<<PKGBUILDDIR>>=. -fstack-protector-strong -Wformat -Werror=format-security -fomit-frame-pointer -Wdate-time -D_FORTIFY_SOURCE=2 -O2 -g -DNDEBUG   -pthread -std=c99    -flto -Wall -o CMakeFiles/fastd.dir/socket.c.o   -c /<<PKGBUILDDIR>>/src/socket.c
[ 94%] Building C object src/CMakeFiles/fastd.dir/status.c.o
cd /<<PKGBUILDDIR>>/obj-x86_64-linux-gnu/src && /usr/bin/cc -D_GNU_SOURCE -D__APPLE_USE_RFC_3542 -I/<<PKGBUILDDIR>> -I/<<PKGBUILDDIR>>/obj-x86_64-linux-gnu/gen -I/usr/include/sodium  -g -O2 -fdebug-prefix-map=/<<PKGBUILDDIR>>=. -fstack-protector-strong -Wformat -Werror=format-security -fomit-frame-pointer -Wdate-time -D_FORTIFY_SOURCE=2 -O2 -g -DNDEBUG   -pthread -std=c99    -flto -Wall -o CMakeFiles/fastd.dir/status.c.o   -c /<<PKGBUILDDIR>>/src/status.c
[ 95%] Building C object src/CMakeFiles/fastd.dir/task.c.o
cd /<<PKGBUILDDIR>>/obj-x86_64-linux-gnu/src && /usr/bin/cc -D_GNU_SOURCE -D__APPLE_USE_RFC_3542 -I/<<PKGBUILDDIR>> -I/<<PKGBUILDDIR>>/obj-x86_64-linux-gnu/gen -I/usr/include/sodium  -g -O2 -fdebug-prefix-map=/<<PKGBUILDDIR>>=. -fstack-protector-strong -Wformat -Werror=format-security -fomit-frame-pointer -Wdate-time -D_FORTIFY_SOURCE=2 -O2 -g -DNDEBUG   -pthread -std=c99    -flto -Wall -o CMakeFiles/fastd.dir/task.c.o   -c /<<PKGBUILDDIR>>/src/task.c
[ 96%] Building C object src/CMakeFiles/fastd.dir/vector.c.o
cd /<<PKGBUILDDIR>>/obj-x86_64-linux-gnu/src && /usr/bin/cc -D_GNU_SOURCE -D__APPLE_USE_RFC_3542 -I/<<PKGBUILDDIR>> -I/<<PKGBUILDDIR>>/obj-x86_64-linux-gnu/gen -I/usr/include/sodium  -g -O2 -fdebug-prefix-map=/<<PKGBUILDDIR>>=. -fstack-protector-strong -Wformat -Werror=format-security -fomit-frame-pointer -Wdate-time -D_FORTIFY_SOURCE=2 -O2 -g -DNDEBUG   -pthread -std=c99    -flto -Wall -o CMakeFiles/fastd.dir/vector.c.o   -c /<<PKGBUILDDIR>>/src/vector.c
[ 97%] Building C object src/CMakeFiles/fastd.dir/verify.c.o
cd /<<PKGBUILDDIR>>/obj-x86_64-linux-gnu/src && /usr/bin/cc -D_GNU_SOURCE -D__APPLE_USE_RFC_3542 -I/<<PKGBUILDDIR>> -I/<<PKGBUILDDIR>>/obj-x86_64-linux-gnu/gen -I/usr/include/sodium  -g -O2 -fdebug-prefix-map=/<<PKGBUILDDIR>>=. -fstack-protector-strong -Wformat -Werror=format-security -fomit-frame-pointer -Wdate-time -D_FORTIFY_SOURCE=2 -O2 -g -DNDEBUG   -pthread -std=c99    -flto -Wall -o CMakeFiles/fastd.dir/verify.c.o   -c /<<PKGBUILDDIR>>/src/verify.c
[ 98%] Building C object src/CMakeFiles/fastd.dir/__/gen/generated/config.yy.c.o
cd /<<PKGBUILDDIR>>/obj-x86_64-linux-gnu/src && /usr/bin/cc -D_GNU_SOURCE -D__APPLE_USE_RFC_3542 -I/<<PKGBUILDDIR>> -I/<<PKGBUILDDIR>>/obj-x86_64-linux-gnu/gen -I/usr/include/sodium  -g -O2 -fdebug-prefix-map=/<<PKGBUILDDIR>>=. -fstack-protector-strong -Wformat -Werror=format-security -fomit-frame-pointer -Wdate-time -D_FORTIFY_SOURCE=2 -O2 -g -DNDEBUG   -pthread -std=c99    -flto -Wall -o CMakeFiles/fastd.dir/__/gen/generated/config.yy.c.o   -c /<<PKGBUILDDIR>>/obj-x86_64-linux-gnu/gen/generated/config.yy.c
[100%] Linking C executable fastd
cd /<<PKGBUILDDIR>>/obj-x86_64-linux-gnu/src && /usr/bin/cmake -E cmake_link_script CMakeFiles/fastd.dir/link.txt --verbose=1
/usr/bin/cc -g -O2 -fdebug-prefix-map=/<<PKGBUILDDIR>>=. -fstack-protector-strong -Wformat -Werror=format-security -fomit-frame-pointer -Wdate-time -D_FORTIFY_SOURCE=2 -O2 -g -DNDEBUG  -Wl,-z,relro -rdynamic -pthread    -flto CMakeFiles/fastd.dir/android.c.o CMakeFiles/fastd.dir/async.c.o CMakeFiles/fastd.dir/capabilities.c.o CMakeFiles/fastd.dir/config.c.o CMakeFiles/fastd.dir/handshake.c.o CMakeFiles/fastd.dir/hkdf_sha256.c.o CMakeFiles/fastd.dir/fastd.c.o CMakeFiles/fastd.dir/iface.c.o CMakeFiles/fastd.dir/lex.c.o CMakeFiles/fastd.dir/log.c.o CMakeFiles/fastd.dir/options.c.o CMakeFiles/fastd.dir/peer.c.o CMakeFiles/fastd.dir/peer_hashtable.c.o CMakeFiles/fastd.dir/poll.c.o CMakeFiles/fastd.dir/pqueue.c.o CMakeFiles/fastd.dir/random.c.o CMakeFiles/fastd.dir/receive.c.o CMakeFiles/fastd.dir/resolve.c.o CMakeFiles/fastd.dir/send.c.o CMakeFiles/fastd.dir/sha256.c.o CMakeFiles/fastd.dir/shell.c.o CMakeFiles/fastd.dir/socket.c.o CMakeFiles/fastd.dir/status.c.o CMakeFiles/fastd.dir/task.c.o CMakeFiles/fastd.dir/vector.c.o CMakeFiles/fastd.dir/verify.c.o CMakeFiles/fastd.dir/__/gen/generated/config.yy.c.o  -o fastd  protocols/libprotocols.a methods/libmethods.a crypto/cipher/libciphers.a crypto/mac/libmacs.a -lcap -luecc -lsodium -lcrypto -ljson-c methods/null/libmethod_null.a methods/cipher_test/libmethod_cipher_test.a methods/composed_gmac/libmethod_composed_gmac.a methods/composed_umac/libmethod_composed_umac.a methods/generic_gmac/libmethod_generic_gmac.a methods/generic_poly1305/libmethod_generic_poly1305.a methods/generic_umac/libmethod_generic_umac.a methods/xsalsa20_poly1305/libmethod_xsalsa20_poly1305.a methods/libmethod_common.a crypto/cipher/aes128_ctr/libcipher_aes128_ctr.a crypto/cipher/aes128_ctr/openssl/libcipher_aes128_ctr_openssl.a crypto/cipher/null/libcipher_null.a crypto/cipher/null/memcpy/libcipher_null_memcpy.a crypto/cipher/salsa2012/libcipher_salsa2012.a crypto/cipher/salsa2012/xmm/libcipher_salsa2012_xmm.a crypto/cipher/salsa2012/nacl/libcipher_salsa2012_nacl.a crypto/cipher/salsa20/libcipher_salsa20.a crypto/cipher/salsa20/xmm/libcipher_salsa20_xmm.a crypto/cipher/salsa20/nacl/libcipher_salsa20_nacl.a crypto/mac/ghash/libmac_ghash.a crypto/mac/ghash/pclmulqdq/libmac_ghash_pclmulqdq.a crypto/mac/ghash/builtin/libmac_ghash_builtin.a crypto/mac/uhash/libmac_uhash.a crypto/mac/uhash/builtin/libmac_uhash_builtin.a -lsodium 
/usr/bin/ld: /usr/lib/llvm-9/bin/../lib/LLVMgold.so: error loading plugin: /usr/lib/llvm-9/bin/../lib/LLVMgold.so: cannot open shared object file: No such file or directory
clang: error: linker command failed with exit code 1 (use -v to see invocation)
make[3]: *** [src/CMakeFiles/fastd.dir/build.make:518: src/fastd] Error 1
make[3]: Leaving directory '/<<PKGBUILDDIR>>/obj-x86_64-linux-gnu'
make[2]: *** [CMakeFiles/Makefile2:743: src/CMakeFiles/fastd.dir/all] Error 2
make[2]: Leaving directory '/<<PKGBUILDDIR>>/obj-x86_64-linux-gnu'
make[1]: *** [Makefile:133: all] Error 2
make[1]: Leaving directory '/<<PKGBUILDDIR>>/obj-x86_64-linux-gnu'
dh_auto_build: error: cd obj-x86_64-linux-gnu && make -j1 returned exit code 2
make: *** [debian/rules:12: build] Error 25
dpkg-buildpackage: error: debian/rules build subprocess returned exit status 2
--------------------------------------------------------------------------------
Build finished at 2020-02-25T18:45:04Z

Finished
--------


+------------------------------------------------------------------------------+
| Cleanup                                                                      |
+------------------------------------------------------------------------------+

Purging /<<BUILDDIR>>
Not cleaning session: cloned chroot in use
E: Build failure (dpkg-buildpackage died)

+------------------------------------------------------------------------------+
| Summary                                                                      |
+------------------------------------------------------------------------------+

Build Architecture: amd64
Build Type: binary
Build-Space: 7720
Build-Time: 12
Distribution: unstable
Fail-Stage: build
Host Architecture: amd64
Install-Time: 6
Job: fastd_18-3
Machine Architecture: amd64
Package: fastd
Package-Time: 36
Source-Version: 18-3
Space: 7720
Status: attempted
Version: 18-3
--------------------------------------------------------------------------------
Finished at 2020-02-25T18:45:04Z
Build needed 00:00:36, 7720k disk space
E: Build failure (dpkg-buildpackage died)
DC-Status: Failed 36.951481752s
