DC-Build-Header: libdbi-drivers 0.9.0-8 / 2020-02-25 17:20:45 +0000
DC-Task: type:rebuild-binarch-only source:libdbi-drivers version:0.9.0-8 chroot:unstable esttime:134 logfile:/tmp/libdbi-drivers_0.9.0-8_unstable_clang9.log modes:clang9:binarch-only
DC-Sbuild-call: su user42 -c 'sbuild -n --arch-any --apt-update -d unstable -v --no-run-lintian --chroot-setup-commands=/tmp/clang9 libdbi-drivers_0.9.0-8'
sbuild (Debian sbuild) 0.78.1 (09 February 2019) on ip-172-31-13-114.eu-central-1.compute.internal

+==============================================================================+
| libdbi-drivers 0.9.0-8 (amd64)               Tue, 25 Feb 2020 17:20:46 +0000 |
+==============================================================================+

Package: libdbi-drivers
Version: 0.9.0-8
Source Version: 0.9.0-8
Distribution: unstable
Machine Architecture: amd64
Host Architecture: amd64
Build Architecture: amd64
Build Type: binary

I: NOTICE: Log filtering will replace 'var/run/schroot/mount/sid-amd64-sbuild-f8c51524-6e17-4f8a-bafb-27646d4385db' with '<<CHROOT>>'

+------------------------------------------------------------------------------+
| Chroot Setup Commands                                                        |
+------------------------------------------------------------------------------+


/tmp/clang9
-----------

+ echo 'Entering customization script...'
Entering customization script...
+ CLANG_VERSION=9
+ echo 'Install of clang-9'
Install of clang-9
+ apt-get update
Get:1 http://127.0.0.1:12990/debian sid InRelease [142 kB]
Get:2 http://127.0.0.1:12990/debian sid/main Sources.diff/Index [27.9 kB]
Get:3 http://127.0.0.1:12990/debian sid/main amd64 Packages.diff/Index [27.9 kB]
Get:4 http://127.0.0.1:12990/debian sid/main Sources 2020-02-24-0823.32.pdiff [11.0 kB]
Get:5 http://127.0.0.1:12990/debian sid/main Sources 2020-02-24-1420.34.pdiff [30.2 kB]
Get:6 http://127.0.0.1:12990/debian sid/main Sources 2020-02-24-2014.03.pdiff [16.9 kB]
Get:7 http://127.0.0.1:12990/debian sid/main Sources 2020-02-25-0213.11.pdiff [23.2 kB]
Get:8 http://127.0.0.1:12990/debian sid/main Sources 2020-02-25-0815.22.pdiff [9222 B]
Get:9 http://127.0.0.1:12990/debian sid/main Sources 2020-02-25-1413.15.pdiff [16.3 kB]
Get:10 http://127.0.0.1:12990/debian sid/main amd64 Packages 2020-02-24-0823.32.pdiff [15.5 kB]
Get:11 http://127.0.0.1:12990/debian sid/main amd64 Packages 2020-02-24-1420.34.pdiff [27.5 kB]
Get:12 http://127.0.0.1:12990/debian sid/main amd64 Packages 2020-02-24-2014.03.pdiff [21.6 kB]
Get:13 http://127.0.0.1:12990/debian sid/main amd64 Packages 2020-02-25-0213.11.pdiff [35.0 kB]
Get:14 http://127.0.0.1:12990/debian sid/main amd64 Packages 2020-02-25-0815.22.pdiff [20.1 kB]
Get:15 http://127.0.0.1:12990/debian sid/main amd64 Packages 2020-02-25-1413.15.pdiff [18.4 kB]
Get:9 http://127.0.0.1:12990/debian sid/main Sources 2020-02-25-1413.15.pdiff [16.3 kB]
Get:15 http://127.0.0.1:12990/debian sid/main amd64 Packages 2020-02-25-1413.15.pdiff [18.4 kB]
Get:16 http://127.0.0.1:12990/debian sid/main Translation-en [6195 kB]
Fetched 6638 kB in 2s (3853 kB/s)
Reading package lists...
+ apt-get install --yes --no-install-recommends --force-yes clang-9 libomp-9-dev libobjc-9-dev
Reading package lists...
Building dependency tree...
The following additional packages will be installed:
  cpp-9 g++-9 gcc-8-base gcc-9 gcc-9-base lib32gcc-s1 lib32gcc1 lib32stdc++6
  libasan5 libbsd0 libc6-i386 libclang-common-9-dev libclang-cpp9 libedit2
  libgc1c2 libgcc-8-dev libgcc-9-dev libllvm9 libmpx2 libobjc-8-dev libobjc4
  libomp5-9 libstdc++-8-dev libstdc++-9-dev libz3-4
Suggested packages:
  clang-9-doc gcc-9-locales g++-9-multilib gcc-9-doc gcc-9-multilib
  libomp-9-doc libstdc++-8-doc libstdc++-9-doc
Recommended packages:
  llvm-9-dev python3
The following NEW packages will be installed:
  clang-9 gcc-8-base lib32gcc-s1 lib32gcc1 lib32stdc++6 libbsd0 libc6-i386
  libclang-common-9-dev libclang-cpp9 libedit2 libgc1c2 libgcc-8-dev libllvm9
  libmpx2 libobjc-8-dev libobjc-9-dev libobjc4 libomp-9-dev libomp5-9
  libstdc++-8-dev libz3-4
The following packages will be upgraded:
  cpp-9 g++-9 gcc-9 gcc-9-base libasan5 libgcc-9-dev libstdc++-9-dev
7 upgraded, 21 newly installed, 0 to remove and 3 not upgraded.
Need to get 78.9 MB of archives.
After this operation, 237 MB of additional disk space will be used.
Get:1 http://127.0.0.1:12990/debian sid/main amd64 libasan5 amd64 9.2.1-30 [389 kB]
Get:2 http://127.0.0.1:12990/debian sid/main amd64 g++-9 amd64 9.2.1-30 [10.7 MB]
Get:3 http://127.0.0.1:12990/debian sid/main amd64 gcc-9 amd64 9.2.1-30 [10.0 MB]
Get:4 http://127.0.0.1:12990/debian sid/main amd64 libstdc++-9-dev amd64 9.2.1-30 [1697 kB]
Get:5 http://127.0.0.1:12990/debian sid/main amd64 libgcc-9-dev amd64 9.2.1-30 [2349 kB]
Get:6 http://127.0.0.1:12990/debian sid/main amd64 cpp-9 amd64 9.2.1-30 [9711 kB]
Get:7 http://127.0.0.1:12990/debian sid/main amd64 gcc-9-base amd64 9.2.1-30 [196 kB]
Get:8 http://127.0.0.1:12990/debian sid/main amd64 libbsd0 amd64 0.10.0-1 [107 kB]
Get:9 http://127.0.0.1:12990/debian sid/main amd64 libedit2 amd64 3.1-20191231-1 [95.4 kB]
Get:10 http://127.0.0.1:12990/debian sid/main amd64 libz3-4 amd64 4.8.7-4 [6790 kB]
Get:11 http://127.0.0.1:12990/debian sid/main amd64 libllvm9 amd64 1:9.0.1-8 [15.0 MB]
Get:12 http://127.0.0.1:12990/debian sid/main amd64 libclang-cpp9 amd64 1:9.0.1-8 [8429 kB]
Get:13 http://127.0.0.1:12990/debian sid/main amd64 gcc-8-base amd64 8.3.0-29 [194 kB]
Get:14 http://127.0.0.1:12990/debian sid/main amd64 libmpx2 amd64 8.3.0-29 [11.4 kB]
Get:15 http://127.0.0.1:12990/debian sid/main amd64 libgcc-8-dev amd64 8.3.0-29 [2297 kB]
Get:16 http://127.0.0.1:12990/debian sid/main amd64 libstdc++-8-dev amd64 8.3.0-29 [1543 kB]
Get:17 http://127.0.0.1:12990/debian sid/main amd64 libgc1c2 amd64 1:7.6.4-0.4 [224 kB]
Get:18 http://127.0.0.1:12990/debian sid/main amd64 libobjc4 amd64 10-20200222-1 [41.6 kB]
Get:19 http://127.0.0.1:12990/debian sid/main amd64 libobjc-8-dev amd64 8.3.0-29 [227 kB]
Get:20 http://127.0.0.1:12990/debian sid/main amd64 libc6-i386 amd64 2.29-10 [2918 kB]
Get:21 http://127.0.0.1:12990/debian sid/main amd64 lib32gcc-s1 amd64 10-20200222-1 [49.4 kB]
Get:22 http://127.0.0.1:12990/debian sid/main amd64 lib32gcc1 amd64 1:10-20200222-1 [1104 B]
Get:23 http://127.0.0.1:12990/debian sid/main amd64 lib32stdc++6 amd64 10-20200222-1 [510 kB]
Get:24 http://127.0.0.1:12990/debian sid/main amd64 libclang-common-9-dev amd64 1:9.0.1-8 [3727 kB]
Get:25 http://127.0.0.1:12990/debian sid/main amd64 clang-9 amd64 1:9.0.1-8 [1156 kB]
Get:26 http://127.0.0.1:12990/debian sid/main amd64 libobjc-9-dev amd64 9.2.1-30 [219 kB]
Get:27 http://127.0.0.1:12990/debian sid/main amd64 libomp5-9 amd64 1:9.0.1-8 [333 kB]
Get:28 http://127.0.0.1:12990/debian sid/main amd64 libomp-9-dev amd64 1:9.0.1-8 [66.2 kB]
debconf: delaying package configuration, since apt-utils is not installed
Fetched 78.9 MB in 1s (98.2 MB/s)
(Reading database ... (Reading database ... 5%(Reading database ... 10%(Reading database ... 15%(Reading database ... 20%(Reading database ... 25%(Reading database ... 30%(Reading database ... 35%(Reading database ... 40%(Reading database ... 45%(Reading database ... 50%(Reading database ... 55%(Reading database ... 60%(Reading database ... 65%(Reading database ... 70%(Reading database ... 75%(Reading database ... 80%(Reading database ... 85%(Reading database ... 90%(Reading database ... 95%(Reading database ... 100%(Reading database ... 12119 files and directories currently installed.)
Preparing to unpack .../00-libasan5_9.2.1-30_amd64.deb ...
Unpacking libasan5:amd64 (9.2.1-30) over (9.2.1-29) ...
Preparing to unpack .../01-g++-9_9.2.1-30_amd64.deb ...
Unpacking g++-9 (9.2.1-30) over (9.2.1-29) ...
Preparing to unpack .../02-gcc-9_9.2.1-30_amd64.deb ...
Unpacking gcc-9 (9.2.1-30) over (9.2.1-29) ...
Preparing to unpack .../03-libstdc++-9-dev_9.2.1-30_amd64.deb ...
Unpacking libstdc++-9-dev:amd64 (9.2.1-30) over (9.2.1-29) ...
Preparing to unpack .../04-libgcc-9-dev_9.2.1-30_amd64.deb ...
Unpacking libgcc-9-dev:amd64 (9.2.1-30) over (9.2.1-29) ...
Preparing to unpack .../05-cpp-9_9.2.1-30_amd64.deb ...
Unpacking cpp-9 (9.2.1-30) over (9.2.1-29) ...
Preparing to unpack .../06-gcc-9-base_9.2.1-30_amd64.deb ...
Unpacking gcc-9-base:amd64 (9.2.1-30) over (9.2.1-29) ...
Selecting previously unselected package libbsd0:amd64.
Preparing to unpack .../07-libbsd0_0.10.0-1_amd64.deb ...
Unpacking libbsd0:amd64 (0.10.0-1) ...
Selecting previously unselected package libedit2:amd64.
Preparing to unpack .../08-libedit2_3.1-20191231-1_amd64.deb ...
Unpacking libedit2:amd64 (3.1-20191231-1) ...
Selecting previously unselected package libz3-4:amd64.
Preparing to unpack .../09-libz3-4_4.8.7-4_amd64.deb ...
Unpacking libz3-4:amd64 (4.8.7-4) ...
Selecting previously unselected package libllvm9:amd64.
Preparing to unpack .../10-libllvm9_1%3a9.0.1-8_amd64.deb ...
Unpacking libllvm9:amd64 (1:9.0.1-8) ...
Selecting previously unselected package libclang-cpp9.
Preparing to unpack .../11-libclang-cpp9_1%3a9.0.1-8_amd64.deb ...
Unpacking libclang-cpp9 (1:9.0.1-8) ...
Selecting previously unselected package gcc-8-base:amd64.
Preparing to unpack .../12-gcc-8-base_8.3.0-29_amd64.deb ...
Unpacking gcc-8-base:amd64 (8.3.0-29) ...
Selecting previously unselected package libmpx2:amd64.
Preparing to unpack .../13-libmpx2_8.3.0-29_amd64.deb ...
Unpacking libmpx2:amd64 (8.3.0-29) ...
Selecting previously unselected package libgcc-8-dev:amd64.
Preparing to unpack .../14-libgcc-8-dev_8.3.0-29_amd64.deb ...
Unpacking libgcc-8-dev:amd64 (8.3.0-29) ...
Selecting previously unselected package libstdc++-8-dev:amd64.
Preparing to unpack .../15-libstdc++-8-dev_8.3.0-29_amd64.deb ...
Unpacking libstdc++-8-dev:amd64 (8.3.0-29) ...
Selecting previously unselected package libgc1c2:amd64.
Preparing to unpack .../16-libgc1c2_1%3a7.6.4-0.4_amd64.deb ...
Unpacking libgc1c2:amd64 (1:7.6.4-0.4) ...
Selecting previously unselected package libobjc4:amd64.
Preparing to unpack .../17-libobjc4_10-20200222-1_amd64.deb ...
Unpacking libobjc4:amd64 (10-20200222-1) ...
Selecting previously unselected package libobjc-8-dev:amd64.
Preparing to unpack .../18-libobjc-8-dev_8.3.0-29_amd64.deb ...
Unpacking libobjc-8-dev:amd64 (8.3.0-29) ...
Selecting previously unselected package libc6-i386.
Preparing to unpack .../19-libc6-i386_2.29-10_amd64.deb ...
Unpacking libc6-i386 (2.29-10) ...
Selecting previously unselected package lib32gcc-s1.
Preparing to unpack .../20-lib32gcc-s1_10-20200222-1_amd64.deb ...
Unpacking lib32gcc-s1 (10-20200222-1) ...
Selecting previously unselected package lib32gcc1.
Preparing to unpack .../21-lib32gcc1_1%3a10-20200222-1_amd64.deb ...
Unpacking lib32gcc1 (1:10-20200222-1) ...
Selecting previously unselected package lib32stdc++6.
Preparing to unpack .../22-lib32stdc++6_10-20200222-1_amd64.deb ...
Unpacking lib32stdc++6 (10-20200222-1) ...
Selecting previously unselected package libclang-common-9-dev.
Preparing to unpack .../23-libclang-common-9-dev_1%3a9.0.1-8_amd64.deb ...
Unpacking libclang-common-9-dev (1:9.0.1-8) ...
Selecting previously unselected package clang-9.
Preparing to unpack .../24-clang-9_1%3a9.0.1-8_amd64.deb ...
Unpacking clang-9 (1:9.0.1-8) ...
Selecting previously unselected package libobjc-9-dev:amd64.
Preparing to unpack .../25-libobjc-9-dev_9.2.1-30_amd64.deb ...
Unpacking libobjc-9-dev:amd64 (9.2.1-30) ...
Selecting previously unselected package libomp5-9:amd64.
Preparing to unpack .../26-libomp5-9_1%3a9.0.1-8_amd64.deb ...
Unpacking libomp5-9:amd64 (1:9.0.1-8) ...
Selecting previously unselected package libomp-9-dev.
Preparing to unpack .../27-libomp-9-dev_1%3a9.0.1-8_amd64.deb ...
Unpacking libomp-9-dev (1:9.0.1-8) ...
Setting up libgc1c2:amd64 (1:7.6.4-0.4) ...
Setting up libobjc4:amd64 (10-20200222-1) ...
Setting up libz3-4:amd64 (4.8.7-4) ...
Setting up gcc-8-base:amd64 (8.3.0-29) ...
Setting up libmpx2:amd64 (8.3.0-29) ...
Setting up libc6-i386 (2.29-10) ...
Setting up libbsd0:amd64 (0.10.0-1) ...
Setting up gcc-9-base:amd64 (9.2.1-30) ...
Setting up libomp5-9:amd64 (1:9.0.1-8) ...
Setting up libedit2:amd64 (3.1-20191231-1) ...
Setting up libasan5:amd64 (9.2.1-30) ...
Setting up lib32gcc-s1 (10-20200222-1) ...
Setting up libgcc-8-dev:amd64 (8.3.0-29) ...
Setting up libomp-9-dev (1:9.0.1-8) ...
Setting up cpp-9 (9.2.1-30) ...
Setting up libllvm9:amd64 (1:9.0.1-8) ...
Setting up libstdc++-8-dev:amd64 (8.3.0-29) ...
Setting up libclang-cpp9 (1:9.0.1-8) ...
Setting up lib32gcc1 (1:10-20200222-1) ...
Setting up libgcc-9-dev:amd64 (9.2.1-30) ...
Setting up libobjc-8-dev:amd64 (8.3.0-29) ...
Setting up lib32stdc++6 (10-20200222-1) ...
Setting up libobjc-9-dev:amd64 (9.2.1-30) ...
Setting up libclang-common-9-dev (1:9.0.1-8) ...
Setting up gcc-9 (9.2.1-30) ...
Setting up libstdc++-9-dev:amd64 (9.2.1-30) ...
Setting up clang-9 (1:9.0.1-8) ...
Setting up g++-9 (9.2.1-30) ...
Processing triggers for libc-bin (2.29-10) ...
W: --force-yes is deprecated, use one of the options starting with --allow instead.
+ echo 'Replace gcc, g++ & cpp by clang'
Replace gcc, g++ & cpp by clang
+ VERSIONS='4.6 4.7 4.8 4.9 5 6 7 8 9 10'
+ cd /usr/bin
+ for VERSION in $VERSIONS
+ rm -f g++-4.6 gcc-4.6 cpp-4.6 gcc
+ ln -s clang++-9 g++-4.6
+ ln -s clang-9 gcc-4.6
+ ln -s clang-9 cpp-4.6
+ ln -s clang-9 gcc
+ echo 'gcc-4.6 hold'
+ dpkg --set-selections
dpkg: warning: package not in status nor available database at line 1: gcc-4.6
dpkg: warning: found unknown packages; this might mean the available database
is outdated, and needs to be updated through a frontend method;
please see the FAQ <https://wiki.debian.org/Teams/Dpkg/FAQ>
+ echo 'g++-4.6 hold'
+ dpkg --set-selections
dpkg: warning: package not in status nor available database at line 1: g++-4.6
dpkg: warning: found unknown packages; this might mean the available database
is outdated, and needs to be updated through a frontend method;
please see the FAQ <https://wiki.debian.org/Teams/Dpkg/FAQ>
+ for VERSION in $VERSIONS
+ rm -f g++-4.7 gcc-4.7 cpp-4.7 gcc
+ ln -s clang++-9 g++-4.7
+ ln -s clang-9 gcc-4.7
+ ln -s clang-9 cpp-4.7
+ ln -s clang-9 gcc
+ echo 'gcc-4.7 hold'
+ dpkg --set-selections
dpkg: warning: package not in status nor available database at line 1: gcc-4.7
dpkg: warning: found unknown packages; this might mean the available database
is outdated, and needs to be updated through a frontend method;
please see the FAQ <https://wiki.debian.org/Teams/Dpkg/FAQ>
+ echo 'g++-4.7 hold'
+ dpkg --set-selections
dpkg: warning: package not in status nor available database at line 1: g++-4.7
dpkg: warning: found unknown packages; this might mean the available database
is outdated, and needs to be updated through a frontend method;
please see the FAQ <https://wiki.debian.org/Teams/Dpkg/FAQ>
+ for VERSION in $VERSIONS
+ rm -f g++-4.8 gcc-4.8 cpp-4.8 gcc
+ ln -s clang++-9 g++-4.8
+ ln -s clang-9 gcc-4.8
+ ln -s clang-9 cpp-4.8
+ ln -s clang-9 gcc
+ echo 'gcc-4.8 hold'
+ dpkg --set-selections
dpkg: warning: package not in status nor available database at line 1: gcc-4.8
dpkg: warning: found unknown packages; this might mean the available database
is outdated, and needs to be updated through a frontend method;
please see the FAQ <https://wiki.debian.org/Teams/Dpkg/FAQ>
+ echo 'g++-4.8 hold'
+ dpkg --set-selections
dpkg: warning: package not in status nor available database at line 1: g++-4.8
dpkg: warning: found unknown packages; this might mean the available database
is outdated, and needs to be updated through a frontend method;
please see the FAQ <https://wiki.debian.org/Teams/Dpkg/FAQ>
+ for VERSION in $VERSIONS
+ rm -f g++-4.9 gcc-4.9 cpp-4.9 gcc
+ ln -s clang++-9 g++-4.9
+ ln -s clang-9 gcc-4.9
+ ln -s clang-9 cpp-4.9
+ ln -s clang-9 gcc
+ echo 'gcc-4.9 hold'
+ dpkg --set-selections
dpkg: warning: package not in status nor available database at line 1: gcc-4.9
dpkg: warning: found unknown packages; this might mean the available database
is outdated, and needs to be updated through a frontend method;
please see the FAQ <https://wiki.debian.org/Teams/Dpkg/FAQ>
+ echo 'g++-4.9 hold'
+ dpkg --set-selections
dpkg: warning: package not in status nor available database at line 1: g++-4.9
dpkg: warning: found unknown packages; this might mean the available database
is outdated, and needs to be updated through a frontend method;
please see the FAQ <https://wiki.debian.org/Teams/Dpkg/FAQ>
+ for VERSION in $VERSIONS
+ rm -f g++-5 gcc-5 cpp-5 gcc
+ ln -s clang++-9 g++-5
+ ln -s clang-9 gcc-5
+ ln -s clang-9 cpp-5
+ ln -s clang-9 gcc
+ echo 'gcc-5 hold'
+ dpkg --set-selections
dpkg: warning: package not in status nor available database at line 1: gcc-5
dpkg: warning: found unknown packages; this might mean the available database
is outdated, and needs to be updated through a frontend method;
please see the FAQ <https://wiki.debian.org/Teams/Dpkg/FAQ>
+ echo 'g++-5 hold'
+ dpkg --set-selections
dpkg: warning: package not in status nor available database at line 1: g++-5
dpkg: warning: found unknown packages; this might mean the available database
is outdated, and needs to be updated through a frontend method;
please see the FAQ <https://wiki.debian.org/Teams/Dpkg/FAQ>
+ for VERSION in $VERSIONS
+ rm -f g++-6 gcc-6 cpp-6 gcc
+ ln -s clang++-9 g++-6
+ ln -s clang-9 gcc-6
+ ln -s clang-9 cpp-6
+ ln -s clang-9 gcc
+ echo 'gcc-6 hold'
+ dpkg --set-selections
dpkg: warning: package not in status nor available database at line 1: gcc-6
dpkg: warning: found unknown packages; this might mean the available database
is outdated, and needs to be updated through a frontend method;
please see the FAQ <https://wiki.debian.org/Teams/Dpkg/FAQ>
+ echo 'g++-6 hold'
+ dpkg --set-selections
dpkg: warning: package not in status nor available database at line 1: g++-6
dpkg: warning: found unknown packages; this might mean the available database
is outdated, and needs to be updated through a frontend method;
please see the FAQ <https://wiki.debian.org/Teams/Dpkg/FAQ>
+ for VERSION in $VERSIONS
+ rm -f g++-7 gcc-7 cpp-7 gcc
+ ln -s clang++-9 g++-7
+ ln -s clang-9 gcc-7
+ ln -s clang-9 cpp-7
+ ln -s clang-9 gcc
+ echo 'gcc-7 hold'
+ dpkg --set-selections
dpkg: warning: package not in status nor available database at line 1: gcc-7
dpkg: warning: found unknown packages; this might mean the available database
is outdated, and needs to be updated through a frontend method;
please see the FAQ <https://wiki.debian.org/Teams/Dpkg/FAQ>
+ echo 'g++-7 hold'
+ dpkg --set-selections
dpkg: warning: package not in status nor available database at line 1: g++-7
dpkg: warning: found unknown packages; this might mean the available database
is outdated, and needs to be updated through a frontend method;
please see the FAQ <https://wiki.debian.org/Teams/Dpkg/FAQ>
+ for VERSION in $VERSIONS
+ rm -f g++-8 gcc-8 cpp-8 gcc
+ ln -s clang++-9 g++-8
+ ln -s clang-9 gcc-8
+ ln -s clang-9 cpp-8
+ ln -s clang-9 gcc
+ echo 'gcc-8 hold'
+ dpkg --set-selections
dpkg: warning: package not in status nor available database at line 1: gcc-8
dpkg: warning: found unknown packages; this might mean the available database
is outdated, and needs to be updated through a frontend method;
please see the FAQ <https://wiki.debian.org/Teams/Dpkg/FAQ>
+ echo 'g++-8 hold'
+ dpkg --set-selections
dpkg: warning: package not in status nor available database at line 1: g++-8
dpkg: warning: found unknown packages; this might mean the available database
is outdated, and needs to be updated through a frontend method;
please see the FAQ <https://wiki.debian.org/Teams/Dpkg/FAQ>
+ for VERSION in $VERSIONS
+ rm -f g++-9 gcc-9 cpp-9 gcc
+ ln -s clang++-9 g++-9
+ ln -s clang-9 gcc-9
+ ln -s clang-9 cpp-9
+ ln -s clang-9 gcc
+ echo 'gcc-9 hold'
+ dpkg --set-selections
+ echo 'g++-9 hold'
+ dpkg --set-selections
+ for VERSION in $VERSIONS
+ rm -f g++-10 gcc-10 cpp-10 gcc
+ ln -s clang++-9 g++-10
+ ln -s clang-9 gcc-10
+ ln -s clang-9 cpp-10
+ ln -s clang-9 gcc
+ echo 'gcc-10 hold'
+ dpkg --set-selections
dpkg: warning: package not in status nor available database at line 1: gcc-10
dpkg: warning: found unknown packages; this might mean the available database
is outdated, and needs to be updated through a frontend method;
please see the FAQ <https://wiki.debian.org/Teams/Dpkg/FAQ>
+ echo 'g++-10 hold'
+ dpkg --set-selections
dpkg: warning: package not in status nor available database at line 1: g++-10
dpkg: warning: found unknown packages; this might mean the available database
is outdated, and needs to be updated through a frontend method;
please see the FAQ <https://wiki.debian.org/Teams/Dpkg/FAQ>
+ cd -
/build/libdbi-drivers-V5MH7d
+ echo 'Check if gcc, g++ & cpp are actually clang'
Check if gcc, g++ & cpp are actually clang
+ gcc --version
+ grep clang
+ cpp --version
+ grep clang
+ g++ --version
+ grep clang

I: Finished running '/tmp/clang9'.

Finished processing commands.
--------------------------------------------------------------------------------
I: NOTICE: Log filtering will replace 'build/libdbi-drivers-V5MH7d/resolver-76azFK' with '<<RESOLVERDIR>>'

+------------------------------------------------------------------------------+
| Update chroot                                                                |
+------------------------------------------------------------------------------+

Hit:1 http://127.0.0.1:12990/debian sid InRelease
Reading package lists...
Reading package lists...
Building dependency tree...
Reading state information...
Calculating upgrade...
The following packages will be upgraded:
  bash libgmp10 zlib1g
3 upgraded, 0 newly installed, 0 to remove and 0 not upgraded.
Need to get 1722 kB of archives.
After this operation, 4096 B of additional disk space will be used.
Get:1 http://127.0.0.1:12990/debian sid/main amd64 bash amd64 5.0-6 [1379 kB]
Get:2 http://127.0.0.1:12990/debian sid/main amd64 libgmp10 amd64 2:6.2.0+dfsg-4 [253 kB]
Get:3 http://127.0.0.1:12990/debian sid/main amd64 zlib1g amd64 1:1.2.11.dfsg-2 [90.4 kB]
debconf: delaying package configuration, since apt-utils is not installed
Fetched 1722 kB in 0s (73.3 MB/s)
(Reading database ... (Reading database ... 5%(Reading database ... 10%(Reading database ... 15%(Reading database ... 20%(Reading database ... 25%(Reading database ... 30%(Reading database ... 35%(Reading database ... 40%(Reading database ... 45%(Reading database ... 50%(Reading database ... 55%(Reading database ... 60%(Reading database ... 65%(Reading database ... 70%(Reading database ... 75%(Reading database ... 80%(Reading database ... 85%(Reading database ... 90%(Reading database ... 95%(Reading database ... 100%(Reading database ... 13921 files and directories currently installed.)
Preparing to unpack .../archives/bash_5.0-6_amd64.deb ...
Unpacking bash (5.0-6) over (5.0-5) ...
Setting up bash (5.0-6) ...
update-alternatives: using /usr/share/man/man7/bash-builtins.7.gz to provide /usr/share/man/man7/builtins.7.gz (builtins.7.gz) in auto mode
(Reading database ... (Reading database ... 5%(Reading database ... 10%(Reading database ... 15%(Reading database ... 20%(Reading database ... 25%(Reading database ... 30%(Reading database ... 35%(Reading database ... 40%(Reading database ... 45%(Reading database ... 50%(Reading database ... 55%(Reading database ... 60%(Reading database ... 65%(Reading database ... 70%(Reading database ... 75%(Reading database ... 80%(Reading database ... 85%(Reading database ... 90%(Reading database ... 95%(Reading database ... 100%(Reading database ... 13921 files and directories currently installed.)
Preparing to unpack .../libgmp10_2%3a6.2.0+dfsg-4_amd64.deb ...
Unpacking libgmp10:amd64 (2:6.2.0+dfsg-4) over (2:6.2.0+dfsg-3) ...
Setting up libgmp10:amd64 (2:6.2.0+dfsg-4) ...
(Reading database ... (Reading database ... 5%(Reading database ... 10%(Reading database ... 15%(Reading database ... 20%(Reading database ... 25%(Reading database ... 30%(Reading database ... 35%(Reading database ... 40%(Reading database ... 45%(Reading database ... 50%(Reading database ... 55%(Reading database ... 60%(Reading database ... 65%(Reading database ... 70%(Reading database ... 75%(Reading database ... 80%(Reading database ... 85%(Reading database ... 90%(Reading database ... 95%(Reading database ... 100%(Reading database ... 13921 files and directories currently installed.)
Preparing to unpack .../zlib1g_1%3a1.2.11.dfsg-2_amd64.deb ...
Unpacking zlib1g:amd64 (1:1.2.11.dfsg-2) over (1:1.2.11.dfsg-1.2) ...
Setting up zlib1g:amd64 (1:1.2.11.dfsg-2) ...
Processing triggers for libc-bin (2.29-10) ...

+------------------------------------------------------------------------------+
| Fetch source files                                                           |
+------------------------------------------------------------------------------+


Check APT
---------

Checking available source versions...

Download source files with APT
------------------------------

Reading package lists...
Need to get 1845 kB of source archives.
Get:1 http://127.0.0.1:12990/debian sid/main libdbi-drivers 0.9.0-8 (dsc) [2255 B]
Get:2 http://127.0.0.1:12990/debian sid/main libdbi-drivers 0.9.0-8 (tar) [1830 kB]
Get:3 http://127.0.0.1:12990/debian sid/main libdbi-drivers 0.9.0-8 (diff) [12.6 kB]
Fetched 1845 kB in 0s (18.3 MB/s)
Download complete and in download only mode
I: NOTICE: Log filtering will replace 'build/libdbi-drivers-V5MH7d/libdbi-drivers-0.9.0' with '<<PKGBUILDDIR>>'
I: NOTICE: Log filtering will replace 'build/libdbi-drivers-V5MH7d' with '<<BUILDDIR>>'

+------------------------------------------------------------------------------+
| Install package build dependencies                                           |
+------------------------------------------------------------------------------+


Setup apt archive
-----------------

Merged Build-Depends: automake, debhelper-compat (= 12), docbook-dsssl, freetds-dev, libdbi-dev (>= 0.9.0), default-libmysqlclient-dev, libpq-dev (>= 8.3~rc2-1+b1), libsqlite3-dev, libtool, locales-all | language-pack-en, default-mysql-client, default-mysql-server, openjade, postgresql, postgresql-client, build-essential, fakeroot
Filtered Build-Depends: automake, debhelper-compat (= 12), docbook-dsssl, freetds-dev, libdbi-dev (>= 0.9.0), default-libmysqlclient-dev, libpq-dev (>= 8.3~rc2-1+b1), libsqlite3-dev, libtool, locales-all, default-mysql-client, default-mysql-server, openjade, postgresql, postgresql-client, build-essential, fakeroot
dpkg-deb: building package 'sbuild-build-depends-main-dummy' in '/<<RESOLVERDIR>>/apt_archive/sbuild-build-depends-main-dummy.deb'.
Ign:1 copy:/<<RESOLVERDIR>>/apt_archive ./ InRelease
Get:2 copy:/<<RESOLVERDIR>>/apt_archive ./ Release [957 B]
Ign:3 copy:/<<RESOLVERDIR>>/apt_archive ./ Release.gpg
Get:4 copy:/<<RESOLVERDIR>>/apt_archive ./ Sources [502 B]
Get:5 copy:/<<RESOLVERDIR>>/apt_archive ./ Packages [571 B]
Fetched 2030 B in 0s (0 B/s)
Reading package lists...
Reading package lists...

Install main build dependencies (apt-based resolver)
----------------------------------------------------

Installing build dependencies
Reading package lists...
Building dependency tree...
Reading state information...
The following additional packages will be installed:
  autoconf automake autopoint autotools-dev bsdmainutils debhelper
  default-libmysqlclient-dev default-mysql-client default-mysql-server
  dh-autoreconf dh-strip-nondeterminism docbook docbook-dsssl dwz file
  freetds-common freetds-dev galera-3 gawk gettext gettext-base groff-base
  intltool-debian iproute2 libaio1 libarchive-zip-perl libc-l10n libcap2
  libcap2-bin libconfig-inifiles-perl libcroco3 libct4 libdbi-dev libdbi-perl
  libdbi1 libdebhelper-perl libelf1 libevent-2.1-7
  libfile-stripnondeterminism-perl libglib2.0-0 libgmp-dev libgmpxx4ldbl
  libgnutls-dane0 libgnutls-openssl27 libgnutls28-dev libgnutlsxx28
  libgssapi-krb5-2 libicu63 libidn2-dev libk5crypto3 libkeyutils1 libkrb5-3
  libkrb5support0 libldap-2.4-2 libldap-common libmagic-mgc libmagic1
  libmariadb-dev libmariadb-dev-compat libmariadb3 libmnl0 libncurses6 libosp5
  libostyle1c2 libp11-kit-dev libpipeline1 libpopt0 libpq-dev libpq5
  libprocps8 libreadline5 libreadline8 libsasl2-2 libsasl2-modules-db
  libsigsegv2 libsnappy1v5 libsqlite3-0 libsqlite3-dev libssl1.1
  libsub-override-perl libsybdb5 libtasn1-6-dev libtool libuchardet0
  libunbound8 libwrap0 libxml2 libxslt1.1 libxtables12 locales-all lsof m4
  man-db mariadb-client-10.3 mariadb-client-core-10.3 mariadb-common
  mariadb-server-10.3 mariadb-server-core-10.3 mysql-common netbase nettle-dev
  openjade openssl po-debconf postgresql postgresql-12 postgresql-client-12
  postgresql-client-common postgresql-common procps psmisc readline-common
  rsync sensible-utils sgml-base sgml-data socat ssl-cert ucf xml-core
  zlib1g-dev
Suggested packages:
  autoconf-archive gnu-standards autoconf-doc wamerican | wordlist whois
  vacation dh-make docbook-defguide docbook-xml psgml jadetex
  docbook-dsssl-doc gawk-doc gettext-doc libasprintf-dev libgettextpo-dev
  groff iproute2-doc libclone-perl libmldbm-perl libnet-daemon-perl
  libsql-statement-perl gmp-doc libgmp10-doc libmpfr-dev dns-root-data
  gnutls-bin gnutls-doc krb5-doc krb5-user postgresql-doc-12 sqlite3-doc
  libtool-doc gfortran | fortran95-compiler gcj-jdk m4-doc apparmor less
  www-browser mailx mariadb-test netcat-openbsd tinyca doc-base
  ca-certificates libmail-box-perl postgresql-doc libjson-perl readline-doc
  openssh-client openssh-server sgml-base-doc perlsgml w3-recs opensp
  libxml2-utils openssl-blacklist
Recommended packages:
  curl | wget | lynx libatm1 libpam-cap libarchive-cpio-perl libglib2.0-data
  shared-mime-info xdg-user-dirs krb5-locales libgpm2 libsasl2-modules
  libtasn1-doc libltdl-dev libdbd-mysql-perl libterm-readkey-perl
  libhtml-template-perl libmail-sendmail-perl sysstat logrotate
The following NEW packages will be installed:
  autoconf automake autopoint autotools-dev bsdmainutils debhelper
  default-libmysqlclient-dev default-mysql-client default-mysql-server
  dh-autoreconf dh-strip-nondeterminism docbook docbook-dsssl dwz file
  freetds-common freetds-dev galera-3 gawk gettext gettext-base groff-base
  intltool-debian iproute2 libaio1 libarchive-zip-perl libc-l10n libcap2
  libcap2-bin libconfig-inifiles-perl libcroco3 libct4 libdbi-dev libdbi-perl
  libdbi1 libdebhelper-perl libelf1 libevent-2.1-7
  libfile-stripnondeterminism-perl libglib2.0-0 libgmp-dev libgmpxx4ldbl
  libgnutls-dane0 libgnutls-openssl27 libgnutls28-dev libgnutlsxx28
  libgssapi-krb5-2 libicu63 libidn2-dev libk5crypto3 libkeyutils1 libkrb5-3
  libkrb5support0 libldap-2.4-2 libldap-common libmagic-mgc libmagic1
  libmariadb-dev libmariadb-dev-compat libmariadb3 libmnl0 libncurses6 libosp5
  libostyle1c2 libp11-kit-dev libpipeline1 libpopt0 libpq-dev libpq5
  libprocps8 libreadline5 libreadline8 libsasl2-2 libsasl2-modules-db
  libsigsegv2 libsnappy1v5 libsqlite3-0 libsqlite3-dev libssl1.1
  libsub-override-perl libsybdb5 libtasn1-6-dev libtool libuchardet0
  libunbound8 libwrap0 libxml2 libxslt1.1 libxtables12 locales-all lsof m4
  man-db mariadb-client-10.3 mariadb-client-core-10.3 mariadb-common
  mariadb-server-10.3 mariadb-server-core-10.3 mysql-common netbase nettle-dev
  openjade openssl po-debconf postgresql postgresql-12 postgresql-client-12
  postgresql-client-common postgresql-common procps psmisc readline-common
  rsync sbuild-build-depends-main-dummy sensible-utils sgml-base sgml-data
  socat ssl-cert ucf xml-core zlib1g-dev
0 upgraded, 122 newly installed, 0 to remove and 0 not upgraded.
Need to get 84.9 MB of archives.
After this operation, 581 MB of additional disk space will be used.
Get:1 copy:/<<RESOLVERDIR>>/apt_archive ./ sbuild-build-depends-main-dummy 0.invalid.0 [1000 B]
Get:2 http://127.0.0.1:12990/debian sid/main amd64 bsdmainutils amd64 11.1.2+b1 [191 kB]
Get:3 http://127.0.0.1:12990/debian sid/main amd64 libuchardet0 amd64 0.0.6-3 [64.9 kB]
Get:4 http://127.0.0.1:12990/debian sid/main amd64 groff-base amd64 1.22.4-4 [919 kB]
Get:5 http://127.0.0.1:12990/debian sid/main amd64 libpipeline1 amd64 1.5.2-2 [33.9 kB]
Get:6 http://127.0.0.1:12990/debian sid/main amd64 man-db amd64 2.9.0-2 [1307 kB]
Get:7 http://127.0.0.1:12990/debian sid/main amd64 readline-common all 8.0-4 [72.5 kB]
Get:8 http://127.0.0.1:12990/debian sid/main amd64 libreadline8 amd64 8.0-4 [160 kB]
Get:9 http://127.0.0.1:12990/debian sid/main amd64 libsigsegv2 amd64 2.12-2 [32.8 kB]
Get:10 http://127.0.0.1:12990/debian sid/main amd64 gawk amd64 1:5.0.1+dfsg-1 [610 kB]
Get:11 http://127.0.0.1:12990/debian sid/main amd64 mysql-common all 5.8+1.0.5 [7324 B]
Get:12 http://127.0.0.1:12990/debian sid/main amd64 mariadb-common all 1:10.3.22-1 [32.3 kB]
Get:13 http://127.0.0.1:12990/debian sid/main amd64 libssl1.1 amd64 1.1.1d-2 [1540 kB]
Get:14 http://127.0.0.1:12990/debian sid/main amd64 galera-3 amd64 25.3.29-1 [892 kB]
Get:15 http://127.0.0.1:12990/debian sid/main amd64 libcap2 amd64 1:2.32-1 [20.4 kB]
Get:16 http://127.0.0.1:12990/debian sid/main amd64 libelf1 amd64 0.176-1.1 [161 kB]
Get:17 http://127.0.0.1:12990/debian sid/main amd64 libmnl0 amd64 1.0.4-2+b1 [12.8 kB]
Get:18 http://127.0.0.1:12990/debian sid/main amd64 libxtables12 amd64 1.8.4-3 [78.8 kB]
Get:19 http://127.0.0.1:12990/debian sid/main amd64 libcap2-bin amd64 1:2.32-1 [33.6 kB]
Get:20 http://127.0.0.1:12990/debian sid/main amd64 iproute2 amd64 5.5.0-1 [869 kB]
Get:21 http://127.0.0.1:12990/debian sid/main amd64 libdbi-perl amd64 1.643-1 [780 kB]
Get:22 http://127.0.0.1:12990/debian sid/main amd64 lsof amd64 4.93.2+dfsg-1 [319 kB]
Get:23 http://127.0.0.1:12990/debian sid/main amd64 libconfig-inifiles-perl all 3.000002-1 [52.0 kB]
Get:24 http://127.0.0.1:12990/debian sid/main amd64 libaio1 amd64 0.3.112-5 [11.7 kB]
Get:25 http://127.0.0.1:12990/debian sid/main amd64 libncurses6 amd64 6.1+20191019-1 [102 kB]
Get:26 http://127.0.0.1:12990/debian sid/main amd64 libreadline5 amd64 5.2+dfsg-3+b13 [120 kB]
Get:27 http://127.0.0.1:12990/debian sid/main amd64 libsnappy1v5 amd64 1.1.8-1 [17.9 kB]
Get:28 http://127.0.0.1:12990/debian sid/main amd64 mariadb-client-core-10.3 amd64 1:10.3.22-1 [5802 kB]
Get:29 http://127.0.0.1:12990/debian sid/main amd64 mariadb-client-10.3 amd64 1:10.3.22-1 [1140 kB]
Get:30 http://127.0.0.1:12990/debian sid/main amd64 mariadb-server-core-10.3 amd64 1:10.3.22-1 [6031 kB]
Get:31 http://127.0.0.1:12990/debian sid/main amd64 psmisc amd64 23.3-1 [131 kB]
Get:32 http://127.0.0.1:12990/debian sid/main amd64 libpopt0 amd64 1.16-14 [49.5 kB]
Get:33 http://127.0.0.1:12990/debian sid/main amd64 rsync amd64 3.1.3-8 [329 kB]
Get:34 http://127.0.0.1:12990/debian sid/main amd64 libwrap0 amd64 7.6.q-30 [58.9 kB]
Get:35 http://127.0.0.1:12990/debian sid/main amd64 socat amd64 1.7.3.3-2 [348 kB]
Get:36 http://127.0.0.1:12990/debian sid/main amd64 mariadb-server-10.3 amd64 1:10.3.22-1 [4203 kB]
Get:37 http://127.0.0.1:12990/debian sid/main amd64 sgml-base all 1.29.1 [15.0 kB]
Get:38 http://127.0.0.1:12990/debian sid/main amd64 netbase all 6.1 [19.9 kB]
Get:39 http://127.0.0.1:12990/debian sid/main amd64 libprocps8 amd64 2:3.3.16-1+b1 [62.8 kB]
Get:40 http://127.0.0.1:12990/debian sid/main amd64 procps amd64 2:3.3.16-1+b1 [263 kB]
Get:41 http://127.0.0.1:12990/debian sid/main amd64 sensible-utils all 0.0.12+nmu1 [16.0 kB]
Get:42 http://127.0.0.1:12990/debian sid/main amd64 libmagic-mgc amd64 1:5.38-4 [262 kB]
Get:43 http://127.0.0.1:12990/debian sid/main amd64 libmagic1 amd64 1:5.38-4 [120 kB]
Get:44 http://127.0.0.1:12990/debian sid/main amd64 file amd64 1:5.38-4 [67.9 kB]
Get:45 http://127.0.0.1:12990/debian sid/main amd64 gettext-base amd64 0.19.8.1-10 [123 kB]
Get:46 http://127.0.0.1:12990/debian sid/main amd64 libc-l10n all 2.29-10 [859 kB]
Get:47 http://127.0.0.1:12990/debian sid/main amd64 ucf all 3.0038+nmu1 [69.0 kB]
Get:48 http://127.0.0.1:12990/debian sid/main amd64 m4 amd64 1.4.18-4 [203 kB]
Get:49 http://127.0.0.1:12990/debian sid/main amd64 autoconf all 2.69-11.1 [341 kB]
Get:50 http://127.0.0.1:12990/debian sid/main amd64 autotools-dev all 20180224.1 [77.0 kB]
Get:51 http://127.0.0.1:12990/debian sid/main amd64 automake all 1:1.16.1-4 [771 kB]
Get:52 http://127.0.0.1:12990/debian sid/main amd64 autopoint all 0.19.8.1-10 [435 kB]
Get:53 http://127.0.0.1:12990/debian sid/main amd64 libtool all 2.4.6-13 [513 kB]
Get:54 http://127.0.0.1:12990/debian sid/main amd64 dh-autoreconf all 19 [16.9 kB]
Get:55 http://127.0.0.1:12990/debian sid/main amd64 libdebhelper-perl all 12.9 [183 kB]
Get:56 http://127.0.0.1:12990/debian sid/main amd64 libarchive-zip-perl all 1.67-1 [104 kB]
Get:57 http://127.0.0.1:12990/debian sid/main amd64 libsub-override-perl all 0.09-2 [10.2 kB]
Get:58 http://127.0.0.1:12990/debian sid/main amd64 libfile-stripnondeterminism-perl all 1.6.3-2 [23.7 kB]
Get:59 http://127.0.0.1:12990/debian sid/main amd64 dh-strip-nondeterminism all 1.6.3-2 [14.7 kB]
Get:60 http://127.0.0.1:12990/debian sid/main amd64 dwz amd64 0.13-5 [151 kB]
Get:61 http://127.0.0.1:12990/debian sid/main amd64 libglib2.0-0 amd64 2.62.4-2 [1319 kB]
Get:62 http://127.0.0.1:12990/debian sid/main amd64 libicu63 amd64 63.2-2 [8301 kB]
Get:63 http://127.0.0.1:12990/debian sid/main amd64 libxml2 amd64 2.9.10+dfsg-3 [709 kB]
Get:64 http://127.0.0.1:12990/debian sid/main amd64 libcroco3 amd64 0.6.13-1 [146 kB]
Get:65 http://127.0.0.1:12990/debian sid/main amd64 gettext amd64 0.19.8.1-10 [1303 kB]
Get:66 http://127.0.0.1:12990/debian sid/main amd64 intltool-debian all 0.35.0+20060710.5 [26.8 kB]
Get:67 http://127.0.0.1:12990/debian sid/main amd64 po-debconf all 1.0.21 [248 kB]
Get:68 http://127.0.0.1:12990/debian sid/main amd64 debhelper all 12.9 [994 kB]
Get:69 http://127.0.0.1:12990/debian sid/main amd64 libmariadb3 amd64 1:10.3.22-1 [171 kB]
Get:70 http://127.0.0.1:12990/debian sid/main amd64 libevent-2.1-7 amd64 2.1.11-stable-1 [186 kB]
Get:71 http://127.0.0.1:12990/debian sid/main amd64 libunbound8 amd64 1.9.6-2 [467 kB]
Get:72 http://127.0.0.1:12990/debian sid/main amd64 libgnutls-dane0 amd64 3.6.12-2 [354 kB]
Get:73 http://127.0.0.1:12990/debian sid/main amd64 libgnutls-openssl27 amd64 3.6.12-2 [355 kB]
Get:74 http://127.0.0.1:12990/debian sid/main amd64 libgnutlsxx28 amd64 3.6.12-2 [14.6 kB]
Get:75 http://127.0.0.1:12990/debian sid/main amd64 libidn2-dev amd64 2.2.0-2 [84.5 kB]
Get:76 http://127.0.0.1:12990/debian sid/main amd64 libp11-kit-dev amd64 0.23.20-1 [205 kB]
Get:77 http://127.0.0.1:12990/debian sid/main amd64 libtasn1-6-dev amd64 4.16.0-2 [104 kB]
Get:78 http://127.0.0.1:12990/debian sid/main amd64 libgmpxx4ldbl amd64 2:6.2.0+dfsg-4 [23.0 kB]
Get:79 http://127.0.0.1:12990/debian sid/main amd64 libgmp-dev amd64 2:6.2.0+dfsg-4 [643 kB]
Get:80 http://127.0.0.1:12990/debian sid/main amd64 nettle-dev amd64 3.5.1+really3.5.1-2 [1115 kB]
Get:81 http://127.0.0.1:12990/debian sid/main amd64 libgnutls28-dev amd64 3.6.12-2 [1193 kB]
Get:82 http://127.0.0.1:12990/debian sid/main amd64 zlib1g-dev amd64 1:1.2.11.dfsg-2 [190 kB]
Get:83 http://127.0.0.1:12990/debian sid/main amd64 libmariadb-dev amd64 1:10.3.22-1 [1012 kB]
Get:84 http://127.0.0.1:12990/debian sid/main amd64 libmariadb-dev-compat amd64 1:10.3.22-1 [31.5 kB]
Get:85 http://127.0.0.1:12990/debian sid/main amd64 default-libmysqlclient-dev amd64 1.0.5 [3764 B]
Get:86 http://127.0.0.1:12990/debian sid/main amd64 default-mysql-client all 1.0.5 [3532 B]
Get:87 http://127.0.0.1:12990/debian sid/main amd64 default-mysql-server all 1.0.5 [3540 B]
Get:88 http://127.0.0.1:12990/debian sid/main amd64 xml-core all 0.18+nmu1 [23.8 kB]
Get:89 http://127.0.0.1:12990/debian sid/main amd64 sgml-data all 2.0.11 [179 kB]
Get:90 http://127.0.0.1:12990/debian sid/main amd64 docbook all 4.5-6 [129 kB]
Get:91 http://127.0.0.1:12990/debian sid/main amd64 libosp5 amd64 1.5.2-13+b1 [948 kB]
Get:92 http://127.0.0.1:12990/debian sid/main amd64 libostyle1c2 amd64 1.4devel1-21.3+b1 [619 kB]
Get:93 http://127.0.0.1:12990/debian sid/main amd64 openjade amd64 1.4devel1-21.3+b1 [266 kB]
Get:94 http://127.0.0.1:12990/debian sid/main amd64 docbook-dsssl all 1.79-9.1 [234 kB]
Get:95 http://127.0.0.1:12990/debian sid/main amd64 freetds-common all 1.1.6-1.1 [32.2 kB]
Get:96 http://127.0.0.1:12990/debian sid/main amd64 libkeyutils1 amd64 1.6.1-2 [15.4 kB]
Get:97 http://127.0.0.1:12990/debian sid/main amd64 libkrb5support0 amd64 1.17-6 [64.6 kB]
Get:98 http://127.0.0.1:12990/debian sid/main amd64 libk5crypto3 amd64 1.17-6 [116 kB]
Get:99 http://127.0.0.1:12990/debian sid/main amd64 libkrb5-3 amd64 1.17-6 [366 kB]
Get:100 http://127.0.0.1:12990/debian sid/main amd64 libgssapi-krb5-2 amd64 1.17-6 [156 kB]
Get:101 http://127.0.0.1:12990/debian sid/main amd64 libct4 amd64 1.1.6-1.1 [158 kB]
Get:102 http://127.0.0.1:12990/debian sid/main amd64 libsybdb5 amd64 1.1.6-1.1 [186 kB]
Get:103 http://127.0.0.1:12990/debian sid/main amd64 freetds-dev amd64 1.1.6-1.1 [277 kB]
Get:104 http://127.0.0.1:12990/debian sid/main amd64 libdbi1 amd64 0.9.0-5+b1 [32.2 kB]
Get:105 http://127.0.0.1:12990/debian sid/main amd64 libdbi-dev amd64 0.9.0-5+b1 [35.9 kB]
Get:106 http://127.0.0.1:12990/debian sid/main amd64 libsasl2-modules-db amd64 2.1.27+dfsg-2 [69.0 kB]
Get:107 http://127.0.0.1:12990/debian sid/main amd64 libsasl2-2 amd64 2.1.27+dfsg-2 [106 kB]
Get:108 http://127.0.0.1:12990/debian sid/main amd64 libldap-common all 2.4.49+dfsg-1 [91.9 kB]
Get:109 http://127.0.0.1:12990/debian sid/main amd64 libldap-2.4-2 amd64 2.4.49+dfsg-1 [226 kB]
Get:110 http://127.0.0.1:12990/debian sid/main amd64 libpq5 amd64 12.2-1 [172 kB]
Get:111 http://127.0.0.1:12990/debian sid/main amd64 libpq-dev amd64 12.2-1 [137 kB]
Get:112 http://127.0.0.1:12990/debian sid/main amd64 libsqlite3-0 amd64 3.31.1-3 [661 kB]
Get:113 http://127.0.0.1:12990/debian sid/main amd64 libsqlite3-dev amd64 3.31.1-3 [810 kB]
Get:114 http://127.0.0.1:12990/debian sid/main amd64 libxslt1.1 amd64 1.1.34-3 [239 kB]
Get:115 http://127.0.0.1:12990/debian sid/main amd64 locales-all amd64 2.29-10 [10.8 MB]
Get:116 http://127.0.0.1:12990/debian sid/main amd64 openssl amd64 1.1.1d-2 [840 kB]
Get:117 http://127.0.0.1:12990/debian sid/main amd64 postgresql-client-common all 213 [87.1 kB]
Get:118 http://127.0.0.1:12990/debian sid/main amd64 postgresql-client-12 amd64 12.2-1 [1389 kB]
Get:119 http://127.0.0.1:12990/debian sid/main amd64 ssl-cert all 1.0.39 [20.8 kB]
Get:120 http://127.0.0.1:12990/debian sid/main amd64 postgresql-common all 213 [236 kB]
Get:121 http://127.0.0.1:12990/debian sid/main amd64 postgresql-12 amd64 12.2-1 [14.7 MB]
Get:122 http://127.0.0.1:12990/debian sid/main amd64 postgresql all 12+213 [62.8 kB]
debconf: delaying package configuration, since apt-utils is not installed
Fetched 84.9 MB in 1s (91.5 MB/s)
Selecting previously unselected package bsdmainutils.
(Reading database ... 13921 files and directories currently installed.)
Preparing to unpack .../0-bsdmainutils_11.1.2+b1_amd64.deb ...
Unpacking bsdmainutils (11.1.2+b1) ...
Selecting previously unselected package libuchardet0:amd64.
Preparing to unpack .../1-libuchardet0_0.0.6-3_amd64.deb ...
Unpacking libuchardet0:amd64 (0.0.6-3) ...
Selecting previously unselected package groff-base.
Preparing to unpack .../2-groff-base_1.22.4-4_amd64.deb ...
Unpacking groff-base (1.22.4-4) ...
Selecting previously unselected package libpipeline1:amd64.
Preparing to unpack .../3-libpipeline1_1.5.2-2_amd64.deb ...
Unpacking libpipeline1:amd64 (1.5.2-2) ...
Selecting previously unselected package man-db.
Preparing to unpack .../4-man-db_2.9.0-2_amd64.deb ...
Unpacking man-db (2.9.0-2) ...
Selecting previously unselected package readline-common.
Preparing to unpack .../5-readline-common_8.0-4_all.deb ...
Unpacking readline-common (8.0-4) ...
Selecting previously unselected package libreadline8:amd64.
Preparing to unpack .../6-libreadline8_8.0-4_amd64.deb ...
Unpacking libreadline8:amd64 (8.0-4) ...
Selecting previously unselected package libsigsegv2:amd64.
Preparing to unpack .../7-libsigsegv2_2.12-2_amd64.deb ...
Unpacking libsigsegv2:amd64 (2.12-2) ...
Setting up readline-common (8.0-4) ...
Setting up libreadline8:amd64 (8.0-4) ...
Setting up libsigsegv2:amd64 (2.12-2) ...
Selecting previously unselected package gawk.
(Reading database ... 14600 files and directories currently installed.)
Preparing to unpack .../00-gawk_1%3a5.0.1+dfsg-1_amd64.deb ...
Unpacking gawk (1:5.0.1+dfsg-1) ...
Selecting previously unselected package mysql-common.
Preparing to unpack .../01-mysql-common_5.8+1.0.5_all.deb ...
Unpacking mysql-common (5.8+1.0.5) ...
Selecting previously unselected package mariadb-common.
Preparing to unpack .../02-mariadb-common_1%3a10.3.22-1_all.deb ...
Unpacking mariadb-common (1:10.3.22-1) ...
Selecting previously unselected package libssl1.1:amd64.
Preparing to unpack .../03-libssl1.1_1.1.1d-2_amd64.deb ...
Unpacking libssl1.1:amd64 (1.1.1d-2) ...
Selecting previously unselected package galera-3.
Preparing to unpack .../04-galera-3_25.3.29-1_amd64.deb ...
Unpacking galera-3 (25.3.29-1) ...
Selecting previously unselected package libcap2:amd64.
Preparing to unpack .../05-libcap2_1%3a2.32-1_amd64.deb ...
Unpacking libcap2:amd64 (1:2.32-1) ...
Selecting previously unselected package libelf1:amd64.
Preparing to unpack .../06-libelf1_0.176-1.1_amd64.deb ...
Unpacking libelf1:amd64 (0.176-1.1) ...
Selecting previously unselected package libmnl0:amd64.
Preparing to unpack .../07-libmnl0_1.0.4-2+b1_amd64.deb ...
Unpacking libmnl0:amd64 (1.0.4-2+b1) ...
Selecting previously unselected package libxtables12:amd64.
Preparing to unpack .../08-libxtables12_1.8.4-3_amd64.deb ...
Unpacking libxtables12:amd64 (1.8.4-3) ...
Selecting previously unselected package libcap2-bin.
Preparing to unpack .../09-libcap2-bin_1%3a2.32-1_amd64.deb ...
Unpacking libcap2-bin (1:2.32-1) ...
Selecting previously unselected package iproute2.
Preparing to unpack .../10-iproute2_5.5.0-1_amd64.deb ...
Unpacking iproute2 (5.5.0-1) ...
Selecting previously unselected package libdbi-perl:amd64.
Preparing to unpack .../11-libdbi-perl_1.643-1_amd64.deb ...
Unpacking libdbi-perl:amd64 (1.643-1) ...
Selecting previously unselected package lsof.
Preparing to unpack .../12-lsof_4.93.2+dfsg-1_amd64.deb ...
Unpacking lsof (4.93.2+dfsg-1) ...
Selecting previously unselected package libconfig-inifiles-perl.
Preparing to unpack .../13-libconfig-inifiles-perl_3.000002-1_all.deb ...
Unpacking libconfig-inifiles-perl (3.000002-1) ...
Selecting previously unselected package libaio1:amd64.
Preparing to unpack .../14-libaio1_0.3.112-5_amd64.deb ...
Unpacking libaio1:amd64 (0.3.112-5) ...
Selecting previously unselected package libncurses6:amd64.
Preparing to unpack .../15-libncurses6_6.1+20191019-1_amd64.deb ...
Unpacking libncurses6:amd64 (6.1+20191019-1) ...
Selecting previously unselected package libreadline5:amd64.
Preparing to unpack .../16-libreadline5_5.2+dfsg-3+b13_amd64.deb ...
Unpacking libreadline5:amd64 (5.2+dfsg-3+b13) ...
Selecting previously unselected package libsnappy1v5:amd64.
Preparing to unpack .../17-libsnappy1v5_1.1.8-1_amd64.deb ...
Unpacking libsnappy1v5:amd64 (1.1.8-1) ...
Selecting previously unselected package mariadb-client-core-10.3.
Preparing to unpack .../18-mariadb-client-core-10.3_1%3a10.3.22-1_amd64.deb ...
Unpacking mariadb-client-core-10.3 (1:10.3.22-1) ...
Selecting previously unselected package mariadb-client-10.3.
Preparing to unpack .../19-mariadb-client-10.3_1%3a10.3.22-1_amd64.deb ...
Unpacking mariadb-client-10.3 (1:10.3.22-1) ...
Selecting previously unselected package mariadb-server-core-10.3.
Preparing to unpack .../20-mariadb-server-core-10.3_1%3a10.3.22-1_amd64.deb ...
Unpacking mariadb-server-core-10.3 (1:10.3.22-1) ...
Selecting previously unselected package psmisc.
Preparing to unpack .../21-psmisc_23.3-1_amd64.deb ...
Unpacking psmisc (23.3-1) ...
Selecting previously unselected package libpopt0:amd64.
Preparing to unpack .../22-libpopt0_1.16-14_amd64.deb ...
Unpacking libpopt0:amd64 (1.16-14) ...
Selecting previously unselected package rsync.
Preparing to unpack .../23-rsync_3.1.3-8_amd64.deb ...
Unpacking rsync (3.1.3-8) ...
Selecting previously unselected package libwrap0:amd64.
Preparing to unpack .../24-libwrap0_7.6.q-30_amd64.deb ...
Unpacking libwrap0:amd64 (7.6.q-30) ...
Selecting previously unselected package socat.
Preparing to unpack .../25-socat_1.7.3.3-2_amd64.deb ...
Unpacking socat (1.7.3.3-2) ...
Setting up mysql-common (5.8+1.0.5) ...
update-alternatives: using /etc/mysql/my.cnf.fallback to provide /etc/mysql/my.cnf (my.cnf) in auto mode
Setting up mariadb-common (1:10.3.22-1) ...
update-alternatives: using /etc/mysql/mariadb.cnf to provide /etc/mysql/my.cnf (my.cnf) in auto mode
Selecting previously unselected package mariadb-server-10.3.
(Reading database ... 15580 files and directories currently installed.)
Preparing to unpack .../00-mariadb-server-10.3_1%3a10.3.22-1_amd64.deb ...
Unpacking mariadb-server-10.3 (1:10.3.22-1) ...
Selecting previously unselected package sgml-base.
Preparing to unpack .../01-sgml-base_1.29.1_all.deb ...
Unpacking sgml-base (1.29.1) ...
Selecting previously unselected package netbase.
Preparing to unpack .../02-netbase_6.1_all.deb ...
Unpacking netbase (6.1) ...
Selecting previously unselected package libprocps8:amd64.
Preparing to unpack .../03-libprocps8_2%3a3.3.16-1+b1_amd64.deb ...
Unpacking libprocps8:amd64 (2:3.3.16-1+b1) ...
Selecting previously unselected package procps.
Preparing to unpack .../04-procps_2%3a3.3.16-1+b1_amd64.deb ...
Unpacking procps (2:3.3.16-1+b1) ...
Selecting previously unselected package sensible-utils.
Preparing to unpack .../05-sensible-utils_0.0.12+nmu1_all.deb ...
Unpacking sensible-utils (0.0.12+nmu1) ...
Selecting previously unselected package libmagic-mgc.
Preparing to unpack .../06-libmagic-mgc_1%3a5.38-4_amd64.deb ...
Unpacking libmagic-mgc (1:5.38-4) ...
Selecting previously unselected package libmagic1:amd64.
Preparing to unpack .../07-libmagic1_1%3a5.38-4_amd64.deb ...
Unpacking libmagic1:amd64 (1:5.38-4) ...
Selecting previously unselected package file.
Preparing to unpack .../08-file_1%3a5.38-4_amd64.deb ...
Unpacking file (1:5.38-4) ...
Selecting previously unselected package gettext-base.
Preparing to unpack .../09-gettext-base_0.19.8.1-10_amd64.deb ...
Unpacking gettext-base (0.19.8.1-10) ...
Selecting previously unselected package libc-l10n.
Preparing to unpack .../10-libc-l10n_2.29-10_all.deb ...
Unpacking libc-l10n (2.29-10) ...
Selecting previously unselected package ucf.
Preparing to unpack .../11-ucf_3.0038+nmu1_all.deb ...
Moving old data out of the way
Unpacking ucf (3.0038+nmu1) ...
Selecting previously unselected package m4.
Preparing to unpack .../12-m4_1.4.18-4_amd64.deb ...
Unpacking m4 (1.4.18-4) ...
Selecting previously unselected package autoconf.
Preparing to unpack .../13-autoconf_2.69-11.1_all.deb ...
Unpacking autoconf (2.69-11.1) ...
Selecting previously unselected package autotools-dev.
Preparing to unpack .../14-autotools-dev_20180224.1_all.deb ...
Unpacking autotools-dev (20180224.1) ...
Selecting previously unselected package automake.
Preparing to unpack .../15-automake_1%3a1.16.1-4_all.deb ...
Unpacking automake (1:1.16.1-4) ...
Selecting previously unselected package autopoint.
Preparing to unpack .../16-autopoint_0.19.8.1-10_all.deb ...
Unpacking autopoint (0.19.8.1-10) ...
Selecting previously unselected package libtool.
Preparing to unpack .../17-libtool_2.4.6-13_all.deb ...
Unpacking libtool (2.4.6-13) ...
Selecting previously unselected package dh-autoreconf.
Preparing to unpack .../18-dh-autoreconf_19_all.deb ...
Unpacking dh-autoreconf (19) ...
Selecting previously unselected package libdebhelper-perl.
Preparing to unpack .../19-libdebhelper-perl_12.9_all.deb ...
Unpacking libdebhelper-perl (12.9) ...
Selecting previously unselected package libarchive-zip-perl.
Preparing to unpack .../20-libarchive-zip-perl_1.67-1_all.deb ...
Unpacking libarchive-zip-perl (1.67-1) ...
Selecting previously unselected package libsub-override-perl.
Preparing to unpack .../21-libsub-override-perl_0.09-2_all.deb ...
Unpacking libsub-override-perl (0.09-2) ...
Selecting previously unselected package libfile-stripnondeterminism-perl.
Preparing to unpack .../22-libfile-stripnondeterminism-perl_1.6.3-2_all.deb ...
Unpacking libfile-stripnondeterminism-perl (1.6.3-2) ...
Selecting previously unselected package dh-strip-nondeterminism.
Preparing to unpack .../23-dh-strip-nondeterminism_1.6.3-2_all.deb ...
Unpacking dh-strip-nondeterminism (1.6.3-2) ...
Selecting previously unselected package dwz.
Preparing to unpack .../24-dwz_0.13-5_amd64.deb ...
Unpacking dwz (0.13-5) ...
Selecting previously unselected package libglib2.0-0:amd64.
Preparing to unpack .../25-libglib2.0-0_2.62.4-2_amd64.deb ...
Unpacking libglib2.0-0:amd64 (2.62.4-2) ...
Selecting previously unselected package libicu63:amd64.
Preparing to unpack .../26-libicu63_63.2-2_amd64.deb ...
Unpacking libicu63:amd64 (63.2-2) ...
Selecting previously unselected package libxml2:amd64.
Preparing to unpack .../27-libxml2_2.9.10+dfsg-3_amd64.deb ...
Unpacking libxml2:amd64 (2.9.10+dfsg-3) ...
Selecting previously unselected package libcroco3:amd64.
Preparing to unpack .../28-libcroco3_0.6.13-1_amd64.deb ...
Unpacking libcroco3:amd64 (0.6.13-1) ...
Selecting previously unselected package gettext.
Preparing to unpack .../29-gettext_0.19.8.1-10_amd64.deb ...
Unpacking gettext (0.19.8.1-10) ...
Selecting previously unselected package intltool-debian.
Preparing to unpack .../30-intltool-debian_0.35.0+20060710.5_all.deb ...
Unpacking intltool-debian (0.35.0+20060710.5) ...
Selecting previously unselected package po-debconf.
Preparing to unpack .../31-po-debconf_1.0.21_all.deb ...
Unpacking po-debconf (1.0.21) ...
Selecting previously unselected package debhelper.
Preparing to unpack .../32-debhelper_12.9_all.deb ...
Unpacking debhelper (12.9) ...
Selecting previously unselected package libmariadb3:amd64.
Preparing to unpack .../33-libmariadb3_1%3a10.3.22-1_amd64.deb ...
Unpacking libmariadb3:amd64 (1:10.3.22-1) ...
Selecting previously unselected package libevent-2.1-7:amd64.
Preparing to unpack .../34-libevent-2.1-7_2.1.11-stable-1_amd64.deb ...
Unpacking libevent-2.1-7:amd64 (2.1.11-stable-1) ...
Selecting previously unselected package libunbound8:amd64.
Preparing to unpack .../35-libunbound8_1.9.6-2_amd64.deb ...
Unpacking libunbound8:amd64 (1.9.6-2) ...
Selecting previously unselected package libgnutls-dane0:amd64.
Preparing to unpack .../36-libgnutls-dane0_3.6.12-2_amd64.deb ...
Unpacking libgnutls-dane0:amd64 (3.6.12-2) ...
Selecting previously unselected package libgnutls-openssl27:amd64.
Preparing to unpack .../37-libgnutls-openssl27_3.6.12-2_amd64.deb ...
Unpacking libgnutls-openssl27:amd64 (3.6.12-2) ...
Selecting previously unselected package libgnutlsxx28:amd64.
Preparing to unpack .../38-libgnutlsxx28_3.6.12-2_amd64.deb ...
Unpacking libgnutlsxx28:amd64 (3.6.12-2) ...
Selecting previously unselected package libidn2-dev:amd64.
Preparing to unpack .../39-libidn2-dev_2.2.0-2_amd64.deb ...
Unpacking libidn2-dev:amd64 (2.2.0-2) ...
Selecting previously unselected package libp11-kit-dev:amd64.
Preparing to unpack .../40-libp11-kit-dev_0.23.20-1_amd64.deb ...
Unpacking libp11-kit-dev:amd64 (0.23.20-1) ...
Selecting previously unselected package libtasn1-6-dev:amd64.
Preparing to unpack .../41-libtasn1-6-dev_4.16.0-2_amd64.deb ...
Unpacking libtasn1-6-dev:amd64 (4.16.0-2) ...
Selecting previously unselected package libgmpxx4ldbl:amd64.
Preparing to unpack .../42-libgmpxx4ldbl_2%3a6.2.0+dfsg-4_amd64.deb ...
Unpacking libgmpxx4ldbl:amd64 (2:6.2.0+dfsg-4) ...
Selecting previously unselected package libgmp-dev:amd64.
Preparing to unpack .../43-libgmp-dev_2%3a6.2.0+dfsg-4_amd64.deb ...
Unpacking libgmp-dev:amd64 (2:6.2.0+dfsg-4) ...
Selecting previously unselected package nettle-dev:amd64.
Preparing to unpack .../44-nettle-dev_3.5.1+really3.5.1-2_amd64.deb ...
Unpacking nettle-dev:amd64 (3.5.1+really3.5.1-2) ...
Selecting previously unselected package libgnutls28-dev:amd64.
Preparing to unpack .../45-libgnutls28-dev_3.6.12-2_amd64.deb ...
Unpacking libgnutls28-dev:amd64 (3.6.12-2) ...
Selecting previously unselected package zlib1g-dev:amd64.
Preparing to unpack .../46-zlib1g-dev_1%3a1.2.11.dfsg-2_amd64.deb ...
Unpacking zlib1g-dev:amd64 (1:1.2.11.dfsg-2) ...
Selecting previously unselected package libmariadb-dev.
Preparing to unpack .../47-libmariadb-dev_1%3a10.3.22-1_amd64.deb ...
Unpacking libmariadb-dev (1:10.3.22-1) ...
Selecting previously unselected package libmariadb-dev-compat:amd64.
Preparing to unpack .../48-libmariadb-dev-compat_1%3a10.3.22-1_amd64.deb ...
Unpacking libmariadb-dev-compat:amd64 (1:10.3.22-1) ...
Selecting previously unselected package default-libmysqlclient-dev:amd64.
Preparing to unpack .../49-default-libmysqlclient-dev_1.0.5_amd64.deb ...
Unpacking default-libmysqlclient-dev:amd64 (1.0.5) ...
Selecting previously unselected package default-mysql-client.
Preparing to unpack .../50-default-mysql-client_1.0.5_all.deb ...
Unpacking default-mysql-client (1.0.5) ...
Selecting previously unselected package default-mysql-server.
Preparing to unpack .../51-default-mysql-server_1.0.5_all.deb ...
Unpacking default-mysql-server (1.0.5) ...
Selecting previously unselected package xml-core.
Preparing to unpack .../52-xml-core_0.18+nmu1_all.deb ...
Unpacking xml-core (0.18+nmu1) ...
Selecting previously unselected package sgml-data.
Preparing to unpack .../53-sgml-data_2.0.11_all.deb ...
Unpacking sgml-data (2.0.11) ...
Selecting previously unselected package docbook.
Preparing to unpack .../54-docbook_4.5-6_all.deb ...
Unpacking docbook (4.5-6) ...
Selecting previously unselected package libosp5.
Preparing to unpack .../55-libosp5_1.5.2-13+b1_amd64.deb ...
Unpacking libosp5 (1.5.2-13+b1) ...
Selecting previously unselected package libostyle1c2.
Preparing to unpack .../56-libostyle1c2_1.4devel1-21.3+b1_amd64.deb ...
Unpacking libostyle1c2 (1.4devel1-21.3+b1) ...
Selecting previously unselected package openjade.
Preparing to unpack .../57-openjade_1.4devel1-21.3+b1_amd64.deb ...
Unpacking openjade (1.4devel1-21.3+b1) ...
Selecting previously unselected package docbook-dsssl.
Preparing to unpack .../58-docbook-dsssl_1.79-9.1_all.deb ...
Unpacking docbook-dsssl (1.79-9.1) ...
Selecting previously unselected package freetds-common.
Preparing to unpack .../59-freetds-common_1.1.6-1.1_all.deb ...
Unpacking freetds-common (1.1.6-1.1) ...
Selecting previously unselected package libkeyutils1:amd64.
Preparing to unpack .../60-libkeyutils1_1.6.1-2_amd64.deb ...
Unpacking libkeyutils1:amd64 (1.6.1-2) ...
Selecting previously unselected package libkrb5support0:amd64.
Preparing to unpack .../61-libkrb5support0_1.17-6_amd64.deb ...
Unpacking libkrb5support0:amd64 (1.17-6) ...
Selecting previously unselected package libk5crypto3:amd64.
Preparing to unpack .../62-libk5crypto3_1.17-6_amd64.deb ...
Unpacking libk5crypto3:amd64 (1.17-6) ...
Selecting previously unselected package libkrb5-3:amd64.
Preparing to unpack .../63-libkrb5-3_1.17-6_amd64.deb ...
Unpacking libkrb5-3:amd64 (1.17-6) ...
Selecting previously unselected package libgssapi-krb5-2:amd64.
Preparing to unpack .../64-libgssapi-krb5-2_1.17-6_amd64.deb ...
Unpacking libgssapi-krb5-2:amd64 (1.17-6) ...
Selecting previously unselected package libct4:amd64.
Preparing to unpack .../65-libct4_1.1.6-1.1_amd64.deb ...
Unpacking libct4:amd64 (1.1.6-1.1) ...
Selecting previously unselected package libsybdb5:amd64.
Preparing to unpack .../66-libsybdb5_1.1.6-1.1_amd64.deb ...
Unpacking libsybdb5:amd64 (1.1.6-1.1) ...
Selecting previously unselected package freetds-dev.
Preparing to unpack .../67-freetds-dev_1.1.6-1.1_amd64.deb ...
Unpacking freetds-dev (1.1.6-1.1) ...
Selecting previously unselected package libdbi1:amd64.
Preparing to unpack .../68-libdbi1_0.9.0-5+b1_amd64.deb ...
Unpacking libdbi1:amd64 (0.9.0-5+b1) ...
Selecting previously unselected package libdbi-dev.
Preparing to unpack .../69-libdbi-dev_0.9.0-5+b1_amd64.deb ...
Unpacking libdbi-dev (0.9.0-5+b1) ...
Selecting previously unselected package libsasl2-modules-db:amd64.
Preparing to unpack .../70-libsasl2-modules-db_2.1.27+dfsg-2_amd64.deb ...
Unpacking libsasl2-modules-db:amd64 (2.1.27+dfsg-2) ...
Selecting previously unselected package libsasl2-2:amd64.
Preparing to unpack .../71-libsasl2-2_2.1.27+dfsg-2_amd64.deb ...
Unpacking libsasl2-2:amd64 (2.1.27+dfsg-2) ...
Selecting previously unselected package libldap-common.
Preparing to unpack .../72-libldap-common_2.4.49+dfsg-1_all.deb ...
Unpacking libldap-common (2.4.49+dfsg-1) ...
Selecting previously unselected package libldap-2.4-2:amd64.
Preparing to unpack .../73-libldap-2.4-2_2.4.49+dfsg-1_amd64.deb ...
Unpacking libldap-2.4-2:amd64 (2.4.49+dfsg-1) ...
Selecting previously unselected package libpq5:amd64.
Preparing to unpack .../74-libpq5_12.2-1_amd64.deb ...
Unpacking libpq5:amd64 (12.2-1) ...
Selecting previously unselected package libpq-dev.
Preparing to unpack .../75-libpq-dev_12.2-1_amd64.deb ...
Unpacking libpq-dev (12.2-1) ...
Selecting previously unselected package libsqlite3-0:amd64.
Preparing to unpack .../76-libsqlite3-0_3.31.1-3_amd64.deb ...
Unpacking libsqlite3-0:amd64 (3.31.1-3) ...
Selecting previously unselected package libsqlite3-dev:amd64.
Preparing to unpack .../77-libsqlite3-dev_3.31.1-3_amd64.deb ...
Unpacking libsqlite3-dev:amd64 (3.31.1-3) ...
Selecting previously unselected package libxslt1.1:amd64.
Preparing to unpack .../78-libxslt1.1_1.1.34-3_amd64.deb ...
Unpacking libxslt1.1:amd64 (1.1.34-3) ...
Selecting previously unselected package locales-all.
Preparing to unpack .../79-locales-all_2.29-10_amd64.deb ...
Unpacking locales-all (2.29-10) ...
Selecting previously unselected package openssl.
Preparing to unpack .../80-openssl_1.1.1d-2_amd64.deb ...
Unpacking openssl (1.1.1d-2) ...
Selecting previously unselected package postgresql-client-common.
Preparing to unpack .../81-postgresql-client-common_213_all.deb ...
Unpacking postgresql-client-common (213) ...
Selecting previously unselected package postgresql-client-12.
Preparing to unpack .../82-postgresql-client-12_12.2-1_amd64.deb ...
Unpacking postgresql-client-12 (12.2-1) ...
Selecting previously unselected package ssl-cert.
Preparing to unpack .../83-ssl-cert_1.0.39_all.deb ...
Unpacking ssl-cert (1.0.39) ...
Selecting previously unselected package postgresql-common.
Preparing to unpack .../84-postgresql-common_213_all.deb ...
Adding 'diversion of /usr/bin/pg_config to /usr/bin/pg_config.libpq-dev by postgresql-common'
Unpacking postgresql-common (213) ...
Selecting previously unselected package postgresql-12.
Preparing to unpack .../85-postgresql-12_12.2-1_amd64.deb ...
Unpacking postgresql-12 (12.2-1) ...
Selecting previously unselected package postgresql.
Preparing to unpack .../86-postgresql_12+213_all.deb ...
Unpacking postgresql (12+213) ...
Selecting previously unselected package sbuild-build-depends-main-dummy.
Preparing to unpack .../87-sbuild-build-depends-main-dummy_0.invalid.0_amd64.deb ...
Unpacking sbuild-build-depends-main-dummy (0.invalid.0) ...
Setting up libconfig-inifiles-perl (3.000002-1) ...
Setting up libpipeline1:amd64 (1.5.2-2) ...
Setting up libkeyutils1:amd64 (1.6.1-2) ...
Setting up libc-l10n (2.29-10) ...
Setting up libgnutls-openssl27:amd64 (3.6.12-2) ...
Setting up libreadline5:amd64 (5.2+dfsg-3+b13) ...
Setting up libdbi1:amd64 (0.9.0-5+b1) ...
Setting up libmagic-mgc (1:5.38-4) ...
Setting up gawk (1:5.0.1+dfsg-1) ...
Setting up psmisc (23.3-1) ...
Setting up libarchive-zip-perl (1.67-1) ...
Setting up libglib2.0-0:amd64 (2.62.4-2) ...
No schema files found: doing nothing.
Setting up libssl1.1:amd64 (1.1.1d-2) ...
Setting up libdebhelper-perl (12.9) ...
Setting up libsqlite3-0:amd64 (3.31.1-3) ...
Setting up libmagic1:amd64 (1:5.38-4) ...
Setting up gettext-base (0.19.8.1-10) ...
Setting up m4 (1.4.18-4) ...
Setting up file (1:5.38-4) ...
Setting up libldap-common (2.4.49+dfsg-1) ...
Setting up locales-all (2.29-10) ...
Setting up libicu63:amd64 (63.2-2) ...
Setting up libcap2:amd64 (1:2.32-1) ...
Setting up libsnappy1v5:amd64 (1.1.8-1) ...
Setting up libkrb5support0:amd64 (1.17-6) ...
Setting up libsasl2-modules-db:amd64 (2.1.27+dfsg-2) ...
Setting up libosp5 (1.5.2-13+b1) ...
Setting up libcap2-bin (1:2.32-1) ...
Setting up autotools-dev (20180224.1) ...
Setting up libgmpxx4ldbl:amd64 (2:6.2.0+dfsg-4) ...
Setting up libsqlite3-dev:amd64 (3.31.1-3) ...
Setting up libwrap0:amd64 (7.6.q-30) ...
Setting up socat (1.7.3.3-2) ...
Setting up libncurses6:amd64 (6.1+20191019-1) ...
Setting up bsdmainutils (11.1.2+b1) ...
update-alternatives: using /usr/bin/bsd-write to provide /usr/bin/write (write) in auto mode
update-alternatives: using /usr/bin/bsd-from to provide /usr/bin/from (from) in auto mode
Setting up libmnl0:amd64 (1.0.4-2+b1) ...
Setting up libevent-2.1-7:amd64 (2.1.11-stable-1) ...
Setting up autopoint (0.19.8.1-10) ...
Setting up libmariadb3:amd64 (1:10.3.22-1) ...
Setting up libgnutlsxx28:amd64 (3.6.12-2) ...
Setting up libk5crypto3:amd64 (1.17-6) ...
Setting up libxtables12:amd64 (1.8.4-3) ...
Setting up libidn2-dev:amd64 (2.2.0-2) ...
Setting up libsasl2-2:amd64 (2.1.27+dfsg-2) ...
Setting up lsof (4.93.2+dfsg-1) ...
Setting up autoconf (2.69-11.1) ...
Setting up galera-3 (25.3.29-1) ...
Setting up zlib1g-dev:amd64 (1:1.2.11.dfsg-2) ...
Setting up libostyle1c2 (1.4devel1-21.3+b1) ...
Setting up sensible-utils (0.0.12+nmu1) ...
Setting up libuchardet0:amd64 (0.0.6-3) ...
Setting up libsub-override-perl (0.09-2) ...
Setting up netbase (6.1) ...
Setting up sgml-base (1.29.1) ...
Setting up libkrb5-3:amd64 (1.17-6) ...
Setting up freetds-common (1.1.6-1.1) ...
Setting up libaio1:amd64 (0.3.112-5) ...
Setting up libtasn1-6-dev:amd64 (4.16.0-2) ...
Setting up openssl (1.1.1d-2) ...
Setting up libelf1:amd64 (0.176-1.1) ...
Setting up openjade (1.4devel1-21.3+b1) ...
Setting up libxml2:amd64 (2.9.10+dfsg-3) ...
Setting up libdbi-perl:amd64 (1.643-1) ...
Setting up libprocps8:amd64 (2:3.3.16-1+b1) ...
Setting up libp11-kit-dev:amd64 (0.23.20-1) ...
Setting up libpopt0:amd64 (1.16-14) ...
Setting up automake (1:1.16.1-4) ...
update-alternatives: using /usr/bin/automake-1.16 to provide /usr/bin/automake (automake) in auto mode
Setting up libdbi-dev (0.9.0-5+b1) ...
Setting up postgresql-client-common (213) ...
Setting up libfile-stripnondeterminism-perl (1.6.3-2) ...
Setting up libgmp-dev:amd64 (2:6.2.0+dfsg-4) ...
Setting up nettle-dev:amd64 (3.5.1+really3.5.1-2) ...
Setting up libtool (2.4.6-13) ...
Setting up iproute2 (5.5.0-1) ...
Setting up libldap-2.4-2:amd64 (2.4.49+dfsg-1) ...
Setting up libunbound8:amd64 (1.9.6-2) ...
Setting up ssl-cert (1.0.39) ...
Setting up mariadb-server-core-10.3 (1:10.3.22-1) ...
Setting up libgssapi-krb5-2:amd64 (1.17-6) ...
Setting up libcroco3:amd64 (0.6.13-1) ...
Setting up ucf (3.0038+nmu1) ...
Setting up dh-strip-nondeterminism (1.6.3-2) ...
Setting up dwz (0.13-5) ...
Setting up groff-base (1.22.4-4) ...
Setting up mariadb-client-core-10.3 (1:10.3.22-1) ...
Setting up xml-core (0.18+nmu1) ...
Setting up procps (2:3.3.16-1+b1) ...
update-alternatives: using /usr/bin/w.procps to provide /usr/bin/w (w) in auto mode
Setting up libxslt1.1:amd64 (1.1.34-3) ...
Setting up rsync (3.1.3-8) ...
invoke-rc.d: could not determine current runlevel
All runlevel operations denied by policy
invoke-rc.d: policy-rc.d denied execution of start.
Setting up libgnutls-dane0:amd64 (3.6.12-2) ...
Setting up gettext (0.19.8.1-10) ...
Setting up libpq5:amd64 (12.2-1) ...
Setting up libsybdb5:amd64 (1.1.6-1.1) ...
Setting up libpq-dev (12.2-1) ...
Setting up man-db (2.9.0-2) ...
Not building database; man-db/auto-update is not 'true'.
Setting up intltool-debian (0.35.0+20060710.5) ...
Setting up postgresql-client-12 (12.2-1) ...
update-alternatives: using /usr/share/postgresql/12/man/man1/psql.1.gz to provide /usr/share/man/man1/psql.1.gz (psql.1.gz) in auto mode
Setting up libct4:amd64 (1.1.6-1.1) ...
Setting up mariadb-client-10.3 (1:10.3.22-1) ...
Setting up postgresql-common (213) ...
Adding user postgres to group ssl-cert

Creating config file /etc/postgresql-common/createcluster.conf with new version
Building PostgreSQL dictionaries from installed myspell/hunspell packages...
Removing obsolete dictionary files:
invoke-rc.d: could not determine current runlevel
All runlevel operations denied by policy
invoke-rc.d: policy-rc.d denied execution of start.
Setting up mariadb-server-10.3 (1:10.3.22-1) ...
invoke-rc.d: could not determine current runlevel
All runlevel operations denied by policy
invoke-rc.d: policy-rc.d denied execution of start.
Setting up postgresql-12 (12.2-1) ...
Creating new PostgreSQL cluster 12/main ...
/usr/lib/postgresql/12/bin/initdb -D /var/lib/postgresql/12/main --auth-local peer --auth-host md5
The files belonging to this database system will be owned by user "postgres".
This user must also own the server process.

The database cluster will be initialized with locale "C.UTF-8".
The default database encoding has accordingly been set to "UTF8".
The default text search configuration will be set to "english".

Data page checksums are disabled.

fixing permissions on existing directory /var/lib/postgresql/12/main ... ok
creating subdirectories ... ok
selecting dynamic shared memory implementation ... posix
selecting default max_connections ... 100
selecting default shared_buffers ... 128MB
selecting default time zone ... Etc/UTC
creating configuration files ... ok
running bootstrap script ... ok
performing post-bootstrap initialization ... ok
syncing data to disk ... ok

Success. You can now start the database server using:

    pg_ctlcluster 12 main start

Ver Cluster Port Status Owner    Data directory              Log file
12  main    5432 down   postgres /var/lib/postgresql/12/main /var/log/postgresql/postgresql-12-main.log
update-alternatives: using /usr/share/postgresql/12/man/man1/postmaster.1.gz to provide /usr/share/man/man1/postmaster.1.gz (postmaster.1.gz) in auto mode
invoke-rc.d: could not determine current runlevel
All runlevel operations denied by policy
invoke-rc.d: policy-rc.d denied execution of start.
Setting up default-mysql-client (1.0.5) ...
Setting up libgnutls28-dev:amd64 (3.6.12-2) ...
Setting up freetds-dev (1.1.6-1.1) ...
Setting up po-debconf (1.0.21) ...
Setting up default-mysql-server (1.0.5) ...
Setting up libmariadb-dev (1:10.3.22-1) ...
Setting up postgresql (12+213) ...
Setting up libmariadb-dev-compat:amd64 (1:10.3.22-1) ...
Setting up default-libmysqlclient-dev:amd64 (1.0.5) ...
Setting up dh-autoreconf (19) ...
Setting up debhelper (12.9) ...
Processing triggers for libc-bin (2.29-10) ...
Processing triggers for sgml-base (1.29.1) ...
Setting up sgml-data (2.0.11) ...
Processing triggers for sgml-base (1.29.1) ...
Setting up docbook (4.5-6) ...
Processing triggers for sgml-base (1.29.1) ...
Setting up docbook-dsssl (1.79-9.1) ...
Processing triggers for sgml-base (1.29.1) ...
Setting up sbuild-build-depends-main-dummy (0.invalid.0) ...

+------------------------------------------------------------------------------+
| Check architectures                                                          |
+------------------------------------------------------------------------------+

Arch check ok (amd64 included in any)

+------------------------------------------------------------------------------+
| Build environment                                                            |
+------------------------------------------------------------------------------+

Kernel: Linux 4.19.0-6-cloud-amd64 #1 SMP Debian 4.19.67-2+deb10u2 (2019-11-11) amd64 (x86_64)
Toolchain package versions: binutils_2.34-3 dpkg-dev_1.19.7 g++-9_9.2.1-30 gcc-9_9.2.1-30 libc6-dev_2.29-10 libstdc++-8-dev_8.3.0-29 libstdc++-9-dev_9.2.1-30 libstdc++6_10-20200222-1 linux-libc-dev_5.4.19-1
Package versions: adduser_3.118 apt_1.8.4 autoconf_2.69-11.1 automake_1:1.16.1-4 autopoint_0.19.8.1-10 autotools-dev_20180224.1 base-files_11 base-passwd_3.5.47 bash_5.0-6 binutils_2.34-3 binutils-common_2.34-3 binutils-x86-64-linux-gnu_2.34-3 bsdmainutils_11.1.2+b1 bsdutils_1:2.34-0.1 build-essential_12.8 bzip2_1.0.8-2 clang-9_1:9.0.1-8 coreutils_8.30-3+b1 cpp_4:9.2.1-3.1 cpp-9_9.2.1-30 dash_0.5.10.2-6 debconf_1.5.73 debhelper_12.9 debian-archive-keyring_2019.1 debianutils_4.9.1 default-libmysqlclient-dev_1.0.5 default-mysql-client_1.0.5 default-mysql-server_1.0.5 dh-autoreconf_19 dh-strip-nondeterminism_1.6.3-2 diffutils_1:3.7-3 docbook_4.5-6 docbook-dsssl_1.79-9.1 dpkg_1.19.7 dpkg-dev_1.19.7 dwz_0.13-5 e2fsprogs_1.45.5-2 fakeroot_1.24-1 fdisk_2.34-0.1 file_1:5.38-4 findutils_4.7.0-1 freetds-common_1.1.6-1.1 freetds-dev_1.1.6-1.1 g++_4:9.2.1-3.1 g++-9_9.2.1-30 galera-3_25.3.29-1 gawk_1:5.0.1+dfsg-1 gcc_4:9.2.1-3.1 gcc-10-base_10-20200222-1 gcc-8-base_8.3.0-29 gcc-9_9.2.1-30 gcc-9-base_9.2.1-30 gettext_0.19.8.1-10 gettext-base_0.19.8.1-10 gpgv_2.2.19-1 grep_3.4-1 groff-base_1.22.4-4 gzip_1.9-3+b1 hostname_3.23 init-system-helpers_1.57 intltool-debian_0.35.0+20060710.5 iproute2_5.5.0-1 lib32gcc-s1_10-20200222-1 lib32gcc1_1:10-20200222-1 lib32stdc++6_10-20200222-1 libacl1_2.2.53-5 libaio1_0.3.112-5 libapt-pkg5.0_1.8.4 libarchive-zip-perl_1.67-1 libasan5_9.2.1-30 libatomic1_10-20200222-1 libattr1_1:2.4.48-5 libaudit-common_1:2.8.5-2 libaudit1_1:2.8.5-2+b1 libbinutils_2.34-3 libblkid1_2.34-0.1 libbsd0_0.10.0-1 libbz2-1.0_1.0.8-2 libc-bin_2.29-10 libc-dev-bin_2.29-10 libc-l10n_2.29-10 libc6_2.29-10 libc6-dev_2.29-10 libc6-i386_2.29-10 libcap-ng0_0.7.9-2.1+b1 libcap2_1:2.32-1 libcap2-bin_1:2.32-1 libcc1-0_10-20200222-1 libclang-common-9-dev_1:9.0.1-8 libclang-cpp9_1:9.0.1-8 libcom-err2_1.45.5-2 libconfig-inifiles-perl_3.000002-1 libcroco3_0.6.13-1 libcrypt-dev_1:4.4.10-10 libcrypt1_1:4.4.10-10 libct4_1.1.6-1.1 libctf-nobfd0_2.34-3 libctf0_2.34-3 libdb5.3_5.3.28+dfsg1-0.6 libdbi-dev_0.9.0-5+b1 libdbi-perl_1.643-1 libdbi1_0.9.0-5+b1 libdebconfclient0_0.251 libdebhelper-perl_12.9 libdpkg-perl_1.19.7 libedit2_3.1-20191231-1 libelf1_0.176-1.1 libevent-2.1-7_2.1.11-stable-1 libext2fs2_1.45.5-2 libfakeroot_1.24-1 libfdisk1_2.34-0.1 libffi7_3.3-3 libfile-stripnondeterminism-perl_1.6.3-2 libgc1c2_1:7.6.4-0.4 libgcc-8-dev_8.3.0-29 libgcc-9-dev_9.2.1-30 libgcc-s1_10-20200222-1 libgcc1_1:10-20200222-1 libgcrypt20_1.8.5-5 libgdbm-compat4_1.18.1-5 libgdbm6_1.18.1-5 libglib2.0-0_2.62.4-2 libgmp-dev_2:6.2.0+dfsg-4 libgmp10_2:6.2.0+dfsg-4 libgmpxx4ldbl_2:6.2.0+dfsg-4 libgnutls-dane0_3.6.12-2 libgnutls-openssl27_3.6.12-2 libgnutls28-dev_3.6.12-2 libgnutls30_3.6.12-2 libgnutlsxx28_3.6.12-2 libgomp1_10-20200222-1 libgpg-error0_1.37-1 libgssapi-krb5-2_1.17-6 libhogweed5_3.5.1+really3.5.1-2 libicu63_63.2-2 libidn2-0_2.2.0-2 libidn2-dev_2.2.0-2 libisl22_0.22.1-1 libitm1_10-20200222-1 libk5crypto3_1.17-6 libkeyutils1_1.6.1-2 libkrb5-3_1.17-6 libkrb5support0_1.17-6 libldap-2.4-2_2.4.49+dfsg-1 libldap-common_2.4.49+dfsg-1 libllvm9_1:9.0.1-8 liblsan0_10-20200222-1 liblz4-1_1.9.2-2 liblzma5_5.2.4-1+b1 libmagic-mgc_1:5.38-4 libmagic1_1:5.38-4 libmariadb-dev_1:10.3.22-1 libmariadb-dev-compat_1:10.3.22-1 libmariadb3_1:10.3.22-1 libmnl0_1.0.4-2+b1 libmount1_2.34-0.1 libmpc3_1.1.0-1 libmpfr6_4.0.2-1 libmpx2_8.3.0-29 libncurses6_6.1+20191019-1 libncursesw6_6.1+20191019-1 libnettle7_3.5.1+really3.5.1-2 libobjc-8-dev_8.3.0-29 libobjc-9-dev_9.2.1-30 libobjc4_10-20200222-1 libomp-9-dev_1:9.0.1-8 libomp5-9_1:9.0.1-8 libosp5_1.5.2-13+b1 libostyle1c2_1.4devel1-21.3+b1 libp11-kit-dev_0.23.20-1 libp11-kit0_0.23.20-1 libpam-modules_1.3.1-5 libpam-modules-bin_1.3.1-5 libpam-runtime_1.3.1-5 libpam0g_1.3.1-5 libpcre2-8-0_10.34-7 libpcre3_2:8.39-12+b1 libperl5.30_5.30.0-9 libpipeline1_1.5.2-2 libpopt0_1.16-14 libpq-dev_12.2-1 libpq5_12.2-1 libprocps8_2:3.3.16-1+b1 libquadmath0_10-20200222-1 libreadline5_5.2+dfsg-3+b13 libreadline8_8.0-4 libsasl2-2_2.1.27+dfsg-2 libsasl2-modules-db_2.1.27+dfsg-2 libseccomp2_2.4.2-2 libselinux1_3.0-1+b1 libsemanage-common_3.0-1 libsemanage1_3.0-1+b1 libsepol1_3.0-1 libsigsegv2_2.12-2 libsmartcols1_2.34-0.1 libsnappy1v5_1.1.8-1 libsqlite3-0_3.31.1-3 libsqlite3-dev_3.31.1-3 libss2_1.45.5-2 libssl1.1_1.1.1d-2 libstdc++-8-dev_8.3.0-29 libstdc++-9-dev_9.2.1-30 libstdc++6_10-20200222-1 libsub-override-perl_0.09-2 libsybdb5_1.1.6-1.1 libsystemd0_244.3-1 libtasn1-6_4.16.0-2 libtasn1-6-dev_4.16.0-2 libtinfo6_6.1+20191019-1 libtool_2.4.6-13 libtsan0_10-20200222-1 libubsan1_10-20200222-1 libuchardet0_0.0.6-3 libudev1_244.3-1 libunbound8_1.9.6-2 libunistring2_0.9.10-2 libuuid1_2.34-0.1 libwrap0_7.6.q-30 libxml2_2.9.10+dfsg-3 libxslt1.1_1.1.34-3 libxtables12_1.8.4-3 libz3-4_4.8.7-4 libzstd1_1.4.4+dfsg-3 linux-libc-dev_5.4.19-1 locales-all_2.29-10 login_1:4.8.1-1 logsave_1.45.5-2 lsb-base_11.1.0 lsof_4.93.2+dfsg-1 m4_1.4.18-4 make_4.2.1-1.2 man-db_2.9.0-2 mariadb-client-10.3_1:10.3.22-1 mariadb-client-core-10.3_1:10.3.22-1 mariadb-common_1:10.3.22-1 mariadb-server-10.3_1:10.3.22-1 mariadb-server-core-10.3_1:10.3.22-1 mawk_1.3.4.20200120-2 mount_2.34-0.1 mysql-common_5.8+1.0.5 ncurses-base_6.1+20191019-1 ncurses-bin_6.1+20191019-1 netbase_6.1 nettle-dev_3.5.1+really3.5.1-2 openjade_1.4devel1-21.3+b1 openssl_1.1.1d-2 passwd_1:4.8.1-1 patch_2.7.6-6 perl_5.30.0-9 perl-base_5.30.0-9 perl-modules-5.30_5.30.0-9 po-debconf_1.0.21 postgresql_12+213 postgresql-12_12.2-1 postgresql-client-12_12.2-1 postgresql-client-common_213 postgresql-common_213 procps_2:3.3.16-1+b1 psmisc_23.3-1 readline-common_8.0-4 rsync_3.1.3-8 sbuild-build-depends-main-dummy_0.invalid.0 sed_4.7-1 sensible-utils_0.0.12+nmu1 sgml-base_1.29.1 sgml-data_2.0.11 socat_1.7.3.3-2 ssl-cert_1.0.39 sysvinit-utils_2.96-2.1 tar_1.30+dfsg-6+b1 tzdata_2019c-3 ucf_3.0038+nmu1 util-linux_2.34-0.1 xml-core_0.18+nmu1 xz-utils_5.2.4-1+b1 zlib1g_1:1.2.11.dfsg-2 zlib1g-dev_1:1.2.11.dfsg-2

+------------------------------------------------------------------------------+
| Build                                                                        |
+------------------------------------------------------------------------------+


Unpack source
-------------

-----BEGIN PGP SIGNED MESSAGE-----
Hash: SHA512

Format: 3.0 (quilt)
Source: libdbi-drivers
Binary: libdbd-sqlite3, libdbd-mysql, libdbd-pgsql, libdbd-freetds
Architecture: any
Version: 0.9.0-8
Maintainer: Laszlo Boszormenyi (GCS) <gcs@debian.org>
Uploaders: Prach Pongpanich <prachpub@gmail.com>
Homepage: http://libdbi.sourceforge.net/
Standards-Version: 4.5.0
Build-Depends: automake, debhelper-compat (= 12), docbook-dsssl, freetds-dev, libdbi-dev (>= 0.9.0), default-libmysqlclient-dev, libpq-dev (>= 8.3~rc2-1+b1), libsqlite3-dev, libtool, locales-all | language-pack-en, default-mysql-client, default-mysql-server, openjade, postgresql, postgresql-client
Package-List:
 libdbd-freetds deb libs optional arch=any
 libdbd-mysql deb libs optional arch=any
 libdbd-pgsql deb libs optional arch=any
 libdbd-sqlite3 deb libs optional arch=any
Checksums-Sha1:
 8472875d30c216540d48d591b442e40ba4f7df5d 1829864 libdbi-drivers_0.9.0.orig.tar.gz
 f85936beef84c92353bc6bb0cea5cb6338f66bcc 12584 libdbi-drivers_0.9.0-8.debian.tar.xz
Checksums-Sha256:
 43d2eacd573a4faff296fa925dd97fbf2aedbf1ae35c6263478210c61004c854 1829864 libdbi-drivers_0.9.0.orig.tar.gz
 67a5244d2be132249072e0e0003172804f29d7ed850cc821623ee085a876ad9e 12584 libdbi-drivers_0.9.0-8.debian.tar.xz
Files:
 9f47b960e225eede2cdeaabf7d22f59f 1829864 libdbi-drivers_0.9.0.orig.tar.gz
 7d2295fb04958d31d635ebc8d87d0776 12584 libdbi-drivers_0.9.0-8.debian.tar.xz

-----BEGIN PGP SIGNATURE-----

iQIzBAEBCgAdFiEEfYh9yLp7u6e4NeO63OMQ54ZMyL8FAl4+hUgACgkQ3OMQ54ZM
yL/74w/9FshCuqks0WzJLwT35S/EUkvxDSl82DjwDgBsdbTuqth318kamWi0f9HU
n8t1SElmzxHDmfr333+Yf6BQ83zyhIRngXFx94iNSjM9xoiY+TCNpibR0LQE/hdA
tZpfCG4t0brH3LHUvMlnXSneajUf3qmAXwiRvXr+H15nE8N58toX84+zc/x6hKVm
iaULREUi0ncuiZeS7/0E4wpMqpwK91PG+dDyCqFHjOHLd2uAIQ9BNZFpl17t3NmP
dk+zmIVRrkXCIJnwJpU+aBfej0o3v/VL6dqXX4uz2FLyLIcC0v8cVXL/hi2jT6C2
dvZkw28J5QLbEVfMsYAvCYPZl/NyMy1eheKa1VK0kZVi4yEAbiTluBMUpixbsUoc
qaIfqvWhhGnX60HoweuUjt/rJqjWIQqvs7Ou3ukCzaPG5cV578JbQXQO+d1kXB0U
M4Fj4vz7wikrkKHtapmgJ6V+9KrCeNuOFQaM/afzKaJdHTjfBXoxD7Ix/yVa70Zj
8cgUtwbDIh9cq3R6raOBKz5X3I0Z3R8plchzA1acokvHs4Evg7xPdaPoYimw5/11
GLWX6IAk722ZzeeA9JCFHIrWXiPXlc/52gIICa5AlQQJsJrwY6DlkspR9U4L+H0r
7m0G6kzR2lcqtCWtksJiMmXiynTYN6AaIoRKmRMHPYR3FnO/FqE=
=HrHH
-----END PGP SIGNATURE-----

gpgv: unknown type of key resource 'trustedkeys.kbx'
gpgv: keyblock resource '/sbuild-nonexistent/.gnupg/trustedkeys.kbx': General error
gpgv: Signature made Sat Feb  8 09:54:16 2020 UTC
gpgv:                using RSA key 7D887DC8BA7BBBA7B835E3BADCE310E7864CC8BF
gpgv: Can't check signature: No public key
dpkg-source: warning: failed to verify signature on ./libdbi-drivers_0.9.0-8.dsc
dpkg-source: info: extracting libdbi-drivers in /<<PKGBUILDDIR>>
dpkg-source: info: unpacking libdbi-drivers_0.9.0.orig.tar.gz
dpkg-source: info: unpacking libdbi-drivers_0.9.0-8.debian.tar.xz
dpkg-source: info: using patch list from debian/patches/series
dpkg-source: info: applying mysql_h_path.patch
dpkg-source: info: applying fix_sqlite3_lib_name.patch
dpkg-source: info: applying disable_some_tests_for_sqlite3.patch
dpkg-source: info: applying fix_ftbfs_on_hurd.patch
dpkg-source: info: applying dbd_sqlite3_resolve_a_stack_buffer_overflow.patch
dpkg-source: info: applying freetds-1.0-fix.patch
dpkg-source: info: applying pgsql_precision.patch

Check disk space
----------------

Sufficient free space for build

User Environment
----------------

APT_CONFIG=/var/lib/sbuild/apt.conf
HOME=/sbuild-nonexistent
LANG=C.UTF-8
LC_ALL=C.UTF-8
LOGNAME=user42
PATH=/usr/local/sbin:/usr/local/bin:/usr/sbin:/usr/bin:/sbin:/bin:/usr/games
SCHROOT_ALIAS_NAME=unstable
SCHROOT_CHROOT_NAME=sid-amd64-sbuild
SCHROOT_COMMAND=env
SCHROOT_GID=1001
SCHROOT_GROUP=user42
SCHROOT_SESSION_ID=sid-amd64-sbuild-f8c51524-6e17-4f8a-bafb-27646d4385db
SCHROOT_UID=1001
SCHROOT_USER=user42
SHELL=/bin/sh
USER=user42

dpkg-buildpackage
-----------------

Command: dpkg-buildpackage -us -uc -b -rfakeroot
dpkg-buildpackage: info: source package libdbi-drivers
dpkg-buildpackage: info: source version 0.9.0-8
dpkg-buildpackage: info: source distribution unstable
dpkg-buildpackage: info: source changed by Laszlo Boszormenyi (GCS) <gcs@debian.org>
 dpkg-source --before-build .
dpkg-buildpackage: info: host architecture amd64
 fakeroot debian/rules clean
dh_testdir
dh_testroot
rm -f build-stamp test-stamp
rm -f libdbd-sqlite3.debhelper.log
[ ! -f Makefile ] || /usr/bin/make distclean
if [ -d debian/upstream-config-sub-and-guess ] ; then \
	cp debian/upstream-config-sub-and-guess/config.sub . ; \
	cp debian/upstream-config-sub-and-guess/config.guess . ; \
	rm -rf debian/upstream-config-sub-and-guess ; \
fi
rm -f config.log doc/include/Makefile doc/Makefile
dh_clean
/usr/bin/make -C debian/buildtests clean
make[1]: Entering directory '/<<PKGBUILDDIR>>/debian/buildtests'
rm -f test_dl libtest_dbi_lib.so
rm -rf all-libs
make[1]: Leaving directory '/<<PKGBUILDDIR>>/debian/buildtests'
dh_autoreconf_clean
# We need to deapply-all here, because of dh_autoreconf_clean that
# might do the opposite work as expected.
rm -f debian/*.log
 debian/rules build
dh_testdir
dh_autoreconf
aclocal: warning: autoconf input should be named 'configure.ac', not 'configure.in'
libtoolize: putting auxiliary files in '.'.
libtoolize: copying file './ltmain.sh'
libtoolize: putting macros in AC_CONFIG_MACRO_DIRS, 'm4'.
libtoolize: copying file 'm4/libtool.m4'
libtoolize: copying file 'm4/ltoptions.m4'
libtoolize: copying file 'm4/ltsugar.m4'
libtoolize: copying file 'm4/ltversion.m4'
libtoolize: copying file 'm4/lt~obsolete.m4'
aclocal: warning: autoconf input should be named 'configure.ac', not 'configure.in'
automake: warning: autoconf input should be named 'configure.ac', not 'configure.in'
configure.in:5: warning: AM_INIT_AUTOMAKE: two- and three-arguments forms are deprecated.  For more info, see:
configure.in:5: https://www.gnu.org/software/automake/manual/automake.html#Modernize-AM_005fINIT_005fAUTOMAKE-invocation
configure.in:34: installing './compile'
configure.in:5: installing './missing'
drivers/db2/Makefile.am:33: warning: 'INCLUDES' is the old name for 'AM_CPPFLAGS' (or '*_CPPFLAGS')
automake: warning: autoconf input should be named 'configure.ac', not 'configure.in'
drivers/db2/Makefile.am: installing './depcomp'
drivers/firebird/Makefile.am:33: warning: 'INCLUDES' is the old name for 'AM_CPPFLAGS' (or '*_CPPFLAGS')
drivers/freetds/Makefile.am:32: warning: 'INCLUDES' is the old name for 'AM_CPPFLAGS' (or '*_CPPFLAGS')
drivers/ingres/Makefile.am:33: warning: 'INCLUDES' is the old name for 'AM_CPPFLAGS' (or '*_CPPFLAGS')
drivers/msql/Makefile.am:35: warning: 'INCLUDES' is the old name for 'AM_CPPFLAGS' (or '*_CPPFLAGS')
drivers/mysql/Makefile.am:37: warning: 'INCLUDES' is the old name for 'AM_CPPFLAGS' (or '*_CPPFLAGS')
drivers/oracle/Makefile.am:35: warning: 'INCLUDES' is the old name for 'AM_CPPFLAGS' (or '*_CPPFLAGS')
drivers/pgsql/Makefile.am:35: warning: 'INCLUDES' is the old name for 'AM_CPPFLAGS' (or '*_CPPFLAGS')
drivers/sqlite/Makefile.am:35: warning: 'INCLUDES' is the old name for 'AM_CPPFLAGS' (or '*_CPPFLAGS')
drivers/sqlite3/Makefile.am:35: warning: 'INCLUDES' is the old name for 'AM_CPPFLAGS' (or '*_CPPFLAGS')
tests/Makefile.am:17: warning: 'INCLUDES' is the old name for 'AM_CPPFLAGS' (or '*_CPPFLAGS')
parallel-tests: installing './test-driver'
tests/cgreen/Makefile.am:7: warning: 'INCLUDES' is the old name for 'AM_CPPFLAGS' (or '*_CPPFLAGS')
tests/cgreen/Makefile.am:9: warning: source file 'src/unit.c' is in a subdirectory,
tests/cgreen/Makefile.am:9: but option 'subdir-objects' is disabled
automake: warning: possible forward-incompatibility.
automake: At least a source file is in a subdirectory, but the 'subdir-objects'
automake: automake option hasn't been enabled.  For now, the corresponding output
automake: object file(s) will be placed in the top-level directory.  However,
automake: this behaviour will change in future Automake versions: they will
automake: unconditionally cause object files to be placed in the same subdirectory
automake: of the corresponding sources.
automake: You are advised to start using 'subdir-objects' option throughout your
automake: project, to avoid future incompatibilities.
tests/cgreen/Makefile.am:9: warning: source file 'src/messaging.c' is in a subdirectory,
tests/cgreen/Makefile.am:9: but option 'subdir-objects' is disabled
tests/cgreen/Makefile.am:9: warning: source file 'src/breadcrumb.c' is in a subdirectory,
tests/cgreen/Makefile.am:9: but option 'subdir-objects' is disabled
tests/cgreen/Makefile.am:9: warning: source file 'src/reporter.c' is in a subdirectory,
tests/cgreen/Makefile.am:9: but option 'subdir-objects' is disabled
tests/cgreen/Makefile.am:9: warning: source file 'src/assertions.c' is in a subdirectory,
tests/cgreen/Makefile.am:9: but option 'subdir-objects' is disabled
tests/cgreen/Makefile.am:9: warning: source file 'src/vector.c' is in a subdirectory,
tests/cgreen/Makefile.am:9: but option 'subdir-objects' is disabled
tests/cgreen/Makefile.am:9: warning: source file 'src/mocks.c' is in a subdirectory,
tests/cgreen/Makefile.am:9: but option 'subdir-objects' is disabled
tests/cgreen/Makefile.am:9: warning: source file 'src/constraint.c' is in a subdirectory,
tests/cgreen/Makefile.am:9: but option 'subdir-objects' is disabled
tests/cgreen/Makefile.am:9: warning: source file 'src/parameters.c' is in a subdirectory,
tests/cgreen/Makefile.am:9: but option 'subdir-objects' is disabled
tests/cgreen/Makefile.am:9: warning: source file 'src/text_reporter.c' is in a subdirectory,
tests/cgreen/Makefile.am:9: but option 'subdir-objects' is disabled
tests/cgreen/Makefile.am:9: warning: source file 'src/cdash_reporter.c' is in a subdirectory,
tests/cgreen/Makefile.am:9: but option 'subdir-objects' is disabled
if [ ! -d debian/upstream-config-sub-and-guess ] ; then \
	mkdir debian/upstream-config-sub-and-guess ; \
	cp config.sub debian/upstream-config-sub-and-guess ; \
	cp config.guess debian/upstream-config-sub-and-guess ; \
fi
# upgrade to more recent version before starting the configure process
cp /usr/share/misc/config.sub .
cp /usr/share/misc/config.guess .
./autogen.sh
libtoolize: putting auxiliary files in '.'.
libtoolize: copying file './ltmain.sh'
libtoolize: putting macros in AC_CONFIG_MACRO_DIRS, 'm4'.
libtoolize: copying file 'm4/libtool.m4'
libtoolize: copying file 'm4/ltoptions.m4'
libtoolize: copying file 'm4/ltsugar.m4'
libtoolize: copying file 'm4/ltversion.m4'
libtoolize: copying file 'm4/lt~obsolete.m4'
aclocal: warning: autoconf input should be named 'configure.ac', not 'configure.in'
automake: warning: autoconf input should be named 'configure.ac', not 'configure.in'
configure.in:5: warning: AM_INIT_AUTOMAKE: two- and three-arguments forms are deprecated.  For more info, see:
configure.in:5: https://www.gnu.org/software/automake/manual/automake.html#Modernize-AM_005fINIT_005fAUTOMAKE-invocation
configure.in:34: installing './compile'
configure.in:5: installing './missing'
drivers/db2/Makefile.am:33: warning: 'INCLUDES' is the old name for 'AM_CPPFLAGS' (or '*_CPPFLAGS')
automake: warning: autoconf input should be named 'configure.ac', not 'configure.in'
drivers/db2/Makefile.am: installing './depcomp'
drivers/firebird/Makefile.am:33: warning: 'INCLUDES' is the old name for 'AM_CPPFLAGS' (or '*_CPPFLAGS')
drivers/freetds/Makefile.am:32: warning: 'INCLUDES' is the old name for 'AM_CPPFLAGS' (or '*_CPPFLAGS')
drivers/ingres/Makefile.am:33: warning: 'INCLUDES' is the old name for 'AM_CPPFLAGS' (or '*_CPPFLAGS')
drivers/msql/Makefile.am:35: warning: 'INCLUDES' is the old name for 'AM_CPPFLAGS' (or '*_CPPFLAGS')
drivers/mysql/Makefile.am:37: warning: 'INCLUDES' is the old name for 'AM_CPPFLAGS' (or '*_CPPFLAGS')
drivers/oracle/Makefile.am:35: warning: 'INCLUDES' is the old name for 'AM_CPPFLAGS' (or '*_CPPFLAGS')
drivers/pgsql/Makefile.am:35: warning: 'INCLUDES' is the old name for 'AM_CPPFLAGS' (or '*_CPPFLAGS')
drivers/sqlite/Makefile.am:35: warning: 'INCLUDES' is the old name for 'AM_CPPFLAGS' (or '*_CPPFLAGS')
drivers/sqlite3/Makefile.am:35: warning: 'INCLUDES' is the old name for 'AM_CPPFLAGS' (or '*_CPPFLAGS')
tests/Makefile.am:17: warning: 'INCLUDES' is the old name for 'AM_CPPFLAGS' (or '*_CPPFLAGS')
tests/cgreen/Makefile.am:7: warning: 'INCLUDES' is the old name for 'AM_CPPFLAGS' (or '*_CPPFLAGS')
tests/cgreen/Makefile.am:9: warning: source file 'src/unit.c' is in a subdirectory,
tests/cgreen/Makefile.am:9: but option 'subdir-objects' is disabled
automake: warning: possible forward-incompatibility.
automake: At least a source file is in a subdirectory, but the 'subdir-objects'
automake: automake option hasn't been enabled.  For now, the corresponding output
automake: object file(s) will be placed in the top-level directory.  However,
automake: this behaviour will change in future Automake versions: they will
automake: unconditionally cause object files to be placed in the same subdirectory
automake: of the corresponding sources.
automake: You are advised to start using 'subdir-objects' option throughout your
automake: project, to avoid future incompatibilities.
tests/cgreen/Makefile.am:9: warning: source file 'src/messaging.c' is in a subdirectory,
tests/cgreen/Makefile.am:9: but option 'subdir-objects' is disabled
tests/cgreen/Makefile.am:9: warning: source file 'src/breadcrumb.c' is in a subdirectory,
tests/cgreen/Makefile.am:9: but option 'subdir-objects' is disabled
tests/cgreen/Makefile.am:9: warning: source file 'src/reporter.c' is in a subdirectory,
tests/cgreen/Makefile.am:9: but option 'subdir-objects' is disabled
tests/cgreen/Makefile.am:9: warning: source file 'src/assertions.c' is in a subdirectory,
tests/cgreen/Makefile.am:9: but option 'subdir-objects' is disabled
tests/cgreen/Makefile.am:9: warning: source file 'src/vector.c' is in a subdirectory,
tests/cgreen/Makefile.am:9: but option 'subdir-objects' is disabled
tests/cgreen/Makefile.am:9: warning: source file 'src/mocks.c' is in a subdirectory,
tests/cgreen/Makefile.am:9: but option 'subdir-objects' is disabled
tests/cgreen/Makefile.am:9: warning: source file 'src/constraint.c' is in a subdirectory,
tests/cgreen/Makefile.am:9: but option 'subdir-objects' is disabled
tests/cgreen/Makefile.am:9: warning: source file 'src/parameters.c' is in a subdirectory,
tests/cgreen/Makefile.am:9: but option 'subdir-objects' is disabled
tests/cgreen/Makefile.am:9: warning: source file 'src/text_reporter.c' is in a subdirectory,
tests/cgreen/Makefile.am:9: but option 'subdir-objects' is disabled
tests/cgreen/Makefile.am:9: warning: source file 'src/cdash_reporter.c' is in a subdirectory,
tests/cgreen/Makefile.am:9: but option 'subdir-objects' is disabled

Using autoconf (GNU Autoconf) 2.69
Copyright (C) 2012 Free Software Foundation, Inc.
License GPLv3+/Autoconf: GNU GPL version 3 or later
<http://gnu.org/licenses/gpl.html>, <http://gnu.org/licenses/exceptions.html>
This is free software: you are free to change and redistribute it.
There is NO WARRANTY, to the extent permitted by law.

Written by David J. MacKenzie and Akim Demaille., if you have problems
while building then set the environemnt variable AUTOCONF
to a different autoconf version and rerun ./autogen.sh

./configure --host=x86_64-linux-gnu --build=x86_64-linux-gnu \
	--with-dbi-libdir=/usr/lib/x86_64-linux-gnu \
	--prefix=/usr \
	--libdir=/usr/lib/x86_64-linux-gnu/ \
	--with-pgsql \
	--with-mysql \
	--with-mysql-incdir=/usr/include/x86_64-linux-gnu \
	--with-mysql-libdir=/usr/lib/x86_64-linux-gnu \
	--with-sqlite3 \
	--with-sqlite3-incdir=/usr/include/x86_64-linux-gnu \
	--with-sqlite3-libdir=/usr/lib/x86_64-linux-gnu \
	--with-freetds \
	--with-freetds-dir=/usr \
	--enable-docs
configure: WARNING: unrecognized options: --with-freetds-dir
checking whether to enable maintainer-specific portions of Makefiles... no
checking for a BSD-compatible install... /usr/bin/install -c
checking whether build environment is sane... yes
checking for a thread-safe mkdir -p... /bin/mkdir -p
checking for gawk... gawk
checking whether make sets $(MAKE)... yes
checking whether make supports nested variables... yes
checking build system type... x86_64-pc-linux-gnu
checking host system type... x86_64-pc-linux-gnu
checking for x86_64-linux-gnu-gcc... x86_64-linux-gnu-gcc
checking whether the C compiler works... yes
checking for C compiler default output file name... a.out
checking for suffix of executables... 
checking whether we are cross compiling... no
checking for suffix of object files... o
checking whether we are using the GNU C compiler... yes
checking whether x86_64-linux-gnu-gcc accepts -g... yes
checking for x86_64-linux-gnu-gcc option to accept ISO C89... none needed
checking whether x86_64-linux-gnu-gcc understands -c and -o together... yes
checking whether make supports the include directive... yes (GNU style)
checking dependency style of x86_64-linux-gnu-gcc... gcc3
checking for a sed that does not truncate output... /bin/sed
checking for grep that handles long lines and -e... /bin/grep
checking for egrep... /bin/grep -E
checking for fgrep... /bin/grep -F
checking how to print strings... printf
checking for ld used by x86_64-linux-gnu-gcc... /usr/bin/x86_64-linux-gnu-ld
checking if the linker (/usr/bin/x86_64-linux-gnu-ld) is GNU ld... yes
checking for BSD- or MS-compatible name lister (nm)... /usr/bin/x86_64-linux-gnu-nm -B
checking the name lister (/usr/bin/x86_64-linux-gnu-nm -B) interface... BSD nm
checking whether ln -s works... yes
checking the maximum length of command line arguments... 1572864
checking how to convert x86_64-pc-linux-gnu file names to x86_64-pc-linux-gnu format... func_convert_file_noop
checking how to convert x86_64-pc-linux-gnu file names to toolchain format... func_convert_file_noop
checking for /usr/bin/x86_64-linux-gnu-ld option to reload object files... -r
checking for x86_64-linux-gnu-objdump... objdump
checking how to recognize dependent libraries... pass_all
checking for x86_64-linux-gnu-dlltool... dlltool
checking how to associate runtime and link libraries... printf %s\n
checking for x86_64-linux-gnu-ar... x86_64-linux-gnu-ar
checking for archiver @FILE support... @
checking for x86_64-linux-gnu-strip... x86_64-linux-gnu-strip
checking for x86_64-linux-gnu-ranlib... x86_64-linux-gnu-ranlib
checking command to parse /usr/bin/x86_64-linux-gnu-nm -B output from x86_64-linux-gnu-gcc object... ok
checking for sysroot... no
checking for a working dd... /bin/dd
checking how to truncate binary pipes... /bin/dd bs=4096 count=1
checking for x86_64-linux-gnu-mt... no
checking for mt... no
checking if : is a manifest tool... no
checking how to run the C preprocessor... x86_64-linux-gnu-gcc -E
checking for ANSI C header files... yes
checking for sys/types.h... yes
checking for sys/stat.h... yes
checking for stdlib.h... yes
checking for string.h... yes
checking for memory.h... yes
checking for strings.h... yes
checking for inttypes.h... yes
checking for stdint.h... yes
checking for unistd.h... yes
checking for dlfcn.h... yes
checking for objdir... .libs
checking if x86_64-linux-gnu-gcc supports -fno-rtti -fno-exceptions... yes
checking for x86_64-linux-gnu-gcc option to produce PIC... -fPIC -DPIC
checking if x86_64-linux-gnu-gcc PIC flag -fPIC -DPIC works... yes
checking if x86_64-linux-gnu-gcc static flag -static works... yes
checking if x86_64-linux-gnu-gcc supports -c -o file.o... yes
checking if x86_64-linux-gnu-gcc supports -c -o file.o... (cached) yes
checking whether the x86_64-linux-gnu-gcc linker (/usr/bin/x86_64-linux-gnu-ld -m elf_x86_64) supports shared libraries... yes
checking whether -lc should be explicitly linked in... no
checking dynamic linker characteristics... GNU/Linux ld.so
checking how to hardcode library paths into programs... immediate
checking whether stripping libraries is possible... yes
checking if libtool supports shared libraries... yes
checking whether to build shared libraries... yes
checking whether to build static libraries... yes
checking how to run the C preprocessor... x86_64-linux-gnu-gcc -E
checking for libdbi framework... checking dbi/dbi.h usability... yes
checking dbi/dbi.h presence... yes
checking for dbi/dbi.h... yes
checking for MySQL support... yes
checking for MySQL includes... -I/usr/include/x86_64-linux-gnu
checking for MySQL libraries... 
checking for PostgreSQL support... yes
checking for pg_config... yes
checking for PostgreSQL includes... -I/usr/include/postgresql
checking for PostgreSQL libraries... /usr/lib/x86_64-linux-gnu
checking for SQLite support... no
checking for SQLite3 support... yes
checking for Msql support... no
checking for Oracle support... no
checking for Firebird/Interbase support... no
checking for Freetds support... yes
checking tds.h usability... no
checking tds.h presence... no
checking for tds.h... no
checking for library containing ct_command... -lct
checking CS_TDS_80... CS_TDS_71
checking for Ingres support... no
checking for IBM DB2 support... no
checking for strtoll... yes
checking for atoll... yes
checking for vasprintf... yes
checking for asprintf... yes
checking for libdbi library... yes: libs in /usr/lib/x86_64-linux-gnu
checking for string.h... (cached) yes
checking for strings.h... (cached) yes
checking that generated files are newer than configure... done
configure: creating ./config.status
config.status: creating libdbi-drivers.spec
config.status: creating Makefile
config.status: creating doc/Makefile
config.status: creating doc/include/Makefile
config.status: creating drivers/Makefile
config.status: creating drivers/mysql/Makefile
config.status: creating drivers/pgsql/Makefile
config.status: creating drivers/sqlite/Makefile
config.status: creating drivers/sqlite3/Makefile
config.status: creating drivers/msql/Makefile
config.status: creating drivers/oracle/Makefile
config.status: creating drivers/firebird/Makefile
config.status: creating drivers/freetds/Makefile
config.status: creating drivers/ingres/Makefile
config.status: creating drivers/db2/Makefile
config.status: creating tests/Makefile
config.status: creating tests/cgreen/Makefile
config.status: creating tests/test_dbi.cfg
config.status: creating tests/plugin_settings.sh
config.status: creating config.h
config.status: executing depfiles commands
config.status: executing libtool commands
configure: WARNING: unrecognized options: --with-freetds-dir
dh_testdir
/usr/bin/make
make[1]: Entering directory '/<<PKGBUILDDIR>>'
/usr/bin/make  all-recursive
make[2]: Entering directory '/<<PKGBUILDDIR>>'
Making all in drivers
make[3]: Entering directory '/<<PKGBUILDDIR>>/drivers'
Making all in mysql
make[4]: Entering directory '/<<PKGBUILDDIR>>/drivers/mysql'
/bin/bash ../../libtool  --tag=CC   --mode=compile x86_64-linux-gnu-gcc -DHAVE_CONFIG_H -I. -I../.. -I../.. -I../../include  -I/usr/include/x86_64-linux-gnu  -Wdate-time -D_FORTIFY_SOURCE=2  -std=gnu99 -g -O2 -fdebug-prefix-map=/<<PKGBUILDDIR>>=. -fstack-protector-strong -Wformat -Werror=format-security -g -Wall -MT dbd_mysql.lo -MD -MP -MF .deps/dbd_mysql.Tpo -c -o dbd_mysql.lo dbd_mysql.c
libtool: compile:  x86_64-linux-gnu-gcc -DHAVE_CONFIG_H -I. -I../.. -I../.. -I../../include -I/usr/include/x86_64-linux-gnu -Wdate-time -D_FORTIFY_SOURCE=2 -std=gnu99 -g -O2 -fdebug-prefix-map=/<<PKGBUILDDIR>>=. -fstack-protector-strong -Wformat -Werror=format-security -g -Wall -MT dbd_mysql.lo -MD -MP -MF .deps/dbd_mysql.Tpo -c dbd_mysql.c  -fPIC -DPIC -o .libs/dbd_mysql.o
dbd_mysql.c:63:2: warning: expansion of date or time macro is not reproducible [-Wdate-time]
        __DATE__
        ^
dbd_mysql.c:231:8: warning: ignoring return value of function declared with 'warn_unused_result' attribute [-Wunused-result]
              asprintf(&sql_cmd, "SET NAMES '%s'", dbd_encoding_from_iana(encoding));
              ^~~~~~~~~~~~~~~~~~~~~~~~~~~~~~~~~~~~~~~~~~~~~~~~~~~~~~~~~~~~~~~~~~~~~~
/usr/include/x86_64-linux-gnu/bits/stdio2.h:202:3: note: expanded from macro 'asprintf'
  __asprintf_chk (ptr, __USE_FORTIFY_LEVEL - 1, __VA_ARGS__)
  ^~~~~~~~~~~~~~  ~~~~~~~~~~~~~~~~~~~~~~~~~~~~~~~~~~~~~~~~~
dbd_mysql.c:238:6: warning: ignoring return value of function declared with 'warn_unused_result' attribute [-Wunused-result]
            asprintf(&sql_cmd, "SET NAMES '%s'", dbd_encoding_from_iana(encoding));
            ^~~~~~~~~~~~~~~~~~~~~~~~~~~~~~~~~~~~~~~~~~~~~~~~~~~~~~~~~~~~~~~~~~~~~~
/usr/include/x86_64-linux-gnu/bits/stdio2.h:202:3: note: expanded from macro 'asprintf'
  __asprintf_chk (ptr, __USE_FORTIFY_LEVEL - 1, __VA_ARGS__)
  ^~~~~~~~~~~~~~  ~~~~~~~~~~~~~~~~~~~~~~~~~~~~~~~~~~~~~~~~~
dbd_mysql.c:312:4: warning: ignoring return value of function declared with 'warn_unused_result' attribute [-Wunused-result]
          asprintf(&sql_cmd, "SHOW CREATE DATABASE %s", conn->current_db);
          ^~~~~~~~~~~~~~~~~~~~~~~~~~~~~~~~~~~~~~~~~~~~~~~~~~~~~~~~~~~~~~~
/usr/include/x86_64-linux-gnu/bits/stdio2.h:202:3: note: expanded from macro 'asprintf'
  __asprintf_chk (ptr, __USE_FORTIFY_LEVEL - 1, __VA_ARGS__)
  ^~~~~~~~~~~~~~  ~~~~~~~~~~~~~~~~~~~~~~~~~~~~~~~~~~~~~~~~~
dbd_mysql.c:323:21: warning: assigning to 'const char *' from 'const unsigned char *' converts between pointers to integer types with different sign [-Wpointer-sign]
              schemastring = dbi_result_get_binary_idx(dbires, 2);
                           ^ ~~~~~~~~~~~~~~~~~~~~~~~~~~~~~~~~~~~~
dbd_mysql.c:337:4: warning: ignoring return value of function declared with 'warn_unused_result' attribute [-Wunused-result]
          asprintf(&sql_cmd, "SHOW VARIABLES LIKE '%s'", "character_set_connection");
          ^~~~~~~~~~~~~~~~~~~~~~~~~~~~~~~~~~~~~~~~~~~~~~~~~~~~~~~~~~~~~~~~~~~~~~~~~~
/usr/include/x86_64-linux-gnu/bits/stdio2.h:202:3: note: expanded from macro 'asprintf'
  __asprintf_chk (ptr, __USE_FORTIFY_LEVEL - 1, __VA_ARGS__)
  ^~~~~~~~~~~~~~  ~~~~~~~~~~~~~~~~~~~~~~~~~~~~~~~~~~~~~~~~~
dbd_mysql.c:347:15: warning: assigning to 'const char *' from 'const unsigned char *' converts between pointers to integer types with different sign [-Wpointer-sign]
              my_enc = dbi_result_get_binary_idx(dbires1, 2);
                     ^ ~~~~~~~~~~~~~~~~~~~~~~~~~~~~~~~~~~~~~
dbd_mysql.c:355:6: warning: ignoring return value of function declared with 'warn_unused_result' attribute [-Wunused-result]
            asprintf(&sql_cmd, "SHOW VARIABLES LIKE '%s'", "character_set");
            ^~~~~~~~~~~~~~~~~~~~~~~~~~~~~~~~~~~~~~~~~~~~~~~~~~~~~~~~~~~~~~~
/usr/include/x86_64-linux-gnu/bits/stdio2.h:202:3: note: expanded from macro 'asprintf'
  __asprintf_chk (ptr, __USE_FORTIFY_LEVEL - 1, __VA_ARGS__)
  ^~~~~~~~~~~~~~  ~~~~~~~~~~~~~~~~~~~~~~~~~~~~~~~~~~~~~~~~~
dbd_mysql.c:366:10: warning: assigning to 'const char *' from 'const unsigned char *' converts between pointers to integer types with different sign [-Wpointer-sign]
                my_enc = dbi_result_get_binary_idx(dbires2, 2);
                       ^ ~~~~~~~~~~~~~~~~~~~~~~~~~~~~~~~~~~~~~
dbd_mysql.c:466:3: warning: ignoring return value of function declared with 'warn_unused_result' attribute [-Wunused-result]
                asprintf(&sql_cmd, "SHOW DATABASES LIKE '%s'", pattern);
                ^~~~~~~~~~~~~~~~~~~~~~~~~~~~~~~~~~~~~~~~~~~~~~~~~~~~~~~
/usr/include/x86_64-linux-gnu/bits/stdio2.h:202:3: note: expanded from macro 'asprintf'
  __asprintf_chk (ptr, __USE_FORTIFY_LEVEL - 1, __VA_ARGS__)
  ^~~~~~~~~~~~~~  ~~~~~~~~~~~~~~~~~~~~~~~~~~~~~~~~~~~~~~~~~
dbd_mysql.c:482:3: warning: ignoring return value of function declared with 'warn_unused_result' attribute [-Wunused-result]
                asprintf(&sql_cmd, "SHOW TABLES FROM %s", db);
                ^~~~~~~~~~~~~~~~~~~~~~~~~~~~~~~~~~~~~~~~~~~~~
/usr/include/x86_64-linux-gnu/bits/stdio2.h:202:3: note: expanded from macro 'asprintf'
  __asprintf_chk (ptr, __USE_FORTIFY_LEVEL - 1, __VA_ARGS__)
  ^~~~~~~~~~~~~~  ~~~~~~~~~~~~~~~~~~~~~~~~~~~~~~~~~~~~~~~~~
dbd_mysql.c:488:3: warning: ignoring return value of function declared with 'warn_unused_result' attribute [-Wunused-result]
                asprintf(&sql_cmd, "SHOW TABLES FROM %s LIKE '%s'", db, pattern);
                ^~~~~~~~~~~~~~~~~~~~~~~~~~~~~~~~~~~~~~~~~~~~~~~~~~~~~~~~~~~~~~~~
/usr/include/x86_64-linux-gnu/bits/stdio2.h:202:3: note: expanded from macro 'asprintf'
  __asprintf_chk (ptr, __USE_FORTIFY_LEVEL - 1, __VA_ARGS__)
  ^~~~~~~~~~~~~~  ~~~~~~~~~~~~~~~~~~~~~~~~~~~~~~~~~~~~~~~~~
dbd_mysql.c:631:3: warning: ignoring return value of function declared with 'warn_unused_result' attribute [-Wunused-result]
  asprintf(&query, "SAVEPOINT %s", savepoint);
  ^~~~~~~~~~~~~~~~~~~~~~~~~~~~~~~~~~~~~~~~~~~
/usr/include/x86_64-linux-gnu/bits/stdio2.h:202:3: note: expanded from macro 'asprintf'
  __asprintf_chk (ptr, __USE_FORTIFY_LEVEL - 1, __VA_ARGS__)
  ^~~~~~~~~~~~~~  ~~~~~~~~~~~~~~~~~~~~~~~~~~~~~~~~~~~~~~~~~
dbd_mysql.c:650:3: warning: ignoring return value of function declared with 'warn_unused_result' attribute [-Wunused-result]
  asprintf(&query, "ROLLBACK TO SAVEPOINT %s", savepoint);
  ^~~~~~~~~~~~~~~~~~~~~~~~~~~~~~~~~~~~~~~~~~~~~~~~~~~~~~~
/usr/include/x86_64-linux-gnu/bits/stdio2.h:202:3: note: expanded from macro 'asprintf'
  __asprintf_chk (ptr, __USE_FORTIFY_LEVEL - 1, __VA_ARGS__)
  ^~~~~~~~~~~~~~  ~~~~~~~~~~~~~~~~~~~~~~~~~~~~~~~~~~~~~~~~~
dbd_mysql.c:669:3: warning: ignoring return value of function declared with 'warn_unused_result' attribute [-Wunused-result]
  asprintf(&query, "RELEASE SAVEPOINT %s", savepoint);
  ^~~~~~~~~~~~~~~~~~~~~~~~~~~~~~~~~~~~~~~~~~~~~~~~~~~
/usr/include/x86_64-linux-gnu/bits/stdio2.h:202:3: note: expanded from macro 'asprintf'
  __asprintf_chk (ptr, __USE_FORTIFY_LEVEL - 1, __VA_ARGS__)
  ^~~~~~~~~~~~~~  ~~~~~~~~~~~~~~~~~~~~~~~~~~~~~~~~~~~~~~~~~
15 warnings generated.
libtool: compile:  x86_64-linux-gnu-gcc -DHAVE_CONFIG_H -I. -I../.. -I../.. -I../../include -I/usr/include/x86_64-linux-gnu -Wdate-time -D_FORTIFY_SOURCE=2 -std=gnu99 -g -O2 -fdebug-prefix-map=/<<PKGBUILDDIR>>=. -fstack-protector-strong -Wformat -Werror=format-security -g -Wall -MT dbd_mysql.lo -MD -MP -MF .deps/dbd_mysql.Tpo -c dbd_mysql.c -o dbd_mysql.o >/dev/null 2>&1
mv -f .deps/dbd_mysql.Tpo .deps/dbd_mysql.Plo
/bin/bash ../../libtool  --tag=CC   --mode=link x86_64-linux-gnu-gcc  -std=gnu99 -g -O2 -fdebug-prefix-map=/<<PKGBUILDDIR>>=. -fstack-protector-strong -Wformat -Werror=format-security -g -Wall -module -avoid-version  -L/usr/lib/x86_64-linux-gnu -lmysqlclient -no-undefined -ldbi -L/usr/lib/x86_64-linux-gnu -Wl,-z,relro -o libdbdmysql.la -rpath /usr/lib/x86_64-linux-gnu/dbd dbd_mysql.lo  
libtool: link: x86_64-linux-gnu-gcc -shared  -fPIC -DPIC  .libs/dbd_mysql.o   -L/usr/lib/x86_64-linux-gnu -lmysqlclient -ldbi  -g -O2 -fstack-protector-strong -g -Wl,-z -Wl,relro   -Wl,-soname -Wl,libdbdmysql.so -o .libs/libdbdmysql.so
libtool: link: x86_64-linux-gnu-ar cr .libs/libdbdmysql.a  dbd_mysql.o
libtool: link: x86_64-linux-gnu-ranlib .libs/libdbdmysql.a
libtool: link: ( cd ".libs" && rm -f "libdbdmysql.la" && ln -s "../libdbdmysql.la" "libdbdmysql.la" )
Converting dbd_mysql.sgml to HTML...
mkdir -p dbd_mysql && cd dbd_mysql && openjade -t sgml -d ../../../doc/include/doc-html.dsl ../dbd_mysql.sgml
Converting dbd_mysql.sgml to HTML...
mkdir -p dbd_mysql && cd dbd_mysql && openjade -t sgml -d ../../../doc/include/doc-html.dsl ../dbd_mysql.sgml
Converting dbd_mysql.sgml to HTML...
mkdir -p dbd_mysql && cd dbd_mysql && openjade -t sgml -d ../../../doc/include/doc-html.dsl ../dbd_mysql.sgml
Converting dbd_mysql.sgml to HTML...
mkdir -p dbd_mysql && cd dbd_mysql && openjade -t sgml -d ../../../doc/include/doc-html.dsl ../dbd_mysql.sgml
Converting dbd_mysql.sgml to HTML...
mkdir -p dbd_mysql && cd dbd_mysql && openjade -t sgml -d ../../../doc/include/doc-html.dsl ../dbd_mysql.sgml
Converting dbd_mysql.sgml to HTML...
mkdir -p dbd_mysql && cd dbd_mysql && openjade -t sgml -d ../../../doc/include/doc-html.dsl ../dbd_mysql.sgml
Converting dbd_mysql.sgml to HTML...
mkdir -p dbd_mysql && cd dbd_mysql && openjade -t sgml -d ../../../doc/include/doc-html.dsl ../dbd_mysql.sgml
Converting dbd_mysql.sgml to HTML...
mkdir -p dbd_mysql && cd dbd_mysql && openjade -t sgml -d ../../../doc/include/doc-html.dsl ../dbd_mysql.sgml
make[4]: Leaving directory '/<<PKGBUILDDIR>>/drivers/mysql'
Making all in pgsql
make[4]: Entering directory '/<<PKGBUILDDIR>>/drivers/pgsql'
/bin/bash ../../libtool  --tag=CC   --mode=compile x86_64-linux-gnu-gcc -DHAVE_CONFIG_H -I. -I../.. -I../.. -I../../include  -I/usr/include/postgresql  -Wdate-time -D_FORTIFY_SOURCE=2  -std=gnu99 -g -O2 -fdebug-prefix-map=/<<PKGBUILDDIR>>=. -fstack-protector-strong -Wformat -Werror=format-security -g -Wall -MT dbd_pgsql.lo -MD -MP -MF .deps/dbd_pgsql.Tpo -c -o dbd_pgsql.lo dbd_pgsql.c
libtool: compile:  x86_64-linux-gnu-gcc -DHAVE_CONFIG_H -I. -I../.. -I../.. -I../../include -I/usr/include/postgresql -Wdate-time -D_FORTIFY_SOURCE=2 -std=gnu99 -g -O2 -fdebug-prefix-map=/<<PKGBUILDDIR>>=. -fstack-protector-strong -Wformat -Werror=format-security -g -Wall -MT dbd_pgsql.lo -MD -MP -MF .deps/dbd_pgsql.Tpo -c dbd_pgsql.c  -fPIC -DPIC -o .libs/dbd_pgsql.o
dbd_pgsql.c:65:2: warning: expansion of date or time macro is not reproducible [-Wdate-time]
        __DATE__
        ^
dbd_pgsql.c:246:6: warning: ignoring return value of function declared with 'warn_unused_result' attribute [-Wunused-result]
            CONNINFO_APPEND_ESCAPED( conninfo, "%s='%s'", pgopt, optval );
            ^~~~~~~~~~~~~~~~~~~~~~~~~~~~~~~~~~~~~~~~~~~~~~~~~~~~~~~~~~~~~
dbd_pgsql.c:118:9: note: expanded from macro 'CONNINFO_APPEND_ESCAPED'
        CONNINFO_APPEND( conninfo, fmt, key, value_escaped );        \
        ^~~~~~~~~~~~~~~~~~~~~~~~~~~~~~~~~~~~~~~~~~~~~~~~~~~~
dbd_pgsql.c:126:13: note: expanded from macro 'CONNINFO_APPEND'
            asprintf( &conninfo, "%s " fmt, tmp, key, value );       \
            ^~~~~~~~~~~~~~~~~~~~~~~~~~~~~~~~~~~~~~~~~~~~~~~~~
/usr/include/x86_64-linux-gnu/bits/stdio2.h:202:3: note: expanded from macro 'asprintf'
  __asprintf_chk (ptr, __USE_FORTIFY_LEVEL - 1, __VA_ARGS__)
  ^~~~~~~~~~~~~~  ~~~~~~~~~~~~~~~~~~~~~~~~~~~~~~~~~~~~~~~~~
dbd_pgsql.c:246:6: warning: ignoring return value of function declared with 'warn_unused_result' attribute [-Wunused-result]
            CONNINFO_APPEND_ESCAPED( conninfo, "%s='%s'", pgopt, optval );
            ^~~~~~~~~~~~~~~~~~~~~~~~~~~~~~~~~~~~~~~~~~~~~~~~~~~~~~~~~~~~~
dbd_pgsql.c:118:9: note: expanded from macro 'CONNINFO_APPEND_ESCAPED'
        CONNINFO_APPEND( conninfo, fmt, key, value_escaped );        \
        ^~~~~~~~~~~~~~~~~~~~~~~~~~~~~~~~~~~~~~~~~~~~~~~~~~~~
dbd_pgsql.c:130:13: note: expanded from macro 'CONNINFO_APPEND'
            asprintf( &conninfo, fmt, key, value );                  \
            ^~~~~~~~~~~~~~~~~~~~~~~~~~~~~~~~~~~~~~
/usr/include/x86_64-linux-gnu/bits/stdio2.h:202:3: note: expanded from macro 'asprintf'
  __asprintf_chk (ptr, __USE_FORTIFY_LEVEL - 1, __VA_ARGS__)
  ^~~~~~~~~~~~~~  ~~~~~~~~~~~~~~~~~~~~~~~~~~~~~~~~~~~~~~~~~
dbd_pgsql.c:249:6: warning: ignoring return value of function declared with 'warn_unused_result' attribute [-Wunused-result]
            CONNINFO_APPEND( conninfo, "%s='%d'", pgopt, optval_num );
            ^~~~~~~~~~~~~~~~~~~~~~~~~~~~~~~~~~~~~~~~~~~~~~~~~~~~~~~~~
dbd_pgsql.c:126:13: note: expanded from macro 'CONNINFO_APPEND'
            asprintf( &conninfo, "%s " fmt, tmp, key, value );       \
            ^~~~~~~~~~~~~~~~~~~~~~~~~~~~~~~~~~~~~~~~~~~~~~~~~
/usr/include/x86_64-linux-gnu/bits/stdio2.h:202:3: note: expanded from macro 'asprintf'
  __asprintf_chk (ptr, __USE_FORTIFY_LEVEL - 1, __VA_ARGS__)
  ^~~~~~~~~~~~~~  ~~~~~~~~~~~~~~~~~~~~~~~~~~~~~~~~~~~~~~~~~
dbd_pgsql.c:249:6: warning: ignoring return value of function declared with 'warn_unused_result' attribute [-Wunused-result]
            CONNINFO_APPEND( conninfo, "%s='%d'", pgopt, optval_num );
            ^~~~~~~~~~~~~~~~~~~~~~~~~~~~~~~~~~~~~~~~~~~~~~~~~~~~~~~~~
dbd_pgsql.c:130:13: note: expanded from macro 'CONNINFO_APPEND'
            asprintf( &conninfo, fmt, key, value );                  \
            ^~~~~~~~~~~~~~~~~~~~~~~~~~~~~~~~~~~~~~
/usr/include/x86_64-linux-gnu/bits/stdio2.h:202:3: note: expanded from macro 'asprintf'
  __asprintf_chk (ptr, __USE_FORTIFY_LEVEL - 1, __VA_ARGS__)
  ^~~~~~~~~~~~~~  ~~~~~~~~~~~~~~~~~~~~~~~~~~~~~~~~~~~~~~~~~
dbd_pgsql.c:261:3: warning: ignoring return value of function declared with 'warn_unused_result' attribute [-Wunused-result]
                CONNINFO_APPEND_ESCAPED( conninfo, "%s='%s'", "dbname", dbname );
                ^~~~~~~~~~~~~~~~~~~~~~~~~~~~~~~~~~~~~~~~~~~~~~~~~~~~~~~~~~~~~~~~
dbd_pgsql.c:118:9: note: expanded from macro 'CONNINFO_APPEND_ESCAPED'
        CONNINFO_APPEND( conninfo, fmt, key, value_escaped );        \
        ^~~~~~~~~~~~~~~~~~~~~~~~~~~~~~~~~~~~~~~~~~~~~~~~~~~~
dbd_pgsql.c:126:13: note: expanded from macro 'CONNINFO_APPEND'
            asprintf( &conninfo, "%s " fmt, tmp, key, value );       \
            ^~~~~~~~~~~~~~~~~~~~~~~~~~~~~~~~~~~~~~~~~~~~~~~~~
/usr/include/x86_64-linux-gnu/bits/stdio2.h:202:3: note: expanded from macro 'asprintf'
  __asprintf_chk (ptr, __USE_FORTIFY_LEVEL - 1, __VA_ARGS__)
  ^~~~~~~~~~~~~~  ~~~~~~~~~~~~~~~~~~~~~~~~~~~~~~~~~~~~~~~~~
dbd_pgsql.c:261:3: warning: ignoring return value of function declared with 'warn_unused_result' attribute [-Wunused-result]
                CONNINFO_APPEND_ESCAPED( conninfo, "%s='%s'", "dbname", dbname );
                ^~~~~~~~~~~~~~~~~~~~~~~~~~~~~~~~~~~~~~~~~~~~~~~~~~~~~~~~~~~~~~~~
dbd_pgsql.c:118:9: note: expanded from macro 'CONNINFO_APPEND_ESCAPED'
        CONNINFO_APPEND( conninfo, fmt, key, value_escaped );        \
        ^~~~~~~~~~~~~~~~~~~~~~~~~~~~~~~~~~~~~~~~~~~~~~~~~~~~
dbd_pgsql.c:130:13: note: expanded from macro 'CONNINFO_APPEND'
            asprintf( &conninfo, fmt, key, value );                  \
            ^~~~~~~~~~~~~~~~~~~~~~~~~~~~~~~~~~~~~~
/usr/include/x86_64-linux-gnu/bits/stdio2.h:202:3: note: expanded from macro 'asprintf'
  __asprintf_chk (ptr, __USE_FORTIFY_LEVEL - 1, __VA_ARGS__)
  ^~~~~~~~~~~~~~  ~~~~~~~~~~~~~~~~~~~~~~~~~~~~~~~~~~~~~~~~~
dbd_pgsql.c:265:6: warning: ignoring return value of function declared with 'warn_unused_result' attribute [-Wunused-result]
            CONNINFO_APPEND( conninfo, "%s='%d'", "port", 5432 );
            ^~~~~~~~~~~~~~~~~~~~~~~~~~~~~~~~~~~~~~~~~~~~~~~~~~~~
dbd_pgsql.c:126:13: note: expanded from macro 'CONNINFO_APPEND'
            asprintf( &conninfo, "%s " fmt, tmp, key, value );       \
            ^~~~~~~~~~~~~~~~~~~~~~~~~~~~~~~~~~~~~~~~~~~~~~~~~
/usr/include/x86_64-linux-gnu/bits/stdio2.h:202:3: note: expanded from macro 'asprintf'
  __asprintf_chk (ptr, __USE_FORTIFY_LEVEL - 1, __VA_ARGS__)
  ^~~~~~~~~~~~~~  ~~~~~~~~~~~~~~~~~~~~~~~~~~~~~~~~~~~~~~~~~
dbd_pgsql.c:265:6: warning: ignoring return value of function declared with 'warn_unused_result' attribute [-Wunused-result]
            CONNINFO_APPEND( conninfo, "%s='%d'", "port", 5432 );
            ^~~~~~~~~~~~~~~~~~~~~~~~~~~~~~~~~~~~~~~~~~~~~~~~~~~~
dbd_pgsql.c:130:13: note: expanded from macro 'CONNINFO_APPEND'
            asprintf( &conninfo, fmt, key, value );                  \
            ^~~~~~~~~~~~~~~~~~~~~~~~~~~~~~~~~~~~~~
/usr/include/x86_64-linux-gnu/bits/stdio2.h:202:3: note: expanded from macro 'asprintf'
  __asprintf_chk (ptr, __USE_FORTIFY_LEVEL - 1, __VA_ARGS__)
  ^~~~~~~~~~~~~~  ~~~~~~~~~~~~~~~~~~~~~~~~~~~~~~~~~~~~~~~~~
dbd_pgsql.c:368:4: warning: ignoring return value of function declared with 'warn_unused_result' attribute [-Wunused-result]
          asprintf(&sql_cmd, "SELECT encoding FROM pg_database WHERE datname='%s'", conn->current_db);
          ^~~~~~~~~~~~~~~~~~~~~~~~~~~~~~~~~~~~~~~~~~~~~~~~~~~~~~~~~~~~~~~~~~~~~~~~~~~~~~~~~~~~~~~~~~~
/usr/include/x86_64-linux-gnu/bits/stdio2.h:202:3: note: expanded from macro 'asprintf'
  __asprintf_chk (ptr, __USE_FORTIFY_LEVEL - 1, __VA_ARGS__)
  ^~~~~~~~~~~~~~  ~~~~~~~~~~~~~~~~~~~~~~~~~~~~~~~~~~~~~~~~~
dbd_pgsql.c:373:8: warning: variable 'my_enc' is used uninitialized whenever 'if' condition is false [-Wsometimes-uninitialized]
          if (dbires && dbi_result_next_row(dbires)) {
              ^~~~~~~~~~~~~~~~~~~~~~~~~~~~~~~~~~~~~
dbd_pgsql.c:380:7: note: uninitialized use occurs here
        if (!my_enc) {
             ^~~~~~
dbd_pgsql.c:373:4: note: remove the 'if' if its condition is always true
          if (dbires && dbi_result_next_row(dbires)) {
          ^~~~~~~~~~~~~~~~~~~~~~~~~~~~~~~~~~~~~~~~~~~
dbd_pgsql.c:373:8: warning: variable 'my_enc' is used uninitialized whenever '&&' condition is false [-Wsometimes-uninitialized]
          if (dbires && dbi_result_next_row(dbires)) {
              ^~~~~~
dbd_pgsql.c:380:7: note: uninitialized use occurs here
        if (!my_enc) {
             ^~~~~~
dbd_pgsql.c:373:8: note: remove the '&&' if its condition is always true
          if (dbires && dbi_result_next_row(dbires)) {
              ^~~~~~~~~
dbd_pgsql.c:342:20: note: initialize the variable 'my_enc' to silence this warning
        const char* my_enc;
                          ^
                           = NULL
dbd_pgsql.c:433:3: warning: ignoring return value of function declared with 'warn_unused_result' attribute [-Wunused-result]
                asprintf(&sql_cmd, "SELECT datname FROM pg_database WHERE datname LIKE '%s'", pattern);
                ^~~~~~~~~~~~~~~~~~~~~~~~~~~~~~~~~~~~~~~~~~~~~~~~~~~~~~~~~~~~~~~~~~~~~~~~~~~~~~~~~~~~~~
/usr/include/x86_64-linux-gnu/bits/stdio2.h:202:3: note: expanded from macro 'asprintf'
  __asprintf_chk (ptr, __USE_FORTIFY_LEVEL - 1, __VA_ARGS__)
  ^~~~~~~~~~~~~~  ~~~~~~~~~~~~~~~~~~~~~~~~~~~~~~~~~~~~~~~~~
dbd_pgsql.c:562:3: warning: ignoring return value of function declared with 'warn_unused_result' attribute [-Wunused-result]
  asprintf(&query, "SAVEPOINT %s", savepoint);
  ^~~~~~~~~~~~~~~~~~~~~~~~~~~~~~~~~~~~~~~~~~~
/usr/include/x86_64-linux-gnu/bits/stdio2.h:202:3: note: expanded from macro 'asprintf'
  __asprintf_chk (ptr, __USE_FORTIFY_LEVEL - 1, __VA_ARGS__)
  ^~~~~~~~~~~~~~  ~~~~~~~~~~~~~~~~~~~~~~~~~~~~~~~~~~~~~~~~~
dbd_pgsql.c:581:3: warning: ignoring return value of function declared with 'warn_unused_result' attribute [-Wunused-result]
  asprintf(&query, "ROLLBACK TO SAVEPOINT %s", savepoint);
  ^~~~~~~~~~~~~~~~~~~~~~~~~~~~~~~~~~~~~~~~~~~~~~~~~~~~~~~
/usr/include/x86_64-linux-gnu/bits/stdio2.h:202:3: note: expanded from macro 'asprintf'
  __asprintf_chk (ptr, __USE_FORTIFY_LEVEL - 1, __VA_ARGS__)
  ^~~~~~~~~~~~~~  ~~~~~~~~~~~~~~~~~~~~~~~~~~~~~~~~~~~~~~~~~
dbd_pgsql.c:600:3: warning: ignoring return value of function declared with 'warn_unused_result' attribute [-Wunused-result]
  asprintf(&query, "RELEASE SAVEPOINT %s", savepoint);
  ^~~~~~~~~~~~~~~~~~~~~~~~~~~~~~~~~~~~~~~~~~~~~~~~~~~
/usr/include/x86_64-linux-gnu/bits/stdio2.h:202:3: note: expanded from macro 'asprintf'
  __asprintf_chk (ptr, __USE_FORTIFY_LEVEL - 1, __VA_ARGS__)
  ^~~~~~~~~~~~~~  ~~~~~~~~~~~~~~~~~~~~~~~~~~~~~~~~~~~~~~~~~
dbd_pgsql.c:646:2: warning: ignoring return value of function declared with 'warn_unused_result' attribute [-Wunused-result]
        asprintf(&sql_cmd, "SELECT currval('%s')", sequence);
        ^~~~~~~~~~~~~~~~~~~~~~~~~~~~~~~~~~~~~~~~~~~~~~~~~~~~
/usr/include/x86_64-linux-gnu/bits/stdio2.h:202:3: note: expanded from macro 'asprintf'
  __asprintf_chk (ptr, __USE_FORTIFY_LEVEL - 1, __VA_ARGS__)
  ^~~~~~~~~~~~~~  ~~~~~~~~~~~~~~~~~~~~~~~~~~~~~~~~~~~~~~~~~
dbd_pgsql.c:668:2: warning: ignoring return value of function declared with 'warn_unused_result' attribute [-Wunused-result]
        asprintf(&sql_cmd, "SELECT nextval('%s')", sequence);
        ^~~~~~~~~~~~~~~~~~~~~~~~~~~~~~~~~~~~~~~~~~~~~~~~~~~~
/usr/include/x86_64-linux-gnu/bits/stdio2.h:202:3: note: expanded from macro 'asprintf'
  __asprintf_chk (ptr, __USE_FORTIFY_LEVEL - 1, __VA_ARGS__)
  ^~~~~~~~~~~~~~  ~~~~~~~~~~~~~~~~~~~~~~~~~~~~~~~~~~~~~~~~~
18 warnings generated.
libtool: compile:  x86_64-linux-gnu-gcc -DHAVE_CONFIG_H -I. -I../.. -I../.. -I../../include -I/usr/include/postgresql -Wdate-time -D_FORTIFY_SOURCE=2 -std=gnu99 -g -O2 -fdebug-prefix-map=/<<PKGBUILDDIR>>=. -fstack-protector-strong -Wformat -Werror=format-security -g -Wall -MT dbd_pgsql.lo -MD -MP -MF .deps/dbd_pgsql.Tpo -c dbd_pgsql.c -o dbd_pgsql.o >/dev/null 2>&1
mv -f .deps/dbd_pgsql.Tpo .deps/dbd_pgsql.Plo
/bin/bash ../../libtool  --tag=CC   --mode=link x86_64-linux-gnu-gcc  -std=gnu99 -g -O2 -fdebug-prefix-map=/<<PKGBUILDDIR>>=. -fstack-protector-strong -Wformat -Werror=format-security -g -Wall -module -avoid-version /usr/lib/x86_64-linux-gnu -lpq -no-undefined -ldbi -L/usr/lib/x86_64-linux-gnu -Wl,-z,relro -o libdbdpgsql.la -rpath /usr/lib/x86_64-linux-gnu/dbd dbd_pgsql.lo  
libtool: link: x86_64-linux-gnu-gcc -shared  -fPIC -DPIC  .libs/dbd_pgsql.o   -lpq -ldbi -L/usr/lib/x86_64-linux-gnu  -g -O2 -fstack-protector-strong -g -Wl,-z -Wl,relro   -Wl,-soname -Wl,libdbdpgsql.so -o .libs/libdbdpgsql.so
libtool: link: x86_64-linux-gnu-ar cr .libs/libdbdpgsql.a  dbd_pgsql.o
libtool: link: x86_64-linux-gnu-ranlib .libs/libdbdpgsql.a
libtool: link: ( cd ".libs" && rm -f "libdbdpgsql.la" && ln -s "../libdbdpgsql.la" "libdbdpgsql.la" )
make[4]: Leaving directory '/<<PKGBUILDDIR>>/drivers/pgsql'
Making all in sqlite
make[4]: Entering directory '/<<PKGBUILDDIR>>/drivers/sqlite'
make[4]: Nothing to be done for 'all'.
make[4]: Leaving directory '/<<PKGBUILDDIR>>/drivers/sqlite'
Making all in sqlite3
make[4]: Entering directory '/<<PKGBUILDDIR>>/drivers/sqlite3'
/bin/bash ../../libtool  --tag=CC   --mode=compile x86_64-linux-gnu-gcc -DHAVE_CONFIG_H -I. -I../.. -I../.. -I../../include  -I/usr/include/x86_64-linux-gnu -DDBDIR=\"/usr/var/lib/libdbi/sqlite3\" -Wdate-time -D_FORTIFY_SOURCE=2  -std=gnu99 -g -O2 -fdebug-prefix-map=/<<PKGBUILDDIR>>=. -fstack-protector-strong -Wformat -Werror=format-security -g -Wall -MT dbd_sqlite3.lo -MD -MP -MF .deps/dbd_sqlite3.Tpo -c -o dbd_sqlite3.lo dbd_sqlite3.c
libtool: compile:  x86_64-linux-gnu-gcc -DHAVE_CONFIG_H -I. -I../.. -I../.. -I../../include -I/usr/include/x86_64-linux-gnu -DDBDIR=\"/usr/var/lib/libdbi/sqlite3\" -Wdate-time -D_FORTIFY_SOURCE=2 -std=gnu99 -g -O2 -fdebug-prefix-map=/<<PKGBUILDDIR>>=. -fstack-protector-strong -Wformat -Werror=format-security -g -Wall -MT dbd_sqlite3.lo -MD -MP -MF .deps/dbd_sqlite3.Tpo -c dbd_sqlite3.c  -fPIC -DPIC -o .libs/dbd_sqlite3.o
dbd_sqlite3.c:69:3: warning: expansion of date or time macro is not reproducible [-Wdate-time]
  __DATE__
  ^
dbd_sqlite3.c:421:3: warning: ignoring return value of function declared with 'warn_unused_result' attribute [-Wunused-result]
  getcwd(old_cwd, _POSIX_PATH_MAX);
  ^~~~~~ ~~~~~~~~~~~~~~~~~~~~~~~~
dbd_sqlite3.c:422:3: warning: ignoring return value of function declared with 'warn_unused_result' attribute [-Wunused-result]
  chdir(sq_datadir);
  ^~~~~ ~~~~~~~~~~
dbd_sqlite3.c:426:14: warning: 'readdir_r' is deprecated [-Wdeprecated-declarations]
    retval = readdir_r(dp, entry, &result);
             ^
/usr/include/dirent.h:186:28: note: 'readdir_r' has been explicitly marked deprecated here
     __nonnull ((1, 2, 3)) __attribute_deprecated__;
                           ^
/usr/include/x86_64-linux-gnu/sys/cdefs.h:251:51: note: expanded from macro '__attribute_deprecated__'
# define __attribute_deprecated__ __attribute__ ((__deprecated__))
                                                  ^
dbd_sqlite3.c:491:3: warning: ignoring return value of function declared with 'warn_unused_result' attribute [-Wunused-result]
  chdir(old_cwd);
  ^~~~~ ~~~~~~~
dbd_sqlite3.c:403:7: warning: variable 'dp' is used uninitialized whenever '&&' condition is false [-Wsometimes-uninitialized]
  if (sq_datadir && (dp = opendir(sq_datadir)) == NULL) {
      ^~~~~~~~~~
dbd_sqlite3.c:409:33: note: uninitialized use occurs here
  entry_size = _dirent_buf_size(dp);
                                ^~
dbd_sqlite3.c:403:7: note: remove the '&&' if its condition is always true
  if (sq_datadir && (dp = opendir(sq_datadir)) == NULL) {
      ^~~~~~~~~~~~~
dbd_sqlite3.c:379:10: note: initialize the variable 'dp' to silence this warning
  DIR *dp;
         ^
          = NULL
dbd_sqlite3.c:537:5: warning: ignoring return value of function declared with 'warn_unused_result' attribute [-Wunused-result]
    asprintf(&sql_cmd, "SELECT name FROM sqlite_master WHERE type='table' ORDER BY name");
    ^~~~~~~~~~~~~~~~~~~~~~~~~~~~~~~~~~~~~~~~~~~~~~~~~~~~~~~~~~~~~~~~~~~~~~~~~~~~~~~~~~~~~
/usr/include/x86_64-linux-gnu/bits/stdio2.h:202:3: note: expanded from macro 'asprintf'
  __asprintf_chk (ptr, __USE_FORTIFY_LEVEL - 1, __VA_ARGS__)
  ^~~~~~~~~~~~~~  ~~~~~~~~~~~~~~~~~~~~~~~~~~~~~~~~~~~~~~~~~
dbd_sqlite3.c:540:5: warning: ignoring return value of function declared with 'warn_unused_result' attribute [-Wunused-result]
    asprintf(&sql_cmd, "SELECT name FROM sqlite_master WHERE type='table' AND name LIKE '%s' ORDER BY name", pattern);
    ^~~~~~~~~~~~~~~~~~~~~~~~~~~~~~~~~~~~~~~~~~~~~~~~~~~~~~~~~~~~~~~~~~~~~~~~~~~~~~~~~~~~~~~~~~~~~~~~~~~~~~~~~~~~~~~~~
/usr/include/x86_64-linux-gnu/bits/stdio2.h:202:3: note: expanded from macro 'asprintf'
  __asprintf_chk (ptr, __USE_FORTIFY_LEVEL - 1, __VA_ARGS__)
  ^~~~~~~~~~~~~~  ~~~~~~~~~~~~~~~~~~~~~~~~~~~~~~~~~~~~~~~~~
dbd_sqlite3.c:547:7: warning: ignoring return value of function declared with 'warn_unused_result' attribute [-Wunused-result]
      asprintf(&sql_cmd, "INSERT INTO libdbi_tablenames VALUES ('%s')", dbi_result_get_string(dbi_result, "name"));
      ^~~~~~~~~~~~~~~~~~~~~~~~~~~~~~~~~~~~~~~~~~~~~~~~~~~~~~~~~~~~~~~~~~~~~~~~~~~~~~~~~~~~~~~~~~~~~~~~~~~~~~~~~~~~
/usr/include/x86_64-linux-gnu/bits/stdio2.h:202:3: note: expanded from macro 'asprintf'
  __asprintf_chk (ptr, __USE_FORTIFY_LEVEL - 1, __VA_ARGS__)
  ^~~~~~~~~~~~~~  ~~~~~~~~~~~~~~~~~~~~~~~~~~~~~~~~~~~~~~~~~
dbd_sqlite3.c:616:18: warning: unused variable 'errflag' [-Wunused-variable]
  dbi_error_flag errflag = 0;
                 ^
dbd_sqlite3.c:673:18: warning: unused variable 'errflag' [-Wunused-variable]
  dbi_error_flag errflag = 0;
                 ^
dbd_sqlite3.c:757:3: warning: ignoring return value of function declared with 'warn_unused_result' attribute [-Wunused-result]
  asprintf(&query, "SAVEPOINT %s", savepoint);
  ^~~~~~~~~~~~~~~~~~~~~~~~~~~~~~~~~~~~~~~~~~~
/usr/include/x86_64-linux-gnu/bits/stdio2.h:202:3: note: expanded from macro 'asprintf'
  __asprintf_chk (ptr, __USE_FORTIFY_LEVEL - 1, __VA_ARGS__)
  ^~~~~~~~~~~~~~  ~~~~~~~~~~~~~~~~~~~~~~~~~~~~~~~~~~~~~~~~~
dbd_sqlite3.c:776:3: warning: ignoring return value of function declared with 'warn_unused_result' attribute [-Wunused-result]
  asprintf(&query, "ROLLBACK TO SAVEPOINT %s", savepoint);
  ^~~~~~~~~~~~~~~~~~~~~~~~~~~~~~~~~~~~~~~~~~~~~~~~~~~~~~~
/usr/include/x86_64-linux-gnu/bits/stdio2.h:202:3: note: expanded from macro 'asprintf'
  __asprintf_chk (ptr, __USE_FORTIFY_LEVEL - 1, __VA_ARGS__)
  ^~~~~~~~~~~~~~  ~~~~~~~~~~~~~~~~~~~~~~~~~~~~~~~~~~~~~~~~~
dbd_sqlite3.c:795:3: warning: ignoring return value of function declared with 'warn_unused_result' attribute [-Wunused-result]
  asprintf(&query, "RELEASE SAVEPOINT %s", savepoint);
  ^~~~~~~~~~~~~~~~~~~~~~~~~~~~~~~~~~~~~~~~~~~~~~~~~~~
/usr/include/x86_64-linux-gnu/bits/stdio2.h:202:3: note: expanded from macro 'asprintf'
  __asprintf_chk (ptr, __USE_FORTIFY_LEVEL - 1, __VA_ARGS__)
  ^~~~~~~~~~~~~~  ~~~~~~~~~~~~~~~~~~~~~~~~~~~~~~~~~~~~~~~~~
dbd_sqlite3.c:830:7: warning: unused variable 'curr_table_index' [-Wunused-variable]
  int curr_table_index;
      ^
dbd_sqlite3.c:1116:18: warning: unused variable 'errflag' [-Wunused-variable]
  dbi_error_flag errflag = 0;
                 ^
dbd_sqlite3.c:1741:55: warning: passing 'char *' to parameter of type 'const unsigned char *' converts between pointers to integer types with different sign [-Wpointer-sign]
      row->field_sizes[curfield] = _dbd_decode_binary(data->d_string, data->d_string);
                                                      ^~~~~~~~~~~~~~
/usr/include/dbi/dbd.h:81:48: note: passing argument to parameter 'in' here
size_t _dbd_decode_binary(const unsigned char *in, unsigned char *out);
                                               ^
dbd_sqlite3.c:1741:71: warning: passing 'char *' to parameter of type 'unsigned char *' converts between pointers to integer types with different sign [-Wpointer-sign]
      row->field_sizes[curfield] = _dbd_decode_binary(data->d_string, data->d_string);
                                                                      ^~~~~~~~~~~~~~
/usr/include/dbi/dbd.h:81:67: note: passing argument to parameter 'out' here
size_t _dbd_decode_binary(const unsigned char *in, unsigned char *out);
                                                                  ^
dbd_sqlite3.c:78:19: warning: unused variable 'sqlite3_encoding_UTF16' [-Wunused-const-variable]
static const char sqlite3_encoding_UTF16[] = "UTF-16";
                  ^
19 warnings generated.
libtool: compile:  x86_64-linux-gnu-gcc -DHAVE_CONFIG_H -I. -I../.. -I../.. -I../../include -I/usr/include/x86_64-linux-gnu -DDBDIR=\"/usr/var/lib/libdbi/sqlite3\" -Wdate-time -D_FORTIFY_SOURCE=2 -std=gnu99 -g -O2 -fdebug-prefix-map=/<<PKGBUILDDIR>>=. -fstack-protector-strong -Wformat -Werror=format-security -g -Wall -MT dbd_sqlite3.lo -MD -MP -MF .deps/dbd_sqlite3.Tpo -c dbd_sqlite3.c -o dbd_sqlite3.o >/dev/null 2>&1
mv -f .deps/dbd_sqlite3.Tpo .deps/dbd_sqlite3.Plo
/bin/bash ../../libtool  --tag=CC   --mode=link x86_64-linux-gnu-gcc  -std=gnu99 -g -O2 -fdebug-prefix-map=/<<PKGBUILDDIR>>=. -fstack-protector-strong -Wformat -Werror=format-security -g -Wall -module -avoid-version -L/usr/lib/x86_64-linux-gnu -lsqlite3 -no-undefined -ldbi -L/usr/lib/x86_64-linux-gnu -Wl,-z,relro -o libdbdsqlite3.la -rpath /usr/lib/x86_64-linux-gnu/dbd dbd_sqlite3.lo  
libtool: link: x86_64-linux-gnu-gcc -shared  -fPIC -DPIC  .libs/dbd_sqlite3.o   -L/usr/lib/x86_64-linux-gnu /usr/lib/x86_64-linux-gnu/libsqlite3.so -ldbi  -g -O2 -fstack-protector-strong -g -Wl,-z -Wl,relro   -Wl,-soname -Wl,libdbdsqlite3.so -o .libs/libdbdsqlite3.so
libtool: link: x86_64-linux-gnu-ar cr .libs/libdbdsqlite3.a  dbd_sqlite3.o
libtool: link: x86_64-linux-gnu-ranlib .libs/libdbdsqlite3.a
libtool: link: ( cd ".libs" && rm -f "libdbdsqlite3.la" && ln -s "../libdbdsqlite3.la" "libdbdsqlite3.la" )
make[4]: Leaving directory '/<<PKGBUILDDIR>>/drivers/sqlite3'
Making all in msql
make[4]: Entering directory '/<<PKGBUILDDIR>>/drivers/msql'
make[4]: Nothing to be done for 'all'.
make[4]: Leaving directory '/<<PKGBUILDDIR>>/drivers/msql'
Making all in oracle
make[4]: Entering directory '/<<PKGBUILDDIR>>/drivers/oracle'
make[4]: Nothing to be done for 'all'.
make[4]: Leaving directory '/<<PKGBUILDDIR>>/drivers/oracle'
Making all in firebird
make[4]: Entering directory '/<<PKGBUILDDIR>>/drivers/firebird'
make[4]: Nothing to be done for 'all'.
make[4]: Leaving directory '/<<PKGBUILDDIR>>/drivers/firebird'
Making all in freetds
make[4]: Entering directory '/<<PKGBUILDDIR>>/drivers/freetds'
/bin/bash ../../libtool  --tag=CC   --mode=compile x86_64-linux-gnu-gcc -DHAVE_CONFIG_H -I. -I../.. -I../.. -I../../include    -Wdate-time -D_FORTIFY_SOURCE=2  -std=gnu99 -g -O2 -fdebug-prefix-map=/<<PKGBUILDDIR>>=. -fstack-protector-strong -Wformat -Werror=format-security -g -Wall -MT dbd_freetds.lo -MD -MP -MF .deps/dbd_freetds.Tpo -c -o dbd_freetds.lo dbd_freetds.c
libtool: compile:  x86_64-linux-gnu-gcc -DHAVE_CONFIG_H -I. -I../.. -I../.. -I../../include -Wdate-time -D_FORTIFY_SOURCE=2 -std=gnu99 -g -O2 -fdebug-prefix-map=/<<PKGBUILDDIR>>=. -fstack-protector-strong -Wformat -Werror=format-security -g -Wall -MT dbd_freetds.lo -MD -MP -MF .deps/dbd_freetds.Tpo -c dbd_freetds.c  -fPIC -DPIC -o .libs/dbd_freetds.o
dbd_freetds.c:67:5: warning: expansion of date or time macro is not reproducible [-Wdate-time]
    __DATE__
    ^
dbd_freetds.c:459:2: warning: ignoring return value of function declared with 'warn_unused_result' attribute [-Wunused-result]
        asprintf(&sql_cmd,
        ^~~~~~~~~~~~~~~~~~
/usr/include/x86_64-linux-gnu/bits/stdio2.h:202:3: note: expanded from macro 'asprintf'
  __asprintf_chk (ptr, __USE_FORTIFY_LEVEL - 1, __VA_ARGS__)
  ^~~~~~~~~~~~~~  ~~~~~~~~~~~~~~~~~~~~~~~~~~~~~~~~~~~~~~~~~
dbd_freetds.c:492:2: warning: ignoring return value of function declared with 'warn_unused_result' attribute [-Wunused-result]
        asprintf(&sql_cmd, "create table #t (\n"
        ^~~~~~~~~~~~~~~~~~~~~~~~~~~~~~~~~~~~~~~~
/usr/include/x86_64-linux-gnu/bits/stdio2.h:202:3: note: expanded from macro 'asprintf'
  __asprintf_chk (ptr, __USE_FORTIFY_LEVEL - 1, __VA_ARGS__)
  ^~~~~~~~~~~~~~  ~~~~~~~~~~~~~~~~~~~~~~~~~~~~~~~~~~~~~~~~~
dbd_freetds.c:504:2: warning: ignoring return value of function declared with 'warn_unused_result' attribute [-Wunused-result]
        asprintf(&sql_cmd, "create table #t (\n"
        ^~~~~~~~~~~~~~~~~~~~~~~~~~~~~~~~~~~~~~~~
/usr/include/x86_64-linux-gnu/bits/stdio2.h:202:3: note: expanded from macro 'asprintf'
  __asprintf_chk (ptr, __USE_FORTIFY_LEVEL - 1, __VA_ARGS__)
  ^~~~~~~~~~~~~~  ~~~~~~~~~~~~~~~~~~~~~~~~~~~~~~~~~~~~~~~~~
dbd_freetds.c:773:3: warning: ignoring return value of function declared with 'warn_unused_result' attribute [-Wunused-result]
  asprintf(&query, "SAVE TRANSACTION %s", savepoint);
  ^~~~~~~~~~~~~~~~~~~~~~~~~~~~~~~~~~~~~~~~~~~~~~~~~~
/usr/include/x86_64-linux-gnu/bits/stdio2.h:202:3: note: expanded from macro 'asprintf'
  __asprintf_chk (ptr, __USE_FORTIFY_LEVEL - 1, __VA_ARGS__)
  ^~~~~~~~~~~~~~  ~~~~~~~~~~~~~~~~~~~~~~~~~~~~~~~~~~~~~~~~~
dbd_freetds.c:792:3: warning: ignoring return value of function declared with 'warn_unused_result' attribute [-Wunused-result]
  asprintf(&query, "ROLLBACK TRANSACTION %s", savepoint);
  ^~~~~~~~~~~~~~~~~~~~~~~~~~~~~~~~~~~~~~~~~~~~~~~~~~~~~~
/usr/include/x86_64-linux-gnu/bits/stdio2.h:202:3: note: expanded from macro 'asprintf'
  __asprintf_chk (ptr, __USE_FORTIFY_LEVEL - 1, __VA_ARGS__)
  ^~~~~~~~~~~~~~  ~~~~~~~~~~~~~~~~~~~~~~~~~~~~~~~~~~~~~~~~~
dbd_freetds.c:814:5: warning: ignoring return value of function declared with 'warn_unused_result' attribute [-Wunused-result]
    asprintf(&sql_cmd, "USE %s ", db);
    ^~~~~~~~~~~~~~~~~~~~~~~~~~~~~~~~~
/usr/include/x86_64-linux-gnu/bits/stdio2.h:202:3: note: expanded from macro 'asprintf'
  __asprintf_chk (ptr, __USE_FORTIFY_LEVEL - 1, __VA_ARGS__)
  ^~~~~~~~~~~~~~  ~~~~~~~~~~~~~~~~~~~~~~~~~~~~~~~~~~~~~~~~~
dbd_freetds.c:1049:26: warning: passing 'char *' to parameter of type 'const unsigned char *' converts between pointers to integer types with different sign [-Wpointer-sign]
                    _dbd_decode_binary(((dbi_row_t *) addr)->field_values[idx].d_string,
                                       ^~~~~~~~~~~~~~~~~~~~~~~~~~~~~~~~~~~~~~~~~~~~~~~~
/usr/include/dbi/dbd.h:81:48: note: passing argument to parameter 'in' here
size_t _dbd_decode_binary(const unsigned char *in, unsigned char *out);
                                               ^
dbd_freetds.c:1050:12: warning: passing 'char *' to parameter of type 'unsigned char *' converts between pointers to integer types with different sign [-Wpointer-sign]
                                       ((dbi_row_t *) addr)->field_values[idx].d_string);
                                       ^~~~~~~~~~~~~~~~~~~~~~~~~~~~~~~~~~~~~~~~~~~~~~~~
/usr/include/dbi/dbd.h:81:67: note: passing argument to parameter 'out' here
size_t _dbd_decode_binary(const unsigned char *in, unsigned char *out);
                                                                  ^
dbd_freetds.c:70:19: warning: unused variable 'APP_NAME' [-Wunused-const-variable]
static const char APP_NAME[] = "libdbi-freetds-driver";
                  ^
10 warnings generated.
libtool: compile:  x86_64-linux-gnu-gcc -DHAVE_CONFIG_H -I. -I../.. -I../.. -I../../include -Wdate-time -D_FORTIFY_SOURCE=2 -std=gnu99 -g -O2 -fdebug-prefix-map=/<<PKGBUILDDIR>>=. -fstack-protector-strong -Wformat -Werror=format-security -g -Wall -MT dbd_freetds.lo -MD -MP -MF .deps/dbd_freetds.Tpo -c dbd_freetds.c -o dbd_freetds.o >/dev/null 2>&1
mv -f .deps/dbd_freetds.Tpo .deps/dbd_freetds.Plo
/bin/bash ../../libtool  --tag=CC   --mode=link x86_64-linux-gnu-gcc  -std=gnu99 -g -O2 -fdebug-prefix-map=/<<PKGBUILDDIR>>=. -fstack-protector-strong -Wformat -Werror=format-security -g -Wall -module -avoid-version   -lct -no-undefined -ldbi -L/usr/lib/x86_64-linux-gnu -Wl,-z,relro -o libdbdfreetds.la -rpath /usr/lib/x86_64-linux-gnu/dbd dbd_freetds.lo  
libtool: link: x86_64-linux-gnu-gcc -shared  -fPIC -DPIC  .libs/dbd_freetds.o   -lct -ldbi -L/usr/lib/x86_64-linux-gnu  -g -O2 -fstack-protector-strong -g -Wl,-z -Wl,relro   -Wl,-soname -Wl,libdbdfreetds.so -o .libs/libdbdfreetds.so
libtool: link: x86_64-linux-gnu-ar cr .libs/libdbdfreetds.a  dbd_freetds.o
libtool: link: x86_64-linux-gnu-ranlib .libs/libdbdfreetds.a
libtool: link: ( cd ".libs" && rm -f "libdbdfreetds.la" && ln -s "../libdbdfreetds.la" "libdbdfreetds.la" )
make[4]: Leaving directory '/<<PKGBUILDDIR>>/drivers/freetds'
Making all in ingres
make[4]: Entering directory '/<<PKGBUILDDIR>>/drivers/ingres'
make[4]: Nothing to be done for 'all'.
make[4]: Leaving directory '/<<PKGBUILDDIR>>/drivers/ingres'
Making all in db2
make[4]: Entering directory '/<<PKGBUILDDIR>>/drivers/db2'
make[4]: Nothing to be done for 'all'.
make[4]: Leaving directory '/<<PKGBUILDDIR>>/drivers/db2'
make[4]: Entering directory '/<<PKGBUILDDIR>>/drivers'
make[4]: Nothing to be done for 'all-am'.
make[4]: Leaving directory '/<<PKGBUILDDIR>>/drivers'
make[3]: Leaving directory '/<<PKGBUILDDIR>>/drivers'
Making all in tests
make[3]: Entering directory '/<<PKGBUILDDIR>>/tests'
Making all in cgreen
make[4]: Entering directory '/<<PKGBUILDDIR>>/tests/cgreen'
x86_64-linux-gnu-gcc -DHAVE_CONFIG_H -I. -I../.. -Iinclude  -Wdate-time -D_FORTIFY_SOURCE=2  -std=gnu99 -g -O2 -fdebug-prefix-map=/<<PKGBUILDDIR>>=. -fstack-protector-strong -Wformat -Werror=format-security -g -Wall -MT unit.o -MD -MP -MF .deps/unit.Tpo -c -o unit.o `test -f 'src/unit.c' || echo './'`src/unit.c
src/unit.c:229:5: warning: implicit declaration of function 'wait' is invalid in C99 [-Wimplicit-function-declaration]
    wait(&status);
    ^
src/unit.c:254:13: warning: unused function 'tally_counter' [-Wunused-function]
static void tally_counter(const char *file, int line, int expected, int actual, void *abstract_reporter) {
            ^
2 warnings generated.
mv -f .deps/unit.Tpo .deps/unit.Po
x86_64-linux-gnu-gcc -DHAVE_CONFIG_H -I. -I../.. -Iinclude  -Wdate-time -D_FORTIFY_SOURCE=2  -std=gnu99 -g -O2 -fdebug-prefix-map=/<<PKGBUILDDIR>>=. -fstack-protector-strong -Wformat -Werror=format-security -g -Wall -MT messaging.o -MD -MP -MF .deps/messaging.Tpo -c -o messaging.o `test -f 'src/messaging.c' || echo './'`src/messaging.c
src/messaging.c:40:5: warning: ignoring return value of function declared with 'warn_unused_result' attribute [-Wunused-result]
    pipe(pipes);
    ^~~~ ~~~~~
src/messaging.c:56:5: warning: ignoring return value of function declared with 'warn_unused_result' attribute [-Wunused-result]
    write(queues[messaging].writepipe, message, sizeof(CgreenMessage));
    ^~~~~ ~~~~~~~~~~~~~~~~~~~~~~~~~~~~~~~~~~~~~~~~~~~~~~~~~~~~~~~~~~~
2 warnings generated.
mv -f .deps/messaging.Tpo .deps/messaging.Po
x86_64-linux-gnu-gcc -DHAVE_CONFIG_H -I. -I../.. -Iinclude  -Wdate-time -D_FORTIFY_SOURCE=2  -std=gnu99 -g -O2 -fdebug-prefix-map=/<<PKGBUILDDIR>>=. -fstack-protector-strong -Wformat -Werror=format-security -g -Wall -MT breadcrumb.o -MD -MP -MF .deps/breadcrumb.Tpo -c -o breadcrumb.o `test -f 'src/breadcrumb.c' || echo './'`src/breadcrumb.c
mv -f .deps/breadcrumb.Tpo .deps/breadcrumb.Po
x86_64-linux-gnu-gcc -DHAVE_CONFIG_H -I. -I../.. -Iinclude  -Wdate-time -D_FORTIFY_SOURCE=2  -std=gnu99 -g -O2 -fdebug-prefix-map=/<<PKGBUILDDIR>>=. -fstack-protector-strong -Wformat -Werror=format-security -g -Wall -MT reporter.o -MD -MP -MF .deps/reporter.Tpo -c -o reporter.o `test -f 'src/reporter.c' || echo './'`src/reporter.c
mv -f .deps/reporter.Tpo .deps/reporter.Po
x86_64-linux-gnu-gcc -DHAVE_CONFIG_H -I. -I../.. -Iinclude  -Wdate-time -D_FORTIFY_SOURCE=2  -std=gnu99 -g -O2 -fdebug-prefix-map=/<<PKGBUILDDIR>>=. -fstack-protector-strong -Wformat -Werror=format-security -g -Wall -MT assertions.o -MD -MP -MF .deps/assertions.Tpo -c -o assertions.o `test -f 'src/assertions.c' || echo './'`src/assertions.c
mv -f .deps/assertions.Tpo .deps/assertions.Po
x86_64-linux-gnu-gcc -DHAVE_CONFIG_H -I. -I../.. -Iinclude  -Wdate-time -D_FORTIFY_SOURCE=2  -std=gnu99 -g -O2 -fdebug-prefix-map=/<<PKGBUILDDIR>>=. -fstack-protector-strong -Wformat -Werror=format-security -g -Wall -MT vector.o -MD -MP -MF .deps/vector.Tpo -c -o vector.o `test -f 'src/vector.c' || echo './'`src/vector.c
mv -f .deps/vector.Tpo .deps/vector.Po
x86_64-linux-gnu-gcc -DHAVE_CONFIG_H -I. -I../.. -Iinclude  -Wdate-time -D_FORTIFY_SOURCE=2  -std=gnu99 -g -O2 -fdebug-prefix-map=/<<PKGBUILDDIR>>=. -fstack-protector-strong -Wformat -Werror=format-security -g -Wall -MT mocks.o -MD -MP -MF .deps/mocks.Tpo -c -o mocks.o `test -f 'src/mocks.c' || echo './'`src/mocks.c
mv -f .deps/mocks.Tpo .deps/mocks.Po
x86_64-linux-gnu-gcc -DHAVE_CONFIG_H -I. -I../.. -Iinclude  -Wdate-time -D_FORTIFY_SOURCE=2  -std=gnu99 -g -O2 -fdebug-prefix-map=/<<PKGBUILDDIR>>=. -fstack-protector-strong -Wformat -Werror=format-security -g -Wall -MT constraint.o -MD -MP -MF .deps/constraint.Tpo -c -o constraint.o `test -f 'src/constraint.c' || echo './'`src/constraint.c
src/constraint.c:104:22: warning: incompatible function pointer types assigning to 'void (*)(Constraint *, const char *, intptr_t, const char *, int, TestReporter *)' (aka 'void (*)(struct Constraint_ *, const char *, long, const char *, int, struct TestReporter_ *)') from 'void (*)(Constraint *, const char *, const char *, intptr_t, const char *, int, TestReporter *)' (aka 'void (*)(struct Constraint_ *, const char *, const char *, long, const char *, int, struct TestReporter_ *)') [-Wincompatible-function-pointer-types]
    constraint->test = &test_with_matcher;
                     ^ ~~~~~~~~~~~~~~~~~~
src/constraint.c:167:8: warning: incompatible integer to pointer conversion initializing 'int (*)(const void *)' with an expression of type 'intptr_t' (aka 'long') [-Wint-conversion]
        int (*matches)(const void*) = constraint->expected;
              ^                       ~~~~~~~~~~~~~~~~~~~~
src/constraint.c:168:20: warning: incompatible integer to pointer conversion passing 'intptr_t' (aka 'long') to parameter of type 'const void *' [-Wint-conversion]
    return matches(actual);
                   ^~~~~~
3 warnings generated.
mv -f .deps/constraint.Tpo .deps/constraint.Po
x86_64-linux-gnu-gcc -DHAVE_CONFIG_H -I. -I../.. -Iinclude  -Wdate-time -D_FORTIFY_SOURCE=2  -std=gnu99 -g -O2 -fdebug-prefix-map=/<<PKGBUILDDIR>>=. -fstack-protector-strong -Wformat -Werror=format-security -g -Wall -MT parameters.o -MD -MP -MF .deps/parameters.Tpo -c -o parameters.o `test -f 'src/parameters.c' || echo './'`src/parameters.c
mv -f .deps/parameters.Tpo .deps/parameters.Po
x86_64-linux-gnu-gcc -DHAVE_CONFIG_H -I. -I../.. -Iinclude  -Wdate-time -D_FORTIFY_SOURCE=2  -std=gnu99 -g -O2 -fdebug-prefix-map=/<<PKGBUILDDIR>>=. -fstack-protector-strong -Wformat -Werror=format-security -g -Wall -MT text_reporter.o -MD -MP -MF .deps/text_reporter.Tpo -c -o text_reporter.o `test -f 'src/text_reporter.c' || echo './'`src/text_reporter.c
mv -f .deps/text_reporter.Tpo .deps/text_reporter.Po
x86_64-linux-gnu-gcc -DHAVE_CONFIG_H -I. -I../.. -Iinclude  -Wdate-time -D_FORTIFY_SOURCE=2  -std=gnu99 -g -O2 -fdebug-prefix-map=/<<PKGBUILDDIR>>=. -fstack-protector-strong -Wformat -Werror=format-security -g -Wall -MT cdash_reporter.o -MD -MP -MF .deps/cdash_reporter.Tpo -c -o cdash_reporter.o `test -f 'src/cdash_reporter.c' || echo './'`src/cdash_reporter.c
mv -f .deps/cdash_reporter.Tpo .deps/cdash_reporter.Po
rm -f libcgreen.a
x86_64-linux-gnu-ar cru libcgreen.a unit.o messaging.o breadcrumb.o reporter.o assertions.o vector.o mocks.o constraint.o parameters.o text_reporter.o cdash_reporter.o 
x86_64-linux-gnu-ar: `u' modifier ignored since `D' is the default (see `U')
x86_64-linux-gnu-ranlib libcgreen.a
make[4]: Leaving directory '/<<PKGBUILDDIR>>/tests/cgreen'
make[4]: Entering directory '/<<PKGBUILDDIR>>/tests'
make[4]: Nothing to be done for 'all-am'.
make[4]: Leaving directory '/<<PKGBUILDDIR>>/tests'
make[3]: Leaving directory '/<<PKGBUILDDIR>>/tests'
Making all in doc
make[3]: Entering directory '/<<PKGBUILDDIR>>/doc'
Making all in include
make[4]: Entering directory '/<<PKGBUILDDIR>>/doc/include'
make[4]: Nothing to be done for 'all'.
make[4]: Leaving directory '/<<PKGBUILDDIR>>/doc/include'
make[4]: Entering directory '/<<PKGBUILDDIR>>/doc'
make[4]: Nothing to be done for 'all-am'.
make[4]: Leaving directory '/<<PKGBUILDDIR>>/doc'
make[3]: Leaving directory '/<<PKGBUILDDIR>>/doc'
make[3]: Entering directory '/<<PKGBUILDDIR>>'
make[3]: Nothing to be done for 'all-am'.
make[3]: Leaving directory '/<<PKGBUILDDIR>>'
make[2]: Leaving directory '/<<PKGBUILDDIR>>'
make[1]: Leaving directory '/<<PKGBUILDDIR>>'
touch build-stamp
/usr/bin/make -C tests test_dbi
make[1]: Entering directory '/<<PKGBUILDDIR>>/tests'
x86_64-linux-gnu-gcc -DHAVE_CONFIG_H -I. -I.. -I.. -I../include -I../tests/cgreen/include -I/usr/include -DDBDIR=\"/usr/var/lib/libdbi\"  -Wdate-time -D_FORTIFY_SOURCE=2  -DDBI_DRIVER_DIR=\"/usr/lib/x86_64-linux-gnu/dbd\"  -g -MT test_dbi.o -MD -MP -MF .deps/test_dbi.Tpo -c -o test_dbi.o test_dbi.c
test_dbi.c:131:68: warning: integer literal is too large to be represented in a signed integer type, interpreting as unsigned [-Wimplicitly-unsigned-literal]
      {"the_float", 2, 2, 0, 0, .expect_val.double_val = 3.4E+37, -9223372036854775808, "3.400000e+37"}, /* DBI_DECIMAL_SIZE4 */
                                                                   ^
test_dbi.c:132:70: warning: integer literal is too large to be represented in a signed integer type, interpreting as unsigned [-Wimplicitly-unsigned-literal]
      {"the_double", 2, 4, 0, 0, .expect_val.double_val = 1.7E+307, -9223372036854775808, "1.700000e+307"}, /* DBI_DECIMAL_SIZE8 */
                                                                     ^
test_dbi.c:160:75: warning: implicit conversion of out of range value from 'double' to 'long long' is undefined [-Wliteral-conversion]
      {"the_float", 2, 2, 0, 0, .expect_val.double_val = 3.402823466E+38, 3.402823466E+38, "3.40280E+38"}, /* DBI_DECIMAL_SIZE4 */
      ~                                                                   ^~~~~~~~~~~~~~~
test_dbi.c:161:69: warning: implicit conversion of out of range value from 'double' to 'long long' is undefined [-Wliteral-conversion]
      {"the_double", 2, 4, 0, 0, .expect_val.double_val = 1.7E+307, 1.7E+307, "1.797693e+307"}, /* DBI_DECIMAL_SIZE8 */
      ~                                                             ^~~~~~~~
test_dbi.c:188:75: warning: implicit conversion of out of range value from 'double' to 'long long' is undefined [-Wliteral-conversion]
      {"the_float", 2, 2, 0, 0, .expect_val.double_val = 3.402823466E+38, 3.402823466E+38, "3.40280E+38"}, /* DBI_DECIMAL_SIZE4 */
      ~                                                                   ^~~~~~~~~~~~~~~
test_dbi.c:189:69: warning: implicit conversion of out of range value from 'double' to 'long long' is undefined [-Wliteral-conversion]
      {"the_double", 2, 4, 0, 0, .expect_val.double_val = 1.7E+307, 1.7E+307, "1.797693e+307"}, /* DBI_DECIMAL_SIZE8 */
      ~                                                             ^~~~~~~~
test_dbi.c:190:71: warning: implicit conversion from 'double' to 'long long' changes value from 1234.5678 to 1234 [-Wliteral-conversion]
      {"the_decimal", 3, 0, 0, 0, .expect_val.double_val = 1234.5678, 1234.5678, "1234.5678"}, /* string */
      ~                                                               ^~~~~~~~~
test_dbi.c:191:66: warning: implicit conversion from 'double' to 'long long' changes value from 567.89 to 567 [-Wliteral-conversion]
      {"the_money", 3, 0, 0, 0, .expect_val.double_val = 567.89, 567.89, "$567.89"},  /* string */
      ~                                                          ^~~~~~
test_dbi.c:219:75: warning: implicit conversion of out of range value from 'double' to 'long long' is undefined [-Wliteral-conversion]
      {"the_float", 2, 2, 0, 0, .expect_val.double_val = 3.402823466E+38, 3.402823466E+38, "3.40280E+38"}, /* DBI_DECIMAL_SIZE4 */
      ~                                                                   ^~~~~~~~~~~~~~~
test_dbi.c:244:76: warning: integer literal is too large to be represented in a signed integer type, interpreting as unsigned [-Wimplicitly-unsigned-literal]
      {"the_float", 2, 2, 0, 5, .expect_val.double_val = 3.402823466E+38, -9223372036854775808, "3.402820e+38"}, /* DBI_DECIMAL_SIZE4 */
                                                                           ^
test_dbi.c:245:75: warning: integer literal is too large to be represented in a signed integer type, interpreting as unsigned [-Wimplicitly-unsigned-literal]
      {"the_double", 2, 4, 0, 7, .expect_val.double_val = 1.797693E+307, -9223372036854775808, "1.797693e+307"}, /* DBI_DECIMAL_SIZE8 */
                                                                          ^
test_dbi.c:275:76: warning: integer literal is too large to be represented in a signed integer type, interpreting as unsigned [-Wimplicitly-unsigned-literal]
      {"the_float", 2, 2, 0, 5, .expect_val.double_val = 3.402823466E+38, -9223372036854775808, "3.402823e+38"}, /* DBI_DECIMAL_SIZE4 */
                                                                           ^
test_dbi.c:276:76: warning: integer literal is too large to be represented in a signed integer type, interpreting as unsigned [-Wimplicitly-unsigned-literal]
      {"the_double", 2, 4, 0, 7, .expect_val.double_val =  1.797693e+307, -9223372036854775808, " 1.797693e+307"}, /* DBI_DECIMAL_SIZE8 */
                                                                           ^
test_dbi.c:306:75: warning: implicit conversion of out of range value from 'double' to 'long long' is undefined [-Wliteral-conversion]
      {"the_float", 2, 2, 0, 7, .expect_val.double_val = 3.402823466E+38, 3.402823466E+38, "3.40280E+38"}, /* DBI_DECIMAL_SIZE4 */
      ~                                                                   ^~~~~~~~~~~~~~~
test_dbi.c:307:69: warning: implicit conversion of out of range value from 'double' to 'long long' is undefined [-Wliteral-conversion]
      {"the_double", 2, 4, 0, 7, .expect_val.double_val = 1.7E+307, 1.7E+307, "1.797693e+307"}, /* DBI_DECIMAL_SIZE8 */
      ~                                                             ^~~~~~~~
test_dbi.c:335:76: warning: integer literal is too large to be represented in a signed integer type, interpreting as unsigned [-Wimplicitly-unsigned-literal]
      {"the_float", 2, 2, 0, 7, .expect_val.double_val = 3.402823466E+38, -9223372036854775808, "3.402823e+38"}, /* DBI_DECIMAL_SIZE4 */
                                                                           ^
test_dbi.c:336:75: warning: integer literal is too large to be represented in a signed integer type, interpreting as unsigned [-Wimplicitly-unsigned-literal]
      {"the_double", 2, 4, 0, 7, .expect_val.double_val = 1.797693e+307, -9223372036854775808, "1.797693e+307"}, /* DBI_DECIMAL_SIZE8 */
                                                                          ^
test_dbi.c:2203:17: warning: address of array 'cinfo.encoding' will always evaluate to 'true' [-Wpointer-bool-conversion]
      if (cinfo.encoding && *(cinfo.encoding)) {
          ~~~~~~^~~~~~~~ ~~
test_dbi.c:2404:14: warning: 'dbi_initialize' is deprecated [-Wdeprecated-declarations]
      return dbi_initialize(driverdir);
             ^
/usr/include/dbi/dbi.h:169:5: note: 'dbi_initialize' has been explicitly marked deprecated here
int LIBDBI_API_DEPRECATED dbi_initialize(const char *driverdir);
    ^
/usr/include/dbi/dbi.h:39:46: note: expanded from macro 'LIBDBI_API_DEPRECATED'
#define LIBDBI_API_DEPRECATED __attribute__((__deprecated__))
                                             ^
test_dbi.c:2413:7: warning: 'dbi_shutdown' is deprecated [-Wdeprecated-declarations]
      dbi_shutdown();
      ^
/usr/include/dbi/dbi.h:171:6: note: 'dbi_shutdown' has been explicitly marked deprecated here
void LIBDBI_API_DEPRECATED dbi_shutdown();
     ^
/usr/include/dbi/dbi.h:39:46: note: expanded from macro 'LIBDBI_API_DEPRECATED'
#define LIBDBI_API_DEPRECATED __attribute__((__deprecated__))
                                             ^
test_dbi.c:2422:14: warning: 'dbi_driver_list' is deprecated [-Wdeprecated-declarations]
      return dbi_driver_list(Current);
             ^
/usr/include/dbi/dbi.h:178:12: note: 'dbi_driver_list' has been explicitly marked deprecated here
dbi_driver LIBDBI_API_DEPRECATED dbi_driver_list(dbi_driver Current); /* returns next driver. if current is NULL, return first driver. */
           ^
/usr/include/dbi/dbi.h:39:46: note: expanded from macro 'LIBDBI_API_DEPRECATED'
#define LIBDBI_API_DEPRECATED __attribute__((__deprecated__))
                                             ^
test_dbi.c:2431:14: warning: 'dbi_conn_new' is deprecated [-Wdeprecated-declarations]
      return dbi_conn_new(name);
             ^
/usr/include/dbi/dbi.h:199:10: note: 'dbi_conn_new' has been explicitly marked deprecated here
dbi_conn LIBDBI_API_DEPRECATED dbi_conn_new(const char *name); /* shortcut for dbi_conn_open(dbi_driver_open("foo")) */
         ^
/usr/include/dbi/dbi.h:39:46: note: expanded from macro 'LIBDBI_API_DEPRECATED'
#define LIBDBI_API_DEPRECATED __attribute__((__deprecated__))
                                             ^
test_dbi.c:2540:1: warning: control may reach end of non-void function [-Wreturn-type]
}
^
test_dbi.c:2651:61: warning: format specifies type 'int' but the argument has type 'unsigned long long' [-Wformat]
      printf("\tGot result, %d rows, try to access rows\n", dbi_result_get_numrows(result));
                            ~~                              ^~~~~~~~~~~~~~~~~~~~~~~~~~~~~~
                            %llu
test_dbi.c:2681:16: warning: format specifies type 'int' but the argument has type 'long' [-Wformat]
               the_long_one,
               ^~~~~~~~~~~~
test_dbi.c:2682:16: warning: format specifies type 'int' but the argument has type 'long' [-Wformat]
               the_long_two,
               ^~~~~~~~~~~~
test_dbi.c:4602:19: warning: incompatible pointer to integer conversion assigning to 'time_t' (aka 'long') from 'const char *' [-Wint-conversion]
         the_date = dbi_result_get_string(result, "the_date");
                  ^ ~~~~~~~~~~~~~~~~~~~~~~~~~~~~~~~~~~~~~~~~~
test_dbi.c:4603:30: warning: incompatible integer to pointer conversion passing 'time_t' (aka 'long') to parameter of type 'const char *' [-Wint-conversion]
         assert_string_equal(the_date, "11-jul-1977");
                             ^~~~~~~~
../tests/cgreen/include/cgreen/assertions.h:19:87: note: expanded from macro 'assert_string_equal'
#define assert_string_equal(tried, expected) assert_string_equal_(__FILE__, __LINE__, tried, expected)
                                                                                      ^~~~~
../tests/cgreen/include/cgreen/assertions.h:35:67: note: passing argument to parameter 'tried' here
void assert_string_equal_(const char *file, int line, const char *tried, const char *expected);
                                                                  ^
test_dbi.c:4605:19: warning: incompatible pointer to integer conversion assigning to 'time_t' (aka 'long') from 'const char *' [-Wint-conversion]
         the_time = dbi_result_get_string(result, "the_time");
                  ^ ~~~~~~~~~~~~~~~~~~~~~~~~~~~~~~~~~~~~~~~~~
test_dbi.c:4606:30: warning: incompatible integer to pointer conversion passing 'time_t' (aka 'long') to parameter of type 'const char *' [-Wint-conversion]
         assert_string_equal(the_time, "23:59:59");
                             ^~~~~~~~
../tests/cgreen/include/cgreen/assertions.h:19:87: note: expanded from macro 'assert_string_equal'
#define assert_string_equal(tried, expected) assert_string_equal_(__FILE__, __LINE__, tried, expected)
                                                                                      ^~~~~
../tests/cgreen/include/cgreen/assertions.h:35:67: note: passing argument to parameter 'tried' here
void assert_string_equal_(const char *file, int line, const char *tried, const char *expected);
                                                                  ^
test_dbi.c:4787:56: warning: passing 'signed char *' to parameter of type 'char *' converts between pointers to integer types with different sign [-Wpointer-sign]
       bind = dbi_result_bind_char(result, "the_char", &the_char);
                                                       ^~~~~~~~~
/usr/include/dbi/dbi.h:302:74: note: passing argument to parameter 'bindto' here
int dbi_result_bind_char(dbi_result Result, const char *fieldname, char *bindto);
                                                                         ^
test_dbi.c:5747:1: warning: control reaches end of non-void function [-Wreturn-type]
}
^
test_dbi.c:5755:1: warning: control reaches end of non-void function [-Wreturn-type]
}
^
test_dbi.c:5792:1: warning: control reaches end of non-void function [-Wreturn-type]
}
^
test_dbi.c:5803:1: warning: control reaches end of non-void function [-Wreturn-type]
}
^
test_dbi.c:5880:1: warning: control reaches end of non-void function [-Wreturn-type]
}
^
test_dbi.c:5956:1: warning: control reaches end of non-void function [-Wreturn-type]
}
^
test_dbi.c:5990:1: warning: control reaches end of non-void function [-Wreturn-type]
}
^
38 warnings generated.
mv -f .deps/test_dbi.Tpo .deps/test_dbi.Po
/bin/bash ../libtool  --tag=CC   --mode=link x86_64-linux-gnu-gcc  -DDBI_DRIVER_DIR=\"/usr/lib/x86_64-linux-gnu/dbd\"  -g  -Wl,-z,relro -o test_dbi test_dbi.o ../tests/cgreen/libcgreen.a -L/usr/lib/x86_64-linux-gnu -lm -ldbi -lpthread -no-undefined -ldbi -L/usr/lib/x86_64-linux-gnu 
libtool: link: x86_64-linux-gnu-gcc -DDBI_DRIVER_DIR=\"/usr/lib/x86_64-linux-gnu/dbd\" -g -Wl,-z -Wl,relro -o test_dbi test_dbi.o  ../tests/cgreen/libcgreen.a -L/usr/lib/x86_64-linux-gnu -lm -lpthread -ldbi
make[1]: Leaving directory '/<<PKGBUILDDIR>>/tests'
/usr/bin/make -C debian/buildtests
make[1]: Entering directory '/<<PKGBUILDDIR>>/debian/buildtests'
gcc test_dbi_lib.c -export-dynamic -shared -Wl,-soname,libtest_dbi_lib.so -o libtest_dbi_lib.so -ldbi -fPIC
clang: warning: argument unused during compilation: '-e xport-dynamic' [-Wunused-command-line-argument]
test_dbi_lib.c:26:12: warning: 'dbi_initialize' is deprecated [-Wdeprecated-declarations]
    return dbi_initialize(dir);
           ^
/usr/include/dbi/dbi.h:169:5: note: 'dbi_initialize' has been explicitly marked deprecated here
int LIBDBI_API_DEPRECATED dbi_initialize(const char *driverdir);
    ^
/usr/include/dbi/dbi.h:39:46: note: expanded from macro 'LIBDBI_API_DEPRECATED'
#define LIBDBI_API_DEPRECATED __attribute__((__deprecated__))
                                             ^
1 warning generated.
gcc test_dl.c -o test_dl -ldl
rm -rf all-libs
mkdir -p all-libs 
olddir=`pwd` && cd ../.. && rootdir=`pwd` && for f in `find drivers -name 'libdbd*.so'` ; do  ln -vs $rootdir/$f $olddir/all-libs ; done
'/<<PKGBUILDDIR>>/debian/buildtests/all-libs/libdbdpgsql.so' -> '/<<PKGBUILDDIR>>/drivers/pgsql/.libs/libdbdpgsql.so'
'/<<PKGBUILDDIR>>/debian/buildtests/all-libs/libdbdfreetds.so' -> '/<<PKGBUILDDIR>>/drivers/freetds/.libs/libdbdfreetds.so'
'/<<PKGBUILDDIR>>/debian/buildtests/all-libs/libdbdsqlite3.so' -> '/<<PKGBUILDDIR>>/drivers/sqlite3/.libs/libdbdsqlite3.so'
'/<<PKGBUILDDIR>>/debian/buildtests/all-libs/libdbdmysql.so' -> '/<<PKGBUILDDIR>>/drivers/mysql/.libs/libdbdmysql.so'
./test_dl G all-libs
num drivers = 4
./test_dl N all-libs
num drivers = 4
make[1]: Leaving directory '/<<PKGBUILDDIR>>/debian/buildtests'
# Testing sqlite3
mkdir -p /<<PKGBUILDDIR>>/debian/sqlite3tests
( echo i; \
	echo n; \
	echo ./drivers/sqlite3/.libs; \
	echo sqlite3; \
	echo /<<PKGBUILDDIR>>/debian/sqlite3tests; \
	echo libdbitest; ) | ./tests/test_dbi

libdbi-drivers test program: $Id: test_dbi.c,v 1.72 2013/02/24 15:06:57 mhoenicka Exp $

test instance-based (i) or legacy (l) libdbi interface? [i] log query (y|n)? [n] libdbi driver directory? [/usr/lib/x86_64-linux-gnu/dbd] 1 drivers available: sqlite3 
test which driver? database directory? [DEFAULT] database name? [libdbitest] encoding? [] 
Connection information:
--------------------
	Legacy mode:           0
	Log query:             0
	Driverdir:             ./drivers/sqlite3/.libs
	Drivername:            sqlite3
	Dbdir:                 /<<PKGBUILDDIR>>/debian/sqlite3tests
	Initial Database:      libdbitest
	Database:              libdbitest
	Username:              
	Password:              
	Hostname:              
	Version:               
	Initial tables schema: CREATE TABLE test_datatypes ( the_char CHAR,the_uchar CHAR,the_short SMALLINT,the_ushort SMALLINT,the_long INT,the_ulong INT,the_longlong BIGINT,the_ulonglong BIGINT,the_float FLOAT4,the_double FLOAT8,the_driver_string VARCHAR(255),the_conn_quoted_string VARCHAR(255),the_conn_quoted_string_copy VARCHAR(255),the_conn_escaped_string VARCHAR(255),the_conn_escaped_string_copy VARCHAR(255),the_numstring VARCHAR(255),the_empty_string VARCHAR(255),the_null_string VARCHAR(255),the_binary_quoted_string BLOB,the_binary_escaped_string BLOB,the_datetime DATETIME,the_datetime_tz DATETIME,the_date DATE,the_time TIME,the_time_tz TIME,id INTEGER AUTO INCREMENT)
	Initial sub schema:
	  0: 
	  1: 
	  2: 
	  3: 
	  4: 
	Initial data schema:   INSERT INTO test_datatypes (the_char,the_uchar,the_short,the_ushort,the_long,the_ulong,the_longlong,the_ulonglong,the_float,the_double,the_conn_quoted_string,the_conn_quoted_string_copy,the_conn_escaped_string,the_conn_escaped_string_copy,the_numstring,the_empty_string,the_null_string,the_binary_quoted_string,the_binary_escaped_string,the_datetime,the_datetime_tz,the_date,the_time,the_time_tz) VALUES (-127,127,-32768,32767,-2147483648,2147483647,-9223372036854775807,9223372036854775807,3.402823466E+38,1.7976931348623157E+307,'Can ''we'' "quote" this properly?','Can ''we'' "quote" this properly?','Can ''we'' "escape" this properly?','Can ''we'' "escape" this properly?','-54321','',NULL,'@AB&C','@AB&C','2001-12-31 23:59:59','2001-12-31 23:59:59 -10:00','2001-12-31','23:59:59','23:59:59-10:00')

Begin tests:
--------------------
Running "libdbi framework test"...
Running "libdbi framework test"...
Running "libdbi framework test"...
Running "libdbi framework test"...
Running "libdbi framework test"...
Running "libdbi framework test"...
Running "libdbi framework test"...
Running "libdbi framework test"...
Running "libdbi framework test"...
Running "libdbi framework test"...
Running "libdbi framework test"...
Running "libdbi framework test"...
Running "libdbi framework test"...
Running "libdbi framework test"...
Running "libdbi framework test"...
Running "libdbi framework test"...
Running "libdbi framework test"...
Running "libdbi framework test"...
Running "libdbi framework test"...
Running "libdbi framework test"...
Running "libdbi framework test"...
Running "libdbi framework test"...
Running "libdbi framework test"...
Running "libdbi framework test"...
Running "libdbi framework test"...
Running "libdbi framework test"...
Running "libdbi framework test"...
Running "libdbi framework test"...
free(): invalid pointer
Aborted
make: *** [debian/rules:76: test-stamp] Error 134
dpkg-buildpackage: error: debian/rules build subprocess returned exit status 2
--------------------------------------------------------------------------------
Build finished at 2020-02-25T17:21:46Z

Finished
--------


+------------------------------------------------------------------------------+
| Cleanup                                                                      |
+------------------------------------------------------------------------------+

Purging /<<BUILDDIR>>
Not cleaning session: cloned chroot in use
E: Build failure (dpkg-buildpackage died)

+------------------------------------------------------------------------------+
| Summary                                                                      |
+------------------------------------------------------------------------------+

Build Architecture: amd64
Build Type: binary
Build-Space: 11800
Build-Time: 23
Distribution: unstable
Fail-Stage: build
Host Architecture: amd64
Install-Time: 19
Job: libdbi-drivers_0.9.0-8
Machine Architecture: amd64
Package: libdbi-drivers
Package-Time: 60
Source-Version: 0.9.0-8
Space: 11800
Status: attempted
Version: 0.9.0-8
--------------------------------------------------------------------------------
Finished at 2020-02-25T17:21:46Z
Build needed 00:01:00, 11800k disk space
E: Build failure (dpkg-buildpackage died)
DC-Status: Failed 61.438301133s
DC-Time-Estimation: 61.438301133 versus expected 134 (r/m: 1.1810498911732659 ; m: 61.438301133)
