DC-Build-Header: fdclone 3.01b-1 / 2017-07-06 20:45:33 +0000
DC-Task: type:rebuild-binarch-only source:fdclone version:3.01b-1 chroot:unstable esttime:150 logfile:/tmp/fdclone_3.01b-1_unstable_clang3.9.log modes:clang:binarch-only
DC-Sbuild-call: su user42 -c 'sbuild -n --arch-any --apt-update -d unstable -v  --chroot-setup-commands=/tmp/clang fdclone_3.01b-1'
sbuild (Debian sbuild) 0.73.0 (23 Dec 2016) on ip-172-31-44-4.eu-central-1.compute.internal

+==============================================================================+
| fdclone 3.01b-1 (amd64)                      Thu, 06 Jul 2017 20:45:34 +0000 |
+==============================================================================+

Package: fdclone
Version: 3.01b-1
Source Version: 3.01b-1
Distribution: unstable
Machine Architecture: amd64
Host Architecture: amd64
Build Architecture: amd64
Build Type: any

I: NOTICE: Log filtering will replace 'var/run/schroot/mount/unstable-amd64-sbuild-a03a882e-f4fb-4d3d-a531-6331ba74a0a3' with '<<CHROOT>>'

+------------------------------------------------------------------------------+
| Chroot Setup Commands                                                        |
+------------------------------------------------------------------------------+


/tmp/clang
----------

+ echo 'Entering customization script...'
Entering customization script...
+ CLANG_VERSION=3.9
+ echo 'Install of clang-3.9'
Install of clang-3.9
+ apt-get update
Get:1 http://127.0.0.1:9999/debian unstable InRelease [255 kB]
Get:2 http://127.0.0.1:9999/debian unstable/main Sources.diff/Index [27.9 kB]
Get:3 http://127.0.0.1:9999/debian unstable/main amd64 Packages.diff/Index [27.9 kB]
Get:4 http://127.0.0.1:9999/debian unstable/main Translation-en.diff/Index [27.9 kB]
Get:5 http://127.0.0.1:9999/debian unstable/main Sources 2017-07-02-0216.39.pdiff [15.0 kB]
Get:6 http://127.0.0.1:9999/debian unstable/main Sources 2017-07-02-0817.00.pdiff [7416 B]
Get:7 http://127.0.0.1:9999/debian unstable/main Sources 2017-07-02-1415.16.pdiff [17.0 kB]
Get:8 http://127.0.0.1:9999/debian unstable/main Sources 2017-07-02-2015.53.pdiff [15.2 kB]
Get:9 http://127.0.0.1:9999/debian unstable/main Sources 2017-07-03-0215.43.pdiff [50.2 kB]
Get:10 http://127.0.0.1:9999/debian unstable/main Sources 2017-07-03-0815.58.pdiff [5500 B]
Get:11 http://127.0.0.1:9999/debian unstable/main Sources 2017-07-03-1420.59.pdiff [15.8 kB]
Get:12 http://127.0.0.1:9999/debian unstable/main Sources 2017-07-03-2015.52.pdiff [15.6 kB]
Get:13 http://127.0.0.1:9999/debian unstable/main Sources 2017-07-04-0215.56.pdiff [7165 B]
Get:14 http://127.0.0.1:9999/debian unstable/main Sources 2017-07-04-0817.36.pdiff [8303 B]
Get:15 http://127.0.0.1:9999/debian unstable/main Sources 2017-07-04-1416.28.pdiff [11.7 kB]
Get:16 http://127.0.0.1:9999/debian unstable/main Sources 2017-07-04-2017.16.pdiff [12.7 kB]
Get:17 http://127.0.0.1:9999/debian unstable/main Sources 2017-07-05-0215.45.pdiff [7714 B]
Get:18 http://127.0.0.1:9999/debian unstable/main Sources 2017-07-05-0817.10.pdiff [6491 B]
Get:19 http://127.0.0.1:9999/debian unstable/main Sources 2017-07-05-1416.09.pdiff [13.0 kB]
Get:20 http://127.0.0.1:9999/debian unstable/main Sources 2017-07-05-2019.56.pdiff [14.2 kB]
Get:21 http://127.0.0.1:9999/debian unstable/main Sources 2017-07-06-0216.07.pdiff [9132 B]
Get:22 http://127.0.0.1:9999/debian unstable/main Sources 2017-07-06-0817.23.pdiff [16.8 kB]
Get:23 http://127.0.0.1:9999/debian unstable/main amd64 Packages 2017-07-02-0216.39.pdiff [31.6 kB]
Get:24 http://127.0.0.1:9999/debian unstable/main amd64 Packages 2017-07-02-0817.00.pdiff [12.0 kB]
Get:25 http://127.0.0.1:9999/debian unstable/main amd64 Packages 2017-07-02-1415.16.pdiff [11.6 kB]
Get:26 http://127.0.0.1:9999/debian unstable/main amd64 Packages 2017-07-02-2015.53.pdiff [12.9 kB]
Get:27 http://127.0.0.1:9999/debian unstable/main amd64 Packages 2017-07-03-0215.43.pdiff [63.1 kB]
Get:28 http://127.0.0.1:9999/debian unstable/main amd64 Packages 2017-07-03-0815.58.pdiff [23.3 kB]
Get:29 http://127.0.0.1:9999/debian unstable/main amd64 Packages 2017-07-03-1420.59.pdiff [40.0 kB]
Get:30 http://127.0.0.1:9999/debian unstable/main amd64 Packages 2017-07-03-2015.52.pdiff [28.4 kB]
Get:22 http://127.0.0.1:9999/debian unstable/main Sources 2017-07-06-0817.23.pdiff [16.8 kB]
Get:31 http://127.0.0.1:9999/debian unstable/main amd64 Packages 2017-07-04-0215.56.pdiff [7447 B]
Get:32 http://127.0.0.1:9999/debian unstable/main amd64 Packages 2017-07-04-0817.36.pdiff [5458 B]
Get:33 http://127.0.0.1:9999/debian unstable/main amd64 Packages 2017-07-04-1416.28.pdiff [33.1 kB]
Get:34 http://127.0.0.1:9999/debian unstable/main amd64 Packages 2017-07-04-2017.16.pdiff [18.8 kB]
Get:35 http://127.0.0.1:9999/debian unstable/main amd64 Packages 2017-07-05-0215.45.pdiff [5901 B]
Get:36 http://127.0.0.1:9999/debian unstable/main amd64 Packages 2017-07-05-0817.10.pdiff [15.3 kB]
Get:37 http://127.0.0.1:9999/debian unstable/main amd64 Packages 2017-07-05-1416.09.pdiff [11.4 kB]
Get:38 http://127.0.0.1:9999/debian unstable/main amd64 Packages 2017-07-05-2019.56.pdiff [13.0 kB]
Get:39 http://127.0.0.1:9999/debian unstable/main amd64 Packages 2017-07-06-0216.07.pdiff [8638 B]
Get:40 http://127.0.0.1:9999/debian unstable/main amd64 Packages 2017-07-06-0817.23.pdiff [31.2 kB]
Get:41 http://127.0.0.1:9999/debian unstable/main Translation-en 2017-07-02-0216.39.pdiff [1271 B]
Get:42 http://127.0.0.1:9999/debian unstable/main Translation-en 2017-07-02-2015.53.pdiff [793 B]
Get:43 http://127.0.0.1:9999/debian unstable/main Translation-en 2017-07-03-0215.43.pdiff [327 B]
Get:44 http://127.0.0.1:9999/debian unstable/main Translation-en 2017-07-03-0815.58.pdiff [270 B]
Get:45 http://127.0.0.1:9999/debian unstable/main Translation-en 2017-07-03-1420.59.pdiff [1066 B]
Get:46 http://127.0.0.1:9999/debian unstable/main Translation-en 2017-07-03-2015.52.pdiff [465 B]
Get:47 http://127.0.0.1:9999/debian unstable/main Translation-en 2017-07-04-0215.56.pdiff [291 B]
Get:48 http://127.0.0.1:9999/debian unstable/main Translation-en 2017-07-04-0817.36.pdiff [539 B]
Get:40 http://127.0.0.1:9999/debian unstable/main amd64 Packages 2017-07-06-0817.23.pdiff [31.2 kB]
Get:49 http://127.0.0.1:9999/debian unstable/main Translation-en 2017-07-04-1416.28.pdiff [484 B]
Get:50 http://127.0.0.1:9999/debian unstable/main Translation-en 2017-07-04-2017.16.pdiff [1126 B]
Get:51 http://127.0.0.1:9999/debian unstable/main Translation-en 2017-07-05-0215.45.pdiff [214 B]
Get:52 http://127.0.0.1:9999/debian unstable/main Translation-en 2017-07-05-0817.10.pdiff [606 B]
Get:53 http://127.0.0.1:9999/debian unstable/main Translation-en 2017-07-05-1416.09.pdiff [214 B]
Get:54 http://127.0.0.1:9999/debian unstable/main Translation-en 2017-07-05-2019.56.pdiff [2615 B]
Get:55 http://127.0.0.1:9999/debian unstable/main Translation-en 2017-07-06-0216.07.pdiff [1869 B]
Get:56 http://127.0.0.1:9999/debian unstable/main Translation-en 2017-07-06-0817.23.pdiff [915 B]
Get:56 http://127.0.0.1:9999/debian unstable/main Translation-en 2017-07-06-0817.23.pdiff [915 B]
Fetched 974 kB in 1s (785 kB/s)
Reading package lists...
+ apt-get install --yes --no-install-recommends --force-yes clang-3.9
Reading package lists...
Building dependency tree...
Reading state information...
The following additional packages will be installed:
  cpp-6 g++-6 gcc-6 gcc-6-base gcc-7-base libasan3 libatomic1 libbsd0 libcc1-0
  libcilkrts5 libclang-common-3.9-dev libclang1-3.9 libedit2 libffi6
  libgcc-6-dev libgcc1 libgomp1 libitm1 libjsoncpp1 libllvm3.9 liblsan0
  libmpx2 libncurses5 libobjc-6-dev libobjc4 libquadmath0 libstdc++-6-dev
  libstdc++6 libtsan0 libubsan0
Suggested packages:
  gnustep gnustep-devel clang-3.9-doc gcc-6-locales g++-6-multilib gcc-6-doc
  libstdc++6-6-dbg gcc-6-multilib libgcc1-dbg libgomp1-dbg libitm1-dbg
  libatomic1-dbg libasan3-dbg liblsan0-dbg libtsan0-dbg libubsan0-dbg
  libcilkrts5-dbg libmpx2-dbg libquadmath0-dbg libstdc++-6-doc
Recommended packages:
  llvm-3.9-dev python libgpm2
The following NEW packages will be installed:
  clang-3.9 libbsd0 libclang-common-3.9-dev libclang1-3.9 libedit2 libffi6
  libjsoncpp1 libllvm3.9 libncurses5 libobjc-6-dev libobjc4
The following packages will be upgraded:
  cpp-6 g++-6 gcc-6 gcc-6-base gcc-7-base libasan3 libatomic1 libcc1-0
  libcilkrts5 libgcc-6-dev libgcc1 libgomp1 libitm1 liblsan0 libmpx2
  libquadmath0 libstdc++-6-dev libstdc++6 libtsan0 libubsan0
20 upgraded, 11 newly installed, 0 to remove and 13 not upgraded.
Need to get 83.9 MB of archives.
After this operation, 251 MB of additional disk space will be used.
Get:1 http://127.0.0.1:9999/debian unstable/main amd64 libquadmath0 amd64 7.1.0-9 [132 kB]
Get:2 http://127.0.0.1:9999/debian unstable/main amd64 libitm1 amd64 7.1.0-9 [27.2 kB]
Get:3 http://127.0.0.1:9999/debian unstable/main amd64 gcc-7-base amd64 7.1.0-9 [180 kB]
Get:4 http://127.0.0.1:9999/debian unstable/main amd64 libstdc++6 amd64 7.1.0-9 [398 kB]
Get:5 http://127.0.0.1:9999/debian unstable/main amd64 libmpx2 amd64 7.1.0-9 [11.4 kB]
Get:6 http://127.0.0.1:9999/debian unstable/main amd64 liblsan0 amd64 7.1.0-9 [124 kB]
Get:7 http://127.0.0.1:9999/debian unstable/main amd64 libtsan0 amd64 7.1.0-9 [270 kB]
Get:8 http://127.0.0.1:9999/debian unstable/main amd64 libubsan0 amd64 7.1.0-9 [117 kB]
Get:9 http://127.0.0.1:9999/debian unstable/main amd64 libcilkrts5 amd64 7.1.0-9 [42.0 kB]
Get:10 http://127.0.0.1:9999/debian unstable/main amd64 libcc1-0 amd64 7.1.0-9 [37.7 kB]
Get:11 http://127.0.0.1:9999/debian unstable/main amd64 libatomic1 amd64 7.1.0-9 [8782 B]
Get:12 http://127.0.0.1:9999/debian unstable/main amd64 libgomp1 amd64 7.1.0-9 [75.1 kB]
Get:13 http://127.0.0.1:9999/debian unstable/main amd64 libgcc1 amd64 1:7.1.0-9 [39.3 kB]
Get:14 http://127.0.0.1:9999/debian unstable/main amd64 libasan3 amd64 6.4.0-1 [310 kB]
Get:15 http://127.0.0.1:9999/debian unstable/main amd64 g++-6 amd64 6.4.0-1 [7084 kB]
Get:16 http://127.0.0.1:9999/debian unstable/main amd64 libstdc++-6-dev amd64 6.4.0-1 [1421 kB]
Get:17 http://127.0.0.1:9999/debian unstable/main amd64 gcc-6 amd64 6.4.0-1 [6908 kB]
Get:18 http://127.0.0.1:9999/debian unstable/main amd64 libgcc-6-dev amd64 6.4.0-1 [2297 kB]
Get:19 http://127.0.0.1:9999/debian unstable/main amd64 cpp-6 amd64 6.4.0-1 [6549 kB]
Get:20 http://127.0.0.1:9999/debian unstable/main amd64 gcc-6-base amd64 6.4.0-1 [180 kB]
Get:21 http://127.0.0.1:9999/debian unstable/main amd64 libbsd0 amd64 0.8.5-1 [89.6 kB]
Get:22 http://127.0.0.1:9999/debian unstable/main amd64 libncurses5 amd64 6.0+20161126-1 [93.4 kB]
Get:23 http://127.0.0.1:9999/debian unstable/main amd64 libedit2 amd64 3.1-20170329-1 [85.2 kB]
Get:24 http://127.0.0.1:9999/debian unstable/main amd64 libffi6 amd64 3.2.1-6 [20.4 kB]
Get:25 http://127.0.0.1:9999/debian unstable/main amd64 libllvm3.9 amd64 1:3.9.1-10 [11.3 MB]
Get:26 http://127.0.0.1:9999/debian unstable/main amd64 libclang1-3.9 amd64 1:3.9.1-10 [5875 kB]
Get:27 http://127.0.0.1:9999/debian unstable/main amd64 libjsoncpp1 amd64 1.7.4-3 [75.6 kB]
Get:28 http://127.0.0.1:9999/debian unstable/main amd64 libobjc4 amd64 7.1.0-9 [51.0 kB]
Get:29 http://127.0.0.1:9999/debian unstable/main amd64 libobjc-6-dev amd64 6.4.0-1 [197 kB]
Get:30 http://127.0.0.1:9999/debian unstable/main amd64 libclang-common-3.9-dev amd64 1:3.9.1-10 [2573 kB]
Get:31 http://127.0.0.1:9999/debian unstable/main amd64 clang-3.9 amd64 1:3.9.1-10 [37.4 MB]
debconf: delaying package configuration, since apt-utils is not installed
Fetched 83.9 MB in 0s (97.3 MB/s)
(Reading database ... (Reading database ... 5%(Reading database ... 10%(Reading database ... 15%(Reading database ... 20%(Reading database ... 25%(Reading database ... 30%(Reading database ... 35%(Reading database ... 40%(Reading database ... 45%(Reading database ... 50%(Reading database ... 55%(Reading database ... 60%(Reading database ... 65%(Reading database ... 70%(Reading database ... 75%(Reading database ... 80%(Reading database ... 85%(Reading database ... 90%(Reading database ... 95%(Reading database ... 100%(Reading database ... 9635 files and directories currently installed.)
Preparing to unpack .../libquadmath0_7.1.0-9_amd64.deb ...
Unpacking libquadmath0:amd64 (7.1.0-9) over (7.1.0-8) ...
Preparing to unpack .../libitm1_7.1.0-9_amd64.deb ...
Unpacking libitm1:amd64 (7.1.0-9) over (7.1.0-8) ...
Preparing to unpack .../gcc-7-base_7.1.0-9_amd64.deb ...
Unpacking gcc-7-base:amd64 (7.1.0-9) over (7.1.0-8) ...
Setting up gcc-7-base:amd64 (7.1.0-9) ...
(Reading database ... (Reading database ... 5%(Reading database ... 10%(Reading database ... 15%(Reading database ... 20%(Reading database ... 25%(Reading database ... 30%(Reading database ... 35%(Reading database ... 40%(Reading database ... 45%(Reading database ... 50%(Reading database ... 55%(Reading database ... 60%(Reading database ... 65%(Reading database ... 70%(Reading database ... 75%(Reading database ... 80%(Reading database ... 85%(Reading database ... 90%(Reading database ... 95%(Reading database ... 100%(Reading database ... 9635 files and directories currently installed.)
Preparing to unpack .../libstdc++6_7.1.0-9_amd64.deb ...
Unpacking libstdc++6:amd64 (7.1.0-9) over (7.1.0-8) ...
Setting up libstdc++6:amd64 (7.1.0-9) ...
(Reading database ... (Reading database ... 5%(Reading database ... 10%(Reading database ... 15%(Reading database ... 20%(Reading database ... 25%(Reading database ... 30%(Reading database ... 35%(Reading database ... 40%(Reading database ... 45%(Reading database ... 50%(Reading database ... 55%(Reading database ... 60%(Reading database ... 65%(Reading database ... 70%(Reading database ... 75%(Reading database ... 80%(Reading database ... 85%(Reading database ... 90%(Reading database ... 95%(Reading database ... 100%(Reading database ... 9635 files and directories currently installed.)
Preparing to unpack .../0-libmpx2_7.1.0-9_amd64.deb ...
Unpacking libmpx2:amd64 (7.1.0-9) over (7.1.0-8) ...
Preparing to unpack .../1-liblsan0_7.1.0-9_amd64.deb ...
Unpacking liblsan0:amd64 (7.1.0-9) over (7.1.0-8) ...
Preparing to unpack .../2-libtsan0_7.1.0-9_amd64.deb ...
Unpacking libtsan0:amd64 (7.1.0-9) over (7.1.0-8) ...
Preparing to unpack .../3-libubsan0_7.1.0-9_amd64.deb ...
Unpacking libubsan0:amd64 (7.1.0-9) over (7.1.0-8) ...
Preparing to unpack .../4-libcilkrts5_7.1.0-9_amd64.deb ...
Unpacking libcilkrts5:amd64 (7.1.0-9) over (7.1.0-8) ...
Preparing to unpack .../5-libcc1-0_7.1.0-9_amd64.deb ...
Unpacking libcc1-0:amd64 (7.1.0-9) over (7.1.0-8) ...
Preparing to unpack .../6-libatomic1_7.1.0-9_amd64.deb ...
Unpacking libatomic1:amd64 (7.1.0-9) over (7.1.0-8) ...
Preparing to unpack .../7-libgomp1_7.1.0-9_amd64.deb ...
Unpacking libgomp1:amd64 (7.1.0-9) over (7.1.0-8) ...
Preparing to unpack .../8-libgcc1_1%3a7.1.0-9_amd64.deb ...
Unpacking libgcc1:amd64 (1:7.1.0-9) over (1:7.1.0-8) ...
Setting up libgcc1:amd64 (1:7.1.0-9) ...
(Reading database ... (Reading database ... 5%(Reading database ... 10%(Reading database ... 15%(Reading database ... 20%(Reading database ... 25%(Reading database ... 30%(Reading database ... 35%(Reading database ... 40%(Reading database ... 45%(Reading database ... 50%(Reading database ... 55%(Reading database ... 60%(Reading database ... 65%(Reading database ... 70%(Reading database ... 75%(Reading database ... 80%(Reading database ... 85%(Reading database ... 90%(Reading database ... 95%(Reading database ... 100%(Reading database ... 9635 files and directories currently installed.)
Preparing to unpack .../00-libasan3_6.4.0-1_amd64.deb ...
Unpacking libasan3:amd64 (6.4.0-1) over (6.3.0-21) ...
Preparing to unpack .../01-g++-6_6.4.0-1_amd64.deb ...
Unpacking g++-6 (6.4.0-1) over (6.3.0-21) ...
Preparing to unpack .../02-libstdc++-6-dev_6.4.0-1_amd64.deb ...
Unpacking libstdc++-6-dev:amd64 (6.4.0-1) over (6.3.0-21) ...
Preparing to unpack .../03-gcc-6_6.4.0-1_amd64.deb ...
Unpacking gcc-6 (6.4.0-1) over (6.3.0-21) ...
Preparing to unpack .../04-libgcc-6-dev_6.4.0-1_amd64.deb ...
Unpacking libgcc-6-dev:amd64 (6.4.0-1) over (6.3.0-21) ...
Preparing to unpack .../05-cpp-6_6.4.0-1_amd64.deb ...
Unpacking cpp-6 (6.4.0-1) over (6.3.0-21) ...
Preparing to unpack .../06-gcc-6-base_6.4.0-1_amd64.deb ...
Unpacking gcc-6-base:amd64 (6.4.0-1) over (6.3.0-21) ...
Selecting previously unselected package libbsd0:amd64.
Preparing to unpack .../07-libbsd0_0.8.5-1_amd64.deb ...
Unpacking libbsd0:amd64 (0.8.5-1) ...
Selecting previously unselected package libncurses5:amd64.
Preparing to unpack .../08-libncurses5_6.0+20161126-1_amd64.deb ...
Unpacking libncurses5:amd64 (6.0+20161126-1) ...
Selecting previously unselected package libedit2:amd64.
Preparing to unpack .../09-libedit2_3.1-20170329-1_amd64.deb ...
Unpacking libedit2:amd64 (3.1-20170329-1) ...
Selecting previously unselected package libffi6:amd64.
Preparing to unpack .../10-libffi6_3.2.1-6_amd64.deb ...
Unpacking libffi6:amd64 (3.2.1-6) ...
Selecting previously unselected package libllvm3.9:amd64.
Preparing to unpack .../11-libllvm3.9_1%3a3.9.1-10_amd64.deb ...
Unpacking libllvm3.9:amd64 (1:3.9.1-10) ...
Selecting previously unselected package libclang1-3.9:amd64.
Preparing to unpack .../12-libclang1-3.9_1%3a3.9.1-10_amd64.deb ...
Unpacking libclang1-3.9:amd64 (1:3.9.1-10) ...
Selecting previously unselected package libjsoncpp1:amd64.
Preparing to unpack .../13-libjsoncpp1_1.7.4-3_amd64.deb ...
Unpacking libjsoncpp1:amd64 (1.7.4-3) ...
Selecting previously unselected package libobjc4:amd64.
Preparing to unpack .../14-libobjc4_7.1.0-9_amd64.deb ...
Unpacking libobjc4:amd64 (7.1.0-9) ...
Selecting previously unselected package libobjc-6-dev:amd64.
Preparing to unpack .../15-libobjc-6-dev_6.4.0-1_amd64.deb ...
Unpacking libobjc-6-dev:amd64 (6.4.0-1) ...
Selecting previously unselected package libclang-common-3.9-dev.
Preparing to unpack .../16-libclang-common-3.9-dev_1%3a3.9.1-10_amd64.deb ...
Unpacking libclang-common-3.9-dev (1:3.9.1-10) ...
Selecting previously unselected package clang-3.9.
Preparing to unpack .../17-clang-3.9_1%3a3.9.1-10_amd64.deb ...
Unpacking clang-3.9 (1:3.9.1-10) ...
Setting up libquadmath0:amd64 (7.1.0-9) ...
Setting up libncurses5:amd64 (6.0+20161126-1) ...
Setting up libgomp1:amd64 (7.1.0-9) ...
Setting up libatomic1:amd64 (7.1.0-9) ...
Setting up libcc1-0:amd64 (7.1.0-9) ...
Setting up libobjc4:amd64 (7.1.0-9) ...
Setting up libcilkrts5:amd64 (7.1.0-9) ...
Setting up libubsan0:amd64 (7.1.0-9) ...
Setting up libtsan0:amd64 (7.1.0-9) ...
Setting up gcc-6-base:amd64 (6.4.0-1) ...
Setting up libbsd0:amd64 (0.8.5-1) ...
Setting up liblsan0:amd64 (7.1.0-9) ...
Setting up libmpx2:amd64 (7.1.0-9) ...
Processing triggers for libc-bin (2.24-12) ...
Setting up libffi6:amd64 (3.2.1-6) ...
Setting up cpp-6 (6.4.0-1) ...
Setting up libitm1:amd64 (7.1.0-9) ...
Setting up libjsoncpp1:amd64 (1.7.4-3) ...
Setting up libedit2:amd64 (3.1-20170329-1) ...
Setting up libasan3:amd64 (6.4.0-1) ...
Setting up libgcc-6-dev:amd64 (6.4.0-1) ...
Setting up libstdc++-6-dev:amd64 (6.4.0-1) ...
Setting up libllvm3.9:amd64 (1:3.9.1-10) ...
Setting up libclang-common-3.9-dev (1:3.9.1-10) ...
Setting up gcc-6 (6.4.0-1) ...
Setting up g++-6 (6.4.0-1) ...
Setting up libobjc-6-dev:amd64 (6.4.0-1) ...
Setting up libclang1-3.9:amd64 (1:3.9.1-10) ...
Setting up clang-3.9 (1:3.9.1-10) ...
Processing triggers for libc-bin (2.24-12) ...
W: --force-yes is deprecated, use one of the options starting with --allow instead.
+ echo 'Replace gcc, g++ & cpp by clang'
Replace gcc, g++ & cpp by clang
+ VERSIONS='4.6 4.7 4.8 4.9 5 6 7'
+ cd /usr/bin
+ for VERSION in $VERSIONS
+ rm -f g++-4.6 gcc-4.6 cpp-4.6 gcc
+ ln -s clang++-3.9 g++-4.6
+ ln -s clang-3.9 gcc-4.6
+ ln -s clang-3.9 cpp-4.6
+ ln -s clang-3.9 gcc
+ echo 'gcc-4.6 hold'
+ dpkg --set-selections
dpkg: warning: package not in status nor available database at line 1: gcc-4.6
dpkg: warning: found unknown packages; this might mean the available database
is outdated, and needs to be updated through a frontend method;
please see the FAQ <https://wiki.debian.org/Teams/Dpkg/FAQ>
+ echo 'g++-4.6 hold'
+ dpkg --set-selections
dpkg: warning: package not in status nor available database at line 1: g++-4.6
dpkg: warning: found unknown packages; this might mean the available database
is outdated, and needs to be updated through a frontend method;
please see the FAQ <https://wiki.debian.org/Teams/Dpkg/FAQ>
+ for VERSION in $VERSIONS
+ rm -f g++-4.7 gcc-4.7 cpp-4.7 gcc
+ ln -s clang++-3.9 g++-4.7
+ ln -s clang-3.9 gcc-4.7
+ ln -s clang-3.9 cpp-4.7
+ ln -s clang-3.9 gcc
+ echo 'gcc-4.7 hold'
+ dpkg --set-selections
dpkg: warning: package not in status nor available database at line 1: gcc-4.7
dpkg: warning: found unknown packages; this might mean the available database
is outdated, and needs to be updated through a frontend method;
please see the FAQ <https://wiki.debian.org/Teams/Dpkg/FAQ>
+ echo 'g++-4.7 hold'
+ dpkg --set-selections
dpkg: warning: package not in status nor available database at line 1: g++-4.7
dpkg: warning: found unknown packages; this might mean the available database
is outdated, and needs to be updated through a frontend method;
please see the FAQ <https://wiki.debian.org/Teams/Dpkg/FAQ>
+ for VERSION in $VERSIONS
+ rm -f g++-4.8 gcc-4.8 cpp-4.8 gcc
+ ln -s clang++-3.9 g++-4.8
+ ln -s clang-3.9 gcc-4.8
+ ln -s clang-3.9 cpp-4.8
+ ln -s clang-3.9 gcc
+ echo 'gcc-4.8 hold'
+ dpkg --set-selections
dpkg: warning: package not in status nor available database at line 1: gcc-4.8
dpkg: warning: found unknown packages; this might mean the available database
is outdated, and needs to be updated through a frontend method;
please see the FAQ <https://wiki.debian.org/Teams/Dpkg/FAQ>
+ echo 'g++-4.8 hold'
+ dpkg --set-selections
dpkg: warning: package not in status nor available database at line 1: g++-4.8
dpkg: warning: found unknown packages; this might mean the available database
is outdated, and needs to be updated through a frontend method;
please see the FAQ <https://wiki.debian.org/Teams/Dpkg/FAQ>
+ for VERSION in $VERSIONS
+ rm -f g++-4.9 gcc-4.9 cpp-4.9 gcc
+ ln -s clang++-3.9 g++-4.9
+ ln -s clang-3.9 gcc-4.9
+ ln -s clang-3.9 cpp-4.9
+ ln -s clang-3.9 gcc
+ echo 'gcc-4.9 hold'
+ dpkg --set-selections
dpkg: warning: package not in status nor available database at line 1: gcc-4.9
dpkg: warning: found unknown packages; this might mean the available database
is outdated, and needs to be updated through a frontend method;
please see the FAQ <https://wiki.debian.org/Teams/Dpkg/FAQ>
+ echo 'g++-4.9 hold'
+ dpkg --set-selections
dpkg: warning: package not in status nor available database at line 1: g++-4.9
dpkg: warning: found unknown packages; this might mean the available database
is outdated, and needs to be updated through a frontend method;
please see the FAQ <https://wiki.debian.org/Teams/Dpkg/FAQ>
+ for VERSION in $VERSIONS
+ rm -f g++-5 gcc-5 cpp-5 gcc
+ ln -s clang++-3.9 g++-5
+ ln -s clang-3.9 gcc-5
+ ln -s clang-3.9 cpp-5
+ ln -s clang-3.9 gcc
+ echo 'gcc-5 hold'
+ dpkg --set-selections
+ echo 'g++-5 hold'
+ dpkg --set-selections
+ for VERSION in $VERSIONS
+ rm -f g++-6 gcc-6 cpp-6 gcc
+ ln -s clang++-3.9 g++-6
+ ln -s clang-3.9 gcc-6
+ ln -s clang-3.9 cpp-6
+ ln -s clang-3.9 gcc
+ echo 'gcc-6 hold'
+ dpkg --set-selections
+ echo 'g++-6 hold'
+ dpkg --set-selections
+ for VERSION in $VERSIONS
+ rm -f g++-7 gcc-7 cpp-7 gcc
+ ln -s clang++-3.9 g++-7
+ ln -s clang-3.9 gcc-7
+ ln -s clang-3.9 cpp-7
+ ln -s clang-3.9 gcc
+ echo 'gcc-7 hold'
+ dpkg --set-selections
dpkg: warning: package not in status nor available database at line 1: gcc-7
dpkg: warning: found unknown packages; this might mean the available database
is outdated, and needs to be updated through a frontend method;
please see the FAQ <https://wiki.debian.org/Teams/Dpkg/FAQ>
+ echo 'g++-7 hold'
+ dpkg --set-selections
dpkg: warning: package not in status nor available database at line 1: g++-7
dpkg: warning: found unknown packages; this might mean the available database
is outdated, and needs to be updated through a frontend method;
please see the FAQ <https://wiki.debian.org/Teams/Dpkg/FAQ>
+ cd -
/build/fdclone-Jj11wb
+ echo 'Check if gcc, g++ & cpp are actually clang'
Check if gcc, g++ & cpp are actually clang
+ gcc --version
+ grep clang
+ cpp --version
+ grep clang
+ g++ --version
+ grep clang

I: Finished running '/tmp/clang'.

Finished processing commands.
--------------------------------------------------------------------------------

+------------------------------------------------------------------------------+
| Update chroot                                                                |
+------------------------------------------------------------------------------+

Hit:1 http://127.0.0.1:9999/debian unstable InRelease
Reading package lists...
Reading package lists...
Building dependency tree...
Reading state information...
Calculating upgrade...
The following NEW packages will be installed:
  libgnutls30 libhogweed4 libidn2-0 libnettle6 libp11-kit0 libtasn1-6
  libunistring2
The following packages will be upgraded:
  apt cpp debconf g++ gcc libapt-pkg5.0 libdebconfclient0 libperl5.24
  libsystemd0 libudev1 perl perl-base perl-modules-5.24
13 upgraded, 7 newly installed, 0 to remove and 0 not upgraded.
Need to get 12.5 MB of archives.
After this operation, 6330 kB of additional disk space will be used.
Get:1 http://127.0.0.1:9999/debian unstable/main amd64 libperl5.24 amd64 5.24.1-6 [3525 kB]
Get:2 http://127.0.0.1:9999/debian unstable/main amd64 perl amd64 5.24.1-6 [218 kB]
Get:3 http://127.0.0.1:9999/debian unstable/main amd64 perl-base amd64 5.24.1-6 [1344 kB]
Get:4 http://127.0.0.1:9999/debian unstable/main amd64 perl-modules-5.24 all 5.24.1-6 [2723 kB]
Get:5 http://127.0.0.1:9999/debian unstable/main amd64 libapt-pkg5.0 amd64 1.5~beta1 [922 kB]
Get:6 http://127.0.0.1:9999/debian unstable/main amd64 libnettle6 amd64 3.3-1+b1 [191 kB]
Get:7 http://127.0.0.1:9999/debian unstable/main amd64 libhogweed4 amd64 3.3-1+b1 [136 kB]
Get:8 http://127.0.0.1:9999/debian unstable/main amd64 libunistring2 amd64 0.9.7-2 [377 kB]
Get:9 http://127.0.0.1:9999/debian unstable/main amd64 libidn2-0 amd64 0.16-1+b1 [56.6 kB]
Get:10 http://127.0.0.1:9999/debian unstable/main amd64 libp11-kit0 amd64 0.23.7-2 [193 kB]
Get:11 http://127.0.0.1:9999/debian unstable/main amd64 libtasn1-6 amd64 4.12-2 [51.0 kB]
Get:12 http://127.0.0.1:9999/debian unstable/main amd64 libgnutls30 amd64 3.5.13-2 [914 kB]
Get:13 http://127.0.0.1:9999/debian unstable/main amd64 apt amd64 1.5~beta1 [1237 kB]
Get:14 http://127.0.0.1:9999/debian unstable/main amd64 debconf all 1.5.62 [160 kB]
Get:15 http://127.0.0.1:9999/debian unstable/main amd64 libsystemd0 amd64 233-10 [281 kB]
Get:16 http://127.0.0.1:9999/debian unstable/main amd64 libudev1 amd64 233-10 [126 kB]
Get:17 http://127.0.0.1:9999/debian unstable/main amd64 libdebconfclient0 amd64 0.229 [47.9 kB]
Get:18 http://127.0.0.1:9999/debian unstable/main amd64 cpp amd64 4:6.3.0-4d1 [18.8 kB]
Get:19 http://127.0.0.1:9999/debian unstable/main amd64 gcc amd64 4:6.3.0-4d1 [5252 B]
Get:20 http://127.0.0.1:9999/debian unstable/main amd64 g++ amd64 4:6.3.0-4d1 [1548 B]
debconf: delaying package configuration, since apt-utils is not installed
Fetched 12.5 MB in 0s (83.9 MB/s)
(Reading database ... (Reading database ... 5%(Reading database ... 10%(Reading database ... 15%(Reading database ... 20%(Reading database ... 25%(Reading database ... 30%(Reading database ... 35%(Reading database ... 40%(Reading database ... 45%(Reading database ... 50%(Reading database ... 55%(Reading database ... 60%(Reading database ... 65%(Reading database ... 70%(Reading database ... 75%(Reading database ... 80%(Reading database ... 85%(Reading database ... 90%(Reading database ... 95%(Reading database ... 100%(Reading database ... 10107 files and directories currently installed.)
Preparing to unpack .../libperl5.24_5.24.1-6_amd64.deb ...
Unpacking libperl5.24:amd64 (5.24.1-6) over (5.24.1-4) ...
Preparing to unpack .../perl_5.24.1-6_amd64.deb ...
Unpacking perl (5.24.1-6) over (5.24.1-4) ...
Preparing to unpack .../perl-base_5.24.1-6_amd64.deb ...
Unpacking perl-base (5.24.1-6) over (5.24.1-4) ...
Setting up perl-base (5.24.1-6) ...
(Reading database ... (Reading database ... 5%(Reading database ... 10%(Reading database ... 15%(Reading database ... 20%(Reading database ... 25%(Reading database ... 30%(Reading database ... 35%(Reading database ... 40%(Reading database ... 45%(Reading database ... 50%(Reading database ... 55%(Reading database ... 60%(Reading database ... 65%(Reading database ... 70%(Reading database ... 75%(Reading database ... 80%(Reading database ... 85%(Reading database ... 90%(Reading database ... 95%(Reading database ... 100%(Reading database ... 10107 files and directories currently installed.)
Preparing to unpack .../perl-modules-5.24_5.24.1-6_all.deb ...
Unpacking perl-modules-5.24 (5.24.1-6) over (5.24.1-4) ...
Preparing to unpack .../libapt-pkg5.0_1.5~beta1_amd64.deb ...
Unpacking libapt-pkg5.0:amd64 (1.5~beta1) over (1.4.6) ...
Setting up libapt-pkg5.0:amd64 (1.5~beta1) ...
Selecting previously unselected package libnettle6:amd64.
(Reading database ... (Reading database ... 5%(Reading database ... 10%(Reading database ... 15%(Reading database ... 20%(Reading database ... 25%(Reading database ... 30%(Reading database ... 35%(Reading database ... 40%(Reading database ... 45%(Reading database ... 50%(Reading database ... 55%(Reading database ... 60%(Reading database ... 65%(Reading database ... 70%(Reading database ... 75%(Reading database ... 80%(Reading database ... 85%(Reading database ... 90%(Reading database ... 95%(Reading database ... 100%(Reading database ... 10107 files and directories currently installed.)
Preparing to unpack .../libnettle6_3.3-1+b1_amd64.deb ...
Unpacking libnettle6:amd64 (3.3-1+b1) ...
Setting up libnettle6:amd64 (3.3-1+b1) ...
Selecting previously unselected package libhogweed4:amd64.
(Reading database ... (Reading database ... 5%(Reading database ... 10%(Reading database ... 15%(Reading database ... 20%(Reading database ... 25%(Reading database ... 30%(Reading database ... 35%(Reading database ... 40%(Reading database ... 45%(Reading database ... 50%(Reading database ... 55%(Reading database ... 60%(Reading database ... 65%(Reading database ... 70%(Reading database ... 75%(Reading database ... 80%(Reading database ... 85%(Reading database ... 90%(Reading database ... 95%(Reading database ... 100%(Reading database ... 10114 files and directories currently installed.)
Preparing to unpack .../libhogweed4_3.3-1+b1_amd64.deb ...
Unpacking libhogweed4:amd64 (3.3-1+b1) ...
Setting up libhogweed4:amd64 (3.3-1+b1) ...
Selecting previously unselected package libunistring2:amd64.
(Reading database ... (Reading database ... 5%(Reading database ... 10%(Reading database ... 15%(Reading database ... 20%(Reading database ... 25%(Reading database ... 30%(Reading database ... 35%(Reading database ... 40%(Reading database ... 45%(Reading database ... 50%(Reading database ... 55%(Reading database ... 60%(Reading database ... 65%(Reading database ... 70%(Reading database ... 75%(Reading database ... 80%(Reading database ... 85%(Reading database ... 90%(Reading database ... 95%(Reading database ... 100%(Reading database ... 10117 files and directories currently installed.)
Preparing to unpack .../libunistring2_0.9.7-2_amd64.deb ...
Unpacking libunistring2:amd64 (0.9.7-2) ...
Setting up libunistring2:amd64 (0.9.7-2) ...
Selecting previously unselected package libidn2-0:amd64.
(Reading database ... (Reading database ... 5%(Reading database ... 10%(Reading database ... 15%(Reading database ... 20%(Reading database ... 25%(Reading database ... 30%(Reading database ... 35%(Reading database ... 40%(Reading database ... 45%(Reading database ... 50%(Reading database ... 55%(Reading database ... 60%(Reading database ... 65%(Reading database ... 70%(Reading database ... 75%(Reading database ... 80%(Reading database ... 85%(Reading database ... 90%(Reading database ... 95%(Reading database ... 100%(Reading database ... 10123 files and directories currently installed.)
Preparing to unpack .../libidn2-0_0.16-1+b1_amd64.deb ...
Unpacking libidn2-0:amd64 (0.16-1+b1) ...
Setting up libidn2-0:amd64 (0.16-1+b1) ...
Selecting previously unselected package libp11-kit0:amd64.
(Reading database ... (Reading database ... 5%(Reading database ... 10%(Reading database ... 15%(Reading database ... 20%(Reading database ... 25%(Reading database ... 30%(Reading database ... 35%(Reading database ... 40%(Reading database ... 45%(Reading database ... 50%(Reading database ... 55%(Reading database ... 60%(Reading database ... 65%(Reading database ... 70%(Reading database ... 75%(Reading database ... 80%(Reading database ... 85%(Reading database ... 90%(Reading database ... 95%(Reading database ... 100%(Reading database ... 10133 files and directories currently installed.)
Preparing to unpack .../libp11-kit0_0.23.7-2_amd64.deb ...
Unpacking libp11-kit0:amd64 (0.23.7-2) ...
Setting up libp11-kit0:amd64 (0.23.7-2) ...
Selecting previously unselected package libtasn1-6:amd64.
(Reading database ... (Reading database ... 5%(Reading database ... 10%(Reading database ... 15%(Reading database ... 20%(Reading database ... 25%(Reading database ... 30%(Reading database ... 35%(Reading database ... 40%(Reading database ... 45%(Reading database ... 50%(Reading database ... 55%(Reading database ... 60%(Reading database ... 65%(Reading database ... 70%(Reading database ... 75%(Reading database ... 80%(Reading database ... 85%(Reading database ... 90%(Reading database ... 95%(Reading database ... 100%(Reading database ... 10141 files and directories currently installed.)
Preparing to unpack .../libtasn1-6_4.12-2_amd64.deb ...
Unpacking libtasn1-6:amd64 (4.12-2) ...
Setting up libtasn1-6:amd64 (4.12-2) ...
Selecting previously unselected package libgnutls30:amd64.
(Reading database ... (Reading database ... 5%(Reading database ... 10%(Reading database ... 15%(Reading database ... 20%(Reading database ... 25%(Reading database ... 30%(Reading database ... 35%(Reading database ... 40%(Reading database ... 45%(Reading database ... 50%(Reading database ... 55%(Reading database ... 60%(Reading database ... 65%(Reading database ... 70%(Reading database ... 75%(Reading database ... 80%(Reading database ... 85%(Reading database ... 90%(Reading database ... 95%(Reading database ... 100%(Reading database ... 10150 files and directories currently installed.)
Preparing to unpack .../libgnutls30_3.5.13-2_amd64.deb ...
Unpacking libgnutls30:amd64 (3.5.13-2) ...
Setting up libgnutls30:amd64 (3.5.13-2) ...
(Reading database ... (Reading database ... 5%(Reading database ... 10%(Reading database ... 15%(Reading database ... 20%(Reading database ... 25%(Reading database ... 30%(Reading database ... 35%(Reading database ... 40%(Reading database ... 45%(Reading database ... 50%(Reading database ... 55%(Reading database ... 60%(Reading database ... 65%(Reading database ... 70%(Reading database ... 75%(Reading database ... 80%(Reading database ... 85%(Reading database ... 90%(Reading database ... 95%(Reading database ... 100%(Reading database ... 10177 files and directories currently installed.)
Preparing to unpack .../apt_1.5~beta1_amd64.deb ...
Unpacking apt (1.5~beta1) over (1.4.6) ...
Setting up apt (1.5~beta1) ...
(Reading database ... (Reading database ... 5%(Reading database ... 10%(Reading database ... 15%(Reading database ... 20%(Reading database ... 25%(Reading database ... 30%(Reading database ... 35%(Reading database ... 40%(Reading database ... 45%(Reading database ... 50%(Reading database ... 55%(Reading database ... 60%(Reading database ... 65%(Reading database ... 70%(Reading database ... 75%(Reading database ... 80%(Reading database ... 85%(Reading database ... 90%(Reading database ... 95%(Reading database ... 100%(Reading database ... 10176 files and directories currently installed.)
Preparing to unpack .../debconf_1.5.62_all.deb ...
Unpacking debconf (1.5.62) over (1.5.61) ...
Setting up debconf (1.5.62) ...
(Reading database ... (Reading database ... 5%(Reading database ... 10%(Reading database ... 15%(Reading database ... 20%(Reading database ... 25%(Reading database ... 30%(Reading database ... 35%(Reading database ... 40%(Reading database ... 45%(Reading database ... 50%(Reading database ... 55%(Reading database ... 60%(Reading database ... 65%(Reading database ... 70%(Reading database ... 75%(Reading database ... 80%(Reading database ... 85%(Reading database ... 90%(Reading database ... 95%(Reading database ... 100%(Reading database ... 10176 files and directories currently installed.)
Preparing to unpack .../libsystemd0_233-10_amd64.deb ...
Unpacking libsystemd0:amd64 (233-10) over (233-9) ...
Setting up libsystemd0:amd64 (233-10) ...
(Reading database ... (Reading database ... 5%(Reading database ... 10%(Reading database ... 15%(Reading database ... 20%(Reading database ... 25%(Reading database ... 30%(Reading database ... 35%(Reading database ... 40%(Reading database ... 45%(Reading database ... 50%(Reading database ... 55%(Reading database ... 60%(Reading database ... 65%(Reading database ... 70%(Reading database ... 75%(Reading database ... 80%(Reading database ... 85%(Reading database ... 90%(Reading database ... 95%(Reading database ... 100%(Reading database ... 10176 files and directories currently installed.)
Preparing to unpack .../libudev1_233-10_amd64.deb ...
Unpacking libudev1:amd64 (233-10) over (233-9) ...
Setting up libudev1:amd64 (233-10) ...
(Reading database ... (Reading database ... 5%(Reading database ... 10%(Reading database ... 15%(Reading database ... 20%(Reading database ... 25%(Reading database ... 30%(Reading database ... 35%(Reading database ... 40%(Reading database ... 45%(Reading database ... 50%(Reading database ... 55%(Reading database ... 60%(Reading database ... 65%(Reading database ... 70%(Reading database ... 75%(Reading database ... 80%(Reading database ... 85%(Reading database ... 90%(Reading database ... 95%(Reading database ... 100%(Reading database ... 10176 files and directories currently installed.)
Preparing to unpack .../libdebconfclient0_0.229_amd64.deb ...
Unpacking libdebconfclient0:amd64 (0.229) over (0.228) ...
Setting up libdebconfclient0:amd64 (0.229) ...
(Reading database ... (Reading database ... 5%(Reading database ... 10%(Reading database ... 15%(Reading database ... 20%(Reading database ... 25%(Reading database ... 30%(Reading database ... 35%(Reading database ... 40%(Reading database ... 45%(Reading database ... 50%(Reading database ... 55%(Reading database ... 60%(Reading database ... 65%(Reading database ... 70%(Reading database ... 75%(Reading database ... 80%(Reading database ... 85%(Reading database ... 90%(Reading database ... 95%(Reading database ... 100%(Reading database ... 10176 files and directories currently installed.)
Preparing to unpack .../cpp_4%3a6.3.0-4d1_amd64.deb ...
Unpacking cpp (4:6.3.0-4d1) over (4:6.3.0-4) ...
Preparing to unpack .../gcc_4%3a6.3.0-4d1_amd64.deb ...
Removing old gcc doc directory.
Unpacking gcc (4:6.3.0-4d1) over (4:6.3.0-4) ...
Preparing to unpack .../g++_4%3a6.3.0-4d1_amd64.deb ...
Unpacking g++ (4:6.3.0-4d1) over (4:6.3.0-4) ...
Setting up cpp (4:6.3.0-4d1) ...
Setting up perl-modules-5.24 (5.24.1-6) ...
Setting up libperl5.24:amd64 (5.24.1-6) ...
Setting up gcc (4:6.3.0-4d1) ...
Setting up perl (5.24.1-6) ...
Processing triggers for libc-bin (2.24-12) ...
Setting up g++ (4:6.3.0-4d1) ...

+------------------------------------------------------------------------------+
| Fetch source files                                                           |
+------------------------------------------------------------------------------+


Check APT
---------

Checking available source versions...

Download source files with APT
------------------------------

Reading package lists...
NOTICE: 'fdclone' packaging is maintained in the 'Git' version control system at:
git://anonscm.debian.org/collab-maint/fdclone.git
Please use:
git clone git://anonscm.debian.org/collab-maint/fdclone.git
to retrieve the latest (possibly unreleased) updates to the package.
Need to get 976 kB of source archives.
Get:1 http://127.0.0.1:9999/debian unstable/main fdclone 3.01b-1 (dsc) [1886 B]
Get:2 http://127.0.0.1:9999/debian unstable/main fdclone 3.01b-1 (tar) [953 kB]
Get:3 http://127.0.0.1:9999/debian unstable/main fdclone 3.01b-1 (diff) [20.5 kB]
Fetched 976 kB in 0s (5843 kB/s)
Download complete and in download only mode
I: NOTICE: Log filtering will replace 'build/fdclone-Jj11wb/fdclone-3.01b' with '<<PKGBUILDDIR>>'
I: NOTICE: Log filtering will replace 'build/fdclone-Jj11wb' with '<<BUILDDIR>>'

+------------------------------------------------------------------------------+
| Install build-essential                                                      |
+------------------------------------------------------------------------------+


Setup apt archive
-----------------

Merged Build-Depends: build-essential, fakeroot
Filtered Build-Depends: build-essential, fakeroot
dpkg-deb: building package 'sbuild-build-depends-core-dummy' in '/<<BUILDDIR>>/resolver-HYmJ8n/apt_archive/sbuild-build-depends-core-dummy.deb'.
dpkg-scanpackages: warning: Packages in archive but missing from override file:
dpkg-scanpackages: warning:   sbuild-build-depends-core-dummy
dpkg-scanpackages: info: Wrote 1 entries to output Packages file.
Ign:1 copy:/<<BUILDDIR>>/resolver-HYmJ8n/apt_archive ./ InRelease
Get:2 copy:/<<BUILDDIR>>/resolver-HYmJ8n/apt_archive ./ Release [957 B]
Ign:3 copy:/<<BUILDDIR>>/resolver-HYmJ8n/apt_archive ./ Release.gpg
Get:4 copy:/<<BUILDDIR>>/resolver-HYmJ8n/apt_archive ./ Sources [349 B]
Get:5 copy:/<<BUILDDIR>>/resolver-HYmJ8n/apt_archive ./ Packages [434 B]
Fetched 1740 B in 0s (0 B/s)
Reading package lists...
Reading package lists...

Install core build dependencies (apt-based resolver)
----------------------------------------------------

Installing build dependencies
Reading package lists...
Building dependency tree...
Reading state information...
The following NEW packages will be installed:
  sbuild-build-depends-core-dummy
0 upgraded, 1 newly installed, 0 to remove and 0 not upgraded.
Need to get 782 B of archives.
After this operation, 0 B of additional disk space will be used.
Get:1 copy:/<<BUILDDIR>>/resolver-HYmJ8n/apt_archive ./ sbuild-build-depends-core-dummy 0.invalid.0 [782 B]
debconf: delaying package configuration, since apt-utils is not installed
Fetched 782 B in 0s (0 B/s)
Selecting previously unselected package sbuild-build-depends-core-dummy.
(Reading database ... 10178 files and directories currently installed.)
Preparing to unpack .../sbuild-build-depends-core-dummy_0.invalid.0_amd64.deb ...
Unpacking sbuild-build-depends-core-dummy (0.invalid.0) ...
Setting up sbuild-build-depends-core-dummy (0.invalid.0) ...

+------------------------------------------------------------------------------+
| Check architectures                                                          |
+------------------------------------------------------------------------------+

Arch check ok (amd64 included in any)

+------------------------------------------------------------------------------+
| Install package build dependencies                                           |
+------------------------------------------------------------------------------+


Setup apt archive
-----------------

Merged Build-Depends: debhelper (>= 9.0.0), libncurses5-dev
Filtered Build-Depends: debhelper (>= 9.0.0), libncurses5-dev
dpkg-deb: building package 'sbuild-build-depends-fdclone-dummy' in '/<<BUILDDIR>>/resolver-HYmJ8n/apt_archive/sbuild-build-depends-fdclone-dummy.deb'.
dpkg-scanpackages: warning: Packages in archive but missing from override file:
dpkg-scanpackages: warning:   sbuild-build-depends-core-dummy sbuild-build-depends-fdclone-dummy
dpkg-scanpackages: info: Wrote 2 entries to output Packages file.
Ign:1 copy:/<<BUILDDIR>>/resolver-HYmJ8n/apt_archive ./ InRelease
Get:2 copy:/<<BUILDDIR>>/resolver-HYmJ8n/apt_archive ./ Release [963 B]
Ign:3 copy:/<<BUILDDIR>>/resolver-HYmJ8n/apt_archive ./ Release.gpg
Get:4 copy:/<<BUILDDIR>>/resolver-HYmJ8n/apt_archive ./ Sources [498 B]
Get:5 copy:/<<BUILDDIR>>/resolver-HYmJ8n/apt_archive ./ Packages [579 B]
Fetched 2040 B in 0s (0 B/s)
Reading package lists...
Reading package lists...

Install fdclone build dependencies (apt-based resolver)
-------------------------------------------------------

Installing build dependencies
Reading package lists...
Building dependency tree...
Reading state information...
The following additional packages will be installed:
  autoconf automake autopoint autotools-dev bsdmainutils debhelper
  dh-autoreconf dh-strip-nondeterminism file gettext gettext-base groff-base
  intltool-debian libarchive-zip-perl libcroco3
  libfile-stripnondeterminism-perl libglib2.0-0 libicu57 libmagic-mgc
  libmagic1 libncurses5-dev libpipeline1 libsigsegv2 libtimedate-perl
  libtinfo-dev libtool libxml2 m4 man-db po-debconf
Suggested packages:
  autoconf-archive gnu-standards autoconf-doc wamerican | wordlist whois
  vacation dh-make gettext-doc libasprintf-dev libgettextpo-dev groff
  ncurses-doc libtool-doc gfortran | fortran95-compiler gcj-jdk m4-doc less
  www-browser libmail-box-perl
Recommended packages:
  curl | wget | lynx-cur libarchive-cpio-perl libglib2.0-data shared-mime-info
  xdg-user-dirs libltdl-dev xml-core libmail-sendmail-perl
The following NEW packages will be installed:
  autoconf automake autopoint autotools-dev bsdmainutils debhelper
  dh-autoreconf dh-strip-nondeterminism file gettext gettext-base groff-base
  intltool-debian libarchive-zip-perl libcroco3
  libfile-stripnondeterminism-perl libglib2.0-0 libicu57 libmagic-mgc
  libmagic1 libncurses5-dev libpipeline1 libsigsegv2 libtimedate-perl
  libtinfo-dev libtool libxml2 m4 man-db po-debconf
  sbuild-build-depends-fdclone-dummy
0 upgraded, 31 newly installed, 0 to remove and 0 not upgraded.
Need to get 19.6 MB of archives.
After this operation, 67.2 MB of additional disk space will be used.
Get:1 copy:/<<BUILDDIR>>/resolver-HYmJ8n/apt_archive ./ sbuild-build-depends-fdclone-dummy 0.invalid.0 [796 B]
Get:2 http://127.0.0.1:9999/debian unstable/main amd64 groff-base amd64 1.22.3-9 [1160 kB]
Get:3 http://127.0.0.1:9999/debian unstable/main amd64 bsdmainutils amd64 9.0.12+nmu1 [186 kB]
Get:4 http://127.0.0.1:9999/debian unstable/main amd64 libpipeline1 amd64 1.4.1-2 [27.6 kB]
Get:5 http://127.0.0.1:9999/debian unstable/main amd64 man-db amd64 2.7.6.1-2 [1044 kB]
Get:6 http://127.0.0.1:9999/debian unstable/main amd64 libmagic-mgc amd64 1:5.30-1 [222 kB]
Get:7 http://127.0.0.1:9999/debian unstable/main amd64 libmagic1 amd64 1:5.30-1 [111 kB]
Get:8 http://127.0.0.1:9999/debian unstable/main amd64 file amd64 1:5.30-1 [63.9 kB]
Get:9 http://127.0.0.1:9999/debian unstable/main amd64 gettext-base amd64 0.19.8.1-2+b1 [122 kB]
Get:10 http://127.0.0.1:9999/debian unstable/main amd64 libicu57 amd64 57.1-6 [7701 kB]
Get:11 http://127.0.0.1:9999/debian unstable/main amd64 libxml2 amd64 2.9.4+dfsg1-3 [715 kB]
Get:12 http://127.0.0.1:9999/debian unstable/main amd64 libsigsegv2 amd64 2.11-1 [29.9 kB]
Get:13 http://127.0.0.1:9999/debian unstable/main amd64 m4 amd64 1.4.18-1 [202 kB]
Get:14 http://127.0.0.1:9999/debian unstable/main amd64 autoconf all 2.69-10 [338 kB]
Get:15 http://127.0.0.1:9999/debian unstable/main amd64 autotools-dev all 20161112.1 [73.4 kB]
Get:16 http://127.0.0.1:9999/debian unstable/main amd64 automake all 1:1.15.1-2 [736 kB]
Get:17 http://127.0.0.1:9999/debian unstable/main amd64 autopoint all 0.19.8.1-2 [433 kB]
Get:18 http://127.0.0.1:9999/debian unstable/main amd64 libtool all 2.4.6-2 [545 kB]
Get:19 http://127.0.0.1:9999/debian unstable/main amd64 dh-autoreconf all 14 [15.9 kB]
Get:20 http://127.0.0.1:9999/debian unstable/main amd64 libarchive-zip-perl all 1.59-1 [95.5 kB]
Get:21 http://127.0.0.1:9999/debian unstable/main amd64 libfile-stripnondeterminism-perl all 0.035-2 [17.0 kB]
Get:22 http://127.0.0.1:9999/debian unstable/main amd64 libtimedate-perl all 2.3000-2 [42.2 kB]
Get:23 http://127.0.0.1:9999/debian unstable/main amd64 dh-strip-nondeterminism all 0.035-2 [10.7 kB]
Get:24 http://127.0.0.1:9999/debian unstable/main amd64 libglib2.0-0 amd64 2.52.3-1 [2742 kB]
Get:25 http://127.0.0.1:9999/debian unstable/main amd64 libcroco3 amd64 0.6.12-1 [144 kB]
Get:26 http://127.0.0.1:9999/debian unstable/main amd64 gettext amd64 0.19.8.1-2+b1 [1301 kB]
Get:27 http://127.0.0.1:9999/debian unstable/main amd64 intltool-debian all 0.35.0+20060710.4 [26.3 kB]
Get:28 http://127.0.0.1:9999/debian unstable/main amd64 po-debconf all 1.0.20 [247 kB]
Get:29 http://127.0.0.1:9999/debian unstable/main amd64 debhelper all 10.6.2 [968 kB]
Get:30 http://127.0.0.1:9999/debian unstable/main amd64 libtinfo-dev amd64 6.0+20161126-1 [78.8 kB]
Get:31 http://127.0.0.1:9999/debian unstable/main amd64 libncurses5-dev amd64 6.0+20161126-1 [175 kB]
debconf: delaying package configuration, since apt-utils is not installed
Fetched 19.6 MB in 0s (91.8 MB/s)
Selecting previously unselected package groff-base.
(Reading database ... 10178 files and directories currently installed.)
Preparing to unpack .../00-groff-base_1.22.3-9_amd64.deb ...
Unpacking groff-base (1.22.3-9) ...
Selecting previously unselected package bsdmainutils.
Preparing to unpack .../01-bsdmainutils_9.0.12+nmu1_amd64.deb ...
Unpacking bsdmainutils (9.0.12+nmu1) ...
Selecting previously unselected package libpipeline1:amd64.
Preparing to unpack .../02-libpipeline1_1.4.1-2_amd64.deb ...
Unpacking libpipeline1:amd64 (1.4.1-2) ...
Selecting previously unselected package man-db.
Preparing to unpack .../03-man-db_2.7.6.1-2_amd64.deb ...
Unpacking man-db (2.7.6.1-2) ...
Selecting previously unselected package libmagic-mgc.
Preparing to unpack .../04-libmagic-mgc_1%3a5.30-1_amd64.deb ...
Unpacking libmagic-mgc (1:5.30-1) ...
Selecting previously unselected package libmagic1:amd64.
Preparing to unpack .../05-libmagic1_1%3a5.30-1_amd64.deb ...
Unpacking libmagic1:amd64 (1:5.30-1) ...
Selecting previously unselected package file.
Preparing to unpack .../06-file_1%3a5.30-1_amd64.deb ...
Unpacking file (1:5.30-1) ...
Selecting previously unselected package gettext-base.
Preparing to unpack .../07-gettext-base_0.19.8.1-2+b1_amd64.deb ...
Unpacking gettext-base (0.19.8.1-2+b1) ...
Selecting previously unselected package libicu57:amd64.
Preparing to unpack .../08-libicu57_57.1-6_amd64.deb ...
Unpacking libicu57:amd64 (57.1-6) ...
Selecting previously unselected package libxml2:amd64.
Preparing to unpack .../09-libxml2_2.9.4+dfsg1-3_amd64.deb ...
Unpacking libxml2:amd64 (2.9.4+dfsg1-3) ...
Selecting previously unselected package libsigsegv2:amd64.
Preparing to unpack .../10-libsigsegv2_2.11-1_amd64.deb ...
Unpacking libsigsegv2:amd64 (2.11-1) ...
Selecting previously unselected package m4.
Preparing to unpack .../11-m4_1.4.18-1_amd64.deb ...
Unpacking m4 (1.4.18-1) ...
Selecting previously unselected package autoconf.
Preparing to unpack .../12-autoconf_2.69-10_all.deb ...
Unpacking autoconf (2.69-10) ...
Selecting previously unselected package autotools-dev.
Preparing to unpack .../13-autotools-dev_20161112.1_all.deb ...
Unpacking autotools-dev (20161112.1) ...
Selecting previously unselected package automake.
Preparing to unpack .../14-automake_1%3a1.15.1-2_all.deb ...
Unpacking automake (1:1.15.1-2) ...
Selecting previously unselected package autopoint.
Preparing to unpack .../15-autopoint_0.19.8.1-2_all.deb ...
Unpacking autopoint (0.19.8.1-2) ...
Selecting previously unselected package libtool.
Preparing to unpack .../16-libtool_2.4.6-2_all.deb ...
Unpacking libtool (2.4.6-2) ...
Selecting previously unselected package dh-autoreconf.
Preparing to unpack .../17-dh-autoreconf_14_all.deb ...
Unpacking dh-autoreconf (14) ...
Selecting previously unselected package libarchive-zip-perl.
Preparing to unpack .../18-libarchive-zip-perl_1.59-1_all.deb ...
Unpacking libarchive-zip-perl (1.59-1) ...
Selecting previously unselected package libfile-stripnondeterminism-perl.
Preparing to unpack .../19-libfile-stripnondeterminism-perl_0.035-2_all.deb ...
Unpacking libfile-stripnondeterminism-perl (0.035-2) ...
Selecting previously unselected package libtimedate-perl.
Preparing to unpack .../20-libtimedate-perl_2.3000-2_all.deb ...
Unpacking libtimedate-perl (2.3000-2) ...
Selecting previously unselected package dh-strip-nondeterminism.
Preparing to unpack .../21-dh-strip-nondeterminism_0.035-2_all.deb ...
Unpacking dh-strip-nondeterminism (0.035-2) ...
Selecting previously unselected package libglib2.0-0:amd64.
Preparing to unpack .../22-libglib2.0-0_2.52.3-1_amd64.deb ...
Unpacking libglib2.0-0:amd64 (2.52.3-1) ...
Selecting previously unselected package libcroco3:amd64.
Preparing to unpack .../23-libcroco3_0.6.12-1_amd64.deb ...
Unpacking libcroco3:amd64 (0.6.12-1) ...
Selecting previously unselected package gettext.
Preparing to unpack .../24-gettext_0.19.8.1-2+b1_amd64.deb ...
Unpacking gettext (0.19.8.1-2+b1) ...
Selecting previously unselected package intltool-debian.
Preparing to unpack .../25-intltool-debian_0.35.0+20060710.4_all.deb ...
Unpacking intltool-debian (0.35.0+20060710.4) ...
Selecting previously unselected package po-debconf.
Preparing to unpack .../26-po-debconf_1.0.20_all.deb ...
Unpacking po-debconf (1.0.20) ...
Selecting previously unselected package debhelper.
Preparing to unpack .../27-debhelper_10.6.2_all.deb ...
Unpacking debhelper (10.6.2) ...
Selecting previously unselected package libtinfo-dev:amd64.
Preparing to unpack .../28-libtinfo-dev_6.0+20161126-1_amd64.deb ...
Unpacking libtinfo-dev:amd64 (6.0+20161126-1) ...
Selecting previously unselected package libncurses5-dev:amd64.
Preparing to unpack .../29-libncurses5-dev_6.0+20161126-1_amd64.deb ...
Unpacking libncurses5-dev:amd64 (6.0+20161126-1) ...
Selecting previously unselected package sbuild-build-depends-fdclone-dummy.
Preparing to unpack .../30-sbuild-build-depends-fdclone-dummy_0.invalid.0_amd64.deb ...
Unpacking sbuild-build-depends-fdclone-dummy (0.invalid.0) ...
Setting up libarchive-zip-perl (1.59-1) ...
Setting up libtimedate-perl (2.3000-2) ...
Setting up libsigsegv2:amd64 (2.11-1) ...
Setting up groff-base (1.22.3-9) ...
Setting up libglib2.0-0:amd64 (2.52.3-1) ...
No schema files found: doing nothing.
Setting up libtinfo-dev:amd64 (6.0+20161126-1) ...
Setting up gettext-base (0.19.8.1-2+b1) ...
Setting up libpipeline1:amd64 (1.4.1-2) ...
Setting up m4 (1.4.18-1) ...
Setting up libicu57:amd64 (57.1-6) ...
Setting up libxml2:amd64 (2.9.4+dfsg1-3) ...
Setting up libmagic-mgc (1:5.30-1) ...
Setting up libmagic1:amd64 (1:5.30-1) ...
Setting up libcroco3:amd64 (0.6.12-1) ...
Setting up libncurses5-dev:amd64 (6.0+20161126-1) ...
Processing triggers for libc-bin (2.24-12) ...
Setting up autotools-dev (20161112.1) ...
Setting up bsdmainutils (9.0.12+nmu1) ...
update-alternatives: using /usr/bin/bsd-write to provide /usr/bin/write (write) in auto mode
update-alternatives: using /usr/bin/bsd-from to provide /usr/bin/from (from) in auto mode
Setting up autopoint (0.19.8.1-2) ...
Setting up libfile-stripnondeterminism-perl (0.035-2) ...
Setting up gettext (0.19.8.1-2+b1) ...
Setting up autoconf (2.69-10) ...
Setting up file (1:5.30-1) ...
Setting up intltool-debian (0.35.0+20060710.4) ...
Setting up automake (1:1.15.1-2) ...
update-alternatives: using /usr/bin/automake-1.15 to provide /usr/bin/automake (automake) in auto mode
Setting up man-db (2.7.6.1-2) ...
Not building database; man-db/auto-update is not 'true'.
Setting up libtool (2.4.6-2) ...
Setting up po-debconf (1.0.20) ...
Setting up dh-autoreconf (14) ...
Setting up dh-strip-nondeterminism (0.035-2) ...
Setting up debhelper (10.6.2) ...
Setting up sbuild-build-depends-fdclone-dummy (0.invalid.0) ...

+------------------------------------------------------------------------------+
| Build environment                                                            |
+------------------------------------------------------------------------------+

Kernel: Linux 4.9.0-2-amd64 amd64 (x86_64)
Toolchain package versions: binutils_2.28-6 dpkg-dev_1.18.24 g++-6_6.4.0-1 gcc-6_6.4.0-1 libc6-dev_2.24-12 libstdc++-6-dev_6.4.0-1 libstdc++6_7.1.0-9 linux-libc-dev_4.11.6-1
Package versions: adduser_3.115 apt_1.5~beta1 autoconf_2.69-10 automake_1:1.15.1-2 autopoint_0.19.8.1-2 autotools-dev_20161112.1 base-files_10 base-passwd_3.5.43 bash_4.4-5 binutils_2.28-6 bsdmainutils_9.0.12+nmu1 bsdutils_1:2.29.2-1 build-essential_12.3 bzip2_1.0.6-8.1 clang-3.9_1:3.9.1-10 coreutils_8.26-3 cpp_4:6.3.0-4d1 cpp-6_6.4.0-1 dash_0.5.8-2.4 debconf_1.5.62 debfoster_2.7-2.1+b1 debhelper_10.6.2 debian-archive-keyring_2017.5 debianutils_4.8.1.1 dh-autoreconf_14 dh-strip-nondeterminism_0.035-2 diffutils_1:3.5-3 dpkg_1.18.24 dpkg-dev_1.18.24 e2fslibs_1.43.4-2 e2fsprogs_1.43.4-2 eatmydata_105-5 fakeroot_1.21-3.1 file_1:5.30-1 findutils_4.6.0+git+20170606-2 g++_4:6.3.0-4d1 g++-6_6.4.0-1 gcc_4:6.3.0-4d1 gcc-6_6.4.0-1 gcc-6-base_6.4.0-1 gcc-7-base_7.1.0-9 gettext_0.19.8.1-2+b1 gettext-base_0.19.8.1-2+b1 gpgv_2.1.18-8 grep_2.27-2 groff-base_1.22.3-9 gzip_1.6-5+b1 hostname_3.18+b1 init-system-helpers_1.48 intltool-debian_0.35.0+20060710.4 libacl1_2.2.52-3+b1 libapt-pkg5.0_1.5~beta1 libarchive-zip-perl_1.59-1 libasan3_6.4.0-1 libatomic1_7.1.0-9 libattr1_1:2.4.47-2+b2 libaudit-common_1:2.7.7-1 libaudit1_1:2.7.7-1+b1 libblkid1_2.29.2-1 libbsd0_0.8.5-1 libbz2-1.0_1.0.6-8.1 libc-bin_2.24-12 libc-dev-bin_2.24-12 libc6_2.24-12 libc6-dev_2.24-12 libcap-ng0_0.7.7-3+b1 libcc1-0_7.1.0-9 libcilkrts5_7.1.0-9 libclang-common-3.9-dev_1:3.9.1-10 libclang1-3.9_1:3.9.1-10 libcomerr2_1.43.4-2 libcroco3_0.6.12-1 libdb5.3_5.3.28-12+b1 libdebconfclient0_0.229 libdpkg-perl_1.18.24 libeatmydata1_105-5 libedit2_3.1-20170329-1 libfakeroot_1.21-3.1 libfdisk1_2.29.2-1 libffi6_3.2.1-6 libfile-stripnondeterminism-perl_0.035-2 libgc1c2_1:7.4.2-8 libgcc-6-dev_6.4.0-1 libgcc1_1:7.1.0-9 libgcrypt20_1.7.8-1 libgdbm3_1.8.3-14 libglib2.0-0_2.52.3-1 libgmp10_2:6.1.2+dfsg-1 libgnutls30_3.5.13-2 libgomp1_7.1.0-9 libgpg-error0_1.27-3 libhogweed4_3.3-1+b1 libicu57_57.1-6 libidn2-0_0.16-1+b1 libisl15_0.18-1 libitm1_7.1.0-9 libjsoncpp1_1.7.4-3 libllvm3.9_1:3.9.1-10 liblsan0_7.1.0-9 liblz4-1_0.0~r131-2+b1 liblzma5_5.2.2-1.2+b1 libmagic-mgc_1:5.30-1 libmagic1_1:5.30-1 libmount1_2.29.2-1 libmpc3_1.0.3-1+b2 libmpfr4_3.1.5-1 libmpx2_7.1.0-9 libncurses5_6.0+20161126-1 libncurses5-dev_6.0+20161126-1 libncursesw5_6.0+20161126-1 libnettle6_3.3-1+b1 libobjc-6-dev_6.4.0-1 libobjc4_7.1.0-9 libp11-kit0_0.23.7-2 libpam-modules_1.1.8-3.6 libpam-modules-bin_1.1.8-3.6 libpam-runtime_1.1.8-3.6 libpam0g_1.1.8-3.6 libpcre3_2:8.39-3 libperl5.24_5.24.1-6 libpipeline1_1.4.1-2 libquadmath0_7.1.0-9 libselinux1_2.6-3+b2 libsemanage-common_2.6-2 libsemanage1_2.6-2+b1 libsepol1_2.6-2 libsigsegv2_2.11-1 libsmartcols1_2.29.2-1 libss2_1.43.4-2 libstdc++-6-dev_6.4.0-1 libstdc++6_7.1.0-9 libsystemd0_233-10 libtasn1-6_4.12-2 libtimedate-perl_2.3000-2 libtinfo-dev_6.0+20161126-1 libtinfo5_6.0+20161126-1 libtool_2.4.6-2 libtsan0_7.1.0-9 libubsan0_7.1.0-9 libudev1_233-10 libunistring2_0.9.7-2 libustr-1.0-1_1.0.4-6 libuuid1_2.29.2-1 libxml2_2.9.4+dfsg1-3 linux-libc-dev_4.11.6-1 login_1:4.4-4.1 m4_1.4.18-1 make_4.1-9.1 man-db_2.7.6.1-2 mawk_1.3.3-17+b3 mount_2.29.2-1 multiarch-support_2.24-12 ncurses-base_6.0+20161126-1 ncurses-bin_6.0+20161126-1 passwd_1:4.4-4.1 patch_2.7.5-1+b2 perl_5.24.1-6 perl-base_5.24.1-6 perl-modules-5.24_5.24.1-6 po-debconf_1.0.20 sbuild-build-depends-core-dummy_0.invalid.0 sbuild-build-depends-fdclone-dummy_0.invalid.0 sed_4.4-1 sensible-utils_0.0.9 sysvinit-utils_2.88dsf-59.9 tar_1.29b-1.1 util-linux_2.29.2-1 xz-utils_5.2.2-1.2+b1 zlib1g_1:1.2.8.dfsg-5

+------------------------------------------------------------------------------+
| Build                                                                        |
+------------------------------------------------------------------------------+


Unpack source
-------------

gpgv: unknown type of key resource 'trustedkeys.kbx'
gpgv: keyblock resource '/sbuild-nonexistent/.gnupg/trustedkeys.kbx': General error
gpgv: Signature made Sun Aug  3 17:54:59 2014 UTC
gpgv:                using RSA key C9F1CBF56351F719
gpgv: Can't check signature: No public key
dpkg-source: warning: failed to verify signature on ./fdclone_3.01b-1.dsc
dpkg-source: info: extracting fdclone in /<<PKGBUILDDIR>>
dpkg-source: info: unpacking fdclone_3.01b.orig.tar.gz
dpkg-source: info: unpacking fdclone_3.01b-1.debian.tar.xz
dpkg-source: info: applying 10_bts436823_remove_strip_makefile.patch
dpkg-source: info: applying 30_makefilein_setting.patch
dpkg-source: info: applying 01_previous_changes.patch

Check disk space
----------------

Sufficient free space for build

User Environment
----------------

APT_CONFIG=/var/lib/sbuild/apt.conf
HOME=/sbuild-nonexistent
LANG=en_US.UTF-8
LC_ALL=POSIX
LOGNAME=user42
PATH=/usr/local/sbin:/usr/local/bin:/usr/sbin:/usr/bin:/sbin:/bin:/usr/games
SCHROOT_ALIAS_NAME=unstable-amd64-sbuild
SCHROOT_CHROOT_NAME=unstable-amd64-sbuild
SCHROOT_COMMAND=env
SCHROOT_GID=1001
SCHROOT_GROUP=user42
SCHROOT_SESSION_ID=unstable-amd64-sbuild-a03a882e-f4fb-4d3d-a531-6331ba74a0a3
SCHROOT_UID=1001
SCHROOT_USER=user42
SHELL=/bin/sh
USER=user42

dpkg-buildpackage
-----------------

dpkg-buildpackage: info: source package fdclone
dpkg-buildpackage: info: source version 3.01b-1
dpkg-buildpackage: info: source distribution unstable
dpkg-buildpackage: info: source changed by Elas Alejandro Ao Mendoza <ealmdz@gmail.com>
 dpkg-source --before-build fdclone-3.01b
dpkg-buildpackage: info: host architecture amd64
 fakeroot debian/rules clean
dh clean
   dh_testdir
   debian/rules override_dh_auto_clean
make[1]: Entering directory '/<<PKGBUILDDIR>>'
/usr/bin/make clean
make[2]: Entering directory '/<<PKGBUILDDIR>>'
echo '1,/^$/d' > hmachine.sed
sed -n -e 's:machine.h:hmachine.h:g' -e '1,/^$/p' machine.h > hmachine.h
sed -f hmachine.sed machine.h >> hmachine.h
cp config.hin config.h
cc   -DPREFIX='"'/usr/local'"' -DCONFDIR='"'/etc'"' -DDICTSRC='"''''"' -DFD=3 -DCCCOMMAND='"'cc'"' -DHOSTCCCOMMAND='"'cc'"' -DCFLAGS='"''''"' -DHOSTCFLAGS='"''''"' -DCPPFLAGS='"''''"' -DHOSTCPPFLAGS='"''''"' -DLDFLAGS='"''''"' -DHOSTLDFLAGS='"''''"' -o mkmfsed mkmfsed.c
./mkmfsed > mkmf.sed
sed -f mkmf.sed Makefile.in > Makefile.tmp || \
(rm -f Makefile.tmp; exit 1)
make -f Makefile.tmp clean
make[3]: Entering directory '/<<PKGBUILDDIR>>'
rm -f core
rm -f *.o
rm -f funcno.h
rm -f kanji.h
rm -f _fd-cat.ja
rm -f _fd-cat.C
rm -f fd-cat.*
rm -f kanjicnv
rm -f expfunc
rm -f mkdir_p
rm -f mkfuncno
rm -f mkunitbl
rm -f mkdict
rm -f mktankan
rm -f mkkanji
rm -f mkcat
rm -f fdsh
rm -f fdbsh
rm -f fdnsh
rm -f fd
rm -f fd.1
rm -f fd.1c
rm -f fd.eng
rm -f fd.doc
rm -f object.arg
rm -f sobject.arg
rm -f nobject.arg
rm -f fd-unicd.tbl
rm -f unitbl.c
rm -f dicttbl.c
rm -f fd-dict.txt
rm -f fd-dict.tbl
make[3]: Leaving directory '/<<PKGBUILDDIR>>'
rm -f Makefile.tmp mkmf.sed
rm -f mkmfsed mkmfsed.exe
rm -f hmachine.h hmachine.sed
make[2]: Leaving directory '/<<PKGBUILDDIR>>'
rm -f mkmfsed config.h mkkanji mkcat fd-cat.ja fd-cat.C mkmf.sed
make[1]: Leaving directory '/<<PKGBUILDDIR>>'
   dh_clean
 debian/rules build-arch
dh build-arch
   dh_testdir -a
   dh_update_autotools_config -a
   debian/rules override_dh_auto_configure
make[1]: Entering directory '/<<PKGBUILDDIR>>'
/usr/bin/make config
make[2]: Entering directory '/<<PKGBUILDDIR>>'
cp config.hin config.h
echo '1,/^$/d' > hmachine.sed
sed -n -e 's:machine.h:hmachine.h:g' -e '1,/^$/p' machine.h > hmachine.h
sed -f hmachine.sed machine.h >> hmachine.h
cc   -DPREFIX='"'/usr/local'"' -DCONFDIR='"'/etc'"' -DDICTSRC='"''''"' -DFD=3 -DCCCOMMAND='"'cc'"' -DHOSTCCCOMMAND='"'cc'"' -DCFLAGS='"''''"' -DHOSTCFLAGS='"''''"' -DCPPFLAGS='"''''"' -DHOSTCPPFLAGS='"''''"' -DLDFLAGS='"''''"' -DHOSTLDFLAGS='"''''"' -o mkmfsed mkmfsed.c
./mkmfsed > mkmf.sed
sed -f mkmf.sed Makefile.in > Makefile.tmp || \
(rm -f Makefile.tmp; exit 1)
make SHELL=/bin/sh -f Makefile.tmp config
make[3]: Entering directory '/<<PKGBUILDDIR>>'
if (echo 't() { echo ; }; t test' | /bin/sh >/dev/null 2>&1); then \
	sed -e "2,3d" -e "s:__cc__:cc:" Configur \
	| /bin/sh > config.h; \
elif make -f Makefile.tmp expfunc; then \
	sed -e "2,3d" -e "s:__cc__:cc:" Configur \
	| ./expfunc | /bin/sh > config.h; \
fi
Checking for tar(1)...
ok
Checking for K&R C...
ok
Checking for ANSI C...
ok
Checking for cpp(1)...
ok
Checking for NON-int argument...
ok
Checking for -ltermlib...
ng
Checking for -lncurses...
ok
Checking for socket()...
ok
Checking for inet_ntoa()...
ok
Checking for getmntent()...
ok
Checking for getmntinfo_r()...
ng
Checking for -lc_r...
ng
Checking for __FILE__...
ok
Checking for __FUNCTION__...
ok
Checking for __LINE__...
ok
Checking for "__STDC__"...
ng
Checking for "const int"...
ok
Checking for "void *"...
ok
Checking for "u_int"...
ng
Checking for "long long"...
ok
Checking for "uid_t" in <sys/types.h>...
ok
Checking for "pid_t" in <sys/types.h>...
ok
Checking for sys_siglist[0]...
ok
Checking for sys_errlist[0]...
ok
Checking for errno...
ok
Checking for "S_IRUSR,S_IWGRP,S_IXOTH" in <sys/stat.h>...
ok
Checking for <unistd.h>...
ok
Checking for <stdlib.h>...
ok
Checking for <tzfile.h>...
ng
Checking for "fd_set"...
ok
Checking for "fd_set"...
ok
Checking for "DEV_BSIZE" in <sys/param.h>...
ok
Checking for "struct tm"...
ok
Checking for "struct tm"...
ng
Checking for "va_list"...
ok
Checking for major()...
ok
Checking for <sgtty.h>...
ok
Checking for "TIOCFLUSH" in <sgtty.h>...
ok
Checking for <termios.h>...
ok
Checking for t.c_line...
ok
Checking for <dirent.h>...
ok
Checking for d.d_ino...
ok
Checking for d.d_fileno...
ok
Checking for d.d_namlen...
ng
Checking for d.d_fd...
ng
Checking for "d.d_name" in <sys/types.h> <dirent.h>...
ng
Checking for "extern.*[^a-zA-Z0-9_]timezone[^a-zA-Z0-9_]" in <sys/time.h>...
ng
Checking for "extern.*[^a-zA-Z0-9_]timezone[^a-zA-Z0-9_]" in <time.h>...
ok
Checking for timezone...
ok
Checking for t.tm_gmtoff...
ng
Checking for t.tm_gmtoff...
ok
Checking for s.st_blksize...
ok
Checking for <arpa/ftp.h>...
ok
Checking for <netinet/in_systm.h>...
ok
Checking for h.h_addr_list...
ok
Checking for "struct.*[^a-zA-Z0-9_]fs_data[^a-zA-Z0-9_]" in <sys/mount.h>...
ng
Checking for "struct.*[^a-zA-Z0-9_]statfs[^a-zA-Z0-9_]" in <sys/vfs.h>...
ok
Checking for getmntent()...
ok
Checking for re_comp()...
ok
Checking for rand48()...
ng
Checking for setenv()...
ok
Checking for select()...
ok
Checking for vsprintf()...
ng
Checking for vsprintf()...
ok
Checking for ospeed...
ok
Checking for BC...
ok
Checking for utimes()...
ok
Checking for getcwd()...
ok
Checking for "[^a-zA-Z0-9_]ioctl([^,]*, *unsigned long *,.*) *;" in <sys/ioctl.h>...
ng
Checking for ftruncate()...
ok
Checking for fcntl(F_SETLKW)...
ok
Checking for syslog()...
ok
Checking for mktime()...
ok
Checking for sysconf()...
ok
Checking for _llseek()...
ng
Checking for gethostname()...
ok
Checking for killpg()...
ok
Checking for waitpid()...
ok
Checking for sigaction()...
ok
Checking for sigprocmask()...
ok
Checking for getrlimit()...
ok
Checking for setrlimit()...
ok
Checking for getrusage()...
ok
Checking for getpgrp()...
ng
Checking for getpgrp()...
ok
Checking for setpgid()...
ok
Checking for setvbuf()...
ok
Checking for "int.*[^a-zA-Z0-9_]signal[^a-zA-Z0-9_]" in <signal.h>...
ng
Checking for "[^a-zA-Z0-9_]signal([^a-zA-Z0-9_].*\(|\()[ (]*int[ ),].*\) *;" in <signal.h>...
ng
Checking for strerror()...
ok
Checking for gettimeofday()...
ok
Checking for setsid()...
ok
Checking for getpass()...
ok
Checking for "socklen_t" in <sys/types.h> <sys/socket.h>...
ok
Checking for mmap()...
ok
Checking for inet_aton()...
ok
Checking for getpwent()...
ok
Checking for getgrent()...
ok
Checking for seteuid()...
ok
Checking for setegid()...
ok
Checking for getgroups()...
ok
make[3]: Leaving directory '/<<PKGBUILDDIR>>'
make[2]: Leaving directory '/<<PKGBUILDDIR>>'
make[1]: Leaving directory '/<<PKGBUILDDIR>>'
   debian/rules override_dh_auto_build
make[1]: Entering directory '/<<PKGBUILDDIR>>'
/usr/bin/make CFLAGS="-g -O2 -fdebug-prefix-map=/<<PKGBUILDDIR>>=. -fstack-protector-strong -Wformat -Werror=format-security -Wall" CPPFLAGS="-Wdate-time -D_FORTIFY_SOURCE=2" LDFLAGS="-Wl,-z,relro" PREFIX=/usr CONFDIR=/etc/fdclone
make[2]: Entering directory '/<<PKGBUILDDIR>>'
cc   -DPREFIX='"'/usr'"' -DCONFDIR='"'/etc/fdclone'"' -DDICTSRC='"''''"' -DFD=3 -DCCCOMMAND='"'cc'"' -DHOSTCCCOMMAND='"'cc'"' -DCFLAGS='"''-g -O2 -fdebug-prefix-map=/<<PKGBUILDDIR>>=. -fstack-protector-strong -Wformat -Werror=format-security -Wall''"' -DHOSTCFLAGS='"''''"' -DCPPFLAGS='"''-Wdate-time -D_FORTIFY_SOURCE=2''"' -DHOSTCPPFLAGS='"''''"' -DLDFLAGS='"''-Wl,-z,relro''"' -DHOSTLDFLAGS='"''''"' -o mkmfsed mkmfsed.c
./mkmfsed > mkmf.sed
sed -f mkmf.sed Makefile.in > Makefile.tmp || \
(rm -f Makefile.tmp; exit 1)
make -f Makefile.tmp
make[3]: Entering directory '/<<PKGBUILDDIR>>'
cc -DLINUX=1 -DLLVM=1 -O -D_FILE_OFFSET_BITS=64  -g -O2 -fdebug-prefix-map=/<<PKGBUILDDIR>>=. -fstack-protector-strong -Wformat -Werror=format-security -Wall -Wno-attributes -Wno-empty-body -Wdate-time -D_FORTIFY_SOURCE=2 -c -o mkkanji.o mkkanji.c
cc -DLINUX=1 -DLLVM=1 -O -D_FILE_OFFSET_BITS=64  -g -O2 -fdebug-prefix-map=/<<PKGBUILDDIR>>=. -fstack-protector-strong -Wformat -Werror=format-security -Wall -Wno-attributes -Wno-empty-body -Wl,-z,relro -o mkkanji mkkanji.o
cc -DLINUX=1 -DLLVM=1 -O -D_FILE_OFFSET_BITS=64  -g -O2 -fdebug-prefix-map=/<<PKGBUILDDIR>>=. -fstack-protector-strong -Wformat -Werror=format-security -Wall -Wno-attributes -Wno-empty-body -Wdate-time -D_FORTIFY_SOURCE=2 -DWITHUTF8=2 -c -o kanjicnv.o kanjicnv.c
cc -DLINUX=1 -DLLVM=1 -O -D_FILE_OFFSET_BITS=64  -g -O2 -fdebug-prefix-map=/<<PKGBUILDDIR>>=. -fstack-protector-strong -Wformat -Werror=format-security -Wall -Wno-attributes -Wno-empty-body -Wdate-time -D_FORTIFY_SOURCE=2 -c -o tevalopt.o evalopt.c
cc -DLINUX=1 -DLLVM=1 -O -D_FILE_OFFSET_BITS=64  -g -O2 -fdebug-prefix-map=/<<PKGBUILDDIR>>=. -fstack-protector-strong -Wformat -Werror=format-security -Wall -Wno-attributes -Wno-empty-body -Wdate-time -D_FORTIFY_SOURCE=2 -c -o mkunitbl.o mkunitbl.c
cc -DLINUX=1 -DLLVM=1 -O -D_FILE_OFFSET_BITS=64  -g -O2 -fdebug-prefix-map=/<<PKGBUILDDIR>>=. -fstack-protector-strong -Wformat -Werror=format-security -Wall -Wno-attributes -Wno-empty-body -Wdate-time -D_FORTIFY_SOURCE=2 -c -o tgentbl.o gentbl.c
cc -DLINUX=1 -DLLVM=1 -O -D_FILE_OFFSET_BITS=64  -g -O2 -fdebug-prefix-map=/<<PKGBUILDDIR>>=. -fstack-protector-strong -Wformat -Werror=format-security -Wall -Wno-attributes -Wno-empty-body -Wl,-z,relro -o mkunitbl mkunitbl.o tevalopt.o tgentbl.o
tevalopt.o: In function `__sigaddset':
/usr/include/x86_64-linux-gnu/bits/sigset.h:117: multiple definition of `__sigaddset'
mkunitbl.o:/usr/include/x86_64-linux-gnu/bits/sigset.h:117: first defined here
tevalopt.o: In function `__sigdelset':
/usr/include/x86_64-linux-gnu/bits/sigset.h:118: multiple definition of `__sigdelset'
mkunitbl.o:/usr/include/x86_64-linux-gnu/bits/sigset.h:118: first defined here
tevalopt.o: In function `__sigismember':
/usr/include/x86_64-linux-gnu/bits/sigset.h:116: multiple definition of `__sigismember'
mkunitbl.o:/usr/include/x86_64-linux-gnu/bits/sigset.h:116: first defined here
tevalopt.o: In function `__strsep_1c':
/usr/include/x86_64-linux-gnu/bits/string2.h:246: multiple definition of `__strsep_1c'
mkunitbl.o:/usr/include/x86_64-linux-gnu/bits/string2.h:246: first defined here
tevalopt.o: In function `__strsep_2c':
/usr/include/x86_64-linux-gnu/bits/string2.h:257: multiple definition of `__strsep_2c'
mkunitbl.o:/usr/include/x86_64-linux-gnu/bits/string2.h:257: first defined here
tevalopt.o: In function `__strsep_3c':
/usr/include/x86_64-linux-gnu/bits/string2.h:285: multiple definition of `__strsep_3c'
mkunitbl.o:/usr/include/x86_64-linux-gnu/bits/string2.h:285: first defined here
tevalopt.o: In function `__strtok_r_1c':
/usr/include/x86_64-linux-gnu/bits/string2.h:198: multiple definition of `__strtok_r_1c'
mkunitbl.o:/usr/include/x86_64-linux-gnu/bits/string2.h:198: first defined here
tevalopt.o: In function `atof':
/usr/include/x86_64-linux-gnu/bits/stdlib-float.h:28: multiple definition of `atof'
mkunitbl.o:/usr/include/x86_64-linux-gnu/bits/stdlib-float.h:28: first defined here
tevalopt.o: In function `atoi':
/usr/include/stdlib.h:241: multiple definition of `atoi'
mkunitbl.o:/usr/include/stdlib.h:241: first defined here
tevalopt.o: In function `atol':
/usr/include/stdlib.h:246: multiple definition of `atol'
mkunitbl.o:/usr/include/stdlib.h:246: first defined here
tevalopt.o: In function `atoll':
/usr/include/stdlib.h:255: multiple definition of `atoll'
mkunitbl.o:/usr/include/stdlib.h:255: first defined here
tevalopt.o: In function `bcopy':
/usr/include/x86_64-linux-gnu/bits/string3.h:96: multiple definition of `bcopy'
mkunitbl.o:/usr/include/x86_64-linux-gnu/bits/string3.h:96: first defined here
tevalopt.o: In function `bsearch':
/usr/include/x86_64-linux-gnu/bits/stdlib-bsearch.h:22: multiple definition of `bsearch'
mkunitbl.o:/usr/include/x86_64-linux-gnu/bits/stdlib-bsearch.h:22: first defined here
tevalopt.o: In function `bzero':
/usr/include/x86_64-linux-gnu/bits/string3.h:102: multiple definition of `bzero'
mkunitbl.o:/usr/include/x86_64-linux-gnu/bits/string3.h:102: first defined here
tevalopt.o: In function `confstr':
/usr/include/x86_64-linux-gnu/bits/unistd.h:242: multiple definition of `confstr'
mkunitbl.o:/usr/include/x86_64-linux-gnu/bits/unistd.h:242: first defined here
tevalopt.o: In function `feof_unlocked':
/usr/include/x86_64-linux-gnu/bits/stdio.h:127: multiple definition of `feof_unlocked'
mkunitbl.o:/usr/include/x86_64-linux-gnu/bits/stdio.h:127: first defined here
tevalopt.o: In function `ferror_unlocked':
/usr/include/x86_64-linux-gnu/bits/stdio.h:134: multiple definition of `ferror_unlocked'
mkunitbl.o:/usr/include/x86_64-linux-gnu/bits/stdio.h:134: first defined here
tevalopt.o: In function `fgetc_unlocked':
/usr/include/x86_64-linux-gnu/bits/stdio.h:55: multiple definition of `fgetc_unlocked'
mkunitbl.o:/usr/include/x86_64-linux-gnu/bits/stdio.h:55: first defined here
tevalopt.o: In function `fgets':
/usr/include/x86_64-linux-gnu/bits/stdio2.h:255: multiple definition of `fgets'
mkunitbl.o:/usr/include/x86_64-linux-gnu/bits/stdio2.h:255: first defined here
tevalopt.o: In function `fputc_unlocked':
/usr/include/x86_64-linux-gnu/bits/stdio.h:90: multiple definition of `fputc_unlocked'
mkunitbl.o:/usr/include/x86_64-linux-gnu/bits/stdio.h:90: first defined here
tevalopt.o: In function `fread':
/usr/include/x86_64-linux-gnu/bits/stdio2.h:285: multiple definition of `fread'
mkunitbl.o:/usr/include/x86_64-linux-gnu/bits/stdio2.h:285: first defined here
tevalopt.o: In function `fread_unlocked':
/usr/include/x86_64-linux-gnu/bits/stdio2.h:346: multiple definition of `fread_unlocked'
mkunitbl.o:/usr/include/x86_64-linux-gnu/bits/stdio2.h:346: first defined here
tevalopt.o: In function `fstat64':
/usr/include/x86_64-linux-gnu/sys/stat.h:467: multiple definition of `fstat64'
mkunitbl.o:/usr/include/x86_64-linux-gnu/sys/stat.h:467: first defined here
tevalopt.o: In function `fstatat64':
/usr/include/x86_64-linux-gnu/sys/stat.h:475: multiple definition of `fstatat64'
mkunitbl.o:/usr/include/x86_64-linux-gnu/sys/stat.h:475: first defined here
tevalopt.o: In function `getc_unlocked':
/usr/include/x86_64-linux-gnu/bits/stdio.h:65: multiple definition of `getc_unlocked'
mkunitbl.o:/usr/include/x86_64-linux-gnu/bits/stdio.h:65: first defined here
tevalopt.o: In function `getchar':
/usr/include/x86_64-linux-gnu/bits/stdio.h:46: multiple definition of `getchar'
mkunitbl.o:/usr/include/x86_64-linux-gnu/bits/stdio.h:46: first defined here
tevalopt.o: In function `getchar_unlocked':
/usr/include/x86_64-linux-gnu/bits/stdio.h:72: multiple definition of `getchar_unlocked'
mkunitbl.o:/usr/include/x86_64-linux-gnu/bits/stdio.h:72: first defined here
tevalopt.o: In function `getcwd':
/usr/include/x86_64-linux-gnu/bits/unistd.h:202: multiple definition of `getcwd'
mkunitbl.o:/usr/include/x86_64-linux-gnu/bits/unistd.h:202: first defined here
tevalopt.o: In function `getdomainname':
/usr/include/x86_64-linux-gnu/bits/unistd.h:375: multiple definition of `getdomainname'
mkunitbl.o:/usr/include/x86_64-linux-gnu/bits/unistd.h:375: first defined here
tevalopt.o: In function `getgroups':
/usr/include/x86_64-linux-gnu/bits/unistd.h:267: multiple definition of `getgroups'
mkunitbl.o:/usr/include/x86_64-linux-gnu/bits/unistd.h:267: first defined here
tevalopt.o: In function `gethostname':
/usr/include/x86_64-linux-gnu/bits/unistd.h:346: multiple definition of `gethostname'
mkunitbl.o:/usr/include/x86_64-linux-gnu/bits/unistd.h:346: first defined here
tevalopt.o: In function `getlogin_r':
/usr/include/x86_64-linux-gnu/bits/unistd.h:319: multiple definition of `getlogin_r'
mkunitbl.o:/usr/include/x86_64-linux-gnu/bits/unistd.h:319: first defined here
tevalopt.o: In function `getwd':
/usr/include/x86_64-linux-gnu/bits/unistd.h:223: multiple definition of `getwd'
mkunitbl.o:/usr/include/x86_64-linux-gnu/bits/unistd.h:223: first defined here
tevalopt.o: In function `gnu_dev_major':
/usr/include/x86_64-linux-gnu/sys/sysmacros.h:41: multiple definition of `gnu_dev_major'
mkunitbl.o:/usr/include/x86_64-linux-gnu/sys/sysmacros.h:41: first defined here
tevalopt.o: In function `gnu_dev_makedev':
/usr/include/x86_64-linux-gnu/sys/sysmacros.h:53: multiple definition of `gnu_dev_makedev'
mkunitbl.o:/usr/include/x86_64-linux-gnu/sys/sysmacros.h:53: first defined here
tevalopt.o: In function `gnu_dev_minor':
/usr/include/x86_64-linux-gnu/sys/sysmacros.h:47: multiple definition of `gnu_dev_minor'
mkunitbl.o:/usr/include/x86_64-linux-gnu/sys/sysmacros.h:47: first defined here
tevalopt.o: In function `lstat64':
/usr/include/x86_64-linux-gnu/sys/stat.h:460: multiple definition of `lstat64'
mkunitbl.o:/usr/include/x86_64-linux-gnu/sys/stat.h:460: first defined here
tevalopt.o: In function `mbstowcs':
/usr/include/x86_64-linux-gnu/bits/stdlib.h:116: multiple definition of `mbstowcs'
mkunitbl.o:/usr/include/x86_64-linux-gnu/bits/stdlib.h:116: first defined here
tevalopt.o: In function `memcpy':
/usr/include/x86_64-linux-gnu/bits/string3.h:52: multiple definition of `memcpy'
mkunitbl.o:/usr/include/x86_64-linux-gnu/bits/string3.h:52: first defined here
tevalopt.o: In function `memmove':
/usr/include/x86_64-linux-gnu/bits/string3.h:58: multiple definition of `memmove'
mkunitbl.o:/usr/include/x86_64-linux-gnu/bits/string3.h:58: first defined here
tevalopt.o: In function `memset':
/usr/include/x86_64-linux-gnu/bits/string3.h:79: multiple definition of `memset'
mkunitbl.o:/usr/include/x86_64-linux-gnu/bits/string3.h:79: first defined here
tevalopt.o: In function `mknod':
/usr/include/x86_64-linux-gnu/sys/stat.h:483: multiple definition of `mknod'
mkunitbl.o:/usr/include/x86_64-linux-gnu/sys/stat.h:483: first defined here
tevalopt.o: In function `mknodat':
/usr/include/x86_64-linux-gnu/sys/stat.h:492: multiple definition of `mknodat'
mkunitbl.o:/usr/include/x86_64-linux-gnu/sys/stat.h:492: first defined here
tevalopt.o: In function `ptsname_r':
/usr/include/x86_64-linux-gnu/bits/stdlib.h:66: multiple definition of `ptsname_r'
mkunitbl.o:/usr/include/x86_64-linux-gnu/bits/stdlib.h:66: first defined here
tevalopt.o: In function `putc_unlocked':
/usr/include/x86_64-linux-gnu/bits/stdio.h:100: multiple definition of `putc_unlocked'
mkunitbl.o:/usr/include/x86_64-linux-gnu/bits/stdio.h:100: first defined here
tevalopt.o: In function `putchar':
/usr/include/x86_64-linux-gnu/bits/stdio.h:81: multiple definition of `putchar'
mkunitbl.o:/usr/include/x86_64-linux-gnu/bits/stdio.h:81: first defined here
tevalopt.o: In function `putchar_unlocked':
/usr/include/x86_64-linux-gnu/bits/stdio.h:107: multiple definition of `putchar_unlocked'
mkunitbl.o:/usr/include/x86_64-linux-gnu/bits/stdio.h:107: first defined here
tevalopt.o: In function `read':
/usr/include/x86_64-linux-gnu/bits/unistd.h:36: multiple definition of `read'
mkunitbl.o:/usr/include/x86_64-linux-gnu/bits/unistd.h:36: first defined here
tevalopt.o: In function `readlink':
/usr/include/x86_64-linux-gnu/bits/unistd.h:142: multiple definition of `readlink'
mkunitbl.o:/usr/include/x86_64-linux-gnu/bits/unistd.h:142: first defined here
tevalopt.o: In function `readlinkat':
/usr/include/x86_64-linux-gnu/bits/unistd.h:176: multiple definition of `readlinkat'
mkunitbl.o:/usr/include/x86_64-linux-gnu/bits/unistd.h:176: first defined here
tevalopt.o: In function `realpath':
/usr/include/x86_64-linux-gnu/bits/stdlib.h:39: multiple definition of `realpath'
mkunitbl.o:/usr/include/x86_64-linux-gnu/bits/stdlib.h:39: first defined here
tevalopt.o: In function `stat64':
/usr/include/x86_64-linux-gnu/sys/stat.h:453: multiple definition of `stat64'
mkunitbl.o:/usr/include/x86_64-linux-gnu/sys/stat.h:453: first defined here
tevalopt.o: In function `stpncpy':
/usr/include/x86_64-linux-gnu/bits/string3.h:138: multiple definition of `stpncpy'
mkunitbl.o:/usr/include/x86_64-linux-gnu/bits/string3.h:138: first defined here
tevalopt.o: In function `strcat':
/usr/include/x86_64-linux-gnu/bits/string3.h:148: multiple definition of `strcat'
mkunitbl.o:/usr/include/x86_64-linux-gnu/bits/string3.h:148: first defined here
tevalopt.o: In function `strcpy':
/usr/include/x86_64-linux-gnu/bits/string3.h:110: multiple definition of `strcpy'
mkunitbl.o:/usr/include/x86_64-linux-gnu/bits/string3.h:110: first defined here
tevalopt.o: In function `strncat':
/usr/include/x86_64-linux-gnu/bits/string3.h:156: multiple definition of `strncat'
mkunitbl.o:/usr/include/x86_64-linux-gnu/bits/string3.h:156: first defined here
tevalopt.o: In function `strncpy':
/usr/include/x86_64-linux-gnu/bits/string3.h:126: multiple definition of `strncpy'
mkunitbl.o:/usr/include/x86_64-linux-gnu/bits/string3.h:126: first defined here
tevalopt.o: In function `ttyname_r':
/usr/include/x86_64-linux-gnu/bits/unistd.h:293: multiple definition of `ttyname_r'
mkunitbl.o:/usr/include/x86_64-linux-gnu/bits/unistd.h:293: first defined here
tevalopt.o: In function `vdprintf':
/usr/include/x86_64-linux-gnu/bits/stdio2.h:151: multiple definition of `vdprintf'
mkunitbl.o:/usr/include/x86_64-linux-gnu/bits/stdio2.h:151: first defined here
tevalopt.o: In function `vfprintf':
/usr/include/x86_64-linux-gnu/bits/stdio2.h:126: multiple definition of `vfprintf'
mkunitbl.o:/usr/include/x86_64-linux-gnu/bits/stdio2.h:126: first defined here
tevalopt.o: In function `vprintf':
/usr/include/x86_64-linux-gnu/bits/stdio2.h:115: multiple definition of `vprintf'
mkunitbl.o:/usr/include/x86_64-linux-gnu/bits/stdio2.h:115: first defined here
tevalopt.o: In function `vsnprintf':
/usr/include/x86_64-linux-gnu/bits/stdio2.h:76: multiple definition of `vsnprintf'
mkunitbl.o:/usr/include/x86_64-linux-gnu/bits/stdio2.h:76: first defined here
tevalopt.o: In function `vsprintf':
/usr/include/x86_64-linux-gnu/bits/stdio2.h:45: multiple definition of `vsprintf'
mkunitbl.o:/usr/include/x86_64-linux-gnu/bits/stdio2.h:45: first defined here
tevalopt.o: In function `wcstombs':
/usr/include/x86_64-linux-gnu/bits/stdlib.h:147: multiple definition of `wcstombs'
mkunitbl.o:/usr/include/x86_64-linux-gnu/bits/stdlib.h:147: first defined here
tevalopt.o: In function `wctomb':
/usr/include/x86_64-linux-gnu/bits/stdlib.h:92: multiple definition of `wctomb'
mkunitbl.o:/usr/include/x86_64-linux-gnu/bits/stdlib.h:92: first defined here
tgentbl.o: In function `__sigaddset':
/usr/include/x86_64-linux-gnu/bits/sigset.h:117: multiple definition of `__sigaddset'
mkunitbl.o:/usr/include/x86_64-linux-gnu/bits/sigset.h:117: first defined here
tgentbl.o: In function `__sigdelset':
/usr/include/x86_64-linux-gnu/bits/sigset.h:118: multiple definition of `__sigdelset'
mkunitbl.o:/usr/include/x86_64-linux-gnu/bits/sigset.h:118: first defined here
tgentbl.o: In function `__sigismember':
/usr/include/x86_64-linux-gnu/bits/sigset.h:116: multiple definition of `__sigismember'
mkunitbl.o:/usr/include/x86_64-linux-gnu/bits/sigset.h:116: first defined here
tgentbl.o: In function `__strsep_1c':
/usr/include/x86_64-linux-gnu/bits/string2.h:246: multiple definition of `__strsep_1c'
mkunitbl.o:/usr/include/x86_64-linux-gnu/bits/string2.h:246: first defined here
tgentbl.o: In function `__strsep_2c':
/usr/include/x86_64-linux-gnu/bits/string2.h:257: multiple definition of `__strsep_2c'
mkunitbl.o:/usr/include/x86_64-linux-gnu/bits/string2.h:257: first defined here
tgentbl.o: In function `__strsep_3c':
/usr/include/x86_64-linux-gnu/bits/string2.h:285: multiple definition of `__strsep_3c'
mkunitbl.o:/usr/include/x86_64-linux-gnu/bits/string2.h:285: first defined here
tgentbl.o: In function `__strtok_r_1c':
/usr/include/x86_64-linux-gnu/bits/string2.h:198: multiple definition of `__strtok_r_1c'
mkunitbl.o:/usr/include/x86_64-linux-gnu/bits/string2.h:198: first defined here
tgentbl.o: In function `atof':
/usr/include/x86_64-linux-gnu/bits/stdlib-float.h:28: multiple definition of `atof'
mkunitbl.o:/usr/include/x86_64-linux-gnu/bits/stdlib-float.h:28: first defined here
tgentbl.o: In function `atoi':
/usr/include/stdlib.h:241: multiple definition of `atoi'
mkunitbl.o:/usr/include/stdlib.h:241: first defined here
tgentbl.o: In function `atol':
/usr/include/stdlib.h:246: multiple definition of `atol'
mkunitbl.o:/usr/include/stdlib.h:246: first defined here
tgentbl.o: In function `atoll':
/usr/include/stdlib.h:255: multiple definition of `atoll'
mkunitbl.o:/usr/include/stdlib.h:255: first defined here
tgentbl.o: In function `bcopy':
/usr/include/x86_64-linux-gnu/bits/string3.h:96: multiple definition of `bcopy'
mkunitbl.o:/usr/include/x86_64-linux-gnu/bits/string3.h:96: first defined here
tgentbl.o: In function `bsearch':
/usr/include/x86_64-linux-gnu/bits/stdlib-bsearch.h:22: multiple definition of `bsearch'
mkunitbl.o:/usr/include/x86_64-linux-gnu/bits/stdlib-bsearch.h:22: first defined here
tgentbl.o: In function `bzero':
/usr/include/x86_64-linux-gnu/bits/string3.h:102: multiple definition of `bzero'
mkunitbl.o:/usr/include/x86_64-linux-gnu/bits/string3.h:102: first defined here
tgentbl.o: In function `confstr':
/usr/include/x86_64-linux-gnu/bits/unistd.h:242: multiple definition of `confstr'
mkunitbl.o:/usr/include/x86_64-linux-gnu/bits/unistd.h:242: first defined here
tgentbl.o: In function `feof_unlocked':
/usr/include/x86_64-linux-gnu/bits/stdio.h:127: multiple definition of `feof_unlocked'
mkunitbl.o:/usr/include/x86_64-linux-gnu/bits/stdio.h:127: first defined here
tgentbl.o: In function `ferror_unlocked':
/usr/include/x86_64-linux-gnu/bits/stdio.h:134: multiple definition of `ferror_unlocked'
mkunitbl.o:/usr/include/x86_64-linux-gnu/bits/stdio.h:134: first defined here
tgentbl.o: In function `fgetc_unlocked':
/usr/include/x86_64-linux-gnu/bits/stdio.h:55: multiple definition of `fgetc_unlocked'
mkunitbl.o:/usr/include/x86_64-linux-gnu/bits/stdio.h:55: first defined here
tgentbl.o: In function `fgets':
/usr/include/x86_64-linux-gnu/bits/stdio2.h:255: multiple definition of `fgets'
mkunitbl.o:/usr/include/x86_64-linux-gnu/bits/stdio2.h:255: first defined here
tgentbl.o: In function `fputc_unlocked':
/usr/include/x86_64-linux-gnu/bits/stdio.h:90: multiple definition of `fputc_unlocked'
mkunitbl.o:/usr/include/x86_64-linux-gnu/bits/stdio.h:90: first defined here
tgentbl.o: In function `fread':
/usr/include/x86_64-linux-gnu/bits/stdio2.h:285: multiple definition of `fread'
mkunitbl.o:/usr/include/x86_64-linux-gnu/bits/stdio2.h:285: first defined here
tgentbl.o: In function `fread_unlocked':
/usr/include/x86_64-linux-gnu/bits/stdio2.h:346: multiple definition of `fread_unlocked'
mkunitbl.o:/usr/include/x86_64-linux-gnu/bits/stdio2.h:346: first defined here
tgentbl.o: In function `fstat64':
/usr/include/x86_64-linux-gnu/sys/stat.h:467: multiple definition of `fstat64'
mkunitbl.o:/usr/include/x86_64-linux-gnu/sys/stat.h:467: first defined here
tgentbl.o: In function `fstatat64':
/usr/include/x86_64-linux-gnu/sys/stat.h:475: multiple definition of `fstatat64'
mkunitbl.o:/usr/include/x86_64-linux-gnu/sys/stat.h:475: first defined here
tgentbl.o: In function `getc_unlocked':
/usr/include/x86_64-linux-gnu/bits/stdio.h:65: multiple definition of `getc_unlocked'
mkunitbl.o:/usr/include/x86_64-linux-gnu/bits/stdio.h:65: first defined here
tgentbl.o: In function `getchar':
/usr/include/x86_64-linux-gnu/bits/stdio.h:46: multiple definition of `getchar'
mkunitbl.o:/usr/include/x86_64-linux-gnu/bits/stdio.h:46: first defined here
tgentbl.o: In function `getchar_unlocked':
/usr/include/x86_64-linux-gnu/bits/stdio.h:72: multiple definition of `getchar_unlocked'
mkunitbl.o:/usr/include/x86_64-linux-gnu/bits/stdio.h:72: first defined here
tgentbl.o: In function `getcwd':
/usr/include/x86_64-linux-gnu/bits/unistd.h:202: multiple definition of `getcwd'
mkunitbl.o:/usr/include/x86_64-linux-gnu/bits/unistd.h:202: first defined here
tgentbl.o: In function `getdomainname':
/usr/include/x86_64-linux-gnu/bits/unistd.h:375: multiple definition of `getdomainname'
mkunitbl.o:/usr/include/x86_64-linux-gnu/bits/unistd.h:375: first defined here
tgentbl.o: In function `getgroups':
/usr/include/x86_64-linux-gnu/bits/unistd.h:267: multiple definition of `getgroups'
mkunitbl.o:/usr/include/x86_64-linux-gnu/bits/unistd.h:267: first defined here
tgentbl.o: In function `gethostname':
/usr/include/x86_64-linux-gnu/bits/unistd.h:346: multiple definition of `gethostname'
mkunitbl.o:/usr/include/x86_64-linux-gnu/bits/unistd.h:346: first defined here
tgentbl.o: In function `getlogin_r':
/usr/include/x86_64-linux-gnu/bits/unistd.h:319: multiple definition of `getlogin_r'
mkunitbl.o:/usr/include/x86_64-linux-gnu/bits/unistd.h:319: first defined here
tgentbl.o: In function `getwd':
/usr/include/x86_64-linux-gnu/bits/unistd.h:223: multiple definition of `getwd'
mkunitbl.o:/usr/include/x86_64-linux-gnu/bits/unistd.h:223: first defined here
tgentbl.o: In function `gnu_dev_major':
/usr/include/x86_64-linux-gnu/sys/sysmacros.h:41: multiple definition of `gnu_dev_major'
mkunitbl.o:/usr/include/x86_64-linux-gnu/sys/sysmacros.h:41: first defined here
tgentbl.o: In function `gnu_dev_makedev':
/usr/include/x86_64-linux-gnu/sys/sysmacros.h:53: multiple definition of `gnu_dev_makedev'
mkunitbl.o:/usr/include/x86_64-linux-gnu/sys/sysmacros.h:53: first defined here
tgentbl.o: In function `gnu_dev_minor':
/usr/include/x86_64-linux-gnu/sys/sysmacros.h:47: multiple definition of `gnu_dev_minor'
mkunitbl.o:/usr/include/x86_64-linux-gnu/sys/sysmacros.h:47: first defined here
tgentbl.o: In function `lstat64':
/usr/include/x86_64-linux-gnu/sys/stat.h:460: multiple definition of `lstat64'
mkunitbl.o:/usr/include/x86_64-linux-gnu/sys/stat.h:460: first defined here
tgentbl.o: In function `mbstowcs':
/usr/include/x86_64-linux-gnu/bits/stdlib.h:116: multiple definition of `mbstowcs'
mkunitbl.o:/usr/include/x86_64-linux-gnu/bits/stdlib.h:116: first defined here
tgentbl.o: In function `memcpy':
/usr/include/x86_64-linux-gnu/bits/string3.h:52: multiple definition of `memcpy'
mkunitbl.o:/usr/include/x86_64-linux-gnu/bits/string3.h:52: first defined here
tgentbl.o: In function `memmove':
/usr/include/x86_64-linux-gnu/bits/string3.h:58: multiple definition of `memmove'
mkunitbl.o:/usr/include/x86_64-linux-gnu/bits/string3.h:58: first defined here
tgentbl.o: In function `memset':
/usr/include/x86_64-linux-gnu/bits/string3.h:79: multiple definition of `memset'
mkunitbl.o:/usr/include/x86_64-linux-gnu/bits/string3.h:79: first defined here
tgentbl.o: In function `mknod':
/usr/include/x86_64-linux-gnu/sys/stat.h:483: multiple definition of `mknod'
mkunitbl.o:/usr/include/x86_64-linux-gnu/sys/stat.h:483: first defined here
tgentbl.o: In function `mknodat':
/usr/include/x86_64-linux-gnu/sys/stat.h:492: multiple definition of `mknodat'
mkunitbl.o:/usr/include/x86_64-linux-gnu/sys/stat.h:492: first defined here
tgentbl.o: In function `ptsname_r':
/usr/include/x86_64-linux-gnu/bits/stdlib.h:66: multiple definition of `ptsname_r'
mkunitbl.o:/usr/include/x86_64-linux-gnu/bits/stdlib.h:66: first defined here
tgentbl.o: In function `putc_unlocked':
/usr/include/x86_64-linux-gnu/bits/stdio.h:100: multiple definition of `putc_unlocked'
mkunitbl.o:/usr/include/x86_64-linux-gnu/bits/stdio.h:100: first defined here
tgentbl.o: In function `putchar':
/usr/include/x86_64-linux-gnu/bits/stdio.h:81: multiple definition of `putchar'
mkunitbl.o:/usr/include/x86_64-linux-gnu/bits/stdio.h:81: first defined here
tgentbl.o: In function `putchar_unlocked':
/usr/include/x86_64-linux-gnu/bits/stdio.h:107: multiple definition of `putchar_unlocked'
mkunitbl.o:/usr/include/x86_64-linux-gnu/bits/stdio.h:107: first defined here
tgentbl.o: In function `read':
/usr/include/x86_64-linux-gnu/bits/unistd.h:36: multiple definition of `read'
mkunitbl.o:/usr/include/x86_64-linux-gnu/bits/unistd.h:36: first defined here
tgentbl.o: In function `readlink':
/usr/include/x86_64-linux-gnu/bits/unistd.h:142: multiple definition of `readlink'
mkunitbl.o:/usr/include/x86_64-linux-gnu/bits/unistd.h:142: first defined here
tgentbl.o: In function `readlinkat':
/usr/include/x86_64-linux-gnu/bits/unistd.h:176: multiple definition of `readlinkat'
mkunitbl.o:/usr/include/x86_64-linux-gnu/bits/unistd.h:176: first defined here
tgentbl.o: In function `realpath':
/usr/include/x86_64-linux-gnu/bits/stdlib.h:39: multiple definition of `realpath'
mkunitbl.o:/usr/include/x86_64-linux-gnu/bits/stdlib.h:39: first defined here
tgentbl.o: In function `stat64':
/usr/include/x86_64-linux-gnu/sys/stat.h:453: multiple definition of `stat64'
mkunitbl.o:/usr/include/x86_64-linux-gnu/sys/stat.h:453: first defined here
tgentbl.o: In function `stpncpy':
/usr/include/x86_64-linux-gnu/bits/string3.h:138: multiple definition of `stpncpy'
mkunitbl.o:/usr/include/x86_64-linux-gnu/bits/string3.h:138: first defined here
tgentbl.o: In function `strcat':
/usr/include/x86_64-linux-gnu/bits/string3.h:148: multiple definition of `strcat'
mkunitbl.o:/usr/include/x86_64-linux-gnu/bits/string3.h:148: first defined here
tgentbl.o: In function `strcpy':
/usr/include/x86_64-linux-gnu/bits/string3.h:110: multiple definition of `strcpy'
mkunitbl.o:/usr/include/x86_64-linux-gnu/bits/string3.h:110: first defined here
tgentbl.o: In function `strncat':
/usr/include/x86_64-linux-gnu/bits/string3.h:156: multiple definition of `strncat'
mkunitbl.o:/usr/include/x86_64-linux-gnu/bits/string3.h:156: first defined here
tgentbl.o: In function `strncpy':
/usr/include/x86_64-linux-gnu/bits/string3.h:126: multiple definition of `strncpy'
mkunitbl.o:/usr/include/x86_64-linux-gnu/bits/string3.h:126: first defined here
tgentbl.o: In function `ttyname_r':
/usr/include/x86_64-linux-gnu/bits/unistd.h:293: multiple definition of `ttyname_r'
mkunitbl.o:/usr/include/x86_64-linux-gnu/bits/unistd.h:293: first defined here
tgentbl.o: In function `vdprintf':
/usr/include/x86_64-linux-gnu/bits/stdio2.h:151: multiple definition of `vdprintf'
mkunitbl.o:/usr/include/x86_64-linux-gnu/bits/stdio2.h:151: first defined here
tgentbl.o: In function `vfprintf':
/usr/include/x86_64-linux-gnu/bits/stdio2.h:126: multiple definition of `vfprintf'
mkunitbl.o:/usr/include/x86_64-linux-gnu/bits/stdio2.h:126: first defined here
tgentbl.o: In function `vprintf':
/usr/include/x86_64-linux-gnu/bits/stdio2.h:115: multiple definition of `vprintf'
mkunitbl.o:/usr/include/x86_64-linux-gnu/bits/stdio2.h:115: first defined here
tgentbl.o: In function `vsnprintf':
/usr/include/x86_64-linux-gnu/bits/stdio2.h:76: multiple definition of `vsnprintf'
mkunitbl.o:/usr/include/x86_64-linux-gnu/bits/stdio2.h:76: first defined here
tgentbl.o: In function `vsprintf':
/usr/include/x86_64-linux-gnu/bits/stdio2.h:45: multiple definition of `vsprintf'
mkunitbl.o:/usr/include/x86_64-linux-gnu/bits/stdio2.h:45: first defined here
tgentbl.o: In function `wcstombs':
/usr/include/x86_64-linux-gnu/bits/stdlib.h:147: multiple definition of `wcstombs'
mkunitbl.o:/usr/include/x86_64-linux-gnu/bits/stdlib.h:147: first defined here
tgentbl.o: In function `wctomb':
/usr/include/x86_64-linux-gnu/bits/stdlib.h:92: multiple definition of `wctomb'
mkunitbl.o:/usr/include/x86_64-linux-gnu/bits/stdlib.h:92: first defined here
clang: error: linker command failed with exit code 1 (use -v to see invocation)
Makefile.tmp:380: recipe for target 'mkunitbl' failed
make[3]: *** [mkunitbl] Error 1
make[3]: Leaving directory '/<<PKGBUILDDIR>>'
Makefile:69: recipe for target 'all' failed
make[2]: *** [all] Error 2
make[2]: Leaving directory '/<<PKGBUILDDIR>>'
debian/rules:18: recipe for target 'override_dh_auto_build' failed
make[1]: *** [override_dh_auto_build] Error 2
make[1]: Leaving directory '/<<PKGBUILDDIR>>'
debian/rules:11: recipe for target 'build-arch' failed
make: *** [build-arch] Error 2
dpkg-buildpackage: error: debian/rules build-arch gave error exit status 2
--------------------------------------------------------------------------------
Build finished at 2017-07-06T20:46:07Z

Finished
--------


+------------------------------------------------------------------------------+
| Cleanup                                                                      |
+------------------------------------------------------------------------------+

Purging /<<BUILDDIR>>
Not cleaning session: cloned chroot in use
E: Build failure (dpkg-buildpackage died)

+------------------------------------------------------------------------------+
| Summary                                                                      |
+------------------------------------------------------------------------------+

Build Architecture: amd64
Build Type: any
Build-Space: 5256
Build-Time: 7
Distribution: unstable
Fail-Stage: build
Host Architecture: amd64
Install-Time: 6
Job: fdclone_3.01b-1
Machine Architecture: amd64
Package: fdclone
Package-Time: 33
Source-Version: 3.01b-1
Space: 5256
Status: attempted
Version: 3.01b-1
--------------------------------------------------------------------------------
Finished at 2017-07-06T20:46:07Z
Build needed 00:00:33, 5256k disk space
E: Build failure (dpkg-buildpackage died)
DC-Status: Failed 34.334778922s
DC-Time-Estimation: 34.334778922 versus expected 150 (r/m: 3.368748094774758 ; m: 34.334778922)
