DC-Build-Header: schroot 1.6.10-4 / 2017-07-06 19:29:35 +0000
DC-Task: type:rebuild-binarch-only source:schroot version:1.6.10-4 chroot:unstable esttime:496 logfile:/tmp/schroot_1.6.10-4_unstable_clang3.9.log modes:clang:binarch-only
DC-Sbuild-call: su user42 -c 'sbuild -n --arch-any --apt-update -d unstable -v  --chroot-setup-commands=/tmp/clang schroot_1.6.10-4'
sbuild (Debian sbuild) 0.73.0 (23 Dec 2016) on ip-172-31-38-107.eu-central-1.compute.internal

+==============================================================================+
| schroot 1.6.10-4 (amd64)                     Thu, 06 Jul 2017 19:29:35 +0000 |
+==============================================================================+

Package: schroot
Version: 1.6.10-4
Source Version: 1.6.10-4
Distribution: unstable
Machine Architecture: amd64
Host Architecture: amd64
Build Architecture: amd64
Build Type: any

I: NOTICE: Log filtering will replace 'var/run/schroot/mount/unstable-amd64-sbuild-7dc24957-f174-4c85-b0e5-1c310fc26778' with '<<CHROOT>>'

+------------------------------------------------------------------------------+
| Chroot Setup Commands                                                        |
+------------------------------------------------------------------------------+


/tmp/clang
----------

+ echo 'Entering customization script...'
Entering customization script...
+ CLANG_VERSION=3.9
+ echo 'Install of clang-3.9'
Install of clang-3.9
+ apt-get update
Hit:1 http://127.0.0.1:9999/debian unstable InRelease
Get:2 http://127.0.0.1:9999/debian unstable/main Translation-en [5730 kB]
Fetched 5730 kB in 1s (3814 kB/s)
Reading package lists...
+ apt-get install --yes --no-install-recommends --force-yes clang-3.9
Reading package lists...
Building dependency tree...
Reading state information...
The following additional packages will be installed:
  libbsd0 libclang-common-3.9-dev libclang1-3.9 libedit2 libjsoncpp1
  libllvm3.9 libncurses5 libobjc-6-dev libobjc4
Suggested packages:
  gnustep gnustep-devel clang-3.9-doc
Recommended packages:
  llvm-3.9-dev python libgpm2
The following NEW packages will be installed:
  clang-3.9 libbsd0 libclang-common-3.9-dev libclang1-3.9 libedit2 libjsoncpp1
  libllvm3.9 libncurses5 libobjc-6-dev libobjc4
0 upgraded, 10 newly installed, 0 to remove and 0 not upgraded.
Need to get 57.7 MB of archives.
After this operation, 251 MB of additional disk space will be used.
Get:1 http://127.0.0.1:9999/debian unstable/main amd64 libbsd0 amd64 0.8.5-1 [89.6 kB]
Get:2 http://127.0.0.1:9999/debian unstable/main amd64 libncurses5 amd64 6.0+20161126-1 [93.4 kB]
Get:3 http://127.0.0.1:9999/debian unstable/main amd64 libedit2 amd64 3.1-20170329-1 [85.2 kB]
Get:4 http://127.0.0.1:9999/debian unstable/main amd64 libllvm3.9 amd64 1:3.9.1-10 [11.3 MB]
Get:5 http://127.0.0.1:9999/debian unstable/main amd64 libclang1-3.9 amd64 1:3.9.1-10 [5875 kB]
Get:6 http://127.0.0.1:9999/debian unstable/main amd64 libjsoncpp1 amd64 1.7.4-3 [75.6 kB]
Get:7 http://127.0.0.1:9999/debian unstable/main amd64 libobjc4 amd64 7.1.0-9 [51.0 kB]
Get:8 http://127.0.0.1:9999/debian unstable/main amd64 libobjc-6-dev amd64 6.4.0-1 [197 kB]
Get:9 http://127.0.0.1:9999/debian unstable/main amd64 libclang-common-3.9-dev amd64 1:3.9.1-10 [2573 kB]
Get:10 http://127.0.0.1:9999/debian unstable/main amd64 clang-3.9 amd64 1:3.9.1-10 [37.4 MB]
debconf: delaying package configuration, since apt-utils is not installed
Fetched 57.7 MB in 0s (95.7 MB/s)
Selecting previously unselected package libbsd0:amd64.
(Reading database ... (Reading database ... 5%(Reading database ... 10%(Reading database ... 15%(Reading database ... 20%(Reading database ... 25%(Reading database ... 30%(Reading database ... 35%(Reading database ... 40%(Reading database ... 45%(Reading database ... 50%(Reading database ... 55%(Reading database ... 60%(Reading database ... 65%(Reading database ... 70%(Reading database ... 75%(Reading database ... 80%(Reading database ... 85%(Reading database ... 90%(Reading database ... 95%(Reading database ... 100%(Reading database ... 9711 files and directories currently installed.)
Preparing to unpack .../0-libbsd0_0.8.5-1_amd64.deb ...
Unpacking libbsd0:amd64 (0.8.5-1) ...
Selecting previously unselected package libncurses5:amd64.
Preparing to unpack .../1-libncurses5_6.0+20161126-1_amd64.deb ...
Unpacking libncurses5:amd64 (6.0+20161126-1) ...
Selecting previously unselected package libedit2:amd64.
Preparing to unpack .../2-libedit2_3.1-20170329-1_amd64.deb ...
Unpacking libedit2:amd64 (3.1-20170329-1) ...
Selecting previously unselected package libllvm3.9:amd64.
Preparing to unpack .../3-libllvm3.9_1%3a3.9.1-10_amd64.deb ...
Unpacking libllvm3.9:amd64 (1:3.9.1-10) ...
Selecting previously unselected package libclang1-3.9:amd64.
Preparing to unpack .../4-libclang1-3.9_1%3a3.9.1-10_amd64.deb ...
Unpacking libclang1-3.9:amd64 (1:3.9.1-10) ...
Selecting previously unselected package libjsoncpp1:amd64.
Preparing to unpack .../5-libjsoncpp1_1.7.4-3_amd64.deb ...
Unpacking libjsoncpp1:amd64 (1.7.4-3) ...
Selecting previously unselected package libobjc4:amd64.
Preparing to unpack .../6-libobjc4_7.1.0-9_amd64.deb ...
Unpacking libobjc4:amd64 (7.1.0-9) ...
Selecting previously unselected package libobjc-6-dev:amd64.
Preparing to unpack .../7-libobjc-6-dev_6.4.0-1_amd64.deb ...
Unpacking libobjc-6-dev:amd64 (6.4.0-1) ...
Selecting previously unselected package libclang-common-3.9-dev.
Preparing to unpack .../8-libclang-common-3.9-dev_1%3a3.9.1-10_amd64.deb ...
Unpacking libclang-common-3.9-dev (1:3.9.1-10) ...
Selecting previously unselected package clang-3.9.
Preparing to unpack .../9-clang-3.9_1%3a3.9.1-10_amd64.deb ...
Unpacking clang-3.9 (1:3.9.1-10) ...
Setting up libncurses5:amd64 (6.0+20161126-1) ...
Setting up libobjc4:amd64 (7.1.0-9) ...
Setting up libbsd0:amd64 (0.8.5-1) ...
Processing triggers for libc-bin (2.24-12) ...
Setting up libobjc-6-dev:amd64 (6.4.0-1) ...
Setting up libjsoncpp1:amd64 (1.7.4-3) ...
Setting up libedit2:amd64 (3.1-20170329-1) ...
Setting up libllvm3.9:amd64 (1:3.9.1-10) ...
Setting up libclang-common-3.9-dev (1:3.9.1-10) ...
Setting up libclang1-3.9:amd64 (1:3.9.1-10) ...
Setting up clang-3.9 (1:3.9.1-10) ...
Processing triggers for libc-bin (2.24-12) ...
W: --force-yes is deprecated, use one of the options starting with --allow instead.
+ echo 'Replace gcc, g++ & cpp by clang'
Replace gcc, g++ & cpp by clang
+ VERSIONS='4.6 4.7 4.8 4.9 5 6 7'
+ cd /usr/bin
+ for VERSION in $VERSIONS
+ rm -f g++-4.6 gcc-4.6 cpp-4.6 gcc
+ ln -s clang++-3.9 g++-4.6
+ ln -s clang-3.9 gcc-4.6
+ ln -s clang-3.9 cpp-4.6
+ ln -s clang-3.9 gcc
+ echo 'gcc-4.6 hold'
+ dpkg --set-selections
dpkg: warning: package not in status nor available database at line 1: gcc-4.6
dpkg: warning: found unknown packages; this might mean the available database
is outdated, and needs to be updated through a frontend method;
please see the FAQ <https://wiki.debian.org/Teams/Dpkg/FAQ>
+ echo 'g++-4.6 hold'
+ dpkg --set-selections
dpkg: warning: package not in status nor available database at line 1: g++-4.6
dpkg: warning: found unknown packages; this might mean the available database
is outdated, and needs to be updated through a frontend method;
please see the FAQ <https://wiki.debian.org/Teams/Dpkg/FAQ>
+ for VERSION in $VERSIONS
+ rm -f g++-4.7 gcc-4.7 cpp-4.7 gcc
+ ln -s clang++-3.9 g++-4.7
+ ln -s clang-3.9 gcc-4.7
+ ln -s clang-3.9 cpp-4.7
+ ln -s clang-3.9 gcc
+ echo 'gcc-4.7 hold'
+ dpkg --set-selections
dpkg: warning: package not in status nor available database at line 1: gcc-4.7
dpkg: warning: found unknown packages; this might mean the available database
is outdated, and needs to be updated through a frontend method;
please see the FAQ <https://wiki.debian.org/Teams/Dpkg/FAQ>
+ echo 'g++-4.7 hold'
+ dpkg --set-selections
dpkg: warning: package not in status nor available database at line 1: g++-4.7
dpkg: warning: found unknown packages; this might mean the available database
is outdated, and needs to be updated through a frontend method;
please see the FAQ <https://wiki.debian.org/Teams/Dpkg/FAQ>
+ for VERSION in $VERSIONS
+ rm -f g++-4.8 gcc-4.8 cpp-4.8 gcc
+ ln -s clang++-3.9 g++-4.8
+ ln -s clang-3.9 gcc-4.8
+ ln -s clang-3.9 cpp-4.8
+ ln -s clang-3.9 gcc
+ echo 'gcc-4.8 hold'
+ dpkg --set-selections
dpkg: warning: package not in status nor available database at line 1: gcc-4.8
dpkg: warning: found unknown packages; this might mean the available database
is outdated, and needs to be updated through a frontend method;
please see the FAQ <https://wiki.debian.org/Teams/Dpkg/FAQ>
+ echo 'g++-4.8 hold'
+ dpkg --set-selections
dpkg: warning: package not in status nor available database at line 1: g++-4.8
dpkg: warning: found unknown packages; this might mean the available database
is outdated, and needs to be updated through a frontend method;
please see the FAQ <https://wiki.debian.org/Teams/Dpkg/FAQ>
+ for VERSION in $VERSIONS
+ rm -f g++-4.9 gcc-4.9 cpp-4.9 gcc
+ ln -s clang++-3.9 g++-4.9
+ ln -s clang-3.9 gcc-4.9
+ ln -s clang-3.9 cpp-4.9
+ ln -s clang-3.9 gcc
+ echo 'gcc-4.9 hold'
+ dpkg --set-selections
dpkg: warning: package not in status nor available database at line 1: gcc-4.9
dpkg: warning: found unknown packages; this might mean the available database
is outdated, and needs to be updated through a frontend method;
please see the FAQ <https://wiki.debian.org/Teams/Dpkg/FAQ>
+ echo 'g++-4.9 hold'
+ dpkg --set-selections
dpkg: warning: package not in status nor available database at line 1: g++-4.9
dpkg: warning: found unknown packages; this might mean the available database
is outdated, and needs to be updated through a frontend method;
please see the FAQ <https://wiki.debian.org/Teams/Dpkg/FAQ>
+ for VERSION in $VERSIONS
+ rm -f g++-5 gcc-5 cpp-5 gcc
+ ln -s clang++-3.9 g++-5
+ ln -s clang-3.9 gcc-5
+ ln -s clang-3.9 cpp-5
+ ln -s clang-3.9 gcc
+ echo 'gcc-5 hold'
+ dpkg --set-selections
+ echo 'g++-5 hold'
+ dpkg --set-selections
+ for VERSION in $VERSIONS
+ rm -f g++-6 gcc-6 cpp-6 gcc
+ ln -s clang++-3.9 g++-6
+ ln -s clang-3.9 gcc-6
+ ln -s clang-3.9 cpp-6
+ ln -s clang-3.9 gcc
+ echo 'gcc-6 hold'
+ dpkg --set-selections
+ echo 'g++-6 hold'
+ dpkg --set-selections
+ for VERSION in $VERSIONS
+ rm -f g++-7 gcc-7 cpp-7 gcc
+ ln -s clang++-3.9 g++-7
+ ln -s clang-3.9 gcc-7
+ ln -s clang-3.9 cpp-7
+ ln -s clang-3.9 gcc
+ echo 'gcc-7 hold'
+ dpkg --set-selections
dpkg: warning: package not in status nor available database at line 1: gcc-7
dpkg: warning: found unknown packages; this might mean the available database
is outdated, and needs to be updated through a frontend method;
please see the FAQ <https://wiki.debian.org/Teams/Dpkg/FAQ>
+ echo 'g++-7 hold'
+ dpkg --set-selections
dpkg: warning: package not in status nor available database at line 1: g++-7
dpkg: warning: found unknown packages; this might mean the available database
is outdated, and needs to be updated through a frontend method;
please see the FAQ <https://wiki.debian.org/Teams/Dpkg/FAQ>
+ cd -
/build/schroot-1G4wun
+ echo 'Check if gcc, g++ & cpp are actually clang'
Check if gcc, g++ & cpp are actually clang
+ gcc --version
+ grep clang
+ cpp --version
+ grep clang
+ g++ --version
+ grep clang

I: Finished running '/tmp/clang'.

Finished processing commands.
--------------------------------------------------------------------------------

+------------------------------------------------------------------------------+
| Update chroot                                                                |
+------------------------------------------------------------------------------+

Hit:1 http://127.0.0.1:9999/debian unstable InRelease
Reading package lists...
Reading package lists...
Building dependency tree...
Reading state information...
Calculating upgrade...
0 upgraded, 0 newly installed, 0 to remove and 0 not upgraded.

+------------------------------------------------------------------------------+
| Fetch source files                                                           |
+------------------------------------------------------------------------------+


Check APT
---------

Checking available source versions...

Download source files with APT
------------------------------

Reading package lists...
NOTICE: 'schroot' packaging is maintained in the 'Git' version control system at:
https://anonscm.debian.org/git/buildd-tools/schroot.git
Please use:
git clone https://anonscm.debian.org/git/buildd-tools/schroot.git
to retrieve the latest (possibly unreleased) updates to the package.
Need to get 837 kB of source archives.
Get:1 http://127.0.0.1:9999/debian unstable/main schroot 1.6.10-4 (dsc) [1978 B]
Get:2 http://127.0.0.1:9999/debian unstable/main schroot 1.6.10-4 (tar) [797 kB]
Get:3 http://127.0.0.1:9999/debian unstable/main schroot 1.6.10-4 (diff) [37.3 kB]
Fetched 837 kB in 0s (7665 kB/s)
Download complete and in download only mode
I: NOTICE: Log filtering will replace 'build/schroot-1G4wun/schroot-1.6.10' with '<<PKGBUILDDIR>>'
I: NOTICE: Log filtering will replace 'build/schroot-1G4wun' with '<<BUILDDIR>>'

+------------------------------------------------------------------------------+
| Install build-essential                                                      |
+------------------------------------------------------------------------------+


Setup apt archive
-----------------

Merged Build-Depends: build-essential, fakeroot
Filtered Build-Depends: build-essential, fakeroot
dpkg-deb: building package 'sbuild-build-depends-core-dummy' in '/<<BUILDDIR>>/resolver-YFlnpe/apt_archive/sbuild-build-depends-core-dummy.deb'.
dpkg-scanpackages: warning: Packages in archive but missing from override file:
dpkg-scanpackages: warning:   sbuild-build-depends-core-dummy
dpkg-scanpackages: info: Wrote 1 entries to output Packages file.
Ign:1 copy:/<<BUILDDIR>>/resolver-YFlnpe/apt_archive ./ InRelease
Get:2 copy:/<<BUILDDIR>>/resolver-YFlnpe/apt_archive ./ Release [957 B]
Ign:3 copy:/<<BUILDDIR>>/resolver-YFlnpe/apt_archive ./ Release.gpg
Get:4 copy:/<<BUILDDIR>>/resolver-YFlnpe/apt_archive ./ Sources [349 B]
Get:5 copy:/<<BUILDDIR>>/resolver-YFlnpe/apt_archive ./ Packages [431 B]
Fetched 1737 B in 0s (0 B/s)
Reading package lists...
Reading package lists...

Install core build dependencies (apt-based resolver)
----------------------------------------------------

Installing build dependencies
Reading package lists...
Building dependency tree...
Reading state information...
The following NEW packages will be installed:
  sbuild-build-depends-core-dummy
0 upgraded, 1 newly installed, 0 to remove and 0 not upgraded.
Need to get 782 B of archives.
After this operation, 0 B of additional disk space will be used.
Get:1 copy:/<<BUILDDIR>>/resolver-YFlnpe/apt_archive ./ sbuild-build-depends-core-dummy 0.invalid.0 [782 B]
debconf: delaying package configuration, since apt-utils is not installed
Fetched 782 B in 0s (0 B/s)
Selecting previously unselected package sbuild-build-depends-core-dummy.
(Reading database ... 10178 files and directories currently installed.)
Preparing to unpack .../sbuild-build-depends-core-dummy_0.invalid.0_amd64.deb ...
Unpacking sbuild-build-depends-core-dummy (0.invalid.0) ...
Setting up sbuild-build-depends-core-dummy (0.invalid.0) ...

+------------------------------------------------------------------------------+
| Check architectures                                                          |
+------------------------------------------------------------------------------+

Arch check ok (amd64 included in any all)

+------------------------------------------------------------------------------+
| Install package build dependencies                                           |
+------------------------------------------------------------------------------+


Setup apt archive
-----------------

Merged Build-Depends: cmake (>= 2.8.12), debhelper (>= 9), dh-systemd, pkg-config, libpam0g-dev, uuid-dev, libboost-dev, libboost-iostreams-dev, libboost-program-options-dev, libboost-regex-dev, libboost-filesystem-dev, gettext, libcppunit-dev, groff-base, po4a (>= 0.40)
Filtered Build-Depends: cmake (>= 2.8.12), debhelper (>= 9), dh-systemd, pkg-config, libpam0g-dev, uuid-dev, libboost-dev, libboost-iostreams-dev, libboost-program-options-dev, libboost-regex-dev, libboost-filesystem-dev, gettext, libcppunit-dev, groff-base, po4a (>= 0.40)
dpkg-deb: building package 'sbuild-build-depends-schroot-dummy' in '/<<BUILDDIR>>/resolver-YFlnpe/apt_archive/sbuild-build-depends-schroot-dummy.deb'.
dpkg-scanpackages: warning: Packages in archive but missing from override file:
dpkg-scanpackages: warning:   sbuild-build-depends-core-dummy sbuild-build-depends-schroot-dummy
dpkg-scanpackages: info: Wrote 2 entries to output Packages file.
Ign:1 copy:/<<BUILDDIR>>/resolver-YFlnpe/apt_archive ./ InRelease
Get:2 copy:/<<BUILDDIR>>/resolver-YFlnpe/apt_archive ./ Release [963 B]
Ign:3 copy:/<<BUILDDIR>>/resolver-YFlnpe/apt_archive ./ Release.gpg
Get:4 copy:/<<BUILDDIR>>/resolver-YFlnpe/apt_archive ./ Sources [617 B]
Get:5 copy:/<<BUILDDIR>>/resolver-YFlnpe/apt_archive ./ Packages [677 B]
Fetched 2257 B in 0s (0 B/s)
Reading package lists...
Reading package lists...

Install schroot build dependencies (apt-based resolver)
-------------------------------------------------------

Installing build dependencies
Reading package lists...
Building dependency tree...
Reading state information...
The following additional packages will be installed:
  autoconf automake autopoint autotools-dev bsdmainutils cmake cmake-data
  debhelper dh-autoreconf dh-strip-nondeterminism dh-systemd file gettext
  gettext-base groff-base icu-devtools intltool-debian libarchive-zip-perl
  libarchive13 libboost-dev libboost-filesystem-dev
  libboost-filesystem1.62-dev libboost-filesystem1.62.0 libboost-iostreams-dev
  libboost-iostreams1.62-dev libboost-iostreams1.62.0
  libboost-program-options-dev libboost-program-options1.62-dev
  libboost-program-options1.62.0 libboost-regex-dev libboost-regex1.62-dev
  libboost-regex1.62.0 libboost-system1.62-dev libboost-system1.62.0
  libboost1.62-dev libcppunit-1.13-0v5 libcppunit-dev libcroco3 libcurl3
  libexpat1 libfile-stripnondeterminism-perl libglib2.0-0 libgssapi-krb5-2
  libicu-dev libicu57 libk5crypto3 libkeyutils1 libkrb5-3 libkrb5support0
  libldap-2.4-2 libldap-common liblzo2-2 libmagic-mgc libmagic1 libnghttp2-14
  libosp5 libpam0g-dev libpipeline1 libprocps6 libpsl5 librtmp1 libsasl2-2
  libsasl2-modules-db libsgmls-perl libsigsegv2 libssh2-1 libssl1.0.2
  libtimedate-perl libtool libuv1 libxml2 lsb-base m4 man-db opensp pkg-config
  po-debconf po4a procps sgml-base uuid-dev
Suggested packages:
  autoconf-archive gnu-standards autoconf-doc wamerican | wordlist whois
  vacation codeblocks eclipse ninja-build dh-make gettext-doc libasprintf-dev
  libgettextpo-dev groff lrzip libboost-doc libboost1.62-doc
  libboost-atomic1.62-dev libboost-chrono1.62-dev libboost-context1.62-dev
  libboost-coroutine1.62-dev libboost-date-time1.62-dev
  libboost-exception1.62-dev libboost-fiber1.62-dev libboost-graph1.62-dev
  libboost-graph-parallel1.62-dev libboost-locale1.62-dev libboost-log1.62-dev
  libboost-math1.62-dev libboost-mpi1.62-dev libboost-mpi-python1.62-dev
  libboost-python1.62-dev libboost-random1.62-dev
  libboost-serialization1.62-dev libboost-signals1.62-dev
  libboost-test1.62-dev libboost-thread1.62-dev libboost-timer1.62-dev
  libboost-type-erasure1.62-dev libboost-wave1.62-dev libboost1.62-tools-dev
  libmpfrc++-dev libntl-dev libcppunit-doc krb5-doc krb5-user icu-doc sgmlspl
  sgmls-doc libtool-doc gfortran | fortran95-compiler gcj-jdk m4-doc less
  www-browser doc-base sgml-data libmail-box-perl sgml-base-doc
Recommended packages:
  curl | wget | lynx-cur ca-certificates libarchive-cpio-perl libglib2.0-data
  shared-mime-info xdg-user-dirs krb5-locales publicsuffix libsasl2-modules
  libltdl-dev xml-core libmail-sendmail-perl libtext-wrapi18n-perl
  libterm-readkey-perl liblocale-gettext-perl libunicode-linebreak-perl psmisc
The following NEW packages will be installed:
  autoconf automake autopoint autotools-dev bsdmainutils cmake cmake-data
  debhelper dh-autoreconf dh-strip-nondeterminism dh-systemd file gettext
  gettext-base groff-base icu-devtools intltool-debian libarchive-zip-perl
  libarchive13 libboost-dev libboost-filesystem-dev
  libboost-filesystem1.62-dev libboost-filesystem1.62.0 libboost-iostreams-dev
  libboost-iostreams1.62-dev libboost-iostreams1.62.0
  libboost-program-options-dev libboost-program-options1.62-dev
  libboost-program-options1.62.0 libboost-regex-dev libboost-regex1.62-dev
  libboost-regex1.62.0 libboost-system1.62-dev libboost-system1.62.0
  libboost1.62-dev libcppunit-1.13-0v5 libcppunit-dev libcroco3 libcurl3
  libexpat1 libfile-stripnondeterminism-perl libglib2.0-0 libgssapi-krb5-2
  libicu-dev libicu57 libk5crypto3 libkeyutils1 libkrb5-3 libkrb5support0
  libldap-2.4-2 libldap-common liblzo2-2 libmagic-mgc libmagic1 libnghttp2-14
  libosp5 libpam0g-dev libpipeline1 libprocps6 libpsl5 librtmp1 libsasl2-2
  libsasl2-modules-db libsgmls-perl libsigsegv2 libssh2-1 libssl1.0.2
  libtimedate-perl libtool libuv1 libxml2 lsb-base m4 man-db opensp pkg-config
  po-debconf po4a procps sbuild-build-depends-schroot-dummy sgml-base uuid-dev
0 upgraded, 82 newly installed, 0 to remove and 0 not upgraded.
Need to get 56.1 MB of archives.
After this operation, 324 MB of additional disk space will be used.
Get:1 copy:/<<BUILDDIR>>/resolver-YFlnpe/apt_archive ./ sbuild-build-depends-schroot-dummy 0.invalid.0 [892 B]
Get:2 http://127.0.0.1:9999/debian unstable/main amd64 groff-base amd64 1.22.3-9 [1160 kB]
Get:3 http://127.0.0.1:9999/debian unstable/main amd64 bsdmainutils amd64 9.0.12+nmu1 [186 kB]
Get:4 http://127.0.0.1:9999/debian unstable/main amd64 libpipeline1 amd64 1.4.1-2 [27.6 kB]
Get:5 http://127.0.0.1:9999/debian unstable/main amd64 man-db amd64 2.7.6.1-2 [1044 kB]
Get:6 http://127.0.0.1:9999/debian unstable/main amd64 cmake-data all 3.7.2-1 [1216 kB]
Get:7 http://127.0.0.1:9999/debian unstable/main amd64 libprocps6 amd64 2:3.3.12-3 [58.1 kB]
Get:8 http://127.0.0.1:9999/debian unstable/main amd64 lsb-base all 9.20161125 [27.9 kB]
Get:9 http://127.0.0.1:9999/debian unstable/main amd64 procps amd64 2:3.3.12-3 [249 kB]
Get:10 http://127.0.0.1:9999/debian unstable/main amd64 liblzo2-2 amd64 2.08-1.2+b2 [55.0 kB]
Get:11 http://127.0.0.1:9999/debian unstable/main amd64 libicu57 amd64 57.1-6 [7701 kB]
Get:12 http://127.0.0.1:9999/debian unstable/main amd64 libxml2 amd64 2.9.4+dfsg1-3 [715 kB]
Get:13 http://127.0.0.1:9999/debian unstable/main amd64 libarchive13 amd64 3.2.2-2 [294 kB]
Get:14 http://127.0.0.1:9999/debian unstable/main amd64 libkeyutils1 amd64 1.5.9-9 [12.4 kB]
Get:15 http://127.0.0.1:9999/debian unstable/main amd64 libkrb5support0 amd64 1.15-1 [61.7 kB]
Get:16 http://127.0.0.1:9999/debian unstable/main amd64 libk5crypto3 amd64 1.15-1 [119 kB]
Get:17 http://127.0.0.1:9999/debian unstable/main amd64 libkrb5-3 amd64 1.15-1 [311 kB]
Get:18 http://127.0.0.1:9999/debian unstable/main amd64 libgssapi-krb5-2 amd64 1.15-1 [154 kB]
Get:19 http://127.0.0.1:9999/debian unstable/main amd64 libsasl2-modules-db amd64 2.1.27~101-g0780600+dfsg-3 [68.2 kB]
Get:20 http://127.0.0.1:9999/debian unstable/main amd64 libsasl2-2 amd64 2.1.27~101-g0780600+dfsg-3 [105 kB]
Get:21 http://127.0.0.1:9999/debian unstable/main amd64 libldap-common all 2.4.44+dfsg-7 [85.2 kB]
Get:22 http://127.0.0.1:9999/debian unstable/main amd64 libldap-2.4-2 amd64 2.4.44+dfsg-7 [219 kB]
Get:23 http://127.0.0.1:9999/debian unstable/main amd64 libnghttp2-14 amd64 1.24.0-1 [81.6 kB]
Get:24 http://127.0.0.1:9999/debian unstable/main amd64 libpsl5 amd64 0.17.0-4+b1 [43.0 kB]
Get:25 http://127.0.0.1:9999/debian unstable/main amd64 librtmp1 amd64 2.4+20151223.gitfa8646d.1-1+b1 [60.4 kB]
Get:26 http://127.0.0.1:9999/debian unstable/main amd64 libssh2-1 amd64 1.8.0-1 [138 kB]
Get:27 http://127.0.0.1:9999/debian unstable/main amd64 libssl1.0.2 amd64 1.0.2l-2 [1294 kB]
Get:28 http://127.0.0.1:9999/debian unstable/main amd64 libcurl3 amd64 7.52.1-5 [291 kB]
Get:29 http://127.0.0.1:9999/debian unstable/main amd64 libexpat1 amd64 2.2.1-3 [85.6 kB]
Get:30 http://127.0.0.1:9999/debian unstable/main amd64 libuv1 amd64 1.9.1-3 [84.4 kB]
Get:31 http://127.0.0.1:9999/debian unstable/main amd64 cmake amd64 3.7.2-1 [3038 kB]
Get:32 http://127.0.0.1:9999/debian unstable/main amd64 sgml-base all 1.29 [14.8 kB]
Get:33 http://127.0.0.1:9999/debian unstable/main amd64 libmagic-mgc amd64 1:5.30-1 [222 kB]
Get:34 http://127.0.0.1:9999/debian unstable/main amd64 libmagic1 amd64 1:5.30-1 [111 kB]
Get:35 http://127.0.0.1:9999/debian unstable/main amd64 file amd64 1:5.30-1 [63.9 kB]
Get:36 http://127.0.0.1:9999/debian unstable/main amd64 gettext-base amd64 0.19.8.1-2+b1 [122 kB]
Get:37 http://127.0.0.1:9999/debian unstable/main amd64 libsigsegv2 amd64 2.11-1 [29.9 kB]
Get:38 http://127.0.0.1:9999/debian unstable/main amd64 m4 amd64 1.4.18-1 [202 kB]
Get:39 http://127.0.0.1:9999/debian unstable/main amd64 autoconf all 2.69-10 [338 kB]
Get:40 http://127.0.0.1:9999/debian unstable/main amd64 autotools-dev all 20161112.1 [73.4 kB]
Get:41 http://127.0.0.1:9999/debian unstable/main amd64 automake all 1:1.15.1-2 [736 kB]
Get:42 http://127.0.0.1:9999/debian unstable/main amd64 autopoint all 0.19.8.1-2 [433 kB]
Get:43 http://127.0.0.1:9999/debian unstable/main amd64 libtool all 2.4.6-2 [545 kB]
Get:44 http://127.0.0.1:9999/debian unstable/main amd64 dh-autoreconf all 14 [15.9 kB]
Get:45 http://127.0.0.1:9999/debian unstable/main amd64 libarchive-zip-perl all 1.59-1 [95.5 kB]
Get:46 http://127.0.0.1:9999/debian unstable/main amd64 libfile-stripnondeterminism-perl all 0.035-2 [17.0 kB]
Get:47 http://127.0.0.1:9999/debian unstable/main amd64 libtimedate-perl all 2.3000-2 [42.2 kB]
Get:48 http://127.0.0.1:9999/debian unstable/main amd64 dh-strip-nondeterminism all 0.035-2 [10.7 kB]
Get:49 http://127.0.0.1:9999/debian unstable/main amd64 libglib2.0-0 amd64 2.52.3-1 [2742 kB]
Get:50 http://127.0.0.1:9999/debian unstable/main amd64 libcroco3 amd64 0.6.12-1 [144 kB]
Get:51 http://127.0.0.1:9999/debian unstable/main amd64 gettext amd64 0.19.8.1-2+b1 [1301 kB]
Get:52 http://127.0.0.1:9999/debian unstable/main amd64 intltool-debian all 0.35.0+20060710.4 [26.3 kB]
Get:53 http://127.0.0.1:9999/debian unstable/main amd64 po-debconf all 1.0.20 [247 kB]
Get:54 http://127.0.0.1:9999/debian unstable/main amd64 debhelper all 10.6.2 [968 kB]
Get:55 http://127.0.0.1:9999/debian unstable/main amd64 dh-systemd all 10.6.2 [104 kB]
Get:56 http://127.0.0.1:9999/debian unstable/main amd64 icu-devtools amd64 57.1-6 [178 kB]
Get:57 http://127.0.0.1:9999/debian unstable/main amd64 libboost1.62-dev amd64 1.62.0+dfsg-4+b1 [7053 kB]
Get:58 http://127.0.0.1:9999/debian unstable/main amd64 libboost-dev amd64 1.62.0.1 [3632 B]
Get:59 http://127.0.0.1:9999/debian unstable/main amd64 libboost-system1.62.0 amd64 1.62.0+dfsg-4+b1 [32.7 kB]
Get:60 http://127.0.0.1:9999/debian unstable/main amd64 libboost-filesystem1.62.0 amd64 1.62.0+dfsg-4+b1 [63.6 kB]
Get:61 http://127.0.0.1:9999/debian unstable/main amd64 libboost-system1.62-dev amd64 1.62.0+dfsg-4+b1 [34.2 kB]
Get:62 http://127.0.0.1:9999/debian unstable/main amd64 libboost-filesystem1.62-dev amd64 1.62.0+dfsg-4+b1 [73.2 kB]
Get:63 http://127.0.0.1:9999/debian unstable/main amd64 libboost-filesystem-dev amd64 1.62.0.1 [3448 B]
Get:64 http://127.0.0.1:9999/debian unstable/main amd64 libboost-regex1.62.0 amd64 1.62.0+dfsg-4+b1 [288 kB]
Get:65 http://127.0.0.1:9999/debian unstable/main amd64 libicu-dev amd64 57.1-6 [16.5 MB]
Get:66 http://127.0.0.1:9999/debian unstable/main amd64 libboost-regex1.62-dev amd64 1.62.0+dfsg-4+b1 [335 kB]
Get:67 http://127.0.0.1:9999/debian unstable/main amd64 libboost-iostreams1.62.0 amd64 1.62.0+dfsg-4+b1 [51.1 kB]
Get:68 http://127.0.0.1:9999/debian unstable/main amd64 libboost-iostreams1.62-dev amd64 1.62.0+dfsg-4+b1 [57.5 kB]
Get:69 http://127.0.0.1:9999/debian unstable/main amd64 libboost-iostreams-dev amd64 1.62.0.1 [3408 B]
Get:70 http://127.0.0.1:9999/debian unstable/main amd64 libboost-program-options1.62.0 amd64 1.62.0+dfsg-4+b1 [160 kB]
Get:71 http://127.0.0.1:9999/debian unstable/main amd64 libboost-program-options1.62-dev amd64 1.62.0+dfsg-4+b1 [184 kB]
Get:72 http://127.0.0.1:9999/debian unstable/main amd64 libboost-program-options-dev amd64 1.62.0.1 [3430 B]
Get:73 http://127.0.0.1:9999/debian unstable/main amd64 libboost-regex-dev amd64 1.62.0.1 [3674 B]
Get:74 http://127.0.0.1:9999/debian unstable/main amd64 libcppunit-1.13-0v5 amd64 1.13.2-2.1 [112 kB]
Get:75 http://127.0.0.1:9999/debian unstable/main amd64 libcppunit-dev amd64 1.13.2-2.1 [171 kB]
Get:76 http://127.0.0.1:9999/debian unstable/main amd64 libosp5 amd64 1.5.2-13+b1 [948 kB]
Get:77 http://127.0.0.1:9999/debian unstable/main amd64 libpam0g-dev amd64 1.1.8-3.6 [184 kB]
Get:78 http://127.0.0.1:9999/debian unstable/main amd64 libsgmls-perl all 1.03ii-36 [26.5 kB]
Get:79 http://127.0.0.1:9999/debian unstable/main amd64 opensp amd64 1.5.2-13+b1 [449 kB]
Get:80 http://127.0.0.1:9999/debian unstable/main amd64 pkg-config amd64 0.29-4+b1 [63.3 kB]
Get:81 http://127.0.0.1:9999/debian unstable/main amd64 po4a all 0.51-1 [1477 kB]
Get:82 http://127.0.0.1:9999/debian unstable/main amd64 uuid-dev amd64 2.29.2-1 [83.7 kB]
debconf: delaying package configuration, since apt-utils is not installed
Fetched 56.1 MB in 0s (93.8 MB/s)
Selecting previously unselected package groff-base.
(Reading database ... 10178 files and directories currently installed.)
Preparing to unpack .../00-groff-base_1.22.3-9_amd64.deb ...
Unpacking groff-base (1.22.3-9) ...
Selecting previously unselected package bsdmainutils.
Preparing to unpack .../01-bsdmainutils_9.0.12+nmu1_amd64.deb ...
Unpacking bsdmainutils (9.0.12+nmu1) ...
Selecting previously unselected package libpipeline1:amd64.
Preparing to unpack .../02-libpipeline1_1.4.1-2_amd64.deb ...
Unpacking libpipeline1:amd64 (1.4.1-2) ...
Selecting previously unselected package man-db.
Preparing to unpack .../03-man-db_2.7.6.1-2_amd64.deb ...
Unpacking man-db (2.7.6.1-2) ...
Selecting previously unselected package cmake-data.
Preparing to unpack .../04-cmake-data_3.7.2-1_all.deb ...
Unpacking cmake-data (3.7.2-1) ...
Selecting previously unselected package libprocps6:amd64.
Preparing to unpack .../05-libprocps6_2%3a3.3.12-3_amd64.deb ...
Unpacking libprocps6:amd64 (2:3.3.12-3) ...
Selecting previously unselected package lsb-base.
Preparing to unpack .../06-lsb-base_9.20161125_all.deb ...
Unpacking lsb-base (9.20161125) ...
Selecting previously unselected package procps.
Preparing to unpack .../07-procps_2%3a3.3.12-3_amd64.deb ...
Unpacking procps (2:3.3.12-3) ...
Selecting previously unselected package liblzo2-2:amd64.
Preparing to unpack .../08-liblzo2-2_2.08-1.2+b2_amd64.deb ...
Unpacking liblzo2-2:amd64 (2.08-1.2+b2) ...
Selecting previously unselected package libicu57:amd64.
Preparing to unpack .../09-libicu57_57.1-6_amd64.deb ...
Unpacking libicu57:amd64 (57.1-6) ...
Selecting previously unselected package libxml2:amd64.
Preparing to unpack .../10-libxml2_2.9.4+dfsg1-3_amd64.deb ...
Unpacking libxml2:amd64 (2.9.4+dfsg1-3) ...
Selecting previously unselected package libarchive13:amd64.
Preparing to unpack .../11-libarchive13_3.2.2-2_amd64.deb ...
Unpacking libarchive13:amd64 (3.2.2-2) ...
Selecting previously unselected package libkeyutils1:amd64.
Preparing to unpack .../12-libkeyutils1_1.5.9-9_amd64.deb ...
Unpacking libkeyutils1:amd64 (1.5.9-9) ...
Selecting previously unselected package libkrb5support0:amd64.
Preparing to unpack .../13-libkrb5support0_1.15-1_amd64.deb ...
Unpacking libkrb5support0:amd64 (1.15-1) ...
Selecting previously unselected package libk5crypto3:amd64.
Preparing to unpack .../14-libk5crypto3_1.15-1_amd64.deb ...
Unpacking libk5crypto3:amd64 (1.15-1) ...
Selecting previously unselected package libkrb5-3:amd64.
Preparing to unpack .../15-libkrb5-3_1.15-1_amd64.deb ...
Unpacking libkrb5-3:amd64 (1.15-1) ...
Selecting previously unselected package libgssapi-krb5-2:amd64.
Preparing to unpack .../16-libgssapi-krb5-2_1.15-1_amd64.deb ...
Unpacking libgssapi-krb5-2:amd64 (1.15-1) ...
Selecting previously unselected package libsasl2-modules-db:amd64.
Preparing to unpack .../17-libsasl2-modules-db_2.1.27~101-g0780600+dfsg-3_amd64.deb ...
Unpacking libsasl2-modules-db:amd64 (2.1.27~101-g0780600+dfsg-3) ...
Selecting previously unselected package libsasl2-2:amd64.
Preparing to unpack .../18-libsasl2-2_2.1.27~101-g0780600+dfsg-3_amd64.deb ...
Unpacking libsasl2-2:amd64 (2.1.27~101-g0780600+dfsg-3) ...
Selecting previously unselected package libldap-common.
Preparing to unpack .../19-libldap-common_2.4.44+dfsg-7_all.deb ...
Unpacking libldap-common (2.4.44+dfsg-7) ...
Selecting previously unselected package libldap-2.4-2:amd64.
Preparing to unpack .../20-libldap-2.4-2_2.4.44+dfsg-7_amd64.deb ...
Unpacking libldap-2.4-2:amd64 (2.4.44+dfsg-7) ...
Selecting previously unselected package libnghttp2-14:amd64.
Preparing to unpack .../21-libnghttp2-14_1.24.0-1_amd64.deb ...
Unpacking libnghttp2-14:amd64 (1.24.0-1) ...
Selecting previously unselected package libpsl5:amd64.
Preparing to unpack .../22-libpsl5_0.17.0-4+b1_amd64.deb ...
Unpacking libpsl5:amd64 (0.17.0-4+b1) ...
Selecting previously unselected package librtmp1:amd64.
Preparing to unpack .../23-librtmp1_2.4+20151223.gitfa8646d.1-1+b1_amd64.deb ...
Unpacking librtmp1:amd64 (2.4+20151223.gitfa8646d.1-1+b1) ...
Selecting previously unselected package libssh2-1:amd64.
Preparing to unpack .../24-libssh2-1_1.8.0-1_amd64.deb ...
Unpacking libssh2-1:amd64 (1.8.0-1) ...
Selecting previously unselected package libssl1.0.2:amd64.
Preparing to unpack .../25-libssl1.0.2_1.0.2l-2_amd64.deb ...
Unpacking libssl1.0.2:amd64 (1.0.2l-2) ...
Selecting previously unselected package libcurl3:amd64.
Preparing to unpack .../26-libcurl3_7.52.1-5_amd64.deb ...
Unpacking libcurl3:amd64 (7.52.1-5) ...
Selecting previously unselected package libexpat1:amd64.
Preparing to unpack .../27-libexpat1_2.2.1-3_amd64.deb ...
Unpacking libexpat1:amd64 (2.2.1-3) ...
Selecting previously unselected package libuv1:amd64.
Preparing to unpack .../28-libuv1_1.9.1-3_amd64.deb ...
Unpacking libuv1:amd64 (1.9.1-3) ...
Selecting previously unselected package cmake.
Preparing to unpack .../29-cmake_3.7.2-1_amd64.deb ...
Unpacking cmake (3.7.2-1) ...
Selecting previously unselected package sgml-base.
Preparing to unpack .../30-sgml-base_1.29_all.deb ...
Unpacking sgml-base (1.29) ...
Selecting previously unselected package libmagic-mgc.
Preparing to unpack .../31-libmagic-mgc_1%3a5.30-1_amd64.deb ...
Unpacking libmagic-mgc (1:5.30-1) ...
Selecting previously unselected package libmagic1:amd64.
Preparing to unpack .../32-libmagic1_1%3a5.30-1_amd64.deb ...
Unpacking libmagic1:amd64 (1:5.30-1) ...
Selecting previously unselected package file.
Preparing to unpack .../33-file_1%3a5.30-1_amd64.deb ...
Unpacking file (1:5.30-1) ...
Selecting previously unselected package gettext-base.
Preparing to unpack .../34-gettext-base_0.19.8.1-2+b1_amd64.deb ...
Unpacking gettext-base (0.19.8.1-2+b1) ...
Selecting previously unselected package libsigsegv2:amd64.
Preparing to unpack .../35-libsigsegv2_2.11-1_amd64.deb ...
Unpacking libsigsegv2:amd64 (2.11-1) ...
Selecting previously unselected package m4.
Preparing to unpack .../36-m4_1.4.18-1_amd64.deb ...
Unpacking m4 (1.4.18-1) ...
Selecting previously unselected package autoconf.
Preparing to unpack .../37-autoconf_2.69-10_all.deb ...
Unpacking autoconf (2.69-10) ...
Selecting previously unselected package autotools-dev.
Preparing to unpack .../38-autotools-dev_20161112.1_all.deb ...
Unpacking autotools-dev (20161112.1) ...
Selecting previously unselected package automake.
Preparing to unpack .../39-automake_1%3a1.15.1-2_all.deb ...
Unpacking automake (1:1.15.1-2) ...
Selecting previously unselected package autopoint.
Preparing to unpack .../40-autopoint_0.19.8.1-2_all.deb ...
Unpacking autopoint (0.19.8.1-2) ...
Selecting previously unselected package libtool.
Preparing to unpack .../41-libtool_2.4.6-2_all.deb ...
Unpacking libtool (2.4.6-2) ...
Selecting previously unselected package dh-autoreconf.
Preparing to unpack .../42-dh-autoreconf_14_all.deb ...
Unpacking dh-autoreconf (14) ...
Selecting previously unselected package libarchive-zip-perl.
Preparing to unpack .../43-libarchive-zip-perl_1.59-1_all.deb ...
Unpacking libarchive-zip-perl (1.59-1) ...
Selecting previously unselected package libfile-stripnondeterminism-perl.
Preparing to unpack .../44-libfile-stripnondeterminism-perl_0.035-2_all.deb ...
Unpacking libfile-stripnondeterminism-perl (0.035-2) ...
Selecting previously unselected package libtimedate-perl.
Preparing to unpack .../45-libtimedate-perl_2.3000-2_all.deb ...
Unpacking libtimedate-perl (2.3000-2) ...
Selecting previously unselected package dh-strip-nondeterminism.
Preparing to unpack .../46-dh-strip-nondeterminism_0.035-2_all.deb ...
Unpacking dh-strip-nondeterminism (0.035-2) ...
Selecting previously unselected package libglib2.0-0:amd64.
Preparing to unpack .../47-libglib2.0-0_2.52.3-1_amd64.deb ...
Unpacking libglib2.0-0:amd64 (2.52.3-1) ...
Selecting previously unselected package libcroco3:amd64.
Preparing to unpack .../48-libcroco3_0.6.12-1_amd64.deb ...
Unpacking libcroco3:amd64 (0.6.12-1) ...
Selecting previously unselected package gettext.
Preparing to unpack .../49-gettext_0.19.8.1-2+b1_amd64.deb ...
Unpacking gettext (0.19.8.1-2+b1) ...
Selecting previously unselected package intltool-debian.
Preparing to unpack .../50-intltool-debian_0.35.0+20060710.4_all.deb ...
Unpacking intltool-debian (0.35.0+20060710.4) ...
Selecting previously unselected package po-debconf.
Preparing to unpack .../51-po-debconf_1.0.20_all.deb ...
Unpacking po-debconf (1.0.20) ...
Selecting previously unselected package debhelper.
Preparing to unpack .../52-debhelper_10.6.2_all.deb ...
Unpacking debhelper (10.6.2) ...
Selecting previously unselected package dh-systemd.
Preparing to unpack .../53-dh-systemd_10.6.2_all.deb ...
Unpacking dh-systemd (10.6.2) ...
Selecting previously unselected package icu-devtools.
Preparing to unpack .../54-icu-devtools_57.1-6_amd64.deb ...
Unpacking icu-devtools (57.1-6) ...
Selecting previously unselected package libboost1.62-dev:amd64.
Preparing to unpack .../55-libboost1.62-dev_1.62.0+dfsg-4+b1_amd64.deb ...
Unpacking libboost1.62-dev:amd64 (1.62.0+dfsg-4+b1) ...
Selecting previously unselected package libboost-dev:amd64.
Preparing to unpack .../56-libboost-dev_1.62.0.1_amd64.deb ...
Unpacking libboost-dev:amd64 (1.62.0.1) ...
Selecting previously unselected package libboost-system1.62.0:amd64.
Preparing to unpack .../57-libboost-system1.62.0_1.62.0+dfsg-4+b1_amd64.deb ...
Unpacking libboost-system1.62.0:amd64 (1.62.0+dfsg-4+b1) ...
Selecting previously unselected package libboost-filesystem1.62.0:amd64.
Preparing to unpack .../58-libboost-filesystem1.62.0_1.62.0+dfsg-4+b1_amd64.deb ...
Unpacking libboost-filesystem1.62.0:amd64 (1.62.0+dfsg-4+b1) ...
Selecting previously unselected package libboost-system1.62-dev:amd64.
Preparing to unpack .../59-libboost-system1.62-dev_1.62.0+dfsg-4+b1_amd64.deb ...
Unpacking libboost-system1.62-dev:amd64 (1.62.0+dfsg-4+b1) ...
Selecting previously unselected package libboost-filesystem1.62-dev:amd64.
Preparing to unpack .../60-libboost-filesystem1.62-dev_1.62.0+dfsg-4+b1_amd64.deb ...
Unpacking libboost-filesystem1.62-dev:amd64 (1.62.0+dfsg-4+b1) ...
Selecting previously unselected package libboost-filesystem-dev:amd64.
Preparing to unpack .../61-libboost-filesystem-dev_1.62.0.1_amd64.deb ...
Unpacking libboost-filesystem-dev:amd64 (1.62.0.1) ...
Selecting previously unselected package libboost-regex1.62.0:amd64.
Preparing to unpack .../62-libboost-regex1.62.0_1.62.0+dfsg-4+b1_amd64.deb ...
Unpacking libboost-regex1.62.0:amd64 (1.62.0+dfsg-4+b1) ...
Selecting previously unselected package libicu-dev.
Preparing to unpack .../63-libicu-dev_57.1-6_amd64.deb ...
Unpacking libicu-dev (57.1-6) ...
Selecting previously unselected package libboost-regex1.62-dev:amd64.
Preparing to unpack .../64-libboost-regex1.62-dev_1.62.0+dfsg-4+b1_amd64.deb ...
Unpacking libboost-regex1.62-dev:amd64 (1.62.0+dfsg-4+b1) ...
Selecting previously unselected package libboost-iostreams1.62.0:amd64.
Preparing to unpack .../65-libboost-iostreams1.62.0_1.62.0+dfsg-4+b1_amd64.deb ...
Unpacking libboost-iostreams1.62.0:amd64 (1.62.0+dfsg-4+b1) ...
Selecting previously unselected package libboost-iostreams1.62-dev:amd64.
Preparing to unpack .../66-libboost-iostreams1.62-dev_1.62.0+dfsg-4+b1_amd64.deb ...
Unpacking libboost-iostreams1.62-dev:amd64 (1.62.0+dfsg-4+b1) ...
Selecting previously unselected package libboost-iostreams-dev:amd64.
Preparing to unpack .../67-libboost-iostreams-dev_1.62.0.1_amd64.deb ...
Unpacking libboost-iostreams-dev:amd64 (1.62.0.1) ...
Selecting previously unselected package libboost-program-options1.62.0:amd64.
Preparing to unpack .../68-libboost-program-options1.62.0_1.62.0+dfsg-4+b1_amd64.deb ...
Unpacking libboost-program-options1.62.0:amd64 (1.62.0+dfsg-4+b1) ...
Selecting previously unselected package libboost-program-options1.62-dev:amd64.
Preparing to unpack .../69-libboost-program-options1.62-dev_1.62.0+dfsg-4+b1_amd64.deb ...
Unpacking libboost-program-options1.62-dev:amd64 (1.62.0+dfsg-4+b1) ...
Selecting previously unselected package libboost-program-options-dev:amd64.
Preparing to unpack .../70-libboost-program-options-dev_1.62.0.1_amd64.deb ...
Unpacking libboost-program-options-dev:amd64 (1.62.0.1) ...
Selecting previously unselected package libboost-regex-dev:amd64.
Preparing to unpack .../71-libboost-regex-dev_1.62.0.1_amd64.deb ...
Unpacking libboost-regex-dev:amd64 (1.62.0.1) ...
Selecting previously unselected package libcppunit-1.13-0v5:amd64.
Preparing to unpack .../72-libcppunit-1.13-0v5_1.13.2-2.1_amd64.deb ...
Unpacking libcppunit-1.13-0v5:amd64 (1.13.2-2.1) ...
Selecting previously unselected package libcppunit-dev.
Preparing to unpack .../73-libcppunit-dev_1.13.2-2.1_amd64.deb ...
Unpacking libcppunit-dev (1.13.2-2.1) ...
Selecting previously unselected package libosp5.
Preparing to unpack .../74-libosp5_1.5.2-13+b1_amd64.deb ...
Unpacking libosp5 (1.5.2-13+b1) ...
Selecting previously unselected package libpam0g-dev:amd64.
Preparing to unpack .../75-libpam0g-dev_1.1.8-3.6_amd64.deb ...
Unpacking libpam0g-dev:amd64 (1.1.8-3.6) ...
Selecting previously unselected package libsgmls-perl.
Preparing to unpack .../76-libsgmls-perl_1.03ii-36_all.deb ...
Unpacking libsgmls-perl (1.03ii-36) ...
Selecting previously unselected package opensp.
Preparing to unpack .../77-opensp_1.5.2-13+b1_amd64.deb ...
Unpacking opensp (1.5.2-13+b1) ...
Selecting previously unselected package pkg-config.
Preparing to unpack .../78-pkg-config_0.29-4+b1_amd64.deb ...
Unpacking pkg-config (0.29-4+b1) ...
Selecting previously unselected package po4a.
Preparing to unpack .../79-po4a_0.51-1_all.deb ...
Unpacking po4a (0.51-1) ...
Selecting previously unselected package uuid-dev:amd64.
Preparing to unpack .../80-uuid-dev_2.29.2-1_amd64.deb ...
Unpacking uuid-dev:amd64 (2.29.2-1) ...
Selecting previously unselected package sbuild-build-depends-schroot-dummy.
Preparing to unpack .../81-sbuild-build-depends-schroot-dummy_0.invalid.0_amd64.deb ...
Unpacking sbuild-build-depends-schroot-dummy (0.invalid.0) ...
Setting up libpam0g-dev:amd64 (1.1.8-3.6) ...
Setting up libexpat1:amd64 (2.2.1-3) ...
Setting up libarchive-zip-perl (1.59-1) ...
Setting up libnghttp2-14:amd64 (1.24.0-1) ...
Setting up libboost1.62-dev:amd64 (1.62.0+dfsg-4+b1) ...
Setting up libtimedate-perl (2.3000-2) ...
Setting up libsigsegv2:amd64 (2.11-1) ...
Setting up libldap-common (2.4.44+dfsg-7) ...
Setting up libboost-program-options1.62.0:amd64 (1.62.0+dfsg-4+b1) ...
Setting up libuv1:amd64 (1.9.1-3) ...
Setting up libpsl5:amd64 (0.17.0-4+b1) ...
Setting up groff-base (1.22.3-9) ...
Setting up libglib2.0-0:amd64 (2.52.3-1) ...
No schema files found: doing nothing.
Setting up libcppunit-1.13-0v5:amd64 (1.13.2-2.1) ...
Setting up libsasl2-modules-db:amd64 (2.1.27~101-g0780600+dfsg-3) ...
Setting up libboost-program-options1.62-dev:amd64 (1.62.0+dfsg-4+b1) ...
Setting up libsasl2-2:amd64 (2.1.27~101-g0780600+dfsg-3) ...
Setting up uuid-dev:amd64 (2.29.2-1) ...
Setting up libosp5 (1.5.2-13+b1) ...
Setting up gettext-base (0.19.8.1-2+b1) ...
Setting up cmake-data (3.7.2-1) ...
Setting up libpipeline1:amd64 (1.4.1-2) ...
Setting up librtmp1:amd64 (2.4+20151223.gitfa8646d.1-1+b1) ...
Setting up m4 (1.4.18-1) ...
Setting up sgml-base (1.29) ...
Setting up libicu57:amd64 (57.1-6) ...
Setting up libprocps6:amd64 (2:3.3.12-3) ...
Setting up libxml2:amd64 (2.9.4+dfsg1-3) ...
Setting up libmagic-mgc (1:5.30-1) ...
Setting up libmagic1:amd64 (1:5.30-1) ...
Setting up lsb-base (9.20161125) ...
Setting up procps (2:3.3.12-3) ...
update-alternatives: using /usr/bin/w.procps to provide /usr/bin/w (w) in auto mode
Setting up libcroco3:amd64 (0.6.12-1) ...
Setting up libboost-iostreams1.62.0:amd64 (1.62.0+dfsg-4+b1) ...
Setting up libssl1.0.2:amd64 (1.0.2l-2) ...
Setting up pkg-config (0.29-4+b1) ...
Setting up libssh2-1:amd64 (1.8.0-1) ...
Processing triggers for libc-bin (2.24-12) ...
Setting up autotools-dev (20161112.1) ...
Setting up libldap-2.4-2:amd64 (2.4.44+dfsg-7) ...
Setting up icu-devtools (57.1-6) ...
Setting up libboost-dev:amd64 (1.62.0.1) ...
Setting up libkeyutils1:amd64 (1.5.9-9) ...
Setting up bsdmainutils (9.0.12+nmu1) ...
update-alternatives: using /usr/bin/bsd-write to provide /usr/bin/write (write) in auto mode
update-alternatives: using /usr/bin/bsd-from to provide /usr/bin/from (from) in auto mode
Setting up libsgmls-perl (1.03ii-36) ...
Setting up autopoint (0.19.8.1-2) ...
Setting up libboost-system1.62.0:amd64 (1.62.0+dfsg-4+b1) ...
Setting up liblzo2-2:amd64 (2.08-1.2+b2) ...
Setting up libboost-program-options-dev:amd64 (1.62.0.1) ...
Setting up libfile-stripnondeterminism-perl (0.035-2) ...
Setting up opensp (1.5.2-13+b1) ...
Setting up gettext (0.19.8.1-2+b1) ...
Setting up libarchive13:amd64 (3.2.2-2) ...
Setting up libcppunit-dev (1.13.2-2.1) ...
Setting up libboost-regex1.62.0:amd64 (1.62.0+dfsg-4+b1) ...
Setting up autoconf (2.69-10) ...
Setting up libicu-dev (57.1-6) ...
Setting up file (1:5.30-1) ...
Setting up libkrb5support0:amd64 (1.15-1) ...
Setting up intltool-debian (0.35.0+20060710.4) ...
Setting up libboost-system1.62-dev:amd64 (1.62.0+dfsg-4+b1) ...
Setting up po4a (0.51-1) ...
Setting up libboost-filesystem1.62.0:amd64 (1.62.0+dfsg-4+b1) ...
Setting up automake (1:1.15.1-2) ...
update-alternatives: using /usr/bin/automake-1.15 to provide /usr/bin/automake (automake) in auto mode
Setting up man-db (2.7.6.1-2) ...
Not building database; man-db/auto-update is not 'true'.
Setting up libtool (2.4.6-2) ...
Setting up libk5crypto3:amd64 (1.15-1) ...
Setting up libboost-filesystem1.62-dev:amd64 (1.62.0+dfsg-4+b1) ...
Setting up po-debconf (1.0.20) ...
Setting up libboost-regex1.62-dev:amd64 (1.62.0+dfsg-4+b1) ...
Setting up libboost-iostreams1.62-dev:amd64 (1.62.0+dfsg-4+b1) ...
Setting up libboost-filesystem-dev:amd64 (1.62.0.1) ...
Setting up libboost-iostreams-dev:amd64 (1.62.0.1) ...
Setting up libboost-regex-dev:amd64 (1.62.0.1) ...
Setting up libkrb5-3:amd64 (1.15-1) ...
Setting up libgssapi-krb5-2:amd64 (1.15-1) ...
Setting up libcurl3:amd64 (7.52.1-5) ...
Setting up cmake (3.7.2-1) ...
Setting up dh-autoreconf (14) ...
Setting up dh-strip-nondeterminism (0.035-2) ...
Setting up debhelper (10.6.2) ...
Setting up dh-systemd (10.6.2) ...
Setting up sbuild-build-depends-schroot-dummy (0.invalid.0) ...
Processing triggers for libc-bin (2.24-12) ...

+------------------------------------------------------------------------------+
| Build environment                                                            |
+------------------------------------------------------------------------------+

Kernel: Linux 4.9.0-2-amd64 amd64 (x86_64)
Toolchain package versions: binutils_2.28-6 dpkg-dev_1.18.24 g++-6_6.4.0-1 gcc-6_6.4.0-1 libc6-dev_2.24-12 libstdc++-6-dev_6.4.0-1 libstdc++6_7.1.0-9 linux-libc-dev_4.11.6-1
Package versions: adduser_3.115 apt_1.5~beta1 autoconf_2.69-10 automake_1:1.15.1-2 autopoint_0.19.8.1-2 autotools-dev_20161112.1 base-files_10 base-passwd_3.5.43 bash_4.4-5 binutils_2.28-6 bsdmainutils_9.0.12+nmu1 bsdutils_1:2.29.2-1 build-essential_12.3 bzip2_1.0.6-8.1 clang-3.9_1:3.9.1-10 cmake_3.7.2-1 cmake-data_3.7.2-1 coreutils_8.26-3 cpp_4:6.3.0-4d1 cpp-6_6.4.0-1 dash_0.5.8-2.4 debconf_1.5.62 debfoster_2.7-2.1+b1 debhelper_10.6.2 debian-archive-keyring_2017.5 debianutils_4.8.1.1 dh-autoreconf_14 dh-strip-nondeterminism_0.035-2 dh-systemd_10.6.2 diffutils_1:3.5-3 dpkg_1.18.24 dpkg-dev_1.18.24 e2fslibs_1.43.4-2 e2fsprogs_1.43.4-2 eatmydata_105-5 fakeroot_1.21-3.1 file_1:5.30-1 findutils_4.6.0+git+20170606-2 g++_4:6.3.0-4d1 g++-6_6.4.0-1 gcc_4:6.3.0-4d1 gcc-6_6.4.0-1 gcc-6-base_6.4.0-1 gcc-7-base_7.1.0-9 gettext_0.19.8.1-2+b1 gettext-base_0.19.8.1-2+b1 gpgv_2.1.18-8 grep_2.27-2 groff-base_1.22.3-9 gzip_1.6-5+b1 hostname_3.18+b1 icu-devtools_57.1-6 init-system-helpers_1.48 intltool-debian_0.35.0+20060710.4 libacl1_2.2.52-3+b1 libapt-pkg5.0_1.5~beta1 libarchive-zip-perl_1.59-1 libarchive13_3.2.2-2 libasan3_6.4.0-1 libatomic1_7.1.0-9 libattr1_1:2.4.47-2+b2 libaudit-common_1:2.7.7-1 libaudit1_1:2.7.7-1+b1 libblkid1_2.29.2-1 libboost-dev_1.62.0.1 libboost-filesystem-dev_1.62.0.1 libboost-filesystem1.62-dev_1.62.0+dfsg-4+b1 libboost-filesystem1.62.0_1.62.0+dfsg-4+b1 libboost-iostreams-dev_1.62.0.1 libboost-iostreams1.62-dev_1.62.0+dfsg-4+b1 libboost-iostreams1.62.0_1.62.0+dfsg-4+b1 libboost-program-options-dev_1.62.0.1 libboost-program-options1.62-dev_1.62.0+dfsg-4+b1 libboost-program-options1.62.0_1.62.0+dfsg-4+b1 libboost-regex-dev_1.62.0.1 libboost-regex1.62-dev_1.62.0+dfsg-4+b1 libboost-regex1.62.0_1.62.0+dfsg-4+b1 libboost-system1.62-dev_1.62.0+dfsg-4+b1 libboost-system1.62.0_1.62.0+dfsg-4+b1 libboost1.62-dev_1.62.0+dfsg-4+b1 libbsd0_0.8.5-1 libbz2-1.0_1.0.6-8.1 libc-bin_2.24-12 libc-dev-bin_2.24-12 libc6_2.24-12 libc6-dev_2.24-12 libcap-ng0_0.7.7-3+b1 libcc1-0_7.1.0-9 libcilkrts5_7.1.0-9 libclang-common-3.9-dev_1:3.9.1-10 libclang1-3.9_1:3.9.1-10 libcomerr2_1.43.4-2 libcppunit-1.13-0v5_1.13.2-2.1 libcppunit-dev_1.13.2-2.1 libcroco3_0.6.12-1 libcurl3_7.52.1-5 libdb5.3_5.3.28-12+b1 libdebconfclient0_0.229 libdpkg-perl_1.18.24 libeatmydata1_105-5 libedit2_3.1-20170329-1 libexpat1_2.2.1-3 libfakeroot_1.21-3.1 libfdisk1_2.29.2-1 libffi6_3.2.1-6 libfile-stripnondeterminism-perl_0.035-2 libgc1c2_1:7.4.2-8 libgcc-6-dev_6.4.0-1 libgcc1_1:7.1.0-9 libgcrypt20_1.7.8-1 libgdbm3_1.8.3-14 libglib2.0-0_2.52.3-1 libgmp10_2:6.1.2+dfsg-1 libgnutls30_3.5.13-2 libgomp1_7.1.0-9 libgpg-error0_1.27-3 libgssapi-krb5-2_1.15-1 libhogweed4_3.3-1+b1 libicu-dev_57.1-6 libicu57_57.1-6 libidn2-0_0.16-1+b1 libisl15_0.18-1 libitm1_7.1.0-9 libjsoncpp1_1.7.4-3 libk5crypto3_1.15-1 libkeyutils1_1.5.9-9 libkrb5-3_1.15-1 libkrb5support0_1.15-1 libldap-2.4-2_2.4.44+dfsg-7 libldap-common_2.4.44+dfsg-7 libllvm3.9_1:3.9.1-10 liblsan0_7.1.0-9 liblz4-1_0.0~r131-2+b1 liblzma5_5.2.2-1.2+b1 liblzo2-2_2.08-1.2+b2 libmagic-mgc_1:5.30-1 libmagic1_1:5.30-1 libmount1_2.29.2-1 libmpc3_1.0.3-1+b2 libmpfr4_3.1.5-1 libmpx2_7.1.0-9 libncurses5_6.0+20161126-1 libncursesw5_6.0+20161126-1 libnettle6_3.3-1+b1 libnghttp2-14_1.24.0-1 libobjc-6-dev_6.4.0-1 libobjc4_7.1.0-9 libosp5_1.5.2-13+b1 libp11-kit0_0.23.7-2 libpam-modules_1.1.8-3.6 libpam-modules-bin_1.1.8-3.6 libpam-runtime_1.1.8-3.6 libpam0g_1.1.8-3.6 libpam0g-dev_1.1.8-3.6 libpcre3_2:8.39-3 libperl5.24_5.24.1-6 libpipeline1_1.4.1-2 libprocps6_2:3.3.12-3 libpsl5_0.17.0-4+b1 libquadmath0_7.1.0-9 librtmp1_2.4+20151223.gitfa8646d.1-1+b1 libsasl2-2_2.1.27~101-g0780600+dfsg-3 libsasl2-modules-db_2.1.27~101-g0780600+dfsg-3 libselinux1_2.6-3+b2 libsemanage-common_2.6-2 libsemanage1_2.6-2+b1 libsepol1_2.6-2 libsgmls-perl_1.03ii-36 libsigsegv2_2.11-1 libsmartcols1_2.29.2-1 libss2_1.43.4-2 libssh2-1_1.8.0-1 libssl1.0.2_1.0.2l-2 libstdc++-6-dev_6.4.0-1 libstdc++6_7.1.0-9 libsystemd0_233-10 libtasn1-6_4.12-2 libtimedate-perl_2.3000-2 libtinfo5_6.0+20161126-1 libtool_2.4.6-2 libtsan0_7.1.0-9 libubsan0_7.1.0-9 libudev1_233-10 libunistring2_0.9.7-2 libustr-1.0-1_1.0.4-6 libuuid1_2.29.2-1 libuv1_1.9.1-3 libxml2_2.9.4+dfsg1-3 linux-libc-dev_4.11.6-1 login_1:4.4-4.1 lsb-base_9.20161125 m4_1.4.18-1 make_4.1-9.1 man-db_2.7.6.1-2 mawk_1.3.3-17+b3 mount_2.29.2-1 multiarch-support_2.24-12 ncurses-base_6.0+20161126-1 ncurses-bin_6.0+20161126-1 opensp_1.5.2-13+b1 passwd_1:4.4-4.1 patch_2.7.5-1+b2 perl_5.24.1-6 perl-base_5.24.1-6 perl-modules-5.24_5.24.1-6 pkg-config_0.29-4+b1 po-debconf_1.0.20 po4a_0.51-1 procps_2:3.3.12-3 sbuild-build-depends-core-dummy_0.invalid.0 sbuild-build-depends-schroot-dummy_0.invalid.0 sed_4.4-1 sensible-utils_0.0.9 sgml-base_1.29 sysvinit-utils_2.88dsf-59.9 tar_1.29b-1.1 util-linux_2.29.2-1 uuid-dev_2.29.2-1 xz-utils_5.2.2-1.2+b1 zlib1g_1:1.2.8.dfsg-5

+------------------------------------------------------------------------------+
| Build                                                                        |
+------------------------------------------------------------------------------+


Unpack source
-------------

gpgv: unknown type of key resource 'trustedkeys.kbx'
gpgv: keyblock resource '/sbuild-nonexistent/.gnupg/trustedkeys.kbx': General error
gpgv: Signature made Tue Jun  6 15:22:28 2017 UTC
gpgv:                using RSA key D7CDB78351109E12752EC6D203881DABEBC29AB9
gpgv: Can't check signature: No public key
dpkg-source: warning: failed to verify signature on ./schroot_1.6.10-4.dsc
dpkg-source: info: extracting schroot in /<<PKGBUILDDIR>>
dpkg-source: info: unpacking schroot_1.6.10.orig.tar.xz
dpkg-source: info: unpacking schroot_1.6.10-4.debian.tar.xz
dpkg-source: info: applying Add-support-for-more-compression-formats.patch
dpkg-source: info: applying Add-SESSION_SOURCE-and-CHROOT_SESSION_SOURCE.patch
dpkg-source: info: applying 10mount-Move-mount-directory-to-var-run.patch
dpkg-source: info: applying Support-union-mounts-with-overlay-as-in-Linux-4.0.patch
dpkg-source: info: applying GCC5-fixes-on-regexes.patch
dpkg-source: info: applying schroot-mount-make-bind-mounts-private.patch
dpkg-source: info: applying schroot-mount-resolve-mount-destinations-while-chrooted.patch
dpkg-source: info: applying fix-test-suite-with-usrmerge.patch
dpkg-source: info: applying Unmount-everything-that-we-can-instead-of-giving-up.patch
dpkg-source: info: applying fix-killprocs.patch
dpkg-source: info: applying fix-bash-completion.patch

Check disk space
----------------

Sufficient free space for build

User Environment
----------------

APT_CONFIG=/var/lib/sbuild/apt.conf
HOME=/sbuild-nonexistent
LANG=en_US.UTF-8
LC_ALL=POSIX
LOGNAME=user42
PATH=/usr/local/sbin:/usr/local/bin:/usr/sbin:/usr/bin:/sbin:/bin:/usr/games
SCHROOT_ALIAS_NAME=unstable-amd64-sbuild
SCHROOT_CHROOT_NAME=unstable-amd64-sbuild
SCHROOT_COMMAND=env
SCHROOT_GID=1001
SCHROOT_GROUP=user42
SCHROOT_SESSION_ID=unstable-amd64-sbuild-7dc24957-f174-4c85-b0e5-1c310fc26778
SCHROOT_UID=1001
SCHROOT_USER=user42
SHELL=/bin/sh
USER=user42

dpkg-buildpackage
-----------------

dpkg-buildpackage: info: source package schroot
dpkg-buildpackage: info: source version 1.6.10-4
dpkg-buildpackage: info: source distribution unstable
dpkg-buildpackage: info: source changed by Raphal Hertzog <hertzog@debian.org>
 dpkg-source --before-build schroot-1.6.10
dpkg-buildpackage: info: host architecture amd64
 fakeroot debian/rules clean
dh clean --with systemd --buildsystem=cmake --builddirectory=debian/build --parallel
   dh_testdir -O--buildsystem=cmake -O--builddirectory=debian/build -O--parallel
   debian/rules override_dh_auto_clean
make[1]: Entering directory '/<<PKGBUILDDIR>>'
dh_auto_clean
rm -f debian/schroot.install debian/schroot-common.install
rm -rf debian/build
rm -rf debian/install
make[1]: Leaving directory '/<<PKGBUILDDIR>>'
   dh_clean -O--buildsystem=cmake -O--builddirectory=debian/build -O--parallel
 debian/rules build-arch
dh build-arch --with systemd --buildsystem=cmake --builddirectory=debian/build --parallel
   dh_testdir -a -O--buildsystem=cmake -O--builddirectory=debian/build -O--parallel
   dh_update_autotools_config -a -O--buildsystem=cmake -O--builddirectory=debian/build -O--parallel
   debian/rules override_dh_auto_configure
make[1]: Entering directory '/<<PKGBUILDDIR>>'
mkdir -p debian/build/
cd debian/build/ ; \
  GTEST_ROOT="/<<PKGBUILDDIR>>/debian/build/gtest" \
  CFLAGS="-g -O2 -fdebug-prefix-map=/<<PKGBUILDDIR>>=. -fstack-protector-strong -Wformat -Werror=format-security -Wall -Wdate-time -D_FORTIFY_SOURCE=2" \
  CXXFLAGS="-g -O2 -fdebug-prefix-map=/<<PKGBUILDDIR>>=. -fstack-protector-strong -Wformat -Werror=format-security -Wall -D_FILE_OFFSET_BITS=64 -D_LARGEFILE_SOURCE -Wdate-time -D_FORTIFY_SOURCE=2" \
  cmake -DCMAKE_INSTALL_PREFIX=/usr \
        -DCMAKE_INSTALL_SYSCONFDIR=/etc \
        -DCMAKE_INSTALL_LOCALSTATEDIR=/var \
        -DCMAKE_INSTALL_LIBEXECDIR=lib \
        -DSCHROOT_LIBEXEC_DIR=/usr/lib/x86_64-linux-gnu/schroot \
        -Ddebug=OFF -Ddchroot=OFF -Ddchroot-dsa=OFF \
        -Dbash_completion_dir=/usr/share/bash-completion/completions \
        -Dlvm-snapshot=ON -Dbtrfs-snapshot=ON \
        -DBTRFS_EXECUTABLE=/sbin/btrfs \
        -DLVCREATE_EXECUTABLE=/sbin/lvcreate \
        -DLVREMOVE_EXECUTABLE=/sbin/lvremove \
        /<<PKGBUILDDIR>>
-- The C compiler identification is Clang 3.9.1
-- The CXX compiler identification is Clang 3.9.1
-- Check for working C compiler: /usr/bin/cc
-- Check for working C compiler: /usr/bin/cc -- works
-- Detecting C compiler ABI info
-- Detecting C compiler ABI info - done
-- Detecting C compile features
-- Detecting C compile features - done
-- Check for working CXX compiler: /usr/bin/c++
-- Check for working CXX compiler: /usr/bin/c++ -- works
-- Detecting CXX compiler ABI info
-- Detecting CXX compiler ABI info - done
-- Detecting CXX compile features
-- Detecting CXX compile features - done
-- Reading release metadata from cmake/GitVersion.cmake
-- Configuring schroot 1.6.10 (05 May 2014)
-- Performing Test CXX_FLAG_CXX11
-- Performing Test CXX_FLAG_CXX11 - Success
-- Performing Test CXX_FLAG-pedantic
-- Performing Test CXX_FLAG-pedantic - Success
-- Performing Test CXX_FLAG-Wall
-- Performing Test CXX_FLAG-Wall - Success
-- Performing Test CXX_FLAG-Wcast-align
-- Performing Test CXX_FLAG-Wcast-align - Success
-- Performing Test CXX_FLAG-Wwrite-strings
-- Performing Test CXX_FLAG-Wwrite-strings - Success
-- Performing Test CXX_FLAG-Wswitch-default
-- Performing Test CXX_FLAG-Wswitch-default - Success
-- Performing Test CXX_FLAG-Wcast-qual
-- Performing Test CXX_FLAG-Wcast-qual - Success
-- Performing Test CXX_FLAG-Wunused-variable
-- Performing Test CXX_FLAG-Wunused-variable - Success
-- Performing Test CXX_FLAG-Wredundant-decls
-- Performing Test CXX_FLAG-Wredundant-decls - Success
-- Performing Test CXX_FLAG-Wctor-dtor-privacy
-- Performing Test CXX_FLAG-Wctor-dtor-privacy - Success
-- Performing Test CXX_FLAG-Wnon-virtual-dtor
-- Performing Test CXX_FLAG-Wnon-virtual-dtor - Success
-- Performing Test CXX_FLAG-Wreorder
-- Performing Test CXX_FLAG-Wreorder - Success
-- Performing Test CXX_FLAG-Wold-style-cast
-- Performing Test CXX_FLAG-Wold-style-cast - Success
-- Performing Test CXX_FLAG-Woverloaded-virtual
-- Performing Test CXX_FLAG-Woverloaded-virtual - Success
-- Performing Test CXX_FLAG-fstrict-aliasing
-- Performing Test CXX_FLAG-fstrict-aliasing - Success
-- Looking for C++ include tuple
-- Looking for C++ include tuple - found
-- Looking for C++ include tr1/tuple
-- Looking for C++ include tr1/tuple - found
-- Performing Test HAVE_MEMORY_SHARED_PTR
-- Performing Test HAVE_MEMORY_SHARED_PTR - Success
-- Looking for C++ include tr1/memory
-- Looking for C++ include tr1/memory - found
-- Looking for pthread.h
-- Looking for pthread.h - found
-- Looking for pthread_create
-- Looking for pthread_create - not found
-- Looking for pthread_create in pthreads
-- Looking for pthread_create in pthreads - not found
-- Looking for pthread_create in pthread
-- Looking for pthread_create in pthread - found
-- Found Threads: TRUE  
-- Boost version: 1.62.0
-- Boost version: 1.62.0
-- Found the following Boost libraries:
--   filesystem
--   system
--   iostreams
--   program_options
--   regex
-- Looking for C++ include boost/format.hpp
-- Looking for C++ include boost/format.hpp - found
-- Looking for C++ include boost/iostreams/device/file_descriptor.hpp
-- Looking for C++ include boost/iostreams/device/file_descriptor.hpp - found
-- Looking for C++ include boost/program_options.hpp
-- Looking for C++ include boost/program_options.hpp - found
-- Looking for C++ include boost/type_traits.hpp
-- Looking for C++ include boost/type_traits.hpp - found
-- Performing Test BOOST_PROGRAM_OPTIONS_LINK
-- Performing Test BOOST_PROGRAM_OPTIONS_LINK - Success
-- Performing Test BOOST_PROGRAM_OPTIONS_DESCRIPTION_CURRENT_LINK
-- Performing Test BOOST_PROGRAM_OPTIONS_DESCRIPTION_CURRENT_LINK - Success
-- Performing Test BOOST_IOSTREAMS_LINK
-- Performing Test BOOST_IOSTREAMS_LINK - Success
-- Performing Test BOOST_IOSTREAMS_CLOSE_HANDLE_CURRENT_LINK
-- Performing Test BOOST_IOSTREAMS_CLOSE_HANDLE_CURRENT_LINK - Success
-- Performing Test BOOST_FILESYSTEM_LINK
-- Performing Test BOOST_FILESYSTEM_LINK - Success
-- Performing Test HAVE_REGEX_REGEX
-- Performing Test HAVE_REGEX_REGEX - Success
-- Performing Test CPPUNIT_CLASS
-- Performing Test CPPUNIT_CLASS - Success
-- Found Gettext: /usr/bin/msgmerge (found version "0.19.8.1") 
-- Looking for C++ include uuid/uuid.h
-- Looking for C++ include uuid/uuid.h - found
-- Looking for uuid_generate in uuid
-- Looking for uuid_generate in uuid - found
-- Looking for C++ include security/pam_appl.h
-- Looking for C++ include security/pam_appl.h - found
-- Looking for pam_authenticate in pam
-- Looking for pam_authenticate in pam - found
-- Could NOT find Doxygen (missing:  DOXYGEN_EXECUTABLE) 
-- Could NOT find Doxygen (missing:  DOXYGEN_EXECUTABLE) 
-- Looking for C++ include sys/personality.h
-- Looking for C++ include sys/personality.h - found
-- Looking for personality
-- Looking for personality - found
-- Generated schroot profile buildd/copyfiles
-- Generated schroot profile buildd/fstab
-- Generated schroot profile buildd/nssdatabases
-- Generated schroot profile default/copyfiles
-- Generated schroot profile default/fstab
-- Generated schroot profile default/nssdatabases
-- Generated schroot profile desktop/copyfiles
-- Generated schroot profile desktop/fstab
-- Generated schroot profile desktop/nssdatabases
-- Generated schroot profile minimal/copyfiles
-- Generated schroot profile minimal/fstab
-- Generated schroot profile minimal/nssdatabases
-- Generated schroot profile sbuild/copyfiles
-- Generated schroot profile sbuild/fstab
-- Generated schroot profile sbuild/nssdatabases
po4a::man: This page includes another file with '.so'. Do not forget to translate this file ('config.man').
po4a::man: This page includes another file with '.so'. Do not forget to translate this file ('authors.man').
po4a::man: This page includes another file with '.so'. Do not forget to translate this file ('copyright.man').
po4a::man: This page includes another file with '.so'. Do not forget to translate this file ('config.man').
po4a::man: This page includes another file with '.so'. Do not forget to translate this file ('authors.man').
po4a::man: This page includes another file with '.so'. Do not forget to translate this file ('copyright.man').
po4a::man: This page includes another file with '.so'. Do not forget to translate this file ('config.man').
po4a::man: This page includes another file with '.so'. Do not forget to translate this file ('authors.man').
po4a::man: This page includes another file with '.so'. Do not forget to translate this file ('copyright.man').
po4a::man: This page includes another file with '.so'. Do not forget to translate this file ('config.man').
po4a::man: This page includes another file with '.so'. Do not forget to translate this file ('authors.man').
po4a::man: This page includes another file with '.so'. Do not forget to translate this file ('copyright.man').
po4a::man: This page includes another file with '.so'. Do not forget to translate this file ('config.man').
po4a::man: This page includes another file with '.so'. Do not forget to translate this file ('authors.man').
po4a::man: This page includes another file with '.so'. Do not forget to translate this file ('copyright.man').
po4a::man: This page includes another file with '.so'. Do not forget to translate this file ('config.man').
po4a::man: This page includes another file with '.so'. Do not forget to translate this file ('authors.man').
po4a::man: This page includes another file with '.so'. Do not forget to translate this file ('copyright.man').
po4a::man: This page includes another file with '.so'. Do not forget to translate this file ('config.man').
po4a::man: This page includes another file with '.so'. Do not forget to translate this file ('authors.man').
po4a::man: This page includes another file with '.so'. Do not forget to translate this file ('copyright.man').
 (654 entries)
po4a::man: This page includes another file with '.so'. Do not forget to translate this file ('config.man').
po4a::man: This page includes another file with '.so'. Do not forget to translate this file ('authors.man').
po4a::man: This page includes another file with '.so'. Do not forget to translate this file ('copyright.man').
po4a::man: This page includes another file with '.so'. Do not forget to translate this file ('config.man').
po4a::man: This page includes another file with '.so'. Do not forget to translate this file ('authors.man').
po4a::man: This page includes another file with '.so'. Do not forget to translate this file ('copyright.man').
po4a::man: This page includes another file with '.so'. Do not forget to translate this file ('config.man').
po4a::man: This page includes another file with '.so'. Do not forget to translate this file ('authors.man').
po4a::man: This page includes another file with '.so'. Do not forget to translate this file ('copyright.man').
po4a::man: This page includes another file with '.so'. Do not forget to translate this file ('config.man').
po4a::man: This page includes another file with '.so'. Do not forget to translate this file ('authors.man').
po4a::man: This page includes another file with '.so'. Do not forget to translate this file ('copyright.man').
po4a::man: This page includes another file with '.so'. Do not forget to translate this file ('config.man').
po4a::man: This page includes another file with '.so'. Do not forget to translate this file ('authors.man').
po4a::man: This page includes another file with '.so'. Do not forget to translate this file ('copyright.man').
po4a::man: This page includes another file with '.so'. Do not forget to translate this file ('config.man').
po4a::man: This page includes another file with '.so'. Do not forget to translate this file ('authors.man').
po4a::man: This page includes another file with '.so'. Do not forget to translate this file ('copyright.man').
Discard translated/de/dchroot.1.man (89 of 117 strings; only 76.06% translated; need 80%).
po4a::man: This page includes another file with '.so'. Do not forget to translate this file ('config.man').
po4a::man: This page includes another file with '.so'. Do not forget to translate this file ('authors.man').
po4a::man: This page includes another file with '.so'. Do not forget to translate this file ('copyright.man').
po4a::man: This page includes another file with '.so'. Do not forget to translate this file ('config.man').
po4a::man: This page includes another file with '.so'. Do not forget to translate this file ('authors.man').
po4a::man: This page includes another file with '.so'. Do not forget to translate this file ('copyright.man').
po4a::man: This page includes another file with '.so'. Do not forget to translate this file ('config.man').
po4a::man: This page includes another file with '.so'. Do not forget to translate this file ('authors.man').
po4a::man: This page includes another file with '.so'. Do not forget to translate this file ('copyright.man').
po4a::man: This page includes another file with '.so'. Do not forget to translate this file ('config.man').
po4a::man: This page includes another file with '.so'. Do not forget to translate this file ('authors.man').
po4a::man: This page includes another file with '.so'. Do not forget to translate this file ('copyright.man').
po4a::man: This page includes another file with '.so'. Do not forget to translate this file ('config.man').
po4a::man: This page includes another file with '.so'. Do not forget to translate this file ('authors.man').
po4a::man: This page includes another file with '.so'. Do not forget to translate this file ('copyright.man').
po4a::man: This page includes another file with '.so'. Do not forget to translate this file ('config.man').
po4a::man: This page includes another file with '.so'. Do not forget to translate this file ('authors.man').
po4a::man: This page includes another file with '.so'. Do not forget to translate this file ('copyright.man').
po4a::man: This page includes another file with '.so'. Do not forget to translate this file ('config.man').
po4a::man: This page includes another file with '.so'. Do not forget to translate this file ('authors.man').
po4a::man: This page includes another file with '.so'. Do not forget to translate this file ('copyright.man').
Discard translated/fr/dchroot.1.man (89 of 117 strings; only 76.06% translated; need 80%).
po4a::man: This page includes another file with '.so'. Do not forget to translate this file ('config.man').
po4a::man: This page includes another file with '.so'. Do not forget to translate this file ('authors.man').
po4a::man: This page includes another file with '.so'. Do not forget to translate this file ('copyright.man').
-- Configuring done
-- Generating done
-- Build files have been written to: /<<PKGBUILDDIR>>/debian/build
dh_testdir
make[1]: Leaving directory '/<<PKGBUILDDIR>>'
   debian/rules override_dh_auto_build
make[1]: Entering directory '/<<PKGBUILDDIR>>'
/usr/bin/make -C debian/build all VERBOSE=1
make[2]: Entering directory '/<<PKGBUILDDIR>>/debian/build'
/usr/bin/cmake -H/<<PKGBUILDDIR>> -B/<<PKGBUILDDIR>>/debian/build --check-build-system CMakeFiles/Makefile.cmake 0
/usr/bin/cmake -E cmake_progress_start /<<PKGBUILDDIR>>/debian/build/CMakeFiles /<<PKGBUILDDIR>>/debian/build/CMakeFiles/progress.marks
/usr/bin/make -f CMakeFiles/Makefile2 all
make[3]: Entering directory '/<<PKGBUILDDIR>>/debian/build'
/usr/bin/make -f sbuild/CMakeFiles/sbuild.dir/build.make sbuild/CMakeFiles/sbuild.dir/depend
/usr/bin/make -f po/CMakeFiles/update-gmo.dir/build.make po/CMakeFiles/update-gmo.dir/depend
/usr/bin/make -f man/CMakeFiles/manpages.dir/build.make man/CMakeFiles/manpages.dir/depend
/usr/bin/make -f man/CMakeFiles/manpage-sources.dir/build.make man/CMakeFiles/manpage-sources.dir/depend
make[4]: Entering directory '/<<PKGBUILDDIR>>/debian/build'
cd /<<PKGBUILDDIR>>/debian/build && /usr/bin/cmake -E cmake_depends "Unix Makefiles" /<<PKGBUILDDIR>> /<<PKGBUILDDIR>>/man /<<PKGBUILDDIR>>/debian/build /<<PKGBUILDDIR>>/debian/build/man /<<PKGBUILDDIR>>/debian/build/man/CMakeFiles/manpages.dir/DependInfo.cmake --color=
make[4]: Entering directory '/<<PKGBUILDDIR>>/debian/build'
cd /<<PKGBUILDDIR>>/debian/build && /usr/bin/cmake -E cmake_depends "Unix Makefiles" /<<PKGBUILDDIR>> /<<PKGBUILDDIR>>/po /<<PKGBUILDDIR>>/debian/build /<<PKGBUILDDIR>>/debian/build/po /<<PKGBUILDDIR>>/debian/build/po/CMakeFiles/update-gmo.dir/DependInfo.cmake --color=
make[4]: Entering directory '/<<PKGBUILDDIR>>/debian/build'
cd /<<PKGBUILDDIR>>/debian/build && /usr/bin/cmake -E cmake_depends "Unix Makefiles" /<<PKGBUILDDIR>> /<<PKGBUILDDIR>>/man /<<PKGBUILDDIR>>/debian/build /<<PKGBUILDDIR>>/debian/build/man /<<PKGBUILDDIR>>/debian/build/man/CMakeFiles/manpage-sources.dir/DependInfo.cmake --color=
make[4]: Entering directory '/<<PKGBUILDDIR>>/debian/build'
cd /<<PKGBUILDDIR>>/debian/build && /usr/bin/cmake -E cmake_depends "Unix Makefiles" /<<PKGBUILDDIR>> /<<PKGBUILDDIR>>/sbuild /<<PKGBUILDDIR>>/debian/build /<<PKGBUILDDIR>>/debian/build/sbuild /<<PKGBUILDDIR>>/debian/build/sbuild/CMakeFiles/sbuild.dir/DependInfo.cmake --color=
Dependee "/<<PKGBUILDDIR>>/debian/build/man/CMakeFiles/manpages.dir/DependInfo.cmake" is newer than depender "/<<PKGBUILDDIR>>/debian/build/man/CMakeFiles/manpages.dir/depend.internal".
Dependee "/<<PKGBUILDDIR>>/debian/build/man/CMakeFiles/CMakeDirectoryInformation.cmake" is newer than depender "/<<PKGBUILDDIR>>/debian/build/man/CMakeFiles/manpages.dir/depend.internal".
Scanning dependencies of target manpages
make[4]: Leaving directory '/<<PKGBUILDDIR>>/debian/build'
Dependee "/<<PKGBUILDDIR>>/debian/build/po/CMakeFiles/update-gmo.dir/DependInfo.cmake" is newer than depender "/<<PKGBUILDDIR>>/debian/build/po/CMakeFiles/update-gmo.dir/depend.internal".
Dependee "/<<PKGBUILDDIR>>/debian/build/po/CMakeFiles/CMakeDirectoryInformation.cmake" is newer than depender "/<<PKGBUILDDIR>>/debian/build/po/CMakeFiles/update-gmo.dir/depend.internal".
/usr/bin/make -f man/CMakeFiles/manpages.dir/build.make man/CMakeFiles/manpages.dir/build
Dependee "/<<PKGBUILDDIR>>/debian/build/man/CMakeFiles/manpage-sources.dir/DependInfo.cmake" is newer than depender "/<<PKGBUILDDIR>>/debian/build/man/CMakeFiles/manpage-sources.dir/depend.internal".
Scanning dependencies of target update-gmo
Dependee "/<<PKGBUILDDIR>>/debian/build/man/CMakeFiles/CMakeDirectoryInformation.cmake" is newer than depender "/<<PKGBUILDDIR>>/debian/build/man/CMakeFiles/manpage-sources.dir/depend.internal".
Scanning dependencies of target manpage-sources
make[4]: Leaving directory '/<<PKGBUILDDIR>>/debian/build'
/usr/bin/make -f po/CMakeFiles/update-gmo.dir/build.make po/CMakeFiles/update-gmo.dir/build
Dependee "/<<PKGBUILDDIR>>/debian/build/sbuild/CMakeFiles/sbuild.dir/DependInfo.cmake" is newer than depender "/<<PKGBUILDDIR>>/debian/build/sbuild/CMakeFiles/sbuild.dir/depend.internal".
Dependee "/<<PKGBUILDDIR>>/debian/build/sbuild/CMakeFiles/CMakeDirectoryInformation.cmake" is newer than depender "/<<PKGBUILDDIR>>/debian/build/sbuild/CMakeFiles/sbuild.dir/depend.internal".
make[4]: Leaving directory '/<<PKGBUILDDIR>>/debian/build'
make[4]: Entering directory '/<<PKGBUILDDIR>>/debian/build'
/usr/bin/make -f man/CMakeFiles/manpage-sources.dir/build.make man/CMakeFiles/manpage-sources.dir/build
make[4]: Entering directory '/<<PKGBUILDDIR>>/debian/build'
make[4]: Entering directory '/<<PKGBUILDDIR>>/debian/build'
make[4]: Nothing to be done for 'man/CMakeFiles/manpage-sources.dir/build'.
make[4]: Leaving directory '/<<PKGBUILDDIR>>/debian/build'
[  1%] Generating schroot.1
cd /<<PKGBUILDDIR>>/debian/build/man && /usr/bin/soelim -I/<<PKGBUILDDIR>>/debian/build/man -I/<<PKGBUILDDIR>>/man < /<<PKGBUILDDIR>>/man/schroot.1.man > /<<PKGBUILDDIR>>/debian/build/man/schroot.1
[  2%] Generating translated/de/schroot-setup.5
cd /<<PKGBUILDDIR>>/debian/build/man && /usr/bin/soelim -I/<<PKGBUILDDIR>>/debian/build/man/translated/de -I/<<PKGBUILDDIR>>/debian/build/man -I/<<PKGBUILDDIR>>/man < /<<PKGBUILDDIR>>/debian/build/man/translated/de/schroot-setup.5.man > /<<PKGBUILDDIR>>/debian/build/man/translated/de/schroot-setup.5
[  3%] Generating eu.gmo
[  3%] Generating de.gmo
[  4%] Generating schroot-setup.5
cd /<<PKGBUILDDIR>>/debian/build/po && /usr/bin/cmake -E remove /<<PKGBUILDDIR>>/debian/build/po/eu.gmo
[  5%] Generating translated/de/schroot-script-config.5
[  5%] Generating schroot.conf.5
[  5%] Generating translated/de/schroot-faq.7
[  6%] Generating da.gmo
cd /<<PKGBUILDDIR>>/debian/build/po && /usr/bin/cmake -E remove /<<PKGBUILDDIR>>/debian/build/po/de.gmo
[  7%] Generating schroot-faq.7
cd /<<PKGBUILDDIR>>/debian/build/man && /usr/bin/soelim -I/<<PKGBUILDDIR>>/debian/build/man/translated/de -I/<<PKGBUILDDIR>>/debian/build/man -I/<<PKGBUILDDIR>>/man < /<<PKGBUILDDIR>>/debian/build/man/translated/de/schroot-script-config.5.man > /<<PKGBUILDDIR>>/debian/build/man/translated/de/schroot-script-config.5
cd /<<PKGBUILDDIR>>/debian/build/man && /usr/bin/soelim -I/<<PKGBUILDDIR>>/debian/build/man -I/<<PKGBUILDDIR>>/man < /<<PKGBUILDDIR>>/man/schroot-setup.5.man > /<<PKGBUILDDIR>>/debian/build/man/schroot-setup.5
cd /<<PKGBUILDDIR>>/debian/build/po && /usr/bin/cmake -E remove /<<PKGBUILDDIR>>/debian/build/po/da.gmo
cd /<<PKGBUILDDIR>>/debian/build/man && /usr/bin/soelim -I/<<PKGBUILDDIR>>/debian/build/man/translated/de -I/<<PKGBUILDDIR>>/debian/build/man -I/<<PKGBUILDDIR>>/man < /<<PKGBUILDDIR>>/debian/build/man/translated/de/schroot-faq.7.man > /<<PKGBUILDDIR>>/debian/build/man/translated/de/schroot-faq.7
cd /<<PKGBUILDDIR>>/debian/build/man && /usr/bin/soelim -I/<<PKGBUILDDIR>>/debian/build/man -I/<<PKGBUILDDIR>>/man < /<<PKGBUILDDIR>>/man/schroot.conf.5.man > /<<PKGBUILDDIR>>/debian/build/man/schroot.conf.5
cd /<<PKGBUILDDIR>>/debian/build/man && /usr/bin/soelim -I/<<PKGBUILDDIR>>/debian/build/man -I/<<PKGBUILDDIR>>/man < /<<PKGBUILDDIR>>/man/schroot-faq.7.man > /<<PKGBUILDDIR>>/debian/build/man/schroot-faq.7
[  8%] Generating cs.gmo
cd /<<PKGBUILDDIR>>/debian/build/po && /usr/bin/cmake -E remove /<<PKGBUILDDIR>>/debian/build/po/cs.gmo
[  9%] Generating translated/de/schroot.1
[ 10%] Generating schroot-script-config.5
cd /<<PKGBUILDDIR>>/debian/build/man && /usr/bin/soelim -I/<<PKGBUILDDIR>>/debian/build/man -I/<<PKGBUILDDIR>>/man < /<<PKGBUILDDIR>>/man/schroot-script-config.5.man > /<<PKGBUILDDIR>>/debian/build/man/schroot-script-config.5
cd /<<PKGBUILDDIR>>/debian/build/man && /usr/bin/soelim -I/<<PKGBUILDDIR>>/debian/build/man/translated/de -I/<<PKGBUILDDIR>>/debian/build/man -I/<<PKGBUILDDIR>>/man < /<<PKGBUILDDIR>>/debian/build/man/translated/de/schroot.1.man > /<<PKGBUILDDIR>>/debian/build/man/translated/de/schroot.1
[ 10%] Built target manpage-sources
cd /<<PKGBUILDDIR>>/debian/build/po && msgfmt -c --statistics -o /<<PKGBUILDDIR>>/debian/build/po/eu.gmo /<<PKGBUILDDIR>>/po/eu.po
[ 10%] Generating fr.gmo
cd /<<PKGBUILDDIR>>/debian/build/po && /usr/bin/cmake -E remove /<<PKGBUILDDIR>>/debian/build/po/fr.gmo
[ 11%] Generating en.gmo
cd /<<PKGBUILDDIR>>/debian/build/po && /usr/bin/cmake -E remove /<<PKGBUILDDIR>>/debian/build/po/en.gmo
cd /<<PKGBUILDDIR>>/debian/build/po && msgfmt -c --statistics -o /<<PKGBUILDDIR>>/debian/build/po/de.gmo /<<PKGBUILDDIR>>/po/de.po
[ 13%] Generating translated/fr/schroot-faq.7
Scanning dependencies of target sbuild
[ 14%] Generating it.gmo
cd /<<PKGBUILDDIR>>/debian/build/man && /usr/bin/soelim -I/<<PKGBUILDDIR>>/debian/build/man/translated/fr -I/<<PKGBUILDDIR>>/debian/build/man -I/<<PKGBUILDDIR>>/man < /<<PKGBUILDDIR>>/debian/build/man/translated/fr/schroot-faq.7.man > /<<PKGBUILDDIR>>/debian/build/man/translated/fr/schroot-faq.7
[ 15%] Generating translated/fr/schroot-script-config.5
make[4]: Leaving directory '/<<PKGBUILDDIR>>/debian/build'
cd /<<PKGBUILDDIR>>/debian/build/po && /usr/bin/cmake -E remove /<<PKGBUILDDIR>>/debian/build/po/it.gmo
cd /<<PKGBUILDDIR>>/debian/build/po && msgfmt -c --statistics -o /<<PKGBUILDDIR>>/debian/build/po/cs.gmo /<<PKGBUILDDIR>>/po/cs.po
/usr/bin/make -f sbuild/CMakeFiles/sbuild.dir/build.make sbuild/CMakeFiles/sbuild.dir/build
cd /<<PKGBUILDDIR>>/debian/build/po && msgfmt -c --statistics -o /<<PKGBUILDDIR>>/debian/build/po/da.gmo /<<PKGBUILDDIR>>/po/da.po
cd /<<PKGBUILDDIR>>/debian/build/man && /usr/bin/soelim -I/<<PKGBUILDDIR>>/debian/build/man/translated/fr -I/<<PKGBUILDDIR>>/debian/build/man -I/<<PKGBUILDDIR>>/man < /<<PKGBUILDDIR>>/debian/build/man/translated/fr/schroot-script-config.5.man > /<<PKGBUILDDIR>>/debian/build/man/translated/fr/schroot-script-config.5
[ 15%] Generating translated/fr/schroot-setup.5
[ 16%] Generating pt.gmo
cd /<<PKGBUILDDIR>>/debian/build/man && /usr/bin/soelim -I/<<PKGBUILDDIR>>/debian/build/man/translated/fr -I/<<PKGBUILDDIR>>/debian/build/man -I/<<PKGBUILDDIR>>/man < /<<PKGBUILDDIR>>/debian/build/man/translated/fr/schroot-setup.5.man > /<<PKGBUILDDIR>>/debian/build/man/translated/fr/schroot-setup.5
cd /<<PKGBUILDDIR>>/debian/build/po && /usr/bin/cmake -E remove /<<PKGBUILDDIR>>/debian/build/po/pt.gmo
[ 17%] Generating sv.gmo
cd /<<PKGBUILDDIR>>/debian/build/po && /usr/bin/cmake -E remove /<<PKGBUILDDIR>>/debian/build/po/sv.gmo
cd /<<PKGBUILDDIR>>/debian/build/po && msgfmt -c --statistics -o /<<PKGBUILDDIR>>/debian/build/po/fr.gmo /<<PKGBUILDDIR>>/po/fr.po
358 translated messages.
cd /<<PKGBUILDDIR>>/debian/build/po && touch /<<PKGBUILDDIR>>/debian/build/po/eu.gmo
[ 17%] Generating translated/de/schroot.conf.5
cd /<<PKGBUILDDIR>>/debian/build/man && /usr/bin/soelim -I/<<PKGBUILDDIR>>/debian/build/man/translated/de -I/<<PKGBUILDDIR>>/debian/build/man -I/<<PKGBUILDDIR>>/man < /<<PKGBUILDDIR>>/debian/build/man/translated/de/schroot.conf.5.man > /<<PKGBUILDDIR>>/debian/build/man/translated/de/schroot.conf.5
make[4]: Entering directory '/<<PKGBUILDDIR>>/debian/build'
231 translated messages, 99 fuzzy translations, 28 untranslated messages.
cd /<<PKGBUILDDIR>>/debian/build/po && touch /<<PKGBUILDDIR>>/debian/build/po/cs.gmo
cd /<<PKGBUILDDIR>>/debian/build/po && msgfmt -c --statistics -o /<<PKGBUILDDIR>>/debian/build/po/en.gmo /<<PKGBUILDDIR>>/po/en.po
358 translated messages.
cd /<<PKGBUILDDIR>>/debian/build/po && touch /<<PKGBUILDDIR>>/debian/build/po/de.gmo
cd /<<PKGBUILDDIR>>/debian/build/po && msgfmt -c --statistics -o /<<PKGBUILDDIR>>/debian/build/po/it.gmo /<<PKGBUILDDIR>>/po/it.po
[ 18%] Generating translated/fr/schroot.1
358 translated messages.
[ 18%] Generating vi.gmo
cd /<<PKGBUILDDIR>>/debian/build/po && touch /<<PKGBUILDDIR>>/debian/build/po/da.gmo
cd /<<PKGBUILDDIR>>/debian/build/man && /usr/bin/soelim -I/<<PKGBUILDDIR>>/debian/build/man/translated/fr -I/<<PKGBUILDDIR>>/debian/build/man -I/<<PKGBUILDDIR>>/man < /<<PKGBUILDDIR>>/debian/build/man/translated/fr/schroot.1.man > /<<PKGBUILDDIR>>/debian/build/man/translated/fr/schroot.1
cd /<<PKGBUILDDIR>>/debian/build/po && /usr/bin/cmake -E remove /<<PKGBUILDDIR>>/debian/build/po/vi.gmo
[ 19%] Generating zh_CN.gmo
cd /<<PKGBUILDDIR>>/debian/build/po && /usr/bin/cmake -E remove /<<PKGBUILDDIR>>/debian/build/po/zh_CN.gmo
cd /<<PKGBUILDDIR>>/debian/build/po && msgfmt -c --statistics -o /<<PKGBUILDDIR>>/debian/build/po/pt.gmo /<<PKGBUILDDIR>>/po/pt.po
cd /<<PKGBUILDDIR>>/debian/build/po && msgfmt -c --statistics -o /<<PKGBUILDDIR>>/debian/build/po/sv.gmo /<<PKGBUILDDIR>>/po/sv.po
[ 20%] Building CXX object sbuild/CMakeFiles/sbuild.dir/sbuild-environment.cc.o
358 translated messages.
[ 21%] Generating translated/fr/schroot.conf.5
cd /<<PKGBUILDDIR>>/debian/build/po && touch /<<PKGBUILDDIR>>/debian/build/po/fr.gmo
cd /<<PKGBUILDDIR>>/debian/build/sbuild && /usr/bin/c++    -I/<<PKGBUILDDIR>>/debian/build/lib -I/<<PKGBUILDDIR>>/lib -I/<<PKGBUILDDIR>>/debian/build -I/<<PKGBUILDDIR>> -I/<<PKGBUILDDIR>>/sbuild -I/<<PKGBUILDDIR>>/debian/build/sbuild  -g -O2 -fdebug-prefix-map=/<<PKGBUILDDIR>>=. -fstack-protector-strong -Wformat -Werror=format-security -Wall -D_FILE_OFFSET_BITS=64 -D_LARGEFILE_SOURCE -Wdate-time -D_FORTIFY_SOURCE=2 -std=c++11 -pedantic -Wall -Wcast-align -Wwrite-strings -Wswitch-default -Wcast-qual -Wunused-variable -Wredundant-decls -Wctor-dtor-privacy -Wnon-virtual-dtor -Wreorder -Wold-style-cast -Woverloaded-virtual -fstrict-aliasing   -o CMakeFiles/sbuild.dir/sbuild-environment.cc.o -c /<<PKGBUILDDIR>>/sbuild/sbuild-environment.cc
[ 22%] Building CXX object sbuild/CMakeFiles/sbuild.dir/sbuild-ctty.cc.o
cd /<<PKGBUILDDIR>>/debian/build/man && /usr/bin/soelim -I/<<PKGBUILDDIR>>/debian/build/man/translated/fr -I/<<PKGBUILDDIR>>/debian/build/man -I/<<PKGBUILDDIR>>/man < /<<PKGBUILDDIR>>/debian/build/man/translated/fr/schroot.conf.5.man > /<<PKGBUILDDIR>>/debian/build/man/translated/fr/schroot.conf.5
cd /<<PKGBUILDDIR>>/debian/build/sbuild && /usr/bin/c++    -I/<<PKGBUILDDIR>>/debian/build/lib -I/<<PKGBUILDDIR>>/lib -I/<<PKGBUILDDIR>>/debian/build -I/<<PKGBUILDDIR>> -I/<<PKGBUILDDIR>>/sbuild -I/<<PKGBUILDDIR>>/debian/build/sbuild  -g -O2 -fdebug-prefix-map=/<<PKGBUILDDIR>>=. -fstack-protector-strong -Wformat -Werror=format-security -Wall -D_FILE_OFFSET_BITS=64 -D_LARGEFILE_SOURCE -Wdate-time -D_FORTIFY_SOURCE=2 -std=c++11 -pedantic -Wall -Wcast-align -Wwrite-strings -Wswitch-default -Wcast-qual -Wunused-variable -Wredundant-decls -Wctor-dtor-privacy -Wnon-virtual-dtor -Wreorder -Wold-style-cast -Woverloaded-virtual -fstrict-aliasing   -o CMakeFiles/sbuild.dir/sbuild-ctty.cc.o -c /<<PKGBUILDDIR>>/sbuild/sbuild-ctty.cc
358 translated messages.
cd /<<PKGBUILDDIR>>/debian/build/po && touch /<<PKGBUILDDIR>>/debian/build/po/en.gmo
[ 23%] Building CXX object sbuild/CMakeFiles/sbuild.dir/sbuild-feature.cc.o
[ 23%] Building CXX object sbuild/CMakeFiles/sbuild.dir/sbuild-format-detail.cc.o
cd /<<PKGBUILDDIR>>/debian/build/sbuild && /usr/bin/c++    -I/<<PKGBUILDDIR>>/debian/build/lib -I/<<PKGBUILDDIR>>/lib -I/<<PKGBUILDDIR>>/debian/build -I/<<PKGBUILDDIR>> -I/<<PKGBUILDDIR>>/sbuild -I/<<PKGBUILDDIR>>/debian/build/sbuild  -g -O2 -fdebug-prefix-map=/<<PKGBUILDDIR>>=. -fstack-protector-strong -Wformat -Werror=format-security -Wall -D_FILE_OFFSET_BITS=64 -D_LARGEFILE_SOURCE -Wdate-time -D_FORTIFY_SOURCE=2 -std=c++11 -pedantic -Wall -Wcast-align -Wwrite-strings -Wswitch-default -Wcast-qual -Wunused-variable -Wredundant-decls -Wctor-dtor-privacy -Wnon-virtual-dtor -Wreorder -Wold-style-cast -Woverloaded-virtual -fstrict-aliasing   -o CMakeFiles/sbuild.dir/sbuild-feature.cc.o -c /<<PKGBUILDDIR>>/sbuild/sbuild-feature.cc
cd /<<PKGBUILDDIR>>/debian/build/sbuild && /usr/bin/c++    -I/<<PKGBUILDDIR>>/debian/build/lib -I/<<PKGBUILDDIR>>/lib -I/<<PKGBUILDDIR>>/debian/build -I/<<PKGBUILDDIR>> -I/<<PKGBUILDDIR>>/sbuild -I/<<PKGBUILDDIR>>/debian/build/sbuild  -g -O2 -fdebug-prefix-map=/<<PKGBUILDDIR>>=. -fstack-protector-strong -Wformat -Werror=format-security -Wall -D_FILE_OFFSET_BITS=64 -D_LARGEFILE_SOURCE -Wdate-time -D_FORTIFY_SOURCE=2 -std=c++11 -pedantic -Wall -Wcast-align -Wwrite-strings -Wswitch-default -Wcast-qual -Wunused-variable -Wredundant-decls -Wctor-dtor-privacy -Wnon-virtual-dtor -Wreorder -Wold-style-cast -Woverloaded-virtual -fstrict-aliasing   -o CMakeFiles/sbuild.dir/sbuild-format-detail.cc.o -c /<<PKGBUILDDIR>>/sbuild/sbuild-format-detail.cc
247 translated messages, 91 fuzzy translations, 20 untranslated messages.
cd /<<PKGBUILDDIR>>/debian/build/po && msgfmt -c --statistics -o /<<PKGBUILDDIR>>/debian/build/po/vi.gmo /<<PKGBUILDDIR>>/po/vi.po
cd /<<PKGBUILDDIR>>/debian/build/po && touch /<<PKGBUILDDIR>>/debian/build/po/it.gmo
[ 25%] Building CXX object sbuild/CMakeFiles/sbuild.dir/sbuild-lock.cc.o
cd /<<PKGBUILDDIR>>/debian/build/po && msgfmt -c --statistics -o /<<PKGBUILDDIR>>/debian/build/po/zh_CN.gmo /<<PKGBUILDDIR>>/po/zh_CN.po
152 translated messages, 119 fuzzy translations, 87 untranslated messagescd /<<PKGBUILDDIR>>/debian/build/sbuild && /usr/bin/c++    -I/<<PKGBUILDDIR>>/debian/build/lib -I/<<PKGBUILDDIR>>/lib -I/<<PKGBUILDDIR>>/debian/build -I/<<PKGBUILDDIR>> -I/<<PKGBUILDDIR>>/sbuild -I/<<PKGBUILDDIR>>/debian/build/sbuild  -g -O2 -fdebug-prefix-map=/<<PKGBUILDDIR>>=. -fstack-protector-strong -Wformat -Werror=format-security -Wall -D_FILE_OFFSET_BITS=64 -D_LARGEFILE_SOURCE -Wdate-time -D_FORTIFY_SOURCE=2 -std=c++11 -pedantic -Wall -Wcast-align -Wwrite-strings -Wswitch-default -Wcast-qual -Wunused-variable -Wredundant-decls -Wctor-dtor-privacy -Wnon-virtual-dtor -Wreorder -Wold-style-cast -Woverloaded-virtual -fstrict-aliasing   -o CMakeFiles/sbuild.dir/sbuild-lock.cc.o -c /<<PKGBUILDDIR>>/sbuild/sbuild-lock.cc
.
make[4]: Leaving directory '/<<PKGBUILDDIR>>/debian/build'
[ 25%] Building CXX object sbuild/CMakeFiles/sbuild.dir/sbuild-log.cc.o
cd /<<PKGBUILDDIR>>/debian/build/po && touch /<<PKGBUILDDIR>>/debian/build/po/sv.gmo
357 translated messages, 1 fuzzy translation.
cd /<<PKGBUILDDIR>>/debian/build/sbuild && /usr/bin/c++    -I/<<PKGBUILDDIR>>/debian/build/lib -I/<<PKGBUILDDIR>>/lib -I/<<PKGBUILDDIR>>/debian/build -I/<<PKGBUILDDIR>> -I/<<PKGBUILDDIR>>/sbuild -I/<<PKGBUILDDIR>>/debian/build/sbuild  -g -O2 -fdebug-prefix-map=/<<PKGBUILDDIR>>=. -fstack-protector-strong -Wformat -Werror=format-security -Wall -D_FILE_OFFSET_BITS=64 -D_LARGEFILE_SOURCE -Wdate-time -D_FORTIFY_SOURCE=2 -std=c++11 -pedantic -Wall -Wcast-align -Wwrite-strings -Wswitch-default -Wcast-qual -Wunused-variable -Wredundant-decls -Wctor-dtor-privacy -Wnon-virtual-dtor -Wreorder -Wold-style-cast -Woverloaded-virtual -fstrict-aliasing   -o CMakeFiles/sbuild.dir/sbuild-log.cc.o -c /<<PKGBUILDDIR>>/sbuild/sbuild-log.cc
cd /<<PKGBUILDDIR>>/debian/build/po && touch /<<PKGBUILDDIR>>/debian/build/po/pt.gmo
[ 26%] Building CXX object sbuild/CMakeFiles/sbuild.dir/sbuild-mntstream.cc.o
cd /<<PKGBUILDDIR>>/debian/build/sbuild && /usr/bin/c++    -I/<<PKGBUILDDIR>>/debian/build/lib -I/<<PKGBUILDDIR>>/lib -I/<<PKGBUILDDIR>>/debian/build -I/<<PKGBUILDDIR>> -I/<<PKGBUILDDIR>>/sbuild -I/<<PKGBUILDDIR>>/debian/build/sbuild  -g -O2 -fdebug-prefix-map=/<<PKGBUILDDIR>>=. -fstack-protector-strong -Wformat -Werror=format-security -Wall -D_FILE_OFFSET_BITS=64 -D_LARGEFILE_SOURCE -Wdate-time -D_FORTIFY_SOURCE=2 -std=c++11 -pedantic -Wall -Wcast-align -Wwrite-strings -Wswitch-default -Wcast-qual -Wunused-variable -Wredundant-decls -Wctor-dtor-privacy -Wnon-virtual-dtor -Wreorder -Wold-style-cast -Woverloaded-virtual -fstrict-aliasing   -o CMakeFiles/sbuild.dir/sbuild-mntstream.cc.o -c /<<PKGBUILDDIR>>/sbuild/sbuild-mntstream.cc
[ 27%] Building CXX object sbuild/CMakeFiles/sbuild.dir/sbuild-keyfile-base.cc.o
[ 28%] Building CXX object sbuild/CMakeFiles/sbuild.dir/sbuild-nostream.cc.o
cd /<<PKGBUILDDIR>>/debian/build/sbuild && /usr/bin/c++    -I/<<PKGBUILDDIR>>/debian/build/lib -I/<<PKGBUILDDIR>>/lib -I/<<PKGBUILDDIR>>/debian/build -I/<<PKGBUILDDIR>> -I/<<PKGBUILDDIR>>/sbuild -I/<<PKGBUILDDIR>>/debian/build/sbuild  -g -O2 -fdebug-prefix-map=/<<PKGBUILDDIR>>=. -fstack-protector-strong -Wformat -Werror=format-security -Wall -D_FILE_OFFSET_BITS=64 -D_LARGEFILE_SOURCE -Wdate-time -D_FORTIFY_SOURCE=2 -std=c++11 -pedantic -Wall -Wcast-align -Wwrite-strings -Wswitch-default -Wcast-qual -Wunused-variable -Wredundant-decls -Wctor-dtor-privacy -Wnon-virtual-dtor -Wreorder -Wold-style-cast -Woverloaded-virtual -fstrict-aliasing   -o CMakeFiles/sbuild.dir/sbuild-keyfile-base.cc.o -c /<<PKGBUILDDIR>>/sbuild/sbuild-keyfile-base.cc
cd /<<PKGBUILDDIR>>/debian/build/sbuild && /usr/bin/c++    -I/<<PKGBUILDDIR>>/debian/build/lib -I/<<PKGBUILDDIR>>/lib -I/<<PKGBUILDDIR>>/debian/build -I/<<PKGBUILDDIR>> -I/<<PKGBUILDDIR>>/sbuild -I/<<PKGBUILDDIR>>/debian/build/sbuild  -g -O2 -fdebug-prefix-map=/<<PKGBUILDDIR>>=. -fstack-protector-strong -Wformat -Werror=format-security -Wall -D_FILE_OFFSET_BITS=64 -D_LARGEFILE_SOURCE -Wdate-time -D_FORTIFY_SOURCE=2 -std=c++11 -pedantic -Wall -Wcast-align -Wwrite-strings -Wswitch-default -Wcast-qual -Wunused-variable -Wredundant-decls -Wctor-dtor-privacy -Wnon-virtual-dtor -Wreorder -Wold-style-cast -Woverloaded-virtual -fstrict-aliasing   -o CMakeFiles/sbuild.dir/sbuild-nostream.cc.o -c /<<PKGBUILDDIR>>/sbuild/sbuild-nostream.cc
[ 29%] Building CXX object sbuild/CMakeFiles/sbuild.dir/sbuild-null.cc.o
cd /<<PKGBUILDDIR>>/debian/build/sbuild && /usr/bin/c++    -I/<<PKGBUILDDIR>>/debian/build/lib -I/<<PKGBUILDDIR>>/lib -I/<<PKGBUILDDIR>>/debian/build -I/<<PKGBUILDDIR>> -I/<<PKGBUILDDIR>>/sbuild -I/<<PKGBUILDDIR>>/debian/build/sbuild  -g -O2 -fdebug-prefix-map=/<<PKGBUILDDIR>>=. -fstack-protector-strong -Wformat -Werror=format-security -Wall -D_FILE_OFFSET_BITS=64 -D_LARGEFILE_SOURCE -Wdate-time -D_FORTIFY_SOURCE=2 -std=c++11 -pedantic -Wall -Wcast-align -Wwrite-strings -Wswitch-default -Wcast-qual -Wunused-variable -Wredundant-decls -Wctor-dtor-privacy -Wnon-virtual-dtor -Wreorder -Wold-style-cast -Woverloaded-virtual -fstrict-aliasing   -o CMakeFiles/sbuild.dir/sbuild-null.cc.o -c /<<PKGBUILDDIR>>/sbuild/sbuild-null.cc
337 translated messages, 6 fuzzy translations, 15 untranslated messages.
246 translated messages, 91 fuzzy translations, 21 untranslated messages.
cd /<<PKGBUILDDIR>>/debian/build/po && touch /<<PKGBUILDDIR>>/debian/build/po/zh_CN.gmo
cd /<<PKGBUILDDIR>>/debian/build/po && touch /<<PKGBUILDDIR>>/debian/build/po/vi.gmo
[ 29%] Built target manpages
[ 30%] Building CXX object sbuild/CMakeFiles/sbuild.dir/sbuild-parse-value.cc.o
[ 30%] Building CXX object sbuild/CMakeFiles/sbuild.dir/sbuild-personality.cc.o
make[4]: Leaving directory '/<<PKGBUILDDIR>>/debian/build'
cd /<<PKGBUILDDIR>>/debian/build/sbuild && /usr/bin/c++    -I/<<PKGBUILDDIR>>/debian/build/lib -I/<<PKGBUILDDIR>>/lib -I/<<PKGBUILDDIR>>/debian/build -I/<<PKGBUILDDIR>> -I/<<PKGBUILDDIR>>/sbuild -I/<<PKGBUILDDIR>>/debian/build/sbuild  -g -O2 -fdebug-prefix-map=/<<PKGBUILDDIR>>=. -fstack-protector-strong -Wformat -Werror=format-security -Wall -D_FILE_OFFSET_BITS=64 -D_LARGEFILE_SOURCE -Wdate-time -D_FORTIFY_SOURCE=2 -std=c++11 -pedantic -Wall -Wcast-align -Wwrite-strings -Wswitch-default -Wcast-qual -Wunused-variable -Wredundant-decls -Wctor-dtor-privacy -Wnon-virtual-dtor -Wreorder -Wold-style-cast -Woverloaded-virtual -fstrict-aliasing   -o CMakeFiles/sbuild.dir/sbuild-parse-value.cc.o -c /<<PKGBUILDDIR>>/sbuild/sbuild-parse-value.cc
cd /<<PKGBUILDDIR>>/debian/build/sbuild && /usr/bin/c++    -I/<<PKGBUILDDIR>>/debian/build/lib -I/<<PKGBUILDDIR>>/lib -I/<<PKGBUILDDIR>>/debian/build -I/<<PKGBUILDDIR>> -I/<<PKGBUILDDIR>>/sbuild -I/<<PKGBUILDDIR>>/debian/build/sbuild  -g -O2 -fdebug-prefix-map=/<<PKGBUILDDIR>>=. -fstack-protector-strong -Wformat -Werror=format-security -Wall -D_FILE_OFFSET_BITS=64 -D_LARGEFILE_SOURCE -Wdate-time -D_FORTIFY_SOURCE=2 -std=c++11 -pedantic -Wall -Wcast-align -Wwrite-strings -Wswitch-default -Wcast-qual -Wunused-variable -Wredundant-decls -Wctor-dtor-privacy -Wnon-virtual-dtor -Wreorder -Wold-style-cast -Woverloaded-virtual -fstrict-aliasing   -o CMakeFiles/sbuild.dir/sbuild-personality.cc.o -c /<<PKGBUILDDIR>>/sbuild/sbuild-personality.cc
[ 32%] Building CXX object sbuild/CMakeFiles/sbuild.dir/sbuild-types.cc.o
[ 32%] Building CXX object sbuild/CMakeFiles/sbuild.dir/sbuild-run-parts.cc.o
[ 32%] Building CXX object sbuild/CMakeFiles/sbuild.dir/sbuild-session.cc.o
cd /<<PKGBUILDDIR>>/debian/build/sbuild && /usr/bin/c++    -I/<<PKGBUILDDIR>>/debian/build/lib -I/<<PKGBUILDDIR>>/lib -I/<<PKGBUILDDIR>>/debian/build -I/<<PKGBUILDDIR>> -I/<<PKGBUILDDIR>>/sbuild -I/<<PKGBUILDDIR>>/debian/build/sbuild  -g -O2 -fdebug-prefix-map=/<<PKGBUILDDIR>>=. -fstack-protector-strong -Wformat -Werror=format-security -Wall -D_FILE_OFFSET_BITS=64 -D_LARGEFILE_SOURCE -Wdate-time -D_FORTIFY_SOURCE=2 -std=c++11 -pedantic -Wall -Wcast-align -Wwrite-strings -Wswitch-default -Wcast-qual -Wunused-variable -Wredundant-decls -Wctor-dtor-privacy -Wnon-virtual-dtor -Wreorder -Wold-style-cast -Woverloaded-virtual -fstrict-aliasing   -o CMakeFiles/sbuild.dir/sbuild-run-parts.cc.o -c /<<PKGBUILDDIR>>/sbuild/sbuild-run-parts.cc
cd /<<PKGBUILDDIR>>/debian/build/sbuild && /usr/bin/c++    -I/<<PKGBUILDDIR>>/debian/build/lib -I/<<PKGBUILDDIR>>/lib -I/<<PKGBUILDDIR>>/debian/build -I/<<PKGBUILDDIR>> -I/<<PKGBUILDDIR>>/sbuild -I/<<PKGBUILDDIR>>/debian/build/sbuild  -g -O2 -fdebug-prefix-map=/<<PKGBUILDDIR>>=. -fstack-protector-strong -Wformat -Werror=format-security -Wall -D_FILE_OFFSET_BITS=64 -D_LARGEFILE_SOURCE -Wdate-time -D_FORTIFY_SOURCE=2 -std=c++11 -pedantic -Wall -Wcast-align -Wwrite-strings -Wswitch-default -Wcast-qual -Wunused-variable -Wredundant-decls -Wctor-dtor-privacy -Wnon-virtual-dtor -Wreorder -Wold-style-cast -Woverloaded-virtual -fstrict-aliasing   -o CMakeFiles/sbuild.dir/sbuild-session.cc.o -c /<<PKGBUILDDIR>>/sbuild/sbuild-session.cc
[ 41%] Built target update-gmo
cd /<<PKGBUILDDIR>>/debian/build/sbuild && /usr/bin/c++    -I/<<PKGBUILDDIR>>/debian/build/lib -I/<<PKGBUILDDIR>>/lib -I/<<PKGBUILDDIR>>/debian/build -I/<<PKGBUILDDIR>> -I/<<PKGBUILDDIR>>/sbuild -I/<<PKGBUILDDIR>>/debian/build/sbuild  -g -O2 -fdebug-prefix-map=/<<PKGBUILDDIR>>=. -fstack-protector-strong -Wformat -Werror=format-security -Wall -D_FILE_OFFSET_BITS=64 -D_LARGEFILE_SOURCE -Wdate-time -D_FORTIFY_SOURCE=2 -std=c++11 -pedantic -Wall -Wcast-align -Wwrite-strings -Wswitch-default -Wcast-qual -Wunused-variable -Wredundant-decls -Wctor-dtor-privacy -Wnon-virtual-dtor -Wreorder -Wold-style-cast -Woverloaded-virtual -fstrict-aliasing   -o CMakeFiles/sbuild.dir/sbuild-types.cc.o -c /<<PKGBUILDDIR>>/sbuild/sbuild-types.cc
[ 42%] Building CXX object sbuild/CMakeFiles/sbuild.dir/sbuild-util.cc.o
cd /<<PKGBUILDDIR>>/debian/build/sbuild && /usr/bin/c++    -I/<<PKGBUILDDIR>>/debian/build/lib -I/<<PKGBUILDDIR>>/lib -I/<<PKGBUILDDIR>>/debian/build -I/<<PKGBUILDDIR>> -I/<<PKGBUILDDIR>>/sbuild -I/<<PKGBUILDDIR>>/debian/build/sbuild  -g -O2 -fdebug-prefix-map=/<<PKGBUILDDIR>>=. -fstack-protector-strong -Wformat -Werror=format-security -Wall -D_FILE_OFFSET_BITS=64 -D_LARGEFILE_SOURCE -Wdate-time -D_FORTIFY_SOURCE=2 -std=c++11 -pedantic -Wall -Wcast-align -Wwrite-strings -Wswitch-default -Wcast-qual -Wunused-variable -Wredundant-decls -Wctor-dtor-privacy -Wnon-virtual-dtor -Wreorder -Wold-style-cast -Woverloaded-virtual -fstrict-aliasing   -o CMakeFiles/sbuild.dir/sbuild-util.cc.o -c /<<PKGBUILDDIR>>/sbuild/sbuild-util.cc
[ 42%] Building CXX object sbuild/CMakeFiles/sbuild.dir/sbuild-auth.cc.o
cd /<<PKGBUILDDIR>>/debian/build/sbuild && /usr/bin/c++    -I/<<PKGBUILDDIR>>/debian/build/lib -I/<<PKGBUILDDIR>>/lib -I/<<PKGBUILDDIR>>/debian/build -I/<<PKGBUILDDIR>> -I/<<PKGBUILDDIR>>/sbuild -I/<<PKGBUILDDIR>>/debian/build/sbuild  -g -O2 -fdebug-prefix-map=/<<PKGBUILDDIR>>=. -fstack-protector-strong -Wformat -Werror=format-security -Wall -D_FILE_OFFSET_BITS=64 -D_LARGEFILE_SOURCE -Wdate-time -D_FORTIFY_SOURCE=2 -std=c++11 -pedantic -Wall -Wcast-align -Wwrite-strings -Wswitch-default -Wcast-qual -Wunused-variable -Wredundant-decls -Wctor-dtor-privacy -Wnon-virtual-dtor -Wreorder -Wold-style-cast -Woverloaded-virtual -fstrict-aliasing   -o CMakeFiles/sbuild.dir/sbuild-auth.cc.o -c /<<PKGBUILDDIR>>/sbuild/sbuild-auth.cc
[ 43%] Building CXX object sbuild/CMakeFiles/sbuild.dir/sbuild-auth-null.cc.o
cd /<<PKGBUILDDIR>>/debian/build/sbuild && /usr/bin/c++    -I/<<PKGBUILDDIR>>/debian/build/lib -I/<<PKGBUILDDIR>>/lib -I/<<PKGBUILDDIR>>/debian/build -I/<<PKGBUILDDIR>> -I/<<PKGBUILDDIR>>/sbuild -I/<<PKGBUILDDIR>>/debian/build/sbuild  -g -O2 -fdebug-prefix-map=/<<PKGBUILDDIR>>=. -fstack-protector-strong -Wformat -Werror=format-security -Wall -D_FILE_OFFSET_BITS=64 -D_LARGEFILE_SOURCE -Wdate-time -D_FORTIFY_SOURCE=2 -std=c++11 -pedantic -Wall -Wcast-align -Wwrite-strings -Wswitch-default -Wcast-qual -Wunused-variable -Wredundant-decls -Wctor-dtor-privacy -Wnon-virtual-dtor -Wreorder -Wold-style-cast -Woverloaded-virtual -fstrict-aliasing   -o CMakeFiles/sbuild.dir/sbuild-auth-null.cc.o -c /<<PKGBUILDDIR>>/sbuild/sbuild-auth-null.cc
[ 44%] Building CXX object sbuild/CMakeFiles/sbuild.dir/sbuild-auth-pam-conv.cc.o
cd /<<PKGBUILDDIR>>/debian/build/sbuild && /usr/bin/c++    -I/<<PKGBUILDDIR>>/debian/build/lib -I/<<PKGBUILDDIR>>/lib -I/<<PKGBUILDDIR>>/debian/build -I/<<PKGBUILDDIR>> -I/<<PKGBUILDDIR>>/sbuild -I/<<PKGBUILDDIR>>/debian/build/sbuild  -g -O2 -fdebug-prefix-map=/<<PKGBUILDDIR>>=. -fstack-protector-strong -Wformat -Werror=format-security -Wall -D_FILE_OFFSET_BITS=64 -D_LARGEFILE_SOURCE -Wdate-time -D_FORTIFY_SOURCE=2 -std=c++11 -pedantic -Wall -Wcast-align -Wwrite-strings -Wswitch-default -Wcast-qual -Wunused-variable -Wredundant-decls -Wctor-dtor-privacy -Wnon-virtual-dtor -Wreorder -Wold-style-cast -Woverloaded-virtual -fstrict-aliasing   -o CMakeFiles/sbuild.dir/sbuild-auth-pam-conv.cc.o -c /<<PKGBUILDDIR>>/sbuild/sbuild-auth-pam-conv.cc
In file included from /<<PKGBUILDDIR>>/sbuild/sbuild-session.cc:21:
In file included from /<<PKGBUILDDIR>>/sbuild/sbuild-chroot.h:25:
In file included from /<<PKGBUILDDIR>>/sbuild/sbuild-keyfile.h:22:
In file included from /<<PKGBUILDDIR>>/sbuild/sbuild-basic-keyfile.h:1511:
/<<PKGBUILDDIR>>/sbuild/sbuild-basic-keyfile.tcc:217:18: error: no viable overloaded '='
      localename = std::locale::classic();
      ~~~~~~~~~~ ^ ~~~~~~~~~~~~~~~~~~~~~~
/usr/bin/../lib/gcc/x86_64-linux-gnu/6.4.0/../../../../include/c++/6.4.0/bits/basic_string.h:565:7: note: candidate function not viable: no known conversion from 'const std::locale' to 'const std::__cxx11::basic_string<char>' for 1st argument
      operator=(const basic_string& __str)
      ^
/usr/bin/../lib/gcc/x86_64-linux-gnu/6.4.0/../../../../include/c++/6.4.0/bits/basic_string.h:604:7: note: candidate function not viable: no known conversion from 'const std::locale' to 'const char *' for 1st argument
      operator=(const _CharT* __s)
      ^
/usr/bin/../lib/gcc/x86_64-linux-gnu/6.4.0/../../../../include/c++/6.4.0/bits/basic_string.h:615:7: note: candidate function not viable: no known conversion from 'const std::locale' to 'char' for 1st argument
      operator=(_CharT __c)
      ^
/usr/bin/../lib/gcc/x86_64-linux-gnu/6.4.0/../../../../include/c++/6.4.0/bits/basic_string.h:633:7: note: candidate function not viable: no known conversion from 'const std::locale' to 'std::__cxx11::basic_string<char>' for 1st argument
      operator=(basic_string&& __str)
      ^
/usr/bin/../lib/gcc/x86_64-linux-gnu/6.4.0/../../../../include/c++/6.4.0/bits/basic_string.h:687:7: note: candidate function not viable: no known conversion from 'const std::locale' to 'initializer_list<char>' for 1st argument
      operator=(initializer_list<_CharT> __l)
      ^
In file included from /<<PKGBUILDDIR>>/sbuild/sbuild-util.cc:21:
In file included from /<<PKGBUILDDIR>>/sbuild/sbuild-chroot.h:25:
In file included from /<<PKGBUILDDIR>>/sbuild/sbuild-keyfile.h:22:
In file included from /<<PKGBUILDDIR>>/sbuild/sbuild-basic-keyfile.h:1511:
/<<PKGBUILDDIR>>/sbuild/sbuild-basic-keyfile.tcc:217:18: error: no viable overloaded '='
      localename = std::locale::classic();
      ~~~~~~~~~~ ^ ~~~~~~~~~~~~~~~~~~~~~~
/usr/bin/../lib/gcc/x86_64-linux-gnu/6.4.0/../../../../include/c++/6.4.0/bits/basic_string.h:565:7: note: candidate function not viable: no known conversion from 'const std::locale' to 'const std::__cxx11::basic_string<char>' for 1st argument
      operator=(const basic_string& __str)
      ^
/usr/bin/../lib/gcc/x86_64-linux-gnu/6.4.0/../../../../include/c++/6.4.0/bits/basic_string.h:604:7: note: candidate function not viable: no known conversion from 'const std::locale' to 'const char *' for 1st argument
      operator=(const _CharT* __s)
      ^
/usr/bin/../lib/gcc/x86_64-linux-gnu/6.4.0/../../../../include/c++/6.4.0/bits/basic_string.h:615:7: note: candidate function not viable: no known conversion from 'const std::locale' to 'char' for 1st argument
      operator=(_CharT __c)
      ^
/usr/bin/../lib/gcc/x86_64-linux-gnu/6.4.0/../../../../include/c++/6.4.0/bits/basic_string.h:633:7: note: candidate function not viable: no known conversion from 'const std::locale' to 'std::__cxx11::basic_string<char>' for 1st argument
      operator=(basic_string&& __str)
      ^
/usr/bin/../lib/gcc/x86_64-linux-gnu/6.4.0/../../../../include/c++/6.4.0/bits/basic_string.h:687:7: note: candidate function not viable: no known conversion from 'const std::locale' to 'initializer_list<char>' for 1st argument
      operator=(initializer_list<_CharT> __l)
      ^
In file included from /<<PKGBUILDDIR>>/sbuild/sbuild-session.cc:21:
/<<PKGBUILDDIR>>/sbuild/sbuild-chroot.h:884:17: warning: using the result of an assignment as a condition without parentheses [-Wparentheses]
        if (ret = std::dynamic_pointer_cast<T>(*pos))
            ~~~~^~~~~~~~~~~~~~~~~~~~~~~~~~~~~~~~~~~~
/<<PKGBUILDDIR>>/sbuild/sbuild-chroot.h:884:17: note: place parentheses around the assignment to silence this warning
        if (ret = std::dynamic_pointer_cast<T>(*pos))
                ^
            (                                       )
/<<PKGBUILDDIR>>/sbuild/sbuild-chroot.h:884:17: note: use '==' to turn this assignment into an equality comparison
        if (ret = std::dynamic_pointer_cast<T>(*pos))
                ^
                ==
/<<PKGBUILDDIR>>/sbuild/sbuild-chroot.h:901:17: warning: using the result of an assignment as a condition without parentheses [-Wparentheses]
        if (ret = std::dynamic_pointer_cast<T>(*pos))
            ~~~~^~~~~~~~~~~~~~~~~~~~~~~~~~~~~~~~~~~~
/<<PKGBUILDDIR>>/sbuild/sbuild-chroot.h:901:17: note: place parentheses around the assignment to silence this warning
        if (ret = std::dynamic_pointer_cast<T>(*pos))
                ^
            (                                       )
/<<PKGBUILDDIR>>/sbuild/sbuild-chroot.h:901:17: note: use '==' to turn this assignment into an equality comparison
        if (ret = std::dynamic_pointer_cast<T>(*pos))
                ^
                ==
In file included from /<<PKGBUILDDIR>>/sbuild/sbuild-util.cc:21:
/<<PKGBUILDDIR>>/sbuild/sbuild-chroot.h:884:17: warning: using the result of an assignment as a condition without parentheses [-Wparentheses]
        if (ret = std::dynamic_pointer_cast<T>(*pos))
            ~~~~^~~~~~~~~~~~~~~~~~~~~~~~~~~~~~~~~~~~
/<<PKGBUILDDIR>>/sbuild/sbuild-chroot.h:884:17: note: place parentheses around the assignment to silence this warning
        if (ret = std::dynamic_pointer_cast<T>(*pos))
                ^
            (                                       )
/<<PKGBUILDDIR>>/sbuild/sbuild-chroot.h:884:17: note: use '==' to turn this assignment into an equality comparison
        if (ret = std::dynamic_pointer_cast<T>(*pos))
                ^
                ==
/<<PKGBUILDDIR>>/sbuild/sbuild-chroot.h:901:17: warning: using the result of an assignment as a condition without parentheses [-Wparentheses]
        if (ret = std::dynamic_pointer_cast<T>(*pos))
            ~~~~^~~~~~~~~~~~~~~~~~~~~~~~~~~~~~~~~~~~
/<<PKGBUILDDIR>>/sbuild/sbuild-chroot.h:901:17: note: place parentheses around the assignment to silence this warning
        if (ret = std::dynamic_pointer_cast<T>(*pos))
                ^
            (                                       )
/<<PKGBUILDDIR>>/sbuild/sbuild-chroot.h:901:17: note: use '==' to turn this assignment into an equality comparison
        if (ret = std::dynamic_pointer_cast<T>(*pos))
                ^
                ==
[ 45%] Building CXX object sbuild/CMakeFiles/sbuild.dir/sbuild-auth-pam-conv-tty.cc.o
cd /<<PKGBUILDDIR>>/debian/build/sbuild && /usr/bin/c++    -I/<<PKGBUILDDIR>>/debian/build/lib -I/<<PKGBUILDDIR>>/lib -I/<<PKGBUILDDIR>>/debian/build -I/<<PKGBUILDDIR>> -I/<<PKGBUILDDIR>>/sbuild -I/<<PKGBUILDDIR>>/debian/build/sbuild  -g -O2 -fdebug-prefix-map=/<<PKGBUILDDIR>>=. -fstack-protector-strong -Wformat -Werror=format-security -Wall -D_FILE_OFFSET_BITS=64 -D_LARGEFILE_SOURCE -Wdate-time -D_FORTIFY_SOURCE=2 -std=c++11 -pedantic -Wall -Wcast-align -Wwrite-strings -Wswitch-default -Wcast-qual -Wunused-variable -Wredundant-decls -Wctor-dtor-privacy -Wnon-virtual-dtor -Wreorder -Wold-style-cast -Woverloaded-virtual -fstrict-aliasing   -o CMakeFiles/sbuild.dir/sbuild-auth-pam-conv-tty.cc.o -c /<<PKGBUILDDIR>>/sbuild/sbuild-auth-pam-conv-tty.cc
In file included from /<<PKGBUILDDIR>>/sbuild/sbuild-format-detail.cc:21:
In file included from /<<PKGBUILDDIR>>/sbuild/sbuild-format-detail.h:23:
In file included from /<<PKGBUILDDIR>>/sbuild/sbuild-util.h:22:
In file included from /<<PKGBUILDDIR>>/sbuild/sbuild-environment.h:23:
In file included from /<<PKGBUILDDIR>>/sbuild/sbuild-parse-value.h:22:
In file included from /<<PKGBUILDDIR>>/sbuild/sbuild-parse-error.h:22:
In file included from /<<PKGBUILDDIR>>/sbuild/sbuild-custom-error.h:22:
In file included from /<<PKGBUILDDIR>>/sbuild/sbuild-error.h:344:
/<<PKGBUILDDIR>>/sbuild/sbuild-error.tcc:260:43: warning: instantiation of variable 'sbuild::error<sbuild::stat::error_code>::error_strings' required here, but no definition is available [-Wundefined-var-template]
  typename map_type::const_iterator pos = error_strings.find(error);
                                          ^
/<<PKGBUILDDIR>>/sbuild/sbuild-error.tcc:39:19: note: in instantiation of member function 'sbuild::error<sbuild::stat::error_code>::get_error' requested here
  std::string msg(get_error(error));
                  ^
/<<PKGBUILDDIR>>/sbuild/sbuild-custom-error.h:122:30: note: in instantiation of function template specialization 'sbuild::error<sbuild::stat::error_code>::format_error<std::__cxx11::basic_string<char>, sbuild::null, sbuild::null, char *, sbuild::null, sbuild::null>' requested here
      sbuild::error<T>(this->format_error(context, null(), null(), error, detail, null(), null()),
                             ^
/<<PKGBUILDDIR>>/sbuild/sbuild-util.h:414:19: note: in instantiation of function template specialization 'sbuild::custom_error<sbuild::stat::error_code>::custom_error<std::__cxx11::basic_string<char>, char *>' requested here
            throw error(this->file, FILE, std::strerror(this->errorno));
                  ^
/<<PKGBUILDDIR>>/sbuild/sbuild-error.h:146:21: note: forward declaration of template entity is here
    static map_type error_strings;
                    ^
/<<PKGBUILDDIR>>/sbuild/sbuild-error.tcc:260:43: note: add an explicit instantiation declaration to suppress this warning if 'sbuild::error<sbuild::stat::error_code>::error_strings' is explicitly instantiated in another translation unit
  typename map_type::const_iterator pos = error_strings.find(error);
                                          ^
In file included from /<<PKGBUILDDIR>>/sbuild/sbuild-keyfile-base.cc:21:
In file included from /<<PKGBUILDDIR>>/sbuild/sbuild-keyfile-base.h:24:
In file included from /<<PKGBUILDDIR>>/sbuild/sbuild-parse-error.h:22:
In file included from /<<PKGBUILDDIR>>/sbuild/sbuild-custom-error.h:22:
In file included from /<<PKGBUILDDIR>>/sbuild/sbuild-error.h:344:
/<<PKGBUILDDIR>>/sbuild/sbuild-error.tcc:260:43: warning: instantiation of variable 'sbuild::error<sbuild::stat::error_code>::error_strings' required here, but no definition is available [-Wundefined-var-template]
  typename map_type::const_iterator pos = error_strings.find(error);
                                          ^
/<<PKGBUILDDIR>>/sbuild/sbuild-error.tcc:39:19: note: in instantiation of member function 'sbuild::error<sbuild::stat::error_code>::get_error' requested here
  std::string msg(get_error(error));
                  ^
/<<PKGBUILDDIR>>/sbuild/sbuild-custom-error.h:122:30: note: in instantiation of function template specialization 'sbuild::error<sbuild::stat::error_code>::format_error<std::__cxx11::basic_string<char>, sbuild::null, sbuild::null, char *, sbuild::null, sbuild::null>' requested here
      sbuild::error<T>(this->format_error(context, null(), null(), error, detail, null(), null()),
                             ^
/<<PKGBUILDDIR>>/sbuild/sbuild-util.h:414:19: note: in instantiation of function template specialization 'sbuild::custom_error<sbuild::stat::error_code>::custom_error<std::__cxx11::basic_string<char>, char *>' requested here
            throw error(this->file, FILE, std::strerror(this->errorno));
                  ^
/<<PKGBUILDDIR>>/sbuild/sbuild-error.h:146:21: note: forward declaration of template entity is here
    static map_type error_strings;
                    ^
/<<PKGBUILDDIR>>/sbuild/sbuild-error.tcc:260:43: note: add an explicit instantiation declaration to suppress this warning if 'sbuild::error<sbuild::stat::error_code>::error_strings' is explicitly instantiated in another translation unit
  typename map_type::const_iterator pos = error_strings.find(error);
                                          ^
/<<PKGBUILDDIR>>/sbuild/sbuild-session.cc:1199:11: warning: ignoring return value of function declared with 'warn_unused_result' attribute [-Wunused-result]
          setuid(0);
          ^~~~~~ ~
/<<PKGBUILDDIR>>/sbuild/sbuild-session.cc:1200:11: warning: ignoring return value of function declared with 'warn_unused_result' attribute [-Wunused-result]
          setgid(0);
          ^~~~~~ ~
1 warning generated.
[ 45%] Building CXX object sbuild/CMakeFiles/sbuild.dir/sbuild-auth-pam.cc.o
cd /<<PKGBUILDDIR>>/debian/build/sbuild && /usr/bin/c++    -I/<<PKGBUILDDIR>>/debian/build/lib -I/<<PKGBUILDDIR>>/lib -I/<<PKGBUILDDIR>>/debian/build -I/<<PKGBUILDDIR>> -I/<<PKGBUILDDIR>>/sbuild -I/<<PKGBUILDDIR>>/debian/build/sbuild  -g -O2 -fdebug-prefix-map=/<<PKGBUILDDIR>>=. -fstack-protector-strong -Wformat -Werror=format-security -Wall -D_FILE_OFFSET_BITS=64 -D_LARGEFILE_SOURCE -Wdate-time -D_FORTIFY_SOURCE=2 -std=c++11 -pedantic -Wall -Wcast-align -Wwrite-strings -Wswitch-default -Wcast-qual -Wunused-variable -Wredundant-decls -Wctor-dtor-privacy -Wnon-virtual-dtor -Wreorder -Wold-style-cast -Woverloaded-virtual -fstrict-aliasing   -o CMakeFiles/sbuild.dir/sbuild-auth-pam.cc.o -c /<<PKGBUILDDIR>>/sbuild/sbuild-auth-pam.cc
In file included from /<<PKGBUILDDIR>>/sbuild/sbuild-auth-null.cc:21:
In file included from /<<PKGBUILDDIR>>/sbuild/sbuild-auth-null.h:22:
In file included from /<<PKGBUILDDIR>>/sbuild/sbuild-auth.h:23:
In file included from /<<PKGBUILDDIR>>/sbuild/sbuild-custom-error.h:22:
In file included from /<<PKGBUILDDIR>>/sbuild/sbuild-error.h:344:
/<<PKGBUILDDIR>>/sbuild/sbuild-error.tcc:260:43: warning: instantiation of variable 'sbuild::error<sbuild::stat::error_code>::error_strings' required here, but no definition is available [-Wundefined-var-template]
  typename map_type::const_iterator pos = error_strings.find(error);
                                          ^
/<<PKGBUILDDIR>>/sbuild/sbuild-error.tcc:39:19: note: in instantiation of member function 'sbuild::error<sbuild::stat::error_code>::get_error' requested here
  std::string msg(get_error(error));
                  ^
/<<PKGBUILDDIR>>/sbuild/sbuild-custom-error.h:122:30: note: in instantiation of function template specialization 'sbuild::error<sbuild::stat::error_code>::format_error<std::__cxx11::basic_string<char>, sbuild::null, sbuild::null, char *, sbuild::null, sbuild::null>' requested here
      sbuild::error<T>(this->format_error(context, null(), null(), error, detail, null(), null()),
                             ^
/<<PKGBUILDDIR>>/sbuild/sbuild-util.h:414:19: note: in instantiation of function template specialization 'sbuild::custom_error<sbuild::stat::error_code>::custom_error<std::__cxx11::basic_string<char>, char *>' requested here
            throw error(this->file, FILE, std::strerror(this->errorno));
                  ^
/<<PKGBUILDDIR>>/sbuild/sbuild-error.h:146:21: note: forward declaration of template entity is here
    static map_type error_strings;
                    ^
/<<PKGBUILDDIR>>/sbuild/sbuild-error.tcc:260:43: note: add an explicit instantiation declaration to suppress this warning if 'sbuild::error<sbuild::stat::error_code>::error_strings' is explicitly instantiated in another translation unit
  typename map_type::const_iterator pos = error_strings.find(error);
                                          ^
2 warnings and 1 error generated.
sbuild/CMakeFiles/sbuild.dir/build.make:422: recipe for target 'sbuild/CMakeFiles/sbuild.dir/sbuild-util.cc.o' failed
make[4]: *** [sbuild/CMakeFiles/sbuild.dir/sbuild-util.cc.o] Error 1
make[4]: *** Waiting for unfinished jobs....
/<<PKGBUILDDIR>>/sbuild/sbuild-error.tcc:260:43: warning: instantiation of variable 'sbuild::error<sbuild::auth::error_code>::error_strings' required here, but no definition is available [-Wundefined-var-template]
  typename map_type::const_iterator pos = error_strings.find(error);
                                          ^
/<<PKGBUILDDIR>>/sbuild/sbuild-error.tcc:39:19: note: in instantiation of member function 'sbuild::error<sbuild::auth::error_code>::get_error' requested here
  std::string msg(get_error(error));
                  ^
/<<PKGBUILDDIR>>/sbuild/sbuild-custom-error.h:58:30: note: in instantiation of function template specialization 'sbuild::error<sbuild::auth::error_code>::format_error<char [9], sbuild::null, sbuild::null, sbuild::null, sbuild::null, sbuild::null>' requested here
      sbuild::error<T>(this->format_error(context, null(), null(), error, null(), null(), null()),
                             ^
/<<PKGBUILDDIR>>/sbuild/sbuild-auth-null.cc:79:13: note: in instantiation of function template specialization 'sbuild::custom_error<sbuild::auth::error_code>::custom_error<char [9]>' requested here
      throw error("Init PAM", PAM_DOUBLE_INIT);
            ^
/<<PKGBUILDDIR>>/sbuild/sbuild-error.h:146:21: note: forward declaration of template entity is here
    static map_type error_strings;
                    ^
/<<PKGBUILDDIR>>/sbuild/sbuild-error.tcc:260:43: note: add an explicit instantiation declaration to suppress this warning if 'sbuild::error<sbuild::auth::error_code>::error_strings' is explicitly instantiated in another translation unit
  typename map_type::const_iterator pos = error_strings.find(error);
                                          ^
In file included from /<<PKGBUILDDIR>>/sbuild/sbuild-run-parts.cc:21:
In file included from /<<PKGBUILDDIR>>/sbuild/sbuild-run-parts.h:22:
In file included from /<<PKGBUILDDIR>>/sbuild/sbuild-custom-error.h:22:
In file included from /<<PKGBUILDDIR>>/sbuild/sbuild-error.h:344:
/<<PKGBUILDDIR>>/sbuild/sbuild-error.tcc:260:43: warning: instantiation of variable 'sbuild::error<sbuild::stat::error_code>::error_strings' required here, but no definition is available [-Wundefined-var-template]
  typename map_type::const_iterator pos = error_strings.find(error);
                                          ^
/<<PKGBUILDDIR>>/sbuild/sbuild-error.tcc:39:19: note: in instantiation of member function 'sbuild::error<sbuild::stat::error_code>::get_error' requested here
  std::string msg(get_error(error));
                  ^
/<<PKGBUILDDIR>>/sbuild/sbuild-custom-error.h:122:30: note: in instantiation of function template specialization 'sbuild::error<sbuild::stat::error_code>::format_error<std::__cxx11::basic_string<char>, sbuild::null, sbuild::null, char *, sbuild::null, sbuild::null>' requested here
      sbuild::error<T>(this->format_error(context, null(), null(), error, detail, null(), null()),
                             ^
/<<PKGBUILDDIR>>/sbuild/sbuild-util.h:414:19: note: in instantiation of function template specialization 'sbuild::custom_error<sbuild::stat::error_code>::custom_error<std::__cxx11::basic_string<char>, char *>' requested here
            throw error(this->file, FILE, std::strerror(this->errorno));
                  ^
/<<PKGBUILDDIR>>/sbuild/sbuild-error.h:146:21: note: forward declaration of template entity is here
    static map_type error_strings;
                    ^
/<<PKGBUILDDIR>>/sbuild/sbuild-error.tcc:260:43: note: add an explicit instantiation declaration to suppress this warning if 'sbuild::error<sbuild::stat::error_code>::error_strings' is explicitly instantiated in another translation unit
  typename map_type::const_iterator pos = error_strings.find(error);
                                          ^
In file included from /<<PKGBUILDDIR>>/sbuild/sbuild-auth.cc:21:
In file included from /<<PKGBUILDDIR>>/sbuild/sbuild-auth.h:23:
In file included from /<<PKGBUILDDIR>>/sbuild/sbuild-custom-error.h:22:
In file included from /<<PKGBUILDDIR>>/sbuild/sbuild-error.h:344:
/<<PKGBUILDDIR>>/sbuild/sbuild-error.tcc:260:43: warning: instantiation of variable 'sbuild::error<sbuild::stat::error_code>::error_strings' required here, but no definition is available [-Wundefined-var-template]
  typename map_type::const_iterator pos = error_strings.find(error);
                                          ^
/<<PKGBUILDDIR>>/sbuild/sbuild-error.tcc:39:19: note: in instantiation of member function 'sbuild::error<sbuild::stat::error_code>::get_error' requested here
  std::string msg(get_error(error));
                  ^
/<<PKGBUILDDIR>>/sbuild/sbuild-custom-error.h:122:30: note: in instantiation of function template specialization 'sbuild::error<sbuild::stat::error_code>::format_error<std::__cxx11::basic_string<char>, sbuild::null, sbuild::null, char *, sbuild::null, sbuild::null>' requested here
      sbuild::error<T>(this->format_error(context, null(), null(), error, detail, null(), null()),
                             ^
/<<PKGBUILDDIR>>/sbuild/sbuild-util.h:414:19: note: in instantiation of function template specialization 'sbuild::custom_error<sbuild::stat::error_code>::custom_error<std::__cxx11::basic_string<char>, char *>' requested here
            throw error(this->file, FILE, std::strerror(this->errorno));
                  ^
/<<PKGBUILDDIR>>/sbuild/sbuild-error.h:146:21: note: forward declaration of template entity is here
    static map_type error_strings;
                    ^
/<<PKGBUILDDIR>>/sbuild/sbuild-error.tcc:260:43: note: add an explicit instantiation declaration to suppress this warning if 'sbuild::error<sbuild::stat::error_code>::error_strings' is explicitly instantiated in another translation unit
  typename map_type::const_iterator pos = error_strings.find(error);
                                          ^
In file included from /<<PKGBUILDDIR>>/sbuild/sbuild-log.cc:21:
In file included from /<<PKGBUILDDIR>>/sbuild/sbuild-ctty.h:23:
In file included from /<<PKGBUILDDIR>>/sbuild/sbuild-parse-error.h:22:
In file included from /<<PKGBUILDDIR>>/sbuild/sbuild-custom-error.h:22:
In file included from /<<PKGBUILDDIR>>/sbuild/sbuild-error.h:344:
/<<PKGBUILDDIR>>/sbuild/sbuild-error.tcc:260:43: warning: instantiation of variable 'sbuild::error<sbuild::stat::error_code>::error_strings' required here, but no definition is available [-Wundefined-var-template]
  typename map_type::const_iterator pos = error_strings.find(error);
                                          ^
/<<PKGBUILDDIR>>/sbuild/sbuild-error.tcc:39:19: note: in instantiation of member function 'sbuild::error<sbuild::stat::error_code>::get_error' requested here
  std::string msg(get_error(error));
                  ^
/<<PKGBUILDDIR>>/sbuild/sbuild-custom-error.h:122:30: note: in instantiation of function template specialization 'sbuild::error<sbuild::stat::error_code>::format_error<std::__cxx11::basic_string<char>, sbuild::null, sbuild::null, char *, sbuild::null, sbuild::null>' requested here
      sbuild::error<T>(this->format_error(context, null(), null(), error, detail, null(), null()),
                             ^
/<<PKGBUILDDIR>>/sbuild/sbuild-util.h:414:19: note: in instantiation of function template specialization 'sbuild::custom_error<sbuild::stat::error_code>::custom_error<std::__cxx11::basic_string<char>, char *>' requested here
            throw error(this->file, FILE, std::strerror(this->errorno));
                  ^
/<<PKGBUILDDIR>>/sbuild/sbuild-error.h:146:21: note: forward declaration of template entity is here
    static map_type error_strings;
                    ^
/<<PKGBUILDDIR>>/sbuild/sbuild-error.tcc:260:43: note: add an explicit instantiation declaration to suppress this warning if 'sbuild::error<sbuild::stat::error_code>::error_strings' is explicitly instantiated in another translation unit
  typename map_type::const_iterator pos = error_strings.find(error);
                                          ^
In file included from /<<PKGBUILDDIR>>/sbuild/sbuild-session.cc:21:
/<<PKGBUILDDIR>>/sbuild/sbuild-chroot.h:884:17: warning: using the result of an assignment as a condition without parentheses [-Wparentheses]
        if (ret = std::dynamic_pointer_cast<T>(*pos))
            ~~~~^~~~~~~~~~~~~~~~~~~~~~~~~~~~~~~~~~~~
/<<PKGBUILDDIR>>/sbuild/sbuild-session.cc:655:26: note: in instantiation of function template specialization 'sbuild::chroot::get_facet<sbuild::chroot_facet_session_clonable>' requested here
              assert(ch->get_facet<chroot_facet_session_clonable>());
                         ^
/<<PKGBUILDDIR>>/sbuild/sbuild-chroot.h:884:17: note: place parentheses around the assignment to silence this warning
        if (ret = std::dynamic_pointer_cast<T>(*pos))
                ^
            (                                       )
/<<PKGBUILDDIR>>/sbuild/sbuild-chroot.h:884:17: note: use '==' to turn this assignment into an equality comparison
        if (ret = std::dynamic_pointer_cast<T>(*pos))
                ^
                ==
/<<PKGBUILDDIR>>/sbuild/sbuild-chroot.h:884:17: warning: using the result of an assignment as a condition without parentheses [-Wparentheses]
        if (ret = std::dynamic_pointer_cast<T>(*pos))
            ~~~~^~~~~~~~~~~~~~~~~~~~~~~~~~~~~~~~~~~~
/<<PKGBUILDDIR>>/sbuild/sbuild-session.cc:684:30: note: in instantiation of function template specialization 'sbuild::chroot::get_facet<sbuild::chroot_facet_session>' requested here
              assert(chroot->get_facet<chroot_facet_session>());
                             ^
/<<PKGBUILDDIR>>/sbuild/sbuild-chroot.h:884:17: note: place parentheses around the assignment to silence this warning
        if (ret = std::dynamic_pointer_cast<T>(*pos))
                ^
            (                                       )
/<<PKGBUILDDIR>>/sbuild/sbuild-chroot.h:884:17: note: use '==' to turn this assignment into an equality comparison
        if (ret = std::dynamic_pointer_cast<T>(*pos))
                ^
                ==
/<<PKGBUILDDIR>>/sbuild/sbuild-chroot.h:884:17: warning: using the result of an assignment as a condition without parentheses [-Wparentheses]
        if (ret = std::dynamic_pointer_cast<T>(*pos))
            ~~~~^~~~~~~~~~~~~~~~~~~~~~~~~~~~~~~~~~~~
/<<PKGBUILDDIR>>/sbuild/sbuild-session.cc:694:21: note: in instantiation of function template specialization 'sbuild::chroot::get_facet<sbuild::chroot_facet_userdata>' requested here
            chroot->get_facet<chroot_facet_userdata>();
                    ^
/<<PKGBUILDDIR>>/sbuild/sbuild-chroot.h:884:17: note: place parentheses around the assignment to silence this warning
        if (ret = std::dynamic_pointer_cast<T>(*pos))
                ^
            (                                       )
/<<PKGBUILDDIR>>/sbuild/sbuild-chroot.h:884:17: note: use '==' to turn this assignment into an equality comparison
        if (ret = std::dynamic_pointer_cast<T>(*pos))
                ^
                ==
/<<PKGBUILDDIR>>/sbuild/sbuild-chroot.h:884:17: warning: using the result of an assignment as a condition without parentheses [-Wparentheses]
        if (ret = std::dynamic_pointer_cast<T>(*pos))
            ~~~~^~~~~~~~~~~~~~~~~~~~~~~~~~~~~~~~~~~~
/<<PKGBUILDDIR>>/sbuild/sbuild-session.cc:1279:21: note: in instantiation of function template specialization 'sbuild::chroot::get_facet<sbuild::chroot_facet_personality>' requested here
    session_chroot->get_facet<chroot_facet_personality>();
                    ^
/<<PKGBUILDDIR>>/sbuild/sbuild-chroot.h:884:17: note: place parentheses around the assignment to silence this warning
        if (ret = std::dynamic_pointer_cast<T>(*pos))
                ^
            (                                       )
/<<PKGBUILDDIR>>/sbuild/sbuild-chroot.h:884:17: note: use '==' to turn this assignment into an equality comparison
        if (ret = std::dynamic_pointer_cast<T>(*pos))
                ^
                ==
8 warnings and 1 error generated.
sbuild/CMakeFiles/sbuild.dir/build.make:374: recipe for target 'sbuild/CMakeFiles/sbuild.dir/sbuild-session.cc.o' failed
make[4]: *** [sbuild/CMakeFiles/sbuild.dir/sbuild-session.cc.o] Error 1
1 warning generated.
2 warnings generated.
In file included from /<<PKGBUILDDIR>>/sbuild/sbuild-auth-pam-conv-tty.cc:21:
In file included from /<<PKGBUILDDIR>>/sbuild/sbuild-auth-pam-conv-tty.h:22:
In file included from /<<PKGBUILDDIR>>/sbuild/sbuild-auth-pam-conv.h:23:
In file included from /<<PKGBUILDDIR>>/sbuild/sbuild-error.h:344:
/<<PKGBUILDDIR>>/sbuild/sbuild-error.tcc:260:43: warning: instantiation of variable 'sbuild::error<sbuild::stat::error_code>::error_strings' required here, but no definition is available [-Wundefined-var-template]
  typename map_type::const_iterator pos = error_strings.find(error);
                                          ^
/<<PKGBUILDDIR>>/sbuild/sbuild-error.tcc:39:19: note: in instantiation of member function 'sbuild::error<sbuild::stat::error_code>::get_error' requested here
  std::string msg(get_error(error));
                  ^
/<<PKGBUILDDIR>>/sbuild/sbuild-custom-error.h:122:30: note: in instantiation of function template specialization 'sbuild::error<sbuild::stat::error_code>::format_error<std::__cxx11::basic_string<char>, sbuild::null, sbuild::null, char *, sbuild::null, sbuild::null>' requested here
      sbuild::error<T>(this->format_error(context, null(), null(), error, detail, null(), null()),
                             ^
/<<PKGBUILDDIR>>/sbuild/sbuild-util.h:414:19: note: in instantiation of function template specialization 'sbuild::custom_error<sbuild::stat::error_code>::custom_error<std::__cxx11::basic_string<char>, char *>' requested here
            throw error(this->file, FILE, std::strerror(this->errorno));
                  ^
/<<PKGBUILDDIR>>/sbuild/sbuild-error.h:146:21: note: forward declaration of template entity is here
    static map_type error_strings;
                    ^
/<<PKGBUILDDIR>>/sbuild/sbuild-error.tcc:260:43: note: add an explicit instantiation declaration to suppress this warning if 'sbuild::error<sbuild::stat::error_code>::error_strings' is explicitly instantiated in another translation unit
  typename map_type::const_iterator pos = error_strings.find(error);
                                          ^
1 warning generated.
In file included from /<<PKGBUILDDIR>>/sbuild/sbuild-auth-pam.cc:21:
In file included from /<<PKGBUILDDIR>>/sbuild/sbuild-auth-pam.h:22:
In file included from /<<PKGBUILDDIR>>/sbuild/sbuild-auth.h:23:
In file included from /<<PKGBUILDDIR>>/sbuild/sbuild-custom-error.h:22:
In file included from /<<PKGBUILDDIR>>/sbuild/sbuild-error.h:344:
/<<PKGBUILDDIR>>/sbuild/sbuild-error.tcc:260:43: warning: instantiation of variable 'sbuild::error<sbuild::stat::error_code>::error_strings' required here, but no definition is available [-Wundefined-var-template]
  typename map_type::const_iterator pos = error_strings.find(error);
                                          ^
/<<PKGBUILDDIR>>/sbuild/sbuild-error.tcc:39:19: note: in instantiation of member function 'sbuild::error<sbuild::stat::error_code>::get_error' requested here
  std::string msg(get_error(error));
                  ^
/<<PKGBUILDDIR>>/sbuild/sbuild-custom-error.h:122:30: note: in instantiation of function template specialization 'sbuild::error<sbuild::stat::error_code>::format_error<std::__cxx11::basic_string<char>, sbuild::null, sbuild::null, char *, sbuild::null, sbuild::null>' requested here
      sbuild::error<T>(this->format_error(context, null(), null(), error, detail, null(), null()),
                             ^
/<<PKGBUILDDIR>>/sbuild/sbuild-util.h:414:19: note: in instantiation of function template specialization 'sbuild::custom_error<sbuild::stat::error_code>::custom_error<std::__cxx11::basic_string<char>, char *>' requested here
            throw error(this->file, FILE, std::strerror(this->errorno));
                  ^
/<<PKGBUILDDIR>>/sbuild/sbuild-error.h:146:21: note: forward declaration of template entity is here
    static map_type error_strings;
                    ^
/<<PKGBUILDDIR>>/sbuild/sbuild-error.tcc:260:43: note: add an explicit instantiation declaration to suppress this warning if 'sbuild::error<sbuild::stat::error_code>::error_strings' is explicitly instantiated in another translation unit
  typename map_type::const_iterator pos = error_strings.find(error);
                                          ^
/<<PKGBUILDDIR>>/sbuild/sbuild-error.tcc:260:43: warning: instantiation of variable 'sbuild::error<sbuild::auth::error_code>::error_strings' required here, but no definition is available [-Wundefined-var-template]
  typename map_type::const_iterator pos = error_strings.find(error);
                                          ^
/<<PKGBUILDDIR>>/sbuild/sbuild-error.tcc:39:19: note: in instantiation of member function 'sbuild::error<sbuild::auth::error_code>::get_error' requested here
  std::string msg(get_error(error));
                  ^
/<<PKGBUILDDIR>>/sbuild/sbuild-custom-error.h:58:30: note: in instantiation of function template specialization 'sbuild::error<sbuild::auth::error_code>::format_error<char [9], sbuild::null, sbuild::null, sbuild::null, sbuild::null, sbuild::null>' requested here
      sbuild::error<T>(this->format_error(context, null(), null(), error, null(), null(), null()),
                             ^
/<<PKGBUILDDIR>>/sbuild/sbuild-auth-pam.cc:190:13: note: in instantiation of function template specialization 'sbuild::custom_error<sbuild::auth::error_code>::custom_error<char [9]>' requested here
      throw error("Init PAM", PAM_DOUBLE_INIT);
            ^
/<<PKGBUILDDIR>>/sbuild/sbuild-error.h:146:21: note: forward declaration of template entity is here
    static map_type error_strings;
                    ^
/<<PKGBUILDDIR>>/sbuild/sbuild-error.tcc:260:43: note: add an explicit instantiation declaration to suppress this warning if 'sbuild::error<sbuild::auth::error_code>::error_strings' is explicitly instantiated in another translation unit
  typename map_type::const_iterator pos = error_strings.find(error);
                                          ^
1 warning generated.
1 warning generated.
1 warning generated.
2 warnings generated.
make[4]: Leaving directory '/<<PKGBUILDDIR>>/debian/build'
CMakeFiles/Makefile2:117: recipe for target 'sbuild/CMakeFiles/sbuild.dir/all' failed
make[3]: *** [sbuild/CMakeFiles/sbuild.dir/all] Error 2
make[3]: Leaving directory '/<<PKGBUILDDIR>>/debian/build'
Makefile:138: recipe for target 'all' failed
make[2]: *** [all] Error 2
make[2]: Leaving directory '/<<PKGBUILDDIR>>/debian/build'
debian/rules:74: recipe for target 'override_dh_auto_build' failed
make[1]: *** [override_dh_auto_build] Error 2
make[1]: Leaving directory '/<<PKGBUILDDIR>>'
debian/rules:39: recipe for target 'build-arch' failed
make: *** [build-arch] Error 2
dpkg-buildpackage: error: debian/rules build-arch gave error exit status 2
--------------------------------------------------------------------------------
Build finished at 2017-07-06T19:30:30Z

Finished
--------


+------------------------------------------------------------------------------+
| Cleanup                                                                      |
+------------------------------------------------------------------------------+

Purging /<<BUILDDIR>>
Not cleaning session: cloned chroot in use
E: Build failure (dpkg-buildpackage died)

+------------------------------------------------------------------------------+
| Summary                                                                      |
+------------------------------------------------------------------------------+

Build Architecture: amd64
Build Type: any
Build-Space: 27556
Build-Time: 28
Distribution: unstable
Fail-Stage: build
Host Architecture: amd64
Install-Time: 13
Job: schroot_1.6.10-4
Machine Architecture: amd64
Package: schroot
Package-Time: 55
Source-Version: 1.6.10-4
Space: 27556
Status: attempted
Version: 1.6.10-4
--------------------------------------------------------------------------------
Finished at 2017-07-06T19:30:30Z
Build needed 00:00:55, 27556k disk space
E: Build failure (dpkg-buildpackage died)
DC-Status: Failed 56.554428473s
DC-Time-Estimation: 56.554428473 versus expected 496 (r/m: 7.770312306078708 ; m: 56.554428473)
