DC-Build-Header: ui-utilcpp 1.8.5-1 / 2017-07-06 18:34:00 +0000
DC-Task: type:rebuild-binarch-only source:ui-utilcpp version:1.8.5-1 chroot:unstable esttime:660 logfile:/tmp/ui-utilcpp_1.8.5-1_unstable_clang3.9.log modes:clang:binarch-only
DC-Sbuild-call: su user42 -c 'sbuild -n --arch-any --apt-update -d unstable -v  --chroot-setup-commands=/tmp/clang ui-utilcpp_1.8.5-1'
sbuild (Debian sbuild) 0.73.0 (23 Dec 2016) on ip-172-31-47-26.eu-central-1.compute.internal

+==============================================================================+
| ui-utilcpp 1.8.5-1 (amd64)                   Thu, 06 Jul 2017 18:34:00 +0000 |
+==============================================================================+

Package: ui-utilcpp
Version: 1.8.5-1
Source Version: 1.8.5-1
Distribution: unstable
Machine Architecture: amd64
Host Architecture: amd64
Build Architecture: amd64
Build Type: any

I: NOTICE: Log filtering will replace 'var/run/schroot/mount/unstable-amd64-sbuild-b55998e9-1a41-4afd-a591-0f34b0665220' with '<<CHROOT>>'

+------------------------------------------------------------------------------+
| Chroot Setup Commands                                                        |
+------------------------------------------------------------------------------+


/tmp/clang
----------

+ echo 'Entering customization script...'
Entering customization script...
+ CLANG_VERSION=3.9
+ echo 'Install of clang-3.9'
Install of clang-3.9
+ apt-get update
Get:1 http://127.0.0.1:9999/debian unstable InRelease [255 kB]
Get:2 http://127.0.0.1:9999/debian unstable/main Sources.diff/Index [27.9 kB]
Get:3 http://127.0.0.1:9999/debian unstable/main amd64 Packages.diff/Index [27.9 kB]
Get:4 http://127.0.0.1:9999/debian unstable/main Translation-en.diff/Index [27.9 kB]
Get:5 http://127.0.0.1:9999/debian unstable/main Sources 2017-07-02-0216.39.pdiff [15.0 kB]
Get:6 http://127.0.0.1:9999/debian unstable/main Sources 2017-07-02-0817.00.pdiff [7416 B]
Get:7 http://127.0.0.1:9999/debian unstable/main Sources 2017-07-02-1415.16.pdiff [17.0 kB]
Get:8 http://127.0.0.1:9999/debian unstable/main Sources 2017-07-02-2015.53.pdiff [15.2 kB]
Get:9 http://127.0.0.1:9999/debian unstable/main Sources 2017-07-03-0215.43.pdiff [50.2 kB]
Get:10 http://127.0.0.1:9999/debian unstable/main Sources 2017-07-03-0815.58.pdiff [5500 B]
Get:11 http://127.0.0.1:9999/debian unstable/main Sources 2017-07-03-1420.59.pdiff [15.8 kB]
Get:12 http://127.0.0.1:9999/debian unstable/main Sources 2017-07-03-2015.52.pdiff [15.6 kB]
Get:13 http://127.0.0.1:9999/debian unstable/main Sources 2017-07-04-0215.56.pdiff [7165 B]
Get:14 http://127.0.0.1:9999/debian unstable/main Sources 2017-07-04-0817.36.pdiff [8303 B]
Get:15 http://127.0.0.1:9999/debian unstable/main Sources 2017-07-04-1416.28.pdiff [11.7 kB]
Get:16 http://127.0.0.1:9999/debian unstable/main Sources 2017-07-04-2017.16.pdiff [12.7 kB]
Get:17 http://127.0.0.1:9999/debian unstable/main Sources 2017-07-05-0215.45.pdiff [7714 B]
Get:18 http://127.0.0.1:9999/debian unstable/main Sources 2017-07-05-0817.10.pdiff [6491 B]
Get:19 http://127.0.0.1:9999/debian unstable/main Sources 2017-07-05-1416.09.pdiff [13.0 kB]
Get:20 http://127.0.0.1:9999/debian unstable/main Sources 2017-07-05-2019.56.pdiff [14.2 kB]
Get:21 http://127.0.0.1:9999/debian unstable/main Sources 2017-07-06-0216.07.pdiff [9132 B]
Get:22 http://127.0.0.1:9999/debian unstable/main Sources 2017-07-06-0817.23.pdiff [16.8 kB]
Get:23 http://127.0.0.1:9999/debian unstable/main amd64 Packages 2017-07-02-0216.39.pdiff [31.6 kB]
Get:24 http://127.0.0.1:9999/debian unstable/main amd64 Packages 2017-07-02-0817.00.pdiff [12.0 kB]
Get:25 http://127.0.0.1:9999/debian unstable/main amd64 Packages 2017-07-02-1415.16.pdiff [11.6 kB]
Get:26 http://127.0.0.1:9999/debian unstable/main amd64 Packages 2017-07-02-2015.53.pdiff [12.9 kB]
Get:27 http://127.0.0.1:9999/debian unstable/main amd64 Packages 2017-07-03-0215.43.pdiff [63.1 kB]
Get:28 http://127.0.0.1:9999/debian unstable/main amd64 Packages 2017-07-03-0815.58.pdiff [23.3 kB]
Get:29 http://127.0.0.1:9999/debian unstable/main amd64 Packages 2017-07-03-1420.59.pdiff [40.0 kB]
Get:30 http://127.0.0.1:9999/debian unstable/main amd64 Packages 2017-07-03-2015.52.pdiff [28.4 kB]
Get:22 http://127.0.0.1:9999/debian unstable/main Sources 2017-07-06-0817.23.pdiff [16.8 kB]
Get:31 http://127.0.0.1:9999/debian unstable/main amd64 Packages 2017-07-04-0215.56.pdiff [7447 B]
Get:32 http://127.0.0.1:9999/debian unstable/main amd64 Packages 2017-07-04-0817.36.pdiff [5458 B]
Get:33 http://127.0.0.1:9999/debian unstable/main amd64 Packages 2017-07-04-1416.28.pdiff [33.1 kB]
Get:34 http://127.0.0.1:9999/debian unstable/main amd64 Packages 2017-07-04-2017.16.pdiff [18.8 kB]
Get:35 http://127.0.0.1:9999/debian unstable/main amd64 Packages 2017-07-05-0215.45.pdiff [5901 B]
Get:36 http://127.0.0.1:9999/debian unstable/main amd64 Packages 2017-07-05-0817.10.pdiff [15.3 kB]
Get:37 http://127.0.0.1:9999/debian unstable/main amd64 Packages 2017-07-05-1416.09.pdiff [11.4 kB]
Get:38 http://127.0.0.1:9999/debian unstable/main amd64 Packages 2017-07-05-2019.56.pdiff [13.0 kB]
Get:39 http://127.0.0.1:9999/debian unstable/main amd64 Packages 2017-07-06-0216.07.pdiff [8638 B]
Get:40 http://127.0.0.1:9999/debian unstable/main amd64 Packages 2017-07-06-0817.23.pdiff [31.2 kB]
Get:41 http://127.0.0.1:9999/debian unstable/main Translation-en 2017-07-02-0216.39.pdiff [1271 B]
Get:42 http://127.0.0.1:9999/debian unstable/main Translation-en 2017-07-02-2015.53.pdiff [793 B]
Get:43 http://127.0.0.1:9999/debian unstable/main Translation-en 2017-07-03-0215.43.pdiff [327 B]
Get:44 http://127.0.0.1:9999/debian unstable/main Translation-en 2017-07-03-0815.58.pdiff [270 B]
Get:45 http://127.0.0.1:9999/debian unstable/main Translation-en 2017-07-03-1420.59.pdiff [1066 B]
Get:46 http://127.0.0.1:9999/debian unstable/main Translation-en 2017-07-03-2015.52.pdiff [465 B]
Get:47 http://127.0.0.1:9999/debian unstable/main Translation-en 2017-07-04-0215.56.pdiff [291 B]
Get:48 http://127.0.0.1:9999/debian unstable/main Translation-en 2017-07-04-0817.36.pdiff [539 B]
Get:40 http://127.0.0.1:9999/debian unstable/main amd64 Packages 2017-07-06-0817.23.pdiff [31.2 kB]
Get:49 http://127.0.0.1:9999/debian unstable/main Translation-en 2017-07-04-1416.28.pdiff [484 B]
Get:50 http://127.0.0.1:9999/debian unstable/main Translation-en 2017-07-04-2017.16.pdiff [1126 B]
Get:51 http://127.0.0.1:9999/debian unstable/main Translation-en 2017-07-05-0215.45.pdiff [214 B]
Get:52 http://127.0.0.1:9999/debian unstable/main Translation-en 2017-07-05-0817.10.pdiff [606 B]
Get:53 http://127.0.0.1:9999/debian unstable/main Translation-en 2017-07-05-1416.09.pdiff [214 B]
Get:54 http://127.0.0.1:9999/debian unstable/main Translation-en 2017-07-05-2019.56.pdiff [2615 B]
Get:55 http://127.0.0.1:9999/debian unstable/main Translation-en 2017-07-06-0216.07.pdiff [1869 B]
Get:56 http://127.0.0.1:9999/debian unstable/main Translation-en 2017-07-06-0817.23.pdiff [915 B]
Get:56 http://127.0.0.1:9999/debian unstable/main Translation-en 2017-07-06-0817.23.pdiff [915 B]
Fetched 974 kB in 1s (784 kB/s)
Reading package lists...
+ apt-get install --yes --no-install-recommends --force-yes clang-3.9
Reading package lists...
Building dependency tree...
Reading state information...
The following additional packages will be installed:
  cpp-6 g++-6 gcc-6 gcc-6-base gcc-7-base libasan3 libatomic1 libbsd0 libcc1-0
  libcilkrts5 libclang-common-3.9-dev libclang1-3.9 libedit2 libffi6
  libgcc-6-dev libgcc1 libgomp1 libitm1 libjsoncpp1 libllvm3.9 liblsan0
  libmpx2 libncurses5 libobjc-6-dev libobjc4 libquadmath0 libstdc++-6-dev
  libstdc++6 libtsan0 libubsan0
Suggested packages:
  gnustep gnustep-devel clang-3.9-doc gcc-6-locales g++-6-multilib gcc-6-doc
  libstdc++6-6-dbg gcc-6-multilib libgcc1-dbg libgomp1-dbg libitm1-dbg
  libatomic1-dbg libasan3-dbg liblsan0-dbg libtsan0-dbg libubsan0-dbg
  libcilkrts5-dbg libmpx2-dbg libquadmath0-dbg libstdc++-6-doc
Recommended packages:
  llvm-3.9-dev python libgpm2
The following NEW packages will be installed:
  clang-3.9 libbsd0 libclang-common-3.9-dev libclang1-3.9 libedit2 libffi6
  libjsoncpp1 libllvm3.9 libncurses5 libobjc-6-dev libobjc4
The following packages will be upgraded:
  cpp-6 g++-6 gcc-6 gcc-6-base gcc-7-base libasan3 libatomic1 libcc1-0
  libcilkrts5 libgcc-6-dev libgcc1 libgomp1 libitm1 liblsan0 libmpx2
  libquadmath0 libstdc++-6-dev libstdc++6 libtsan0 libubsan0
20 upgraded, 11 newly installed, 0 to remove and 13 not upgraded.
Need to get 83.9 MB of archives.
After this operation, 251 MB of additional disk space will be used.
Get:1 http://127.0.0.1:9999/debian unstable/main amd64 libquadmath0 amd64 7.1.0-9 [132 kB]
Get:2 http://127.0.0.1:9999/debian unstable/main amd64 libitm1 amd64 7.1.0-9 [27.2 kB]
Get:3 http://127.0.0.1:9999/debian unstable/main amd64 gcc-7-base amd64 7.1.0-9 [180 kB]
Get:4 http://127.0.0.1:9999/debian unstable/main amd64 libstdc++6 amd64 7.1.0-9 [398 kB]
Get:5 http://127.0.0.1:9999/debian unstable/main amd64 libmpx2 amd64 7.1.0-9 [11.4 kB]
Get:6 http://127.0.0.1:9999/debian unstable/main amd64 liblsan0 amd64 7.1.0-9 [124 kB]
Get:7 http://127.0.0.1:9999/debian unstable/main amd64 libtsan0 amd64 7.1.0-9 [270 kB]
Get:8 http://127.0.0.1:9999/debian unstable/main amd64 libubsan0 amd64 7.1.0-9 [117 kB]
Get:9 http://127.0.0.1:9999/debian unstable/main amd64 libcilkrts5 amd64 7.1.0-9 [42.0 kB]
Get:10 http://127.0.0.1:9999/debian unstable/main amd64 libcc1-0 amd64 7.1.0-9 [37.7 kB]
Get:11 http://127.0.0.1:9999/debian unstable/main amd64 libatomic1 amd64 7.1.0-9 [8782 B]
Get:12 http://127.0.0.1:9999/debian unstable/main amd64 libgomp1 amd64 7.1.0-9 [75.1 kB]
Get:13 http://127.0.0.1:9999/debian unstable/main amd64 libgcc1 amd64 1:7.1.0-9 [39.3 kB]
Get:14 http://127.0.0.1:9999/debian unstable/main amd64 libasan3 amd64 6.4.0-1 [310 kB]
Get:15 http://127.0.0.1:9999/debian unstable/main amd64 g++-6 amd64 6.4.0-1 [7084 kB]
Get:16 http://127.0.0.1:9999/debian unstable/main amd64 libstdc++-6-dev amd64 6.4.0-1 [1421 kB]
Get:17 http://127.0.0.1:9999/debian unstable/main amd64 gcc-6 amd64 6.4.0-1 [6908 kB]
Get:18 http://127.0.0.1:9999/debian unstable/main amd64 libgcc-6-dev amd64 6.4.0-1 [2297 kB]
Get:19 http://127.0.0.1:9999/debian unstable/main amd64 cpp-6 amd64 6.4.0-1 [6549 kB]
Get:20 http://127.0.0.1:9999/debian unstable/main amd64 gcc-6-base amd64 6.4.0-1 [180 kB]
Get:21 http://127.0.0.1:9999/debian unstable/main amd64 libbsd0 amd64 0.8.5-1 [89.6 kB]
Get:22 http://127.0.0.1:9999/debian unstable/main amd64 libncurses5 amd64 6.0+20161126-1 [93.4 kB]
Get:23 http://127.0.0.1:9999/debian unstable/main amd64 libedit2 amd64 3.1-20170329-1 [85.2 kB]
Get:24 http://127.0.0.1:9999/debian unstable/main amd64 libffi6 amd64 3.2.1-6 [20.4 kB]
Get:25 http://127.0.0.1:9999/debian unstable/main amd64 libllvm3.9 amd64 1:3.9.1-10 [11.3 MB]
Get:26 http://127.0.0.1:9999/debian unstable/main amd64 libclang1-3.9 amd64 1:3.9.1-10 [5875 kB]
Get:27 http://127.0.0.1:9999/debian unstable/main amd64 libjsoncpp1 amd64 1.7.4-3 [75.6 kB]
Get:28 http://127.0.0.1:9999/debian unstable/main amd64 libobjc4 amd64 7.1.0-9 [51.0 kB]
Get:29 http://127.0.0.1:9999/debian unstable/main amd64 libobjc-6-dev amd64 6.4.0-1 [197 kB]
Get:30 http://127.0.0.1:9999/debian unstable/main amd64 libclang-common-3.9-dev amd64 1:3.9.1-10 [2573 kB]
Get:31 http://127.0.0.1:9999/debian unstable/main amd64 clang-3.9 amd64 1:3.9.1-10 [37.4 MB]
debconf: delaying package configuration, since apt-utils is not installed
Fetched 83.9 MB in 0s (97.3 MB/s)
(Reading database ... (Reading database ... 5%(Reading database ... 10%(Reading database ... 15%(Reading database ... 20%(Reading database ... 25%(Reading database ... 30%(Reading database ... 35%(Reading database ... 40%(Reading database ... 45%(Reading database ... 50%(Reading database ... 55%(Reading database ... 60%(Reading database ... 65%(Reading database ... 70%(Reading database ... 75%(Reading database ... 80%(Reading database ... 85%(Reading database ... 90%(Reading database ... 95%(Reading database ... 100%(Reading database ... 9635 files and directories currently installed.)
Preparing to unpack .../libquadmath0_7.1.0-9_amd64.deb ...
Unpacking libquadmath0:amd64 (7.1.0-9) over (7.1.0-8) ...
Preparing to unpack .../libitm1_7.1.0-9_amd64.deb ...
Unpacking libitm1:amd64 (7.1.0-9) over (7.1.0-8) ...
Preparing to unpack .../gcc-7-base_7.1.0-9_amd64.deb ...
Unpacking gcc-7-base:amd64 (7.1.0-9) over (7.1.0-8) ...
Setting up gcc-7-base:amd64 (7.1.0-9) ...
(Reading database ... (Reading database ... 5%(Reading database ... 10%(Reading database ... 15%(Reading database ... 20%(Reading database ... 25%(Reading database ... 30%(Reading database ... 35%(Reading database ... 40%(Reading database ... 45%(Reading database ... 50%(Reading database ... 55%(Reading database ... 60%(Reading database ... 65%(Reading database ... 70%(Reading database ... 75%(Reading database ... 80%(Reading database ... 85%(Reading database ... 90%(Reading database ... 95%(Reading database ... 100%(Reading database ... 9635 files and directories currently installed.)
Preparing to unpack .../libstdc++6_7.1.0-9_amd64.deb ...
Unpacking libstdc++6:amd64 (7.1.0-9) over (7.1.0-8) ...
Setting up libstdc++6:amd64 (7.1.0-9) ...
(Reading database ... (Reading database ... 5%(Reading database ... 10%(Reading database ... 15%(Reading database ... 20%(Reading database ... 25%(Reading database ... 30%(Reading database ... 35%(Reading database ... 40%(Reading database ... 45%(Reading database ... 50%(Reading database ... 55%(Reading database ... 60%(Reading database ... 65%(Reading database ... 70%(Reading database ... 75%(Reading database ... 80%(Reading database ... 85%(Reading database ... 90%(Reading database ... 95%(Reading database ... 100%(Reading database ... 9635 files and directories currently installed.)
Preparing to unpack .../0-libmpx2_7.1.0-9_amd64.deb ...
Unpacking libmpx2:amd64 (7.1.0-9) over (7.1.0-8) ...
Preparing to unpack .../1-liblsan0_7.1.0-9_amd64.deb ...
Unpacking liblsan0:amd64 (7.1.0-9) over (7.1.0-8) ...
Preparing to unpack .../2-libtsan0_7.1.0-9_amd64.deb ...
Unpacking libtsan0:amd64 (7.1.0-9) over (7.1.0-8) ...
Preparing to unpack .../3-libubsan0_7.1.0-9_amd64.deb ...
Unpacking libubsan0:amd64 (7.1.0-9) over (7.1.0-8) ...
Preparing to unpack .../4-libcilkrts5_7.1.0-9_amd64.deb ...
Unpacking libcilkrts5:amd64 (7.1.0-9) over (7.1.0-8) ...
Preparing to unpack .../5-libcc1-0_7.1.0-9_amd64.deb ...
Unpacking libcc1-0:amd64 (7.1.0-9) over (7.1.0-8) ...
Preparing to unpack .../6-libatomic1_7.1.0-9_amd64.deb ...
Unpacking libatomic1:amd64 (7.1.0-9) over (7.1.0-8) ...
Preparing to unpack .../7-libgomp1_7.1.0-9_amd64.deb ...
Unpacking libgomp1:amd64 (7.1.0-9) over (7.1.0-8) ...
Preparing to unpack .../8-libgcc1_1%3a7.1.0-9_amd64.deb ...
Unpacking libgcc1:amd64 (1:7.1.0-9) over (1:7.1.0-8) ...
Setting up libgcc1:amd64 (1:7.1.0-9) ...
(Reading database ... (Reading database ... 5%(Reading database ... 10%(Reading database ... 15%(Reading database ... 20%(Reading database ... 25%(Reading database ... 30%(Reading database ... 35%(Reading database ... 40%(Reading database ... 45%(Reading database ... 50%(Reading database ... 55%(Reading database ... 60%(Reading database ... 65%(Reading database ... 70%(Reading database ... 75%(Reading database ... 80%(Reading database ... 85%(Reading database ... 90%(Reading database ... 95%(Reading database ... 100%(Reading database ... 9635 files and directories currently installed.)
Preparing to unpack .../00-libasan3_6.4.0-1_amd64.deb ...
Unpacking libasan3:amd64 (6.4.0-1) over (6.3.0-21) ...
Preparing to unpack .../01-g++-6_6.4.0-1_amd64.deb ...
Unpacking g++-6 (6.4.0-1) over (6.3.0-21) ...
Preparing to unpack .../02-libstdc++-6-dev_6.4.0-1_amd64.deb ...
Unpacking libstdc++-6-dev:amd64 (6.4.0-1) over (6.3.0-21) ...
Preparing to unpack .../03-gcc-6_6.4.0-1_amd64.deb ...
Unpacking gcc-6 (6.4.0-1) over (6.3.0-21) ...
Preparing to unpack .../04-libgcc-6-dev_6.4.0-1_amd64.deb ...
Unpacking libgcc-6-dev:amd64 (6.4.0-1) over (6.3.0-21) ...
Preparing to unpack .../05-cpp-6_6.4.0-1_amd64.deb ...
Unpacking cpp-6 (6.4.0-1) over (6.3.0-21) ...
Preparing to unpack .../06-gcc-6-base_6.4.0-1_amd64.deb ...
Unpacking gcc-6-base:amd64 (6.4.0-1) over (6.3.0-21) ...
Selecting previously unselected package libbsd0:amd64.
Preparing to unpack .../07-libbsd0_0.8.5-1_amd64.deb ...
Unpacking libbsd0:amd64 (0.8.5-1) ...
Selecting previously unselected package libncurses5:amd64.
Preparing to unpack .../08-libncurses5_6.0+20161126-1_amd64.deb ...
Unpacking libncurses5:amd64 (6.0+20161126-1) ...
Selecting previously unselected package libedit2:amd64.
Preparing to unpack .../09-libedit2_3.1-20170329-1_amd64.deb ...
Unpacking libedit2:amd64 (3.1-20170329-1) ...
Selecting previously unselected package libffi6:amd64.
Preparing to unpack .../10-libffi6_3.2.1-6_amd64.deb ...
Unpacking libffi6:amd64 (3.2.1-6) ...
Selecting previously unselected package libllvm3.9:amd64.
Preparing to unpack .../11-libllvm3.9_1%3a3.9.1-10_amd64.deb ...
Unpacking libllvm3.9:amd64 (1:3.9.1-10) ...
Selecting previously unselected package libclang1-3.9:amd64.
Preparing to unpack .../12-libclang1-3.9_1%3a3.9.1-10_amd64.deb ...
Unpacking libclang1-3.9:amd64 (1:3.9.1-10) ...
Selecting previously unselected package libjsoncpp1:amd64.
Preparing to unpack .../13-libjsoncpp1_1.7.4-3_amd64.deb ...
Unpacking libjsoncpp1:amd64 (1.7.4-3) ...
Selecting previously unselected package libobjc4:amd64.
Preparing to unpack .../14-libobjc4_7.1.0-9_amd64.deb ...
Unpacking libobjc4:amd64 (7.1.0-9) ...
Selecting previously unselected package libobjc-6-dev:amd64.
Preparing to unpack .../15-libobjc-6-dev_6.4.0-1_amd64.deb ...
Unpacking libobjc-6-dev:amd64 (6.4.0-1) ...
Selecting previously unselected package libclang-common-3.9-dev.
Preparing to unpack .../16-libclang-common-3.9-dev_1%3a3.9.1-10_amd64.deb ...
Unpacking libclang-common-3.9-dev (1:3.9.1-10) ...
Selecting previously unselected package clang-3.9.
Preparing to unpack .../17-clang-3.9_1%3a3.9.1-10_amd64.deb ...
Unpacking clang-3.9 (1:3.9.1-10) ...
Setting up libquadmath0:amd64 (7.1.0-9) ...
Setting up libncurses5:amd64 (6.0+20161126-1) ...
Setting up libgomp1:amd64 (7.1.0-9) ...
Setting up libatomic1:amd64 (7.1.0-9) ...
Setting up libcc1-0:amd64 (7.1.0-9) ...
Setting up libobjc4:amd64 (7.1.0-9) ...
Setting up libcilkrts5:amd64 (7.1.0-9) ...
Setting up libubsan0:amd64 (7.1.0-9) ...
Setting up libtsan0:amd64 (7.1.0-9) ...
Setting up gcc-6-base:amd64 (6.4.0-1) ...
Setting up libbsd0:amd64 (0.8.5-1) ...
Setting up liblsan0:amd64 (7.1.0-9) ...
Setting up libmpx2:amd64 (7.1.0-9) ...
Processing triggers for libc-bin (2.24-12) ...
Setting up libffi6:amd64 (3.2.1-6) ...
Setting up cpp-6 (6.4.0-1) ...
Setting up libitm1:amd64 (7.1.0-9) ...
Setting up libjsoncpp1:amd64 (1.7.4-3) ...
Setting up libedit2:amd64 (3.1-20170329-1) ...
Setting up libasan3:amd64 (6.4.0-1) ...
Setting up libgcc-6-dev:amd64 (6.4.0-1) ...
Setting up libstdc++-6-dev:amd64 (6.4.0-1) ...
Setting up libllvm3.9:amd64 (1:3.9.1-10) ...
Setting up libclang-common-3.9-dev (1:3.9.1-10) ...
Setting up gcc-6 (6.4.0-1) ...
Setting up g++-6 (6.4.0-1) ...
Setting up libobjc-6-dev:amd64 (6.4.0-1) ...
Setting up libclang1-3.9:amd64 (1:3.9.1-10) ...
Setting up clang-3.9 (1:3.9.1-10) ...
Processing triggers for libc-bin (2.24-12) ...
W: --force-yes is deprecated, use one of the options starting with --allow instead.
+ echo 'Replace gcc, g++ & cpp by clang'
Replace gcc, g++ & cpp by clang
+ VERSIONS='4.6 4.7 4.8 4.9 5 6 7'
+ cd /usr/bin
+ for VERSION in $VERSIONS
+ rm -f g++-4.6 gcc-4.6 cpp-4.6 gcc
+ ln -s clang++-3.9 g++-4.6
+ ln -s clang-3.9 gcc-4.6
+ ln -s clang-3.9 cpp-4.6
+ ln -s clang-3.9 gcc
+ echo 'gcc-4.6 hold'
+ dpkg --set-selections
dpkg: warning: package not in status nor available database at line 1: gcc-4.6
dpkg: warning: found unknown packages; this might mean the available database
is outdated, and needs to be updated through a frontend method;
please see the FAQ <https://wiki.debian.org/Teams/Dpkg/FAQ>
+ echo 'g++-4.6 hold'
+ dpkg --set-selections
dpkg: warning: package not in status nor available database at line 1: g++-4.6
dpkg: warning: found unknown packages; this might mean the available database
is outdated, and needs to be updated through a frontend method;
please see the FAQ <https://wiki.debian.org/Teams/Dpkg/FAQ>
+ for VERSION in $VERSIONS
+ rm -f g++-4.7 gcc-4.7 cpp-4.7 gcc
+ ln -s clang++-3.9 g++-4.7
+ ln -s clang-3.9 gcc-4.7
+ ln -s clang-3.9 cpp-4.7
+ ln -s clang-3.9 gcc
+ echo 'gcc-4.7 hold'
+ dpkg --set-selections
dpkg: warning: package not in status nor available database at line 1: gcc-4.7
dpkg: warning: found unknown packages; this might mean the available database
is outdated, and needs to be updated through a frontend method;
please see the FAQ <https://wiki.debian.org/Teams/Dpkg/FAQ>
+ echo 'g++-4.7 hold'
+ dpkg --set-selections
dpkg: warning: package not in status nor available database at line 1: g++-4.7
dpkg: warning: found unknown packages; this might mean the available database
is outdated, and needs to be updated through a frontend method;
please see the FAQ <https://wiki.debian.org/Teams/Dpkg/FAQ>
+ for VERSION in $VERSIONS
+ rm -f g++-4.8 gcc-4.8 cpp-4.8 gcc
+ ln -s clang++-3.9 g++-4.8
+ ln -s clang-3.9 gcc-4.8
+ ln -s clang-3.9 cpp-4.8
+ ln -s clang-3.9 gcc
+ echo 'gcc-4.8 hold'
+ dpkg --set-selections
dpkg: warning: package not in status nor available database at line 1: gcc-4.8
dpkg: warning: found unknown packages; this might mean the available database
is outdated, and needs to be updated through a frontend method;
please see the FAQ <https://wiki.debian.org/Teams/Dpkg/FAQ>
+ echo 'g++-4.8 hold'
+ dpkg --set-selections
dpkg: warning: package not in status nor available database at line 1: g++-4.8
dpkg: warning: found unknown packages; this might mean the available database
is outdated, and needs to be updated through a frontend method;
please see the FAQ <https://wiki.debian.org/Teams/Dpkg/FAQ>
+ for VERSION in $VERSIONS
+ rm -f g++-4.9 gcc-4.9 cpp-4.9 gcc
+ ln -s clang++-3.9 g++-4.9
+ ln -s clang-3.9 gcc-4.9
+ ln -s clang-3.9 cpp-4.9
+ ln -s clang-3.9 gcc
+ echo 'gcc-4.9 hold'
+ dpkg --set-selections
dpkg: warning: package not in status nor available database at line 1: gcc-4.9
dpkg: warning: found unknown packages; this might mean the available database
is outdated, and needs to be updated through a frontend method;
please see the FAQ <https://wiki.debian.org/Teams/Dpkg/FAQ>
+ echo 'g++-4.9 hold'
+ dpkg --set-selections
dpkg: warning: package not in status nor available database at line 1: g++-4.9
dpkg: warning: found unknown packages; this might mean the available database
is outdated, and needs to be updated through a frontend method;
please see the FAQ <https://wiki.debian.org/Teams/Dpkg/FAQ>
+ for VERSION in $VERSIONS
+ rm -f g++-5 gcc-5 cpp-5 gcc
+ ln -s clang++-3.9 g++-5
+ ln -s clang-3.9 gcc-5
+ ln -s clang-3.9 cpp-5
+ ln -s clang-3.9 gcc
+ echo 'gcc-5 hold'
+ dpkg --set-selections
+ echo 'g++-5 hold'
+ dpkg --set-selections
+ for VERSION in $VERSIONS
+ rm -f g++-6 gcc-6 cpp-6 gcc
+ ln -s clang++-3.9 g++-6
+ ln -s clang-3.9 gcc-6
+ ln -s clang-3.9 cpp-6
+ ln -s clang-3.9 gcc
+ echo 'gcc-6 hold'
+ dpkg --set-selections
+ echo 'g++-6 hold'
+ dpkg --set-selections
+ for VERSION in $VERSIONS
+ rm -f g++-7 gcc-7 cpp-7 gcc
+ ln -s clang++-3.9 g++-7
+ ln -s clang-3.9 gcc-7
+ ln -s clang-3.9 cpp-7
+ ln -s clang-3.9 gcc
+ echo 'gcc-7 hold'
+ dpkg --set-selections
dpkg: warning: package not in status nor available database at line 1: gcc-7
dpkg: warning: found unknown packages; this might mean the available database
is outdated, and needs to be updated through a frontend method;
please see the FAQ <https://wiki.debian.org/Teams/Dpkg/FAQ>
+ echo 'g++-7 hold'
+ dpkg --set-selections
dpkg: warning: package not in status nor available database at line 1: g++-7
dpkg: warning: found unknown packages; this might mean the available database
is outdated, and needs to be updated through a frontend method;
please see the FAQ <https://wiki.debian.org/Teams/Dpkg/FAQ>
+ cd -
/build/ui-utilcpp-dLToSM
+ echo 'Check if gcc, g++ & cpp are actually clang'
Check if gcc, g++ & cpp are actually clang
+ gcc --version
+ grep clang
+ cpp --version
+ grep clang
+ g++ --version
+ grep clang

I: Finished running '/tmp/clang'.

Finished processing commands.
--------------------------------------------------------------------------------

+------------------------------------------------------------------------------+
| Update chroot                                                                |
+------------------------------------------------------------------------------+

Hit:1 http://127.0.0.1:9999/debian unstable InRelease
Reading package lists...
Reading package lists...
Building dependency tree...
Reading state information...
Calculating upgrade...
The following NEW packages will be installed:
  libgnutls30 libhogweed4 libidn2-0 libnettle6 libp11-kit0 libtasn1-6
  libunistring2
The following packages will be upgraded:
  apt cpp debconf g++ gcc libapt-pkg5.0 libdebconfclient0 libperl5.24
  libsystemd0 libudev1 perl perl-base perl-modules-5.24
13 upgraded, 7 newly installed, 0 to remove and 0 not upgraded.
Need to get 12.5 MB of archives.
After this operation, 6330 kB of additional disk space will be used.
Get:1 http://127.0.0.1:9999/debian unstable/main amd64 libperl5.24 amd64 5.24.1-6 [3525 kB]
Get:2 http://127.0.0.1:9999/debian unstable/main amd64 perl amd64 5.24.1-6 [218 kB]
Get:3 http://127.0.0.1:9999/debian unstable/main amd64 perl-base amd64 5.24.1-6 [1344 kB]
Get:4 http://127.0.0.1:9999/debian unstable/main amd64 perl-modules-5.24 all 5.24.1-6 [2723 kB]
Get:5 http://127.0.0.1:9999/debian unstable/main amd64 libapt-pkg5.0 amd64 1.5~beta1 [922 kB]
Get:6 http://127.0.0.1:9999/debian unstable/main amd64 libnettle6 amd64 3.3-1+b1 [191 kB]
Get:7 http://127.0.0.1:9999/debian unstable/main amd64 libhogweed4 amd64 3.3-1+b1 [136 kB]
Get:8 http://127.0.0.1:9999/debian unstable/main amd64 libunistring2 amd64 0.9.7-2 [377 kB]
Get:9 http://127.0.0.1:9999/debian unstable/main amd64 libidn2-0 amd64 0.16-1+b1 [56.6 kB]
Get:10 http://127.0.0.1:9999/debian unstable/main amd64 libp11-kit0 amd64 0.23.7-2 [193 kB]
Get:11 http://127.0.0.1:9999/debian unstable/main amd64 libtasn1-6 amd64 4.12-2 [51.0 kB]
Get:12 http://127.0.0.1:9999/debian unstable/main amd64 libgnutls30 amd64 3.5.13-2 [914 kB]
Get:13 http://127.0.0.1:9999/debian unstable/main amd64 apt amd64 1.5~beta1 [1237 kB]
Get:14 http://127.0.0.1:9999/debian unstable/main amd64 debconf all 1.5.62 [160 kB]
Get:15 http://127.0.0.1:9999/debian unstable/main amd64 libsystemd0 amd64 233-10 [281 kB]
Get:16 http://127.0.0.1:9999/debian unstable/main amd64 libudev1 amd64 233-10 [126 kB]
Get:17 http://127.0.0.1:9999/debian unstable/main amd64 libdebconfclient0 amd64 0.229 [47.9 kB]
Get:18 http://127.0.0.1:9999/debian unstable/main amd64 cpp amd64 4:6.3.0-4d1 [18.8 kB]
Get:19 http://127.0.0.1:9999/debian unstable/main amd64 gcc amd64 4:6.3.0-4d1 [5252 B]
Get:20 http://127.0.0.1:9999/debian unstable/main amd64 g++ amd64 4:6.3.0-4d1 [1548 B]
debconf: delaying package configuration, since apt-utils is not installed
Fetched 12.5 MB in 0s (85.6 MB/s)
(Reading database ... (Reading database ... 5%(Reading database ... 10%(Reading database ... 15%(Reading database ... 20%(Reading database ... 25%(Reading database ... 30%(Reading database ... 35%(Reading database ... 40%(Reading database ... 45%(Reading database ... 50%(Reading database ... 55%(Reading database ... 60%(Reading database ... 65%(Reading database ... 70%(Reading database ... 75%(Reading database ... 80%(Reading database ... 85%(Reading database ... 90%(Reading database ... 95%(Reading database ... 100%(Reading database ... 10107 files and directories currently installed.)
Preparing to unpack .../libperl5.24_5.24.1-6_amd64.deb ...
Unpacking libperl5.24:amd64 (5.24.1-6) over (5.24.1-4) ...
Preparing to unpack .../perl_5.24.1-6_amd64.deb ...
Unpacking perl (5.24.1-6) over (5.24.1-4) ...
Preparing to unpack .../perl-base_5.24.1-6_amd64.deb ...
Unpacking perl-base (5.24.1-6) over (5.24.1-4) ...
Setting up perl-base (5.24.1-6) ...
(Reading database ... (Reading database ... 5%(Reading database ... 10%(Reading database ... 15%(Reading database ... 20%(Reading database ... 25%(Reading database ... 30%(Reading database ... 35%(Reading database ... 40%(Reading database ... 45%(Reading database ... 50%(Reading database ... 55%(Reading database ... 60%(Reading database ... 65%(Reading database ... 70%(Reading database ... 75%(Reading database ... 80%(Reading database ... 85%(Reading database ... 90%(Reading database ... 95%(Reading database ... 100%(Reading database ... 10107 files and directories currently installed.)
Preparing to unpack .../perl-modules-5.24_5.24.1-6_all.deb ...
Unpacking perl-modules-5.24 (5.24.1-6) over (5.24.1-4) ...
Preparing to unpack .../libapt-pkg5.0_1.5~beta1_amd64.deb ...
Unpacking libapt-pkg5.0:amd64 (1.5~beta1) over (1.4.6) ...
Setting up libapt-pkg5.0:amd64 (1.5~beta1) ...
Selecting previously unselected package libnettle6:amd64.
(Reading database ... (Reading database ... 5%(Reading database ... 10%(Reading database ... 15%(Reading database ... 20%(Reading database ... 25%(Reading database ... 30%(Reading database ... 35%(Reading database ... 40%(Reading database ... 45%(Reading database ... 50%(Reading database ... 55%(Reading database ... 60%(Reading database ... 65%(Reading database ... 70%(Reading database ... 75%(Reading database ... 80%(Reading database ... 85%(Reading database ... 90%(Reading database ... 95%(Reading database ... 100%(Reading database ... 10107 files and directories currently installed.)
Preparing to unpack .../libnettle6_3.3-1+b1_amd64.deb ...
Unpacking libnettle6:amd64 (3.3-1+b1) ...
Setting up libnettle6:amd64 (3.3-1+b1) ...
Selecting previously unselected package libhogweed4:amd64.
(Reading database ... (Reading database ... 5%(Reading database ... 10%(Reading database ... 15%(Reading database ... 20%(Reading database ... 25%(Reading database ... 30%(Reading database ... 35%(Reading database ... 40%(Reading database ... 45%(Reading database ... 50%(Reading database ... 55%(Reading database ... 60%(Reading database ... 65%(Reading database ... 70%(Reading database ... 75%(Reading database ... 80%(Reading database ... 85%(Reading database ... 90%(Reading database ... 95%(Reading database ... 100%(Reading database ... 10114 files and directories currently installed.)
Preparing to unpack .../libhogweed4_3.3-1+b1_amd64.deb ...
Unpacking libhogweed4:amd64 (3.3-1+b1) ...
Setting up libhogweed4:amd64 (3.3-1+b1) ...
Selecting previously unselected package libunistring2:amd64.
(Reading database ... (Reading database ... 5%(Reading database ... 10%(Reading database ... 15%(Reading database ... 20%(Reading database ... 25%(Reading database ... 30%(Reading database ... 35%(Reading database ... 40%(Reading database ... 45%(Reading database ... 50%(Reading database ... 55%(Reading database ... 60%(Reading database ... 65%(Reading database ... 70%(Reading database ... 75%(Reading database ... 80%(Reading database ... 85%(Reading database ... 90%(Reading database ... 95%(Reading database ... 100%(Reading database ... 10117 files and directories currently installed.)
Preparing to unpack .../libunistring2_0.9.7-2_amd64.deb ...
Unpacking libunistring2:amd64 (0.9.7-2) ...
Setting up libunistring2:amd64 (0.9.7-2) ...
Selecting previously unselected package libidn2-0:amd64.
(Reading database ... (Reading database ... 5%(Reading database ... 10%(Reading database ... 15%(Reading database ... 20%(Reading database ... 25%(Reading database ... 30%(Reading database ... 35%(Reading database ... 40%(Reading database ... 45%(Reading database ... 50%(Reading database ... 55%(Reading database ... 60%(Reading database ... 65%(Reading database ... 70%(Reading database ... 75%(Reading database ... 80%(Reading database ... 85%(Reading database ... 90%(Reading database ... 95%(Reading database ... 100%(Reading database ... 10123 files and directories currently installed.)
Preparing to unpack .../libidn2-0_0.16-1+b1_amd64.deb ...
Unpacking libidn2-0:amd64 (0.16-1+b1) ...
Setting up libidn2-0:amd64 (0.16-1+b1) ...
Selecting previously unselected package libp11-kit0:amd64.
(Reading database ... (Reading database ... 5%(Reading database ... 10%(Reading database ... 15%(Reading database ... 20%(Reading database ... 25%(Reading database ... 30%(Reading database ... 35%(Reading database ... 40%(Reading database ... 45%(Reading database ... 50%(Reading database ... 55%(Reading database ... 60%(Reading database ... 65%(Reading database ... 70%(Reading database ... 75%(Reading database ... 80%(Reading database ... 85%(Reading database ... 90%(Reading database ... 95%(Reading database ... 100%(Reading database ... 10133 files and directories currently installed.)
Preparing to unpack .../libp11-kit0_0.23.7-2_amd64.deb ...
Unpacking libp11-kit0:amd64 (0.23.7-2) ...
Setting up libp11-kit0:amd64 (0.23.7-2) ...
Selecting previously unselected package libtasn1-6:amd64.
(Reading database ... (Reading database ... 5%(Reading database ... 10%(Reading database ... 15%(Reading database ... 20%(Reading database ... 25%(Reading database ... 30%(Reading database ... 35%(Reading database ... 40%(Reading database ... 45%(Reading database ... 50%(Reading database ... 55%(Reading database ... 60%(Reading database ... 65%(Reading database ... 70%(Reading database ... 75%(Reading database ... 80%(Reading database ... 85%(Reading database ... 90%(Reading database ... 95%(Reading database ... 100%(Reading database ... 10141 files and directories currently installed.)
Preparing to unpack .../libtasn1-6_4.12-2_amd64.deb ...
Unpacking libtasn1-6:amd64 (4.12-2) ...
Setting up libtasn1-6:amd64 (4.12-2) ...
Selecting previously unselected package libgnutls30:amd64.
(Reading database ... (Reading database ... 5%(Reading database ... 10%(Reading database ... 15%(Reading database ... 20%(Reading database ... 25%(Reading database ... 30%(Reading database ... 35%(Reading database ... 40%(Reading database ... 45%(Reading database ... 50%(Reading database ... 55%(Reading database ... 60%(Reading database ... 65%(Reading database ... 70%(Reading database ... 75%(Reading database ... 80%(Reading database ... 85%(Reading database ... 90%(Reading database ... 95%(Reading database ... 100%(Reading database ... 10150 files and directories currently installed.)
Preparing to unpack .../libgnutls30_3.5.13-2_amd64.deb ...
Unpacking libgnutls30:amd64 (3.5.13-2) ...
Setting up libgnutls30:amd64 (3.5.13-2) ...
(Reading database ... (Reading database ... 5%(Reading database ... 10%(Reading database ... 15%(Reading database ... 20%(Reading database ... 25%(Reading database ... 30%(Reading database ... 35%(Reading database ... 40%(Reading database ... 45%(Reading database ... 50%(Reading database ... 55%(Reading database ... 60%(Reading database ... 65%(Reading database ... 70%(Reading database ... 75%(Reading database ... 80%(Reading database ... 85%(Reading database ... 90%(Reading database ... 95%(Reading database ... 100%(Reading database ... 10177 files and directories currently installed.)
Preparing to unpack .../apt_1.5~beta1_amd64.deb ...
Unpacking apt (1.5~beta1) over (1.4.6) ...
Setting up apt (1.5~beta1) ...
(Reading database ... (Reading database ... 5%(Reading database ... 10%(Reading database ... 15%(Reading database ... 20%(Reading database ... 25%(Reading database ... 30%(Reading database ... 35%(Reading database ... 40%(Reading database ... 45%(Reading database ... 50%(Reading database ... 55%(Reading database ... 60%(Reading database ... 65%(Reading database ... 70%(Reading database ... 75%(Reading database ... 80%(Reading database ... 85%(Reading database ... 90%(Reading database ... 95%(Reading database ... 100%(Reading database ... 10176 files and directories currently installed.)
Preparing to unpack .../debconf_1.5.62_all.deb ...
Unpacking debconf (1.5.62) over (1.5.61) ...
Setting up debconf (1.5.62) ...
(Reading database ... (Reading database ... 5%(Reading database ... 10%(Reading database ... 15%(Reading database ... 20%(Reading database ... 25%(Reading database ... 30%(Reading database ... 35%(Reading database ... 40%(Reading database ... 45%(Reading database ... 50%(Reading database ... 55%(Reading database ... 60%(Reading database ... 65%(Reading database ... 70%(Reading database ... 75%(Reading database ... 80%(Reading database ... 85%(Reading database ... 90%(Reading database ... 95%(Reading database ... 100%(Reading database ... 10176 files and directories currently installed.)
Preparing to unpack .../libsystemd0_233-10_amd64.deb ...
Unpacking libsystemd0:amd64 (233-10) over (233-9) ...
Setting up libsystemd0:amd64 (233-10) ...
(Reading database ... (Reading database ... 5%(Reading database ... 10%(Reading database ... 15%(Reading database ... 20%(Reading database ... 25%(Reading database ... 30%(Reading database ... 35%(Reading database ... 40%(Reading database ... 45%(Reading database ... 50%(Reading database ... 55%(Reading database ... 60%(Reading database ... 65%(Reading database ... 70%(Reading database ... 75%(Reading database ... 80%(Reading database ... 85%(Reading database ... 90%(Reading database ... 95%(Reading database ... 100%(Reading database ... 10176 files and directories currently installed.)
Preparing to unpack .../libudev1_233-10_amd64.deb ...
Unpacking libudev1:amd64 (233-10) over (233-9) ...
Setting up libudev1:amd64 (233-10) ...
(Reading database ... (Reading database ... 5%(Reading database ... 10%(Reading database ... 15%(Reading database ... 20%(Reading database ... 25%(Reading database ... 30%(Reading database ... 35%(Reading database ... 40%(Reading database ... 45%(Reading database ... 50%(Reading database ... 55%(Reading database ... 60%(Reading database ... 65%(Reading database ... 70%(Reading database ... 75%(Reading database ... 80%(Reading database ... 85%(Reading database ... 90%(Reading database ... 95%(Reading database ... 100%(Reading database ... 10176 files and directories currently installed.)
Preparing to unpack .../libdebconfclient0_0.229_amd64.deb ...
Unpacking libdebconfclient0:amd64 (0.229) over (0.228) ...
Setting up libdebconfclient0:amd64 (0.229) ...
(Reading database ... (Reading database ... 5%(Reading database ... 10%(Reading database ... 15%(Reading database ... 20%(Reading database ... 25%(Reading database ... 30%(Reading database ... 35%(Reading database ... 40%(Reading database ... 45%(Reading database ... 50%(Reading database ... 55%(Reading database ... 60%(Reading database ... 65%(Reading database ... 70%(Reading database ... 75%(Reading database ... 80%(Reading database ... 85%(Reading database ... 90%(Reading database ... 95%(Reading database ... 100%(Reading database ... 10176 files and directories currently installed.)
Preparing to unpack .../cpp_4%3a6.3.0-4d1_amd64.deb ...
Unpacking cpp (4:6.3.0-4d1) over (4:6.3.0-4) ...
Preparing to unpack .../gcc_4%3a6.3.0-4d1_amd64.deb ...
Removing old gcc doc directory.
Unpacking gcc (4:6.3.0-4d1) over (4:6.3.0-4) ...
Preparing to unpack .../g++_4%3a6.3.0-4d1_amd64.deb ...
Unpacking g++ (4:6.3.0-4d1) over (4:6.3.0-4) ...
Setting up cpp (4:6.3.0-4d1) ...
Setting up perl-modules-5.24 (5.24.1-6) ...
Setting up libperl5.24:amd64 (5.24.1-6) ...
Setting up gcc (4:6.3.0-4d1) ...
Setting up perl (5.24.1-6) ...
Processing triggers for libc-bin (2.24-12) ...
Setting up g++ (4:6.3.0-4d1) ...

+------------------------------------------------------------------------------+
| Fetch source files                                                           |
+------------------------------------------------------------------------------+


Check APT
---------

Checking available source versions...

Download source files with APT
------------------------------

Reading package lists...
NOTICE: 'ui-utilcpp' packaging is maintained in the 'Git' version control system at:
git://anonscm.debian.org/git/collab-maint/ui-utilcpp.git
Please use:
git clone git://anonscm.debian.org/git/collab-maint/ui-utilcpp.git
to retrieve the latest (possibly unreleased) updates to the package.
Need to get 585 kB of source archives.
Get:1 http://127.0.0.1:9999/debian unstable/main ui-utilcpp 1.8.5-1 (dsc) [2169 B]
Get:2 http://127.0.0.1:9999/debian unstable/main ui-utilcpp 1.8.5-1 (tar) [572 kB]
Get:3 http://127.0.0.1:9999/debian unstable/main ui-utilcpp 1.8.5-1 (diff) [11.2 kB]
Fetched 585 kB in 0s (43.8 MB/s)
Download complete and in download only mode
I: NOTICE: Log filtering will replace 'build/ui-utilcpp-dLToSM/ui-utilcpp-1.8.5' with '<<PKGBUILDDIR>>'
I: NOTICE: Log filtering will replace 'build/ui-utilcpp-dLToSM' with '<<BUILDDIR>>'

+------------------------------------------------------------------------------+
| Install build-essential                                                      |
+------------------------------------------------------------------------------+


Setup apt archive
-----------------

Merged Build-Depends: build-essential, fakeroot
Filtered Build-Depends: build-essential, fakeroot
dpkg-deb: building package 'sbuild-build-depends-core-dummy' in '/<<BUILDDIR>>/resolver-3hZdNX/apt_archive/sbuild-build-depends-core-dummy.deb'.
dpkg-scanpackages: warning: Packages in archive but missing from override file:
dpkg-scanpackages: warning:   sbuild-build-depends-core-dummy
dpkg-scanpackages: info: Wrote 1 entries to output Packages file.
Ign:1 copy:/<<BUILDDIR>>/resolver-3hZdNX/apt_archive ./ InRelease
Get:2 copy:/<<BUILDDIR>>/resolver-3hZdNX/apt_archive ./ Release [957 B]
Ign:3 copy:/<<BUILDDIR>>/resolver-3hZdNX/apt_archive ./ Release.gpg
Get:4 copy:/<<BUILDDIR>>/resolver-3hZdNX/apt_archive ./ Sources [349 B]
Get:5 copy:/<<BUILDDIR>>/resolver-3hZdNX/apt_archive ./ Packages [430 B]
Fetched 1736 B in 0s (0 B/s)
Reading package lists...
Reading package lists...

Install core build dependencies (apt-based resolver)
----------------------------------------------------

Installing build dependencies
Reading package lists...
Building dependency tree...
Reading state information...
The following NEW packages will be installed:
  sbuild-build-depends-core-dummy
0 upgraded, 1 newly installed, 0 to remove and 0 not upgraded.
Need to get 784 B of archives.
After this operation, 0 B of additional disk space will be used.
Get:1 copy:/<<BUILDDIR>>/resolver-3hZdNX/apt_archive ./ sbuild-build-depends-core-dummy 0.invalid.0 [784 B]
debconf: delaying package configuration, since apt-utils is not installed
Fetched 784 B in 0s (0 B/s)
Selecting previously unselected package sbuild-build-depends-core-dummy.
(Reading database ... 10178 files and directories currently installed.)
Preparing to unpack .../sbuild-build-depends-core-dummy_0.invalid.0_amd64.deb ...
Unpacking sbuild-build-depends-core-dummy (0.invalid.0) ...
Setting up sbuild-build-depends-core-dummy (0.invalid.0) ...

+------------------------------------------------------------------------------+
| Check architectures                                                          |
+------------------------------------------------------------------------------+

Arch check ok (amd64 included in any)

+------------------------------------------------------------------------------+
| Install package build dependencies                                           |
+------------------------------------------------------------------------------+


Setup apt archive
-----------------

Merged Build-Depends: debhelper (>= 9.20160114~), man-db (>= 2.5.1), autotools-dev (>= 20100122), libncurses5-dev, libcommoncpp2-dev, libreadline-dev, librecode-dev, libidn11-dev, libcap-dev, libboost-all-dev (>= 1.35), xfslibs-dev, doxygen (>= 1.5.6), graphviz (>= 2.20.2)
Filtered Build-Depends: debhelper (>= 9.20160114~), man-db (>= 2.5.1), autotools-dev (>= 20100122), libncurses5-dev, libcommoncpp2-dev, libreadline-dev, librecode-dev, libidn11-dev, libcap-dev, libboost-all-dev (>= 1.35), xfslibs-dev, doxygen (>= 1.5.6), graphviz (>= 2.20.2)
dpkg-deb: building package 'sbuild-build-depends-ui-utilcpp-dummy' in '/<<BUILDDIR>>/resolver-3hZdNX/apt_archive/sbuild-build-depends-ui-utilcpp-dummy.deb'.
dpkg-scanpackages: warning: Packages in archive but missing from override file:
dpkg-scanpackages: warning:   sbuild-build-depends-core-dummy sbuild-build-depends-ui-utilcpp-dummy
dpkg-scanpackages: info: Wrote 2 entries to output Packages file.
Ign:1 copy:/<<BUILDDIR>>/resolver-3hZdNX/apt_archive ./ InRelease
Get:2 copy:/<<BUILDDIR>>/resolver-3hZdNX/apt_archive ./ Release [963 B]
Ign:3 copy:/<<BUILDDIR>>/resolver-3hZdNX/apt_archive ./ Release.gpg
Get:4 copy:/<<BUILDDIR>>/resolver-3hZdNX/apt_archive ./ Sources [607 B]
Get:5 copy:/<<BUILDDIR>>/resolver-3hZdNX/apt_archive ./ Packages [685 B]
Fetched 2255 B in 0s (0 B/s)
Reading package lists...
Reading package lists...

Install ui-utilcpp build dependencies (apt-based resolver)
----------------------------------------------------------

Installing build dependencies
Reading package lists...
Building dependency tree...
Reading state information...
The following additional packages will be installed:
  autoconf automake autopoint autotools-dev bsdmainutils debhelper
  dh-autoreconf dh-python dh-strip-nondeterminism doxygen file fontconfig
  fontconfig-config fonts-dejavu-core gettext gettext-base graphviz groff-base
  icu-devtools intltool-debian libann0 libarchive-zip-perl libboost-all-dev
  libboost-atomic-dev libboost-atomic1.62-dev libboost-atomic1.62.0
  libboost-chrono-dev libboost-chrono1.62-dev libboost-chrono1.62.0
  libboost-context-dev libboost-context1.62-dev libboost-context1.62.0
  libboost-coroutine-dev libboost-coroutine1.62-dev libboost-coroutine1.62.0
  libboost-date-time-dev libboost-date-time1.62-dev libboost-date-time1.62.0
  libboost-dev libboost-exception-dev libboost-exception1.62-dev
  libboost-fiber-dev libboost-fiber1.62-dev libboost-fiber1.62.0
  libboost-filesystem-dev libboost-filesystem1.62-dev
  libboost-filesystem1.62.0 libboost-graph-dev libboost-graph-parallel-dev
  libboost-graph-parallel1.62-dev libboost-graph-parallel1.62.0
  libboost-graph1.62-dev libboost-graph1.62.0 libboost-iostreams-dev
  libboost-iostreams1.62-dev libboost-iostreams1.62.0 libboost-locale-dev
  libboost-locale1.62-dev libboost-locale1.62.0 libboost-log-dev
  libboost-log1.62-dev libboost-log1.62.0 libboost-math-dev
  libboost-math1.62-dev libboost-math1.62.0 libboost-mpi-dev
  libboost-mpi-python-dev libboost-mpi-python1.62-dev
  libboost-mpi-python1.62.0 libboost-mpi1.62-dev libboost-mpi1.62.0
  libboost-program-options-dev libboost-program-options1.62-dev
  libboost-program-options1.62.0 libboost-python-dev libboost-python1.62-dev
  libboost-python1.62.0 libboost-random-dev libboost-random1.62-dev
  libboost-random1.62.0 libboost-regex-dev libboost-regex1.62-dev
  libboost-regex1.62.0 libboost-serialization-dev
  libboost-serialization1.62-dev libboost-serialization1.62.0
  libboost-signals-dev libboost-signals1.62-dev libboost-signals1.62.0
  libboost-system-dev libboost-system1.62-dev libboost-system1.62.0
  libboost-test-dev libboost-test1.62-dev libboost-test1.62.0
  libboost-thread-dev libboost-thread1.62-dev libboost-thread1.62.0
  libboost-timer-dev libboost-timer1.62-dev libboost-timer1.62.0
  libboost-tools-dev libboost-type-erasure-dev libboost-type-erasure1.62-dev
  libboost-type-erasure1.62.0 libboost-wave-dev libboost-wave1.62-dev
  libboost-wave1.62.0 libboost1.62-dev libboost1.62-tools-dev libcairo2
  libcap-dev libcap2 libccgnu2-1.8-0v5 libcdt5 libcgraph6 libcommoncpp2-dev
  libcroco3 libdatrie1 libexpat1 libexpat1-dev libfabric1
  libfile-stripnondeterminism-perl libfontconfig1 libfreetype6 libgcrypt11-dev
  libgcrypt20-dev libgd3 libgfortran3 libglib2.0-0 libgmp-dev libgmpxx4ldbl
  libgnutls-dane0 libgnutls-openssl27 libgnutls28-dev libgnutlsxx28
  libgpg-error-dev libgraphite2-3 libgts-0.7-5 libgvc6 libgvpr2 libharfbuzz0b
  libhwloc-dev libhwloc-plugins libhwloc5 libibverbs-dev libibverbs1 libice6
  libicu-dev libicu57 libidn11 libidn11-dev libidn2-0-dev libjbig0
  libjpeg62-turbo libltdl-dev libltdl7 libmagic-mgc libmagic1 libmpdec2
  libncurses5-dev libnl-3-200 libnl-route-3-200 libnuma-dev libnuma1
  libopenmpi-dev libopenmpi2 libp11-kit-dev libpango-1.0-0 libpangocairo-1.0-0
  libpangoft2-1.0-0 libpathplan4 libpciaccess0 libpipeline1 libpixman-1-0
  libpng16-16 libpsm-infinipath1 libpython-dev libpython-stdlib libpython2.7
  libpython2.7-dev libpython2.7-minimal libpython2.7-stdlib libpython3-dev
  libpython3-stdlib libpython3.5 libpython3.5-dev libpython3.5-minimal
  libpython3.5-stdlib librdmacm1 libreadline-dev libreadline5 libreadline7
  librecode-dev librecode0 libsigsegv2 libsm6 libsqlite3-0 libssl1.1
  libtasn1-6-dev libthai-data libthai0 libtiff5 libtimedate-perl libtinfo-dev
  libtool libunbound2 libwebp6 libx11-6 libx11-data libxapian30 libxau6
  libxaw7 libxcb-render0 libxcb-shm0 libxcb1 libxdmcp6 libxdot4 libxext6
  libxml2 libxmu6 libxpm4 libxrender1 libxt6 lsb-base m4 man-db mime-support
  mpi-default-bin mpi-default-dev nettle-dev ocl-icd-libopencl1 openmpi-bin
  openmpi-common pkg-config po-debconf python python-dev python-minimal
  python2.7 python2.7-dev python2.7-minimal python3 python3-dev
  python3-minimal python3.5 python3.5-dev python3.5-minimal readline-common
  ucf uuid-dev x11-common xfslibs-dev xfsprogs zlib1g-dev
Suggested packages:
  autoconf-archive gnu-standards autoconf-doc wamerican | wordlist whois
  vacation dh-make doxygen-latex doxygen-doc doxygen-gui gettext-doc
  libasprintf-dev libgettextpo-dev gsfonts graphviz-doc groff libboost-doc
  libboost1.62-doc gccxml libmpfrc++-dev libntl-dev xsltproc docbook-xml
  docbook-xsl default-jdk fop manpages-dev libcommoncpp2-doc libgcrypt20-doc
  libgd-tools gmp-doc libgmp10-doc libmpfr-dev dns-root-data gnutls-doc
  gnutls-bin libhwloc-contrib-plugins icu-doc libtool-doc ncurses-doc
  openmpi-doc pciutils readline-doc gfortran | fortran95-compiler gcj-jdk
  xapian-tools m4-doc less www-browser opencl-icd gfortran libmail-box-perl
  python-doc python-tk python2.7-doc binfmt-support python3-doc python3-tk
  python3-venv python3.5-venv python3.5-doc xfsdump acl attr quota
Recommended packages:
  curl | wget | lynx-cur fonts-liberation libarchive-cpio-perl libglib2.0-data
  shared-mime-info xdg-user-dirs libgts-bin libtasn1-doc xml-core
  libmail-sendmail-perl
The following NEW packages will be installed:
  autoconf automake autopoint autotools-dev bsdmainutils debhelper
  dh-autoreconf dh-python dh-strip-nondeterminism doxygen file fontconfig
  fontconfig-config fonts-dejavu-core gettext gettext-base graphviz groff-base
  icu-devtools intltool-debian libann0 libarchive-zip-perl libboost-all-dev
  libboost-atomic-dev libboost-atomic1.62-dev libboost-atomic1.62.0
  libboost-chrono-dev libboost-chrono1.62-dev libboost-chrono1.62.0
  libboost-context-dev libboost-context1.62-dev libboost-context1.62.0
  libboost-coroutine-dev libboost-coroutine1.62-dev libboost-coroutine1.62.0
  libboost-date-time-dev libboost-date-time1.62-dev libboost-date-time1.62.0
  libboost-dev libboost-exception-dev libboost-exception1.62-dev
  libboost-fiber-dev libboost-fiber1.62-dev libboost-fiber1.62.0
  libboost-filesystem-dev libboost-filesystem1.62-dev
  libboost-filesystem1.62.0 libboost-graph-dev libboost-graph-parallel-dev
  libboost-graph-parallel1.62-dev libboost-graph-parallel1.62.0
  libboost-graph1.62-dev libboost-graph1.62.0 libboost-iostreams-dev
  libboost-iostreams1.62-dev libboost-iostreams1.62.0 libboost-locale-dev
  libboost-locale1.62-dev libboost-locale1.62.0 libboost-log-dev
  libboost-log1.62-dev libboost-log1.62.0 libboost-math-dev
  libboost-math1.62-dev libboost-math1.62.0 libboost-mpi-dev
  libboost-mpi-python-dev libboost-mpi-python1.62-dev
  libboost-mpi-python1.62.0 libboost-mpi1.62-dev libboost-mpi1.62.0
  libboost-program-options-dev libboost-program-options1.62-dev
  libboost-program-options1.62.0 libboost-python-dev libboost-python1.62-dev
  libboost-python1.62.0 libboost-random-dev libboost-random1.62-dev
  libboost-random1.62.0 libboost-regex-dev libboost-regex1.62-dev
  libboost-regex1.62.0 libboost-serialization-dev
  libboost-serialization1.62-dev libboost-serialization1.62.0
  libboost-signals-dev libboost-signals1.62-dev libboost-signals1.62.0
  libboost-system-dev libboost-system1.62-dev libboost-system1.62.0
  libboost-test-dev libboost-test1.62-dev libboost-test1.62.0
  libboost-thread-dev libboost-thread1.62-dev libboost-thread1.62.0
  libboost-timer-dev libboost-timer1.62-dev libboost-timer1.62.0
  libboost-tools-dev libboost-type-erasure-dev libboost-type-erasure1.62-dev
  libboost-type-erasure1.62.0 libboost-wave-dev libboost-wave1.62-dev
  libboost-wave1.62.0 libboost1.62-dev libboost1.62-tools-dev libcairo2
  libcap-dev libcap2 libccgnu2-1.8-0v5 libcdt5 libcgraph6 libcommoncpp2-dev
  libcroco3 libdatrie1 libexpat1 libexpat1-dev libfabric1
  libfile-stripnondeterminism-perl libfontconfig1 libfreetype6 libgcrypt11-dev
  libgcrypt20-dev libgd3 libgfortran3 libglib2.0-0 libgmp-dev libgmpxx4ldbl
  libgnutls-dane0 libgnutls-openssl27 libgnutls28-dev libgnutlsxx28
  libgpg-error-dev libgraphite2-3 libgts-0.7-5 libgvc6 libgvpr2 libharfbuzz0b
  libhwloc-dev libhwloc-plugins libhwloc5 libibverbs-dev libibverbs1 libice6
  libicu-dev libicu57 libidn11 libidn11-dev libidn2-0-dev libjbig0
  libjpeg62-turbo libltdl-dev libltdl7 libmagic-mgc libmagic1 libmpdec2
  libncurses5-dev libnl-3-200 libnl-route-3-200 libnuma-dev libnuma1
  libopenmpi-dev libopenmpi2 libp11-kit-dev libpango-1.0-0 libpangocairo-1.0-0
  libpangoft2-1.0-0 libpathplan4 libpciaccess0 libpipeline1 libpixman-1-0
  libpng16-16 libpsm-infinipath1 libpython-dev libpython-stdlib libpython2.7
  libpython2.7-dev libpython2.7-minimal libpython2.7-stdlib libpython3-dev
  libpython3-stdlib libpython3.5 libpython3.5-dev libpython3.5-minimal
  libpython3.5-stdlib librdmacm1 libreadline-dev libreadline5 libreadline7
  librecode-dev librecode0 libsigsegv2 libsm6 libsqlite3-0 libssl1.1
  libtasn1-6-dev libthai-data libthai0 libtiff5 libtimedate-perl libtinfo-dev
  libtool libunbound2 libwebp6 libx11-6 libx11-data libxapian30 libxau6
  libxaw7 libxcb-render0 libxcb-shm0 libxcb1 libxdmcp6 libxdot4 libxext6
  libxml2 libxmu6 libxpm4 libxrender1 libxt6 lsb-base m4 man-db mime-support
  mpi-default-bin mpi-default-dev nettle-dev ocl-icd-libopencl1 openmpi-bin
  openmpi-common pkg-config po-debconf python python-dev python-minimal
  python2.7 python2.7-dev python2.7-minimal python3 python3-dev
  python3-minimal python3.5 python3.5-dev python3.5-minimal readline-common
  sbuild-build-depends-ui-utilcpp-dummy ucf uuid-dev x11-common xfslibs-dev
  xfsprogs zlib1g-dev
0 upgraded, 256 newly installed, 0 to remove and 0 not upgraded.
Need to get 162 MB of archives.
After this operation, 593 MB of additional disk space will be used.
Get:1 copy:/<<BUILDDIR>>/resolver-3hZdNX/apt_archive ./ sbuild-build-depends-ui-utilcpp-dummy 0.invalid.0 [910 B]
Get:2 http://127.0.0.1:9999/debian unstable/main amd64 groff-base amd64 1.22.3-9 [1160 kB]
Get:3 http://127.0.0.1:9999/debian unstable/main amd64 bsdmainutils amd64 9.0.12+nmu1 [186 kB]
Get:4 http://127.0.0.1:9999/debian unstable/main amd64 libpipeline1 amd64 1.4.1-2 [27.6 kB]
Get:5 http://127.0.0.1:9999/debian unstable/main amd64 man-db amd64 2.7.6.1-2 [1044 kB]
Get:6 http://127.0.0.1:9999/debian unstable/main amd64 libpython2.7-minimal amd64 2.7.13-2 [389 kB]
Get:7 http://127.0.0.1:9999/debian unstable/main amd64 python2.7-minimal amd64 2.7.13-2 [1383 kB]
Get:8 http://127.0.0.1:9999/debian unstable/main amd64 python-minimal amd64 2.7.13-2 [40.5 kB]
Get:9 http://127.0.0.1:9999/debian unstable/main amd64 mime-support all 3.60 [36.7 kB]
Get:10 http://127.0.0.1:9999/debian unstable/main amd64 libexpat1 amd64 2.2.1-3 [85.6 kB]
Get:11 http://127.0.0.1:9999/debian unstable/main amd64 readline-common all 7.0-3 [70.4 kB]
Get:12 http://127.0.0.1:9999/debian unstable/main amd64 libreadline7 amd64 7.0-3 [151 kB]
Get:13 http://127.0.0.1:9999/debian unstable/main amd64 libsqlite3-0 amd64 3.16.2-5 [572 kB]
Get:14 http://127.0.0.1:9999/debian unstable/main amd64 libssl1.1 amd64 1.1.0f-3 [1342 kB]
Get:15 http://127.0.0.1:9999/debian unstable/main amd64 libpython2.7-stdlib amd64 2.7.13-2 [1895 kB]
Get:16 http://127.0.0.1:9999/debian unstable/main amd64 python2.7 amd64 2.7.13-2 [285 kB]
Get:17 http://127.0.0.1:9999/debian unstable/main amd64 libpython-stdlib amd64 2.7.13-2 [20.0 kB]
Get:18 http://127.0.0.1:9999/debian unstable/main amd64 python amd64 2.7.13-2 [154 kB]
Get:19 http://127.0.0.1:9999/debian unstable/main amd64 libpng16-16 amd64 1.6.29-3 [281 kB]
Get:20 http://127.0.0.1:9999/debian unstable/main amd64 libfreetype6 amd64 2.8-0.2 [449 kB]
Get:21 http://127.0.0.1:9999/debian unstable/main amd64 ucf all 3.0036 [70.2 kB]
Get:22 http://127.0.0.1:9999/debian unstable/main amd64 fonts-dejavu-core all 2.37-1 [1068 kB]
Get:23 http://127.0.0.1:9999/debian unstable/main amd64 fontconfig-config all 2.12.3-0.1 [303 kB]
Get:24 http://127.0.0.1:9999/debian unstable/main amd64 libfontconfig1 amd64 2.12.3-0.1 [366 kB]
Get:25 http://127.0.0.1:9999/debian unstable/main amd64 fontconfig amd64 2.12.3-0.1 [436 kB]
Get:26 http://127.0.0.1:9999/debian unstable/main amd64 libxau6 amd64 1:1.0.8-1 [20.7 kB]
Get:27 http://127.0.0.1:9999/debian unstable/main amd64 libpython3.5-minimal amd64 3.5.3-3 [577 kB]
Get:28 http://127.0.0.1:9999/debian unstable/main amd64 python3.5-minimal amd64 3.5.3-3 [1695 kB]
Get:29 http://127.0.0.1:9999/debian unstable/main amd64 python3-minimal amd64 3.5.3-3 [35.4 kB]
Get:30 http://127.0.0.1:9999/debian unstable/main amd64 libmpdec2 amd64 2.4.2-1 [85.2 kB]
Get:31 http://127.0.0.1:9999/debian unstable/main amd64 libpython3.5-stdlib amd64 3.5.3-3 [2170 kB]
Get:32 http://127.0.0.1:9999/debian unstable/main amd64 python3.5 amd64 3.5.3-3 [237 kB]
Get:33 http://127.0.0.1:9999/debian unstable/main amd64 libpython3-stdlib amd64 3.5.3-3 [18.8 kB]
Get:34 http://127.0.0.1:9999/debian unstable/main amd64 dh-python all 2.20170125 [86.8 kB]
Get:35 http://127.0.0.1:9999/debian unstable/main amd64 python3 amd64 3.5.3-3 [21.8 kB]
Get:36 http://127.0.0.1:9999/debian unstable/main amd64 lsb-base all 9.20161125 [27.9 kB]
Get:37 http://127.0.0.1:9999/debian unstable/main amd64 libxapian30 amd64 1.4.4-2 [1068 kB]
Get:38 http://127.0.0.1:9999/debian unstable/main amd64 libmagic-mgc amd64 1:5.30-1 [222 kB]
Get:39 http://127.0.0.1:9999/debian unstable/main amd64 libmagic1 amd64 1:5.30-1 [111 kB]
Get:40 http://127.0.0.1:9999/debian unstable/main amd64 file amd64 1:5.30-1 [63.9 kB]
Get:41 http://127.0.0.1:9999/debian unstable/main amd64 gettext-base amd64 0.19.8.1-2+b1 [122 kB]
Get:42 http://127.0.0.1:9999/debian unstable/main amd64 libcap2 amd64 1:2.25-1 [16.8 kB]
Get:43 http://127.0.0.1:9999/debian unstable/main amd64 libgnutls-openssl27 amd64 3.5.13-2 [198 kB]
Get:44 http://127.0.0.1:9999/debian unstable/main amd64 libidn11 amd64 1.33-1 [115 kB]
Get:45 http://127.0.0.1:9999/debian unstable/main amd64 libicu57 amd64 57.1-6 [7701 kB]
Get:46 http://127.0.0.1:9999/debian unstable/main amd64 libxml2 amd64 2.9.4+dfsg1-3 [715 kB]
Get:47 http://127.0.0.1:9999/debian unstable/main amd64 libsigsegv2 amd64 2.11-1 [29.9 kB]
Get:48 http://127.0.0.1:9999/debian unstable/main amd64 m4 amd64 1.4.18-1 [202 kB]
Get:49 http://127.0.0.1:9999/debian unstable/main amd64 autoconf all 2.69-10 [338 kB]
Get:50 http://127.0.0.1:9999/debian unstable/main amd64 autotools-dev all 20161112.1 [73.4 kB]
Get:51 http://127.0.0.1:9999/debian unstable/main amd64 automake all 1:1.15.1-2 [736 kB]
Get:52 http://127.0.0.1:9999/debian unstable/main amd64 autopoint all 0.19.8.1-2 [433 kB]
Get:53 http://127.0.0.1:9999/debian unstable/main amd64 libtool all 2.4.6-2 [545 kB]
Get:54 http://127.0.0.1:9999/debian unstable/main amd64 dh-autoreconf all 14 [15.9 kB]
Get:55 http://127.0.0.1:9999/debian unstable/main amd64 libarchive-zip-perl all 1.59-1 [95.5 kB]
Get:56 http://127.0.0.1:9999/debian unstable/main amd64 libfile-stripnondeterminism-perl all 0.035-2 [17.0 kB]
Get:57 http://127.0.0.1:9999/debian unstable/main amd64 libtimedate-perl all 2.3000-2 [42.2 kB]
Get:58 http://127.0.0.1:9999/debian unstable/main amd64 dh-strip-nondeterminism all 0.035-2 [10.7 kB]
Get:59 http://127.0.0.1:9999/debian unstable/main amd64 libglib2.0-0 amd64 2.52.3-1 [2742 kB]
Get:60 http://127.0.0.1:9999/debian unstable/main amd64 libcroco3 amd64 0.6.12-1 [144 kB]
Get:61 http://127.0.0.1:9999/debian unstable/main amd64 gettext amd64 0.19.8.1-2+b1 [1301 kB]
Get:62 http://127.0.0.1:9999/debian unstable/main amd64 intltool-debian all 0.35.0+20060710.4 [26.3 kB]
Get:63 http://127.0.0.1:9999/debian unstable/main amd64 po-debconf all 1.0.20 [247 kB]
Get:64 http://127.0.0.1:9999/debian unstable/main amd64 debhelper all 10.6.2 [968 kB]
Get:65 http://127.0.0.1:9999/debian unstable/main amd64 doxygen amd64 1.8.13-7 [3966 kB]
Get:66 http://127.0.0.1:9999/debian unstable/main amd64 libann0 amd64 1.1.2+doc-6 [24.9 kB]
Get:67 http://127.0.0.1:9999/debian unstable/main amd64 libcdt5 amd64 2.38.0-17 [59.6 kB]
Get:68 http://127.0.0.1:9999/debian unstable/main amd64 libcgraph6 amd64 2.38.0-17 [82.2 kB]
Get:69 http://127.0.0.1:9999/debian unstable/main amd64 libjpeg62-turbo amd64 1:1.5.1-2 [134 kB]
Get:70 http://127.0.0.1:9999/debian unstable/main amd64 libjbig0 amd64 2.1-3.1+b2 [31.0 kB]
Get:71 http://127.0.0.1:9999/debian unstable/main amd64 libtiff5 amd64 4.0.8-3 [237 kB]
Get:72 http://127.0.0.1:9999/debian unstable/main amd64 libwebp6 amd64 0.5.2-1 [235 kB]
Get:73 http://127.0.0.1:9999/debian unstable/main amd64 libxdmcp6 amd64 1:1.1.2-3 [26.3 kB]
Get:74 http://127.0.0.1:9999/debian unstable/main amd64 libxcb1 amd64 1.12-1 [133 kB]
Get:75 http://127.0.0.1:9999/debian unstable/main amd64 libx11-data all 2:1.6.4-3 [290 kB]
Get:76 http://127.0.0.1:9999/debian unstable/main amd64 libx11-6 amd64 2:1.6.4-3 [747 kB]
Get:77 http://127.0.0.1:9999/debian unstable/main amd64 libxpm4 amd64 1:3.5.12-1 [49.1 kB]
Get:78 http://127.0.0.1:9999/debian unstable/main amd64 libgd3 amd64 2.2.4-2 [132 kB]
Get:79 http://127.0.0.1:9999/debian unstable/main amd64 libgts-0.7-5 amd64 0.7.6+darcs121130-4 [158 kB]
Get:80 http://127.0.0.1:9999/debian unstable/main amd64 libpixman-1-0 amd64 0.34.0-1 [530 kB]
Get:81 http://127.0.0.1:9999/debian unstable/main amd64 libxcb-render0 amd64 1.12-1 [105 kB]
Get:82 http://127.0.0.1:9999/debian unstable/main amd64 libxcb-shm0 amd64 1.12-1 [95.9 kB]
Get:83 http://127.0.0.1:9999/debian unstable/main amd64 libxext6 amd64 2:1.3.3-1+b2 [52.5 kB]
Get:84 http://127.0.0.1:9999/debian unstable/main amd64 libxrender1 amd64 1:0.9.10-1 [33.0 kB]
Get:85 http://127.0.0.1:9999/debian unstable/main amd64 libcairo2 amd64 1.14.10-1 [774 kB]
Get:86 http://127.0.0.1:9999/debian unstable/main amd64 libltdl7 amd64 2.4.6-2 [389 kB]
Get:87 http://127.0.0.1:9999/debian unstable/main amd64 libthai-data all 0.1.26-1 [166 kB]
Get:88 http://127.0.0.1:9999/debian unstable/main amd64 libdatrie1 amd64 0.2.10-4+b1 [36.4 kB]
Get:89 http://127.0.0.1:9999/debian unstable/main amd64 libthai0 amd64 0.1.26-1 [52.1 kB]
Get:90 http://127.0.0.1:9999/debian unstable/main amd64 libpango-1.0-0 amd64 1.40.6-1 [182 kB]
Get:91 http://127.0.0.1:9999/debian unstable/main amd64 libgraphite2-3 amd64 1.3.10-2 [84.3 kB]
Get:92 http://127.0.0.1:9999/debian unstable/main amd64 libharfbuzz0b amd64 1.4.2-1 [671 kB]
Get:93 http://127.0.0.1:9999/debian unstable/main amd64 libpangoft2-1.0-0 amd64 1.40.6-1 [67.0 kB]
Get:94 http://127.0.0.1:9999/debian unstable/main amd64 libpangocairo-1.0-0 amd64 1.40.6-1 [54.8 kB]
Get:95 http://127.0.0.1:9999/debian unstable/main amd64 libpathplan4 amd64 2.38.0-17 [62.8 kB]
Get:96 http://127.0.0.1:9999/debian unstable/main amd64 libxdot4 amd64 2.38.0-17 [55.6 kB]
Get:97 http://127.0.0.1:9999/debian unstable/main amd64 libgvc6 amd64 2.38.0-17 [639 kB]
Get:98 http://127.0.0.1:9999/debian unstable/main amd64 libgvpr2 amd64 2.38.0-17 [211 kB]
Get:99 http://127.0.0.1:9999/debian unstable/main amd64 x11-common all 1:7.7+19 [251 kB]
Get:100 http://127.0.0.1:9999/debian unstable/main amd64 libice6 amd64 2:1.0.9-2 [58.7 kB]
Get:101 http://127.0.0.1:9999/debian unstable/main amd64 libsm6 amd64 2:1.2.2-1+b3 [33.3 kB]
Get:102 http://127.0.0.1:9999/debian unstable/main amd64 libxt6 amd64 1:1.1.5-1 [188 kB]
Get:103 http://127.0.0.1:9999/debian unstable/main amd64 libxmu6 amd64 2:1.1.2-2 [60.3 kB]
Get:104 http://127.0.0.1:9999/debian unstable/main amd64 libxaw7 amd64 2:1.0.13-1+b2 [201 kB]
Get:105 http://127.0.0.1:9999/debian unstable/main amd64 graphviz amd64 2.38.0-17 [802 kB]
Get:106 http://127.0.0.1:9999/debian unstable/main amd64 icu-devtools amd64 57.1-6 [178 kB]
Get:107 http://127.0.0.1:9999/debian unstable/main amd64 libboost1.62-dev amd64 1.62.0+dfsg-4+b1 [7053 kB]
Get:108 http://127.0.0.1:9999/debian unstable/main amd64 libboost-dev amd64 1.62.0.1 [3632 B]
Get:109 http://127.0.0.1:9999/debian unstable/main amd64 libboost1.62-tools-dev amd64 1.62.0+dfsg-4+b1 [1202 kB]
Get:110 http://127.0.0.1:9999/debian unstable/main amd64 libboost-tools-dev amd64 1.62.0.1 [3592 B]
Get:111 http://127.0.0.1:9999/debian unstable/main amd64 libboost-atomic1.62.0 amd64 1.62.0+dfsg-4+b1 [30.8 kB]
Get:112 http://127.0.0.1:9999/debian unstable/main amd64 libboost-atomic1.62-dev amd64 1.62.0+dfsg-4+b1 [29.7 kB]
Get:113 http://127.0.0.1:9999/debian unstable/main amd64 libboost-atomic-dev amd64 1.62.0.1 [3726 B]
Get:114 http://127.0.0.1:9999/debian unstable/main amd64 libboost-system1.62.0 amd64 1.62.0+dfsg-4+b1 [32.7 kB]
Get:115 http://127.0.0.1:9999/debian unstable/main amd64 libboost-chrono1.62.0 amd64 1.62.0+dfsg-4+b1 [36.3 kB]
Get:116 http://127.0.0.1:9999/debian unstable/main amd64 libboost-chrono1.62-dev amd64 1.62.0+dfsg-4+b1 [36.7 kB]
Get:117 http://127.0.0.1:9999/debian unstable/main amd64 libboost-chrono-dev amd64 1.62.0.1 [4048 B]
Get:118 http://127.0.0.1:9999/debian unstable/main amd64 libboost-context1.62.0 amd64 1.62.0+dfsg-4+b1 [31.8 kB]
Get:119 http://127.0.0.1:9999/debian unstable/main amd64 libboost-context1.62-dev amd64 1.62.0+dfsg-4+b1 [31.1 kB]
Get:120 http://127.0.0.1:9999/debian unstable/main amd64 libboost-context-dev amd64 1.62.0.1 [3618 B]
Get:121 http://127.0.0.1:9999/debian unstable/main amd64 libboost-thread1.62.0 amd64 1.62.0+dfsg-4+b1 [71.8 kB]
Get:122 http://127.0.0.1:9999/debian unstable/main amd64 libboost-coroutine1.62.0 amd64 1.62.0+dfsg-4+b1 [44.2 kB]
Get:123 http://127.0.0.1:9999/debian unstable/main amd64 libboost-coroutine1.62-dev amd64 1.62.0+dfsg-4+b1 [44.8 kB]
Get:124 http://127.0.0.1:9999/debian unstable/main amd64 libboost-coroutine-dev amd64 1.62.0.1 [3690 B]
Get:125 http://127.0.0.1:9999/debian unstable/main amd64 libboost-date-time1.62.0 amd64 1.62.0+dfsg-4+b1 [43.2 kB]
Get:126 http://127.0.0.1:9999/debian unstable/main amd64 libboost-serialization1.62.0 amd64 1.62.0+dfsg-4+b1 [126 kB]
Get:127 http://127.0.0.1:9999/debian unstable/main amd64 libboost-serialization1.62-dev amd64 1.62.0+dfsg-4+b1 [163 kB]
Get:128 http://127.0.0.1:9999/debian unstable/main amd64 libboost-date-time1.62-dev amd64 1.62.0+dfsg-4+b1 [50.4 kB]
Get:129 http://127.0.0.1:9999/debian unstable/main amd64 libboost-date-time-dev amd64 1.62.0.1 [3418 B]
Get:130 http://127.0.0.1:9999/debian unstable/main amd64 libboost-exception1.62-dev amd64 1.62.0+dfsg-4+b1 [29.1 kB]
Get:131 http://127.0.0.1:9999/debian unstable/main amd64 libboost-exception-dev amd64 1.62.0.1 [3410 B]
Get:132 http://127.0.0.1:9999/debian unstable/main amd64 libboost-fiber1.62.0 amd64 1.62.0+dfsg-4+b1 [50.7 kB]
Get:133 http://127.0.0.1:9999/debian unstable/main amd64 libboost-fiber1.62-dev amd64 1.62.0+dfsg-4+b1 [54.2 kB]
Get:134 http://127.0.0.1:9999/debian unstable/main amd64 libboost-fiber-dev amd64 1.62.0.1 [3840 B]
Get:135 http://127.0.0.1:9999/debian unstable/main amd64 libboost-filesystem1.62.0 amd64 1.62.0+dfsg-4+b1 [63.6 kB]
Get:136 http://127.0.0.1:9999/debian unstable/main amd64 libboost-system1.62-dev amd64 1.62.0+dfsg-4+b1 [34.2 kB]
Get:137 http://127.0.0.1:9999/debian unstable/main amd64 libboost-filesystem1.62-dev amd64 1.62.0+dfsg-4+b1 [73.2 kB]
Get:138 http://127.0.0.1:9999/debian unstable/main amd64 libboost-filesystem-dev amd64 1.62.0.1 [3448 B]
Get:139 http://127.0.0.1:9999/debian unstable/main amd64 libboost-regex1.62.0 amd64 1.62.0+dfsg-4+b1 [288 kB]
Get:140 http://127.0.0.1:9999/debian unstable/main amd64 libboost-graph1.62.0 amd64 1.62.0+dfsg-4+b1 [119 kB]
Get:141 http://127.0.0.1:9999/debian unstable/main amd64 libboost-timer1.62.0 amd64 1.62.0+dfsg-4+b1 [34.8 kB]
Get:142 http://127.0.0.1:9999/debian unstable/main amd64 libboost-test1.62.0 amd64 1.62.0+dfsg-4+b1 [255 kB]
Get:143 http://127.0.0.1:9999/debian unstable/main amd64 libboost-test1.62-dev amd64 1.62.0+dfsg-4+b1 [301 kB]
Get:144 http://127.0.0.1:9999/debian unstable/main amd64 libboost-graph1.62-dev amd64 1.62.0+dfsg-4+b1 [127 kB]
Get:145 http://127.0.0.1:9999/debian unstable/main amd64 libboost-graph-dev amd64 1.62.0.1 [3510 B]
Get:146 http://127.0.0.1:9999/debian unstable/main amd64 libnl-3-200 amd64 3.2.27-2 [61.5 kB]
Get:147 http://127.0.0.1:9999/debian unstable/main amd64 libnl-route-3-200 amd64 3.2.27-2 [136 kB]
Get:148 http://127.0.0.1:9999/debian unstable/main amd64 libibverbs1 amd64 1.2.1-2 [39.3 kB]
Get:149 http://127.0.0.1:9999/debian unstable/main amd64 libpsm-infinipath1 amd64 3.3+19.g67c0807.open-3 [169 kB]
Get:150 http://127.0.0.1:9999/debian unstable/main amd64 librdmacm1 amd64 1.1.0-2 [49.4 kB]
Get:151 http://127.0.0.1:9999/debian unstable/main amd64 libfabric1 amd64 1.4.0-1 [259 kB]
Get:152 http://127.0.0.1:9999/debian unstable/main amd64 libgfortran3 amd64 6.4.0-1 [265 kB]
Get:153 http://127.0.0.1:9999/debian unstable/main amd64 libnuma1 amd64 2.0.11-2.1 [33.3 kB]
Get:154 http://127.0.0.1:9999/debian unstable/main amd64 libhwloc5 amd64 1.11.5-1 [105 kB]
Get:155 http://127.0.0.1:9999/debian unstable/main amd64 libpciaccess0 amd64 0.13.4-1+b2 [50.0 kB]
Get:156 http://127.0.0.1:9999/debian unstable/main amd64 ocl-icd-libopencl1 amd64 2.2.11-1 [36.8 kB]
Get:157 http://127.0.0.1:9999/debian unstable/main amd64 libhwloc-plugins amd64 1.11.5-1 [16.1 kB]
Get:158 http://127.0.0.1:9999/debian unstable/main amd64 libopenmpi2 amd64 2.1.1-6 [2062 kB]
Get:159 http://127.0.0.1:9999/debian unstable/main amd64 libboost-mpi1.62.0 amd64 1.62.0+dfsg-4+b1 [70.9 kB]
Get:160 http://127.0.0.1:9999/debian unstable/main amd64 libboost-graph-parallel1.62.0 amd64 1.62.0+dfsg-4+b1 [86.4 kB]
Get:161 http://127.0.0.1:9999/debian unstable/main amd64 libboost-graph-parallel1.62-dev amd64 1.62.0+dfsg-4+b1 [89.1 kB]
Get:162 http://127.0.0.1:9999/debian unstable/main amd64 libboost-graph-parallel-dev amd64 1.62.0.1 [3546 B]
Get:163 http://127.0.0.1:9999/debian unstable/main amd64 libicu-dev amd64 57.1-6 [16.5 MB]
Get:164 http://127.0.0.1:9999/debian unstable/main amd64 libboost-regex1.62-dev amd64 1.62.0+dfsg-4+b1 [335 kB]
Get:165 http://127.0.0.1:9999/debian unstable/main amd64 libboost-iostreams1.62.0 amd64 1.62.0+dfsg-4+b1 [51.1 kB]
Get:166 http://127.0.0.1:9999/debian unstable/main amd64 libboost-iostreams1.62-dev amd64 1.62.0+dfsg-4+b1 [57.5 kB]
Get:167 http://127.0.0.1:9999/debian unstable/main amd64 libboost-iostreams-dev amd64 1.62.0.1 [3408 B]
Get:168 http://127.0.0.1:9999/debian unstable/main amd64 libboost-locale1.62.0 amd64 1.62.0+dfsg-4+b1 [263 kB]
Get:169 http://127.0.0.1:9999/debian unstable/main amd64 libboost-locale1.62-dev amd64 1.62.0+dfsg-4+b1 [339 kB]
Get:170 http://127.0.0.1:9999/debian unstable/main amd64 libboost-locale-dev amd64 1.62.0.1 [3752 B]
Get:171 http://127.0.0.1:9999/debian unstable/main amd64 libboost-log1.62.0 amd64 1.62.0+dfsg-4+b1 [398 kB]
Get:172 http://127.0.0.1:9999/debian unstable/main amd64 libboost-thread1.62-dev amd64 1.62.0+dfsg-4+b1 [71.6 kB]
Get:173 http://127.0.0.1:9999/debian unstable/main amd64 libboost-log1.62-dev amd64 1.62.0+dfsg-4+b1 [545 kB]
Get:174 http://127.0.0.1:9999/debian unstable/main amd64 libboost-log-dev amd64 1.62.0.1 [3616 B]
Get:175 http://127.0.0.1:9999/debian unstable/main amd64 libboost-math1.62.0 amd64 1.62.0+dfsg-4+b1 [315 kB]
Get:176 http://127.0.0.1:9999/debian unstable/main amd64 libboost-math1.62-dev amd64 1.62.0+dfsg-4+b1 [540 kB]
Get:177 http://127.0.0.1:9999/debian unstable/main amd64 libboost-math-dev amd64 1.62.0.1 [3618 B]
Get:178 http://127.0.0.1:9999/debian unstable/main amd64 openmpi-common all 2.1.1-6 [154 kB]
Get:179 http://127.0.0.1:9999/debian unstable/main amd64 libibverbs-dev amd64 1.2.1-2 [107 kB]
Get:180 http://127.0.0.1:9999/debian unstable/main amd64 libnuma-dev amd64 2.0.11-2.1 [46.0 kB]
Get:181 http://127.0.0.1:9999/debian unstable/main amd64 libltdl-dev amd64 2.4.6-2 [161 kB]
Get:182 http://127.0.0.1:9999/debian unstable/main amd64 libhwloc-dev amd64 1.11.5-1 [167 kB]
Get:183 http://127.0.0.1:9999/debian unstable/main amd64 libopenmpi-dev amd64 2.1.1-6 [1026 kB]
Get:184 http://127.0.0.1:9999/debian unstable/main amd64 mpi-default-dev amd64 1.8 [4846 B]
Get:185 http://127.0.0.1:9999/debian unstable/main amd64 libboost-mpi1.62-dev amd64 1.62.0+dfsg-4+b1 [154 kB]
Get:186 http://127.0.0.1:9999/debian unstable/main amd64 libboost-mpi-dev amd64 1.62.0.1 [3500 B]
Get:187 http://127.0.0.1:9999/debian unstable/main amd64 libboost-python1.62.0 amd64 1.62.0+dfsg-4+b1 [138 kB]
Get:188 http://127.0.0.1:9999/debian unstable/main amd64 openmpi-bin amd64 2.1.1-6 [193 kB]
Get:189 http://127.0.0.1:9999/debian unstable/main amd64 mpi-default-bin amd64 1.8 [4050 B]
Get:190 http://127.0.0.1:9999/debian unstable/main amd64 libboost-mpi-python1.62.0 amd64 1.62.0+dfsg-4+b1 [233 kB]
Get:191 http://127.0.0.1:9999/debian unstable/main amd64 libboost-mpi-python1.62-dev amd64 1.62.0+dfsg-4+b1 [49.0 kB]
Get:192 http://127.0.0.1:9999/debian unstable/main amd64 libboost-mpi-python-dev amd64 1.62.0.1 [3538 B]
Get:193 http://127.0.0.1:9999/debian unstable/main amd64 libboost-program-options1.62.0 amd64 1.62.0+dfsg-4+b1 [160 kB]
Get:194 http://127.0.0.1:9999/debian unstable/main amd64 libboost-program-options1.62-dev amd64 1.62.0+dfsg-4+b1 [184 kB]
Get:195 http://127.0.0.1:9999/debian unstable/main amd64 libboost-program-options-dev amd64 1.62.0.1 [3430 B]
Get:196 http://127.0.0.1:9999/debian unstable/main amd64 libpython2.7 amd64 2.7.13-2 [1072 kB]
Get:197 http://127.0.0.1:9999/debian unstable/main amd64 libexpat1-dev amd64 2.2.1-3 [137 kB]
Get:198 http://127.0.0.1:9999/debian unstable/main amd64 libpython2.7-dev amd64 2.7.13-2 [28.2 MB]
Get:199 http://127.0.0.1:9999/debian unstable/main amd64 libpython-dev amd64 2.7.13-2 [20.1 kB]
Get:200 http://127.0.0.1:9999/debian unstable/main amd64 python2.7-dev amd64 2.7.13-2 [281 kB]
Get:201 http://127.0.0.1:9999/debian unstable/main amd64 python-dev amd64 2.7.13-2 [1126 B]
Get:202 http://127.0.0.1:9999/debian unstable/main amd64 libpython3.5 amd64 3.5.3-3 [1373 kB]
Get:203 http://127.0.0.1:9999/debian unstable/main amd64 libpython3.5-dev amd64 3.5.3-3 [37.8 MB]
Get:204 http://127.0.0.1:9999/debian unstable/main amd64 libpython3-dev amd64 3.5.3-3 [18.9 kB]
Get:205 http://127.0.0.1:9999/debian unstable/main amd64 python3.5-dev amd64 3.5.3-3 [413 kB]
Get:206 http://127.0.0.1:9999/debian unstable/main amd64 python3-dev amd64 3.5.3-3 [1154 B]
Get:207 http://127.0.0.1:9999/debian unstable/main amd64 libboost-python1.62-dev amd64 1.62.0+dfsg-4+b1 [166 kB]
Get:208 http://127.0.0.1:9999/debian unstable/main amd64 libboost-python-dev amd64 1.62.0.1 [3802 B]
Get:209 http://127.0.0.1:9999/debian unstable/main amd64 libboost-random1.62.0 amd64 1.62.0+dfsg-4+b1 [35.8 kB]
Get:210 http://127.0.0.1:9999/debian unstable/main amd64 libboost-random1.62-dev amd64 1.62.0+dfsg-4+b1 [35.1 kB]
Get:211 http://127.0.0.1:9999/debian unstable/main amd64 libboost-random-dev amd64 1.62.0.1 [3420 B]
Get:212 http://127.0.0.1:9999/debian unstable/main amd64 libboost-regex-dev amd64 1.62.0.1 [3674 B]
Get:213 http://127.0.0.1:9999/debian unstable/main amd64 libboost-serialization-dev amd64 1.62.0.1 [3642 B]
Get:214 http://127.0.0.1:9999/debian unstable/main amd64 libboost-signals1.62.0 amd64 1.62.0+dfsg-4+b1 [54.4 kB]
Get:215 http://127.0.0.1:9999/debian unstable/main amd64 libboost-signals1.62-dev amd64 1.62.0+dfsg-4+b1 [58.1 kB]
Get:216 http://127.0.0.1:9999/debian unstable/main amd64 libboost-signals-dev amd64 1.62.0.1 [3478 B]
Get:217 http://127.0.0.1:9999/debian unstable/main amd64 libboost-system-dev amd64 1.62.0.1 [3554 B]
Get:218 http://127.0.0.1:9999/debian unstable/main amd64 libboost-test-dev amd64 1.62.0.1 [3456 B]
Get:219 http://127.0.0.1:9999/debian unstable/main amd64 libboost-thread-dev amd64 1.62.0.1 [3442 B]
Get:220 http://127.0.0.1:9999/debian unstable/main amd64 libboost-timer1.62-dev amd64 1.62.0+dfsg-4+b1 [34.4 kB]
Get:221 http://127.0.0.1:9999/debian unstable/main amd64 libboost-timer-dev amd64 1.62.0.1 [3534 B]
Get:222 http://127.0.0.1:9999/debian unstable/main amd64 libboost-type-erasure1.62.0 amd64 1.62.0+dfsg-4+b1 [42.9 kB]
Get:223 http://127.0.0.1:9999/debian unstable/main amd64 libboost-type-erasure1.62-dev amd64 1.62.0+dfsg-4+b1 [42.0 kB]
Get:224 http://127.0.0.1:9999/debian unstable/main amd64 libboost-type-erasure-dev amd64 1.62.0.1 [3508 B]
Get:225 http://127.0.0.1:9999/debian unstable/main amd64 libboost-wave1.62.0 amd64 1.62.0+dfsg-4+b1 [204 kB]
Get:226 http://127.0.0.1:9999/debian unstable/main amd64 libboost-wave1.62-dev amd64 1.62.0+dfsg-4+b1 [252 kB]
Get:227 http://127.0.0.1:9999/debian unstable/main amd64 libboost-wave-dev amd64 1.62.0.1 [3448 B]
Get:228 http://127.0.0.1:9999/debian unstable/main amd64 libboost-all-dev amd64 1.62.0.1 [3750 B]
Get:229 http://127.0.0.1:9999/debian unstable/main amd64 libcap-dev amd64 1:2.25-1 [29.4 kB]
Get:230 http://127.0.0.1:9999/debian unstable/main amd64 libccgnu2-1.8-0v5 amd64 1.8.1-6.1 [195 kB]
Get:231 http://127.0.0.1:9999/debian unstable/main amd64 libgnutlsxx28 amd64 3.5.13-2 [13.1 kB]
Get:232 http://127.0.0.1:9999/debian unstable/main amd64 libunbound2 amd64 1.6.4-1 [363 kB]
Get:233 http://127.0.0.1:9999/debian unstable/main amd64 libgnutls-dane0 amd64 3.5.13-2 [198 kB]
Get:234 http://127.0.0.1:9999/debian unstable/main amd64 libgmpxx4ldbl amd64 2:6.1.2+dfsg-1 [22.2 kB]
Get:235 http://127.0.0.1:9999/debian unstable/main amd64 libgmp-dev amd64 2:6.1.2+dfsg-1 [631 kB]
Get:236 http://127.0.0.1:9999/debian unstable/main amd64 nettle-dev amd64 3.3-1+b1 [1041 kB]
Get:237 http://127.0.0.1:9999/debian unstable/main amd64 zlib1g-dev amd64 1:1.2.8.dfsg-5 [205 kB]
Get:238 http://127.0.0.1:9999/debian unstable/main amd64 libtasn1-6-dev amd64 4.12-2 [103 kB]
Get:239 http://127.0.0.1:9999/debian unstable/main amd64 libp11-kit-dev amd64 0.23.7-2 [67.2 kB]
Get:240 http://127.0.0.1:9999/debian unstable/main amd64 libidn2-0-dev amd64 0.16-1+b1 [261 kB]
Get:241 http://127.0.0.1:9999/debian unstable/main amd64 libgnutls28-dev amd64 3.5.13-2 [879 kB]
Get:242 http://127.0.0.1:9999/debian unstable/main amd64 libgpg-error-dev amd64 1.27-3 [87.3 kB]
Get:243 http://127.0.0.1:9999/debian unstable/main amd64 libgcrypt20-dev amd64 1.7.8-1 [574 kB]
Get:244 http://127.0.0.1:9999/debian unstable/main amd64 libgcrypt11-dev amd64 1.5.4-3+really1.7.8-1 [132 kB]
Get:245 http://127.0.0.1:9999/debian unstable/main amd64 pkg-config amd64 0.29-4+b1 [63.3 kB]
Get:246 http://127.0.0.1:9999/debian unstable/main amd64 libcommoncpp2-dev amd64 1.8.1-6.1 [293 kB]
Get:247 http://127.0.0.1:9999/debian unstable/main amd64 libidn11-dev amd64 1.33-1 [594 kB]
Get:248 http://127.0.0.1:9999/debian unstable/main amd64 libtinfo-dev amd64 6.0+20161126-1 [78.8 kB]
Get:249 http://127.0.0.1:9999/debian unstable/main amd64 libncurses5-dev amd64 6.0+20161126-1 [175 kB]
Get:250 http://127.0.0.1:9999/debian unstable/main amd64 libreadline-dev amd64 7.0-3 [132 kB]
Get:251 http://127.0.0.1:9999/debian unstable/main amd64 libreadline5 amd64 5.2+dfsg-3+b1 [119 kB]
Get:252 http://127.0.0.1:9999/debian unstable/main amd64 librecode0 amd64 3.6-23 [532 kB]
Get:253 http://127.0.0.1:9999/debian unstable/main amd64 librecode-dev amd64 3.6-23 [526 kB]
Get:254 http://127.0.0.1:9999/debian unstable/main amd64 uuid-dev amd64 2.29.2-1 [83.7 kB]
Get:255 http://127.0.0.1:9999/debian unstable/main amd64 xfsprogs amd64 4.9.0+nmu1 [811 kB]
Get:256 http://127.0.0.1:9999/debian unstable/main amd64 xfslibs-dev amd64 4.9.0+nmu1 [58.4 kB]
debconf: delaying package configuration, since apt-utils is not installed
Fetched 162 MB in 1s (93.6 MB/s)
Selecting previously unselected package groff-base.
(Reading database ... 10178 files and directories currently installed.)
Preparing to unpack .../00-groff-base_1.22.3-9_amd64.deb ...
Unpacking groff-base (1.22.3-9) ...
Selecting previously unselected package bsdmainutils.
Preparing to unpack .../01-bsdmainutils_9.0.12+nmu1_amd64.deb ...
Unpacking bsdmainutils (9.0.12+nmu1) ...
Selecting previously unselected package libpipeline1:amd64.
Preparing to unpack .../02-libpipeline1_1.4.1-2_amd64.deb ...
Unpacking libpipeline1:amd64 (1.4.1-2) ...
Selecting previously unselected package man-db.
Preparing to unpack .../03-man-db_2.7.6.1-2_amd64.deb ...
Unpacking man-db (2.7.6.1-2) ...
Selecting previously unselected package libpython2.7-minimal:amd64.
Preparing to unpack .../04-libpython2.7-minimal_2.7.13-2_amd64.deb ...
Unpacking libpython2.7-minimal:amd64 (2.7.13-2) ...
Selecting previously unselected package python2.7-minimal.
Preparing to unpack .../05-python2.7-minimal_2.7.13-2_amd64.deb ...
Unpacking python2.7-minimal (2.7.13-2) ...
Selecting previously unselected package python-minimal.
Preparing to unpack .../06-python-minimal_2.7.13-2_amd64.deb ...
Unpacking python-minimal (2.7.13-2) ...
Selecting previously unselected package mime-support.
Preparing to unpack .../07-mime-support_3.60_all.deb ...
Unpacking mime-support (3.60) ...
Selecting previously unselected package libexpat1:amd64.
Preparing to unpack .../08-libexpat1_2.2.1-3_amd64.deb ...
Unpacking libexpat1:amd64 (2.2.1-3) ...
Selecting previously unselected package readline-common.
Preparing to unpack .../09-readline-common_7.0-3_all.deb ...
Unpacking readline-common (7.0-3) ...
Selecting previously unselected package libreadline7:amd64.
Preparing to unpack .../10-libreadline7_7.0-3_amd64.deb ...
Unpacking libreadline7:amd64 (7.0-3) ...
Selecting previously unselected package libsqlite3-0:amd64.
Preparing to unpack .../11-libsqlite3-0_3.16.2-5_amd64.deb ...
Unpacking libsqlite3-0:amd64 (3.16.2-5) ...
Selecting previously unselected package libssl1.1:amd64.
Preparing to unpack .../12-libssl1.1_1.1.0f-3_amd64.deb ...
Unpacking libssl1.1:amd64 (1.1.0f-3) ...
Selecting previously unselected package libpython2.7-stdlib:amd64.
Preparing to unpack .../13-libpython2.7-stdlib_2.7.13-2_amd64.deb ...
Unpacking libpython2.7-stdlib:amd64 (2.7.13-2) ...
Selecting previously unselected package python2.7.
Preparing to unpack .../14-python2.7_2.7.13-2_amd64.deb ...
Unpacking python2.7 (2.7.13-2) ...
Selecting previously unselected package libpython-stdlib:amd64.
Preparing to unpack .../15-libpython-stdlib_2.7.13-2_amd64.deb ...
Unpacking libpython-stdlib:amd64 (2.7.13-2) ...
Setting up libpython2.7-minimal:amd64 (2.7.13-2) ...
Setting up python2.7-minimal (2.7.13-2) ...
Setting up python-minimal (2.7.13-2) ...
Selecting previously unselected package python.
(Reading database ... 11558 files and directories currently installed.)
Preparing to unpack .../00-python_2.7.13-2_amd64.deb ...
Unpacking python (2.7.13-2) ...
Selecting previously unselected package libpng16-16:amd64.
Preparing to unpack .../01-libpng16-16_1.6.29-3_amd64.deb ...
Unpacking libpng16-16:amd64 (1.6.29-3) ...
Selecting previously unselected package libfreetype6:amd64.
Preparing to unpack .../02-libfreetype6_2.8-0.2_amd64.deb ...
Unpacking libfreetype6:amd64 (2.8-0.2) ...
Selecting previously unselected package ucf.
Preparing to unpack .../03-ucf_3.0036_all.deb ...
Moving old data out of the way
Unpacking ucf (3.0036) ...
Selecting previously unselected package fonts-dejavu-core.
Preparing to unpack .../04-fonts-dejavu-core_2.37-1_all.deb ...
Unpacking fonts-dejavu-core (2.37-1) ...
Selecting previously unselected package fontconfig-config.
Preparing to unpack .../05-fontconfig-config_2.12.3-0.1_all.deb ...
Unpacking fontconfig-config (2.12.3-0.1) ...
Selecting previously unselected package libfontconfig1:amd64.
Preparing to unpack .../06-libfontconfig1_2.12.3-0.1_amd64.deb ...
Unpacking libfontconfig1:amd64 (2.12.3-0.1) ...
Selecting previously unselected package fontconfig.
Preparing to unpack .../07-fontconfig_2.12.3-0.1_amd64.deb ...
Unpacking fontconfig (2.12.3-0.1) ...
Selecting previously unselected package libxau6:amd64.
Preparing to unpack .../08-libxau6_1%3a1.0.8-1_amd64.deb ...
Unpacking libxau6:amd64 (1:1.0.8-1) ...
Selecting previously unselected package libpython3.5-minimal:amd64.
Preparing to unpack .../09-libpython3.5-minimal_3.5.3-3_amd64.deb ...
Unpacking libpython3.5-minimal:amd64 (3.5.3-3) ...
Selecting previously unselected package python3.5-minimal.
Preparing to unpack .../10-python3.5-minimal_3.5.3-3_amd64.deb ...
Unpacking python3.5-minimal (3.5.3-3) ...
Selecting previously unselected package python3-minimal.
Preparing to unpack .../11-python3-minimal_3.5.3-3_amd64.deb ...
Unpacking python3-minimal (3.5.3-3) ...
Selecting previously unselected package libmpdec2:amd64.
Preparing to unpack .../12-libmpdec2_2.4.2-1_amd64.deb ...
Unpacking libmpdec2:amd64 (2.4.2-1) ...
Selecting previously unselected package libpython3.5-stdlib:amd64.
Preparing to unpack .../13-libpython3.5-stdlib_3.5.3-3_amd64.deb ...
Unpacking libpython3.5-stdlib:amd64 (3.5.3-3) ...
Selecting previously unselected package python3.5.
Preparing to unpack .../14-python3.5_3.5.3-3_amd64.deb ...
Unpacking python3.5 (3.5.3-3) ...
Selecting previously unselected package libpython3-stdlib:amd64.
Preparing to unpack .../15-libpython3-stdlib_3.5.3-3_amd64.deb ...
Unpacking libpython3-stdlib:amd64 (3.5.3-3) ...
Selecting previously unselected package dh-python.
Preparing to unpack .../16-dh-python_2.20170125_all.deb ...
Unpacking dh-python (2.20170125) ...
Setting up libssl1.1:amd64 (1.1.0f-3) ...
Setting up libpython3.5-minimal:amd64 (3.5.3-3) ...
Setting up libexpat1:amd64 (2.2.1-3) ...
Setting up python3.5-minimal (3.5.3-3) ...
Setting up python3-minimal (3.5.3-3) ...
Selecting previously unselected package python3.
(Reading database ... 12731 files and directories currently installed.)
Preparing to unpack .../000-python3_3.5.3-3_amd64.deb ...
Unpacking python3 (3.5.3-3) ...
Selecting previously unselected package lsb-base.
Preparing to unpack .../001-lsb-base_9.20161125_all.deb ...
Unpacking lsb-base (9.20161125) ...
Selecting previously unselected package libxapian30:amd64.
Preparing to unpack .../002-libxapian30_1.4.4-2_amd64.deb ...
Unpacking libxapian30:amd64 (1.4.4-2) ...
Selecting previously unselected package libmagic-mgc.
Preparing to unpack .../003-libmagic-mgc_1%3a5.30-1_amd64.deb ...
Unpacking libmagic-mgc (1:5.30-1) ...
Selecting previously unselected package libmagic1:amd64.
Preparing to unpack .../004-libmagic1_1%3a5.30-1_amd64.deb ...
Unpacking libmagic1:amd64 (1:5.30-1) ...
Selecting previously unselected package file.
Preparing to unpack .../005-file_1%3a5.30-1_amd64.deb ...
Unpacking file (1:5.30-1) ...
Selecting previously unselected package gettext-base.
Preparing to unpack .../006-gettext-base_0.19.8.1-2+b1_amd64.deb ...
Unpacking gettext-base (0.19.8.1-2+b1) ...
Selecting previously unselected package libcap2:amd64.
Preparing to unpack .../007-libcap2_1%3a2.25-1_amd64.deb ...
Unpacking libcap2:amd64 (1:2.25-1) ...
Selecting previously unselected package libgnutls-openssl27:amd64.
Preparing to unpack .../008-libgnutls-openssl27_3.5.13-2_amd64.deb ...
Unpacking libgnutls-openssl27:amd64 (3.5.13-2) ...
Selecting previously unselected package libidn11:amd64.
Preparing to unpack .../009-libidn11_1.33-1_amd64.deb ...
Unpacking libidn11:amd64 (1.33-1) ...
Selecting previously unselected package libicu57:amd64.
Preparing to unpack .../010-libicu57_57.1-6_amd64.deb ...
Unpacking libicu57:amd64 (57.1-6) ...
Selecting previously unselected package libxml2:amd64.
Preparing to unpack .../011-libxml2_2.9.4+dfsg1-3_amd64.deb ...
Unpacking libxml2:amd64 (2.9.4+dfsg1-3) ...
Selecting previously unselected package libsigsegv2:amd64.
Preparing to unpack .../012-libsigsegv2_2.11-1_amd64.deb ...
Unpacking libsigsegv2:amd64 (2.11-1) ...
Selecting previously unselected package m4.
Preparing to unpack .../013-m4_1.4.18-1_amd64.deb ...
Unpacking m4 (1.4.18-1) ...
Selecting previously unselected package autoconf.
Preparing to unpack .../014-autoconf_2.69-10_all.deb ...
Unpacking autoconf (2.69-10) ...
Selecting previously unselected package autotools-dev.
Preparing to unpack .../015-autotools-dev_20161112.1_all.deb ...
Unpacking autotools-dev (20161112.1) ...
Selecting previously unselected package automake.
Preparing to unpack .../016-automake_1%3a1.15.1-2_all.deb ...
Unpacking automake (1:1.15.1-2) ...
Selecting previously unselected package autopoint.
Preparing to unpack .../017-autopoint_0.19.8.1-2_all.deb ...
Unpacking autopoint (0.19.8.1-2) ...
Selecting previously unselected package libtool.
Preparing to unpack .../018-libtool_2.4.6-2_all.deb ...
Unpacking libtool (2.4.6-2) ...
Selecting previously unselected package dh-autoreconf.
Preparing to unpack .../019-dh-autoreconf_14_all.deb ...
Unpacking dh-autoreconf (14) ...
Selecting previously unselected package libarchive-zip-perl.
Preparing to unpack .../020-libarchive-zip-perl_1.59-1_all.deb ...
Unpacking libarchive-zip-perl (1.59-1) ...
Selecting previously unselected package libfile-stripnondeterminism-perl.
Preparing to unpack .../021-libfile-stripnondeterminism-perl_0.035-2_all.deb ...
Unpacking libfile-stripnondeterminism-perl (0.035-2) ...
Selecting previously unselected package libtimedate-perl.
Preparing to unpack .../022-libtimedate-perl_2.3000-2_all.deb ...
Unpacking libtimedate-perl (2.3000-2) ...
Selecting previously unselected package dh-strip-nondeterminism.
Preparing to unpack .../023-dh-strip-nondeterminism_0.035-2_all.deb ...
Unpacking dh-strip-nondeterminism (0.035-2) ...
Selecting previously unselected package libglib2.0-0:amd64.
Preparing to unpack .../024-libglib2.0-0_2.52.3-1_amd64.deb ...
Unpacking libglib2.0-0:amd64 (2.52.3-1) ...
Selecting previously unselected package libcroco3:amd64.
Preparing to unpack .../025-libcroco3_0.6.12-1_amd64.deb ...
Unpacking libcroco3:amd64 (0.6.12-1) ...
Selecting previously unselected package gettext.
Preparing to unpack .../026-gettext_0.19.8.1-2+b1_amd64.deb ...
Unpacking gettext (0.19.8.1-2+b1) ...
Selecting previously unselected package intltool-debian.
Preparing to unpack .../027-intltool-debian_0.35.0+20060710.4_all.deb ...
Unpacking intltool-debian (0.35.0+20060710.4) ...
Selecting previously unselected package po-debconf.
Preparing to unpack .../028-po-debconf_1.0.20_all.deb ...
Unpacking po-debconf (1.0.20) ...
Selecting previously unselected package debhelper.
Preparing to unpack .../029-debhelper_10.6.2_all.deb ...
Unpacking debhelper (10.6.2) ...
Selecting previously unselected package doxygen.
Preparing to unpack .../030-doxygen_1.8.13-7_amd64.deb ...
Unpacking doxygen (1.8.13-7) ...
Selecting previously unselected package libann0.
Preparing to unpack .../031-libann0_1.1.2+doc-6_amd64.deb ...
Unpacking libann0 (1.1.2+doc-6) ...
Selecting previously unselected package libcdt5.
Preparing to unpack .../032-libcdt5_2.38.0-17_amd64.deb ...
Unpacking libcdt5 (2.38.0-17) ...
Selecting previously unselected package libcgraph6.
Preparing to unpack .../033-libcgraph6_2.38.0-17_amd64.deb ...
Unpacking libcgraph6 (2.38.0-17) ...
Selecting previously unselected package libjpeg62-turbo:amd64.
Preparing to unpack .../034-libjpeg62-turbo_1%3a1.5.1-2_amd64.deb ...
Unpacking libjpeg62-turbo:amd64 (1:1.5.1-2) ...
Selecting previously unselected package libjbig0:amd64.
Preparing to unpack .../035-libjbig0_2.1-3.1+b2_amd64.deb ...
Unpacking libjbig0:amd64 (2.1-3.1+b2) ...
Selecting previously unselected package libtiff5:amd64.
Preparing to unpack .../036-libtiff5_4.0.8-3_amd64.deb ...
Unpacking libtiff5:amd64 (4.0.8-3) ...
Selecting previously unselected package libwebp6:amd64.
Preparing to unpack .../037-libwebp6_0.5.2-1_amd64.deb ...
Unpacking libwebp6:amd64 (0.5.2-1) ...
Selecting previously unselected package libxdmcp6:amd64.
Preparing to unpack .../038-libxdmcp6_1%3a1.1.2-3_amd64.deb ...
Unpacking libxdmcp6:amd64 (1:1.1.2-3) ...
Selecting previously unselected package libxcb1:amd64.
Preparing to unpack .../039-libxcb1_1.12-1_amd64.deb ...
Unpacking libxcb1:amd64 (1.12-1) ...
Selecting previously unselected package libx11-data.
Preparing to unpack .../040-libx11-data_2%3a1.6.4-3_all.deb ...
Unpacking libx11-data (2:1.6.4-3) ...
Selecting previously unselected package libx11-6:amd64.
Preparing to unpack .../041-libx11-6_2%3a1.6.4-3_amd64.deb ...
Unpacking libx11-6:amd64 (2:1.6.4-3) ...
Selecting previously unselected package libxpm4:amd64.
Preparing to unpack .../042-libxpm4_1%3a3.5.12-1_amd64.deb ...
Unpacking libxpm4:amd64 (1:3.5.12-1) ...
Selecting previously unselected package libgd3:amd64.
Preparing to unpack .../043-libgd3_2.2.4-2_amd64.deb ...
Unpacking libgd3:amd64 (2.2.4-2) ...
Selecting previously unselected package libgts-0.7-5:amd64.
Preparing to unpack .../044-libgts-0.7-5_0.7.6+darcs121130-4_amd64.deb ...
Unpacking libgts-0.7-5:amd64 (0.7.6+darcs121130-4) ...
Selecting previously unselected package libpixman-1-0:amd64.
Preparing to unpack .../045-libpixman-1-0_0.34.0-1_amd64.deb ...
Unpacking libpixman-1-0:amd64 (0.34.0-1) ...
Selecting previously unselected package libxcb-render0:amd64.
Preparing to unpack .../046-libxcb-render0_1.12-1_amd64.deb ...
Unpacking libxcb-render0:amd64 (1.12-1) ...
Selecting previously unselected package libxcb-shm0:amd64.
Preparing to unpack .../047-libxcb-shm0_1.12-1_amd64.deb ...
Unpacking libxcb-shm0:amd64 (1.12-1) ...
Selecting previously unselected package libxext6:amd64.
Preparing to unpack .../048-libxext6_2%3a1.3.3-1+b2_amd64.deb ...
Unpacking libxext6:amd64 (2:1.3.3-1+b2) ...
Selecting previously unselected package libxrender1:amd64.
Preparing to unpack .../049-libxrender1_1%3a0.9.10-1_amd64.deb ...
Unpacking libxrender1:amd64 (1:0.9.10-1) ...
Selecting previously unselected package libcairo2:amd64.
Preparing to unpack .../050-libcairo2_1.14.10-1_amd64.deb ...
Unpacking libcairo2:amd64 (1.14.10-1) ...
Selecting previously unselected package libltdl7:amd64.
Preparing to unpack .../051-libltdl7_2.4.6-2_amd64.deb ...
Unpacking libltdl7:amd64 (2.4.6-2) ...
Selecting previously unselected package libthai-data.
Preparing to unpack .../052-libthai-data_0.1.26-1_all.deb ...
Unpacking libthai-data (0.1.26-1) ...
Selecting previously unselected package libdatrie1:amd64.
Preparing to unpack .../053-libdatrie1_0.2.10-4+b1_amd64.deb ...
Unpacking libdatrie1:amd64 (0.2.10-4+b1) ...
Selecting previously unselected package libthai0:amd64.
Preparing to unpack .../054-libthai0_0.1.26-1_amd64.deb ...
Unpacking libthai0:amd64 (0.1.26-1) ...
Selecting previously unselected package libpango-1.0-0:amd64.
Preparing to unpack .../055-libpango-1.0-0_1.40.6-1_amd64.deb ...
Unpacking libpango-1.0-0:amd64 (1.40.6-1) ...
Selecting previously unselected package libgraphite2-3:amd64.
Preparing to unpack .../056-libgraphite2-3_1.3.10-2_amd64.deb ...
Unpacking libgraphite2-3:amd64 (1.3.10-2) ...
Selecting previously unselected package libharfbuzz0b:amd64.
Preparing to unpack .../057-libharfbuzz0b_1.4.2-1_amd64.deb ...
Unpacking libharfbuzz0b:amd64 (1.4.2-1) ...
Selecting previously unselected package libpangoft2-1.0-0:amd64.
Preparing to unpack .../058-libpangoft2-1.0-0_1.40.6-1_amd64.deb ...
Unpacking libpangoft2-1.0-0:amd64 (1.40.6-1) ...
Selecting previously unselected package libpangocairo-1.0-0:amd64.
Preparing to unpack .../059-libpangocairo-1.0-0_1.40.6-1_amd64.deb ...
Unpacking libpangocairo-1.0-0:amd64 (1.40.6-1) ...
Selecting previously unselected package libpathplan4.
Preparing to unpack .../060-libpathplan4_2.38.0-17_amd64.deb ...
Unpacking libpathplan4 (2.38.0-17) ...
Selecting previously unselected package libxdot4.
Preparing to unpack .../061-libxdot4_2.38.0-17_amd64.deb ...
Unpacking libxdot4 (2.38.0-17) ...
Selecting previously unselected package libgvc6.
Preparing to unpack .../062-libgvc6_2.38.0-17_amd64.deb ...
Unpacking libgvc6 (2.38.0-17) ...
Selecting previously unselected package libgvpr2.
Preparing to unpack .../063-libgvpr2_2.38.0-17_amd64.deb ...
Unpacking libgvpr2 (2.38.0-17) ...
Selecting previously unselected package x11-common.
Preparing to unpack .../064-x11-common_1%3a7.7+19_all.deb ...
Unpacking x11-common (1:7.7+19) ...
Selecting previously unselected package libice6:amd64.
Preparing to unpack .../065-libice6_2%3a1.0.9-2_amd64.deb ...
Unpacking libice6:amd64 (2:1.0.9-2) ...
Selecting previously unselected package libsm6:amd64.
Preparing to unpack .../066-libsm6_2%3a1.2.2-1+b3_amd64.deb ...
Unpacking libsm6:amd64 (2:1.2.2-1+b3) ...
Selecting previously unselected package libxt6:amd64.
Preparing to unpack .../067-libxt6_1%3a1.1.5-1_amd64.deb ...
Unpacking libxt6:amd64 (1:1.1.5-1) ...
Selecting previously unselected package libxmu6:amd64.
Preparing to unpack .../068-libxmu6_2%3a1.1.2-2_amd64.deb ...
Unpacking libxmu6:amd64 (2:1.1.2-2) ...
Selecting previously unselected package libxaw7:amd64.
Preparing to unpack .../069-libxaw7_2%3a1.0.13-1+b2_amd64.deb ...
Unpacking libxaw7:amd64 (2:1.0.13-1+b2) ...
Selecting previously unselected package graphviz.
Preparing to unpack .../070-graphviz_2.38.0-17_amd64.deb ...
Unpacking graphviz (2.38.0-17) ...
Selecting previously unselected package icu-devtools.
Preparing to unpack .../071-icu-devtools_57.1-6_amd64.deb ...
Unpacking icu-devtools (57.1-6) ...
Selecting previously unselected package libboost1.62-dev:amd64.
Preparing to unpack .../072-libboost1.62-dev_1.62.0+dfsg-4+b1_amd64.deb ...
Unpacking libboost1.62-dev:amd64 (1.62.0+dfsg-4+b1) ...
Selecting previously unselected package libboost-dev:amd64.
Preparing to unpack .../073-libboost-dev_1.62.0.1_amd64.deb ...
Unpacking libboost-dev:amd64 (1.62.0.1) ...
Selecting previously unselected package libboost1.62-tools-dev.
Preparing to unpack .../074-libboost1.62-tools-dev_1.62.0+dfsg-4+b1_amd64.deb ...
Unpacking libboost1.62-tools-dev (1.62.0+dfsg-4+b1) ...
Selecting previously unselected package libboost-tools-dev.
Preparing to unpack .../075-libboost-tools-dev_1.62.0.1_amd64.deb ...
Unpacking libboost-tools-dev (1.62.0.1) ...
Selecting previously unselected package libboost-atomic1.62.0:amd64.
Preparing to unpack .../076-libboost-atomic1.62.0_1.62.0+dfsg-4+b1_amd64.deb ...
Unpacking libboost-atomic1.62.0:amd64 (1.62.0+dfsg-4+b1) ...
Selecting previously unselected package libboost-atomic1.62-dev:amd64.
Preparing to unpack .../077-libboost-atomic1.62-dev_1.62.0+dfsg-4+b1_amd64.deb ...
Unpacking libboost-atomic1.62-dev:amd64 (1.62.0+dfsg-4+b1) ...
Selecting previously unselected package libboost-atomic-dev:amd64.
Preparing to unpack .../078-libboost-atomic-dev_1.62.0.1_amd64.deb ...
Unpacking libboost-atomic-dev:amd64 (1.62.0.1) ...
Selecting previously unselected package libboost-system1.62.0:amd64.
Preparing to unpack .../079-libboost-system1.62.0_1.62.0+dfsg-4+b1_amd64.deb ...
Unpacking libboost-system1.62.0:amd64 (1.62.0+dfsg-4+b1) ...
Selecting previously unselected package libboost-chrono1.62.0:amd64.
Preparing to unpack .../080-libboost-chrono1.62.0_1.62.0+dfsg-4+b1_amd64.deb ...
Unpacking libboost-chrono1.62.0:amd64 (1.62.0+dfsg-4+b1) ...
Selecting previously unselected package libboost-chrono1.62-dev:amd64.
Preparing to unpack .../081-libboost-chrono1.62-dev_1.62.0+dfsg-4+b1_amd64.deb ...
Unpacking libboost-chrono1.62-dev:amd64 (1.62.0+dfsg-4+b1) ...
Selecting previously unselected package libboost-chrono-dev:amd64.
Preparing to unpack .../082-libboost-chrono-dev_1.62.0.1_amd64.deb ...
Unpacking libboost-chrono-dev:amd64 (1.62.0.1) ...
Selecting previously unselected package libboost-context1.62.0:amd64.
Preparing to unpack .../083-libboost-context1.62.0_1.62.0+dfsg-4+b1_amd64.deb ...
Unpacking libboost-context1.62.0:amd64 (1.62.0+dfsg-4+b1) ...
Selecting previously unselected package libboost-context1.62-dev:amd64.
Preparing to unpack .../084-libboost-context1.62-dev_1.62.0+dfsg-4+b1_amd64.deb ...
Unpacking libboost-context1.62-dev:amd64 (1.62.0+dfsg-4+b1) ...
Selecting previously unselected package libboost-context-dev:amd64.
Preparing to unpack .../085-libboost-context-dev_1.62.0.1_amd64.deb ...
Unpacking libboost-context-dev:amd64 (1.62.0.1) ...
Selecting previously unselected package libboost-thread1.62.0:amd64.
Preparing to unpack .../086-libboost-thread1.62.0_1.62.0+dfsg-4+b1_amd64.deb ...
Unpacking libboost-thread1.62.0:amd64 (1.62.0+dfsg-4+b1) ...
Selecting previously unselected package libboost-coroutine1.62.0:amd64.
Preparing to unpack .../087-libboost-coroutine1.62.0_1.62.0+dfsg-4+b1_amd64.deb ...
Unpacking libboost-coroutine1.62.0:amd64 (1.62.0+dfsg-4+b1) ...
Selecting previously unselected package libboost-coroutine1.62-dev:amd64.
Preparing to unpack .../088-libboost-coroutine1.62-dev_1.62.0+dfsg-4+b1_amd64.deb ...
Unpacking libboost-coroutine1.62-dev:amd64 (1.62.0+dfsg-4+b1) ...
Selecting previously unselected package libboost-coroutine-dev:amd64.
Preparing to unpack .../089-libboost-coroutine-dev_1.62.0.1_amd64.deb ...
Unpacking libboost-coroutine-dev:amd64 (1.62.0.1) ...
Selecting previously unselected package libboost-date-time1.62.0:amd64.
Preparing to unpack .../090-libboost-date-time1.62.0_1.62.0+dfsg-4+b1_amd64.deb ...
Unpacking libboost-date-time1.62.0:amd64 (1.62.0+dfsg-4+b1) ...
Selecting previously unselected package libboost-serialization1.62.0:amd64.
Preparing to unpack .../091-libboost-serialization1.62.0_1.62.0+dfsg-4+b1_amd64.deb ...
Unpacking libboost-serialization1.62.0:amd64 (1.62.0+dfsg-4+b1) ...
Selecting previously unselected package libboost-serialization1.62-dev:amd64.
Preparing to unpack .../092-libboost-serialization1.62-dev_1.62.0+dfsg-4+b1_amd64.deb ...
Unpacking libboost-serialization1.62-dev:amd64 (1.62.0+dfsg-4+b1) ...
Selecting previously unselected package libboost-date-time1.62-dev:amd64.
Preparing to unpack .../093-libboost-date-time1.62-dev_1.62.0+dfsg-4+b1_amd64.deb ...
Unpacking libboost-date-time1.62-dev:amd64 (1.62.0+dfsg-4+b1) ...
Selecting previously unselected package libboost-date-time-dev:amd64.
Preparing to unpack .../094-libboost-date-time-dev_1.62.0.1_amd64.deb ...
Unpacking libboost-date-time-dev:amd64 (1.62.0.1) ...
Selecting previously unselected package libboost-exception1.62-dev:amd64.
Preparing to unpack .../095-libboost-exception1.62-dev_1.62.0+dfsg-4+b1_amd64.deb ...
Unpacking libboost-exception1.62-dev:amd64 (1.62.0+dfsg-4+b1) ...
Selecting previously unselected package libboost-exception-dev:amd64.
Preparing to unpack .../096-libboost-exception-dev_1.62.0.1_amd64.deb ...
Unpacking libboost-exception-dev:amd64 (1.62.0.1) ...
Selecting previously unselected package libboost-fiber1.62.0:amd64.
Preparing to unpack .../097-libboost-fiber1.62.0_1.62.0+dfsg-4+b1_amd64.deb ...
Unpacking libboost-fiber1.62.0:amd64 (1.62.0+dfsg-4+b1) ...
Selecting previously unselected package libboost-fiber1.62-dev:amd64.
Preparing to unpack .../098-libboost-fiber1.62-dev_1.62.0+dfsg-4+b1_amd64.deb ...
Unpacking libboost-fiber1.62-dev:amd64 (1.62.0+dfsg-4+b1) ...
Selecting previously unselected package libboost-fiber-dev:amd64.
Preparing to unpack .../099-libboost-fiber-dev_1.62.0.1_amd64.deb ...
Unpacking libboost-fiber-dev:amd64 (1.62.0.1) ...
Selecting previously unselected package libboost-filesystem1.62.0:amd64.
Preparing to unpack .../100-libboost-filesystem1.62.0_1.62.0+dfsg-4+b1_amd64.deb ...
Unpacking libboost-filesystem1.62.0:amd64 (1.62.0+dfsg-4+b1) ...
Selecting previously unselected package libboost-system1.62-dev:amd64.
Preparing to unpack .../101-libboost-system1.62-dev_1.62.0+dfsg-4+b1_amd64.deb ...
Unpacking libboost-system1.62-dev:amd64 (1.62.0+dfsg-4+b1) ...
Selecting previously unselected package libboost-filesystem1.62-dev:amd64.
Preparing to unpack .../102-libboost-filesystem1.62-dev_1.62.0+dfsg-4+b1_amd64.deb ...
Unpacking libboost-filesystem1.62-dev:amd64 (1.62.0+dfsg-4+b1) ...
Selecting previously unselected package libboost-filesystem-dev:amd64.
Preparing to unpack .../103-libboost-filesystem-dev_1.62.0.1_amd64.deb ...
Unpacking libboost-filesystem-dev:amd64 (1.62.0.1) ...
Selecting previously unselected package libboost-regex1.62.0:amd64.
Preparing to unpack .../104-libboost-regex1.62.0_1.62.0+dfsg-4+b1_amd64.deb ...
Unpacking libboost-regex1.62.0:amd64 (1.62.0+dfsg-4+b1) ...
Selecting previously unselected package libboost-graph1.62.0:amd64.
Preparing to unpack .../105-libboost-graph1.62.0_1.62.0+dfsg-4+b1_amd64.deb ...
Unpacking libboost-graph1.62.0:amd64 (1.62.0+dfsg-4+b1) ...
Selecting previously unselected package libboost-timer1.62.0:amd64.
Preparing to unpack .../106-libboost-timer1.62.0_1.62.0+dfsg-4+b1_amd64.deb ...
Unpacking libboost-timer1.62.0:amd64 (1.62.0+dfsg-4+b1) ...
Selecting previously unselected package libboost-test1.62.0:amd64.
Preparing to unpack .../107-libboost-test1.62.0_1.62.0+dfsg-4+b1_amd64.deb ...
Unpacking libboost-test1.62.0:amd64 (1.62.0+dfsg-4+b1) ...
Selecting previously unselected package libboost-test1.62-dev:amd64.
Preparing to unpack .../108-libboost-test1.62-dev_1.62.0+dfsg-4+b1_amd64.deb ...
Unpacking libboost-test1.62-dev:amd64 (1.62.0+dfsg-4+b1) ...
Selecting previously unselected package libboost-graph1.62-dev:amd64.
Preparing to unpack .../109-libboost-graph1.62-dev_1.62.0+dfsg-4+b1_amd64.deb ...
Unpacking libboost-graph1.62-dev:amd64 (1.62.0+dfsg-4+b1) ...
Selecting previously unselected package libboost-graph-dev:amd64.
Preparing to unpack .../110-libboost-graph-dev_1.62.0.1_amd64.deb ...
Unpacking libboost-graph-dev:amd64 (1.62.0.1) ...
Selecting previously unselected package libnl-3-200:amd64.
Preparing to unpack .../111-libnl-3-200_3.2.27-2_amd64.deb ...
Unpacking libnl-3-200:amd64 (3.2.27-2) ...
Selecting previously unselected package libnl-route-3-200:amd64.
Preparing to unpack .../112-libnl-route-3-200_3.2.27-2_amd64.deb ...
Unpacking libnl-route-3-200:amd64 (3.2.27-2) ...
Selecting previously unselected package libibverbs1.
Preparing to unpack .../113-libibverbs1_1.2.1-2_amd64.deb ...
Unpacking libibverbs1 (1.2.1-2) ...
Selecting previously unselected package libpsm-infinipath1.
Preparing to unpack .../114-libpsm-infinipath1_3.3+19.g67c0807.open-3_amd64.deb ...
Unpacking libpsm-infinipath1 (3.3+19.g67c0807.open-3) ...
Selecting previously unselected package librdmacm1.
Preparing to unpack .../115-librdmacm1_1.1.0-2_amd64.deb ...
Unpacking librdmacm1 (1.1.0-2) ...
Selecting previously unselected package libfabric1.
Preparing to unpack .../116-libfabric1_1.4.0-1_amd64.deb ...
Unpacking libfabric1 (1.4.0-1) ...
Selecting previously unselected package libgfortran3:amd64.
Preparing to unpack .../117-libgfortran3_6.4.0-1_amd64.deb ...
Unpacking libgfortran3:amd64 (6.4.0-1) ...
Selecting previously unselected package libnuma1:amd64.
Preparing to unpack .../118-libnuma1_2.0.11-2.1_amd64.deb ...
Unpacking libnuma1:amd64 (2.0.11-2.1) ...
Selecting previously unselected package libhwloc5:amd64.
Preparing to unpack .../119-libhwloc5_1.11.5-1_amd64.deb ...
Unpacking libhwloc5:amd64 (1.11.5-1) ...
Selecting previously unselected package libpciaccess0:amd64.
Preparing to unpack .../120-libpciaccess0_0.13.4-1+b2_amd64.deb ...
Unpacking libpciaccess0:amd64 (0.13.4-1+b2) ...
Selecting previously unselected package ocl-icd-libopencl1:amd64.
Preparing to unpack .../121-ocl-icd-libopencl1_2.2.11-1_amd64.deb ...
Unpacking ocl-icd-libopencl1:amd64 (2.2.11-1) ...
Selecting previously unselected package libhwloc-plugins.
Preparing to unpack .../122-libhwloc-plugins_1.11.5-1_amd64.deb ...
Unpacking libhwloc-plugins (1.11.5-1) ...
Selecting previously unselected package libopenmpi2:amd64.
Preparing to unpack .../123-libopenmpi2_2.1.1-6_amd64.deb ...
Unpacking libopenmpi2:amd64 (2.1.1-6) ...
Selecting previously unselected package libboost-mpi1.62.0.
Preparing to unpack .../124-libboost-mpi1.62.0_1.62.0+dfsg-4+b1_amd64.deb ...
Unpacking libboost-mpi1.62.0 (1.62.0+dfsg-4+b1) ...
Selecting previously unselected package libboost-graph-parallel1.62.0.
Preparing to unpack .../125-libboost-graph-parallel1.62.0_1.62.0+dfsg-4+b1_amd64.deb ...
Unpacking libboost-graph-parallel1.62.0 (1.62.0+dfsg-4+b1) ...
Selecting previously unselected package libboost-graph-parallel1.62-dev.
Preparing to unpack .../126-libboost-graph-parallel1.62-dev_1.62.0+dfsg-4+b1_amd64.deb ...
Unpacking libboost-graph-parallel1.62-dev (1.62.0+dfsg-4+b1) ...
Selecting previously unselected package libboost-graph-parallel-dev.
Preparing to unpack .../127-libboost-graph-parallel-dev_1.62.0.1_amd64.deb ...
Unpacking libboost-graph-parallel-dev (1.62.0.1) ...
Selecting previously unselected package libicu-dev.
Preparing to unpack .../128-libicu-dev_57.1-6_amd64.deb ...
Unpacking libicu-dev (57.1-6) ...
Selecting previously unselected package libboost-regex1.62-dev:amd64.
Preparing to unpack .../129-libboost-regex1.62-dev_1.62.0+dfsg-4+b1_amd64.deb ...
Unpacking libboost-regex1.62-dev:amd64 (1.62.0+dfsg-4+b1) ...
Selecting previously unselected package libboost-iostreams1.62.0:amd64.
Preparing to unpack .../130-libboost-iostreams1.62.0_1.62.0+dfsg-4+b1_amd64.deb ...
Unpacking libboost-iostreams1.62.0:amd64 (1.62.0+dfsg-4+b1) ...
Selecting previously unselected package libboost-iostreams1.62-dev:amd64.
Preparing to unpack .../131-libboost-iostreams1.62-dev_1.62.0+dfsg-4+b1_amd64.deb ...
Unpacking libboost-iostreams1.62-dev:amd64 (1.62.0+dfsg-4+b1) ...
Selecting previously unselected package libboost-iostreams-dev:amd64.
Preparing to unpack .../132-libboost-iostreams-dev_1.62.0.1_amd64.deb ...
Unpacking libboost-iostreams-dev:amd64 (1.62.0.1) ...
Selecting previously unselected package libboost-locale1.62.0:amd64.
Preparing to unpack .../133-libboost-locale1.62.0_1.62.0+dfsg-4+b1_amd64.deb ...
Unpacking libboost-locale1.62.0:amd64 (1.62.0+dfsg-4+b1) ...
Selecting previously unselected package libboost-locale1.62-dev:amd64.
Preparing to unpack .../134-libboost-locale1.62-dev_1.62.0+dfsg-4+b1_amd64.deb ...
Unpacking libboost-locale1.62-dev:amd64 (1.62.0+dfsg-4+b1) ...
Selecting previously unselected package libboost-locale-dev:amd64.
Preparing to unpack .../135-libboost-locale-dev_1.62.0.1_amd64.deb ...
Unpacking libboost-locale-dev:amd64 (1.62.0.1) ...
Selecting previously unselected package libboost-log1.62.0.
Preparing to unpack .../136-libboost-log1.62.0_1.62.0+dfsg-4+b1_amd64.deb ...
Unpacking libboost-log1.62.0 (1.62.0+dfsg-4+b1) ...
Selecting previously unselected package libboost-thread1.62-dev:amd64.
Preparing to unpack .../137-libboost-thread1.62-dev_1.62.0+dfsg-4+b1_amd64.deb ...
Unpacking libboost-thread1.62-dev:amd64 (1.62.0+dfsg-4+b1) ...
Selecting previously unselected package libboost-log1.62-dev.
Preparing to unpack .../138-libboost-log1.62-dev_1.62.0+dfsg-4+b1_amd64.deb ...
Unpacking libboost-log1.62-dev (1.62.0+dfsg-4+b1) ...
Selecting previously unselected package libboost-log-dev.
Preparing to unpack .../139-libboost-log-dev_1.62.0.1_amd64.deb ...
Unpacking libboost-log-dev (1.62.0.1) ...
Selecting previously unselected package libboost-math1.62.0:amd64.
Preparing to unpack .../140-libboost-math1.62.0_1.62.0+dfsg-4+b1_amd64.deb ...
Unpacking libboost-math1.62.0:amd64 (1.62.0+dfsg-4+b1) ...
Selecting previously unselected package libboost-math1.62-dev:amd64.
Preparing to unpack .../141-libboost-math1.62-dev_1.62.0+dfsg-4+b1_amd64.deb ...
Unpacking libboost-math1.62-dev:amd64 (1.62.0+dfsg-4+b1) ...
Selecting previously unselected package libboost-math-dev:amd64.
Preparing to unpack .../142-libboost-math-dev_1.62.0.1_amd64.deb ...
Unpacking libboost-math-dev:amd64 (1.62.0.1) ...
Selecting previously unselected package openmpi-common.
Preparing to unpack .../143-openmpi-common_2.1.1-6_all.deb ...
Unpacking openmpi-common (2.1.1-6) ...
Selecting previously unselected package libibverbs-dev.
Preparing to unpack .../144-libibverbs-dev_1.2.1-2_amd64.deb ...
Unpacking libibverbs-dev (1.2.1-2) ...
Selecting previously unselected package libnuma-dev:amd64.
Preparing to unpack .../145-libnuma-dev_2.0.11-2.1_amd64.deb ...
Unpacking libnuma-dev:amd64 (2.0.11-2.1) ...
Selecting previously unselected package libltdl-dev:amd64.
Preparing to unpack .../146-libltdl-dev_2.4.6-2_amd64.deb ...
Unpacking libltdl-dev:amd64 (2.4.6-2) ...
Selecting previously unselected package libhwloc-dev:amd64.
Preparing to unpack .../147-libhwloc-dev_1.11.5-1_amd64.deb ...
Unpacking libhwloc-dev:amd64 (1.11.5-1) ...
Selecting previously unselected package libopenmpi-dev.
Preparing to unpack .../148-libopenmpi-dev_2.1.1-6_amd64.deb ...
Unpacking libopenmpi-dev (2.1.1-6) ...
Selecting previously unselected package mpi-default-dev.
Preparing to unpack .../149-mpi-default-dev_1.8_amd64.deb ...
Unpacking mpi-default-dev (1.8) ...
Selecting previously unselected package libboost-mpi1.62-dev.
Preparing to unpack .../150-libboost-mpi1.62-dev_1.62.0+dfsg-4+b1_amd64.deb ...
Unpacking libboost-mpi1.62-dev (1.62.0+dfsg-4+b1) ...
Selecting previously unselected package libboost-mpi-dev.
Preparing to unpack .../151-libboost-mpi-dev_1.62.0.1_amd64.deb ...
Unpacking libboost-mpi-dev (1.62.0.1) ...
Selecting previously unselected package libboost-python1.62.0.
Preparing to unpack .../152-libboost-python1.62.0_1.62.0+dfsg-4+b1_amd64.deb ...
Unpacking libboost-python1.62.0 (1.62.0+dfsg-4+b1) ...
Selecting previously unselected package openmpi-bin.
Preparing to unpack .../153-openmpi-bin_2.1.1-6_amd64.deb ...
Unpacking openmpi-bin (2.1.1-6) ...
Selecting previously unselected package mpi-default-bin.
Preparing to unpack .../154-mpi-default-bin_1.8_amd64.deb ...
Unpacking mpi-default-bin (1.8) ...
Selecting previously unselected package libboost-mpi-python1.62.0.
Preparing to unpack .../155-libboost-mpi-python1.62.0_1.62.0+dfsg-4+b1_amd64.deb ...
Unpacking libboost-mpi-python1.62.0 (1.62.0+dfsg-4+b1) ...
Selecting previously unselected package libboost-mpi-python1.62-dev.
Preparing to unpack .../156-libboost-mpi-python1.62-dev_1.62.0+dfsg-4+b1_amd64.deb ...
Unpacking libboost-mpi-python1.62-dev (1.62.0+dfsg-4+b1) ...
Selecting previously unselected package libboost-mpi-python-dev.
Preparing to unpack .../157-libboost-mpi-python-dev_1.62.0.1_amd64.deb ...
Unpacking libboost-mpi-python-dev (1.62.0.1) ...
Selecting previously unselected package libboost-program-options1.62.0:amd64.
Preparing to unpack .../158-libboost-program-options1.62.0_1.62.0+dfsg-4+b1_amd64.deb ...
Unpacking libboost-program-options1.62.0:amd64 (1.62.0+dfsg-4+b1) ...
Selecting previously unselected package libboost-program-options1.62-dev:amd64.
Preparing to unpack .../159-libboost-program-options1.62-dev_1.62.0+dfsg-4+b1_amd64.deb ...
Unpacking libboost-program-options1.62-dev:amd64 (1.62.0+dfsg-4+b1) ...
Selecting previously unselected package libboost-program-options-dev:amd64.
Preparing to unpack .../160-libboost-program-options-dev_1.62.0.1_amd64.deb ...
Unpacking libboost-program-options-dev:amd64 (1.62.0.1) ...
Selecting previously unselected package libpython2.7:amd64.
Preparing to unpack .../161-libpython2.7_2.7.13-2_amd64.deb ...
Unpacking libpython2.7:amd64 (2.7.13-2) ...
Selecting previously unselected package libexpat1-dev:amd64.
Preparing to unpack .../162-libexpat1-dev_2.2.1-3_amd64.deb ...
Unpacking libexpat1-dev:amd64 (2.2.1-3) ...
Selecting previously unselected package libpython2.7-dev:amd64.
Preparing to unpack .../163-libpython2.7-dev_2.7.13-2_amd64.deb ...
Unpacking libpython2.7-dev:amd64 (2.7.13-2) ...
Selecting previously unselected package libpython-dev:amd64.
Preparing to unpack .../164-libpython-dev_2.7.13-2_amd64.deb ...
Unpacking libpython-dev:amd64 (2.7.13-2) ...
Selecting previously unselected package python2.7-dev.
Preparing to unpack .../165-python2.7-dev_2.7.13-2_amd64.deb ...
Unpacking python2.7-dev (2.7.13-2) ...
Selecting previously unselected package python-dev.
Preparing to unpack .../166-python-dev_2.7.13-2_amd64.deb ...
Unpacking python-dev (2.7.13-2) ...
Selecting previously unselected package libpython3.5:amd64.
Preparing to unpack .../167-libpython3.5_3.5.3-3_amd64.deb ...
Unpacking libpython3.5:amd64 (3.5.3-3) ...
Selecting previously unselected package libpython3.5-dev:amd64.
Preparing to unpack .../168-libpython3.5-dev_3.5.3-3_amd64.deb ...
Unpacking libpython3.5-dev:amd64 (3.5.3-3) ...
Selecting previously unselected package libpython3-dev:amd64.
Preparing to unpack .../169-libpython3-dev_3.5.3-3_amd64.deb ...
Unpacking libpython3-dev:amd64 (3.5.3-3) ...
Selecting previously unselected package python3.5-dev.
Preparing to unpack .../170-python3.5-dev_3.5.3-3_amd64.deb ...
Unpacking python3.5-dev (3.5.3-3) ...
Selecting previously unselected package python3-dev.
Preparing to unpack .../171-python3-dev_3.5.3-3_amd64.deb ...
Unpacking python3-dev (3.5.3-3) ...
Selecting previously unselected package libboost-python1.62-dev.
Preparing to unpack .../172-libboost-python1.62-dev_1.62.0+dfsg-4+b1_amd64.deb ...
Unpacking libboost-python1.62-dev (1.62.0+dfsg-4+b1) ...
Selecting previously unselected package libboost-python-dev.
Preparing to unpack .../173-libboost-python-dev_1.62.0.1_amd64.deb ...
Unpacking libboost-python-dev (1.62.0.1) ...
Selecting previously unselected package libboost-random1.62.0:amd64.
Preparing to unpack .../174-libboost-random1.62.0_1.62.0+dfsg-4+b1_amd64.deb ...
Unpacking libboost-random1.62.0:amd64 (1.62.0+dfsg-4+b1) ...
Selecting previously unselected package libboost-random1.62-dev:amd64.
Preparing to unpack .../175-libboost-random1.62-dev_1.62.0+dfsg-4+b1_amd64.deb ...
Unpacking libboost-random1.62-dev:amd64 (1.62.0+dfsg-4+b1) ...
Selecting previously unselected package libboost-random-dev:amd64.
Preparing to unpack .../176-libboost-random-dev_1.62.0.1_amd64.deb ...
Unpacking libboost-random-dev:amd64 (1.62.0.1) ...
Selecting previously unselected package libboost-regex-dev:amd64.
Preparing to unpack .../177-libboost-regex-dev_1.62.0.1_amd64.deb ...
Unpacking libboost-regex-dev:amd64 (1.62.0.1) ...
Selecting previously unselected package libboost-serialization-dev:amd64.
Preparing to unpack .../178-libboost-serialization-dev_1.62.0.1_amd64.deb ...
Unpacking libboost-serialization-dev:amd64 (1.62.0.1) ...
Selecting previously unselected package libboost-signals1.62.0:amd64.
Preparing to unpack .../179-libboost-signals1.62.0_1.62.0+dfsg-4+b1_amd64.deb ...
Unpacking libboost-signals1.62.0:amd64 (1.62.0+dfsg-4+b1) ...
Selecting previously unselected package libboost-signals1.62-dev:amd64.
Preparing to unpack .../180-libboost-signals1.62-dev_1.62.0+dfsg-4+b1_amd64.deb ...
Unpacking libboost-signals1.62-dev:amd64 (1.62.0+dfsg-4+b1) ...
Selecting previously unselected package libboost-signals-dev:amd64.
Preparing to unpack .../181-libboost-signals-dev_1.62.0.1_amd64.deb ...
Unpacking libboost-signals-dev:amd64 (1.62.0.1) ...
Selecting previously unselected package libboost-system-dev:amd64.
Preparing to unpack .../182-libboost-system-dev_1.62.0.1_amd64.deb ...
Unpacking libboost-system-dev:amd64 (1.62.0.1) ...
Selecting previously unselected package libboost-test-dev:amd64.
Preparing to unpack .../183-libboost-test-dev_1.62.0.1_amd64.deb ...
Unpacking libboost-test-dev:amd64 (1.62.0.1) ...
Selecting previously unselected package libboost-thread-dev:amd64.
Preparing to unpack .../184-libboost-thread-dev_1.62.0.1_amd64.deb ...
Unpacking libboost-thread-dev:amd64 (1.62.0.1) ...
Selecting previously unselected package libboost-timer1.62-dev:amd64.
Preparing to unpack .../185-libboost-timer1.62-dev_1.62.0+dfsg-4+b1_amd64.deb ...
Unpacking libboost-timer1.62-dev:amd64 (1.62.0+dfsg-4+b1) ...
Selecting previously unselected package libboost-timer-dev:amd64.
Preparing to unpack .../186-libboost-timer-dev_1.62.0.1_amd64.deb ...
Unpacking libboost-timer-dev:amd64 (1.62.0.1) ...
Selecting previously unselected package libboost-type-erasure1.62.0:amd64.
Preparing to unpack .../187-libboost-type-erasure1.62.0_1.62.0+dfsg-4+b1_amd64.deb ...
Unpacking libboost-type-erasure1.62.0:amd64 (1.62.0+dfsg-4+b1) ...
Selecting previously unselected package libboost-type-erasure1.62-dev:amd64.
Preparing to unpack .../188-libboost-type-erasure1.62-dev_1.62.0+dfsg-4+b1_amd64.deb ...
Unpacking libboost-type-erasure1.62-dev:amd64 (1.62.0+dfsg-4+b1) ...
Selecting previously unselected package libboost-type-erasure-dev:amd64.
Preparing to unpack .../189-libboost-type-erasure-dev_1.62.0.1_amd64.deb ...
Unpacking libboost-type-erasure-dev:amd64 (1.62.0.1) ...
Selecting previously unselected package libboost-wave1.62.0:amd64.
Preparing to unpack .../190-libboost-wave1.62.0_1.62.0+dfsg-4+b1_amd64.deb ...
Unpacking libboost-wave1.62.0:amd64 (1.62.0+dfsg-4+b1) ...
Selecting previously unselected package libboost-wave1.62-dev:amd64.
Preparing to unpack .../191-libboost-wave1.62-dev_1.62.0+dfsg-4+b1_amd64.deb ...
Unpacking libboost-wave1.62-dev:amd64 (1.62.0+dfsg-4+b1) ...
Selecting previously unselected package libboost-wave-dev:amd64.
Preparing to unpack .../192-libboost-wave-dev_1.62.0.1_amd64.deb ...
Unpacking libboost-wave-dev:amd64 (1.62.0.1) ...
Selecting previously unselected package libboost-all-dev.
Preparing to unpack .../193-libboost-all-dev_1.62.0.1_amd64.deb ...
Unpacking libboost-all-dev (1.62.0.1) ...
Selecting previously unselected package libcap-dev:amd64.
Preparing to unpack .../194-libcap-dev_1%3a2.25-1_amd64.deb ...
Unpacking libcap-dev:amd64 (1:2.25-1) ...
Selecting previously unselected package libccgnu2-1.8-0v5:amd64.
Preparing to unpack .../195-libccgnu2-1.8-0v5_1.8.1-6.1_amd64.deb ...
Unpacking libccgnu2-1.8-0v5:amd64 (1.8.1-6.1) ...
Selecting previously unselected package libgnutlsxx28:amd64.
Preparing to unpack .../196-libgnutlsxx28_3.5.13-2_amd64.deb ...
Unpacking libgnutlsxx28:amd64 (3.5.13-2) ...
Selecting previously unselected package libunbound2:amd64.
Preparing to unpack .../197-libunbound2_1.6.4-1_amd64.deb ...
Unpacking libunbound2:amd64 (1.6.4-1) ...
Selecting previously unselected package libgnutls-dane0:amd64.
Preparing to unpack .../198-libgnutls-dane0_3.5.13-2_amd64.deb ...
Unpacking libgnutls-dane0:amd64 (3.5.13-2) ...
Selecting previously unselected package libgmpxx4ldbl:amd64.
Preparing to unpack .../199-libgmpxx4ldbl_2%3a6.1.2+dfsg-1_amd64.deb ...
Unpacking libgmpxx4ldbl:amd64 (2:6.1.2+dfsg-1) ...
Selecting previously unselected package libgmp-dev:amd64.
Preparing to unpack .../200-libgmp-dev_2%3a6.1.2+dfsg-1_amd64.deb ...
Unpacking libgmp-dev:amd64 (2:6.1.2+dfsg-1) ...
Selecting previously unselected package nettle-dev.
Preparing to unpack .../201-nettle-dev_3.3-1+b1_amd64.deb ...
Unpacking nettle-dev (3.3-1+b1) ...
Selecting previously unselected package zlib1g-dev:amd64.
Preparing to unpack .../202-zlib1g-dev_1%3a1.2.8.dfsg-5_amd64.deb ...
Unpacking zlib1g-dev:amd64 (1:1.2.8.dfsg-5) ...
Selecting previously unselected package libtasn1-6-dev:amd64.
Preparing to unpack .../203-libtasn1-6-dev_4.12-2_amd64.deb ...
Unpacking libtasn1-6-dev:amd64 (4.12-2) ...
Selecting previously unselected package libp11-kit-dev:amd64.
Preparing to unpack .../204-libp11-kit-dev_0.23.7-2_amd64.deb ...
Unpacking libp11-kit-dev:amd64 (0.23.7-2) ...
Selecting previously unselected package libidn2-0-dev.
Preparing to unpack .../205-libidn2-0-dev_0.16-1+b1_amd64.deb ...
Unpacking libidn2-0-dev (0.16-1+b1) ...
Selecting previously unselected package libgnutls28-dev:amd64.
Preparing to unpack .../206-libgnutls28-dev_3.5.13-2_amd64.deb ...
Unpacking libgnutls28-dev:amd64 (3.5.13-2) ...
Selecting previously unselected package libgpg-error-dev.
Preparing to unpack .../207-libgpg-error-dev_1.27-3_amd64.deb ...
Unpacking libgpg-error-dev (1.27-3) ...
Selecting previously unselected package libgcrypt20-dev.
Preparing to unpack .../208-libgcrypt20-dev_1.7.8-1_amd64.deb ...
Unpacking libgcrypt20-dev (1.7.8-1) ...
Selecting previously unselected package libgcrypt11-dev.
Preparing to unpack .../209-libgcrypt11-dev_1.5.4-3+really1.7.8-1_amd64.deb ...
Unpacking libgcrypt11-dev (1.5.4-3+really1.7.8-1) ...
Selecting previously unselected package pkg-config.
Preparing to unpack .../210-pkg-config_0.29-4+b1_amd64.deb ...
Unpacking pkg-config (0.29-4+b1) ...
Selecting previously unselected package libcommoncpp2-dev.
Preparing to unpack .../211-libcommoncpp2-dev_1.8.1-6.1_amd64.deb ...
Unpacking libcommoncpp2-dev (1.8.1-6.1) ...
Selecting previously unselected package libidn11-dev.
Preparing to unpack .../212-libidn11-dev_1.33-1_amd64.deb ...
Unpacking libidn11-dev (1.33-1) ...
Selecting previously unselected package libtinfo-dev:amd64.
Preparing to unpack .../213-libtinfo-dev_6.0+20161126-1_amd64.deb ...
Unpacking libtinfo-dev:amd64 (6.0+20161126-1) ...
Selecting previously unselected package libncurses5-dev:amd64.
Preparing to unpack .../214-libncurses5-dev_6.0+20161126-1_amd64.deb ...
Unpacking libncurses5-dev:amd64 (6.0+20161126-1) ...
Selecting previously unselected package libreadline-dev:amd64.
Preparing to unpack .../215-libreadline-dev_7.0-3_amd64.deb ...
Unpacking libreadline-dev:amd64 (7.0-3) ...
Selecting previously unselected package libreadline5:amd64.
Preparing to unpack .../216-libreadline5_5.2+dfsg-3+b1_amd64.deb ...
Unpacking libreadline5:amd64 (5.2+dfsg-3+b1) ...
Selecting previously unselected package librecode0:amd64.
Preparing to unpack .../217-librecode0_3.6-23_amd64.deb ...
Unpacking librecode0:amd64 (3.6-23) ...
Selecting previously unselected package librecode-dev:amd64.
Preparing to unpack .../218-librecode-dev_3.6-23_amd64.deb ...
Unpacking librecode-dev:amd64 (3.6-23) ...
Selecting previously unselected package uuid-dev:amd64.
Preparing to unpack .../219-uuid-dev_2.29.2-1_amd64.deb ...
Unpacking uuid-dev:amd64 (2.29.2-1) ...
Selecting previously unselected package xfsprogs.
Preparing to unpack .../220-xfsprogs_4.9.0+nmu1_amd64.deb ...
Unpacking xfsprogs (4.9.0+nmu1) ...
Selecting previously unselected package xfslibs-dev.
Preparing to unpack .../221-xfslibs-dev_4.9.0+nmu1_amd64.deb ...
Unpacking xfslibs-dev (4.9.0+nmu1) ...
Selecting previously unselected package sbuild-build-depends-ui-utilcpp-dummy.
Preparing to unpack .../222-sbuild-build-depends-ui-utilcpp-dummy_0.invalid.0_amd64.deb ...
Unpacking sbuild-build-depends-ui-utilcpp-dummy (0.invalid.0) ...
Setting up libboost-serialization1.62.0:amd64 (1.62.0+dfsg-4+b1) ...
Setting up readline-common (7.0-3) ...
Setting up libxapian30:amd64 (1.4.4-2) ...
Setting up libpathplan4 (2.38.0-17) ...
Setting up libunbound2:amd64 (1.6.4-1) ...
Setting up libxdot4 (2.38.0-17) ...
Setting up libboost-date-time1.62.0:amd64 (1.62.0+dfsg-4+b1) ...
Setting up libjpeg62-turbo:amd64 (1:1.5.1-2) ...
Setting up libarchive-zip-perl (1.59-1) ...
Setting up mime-support (3.60) ...
Setting up libboost1.62-dev:amd64 (1.62.0+dfsg-4+b1) ...
Setting up libpng16-16:amd64 (1.6.29-3) ...
Setting up libtimedate-perl (2.3000-2) ...
Setting up libjbig0:amd64 (2.1-3.1+b2) ...
Setting up libsigsegv2:amd64 (2.11-1) ...
Setting up fonts-dejavu-core (2.37-1) ...
Setting up libboost-program-options1.62.0:amd64 (1.62.0+dfsg-4+b1) ...
Setting up libreadline7:amd64 (7.0-3) ...
Setting up libnuma1:amd64 (2.0.11-2.1) ...
Setting up libgfortran3:amd64 (6.4.0-1) ...
Setting up groff-base (1.22.3-9) ...
Setting up libglib2.0-0:amd64 (2.52.3-1) ...
No schema files found: doing nothing.
Setting up libcap2:amd64 (1:2.25-1) ...
Setting up libgpg-error-dev (1.27-3) ...
Setting up libboost-program-options1.62-dev:amd64 (1.62.0+dfsg-4+b1) ...
Setting up doxygen (1.8.13-7) ...
Setting up uuid-dev:amd64 (2.29.2-1) ...
Setting up libtinfo-dev:amd64 (6.0+20161126-1) ...
Setting up libp11-kit-dev:amd64 (0.23.7-2) ...
Setting up libtasn1-6-dev:amd64 (4.12-2) ...
Setting up libdatrie1:amd64 (0.2.10-4+b1) ...
Setting up libtiff5:amd64 (4.0.8-3) ...
Setting up gettext-base (0.19.8.1-2+b1) ...
Setting up libpipeline1:amd64 (1.4.1-2) ...
Setting up m4 (1.4.18-1) ...
Setting up libicu57:amd64 (57.1-6) ...
Setting up ucf (3.0036) ...
Setting up libboost-serialization1.62-dev:amd64 (1.62.0+dfsg-4+b1) ...
Setting up libxml2:amd64 (2.9.4+dfsg1-3) ...
Setting up libboost-exception1.62-dev:amd64 (1.62.0+dfsg-4+b1) ...
Setting up libfreetype6:amd64 (2.8-0.2) ...
Setting up libmagic-mgc (1:5.30-1) ...
Setting up libmagic1:amd64 (1:5.30-1) ...
Setting up lsb-base (9.20161125) ...
Setting up libgraphite2-3:amd64 (1.3.10-2) ...
Setting up libcroco3:amd64 (0.6.12-1) ...
Setting up libboost-iostreams1.62.0:amd64 (1.62.0+dfsg-4+b1) ...
Setting up libpsm-infinipath1 (3.3+19.g67c0807.open-3) ...
Setting up libncurses5-dev:amd64 (6.0+20161126-1) ...
Setting up pkg-config (0.29-4+b1) ...
Setting up libpixman-1-0:amd64 (0.34.0-1) ...
Setting up libgnutlsxx28:amd64 (3.5.13-2) ...
Setting up libboost-exception-dev:amd64 (1.62.0.1) ...
Setting up openmpi-common (2.1.1-6) ...
Processing triggers for libc-bin (2.24-12) ...
Setting up libgcrypt20-dev (1.7.8-1) ...
Setting up libccgnu2-1.8-0v5:amd64 (1.8.1-6.1) ...
Setting up autotools-dev (20161112.1) ...
Setting up libgnutls-dane0:amd64 (3.5.13-2) ...
Setting up librecode0:amd64 (3.6-23) ...
Setting up libgnutls-openssl27:amd64 (3.5.13-2) ...
Setting up libltdl7:amd64 (2.4.6-2) ...
Setting up libreadline-dev:amd64 (7.0-3) ...
Setting up libsqlite3-0:amd64 (3.16.2-5) ...
Setting up libcap-dev:amd64 (1:2.25-1) ...
Setting up libboost-atomic1.62.0:amd64 (1.62.0+dfsg-4+b1) ...
Setting up libann0 (1.1.2+doc-6) ...
Setting up libboost-math1.62.0:amd64 (1.62.0+dfsg-4+b1) ...
Setting up libexpat1-dev:amd64 (2.2.1-3) ...
Setting up libpciaccess0:amd64 (0.13.4-1+b2) ...
Setting up libboost-python1.62.0 (1.62.0+dfsg-4+b1) ...
Setting up icu-devtools (57.1-6) ...
Setting up libboost-dev:amd64 (1.62.0.1) ...
Setting up libthai-data (0.1.26-1) ...
Setting up libxdmcp6:amd64 (1:1.1.2-3) ...
Setting up libnuma-dev:amd64 (2.0.11-2.1) ...
Setting up ocl-icd-libopencl1:amd64 (2.2.11-1) ...
Setting up libreadline5:amd64 (5.2+dfsg-3+b1) ...
Setting up bsdmainutils (9.0.12+nmu1) ...
update-alternatives: using /usr/bin/bsd-write to provide /usr/bin/write (write) in auto mode
update-alternatives: using /usr/bin/bsd-from to provide /usr/bin/from (from) in auto mode
Setting up libgmpxx4ldbl:amd64 (2:6.1.2+dfsg-1) ...
Setting up libnl-3-200:amd64 (3.2.27-2) ...
Setting up libboost-signals1.62.0:amd64 (1.62.0+dfsg-4+b1) ...
Setting up x11-common (1:7.7+19) ...
update-rc.d: warning: start and stop actions are no longer supported; falling back to defaults
invoke-rc.d: could not determine current runlevel
All runlevel operations denied by policy
invoke-rc.d: policy-rc.d denied execution of start.
Setting up libboost-context1.62.0:amd64 (1.62.0+dfsg-4+b1) ...
Setting up libidn2-0-dev (0.16-1+b1) ...
Setting up libcdt5 (2.38.0-17) ...
Setting up libx11-data (2:1.6.4-3) ...
Setting up libpython2.7-stdlib:amd64 (2.7.13-2) ...
Setting up libxau6:amd64 (1:1.0.8-1) ...
Setting up autopoint (0.19.8.1-2) ...
Setting up libidn11:amd64 (1.33-1) ...
Setting up libmpdec2:amd64 (2.4.2-1) ...
Setting up libboost-system1.62.0:amd64 (1.62.0+dfsg-4+b1) ...
Setting up libboost-program-options-dev:amd64 (1.62.0.1) ...
Setting up libcgraph6 (2.38.0-17) ...
Setting up libidn11-dev (1.33-1) ...
Setting up libwebp6:amd64 (0.5.2-1) ...
Setting up zlib1g-dev:amd64 (1:1.2.8.dfsg-5) ...
Setting up libfile-stripnondeterminism-perl (0.035-2) ...
Setting up libboost-atomic1.62-dev:amd64 (1.62.0+dfsg-4+b1) ...
Setting up libgmp-dev:amd64 (2:6.1.2+dfsg-1) ...
Setting up libboost-serialization-dev:amd64 (1.62.0.1) ...
Setting up libgts-0.7-5:amd64 (0.7.6+darcs121130-4) ...
Setting up libboost-date-time1.62-dev:amd64 (1.62.0+dfsg-4+b1) ...
Setting up libboost-context1.62-dev:amd64 (1.62.0+dfsg-4+b1) ...
Setting up fontconfig-config (2.12.3-0.1) ...
Setting up librecode-dev:amd64 (3.6-23) ...
Setting up xfsprogs (4.9.0+nmu1) ...
Setting up libboost1.62-tools-dev (1.62.0+dfsg-4+b1) ...
Setting up libltdl-dev:amd64 (2.4.6-2) ...
Setting up libboost-atomic-dev:amd64 (1.62.0.1) ...
Setting up gettext (0.19.8.1-2+b1) ...
Setting up libgvpr2 (2.38.0-17) ...
Setting up libgcrypt11-dev (1.5.4-3+really1.7.8-1) ...
Setting up libboost-thread1.62.0:amd64 (1.62.0+dfsg-4+b1) ...
Setting up libboost-random1.62.0:amd64 (1.62.0+dfsg-4+b1) ...
Setting up libpython3.5-stdlib:amd64 (3.5.3-3) ...
Setting up libboost-regex1.62.0:amd64 (1.62.0+dfsg-4+b1) ...
Setting up python2.7 (2.7.13-2) ...
Setting up libboost-fiber1.62.0:amd64 (1.62.0+dfsg-4+b1) ...
Setting up libharfbuzz0b:amd64 (1.4.2-1) ...
Setting up libnl-route-3-200:amd64 (3.2.27-2) ...
Setting up libboost-fiber1.62-dev:amd64 (1.62.0+dfsg-4+b1) ...
Setting up autoconf (2.69-10) ...
Setting up libthai0:amd64 (0.1.26-1) ...
Setting up libboost-fiber-dev:amd64 (1.62.0.1) ...
Setting up libicu-dev (57.1-6) ...
Setting up libboost-date-time-dev:amd64 (1.62.0.1) ...
Setting up xfslibs-dev (4.9.0+nmu1) ...
Setting up file (1:5.30-1) ...
Setting up libhwloc5:amd64 (1.11.5-1) ...
Setting up libpython-stdlib:amd64 (2.7.13-2) ...
Setting up libhwloc-plugins (1.11.5-1) ...
Setting up intltool-debian (0.35.0+20060710.4) ...
Setting up libboost-system1.62-dev:amd64 (1.62.0+dfsg-4+b1) ...
Setting up libboost-math1.62-dev:amd64 (1.62.0+dfsg-4+b1) ...
Setting up libboost-filesystem1.62.0:amd64 (1.62.0+dfsg-4+b1) ...
Setting up libpython2.7:amd64 (2.7.13-2) ...
Setting up automake (1:1.15.1-2) ...
update-alternatives: using /usr/bin/automake-1.15 to provide /usr/bin/automake (automake) in auto mode
Setting up libice6:amd64 (2:1.0.9-2) ...
Setting up libboost-signals1.62-dev:amd64 (1.62.0+dfsg-4+b1) ...
Setting up man-db (2.7.6.1-2) ...
Not building database; man-db/auto-update is not 'true'.
Setting up libboost-context-dev:amd64 (1.62.0.1) ...
Setting up nettle-dev (3.3-1+b1) ...
Setting up libpython2.7-dev:amd64 (2.7.13-2) ...
Setting up libboost-math-dev:amd64 (1.62.0.1) ...
Setting up python2.7-dev (2.7.13-2) ...
Setting up libxcb1:amd64 (1.12-1) ...
Setting up python (2.7.13-2) ...
Setting up libboost-chrono1.62.0:amd64 (1.62.0+dfsg-4+b1) ...
Setting up libboost-random1.62-dev:amd64 (1.62.0+dfsg-4+b1) ...
Setting up libboost-signals-dev:amd64 (1.62.0.1) ...
Setting up libtool (2.4.6-2) ...
Setting up python3.5 (3.5.3-3) ...
Setting up libpython3-stdlib:amd64 (3.5.3-3) ...
Setting up libibverbs1 (1.2.1-2) ...
Setting up libpython-dev:amd64 (2.7.13-2) ...
Setting up libboost-tools-dev (1.62.0.1) ...
Setting up libfontconfig1:amd64 (2.12.3-0.1) ...
Setting up libsm6:amd64 (2:1.2.2-1+b3) ...
Setting up libboost-wave1.62.0:amd64 (1.62.0+dfsg-4+b1) ...
Setting up libxcb-render0:amd64 (1.12-1) ...
Setting up libboost-filesystem1.62-dev:amd64 (1.62.0+dfsg-4+b1) ...
Setting up libboost-timer1.62.0:amd64 (1.62.0+dfsg-4+b1) ...
Setting up po-debconf (1.0.20) ...
Setting up libhwloc-dev:amd64 (1.11.5-1) ...
Setting up libboost-coroutine1.62.0:amd64 (1.62.0+dfsg-4+b1) ...
Setting up libboost-regex1.62-dev:amd64 (1.62.0+dfsg-4+b1) ...
Setting up libboost-graph1.62.0:amd64 (1.62.0+dfsg-4+b1) ...
Setting up libpython3.5:amd64 (3.5.3-3) ...
Setting up python-dev (2.7.13-2) ...
Setting up libboost-system-dev:amd64 (1.62.0.1) ...
Setting up libboost-log1.62.0 (1.62.0+dfsg-4+b1) ...
Setting up libboost-iostreams1.62-dev:amd64 (1.62.0+dfsg-4+b1) ...
Setting up libx11-6:amd64 (2:1.6.4-3) ...
Setting up librdmacm1 (1.1.0-2) ...
Setting up libgnutls28-dev:amd64 (3.5.13-2) ...
Setting up libboost-filesystem-dev:amd64 (1.62.0.1) ...
Setting up libboost-chrono1.62-dev:amd64 (1.62.0+dfsg-4+b1) ...
Setting up libpython3.5-dev:amd64 (3.5.3-3) ...
Setting up libboost-timer1.62-dev:amd64 (1.62.0+dfsg-4+b1) ...
Setting up libboost-type-erasure1.62.0:amd64 (1.62.0+dfsg-4+b1) ...
Setting up libboost-locale1.62.0:amd64 (1.62.0+dfsg-4+b1) ...
Setting up libboost-random-dev:amd64 (1.62.0.1) ...
Setting up libboost-iostreams-dev:amd64 (1.62.0.1) ...
Setting up libboost-locale1.62-dev:amd64 (1.62.0+dfsg-4+b1) ...
Setting up libboost-test1.62.0:amd64 (1.62.0+dfsg-4+b1) ...
Setting up libboost-thread1.62-dev:amd64 (1.62.0+dfsg-4+b1) ...
Setting up libboost-wave1.62-dev:amd64 (1.62.0+dfsg-4+b1) ...
Setting up libxcb-shm0:amd64 (1.12-1) ...
Setting up libxpm4:amd64 (1:3.5.12-1) ...
Setting up libxt6:amd64 (1:1.1.5-1) ...
Setting up libxrender1:amd64 (1:0.9.10-1) ...
Setting up libboost-coroutine1.62-dev:amd64 (1.62.0+dfsg-4+b1) ...
Setting up libboost-regex-dev:amd64 (1.62.0.1) ...
Setting up libboost-coroutine-dev:amd64 (1.62.0.1) ...
Setting up python3.5-dev (3.5.3-3) ...
Setting up libibverbs-dev (1.2.1-2) ...
Setting up fontconfig (2.12.3-0.1) ...
Regenerating fonts cache... done.
Setting up libpython3-dev:amd64 (3.5.3-3) ...
Setting up libboost-log1.62-dev (1.62.0+dfsg-4+b1) ...
Setting up libboost-locale-dev:amd64 (1.62.0.1) ...
Setting up libboost-thread-dev:amd64 (1.62.0.1) ...
Setting up libxext6:amd64 (2:1.3.3-1+b2) ...
Setting up libfabric1 (1.4.0-1) ...
Setting up libboost-chrono-dev:amd64 (1.62.0.1) ...
Setting up libcommoncpp2-dev (1.8.1-6.1) ...
Setting up libboost-type-erasure1.62-dev:amd64 (1.62.0+dfsg-4+b1) ...
Setting up libboost-type-erasure-dev:amd64 (1.62.0.1) ...
Setting up libgd3:amd64 (2.2.4-2) ...
Setting up libboost-timer-dev:amd64 (1.62.0.1) ...
Setting up libboost-test1.62-dev:amd64 (1.62.0+dfsg-4+b1) ...
Setting up libxmu6:amd64 (2:1.1.2-2) ...
Setting up libboost-log-dev (1.62.0.1) ...
Setting up libpango-1.0-0:amd64 (1.40.6-1) ...
Setting up libboost-wave-dev:amd64 (1.62.0.1) ...
Setting up libopenmpi2:amd64 (2.1.1-6) ...
Setting up libboost-test-dev:amd64 (1.62.0.1) ...
Setting up libxaw7:amd64 (2:1.0.13-1+b2) ...
Setting up libcairo2:amd64 (1.14.10-1) ...
Setting up libboost-mpi1.62.0 (1.62.0+dfsg-4+b1) ...
Setting up libopenmpi-dev (2.1.1-6) ...
update-alternatives: using /usr/lib/x86_64-linux-gnu/openmpi/include to provide /usr/include/mpi (mpi) in auto mode
Setting up libboost-graph1.62-dev:amd64 (1.62.0+dfsg-4+b1) ...
Setting up openmpi-bin (2.1.1-6) ...
update-alternatives: using /usr/bin/mpirun.openmpi to provide /usr/bin/mpirun (mpirun) in auto mode
Setting up mpi-default-dev (1.8) ...
Setting up libboost-graph-parallel1.62.0 (1.62.0+dfsg-4+b1) ...
Setting up libpangoft2-1.0-0:amd64 (1.40.6-1) ...
Setting up libboost-graph-parallel1.62-dev (1.62.0+dfsg-4+b1) ...
Setting up libboost-mpi1.62-dev (1.62.0+dfsg-4+b1) ...
Setting up mpi-default-bin (1.8) ...
Setting up libboost-graph-dev:amd64 (1.62.0.1) ...
Setting up libpangocairo-1.0-0:amd64 (1.40.6-1) ...
Setting up libboost-graph-parallel-dev (1.62.0.1) ...
Setting up libboost-mpi-dev (1.62.0.1) ...
Setting up libgvc6 (2.38.0-17) ...
Setting up graphviz (2.38.0-17) ...
Setting up dh-autoreconf (14) ...
Setting up python3 (3.5.3-3) ...
Setting up python3-dev (3.5.3-3) ...
Setting up dh-strip-nondeterminism (0.035-2) ...
Setting up dh-python (2.20170125) ...
Setting up debhelper (10.6.2) ...
Setting up libboost-mpi-python1.62.0 (1.62.0+dfsg-4+b1) ...
Setting up libboost-python1.62-dev (1.62.0+dfsg-4+b1) ...
Setting up libboost-python-dev (1.62.0.1) ...
Setting up libboost-mpi-python1.62-dev (1.62.0+dfsg-4+b1) ...
Setting up libboost-mpi-python-dev (1.62.0.1) ...
Setting up libboost-all-dev (1.62.0.1) ...
Setting up sbuild-build-depends-ui-utilcpp-dummy (0.invalid.0) ...
Processing triggers for libc-bin (2.24-12) ...

+------------------------------------------------------------------------------+
| Build environment                                                            |
+------------------------------------------------------------------------------+

Kernel: Linux 4.9.0-2-amd64 amd64 (x86_64)
Toolchain package versions: binutils_2.28-6 dpkg-dev_1.18.24 g++-6_6.4.0-1 gcc-6_6.4.0-1 libc6-dev_2.24-12 libstdc++-6-dev_6.4.0-1 libstdc++6_7.1.0-9 linux-libc-dev_4.11.6-1
Package versions: adduser_3.115 apt_1.5~beta1 autoconf_2.69-10 automake_1:1.15.1-2 autopoint_0.19.8.1-2 autotools-dev_20161112.1 base-files_10 base-passwd_3.5.43 bash_4.4-5 binutils_2.28-6 bsdmainutils_9.0.12+nmu1 bsdutils_1:2.29.2-1 build-essential_12.3 bzip2_1.0.6-8.1 clang-3.9_1:3.9.1-10 coreutils_8.26-3 cpp_4:6.3.0-4d1 cpp-6_6.4.0-1 dash_0.5.8-2.4 debconf_1.5.62 debfoster_2.7-2.1+b1 debhelper_10.6.2 debian-archive-keyring_2017.5 debianutils_4.8.1.1 dh-autoreconf_14 dh-python_2.20170125 dh-strip-nondeterminism_0.035-2 diffutils_1:3.5-3 doxygen_1.8.13-7 dpkg_1.18.24 dpkg-dev_1.18.24 e2fslibs_1.43.4-2 e2fsprogs_1.43.4-2 eatmydata_105-5 fakeroot_1.21-3.1 file_1:5.30-1 findutils_4.6.0+git+20170606-2 fontconfig_2.12.3-0.1 fontconfig-config_2.12.3-0.1 fonts-dejavu-core_2.37-1 g++_4:6.3.0-4d1 g++-6_6.4.0-1 gcc_4:6.3.0-4d1 gcc-6_6.4.0-1 gcc-6-base_6.4.0-1 gcc-7-base_7.1.0-9 gettext_0.19.8.1-2+b1 gettext-base_0.19.8.1-2+b1 gpgv_2.1.18-8 graphviz_2.38.0-17 grep_2.27-2 groff-base_1.22.3-9 gzip_1.6-5+b1 hostname_3.18+b1 icu-devtools_57.1-6 init-system-helpers_1.48 intltool-debian_0.35.0+20060710.4 libacl1_2.2.52-3+b1 libann0_1.1.2+doc-6 libapt-pkg5.0_1.5~beta1 libarchive-zip-perl_1.59-1 libasan3_6.4.0-1 libatomic1_7.1.0-9 libattr1_1:2.4.47-2+b2 libaudit-common_1:2.7.7-1 libaudit1_1:2.7.7-1+b1 libblkid1_2.29.2-1 libboost-all-dev_1.62.0.1 libboost-atomic-dev_1.62.0.1 libboost-atomic1.62-dev_1.62.0+dfsg-4+b1 libboost-atomic1.62.0_1.62.0+dfsg-4+b1 libboost-chrono-dev_1.62.0.1 libboost-chrono1.62-dev_1.62.0+dfsg-4+b1 libboost-chrono1.62.0_1.62.0+dfsg-4+b1 libboost-context-dev_1.62.0.1 libboost-context1.62-dev_1.62.0+dfsg-4+b1 libboost-context1.62.0_1.62.0+dfsg-4+b1 libboost-coroutine-dev_1.62.0.1 libboost-coroutine1.62-dev_1.62.0+dfsg-4+b1 libboost-coroutine1.62.0_1.62.0+dfsg-4+b1 libboost-date-time-dev_1.62.0.1 libboost-date-time1.62-dev_1.62.0+dfsg-4+b1 libboost-date-time1.62.0_1.62.0+dfsg-4+b1 libboost-dev_1.62.0.1 libboost-exception-dev_1.62.0.1 libboost-exception1.62-dev_1.62.0+dfsg-4+b1 libboost-fiber-dev_1.62.0.1 libboost-fiber1.62-dev_1.62.0+dfsg-4+b1 libboost-fiber1.62.0_1.62.0+dfsg-4+b1 libboost-filesystem-dev_1.62.0.1 libboost-filesystem1.62-dev_1.62.0+dfsg-4+b1 libboost-filesystem1.62.0_1.62.0+dfsg-4+b1 libboost-graph-dev_1.62.0.1 libboost-graph-parallel-dev_1.62.0.1 libboost-graph-parallel1.62-dev_1.62.0+dfsg-4+b1 libboost-graph-parallel1.62.0_1.62.0+dfsg-4+b1 libboost-graph1.62-dev_1.62.0+dfsg-4+b1 libboost-graph1.62.0_1.62.0+dfsg-4+b1 libboost-iostreams-dev_1.62.0.1 libboost-iostreams1.62-dev_1.62.0+dfsg-4+b1 libboost-iostreams1.62.0_1.62.0+dfsg-4+b1 libboost-locale-dev_1.62.0.1 libboost-locale1.62-dev_1.62.0+dfsg-4+b1 libboost-locale1.62.0_1.62.0+dfsg-4+b1 libboost-log-dev_1.62.0.1 libboost-log1.62-dev_1.62.0+dfsg-4+b1 libboost-log1.62.0_1.62.0+dfsg-4+b1 libboost-math-dev_1.62.0.1 libboost-math1.62-dev_1.62.0+dfsg-4+b1 libboost-math1.62.0_1.62.0+dfsg-4+b1 libboost-mpi-dev_1.62.0.1 libboost-mpi-python-dev_1.62.0.1 libboost-mpi-python1.62-dev_1.62.0+dfsg-4+b1 libboost-mpi-python1.62.0_1.62.0+dfsg-4+b1 libboost-mpi1.62-dev_1.62.0+dfsg-4+b1 libboost-mpi1.62.0_1.62.0+dfsg-4+b1 libboost-program-options-dev_1.62.0.1 libboost-program-options1.62-dev_1.62.0+dfsg-4+b1 libboost-program-options1.62.0_1.62.0+dfsg-4+b1 libboost-python-dev_1.62.0.1 libboost-python1.62-dev_1.62.0+dfsg-4+b1 libboost-python1.62.0_1.62.0+dfsg-4+b1 libboost-random-dev_1.62.0.1 libboost-random1.62-dev_1.62.0+dfsg-4+b1 libboost-random1.62.0_1.62.0+dfsg-4+b1 libboost-regex-dev_1.62.0.1 libboost-regex1.62-dev_1.62.0+dfsg-4+b1 libboost-regex1.62.0_1.62.0+dfsg-4+b1 libboost-serialization-dev_1.62.0.1 libboost-serialization1.62-dev_1.62.0+dfsg-4+b1 libboost-serialization1.62.0_1.62.0+dfsg-4+b1 libboost-signals-dev_1.62.0.1 libboost-signals1.62-dev_1.62.0+dfsg-4+b1 libboost-signals1.62.0_1.62.0+dfsg-4+b1 libboost-system-dev_1.62.0.1 libboost-system1.62-dev_1.62.0+dfsg-4+b1 libboost-system1.62.0_1.62.0+dfsg-4+b1 libboost-test-dev_1.62.0.1 libboost-test1.62-dev_1.62.0+dfsg-4+b1 libboost-test1.62.0_1.62.0+dfsg-4+b1 libboost-thread-dev_1.62.0.1 libboost-thread1.62-dev_1.62.0+dfsg-4+b1 libboost-thread1.62.0_1.62.0+dfsg-4+b1 libboost-timer-dev_1.62.0.1 libboost-timer1.62-dev_1.62.0+dfsg-4+b1 libboost-timer1.62.0_1.62.0+dfsg-4+b1 libboost-tools-dev_1.62.0.1 libboost-type-erasure-dev_1.62.0.1 libboost-type-erasure1.62-dev_1.62.0+dfsg-4+b1 libboost-type-erasure1.62.0_1.62.0+dfsg-4+b1 libboost-wave-dev_1.62.0.1 libboost-wave1.62-dev_1.62.0+dfsg-4+b1 libboost-wave1.62.0_1.62.0+dfsg-4+b1 libboost1.62-dev_1.62.0+dfsg-4+b1 libboost1.62-tools-dev_1.62.0+dfsg-4+b1 libbsd0_0.8.5-1 libbz2-1.0_1.0.6-8.1 libc-bin_2.24-12 libc-dev-bin_2.24-12 libc6_2.24-12 libc6-dev_2.24-12 libcairo2_1.14.10-1 libcap-dev_1:2.25-1 libcap-ng0_0.7.7-3+b1 libcap2_1:2.25-1 libcc1-0_7.1.0-9 libccgnu2-1.8-0v5_1.8.1-6.1 libcdt5_2.38.0-17 libcgraph6_2.38.0-17 libcilkrts5_7.1.0-9 libclang-common-3.9-dev_1:3.9.1-10 libclang1-3.9_1:3.9.1-10 libcomerr2_1.43.4-2 libcommoncpp2-dev_1.8.1-6.1 libcroco3_0.6.12-1 libdatrie1_0.2.10-4+b1 libdb5.3_5.3.28-12+b1 libdebconfclient0_0.229 libdpkg-perl_1.18.24 libeatmydata1_105-5 libedit2_3.1-20170329-1 libexpat1_2.2.1-3 libexpat1-dev_2.2.1-3 libfabric1_1.4.0-1 libfakeroot_1.21-3.1 libfdisk1_2.29.2-1 libffi6_3.2.1-6 libfile-stripnondeterminism-perl_0.035-2 libfontconfig1_2.12.3-0.1 libfreetype6_2.8-0.2 libgc1c2_1:7.4.2-8 libgcc-6-dev_6.4.0-1 libgcc1_1:7.1.0-9 libgcrypt11-dev_1.5.4-3+really1.7.8-1 libgcrypt20_1.7.8-1 libgcrypt20-dev_1.7.8-1 libgd3_2.2.4-2 libgdbm3_1.8.3-14 libgfortran3_6.4.0-1 libglib2.0-0_2.52.3-1 libgmp-dev_2:6.1.2+dfsg-1 libgmp10_2:6.1.2+dfsg-1 libgmpxx4ldbl_2:6.1.2+dfsg-1 libgnutls-dane0_3.5.13-2 libgnutls-openssl27_3.5.13-2 libgnutls28-dev_3.5.13-2 libgnutls30_3.5.13-2 libgnutlsxx28_3.5.13-2 libgomp1_7.1.0-9 libgpg-error-dev_1.27-3 libgpg-error0_1.27-3 libgraphite2-3_1.3.10-2 libgts-0.7-5_0.7.6+darcs121130-4 libgvc6_2.38.0-17 libgvpr2_2.38.0-17 libharfbuzz0b_1.4.2-1 libhogweed4_3.3-1+b1 libhwloc-dev_1.11.5-1 libhwloc-plugins_1.11.5-1 libhwloc5_1.11.5-1 libibverbs-dev_1.2.1-2 libibverbs1_1.2.1-2 libice6_2:1.0.9-2 libicu-dev_57.1-6 libicu57_57.1-6 libidn11_1.33-1 libidn11-dev_1.33-1 libidn2-0_0.16-1+b1 libidn2-0-dev_0.16-1+b1 libisl15_0.18-1 libitm1_7.1.0-9 libjbig0_2.1-3.1+b2 libjpeg62-turbo_1:1.5.1-2 libjsoncpp1_1.7.4-3 libllvm3.9_1:3.9.1-10 liblsan0_7.1.0-9 libltdl-dev_2.4.6-2 libltdl7_2.4.6-2 liblz4-1_0.0~r131-2+b1 liblzma5_5.2.2-1.2+b1 libmagic-mgc_1:5.30-1 libmagic1_1:5.30-1 libmount1_2.29.2-1 libmpc3_1.0.3-1+b2 libmpdec2_2.4.2-1 libmpfr4_3.1.5-1 libmpx2_7.1.0-9 libncurses5_6.0+20161126-1 libncurses5-dev_6.0+20161126-1 libncursesw5_6.0+20161126-1 libnettle6_3.3-1+b1 libnl-3-200_3.2.27-2 libnl-route-3-200_3.2.27-2 libnuma-dev_2.0.11-2.1 libnuma1_2.0.11-2.1 libobjc-6-dev_6.4.0-1 libobjc4_7.1.0-9 libopenmpi-dev_2.1.1-6 libopenmpi2_2.1.1-6 libp11-kit-dev_0.23.7-2 libp11-kit0_0.23.7-2 libpam-modules_1.1.8-3.6 libpam-modules-bin_1.1.8-3.6 libpam-runtime_1.1.8-3.6 libpam0g_1.1.8-3.6 libpango-1.0-0_1.40.6-1 libpangocairo-1.0-0_1.40.6-1 libpangoft2-1.0-0_1.40.6-1 libpathplan4_2.38.0-17 libpciaccess0_0.13.4-1+b2 libpcre3_2:8.39-3 libperl5.24_5.24.1-6 libpipeline1_1.4.1-2 libpixman-1-0_0.34.0-1 libpng16-16_1.6.29-3 libpsm-infinipath1_3.3+19.g67c0807.open-3 libpython-dev_2.7.13-2 libpython-stdlib_2.7.13-2 libpython2.7_2.7.13-2 libpython2.7-dev_2.7.13-2 libpython2.7-minimal_2.7.13-2 libpython2.7-stdlib_2.7.13-2 libpython3-dev_3.5.3-3 libpython3-stdlib_3.5.3-3 libpython3.5_3.5.3-3 libpython3.5-dev_3.5.3-3 libpython3.5-minimal_3.5.3-3 libpython3.5-stdlib_3.5.3-3 libquadmath0_7.1.0-9 librdmacm1_1.1.0-2 libreadline-dev_7.0-3 libreadline5_5.2+dfsg-3+b1 libreadline7_7.0-3 librecode-dev_3.6-23 librecode0_3.6-23 libselinux1_2.6-3+b2 libsemanage-common_2.6-2 libsemanage1_2.6-2+b1 libsepol1_2.6-2 libsigsegv2_2.11-1 libsm6_2:1.2.2-1+b3 libsmartcols1_2.29.2-1 libsqlite3-0_3.16.2-5 libss2_1.43.4-2 libssl1.1_1.1.0f-3 libstdc++-6-dev_6.4.0-1 libstdc++6_7.1.0-9 libsystemd0_233-10 libtasn1-6_4.12-2 libtasn1-6-dev_4.12-2 libthai-data_0.1.26-1 libthai0_0.1.26-1 libtiff5_4.0.8-3 libtimedate-perl_2.3000-2 libtinfo-dev_6.0+20161126-1 libtinfo5_6.0+20161126-1 libtool_2.4.6-2 libtsan0_7.1.0-9 libubsan0_7.1.0-9 libudev1_233-10 libunbound2_1.6.4-1 libunistring2_0.9.7-2 libustr-1.0-1_1.0.4-6 libuuid1_2.29.2-1 libwebp6_0.5.2-1 libx11-6_2:1.6.4-3 libx11-data_2:1.6.4-3 libxapian30_1.4.4-2 libxau6_1:1.0.8-1 libxaw7_2:1.0.13-1+b2 libxcb-render0_1.12-1 libxcb-shm0_1.12-1 libxcb1_1.12-1 libxdmcp6_1:1.1.2-3 libxdot4_2.38.0-17 libxext6_2:1.3.3-1+b2 libxml2_2.9.4+dfsg1-3 libxmu6_2:1.1.2-2 libxpm4_1:3.5.12-1 libxrender1_1:0.9.10-1 libxt6_1:1.1.5-1 linux-libc-dev_4.11.6-1 login_1:4.4-4.1 lsb-base_9.20161125 m4_1.4.18-1 make_4.1-9.1 man-db_2.7.6.1-2 mawk_1.3.3-17+b3 mime-support_3.60 mount_2.29.2-1 mpi-default-bin_1.8 mpi-default-dev_1.8 multiarch-support_2.24-12 ncurses-base_6.0+20161126-1 ncurses-bin_6.0+20161126-1 nettle-dev_3.3-1+b1 ocl-icd-libopencl1_2.2.11-1 openmpi-bin_2.1.1-6 openmpi-common_2.1.1-6 passwd_1:4.4-4.1 patch_2.7.5-1+b2 perl_5.24.1-6 perl-base_5.24.1-6 perl-modules-5.24_5.24.1-6 pkg-config_0.29-4+b1 po-debconf_1.0.20 python_2.7.13-2 python-dev_2.7.13-2 python-minimal_2.7.13-2 python2.7_2.7.13-2 python2.7-dev_2.7.13-2 python2.7-minimal_2.7.13-2 python3_3.5.3-3 python3-dev_3.5.3-3 python3-minimal_3.5.3-3 python3.5_3.5.3-3 python3.5-dev_3.5.3-3 python3.5-minimal_3.5.3-3 readline-common_7.0-3 sbuild-build-depends-core-dummy_0.invalid.0 sbuild-build-depends-ui-utilcpp-dummy_0.invalid.0 sed_4.4-1 sensible-utils_0.0.9 sysvinit-utils_2.88dsf-59.9 tar_1.29b-1.1 ucf_3.0036 util-linux_2.29.2-1 uuid-dev_2.29.2-1 x11-common_1:7.7+19 xfslibs-dev_4.9.0+nmu1 xfsprogs_4.9.0+nmu1 xz-utils_5.2.2-1.2+b1 zlib1g_1:1.2.8.dfsg-5 zlib1g-dev_1:1.2.8.dfsg-5

+------------------------------------------------------------------------------+
| Build                                                                        |
+------------------------------------------------------------------------------+


Unpack source
-------------

gpgv: unknown type of key resource 'trustedkeys.kbx'
gpgv: keyblock resource '/sbuild-nonexistent/.gnupg/trustedkeys.kbx': General error
gpgv: Signature made Sat Aug  6 17:18:57 2016 UTC
gpgv:                using RSA key 066DE8017E2B61D9
gpgv: Can't check signature: No public key
dpkg-source: warning: failed to verify signature on ./ui-utilcpp_1.8.5-1.dsc
dpkg-source: info: extracting ui-utilcpp in /<<PKGBUILDDIR>>
dpkg-source: info: unpacking ui-utilcpp_1.8.5.orig.tar.gz
dpkg-source: info: unpacking ui-utilcpp_1.8.5-1.debian.tar.xz

Check disk space
----------------

Sufficient free space for build

User Environment
----------------

APT_CONFIG=/var/lib/sbuild/apt.conf
HOME=/sbuild-nonexistent
LANG=en_US.UTF-8
LC_ALL=POSIX
LOGNAME=user42
PATH=/usr/local/sbin:/usr/local/bin:/usr/sbin:/usr/bin:/sbin:/bin:/usr/games
SCHROOT_ALIAS_NAME=unstable-amd64-sbuild
SCHROOT_CHROOT_NAME=unstable-amd64-sbuild
SCHROOT_COMMAND=env
SCHROOT_GID=1001
SCHROOT_GROUP=user42
SCHROOT_SESSION_ID=unstable-amd64-sbuild-b55998e9-1a41-4afd-a591-0f34b0665220
SCHROOT_UID=1001
SCHROOT_USER=user42
SHELL=/bin/sh
USER=user42

dpkg-buildpackage
-----------------

dpkg-buildpackage: info: source package ui-utilcpp
dpkg-buildpackage: info: source version 1.8.5-1
dpkg-buildpackage: info: source distribution unstable
dpkg-buildpackage: info: source changed by Stephan Srken <absurd@debian.org>
 dpkg-source --before-build ui-utilcpp-1.8.5
dpkg-buildpackage: info: host architecture amd64
 fakeroot debian/rules clean
dh clean --with autotools-dev --dbgsym-migration='libui-utilcpp9v5-dbg (<< 1.8.3-3~)'
   dh_testdir "-O--dbgsym-migration=libui-utilcpp9v5-dbg (<< 1.8.3-3~)"
   dh_auto_clean "-O--dbgsym-migration=libui-utilcpp9v5-dbg (<< 1.8.3-3~)"
   dh_autotools-dev_restoreconfig "-O--dbgsym-migration=libui-utilcpp9v5-dbg (<< 1.8.3-3~)"
   dh_clean "-O--dbgsym-migration=libui-utilcpp9v5-dbg (<< 1.8.3-3~)"
 debian/rules build-arch
dh build-arch --with autotools-dev --dbgsym-migration='libui-utilcpp9v5-dbg (<< 1.8.3-3~)'
   dh_testdir -a "-O--dbgsym-migration=libui-utilcpp9v5-dbg (<< 1.8.3-3~)"
   dh_update_autotools_config -a "-O--dbgsym-migration=libui-utilcpp9v5-dbg (<< 1.8.3-3~)"
   dh_autotools-dev_updateconfig -a "-O--dbgsym-migration=libui-utilcpp9v5-dbg (<< 1.8.3-3~)"
   dh_auto_configure -a "-O--dbgsym-migration=libui-utilcpp9v5-dbg (<< 1.8.3-3~)"
	./configure --build=x86_64-linux-gnu --prefix=/usr --includedir=\${prefix}/include --mandir=\${prefix}/share/man --infodir=\${prefix}/share/info --sysconfdir=/etc --localstatedir=/var --disable-silent-rules --libdir=\${prefix}/lib/x86_64-linux-gnu --libexecdir=\${prefix}/lib/x86_64-linux-gnu --disable-maintainer-mode --disable-dependency-tracking
configure: WARNING: unrecognized options: --disable-maintainer-mode
checking for a BSD-compatible install... /usr/bin/install -c
checking whether build environment is sane... yes
checking for a thread-safe mkdir -p... /bin/mkdir -p
checking for gawk... no
checking for mawk... mawk
checking whether make sets $(MAKE)... yes
checking whether make supports nested variables... yes
checking how to create a pax tar archive... gnutar
checking for doxygen... /usr/bin/doxygen
checking for perl... /usr/bin/perl
checking for style of include used by make... GNU
checking for g++... g++
checking whether the C++ compiler works... yes
checking for C++ compiler default output file name... a.out
checking for suffix of executables... 
checking whether we are cross compiling... no
checking for suffix of object files... o
checking whether we are using the GNU C++ compiler... yes
checking whether g++ accepts -g... yes
checking dependency style of g++... none
checking how to run the C++ preprocessor... g++ -E
checking whether ln -s works... yes
checking whether make sets $(MAKE)... (cached) yes
checking build system type... x86_64-pc-linux-gnu
checking host system type... x86_64-pc-linux-gnu
checking how to print strings... printf
checking for gcc... gcc
checking whether we are using the GNU C compiler... yes
checking whether gcc accepts -g... yes
checking for gcc option to accept ISO C89... none needed
checking whether gcc understands -c and -o together... yes
checking dependency style of gcc... none
checking for a sed that does not truncate output... /bin/sed
checking for grep that handles long lines and -e... /bin/grep
checking for egrep... /bin/grep -E
checking for fgrep... /bin/grep -F
checking for ld used by gcc... /usr/bin/ld
checking if the linker (/usr/bin/ld) is GNU ld... yes
checking for BSD- or MS-compatible name lister (nm)... /usr/bin/nm -B
checking the name lister (/usr/bin/nm -B) interface... BSD nm
checking the maximum length of command line arguments... 1572864
checking how to convert x86_64-pc-linux-gnu file names to x86_64-pc-linux-gnu format... func_convert_file_noop
checking how to convert x86_64-pc-linux-gnu file names to toolchain format... func_convert_file_noop
checking for /usr/bin/ld option to reload object files... -r
checking for objdump... objdump
checking how to recognize dependent libraries... pass_all
checking for dlltool... no
checking how to associate runtime and link libraries... printf %s\n
checking for ar... ar
checking for archiver @FILE support... @
checking for strip... strip
checking for ranlib... ranlib
checking command to parse /usr/bin/nm -B output from gcc object... ok
checking for sysroot... no
checking for a working dd... /bin/dd
checking how to truncate binary pipes... /bin/dd bs=4096 count=1
checking for mt... no
checking if : is a manifest tool... no
checking how to run the C preprocessor... gcc -E
checking for ANSI C header files... yes
checking for sys/types.h... yes
checking for sys/stat.h... yes
checking for stdlib.h... yes
checking for string.h... yes
checking for memory.h... yes
checking for strings.h... yes
checking for inttypes.h... yes
checking for stdint.h... yes
checking for unistd.h... yes
checking for dlfcn.h... yes
checking for objdir... .libs
checking if gcc supports -fno-rtti -fno-exceptions... yes
checking for gcc option to produce PIC... -fPIC -DPIC
checking if gcc PIC flag -fPIC -DPIC works... yes
checking if gcc static flag -static works... yes
checking if gcc supports -c -o file.o... yes
checking if gcc supports -c -o file.o... (cached) yes
checking whether the gcc linker (/usr/bin/ld -m elf_x86_64) supports shared libraries... yes
checking whether -lc should be explicitly linked in... no
checking dynamic linker characteristics... GNU/Linux ld.so
checking how to hardcode library paths into programs... immediate
checking whether stripping libraries is possible... yes
checking if libtool supports shared libraries... yes
checking whether to build shared libraries... yes
checking whether to build static libraries... yes
checking how to run the C++ preprocessor... g++ -E
checking for ld used by g++... /usr/bin/ld -m elf_x86_64
checking if the linker (/usr/bin/ld -m elf_x86_64) is GNU ld... yes
checking whether the g++ linker (/usr/bin/ld -m elf_x86_64) supports shared libraries... yes
checking for g++ option to produce PIC... -fPIC -DPIC
checking if g++ PIC flag -fPIC -DPIC works... yes
checking if g++ static flag -static works... yes
checking if g++ supports -c -o file.o... yes
checking if g++ supports -c -o file.o... (cached) yes
checking whether the g++ linker (/usr/bin/ld -m elf_x86_64) supports shared libraries... yes
checking dynamic linker characteristics... (cached) GNU/Linux ld.so
checking how to hardcode library paths into programs... immediate
checking for gawk... (cached) mawk
checking for special C compiler options needed for large files... no
checking for _FILE_OFFSET_BITS value needed for large files... no
checking for dlfcn.h... (cached) yes
checking for dlopen in -ldl... yes
checking for ccgnu2-config... /usr/bin/ccgnu2-config
checking for commoncpp2 version >= 1.0.0... yes
checking for curses_version in -lncurses... yes
checking for cap_init in -lcap... yes
checking for readline in -lreadline... yes
checking for recode_new_outer in -lrecode... yes
checking for idna_to_ascii_8z in -lidn... yes
checking idna.h usability... yes
checking idna.h presence... yes
checking for idna.h... yes
checking boost/test/auto_unit_test.hpp usability... yes
checking boost/test/auto_unit_test.hpp presence... yes
checking for boost/test/auto_unit_test.hpp... yes
checking boost/serialization/access.hpp usability... yes
checking boost/serialization/access.hpp presence... yes
checking for boost/serialization/access.hpp... yes
checking boost/multi_index_container.hpp usability... yes
checking boost/multi_index_container.hpp presence... yes
checking for boost/multi_index_container.hpp... yes
checking boost/date_time/date.hpp usability... yes
checking boost/date_time/date.hpp presence... yes
checking for boost/date_time/date.hpp... yes
checking boost/random.hpp usability... yes
checking boost/random.hpp presence... yes
checking for boost/random.hpp... yes
checking sys/quota.h usability... yes
checking sys/quota.h presence... yes
checking for sys/quota.h... yes
checking xfs/xqm.h usability... yes
checking xfs/xqm.h presence... yes
checking for xfs/xqm.h... yes
checking for ANSI C header files... (cached) yes
checking whether strerror_r is declared... yes
checking for strerror_r... yes
checking whether strerror_r returns char *... yes
checking for cap_compare... yes
checking for cap_clear_flag... yes
checking that generated files are newer than configure... done
configure: creating ./config.status
config.status: creating Makefile
config.status: creating Doxyfile
config.status: creating doc/Makefile
config.status: creating src/Makefile
config.status: creating src/tools/Makefile
config.status: creating src/ui-utilcpp/Makefile
config.status: creating src/ui-utilcpp/http/Makefile
config.status: creating config.h
config.status: executing depfiles commands
config.status: executing libtool commands
configure: WARNING: unrecognized options: --disable-maintainer-mode
   dh_auto_build -a "-O--dbgsym-migration=libui-utilcpp9v5-dbg (<< 1.8.3-3~)"
	make -j1
make[1]: Entering directory '/<<PKGBUILDDIR>>'
make  all-recursive
make[2]: Entering directory '/<<PKGBUILDDIR>>'
Making all in src
make[3]: Entering directory '/<<PKGBUILDDIR>>/src'
Making all in ui-utilcpp
make[4]: Entering directory '/<<PKGBUILDDIR>>/src/ui-utilcpp'
Making all in http
make[5]: Entering directory '/<<PKGBUILDDIR>>/src/ui-utilcpp/http'
/bin/bash ../../../libtool  --tag=CXX   --mode=compile g++ -DHAVE_CONFIG_H -I. -I../../..  -I../../../src -Wdate-time -D_FORTIFY_SOURCE=2 -Wall -pthread -D_GNU_SOURCE  -g -O2 -fdebug-prefix-map=/<<PKGBUILDDIR>>=. -fstack-protector-strong -Wformat -Werror=format-security -c -o Header.lo Header.cpp
libtool: compile:  g++ -DHAVE_CONFIG_H -I. -I../../.. -I../../../src -Wdate-time -D_FORTIFY_SOURCE=2 -Wall -pthread -D_GNU_SOURCE -g -O2 -fdebug-prefix-map=/<<PKGBUILDDIR>>=. -fstack-protector-strong -Wformat -Werror=format-security -c Header.cpp  -fPIC -DPIC -o .libs/Header.o
libtool: compile:  g++ -DHAVE_CONFIG_H -I. -I../../.. -I../../../src -Wdate-time -D_FORTIFY_SOURCE=2 -Wall -pthread -D_GNU_SOURCE -g -O2 -fdebug-prefix-map=/<<PKGBUILDDIR>>=. -fstack-protector-strong -Wformat -Werror=format-security -c Header.cpp -o Header.o >/dev/null 2>&1
/bin/bash ../../../libtool  --tag=CXX   --mode=compile g++ -DHAVE_CONFIG_H -I. -I../../..  -I../../../src -Wdate-time -D_FORTIFY_SOURCE=2 -Wall -pthread -D_GNU_SOURCE  -g -O2 -fdebug-prefix-map=/<<PKGBUILDDIR>>=. -fstack-protector-strong -Wformat -Werror=format-security -c -o Cookie.lo Cookie.cpp
libtool: compile:  g++ -DHAVE_CONFIG_H -I. -I../../.. -I../../../src -Wdate-time -D_FORTIFY_SOURCE=2 -Wall -pthread -D_GNU_SOURCE -g -O2 -fdebug-prefix-map=/<<PKGBUILDDIR>>=. -fstack-protector-strong -Wformat -Werror=format-security -c Cookie.cpp  -fPIC -DPIC -o .libs/Cookie.o
libtool: compile:  g++ -DHAVE_CONFIG_H -I. -I../../.. -I../../../src -Wdate-time -D_FORTIFY_SOURCE=2 -Wall -pthread -D_GNU_SOURCE -g -O2 -fdebug-prefix-map=/<<PKGBUILDDIR>>=. -fstack-protector-strong -Wformat -Werror=format-security -c Cookie.cpp -o Cookie.o >/dev/null 2>&1
/bin/bash ../../../libtool  --tag=CXX   --mode=compile g++ -DHAVE_CONFIG_H -I. -I../../..  -I../../../src -Wdate-time -D_FORTIFY_SOURCE=2 -Wall -pthread -D_GNU_SOURCE  -g -O2 -fdebug-prefix-map=/<<PKGBUILDDIR>>=. -fstack-protector-strong -Wformat -Werror=format-security -c -o Connection.lo Connection.cpp
libtool: compile:  g++ -DHAVE_CONFIG_H -I. -I../../.. -I../../../src -Wdate-time -D_FORTIFY_SOURCE=2 -Wall -pthread -D_GNU_SOURCE -g -O2 -fdebug-prefix-map=/<<PKGBUILDDIR>>=. -fstack-protector-strong -Wformat -Werror=format-security -c Connection.cpp  -fPIC -DPIC -o .libs/Connection.o
libtool: compile:  g++ -DHAVE_CONFIG_H -I. -I../../.. -I../../../src -Wdate-time -D_FORTIFY_SOURCE=2 -Wall -pthread -D_GNU_SOURCE -g -O2 -fdebug-prefix-map=/<<PKGBUILDDIR>>=. -fstack-protector-strong -Wformat -Werror=format-security -c Connection.cpp -o Connection.o >/dev/null 2>&1
/bin/bash ../../../libtool  --tag=CXX   --mode=compile g++ -DHAVE_CONFIG_H -I. -I../../..  -I../../../src -Wdate-time -D_FORTIFY_SOURCE=2 -Wall -pthread -D_GNU_SOURCE  -g -O2 -fdebug-prefix-map=/<<PKGBUILDDIR>>=. -fstack-protector-strong -Wformat -Werror=format-security -c -o URL.lo URL.cpp
libtool: compile:  g++ -DHAVE_CONFIG_H -I. -I../../.. -I../../../src -Wdate-time -D_FORTIFY_SOURCE=2 -Wall -pthread -D_GNU_SOURCE -g -O2 -fdebug-prefix-map=/<<PKGBUILDDIR>>=. -fstack-protector-strong -Wformat -Werror=format-security -c URL.cpp  -fPIC -DPIC -o .libs/URL.o
libtool: compile:  g++ -DHAVE_CONFIG_H -I. -I../../.. -I../../../src -Wdate-time -D_FORTIFY_SOURCE=2 -Wall -pthread -D_GNU_SOURCE -g -O2 -fdebug-prefix-map=/<<PKGBUILDDIR>>=. -fstack-protector-strong -Wformat -Werror=format-security -c URL.cpp -o URL.o >/dev/null 2>&1
/bin/bash ../../../libtool  --tag=CXX   --mode=link g++ -Wall -pthread -D_GNU_SOURCE  -g -O2 -fdebug-prefix-map=/<<PKGBUILDDIR>>=. -fstack-protector-strong -Wformat -Werror=format-security  -Wl,-z,relro -o libui-utilcpp-http.la  Header.lo Cookie.lo Connection.lo URL.lo  -lidn -lrecode -lreadline -lcap -lncurses -ldl 
libtool: link: ar cru .libs/libui-utilcpp-http.a .libs/Header.o .libs/Cookie.o .libs/Connection.o .libs/URL.o 
ar: `u' modifier ignored since `D' is the default (see `U')
libtool: link: ranlib .libs/libui-utilcpp-http.a
libtool: link: ( cd ".libs" && rm -f "libui-utilcpp-http.la" && ln -s "../libui-utilcpp-http.la" "libui-utilcpp-http.la" )
make[5]: Leaving directory '/<<PKGBUILDDIR>>/src/ui-utilcpp/http'
make[5]: Entering directory '/<<PKGBUILDDIR>>/src/ui-utilcpp'
/bin/bash ../../libtool  --tag=CXX   --mode=compile g++ -DHAVE_CONFIG_H -I. -I../..  -I../../src -Wdate-time -D_FORTIFY_SOURCE=2 -Wall -pthread -D_GNU_SOURCE  -g -O2 -fdebug-prefix-map=/<<PKGBUILDDIR>>=. -fstack-protector-strong -Wformat -Werror=format-security -c -o CmdLine.lo CmdLine.cpp
libtool: compile:  g++ -DHAVE_CONFIG_H -I. -I../.. -I../../src -Wdate-time -D_FORTIFY_SOURCE=2 -Wall -pthread -D_GNU_SOURCE -g -O2 -fdebug-prefix-map=/<<PKGBUILDDIR>>=. -fstack-protector-strong -Wformat -Werror=format-security -c CmdLine.cpp  -fPIC -DPIC -o .libs/CmdLine.o
libtool: compile:  g++ -DHAVE_CONFIG_H -I. -I../.. -I../../src -Wdate-time -D_FORTIFY_SOURCE=2 -Wall -pthread -D_GNU_SOURCE -g -O2 -fdebug-prefix-map=/<<PKGBUILDDIR>>=. -fstack-protector-strong -Wformat -Werror=format-security -c CmdLine.cpp -o CmdLine.o >/dev/null 2>&1
/bin/bash ../../libtool  --tag=CXX   --mode=compile g++ -DHAVE_CONFIG_H -I. -I../..  -I../../src -Wdate-time -D_FORTIFY_SOURCE=2 -Wall -pthread -D_GNU_SOURCE  -g -O2 -fdebug-prefix-map=/<<PKGBUILDDIR>>=. -fstack-protector-strong -Wformat -Werror=format-security -c -o Exception.lo Exception.cpp
libtool: compile:  g++ -DHAVE_CONFIG_H -I. -I../.. -I../../src -Wdate-time -D_FORTIFY_SOURCE=2 -Wall -pthread -D_GNU_SOURCE -g -O2 -fdebug-prefix-map=/<<PKGBUILDDIR>>=. -fstack-protector-strong -Wformat -Werror=format-security -c Exception.cpp  -fPIC -DPIC -o .libs/Exception.o
libtool: compile:  g++ -DHAVE_CONFIG_H -I. -I../.. -I../../src -Wdate-time -D_FORTIFY_SOURCE=2 -Wall -pthread -D_GNU_SOURCE -g -O2 -fdebug-prefix-map=/<<PKGBUILDDIR>>=. -fstack-protector-strong -Wformat -Werror=format-security -c Exception.cpp -o Exception.o >/dev/null 2>&1
/bin/bash ../../libtool  --tag=CXX   --mode=compile g++ -DHAVE_CONFIG_H -I. -I../..  -I../../src -Wdate-time -D_FORTIFY_SOURCE=2 -Wall -pthread -D_GNU_SOURCE  -g -O2 -fdebug-prefix-map=/<<PKGBUILDDIR>>=. -fstack-protector-strong -Wformat -Werror=format-security -c -o Sys.lo Sys.cpp
libtool: compile:  g++ -DHAVE_CONFIG_H -I. -I../.. -I../../src -Wdate-time -D_FORTIFY_SOURCE=2 -Wall -pthread -D_GNU_SOURCE -g -O2 -fdebug-prefix-map=/<<PKGBUILDDIR>>=. -fstack-protector-strong -Wformat -Werror=format-security -c Sys.cpp  -fPIC -DPIC -o .libs/Sys.o
libtool: compile:  g++ -DHAVE_CONFIG_H -I. -I../.. -I../../src -Wdate-time -D_FORTIFY_SOURCE=2 -Wall -pthread -D_GNU_SOURCE -g -O2 -fdebug-prefix-map=/<<PKGBUILDDIR>>=. -fstack-protector-strong -Wformat -Werror=format-security -c Sys.cpp -o Sys.o >/dev/null 2>&1
/bin/bash ../../libtool  --tag=CXX   --mode=compile g++ -DHAVE_CONFIG_H -I. -I../..  -I../../src -Wdate-time -D_FORTIFY_SOURCE=2 -Wall -pthread -D_GNU_SOURCE  -g -O2 -fdebug-prefix-map=/<<PKGBUILDDIR>>=. -fstack-protector-strong -Wformat -Werror=format-security -c -o File.lo File.cpp
libtool: compile:  g++ -DHAVE_CONFIG_H -I. -I../.. -I../../src -Wdate-time -D_FORTIFY_SOURCE=2 -Wall -pthread -D_GNU_SOURCE -g -O2 -fdebug-prefix-map=/<<PKGBUILDDIR>>=. -fstack-protector-strong -Wformat -Werror=format-security -c File.cpp  -fPIC -DPIC -o .libs/File.o
libtool: compile:  g++ -DHAVE_CONFIG_H -I. -I../.. -I../../src -Wdate-time -D_FORTIFY_SOURCE=2 -Wall -pthread -D_GNU_SOURCE -g -O2 -fdebug-prefix-map=/<<PKGBUILDDIR>>=. -fstack-protector-strong -Wformat -Werror=format-security -c File.cpp -o File.o >/dev/null 2>&1
/bin/bash ../../libtool  --tag=CXX   --mode=compile g++ -DHAVE_CONFIG_H -I. -I../..  -I../../src -Wdate-time -D_FORTIFY_SOURCE=2 -Wall -pthread -D_GNU_SOURCE  -g -O2 -fdebug-prefix-map=/<<PKGBUILDDIR>>=. -fstack-protector-strong -Wformat -Werror=format-security -c -o Socket.lo Socket.cpp
libtool: compile:  g++ -DHAVE_CONFIG_H -I. -I../.. -I../../src -Wdate-time -D_FORTIFY_SOURCE=2 -Wall -pthread -D_GNU_SOURCE -g -O2 -fdebug-prefix-map=/<<PKGBUILDDIR>>=. -fstack-protector-strong -Wformat -Werror=format-security -c Socket.cpp  -fPIC -DPIC -o .libs/Socket.o
libtool: compile:  g++ -DHAVE_CONFIG_H -I. -I../.. -I../../src -Wdate-time -D_FORTIFY_SOURCE=2 -Wall -pthread -D_GNU_SOURCE -g -O2 -fdebug-prefix-map=/<<PKGBUILDDIR>>=. -fstack-protector-strong -Wformat -Werror=format-security -c Socket.cpp -o Socket.o >/dev/null 2>&1
/bin/bash ../../libtool  --tag=CXX   --mode=compile g++ -DHAVE_CONFIG_H -I. -I../..  -I../../src -Wdate-time -D_FORTIFY_SOURCE=2 -Wall -pthread -D_GNU_SOURCE  -g -O2 -fdebug-prefix-map=/<<PKGBUILDDIR>>=. -fstack-protector-strong -Wformat -Werror=format-security -c -o GetOpt.lo GetOpt.cpp
libtool: compile:  g++ -DHAVE_CONFIG_H -I. -I../.. -I../../src -Wdate-time -D_FORTIFY_SOURCE=2 -Wall -pthread -D_GNU_SOURCE -g -O2 -fdebug-prefix-map=/<<PKGBUILDDIR>>=. -fstack-protector-strong -Wformat -Werror=format-security -c GetOpt.cpp  -fPIC -DPIC -o .libs/GetOpt.o
libtool: compile:  g++ -DHAVE_CONFIG_H -I. -I../.. -I../../src -Wdate-time -D_FORTIFY_SOURCE=2 -Wall -pthread -D_GNU_SOURCE -g -O2 -fdebug-prefix-map=/<<PKGBUILDDIR>>=. -fstack-protector-strong -Wformat -Werror=format-security -c GetOpt.cpp -o GetOpt.o >/dev/null 2>&1
/bin/bash ../../libtool  --tag=CXX   --mode=compile g++ -DHAVE_CONFIG_H -I. -I../..  -I../../src -Wdate-time -D_FORTIFY_SOURCE=2 -Wall -pthread -D_GNU_SOURCE  -g -O2 -fdebug-prefix-map=/<<PKGBUILDDIR>>=. -fstack-protector-strong -Wformat -Werror=format-security -c -o Misc.lo Misc.cpp
libtool: compile:  g++ -DHAVE_CONFIG_H -I. -I../.. -I../../src -Wdate-time -D_FORTIFY_SOURCE=2 -Wall -pthread -D_GNU_SOURCE -g -O2 -fdebug-prefix-map=/<<PKGBUILDDIR>>=. -fstack-protector-strong -Wformat -Werror=format-security -c Misc.cpp  -fPIC -DPIC -o .libs/Misc.o
libtool: compile:  g++ -DHAVE_CONFIG_H -I. -I../.. -I../../src -Wdate-time -D_FORTIFY_SOURCE=2 -Wall -pthread -D_GNU_SOURCE -g -O2 -fdebug-prefix-map=/<<PKGBUILDDIR>>=. -fstack-protector-strong -Wformat -Werror=format-security -c Misc.cpp -o Misc.o >/dev/null 2>&1
/bin/bash ../../libtool  --tag=CXX   --mode=compile g++ -DHAVE_CONFIG_H -I. -I../..  -I../../src -Wdate-time -D_FORTIFY_SOURCE=2 -Wall -pthread -D_GNU_SOURCE  -g -O2 -fdebug-prefix-map=/<<PKGBUILDDIR>>=. -fstack-protector-strong -Wformat -Werror=format-security -c -o QuotaInfo.lo QuotaInfo.cpp
libtool: compile:  g++ -DHAVE_CONFIG_H -I. -I../.. -I../../src -Wdate-time -D_FORTIFY_SOURCE=2 -Wall -pthread -D_GNU_SOURCE -g -O2 -fdebug-prefix-map=/<<PKGBUILDDIR>>=. -fstack-protector-strong -Wformat -Werror=format-security -c QuotaInfo.cpp  -fPIC -DPIC -o .libs/QuotaInfo.o
libtool: compile:  g++ -DHAVE_CONFIG_H -I. -I../.. -I../../src -Wdate-time -D_FORTIFY_SOURCE=2 -Wall -pthread -D_GNU_SOURCE -g -O2 -fdebug-prefix-map=/<<PKGBUILDDIR>>=. -fstack-protector-strong -Wformat -Werror=format-security -c QuotaInfo.cpp -o QuotaInfo.o >/dev/null 2>&1
/bin/bash ../../libtool  --tag=CXX   --mode=compile g++ -DHAVE_CONFIG_H -I. -I../..  -I../../src -Wdate-time -D_FORTIFY_SOURCE=2 -Wall -pthread -D_GNU_SOURCE  -g -O2 -fdebug-prefix-map=/<<PKGBUILDDIR>>=. -fstack-protector-strong -Wformat -Werror=format-security -c -o Recoder.lo Recoder.cpp
libtool: compile:  g++ -DHAVE_CONFIG_H -I. -I../.. -I../../src -Wdate-time -D_FORTIFY_SOURCE=2 -Wall -pthread -D_GNU_SOURCE -g -O2 -fdebug-prefix-map=/<<PKGBUILDDIR>>=. -fstack-protector-strong -Wformat -Werror=format-security -c Recoder.cpp  -fPIC -DPIC -o .libs/Recoder.o
In file included from Recoder.cpp:13:
In file included from /usr/include/cc++/url.h:52:
In file included from /usr/include/cc++/socket.h:49:
In file included from /usr/include/cc++/address.h:56:
In file included from /usr/include/cc++/thread.h:50:
/usr/include/cc++/string.h:734:35: error: friend declaration specifying a default argument must be a definition
    friend __EXPORT std::istream &getline(std::istream &is, String &str, char delim = '\n', size_t size = 0);
                                  ^
1 error generated.
Makefile:546: recipe for target 'Recoder.lo' failed
make[5]: *** [Recoder.lo] Error 1
make[5]: Leaving directory '/<<PKGBUILDDIR>>/src/ui-utilcpp'
Makefile:582: recipe for target 'all-recursive' failed
make[4]: *** [all-recursive] Error 1
make[4]: Leaving directory '/<<PKGBUILDDIR>>/src/ui-utilcpp'
Makefile:362: recipe for target 'all-recursive' failed
make[3]: *** [all-recursive] Error 1
make[3]: Leaving directory '/<<PKGBUILDDIR>>/src'
Makefile:466: recipe for target 'all-recursive' failed
make[2]: *** [all-recursive] Error 1
make[2]: Leaving directory '/<<PKGBUILDDIR>>'
Makefile:375: recipe for target 'all' failed
make[1]: *** [all] Error 2
make[1]: Leaving directory '/<<PKGBUILDDIR>>'
dh_auto_build: make -j1 returned exit code 2
debian/rules:4: recipe for target 'build-arch' failed
make: *** [build-arch] Error 2
dpkg-buildpackage: error: debian/rules build-arch gave error exit status 2
--------------------------------------------------------------------------------
Build finished at 2017-07-06T18:35:35Z

Finished
--------


+------------------------------------------------------------------------------+
| Cleanup                                                                      |
+------------------------------------------------------------------------------+

Purging /<<BUILDDIR>>
Not cleaning session: cloned chroot in use
E: Build failure (dpkg-buildpackage died)

+------------------------------------------------------------------------------+
| Summary                                                                      |
+------------------------------------------------------------------------------+

Build Architecture: amd64
Build Type: any
Build-Space: 19712
Build-Time: 46
Distribution: unstable
Fail-Stage: build
Host Architecture: amd64
Install-Time: 29
Job: ui-utilcpp_1.8.5-1
Machine Architecture: amd64
Package: ui-utilcpp
Package-Time: 95
Source-Version: 1.8.5-1
Space: 19712
Status: attempted
Version: 1.8.5-1
--------------------------------------------------------------------------------
Finished at 2017-07-06T18:35:35Z
Build needed 00:01:35, 19712k disk space
E: Build failure (dpkg-buildpackage died)
DC-Status: Failed 96.088261021s
DC-Time-Estimation: 96.088261021 versus expected 660 (r/m: 5.868685029649539 ; m: 96.088261021)
