DC-Build-Header: clevis 11-2 / 2020-02-25 18:52:30 +0000
DC-Task: type:rebuild-binarch-only source:clevis version:11-2 chroot:unstable esttime:55 logfile:/tmp/clevis_11-2_unstable_clang9.log modes:clang9:binarch-only
DC-Sbuild-call: su user42 -c 'sbuild -n --arch-any --apt-update -d unstable -v --no-run-lintian --chroot-setup-commands=/tmp/clang9 clevis_11-2'
sbuild (Debian sbuild) 0.78.1 (09 February 2019) on ip-172-31-3-240.eu-central-1.compute.internal

+==============================================================================+
| clevis 11-2 (amd64)                          Tue, 25 Feb 2020 18:52:30 +0000 |
+==============================================================================+

Package: clevis
Version: 11-2
Source Version: 11-2
Distribution: unstable
Machine Architecture: amd64
Host Architecture: amd64
Build Architecture: amd64
Build Type: binary

I: NOTICE: Log filtering will replace 'var/run/schroot/mount/sid-amd64-sbuild-3e5a8d55-70f5-4090-8522-755750b20346' with '<<CHROOT>>'

+------------------------------------------------------------------------------+
| Chroot Setup Commands                                                        |
+------------------------------------------------------------------------------+


/tmp/clang9
-----------

+ echo 'Entering customization script...'
Entering customization script...
+ CLANG_VERSION=9
+ echo 'Install of clang-9'
Install of clang-9
+ apt-get update
Get:1 http://127.0.0.1:12990/debian sid InRelease [142 kB]
Get:2 http://127.0.0.1:12990/debian sid/main Sources.diff/Index [27.9 kB]
Get:3 http://127.0.0.1:12990/debian sid/main amd64 Packages.diff/Index [27.9 kB]
Get:4 http://127.0.0.1:12990/debian sid/main Sources 2020-02-24-0823.32.pdiff [11.0 kB]
Get:5 http://127.0.0.1:12990/debian sid/main Sources 2020-02-24-1420.34.pdiff [30.2 kB]
Get:6 http://127.0.0.1:12990/debian sid/main Sources 2020-02-24-2014.03.pdiff [16.9 kB]
Get:7 http://127.0.0.1:12990/debian sid/main Sources 2020-02-25-0213.11.pdiff [23.2 kB]
Get:8 http://127.0.0.1:12990/debian sid/main Sources 2020-02-25-0815.22.pdiff [9222 B]
Get:9 http://127.0.0.1:12990/debian sid/main Sources 2020-02-25-1413.15.pdiff [16.3 kB]
Get:10 http://127.0.0.1:12990/debian sid/main amd64 Packages 2020-02-24-0823.32.pdiff [15.5 kB]
Get:11 http://127.0.0.1:12990/debian sid/main amd64 Packages 2020-02-24-1420.34.pdiff [27.5 kB]
Get:12 http://127.0.0.1:12990/debian sid/main amd64 Packages 2020-02-24-2014.03.pdiff [21.6 kB]
Get:13 http://127.0.0.1:12990/debian sid/main amd64 Packages 2020-02-25-0213.11.pdiff [35.0 kB]
Get:14 http://127.0.0.1:12990/debian sid/main amd64 Packages 2020-02-25-0815.22.pdiff [20.1 kB]
Get:15 http://127.0.0.1:12990/debian sid/main amd64 Packages 2020-02-25-1413.15.pdiff [18.4 kB]
Get:9 http://127.0.0.1:12990/debian sid/main Sources 2020-02-25-1413.15.pdiff [16.3 kB]
Get:15 http://127.0.0.1:12990/debian sid/main amd64 Packages 2020-02-25-1413.15.pdiff [18.4 kB]
Get:16 http://127.0.0.1:12990/debian sid/main Translation-en [6195 kB]
Fetched 6638 kB in 2s (3814 kB/s)
Reading package lists...
+ apt-get install --yes --no-install-recommends --force-yes clang-9 libomp-9-dev libobjc-9-dev
Reading package lists...
Building dependency tree...
The following additional packages will be installed:
  cpp-9 g++-9 gcc-8-base gcc-9 gcc-9-base lib32gcc-s1 lib32gcc1 lib32stdc++6
  libasan5 libbsd0 libc6-i386 libclang-common-9-dev libclang-cpp9 libedit2
  libgc1c2 libgcc-8-dev libgcc-9-dev libllvm9 libmpx2 libobjc-8-dev libobjc4
  libomp5-9 libstdc++-8-dev libstdc++-9-dev libz3-4
Suggested packages:
  clang-9-doc gcc-9-locales g++-9-multilib gcc-9-doc gcc-9-multilib
  libomp-9-doc libstdc++-8-doc libstdc++-9-doc
Recommended packages:
  llvm-9-dev python3
The following NEW packages will be installed:
  clang-9 gcc-8-base lib32gcc-s1 lib32gcc1 lib32stdc++6 libbsd0 libc6-i386
  libclang-common-9-dev libclang-cpp9 libedit2 libgc1c2 libgcc-8-dev libllvm9
  libmpx2 libobjc-8-dev libobjc-9-dev libobjc4 libomp-9-dev libomp5-9
  libstdc++-8-dev libz3-4
The following packages will be upgraded:
  cpp-9 g++-9 gcc-9 gcc-9-base libasan5 libgcc-9-dev libstdc++-9-dev
7 upgraded, 21 newly installed, 0 to remove and 3 not upgraded.
Need to get 78.9 MB of archives.
After this operation, 237 MB of additional disk space will be used.
Get:1 http://127.0.0.1:12990/debian sid/main amd64 libasan5 amd64 9.2.1-30 [389 kB]
Get:2 http://127.0.0.1:12990/debian sid/main amd64 g++-9 amd64 9.2.1-30 [10.7 MB]
Get:3 http://127.0.0.1:12990/debian sid/main amd64 gcc-9 amd64 9.2.1-30 [10.0 MB]
Get:4 http://127.0.0.1:12990/debian sid/main amd64 libstdc++-9-dev amd64 9.2.1-30 [1697 kB]
Get:5 http://127.0.0.1:12990/debian sid/main amd64 libgcc-9-dev amd64 9.2.1-30 [2349 kB]
Get:6 http://127.0.0.1:12990/debian sid/main amd64 cpp-9 amd64 9.2.1-30 [9711 kB]
Get:7 http://127.0.0.1:12990/debian sid/main amd64 gcc-9-base amd64 9.2.1-30 [196 kB]
Get:8 http://127.0.0.1:12990/debian sid/main amd64 libbsd0 amd64 0.10.0-1 [107 kB]
Get:9 http://127.0.0.1:12990/debian sid/main amd64 libedit2 amd64 3.1-20191231-1 [95.4 kB]
Get:10 http://127.0.0.1:12990/debian sid/main amd64 libz3-4 amd64 4.8.7-4 [6790 kB]
Get:11 http://127.0.0.1:12990/debian sid/main amd64 libllvm9 amd64 1:9.0.1-8 [15.0 MB]
Get:12 http://127.0.0.1:12990/debian sid/main amd64 libclang-cpp9 amd64 1:9.0.1-8 [8429 kB]
Get:13 http://127.0.0.1:12990/debian sid/main amd64 gcc-8-base amd64 8.3.0-29 [194 kB]
Get:14 http://127.0.0.1:12990/debian sid/main amd64 libmpx2 amd64 8.3.0-29 [11.4 kB]
Get:15 http://127.0.0.1:12990/debian sid/main amd64 libgcc-8-dev amd64 8.3.0-29 [2297 kB]
Get:16 http://127.0.0.1:12990/debian sid/main amd64 libstdc++-8-dev amd64 8.3.0-29 [1543 kB]
Get:17 http://127.0.0.1:12990/debian sid/main amd64 libgc1c2 amd64 1:7.6.4-0.4 [224 kB]
Get:18 http://127.0.0.1:12990/debian sid/main amd64 libobjc4 amd64 10-20200222-1 [41.6 kB]
Get:19 http://127.0.0.1:12990/debian sid/main amd64 libobjc-8-dev amd64 8.3.0-29 [227 kB]
Get:20 http://127.0.0.1:12990/debian sid/main amd64 libc6-i386 amd64 2.29-10 [2918 kB]
Get:21 http://127.0.0.1:12990/debian sid/main amd64 lib32gcc-s1 amd64 10-20200222-1 [49.4 kB]
Get:22 http://127.0.0.1:12990/debian sid/main amd64 lib32gcc1 amd64 1:10-20200222-1 [1104 B]
Get:23 http://127.0.0.1:12990/debian sid/main amd64 lib32stdc++6 amd64 10-20200222-1 [510 kB]
Get:24 http://127.0.0.1:12990/debian sid/main amd64 libclang-common-9-dev amd64 1:9.0.1-8 [3727 kB]
Get:25 http://127.0.0.1:12990/debian sid/main amd64 clang-9 amd64 1:9.0.1-8 [1156 kB]
Get:26 http://127.0.0.1:12990/debian sid/main amd64 libobjc-9-dev amd64 9.2.1-30 [219 kB]
Get:27 http://127.0.0.1:12990/debian sid/main amd64 libomp5-9 amd64 1:9.0.1-8 [333 kB]
Get:28 http://127.0.0.1:12990/debian sid/main amd64 libomp-9-dev amd64 1:9.0.1-8 [66.2 kB]
debconf: delaying package configuration, since apt-utils is not installed
Fetched 78.9 MB in 1s (104 MB/s)
(Reading database ... (Reading database ... 5%(Reading database ... 10%(Reading database ... 15%(Reading database ... 20%(Reading database ... 25%(Reading database ... 30%(Reading database ... 35%(Reading database ... 40%(Reading database ... 45%(Reading database ... 50%(Reading database ... 55%(Reading database ... 60%(Reading database ... 65%(Reading database ... 70%(Reading database ... 75%(Reading database ... 80%(Reading database ... 85%(Reading database ... 90%(Reading database ... 95%(Reading database ... 100%(Reading database ... 12119 files and directories currently installed.)
Preparing to unpack .../00-libasan5_9.2.1-30_amd64.deb ...
Unpacking libasan5:amd64 (9.2.1-30) over (9.2.1-29) ...
Preparing to unpack .../01-g++-9_9.2.1-30_amd64.deb ...
Unpacking g++-9 (9.2.1-30) over (9.2.1-29) ...
Preparing to unpack .../02-gcc-9_9.2.1-30_amd64.deb ...
Unpacking gcc-9 (9.2.1-30) over (9.2.1-29) ...
Preparing to unpack .../03-libstdc++-9-dev_9.2.1-30_amd64.deb ...
Unpacking libstdc++-9-dev:amd64 (9.2.1-30) over (9.2.1-29) ...
Preparing to unpack .../04-libgcc-9-dev_9.2.1-30_amd64.deb ...
Unpacking libgcc-9-dev:amd64 (9.2.1-30) over (9.2.1-29) ...
Preparing to unpack .../05-cpp-9_9.2.1-30_amd64.deb ...
Unpacking cpp-9 (9.2.1-30) over (9.2.1-29) ...
Preparing to unpack .../06-gcc-9-base_9.2.1-30_amd64.deb ...
Unpacking gcc-9-base:amd64 (9.2.1-30) over (9.2.1-29) ...
Selecting previously unselected package libbsd0:amd64.
Preparing to unpack .../07-libbsd0_0.10.0-1_amd64.deb ...
Unpacking libbsd0:amd64 (0.10.0-1) ...
Selecting previously unselected package libedit2:amd64.
Preparing to unpack .../08-libedit2_3.1-20191231-1_amd64.deb ...
Unpacking libedit2:amd64 (3.1-20191231-1) ...
Selecting previously unselected package libz3-4:amd64.
Preparing to unpack .../09-libz3-4_4.8.7-4_amd64.deb ...
Unpacking libz3-4:amd64 (4.8.7-4) ...
Selecting previously unselected package libllvm9:amd64.
Preparing to unpack .../10-libllvm9_1%3a9.0.1-8_amd64.deb ...
Unpacking libllvm9:amd64 (1:9.0.1-8) ...
Selecting previously unselected package libclang-cpp9.
Preparing to unpack .../11-libclang-cpp9_1%3a9.0.1-8_amd64.deb ...
Unpacking libclang-cpp9 (1:9.0.1-8) ...
Selecting previously unselected package gcc-8-base:amd64.
Preparing to unpack .../12-gcc-8-base_8.3.0-29_amd64.deb ...
Unpacking gcc-8-base:amd64 (8.3.0-29) ...
Selecting previously unselected package libmpx2:amd64.
Preparing to unpack .../13-libmpx2_8.3.0-29_amd64.deb ...
Unpacking libmpx2:amd64 (8.3.0-29) ...
Selecting previously unselected package libgcc-8-dev:amd64.
Preparing to unpack .../14-libgcc-8-dev_8.3.0-29_amd64.deb ...
Unpacking libgcc-8-dev:amd64 (8.3.0-29) ...
Selecting previously unselected package libstdc++-8-dev:amd64.
Preparing to unpack .../15-libstdc++-8-dev_8.3.0-29_amd64.deb ...
Unpacking libstdc++-8-dev:amd64 (8.3.0-29) ...
Selecting previously unselected package libgc1c2:amd64.
Preparing to unpack .../16-libgc1c2_1%3a7.6.4-0.4_amd64.deb ...
Unpacking libgc1c2:amd64 (1:7.6.4-0.4) ...
Selecting previously unselected package libobjc4:amd64.
Preparing to unpack .../17-libobjc4_10-20200222-1_amd64.deb ...
Unpacking libobjc4:amd64 (10-20200222-1) ...
Selecting previously unselected package libobjc-8-dev:amd64.
Preparing to unpack .../18-libobjc-8-dev_8.3.0-29_amd64.deb ...
Unpacking libobjc-8-dev:amd64 (8.3.0-29) ...
Selecting previously unselected package libc6-i386.
Preparing to unpack .../19-libc6-i386_2.29-10_amd64.deb ...
Unpacking libc6-i386 (2.29-10) ...
Selecting previously unselected package lib32gcc-s1.
Preparing to unpack .../20-lib32gcc-s1_10-20200222-1_amd64.deb ...
Unpacking lib32gcc-s1 (10-20200222-1) ...
Selecting previously unselected package lib32gcc1.
Preparing to unpack .../21-lib32gcc1_1%3a10-20200222-1_amd64.deb ...
Unpacking lib32gcc1 (1:10-20200222-1) ...
Selecting previously unselected package lib32stdc++6.
Preparing to unpack .../22-lib32stdc++6_10-20200222-1_amd64.deb ...
Unpacking lib32stdc++6 (10-20200222-1) ...
Selecting previously unselected package libclang-common-9-dev.
Preparing to unpack .../23-libclang-common-9-dev_1%3a9.0.1-8_amd64.deb ...
Unpacking libclang-common-9-dev (1:9.0.1-8) ...
Selecting previously unselected package clang-9.
Preparing to unpack .../24-clang-9_1%3a9.0.1-8_amd64.deb ...
Unpacking clang-9 (1:9.0.1-8) ...
Selecting previously unselected package libobjc-9-dev:amd64.
Preparing to unpack .../25-libobjc-9-dev_9.2.1-30_amd64.deb ...
Unpacking libobjc-9-dev:amd64 (9.2.1-30) ...
Selecting previously unselected package libomp5-9:amd64.
Preparing to unpack .../26-libomp5-9_1%3a9.0.1-8_amd64.deb ...
Unpacking libomp5-9:amd64 (1:9.0.1-8) ...
Selecting previously unselected package libomp-9-dev.
Preparing to unpack .../27-libomp-9-dev_1%3a9.0.1-8_amd64.deb ...
Unpacking libomp-9-dev (1:9.0.1-8) ...
Setting up libgc1c2:amd64 (1:7.6.4-0.4) ...
Setting up libobjc4:amd64 (10-20200222-1) ...
Setting up libz3-4:amd64 (4.8.7-4) ...
Setting up gcc-8-base:amd64 (8.3.0-29) ...
Setting up libmpx2:amd64 (8.3.0-29) ...
Setting up libc6-i386 (2.29-10) ...
Setting up libbsd0:amd64 (0.10.0-1) ...
Setting up gcc-9-base:amd64 (9.2.1-30) ...
Setting up libomp5-9:amd64 (1:9.0.1-8) ...
Setting up libedit2:amd64 (3.1-20191231-1) ...
Setting up libasan5:amd64 (9.2.1-30) ...
Setting up lib32gcc-s1 (10-20200222-1) ...
Setting up libgcc-8-dev:amd64 (8.3.0-29) ...
Setting up libomp-9-dev (1:9.0.1-8) ...
Setting up cpp-9 (9.2.1-30) ...
Setting up libllvm9:amd64 (1:9.0.1-8) ...
Setting up libstdc++-8-dev:amd64 (8.3.0-29) ...
Setting up libclang-cpp9 (1:9.0.1-8) ...
Setting up lib32gcc1 (1:10-20200222-1) ...
Setting up libgcc-9-dev:amd64 (9.2.1-30) ...
Setting up libobjc-8-dev:amd64 (8.3.0-29) ...
Setting up lib32stdc++6 (10-20200222-1) ...
Setting up libobjc-9-dev:amd64 (9.2.1-30) ...
Setting up libclang-common-9-dev (1:9.0.1-8) ...
Setting up gcc-9 (9.2.1-30) ...
Setting up libstdc++-9-dev:amd64 (9.2.1-30) ...
Setting up clang-9 (1:9.0.1-8) ...
Setting up g++-9 (9.2.1-30) ...
Processing triggers for libc-bin (2.29-10) ...
W: --force-yes is deprecated, use one of the options starting with --allow instead.
+ echo 'Replace gcc, g++ & cpp by clang'
Replace gcc, g++ & cpp by clang
+ VERSIONS='4.6 4.7 4.8 4.9 5 6 7 8 9 10'
+ cd /usr/bin
+ for VERSION in $VERSIONS
+ rm -f g++-4.6 gcc-4.6 cpp-4.6 gcc
+ ln -s clang++-9 g++-4.6
+ ln -s clang-9 gcc-4.6
+ ln -s clang-9 cpp-4.6
+ ln -s clang-9 gcc
+ echo 'gcc-4.6 hold'
+ dpkg --set-selections
dpkg: warning: package not in status nor available database at line 1: gcc-4.6
dpkg: warning: found unknown packages; this might mean the available database
is outdated, and needs to be updated through a frontend method;
please see the FAQ <https://wiki.debian.org/Teams/Dpkg/FAQ>
+ echo 'g++-4.6 hold'
+ dpkg --set-selections
dpkg: warning: package not in status nor available database at line 1: g++-4.6
dpkg: warning: found unknown packages; this might mean the available database
is outdated, and needs to be updated through a frontend method;
please see the FAQ <https://wiki.debian.org/Teams/Dpkg/FAQ>
+ for VERSION in $VERSIONS
+ rm -f g++-4.7 gcc-4.7 cpp-4.7 gcc
+ ln -s clang++-9 g++-4.7
+ ln -s clang-9 gcc-4.7
+ ln -s clang-9 cpp-4.7
+ ln -s clang-9 gcc
+ echo 'gcc-4.7 hold'
+ dpkg --set-selections
dpkg: warning: package not in status nor available database at line 1: gcc-4.7
dpkg: warning: found unknown packages; this might mean the available database
is outdated, and needs to be updated through a frontend method;
please see the FAQ <https://wiki.debian.org/Teams/Dpkg/FAQ>
+ echo 'g++-4.7 hold'
+ dpkg --set-selections
dpkg: warning: package not in status nor available database at line 1: g++-4.7
dpkg: warning: found unknown packages; this might mean the available database
is outdated, and needs to be updated through a frontend method;
please see the FAQ <https://wiki.debian.org/Teams/Dpkg/FAQ>
+ for VERSION in $VERSIONS
+ rm -f g++-4.8 gcc-4.8 cpp-4.8 gcc
+ ln -s clang++-9 g++-4.8
+ ln -s clang-9 gcc-4.8
+ ln -s clang-9 cpp-4.8
+ ln -s clang-9 gcc
+ echo 'gcc-4.8 hold'
+ dpkg --set-selections
dpkg: warning: package not in status nor available database at line 1: gcc-4.8
dpkg: warning: found unknown packages; this might mean the available database
is outdated, and needs to be updated through a frontend method;
please see the FAQ <https://wiki.debian.org/Teams/Dpkg/FAQ>
+ echo 'g++-4.8 hold'
+ dpkg --set-selections
dpkg: warning: package not in status nor available database at line 1: g++-4.8
dpkg: warning: found unknown packages; this might mean the available database
is outdated, and needs to be updated through a frontend method;
please see the FAQ <https://wiki.debian.org/Teams/Dpkg/FAQ>
+ for VERSION in $VERSIONS
+ rm -f g++-4.9 gcc-4.9 cpp-4.9 gcc
+ ln -s clang++-9 g++-4.9
+ ln -s clang-9 gcc-4.9
+ ln -s clang-9 cpp-4.9
+ ln -s clang-9 gcc
+ echo 'gcc-4.9 hold'
+ dpkg --set-selections
dpkg: warning: package not in status nor available database at line 1: gcc-4.9
dpkg: warning: found unknown packages; this might mean the available database
is outdated, and needs to be updated through a frontend method;
please see the FAQ <https://wiki.debian.org/Teams/Dpkg/FAQ>
+ echo 'g++-4.9 hold'
+ dpkg --set-selections
dpkg: warning: package not in status nor available database at line 1: g++-4.9
dpkg: warning: found unknown packages; this might mean the available database
is outdated, and needs to be updated through a frontend method;
please see the FAQ <https://wiki.debian.org/Teams/Dpkg/FAQ>
+ for VERSION in $VERSIONS
+ rm -f g++-5 gcc-5 cpp-5 gcc
+ ln -s clang++-9 g++-5
+ ln -s clang-9 gcc-5
+ ln -s clang-9 cpp-5
+ ln -s clang-9 gcc
+ echo 'gcc-5 hold'
+ dpkg --set-selections
dpkg: warning: package not in status nor available database at line 1: gcc-5
dpkg: warning: found unknown packages; this might mean the available database
is outdated, and needs to be updated through a frontend method;
please see the FAQ <https://wiki.debian.org/Teams/Dpkg/FAQ>
+ echo 'g++-5 hold'
+ dpkg --set-selections
dpkg: warning: package not in status nor available database at line 1: g++-5
dpkg: warning: found unknown packages; this might mean the available database
is outdated, and needs to be updated through a frontend method;
please see the FAQ <https://wiki.debian.org/Teams/Dpkg/FAQ>
+ for VERSION in $VERSIONS
+ rm -f g++-6 gcc-6 cpp-6 gcc
+ ln -s clang++-9 g++-6
+ ln -s clang-9 gcc-6
+ ln -s clang-9 cpp-6
+ ln -s clang-9 gcc
+ echo 'gcc-6 hold'
+ dpkg --set-selections
dpkg: warning: package not in status nor available database at line 1: gcc-6
dpkg: warning: found unknown packages; this might mean the available database
is outdated, and needs to be updated through a frontend method;
please see the FAQ <https://wiki.debian.org/Teams/Dpkg/FAQ>
+ echo 'g++-6 hold'
+ dpkg --set-selections
dpkg: warning: package not in status nor available database at line 1: g++-6
dpkg: warning: found unknown packages; this might mean the available database
is outdated, and needs to be updated through a frontend method;
please see the FAQ <https://wiki.debian.org/Teams/Dpkg/FAQ>
+ for VERSION in $VERSIONS
+ rm -f g++-7 gcc-7 cpp-7 gcc
+ ln -s clang++-9 g++-7
+ ln -s clang-9 gcc-7
+ ln -s clang-9 cpp-7
+ ln -s clang-9 gcc
+ echo 'gcc-7 hold'
+ dpkg --set-selections
dpkg: warning: package not in status nor available database at line 1: gcc-7
dpkg: warning: found unknown packages; this might mean the available database
is outdated, and needs to be updated through a frontend method;
please see the FAQ <https://wiki.debian.org/Teams/Dpkg/FAQ>
+ echo 'g++-7 hold'
+ dpkg --set-selections
dpkg: warning: package not in status nor available database at line 1: g++-7
dpkg: warning: found unknown packages; this might mean the available database
is outdated, and needs to be updated through a frontend method;
please see the FAQ <https://wiki.debian.org/Teams/Dpkg/FAQ>
+ for VERSION in $VERSIONS
+ rm -f g++-8 gcc-8 cpp-8 gcc
+ ln -s clang++-9 g++-8
+ ln -s clang-9 gcc-8
+ ln -s clang-9 cpp-8
+ ln -s clang-9 gcc
+ echo 'gcc-8 hold'
+ dpkg --set-selections
dpkg: warning: package not in status nor available database at line 1: gcc-8
dpkg: warning: found unknown packages; this might mean the available database
is outdated, and needs to be updated through a frontend method;
please see the FAQ <https://wiki.debian.org/Teams/Dpkg/FAQ>
+ echo 'g++-8 hold'
+ dpkg --set-selections
dpkg: warning: package not in status nor available database at line 1: g++-8
dpkg: warning: found unknown packages; this might mean the available database
is outdated, and needs to be updated through a frontend method;
please see the FAQ <https://wiki.debian.org/Teams/Dpkg/FAQ>
+ for VERSION in $VERSIONS
+ rm -f g++-9 gcc-9 cpp-9 gcc
+ ln -s clang++-9 g++-9
+ ln -s clang-9 gcc-9
+ ln -s clang-9 cpp-9
+ ln -s clang-9 gcc
+ echo 'gcc-9 hold'
+ dpkg --set-selections
+ echo 'g++-9 hold'
+ dpkg --set-selections
+ for VERSION in $VERSIONS
+ rm -f g++-10 gcc-10 cpp-10 gcc
+ ln -s clang++-9 g++-10
+ ln -s clang-9 gcc-10
+ ln -s clang-9 cpp-10
+ ln -s clang-9 gcc
+ echo 'gcc-10 hold'
+ dpkg --set-selections
dpkg: warning: package not in status nor available database at line 1: gcc-10
dpkg: warning: found unknown packages; this might mean the available database
is outdated, and needs to be updated through a frontend method;
please see the FAQ <https://wiki.debian.org/Teams/Dpkg/FAQ>
+ echo 'g++-10 hold'
+ dpkg --set-selections
dpkg: warning: package not in status nor available database at line 1: g++-10
dpkg: warning: found unknown packages; this might mean the available database
is outdated, and needs to be updated through a frontend method;
please see the FAQ <https://wiki.debian.org/Teams/Dpkg/FAQ>
+ cd -
/build/clevis-4V4KlK
+ echo 'Check if gcc, g++ & cpp are actually clang'
Check if gcc, g++ & cpp are actually clang
+ gcc --version
+ grep clang
+ cpp --version
+ grep clang
+ g++ --version
+ grep clang

I: Finished running '/tmp/clang9'.

Finished processing commands.
--------------------------------------------------------------------------------
I: NOTICE: Log filtering will replace 'build/clevis-4V4KlK/resolver-wLkRNW' with '<<RESOLVERDIR>>'

+------------------------------------------------------------------------------+
| Update chroot                                                                |
+------------------------------------------------------------------------------+

Hit:1 http://127.0.0.1:12990/debian sid InRelease
Reading package lists...
Reading package lists...
Building dependency tree...
Reading state information...
Calculating upgrade...
The following packages will be upgraded:
  bash libgmp10 zlib1g
3 upgraded, 0 newly installed, 0 to remove and 0 not upgraded.
Need to get 1722 kB of archives.
After this operation, 4096 B of additional disk space will be used.
Get:1 http://127.0.0.1:12990/debian sid/main amd64 bash amd64 5.0-6 [1379 kB]
Get:2 http://127.0.0.1:12990/debian sid/main amd64 libgmp10 amd64 2:6.2.0+dfsg-4 [253 kB]
Get:3 http://127.0.0.1:12990/debian sid/main amd64 zlib1g amd64 1:1.2.11.dfsg-2 [90.4 kB]
debconf: delaying package configuration, since apt-utils is not installed
Fetched 1722 kB in 0s (68.2 MB/s)
(Reading database ... (Reading database ... 5%(Reading database ... 10%(Reading database ... 15%(Reading database ... 20%(Reading database ... 25%(Reading database ... 30%(Reading database ... 35%(Reading database ... 40%(Reading database ... 45%(Reading database ... 50%(Reading database ... 55%(Reading database ... 60%(Reading database ... 65%(Reading database ... 70%(Reading database ... 75%(Reading database ... 80%(Reading database ... 85%(Reading database ... 90%(Reading database ... 95%(Reading database ... 100%(Reading database ... 13921 files and directories currently installed.)
Preparing to unpack .../archives/bash_5.0-6_amd64.deb ...
Unpacking bash (5.0-6) over (5.0-5) ...
Setting up bash (5.0-6) ...
update-alternatives: using /usr/share/man/man7/bash-builtins.7.gz to provide /usr/share/man/man7/builtins.7.gz (builtins.7.gz) in auto mode
(Reading database ... (Reading database ... 5%(Reading database ... 10%(Reading database ... 15%(Reading database ... 20%(Reading database ... 25%(Reading database ... 30%(Reading database ... 35%(Reading database ... 40%(Reading database ... 45%(Reading database ... 50%(Reading database ... 55%(Reading database ... 60%(Reading database ... 65%(Reading database ... 70%(Reading database ... 75%(Reading database ... 80%(Reading database ... 85%(Reading database ... 90%(Reading database ... 95%(Reading database ... 100%(Reading database ... 13921 files and directories currently installed.)
Preparing to unpack .../libgmp10_2%3a6.2.0+dfsg-4_amd64.deb ...
Unpacking libgmp10:amd64 (2:6.2.0+dfsg-4) over (2:6.2.0+dfsg-3) ...
Setting up libgmp10:amd64 (2:6.2.0+dfsg-4) ...
(Reading database ... (Reading database ... 5%(Reading database ... 10%(Reading database ... 15%(Reading database ... 20%(Reading database ... 25%(Reading database ... 30%(Reading database ... 35%(Reading database ... 40%(Reading database ... 45%(Reading database ... 50%(Reading database ... 55%(Reading database ... 60%(Reading database ... 65%(Reading database ... 70%(Reading database ... 75%(Reading database ... 80%(Reading database ... 85%(Reading database ... 90%(Reading database ... 95%(Reading database ... 100%(Reading database ... 13921 files and directories currently installed.)
Preparing to unpack .../zlib1g_1%3a1.2.11.dfsg-2_amd64.deb ...
Unpacking zlib1g:amd64 (1:1.2.11.dfsg-2) over (1:1.2.11.dfsg-1.2) ...
Setting up zlib1g:amd64 (1:1.2.11.dfsg-2) ...
Processing triggers for libc-bin (2.29-10) ...

+------------------------------------------------------------------------------+
| Fetch source files                                                           |
+------------------------------------------------------------------------------+


Check APT
---------

Checking available source versions...

Download source files with APT
------------------------------

Reading package lists...
NOTICE: 'clevis' packaging is maintained in the 'Git' version control system at:
https://git.in-ulm.de/cbiedl/clevis.git
Please use:
git clone https://git.in-ulm.de/cbiedl/clevis.git
to retrieve the latest (possibly unreleased) updates to the package.
Need to get 43.7 kB of source archives.
Get:1 http://127.0.0.1:12990/debian sid/main clevis 11-2 (dsc) [2321 B]
Get:2 http://127.0.0.1:12990/debian sid/main clevis 11-2 (tar) [37.2 kB]
Get:3 http://127.0.0.1:12990/debian sid/main clevis 11-2 (diff) [4192 B]
Fetched 43.7 kB in 0s (600 kB/s)
Download complete and in download only mode
I: NOTICE: Log filtering will replace 'build/clevis-4V4KlK/clevis-11' with '<<PKGBUILDDIR>>'
I: NOTICE: Log filtering will replace 'build/clevis-4V4KlK' with '<<BUILDDIR>>'

+------------------------------------------------------------------------------+
| Install package build dependencies                                           |
+------------------------------------------------------------------------------+


Setup apt archive
-----------------

Merged Build-Depends: debhelper (>= 11~), asciidoctor, curl, dracut (>= 047+31-1~), jose, libaudit-dev (>= 1:2.7.8), libglib2.0-dev, libjansson4 (>= 2.10), libjose-dev, libluksmeta-dev (>= 8), libpwquality-tools, libssl-dev, libudisks2-dev, meson, systemd, tang, tpm2-tools, build-essential, fakeroot
Filtered Build-Depends: debhelper (>= 11~), asciidoctor, curl, dracut (>= 047+31-1~), jose, libaudit-dev (>= 1:2.7.8), libglib2.0-dev, libjansson4 (>= 2.10), libjose-dev, libluksmeta-dev (>= 8), libpwquality-tools, libssl-dev, libudisks2-dev, meson, systemd, tang, tpm2-tools, build-essential, fakeroot
dpkg-deb: building package 'sbuild-build-depends-main-dummy' in '/<<RESOLVERDIR>>/apt_archive/sbuild-build-depends-main-dummy.deb'.
Ign:1 copy:/<<RESOLVERDIR>>/apt_archive ./ InRelease
Get:2 copy:/<<RESOLVERDIR>>/apt_archive ./ Release [957 B]
Ign:3 copy:/<<RESOLVERDIR>>/apt_archive ./ Release.gpg
Get:4 copy:/<<RESOLVERDIR>>/apt_archive ./ Sources [486 B]
Get:5 copy:/<<RESOLVERDIR>>/apt_archive ./ Packages [568 B]
Fetched 2011 B in 0s (0 B/s)
Reading package lists...
Reading package lists...

Install main build dependencies (apt-based resolver)
----------------------------------------------------

Installing build dependencies
Reading package lists...
Building dependency tree...
Reading state information...
The following additional packages will be installed:
  asciidoctor autoconf automake autopoint autotools-dev bsdmainutils
  ca-certificates cpio curl debhelper dh-autoreconf dh-strip-nondeterminism
  dmsetup dracut dracut-core dwz file gettext gettext-base gir1.2-glib-2.0
  gir1.2-udisks-2.0 groff-base intltool-debian jose kmod kpartx libapparmor1
  libarchive-zip-perl libargon2-1 libaudit-dev libblkid-dev libbrotli1
  libcap-ng-dev libcap2 libcrack2 libcroco3 libcryptsetup-dev libcryptsetup12
  libcurl3-gnutls libcurl4 libdebhelper-perl libdevmapper1.02.1 libelf1
  libexpat1 libffi-dev libfile-stripnondeterminism-perl libgirepository-1.0-1
  libglib2.0-0 libglib2.0-bin libglib2.0-data libglib2.0-dev
  libglib2.0-dev-bin libgssapi-krb5-2 libhttp-parser2.9 libicu63 libip4tc2
  libjansson-dev libjansson4 libjose-dev libjose0 libjson-c4 libk5crypto3
  libkeyutils1 libkmod2 libkrb5-3 libkrb5support0 libldap-2.4-2 libldap-common
  libluksmeta-dev libluksmeta0 libmagic-mgc libmagic1 libmount-dev libmpdec2
  libnghttp2-14 libpcre16-3 libpcre2-16-0 libpcre2-32-0 libpcre2-dev
  libpcre2-posix2 libpcre3-dev libpcre32-3 libpcrecpp0v5 libpipeline1 libpsl5
  libpwquality-common libpwquality-tools libpwquality1 libpython3-stdlib
  libpython3.7-minimal libpython3.7-stdlib libreadline8 librtmp1 libruby2.5
  libsasl2-2 libsasl2-modules-db libselinux1-dev libsepol1-dev libsigsegv2
  libsqlite3-0 libssh2-1 libssl-dev libssl1.1 libsub-override-perl libtool
  libtss2-esys0 libuchardet0 libudisks2-0 libudisks2-dev libxml2 libyaml-0-2
  m4 man-db meson mime-support ninja-build openssl pkg-config po-debconf
  python3 python3-distutils python3-lib2to3 python3-minimal python3.7
  python3.7-minimal rake readline-common ruby ruby-asciidoctor
  ruby-did-you-mean ruby-minitest ruby-net-telnet ruby-power-assert
  ruby-test-unit ruby-xmlrpc ruby2.5 rubygems-integration sensible-utils
  systemd tang tpm-udev tpm2-tools udev uuid-dev zlib1g-dev
Suggested packages:
  autoconf-archive gnu-standards autoconf-doc wamerican | wordlist whois
  vacation libarchive1 dh-make dracut-network gettext-doc libasprintf-dev
  libgettextpo-dev groff libgirepository1.0-dev libglib2.0-doc
  libgdk-pixbuf2.0-bin | libgdk-pixbuf2.0-dev libxml2-utils krb5-doc krb5-user
  libssl-doc libtool-doc gfortran | fortran95-compiler gcj-jdk m4-doc apparmor
  less www-browser libmail-box-perl python3-doc python3-tk python3-venv
  python3.7-venv python3.7-doc binfmt-support readline-doc ri ruby-dev bundler
  systemd-container policykit-1
Recommended packages:
  cryptsetup dmraid lvm2 mdadm console-setup cracklib-runtime
  libarchive-cpio-perl shared-mime-info xdg-user-dirs krb5-locales
  publicsuffix libsasl2-modules libltdl-dev libmail-sendmail-perl zip
  fonts-lato libjs-jquery dbus
The following NEW packages will be installed:
  asciidoctor autoconf automake autopoint autotools-dev bsdmainutils
  ca-certificates cpio curl debhelper dh-autoreconf dh-strip-nondeterminism
  dmsetup dracut dracut-core dwz file gettext gettext-base gir1.2-glib-2.0
  gir1.2-udisks-2.0 groff-base intltool-debian jose kmod kpartx libapparmor1
  libarchive-zip-perl libargon2-1 libaudit-dev libblkid-dev libbrotli1
  libcap-ng-dev libcap2 libcrack2 libcroco3 libcryptsetup-dev libcryptsetup12
  libcurl3-gnutls libcurl4 libdebhelper-perl libdevmapper1.02.1 libelf1
  libexpat1 libffi-dev libfile-stripnondeterminism-perl libgirepository-1.0-1
  libglib2.0-0 libglib2.0-bin libglib2.0-data libglib2.0-dev
  libglib2.0-dev-bin libgssapi-krb5-2 libhttp-parser2.9 libicu63 libip4tc2
  libjansson-dev libjansson4 libjose-dev libjose0 libjson-c4 libk5crypto3
  libkeyutils1 libkmod2 libkrb5-3 libkrb5support0 libldap-2.4-2 libldap-common
  libluksmeta-dev libluksmeta0 libmagic-mgc libmagic1 libmount-dev libmpdec2
  libnghttp2-14 libpcre16-3 libpcre2-16-0 libpcre2-32-0 libpcre2-dev
  libpcre2-posix2 libpcre3-dev libpcre32-3 libpcrecpp0v5 libpipeline1 libpsl5
  libpwquality-common libpwquality-tools libpwquality1 libpython3-stdlib
  libpython3.7-minimal libpython3.7-stdlib libreadline8 librtmp1 libruby2.5
  libsasl2-2 libsasl2-modules-db libselinux1-dev libsepol1-dev libsigsegv2
  libsqlite3-0 libssh2-1 libssl-dev libssl1.1 libsub-override-perl libtool
  libtss2-esys0 libuchardet0 libudisks2-0 libudisks2-dev libxml2 libyaml-0-2
  m4 man-db meson mime-support ninja-build openssl pkg-config po-debconf
  python3 python3-distutils python3-lib2to3 python3-minimal python3.7
  python3.7-minimal rake readline-common ruby ruby-asciidoctor
  ruby-did-you-mean ruby-minitest ruby-net-telnet ruby-power-assert
  ruby-test-unit ruby-xmlrpc ruby2.5 rubygems-integration
  sbuild-build-depends-main-dummy sensible-utils systemd tang tpm-udev
  tpm2-tools udev uuid-dev zlib1g-dev
0 upgraded, 146 newly installed, 0 to remove and 0 not upgraded.
Need to get 52.7 MB of archives.
After this operation, 214 MB of additional disk space will be used.
Get:1 copy:/<<RESOLVERDIR>>/apt_archive ./ sbuild-build-depends-main-dummy 0.invalid.0 [1000 B]
Get:2 http://127.0.0.1:12990/debian sid/main amd64 libapparmor1 amd64 2.13.3-7 [96.8 kB]
Get:3 http://127.0.0.1:12990/debian sid/main amd64 libcap2 amd64 1:2.32-1 [20.4 kB]
Get:4 http://127.0.0.1:12990/debian sid/main amd64 libargon2-1 amd64 0~20171227-0.2 [19.6 kB]
Get:5 http://127.0.0.1:12990/debian sid/main amd64 dmsetup amd64 2:1.02.167-1 [91.1 kB]
Get:6 http://127.0.0.1:12990/debian sid/main amd64 libdevmapper1.02.1 amd64 2:1.02.167-1 [142 kB]
Get:7 http://127.0.0.1:12990/debian sid/main amd64 libjson-c4 amd64 0.13.1+dfsg-7 [36.7 kB]
Get:8 http://127.0.0.1:12990/debian sid/main amd64 libssl1.1 amd64 1.1.1d-2 [1540 kB]
Get:9 http://127.0.0.1:12990/debian sid/main amd64 libcryptsetup12 amd64 2:2.2.2-3 [229 kB]
Get:10 http://127.0.0.1:12990/debian sid/main amd64 libip4tc2 amd64 1.8.4-3 [69.1 kB]
Get:11 http://127.0.0.1:12990/debian sid/main amd64 libkmod2 amd64 27-1 [54.7 kB]
Get:12 http://127.0.0.1:12990/debian sid/main amd64 systemd amd64 244.3-1 [3831 kB]
Get:13 http://127.0.0.1:12990/debian sid/main amd64 bsdmainutils amd64 11.1.2+b1 [191 kB]
Get:14 http://127.0.0.1:12990/debian sid/main amd64 libuchardet0 amd64 0.0.6-3 [64.9 kB]
Get:15 http://127.0.0.1:12990/debian sid/main amd64 groff-base amd64 1.22.4-4 [919 kB]
Get:16 http://127.0.0.1:12990/debian sid/main amd64 libpipeline1 amd64 1.5.2-2 [33.9 kB]
Get:17 http://127.0.0.1:12990/debian sid/main amd64 man-db amd64 2.9.0-2 [1307 kB]
Get:18 http://127.0.0.1:12990/debian sid/main amd64 libpython3.7-minimal amd64 3.7.6-1+b1 [591 kB]
Get:19 http://127.0.0.1:12990/debian sid/main amd64 libexpat1 amd64 2.2.9-1 [94.3 kB]
Get:20 http://127.0.0.1:12990/debian sid/main amd64 python3.7-minimal amd64 3.7.6-1+b1 [1813 kB]
Get:21 http://127.0.0.1:12990/debian sid/main amd64 python3-minimal amd64 3.7.5-3 [36.8 kB]
Get:22 http://127.0.0.1:12990/debian sid/main amd64 mime-support all 3.64 [37.8 kB]
Get:23 http://127.0.0.1:12990/debian sid/main amd64 libmpdec2 amd64 2.4.2-2 [87.2 kB]
Get:24 http://127.0.0.1:12990/debian sid/main amd64 readline-common all 8.0-4 [72.5 kB]
Get:25 http://127.0.0.1:12990/debian sid/main amd64 libreadline8 amd64 8.0-4 [160 kB]
Get:26 http://127.0.0.1:12990/debian sid/main amd64 libsqlite3-0 amd64 3.31.1-3 [661 kB]
Get:27 http://127.0.0.1:12990/debian sid/main amd64 libpython3.7-stdlib amd64 3.7.6-1+b1 [1735 kB]
Get:28 http://127.0.0.1:12990/debian sid/main amd64 python3.7 amd64 3.7.6-1+b1 [351 kB]
Get:29 http://127.0.0.1:12990/debian sid/main amd64 libpython3-stdlib amd64 3.7.5-3 [20.2 kB]
Get:30 http://127.0.0.1:12990/debian sid/main amd64 python3 amd64 3.7.5-3 [62.1 kB]
Get:31 http://127.0.0.1:12990/debian sid/main amd64 cpio amd64 2.13+dfsg-2 [243 kB]
Get:32 http://127.0.0.1:12990/debian sid/main amd64 kmod amd64 27-1 [92.0 kB]
Get:33 http://127.0.0.1:12990/debian sid/main amd64 sensible-utils all 0.0.12+nmu1 [16.0 kB]
Get:34 http://127.0.0.1:12990/debian sid/main amd64 udev amd64 244.3-1 [1436 kB]
Get:35 http://127.0.0.1:12990/debian sid/main amd64 libmagic-mgc amd64 1:5.38-4 [262 kB]
Get:36 http://127.0.0.1:12990/debian sid/main amd64 libmagic1 amd64 1:5.38-4 [120 kB]
Get:37 http://127.0.0.1:12990/debian sid/main amd64 file amd64 1:5.38-4 [67.9 kB]
Get:38 http://127.0.0.1:12990/debian sid/main amd64 gettext-base amd64 0.19.8.1-10 [123 kB]
Get:39 http://127.0.0.1:12990/debian sid/main amd64 openssl amd64 1.1.1d-2 [840 kB]
Get:40 http://127.0.0.1:12990/debian sid/main amd64 ca-certificates all 20190110 [157 kB]
Get:41 http://127.0.0.1:12990/debian sid/main amd64 rubygems-integration all 1.16 [5632 B]
Get:42 http://127.0.0.1:12990/debian sid/main amd64 rake all 13.0.1-2 [67.9 kB]
Get:43 http://127.0.0.1:12990/debian sid/main amd64 ruby-did-you-mean all 1.2.1-1 [14.4 kB]
Get:44 http://127.0.0.1:12990/debian sid/main amd64 ruby-minitest all 5.13.0-1 [57.3 kB]
Get:45 http://127.0.0.1:12990/debian sid/main amd64 ruby-net-telnet all 0.1.1-2 [12.5 kB]
Get:46 http://127.0.0.1:12990/debian sid/main amd64 ruby-power-assert all 1.1.5-1 [11.3 kB]
Get:47 http://127.0.0.1:12990/debian sid/main amd64 ruby-test-unit all 3.3.4-1 [85.1 kB]
Get:48 http://127.0.0.1:12990/debian sid/main amd64 ruby-xmlrpc all 0.3.0-2 [23.7 kB]
Get:49 http://127.0.0.1:12990/debian sid/main amd64 libyaml-0-2 amd64 0.2.2-1 [49.6 kB]
Get:50 http://127.0.0.1:12990/debian sid/main amd64 libruby2.5 amd64 2.5.7-1+b1 [3412 kB]
Get:51 http://127.0.0.1:12990/debian sid/main amd64 ruby2.5 amd64 2.5.7-1+b1 [375 kB]
Get:52 http://127.0.0.1:12990/debian sid/main amd64 ruby amd64 1:2.5.7.1 [11.7 kB]
Get:53 http://127.0.0.1:12990/debian sid/main amd64 ruby-asciidoctor all 2.0.10-2 [201 kB]
Get:54 http://127.0.0.1:12990/debian sid/main amd64 asciidoctor all 2.0.10-2 [77.7 kB]
Get:55 http://127.0.0.1:12990/debian sid/main amd64 libsigsegv2 amd64 2.12-2 [32.8 kB]
Get:56 http://127.0.0.1:12990/debian sid/main amd64 m4 amd64 1.4.18-4 [203 kB]
Get:57 http://127.0.0.1:12990/debian sid/main amd64 autoconf all 2.69-11.1 [341 kB]
Get:58 http://127.0.0.1:12990/debian sid/main amd64 autotools-dev all 20180224.1 [77.0 kB]
Get:59 http://127.0.0.1:12990/debian sid/main amd64 automake all 1:1.16.1-4 [771 kB]
Get:60 http://127.0.0.1:12990/debian sid/main amd64 autopoint all 0.19.8.1-10 [435 kB]
Get:61 http://127.0.0.1:12990/debian sid/main amd64 libbrotli1 amd64 1.0.7-6 [266 kB]
Get:62 http://127.0.0.1:12990/debian sid/main amd64 libkeyutils1 amd64 1.6.1-2 [15.4 kB]
Get:63 http://127.0.0.1:12990/debian sid/main amd64 libkrb5support0 amd64 1.17-6 [64.6 kB]
Get:64 http://127.0.0.1:12990/debian sid/main amd64 libk5crypto3 amd64 1.17-6 [116 kB]
Get:65 http://127.0.0.1:12990/debian sid/main amd64 libkrb5-3 amd64 1.17-6 [366 kB]
Get:66 http://127.0.0.1:12990/debian sid/main amd64 libgssapi-krb5-2 amd64 1.17-6 [156 kB]
Get:67 http://127.0.0.1:12990/debian sid/main amd64 libsasl2-modules-db amd64 2.1.27+dfsg-2 [69.0 kB]
Get:68 http://127.0.0.1:12990/debian sid/main amd64 libsasl2-2 amd64 2.1.27+dfsg-2 [106 kB]
Get:69 http://127.0.0.1:12990/debian sid/main amd64 libldap-common all 2.4.49+dfsg-1 [91.9 kB]
Get:70 http://127.0.0.1:12990/debian sid/main amd64 libldap-2.4-2 amd64 2.4.49+dfsg-1 [226 kB]
Get:71 http://127.0.0.1:12990/debian sid/main amd64 libnghttp2-14 amd64 1.40.0-1 [85.0 kB]
Get:72 http://127.0.0.1:12990/debian sid/main amd64 libpsl5 amd64 0.20.2-2 [53.7 kB]
Get:73 http://127.0.0.1:12990/debian sid/main amd64 librtmp1 amd64 2.4+20151223.gitfa8646d.1-2+b1 [60.8 kB]
Get:74 http://127.0.0.1:12990/debian sid/main amd64 libssh2-1 amd64 1.8.0-2.1 [140 kB]
Get:75 http://127.0.0.1:12990/debian sid/main amd64 libcurl4 amd64 7.68.0-1 [321 kB]
Get:76 http://127.0.0.1:12990/debian sid/main amd64 curl amd64 7.68.0-1 [249 kB]
Get:77 http://127.0.0.1:12990/debian sid/main amd64 libtool all 2.4.6-13 [513 kB]
Get:78 http://127.0.0.1:12990/debian sid/main amd64 dh-autoreconf all 19 [16.9 kB]
Get:79 http://127.0.0.1:12990/debian sid/main amd64 libdebhelper-perl all 12.9 [183 kB]
Get:80 http://127.0.0.1:12990/debian sid/main amd64 libarchive-zip-perl all 1.67-1 [104 kB]
Get:81 http://127.0.0.1:12990/debian sid/main amd64 libsub-override-perl all 0.09-2 [10.2 kB]
Get:82 http://127.0.0.1:12990/debian sid/main amd64 libfile-stripnondeterminism-perl all 1.6.3-2 [23.7 kB]
Get:83 http://127.0.0.1:12990/debian sid/main amd64 dh-strip-nondeterminism all 1.6.3-2 [14.7 kB]
Get:84 http://127.0.0.1:12990/debian sid/main amd64 libelf1 amd64 0.176-1.1 [161 kB]
Get:85 http://127.0.0.1:12990/debian sid/main amd64 dwz amd64 0.13-5 [151 kB]
Get:86 http://127.0.0.1:12990/debian sid/main amd64 libglib2.0-0 amd64 2.62.4-2 [1319 kB]
Get:87 http://127.0.0.1:12990/debian sid/main amd64 libicu63 amd64 63.2-2 [8301 kB]
Get:88 http://127.0.0.1:12990/debian sid/main amd64 libxml2 amd64 2.9.10+dfsg-3 [709 kB]
Get:89 http://127.0.0.1:12990/debian sid/main amd64 libcroco3 amd64 0.6.13-1 [146 kB]
Get:90 http://127.0.0.1:12990/debian sid/main amd64 gettext amd64 0.19.8.1-10 [1303 kB]
Get:91 http://127.0.0.1:12990/debian sid/main amd64 intltool-debian all 0.35.0+20060710.5 [26.8 kB]
Get:92 http://127.0.0.1:12990/debian sid/main amd64 po-debconf all 1.0.21 [248 kB]
Get:93 http://127.0.0.1:12990/debian sid/main amd64 debhelper all 12.9 [994 kB]
Get:94 http://127.0.0.1:12990/debian sid/main amd64 kpartx amd64 0.8.3-1 [38.4 kB]
Get:95 http://127.0.0.1:12990/debian sid/main amd64 pkg-config amd64 0.29-6 [63.5 kB]
Get:96 http://127.0.0.1:12990/debian sid/main amd64 dracut-core amd64 048+80-2+b1 [255 kB]
Get:97 http://127.0.0.1:12990/debian sid/main amd64 dracut all 048+80-2 [7836 B]
Get:98 http://127.0.0.1:12990/debian sid/main amd64 libgirepository-1.0-1 amd64 1.62.0-5 [95.3 kB]
Get:99 http://127.0.0.1:12990/debian sid/main amd64 gir1.2-glib-2.0 amd64 1.62.0-5 [146 kB]
Get:100 http://127.0.0.1:12990/debian sid/main amd64 libudisks2-0 amd64 2.8.4-1 [108 kB]
Get:101 http://127.0.0.1:12990/debian sid/main amd64 gir1.2-udisks-2.0 amd64 2.8.4-1 [27.6 kB]
Get:102 http://127.0.0.1:12990/debian sid/main amd64 libjansson4 amd64 2.12-1 [38.0 kB]
Get:103 http://127.0.0.1:12990/debian sid/main amd64 libjose0 amd64 10-2 [40.6 kB]
Get:104 http://127.0.0.1:12990/debian sid/main amd64 jose amd64 10-2 [41.3 kB]
Get:105 http://127.0.0.1:12990/debian sid/main amd64 libcap-ng-dev amd64 0.7.9-2.1+b1 [26.9 kB]
Get:106 http://127.0.0.1:12990/debian sid/main amd64 libaudit-dev amd64 1:2.8.5-2+b1 [88.4 kB]
Get:107 http://127.0.0.1:12990/debian sid/main amd64 uuid-dev amd64 2.34-0.1 [93.5 kB]
Get:108 http://127.0.0.1:12990/debian sid/main amd64 libblkid-dev amd64 2.34-0.1 [226 kB]
Get:109 http://127.0.0.1:12990/debian sid/main amd64 libcrack2 amd64 2.9.6-3.1 [56.0 kB]
Get:110 http://127.0.0.1:12990/debian sid/main amd64 libcryptsetup-dev amd64 2:2.2.2-3 [68.8 kB]
Get:111 http://127.0.0.1:12990/debian sid/main amd64 libcurl3-gnutls amd64 7.68.0-1 [319 kB]
Get:112 http://127.0.0.1:12990/debian sid/main amd64 libffi-dev amd64 3.3-3 [56.4 kB]
Get:113 http://127.0.0.1:12990/debian sid/main amd64 libglib2.0-data all 2.62.4-2 [1121 kB]
Get:114 http://127.0.0.1:12990/debian sid/main amd64 libglib2.0-bin amd64 2.62.4-2 [132 kB]
Get:115 http://127.0.0.1:12990/debian sid/main amd64 python3-lib2to3 all 3.8.0-1 [78.3 kB]
Get:116 http://127.0.0.1:12990/debian sid/main amd64 python3-distutils all 3.8.0-1 [145 kB]
Get:117 http://127.0.0.1:12990/debian sid/main amd64 libglib2.0-dev-bin amd64 2.62.4-2 [165 kB]
Get:118 http://127.0.0.1:12990/debian sid/main amd64 libmount-dev amd64 2.34-0.1 [236 kB]
Get:119 http://127.0.0.1:12990/debian sid/main amd64 libpcre16-3 amd64 2:8.39-12+b1 [259 kB]
Get:120 http://127.0.0.1:12990/debian sid/main amd64 libpcre32-3 amd64 2:8.39-12+b1 [250 kB]
Get:121 http://127.0.0.1:12990/debian sid/main amd64 libpcrecpp0v5 amd64 2:8.39-12+b1 [152 kB]
Get:122 http://127.0.0.1:12990/debian sid/main amd64 libpcre3-dev amd64 2:8.39-12+b1 [653 kB]
Get:123 http://127.0.0.1:12990/debian sid/main amd64 libsepol1-dev amd64 3.0-1 [336 kB]
Get:124 http://127.0.0.1:12990/debian sid/main amd64 libpcre2-16-0 amd64 10.34-7 [219 kB]
Get:125 http://127.0.0.1:12990/debian sid/main amd64 libpcre2-32-0 amd64 10.34-7 [208 kB]
Get:126 http://127.0.0.1:12990/debian sid/main amd64 libpcre2-posix2 amd64 10.34-7 [45.2 kB]
Get:127 http://127.0.0.1:12990/debian sid/main amd64 libpcre2-dev amd64 10.34-7 [709 kB]
Get:128 http://127.0.0.1:12990/debian sid/main amd64 libselinux1-dev amd64 3.0-1+b1 [171 kB]
Get:129 http://127.0.0.1:12990/debian sid/main amd64 zlib1g-dev amd64 1:1.2.11.dfsg-2 [190 kB]
Get:130 http://127.0.0.1:12990/debian sid/main amd64 libglib2.0-dev amd64 2.62.4-2 [1542 kB]
Get:131 http://127.0.0.1:12990/debian sid/main amd64 libhttp-parser2.9 amd64 2.9.2-2 [21.3 kB]
Get:132 http://127.0.0.1:12990/debian sid/main amd64 libjansson-dev amd64 2.12-1 [40.5 kB]
Get:133 http://127.0.0.1:12990/debian sid/main amd64 libssl-dev amd64 1.1.1d-2 [1797 kB]
Get:134 http://127.0.0.1:12990/debian sid/main amd64 libjose-dev amd64 10-2 [25.9 kB]
Get:135 http://127.0.0.1:12990/debian sid/main amd64 libluksmeta0 amd64 9-3 [7904 B]
Get:136 http://127.0.0.1:12990/debian sid/main amd64 libluksmeta-dev amd64 9-3 [3640 B]
Get:137 http://127.0.0.1:12990/debian sid/main amd64 libpwquality-common all 1.4.2-1 [47.9 kB]
Get:138 http://127.0.0.1:12990/debian sid/main amd64 libpwquality1 amd64 1.4.2-1 [13.4 kB]
Get:139 http://127.0.0.1:12990/debian sid/main amd64 libpwquality-tools amd64 1.4.2-1 [11.8 kB]
Get:140 http://127.0.0.1:12990/debian sid/main amd64 tpm-udev all 0.4 [3020 B]
Get:141 http://127.0.0.1:12990/debian sid/main amd64 libtss2-esys0 amd64 2.3.2-1 [241 kB]
Get:142 http://127.0.0.1:12990/debian sid/main amd64 libudisks2-dev amd64 2.8.4-1 [177 kB]
Get:143 http://127.0.0.1:12990/debian sid/main amd64 ninja-build amd64 1.10.0-1 [107 kB]
Get:144 http://127.0.0.1:12990/debian sid/main amd64 meson all 0.53.1-1 [377 kB]
Get:145 http://127.0.0.1:12990/debian sid/main amd64 tang amd64 7-1+b1 [14.9 kB]
Get:146 http://127.0.0.1:12990/debian sid/main amd64 tpm2-tools amd64 4.1.1-1 [755 kB]
debconf: delaying package configuration, since apt-utils is not installed
Fetched 52.7 MB in 1s (76.2 MB/s)
Selecting previously unselected package libapparmor1:amd64.
(Reading database ... 13921 files and directories currently installed.)
Preparing to unpack .../00-libapparmor1_2.13.3-7_amd64.deb ...
Unpacking libapparmor1:amd64 (2.13.3-7) ...
Selecting previously unselected package libcap2:amd64.
Preparing to unpack .../01-libcap2_1%3a2.32-1_amd64.deb ...
Unpacking libcap2:amd64 (1:2.32-1) ...
Selecting previously unselected package libargon2-1:amd64.
Preparing to unpack .../02-libargon2-1_0~20171227-0.2_amd64.deb ...
Unpacking libargon2-1:amd64 (0~20171227-0.2) ...
Selecting previously unselected package dmsetup.
Preparing to unpack .../03-dmsetup_2%3a1.02.167-1_amd64.deb ...
Unpacking dmsetup (2:1.02.167-1) ...
Selecting previously unselected package libdevmapper1.02.1:amd64.
Preparing to unpack .../04-libdevmapper1.02.1_2%3a1.02.167-1_amd64.deb ...
Unpacking libdevmapper1.02.1:amd64 (2:1.02.167-1) ...
Selecting previously unselected package libjson-c4:amd64.
Preparing to unpack .../05-libjson-c4_0.13.1+dfsg-7_amd64.deb ...
Unpacking libjson-c4:amd64 (0.13.1+dfsg-7) ...
Selecting previously unselected package libssl1.1:amd64.
Preparing to unpack .../06-libssl1.1_1.1.1d-2_amd64.deb ...
Unpacking libssl1.1:amd64 (1.1.1d-2) ...
Selecting previously unselected package libcryptsetup12:amd64.
Preparing to unpack .../07-libcryptsetup12_2%3a2.2.2-3_amd64.deb ...
Unpacking libcryptsetup12:amd64 (2:2.2.2-3) ...
Selecting previously unselected package libip4tc2:amd64.
Preparing to unpack .../08-libip4tc2_1.8.4-3_amd64.deb ...
Unpacking libip4tc2:amd64 (1.8.4-3) ...
Selecting previously unselected package libkmod2:amd64.
Preparing to unpack .../09-libkmod2_27-1_amd64.deb ...
Unpacking libkmod2:amd64 (27-1) ...
Selecting previously unselected package systemd.
Preparing to unpack .../10-systemd_244.3-1_amd64.deb ...
Unpacking systemd (244.3-1) ...
Selecting previously unselected package bsdmainutils.
Preparing to unpack .../11-bsdmainutils_11.1.2+b1_amd64.deb ...
Unpacking bsdmainutils (11.1.2+b1) ...
Selecting previously unselected package libuchardet0:amd64.
Preparing to unpack .../12-libuchardet0_0.0.6-3_amd64.deb ...
Unpacking libuchardet0:amd64 (0.0.6-3) ...
Selecting previously unselected package groff-base.
Preparing to unpack .../13-groff-base_1.22.4-4_amd64.deb ...
Unpacking groff-base (1.22.4-4) ...
Selecting previously unselected package libpipeline1:amd64.
Preparing to unpack .../14-libpipeline1_1.5.2-2_amd64.deb ...
Unpacking libpipeline1:amd64 (1.5.2-2) ...
Selecting previously unselected package man-db.
Preparing to unpack .../15-man-db_2.9.0-2_amd64.deb ...
Unpacking man-db (2.9.0-2) ...
Selecting previously unselected package libpython3.7-minimal:amd64.
Preparing to unpack .../16-libpython3.7-minimal_3.7.6-1+b1_amd64.deb ...
Unpacking libpython3.7-minimal:amd64 (3.7.6-1+b1) ...
Selecting previously unselected package libexpat1:amd64.
Preparing to unpack .../17-libexpat1_2.2.9-1_amd64.deb ...
Unpacking libexpat1:amd64 (2.2.9-1) ...
Selecting previously unselected package python3.7-minimal.
Preparing to unpack .../18-python3.7-minimal_3.7.6-1+b1_amd64.deb ...
Unpacking python3.7-minimal (3.7.6-1+b1) ...
Setting up libssl1.1:amd64 (1.1.1d-2) ...
Setting up libpython3.7-minimal:amd64 (3.7.6-1+b1) ...
Setting up libexpat1:amd64 (2.2.9-1) ...
Setting up python3.7-minimal (3.7.6-1+b1) ...
Selecting previously unselected package python3-minimal.
(Reading database ... 15664 files and directories currently installed.)
Preparing to unpack .../0-python3-minimal_3.7.5-3_amd64.deb ...
Unpacking python3-minimal (3.7.5-3) ...
Selecting previously unselected package mime-support.
Preparing to unpack .../1-mime-support_3.64_all.deb ...
Unpacking mime-support (3.64) ...
Selecting previously unselected package libmpdec2:amd64.
Preparing to unpack .../2-libmpdec2_2.4.2-2_amd64.deb ...
Unpacking libmpdec2:amd64 (2.4.2-2) ...
Selecting previously unselected package readline-common.
Preparing to unpack .../3-readline-common_8.0-4_all.deb ...
Unpacking readline-common (8.0-4) ...
Selecting previously unselected package libreadline8:amd64.
Preparing to unpack .../4-libreadline8_8.0-4_amd64.deb ...
Unpacking libreadline8:amd64 (8.0-4) ...
Selecting previously unselected package libsqlite3-0:amd64.
Preparing to unpack .../5-libsqlite3-0_3.31.1-3_amd64.deb ...
Unpacking libsqlite3-0:amd64 (3.31.1-3) ...
Selecting previously unselected package libpython3.7-stdlib:amd64.
Preparing to unpack .../6-libpython3.7-stdlib_3.7.6-1+b1_amd64.deb ...
Unpacking libpython3.7-stdlib:amd64 (3.7.6-1+b1) ...
Selecting previously unselected package python3.7.
Preparing to unpack .../7-python3.7_3.7.6-1+b1_amd64.deb ...
Unpacking python3.7 (3.7.6-1+b1) ...
Selecting previously unselected package libpython3-stdlib:amd64.
Preparing to unpack .../8-libpython3-stdlib_3.7.5-3_amd64.deb ...
Unpacking libpython3-stdlib:amd64 (3.7.5-3) ...
Setting up python3-minimal (3.7.5-3) ...
Selecting previously unselected package python3.
(Reading database ... 16135 files and directories currently installed.)
Preparing to unpack .../000-python3_3.7.5-3_amd64.deb ...
Unpacking python3 (3.7.5-3) ...
Selecting previously unselected package cpio.
Preparing to unpack .../001-cpio_2.13+dfsg-2_amd64.deb ...
Unpacking cpio (2.13+dfsg-2) ...
Selecting previously unselected package kmod.
Preparing to unpack .../002-kmod_27-1_amd64.deb ...
Unpacking kmod (27-1) ...
Selecting previously unselected package sensible-utils.
Preparing to unpack .../003-sensible-utils_0.0.12+nmu1_all.deb ...
Unpacking sensible-utils (0.0.12+nmu1) ...
Selecting previously unselected package udev.
Preparing to unpack .../004-udev_244.3-1_amd64.deb ...
Unpacking udev (244.3-1) ...
Selecting previously unselected package libmagic-mgc.
Preparing to unpack .../005-libmagic-mgc_1%3a5.38-4_amd64.deb ...
Unpacking libmagic-mgc (1:5.38-4) ...
Selecting previously unselected package libmagic1:amd64.
Preparing to unpack .../006-libmagic1_1%3a5.38-4_amd64.deb ...
Unpacking libmagic1:amd64 (1:5.38-4) ...
Selecting previously unselected package file.
Preparing to unpack .../007-file_1%3a5.38-4_amd64.deb ...
Unpacking file (1:5.38-4) ...
Selecting previously unselected package gettext-base.
Preparing to unpack .../008-gettext-base_0.19.8.1-10_amd64.deb ...
Unpacking gettext-base (0.19.8.1-10) ...
Selecting previously unselected package openssl.
Preparing to unpack .../009-openssl_1.1.1d-2_amd64.deb ...
Unpacking openssl (1.1.1d-2) ...
Selecting previously unselected package ca-certificates.
Preparing to unpack .../010-ca-certificates_20190110_all.deb ...
Unpacking ca-certificates (20190110) ...
Selecting previously unselected package rubygems-integration.
Preparing to unpack .../011-rubygems-integration_1.16_all.deb ...
Unpacking rubygems-integration (1.16) ...
Selecting previously unselected package rake.
Preparing to unpack .../012-rake_13.0.1-2_all.deb ...
Unpacking rake (13.0.1-2) ...
Selecting previously unselected package ruby-did-you-mean.
Preparing to unpack .../013-ruby-did-you-mean_1.2.1-1_all.deb ...
Unpacking ruby-did-you-mean (1.2.1-1) ...
Selecting previously unselected package ruby-minitest.
Preparing to unpack .../014-ruby-minitest_5.13.0-1_all.deb ...
Unpacking ruby-minitest (5.13.0-1) ...
Selecting previously unselected package ruby-net-telnet.
Preparing to unpack .../015-ruby-net-telnet_0.1.1-2_all.deb ...
Unpacking ruby-net-telnet (0.1.1-2) ...
Selecting previously unselected package ruby-power-assert.
Preparing to unpack .../016-ruby-power-assert_1.1.5-1_all.deb ...
Unpacking ruby-power-assert (1.1.5-1) ...
Selecting previously unselected package ruby-test-unit.
Preparing to unpack .../017-ruby-test-unit_3.3.4-1_all.deb ...
Unpacking ruby-test-unit (3.3.4-1) ...
Selecting previously unselected package ruby-xmlrpc.
Preparing to unpack .../018-ruby-xmlrpc_0.3.0-2_all.deb ...
Unpacking ruby-xmlrpc (0.3.0-2) ...
Selecting previously unselected package libyaml-0-2:amd64.
Preparing to unpack .../019-libyaml-0-2_0.2.2-1_amd64.deb ...
Unpacking libyaml-0-2:amd64 (0.2.2-1) ...
Selecting previously unselected package libruby2.5:amd64.
Preparing to unpack .../020-libruby2.5_2.5.7-1+b1_amd64.deb ...
Unpacking libruby2.5:amd64 (2.5.7-1+b1) ...
Selecting previously unselected package ruby2.5.
Preparing to unpack .../021-ruby2.5_2.5.7-1+b1_amd64.deb ...
Unpacking ruby2.5 (2.5.7-1+b1) ...
Selecting previously unselected package ruby.
Preparing to unpack .../022-ruby_1%3a2.5.7.1_amd64.deb ...
Unpacking ruby (1:2.5.7.1) ...
Selecting previously unselected package ruby-asciidoctor.
Preparing to unpack .../023-ruby-asciidoctor_2.0.10-2_all.deb ...
Unpacking ruby-asciidoctor (2.0.10-2) ...
Selecting previously unselected package asciidoctor.
Preparing to unpack .../024-asciidoctor_2.0.10-2_all.deb ...
Unpacking asciidoctor (2.0.10-2) ...
Selecting previously unselected package libsigsegv2:amd64.
Preparing to unpack .../025-libsigsegv2_2.12-2_amd64.deb ...
Unpacking libsigsegv2:amd64 (2.12-2) ...
Selecting previously unselected package m4.
Preparing to unpack .../026-m4_1.4.18-4_amd64.deb ...
Unpacking m4 (1.4.18-4) ...
Selecting previously unselected package autoconf.
Preparing to unpack .../027-autoconf_2.69-11.1_all.deb ...
Unpacking autoconf (2.69-11.1) ...
Selecting previously unselected package autotools-dev.
Preparing to unpack .../028-autotools-dev_20180224.1_all.deb ...
Unpacking autotools-dev (20180224.1) ...
Selecting previously unselected package automake.
Preparing to unpack .../029-automake_1%3a1.16.1-4_all.deb ...
Unpacking automake (1:1.16.1-4) ...
Selecting previously unselected package autopoint.
Preparing to unpack .../030-autopoint_0.19.8.1-10_all.deb ...
Unpacking autopoint (0.19.8.1-10) ...
Selecting previously unselected package libbrotli1:amd64.
Preparing to unpack .../031-libbrotli1_1.0.7-6_amd64.deb ...
Unpacking libbrotli1:amd64 (1.0.7-6) ...
Selecting previously unselected package libkeyutils1:amd64.
Preparing to unpack .../032-libkeyutils1_1.6.1-2_amd64.deb ...
Unpacking libkeyutils1:amd64 (1.6.1-2) ...
Selecting previously unselected package libkrb5support0:amd64.
Preparing to unpack .../033-libkrb5support0_1.17-6_amd64.deb ...
Unpacking libkrb5support0:amd64 (1.17-6) ...
Selecting previously unselected package libk5crypto3:amd64.
Preparing to unpack .../034-libk5crypto3_1.17-6_amd64.deb ...
Unpacking libk5crypto3:amd64 (1.17-6) ...
Selecting previously unselected package libkrb5-3:amd64.
Preparing to unpack .../035-libkrb5-3_1.17-6_amd64.deb ...
Unpacking libkrb5-3:amd64 (1.17-6) ...
Selecting previously unselected package libgssapi-krb5-2:amd64.
Preparing to unpack .../036-libgssapi-krb5-2_1.17-6_amd64.deb ...
Unpacking libgssapi-krb5-2:amd64 (1.17-6) ...
Selecting previously unselected package libsasl2-modules-db:amd64.
Preparing to unpack .../037-libsasl2-modules-db_2.1.27+dfsg-2_amd64.deb ...
Unpacking libsasl2-modules-db:amd64 (2.1.27+dfsg-2) ...
Selecting previously unselected package libsasl2-2:amd64.
Preparing to unpack .../038-libsasl2-2_2.1.27+dfsg-2_amd64.deb ...
Unpacking libsasl2-2:amd64 (2.1.27+dfsg-2) ...
Selecting previously unselected package libldap-common.
Preparing to unpack .../039-libldap-common_2.4.49+dfsg-1_all.deb ...
Unpacking libldap-common (2.4.49+dfsg-1) ...
Selecting previously unselected package libldap-2.4-2:amd64.
Preparing to unpack .../040-libldap-2.4-2_2.4.49+dfsg-1_amd64.deb ...
Unpacking libldap-2.4-2:amd64 (2.4.49+dfsg-1) ...
Selecting previously unselected package libnghttp2-14:amd64.
Preparing to unpack .../041-libnghttp2-14_1.40.0-1_amd64.deb ...
Unpacking libnghttp2-14:amd64 (1.40.0-1) ...
Selecting previously unselected package libpsl5:amd64.
Preparing to unpack .../042-libpsl5_0.20.2-2_amd64.deb ...
Unpacking libpsl5:amd64 (0.20.2-2) ...
Selecting previously unselected package librtmp1:amd64.
Preparing to unpack .../043-librtmp1_2.4+20151223.gitfa8646d.1-2+b1_amd64.deb ...
Unpacking librtmp1:amd64 (2.4+20151223.gitfa8646d.1-2+b1) ...
Selecting previously unselected package libssh2-1:amd64.
Preparing to unpack .../044-libssh2-1_1.8.0-2.1_amd64.deb ...
Unpacking libssh2-1:amd64 (1.8.0-2.1) ...
Selecting previously unselected package libcurl4:amd64.
Preparing to unpack .../045-libcurl4_7.68.0-1_amd64.deb ...
Unpacking libcurl4:amd64 (7.68.0-1) ...
Selecting previously unselected package curl.
Preparing to unpack .../046-curl_7.68.0-1_amd64.deb ...
Unpacking curl (7.68.0-1) ...
Selecting previously unselected package libtool.
Preparing to unpack .../047-libtool_2.4.6-13_all.deb ...
Unpacking libtool (2.4.6-13) ...
Selecting previously unselected package dh-autoreconf.
Preparing to unpack .../048-dh-autoreconf_19_all.deb ...
Unpacking dh-autoreconf (19) ...
Selecting previously unselected package libdebhelper-perl.
Preparing to unpack .../049-libdebhelper-perl_12.9_all.deb ...
Unpacking libdebhelper-perl (12.9) ...
Selecting previously unselected package libarchive-zip-perl.
Preparing to unpack .../050-libarchive-zip-perl_1.67-1_all.deb ...
Unpacking libarchive-zip-perl (1.67-1) ...
Selecting previously unselected package libsub-override-perl.
Preparing to unpack .../051-libsub-override-perl_0.09-2_all.deb ...
Unpacking libsub-override-perl (0.09-2) ...
Selecting previously unselected package libfile-stripnondeterminism-perl.
Preparing to unpack .../052-libfile-stripnondeterminism-perl_1.6.3-2_all.deb ...
Unpacking libfile-stripnondeterminism-perl (1.6.3-2) ...
Selecting previously unselected package dh-strip-nondeterminism.
Preparing to unpack .../053-dh-strip-nondeterminism_1.6.3-2_all.deb ...
Unpacking dh-strip-nondeterminism (1.6.3-2) ...
Selecting previously unselected package libelf1:amd64.
Preparing to unpack .../054-libelf1_0.176-1.1_amd64.deb ...
Unpacking libelf1:amd64 (0.176-1.1) ...
Selecting previously unselected package dwz.
Preparing to unpack .../055-dwz_0.13-5_amd64.deb ...
Unpacking dwz (0.13-5) ...
Selecting previously unselected package libglib2.0-0:amd64.
Preparing to unpack .../056-libglib2.0-0_2.62.4-2_amd64.deb ...
Unpacking libglib2.0-0:amd64 (2.62.4-2) ...
Selecting previously unselected package libicu63:amd64.
Preparing to unpack .../057-libicu63_63.2-2_amd64.deb ...
Unpacking libicu63:amd64 (63.2-2) ...
Selecting previously unselected package libxml2:amd64.
Preparing to unpack .../058-libxml2_2.9.10+dfsg-3_amd64.deb ...
Unpacking libxml2:amd64 (2.9.10+dfsg-3) ...
Selecting previously unselected package libcroco3:amd64.
Preparing to unpack .../059-libcroco3_0.6.13-1_amd64.deb ...
Unpacking libcroco3:amd64 (0.6.13-1) ...
Selecting previously unselected package gettext.
Preparing to unpack .../060-gettext_0.19.8.1-10_amd64.deb ...
Unpacking gettext (0.19.8.1-10) ...
Selecting previously unselected package intltool-debian.
Preparing to unpack .../061-intltool-debian_0.35.0+20060710.5_all.deb ...
Unpacking intltool-debian (0.35.0+20060710.5) ...
Selecting previously unselected package po-debconf.
Preparing to unpack .../062-po-debconf_1.0.21_all.deb ...
Unpacking po-debconf (1.0.21) ...
Selecting previously unselected package debhelper.
Preparing to unpack .../063-debhelper_12.9_all.deb ...
Unpacking debhelper (12.9) ...
Selecting previously unselected package kpartx.
Preparing to unpack .../064-kpartx_0.8.3-1_amd64.deb ...
Unpacking kpartx (0.8.3-1) ...
Selecting previously unselected package pkg-config.
Preparing to unpack .../065-pkg-config_0.29-6_amd64.deb ...
Unpacking pkg-config (0.29-6) ...
Selecting previously unselected package dracut-core.
Preparing to unpack .../066-dracut-core_048+80-2+b1_amd64.deb ...
Unpacking dracut-core (048+80-2+b1) ...
Selecting previously unselected package dracut.
Preparing to unpack .../067-dracut_048+80-2_all.deb ...
Unpacking dracut (048+80-2) ...
Selecting previously unselected package libgirepository-1.0-1:amd64.
Preparing to unpack .../068-libgirepository-1.0-1_1.62.0-5_amd64.deb ...
Unpacking libgirepository-1.0-1:amd64 (1.62.0-5) ...
Selecting previously unselected package gir1.2-glib-2.0:amd64.
Preparing to unpack .../069-gir1.2-glib-2.0_1.62.0-5_amd64.deb ...
Unpacking gir1.2-glib-2.0:amd64 (1.62.0-5) ...
Selecting previously unselected package libudisks2-0:amd64.
Preparing to unpack .../070-libudisks2-0_2.8.4-1_amd64.deb ...
Unpacking libudisks2-0:amd64 (2.8.4-1) ...
Selecting previously unselected package gir1.2-udisks-2.0:amd64.
Preparing to unpack .../071-gir1.2-udisks-2.0_2.8.4-1_amd64.deb ...
Unpacking gir1.2-udisks-2.0:amd64 (2.8.4-1) ...
Selecting previously unselected package libjansson4:amd64.
Preparing to unpack .../072-libjansson4_2.12-1_amd64.deb ...
Unpacking libjansson4:amd64 (2.12-1) ...
Selecting previously unselected package libjose0:amd64.
Preparing to unpack .../073-libjose0_10-2_amd64.deb ...
Unpacking libjose0:amd64 (10-2) ...
Selecting previously unselected package jose.
Preparing to unpack .../074-jose_10-2_amd64.deb ...
Unpacking jose (10-2) ...
Selecting previously unselected package libcap-ng-dev.
Preparing to unpack .../075-libcap-ng-dev_0.7.9-2.1+b1_amd64.deb ...
Unpacking libcap-ng-dev (0.7.9-2.1+b1) ...
Selecting previously unselected package libaudit-dev:amd64.
Preparing to unpack .../076-libaudit-dev_1%3a2.8.5-2+b1_amd64.deb ...
Unpacking libaudit-dev:amd64 (1:2.8.5-2+b1) ...
Selecting previously unselected package uuid-dev:amd64.
Preparing to unpack .../077-uuid-dev_2.34-0.1_amd64.deb ...
Unpacking uuid-dev:amd64 (2.34-0.1) ...
Selecting previously unselected package libblkid-dev:amd64.
Preparing to unpack .../078-libblkid-dev_2.34-0.1_amd64.deb ...
Unpacking libblkid-dev:amd64 (2.34-0.1) ...
Selecting previously unselected package libcrack2:amd64.
Preparing to unpack .../079-libcrack2_2.9.6-3.1_amd64.deb ...
Unpacking libcrack2:amd64 (2.9.6-3.1) ...
Selecting previously unselected package libcryptsetup-dev:amd64.
Preparing to unpack .../080-libcryptsetup-dev_2%3a2.2.2-3_amd64.deb ...
Unpacking libcryptsetup-dev:amd64 (2:2.2.2-3) ...
Selecting previously unselected package libcurl3-gnutls:amd64.
Preparing to unpack .../081-libcurl3-gnutls_7.68.0-1_amd64.deb ...
Unpacking libcurl3-gnutls:amd64 (7.68.0-1) ...
Selecting previously unselected package libffi-dev:amd64.
Preparing to unpack .../082-libffi-dev_3.3-3_amd64.deb ...
Unpacking libffi-dev:amd64 (3.3-3) ...
Selecting previously unselected package libglib2.0-data.
Preparing to unpack .../083-libglib2.0-data_2.62.4-2_all.deb ...
Unpacking libglib2.0-data (2.62.4-2) ...
Selecting previously unselected package libglib2.0-bin.
Preparing to unpack .../084-libglib2.0-bin_2.62.4-2_amd64.deb ...
Unpacking libglib2.0-bin (2.62.4-2) ...
Selecting previously unselected package python3-lib2to3.
Preparing to unpack .../085-python3-lib2to3_3.8.0-1_all.deb ...
Unpacking python3-lib2to3 (3.8.0-1) ...
Selecting previously unselected package python3-distutils.
Preparing to unpack .../086-python3-distutils_3.8.0-1_all.deb ...
Unpacking python3-distutils (3.8.0-1) ...
Selecting previously unselected package libglib2.0-dev-bin.
Preparing to unpack .../087-libglib2.0-dev-bin_2.62.4-2_amd64.deb ...
Unpacking libglib2.0-dev-bin (2.62.4-2) ...
Selecting previously unselected package libmount-dev:amd64.
Preparing to unpack .../088-libmount-dev_2.34-0.1_amd64.deb ...
Unpacking libmount-dev:amd64 (2.34-0.1) ...
Selecting previously unselected package libpcre16-3:amd64.
Preparing to unpack .../089-libpcre16-3_2%3a8.39-12+b1_amd64.deb ...
Unpacking libpcre16-3:amd64 (2:8.39-12+b1) ...
Selecting previously unselected package libpcre32-3:amd64.
Preparing to unpack .../090-libpcre32-3_2%3a8.39-12+b1_amd64.deb ...
Unpacking libpcre32-3:amd64 (2:8.39-12+b1) ...
Selecting previously unselected package libpcrecpp0v5:amd64.
Preparing to unpack .../091-libpcrecpp0v5_2%3a8.39-12+b1_amd64.deb ...
Unpacking libpcrecpp0v5:amd64 (2:8.39-12+b1) ...
Selecting previously unselected package libpcre3-dev:amd64.
Preparing to unpack .../092-libpcre3-dev_2%3a8.39-12+b1_amd64.deb ...
Unpacking libpcre3-dev:amd64 (2:8.39-12+b1) ...
Selecting previously unselected package libsepol1-dev:amd64.
Preparing to unpack .../093-libsepol1-dev_3.0-1_amd64.deb ...
Unpacking libsepol1-dev:amd64 (3.0-1) ...
Selecting previously unselected package libpcre2-16-0:amd64.
Preparing to unpack .../094-libpcre2-16-0_10.34-7_amd64.deb ...
Unpacking libpcre2-16-0:amd64 (10.34-7) ...
Selecting previously unselected package libpcre2-32-0:amd64.
Preparing to unpack .../095-libpcre2-32-0_10.34-7_amd64.deb ...
Unpacking libpcre2-32-0:amd64 (10.34-7) ...
Selecting previously unselected package libpcre2-posix2:amd64.
Preparing to unpack .../096-libpcre2-posix2_10.34-7_amd64.deb ...
Unpacking libpcre2-posix2:amd64 (10.34-7) ...
Selecting previously unselected package libpcre2-dev:amd64.
Preparing to unpack .../097-libpcre2-dev_10.34-7_amd64.deb ...
Unpacking libpcre2-dev:amd64 (10.34-7) ...
Selecting previously unselected package libselinux1-dev:amd64.
Preparing to unpack .../098-libselinux1-dev_3.0-1+b1_amd64.deb ...
Unpacking libselinux1-dev:amd64 (3.0-1+b1) ...
Selecting previously unselected package zlib1g-dev:amd64.
Preparing to unpack .../099-zlib1g-dev_1%3a1.2.11.dfsg-2_amd64.deb ...
Unpacking zlib1g-dev:amd64 (1:1.2.11.dfsg-2) ...
Selecting previously unselected package libglib2.0-dev:amd64.
Preparing to unpack .../100-libglib2.0-dev_2.62.4-2_amd64.deb ...
Unpacking libglib2.0-dev:amd64 (2.62.4-2) ...
Selecting previously unselected package libhttp-parser2.9:amd64.
Preparing to unpack .../101-libhttp-parser2.9_2.9.2-2_amd64.deb ...
Unpacking libhttp-parser2.9:amd64 (2.9.2-2) ...
Selecting previously unselected package libjansson-dev:amd64.
Preparing to unpack .../102-libjansson-dev_2.12-1_amd64.deb ...
Unpacking libjansson-dev:amd64 (2.12-1) ...
Selecting previously unselected package libssl-dev:amd64.
Preparing to unpack .../103-libssl-dev_1.1.1d-2_amd64.deb ...
Unpacking libssl-dev:amd64 (1.1.1d-2) ...
Selecting previously unselected package libjose-dev.
Preparing to unpack .../104-libjose-dev_10-2_amd64.deb ...
Unpacking libjose-dev (10-2) ...
Selecting previously unselected package libluksmeta0:amd64.
Preparing to unpack .../105-libluksmeta0_9-3_amd64.deb ...
Unpacking libluksmeta0:amd64 (9-3) ...
Selecting previously unselected package libluksmeta-dev.
Preparing to unpack .../106-libluksmeta-dev_9-3_amd64.deb ...
Unpacking libluksmeta-dev (9-3) ...
Selecting previously unselected package libpwquality-common.
Preparing to unpack .../107-libpwquality-common_1.4.2-1_all.deb ...
Unpacking libpwquality-common (1.4.2-1) ...
Selecting previously unselected package libpwquality1:amd64.
Preparing to unpack .../108-libpwquality1_1.4.2-1_amd64.deb ...
Unpacking libpwquality1:amd64 (1.4.2-1) ...
Selecting previously unselected package libpwquality-tools.
Preparing to unpack .../109-libpwquality-tools_1.4.2-1_amd64.deb ...
Unpacking libpwquality-tools (1.4.2-1) ...
Selecting previously unselected package tpm-udev.
Preparing to unpack .../110-tpm-udev_0.4_all.deb ...
Unpacking tpm-udev (0.4) ...
Selecting previously unselected package libtss2-esys0.
Preparing to unpack .../111-libtss2-esys0_2.3.2-1_amd64.deb ...
Unpacking libtss2-esys0 (2.3.2-1) ...
Selecting previously unselected package libudisks2-dev:amd64.
Preparing to unpack .../112-libudisks2-dev_2.8.4-1_amd64.deb ...
Unpacking libudisks2-dev:amd64 (2.8.4-1) ...
Selecting previously unselected package ninja-build.
Preparing to unpack .../113-ninja-build_1.10.0-1_amd64.deb ...
Unpacking ninja-build (1.10.0-1) ...
Selecting previously unselected package meson.
Preparing to unpack .../114-meson_0.53.1-1_all.deb ...
Unpacking meson (0.53.1-1) ...
Selecting previously unselected package tang.
Preparing to unpack .../115-tang_7-1+b1_amd64.deb ...
Unpacking tang (7-1+b1) ...
Selecting previously unselected package tpm2-tools.
Preparing to unpack .../116-tpm2-tools_4.1.1-1_amd64.deb ...
Unpacking tpm2-tools (4.1.1-1) ...
Selecting previously unselected package sbuild-build-depends-main-dummy.
Preparing to unpack .../117-sbuild-build-depends-main-dummy_0.invalid.0_amd64.deb ...
Unpacking sbuild-build-depends-main-dummy (0.invalid.0) ...
Setting up libpwquality-common (1.4.2-1) ...
Setting up libip4tc2:amd64 (1.8.4-3) ...
Setting up cpio (2.13+dfsg-2) ...
update-alternatives: using /bin/mt-gnu to provide /bin/mt (mt) in auto mode
Setting up libpcrecpp0v5:amd64 (2:8.39-12+b1) ...
Setting up libpipeline1:amd64 (1.5.2-2) ...
Setting up tpm-udev (0.4) ...
Adding group `tss' (GID 119) ...
Done.
Adding system user `tss' (UID 110) ...
Adding new user `tss' (UID 110) with group `tss' ...
Not creating home directory `/var/lib/tpm'.
Running in chroot, ignoring request.
Running in chroot, ignoring request.
Running in chroot, ignoring request.
Running in chroot, ignoring request.
Setting up libkeyutils1:amd64 (1.6.1-2) ...
Setting up libapparmor1:amd64 (2.13.3-7) ...
Setting up libpsl5:amd64 (0.20.2-2) ...
Setting up mime-support (3.64) ...
Setting up libpcre16-3:amd64 (2:8.39-12+b1) ...
Setting up ruby-power-assert (1.1.5-1) ...
Setting up libmagic-mgc (1:5.38-4) ...
Setting up libtss2-esys0 (2.3.2-1) ...
Setting up libarchive-zip-perl (1.67-1) ...
Setting up libyaml-0-2:amd64 (0.2.2-1) ...
Setting up libglib2.0-0:amd64 (2.62.4-2) ...
No schema files found: doing nothing.
Setting up libargon2-1:amd64 (0~20171227-0.2) ...
Setting up libdebhelper-perl (12.9) ...
Setting up libbrotli1:amd64 (1.0.7-6) ...
Setting up libsqlite3-0:amd64 (3.31.1-3) ...
Setting up libnghttp2-14:amd64 (1.40.0-1) ...
Setting up libmagic1:amd64 (1:5.38-4) ...
Setting up libsepol1-dev:amd64 (3.0-1) ...
Setting up gettext-base (0.19.8.1-10) ...
Setting up file (1:5.38-4) ...
Setting up libffi-dev:amd64 (3.3-3) ...
Setting up libldap-common (2.4.49+dfsg-1) ...
Setting up libpcre2-16-0:amd64 (10.34-7) ...
Setting up libicu63:amd64 (63.2-2) ...
Setting up libcap2:amd64 (1:2.32-1) ...
Setting up ninja-build (1.10.0-1) ...
Setting up libjansson4:amd64 (2.12-1) ...
Setting up libkrb5support0:amd64 (1.17-6) ...
Setting up libsasl2-modules-db:amd64 (2.1.27+dfsg-2) ...
Setting up ruby-minitest (5.13.0-1) ...
Setting up autotools-dev (20180224.1) ...
Setting up libpcre2-32-0:amd64 (10.34-7) ...
Setting up libglib2.0-data (2.62.4-2) ...
Setting up ruby-test-unit (3.3.4-1) ...
Setting up librtmp1:amd64 (2.4+20151223.gitfa8646d.1-2+b1) ...
Setting up uuid-dev:amd64 (2.34-0.1) ...
Setting up ruby-net-telnet (0.1.1-2) ...
Setting up libsigsegv2:amd64 (2.12-2) ...
Setting up bsdmainutils (11.1.2+b1) ...
update-alternatives: using /usr/bin/bsd-write to provide /usr/bin/write (write) in auto mode
update-alternatives: using /usr/bin/bsd-from to provide /usr/bin/from (from) in auto mode
Setting up libssl-dev:amd64 (1.1.1d-2) ...
Setting up libpcre32-3:amd64 (2:8.39-12+b1) ...
Setting up autopoint (0.19.8.1-10) ...
Setting up pkg-config (0.29-6) ...
Setting up libpcre2-posix2:amd64 (10.34-7) ...
Setting up libk5crypto3:amd64 (1.17-6) ...
Setting up libsasl2-2:amd64 (2.1.27+dfsg-2) ...
Setting up libcrack2:amd64 (2.9.6-3.1) ...
Setting up zlib1g-dev:amd64 (1:1.2.11.dfsg-2) ...
Setting up sensible-utils (0.0.12+nmu1) ...
Setting up libuchardet0:amd64 (0.0.6-3) ...
Setting up libcap-ng-dev (0.7.9-2.1+b1) ...
Setting up libsub-override-perl (0.09-2) ...
Setting up libgirepository-1.0-1:amd64 (1.62.0-5) ...
Setting up libssh2-1:amd64 (1.8.0-2.1) ...
Setting up libkrb5-3:amd64 (1.17-6) ...
Setting up libmpdec2:amd64 (2.4.2-2) ...
Setting up libjson-c4:amd64 (0.13.1+dfsg-7) ...
Setting up ruby-did-you-mean (1.2.1-1) ...
Setting up openssl (1.1.1d-2) ...
Setting up libelf1:amd64 (0.176-1.1) ...
Setting up readline-common (8.0-4) ...
Setting up ruby-xmlrpc (0.3.0-2) ...
Setting up libxml2:amd64 (2.9.10+dfsg-3) ...
Setting up libjansson-dev:amd64 (2.12-1) ...
Setting up libudisks2-0:amd64 (2.8.4-1) ...
Setting up libhttp-parser2.9:amd64 (2.9.2-2) ...
Setting up libkmod2:amd64 (27-1) ...
Setting up libfile-stripnondeterminism-perl (1.6.3-2) ...
Setting up libblkid-dev:amd64 (2.34-0.1) ...
Setting up libpcre2-dev:amd64 (10.34-7) ...
Setting up libtool (2.4.6-13) ...
Setting up libselinux1-dev:amd64 (3.0-1+b1) ...
Setting up libpcre3-dev:amd64 (2:8.39-12+b1) ...
Setting up libaudit-dev:amd64 (1:2.8.5-2+b1) ...
Setting up libreadline8:amd64 (8.0-4) ...
Setting up libglib2.0-bin (2.62.4-2) ...
Setting up libldap-2.4-2:amd64 (2.4.49+dfsg-1) ...
Setting up m4 (1.4.18-4) ...
Setting up kmod (27-1) ...
Setting up libjose0:amd64 (10-2) ...
Setting up ca-certificates (20190110) ...
Updating certificates in /etc/ssl/certs...
128 added, 0 removed; done.
Setting up jose (10-2) ...
Setting up libpwquality1:amd64 (1.4.2-1) ...
Setting up libjose-dev (10-2) ...
Setting up libgssapi-krb5-2:amd64 (1.17-6) ...
Setting up udev (244.3-1) ...
A chroot environment has been detected, udev not started.
Setting up libcroco3:amd64 (0.6.13-1) ...
Setting up gir1.2-glib-2.0:amd64 (1.62.0-5) ...
Setting up autoconf (2.69-11.1) ...
Setting up dh-strip-nondeterminism (1.6.3-2) ...
Setting up dwz (0.13-5) ...
Setting up groff-base (1.22.4-4) ...
Setting up libcurl4:amd64 (7.68.0-1) ...
Setting up tang (7-1+b1) ...
Created symlink /etc/systemd/system/multi-user.target.wants/tangd.socket  /lib/systemd/system/tangd.socket.
Setting up curl (7.68.0-1) ...
Setting up libmount-dev:amd64 (2.34-0.1) ...
Setting up automake (1:1.16.1-4) ...
update-alternatives: using /usr/bin/automake-1.16 to provide /usr/bin/automake (automake) in auto mode
Setting up libpython3.7-stdlib:amd64 (3.7.6-1+b1) ...
Setting up gettext (0.19.8.1-10) ...
Setting up libpwquality-tools (1.4.2-1) ...
Setting up gir1.2-udisks-2.0:amd64 (2.8.4-1) ...
Setting up libcurl3-gnutls:amd64 (7.68.0-1) ...
Setting up rubygems-integration (1.16) ...
Setting up man-db (2.9.0-2) ...
Not building database; man-db/auto-update is not 'true'.
Created symlink /etc/systemd/system/timers.target.wants/man-db.timer  /lib/systemd/system/man-db.timer.
Setting up intltool-debian (0.35.0+20060710.5) ...
Setting up libpython3-stdlib:amd64 (3.7.5-3) ...
Setting up tpm2-tools (4.1.1-1) ...
Setting up libudisks2-dev:amd64 (2.8.4-1) ...
Setting up python3.7 (3.7.6-1+b1) ...
Setting up po-debconf (1.0.21) ...
Setting up python3 (3.7.5-3) ...
Setting up python3-lib2to3 (3.8.0-1) ...
Setting up python3-distutils (3.8.0-1) ...
Setting up libglib2.0-dev-bin (2.62.4-2) ...
Setting up meson (0.53.1-1) ...
Setting up libglib2.0-dev:amd64 (2.62.4-2) ...
Setting up libdevmapper1.02.1:amd64 (2:1.02.167-1) ...
Setting up dmsetup (2:1.02.167-1) ...
Setting up kpartx (0.8.3-1) ...
Setting up libcryptsetup12:amd64 (2:2.2.2-3) ...
Setting up libluksmeta0:amd64 (9-3) ...
Setting up libcryptsetup-dev:amd64 (2:2.2.2-3) ...
Setting up libluksmeta-dev (9-3) ...
Setting up systemd (244.3-1) ...
Created symlink /etc/systemd/system/getty.target.wants/getty@tty1.service  /lib/systemd/system/getty@.service.
Created symlink /etc/systemd/system/multi-user.target.wants/remote-fs.target  /lib/systemd/system/remote-fs.target.
Created symlink /etc/systemd/system/dbus-org.freedesktop.timesync1.service  /lib/systemd/system/systemd-timesyncd.service.
Created symlink /etc/systemd/system/sysinit.target.wants/systemd-timesyncd.service  /lib/systemd/system/systemd-timesyncd.service.
Initializing machine ID from KVM UUID.
Setting up dh-autoreconf (19) ...
Setting up dracut-core (048+80-2+b1) ...
Setting up rake (13.0.1-2) ...
Setting up dracut (048+80-2) ...
Setting up libruby2.5:amd64 (2.5.7-1+b1) ...
Setting up debhelper (12.9) ...
Setting up ruby2.5 (2.5.7-1+b1) ...
Setting up ruby (1:2.5.7.1) ...
Setting up ruby-asciidoctor (2.0.10-2) ...
Setting up asciidoctor (2.0.10-2) ...
Setting up sbuild-build-depends-main-dummy (0.invalid.0) ...
Processing triggers for libc-bin (2.29-10) ...
Processing triggers for ca-certificates (20190110) ...
Updating certificates in /etc/ssl/certs...
0 added, 0 removed; done.
Running hooks in /etc/ca-certificates/update.d...
done.

+------------------------------------------------------------------------------+
| Check architectures                                                          |
+------------------------------------------------------------------------------+

Arch check ok (amd64 included in linux-any all)

+------------------------------------------------------------------------------+
| Build environment                                                            |
+------------------------------------------------------------------------------+

Kernel: Linux 4.19.0-6-cloud-amd64 #1 SMP Debian 4.19.67-2+deb10u2 (2019-11-11) amd64 (x86_64)
Toolchain package versions: binutils_2.34-3 dpkg-dev_1.19.7 g++-9_9.2.1-30 gcc-9_9.2.1-30 libc6-dev_2.29-10 libstdc++-8-dev_8.3.0-29 libstdc++-9-dev_9.2.1-30 libstdc++6_10-20200222-1 linux-libc-dev_5.4.19-1
Package versions: adduser_3.118 apt_1.8.4 asciidoctor_2.0.10-2 autoconf_2.69-11.1 automake_1:1.16.1-4 autopoint_0.19.8.1-10 autotools-dev_20180224.1 base-files_11 base-passwd_3.5.47 bash_5.0-6 binutils_2.34-3 binutils-common_2.34-3 binutils-x86-64-linux-gnu_2.34-3 bsdmainutils_11.1.2+b1 bsdutils_1:2.34-0.1 build-essential_12.8 bzip2_1.0.8-2 ca-certificates_20190110 clang-9_1:9.0.1-8 coreutils_8.30-3+b1 cpio_2.13+dfsg-2 cpp_4:9.2.1-3.1 cpp-9_9.2.1-30 curl_7.68.0-1 dash_0.5.10.2-6 debconf_1.5.73 debhelper_12.9 debian-archive-keyring_2019.1 debianutils_4.9.1 dh-autoreconf_19 dh-strip-nondeterminism_1.6.3-2 diffutils_1:3.7-3 dmsetup_2:1.02.167-1 dpkg_1.19.7 dpkg-dev_1.19.7 dracut_048+80-2 dracut-core_048+80-2+b1 dwz_0.13-5 e2fsprogs_1.45.5-2 fakeroot_1.24-1 fdisk_2.34-0.1 file_1:5.38-4 findutils_4.7.0-1 g++_4:9.2.1-3.1 g++-9_9.2.1-30 gcc_4:9.2.1-3.1 gcc-10-base_10-20200222-1 gcc-8-base_8.3.0-29 gcc-9_9.2.1-30 gcc-9-base_9.2.1-30 gettext_0.19.8.1-10 gettext-base_0.19.8.1-10 gir1.2-glib-2.0_1.62.0-5 gir1.2-udisks-2.0_2.8.4-1 gpgv_2.2.19-1 grep_3.4-1 groff-base_1.22.4-4 gzip_1.9-3+b1 hostname_3.23 init-system-helpers_1.57 intltool-debian_0.35.0+20060710.5 jose_10-2 kmod_27-1 kpartx_0.8.3-1 lib32gcc-s1_10-20200222-1 lib32gcc1_1:10-20200222-1 lib32stdc++6_10-20200222-1 libacl1_2.2.53-5 libapparmor1_2.13.3-7 libapt-pkg5.0_1.8.4 libarchive-zip-perl_1.67-1 libargon2-1_0~20171227-0.2 libasan5_9.2.1-30 libatomic1_10-20200222-1 libattr1_1:2.4.48-5 libaudit-common_1:2.8.5-2 libaudit-dev_1:2.8.5-2+b1 libaudit1_1:2.8.5-2+b1 libbinutils_2.34-3 libblkid-dev_2.34-0.1 libblkid1_2.34-0.1 libbrotli1_1.0.7-6 libbsd0_0.10.0-1 libbz2-1.0_1.0.8-2 libc-bin_2.29-10 libc-dev-bin_2.29-10 libc6_2.29-10 libc6-dev_2.29-10 libc6-i386_2.29-10 libcap-ng-dev_0.7.9-2.1+b1 libcap-ng0_0.7.9-2.1+b1 libcap2_1:2.32-1 libcc1-0_10-20200222-1 libclang-common-9-dev_1:9.0.1-8 libclang-cpp9_1:9.0.1-8 libcom-err2_1.45.5-2 libcrack2_2.9.6-3.1 libcroco3_0.6.13-1 libcrypt-dev_1:4.4.10-10 libcrypt1_1:4.4.10-10 libcryptsetup-dev_2:2.2.2-3 libcryptsetup12_2:2.2.2-3 libctf-nobfd0_2.34-3 libctf0_2.34-3 libcurl3-gnutls_7.68.0-1 libcurl4_7.68.0-1 libdb5.3_5.3.28+dfsg1-0.6 libdebconfclient0_0.251 libdebhelper-perl_12.9 libdevmapper1.02.1_2:1.02.167-1 libdpkg-perl_1.19.7 libedit2_3.1-20191231-1 libelf1_0.176-1.1 libexpat1_2.2.9-1 libext2fs2_1.45.5-2 libfakeroot_1.24-1 libfdisk1_2.34-0.1 libffi-dev_3.3-3 libffi7_3.3-3 libfile-stripnondeterminism-perl_1.6.3-2 libgc1c2_1:7.6.4-0.4 libgcc-8-dev_8.3.0-29 libgcc-9-dev_9.2.1-30 libgcc-s1_10-20200222-1 libgcc1_1:10-20200222-1 libgcrypt20_1.8.5-5 libgdbm-compat4_1.18.1-5 libgdbm6_1.18.1-5 libgirepository-1.0-1_1.62.0-5 libglib2.0-0_2.62.4-2 libglib2.0-bin_2.62.4-2 libglib2.0-data_2.62.4-2 libglib2.0-dev_2.62.4-2 libglib2.0-dev-bin_2.62.4-2 libgmp10_2:6.2.0+dfsg-4 libgnutls30_3.6.12-2 libgomp1_10-20200222-1 libgpg-error0_1.37-1 libgssapi-krb5-2_1.17-6 libhogweed5_3.5.1+really3.5.1-2 libhttp-parser2.9_2.9.2-2 libicu63_63.2-2 libidn2-0_2.2.0-2 libip4tc2_1.8.4-3 libisl22_0.22.1-1 libitm1_10-20200222-1 libjansson-dev_2.12-1 libjansson4_2.12-1 libjose-dev_10-2 libjose0_10-2 libjson-c4_0.13.1+dfsg-7 libk5crypto3_1.17-6 libkeyutils1_1.6.1-2 libkmod2_27-1 libkrb5-3_1.17-6 libkrb5support0_1.17-6 libldap-2.4-2_2.4.49+dfsg-1 libldap-common_2.4.49+dfsg-1 libllvm9_1:9.0.1-8 liblsan0_10-20200222-1 libluksmeta-dev_9-3 libluksmeta0_9-3 liblz4-1_1.9.2-2 liblzma5_5.2.4-1+b1 libmagic-mgc_1:5.38-4 libmagic1_1:5.38-4 libmount-dev_2.34-0.1 libmount1_2.34-0.1 libmpc3_1.1.0-1 libmpdec2_2.4.2-2 libmpfr6_4.0.2-1 libmpx2_8.3.0-29 libncursesw6_6.1+20191019-1 libnettle7_3.5.1+really3.5.1-2 libnghttp2-14_1.40.0-1 libobjc-8-dev_8.3.0-29 libobjc-9-dev_9.2.1-30 libobjc4_10-20200222-1 libomp-9-dev_1:9.0.1-8 libomp5-9_1:9.0.1-8 libp11-kit0_0.23.20-1 libpam-modules_1.3.1-5 libpam-modules-bin_1.3.1-5 libpam-runtime_1.3.1-5 libpam0g_1.3.1-5 libpcre16-3_2:8.39-12+b1 libpcre2-16-0_10.34-7 libpcre2-32-0_10.34-7 libpcre2-8-0_10.34-7 libpcre2-dev_10.34-7 libpcre2-posix2_10.34-7 libpcre3_2:8.39-12+b1 libpcre3-dev_2:8.39-12+b1 libpcre32-3_2:8.39-12+b1 libpcrecpp0v5_2:8.39-12+b1 libperl5.30_5.30.0-9 libpipeline1_1.5.2-2 libpsl5_0.20.2-2 libpwquality-common_1.4.2-1 libpwquality-tools_1.4.2-1 libpwquality1_1.4.2-1 libpython3-stdlib_3.7.5-3 libpython3.7-minimal_3.7.6-1+b1 libpython3.7-stdlib_3.7.6-1+b1 libquadmath0_10-20200222-1 libreadline8_8.0-4 librtmp1_2.4+20151223.gitfa8646d.1-2+b1 libruby2.5_2.5.7-1+b1 libsasl2-2_2.1.27+dfsg-2 libsasl2-modules-db_2.1.27+dfsg-2 libseccomp2_2.4.2-2 libselinux1_3.0-1+b1 libselinux1-dev_3.0-1+b1 libsemanage-common_3.0-1 libsemanage1_3.0-1+b1 libsepol1_3.0-1 libsepol1-dev_3.0-1 libsigsegv2_2.12-2 libsmartcols1_2.34-0.1 libsqlite3-0_3.31.1-3 libss2_1.45.5-2 libssh2-1_1.8.0-2.1 libssl-dev_1.1.1d-2 libssl1.1_1.1.1d-2 libstdc++-8-dev_8.3.0-29 libstdc++-9-dev_9.2.1-30 libstdc++6_10-20200222-1 libsub-override-perl_0.09-2 libsystemd0_244.3-1 libtasn1-6_4.16.0-2 libtinfo6_6.1+20191019-1 libtool_2.4.6-13 libtsan0_10-20200222-1 libtss2-esys0_2.3.2-1 libubsan1_10-20200222-1 libuchardet0_0.0.6-3 libudev1_244.3-1 libudisks2-0_2.8.4-1 libudisks2-dev_2.8.4-1 libunistring2_0.9.10-2 libuuid1_2.34-0.1 libxml2_2.9.10+dfsg-3 libyaml-0-2_0.2.2-1 libz3-4_4.8.7-4 libzstd1_1.4.4+dfsg-3 linux-libc-dev_5.4.19-1 login_1:4.8.1-1 logsave_1.45.5-2 lsb-base_11.1.0 m4_1.4.18-4 make_4.2.1-1.2 man-db_2.9.0-2 mawk_1.3.4.20200120-2 meson_0.53.1-1 mime-support_3.64 mount_2.34-0.1 ncurses-base_6.1+20191019-1 ncurses-bin_6.1+20191019-1 ninja-build_1.10.0-1 openssl_1.1.1d-2 passwd_1:4.8.1-1 patch_2.7.6-6 perl_5.30.0-9 perl-base_5.30.0-9 perl-modules-5.30_5.30.0-9 pkg-config_0.29-6 po-debconf_1.0.21 python3_3.7.5-3 python3-distutils_3.8.0-1 python3-lib2to3_3.8.0-1 python3-minimal_3.7.5-3 python3.7_3.7.6-1+b1 python3.7-minimal_3.7.6-1+b1 rake_13.0.1-2 readline-common_8.0-4 ruby_1:2.5.7.1 ruby-asciidoctor_2.0.10-2 ruby-did-you-mean_1.2.1-1 ruby-minitest_5.13.0-1 ruby-net-telnet_0.1.1-2 ruby-power-assert_1.1.5-1 ruby-test-unit_3.3.4-1 ruby-xmlrpc_0.3.0-2 ruby2.5_2.5.7-1+b1 rubygems-integration_1.16 sbuild-build-depends-main-dummy_0.invalid.0 sed_4.7-1 sensible-utils_0.0.12+nmu1 systemd_244.3-1 sysvinit-utils_2.96-2.1 tang_7-1+b1 tar_1.30+dfsg-6+b1 tpm-udev_0.4 tpm2-tools_4.1.1-1 tzdata_2019c-3 udev_244.3-1 util-linux_2.34-0.1 uuid-dev_2.34-0.1 xz-utils_5.2.4-1+b1 zlib1g_1:1.2.11.dfsg-2 zlib1g-dev_1:1.2.11.dfsg-2

+------------------------------------------------------------------------------+
| Build                                                                        |
+------------------------------------------------------------------------------+


Unpack source
-------------

-----BEGIN PGP SIGNED MESSAGE-----
Hash: SHA512

Format: 3.0 (quilt)
Source: clevis
Binary: clevis, clevis-tpm2, clevis-dracut, clevis-luks, clevis-systemd, clevis-udisks2
Architecture: linux-any all
Version: 11-2
Maintainer: Christoph Biedl <debian.axhn@manchmal.in-ulm.de>
Homepage: https://github.com/latchset/clevis
Standards-Version: 4.2.1
Vcs-Browser: https://git.in-ulm.de/cbiedl/clevis
Vcs-Git: https://git.in-ulm.de/cbiedl/clevis.git
Build-Depends: debhelper (>= 11~), asciidoctor, curl, dracut (>= 047+31-1~), jose, libaudit-dev (>= 1:2.7.8), libglib2.0-dev, libjansson4 (>= 2.10), libjose-dev, libluksmeta-dev (>= 8), libpwquality-tools, libssl-dev, libudisks2-dev, meson, systemd, tang, tpm2-tools
Package-List:
 clevis deb net optional arch=linux-any
 clevis-dracut deb net optional arch=all
 clevis-luks deb net optional arch=all
 clevis-systemd deb net optional arch=linux-any
 clevis-tpm2 deb net optional arch=linux-any
 clevis-udisks2 deb net optional arch=linux-any
Checksums-Sha1:
 086374814a4d71db8625d27a1719e03244a7cff0 37216 clevis_11.orig.tar.xz
 a084b67acfc4c37c530bd23a469358738303aa93 4192 clevis_11-2.debian.tar.xz
Checksums-Sha256:
 26f03c825549830a5840979cf07abaf055be524ac5a2bc5c315ab4786196320a 37216 clevis_11.orig.tar.xz
 c69e295d65fee58723266c64cb63bf7775c00c5c2eea71fd0b2ab8aa842a44dd 4192 clevis_11-2.debian.tar.xz
Files:
 d9c2254c7fada860bcfffa49e5632313 37216 clevis_11.orig.tar.xz
 b5b26762294f38e56a942446d0267de9 4192 clevis_11-2.debian.tar.xz

-----BEGIN PGP SIGNATURE-----

iQIzBAEBCgAdFiEEWXMI+726A12MfJXdxCxY61kUkv0FAlx5FHcACgkQxCxY61kU
kv13Ig/7BKOYL461QB1NJtzj0/8tlTW0nnT/b6uIxNOJpWoSw9Hf3aLaf6c7UYjJ
3MeRVrWyXrJv59QP/T0xmCCTFS9ItYVUSBqaHtIdvCR9pxL1xrphyLW9voB7J+GQ
WOy10I7A+xfC+bHVxGfwWrHjW5kFlGDMGxVqzox9cKTe1+ofw7lTvmU0CS3naDgZ
eDpG0nVj3Dsoql8kd97u7dGBvNtJYjRTAB4PbFEoF5dO6gmTy2tDdpuI33nBJXJT
ZL6njlZiu2SbEP3WXfr3yApy4bO3aonQWSaFXgVTyKfXhXPI/x3iCTSyUhX8eCdT
Yfm0BcmfWgpHzDqi79lJ5u6O5aGH7VkCJx03OrXxiEjW/NDhAsCmcxITTPrOj4Ce
xie4PTSwyY1EM4EJrc9fK15XSY5g+scrkpc5hZnHdf4mDEvHLEBfJToxTCwMoKfl
ePfaKVA4jqLmG7ES+8t+jMDYfykpge7ipACJcExSOLElFxrCnnHv64tlHW6M/NNN
dCKBurXD6eJDrgoOA1yT5qmnwH2trQW0atkrnUAzDeFY1vhYUzRdM2jOzEW6tl36
7xF/m/E80D+dpat2J/P9QSudnCSzEku8aCoemaHbL1RjQA2QFNxhQXrgO/3I7Big
4mbKx0+xkUF8SVN4yhDvwxt/1svobKfQJoujc7dg2qMdpAo2wtk=
=xaVQ
-----END PGP SIGNATURE-----

gpgv: unknown type of key resource 'trustedkeys.kbx'
gpgv: keyblock resource '/sbuild-nonexistent/.gnupg/trustedkeys.kbx': General error
gpgv: Signature made Fri Mar  1 11:16:07 2019 UTC
gpgv:                using RSA key 597308FBBDBA035D8C7C95DDC42C58EB591492FD
gpgv: Can't check signature: No public key
dpkg-source: warning: failed to verify signature on ./clevis_11-2.dsc
dpkg-source: info: extracting clevis in /<<PKGBUILDDIR>>
dpkg-source: info: unpacking clevis_11.orig.tar.xz
dpkg-source: info: unpacking clevis_11-2.debian.tar.xz
dpkg-source: info: using patch list from debian/patches/series
dpkg-source: info: applying debian.use-socat.patch
dpkg-source: info: applying debian.use-asciidoctor-to-build-manpages.patch

Check disk space
----------------

Sufficient free space for build

User Environment
----------------

APT_CONFIG=/var/lib/sbuild/apt.conf
HOME=/sbuild-nonexistent
LANG=C.UTF-8
LC_ALL=C.UTF-8
LOGNAME=user42
PATH=/usr/local/sbin:/usr/local/bin:/usr/sbin:/usr/bin:/sbin:/bin:/usr/games
SCHROOT_ALIAS_NAME=unstable
SCHROOT_CHROOT_NAME=sid-amd64-sbuild
SCHROOT_COMMAND=env
SCHROOT_GID=1001
SCHROOT_GROUP=user42
SCHROOT_SESSION_ID=sid-amd64-sbuild-3e5a8d55-70f5-4090-8522-755750b20346
SCHROOT_UID=1001
SCHROOT_USER=user42
SHELL=/bin/sh
USER=user42

dpkg-buildpackage
-----------------

Command: dpkg-buildpackage -us -uc -b -rfakeroot
dpkg-buildpackage: info: source package clevis
dpkg-buildpackage: info: source version 11-2
dpkg-buildpackage: info: source distribution unstable
dpkg-buildpackage: info: source changed by Christoph Biedl <debian.axhn@manchmal.in-ulm.de>
 dpkg-source --before-build .
dpkg-buildpackage: info: host architecture amd64
 fakeroot debian/rules clean
dh clean
   dh_clean
 debian/rules build
dh build
   dh_update_autotools_config
   dh_autoreconf
   dh_auto_configure
	cd obj-x86_64-linux-gnu && LC_ALL=C.UTF-8 meson .. --wrap-mode=nodownload --buildtype=plain --prefix=/usr --sysconfdir=/etc --localstatedir=/var --libdir=lib/x86_64-linux-gnu --libexecdir=lib/x86_64-linux-gnu
The Meson build system
Version: 0.53.1
Source dir: /<<PKGBUILDDIR>>
Build dir: /<<PKGBUILDDIR>>/obj-x86_64-linux-gnu
Build type: native build
Project name: clevis
Project version: 11
Appending CFLAGS from environment: '-g -O2 -fdebug-prefix-map=/<<PKGBUILDDIR>>=. -fstack-protector-strong -Wformat -Werror=format-security'
Appending LDFLAGS from environment: ['-Wl,-z,relro', '-Wl,-z,now']
Appending CPPFLAGS from environment: '-Wdate-time -D_FORTIFY_SOURCE=2'
Appending CFLAGS from environment: '-g -O2 -fdebug-prefix-map=/<<PKGBUILDDIR>>=. -fstack-protector-strong -Wformat -Werror=format-security'
Appending LDFLAGS from environment: ['-Wl,-z,relro', '-Wl,-z,now']
Appending CPPFLAGS from environment: '-Wdate-time -D_FORTIFY_SOURCE=2'
C compiler for the host machine: cc (clang 9.0.1-8 "clang version 9.0.1-8 ")
C linker for the host machine: cc GNU ld.bfd 2.34
Host machine cpu family: x86_64
Host machine cpu: x86_64
meson.build:13: WARNING: Consider using the built-in warning_level option instead of using "-Wall".
meson.build:13: WARNING: Consider using the built-in warning_level option instead of using "-Wextra".
Found pkg-config: /usr/bin/pkg-config (0.29)
Run-time dependency jansson found: YES 2.12
Run-time dependency jose found: YES 10
Program asciidoctor found: YES (/usr/bin/asciidoctor)
Did not find CMake 'cmake'
Found CMake: NO
Run-time dependency bash-completion found: NO (tried pkgconfig and cmake)
src/bash/meson.build:7: WARNING: Will not install bash completion due to missing dependencies!
Run-time dependency libcryptsetup found: YES 2.2.2
Run-time dependency luksmeta found: YES 9
Program pwmake found: YES (/usr/bin/pwmake)
Run-time dependency systemd found: YES 244
Run-time dependency dracut found: YES
Configuring module-setup.sh using configuration
Configuring clevis-hook.sh using configuration
Configuring clevis-luks-askpass.service using configuration
Run-time dependency audit found: YES 2.8.5
Run-time dependency udisks2 found: YES 2.8.4
Configuring clevis-luks-udisks2.desktop using configuration
Run-time dependency libcrypto found: YES 1.1.1d
Program /<<PKGBUILDDIR>>/src/pins/sss/pin-sss found: YES (/<<PKGBUILDDIR>>/src/pins/sss/pin-sss)
Program /<<PKGBUILDDIR>>/src/pins/sss/pin-test found: YES (/<<PKGBUILDDIR>>/src/pins/sss/pin-test)
Program systemd-socket-activate found: YES (/usr/bin/systemd-socket-activate)
Program /usr/lib/x86_64-linux-gnu/tangd-keygen found: YES (/usr/lib/x86_64-linux-gnu/tangd-keygen)
Program /usr/lib/x86_64-linux-gnu/tangd-update found: YES (/usr/lib/x86_64-linux-gnu/tangd-update)
Program /usr/lib/x86_64-linux-gnu/tangd found: YES (/usr/lib/x86_64-linux-gnu/tangd)
Program curl found: YES (/usr/bin/curl)
Program ./pin-tang found: YES (/<<PKGBUILDDIR>>/src/pins/tang/./pin-tang)
Program tpm2_createprimary found: YES (/usr/bin/tpm2_createprimary)
Program tpm2_pcrlist found: NO
src/pins/tpm2/meson.build:13: WARNING: Will not install tpm2 pin due to missing dependencies!
Build targets in project: 11

Found ninja-1.10.0 at /usr/bin/ninja
   dh_auto_build
	cd obj-x86_64-linux-gnu && LC_ALL=C.UTF-8 ninja -j4 -v
[1/16] cc -Isrc/pins/sss/1b1ef4e@@clevis-decrypt-sss@exe -Isrc/pins/sss -I../src/pins/sss -Xclang -fcolor-diagnostics -pipe -D_FILE_OFFSET_BITS=64 -std=c99 -Wall -Wextra -Werror -Wstrict-aliasing -Wchar-subscripts -Wformat-security -Wmissing-declarations -Wmissing-prototypes -Wnested-externs -Wpointer-arith -Wshadow -Wsign-compare -Wstrict-prototypes -Wtype-limits -Wunused-function -Wno-missing-field-initializers -Wno-unused-parameter -Wno-unknown-pragmas -D_POSIX_C_SOURCE=200112L '-DBINDIR="/usr/bin"' '-DCLEVIS_USER="clevis"' '-DCLEVIS_GROUP="clevis"' -g -O2 -fdebug-prefix-map=/<<PKGBUILDDIR>>=. -fstack-protector-strong -Wformat -Werror=format-security -Wdate-time -D_FORTIFY_SOURCE=2 -MD -MQ 'src/pins/sss/1b1ef4e@@clevis-decrypt-sss@exe/clevis-decrypt-sss.c.o' -MF 'src/pins/sss/1b1ef4e@@clevis-decrypt-sss@exe/clevis-decrypt-sss.c.o.d' -o 'src/pins/sss/1b1ef4e@@clevis-decrypt-sss@exe/clevis-decrypt-sss.c.o' -c ../src/pins/sss/clevis-decrypt-sss.c
[2/16] cc -Isrc/pins/sss/1b1ef4e@@clevis-decrypt-sss@exe -Isrc/pins/sss -I../src/pins/sss -Xclang -fcolor-diagnostics -pipe -D_FILE_OFFSET_BITS=64 -std=c99 -Wall -Wextra -Werror -Wstrict-aliasing -Wchar-subscripts -Wformat-security -Wmissing-declarations -Wmissing-prototypes -Wnested-externs -Wpointer-arith -Wshadow -Wsign-compare -Wstrict-prototypes -Wtype-limits -Wunused-function -Wno-missing-field-initializers -Wno-unused-parameter -Wno-unknown-pragmas -D_POSIX_C_SOURCE=200112L '-DBINDIR="/usr/bin"' '-DCLEVIS_USER="clevis"' '-DCLEVIS_GROUP="clevis"' -g -O2 -fdebug-prefix-map=/<<PKGBUILDDIR>>=. -fstack-protector-strong -Wformat -Werror=format-security -Wdate-time -D_FORTIFY_SOURCE=2 -MD -MQ 'src/pins/sss/1b1ef4e@@clevis-decrypt-sss@exe/sss.c.o' -MF 'src/pins/sss/1b1ef4e@@clevis-decrypt-sss@exe/sss.c.o.d' -o 'src/pins/sss/1b1ef4e@@clevis-decrypt-sss@exe/sss.c.o' -c ../src/pins/sss/sss.c
[3/16] cc -Isrc/pins/sss/1b1ef4e@@clevis-encrypt-sss@exe -Isrc/pins/sss -I../src/pins/sss -Xclang -fcolor-diagnostics -pipe -D_FILE_OFFSET_BITS=64 -std=c99 -Wall -Wextra -Werror -Wstrict-aliasing -Wchar-subscripts -Wformat-security -Wmissing-declarations -Wmissing-prototypes -Wnested-externs -Wpointer-arith -Wshadow -Wsign-compare -Wstrict-prototypes -Wtype-limits -Wunused-function -Wno-missing-field-initializers -Wno-unused-parameter -Wno-unknown-pragmas -D_POSIX_C_SOURCE=200112L '-DBINDIR="/usr/bin"' '-DCLEVIS_USER="clevis"' '-DCLEVIS_GROUP="clevis"' -g -O2 -fdebug-prefix-map=/<<PKGBUILDDIR>>=. -fstack-protector-strong -Wformat -Werror=format-security -Wdate-time -D_FORTIFY_SOURCE=2 -MD -MQ 'src/pins/sss/1b1ef4e@@clevis-encrypt-sss@exe/clevis-encrypt-sss.c.o' -MF 'src/pins/sss/1b1ef4e@@clevis-encrypt-sss@exe/clevis-encrypt-sss.c.o.d' -o 'src/pins/sss/1b1ef4e@@clevis-encrypt-sss@exe/clevis-encrypt-sss.c.o' -c ../src/pins/sss/clevis-encrypt-sss.c
[4/16] cc  -o src/pins/sss/clevis-decrypt-sss 'src/pins/sss/1b1ef4e@@clevis-decrypt-sss@exe/clevis-decrypt-sss.c.o' 'src/pins/sss/1b1ef4e@@clevis-decrypt-sss@exe/sss.c.o' -Wl,--as-needed -Wl,--no-undefined -g -O2 -fdebug-prefix-map=/<<PKGBUILDDIR>>=. -fstack-protector-strong -Wformat -Werror=format-security -Wl,-z,relro -Wl,-z,now -Wl,--start-group /usr/lib/x86_64-linux-gnu/libjansson.so /usr/lib/x86_64-linux-gnu/libcrypto.so /usr/lib/x86_64-linux-gnu/libjose.so -Wl,--end-group
[5/16] /usr/bin/asciidoctor --attribute reproducible --backend=manpage -D /<<PKGBUILDDIR>>/obj-x86_64-linux-gnu /<<PKGBUILDDIR>>/src/luks/clevis-luks-unbind.1.adoc
[6/16] cc -Isrc/pins/sss/1b1ef4e@@clevis-encrypt-sss@exe -Isrc/pins/sss -I../src/pins/sss -Xclang -fcolor-diagnostics -pipe -D_FILE_OFFSET_BITS=64 -std=c99 -Wall -Wextra -Werror -Wstrict-aliasing -Wchar-subscripts -Wformat-security -Wmissing-declarations -Wmissing-prototypes -Wnested-externs -Wpointer-arith -Wshadow -Wsign-compare -Wstrict-prototypes -Wtype-limits -Wunused-function -Wno-missing-field-initializers -Wno-unused-parameter -Wno-unknown-pragmas -D_POSIX_C_SOURCE=200112L '-DBINDIR="/usr/bin"' '-DCLEVIS_USER="clevis"' '-DCLEVIS_GROUP="clevis"' -g -O2 -fdebug-prefix-map=/<<PKGBUILDDIR>>=. -fstack-protector-strong -Wformat -Werror=format-security -Wdate-time -D_FORTIFY_SOURCE=2 -MD -MQ 'src/pins/sss/1b1ef4e@@clevis-encrypt-sss@exe/sss.c.o' -MF 'src/pins/sss/1b1ef4e@@clevis-encrypt-sss@exe/sss.c.o.d' -o 'src/pins/sss/1b1ef4e@@clevis-encrypt-sss@exe/sss.c.o' -c ../src/pins/sss/sss.c
[7/16] /usr/bin/asciidoctor --attribute reproducible --backend=manpage -D /<<PKGBUILDDIR>>/obj-x86_64-linux-gnu /<<PKGBUILDDIR>>/src/luks/clevis-luks-unlock.1.adoc
[8/16] cc -Isrc/luks/udisks2/f1ca9e8@@clevis-luks-udisks2@exe -Isrc/luks/udisks2 -I../src/luks/udisks2 -I/usr/include/udisks2 -I/usr/include/libmount -I/usr/include/blkid -I/usr/include/glib-2.0 -I/usr/lib/x86_64-linux-gnu/glib-2.0/include -Xclang -fcolor-diagnostics -pipe -D_FILE_OFFSET_BITS=64 -std=c99 -Wall -Wextra -Werror -Wstrict-aliasing -Wchar-subscripts -Wformat-security -Wmissing-declarations -Wmissing-prototypes -Wnested-externs -Wpointer-arith -Wshadow -Wsign-compare -Wstrict-prototypes -Wtype-limits -Wunused-function -Wno-missing-field-initializers -Wno-unused-parameter -Wno-unknown-pragmas -D_POSIX_C_SOURCE=200112L '-DBINDIR="/usr/bin"' '-DCLEVIS_USER="clevis"' '-DCLEVIS_GROUP="clevis"' -g -O2 -fdebug-prefix-map=/<<PKGBUILDDIR>>=. -fstack-protector-strong -Wformat -Werror=format-security -Wdate-time -D_FORTIFY_SOURCE=2 -pthread -MD -MQ 'src/luks/udisks2/f1ca9e8@@clevis-luks-udisks2@exe/clevis-luks-udisks2.c.o' -MF 'src/luks/udisks2/f1ca9e8@@clevis-luks-udisks2@exe/clevis-luks-udisks2.c.o.d' -o 'src/luks/udisks2/f1ca9e8@@clevis-luks-udisks2@exe/clevis-luks-udisks2.c.o' -c ../src/luks/udisks2/clevis-luks-udisks2.c
[9/16] cc  -o src/pins/sss/clevis-encrypt-sss 'src/pins/sss/1b1ef4e@@clevis-encrypt-sss@exe/clevis-encrypt-sss.c.o' 'src/pins/sss/1b1ef4e@@clevis-encrypt-sss@exe/sss.c.o' -Wl,--as-needed -Wl,--no-undefined -g -O2 -fdebug-prefix-map=/<<PKGBUILDDIR>>=. -fstack-protector-strong -Wformat -Werror=format-security -Wl,-z,relro -Wl,-z,now -Wl,--start-group /usr/lib/x86_64-linux-gnu/libjansson.so /usr/lib/x86_64-linux-gnu/libcrypto.so /usr/lib/x86_64-linux-gnu/libjose.so -Wl,--end-group
[10/16] /usr/bin/asciidoctor --attribute reproducible --backend=manpage -D /<<PKGBUILDDIR>>/obj-x86_64-linux-gnu /<<PKGBUILDDIR>>/src/luks/clevis-luks-bind.1.adoc
[11/16] cc  -o src/luks/udisks2/clevis-luks-udisks2 'src/luks/udisks2/f1ca9e8@@clevis-luks-udisks2@exe/clevis-luks-udisks2.c.o' -Wl,--as-needed -Wl,--no-undefined -g -O2 -fdebug-prefix-map=/<<PKGBUILDDIR>>=. -fstack-protector-strong -Wformat -Werror=format-security -Wl,-z,relro -Wl,-z,now -Wl,--start-group /usr/lib/x86_64-linux-gnu/libudisks2.so /usr/lib/x86_64-linux-gnu/libgio-2.0.so /usr/lib/x86_64-linux-gnu/libgobject-2.0.so /usr/lib/x86_64-linux-gnu/libglib-2.0.so /usr/lib/x86_64-linux-gnu/libluksmeta.so /usr/lib/x86_64-linux-gnu/libcryptsetup.so /usr/bin/../lib/gcc/x86_64-linux-gnu/9/../../../x86_64-linux-gnu/libaudit.so /usr/lib/x86_64-linux-gnu/libjansson.so -Wl,--end-group
[12/16] /usr/bin/asciidoctor --attribute reproducible --backend=manpage -D /<<PKGBUILDDIR>>/obj-x86_64-linux-gnu /<<PKGBUILDDIR>>/src/luks/clevis-luks-unlockers.7.adoc
[13/16] /usr/bin/asciidoctor --attribute reproducible --backend=manpage -D /<<PKGBUILDDIR>>/obj-x86_64-linux-gnu /<<PKGBUILDDIR>>/src/pins/sss/clevis-encrypt-sss.1.adoc
[14/16] /usr/bin/asciidoctor --attribute reproducible --backend=manpage -D /<<PKGBUILDDIR>>/obj-x86_64-linux-gnu /<<PKGBUILDDIR>>/src/pins/tang/clevis-encrypt-tang.1.adoc
[15/16] /usr/bin/asciidoctor --attribute reproducible --backend=manpage -D /<<PKGBUILDDIR>>/obj-x86_64-linux-gnu /<<PKGBUILDDIR>>/src/clevis.1.adoc
[16/16] /usr/bin/asciidoctor --attribute reproducible --backend=manpage -D /<<PKGBUILDDIR>>/obj-x86_64-linux-gnu /<<PKGBUILDDIR>>/src/clevis-decrypt.1.adoc
   dh_auto_test
	cd obj-x86_64-linux-gnu && LC_ALL=C.UTF-8 MESON_TESTTHREADS=4 ninja test
[0/1] Running all tests.
1/3 pin-sss                                 OK       0.57 s 
2/3 pin-test                                OK       0.12 s 
3/3 pin-tang                                OK       0.72 s 

Ok:                    3
Expected Fail:         0
Fail:                  0
Unexpected Pass:       0
Skipped:               0
Timeout:               0

Full log written to /<<PKGBUILDDIR>>/obj-x86_64-linux-gnu/meson-logs/testlog.txt
   create-stamp debian/debhelper-build-stamp
 fakeroot debian/rules binary
dh binary
   dh_testroot
   dh_prep
   dh_auto_install
	cd obj-x86_64-linux-gnu && DESTDIR=/<<PKGBUILDDIR>>/debian/tmp LC_ALL=C.UTF-8 ninja install
[0/1] Installing files.
Installing src/luks/udisks2/clevis-luks-udisks2 to /<<PKGBUILDDIR>>/debian/tmp/usr/lib/x86_64-linux-gnu
Installing src/pins/sss/clevis-decrypt-sss to /<<PKGBUILDDIR>>/debian/tmp/usr/bin
Installing src/pins/sss/clevis-encrypt-sss to /<<PKGBUILDDIR>>/debian/tmp/usr/bin
Installing clevis-luks-unbind.1 to /<<PKGBUILDDIR>>/debian/tmp/usr/share/man/man1
Installing clevis-luks-unlock.1 to /<<PKGBUILDDIR>>/debian/tmp/usr/share/man/man1
Installing clevis-luks-bind.1 to /<<PKGBUILDDIR>>/debian/tmp/usr/share/man/man1
Installing clevis-luks-unlockers.7 to /<<PKGBUILDDIR>>/debian/tmp/usr/share/man/man7
Installing clevis-encrypt-sss.1 to /<<PKGBUILDDIR>>/debian/tmp/usr/share/man/man1
Installing clevis-encrypt-tang.1 to /<<PKGBUILDDIR>>/debian/tmp/usr/share/man/man1
Installing clevis-decrypt.1 to /<<PKGBUILDDIR>>/debian/tmp/usr/share/man/man1
Installing clevis.1 to /<<PKGBUILDDIR>>/debian/tmp/usr/share/man/man1
Installing /<<PKGBUILDDIR>>/obj-x86_64-linux-gnu/src/luks/systemd/dracut/module-setup.sh to /<<PKGBUILDDIR>>/debian/tmp/usr/lib/dracut/modules.d/60clevis
Installing /<<PKGBUILDDIR>>/obj-x86_64-linux-gnu/src/luks/systemd/dracut/clevis-hook.sh to /<<PKGBUILDDIR>>/debian/tmp/usr/lib/dracut/modules.d/60clevis
Installing /<<PKGBUILDDIR>>/obj-x86_64-linux-gnu/src/luks/systemd/clevis-luks-askpass.service to /<<PKGBUILDDIR>>/debian/tmp/lib/systemd/system
Installing /<<PKGBUILDDIR>>/src/luks/systemd/clevis-luks-askpass.path to /<<PKGBUILDDIR>>/debian/tmp/lib/systemd/system
Installing /<<PKGBUILDDIR>>/src/luks/systemd/clevis-luks-askpass to /<<PKGBUILDDIR>>/debian/tmp/usr/lib/x86_64-linux-gnu
Installing /<<PKGBUILDDIR>>/obj-x86_64-linux-gnu/src/luks/udisks2/clevis-luks-udisks2.desktop to /<<PKGBUILDDIR>>/debian/tmp/etc/xdg/autostart
Installing /<<PKGBUILDDIR>>/src/luks/clevis-luks-unbind to /<<PKGBUILDDIR>>/debian/tmp/usr/bin
Installing /<<PKGBUILDDIR>>/src/luks/clevis-luks-unlock to /<<PKGBUILDDIR>>/debian/tmp/usr/bin
Installing /<<PKGBUILDDIR>>/src/luks/clevis-luks-bind to /<<PKGBUILDDIR>>/debian/tmp/usr/bin
Installing /<<PKGBUILDDIR>>/src/pins/tang/clevis-decrypt-tang to /<<PKGBUILDDIR>>/debian/tmp/usr/bin
Installing /<<PKGBUILDDIR>>/src/pins/tang/clevis-encrypt-tang to /<<PKGBUILDDIR>>/debian/tmp/usr/bin
Installing /<<PKGBUILDDIR>>/src/clevis-decrypt to /<<PKGBUILDDIR>>/debian/tmp/usr/bin
Installing /<<PKGBUILDDIR>>/src/clevis to /<<PKGBUILDDIR>>/debian/tmp/usr/bin
   dh_install
dh_install: warning: Cannot find (any matches for) "usr/bin/clevis-decrypt-tpm2" (tried in ., debian/tmp)

dh_install: warning: clevis-tpm2 missing files: usr/bin/clevis-decrypt-tpm2
dh_install: warning: Cannot find (any matches for) "usr/bin/clevis-encrypt-tpm2" (tried in ., debian/tmp)

dh_install: warning: clevis-tpm2 missing files: usr/bin/clevis-encrypt-tpm2
dh_install: error: missing files, aborting
make: *** [debian/rules:8: binary] Error 25
dpkg-buildpackage: error: fakeroot debian/rules binary subprocess returned exit status 2
--------------------------------------------------------------------------------
Build finished at 2020-02-25T18:53:05Z

Finished
--------


+------------------------------------------------------------------------------+
| Cleanup                                                                      |
+------------------------------------------------------------------------------+

Purging /<<BUILDDIR>>
Not cleaning session: cloned chroot in use
E: Build failure (dpkg-buildpackage died)

+------------------------------------------------------------------------------+
| Summary                                                                      |
+------------------------------------------------------------------------------+

Build Architecture: amd64
Build Type: binary
Build-Space: 1704
Build-Time: 5
Distribution: unstable
Fail-Stage: build
Host Architecture: amd64
Install-Time: 13
Job: clevis_11-2
Machine Architecture: amd64
Package: clevis
Package-Time: 35
Source-Version: 11-2
Space: 1704
Status: attempted
Version: 11-2
--------------------------------------------------------------------------------
Finished at 2020-02-25T18:53:05Z
Build needed 00:00:35, 1704k disk space
E: Build failure (dpkg-buildpackage died)
DC-Status: Failed 35.016406842s
