DC-Build-Header: clucene-core 2.3.3.4+dfsg-1 / 2020-02-25 17:53:59 +0000
DC-Task: type:rebuild-binarch-only source:clucene-core version:2.3.3.4+dfsg-1 chroot:unstable esttime:106 logfile:/tmp/clucene-core_2.3.3.4+dfsg-1_unstable_clang9.log modes:clang9:binarch-only
DC-Sbuild-call: su user42 -c 'sbuild -n --arch-any --apt-update -d unstable -v --no-run-lintian --chroot-setup-commands=/tmp/clang9 clucene-core_2.3.3.4+dfsg-1'
sbuild (Debian sbuild) 0.78.1 (09 February 2019) on ip-172-31-4-163.eu-central-1.compute.internal

+==============================================================================+
| clucene-core 2.3.3.4+dfsg-1 (amd64)          Tue, 25 Feb 2020 17:53:59 +0000 |
+==============================================================================+

Package: clucene-core
Version: 2.3.3.4+dfsg-1
Source Version: 2.3.3.4+dfsg-1
Distribution: unstable
Machine Architecture: amd64
Host Architecture: amd64
Build Architecture: amd64
Build Type: binary

I: NOTICE: Log filtering will replace 'var/run/schroot/mount/sid-amd64-sbuild-ff6da0a6-99d7-42db-8841-b29c93f16aab' with '<<CHROOT>>'

+------------------------------------------------------------------------------+
| Chroot Setup Commands                                                        |
+------------------------------------------------------------------------------+


/tmp/clang9
-----------

+ echo 'Entering customization script...'
Entering customization script...
+ CLANG_VERSION=9
+ echo 'Install of clang-9'
Install of clang-9
+ apt-get update
Get:1 http://127.0.0.1:12990/debian sid InRelease [142 kB]
Get:2 http://127.0.0.1:12990/debian sid/main Sources.diff/Index [27.9 kB]
Get:3 http://127.0.0.1:12990/debian sid/main amd64 Packages.diff/Index [27.9 kB]
Get:4 http://127.0.0.1:12990/debian sid/main Sources 2020-02-24-0823.32.pdiff [11.0 kB]
Get:5 http://127.0.0.1:12990/debian sid/main Sources 2020-02-24-1420.34.pdiff [30.2 kB]
Get:6 http://127.0.0.1:12990/debian sid/main Sources 2020-02-24-2014.03.pdiff [16.9 kB]
Get:7 http://127.0.0.1:12990/debian sid/main Sources 2020-02-25-0213.11.pdiff [23.2 kB]
Get:8 http://127.0.0.1:12990/debian sid/main Sources 2020-02-25-0815.22.pdiff [9222 B]
Get:9 http://127.0.0.1:12990/debian sid/main Sources 2020-02-25-1413.15.pdiff [16.3 kB]
Get:10 http://127.0.0.1:12990/debian sid/main amd64 Packages 2020-02-24-0823.32.pdiff [15.5 kB]
Get:11 http://127.0.0.1:12990/debian sid/main amd64 Packages 2020-02-24-1420.34.pdiff [27.5 kB]
Get:12 http://127.0.0.1:12990/debian sid/main amd64 Packages 2020-02-24-2014.03.pdiff [21.6 kB]
Get:13 http://127.0.0.1:12990/debian sid/main amd64 Packages 2020-02-25-0213.11.pdiff [35.0 kB]
Get:14 http://127.0.0.1:12990/debian sid/main amd64 Packages 2020-02-25-0815.22.pdiff [20.1 kB]
Get:15 http://127.0.0.1:12990/debian sid/main amd64 Packages 2020-02-25-1413.15.pdiff [18.4 kB]
Get:9 http://127.0.0.1:12990/debian sid/main Sources 2020-02-25-1413.15.pdiff [16.3 kB]
Get:15 http://127.0.0.1:12990/debian sid/main amd64 Packages 2020-02-25-1413.15.pdiff [18.4 kB]
Get:16 http://127.0.0.1:12990/debian sid/main Translation-en [6195 kB]
Fetched 6638 kB in 2s (3839 kB/s)
Reading package lists...
+ apt-get install --yes --no-install-recommends --force-yes clang-9 libomp-9-dev libobjc-9-dev
Reading package lists...
Building dependency tree...
The following additional packages will be installed:
  cpp-9 g++-9 gcc-8-base gcc-9 gcc-9-base lib32gcc-s1 lib32gcc1 lib32stdc++6
  libasan5 libbsd0 libc6-i386 libclang-common-9-dev libclang-cpp9 libedit2
  libgc1c2 libgcc-8-dev libgcc-9-dev libllvm9 libmpx2 libobjc-8-dev libobjc4
  libomp5-9 libstdc++-8-dev libstdc++-9-dev libz3-4
Suggested packages:
  clang-9-doc gcc-9-locales g++-9-multilib gcc-9-doc gcc-9-multilib
  libomp-9-doc libstdc++-8-doc libstdc++-9-doc
Recommended packages:
  llvm-9-dev python3
The following NEW packages will be installed:
  clang-9 gcc-8-base lib32gcc-s1 lib32gcc1 lib32stdc++6 libbsd0 libc6-i386
  libclang-common-9-dev libclang-cpp9 libedit2 libgc1c2 libgcc-8-dev libllvm9
  libmpx2 libobjc-8-dev libobjc-9-dev libobjc4 libomp-9-dev libomp5-9
  libstdc++-8-dev libz3-4
The following packages will be upgraded:
  cpp-9 g++-9 gcc-9 gcc-9-base libasan5 libgcc-9-dev libstdc++-9-dev
7 upgraded, 21 newly installed, 0 to remove and 3 not upgraded.
Need to get 78.9 MB of archives.
After this operation, 237 MB of additional disk space will be used.
Get:1 http://127.0.0.1:12990/debian sid/main amd64 libasan5 amd64 9.2.1-30 [389 kB]
Get:2 http://127.0.0.1:12990/debian sid/main amd64 g++-9 amd64 9.2.1-30 [10.7 MB]
Get:3 http://127.0.0.1:12990/debian sid/main amd64 gcc-9 amd64 9.2.1-30 [10.0 MB]
Get:4 http://127.0.0.1:12990/debian sid/main amd64 libstdc++-9-dev amd64 9.2.1-30 [1697 kB]
Get:5 http://127.0.0.1:12990/debian sid/main amd64 libgcc-9-dev amd64 9.2.1-30 [2349 kB]
Get:6 http://127.0.0.1:12990/debian sid/main amd64 cpp-9 amd64 9.2.1-30 [9711 kB]
Get:7 http://127.0.0.1:12990/debian sid/main amd64 gcc-9-base amd64 9.2.1-30 [196 kB]
Get:8 http://127.0.0.1:12990/debian sid/main amd64 libbsd0 amd64 0.10.0-1 [107 kB]
Get:9 http://127.0.0.1:12990/debian sid/main amd64 libedit2 amd64 3.1-20191231-1 [95.4 kB]
Get:10 http://127.0.0.1:12990/debian sid/main amd64 libz3-4 amd64 4.8.7-4 [6790 kB]
Get:11 http://127.0.0.1:12990/debian sid/main amd64 libllvm9 amd64 1:9.0.1-8 [15.0 MB]
Get:12 http://127.0.0.1:12990/debian sid/main amd64 libclang-cpp9 amd64 1:9.0.1-8 [8429 kB]
Get:13 http://127.0.0.1:12990/debian sid/main amd64 gcc-8-base amd64 8.3.0-29 [194 kB]
Get:14 http://127.0.0.1:12990/debian sid/main amd64 libmpx2 amd64 8.3.0-29 [11.4 kB]
Get:15 http://127.0.0.1:12990/debian sid/main amd64 libgcc-8-dev amd64 8.3.0-29 [2297 kB]
Get:16 http://127.0.0.1:12990/debian sid/main amd64 libstdc++-8-dev amd64 8.3.0-29 [1543 kB]
Get:17 http://127.0.0.1:12990/debian sid/main amd64 libgc1c2 amd64 1:7.6.4-0.4 [224 kB]
Get:18 http://127.0.0.1:12990/debian sid/main amd64 libobjc4 amd64 10-20200222-1 [41.6 kB]
Get:19 http://127.0.0.1:12990/debian sid/main amd64 libobjc-8-dev amd64 8.3.0-29 [227 kB]
Get:20 http://127.0.0.1:12990/debian sid/main amd64 libc6-i386 amd64 2.29-10 [2918 kB]
Get:21 http://127.0.0.1:12990/debian sid/main amd64 lib32gcc-s1 amd64 10-20200222-1 [49.4 kB]
Get:22 http://127.0.0.1:12990/debian sid/main amd64 lib32gcc1 amd64 1:10-20200222-1 [1104 B]
Get:23 http://127.0.0.1:12990/debian sid/main amd64 lib32stdc++6 amd64 10-20200222-1 [510 kB]
Get:24 http://127.0.0.1:12990/debian sid/main amd64 libclang-common-9-dev amd64 1:9.0.1-8 [3727 kB]
Get:25 http://127.0.0.1:12990/debian sid/main amd64 clang-9 amd64 1:9.0.1-8 [1156 kB]
Get:26 http://127.0.0.1:12990/debian sid/main amd64 libobjc-9-dev amd64 9.2.1-30 [219 kB]
Get:27 http://127.0.0.1:12990/debian sid/main amd64 libomp5-9 amd64 1:9.0.1-8 [333 kB]
Get:28 http://127.0.0.1:12990/debian sid/main amd64 libomp-9-dev amd64 1:9.0.1-8 [66.2 kB]
debconf: delaying package configuration, since apt-utils is not installed
Fetched 78.9 MB in 1s (104 MB/s)
(Reading database ... (Reading database ... 5%(Reading database ... 10%(Reading database ... 15%(Reading database ... 20%(Reading database ... 25%(Reading database ... 30%(Reading database ... 35%(Reading database ... 40%(Reading database ... 45%(Reading database ... 50%(Reading database ... 55%(Reading database ... 60%(Reading database ... 65%(Reading database ... 70%(Reading database ... 75%(Reading database ... 80%(Reading database ... 85%(Reading database ... 90%(Reading database ... 95%(Reading database ... 100%(Reading database ... 12119 files and directories currently installed.)
Preparing to unpack .../00-libasan5_9.2.1-30_amd64.deb ...
Unpacking libasan5:amd64 (9.2.1-30) over (9.2.1-29) ...
Preparing to unpack .../01-g++-9_9.2.1-30_amd64.deb ...
Unpacking g++-9 (9.2.1-30) over (9.2.1-29) ...
Preparing to unpack .../02-gcc-9_9.2.1-30_amd64.deb ...
Unpacking gcc-9 (9.2.1-30) over (9.2.1-29) ...
Preparing to unpack .../03-libstdc++-9-dev_9.2.1-30_amd64.deb ...
Unpacking libstdc++-9-dev:amd64 (9.2.1-30) over (9.2.1-29) ...
Preparing to unpack .../04-libgcc-9-dev_9.2.1-30_amd64.deb ...
Unpacking libgcc-9-dev:amd64 (9.2.1-30) over (9.2.1-29) ...
Preparing to unpack .../05-cpp-9_9.2.1-30_amd64.deb ...
Unpacking cpp-9 (9.2.1-30) over (9.2.1-29) ...
Preparing to unpack .../06-gcc-9-base_9.2.1-30_amd64.deb ...
Unpacking gcc-9-base:amd64 (9.2.1-30) over (9.2.1-29) ...
Selecting previously unselected package libbsd0:amd64.
Preparing to unpack .../07-libbsd0_0.10.0-1_amd64.deb ...
Unpacking libbsd0:amd64 (0.10.0-1) ...
Selecting previously unselected package libedit2:amd64.
Preparing to unpack .../08-libedit2_3.1-20191231-1_amd64.deb ...
Unpacking libedit2:amd64 (3.1-20191231-1) ...
Selecting previously unselected package libz3-4:amd64.
Preparing to unpack .../09-libz3-4_4.8.7-4_amd64.deb ...
Unpacking libz3-4:amd64 (4.8.7-4) ...
Selecting previously unselected package libllvm9:amd64.
Preparing to unpack .../10-libllvm9_1%3a9.0.1-8_amd64.deb ...
Unpacking libllvm9:amd64 (1:9.0.1-8) ...
Selecting previously unselected package libclang-cpp9.
Preparing to unpack .../11-libclang-cpp9_1%3a9.0.1-8_amd64.deb ...
Unpacking libclang-cpp9 (1:9.0.1-8) ...
Selecting previously unselected package gcc-8-base:amd64.
Preparing to unpack .../12-gcc-8-base_8.3.0-29_amd64.deb ...
Unpacking gcc-8-base:amd64 (8.3.0-29) ...
Selecting previously unselected package libmpx2:amd64.
Preparing to unpack .../13-libmpx2_8.3.0-29_amd64.deb ...
Unpacking libmpx2:amd64 (8.3.0-29) ...
Selecting previously unselected package libgcc-8-dev:amd64.
Preparing to unpack .../14-libgcc-8-dev_8.3.0-29_amd64.deb ...
Unpacking libgcc-8-dev:amd64 (8.3.0-29) ...
Selecting previously unselected package libstdc++-8-dev:amd64.
Preparing to unpack .../15-libstdc++-8-dev_8.3.0-29_amd64.deb ...
Unpacking libstdc++-8-dev:amd64 (8.3.0-29) ...
Selecting previously unselected package libgc1c2:amd64.
Preparing to unpack .../16-libgc1c2_1%3a7.6.4-0.4_amd64.deb ...
Unpacking libgc1c2:amd64 (1:7.6.4-0.4) ...
Selecting previously unselected package libobjc4:amd64.
Preparing to unpack .../17-libobjc4_10-20200222-1_amd64.deb ...
Unpacking libobjc4:amd64 (10-20200222-1) ...
Selecting previously unselected package libobjc-8-dev:amd64.
Preparing to unpack .../18-libobjc-8-dev_8.3.0-29_amd64.deb ...
Unpacking libobjc-8-dev:amd64 (8.3.0-29) ...
Selecting previously unselected package libc6-i386.
Preparing to unpack .../19-libc6-i386_2.29-10_amd64.deb ...
Unpacking libc6-i386 (2.29-10) ...
Selecting previously unselected package lib32gcc-s1.
Preparing to unpack .../20-lib32gcc-s1_10-20200222-1_amd64.deb ...
Unpacking lib32gcc-s1 (10-20200222-1) ...
Selecting previously unselected package lib32gcc1.
Preparing to unpack .../21-lib32gcc1_1%3a10-20200222-1_amd64.deb ...
Unpacking lib32gcc1 (1:10-20200222-1) ...
Selecting previously unselected package lib32stdc++6.
Preparing to unpack .../22-lib32stdc++6_10-20200222-1_amd64.deb ...
Unpacking lib32stdc++6 (10-20200222-1) ...
Selecting previously unselected package libclang-common-9-dev.
Preparing to unpack .../23-libclang-common-9-dev_1%3a9.0.1-8_amd64.deb ...
Unpacking libclang-common-9-dev (1:9.0.1-8) ...
Selecting previously unselected package clang-9.
Preparing to unpack .../24-clang-9_1%3a9.0.1-8_amd64.deb ...
Unpacking clang-9 (1:9.0.1-8) ...
Selecting previously unselected package libobjc-9-dev:amd64.
Preparing to unpack .../25-libobjc-9-dev_9.2.1-30_amd64.deb ...
Unpacking libobjc-9-dev:amd64 (9.2.1-30) ...
Selecting previously unselected package libomp5-9:amd64.
Preparing to unpack .../26-libomp5-9_1%3a9.0.1-8_amd64.deb ...
Unpacking libomp5-9:amd64 (1:9.0.1-8) ...
Selecting previously unselected package libomp-9-dev.
Preparing to unpack .../27-libomp-9-dev_1%3a9.0.1-8_amd64.deb ...
Unpacking libomp-9-dev (1:9.0.1-8) ...
Setting up libgc1c2:amd64 (1:7.6.4-0.4) ...
Setting up libobjc4:amd64 (10-20200222-1) ...
Setting up libz3-4:amd64 (4.8.7-4) ...
Setting up gcc-8-base:amd64 (8.3.0-29) ...
Setting up libmpx2:amd64 (8.3.0-29) ...
Setting up libc6-i386 (2.29-10) ...
Setting up libbsd0:amd64 (0.10.0-1) ...
Setting up gcc-9-base:amd64 (9.2.1-30) ...
Setting up libomp5-9:amd64 (1:9.0.1-8) ...
Setting up libedit2:amd64 (3.1-20191231-1) ...
Setting up libasan5:amd64 (9.2.1-30) ...
Setting up lib32gcc-s1 (10-20200222-1) ...
Setting up libgcc-8-dev:amd64 (8.3.0-29) ...
Setting up libomp-9-dev (1:9.0.1-8) ...
Setting up cpp-9 (9.2.1-30) ...
Setting up libllvm9:amd64 (1:9.0.1-8) ...
Setting up libstdc++-8-dev:amd64 (8.3.0-29) ...
Setting up libclang-cpp9 (1:9.0.1-8) ...
Setting up lib32gcc1 (1:10-20200222-1) ...
Setting up libgcc-9-dev:amd64 (9.2.1-30) ...
Setting up libobjc-8-dev:amd64 (8.3.0-29) ...
Setting up lib32stdc++6 (10-20200222-1) ...
Setting up libobjc-9-dev:amd64 (9.2.1-30) ...
Setting up libclang-common-9-dev (1:9.0.1-8) ...
Setting up gcc-9 (9.2.1-30) ...
Setting up libstdc++-9-dev:amd64 (9.2.1-30) ...
Setting up clang-9 (1:9.0.1-8) ...
Setting up g++-9 (9.2.1-30) ...
Processing triggers for libc-bin (2.29-10) ...
W: --force-yes is deprecated, use one of the options starting with --allow instead.
+ echo 'Replace gcc, g++ & cpp by clang'
Replace gcc, g++ & cpp by clang
+ VERSIONS='4.6 4.7 4.8 4.9 5 6 7 8 9 10'
+ cd /usr/bin
+ for VERSION in $VERSIONS
+ rm -f g++-4.6 gcc-4.6 cpp-4.6 gcc
+ ln -s clang++-9 g++-4.6
+ ln -s clang-9 gcc-4.6
+ ln -s clang-9 cpp-4.6
+ ln -s clang-9 gcc
+ echo 'gcc-4.6 hold'
+ dpkg --set-selections
dpkg: warning: package not in status nor available database at line 1: gcc-4.6
dpkg: warning: found unknown packages; this might mean the available database
is outdated, and needs to be updated through a frontend method;
please see the FAQ <https://wiki.debian.org/Teams/Dpkg/FAQ>
+ echo 'g++-4.6 hold'
+ dpkg --set-selections
dpkg: warning: package not in status nor available database at line 1: g++-4.6
dpkg: warning: found unknown packages; this might mean the available database
is outdated, and needs to be updated through a frontend method;
please see the FAQ <https://wiki.debian.org/Teams/Dpkg/FAQ>
+ for VERSION in $VERSIONS
+ rm -f g++-4.7 gcc-4.7 cpp-4.7 gcc
+ ln -s clang++-9 g++-4.7
+ ln -s clang-9 gcc-4.7
+ ln -s clang-9 cpp-4.7
+ ln -s clang-9 gcc
+ echo 'gcc-4.7 hold'
+ dpkg --set-selections
dpkg: warning: package not in status nor available database at line 1: gcc-4.7
dpkg: warning: found unknown packages; this might mean the available database
is outdated, and needs to be updated through a frontend method;
please see the FAQ <https://wiki.debian.org/Teams/Dpkg/FAQ>
+ echo 'g++-4.7 hold'
+ dpkg --set-selections
dpkg: warning: package not in status nor available database at line 1: g++-4.7
dpkg: warning: found unknown packages; this might mean the available database
is outdated, and needs to be updated through a frontend method;
please see the FAQ <https://wiki.debian.org/Teams/Dpkg/FAQ>
+ for VERSION in $VERSIONS
+ rm -f g++-4.8 gcc-4.8 cpp-4.8 gcc
+ ln -s clang++-9 g++-4.8
+ ln -s clang-9 gcc-4.8
+ ln -s clang-9 cpp-4.8
+ ln -s clang-9 gcc
+ echo 'gcc-4.8 hold'
+ dpkg --set-selections
dpkg: warning: package not in status nor available database at line 1: gcc-4.8
dpkg: warning: found unknown packages; this might mean the available database
is outdated, and needs to be updated through a frontend method;
please see the FAQ <https://wiki.debian.org/Teams/Dpkg/FAQ>
+ echo 'g++-4.8 hold'
+ dpkg --set-selections
dpkg: warning: package not in status nor available database at line 1: g++-4.8
dpkg: warning: found unknown packages; this might mean the available database
is outdated, and needs to be updated through a frontend method;
please see the FAQ <https://wiki.debian.org/Teams/Dpkg/FAQ>
+ for VERSION in $VERSIONS
+ rm -f g++-4.9 gcc-4.9 cpp-4.9 gcc
+ ln -s clang++-9 g++-4.9
+ ln -s clang-9 gcc-4.9
+ ln -s clang-9 cpp-4.9
+ ln -s clang-9 gcc
+ echo 'gcc-4.9 hold'
+ dpkg --set-selections
dpkg: warning: package not in status nor available database at line 1: gcc-4.9
dpkg: warning: found unknown packages; this might mean the available database
is outdated, and needs to be updated through a frontend method;
please see the FAQ <https://wiki.debian.org/Teams/Dpkg/FAQ>
+ echo 'g++-4.9 hold'
+ dpkg --set-selections
dpkg: warning: package not in status nor available database at line 1: g++-4.9
dpkg: warning: found unknown packages; this might mean the available database
is outdated, and needs to be updated through a frontend method;
please see the FAQ <https://wiki.debian.org/Teams/Dpkg/FAQ>
+ for VERSION in $VERSIONS
+ rm -f g++-5 gcc-5 cpp-5 gcc
+ ln -s clang++-9 g++-5
+ ln -s clang-9 gcc-5
+ ln -s clang-9 cpp-5
+ ln -s clang-9 gcc
+ echo 'gcc-5 hold'
+ dpkg --set-selections
dpkg: warning: package not in status nor available database at line 1: gcc-5
dpkg: warning: found unknown packages; this might mean the available database
is outdated, and needs to be updated through a frontend method;
please see the FAQ <https://wiki.debian.org/Teams/Dpkg/FAQ>
+ echo 'g++-5 hold'
+ dpkg --set-selections
dpkg: warning: package not in status nor available database at line 1: g++-5
dpkg: warning: found unknown packages; this might mean the available database
is outdated, and needs to be updated through a frontend method;
please see the FAQ <https://wiki.debian.org/Teams/Dpkg/FAQ>
+ for VERSION in $VERSIONS
+ rm -f g++-6 gcc-6 cpp-6 gcc
+ ln -s clang++-9 g++-6
+ ln -s clang-9 gcc-6
+ ln -s clang-9 cpp-6
+ ln -s clang-9 gcc
+ echo 'gcc-6 hold'
+ dpkg --set-selections
dpkg: warning: package not in status nor available database at line 1: gcc-6
dpkg: warning: found unknown packages; this might mean the available database
is outdated, and needs to be updated through a frontend method;
please see the FAQ <https://wiki.debian.org/Teams/Dpkg/FAQ>
+ echo 'g++-6 hold'
+ dpkg --set-selections
dpkg: warning: package not in status nor available database at line 1: g++-6
dpkg: warning: found unknown packages; this might mean the available database
is outdated, and needs to be updated through a frontend method;
please see the FAQ <https://wiki.debian.org/Teams/Dpkg/FAQ>
+ for VERSION in $VERSIONS
+ rm -f g++-7 gcc-7 cpp-7 gcc
+ ln -s clang++-9 g++-7
+ ln -s clang-9 gcc-7
+ ln -s clang-9 cpp-7
+ ln -s clang-9 gcc
+ echo 'gcc-7 hold'
+ dpkg --set-selections
dpkg: warning: package not in status nor available database at line 1: gcc-7
dpkg: warning: found unknown packages; this might mean the available database
is outdated, and needs to be updated through a frontend method;
please see the FAQ <https://wiki.debian.org/Teams/Dpkg/FAQ>
+ echo 'g++-7 hold'
+ dpkg --set-selections
dpkg: warning: package not in status nor available database at line 1: g++-7
dpkg: warning: found unknown packages; this might mean the available database
is outdated, and needs to be updated through a frontend method;
please see the FAQ <https://wiki.debian.org/Teams/Dpkg/FAQ>
+ for VERSION in $VERSIONS
+ rm -f g++-8 gcc-8 cpp-8 gcc
+ ln -s clang++-9 g++-8
+ ln -s clang-9 gcc-8
+ ln -s clang-9 cpp-8
+ ln -s clang-9 gcc
+ echo 'gcc-8 hold'
+ dpkg --set-selections
dpkg: warning: package not in status nor available database at line 1: gcc-8
dpkg: warning: found unknown packages; this might mean the available database
is outdated, and needs to be updated through a frontend method;
please see the FAQ <https://wiki.debian.org/Teams/Dpkg/FAQ>
+ echo 'g++-8 hold'
+ dpkg --set-selections
dpkg: warning: package not in status nor available database at line 1: g++-8
dpkg: warning: found unknown packages; this might mean the available database
is outdated, and needs to be updated through a frontend method;
please see the FAQ <https://wiki.debian.org/Teams/Dpkg/FAQ>
+ for VERSION in $VERSIONS
+ rm -f g++-9 gcc-9 cpp-9 gcc
+ ln -s clang++-9 g++-9
+ ln -s clang-9 gcc-9
+ ln -s clang-9 cpp-9
+ ln -s clang-9 gcc
+ echo 'gcc-9 hold'
+ dpkg --set-selections
+ echo 'g++-9 hold'
+ dpkg --set-selections
+ for VERSION in $VERSIONS
+ rm -f g++-10 gcc-10 cpp-10 gcc
+ ln -s clang++-9 g++-10
+ ln -s clang-9 gcc-10
+ ln -s clang-9 cpp-10
+ ln -s clang-9 gcc
+ echo 'gcc-10 hold'
+ dpkg --set-selections
dpkg: warning: package not in status nor available database at line 1: gcc-10
dpkg: warning: found unknown packages; this might mean the available database
is outdated, and needs to be updated through a frontend method;
please see the FAQ <https://wiki.debian.org/Teams/Dpkg/FAQ>
+ echo 'g++-10 hold'
+ dpkg --set-selections
dpkg: warning: package not in status nor available database at line 1: g++-10
dpkg: warning: found unknown packages; this might mean the available database
is outdated, and needs to be updated through a frontend method;
please see the FAQ <https://wiki.debian.org/Teams/Dpkg/FAQ>
+ cd -
/build/clucene-core-uniTQ0
+ echo 'Check if gcc, g++ & cpp are actually clang'
Check if gcc, g++ & cpp are actually clang
+ gcc --version
+ grep clang
+ cpp --version
+ grep clang
+ g++ --version
+ grep clang

I: Finished running '/tmp/clang9'.

Finished processing commands.
--------------------------------------------------------------------------------
I: NOTICE: Log filtering will replace 'build/clucene-core-uniTQ0/resolver-T1ilgt' with '<<RESOLVERDIR>>'

+------------------------------------------------------------------------------+
| Update chroot                                                                |
+------------------------------------------------------------------------------+

Hit:1 http://127.0.0.1:12990/debian sid InRelease
Reading package lists...
Reading package lists...
Building dependency tree...
Reading state information...
Calculating upgrade...
The following packages will be upgraded:
  bash libgmp10 zlib1g
3 upgraded, 0 newly installed, 0 to remove and 0 not upgraded.
Need to get 1722 kB of archives.
After this operation, 4096 B of additional disk space will be used.
Get:1 http://127.0.0.1:12990/debian sid/main amd64 bash amd64 5.0-6 [1379 kB]
Get:2 http://127.0.0.1:12990/debian sid/main amd64 libgmp10 amd64 2:6.2.0+dfsg-4 [253 kB]
Get:3 http://127.0.0.1:12990/debian sid/main amd64 zlib1g amd64 1:1.2.11.dfsg-2 [90.4 kB]
debconf: delaying package configuration, since apt-utils is not installed
Fetched 1722 kB in 0s (30.9 MB/s)
(Reading database ... (Reading database ... 5%(Reading database ... 10%(Reading database ... 15%(Reading database ... 20%(Reading database ... 25%(Reading database ... 30%(Reading database ... 35%(Reading database ... 40%(Reading database ... 45%(Reading database ... 50%(Reading database ... 55%(Reading database ... 60%(Reading database ... 65%(Reading database ... 70%(Reading database ... 75%(Reading database ... 80%(Reading database ... 85%(Reading database ... 90%(Reading database ... 95%(Reading database ... 100%(Reading database ... 13921 files and directories currently installed.)
Preparing to unpack .../archives/bash_5.0-6_amd64.deb ...
Unpacking bash (5.0-6) over (5.0-5) ...
Setting up bash (5.0-6) ...
update-alternatives: using /usr/share/man/man7/bash-builtins.7.gz to provide /usr/share/man/man7/builtins.7.gz (builtins.7.gz) in auto mode
(Reading database ... (Reading database ... 5%(Reading database ... 10%(Reading database ... 15%(Reading database ... 20%(Reading database ... 25%(Reading database ... 30%(Reading database ... 35%(Reading database ... 40%(Reading database ... 45%(Reading database ... 50%(Reading database ... 55%(Reading database ... 60%(Reading database ... 65%(Reading database ... 70%(Reading database ... 75%(Reading database ... 80%(Reading database ... 85%(Reading database ... 90%(Reading database ... 95%(Reading database ... 100%(Reading database ... 13921 files and directories currently installed.)
Preparing to unpack .../libgmp10_2%3a6.2.0+dfsg-4_amd64.deb ...
Unpacking libgmp10:amd64 (2:6.2.0+dfsg-4) over (2:6.2.0+dfsg-3) ...
Setting up libgmp10:amd64 (2:6.2.0+dfsg-4) ...
(Reading database ... (Reading database ... 5%(Reading database ... 10%(Reading database ... 15%(Reading database ... 20%(Reading database ... 25%(Reading database ... 30%(Reading database ... 35%(Reading database ... 40%(Reading database ... 45%(Reading database ... 50%(Reading database ... 55%(Reading database ... 60%(Reading database ... 65%(Reading database ... 70%(Reading database ... 75%(Reading database ... 80%(Reading database ... 85%(Reading database ... 90%(Reading database ... 95%(Reading database ... 100%(Reading database ... 13921 files and directories currently installed.)
Preparing to unpack .../zlib1g_1%3a1.2.11.dfsg-2_amd64.deb ...
Unpacking zlib1g:amd64 (1:1.2.11.dfsg-2) over (1:1.2.11.dfsg-1.2) ...
Setting up zlib1g:amd64 (1:1.2.11.dfsg-2) ...
Processing triggers for libc-bin (2.29-10) ...

+------------------------------------------------------------------------------+
| Fetch source files                                                           |
+------------------------------------------------------------------------------+


Check APT
---------

Checking available source versions...

Download source files with APT
------------------------------

Reading package lists...
Need to get 837 kB of source archives.
Get:1 http://127.0.0.1:12990/debian sid/main clucene-core 2.3.3.4+dfsg-1 (dsc) [2019 B]
Get:2 http://127.0.0.1:12990/debian sid/main clucene-core 2.3.3.4+dfsg-1 (tar) [827 kB]
Get:3 http://127.0.0.1:12990/debian sid/main clucene-core 2.3.3.4+dfsg-1 (diff) [8736 B]
Fetched 837 kB in 0s (10.5 MB/s)
Download complete and in download only mode
I: NOTICE: Log filtering will replace 'build/clucene-core-uniTQ0/clucene-core-2.3.3.4+dfsg' with '<<PKGBUILDDIR>>'
I: NOTICE: Log filtering will replace 'build/clucene-core-uniTQ0' with '<<BUILDDIR>>'

+------------------------------------------------------------------------------+
| Install package build dependencies                                           |
+------------------------------------------------------------------------------+


Setup apt archive
-----------------

Merged Build-Depends: cmake (>= 2.8.5), debhelper (>= 9), libboost-dev, libz-dev, build-essential, fakeroot
Filtered Build-Depends: cmake (>= 2.8.5), debhelper (>= 9), libboost-dev, libz-dev, build-essential, fakeroot
dpkg-deb: building package 'sbuild-build-depends-main-dummy' in '/<<RESOLVERDIR>>/apt_archive/sbuild-build-depends-main-dummy.deb'.
Ign:1 copy:/<<RESOLVERDIR>>/apt_archive ./ InRelease
Get:2 copy:/<<RESOLVERDIR>>/apt_archive ./ Release [957 B]
Ign:3 copy:/<<RESOLVERDIR>>/apt_archive ./ Release.gpg
Get:4 copy:/<<RESOLVERDIR>>/apt_archive ./ Sources [387 B]
Get:5 copy:/<<RESOLVERDIR>>/apt_archive ./ Packages [472 B]
Fetched 1816 B in 0s (0 B/s)
Reading package lists...
Reading package lists...

Install main build dependencies (apt-based resolver)
----------------------------------------------------

Installing build dependencies
Reading package lists...
Building dependency tree...
Reading state information...
The following additional packages will be installed:
  autoconf automake autopoint autotools-dev bsdmainutils cmake cmake-data
  debhelper dh-autoreconf dh-strip-nondeterminism dwz file gettext
  gettext-base groff-base intltool-debian libarchive-zip-perl libarchive13
  libboost-dev libboost1.67-dev libbrotli1 libcroco3 libcurl4
  libdebhelper-perl libelf1 libexpat1 libfile-stripnondeterminism-perl
  libglib2.0-0 libgssapi-krb5-2 libicu63 libjsoncpp1 libk5crypto3 libkeyutils1
  libkrb5-3 libkrb5support0 libldap-2.4-2 libldap-common libmagic-mgc
  libmagic1 libncurses6 libnghttp2-14 libpipeline1 libprocps8 libpsl5
  librhash0 librtmp1 libsasl2-2 libsasl2-modules-db libsigsegv2 libssh2-1
  libssl1.1 libsub-override-perl libtool libuchardet0 libuv1 libxml2 m4 man-db
  po-debconf procps sensible-utils zlib1g-dev
Suggested packages:
  autoconf-archive gnu-standards autoconf-doc wamerican | wordlist whois
  vacation cmake-doc ninja-build dh-make gettext-doc libasprintf-dev
  libgettextpo-dev groff lrzip libboost-doc libboost1.67-doc
  libboost-atomic1.67-dev libboost-chrono1.67-dev libboost-container1.67-dev
  libboost-context1.67-dev libboost-contract1.67-dev
  libboost-coroutine1.67-dev libboost-date-time1.67-dev
  libboost-exception1.67-dev libboost-fiber1.67-dev
  libboost-filesystem1.67-dev libboost-graph1.67-dev
  libboost-graph-parallel1.67-dev libboost-iostreams1.67-dev
  libboost-locale1.67-dev libboost-log1.67-dev libboost-math1.67-dev
  libboost-mpi1.67-dev libboost-mpi-python1.67-dev libboost-numpy1.67-dev
  libboost-program-options1.67-dev libboost-python1.67-dev
  libboost-random1.67-dev libboost-regex1.67-dev
  libboost-serialization1.67-dev libboost-signals1.67-dev
  libboost-stacktrace1.67-dev libboost-system1.67-dev libboost-test1.67-dev
  libboost-thread1.67-dev libboost-timer1.67-dev libboost-type-erasure1.67-dev
  libboost-wave1.67-dev libboost1.67-tools-dev libmpfrc++-dev libntl-dev
  krb5-doc krb5-user libtool-doc gfortran | fortran95-compiler gcj-jdk m4-doc
  apparmor less www-browser libmail-box-perl
Recommended packages:
  curl | wget | lynx ca-certificates libarchive-cpio-perl libglib2.0-data
  shared-mime-info xdg-user-dirs krb5-locales libgpm2 publicsuffix
  libsasl2-modules libltdl-dev libmail-sendmail-perl psmisc
The following NEW packages will be installed:
  autoconf automake autopoint autotools-dev bsdmainutils cmake cmake-data
  debhelper dh-autoreconf dh-strip-nondeterminism dwz file gettext
  gettext-base groff-base intltool-debian libarchive-zip-perl libarchive13
  libboost-dev libboost1.67-dev libbrotli1 libcroco3 libcurl4
  libdebhelper-perl libelf1 libexpat1 libfile-stripnondeterminism-perl
  libglib2.0-0 libgssapi-krb5-2 libicu63 libjsoncpp1 libk5crypto3 libkeyutils1
  libkrb5-3 libkrb5support0 libldap-2.4-2 libldap-common libmagic-mgc
  libmagic1 libncurses6 libnghttp2-14 libpipeline1 libprocps8 libpsl5
  librhash0 librtmp1 libsasl2-2 libsasl2-modules-db libsigsegv2 libssh2-1
  libssl1.1 libsub-override-perl libtool libuchardet0 libuv1 libxml2 m4 man-db
  po-debconf procps sbuild-build-depends-main-dummy sensible-utils zlib1g-dev
0 upgraded, 63 newly installed, 0 to remove and 0 not upgraded.
Need to get 37.9 MB of archives.
After this operation, 242 MB of additional disk space will be used.
Get:1 copy:/<<RESOLVERDIR>>/apt_archive ./ sbuild-build-depends-main-dummy 0.invalid.0 [896 B]
Get:2 http://127.0.0.1:12990/debian sid/main amd64 bsdmainutils amd64 11.1.2+b1 [191 kB]
Get:3 http://127.0.0.1:12990/debian sid/main amd64 libuchardet0 amd64 0.0.6-3 [64.9 kB]
Get:4 http://127.0.0.1:12990/debian sid/main amd64 groff-base amd64 1.22.4-4 [919 kB]
Get:5 http://127.0.0.1:12990/debian sid/main amd64 libpipeline1 amd64 1.5.2-2 [33.9 kB]
Get:6 http://127.0.0.1:12990/debian sid/main amd64 man-db amd64 2.9.0-2 [1307 kB]
Get:7 http://127.0.0.1:12990/debian sid/main amd64 libncurses6 amd64 6.1+20191019-1 [102 kB]
Get:8 http://127.0.0.1:12990/debian sid/main amd64 libprocps8 amd64 2:3.3.16-1+b1 [62.8 kB]
Get:9 http://127.0.0.1:12990/debian sid/main amd64 procps amd64 2:3.3.16-1+b1 [263 kB]
Get:10 http://127.0.0.1:12990/debian sid/main amd64 sensible-utils all 0.0.12+nmu1 [16.0 kB]
Get:11 http://127.0.0.1:12990/debian sid/main amd64 libmagic-mgc amd64 1:5.38-4 [262 kB]
Get:12 http://127.0.0.1:12990/debian sid/main amd64 libmagic1 amd64 1:5.38-4 [120 kB]
Get:13 http://127.0.0.1:12990/debian sid/main amd64 file amd64 1:5.38-4 [67.9 kB]
Get:14 http://127.0.0.1:12990/debian sid/main amd64 gettext-base amd64 0.19.8.1-10 [123 kB]
Get:15 http://127.0.0.1:12990/debian sid/main amd64 libsigsegv2 amd64 2.12-2 [32.8 kB]
Get:16 http://127.0.0.1:12990/debian sid/main amd64 m4 amd64 1.4.18-4 [203 kB]
Get:17 http://127.0.0.1:12990/debian sid/main amd64 autoconf all 2.69-11.1 [341 kB]
Get:18 http://127.0.0.1:12990/debian sid/main amd64 autotools-dev all 20180224.1 [77.0 kB]
Get:19 http://127.0.0.1:12990/debian sid/main amd64 automake all 1:1.16.1-4 [771 kB]
Get:20 http://127.0.0.1:12990/debian sid/main amd64 autopoint all 0.19.8.1-10 [435 kB]
Get:21 http://127.0.0.1:12990/debian sid/main amd64 cmake-data all 3.16.3-1 [1628 kB]
Get:22 http://127.0.0.1:12990/debian sid/main amd64 libicu63 amd64 63.2-2 [8301 kB]
Get:23 http://127.0.0.1:12990/debian sid/main amd64 libxml2 amd64 2.9.10+dfsg-3 [709 kB]
Get:24 http://127.0.0.1:12990/debian sid/main amd64 libarchive13 amd64 3.4.0-1+b1 [335 kB]
Get:25 http://127.0.0.1:12990/debian sid/main amd64 libbrotli1 amd64 1.0.7-6 [266 kB]
Get:26 http://127.0.0.1:12990/debian sid/main amd64 libkeyutils1 amd64 1.6.1-2 [15.4 kB]
Get:27 http://127.0.0.1:12990/debian sid/main amd64 libkrb5support0 amd64 1.17-6 [64.6 kB]
Get:28 http://127.0.0.1:12990/debian sid/main amd64 libk5crypto3 amd64 1.17-6 [116 kB]
Get:29 http://127.0.0.1:12990/debian sid/main amd64 libssl1.1 amd64 1.1.1d-2 [1540 kB]
Get:30 http://127.0.0.1:12990/debian sid/main amd64 libkrb5-3 amd64 1.17-6 [366 kB]
Get:31 http://127.0.0.1:12990/debian sid/main amd64 libgssapi-krb5-2 amd64 1.17-6 [156 kB]
Get:32 http://127.0.0.1:12990/debian sid/main amd64 libsasl2-modules-db amd64 2.1.27+dfsg-2 [69.0 kB]
Get:33 http://127.0.0.1:12990/debian sid/main amd64 libsasl2-2 amd64 2.1.27+dfsg-2 [106 kB]
Get:34 http://127.0.0.1:12990/debian sid/main amd64 libldap-common all 2.4.49+dfsg-1 [91.9 kB]
Get:35 http://127.0.0.1:12990/debian sid/main amd64 libldap-2.4-2 amd64 2.4.49+dfsg-1 [226 kB]
Get:36 http://127.0.0.1:12990/debian sid/main amd64 libnghttp2-14 amd64 1.40.0-1 [85.0 kB]
Get:37 http://127.0.0.1:12990/debian sid/main amd64 libpsl5 amd64 0.20.2-2 [53.7 kB]
Get:38 http://127.0.0.1:12990/debian sid/main amd64 librtmp1 amd64 2.4+20151223.gitfa8646d.1-2+b1 [60.8 kB]
Get:39 http://127.0.0.1:12990/debian sid/main amd64 libssh2-1 amd64 1.8.0-2.1 [140 kB]
Get:40 http://127.0.0.1:12990/debian sid/main amd64 libcurl4 amd64 7.68.0-1 [321 kB]
Get:41 http://127.0.0.1:12990/debian sid/main amd64 libexpat1 amd64 2.2.9-1 [94.3 kB]
Get:42 http://127.0.0.1:12990/debian sid/main amd64 libjsoncpp1 amd64 1.7.4-3.1 [77.6 kB]
Get:43 http://127.0.0.1:12990/debian sid/main amd64 librhash0 amd64 1.3.9-1 [123 kB]
Get:44 http://127.0.0.1:12990/debian sid/main amd64 libuv1 amd64 1.34.2-1 [127 kB]
Get:45 http://127.0.0.1:12990/debian sid/main amd64 cmake amd64 3.16.3-1 [3673 kB]
Get:46 http://127.0.0.1:12990/debian sid/main amd64 libtool all 2.4.6-13 [513 kB]
Get:47 http://127.0.0.1:12990/debian sid/main amd64 dh-autoreconf all 19 [16.9 kB]
Get:48 http://127.0.0.1:12990/debian sid/main amd64 libdebhelper-perl all 12.9 [183 kB]
Get:49 http://127.0.0.1:12990/debian sid/main amd64 libarchive-zip-perl all 1.67-1 [104 kB]
Get:50 http://127.0.0.1:12990/debian sid/main amd64 libsub-override-perl all 0.09-2 [10.2 kB]
Get:51 http://127.0.0.1:12990/debian sid/main amd64 libfile-stripnondeterminism-perl all 1.6.3-2 [23.7 kB]
Get:52 http://127.0.0.1:12990/debian sid/main amd64 dh-strip-nondeterminism all 1.6.3-2 [14.7 kB]
Get:53 http://127.0.0.1:12990/debian sid/main amd64 libelf1 amd64 0.176-1.1 [161 kB]
Get:54 http://127.0.0.1:12990/debian sid/main amd64 dwz amd64 0.13-5 [151 kB]
Get:55 http://127.0.0.1:12990/debian sid/main amd64 libglib2.0-0 amd64 2.62.4-2 [1319 kB]
Get:56 http://127.0.0.1:12990/debian sid/main amd64 libcroco3 amd64 0.6.13-1 [146 kB]
Get:57 http://127.0.0.1:12990/debian sid/main amd64 gettext amd64 0.19.8.1-10 [1303 kB]
Get:58 http://127.0.0.1:12990/debian sid/main amd64 intltool-debian all 0.35.0+20060710.5 [26.8 kB]
Get:59 http://127.0.0.1:12990/debian sid/main amd64 po-debconf all 1.0.21 [248 kB]
Get:60 http://127.0.0.1:12990/debian sid/main amd64 debhelper all 12.9 [994 kB]
Get:61 http://127.0.0.1:12990/debian sid/main amd64 libboost1.67-dev amd64 1.67.0-17 [8389 kB]
Get:62 http://127.0.0.1:12990/debian sid/main amd64 libboost-dev amd64 1.67.0.2+b1 [4496 B]
Get:63 http://127.0.0.1:12990/debian sid/main amd64 zlib1g-dev amd64 1:1.2.11.dfsg-2 [190 kB]
debconf: delaying package configuration, since apt-utils is not installed
Fetched 37.9 MB in 0s (93.1 MB/s)
Selecting previously unselected package bsdmainutils.
(Reading database ... 13921 files and directories currently installed.)
Preparing to unpack .../00-bsdmainutils_11.1.2+b1_amd64.deb ...
Unpacking bsdmainutils (11.1.2+b1) ...
Selecting previously unselected package libuchardet0:amd64.
Preparing to unpack .../01-libuchardet0_0.0.6-3_amd64.deb ...
Unpacking libuchardet0:amd64 (0.0.6-3) ...
Selecting previously unselected package groff-base.
Preparing to unpack .../02-groff-base_1.22.4-4_amd64.deb ...
Unpacking groff-base (1.22.4-4) ...
Selecting previously unselected package libpipeline1:amd64.
Preparing to unpack .../03-libpipeline1_1.5.2-2_amd64.deb ...
Unpacking libpipeline1:amd64 (1.5.2-2) ...
Selecting previously unselected package man-db.
Preparing to unpack .../04-man-db_2.9.0-2_amd64.deb ...
Unpacking man-db (2.9.0-2) ...
Selecting previously unselected package libncurses6:amd64.
Preparing to unpack .../05-libncurses6_6.1+20191019-1_amd64.deb ...
Unpacking libncurses6:amd64 (6.1+20191019-1) ...
Selecting previously unselected package libprocps8:amd64.
Preparing to unpack .../06-libprocps8_2%3a3.3.16-1+b1_amd64.deb ...
Unpacking libprocps8:amd64 (2:3.3.16-1+b1) ...
Selecting previously unselected package procps.
Preparing to unpack .../07-procps_2%3a3.3.16-1+b1_amd64.deb ...
Unpacking procps (2:3.3.16-1+b1) ...
Selecting previously unselected package sensible-utils.
Preparing to unpack .../08-sensible-utils_0.0.12+nmu1_all.deb ...
Unpacking sensible-utils (0.0.12+nmu1) ...
Selecting previously unselected package libmagic-mgc.
Preparing to unpack .../09-libmagic-mgc_1%3a5.38-4_amd64.deb ...
Unpacking libmagic-mgc (1:5.38-4) ...
Selecting previously unselected package libmagic1:amd64.
Preparing to unpack .../10-libmagic1_1%3a5.38-4_amd64.deb ...
Unpacking libmagic1:amd64 (1:5.38-4) ...
Selecting previously unselected package file.
Preparing to unpack .../11-file_1%3a5.38-4_amd64.deb ...
Unpacking file (1:5.38-4) ...
Selecting previously unselected package gettext-base.
Preparing to unpack .../12-gettext-base_0.19.8.1-10_amd64.deb ...
Unpacking gettext-base (0.19.8.1-10) ...
Selecting previously unselected package libsigsegv2:amd64.
Preparing to unpack .../13-libsigsegv2_2.12-2_amd64.deb ...
Unpacking libsigsegv2:amd64 (2.12-2) ...
Selecting previously unselected package m4.
Preparing to unpack .../14-m4_1.4.18-4_amd64.deb ...
Unpacking m4 (1.4.18-4) ...
Selecting previously unselected package autoconf.
Preparing to unpack .../15-autoconf_2.69-11.1_all.deb ...
Unpacking autoconf (2.69-11.1) ...
Selecting previously unselected package autotools-dev.
Preparing to unpack .../16-autotools-dev_20180224.1_all.deb ...
Unpacking autotools-dev (20180224.1) ...
Selecting previously unselected package automake.
Preparing to unpack .../17-automake_1%3a1.16.1-4_all.deb ...
Unpacking automake (1:1.16.1-4) ...
Selecting previously unselected package autopoint.
Preparing to unpack .../18-autopoint_0.19.8.1-10_all.deb ...
Unpacking autopoint (0.19.8.1-10) ...
Selecting previously unselected package cmake-data.
Preparing to unpack .../19-cmake-data_3.16.3-1_all.deb ...
Unpacking cmake-data (3.16.3-1) ...
Selecting previously unselected package libicu63:amd64.
Preparing to unpack .../20-libicu63_63.2-2_amd64.deb ...
Unpacking libicu63:amd64 (63.2-2) ...
Selecting previously unselected package libxml2:amd64.
Preparing to unpack .../21-libxml2_2.9.10+dfsg-3_amd64.deb ...
Unpacking libxml2:amd64 (2.9.10+dfsg-3) ...
Selecting previously unselected package libarchive13:amd64.
Preparing to unpack .../22-libarchive13_3.4.0-1+b1_amd64.deb ...
Unpacking libarchive13:amd64 (3.4.0-1+b1) ...
Selecting previously unselected package libbrotli1:amd64.
Preparing to unpack .../23-libbrotli1_1.0.7-6_amd64.deb ...
Unpacking libbrotli1:amd64 (1.0.7-6) ...
Selecting previously unselected package libkeyutils1:amd64.
Preparing to unpack .../24-libkeyutils1_1.6.1-2_amd64.deb ...
Unpacking libkeyutils1:amd64 (1.6.1-2) ...
Selecting previously unselected package libkrb5support0:amd64.
Preparing to unpack .../25-libkrb5support0_1.17-6_amd64.deb ...
Unpacking libkrb5support0:amd64 (1.17-6) ...
Selecting previously unselected package libk5crypto3:amd64.
Preparing to unpack .../26-libk5crypto3_1.17-6_amd64.deb ...
Unpacking libk5crypto3:amd64 (1.17-6) ...
Selecting previously unselected package libssl1.1:amd64.
Preparing to unpack .../27-libssl1.1_1.1.1d-2_amd64.deb ...
Unpacking libssl1.1:amd64 (1.1.1d-2) ...
Selecting previously unselected package libkrb5-3:amd64.
Preparing to unpack .../28-libkrb5-3_1.17-6_amd64.deb ...
Unpacking libkrb5-3:amd64 (1.17-6) ...
Selecting previously unselected package libgssapi-krb5-2:amd64.
Preparing to unpack .../29-libgssapi-krb5-2_1.17-6_amd64.deb ...
Unpacking libgssapi-krb5-2:amd64 (1.17-6) ...
Selecting previously unselected package libsasl2-modules-db:amd64.
Preparing to unpack .../30-libsasl2-modules-db_2.1.27+dfsg-2_amd64.deb ...
Unpacking libsasl2-modules-db:amd64 (2.1.27+dfsg-2) ...
Selecting previously unselected package libsasl2-2:amd64.
Preparing to unpack .../31-libsasl2-2_2.1.27+dfsg-2_amd64.deb ...
Unpacking libsasl2-2:amd64 (2.1.27+dfsg-2) ...
Selecting previously unselected package libldap-common.
Preparing to unpack .../32-libldap-common_2.4.49+dfsg-1_all.deb ...
Unpacking libldap-common (2.4.49+dfsg-1) ...
Selecting previously unselected package libldap-2.4-2:amd64.
Preparing to unpack .../33-libldap-2.4-2_2.4.49+dfsg-1_amd64.deb ...
Unpacking libldap-2.4-2:amd64 (2.4.49+dfsg-1) ...
Selecting previously unselected package libnghttp2-14:amd64.
Preparing to unpack .../34-libnghttp2-14_1.40.0-1_amd64.deb ...
Unpacking libnghttp2-14:amd64 (1.40.0-1) ...
Selecting previously unselected package libpsl5:amd64.
Preparing to unpack .../35-libpsl5_0.20.2-2_amd64.deb ...
Unpacking libpsl5:amd64 (0.20.2-2) ...
Selecting previously unselected package librtmp1:amd64.
Preparing to unpack .../36-librtmp1_2.4+20151223.gitfa8646d.1-2+b1_amd64.deb ...
Unpacking librtmp1:amd64 (2.4+20151223.gitfa8646d.1-2+b1) ...
Selecting previously unselected package libssh2-1:amd64.
Preparing to unpack .../37-libssh2-1_1.8.0-2.1_amd64.deb ...
Unpacking libssh2-1:amd64 (1.8.0-2.1) ...
Selecting previously unselected package libcurl4:amd64.
Preparing to unpack .../38-libcurl4_7.68.0-1_amd64.deb ...
Unpacking libcurl4:amd64 (7.68.0-1) ...
Selecting previously unselected package libexpat1:amd64.
Preparing to unpack .../39-libexpat1_2.2.9-1_amd64.deb ...
Unpacking libexpat1:amd64 (2.2.9-1) ...
Selecting previously unselected package libjsoncpp1:amd64.
Preparing to unpack .../40-libjsoncpp1_1.7.4-3.1_amd64.deb ...
Unpacking libjsoncpp1:amd64 (1.7.4-3.1) ...
Selecting previously unselected package librhash0:amd64.
Preparing to unpack .../41-librhash0_1.3.9-1_amd64.deb ...
Unpacking librhash0:amd64 (1.3.9-1) ...
Selecting previously unselected package libuv1:amd64.
Preparing to unpack .../42-libuv1_1.34.2-1_amd64.deb ...
Unpacking libuv1:amd64 (1.34.2-1) ...
Selecting previously unselected package cmake.
Preparing to unpack .../43-cmake_3.16.3-1_amd64.deb ...
Unpacking cmake (3.16.3-1) ...
Selecting previously unselected package libtool.
Preparing to unpack .../44-libtool_2.4.6-13_all.deb ...
Unpacking libtool (2.4.6-13) ...
Selecting previously unselected package dh-autoreconf.
Preparing to unpack .../45-dh-autoreconf_19_all.deb ...
Unpacking dh-autoreconf (19) ...
Selecting previously unselected package libdebhelper-perl.
Preparing to unpack .../46-libdebhelper-perl_12.9_all.deb ...
Unpacking libdebhelper-perl (12.9) ...
Selecting previously unselected package libarchive-zip-perl.
Preparing to unpack .../47-libarchive-zip-perl_1.67-1_all.deb ...
Unpacking libarchive-zip-perl (1.67-1) ...
Selecting previously unselected package libsub-override-perl.
Preparing to unpack .../48-libsub-override-perl_0.09-2_all.deb ...
Unpacking libsub-override-perl (0.09-2) ...
Selecting previously unselected package libfile-stripnondeterminism-perl.
Preparing to unpack .../49-libfile-stripnondeterminism-perl_1.6.3-2_all.deb ...
Unpacking libfile-stripnondeterminism-perl (1.6.3-2) ...
Selecting previously unselected package dh-strip-nondeterminism.
Preparing to unpack .../50-dh-strip-nondeterminism_1.6.3-2_all.deb ...
Unpacking dh-strip-nondeterminism (1.6.3-2) ...
Selecting previously unselected package libelf1:amd64.
Preparing to unpack .../51-libelf1_0.176-1.1_amd64.deb ...
Unpacking libelf1:amd64 (0.176-1.1) ...
Selecting previously unselected package dwz.
Preparing to unpack .../52-dwz_0.13-5_amd64.deb ...
Unpacking dwz (0.13-5) ...
Selecting previously unselected package libglib2.0-0:amd64.
Preparing to unpack .../53-libglib2.0-0_2.62.4-2_amd64.deb ...
Unpacking libglib2.0-0:amd64 (2.62.4-2) ...
Selecting previously unselected package libcroco3:amd64.
Preparing to unpack .../54-libcroco3_0.6.13-1_amd64.deb ...
Unpacking libcroco3:amd64 (0.6.13-1) ...
Selecting previously unselected package gettext.
Preparing to unpack .../55-gettext_0.19.8.1-10_amd64.deb ...
Unpacking gettext (0.19.8.1-10) ...
Selecting previously unselected package intltool-debian.
Preparing to unpack .../56-intltool-debian_0.35.0+20060710.5_all.deb ...
Unpacking intltool-debian (0.35.0+20060710.5) ...
Selecting previously unselected package po-debconf.
Preparing to unpack .../57-po-debconf_1.0.21_all.deb ...
Unpacking po-debconf (1.0.21) ...
Selecting previously unselected package debhelper.
Preparing to unpack .../58-debhelper_12.9_all.deb ...
Unpacking debhelper (12.9) ...
Selecting previously unselected package libboost1.67-dev:amd64.
Preparing to unpack .../59-libboost1.67-dev_1.67.0-17_amd64.deb ...
Unpacking libboost1.67-dev:amd64 (1.67.0-17) ...
Selecting previously unselected package libboost-dev:amd64.
Preparing to unpack .../60-libboost-dev_1.67.0.2+b1_amd64.deb ...
Unpacking libboost-dev:amd64 (1.67.0.2+b1) ...
Selecting previously unselected package zlib1g-dev:amd64.
Preparing to unpack .../61-zlib1g-dev_1%3a1.2.11.dfsg-2_amd64.deb ...
Unpacking zlib1g-dev:amd64 (1:1.2.11.dfsg-2) ...
Selecting previously unselected package sbuild-build-depends-main-dummy.
Preparing to unpack .../62-sbuild-build-depends-main-dummy_0.invalid.0_amd64.deb ...
Unpacking sbuild-build-depends-main-dummy (0.invalid.0) ...
Setting up libboost1.67-dev:amd64 (1.67.0-17) ...
Setting up libexpat1:amd64 (2.2.9-1) ...
Setting up libpipeline1:amd64 (1.5.2-2) ...
Setting up libkeyutils1:amd64 (1.6.1-2) ...
Setting up libpsl5:amd64 (0.20.2-2) ...
Setting up libmagic-mgc (1:5.38-4) ...
Setting up libarchive-zip-perl (1.67-1) ...
Setting up libglib2.0-0:amd64 (2.62.4-2) ...
No schema files found: doing nothing.
Setting up libssl1.1:amd64 (1.1.1d-2) ...
Setting up libdebhelper-perl (12.9) ...
Setting up libbrotli1:amd64 (1.0.7-6) ...
Setting up libnghttp2-14:amd64 (1.40.0-1) ...
Setting up libmagic1:amd64 (1:5.38-4) ...
Setting up gettext-base (0.19.8.1-10) ...
Setting up file (1:5.38-4) ...
Setting up libldap-common (2.4.49+dfsg-1) ...
Setting up libicu63:amd64 (63.2-2) ...
Setting up libkrb5support0:amd64 (1.17-6) ...
Setting up libsasl2-modules-db:amd64 (2.1.27+dfsg-2) ...
Setting up autotools-dev (20180224.1) ...
Setting up libuv1:amd64 (1.34.2-1) ...
Setting up librtmp1:amd64 (2.4+20151223.gitfa8646d.1-2+b1) ...
Setting up libncurses6:amd64 (6.1+20191019-1) ...
Setting up libsigsegv2:amd64 (2.12-2) ...
Setting up bsdmainutils (11.1.2+b1) ...
update-alternatives: using /usr/bin/bsd-write to provide /usr/bin/write (write) in auto mode
update-alternatives: using /usr/bin/bsd-from to provide /usr/bin/from (from) in auto mode
Setting up autopoint (0.19.8.1-10) ...
Setting up libk5crypto3:amd64 (1.17-6) ...
Setting up libsasl2-2:amd64 (2.1.27+dfsg-2) ...
Setting up zlib1g-dev:amd64 (1:1.2.11.dfsg-2) ...
Setting up sensible-utils (0.0.12+nmu1) ...
Setting up librhash0:amd64 (1.3.9-1) ...
Setting up libuchardet0:amd64 (0.0.6-3) ...
Setting up libsub-override-perl (0.09-2) ...
Setting up libssh2-1:amd64 (1.8.0-2.1) ...
Setting up cmake-data (3.16.3-1) ...
Setting up libkrb5-3:amd64 (1.17-6) ...
Setting up libboost-dev:amd64 (1.67.0.2+b1) ...
Setting up libelf1:amd64 (0.176-1.1) ...
Setting up libxml2:amd64 (2.9.10+dfsg-3) ...
Setting up libprocps8:amd64 (2:3.3.16-1+b1) ...
Setting up libjsoncpp1:amd64 (1.7.4-3.1) ...
Setting up libfile-stripnondeterminism-perl (1.6.3-2) ...
Setting up libtool (2.4.6-13) ...
Setting up libarchive13:amd64 (3.4.0-1+b1) ...
Setting up libldap-2.4-2:amd64 (2.4.49+dfsg-1) ...
Setting up m4 (1.4.18-4) ...
Setting up libgssapi-krb5-2:amd64 (1.17-6) ...
Setting up libcroco3:amd64 (0.6.13-1) ...
Setting up autoconf (2.69-11.1) ...
Setting up dh-strip-nondeterminism (1.6.3-2) ...
Setting up dwz (0.13-5) ...
Setting up groff-base (1.22.4-4) ...
Setting up procps (2:3.3.16-1+b1) ...
update-alternatives: using /usr/bin/w.procps to provide /usr/bin/w (w) in auto mode
Setting up libcurl4:amd64 (7.68.0-1) ...
Setting up automake (1:1.16.1-4) ...
update-alternatives: using /usr/bin/automake-1.16 to provide /usr/bin/automake (automake) in auto mode
Setting up gettext (0.19.8.1-10) ...
Setting up man-db (2.9.0-2) ...
Not building database; man-db/auto-update is not 'true'.
Setting up intltool-debian (0.35.0+20060710.5) ...
Setting up cmake (3.16.3-1) ...
Setting up po-debconf (1.0.21) ...
Setting up dh-autoreconf (19) ...
Setting up debhelper (12.9) ...
Setting up sbuild-build-depends-main-dummy (0.invalid.0) ...
Processing triggers for libc-bin (2.29-10) ...

+------------------------------------------------------------------------------+
| Check architectures                                                          |
+------------------------------------------------------------------------------+

Arch check ok (amd64 included in any)

+------------------------------------------------------------------------------+
| Build environment                                                            |
+------------------------------------------------------------------------------+

Kernel: Linux 4.19.0-6-cloud-amd64 #1 SMP Debian 4.19.67-2+deb10u2 (2019-11-11) amd64 (x86_64)
Toolchain package versions: binutils_2.34-3 dpkg-dev_1.19.7 g++-9_9.2.1-30 gcc-9_9.2.1-30 libc6-dev_2.29-10 libstdc++-8-dev_8.3.0-29 libstdc++-9-dev_9.2.1-30 libstdc++6_10-20200222-1 linux-libc-dev_5.4.19-1
Package versions: adduser_3.118 apt_1.8.4 autoconf_2.69-11.1 automake_1:1.16.1-4 autopoint_0.19.8.1-10 autotools-dev_20180224.1 base-files_11 base-passwd_3.5.47 bash_5.0-6 binutils_2.34-3 binutils-common_2.34-3 binutils-x86-64-linux-gnu_2.34-3 bsdmainutils_11.1.2+b1 bsdutils_1:2.34-0.1 build-essential_12.8 bzip2_1.0.8-2 clang-9_1:9.0.1-8 cmake_3.16.3-1 cmake-data_3.16.3-1 coreutils_8.30-3+b1 cpp_4:9.2.1-3.1 cpp-9_9.2.1-30 dash_0.5.10.2-6 debconf_1.5.73 debhelper_12.9 debian-archive-keyring_2019.1 debianutils_4.9.1 dh-autoreconf_19 dh-strip-nondeterminism_1.6.3-2 diffutils_1:3.7-3 dpkg_1.19.7 dpkg-dev_1.19.7 dwz_0.13-5 e2fsprogs_1.45.5-2 fakeroot_1.24-1 fdisk_2.34-0.1 file_1:5.38-4 findutils_4.7.0-1 g++_4:9.2.1-3.1 g++-9_9.2.1-30 gcc_4:9.2.1-3.1 gcc-10-base_10-20200222-1 gcc-8-base_8.3.0-29 gcc-9_9.2.1-30 gcc-9-base_9.2.1-30 gettext_0.19.8.1-10 gettext-base_0.19.8.1-10 gpgv_2.2.19-1 grep_3.4-1 groff-base_1.22.4-4 gzip_1.9-3+b1 hostname_3.23 init-system-helpers_1.57 intltool-debian_0.35.0+20060710.5 lib32gcc-s1_10-20200222-1 lib32gcc1_1:10-20200222-1 lib32stdc++6_10-20200222-1 libacl1_2.2.53-5 libapt-pkg5.0_1.8.4 libarchive-zip-perl_1.67-1 libarchive13_3.4.0-1+b1 libasan5_9.2.1-30 libatomic1_10-20200222-1 libattr1_1:2.4.48-5 libaudit-common_1:2.8.5-2 libaudit1_1:2.8.5-2+b1 libbinutils_2.34-3 libblkid1_2.34-0.1 libboost-dev_1.67.0.2+b1 libboost1.67-dev_1.67.0-17 libbrotli1_1.0.7-6 libbsd0_0.10.0-1 libbz2-1.0_1.0.8-2 libc-bin_2.29-10 libc-dev-bin_2.29-10 libc6_2.29-10 libc6-dev_2.29-10 libc6-i386_2.29-10 libcap-ng0_0.7.9-2.1+b1 libcc1-0_10-20200222-1 libclang-common-9-dev_1:9.0.1-8 libclang-cpp9_1:9.0.1-8 libcom-err2_1.45.5-2 libcroco3_0.6.13-1 libcrypt-dev_1:4.4.10-10 libcrypt1_1:4.4.10-10 libctf-nobfd0_2.34-3 libctf0_2.34-3 libcurl4_7.68.0-1 libdb5.3_5.3.28+dfsg1-0.6 libdebconfclient0_0.251 libdebhelper-perl_12.9 libdpkg-perl_1.19.7 libedit2_3.1-20191231-1 libelf1_0.176-1.1 libexpat1_2.2.9-1 libext2fs2_1.45.5-2 libfakeroot_1.24-1 libfdisk1_2.34-0.1 libffi7_3.3-3 libfile-stripnondeterminism-perl_1.6.3-2 libgc1c2_1:7.6.4-0.4 libgcc-8-dev_8.3.0-29 libgcc-9-dev_9.2.1-30 libgcc-s1_10-20200222-1 libgcc1_1:10-20200222-1 libgcrypt20_1.8.5-5 libgdbm-compat4_1.18.1-5 libgdbm6_1.18.1-5 libglib2.0-0_2.62.4-2 libgmp10_2:6.2.0+dfsg-4 libgnutls30_3.6.12-2 libgomp1_10-20200222-1 libgpg-error0_1.37-1 libgssapi-krb5-2_1.17-6 libhogweed5_3.5.1+really3.5.1-2 libicu63_63.2-2 libidn2-0_2.2.0-2 libisl22_0.22.1-1 libitm1_10-20200222-1 libjsoncpp1_1.7.4-3.1 libk5crypto3_1.17-6 libkeyutils1_1.6.1-2 libkrb5-3_1.17-6 libkrb5support0_1.17-6 libldap-2.4-2_2.4.49+dfsg-1 libldap-common_2.4.49+dfsg-1 libllvm9_1:9.0.1-8 liblsan0_10-20200222-1 liblz4-1_1.9.2-2 liblzma5_5.2.4-1+b1 libmagic-mgc_1:5.38-4 libmagic1_1:5.38-4 libmount1_2.34-0.1 libmpc3_1.1.0-1 libmpfr6_4.0.2-1 libmpx2_8.3.0-29 libncurses6_6.1+20191019-1 libncursesw6_6.1+20191019-1 libnettle7_3.5.1+really3.5.1-2 libnghttp2-14_1.40.0-1 libobjc-8-dev_8.3.0-29 libobjc-9-dev_9.2.1-30 libobjc4_10-20200222-1 libomp-9-dev_1:9.0.1-8 libomp5-9_1:9.0.1-8 libp11-kit0_0.23.20-1 libpam-modules_1.3.1-5 libpam-modules-bin_1.3.1-5 libpam-runtime_1.3.1-5 libpam0g_1.3.1-5 libpcre2-8-0_10.34-7 libpcre3_2:8.39-12+b1 libperl5.30_5.30.0-9 libpipeline1_1.5.2-2 libprocps8_2:3.3.16-1+b1 libpsl5_0.20.2-2 libquadmath0_10-20200222-1 librhash0_1.3.9-1 librtmp1_2.4+20151223.gitfa8646d.1-2+b1 libsasl2-2_2.1.27+dfsg-2 libsasl2-modules-db_2.1.27+dfsg-2 libseccomp2_2.4.2-2 libselinux1_3.0-1+b1 libsemanage-common_3.0-1 libsemanage1_3.0-1+b1 libsepol1_3.0-1 libsigsegv2_2.12-2 libsmartcols1_2.34-0.1 libss2_1.45.5-2 libssh2-1_1.8.0-2.1 libssl1.1_1.1.1d-2 libstdc++-8-dev_8.3.0-29 libstdc++-9-dev_9.2.1-30 libstdc++6_10-20200222-1 libsub-override-perl_0.09-2 libsystemd0_244.3-1 libtasn1-6_4.16.0-2 libtinfo6_6.1+20191019-1 libtool_2.4.6-13 libtsan0_10-20200222-1 libubsan1_10-20200222-1 libuchardet0_0.0.6-3 libudev1_244.3-1 libunistring2_0.9.10-2 libuuid1_2.34-0.1 libuv1_1.34.2-1 libxml2_2.9.10+dfsg-3 libz3-4_4.8.7-4 libzstd1_1.4.4+dfsg-3 linux-libc-dev_5.4.19-1 login_1:4.8.1-1 logsave_1.45.5-2 lsb-base_11.1.0 m4_1.4.18-4 make_4.2.1-1.2 man-db_2.9.0-2 mawk_1.3.4.20200120-2 mount_2.34-0.1 ncurses-base_6.1+20191019-1 ncurses-bin_6.1+20191019-1 passwd_1:4.8.1-1 patch_2.7.6-6 perl_5.30.0-9 perl-base_5.30.0-9 perl-modules-5.30_5.30.0-9 po-debconf_1.0.21 procps_2:3.3.16-1+b1 sbuild-build-depends-main-dummy_0.invalid.0 sed_4.7-1 sensible-utils_0.0.12+nmu1 sysvinit-utils_2.96-2.1 tar_1.30+dfsg-6+b1 tzdata_2019c-3 util-linux_2.34-0.1 xz-utils_5.2.4-1+b1 zlib1g_1:1.2.11.dfsg-2 zlib1g-dev_1:1.2.11.dfsg-2

+------------------------------------------------------------------------------+
| Build                                                                        |
+------------------------------------------------------------------------------+


Unpack source
-------------

-----BEGIN PGP SIGNED MESSAGE-----
Hash: SHA256

Format: 3.0 (quilt)
Source: clucene-core
Binary: libclucene-dev, libclucene-core1v5, libclucene-contribs1v5
Architecture: any
Version: 2.3.3.4+dfsg-1
Maintainer: Fathi Boudra <fabo@debian.org>
Uploaders: Daniel Glassey <wdg@debian.org>
Homepage: http://clucene.sourceforge.net
Standards-Version: 3.9.8
Build-Depends: cmake (>= 2.8.5), debhelper (>= 9), libboost-dev, libz-dev
Package-List:
 libclucene-contribs1v5 deb libs optional arch=any
 libclucene-core1v5 deb libs optional arch=any
 libclucene-dev deb libdevel optional arch=any
Checksums-Sha1:
 28c86f39461835d7fa96de64989b9572eb863a7d 826688 clucene-core_2.3.3.4+dfsg.orig.tar.xz
 82607f05e8c81ee6aad544c3985e2763352caea1 8736 clucene-core_2.3.3.4+dfsg-1.debian.tar.xz
Checksums-Sha256:
 c70b8202c0afca27f9fa2f1a5d09a41bc4cc57a8f68c854379891ea2e24f1490 826688 clucene-core_2.3.3.4+dfsg.orig.tar.xz
 a7d25d096e70105464a911e908fee7e5eb25adf3682ae75b1b514d6a5846b076 8736 clucene-core_2.3.3.4+dfsg-1.debian.tar.xz
Files:
 af48f4858b4690a3632c86c86ed9c8f2 826688 clucene-core_2.3.3.4+dfsg.orig.tar.xz
 26c2ba8d89feffeff234dae4f70e97e2 8736 clucene-core_2.3.3.4+dfsg-1.debian.tar.xz

-----BEGIN PGP SIGNATURE-----

iQIzBAEBCAAdFiEErgXg8j6f/HimcCpY/zQ5qUgYqYwFAlhbiXAACgkQ/zQ5qUgY
qYzvNw/+OqZpbCHVgGdK7uvJOGgicDKsn6hGgSJyvh92YD2vjjUYtFKz1weg1Mrc
vMSYrvB57FR16lwCD6oisu5Hvmg2hRypfo116icjoc4yoaza4mtb/vhqerWwFmIO
7ce4CY7ahwL8V8yH4wDGP9imi3TgEr20XtKSDeXJzE+4L3IUKRcU+9tXJo5stcfM
H5eXJPHjfKmmzkqpYXXpFTyQb78r9F1zAhT7khgn7+NpGG+IFiY+gA8IxZNUp4Pm
KpwSaBGD7AMKzTj4UqLx/4CpInr3LB6vue5nHx/3kktcez5xGsB5aVEbQ8Lysbf9
6rRAMVsZy5sYFhrffWj5KKoKzq9oPsVmi3hvpbDTK0NIkQJ2DW/Q2tEG7Ljq+Y5e
tTDrX9CNq3ZbJjazn0BYmjlo+pGmmXjI4hi5pkIHZWN6ihv9iT4to9o0e/5NTEAW
roRd20y9xjY94v504sYwV3FsofM8l3FRQofNA9QSusbAanSTgbxUJB0kRd6Vr2D+
OCjl80gPSfexCE4f3lMADpvUML9Lcj9WecEPVnEgYMA0hszjsuUzkLoItwNkZAQu
rvI6hAp2cXdxp8TXPhux3naPjzAleEZCeLegK6zksOqZcJjIY/ujx8mWX54OCKGO
lE61Q8wRNw3juKLfxQz90zNhI09H+3AR1HBRz1F4LsvOK+h9QCU=
=lwu5
-----END PGP SIGNATURE-----

gpgv: unknown type of key resource 'trustedkeys.kbx'
gpgv: keyblock resource '/sbuild-nonexistent/.gnupg/trustedkeys.kbx': General error
gpgv: Signature made Thu Dec 22 08:06:08 2016 UTC
gpgv:                using RSA key AE05E0F23E9FFC78A6702A58FF3439A94818A98C
gpgv: Can't check signature: No public key
dpkg-source: warning: failed to verify signature on ./clucene-core_2.3.3.4+dfsg-1.dsc
dpkg-source: info: extracting clucene-core in /<<PKGBUILDDIR>>
dpkg-source: info: unpacking clucene-core_2.3.3.4+dfsg.orig.tar.xz
dpkg-source: info: unpacking clucene-core_2.3.3.4+dfsg-1.debian.tar.xz
dpkg-source: info: using patch list from debian/patches/series
dpkg-source: info: applying Fixing_ZLIB_configuration_in_shared_CMakeLists.patch
dpkg-source: info: applying Fix-pkgconfig-file-by-adding-clucene-shared-library.patch
dpkg-source: info: applying Install-contribs-lib.patch
dpkg-source: info: applying multiarch.patch
dpkg-source: info: applying bug715474-no-boost-headers.patch
dpkg-source: info: applying bug718187-ftbfs-hurd.patch
dpkg-source: info: applying gcc-version.diff

Check disk space
----------------

Sufficient free space for build

User Environment
----------------

APT_CONFIG=/var/lib/sbuild/apt.conf
HOME=/sbuild-nonexistent
LANG=C.UTF-8
LC_ALL=C.UTF-8
LOGNAME=user42
PATH=/usr/local/sbin:/usr/local/bin:/usr/sbin:/usr/bin:/sbin:/bin:/usr/games
SCHROOT_ALIAS_NAME=unstable
SCHROOT_CHROOT_NAME=sid-amd64-sbuild
SCHROOT_COMMAND=env
SCHROOT_GID=1001
SCHROOT_GROUP=user42
SCHROOT_SESSION_ID=sid-amd64-sbuild-ff6da0a6-99d7-42db-8841-b29c93f16aab
SCHROOT_UID=1001
SCHROOT_USER=user42
SHELL=/bin/sh
USER=user42

dpkg-buildpackage
-----------------

Command: dpkg-buildpackage -us -uc -b -rfakeroot
dpkg-buildpackage: info: source package clucene-core
dpkg-buildpackage: info: source version 2.3.3.4+dfsg-1
dpkg-buildpackage: info: source distribution unstable
dpkg-buildpackage: info: source changed by Fathi Boudra <fabo@debian.org>
 dpkg-source --before-build .
dpkg-buildpackage: info: host architecture amd64
 fakeroot debian/rules clean
dh clean --list-missing --parallel
   dh_auto_clean -O--list-missing -O--parallel
   dh_clean -O--list-missing -O--parallel
 debian/rules build
dh build --list-missing --parallel
   dh_update_autotools_config -O--list-missing -O--parallel
   debian/rules override_dh_auto_configure
make[1]: Entering directory '/<<PKGBUILDDIR>>'
dh_auto_configure -- \
-DBUILD_CONTRIBS_LIB=ON \
-DLIB_DESTINATION:PATH=/usr/lib/x86_64-linux-gnu \
-DLUCENE_SYS_INCLUDES:PATH=/usr/lib/x86_64-linux-gnu
	cd obj-x86_64-linux-gnu && cmake -DCMAKE_INSTALL_PREFIX=/usr -DCMAKE_BUILD_TYPE=None -DCMAKE_INSTALL_SYSCONFDIR=/etc -DCMAKE_INSTALL_LOCALSTATEDIR=/var -DCMAKE_EXPORT_NO_PACKAGE_REGISTRY=ON -DCMAKE_FIND_PACKAGE_NO_PACKAGE_REGISTRY=ON "-GUnix Makefiles" -DCMAKE_VERBOSE_MAKEFILE=ON -DCMAKE_INSTALL_LIBDIR=lib/x86_64-linux-gnu -DBUILD_CONTRIBS_LIB=ON -DLIB_DESTINATION:PATH=/usr/lib/x86_64-linux-gnu -DLUCENE_SYS_INCLUDES:PATH=/usr/lib/x86_64-linux-gnu ..
-- The C compiler identification is Clang 9.0.1
-- The CXX compiler identification is Clang 9.0.1
-- Check for working C compiler: /usr/bin/cc
-- Check for working C compiler: /usr/bin/cc -- works
-- Detecting C compiler ABI info
-- Detecting C compiler ABI info - done
-- Detecting C compile features
-- Detecting C compile features - done
-- Check for working CXX compiler: /usr/bin/c++
-- Check for working CXX compiler: /usr/bin/c++ -- works
-- Detecting CXX compiler ABI info
-- Detecting CXX compiler ABI info - done
-- Detecting CXX compile features
-- Detecting CXX compile features - done
-- Looking for pthread.h
-- Looking for pthread.h - found
-- Performing Test CMAKE_HAVE_LIBC_PTHREAD
-- Performing Test CMAKE_HAVE_LIBC_PTHREAD - Failed
-- Looking for pthread_create in pthreads
-- Looking for pthread_create in pthreads - not found
-- Looking for pthread_create in pthread
-- Looking for pthread_create in pthread - found
-- Found Threads: TRUE  
Compiling as None
CMake Warning (dev) at CMakeLists.txt:74 (OPTION):
  Policy CMP0077 is not set: option() honors normal variables.  Run "cmake
  --help-policy CMP0077" for policy details.  Use the cmake_policy command to
  set the policy and suppress this warning.

  For compatibility with older versions of CMake, option is clearing the
  normal variable 'ENABLE_ANSI_MODE'.
This warning is for project developers.  Use -Wno-dev to suppress it.

-- Found Boost: /usr/include (found version "1.67.0")  
Boost found
-- Boost_INCLUDE_DIR    : /usr/include
-- Found ZLIB: /usr/lib/x86_64-linux-gnu/libz.so (found version "1.2.11") 
-- Looking for include files sys/time.h, time.h
-- Looking for include files sys/time.h, time.h - found
-- Looking for C++ include stdlib.h
-- Looking for C++ include stdlib.h - found
-- Looking for C++ include stdarg.h
-- Looking for C++ include stdarg.h - found
-- Looking for C++ include stdio.h
-- Looking for C++ include stdio.h - found
-- Looking for C++ include stddef.h
-- Looking for C++ include stddef.h - found
-- Looking for C++ include ctype.h
-- Looking for C++ include ctype.h - found
-- Looking for C++ include algorithm
-- Looking for C++ include algorithm - found
-- Looking for C++ include functional
-- Looking for C++ include functional - found
-- Looking for C++ include map
-- Looking for C++ include map - found
-- Looking for C++ include vector
-- Looking for C++ include vector - found
-- Looking for C++ include list
-- Looking for C++ include list - found
-- Looking for C++ include set
-- Looking for C++ include set - found
-- Looking for C++ include math.h
-- Looking for C++ include math.h - found
-- Looking for C++ include fcntl.h
-- Looking for C++ include fcntl.h - found
-- Looking for C++ include limits.h
-- Looking for C++ include limits.h - found
-- Looking for C++ include string.h
-- Looking for C++ include string.h - found
-- Looking for C++ include sys/time.h
-- Looking for C++ include sys/time.h - found
-- Looking for C++ include memory.h
-- Looking for C++ include memory.h - found
-- Looking for C++ include sys/types.h
-- Looking for C++ include sys/types.h - found
-- Looking for C++ include stdint.h
-- Looking for C++ include stdint.h - found
-- Looking for C++ include unistd.h
-- Looking for C++ include unistd.h - found
-- Looking for C++ include io.h
-- Looking for C++ include io.h - not found
-- Looking for C++ include direct.h
-- Looking for C++ include direct.h - not found
-- Looking for C++ include sys/dir.h
-- Looking for C++ include sys/dir.h - found
-- Looking for C++ include sys/ndir.h
-- Looking for C++ include sys/ndir.h - not found
-- Looking for C++ include dirent.h
-- Looking for C++ include dirent.h - found
-- Looking for C++ include wctype.h
-- Looking for C++ include wctype.h - found
-- Looking for C++ include stat.h
-- Looking for C++ include stat.h - not found
-- Looking for C++ include sys/stat.h
-- Looking for C++ include sys/stat.h - found
-- Looking for C++ include stdexcept
-- Looking for C++ include stdexcept - found
-- Looking for C++ include errno.h
-- Looking for C++ include errno.h - found
-- Looking for C++ include windef.h
-- Looking for C++ include windef.h - not found
-- Looking for C++ include windows.h
-- Looking for C++ include windows.h - not found
-- Looking for C++ include wchar.h
-- Looking for C++ include wchar.h - found
-- Looking for C++ include hash_map
-- Looking for C++ include hash_map - found
-- Looking for C++ include hash_set
-- Looking for C++ include hash_set - found
-- Looking for C++ include ext/hash_map
-- Looking for C++ include ext/hash_map - found
-- Looking for C++ include tr1/unordered_set
-- Looking for C++ include tr1/unordered_set - found
-- Looking for C++ include tr1/unordered_map
-- Looking for C++ include tr1/unordered_map - found
-- Looking for C++ include sys/timeb.h
-- Looking for C++ include sys/timeb.h - found
-- Looking for C++ include tchar.h
-- Looking for C++ include tchar.h - not found
-- Looking for C++ include strings.h
-- Looking for C++ include strings.h - found
-- Looking for C++ include sys/mman.h
-- Looking for C++ include sys/mman.h - found
-- Looking for C++ include winerror.h
-- Looking for C++ include winerror.h - not found
-- Choosing type for int8_t
-- Check size of int8_t
-- Check size of int8_t - done
-- Choosing type for int8_t - signed int8_t
-- Choosing type for uint8_t
-- Check size of uint8_t
-- Check size of uint8_t - done
-- Choosing type for uint8_t - unsigned uint8_t
-- Choosing type for int16_t
-- Check size of int16_t
-- Check size of int16_t - done
-- Choosing type for int16_t - signed int16_t
-- Choosing type for uint16_t
-- Check size of uint16_t
-- Check size of uint16_t - done
-- Choosing type for uint16_t - unsigned uint16_t
-- Choosing type for int32_t
-- Check size of int32_t
-- Check size of int32_t - done
-- Choosing type for int32_t - signed int32_t
-- Choosing type for uint32_t
-- Check size of uint32_t
-- Check size of uint32_t - done
-- Choosing type for uint32_t - unsigned uint32_t
-- Choosing type for int64_t
-- Check size of int64_t
-- Check size of int64_t - done
-- Choosing type for int64_t - signed int64_t
-- Choosing type for uint64_t
-- Check size of uint64_t
-- Check size of uint64_t - done
-- Choosing type for uint64_t - unsigned uint64_t
-- Choosing type for size_t
-- Check size of size_t
-- Check size of size_t - done
-- Choosing type for size_t - unsigned size_t
-- Choosing option for HAVE_TYPE__TIMEB
-- Performing Test _CL_HAVE_OPTION__TIMEB
-- Performing Test _CL_HAVE_OPTION__TIMEB - Failed
-- Performing Test _CL_HAVE_OPTION_TIMEB
-- Performing Test _CL_HAVE_OPTION_TIMEB - Success
-- Choosing option for HAVE_TYPE__TIMEB - timeb
-- Performing Test HAVE_SYMBOL_FLOAT_T
-- Performing Test HAVE_SYMBOL_FLOAT_T - Success
-- Check size of DWORD
-- Check size of DWORD - failed
-- Looking for printf
-- Looking for printf - found
-- Looking for strftime
-- Looking for strftime - found
-- Looking for wcscpy
-- Looking for wcscpy - found
-- Looking for wcsncpy
-- Looking for wcsncpy - found
-- Looking for wcscat
-- Looking for wcscat - found
-- Looking for wcschr
-- Looking for wcschr - found
-- Looking for wcsstr
-- Looking for wcsstr - found
-- Looking for wcslen
-- Looking for wcslen - found
-- Looking for wcscmp
-- Looking for wcscmp - found
-- Looking for wcsncmp
-- Looking for wcsncmp - found
-- Looking for wcscspn
-- Looking for wcscspn - found
-- Looking for wcsupr
-- Looking for wcsupr - not found
-- Looking for wcscasecmp
-- Looking for wcscasecmp - found
-- Looking for wcsicmp
-- Looking for wcsicmp - not found
-- Looking for wcstoll
-- Looking for wcstoll - found
-- Looking for wprintf
-- Looking for wprintf - found
-- Looking for lltow
-- Looking for lltow - not found
-- Looking for wcstod
-- Looking for wcstod - found
-- Looking for wcsdup
-- Looking for wcsdup - found
-- Looking for strupr
-- Looking for strupr - not found
-- Looking for strlwr
-- Looking for strlwr - not found
-- Looking for lltoa
-- Looking for lltoa - not found
-- Looking for strtoll
-- Looking for strtoll - found
-- Looking for gettimeofday
-- Looking for gettimeofday - found
-- Looking for _vsnwprintf
-- Looking for _vsnwprintf - not found
-- Looking for mmap
-- Looking for mmap - found
-- Looking for MapViewOfFile
-- Looking for MapViewOfFile(0,0,0,0,0) - not found
-- Choosing function for fileHandleStat
-- Looking for fstati64
-- Looking for fstati64 - not found
-- Looking for _fstati64
-- Looking for _fstati64 - not found
-- Looking for fstat64
-- Looking for fstat64 - found
-- Choosing function for fileHandleStat - fstat64
-- Choosing function for fileStat
-- Looking for stati64
-- Looking for stati64 - not found
-- Looking for _stati64
-- Looking for _stati64 - not found
-- Looking for stat64
-- Looking for stat64 - found
-- Choosing function for fileStat - stat64
-- Choosing function for fileSize
-- Looking for filelengthi64
-- Looking for filelengthi64 - not found
-- Looking for _filelengthi64
-- Looking for _filelengthi64 - not found
-- Looking for filelength
-- Looking for filelength - not found
-- Looking for _filelength
-- Looking for _filelength - not found
-- Choosing function for fileSize - using default
-- Choosing function for fileSeek
-- Looking for lseeki64
-- Looking for lseeki64 - not found
-- Looking for _lseeki64
-- Looking for _lseeki64 - not found
-- Looking for lseek64
-- Looking for lseek64 - found
-- Choosing function for fileSeek - lseek64
-- Choosing option for HAVE_TYPE_CL_STAT_T
-- Performing Test _CL_HAVE_OPTION_STATI64
-- Performing Test _CL_HAVE_OPTION_STATI64 - Failed
-- Performing Test _CL_HAVE_OPTION__STATI64
-- Performing Test _CL_HAVE_OPTION__STATI64 - Failed
-- Performing Test _CL_HAVE_OPTION_STAT64
-- Performing Test _CL_HAVE_OPTION_STAT64 - Success
-- Choosing option for HAVE_TYPE_CL_STAT_T - stat64
-- Choosing function for fileTell
-- Looking for telli64
-- Looking for telli64 - not found
-- Looking for _telli64
-- Looking for _telli64 - not found
-- Looking for tell64
-- Looking for tell64 - not found
-- Looking for tell
-- Looking for tell - not found
-- Looking for _tell
-- Looking for _tell - not found
-- Choosing function for fileTell - using default
-- Choosing function for _realpath
-- Looking for realpath
-- Looking for realpath - found
-- Choosing function for _realpath - realpath
-- Choosing function for _rename
-- Looking for rename
-- Looking for rename - found
-- Choosing function for _rename - rename
-- Choosing function for _close
-- Looking for _close
-- Looking for _close((int)0) - not found
-- Looking for close
-- Looking for close - found
-- Choosing function for _close - close
-- Choosing function for _read
-- Looking for _read
-- Looking for _read((int)0, (void*)0, (unsigned int)0) - not found
-- Looking for read
-- Looking for read - found
-- Choosing function for _read - read
-- Choosing function for _cl_open
-- Looking for _open
-- Looking for _open(0,0,0) - not found
-- Looking for open
-- Looking for open - found
-- Choosing function for _cl_open - open
-- Choosing function for _write
-- Looking for _write
-- Looking for _write((int)0, (const void*)0, (unsigned int)0) - not found
-- Looking for write
-- Looking for write - found
-- Choosing function for _write - write
-- Choosing function for _unlink
-- Looking for _unlink
-- Looking for _unlink((const char*)0) - not found
-- Looking for unlink
-- Looking for unlink - found
-- Choosing function for _unlink - unlink
-- Choosing function for _ftime
-- Looking for _ftime
-- Looking for _ftime(0) - not found
-- Looking for ftime
-- Looking for ftime - found
-- Choosing function for _ftime - ftime
-- Choosing function for _mkdir
-- Looking for _mkdir
-- Looking for _mkdir((const char*)0) - not found
-- Choosing function for _mkdir - using default
-- Choosing function for SLEEPFUNCTION
-- Looking for usleep
-- Looking for usleep - found
-- Choosing function for SLEEPFUNCTION - usleep
-- Choosing function for _snprintf
-- Looking for snprintf
-- Looking for snprintf - found
-- Choosing function for _snprintf - snprintf
-- Choosing function for _snwprintf
-- Looking for snwprintf
-- Looking for snwprintf - not found
-- Looking for _snwprintf
-- Looking for _snwprintf - not found
-- Choosing function for _snwprintf - not found
-- Choosing symbol for _O_RANDOM
-- Looking for _O_RANDOM
-- Looking for _O_RANDOM - not found
-- Looking for O_RANDOM
-- Looking for O_RANDOM - not found
-- Choosing symbol for _O_RANDOM - not found
-- Choosing symbol for _O_BINARY
-- Looking for _O_BINARY
-- Looking for _O_BINARY - not found
-- Looking for O_BINARY
-- Looking for O_BINARY - not found
-- Choosing symbol for _O_BINARY - not found
-- Choosing symbol for _S_IREAD
-- Looking for _S_IREAD
-- Looking for _S_IREAD - not found
-- Looking for S_IREAD
-- Looking for S_IREAD - found
-- Choosing symbol for _S_IREAD - S_IREAD
-- Choosing symbol for _S_IWRITE
-- Looking for _S_IWRITE
-- Looking for _S_IWRITE - not found
-- Looking for S_IWRITE
-- Looking for S_IWRITE - found
-- Choosing symbol for _S_IWRITE - S_IWRITE
-- Choosing type for TCHAR
-- Check size of TCHAR
-- Check size of TCHAR - failed
-- Check size of wchar_t
-- Check size of wchar_t - done
-- Choosing type for TCHAR -  wchar_t
-- Choosing symbol for _T
-- Looking for _T
-- Looking for _T - not found
-- Choosing symbol for _T - not found
-- Performing Test _CL_HAVE_PTHREAD_MUTEX_RECURSIVE
-- Performing Test _CL_HAVE_PTHREAD_MUTEX_RECURSIVE - Success
-- Performing Test _CL_HAVE_GCC_ATOMIC_FUNCTIONS
-- Performing Test _CL_HAVE_GCC_ATOMIC_FUNCTIONS - Success
-- Performing Test _CL_HAVE_TRY_BLOCKS
-- Performing Test _CL_HAVE_TRY_BLOCKS - Success
-- Checking support new float byte<->float conversions
-- Checking support new float byte<->float conversions - yes
-- Choosing namespace for hashmaps
-- Performing Test _CL_HAVE_STD__TR1_HASHMAP
-- Performing Test _CL_HAVE_STD__TR1_HASHMAP - Success
-- Choosing namespace for hashmaps - std::tr1::func
-- Performing Test _CL_HAVE_NAMESPACES
-- Performing Test _CL_HAVE_NAMESPACES - Success
-- Performing Test _CL_HAVE_NO_SNPRINTF_BUG
-- Performing Test _CL_HAVE_NO_SNPRINTF_BUG - Success
-- Performing Test _CL_ILONGLONG_LL
-- Performing Test _CL_ILONGLONG_LL - Success
-- Performing Test LUCENE_STATIC_CONSTANT_SYNTAX
-- Performing Test LUCENE_STATIC_CONSTANT_SYNTAX - Success
-- Check for ANSI scope
-- Check for ANSI scope - found
-- Checking to see if CXX compiler accepts flag -fprofile-arcs -ftest-coverage
-- Checking to see if CXX compiler accepts flag -fprofile-arcs -ftest-coverage - yes
-- Performing Test ICONV_SECOND_ARGUMENT_IS_CONST
-- Performing Test ICONV_SECOND_ARGUMENT_IS_CONST - Failed
-- Found Iconv: /usr/lib/x86_64-linux-gnu/libc.so
-- Configuring done
-- Generating done
CMake Warning:
  Manually-specified variables were not used by the project:

    CMAKE_EXPORT_NO_PACKAGE_REGISTRY
    CMAKE_INSTALL_LIBDIR
    CMAKE_INSTALL_LOCALSTATEDIR
    CMAKE_INSTALL_SYSCONFDIR


-- Build files have been written to: /<<PKGBUILDDIR>>/obj-x86_64-linux-gnu
make[1]: Leaving directory '/<<PKGBUILDDIR>>'
   dh_auto_build -O--list-missing -O--parallel
	cd obj-x86_64-linux-gnu && make -j4
make[1]: Entering directory '/<<PKGBUILDDIR>>/obj-x86_64-linux-gnu'
/usr/bin/cmake -S/<<PKGBUILDDIR>> -B/<<PKGBUILDDIR>>/obj-x86_64-linux-gnu --check-build-system CMakeFiles/Makefile.cmake 0
/usr/bin/cmake -E cmake_progress_start /<<PKGBUILDDIR>>/obj-x86_64-linux-gnu/CMakeFiles /<<PKGBUILDDIR>>/obj-x86_64-linux-gnu/CMakeFiles/progress.marks
make -f CMakeFiles/Makefile2 all
make[2]: Entering directory '/<<PKGBUILDDIR>>/obj-x86_64-linux-gnu'
make -f src/shared/CMakeFiles/clucene-shared.dir/build.make src/shared/CMakeFiles/clucene-shared.dir/depend
make[3]: Entering directory '/<<PKGBUILDDIR>>/obj-x86_64-linux-gnu'
cd /<<PKGBUILDDIR>>/obj-x86_64-linux-gnu && /usr/bin/cmake -E cmake_depends "Unix Makefiles" /<<PKGBUILDDIR>> /<<PKGBUILDDIR>>/src/shared /<<PKGBUILDDIR>>/obj-x86_64-linux-gnu /<<PKGBUILDDIR>>/obj-x86_64-linux-gnu/src/shared /<<PKGBUILDDIR>>/obj-x86_64-linux-gnu/src/shared/CMakeFiles/clucene-shared.dir/DependInfo.cmake --color=
Scanning dependencies of target clucene-shared
make[3]: Leaving directory '/<<PKGBUILDDIR>>/obj-x86_64-linux-gnu'
make -f src/shared/CMakeFiles/clucene-shared.dir/build.make src/shared/CMakeFiles/clucene-shared.dir/build
make[3]: Entering directory '/<<PKGBUILDDIR>>/obj-x86_64-linux-gnu'
[  0%] Building CXX object src/shared/CMakeFiles/clucene-shared.dir/CLucene/config/gunichartables.o
[  0%] Building CXX object src/shared/CMakeFiles/clucene-shared.dir/CLucene/SharedHeader.o
[  1%] Building CXX object src/shared/CMakeFiles/clucene-shared.dir/CLucene/config/repl_tcstoll.o
[  1%] Building CXX object src/shared/CMakeFiles/clucene-shared.dir/CLucene/config/repl_tcslwr.o
cd /<<PKGBUILDDIR>>/obj-x86_64-linux-gnu/src/shared && /usr/bin/c++  -DMAKE_CLUCENE_SHARED_LIB -Dclucene_shared_EXPORTS -I/<<PKGBUILDDIR>>/src/shared -I/<<PKGBUILDDIR>>/obj-x86_64-linux-gnu/src/shared -I/<<PKGBUILDDIR>>/src/core  -g -O2 -fdebug-prefix-map=/<<PKGBUILDDIR>>=. -fstack-protector-strong -Wformat -Werror=format-security -Wdate-time -D_FORTIFY_SOURCE=2 -fPIC    -D_REENTRANT -D_UCS2 -D_UNICODE -o CMakeFiles/clucene-shared.dir/CLucene/SharedHeader.o -c /<<PKGBUILDDIR>>/src/shared/CLucene/SharedHeader.cpp
cd /<<PKGBUILDDIR>>/obj-x86_64-linux-gnu/src/shared && /usr/bin/c++  -DMAKE_CLUCENE_SHARED_LIB -Dclucene_shared_EXPORTS -I/<<PKGBUILDDIR>>/src/shared -I/<<PKGBUILDDIR>>/obj-x86_64-linux-gnu/src/shared -I/<<PKGBUILDDIR>>/src/core  -g -O2 -fdebug-prefix-map=/<<PKGBUILDDIR>>=. -fstack-protector-strong -Wformat -Werror=format-security -Wdate-time -D_FORTIFY_SOURCE=2 -fPIC    -D_REENTRANT -D_UCS2 -D_UNICODE -o CMakeFiles/clucene-shared.dir/CLucene/config/gunichartables.o -c /<<PKGBUILDDIR>>/src/shared/CLucene/config/gunichartables.cpp
cd /<<PKGBUILDDIR>>/obj-x86_64-linux-gnu/src/shared && /usr/bin/c++  -DMAKE_CLUCENE_SHARED_LIB -Dclucene_shared_EXPORTS -I/<<PKGBUILDDIR>>/src/shared -I/<<PKGBUILDDIR>>/obj-x86_64-linux-gnu/src/shared -I/<<PKGBUILDDIR>>/src/core  -g -O2 -fdebug-prefix-map=/<<PKGBUILDDIR>>=. -fstack-protector-strong -Wformat -Werror=format-security -Wdate-time -D_FORTIFY_SOURCE=2 -fPIC    -D_REENTRANT -D_UCS2 -D_UNICODE -o CMakeFiles/clucene-shared.dir/CLucene/config/repl_tcslwr.o -c /<<PKGBUILDDIR>>/src/shared/CLucene/config/repl_tcslwr.cpp
cd /<<PKGBUILDDIR>>/obj-x86_64-linux-gnu/src/shared && /usr/bin/c++  -DMAKE_CLUCENE_SHARED_LIB -Dclucene_shared_EXPORTS -I/<<PKGBUILDDIR>>/src/shared -I/<<PKGBUILDDIR>>/obj-x86_64-linux-gnu/src/shared -I/<<PKGBUILDDIR>>/src/core  -g -O2 -fdebug-prefix-map=/<<PKGBUILDDIR>>=. -fstack-protector-strong -Wformat -Werror=format-security -Wdate-time -D_FORTIFY_SOURCE=2 -fPIC    -D_REENTRANT -D_UCS2 -D_UNICODE -o CMakeFiles/clucene-shared.dir/CLucene/config/repl_tcstoll.o -c /<<PKGBUILDDIR>>/src/shared/CLucene/config/repl_tcstoll.cpp
[  1%] Building CXX object src/shared/CMakeFiles/clucene-shared.dir/CLucene/config/repl_tcscasecmp.o
cd /<<PKGBUILDDIR>>/obj-x86_64-linux-gnu/src/shared && /usr/bin/c++  -DMAKE_CLUCENE_SHARED_LIB -Dclucene_shared_EXPORTS -I/<<PKGBUILDDIR>>/src/shared -I/<<PKGBUILDDIR>>/obj-x86_64-linux-gnu/src/shared -I/<<PKGBUILDDIR>>/src/core  -g -O2 -fdebug-prefix-map=/<<PKGBUILDDIR>>=. -fstack-protector-strong -Wformat -Werror=format-security -Wdate-time -D_FORTIFY_SOURCE=2 -fPIC    -D_REENTRANT -D_UCS2 -D_UNICODE -o CMakeFiles/clucene-shared.dir/CLucene/config/repl_tcscasecmp.o -c /<<PKGBUILDDIR>>/src/shared/CLucene/config/repl_tcscasecmp.cpp
[  2%] Building CXX object src/shared/CMakeFiles/clucene-shared.dir/CLucene/config/repl_tprintf.o
cd /<<PKGBUILDDIR>>/obj-x86_64-linux-gnu/src/shared && /usr/bin/c++  -DMAKE_CLUCENE_SHARED_LIB -Dclucene_shared_EXPORTS -I/<<PKGBUILDDIR>>/src/shared -I/<<PKGBUILDDIR>>/obj-x86_64-linux-gnu/src/shared -I/<<PKGBUILDDIR>>/src/core  -g -O2 -fdebug-prefix-map=/<<PKGBUILDDIR>>=. -fstack-protector-strong -Wformat -Werror=format-security -Wdate-time -D_FORTIFY_SOURCE=2 -fPIC    -D_REENTRANT -D_UCS2 -D_UNICODE -o CMakeFiles/clucene-shared.dir/CLucene/config/repl_tprintf.o -c /<<PKGBUILDDIR>>/src/shared/CLucene/config/repl_tprintf.cpp
[  2%] Building CXX object src/shared/CMakeFiles/clucene-shared.dir/CLucene/config/repl_lltot.o
cd /<<PKGBUILDDIR>>/obj-x86_64-linux-gnu/src/shared && /usr/bin/c++  -DMAKE_CLUCENE_SHARED_LIB -Dclucene_shared_EXPORTS -I/<<PKGBUILDDIR>>/src/shared -I/<<PKGBUILDDIR>>/obj-x86_64-linux-gnu/src/shared -I/<<PKGBUILDDIR>>/src/core  -g -O2 -fdebug-prefix-map=/<<PKGBUILDDIR>>=. -fstack-protector-strong -Wformat -Werror=format-security -Wdate-time -D_FORTIFY_SOURCE=2 -fPIC    -D_REENTRANT -D_UCS2 -D_UNICODE -o CMakeFiles/clucene-shared.dir/CLucene/config/repl_lltot.o -c /<<PKGBUILDDIR>>/src/shared/CLucene/config/repl_lltot.cpp
/<<PKGBUILDDIR>>/src/shared/CLucene/config/gunichartables.cpp:132:3: warning: "===== Note: using internal character function for compatibility =====" [-W#warnings]
 #warning "===== Note: using internal character function for compatibility ====="
  ^
1 warning generated.
[  2%] Building CXX object src/shared/CMakeFiles/clucene-shared.dir/CLucene/config/repl_tcstod.o
cd /<<PKGBUILDDIR>>/obj-x86_64-linux-gnu/src/shared && /usr/bin/c++  -DMAKE_CLUCENE_SHARED_LIB -Dclucene_shared_EXPORTS -I/<<PKGBUILDDIR>>/src/shared -I/<<PKGBUILDDIR>>/obj-x86_64-linux-gnu/src/shared -I/<<PKGBUILDDIR>>/src/core  -g -O2 -fdebug-prefix-map=/<<PKGBUILDDIR>>=. -fstack-protector-strong -Wformat -Werror=format-security -Wdate-time -D_FORTIFY_SOURCE=2 -fPIC    -D_REENTRANT -D_UCS2 -D_UNICODE -o CMakeFiles/clucene-shared.dir/CLucene/config/repl_tcstod.o -c /<<PKGBUILDDIR>>/src/shared/CLucene/config/repl_tcstod.cpp
[  4%] Building CXX object src/shared/CMakeFiles/clucene-shared.dir/CLucene/config/utf8.o
cd /<<PKGBUILDDIR>>/obj-x86_64-linux-gnu/src/shared && /usr/bin/c++  -DMAKE_CLUCENE_SHARED_LIB -Dclucene_shared_EXPORTS -I/<<PKGBUILDDIR>>/src/shared -I/<<PKGBUILDDIR>>/obj-x86_64-linux-gnu/src/shared -I/<<PKGBUILDDIR>>/src/core  -g -O2 -fdebug-prefix-map=/<<PKGBUILDDIR>>=. -fstack-protector-strong -Wformat -Werror=format-security -Wdate-time -D_FORTIFY_SOURCE=2 -fPIC    -D_REENTRANT -D_UCS2 -D_UNICODE -o CMakeFiles/clucene-shared.dir/CLucene/config/utf8.o -c /<<PKGBUILDDIR>>/src/shared/CLucene/config/utf8.cpp
[  4%] Building CXX object src/shared/CMakeFiles/clucene-shared.dir/CLucene/config/threads.o
cd /<<PKGBUILDDIR>>/obj-x86_64-linux-gnu/src/shared && /usr/bin/c++  -DMAKE_CLUCENE_SHARED_LIB -Dclucene_shared_EXPORTS -I/<<PKGBUILDDIR>>/src/shared -I/<<PKGBUILDDIR>>/obj-x86_64-linux-gnu/src/shared -I/<<PKGBUILDDIR>>/src/core  -g -O2 -fdebug-prefix-map=/<<PKGBUILDDIR>>=. -fstack-protector-strong -Wformat -Werror=format-security -Wdate-time -D_FORTIFY_SOURCE=2 -fPIC    -D_REENTRANT -D_UCS2 -D_UNICODE -o CMakeFiles/clucene-shared.dir/CLucene/config/threads.o -c /<<PKGBUILDDIR>>/src/shared/CLucene/config/threads.cpp
[  4%] Building CXX object src/shared/CMakeFiles/clucene-shared.dir/CLucene/debug/condition.o
cd /<<PKGBUILDDIR>>/obj-x86_64-linux-gnu/src/shared && /usr/bin/c++  -DMAKE_CLUCENE_SHARED_LIB -Dclucene_shared_EXPORTS -I/<<PKGBUILDDIR>>/src/shared -I/<<PKGBUILDDIR>>/obj-x86_64-linux-gnu/src/shared -I/<<PKGBUILDDIR>>/src/core  -g -O2 -fdebug-prefix-map=/<<PKGBUILDDIR>>=. -fstack-protector-strong -Wformat -Werror=format-security -Wdate-time -D_FORTIFY_SOURCE=2 -fPIC    -D_REENTRANT -D_UCS2 -D_UNICODE -o CMakeFiles/clucene-shared.dir/CLucene/debug/condition.o -c /<<PKGBUILDDIR>>/src/shared/CLucene/debug/condition.cpp
[  5%] Building CXX object src/shared/CMakeFiles/clucene-shared.dir/CLucene/util/StringBuffer.o
cd /<<PKGBUILDDIR>>/obj-x86_64-linux-gnu/src/shared && /usr/bin/c++  -DMAKE_CLUCENE_SHARED_LIB -Dclucene_shared_EXPORTS -I/<<PKGBUILDDIR>>/src/shared -I/<<PKGBUILDDIR>>/obj-x86_64-linux-gnu/src/shared -I/<<PKGBUILDDIR>>/src/core  -g -O2 -fdebug-prefix-map=/<<PKGBUILDDIR>>=. -fstack-protector-strong -Wformat -Werror=format-security -Wdate-time -D_FORTIFY_SOURCE=2 -fPIC    -D_REENTRANT -D_UCS2 -D_UNICODE -o CMakeFiles/clucene-shared.dir/CLucene/util/StringBuffer.o -c /<<PKGBUILDDIR>>/src/shared/CLucene/util/StringBuffer.cpp
[  5%] Building CXX object src/shared/CMakeFiles/clucene-shared.dir/CLucene/util/Misc.o
cd /<<PKGBUILDDIR>>/obj-x86_64-linux-gnu/src/shared && /usr/bin/c++  -DMAKE_CLUCENE_SHARED_LIB -Dclucene_shared_EXPORTS -I/<<PKGBUILDDIR>>/src/shared -I/<<PKGBUILDDIR>>/obj-x86_64-linux-gnu/src/shared -I/<<PKGBUILDDIR>>/src/core  -g -O2 -fdebug-prefix-map=/<<PKGBUILDDIR>>=. -fstack-protector-strong -Wformat -Werror=format-security -Wdate-time -D_FORTIFY_SOURCE=2 -fPIC    -D_REENTRANT -D_UCS2 -D_UNICODE -o CMakeFiles/clucene-shared.dir/CLucene/util/Misc.o -c /<<PKGBUILDDIR>>/src/shared/CLucene/util/Misc.cpp
[  5%] Building CXX object src/shared/CMakeFiles/clucene-shared.dir/CLucene/util/dirent.o
cd /<<PKGBUILDDIR>>/obj-x86_64-linux-gnu/src/shared && /usr/bin/c++  -DMAKE_CLUCENE_SHARED_LIB -Dclucene_shared_EXPORTS -I/<<PKGBUILDDIR>>/src/shared -I/<<PKGBUILDDIR>>/obj-x86_64-linux-gnu/src/shared -I/<<PKGBUILDDIR>>/src/core  -g -O2 -fdebug-prefix-map=/<<PKGBUILDDIR>>=. -fstack-protector-strong -Wformat -Werror=format-security -Wdate-time -D_FORTIFY_SOURCE=2 -fPIC    -D_REENTRANT -D_UCS2 -D_UNICODE -o CMakeFiles/clucene-shared.dir/CLucene/util/dirent.o -c /<<PKGBUILDDIR>>/src/shared/CLucene/util/dirent.cpp
[  7%] Linking CXX shared library ../../bin/libclucene-shared.so
cd /<<PKGBUILDDIR>>/obj-x86_64-linux-gnu/src/shared && /usr/bin/cmake -E cmake_link_script CMakeFiles/clucene-shared.dir/link.txt --verbose=1
/usr/bin/c++ -fPIC -g -O2 -fdebug-prefix-map=/<<PKGBUILDDIR>>=. -fstack-protector-strong -Wformat -Werror=format-security -Wdate-time -D_FORTIFY_SOURCE=2 -Wl,-z,relro -shared -Wl,-soname,libclucene-shared.so.1 -o ../../bin/libclucene-shared.so.2.3.3.4 CMakeFiles/clucene-shared.dir/CLucene/SharedHeader.o CMakeFiles/clucene-shared.dir/CLucene/config/gunichartables.o CMakeFiles/clucene-shared.dir/CLucene/config/repl_tcslwr.o CMakeFiles/clucene-shared.dir/CLucene/config/repl_tcstoll.o CMakeFiles/clucene-shared.dir/CLucene/config/repl_tcscasecmp.o CMakeFiles/clucene-shared.dir/CLucene/config/repl_tprintf.o CMakeFiles/clucene-shared.dir/CLucene/config/repl_lltot.o CMakeFiles/clucene-shared.dir/CLucene/config/repl_tcstod.o CMakeFiles/clucene-shared.dir/CLucene/config/utf8.o CMakeFiles/clucene-shared.dir/CLucene/config/threads.o CMakeFiles/clucene-shared.dir/CLucene/debug/condition.o CMakeFiles/clucene-shared.dir/CLucene/util/StringBuffer.o CMakeFiles/clucene-shared.dir/CLucene/util/Misc.o CMakeFiles/clucene-shared.dir/CLucene/util/dirent.o  -lpthread -lz 
cd /<<PKGBUILDDIR>>/obj-x86_64-linux-gnu/src/shared && /usr/bin/cmake -E cmake_symlink_library ../../bin/libclucene-shared.so.2.3.3.4 ../../bin/libclucene-shared.so.1 ../../bin/libclucene-shared.so
make[3]: Leaving directory '/<<PKGBUILDDIR>>/obj-x86_64-linux-gnu'
[  7%] Built target clucene-shared
make -f src/core/CMakeFiles/clucene-core.dir/build.make src/core/CMakeFiles/clucene-core.dir/depend
make[3]: Entering directory '/<<PKGBUILDDIR>>/obj-x86_64-linux-gnu'
cd /<<PKGBUILDDIR>>/obj-x86_64-linux-gnu && /usr/bin/cmake -E cmake_depends "Unix Makefiles" /<<PKGBUILDDIR>> /<<PKGBUILDDIR>>/src/core /<<PKGBUILDDIR>>/obj-x86_64-linux-gnu /<<PKGBUILDDIR>>/obj-x86_64-linux-gnu/src/core /<<PKGBUILDDIR>>/obj-x86_64-linux-gnu/src/core/CMakeFiles/clucene-core.dir/DependInfo.cmake --color=
Scanning dependencies of target clucene-core
make[3]: Leaving directory '/<<PKGBUILDDIR>>/obj-x86_64-linux-gnu'
make -f src/core/CMakeFiles/clucene-core.dir/build.make src/core/CMakeFiles/clucene-core.dir/build
make[3]: Entering directory '/<<PKGBUILDDIR>>/obj-x86_64-linux-gnu'
[  8%] Building CXX object src/core/CMakeFiles/clucene-core.dir/CLucene/util/ThreadLocal.o
[  8%] Building CXX object src/core/CMakeFiles/clucene-core.dir/CLucene/StdHeader.o
[  8%] Building CXX object src/core/CMakeFiles/clucene-core.dir/CLucene/util/Reader.o
[  8%] Building CXX object src/core/CMakeFiles/clucene-core.dir/CLucene/debug/error.o
cd /<<PKGBUILDDIR>>/obj-x86_64-linux-gnu/src/core && /usr/bin/c++  -DMAKE_CLUCENE_CORE_LIB -Dclucene_core_EXPORTS -I/<<PKGBUILDDIR>>/src/shared -I/<<PKGBUILDDIR>>/obj-x86_64-linux-gnu/src/shared -I/<<PKGBUILDDIR>>/src/core  -g -O2 -fdebug-prefix-map=/<<PKGBUILDDIR>>=. -fstack-protector-strong -Wformat -Werror=format-security -Wdate-time -D_FORTIFY_SOURCE=2 -fPIC    -D_REENTRANT -D_UCS2 -D_UNICODE -o CMakeFiles/clucene-core.dir/CLucene/StdHeader.o -c /<<PKGBUILDDIR>>/src/core/CLucene/StdHeader.cpp
cd /<<PKGBUILDDIR>>/obj-x86_64-linux-gnu/src/core && /usr/bin/c++  -DMAKE_CLUCENE_CORE_LIB -Dclucene_core_EXPORTS -I/<<PKGBUILDDIR>>/src/shared -I/<<PKGBUILDDIR>>/obj-x86_64-linux-gnu/src/shared -I/<<PKGBUILDDIR>>/src/core  -g -O2 -fdebug-prefix-map=/<<PKGBUILDDIR>>=. -fstack-protector-strong -Wformat -Werror=format-security -Wdate-time -D_FORTIFY_SOURCE=2 -fPIC    -D_REENTRANT -D_UCS2 -D_UNICODE -o CMakeFiles/clucene-core.dir/CLucene/debug/error.o -c /<<PKGBUILDDIR>>/src/core/CLucene/debug/error.cpp
cd /<<PKGBUILDDIR>>/obj-x86_64-linux-gnu/src/core && /usr/bin/c++  -DMAKE_CLUCENE_CORE_LIB -Dclucene_core_EXPORTS -I/<<PKGBUILDDIR>>/src/shared -I/<<PKGBUILDDIR>>/obj-x86_64-linux-gnu/src/shared -I/<<PKGBUILDDIR>>/src/core  -g -O2 -fdebug-prefix-map=/<<PKGBUILDDIR>>=. -fstack-protector-strong -Wformat -Werror=format-security -Wdate-time -D_FORTIFY_SOURCE=2 -fPIC    -D_REENTRANT -D_UCS2 -D_UNICODE -o CMakeFiles/clucene-core.dir/CLucene/util/ThreadLocal.o -c /<<PKGBUILDDIR>>/src/core/CLucene/util/ThreadLocal.cpp
cd /<<PKGBUILDDIR>>/obj-x86_64-linux-gnu/src/core && /usr/bin/c++  -DMAKE_CLUCENE_CORE_LIB -Dclucene_core_EXPORTS -I/<<PKGBUILDDIR>>/src/shared -I/<<PKGBUILDDIR>>/obj-x86_64-linux-gnu/src/shared -I/<<PKGBUILDDIR>>/src/core  -g -O2 -fdebug-prefix-map=/<<PKGBUILDDIR>>=. -fstack-protector-strong -Wformat -Werror=format-security -Wdate-time -D_FORTIFY_SOURCE=2 -fPIC    -D_REENTRANT -D_UCS2 -D_UNICODE -o CMakeFiles/clucene-core.dir/CLucene/util/Reader.o -c /<<PKGBUILDDIR>>/src/core/CLucene/util/Reader.cpp
[ 10%] Building CXX object src/core/CMakeFiles/clucene-core.dir/CLucene/util/Equators.o
cd /<<PKGBUILDDIR>>/obj-x86_64-linux-gnu/src/core && /usr/bin/c++  -DMAKE_CLUCENE_CORE_LIB -Dclucene_core_EXPORTS -I/<<PKGBUILDDIR>>/src/shared -I/<<PKGBUILDDIR>>/obj-x86_64-linux-gnu/src/shared -I/<<PKGBUILDDIR>>/src/core  -g -O2 -fdebug-prefix-map=/<<PKGBUILDDIR>>=. -fstack-protector-strong -Wformat -Werror=format-security -Wdate-time -D_FORTIFY_SOURCE=2 -fPIC    -D_REENTRANT -D_UCS2 -D_UNICODE -o CMakeFiles/clucene-core.dir/CLucene/util/Equators.o -c /<<PKGBUILDDIR>>/src/core/CLucene/util/Equators.cpp
/<<PKGBUILDDIR>>/src/core/CLucene/util/Reader.cpp:208:6: warning: '~JStreamsBuffer' has a non-throwing exception specification but can still throw [-Wexceptions]
                                        _CLTHROWA(CL_ERR_IO, "File IO Close error");
                                        ^
/<<PKGBUILDDIR>>/src/core/CLucene/debug/error.h:94:33: note: expanded from macro '_CLTHROWA'
 #define _CLTHROWA(number, str) throw CLuceneError(number, str,false)
                                ^
/<<PKGBUILDDIR>>/src/core/CLucene/util/Reader.cpp:205:3: note: destructor has a implicit non-throwing exception specification
                ~JStreamsBuffer(){
                ^
[ 10%] Building CXX object src/core/CMakeFiles/clucene-core.dir/CLucene/util/FastCharStream.o
cd /<<PKGBUILDDIR>>/obj-x86_64-linux-gnu/src/core && /usr/bin/c++  -DMAKE_CLUCENE_CORE_LIB -Dclucene_core_EXPORTS -I/<<PKGBUILDDIR>>/src/shared -I/<<PKGBUILDDIR>>/obj-x86_64-linux-gnu/src/shared -I/<<PKGBUILDDIR>>/src/core  -g -O2 -fdebug-prefix-map=/<<PKGBUILDDIR>>=. -fstack-protector-strong -Wformat -Werror=format-security -Wdate-time -D_FORTIFY_SOURCE=2 -fPIC    -D_REENTRANT -D_UCS2 -D_UNICODE -o CMakeFiles/clucene-core.dir/CLucene/util/FastCharStream.o -c /<<PKGBUILDDIR>>/src/core/CLucene/util/FastCharStream.cpp
1 warning generated.
[ 10%] Building CXX object src/core/CMakeFiles/clucene-core.dir/CLucene/util/MD5Digester.o
cd /<<PKGBUILDDIR>>/obj-x86_64-linux-gnu/src/core && /usr/bin/c++  -DMAKE_CLUCENE_CORE_LIB -Dclucene_core_EXPORTS -I/<<PKGBUILDDIR>>/src/shared -I/<<PKGBUILDDIR>>/obj-x86_64-linux-gnu/src/shared -I/<<PKGBUILDDIR>>/src/core  -g -O2 -fdebug-prefix-map=/<<PKGBUILDDIR>>=. -fstack-protector-strong -Wformat -Werror=format-security -Wdate-time -D_FORTIFY_SOURCE=2 -fPIC    -D_REENTRANT -D_UCS2 -D_UNICODE -o CMakeFiles/clucene-core.dir/CLucene/util/MD5Digester.o -c /<<PKGBUILDDIR>>/src/core/CLucene/util/MD5Digester.cpp
[ 11%] Building CXX object src/core/CMakeFiles/clucene-core.dir/CLucene/util/StringIntern.o
cd /<<PKGBUILDDIR>>/obj-x86_64-linux-gnu/src/core && /usr/bin/c++  -DMAKE_CLUCENE_CORE_LIB -Dclucene_core_EXPORTS -I/<<PKGBUILDDIR>>/src/shared -I/<<PKGBUILDDIR>>/obj-x86_64-linux-gnu/src/shared -I/<<PKGBUILDDIR>>/src/core  -g -O2 -fdebug-prefix-map=/<<PKGBUILDDIR>>=. -fstack-protector-strong -Wformat -Werror=format-security -Wdate-time -D_FORTIFY_SOURCE=2 -fPIC    -D_REENTRANT -D_UCS2 -D_UNICODE -o CMakeFiles/clucene-core.dir/CLucene/util/StringIntern.o -c /<<PKGBUILDDIR>>/src/core/CLucene/util/StringIntern.cpp
[ 11%] Building CXX object src/core/CMakeFiles/clucene-core.dir/CLucene/util/BitSet.o
cd /<<PKGBUILDDIR>>/obj-x86_64-linux-gnu/src/core && /usr/bin/c++  -DMAKE_CLUCENE_CORE_LIB -Dclucene_core_EXPORTS -I/<<PKGBUILDDIR>>/src/shared -I/<<PKGBUILDDIR>>/obj-x86_64-linux-gnu/src/shared -I/<<PKGBUILDDIR>>/src/core  -g -O2 -fdebug-prefix-map=/<<PKGBUILDDIR>>=. -fstack-protector-strong -Wformat -Werror=format-security -Wdate-time -D_FORTIFY_SOURCE=2 -fPIC    -D_REENTRANT -D_UCS2 -D_UNICODE -o CMakeFiles/clucene-core.dir/CLucene/util/BitSet.o -c /<<PKGBUILDDIR>>/src/core/CLucene/util/BitSet.cpp
[ 13%] Building CXX object src/core/CMakeFiles/clucene-core.dir/CLucene/queryParser/FastCharStream.o
cd /<<PKGBUILDDIR>>/obj-x86_64-linux-gnu/src/core && /usr/bin/c++  -DMAKE_CLUCENE_CORE_LIB -Dclucene_core_EXPORTS -I/<<PKGBUILDDIR>>/src/shared -I/<<PKGBUILDDIR>>/obj-x86_64-linux-gnu/src/shared -I/<<PKGBUILDDIR>>/src/core  -g -O2 -fdebug-prefix-map=/<<PKGBUILDDIR>>=. -fstack-protector-strong -Wformat -Werror=format-security -Wdate-time -D_FORTIFY_SOURCE=2 -fPIC    -D_REENTRANT -D_UCS2 -D_UNICODE -o CMakeFiles/clucene-core.dir/CLucene/queryParser/FastCharStream.o -c /<<PKGBUILDDIR>>/src/core/CLucene/queryParser/FastCharStream.cpp
/<<PKGBUILDDIR>>/src/core/CLucene/util/MD5Digester.cpp:85:29: warning: size argument in 'strncat' call appears to be size of the source [-Wstrncat-size]
                strncat(chBuffer, chEach, sizeof(chEach));
                                          ^~~~~~~~~~~~~~
/<<PKGBUILDDIR>>/src/core/CLucene/util/MD5Digester.cpp:85:29: note: change the argument to be the free space in the destination buffer minus the terminating null byte
                strncat(chBuffer, chEach, sizeof(chEach));
                                          ^~~~~~~~~~~~~~
                                          sizeof(chBuffer) - strlen(chBuffer) - 1
[ 13%] Building CXX object src/core/CMakeFiles/clucene-core.dir/CLucene/queryParser/MultiFieldQueryParser.o
cd /<<PKGBUILDDIR>>/obj-x86_64-linux-gnu/src/core && /usr/bin/c++  -DMAKE_CLUCENE_CORE_LIB -Dclucene_core_EXPORTS -I/<<PKGBUILDDIR>>/src/shared -I/<<PKGBUILDDIR>>/obj-x86_64-linux-gnu/src/shared -I/<<PKGBUILDDIR>>/src/core  -g -O2 -fdebug-prefix-map=/<<PKGBUILDDIR>>=. -fstack-protector-strong -Wformat -Werror=format-security -Wdate-time -D_FORTIFY_SOURCE=2 -fPIC    -D_REENTRANT -D_UCS2 -D_UNICODE -o CMakeFiles/clucene-core.dir/CLucene/queryParser/MultiFieldQueryParser.o -c /<<PKGBUILDDIR>>/src/core/CLucene/queryParser/MultiFieldQueryParser.cpp
[ 13%] Building CXX object src/core/CMakeFiles/clucene-core.dir/CLucene/queryParser/QueryParser.o
cd /<<PKGBUILDDIR>>/obj-x86_64-linux-gnu/src/core && /usr/bin/c++  -DMAKE_CLUCENE_CORE_LIB -Dclucene_core_EXPORTS -I/<<PKGBUILDDIR>>/src/shared -I/<<PKGBUILDDIR>>/obj-x86_64-linux-gnu/src/shared -I/<<PKGBUILDDIR>>/src/core  -g -O2 -fdebug-prefix-map=/<<PKGBUILDDIR>>=. -fstack-protector-strong -Wformat -Werror=format-security -Wdate-time -D_FORTIFY_SOURCE=2 -fPIC    -D_REENTRANT -D_UCS2 -D_UNICODE -o CMakeFiles/clucene-core.dir/CLucene/queryParser/QueryParser.o -c /<<PKGBUILDDIR>>/src/core/CLucene/queryParser/QueryParser.cpp
1 warning generated.
[ 14%] Building CXX object src/core/CMakeFiles/clucene-core.dir/CLucene/queryParser/QueryParserTokenManager.o
cd /<<PKGBUILDDIR>>/obj-x86_64-linux-gnu/src/core && /usr/bin/c++  -DMAKE_CLUCENE_CORE_LIB -Dclucene_core_EXPORTS -I/<<PKGBUILDDIR>>/src/shared -I/<<PKGBUILDDIR>>/obj-x86_64-linux-gnu/src/shared -I/<<PKGBUILDDIR>>/src/core  -g -O2 -fdebug-prefix-map=/<<PKGBUILDDIR>>=. -fstack-protector-strong -Wformat -Werror=format-security -Wdate-time -D_FORTIFY_SOURCE=2 -fPIC    -D_REENTRANT -D_UCS2 -D_UNICODE -o CMakeFiles/clucene-core.dir/CLucene/queryParser/QueryParserTokenManager.o -c /<<PKGBUILDDIR>>/src/core/CLucene/queryParser/QueryParserTokenManager.cpp
[ 14%] Building CXX object src/core/CMakeFiles/clucene-core.dir/CLucene/queryParser/QueryToken.o
cd /<<PKGBUILDDIR>>/obj-x86_64-linux-gnu/src/core && /usr/bin/c++  -DMAKE_CLUCENE_CORE_LIB -Dclucene_core_EXPORTS -I/<<PKGBUILDDIR>>/src/shared -I/<<PKGBUILDDIR>>/obj-x86_64-linux-gnu/src/shared -I/<<PKGBUILDDIR>>/src/core  -g -O2 -fdebug-prefix-map=/<<PKGBUILDDIR>>=. -fstack-protector-strong -Wformat -Werror=format-security -Wdate-time -D_FORTIFY_SOURCE=2 -fPIC    -D_REENTRANT -D_UCS2 -D_UNICODE -o CMakeFiles/clucene-core.dir/CLucene/queryParser/QueryToken.o -c /<<PKGBUILDDIR>>/src/core/CLucene/queryParser/QueryToken.cpp
/<<PKGBUILDDIR>>/src/core/CLucene/queryParser/QueryParser.cpp:82:176: error: constant expression evaluates to 2147483648 which cannot be narrowed to type 'int32_t' (aka 'int') [-Wc++11-narrowing]
const int32_t QueryParser::jj_la1_0[] = {0x180,0x180,0xe00,0xe00,0x1f69f80,0x48000,0x10000,0x1f69000,0x1348000,0x80000,0x80000,0x10000,0x18000000,0x2000000,0x18000000,0x10000,0x80000000,0x20000000,0x80000000,0x10000,0x80000,0x10000,0x1f68000};
                                                                                                                                                                               ^~~~~~~~~~
/<<PKGBUILDDIR>>/src/core/CLucene/queryParser/QueryParser.cpp:82:176: note: insert an explicit cast to silence this issue
const int32_t QueryParser::jj_la1_0[] = {0x180,0x180,0xe00,0xe00,0x1f69f80,0x48000,0x10000,0x1f69000,0x1348000,0x80000,0x80000,0x10000,0x18000000,0x2000000,0x18000000,0x10000,0x80000000,0x20000000,0x80000000,0x10000,0x80000,0x10000,0x1f68000};
                                                                                                                                                                               ^~~~~~~~~~
                                                                                                                                                                               static_cast<int32_t>( )
/<<PKGBUILDDIR>>/src/core/CLucene/queryParser/QueryParser.cpp:82:198: error: constant expression evaluates to 2147483648 which cannot be narrowed to type 'int32_t' (aka 'int') [-Wc++11-narrowing]
const int32_t QueryParser::jj_la1_0[] = {0x180,0x180,0xe00,0xe00,0x1f69f80,0x48000,0x10000,0x1f69000,0x1348000,0x80000,0x80000,0x10000,0x18000000,0x2000000,0x18000000,0x10000,0x80000000,0x20000000,0x80000000,0x10000,0x80000,0x10000,0x1f68000};
                                                                                                                                                                                                     ^~~~~~~~~~
/<<PKGBUILDDIR>>/src/core/CLucene/queryParser/QueryParser.cpp:82:198: note: insert an explicit cast to silence this issue
const int32_t QueryParser::jj_la1_0[] = {0x180,0x180,0xe00,0xe00,0x1f69f80,0x48000,0x10000,0x1f69000,0x1348000,0x80000,0x80000,0x10000,0x18000000,0x2000000,0x18000000,0x10000,0x80000000,0x20000000,0x80000000,0x10000,0x80000,0x10000,0x1f68000};
                                                                                                                                                                                                     ^~~~~~~~~~
                                                                                                                                                                                                     static_cast<int32_t>( )
/<<PKGBUILDDIR>>/src/core/CLucene/queryParser/QueryParserTokenManager.cpp:18:65: error: constant expression evaluates to 18446744073709551615 which cannot be narrowed to type 'int64_t' (aka 'long') [-Wc++11-narrowing]
const int64_t QueryParserTokenManager::jjbitVec2[]={0x0L, 0x0L, _ILONGLONG(0xffffffffffffffff), _ILONGLONG(0xffffffffffffffff)};
                                                                ^~~~~~~~~~~~~~~~~~~~~~~~~~~~~~
/<<PKGBUILDDIR>>/obj-x86_64-linux-gnu/src/shared/CLucene/_clucene-config.h:57:23: note: expanded from macro '_ILONGLONG'
#define _ILONGLONG(x) x ## LL
                      ^~~~~~~
<scratch space>:242:1: note: expanded from here
0xffffffffffffffffLL
^~~~~~~~~~~~~~~~~~~~
/<<PKGBUILDDIR>>/src/core/CLucene/queryParser/QueryParserTokenManager.cpp:18:65: note: insert an explicit cast to silence this issue
const int64_t QueryParserTokenManager::jjbitVec2[]={0x0L, 0x0L, _ILONGLONG(0xffffffffffffffff), _ILONGLONG(0xffffffffffffffff)};
                                                                ^~~~~~~~~~~~~~~~~~~~~~~~~~~~~~
                                                                static_cast<int64_t>(         )
/<<PKGBUILDDIR>>/obj-x86_64-linux-gnu/src/shared/CLucene/_clucene-config.h:57:23: note: expanded from macro '_ILONGLONG'
#define _ILONGLONG(x) x ## LL
                      ^~~~~~~
<scratch space>:242:1: note: expanded from here
0xffffffffffffffffLL
^~~~~~~~~~~~~~~~~~~~
/<<PKGBUILDDIR>>/src/core/CLucene/queryParser/QueryParserTokenManager.cpp:18:97: error: constant expression evaluates to 18446744073709551615 which cannot be narrowed to type 'int64_t' (aka 'long') [-Wc++11-narrowing]
const int64_t QueryParserTokenManager::jjbitVec2[]={0x0L, 0x0L, _ILONGLONG(0xffffffffffffffff), _ILONGLONG(0xffffffffffffffff)};
                                                                                                ^~~~~~~~~~~~~~~~~~~~~~~~~~~~~~
/<<PKGBUILDDIR>>/obj-x86_64-linux-gnu/src/shared/CLucene/_clucene-config.h:57:23: note: expanded from macro '_ILONGLONG'
#define _ILONGLONG(x) x ## LL
                      ^~~~~~~
<scratch space>:243:1: note: expanded from here
0xffffffffffffffffLL
^~~~~~~~~~~~~~~~~~~~
/<<PKGBUILDDIR>>/src/core/CLucene/queryParser/QueryParserTokenManager.cpp:18:97: note: insert an explicit cast to silence this issue
const int64_t QueryParserTokenManager::jjbitVec2[]={0x0L, 0x0L, _ILONGLONG(0xffffffffffffffff), _ILONGLONG(0xffffffffffffffff)};
                                                                                                ^~~~~~~~~~~~~~~~~~~~~~~~~~~~~~
                                                                                                static_cast<int64_t>(         )
/<<PKGBUILDDIR>>/obj-x86_64-linux-gnu/src/shared/CLucene/_clucene-config.h:57:23: note: expanded from macro '_ILONGLONG'
#define _ILONGLONG(x) x ## LL
                      ^~~~~~~
<scratch space>:243:1: note: expanded from here
0xffffffffffffffffLL
^~~~~~~~~~~~~~~~~~~~
/<<PKGBUILDDIR>>/src/core/CLucene/queryParser/QueryParserTokenManager.cpp:20:2: error: constant expression evaluates to 18446744073709551614 which cannot be narrowed to type 'int64_t' (aka 'long') [-Wc++11-narrowing]
        _ILONGLONG(0xfffffffffffffffe), _ILONGLONG(0xffffffffffffffff), _ILONGLONG(0xffffffffffffffff), _ILONGLONG(0xffffffffffffffff)
        ^~~~~~~~~~~~~~~~~~~~~~~~~~~~~~
/<<PKGBUILDDIR>>/obj-x86_64-linux-gnu/src/shared/CLucene/_clucene-config.h:57:23: note: expanded from macro '_ILONGLONG'
#define _ILONGLONG(x) x ## LL
                      ^~~~~~~
<scratch space>:244:1: note: expanded from here
0xfffffffffffffffeLL
^~~~~~~~~~~~~~~~~~~~
/<<PKGBUILDDIR>>/src/core/CLucene/queryParser/QueryParserTokenManager.cpp:20:2: note: insert an explicit cast to silence this issue
        _ILONGLONG(0xfffffffffffffffe), _ILONGLONG(0xffffffffffffffff), _ILONGLONG(0xffffffffffffffff), _ILONGLONG(0xffffffffffffffff)
        ^~~~~~~~~~~~~~~~~~~~~~~~~~~~~~
        static_cast<int64_t>(         )
/<<PKGBUILDDIR>>/obj-x86_64-linux-gnu/src/shared/CLucene/_clucene-config.h:57:23: note: expanded from macro '_ILONGLONG'
#define _ILONGLONG(x) x ## LL
                      ^~~~~~~
<scratch space>:244:1: note: expanded from here
0xfffffffffffffffeLL
^~~~~~~~~~~~~~~~~~~~
/<<PKGBUILDDIR>>/src/core/CLucene/queryParser/QueryParserTokenManager.cpp:20:34: error: constant expression evaluates to 18446744073709551615 which cannot be narrowed to type 'int64_t' (aka 'long') [-Wc++11-narrowing]
        _ILONGLONG(0xfffffffffffffffe), _ILONGLONG(0xffffffffffffffff), _ILONGLONG(0xffffffffffffffff), _ILONGLONG(0xffffffffffffffff)
                                        ^~~~~~~~~~~~~~~~~~~~~~~~~~~~~~
/<<PKGBUILDDIR>>/obj-x86_64-linux-gnu/src/shared/CLucene/_clucene-config.h:57:23: note: expanded from macro '_ILONGLONG'
#define _ILONGLONG(x) x ## LL
                      ^~~~~~~
<scratch space>:245:1: note: expanded from here
0xffffffffffffffffLL
^~~~~~~~~~~~~~~~~~~~
/<<PKGBUILDDIR>>/src/core/CLucene/queryParser/QueryParserTokenManager.cpp:20:34: note: insert an explicit cast to silence this issue
        _ILONGLONG(0xfffffffffffffffe), _ILONGLONG(0xffffffffffffffff), _ILONGLONG(0xffffffffffffffff), _ILONGLONG(0xffffffffffffffff)
                                        ^~~~~~~~~~~~~~~~~~~~~~~~~~~~~~
                                        static_cast<int64_t>(         )
/<<PKGBUILDDIR>>/obj-x86_64-linux-gnu/src/shared/CLucene/_clucene-config.h:57:23: note: expanded from macro '_ILONGLONG'
#define _ILONGLONG(x) x ## LL
                      ^~~~~~~
<scratch space>:245:1: note: expanded from here
0xffffffffffffffffLL
^~~~~~~~~~~~~~~~~~~~
/<<PKGBUILDDIR>>/src/core/CLucene/queryParser/QueryParserTokenManager.cpp:20:66: error: constant expression evaluates to 18446744073709551615 which cannot be narrowed to type 'int64_t' (aka 'long') [-Wc++11-narrowing]
        _ILONGLONG(0xfffffffffffffffe), _ILONGLONG(0xffffffffffffffff), _ILONGLONG(0xffffffffffffffff), _ILONGLONG(0xffffffffffffffff)
                                                                        ^~~~~~~~~~~~~~~~~~~~~~~~~~~~~~
/<<PKGBUILDDIR>>/obj-x86_64-linux-gnu/src/shared/CLucene/_clucene-config.h:57:23: note: expanded from macro '_ILONGLONG'
#define _ILONGLONG(x) x ## LL
                      ^~~~~~~
<scratch space>:246:1: note: expanded from here
0xffffffffffffffffLL
^~~~~~~~~~~~~~~~~~~~
/<<PKGBUILDDIR>>/src/core/CLucene/queryParser/QueryParserTokenManager.cpp:20:66: note: insert an explicit cast to silence this issue
        _ILONGLONG(0xfffffffffffffffe), _ILONGLONG(0xffffffffffffffff), _ILONGLONG(0xffffffffffffffff), _ILONGLONG(0xffffffffffffffff)
                                                                        ^~~~~~~~~~~~~~~~~~~~~~~~~~~~~~
                                                                        static_cast<int64_t>(         )
/<<PKGBUILDDIR>>/obj-x86_64-linux-gnu/src/shared/CLucene/_clucene-config.h:57:23: note: expanded from macro '_ILONGLONG'
#define _ILONGLONG(x) x ## LL
                      ^~~~~~~
<scratch space>:246:1: note: expanded from here
0xffffffffffffffffLL
^~~~~~~~~~~~~~~~~~~~
/<<PKGBUILDDIR>>/src/core/CLucene/queryParser/QueryParserTokenManager.cpp:20:98: error: constant expression evaluates to 18446744073709551615 which cannot be narrowed to type 'int64_t' (aka 'long') [-Wc++11-narrowing]
        _ILONGLONG(0xfffffffffffffffe), _ILONGLONG(0xffffffffffffffff), _ILONGLONG(0xffffffffffffffff), _ILONGLONG(0xffffffffffffffff)
                                                                                                        ^~~~~~~~~~~~~~~~~~~~~~~~~~~~~~
/<<PKGBUILDDIR>>/obj-x86_64-linux-gnu/src/shared/CLucene/_clucene-config.h:57:23: note: expanded from macro '_ILONGLONG'
#define _ILONGLONG(x) x ## LL
                      ^~~~~~~
<scratch space>:247:1: note: expanded from here
0xffffffffffffffffLL
^~~~~~~~~~~~~~~~~~~~
/<<PKGBUILDDIR>>/src/core/CLucene/queryParser/QueryParserTokenManager.cpp:20:98: note: insert an explicit cast to silence this issue
        _ILONGLONG(0xfffffffffffffffe), _ILONGLONG(0xffffffffffffffff), _ILONGLONG(0xffffffffffffffff), _ILONGLONG(0xffffffffffffffff)
                                                                                                        ^~~~~~~~~~~~~~~~~~~~~~~~~~~~~~
                                                                                                        static_cast<int64_t>(         )
/<<PKGBUILDDIR>>/obj-x86_64-linux-gnu/src/shared/CLucene/_clucene-config.h:57:23: note: expanded from macro '_ILONGLONG'
#define _ILONGLONG(x) x ## LL
                      ^~~~~~~
<scratch space>:247:1: note: expanded from here
0xffffffffffffffffLL
^~~~~~~~~~~~~~~~~~~~
/<<PKGBUILDDIR>>/src/core/CLucene/queryParser/QueryParserTokenManager.cpp:547:62: warning: unsequenced modification and access to 'jjnewStateCnt' [-Wunsequenced]
                if ((i = jjnewStateCnt) == (startsAt = 36 - (jjnewStateCnt = startsAt)))
                         ~~~~~~~~~~~~~                                     ^
/<<PKGBUILDDIR>>/src/core/CLucene/queryParser/QueryParserTokenManager.cpp:759:61: warning: unsequenced modification and access to 'jjnewStateCnt' [-Wunsequenced]
                if ((i = jjnewStateCnt) == (startsAt = 7 - (jjnewStateCnt = startsAt)))
                         ~~~~~~~~~~~~~                                    ^
[ 14%] Building CXX object src/core/CMakeFiles/clucene-core.dir/CLucene/queryParser/legacy/Lexer.o
/<<PKGBUILDDIR>>/src/core/CLucene/queryParser/QueryParserTokenManager.cpp:cd /<<PKGBUILDDIR>>/obj-x86_64-linux-gnu/src/core && /usr/bin/c++  -DMAKE_CLUCENE_CORE_LIB -Dclucene_core_EXPORTS -I/<<PKGBUILDDIR>>/src/shared -I/<<PKGBUILDDIR>>/obj-x86_64-linux-gnu/src/shared -I/<<PKGBUILDDIR>>/src/core  -g -O2 -fdebug-prefix-map=/<<PKGBUILDDIR>>=. -fstack-protector-strong -Wformat -Werror=format-security -Wdate-time -D_FORTIFY_SOURCE=2 -fPIC    -D_REENTRANT -D_UCS2 -D_UNICODE -o CMakeFiles/clucene-core.dir/CLucene/queryParser/legacy/Lexer.o -c /<<PKGBUILDDIR>>/src/core/CLucene/queryParser/legacy/Lexer.cpp
857:61: warning: unsequenced modification and access to 'jjnewStateCnt' [-Wunsequenced]
                if ((i = jjnewStateCnt) == (startsAt = 3 - (jjnewStateCnt = startsAt)))
                         ~~~~~~~~~~~~~                                    ^
[ 15%] Building CXX object src/core/CMakeFiles/clucene-core.dir/CLucene/queryParser/legacy/MultiFieldQueryParser.o
/<<PKGBUILDDIR>>/src/core/CLucene/queryParser/QueryParserTokenManager.cpp:1069:61: warning: unsequenced modification and access to 'jjnewStateCnt' [-Wunsequenced]
                if ((i = jjnewStateCnt) == (startsAt = 7 - (jjnewStateCnt = startsAt)))
                         ~~~~~~~~~~~~~                                    ^
cd /<<PKGBUILDDIR>>/obj-x86_64-linux-gnu/src/core && /usr/bin/c++  -DMAKE_CLUCENE_CORE_LIB -Dclucene_core_EXPORTS -I/<<PKGBUILDDIR>>/src/shared -I/<<PKGBUILDDIR>>/obj-x86_64-linux-gnu/src/shared -I/<<PKGBUILDDIR>>/src/core  -g -O2 -fdebug-prefix-map=/<<PKGBUILDDIR>>=. -fstack-protector-strong -Wformat -Werror=format-security -Wdate-time -D_FORTIFY_SOURCE=2 -fPIC    -D_REENTRANT -D_UCS2 -D_UNICODE -o CMakeFiles/clucene-core.dir/CLucene/queryParser/legacy/MultiFieldQueryParser.o -c /<<PKGBUILDDIR>>/src/core/CLucene/queryParser/legacy/MultiFieldQueryParser.cpp
4 warnings and 6 errors generated.
make[3]: *** [src/core/CMakeFiles/clucene-core.dir/build.make:222: src/core/CMakeFiles/clucene-core.dir/CLucene/queryParser/QueryParserTokenManager.o] Error 1
make[3]: *** Waiting for unfinished jobs....
2 errors generated.
make[3]: *** [src/core/CMakeFiles/clucene-core.dir/build.make:209: src/core/CMakeFiles/clucene-core.dir/CLucene/queryParser/QueryParser.o] Error 1
make[3]: Leaving directory '/<<PKGBUILDDIR>>/obj-x86_64-linux-gnu'
make[2]: *** [CMakeFiles/Makefile2:272: src/core/CMakeFiles/clucene-core.dir/all] Error 2
make[2]: Leaving directory '/<<PKGBUILDDIR>>/obj-x86_64-linux-gnu'
make[1]: *** [Makefile:144: all] Error 2
make[1]: Leaving directory '/<<PKGBUILDDIR>>/obj-x86_64-linux-gnu'
dh_auto_build: error: cd obj-x86_64-linux-gnu && make -j4 returned exit code 2
make: *** [debian/rules:14: build] Error 25
dpkg-buildpackage: error: debian/rules build subprocess returned exit status 2
--------------------------------------------------------------------------------
Build finished at 2020-02-25T17:54:54Z

Finished
--------


+------------------------------------------------------------------------------+
| Cleanup                                                                      |
+------------------------------------------------------------------------------+

Purging /<<BUILDDIR>>
Not cleaning session: cloned chroot in use
E: Build failure (dpkg-buildpackage died)

+------------------------------------------------------------------------------+
| Summary                                                                      |
+------------------------------------------------------------------------------+

Build Architecture: amd64
Build Type: binary
Build-Space: 15560
Build-Time: 29
Distribution: unstable
Fail-Stage: build
Host Architecture: amd64
Install-Time: 9
Job: clucene-core_2.3.3.4+dfsg-1
Machine Architecture: amd64
Package: clucene-core
Package-Time: 55
Source-Version: 2.3.3.4+dfsg-1
Space: 15560
Status: attempted
Version: 2.3.3.4+dfsg-1
--------------------------------------------------------------------------------
Finished at 2020-02-25T17:54:54Z
Build needed 00:00:55, 15560k disk space
E: Build failure (dpkg-buildpackage died)
DC-Status: Failed 56.143012677s
