DC-Build-Header: gpyfft 0.7.0-2 / 2020-02-24 23:25:32 +0000
DC-Task: type:rebuild-binarch-only source:gpyfft version:0.7.0-2 chroot:unstable esttime:187 logfile:/tmp/gpyfft_0.7.0-2_unstable_clang9.log modes:clang9:binarch-only
DC-Sbuild-call: su user42 -c 'sbuild -n --arch-any --apt-update -d unstable -v --no-run-lintian --chroot-setup-commands=/tmp/clang9 gpyfft_0.7.0-2'
sbuild (Debian sbuild) 0.78.1 (09 February 2019) on ip-172-31-13-89.eu-central-1.compute.internal

+==============================================================================+
| gpyfft 0.7.0-2 (amd64)                       Mon, 24 Feb 2020 23:25:33 +0000 |
+==============================================================================+

Package: gpyfft
Version: 0.7.0-2
Source Version: 0.7.0-2
Distribution: unstable
Machine Architecture: amd64
Host Architecture: amd64
Build Architecture: amd64
Build Type: binary

I: NOTICE: Log filtering will replace 'var/run/schroot/mount/sid-amd64-sbuild-c85685ff-a567-4acb-9401-e5aaa7b7138d' with '<<CHROOT>>'

+------------------------------------------------------------------------------+
| Chroot Setup Commands                                                        |
+------------------------------------------------------------------------------+


/tmp/clang9
-----------

+ echo 'Entering customization script...'
Entering customization script...
+ CLANG_VERSION=9
+ echo 'Install of clang-9'
Install of clang-9
+ apt-get update
Get:1 http://127.0.0.1:12990/debian sid InRelease [142 kB]
Get:2 http://127.0.0.1:12990/debian sid/main Sources.diff/Index [27.9 kB]
Get:3 http://127.0.0.1:12990/debian sid/main amd64 Packages.diff/Index [27.9 kB]
Get:4 http://127.0.0.1:12990/debian sid/main Sources 2020-02-24-0823.32.pdiff [11.0 kB]
Get:5 http://127.0.0.1:12990/debian sid/main Sources 2020-02-24-1420.34.pdiff [30.2 kB]
Get:6 http://127.0.0.1:12990/debian sid/main Sources 2020-02-24-2014.03.pdiff [16.9 kB]
Get:6 http://127.0.0.1:12990/debian sid/main Sources 2020-02-24-2014.03.pdiff [16.9 kB]
Get:7 http://127.0.0.1:12990/debian sid/main amd64 Packages 2020-02-24-0823.32.pdiff [15.5 kB]
Get:8 http://127.0.0.1:12990/debian sid/main amd64 Packages 2020-02-24-1420.34.pdiff [27.5 kB]
Get:9 http://127.0.0.1:12990/debian sid/main amd64 Packages 2020-02-24-2014.03.pdiff [21.6 kB]
Get:9 http://127.0.0.1:12990/debian sid/main amd64 Packages 2020-02-24-2014.03.pdiff [21.6 kB]
Get:10 http://127.0.0.1:12990/debian sid/main Translation-en [6193 kB]
Fetched 6514 kB in 3s (2448 kB/s)
Reading package lists...
+ apt-get install --yes --no-install-recommends --force-yes clang-9 libomp-9-dev libobjc-9-dev
Reading package lists...
Building dependency tree...
The following additional packages will be installed:
  gcc-8-base lib32gcc-s1 lib32gcc1 lib32stdc++6 libbsd0 libc6-i386
  libclang-common-9-dev libclang-cpp9 libedit2 libgc1c2 libgcc-8-dev libllvm9
  libmpx2 libobjc-8-dev libobjc4 libomp5-9 libstdc++-8-dev libz3-4
Suggested packages:
  clang-9-doc libomp-9-doc libstdc++-8-doc
Recommended packages:
  llvm-9-dev python3
The following NEW packages will be installed:
  clang-9 gcc-8-base lib32gcc-s1 lib32gcc1 lib32stdc++6 libbsd0 libc6-i386
  libclang-common-9-dev libclang-cpp9 libedit2 libgc1c2 libgcc-8-dev libllvm9
  libmpx2 libobjc-8-dev libobjc-9-dev libobjc4 libomp-9-dev libomp5-9
  libstdc++-8-dev libz3-4
0 upgraded, 21 newly installed, 0 to remove and 1 not upgraded.
Need to get 43.9 MB of archives.
After this operation, 237 MB of additional disk space will be used.
Get:1 http://127.0.0.1:12990/debian sid/main amd64 libbsd0 amd64 0.10.0-1 [107 kB]
Get:2 http://127.0.0.1:12990/debian sid/main amd64 libedit2 amd64 3.1-20191231-1 [95.4 kB]
Get:3 http://127.0.0.1:12990/debian sid/main amd64 libz3-4 amd64 4.8.7-4 [6790 kB]
Get:4 http://127.0.0.1:12990/debian sid/main amd64 libllvm9 amd64 1:9.0.1-8 [15.0 MB]
Get:5 http://127.0.0.1:12990/debian sid/main amd64 libclang-cpp9 amd64 1:9.0.1-8 [8429 kB]
Get:6 http://127.0.0.1:12990/debian sid/main amd64 gcc-8-base amd64 8.3.0-29 [194 kB]
Get:7 http://127.0.0.1:12990/debian sid/main amd64 libmpx2 amd64 8.3.0-29 [11.4 kB]
Get:8 http://127.0.0.1:12990/debian sid/main amd64 libgcc-8-dev amd64 8.3.0-29 [2297 kB]
Get:9 http://127.0.0.1:12990/debian sid/main amd64 libstdc++-8-dev amd64 8.3.0-29 [1543 kB]
Get:10 http://127.0.0.1:12990/debian sid/main amd64 libgc1c2 amd64 1:7.6.4-0.4 [224 kB]
Get:11 http://127.0.0.1:12990/debian sid/main amd64 libobjc4 amd64 10-20200222-1 [41.6 kB]
Get:12 http://127.0.0.1:12990/debian sid/main amd64 libobjc-8-dev amd64 8.3.0-29 [227 kB]
Get:13 http://127.0.0.1:12990/debian sid/main amd64 libc6-i386 amd64 2.29-10 [2918 kB]
Get:14 http://127.0.0.1:12990/debian sid/main amd64 lib32gcc-s1 amd64 10-20200222-1 [49.4 kB]
Get:15 http://127.0.0.1:12990/debian sid/main amd64 lib32gcc1 amd64 1:10-20200222-1 [1104 B]
Get:16 http://127.0.0.1:12990/debian sid/main amd64 lib32stdc++6 amd64 10-20200222-1 [510 kB]
Get:17 http://127.0.0.1:12990/debian sid/main amd64 libclang-common-9-dev amd64 1:9.0.1-8 [3727 kB]
Get:18 http://127.0.0.1:12990/debian sid/main amd64 clang-9 amd64 1:9.0.1-8 [1156 kB]
Get:19 http://127.0.0.1:12990/debian sid/main amd64 libobjc-9-dev amd64 9.2.1-29 [219 kB]
Get:20 http://127.0.0.1:12990/debian sid/main amd64 libomp5-9 amd64 1:9.0.1-8 [333 kB]
Get:21 http://127.0.0.1:12990/debian sid/main amd64 libomp-9-dev amd64 1:9.0.1-8 [66.2 kB]
debconf: delaying package configuration, since apt-utils is not installed
Fetched 43.9 MB in 1s (47.6 MB/s)
Selecting previously unselected package libbsd0:amd64.
(Reading database ... (Reading database ... 5%(Reading database ... 10%(Reading database ... 15%(Reading database ... 20%(Reading database ... 25%(Reading database ... 30%(Reading database ... 35%(Reading database ... 40%(Reading database ... 45%(Reading database ... 50%(Reading database ... 55%(Reading database ... 60%(Reading database ... 65%(Reading database ... 70%(Reading database ... 75%(Reading database ... 80%(Reading database ... 85%(Reading database ... 90%(Reading database ... 95%(Reading database ... 100%(Reading database ... 12119 files and directories currently installed.)
Preparing to unpack .../00-libbsd0_0.10.0-1_amd64.deb ...
Unpacking libbsd0:amd64 (0.10.0-1) ...
Selecting previously unselected package libedit2:amd64.
Preparing to unpack .../01-libedit2_3.1-20191231-1_amd64.deb ...
Unpacking libedit2:amd64 (3.1-20191231-1) ...
Selecting previously unselected package libz3-4:amd64.
Preparing to unpack .../02-libz3-4_4.8.7-4_amd64.deb ...
Unpacking libz3-4:amd64 (4.8.7-4) ...
Selecting previously unselected package libllvm9:amd64.
Preparing to unpack .../03-libllvm9_1%3a9.0.1-8_amd64.deb ...
Unpacking libllvm9:amd64 (1:9.0.1-8) ...
Selecting previously unselected package libclang-cpp9.
Preparing to unpack .../04-libclang-cpp9_1%3a9.0.1-8_amd64.deb ...
Unpacking libclang-cpp9 (1:9.0.1-8) ...
Selecting previously unselected package gcc-8-base:amd64.
Preparing to unpack .../05-gcc-8-base_8.3.0-29_amd64.deb ...
Unpacking gcc-8-base:amd64 (8.3.0-29) ...
Selecting previously unselected package libmpx2:amd64.
Preparing to unpack .../06-libmpx2_8.3.0-29_amd64.deb ...
Unpacking libmpx2:amd64 (8.3.0-29) ...
Selecting previously unselected package libgcc-8-dev:amd64.
Preparing to unpack .../07-libgcc-8-dev_8.3.0-29_amd64.deb ...
Unpacking libgcc-8-dev:amd64 (8.3.0-29) ...
Selecting previously unselected package libstdc++-8-dev:amd64.
Preparing to unpack .../08-libstdc++-8-dev_8.3.0-29_amd64.deb ...
Unpacking libstdc++-8-dev:amd64 (8.3.0-29) ...
Selecting previously unselected package libgc1c2:amd64.
Preparing to unpack .../09-libgc1c2_1%3a7.6.4-0.4_amd64.deb ...
Unpacking libgc1c2:amd64 (1:7.6.4-0.4) ...
Selecting previously unselected package libobjc4:amd64.
Preparing to unpack .../10-libobjc4_10-20200222-1_amd64.deb ...
Unpacking libobjc4:amd64 (10-20200222-1) ...
Selecting previously unselected package libobjc-8-dev:amd64.
Preparing to unpack .../11-libobjc-8-dev_8.3.0-29_amd64.deb ...
Unpacking libobjc-8-dev:amd64 (8.3.0-29) ...
Selecting previously unselected package libc6-i386.
Preparing to unpack .../12-libc6-i386_2.29-10_amd64.deb ...
Unpacking libc6-i386 (2.29-10) ...
Selecting previously unselected package lib32gcc-s1.
Preparing to unpack .../13-lib32gcc-s1_10-20200222-1_amd64.deb ...
Unpacking lib32gcc-s1 (10-20200222-1) ...
Selecting previously unselected package lib32gcc1.
Preparing to unpack .../14-lib32gcc1_1%3a10-20200222-1_amd64.deb ...
Unpacking lib32gcc1 (1:10-20200222-1) ...
Selecting previously unselected package lib32stdc++6.
Preparing to unpack .../15-lib32stdc++6_10-20200222-1_amd64.deb ...
Unpacking lib32stdc++6 (10-20200222-1) ...
Selecting previously unselected package libclang-common-9-dev.
Preparing to unpack .../16-libclang-common-9-dev_1%3a9.0.1-8_amd64.deb ...
Unpacking libclang-common-9-dev (1:9.0.1-8) ...
Selecting previously unselected package clang-9.
Preparing to unpack .../17-clang-9_1%3a9.0.1-8_amd64.deb ...
Unpacking clang-9 (1:9.0.1-8) ...
Selecting previously unselected package libobjc-9-dev:amd64.
Preparing to unpack .../18-libobjc-9-dev_9.2.1-29_amd64.deb ...
Unpacking libobjc-9-dev:amd64 (9.2.1-29) ...
Selecting previously unselected package libomp5-9:amd64.
Preparing to unpack .../19-libomp5-9_1%3a9.0.1-8_amd64.deb ...
Unpacking libomp5-9:amd64 (1:9.0.1-8) ...
Selecting previously unselected package libomp-9-dev.
Preparing to unpack .../20-libomp-9-dev_1%3a9.0.1-8_amd64.deb ...
Unpacking libomp-9-dev (1:9.0.1-8) ...
Setting up libgc1c2:amd64 (1:7.6.4-0.4) ...
Setting up libobjc4:amd64 (10-20200222-1) ...
Setting up libz3-4:amd64 (4.8.7-4) ...
Setting up gcc-8-base:amd64 (8.3.0-29) ...
Setting up libobjc-9-dev:amd64 (9.2.1-29) ...
Setting up libmpx2:amd64 (8.3.0-29) ...
Setting up libc6-i386 (2.29-10) ...
Setting up libbsd0:amd64 (0.10.0-1) ...
Setting up libomp5-9:amd64 (1:9.0.1-8) ...
Setting up libedit2:amd64 (3.1-20191231-1) ...
Setting up lib32gcc-s1 (10-20200222-1) ...
Setting up libgcc-8-dev:amd64 (8.3.0-29) ...
Setting up libomp-9-dev (1:9.0.1-8) ...
Setting up libllvm9:amd64 (1:9.0.1-8) ...
Setting up libstdc++-8-dev:amd64 (8.3.0-29) ...
Setting up libclang-cpp9 (1:9.0.1-8) ...
Setting up lib32gcc1 (1:10-20200222-1) ...
Setting up libobjc-8-dev:amd64 (8.3.0-29) ...
Setting up lib32stdc++6 (10-20200222-1) ...
Setting up libclang-common-9-dev (1:9.0.1-8) ...
Setting up clang-9 (1:9.0.1-8) ...
Processing triggers for libc-bin (2.29-10) ...
W: --force-yes is deprecated, use one of the options starting with --allow instead.
+ echo 'Replace gcc, g++ & cpp by clang'
Replace gcc, g++ & cpp by clang
+ VERSIONS='4.6 4.7 4.8 4.9 5 6 7 8 9 10'
+ cd /usr/bin
+ for VERSION in $VERSIONS
+ rm -f g++-4.6 gcc-4.6 cpp-4.6 gcc
+ ln -s clang++-9 g++-4.6
+ ln -s clang-9 gcc-4.6
+ ln -s clang-9 cpp-4.6
+ ln -s clang-9 gcc
+ echo 'gcc-4.6 hold'
+ dpkg --set-selections
dpkg: warning: package not in status nor available database at line 1: gcc-4.6
dpkg: warning: found unknown packages; this might mean the available database
is outdated, and needs to be updated through a frontend method;
please see the FAQ <https://wiki.debian.org/Teams/Dpkg/FAQ>
+ echo 'g++-4.6 hold'
+ dpkg --set-selections
dpkg: warning: package not in status nor available database at line 1: g++-4.6
dpkg: warning: found unknown packages; this might mean the available database
is outdated, and needs to be updated through a frontend method;
please see the FAQ <https://wiki.debian.org/Teams/Dpkg/FAQ>
+ for VERSION in $VERSIONS
+ rm -f g++-4.7 gcc-4.7 cpp-4.7 gcc
+ ln -s clang++-9 g++-4.7
+ ln -s clang-9 gcc-4.7
+ ln -s clang-9 cpp-4.7
+ ln -s clang-9 gcc
+ dpkg --set-selections
+ echo 'gcc-4.7 hold'
dpkg: warning: package not in status nor available database at line 1: gcc-4.7
dpkg: warning: found unknown packages; this might mean the available database
is outdated, and needs to be updated through a frontend method;
please see the FAQ <https://wiki.debian.org/Teams/Dpkg/FAQ>
+ echo 'g++-4.7 hold'
+ dpkg --set-selections
dpkg: warning: package not in status nor available database at line 1: g++-4.7
dpkg: warning: found unknown packages; this might mean the available database
is outdated, and needs to be updated through a frontend method;
please see the FAQ <https://wiki.debian.org/Teams/Dpkg/FAQ>
+ for VERSION in $VERSIONS
+ rm -f g++-4.8 gcc-4.8 cpp-4.8 gcc
+ ln -s clang++-9 g++-4.8
+ ln -s clang-9 gcc-4.8
+ ln -s clang-9 cpp-4.8
+ ln -s clang-9 gcc
+ echo 'gcc-4.8 hold'
+ dpkg --set-selections
dpkg: warning: package not in status nor available database at line 1: gcc-4.8
dpkg: warning: found unknown packages; this might mean the available database
is outdated, and needs to be updated through a frontend method;
please see the FAQ <https://wiki.debian.org/Teams/Dpkg/FAQ>
+ echo 'g++-4.8 hold'
+ dpkg --set-selections
dpkg: warning: package not in status nor available database at line 1: g++-4.8
dpkg: warning: found unknown packages; this might mean the available database
is outdated, and needs to be updated through a frontend method;
please see the FAQ <https://wiki.debian.org/Teams/Dpkg/FAQ>
+ for VERSION in $VERSIONS
+ rm -f g++-4.9 gcc-4.9 cpp-4.9 gcc
+ ln -s clang++-9 g++-4.9
+ ln -s clang-9 gcc-4.9
+ ln -s clang-9 cpp-4.9
+ ln -s clang-9 gcc
+ echo 'gcc-4.9 hold'
+ dpkg --set-selections
dpkg: warning: package not in status nor available database at line 1: gcc-4.9
dpkg: warning: found unknown packages; this might mean the available database
is outdated, and needs to be updated through a frontend method;
please see the FAQ <https://wiki.debian.org/Teams/Dpkg/FAQ>
+ dpkg --set-selections
+ echo 'g++-4.9 hold'
dpkg: warning: package not in status nor available database at line 1: g++-4.9
dpkg: warning: found unknown packages; this might mean the available database
is outdated, and needs to be updated through a frontend method;
please see the FAQ <https://wiki.debian.org/Teams/Dpkg/FAQ>
+ for VERSION in $VERSIONS
+ rm -f g++-5 gcc-5 cpp-5 gcc
+ ln -s clang++-9 g++-5
+ ln -s clang-9 gcc-5
+ ln -s clang-9 cpp-5
+ ln -s clang-9 gcc
+ dpkg --set-selections
+ echo 'gcc-5 hold'
dpkg: warning: package not in status nor available database at line 1: gcc-5
dpkg: warning: found unknown packages; this might mean the available database
is outdated, and needs to be updated through a frontend method;
please see the FAQ <https://wiki.debian.org/Teams/Dpkg/FAQ>
+ echo 'g++-5 hold'
+ dpkg --set-selections
dpkg: warning: package not in status nor available database at line 1: g++-5
dpkg: warning: found unknown packages; this might mean the available database
is outdated, and needs to be updated through a frontend method;
please see the FAQ <https://wiki.debian.org/Teams/Dpkg/FAQ>
+ for VERSION in $VERSIONS
+ rm -f g++-6 gcc-6 cpp-6 gcc
+ ln -s clang++-9 g++-6
+ ln -s clang-9 gcc-6
+ ln -s clang-9 cpp-6
+ ln -s clang-9 gcc
+ echo 'gcc-6 hold'
+ dpkg --set-selections
dpkg: warning: package not in status nor available database at line 1: gcc-6
dpkg: warning: found unknown packages; this might mean the available database
is outdated, and needs to be updated through a frontend method;
please see the FAQ <https://wiki.debian.org/Teams/Dpkg/FAQ>
+ dpkg --set-selections
+ echo 'g++-6 hold'
dpkg: warning: package not in status nor available database at line 1: g++-6
dpkg: warning: found unknown packages; this might mean the available database
is outdated, and needs to be updated through a frontend method;
please see the FAQ <https://wiki.debian.org/Teams/Dpkg/FAQ>
+ for VERSION in $VERSIONS
+ rm -f g++-7 gcc-7 cpp-7 gcc
+ ln -s clang++-9 g++-7
+ ln -s clang-9 gcc-7
+ ln -s clang-9 cpp-7
+ ln -s clang-9 gcc
+ echo 'gcc-7 hold'
+ dpkg --set-selections
dpkg: warning: package not in status nor available database at line 1: gcc-7
dpkg: warning: found unknown packages; this might mean the available database
is outdated, and needs to be updated through a frontend method;
please see the FAQ <https://wiki.debian.org/Teams/Dpkg/FAQ>
+ dpkg --set-selections
+ echo 'g++-7 hold'
dpkg: warning: package not in status nor available database at line 1: g++-7
dpkg: warning: found unknown packages; this might mean the available database
is outdated, and needs to be updated through a frontend method;
please see the FAQ <https://wiki.debian.org/Teams/Dpkg/FAQ>
+ for VERSION in $VERSIONS
+ rm -f g++-8 gcc-8 cpp-8 gcc
+ ln -s clang++-9 g++-8
+ ln -s clang-9 gcc-8
+ ln -s clang-9 cpp-8
+ ln -s clang-9 gcc
+ echo 'gcc-8 hold'
+ dpkg --set-selections
dpkg: warning: package not in status nor available database at line 1: gcc-8
dpkg: warning: found unknown packages; this might mean the available database
is outdated, and needs to be updated through a frontend method;
please see the FAQ <https://wiki.debian.org/Teams/Dpkg/FAQ>
+ dpkg --set-selections
+ echo 'g++-8 hold'
dpkg: warning: package not in status nor available database at line 1: g++-8
dpkg: warning: found unknown packages; this might mean the available database
is outdated, and needs to be updated through a frontend method;
please see the FAQ <https://wiki.debian.org/Teams/Dpkg/FAQ>
+ for VERSION in $VERSIONS
+ rm -f g++-9 gcc-9 cpp-9 gcc
+ ln -s clang++-9 g++-9
+ ln -s clang-9 gcc-9
+ ln -s clang-9 cpp-9
+ ln -s clang-9 gcc
+ dpkg --set-selections
+ echo 'gcc-9 hold'
+ echo 'g++-9 hold'
+ dpkg --set-selections
+ for VERSION in $VERSIONS
+ rm -f g++-10 gcc-10 cpp-10 gcc
+ ln -s clang++-9 g++-10
+ ln -s clang-9 gcc-10
+ ln -s clang-9 cpp-10
+ ln -s clang-9 gcc
+ echo 'gcc-10 hold'
+ dpkg --set-selections
dpkg: warning: package not in status nor available database at line 1: gcc-10
dpkg: warning: found unknown packages; this might mean the available database
is outdated, and needs to be updated through a frontend method;
please see the FAQ <https://wiki.debian.org/Teams/Dpkg/FAQ>
+ echo 'g++-10 hold'
+ dpkg --set-selections
dpkg: warning: package not in status nor available database at line 1: g++-10
dpkg: warning: found unknown packages; this might mean the available database
is outdated, and needs to be updated through a frontend method;
please see the FAQ <https://wiki.debian.org/Teams/Dpkg/FAQ>
+ cd -
/build/gpyfft-NUi85y
+ echo 'Check if gcc, g++ & cpp are actually clang'
Check if gcc, g++ & cpp are actually clang
+ gcc --version
+ grep clang
+ cpp --version
+ grep clang
+ g++ --version
+ grep clang

I: Finished running '/tmp/clang9'.

Finished processing commands.
--------------------------------------------------------------------------------
I: NOTICE: Log filtering will replace 'build/gpyfft-NUi85y/resolver-VG2WG8' with '<<RESOLVERDIR>>'

+------------------------------------------------------------------------------+
| Update chroot                                                                |
+------------------------------------------------------------------------------+

Hit:1 http://127.0.0.1:12990/debian sid InRelease
Reading package lists...
Reading package lists...
Building dependency tree...
Reading state information...
Calculating upgrade...
The following packages will be upgraded:
  libgmp10
1 upgraded, 0 newly installed, 0 to remove and 0 not upgraded.
Need to get 253 kB of archives.
After this operation, 0 B of additional disk space will be used.
Get:1 http://127.0.0.1:12990/debian sid/main amd64 libgmp10 amd64 2:6.2.0+dfsg-4 [253 kB]
debconf: delaying package configuration, since apt-utils is not installed
Fetched 253 kB in 0s (4741 kB/s)
(Reading database ... (Reading database ... 5%(Reading database ... 10%(Reading database ... 15%(Reading database ... 20%(Reading database ... 25%(Reading database ... 30%(Reading database ... 35%(Reading database ... 40%(Reading database ... 45%(Reading database ... 50%(Reading database ... 55%(Reading database ... 60%(Reading database ... 65%(Reading database ... 70%(Reading database ... 75%(Reading database ... 80%(Reading database ... 85%(Reading database ... 90%(Reading database ... 95%(Reading database ... 100%(Reading database ... 13921 files and directories currently installed.)
Preparing to unpack .../libgmp10_2%3a6.2.0+dfsg-4_amd64.deb ...
Unpacking libgmp10:amd64 (2:6.2.0+dfsg-4) over (2:6.2.0+dfsg-3) ...
Setting up libgmp10:amd64 (2:6.2.0+dfsg-4) ...
Processing triggers for libc-bin (2.29-10) ...

+------------------------------------------------------------------------------+
| Fetch source files                                                           |
+------------------------------------------------------------------------------+


Check APT
---------

Checking available source versions...

Download source files with APT
------------------------------

Reading package lists...
NOTICE: 'gpyfft' packaging is maintained in the 'Git' version control system at:
https://salsa.debian.org/science-team/gpyfft.git
Please use:
git clone https://salsa.debian.org/science-team/gpyfft.git
to retrieve the latest (possibly unreleased) updates to the package.
Need to get 26.8 kB of source archives.
Get:1 http://127.0.0.1:12990/debian sid/main gpyfft 0.7.0-2 (dsc) [2395 B]
Get:2 http://127.0.0.1:12990/debian sid/main gpyfft 0.7.0-2 (tar) [21.6 kB]
Get:3 http://127.0.0.1:12990/debian sid/main gpyfft 0.7.0-2 (diff) [2784 B]
Fetched 26.8 kB in 0s (361 kB/s)
Download complete and in download only mode
I: NOTICE: Log filtering will replace 'build/gpyfft-NUi85y/gpyfft-0.7.0' with '<<PKGBUILDDIR>>'
I: NOTICE: Log filtering will replace 'build/gpyfft-NUi85y' with '<<BUILDDIR>>'

+------------------------------------------------------------------------------+
| Install package build dependencies                                           |
+------------------------------------------------------------------------------+


Setup apt archive
-----------------

Merged Build-Depends: cython3, cython3-dbg, debhelper (>= 10), dh-python, libclfft-dev, python3-all-dbg, python3-all-dev, python3-nose-parameterized, python3-numpy, python3-numpy-dbg, python3-numpydoc, python3-pyopencl, python3-pyopencl-dbg, python3-setuptools, python3-sphinx, build-essential, fakeroot
Filtered Build-Depends: cython3, cython3-dbg, debhelper (>= 10), dh-python, libclfft-dev, python3-all-dbg, python3-all-dev, python3-nose-parameterized, python3-numpy, python3-numpy-dbg, python3-numpydoc, python3-pyopencl, python3-pyopencl-dbg, python3-setuptools, python3-sphinx, build-essential, fakeroot
dpkg-deb: building package 'sbuild-build-depends-main-dummy' in '/<<RESOLVERDIR>>/apt_archive/sbuild-build-depends-main-dummy.deb'.
Ign:1 copy:/<<RESOLVERDIR>>/apt_archive ./ InRelease
Get:2 copy:/<<RESOLVERDIR>>/apt_archive ./ Release [957 B]
Ign:3 copy:/<<RESOLVERDIR>>/apt_archive ./ Release.gpg
Get:4 copy:/<<RESOLVERDIR>>/apt_archive ./ Sources [469 B]
Get:5 copy:/<<RESOLVERDIR>>/apt_archive ./ Packages [536 B]
Fetched 1962 B in 0s (0 B/s)
Reading package lists...
Reading package lists...

Install main build dependencies (apt-based resolver)
----------------------------------------------------

Installing build dependencies
Reading package lists...
Building dependency tree...
Reading state information...
The following additional packages will be installed:
  autoconf automake autopoint autotools-dev bsdmainutils ca-certificates
  cython3 cython3-dbg debhelper dh-autoreconf dh-python
  dh-strip-nondeterminism docutils-common dwz file gettext gettext-base
  groff-base intltool-debian libarchive-zip-perl libblas3 libclfft-dev
  libclfft2 libcroco3 libdebhelper-perl libelf1 libexpat1 libexpat1-dev
  libfile-stripnondeterminism-perl libgfortran5 libglib2.0-0 libhwloc15
  libicu63 libjs-jquery libjs-sphinxdoc libjs-underscore liblapack3 libltdl7
  libmagic-mgc libmagic1 libmpdec2 libpipeline1 libpocl2 libpocl2-common
  libpython3-all-dbg libpython3-all-dev libpython3-dbg libpython3-dev
  libpython3-stdlib libpython3.7 libpython3.7-dbg libpython3.7-dev
  libpython3.7-minimal libpython3.7-stdlib libpython3.8 libpython3.8-dbg
  libpython3.8-dev libpython3.8-minimal libpython3.8-stdlib libreadline8
  libsigsegv2 libsqlite3-0 libssl1.1 libsub-override-perl libtool libuchardet0
  libxml2 m4 man-db mime-support ocl-icd-libopencl1 ocl-icd-opencl-dev
  opencl-c-headers opencl-clhpp-headers openssl po-debconf pocl-opencl-icd
  python-babel-localedata python3 python3-alabaster python3-all
  python3-all-dbg python3-all-dev python3-appdirs python3-attr python3-babel
  python3-certifi python3-cffi-backend python3-cffi-backend-dbg
  python3-chardet python3-dbg python3-decorator python3-dev python3-distutils
  python3-docutils python3-idna python3-imagesize python3-jinja2
  python3-lib2to3 python3-markupsafe python3-minimal python3-nose
  python3-nose-parameterized python3-numpy python3-numpy-dbg python3-numpydoc
  python3-packaging python3-pkg-resources python3-pygments python3-pyopencl
  python3-pyopencl-dbg python3-pyparsing python3-pytools python3-requests
  python3-roman python3-setuptools python3-six python3-sphinx python3-tz
  python3-urllib3 python3.7 python3.7-dbg python3.7-dev python3.7-minimal
  python3.8 python3.8-dbg python3.8-dev python3.8-minimal readline-common
  sensible-utils sgml-base sphinx-common xml-core zlib1g-dev
Suggested packages:
  autoconf-archive gnu-standards autoconf-doc wamerican | wordlist whois
  vacation cython-doc dh-make gettext-doc libasprintf-dev libgettextpo-dev
  groff libclfft-doc libhwloc-contrib-plugins libtool-doc gfortran
  | fortran95-compiler gcj-jdk m4-doc apparmor less www-browser
  opencl-clhpp-headers-doc libmail-box-perl python3-doc python3-tk
  python3-venv python-attr-doc docutils-doc fonts-linuxlibertine
  | ttf-linux-libertine texlive-lang-french texlive-latex-base
  texlive-latex-recommended python-jinja2-doc python-nose-doc
  python-nose-parameterized-doc gfortran python-numpy-doc python3-pytest
  python-pygments-doc ttf-bitstream-vera python3-imaging-tk python3-opengl
  python3-matplotlib python-pyparsing-doc python3-cryptography python3-openssl
  python3-socks python-setuptools-doc dvipng imagemagick-6.q16 latexmk
  libjs-mathjax python3-sphinx-rtd-theme python3-stemmer sphinx-doc
  texlive-fonts-recommended texlive-latex-extra texlive-plain-generic
  python3.7-venv python3.7-doc python3-gdbm-dbg python3-tk-dbg binfmt-support
  python3.8-venv python3.8-doc readline-doc sgml-base-doc
Recommended packages:
  curl | wget | lynx libarchive-cpio-perl libglib2.0-data shared-mime-info
  xdg-user-dirs libhwloc-plugins javascript-common libltdl-dev libgl1-mesa-dev
  | libgl-dev libmail-sendmail-perl libpaper-utils python3-pil
  python-pyopencl-doc python3-mako gdb
The following NEW packages will be installed:
  autoconf automake autopoint autotools-dev bsdmainutils ca-certificates
  cython3 cython3-dbg debhelper dh-autoreconf dh-python
  dh-strip-nondeterminism docutils-common dwz file gettext gettext-base
  groff-base intltool-debian libarchive-zip-perl libblas3 libclfft-dev
  libclfft2 libcroco3 libdebhelper-perl libelf1 libexpat1 libexpat1-dev
  libfile-stripnondeterminism-perl libgfortran5 libglib2.0-0 libhwloc15
  libicu63 libjs-jquery libjs-sphinxdoc libjs-underscore liblapack3 libltdl7
  libmagic-mgc libmagic1 libmpdec2 libpipeline1 libpocl2 libpocl2-common
  libpython3-all-dbg libpython3-all-dev libpython3-dbg libpython3-dev
  libpython3-stdlib libpython3.7 libpython3.7-dbg libpython3.7-dev
  libpython3.7-minimal libpython3.7-stdlib libpython3.8 libpython3.8-dbg
  libpython3.8-dev libpython3.8-minimal libpython3.8-stdlib libreadline8
  libsigsegv2 libsqlite3-0 libssl1.1 libsub-override-perl libtool libuchardet0
  libxml2 m4 man-db mime-support ocl-icd-libopencl1 ocl-icd-opencl-dev
  opencl-c-headers opencl-clhpp-headers openssl po-debconf pocl-opencl-icd
  python-babel-localedata python3 python3-alabaster python3-all
  python3-all-dbg python3-all-dev python3-appdirs python3-attr python3-babel
  python3-certifi python3-cffi-backend python3-cffi-backend-dbg
  python3-chardet python3-dbg python3-decorator python3-dev python3-distutils
  python3-docutils python3-idna python3-imagesize python3-jinja2
  python3-lib2to3 python3-markupsafe python3-minimal python3-nose
  python3-nose-parameterized python3-numpy python3-numpy-dbg python3-numpydoc
  python3-packaging python3-pkg-resources python3-pygments python3-pyopencl
  python3-pyopencl-dbg python3-pyparsing python3-pytools python3-requests
  python3-roman python3-setuptools python3-six python3-sphinx python3-tz
  python3-urllib3 python3.7 python3.7-dbg python3.7-dev python3.7-minimal
  python3.8 python3.8-dbg python3.8-dev python3.8-minimal readline-common
  sbuild-build-depends-main-dummy sensible-utils sgml-base sphinx-common
  xml-core zlib1g-dev
0 upgraded, 135 newly installed, 0 to remove and 0 not upgraded.
Need to get 355 MB of archives.
After this operation, 1055 MB of additional disk space will be used.
Get:1 copy:/<<RESOLVERDIR>>/apt_archive ./ sbuild-build-depends-main-dummy 0.invalid.0 [964 B]
Get:2 http://127.0.0.1:12990/debian sid/main amd64 bsdmainutils amd64 11.1.2+b1 [191 kB]
Get:3 http://127.0.0.1:12990/debian sid/main amd64 libuchardet0 amd64 0.0.6-3 [64.9 kB]
Get:4 http://127.0.0.1:12990/debian sid/main amd64 groff-base amd64 1.22.4-4 [919 kB]
Get:5 http://127.0.0.1:12990/debian sid/main amd64 libpipeline1 amd64 1.5.2-2 [33.9 kB]
Get:6 http://127.0.0.1:12990/debian sid/main amd64 man-db amd64 2.9.0-2 [1307 kB]
Get:7 http://127.0.0.1:12990/debian sid/main amd64 libssl1.1 amd64 1.1.1d-2 [1540 kB]
Get:8 http://127.0.0.1:12990/debian sid/main amd64 libpython3.7-minimal amd64 3.7.6-1+b1 [591 kB]
Get:9 http://127.0.0.1:12990/debian sid/main amd64 libexpat1 amd64 2.2.9-1 [94.3 kB]
Get:10 http://127.0.0.1:12990/debian sid/main amd64 python3.7-minimal amd64 3.7.6-1+b1 [1813 kB]
Get:11 http://127.0.0.1:12990/debian sid/main amd64 python3-minimal amd64 3.7.5-3 [36.8 kB]
Get:12 http://127.0.0.1:12990/debian sid/main amd64 mime-support all 3.64 [37.8 kB]
Get:13 http://127.0.0.1:12990/debian sid/main amd64 libmpdec2 amd64 2.4.2-2 [87.2 kB]
Get:14 http://127.0.0.1:12990/debian sid/main amd64 readline-common all 8.0-3 [72.5 kB]
Get:15 http://127.0.0.1:12990/debian sid/main amd64 libreadline8 amd64 8.0-3 [160 kB]
Get:16 http://127.0.0.1:12990/debian sid/main amd64 libsqlite3-0 amd64 3.31.1-3 [661 kB]
Get:17 http://127.0.0.1:12990/debian sid/main amd64 libpython3.7-stdlib amd64 3.7.6-1+b1 [1735 kB]
Get:18 http://127.0.0.1:12990/debian sid/main amd64 python3.7 amd64 3.7.6-1+b1 [351 kB]
Get:19 http://127.0.0.1:12990/debian sid/main amd64 libpython3-stdlib amd64 3.7.5-3 [20.2 kB]
Get:20 http://127.0.0.1:12990/debian sid/main amd64 python3 amd64 3.7.5-3 [62.1 kB]
Get:21 http://127.0.0.1:12990/debian sid/main amd64 libpython3.8-minimal amd64 3.8.2~rc2-2 [750 kB]
Get:22 http://127.0.0.1:12990/debian sid/main amd64 python3.8-minimal amd64 3.8.2~rc2-2 [1939 kB]
Get:23 http://127.0.0.1:12990/debian sid/main amd64 sgml-base all 1.29.1 [15.0 kB]
Get:24 http://127.0.0.1:12990/debian sid/main amd64 sensible-utils all 0.0.12+nmu1 [16.0 kB]
Get:25 http://127.0.0.1:12990/debian sid/main amd64 libmagic-mgc amd64 1:5.38-4 [262 kB]
Get:26 http://127.0.0.1:12990/debian sid/main amd64 libmagic1 amd64 1:5.38-4 [120 kB]
Get:27 http://127.0.0.1:12990/debian sid/main amd64 file amd64 1:5.38-4 [67.9 kB]
Get:28 http://127.0.0.1:12990/debian sid/main amd64 gettext-base amd64 0.19.8.1-10 [123 kB]
Get:29 http://127.0.0.1:12990/debian sid/main amd64 libsigsegv2 amd64 2.12-2 [32.8 kB]
Get:30 http://127.0.0.1:12990/debian sid/main amd64 m4 amd64 1.4.18-4 [203 kB]
Get:31 http://127.0.0.1:12990/debian sid/main amd64 autoconf all 2.69-11.1 [341 kB]
Get:32 http://127.0.0.1:12990/debian sid/main amd64 autotools-dev all 20180224.1 [77.0 kB]
Get:33 http://127.0.0.1:12990/debian sid/main amd64 automake all 1:1.16.1-4 [771 kB]
Get:34 http://127.0.0.1:12990/debian sid/main amd64 autopoint all 0.19.8.1-10 [435 kB]
Get:35 http://127.0.0.1:12990/debian sid/main amd64 openssl amd64 1.1.1d-2 [840 kB]
Get:36 http://127.0.0.1:12990/debian sid/main amd64 ca-certificates all 20190110 [157 kB]
Get:37 http://127.0.0.1:12990/debian sid/main amd64 cython3 amd64 0.29.14-0.1+b1 [2117 kB]
Get:38 http://127.0.0.1:12990/debian sid/main amd64 cython3-dbg amd64 0.29.14-0.1+b1 [15.1 MB]
Get:39 http://127.0.0.1:12990/debian sid/main amd64 libtool all 2.4.6-13 [513 kB]
Get:40 http://127.0.0.1:12990/debian sid/main amd64 dh-autoreconf all 19 [16.9 kB]
Get:41 http://127.0.0.1:12990/debian sid/main amd64 libdebhelper-perl all 12.9 [183 kB]
Get:42 http://127.0.0.1:12990/debian sid/main amd64 libarchive-zip-perl all 1.67-1 [104 kB]
Get:43 http://127.0.0.1:12990/debian sid/main amd64 libsub-override-perl all 0.09-2 [10.2 kB]
Get:44 http://127.0.0.1:12990/debian sid/main amd64 libfile-stripnondeterminism-perl all 1.6.3-2 [23.7 kB]
Get:45 http://127.0.0.1:12990/debian sid/main amd64 dh-strip-nondeterminism all 1.6.3-2 [14.7 kB]
Get:46 http://127.0.0.1:12990/debian sid/main amd64 libelf1 amd64 0.176-1.1 [161 kB]
Get:47 http://127.0.0.1:12990/debian sid/main amd64 dwz amd64 0.13-5 [151 kB]
Get:48 http://127.0.0.1:12990/debian sid/main amd64 libglib2.0-0 amd64 2.62.4-2 [1319 kB]
Get:49 http://127.0.0.1:12990/debian sid/main amd64 libicu63 amd64 63.2-2 [8301 kB]
Get:50 http://127.0.0.1:12990/debian sid/main amd64 libxml2 amd64 2.9.10+dfsg-3 [709 kB]
Get:51 http://127.0.0.1:12990/debian sid/main amd64 libcroco3 amd64 0.6.13-1 [146 kB]
Get:52 http://127.0.0.1:12990/debian sid/main amd64 gettext amd64 0.19.8.1-10 [1303 kB]
Get:53 http://127.0.0.1:12990/debian sid/main amd64 intltool-debian all 0.35.0+20060710.5 [26.8 kB]
Get:54 http://127.0.0.1:12990/debian sid/main amd64 po-debconf all 1.0.21 [248 kB]
Get:55 http://127.0.0.1:12990/debian sid/main amd64 debhelper all 12.9 [994 kB]
Get:56 http://127.0.0.1:12990/debian sid/main amd64 python3-lib2to3 all 3.8.0-1 [78.3 kB]
Get:57 http://127.0.0.1:12990/debian sid/main amd64 python3-distutils all 3.8.0-1 [145 kB]
Get:58 http://127.0.0.1:12990/debian sid/main amd64 dh-python all 4.20191017 [94.4 kB]
Get:59 http://127.0.0.1:12990/debian sid/main amd64 xml-core all 0.18+nmu1 [23.8 kB]
Get:60 http://127.0.0.1:12990/debian sid/main amd64 docutils-common all 0.16+dfsg-1 [129 kB]
Get:61 http://127.0.0.1:12990/debian sid/main amd64 libblas3 amd64 3.9.0-1 [153 kB]
Get:62 http://127.0.0.1:12990/debian sid/main amd64 ocl-icd-libopencl1 amd64 2.2.12-3 [37.7 kB]
Get:63 http://127.0.0.1:12990/debian sid/main amd64 libclfft2 amd64 2.12.2-1+b2 [225 kB]
Get:64 http://127.0.0.1:12990/debian sid/main amd64 opencl-c-headers all 2.2~2019.08.06-g0d5f18c-1 [31.4 kB]
Get:65 http://127.0.0.1:12990/debian sid/main amd64 opencl-clhpp-headers all 2.1.0~~git51-gc5063c3-1 [53.7 kB]
Get:66 http://127.0.0.1:12990/debian sid/main amd64 ocl-icd-opencl-dev amd64 2.2.12-3 [10.8 kB]
Get:67 http://127.0.0.1:12990/debian sid/main amd64 libclfft-dev amd64 2.12.2-1+b2 [19.3 kB]
Get:68 http://127.0.0.1:12990/debian sid/main amd64 libexpat1-dev amd64 2.2.9-1 [136 kB]
Get:69 http://127.0.0.1:12990/debian sid/main amd64 libgfortran5 amd64 10-20200222-1 [721 kB]
Get:70 http://127.0.0.1:12990/debian sid/main amd64 libltdl7 amd64 2.4.6-13 [390 kB]
Get:71 http://127.0.0.1:12990/debian sid/main amd64 libhwloc15 amd64 2.1.0+dfsg-3 [139 kB]
Get:72 http://127.0.0.1:12990/debian sid/main amd64 libjs-jquery all 3.3.1~dfsg-3 [332 kB]
Get:73 http://127.0.0.1:12990/debian sid/main amd64 libjs-underscore all 1.9.1~dfsg-1 [99.4 kB]
Get:74 http://127.0.0.1:12990/debian sid/main amd64 libjs-sphinxdoc all 1.8.5-5 [96.7 kB]
Get:75 http://127.0.0.1:12990/debian sid/main amd64 liblapack3 amd64 3.9.0-1 [2168 kB]
Get:76 http://127.0.0.1:12990/debian sid/main amd64 libpocl2-common all 1.4-6 [79.2 kB]
Get:77 http://127.0.0.1:12990/debian sid/main amd64 libpocl2 amd64 1.4-6 [15.8 MB]
Get:78 http://127.0.0.1:12990/debian sid/main amd64 libpython3.7-dbg amd64 3.7.6-1+b1 [11.7 MB]
Get:79 http://127.0.0.1:12990/debian sid/main amd64 libpython3-dbg amd64 3.7.5-3 [20.2 kB]
Get:80 http://127.0.0.1:12990/debian sid/main amd64 libpython3.8-stdlib amd64 3.8.2~rc2-2 [1665 kB]
Get:81 http://127.0.0.1:12990/debian sid/main amd64 libpython3.8-dbg amd64 3.8.2~rc2-2 [13.4 MB]
Get:82 http://127.0.0.1:12990/debian sid/main amd64 libpython3-all-dbg amd64 3.7.5-3 [1068 B]
Get:83 http://127.0.0.1:12990/debian sid/main amd64 libpython3.7 amd64 3.7.6-1+b1 [1484 kB]
Get:84 http://127.0.0.1:12990/debian sid/main amd64 libpython3.7-dev amd64 3.7.6-1+b1 [41.4 MB]
Get:85 http://127.0.0.1:12990/debian sid/main amd64 libpython3-dev amd64 3.7.5-3 [20.3 kB]
Get:86 http://127.0.0.1:12990/debian sid/main amd64 libpython3.8 amd64 3.8.2~rc2-2 [1619 kB]
Get:87 http://127.0.0.1:12990/debian sid/main amd64 libpython3.8-dev amd64 3.8.2~rc2-2 [47.3 MB]
Get:88 http://127.0.0.1:12990/debian sid/main amd64 libpython3-all-dev amd64 3.7.5-3 [1072 B]
Get:89 http://127.0.0.1:12990/debian sid/main amd64 pocl-opencl-icd amd64 1.4-6 [21.1 kB]
Get:90 http://127.0.0.1:12990/debian sid/main amd64 python-babel-localedata all 2.8.0+dfsg.1-2 [4399 kB]
Get:91 http://127.0.0.1:12990/debian sid/main amd64 python3-alabaster all 0.7.8-1 [18.4 kB]
Get:92 http://127.0.0.1:12990/debian sid/main amd64 python3.8 amd64 3.8.2~rc2-2 [409 kB]
Get:93 http://127.0.0.1:12990/debian sid/main amd64 python3-all amd64 3.7.5-3 [1060 B]
Get:94 http://127.0.0.1:12990/debian sid/main amd64 python3.7-dbg amd64 3.7.6-1+b1 [16.5 MB]
Get:95 http://127.0.0.1:12990/debian sid/main amd64 python3-dbg amd64 3.7.5-3 [1296 B]
Get:96 http://127.0.0.1:12990/debian sid/main amd64 python3.8-dbg amd64 3.8.2~rc2-2 [19.3 MB]
Get:97 http://127.0.0.1:12990/debian sid/main amd64 python3-all-dbg amd64 3.7.5-3 [1076 B]
Get:98 http://127.0.0.1:12990/debian sid/main amd64 zlib1g-dev amd64 1:1.2.11.dfsg-1.2 [209 kB]
Get:99 http://127.0.0.1:12990/debian sid/main amd64 python3.7-dev amd64 3.7.6-1+b1 [518 kB]
Get:100 http://127.0.0.1:12990/debian sid/main amd64 python3-dev amd64 3.7.5-3 [1260 B]
Get:101 http://127.0.0.1:12990/debian sid/main amd64 python3.8-dev amd64 3.8.2~rc2-2 [515 kB]
Get:102 http://127.0.0.1:12990/debian sid/main amd64 python3-all-dev amd64 3.7.5-3 [1076 B]
Get:103 http://127.0.0.1:12990/debian sid/main amd64 python3-appdirs all 1.4.3-1 [12.0 kB]
Get:104 http://127.0.0.1:12990/debian sid/main amd64 python3-attr all 19.3.0-1 [43.1 kB]
Get:105 http://127.0.0.1:12990/debian sid/main amd64 python3-pkg-resources all 44.0.0-1 [155 kB]
Get:106 http://127.0.0.1:12990/debian sid/main amd64 python3-tz all 2019.3-1 [27.2 kB]
Get:107 http://127.0.0.1:12990/debian sid/main amd64 python3-babel all 2.8.0+dfsg.1-2 [99.8 kB]
Get:108 http://127.0.0.1:12990/debian sid/main amd64 python3-certifi all 2019.11.28-1 [149 kB]
Get:109 http://127.0.0.1:12990/debian sid/main amd64 python3-cffi-backend amd64 1.14.0-1 [101 kB]
Get:110 http://127.0.0.1:12990/debian sid/main amd64 python3-cffi-backend-dbg amd64 1.14.0-1 [871 kB]
Get:111 http://127.0.0.1:12990/debian sid/main amd64 python3-chardet all 3.0.4-4 [80.8 kB]
Get:112 http://127.0.0.1:12990/debian sid/main amd64 python3-decorator all 4.3.0-1.1 [14.5 kB]
Get:113 http://127.0.0.1:12990/debian sid/main amd64 python3-roman all 2.0.0-3 [8768 B]
Get:114 http://127.0.0.1:12990/debian sid/main amd64 python3-docutils all 0.16+dfsg-1 [383 kB]
Get:115 http://127.0.0.1:12990/debian sid/main amd64 python3-idna all 2.6-2 [34.4 kB]
Get:116 http://127.0.0.1:12990/debian sid/main amd64 python3-imagesize all 1.2.0-1 [5764 B]
Get:117 http://127.0.0.1:12990/debian sid/main amd64 python3-markupsafe amd64 1.1.0-1+b2 [15.5 kB]
Get:118 http://127.0.0.1:12990/debian sid/main amd64 python3-jinja2 all 2.10.1-1 [107 kB]
Get:119 http://127.0.0.1:12990/debian sid/main amd64 python3-nose all 1.3.7-5 [133 kB]
Get:120 http://127.0.0.1:12990/debian sid/main amd64 python3-nose-parameterized all 0.3.4-5 [8060 B]
Get:121 http://127.0.0.1:12990/debian sid/main amd64 python3-numpy amd64 1:1.17.4-5 [6150 kB]
Get:122 http://127.0.0.1:12990/debian sid/main amd64 python3-numpy-dbg amd64 1:1.17.4-5 [96.0 MB]
Get:123 http://127.0.0.1:12990/debian sid/main amd64 sphinx-common all 1.8.5-5 [491 kB]
Get:124 http://127.0.0.1:12990/debian sid/main amd64 python3-pyparsing all 2.4.6-1 [109 kB]
Get:125 http://127.0.0.1:12990/debian sid/main amd64 python3-six all 1.14.0-2 [16.7 kB]
Get:126 http://127.0.0.1:12990/debian sid/main amd64 python3-packaging all 19.1-2 [23.9 kB]
Get:127 http://127.0.0.1:12990/debian sid/main amd64 python3-pygments all 2.3.1+dfsg-1 [594 kB]
Get:128 http://127.0.0.1:12990/debian sid/main amd64 python3-urllib3 all 1.25.8-1 [104 kB]
Get:129 http://127.0.0.1:12990/debian sid/main amd64 python3-requests all 2.22.0-2 [67.0 kB]
Get:130 http://127.0.0.1:12990/debian sid/main amd64 python3-sphinx all 1.8.5-5 [482 kB]
Get:131 http://127.0.0.1:12990/debian sid/main amd64 python3-numpydoc all 0.7.0-2 [18.5 kB]
Get:132 http://127.0.0.1:12990/debian sid/main amd64 python3-pytools all 2019.1.1-2 [39.5 kB]
Get:133 http://127.0.0.1:12990/debian sid/main amd64 python3-pyopencl amd64 2019.1.1-1+b1 [618 kB]
Get:134 http://127.0.0.1:12990/debian sid/main amd64 python3-pyopencl-dbg amd64 2019.1.1-1+b1 [19.1 MB]
Get:135 http://127.0.0.1:12990/debian sid/main amd64 python3-setuptools all 44.0.0-1 [313 kB]
debconf: delaying package configuration, since apt-utils is not installed
Fetched 355 MB in 6s (63.8 MB/s)
Selecting previously unselected package bsdmainutils.
(Reading database ... 13921 files and directories currently installed.)
Preparing to unpack .../0-bsdmainutils_11.1.2+b1_amd64.deb ...
Unpacking bsdmainutils (11.1.2+b1) ...
Selecting previously unselected package libuchardet0:amd64.
Preparing to unpack .../1-libuchardet0_0.0.6-3_amd64.deb ...
Unpacking libuchardet0:amd64 (0.0.6-3) ...
Selecting previously unselected package groff-base.
Preparing to unpack .../2-groff-base_1.22.4-4_amd64.deb ...
Unpacking groff-base (1.22.4-4) ...
Selecting previously unselected package libpipeline1:amd64.
Preparing to unpack .../3-libpipeline1_1.5.2-2_amd64.deb ...
Unpacking libpipeline1:amd64 (1.5.2-2) ...
Selecting previously unselected package man-db.
Preparing to unpack .../4-man-db_2.9.0-2_amd64.deb ...
Unpacking man-db (2.9.0-2) ...
Selecting previously unselected package libssl1.1:amd64.
Preparing to unpack .../5-libssl1.1_1.1.1d-2_amd64.deb ...
Unpacking libssl1.1:amd64 (1.1.1d-2) ...
Selecting previously unselected package libpython3.7-minimal:amd64.
Preparing to unpack .../6-libpython3.7-minimal_3.7.6-1+b1_amd64.deb ...
Unpacking libpython3.7-minimal:amd64 (3.7.6-1+b1) ...
Selecting previously unselected package libexpat1:amd64.
Preparing to unpack .../7-libexpat1_2.2.9-1_amd64.deb ...
Unpacking libexpat1:amd64 (2.2.9-1) ...
Selecting previously unselected package python3.7-minimal.
Preparing to unpack .../8-python3.7-minimal_3.7.6-1+b1_amd64.deb ...
Unpacking python3.7-minimal (3.7.6-1+b1) ...
Setting up libssl1.1:amd64 (1.1.1d-2) ...
Setting up libpython3.7-minimal:amd64 (3.7.6-1+b1) ...
Setting up libexpat1:amd64 (2.2.9-1) ...
Setting up python3.7-minimal (3.7.6-1+b1) ...
Selecting previously unselected package python3-minimal.
(Reading database ... 14830 files and directories currently installed.)
Preparing to unpack .../0-python3-minimal_3.7.5-3_amd64.deb ...
Unpacking python3-minimal (3.7.5-3) ...
Selecting previously unselected package mime-support.
Preparing to unpack .../1-mime-support_3.64_all.deb ...
Unpacking mime-support (3.64) ...
Selecting previously unselected package libmpdec2:amd64.
Preparing to unpack .../2-libmpdec2_2.4.2-2_amd64.deb ...
Unpacking libmpdec2:amd64 (2.4.2-2) ...
Selecting previously unselected package readline-common.
Preparing to unpack .../3-readline-common_8.0-3_all.deb ...
Unpacking readline-common (8.0-3) ...
Selecting previously unselected package libreadline8:amd64.
Preparing to unpack .../4-libreadline8_8.0-3_amd64.deb ...
Unpacking libreadline8:amd64 (8.0-3) ...
Selecting previously unselected package libsqlite3-0:amd64.
Preparing to unpack .../5-libsqlite3-0_3.31.1-3_amd64.deb ...
Unpacking libsqlite3-0:amd64 (3.31.1-3) ...
Selecting previously unselected package libpython3.7-stdlib:amd64.
Preparing to unpack .../6-libpython3.7-stdlib_3.7.6-1+b1_amd64.deb ...
Unpacking libpython3.7-stdlib:amd64 (3.7.6-1+b1) ...
Selecting previously unselected package python3.7.
Preparing to unpack .../7-python3.7_3.7.6-1+b1_amd64.deb ...
Unpacking python3.7 (3.7.6-1+b1) ...
Selecting previously unselected package libpython3-stdlib:amd64.
Preparing to unpack .../8-libpython3-stdlib_3.7.5-3_amd64.deb ...
Unpacking libpython3-stdlib:amd64 (3.7.5-3) ...
Setting up python3-minimal (3.7.5-3) ...
Selecting previously unselected package python3.
(Reading database ... 15301 files and directories currently installed.)
Preparing to unpack .../000-python3_3.7.5-3_amd64.deb ...
Unpacking python3 (3.7.5-3) ...
Selecting previously unselected package libpython3.8-minimal:amd64.
Preparing to unpack .../001-libpython3.8-minimal_3.8.2~rc2-2_amd64.deb ...
Unpacking libpython3.8-minimal:amd64 (3.8.2~rc2-2) ...
Selecting previously unselected package python3.8-minimal.
Preparing to unpack .../002-python3.8-minimal_3.8.2~rc2-2_amd64.deb ...
Unpacking python3.8-minimal (3.8.2~rc2-2) ...
Selecting previously unselected package sgml-base.
Preparing to unpack .../003-sgml-base_1.29.1_all.deb ...
Unpacking sgml-base (1.29.1) ...
Selecting previously unselected package sensible-utils.
Preparing to unpack .../004-sensible-utils_0.0.12+nmu1_all.deb ...
Unpacking sensible-utils (0.0.12+nmu1) ...
Selecting previously unselected package libmagic-mgc.
Preparing to unpack .../005-libmagic-mgc_1%3a5.38-4_amd64.deb ...
Unpacking libmagic-mgc (1:5.38-4) ...
Selecting previously unselected package libmagic1:amd64.
Preparing to unpack .../006-libmagic1_1%3a5.38-4_amd64.deb ...
Unpacking libmagic1:amd64 (1:5.38-4) ...
Selecting previously unselected package file.
Preparing to unpack .../007-file_1%3a5.38-4_amd64.deb ...
Unpacking file (1:5.38-4) ...
Selecting previously unselected package gettext-base.
Preparing to unpack .../008-gettext-base_0.19.8.1-10_amd64.deb ...
Unpacking gettext-base (0.19.8.1-10) ...
Selecting previously unselected package libsigsegv2:amd64.
Preparing to unpack .../009-libsigsegv2_2.12-2_amd64.deb ...
Unpacking libsigsegv2:amd64 (2.12-2) ...
Selecting previously unselected package m4.
Preparing to unpack .../010-m4_1.4.18-4_amd64.deb ...
Unpacking m4 (1.4.18-4) ...
Selecting previously unselected package autoconf.
Preparing to unpack .../011-autoconf_2.69-11.1_all.deb ...
Unpacking autoconf (2.69-11.1) ...
Selecting previously unselected package autotools-dev.
Preparing to unpack .../012-autotools-dev_20180224.1_all.deb ...
Unpacking autotools-dev (20180224.1) ...
Selecting previously unselected package automake.
Preparing to unpack .../013-automake_1%3a1.16.1-4_all.deb ...
Unpacking automake (1:1.16.1-4) ...
Selecting previously unselected package autopoint.
Preparing to unpack .../014-autopoint_0.19.8.1-10_all.deb ...
Unpacking autopoint (0.19.8.1-10) ...
Selecting previously unselected package openssl.
Preparing to unpack .../015-openssl_1.1.1d-2_amd64.deb ...
Unpacking openssl (1.1.1d-2) ...
Selecting previously unselected package ca-certificates.
Preparing to unpack .../016-ca-certificates_20190110_all.deb ...
Unpacking ca-certificates (20190110) ...
Selecting previously unselected package cython3.
Preparing to unpack .../017-cython3_0.29.14-0.1+b1_amd64.deb ...
Unpacking cython3 (0.29.14-0.1+b1) ...
Selecting previously unselected package cython3-dbg.
Preparing to unpack .../018-cython3-dbg_0.29.14-0.1+b1_amd64.deb ...
Unpacking cython3-dbg (0.29.14-0.1+b1) ...
Selecting previously unselected package libtool.
Preparing to unpack .../019-libtool_2.4.6-13_all.deb ...
Unpacking libtool (2.4.6-13) ...
Selecting previously unselected package dh-autoreconf.
Preparing to unpack .../020-dh-autoreconf_19_all.deb ...
Unpacking dh-autoreconf (19) ...
Selecting previously unselected package libdebhelper-perl.
Preparing to unpack .../021-libdebhelper-perl_12.9_all.deb ...
Unpacking libdebhelper-perl (12.9) ...
Selecting previously unselected package libarchive-zip-perl.
Preparing to unpack .../022-libarchive-zip-perl_1.67-1_all.deb ...
Unpacking libarchive-zip-perl (1.67-1) ...
Selecting previously unselected package libsub-override-perl.
Preparing to unpack .../023-libsub-override-perl_0.09-2_all.deb ...
Unpacking libsub-override-perl (0.09-2) ...
Selecting previously unselected package libfile-stripnondeterminism-perl.
Preparing to unpack .../024-libfile-stripnondeterminism-perl_1.6.3-2_all.deb ...
Unpacking libfile-stripnondeterminism-perl (1.6.3-2) ...
Selecting previously unselected package dh-strip-nondeterminism.
Preparing to unpack .../025-dh-strip-nondeterminism_1.6.3-2_all.deb ...
Unpacking dh-strip-nondeterminism (1.6.3-2) ...
Selecting previously unselected package libelf1:amd64.
Preparing to unpack .../026-libelf1_0.176-1.1_amd64.deb ...
Unpacking libelf1:amd64 (0.176-1.1) ...
Selecting previously unselected package dwz.
Preparing to unpack .../027-dwz_0.13-5_amd64.deb ...
Unpacking dwz (0.13-5) ...
Selecting previously unselected package libglib2.0-0:amd64.
Preparing to unpack .../028-libglib2.0-0_2.62.4-2_amd64.deb ...
Unpacking libglib2.0-0:amd64 (2.62.4-2) ...
Selecting previously unselected package libicu63:amd64.
Preparing to unpack .../029-libicu63_63.2-2_amd64.deb ...
Unpacking libicu63:amd64 (63.2-2) ...
Selecting previously unselected package libxml2:amd64.
Preparing to unpack .../030-libxml2_2.9.10+dfsg-3_amd64.deb ...
Unpacking libxml2:amd64 (2.9.10+dfsg-3) ...
Selecting previously unselected package libcroco3:amd64.
Preparing to unpack .../031-libcroco3_0.6.13-1_amd64.deb ...
Unpacking libcroco3:amd64 (0.6.13-1) ...
Selecting previously unselected package gettext.
Preparing to unpack .../032-gettext_0.19.8.1-10_amd64.deb ...
Unpacking gettext (0.19.8.1-10) ...
Selecting previously unselected package intltool-debian.
Preparing to unpack .../033-intltool-debian_0.35.0+20060710.5_all.deb ...
Unpacking intltool-debian (0.35.0+20060710.5) ...
Selecting previously unselected package po-debconf.
Preparing to unpack .../034-po-debconf_1.0.21_all.deb ...
Unpacking po-debconf (1.0.21) ...
Selecting previously unselected package debhelper.
Preparing to unpack .../035-debhelper_12.9_all.deb ...
Unpacking debhelper (12.9) ...
Selecting previously unselected package python3-lib2to3.
Preparing to unpack .../036-python3-lib2to3_3.8.0-1_all.deb ...
Unpacking python3-lib2to3 (3.8.0-1) ...
Selecting previously unselected package python3-distutils.
Preparing to unpack .../037-python3-distutils_3.8.0-1_all.deb ...
Unpacking python3-distutils (3.8.0-1) ...
Selecting previously unselected package dh-python.
Preparing to unpack .../038-dh-python_4.20191017_all.deb ...
Unpacking dh-python (4.20191017) ...
Selecting previously unselected package xml-core.
Preparing to unpack .../039-xml-core_0.18+nmu1_all.deb ...
Unpacking xml-core (0.18+nmu1) ...
Selecting previously unselected package docutils-common.
Preparing to unpack .../040-docutils-common_0.16+dfsg-1_all.deb ...
Unpacking docutils-common (0.16+dfsg-1) ...
Selecting previously unselected package libblas3:amd64.
Preparing to unpack .../041-libblas3_3.9.0-1_amd64.deb ...
Unpacking libblas3:amd64 (3.9.0-1) ...
Selecting previously unselected package ocl-icd-libopencl1:amd64.
Preparing to unpack .../042-ocl-icd-libopencl1_2.2.12-3_amd64.deb ...
Unpacking ocl-icd-libopencl1:amd64 (2.2.12-3) ...
Selecting previously unselected package libclfft2:amd64.
Preparing to unpack .../043-libclfft2_2.12.2-1+b2_amd64.deb ...
Unpacking libclfft2:amd64 (2.12.2-1+b2) ...
Selecting previously unselected package opencl-c-headers.
Preparing to unpack .../044-opencl-c-headers_2.2~2019.08.06-g0d5f18c-1_all.deb ...
Unpacking opencl-c-headers (2.2~2019.08.06-g0d5f18c-1) ...
Selecting previously unselected package opencl-clhpp-headers.
Preparing to unpack .../045-opencl-clhpp-headers_2.1.0~~git51-gc5063c3-1_all.deb ...
Unpacking opencl-clhpp-headers (2.1.0~~git51-gc5063c3-1) ...
Selecting previously unselected package ocl-icd-opencl-dev:amd64.
Preparing to unpack .../046-ocl-icd-opencl-dev_2.2.12-3_amd64.deb ...
Unpacking ocl-icd-opencl-dev:amd64 (2.2.12-3) ...
Selecting previously unselected package libclfft-dev:amd64.
Preparing to unpack .../047-libclfft-dev_2.12.2-1+b2_amd64.deb ...
Unpacking libclfft-dev:amd64 (2.12.2-1+b2) ...
Selecting previously unselected package libexpat1-dev:amd64.
Preparing to unpack .../048-libexpat1-dev_2.2.9-1_amd64.deb ...
Unpacking libexpat1-dev:amd64 (2.2.9-1) ...
Selecting previously unselected package libgfortran5:amd64.
Preparing to unpack .../049-libgfortran5_10-20200222-1_amd64.deb ...
Unpacking libgfortran5:amd64 (10-20200222-1) ...
Selecting previously unselected package libltdl7:amd64.
Preparing to unpack .../050-libltdl7_2.4.6-13_amd64.deb ...
Unpacking libltdl7:amd64 (2.4.6-13) ...
Selecting previously unselected package libhwloc15:amd64.
Preparing to unpack .../051-libhwloc15_2.1.0+dfsg-3_amd64.deb ...
Unpacking libhwloc15:amd64 (2.1.0+dfsg-3) ...
Selecting previously unselected package libjs-jquery.
Preparing to unpack .../052-libjs-jquery_3.3.1~dfsg-3_all.deb ...
Unpacking libjs-jquery (3.3.1~dfsg-3) ...
Selecting previously unselected package libjs-underscore.
Preparing to unpack .../053-libjs-underscore_1.9.1~dfsg-1_all.deb ...
Unpacking libjs-underscore (1.9.1~dfsg-1) ...
Selecting previously unselected package libjs-sphinxdoc.
Preparing to unpack .../054-libjs-sphinxdoc_1.8.5-5_all.deb ...
Unpacking libjs-sphinxdoc (1.8.5-5) ...
Selecting previously unselected package liblapack3:amd64.
Preparing to unpack .../055-liblapack3_3.9.0-1_amd64.deb ...
Unpacking liblapack3:amd64 (3.9.0-1) ...
Selecting previously unselected package libpocl2-common.
Preparing to unpack .../056-libpocl2-common_1.4-6_all.deb ...
Unpacking libpocl2-common (1.4-6) ...
Selecting previously unselected package libpocl2:amd64.
Preparing to unpack .../057-libpocl2_1.4-6_amd64.deb ...
Unpacking libpocl2:amd64 (1.4-6) ...
Selecting previously unselected package libpython3.7-dbg:amd64.
Preparing to unpack .../058-libpython3.7-dbg_3.7.6-1+b1_amd64.deb ...
Unpacking libpython3.7-dbg:amd64 (3.7.6-1+b1) ...
Selecting previously unselected package libpython3-dbg:amd64.
Preparing to unpack .../059-libpython3-dbg_3.7.5-3_amd64.deb ...
Unpacking libpython3-dbg:amd64 (3.7.5-3) ...
Selecting previously unselected package libpython3.8-stdlib:amd64.
Preparing to unpack .../060-libpython3.8-stdlib_3.8.2~rc2-2_amd64.deb ...
Unpacking libpython3.8-stdlib:amd64 (3.8.2~rc2-2) ...
Selecting previously unselected package libpython3.8-dbg:amd64.
Preparing to unpack .../061-libpython3.8-dbg_3.8.2~rc2-2_amd64.deb ...
Unpacking libpython3.8-dbg:amd64 (3.8.2~rc2-2) ...
Selecting previously unselected package libpython3-all-dbg:amd64.
Preparing to unpack .../062-libpython3-all-dbg_3.7.5-3_amd64.deb ...
Unpacking libpython3-all-dbg:amd64 (3.7.5-3) ...
Selecting previously unselected package libpython3.7:amd64.
Preparing to unpack .../063-libpython3.7_3.7.6-1+b1_amd64.deb ...
Unpacking libpython3.7:amd64 (3.7.6-1+b1) ...
Selecting previously unselected package libpython3.7-dev:amd64.
Preparing to unpack .../064-libpython3.7-dev_3.7.6-1+b1_amd64.deb ...
Unpacking libpython3.7-dev:amd64 (3.7.6-1+b1) ...
Selecting previously unselected package libpython3-dev:amd64.
Preparing to unpack .../065-libpython3-dev_3.7.5-3_amd64.deb ...
Unpacking libpython3-dev:amd64 (3.7.5-3) ...
Selecting previously unselected package libpython3.8:amd64.
Preparing to unpack .../066-libpython3.8_3.8.2~rc2-2_amd64.deb ...
Unpacking libpython3.8:amd64 (3.8.2~rc2-2) ...
Selecting previously unselected package libpython3.8-dev:amd64.
Preparing to unpack .../067-libpython3.8-dev_3.8.2~rc2-2_amd64.deb ...
Unpacking libpython3.8-dev:amd64 (3.8.2~rc2-2) ...
Selecting previously unselected package libpython3-all-dev:amd64.
Preparing to unpack .../068-libpython3-all-dev_3.7.5-3_amd64.deb ...
Unpacking libpython3-all-dev:amd64 (3.7.5-3) ...
Selecting previously unselected package pocl-opencl-icd:amd64.
Preparing to unpack .../069-pocl-opencl-icd_1.4-6_amd64.deb ...
Unpacking pocl-opencl-icd:amd64 (1.4-6) ...
Selecting previously unselected package python-babel-localedata.
Preparing to unpack .../070-python-babel-localedata_2.8.0+dfsg.1-2_all.deb ...
Unpacking python-babel-localedata (2.8.0+dfsg.1-2) ...
Selecting previously unselected package python3-alabaster.
Preparing to unpack .../071-python3-alabaster_0.7.8-1_all.deb ...
Unpacking python3-alabaster (0.7.8-1) ...
Selecting previously unselected package python3.8.
Preparing to unpack .../072-python3.8_3.8.2~rc2-2_amd64.deb ...
Unpacking python3.8 (3.8.2~rc2-2) ...
Selecting previously unselected package python3-all.
Preparing to unpack .../073-python3-all_3.7.5-3_amd64.deb ...
Unpacking python3-all (3.7.5-3) ...
Selecting previously unselected package python3.7-dbg.
Preparing to unpack .../074-python3.7-dbg_3.7.6-1+b1_amd64.deb ...
Unpacking python3.7-dbg (3.7.6-1+b1) ...
Selecting previously unselected package python3-dbg.
Preparing to unpack .../075-python3-dbg_3.7.5-3_amd64.deb ...
Unpacking python3-dbg (3.7.5-3) ...
Selecting previously unselected package python3.8-dbg.
Preparing to unpack .../076-python3.8-dbg_3.8.2~rc2-2_amd64.deb ...
Unpacking python3.8-dbg (3.8.2~rc2-2) ...
Selecting previously unselected package python3-all-dbg.
Preparing to unpack .../077-python3-all-dbg_3.7.5-3_amd64.deb ...
Unpacking python3-all-dbg (3.7.5-3) ...
Selecting previously unselected package zlib1g-dev:amd64.
Preparing to unpack .../078-zlib1g-dev_1%3a1.2.11.dfsg-1.2_amd64.deb ...
Unpacking zlib1g-dev:amd64 (1:1.2.11.dfsg-1.2) ...
Selecting previously unselected package python3.7-dev.
Preparing to unpack .../079-python3.7-dev_3.7.6-1+b1_amd64.deb ...
Unpacking python3.7-dev (3.7.6-1+b1) ...
Selecting previously unselected package python3-dev.
Preparing to unpack .../080-python3-dev_3.7.5-3_amd64.deb ...
Unpacking python3-dev (3.7.5-3) ...
Selecting previously unselected package python3.8-dev.
Preparing to unpack .../081-python3.8-dev_3.8.2~rc2-2_amd64.deb ...
Unpacking python3.8-dev (3.8.2~rc2-2) ...
Selecting previously unselected package python3-all-dev.
Preparing to unpack .../082-python3-all-dev_3.7.5-3_amd64.deb ...
Unpacking python3-all-dev (3.7.5-3) ...
Selecting previously unselected package python3-appdirs.
Preparing to unpack .../083-python3-appdirs_1.4.3-1_all.deb ...
Unpacking python3-appdirs (1.4.3-1) ...
Selecting previously unselected package python3-attr.
Preparing to unpack .../084-python3-attr_19.3.0-1_all.deb ...
Unpacking python3-attr (19.3.0-1) ...
Selecting previously unselected package python3-pkg-resources.
Preparing to unpack .../085-python3-pkg-resources_44.0.0-1_all.deb ...
Unpacking python3-pkg-resources (44.0.0-1) ...
Selecting previously unselected package python3-tz.
Preparing to unpack .../086-python3-tz_2019.3-1_all.deb ...
Unpacking python3-tz (2019.3-1) ...
Selecting previously unselected package python3-babel.
Preparing to unpack .../087-python3-babel_2.8.0+dfsg.1-2_all.deb ...
Unpacking python3-babel (2.8.0+dfsg.1-2) ...
Selecting previously unselected package python3-certifi.
Preparing to unpack .../088-python3-certifi_2019.11.28-1_all.deb ...
Unpacking python3-certifi (2019.11.28-1) ...
Selecting previously unselected package python3-cffi-backend.
Preparing to unpack .../089-python3-cffi-backend_1.14.0-1_amd64.deb ...
Unpacking python3-cffi-backend (1.14.0-1) ...
Selecting previously unselected package python3-cffi-backend-dbg.
Preparing to unpack .../090-python3-cffi-backend-dbg_1.14.0-1_amd64.deb ...
Unpacking python3-cffi-backend-dbg (1.14.0-1) ...
Selecting previously unselected package python3-chardet.
Preparing to unpack .../091-python3-chardet_3.0.4-4_all.deb ...
Unpacking python3-chardet (3.0.4-4) ...
Selecting previously unselected package python3-decorator.
Preparing to unpack .../092-python3-decorator_4.3.0-1.1_all.deb ...
Unpacking python3-decorator (4.3.0-1.1) ...
Selecting previously unselected package python3-roman.
Preparing to unpack .../093-python3-roman_2.0.0-3_all.deb ...
Unpacking python3-roman (2.0.0-3) ...
Selecting previously unselected package python3-docutils.
Preparing to unpack .../094-python3-docutils_0.16+dfsg-1_all.deb ...
Unpacking python3-docutils (0.16+dfsg-1) ...
Selecting previously unselected package python3-idna.
Preparing to unpack .../095-python3-idna_2.6-2_all.deb ...
Unpacking python3-idna (2.6-2) ...
Selecting previously unselected package python3-imagesize.
Preparing to unpack .../096-python3-imagesize_1.2.0-1_all.deb ...
Unpacking python3-imagesize (1.2.0-1) ...
Selecting previously unselected package python3-markupsafe.
Preparing to unpack .../097-python3-markupsafe_1.1.0-1+b2_amd64.deb ...
Unpacking python3-markupsafe (1.1.0-1+b2) ...
Selecting previously unselected package python3-jinja2.
Preparing to unpack .../098-python3-jinja2_2.10.1-1_all.deb ...
Unpacking python3-jinja2 (2.10.1-1) ...
Selecting previously unselected package python3-nose.
Preparing to unpack .../099-python3-nose_1.3.7-5_all.deb ...
Unpacking python3-nose (1.3.7-5) ...
Selecting previously unselected package python3-nose-parameterized.
Preparing to unpack .../100-python3-nose-parameterized_0.3.4-5_all.deb ...
Unpacking python3-nose-parameterized (0.3.4-5) ...
Selecting previously unselected package python3-numpy.
Preparing to unpack .../101-python3-numpy_1%3a1.17.4-5_amd64.deb ...
Unpacking python3-numpy (1:1.17.4-5) ...
Selecting previously unselected package python3-numpy-dbg:amd64.
Preparing to unpack .../102-python3-numpy-dbg_1%3a1.17.4-5_amd64.deb ...
Unpacking python3-numpy-dbg:amd64 (1:1.17.4-5) ...
Selecting previously unselected package sphinx-common.
Preparing to unpack .../103-sphinx-common_1.8.5-5_all.deb ...
Unpacking sphinx-common (1.8.5-5) ...
Selecting previously unselected package python3-pyparsing.
Preparing to unpack .../104-python3-pyparsing_2.4.6-1_all.deb ...
Unpacking python3-pyparsing (2.4.6-1) ...
Selecting previously unselected package python3-six.
Preparing to unpack .../105-python3-six_1.14.0-2_all.deb ...
Unpacking python3-six (1.14.0-2) ...
Selecting previously unselected package python3-packaging.
Preparing to unpack .../106-python3-packaging_19.1-2_all.deb ...
Unpacking python3-packaging (19.1-2) ...
Selecting previously unselected package python3-pygments.
Preparing to unpack .../107-python3-pygments_2.3.1+dfsg-1_all.deb ...
Unpacking python3-pygments (2.3.1+dfsg-1) ...
Selecting previously unselected package python3-urllib3.
Preparing to unpack .../108-python3-urllib3_1.25.8-1_all.deb ...
Unpacking python3-urllib3 (1.25.8-1) ...
Selecting previously unselected package python3-requests.
Preparing to unpack .../109-python3-requests_2.22.0-2_all.deb ...
Unpacking python3-requests (2.22.0-2) ...
Selecting previously unselected package python3-sphinx.
Preparing to unpack .../110-python3-sphinx_1.8.5-5_all.deb ...
Unpacking python3-sphinx (1.8.5-5) ...
Selecting previously unselected package python3-numpydoc.
Preparing to unpack .../111-python3-numpydoc_0.7.0-2_all.deb ...
Unpacking python3-numpydoc (0.7.0-2) ...
Selecting previously unselected package python3-pytools.
Preparing to unpack .../112-python3-pytools_2019.1.1-2_all.deb ...
Unpacking python3-pytools (2019.1.1-2) ...
Selecting previously unselected package python3-pyopencl.
Preparing to unpack .../113-python3-pyopencl_2019.1.1-1+b1_amd64.deb ...
Unpacking python3-pyopencl (2019.1.1-1+b1) ...
Selecting previously unselected package python3-pyopencl-dbg.
Preparing to unpack .../114-python3-pyopencl-dbg_2019.1.1-1+b1_amd64.deb ...
Unpacking python3-pyopencl-dbg (2019.1.1-1+b1) ...
Selecting previously unselected package python3-setuptools.
Preparing to unpack .../115-python3-setuptools_44.0.0-1_all.deb ...
Unpacking python3-setuptools (44.0.0-1) ...
Selecting previously unselected package sbuild-build-depends-main-dummy.
Preparing to unpack .../116-sbuild-build-depends-main-dummy_0.invalid.0_amd64.deb ...
Unpacking sbuild-build-depends-main-dummy (0.invalid.0) ...
Setting up libpipeline1:amd64 (1.5.2-2) ...
Setting up libpython3.8-minimal:amd64 (3.8.2~rc2-2) ...
Setting up mime-support (3.64) ...
Setting up libmagic-mgc (1:5.38-4) ...
Setting up libarchive-zip-perl (1.67-1) ...
Setting up libglib2.0-0:amd64 (2.62.4-2) ...
No schema files found: doing nothing.
Setting up libdebhelper-perl (12.9) ...
Setting up libsqlite3-0:amd64 (3.31.1-3) ...
Setting up libmagic1:amd64 (1:5.38-4) ...
Setting up gettext-base (0.19.8.1-10) ...
Setting up file (1:5.38-4) ...
Setting up libicu63:amd64 (63.2-2) ...
Setting up python-babel-localedata (2.8.0+dfsg.1-2) ...
Setting up autotools-dev (20180224.1) ...
Setting up libblas3:amd64 (3.9.0-1) ...
update-alternatives: using /usr/lib/x86_64-linux-gnu/blas/libblas.so.3 to provide /usr/lib/x86_64-linux-gnu/libblas.so.3 (libblas.so.3-x86_64-linux-gnu) in auto mode
Setting up libexpat1-dev:amd64 (2.2.9-1) ...
Setting up libsigsegv2:amd64 (2.12-2) ...
Setting up libpocl2-common (1.4-6) ...
Setting up opencl-clhpp-headers (2.1.0~~git51-gc5063c3-1) ...
Setting up bsdmainutils (11.1.2+b1) ...
update-alternatives: using /usr/bin/bsd-write to provide /usr/bin/write (write) in auto mode
update-alternatives: using /usr/bin/bsd-from to provide /usr/bin/from (from) in auto mode
Setting up autopoint (0.19.8.1-10) ...
Setting up libltdl7:amd64 (2.4.6-13) ...
Setting up opencl-c-headers (2.2~2019.08.06-g0d5f18c-1) ...
Setting up libgfortran5:amd64 (10-20200222-1) ...
Setting up zlib1g-dev:amd64 (1:1.2.11.dfsg-1.2) ...
Setting up python3.8-minimal (3.8.2~rc2-2) ...
Setting up sensible-utils (0.0.12+nmu1) ...
Setting up ocl-icd-libopencl1:amd64 (2.2.12-3) ...
Setting up libuchardet0:amd64 (0.0.6-3) ...
Setting up libsub-override-perl (0.09-2) ...
Setting up sgml-base (1.29.1) ...
Setting up libmpdec2:amd64 (2.4.2-2) ...
Setting up libjs-jquery (3.3.1~dfsg-3) ...
Setting up openssl (1.1.1d-2) ...
Setting up libelf1:amd64 (0.176-1.1) ...
Setting up readline-common (8.0-3) ...
Setting up libxml2:amd64 (2.9.10+dfsg-3) ...
Setting up libjs-underscore (1.9.1~dfsg-1) ...
Setting up libfile-stripnondeterminism-perl (1.6.3-2) ...
Setting up libclfft2:amd64 (2.12.2-1+b2) ...
Setting up liblapack3:amd64 (3.9.0-1) ...
update-alternatives: using /usr/lib/x86_64-linux-gnu/lapack/liblapack.so.3 to provide /usr/lib/x86_64-linux-gnu/liblapack.so.3 (liblapack.so.3-x86_64-linux-gnu) in auto mode
Setting up libtool (2.4.6-13) ...
Setting up libreadline8:amd64 (8.0-3) ...
Setting up m4 (1.4.18-4) ...
Setting up ca-certificates (20190110) ...
Updating certificates in /etc/ssl/certs...
128 added, 0 removed; done.
Setting up libhwloc15:amd64 (2.1.0+dfsg-3) ...
Setting up libcroco3:amd64 (0.6.13-1) ...
Setting up libjs-sphinxdoc (1.8.5-5) ...
Setting up ocl-icd-opencl-dev:amd64 (2.2.12-3) ...
Setting up autoconf (2.69-11.1) ...
Setting up dh-strip-nondeterminism (1.6.3-2) ...
Setting up dwz (0.13-5) ...
Setting up groff-base (1.22.4-4) ...
Setting up libpocl2:amd64 (1.4-6) ...
Setting up xml-core (0.18+nmu1) ...
Setting up libpython3.8-stdlib:amd64 (3.8.2~rc2-2) ...
Setting up python3.8 (3.8.2~rc2-2) ...
Setting up automake (1:1.16.1-4) ...
update-alternatives: using /usr/bin/automake-1.16 to provide /usr/bin/automake (automake) in auto mode
Setting up libpython3.7-stdlib:amd64 (3.7.6-1+b1) ...
Setting up gettext (0.19.8.1-10) ...
Setting up libpython3.7:amd64 (3.7.6-1+b1) ...
Setting up libpython3.7-dev:amd64 (3.7.6-1+b1) ...
Setting up libpython3.8-dbg:amd64 (3.8.2~rc2-2) ...
Setting up libclfft-dev:amd64 (2.12.2-1+b2) ...
Setting up man-db (2.9.0-2) ...
Not building database; man-db/auto-update is not 'true'.
Setting up intltool-debian (0.35.0+20060710.5) ...
Setting up pocl-opencl-icd:amd64 (1.4-6) ...
Setting up libpython3.7-dbg:amd64 (3.7.6-1+b1) ...
Setting up libpython3.8:amd64 (3.8.2~rc2-2) ...
Setting up sphinx-common (1.8.5-5) ...
Setting up libpython3-stdlib:amd64 (3.7.5-3) ...
Setting up python3.8-dbg (3.8.2~rc2-2) ...
Setting up python3.7 (3.7.6-1+b1) ...
Setting up python3.7-dbg (3.7.6-1+b1) ...
Setting up libpython3-dev:amd64 (3.7.5-3) ...
Setting up po-debconf (1.0.21) ...
Setting up libpython3-dbg:amd64 (3.7.5-3) ...
Setting up python3 (3.7.5-3) ...
Setting up libpython3-all-dbg:amd64 (3.7.5-3) ...
Setting up python3-markupsafe (1.1.0-1+b2) ...
Setting up python3.7-dev (3.7.6-1+b1) ...
Setting up python3-tz (2019.3-1) ...
Setting up python3-six (1.14.0-2) ...
Setting up python3-roman (2.0.0-3) ...
Setting up python3-decorator (4.3.0-1.1) ...
Setting up python3-jinja2 (2.10.1-1) ...
Setting up python3-pygments (2.3.1+dfsg-1) ...
Setting up python3-pyparsing (2.4.6-1) ...
Setting up python3-certifi (2019.11.28-1) ...
Setting up libpython3.8-dev:amd64 (3.8.2~rc2-2) ...
Setting up libpython3-all-dev:amd64 (3.7.5-3) ...
Setting up python3-idna (2.6-2) ...
Setting up cython3 (0.29.14-0.1+b1) ...
Setting up cython3-dbg (0.29.14-0.1+b1) ...
Setting up python3-urllib3 (1.25.8-1) ...
Setting up python3.8-dev (3.8.2~rc2-2) ...
Setting up python3-lib2to3 (3.8.0-1) ...
Setting up python3-appdirs (1.4.3-1) ...
Setting up python3-cffi-backend (1.14.0-1) ...
Setting up python3-imagesize (1.2.0-1) ...
Setting up python3-dbg (3.7.5-3) ...
Setting up python3-pkg-resources (44.0.0-1) ...
Setting up python3-distutils (3.8.0-1) ...
Setting up dh-python (4.20191017) ...
Setting up python3-attr (19.3.0-1) ...
Setting up python3-setuptools (44.0.0-1) ...
Setting up python3-babel (2.8.0+dfsg.1-2) ...
update-alternatives: using /usr/bin/pybabel-python3 to provide /usr/bin/pybabel (pybabel) in auto mode
Setting up python3-alabaster (0.7.8-1) ...
Setting up python3-cffi-backend-dbg (1.14.0-1) ...
Setting up python3-all (3.7.5-3) ...
Setting up python3-nose (1.3.7-5) ...
Setting up python3-packaging (19.1-2) ...
Setting up python3-nose-parameterized (0.3.4-5) ...
Setting up python3-chardet (3.0.4-4) ...
Setting up python3-dev (3.7.5-3) ...
Setting up python3-requests (2.22.0-2) ...
Setting up python3-numpy (1:1.17.4-5) ...
Setting up python3-all-dbg (3.7.5-3) ...
Setting up python3-all-dev (3.7.5-3) ...
Setting up python3-numpy-dbg:amd64 (1:1.17.4-5) ...
Setting up python3-pytools (2019.1.1-2) ...
Setting up python3-pyopencl (2019.1.1-1+b1) ...
Setting up python3-pyopencl-dbg (2019.1.1-1+b1) ...
Setting up dh-autoreconf (19) ...
Setting up debhelper (12.9) ...
Processing triggers for libc-bin (2.29-10) ...
Processing triggers for sgml-base (1.29.1) ...
Setting up docutils-common (0.16+dfsg-1) ...
Processing triggers for sgml-base (1.29.1) ...
Setting up python3-docutils (0.16+dfsg-1) ...
update-alternatives: using /usr/share/docutils/scripts/python3/rst-buildhtml to provide /usr/bin/rst-buildhtml (rst-buildhtml) in auto mode
update-alternatives: using /usr/share/docutils/scripts/python3/rst2html to provide /usr/bin/rst2html (rst2html) in auto mode
update-alternatives: using /usr/share/docutils/scripts/python3/rst2html4 to provide /usr/bin/rst2html4 (rst2html4) in auto mode
update-alternatives: using /usr/share/docutils/scripts/python3/rst2html5 to provide /usr/bin/rst2html5 (rst2html5) in auto mode
update-alternatives: using /usr/share/docutils/scripts/python3/rst2latex to provide /usr/bin/rst2latex (rst2latex) in auto mode
update-alternatives: using /usr/share/docutils/scripts/python3/rst2man to provide /usr/bin/rst2man (rst2man) in auto mode
update-alternatives: using /usr/share/docutils/scripts/python3/rst2odt to provide /usr/bin/rst2odt (rst2odt) in auto mode
update-alternatives: using /usr/share/docutils/scripts/python3/rst2odt_prepstyles to provide /usr/bin/rst2odt_prepstyles (rst2odt_prepstyles) in auto mode
update-alternatives: using /usr/share/docutils/scripts/python3/rst2pseudoxml to provide /usr/bin/rst2pseudoxml (rst2pseudoxml) in auto mode
update-alternatives: using /usr/share/docutils/scripts/python3/rst2s5 to provide /usr/bin/rst2s5 (rst2s5) in auto mode
update-alternatives: using /usr/share/docutils/scripts/python3/rst2xetex to provide /usr/bin/rst2xetex (rst2xetex) in auto mode
update-alternatives: using /usr/share/docutils/scripts/python3/rst2xml to provide /usr/bin/rst2xml (rst2xml) in auto mode
update-alternatives: using /usr/share/docutils/scripts/python3/rstpep2html to provide /usr/bin/rstpep2html (rstpep2html) in auto mode
Setting up python3-sphinx (1.8.5-5) ...
update-alternatives: using /usr/share/sphinx/scripts/python3/sphinx-apidoc to provide /usr/bin/sphinx-apidoc (sphinx-apidoc) in auto mode
update-alternatives: using /usr/share/sphinx/scripts/python3/sphinx-autogen to provide /usr/bin/sphinx-autogen (sphinx-autogen) in auto mode
update-alternatives: using /usr/share/sphinx/scripts/python3/sphinx-build to provide /usr/bin/sphinx-build (sphinx-build) in auto mode
update-alternatives: using /usr/share/sphinx/scripts/python3/sphinx-quickstart to provide /usr/bin/sphinx-quickstart (sphinx-quickstart) in auto mode
Setting up python3-numpydoc (0.7.0-2) ...
Setting up sbuild-build-depends-main-dummy (0.invalid.0) ...
Processing triggers for ca-certificates (20190110) ...
Updating certificates in /etc/ssl/certs...
0 added, 0 removed; done.
Running hooks in /etc/ca-certificates/update.d...
done.

+------------------------------------------------------------------------------+
| Check architectures                                                          |
+------------------------------------------------------------------------------+

Arch check ok (amd64 included in any all)

+------------------------------------------------------------------------------+
| Build environment                                                            |
+------------------------------------------------------------------------------+

Kernel: Linux 4.19.0-6-cloud-amd64 #1 SMP Debian 4.19.67-2+deb10u2 (2019-11-11) amd64 (x86_64)
Toolchain package versions: binutils_2.34-3 dpkg-dev_1.19.7 g++-9_9.2.1-29 gcc-9_9.2.1-29 libc6-dev_2.29-10 libstdc++-8-dev_8.3.0-29 libstdc++-9-dev_9.2.1-29 libstdc++6_10-20200222-1 linux-libc-dev_5.4.19-1
Package versions: adduser_3.118 apt_1.8.4 autoconf_2.69-11.1 automake_1:1.16.1-4 autopoint_0.19.8.1-10 autotools-dev_20180224.1 base-files_11 base-passwd_3.5.47 bash_5.0-5 binutils_2.34-3 binutils-common_2.34-3 binutils-x86-64-linux-gnu_2.34-3 bsdmainutils_11.1.2+b1 bsdutils_1:2.34-0.1 build-essential_12.8 bzip2_1.0.8-2 ca-certificates_20190110 clang-9_1:9.0.1-8 coreutils_8.30-3+b1 cpp_4:9.2.1-3.1 cpp-9_9.2.1-29 cython3_0.29.14-0.1+b1 cython3-dbg_0.29.14-0.1+b1 dash_0.5.10.2-6 debconf_1.5.73 debhelper_12.9 debian-archive-keyring_2019.1 debianutils_4.9.1 dh-autoreconf_19 dh-python_4.20191017 dh-strip-nondeterminism_1.6.3-2 diffutils_1:3.7-3 docutils-common_0.16+dfsg-1 dpkg_1.19.7 dpkg-dev_1.19.7 dwz_0.13-5 e2fsprogs_1.45.5-2 fakeroot_1.24-1 fdisk_2.34-0.1 file_1:5.38-4 findutils_4.7.0-1 g++_4:9.2.1-3.1 g++-9_9.2.1-29 gcc_4:9.2.1-3.1 gcc-10-base_10-20200222-1 gcc-8-base_8.3.0-29 gcc-9_9.2.1-29 gcc-9-base_9.2.1-29 gettext_0.19.8.1-10 gettext-base_0.19.8.1-10 gpgv_2.2.19-1 grep_3.4-1 groff-base_1.22.4-4 gzip_1.9-3+b1 hostname_3.23 init-system-helpers_1.57 intltool-debian_0.35.0+20060710.5 lib32gcc-s1_10-20200222-1 lib32gcc1_1:10-20200222-1 lib32stdc++6_10-20200222-1 libacl1_2.2.53-5 libapt-pkg5.0_1.8.4 libarchive-zip-perl_1.67-1 libasan5_9.2.1-29 libatomic1_10-20200222-1 libattr1_1:2.4.48-5 libaudit-common_1:2.8.5-2 libaudit1_1:2.8.5-2+b1 libbinutils_2.34-3 libblas3_3.9.0-1 libblkid1_2.34-0.1 libbsd0_0.10.0-1 libbz2-1.0_1.0.8-2 libc-bin_2.29-10 libc-dev-bin_2.29-10 libc6_2.29-10 libc6-dev_2.29-10 libc6-i386_2.29-10 libcap-ng0_0.7.9-2.1+b1 libcc1-0_10-20200222-1 libclang-common-9-dev_1:9.0.1-8 libclang-cpp9_1:9.0.1-8 libclfft-dev_2.12.2-1+b2 libclfft2_2.12.2-1+b2 libcom-err2_1.45.5-2 libcroco3_0.6.13-1 libcrypt-dev_1:4.4.10-10 libcrypt1_1:4.4.10-10 libctf-nobfd0_2.34-3 libctf0_2.34-3 libdb5.3_5.3.28+dfsg1-0.6 libdebconfclient0_0.251 libdebhelper-perl_12.9 libdpkg-perl_1.19.7 libedit2_3.1-20191231-1 libelf1_0.176-1.1 libexpat1_2.2.9-1 libexpat1-dev_2.2.9-1 libext2fs2_1.45.5-2 libfakeroot_1.24-1 libfdisk1_2.34-0.1 libffi7_3.3-3 libfile-stripnondeterminism-perl_1.6.3-2 libgc1c2_1:7.6.4-0.4 libgcc-8-dev_8.3.0-29 libgcc-9-dev_9.2.1-29 libgcc-s1_10-20200222-1 libgcc1_1:10-20200222-1 libgcrypt20_1.8.5-5 libgdbm-compat4_1.18.1-5 libgdbm6_1.18.1-5 libgfortran5_10-20200222-1 libglib2.0-0_2.62.4-2 libgmp10_2:6.2.0+dfsg-4 libgnutls30_3.6.12-2 libgomp1_10-20200222-1 libgpg-error0_1.37-1 libhogweed5_3.5.1+really3.5.1-2 libhwloc15_2.1.0+dfsg-3 libicu63_63.2-2 libidn2-0_2.2.0-2 libisl22_0.22.1-1 libitm1_10-20200222-1 libjs-jquery_3.3.1~dfsg-3 libjs-sphinxdoc_1.8.5-5 libjs-underscore_1.9.1~dfsg-1 liblapack3_3.9.0-1 libllvm9_1:9.0.1-8 liblsan0_10-20200222-1 libltdl7_2.4.6-13 liblz4-1_1.9.2-2 liblzma5_5.2.4-1+b1 libmagic-mgc_1:5.38-4 libmagic1_1:5.38-4 libmount1_2.34-0.1 libmpc3_1.1.0-1 libmpdec2_2.4.2-2 libmpfr6_4.0.2-1 libmpx2_8.3.0-29 libncursesw6_6.1+20191019-1 libnettle7_3.5.1+really3.5.1-2 libobjc-8-dev_8.3.0-29 libobjc-9-dev_9.2.1-29 libobjc4_10-20200222-1 libomp-9-dev_1:9.0.1-8 libomp5-9_1:9.0.1-8 libp11-kit0_0.23.20-1 libpam-modules_1.3.1-5 libpam-modules-bin_1.3.1-5 libpam-runtime_1.3.1-5 libpam0g_1.3.1-5 libpcre2-8-0_10.34-7 libpcre3_2:8.39-12+b1 libperl5.30_5.30.0-9 libpipeline1_1.5.2-2 libpocl2_1.4-6 libpocl2-common_1.4-6 libpython3-all-dbg_3.7.5-3 libpython3-all-dev_3.7.5-3 libpython3-dbg_3.7.5-3 libpython3-dev_3.7.5-3 libpython3-stdlib_3.7.5-3 libpython3.7_3.7.6-1+b1 libpython3.7-dbg_3.7.6-1+b1 libpython3.7-dev_3.7.6-1+b1 libpython3.7-minimal_3.7.6-1+b1 libpython3.7-stdlib_3.7.6-1+b1 libpython3.8_3.8.2~rc2-2 libpython3.8-dbg_3.8.2~rc2-2 libpython3.8-dev_3.8.2~rc2-2 libpython3.8-minimal_3.8.2~rc2-2 libpython3.8-stdlib_3.8.2~rc2-2 libquadmath0_10-20200222-1 libreadline8_8.0-3 libseccomp2_2.4.2-2 libselinux1_3.0-1+b1 libsemanage-common_3.0-1 libsemanage1_3.0-1+b1 libsepol1_3.0-1 libsigsegv2_2.12-2 libsmartcols1_2.34-0.1 libsqlite3-0_3.31.1-3 libss2_1.45.5-2 libssl1.1_1.1.1d-2 libstdc++-8-dev_8.3.0-29 libstdc++-9-dev_9.2.1-29 libstdc++6_10-20200222-1 libsub-override-perl_0.09-2 libsystemd0_244.3-1 libtasn1-6_4.16.0-2 libtinfo6_6.1+20191019-1 libtool_2.4.6-13 libtsan0_10-20200222-1 libubsan1_10-20200222-1 libuchardet0_0.0.6-3 libudev1_244.3-1 libunistring2_0.9.10-2 libuuid1_2.34-0.1 libxml2_2.9.10+dfsg-3 libz3-4_4.8.7-4 libzstd1_1.4.4+dfsg-3 linux-libc-dev_5.4.19-1 login_1:4.8.1-1 logsave_1.45.5-2 lsb-base_11.1.0 m4_1.4.18-4 make_4.2.1-1.2 man-db_2.9.0-2 mawk_1.3.4.20200120-2 mime-support_3.64 mount_2.34-0.1 ncurses-base_6.1+20191019-1 ncurses-bin_6.1+20191019-1 ocl-icd-libopencl1_2.2.12-3 ocl-icd-opencl-dev_2.2.12-3 opencl-c-headers_2.2~2019.08.06-g0d5f18c-1 opencl-clhpp-headers_2.1.0~~git51-gc5063c3-1 openssl_1.1.1d-2 passwd_1:4.8.1-1 patch_2.7.6-6 perl_5.30.0-9 perl-base_5.30.0-9 perl-modules-5.30_5.30.0-9 po-debconf_1.0.21 pocl-opencl-icd_1.4-6 python-babel-localedata_2.8.0+dfsg.1-2 python3_3.7.5-3 python3-alabaster_0.7.8-1 python3-all_3.7.5-3 python3-all-dbg_3.7.5-3 python3-all-dev_3.7.5-3 python3-appdirs_1.4.3-1 python3-attr_19.3.0-1 python3-babel_2.8.0+dfsg.1-2 python3-certifi_2019.11.28-1 python3-cffi-backend_1.14.0-1 python3-cffi-backend-dbg_1.14.0-1 python3-chardet_3.0.4-4 python3-dbg_3.7.5-3 python3-decorator_4.3.0-1.1 python3-dev_3.7.5-3 python3-distutils_3.8.0-1 python3-docutils_0.16+dfsg-1 python3-idna_2.6-2 python3-imagesize_1.2.0-1 python3-jinja2_2.10.1-1 python3-lib2to3_3.8.0-1 python3-markupsafe_1.1.0-1+b2 python3-minimal_3.7.5-3 python3-nose_1.3.7-5 python3-nose-parameterized_0.3.4-5 python3-numpy_1:1.17.4-5 python3-numpy-dbg_1:1.17.4-5 python3-numpydoc_0.7.0-2 python3-packaging_19.1-2 python3-pkg-resources_44.0.0-1 python3-pygments_2.3.1+dfsg-1 python3-pyopencl_2019.1.1-1+b1 python3-pyopencl-dbg_2019.1.1-1+b1 python3-pyparsing_2.4.6-1 python3-pytools_2019.1.1-2 python3-requests_2.22.0-2 python3-roman_2.0.0-3 python3-setuptools_44.0.0-1 python3-six_1.14.0-2 python3-sphinx_1.8.5-5 python3-tz_2019.3-1 python3-urllib3_1.25.8-1 python3.7_3.7.6-1+b1 python3.7-dbg_3.7.6-1+b1 python3.7-dev_3.7.6-1+b1 python3.7-minimal_3.7.6-1+b1 python3.8_3.8.2~rc2-2 python3.8-dbg_3.8.2~rc2-2 python3.8-dev_3.8.2~rc2-2 python3.8-minimal_3.8.2~rc2-2 readline-common_8.0-3 sbuild-build-depends-main-dummy_0.invalid.0 sed_4.7-1 sensible-utils_0.0.12+nmu1 sgml-base_1.29.1 sphinx-common_1.8.5-5 sysvinit-utils_2.96-2.1 tar_1.30+dfsg-6+b1 tzdata_2019c-3 util-linux_2.34-0.1 xml-core_0.18+nmu1 xz-utils_5.2.4-1+b1 zlib1g_1:1.2.11.dfsg-1.2 zlib1g-dev_1:1.2.11.dfsg-1.2

+------------------------------------------------------------------------------+
| Build                                                                        |
+------------------------------------------------------------------------------+


Unpack source
-------------

-----BEGIN PGP SIGNED MESSAGE-----
Hash: SHA256

Format: 3.0 (quilt)
Source: gpyfft
Binary: python3-gpyfft, python3-gpyfft-dbg, python-gpyfft-doc
Architecture: any all
Version: 0.7.0-2
Maintainer: Debian Science Maintainers <debian-science-maintainers@lists.alioth.debian.org>
Uploaders: Picca Frdric-Emmanuel <picca@debian.org>
Homepage: https://github.com/geggo/gpyfft
Standards-Version: 4.1.0
Vcs-Browser: https://salsa.debian.org/science-team/gpyfft
Vcs-Git: https://salsa.debian.org/science-team/gpyfft.git
Testsuite: autopkgtest-pkg-python
Build-Depends: cython3, cython3-dbg, debhelper (>= 10), dh-python, libclfft-dev, python3-all-dbg, python3-all-dev, python3-nose-parameterized <!nocheck>, python3-numpy, python3-numpy-dbg, python3-numpydoc <!nodoc>, python3-pyopencl <!nocheck> <!nodoc>, python3-pyopencl-dbg <!nocheck> <!nodoc>, python3-setuptools, python3-sphinx <!nodoc>
Package-List:
 python-gpyfft-doc deb doc optional arch=all
 python3-gpyfft deb python optional arch=any
 python3-gpyfft-dbg deb debug optional arch=any
Checksums-Sha1:
 5f0537cdd65bd806565dc5310518b94cd8177bda 21577 gpyfft_0.7.0.orig.tar.gz
 6cdd8fc4656cb158892ec8279bdc15c605018c90 2784 gpyfft_0.7.0-2.debian.tar.xz
Checksums-Sha256:
 5c18ab1d1c3881e98edc18bced28230552f1564ac5a1ed40d4ef93600dba954a 21577 gpyfft_0.7.0.orig.tar.gz
 5b00486f813b3aafa70dec9d1b9f0e73a113b7cf794e9c501a34ba2dd1a1dde1 2784 gpyfft_0.7.0-2.debian.tar.xz
Files:
 f3880df18dc26f47cf29718177cd5a38 21577 gpyfft_0.7.0.orig.tar.gz
 e6f2ab1f22c7bc88f6f4503205e90b81 2784 gpyfft_0.7.0-2.debian.tar.xz

-----BEGIN PGP SIGNATURE-----

iQIzBAEBCAAdFiEEoLGp81CJVhMOekJc1BatFaxrQ/4FAl17et8ACgkQ1BatFaxr
Q/4G1g//XCuVQTZSFnYqt8DmiiPetaTyYoVOSCvFo9IU4lOeMSVcIKNsdEymLDo3
mdgAW4X7YfAM2xKI9lOVZHhYe65b5sXFYuJNJTFhimhyN3s/ssOT13exqo09Ve2N
JBg/cjKJzypKyp6hkIhc5hv9US4ONV/R0c9zA/NLAAa2gEyvWBxr6X7x1GTlZl4O
g5JCG+9spX3lvq6Mt5WE6VqXL44S7tWuZxWEJLhy4v9Cm7tTcsIUMhHsRwmR+I1x
nE70BljxKPhnLPmCjKejelR+kXmx5xU70fA3GVUQLnVRKSzXWCggdAvp6gfI+1Ue
6kQ4Yc8MOwDlGXdf+u2Qo/hMLELD1SmDnYlZubRyVQ1s4uQX7hvn6lOWnn5W5b2Q
0ETIW1RP+TLgWWl0CPvF+u0a5goBFUCr+A/xVk4DiTKjOVjgCO1icXnrHvxmw2Zp
lEtFpMwdax7TfF1aiFQV7g72H16F9fnuzz7AefEom4cSHCFMrYgRS8ZLSiNpsNle
m1dMNjnGpeSRACoPUnXKgKHEK1EiXHS0UlxOEQG9BTASoF8rzXP6VC8w6SgeXyuf
0Qfm6PmxGCdekoqRym+CVI52URFI2oYFn4uZZcoIJmhNlCdp70lFOhNjT0lcTCIT
GD2ux1aDfzUvqFOVTUqt549+Medp3NVt685mZ+XdGPOCcWA9+HA=
=EJNk
-----END PGP SIGNATURE-----

gpgv: unknown type of key resource 'trustedkeys.kbx'
gpgv: keyblock resource '/sbuild-nonexistent/.gnupg/trustedkeys.kbx': General error
gpgv: Signature made Fri Sep 13 11:17:51 2019 UTC
gpgv:                using RSA key A0B1A9F3508956130E7A425CD416AD15AC6B43FE
gpgv: Can't check signature: No public key
dpkg-source: warning: failed to verify signature on ./gpyfft_0.7.0-2.dsc
dpkg-source: info: extracting gpyfft in /<<PKGBUILDDIR>>
dpkg-source: info: unpacking gpyfft_0.7.0.orig.tar.gz
dpkg-source: info: unpacking gpyfft_0.7.0-2.debian.tar.xz
dpkg-source: info: using patch list from debian/patches/series
dpkg-source: info: applying 0001-remove-setup.cfg.patch

Check disk space
----------------

Sufficient free space for build

User Environment
----------------

APT_CONFIG=/var/lib/sbuild/apt.conf
HOME=/sbuild-nonexistent
LANG=C.UTF-8
LC_ALL=C.UTF-8
LOGNAME=user42
PATH=/usr/local/sbin:/usr/local/bin:/usr/sbin:/usr/bin:/sbin:/bin:/usr/games
SCHROOT_ALIAS_NAME=unstable
SCHROOT_CHROOT_NAME=sid-amd64-sbuild
SCHROOT_COMMAND=env
SCHROOT_GID=1001
SCHROOT_GROUP=user42
SCHROOT_SESSION_ID=sid-amd64-sbuild-c85685ff-a567-4acb-9401-e5aaa7b7138d
SCHROOT_UID=1001
SCHROOT_USER=user42
SHELL=/bin/sh
USER=user42

dpkg-buildpackage
-----------------

Command: dpkg-buildpackage -us -uc -b -rfakeroot
dpkg-buildpackage: info: source package gpyfft
dpkg-buildpackage: info: source version 0.7.0-2
dpkg-buildpackage: info: source distribution unstable
dpkg-buildpackage: info: source changed by Thomas Goirand <zigo@debian.org>
 dpkg-source --before-build .
dpkg-buildpackage: info: host architecture amd64
dpkg-source: info: using options from gpyfft-0.7.0/debian/source/options: --extend-diff-ignore=^[^/]*[.]egg-info/
 fakeroot debian/rules clean
dh clean --with python3,sphinxdoc --buildsystem=pybuild
   dh_auto_clean -O--buildsystem=pybuild
I: pybuild base:217: python3.8 setup.py clean 
Compiling gpyfft/gpyfftlib.pyx because it changed.
[1/1] Cythonizing gpyfft/gpyfftlib.pyx
running clean
removing '/<<PKGBUILDDIR>>/.pybuild/cpython3_3.8_gpyfft/build' (and everything under it)
/usr/lib/python3/dist-packages/Cython/Compiler/Main.py:369: FutureWarning: Cython directive 'language_level' not set, using 2 for now (Py2). This will change in a later release! File: /<<PKGBUILDDIR>>/gpyfft/gpyfftlib.pxd
  tree = Parsing.p_module(s, pxd, full_module_name)
'build/bdist.linux-amd64' does not exist -- can't clean it
'build/scripts-3.8' does not exist -- can't clean it
I: pybuild base:217: python3.7 setup.py clean 
running clean
removing '/<<PKGBUILDDIR>>/.pybuild/cpython3_3.7_gpyfft/build' (and everything under it)
'build/bdist.linux-amd64' does not exist -- can't clean it
'build/scripts-3.7' does not exist -- can't clean it
I: pybuild base:217: python3.8-dbg setup.py clean 
running clean
removing '/<<PKGBUILDDIR>>/.pybuild/cpython3_3.8_dbg_gpyfft/build' (and everything under it)
/usr/lib/python3/dist-packages/Cython/Build/Dependencies.py:752: DeprecationWarning: Using or importing the ABCs from 'collections' instead of from 'collections.abc' is deprecated since Python 3.3, and in 3.9 it will stop working
  elif isinstance(patterns, basestring) or not isinstance(patterns, collections.Iterable):
'build/bdist.linux-amd64' does not exist -- can't clean it
'build/scripts-3.8' does not exist -- can't clean it
I: pybuild base:217: python3.7-dbg setup.py clean 
running clean
removing '/<<PKGBUILDDIR>>/.pybuild/cpython3_3.7_dbg_gpyfft/build' (and everything under it)
/usr/lib/python3/dist-packages/Cython/Build/Dependencies.py:752: DeprecationWarning: Using or importing the ABCs from 'collections' instead of from 'collections.abc' is deprecated since Python 3.3,and in 3.9 it will stop working
  elif isinstance(patterns, basestring) or not isinstance(patterns, collections.Iterable):
'build/bdist.linux-amd64' does not exist -- can't clean it
'build/scripts-3.7' does not exist -- can't clean it
   dh_autoreconf_clean -O--buildsystem=pybuild
   debian/rules override_dh_clean
make[1]: Entering directory '/<<PKGBUILDDIR>>'
dh_clean
rm -f gpyfft/gpyfftlib.c
rm -f gpyfft/*.so
rm -rf docs/build
make[1]: Leaving directory '/<<PKGBUILDDIR>>'
 debian/rules build
dh build --with python3,sphinxdoc --buildsystem=pybuild
   dh_update_autotools_config -O--buildsystem=pybuild
   dh_autoreconf -O--buildsystem=pybuild
   dh_auto_configure -O--buildsystem=pybuild
I: pybuild base:217: python3.8 setup.py config 
Compiling gpyfft/gpyfftlib.pyx because it changed.
[1/1] Cythonizing gpyfft/gpyfftlib.pyx
running config
/usr/lib/python3/dist-packages/Cython/Compiler/Main.py:369: FutureWarning: Cython directive 'language_level' not set, using 2 for now (Py2). This will change in a later release! File: /<<PKGBUILDDIR>>/gpyfft/gpyfftlib.pxd
  tree = Parsing.p_module(s, pxd, full_module_name)
I: pybuild base:217: python3.7 setup.py config 
running config
I: pybuild base:217: python3.8-dbg setup.py config 
running config
/usr/lib/python3/dist-packages/Cython/Build/Dependencies.py:752: DeprecationWarning: Using or importing the ABCs from 'collections' instead of from 'collections.abc' is deprecated since Python 3.3, and in 3.9 it will stop working
  elif isinstance(patterns, basestring) or not isinstance(patterns, collections.Iterable):
I: pybuild base:217: python3.7-dbg setup.py config 
running config
/usr/lib/python3/dist-packages/Cython/Build/Dependencies.py:752: DeprecationWarning: Using or importing the ABCs from 'collections' instead of from 'collections.abc' is deprecated since Python 3.3,and in 3.9 it will stop working
  elif isinstance(patterns, basestring) or not isinstance(patterns, collections.Iterable):
   dh_auto_build -O--buildsystem=pybuild
I: pybuild base:217: /usr/bin/python3.8 setup.py build 
running build
running build_py
creating /<<PKGBUILDDIR>>/.pybuild/cpython3_3.8_gpyfft/build/gpyfft
copying gpyfft/__init__.py -> /<<PKGBUILDDIR>>/.pybuild/cpython3_3.8_gpyfft/build/gpyfft
copying gpyfft/version.py -> /<<PKGBUILDDIR>>/.pybuild/cpython3_3.8_gpyfft/build/gpyfft
copying gpyfft/fft.py -> /<<PKGBUILDDIR>>/.pybuild/cpython3_3.8_gpyfft/build/gpyfft
creating /<<PKGBUILDDIR>>/.pybuild/cpython3_3.8_gpyfft/build/gpyfft/test
copying gpyfft/test/__init__.py -> /<<PKGBUILDDIR>>/.pybuild/cpython3_3.8_gpyfft/build/gpyfft/test
copying gpyfft/test/test_callback.py -> /<<PKGBUILDDIR>>/.pybuild/cpython3_3.8_gpyfft/build/gpyfft/test
copying gpyfft/test/test_gpyfft.py -> /<<PKGBUILDDIR>>/.pybuild/cpython3_3.8_gpyfft/build/gpyfft/test
copying gpyfft/test/util.py -> /<<PKGBUILDDIR>>/.pybuild/cpython3_3.8_gpyfft/build/gpyfft/test
copying gpyfft/test/test_batched.py -> /<<PKGBUILDDIR>>/.pybuild/cpython3_3.8_gpyfft/build/gpyfft/test
copying gpyfft/test/test_gpyfftlib.py -> /<<PKGBUILDDIR>>/.pybuild/cpython3_3.8_gpyfft/build/gpyfft/test
running build_ext
building 'gpyfft.gpyfftlib' extension
creating build
creating build/temp.linux-amd64-3.8
creating build/temp.linux-amd64-3.8/gpyfft
x86_64-linux-gnu-gcc -pthread -Wno-unused-result -Wsign-compare -DNDEBUG -g -fwrapv -O2 -Wall -g -fstack-protector-strong -Wformat -Werror=format-security -g -fwrapv -O2 -g -O2 -fdebug-prefix-map=/<<PKGBUILDDIR>>=. -fstack-protector-strong -Wformat -Werror=format-security -Wdate-time -D_FORTIFY_SOURCE=2 -fPIC -I/home/gregor/devel/clFFT/src/include -I/opt/AMDAPPSDK-3.0/include -I/usr/include/python3.8 -c gpyfft/gpyfftlib.c -o build/temp.linux-amd64-3.8/gpyfft/gpyfftlib.o
gpyfft/gpyfftlib.c:3537:5: warning: variable '__pyx_v_ndim_cl' is used uninitialized whenever switch default is taken [-Wsometimes-uninitialized]
    default: break;
    ^~~~~~~
gpyfft/gpyfftlib.c:3547:80: note: uninitialized use occurs here
  (void)(clfftCreateDefaultPlan((&__pyx_v_self->plan), __pyx_v_context_handle, __pyx_v_ndim_cl, (&(__pyx_v_lengths[0]))));
                                                                               ^~~~~~~~~~~~~~~
gpyfft/gpyfftlib.c:3307:3: note: variable '__pyx_v_ndim_cl' is declared here
  clfftDim __pyx_v_ndim_cl;
  ^
gpyfft/gpyfftlib.c:4781:33: warning: comparison of integers of different signs: 'int' and 'clfftDim' (aka 'enum clfftDim_') [-Wsign-compare]
  for (__pyx_t_4 = 0; __pyx_t_4 < __pyx_t_3; __pyx_t_4+=1) {
                      ~~~~~~~~~ ^ ~~~~~~~~~
gpyfft/gpyfftlib.c:5104:33: warning: comparison of integers of different signs: 'int' and 'clfftDim' (aka 'enum clfftDim_') [-Wsign-compare]
  for (__pyx_t_4 = 0; __pyx_t_4 < __pyx_t_3; __pyx_t_4+=1) {
                      ~~~~~~~~~ ^ ~~~~~~~~~
gpyfft/gpyfftlib.c:9699:3: warning: 'tp_print' is deprecated [-Wdeprecated-declarations]
  0, /*tp_print*/
  ^
/usr/include/python3.8/cpython/object.h:260:5: note: 'tp_print' has been explicitly marked deprecated here
    Py_DEPRECATED(3.8) int (*tp_print)(PyObject *, FILE *, int);
    ^
/usr/include/python3.8/pyport.h:515:54: note: expanded from macro 'Py_DEPRECATED'
#define Py_DEPRECATED(VERSION_UNUSED) __attribute__((__deprecated__))
                                                     ^
gpyfft/gpyfftlib.c:10009:3: warning: 'tp_print' is deprecated [-Wdeprecated-declarations]
  0, /*tp_print*/
  ^
/usr/include/python3.8/cpython/object.h:260:5: note: 'tp_print' has been explicitly marked deprecated here
    Py_DEPRECATED(3.8) int (*tp_print)(PyObject *, FILE *, int);
    ^
/usr/include/python3.8/pyport.h:515:54: note: expanded from macro 'Py_DEPRECATED'
#define Py_DEPRECATED(VERSION_UNUSED) __attribute__((__deprecated__))
                                                     ^
gpyfft/gpyfftlib.c:10102:3: warning: 'tp_print' is deprecated [-Wdeprecated-declarations]
  0, /*tp_print*/
  ^
/usr/include/python3.8/cpython/object.h:260:5: note: 'tp_print' has been explicitly marked deprecated here
    Py_DEPRECATED(3.8) int (*tp_print)(PyObject *, FILE *, int);
    ^
/usr/include/python3.8/pyport.h:515:54: note: expanded from macro 'Py_DEPRECATED'
#define Py_DEPRECATED(VERSION_UNUSED) __attribute__((__deprecated__))
                                                     ^
gpyfft/gpyfftlib.c:10208:3: warning: 'tp_print' is deprecated [-Wdeprecated-declarations]
  0, /*tp_print*/
  ^
/usr/include/python3.8/cpython/object.h:260:5: note: 'tp_print' has been explicitly marked deprecated here
    Py_DEPRECATED(3.8) int (*tp_print)(PyObject *, FILE *, int);
    ^
/usr/include/python3.8/pyport.h:515:54: note: expanded from macro 'Py_DEPRECATED'
#define Py_DEPRECATED(VERSION_UNUSED) __attribute__((__deprecated__))
                                                     ^
gpyfft/gpyfftlib.c:10337:3: warning: 'tp_print' is deprecated [-Wdeprecated-declarations]
  0, /*tp_print*/
  ^
/usr/include/python3.8/cpython/object.h:260:5: note: 'tp_print' has been explicitly marked deprecated here
    Py_DEPRECATED(3.8) int (*tp_print)(PyObject *, FILE *, int);
    ^
/usr/include/python3.8/pyport.h:515:54: note: expanded from macro 'Py_DEPRECATED'
#define Py_DEPRECATED(VERSION_UNUSED) __attribute__((__deprecated__))
                                                     ^
gpyfft/gpyfftlib.c:20025:5: warning: 'tp_print' is deprecated [-Wdeprecated-declarations]
    0,
    ^
/usr/include/python3.8/cpython/object.h:260:5: note: 'tp_print' has been explicitly marked deprecated here
    Py_DEPRECATED(3.8) int (*tp_print)(PyObject *, FILE *, int);
    ^
/usr/include/python3.8/pyport.h:515:54: note: expanded from macro 'Py_DEPRECATED'
#define Py_DEPRECATED(VERSION_UNUSED) __attribute__((__deprecated__))
                                                     ^
gpyfft/gpyfftlib.c:23260:5: warning: 'tp_print' is deprecated [-Wdeprecated-declarations]
    0,
    ^
/usr/include/python3.8/cpython/object.h:260:5: note: 'tp_print' has been explicitly marked deprecated here
    Py_DEPRECATED(3.8) int (*tp_print)(PyObject *, FILE *, int);
    ^
/usr/include/python3.8/pyport.h:515:54: note: expanded from macro 'Py_DEPRECATED'
#define Py_DEPRECATED(VERSION_UNUSED) __attribute__((__deprecated__))
                                                     ^
10 warnings generated.
x86_64-linux-gnu-gcc -pthread -shared -Wl,-O1 -Wl,-Bsymbolic-functions -Wl,-z,relro -g -fwrapv -O2 -Wl,-z,relro -g -O2 -fdebug-prefix-map=/<<PKGBUILDDIR>>=. -fstack-protector-strong -Wformat -Werror=format-security -Wdate-time -D_FORTIFY_SOURCE=2 build/temp.linux-amd64-3.8/gpyfft/gpyfftlib.o -L/usr/local/lib64 -lclFFT -o /<<PKGBUILDDIR>>/.pybuild/cpython3_3.8_gpyfft/build/gpyfft/gpyfftlib.cpython-38-x86_64-linux-gnu.so
I: pybuild base:217: /usr/bin/python3 setup.py build 
running build
running build_py
creating /<<PKGBUILDDIR>>/.pybuild/cpython3_3.7_gpyfft/build/gpyfft
copying gpyfft/__init__.py -> /<<PKGBUILDDIR>>/.pybuild/cpython3_3.7_gpyfft/build/gpyfft
copying gpyfft/version.py -> /<<PKGBUILDDIR>>/.pybuild/cpython3_3.7_gpyfft/build/gpyfft
copying gpyfft/fft.py -> /<<PKGBUILDDIR>>/.pybuild/cpython3_3.7_gpyfft/build/gpyfft
creating /<<PKGBUILDDIR>>/.pybuild/cpython3_3.7_gpyfft/build/gpyfft/test
copying gpyfft/test/__init__.py -> /<<PKGBUILDDIR>>/.pybuild/cpython3_3.7_gpyfft/build/gpyfft/test
copying gpyfft/test/test_callback.py -> /<<PKGBUILDDIR>>/.pybuild/cpython3_3.7_gpyfft/build/gpyfft/test
copying gpyfft/test/test_gpyfft.py -> /<<PKGBUILDDIR>>/.pybuild/cpython3_3.7_gpyfft/build/gpyfft/test
copying gpyfft/test/util.py -> /<<PKGBUILDDIR>>/.pybuild/cpython3_3.7_gpyfft/build/gpyfft/test
copying gpyfft/test/test_batched.py -> /<<PKGBUILDDIR>>/.pybuild/cpython3_3.7_gpyfft/build/gpyfft/test
copying gpyfft/test/test_gpyfftlib.py -> /<<PKGBUILDDIR>>/.pybuild/cpython3_3.7_gpyfft/build/gpyfft/test
running build_ext
building 'gpyfft.gpyfftlib' extension
creating build/temp.linux-amd64-3.7
creating build/temp.linux-amd64-3.7/gpyfft
x86_64-linux-gnu-gcc -pthread -Wno-unused-result -Wsign-compare -DNDEBUG -g -fwrapv -O2 -Wall -g -fstack-protector-strong -Wformat -Werror=format-security -g -fwrapv -O2 -g -O2 -fdebug-prefix-map=/<<PKGBUILDDIR>>=. -fstack-protector-strong -Wformat -Werror=format-security -Wdate-time -D_FORTIFY_SOURCE=2 -fPIC -I/home/gregor/devel/clFFT/src/include -I/opt/AMDAPPSDK-3.0/include -I/usr/include/python3.7m -c gpyfft/gpyfftlib.c -o build/temp.linux-amd64-3.7/gpyfft/gpyfftlib.o
gpyfft/gpyfftlib.c:3537:5: warning: variable '__pyx_v_ndim_cl' is used uninitialized whenever switch default is taken [-Wsometimes-uninitialized]
    default: break;
    ^~~~~~~
gpyfft/gpyfftlib.c:3547:80: note: uninitialized use occurs here
  (void)(clfftCreateDefaultPlan((&__pyx_v_self->plan), __pyx_v_context_handle, __pyx_v_ndim_cl, (&(__pyx_v_lengths[0]))));
                                                                               ^~~~~~~~~~~~~~~
gpyfft/gpyfftlib.c:3307:3: note: variable '__pyx_v_ndim_cl' is declared here
  clfftDim __pyx_v_ndim_cl;
  ^
gpyfft/gpyfftlib.c:4781:33: warning: comparison of integers of different signs: 'int' and 'clfftDim' (aka 'enum clfftDim_') [-Wsign-compare]
  for (__pyx_t_4 = 0; __pyx_t_4 < __pyx_t_3; __pyx_t_4+=1) {
                      ~~~~~~~~~ ^ ~~~~~~~~~
gpyfft/gpyfftlib.c:5104:33: warning: comparison of integers of different signs: 'int' and 'clfftDim' (aka 'enum clfftDim_') [-Wsign-compare]
  for (__pyx_t_4 = 0; __pyx_t_4 < __pyx_t_3; __pyx_t_4+=1) {
                      ~~~~~~~~~ ^ ~~~~~~~~~
3 warnings generated.
x86_64-linux-gnu-gcc -pthread -shared -Wl,-O1 -Wl,-Bsymbolic-functions -Wl,-z,relro -Wl,-z,relro -g -O2 -fdebug-prefix-map=/<<PKGBUILDDIR>>=. -fstack-protector-strong -Wformat -Werror=format-security -Wdate-time -D_FORTIFY_SOURCE=2 build/temp.linux-amd64-3.7/gpyfft/gpyfftlib.o -L/usr/local/lib64 -lclFFT -o /<<PKGBUILDDIR>>/.pybuild/cpython3_3.7_gpyfft/build/gpyfft/gpyfftlib.cpython-37m-x86_64-linux-gnu.so
I: pybuild base:217: /usr/bin/python3.8-dbg setup.py build 
running build
running build_py
creating /<<PKGBUILDDIR>>/.pybuild/cpython3_3.8_dbg_gpyfft/build/gpyfft
copying gpyfft/__init__.py -> /<<PKGBUILDDIR>>/.pybuild/cpython3_3.8_dbg_gpyfft/build/gpyfft
copying gpyfft/version.py -> /<<PKGBUILDDIR>>/.pybuild/cpython3_3.8_dbg_gpyfft/build/gpyfft
copying gpyfft/fft.py -> /<<PKGBUILDDIR>>/.pybuild/cpython3_3.8_dbg_gpyfft/build/gpyfft
creating /<<PKGBUILDDIR>>/.pybuild/cpython3_3.8_dbg_gpyfft/build/gpyfft/test
copying gpyfft/test/__init__.py -> /<<PKGBUILDDIR>>/.pybuild/cpython3_3.8_dbg_gpyfft/build/gpyfft/test
copying gpyfft/test/test_callback.py -> /<<PKGBUILDDIR>>/.pybuild/cpython3_3.8_dbg_gpyfft/build/gpyfft/test
copying gpyfft/test/test_gpyfft.py -> /<<PKGBUILDDIR>>/.pybuild/cpython3_3.8_dbg_gpyfft/build/gpyfft/test
copying gpyfft/test/util.py -> /<<PKGBUILDDIR>>/.pybuild/cpython3_3.8_dbg_gpyfft/build/gpyfft/test
copying gpyfft/test/test_batched.py -> /<<PKGBUILDDIR>>/.pybuild/cpython3_3.8_dbg_gpyfft/build/gpyfft/test
copying gpyfft/test/test_gpyfftlib.py -> /<<PKGBUILDDIR>>/.pybuild/cpython3_3.8_dbg_gpyfft/build/gpyfft/test
running build_ext
building 'gpyfft.gpyfftlib' extension
creating build/temp.linux-amd64-3.8-pydebug
creating build/temp.linux-amd64-3.8-pydebug/gpyfft
x86_64-linux-gnu-gcc -pthread -Wno-unused-result -Wsign-compare -g -Og -Wall -g -Og -fstack-protector-strong -Wformat -Werror=format-security -g -Og -fstack-protector-strong -Wformat -Werror=format-security -g -O2 -fdebug-prefix-map=/<<PKGBUILDDIR>>=. -fstack-protector-strong -Wformat -Werror=format-security -Wdate-time -D_FORTIFY_SOURCE=2 -fPIC -I/home/gregor/devel/clFFT/src/include -I/opt/AMDAPPSDK-3.0/include -I/usr/include/python3.8d -c gpyfft/gpyfftlib.c -o build/temp.linux-amd64-3.8-pydebug/gpyfft/gpyfftlib.o
gpyfft/gpyfftlib.c:3537:5: warning: variable '__pyx_v_ndim_cl' is used uninitialized whenever switch default is taken [-Wsometimes-uninitialized]
    default: break;
    ^~~~~~~
gpyfft/gpyfftlib.c:3547:80: note: uninitialized use occurs here
  (void)(clfftCreateDefaultPlan((&__pyx_v_self->plan), __pyx_v_context_handle, __pyx_v_ndim_cl, (&(__pyx_v_lengths[0]))));
                                                                               ^~~~~~~~~~~~~~~
gpyfft/gpyfftlib.c:3307:3: note: variable '__pyx_v_ndim_cl' is declared here
  clfftDim __pyx_v_ndim_cl;
  ^
gpyfft/gpyfftlib.c:4781:33: warning: comparison of integers of different signs: 'int' and 'clfftDim' (aka 'enum clfftDim_') [-Wsign-compare]
  for (__pyx_t_4 = 0; __pyx_t_4 < __pyx_t_3; __pyx_t_4+=1) {
                      ~~~~~~~~~ ^ ~~~~~~~~~
gpyfft/gpyfftlib.c:5104:33: warning: comparison of integers of different signs: 'int' and 'clfftDim' (aka 'enum clfftDim_') [-Wsign-compare]
  for (__pyx_t_4 = 0; __pyx_t_4 < __pyx_t_3; __pyx_t_4+=1) {
                      ~~~~~~~~~ ^ ~~~~~~~~~
gpyfft/gpyfftlib.c:9699:3: warning: 'tp_print' is deprecated [-Wdeprecated-declarations]
  0, /*tp_print*/
  ^
/usr/include/python3.8d/cpython/object.h:260:5: note: 'tp_print' has been explicitly marked deprecated here
    Py_DEPRECATED(3.8) int (*tp_print)(PyObject *, FILE *, int);
    ^
/usr/include/python3.8d/pyport.h:515:54: note: expanded from macro 'Py_DEPRECATED'
#define Py_DEPRECATED(VERSION_UNUSED) __attribute__((__deprecated__))
                                                     ^
gpyfft/gpyfftlib.c:10009:3: warning: 'tp_print' is deprecated [-Wdeprecated-declarations]
  0, /*tp_print*/
  ^
/usr/include/python3.8d/cpython/object.h:260:5: note: 'tp_print' has been explicitly marked deprecated here
    Py_DEPRECATED(3.8) int (*tp_print)(PyObject *, FILE *, int);
    ^
/usr/include/python3.8d/pyport.h:515:54: note: expanded from macro 'Py_DEPRECATED'
#define Py_DEPRECATED(VERSION_UNUSED) __attribute__((__deprecated__))
                                                     ^
gpyfft/gpyfftlib.c:10102:3: warning: 'tp_print' is deprecated [-Wdeprecated-declarations]
  0, /*tp_print*/
  ^
/usr/include/python3.8d/cpython/object.h:260:5: note: 'tp_print' has been explicitly marked deprecated here
    Py_DEPRECATED(3.8) int (*tp_print)(PyObject *, FILE *, int);
    ^
/usr/include/python3.8d/pyport.h:515:54: note: expanded from macro 'Py_DEPRECATED'
#define Py_DEPRECATED(VERSION_UNUSED) __attribute__((__deprecated__))
                                                     ^
gpyfft/gpyfftlib.c:10208:3: warning: 'tp_print' is deprecated [-Wdeprecated-declarations]
  0, /*tp_print*/
  ^
/usr/include/python3.8d/cpython/object.h:260:5: note: 'tp_print' has been explicitly marked deprecated here
    Py_DEPRECATED(3.8) int (*tp_print)(PyObject *, FILE *, int);
    ^
/usr/include/python3.8d/pyport.h:515:54: note: expanded from macro 'Py_DEPRECATED'
#define Py_DEPRECATED(VERSION_UNUSED) __attribute__((__deprecated__))
                                                     ^
gpyfft/gpyfftlib.c:10337:3: warning: 'tp_print' is deprecated [-Wdeprecated-declarations]
  0, /*tp_print*/
  ^
/usr/include/python3.8d/cpython/object.h:260:5: note: 'tp_print' has been explicitly marked deprecated here
    Py_DEPRECATED(3.8) int (*tp_print)(PyObject *, FILE *, int);
    ^
/usr/include/python3.8d/pyport.h:515:54: note: expanded from macro 'Py_DEPRECATED'
#define Py_DEPRECATED(VERSION_UNUSED) __attribute__((__deprecated__))
                                                     ^
gpyfft/gpyfftlib.c:20025:5: warning: 'tp_print' is deprecated [-Wdeprecated-declarations]
    0,
    ^
/usr/include/python3.8d/cpython/object.h:260:5: note: 'tp_print' has been explicitly marked deprecated here
    Py_DEPRECATED(3.8) int (*tp_print)(PyObject *, FILE *, int);
    ^
/usr/include/python3.8d/pyport.h:515:54: note: expanded from macro 'Py_DEPRECATED'
#define Py_DEPRECATED(VERSION_UNUSED) __attribute__((__deprecated__))
                                                     ^
gpyfft/gpyfftlib.c:23260:5: warning: 'tp_print' is deprecated [-Wdeprecated-declarations]
    0,
    ^
/usr/include/python3.8d/cpython/object.h:260:5: note: 'tp_print' has been explicitly marked deprecated here
    Py_DEPRECATED(3.8) int (*tp_print)(PyObject *, FILE *, int);
    ^
/usr/include/python3.8d/pyport.h:515:54: note: expanded from macro 'Py_DEPRECATED'
#define Py_DEPRECATED(VERSION_UNUSED) __attribute__((__deprecated__))
                                                     ^
10 warnings generated.
x86_64-linux-gnu-gcc -pthread -shared -Wl,-O1 -Wl,-Bsymbolic-functions -Wl,-z,relro -Wl,-z,relro -g -O2 -fdebug-prefix-map=/<<PKGBUILDDIR>>=. -fstack-protector-strong -Wformat -Werror=format-security -Wdate-time -D_FORTIFY_SOURCE=2 build/temp.linux-amd64-3.8-pydebug/gpyfft/gpyfftlib.o -L/usr/local/lib64 -lclFFT -o /<<PKGBUILDDIR>>/.pybuild/cpython3_3.8_dbg_gpyfft/build/gpyfft/gpyfftlib.cpython-38d-x86_64-linux-gnu.so
/usr/lib/python3/dist-packages/Cython/Build/Dependencies.py:752: DeprecationWarning: Using or importing the ABCs from 'collections' instead of from 'collections.abc' is deprecated since Python 3.3, and in 3.9 it will stop working
  elif isinstance(patterns, basestring) or not isinstance(patterns, collections.Iterable):
I: pybuild base:217: /usr/bin/python3-dbg setup.py build 
running build
running build_py
creating /<<PKGBUILDDIR>>/.pybuild/cpython3_3.7_dbg_gpyfft/build/gpyfft
copying gpyfft/__init__.py -> /<<PKGBUILDDIR>>/.pybuild/cpython3_3.7_dbg_gpyfft/build/gpyfft
copying gpyfft/version.py -> /<<PKGBUILDDIR>>/.pybuild/cpython3_3.7_dbg_gpyfft/build/gpyfft
copying gpyfft/fft.py -> /<<PKGBUILDDIR>>/.pybuild/cpython3_3.7_dbg_gpyfft/build/gpyfft
creating /<<PKGBUILDDIR>>/.pybuild/cpython3_3.7_dbg_gpyfft/build/gpyfft/test
copying gpyfft/test/__init__.py -> /<<PKGBUILDDIR>>/.pybuild/cpython3_3.7_dbg_gpyfft/build/gpyfft/test
copying gpyfft/test/test_callback.py -> /<<PKGBUILDDIR>>/.pybuild/cpython3_3.7_dbg_gpyfft/build/gpyfft/test
copying gpyfft/test/test_gpyfft.py -> /<<PKGBUILDDIR>>/.pybuild/cpython3_3.7_dbg_gpyfft/build/gpyfft/test
copying gpyfft/test/util.py -> /<<PKGBUILDDIR>>/.pybuild/cpython3_3.7_dbg_gpyfft/build/gpyfft/test
copying gpyfft/test/test_batched.py -> /<<PKGBUILDDIR>>/.pybuild/cpython3_3.7_dbg_gpyfft/build/gpyfft/test
copying gpyfft/test/test_gpyfftlib.py -> /<<PKGBUILDDIR>>/.pybuild/cpython3_3.7_dbg_gpyfft/build/gpyfft/test
running build_ext
building 'gpyfft.gpyfftlib' extension
creating build/temp.linux-amd64-3.7-pydebug
creating build/temp.linux-amd64-3.7-pydebug/gpyfft
x86_64-linux-gnu-gcc -pthread -Wno-unused-result -Wsign-compare -g -Og -Wall -g -Og -fstack-protector-strong -Wformat -Werror=format-security -g -Og -fstack-protector-strong -Wformat -Werror=format-security -g -O2 -fdebug-prefix-map=/<<PKGBUILDDIR>>=. -fstack-protector-strong -Wformat -Werror=format-security -Wdate-time -D_FORTIFY_SOURCE=2 -fPIC -I/home/gregor/devel/clFFT/src/include -I/opt/AMDAPPSDK-3.0/include -I/usr/include/python3.7dm -c gpyfft/gpyfftlib.c -o build/temp.linux-amd64-3.7-pydebug/gpyfft/gpyfftlib.o
gpyfft/gpyfftlib.c:3537:5: warning: variable '__pyx_v_ndim_cl' is used uninitialized whenever switch default is taken [-Wsometimes-uninitialized]
    default: break;
    ^~~~~~~
gpyfft/gpyfftlib.c:3547:80: note: uninitialized use occurs here
  (void)(clfftCreateDefaultPlan((&__pyx_v_self->plan), __pyx_v_context_handle, __pyx_v_ndim_cl, (&(__pyx_v_lengths[0]))));
                                                                               ^~~~~~~~~~~~~~~
gpyfft/gpyfftlib.c:3307:3: note: variable '__pyx_v_ndim_cl' is declared here
  clfftDim __pyx_v_ndim_cl;
  ^
gpyfft/gpyfftlib.c:4781:33: warning: comparison of integers of different signs: 'int' and 'clfftDim' (aka 'enum clfftDim_') [-Wsign-compare]
  for (__pyx_t_4 = 0; __pyx_t_4 < __pyx_t_3; __pyx_t_4+=1) {
                      ~~~~~~~~~ ^ ~~~~~~~~~
gpyfft/gpyfftlib.c:5104:33: warning: comparison of integers of different signs: 'int' and 'clfftDim' (aka 'enum clfftDim_') [-Wsign-compare]
  for (__pyx_t_4 = 0; __pyx_t_4 < __pyx_t_3; __pyx_t_4+=1) {
                      ~~~~~~~~~ ^ ~~~~~~~~~
3 warnings generated.
x86_64-linux-gnu-gcc -pthread -shared -Wl,-O1 -Wl,-Bsymbolic-functions -Wl,-z,relro -Wl,-z,relro -g -O2 -fdebug-prefix-map=/<<PKGBUILDDIR>>=. -fstack-protector-strong -Wformat -Werror=format-security -Wdate-time -D_FORTIFY_SOURCE=2 build/temp.linux-amd64-3.7-pydebug/gpyfft/gpyfftlib.o -L/usr/local/lib64 -lclFFT -o /<<PKGBUILDDIR>>/.pybuild/cpython3_3.7_dbg_gpyfft/build/gpyfft/gpyfftlib.cpython-37dm-x86_64-linux-gnu.so
/usr/lib/python3/dist-packages/Cython/Build/Dependencies.py:752: DeprecationWarning: Using or importing the ABCs from 'collections' instead of from 'collections.abc' is deprecated since Python 3.3,and in 3.9 it will stop working
  elif isinstance(patterns, basestring) or not isinstance(patterns, collections.Iterable):
   dh_auto_test -O--buildsystem=pybuild
   create-stamp debian/debhelper-build-stamp
 fakeroot debian/rules binary
dh binary --with python3,sphinxdoc --buildsystem=pybuild
   dh_testroot -O--buildsystem=pybuild
   dh_prep -O--buildsystem=pybuild
   dh_auto_install -O--buildsystem=pybuild
I: pybuild base:217: /usr/bin/python3.8 setup.py install --root /<<PKGBUILDDIR>>/debian/python3-gpyfft 
running install
running build
running build_py
running build_ext
running install_lib
creating /<<PKGBUILDDIR>>/debian/python3-gpyfft/usr
creating /<<PKGBUILDDIR>>/debian/python3-gpyfft/usr/lib
creating /<<PKGBUILDDIR>>/debian/python3-gpyfft/usr/lib/python3.8
creating /<<PKGBUILDDIR>>/debian/python3-gpyfft/usr/lib/python3.8/dist-packages
creating /<<PKGBUILDDIR>>/debian/python3-gpyfft/usr/lib/python3.8/dist-packages/gpyfft
copying /<<PKGBUILDDIR>>/.pybuild/cpython3_3.8_gpyfft/build/gpyfft/__init__.py -> /<<PKGBUILDDIR>>/debian/python3-gpyfft/usr/lib/python3.8/dist-packages/gpyfft
copying /<<PKGBUILDDIR>>/.pybuild/cpython3_3.8_gpyfft/build/gpyfft/version.py -> /<<PKGBUILDDIR>>/debian/python3-gpyfft/usr/lib/python3.8/dist-packages/gpyfft
copying /<<PKGBUILDDIR>>/.pybuild/cpython3_3.8_gpyfft/build/gpyfft/fft.py -> /<<PKGBUILDDIR>>/debian/python3-gpyfft/usr/lib/python3.8/dist-packages/gpyfft
creating /<<PKGBUILDDIR>>/debian/python3-gpyfft/usr/lib/python3.8/dist-packages/gpyfft/test
copying /<<PKGBUILDDIR>>/.pybuild/cpython3_3.8_gpyfft/build/gpyfft/test/__init__.py -> /<<PKGBUILDDIR>>/debian/python3-gpyfft/usr/lib/python3.8/dist-packages/gpyfft/test
copying /<<PKGBUILDDIR>>/.pybuild/cpython3_3.8_gpyfft/build/gpyfft/test/test_callback.py -> /<<PKGBUILDDIR>>/debian/python3-gpyfft/usr/lib/python3.8/dist-packages/gpyfft/test
copying /<<PKGBUILDDIR>>/.pybuild/cpython3_3.8_gpyfft/build/gpyfft/test/test_gpyfft.py -> /<<PKGBUILDDIR>>/debian/python3-gpyfft/usr/lib/python3.8/dist-packages/gpyfft/test
copying /<<PKGBUILDDIR>>/.pybuild/cpython3_3.8_gpyfft/build/gpyfft/test/util.py -> /<<PKGBUILDDIR>>/debian/python3-gpyfft/usr/lib/python3.8/dist-packages/gpyfft/test
copying /<<PKGBUILDDIR>>/.pybuild/cpython3_3.8_gpyfft/build/gpyfft/test/test_batched.py -> /<<PKGBUILDDIR>>/debian/python3-gpyfft/usr/lib/python3.8/dist-packages/gpyfft/test
copying /<<PKGBUILDDIR>>/.pybuild/cpython3_3.8_gpyfft/build/gpyfft/test/test_gpyfftlib.py -> /<<PKGBUILDDIR>>/debian/python3-gpyfft/usr/lib/python3.8/dist-packages/gpyfft/test
copying /<<PKGBUILDDIR>>/.pybuild/cpython3_3.8_gpyfft/build/gpyfft/gpyfftlib.cpython-38-x86_64-linux-gnu.so -> /<<PKGBUILDDIR>>/debian/python3-gpyfft/usr/lib/python3.8/dist-packages/gpyfft
byte-compiling /<<PKGBUILDDIR>>/debian/python3-gpyfft/usr/lib/python3.8/dist-packages/gpyfft/__init__.py to __init__.cpython-38.pyc
byte-compiling /<<PKGBUILDDIR>>/debian/python3-gpyfft/usr/lib/python3.8/dist-packages/gpyfft/version.py to version.cpython-38.pyc
byte-compiling /<<PKGBUILDDIR>>/debian/python3-gpyfft/usr/lib/python3.8/dist-packages/gpyfft/fft.py to fft.cpython-38.pyc
byte-compiling /<<PKGBUILDDIR>>/debian/python3-gpyfft/usr/lib/python3.8/dist-packages/gpyfft/test/__init__.py to __init__.cpython-38.pyc
byte-compiling /<<PKGBUILDDIR>>/debian/python3-gpyfft/usr/lib/python3.8/dist-packages/gpyfft/test/test_callback.py to test_callback.cpython-38.pyc
byte-compiling /<<PKGBUILDDIR>>/debian/python3-gpyfft/usr/lib/python3.8/dist-packages/gpyfft/test/test_gpyfft.py to test_gpyfft.cpython-38.pyc
byte-compiling /<<PKGBUILDDIR>>/debian/python3-gpyfft/usr/lib/python3.8/dist-packages/gpyfft/test/util.py to util.cpython-38.pyc
byte-compiling /<<PKGBUILDDIR>>/debian/python3-gpyfft/usr/lib/python3.8/dist-packages/gpyfft/test/test_batched.py to test_batched.cpython-38.pyc
byte-compiling /<<PKGBUILDDIR>>/debian/python3-gpyfft/usr/lib/python3.8/dist-packages/gpyfft/test/test_gpyfftlib.py to test_gpyfftlib.cpython-38.pyc
running install_egg_info
running egg_info
creating gpyfft.egg-info
writing gpyfft.egg-info/PKG-INFO
writing dependency_links to gpyfft.egg-info/dependency_links.txt
writing requirements to gpyfft.egg-info/requires.txt
writing top-level names to gpyfft.egg-info/top_level.txt
writing manifest file 'gpyfft.egg-info/SOURCES.txt'
reading manifest file 'gpyfft.egg-info/SOURCES.txt'
reading manifest template 'MANIFEST.in'
warning: no files found matching 'README.rst'
writing manifest file 'gpyfft.egg-info/SOURCES.txt'
Copying gpyfft.egg-info to /<<PKGBUILDDIR>>/debian/python3-gpyfft/usr/lib/python3.8/dist-packages/gpyfft-0.7.0.egg-info
Skipping SOURCES.txt
running install_scripts
I: pybuild pybuild:298: dh_numpy3
I: pybuild base:217: /usr/bin/python3 setup.py install --root /<<PKGBUILDDIR>>/debian/python3-gpyfft 
running install
running build
running build_py
running build_ext
running install_lib
creating /<<PKGBUILDDIR>>/debian/python3-gpyfft/usr/lib/python3.7
creating /<<PKGBUILDDIR>>/debian/python3-gpyfft/usr/lib/python3.7/dist-packages
creating /<<PKGBUILDDIR>>/debian/python3-gpyfft/usr/lib/python3.7/dist-packages/gpyfft
copying /<<PKGBUILDDIR>>/.pybuild/cpython3_3.7_gpyfft/build/gpyfft/__init__.py -> /<<PKGBUILDDIR>>/debian/python3-gpyfft/usr/lib/python3.7/dist-packages/gpyfft
copying /<<PKGBUILDDIR>>/.pybuild/cpython3_3.7_gpyfft/build/gpyfft/gpyfftlib.cpython-37m-x86_64-linux-gnu.so -> /<<PKGBUILDDIR>>/debian/python3-gpyfft/usr/lib/python3.7/dist-packages/gpyfft
copying /<<PKGBUILDDIR>>/.pybuild/cpython3_3.7_gpyfft/build/gpyfft/version.py -> /<<PKGBUILDDIR>>/debian/python3-gpyfft/usr/lib/python3.7/dist-packages/gpyfft
copying /<<PKGBUILDDIR>>/.pybuild/cpython3_3.7_gpyfft/build/gpyfft/fft.py -> /<<PKGBUILDDIR>>/debian/python3-gpyfft/usr/lib/python3.7/dist-packages/gpyfft
creating /<<PKGBUILDDIR>>/debian/python3-gpyfft/usr/lib/python3.7/dist-packages/gpyfft/test
copying /<<PKGBUILDDIR>>/.pybuild/cpython3_3.7_gpyfft/build/gpyfft/test/__init__.py -> /<<PKGBUILDDIR>>/debian/python3-gpyfft/usr/lib/python3.7/dist-packages/gpyfft/test
copying /<<PKGBUILDDIR>>/.pybuild/cpython3_3.7_gpyfft/build/gpyfft/test/test_callback.py -> /<<PKGBUILDDIR>>/debian/python3-gpyfft/usr/lib/python3.7/dist-packages/gpyfft/test
copying /<<PKGBUILDDIR>>/.pybuild/cpython3_3.7_gpyfft/build/gpyfft/test/test_gpyfft.py -> /<<PKGBUILDDIR>>/debian/python3-gpyfft/usr/lib/python3.7/dist-packages/gpyfft/test
copying /<<PKGBUILDDIR>>/.pybuild/cpython3_3.7_gpyfft/build/gpyfft/test/util.py -> /<<PKGBUILDDIR>>/debian/python3-gpyfft/usr/lib/python3.7/dist-packages/gpyfft/test
copying /<<PKGBUILDDIR>>/.pybuild/cpython3_3.7_gpyfft/build/gpyfft/test/test_batched.py -> /<<PKGBUILDDIR>>/debian/python3-gpyfft/usr/lib/python3.7/dist-packages/gpyfft/test
copying /<<PKGBUILDDIR>>/.pybuild/cpython3_3.7_gpyfft/build/gpyfft/test/test_gpyfftlib.py -> /<<PKGBUILDDIR>>/debian/python3-gpyfft/usr/lib/python3.7/dist-packages/gpyfft/test
byte-compiling /<<PKGBUILDDIR>>/debian/python3-gpyfft/usr/lib/python3.7/dist-packages/gpyfft/__init__.py to __init__.cpython-37.pyc
byte-compiling /<<PKGBUILDDIR>>/debian/python3-gpyfft/usr/lib/python3.7/dist-packages/gpyfft/version.py to version.cpython-37.pyc
byte-compiling /<<PKGBUILDDIR>>/debian/python3-gpyfft/usr/lib/python3.7/dist-packages/gpyfft/fft.py to fft.cpython-37.pyc
byte-compiling /<<PKGBUILDDIR>>/debian/python3-gpyfft/usr/lib/python3.7/dist-packages/gpyfft/test/__init__.py to __init__.cpython-37.pyc
byte-compiling /<<PKGBUILDDIR>>/debian/python3-gpyfft/usr/lib/python3.7/dist-packages/gpyfft/test/test_callback.py to test_callback.cpython-37.pyc
byte-compiling /<<PKGBUILDDIR>>/debian/python3-gpyfft/usr/lib/python3.7/dist-packages/gpyfft/test/test_gpyfft.py to test_gpyfft.cpython-37.pyc
byte-compiling /<<PKGBUILDDIR>>/debian/python3-gpyfft/usr/lib/python3.7/dist-packages/gpyfft/test/util.py to util.cpython-37.pyc
byte-compiling /<<PKGBUILDDIR>>/debian/python3-gpyfft/usr/lib/python3.7/dist-packages/gpyfft/test/test_batched.py to test_batched.cpython-37.pyc
byte-compiling /<<PKGBUILDDIR>>/debian/python3-gpyfft/usr/lib/python3.7/dist-packages/gpyfft/test/test_gpyfftlib.py to test_gpyfftlib.cpython-37.pyc
running install_egg_info
running egg_info
writing gpyfft.egg-info/PKG-INFO
writing dependency_links to gpyfft.egg-info/dependency_links.txt
writing requirements to gpyfft.egg-info/requires.txt
writing top-level names to gpyfft.egg-info/top_level.txt
reading manifest file 'gpyfft.egg-info/SOURCES.txt'
reading manifest template 'MANIFEST.in'
warning: no files found matching 'README.rst'
writing manifest file 'gpyfft.egg-info/SOURCES.txt'
Copying gpyfft.egg-info to /<<PKGBUILDDIR>>/debian/python3-gpyfft/usr/lib/python3.7/dist-packages/gpyfft-0.7.0.egg-info
Skipping SOURCES.txt
running install_scripts
I: pybuild pybuild:298: dh_numpy3
I: pybuild base:217: /usr/bin/python3.8-dbg setup.py install --root /<<PKGBUILDDIR>>/debian/python3-gpyfft-dbg 
running install
running build
running build_py
running build_ext
running install_lib
creating /<<PKGBUILDDIR>>/debian/python3-gpyfft-dbg/usr
creating /<<PKGBUILDDIR>>/debian/python3-gpyfft-dbg/usr/lib
creating /<<PKGBUILDDIR>>/debian/python3-gpyfft-dbg/usr/lib/python3.8
creating /<<PKGBUILDDIR>>/debian/python3-gpyfft-dbg/usr/lib/python3.8/dist-packages
creating /<<PKGBUILDDIR>>/debian/python3-gpyfft-dbg/usr/lib/python3.8/dist-packages/gpyfft
copying /<<PKGBUILDDIR>>/.pybuild/cpython3_3.8_dbg_gpyfft/build/gpyfft/__init__.py -> /<<PKGBUILDDIR>>/debian/python3-gpyfft-dbg/usr/lib/python3.8/dist-packages/gpyfft
copying /<<PKGBUILDDIR>>/.pybuild/cpython3_3.8_dbg_gpyfft/build/gpyfft/version.py -> /<<PKGBUILDDIR>>/debian/python3-gpyfft-dbg/usr/lib/python3.8/dist-packages/gpyfft
copying /<<PKGBUILDDIR>>/.pybuild/cpython3_3.8_dbg_gpyfft/build/gpyfft/fft.py -> /<<PKGBUILDDIR>>/debian/python3-gpyfft-dbg/usr/lib/python3.8/dist-packages/gpyfft
creating /<<PKGBUILDDIR>>/debian/python3-gpyfft-dbg/usr/lib/python3.8/dist-packages/gpyfft/test
copying /<<PKGBUILDDIR>>/.pybuild/cpython3_3.8_dbg_gpyfft/build/gpyfft/test/__init__.py -> /<<PKGBUILDDIR>>/debian/python3-gpyfft-dbg/usr/lib/python3.8/dist-packages/gpyfft/test
copying /<<PKGBUILDDIR>>/.pybuild/cpython3_3.8_dbg_gpyfft/build/gpyfft/test/test_callback.py -> /<<PKGBUILDDIR>>/debian/python3-gpyfft-dbg/usr/lib/python3.8/dist-packages/gpyfft/test
copying /<<PKGBUILDDIR>>/.pybuild/cpython3_3.8_dbg_gpyfft/build/gpyfft/test/test_gpyfft.py -> /<<PKGBUILDDIR>>/debian/python3-gpyfft-dbg/usr/lib/python3.8/dist-packages/gpyfft/test
copying /<<PKGBUILDDIR>>/.pybuild/cpython3_3.8_dbg_gpyfft/build/gpyfft/test/util.py -> /<<PKGBUILDDIR>>/debian/python3-gpyfft-dbg/usr/lib/python3.8/dist-packages/gpyfft/test
copying /<<PKGBUILDDIR>>/.pybuild/cpython3_3.8_dbg_gpyfft/build/gpyfft/test/test_batched.py -> /<<PKGBUILDDIR>>/debian/python3-gpyfft-dbg/usr/lib/python3.8/dist-packages/gpyfft/test
copying /<<PKGBUILDDIR>>/.pybuild/cpython3_3.8_dbg_gpyfft/build/gpyfft/test/test_gpyfftlib.py -> /<<PKGBUILDDIR>>/debian/python3-gpyfft-dbg/usr/lib/python3.8/dist-packages/gpyfft/test
copying /<<PKGBUILDDIR>>/.pybuild/cpython3_3.8_dbg_gpyfft/build/gpyfft/gpyfftlib.cpython-38d-x86_64-linux-gnu.so -> /<<PKGBUILDDIR>>/debian/python3-gpyfft-dbg/usr/lib/python3.8/dist-packages/gpyfft
byte-compiling /<<PKGBUILDDIR>>/debian/python3-gpyfft-dbg/usr/lib/python3.8/dist-packages/gpyfft/__init__.py to __init__.cpython-38.pyc
byte-compiling /<<PKGBUILDDIR>>/debian/python3-gpyfft-dbg/usr/lib/python3.8/dist-packages/gpyfft/version.py to version.cpython-38.pyc
byte-compiling /<<PKGBUILDDIR>>/debian/python3-gpyfft-dbg/usr/lib/python3.8/dist-packages/gpyfft/fft.py to fft.cpython-38.pyc
byte-compiling /<<PKGBUILDDIR>>/debian/python3-gpyfft-dbg/usr/lib/python3.8/dist-packages/gpyfft/test/__init__.py to __init__.cpython-38.pyc
byte-compiling /<<PKGBUILDDIR>>/debian/python3-gpyfft-dbg/usr/lib/python3.8/dist-packages/gpyfft/test/test_callback.py to test_callback.cpython-38.pyc
byte-compiling /<<PKGBUILDDIR>>/debian/python3-gpyfft-dbg/usr/lib/python3.8/dist-packages/gpyfft/test/test_gpyfft.py to test_gpyfft.cpython-38.pyc
byte-compiling /<<PKGBUILDDIR>>/debian/python3-gpyfft-dbg/usr/lib/python3.8/dist-packages/gpyfft/test/util.py to util.cpython-38.pyc
byte-compiling /<<PKGBUILDDIR>>/debian/python3-gpyfft-dbg/usr/lib/python3.8/dist-packages/gpyfft/test/test_batched.py to test_batched.cpython-38.pyc
byte-compiling /<<PKGBUILDDIR>>/debian/python3-gpyfft-dbg/usr/lib/python3.8/dist-packages/gpyfft/test/test_gpyfftlib.py to test_gpyfftlib.cpython-38.pyc
running install_egg_info
running egg_info
writing gpyfft.egg-info/PKG-INFO
writing dependency_links to gpyfft.egg-info/dependency_links.txt
writing requirements to gpyfft.egg-info/requires.txt
writing top-level names to gpyfft.egg-info/top_level.txt
reading manifest file 'gpyfft.egg-info/SOURCES.txt'
reading manifest template 'MANIFEST.in'
/usr/lib/python3/dist-packages/Cython/Build/Dependencies.py:752: DeprecationWarning: Using or importing the ABCs from 'collections' instead of from 'collections.abc' is deprecated since Python 3.3, and in 3.9 it will stop working
  elif isinstance(patterns, basestring) or not isinstance(patterns, collections.Iterable):
warning: no files found matching 'README.rst'
writing manifest file 'gpyfft.egg-info/SOURCES.txt'
Copying gpyfft.egg-info to /<<PKGBUILDDIR>>/debian/python3-gpyfft-dbg/usr/lib/python3.8/dist-packages/gpyfft-0.7.0.egg-info
Skipping SOURCES.txt
running install_scripts
/usr/lib/python3.8/distutils/dist.py:858: DeprecationWarning: bdist_wininst command is deprecated since Python 3.8, use bdist_wheel (wheel packages) instead
  cmd_obj = self.command_obj[command] = klass(self)
I: pybuild base:217: /usr/bin/python3-dbg setup.py install --root /<<PKGBUILDDIR>>/debian/python3-gpyfft-dbg 
running install
running build
running build_py
running build_ext
running install_lib
creating /<<PKGBUILDDIR>>/debian/python3-gpyfft-dbg/usr/lib/python3.7
creating /<<PKGBUILDDIR>>/debian/python3-gpyfft-dbg/usr/lib/python3.7/dist-packages
creating /<<PKGBUILDDIR>>/debian/python3-gpyfft-dbg/usr/lib/python3.7/dist-packages/gpyfft
copying /<<PKGBUILDDIR>>/.pybuild/cpython3_3.7_dbg_gpyfft/build/gpyfft/__init__.py -> /<<PKGBUILDDIR>>/debian/python3-gpyfft-dbg/usr/lib/python3.7/dist-packages/gpyfft
copying /<<PKGBUILDDIR>>/.pybuild/cpython3_3.7_dbg_gpyfft/build/gpyfft/gpyfftlib.cpython-37dm-x86_64-linux-gnu.so -> /<<PKGBUILDDIR>>/debian/python3-gpyfft-dbg/usr/lib/python3.7/dist-packages/gpyfft
copying /<<PKGBUILDDIR>>/.pybuild/cpython3_3.7_dbg_gpyfft/build/gpyfft/version.py -> /<<PKGBUILDDIR>>/debian/python3-gpyfft-dbg/usr/lib/python3.7/dist-packages/gpyfft
copying /<<PKGBUILDDIR>>/.pybuild/cpython3_3.7_dbg_gpyfft/build/gpyfft/fft.py -> /<<PKGBUILDDIR>>/debian/python3-gpyfft-dbg/usr/lib/python3.7/dist-packages/gpyfft
creating /<<PKGBUILDDIR>>/debian/python3-gpyfft-dbg/usr/lib/python3.7/dist-packages/gpyfft/test
copying /<<PKGBUILDDIR>>/.pybuild/cpython3_3.7_dbg_gpyfft/build/gpyfft/test/__init__.py -> /<<PKGBUILDDIR>>/debian/python3-gpyfft-dbg/usr/lib/python3.7/dist-packages/gpyfft/test
copying /<<PKGBUILDDIR>>/.pybuild/cpython3_3.7_dbg_gpyfft/build/gpyfft/test/test_callback.py -> /<<PKGBUILDDIR>>/debian/python3-gpyfft-dbg/usr/lib/python3.7/dist-packages/gpyfft/test
copying /<<PKGBUILDDIR>>/.pybuild/cpython3_3.7_dbg_gpyfft/build/gpyfft/test/test_gpyfft.py -> /<<PKGBUILDDIR>>/debian/python3-gpyfft-dbg/usr/lib/python3.7/dist-packages/gpyfft/test
copying /<<PKGBUILDDIR>>/.pybuild/cpython3_3.7_dbg_gpyfft/build/gpyfft/test/util.py -> /<<PKGBUILDDIR>>/debian/python3-gpyfft-dbg/usr/lib/python3.7/dist-packages/gpyfft/test
copying /<<PKGBUILDDIR>>/.pybuild/cpython3_3.7_dbg_gpyfft/build/gpyfft/test/test_batched.py -> /<<PKGBUILDDIR>>/debian/python3-gpyfft-dbg/usr/lib/python3.7/dist-packages/gpyfft/test
copying /<<PKGBUILDDIR>>/.pybuild/cpython3_3.7_dbg_gpyfft/build/gpyfft/test/test_gpyfftlib.py -> /<<PKGBUILDDIR>>/debian/python3-gpyfft-dbg/usr/lib/python3.7/dist-packages/gpyfft/test
byte-compiling /<<PKGBUILDDIR>>/debian/python3-gpyfft-dbg/usr/lib/python3.7/dist-packages/gpyfft/__init__.py to __init__.cpython-37.pyc
byte-compiling /<<PKGBUILDDIR>>/debian/python3-gpyfft-dbg/usr/lib/python3.7/dist-packages/gpyfft/version.py to version.cpython-37.pyc
byte-compiling /<<PKGBUILDDIR>>/debian/python3-gpyfft-dbg/usr/lib/python3.7/dist-packages/gpyfft/fft.py to fft.cpython-37.pyc
byte-compiling /<<PKGBUILDDIR>>/debian/python3-gpyfft-dbg/usr/lib/python3.7/dist-packages/gpyfft/test/__init__.py to __init__.cpython-37.pyc
byte-compiling /<<PKGBUILDDIR>>/debian/python3-gpyfft-dbg/usr/lib/python3.7/dist-packages/gpyfft/test/test_callback.py to test_callback.cpython-37.pyc
byte-compiling /<<PKGBUILDDIR>>/debian/python3-gpyfft-dbg/usr/lib/python3.7/dist-packages/gpyfft/test/test_gpyfft.py to test_gpyfft.cpython-37.pyc
byte-compiling /<<PKGBUILDDIR>>/debian/python3-gpyfft-dbg/usr/lib/python3.7/dist-packages/gpyfft/test/util.py to util.cpython-37.pyc
byte-compiling /<<PKGBUILDDIR>>/debian/python3-gpyfft-dbg/usr/lib/python3.7/dist-packages/gpyfft/test/test_batched.py to test_batched.cpython-37.pyc
byte-compiling /<<PKGBUILDDIR>>/debian/python3-gpyfft-dbg/usr/lib/python3.7/dist-packages/gpyfft/test/test_gpyfftlib.py to test_gpyfftlib.cpython-37.pyc
running install_egg_info
running egg_info
writing gpyfft.egg-info/PKG-INFO
writing dependency_links to gpyfft.egg-info/dependency_links.txt
writing requirements to gpyfft.egg-info/requires.txt
writing top-level names to gpyfft.egg-info/top_level.txt
reading manifest file 'gpyfft.egg-info/SOURCES.txt'
reading manifest template 'MANIFEST.in'
/usr/lib/python3/dist-packages/Cython/Build/Dependencies.py:752: DeprecationWarning: Using or importing the ABCs from 'collections' instead of from 'collections.abc' is deprecated since Python 3.3,and in 3.9 it will stop working
  elif isinstance(patterns, basestring) or not isinstance(patterns, collections.Iterable):
warning: no files found matching 'README.rst'
writing manifest file 'gpyfft.egg-info/SOURCES.txt'
Copying gpyfft.egg-info to /<<PKGBUILDDIR>>/debian/python3-gpyfft-dbg/usr/lib/python3.7/dist-packages/gpyfft-0.7.0.egg-info
Skipping SOURCES.txt
running install_scripts
   dh_installdocs -O--buildsystem=pybuild
   debian/rules override_dh_sphinxdoc
make[1]: Entering directory '/<<PKGBUILDDIR>>'
PYBUILD_SYSTEM=custom \
PYBUILD_BUILD_ARGS="cd docs && PYTHONPATH={build_dir} http_proxy='127.0.0.1:9' {interpreter} -m sphinx -N -bhtml source build/html" dh_auto_build  # HTML generator
I: pybuild base:217: cd docs && PYTHONPATH=/<<PKGBUILDDIR>>/.pybuild/cpython3_3.8_gpyfft/build http_proxy='127.0.0.1:9' python3.8 -m sphinx -N -bhtml source build/html
Running Sphinx v1.8.5
making output directory...
building [mo]: targets for 0 po files that are out of date
building [html]: targets for 7 source files that are out of date
updating environment: 7 added, 0 changed, 0 removed
reading sources... [ 14%] building
reading sources... [ 28%] code
reading sources... [ 42%] gpyfft
reading sources... [ 57%] gpyfft_error
reading sources... [ 71%] includeme
reading sources... [ 85%] index
reading sources... [100%] plan

WARNING: missing attribute foo1 in object gpyfft.GpyFFT
WARNING: missing attribute fn_with_sphinxy_docstring in object gpyfft.GpyFFT
docstring of gpyfft.GpyFFT:19: WARNING: Unknown directive type "autosummary".

.. autosummary::
   :toctree:

   create_plan
   get_version
docstring of gpyfft.GpyFFT.create_plan:29: WARNING: Block quote ends without a blank line; unexpected unindent.
docstring of gpyfft.GpyFFT_Error:18: WARNING: Unknown directive type "autosummary".

.. autosummary::
   :toctree:

   args
docstring of gpyfft.GpyFFT_Error:25: WARNING: Unknown directive type "autosummary".

.. autosummary::
   :toctree:

   with_traceback
/<<PKGBUILDDIR>>/docs/source/includeme.rst:1: WARNING: Problems with "include" directive path:
InputError: [Errno 2] No such file or directory: '../README.rst'.
WARNING: missing attribute get_dim in object gpyfft.Plan
docstring of gpyfft.Plan:36: WARNING: Unknown directive type "autosummary".

.. autosummary::
   :toctree:

   batch_size
   distances
   inplace
   layouts
   precision
   scale_backward
   scale_forward
   shape
   strides_in
   strides_out
   temp_array_size
   transpose_result
docstring of gpyfft.Plan:54: WARNING: Unknown directive type "autosummary".

.. autosummary::
   :toctree:

   bake
   enqueue_transform
   set_callback
docstring of gpyfft.Plan.__init__:31: WARNING: Block quote ends without a blank line; unexpected unindent.
looking for now-outdated files... none found
pickling environment... done
checking consistency... done
preparing documents... done
writing output... [ 14%] building
writing output... [ 28%] code
writing output... [ 42%] gpyfft
writing output... [ 57%] gpyfft_error
writing output... [ 71%] includeme
writing output... [ 85%] index
writing output... [100%] plan

/<<PKGBUILDDIR>>/docs/source/index.rst:9: WARNING: toctree contains reference to document 'includeme' that doesn't have a title: no link will be generated
generating indices... genindex py-modindex
writing additional pages... search
copying static files... WARNING: html_static_path entry '/<<PKGBUILDDIR>>/docs/source/_static' does not exist
done
copying extra files... done
dumping search index in English (code: en) ... done
dumping object inventory... done
build succeeded, 13 warnings.

The HTML pages are in build/html.
I: pybuild base:217: cd docs && PYTHONPATH=/<<PKGBUILDDIR>>/.pybuild/cpython3_3.7_gpyfft/build http_proxy='127.0.0.1:9' python3.7 -m sphinx -N -bhtml source build/html
Running Sphinx v1.8.5
loading pickled environment... failed: unsupported pickle protocol: 5
building [mo]: targets for 0 po files that are out of date
building [html]: targets for 7 source files that are out of date
updating environment: 7 added, 0 changed, 0 removed
reading sources... [ 14%] building
reading sources... [ 28%] code
reading sources... [ 42%] gpyfft
reading sources... [ 57%] gpyfft_error
reading sources... [ 71%] includeme
reading sources... [ 85%] index
reading sources... [100%] plan

WARNING: missing attribute foo1 in object gpyfft.GpyFFT
WARNING: missing attribute fn_with_sphinxy_docstring in object gpyfft.GpyFFT
docstring of gpyfft.GpyFFT:19: WARNING: Unknown directive type "autosummary".

.. autosummary::
   :toctree:

   create_plan
   get_version
docstring of gpyfft.GpyFFT.create_plan:29: WARNING: Block quote ends without a blank line; unexpected unindent.
docstring of gpyfft.GpyFFT_Error:18: WARNING: Unknown directive type "autosummary".

.. autosummary::
   :toctree:

   args
docstring of gpyfft.GpyFFT_Error:25: WARNING: Unknown directive type "autosummary".

.. autosummary::
   :toctree:

   with_traceback
/<<PKGBUILDDIR>>/docs/source/includeme.rst:1: WARNING: Problems with "include" directive path:
InputError: [Errno 2] No such file or directory: '../README.rst'.
WARNING: missing attribute get_dim in object gpyfft.Plan
docstring of gpyfft.Plan:36: WARNING: Unknown directive type "autosummary".

.. autosummary::
   :toctree:

   batch_size
   distances
   inplace
   layouts
   precision
   scale_backward
   scale_forward
   shape
   strides_in
   strides_out
   temp_array_size
   transpose_result
docstring of gpyfft.Plan:54: WARNING: Unknown directive type "autosummary".

.. autosummary::
   :toctree:

   bake
   enqueue_transform
   set_callback
docstring of gpyfft.Plan.__init__:31: WARNING: Block quote ends without a blank line; unexpected unindent.
looking for now-outdated files... none found
pickling environment... done
checking consistency... done
preparing documents... done
writing output... [ 14%] building
writing output... [ 28%] code
writing output... [ 42%] gpyfft
writing output... [ 57%] gpyfft_error
writing output... [ 71%] includeme
writing output... [ 85%] index
writing output... [100%] plan

/<<PKGBUILDDIR>>/docs/source/index.rst:9: WARNING: toctree contains reference to document 'includeme' that doesn't have a title: no link will be generated
generating indices... genindex py-modindex
writing additional pages... search
copying static files... WARNING: html_static_path entry '/<<PKGBUILDDIR>>/docs/source/_static' does not exist
done
copying extra files... done
dumping search index in English (code: en) ... done
dumping object inventory... done
build succeeded, 13 warnings.

The HTML pages are in build/html.
I: pybuild base:217: cd docs && PYTHONPATH=/<<PKGBUILDDIR>>/.pybuild/cpython3_3.8_dbg_gpyfft/build http_proxy='127.0.0.1:9' python3.8-dbg -m sphinx -N -bhtml source build/html
Running Sphinx v1.8.5
loading pickled environment... done
building [mo]: targets for 0 po files that are out of date
building [html]: targets for 0 source files that are out of date
updating environment: [] 0 added, 1 changed, 0 removed
reading sources... [100%] includeme

/usr/lib/python3/dist-packages/jinja2/utils.py:485: DeprecationWarning: Using or importing the ABCs from 'collections' instead of from 'collections.abc' is deprecated since Python 3.3, and in 3.9 it will stop working
  from collections import MutableMapping
/usr/lib/python3/dist-packages/jinja2/runtime.py:318: DeprecationWarning: Using or importing the ABCs from 'collections' instead of from 'collections.abc' is deprecated since Python 3.3, and in 3.9 it will stop working
  from collections import Mapping
/usr/lib/python3/dist-packages/jinja2/sandbox.py:82: DeprecationWarning: Using or importing the ABCs from 'collections' instead of from 'collections.abc' is deprecated since Python 3.3, and in 3.9 it will stop working
  from collections import MutableSet, MutableMapping, MutableSequence
/<<PKGBUILDDIR>>/docs/source/includeme.rst:1: WARNING: Problems with "include" directive path:
InputError: [Errno 2] No such file or directory: '../README.rst'.
looking for now-outdated files... none found
pickling environment... done
checking consistency... done
preparing documents... done
writing output... [ 50%] includeme
writing output... [100%] index

/<<PKGBUILDDIR>>/docs/source/index.rst:9: WARNING: toctree contains reference to document 'includeme' that doesn't have a title: no link will be generated
generating indices... genindex py-modindex
writing additional pages... search
copying static files... WARNING: html_static_path entry '/<<PKGBUILDDIR>>/docs/source/_static' does not exist
done
copying extra files... done
dumping search index in English (code: en) ... done
dumping object inventory... done
build succeeded, 3 warnings.

The HTML pages are in build/html.
I: pybuild base:217: cd docs && PYTHONPATH=/<<PKGBUILDDIR>>/.pybuild/cpython3_3.7_dbg_gpyfft/build http_proxy='127.0.0.1:9' python3.7-dbg -m sphinx -N -bhtml source build/html
Running Sphinx v1.8.5
loading pickled environment... failed: unsupported pickle protocol: 5
building [mo]: targets for 0 po files that are out of date
building [html]: targets for 7 source files that are out of date
updating environment: 7 added, 0 changed, 0 removed
reading sources... [ 14%] building
reading sources... [ 28%] code
reading sources... [ 42%] gpyfft
reading sources... [ 57%] gpyfft_error
reading sources... [ 71%] includeme
reading sources... [ 85%] index
reading sources... [100%] plan

/usr/lib/python3/dist-packages/jinja2/utils.py:485: DeprecationWarning: Using or importing the ABCs from 'collections' instead of from 'collections.abc' is deprecated since Python 3.3,and in 3.9 it will stop working
  from collections import MutableMapping
/usr/lib/python3/dist-packages/jinja2/runtime.py:318: DeprecationWarning: Using or importing the ABCs from 'collections' instead of from 'collections.abc' is deprecated since Python 3.3,and in 3.9 it will stop working
  from collections import Mapping
/usr/lib/python3/dist-packages/jinja2/sandbox.py:82: DeprecationWarning: Using or importing the ABCs from 'collections' instead of from 'collections.abc' is deprecated since Python 3.3,and in 3.9 it will stop working
  from collections import MutableSet, MutableMapping, MutableSequence
WARNING: autodoc: failed to import module 'gpyfft'; the following exception was raised:
/usr/lib/python3/dist-packages/pyopencl/_cl.cpython-37dm-x86_64-linux-gnu.so: undefined symbol: PyModule_Create2
WARNING: autodoc: failed to import class 'GpyFFT' from module 'gpyfft'; the following exception was raised:
Traceback (most recent call last):
  File "/usr/lib/python3/dist-packages/sphinx/ext/autodoc/importer.py", line 154, in import_module
    __import__(modname)
  File "/<<PKGBUILDDIR>>/.pybuild/cpython3_3.7_dbg_gpyfft/build/gpyfft/__init__.py", line 6, in <module>
    from .gpyfftlib import GpyFFT, GpyFFT_Error, Plan
  File "gpyfft/gpyfftlib.pyx", line 57, in init gpyfft.gpyfftlib
AttributeError: type object 'gpyfft.gpyfftlib.GpyFFT' has no attribute '__reduce_cython__'

WARNING: autodoc: failed to import class 'GpyFFT_Error' from module 'gpyfft'; the following exception was raised:
Traceback (most recent call last):
  File "/usr/lib/python3/dist-packages/sphinx/ext/autodoc/importer.py", line 154, in import_module
    __import__(modname)
  File "/<<PKGBUILDDIR>>/.pybuild/cpython3_3.7_dbg_gpyfft/build/gpyfft/__init__.py", line 6, in <module>
    from .gpyfftlib import GpyFFT, GpyFFT_Error, Plan
  File "gpyfft/gpyfftlib.pyx", line 57, in init gpyfft.gpyfftlib
AttributeError: type object 'gpyfft.gpyfftlib.GpyFFT' has no attribute '__reduce_cython__'

/<<PKGBUILDDIR>>/docs/source/includeme.rst:1: WARNING: Problems with "include" directive path:
InputError: [Errno 2] No such file or directory: '../README.rst'.
WARNING: autodoc: failed to import class 'Plan' from module 'gpyfft'; the following exception was raised:
Traceback (most recent call last):
  File "/usr/lib/python3/dist-packages/sphinx/ext/autodoc/importer.py", line 154, in import_module
    __import__(modname)
  File "/<<PKGBUILDDIR>>/.pybuild/cpython3_3.7_dbg_gpyfft/build/gpyfft/__init__.py", line 6, in <module>
    from .gpyfftlib import GpyFFT, GpyFFT_Error, Plan
  File "gpyfft/gpyfftlib.pyx", line 57, in init gpyfft.gpyfftlib
AttributeError: type object 'gpyfft.gpyfftlib.GpyFFT' has no attribute '__reduce_cython__'

looking for now-outdated files... none found
pickling environment... done
checking consistency... done
preparing documents... done
writing output... [ 14%] building
writing output... [ 28%] code
writing output... [ 42%] gpyfft
writing output... [ 57%] gpyfft_error
writing output... [ 71%] includeme
writing output... [ 85%] index
writing output... [100%] plan

/<<PKGBUILDDIR>>/docs/source/index.rst:9: WARNING: toctree contains reference to document 'includeme' that doesn't have a title: no link will be generated
generating indices... genindex
writing additional pages... search
copying static files... WARNING: html_static_path entry '/<<PKGBUILDDIR>>/docs/source/_static' does not exist
done
copying extra files... done
dumping search index in English (code: en) ... done
dumping object inventory... done
build succeeded, 7 warnings.

The HTML pages are in build/html.
dh_installdocs "docs/build/html" -p python-gpyfft-doc
dh_sphinxdoc -O--buildsystem=pybuild
make[1]: Leaving directory '/<<PKGBUILDDIR>>'
   dh_installchangelogs -O--buildsystem=pybuild
   dh_systemd_enable -O--buildsystem=pybuild
   dh_python3 -O--buildsystem=pybuild
   dh_installinit -O--buildsystem=pybuild
   dh_systemd_start -O--buildsystem=pybuild
   dh_perl -O--buildsystem=pybuild
   dh_link -O--buildsystem=pybuild
   dh_strip_nondeterminism -O--buildsystem=pybuild
   dh_compress -O--buildsystem=pybuild
   dh_fixperms -O--buildsystem=pybuild
   dh_missing -O--buildsystem=pybuild
   dh_strip -O--buildsystem=pybuild
   dh_makeshlibs -O--buildsystem=pybuild
   dh_shlibdeps -O--buildsystem=pybuild
dpkg-shlibdeps: warning: package could avoid a useless dependency if debian/python3-gpyfft-dbg/usr/lib/python3/dist-packages/gpyfft/gpyfftlib.cpython-38d-x86_64-linux-gnu.so debian/python3-gpyfft-dbg/usr/lib/python3/dist-packages/gpyfft/gpyfftlib.cpython-37dm-x86_64-linux-gnu.so were not linked against libpthread.so.0 (they use none of the library's symbols)
dpkg-shlibdeps: warning: package could avoid a useless dependency if debian/python3-gpyfft/usr/lib/python3/dist-packages/gpyfft/gpyfftlib.cpython-37m-x86_64-linux-gnu.so debian/python3-gpyfft/usr/lib/python3/dist-packages/gpyfft/gpyfftlib.cpython-38-x86_64-linux-gnu.so were not linked against libpthread.so.0 (they use none of the library's symbols)
   dh_installdeb -O--buildsystem=pybuild
   dh_gencontrol -O--buildsystem=pybuild
dpkg-gencontrol: warning: package python3-gpyfft: substitution variable ${python3:Provides} unused, but is defined
dpkg-gencontrol: warning: package python3-gpyfft: substitution variable ${python3:Versions} unused, but is defined
dpkg-gencontrol: warning: package python-gpyfft-doc: substitution variable ${python3:Depends} unused, but is defined
dpkg-gencontrol: warning: package python-gpyfft-doc: substitution variable ${sphinxdoc:Built-Using} unused, but is defined
dpkg-gencontrol: warning: package python3-gpyfft-dbg: substitution variable ${python3:Provides} unused, but is defined
dpkg-gencontrol: warning: package python3-gpyfft-dbg: substitution variable ${python3:Versions} unused, but is defined
dpkg-gencontrol: warning: package python3-gpyfft: substitution variable ${python3:Provides} unused, but is defined
dpkg-gencontrol: warning: package python3-gpyfft: substitution variable ${python3:Versions} unused, but is defined
   dh_md5sums -O--buildsystem=pybuild
   dh_builddeb -O--buildsystem=pybuild
dpkg-deb: building package 'python3-gpyfft' in '../python3-gpyfft_0.7.0-2_amd64.deb'.
dpkg-deb: building package 'python-gpyfft-doc' in '../python-gpyfft-doc_0.7.0-2_all.deb'.
dpkg-deb: building package 'python3-gpyfft-dbgsym' in '../python3-gpyfft-dbgsym_0.7.0-2_amd64.deb'.
dpkg-deb: building package 'python3-gpyfft-dbg' in '../python3-gpyfft-dbg_0.7.0-2_amd64.deb'.
 dpkg-genbuildinfo --build=binary
 dpkg-genchanges --build=binary >../gpyfft_0.7.0-2_amd64.changes
dpkg-genchanges: info: binary-only upload (no source code included)
 dpkg-source --after-build .
dpkg-source: info: using options from gpyfft-0.7.0/debian/source/options: --extend-diff-ignore=^[^/]*[.]egg-info/
dpkg-buildpackage: info: binary-only upload (no source included)
--------------------------------------------------------------------------------
Build finished at 2020-02-24T23:28:18Z

Finished
--------

I: Built successfully

+------------------------------------------------------------------------------+
| Changes                                                                      |
+------------------------------------------------------------------------------+


gpyfft_0.7.0-2_amd64.changes:
-----------------------------

Format: 1.8
Date: Fri, 13 Sep 2019 13:11:22 +0200
Source: gpyfft
Binary: python-gpyfft-doc python3-gpyfft python3-gpyfft-dbg python3-gpyfft-dbgsym
Architecture: all amd64
Version: 0.7.0-2
Distribution: unstable
Urgency: medium
Maintainer: Debian Science Maintainers <debian-science-maintainers@lists.alioth.debian.org>
Changed-By: Thomas Goirand <zigo@debian.org>
Description:
 python-gpyfft-doc - Wrapper for the OpenCL FFT library clFFT (common documentation)
 python3-gpyfft - Wrapper for the OpenCL FFT library clFFT (Python 3)
 python3-gpyfft-dbg - Wrapper for the OpenCL FFT library clFFT (Python 3 debug)
Closes: 936647
Changes:
 gpyfft (0.7.0-2) unstable; urgency=medium
 .
   * Team upload.
   * Removed Python 2 support (Closes: #936647).
   * Fixed VCS URLs (points to Salsa now).
Checksums-Sha1:
 ce001fdbf9e48cb0555e29f81cc2c112f01027d1 8955 gpyfft_0.7.0-2_amd64.buildinfo
 8e28afde9a2907b0b71160de7fdda512df814ae6 15288 python-gpyfft-doc_0.7.0-2_all.deb
 9c03f483e0f9dab91986e0ce1058dd650dedd619 145676 python3-gpyfft-dbg_0.7.0-2_amd64.deb
 722f011b8a283f39b42443c070ca004b65df2359 326768 python3-gpyfft-dbgsym_0.7.0-2_amd64.deb
 890c8a9ecc0a9179fee0b58b9099a856781b3fcc 122732 python3-gpyfft_0.7.0-2_amd64.deb
Checksums-Sha256:
 40cf3dbdfaf06578e75cd4bb6987408b9b4592a6a295b96da9d2cff18ca95ba1 8955 gpyfft_0.7.0-2_amd64.buildinfo
 b3cc26de1740eba6fc80e1a1581c511bab478b604b8431fcc43432e310fa457a 15288 python-gpyfft-doc_0.7.0-2_all.deb
 4a420668412f7fa77aae6a34b43c6f9672938f400416af151d99d92c67b625bb 145676 python3-gpyfft-dbg_0.7.0-2_amd64.deb
 28da92386b64dbd2fb06aa391a02181ddc93ded650d206d245ad9dd660b9cc20 326768 python3-gpyfft-dbgsym_0.7.0-2_amd64.deb
 3b7a8f8520d6b8423160150508aeaedd85bd1aa60636f5901169769f609da215 122732 python3-gpyfft_0.7.0-2_amd64.deb
Files:
 553138b01171c394aa34c8cc863af970 8955 science optional gpyfft_0.7.0-2_amd64.buildinfo
 089c5e598fa6f9ac74517e7d57880789 15288 doc optional python-gpyfft-doc_0.7.0-2_all.deb
 094dbe8b356e8dbb27ad92b762d8eb3b 145676 debug optional python3-gpyfft-dbg_0.7.0-2_amd64.deb
 df6f8b37f7f327e362baffc76d1bd86f 326768 debug optional python3-gpyfft-dbgsym_0.7.0-2_amd64.deb
 6765684d8bbd875cb2b9bbc02fd20a12 122732 python optional python3-gpyfft_0.7.0-2_amd64.deb

+------------------------------------------------------------------------------+
| Buildinfo                                                                    |
+------------------------------------------------------------------------------+

Format: 1.0
Source: gpyfft
Binary: python3-gpyfft python3-gpyfft-dbg python-gpyfft-doc
Architecture: all amd64
Version: 0.7.0-2
Checksums-Md5:
 089c5e598fa6f9ac74517e7d57880789 15288 python-gpyfft-doc_0.7.0-2_all.deb
 094dbe8b356e8dbb27ad92b762d8eb3b 145676 python3-gpyfft-dbg_0.7.0-2_amd64.deb
 df6f8b37f7f327e362baffc76d1bd86f 326768 python3-gpyfft-dbgsym_0.7.0-2_amd64.deb
 6765684d8bbd875cb2b9bbc02fd20a12 122732 python3-gpyfft_0.7.0-2_amd64.deb
Checksums-Sha1:
 8e28afde9a2907b0b71160de7fdda512df814ae6 15288 python-gpyfft-doc_0.7.0-2_all.deb
 9c03f483e0f9dab91986e0ce1058dd650dedd619 145676 python3-gpyfft-dbg_0.7.0-2_amd64.deb
 722f011b8a283f39b42443c070ca004b65df2359 326768 python3-gpyfft-dbgsym_0.7.0-2_amd64.deb
 890c8a9ecc0a9179fee0b58b9099a856781b3fcc 122732 python3-gpyfft_0.7.0-2_amd64.deb
Checksums-Sha256:
 b3cc26de1740eba6fc80e1a1581c511bab478b604b8431fcc43432e310fa457a 15288 python-gpyfft-doc_0.7.0-2_all.deb
 4a420668412f7fa77aae6a34b43c6f9672938f400416af151d99d92c67b625bb 145676 python3-gpyfft-dbg_0.7.0-2_amd64.deb
 28da92386b64dbd2fb06aa391a02181ddc93ded650d206d245ad9dd660b9cc20 326768 python3-gpyfft-dbgsym_0.7.0-2_amd64.deb
 3b7a8f8520d6b8423160150508aeaedd85bd1aa60636f5901169769f609da215 122732 python3-gpyfft_0.7.0-2_amd64.deb
Build-Origin: Debian
Build-Architecture: amd64
Build-Date: Mon, 24 Feb 2020 23:28:18 +0000
Build-Path: /<<PKGBUILDDIR>>
Installed-Build-Depends:
 autoconf (= 2.69-11.1),
 automake (= 1:1.16.1-4),
 autopoint (= 0.19.8.1-10),
 autotools-dev (= 20180224.1),
 base-files (= 11),
 base-passwd (= 3.5.47),
 bash (= 5.0-5),
 binutils (= 2.34-3),
 binutils-common (= 2.34-3),
 binutils-x86-64-linux-gnu (= 2.34-3),
 bsdmainutils (= 11.1.2+b1),
 bsdutils (= 1:2.34-0.1),
 build-essential (= 12.8),
 bzip2 (= 1.0.8-2),
 ca-certificates (= 20190110),
 clang-9 (= 1:9.0.1-8),
 coreutils (= 8.30-3+b1),
 cpp (= 4:9.2.1-3.1),
 cpp-9 (= 9.2.1-29),
 cython3 (= 0.29.14-0.1+b1),
 cython3-dbg (= 0.29.14-0.1+b1),
 dash (= 0.5.10.2-6),
 debconf (= 1.5.73),
 debhelper (= 12.9),
 debianutils (= 4.9.1),
 dh-autoreconf (= 19),
 dh-python (= 4.20191017),
 dh-strip-nondeterminism (= 1.6.3-2),
 diffutils (= 1:3.7-3),
 docutils-common (= 0.16+dfsg-1),
 dpkg (= 1.19.7),
 dpkg-dev (= 1.19.7),
 dwz (= 0.13-5),
 fdisk (= 2.34-0.1),
 file (= 1:5.38-4),
 findutils (= 4.7.0-1),
 g++ (= 4:9.2.1-3.1),
 g++-9 (= 9.2.1-29),
 gcc (= 4:9.2.1-3.1),
 gcc-10-base (= 10-20200222-1),
 gcc-8-base (= 8.3.0-29),
 gcc-9 (= 9.2.1-29),
 gcc-9-base (= 9.2.1-29),
 gettext (= 0.19.8.1-10),
 gettext-base (= 0.19.8.1-10),
 grep (= 3.4-1),
 groff-base (= 1.22.4-4),
 gzip (= 1.9-3+b1),
 hostname (= 3.23),
 init-system-helpers (= 1.57),
 intltool-debian (= 0.35.0+20060710.5),
 lib32gcc-s1 (= 10-20200222-1),
 lib32gcc1 (= 1:10-20200222-1),
 lib32stdc++6 (= 10-20200222-1),
 libacl1 (= 2.2.53-5),
 libarchive-zip-perl (= 1.67-1),
 libasan5 (= 9.2.1-29),
 libatomic1 (= 10-20200222-1),
 libattr1 (= 1:2.4.48-5),
 libaudit-common (= 1:2.8.5-2),
 libaudit1 (= 1:2.8.5-2+b1),
 libbinutils (= 2.34-3),
 libblas3 (= 3.9.0-1),
 libblkid1 (= 2.34-0.1),
 libbsd0 (= 0.10.0-1),
 libbz2-1.0 (= 1.0.8-2),
 libc-bin (= 2.29-10),
 libc-dev-bin (= 2.29-10),
 libc6 (= 2.29-10),
 libc6-dev (= 2.29-10),
 libc6-i386 (= 2.29-10),
 libcap-ng0 (= 0.7.9-2.1+b1),
 libcc1-0 (= 10-20200222-1),
 libclang-common-9-dev (= 1:9.0.1-8),
 libclang-cpp9 (= 1:9.0.1-8),
 libclfft-dev (= 2.12.2-1+b2),
 libclfft2 (= 2.12.2-1+b2),
 libcroco3 (= 0.6.13-1),
 libcrypt-dev (= 1:4.4.10-10),
 libcrypt1 (= 1:4.4.10-10),
 libctf-nobfd0 (= 2.34-3),
 libctf0 (= 2.34-3),
 libdb5.3 (= 5.3.28+dfsg1-0.6),
 libdebconfclient0 (= 0.251),
 libdebhelper-perl (= 12.9),
 libdpkg-perl (= 1.19.7),
 libedit2 (= 3.1-20191231-1),
 libelf1 (= 0.176-1.1),
 libexpat1 (= 2.2.9-1),
 libexpat1-dev (= 2.2.9-1),
 libfdisk1 (= 2.34-0.1),
 libffi7 (= 3.3-3),
 libfile-stripnondeterminism-perl (= 1.6.3-2),
 libgc1c2 (= 1:7.6.4-0.4),
 libgcc-8-dev (= 8.3.0-29),
 libgcc-9-dev (= 9.2.1-29),
 libgcc-s1 (= 10-20200222-1),
 libgcc1 (= 1:10-20200222-1),
 libgcrypt20 (= 1.8.5-5),
 libgdbm-compat4 (= 1.18.1-5),
 libgdbm6 (= 1.18.1-5),
 libgfortran5 (= 10-20200222-1),
 libglib2.0-0 (= 2.62.4-2),
 libgmp10 (= 2:6.2.0+dfsg-4),
 libgomp1 (= 10-20200222-1),
 libgpg-error0 (= 1.37-1),
 libhwloc15 (= 2.1.0+dfsg-3),
 libicu63 (= 63.2-2),
 libisl22 (= 0.22.1-1),
 libitm1 (= 10-20200222-1),
 libjs-jquery (= 3.3.1~dfsg-3),
 libjs-sphinxdoc (= 1.8.5-5),
 libjs-underscore (= 1.9.1~dfsg-1),
 liblapack3 (= 3.9.0-1),
 libllvm9 (= 1:9.0.1-8),
 liblsan0 (= 10-20200222-1),
 libltdl7 (= 2.4.6-13),
 liblz4-1 (= 1.9.2-2),
 liblzma5 (= 5.2.4-1+b1),
 libmagic-mgc (= 1:5.38-4),
 libmagic1 (= 1:5.38-4),
 libmount1 (= 2.34-0.1),
 libmpc3 (= 1.1.0-1),
 libmpdec2 (= 2.4.2-2),
 libmpfr6 (= 4.0.2-1),
 libmpx2 (= 8.3.0-29),
 libncursesw6 (= 6.1+20191019-1),
 libobjc-8-dev (= 8.3.0-29),
 libobjc4 (= 10-20200222-1),
 libpam-modules (= 1.3.1-5),
 libpam-modules-bin (= 1.3.1-5),
 libpam-runtime (= 1.3.1-5),
 libpam0g (= 1.3.1-5),
 libpcre2-8-0 (= 10.34-7),
 libpcre3 (= 2:8.39-12+b1),
 libperl5.30 (= 5.30.0-9),
 libpipeline1 (= 1.5.2-2),
 libpocl2 (= 1.4-6),
 libpocl2-common (= 1.4-6),
 libpython3-all-dbg (= 3.7.5-3),
 libpython3-all-dev (= 3.7.5-3),
 libpython3-dbg (= 3.7.5-3),
 libpython3-dev (= 3.7.5-3),
 libpython3-stdlib (= 3.7.5-3),
 libpython3.7 (= 3.7.6-1+b1),
 libpython3.7-dbg (= 3.7.6-1+b1),
 libpython3.7-dev (= 3.7.6-1+b1),
 libpython3.7-minimal (= 3.7.6-1+b1),
 libpython3.7-stdlib (= 3.7.6-1+b1),
 libpython3.8 (= 3.8.2~rc2-2),
 libpython3.8-dbg (= 3.8.2~rc2-2),
 libpython3.8-dev (= 3.8.2~rc2-2),
 libpython3.8-minimal (= 3.8.2~rc2-2),
 libpython3.8-stdlib (= 3.8.2~rc2-2),
 libquadmath0 (= 10-20200222-1),
 libreadline8 (= 8.0-3),
 libseccomp2 (= 2.4.2-2),
 libselinux1 (= 3.0-1+b1),
 libsigsegv2 (= 2.12-2),
 libsmartcols1 (= 2.34-0.1),
 libsqlite3-0 (= 3.31.1-3),
 libssl1.1 (= 1.1.1d-2),
 libstdc++-8-dev (= 8.3.0-29),
 libstdc++-9-dev (= 9.2.1-29),
 libstdc++6 (= 10-20200222-1),
 libsub-override-perl (= 0.09-2),
 libsystemd0 (= 244.3-1),
 libtinfo6 (= 6.1+20191019-1),
 libtool (= 2.4.6-13),
 libtsan0 (= 10-20200222-1),
 libubsan1 (= 10-20200222-1),
 libuchardet0 (= 0.0.6-3),
 libudev1 (= 244.3-1),
 libunistring2 (= 0.9.10-2),
 libuuid1 (= 2.34-0.1),
 libxml2 (= 2.9.10+dfsg-3),
 libz3-4 (= 4.8.7-4),
 linux-libc-dev (= 5.4.19-1),
 login (= 1:4.8.1-1),
 lsb-base (= 11.1.0),
 m4 (= 1.4.18-4),
 make (= 4.2.1-1.2),
 man-db (= 2.9.0-2),
 mawk (= 1.3.4.20200120-2),
 mime-support (= 3.64),
 ncurses-base (= 6.1+20191019-1),
 ncurses-bin (= 6.1+20191019-1),
 ocl-icd-libopencl1 (= 2.2.12-3),
 ocl-icd-opencl-dev (= 2.2.12-3),
 opencl-c-headers (= 2.2~2019.08.06-g0d5f18c-1),
 opencl-clhpp-headers (= 2.1.0~~git51-gc5063c3-1),
 openssl (= 1.1.1d-2),
 patch (= 2.7.6-6),
 perl (= 5.30.0-9),
 perl-base (= 5.30.0-9),
 perl-modules-5.30 (= 5.30.0-9),
 po-debconf (= 1.0.21),
 pocl-opencl-icd (= 1.4-6),
 python-babel-localedata (= 2.8.0+dfsg.1-2),
 python3 (= 3.7.5-3),
 python3-alabaster (= 0.7.8-1),
 python3-all (= 3.7.5-3),
 python3-all-dbg (= 3.7.5-3),
 python3-all-dev (= 3.7.5-3),
 python3-appdirs (= 1.4.3-1),
 python3-attr (= 19.3.0-1),
 python3-babel (= 2.8.0+dfsg.1-2),
 python3-certifi (= 2019.11.28-1),
 python3-cffi-backend (= 1.14.0-1),
 python3-cffi-backend-dbg (= 1.14.0-1),
 python3-chardet (= 3.0.4-4),
 python3-dbg (= 3.7.5-3),
 python3-decorator (= 4.3.0-1.1),
 python3-dev (= 3.7.5-3),
 python3-distutils (= 3.8.0-1),
 python3-docutils (= 0.16+dfsg-1),
 python3-idna (= 2.6-2),
 python3-imagesize (= 1.2.0-1),
 python3-jinja2 (= 2.10.1-1),
 python3-lib2to3 (= 3.8.0-1),
 python3-markupsafe (= 1.1.0-1+b2),
 python3-minimal (= 3.7.5-3),
 python3-nose (= 1.3.7-5),
 python3-nose-parameterized (= 0.3.4-5),
 python3-numpy (= 1:1.17.4-5),
 python3-numpy-dbg (= 1:1.17.4-5),
 python3-numpydoc (= 0.7.0-2),
 python3-packaging (= 19.1-2),
 python3-pkg-resources (= 44.0.0-1),
 python3-pygments (= 2.3.1+dfsg-1),
 python3-pyopencl (= 2019.1.1-1+b1),
 python3-pyopencl-dbg (= 2019.1.1-1+b1),
 python3-pyparsing (= 2.4.6-1),
 python3-pytools (= 2019.1.1-2),
 python3-requests (= 2.22.0-2),
 python3-roman (= 2.0.0-3),
 python3-setuptools (= 44.0.0-1),
 python3-six (= 1.14.0-2),
 python3-sphinx (= 1.8.5-5),
 python3-tz (= 2019.3-1),
 python3-urllib3 (= 1.25.8-1),
 python3.7 (= 3.7.6-1+b1),
 python3.7-dbg (= 3.7.6-1+b1),
 python3.7-dev (= 3.7.6-1+b1),
 python3.7-minimal (= 3.7.6-1+b1),
 python3.8 (= 3.8.2~rc2-2),
 python3.8-dbg (= 3.8.2~rc2-2),
 python3.8-dev (= 3.8.2~rc2-2),
 python3.8-minimal (= 3.8.2~rc2-2),
 readline-common (= 8.0-3),
 sed (= 4.7-1),
 sensible-utils (= 0.0.12+nmu1),
 sgml-base (= 1.29.1),
 sphinx-common (= 1.8.5-5),
 sysvinit-utils (= 2.96-2.1),
 tar (= 1.30+dfsg-6+b1),
 tzdata (= 2019c-3),
 util-linux (= 2.34-0.1),
 xml-core (= 0.18+nmu1),
 xz-utils (= 5.2.4-1+b1),
 zlib1g (= 1:1.2.11.dfsg-1.2),
 zlib1g-dev (= 1:1.2.11.dfsg-1.2)
Environment:
 DEB_BUILD_OPTIONS="parallel=4"
 LANG="C.UTF-8"
 LC_ALL="C.UTF-8"
 SOURCE_DATE_EPOCH="1568373082"


+------------------------------------------------------------------------------+
| Package contents                                                             |
+------------------------------------------------------------------------------+


python-gpyfft-doc_0.7.0-2_all.deb
---------------------------------

 new Debian package, version 2.0.
 size 15288 bytes: control archive=1636 bytes.
     885 bytes,    20 lines      control              
    2673 bytes,    30 lines      md5sums              
 Package: python-gpyfft-doc
 Source: gpyfft
 Version: 0.7.0-2
 Architecture: all
 Maintainer: Debian Science Maintainers <debian-science-maintainers@lists.alioth.debian.org>
 Installed-Size: 108
 Depends: libjs-sphinxdoc (>= 1.0)
 Section: doc
 Priority: optional
 Homepage: https://github.com/geggo/gpyfft
 Description: Wrapper for the OpenCL FFT library clFFT (common documentation)
  This python wrapper is designed to tightly integrate with
  PyOpenCL. It consists of a low-level Cython based wrapper with an
  interface similar to the underlying C library. On top of that it
  offers a high-level interface designed to work on data contained in
  instances of pyopencl.array.Array, a numpy work-alike array class for
  GPU computations. The high-level interface takes some inspiration
  from pyFFTW. For details of the high-level interface see fft.py.
  .
  This is the common documentation package.

drwxr-xr-x root/root         0 2019-09-13 11:11 ./
drwxr-xr-x root/root         0 2019-09-13 11:11 ./usr/
drwxr-xr-x root/root         0 2019-09-13 11:11 ./usr/share/
drwxr-xr-x root/root         0 2019-09-13 11:11 ./usr/share/doc/
drwxr-xr-x root/root         0 2019-09-13 11:11 ./usr/share/doc/python-gpyfft-doc/
-rw-r--r-- root/root       284 2019-09-13 11:11 ./usr/share/doc/python-gpyfft-doc/changelog.Debian.gz
-rw-r--r-- root/root       739 2019-09-13 11:11 ./usr/share/doc/python-gpyfft-doc/copyright
drwxr-xr-x root/root         0 2019-09-13 11:11 ./usr/share/doc/python-gpyfft-doc/html/
drwxr-xr-x root/root         0 2019-09-13 11:11 ./usr/share/doc/python-gpyfft-doc/html/_sources/
-rw-r--r-- root/root       103 2017-09-26 14:50 ./usr/share/doc/python-gpyfft-doc/html/_sources/building.rst.txt
-rw-r--r-- root/root       141 2017-09-26 14:50 ./usr/share/doc/python-gpyfft-doc/html/_sources/code.rst.txt
-rw-r--r-- root/root       119 2017-09-26 14:50 ./usr/share/doc/python-gpyfft-doc/html/_sources/gpyfft.rst.txt
-rw-r--r-- root/root        73 2017-09-26 14:50 ./usr/share/doc/python-gpyfft-doc/html/_sources/gpyfft_error.rst.txt
-rw-r--r-- root/root        29 2017-09-26 14:50 ./usr/share/doc/python-gpyfft-doc/html/_sources/includeme.rst.txt
-rw-r--r-- root/root       405 2017-09-26 14:50 ./usr/share/doc/python-gpyfft-doc/html/_sources/index.rst.txt
-rw-r--r-- root/root       248 2017-09-26 14:50 ./usr/share/doc/python-gpyfft-doc/html/_sources/plan.rst.txt
drwxr-xr-x root/root         0 2019-09-13 11:11 ./usr/share/doc/python-gpyfft-doc/html/_static/
-rw-r--r-- root/root     10912 2019-09-13 11:11 ./usr/share/doc/python-gpyfft-doc/html/_static/basic.css
-rw-r--r-- root/root      4146 2019-09-13 11:11 ./usr/share/doc/python-gpyfft-doc/html/_static/classic.css
-rw-r--r-- root/root        28 2019-03-09 14:07 ./usr/share/doc/python-gpyfft-doc/html/_static/default.css
lrwxrwxrwx root/root         0 2019-09-13 11:11 ./usr/share/doc/python-gpyfft-doc/html/_static/doctools.js -> ../../../../javascript/sphinxdoc/1.0/doctools.js
-rw-r--r-- root/root       307 2019-09-13 11:11 ./usr/share/doc/python-gpyfft-doc/html/_static/documentation_options.js
-rw-r--r-- root/root       286 2019-03-09 14:07 ./usr/share/doc/python-gpyfft-doc/html/_static/file.png
lrwxrwxrwx root/root         0 2019-09-13 11:11 ./usr/share/doc/python-gpyfft-doc/html/_static/jquery.js -> ../../../../javascript/sphinxdoc/1.0/jquery.js
-rw-r--r-- root/root     10847 2019-09-13 11:11 ./usr/share/doc/python-gpyfft-doc/html/_static/language_data.js
-rw-r--r-- root/root        90 2019-03-09 14:07 ./usr/share/doc/python-gpyfft-doc/html/_static/minus.png
-rw-r--r-- root/root        90 2019-03-09 14:07 ./usr/share/doc/python-gpyfft-doc/html/_static/plus.png
-rw-r--r-- root/root      4395 2019-09-13 11:11 ./usr/share/doc/python-gpyfft-doc/html/_static/pygments.css
lrwxrwxrwx root/root         0 2019-09-13 11:11 ./usr/share/doc/python-gpyfft-doc/html/_static/searchtools.js -> ../../../../javascript/sphinxdoc/1.0/searchtools.js
lrwxrwxrwx root/root         0 2019-09-13 11:11 ./usr/share/doc/python-gpyfft-doc/html/_static/sidebar.js -> ../../../../javascript/sphinxdoc/1.0/sidebar.js
lrwxrwxrwx root/root         0 2019-09-13 11:11 ./usr/share/doc/python-gpyfft-doc/html/_static/underscore.js -> ../../../../javascript/sphinxdoc/1.0/underscore.js
-rw-r--r-- root/root      4333 2019-09-13 11:11 ./usr/share/doc/python-gpyfft-doc/html/building.html
-rw-r--r-- root/root      4582 2019-09-13 11:11 ./usr/share/doc/python-gpyfft-doc/html/code.html
-rw-r--r-- root/root      2949 2019-09-13 11:11 ./usr/share/doc/python-gpyfft-doc/html/genindex.html
-rw-r--r-- root/root      4399 2019-09-13 11:11 ./usr/share/doc/python-gpyfft-doc/html/gpyfft.html
-rw-r--r-- root/root      3955 2019-09-13 11:11 ./usr/share/doc/python-gpyfft-doc/html/gpyfft_error.html
-rw-r--r-- root/root      4024 2019-09-13 11:11 ./usr/share/doc/python-gpyfft-doc/html/includeme.html
-rw-r--r-- root/root      4994 2019-09-13 11:11 ./usr/share/doc/python-gpyfft-doc/html/index.html
-rw-r--r-- root/root       319 2019-09-13 11:11 ./usr/share/doc/python-gpyfft-doc/html/objects.inv
-rw-r--r-- root/root      4405 2019-09-13 11:11 ./usr/share/doc/python-gpyfft-doc/html/plan.html
-rw-r--r-- root/root      3740 2019-09-13 11:11 ./usr/share/doc/python-gpyfft-doc/html/py-modindex.html
-rw-r--r-- root/root      3459 2019-09-13 11:11 ./usr/share/doc/python-gpyfft-doc/html/search.html
-rw-r--r-- root/root      2905 2019-09-13 11:11 ./usr/share/doc/python-gpyfft-doc/html/searchindex.js


python3-gpyfft-dbg_0.7.0-2_amd64.deb
------------------------------------

 new Debian package, version 2.0.
 size 145676 bytes: control archive=1036 bytes.
    1092 bytes,    21 lines      control              
     391 bytes,     4 lines      md5sums              
 Package: python3-gpyfft-dbg
 Source: gpyfft
 Version: 0.7.0-2
 Architecture: amd64
 Maintainer: Debian Science Maintainers <debian-science-maintainers@lists.alioth.debian.org>
 Installed-Size: 604
 Depends: python3-dbg (<< 3.9), python3-gpyfft (= 0.7.0-2), python3-numpy-dbg, python3-pyopencl-dbg, python3-numpy (>= 1:1.16.0~rc1), python3-numpy-abi9, python3-dbg (>= 3.7~), libc6 (>= 2.4), libclfft2
 Suggests: python-gpyfft-doc
 Section: debug
 Priority: optional
 Homepage: https://github.com/geggo/gpyfft
 Description: Wrapper for the OpenCL FFT library clFFT (Python 3 debug)
  This python wrapper is designed to tightly integrate with
  PyOpenCL. It consists of a low-level Cython based wrapper with an
  interface similar to the underlying C library. On top of that it
  offers a high-level interface designed to work on data contained in
  instances of pyopencl.array.Array, a numpy work-alike array class for
  GPU computations. The high-level interface takes some inspiration
  from pyFFTW. For details of the high-level interface see fft.py.
  .
  This package installs the library for Python 3 debug.

drwxr-xr-x root/root         0 2019-09-13 11:11 ./
drwxr-xr-x root/root         0 2019-09-13 11:11 ./usr/
drwxr-xr-x root/root         0 2019-09-13 11:11 ./usr/lib/
drwxr-xr-x root/root         0 2019-09-13 11:11 ./usr/lib/python3/
drwxr-xr-x root/root         0 2019-09-13 11:11 ./usr/lib/python3/dist-packages/
drwxr-xr-x root/root         0 2019-09-13 11:11 ./usr/lib/python3/dist-packages/gpyfft/
-rw-r--r-- root/root    292344 2019-09-13 11:11 ./usr/lib/python3/dist-packages/gpyfft/gpyfftlib.cpython-37dm-x86_64-linux-gnu.so
-rw-r--r-- root/root    312808 2019-09-13 11:11 ./usr/lib/python3/dist-packages/gpyfft/gpyfftlib.cpython-38d-x86_64-linux-gnu.so
drwxr-xr-x root/root         0 2019-09-13 11:11 ./usr/share/
drwxr-xr-x root/root         0 2019-09-13 11:11 ./usr/share/doc/
drwxr-xr-x root/root         0 2019-09-13 11:11 ./usr/share/doc/python3-gpyfft-dbg/
-rw-r--r-- root/root       284 2019-09-13 11:11 ./usr/share/doc/python3-gpyfft-dbg/changelog.Debian.gz
-rw-r--r-- root/root       739 2019-09-13 11:11 ./usr/share/doc/python3-gpyfft-dbg/copyright


python3-gpyfft-dbgsym_0.7.0-2_amd64.deb
---------------------------------------

 new Debian package, version 2.0.
 size 326768 bytes: control archive=604 bytes.
     438 bytes,    12 lines      control              
     212 bytes,     2 lines      md5sums              
 Package: python3-gpyfft-dbgsym
 Source: gpyfft
 Version: 0.7.0-2
 Auto-Built-Package: debug-symbols
 Architecture: amd64
 Maintainer: Debian Science Maintainers <debian-science-maintainers@lists.alioth.debian.org>
 Installed-Size: 443
 Depends: python3-gpyfft (= 0.7.0-2)
 Section: debug
 Priority: optional
 Description: debug symbols for python3-gpyfft
 Build-Ids: 9d5728ca2c838b565e0835c687c4135b5864281c f3c15d62cd1130cd7d846b3c1393ad12fd469c1e

drwxr-xr-x root/root         0 2019-09-13 11:11 ./
drwxr-xr-x root/root         0 2019-09-13 11:11 ./usr/
drwxr-xr-x root/root         0 2019-09-13 11:11 ./usr/lib/
drwxr-xr-x root/root         0 2019-09-13 11:11 ./usr/lib/debug/
drwxr-xr-x root/root         0 2019-09-13 11:11 ./usr/lib/debug/.build-id/
drwxr-xr-x root/root         0 2019-09-13 11:11 ./usr/lib/debug/.build-id/9d/
-rw-r--r-- root/root    216264 2019-09-13 11:11 ./usr/lib/debug/.build-id/9d/5728ca2c838b565e0835c687c4135b5864281c.debug
drwxr-xr-x root/root         0 2019-09-13 11:11 ./usr/lib/debug/.build-id/f3/
-rw-r--r-- root/root    224304 2019-09-13 11:11 ./usr/lib/debug/.build-id/f3/c15d62cd1130cd7d846b3c1393ad12fd469c1e.debug
drwxr-xr-x root/root         0 2019-09-13 11:11 ./usr/share/
drwxr-xr-x root/root         0 2019-09-13 11:11 ./usr/share/doc/
lrwxrwxrwx root/root         0 2019-09-13 11:11 ./usr/share/doc/python3-gpyfft-dbgsym -> python3-gpyfft


python3-gpyfft_0.7.0-2_amd64.deb
--------------------------------

 new Debian package, version 2.0.
 size 122732 bytes: control archive=1708 bytes.
    1031 bytes,    21 lines      control              
    1567 bytes,    17 lines      md5sums              
     254 bytes,    12 lines   *  postinst             #!/bin/sh
     403 bytes,    12 lines   *  prerm                #!/bin/sh
 Package: python3-gpyfft
 Source: gpyfft
 Version: 0.7.0-2
 Architecture: amd64
 Maintainer: Debian Science Maintainers <debian-science-maintainers@lists.alioth.debian.org>
 Installed-Size: 539
 Depends: python3-numpy (>= 1:1.16.0~rc1), python3-numpy-abi9, python3 (<< 3.9), python3 (>= 3.7~), python3-pyopencl, python3:any, libc6 (>= 2.4), libclfft2
 Suggests: python-gpyfft-doc
 Section: python
 Priority: optional
 Homepage: https://github.com/geggo/gpyfft
 Description: Wrapper for the OpenCL FFT library clFFT (Python 3)
  This python wrapper is designed to tightly integrate with
  PyOpenCL. It consists of a low-level Cython based wrapper with an
  interface similar to the underlying C library. On top of that it
  offers a high-level interface designed to work on data contained in
  instances of pyopencl.array.Array, a numpy work-alike array class for
  GPU computations. The high-level interface takes some inspiration
  from pyFFTW. For details of the high-level interface see fft.py.
  .
  This package installs the library for Python 3.

drwxr-xr-x root/root         0 2019-09-13 11:11 ./
drwxr-xr-x root/root         0 2019-09-13 11:11 ./usr/
drwxr-xr-x root/root         0 2019-09-13 11:11 ./usr/lib/
drwxr-xr-x root/root         0 2019-09-13 11:11 ./usr/lib/python3/
drwxr-xr-x root/root         0 2019-09-13 11:11 ./usr/lib/python3/dist-packages/
drwxr-xr-x root/root         0 2019-09-13 11:11 ./usr/lib/python3/dist-packages/gpyfft-0.7.0.egg-info/
-rw-r--r-- root/root      4562 2019-09-13 11:11 ./usr/lib/python3/dist-packages/gpyfft-0.7.0.egg-info/PKG-INFO
-rw-r--r-- root/root         1 2019-09-13 11:11 ./usr/lib/python3/dist-packages/gpyfft-0.7.0.egg-info/dependency_links.txt
-rw-r--r-- root/root         0 2019-09-13 11:11 ./usr/lib/python3/dist-packages/gpyfft-0.7.0.egg-info/requires.txt
-rw-r--r-- root/root         7 2019-09-13 11:11 ./usr/lib/python3/dist-packages/gpyfft-0.7.0.egg-info/top_level.txt
drwxr-xr-x root/root         0 2019-09-13 11:11 ./usr/lib/python3/dist-packages/gpyfft/
-rw-r--r-- root/root       179 2017-09-26 14:50 ./usr/lib/python3/dist-packages/gpyfft/__init__.py
-rw-r--r-- root/root      8976 2017-09-26 14:50 ./usr/lib/python3/dist-packages/gpyfft/fft.py
-rw-r--r-- root/root    247256 2019-09-13 11:11 ./usr/lib/python3/dist-packages/gpyfft/gpyfftlib.cpython-37m-x86_64-linux-gnu.so
-rw-r--r-- root/root    251480 2019-09-13 11:11 ./usr/lib/python3/dist-packages/gpyfft/gpyfftlib.cpython-38-x86_64-linux-gnu.so
drwxr-xr-x root/root         0 2019-09-13 11:11 ./usr/lib/python3/dist-packages/gpyfft/test/
-rw-r--r-- root/root         0 2017-09-26 14:50 ./usr/lib/python3/dist-packages/gpyfft/test/__init__.py
-rw-r--r-- root/root      2151 2017-09-26 14:50 ./usr/lib/python3/dist-packages/gpyfft/test/test_batched.py
-rw-r--r-- root/root      5287 2017-09-26 14:50 ./usr/lib/python3/dist-packages/gpyfft/test/test_callback.py
-rw-r--r-- root/root      4401 2017-09-26 14:50 ./usr/lib/python3/dist-packages/gpyfft/test/test_gpyfft.py
-rw-r--r-- root/root      1128 2017-09-26 14:50 ./usr/lib/python3/dist-packages/gpyfft/test/test_gpyfftlib.py
-rw-r--r-- root/root       454 2017-09-26 14:50 ./usr/lib/python3/dist-packages/gpyfft/test/util.py
-rw-r--r-- root/root        22 2017-09-26 14:50 ./usr/lib/python3/dist-packages/gpyfft/version.py
drwxr-xr-x root/root         0 2019-09-13 11:11 ./usr/share/
drwxr-xr-x root/root         0 2019-09-13 11:11 ./usr/share/doc/
drwxr-xr-x root/root         0 2019-09-13 11:11 ./usr/share/doc/python3-gpyfft/
-rw-r--r-- root/root       284 2019-09-13 11:11 ./usr/share/doc/python3-gpyfft/changelog.Debian.gz
-rw-r--r-- root/root       739 2019-09-13 11:11 ./usr/share/doc/python3-gpyfft/copyright


+------------------------------------------------------------------------------+
| Post Build                                                                   |
+------------------------------------------------------------------------------+


+------------------------------------------------------------------------------+
| Cleanup                                                                      |
+------------------------------------------------------------------------------+

Purging /<<BUILDDIR>>
Not cleaning session: cloned chroot in use

+------------------------------------------------------------------------------+
| Summary                                                                      |
+------------------------------------------------------------------------------+

Build Architecture: amd64
Build Type: binary
Build-Space: 14148
Build-Time: 75
Distribution: unstable
Host Architecture: amd64
Install-Time: 63
Job: gpyfft_0.7.0-2
Machine Architecture: amd64
Package: gpyfft
Package-Time: 165
Source-Version: 0.7.0-2
Space: 14148
Status: successful
Version: 0.7.0-2
--------------------------------------------------------------------------------
Finished at 2020-02-24T23:28:18Z
Build needed 00:02:45, 14148k disk space
DC-Status: OK 168.691278354s
