DC-Build-Header: nullmailer 1:2.2-3 / 2020-02-25 17:51:48 +0000
DC-Task: type:rebuild-binarch-only source:nullmailer version:1:2.2-3 chroot:unstable esttime:108 logfile:/tmp/nullmailer_2.2-3_unstable_clang9.log modes:clang9:binarch-only
DC-Sbuild-call: su user42 -c 'sbuild -n --arch-any --apt-update -d unstable -v --no-run-lintian --chroot-setup-commands=/tmp/clang9 nullmailer_1:2.2-3'
sbuild (Debian sbuild) 0.78.1 (09 February 2019) on ip-172-31-1-11.eu-central-1.compute.internal

+==============================================================================+
| nullmailer 1:2.2-3 (amd64)                   Tue, 25 Feb 2020 17:51:48 +0000 |
+==============================================================================+

Package: nullmailer
Version: 1:2.2-3
Source Version: 1:2.2-3
Distribution: unstable
Machine Architecture: amd64
Host Architecture: amd64
Build Architecture: amd64
Build Type: binary

I: NOTICE: Log filtering will replace 'var/run/schroot/mount/sid-amd64-sbuild-46f15529-05c2-47f7-83bd-249be799623c' with '<<CHROOT>>'

+------------------------------------------------------------------------------+
| Chroot Setup Commands                                                        |
+------------------------------------------------------------------------------+


/tmp/clang9
-----------

+ echo 'Entering customization script...'
Entering customization script...
+ CLANG_VERSION=9
+ echo 'Install of clang-9'
Install of clang-9
+ apt-get update
Get:1 http://127.0.0.1:12990/debian sid InRelease [142 kB]
Get:2 http://127.0.0.1:12990/debian sid/main Sources.diff/Index [27.9 kB]
Get:3 http://127.0.0.1:12990/debian sid/main amd64 Packages.diff/Index [27.9 kB]
Get:4 http://127.0.0.1:12990/debian sid/main Sources 2020-02-24-0823.32.pdiff [11.0 kB]
Get:5 http://127.0.0.1:12990/debian sid/main Sources 2020-02-24-1420.34.pdiff [30.2 kB]
Get:6 http://127.0.0.1:12990/debian sid/main Sources 2020-02-24-2014.03.pdiff [16.9 kB]
Get:7 http://127.0.0.1:12990/debian sid/main Sources 2020-02-25-0213.11.pdiff [23.2 kB]
Get:8 http://127.0.0.1:12990/debian sid/main Sources 2020-02-25-0815.22.pdiff [9222 B]
Get:9 http://127.0.0.1:12990/debian sid/main Sources 2020-02-25-1413.15.pdiff [16.3 kB]
Get:10 http://127.0.0.1:12990/debian sid/main amd64 Packages 2020-02-24-0823.32.pdiff [15.5 kB]
Get:11 http://127.0.0.1:12990/debian sid/main amd64 Packages 2020-02-24-1420.34.pdiff [27.5 kB]
Get:12 http://127.0.0.1:12990/debian sid/main amd64 Packages 2020-02-24-2014.03.pdiff [21.6 kB]
Get:13 http://127.0.0.1:12990/debian sid/main amd64 Packages 2020-02-25-0213.11.pdiff [35.0 kB]
Get:14 http://127.0.0.1:12990/debian sid/main amd64 Packages 2020-02-25-0815.22.pdiff [20.1 kB]
Get:15 http://127.0.0.1:12990/debian sid/main amd64 Packages 2020-02-25-1413.15.pdiff [18.4 kB]
Get:9 http://127.0.0.1:12990/debian sid/main Sources 2020-02-25-1413.15.pdiff [16.3 kB]
Get:15 http://127.0.0.1:12990/debian sid/main amd64 Packages 2020-02-25-1413.15.pdiff [18.4 kB]
Get:16 http://127.0.0.1:12990/debian sid/main Translation-en [6195 kB]
Fetched 6638 kB in 2s (4022 kB/s)
Reading package lists...
+ apt-get install --yes --no-install-recommends --force-yes clang-9 libomp-9-dev libobjc-9-dev
Reading package lists...
Building dependency tree...
The following additional packages will be installed:
  cpp-9 g++-9 gcc-8-base gcc-9 gcc-9-base lib32gcc-s1 lib32gcc1 lib32stdc++6
  libasan5 libbsd0 libc6-i386 libclang-common-9-dev libclang-cpp9 libedit2
  libgc1c2 libgcc-8-dev libgcc-9-dev libllvm9 libmpx2 libobjc-8-dev libobjc4
  libomp5-9 libstdc++-8-dev libstdc++-9-dev libz3-4
Suggested packages:
  clang-9-doc gcc-9-locales g++-9-multilib gcc-9-doc gcc-9-multilib
  libomp-9-doc libstdc++-8-doc libstdc++-9-doc
Recommended packages:
  llvm-9-dev python3
The following NEW packages will be installed:
  clang-9 gcc-8-base lib32gcc-s1 lib32gcc1 lib32stdc++6 libbsd0 libc6-i386
  libclang-common-9-dev libclang-cpp9 libedit2 libgc1c2 libgcc-8-dev libllvm9
  libmpx2 libobjc-8-dev libobjc-9-dev libobjc4 libomp-9-dev libomp5-9
  libstdc++-8-dev libz3-4
The following packages will be upgraded:
  cpp-9 g++-9 gcc-9 gcc-9-base libasan5 libgcc-9-dev libstdc++-9-dev
7 upgraded, 21 newly installed, 0 to remove and 3 not upgraded.
Need to get 78.9 MB of archives.
After this operation, 237 MB of additional disk space will be used.
Get:1 http://127.0.0.1:12990/debian sid/main amd64 libasan5 amd64 9.2.1-30 [389 kB]
Get:2 http://127.0.0.1:12990/debian sid/main amd64 g++-9 amd64 9.2.1-30 [10.7 MB]
Get:3 http://127.0.0.1:12990/debian sid/main amd64 gcc-9 amd64 9.2.1-30 [10.0 MB]
Get:4 http://127.0.0.1:12990/debian sid/main amd64 libstdc++-9-dev amd64 9.2.1-30 [1697 kB]
Get:5 http://127.0.0.1:12990/debian sid/main amd64 libgcc-9-dev amd64 9.2.1-30 [2349 kB]
Get:6 http://127.0.0.1:12990/debian sid/main amd64 cpp-9 amd64 9.2.1-30 [9711 kB]
Get:7 http://127.0.0.1:12990/debian sid/main amd64 gcc-9-base amd64 9.2.1-30 [196 kB]
Get:8 http://127.0.0.1:12990/debian sid/main amd64 libbsd0 amd64 0.10.0-1 [107 kB]
Get:9 http://127.0.0.1:12990/debian sid/main amd64 libedit2 amd64 3.1-20191231-1 [95.4 kB]
Get:10 http://127.0.0.1:12990/debian sid/main amd64 libz3-4 amd64 4.8.7-4 [6790 kB]
Get:11 http://127.0.0.1:12990/debian sid/main amd64 libllvm9 amd64 1:9.0.1-8 [15.0 MB]
Get:12 http://127.0.0.1:12990/debian sid/main amd64 libclang-cpp9 amd64 1:9.0.1-8 [8429 kB]
Get:13 http://127.0.0.1:12990/debian sid/main amd64 gcc-8-base amd64 8.3.0-29 [194 kB]
Get:14 http://127.0.0.1:12990/debian sid/main amd64 libmpx2 amd64 8.3.0-29 [11.4 kB]
Get:15 http://127.0.0.1:12990/debian sid/main amd64 libgcc-8-dev amd64 8.3.0-29 [2297 kB]
Get:16 http://127.0.0.1:12990/debian sid/main amd64 libstdc++-8-dev amd64 8.3.0-29 [1543 kB]
Get:17 http://127.0.0.1:12990/debian sid/main amd64 libgc1c2 amd64 1:7.6.4-0.4 [224 kB]
Get:18 http://127.0.0.1:12990/debian sid/main amd64 libobjc4 amd64 10-20200222-1 [41.6 kB]
Get:19 http://127.0.0.1:12990/debian sid/main amd64 libobjc-8-dev amd64 8.3.0-29 [227 kB]
Get:20 http://127.0.0.1:12990/debian sid/main amd64 libc6-i386 amd64 2.29-10 [2918 kB]
Get:21 http://127.0.0.1:12990/debian sid/main amd64 lib32gcc-s1 amd64 10-20200222-1 [49.4 kB]
Get:22 http://127.0.0.1:12990/debian sid/main amd64 lib32gcc1 amd64 1:10-20200222-1 [1104 B]
Get:23 http://127.0.0.1:12990/debian sid/main amd64 lib32stdc++6 amd64 10-20200222-1 [510 kB]
Get:24 http://127.0.0.1:12990/debian sid/main amd64 libclang-common-9-dev amd64 1:9.0.1-8 [3727 kB]
Get:25 http://127.0.0.1:12990/debian sid/main amd64 clang-9 amd64 1:9.0.1-8 [1156 kB]
Get:26 http://127.0.0.1:12990/debian sid/main amd64 libobjc-9-dev amd64 9.2.1-30 [219 kB]
Get:27 http://127.0.0.1:12990/debian sid/main amd64 libomp5-9 amd64 1:9.0.1-8 [333 kB]
Get:28 http://127.0.0.1:12990/debian sid/main amd64 libomp-9-dev amd64 1:9.0.1-8 [66.2 kB]
debconf: delaying package configuration, since apt-utils is not installed
Fetched 78.9 MB in 1s (107 MB/s)
(Reading database ... (Reading database ... 5%(Reading database ... 10%(Reading database ... 15%(Reading database ... 20%(Reading database ... 25%(Reading database ... 30%(Reading database ... 35%(Reading database ... 40%(Reading database ... 45%(Reading database ... 50%(Reading database ... 55%(Reading database ... 60%(Reading database ... 65%(Reading database ... 70%(Reading database ... 75%(Reading database ... 80%(Reading database ... 85%(Reading database ... 90%(Reading database ... 95%(Reading database ... 100%(Reading database ... 12119 files and directories currently installed.)
Preparing to unpack .../00-libasan5_9.2.1-30_amd64.deb ...
Unpacking libasan5:amd64 (9.2.1-30) over (9.2.1-29) ...
Preparing to unpack .../01-g++-9_9.2.1-30_amd64.deb ...
Unpacking g++-9 (9.2.1-30) over (9.2.1-29) ...
Preparing to unpack .../02-gcc-9_9.2.1-30_amd64.deb ...
Unpacking gcc-9 (9.2.1-30) over (9.2.1-29) ...
Preparing to unpack .../03-libstdc++-9-dev_9.2.1-30_amd64.deb ...
Unpacking libstdc++-9-dev:amd64 (9.2.1-30) over (9.2.1-29) ...
Preparing to unpack .../04-libgcc-9-dev_9.2.1-30_amd64.deb ...
Unpacking libgcc-9-dev:amd64 (9.2.1-30) over (9.2.1-29) ...
Preparing to unpack .../05-cpp-9_9.2.1-30_amd64.deb ...
Unpacking cpp-9 (9.2.1-30) over (9.2.1-29) ...
Preparing to unpack .../06-gcc-9-base_9.2.1-30_amd64.deb ...
Unpacking gcc-9-base:amd64 (9.2.1-30) over (9.2.1-29) ...
Selecting previously unselected package libbsd0:amd64.
Preparing to unpack .../07-libbsd0_0.10.0-1_amd64.deb ...
Unpacking libbsd0:amd64 (0.10.0-1) ...
Selecting previously unselected package libedit2:amd64.
Preparing to unpack .../08-libedit2_3.1-20191231-1_amd64.deb ...
Unpacking libedit2:amd64 (3.1-20191231-1) ...
Selecting previously unselected package libz3-4:amd64.
Preparing to unpack .../09-libz3-4_4.8.7-4_amd64.deb ...
Unpacking libz3-4:amd64 (4.8.7-4) ...
Selecting previously unselected package libllvm9:amd64.
Preparing to unpack .../10-libllvm9_1%3a9.0.1-8_amd64.deb ...
Unpacking libllvm9:amd64 (1:9.0.1-8) ...
Selecting previously unselected package libclang-cpp9.
Preparing to unpack .../11-libclang-cpp9_1%3a9.0.1-8_amd64.deb ...
Unpacking libclang-cpp9 (1:9.0.1-8) ...
Selecting previously unselected package gcc-8-base:amd64.
Preparing to unpack .../12-gcc-8-base_8.3.0-29_amd64.deb ...
Unpacking gcc-8-base:amd64 (8.3.0-29) ...
Selecting previously unselected package libmpx2:amd64.
Preparing to unpack .../13-libmpx2_8.3.0-29_amd64.deb ...
Unpacking libmpx2:amd64 (8.3.0-29) ...
Selecting previously unselected package libgcc-8-dev:amd64.
Preparing to unpack .../14-libgcc-8-dev_8.3.0-29_amd64.deb ...
Unpacking libgcc-8-dev:amd64 (8.3.0-29) ...
Selecting previously unselected package libstdc++-8-dev:amd64.
Preparing to unpack .../15-libstdc++-8-dev_8.3.0-29_amd64.deb ...
Unpacking libstdc++-8-dev:amd64 (8.3.0-29) ...
Selecting previously unselected package libgc1c2:amd64.
Preparing to unpack .../16-libgc1c2_1%3a7.6.4-0.4_amd64.deb ...
Unpacking libgc1c2:amd64 (1:7.6.4-0.4) ...
Selecting previously unselected package libobjc4:amd64.
Preparing to unpack .../17-libobjc4_10-20200222-1_amd64.deb ...
Unpacking libobjc4:amd64 (10-20200222-1) ...
Selecting previously unselected package libobjc-8-dev:amd64.
Preparing to unpack .../18-libobjc-8-dev_8.3.0-29_amd64.deb ...
Unpacking libobjc-8-dev:amd64 (8.3.0-29) ...
Selecting previously unselected package libc6-i386.
Preparing to unpack .../19-libc6-i386_2.29-10_amd64.deb ...
Unpacking libc6-i386 (2.29-10) ...
Selecting previously unselected package lib32gcc-s1.
Preparing to unpack .../20-lib32gcc-s1_10-20200222-1_amd64.deb ...
Unpacking lib32gcc-s1 (10-20200222-1) ...
Selecting previously unselected package lib32gcc1.
Preparing to unpack .../21-lib32gcc1_1%3a10-20200222-1_amd64.deb ...
Unpacking lib32gcc1 (1:10-20200222-1) ...
Selecting previously unselected package lib32stdc++6.
Preparing to unpack .../22-lib32stdc++6_10-20200222-1_amd64.deb ...
Unpacking lib32stdc++6 (10-20200222-1) ...
Selecting previously unselected package libclang-common-9-dev.
Preparing to unpack .../23-libclang-common-9-dev_1%3a9.0.1-8_amd64.deb ...
Unpacking libclang-common-9-dev (1:9.0.1-8) ...
Selecting previously unselected package clang-9.
Preparing to unpack .../24-clang-9_1%3a9.0.1-8_amd64.deb ...
Unpacking clang-9 (1:9.0.1-8) ...
Selecting previously unselected package libobjc-9-dev:amd64.
Preparing to unpack .../25-libobjc-9-dev_9.2.1-30_amd64.deb ...
Unpacking libobjc-9-dev:amd64 (9.2.1-30) ...
Selecting previously unselected package libomp5-9:amd64.
Preparing to unpack .../26-libomp5-9_1%3a9.0.1-8_amd64.deb ...
Unpacking libomp5-9:amd64 (1:9.0.1-8) ...
Selecting previously unselected package libomp-9-dev.
Preparing to unpack .../27-libomp-9-dev_1%3a9.0.1-8_amd64.deb ...
Unpacking libomp-9-dev (1:9.0.1-8) ...
Setting up libgc1c2:amd64 (1:7.6.4-0.4) ...
Setting up libobjc4:amd64 (10-20200222-1) ...
Setting up libz3-4:amd64 (4.8.7-4) ...
Setting up gcc-8-base:amd64 (8.3.0-29) ...
Setting up libmpx2:amd64 (8.3.0-29) ...
Setting up libc6-i386 (2.29-10) ...
Setting up libbsd0:amd64 (0.10.0-1) ...
Setting up gcc-9-base:amd64 (9.2.1-30) ...
Setting up libomp5-9:amd64 (1:9.0.1-8) ...
Setting up libedit2:amd64 (3.1-20191231-1) ...
Setting up libasan5:amd64 (9.2.1-30) ...
Setting up lib32gcc-s1 (10-20200222-1) ...
Setting up libgcc-8-dev:amd64 (8.3.0-29) ...
Setting up libomp-9-dev (1:9.0.1-8) ...
Setting up cpp-9 (9.2.1-30) ...
Setting up libllvm9:amd64 (1:9.0.1-8) ...
Setting up libstdc++-8-dev:amd64 (8.3.0-29) ...
Setting up libclang-cpp9 (1:9.0.1-8) ...
Setting up lib32gcc1 (1:10-20200222-1) ...
Setting up libgcc-9-dev:amd64 (9.2.1-30) ...
Setting up libobjc-8-dev:amd64 (8.3.0-29) ...
Setting up lib32stdc++6 (10-20200222-1) ...
Setting up libobjc-9-dev:amd64 (9.2.1-30) ...
Setting up libclang-common-9-dev (1:9.0.1-8) ...
Setting up gcc-9 (9.2.1-30) ...
Setting up libstdc++-9-dev:amd64 (9.2.1-30) ...
Setting up clang-9 (1:9.0.1-8) ...
Setting up g++-9 (9.2.1-30) ...
Processing triggers for libc-bin (2.29-10) ...
W: --force-yes is deprecated, use one of the options starting with --allow instead.
+ echo 'Replace gcc, g++ & cpp by clang'
Replace gcc, g++ & cpp by clang
+ VERSIONS='4.6 4.7 4.8 4.9 5 6 7 8 9 10'
+ cd /usr/bin
+ for VERSION in $VERSIONS
+ rm -f g++-4.6 gcc-4.6 cpp-4.6 gcc
+ ln -s clang++-9 g++-4.6
+ ln -s clang-9 gcc-4.6
+ ln -s clang-9 cpp-4.6
+ ln -s clang-9 gcc
+ echo 'gcc-4.6 hold'
+ dpkg --set-selections
dpkg: warning: package not in status nor available database at line 1: gcc-4.6
dpkg: warning: found unknown packages; this might mean the available database
is outdated, and needs to be updated through a frontend method;
please see the FAQ <https://wiki.debian.org/Teams/Dpkg/FAQ>
+ echo 'g++-4.6 hold'
+ dpkg --set-selections
dpkg: warning: package not in status nor available database at line 1: g++-4.6
dpkg: warning: found unknown packages; this might mean the available database
is outdated, and needs to be updated through a frontend method;
please see the FAQ <https://wiki.debian.org/Teams/Dpkg/FAQ>
+ for VERSION in $VERSIONS
+ rm -f g++-4.7 gcc-4.7 cpp-4.7 gcc
+ ln -s clang++-9 g++-4.7
+ ln -s clang-9 gcc-4.7
+ ln -s clang-9 cpp-4.7
+ ln -s clang-9 gcc
+ echo 'gcc-4.7 hold'
+ dpkg --set-selections
dpkg: warning: package not in status nor available database at line 1: gcc-4.7
dpkg: warning: found unknown packages; this might mean the available database
is outdated, and needs to be updated through a frontend method;
please see the FAQ <https://wiki.debian.org/Teams/Dpkg/FAQ>
+ echo 'g++-4.7 hold'
+ dpkg --set-selections
dpkg: warning: package not in status nor available database at line 1: g++-4.7
dpkg: warning: found unknown packages; this might mean the available database
is outdated, and needs to be updated through a frontend method;
please see the FAQ <https://wiki.debian.org/Teams/Dpkg/FAQ>
+ for VERSION in $VERSIONS
+ rm -f g++-4.8 gcc-4.8 cpp-4.8 gcc
+ ln -s clang++-9 g++-4.8
+ ln -s clang-9 gcc-4.8
+ ln -s clang-9 cpp-4.8
+ ln -s clang-9 gcc
+ echo 'gcc-4.8 hold'
+ dpkg --set-selections
dpkg: warning: package not in status nor available database at line 1: gcc-4.8
dpkg: warning: found unknown packages; this might mean the available database
is outdated, and needs to be updated through a frontend method;
please see the FAQ <https://wiki.debian.org/Teams/Dpkg/FAQ>
+ echo 'g++-4.8 hold'
+ dpkg --set-selections
dpkg: warning: package not in status nor available database at line 1: g++-4.8
dpkg: warning: found unknown packages; this might mean the available database
is outdated, and needs to be updated through a frontend method;
please see the FAQ <https://wiki.debian.org/Teams/Dpkg/FAQ>
+ for VERSION in $VERSIONS
+ rm -f g++-4.9 gcc-4.9 cpp-4.9 gcc
+ ln -s clang++-9 g++-4.9
+ ln -s clang-9 gcc-4.9
+ ln -s clang-9 cpp-4.9
+ ln -s clang-9 gcc
+ echo 'gcc-4.9 hold'
+ dpkg --set-selections
dpkg: warning: package not in status nor available database at line 1: gcc-4.9
dpkg: warning: found unknown packages; this might mean the available database
is outdated, and needs to be updated through a frontend method;
please see the FAQ <https://wiki.debian.org/Teams/Dpkg/FAQ>
+ echo 'g++-4.9 hold'
+ dpkg --set-selections
dpkg: warning: package not in status nor available database at line 1: g++-4.9
dpkg: warning: found unknown packages; this might mean the available database
is outdated, and needs to be updated through a frontend method;
please see the FAQ <https://wiki.debian.org/Teams/Dpkg/FAQ>
+ for VERSION in $VERSIONS
+ rm -f g++-5 gcc-5 cpp-5 gcc
+ ln -s clang++-9 g++-5
+ ln -s clang-9 gcc-5
+ ln -s clang-9 cpp-5
+ ln -s clang-9 gcc
+ echo 'gcc-5 hold'
+ dpkg --set-selections
dpkg: warning: package not in status nor available database at line 1: gcc-5
dpkg: warning: found unknown packages; this might mean the available database
is outdated, and needs to be updated through a frontend method;
please see the FAQ <https://wiki.debian.org/Teams/Dpkg/FAQ>
+ echo 'g++-5 hold'
+ dpkg --set-selections
dpkg: warning: package not in status nor available database at line 1: g++-5
dpkg: warning: found unknown packages; this might mean the available database
is outdated, and needs to be updated through a frontend method;
please see the FAQ <https://wiki.debian.org/Teams/Dpkg/FAQ>
+ for VERSION in $VERSIONS
+ rm -f g++-6 gcc-6 cpp-6 gcc
+ ln -s clang++-9 g++-6
+ ln -s clang-9 gcc-6
+ ln -s clang-9 cpp-6
+ ln -s clang-9 gcc
+ echo 'gcc-6 hold'
+ dpkg --set-selections
dpkg: warning: package not in status nor available database at line 1: gcc-6
dpkg: warning: found unknown packages; this might mean the available database
is outdated, and needs to be updated through a frontend method;
please see the FAQ <https://wiki.debian.org/Teams/Dpkg/FAQ>
+ echo 'g++-6 hold'
+ dpkg --set-selections
dpkg: warning: package not in status nor available database at line 1: g++-6
dpkg: warning: found unknown packages; this might mean the available database
is outdated, and needs to be updated through a frontend method;
please see the FAQ <https://wiki.debian.org/Teams/Dpkg/FAQ>
+ for VERSION in $VERSIONS
+ rm -f g++-7 gcc-7 cpp-7 gcc
+ ln -s clang++-9 g++-7
+ ln -s clang-9 gcc-7
+ ln -s clang-9 cpp-7
+ ln -s clang-9 gcc
+ echo 'gcc-7 hold'
+ dpkg --set-selections
dpkg: warning: package not in status nor available database at line 1: gcc-7
dpkg: warning: found unknown packages; this might mean the available database
is outdated, and needs to be updated through a frontend method;
please see the FAQ <https://wiki.debian.org/Teams/Dpkg/FAQ>
+ echo 'g++-7 hold'
+ dpkg --set-selections
dpkg: warning: package not in status nor available database at line 1: g++-7
dpkg: warning: found unknown packages; this might mean the available database
is outdated, and needs to be updated through a frontend method;
please see the FAQ <https://wiki.debian.org/Teams/Dpkg/FAQ>
+ for VERSION in $VERSIONS
+ rm -f g++-8 gcc-8 cpp-8 gcc
+ ln -s clang++-9 g++-8
+ ln -s clang-9 gcc-8
+ ln -s clang-9 cpp-8
+ ln -s clang-9 gcc
+ echo 'gcc-8 hold'
+ dpkg --set-selections
dpkg: warning: package not in status nor available database at line 1: gcc-8
dpkg: warning: found unknown packages; this might mean the available database
is outdated, and needs to be updated through a frontend method;
please see the FAQ <https://wiki.debian.org/Teams/Dpkg/FAQ>
+ echo 'g++-8 hold'
+ dpkg --set-selections
dpkg: warning: package not in status nor available database at line 1: g++-8
dpkg: warning: found unknown packages; this might mean the available database
is outdated, and needs to be updated through a frontend method;
please see the FAQ <https://wiki.debian.org/Teams/Dpkg/FAQ>
+ for VERSION in $VERSIONS
+ rm -f g++-9 gcc-9 cpp-9 gcc
+ ln -s clang++-9 g++-9
+ ln -s clang-9 gcc-9
+ ln -s clang-9 cpp-9
+ ln -s clang-9 gcc
+ echo 'gcc-9 hold'
+ dpkg --set-selections
+ echo 'g++-9 hold'
+ dpkg --set-selections
+ for VERSION in $VERSIONS
+ rm -f g++-10 gcc-10 cpp-10 gcc
+ ln -s clang++-9 g++-10
+ ln -s clang-9 gcc-10
+ ln -s clang-9 cpp-10
+ ln -s clang-9 gcc
+ echo 'gcc-10 hold'
+ dpkg --set-selections
dpkg: warning: package not in status nor available database at line 1: gcc-10
dpkg: warning: found unknown packages; this might mean the available database
is outdated, and needs to be updated through a frontend method;
please see the FAQ <https://wiki.debian.org/Teams/Dpkg/FAQ>
+ echo 'g++-10 hold'
+ dpkg --set-selections
dpkg: warning: package not in status nor available database at line 1: g++-10
dpkg: warning: found unknown packages; this might mean the available database
is outdated, and needs to be updated through a frontend method;
please see the FAQ <https://wiki.debian.org/Teams/Dpkg/FAQ>
+ cd -
/build/nullmailer-XdXh7q
+ echo 'Check if gcc, g++ & cpp are actually clang'
Check if gcc, g++ & cpp are actually clang
+ gcc --version
+ grep clang
+ cpp --version
+ grep clang
+ g++ --version
+ grep clang

I: Finished running '/tmp/clang9'.

Finished processing commands.
--------------------------------------------------------------------------------
I: NOTICE: Log filtering will replace 'build/nullmailer-XdXh7q/resolver-X2ku6v' with '<<RESOLVERDIR>>'

+------------------------------------------------------------------------------+
| Update chroot                                                                |
+------------------------------------------------------------------------------+

Hit:1 http://127.0.0.1:12990/debian sid InRelease
Reading package lists...
Reading package lists...
Building dependency tree...
Reading state information...
Calculating upgrade...
The following packages will be upgraded:
  bash libgmp10 zlib1g
3 upgraded, 0 newly installed, 0 to remove and 0 not upgraded.
Need to get 1722 kB of archives.
After this operation, 4096 B of additional disk space will be used.
Get:1 http://127.0.0.1:12990/debian sid/main amd64 bash amd64 5.0-6 [1379 kB]
Get:2 http://127.0.0.1:12990/debian sid/main amd64 libgmp10 amd64 2:6.2.0+dfsg-4 [253 kB]
Get:3 http://127.0.0.1:12990/debian sid/main amd64 zlib1g amd64 1:1.2.11.dfsg-2 [90.4 kB]
debconf: delaying package configuration, since apt-utils is not installed
Fetched 1722 kB in 0s (75.9 MB/s)
(Reading database ... (Reading database ... 5%(Reading database ... 10%(Reading database ... 15%(Reading database ... 20%(Reading database ... 25%(Reading database ... 30%(Reading database ... 35%(Reading database ... 40%(Reading database ... 45%(Reading database ... 50%(Reading database ... 55%(Reading database ... 60%(Reading database ... 65%(Reading database ... 70%(Reading database ... 75%(Reading database ... 80%(Reading database ... 85%(Reading database ... 90%(Reading database ... 95%(Reading database ... 100%(Reading database ... 13921 files and directories currently installed.)
Preparing to unpack .../archives/bash_5.0-6_amd64.deb ...
Unpacking bash (5.0-6) over (5.0-5) ...
Setting up bash (5.0-6) ...
update-alternatives: using /usr/share/man/man7/bash-builtins.7.gz to provide /usr/share/man/man7/builtins.7.gz (builtins.7.gz) in auto mode
(Reading database ... (Reading database ... 5%(Reading database ... 10%(Reading database ... 15%(Reading database ... 20%(Reading database ... 25%(Reading database ... 30%(Reading database ... 35%(Reading database ... 40%(Reading database ... 45%(Reading database ... 50%(Reading database ... 55%(Reading database ... 60%(Reading database ... 65%(Reading database ... 70%(Reading database ... 75%(Reading database ... 80%(Reading database ... 85%(Reading database ... 90%(Reading database ... 95%(Reading database ... 100%(Reading database ... 13921 files and directories currently installed.)
Preparing to unpack .../libgmp10_2%3a6.2.0+dfsg-4_amd64.deb ...
Unpacking libgmp10:amd64 (2:6.2.0+dfsg-4) over (2:6.2.0+dfsg-3) ...
Setting up libgmp10:amd64 (2:6.2.0+dfsg-4) ...
(Reading database ... (Reading database ... 5%(Reading database ... 10%(Reading database ... 15%(Reading database ... 20%(Reading database ... 25%(Reading database ... 30%(Reading database ... 35%(Reading database ... 40%(Reading database ... 45%(Reading database ... 50%(Reading database ... 55%(Reading database ... 60%(Reading database ... 65%(Reading database ... 70%(Reading database ... 75%(Reading database ... 80%(Reading database ... 85%(Reading database ... 90%(Reading database ... 95%(Reading database ... 100%(Reading database ... 13921 files and directories currently installed.)
Preparing to unpack .../zlib1g_1%3a1.2.11.dfsg-2_amd64.deb ...
Unpacking zlib1g:amd64 (1:1.2.11.dfsg-2) over (1:1.2.11.dfsg-1.2) ...
Setting up zlib1g:amd64 (1:1.2.11.dfsg-2) ...
Processing triggers for libc-bin (2.29-10) ...

+------------------------------------------------------------------------------+
| Fetch source files                                                           |
+------------------------------------------------------------------------------+


Check APT
---------

Checking available source versions...

Download source files with APT
------------------------------

Reading package lists...
Need to get 120 kB of source archives.
Get:1 http://127.0.0.1:12990/debian sid/main nullmailer 1:2.2-3 (dsc) [1785 B]
Get:2 http://127.0.0.1:12990/debian sid/main nullmailer 1:2.2-3 (tar) [90.5 kB]
Get:3 http://127.0.0.1:12990/debian sid/main nullmailer 1:2.2-3 (diff) [28.0 kB]
Fetched 120 kB in 0s (1659 kB/s)
Download complete and in download only mode
I: NOTICE: Log filtering will replace 'build/nullmailer-XdXh7q/nullmailer-2.2' with '<<PKGBUILDDIR>>'
I: NOTICE: Log filtering will replace 'build/nullmailer-XdXh7q' with '<<BUILDDIR>>'

+------------------------------------------------------------------------------+
| Install package build dependencies                                           |
+------------------------------------------------------------------------------+


Setup apt archive
-----------------

Merged Build-Depends: daemontools, debhelper (>= 10.8), libgnutls28-dev | libgnutls-dev, po-debconf, ucspi-tcp-ipv6, build-essential, fakeroot
Filtered Build-Depends: daemontools, debhelper (>= 10.8), libgnutls28-dev, po-debconf, ucspi-tcp-ipv6, build-essential, fakeroot
dpkg-deb: building package 'sbuild-build-depends-main-dummy' in '/<<RESOLVERDIR>>/apt_archive/sbuild-build-depends-main-dummy.deb'.
Ign:1 copy:/<<RESOLVERDIR>>/apt_archive ./ InRelease
Get:2 copy:/<<RESOLVERDIR>>/apt_archive ./ Release [957 B]
Ign:3 copy:/<<RESOLVERDIR>>/apt_archive ./ Release.gpg
Get:4 copy:/<<RESOLVERDIR>>/apt_archive ./ Sources [410 B]
Get:5 copy:/<<RESOLVERDIR>>/apt_archive ./ Packages [486 B]
Fetched 1853 B in 0s (0 B/s)
Reading package lists...
Reading package lists...

Install main build dependencies (apt-based resolver)
----------------------------------------------------

Installing build dependencies
Reading package lists...
Building dependency tree...
Reading state information...
The following additional packages will be installed:
  autoconf automake autopoint autotools-dev bsdmainutils daemontools debhelper
  dh-autoreconf dh-strip-nondeterminism dwz file gettext gettext-base
  groff-base intltool-debian libarchive-zip-perl libcroco3 libdebhelper-perl
  libelf1 libevent-2.1-7 libfile-stripnondeterminism-perl libglib2.0-0
  libgmp-dev libgmpxx4ldbl libgnutls-dane0 libgnutls-openssl27 libgnutls28-dev
  libgnutlsxx28 libicu63 libidn2-dev libmagic-mgc libmagic1 libp11-kit-dev
  libpipeline1 libsigsegv2 libsub-override-perl libtasn1-6-dev libtool
  libuchardet0 libunbound8 libxml2 m4 man-db nettle-dev po-debconf
  sensible-utils ucspi-tcp-ipv6
Suggested packages:
  autoconf-archive gnu-standards autoconf-doc wamerican | wordlist whois
  vacation daemontools-run | runit dh-make gettext-doc libasprintf-dev
  libgettextpo-dev groff gmp-doc libgmp10-doc libmpfr-dev dns-root-data
  gnutls-bin gnutls-doc libtool-doc gfortran | fortran95-compiler gcj-jdk
  m4-doc apparmor less www-browser libmail-box-perl
Recommended packages:
  curl | wget | lynx libarchive-cpio-perl libglib2.0-data shared-mime-info
  xdg-user-dirs libtasn1-doc libltdl-dev libmail-sendmail-perl
The following NEW packages will be installed:
  autoconf automake autopoint autotools-dev bsdmainutils daemontools debhelper
  dh-autoreconf dh-strip-nondeterminism dwz file gettext gettext-base
  groff-base intltool-debian libarchive-zip-perl libcroco3 libdebhelper-perl
  libelf1 libevent-2.1-7 libfile-stripnondeterminism-perl libglib2.0-0
  libgmp-dev libgmpxx4ldbl libgnutls-dane0 libgnutls-openssl27 libgnutls28-dev
  libgnutlsxx28 libicu63 libidn2-dev libmagic-mgc libmagic1 libp11-kit-dev
  libpipeline1 libsigsegv2 libsub-override-perl libtasn1-6-dev libtool
  libuchardet0 libunbound8 libxml2 m4 man-db nettle-dev po-debconf
  sbuild-build-depends-main-dummy sensible-utils ucspi-tcp-ipv6
0 upgraded, 48 newly installed, 0 to remove and 0 not upgraded.
Need to get 24.1 MB of archives.
After this operation, 84.4 MB of additional disk space will be used.
Get:1 copy:/<<RESOLVERDIR>>/apt_archive ./ sbuild-build-depends-main-dummy 0.invalid.0 [916 B]
Get:2 http://127.0.0.1:12990/debian sid/main amd64 bsdmainutils amd64 11.1.2+b1 [191 kB]
Get:3 http://127.0.0.1:12990/debian sid/main amd64 libuchardet0 amd64 0.0.6-3 [64.9 kB]
Get:4 http://127.0.0.1:12990/debian sid/main amd64 groff-base amd64 1.22.4-4 [919 kB]
Get:5 http://127.0.0.1:12990/debian sid/main amd64 libpipeline1 amd64 1.5.2-2 [33.9 kB]
Get:6 http://127.0.0.1:12990/debian sid/main amd64 man-db amd64 2.9.0-2 [1307 kB]
Get:7 http://127.0.0.1:12990/debian sid/main amd64 sensible-utils all 0.0.12+nmu1 [16.0 kB]
Get:8 http://127.0.0.1:12990/debian sid/main amd64 libmagic-mgc amd64 1:5.38-4 [262 kB]
Get:9 http://127.0.0.1:12990/debian sid/main amd64 libmagic1 amd64 1:5.38-4 [120 kB]
Get:10 http://127.0.0.1:12990/debian sid/main amd64 file amd64 1:5.38-4 [67.9 kB]
Get:11 http://127.0.0.1:12990/debian sid/main amd64 gettext-base amd64 0.19.8.1-10 [123 kB]
Get:12 http://127.0.0.1:12990/debian sid/main amd64 libsigsegv2 amd64 2.12-2 [32.8 kB]
Get:13 http://127.0.0.1:12990/debian sid/main amd64 m4 amd64 1.4.18-4 [203 kB]
Get:14 http://127.0.0.1:12990/debian sid/main amd64 autoconf all 2.69-11.1 [341 kB]
Get:15 http://127.0.0.1:12990/debian sid/main amd64 autotools-dev all 20180224.1 [77.0 kB]
Get:16 http://127.0.0.1:12990/debian sid/main amd64 automake all 1:1.16.1-4 [771 kB]
Get:17 http://127.0.0.1:12990/debian sid/main amd64 autopoint all 0.19.8.1-10 [435 kB]
Get:18 http://127.0.0.1:12990/debian sid/main amd64 daemontools amd64 1:0.76-7 [59.2 kB]
Get:19 http://127.0.0.1:12990/debian sid/main amd64 libtool all 2.4.6-13 [513 kB]
Get:20 http://127.0.0.1:12990/debian sid/main amd64 dh-autoreconf all 19 [16.9 kB]
Get:21 http://127.0.0.1:12990/debian sid/main amd64 libdebhelper-perl all 12.9 [183 kB]
Get:22 http://127.0.0.1:12990/debian sid/main amd64 libarchive-zip-perl all 1.67-1 [104 kB]
Get:23 http://127.0.0.1:12990/debian sid/main amd64 libsub-override-perl all 0.09-2 [10.2 kB]
Get:24 http://127.0.0.1:12990/debian sid/main amd64 libfile-stripnondeterminism-perl all 1.6.3-2 [23.7 kB]
Get:25 http://127.0.0.1:12990/debian sid/main amd64 dh-strip-nondeterminism all 1.6.3-2 [14.7 kB]
Get:26 http://127.0.0.1:12990/debian sid/main amd64 libelf1 amd64 0.176-1.1 [161 kB]
Get:27 http://127.0.0.1:12990/debian sid/main amd64 dwz amd64 0.13-5 [151 kB]
Get:28 http://127.0.0.1:12990/debian sid/main amd64 libglib2.0-0 amd64 2.62.4-2 [1319 kB]
Get:29 http://127.0.0.1:12990/debian sid/main amd64 libicu63 amd64 63.2-2 [8301 kB]
Get:30 http://127.0.0.1:12990/debian sid/main amd64 libxml2 amd64 2.9.10+dfsg-3 [709 kB]
Get:31 http://127.0.0.1:12990/debian sid/main amd64 libcroco3 amd64 0.6.13-1 [146 kB]
Get:32 http://127.0.0.1:12990/debian sid/main amd64 gettext amd64 0.19.8.1-10 [1303 kB]
Get:33 http://127.0.0.1:12990/debian sid/main amd64 intltool-debian all 0.35.0+20060710.5 [26.8 kB]
Get:34 http://127.0.0.1:12990/debian sid/main amd64 po-debconf all 1.0.21 [248 kB]
Get:35 http://127.0.0.1:12990/debian sid/main amd64 debhelper all 12.9 [994 kB]
Get:36 http://127.0.0.1:12990/debian sid/main amd64 libevent-2.1-7 amd64 2.1.11-stable-1 [186 kB]
Get:37 http://127.0.0.1:12990/debian sid/main amd64 libgmpxx4ldbl amd64 2:6.2.0+dfsg-4 [23.0 kB]
Get:38 http://127.0.0.1:12990/debian sid/main amd64 libgmp-dev amd64 2:6.2.0+dfsg-4 [643 kB]
Get:39 http://127.0.0.1:12990/debian sid/main amd64 libunbound8 amd64 1.9.6-2 [467 kB]
Get:40 http://127.0.0.1:12990/debian sid/main amd64 libgnutls-dane0 amd64 3.6.12-2 [354 kB]
Get:41 http://127.0.0.1:12990/debian sid/main amd64 libgnutls-openssl27 amd64 3.6.12-2 [355 kB]
Get:42 http://127.0.0.1:12990/debian sid/main amd64 libgnutlsxx28 amd64 3.6.12-2 [14.6 kB]
Get:43 http://127.0.0.1:12990/debian sid/main amd64 libidn2-dev amd64 2.2.0-2 [84.5 kB]
Get:44 http://127.0.0.1:12990/debian sid/main amd64 libp11-kit-dev amd64 0.23.20-1 [205 kB]
Get:45 http://127.0.0.1:12990/debian sid/main amd64 libtasn1-6-dev amd64 4.16.0-2 [104 kB]
Get:46 http://127.0.0.1:12990/debian sid/main amd64 nettle-dev amd64 3.5.1+really3.5.1-2 [1115 kB]
Get:47 http://127.0.0.1:12990/debian sid/main amd64 libgnutls28-dev amd64 3.6.12-2 [1193 kB]
Get:48 http://127.0.0.1:12990/debian sid/main amd64 ucspi-tcp-ipv6 amd64 1:0.88-6 [73.5 kB]
debconf: delaying package configuration, since apt-utils is not installed
Fetched 24.1 MB in 0s (83.9 MB/s)
Selecting previously unselected package bsdmainutils.
(Reading database ... 13921 files and directories currently installed.)
Preparing to unpack .../00-bsdmainutils_11.1.2+b1_amd64.deb ...
Unpacking bsdmainutils (11.1.2+b1) ...
Selecting previously unselected package libuchardet0:amd64.
Preparing to unpack .../01-libuchardet0_0.0.6-3_amd64.deb ...
Unpacking libuchardet0:amd64 (0.0.6-3) ...
Selecting previously unselected package groff-base.
Preparing to unpack .../02-groff-base_1.22.4-4_amd64.deb ...
Unpacking groff-base (1.22.4-4) ...
Selecting previously unselected package libpipeline1:amd64.
Preparing to unpack .../03-libpipeline1_1.5.2-2_amd64.deb ...
Unpacking libpipeline1:amd64 (1.5.2-2) ...
Selecting previously unselected package man-db.
Preparing to unpack .../04-man-db_2.9.0-2_amd64.deb ...
Unpacking man-db (2.9.0-2) ...
Selecting previously unselected package sensible-utils.
Preparing to unpack .../05-sensible-utils_0.0.12+nmu1_all.deb ...
Unpacking sensible-utils (0.0.12+nmu1) ...
Selecting previously unselected package libmagic-mgc.
Preparing to unpack .../06-libmagic-mgc_1%3a5.38-4_amd64.deb ...
Unpacking libmagic-mgc (1:5.38-4) ...
Selecting previously unselected package libmagic1:amd64.
Preparing to unpack .../07-libmagic1_1%3a5.38-4_amd64.deb ...
Unpacking libmagic1:amd64 (1:5.38-4) ...
Selecting previously unselected package file.
Preparing to unpack .../08-file_1%3a5.38-4_amd64.deb ...
Unpacking file (1:5.38-4) ...
Selecting previously unselected package gettext-base.
Preparing to unpack .../09-gettext-base_0.19.8.1-10_amd64.deb ...
Unpacking gettext-base (0.19.8.1-10) ...
Selecting previously unselected package libsigsegv2:amd64.
Preparing to unpack .../10-libsigsegv2_2.12-2_amd64.deb ...
Unpacking libsigsegv2:amd64 (2.12-2) ...
Selecting previously unselected package m4.
Preparing to unpack .../11-m4_1.4.18-4_amd64.deb ...
Unpacking m4 (1.4.18-4) ...
Selecting previously unselected package autoconf.
Preparing to unpack .../12-autoconf_2.69-11.1_all.deb ...
Unpacking autoconf (2.69-11.1) ...
Selecting previously unselected package autotools-dev.
Preparing to unpack .../13-autotools-dev_20180224.1_all.deb ...
Unpacking autotools-dev (20180224.1) ...
Selecting previously unselected package automake.
Preparing to unpack .../14-automake_1%3a1.16.1-4_all.deb ...
Unpacking automake (1:1.16.1-4) ...
Selecting previously unselected package autopoint.
Preparing to unpack .../15-autopoint_0.19.8.1-10_all.deb ...
Unpacking autopoint (0.19.8.1-10) ...
Selecting previously unselected package daemontools.
Preparing to unpack .../16-daemontools_1%3a0.76-7_amd64.deb ...
Unpacking daemontools (1:0.76-7) ...
Selecting previously unselected package libtool.
Preparing to unpack .../17-libtool_2.4.6-13_all.deb ...
Unpacking libtool (2.4.6-13) ...
Selecting previously unselected package dh-autoreconf.
Preparing to unpack .../18-dh-autoreconf_19_all.deb ...
Unpacking dh-autoreconf (19) ...
Selecting previously unselected package libdebhelper-perl.
Preparing to unpack .../19-libdebhelper-perl_12.9_all.deb ...
Unpacking libdebhelper-perl (12.9) ...
Selecting previously unselected package libarchive-zip-perl.
Preparing to unpack .../20-libarchive-zip-perl_1.67-1_all.deb ...
Unpacking libarchive-zip-perl (1.67-1) ...
Selecting previously unselected package libsub-override-perl.
Preparing to unpack .../21-libsub-override-perl_0.09-2_all.deb ...
Unpacking libsub-override-perl (0.09-2) ...
Selecting previously unselected package libfile-stripnondeterminism-perl.
Preparing to unpack .../22-libfile-stripnondeterminism-perl_1.6.3-2_all.deb ...
Unpacking libfile-stripnondeterminism-perl (1.6.3-2) ...
Selecting previously unselected package dh-strip-nondeterminism.
Preparing to unpack .../23-dh-strip-nondeterminism_1.6.3-2_all.deb ...
Unpacking dh-strip-nondeterminism (1.6.3-2) ...
Selecting previously unselected package libelf1:amd64.
Preparing to unpack .../24-libelf1_0.176-1.1_amd64.deb ...
Unpacking libelf1:amd64 (0.176-1.1) ...
Selecting previously unselected package dwz.
Preparing to unpack .../25-dwz_0.13-5_amd64.deb ...
Unpacking dwz (0.13-5) ...
Selecting previously unselected package libglib2.0-0:amd64.
Preparing to unpack .../26-libglib2.0-0_2.62.4-2_amd64.deb ...
Unpacking libglib2.0-0:amd64 (2.62.4-2) ...
Selecting previously unselected package libicu63:amd64.
Preparing to unpack .../27-libicu63_63.2-2_amd64.deb ...
Unpacking libicu63:amd64 (63.2-2) ...
Selecting previously unselected package libxml2:amd64.
Preparing to unpack .../28-libxml2_2.9.10+dfsg-3_amd64.deb ...
Unpacking libxml2:amd64 (2.9.10+dfsg-3) ...
Selecting previously unselected package libcroco3:amd64.
Preparing to unpack .../29-libcroco3_0.6.13-1_amd64.deb ...
Unpacking libcroco3:amd64 (0.6.13-1) ...
Selecting previously unselected package gettext.
Preparing to unpack .../30-gettext_0.19.8.1-10_amd64.deb ...
Unpacking gettext (0.19.8.1-10) ...
Selecting previously unselected package intltool-debian.
Preparing to unpack .../31-intltool-debian_0.35.0+20060710.5_all.deb ...
Unpacking intltool-debian (0.35.0+20060710.5) ...
Selecting previously unselected package po-debconf.
Preparing to unpack .../32-po-debconf_1.0.21_all.deb ...
Unpacking po-debconf (1.0.21) ...
Selecting previously unselected package debhelper.
Preparing to unpack .../33-debhelper_12.9_all.deb ...
Unpacking debhelper (12.9) ...
Selecting previously unselected package libevent-2.1-7:amd64.
Preparing to unpack .../34-libevent-2.1-7_2.1.11-stable-1_amd64.deb ...
Unpacking libevent-2.1-7:amd64 (2.1.11-stable-1) ...
Selecting previously unselected package libgmpxx4ldbl:amd64.
Preparing to unpack .../35-libgmpxx4ldbl_2%3a6.2.0+dfsg-4_amd64.deb ...
Unpacking libgmpxx4ldbl:amd64 (2:6.2.0+dfsg-4) ...
Selecting previously unselected package libgmp-dev:amd64.
Preparing to unpack .../36-libgmp-dev_2%3a6.2.0+dfsg-4_amd64.deb ...
Unpacking libgmp-dev:amd64 (2:6.2.0+dfsg-4) ...
Selecting previously unselected package libunbound8:amd64.
Preparing to unpack .../37-libunbound8_1.9.6-2_amd64.deb ...
Unpacking libunbound8:amd64 (1.9.6-2) ...
Selecting previously unselected package libgnutls-dane0:amd64.
Preparing to unpack .../38-libgnutls-dane0_3.6.12-2_amd64.deb ...
Unpacking libgnutls-dane0:amd64 (3.6.12-2) ...
Selecting previously unselected package libgnutls-openssl27:amd64.
Preparing to unpack .../39-libgnutls-openssl27_3.6.12-2_amd64.deb ...
Unpacking libgnutls-openssl27:amd64 (3.6.12-2) ...
Selecting previously unselected package libgnutlsxx28:amd64.
Preparing to unpack .../40-libgnutlsxx28_3.6.12-2_amd64.deb ...
Unpacking libgnutlsxx28:amd64 (3.6.12-2) ...
Selecting previously unselected package libidn2-dev:amd64.
Preparing to unpack .../41-libidn2-dev_2.2.0-2_amd64.deb ...
Unpacking libidn2-dev:amd64 (2.2.0-2) ...
Selecting previously unselected package libp11-kit-dev:amd64.
Preparing to unpack .../42-libp11-kit-dev_0.23.20-1_amd64.deb ...
Unpacking libp11-kit-dev:amd64 (0.23.20-1) ...
Selecting previously unselected package libtasn1-6-dev:amd64.
Preparing to unpack .../43-libtasn1-6-dev_4.16.0-2_amd64.deb ...
Unpacking libtasn1-6-dev:amd64 (4.16.0-2) ...
Selecting previously unselected package nettle-dev:amd64.
Preparing to unpack .../44-nettle-dev_3.5.1+really3.5.1-2_amd64.deb ...
Unpacking nettle-dev:amd64 (3.5.1+really3.5.1-2) ...
Selecting previously unselected package libgnutls28-dev:amd64.
Preparing to unpack .../45-libgnutls28-dev_3.6.12-2_amd64.deb ...
Unpacking libgnutls28-dev:amd64 (3.6.12-2) ...
Selecting previously unselected package ucspi-tcp-ipv6.
Preparing to unpack .../46-ucspi-tcp-ipv6_1%3a0.88-6_amd64.deb ...
Unpacking ucspi-tcp-ipv6 (1:0.88-6) ...
Selecting previously unselected package sbuild-build-depends-main-dummy.
Preparing to unpack .../47-sbuild-build-depends-main-dummy_0.invalid.0_amd64.deb ...
Unpacking sbuild-build-depends-main-dummy (0.invalid.0) ...
Setting up libpipeline1:amd64 (1.5.2-2) ...
Setting up libgnutls-openssl27:amd64 (3.6.12-2) ...
Setting up libmagic-mgc (1:5.38-4) ...
Setting up libarchive-zip-perl (1.67-1) ...
Setting up libglib2.0-0:amd64 (2.62.4-2) ...
No schema files found: doing nothing.
Setting up libdebhelper-perl (12.9) ...
Setting up libmagic1:amd64 (1:5.38-4) ...
Setting up gettext-base (0.19.8.1-10) ...
Setting up file (1:5.38-4) ...
Setting up libicu63:amd64 (63.2-2) ...
Setting up autotools-dev (20180224.1) ...
Setting up libgmpxx4ldbl:amd64 (2:6.2.0+dfsg-4) ...
Setting up libsigsegv2:amd64 (2.12-2) ...
Setting up bsdmainutils (11.1.2+b1) ...
update-alternatives: using /usr/bin/bsd-write to provide /usr/bin/write (write) in auto mode
update-alternatives: using /usr/bin/bsd-from to provide /usr/bin/from (from) in auto mode
Setting up libevent-2.1-7:amd64 (2.1.11-stable-1) ...
Setting up autopoint (0.19.8.1-10) ...
Setting up libgnutlsxx28:amd64 (3.6.12-2) ...
Setting up ucspi-tcp-ipv6 (1:0.88-6) ...
Setting up libidn2-dev:amd64 (2.2.0-2) ...
Setting up sensible-utils (0.0.12+nmu1) ...
Setting up libuchardet0:amd64 (0.0.6-3) ...
Setting up daemontools (1:0.76-7) ...
Setting up libsub-override-perl (0.09-2) ...
Setting up libtasn1-6-dev:amd64 (4.16.0-2) ...
Setting up libelf1:amd64 (0.176-1.1) ...
Setting up libxml2:amd64 (2.9.10+dfsg-3) ...
Setting up libp11-kit-dev:amd64 (0.23.20-1) ...
Setting up libfile-stripnondeterminism-perl (1.6.3-2) ...
Setting up libgmp-dev:amd64 (2:6.2.0+dfsg-4) ...
Setting up nettle-dev:amd64 (3.5.1+really3.5.1-2) ...
Setting up libtool (2.4.6-13) ...
Setting up m4 (1.4.18-4) ...
Setting up libunbound8:amd64 (1.9.6-2) ...
Setting up libcroco3:amd64 (0.6.13-1) ...
Setting up autoconf (2.69-11.1) ...
Setting up dh-strip-nondeterminism (1.6.3-2) ...
Setting up dwz (0.13-5) ...
Setting up groff-base (1.22.4-4) ...
Setting up automake (1:1.16.1-4) ...
update-alternatives: using /usr/bin/automake-1.16 to provide /usr/bin/automake (automake) in auto mode
Setting up libgnutls-dane0:amd64 (3.6.12-2) ...
Setting up gettext (0.19.8.1-10) ...
Setting up man-db (2.9.0-2) ...
Not building database; man-db/auto-update is not 'true'.
Setting up intltool-debian (0.35.0+20060710.5) ...
Setting up libgnutls28-dev:amd64 (3.6.12-2) ...
Setting up po-debconf (1.0.21) ...
Setting up dh-autoreconf (19) ...
Setting up debhelper (12.9) ...
Setting up sbuild-build-depends-main-dummy (0.invalid.0) ...
Processing triggers for libc-bin (2.29-10) ...

+------------------------------------------------------------------------------+
| Check architectures                                                          |
+------------------------------------------------------------------------------+

Arch check ok (amd64 included in any)

+------------------------------------------------------------------------------+
| Build environment                                                            |
+------------------------------------------------------------------------------+

Kernel: Linux 4.19.0-6-cloud-amd64 #1 SMP Debian 4.19.67-2+deb10u2 (2019-11-11) amd64 (x86_64)
Toolchain package versions: binutils_2.34-3 dpkg-dev_1.19.7 g++-9_9.2.1-30 gcc-9_9.2.1-30 libc6-dev_2.29-10 libstdc++-8-dev_8.3.0-29 libstdc++-9-dev_9.2.1-30 libstdc++6_10-20200222-1 linux-libc-dev_5.4.19-1
Package versions: adduser_3.118 apt_1.8.4 autoconf_2.69-11.1 automake_1:1.16.1-4 autopoint_0.19.8.1-10 autotools-dev_20180224.1 base-files_11 base-passwd_3.5.47 bash_5.0-6 binutils_2.34-3 binutils-common_2.34-3 binutils-x86-64-linux-gnu_2.34-3 bsdmainutils_11.1.2+b1 bsdutils_1:2.34-0.1 build-essential_12.8 bzip2_1.0.8-2 clang-9_1:9.0.1-8 coreutils_8.30-3+b1 cpp_4:9.2.1-3.1 cpp-9_9.2.1-30 daemontools_1:0.76-7 dash_0.5.10.2-6 debconf_1.5.73 debhelper_12.9 debian-archive-keyring_2019.1 debianutils_4.9.1 dh-autoreconf_19 dh-strip-nondeterminism_1.6.3-2 diffutils_1:3.7-3 dpkg_1.19.7 dpkg-dev_1.19.7 dwz_0.13-5 e2fsprogs_1.45.5-2 fakeroot_1.24-1 fdisk_2.34-0.1 file_1:5.38-4 findutils_4.7.0-1 g++_4:9.2.1-3.1 g++-9_9.2.1-30 gcc_4:9.2.1-3.1 gcc-10-base_10-20200222-1 gcc-8-base_8.3.0-29 gcc-9_9.2.1-30 gcc-9-base_9.2.1-30 gettext_0.19.8.1-10 gettext-base_0.19.8.1-10 gpgv_2.2.19-1 grep_3.4-1 groff-base_1.22.4-4 gzip_1.9-3+b1 hostname_3.23 init-system-helpers_1.57 intltool-debian_0.35.0+20060710.5 lib32gcc-s1_10-20200222-1 lib32gcc1_1:10-20200222-1 lib32stdc++6_10-20200222-1 libacl1_2.2.53-5 libapt-pkg5.0_1.8.4 libarchive-zip-perl_1.67-1 libasan5_9.2.1-30 libatomic1_10-20200222-1 libattr1_1:2.4.48-5 libaudit-common_1:2.8.5-2 libaudit1_1:2.8.5-2+b1 libbinutils_2.34-3 libblkid1_2.34-0.1 libbsd0_0.10.0-1 libbz2-1.0_1.0.8-2 libc-bin_2.29-10 libc-dev-bin_2.29-10 libc6_2.29-10 libc6-dev_2.29-10 libc6-i386_2.29-10 libcap-ng0_0.7.9-2.1+b1 libcc1-0_10-20200222-1 libclang-common-9-dev_1:9.0.1-8 libclang-cpp9_1:9.0.1-8 libcom-err2_1.45.5-2 libcroco3_0.6.13-1 libcrypt-dev_1:4.4.10-10 libcrypt1_1:4.4.10-10 libctf-nobfd0_2.34-3 libctf0_2.34-3 libdb5.3_5.3.28+dfsg1-0.6 libdebconfclient0_0.251 libdebhelper-perl_12.9 libdpkg-perl_1.19.7 libedit2_3.1-20191231-1 libelf1_0.176-1.1 libevent-2.1-7_2.1.11-stable-1 libext2fs2_1.45.5-2 libfakeroot_1.24-1 libfdisk1_2.34-0.1 libffi7_3.3-3 libfile-stripnondeterminism-perl_1.6.3-2 libgc1c2_1:7.6.4-0.4 libgcc-8-dev_8.3.0-29 libgcc-9-dev_9.2.1-30 libgcc-s1_10-20200222-1 libgcc1_1:10-20200222-1 libgcrypt20_1.8.5-5 libgdbm-compat4_1.18.1-5 libgdbm6_1.18.1-5 libglib2.0-0_2.62.4-2 libgmp-dev_2:6.2.0+dfsg-4 libgmp10_2:6.2.0+dfsg-4 libgmpxx4ldbl_2:6.2.0+dfsg-4 libgnutls-dane0_3.6.12-2 libgnutls-openssl27_3.6.12-2 libgnutls28-dev_3.6.12-2 libgnutls30_3.6.12-2 libgnutlsxx28_3.6.12-2 libgomp1_10-20200222-1 libgpg-error0_1.37-1 libhogweed5_3.5.1+really3.5.1-2 libicu63_63.2-2 libidn2-0_2.2.0-2 libidn2-dev_2.2.0-2 libisl22_0.22.1-1 libitm1_10-20200222-1 libllvm9_1:9.0.1-8 liblsan0_10-20200222-1 liblz4-1_1.9.2-2 liblzma5_5.2.4-1+b1 libmagic-mgc_1:5.38-4 libmagic1_1:5.38-4 libmount1_2.34-0.1 libmpc3_1.1.0-1 libmpfr6_4.0.2-1 libmpx2_8.3.0-29 libncursesw6_6.1+20191019-1 libnettle7_3.5.1+really3.5.1-2 libobjc-8-dev_8.3.0-29 libobjc-9-dev_9.2.1-30 libobjc4_10-20200222-1 libomp-9-dev_1:9.0.1-8 libomp5-9_1:9.0.1-8 libp11-kit-dev_0.23.20-1 libp11-kit0_0.23.20-1 libpam-modules_1.3.1-5 libpam-modules-bin_1.3.1-5 libpam-runtime_1.3.1-5 libpam0g_1.3.1-5 libpcre2-8-0_10.34-7 libpcre3_2:8.39-12+b1 libperl5.30_5.30.0-9 libpipeline1_1.5.2-2 libquadmath0_10-20200222-1 libseccomp2_2.4.2-2 libselinux1_3.0-1+b1 libsemanage-common_3.0-1 libsemanage1_3.0-1+b1 libsepol1_3.0-1 libsigsegv2_2.12-2 libsmartcols1_2.34-0.1 libss2_1.45.5-2 libstdc++-8-dev_8.3.0-29 libstdc++-9-dev_9.2.1-30 libstdc++6_10-20200222-1 libsub-override-perl_0.09-2 libsystemd0_244.3-1 libtasn1-6_4.16.0-2 libtasn1-6-dev_4.16.0-2 libtinfo6_6.1+20191019-1 libtool_2.4.6-13 libtsan0_10-20200222-1 libubsan1_10-20200222-1 libuchardet0_0.0.6-3 libudev1_244.3-1 libunbound8_1.9.6-2 libunistring2_0.9.10-2 libuuid1_2.34-0.1 libxml2_2.9.10+dfsg-3 libz3-4_4.8.7-4 libzstd1_1.4.4+dfsg-3 linux-libc-dev_5.4.19-1 login_1:4.8.1-1 logsave_1.45.5-2 lsb-base_11.1.0 m4_1.4.18-4 make_4.2.1-1.2 man-db_2.9.0-2 mawk_1.3.4.20200120-2 mount_2.34-0.1 ncurses-base_6.1+20191019-1 ncurses-bin_6.1+20191019-1 nettle-dev_3.5.1+really3.5.1-2 passwd_1:4.8.1-1 patch_2.7.6-6 perl_5.30.0-9 perl-base_5.30.0-9 perl-modules-5.30_5.30.0-9 po-debconf_1.0.21 sbuild-build-depends-main-dummy_0.invalid.0 sed_4.7-1 sensible-utils_0.0.12+nmu1 sysvinit-utils_2.96-2.1 tar_1.30+dfsg-6+b1 tzdata_2019c-3 ucspi-tcp-ipv6_1:0.88-6 util-linux_2.34-0.1 xz-utils_5.2.4-1+b1 zlib1g_1:1.2.11.dfsg-2

+------------------------------------------------------------------------------+
| Build                                                                        |
+------------------------------------------------------------------------------+


Unpack source
-------------

-----BEGIN PGP SIGNED MESSAGE-----
Hash: SHA256

Format: 3.0 (quilt)
Source: nullmailer
Binary: nullmailer
Architecture: any
Version: 1:2.2-3
Maintainer: David Bremner <bremner@debian.org>
Uploaders: Felix Lechner <felix.lechner@lease-up.com>
Homepage: http://untroubled.org/nullmailer/
Standards-Version: 4.1.2
Build-Depends: daemontools, debhelper (>= 10.8), libgnutls28-dev | libgnutls-dev, po-debconf, ucspi-tcp-ipv6
Package-List:
 nullmailer deb mail optional arch=any
Checksums-Sha1:
 3af06b14d5b6f19b6d6cb737cfb262179f2071c5 90462 nullmailer_2.2.orig.tar.gz
 4382fd35e760e5b5a38e62418e468791f1f7d778 27952 nullmailer_2.2-3.debian.tar.xz
Checksums-Sha256:
 6d277f69f1999c86df0ca9a97a4f14f9bb431c50fd4e016918290b84ff679241 90462 nullmailer_2.2.orig.tar.gz
 9a7cdabd29578c699f0b65bb3c9dc50fc68a72d6381c614daa88d4affdd5667b 27952 nullmailer_2.2-3.debian.tar.xz
Files:
 bf957e8527e73b9deb7a7ab56039c767 90462 nullmailer_2.2.orig.tar.gz
 dcce7eb101a46f6008be2215e1d9a741 27952 nullmailer_2.2-3.debian.tar.xz
Dgit: 58712a56364320e9e804cbd673982f7ad66db17a debian archive/debian/1%2.2-3 https://git.dgit.debian.org/nullmailer

-----BEGIN PGP SIGNATURE-----

iQGzBAEBCAAdFiEE3VS2dnyDRXKVCQCp8gKXHaSnniwFAlwhbeQACgkQ8gKXHaSn
nizeOQwAhbym9MJCeKKRA7TDc7UHg3Jg2u5VQ1HaC+taMK1E9nq+2YBuuRLjuHox
4PjxQMwhPAil3hmQ7prpv/a27rGv6tUMcCwg7XtwA96GVKd61nckiQ9i/u6jbRHB
MXqp8iTJfoyN/ML4GBRehR2Z2OZpL92k1X0nLvCiulli4x7tmXpqhUo1IejNi0xu
+8KT29Gg1rpU0Mh8TBXgZNvv4i9bADyRtTyJwiTnWM2jowlYhVkbyMohZ4U3ojii
SQ7WpQ9bODsaxtKr/6y090kEEQMGl4PcIrbS4ELivnGNbDVQgwBTEoD7wERvEZ2g
2W5hAfDCZF7cStrL4KNz6jo7VmVwzKaTG8G3C3wXMzFyhDB9kQ3k2ipo9wVrfk81
3IHfKJS/N7SDemL+hbRru0LpiNsshtAlydfRVDTDtnxs8idElsWz6/HpcQw9rU0u
rsN1NOYGSjWvbBbgj/j2t56QMdHnltGTKzKjZ7plJi1a5abrW6Un1HulNb/yYQnh
1tjsvtgW
=Zdgr
-----END PGP SIGNATURE-----

gpgv: unknown type of key resource 'trustedkeys.kbx'
gpgv: keyblock resource '/sbuild-nonexistent/.gnupg/trustedkeys.kbx': General error
gpgv: Signature made Mon Dec 24 23:38:12 2018 UTC
gpgv:                using RSA key DD54B6767C834572950900A9F202971DA4A79E2C
gpgv: Can't check signature: No public key
dpkg-source: warning: failed to verify signature on ./nullmailer_2.2-3.dsc
dpkg-source: info: extracting nullmailer in /<<PKGBUILDDIR>>
dpkg-source: info: unpacking nullmailer_2.2.orig.tar.gz
dpkg-source: info: unpacking nullmailer_2.2-3.debian.tar.xz
dpkg-source: info: using patch list from debian/patches/series
dpkg-source: info: applying 0001-Remove-race-conditions-from-tests.patch
dpkg-source: info: applying 0004-Sort-files-in-archive-reproducible-builds.patch
dpkg-source: info: applying 0004-Allow-unqualified-sender-address.patch
dpkg-source: info: applying 0005-Provide-for-etc-mailname.patch
dpkg-source: info: applying 0006-Refer-to-manpages-and-locations-provided-by-Debian.patch
dpkg-source: info: applying 0006-Disable-DNS-using-test.patch
dpkg-source: info: applying 0007-disable-all-smtp-auth-tests.patch

Check disk space
----------------

Sufficient free space for build

User Environment
----------------

APT_CONFIG=/var/lib/sbuild/apt.conf
HOME=/sbuild-nonexistent
LANG=C.UTF-8
LC_ALL=C.UTF-8
LOGNAME=user42
PATH=/usr/local/sbin:/usr/local/bin:/usr/sbin:/usr/bin:/sbin:/bin:/usr/games
SCHROOT_ALIAS_NAME=unstable
SCHROOT_CHROOT_NAME=sid-amd64-sbuild
SCHROOT_COMMAND=env
SCHROOT_GID=1001
SCHROOT_GROUP=user42
SCHROOT_SESSION_ID=sid-amd64-sbuild-46f15529-05c2-47f7-83bd-249be799623c
SCHROOT_UID=1001
SCHROOT_USER=user42
SHELL=/bin/sh
USER=user42

dpkg-buildpackage
-----------------

Command: dpkg-buildpackage -us -uc -b -rfakeroot
dpkg-buildpackage: info: source package nullmailer
dpkg-buildpackage: info: source version 1:2.2-3
dpkg-buildpackage: info: source distribution unstable
dpkg-buildpackage: info: source changed by David Bremner <bremner@debian.org>
 dpkg-source --before-build .
dpkg-buildpackage: info: host architecture amd64
 fakeroot debian/rules clean
dh clean
   dh_clean
 debian/rules build
dh build
   dh_update_autotools_config
   debian/rules override_dh_autoreconf
make[1]: Entering directory '/<<PKGBUILDDIR>>'
touch ChangeLog
dh_autoreconf
configure.ac:9: installing './compile'
configure.ac:4: installing './install-sh'
configure.ac:4: installing './missing'
lib/Makefile.am: installing './depcomp'
make[1]: Leaving directory '/<<PKGBUILDDIR>>'
   debian/rules override_dh_auto_configure
make[1]: Entering directory '/<<PKGBUILDDIR>>'
dh_auto_configure -- --libexecdir=/usr/lib --enable-tls
	./configure --build=x86_64-linux-gnu --prefix=/usr --includedir=\${prefix}/include --mandir=\${prefix}/share/man --infodir=\${prefix}/share/info --sysconfdir=/etc --localstatedir=/var --disable-silent-rules --libdir=\${prefix}/lib/x86_64-linux-gnu --libexecdir=\${prefix}/lib/x86_64-linux-gnu --disable-maintainer-mode --disable-dependency-tracking --libexecdir=/usr/lib --enable-tls
configure: WARNING: unrecognized options: --disable-maintainer-mode
checking for a BSD-compatible install... /usr/bin/install -c
checking whether build environment is sane... yes
checking for a thread-safe mkdir -p... /bin/mkdir -p
checking for gawk... no
checking for mawk... mawk
checking whether make sets $(MAKE)... yes
checking whether make supports nested variables... yes
checking whether make sets $(MAKE)... (cached) yes
checking for gcc... gcc
checking whether the C compiler works... yes
checking for C compiler default output file name... a.out
checking for suffix of executables... 
checking whether we are cross compiling... no
checking for suffix of object files... o
checking whether we are using the GNU C compiler... yes
checking whether gcc accepts -g... yes
checking for gcc option to accept ISO C89... none needed
checking whether gcc understands -c and -o together... yes
checking whether make supports the include directive... yes (GNU style)
checking dependency style of gcc... none
checking for g++... g++
checking whether we are using the GNU C++ compiler... yes
checking whether g++ accepts -g... yes
checking dependency style of g++... none
checking whether g++ accepts -fno-rtti... yes
checking whether g++ accepts -fno-exceptions... yes
checking for special C compiler options needed for large files... no
checking for _FILE_OFFSET_BITS value needed for large files... no
checking for ranlib... ranlib
checking for strip... /usr/bin/strip
checking for rm... /bin/rm
checking for mkdir... /bin/mkdir
checking for socket in -lxnet... no
checking for socket in -linet... no
checking for socket in -lsocket... no
checking for dirent.h that defines DIR... yes
checking for library containing opendir... none required
checking how to run the C++ preprocessor... g++ -E
checking for grep that handles long lines and -e... /bin/grep
checking for egrep... /bin/grep -E
checking for ANSI C header files... yes
checking for sys/wait.h that is POSIX.1 compatible... yes
checking whether time.h and sys/time.h may both be included... yes
checking for sys/types.h... yes
checking for sys/stat.h... yes
checking for stdlib.h... yes
checking for string.h... yes
checking for memory.h... yes
checking for strings.h... yes
checking for inttypes.h... yes
checking for stdint.h... yes
checking for unistd.h... yes
checking sys/time.h usability... yes
checking sys/time.h presence... yes
checking for sys/time.h... yes
checking for unistd.h... (cached) yes
checking for size_t... yes
checking whether struct tm contains tm_isdst... yes
checking whether struct tm contains __tm_isdst... no
checking whether struct tm contains tm_gmtoff... yes
checking whether struct tm contains __tm_gmtoff... no
checking whether struct utsname contains domainname... yes
checking whether struct utsname contains __domainname... no
checking whether named pipes are buggy... no
checking for setenv... yes
checking for srandom... yes
checking for getaddrinfo... yes
checking for gnutls_certificate_set_verify_function in -lgnutls... yes
checking for gnutls_priority_set_direct in -lgnutls... yes
checking that generated files are newer than configure... done
configure: creating ./config.status
config.status: creating Makefile
config.status: creating doc/Makefile
config.status: creating lib/Makefile
config.status: creating lib/cli++/Makefile
config.status: creating lib/fdbuf/Makefile
config.status: creating lib/mystring/Makefile
config.status: creating protocols/Makefile
config.status: creating src/Makefile
config.status: creating test/Makefile
config.status: creating config.h
config.status: executing depfiles commands
configure: WARNING: unrecognized options: --disable-maintainer-mode
make[1]: Leaving directory '/<<PKGBUILDDIR>>'
   dh_auto_build
	make -j4
make[1]: Entering directory '/<<PKGBUILDDIR>>'
make  all-recursive
make[2]: Entering directory '/<<PKGBUILDDIR>>'
Making all in doc
make[3]: Entering directory '/<<PKGBUILDDIR>>/doc'
make[3]: Nothing to be done for 'all'.
make[3]: Leaving directory '/<<PKGBUILDDIR>>/doc'
Making all in lib
make[3]: Entering directory '/<<PKGBUILDDIR>>/lib'
Making all in cli++
make[4]: Entering directory '/<<PKGBUILDDIR>>/lib/cli++'
g++ -DHAVE_CONFIG_H -I. -I../..  -I../../lib -Wdate-time -D_FORTIFY_SOURCE=2  -g -O2 -fdebug-prefix-map=/<<PKGBUILDDIR>>=. -fstack-protector-strong -Wformat -Werror=format-security -fno-rtti -fno-exceptions -W -Wall -c -o main.o main.cc
g++ -DHAVE_CONFIG_H -I. -I../..  -I../../lib -Wdate-time -D_FORTIFY_SOURCE=2  -g -O2 -fdebug-prefix-map=/<<PKGBUILDDIR>>=. -fstack-protector-strong -Wformat -Werror=format-security -fno-rtti -fno-exceptions -W -Wall -c -o messages.o messages.cc
g++ -DHAVE_CONFIG_H -I. -I../..  -I../../lib -Wdate-time -D_FORTIFY_SOURCE=2  -g -O2 -fdebug-prefix-map=/<<PKGBUILDDIR>>=. -fstack-protector-strong -Wformat -Werror=format-security -fno-rtti -fno-exceptions -W -Wall -c -o only_long.o only_long.cc
rm -f libcli++.a
ar cru libcli++.a main.o messages.o only_long.o 
ar: `u' modifier ignored since `D' is the default (see `U')
ranlib libcli++.a
make[4]: Leaving directory '/<<PKGBUILDDIR>>/lib/cli++'
Making all in fdbuf
make[4]: Entering directory '/<<PKGBUILDDIR>>/lib/fdbuf'
g++ -DHAVE_CONFIG_H -I. -I../..  -I../../lib -Wdate-time -D_FORTIFY_SOURCE=2  -g -O2 -fdebug-prefix-map=/<<PKGBUILDDIR>>=. -fstack-protector-strong -Wformat -Werror=format-security -fno-rtti -fno-exceptions -W -Wall -c -o fdbuf.o fdbuf.cc
g++ -DHAVE_CONFIG_H -I. -I../..  -I../../lib -Wdate-time -D_FORTIFY_SOURCE=2  -g -O2 -fdebug-prefix-map=/<<PKGBUILDDIR>>=. -fstack-protector-strong -Wformat -Werror=format-security -fno-rtti -fno-exceptions -W -Wall -c -o fdbuf_copy.o fdbuf_copy.cc
g++ -DHAVE_CONFIG_H -I. -I../..  -I../../lib -Wdate-time -D_FORTIFY_SOURCE=2  -g -O2 -fdebug-prefix-map=/<<PKGBUILDDIR>>=. -fstack-protector-strong -Wformat -Werror=format-security -fno-rtti -fno-exceptions -W -Wall -c -o fdibuf.o fdibuf.cc
g++ -DHAVE_CONFIG_H -I. -I../..  -I../../lib -Wdate-time -D_FORTIFY_SOURCE=2  -g -O2 -fdebug-prefix-map=/<<PKGBUILDDIR>>=. -fstack-protector-strong -Wformat -Werror=format-security -fno-rtti -fno-exceptions -W -Wall -c -o fdobuf.o fdobuf.cc
fdbuf.cc:60:3: warning: 'delete' applied to a pointer that was allocated with 'new[]'; did you mean 'delete[]'? [-Wmismatched-new-delete]
  delete buf;
  ^
        []
fdbuf.cc:27:9: note: allocated with 'new[]' here
  : buf(new char[bufsz]),
        ^
g++ -DHAVE_CONFIG_H -I. -I../..  -I../../lib -Wdate-time -D_FORTIFY_SOURCE=2  -g -O2 -fdebug-prefix-map=/<<PKGBUILDDIR>>=. -fstack-protector-strong -Wformat -Werror=format-security -fno-rtti -fno-exceptions -W -Wall -c -o fdobuf_chownmod.o fdobuf_chownmod.cc
1 warning generated.
g++ -DHAVE_CONFIG_H -I. -I../..  -I../../lib -Wdate-time -D_FORTIFY_SOURCE=2  -g -O2 -fdebug-prefix-map=/<<PKGBUILDDIR>>=. -fstack-protector-strong -Wformat -Werror=format-security -fno-rtti -fno-exceptions -W -Wall -c -o fdobuf_seek.o fdobuf_seek.cc
g++ -DHAVE_CONFIG_H -I. -I../..  -I../../lib -Wdate-time -D_FORTIFY_SOURCE=2  -g -O2 -fdebug-prefix-map=/<<PKGBUILDDIR>>=. -fstack-protector-strong -Wformat -Werror=format-security -fno-rtti -fno-exceptions -W -Wall -c -o fdobuf_signed.o fdobuf_signed.cc
g++ -DHAVE_CONFIG_H -I. -I../..  -I../../lib -Wdate-time -D_FORTIFY_SOURCE=2  -g -O2 -fdebug-prefix-map=/<<PKGBUILDDIR>>=. -fstack-protector-strong -Wformat -Werror=format-security -fno-rtti -fno-exceptions -W -Wall -c -o fdobuf_unsigned.o fdobuf_unsigned.cc
g++ -DHAVE_CONFIG_H -I. -I../..  -I../../lib -Wdate-time -D_FORTIFY_SOURCE=2  -g -O2 -fdebug-prefix-map=/<<PKGBUILDDIR>>=. -fstack-protector-strong -Wformat -Werror=format-security -fno-rtti -fno-exceptions -W -Wall -c -o tlsibuf.o tlsibuf.cc
g++ -DHAVE_CONFIG_H -I. -I../..  -I../../lib -Wdate-time -D_FORTIFY_SOURCE=2  -g -O2 -fdebug-prefix-map=/<<PKGBUILDDIR>>=. -fstack-protector-strong -Wformat -Werror=format-security -fno-rtti -fno-exceptions -W -Wall -c -o tlsobuf.o tlsobuf.cc
g++ -DHAVE_CONFIG_H -I. -I../..  -I../../lib -Wdate-time -D_FORTIFY_SOURCE=2  -g -O2 -fdebug-prefix-map=/<<PKGBUILDDIR>>=. -fstack-protector-strong -Wformat -Werror=format-security -fno-rtti -fno-exceptions -W -Wall -c -o fdibuf_mystring.o fdibuf_mystring.cc
g++ -DHAVE_CONFIG_H -I. -I../..  -I../../lib -Wdate-time -D_FORTIFY_SOURCE=2  -g -O2 -fdebug-prefix-map=/<<PKGBUILDDIR>>=. -fstack-protector-strong -Wformat -Werror=format-security -fno-rtti -fno-exceptions -W -Wall -c -o fdibuf_netstring.o fdibuf_netstring.cc
rm -f libfdbuf.a
ar cru libfdbuf.a fdbuf.o fdbuf_copy.o fdibuf.o fdobuf.o fdobuf_chownmod.o fdobuf_seek.o fdobuf_signed.o fdobuf_unsigned.o tlsibuf.o tlsobuf.o fdibuf_mystring.o fdibuf_netstring.o 
ar: `u' modifier ignored since `D' is the default (see `U')
ranlib libfdbuf.a
make[4]: Leaving directory '/<<PKGBUILDDIR>>/lib/fdbuf'
Making all in mystring
make[4]: Entering directory '/<<PKGBUILDDIR>>/lib/mystring'
g++ -DHAVE_CONFIG_H -I. -I../..  -I../../lib -Wdate-time -D_FORTIFY_SOURCE=2  -g -O2 -fdebug-prefix-map=/<<PKGBUILDDIR>>=. -fstack-protector-strong -Wformat -Werror=format-security -fno-rtti -fno-exceptions -W -Wall -c -o append.o append.cc
g++ -DHAVE_CONFIG_H -I. -I../..  -I../../lib -Wdate-time -D_FORTIFY_SOURCE=2  -g -O2 -fdebug-prefix-map=/<<PKGBUILDDIR>>=. -fstack-protector-strong -Wformat -Werror=format-security -fno-rtti -fno-exceptions -W -Wall -c -o assign.o assign.cc
g++ -DHAVE_CONFIG_H -I. -I../..  -I../../lib -Wdate-time -D_FORTIFY_SOURCE=2  -g -O2 -fdebug-prefix-map=/<<PKGBUILDDIR>>=. -fstack-protector-strong -Wformat -Werror=format-security -fno-rtti -fno-exceptions -W -Wall -c -o count.o count.cc
g++ -DHAVE_CONFIG_H -I. -I../..  -I../../lib -Wdate-time -D_FORTIFY_SOURCE=2  -g -O2 -fdebug-prefix-map=/<<PKGBUILDDIR>>=. -fstack-protector-strong -Wformat -Werror=format-security -fno-rtti -fno-exceptions -W -Wall -c -o fdobuf.o fdobuf.cc
g++ -DHAVE_CONFIG_H -I. -I../..  -I../../lib -Wdate-time -D_FORTIFY_SOURCE=2  -g -O2 -fdebug-prefix-map=/<<PKGBUILDDIR>>=. -fstack-protector-strong -Wformat -Werror=format-security -fno-rtti -fno-exceptions -W -Wall -c -o find_first_ch.o find_first_ch.cc
g++ -DHAVE_CONFIG_H -I. -I../..  -I../../lib -Wdate-time -D_FORTIFY_SOURCE=2  -g -O2 -fdebug-prefix-map=/<<PKGBUILDDIR>>=. -fstack-protector-strong -Wformat -Werror=format-security -fno-rtti -fno-exceptions -W -Wall -c -o find_first_of.o find_first_of.cc
g++ -DHAVE_CONFIG_H -I. -I../..  -I../../lib -Wdate-time -D_FORTIFY_SOURCE=2  -g -O2 -fdebug-prefix-map=/<<PKGBUILDDIR>>=. -fstack-protector-strong -Wformat -Werror=format-security -fno-rtti -fno-exceptions -W -Wall -c -o find_last_ch.o find_last_ch.cc
g++ -DHAVE_CONFIG_H -I. -I../..  -I../../lib -Wdate-time -D_FORTIFY_SOURCE=2  -g -O2 -fdebug-prefix-map=/<<PKGBUILDDIR>>=. -fstack-protector-strong -Wformat -Werror=format-security -fno-rtti -fno-exceptions -W -Wall -c -o find_last_of.o find_last_of.cc
g++ -DHAVE_CONFIG_H -I. -I../..  -I../../lib -Wdate-time -D_FORTIFY_SOURCE=2  -g -O2 -fdebug-prefix-map=/<<PKGBUILDDIR>>=. -fstack-protector-strong -Wformat -Werror=format-security -fno-rtti -fno-exceptions -W -Wall -c -o iter.o iter.cc
g++ -DHAVE_CONFIG_H -I. -I../..  -I../../lib -Wdate-time -D_FORTIFY_SOURCE=2  -g -O2 -fdebug-prefix-map=/<<PKGBUILDDIR>>=. -fstack-protector-strong -Wformat -Werror=format-security -fno-rtti -fno-exceptions -W -Wall -c -o join.o join.cc
g++ -DHAVE_CONFIG_H -I. -I../..  -I../../lib -Wdate-time -D_FORTIFY_SOURCE=2  -g -O2 -fdebug-prefix-map=/<<PKGBUILDDIR>>=. -fstack-protector-strong -Wformat -Werror=format-security -fno-rtti -fno-exceptions -W -Wall -c -o lower.o lower.cc
g++ -DHAVE_CONFIG_H -I. -I../..  -I../../lib -Wdate-time -D_FORTIFY_SOURCE=2  -g -O2 -fdebug-prefix-map=/<<PKGBUILDDIR>>=. -fstack-protector-strong -Wformat -Werror=format-security -fno-rtti -fno-exceptions -W -Wall -c -o lstrip.o lstrip.cc
g++ -DHAVE_CONFIG_H -I. -I../..  -I../../lib -Wdate-time -D_FORTIFY_SOURCE=2  -g -O2 -fdebug-prefix-map=/<<PKGBUILDDIR>>=. -fstack-protector-strong -Wformat -Werror=format-security -fno-rtti -fno-exceptions -W -Wall -c -o mystring.o mystring.cc
g++ -DHAVE_CONFIG_H -I. -I../..  -I../../lib -Wdate-time -D_FORTIFY_SOURCE=2  -g -O2 -fdebug-prefix-map=/<<PKGBUILDDIR>>=. -fstack-protector-strong -Wformat -Werror=format-security -fno-rtti -fno-exceptions -W -Wall -c -o rep.o rep.cc
g++ -DHAVE_CONFIG_H -I. -I../..  -I../../lib -Wdate-time -D_FORTIFY_SOURCE=2  -g -O2 -fdebug-prefix-map=/<<PKGBUILDDIR>>=. -fstack-protector-strong -Wformat -Werror=format-security -fno-rtti -fno-exceptions -W -Wall -c -o starts_with.o starts_with.cc
g++ -DHAVE_CONFIG_H -I. -I../..  -I../../lib -Wdate-time -D_FORTIFY_SOURCE=2  -g -O2 -fdebug-prefix-map=/<<PKGBUILDDIR>>=. -fstack-protector-strong -Wformat -Werror=format-security -fno-rtti -fno-exceptions -W -Wall -c -o rstrip.o rstrip.cc
g++ -DHAVE_CONFIG_H -I. -I../..  -I../../lib -Wdate-time -D_FORTIFY_SOURCE=2  -g -O2 -fdebug-prefix-map=/<<PKGBUILDDIR>>=. -fstack-protector-strong -Wformat -Werror=format-security -fno-rtti -fno-exceptions -W -Wall -c -o sub.o sub.cc
g++ -DHAVE_CONFIG_H -I. -I../..  -I../../lib -Wdate-time -D_FORTIFY_SOURCE=2  -g -O2 -fdebug-prefix-map=/<<PKGBUILDDIR>>=. -fstack-protector-strong -Wformat -Werror=format-security -fno-rtti -fno-exceptions -W -Wall -c -o subst.o subst.cc
g++ -DHAVE_CONFIG_H -I. -I../..  -I../../lib -Wdate-time -D_FORTIFY_SOURCE=2  -g -O2 -fdebug-prefix-map=/<<PKGBUILDDIR>>=. -fstack-protector-strong -Wformat -Werror=format-security -fno-rtti -fno-exceptions -W -Wall -c -o strip.o strip.cc
g++ -DHAVE_CONFIG_H -I. -I../..  -I../../lib -Wdate-time -D_FORTIFY_SOURCE=2  -g -O2 -fdebug-prefix-map=/<<PKGBUILDDIR>>=. -fstack-protector-strong -Wformat -Werror=format-security -fno-rtti -fno-exceptions -W -Wall -c -o upper.o upper.cc
rm -f libmystring.a
ar cru libmystring.a append.o assign.o count.o fdobuf.o find_first_ch.o find_first_of.o find_last_ch.o find_last_of.o iter.o join.o lower.o lstrip.o mystring.o rep.o starts_with.o rstrip.o sub.o subst.o strip.o upper.o 
ar: `u' modifier ignored since `D' is the default (see `U')
ranlib libmystring.a
make[4]: Leaving directory '/<<PKGBUILDDIR>>/lib/mystring'
make[4]: Entering directory '/<<PKGBUILDDIR>>/lib'
g++ -DHAVE_CONFIG_H -I. -I..   -Wdate-time -D_FORTIFY_SOURCE=2  -g -O2 -fdebug-prefix-map=/<<PKGBUILDDIR>>=. -fstack-protector-strong -Wformat -Werror=format-security -fno-rtti -fno-exceptions -W -Wall -c -o address.o address.cc
g++ -DHAVE_CONFIG_H -I. -I..   -Wdate-time -D_FORTIFY_SOURCE=2  -g -O2 -fdebug-prefix-map=/<<PKGBUILDDIR>>=. -fstack-protector-strong -Wformat -Werror=format-security -fno-rtti -fno-exceptions -W -Wall -c -o argparse.o argparse.cc
g++ -DHAVE_CONFIG_H -I. -I..   -Wdate-time -D_FORTIFY_SOURCE=2  -g -O2 -fdebug-prefix-map=/<<PKGBUILDDIR>>=. -fstack-protector-strong -Wformat -Werror=format-security -fno-rtti -fno-exceptions -W -Wall -c -o base64.o base64.cc
g++ -DHAVE_CONFIG_H -I. -I..   -Wdate-time -D_FORTIFY_SOURCE=2  -g -O2 -fdebug-prefix-map=/<<PKGBUILDDIR>>=. -fstack-protector-strong -Wformat -Werror=format-security -fno-rtti -fno-exceptions -W -Wall -c -o canonicalize.o canonicalize.cc
g++ -DHAVE_CONFIG_H -I. -I..   -Wdate-time -D_FORTIFY_SOURCE=2  -g -O2 -fdebug-prefix-map=/<<PKGBUILDDIR>>=. -fstack-protector-strong -Wformat -Werror=format-security -fno-rtti -fno-exceptions -W -Wall -c -o config_path.o config_path.cc
g++ -DHAVE_CONFIG_H -I. -I..   -Wdate-time -D_FORTIFY_SOURCE=2  -g -O2 -fdebug-prefix-map=/<<PKGBUILDDIR>>=. -fstack-protector-strong -Wformat -Werror=format-security -fno-rtti -fno-exceptions -W -Wall -c -o config_read.o config_read.cc
g++ -DHAVE_CONFIG_H -I. -I..   -Wdate-time -D_FORTIFY_SOURCE=2  -g -O2 -fdebug-prefix-map=/<<PKGBUILDDIR>>=. -fstack-protector-strong -Wformat -Werror=format-security -fno-rtti -fno-exceptions -W -Wall -c -o config_readlist.o config_readlist.cc
g++ -DHAVE_CONFIG_H -I. -I..   -Wdate-time -D_FORTIFY_SOURCE=2  -g -O2 -fdebug-prefix-map=/<<PKGBUILDDIR>>=. -fstack-protector-strong -Wformat -Werror=format-security -fno-rtti -fno-exceptions -W -Wall -c -o config_readint.o config_readint.cc
g++ -DHAVE_CONFIG_H -I. -I..   -Wdate-time -D_FORTIFY_SOURCE=2  -g -O2 -fdebug-prefix-map=/<<PKGBUILDDIR>>=. -fstack-protector-strong -Wformat -Werror=format-security -fno-rtti -fno-exceptions -W -Wall -c -o config_syserr.o config_syserr.cc
g++ -DHAVE_CONFIG_H -I. -I..   -Wdate-time -D_FORTIFY_SOURCE=2  -g -O2 -fdebug-prefix-map=/<<PKGBUILDDIR>>=. -fstack-protector-strong -Wformat -Werror=format-security -fno-rtti -fno-exceptions -W -Wall -c -o tcpconnect.o tcpconnect.cc
g++ -DHAVE_CONFIG_H -I. -I..   -Wdate-time -D_FORTIFY_SOURCE=2  -g -O2 -fdebug-prefix-map=/<<PKGBUILDDIR>>=. -fstack-protector-strong -Wformat -Werror=format-security -fno-rtti -fno-exceptions -W -Wall -c -o errcodes.o errcodes.cc
g++ -DHAVE_CONFIG_H -I. -I..   -Wdate-time -D_FORTIFY_SOURCE=2  -g -O2 -fdebug-prefix-map=/<<PKGBUILDDIR>>=. -fstack-protector-strong -Wformat -Werror=format-security -fno-rtti -fno-exceptions -W -Wall -c -o hostname.o hostname.cc
g++ -DHAVE_CONFIG_H -I. -I..   -Wdate-time -D_FORTIFY_SOURCE=2  -g -O2 -fdebug-prefix-map=/<<PKGBUILDDIR>>=. -fstack-protector-strong -Wformat -Werror=format-security -fno-rtti -fno-exceptions -W -Wall -c -o itoa.o itoa.cc
g++ -DHAVE_CONFIG_H -I. -I..   -Wdate-time -D_FORTIFY_SOURCE=2  -g -O2 -fdebug-prefix-map=/<<PKGBUILDDIR>>=. -fstack-protector-strong -Wformat -Werror=format-security -fno-rtti -fno-exceptions -W -Wall -c -o makefield.o makefield.cc
g++ -DHAVE_CONFIG_H -I. -I..   -Wdate-time -D_FORTIFY_SOURCE=2  -g -O2 -fdebug-prefix-map=/<<PKGBUILDDIR>>=. -fstack-protector-strong -Wformat -Werror=format-security -fno-rtti -fno-exceptions -W -Wall -c -o netstring.o netstring.cc
g++ -DHAVE_CONFIG_H -I. -I..   -Wdate-time -D_FORTIFY_SOURCE=2  -g -O2 -fdebug-prefix-map=/<<PKGBUILDDIR>>=. -fstack-protector-strong -Wformat -Werror=format-security -fno-rtti -fno-exceptions -W -Wall -c -o forkexec.o forkexec.cc
g++ -DHAVE_CONFIG_H -I. -I..   -Wdate-time -D_FORTIFY_SOURCE=2  -g -O2 -fdebug-prefix-map=/<<PKGBUILDDIR>>=. -fstack-protector-strong -Wformat -Werror=format-security -fno-rtti -fno-exceptions -W -Wall -c -o selfpipe.o selfpipe.cc
g++ -DHAVE_CONFIG_H -I. -I..   -Wdate-time -D_FORTIFY_SOURCE=2  -g -O2 -fdebug-prefix-map=/<<PKGBUILDDIR>>=. -fstack-protector-strong -Wformat -Werror=format-security -fno-rtti -fno-exceptions -W -Wall -c -o setenv.o setenv.cc
selfpipe.cc:69:3: warning: ignoring return value of function declared with 'warn_unused_result' attribute [-Wunused-result]
  write(fds[1], &sig, sizeof sig);
  ^~~~~ ~~~~~~~~~~~~~~~~~~~~~~~~
Creating defines.cc
g++ -DHAVE_CONFIG_H -I. -I..   -Wdate-time -D_FORTIFY_SOURCE=2  -g -O2 -fdebug-prefix-map=/<<PKGBUILDDIR>>=. -fstack-protector-strong -Wformat -Werror=format-security -fno-rtti -fno-exceptions -W -Wall -c -o defines.o defines.cc
1 warning generated.
rm -f libmisc.a
ar cru libmisc.a address.o argparse.o base64.o canonicalize.o config_path.o config_read.o config_readlist.o config_readint.o config_syserr.o tcpconnect.o errcodes.o hostname.o itoa.o makefield.o netstring.o forkexec.o selfpipe.o setenv.o defines.o 
ar: `u' modifier ignored since `D' is the default (see `U')
ranlib libmisc.a
/bin/rm -f libnullmailer.a
sh ./mergelib.sh libnullmailer.a \
	libmisc.a \
	fdbuf/libfdbuf.a \
	mystring/libmystring.a
make[4]: Leaving directory '/<<PKGBUILDDIR>>/lib'
make[3]: Leaving directory '/<<PKGBUILDDIR>>/lib'
Making all in protocols
make[3]: Entering directory '/<<PKGBUILDDIR>>/protocols'
g++ -DHAVE_CONFIG_H -I. -I..  -I../lib -Wdate-time -D_FORTIFY_SOURCE=2  -g -O2 -fdebug-prefix-map=/<<PKGBUILDDIR>>=. -fstack-protector-strong -Wformat -Werror=format-security -fno-rtti -fno-exceptions -W -Wall -c -o smtp.o smtp.cc
g++ -DHAVE_CONFIG_H -I. -I..  -I../lib -Wdate-time -D_FORTIFY_SOURCE=2  -g -O2 -fdebug-prefix-map=/<<PKGBUILDDIR>>=. -fstack-protector-strong -Wformat -Werror=format-security -fno-rtti -fno-exceptions -W -Wall -c -o protocol.o protocol.cc
g++ -DHAVE_CONFIG_H -I. -I..  -I../lib -Wdate-time -D_FORTIFY_SOURCE=2  -g -O2 -fdebug-prefix-map=/<<PKGBUILDDIR>>=. -fstack-protector-strong -Wformat -Werror=format-security -fno-rtti -fno-exceptions -W -Wall -c -o tls_gnutls.o tls_gnutls.cc
g++ -DHAVE_CONFIG_H -I. -I..  -I../lib -Wdate-time -D_FORTIFY_SOURCE=2  -g -O2 -fdebug-prefix-map=/<<PKGBUILDDIR>>=. -fstack-protector-strong -Wformat -Werror=format-security -fno-rtti -fno-exceptions -W -Wall -c -o qmqp.o qmqp.cc
g++  -g -O2 -fdebug-prefix-map=/<<PKGBUILDDIR>>=. -fstack-protector-strong -Wformat -Werror=format-security -fno-rtti -fno-exceptions -W -Wall  -Wl,-z,relro -Wl,-z,now -Wl,-z,defs -Wl,--as-needed -o qmqp qmqp.o protocol.o tls_gnutls.o ../lib/cli++/libcli++.a ../lib/libnullmailer.a -lgnutls 
g++  -g -O2 -fdebug-prefix-map=/<<PKGBUILDDIR>>=. -fstack-protector-strong -Wformat -Werror=format-security -fno-rtti -fno-exceptions -W -Wall  -Wl,-z,relro -Wl,-z,now -Wl,-z,defs -Wl,--as-needed -o smtp smtp.o protocol.o tls_gnutls.o ../lib/cli++/libcli++.a ../lib/libnullmailer.a -lgnutls 
make[3]: Leaving directory '/<<PKGBUILDDIR>>/protocols'
Making all in src
make[3]: Entering directory '/<<PKGBUILDDIR>>/src'
g++ -DHAVE_CONFIG_H -I. -I..  -I../lib -Wdate-time -D_FORTIFY_SOURCE=2  -g -O2 -fdebug-prefix-map=/<<PKGBUILDDIR>>=. -fstack-protector-strong -Wformat -Werror=format-security -fno-rtti -fno-exceptions -W -Wall -c -o mailq.o mailq.cc
g++ -DHAVE_CONFIG_H -I. -I..  -I../lib -Wdate-time -D_FORTIFY_SOURCE=2  -g -O2 -fdebug-prefix-map=/<<PKGBUILDDIR>>=. -fstack-protector-strong -Wformat -Werror=format-security -fno-rtti -fno-exceptions -W -Wall -c -o dsn.o dsn.cc
g++ -DHAVE_CONFIG_H -I. -I..  -I../lib -Wdate-time -D_FORTIFY_SOURCE=2  -g -O2 -fdebug-prefix-map=/<<PKGBUILDDIR>>=. -fstack-protector-strong -Wformat -Werror=format-security -fno-rtti -fno-exceptions -W -Wall -c -o inject.o inject.cc
g++ -DHAVE_CONFIG_H -I. -I..  -I../lib -Wdate-time -D_FORTIFY_SOURCE=2  -g -O2 -fdebug-prefix-map=/<<PKGBUILDDIR>>=. -fstack-protector-strong -Wformat -Werror=format-security -fno-rtti -fno-exceptions -W -Wall -c -o smtpd.o smtpd.cc
smtpd.cc:45:19: warning: unused variable 'resp_queue_waiterr' [-Wunused-const-variable]
static const char resp_queue_waiterr[] = "451 4.3.0 Error checking return status from nullmailer-queue";
                  ^
inject.cc:211:3: error: non-constant-expression cannot be narrowed from type 'size_t' (aka 'unsigned long') to 'unsigned int' in initializer list [-Wc++11-narrowing]
  X(Sender,            T,F,F,F,F), // 0
  ^~~~~~~~~~~~~~~~~~~~~~~~~~~~~~~
inject.cc:207:38: note: expanded from macro 'X'
#define X(N,IA,IR,IS,IRS,R) { #N ":",strlen(#N ":"),\
                                     ^~~~~~~~~~~~~~
inject.cc:211:3: note: insert an explicit cast to silence this issue
  X(Sender,            T,F,F,F,F), // 0
  ^~~~~~~~~~~~~~~~~~~~~~~~~~~~~~~
inject.cc:207:38: note: expanded from macro 'X'
#define X(N,IA,IR,IS,IRS,R) { #N ":",strlen(#N ":"),\
                                     ^~~~~~~~~~~~~~
inject.cc:212:3: error: non-constant-expression cannot be narrowed from type 'size_t' (aka 'unsigned long') to 'unsigned int' in initializer list [-Wc++11-narrowing]
  X(From,              T,F,F,F,F), // 1
  ^~~~~~~~~~~~~~~~~~~~~~~~~~~~~~~
inject.cc:207:38: note: expanded from macro 'X'
#define X(N,IA,IR,IS,IRS,R) { #N ":",strlen(#N ":"),\
                                     ^~~~~~~~~~~~~~
inject.cc:212:3: note: insert an explicit cast to silence this issue
  X(From,              T,F,F,F,F), // 1
  ^~~~~~~~~~~~~~~~~~~~~~~~~~~~~~~
inject.cc:207:38: note: expanded from macro 'X'
#define X(N,IA,IR,IS,IRS,R) { #N ":",strlen(#N ":"),\
                                     ^~~~~~~~~~~~~~
inject.cc:213:3: error: non-constant-expression cannot be narrowed from type 'size_t' (aka 'unsigned long') to 'unsigned int' in initializer list [-Wc++11-narrowing]
  X(Reply-To,          T,F,F,F,F), // 2
  ^~~~~~~~~~~~~~~~~~~~~~~~~~~~~~~
inject.cc:207:38: note: expanded from macro 'X'
#define X(N,IA,IR,IS,IRS,R) { #N ":",strlen(#N ":"),\
                                     ^~~~~~~~~~~~~~
inject.cc:213:3: note: insert an explicit cast to silence this issue
  X(Reply-To,          T,F,F,F,F), // 2
  ^~~~~~~~~~~~~~~~~~~~~~~~~~~~~~~
inject.cc:207:38: note: expanded from macro 'X'
#define X(N,IA,IR,IS,IRS,R) { #N ":",strlen(#N ":"),\
                                     ^~~~~~~~~~~~~~
inject.cc:214:3: error: non-constant-expression cannot be narrowed from type 'size_t' (aka 'unsigned long') to 'unsigned int' in initializer list [-Wc++11-narrowing]
  X(Return-Path,       T,F,T,F,T), // 3
  ^~~~~~~~~~~~~~~~~~~~~~~~~~~~~~~
inject.cc:207:38: note: expanded from macro 'X'
#define X(N,IA,IR,IS,IRS,R) { #N ":",strlen(#N ":"),\
                                     ^~~~~~~~~~~~~~
inject.cc:214:3: note: insert an explicit cast to silence this issue
  X(Return-Path,       T,F,T,F,T), // 3
  ^~~~~~~~~~~~~~~~~~~~~~~~~~~~~~~
inject.cc:207:38: note: expanded from macro 'X'
#define X(N,IA,IR,IS,IRS,R) { #N ":",strlen(#N ":"),\
                                     ^~~~~~~~~~~~~~
inject.cc:215:3: error: non-constant-expression cannot be narrowed from type 'size_t' (aka 'unsigned long') to 'unsigned int' in initializer list [-Wc++11-narrowing]
  X(Return-Receipt-To, T,F,F,F,F), // 4
  ^~~~~~~~~~~~~~~~~~~~~~~~~~~~~~~
inject.cc:207:38: note: expanded from macro 'X'
#define X(N,IA,IR,IS,IRS,R) { #N ":",strlen(#N ":"),\
                                     ^~~~~~~~~~~~~~
inject.cc:215:3: note: insert an explicit cast to silence this issue
  X(Return-Receipt-To, T,F,F,F,F), // 4
  ^~~~~~~~~~~~~~~~~~~~~~~~~~~~~~~
inject.cc:207:38: note: expanded from macro 'X'
#define X(N,IA,IR,IS,IRS,R) { #N ":",strlen(#N ":"),\
                                     ^~~~~~~~~~~~~~
inject.cc:216:3: error: non-constant-expression cannot be narrowed from type 'size_t' (aka 'unsigned long') to 'unsigned int' in initializer list [-Wc++11-narrowing]
  X(Errors-To,         T,F,F,F,F), // 5
  ^~~~~~~~~~~~~~~~~~~~~~~~~~~~~~~
inject.cc:207:38: note: expanded from macro 'X'
#define X(N,IA,IR,IS,IRS,R) { #N ":",strlen(#N ":"),\
                                     ^~~~~~~~~~~~~~
inject.cc:216:3: note: insert an explicit cast to silence this issue
  X(Errors-To,         T,F,F,F,F), // 5
  ^~~~~~~~~~~~~~~~~~~~~~~~~~~~~~~
inject.cc:207:38: note: expanded from macro 'X'
#define X(N,IA,IR,IS,IRS,R) { #N ":",strlen(#N ":"),\
                                     ^~~~~~~~~~~~~~
inject.cc:217:3: error: non-constant-expression cannot be narrowed from type 'size_t' (aka 'unsigned long') to 'unsigned int' in initializer list [-Wc++11-narrowing]
  X(Resent-Sender,     T,F,F,T,F), // 6
  ^~~~~~~~~~~~~~~~~~~~~~~~~~~~~~~
inject.cc:207:38: note: expanded from macro 'X'
#define X(N,IA,IR,IS,IRS,R) { #N ":",strlen(#N ":"),\
                                     ^~~~~~~~~~~~~~
inject.cc:217:3: note: insert an explicit cast to silence this issue
  X(Resent-Sender,     T,F,F,T,F), // 6
  ^~~~~~~~~~~~~~~~~~~~~~~~~~~~~~~
inject.cc:207:38: note: expanded from macro 'X'
#define X(N,IA,IR,IS,IRS,R) { #N ":",strlen(#N ":"),\
                                     ^~~~~~~~~~~~~~
inject.cc:218:3: error: non-constant-expression cannot be narrowed from type 'size_t' (aka 'unsigned long') to 'unsigned int' in initializer list [-Wc++11-narrowing]
  X(Resent-From,       T,F,F,T,F), // 7
  ^~~~~~~~~~~~~~~~~~~~~~~~~~~~~~~
inject.cc:207:38: note: expanded from macro 'X'
#define X(N,IA,IR,IS,IRS,R) { #N ":",strlen(#N ":"),\
                                     ^~~~~~~~~~~~~~
inject.cc:218:3: note: insert an explicit cast to silence this issue
  X(Resent-From,       T,F,F,T,F), // 7
  ^~~~~~~~~~~~~~~~~~~~~~~~~~~~~~~
inject.cc:207:38: note: expanded from macro 'X'
#define X(N,IA,IR,IS,IRS,R) { #N ":",strlen(#N ":"),\
                                     ^~~~~~~~~~~~~~
inject.cc:219:3: error: non-constant-expression cannot be narrowed from type 'size_t' (aka 'unsigned long') to 'unsigned int' in initializer list [-Wc++11-narrowing]
  X(Resent-Reply-To,   T,F,F,T,F), // 8
  ^~~~~~~~~~~~~~~~~~~~~~~~~~~~~~~
inject.cc:207:38: note: expanded from macro 'X'
#define X(N,IA,IR,IS,IRS,R) { #N ":",strlen(#N ":"),\
                                     ^~~~~~~~~~~~~~
inject.cc:219:3: note: insert an explicit cast to silence this issue
  X(Resent-Reply-To,   T,F,F,T,F), // 8
  ^~~~~~~~~~~~~~~~~~~~~~~~~~~~~~~
inject.cc:207:38: note: expanded from macro 'X'
#define X(N,IA,IR,IS,IRS,R) { #N ":",strlen(#N ":"),\
                                     ^~~~~~~~~~~~~~
inject.cc:221:3: error: non-constant-expression cannot be narrowed from type 'size_t' (aka 'unsigned long') to 'unsigned int' in initializer list [-Wc++11-narrowing]
  X(To,                T,T,F,F,F), // 9
  ^~~~~~~~~~~~~~~~~~~~~~~~~~~~~~~
inject.cc:207:38: note: expanded from macro 'X'
#define X(N,IA,IR,IS,IRS,R) { #N ":",strlen(#N ":"),\
                                     ^~~~~~~~~~~~~~
inject.cc:221:3: note: insert an explicit cast to silence this issue
  X(To,                T,T,F,F,F), // 9
  ^~~~~~~~~~~~~~~~~~~~~~~~~~~~~~~
inject.cc:207:38: note: expanded from macro 'X'
#define X(N,IA,IR,IS,IRS,R) { #N ":",strlen(#N ":"),\
                                     ^~~~~~~~~~~~~~
inject.cc:222:3: error: non-constant-expression cannot be narrowed from type 'size_t' (aka 'unsigned long') to 'unsigned int' in initializer list [-Wc++11-narrowing]
  X(Cc,                T,T,F,F,F), // 10
  ^~~~~~~~~~~~~~~~~~~~~~~~~~~~~~~
inject.cc:207:38: note: expanded from macro 'X'
#define X(N,IA,IR,IS,IRS,R) { #N ":",strlen(#N ":"),\
                                     ^~~~~~~~~~~~~~
inject.cc:222:3: note: insert an explicit cast to silence this issue
  X(Cc,                T,T,F,F,F), // 10
  ^~~~~~~~~~~~~~~~~~~~~~~~~~~~~~~
inject.cc:207:38: note: expanded from macro 'X'
#define X(N,IA,IR,IS,IRS,R) { #N ":",strlen(#N ":"),\
                                     ^~~~~~~~~~~~~~
inject.cc:223:3: error: non-constant-expression cannot be narrowed from type 'size_t' (aka 'unsigned long') to 'unsigned int' in initializer list [-Wc++11-narrowing]
  X(Bcc,               T,T,F,F,T), // 11
  ^~~~~~~~~~~~~~~~~~~~~~~~~~~~~~~
inject.cc:207:38: note: expanded from macro 'X'
#define X(N,IA,IR,IS,IRS,R) { #N ":",strlen(#N ":"),\
                                     ^~~~~~~~~~~~~~
inject.cc:223:3: note: insert an explicit cast to silence this issue
  X(Bcc,               T,T,F,F,T), // 11
  ^~~~~~~~~~~~~~~~~~~~~~~~~~~~~~~
inject.cc:207:38: note: expanded from macro 'X'
#define X(N,IA,IR,IS,IRS,R) { #N ":",strlen(#N ":"),\
                                     ^~~~~~~~~~~~~~
inject.cc:224:3: error: non-constant-expression cannot be narrowed from type 'size_t' (aka 'unsigned long') to 'unsigned int' in initializer list [-Wc++11-narrowing]
  X(Apparently-To,     T,T,F,F,F), // 12
  ^~~~~~~~~~~~~~~~~~~~~~~~~~~~~~~
inject.cc:207:38: note: expanded from macro 'X'
#define X(N,IA,IR,IS,IRS,R) { #N ":",strlen(#N ":"),\
                                     ^~~~~~~~~~~~~~
inject.cc:224:3: note: insert an explicit cast to silence this issue
  X(Apparently-To,     T,T,F,F,F), // 12
  ^~~~~~~~~~~~~~~~~~~~~~~~~~~~~~~
inject.cc:207:38: note: expanded from macro 'X'
#define X(N,IA,IR,IS,IRS,R) { #N ":",strlen(#N ":"),\
                                     ^~~~~~~~~~~~~~
inject.cc:225:3: error: non-constant-expression cannot be narrowed from type 'size_t' (aka 'unsigned long') to 'unsigned int' in initializer list [-Wc++11-narrowing]
  X(Resent-To,         T,T,F,T,F), // 13
  ^~~~~~~~~~~~~~~~~~~~~~~~~~~~~~~
inject.cc:207:38: note: expanded from macro 'X'
#define X(N,IA,IR,IS,IRS,R) { #N ":",strlen(#N ":"),\
                                     ^~~~~~~~~~~~~~
inject.cc:225:3: note: insert an explicit cast to silence this issue
  X(Resent-To,         T,T,F,T,F), // 13
  ^~~~~~~~~~~~~~~~~~~~~~~~~~~~~~~
inject.cc:207:38: note: expanded from macro 'X'
#define X(N,IA,IR,IS,IRS,R) { #N ":",strlen(#N ":"),\
                                     ^~~~~~~~~~~~~~
inject.cc:226:3: error: non-constant-expression cannot be narrowed from type 'size_t' (aka 'unsigned long') to 'unsigned int' in initializer list [-Wc++11-narrowing]
  X(Resent-Cc,         T,T,F,T,F), // 14
  ^~~~~~~~~~~~~~~~~~~~~~~~~~~~~~~
inject.cc:207:38: note: expanded from macro 'X'
#define X(N,IA,IR,IS,IRS,R) { #N ":",strlen(#N ":"),\
                                     ^~~~~~~~~~~~~~
inject.cc:226:3: note: insert an explicit cast to silence this issue
  X(Resent-Cc,         T,T,F,T,F), // 14
  ^~~~~~~~~~~~~~~~~~~~~~~~~~~~~~~
inject.cc:207:38: note: expanded from macro 'X'
#define X(N,IA,IR,IS,IRS,R) { #N ":",strlen(#N ":"),\
                                     ^~~~~~~~~~~~~~
inject.cc:227:3: error: non-constant-expression cannot be narrowed from type 'size_t' (aka 'unsigned long') to 'unsigned int' in initializer list [-Wc++11-narrowing]
  X(Resent-Bcc,        T,T,F,T,T), // 15
  ^~~~~~~~~~~~~~~~~~~~~~~~~~~~~~~
inject.cc:207:38: note: expanded from macro 'X'
#define X(N,IA,IR,IS,IRS,R) { #N ":",strlen(#N ":"),\
                                     ^~~~~~~~~~~~~~
inject.cc:227:3: note: insert an explicit cast to silence this issue
  X(Resent-Bcc,        T,T,F,T,T), // 15
  ^~~~~~~~~~~~~~~~~~~~~~~~~~~~~~~
inject.cc:207:38: note: expanded from macro 'X'
#define X(N,IA,IR,IS,IRS,R) { #N ":",strlen(#N ":"),\
                                     ^~~~~~~~~~~~~~
inject.cc:229:3: error: non-constant-expression cannot be narrowed from type 'size_t' (aka 'unsigned long') to 'unsigned int' in initializer list [-Wc++11-narrowing]
  X(Date,              F,F,F,F,F), // 16
  ^~~~~~~~~~~~~~~~~~~~~~~~~~~~~~~
inject.cc:207:38: note: expanded from macro 'X'
#define X(N,IA,IR,IS,IRS,R) { #N ":",strlen(#N ":"),\
                                     ^~~~~~~~~~~~~~
inject.cc:229:3: note: insert an explicit cast to silence this issue
  X(Date,              F,F,F,F,F), // 16
  ^~~~~~~~~~~~~~~~~~~~~~~~~~~~~~~
inject.cc:207:38: note: expanded from macro 'X'
#define X(N,IA,IR,IS,IRS,R) { #N ":",strlen(#N ":"),\
                                     ^~~~~~~~~~~~~~
inject.cc:230:3: error: non-constant-expression cannot be narrowed from type 'size_t' (aka 'unsigned long') to 'unsigned int' in initializer list [-Wc++11-narrowing]
  X(Message-Id,        F,F,F,F,F), // 17
  ^~~~~~~~~~~~~~~~~~~~~~~~~~~~~~~
inject.cc:207:38: note: expanded from macro 'X'
#define X(N,IA,IR,IS,IRS,R) { #N ":",strlen(#N ":"),\
                                     ^~~~~~~~~~~~~~
inject.cc:230:3: note: insert an explicit cast to silence this issue
  X(Message-Id,        F,F,F,F,F), // 17
  ^~~~~~~~~~~~~~~~~~~~~~~~~~~~~~~
inject.cc:207:38: note: expanded from macro 'X'
#define X(N,IA,IR,IS,IRS,R) { #N ":",strlen(#N ":"),\
                                     ^~~~~~~~~~~~~~
inject.cc:231:3: error: non-constant-expression cannot be narrowed from type 'size_t' (aka 'unsigned long') to 'unsigned int' in initializer list [-Wc++11-narrowing]
  X(Resent-Date,       F,F,F,T,F), // 18
  ^~~~~~~~~~~~~~~~~~~~~~~~~~~~~~~
inject.cc:207:38: note: expanded from macro 'X'
#define X(N,IA,IR,IS,IRS,R) { #N ":",strlen(#N ":"),\
                                     ^~~~~~~~~~~~~~
inject.cc:231:3: note: insert an explicit cast to silence this issue
  X(Resent-Date,       F,F,F,T,F), // 18
  ^~~~~~~~~~~~~~~~~~~~~~~~~~~~~~~
inject.cc:207:38: note: expanded from macro 'X'
#define X(N,IA,IR,IS,IRS,R) { #N ":",strlen(#N ":"),\
                                     ^~~~~~~~~~~~~~
fatal error: too many errors emitted, stopping now [-ferror-limit=]
20 errors generated.
g++ -DHAVE_CONFIG_H -I. -I..  -I../lib -Wdate-time -D_FORTIFY_SOURCE=2  -g -O2 -fdebug-prefix-map=/<<PKGBUILDDIR>>=. -fstack-protector-strong -Wformat -Werror=format-security -fno-rtti -fno-exceptions -W -Wall -c -o queue.o queue.cc
make[3]: *** [Makefile:481: inject.o] Error 1
make[3]: *** Waiting for unfinished jobs....
queue.cc:81:3: warning: ignoring return value of function declared with 'warn_unused_result' attribute [-Wunused-result]
  write(fd, &x, 1);
  ^~~~~ ~~~~~~~~~
1 warning generated.
1 warning generated.
make[3]: Leaving directory '/<<PKGBUILDDIR>>/src'
make[2]: *** [Makefile:365: all-recursive] Error 1
make[2]: Leaving directory '/<<PKGBUILDDIR>>'
make[1]: *** [Makefile:306: all] Error 2
make[1]: Leaving directory '/<<PKGBUILDDIR>>'
dh_auto_build: error: make -j4 returned exit code 2
make: *** [debian/rules:16: build] Error 25
dpkg-buildpackage: error: debian/rules build subprocess returned exit status 2
--------------------------------------------------------------------------------
Build finished at 2020-02-25T17:52:18Z

Finished
--------


+------------------------------------------------------------------------------+
| Cleanup                                                                      |
+------------------------------------------------------------------------------+

Purging /<<BUILDDIR>>
Not cleaning session: cloned chroot in use
E: Build failure (dpkg-buildpackage died)

+------------------------------------------------------------------------------+
| Summary                                                                      |
+------------------------------------------------------------------------------+

Build Architecture: amd64
Build Type: binary
Build-Space: 6068
Build-Time: 9
Distribution: unstable
Fail-Stage: build
Host Architecture: amd64
Install-Time: 4
Job: nullmailer_1:2.2-3
Machine Architecture: amd64
Package: nullmailer
Package-Time: 30
Source-Version: 1:2.2-3
Space: 6068
Status: attempted
Version: 1:2.2-3
--------------------------------------------------------------------------------
Finished at 2020-02-25T17:52:18Z
Build needed 00:00:30, 6068k disk space
E: Build failure (dpkg-buildpackage died)
DC-Status: Failed 30.540898926s
DC-Time-Estimation: 30.540898926 versus expected 108 (r/m: 2.5362416889457604 ; m: 30.540898926)
