DC-Build-Header: papi 5.7.0+dfsg-2 / 2020-02-25 17:59:20 +0000
DC-Task: type:rebuild-binarch-only source:papi version:5.7.0+dfsg-2 chroot:unstable esttime:100 logfile:/tmp/papi_5.7.0+dfsg-2_unstable_clang9.log modes:clang9:binarch-only
DC-Sbuild-call: su user42 -c 'sbuild -n --arch-any --apt-update -d unstable -v --no-run-lintian --chroot-setup-commands=/tmp/clang9 papi_5.7.0+dfsg-2'
sbuild (Debian sbuild) 0.78.1 (09 February 2019) on ip-172-31-6-46.eu-central-1.compute.internal

+==============================================================================+
| papi 5.7.0+dfsg-2 (amd64)                    Tue, 25 Feb 2020 17:59:20 +0000 |
+==============================================================================+

Package: papi
Version: 5.7.0+dfsg-2
Source Version: 5.7.0+dfsg-2
Distribution: unstable
Machine Architecture: amd64
Host Architecture: amd64
Build Architecture: amd64
Build Type: binary

I: NOTICE: Log filtering will replace 'var/run/schroot/mount/sid-amd64-sbuild-14f33bcc-4a22-4a99-a2aa-f42aaf327644' with '<<CHROOT>>'

+------------------------------------------------------------------------------+
| Chroot Setup Commands                                                        |
+------------------------------------------------------------------------------+


/tmp/clang9
-----------

+ echo 'Entering customization script...'
Entering customization script...
+ CLANG_VERSION=9
+ echo 'Install of clang-9'
Install of clang-9
+ apt-get update
Get:1 http://127.0.0.1:12990/debian sid InRelease [142 kB]
Get:2 http://127.0.0.1:12990/debian sid/main Sources.diff/Index [27.9 kB]
Get:3 http://127.0.0.1:12990/debian sid/main amd64 Packages.diff/Index [27.9 kB]
Get:4 http://127.0.0.1:12990/debian sid/main Sources 2020-02-24-0823.32.pdiff [11.0 kB]
Get:5 http://127.0.0.1:12990/debian sid/main Sources 2020-02-24-1420.34.pdiff [30.2 kB]
Get:6 http://127.0.0.1:12990/debian sid/main Sources 2020-02-24-2014.03.pdiff [16.9 kB]
Get:7 http://127.0.0.1:12990/debian sid/main Sources 2020-02-25-0213.11.pdiff [23.2 kB]
Get:8 http://127.0.0.1:12990/debian sid/main Sources 2020-02-25-0815.22.pdiff [9222 B]
Get:9 http://127.0.0.1:12990/debian sid/main Sources 2020-02-25-1413.15.pdiff [16.3 kB]
Get:10 http://127.0.0.1:12990/debian sid/main amd64 Packages 2020-02-24-0823.32.pdiff [15.5 kB]
Get:11 http://127.0.0.1:12990/debian sid/main amd64 Packages 2020-02-24-1420.34.pdiff [27.5 kB]
Get:12 http://127.0.0.1:12990/debian sid/main amd64 Packages 2020-02-24-2014.03.pdiff [21.6 kB]
Get:13 http://127.0.0.1:12990/debian sid/main amd64 Packages 2020-02-25-0213.11.pdiff [35.0 kB]
Get:14 http://127.0.0.1:12990/debian sid/main amd64 Packages 2020-02-25-0815.22.pdiff [20.1 kB]
Get:15 http://127.0.0.1:12990/debian sid/main amd64 Packages 2020-02-25-1413.15.pdiff [18.4 kB]
Get:9 http://127.0.0.1:12990/debian sid/main Sources 2020-02-25-1413.15.pdiff [16.3 kB]
Get:15 http://127.0.0.1:12990/debian sid/main amd64 Packages 2020-02-25-1413.15.pdiff [18.4 kB]
Get:16 http://127.0.0.1:12990/debian sid/main Translation-en [6195 kB]
Fetched 6638 kB in 2s (3969 kB/s)
Reading package lists...
+ apt-get install --yes --no-install-recommends --force-yes clang-9 libomp-9-dev libobjc-9-dev
Reading package lists...
Building dependency tree...
The following additional packages will be installed:
  cpp-9 g++-9 gcc-8-base gcc-9 gcc-9-base lib32gcc-s1 lib32gcc1 lib32stdc++6
  libasan5 libbsd0 libc6-i386 libclang-common-9-dev libclang-cpp9 libedit2
  libgc1c2 libgcc-8-dev libgcc-9-dev libllvm9 libmpx2 libobjc-8-dev libobjc4
  libomp5-9 libstdc++-8-dev libstdc++-9-dev libz3-4
Suggested packages:
  clang-9-doc gcc-9-locales g++-9-multilib gcc-9-doc gcc-9-multilib
  libomp-9-doc libstdc++-8-doc libstdc++-9-doc
Recommended packages:
  llvm-9-dev python3
The following NEW packages will be installed:
  clang-9 gcc-8-base lib32gcc-s1 lib32gcc1 lib32stdc++6 libbsd0 libc6-i386
  libclang-common-9-dev libclang-cpp9 libedit2 libgc1c2 libgcc-8-dev libllvm9
  libmpx2 libobjc-8-dev libobjc-9-dev libobjc4 libomp-9-dev libomp5-9
  libstdc++-8-dev libz3-4
The following packages will be upgraded:
  cpp-9 g++-9 gcc-9 gcc-9-base libasan5 libgcc-9-dev libstdc++-9-dev
7 upgraded, 21 newly installed, 0 to remove and 3 not upgraded.
Need to get 78.9 MB of archives.
After this operation, 237 MB of additional disk space will be used.
Get:1 http://127.0.0.1:12990/debian sid/main amd64 libasan5 amd64 9.2.1-30 [389 kB]
Get:2 http://127.0.0.1:12990/debian sid/main amd64 g++-9 amd64 9.2.1-30 [10.7 MB]
Get:3 http://127.0.0.1:12990/debian sid/main amd64 gcc-9 amd64 9.2.1-30 [10.0 MB]
Get:4 http://127.0.0.1:12990/debian sid/main amd64 libstdc++-9-dev amd64 9.2.1-30 [1697 kB]
Get:5 http://127.0.0.1:12990/debian sid/main amd64 libgcc-9-dev amd64 9.2.1-30 [2349 kB]
Get:6 http://127.0.0.1:12990/debian sid/main amd64 cpp-9 amd64 9.2.1-30 [9711 kB]
Get:7 http://127.0.0.1:12990/debian sid/main amd64 gcc-9-base amd64 9.2.1-30 [196 kB]
Get:8 http://127.0.0.1:12990/debian sid/main amd64 libbsd0 amd64 0.10.0-1 [107 kB]
Get:9 http://127.0.0.1:12990/debian sid/main amd64 libedit2 amd64 3.1-20191231-1 [95.4 kB]
Get:10 http://127.0.0.1:12990/debian sid/main amd64 libz3-4 amd64 4.8.7-4 [6790 kB]
Get:11 http://127.0.0.1:12990/debian sid/main amd64 libllvm9 amd64 1:9.0.1-8 [15.0 MB]
Get:12 http://127.0.0.1:12990/debian sid/main amd64 libclang-cpp9 amd64 1:9.0.1-8 [8429 kB]
Get:13 http://127.0.0.1:12990/debian sid/main amd64 gcc-8-base amd64 8.3.0-29 [194 kB]
Get:14 http://127.0.0.1:12990/debian sid/main amd64 libmpx2 amd64 8.3.0-29 [11.4 kB]
Get:15 http://127.0.0.1:12990/debian sid/main amd64 libgcc-8-dev amd64 8.3.0-29 [2297 kB]
Get:16 http://127.0.0.1:12990/debian sid/main amd64 libstdc++-8-dev amd64 8.3.0-29 [1543 kB]
Get:17 http://127.0.0.1:12990/debian sid/main amd64 libgc1c2 amd64 1:7.6.4-0.4 [224 kB]
Get:18 http://127.0.0.1:12990/debian sid/main amd64 libobjc4 amd64 10-20200222-1 [41.6 kB]
Get:19 http://127.0.0.1:12990/debian sid/main amd64 libobjc-8-dev amd64 8.3.0-29 [227 kB]
Get:20 http://127.0.0.1:12990/debian sid/main amd64 libc6-i386 amd64 2.29-10 [2918 kB]
Get:21 http://127.0.0.1:12990/debian sid/main amd64 lib32gcc-s1 amd64 10-20200222-1 [49.4 kB]
Get:22 http://127.0.0.1:12990/debian sid/main amd64 lib32gcc1 amd64 1:10-20200222-1 [1104 B]
Get:23 http://127.0.0.1:12990/debian sid/main amd64 lib32stdc++6 amd64 10-20200222-1 [510 kB]
Get:24 http://127.0.0.1:12990/debian sid/main amd64 libclang-common-9-dev amd64 1:9.0.1-8 [3727 kB]
Get:25 http://127.0.0.1:12990/debian sid/main amd64 clang-9 amd64 1:9.0.1-8 [1156 kB]
Get:26 http://127.0.0.1:12990/debian sid/main amd64 libobjc-9-dev amd64 9.2.1-30 [219 kB]
Get:27 http://127.0.0.1:12990/debian sid/main amd64 libomp5-9 amd64 1:9.0.1-8 [333 kB]
Get:28 http://127.0.0.1:12990/debian sid/main amd64 libomp-9-dev amd64 1:9.0.1-8 [66.2 kB]
debconf: delaying package configuration, since apt-utils is not installed
Fetched 78.9 MB in 1s (103 MB/s)
(Reading database ... (Reading database ... 5%(Reading database ... 10%(Reading database ... 15%(Reading database ... 20%(Reading database ... 25%(Reading database ... 30%(Reading database ... 35%(Reading database ... 40%(Reading database ... 45%(Reading database ... 50%(Reading database ... 55%(Reading database ... 60%(Reading database ... 65%(Reading database ... 70%(Reading database ... 75%(Reading database ... 80%(Reading database ... 85%(Reading database ... 90%(Reading database ... 95%(Reading database ... 100%(Reading database ... 12119 files and directories currently installed.)
Preparing to unpack .../00-libasan5_9.2.1-30_amd64.deb ...
Unpacking libasan5:amd64 (9.2.1-30) over (9.2.1-29) ...
Preparing to unpack .../01-g++-9_9.2.1-30_amd64.deb ...
Unpacking g++-9 (9.2.1-30) over (9.2.1-29) ...
Preparing to unpack .../02-gcc-9_9.2.1-30_amd64.deb ...
Unpacking gcc-9 (9.2.1-30) over (9.2.1-29) ...
Preparing to unpack .../03-libstdc++-9-dev_9.2.1-30_amd64.deb ...
Unpacking libstdc++-9-dev:amd64 (9.2.1-30) over (9.2.1-29) ...
Preparing to unpack .../04-libgcc-9-dev_9.2.1-30_amd64.deb ...
Unpacking libgcc-9-dev:amd64 (9.2.1-30) over (9.2.1-29) ...
Preparing to unpack .../05-cpp-9_9.2.1-30_amd64.deb ...
Unpacking cpp-9 (9.2.1-30) over (9.2.1-29) ...
Preparing to unpack .../06-gcc-9-base_9.2.1-30_amd64.deb ...
Unpacking gcc-9-base:amd64 (9.2.1-30) over (9.2.1-29) ...
Selecting previously unselected package libbsd0:amd64.
Preparing to unpack .../07-libbsd0_0.10.0-1_amd64.deb ...
Unpacking libbsd0:amd64 (0.10.0-1) ...
Selecting previously unselected package libedit2:amd64.
Preparing to unpack .../08-libedit2_3.1-20191231-1_amd64.deb ...
Unpacking libedit2:amd64 (3.1-20191231-1) ...
Selecting previously unselected package libz3-4:amd64.
Preparing to unpack .../09-libz3-4_4.8.7-4_amd64.deb ...
Unpacking libz3-4:amd64 (4.8.7-4) ...
Selecting previously unselected package libllvm9:amd64.
Preparing to unpack .../10-libllvm9_1%3a9.0.1-8_amd64.deb ...
Unpacking libllvm9:amd64 (1:9.0.1-8) ...
Selecting previously unselected package libclang-cpp9.
Preparing to unpack .../11-libclang-cpp9_1%3a9.0.1-8_amd64.deb ...
Unpacking libclang-cpp9 (1:9.0.1-8) ...
Selecting previously unselected package gcc-8-base:amd64.
Preparing to unpack .../12-gcc-8-base_8.3.0-29_amd64.deb ...
Unpacking gcc-8-base:amd64 (8.3.0-29) ...
Selecting previously unselected package libmpx2:amd64.
Preparing to unpack .../13-libmpx2_8.3.0-29_amd64.deb ...
Unpacking libmpx2:amd64 (8.3.0-29) ...
Selecting previously unselected package libgcc-8-dev:amd64.
Preparing to unpack .../14-libgcc-8-dev_8.3.0-29_amd64.deb ...
Unpacking libgcc-8-dev:amd64 (8.3.0-29) ...
Selecting previously unselected package libstdc++-8-dev:amd64.
Preparing to unpack .../15-libstdc++-8-dev_8.3.0-29_amd64.deb ...
Unpacking libstdc++-8-dev:amd64 (8.3.0-29) ...
Selecting previously unselected package libgc1c2:amd64.
Preparing to unpack .../16-libgc1c2_1%3a7.6.4-0.4_amd64.deb ...
Unpacking libgc1c2:amd64 (1:7.6.4-0.4) ...
Selecting previously unselected package libobjc4:amd64.
Preparing to unpack .../17-libobjc4_10-20200222-1_amd64.deb ...
Unpacking libobjc4:amd64 (10-20200222-1) ...
Selecting previously unselected package libobjc-8-dev:amd64.
Preparing to unpack .../18-libobjc-8-dev_8.3.0-29_amd64.deb ...
Unpacking libobjc-8-dev:amd64 (8.3.0-29) ...
Selecting previously unselected package libc6-i386.
Preparing to unpack .../19-libc6-i386_2.29-10_amd64.deb ...
Unpacking libc6-i386 (2.29-10) ...
Selecting previously unselected package lib32gcc-s1.
Preparing to unpack .../20-lib32gcc-s1_10-20200222-1_amd64.deb ...
Unpacking lib32gcc-s1 (10-20200222-1) ...
Selecting previously unselected package lib32gcc1.
Preparing to unpack .../21-lib32gcc1_1%3a10-20200222-1_amd64.deb ...
Unpacking lib32gcc1 (1:10-20200222-1) ...
Selecting previously unselected package lib32stdc++6.
Preparing to unpack .../22-lib32stdc++6_10-20200222-1_amd64.deb ...
Unpacking lib32stdc++6 (10-20200222-1) ...
Selecting previously unselected package libclang-common-9-dev.
Preparing to unpack .../23-libclang-common-9-dev_1%3a9.0.1-8_amd64.deb ...
Unpacking libclang-common-9-dev (1:9.0.1-8) ...
Selecting previously unselected package clang-9.
Preparing to unpack .../24-clang-9_1%3a9.0.1-8_amd64.deb ...
Unpacking clang-9 (1:9.0.1-8) ...
Selecting previously unselected package libobjc-9-dev:amd64.
Preparing to unpack .../25-libobjc-9-dev_9.2.1-30_amd64.deb ...
Unpacking libobjc-9-dev:amd64 (9.2.1-30) ...
Selecting previously unselected package libomp5-9:amd64.
Preparing to unpack .../26-libomp5-9_1%3a9.0.1-8_amd64.deb ...
Unpacking libomp5-9:amd64 (1:9.0.1-8) ...
Selecting previously unselected package libomp-9-dev.
Preparing to unpack .../27-libomp-9-dev_1%3a9.0.1-8_amd64.deb ...
Unpacking libomp-9-dev (1:9.0.1-8) ...
Setting up libgc1c2:amd64 (1:7.6.4-0.4) ...
Setting up libobjc4:amd64 (10-20200222-1) ...
Setting up libz3-4:amd64 (4.8.7-4) ...
Setting up gcc-8-base:amd64 (8.3.0-29) ...
Setting up libmpx2:amd64 (8.3.0-29) ...
Setting up libc6-i386 (2.29-10) ...
Setting up libbsd0:amd64 (0.10.0-1) ...
Setting up gcc-9-base:amd64 (9.2.1-30) ...
Setting up libomp5-9:amd64 (1:9.0.1-8) ...
Setting up libedit2:amd64 (3.1-20191231-1) ...
Setting up libasan5:amd64 (9.2.1-30) ...
Setting up lib32gcc-s1 (10-20200222-1) ...
Setting up libgcc-8-dev:amd64 (8.3.0-29) ...
Setting up libomp-9-dev (1:9.0.1-8) ...
Setting up cpp-9 (9.2.1-30) ...
Setting up libllvm9:amd64 (1:9.0.1-8) ...
Setting up libstdc++-8-dev:amd64 (8.3.0-29) ...
Setting up libclang-cpp9 (1:9.0.1-8) ...
Setting up lib32gcc1 (1:10-20200222-1) ...
Setting up libgcc-9-dev:amd64 (9.2.1-30) ...
Setting up libobjc-8-dev:amd64 (8.3.0-29) ...
Setting up lib32stdc++6 (10-20200222-1) ...
Setting up libobjc-9-dev:amd64 (9.2.1-30) ...
Setting up libclang-common-9-dev (1:9.0.1-8) ...
Setting up gcc-9 (9.2.1-30) ...
Setting up libstdc++-9-dev:amd64 (9.2.1-30) ...
Setting up clang-9 (1:9.0.1-8) ...
Setting up g++-9 (9.2.1-30) ...
Processing triggers for libc-bin (2.29-10) ...
W: --force-yes is deprecated, use one of the options starting with --allow instead.
+ echo 'Replace gcc, g++ & cpp by clang'
Replace gcc, g++ & cpp by clang
+ VERSIONS='4.6 4.7 4.8 4.9 5 6 7 8 9 10'
+ cd /usr/bin
+ for VERSION in $VERSIONS
+ rm -f g++-4.6 gcc-4.6 cpp-4.6 gcc
+ ln -s clang++-9 g++-4.6
+ ln -s clang-9 gcc-4.6
+ ln -s clang-9 cpp-4.6
+ ln -s clang-9 gcc
+ echo 'gcc-4.6 hold'
+ dpkg --set-selections
dpkg: warning: package not in status nor available database at line 1: gcc-4.6
dpkg: warning: found unknown packages; this might mean the available database
is outdated, and needs to be updated through a frontend method;
please see the FAQ <https://wiki.debian.org/Teams/Dpkg/FAQ>
+ echo 'g++-4.6 hold'
+ dpkg --set-selections
dpkg: warning: package not in status nor available database at line 1: g++-4.6
dpkg: warning: found unknown packages; this might mean the available database
is outdated, and needs to be updated through a frontend method;
please see the FAQ <https://wiki.debian.org/Teams/Dpkg/FAQ>
+ for VERSION in $VERSIONS
+ rm -f g++-4.7 gcc-4.7 cpp-4.7 gcc
+ ln -s clang++-9 g++-4.7
+ ln -s clang-9 gcc-4.7
+ ln -s clang-9 cpp-4.7
+ ln -s clang-9 gcc
+ echo 'gcc-4.7 hold'
+ dpkg --set-selections
dpkg: warning: package not in status nor available database at line 1: gcc-4.7
dpkg: warning: found unknown packages; this might mean the available database
is outdated, and needs to be updated through a frontend method;
please see the FAQ <https://wiki.debian.org/Teams/Dpkg/FAQ>
+ echo 'g++-4.7 hold'
+ dpkg --set-selections
dpkg: warning: package not in status nor available database at line 1: g++-4.7
dpkg: warning: found unknown packages; this might mean the available database
is outdated, and needs to be updated through a frontend method;
please see the FAQ <https://wiki.debian.org/Teams/Dpkg/FAQ>
+ for VERSION in $VERSIONS
+ rm -f g++-4.8 gcc-4.8 cpp-4.8 gcc
+ ln -s clang++-9 g++-4.8
+ ln -s clang-9 gcc-4.8
+ ln -s clang-9 cpp-4.8
+ ln -s clang-9 gcc
+ echo 'gcc-4.8 hold'
+ dpkg --set-selections
dpkg: warning: package not in status nor available database at line 1: gcc-4.8
dpkg: warning: found unknown packages; this might mean the available database
is outdated, and needs to be updated through a frontend method;
please see the FAQ <https://wiki.debian.org/Teams/Dpkg/FAQ>
+ echo 'g++-4.8 hold'
+ dpkg --set-selections
dpkg: warning: package not in status nor available database at line 1: g++-4.8
dpkg: warning: found unknown packages; this might mean the available database
is outdated, and needs to be updated through a frontend method;
please see the FAQ <https://wiki.debian.org/Teams/Dpkg/FAQ>
+ for VERSION in $VERSIONS
+ rm -f g++-4.9 gcc-4.9 cpp-4.9 gcc
+ ln -s clang++-9 g++-4.9
+ ln -s clang-9 gcc-4.9
+ ln -s clang-9 cpp-4.9
+ ln -s clang-9 gcc
+ echo 'gcc-4.9 hold'
+ dpkg --set-selections
dpkg: warning: package not in status nor available database at line 1: gcc-4.9
dpkg: warning: found unknown packages; this might mean the available database
is outdated, and needs to be updated through a frontend method;
please see the FAQ <https://wiki.debian.org/Teams/Dpkg/FAQ>
+ echo 'g++-4.9 hold'
+ dpkg --set-selections
dpkg: warning: package not in status nor available database at line 1: g++-4.9
dpkg: warning: found unknown packages; this might mean the available database
is outdated, and needs to be updated through a frontend method;
please see the FAQ <https://wiki.debian.org/Teams/Dpkg/FAQ>
+ for VERSION in $VERSIONS
+ rm -f g++-5 gcc-5 cpp-5 gcc
+ ln -s clang++-9 g++-5
+ ln -s clang-9 gcc-5
+ ln -s clang-9 cpp-5
+ ln -s clang-9 gcc
+ echo 'gcc-5 hold'
+ dpkg --set-selections
dpkg: warning: package not in status nor available database at line 1: gcc-5
dpkg: warning: found unknown packages; this might mean the available database
is outdated, and needs to be updated through a frontend method;
please see the FAQ <https://wiki.debian.org/Teams/Dpkg/FAQ>
+ echo 'g++-5 hold'
+ dpkg --set-selections
dpkg: warning: package not in status nor available database at line 1: g++-5
dpkg: warning: found unknown packages; this might mean the available database
is outdated, and needs to be updated through a frontend method;
please see the FAQ <https://wiki.debian.org/Teams/Dpkg/FAQ>
+ for VERSION in $VERSIONS
+ rm -f g++-6 gcc-6 cpp-6 gcc
+ ln -s clang++-9 g++-6
+ ln -s clang-9 gcc-6
+ ln -s clang-9 cpp-6
+ ln -s clang-9 gcc
+ echo 'gcc-6 hold'
+ dpkg --set-selections
dpkg: warning: package not in status nor available database at line 1: gcc-6
dpkg: warning: found unknown packages; this might mean the available database
is outdated, and needs to be updated through a frontend method;
please see the FAQ <https://wiki.debian.org/Teams/Dpkg/FAQ>
+ echo 'g++-6 hold'
+ dpkg --set-selections
dpkg: warning: package not in status nor available database at line 1: g++-6
dpkg: warning: found unknown packages; this might mean the available database
is outdated, and needs to be updated through a frontend method;
please see the FAQ <https://wiki.debian.org/Teams/Dpkg/FAQ>
+ for VERSION in $VERSIONS
+ rm -f g++-7 gcc-7 cpp-7 gcc
+ ln -s clang++-9 g++-7
+ ln -s clang-9 gcc-7
+ ln -s clang-9 cpp-7
+ ln -s clang-9 gcc
+ echo 'gcc-7 hold'
+ dpkg --set-selections
dpkg: warning: package not in status nor available database at line 1: gcc-7
dpkg: warning: found unknown packages; this might mean the available database
is outdated, and needs to be updated through a frontend method;
please see the FAQ <https://wiki.debian.org/Teams/Dpkg/FAQ>
+ echo 'g++-7 hold'
+ dpkg --set-selections
dpkg: warning: package not in status nor available database at line 1: g++-7
dpkg: warning: found unknown packages; this might mean the available database
is outdated, and needs to be updated through a frontend method;
please see the FAQ <https://wiki.debian.org/Teams/Dpkg/FAQ>
+ for VERSION in $VERSIONS
+ rm -f g++-8 gcc-8 cpp-8 gcc
+ ln -s clang++-9 g++-8
+ ln -s clang-9 gcc-8
+ ln -s clang-9 cpp-8
+ ln -s clang-9 gcc
+ echo 'gcc-8 hold'
+ dpkg --set-selections
dpkg: warning: package not in status nor available database at line 1: gcc-8
dpkg: warning: found unknown packages; this might mean the available database
is outdated, and needs to be updated through a frontend method;
please see the FAQ <https://wiki.debian.org/Teams/Dpkg/FAQ>
+ echo 'g++-8 hold'
+ dpkg --set-selections
dpkg: warning: package not in status nor available database at line 1: g++-8
dpkg: warning: found unknown packages; this might mean the available database
is outdated, and needs to be updated through a frontend method;
please see the FAQ <https://wiki.debian.org/Teams/Dpkg/FAQ>
+ for VERSION in $VERSIONS
+ rm -f g++-9 gcc-9 cpp-9 gcc
+ ln -s clang++-9 g++-9
+ ln -s clang-9 gcc-9
+ ln -s clang-9 cpp-9
+ ln -s clang-9 gcc
+ echo 'gcc-9 hold'
+ dpkg --set-selections
+ echo 'g++-9 hold'
+ dpkg --set-selections
+ for VERSION in $VERSIONS
+ rm -f g++-10 gcc-10 cpp-10 gcc
+ ln -s clang++-9 g++-10
+ ln -s clang-9 gcc-10
+ ln -s clang-9 cpp-10
+ ln -s clang-9 gcc
+ echo 'gcc-10 hold'
+ dpkg --set-selections
dpkg: warning: package not in status nor available database at line 1: gcc-10
dpkg: warning: found unknown packages; this might mean the available database
is outdated, and needs to be updated through a frontend method;
please see the FAQ <https://wiki.debian.org/Teams/Dpkg/FAQ>
+ echo 'g++-10 hold'
+ dpkg --set-selections
dpkg: warning: package not in status nor available database at line 1: g++-10
dpkg: warning: found unknown packages; this might mean the available database
is outdated, and needs to be updated through a frontend method;
please see the FAQ <https://wiki.debian.org/Teams/Dpkg/FAQ>
+ cd -
/build/papi-eCpQ2a
+ echo 'Check if gcc, g++ & cpp are actually clang'
Check if gcc, g++ & cpp are actually clang
+ gcc --version
+ grep clang
+ cpp --version
+ grep clang
+ g++ --version
+ grep clang

I: Finished running '/tmp/clang9'.

Finished processing commands.
--------------------------------------------------------------------------------
I: NOTICE: Log filtering will replace 'build/papi-eCpQ2a/resolver-ypORS1' with '<<RESOLVERDIR>>'

+------------------------------------------------------------------------------+
| Update chroot                                                                |
+------------------------------------------------------------------------------+

Hit:1 http://127.0.0.1:12990/debian sid InRelease
Reading package lists...
Reading package lists...
Building dependency tree...
Reading state information...
Calculating upgrade...
The following packages will be upgraded:
  bash libgmp10 zlib1g
3 upgraded, 0 newly installed, 0 to remove and 0 not upgraded.
Need to get 1722 kB of archives.
After this operation, 4096 B of additional disk space will be used.
Get:1 http://127.0.0.1:12990/debian sid/main amd64 bash amd64 5.0-6 [1379 kB]
Get:2 http://127.0.0.1:12990/debian sid/main amd64 libgmp10 amd64 2:6.2.0+dfsg-4 [253 kB]
Get:3 http://127.0.0.1:12990/debian sid/main amd64 zlib1g amd64 1:1.2.11.dfsg-2 [90.4 kB]
debconf: delaying package configuration, since apt-utils is not installed
Fetched 1722 kB in 0s (70.7 MB/s)
(Reading database ... (Reading database ... 5%(Reading database ... 10%(Reading database ... 15%(Reading database ... 20%(Reading database ... 25%(Reading database ... 30%(Reading database ... 35%(Reading database ... 40%(Reading database ... 45%(Reading database ... 50%(Reading database ... 55%(Reading database ... 60%(Reading database ... 65%(Reading database ... 70%(Reading database ... 75%(Reading database ... 80%(Reading database ... 85%(Reading database ... 90%(Reading database ... 95%(Reading database ... 100%(Reading database ... 13921 files and directories currently installed.)
Preparing to unpack .../archives/bash_5.0-6_amd64.deb ...
Unpacking bash (5.0-6) over (5.0-5) ...
Setting up bash (5.0-6) ...
update-alternatives: using /usr/share/man/man7/bash-builtins.7.gz to provide /usr/share/man/man7/builtins.7.gz (builtins.7.gz) in auto mode
(Reading database ... (Reading database ... 5%(Reading database ... 10%(Reading database ... 15%(Reading database ... 20%(Reading database ... 25%(Reading database ... 30%(Reading database ... 35%(Reading database ... 40%(Reading database ... 45%(Reading database ... 50%(Reading database ... 55%(Reading database ... 60%(Reading database ... 65%(Reading database ... 70%(Reading database ... 75%(Reading database ... 80%(Reading database ... 85%(Reading database ... 90%(Reading database ... 95%(Reading database ... 100%(Reading database ... 13921 files and directories currently installed.)
Preparing to unpack .../libgmp10_2%3a6.2.0+dfsg-4_amd64.deb ...
Unpacking libgmp10:amd64 (2:6.2.0+dfsg-4) over (2:6.2.0+dfsg-3) ...
Setting up libgmp10:amd64 (2:6.2.0+dfsg-4) ...
(Reading database ... (Reading database ... 5%(Reading database ... 10%(Reading database ... 15%(Reading database ... 20%(Reading database ... 25%(Reading database ... 30%(Reading database ... 35%(Reading database ... 40%(Reading database ... 45%(Reading database ... 50%(Reading database ... 55%(Reading database ... 60%(Reading database ... 65%(Reading database ... 70%(Reading database ... 75%(Reading database ... 80%(Reading database ... 85%(Reading database ... 90%(Reading database ... 95%(Reading database ... 100%(Reading database ... 13921 files and directories currently installed.)
Preparing to unpack .../zlib1g_1%3a1.2.11.dfsg-2_amd64.deb ...
Unpacking zlib1g:amd64 (1:1.2.11.dfsg-2) over (1:1.2.11.dfsg-1.2) ...
Setting up zlib1g:amd64 (1:1.2.11.dfsg-2) ...
Processing triggers for libc-bin (2.29-10) ...

+------------------------------------------------------------------------------+
| Fetch source files                                                           |
+------------------------------------------------------------------------------+


Check APT
---------

Checking available source versions...

Download source files with APT
------------------------------

Reading package lists...
NOTICE: 'papi' packaging is maintained in the 'Git' version control system at:
https://salsa.debian.org/hpc-team/papi.git
Please use:
git clone https://salsa.debian.org/hpc-team/papi.git
to retrieve the latest (possibly unreleased) updates to the package.
Need to get 1129 kB of source archives.
Get:1 http://127.0.0.1:12990/debian sid/main papi 5.7.0+dfsg-2 (dsc) [2178 B]
Get:2 http://127.0.0.1:12990/debian sid/main papi 5.7.0+dfsg-2 (tar) [1111 kB]
Get:3 http://127.0.0.1:12990/debian sid/main papi 5.7.0+dfsg-2 (diff) [16.4 kB]
Fetched 1129 kB in 0s (12.4 MB/s)
Download complete and in download only mode
I: NOTICE: Log filtering will replace 'build/papi-eCpQ2a/papi-5.7.0+dfsg' with '<<PKGBUILDDIR>>'
I: NOTICE: Log filtering will replace 'build/papi-eCpQ2a' with '<<BUILDDIR>>'

+------------------------------------------------------------------------------+
| Install package build dependencies                                           |
+------------------------------------------------------------------------------+


Setup apt archive
-----------------

Merged Build-Depends: debhelper-compat (= 12), libpfm4-dev (>= 4.10.1+git7), gfortran, build-essential, fakeroot
Filtered Build-Depends: debhelper-compat (= 12), libpfm4-dev (>= 4.10.1+git7), gfortran, build-essential, fakeroot
dpkg-deb: building package 'sbuild-build-depends-main-dummy' in '/<<RESOLVERDIR>>/apt_archive/sbuild-build-depends-main-dummy.deb'.
Ign:1 copy:/<<RESOLVERDIR>>/apt_archive ./ InRelease
Get:2 copy:/<<RESOLVERDIR>>/apt_archive ./ Release [957 B]
Ign:3 copy:/<<RESOLVERDIR>>/apt_archive ./ Release.gpg
Get:4 copy:/<<RESOLVERDIR>>/apt_archive ./ Sources [398 B]
Get:5 copy:/<<RESOLVERDIR>>/apt_archive ./ Packages [479 B]
Fetched 1834 B in 0s (0 B/s)
Reading package lists...
Reading package lists...

Install main build dependencies (apt-based resolver)
----------------------------------------------------

Installing build dependencies
Reading package lists...
Building dependency tree...
Reading state information...
The following additional packages will be installed:
  autoconf automake autopoint autotools-dev bsdmainutils debhelper
  dh-autoreconf dh-strip-nondeterminism dwz file gettext gettext-base gfortran
  gfortran-9 groff-base intltool-debian libarchive-zip-perl libcroco3
  libdebhelper-perl libelf1 libfile-stripnondeterminism-perl libgfortran-9-dev
  libgfortran5 libglib2.0-0 libicu63 libmagic-mgc libmagic1 libpfm4
  libpfm4-dev libpipeline1 libsigsegv2 libsub-override-perl libtool
  libuchardet0 libxml2 m4 man-db po-debconf sensible-utils
Suggested packages:
  autoconf-archive gnu-standards autoconf-doc wamerican | wordlist whois
  vacation dh-make gettext-doc libasprintf-dev libgettextpo-dev
  gfortran-multilib gfortran-doc gfortran-9-multilib gfortran-9-doc
  libcoarrays-dev groff libtool-doc gcj-jdk m4-doc apparmor less www-browser
  libmail-box-perl
Recommended packages:
  curl | wget | lynx libarchive-cpio-perl libglib2.0-data shared-mime-info
  xdg-user-dirs libltdl-dev libmail-sendmail-perl
The following NEW packages will be installed:
  autoconf automake autopoint autotools-dev bsdmainutils debhelper
  dh-autoreconf dh-strip-nondeterminism dwz file gettext gettext-base gfortran
  gfortran-9 groff-base intltool-debian libarchive-zip-perl libcroco3
  libdebhelper-perl libelf1 libfile-stripnondeterminism-perl libgfortran-9-dev
  libgfortran5 libglib2.0-0 libicu63 libmagic-mgc libmagic1 libpfm4
  libpfm4-dev libpipeline1 libsigsegv2 libsub-override-perl libtool
  libuchardet0 libxml2 m4 man-db po-debconf sbuild-build-depends-main-dummy
  sensible-utils
0 upgraded, 40 newly installed, 0 to remove and 0 not upgraded.
Need to get 31.7 MB of archives.
After this operation, 114 MB of additional disk space will be used.
Get:1 copy:/<<RESOLVERDIR>>/apt_archive ./ sbuild-build-depends-main-dummy 0.invalid.0 [908 B]
Get:2 http://127.0.0.1:12990/debian sid/main amd64 bsdmainutils amd64 11.1.2+b1 [191 kB]
Get:3 http://127.0.0.1:12990/debian sid/main amd64 libuchardet0 amd64 0.0.6-3 [64.9 kB]
Get:4 http://127.0.0.1:12990/debian sid/main amd64 groff-base amd64 1.22.4-4 [919 kB]
Get:5 http://127.0.0.1:12990/debian sid/main amd64 libpipeline1 amd64 1.5.2-2 [33.9 kB]
Get:6 http://127.0.0.1:12990/debian sid/main amd64 man-db amd64 2.9.0-2 [1307 kB]
Get:7 http://127.0.0.1:12990/debian sid/main amd64 sensible-utils all 0.0.12+nmu1 [16.0 kB]
Get:8 http://127.0.0.1:12990/debian sid/main amd64 libmagic-mgc amd64 1:5.38-4 [262 kB]
Get:9 http://127.0.0.1:12990/debian sid/main amd64 libmagic1 amd64 1:5.38-4 [120 kB]
Get:10 http://127.0.0.1:12990/debian sid/main amd64 file amd64 1:5.38-4 [67.9 kB]
Get:11 http://127.0.0.1:12990/debian sid/main amd64 gettext-base amd64 0.19.8.1-10 [123 kB]
Get:12 http://127.0.0.1:12990/debian sid/main amd64 libsigsegv2 amd64 2.12-2 [32.8 kB]
Get:13 http://127.0.0.1:12990/debian sid/main amd64 m4 amd64 1.4.18-4 [203 kB]
Get:14 http://127.0.0.1:12990/debian sid/main amd64 autoconf all 2.69-11.1 [341 kB]
Get:15 http://127.0.0.1:12990/debian sid/main amd64 autotools-dev all 20180224.1 [77.0 kB]
Get:16 http://127.0.0.1:12990/debian sid/main amd64 automake all 1:1.16.1-4 [771 kB]
Get:17 http://127.0.0.1:12990/debian sid/main amd64 autopoint all 0.19.8.1-10 [435 kB]
Get:18 http://127.0.0.1:12990/debian sid/main amd64 libtool all 2.4.6-13 [513 kB]
Get:19 http://127.0.0.1:12990/debian sid/main amd64 dh-autoreconf all 19 [16.9 kB]
Get:20 http://127.0.0.1:12990/debian sid/main amd64 libdebhelper-perl all 12.9 [183 kB]
Get:21 http://127.0.0.1:12990/debian sid/main amd64 libarchive-zip-perl all 1.67-1 [104 kB]
Get:22 http://127.0.0.1:12990/debian sid/main amd64 libsub-override-perl all 0.09-2 [10.2 kB]
Get:23 http://127.0.0.1:12990/debian sid/main amd64 libfile-stripnondeterminism-perl all 1.6.3-2 [23.7 kB]
Get:24 http://127.0.0.1:12990/debian sid/main amd64 dh-strip-nondeterminism all 1.6.3-2 [14.7 kB]
Get:25 http://127.0.0.1:12990/debian sid/main amd64 libelf1 amd64 0.176-1.1 [161 kB]
Get:26 http://127.0.0.1:12990/debian sid/main amd64 dwz amd64 0.13-5 [151 kB]
Get:27 http://127.0.0.1:12990/debian sid/main amd64 libglib2.0-0 amd64 2.62.4-2 [1319 kB]
Get:28 http://127.0.0.1:12990/debian sid/main amd64 libicu63 amd64 63.2-2 [8301 kB]
Get:29 http://127.0.0.1:12990/debian sid/main amd64 libxml2 amd64 2.9.10+dfsg-3 [709 kB]
Get:30 http://127.0.0.1:12990/debian sid/main amd64 libcroco3 amd64 0.6.13-1 [146 kB]
Get:31 http://127.0.0.1:12990/debian sid/main amd64 gettext amd64 0.19.8.1-10 [1303 kB]
Get:32 http://127.0.0.1:12990/debian sid/main amd64 intltool-debian all 0.35.0+20060710.5 [26.8 kB]
Get:33 http://127.0.0.1:12990/debian sid/main amd64 po-debconf all 1.0.21 [248 kB]
Get:34 http://127.0.0.1:12990/debian sid/main amd64 debhelper all 12.9 [994 kB]
Get:35 http://127.0.0.1:12990/debian sid/main amd64 libgfortran5 amd64 10-20200222-1 [721 kB]
Get:36 http://127.0.0.1:12990/debian sid/main amd64 libgfortran-9-dev amd64 9.2.1-30 [676 kB]
Get:37 http://127.0.0.1:12990/debian sid/main amd64 gfortran-9 amd64 9.2.1-30 [10.4 MB]
Get:38 http://127.0.0.1:12990/debian sid/main amd64 gfortran amd64 4:9.2.1-3.1 [1432 B]
Get:39 http://127.0.0.1:12990/debian sid/main amd64 libpfm4 amd64 4.10.1+git20-g7700f49-2 [269 kB]
Get:40 http://127.0.0.1:12990/debian sid/main amd64 libpfm4-dev amd64 4.10.1+git20-g7700f49-2 [401 kB]
debconf: delaying package configuration, since apt-utils is not installed
Fetched 31.7 MB in 0s (90.8 MB/s)
Selecting previously unselected package bsdmainutils.
(Reading database ... 13921 files and directories currently installed.)
Preparing to unpack .../00-bsdmainutils_11.1.2+b1_amd64.deb ...
Unpacking bsdmainutils (11.1.2+b1) ...
Selecting previously unselected package libuchardet0:amd64.
Preparing to unpack .../01-libuchardet0_0.0.6-3_amd64.deb ...
Unpacking libuchardet0:amd64 (0.0.6-3) ...
Selecting previously unselected package groff-base.
Preparing to unpack .../02-groff-base_1.22.4-4_amd64.deb ...
Unpacking groff-base (1.22.4-4) ...
Selecting previously unselected package libpipeline1:amd64.
Preparing to unpack .../03-libpipeline1_1.5.2-2_amd64.deb ...
Unpacking libpipeline1:amd64 (1.5.2-2) ...
Selecting previously unselected package man-db.
Preparing to unpack .../04-man-db_2.9.0-2_amd64.deb ...
Unpacking man-db (2.9.0-2) ...
Selecting previously unselected package sensible-utils.
Preparing to unpack .../05-sensible-utils_0.0.12+nmu1_all.deb ...
Unpacking sensible-utils (0.0.12+nmu1) ...
Selecting previously unselected package libmagic-mgc.
Preparing to unpack .../06-libmagic-mgc_1%3a5.38-4_amd64.deb ...
Unpacking libmagic-mgc (1:5.38-4) ...
Selecting previously unselected package libmagic1:amd64.
Preparing to unpack .../07-libmagic1_1%3a5.38-4_amd64.deb ...
Unpacking libmagic1:amd64 (1:5.38-4) ...
Selecting previously unselected package file.
Preparing to unpack .../08-file_1%3a5.38-4_amd64.deb ...
Unpacking file (1:5.38-4) ...
Selecting previously unselected package gettext-base.
Preparing to unpack .../09-gettext-base_0.19.8.1-10_amd64.deb ...
Unpacking gettext-base (0.19.8.1-10) ...
Selecting previously unselected package libsigsegv2:amd64.
Preparing to unpack .../10-libsigsegv2_2.12-2_amd64.deb ...
Unpacking libsigsegv2:amd64 (2.12-2) ...
Selecting previously unselected package m4.
Preparing to unpack .../11-m4_1.4.18-4_amd64.deb ...
Unpacking m4 (1.4.18-4) ...
Selecting previously unselected package autoconf.
Preparing to unpack .../12-autoconf_2.69-11.1_all.deb ...
Unpacking autoconf (2.69-11.1) ...
Selecting previously unselected package autotools-dev.
Preparing to unpack .../13-autotools-dev_20180224.1_all.deb ...
Unpacking autotools-dev (20180224.1) ...
Selecting previously unselected package automake.
Preparing to unpack .../14-automake_1%3a1.16.1-4_all.deb ...
Unpacking automake (1:1.16.1-4) ...
Selecting previously unselected package autopoint.
Preparing to unpack .../15-autopoint_0.19.8.1-10_all.deb ...
Unpacking autopoint (0.19.8.1-10) ...
Selecting previously unselected package libtool.
Preparing to unpack .../16-libtool_2.4.6-13_all.deb ...
Unpacking libtool (2.4.6-13) ...
Selecting previously unselected package dh-autoreconf.
Preparing to unpack .../17-dh-autoreconf_19_all.deb ...
Unpacking dh-autoreconf (19) ...
Selecting previously unselected package libdebhelper-perl.
Preparing to unpack .../18-libdebhelper-perl_12.9_all.deb ...
Unpacking libdebhelper-perl (12.9) ...
Selecting previously unselected package libarchive-zip-perl.
Preparing to unpack .../19-libarchive-zip-perl_1.67-1_all.deb ...
Unpacking libarchive-zip-perl (1.67-1) ...
Selecting previously unselected package libsub-override-perl.
Preparing to unpack .../20-libsub-override-perl_0.09-2_all.deb ...
Unpacking libsub-override-perl (0.09-2) ...
Selecting previously unselected package libfile-stripnondeterminism-perl.
Preparing to unpack .../21-libfile-stripnondeterminism-perl_1.6.3-2_all.deb ...
Unpacking libfile-stripnondeterminism-perl (1.6.3-2) ...
Selecting previously unselected package dh-strip-nondeterminism.
Preparing to unpack .../22-dh-strip-nondeterminism_1.6.3-2_all.deb ...
Unpacking dh-strip-nondeterminism (1.6.3-2) ...
Selecting previously unselected package libelf1:amd64.
Preparing to unpack .../23-libelf1_0.176-1.1_amd64.deb ...
Unpacking libelf1:amd64 (0.176-1.1) ...
Selecting previously unselected package dwz.
Preparing to unpack .../24-dwz_0.13-5_amd64.deb ...
Unpacking dwz (0.13-5) ...
Selecting previously unselected package libglib2.0-0:amd64.
Preparing to unpack .../25-libglib2.0-0_2.62.4-2_amd64.deb ...
Unpacking libglib2.0-0:amd64 (2.62.4-2) ...
Selecting previously unselected package libicu63:amd64.
Preparing to unpack .../26-libicu63_63.2-2_amd64.deb ...
Unpacking libicu63:amd64 (63.2-2) ...
Selecting previously unselected package libxml2:amd64.
Preparing to unpack .../27-libxml2_2.9.10+dfsg-3_amd64.deb ...
Unpacking libxml2:amd64 (2.9.10+dfsg-3) ...
Selecting previously unselected package libcroco3:amd64.
Preparing to unpack .../28-libcroco3_0.6.13-1_amd64.deb ...
Unpacking libcroco3:amd64 (0.6.13-1) ...
Selecting previously unselected package gettext.
Preparing to unpack .../29-gettext_0.19.8.1-10_amd64.deb ...
Unpacking gettext (0.19.8.1-10) ...
Selecting previously unselected package intltool-debian.
Preparing to unpack .../30-intltool-debian_0.35.0+20060710.5_all.deb ...
Unpacking intltool-debian (0.35.0+20060710.5) ...
Selecting previously unselected package po-debconf.
Preparing to unpack .../31-po-debconf_1.0.21_all.deb ...
Unpacking po-debconf (1.0.21) ...
Selecting previously unselected package debhelper.
Preparing to unpack .../32-debhelper_12.9_all.deb ...
Unpacking debhelper (12.9) ...
Selecting previously unselected package libgfortran5:amd64.
Preparing to unpack .../33-libgfortran5_10-20200222-1_amd64.deb ...
Unpacking libgfortran5:amd64 (10-20200222-1) ...
Selecting previously unselected package libgfortran-9-dev:amd64.
Preparing to unpack .../34-libgfortran-9-dev_9.2.1-30_amd64.deb ...
Unpacking libgfortran-9-dev:amd64 (9.2.1-30) ...
Selecting previously unselected package gfortran-9.
Preparing to unpack .../35-gfortran-9_9.2.1-30_amd64.deb ...
Unpacking gfortran-9 (9.2.1-30) ...
Selecting previously unselected package gfortran.
Preparing to unpack .../36-gfortran_4%3a9.2.1-3.1_amd64.deb ...
Unpacking gfortran (4:9.2.1-3.1) ...
Selecting previously unselected package libpfm4:amd64.
Preparing to unpack .../37-libpfm4_4.10.1+git20-g7700f49-2_amd64.deb ...
Unpacking libpfm4:amd64 (4.10.1+git20-g7700f49-2) ...
Selecting previously unselected package libpfm4-dev:amd64.
Preparing to unpack .../38-libpfm4-dev_4.10.1+git20-g7700f49-2_amd64.deb ...
Unpacking libpfm4-dev:amd64 (4.10.1+git20-g7700f49-2) ...
Selecting previously unselected package sbuild-build-depends-main-dummy.
Preparing to unpack .../39-sbuild-build-depends-main-dummy_0.invalid.0_amd64.deb ...
Unpacking sbuild-build-depends-main-dummy (0.invalid.0) ...
Setting up libpipeline1:amd64 (1.5.2-2) ...
Setting up libmagic-mgc (1:5.38-4) ...
Setting up libarchive-zip-perl (1.67-1) ...
Setting up libglib2.0-0:amd64 (2.62.4-2) ...
No schema files found: doing nothing.
Setting up libdebhelper-perl (12.9) ...
Setting up libmagic1:amd64 (1:5.38-4) ...
Setting up gettext-base (0.19.8.1-10) ...
Setting up file (1:5.38-4) ...
Setting up libicu63:amd64 (63.2-2) ...
Setting up autotools-dev (20180224.1) ...
Setting up libpfm4:amd64 (4.10.1+git20-g7700f49-2) ...
Setting up libsigsegv2:amd64 (2.12-2) ...
Setting up bsdmainutils (11.1.2+b1) ...
update-alternatives: using /usr/bin/bsd-write to provide /usr/bin/write (write) in auto mode
update-alternatives: using /usr/bin/bsd-from to provide /usr/bin/from (from) in auto mode
Setting up autopoint (0.19.8.1-10) ...
Setting up libgfortran5:amd64 (10-20200222-1) ...
Setting up sensible-utils (0.0.12+nmu1) ...
Setting up libuchardet0:amd64 (0.0.6-3) ...
Setting up libsub-override-perl (0.09-2) ...
Setting up libelf1:amd64 (0.176-1.1) ...
Setting up libxml2:amd64 (2.9.10+dfsg-3) ...
Setting up libfile-stripnondeterminism-perl (1.6.3-2) ...
Setting up libtool (2.4.6-13) ...
Setting up libpfm4-dev:amd64 (4.10.1+git20-g7700f49-2) ...
Setting up libgfortran-9-dev:amd64 (9.2.1-30) ...
Setting up m4 (1.4.18-4) ...
Setting up libcroco3:amd64 (0.6.13-1) ...
Setting up autoconf (2.69-11.1) ...
Setting up dh-strip-nondeterminism (1.6.3-2) ...
Setting up dwz (0.13-5) ...
Setting up groff-base (1.22.4-4) ...
Setting up automake (1:1.16.1-4) ...
update-alternatives: using /usr/bin/automake-1.16 to provide /usr/bin/automake (automake) in auto mode
Setting up gettext (0.19.8.1-10) ...
Setting up gfortran-9 (9.2.1-30) ...
Setting up man-db (2.9.0-2) ...
Not building database; man-db/auto-update is not 'true'.
Setting up gfortran (4:9.2.1-3.1) ...
update-alternatives: using /usr/bin/gfortran to provide /usr/bin/f95 (f95) in auto mode
update-alternatives: using /usr/bin/gfortran to provide /usr/bin/f77 (f77) in auto mode
Setting up intltool-debian (0.35.0+20060710.5) ...
Setting up po-debconf (1.0.21) ...
Setting up dh-autoreconf (19) ...
Setting up debhelper (12.9) ...
Setting up sbuild-build-depends-main-dummy (0.invalid.0) ...
Processing triggers for libc-bin (2.29-10) ...

+------------------------------------------------------------------------------+
| Check architectures                                                          |
+------------------------------------------------------------------------------+

Arch check ok (amd64 included in any all)

+------------------------------------------------------------------------------+
| Build environment                                                            |
+------------------------------------------------------------------------------+

Kernel: Linux 4.19.0-6-cloud-amd64 #1 SMP Debian 4.19.67-2+deb10u2 (2019-11-11) amd64 (x86_64)
Toolchain package versions: binutils_2.34-3 dpkg-dev_1.19.7 g++-9_9.2.1-30 gcc-9_9.2.1-30 libc6-dev_2.29-10 libstdc++-8-dev_8.3.0-29 libstdc++-9-dev_9.2.1-30 libstdc++6_10-20200222-1 linux-libc-dev_5.4.19-1
Package versions: adduser_3.118 apt_1.8.4 autoconf_2.69-11.1 automake_1:1.16.1-4 autopoint_0.19.8.1-10 autotools-dev_20180224.1 base-files_11 base-passwd_3.5.47 bash_5.0-6 binutils_2.34-3 binutils-common_2.34-3 binutils-x86-64-linux-gnu_2.34-3 bsdmainutils_11.1.2+b1 bsdutils_1:2.34-0.1 build-essential_12.8 bzip2_1.0.8-2 clang-9_1:9.0.1-8 coreutils_8.30-3+b1 cpp_4:9.2.1-3.1 cpp-9_9.2.1-30 dash_0.5.10.2-6 debconf_1.5.73 debhelper_12.9 debian-archive-keyring_2019.1 debianutils_4.9.1 dh-autoreconf_19 dh-strip-nondeterminism_1.6.3-2 diffutils_1:3.7-3 dpkg_1.19.7 dpkg-dev_1.19.7 dwz_0.13-5 e2fsprogs_1.45.5-2 fakeroot_1.24-1 fdisk_2.34-0.1 file_1:5.38-4 findutils_4.7.0-1 g++_4:9.2.1-3.1 g++-9_9.2.1-30 gcc_4:9.2.1-3.1 gcc-10-base_10-20200222-1 gcc-8-base_8.3.0-29 gcc-9_9.2.1-30 gcc-9-base_9.2.1-30 gettext_0.19.8.1-10 gettext-base_0.19.8.1-10 gfortran_4:9.2.1-3.1 gfortran-9_9.2.1-30 gpgv_2.2.19-1 grep_3.4-1 groff-base_1.22.4-4 gzip_1.9-3+b1 hostname_3.23 init-system-helpers_1.57 intltool-debian_0.35.0+20060710.5 lib32gcc-s1_10-20200222-1 lib32gcc1_1:10-20200222-1 lib32stdc++6_10-20200222-1 libacl1_2.2.53-5 libapt-pkg5.0_1.8.4 libarchive-zip-perl_1.67-1 libasan5_9.2.1-30 libatomic1_10-20200222-1 libattr1_1:2.4.48-5 libaudit-common_1:2.8.5-2 libaudit1_1:2.8.5-2+b1 libbinutils_2.34-3 libblkid1_2.34-0.1 libbsd0_0.10.0-1 libbz2-1.0_1.0.8-2 libc-bin_2.29-10 libc-dev-bin_2.29-10 libc6_2.29-10 libc6-dev_2.29-10 libc6-i386_2.29-10 libcap-ng0_0.7.9-2.1+b1 libcc1-0_10-20200222-1 libclang-common-9-dev_1:9.0.1-8 libclang-cpp9_1:9.0.1-8 libcom-err2_1.45.5-2 libcroco3_0.6.13-1 libcrypt-dev_1:4.4.10-10 libcrypt1_1:4.4.10-10 libctf-nobfd0_2.34-3 libctf0_2.34-3 libdb5.3_5.3.28+dfsg1-0.6 libdebconfclient0_0.251 libdebhelper-perl_12.9 libdpkg-perl_1.19.7 libedit2_3.1-20191231-1 libelf1_0.176-1.1 libext2fs2_1.45.5-2 libfakeroot_1.24-1 libfdisk1_2.34-0.1 libffi7_3.3-3 libfile-stripnondeterminism-perl_1.6.3-2 libgc1c2_1:7.6.4-0.4 libgcc-8-dev_8.3.0-29 libgcc-9-dev_9.2.1-30 libgcc-s1_10-20200222-1 libgcc1_1:10-20200222-1 libgcrypt20_1.8.5-5 libgdbm-compat4_1.18.1-5 libgdbm6_1.18.1-5 libgfortran-9-dev_9.2.1-30 libgfortran5_10-20200222-1 libglib2.0-0_2.62.4-2 libgmp10_2:6.2.0+dfsg-4 libgnutls30_3.6.12-2 libgomp1_10-20200222-1 libgpg-error0_1.37-1 libhogweed5_3.5.1+really3.5.1-2 libicu63_63.2-2 libidn2-0_2.2.0-2 libisl22_0.22.1-1 libitm1_10-20200222-1 libllvm9_1:9.0.1-8 liblsan0_10-20200222-1 liblz4-1_1.9.2-2 liblzma5_5.2.4-1+b1 libmagic-mgc_1:5.38-4 libmagic1_1:5.38-4 libmount1_2.34-0.1 libmpc3_1.1.0-1 libmpfr6_4.0.2-1 libmpx2_8.3.0-29 libncursesw6_6.1+20191019-1 libnettle7_3.5.1+really3.5.1-2 libobjc-8-dev_8.3.0-29 libobjc-9-dev_9.2.1-30 libobjc4_10-20200222-1 libomp-9-dev_1:9.0.1-8 libomp5-9_1:9.0.1-8 libp11-kit0_0.23.20-1 libpam-modules_1.3.1-5 libpam-modules-bin_1.3.1-5 libpam-runtime_1.3.1-5 libpam0g_1.3.1-5 libpcre2-8-0_10.34-7 libpcre3_2:8.39-12+b1 libperl5.30_5.30.0-9 libpfm4_4.10.1+git20-g7700f49-2 libpfm4-dev_4.10.1+git20-g7700f49-2 libpipeline1_1.5.2-2 libquadmath0_10-20200222-1 libseccomp2_2.4.2-2 libselinux1_3.0-1+b1 libsemanage-common_3.0-1 libsemanage1_3.0-1+b1 libsepol1_3.0-1 libsigsegv2_2.12-2 libsmartcols1_2.34-0.1 libss2_1.45.5-2 libstdc++-8-dev_8.3.0-29 libstdc++-9-dev_9.2.1-30 libstdc++6_10-20200222-1 libsub-override-perl_0.09-2 libsystemd0_244.3-1 libtasn1-6_4.16.0-2 libtinfo6_6.1+20191019-1 libtool_2.4.6-13 libtsan0_10-20200222-1 libubsan1_10-20200222-1 libuchardet0_0.0.6-3 libudev1_244.3-1 libunistring2_0.9.10-2 libuuid1_2.34-0.1 libxml2_2.9.10+dfsg-3 libz3-4_4.8.7-4 libzstd1_1.4.4+dfsg-3 linux-libc-dev_5.4.19-1 login_1:4.8.1-1 logsave_1.45.5-2 lsb-base_11.1.0 m4_1.4.18-4 make_4.2.1-1.2 man-db_2.9.0-2 mawk_1.3.4.20200120-2 mount_2.34-0.1 ncurses-base_6.1+20191019-1 ncurses-bin_6.1+20191019-1 passwd_1:4.8.1-1 patch_2.7.6-6 perl_5.30.0-9 perl-base_5.30.0-9 perl-modules-5.30_5.30.0-9 po-debconf_1.0.21 sbuild-build-depends-main-dummy_0.invalid.0 sed_4.7-1 sensible-utils_0.0.12+nmu1 sysvinit-utils_2.96-2.1 tar_1.30+dfsg-6+b1 tzdata_2019c-3 util-linux_2.34-0.1 xz-utils_5.2.4-1+b1 zlib1g_1:1.2.11.dfsg-2

+------------------------------------------------------------------------------+
| Build                                                                        |
+------------------------------------------------------------------------------+


Unpack source
-------------

-----BEGIN PGP SIGNED MESSAGE-----
Hash: SHA256

Format: 3.0 (quilt)
Source: papi
Binary: libpapi5.7, libpapi-dev, papi-tools, papi-examples
Architecture: any all
Version: 5.7.0+dfsg-2
Maintainer: Debian HPC Team <debian-hpc@lists.debian.org>
Uploaders:  Vincent Danjean <vdanjean@debian.org>, Andreas Beckmann <anbe@debian.org>
Homepage: https://icl.utk.edu/papi/software/index.html
Standards-Version: 4.3.0
Vcs-Browser: https://salsa.debian.org/hpc-team/papi
Vcs-Git: https://salsa.debian.org/hpc-team/papi.git
Build-Depends: debhelper-compat (= 12), libpfm4-dev (>= 4.10.1+git7), gfortran
Package-List:
 libpapi-dev deb libdevel optional arch=any
 libpapi5.7 deb libs optional arch=any
 papi-examples deb devel optional arch=all
 papi-tools deb devel optional arch=any
Checksums-Sha1:
 c118ad80c32e002b21a072c4ee8a803f006c281b 1110820 papi_5.7.0+dfsg.orig.tar.xz
 60df9a8cc33b089133b99b39098c8700c2fe20df 16432 papi_5.7.0+dfsg-2.debian.tar.xz
Checksums-Sha256:
 445495a15ec40c810791c2f85c16b1c62216127e2d20b1690f3b8898799bd125 1110820 papi_5.7.0+dfsg.orig.tar.xz
 7cb3abb784d7caba15f5f40d1f7aba632c48e78a56be7d7dd8220743e8c4c715 16432 papi_5.7.0+dfsg-2.debian.tar.xz
Files:
 2384672bbab567cad631d42a07853c62 1110820 papi_5.7.0+dfsg.orig.tar.xz
 3bbbe06a405e975fea465b2061a9dbe4 16432 papi_5.7.0+dfsg-2.debian.tar.xz

-----BEGIN PGP SIGNATURE-----

iQJEBAEBCAAuFiEE6/MKMKjZxjvaRMaUX7M/k1np7QgFAl0FiPAQHGFuYmVAZGVi
aWFuLm9yZwAKCRBfsz+TWentCNMqD/9Qdkq2uKGJg5Z4UbrXa3+BCjf9reNeVqpz
+WKYzN6Jm4pb0ZihWg0i7Nq+2JSPbJTYXMNgqSxqV+etB9ZjfMRi7pPbnsbsdke5
IDlGp7W9db9O4v+BVckd+k95E0wWajaVlFj8iAvbnZLvVZcqbSHZCqQLMDUdeOCp
s3X73aaLxyEFkoqwHVNxSWV+bvl6RRbPG+uFtY4WPvC54iYgz3lWXPwF+RElZ3Lk
f7J3s8P1B/VrG003Z5XQw+ypIhc+WIFzuJM09+PRk5wFMSNvjLEBmQ09ZXPmF8SN
Mf5QdrI9XLd33CMoHtcjBJP1SjnIqK1sqx4Jhh5csdJ+Rf7rs209bbOS2vtQDzKC
BIPtXifiFVBy8uynRe4Nxvip62Ig5wGQTAlVDIqT44Blr1y1zZD7ILNK3TfFzwrC
CTvY/XFMyYMgwUSZM1H1jcj0NjyAeg75UCMSsoK4dPS/pWPNUBrzH44s2nzhK2cI
cZf1FVv2Ctx3tdS9X239hhIq+eR+3cuyIrOtrpUqD5smuSn3mgF5mfBgfINFjC5E
BqnESX+LgzJMJCSL4qSo1O/sXYqntVbJrRR3aQd937wdkFMSDW9ODeYDkszMMVnA
0PEZ9cgbi+2G0hQG8adshrdFaFemN1M/kb1hNcU4YlLkW1yDBEmY7bOB8lhgKQIC
hQi5RG5wog==
=c9WD
-----END PGP SIGNATURE-----

gpgv: unknown type of key resource 'trustedkeys.kbx'
gpgv: keyblock resource '/sbuild-nonexistent/.gnupg/trustedkeys.kbx': General error
gpgv: Signature made Sun Jun 16 00:10:24 2019 UTC
gpgv:                using RSA key EBF30A30A8D9C63BDA44C6945FB33F9359E9ED08
gpgv:                issuer "anbe@debian.org"
gpgv: Can't check signature: No public key
dpkg-source: warning: failed to verify signature on ./papi_5.7.0+dfsg-2.dsc
dpkg-source: info: extracting papi in /<<PKGBUILDDIR>>
dpkg-source: info: unpacking papi_5.7.0+dfsg.orig.tar.xz
dpkg-source: info: unpacking papi_5.7.0+dfsg-2.debian.tar.xz
dpkg-source: info: using patch list from debian/patches/series
dpkg-source: info: applying 0001-set-SONAME-to-libpapi.so.-PAPIVER-.-PAPIREV.patch
dpkg-source: info: applying 0002-Clean-up-of-carriage-return-character-M-from.patch
dpkg-source: info: applying fix-typos.patch
dpkg-source: info: applying for-debian-no-rpath.patch
dpkg-source: info: applying for-debian-do-not-embed-libpfm4.patch
dpkg-source: info: applying for-debian-fix-hyphenation.patch
dpkg-source: info: applying do-not-ignore-failures.patch

Check disk space
----------------

Sufficient free space for build

User Environment
----------------

APT_CONFIG=/var/lib/sbuild/apt.conf
HOME=/sbuild-nonexistent
LANG=C.UTF-8
LC_ALL=C.UTF-8
LOGNAME=user42
PATH=/usr/local/sbin:/usr/local/bin:/usr/sbin:/usr/bin:/sbin:/bin:/usr/games
SCHROOT_ALIAS_NAME=unstable
SCHROOT_CHROOT_NAME=sid-amd64-sbuild
SCHROOT_COMMAND=env
SCHROOT_GID=1001
SCHROOT_GROUP=user42
SCHROOT_SESSION_ID=sid-amd64-sbuild-14f33bcc-4a22-4a99-a2aa-f42aaf327644
SCHROOT_UID=1001
SCHROOT_USER=user42
SHELL=/bin/sh
USER=user42

dpkg-buildpackage
-----------------

Command: dpkg-buildpackage -us -uc -b -rfakeroot
dpkg-buildpackage: info: source package papi
dpkg-buildpackage: info: source version 5.7.0+dfsg-2
dpkg-buildpackage: info: source distribution unstable
dpkg-buildpackage: info: source changed by Andreas Beckmann <anbe@debian.org>
 dpkg-source --before-build .
dpkg-buildpackage: info: host architecture amd64
 debian/rules clean
rm -f debian/libpapi5.7.symbols debian/libpapi5.7.install debian/libpapi5.7.README.Debian debian/libpapi5.7.docs
dh clean --sourcedirectory=src
   dh_auto_clean -O--sourcedirectory=src
   dh_autoreconf_clean -O--sourcedirectory=src
   dh_clean -O--sourcedirectory=src
 debian/rules binary
dh binary --sourcedirectory=src
   dh_update_autotools_config -O--sourcedirectory=src
   dh_autoreconf -O--sourcedirectory=src
aclocal: warning: autoconf input should be named 'configure.ac', not 'configure.in'
   debian/rules override_dh_auto_configure
make[1]: Entering directory '/<<PKGBUILDDIR>>'
sed 's/@SOVERSION@/5.7/g' debian/libpapiSOVERSION.docs > debian/libpapi5.7.docs
sed 's/@SOVERSION@/5.7/g' debian/libpapiSOVERSION.symbols > debian/libpapi5.7.symbols
sed 's/@SOVERSION@/5.7/g' debian/libpapiSOVERSION.install > debian/libpapi5.7.install
sed 's/@SOVERSION@/5.7/g' debian/libpapiSOVERSION.README.Debian > debian/libpapi5.7.README.Debian
dh_auto_configure --sourcedirectory=src -- \
	--with-static-lib=yes \
	--with-shared-lib=yes \
	--with-shlib-tools \
	--with-perf-events \
	--with-pfm-incdir=/usr/include \
	--with-pfm-libdir=/usr/lib/x86_64-linux-gnu \
	CC=cc
	cd src && ./configure --build=x86_64-linux-gnu --prefix=/usr --includedir=\${prefix}/include --mandir=\${prefix}/share/man --infodir=\${prefix}/share/info --sysconfdir=/etc --localstatedir=/var --disable-silent-rules --libdir=\${prefix}/lib/x86_64-linux-gnu --runstatedir=/run --disable-maintainer-mode --disable-dependency-tracking --with-static-lib=yes --with-shared-lib=yes --with-shlib-tools --with-perf-events --with-pfm-incdir=/usr/include --with-pfm-libdir=/usr/lib/x86_64-linux-gnu CC=cc
configure: WARNING: unrecognized options: --disable-silent-rules, --disable-maintainer-mode, --disable-dependency-tracking
checking for architecture... x86_64
checking for OS... linux
checking for OS version... 4.19.0-6-cloud-amd64
checking for perf_event workaround level... autodetect
checking for if MIC should be used... no
checking whether the C compiler works... yes
checking for C compiler default output file name... a.out
checking for suffix of executables... 
checking whether we are cross compiling... no
checking for suffix of object files... o
checking whether we are using the GNU C compiler... yes
checking whether cc accepts -g... yes
checking for cc option to accept ISO C89... none needed
checking for xlf... no
checking for ifort... no
checking for gfortran... gfortran
checking whether we are using the GNU Fortran 77 compiler... yes
checking whether gfortran accepts -g... yes
checking for mpicc... no
checking for gawk... no
checking for mawk... mawk
checking how to run the C preprocessor... cc -E
checking whether ln -s works... yes
checking whether make sets $(MAKE)... yes
checking for ranlib... ranlib
checking for grep that handles long lines and -e... /bin/grep
checking for egrep... /bin/grep -E
checking for ANSI C header files... yes
checking for sys/types.h... yes
checking for sys/stat.h... yes
checking for stdlib.h... yes
checking for string.h... yes
checking for memory.h... yes
checking for strings.h... yes
checking for inttypes.h... yes
checking for stdint.h... yes
checking for unistd.h... yes
checking minix/config.h usability... no
checking minix/config.h presence... no
checking for minix/config.h... no
checking whether it is safe to define __EXTENSIONS__... yes
checking for ANSI C header files... (cached) yes
checking for inline... inline
checking whether time.h and sys/time.h may both be included... yes
checking sys/time.h usability... yes
checking sys/time.h presence... yes
checking for sys/time.h... yes
checking c_asm.h usability... no
checking c_asm.h presence... no
checking for c_asm.h... no
checking intrinsics.h usability... no
checking intrinsics.h presence... no
checking for intrinsics.h... no
checking mach/mach_time.h usability... no
checking mach/mach_time.h presence... no
checking for mach/mach_time.h... no
checking sched.h usability... yes
checking sched.h presence... yes
checking for sched.h... yes
checking for gethrtime... no
checking for read_real_time... no
checking for time_base_to_time... no
checking for clock_gettime... yes
checking for mach_absolute_time... no
checking for sched_getcpu... yes
checking for dlopen and dlerror symbols in base system... not found
checking for dlopen and dlerror symbols in -ldl... found
checking for debug build... 
checking for CPU type... x86
checking for ffsll... yes
checking for working gettid... no
checking for working syscall(SYS_gettid)... yes
checking for working MMTIMER... no
checking for working CLOCK_REALTIME_HR POSIX 1b timer... no
checking for working CLOCK_REALTIME POSIX 1b timer... yes
checking for which real time clock to use... clock_realtime
checking for working __thread... yes
checking for high performance thread local storage... __thread
checking for working CLOCK_THREAD_CPUTIME_ID POSIX 1b timer... yes
checking for which virtual timer to use... clock_thread_cputime_id
checking for static user preset events... no
checking for static PAPI preset events... yes
checking for whether to build static library... yes
checking for whether to build shared library... yes
checking for static compile of tests and utilities... no
checking for linking with papi shared library of tests and utilities... yes
checking for /sys/class/perfctr... no
checking for /dev/perfctr... no
checking for /sys/kernel/perfmon/version... no
checking for /proc/perfmon... no
checking for /proc/sys/kernel/perf_event_paranoid... yes
checking for /usr/include/perfmon/perf_event.h... yes
checking for pfm_initialize in -lpfm... yes
checking perfmon/pfmlib.h usability... yes
checking perfmon/pfmlib.h presence... yes
checking for perfmon/pfmlib.h... yes
checking for pfm_get_event_description... no
checking for pfmlib_reg_t.reg_evt_idx... no
checking for pfmlib_output_param_t.pfp_pmd_count... no
checking for pfm_msg_t.type... no
checking platform... linux-pe
checking for components to build... perf_event perf_event_uncore
checking for PAPI event CSV filename to use... papi_events.csv
configure: Compiling genpapifdef with cc
configure: Generating fpapi.h
configure: Generating f77papi.h
configure: Generating f90papi.h
configure: Rules.pfm4_pe will be included in the generated Makefile
configure: creating ./config.status
config.status: creating Makefile
config.status: creating papi.pc
config.status: creating components/Makefile_comp_tests.target
config.status: creating testlib/Makefile.target
config.status: creating utils/Makefile.target
config.status: creating ctests/Makefile.target
config.status: creating ftests/Makefile.target
config.status: creating validation_tests/Makefile.target
config.status: creating config.h
configure: WARNING: unrecognized options: --disable-silent-rules, --disable-maintainer-mode, --disable-dependency-tracking
# for reproducibility
sed -r -i '/^[CF]FLAGS/s/-fdebug-prefix-map=\S*\s*//' \
	src/ctests/Makefile.target \
	src/ftests/Makefile.target \
	src/testlib/Makefile.target \
	src/validation_tests/Makefile.target \
	src/components/Makefile_comp_tests.target
make[1]: Leaving directory '/<<PKGBUILDDIR>>'
   dh_auto_build -O--sourcedirectory=src
	cd src && make -j4
make[1]: Entering directory '/<<PKGBUILDDIR>>/src'
Host architecture   : Linux with perf_event kernel support and libpfm4
sh papi_events_table.sh papi_events.csv > papi_events_table.h
cc -DPAPI_NO_MEMORY_MANAGEMENT -DSTATIC_PAPI_EVENTS_TABLE  -DUSE_PERFEVENT_RDPMC=1 -DPEINCLUDE=\"/usr/include/perfmon/perf_event.h\" -D_REENTRANT -D_GNU_SOURCE -DUSE_COMPILER_TLS -fvisibility=hidden -I. -g -O2 -fdebug-prefix-map=/<<PKGBUILDDIR>>=. -fstack-protector-strong -Wformat -Werror=format-security -Wdate-time -D_FORTIFY_SOURCE=2 -g  -DOSLOCK=\"linux-lock.h\" -DOSCONTEXT=\"linux-context.h\" -O2 -c components/perf_event/perf_event.c -o perf_event.o 
cc -DPAPI_NO_MEMORY_MANAGEMENT -DSTATIC_PAPI_EVENTS_TABLE  -DUSE_PERFEVENT_RDPMC=1 -DPEINCLUDE=\"/usr/include/perfmon/perf_event.h\" -D_REENTRANT -D_GNU_SOURCE -DUSE_COMPILER_TLS -fvisibility=hidden -I. -g -O2 -fdebug-prefix-map=/<<PKGBUILDDIR>>=. -fstack-protector-strong -Wformat -Werror=format-security -Wdate-time -D_FORTIFY_SOURCE=2 -g  -DOSLOCK=\"linux-lock.h\" -DOSCONTEXT=\"linux-context.h\" -O2 -c components/perf_event/pe_libpfm4_events.c -o pe_libpfm4_events.o 
Host CPU component  : perf_event
Installation DESTDIR: 
Installation PREFIX : /usr
cc -DPAPI_NO_MEMORY_MANAGEMENT -DSTATIC_PAPI_EVENTS_TABLE  -DUSE_PERFEVENT_RDPMC=1 -DPEINCLUDE=\"/usr/include/perfmon/perf_event.h\" -D_REENTRANT -D_GNU_SOURCE -DUSE_COMPILER_TLS -fvisibility=hidden -I. -g -O2 -fdebug-prefix-map=/<<PKGBUILDDIR>>=. -fstack-protector-strong -Wformat -Werror=format-security -Wdate-time -D_FORTIFY_SOURCE=2 -g  -DOSLOCK=\"linux-lock.h\" -DOSCONTEXT=\"linux-context.h\" -O2 -Icomponents/perf_event/ -c components/perf_event_uncore/perf_event_uncore.c -o perf_event_uncore.o 
Installation EPREFIX: /usr
Installation INCDIR : /usr/include
Installation LIBDIR : /usr/lib/x86_64-linux-gnu
Installation BINDIR : /usr/bin
Installation MANDIR : /usr/share/man
Installation DOCDIR : /usr/share/doc/papi
Installation DATADIR: /usr/share/papi

make -C testlib
make[2]: Entering directory '/<<PKGBUILDDIR>>/src/testlib'
cc -I. -I.. -g -O2 -fstack-protector-strong -Wformat -Werror=format-security -Wdate-time -D_FORTIFY_SOURCE=2 -g  -O1  -c test_utils.c
gfortran -I. -I.. -g -O2 -fdebug-prefix-map=/<<PKGBUILDDIR>>=. -fstack-protector-strong -Wformat -Werror=format-security -Wdate-time -D_FORTIFY_SOURCE=2 -g   -g -O2 -fdebug-prefix-map=/<<PKGBUILDDIR>>=. -fstack-protector-strong -Dlinux -ffixed-line-length-132  -c ftests_util.F
f951: Warning: command line option -Wformat=1 is valid for C/C++/ObjC/ObjC++ but not for Fortran
f951: Warning: -Werror= argument -Werror=format-security is not valid for Fortran
cc -E -Wdate-time -D_FORTIFY_SOURCE=2 -I/usr/include -DFORTRANUNDERSCORE papi_fwrappers.c > papi_fwrappers_.c
cc -E -Wdate-time -D_FORTIFY_SOURCE=2 -I/usr/include -DFORTRANDOUBLEUNDERSCORE papi_fwrappers.c > papi_fwrappers__.c
cc -E -Wdate-time -D_FORTIFY_SOURCE=2 -I/usr/include -DFORTRANCAPS papi_fwrappers.c > upper_PAPI_FWRAPPERS.c
cc -I. -I.. -g -O2 -fstack-protector-strong -Wformat -Werror=format-security -Wdate-time -D_FORTIFY_SOURCE=2 -g  -O1 -O0 -c do_loops.c
cc -I. -I.. -g -O2 -fstack-protector-strong -Wformat -Werror=format-security -Wdate-time -D_FORTIFY_SOURCE=2 -g  -O1  -c clockcore.c
cc -DPAPI_NO_MEMORY_MANAGEMENT -DSTATIC_PAPI_EVENTS_TABLE  -DUSE_PERFEVENT_RDPMC=1 -DPEINCLUDE=\"/usr/include/perfmon/perf_event.h\" -D_REENTRANT -D_GNU_SOURCE -DUSE_COMPILER_TLS -fvisibility=hidden -I. -g -O2 -fdebug-prefix-map=/<<PKGBUILDDIR>>=. -fstack-protector-strong -Wformat -Werror=format-security -Wdate-time -D_FORTIFY_SOURCE=2 -g  -DOSLOCK=\"linux-lock.h\" -DOSCONTEXT=\"linux-context.h\" -O2 -c x86_cpuid_info.c -o x86_cpuid_info.o
cc -DPAPI_NO_MEMORY_MANAGEMENT -DSTATIC_PAPI_EVENTS_TABLE  -DUSE_PERFEVENT_RDPMC=1 -DPEINCLUDE=\"/usr/include/perfmon/perf_event.h\" -D_REENTRANT -D_GNU_SOURCE -DUSE_COMPILER_TLS -fvisibility=hidden -I. -g -O2 -fdebug-prefix-map=/<<PKGBUILDDIR>>=. -fstack-protector-strong -Wformat -Werror=format-security -Wdate-time -D_FORTIFY_SOURCE=2 -g  -DOSLOCK=\"linux-lock.h\" -DOSCONTEXT=\"linux-context.h\" -O2 -c papi_libpfm4_events.c -o papi_libpfm4_events.o
cc -DPAPI_NO_MEMORY_MANAGEMENT -DSTATIC_PAPI_EVENTS_TABLE  -DUSE_PERFEVENT_RDPMC=1 -DPEINCLUDE=\"/usr/include/perfmon/perf_event.h\" -D_REENTRANT -D_GNU_SOURCE -DUSE_COMPILER_TLS -fvisibility=hidden -I. -g -O2 -fdebug-prefix-map=/<<PKGBUILDDIR>>=. -fstack-protector-strong -Wformat -Werror=format-security -Wdate-time -D_FORTIFY_SOURCE=2 -g  -DOSLOCK=\"linux-lock.h\" -DOSCONTEXT=\"linux-context.h\" -O2 -c papi.c -o papi.o
ar  rv libtestlib.a test_utils.o ftests_util.o
ar: creating libtestlib.a
a - test_utils.o
a - ftests_util.o
make[2]: Leaving directory '/<<PKGBUILDDIR>>/src/testlib'
cc -DPAPI_NO_MEMORY_MANAGEMENT -DSTATIC_PAPI_EVENTS_TABLE  -DUSE_PERFEVENT_RDPMC=1 -DPEINCLUDE=\"/usr/include/perfmon/perf_event.h\" -D_REENTRANT -D_GNU_SOURCE -DUSE_COMPILER_TLS -fvisibility=hidden -I. -g -O2 -fdebug-prefix-map=/<<PKGBUILDDIR>>=. -fstack-protector-strong -Wformat -Werror=format-security -Wdate-time -D_FORTIFY_SOURCE=2 -g  -DOSLOCK=\"linux-lock.h\" -DOSCONTEXT=\"linux-context.h\" -O2 -c papi_internal.c -o papi_internal.o
cc -DPAPI_NO_MEMORY_MANAGEMENT -DSTATIC_PAPI_EVENTS_TABLE  -DUSE_PERFEVENT_RDPMC=1 -DPEINCLUDE=\"/usr/include/perfmon/perf_event.h\" -D_REENTRANT -D_GNU_SOURCE -DUSE_COMPILER_TLS -fvisibility=hidden -I. -g -O2 -fdebug-prefix-map=/<<PKGBUILDDIR>>=. -fstack-protector-strong -Wformat -Werror=format-security -Wdate-time -D_FORTIFY_SOURCE=2 -g  -DOSLOCK=\"linux-lock.h\" -DOSCONTEXT=\"linux-context.h\" -O2 -c papi_hl.c -o papi_hl.o
cc -DPAPI_NO_MEMORY_MANAGEMENT -DSTATIC_PAPI_EVENTS_TABLE  -DUSE_PERFEVENT_RDPMC=1 -DPEINCLUDE=\"/usr/include/perfmon/perf_event.h\" -D_REENTRANT -D_GNU_SOURCE -DUSE_COMPILER_TLS -fvisibility=hidden -I. -g -O2 -fdebug-prefix-map=/<<PKGBUILDDIR>>=. -fstack-protector-strong -Wformat -Werror=format-security -Wdate-time -D_FORTIFY_SOURCE=2 -g  -DOSLOCK=\"linux-lock.h\" -DOSCONTEXT=\"linux-context.h\" -O2 -c extras.c -o extras.o
cc -DPAPI_NO_MEMORY_MANAGEMENT -DSTATIC_PAPI_EVENTS_TABLE  -DUSE_PERFEVENT_RDPMC=1 -DPEINCLUDE=\"/usr/include/perfmon/perf_event.h\" -D_REENTRANT -D_GNU_SOURCE -DUSE_COMPILER_TLS -fvisibility=hidden -I. -g -O2 -fdebug-prefix-map=/<<PKGBUILDDIR>>=. -fstack-protector-strong -Wformat -Werror=format-security -Wdate-time -D_FORTIFY_SOURCE=2 -g  -DOSLOCK=\"linux-lock.h\" -DOSCONTEXT=\"linux-context.h\" -O2 -c sw_multiplex.c -o sw_multiplex.o
cc -DPAPI_NO_MEMORY_MANAGEMENT -DSTATIC_PAPI_EVENTS_TABLE  -DUSE_PERFEVENT_RDPMC=1 -DPEINCLUDE=\"/usr/include/perfmon/perf_event.h\" -D_REENTRANT -D_GNU_SOURCE -DUSE_COMPILER_TLS -fvisibility=hidden -I. -g -O2 -fdebug-prefix-map=/<<PKGBUILDDIR>>=. -fstack-protector-strong -Wformat -Werror=format-security -Wdate-time -D_FORTIFY_SOURCE=2 -g  -DOSLOCK=\"linux-lock.h\" -DOSCONTEXT=\"linux-context.h\" -O2 -c papi_fwrappers.c -o papi_fwrappers.o
cc -DPAPI_NO_MEMORY_MANAGEMENT -DSTATIC_PAPI_EVENTS_TABLE  -DUSE_PERFEVENT_RDPMC=1 -DPEINCLUDE=\"/usr/include/perfmon/perf_event.h\" -D_REENTRANT -D_GNU_SOURCE -DUSE_COMPILER_TLS -fvisibility=hidden -I. -g -O2 -fdebug-prefix-map=/<<PKGBUILDDIR>>=. -fstack-protector-strong -Wformat -Werror=format-security -Wdate-time -D_FORTIFY_SOURCE=2 -g  -DOSLOCK=\"linux-lock.h\" -DOSCONTEXT=\"linux-context.h\" -O2 -c papi_fwrappers_.c -o papi_fwrappers_.o 
cc -DPAPI_NO_MEMORY_MANAGEMENT -DSTATIC_PAPI_EVENTS_TABLE  -DUSE_PERFEVENT_RDPMC=1 -DPEINCLUDE=\"/usr/include/perfmon/perf_event.h\" -D_REENTRANT -D_GNU_SOURCE -DUSE_COMPILER_TLS -fvisibility=hidden -I. -g -O2 -fdebug-prefix-map=/<<PKGBUILDDIR>>=. -fstack-protector-strong -Wformat -Werror=format-security -Wdate-time -D_FORTIFY_SOURCE=2 -g  -DOSLOCK=\"linux-lock.h\" -DOSCONTEXT=\"linux-context.h\" -O2 -c papi_fwrappers__.c -o papi_fwrappers__.o
cc -DPAPI_NO_MEMORY_MANAGEMENT -DSTATIC_PAPI_EVENTS_TABLE  -DUSE_PERFEVENT_RDPMC=1 -DPEINCLUDE=\"/usr/include/perfmon/perf_event.h\" -D_REENTRANT -D_GNU_SOURCE -DUSE_COMPILER_TLS -fvisibility=hidden -I. -g -O2 -fdebug-prefix-map=/<<PKGBUILDDIR>>=. -fstack-protector-strong -Wformat -Werror=format-security -Wdate-time -D_FORTIFY_SOURCE=2 -g  -DOSLOCK=\"linux-lock.h\" -DOSCONTEXT=\"linux-context.h\" -O2 -c upper_PAPI_FWRAPPERS.c -o upper_PAPI_FWRAPPERS.o
cc -DPAPI_NO_MEMORY_MANAGEMENT -DSTATIC_PAPI_EVENTS_TABLE  -DUSE_PERFEVENT_RDPMC=1 -DPEINCLUDE=\"/usr/include/perfmon/perf_event.h\" -D_REENTRANT -D_GNU_SOURCE -DUSE_COMPILER_TLS -fvisibility=hidden -I. -g -O2 -fdebug-prefix-map=/<<PKGBUILDDIR>>=. -fstack-protector-strong -Wformat -Werror=format-security -Wdate-time -D_FORTIFY_SOURCE=2 -g  -DOSLOCK=\"linux-lock.h\" -DOSCONTEXT=\"linux-context.h\" -O2 -c threads.c -o threads.o
cc -DPAPI_NO_MEMORY_MANAGEMENT -DSTATIC_PAPI_EVENTS_TABLE  -DUSE_PERFEVENT_RDPMC=1 -DPEINCLUDE=\"/usr/include/perfmon/perf_event.h\" -D_REENTRANT -D_GNU_SOURCE -DUSE_COMPILER_TLS -fvisibility=hidden -I. -g -O2 -fdebug-prefix-map=/<<PKGBUILDDIR>>=. -fstack-protector-strong -Wformat -Werror=format-security -Wdate-time -D_FORTIFY_SOURCE=2 -g  -DOSLOCK=\"linux-lock.h\" -DOSCONTEXT=\"linux-context.h\" -O2 -c cpus.c -o cpus.o
cc -DPAPI_NO_MEMORY_MANAGEMENT -DSTATIC_PAPI_EVENTS_TABLE  -DUSE_PERFEVENT_RDPMC=1 -DPEINCLUDE=\"/usr/include/perfmon/perf_event.h\" -D_REENTRANT -D_GNU_SOURCE -DUSE_COMPILER_TLS -fvisibility=hidden -I. -g -O2 -fdebug-prefix-map=/<<PKGBUILDDIR>>=. -fstack-protector-strong -Wformat -Werror=format-security -Wdate-time -D_FORTIFY_SOURCE=2 -g  -DOSLOCK=\"linux-lock.h\" -DOSCONTEXT=\"linux-context.h\" -O2 -c linux-memory.c -o linux-memory.o
cc -DPAPI_NO_MEMORY_MANAGEMENT -DSTATIC_PAPI_EVENTS_TABLE  -DUSE_PERFEVENT_RDPMC=1 -DPEINCLUDE=\"/usr/include/perfmon/perf_event.h\" -D_REENTRANT -D_GNU_SOURCE -DUSE_COMPILER_TLS -fvisibility=hidden -I. -g -O2 -fdebug-prefix-map=/<<PKGBUILDDIR>>=. -fstack-protector-strong -Wformat -Werror=format-security -Wdate-time -D_FORTIFY_SOURCE=2 -g  -DOSLOCK=\"linux-lock.h\" -DOSCONTEXT=\"linux-context.h\" -O2 -c linux-timer.c -o linux-timer.o
cc -DPAPI_NO_MEMORY_MANAGEMENT -DSTATIC_PAPI_EVENTS_TABLE  -DUSE_PERFEVENT_RDPMC=1 -DPEINCLUDE=\"/usr/include/perfmon/perf_event.h\" -D_REENTRANT -D_GNU_SOURCE -DUSE_COMPILER_TLS -fvisibility=hidden -I. -g -O2 -fdebug-prefix-map=/<<PKGBUILDDIR>>=. -fstack-protector-strong -Wformat -Werror=format-security -Wdate-time -D_FORTIFY_SOURCE=2 -g  -DOSLOCK=\"linux-lock.h\" -DOSCONTEXT=\"linux-context.h\" -O2 -c linux-common.c -o linux-common.o
cc -DPAPI_NO_MEMORY_MANAGEMENT -DSTATIC_PAPI_EVENTS_TABLE  -DUSE_PERFEVENT_RDPMC=1 -DPEINCLUDE=\"/usr/include/perfmon/perf_event.h\" -D_REENTRANT -D_GNU_SOURCE -DUSE_COMPILER_TLS -fvisibility=hidden -I. -g -O2 -fdebug-prefix-map=/<<PKGBUILDDIR>>=. -fstack-protector-strong -Wformat -Werror=format-security -Wdate-time -D_FORTIFY_SOURCE=2 -g  -DOSLOCK=\"linux-lock.h\" -DOSCONTEXT=\"linux-context.h\" -O2 -c papi_preset.c -o papi_preset.o
cc -DPAPI_NO_MEMORY_MANAGEMENT -DSTATIC_PAPI_EVENTS_TABLE  -DUSE_PERFEVENT_RDPMC=1 -DPEINCLUDE=\"/usr/include/perfmon/perf_event.h\" -D_REENTRANT -D_GNU_SOURCE -DUSE_COMPILER_TLS -fvisibility=hidden -I. -g -O2 -fdebug-prefix-map=/<<PKGBUILDDIR>>=. -fstack-protector-strong -Wformat -Werror=format-security -Wdate-time -D_FORTIFY_SOURCE=2 -g  -DOSLOCK=\"linux-lock.h\" -DOSCONTEXT=\"linux-context.h\" -O2 -c papi_vector.c -o papi_vector.o
cc -DPAPI_NO_MEMORY_MANAGEMENT -DSTATIC_PAPI_EVENTS_TABLE  -DUSE_PERFEVENT_RDPMC=1 -DPEINCLUDE=\"/usr/include/perfmon/perf_event.h\" -D_REENTRANT -D_GNU_SOURCE -DUSE_COMPILER_TLS -fvisibility=hidden -I. -g -O2 -fdebug-prefix-map=/<<PKGBUILDDIR>>=. -fstack-protector-strong -Wformat -Werror=format-security -Wdate-time -D_FORTIFY_SOURCE=2 -g  -DOSLOCK=\"linux-lock.h\" -DOSCONTEXT=\"linux-context.h\" -O2 -c papi_memory.c -o papi_memory.o
rm -f libpapi.so.5.7.0.0 libpapi.so libpapi.so.5.7
cc -fPIC -DPIC -shared -Wl,-soname -Wl,libpapi.so.5.7 -DPAPI_NO_MEMORY_MANAGEMENT -DSTATIC_PAPI_EVENTS_TABLE  -DUSE_PERFEVENT_RDPMC=1 -DPEINCLUDE=\"/usr/include/perfmon/perf_event.h\" -D_REENTRANT -D_GNU_SOURCE -DUSE_COMPILER_TLS -fvisibility=hidden -I. -g -O2 -fdebug-prefix-map=/<<PKGBUILDDIR>>=. -fstack-protector-strong -Wformat -Werror=format-security -Wdate-time -D_FORTIFY_SOURCE=2 -g  -DOSLOCK=\"linux-lock.h\" -DOSCONTEXT=\"linux-context.h\" -O2 x86_cpuid_info.c papi_libpfm4_events.c papi.c papi_internal.c papi_hl.c extras.c sw_multiplex.c papi_fwrappers.c papi_fwrappers_.c papi_fwrappers__.c upper_PAPI_FWRAPPERS.c threads.c cpus.c linux-memory.c linux-timer.c linux-common.c  papi_preset.c papi_vector.c papi_memory.c components/perf_event/perf_event.c components/perf_event/pe_libpfm4_events.c components/perf_event_uncore/perf_event_uncore.c  -o libpapi.so.5.7.0.0 -Bdynamic -L/usr/lib/x86_64-linux-gnu -lpfm -Wl,-z,relro -Wl,-z,now -Wl,--as-needed
rm -f libpapi.a
ar  rv libpapi.a x86_cpuid_info.o papi_libpfm4_events.o papi.o papi_internal.o papi_hl.o extras.o sw_multiplex.o papi_fwrappers.o papi_fwrappers_.o papi_fwrappers__.o upper_PAPI_FWRAPPERS.o threads.o cpus.o linux-memory.o linux-timer.o linux-common.o  papi_preset.o papi_vector.o papi_memory.o perf_event.o pe_libpfm4_events.o perf_event_uncore.o
ar: creating libpapi.a
a - x86_cpuid_info.o
a - papi_libpfm4_events.o
a - papi.o
a - papi_internal.o
a - papi_hl.o
a - extras.o
a - sw_multiplex.o
a - papi_fwrappers.o
a - papi_fwrappers_.o
a - papi_fwrappers__.o
a - upper_PAPI_FWRAPPERS.o
a - threads.o
a - cpus.o
a - linux-memory.o
a - linux-timer.o
a - linux-common.o
a - papi_preset.o
a - papi_vector.o
a - papi_memory.o
a - perf_event.o
a - pe_libpfm4_events.o
a - perf_event_uncore.o
+ test  != 
ln -sf libpapi.so.5.7.0.0 libpapi.so
ln -sf libpapi.so.5.7.0.0 libpapi.so.5.7
make -C utils
make -C validation_tests
make -C ftests
+ make -C components/perf_event/tests
make[2]: Entering directory '/<<PKGBUILDDIR>>/src/utils'
cc -g -O2 -fdebug-prefix-map=/<<PKGBUILDDIR>>=. -fstack-protector-strong -Wformat -Werror=format-security -Wdate-time -D_FORTIFY_SOURCE=2 -g  -O2  -I../testlib -I.. -I. -c papi_avail.c
make[2]: Entering directory '/<<PKGBUILDDIR>>/src/validation_tests'
cc -g -O2 -fstack-protector-strong -Wformat -Werror=format-security -Wdate-time -D_FORTIFY_SOURCE=2 -g  -O2  -I../testlib -I.. -I. -c cycles_validation.c
make[2]: Entering directory '/<<PKGBUILDDIR>>/src/ftests'
gfortran -I../testlib -I. -I.. -g -O2 -fstack-protector-strong -Wformat -Werror=format-security -Wdate-time -D_FORTIFY_SOURCE=2 -g  -ffixed-line-length-132 -O1 strtest.F ../testlib/libtestlib.a ../libpapi.so.5.7.0.0 -Wl,-z,relro -Wl,-z,now -Wl,--as-needed -ldl -o strtest
make[2]: Entering directory '/<<PKGBUILDDIR>>/src/components/perf_event/tests'
cc -g -O2 -fstack-protector-strong -Wformat -Werror=format-security -Wdate-time -D_FORTIFY_SOURCE=2 -g  -O2 -I. -I/usr/include -I../../.. -I../../../testlib -I../../../validation_tests -c broken_events.c
f951: Warning: command line option -Wformat=1 is valid for C/C++/ObjC/ObjC++ but not for Fortran
f951: Warning: -Werror= argument -Werror=format-security is not valid for Fortran
cc -g -O2 -fstack-protector-strong -Wformat -Werror=format-security -Wdate-time -D_FORTIFY_SOURCE=2 -g  -O2 -I. -I/usr/include -I../../.. -I../../../testlib -I../../../validation_tests -c event_name_lib.c
cc -I../testlib -I.. -I. -g -O2 -fstack-protector-strong -Wformat -Werror=format-security -Wdate-time -D_FORTIFY_SOURCE=2 -g  -O2  -c display_error.c
gfortran -I../testlib -I. -I.. -g -O2 -fstack-protector-strong -Wformat -Werror=format-security -Wdate-time -D_FORTIFY_SOURCE=2 -g  -ffixed-line-length-132 -O1 zero.F ../testlib/libtestlib.a ../testlib/do_loops.o ../libpapi.so.5.7.0.0 -o zero -Wl,-z,relro -Wl,-z,now -Wl,--as-needed -ldl
f951: Warning: command line option -Wformat=1 is valid for C/C++/ObjC/ObjC++ but not for Fortran
f951: Warning: -Werror= argument -Werror=format-security is not valid for Fortran
cc -g -O2 -fstack-protector-strong -Wformat -Werror=format-security -Wdate-time -D_FORTIFY_SOURCE=2 -g  -O2 -I. -I/usr/include -I../../.. -I../../../testlib -I../../../validation_tests -c nmi_watchdog.c
cc -I../testlib -I.. -I. -g -O2 -fstack-protector-strong -Wformat -Werror=format-security -Wdate-time -D_FORTIFY_SOURCE=2 -g  -O2  -c instructions_testcode.c
cc -I../testlib -I.. -I. -g -O2 -fdebug-prefix-map=/<<PKGBUILDDIR>>=. -fstack-protector-strong -Wformat -Werror=format-security -Wdate-time -D_FORTIFY_SOURCE=2 -g  -O2  -c print_header.c
/usr/bin/ld: ../testlib/do_loops.o: relocation R_X86_64_32S against `.data' can not be used when making a PIE object; recompile with -fPIE
collect2: error: ld returned 1 exit status
make[2]: *** [Makefile.recipies:55: zero] Error 1
make[2]: Leaving directory '/<<PKGBUILDDIR>>/src/ftests'
make[1]: *** [Makefile.inc:243: ftests] Error 2
make[1]: *** Waiting for unfinished jobs....
cc -g -O2 -fdebug-prefix-map=/<<PKGBUILDDIR>>=. -fstack-protector-strong -Wformat -Werror=format-security -Wdate-time -D_FORTIFY_SOURCE=2 -g  -O2  -I../testlib -I.. -I. -c papi_mem_info.c
cc -g -O2 -fstack-protector-strong -Wformat -Werror=format-security -Wdate-time -D_FORTIFY_SOURCE=2 -g  -O2  -I../testlib -I.. -I. -c flops_validation.c
cc -g -O2 -fstack-protector-strong -Wformat -Werror=format-security -Wdate-time -D_FORTIFY_SOURCE=2 -g  -O2 -I. -I/usr/include -I../../.. -I../../../testlib -I../../../validation_tests -c perf_event_offcore_response.c
cc -g -O2 -fdebug-prefix-map=/<<PKGBUILDDIR>>=. -fstack-protector-strong -Wformat -Werror=format-security -Wdate-time -D_FORTIFY_SOURCE=2 -g  -O2  -I../testlib -I.. -I. -c papi_cost.c
cc -g -O2 -fstack-protector-strong -Wformat -Werror=format-security -Wdate-time -D_FORTIFY_SOURCE=2 -g  -O2 -I. -I/usr/include -I../../.. -I../../../testlib -I../../../validation_tests -c perf_event_system_wide.c
cc -I../testlib -I.. -I. -g -O2 -fdebug-prefix-map=/<<PKGBUILDDIR>>=. -fstack-protector-strong -Wformat -Werror=format-security -Wdate-time -D_FORTIFY_SOURCE=2 -g  -O2  -c cost_utils.c
cc -I../testlib -I.. -I. -g -O2 -fstack-protector-strong -Wformat -Werror=format-security -Wdate-time -D_FORTIFY_SOURCE=2 -g  -O2  -c branches_testcode.c
cc -I../testlib -I.. -I. -g -O2 -fstack-protector-strong -Wformat -Werror=format-security -Wdate-time -D_FORTIFY_SOURCE=2 -g  -O2  -c flops_testcode.c
cc -g -O2 -fdebug-prefix-map=/<<PKGBUILDDIR>>=. -fstack-protector-strong -Wformat -Werror=format-security -Wdate-time -D_FORTIFY_SOURCE=2 -g  -O2  -I../testlib -I.. -I. -c papi_clockres.c
cc -g -O2 -fdebug-prefix-map=/<<PKGBUILDDIR>>=. -fstack-protector-strong -Wformat -Werror=format-security -Wdate-time -D_FORTIFY_SOURCE=2 -g  -O2  -I../testlib -I.. -I. -c papi_native_avail.c
cc -g -O2 -fstack-protector-strong -Wformat -Werror=format-security -Wdate-time -D_FORTIFY_SOURCE=2 -g  -O2 -I. -I/usr/include -I../../.. -I../../../testlib -I../../../validation_tests -c perf_event_user_kernel.c
cc -g -O2 -fdebug-prefix-map=/<<PKGBUILDDIR>>=. -fstack-protector-strong -Wformat -Werror=format-security -Wdate-time -D_FORTIFY_SOURCE=2 -g  -O2  -I../testlib -I.. -I. -c papi_command_line.c
cc -g -O2 -fstack-protector-strong -Wformat -Werror=format-security -Wdate-time -D_FORTIFY_SOURCE=2 -g  -O2  -I../testlib -I.. -I. -c papi_br_cn.c
cc -I. -I/usr/include -I../../.. -I../../../testlib -I../../../validation_tests -o broken_events broken_events.o event_name_lib.o ../../../testlib/libtestlib.a ../../../libpapi.so.5.7.0.0 -Wl,-z,relro -Wl,-z,now -Wl,--as-needed -ldl
cc -g -O2 -fdebug-prefix-map=/<<PKGBUILDDIR>>=. -fstack-protector-strong -Wformat -Werror=format-security -Wdate-time -D_FORTIFY_SOURCE=2 -g  -O2  -I../testlib -I.. -I. -c papi_event_chooser.c
cc -g -O2 -fstack-protector-strong -Wformat -Werror=format-security -Wdate-time -D_FORTIFY_SOURCE=2 -g  -O2  -I../testlib -I.. -I. -c papi_br_ins.c
cc -g -O2 -fdebug-prefix-map=/<<PKGBUILDDIR>>=. -fstack-protector-strong -Wformat -Werror=format-security -Wdate-time -D_FORTIFY_SOURCE=2 -g  -O2  -I../testlib -I.. -I. -c papi_decode.c
cc -I. -I/usr/include -I../../.. -I../../../testlib -I../../../validation_tests -o nmi_watchdog nmi_watchdog.o ../../../testlib/libtestlib.a ../../../libpapi.so.5.7.0.0 -Wl,-z,relro -Wl,-z,now -Wl,--as-needed -ldl
cc -I. -I/usr/include -I../../.. -I../../../testlib -I../../../validation_tests -o perf_event_offcore_response perf_event_offcore_response.o event_name_lib.o ../../../testlib/libtestlib.a ../../../testlib/do_loops.o ../../../libpapi.so.5.7.0.0 -Wl,-z,relro -Wl,-z,now -Wl,--as-needed -ldl
cc -I. -I/usr/include -I../../.. -I../../../testlib -I../../../validation_tests -o perf_event_system_wide perf_event_system_wide.o ../../../testlib/libtestlib.a ../../../testlib/do_loops.o ../../../libpapi.so.5.7.0.0 -Wl,-z,relro -Wl,-z,now -Wl,--as-needed -ldl
cc -g -O2 -fstack-protector-strong -Wformat -Werror=format-security -Wdate-time -D_FORTIFY_SOURCE=2 -g  -O2  -I../testlib -I.. -I. -c papi_br_msp.c
cc -g -O2 -fdebug-prefix-map=/<<PKGBUILDDIR>>=. -fstack-protector-strong -Wformat -Werror=format-security -Wdate-time -D_FORTIFY_SOURCE=2 -g  -O2  -I../testlib -I.. -I. -c papi_xml_event_info.c
cc -g -O2 -fdebug-prefix-map=/<<PKGBUILDDIR>>=. -fstack-protector-strong -Wformat -Werror=format-security -Wdate-time -D_FORTIFY_SOURCE=2 -g  -O2  -I../testlib -I.. -I. -c papi_version.c
cc -I. -I/usr/include -I../../.. -I../../../testlib -I../../../validation_tests -o perf_event_user_kernel perf_event_user_kernel.o event_name_lib.o ../../../testlib/libtestlib.a ../../../testlib/do_loops.o ../../../libpapi.so.5.7.0.0 -Wl,-z,relro -Wl,-z,now -Wl,--as-needed -ldl
make[2]: Leaving directory '/<<PKGBUILDDIR>>/src/components/perf_event/tests'
+ make -C components/perf_event_uncore/tests
make[2]: Entering directory '/<<PKGBUILDDIR>>/src/components/perf_event_uncore/tests'
cc -g -O2 -fstack-protector-strong -Wformat -Werror=format-security -Wdate-time -D_FORTIFY_SOURCE=2 -g  -O2 -I. -I/usr/include -I../../.. -I../../../testlib -I../../../validation_tests -c -o perf_event_uncore.o perf_event_uncore.c
cc -g -O2 -fstack-protector-strong -Wformat -Werror=format-security -Wdate-time -D_FORTIFY_SOURCE=2 -g  -I. -I/usr/include -I../../.. -I../../../testlib -I../../../validation_tests -c perf_event_uncore_lib.c
cc -g -O2 -fstack-protector-strong -Wformat -Werror=format-security -Wdate-time -D_FORTIFY_SOURCE=2 -g  -O2  -I../testlib -I.. -I. -c papi_br_ntk.c
cc -g -O2 -fdebug-prefix-map=/<<PKGBUILDDIR>>=. -fstack-protector-strong -Wformat -Werror=format-security -Wdate-time -D_FORTIFY_SOURCE=2 -g  -O2  -I../testlib -I.. -I. -c papi_multiplex_cost.c
cc -g -O2 -fdebug-prefix-map=/<<PKGBUILDDIR>>=. -fstack-protector-strong -Wformat -Werror=format-security -Wdate-time -D_FORTIFY_SOURCE=2 -g  -O2  -I../testlib -I.. -I. -c papi_component_avail.c
cc -g -O2 -fstack-protector-strong -Wformat -Werror=format-security -Wdate-time -D_FORTIFY_SOURCE=2 -g  -O2 -I. -I/usr/include -I../../.. -I../../../testlib -I../../../validation_tests -c -o perf_event_uncore_attach.o perf_event_uncore_attach.c
cc -g -O2 -fstack-protector-strong -Wformat -Werror=format-security -Wdate-time -D_FORTIFY_SOURCE=2 -g  -O2  -I../testlib -I.. -I. -c papi_br_prc.c
cc -g -O2 -fstack-protector-strong -Wformat -Werror=format-security -Wdate-time -D_FORTIFY_SOURCE=2 -g  -O2 -I. -I/usr/include -I../../.. -I../../../testlib -I../../../validation_tests -c -o perf_event_uncore_multiple.o perf_event_uncore_multiple.c
cc -g -O2 -fdebug-prefix-map=/<<PKGBUILDDIR>>=. -fstack-protector-strong -Wformat -Werror=format-security -Wdate-time -D_FORTIFY_SOURCE=2 -g  -O2  -I../testlib -I.. -I. -c papi_error_codes.c
cc -g -O2 -fstack-protector-strong -Wformat -Werror=format-security -Wdate-time -D_FORTIFY_SOURCE=2 -g  -O2  -I../testlib -I.. -I. -c papi_br_tkn.c
cc -Wl,-z,relro -Wl,-z,now -Wl,--as-needed -ldl  -o papi_avail papi_avail.o print_header.o ../libpapi.so.5.7.0.0
cc -g -O2 -fstack-protector-strong -Wformat -Werror=format-security -Wdate-time -D_FORTIFY_SOURCE=2 -g  -O2 -I. -I/usr/include -I../../.. -I../../../testlib -I../../../validation_tests -c -o perf_event_amd_northbridge.o perf_event_amd_northbridge.c
cc -Wl,-z,relro -Wl,-z,now -Wl,--as-needed -ldl  -o papi_mem_info papi_mem_info.o ../libpapi.so.5.7.0.0
cc -g -O2 -fstack-protector-strong -Wformat -Werror=format-security -Wdate-time -D_FORTIFY_SOURCE=2 -g  -O2 -I. -I/usr/include -I../../.. -I../../../testlib -I../../../validation_tests -c -o perf_event_uncore_cbox.o perf_event_uncore_cbox.c
cc -Wl,-z,relro -Wl,-z,now -Wl,--as-needed -ldl  -o papi_cost papi_cost.o cost_utils.o ../libpapi.so.5.7.0.0 -lm
cc -Wl,-z,relro -Wl,-z,now -Wl,--as-needed -ldl  -o papi_clockres papi_clockres.o ../libpapi.so.5.7.0.0 ../testlib/clockcore.o -lm
cc -g -O2 -fstack-protector-strong -Wformat -Werror=format-security -Wdate-time -D_FORTIFY_SOURCE=2 -g  -O2  -I../testlib -I.. -I. -c papi_br_ucn.c
cc -Wl,-z,relro -Wl,-z,now -Wl,--as-needed -ldl  -o papi_native_avail papi_native_avail.o ../libpapi.so.5.7.0.0 print_header.o
cc -Wl,-z,relro -Wl,-z,now -Wl,--as-needed -ldl  -o papi_command_line papi_command_line.o ../libpapi.so.5.7.0.0 ../testlib/do_loops.o
cc -Wl,-z,relro -Wl,-z,now -Wl,--as-needed -ldl  -o papi_event_chooser papi_event_chooser.o print_header.o ../libpapi.so.5.7.0.0
cc -g -O2 -fstack-protector-strong -Wformat -Werror=format-security -Wdate-time -D_FORTIFY_SOURCE=2 -g  -o perf_event_uncore perf_event_uncore.o perf_event_uncore_lib.o ../../../testlib/libtestlib.a ../../../testlib/do_loops.o ../../../libpapi.so.5.7.0.0 -Wl,-z,relro -Wl,-z,now -Wl,--as-needed -ldl
cc -g -O2 -fstack-protector-strong -Wformat -Werror=format-security -Wdate-time -D_FORTIFY_SOURCE=2 -g  -o perf_event_uncore_attach perf_event_uncore_attach.o perf_event_uncore_lib.o ../../../testlib/libtestlib.a ../../../testlib/do_loops.o ../../../libpapi.so.5.7.0.0 -Wl,-z,relro -Wl,-z,now -Wl,--as-needed -ldl
cc -g -O2 -fstack-protector-strong -Wformat -Werror=format-security -Wdate-time -D_FORTIFY_SOURCE=2 -g  -O2  -I../testlib -I.. -I. -c papi_dp_ops.c
cc -Wl,-z,relro -Wl,-z,now -Wl,--as-needed -ldl  -o papi_decode papi_decode.o ../libpapi.so.5.7.0.0
cc -Wl,-z,relro -Wl,-z,now -Wl,--as-needed -ldl  -o papi_xml_event_info papi_xml_event_info.o ../libpapi.so.5.7.0.0
cc -g -O2 -fstack-protector-strong -Wformat -Werror=format-security -Wdate-time -D_FORTIFY_SOURCE=2 -g  -I. -I/usr/include -I../../.. -I../../../testlib -I../../../validation_tests -o perf_event_uncore_multiple perf_event_uncore_multiple.o perf_event_uncore_lib.o ../../../testlib/libtestlib.a ../../../testlib/do_loops.o ../../../libpapi.so.5.7.0.0 -Wl,-z,relro -Wl,-z,now -Wl,--as-needed -ldl 
cc -Wl,-z,relro -Wl,-z,now -Wl,--as-needed -ldl  -o papi_version papi_version.o ../libpapi.so.5.7.0.0
cc -Wl,-z,relro -Wl,-z,now -Wl,--as-needed -ldl  -o papi_multiplex_cost papi_multiplex_cost.o cost_utils.o ../libpapi.so.5.7.0.0 -lm
cc -g -O2 -fstack-protector-strong -Wformat -Werror=format-security -Wdate-time -D_FORTIFY_SOURCE=2 -g  -o perf_event_amd_northbridge perf_event_amd_northbridge.o ../../../testlib/libtestlib.a ../../../testlib/do_loops.o ../../../libpapi.so.5.7.0.0 -Wl,-z,relro -Wl,-z,now -Wl,--as-needed -ldl
cc -Wl,-z,relro -Wl,-z,now -Wl,--as-needed -ldl  -o papi_component_avail papi_component_avail.o ../libpapi.so.5.7.0.0 print_header.o
cc -g -O2 -fstack-protector-strong -Wformat -Werror=format-security -Wdate-time -D_FORTIFY_SOURCE=2 -g  -I. -I/usr/include -I../../.. -I../../../testlib -I../../../validation_tests -o perf_event_uncore_cbox perf_event_uncore_cbox.o perf_event_uncore_lib.o ../../../testlib/libtestlib.a ../../../testlib/do_loops.o ../../../libpapi.so.5.7.0.0 -Wl,-z,relro -Wl,-z,now -Wl,--as-needed -ldl
cc -g -O2 -fstack-protector-strong -Wformat -Werror=format-security -Wdate-time -D_FORTIFY_SOURCE=2 -g  -O2  -I../testlib -I.. -I. -c papi_fp_ops.c
cc -g -O2 -fstack-protector-strong -Wformat -Werror=format-security -Wdate-time -D_FORTIFY_SOURCE=2 -g  -O2  -I../testlib -I.. -I. -c papi_sp_ops.c
cc -Wl,-z,relro -Wl,-z,now -Wl,--as-needed -ldl  -o papi_error_codes papi_error_codes.o ../libpapi.so.5.7.0.0
make[2]: Leaving directory '/<<PKGBUILDDIR>>/src/components/perf_event_uncore/tests'
cc -g -O2 -fstack-protector-strong -Wformat -Werror=format-security -Wdate-time -D_FORTIFY_SOURCE=2 -g  -O2  -I../testlib -I.. -I. -c papi_hw_int.c
make[2]: Leaving directory '/<<PKGBUILDDIR>>/src/utils'
cc -g -O2 -fstack-protector-strong -Wformat -Werror=format-security -Wdate-time -D_FORTIFY_SOURCE=2 -g  -O2  -I../testlib -I.. -I. -c papi_l1_dca.c
cc -I../testlib -I.. -I. -g -O2 -fstack-protector-strong -Wformat -Werror=format-security -Wdate-time -D_FORTIFY_SOURCE=2 -g  -O2  -c cache_testcode.c
cc -I../testlib -I.. -I. -g -O2 -fstack-protector-strong -Wformat -Werror=format-security -Wdate-time -D_FORTIFY_SOURCE=2 -g  -O2  -c matrix_multiply.c
cc -g -O2 -fstack-protector-strong -Wformat -Werror=format-security -Wdate-time -D_FORTIFY_SOURCE=2 -g  -O2  -I../testlib -I.. -I. -c papi_l1_dcm.c
cc -I../testlib -I.. -I. -g -O2 -fstack-protector-strong -Wformat -Werror=format-security -Wdate-time -D_FORTIFY_SOURCE=2 -g  -O2  -c cache_helper.c
cc -g -O2 -fstack-protector-strong -Wformat -Werror=format-security -Wdate-time -D_FORTIFY_SOURCE=2 -g  -O2  -I../testlib -I.. -I. -c papi_l2_dca.c
cc -g -O2 -fstack-protector-strong -Wformat -Werror=format-security -Wdate-time -D_FORTIFY_SOURCE=2 -g  -O2  -I../testlib -I.. -I. -c papi_l2_dcm.c
cc -g -O2 -fstack-protector-strong -Wformat -Werror=format-security -Wdate-time -D_FORTIFY_SOURCE=2 -g  -O2  -I../testlib -I.. -I. -c papi_l2_dcr.c
cc -g -O2 -fstack-protector-strong -Wformat -Werror=format-security -Wdate-time -D_FORTIFY_SOURCE=2 -g  -O2  -I../testlib -I.. -I. -c papi_l2_dcw.c
cc -g -O2 -fstack-protector-strong -Wformat -Werror=format-security -Wdate-time -D_FORTIFY_SOURCE=2 -g  -O2  -I../testlib -I.. -I. -c papi_ld_ins.c
cc -g -O2 -fstack-protector-strong -Wformat -Werror=format-security -Wdate-time -D_FORTIFY_SOURCE=2 -g  -O2  -I../testlib -I.. -I. -c papi_sr_ins.c
cc -g -O2 -fstack-protector-strong -Wformat -Werror=format-security -Wdate-time -D_FORTIFY_SOURCE=2 -g  -O2  -I../testlib -I.. -I. -c papi_ref_cyc.c
cc -g -O2 -fstack-protector-strong -Wformat -Werror=format-security -Wdate-time -D_FORTIFY_SOURCE=2 -g  -O2  -I../testlib -I.. -I. -c papi_tot_cyc.c
cc -g -O2 -fstack-protector-strong -Wformat -Werror=format-security -Wdate-time -D_FORTIFY_SOURCE=2 -g  -O2  -I../testlib -I.. -I. -c papi_tot_ins.c
cc -o cycles_validation cycles_validation.o ../testlib/libtestlib.a display_error.o instructions_testcode.o ../libpapi.so.5.7.0.0 -Wl,-z,relro -Wl,-z,now -Wl,--as-needed -ldl  -lrt
cc -o flops_validation flops_validation.o ../testlib/libtestlib.a display_error.o branches_testcode.o flops_testcode.o ../libpapi.so.5.7.0.0 -Wl,-z,relro -Wl,-z,now -Wl,--as-needed -ldl  -lrt
cc -o papi_br_cn papi_br_cn.o ../testlib/libtestlib.a display_error.o branches_testcode.o ../libpapi.so.5.7.0.0 -Wl,-z,relro -Wl,-z,now -Wl,--as-needed -ldl  -Wl,-z,relro -Wl,-z,now -Wl,--as-needed -ldl  -lrt
cc -o papi_br_ins papi_br_ins.o ../testlib/libtestlib.a display_error.o branches_testcode.o ../libpapi.so.5.7.0.0 -Wl,-z,relro -Wl,-z,now -Wl,--as-needed -ldl  -lrt
cc -o papi_br_msp papi_br_msp.o ../testlib/libtestlib.a display_error.o branches_testcode.o ../libpapi.so.5.7.0.0 -Wl,-z,relro -Wl,-z,now -Wl,--as-needed -ldl  -lrt
cc -o papi_br_ntk papi_br_ntk.o ../testlib/libtestlib.a display_error.o branches_testcode.o ../libpapi.so.5.7.0.0 -Wl,-z,relro -Wl,-z,now -Wl,--as-needed -ldl  -lrt
cc -o papi_br_prc papi_br_prc.o ../testlib/libtestlib.a display_error.o branches_testcode.o ../libpapi.so.5.7.0.0 -Wl,-z,relro -Wl,-z,now -Wl,--as-needed -ldl  -lrt
cc -o papi_br_tkn papi_br_tkn.o ../testlib/libtestlib.a display_error.o branches_testcode.o ../libpapi.so.5.7.0.0 -Wl,-z,relro -Wl,-z,now -Wl,--as-needed -ldl  -lrt
cc -o papi_br_ucn papi_br_ucn.o ../testlib/libtestlib.a display_error.o branches_testcode.o ../libpapi.so.5.7.0.0 -Wl,-z,relro -Wl,-z,now -Wl,--as-needed -ldl  -lrt
cc -o papi_dp_ops papi_dp_ops.o ../testlib/libtestlib.a display_error.o branches_testcode.o flops_testcode.o ../libpapi.so.5.7.0.0 -Wl,-z,relro -Wl,-z,now -Wl,--as-needed -ldl  -lrt
cc -o papi_fp_ops papi_fp_ops.o ../testlib/libtestlib.a display_error.o branches_testcode.o flops_testcode.o ../libpapi.so.5.7.0.0 -Wl,-z,relro -Wl,-z,now -Wl,--as-needed -ldl  -lrt
cc -o papi_sp_ops papi_sp_ops.o ../testlib/libtestlib.a display_error.o branches_testcode.o flops_testcode.o ../libpapi.so.5.7.0.0 -Wl,-z,relro -Wl,-z,now -Wl,--as-needed -ldl  -lrt
cc -o papi_hw_int papi_hw_int.o ../testlib/libtestlib.a ../libpapi.so.5.7.0.0 -Wl,-z,relro -Wl,-z,now -Wl,--as-needed -ldl  -lrt
cc -o papi_l1_dca papi_l1_dca.o ../testlib/libtestlib.a cache_testcode.o display_error.o matrix_multiply.o ../libpapi.so.5.7.0.0 -Wl,-z,relro -Wl,-z,now -Wl,--as-needed -ldl  -lrt
cc -o papi_l1_dcm papi_l1_dcm.o ../testlib/libtestlib.a cache_helper.o cache_testcode.o display_error.o matrix_multiply.o ../libpapi.so.5.7.0.0 -Wl,-z,relro -Wl,-z,now -Wl,--as-needed -ldl  -lrt
cc -o papi_l2_dca papi_l2_dca.o ../testlib/libtestlib.a cache_helper.o cache_testcode.o display_error.o matrix_multiply.o ../libpapi.so.5.7.0.0 -Wl,-z,relro -Wl,-z,now -Wl,--as-needed -ldl  -lrt
cc -o papi_l2_dcm papi_l2_dcm.o ../testlib/libtestlib.a cache_helper.o cache_testcode.o display_error.o matrix_multiply.o ../libpapi.so.5.7.0.0 -Wl,-z,relro -Wl,-z,now -Wl,--as-needed -ldl  -lrt
cc -o papi_l2_dcr papi_l2_dcr.o ../testlib/libtestlib.a cache_helper.o cache_testcode.o display_error.o matrix_multiply.o ../libpapi.so.5.7.0.0 -Wl,-z,relro -Wl,-z,now -Wl,--as-needed -ldl  -lrt
cc -o papi_l2_dcw papi_l2_dcw.o ../testlib/libtestlib.a cache_helper.o cache_testcode.o display_error.o matrix_multiply.o ../libpapi.so.5.7.0.0 -Wl,-z,relro -Wl,-z,now -Wl,--as-needed -ldl  -lrt
cc -o papi_ld_ins papi_ld_ins.o ../testlib/libtestlib.a display_error.o matrix_multiply.o ../libpapi.so.5.7.0.0 -Wl,-z,relro -Wl,-z,now -Wl,--as-needed -ldl  -lrt
cc -o papi_sr_ins papi_sr_ins.o ../testlib/libtestlib.a display_error.o matrix_multiply.o ../libpapi.so.5.7.0.0 -Wl,-z,relro -Wl,-z,now -Wl,--as-needed -ldl  -lrt
cc -o papi_ref_cyc papi_ref_cyc.o ../testlib/libtestlib.a display_error.o flops_testcode.o ../libpapi.so.5.7.0.0 -Wl,-z,relro -Wl,-z,now -Wl,--as-needed -ldl  -lrt
cc -o papi_tot_cyc papi_tot_cyc.o ../testlib/libtestlib.a display_error.o matrix_multiply.o ../libpapi.so.5.7.0.0 -Wl,-z,relro -Wl,-z,now -Wl,--as-needed -ldl  -lrt
cc -o papi_tot_ins papi_tot_ins.o ../testlib/libtestlib.a display_error.o instructions_testcode.o ../libpapi.so.5.7.0.0 -Wl,-z,relro -Wl,-z,now -Wl,--as-needed -ldl  -lrt
make[2]: Leaving directory '/<<PKGBUILDDIR>>/src/validation_tests'
make[1]: Leaving directory '/<<PKGBUILDDIR>>/src'
dh_auto_build: error: cd src && make -j4 returned exit code 2
make: *** [debian/rules:20: binary] Error 25
dpkg-buildpackage: error: debian/rules binary subprocess returned exit status 2
--------------------------------------------------------------------------------
Build finished at 2020-02-25T18:00:02Z

Finished
--------


+------------------------------------------------------------------------------+
| Cleanup                                                                      |
+------------------------------------------------------------------------------+

Purging /<<BUILDDIR>>
Not cleaning session: cloned chroot in use
E: Build failure (dpkg-buildpackage died)

+------------------------------------------------------------------------------+
| Summary                                                                      |
+------------------------------------------------------------------------------+

Build Architecture: amd64
Build Type: binary
Build-Space: 19076
Build-Time: 20
Distribution: unstable
Fail-Stage: build
Host Architecture: amd64
Install-Time: 5
Job: papi_5.7.0+dfsg-2
Machine Architecture: amd64
Package: papi
Package-Time: 42
Source-Version: 5.7.0+dfsg-2
Space: 19076
Status: attempted
Version: 5.7.0+dfsg-2
--------------------------------------------------------------------------------
Finished at 2020-02-25T18:00:02Z
Build needed 00:00:42, 19076k disk space
E: Build failure (dpkg-buildpackage died)
DC-Status: Failed 42.948187096s
DC-Time-Estimation: 42.948187096 versus expected 100 (r/m: 1.3283869881742587 ; m: 42.948187096)
