DC-Build-Header: pktools 2.6.7.6+ds-2 / 2020-02-25 13:21:51 +0000
DC-Task: type:rebuild-binarch-only source:pktools version:2.6.7.6+ds-2 chroot:unstable esttime:666 logfile:/tmp/pktools_2.6.7.6+ds-2_unstable_clang9.log modes:clang9:binarch-only
DC-Sbuild-call: su user42 -c 'sbuild -n --arch-any --apt-update -d unstable -v --no-run-lintian --chroot-setup-commands=/tmp/clang9 pktools_2.6.7.6+ds-2'
sbuild (Debian sbuild) 0.78.1 (09 February 2019) on ip-172-31-12-118.eu-central-1.compute.internal

+==============================================================================+
| pktools 2.6.7.6+ds-2 (amd64)                 Tue, 25 Feb 2020 13:21:51 +0000 |
+==============================================================================+

Package: pktools
Version: 2.6.7.6+ds-2
Source Version: 2.6.7.6+ds-2
Distribution: unstable
Machine Architecture: amd64
Host Architecture: amd64
Build Architecture: amd64
Build Type: binary

I: NOTICE: Log filtering will replace 'var/run/schroot/mount/sid-amd64-sbuild-2fccdd61-4303-45d8-9b11-9015f4a01f04' with '<<CHROOT>>'

+------------------------------------------------------------------------------+
| Chroot Setup Commands                                                        |
+------------------------------------------------------------------------------+


/tmp/clang9
-----------

+ echo 'Entering customization script...'
Entering customization script...
+ CLANG_VERSION=9
+ echo 'Install of clang-9'
Install of clang-9
+ apt-get update
Get:1 http://127.0.0.1:12990/debian sid InRelease [142 kB]
Get:2 http://127.0.0.1:12990/debian sid/main Sources.diff/Index [27.9 kB]
Get:3 http://127.0.0.1:12990/debian sid/main amd64 Packages.diff/Index [27.9 kB]
Get:4 http://127.0.0.1:12990/debian sid/main Sources 2020-02-24-0823.32.pdiff [11.0 kB]
Get:5 http://127.0.0.1:12990/debian sid/main Sources 2020-02-24-1420.34.pdiff [30.2 kB]
Get:6 http://127.0.0.1:12990/debian sid/main Sources 2020-02-24-2014.03.pdiff [16.9 kB]
Get:7 http://127.0.0.1:12990/debian sid/main Sources 2020-02-25-0213.11.pdiff [23.2 kB]
Get:8 http://127.0.0.1:12990/debian sid/main Sources 2020-02-25-0815.22.pdiff [9222 B]
Get:9 http://127.0.0.1:12990/debian sid/main amd64 Packages 2020-02-24-0823.32.pdiff [15.5 kB]
Get:10 http://127.0.0.1:12990/debian sid/main amd64 Packages 2020-02-24-1420.34.pdiff [27.5 kB]
Get:11 http://127.0.0.1:12990/debian sid/main amd64 Packages 2020-02-24-2014.03.pdiff [21.6 kB]
Get:12 http://127.0.0.1:12990/debian sid/main amd64 Packages 2020-02-25-0213.11.pdiff [35.0 kB]
Get:8 http://127.0.0.1:12990/debian sid/main Sources 2020-02-25-0815.22.pdiff [9222 B]
Get:13 http://127.0.0.1:12990/debian sid/main amd64 Packages 2020-02-25-0815.22.pdiff [20.1 kB]
Get:13 http://127.0.0.1:12990/debian sid/main amd64 Packages 2020-02-25-0815.22.pdiff [20.1 kB]
Get:14 http://127.0.0.1:12990/debian sid/main Translation-en [6195 kB]
Fetched 6604 kB in 2s (3827 kB/s)
Reading package lists...
+ apt-get install --yes --no-install-recommends --force-yes clang-9 libomp-9-dev libobjc-9-dev
Reading package lists...
Building dependency tree...
The following additional packages will be installed:
  cpp-9 g++-9 gcc-8-base gcc-9 gcc-9-base lib32gcc-s1 lib32gcc1 lib32stdc++6
  libasan5 libbsd0 libc6-i386 libclang-common-9-dev libclang-cpp9 libedit2
  libgc1c2 libgcc-8-dev libgcc-9-dev libllvm9 libmpx2 libobjc-8-dev libobjc4
  libomp5-9 libstdc++-8-dev libstdc++-9-dev libz3-4
Suggested packages:
  clang-9-doc gcc-9-locales g++-9-multilib gcc-9-doc gcc-9-multilib
  libomp-9-doc libstdc++-8-doc libstdc++-9-doc
Recommended packages:
  llvm-9-dev python3
The following NEW packages will be installed:
  clang-9 gcc-8-base lib32gcc-s1 lib32gcc1 lib32stdc++6 libbsd0 libc6-i386
  libclang-common-9-dev libclang-cpp9 libedit2 libgc1c2 libgcc-8-dev libllvm9
  libmpx2 libobjc-8-dev libobjc-9-dev libobjc4 libomp-9-dev libomp5-9
  libstdc++-8-dev libz3-4
The following packages will be upgraded:
  cpp-9 g++-9 gcc-9 gcc-9-base libasan5 libgcc-9-dev libstdc++-9-dev
7 upgraded, 21 newly installed, 0 to remove and 2 not upgraded.
Need to get 78.9 MB of archives.
After this operation, 237 MB of additional disk space will be used.
Get:1 http://127.0.0.1:12990/debian sid/main amd64 libasan5 amd64 9.2.1-30 [389 kB]
Get:2 http://127.0.0.1:12990/debian sid/main amd64 g++-9 amd64 9.2.1-30 [10.7 MB]
Get:3 http://127.0.0.1:12990/debian sid/main amd64 gcc-9 amd64 9.2.1-30 [10.0 MB]
Get:4 http://127.0.0.1:12990/debian sid/main amd64 libstdc++-9-dev amd64 9.2.1-30 [1697 kB]
Get:5 http://127.0.0.1:12990/debian sid/main amd64 libgcc-9-dev amd64 9.2.1-30 [2349 kB]
Get:6 http://127.0.0.1:12990/debian sid/main amd64 cpp-9 amd64 9.2.1-30 [9711 kB]
Get:7 http://127.0.0.1:12990/debian sid/main amd64 gcc-9-base amd64 9.2.1-30 [196 kB]
Get:8 http://127.0.0.1:12990/debian sid/main amd64 libbsd0 amd64 0.10.0-1 [107 kB]
Get:9 http://127.0.0.1:12990/debian sid/main amd64 libedit2 amd64 3.1-20191231-1 [95.4 kB]
Get:10 http://127.0.0.1:12990/debian sid/main amd64 libz3-4 amd64 4.8.7-4 [6790 kB]
Get:11 http://127.0.0.1:12990/debian sid/main amd64 libllvm9 amd64 1:9.0.1-8 [15.0 MB]
Get:12 http://127.0.0.1:12990/debian sid/main amd64 libclang-cpp9 amd64 1:9.0.1-8 [8429 kB]
Get:13 http://127.0.0.1:12990/debian sid/main amd64 gcc-8-base amd64 8.3.0-29 [194 kB]
Get:14 http://127.0.0.1:12990/debian sid/main amd64 libmpx2 amd64 8.3.0-29 [11.4 kB]
Get:15 http://127.0.0.1:12990/debian sid/main amd64 libgcc-8-dev amd64 8.3.0-29 [2297 kB]
Get:16 http://127.0.0.1:12990/debian sid/main amd64 libstdc++-8-dev amd64 8.3.0-29 [1543 kB]
Get:17 http://127.0.0.1:12990/debian sid/main amd64 libgc1c2 amd64 1:7.6.4-0.4 [224 kB]
Get:18 http://127.0.0.1:12990/debian sid/main amd64 libobjc4 amd64 10-20200222-1 [41.6 kB]
Get:19 http://127.0.0.1:12990/debian sid/main amd64 libobjc-8-dev amd64 8.3.0-29 [227 kB]
Get:20 http://127.0.0.1:12990/debian sid/main amd64 libc6-i386 amd64 2.29-10 [2918 kB]
Get:21 http://127.0.0.1:12990/debian sid/main amd64 lib32gcc-s1 amd64 10-20200222-1 [49.4 kB]
Get:22 http://127.0.0.1:12990/debian sid/main amd64 lib32gcc1 amd64 1:10-20200222-1 [1104 B]
Get:23 http://127.0.0.1:12990/debian sid/main amd64 lib32stdc++6 amd64 10-20200222-1 [510 kB]
Get:24 http://127.0.0.1:12990/debian sid/main amd64 libclang-common-9-dev amd64 1:9.0.1-8 [3727 kB]
Get:25 http://127.0.0.1:12990/debian sid/main amd64 clang-9 amd64 1:9.0.1-8 [1156 kB]
Get:26 http://127.0.0.1:12990/debian sid/main amd64 libobjc-9-dev amd64 9.2.1-30 [219 kB]
Get:27 http://127.0.0.1:12990/debian sid/main amd64 libomp5-9 amd64 1:9.0.1-8 [333 kB]
Get:28 http://127.0.0.1:12990/debian sid/main amd64 libomp-9-dev amd64 1:9.0.1-8 [66.2 kB]
debconf: delaying package configuration, since apt-utils is not installed
Fetched 78.9 MB in 1s (92.7 MB/s)
(Reading database ... (Reading database ... 5%(Reading database ... 10%(Reading database ... 15%(Reading database ... 20%(Reading database ... 25%(Reading database ... 30%(Reading database ... 35%(Reading database ... 40%(Reading database ... 45%(Reading database ... 50%(Reading database ... 55%(Reading database ... 60%(Reading database ... 65%(Reading database ... 70%(Reading database ... 75%(Reading database ... 80%(Reading database ... 85%(Reading database ... 90%(Reading database ... 95%(Reading database ... 100%(Reading database ... 12119 files and directories currently installed.)
Preparing to unpack .../00-libasan5_9.2.1-30_amd64.deb ...
Unpacking libasan5:amd64 (9.2.1-30) over (9.2.1-29) ...
Preparing to unpack .../01-g++-9_9.2.1-30_amd64.deb ...
Unpacking g++-9 (9.2.1-30) over (9.2.1-29) ...
Preparing to unpack .../02-gcc-9_9.2.1-30_amd64.deb ...
Unpacking gcc-9 (9.2.1-30) over (9.2.1-29) ...
Preparing to unpack .../03-libstdc++-9-dev_9.2.1-30_amd64.deb ...
Unpacking libstdc++-9-dev:amd64 (9.2.1-30) over (9.2.1-29) ...
Preparing to unpack .../04-libgcc-9-dev_9.2.1-30_amd64.deb ...
Unpacking libgcc-9-dev:amd64 (9.2.1-30) over (9.2.1-29) ...
Preparing to unpack .../05-cpp-9_9.2.1-30_amd64.deb ...
Unpacking cpp-9 (9.2.1-30) over (9.2.1-29) ...
Preparing to unpack .../06-gcc-9-base_9.2.1-30_amd64.deb ...
Unpacking gcc-9-base:amd64 (9.2.1-30) over (9.2.1-29) ...
Selecting previously unselected package libbsd0:amd64.
Preparing to unpack .../07-libbsd0_0.10.0-1_amd64.deb ...
Unpacking libbsd0:amd64 (0.10.0-1) ...
Selecting previously unselected package libedit2:amd64.
Preparing to unpack .../08-libedit2_3.1-20191231-1_amd64.deb ...
Unpacking libedit2:amd64 (3.1-20191231-1) ...
Selecting previously unselected package libz3-4:amd64.
Preparing to unpack .../09-libz3-4_4.8.7-4_amd64.deb ...
Unpacking libz3-4:amd64 (4.8.7-4) ...
Selecting previously unselected package libllvm9:amd64.
Preparing to unpack .../10-libllvm9_1%3a9.0.1-8_amd64.deb ...
Unpacking libllvm9:amd64 (1:9.0.1-8) ...
Selecting previously unselected package libclang-cpp9.
Preparing to unpack .../11-libclang-cpp9_1%3a9.0.1-8_amd64.deb ...
Unpacking libclang-cpp9 (1:9.0.1-8) ...
Selecting previously unselected package gcc-8-base:amd64.
Preparing to unpack .../12-gcc-8-base_8.3.0-29_amd64.deb ...
Unpacking gcc-8-base:amd64 (8.3.0-29) ...
Selecting previously unselected package libmpx2:amd64.
Preparing to unpack .../13-libmpx2_8.3.0-29_amd64.deb ...
Unpacking libmpx2:amd64 (8.3.0-29) ...
Selecting previously unselected package libgcc-8-dev:amd64.
Preparing to unpack .../14-libgcc-8-dev_8.3.0-29_amd64.deb ...
Unpacking libgcc-8-dev:amd64 (8.3.0-29) ...
Selecting previously unselected package libstdc++-8-dev:amd64.
Preparing to unpack .../15-libstdc++-8-dev_8.3.0-29_amd64.deb ...
Unpacking libstdc++-8-dev:amd64 (8.3.0-29) ...
Selecting previously unselected package libgc1c2:amd64.
Preparing to unpack .../16-libgc1c2_1%3a7.6.4-0.4_amd64.deb ...
Unpacking libgc1c2:amd64 (1:7.6.4-0.4) ...
Selecting previously unselected package libobjc4:amd64.
Preparing to unpack .../17-libobjc4_10-20200222-1_amd64.deb ...
Unpacking libobjc4:amd64 (10-20200222-1) ...
Selecting previously unselected package libobjc-8-dev:amd64.
Preparing to unpack .../18-libobjc-8-dev_8.3.0-29_amd64.deb ...
Unpacking libobjc-8-dev:amd64 (8.3.0-29) ...
Selecting previously unselected package libc6-i386.
Preparing to unpack .../19-libc6-i386_2.29-10_amd64.deb ...
Unpacking libc6-i386 (2.29-10) ...
Selecting previously unselected package lib32gcc-s1.
Preparing to unpack .../20-lib32gcc-s1_10-20200222-1_amd64.deb ...
Unpacking lib32gcc-s1 (10-20200222-1) ...
Selecting previously unselected package lib32gcc1.
Preparing to unpack .../21-lib32gcc1_1%3a10-20200222-1_amd64.deb ...
Unpacking lib32gcc1 (1:10-20200222-1) ...
Selecting previously unselected package lib32stdc++6.
Preparing to unpack .../22-lib32stdc++6_10-20200222-1_amd64.deb ...
Unpacking lib32stdc++6 (10-20200222-1) ...
Selecting previously unselected package libclang-common-9-dev.
Preparing to unpack .../23-libclang-common-9-dev_1%3a9.0.1-8_amd64.deb ...
Unpacking libclang-common-9-dev (1:9.0.1-8) ...
Selecting previously unselected package clang-9.
Preparing to unpack .../24-clang-9_1%3a9.0.1-8_amd64.deb ...
Unpacking clang-9 (1:9.0.1-8) ...
Selecting previously unselected package libobjc-9-dev:amd64.
Preparing to unpack .../25-libobjc-9-dev_9.2.1-30_amd64.deb ...
Unpacking libobjc-9-dev:amd64 (9.2.1-30) ...
Selecting previously unselected package libomp5-9:amd64.
Preparing to unpack .../26-libomp5-9_1%3a9.0.1-8_amd64.deb ...
Unpacking libomp5-9:amd64 (1:9.0.1-8) ...
Selecting previously unselected package libomp-9-dev.
Preparing to unpack .../27-libomp-9-dev_1%3a9.0.1-8_amd64.deb ...
Unpacking libomp-9-dev (1:9.0.1-8) ...
Setting up libgc1c2:amd64 (1:7.6.4-0.4) ...
Setting up libobjc4:amd64 (10-20200222-1) ...
Setting up libz3-4:amd64 (4.8.7-4) ...
Setting up gcc-8-base:amd64 (8.3.0-29) ...
Setting up libmpx2:amd64 (8.3.0-29) ...
Setting up libc6-i386 (2.29-10) ...
Setting up libbsd0:amd64 (0.10.0-1) ...
Setting up gcc-9-base:amd64 (9.2.1-30) ...
Setting up libomp5-9:amd64 (1:9.0.1-8) ...
Setting up libedit2:amd64 (3.1-20191231-1) ...
Setting up libasan5:amd64 (9.2.1-30) ...
Setting up lib32gcc-s1 (10-20200222-1) ...
Setting up libgcc-8-dev:amd64 (8.3.0-29) ...
Setting up libomp-9-dev (1:9.0.1-8) ...
Setting up cpp-9 (9.2.1-30) ...
Setting up libllvm9:amd64 (1:9.0.1-8) ...
Setting up libstdc++-8-dev:amd64 (8.3.0-29) ...
Setting up libclang-cpp9 (1:9.0.1-8) ...
Setting up lib32gcc1 (1:10-20200222-1) ...
Setting up libgcc-9-dev:amd64 (9.2.1-30) ...
Setting up libobjc-8-dev:amd64 (8.3.0-29) ...
Setting up lib32stdc++6 (10-20200222-1) ...
Setting up libobjc-9-dev:amd64 (9.2.1-30) ...
Setting up libclang-common-9-dev (1:9.0.1-8) ...
Setting up gcc-9 (9.2.1-30) ...
Setting up libstdc++-9-dev:amd64 (9.2.1-30) ...
Setting up clang-9 (1:9.0.1-8) ...
Setting up g++-9 (9.2.1-30) ...
Processing triggers for libc-bin (2.29-10) ...
W: --force-yes is deprecated, use one of the options starting with --allow instead.
+ echo 'Replace gcc, g++ & cpp by clang'
Replace gcc, g++ & cpp by clang
+ VERSIONS='4.6 4.7 4.8 4.9 5 6 7 8 9 10'
+ cd /usr/bin
+ for VERSION in $VERSIONS
+ rm -f g++-4.6 gcc-4.6 cpp-4.6 gcc
+ ln -s clang++-9 g++-4.6
+ ln -s clang-9 gcc-4.6
+ ln -s clang-9 cpp-4.6
+ ln -s clang-9 gcc
+ echo 'gcc-4.6 hold'
+ dpkg --set-selections
dpkg: warning: package not in status nor available database at line 1: gcc-4.6
dpkg: warning: found unknown packages; this might mean the available database
is outdated, and needs to be updated through a frontend method;
please see the FAQ <https://wiki.debian.org/Teams/Dpkg/FAQ>
+ echo 'g++-4.6 hold'
+ dpkg --set-selections
dpkg: warning: package not in status nor available database at line 1: g++-4.6
dpkg: warning: found unknown packages; this might mean the available database
is outdated, and needs to be updated through a frontend method;
please see the FAQ <https://wiki.debian.org/Teams/Dpkg/FAQ>
+ for VERSION in $VERSIONS
+ rm -f g++-4.7 gcc-4.7 cpp-4.7 gcc
+ ln -s clang++-9 g++-4.7
+ ln -s clang-9 gcc-4.7
+ ln -s clang-9 cpp-4.7
+ ln -s clang-9 gcc
+ echo 'gcc-4.7 hold'
+ dpkg --set-selections
dpkg: warning: package not in status nor available database at line 1: gcc-4.7
dpkg: warning: found unknown packages; this might mean the available database
is outdated, and needs to be updated through a frontend method;
please see the FAQ <https://wiki.debian.org/Teams/Dpkg/FAQ>
+ echo 'g++-4.7 hold'
+ dpkg --set-selections
dpkg: warning: package not in status nor available database at line 1: g++-4.7
dpkg: warning: found unknown packages; this might mean the available database
is outdated, and needs to be updated through a frontend method;
please see the FAQ <https://wiki.debian.org/Teams/Dpkg/FAQ>
+ for VERSION in $VERSIONS
+ rm -f g++-4.8 gcc-4.8 cpp-4.8 gcc
+ ln -s clang++-9 g++-4.8
+ ln -s clang-9 gcc-4.8
+ ln -s clang-9 cpp-4.8
+ ln -s clang-9 gcc
+ echo 'gcc-4.8 hold'
+ dpkg --set-selections
dpkg: warning: package not in status nor available database at line 1: gcc-4.8
dpkg: warning: found unknown packages; this might mean the available database
is outdated, and needs to be updated through a frontend method;
please see the FAQ <https://wiki.debian.org/Teams/Dpkg/FAQ>
+ echo 'g++-4.8 hold'
+ dpkg --set-selections
dpkg: warning: package not in status nor available database at line 1: g++-4.8
dpkg: warning: found unknown packages; this might mean the available database
is outdated, and needs to be updated through a frontend method;
please see the FAQ <https://wiki.debian.org/Teams/Dpkg/FAQ>
+ for VERSION in $VERSIONS
+ rm -f g++-4.9 gcc-4.9 cpp-4.9 gcc
+ ln -s clang++-9 g++-4.9
+ ln -s clang-9 gcc-4.9
+ ln -s clang-9 cpp-4.9
+ ln -s clang-9 gcc
+ echo 'gcc-4.9 hold'
+ dpkg --set-selections
dpkg: warning: package not in status nor available database at line 1: gcc-4.9
dpkg: warning: found unknown packages; this might mean the available database
is outdated, and needs to be updated through a frontend method;
please see the FAQ <https://wiki.debian.org/Teams/Dpkg/FAQ>
+ echo 'g++-4.9 hold'
+ dpkg --set-selections
dpkg: warning: package not in status nor available database at line 1: g++-4.9
dpkg: warning: found unknown packages; this might mean the available database
is outdated, and needs to be updated through a frontend method;
please see the FAQ <https://wiki.debian.org/Teams/Dpkg/FAQ>
+ for VERSION in $VERSIONS
+ rm -f g++-5 gcc-5 cpp-5 gcc
+ ln -s clang++-9 g++-5
+ ln -s clang-9 gcc-5
+ ln -s clang-9 cpp-5
+ ln -s clang-9 gcc
+ echo 'gcc-5 hold'
+ dpkg --set-selections
dpkg: warning: package not in status nor available database at line 1: gcc-5
dpkg: warning: found unknown packages; this might mean the available database
is outdated, and needs to be updated through a frontend method;
please see the FAQ <https://wiki.debian.org/Teams/Dpkg/FAQ>
+ echo 'g++-5 hold'
+ dpkg --set-selections
dpkg: warning: package not in status nor available database at line 1: g++-5
dpkg: warning: found unknown packages; this might mean the available database
is outdated, and needs to be updated through a frontend method;
please see the FAQ <https://wiki.debian.org/Teams/Dpkg/FAQ>
+ for VERSION in $VERSIONS
+ rm -f g++-6 gcc-6 cpp-6 gcc
+ ln -s clang++-9 g++-6
+ ln -s clang-9 gcc-6
+ ln -s clang-9 cpp-6
+ ln -s clang-9 gcc
+ echo 'gcc-6 hold'
+ dpkg --set-selections
dpkg: warning: package not in status nor available database at line 1: gcc-6
dpkg: warning: found unknown packages; this might mean the available database
is outdated, and needs to be updated through a frontend method;
please see the FAQ <https://wiki.debian.org/Teams/Dpkg/FAQ>
+ echo 'g++-6 hold'
+ dpkg --set-selections
dpkg: warning: package not in status nor available database at line 1: g++-6
dpkg: warning: found unknown packages; this might mean the available database
is outdated, and needs to be updated through a frontend method;
please see the FAQ <https://wiki.debian.org/Teams/Dpkg/FAQ>
+ for VERSION in $VERSIONS
+ rm -f g++-7 gcc-7 cpp-7 gcc
+ ln -s clang++-9 g++-7
+ ln -s clang-9 gcc-7
+ ln -s clang-9 cpp-7
+ ln -s clang-9 gcc
+ echo 'gcc-7 hold'
+ dpkg --set-selections
dpkg: warning: package not in status nor available database at line 1: gcc-7
dpkg: warning: found unknown packages; this might mean the available database
is outdated, and needs to be updated through a frontend method;
please see the FAQ <https://wiki.debian.org/Teams/Dpkg/FAQ>
+ echo 'g++-7 hold'
+ dpkg --set-selections
dpkg: warning: package not in status nor available database at line 1: g++-7
dpkg: warning: found unknown packages; this might mean the available database
is outdated, and needs to be updated through a frontend method;
please see the FAQ <https://wiki.debian.org/Teams/Dpkg/FAQ>
+ for VERSION in $VERSIONS
+ rm -f g++-8 gcc-8 cpp-8 gcc
+ ln -s clang++-9 g++-8
+ ln -s clang-9 gcc-8
+ ln -s clang-9 cpp-8
+ ln -s clang-9 gcc
+ echo 'gcc-8 hold'
+ dpkg --set-selections
dpkg: warning: package not in status nor available database at line 1: gcc-8
dpkg: warning: found unknown packages; this might mean the available database
is outdated, and needs to be updated through a frontend method;
please see the FAQ <https://wiki.debian.org/Teams/Dpkg/FAQ>
+ echo 'g++-8 hold'
+ dpkg --set-selections
dpkg: warning: package not in status nor available database at line 1: g++-8
dpkg: warning: found unknown packages; this might mean the available database
is outdated, and needs to be updated through a frontend method;
please see the FAQ <https://wiki.debian.org/Teams/Dpkg/FAQ>
+ for VERSION in $VERSIONS
+ rm -f g++-9 gcc-9 cpp-9 gcc
+ ln -s clang++-9 g++-9
+ ln -s clang-9 gcc-9
+ ln -s clang-9 cpp-9
+ ln -s clang-9 gcc
+ echo 'gcc-9 hold'
+ dpkg --set-selections
+ echo 'g++-9 hold'
+ dpkg --set-selections
+ for VERSION in $VERSIONS
+ rm -f g++-10 gcc-10 cpp-10 gcc
+ ln -s clang++-9 g++-10
+ ln -s clang-9 gcc-10
+ ln -s clang-9 cpp-10
+ ln -s clang-9 gcc
+ echo 'gcc-10 hold'
+ dpkg --set-selections
dpkg: warning: package not in status nor available database at line 1: gcc-10
dpkg: warning: found unknown packages; this might mean the available database
is outdated, and needs to be updated through a frontend method;
please see the FAQ <https://wiki.debian.org/Teams/Dpkg/FAQ>
+ echo 'g++-10 hold'
+ dpkg --set-selections
dpkg: warning: package not in status nor available database at line 1: g++-10
dpkg: warning: found unknown packages; this might mean the available database
is outdated, and needs to be updated through a frontend method;
please see the FAQ <https://wiki.debian.org/Teams/Dpkg/FAQ>
+ cd -
/build/pktools-YG6d6z
+ echo 'Check if gcc, g++ & cpp are actually clang'
Check if gcc, g++ & cpp are actually clang
+ gcc --version
+ grep clang
+ cpp --version
+ grep clang
+ g++ --version
+ grep clang

I: Finished running '/tmp/clang9'.

Finished processing commands.
--------------------------------------------------------------------------------
I: NOTICE: Log filtering will replace 'build/pktools-YG6d6z/resolver-KIvHI1' with '<<RESOLVERDIR>>'

+------------------------------------------------------------------------------+
| Update chroot                                                                |
+------------------------------------------------------------------------------+

Hit:1 http://127.0.0.1:12990/debian sid InRelease
Reading package lists...
Reading package lists...
Building dependency tree...
Reading state information...
Calculating upgrade...
The following packages will be upgraded:
  libgmp10 zlib1g
2 upgraded, 0 newly installed, 0 to remove and 0 not upgraded.
Need to get 343 kB of archives.
After this operation, 0 B of additional disk space will be used.
Get:1 http://127.0.0.1:12990/debian sid/main amd64 libgmp10 amd64 2:6.2.0+dfsg-4 [253 kB]
Get:2 http://127.0.0.1:12990/debian sid/main amd64 zlib1g amd64 1:1.2.11.dfsg-2 [90.4 kB]
debconf: delaying package configuration, since apt-utils is not installed
Fetched 343 kB in 0s (6009 kB/s)
(Reading database ... (Reading database ... 5%(Reading database ... 10%(Reading database ... 15%(Reading database ... 20%(Reading database ... 25%(Reading database ... 30%(Reading database ... 35%(Reading database ... 40%(Reading database ... 45%(Reading database ... 50%(Reading database ... 55%(Reading database ... 60%(Reading database ... 65%(Reading database ... 70%(Reading database ... 75%(Reading database ... 80%(Reading database ... 85%(Reading database ... 90%(Reading database ... 95%(Reading database ... 100%(Reading database ... 13921 files and directories currently installed.)
Preparing to unpack .../libgmp10_2%3a6.2.0+dfsg-4_amd64.deb ...
Unpacking libgmp10:amd64 (2:6.2.0+dfsg-4) over (2:6.2.0+dfsg-3) ...
Setting up libgmp10:amd64 (2:6.2.0+dfsg-4) ...
(Reading database ... (Reading database ... 5%(Reading database ... 10%(Reading database ... 15%(Reading database ... 20%(Reading database ... 25%(Reading database ... 30%(Reading database ... 35%(Reading database ... 40%(Reading database ... 45%(Reading database ... 50%(Reading database ... 55%(Reading database ... 60%(Reading database ... 65%(Reading database ... 70%(Reading database ... 75%(Reading database ... 80%(Reading database ... 85%(Reading database ... 90%(Reading database ... 95%(Reading database ... 100%(Reading database ... 13921 files and directories currently installed.)
Preparing to unpack .../zlib1g_1%3a1.2.11.dfsg-2_amd64.deb ...
Unpacking zlib1g:amd64 (1:1.2.11.dfsg-2) over (1:1.2.11.dfsg-1.2) ...
Setting up zlib1g:amd64 (1:1.2.11.dfsg-2) ...
Processing triggers for libc-bin (2.29-10) ...

+------------------------------------------------------------------------------+
| Fetch source files                                                           |
+------------------------------------------------------------------------------+


Check APT
---------

Checking available source versions...

Download source files with APT
------------------------------

Reading package lists...
NOTICE: 'pktools' packaging is maintained in the 'Git' version control system at:
https://salsa.debian.org/debian-gis-team/pktools.git
Please use:
git clone https://salsa.debian.org/debian-gis-team/pktools.git
to retrieve the latest (possibly unreleased) updates to the package.
Need to get 3187 kB of source archives.
Get:1 http://127.0.0.1:12990/debian sid/main pktools 2.6.7.6+ds-2 (dsc) [2447 B]
Get:2 http://127.0.0.1:12990/debian sid/main pktools 2.6.7.6+ds-2 (tar) [3140 kB]
Get:3 http://127.0.0.1:12990/debian sid/main pktools 2.6.7.6+ds-2 (diff) [44.2 kB]
Fetched 3187 kB in 0s (30.3 MB/s)
Download complete and in download only mode
I: NOTICE: Log filtering will replace 'build/pktools-YG6d6z/pktools-2.6.7.6+ds' with '<<PKGBUILDDIR>>'
I: NOTICE: Log filtering will replace 'build/pktools-YG6d6z' with '<<BUILDDIR>>'

+------------------------------------------------------------------------------+
| Install package build dependencies                                           |
+------------------------------------------------------------------------------+


Setup apt archive
-----------------

Merged Build-Depends: debhelper (>= 9), cmake, libgdal-dev (>= 1.10.0-0~), libgsl-dev | libgsl0-dev, libboost-dev, libarmadillo-dev, libfann-dev, libsvm-dev, pkg-kde-tools, docbook2x, docbook-xsl, docbook-xml, xsltproc, build-essential, fakeroot
Filtered Build-Depends: debhelper (>= 9), cmake, libgdal-dev (>= 1.10.0-0~), libgsl-dev, libboost-dev, libarmadillo-dev, libfann-dev, libsvm-dev, pkg-kde-tools, docbook2x, docbook-xsl, docbook-xml, xsltproc, build-essential, fakeroot
dpkg-deb: building package 'sbuild-build-depends-main-dummy' in '/<<RESOLVERDIR>>/apt_archive/sbuild-build-depends-main-dummy.deb'.
Ign:1 copy:/<<RESOLVERDIR>>/apt_archive ./ InRelease
Get:2 copy:/<<RESOLVERDIR>>/apt_archive ./ Release [957 B]
Ign:3 copy:/<<RESOLVERDIR>>/apt_archive ./ Release.gpg
Get:4 copy:/<<RESOLVERDIR>>/apt_archive ./ Sources [449 B]
Get:5 copy:/<<RESOLVERDIR>>/apt_archive ./ Packages [528 B]
Fetched 1934 B in 0s (0 B/s)
Reading package lists...
Reading package lists...

Install main build dependencies (apt-based resolver)
----------------------------------------------------

Installing build dependencies
Reading package lists...
Building dependency tree...
Reading state information...
The following additional packages will be installed:
  autoconf automake autopoint autotools-dev bsdmainutils ca-certificates cmake
  cmake-data debhelper default-libmysqlclient-dev dh-autoreconf
  dh-strip-nondeterminism docbook-xml docbook-xsl docbook2x dwz file
  fontconfig-config fonts-dejavu-core gdal-data gettext gettext-base
  groff-base hdf5-helpers icu-devtools intltool-debian libaec-dev libaec0
  libarchive-zip-perl libarchive13 libarmadillo-dev libarmadillo9 libarpack2
  libarpack2-dev libblas-dev libblas3 libboost-dev libboost1.67-dev libbrotli1
  libcfitsio-dev libcfitsio8 libcharls-dev libcharls2 libcroco3
  libcurl3-gnutls libcurl4 libcurl4-gnutls-dev libdap-dev libdap25
  libdapclient6v5 libdapserver7v5 libdebhelper-perl libelf1
  libencode-locale-perl libepsilon-dev libepsilon1 libevent-2.1-7 libexpat1
  libexpat1-dev libfann-dev libfann2 libfile-listing-perl
  libfile-stripnondeterminism-perl libfontconfig1 libfreetype6 libfreexl-dev
  libfreexl1 libfyba-dev libfyba0 libgdal-dev libgdal26 libgeos-3.8.0
  libgeos-c1v5 libgeos-dev libgeotiff-dev libgeotiff5 libgfortran5 libgif-dev
  libgif7 libglib2.0-0 libgmp-dev libgmpxx4ldbl libgnutls-dane0
  libgnutls-openssl27 libgnutls28-dev libgnutlsxx28 libgsl-dev libgsl23
  libgslcblas0 libgssapi-krb5-2 libhdf4-0-alt libhdf4-alt-dev libhdf5-103
  libhdf5-cpp-103 libhdf5-dev libhtml-parser-perl libhtml-tagset-perl
  libhtml-tree-perl libhttp-cookies-perl libhttp-date-perl
  libhttp-message-perl libhttp-negotiate-perl libicu-dev libicu63 libidn2-dev
  libio-html-perl libio-socket-ssl-perl libjbig-dev libjbig0 libjpeg-dev
  libjpeg62-turbo libjpeg62-turbo-dev libjson-c-dev libjson-c4 libjsoncpp1
  libk5crypto3 libkeyutils1 libkml-dev libkmlbase1 libkmlconvenience1
  libkmldom1 libkmlengine1 libkmlregionator1 libkmlxsd1 libkrb5-3
  libkrb5support0 liblapack-dev liblapack3 liblcms2-2 libldap-2.4-2
  libldap-common libltdl-dev libltdl7 liblwp-mediatypes-perl
  liblwp-protocol-https-perl liblzma-dev libmagic-mgc libmagic1 libmariadb-dev
  libmariadb-dev-compat libmariadb3 libminizip-dev libminizip1 libmpdec2
  libncurses6 libnet-http-perl libnet-ssleay-perl libnetcdf-dev libnetcdf15
  libnghttp2-14 libnspr4 libnss3 libodbc1 libogdi-dev libogdi4.1 libopenjp2-7
  libopenjp2-7-dev libosp5 libp11-kit-dev libpcre16-3 libpcre3-dev libpcre32-3
  libpcrecpp0v5 libpipeline1 libpng-dev libpng16-16 libpoppler-dev
  libpoppler-private-dev libpoppler82 libpopt0 libpq-dev libpq5 libprocps8
  libproj-dev libproj15 libpsl5 libpython3-stdlib libpython3.7-minimal
  libpython3.7-stdlib libqhull-dev libqhull-r7 libqhull7 libreadline8
  librhash0 librtmp1 libsasl2-2 libsasl2-modules-db libsigsegv2
  libspatialite-dev libspatialite7 libsqlite3-0 libsqlite3-dev libssh2-1
  libssl1.1 libsub-override-perl libsuperlu-dev libsuperlu5 libsvm-dev libsvm3
  libsz2 libtasn1-6-dev libtext-charwidth-perl libtext-unidecode-perl
  libtext-wrapi18n-perl libtiff-dev libtiff5 libtiffxx5 libtimedate-perl
  libtool libtry-tiny-perl libuchardet0 libunbound8 liburi-perl
  liburiparser-dev liburiparser1 libuv1 libwebp-dev libwebp6 libwebpdemux2
  libwebpmux3 libwww-perl libwww-robotrules-perl libxerces-c-dev
  libxerces-c3.2 libxml-libxml-perl libxml-namespacesupport-perl
  libxml-parser-perl libxml-sax-base-perl libxml-sax-expat-perl
  libxml-sax-perl libxml2 libxml2-dev libxslt1.1 libzstd-dev m4 man-db
  mariadb-common mime-support mysql-common netbase nettle-dev odbcinst
  odbcinst1debian2 opensp openssl perl-openssl-defaults pkg-config
  pkg-kde-tools po-debconf procps proj-data python3 python3-minimal python3.7
  python3.7-minimal readline-common sensible-utils sgml-base sgml-data
  tex-common texinfo ucf unixodbc-dev uuid-dev xml-core xsltproc zlib1g-dev
Suggested packages:
  autoconf-archive gnu-standards autoconf-doc wamerican | wordlist whois
  vacation cmake-doc ninja-build dh-make docbook docbook-dsssl
  docbook-defguide dbtoepub docbook-xsl-doc-html | docbook-xsl-doc-pdf
  | docbook-xsl-doc-text | docbook-xsl-doc docbook-xsl-saxon fop libsaxon-java
  libxalan2-java libxslthl-java xalan gettext-doc libasprintf-dev
  libgettextpo-dev groff lrzip libitpp-dev liblapack-doc libboost-doc
  libboost1.67-doc libboost-atomic1.67-dev libboost-chrono1.67-dev
  libboost-container1.67-dev libboost-context1.67-dev
  libboost-contract1.67-dev libboost-coroutine1.67-dev
  libboost-date-time1.67-dev libboost-exception1.67-dev libboost-fiber1.67-dev
  libboost-filesystem1.67-dev libboost-graph1.67-dev
  libboost-graph-parallel1.67-dev libboost-iostreams1.67-dev
  libboost-locale1.67-dev libboost-log1.67-dev libboost-math1.67-dev
  libboost-mpi1.67-dev libboost-mpi-python1.67-dev libboost-numpy1.67-dev
  libboost-program-options1.67-dev libboost-python1.67-dev
  libboost-random1.67-dev libboost-regex1.67-dev
  libboost-serialization1.67-dev libboost-signals1.67-dev
  libboost-stacktrace1.67-dev libboost-system1.67-dev libboost-test1.67-dev
  libboost-thread1.67-dev libboost-timer1.67-dev libboost-type-erasure1.67-dev
  libboost-wave1.67-dev libboost1.67-tools-dev libmpfrc++-dev libntl-dev
  libcurl4-doc libidn11-dev libkrb5-dev libldap2-dev librtmp-dev libssh2-1-dev
  libfann-doc libgdal-doc libgeotiff-epsg geotiff-bin gdal-bin gmp-doc
  libgmp10-doc libmpfr-dev dns-root-data gnutls-bin gnutls-doc gsl-ref-psdoc
  | gsl-doc-pdf | gsl-doc-info | gsl-ref-html krb5-doc krb5-user libhdf4-doc
  hdf4-tools libhdf5-doc libdata-dump-perl icu-doc liblcms2-utils libtool-doc
  libcrypt-ssleay-perl liblzma-doc netcdf-bin netcdf-doc libmyodbc
  odbc-postgresql tdsodbc unixodbc-bin ogdi-bin libfreetype6-dev
  postgresql-doc-12 proj-bin sqlite3-doc libsuperlu-doc gfortran
  | fortran95-compiler gcj-jdk libauthen-ntlm-perl libxerces-c-doc
  libxml-sax-expatxs-perl m4-doc apparmor less www-browser doc-base cdbs
  libmail-box-perl python3-doc python3-tk python3-venv python3.7-venv
  python3.7-doc binfmt-support readline-doc sgml-base-doc perlsgml w3-recs
  libxml2-utils texlive-base texlive-latex-base texlive-plain-generic
  texlive-fonts-recommended
Recommended packages:
  curl | wget | lynx libcfitsio-doc libarchive-cpio-perl proj-bin
  libglib2.0-data shared-mime-info xdg-user-dirs libhtml-format-perl
  krb5-locales libgpm2 libpng-tools poppler-data publicsuffix libsasl2-modules
  libtasn1-doc libdata-dump-perl libhtml-form-perl libhttp-daemon-perl
  libmailtools-perl libmail-sendmail-perl psmisc
The following NEW packages will be installed:
  autoconf automake autopoint autotools-dev bsdmainutils ca-certificates cmake
  cmake-data debhelper default-libmysqlclient-dev dh-autoreconf
  dh-strip-nondeterminism docbook-xml docbook-xsl docbook2x dwz file
  fontconfig-config fonts-dejavu-core gdal-data gettext gettext-base
  groff-base hdf5-helpers icu-devtools intltool-debian libaec-dev libaec0
  libarchive-zip-perl libarchive13 libarmadillo-dev libarmadillo9 libarpack2
  libarpack2-dev libblas-dev libblas3 libboost-dev libboost1.67-dev libbrotli1
  libcfitsio-dev libcfitsio8 libcharls-dev libcharls2 libcroco3
  libcurl3-gnutls libcurl4 libcurl4-gnutls-dev libdap-dev libdap25
  libdapclient6v5 libdapserver7v5 libdebhelper-perl libelf1
  libencode-locale-perl libepsilon-dev libepsilon1 libevent-2.1-7 libexpat1
  libexpat1-dev libfann-dev libfann2 libfile-listing-perl
  libfile-stripnondeterminism-perl libfontconfig1 libfreetype6 libfreexl-dev
  libfreexl1 libfyba-dev libfyba0 libgdal-dev libgdal26 libgeos-3.8.0
  libgeos-c1v5 libgeos-dev libgeotiff-dev libgeotiff5 libgfortran5 libgif-dev
  libgif7 libglib2.0-0 libgmp-dev libgmpxx4ldbl libgnutls-dane0
  libgnutls-openssl27 libgnutls28-dev libgnutlsxx28 libgsl-dev libgsl23
  libgslcblas0 libgssapi-krb5-2 libhdf4-0-alt libhdf4-alt-dev libhdf5-103
  libhdf5-cpp-103 libhdf5-dev libhtml-parser-perl libhtml-tagset-perl
  libhtml-tree-perl libhttp-cookies-perl libhttp-date-perl
  libhttp-message-perl libhttp-negotiate-perl libicu-dev libicu63 libidn2-dev
  libio-html-perl libio-socket-ssl-perl libjbig-dev libjbig0 libjpeg-dev
  libjpeg62-turbo libjpeg62-turbo-dev libjson-c-dev libjson-c4 libjsoncpp1
  libk5crypto3 libkeyutils1 libkml-dev libkmlbase1 libkmlconvenience1
  libkmldom1 libkmlengine1 libkmlregionator1 libkmlxsd1 libkrb5-3
  libkrb5support0 liblapack-dev liblapack3 liblcms2-2 libldap-2.4-2
  libldap-common libltdl-dev libltdl7 liblwp-mediatypes-perl
  liblwp-protocol-https-perl liblzma-dev libmagic-mgc libmagic1 libmariadb-dev
  libmariadb-dev-compat libmariadb3 libminizip-dev libminizip1 libmpdec2
  libncurses6 libnet-http-perl libnet-ssleay-perl libnetcdf-dev libnetcdf15
  libnghttp2-14 libnspr4 libnss3 libodbc1 libogdi-dev libogdi4.1 libopenjp2-7
  libopenjp2-7-dev libosp5 libp11-kit-dev libpcre16-3 libpcre3-dev libpcre32-3
  libpcrecpp0v5 libpipeline1 libpng-dev libpng16-16 libpoppler-dev
  libpoppler-private-dev libpoppler82 libpopt0 libpq-dev libpq5 libprocps8
  libproj-dev libproj15 libpsl5 libpython3-stdlib libpython3.7-minimal
  libpython3.7-stdlib libqhull-dev libqhull-r7 libqhull7 libreadline8
  librhash0 librtmp1 libsasl2-2 libsasl2-modules-db libsigsegv2
  libspatialite-dev libspatialite7 libsqlite3-0 libsqlite3-dev libssh2-1
  libssl1.1 libsub-override-perl libsuperlu-dev libsuperlu5 libsvm-dev libsvm3
  libsz2 libtasn1-6-dev libtext-charwidth-perl libtext-unidecode-perl
  libtext-wrapi18n-perl libtiff-dev libtiff5 libtiffxx5 libtimedate-perl
  libtool libtry-tiny-perl libuchardet0 libunbound8 liburi-perl
  liburiparser-dev liburiparser1 libuv1 libwebp-dev libwebp6 libwebpdemux2
  libwebpmux3 libwww-perl libwww-robotrules-perl libxerces-c-dev
  libxerces-c3.2 libxml-libxml-perl libxml-namespacesupport-perl
  libxml-parser-perl libxml-sax-base-perl libxml-sax-expat-perl
  libxml-sax-perl libxml2 libxml2-dev libxslt1.1 libzstd-dev m4 man-db
  mariadb-common mime-support mysql-common netbase nettle-dev odbcinst
  odbcinst1debian2 opensp openssl perl-openssl-defaults pkg-config
  pkg-kde-tools po-debconf procps proj-data python3 python3-minimal python3.7
  python3.7-minimal readline-common sbuild-build-depends-main-dummy
  sensible-utils sgml-base sgml-data tex-common texinfo ucf unixodbc-dev
  uuid-dev xml-core xsltproc zlib1g-dev
0 upgraded, 268 newly installed, 0 to remove and 0 not upgraded.
Need to get 136 MB of archives.
After this operation, 679 MB of additional disk space will be used.
Get:1 copy:/<<RESOLVERDIR>>/apt_archive ./ sbuild-build-depends-main-dummy 0.invalid.0 [948 B]
Get:2 http://127.0.0.1:12990/debian sid/main amd64 bsdmainutils amd64 11.1.2+b1 [191 kB]
Get:3 http://127.0.0.1:12990/debian sid/main amd64 libuchardet0 amd64 0.0.6-3 [64.9 kB]
Get:4 http://127.0.0.1:12990/debian sid/main amd64 groff-base amd64 1.22.4-4 [919 kB]
Get:5 http://127.0.0.1:12990/debian sid/main amd64 libpipeline1 amd64 1.5.2-2 [33.9 kB]
Get:6 http://127.0.0.1:12990/debian sid/main amd64 man-db amd64 2.9.0-2 [1307 kB]
Get:7 http://127.0.0.1:12990/debian sid/main amd64 libssl1.1 amd64 1.1.1d-2 [1540 kB]
Get:8 http://127.0.0.1:12990/debian sid/main amd64 libpython3.7-minimal amd64 3.7.6-1+b1 [591 kB]
Get:9 http://127.0.0.1:12990/debian sid/main amd64 libexpat1 amd64 2.2.9-1 [94.3 kB]
Get:10 http://127.0.0.1:12990/debian sid/main amd64 python3.7-minimal amd64 3.7.6-1+b1 [1813 kB]
Get:11 http://127.0.0.1:12990/debian sid/main amd64 python3-minimal amd64 3.7.5-3 [36.8 kB]
Get:12 http://127.0.0.1:12990/debian sid/main amd64 mime-support all 3.64 [37.8 kB]
Get:13 http://127.0.0.1:12990/debian sid/main amd64 libmpdec2 amd64 2.4.2-2 [87.2 kB]
Get:14 http://127.0.0.1:12990/debian sid/main amd64 readline-common all 8.0-3 [72.5 kB]
Get:15 http://127.0.0.1:12990/debian sid/main amd64 libreadline8 amd64 8.0-3 [160 kB]
Get:16 http://127.0.0.1:12990/debian sid/main amd64 libsqlite3-0 amd64 3.31.1-3 [661 kB]
Get:17 http://127.0.0.1:12990/debian sid/main amd64 libpython3.7-stdlib amd64 3.7.6-1+b1 [1735 kB]
Get:18 http://127.0.0.1:12990/debian sid/main amd64 python3.7 amd64 3.7.6-1+b1 [351 kB]
Get:19 http://127.0.0.1:12990/debian sid/main amd64 libpython3-stdlib amd64 3.7.5-3 [20.2 kB]
Get:20 http://127.0.0.1:12990/debian sid/main amd64 python3 amd64 3.7.5-3 [62.1 kB]
Get:21 http://127.0.0.1:12990/debian sid/main amd64 sgml-base all 1.29.1 [15.0 kB]
Get:22 http://127.0.0.1:12990/debian sid/main amd64 sensible-utils all 0.0.12+nmu1 [16.0 kB]
Get:23 http://127.0.0.1:12990/debian sid/main amd64 ucf all 3.0038+nmu1 [69.0 kB]
Get:24 http://127.0.0.1:12990/debian sid/main amd64 tex-common all 6.13 [53.2 kB]
Get:25 http://127.0.0.1:12990/debian sid/main amd64 netbase all 6.1 [19.9 kB]
Get:26 http://127.0.0.1:12990/debian sid/main amd64 libncurses6 amd64 6.1+20191019-1 [102 kB]
Get:27 http://127.0.0.1:12990/debian sid/main amd64 libprocps8 amd64 2:3.3.16-1+b1 [62.8 kB]
Get:28 http://127.0.0.1:12990/debian sid/main amd64 procps amd64 2:3.3.16-1+b1 [263 kB]
Get:29 http://127.0.0.1:12990/debian sid/main amd64 libmagic-mgc amd64 1:5.38-4 [262 kB]
Get:30 http://127.0.0.1:12990/debian sid/main amd64 libmagic1 amd64 1:5.38-4 [120 kB]
Get:31 http://127.0.0.1:12990/debian sid/main amd64 file amd64 1:5.38-4 [67.9 kB]
Get:32 http://127.0.0.1:12990/debian sid/main amd64 gettext-base amd64 0.19.8.1-10 [123 kB]
Get:33 http://127.0.0.1:12990/debian sid/main amd64 libsigsegv2 amd64 2.12-2 [32.8 kB]
Get:34 http://127.0.0.1:12990/debian sid/main amd64 m4 amd64 1.4.18-4 [203 kB]
Get:35 http://127.0.0.1:12990/debian sid/main amd64 autoconf all 2.69-11.1 [341 kB]
Get:36 http://127.0.0.1:12990/debian sid/main amd64 autotools-dev all 20180224.1 [77.0 kB]
Get:37 http://127.0.0.1:12990/debian sid/main amd64 automake all 1:1.16.1-4 [771 kB]
Get:38 http://127.0.0.1:12990/debian sid/main amd64 autopoint all 0.19.8.1-10 [435 kB]
Get:39 http://127.0.0.1:12990/debian sid/main amd64 openssl amd64 1.1.1d-2 [840 kB]
Get:40 http://127.0.0.1:12990/debian sid/main amd64 ca-certificates all 20190110 [157 kB]
Get:41 http://127.0.0.1:12990/debian sid/main amd64 cmake-data all 3.16.3-1 [1628 kB]
Get:42 http://127.0.0.1:12990/debian sid/main amd64 libicu63 amd64 63.2-2 [8301 kB]
Get:43 http://127.0.0.1:12990/debian sid/main amd64 libxml2 amd64 2.9.10+dfsg-3 [709 kB]
Get:44 http://127.0.0.1:12990/debian sid/main amd64 libarchive13 amd64 3.4.0-1+b1 [335 kB]
Get:45 http://127.0.0.1:12990/debian sid/main amd64 libbrotli1 amd64 1.0.7-6 [266 kB]
Get:46 http://127.0.0.1:12990/debian sid/main amd64 libkeyutils1 amd64 1.6.1-2 [15.4 kB]
Get:47 http://127.0.0.1:12990/debian sid/main amd64 libkrb5support0 amd64 1.17-6 [64.6 kB]
Get:48 http://127.0.0.1:12990/debian sid/main amd64 libk5crypto3 amd64 1.17-6 [116 kB]
Get:49 http://127.0.0.1:12990/debian sid/main amd64 libkrb5-3 amd64 1.17-6 [366 kB]
Get:50 http://127.0.0.1:12990/debian sid/main amd64 libgssapi-krb5-2 amd64 1.17-6 [156 kB]
Get:51 http://127.0.0.1:12990/debian sid/main amd64 libsasl2-modules-db amd64 2.1.27+dfsg-2 [69.0 kB]
Get:52 http://127.0.0.1:12990/debian sid/main amd64 libsasl2-2 amd64 2.1.27+dfsg-2 [106 kB]
Get:53 http://127.0.0.1:12990/debian sid/main amd64 libldap-common all 2.4.49+dfsg-1 [91.9 kB]
Get:54 http://127.0.0.1:12990/debian sid/main amd64 libldap-2.4-2 amd64 2.4.49+dfsg-1 [226 kB]
Get:55 http://127.0.0.1:12990/debian sid/main amd64 libnghttp2-14 amd64 1.40.0-1 [85.0 kB]
Get:56 http://127.0.0.1:12990/debian sid/main amd64 libpsl5 amd64 0.20.2-2 [53.7 kB]
Get:57 http://127.0.0.1:12990/debian sid/main amd64 librtmp1 amd64 2.4+20151223.gitfa8646d.1-2+b1 [60.8 kB]
Get:58 http://127.0.0.1:12990/debian sid/main amd64 libssh2-1 amd64 1.8.0-2.1 [140 kB]
Get:59 http://127.0.0.1:12990/debian sid/main amd64 libcurl4 amd64 7.68.0-1 [321 kB]
Get:60 http://127.0.0.1:12990/debian sid/main amd64 libjsoncpp1 amd64 1.7.4-3.1 [77.6 kB]
Get:61 http://127.0.0.1:12990/debian sid/main amd64 librhash0 amd64 1.3.9-1 [123 kB]
Get:62 http://127.0.0.1:12990/debian sid/main amd64 libuv1 amd64 1.34.2-1 [127 kB]
Get:63 http://127.0.0.1:12990/debian sid/main amd64 cmake amd64 3.16.3-1 [3673 kB]
Get:64 http://127.0.0.1:12990/debian sid/main amd64 libtool all 2.4.6-13 [513 kB]
Get:65 http://127.0.0.1:12990/debian sid/main amd64 dh-autoreconf all 19 [16.9 kB]
Get:66 http://127.0.0.1:12990/debian sid/main amd64 libdebhelper-perl all 12.9 [183 kB]
Get:67 http://127.0.0.1:12990/debian sid/main amd64 libarchive-zip-perl all 1.67-1 [104 kB]
Get:68 http://127.0.0.1:12990/debian sid/main amd64 libsub-override-perl all 0.09-2 [10.2 kB]
Get:69 http://127.0.0.1:12990/debian sid/main amd64 libfile-stripnondeterminism-perl all 1.6.3-2 [23.7 kB]
Get:70 http://127.0.0.1:12990/debian sid/main amd64 dh-strip-nondeterminism all 1.6.3-2 [14.7 kB]
Get:71 http://127.0.0.1:12990/debian sid/main amd64 libelf1 amd64 0.176-1.1 [161 kB]
Get:72 http://127.0.0.1:12990/debian sid/main amd64 dwz amd64 0.13-5 [151 kB]
Get:73 http://127.0.0.1:12990/debian sid/main amd64 libglib2.0-0 amd64 2.62.4-2 [1319 kB]
Get:74 http://127.0.0.1:12990/debian sid/main amd64 libcroco3 amd64 0.6.13-1 [146 kB]
Get:75 http://127.0.0.1:12990/debian sid/main amd64 gettext amd64 0.19.8.1-10 [1303 kB]
Get:76 http://127.0.0.1:12990/debian sid/main amd64 intltool-debian all 0.35.0+20060710.5 [26.8 kB]
Get:77 http://127.0.0.1:12990/debian sid/main amd64 po-debconf all 1.0.21 [248 kB]
Get:78 http://127.0.0.1:12990/debian sid/main amd64 debhelper all 12.9 [994 kB]
Get:79 http://127.0.0.1:12990/debian sid/main amd64 mysql-common all 5.8+1.0.5 [7324 B]
Get:80 http://127.0.0.1:12990/debian sid/main amd64 mariadb-common all 1:10.3.22-1 [32.3 kB]
Get:81 http://127.0.0.1:12990/debian sid/main amd64 libmariadb3 amd64 1:10.3.22-1 [171 kB]
Get:82 http://127.0.0.1:12990/debian sid/main amd64 libevent-2.1-7 amd64 2.1.11-stable-1 [186 kB]
Get:83 http://127.0.0.1:12990/debian sid/main amd64 libunbound8 amd64 1.9.6-2 [467 kB]
Get:84 http://127.0.0.1:12990/debian sid/main amd64 libgnutls-dane0 amd64 3.6.12-2 [354 kB]
Get:85 http://127.0.0.1:12990/debian sid/main amd64 libgnutls-openssl27 amd64 3.6.12-2 [355 kB]
Get:86 http://127.0.0.1:12990/debian sid/main amd64 libgnutlsxx28 amd64 3.6.12-2 [14.6 kB]
Get:87 http://127.0.0.1:12990/debian sid/main amd64 libidn2-dev amd64 2.2.0-2 [84.5 kB]
Get:88 http://127.0.0.1:12990/debian sid/main amd64 libp11-kit-dev amd64 0.23.20-1 [205 kB]
Get:89 http://127.0.0.1:12990/debian sid/main amd64 libtasn1-6-dev amd64 4.16.0-2 [104 kB]
Get:90 http://127.0.0.1:12990/debian sid/main amd64 libgmpxx4ldbl amd64 2:6.2.0+dfsg-4 [23.0 kB]
Get:91 http://127.0.0.1:12990/debian sid/main amd64 libgmp-dev amd64 2:6.2.0+dfsg-4 [643 kB]
Get:92 http://127.0.0.1:12990/debian sid/main amd64 nettle-dev amd64 3.5.1+really3.5.1-2 [1115 kB]
Get:93 http://127.0.0.1:12990/debian sid/main amd64 libgnutls28-dev amd64 3.6.12-2 [1193 kB]
Get:94 http://127.0.0.1:12990/debian sid/main amd64 zlib1g-dev amd64 1:1.2.11.dfsg-2 [190 kB]
Get:95 http://127.0.0.1:12990/debian sid/main amd64 libmariadb-dev amd64 1:10.3.22-1 [1012 kB]
Get:96 http://127.0.0.1:12990/debian sid/main amd64 libmariadb-dev-compat amd64 1:10.3.22-1 [31.5 kB]
Get:97 http://127.0.0.1:12990/debian sid/main amd64 default-libmysqlclient-dev amd64 1.0.5 [3764 B]
Get:98 http://127.0.0.1:12990/debian sid/main amd64 xml-core all 0.18+nmu1 [23.8 kB]
Get:99 http://127.0.0.1:12990/debian sid/main amd64 sgml-data all 2.0.11 [179 kB]
Get:100 http://127.0.0.1:12990/debian sid/main amd64 docbook-xml all 4.5-9 [84.4 kB]
Get:101 http://127.0.0.1:12990/debian sid/main amd64 docbook-xsl all 1.79.1+dfsg-2 [1249 kB]
Get:102 http://127.0.0.1:12990/debian sid/main amd64 libtext-charwidth-perl amd64 0.04-10 [10.4 kB]
Get:103 http://127.0.0.1:12990/debian sid/main amd64 libtext-wrapi18n-perl all 0.06-9 [8700 B]
Get:104 http://127.0.0.1:12990/debian sid/main amd64 libxml-namespacesupport-perl all 1.12-1 [14.8 kB]
Get:105 http://127.0.0.1:12990/debian sid/main amd64 liburi-perl all 1.76-2 [90.2 kB]
Get:106 http://127.0.0.1:12990/debian sid/main amd64 libencode-locale-perl all 1.05-1 [13.7 kB]
Get:107 http://127.0.0.1:12990/debian sid/main amd64 libtimedate-perl all 2.3100-1 [39.0 kB]
Get:108 http://127.0.0.1:12990/debian sid/main amd64 libhttp-date-perl all 6.05-1 [10.4 kB]
Get:109 http://127.0.0.1:12990/debian sid/main amd64 libfile-listing-perl all 6.04-1 [10.3 kB]
Get:110 http://127.0.0.1:12990/debian sid/main amd64 libhtml-tagset-perl all 3.20-4 [13.0 kB]
Get:111 http://127.0.0.1:12990/debian sid/main amd64 libhtml-parser-perl amd64 3.72-5 [105 kB]
Get:112 http://127.0.0.1:12990/debian sid/main amd64 libhtml-tree-perl all 5.07-2 [213 kB]
Get:113 http://127.0.0.1:12990/debian sid/main amd64 libio-html-perl all 1.001-1 [17.6 kB]
Get:114 http://127.0.0.1:12990/debian sid/main amd64 liblwp-mediatypes-perl all 6.04-1 [19.9 kB]
Get:115 http://127.0.0.1:12990/debian sid/main amd64 libhttp-message-perl all 6.18-1 [77.8 kB]
Get:116 http://127.0.0.1:12990/debian sid/main amd64 libhttp-cookies-perl all 6.08-1 [19.3 kB]
Get:117 http://127.0.0.1:12990/debian sid/main amd64 libhttp-negotiate-perl all 6.01-1 [12.8 kB]
Get:118 http://127.0.0.1:12990/debian sid/main amd64 perl-openssl-defaults amd64 4 [7148 B]
Get:119 http://127.0.0.1:12990/debian sid/main amd64 libnet-ssleay-perl amd64 1.88-2 [321 kB]
Get:120 http://127.0.0.1:12990/debian sid/main amd64 libio-socket-ssl-perl all 2.067-1 [212 kB]
Get:121 http://127.0.0.1:12990/debian sid/main amd64 libnet-http-perl all 6.19-1 [24.8 kB]
Get:122 http://127.0.0.1:12990/debian sid/main amd64 liblwp-protocol-https-perl all 6.07-2 [9242 B]
Get:123 http://127.0.0.1:12990/debian sid/main amd64 libtry-tiny-perl all 0.30-1 [23.3 kB]
Get:124 http://127.0.0.1:12990/debian sid/main amd64 libwww-robotrules-perl all 6.02-1 [12.9 kB]
Get:125 http://127.0.0.1:12990/debian sid/main amd64 libwww-perl all 6.43-1 [191 kB]
Get:126 http://127.0.0.1:12990/debian sid/main amd64 libxml-parser-perl amd64 2.46-1+b1 [207 kB]
Get:127 http://127.0.0.1:12990/debian sid/main amd64 libxml-sax-base-perl all 1.09-1 [20.4 kB]
Get:128 http://127.0.0.1:12990/debian sid/main amd64 libxml-sax-perl all 1.02+dfsg-1 [59.0 kB]
Get:129 http://127.0.0.1:12990/debian sid/main amd64 libxml-sax-expat-perl all 0.51-1 [12.0 kB]
Get:130 http://127.0.0.1:12990/debian sid/main amd64 libosp5 amd64 1.5.2-13+b1 [948 kB]
Get:131 http://127.0.0.1:12990/debian sid/main amd64 opensp amd64 1.5.2-13+b1 [449 kB]
Get:132 http://127.0.0.1:12990/debian sid/main amd64 libtext-unidecode-perl all 1.30-1 [103 kB]
Get:133 http://127.0.0.1:12990/debian sid/main amd64 libxml-libxml-perl amd64 2.0134+dfsg-1+b1 [344 kB]
Get:134 http://127.0.0.1:12990/debian sid/main amd64 texinfo amd64 6.7.0.dfsg.2-5 [1761 kB]
Get:135 http://127.0.0.1:12990/debian sid/main amd64 libxslt1.1 amd64 1.1.34-3 [239 kB]
Get:136 http://127.0.0.1:12990/debian sid/main amd64 xsltproc amd64 1.1.34-3 [124 kB]
Get:137 http://127.0.0.1:12990/debian sid/main amd64 docbook2x amd64 0.8.8-17+b1 [295 kB]
Get:138 http://127.0.0.1:12990/debian sid/main amd64 fonts-dejavu-core all 2.37-1 [1068 kB]
Get:139 http://127.0.0.1:12990/debian sid/main amd64 fontconfig-config all 2.13.1-2 [280 kB]
Get:140 http://127.0.0.1:12990/debian sid/main amd64 gdal-data all 3.0.4+dfsg-1 [430 kB]
Get:141 http://127.0.0.1:12990/debian sid/main amd64 hdf5-helpers amd64 1.10.4+repack-11 [35.2 kB]
Get:142 http://127.0.0.1:12990/debian sid/main amd64 icu-devtools amd64 63.2-2 [189 kB]
Get:143 http://127.0.0.1:12990/debian sid/main amd64 libaec0 amd64 1.0.4-1 [20.3 kB]
Get:144 http://127.0.0.1:12990/debian sid/main amd64 libsz2 amd64 1.0.4-1 [6760 B]
Get:145 http://127.0.0.1:12990/debian sid/main amd64 libaec-dev amd64 1.0.4-1 [18.7 kB]
Get:146 http://127.0.0.1:12990/debian sid/main amd64 libblas3 amd64 3.9.0-1 [153 kB]
Get:147 http://127.0.0.1:12990/debian sid/main amd64 libgfortran5 amd64 10-20200222-1 [721 kB]
Get:148 http://127.0.0.1:12990/debian sid/main amd64 liblapack3 amd64 3.9.0-1 [2168 kB]
Get:149 http://127.0.0.1:12990/debian sid/main amd64 libarpack2 amd64 3.7.0-3 [103 kB]
Get:150 http://127.0.0.1:12990/debian sid/main amd64 libsuperlu5 amd64 5.2.1+dfsg1-4 [161 kB]
Get:151 http://127.0.0.1:12990/debian sid/main amd64 libarmadillo9 amd64 1:9.800.4+dfsg-1 [96.1 kB]
Get:152 http://127.0.0.1:12990/debian sid/main amd64 libblas-dev amd64 3.9.0-1 [160 kB]
Get:153 http://127.0.0.1:12990/debian sid/main amd64 liblapack-dev amd64 3.9.0-1 [4256 kB]
Get:154 http://127.0.0.1:12990/debian sid/main amd64 libarpack2-dev amd64 3.7.0-3 [116 kB]
Get:155 http://127.0.0.1:12990/debian sid/main amd64 libhdf5-103 amd64 1.10.4+repack-11 [1339 kB]
Get:156 http://127.0.0.1:12990/debian sid/main amd64 libjpeg62-turbo amd64 1:1.5.2-2+b1 [134 kB]
Get:157 http://127.0.0.1:12990/debian sid/main amd64 libjpeg62-turbo-dev amd64 1:1.5.2-2+b1 [208 kB]
Get:158 http://127.0.0.1:12990/debian sid/main amd64 libjpeg-dev all 1:1.5.2-2 [57.5 kB]
Get:159 http://127.0.0.1:12990/debian sid/main amd64 libhdf5-cpp-103 amd64 1.10.4+repack-11 [143 kB]
Get:160 http://127.0.0.1:12990/debian sid/main amd64 libhdf5-dev amd64 1.10.4+repack-11 [2608 kB]
Get:161 http://127.0.0.1:12990/debian sid/main amd64 libsuperlu-dev amd64 5.2.1+dfsg1-4 [18.4 kB]
Get:162 http://127.0.0.1:12990/debian sid/main amd64 libarmadillo-dev amd64 1:9.800.4+dfsg-1 [379 kB]
Get:163 http://127.0.0.1:12990/debian sid/main amd64 libboost1.67-dev amd64 1.67.0-17 [8389 kB]
Get:164 http://127.0.0.1:12990/debian sid/main amd64 libboost-dev amd64 1.67.0.2+b1 [4496 B]
Get:165 http://127.0.0.1:12990/debian sid/main amd64 libcurl3-gnutls amd64 7.68.0-1 [319 kB]
Get:166 http://127.0.0.1:12990/debian sid/main amd64 libcfitsio8 amd64 3.470-3 [542 kB]
Get:167 http://127.0.0.1:12990/debian sid/main amd64 libcfitsio-dev amd64 3.470-3 [587 kB]
Get:168 http://127.0.0.1:12990/debian sid/main amd64 libcharls2 amd64 2.0.0+dfsg-1+b1 [66.6 kB]
Get:169 http://127.0.0.1:12990/debian sid/main amd64 libcharls-dev amd64 2.0.0+dfsg-1+b1 [8292 B]
Get:170 http://127.0.0.1:12990/debian sid/main amd64 libcurl4-gnutls-dev amd64 7.68.0-1 [408 kB]
Get:171 http://127.0.0.1:12990/debian sid/main amd64 libdap25 amd64 3.20.5-1 [548 kB]
Get:172 http://127.0.0.1:12990/debian sid/main amd64 libdapserver7v5 amd64 3.20.5-1 [135 kB]
Get:173 http://127.0.0.1:12990/debian sid/main amd64 libdapclient6v5 amd64 3.20.5-1 [204 kB]
Get:174 http://127.0.0.1:12990/debian sid/main amd64 libicu-dev amd64 63.2-2 [9190 kB]
Get:175 http://127.0.0.1:12990/debian sid/main amd64 libxml2-dev amd64 2.9.10+dfsg-3 [805 kB]
Get:176 http://127.0.0.1:12990/debian sid/main amd64 uuid-dev amd64 2.34-0.1 [93.5 kB]
Get:177 http://127.0.0.1:12990/debian sid/main amd64 pkg-config amd64 0.29-6 [63.5 kB]
Get:178 http://127.0.0.1:12990/debian sid/main amd64 libdap-dev amd64 3.20.5-1 [855 kB]
Get:179 http://127.0.0.1:12990/debian sid/main amd64 libpopt0 amd64 1.16-14 [49.5 kB]
Get:180 http://127.0.0.1:12990/debian sid/main amd64 libepsilon1 amd64 0.9.2+dfsg-4+b1 [42.3 kB]
Get:181 http://127.0.0.1:12990/debian sid/main amd64 libepsilon-dev amd64 0.9.2+dfsg-4+b1 [51.4 kB]
Get:182 http://127.0.0.1:12990/debian sid/main amd64 libexpat1-dev amd64 2.2.9-1 [136 kB]
Get:183 http://127.0.0.1:12990/debian sid/main amd64 libfann2 amd64 2.2.0+ds-6 [66.5 kB]
Get:184 http://127.0.0.1:12990/debian sid/main amd64 libfann-dev amd64 2.2.0+ds-6 [94.1 kB]
Get:185 http://127.0.0.1:12990/debian sid/main amd64 libpng16-16 amd64 1.6.37-2 [292 kB]
Get:186 http://127.0.0.1:12990/debian sid/main amd64 libfreetype6 amd64 2.10.1-2 [392 kB]
Get:187 http://127.0.0.1:12990/debian sid/main amd64 libfontconfig1 amd64 2.13.1-2+b1 [347 kB]
Get:188 http://127.0.0.1:12990/debian sid/main amd64 libfreexl1 amd64 1.0.5-3+b1 [34.3 kB]
Get:189 http://127.0.0.1:12990/debian sid/main amd64 libfreexl-dev amd64 1.0.5-3+b1 [33.1 kB]
Get:190 http://127.0.0.1:12990/debian sid/main amd64 libfyba0 amd64 4.1.1-6 [114 kB]
Get:191 http://127.0.0.1:12990/debian sid/main amd64 libfyba-dev amd64 4.1.1-6 [169 kB]
Get:192 http://127.0.0.1:12990/debian sid/main amd64 libgeos-3.8.0 amd64 3.8.0-1 [822 kB]
Get:193 http://127.0.0.1:12990/debian sid/main amd64 libgeos-c1v5 amd64 3.8.0-1 [350 kB]
Get:194 http://127.0.0.1:12990/debian sid/main amd64 proj-data all 6.3.1-1 [7673 kB]
Get:195 http://127.0.0.1:12990/debian sid/main amd64 libproj15 amd64 6.3.1-1 [954 kB]
Get:196 http://127.0.0.1:12990/debian sid/main amd64 libjbig0 amd64 2.1-3.1+b2 [31.0 kB]
Get:197 http://127.0.0.1:12990/debian sid/main amd64 libwebp6 amd64 0.6.1-2+b1 [261 kB]
Get:198 http://127.0.0.1:12990/debian sid/main amd64 libtiff5 amd64 4.1.0+git191117-2 [271 kB]
Get:199 http://127.0.0.1:12990/debian sid/main amd64 libgeotiff5 amd64 1.5.1-2 [70.2 kB]
Get:200 http://127.0.0.1:12990/debian sid/main amd64 libgif7 amd64 5.1.9-1 [44.7 kB]
Get:201 http://127.0.0.1:12990/debian sid/main amd64 libhdf4-0-alt amd64 4.2.14-1 [278 kB]
Get:202 http://127.0.0.1:12990/debian sid/main amd64 libjson-c4 amd64 0.13.1+dfsg-7 [36.7 kB]
Get:203 http://127.0.0.1:12990/debian sid/main amd64 libminizip1 amd64 1.1-8+b1 [20.4 kB]
Get:204 http://127.0.0.1:12990/debian sid/main amd64 liburiparser1 amd64 0.9.3-2 [47.0 kB]
Get:205 http://127.0.0.1:12990/debian sid/main amd64 libkmlbase1 amd64 1.3.0-8 [49.0 kB]
Get:206 http://127.0.0.1:12990/debian sid/main amd64 libkmldom1 amd64 1.3.0-8 [173 kB]
Get:207 http://127.0.0.1:12990/debian sid/main amd64 libkmlengine1 amd64 1.3.0-8 [79.0 kB]
Get:208 http://127.0.0.1:12990/debian sid/main amd64 libnetcdf15 amd64 1:4.7.3-1 [391 kB]
Get:209 http://127.0.0.1:12990/debian sid/main amd64 libltdl7 amd64 2.4.6-13 [390 kB]
Get:210 http://127.0.0.1:12990/debian sid/main amd64 libodbc1 amd64 2.3.6-0.1+b1 [224 kB]
Get:211 http://127.0.0.1:12990/debian sid/main amd64 libogdi4.1 amd64 4.1.0+ds-1 [214 kB]
Get:212 http://127.0.0.1:12990/debian sid/main amd64 libopenjp2-7 amd64 2.3.1-1 [159 kB]
Get:213 http://127.0.0.1:12990/debian sid/main amd64 liblcms2-2 amd64 2.9-4 [146 kB]
Get:214 http://127.0.0.1:12990/debian sid/main amd64 libnspr4 amd64 2:4.24-1 [113 kB]
Get:215 http://127.0.0.1:12990/debian sid/main amd64 libnss3 amd64 2:3.50-1 [1190 kB]
Get:216 http://127.0.0.1:12990/debian sid/main amd64 libpoppler82 amd64 0.71.0-6 [1515 kB]
Get:217 http://127.0.0.1:12990/debian sid/main amd64 libpq5 amd64 12.2-1 [172 kB]
Get:218 http://127.0.0.1:12990/debian sid/main amd64 libqhull7 amd64 2015.2-4 [196 kB]
Get:219 http://127.0.0.1:12990/debian sid/main amd64 libspatialite7 amd64 4.3.0a-6+b1 [1294 kB]
Get:220 http://127.0.0.1:12990/debian sid/main amd64 libxerces-c3.2 amd64 3.2.2+debian-1+b1 [886 kB]
Get:221 http://127.0.0.1:12990/debian sid/main amd64 odbcinst amd64 2.3.6-0.1+b1 [48.7 kB]
Get:222 http://127.0.0.1:12990/debian sid/main amd64 odbcinst1debian2 amd64 2.3.6-0.1+b1 [78.6 kB]
Get:223 http://127.0.0.1:12990/debian sid/main amd64 libgdal26 amd64 3.0.4+dfsg-1 [6403 kB]
Get:224 http://127.0.0.1:12990/debian sid/main amd64 libgeos-dev amd64 3.8.0-1 [370 kB]
Get:225 http://127.0.0.1:12990/debian sid/main amd64 libsqlite3-dev amd64 3.31.1-3 [810 kB]
Get:226 http://127.0.0.1:12990/debian sid/main amd64 libproj-dev amd64 6.3.1-1 [1138 kB]
Get:227 http://127.0.0.1:12990/debian sid/main amd64 libjbig-dev amd64 2.1-3.1+b2 [30.5 kB]
Get:228 http://127.0.0.1:12990/debian sid/main amd64 liblzma-dev amd64 5.2.4-1+b1 [211 kB]
Get:229 http://127.0.0.1:12990/debian sid/main amd64 libtiffxx5 amd64 4.1.0+git191117-2 [117 kB]
Get:230 http://127.0.0.1:12990/debian sid/main amd64 libtiff-dev amd64 4.1.0+git191117-2 [395 kB]
Get:231 http://127.0.0.1:12990/debian sid/main amd64 libgeotiff-dev amd64 1.5.1-2 [96.6 kB]
Get:232 http://127.0.0.1:12990/debian sid/main amd64 libgif-dev amd64 5.1.9-1 [47.3 kB]
Get:233 http://127.0.0.1:12990/debian sid/main amd64 libnetcdf-dev amd64 1:4.7.3-1 [92.1 kB]
Get:234 http://127.0.0.1:12990/debian sid/main amd64 libhdf4-alt-dev amd64 4.2.14-1 [378 kB]
Get:235 http://127.0.0.1:12990/debian sid/main amd64 libjson-c-dev amd64 0.13.1+dfsg-7 [56.5 kB]
Get:236 http://127.0.0.1:12990/debian sid/main amd64 libkmlconvenience1 amd64 1.3.0-8 [50.2 kB]
Get:237 http://127.0.0.1:12990/debian sid/main amd64 libkmlregionator1 amd64 1.3.0-8 [25.1 kB]
Get:238 http://127.0.0.1:12990/debian sid/main amd64 libkmlxsd1 amd64 1.3.0-8 [34.8 kB]
Get:239 http://127.0.0.1:12990/debian sid/main amd64 libminizip-dev amd64 1.1-8+b1 [27.6 kB]
Get:240 http://127.0.0.1:12990/debian sid/main amd64 liburiparser-dev amd64 0.9.3-2 [22.0 kB]
Get:241 http://127.0.0.1:12990/debian sid/main amd64 libkml-dev amd64 1.3.0-8 [940 kB]
Get:242 http://127.0.0.1:12990/debian sid/main amd64 libltdl-dev amd64 2.4.6-13 [162 kB]
Get:243 http://127.0.0.1:12990/debian sid/main amd64 libogdi-dev amd64 4.1.0+ds-1 [37.1 kB]
Get:244 http://127.0.0.1:12990/debian sid/main amd64 libopenjp2-7-dev amd64 2.3.1-1 [46.7 kB]
Get:245 http://127.0.0.1:12990/debian sid/main amd64 libpcre16-3 amd64 2:8.39-12+b1 [259 kB]
Get:246 http://127.0.0.1:12990/debian sid/main amd64 libpcre32-3 amd64 2:8.39-12+b1 [250 kB]
Get:247 http://127.0.0.1:12990/debian sid/main amd64 libpcrecpp0v5 amd64 2:8.39-12+b1 [152 kB]
Get:248 http://127.0.0.1:12990/debian sid/main amd64 libpcre3-dev amd64 2:8.39-12+b1 [653 kB]
Get:249 http://127.0.0.1:12990/debian sid/main amd64 libpng-dev amd64 1.6.37-2 [295 kB]
Get:250 http://127.0.0.1:12990/debian sid/main amd64 libpoppler-dev amd64 0.71.0-6 [23.9 kB]
Get:251 http://127.0.0.1:12990/debian sid/main amd64 libpoppler-private-dev amd64 0.71.0-6 [188 kB]
Get:252 http://127.0.0.1:12990/debian sid/main amd64 libpq-dev amd64 12.2-1 [137 kB]
Get:253 http://127.0.0.1:12990/debian sid/main amd64 libqhull-r7 amd64 2015.2-4 [193 kB]
Get:254 http://127.0.0.1:12990/debian sid/main amd64 libqhull-dev amd64 2015.2-4 [401 kB]
Get:255 http://127.0.0.1:12990/debian sid/main amd64 libspatialite-dev amd64 4.3.0a-6+b1 [1392 kB]
Get:256 http://127.0.0.1:12990/debian sid/main amd64 libwebpmux3 amd64 0.6.1-2+b1 [97.9 kB]
Get:257 http://127.0.0.1:12990/debian sid/main amd64 libwebpdemux2 amd64 0.6.1-2+b1 [87.7 kB]
Get:258 http://127.0.0.1:12990/debian sid/main amd64 libwebp-dev amd64 0.6.1-2+b1 [344 kB]
Get:259 http://127.0.0.1:12990/debian sid/main amd64 libxerces-c-dev amd64 3.2.2+debian-1+b1 [1695 kB]
Get:260 http://127.0.0.1:12990/debian sid/main amd64 libzstd-dev amd64 1.4.4+dfsg-3 [300 kB]
Get:261 http://127.0.0.1:12990/debian sid/main amd64 unixodbc-dev amd64 2.3.6-0.1+b1 [262 kB]
Get:262 http://127.0.0.1:12990/debian sid/main amd64 libgdal-dev amd64 3.0.4+dfsg-1 [8307 kB]
Get:263 http://127.0.0.1:12990/debian sid/main amd64 libgslcblas0 amd64 2.5+dfsg-6+b1 [102 kB]
Get:264 http://127.0.0.1:12990/debian sid/main amd64 libgsl23 amd64 2.5+dfsg-6+b1 [879 kB]
Get:265 http://127.0.0.1:12990/debian sid/main amd64 libgsl-dev amd64 2.5+dfsg-6+b1 [1063 kB]
Get:266 http://127.0.0.1:12990/debian sid/main amd64 libsvm3 amd64 3.24+ds-3 [43.5 kB]
Get:267 http://127.0.0.1:12990/debian sid/main amd64 libsvm-dev amd64 3.24+ds-3 [63.6 kB]
Get:268 http://127.0.0.1:12990/debian sid/main amd64 pkg-kde-tools all 0.15.31 [96.6 kB]
debconf: delaying package configuration, since apt-utils is not installed
Fetched 136 MB in 1s (94.2 MB/s)
Selecting previously unselected package bsdmainutils.
(Reading database ... 13921 files and directories currently installed.)
Preparing to unpack .../0-bsdmainutils_11.1.2+b1_amd64.deb ...
Unpacking bsdmainutils (11.1.2+b1) ...
Selecting previously unselected package libuchardet0:amd64.
Preparing to unpack .../1-libuchardet0_0.0.6-3_amd64.deb ...
Unpacking libuchardet0:amd64 (0.0.6-3) ...
Selecting previously unselected package groff-base.
Preparing to unpack .../2-groff-base_1.22.4-4_amd64.deb ...
Unpacking groff-base (1.22.4-4) ...
Selecting previously unselected package libpipeline1:amd64.
Preparing to unpack .../3-libpipeline1_1.5.2-2_amd64.deb ...
Unpacking libpipeline1:amd64 (1.5.2-2) ...
Selecting previously unselected package man-db.
Preparing to unpack .../4-man-db_2.9.0-2_amd64.deb ...
Unpacking man-db (2.9.0-2) ...
Selecting previously unselected package libssl1.1:amd64.
Preparing to unpack .../5-libssl1.1_1.1.1d-2_amd64.deb ...
Unpacking libssl1.1:amd64 (1.1.1d-2) ...
Selecting previously unselected package libpython3.7-minimal:amd64.
Preparing to unpack .../6-libpython3.7-minimal_3.7.6-1+b1_amd64.deb ...
Unpacking libpython3.7-minimal:amd64 (3.7.6-1+b1) ...
Selecting previously unselected package libexpat1:amd64.
Preparing to unpack .../7-libexpat1_2.2.9-1_amd64.deb ...
Unpacking libexpat1:amd64 (2.2.9-1) ...
Selecting previously unselected package python3.7-minimal.
Preparing to unpack .../8-python3.7-minimal_3.7.6-1+b1_amd64.deb ...
Unpacking python3.7-minimal (3.7.6-1+b1) ...
Setting up libssl1.1:amd64 (1.1.1d-2) ...
Setting up libpython3.7-minimal:amd64 (3.7.6-1+b1) ...
Setting up libexpat1:amd64 (2.2.9-1) ...
Setting up python3.7-minimal (3.7.6-1+b1) ...
Selecting previously unselected package python3-minimal.
(Reading database ... 14830 files and directories currently installed.)
Preparing to unpack .../0-python3-minimal_3.7.5-3_amd64.deb ...
Unpacking python3-minimal (3.7.5-3) ...
Selecting previously unselected package mime-support.
Preparing to unpack .../1-mime-support_3.64_all.deb ...
Unpacking mime-support (3.64) ...
Selecting previously unselected package libmpdec2:amd64.
Preparing to unpack .../2-libmpdec2_2.4.2-2_amd64.deb ...
Unpacking libmpdec2:amd64 (2.4.2-2) ...
Selecting previously unselected package readline-common.
Preparing to unpack .../3-readline-common_8.0-3_all.deb ...
Unpacking readline-common (8.0-3) ...
Selecting previously unselected package libreadline8:amd64.
Preparing to unpack .../4-libreadline8_8.0-3_amd64.deb ...
Unpacking libreadline8:amd64 (8.0-3) ...
Selecting previously unselected package libsqlite3-0:amd64.
Preparing to unpack .../5-libsqlite3-0_3.31.1-3_amd64.deb ...
Unpacking libsqlite3-0:amd64 (3.31.1-3) ...
Selecting previously unselected package libpython3.7-stdlib:amd64.
Preparing to unpack .../6-libpython3.7-stdlib_3.7.6-1+b1_amd64.deb ...
Unpacking libpython3.7-stdlib:amd64 (3.7.6-1+b1) ...
Selecting previously unselected package python3.7.
Preparing to unpack .../7-python3.7_3.7.6-1+b1_amd64.deb ...
Unpacking python3.7 (3.7.6-1+b1) ...
Selecting previously unselected package libpython3-stdlib:amd64.
Preparing to unpack .../8-libpython3-stdlib_3.7.5-3_amd64.deb ...
Unpacking libpython3-stdlib:amd64 (3.7.5-3) ...
Setting up python3-minimal (3.7.5-3) ...
Selecting previously unselected package python3.
(Reading database ... 15301 files and directories currently installed.)
Preparing to unpack .../000-python3_3.7.5-3_amd64.deb ...
Unpacking python3 (3.7.5-3) ...
Selecting previously unselected package sgml-base.
Preparing to unpack .../001-sgml-base_1.29.1_all.deb ...
Unpacking sgml-base (1.29.1) ...
Selecting previously unselected package sensible-utils.
Preparing to unpack .../002-sensible-utils_0.0.12+nmu1_all.deb ...
Unpacking sensible-utils (0.0.12+nmu1) ...
Selecting previously unselected package ucf.
Preparing to unpack .../003-ucf_3.0038+nmu1_all.deb ...
Moving old data out of the way
Unpacking ucf (3.0038+nmu1) ...
Selecting previously unselected package tex-common.
Preparing to unpack .../004-tex-common_6.13_all.deb ...
Unpacking tex-common (6.13) ...
Selecting previously unselected package netbase.
Preparing to unpack .../005-netbase_6.1_all.deb ...
Unpacking netbase (6.1) ...
Selecting previously unselected package libncurses6:amd64.
Preparing to unpack .../006-libncurses6_6.1+20191019-1_amd64.deb ...
Unpacking libncurses6:amd64 (6.1+20191019-1) ...
Selecting previously unselected package libprocps8:amd64.
Preparing to unpack .../007-libprocps8_2%3a3.3.16-1+b1_amd64.deb ...
Unpacking libprocps8:amd64 (2:3.3.16-1+b1) ...
Selecting previously unselected package procps.
Preparing to unpack .../008-procps_2%3a3.3.16-1+b1_amd64.deb ...
Unpacking procps (2:3.3.16-1+b1) ...
Selecting previously unselected package libmagic-mgc.
Preparing to unpack .../009-libmagic-mgc_1%3a5.38-4_amd64.deb ...
Unpacking libmagic-mgc (1:5.38-4) ...
Selecting previously unselected package libmagic1:amd64.
Preparing to unpack .../010-libmagic1_1%3a5.38-4_amd64.deb ...
Unpacking libmagic1:amd64 (1:5.38-4) ...
Selecting previously unselected package file.
Preparing to unpack .../011-file_1%3a5.38-4_amd64.deb ...
Unpacking file (1:5.38-4) ...
Selecting previously unselected package gettext-base.
Preparing to unpack .../012-gettext-base_0.19.8.1-10_amd64.deb ...
Unpacking gettext-base (0.19.8.1-10) ...
Selecting previously unselected package libsigsegv2:amd64.
Preparing to unpack .../013-libsigsegv2_2.12-2_amd64.deb ...
Unpacking libsigsegv2:amd64 (2.12-2) ...
Selecting previously unselected package m4.
Preparing to unpack .../014-m4_1.4.18-4_amd64.deb ...
Unpacking m4 (1.4.18-4) ...
Selecting previously unselected package autoconf.
Preparing to unpack .../015-autoconf_2.69-11.1_all.deb ...
Unpacking autoconf (2.69-11.1) ...
Selecting previously unselected package autotools-dev.
Preparing to unpack .../016-autotools-dev_20180224.1_all.deb ...
Unpacking autotools-dev (20180224.1) ...
Selecting previously unselected package automake.
Preparing to unpack .../017-automake_1%3a1.16.1-4_all.deb ...
Unpacking automake (1:1.16.1-4) ...
Selecting previously unselected package autopoint.
Preparing to unpack .../018-autopoint_0.19.8.1-10_all.deb ...
Unpacking autopoint (0.19.8.1-10) ...
Selecting previously unselected package openssl.
Preparing to unpack .../019-openssl_1.1.1d-2_amd64.deb ...
Unpacking openssl (1.1.1d-2) ...
Selecting previously unselected package ca-certificates.
Preparing to unpack .../020-ca-certificates_20190110_all.deb ...
Unpacking ca-certificates (20190110) ...
Selecting previously unselected package cmake-data.
Preparing to unpack .../021-cmake-data_3.16.3-1_all.deb ...
Unpacking cmake-data (3.16.3-1) ...
Selecting previously unselected package libicu63:amd64.
Preparing to unpack .../022-libicu63_63.2-2_amd64.deb ...
Unpacking libicu63:amd64 (63.2-2) ...
Selecting previously unselected package libxml2:amd64.
Preparing to unpack .../023-libxml2_2.9.10+dfsg-3_amd64.deb ...
Unpacking libxml2:amd64 (2.9.10+dfsg-3) ...
Selecting previously unselected package libarchive13:amd64.
Preparing to unpack .../024-libarchive13_3.4.0-1+b1_amd64.deb ...
Unpacking libarchive13:amd64 (3.4.0-1+b1) ...
Selecting previously unselected package libbrotli1:amd64.
Preparing to unpack .../025-libbrotli1_1.0.7-6_amd64.deb ...
Unpacking libbrotli1:amd64 (1.0.7-6) ...
Selecting previously unselected package libkeyutils1:amd64.
Preparing to unpack .../026-libkeyutils1_1.6.1-2_amd64.deb ...
Unpacking libkeyutils1:amd64 (1.6.1-2) ...
Selecting previously unselected package libkrb5support0:amd64.
Preparing to unpack .../027-libkrb5support0_1.17-6_amd64.deb ...
Unpacking libkrb5support0:amd64 (1.17-6) ...
Selecting previously unselected package libk5crypto3:amd64.
Preparing to unpack .../028-libk5crypto3_1.17-6_amd64.deb ...
Unpacking libk5crypto3:amd64 (1.17-6) ...
Selecting previously unselected package libkrb5-3:amd64.
Preparing to unpack .../029-libkrb5-3_1.17-6_amd64.deb ...
Unpacking libkrb5-3:amd64 (1.17-6) ...
Selecting previously unselected package libgssapi-krb5-2:amd64.
Preparing to unpack .../030-libgssapi-krb5-2_1.17-6_amd64.deb ...
Unpacking libgssapi-krb5-2:amd64 (1.17-6) ...
Selecting previously unselected package libsasl2-modules-db:amd64.
Preparing to unpack .../031-libsasl2-modules-db_2.1.27+dfsg-2_amd64.deb ...
Unpacking libsasl2-modules-db:amd64 (2.1.27+dfsg-2) ...
Selecting previously unselected package libsasl2-2:amd64.
Preparing to unpack .../032-libsasl2-2_2.1.27+dfsg-2_amd64.deb ...
Unpacking libsasl2-2:amd64 (2.1.27+dfsg-2) ...
Selecting previously unselected package libldap-common.
Preparing to unpack .../033-libldap-common_2.4.49+dfsg-1_all.deb ...
Unpacking libldap-common (2.4.49+dfsg-1) ...
Selecting previously unselected package libldap-2.4-2:amd64.
Preparing to unpack .../034-libldap-2.4-2_2.4.49+dfsg-1_amd64.deb ...
Unpacking libldap-2.4-2:amd64 (2.4.49+dfsg-1) ...
Selecting previously unselected package libnghttp2-14:amd64.
Preparing to unpack .../035-libnghttp2-14_1.40.0-1_amd64.deb ...
Unpacking libnghttp2-14:amd64 (1.40.0-1) ...
Selecting previously unselected package libpsl5:amd64.
Preparing to unpack .../036-libpsl5_0.20.2-2_amd64.deb ...
Unpacking libpsl5:amd64 (0.20.2-2) ...
Selecting previously unselected package librtmp1:amd64.
Preparing to unpack .../037-librtmp1_2.4+20151223.gitfa8646d.1-2+b1_amd64.deb ...
Unpacking librtmp1:amd64 (2.4+20151223.gitfa8646d.1-2+b1) ...
Selecting previously unselected package libssh2-1:amd64.
Preparing to unpack .../038-libssh2-1_1.8.0-2.1_amd64.deb ...
Unpacking libssh2-1:amd64 (1.8.0-2.1) ...
Selecting previously unselected package libcurl4:amd64.
Preparing to unpack .../039-libcurl4_7.68.0-1_amd64.deb ...
Unpacking libcurl4:amd64 (7.68.0-1) ...
Selecting previously unselected package libjsoncpp1:amd64.
Preparing to unpack .../040-libjsoncpp1_1.7.4-3.1_amd64.deb ...
Unpacking libjsoncpp1:amd64 (1.7.4-3.1) ...
Selecting previously unselected package librhash0:amd64.
Preparing to unpack .../041-librhash0_1.3.9-1_amd64.deb ...
Unpacking librhash0:amd64 (1.3.9-1) ...
Selecting previously unselected package libuv1:amd64.
Preparing to unpack .../042-libuv1_1.34.2-1_amd64.deb ...
Unpacking libuv1:amd64 (1.34.2-1) ...
Selecting previously unselected package cmake.
Preparing to unpack .../043-cmake_3.16.3-1_amd64.deb ...
Unpacking cmake (3.16.3-1) ...
Selecting previously unselected package libtool.
Preparing to unpack .../044-libtool_2.4.6-13_all.deb ...
Unpacking libtool (2.4.6-13) ...
Selecting previously unselected package dh-autoreconf.
Preparing to unpack .../045-dh-autoreconf_19_all.deb ...
Unpacking dh-autoreconf (19) ...
Selecting previously unselected package libdebhelper-perl.
Preparing to unpack .../046-libdebhelper-perl_12.9_all.deb ...
Unpacking libdebhelper-perl (12.9) ...
Selecting previously unselected package libarchive-zip-perl.
Preparing to unpack .../047-libarchive-zip-perl_1.67-1_all.deb ...
Unpacking libarchive-zip-perl (1.67-1) ...
Selecting previously unselected package libsub-override-perl.
Preparing to unpack .../048-libsub-override-perl_0.09-2_all.deb ...
Unpacking libsub-override-perl (0.09-2) ...
Selecting previously unselected package libfile-stripnondeterminism-perl.
Preparing to unpack .../049-libfile-stripnondeterminism-perl_1.6.3-2_all.deb ...
Unpacking libfile-stripnondeterminism-perl (1.6.3-2) ...
Selecting previously unselected package dh-strip-nondeterminism.
Preparing to unpack .../050-dh-strip-nondeterminism_1.6.3-2_all.deb ...
Unpacking dh-strip-nondeterminism (1.6.3-2) ...
Selecting previously unselected package libelf1:amd64.
Preparing to unpack .../051-libelf1_0.176-1.1_amd64.deb ...
Unpacking libelf1:amd64 (0.176-1.1) ...
Selecting previously unselected package dwz.
Preparing to unpack .../052-dwz_0.13-5_amd64.deb ...
Unpacking dwz (0.13-5) ...
Selecting previously unselected package libglib2.0-0:amd64.
Preparing to unpack .../053-libglib2.0-0_2.62.4-2_amd64.deb ...
Unpacking libglib2.0-0:amd64 (2.62.4-2) ...
Selecting previously unselected package libcroco3:amd64.
Preparing to unpack .../054-libcroco3_0.6.13-1_amd64.deb ...
Unpacking libcroco3:amd64 (0.6.13-1) ...
Selecting previously unselected package gettext.
Preparing to unpack .../055-gettext_0.19.8.1-10_amd64.deb ...
Unpacking gettext (0.19.8.1-10) ...
Selecting previously unselected package intltool-debian.
Preparing to unpack .../056-intltool-debian_0.35.0+20060710.5_all.deb ...
Unpacking intltool-debian (0.35.0+20060710.5) ...
Selecting previously unselected package po-debconf.
Preparing to unpack .../057-po-debconf_1.0.21_all.deb ...
Unpacking po-debconf (1.0.21) ...
Selecting previously unselected package debhelper.
Preparing to unpack .../058-debhelper_12.9_all.deb ...
Unpacking debhelper (12.9) ...
Selecting previously unselected package mysql-common.
Preparing to unpack .../059-mysql-common_5.8+1.0.5_all.deb ...
Unpacking mysql-common (5.8+1.0.5) ...
Selecting previously unselected package mariadb-common.
Preparing to unpack .../060-mariadb-common_1%3a10.3.22-1_all.deb ...
Unpacking mariadb-common (1:10.3.22-1) ...
Selecting previously unselected package libmariadb3:amd64.
Preparing to unpack .../061-libmariadb3_1%3a10.3.22-1_amd64.deb ...
Unpacking libmariadb3:amd64 (1:10.3.22-1) ...
Selecting previously unselected package libevent-2.1-7:amd64.
Preparing to unpack .../062-libevent-2.1-7_2.1.11-stable-1_amd64.deb ...
Unpacking libevent-2.1-7:amd64 (2.1.11-stable-1) ...
Selecting previously unselected package libunbound8:amd64.
Preparing to unpack .../063-libunbound8_1.9.6-2_amd64.deb ...
Unpacking libunbound8:amd64 (1.9.6-2) ...
Selecting previously unselected package libgnutls-dane0:amd64.
Preparing to unpack .../064-libgnutls-dane0_3.6.12-2_amd64.deb ...
Unpacking libgnutls-dane0:amd64 (3.6.12-2) ...
Selecting previously unselected package libgnutls-openssl27:amd64.
Preparing to unpack .../065-libgnutls-openssl27_3.6.12-2_amd64.deb ...
Unpacking libgnutls-openssl27:amd64 (3.6.12-2) ...
Selecting previously unselected package libgnutlsxx28:amd64.
Preparing to unpack .../066-libgnutlsxx28_3.6.12-2_amd64.deb ...
Unpacking libgnutlsxx28:amd64 (3.6.12-2) ...
Selecting previously unselected package libidn2-dev:amd64.
Preparing to unpack .../067-libidn2-dev_2.2.0-2_amd64.deb ...
Unpacking libidn2-dev:amd64 (2.2.0-2) ...
Selecting previously unselected package libp11-kit-dev:amd64.
Preparing to unpack .../068-libp11-kit-dev_0.23.20-1_amd64.deb ...
Unpacking libp11-kit-dev:amd64 (0.23.20-1) ...
Selecting previously unselected package libtasn1-6-dev:amd64.
Preparing to unpack .../069-libtasn1-6-dev_4.16.0-2_amd64.deb ...
Unpacking libtasn1-6-dev:amd64 (4.16.0-2) ...
Selecting previously unselected package libgmpxx4ldbl:amd64.
Preparing to unpack .../070-libgmpxx4ldbl_2%3a6.2.0+dfsg-4_amd64.deb ...
Unpacking libgmpxx4ldbl:amd64 (2:6.2.0+dfsg-4) ...
Selecting previously unselected package libgmp-dev:amd64.
Preparing to unpack .../071-libgmp-dev_2%3a6.2.0+dfsg-4_amd64.deb ...
Unpacking libgmp-dev:amd64 (2:6.2.0+dfsg-4) ...
Selecting previously unselected package nettle-dev:amd64.
Preparing to unpack .../072-nettle-dev_3.5.1+really3.5.1-2_amd64.deb ...
Unpacking nettle-dev:amd64 (3.5.1+really3.5.1-2) ...
Selecting previously unselected package libgnutls28-dev:amd64.
Preparing to unpack .../073-libgnutls28-dev_3.6.12-2_amd64.deb ...
Unpacking libgnutls28-dev:amd64 (3.6.12-2) ...
Selecting previously unselected package zlib1g-dev:amd64.
Preparing to unpack .../074-zlib1g-dev_1%3a1.2.11.dfsg-2_amd64.deb ...
Unpacking zlib1g-dev:amd64 (1:1.2.11.dfsg-2) ...
Selecting previously unselected package libmariadb-dev.
Preparing to unpack .../075-libmariadb-dev_1%3a10.3.22-1_amd64.deb ...
Unpacking libmariadb-dev (1:10.3.22-1) ...
Selecting previously unselected package libmariadb-dev-compat:amd64.
Preparing to unpack .../076-libmariadb-dev-compat_1%3a10.3.22-1_amd64.deb ...
Unpacking libmariadb-dev-compat:amd64 (1:10.3.22-1) ...
Selecting previously unselected package default-libmysqlclient-dev:amd64.
Preparing to unpack .../077-default-libmysqlclient-dev_1.0.5_amd64.deb ...
Unpacking default-libmysqlclient-dev:amd64 (1.0.5) ...
Selecting previously unselected package xml-core.
Preparing to unpack .../078-xml-core_0.18+nmu1_all.deb ...
Unpacking xml-core (0.18+nmu1) ...
Selecting previously unselected package sgml-data.
Preparing to unpack .../079-sgml-data_2.0.11_all.deb ...
Unpacking sgml-data (2.0.11) ...
Selecting previously unselected package docbook-xml.
Preparing to unpack .../080-docbook-xml_4.5-9_all.deb ...
Unpacking docbook-xml (4.5-9) ...
Selecting previously unselected package docbook-xsl.
Preparing to unpack .../081-docbook-xsl_1.79.1+dfsg-2_all.deb ...
Unpacking docbook-xsl (1.79.1+dfsg-2) ...
Selecting previously unselected package libtext-charwidth-perl.
Preparing to unpack .../082-libtext-charwidth-perl_0.04-10_amd64.deb ...
Unpacking libtext-charwidth-perl (0.04-10) ...
Selecting previously unselected package libtext-wrapi18n-perl.
Preparing to unpack .../083-libtext-wrapi18n-perl_0.06-9_all.deb ...
Unpacking libtext-wrapi18n-perl (0.06-9) ...
Selecting previously unselected package libxml-namespacesupport-perl.
Preparing to unpack .../084-libxml-namespacesupport-perl_1.12-1_all.deb ...
Unpacking libxml-namespacesupport-perl (1.12-1) ...
Selecting previously unselected package liburi-perl.
Preparing to unpack .../085-liburi-perl_1.76-2_all.deb ...
Unpacking liburi-perl (1.76-2) ...
Selecting previously unselected package libencode-locale-perl.
Preparing to unpack .../086-libencode-locale-perl_1.05-1_all.deb ...
Unpacking libencode-locale-perl (1.05-1) ...
Selecting previously unselected package libtimedate-perl.
Preparing to unpack .../087-libtimedate-perl_2.3100-1_all.deb ...
Unpacking libtimedate-perl (2.3100-1) ...
Selecting previously unselected package libhttp-date-perl.
Preparing to unpack .../088-libhttp-date-perl_6.05-1_all.deb ...
Unpacking libhttp-date-perl (6.05-1) ...
Selecting previously unselected package libfile-listing-perl.
Preparing to unpack .../089-libfile-listing-perl_6.04-1_all.deb ...
Unpacking libfile-listing-perl (6.04-1) ...
Selecting previously unselected package libhtml-tagset-perl.
Preparing to unpack .../090-libhtml-tagset-perl_3.20-4_all.deb ...
Unpacking libhtml-tagset-perl (3.20-4) ...
Selecting previously unselected package libhtml-parser-perl.
Preparing to unpack .../091-libhtml-parser-perl_3.72-5_amd64.deb ...
Unpacking libhtml-parser-perl (3.72-5) ...
Selecting previously unselected package libhtml-tree-perl.
Preparing to unpack .../092-libhtml-tree-perl_5.07-2_all.deb ...
Unpacking libhtml-tree-perl (5.07-2) ...
Selecting previously unselected package libio-html-perl.
Preparing to unpack .../093-libio-html-perl_1.001-1_all.deb ...
Unpacking libio-html-perl (1.001-1) ...
Selecting previously unselected package liblwp-mediatypes-perl.
Preparing to unpack .../094-liblwp-mediatypes-perl_6.04-1_all.deb ...
Unpacking liblwp-mediatypes-perl (6.04-1) ...
Selecting previously unselected package libhttp-message-perl.
Preparing to unpack .../095-libhttp-message-perl_6.18-1_all.deb ...
Unpacking libhttp-message-perl (6.18-1) ...
Selecting previously unselected package libhttp-cookies-perl.
Preparing to unpack .../096-libhttp-cookies-perl_6.08-1_all.deb ...
Unpacking libhttp-cookies-perl (6.08-1) ...
Selecting previously unselected package libhttp-negotiate-perl.
Preparing to unpack .../097-libhttp-negotiate-perl_6.01-1_all.deb ...
Unpacking libhttp-negotiate-perl (6.01-1) ...
Selecting previously unselected package perl-openssl-defaults:amd64.
Preparing to unpack .../098-perl-openssl-defaults_4_amd64.deb ...
Unpacking perl-openssl-defaults:amd64 (4) ...
Selecting previously unselected package libnet-ssleay-perl.
Preparing to unpack .../099-libnet-ssleay-perl_1.88-2_amd64.deb ...
Unpacking libnet-ssleay-perl (1.88-2) ...
Selecting previously unselected package libio-socket-ssl-perl.
Preparing to unpack .../100-libio-socket-ssl-perl_2.067-1_all.deb ...
Unpacking libio-socket-ssl-perl (2.067-1) ...
Selecting previously unselected package libnet-http-perl.
Preparing to unpack .../101-libnet-http-perl_6.19-1_all.deb ...
Unpacking libnet-http-perl (6.19-1) ...
Selecting previously unselected package liblwp-protocol-https-perl.
Preparing to unpack .../102-liblwp-protocol-https-perl_6.07-2_all.deb ...
Unpacking liblwp-protocol-https-perl (6.07-2) ...
Selecting previously unselected package libtry-tiny-perl.
Preparing to unpack .../103-libtry-tiny-perl_0.30-1_all.deb ...
Unpacking libtry-tiny-perl (0.30-1) ...
Selecting previously unselected package libwww-robotrules-perl.
Preparing to unpack .../104-libwww-robotrules-perl_6.02-1_all.deb ...
Unpacking libwww-robotrules-perl (6.02-1) ...
Selecting previously unselected package libwww-perl.
Preparing to unpack .../105-libwww-perl_6.43-1_all.deb ...
Unpacking libwww-perl (6.43-1) ...
Selecting previously unselected package libxml-parser-perl.
Preparing to unpack .../106-libxml-parser-perl_2.46-1+b1_amd64.deb ...
Unpacking libxml-parser-perl (2.46-1+b1) ...
Selecting previously unselected package libxml-sax-base-perl.
Preparing to unpack .../107-libxml-sax-base-perl_1.09-1_all.deb ...
Unpacking libxml-sax-base-perl (1.09-1) ...
Selecting previously unselected package libxml-sax-perl.
Preparing to unpack .../108-libxml-sax-perl_1.02+dfsg-1_all.deb ...
Unpacking libxml-sax-perl (1.02+dfsg-1) ...
Selecting previously unselected package libxml-sax-expat-perl.
Preparing to unpack .../109-libxml-sax-expat-perl_0.51-1_all.deb ...
Unpacking libxml-sax-expat-perl (0.51-1) ...
Selecting previously unselected package libosp5.
Preparing to unpack .../110-libosp5_1.5.2-13+b1_amd64.deb ...
Unpacking libosp5 (1.5.2-13+b1) ...
Selecting previously unselected package opensp.
Preparing to unpack .../111-opensp_1.5.2-13+b1_amd64.deb ...
Unpacking opensp (1.5.2-13+b1) ...
Selecting previously unselected package libtext-unidecode-perl.
Preparing to unpack .../112-libtext-unidecode-perl_1.30-1_all.deb ...
Unpacking libtext-unidecode-perl (1.30-1) ...
Selecting previously unselected package libxml-libxml-perl.
Preparing to unpack .../113-libxml-libxml-perl_2.0134+dfsg-1+b1_amd64.deb ...
Unpacking libxml-libxml-perl (2.0134+dfsg-1+b1) ...
Selecting previously unselected package texinfo.
Preparing to unpack .../114-texinfo_6.7.0.dfsg.2-5_amd64.deb ...
Unpacking texinfo (6.7.0.dfsg.2-5) ...
Selecting previously unselected package libxslt1.1:amd64.
Preparing to unpack .../115-libxslt1.1_1.1.34-3_amd64.deb ...
Unpacking libxslt1.1:amd64 (1.1.34-3) ...
Selecting previously unselected package xsltproc.
Preparing to unpack .../116-xsltproc_1.1.34-3_amd64.deb ...
Unpacking xsltproc (1.1.34-3) ...
Selecting previously unselected package docbook2x.
Preparing to unpack .../117-docbook2x_0.8.8-17+b1_amd64.deb ...
Unpacking docbook2x (0.8.8-17+b1) ...
Selecting previously unselected package fonts-dejavu-core.
Preparing to unpack .../118-fonts-dejavu-core_2.37-1_all.deb ...
Unpacking fonts-dejavu-core (2.37-1) ...
Selecting previously unselected package fontconfig-config.
Preparing to unpack .../119-fontconfig-config_2.13.1-2_all.deb ...
Unpacking fontconfig-config (2.13.1-2) ...
Selecting previously unselected package gdal-data.
Preparing to unpack .../120-gdal-data_3.0.4+dfsg-1_all.deb ...
Unpacking gdal-data (3.0.4+dfsg-1) ...
Selecting previously unselected package hdf5-helpers.
Preparing to unpack .../121-hdf5-helpers_1.10.4+repack-11_amd64.deb ...
Unpacking hdf5-helpers (1.10.4+repack-11) ...
Selecting previously unselected package icu-devtools.
Preparing to unpack .../122-icu-devtools_63.2-2_amd64.deb ...
Unpacking icu-devtools (63.2-2) ...
Selecting previously unselected package libaec0:amd64.
Preparing to unpack .../123-libaec0_1.0.4-1_amd64.deb ...
Unpacking libaec0:amd64 (1.0.4-1) ...
Selecting previously unselected package libsz2:amd64.
Preparing to unpack .../124-libsz2_1.0.4-1_amd64.deb ...
Unpacking libsz2:amd64 (1.0.4-1) ...
Selecting previously unselected package libaec-dev:amd64.
Preparing to unpack .../125-libaec-dev_1.0.4-1_amd64.deb ...
Unpacking libaec-dev:amd64 (1.0.4-1) ...
Selecting previously unselected package libblas3:amd64.
Preparing to unpack .../126-libblas3_3.9.0-1_amd64.deb ...
Unpacking libblas3:amd64 (3.9.0-1) ...
Selecting previously unselected package libgfortran5:amd64.
Preparing to unpack .../127-libgfortran5_10-20200222-1_amd64.deb ...
Unpacking libgfortran5:amd64 (10-20200222-1) ...
Selecting previously unselected package liblapack3:amd64.
Preparing to unpack .../128-liblapack3_3.9.0-1_amd64.deb ...
Unpacking liblapack3:amd64 (3.9.0-1) ...
Selecting previously unselected package libarpack2:amd64.
Preparing to unpack .../129-libarpack2_3.7.0-3_amd64.deb ...
Unpacking libarpack2:amd64 (3.7.0-3) ...
Selecting previously unselected package libsuperlu5:amd64.
Preparing to unpack .../130-libsuperlu5_5.2.1+dfsg1-4_amd64.deb ...
Unpacking libsuperlu5:amd64 (5.2.1+dfsg1-4) ...
Selecting previously unselected package libarmadillo9.
Preparing to unpack .../131-libarmadillo9_1%3a9.800.4+dfsg-1_amd64.deb ...
Unpacking libarmadillo9 (1:9.800.4+dfsg-1) ...
Selecting previously unselected package libblas-dev:amd64.
Preparing to unpack .../132-libblas-dev_3.9.0-1_amd64.deb ...
Unpacking libblas-dev:amd64 (3.9.0-1) ...
Selecting previously unselected package liblapack-dev:amd64.
Preparing to unpack .../133-liblapack-dev_3.9.0-1_amd64.deb ...
Unpacking liblapack-dev:amd64 (3.9.0-1) ...
Selecting previously unselected package libarpack2-dev:amd64.
Preparing to unpack .../134-libarpack2-dev_3.7.0-3_amd64.deb ...
Unpacking libarpack2-dev:amd64 (3.7.0-3) ...
Selecting previously unselected package libhdf5-103:amd64.
Preparing to unpack .../135-libhdf5-103_1.10.4+repack-11_amd64.deb ...
Unpacking libhdf5-103:amd64 (1.10.4+repack-11) ...
Selecting previously unselected package libjpeg62-turbo:amd64.
Preparing to unpack .../136-libjpeg62-turbo_1%3a1.5.2-2+b1_amd64.deb ...
Unpacking libjpeg62-turbo:amd64 (1:1.5.2-2+b1) ...
Selecting previously unselected package libjpeg62-turbo-dev:amd64.
Preparing to unpack .../137-libjpeg62-turbo-dev_1%3a1.5.2-2+b1_amd64.deb ...
Unpacking libjpeg62-turbo-dev:amd64 (1:1.5.2-2+b1) ...
Selecting previously unselected package libjpeg-dev.
Preparing to unpack .../138-libjpeg-dev_1%3a1.5.2-2_all.deb ...
Unpacking libjpeg-dev (1:1.5.2-2) ...
Selecting previously unselected package libhdf5-cpp-103:amd64.
Preparing to unpack .../139-libhdf5-cpp-103_1.10.4+repack-11_amd64.deb ...
Unpacking libhdf5-cpp-103:amd64 (1.10.4+repack-11) ...
Selecting previously unselected package libhdf5-dev.
Preparing to unpack .../140-libhdf5-dev_1.10.4+repack-11_amd64.deb ...
Unpacking libhdf5-dev (1.10.4+repack-11) ...
Selecting previously unselected package libsuperlu-dev:amd64.
Preparing to unpack .../141-libsuperlu-dev_5.2.1+dfsg1-4_amd64.deb ...
Unpacking libsuperlu-dev:amd64 (5.2.1+dfsg1-4) ...
Selecting previously unselected package libarmadillo-dev.
Preparing to unpack .../142-libarmadillo-dev_1%3a9.800.4+dfsg-1_amd64.deb ...
Unpacking libarmadillo-dev (1:9.800.4+dfsg-1) ...
Selecting previously unselected package libboost1.67-dev:amd64.
Preparing to unpack .../143-libboost1.67-dev_1.67.0-17_amd64.deb ...
Unpacking libboost1.67-dev:amd64 (1.67.0-17) ...
Selecting previously unselected package libboost-dev:amd64.
Preparing to unpack .../144-libboost-dev_1.67.0.2+b1_amd64.deb ...
Unpacking libboost-dev:amd64 (1.67.0.2+b1) ...
Selecting previously unselected package libcurl3-gnutls:amd64.
Preparing to unpack .../145-libcurl3-gnutls_7.68.0-1_amd64.deb ...
Unpacking libcurl3-gnutls:amd64 (7.68.0-1) ...
Selecting previously unselected package libcfitsio8:amd64.
Preparing to unpack .../146-libcfitsio8_3.470-3_amd64.deb ...
Unpacking libcfitsio8:amd64 (3.470-3) ...
Selecting previously unselected package libcfitsio-dev:amd64.
Preparing to unpack .../147-libcfitsio-dev_3.470-3_amd64.deb ...
Unpacking libcfitsio-dev:amd64 (3.470-3) ...
Selecting previously unselected package libcharls2:amd64.
Preparing to unpack .../148-libcharls2_2.0.0+dfsg-1+b1_amd64.deb ...
Unpacking libcharls2:amd64 (2.0.0+dfsg-1+b1) ...
Selecting previously unselected package libcharls-dev:amd64.
Preparing to unpack .../149-libcharls-dev_2.0.0+dfsg-1+b1_amd64.deb ...
Unpacking libcharls-dev:amd64 (2.0.0+dfsg-1+b1) ...
Selecting previously unselected package libcurl4-gnutls-dev:amd64.
Preparing to unpack .../150-libcurl4-gnutls-dev_7.68.0-1_amd64.deb ...
Unpacking libcurl4-gnutls-dev:amd64 (7.68.0-1) ...
Selecting previously unselected package libdap25:amd64.
Preparing to unpack .../151-libdap25_3.20.5-1_amd64.deb ...
Unpacking libdap25:amd64 (3.20.5-1) ...
Selecting previously unselected package libdapserver7v5:amd64.
Preparing to unpack .../152-libdapserver7v5_3.20.5-1_amd64.deb ...
Unpacking libdapserver7v5:amd64 (3.20.5-1) ...
Selecting previously unselected package libdapclient6v5:amd64.
Preparing to unpack .../153-libdapclient6v5_3.20.5-1_amd64.deb ...
Unpacking libdapclient6v5:amd64 (3.20.5-1) ...
Selecting previously unselected package libicu-dev:amd64.
Preparing to unpack .../154-libicu-dev_63.2-2_amd64.deb ...
Unpacking libicu-dev:amd64 (63.2-2) ...
Selecting previously unselected package libxml2-dev:amd64.
Preparing to unpack .../155-libxml2-dev_2.9.10+dfsg-3_amd64.deb ...
Unpacking libxml2-dev:amd64 (2.9.10+dfsg-3) ...
Selecting previously unselected package uuid-dev:amd64.
Preparing to unpack .../156-uuid-dev_2.34-0.1_amd64.deb ...
Unpacking uuid-dev:amd64 (2.34-0.1) ...
Selecting previously unselected package pkg-config.
Preparing to unpack .../157-pkg-config_0.29-6_amd64.deb ...
Unpacking pkg-config (0.29-6) ...
Selecting previously unselected package libdap-dev:amd64.
Preparing to unpack .../158-libdap-dev_3.20.5-1_amd64.deb ...
Unpacking libdap-dev:amd64 (3.20.5-1) ...
Selecting previously unselected package libpopt0:amd64.
Preparing to unpack .../159-libpopt0_1.16-14_amd64.deb ...
Unpacking libpopt0:amd64 (1.16-14) ...
Selecting previously unselected package libepsilon1:amd64.
Preparing to unpack .../160-libepsilon1_0.9.2+dfsg-4+b1_amd64.deb ...
Unpacking libepsilon1:amd64 (0.9.2+dfsg-4+b1) ...
Selecting previously unselected package libepsilon-dev:amd64.
Preparing to unpack .../161-libepsilon-dev_0.9.2+dfsg-4+b1_amd64.deb ...
Unpacking libepsilon-dev:amd64 (0.9.2+dfsg-4+b1) ...
Selecting previously unselected package libexpat1-dev:amd64.
Preparing to unpack .../162-libexpat1-dev_2.2.9-1_amd64.deb ...
Unpacking libexpat1-dev:amd64 (2.2.9-1) ...
Selecting previously unselected package libfann2:amd64.
Preparing to unpack .../163-libfann2_2.2.0+ds-6_amd64.deb ...
Unpacking libfann2:amd64 (2.2.0+ds-6) ...
Selecting previously unselected package libfann-dev:amd64.
Preparing to unpack .../164-libfann-dev_2.2.0+ds-6_amd64.deb ...
Unpacking libfann-dev:amd64 (2.2.0+ds-6) ...
Selecting previously unselected package libpng16-16:amd64.
Preparing to unpack .../165-libpng16-16_1.6.37-2_amd64.deb ...
Unpacking libpng16-16:amd64 (1.6.37-2) ...
Selecting previously unselected package libfreetype6:amd64.
Preparing to unpack .../166-libfreetype6_2.10.1-2_amd64.deb ...
Unpacking libfreetype6:amd64 (2.10.1-2) ...
Selecting previously unselected package libfontconfig1:amd64.
Preparing to unpack .../167-libfontconfig1_2.13.1-2+b1_amd64.deb ...
Unpacking libfontconfig1:amd64 (2.13.1-2+b1) ...
Selecting previously unselected package libfreexl1:amd64.
Preparing to unpack .../168-libfreexl1_1.0.5-3+b1_amd64.deb ...
Unpacking libfreexl1:amd64 (1.0.5-3+b1) ...
Selecting previously unselected package libfreexl-dev:amd64.
Preparing to unpack .../169-libfreexl-dev_1.0.5-3+b1_amd64.deb ...
Unpacking libfreexl-dev:amd64 (1.0.5-3+b1) ...
Selecting previously unselected package libfyba0:amd64.
Preparing to unpack .../170-libfyba0_4.1.1-6_amd64.deb ...
Unpacking libfyba0:amd64 (4.1.1-6) ...
Selecting previously unselected package libfyba-dev:amd64.
Preparing to unpack .../171-libfyba-dev_4.1.1-6_amd64.deb ...
Unpacking libfyba-dev:amd64 (4.1.1-6) ...
Selecting previously unselected package libgeos-3.8.0:amd64.
Preparing to unpack .../172-libgeos-3.8.0_3.8.0-1_amd64.deb ...
Unpacking libgeos-3.8.0:amd64 (3.8.0-1) ...
Selecting previously unselected package libgeos-c1v5:amd64.
Preparing to unpack .../173-libgeos-c1v5_3.8.0-1_amd64.deb ...
Unpacking libgeos-c1v5:amd64 (3.8.0-1) ...
Selecting previously unselected package proj-data.
Preparing to unpack .../174-proj-data_6.3.1-1_all.deb ...
Unpacking proj-data (6.3.1-1) ...
Selecting previously unselected package libproj15:amd64.
Preparing to unpack .../175-libproj15_6.3.1-1_amd64.deb ...
Unpacking libproj15:amd64 (6.3.1-1) ...
Selecting previously unselected package libjbig0:amd64.
Preparing to unpack .../176-libjbig0_2.1-3.1+b2_amd64.deb ...
Unpacking libjbig0:amd64 (2.1-3.1+b2) ...
Selecting previously unselected package libwebp6:amd64.
Preparing to unpack .../177-libwebp6_0.6.1-2+b1_amd64.deb ...
Unpacking libwebp6:amd64 (0.6.1-2+b1) ...
Selecting previously unselected package libtiff5:amd64.
Preparing to unpack .../178-libtiff5_4.1.0+git191117-2_amd64.deb ...
Unpacking libtiff5:amd64 (4.1.0+git191117-2) ...
Selecting previously unselected package libgeotiff5:amd64.
Preparing to unpack .../179-libgeotiff5_1.5.1-2_amd64.deb ...
Unpacking libgeotiff5:amd64 (1.5.1-2) ...
Selecting previously unselected package libgif7:amd64.
Preparing to unpack .../180-libgif7_5.1.9-1_amd64.deb ...
Unpacking libgif7:amd64 (5.1.9-1) ...
Selecting previously unselected package libhdf4-0-alt.
Preparing to unpack .../181-libhdf4-0-alt_4.2.14-1_amd64.deb ...
Unpacking libhdf4-0-alt (4.2.14-1) ...
Selecting previously unselected package libjson-c4:amd64.
Preparing to unpack .../182-libjson-c4_0.13.1+dfsg-7_amd64.deb ...
Unpacking libjson-c4:amd64 (0.13.1+dfsg-7) ...
Selecting previously unselected package libminizip1:amd64.
Preparing to unpack .../183-libminizip1_1.1-8+b1_amd64.deb ...
Unpacking libminizip1:amd64 (1.1-8+b1) ...
Selecting previously unselected package liburiparser1:amd64.
Preparing to unpack .../184-liburiparser1_0.9.3-2_amd64.deb ...
Unpacking liburiparser1:amd64 (0.9.3-2) ...
Selecting previously unselected package libkmlbase1:amd64.
Preparing to unpack .../185-libkmlbase1_1.3.0-8_amd64.deb ...
Unpacking libkmlbase1:amd64 (1.3.0-8) ...
Selecting previously unselected package libkmldom1:amd64.
Preparing to unpack .../186-libkmldom1_1.3.0-8_amd64.deb ...
Unpacking libkmldom1:amd64 (1.3.0-8) ...
Selecting previously unselected package libkmlengine1:amd64.
Preparing to unpack .../187-libkmlengine1_1.3.0-8_amd64.deb ...
Unpacking libkmlengine1:amd64 (1.3.0-8) ...
Selecting previously unselected package libnetcdf15:amd64.
Preparing to unpack .../188-libnetcdf15_1%3a4.7.3-1_amd64.deb ...
Unpacking libnetcdf15:amd64 (1:4.7.3-1) ...
Selecting previously unselected package libltdl7:amd64.
Preparing to unpack .../189-libltdl7_2.4.6-13_amd64.deb ...
Unpacking libltdl7:amd64 (2.4.6-13) ...
Selecting previously unselected package libodbc1:amd64.
Preparing to unpack .../190-libodbc1_2.3.6-0.1+b1_amd64.deb ...
Unpacking libodbc1:amd64 (2.3.6-0.1+b1) ...
Selecting previously unselected package libogdi4.1.
Preparing to unpack .../191-libogdi4.1_4.1.0+ds-1_amd64.deb ...
Unpacking libogdi4.1 (4.1.0+ds-1) ...
Selecting previously unselected package libopenjp2-7:amd64.
Preparing to unpack .../192-libopenjp2-7_2.3.1-1_amd64.deb ...
Unpacking libopenjp2-7:amd64 (2.3.1-1) ...
Selecting previously unselected package liblcms2-2:amd64.
Preparing to unpack .../193-liblcms2-2_2.9-4_amd64.deb ...
Unpacking liblcms2-2:amd64 (2.9-4) ...
Selecting previously unselected package libnspr4:amd64.
Preparing to unpack .../194-libnspr4_2%3a4.24-1_amd64.deb ...
Unpacking libnspr4:amd64 (2:4.24-1) ...
Selecting previously unselected package libnss3:amd64.
Preparing to unpack .../195-libnss3_2%3a3.50-1_amd64.deb ...
Unpacking libnss3:amd64 (2:3.50-1) ...
Selecting previously unselected package libpoppler82:amd64.
Preparing to unpack .../196-libpoppler82_0.71.0-6_amd64.deb ...
Unpacking libpoppler82:amd64 (0.71.0-6) ...
Selecting previously unselected package libpq5:amd64.
Preparing to unpack .../197-libpq5_12.2-1_amd64.deb ...
Unpacking libpq5:amd64 (12.2-1) ...
Selecting previously unselected package libqhull7:amd64.
Preparing to unpack .../198-libqhull7_2015.2-4_amd64.deb ...
Unpacking libqhull7:amd64 (2015.2-4) ...
Selecting previously unselected package libspatialite7:amd64.
Preparing to unpack .../199-libspatialite7_4.3.0a-6+b1_amd64.deb ...
Unpacking libspatialite7:amd64 (4.3.0a-6+b1) ...
Selecting previously unselected package libxerces-c3.2:amd64.
Preparing to unpack .../200-libxerces-c3.2_3.2.2+debian-1+b1_amd64.deb ...
Unpacking libxerces-c3.2:amd64 (3.2.2+debian-1+b1) ...
Selecting previously unselected package odbcinst.
Preparing to unpack .../201-odbcinst_2.3.6-0.1+b1_amd64.deb ...
Unpacking odbcinst (2.3.6-0.1+b1) ...
Selecting previously unselected package odbcinst1debian2:amd64.
Preparing to unpack .../202-odbcinst1debian2_2.3.6-0.1+b1_amd64.deb ...
Unpacking odbcinst1debian2:amd64 (2.3.6-0.1+b1) ...
Selecting previously unselected package libgdal26.
Preparing to unpack .../203-libgdal26_3.0.4+dfsg-1_amd64.deb ...
Unpacking libgdal26 (3.0.4+dfsg-1) ...
Selecting previously unselected package libgeos-dev.
Preparing to unpack .../204-libgeos-dev_3.8.0-1_amd64.deb ...
Unpacking libgeos-dev (3.8.0-1) ...
Selecting previously unselected package libsqlite3-dev:amd64.
Preparing to unpack .../205-libsqlite3-dev_3.31.1-3_amd64.deb ...
Unpacking libsqlite3-dev:amd64 (3.31.1-3) ...
Selecting previously unselected package libproj-dev:amd64.
Preparing to unpack .../206-libproj-dev_6.3.1-1_amd64.deb ...
Unpacking libproj-dev:amd64 (6.3.1-1) ...
Selecting previously unselected package libjbig-dev:amd64.
Preparing to unpack .../207-libjbig-dev_2.1-3.1+b2_amd64.deb ...
Unpacking libjbig-dev:amd64 (2.1-3.1+b2) ...
Selecting previously unselected package liblzma-dev:amd64.
Preparing to unpack .../208-liblzma-dev_5.2.4-1+b1_amd64.deb ...
Unpacking liblzma-dev:amd64 (5.2.4-1+b1) ...
Selecting previously unselected package libtiffxx5:amd64.
Preparing to unpack .../209-libtiffxx5_4.1.0+git191117-2_amd64.deb ...
Unpacking libtiffxx5:amd64 (4.1.0+git191117-2) ...
Selecting previously unselected package libtiff-dev:amd64.
Preparing to unpack .../210-libtiff-dev_4.1.0+git191117-2_amd64.deb ...
Unpacking libtiff-dev:amd64 (4.1.0+git191117-2) ...
Selecting previously unselected package libgeotiff-dev:amd64.
Preparing to unpack .../211-libgeotiff-dev_1.5.1-2_amd64.deb ...
Unpacking libgeotiff-dev:amd64 (1.5.1-2) ...
Selecting previously unselected package libgif-dev.
Preparing to unpack .../212-libgif-dev_5.1.9-1_amd64.deb ...
Unpacking libgif-dev (5.1.9-1) ...
Selecting previously unselected package libnetcdf-dev.
Preparing to unpack .../213-libnetcdf-dev_1%3a4.7.3-1_amd64.deb ...
Unpacking libnetcdf-dev (1:4.7.3-1) ...
Selecting previously unselected package libhdf4-alt-dev.
Preparing to unpack .../214-libhdf4-alt-dev_4.2.14-1_amd64.deb ...
Unpacking libhdf4-alt-dev (4.2.14-1) ...
Selecting previously unselected package libjson-c-dev:amd64.
Preparing to unpack .../215-libjson-c-dev_0.13.1+dfsg-7_amd64.deb ...
Unpacking libjson-c-dev:amd64 (0.13.1+dfsg-7) ...
Selecting previously unselected package libkmlconvenience1:amd64.
Preparing to unpack .../216-libkmlconvenience1_1.3.0-8_amd64.deb ...
Unpacking libkmlconvenience1:amd64 (1.3.0-8) ...
Selecting previously unselected package libkmlregionator1:amd64.
Preparing to unpack .../217-libkmlregionator1_1.3.0-8_amd64.deb ...
Unpacking libkmlregionator1:amd64 (1.3.0-8) ...
Selecting previously unselected package libkmlxsd1:amd64.
Preparing to unpack .../218-libkmlxsd1_1.3.0-8_amd64.deb ...
Unpacking libkmlxsd1:amd64 (1.3.0-8) ...
Selecting previously unselected package libminizip-dev:amd64.
Preparing to unpack .../219-libminizip-dev_1.1-8+b1_amd64.deb ...
Unpacking libminizip-dev:amd64 (1.1-8+b1) ...
Selecting previously unselected package liburiparser-dev.
Preparing to unpack .../220-liburiparser-dev_0.9.3-2_amd64.deb ...
Unpacking liburiparser-dev (0.9.3-2) ...
Selecting previously unselected package libkml-dev:amd64.
Preparing to unpack .../221-libkml-dev_1.3.0-8_amd64.deb ...
Unpacking libkml-dev:amd64 (1.3.0-8) ...
Selecting previously unselected package libltdl-dev:amd64.
Preparing to unpack .../222-libltdl-dev_2.4.6-13_amd64.deb ...
Unpacking libltdl-dev:amd64 (2.4.6-13) ...
Selecting previously unselected package libogdi-dev.
Preparing to unpack .../223-libogdi-dev_4.1.0+ds-1_amd64.deb ...
Unpacking libogdi-dev (4.1.0+ds-1) ...
Selecting previously unselected package libopenjp2-7-dev.
Preparing to unpack .../224-libopenjp2-7-dev_2.3.1-1_amd64.deb ...
Unpacking libopenjp2-7-dev (2.3.1-1) ...
Selecting previously unselected package libpcre16-3:amd64.
Preparing to unpack .../225-libpcre16-3_2%3a8.39-12+b1_amd64.deb ...
Unpacking libpcre16-3:amd64 (2:8.39-12+b1) ...
Selecting previously unselected package libpcre32-3:amd64.
Preparing to unpack .../226-libpcre32-3_2%3a8.39-12+b1_amd64.deb ...
Unpacking libpcre32-3:amd64 (2:8.39-12+b1) ...
Selecting previously unselected package libpcrecpp0v5:amd64.
Preparing to unpack .../227-libpcrecpp0v5_2%3a8.39-12+b1_amd64.deb ...
Unpacking libpcrecpp0v5:amd64 (2:8.39-12+b1) ...
Selecting previously unselected package libpcre3-dev:amd64.
Preparing to unpack .../228-libpcre3-dev_2%3a8.39-12+b1_amd64.deb ...
Unpacking libpcre3-dev:amd64 (2:8.39-12+b1) ...
Selecting previously unselected package libpng-dev:amd64.
Preparing to unpack .../229-libpng-dev_1.6.37-2_amd64.deb ...
Unpacking libpng-dev:amd64 (1.6.37-2) ...
Selecting previously unselected package libpoppler-dev:amd64.
Preparing to unpack .../230-libpoppler-dev_0.71.0-6_amd64.deb ...
Unpacking libpoppler-dev:amd64 (0.71.0-6) ...
Selecting previously unselected package libpoppler-private-dev:amd64.
Preparing to unpack .../231-libpoppler-private-dev_0.71.0-6_amd64.deb ...
Unpacking libpoppler-private-dev:amd64 (0.71.0-6) ...
Selecting previously unselected package libpq-dev.
Preparing to unpack .../232-libpq-dev_12.2-1_amd64.deb ...
Unpacking libpq-dev (12.2-1) ...
Selecting previously unselected package libqhull-r7:amd64.
Preparing to unpack .../233-libqhull-r7_2015.2-4_amd64.deb ...
Unpacking libqhull-r7:amd64 (2015.2-4) ...
Selecting previously unselected package libqhull-dev:amd64.
Preparing to unpack .../234-libqhull-dev_2015.2-4_amd64.deb ...
Unpacking libqhull-dev:amd64 (2015.2-4) ...
Selecting previously unselected package libspatialite-dev:amd64.
Preparing to unpack .../235-libspatialite-dev_4.3.0a-6+b1_amd64.deb ...
Unpacking libspatialite-dev:amd64 (4.3.0a-6+b1) ...
Selecting previously unselected package libwebpmux3:amd64.
Preparing to unpack .../236-libwebpmux3_0.6.1-2+b1_amd64.deb ...
Unpacking libwebpmux3:amd64 (0.6.1-2+b1) ...
Selecting previously unselected package libwebpdemux2:amd64.
Preparing to unpack .../237-libwebpdemux2_0.6.1-2+b1_amd64.deb ...
Unpacking libwebpdemux2:amd64 (0.6.1-2+b1) ...
Selecting previously unselected package libwebp-dev:amd64.
Preparing to unpack .../238-libwebp-dev_0.6.1-2+b1_amd64.deb ...
Unpacking libwebp-dev:amd64 (0.6.1-2+b1) ...
Selecting previously unselected package libxerces-c-dev.
Preparing to unpack .../239-libxerces-c-dev_3.2.2+debian-1+b1_amd64.deb ...
Unpacking libxerces-c-dev (3.2.2+debian-1+b1) ...
Selecting previously unselected package libzstd-dev:amd64.
Preparing to unpack .../240-libzstd-dev_1.4.4+dfsg-3_amd64.deb ...
Unpacking libzstd-dev:amd64 (1.4.4+dfsg-3) ...
Selecting previously unselected package unixodbc-dev:amd64.
Preparing to unpack .../241-unixodbc-dev_2.3.6-0.1+b1_amd64.deb ...
Unpacking unixodbc-dev:amd64 (2.3.6-0.1+b1) ...
Selecting previously unselected package libgdal-dev.
Preparing to unpack .../242-libgdal-dev_3.0.4+dfsg-1_amd64.deb ...
Unpacking libgdal-dev (3.0.4+dfsg-1) ...
Selecting previously unselected package libgslcblas0:amd64.
Preparing to unpack .../243-libgslcblas0_2.5+dfsg-6+b1_amd64.deb ...
Unpacking libgslcblas0:amd64 (2.5+dfsg-6+b1) ...
Selecting previously unselected package libgsl23:amd64.
Preparing to unpack .../244-libgsl23_2.5+dfsg-6+b1_amd64.deb ...
Unpacking libgsl23:amd64 (2.5+dfsg-6+b1) ...
Selecting previously unselected package libgsl-dev.
Preparing to unpack .../245-libgsl-dev_2.5+dfsg-6+b1_amd64.deb ...
Unpacking libgsl-dev (2.5+dfsg-6+b1) ...
Selecting previously unselected package libsvm3.
Preparing to unpack .../246-libsvm3_3.24+ds-3_amd64.deb ...
Unpacking libsvm3 (3.24+ds-3) ...
Selecting previously unselected package libsvm-dev.
Preparing to unpack .../247-libsvm-dev_3.24+ds-3_amd64.deb ...
Unpacking libsvm-dev (3.24+ds-3) ...
Selecting previously unselected package pkg-kde-tools.
Preparing to unpack .../248-pkg-kde-tools_0.15.31_all.deb ...
Unpacking pkg-kde-tools (0.15.31) ...
Selecting previously unselected package sbuild-build-depends-main-dummy.
Preparing to unpack .../249-sbuild-build-depends-main-dummy_0.invalid.0_amd64.deb ...
Unpacking sbuild-build-depends-main-dummy (0.invalid.0) ...
Setting up libboost1.67-dev:amd64 (1.67.0-17) ...
Setting up libpcrecpp0v5:amd64 (2:8.39-12+b1) ...
Setting up libpipeline1:amd64 (1.5.2-2) ...
Setting up liblcms2-2:amd64 (2.9-4) ...
Setting up libtext-charwidth-perl (0.04-10) ...
Setting up mysql-common (5.8+1.0.5) ...
update-alternatives: using /etc/mysql/my.cnf.fallback to provide /etc/mysql/my.cnf (my.cnf) in auto mode
Setting up libkeyutils1:amd64 (1.6.1-2) ...
Setting up libpsl5:amd64 (0.20.2-2) ...
Setting up libgnutls-openssl27:amd64 (3.6.12-2) ...
Setting up libzstd-dev:amd64 (1.4.4+dfsg-3) ...
Setting up mime-support (3.64) ...
Setting up proj-data (6.3.1-1) ...
Setting up libpcre16-3:amd64 (2:8.39-12+b1) ...
Setting up hdf5-helpers (1.10.4+repack-11) ...
Setting up libgeos-3.8.0:amd64 (3.8.0-1) ...
Setting up libgslcblas0:amd64 (2.5+dfsg-6+b1) ...
Setting up libmagic-mgc (1:5.38-4) ...
Setting up libogdi4.1 (4.1.0+ds-1) ...
Setting up libcharls2:amd64 (2.0.0+dfsg-1+b1) ...
Setting up libminizip1:amd64 (1.1-8+b1) ...
Setting up libarchive-zip-perl (1.67-1) ...
Setting up libglib2.0-0:amd64 (2.62.4-2) ...
No schema files found: doing nothing.
Setting up libhtml-tagset-perl (3.20-4) ...
Setting up libdebhelper-perl (12.9) ...
Setting up libbrotli1:amd64 (1.0.7-6) ...
Setting up libsqlite3-0:amd64 (3.31.1-3) ...
Setting up liblwp-mediatypes-perl (6.04-1) ...
Setting up libtry-tiny-perl (0.30-1) ...
Setting up libnghttp2-14:amd64 (1.40.0-1) ...
Setting up libmagic1:amd64 (1:5.38-4) ...
Setting up perl-openssl-defaults:amd64 (4) ...
Setting up libxml-namespacesupport-perl (1.12-1) ...
Setting up gettext-base (0.19.8.1-10) ...
Setting up libencode-locale-perl (1.05-1) ...
Setting up libqhull7:amd64 (2015.2-4) ...
Setting up file (1:5.38-4) ...
Setting up libldap-common (2.4.49+dfsg-1) ...
Setting up libtext-wrapi18n-perl (0.06-9) ...
Setting up libjbig0:amd64 (2.1-3.1+b2) ...
Setting up libaec0:amd64 (1.0.4-1) ...
Setting up libicu63:amd64 (63.2-2) ...
Setting up gdal-data (3.0.4+dfsg-1) ...
Setting up libkrb5support0:amd64 (1.17-6) ...
Setting up libsasl2-modules-db:amd64 (2.1.27+dfsg-2) ...
Setting up libosp5 (1.5.2-13+b1) ...
Setting up mariadb-common (1:10.3.22-1) ...
update-alternatives: using /etc/mysql/mariadb.cnf to provide /etc/mysql/my.cnf (my.cnf) in auto mode
Setting up libminizip-dev:amd64 (1.1-8+b1) ...
Setting up libxml-sax-base-perl (1.09-1) ...
Setting up autotools-dev (20180224.1) ...
Setting up libblas3:amd64 (3.9.0-1) ...
update-alternatives: using /usr/lib/x86_64-linux-gnu/blas/libblas.so.3 to provide /usr/lib/x86_64-linux-gnu/libblas.so.3 (libblas.so.3-x86_64-linux-gnu) in auto mode
Setting up libgmpxx4ldbl:amd64 (2:6.2.0+dfsg-4) ...
Setting up libuv1:amd64 (1.34.2-1) ...
Setting up libexpat1-dev:amd64 (2.2.9-1) ...
Setting up libjpeg62-turbo:amd64 (1:1.5.2-2+b1) ...
Setting up libsqlite3-dev:amd64 (3.31.1-3) ...
Setting up libjpeg62-turbo-dev:amd64 (1:1.5.2-2+b1) ...
Setting up libnspr4:amd64 (2:4.24-1) ...
Setting up librtmp1:amd64 (2.4+20151223.gitfa8646d.1-2+b1) ...
Setting up libgsl23:amd64 (2.5+dfsg-6+b1) ...
Setting up uuid-dev:amd64 (2.34-0.1) ...
Setting up libncurses6:amd64 (6.1+20191019-1) ...
Setting up libsigsegv2:amd64 (2.12-2) ...
Setting up bsdmainutils (11.1.2+b1) ...
update-alternatives: using /usr/bin/bsd-write to provide /usr/bin/write (write) in auto mode
update-alternatives: using /usr/bin/bsd-from to provide /usr/bin/from (from) in auto mode
Setting up libpng16-16:amd64 (1.6.37-2) ...
Setting up libpcre32-3:amd64 (2:8.39-12+b1) ...
Setting up libevent-2.1-7:amd64 (2.1.11-stable-1) ...
Setting up libio-html-perl (1.001-1) ...
Setting up autopoint (0.19.8.1-10) ...
Setting up libwebp6:amd64 (0.6.1-2+b1) ...
Setting up icu-devtools (63.2-2) ...
Setting up libgeos-c1v5:amd64 (3.8.0-1) ...
Setting up pkg-config (0.29-6) ...
Setting up libmariadb3:amd64 (1:10.3.22-1) ...
Setting up fonts-dejavu-core (2.37-1) ...
Setting up libgnutlsxx28:amd64 (3.6.12-2) ...
Setting up libproj15:amd64 (6.3.1-1) ...
Setting up libk5crypto3:amd64 (1.17-6) ...
Setting up libltdl7:amd64 (2.4.6-13) ...
Setting up libidn2-dev:amd64 (2.2.0-2) ...
Setting up libsasl2-2:amd64 (2.1.27+dfsg-2) ...
Setting up libgfortran5:amd64 (10-20200222-1) ...
Setting up libhdf4-0-alt (4.2.14-1) ...
Setting up libtimedate-perl (2.3100-1) ...
Setting up liblzma-dev:amd64 (5.2.4-1+b1) ...
Setting up libgif7:amd64 (5.1.9-1) ...
Setting up zlib1g-dev:amd64 (1:1.2.11.dfsg-2) ...
Setting up liburiparser1:amd64 (0.9.3-2) ...
Setting up libfreexl1:amd64 (1.0.5-3+b1) ...
Setting up sensible-utils (0.0.12+nmu1) ...
Setting up libgif-dev (5.1.9-1) ...
Setting up librhash0:amd64 (1.3.9-1) ...
Setting up libfyba0:amd64 (4.1.1-6) ...
Setting up libuchardet0:amd64 (0.0.6-3) ...
Setting up libkmlbase1:amd64 (1.3.0-8) ...
Setting up libopenjp2-7:amd64 (2.3.1-1) ...
Setting up libsub-override-perl (0.09-2) ...
Setting up libssh2-1:amd64 (1.8.0-2.1) ...
Setting up netbase (6.1) ...
Setting up sgml-base (1.29.1) ...
Setting up cmake-data (3.16.3-1) ...
Setting up libkrb5-3:amd64 (1.17-6) ...
Setting up libboost-dev:amd64 (1.67.0.2+b1) ...
Setting up libtiff5:amd64 (4.1.0+git191117-2) ...
Setting up libqhull-r7:amd64 (2015.2-4) ...
Setting up libmpdec2:amd64 (2.4.2-2) ...
Setting up libjson-c4:amd64 (0.13.1+dfsg-7) ...
Setting up libtext-unidecode-perl (1.30-1) ...
Setting up libfann2:amd64 (2.2.0+ds-6) ...
Setting up libtasn1-6-dev:amd64 (4.16.0-2) ...
Setting up openssl (1.1.1d-2) ...
Setting up libwebpmux3:amd64 (0.6.1-2+b1) ...
Setting up libelf1:amd64 (0.176-1.1) ...
Setting up readline-common (8.0-3) ...
Setting up libogdi-dev (4.1.0+ds-1) ...
Setting up libicu-dev:amd64 (63.2-2) ...
Setting up libxml2:amd64 (2.9.10+dfsg-3) ...
Setting up liburi-perl (1.76-2) ...
Setting up libprocps8:amd64 (2:3.3.16-1+b1) ...
Setting up libp11-kit-dev:amd64 (0.23.20-1) ...
Setting up libblas-dev:amd64 (3.9.0-1) ...
update-alternatives: using /usr/lib/x86_64-linux-gnu/blas/libblas.so to provide /usr/lib/x86_64-linux-gnu/libblas.so (libblas.so-x86_64-linux-gnu) in auto mode
Setting up libsz2:amd64 (1.0.4-1) ...
Setting up libsvm3 (3.24+ds-3) ...
Setting up libjsoncpp1:amd64 (1.7.4-3.1) ...
Setting up libkmlxsd1:amd64 (1.3.0-8) ...
Setting up libtiffxx5:amd64 (4.1.0+git191117-2) ...
Setting up libpopt0:amd64 (1.16-14) ...
Setting up libfann-dev:amd64 (2.2.0+ds-6) ...
Setting up libkmldom1:amd64 (1.3.0-8) ...
Setting up libnet-ssleay-perl (1.88-2) ...
Setting up libspatialite7:amd64 (4.3.0a-6+b1) ...
Setting up libfile-stripnondeterminism-perl (1.6.3-2) ...
Setting up libhttp-date-perl (6.05-1) ...
Setting up libcharls-dev:amd64 (2.0.0+dfsg-1+b1) ...
Setting up liblapack3:amd64 (3.9.0-1) ...
update-alternatives: using /usr/lib/x86_64-linux-gnu/lapack/liblapack.so.3 to provide /usr/lib/x86_64-linux-gnu/liblapack.so.3 (liblapack.so.3-x86_64-linux-gnu) in auto mode
Setting up libgsl-dev (2.5+dfsg-6+b1) ...
Setting up libgmp-dev:amd64 (2:6.2.0+dfsg-4) ...
Setting up libfile-listing-perl (6.04-1) ...
Setting up libkmlengine1:amd64 (1.3.0-8) ...
Setting up nettle-dev:amd64 (3.5.1+really3.5.1-2) ...
Setting up libkmlconvenience1:amd64 (1.3.0-8) ...
Setting up libtool (2.4.6-13) ...
Setting up libarchive13:amd64 (3.4.0-1+b1) ...
Setting up libpcre3-dev:amd64 (2:8.39-12+b1) ...
Setting up libjson-c-dev:amd64 (0.13.1+dfsg-7) ...
Setting up libfreexl-dev:amd64 (1.0.5-3+b1) ...
Setting up libfyba-dev:amd64 (4.1.1-6) ...
Setting up libwebpdemux2:amd64 (0.6.1-2+b1) ...
Setting up libreadline8:amd64 (8.0-3) ...
Setting up libpng-dev:amd64 (1.6.37-2) ...
Setting up libaec-dev:amd64 (1.0.4-1) ...
Setting up libarpack2:amd64 (3.7.0-3) ...
Setting up libjpeg-dev (1:1.5.2-2) ...
Setting up libjbig-dev:amd64 (2.1-3.1+b2) ...
Setting up libsuperlu5:amd64 (5.2.1+dfsg1-4) ...
Setting up libldap-2.4-2:amd64 (2.4.49+dfsg-1) ...
Setting up libnet-http-perl (6.19-1) ...
Setting up m4 (1.4.18-4) ...
Setting up libdap25:amd64 (3.20.5-1) ...
Setting up libnss3:amd64 (2:3.50-1) ...
Setting up opensp (1.5.2-13+b1) ...
Setting up libepsilon1:amd64 (0.9.2+dfsg-4+b1) ...
Setting up libdapserver7v5:amd64 (3.20.5-1) ...
Setting up libgeotiff5:amd64 (1.5.1-2) ...
Setting up liburiparser-dev (0.9.3-2) ...
Setting up ca-certificates (20190110) ...
Updating certificates in /etc/ssl/certs...
128 added, 0 removed; done.
Setting up libxml2-dev:amd64 (2.9.10+dfsg-3) ...
Setting up libwebp-dev:amd64 (0.6.1-2+b1) ...
Setting up libunbound8:amd64 (1.9.6-2) ...
Setting up libfreetype6:amd64 (2.10.1-2) ...
Setting up libtiff-dev:amd64 (4.1.0+git191117-2) ...
Setting up libopenjp2-7-dev (2.3.1-1) ...
Setting up libkmlregionator1:amd64 (1.3.0-8) ...
Setting up libgeos-dev (3.8.0-1) ...
Setting up libhdf5-103:amd64 (1.10.4+repack-11) ...
Setting up libsvm-dev (3.24+ds-3) ...
Setting up liblapack-dev:amd64 (3.9.0-1) ...
update-alternatives: using /usr/lib/x86_64-linux-gnu/lapack/liblapack.so to provide /usr/lib/x86_64-linux-gnu/liblapack.so (liblapack.so-x86_64-linux-gnu) in auto mode
Setting up libproj-dev:amd64 (6.3.1-1) ...
Setting up libgssapi-krb5-2:amd64 (1.17-6) ...
Setting up libcroco3:amd64 (0.6.13-1) ...
Setting up libodbc1:amd64 (2.3.6-0.1+b1) ...
Setting up ucf (3.0038+nmu1) ...
Setting up libspatialite-dev:amd64 (4.3.0a-6+b1) ...
Setting up libqhull-dev:amd64 (2015.2-4) ...
Setting up autoconf (2.69-11.1) ...
Setting up dh-strip-nondeterminism (1.6.3-2) ...
Setting up libwww-robotrules-perl (6.02-1) ...
Setting up dwz (0.13-5) ...
Setting up groff-base (1.22.4-4) ...
Setting up xml-core (0.18+nmu1) ...
Setting up libhtml-parser-perl (3.72-5) ...
Setting up procps (2:3.3.16-1+b1) ...
update-alternatives: using /usr/bin/w.procps to provide /usr/bin/w (w) in auto mode
Setting up libxslt1.1:amd64 (1.1.34-3) ...
Setting up libcurl4:amd64 (7.68.0-1) ...
Setting up libarmadillo9 (1:9.800.4+dfsg-1) ...
Setting up libepsilon-dev:amd64 (0.9.2+dfsg-4+b1) ...
Setting up libsuperlu-dev:amd64 (5.2.1+dfsg1-4) ...
Setting up libio-socket-ssl-perl (2.067-1) ...
Setting up libhttp-message-perl (6.18-1) ...
Setting up automake (1:1.16.1-4) ...
update-alternatives: using /usr/bin/automake-1.16 to provide /usr/bin/automake (automake) in auto mode
Setting up libkml-dev:amd64 (1.3.0-8) ...
Setting up libhttp-negotiate-perl (6.01-1) ...
Setting up libgnutls-dane0:amd64 (3.6.12-2) ...
Setting up libpython3.7-stdlib:amd64 (3.7.6-1+b1) ...
Setting up libarpack2-dev:amd64 (3.7.0-3) ...
Setting up gettext (0.19.8.1-10) ...
Setting up libhttp-cookies-perl (6.08-1) ...
Setting up libgeotiff-dev:amd64 (1.5.1-2) ...
Setting up fontconfig-config (2.13.1-2) ...
Setting up libhtml-tree-perl (5.07-2) ...
Setting up xsltproc (1.1.34-3) ...
Setting up libhdf5-cpp-103:amd64 (1.10.4+repack-11) ...
Setting up libpq5:amd64 (12.2-1) ...
Setting up libpq-dev (12.2-1) ...
Setting up libcurl3-gnutls:amd64 (7.68.0-1) ...
Setting up libcurl4-gnutls-dev:amd64 (7.68.0-1) ...
Setting up man-db (2.9.0-2) ...
Not building database; man-db/auto-update is not 'true'.
Setting up libxml-sax-perl (1.02+dfsg-1) ...
update-perl-sax-parsers: Registering Perl SAX parser XML::SAX::PurePerl with priority 10...
update-perl-sax-parsers: Updating overall Perl SAX parser modules info file...

Creating config file /etc/perl/XML/SAX/ParserDetails.ini with new version
Setting up intltool-debian (0.35.0+20060710.5) ...
Setting up libnetcdf15:amd64 (1:4.7.3-1) ...
Setting up tex-common (6.13) ...
update-language: texlive-base not installed and configured, doing nothing!
Setting up libltdl-dev:amd64 (2.4.6-13) ...
Setting up libcfitsio8:amd64 (3.470-3) ...
Setting up libhdf5-dev (1.10.4+repack-11) ...
update-alternatives: using /usr/lib/x86_64-linux-gnu/pkgconfig/hdf5-serial.pc to provide /usr/lib/x86_64-linux-gnu/pkgconfig/hdf5.pc (hdf5.pc) in auto mode
Setting up libnetcdf-dev (1:4.7.3-1) ...
Setting up libxml-libxml-perl (2.0134+dfsg-1+b1) ...
update-perl-sax-parsers: Registering Perl SAX parser XML::LibXML::SAX::Parser with priority 50...
update-perl-sax-parsers: Registering Perl SAX parser XML::LibXML::SAX with priority 50...
update-perl-sax-parsers: Updating overall Perl SAX parser modules info file...
Replacing config file /etc/perl/XML/SAX/ParserDetails.ini with new version
Setting up libdapclient6v5:amd64 (3.20.5-1) ...
Setting up cmake (3.16.3-1) ...
Setting up libfontconfig1:amd64 (2.13.1-2+b1) ...
Setting up libdap-dev:amd64 (3.20.5-1) ...
Setting up libpython3-stdlib:amd64 (3.7.5-3) ...
Setting up libgnutls28-dev:amd64 (3.6.12-2) ...
Setting up python3.7 (3.7.6-1+b1) ...
Setting up libcfitsio-dev:amd64 (3.470-3) ...
Setting up libxerces-c3.2:amd64 (3.2.2+debian-1+b1) ...
Setting up po-debconf (1.0.21) ...
Setting up libpoppler82:amd64 (0.71.0-6) ...
Setting up python3 (3.7.5-3) ...
Setting up libarmadillo-dev (1:9.800.4+dfsg-1) ...
Setting up libxerces-c-dev (3.2.2+debian-1+b1) ...
Setting up libhdf4-alt-dev (4.2.14-1) ...
Setting up pkg-kde-tools (0.15.31) ...
Setting up texinfo (6.7.0.dfsg.2-5) ...
Setting up libmariadb-dev (1:10.3.22-1) ...
Setting up libpoppler-dev:amd64 (0.71.0-6) ...
Setting up libmariadb-dev-compat:amd64 (1:10.3.22-1) ...
Setting up libpoppler-private-dev:amd64 (0.71.0-6) ...
Setting up default-libmysqlclient-dev:amd64 (1.0.5) ...
Setting up dh-autoreconf (19) ...
Setting up liblwp-protocol-https-perl (6.07-2) ...
Setting up odbcinst (2.3.6-0.1+b1) ...
Setting up libwww-perl (6.43-1) ...
Setting up debhelper (12.9) ...
Setting up odbcinst1debian2:amd64 (2.3.6-0.1+b1) ...
Setting up unixodbc-dev:amd64 (2.3.6-0.1+b1) ...
Setting up libxml-parser-perl (2.46-1+b1) ...
Setting up libgdal26 (3.0.4+dfsg-1) ...
Setting up libgdal-dev (3.0.4+dfsg-1) ...
Setting up libxml-sax-expat-perl (0.51-1) ...
update-perl-sax-parsers: Registering Perl SAX parser XML::SAX::Expat with priority 50...
update-perl-sax-parsers: Updating overall Perl SAX parser modules info file...
Replacing config file /etc/perl/XML/SAX/ParserDetails.ini with new version
Processing triggers for libc-bin (2.29-10) ...
Processing triggers for sgml-base (1.29.1) ...
Setting up docbook-xsl (1.79.1+dfsg-2) ...
Setting up sgml-data (2.0.11) ...
Setting up docbook2x (0.8.8-17+b1) ...
Processing triggers for sgml-base (1.29.1) ...
Setting up docbook-xml (4.5-9) ...
Processing triggers for sgml-base (1.29.1) ...
Setting up sbuild-build-depends-main-dummy (0.invalid.0) ...
Processing triggers for ca-certificates (20190110) ...
Updating certificates in /etc/ssl/certs...
0 added, 0 removed; done.
Running hooks in /etc/ca-certificates/update.d...
done.

+------------------------------------------------------------------------------+
| Check architectures                                                          |
+------------------------------------------------------------------------------+

Arch check ok (amd64 included in any)

+------------------------------------------------------------------------------+
| Build environment                                                            |
+------------------------------------------------------------------------------+

Kernel: Linux 4.19.0-6-cloud-amd64 #1 SMP Debian 4.19.67-2+deb10u2 (2019-11-11) amd64 (x86_64)
Toolchain package versions: binutils_2.34-3 dpkg-dev_1.19.7 g++-9_9.2.1-30 gcc-9_9.2.1-30 libc6-dev_2.29-10 libstdc++-8-dev_8.3.0-29 libstdc++-9-dev_9.2.1-30 libstdc++6_10-20200222-1 linux-libc-dev_5.4.19-1
Package versions: adduser_3.118 apt_1.8.4 autoconf_2.69-11.1 automake_1:1.16.1-4 autopoint_0.19.8.1-10 autotools-dev_20180224.1 base-files_11 base-passwd_3.5.47 bash_5.0-5 binutils_2.34-3 binutils-common_2.34-3 binutils-x86-64-linux-gnu_2.34-3 bsdmainutils_11.1.2+b1 bsdutils_1:2.34-0.1 build-essential_12.8 bzip2_1.0.8-2 ca-certificates_20190110 clang-9_1:9.0.1-8 cmake_3.16.3-1 cmake-data_3.16.3-1 coreutils_8.30-3+b1 cpp_4:9.2.1-3.1 cpp-9_9.2.1-30 dash_0.5.10.2-6 debconf_1.5.73 debhelper_12.9 debian-archive-keyring_2019.1 debianutils_4.9.1 default-libmysqlclient-dev_1.0.5 dh-autoreconf_19 dh-strip-nondeterminism_1.6.3-2 diffutils_1:3.7-3 docbook-xml_4.5-9 docbook-xsl_1.79.1+dfsg-2 docbook2x_0.8.8-17+b1 dpkg_1.19.7 dpkg-dev_1.19.7 dwz_0.13-5 e2fsprogs_1.45.5-2 fakeroot_1.24-1 fdisk_2.34-0.1 file_1:5.38-4 findutils_4.7.0-1 fontconfig-config_2.13.1-2 fonts-dejavu-core_2.37-1 g++_4:9.2.1-3.1 g++-9_9.2.1-30 gcc_4:9.2.1-3.1 gcc-10-base_10-20200222-1 gcc-8-base_8.3.0-29 gcc-9_9.2.1-30 gcc-9-base_9.2.1-30 gdal-data_3.0.4+dfsg-1 gettext_0.19.8.1-10 gettext-base_0.19.8.1-10 gpgv_2.2.19-1 grep_3.4-1 groff-base_1.22.4-4 gzip_1.9-3+b1 hdf5-helpers_1.10.4+repack-11 hostname_3.23 icu-devtools_63.2-2 init-system-helpers_1.57 intltool-debian_0.35.0+20060710.5 lib32gcc-s1_10-20200222-1 lib32gcc1_1:10-20200222-1 lib32stdc++6_10-20200222-1 libacl1_2.2.53-5 libaec-dev_1.0.4-1 libaec0_1.0.4-1 libapt-pkg5.0_1.8.4 libarchive-zip-perl_1.67-1 libarchive13_3.4.0-1+b1 libarmadillo-dev_1:9.800.4+dfsg-1 libarmadillo9_1:9.800.4+dfsg-1 libarpack2_3.7.0-3 libarpack2-dev_3.7.0-3 libasan5_9.2.1-30 libatomic1_10-20200222-1 libattr1_1:2.4.48-5 libaudit-common_1:2.8.5-2 libaudit1_1:2.8.5-2+b1 libbinutils_2.34-3 libblas-dev_3.9.0-1 libblas3_3.9.0-1 libblkid1_2.34-0.1 libboost-dev_1.67.0.2+b1 libboost1.67-dev_1.67.0-17 libbrotli1_1.0.7-6 libbsd0_0.10.0-1 libbz2-1.0_1.0.8-2 libc-bin_2.29-10 libc-dev-bin_2.29-10 libc6_2.29-10 libc6-dev_2.29-10 libc6-i386_2.29-10 libcap-ng0_0.7.9-2.1+b1 libcc1-0_10-20200222-1 libcfitsio-dev_3.470-3 libcfitsio8_3.470-3 libcharls-dev_2.0.0+dfsg-1+b1 libcharls2_2.0.0+dfsg-1+b1 libclang-common-9-dev_1:9.0.1-8 libclang-cpp9_1:9.0.1-8 libcom-err2_1.45.5-2 libcroco3_0.6.13-1 libcrypt-dev_1:4.4.10-10 libcrypt1_1:4.4.10-10 libctf-nobfd0_2.34-3 libctf0_2.34-3 libcurl3-gnutls_7.68.0-1 libcurl4_7.68.0-1 libcurl4-gnutls-dev_7.68.0-1 libdap-dev_3.20.5-1 libdap25_3.20.5-1 libdapclient6v5_3.20.5-1 libdapserver7v5_3.20.5-1 libdb5.3_5.3.28+dfsg1-0.6 libdebconfclient0_0.251 libdebhelper-perl_12.9 libdpkg-perl_1.19.7 libedit2_3.1-20191231-1 libelf1_0.176-1.1 libencode-locale-perl_1.05-1 libepsilon-dev_0.9.2+dfsg-4+b1 libepsilon1_0.9.2+dfsg-4+b1 libevent-2.1-7_2.1.11-stable-1 libexpat1_2.2.9-1 libexpat1-dev_2.2.9-1 libext2fs2_1.45.5-2 libfakeroot_1.24-1 libfann-dev_2.2.0+ds-6 libfann2_2.2.0+ds-6 libfdisk1_2.34-0.1 libffi7_3.3-3 libfile-listing-perl_6.04-1 libfile-stripnondeterminism-perl_1.6.3-2 libfontconfig1_2.13.1-2+b1 libfreetype6_2.10.1-2 libfreexl-dev_1.0.5-3+b1 libfreexl1_1.0.5-3+b1 libfyba-dev_4.1.1-6 libfyba0_4.1.1-6 libgc1c2_1:7.6.4-0.4 libgcc-8-dev_8.3.0-29 libgcc-9-dev_9.2.1-30 libgcc-s1_10-20200222-1 libgcc1_1:10-20200222-1 libgcrypt20_1.8.5-5 libgdal-dev_3.0.4+dfsg-1 libgdal26_3.0.4+dfsg-1 libgdbm-compat4_1.18.1-5 libgdbm6_1.18.1-5 libgeos-3.8.0_3.8.0-1 libgeos-c1v5_3.8.0-1 libgeos-dev_3.8.0-1 libgeotiff-dev_1.5.1-2 libgeotiff5_1.5.1-2 libgfortran5_10-20200222-1 libgif-dev_5.1.9-1 libgif7_5.1.9-1 libglib2.0-0_2.62.4-2 libgmp-dev_2:6.2.0+dfsg-4 libgmp10_2:6.2.0+dfsg-4 libgmpxx4ldbl_2:6.2.0+dfsg-4 libgnutls-dane0_3.6.12-2 libgnutls-openssl27_3.6.12-2 libgnutls28-dev_3.6.12-2 libgnutls30_3.6.12-2 libgnutlsxx28_3.6.12-2 libgomp1_10-20200222-1 libgpg-error0_1.37-1 libgsl-dev_2.5+dfsg-6+b1 libgsl23_2.5+dfsg-6+b1 libgslcblas0_2.5+dfsg-6+b1 libgssapi-krb5-2_1.17-6 libhdf4-0-alt_4.2.14-1 libhdf4-alt-dev_4.2.14-1 libhdf5-103_1.10.4+repack-11 libhdf5-cpp-103_1.10.4+repack-11 libhdf5-dev_1.10.4+repack-11 libhogweed5_3.5.1+really3.5.1-2 libhtml-parser-perl_3.72-5 libhtml-tagset-perl_3.20-4 libhtml-tree-perl_5.07-2 libhttp-cookies-perl_6.08-1 libhttp-date-perl_6.05-1 libhttp-message-perl_6.18-1 libhttp-negotiate-perl_6.01-1 libicu-dev_63.2-2 libicu63_63.2-2 libidn2-0_2.2.0-2 libidn2-dev_2.2.0-2 libio-html-perl_1.001-1 libio-socket-ssl-perl_2.067-1 libisl22_0.22.1-1 libitm1_10-20200222-1 libjbig-dev_2.1-3.1+b2 libjbig0_2.1-3.1+b2 libjpeg-dev_1:1.5.2-2 libjpeg62-turbo_1:1.5.2-2+b1 libjpeg62-turbo-dev_1:1.5.2-2+b1 libjson-c-dev_0.13.1+dfsg-7 libjson-c4_0.13.1+dfsg-7 libjsoncpp1_1.7.4-3.1 libk5crypto3_1.17-6 libkeyutils1_1.6.1-2 libkml-dev_1.3.0-8 libkmlbase1_1.3.0-8 libkmlconvenience1_1.3.0-8 libkmldom1_1.3.0-8 libkmlengine1_1.3.0-8 libkmlregionator1_1.3.0-8 libkmlxsd1_1.3.0-8 libkrb5-3_1.17-6 libkrb5support0_1.17-6 liblapack-dev_3.9.0-1 liblapack3_3.9.0-1 liblcms2-2_2.9-4 libldap-2.4-2_2.4.49+dfsg-1 libldap-common_2.4.49+dfsg-1 libllvm9_1:9.0.1-8 liblsan0_10-20200222-1 libltdl-dev_2.4.6-13 libltdl7_2.4.6-13 liblwp-mediatypes-perl_6.04-1 liblwp-protocol-https-perl_6.07-2 liblz4-1_1.9.2-2 liblzma-dev_5.2.4-1+b1 liblzma5_5.2.4-1+b1 libmagic-mgc_1:5.38-4 libmagic1_1:5.38-4 libmariadb-dev_1:10.3.22-1 libmariadb-dev-compat_1:10.3.22-1 libmariadb3_1:10.3.22-1 libminizip-dev_1.1-8+b1 libminizip1_1.1-8+b1 libmount1_2.34-0.1 libmpc3_1.1.0-1 libmpdec2_2.4.2-2 libmpfr6_4.0.2-1 libmpx2_8.3.0-29 libncurses6_6.1+20191019-1 libncursesw6_6.1+20191019-1 libnet-http-perl_6.19-1 libnet-ssleay-perl_1.88-2 libnetcdf-dev_1:4.7.3-1 libnetcdf15_1:4.7.3-1 libnettle7_3.5.1+really3.5.1-2 libnghttp2-14_1.40.0-1 libnspr4_2:4.24-1 libnss3_2:3.50-1 libobjc-8-dev_8.3.0-29 libobjc-9-dev_9.2.1-30 libobjc4_10-20200222-1 libodbc1_2.3.6-0.1+b1 libogdi-dev_4.1.0+ds-1 libogdi4.1_4.1.0+ds-1 libomp-9-dev_1:9.0.1-8 libomp5-9_1:9.0.1-8 libopenjp2-7_2.3.1-1 libopenjp2-7-dev_2.3.1-1 libosp5_1.5.2-13+b1 libp11-kit-dev_0.23.20-1 libp11-kit0_0.23.20-1 libpam-modules_1.3.1-5 libpam-modules-bin_1.3.1-5 libpam-runtime_1.3.1-5 libpam0g_1.3.1-5 libpcre16-3_2:8.39-12+b1 libpcre2-8-0_10.34-7 libpcre3_2:8.39-12+b1 libpcre3-dev_2:8.39-12+b1 libpcre32-3_2:8.39-12+b1 libpcrecpp0v5_2:8.39-12+b1 libperl5.30_5.30.0-9 libpipeline1_1.5.2-2 libpng-dev_1.6.37-2 libpng16-16_1.6.37-2 libpoppler-dev_0.71.0-6 libpoppler-private-dev_0.71.0-6 libpoppler82_0.71.0-6 libpopt0_1.16-14 libpq-dev_12.2-1 libpq5_12.2-1 libprocps8_2:3.3.16-1+b1 libproj-dev_6.3.1-1 libproj15_6.3.1-1 libpsl5_0.20.2-2 libpython3-stdlib_3.7.5-3 libpython3.7-minimal_3.7.6-1+b1 libpython3.7-stdlib_3.7.6-1+b1 libqhull-dev_2015.2-4 libqhull-r7_2015.2-4 libqhull7_2015.2-4 libquadmath0_10-20200222-1 libreadline8_8.0-3 librhash0_1.3.9-1 librtmp1_2.4+20151223.gitfa8646d.1-2+b1 libsasl2-2_2.1.27+dfsg-2 libsasl2-modules-db_2.1.27+dfsg-2 libseccomp2_2.4.2-2 libselinux1_3.0-1+b1 libsemanage-common_3.0-1 libsemanage1_3.0-1+b1 libsepol1_3.0-1 libsigsegv2_2.12-2 libsmartcols1_2.34-0.1 libspatialite-dev_4.3.0a-6+b1 libspatialite7_4.3.0a-6+b1 libsqlite3-0_3.31.1-3 libsqlite3-dev_3.31.1-3 libss2_1.45.5-2 libssh2-1_1.8.0-2.1 libssl1.1_1.1.1d-2 libstdc++-8-dev_8.3.0-29 libstdc++-9-dev_9.2.1-30 libstdc++6_10-20200222-1 libsub-override-perl_0.09-2 libsuperlu-dev_5.2.1+dfsg1-4 libsuperlu5_5.2.1+dfsg1-4 libsvm-dev_3.24+ds-3 libsvm3_3.24+ds-3 libsystemd0_244.3-1 libsz2_1.0.4-1 libtasn1-6_4.16.0-2 libtasn1-6-dev_4.16.0-2 libtext-charwidth-perl_0.04-10 libtext-unidecode-perl_1.30-1 libtext-wrapi18n-perl_0.06-9 libtiff-dev_4.1.0+git191117-2 libtiff5_4.1.0+git191117-2 libtiffxx5_4.1.0+git191117-2 libtimedate-perl_2.3100-1 libtinfo6_6.1+20191019-1 libtool_2.4.6-13 libtry-tiny-perl_0.30-1 libtsan0_10-20200222-1 libubsan1_10-20200222-1 libuchardet0_0.0.6-3 libudev1_244.3-1 libunbound8_1.9.6-2 libunistring2_0.9.10-2 liburi-perl_1.76-2 liburiparser-dev_0.9.3-2 liburiparser1_0.9.3-2 libuuid1_2.34-0.1 libuv1_1.34.2-1 libwebp-dev_0.6.1-2+b1 libwebp6_0.6.1-2+b1 libwebpdemux2_0.6.1-2+b1 libwebpmux3_0.6.1-2+b1 libwww-perl_6.43-1 libwww-robotrules-perl_6.02-1 libxerces-c-dev_3.2.2+debian-1+b1 libxerces-c3.2_3.2.2+debian-1+b1 libxml-libxml-perl_2.0134+dfsg-1+b1 libxml-namespacesupport-perl_1.12-1 libxml-parser-perl_2.46-1+b1 libxml-sax-base-perl_1.09-1 libxml-sax-expat-perl_0.51-1 libxml-sax-perl_1.02+dfsg-1 libxml2_2.9.10+dfsg-3 libxml2-dev_2.9.10+dfsg-3 libxslt1.1_1.1.34-3 libz3-4_4.8.7-4 libzstd-dev_1.4.4+dfsg-3 libzstd1_1.4.4+dfsg-3 linux-libc-dev_5.4.19-1 login_1:4.8.1-1 logsave_1.45.5-2 lsb-base_11.1.0 m4_1.4.18-4 make_4.2.1-1.2 man-db_2.9.0-2 mariadb-common_1:10.3.22-1 mawk_1.3.4.20200120-2 mime-support_3.64 mount_2.34-0.1 mysql-common_5.8+1.0.5 ncurses-base_6.1+20191019-1 ncurses-bin_6.1+20191019-1 netbase_6.1 nettle-dev_3.5.1+really3.5.1-2 odbcinst_2.3.6-0.1+b1 odbcinst1debian2_2.3.6-0.1+b1 opensp_1.5.2-13+b1 openssl_1.1.1d-2 passwd_1:4.8.1-1 patch_2.7.6-6 perl_5.30.0-9 perl-base_5.30.0-9 perl-modules-5.30_5.30.0-9 perl-openssl-defaults_4 pkg-config_0.29-6 pkg-kde-tools_0.15.31 po-debconf_1.0.21 procps_2:3.3.16-1+b1 proj-data_6.3.1-1 python3_3.7.5-3 python3-minimal_3.7.5-3 python3.7_3.7.6-1+b1 python3.7-minimal_3.7.6-1+b1 readline-common_8.0-3 sbuild-build-depends-main-dummy_0.invalid.0 sed_4.7-1 sensible-utils_0.0.12+nmu1 sgml-base_1.29.1 sgml-data_2.0.11 sysvinit-utils_2.96-2.1 tar_1.30+dfsg-6+b1 tex-common_6.13 texinfo_6.7.0.dfsg.2-5 tzdata_2019c-3 ucf_3.0038+nmu1 unixodbc-dev_2.3.6-0.1+b1 util-linux_2.34-0.1 uuid-dev_2.34-0.1 xml-core_0.18+nmu1 xsltproc_1.1.34-3 xz-utils_5.2.4-1+b1 zlib1g_1:1.2.11.dfsg-2 zlib1g-dev_1:1.2.11.dfsg-2

+------------------------------------------------------------------------------+
| Build                                                                        |
+------------------------------------------------------------------------------+


Unpack source
-------------

-----BEGIN PGP SIGNED MESSAGE-----
Hash: SHA512

Format: 3.0 (quilt)
Source: pktools
Binary: pktools, pktools-dev, libalgorithms1, libbase1, libfileclasses1, libimageclasses1
Architecture: any
Version: 2.6.7.6+ds-2
Maintainer: Debian GIS Project <pkg-grass-devel@lists.alioth.debian.org>
Uploaders: Francesco Paolo Lovergine <frankie@debian.org>, Bas Couwenberg <sebastic@debian.org>
Homepage: http://pktools.nongnu.org/
Standards-Version: 4.4.0
Vcs-Browser: https://salsa.debian.org/debian-gis-team/pktools
Vcs-Git: https://salsa.debian.org/debian-gis-team/pktools.git
Build-Depends: debhelper (>= 9), cmake, libgdal-dev (>= 1.10.0-0~), libgsl-dev | libgsl0-dev, libboost-dev, libarmadillo-dev, libfann-dev, libsvm-dev, pkg-kde-tools, docbook2x, docbook-xsl, docbook-xml, xsltproc
Package-List:
 libalgorithms1 deb libs optional arch=any
 libbase1 deb libs optional arch=any
 libfileclasses1 deb libs optional arch=any
 libimageclasses1 deb libs optional arch=any
 pktools deb science optional arch=any
 pktools-dev deb libdevel optional arch=any
Checksums-Sha1:
 74a79c9ca24139164f6dd209dbfa612255430ab1 3140034 pktools_2.6.7.6+ds.orig.tar.gz
 a9de009dd8c23d1e6c669c76cd82f94d59cb7321 44236 pktools_2.6.7.6+ds-2.debian.tar.xz
Checksums-Sha256:
 26105ddbd1cb6cbbababa2fea4e65045e7cdf68b75a8059b0e3cccbba2235529 3140034 pktools_2.6.7.6+ds.orig.tar.gz
 b9ab7fc54e18153ddccca2154da74e9e0dd7e176ec581e1e8b1bd09723abcd41 44236 pktools_2.6.7.6+ds-2.debian.tar.xz
Files:
 ad15b87a2c8d523b32d11c6ee7a9e123 3140034 pktools_2.6.7.6+ds.orig.tar.gz
 8a3df7fe610a68566eb693604f369b99 44236 pktools_2.6.7.6+ds-2.debian.tar.xz

-----BEGIN PGP SIGNATURE-----

iQIzBAEBCgAdFiEEgYLeQXBWQI1hRlDRZ1DxCuiNSvEFAl0nPk8ACgkQZ1DxCuiN
SvFGow//R/vP3pH9njRHiZlE3Pa0+Ysmm0SYWvbWPppxmSTggHNU+j6jPUR4/dry
8FXkvq0aW+SbXl5J+4JqEgX6IOqpNc79avmbINNmhnNlSHpFEIW6pPl+Lr6Bs5sQ
A+6SIMm8Gf2+DTL3/GNVW6xTqbLA8sg3t3oMz+/6ZYwxYZjMZGO/iz6lZWksUcVy
3RHFsyZDpUJFVSCAdB8oS8WTbtEn2eTGw5cEPETOUgQri9F9YGoF0NLyvQP2GPay
JuxUwoIczhDl+KqJMHSBmpkLB9KyfmR+LVTDdwyl5tJE2CzRF1OOrlRiyfFrZMfW
ZPZavAfQ8kx7Hu4f7f3VCLXvx3j8Vb6lxlxooFEdH0/A2Y7jJ0YDrr9wtScGPQV/
ARUQvhv36t1b+WbiKw9LFBsuvZRBvFq5h9weV+MJ0/+hpjSN+iSkERiqd3h79vst
sALyWXJB4iC2CHn0grcT+Ke73Mv2GWWgeKj1iQq6IQjW7LIuJq3at6/6Mdt9QbuP
0y/QnsxDzAo7GWpvETgQR7yhYa4DsTVNcOOKxKhkngf/SH/aufzH7o83XWe//qhu
Ll7hLW7dnJNMeXOFfp8PbLES8C5RT4oxa6JZJEEqKdLEq8XAiue6V3cTeWZpvZvO
04hRq+I6hFbnvZ/uEJa7N93eydAd26iaK+djmZgFRTwk6fgZULg=
=qED3
-----END PGP SIGNATURE-----

gpgv: unknown type of key resource 'trustedkeys.kbx'
gpgv: keyblock resource '/sbuild-nonexistent/.gnupg/trustedkeys.kbx': General error
gpgv: Signature made Thu Jul 11 13:49:03 2019 UTC
gpgv:                using RSA key 8182DE417056408D614650D16750F10AE88D4AF1
gpgv: Can't check signature: No public key
dpkg-source: warning: failed to verify signature on ./pktools_2.6.7.6+ds-2.dsc
dpkg-source: info: extracting pktools in /<<PKGBUILDDIR>>
dpkg-source: info: unpacking pktools_2.6.7.6+ds.orig.tar.gz
dpkg-source: info: unpacking pktools_2.6.7.6+ds-2.debian.tar.xz
dpkg-source: info: using patch list from debian/patches/series
dpkg-source: info: applying no-liblas.patch

Check disk space
----------------

Sufficient free space for build

User Environment
----------------

APT_CONFIG=/var/lib/sbuild/apt.conf
HOME=/sbuild-nonexistent
LANG=C.UTF-8
LC_ALL=C.UTF-8
LOGNAME=user42
PATH=/usr/local/sbin:/usr/local/bin:/usr/sbin:/usr/bin:/sbin:/bin:/usr/games
SCHROOT_ALIAS_NAME=unstable
SCHROOT_CHROOT_NAME=sid-amd64-sbuild
SCHROOT_COMMAND=env
SCHROOT_GID=1001
SCHROOT_GROUP=user42
SCHROOT_SESSION_ID=sid-amd64-sbuild-2fccdd61-4303-45d8-9b11-9015f4a01f04
SCHROOT_UID=1001
SCHROOT_USER=user42
SHELL=/bin/sh
USER=user42

dpkg-buildpackage
-----------------

Command: dpkg-buildpackage -us -uc -b -rfakeroot
dpkg-buildpackage: info: source package pktools
dpkg-buildpackage: info: source version 2.6.7.6+ds-2
dpkg-buildpackage: info: source distribution unstable
dpkg-buildpackage: info: source changed by Bas Couwenberg <sebastic@debian.org>
 dpkg-source --before-build .
dpkg-buildpackage: info: host architecture amd64
 fakeroot debian/rules clean
dh clean --buildsystem cmake \
      --with pkgkde_symbolshelper \
      --parallel
   dh_auto_clean -O--buildsystem=cmake -O--parallel
   debian/rules override_dh_clean
make[1]: Entering directory '/<<PKGBUILDDIR>>'
dh_clean debian/man/*.1
find /<<PKGBUILDDIR>> -name '*.o' -delete
find /<<PKGBUILDDIR>> -name '*.so*' -delete
find /<<PKGBUILDDIR>> -name '*.a' -delete
make[1]: Leaving directory '/<<PKGBUILDDIR>>'
 debian/rules build
dh build --buildsystem cmake \
      --with pkgkde_symbolshelper \
      --parallel
   dh_update_autotools_config -O--buildsystem=cmake -O--parallel
   debian/rules override_dh_auto_configure
make[1]: Entering directory '/<<PKGBUILDDIR>>'
dh_auto_configure -- -DBUILD_WITH_FANN=ON \
                     -DBUILD_SHARED_LIBS=ON \
                     -DINSTALL_LIBRARY_DIR=/usr/lib/x86_64-linux-gnu
	cd obj-x86_64-linux-gnu && cmake -DCMAKE_INSTALL_PREFIX=/usr -DCMAKE_BUILD_TYPE=None -DCMAKE_INSTALL_SYSCONFDIR=/etc -DCMAKE_INSTALL_LOCALSTATEDIR=/var -DCMAKE_EXPORT_NO_PACKAGE_REGISTRY=ON -DCMAKE_FIND_PACKAGE_NO_PACKAGE_REGISTRY=ON "-GUnix Makefiles" -DCMAKE_VERBOSE_MAKEFILE=ON -DCMAKE_INSTALL_LIBDIR=lib/x86_64-linux-gnu -DBUILD_WITH_FANN=ON -DBUILD_SHARED_LIBS=ON -DINSTALL_LIBRARY_DIR=/usr/lib/x86_64-linux-gnu ..
-- The C compiler identification is Clang 9.0.1
-- The CXX compiler identification is Clang 9.0.1
-- Check for working C compiler: /usr/bin/cc
-- Check for working C compiler: /usr/bin/cc -- works
-- Detecting C compiler ABI info
-- Detecting C compiler ABI info - done
-- Detecting C compile features
-- Detecting C compile features - done
-- Check for working CXX compiler: /usr/bin/c++
-- Check for working CXX compiler: /usr/bin/c++ -- works
-- Detecting CXX compiler ABI info
-- Detecting CXX compiler ABI info - done
-- Detecting CXX compile features
-- Detecting CXX compile features - done
-- Found GDAL: /usr/lib/libgdal.so (found suitable version "3.0.4", minimum required is "1.10") 
-- Using GSL from /usr
-- Found Armadillo: /usr/lib/libarmadillo.so (found version "9.800.4") 
-- Found FANN: /usr/lib/x86_64-linux-gnu/libfloatfann.so  
-- Configuring done
-- Generating done
CMake Warning:
  Manually-specified variables were not used by the project:

    CMAKE_EXPORT_NO_PACKAGE_REGISTRY
    CMAKE_INSTALL_LIBDIR
    CMAKE_INSTALL_LOCALSTATEDIR
    CMAKE_INSTALL_SYSCONFDIR


-- Build files have been written to: /<<PKGBUILDDIR>>/obj-x86_64-linux-gnu
make[1]: Leaving directory '/<<PKGBUILDDIR>>'
   debian/rules override_dh_auto_build
make[1]: Entering directory '/<<PKGBUILDDIR>>'
# Create man pages from DocBook XML
for x in debian/man/pksvm.1.xml debian/man/pkascii2ogr.1.xml debian/man/pkfilterdem.1.xml debian/man/pkcreatect.1.xml debian/man/pkkalman.1.xml debian/man/pksvmogr.1.xml debian/man/pklas2img.1.xml debian/man/pkpolygonize.1.xml debian/man/pkreclassogr.1.xml debian/man/pkegcs.1.xml debian/man/pkdumpimg.1.xml debian/man/pkstatogr.1.xml debian/man/pkascii2img.1.xml debian/man/pkfilterascii.1.xml debian/man/pkfilter.1.xml debian/man/pktools-config.1.xml debian/man/pkgetmask.1.xml debian/man/pkreclass.1.xml debian/man/pkstatascii.1.xml debian/man/pkstat.1.xml debian/man/pkdsm2shadow.1.xml debian/man/pkinfo.1.xml debian/man/pksieve.1.xml debian/man/pkstatprofile.1.xml debian/man/pkfsann.1.xml debian/man/pkannogr.1.xml debian/man/pkdiff.1.xml debian/man/pksetmask.1.xml debian/man/pkextractogr.1.xml debian/man/pkann.1.xml debian/man/pkcrop.1.xml debian/man/pkoptsvm.1.xml debian/man/pkcomposite.1.xml debian/man/pkextractimg.1.xml debian/man/pkfssvm.1.xml debian/man/pkfillnodata.1.xml debian/man/pkregann.1.xml debian/man/pkdumpogr.1.xml ; do \
  docbook2x-man --string-param header-3="11 July 2019" $x ; \
  mv `basename $x | sed 's/.xml$//'` `dirname $x` ; \
done
docbook2man://refsect3[@id='pkfilter_functions_1_1']: element not matched by any template
docbook2man://refsect3[@id='pkfilter_functions_1_2']: element not matched by any template
docbook2man://refsect3[@id='pkfilter_functions_2_1']: element not matched by any template
docbook2man://refsect3[@id='pkfilter_functions_2_2']: element not matched by any template
dh_auto_build
	cd obj-x86_64-linux-gnu && make -j4
make[2]: Entering directory '/<<PKGBUILDDIR>>/obj-x86_64-linux-gnu'
/usr/bin/cmake -S/<<PKGBUILDDIR>> -B/<<PKGBUILDDIR>>/obj-x86_64-linux-gnu --check-build-system CMakeFiles/Makefile.cmake 0
/usr/bin/cmake -E cmake_progress_start /<<PKGBUILDDIR>>/obj-x86_64-linux-gnu/CMakeFiles /<<PKGBUILDDIR>>/obj-x86_64-linux-gnu/CMakeFiles/progress.marks
make -f CMakeFiles/Makefile2 all
make[3]: Entering directory '/<<PKGBUILDDIR>>/obj-x86_64-linux-gnu'
make -f src/CMakeFiles/base.dir/build.make src/CMakeFiles/base.dir/depend
make -f src/CMakeFiles/imageClasses.dir/build.make src/CMakeFiles/imageClasses.dir/depend
make -f src/CMakeFiles/fileClasses.dir/build.make src/CMakeFiles/fileClasses.dir/depend
make[4]: Entering directory '/<<PKGBUILDDIR>>/obj-x86_64-linux-gnu'
cd /<<PKGBUILDDIR>>/obj-x86_64-linux-gnu && /usr/bin/cmake -E cmake_depends "Unix Makefiles" /<<PKGBUILDDIR>> /<<PKGBUILDDIR>>/src /<<PKGBUILDDIR>>/obj-x86_64-linux-gnu /<<PKGBUILDDIR>>/obj-x86_64-linux-gnu/src /<<PKGBUILDDIR>>/obj-x86_64-linux-gnu/src/CMakeFiles/imageClasses.dir/DependInfo.cmake --color=
make[4]: Entering directory '/<<PKGBUILDDIR>>/obj-x86_64-linux-gnu'
cd /<<PKGBUILDDIR>>/obj-x86_64-linux-gnu && /usr/bin/cmake -E cmake_depends "Unix Makefiles" /<<PKGBUILDDIR>> /<<PKGBUILDDIR>>/src /<<PKGBUILDDIR>>/obj-x86_64-linux-gnu /<<PKGBUILDDIR>>/obj-x86_64-linux-gnu/src /<<PKGBUILDDIR>>/obj-x86_64-linux-gnu/src/CMakeFiles/base.dir/DependInfo.cmake --color=
make[4]: Entering directory '/<<PKGBUILDDIR>>/obj-x86_64-linux-gnu'
cd /<<PKGBUILDDIR>>/obj-x86_64-linux-gnu && /usr/bin/cmake -E cmake_depends "Unix Makefiles" /<<PKGBUILDDIR>> /<<PKGBUILDDIR>>/src /<<PKGBUILDDIR>>/obj-x86_64-linux-gnu /<<PKGBUILDDIR>>/obj-x86_64-linux-gnu/src /<<PKGBUILDDIR>>/obj-x86_64-linux-gnu/src/CMakeFiles/fileClasses.dir/DependInfo.cmake --color=
Scanning dependencies of target base
make[4]: Leaving directory '/<<PKGBUILDDIR>>/obj-x86_64-linux-gnu'
make -f src/CMakeFiles/base.dir/build.make src/CMakeFiles/base.dir/build
make[4]: Entering directory '/<<PKGBUILDDIR>>/obj-x86_64-linux-gnu'
Scanning dependencies of target imageClasses
Scanning dependencies of target fileClasses
make[4]: Leaving directory '/<<PKGBUILDDIR>>/obj-x86_64-linux-gnu'
make -f src/CMakeFiles/imageClasses.dir/build.make src/CMakeFiles/imageClasses.dir/build
make[4]: Leaving directory '/<<PKGBUILDDIR>>/obj-x86_64-linux-gnu'
make -f src/CMakeFiles/fileClasses.dir/build.make src/CMakeFiles/fileClasses.dir/build
make[4]: Entering directory '/<<PKGBUILDDIR>>/obj-x86_64-linux-gnu'
make[4]: Entering directory '/<<PKGBUILDDIR>>/obj-x86_64-linux-gnu'
[  1%] Building CXX object src/CMakeFiles/base.dir/base/Vector2d.cc.o
cd /<<PKGBUILDDIR>>/obj-x86_64-linux-gnu/src && /usr/bin/c++  -DFANN_DLL -DGSL_DLL -DHAVE_CONFIG_H -Dbase_EXPORTS -I/<<PKGBUILDDIR>>/obj-x86_64-linux-gnu/base -I/usr/include/gdal -I/<<PKGBUILDDIR>>/src  -g -O2 -fdebug-prefix-map=/<<PKGBUILDDIR>>=. -fstack-protector-strong -Wformat -Werror=format-security -DNDEBUG -I/usr/include/hdf5/serial -Wdate-time -D_FORTIFY_SOURCE=2 -Wall -Wpointer-arith -Wcast-align -Wcast-qual -Wredundant-decls -Wno-long-long -fPIC   -o CMakeFiles/base.dir/base/Vector2d.cc.o -c /<<PKGBUILDDIR>>/src/base/Vector2d.cc
[  2%] Building CXX object src/CMakeFiles/imageClasses.dir/imageclasses/ImgRasterGdal.cc.o
[  3%] Building CXX object src/CMakeFiles/imageClasses.dir/imageclasses/ImgReaderGdal.cc.o
cd /<<PKGBUILDDIR>>/obj-x86_64-linux-gnu/src && /usr/bin/c++  -DFANN_DLL -DGSL_DLL -DHAVE_CONFIG_H -DimageClasses_EXPORTS -I/<<PKGBUILDDIR>>/obj-x86_64-linux-gnu/base -I/usr/include/gdal -I/<<PKGBUILDDIR>>/src  -g -O2 -fdebug-prefix-map=/<<PKGBUILDDIR>>=. -fstack-protector-strong -Wformat -Werror=format-security -DNDEBUG -I/usr/include/hdf5/serial -Wdate-time -D_FORTIFY_SOURCE=2 -Wall -Wpointer-arith -Wcast-align -Wcast-qual -Wredundant-decls -Wno-long-long -fPIC   -o CMakeFiles/imageClasses.dir/imageclasses/ImgRasterGdal.cc.o -c /<<PKGBUILDDIR>>/src/imageclasses/ImgRasterGdal.cc
cd /<<PKGBUILDDIR>>/obj-x86_64-linux-gnu/src && /usr/bin/c++  -DFANN_DLL -DGSL_DLL -DHAVE_CONFIG_H -DimageClasses_EXPORTS -I/<<PKGBUILDDIR>>/obj-x86_64-linux-gnu/base -I/usr/include/gdal -I/<<PKGBUILDDIR>>/src  -g -O2 -fdebug-prefix-map=/<<PKGBUILDDIR>>=. -fstack-protector-strong -Wformat -Werror=format-security -DNDEBUG -I/usr/include/hdf5/serial -Wdate-time -D_FORTIFY_SOURCE=2 -Wall -Wpointer-arith -Wcast-align -Wcast-qual -Wredundant-decls -Wno-long-long -fPIC   -o CMakeFiles/imageClasses.dir/imageclasses/ImgReaderGdal.cc.o -c /<<PKGBUILDDIR>>/src/imageclasses/ImgReaderGdal.cc
[  4%] Building CXX object src/CMakeFiles/fileClasses.dir/fileclasses/FileReaderAscii.cc.o
cd /<<PKGBUILDDIR>>/obj-x86_64-linux-gnu/src && /usr/bin/c++  -DFANN_DLL -DGSL_DLL -DHAVE_CONFIG_H -DfileClasses_EXPORTS -I/<<PKGBUILDDIR>>/obj-x86_64-linux-gnu/base -I/usr/include/gdal -I/<<PKGBUILDDIR>>/src  -g -O2 -fdebug-prefix-map=/<<PKGBUILDDIR>>=. -fstack-protector-strong -Wformat -Werror=format-security -DNDEBUG -I/usr/include/hdf5/serial -Wdate-time -D_FORTIFY_SOURCE=2 -Wall -Wpointer-arith -Wcast-align -Wcast-qual -Wredundant-decls -Wno-long-long -fPIC   -o CMakeFiles/fileClasses.dir/fileclasses/FileReaderAscii.cc.o -c /<<PKGBUILDDIR>>/src/fileclasses/FileReaderAscii.cc
[  5%] Linking CXX shared library libbase.so
cd /<<PKGBUILDDIR>>/obj-x86_64-linux-gnu/src && /usr/bin/cmake -E cmake_link_script CMakeFiles/base.dir/link.txt --verbose=1
/usr/bin/c++ -fPIC -g -O2 -fdebug-prefix-map=/<<PKGBUILDDIR>>=. -fstack-protector-strong -Wformat -Werror=format-security -DNDEBUG -I/usr/include/hdf5/serial -Wdate-time -D_FORTIFY_SOURCE=2 -Wall -Wpointer-arith -Wcast-align -Wcast-qual -Wredundant-decls -Wno-long-long -Wl,-z,relro -Wl,-z,now -shared -Wl,-soname,libbase.so.1 -o libbase.so.1.6.1 CMakeFiles/base.dir/base/Vector2d.cc.o  -lgdal -L/usr/lib/x86_64-linux-gnu -lgsl -lgslcblas -lm -larmadillo 
cd /<<PKGBUILDDIR>>/obj-x86_64-linux-gnu/src && /usr/bin/cmake -E cmake_symlink_library libbase.so.1.6.1 libbase.so.1 libbase.so
make[4]: Leaving directory '/<<PKGBUILDDIR>>/obj-x86_64-linux-gnu'
[  5%] Built target base
[  6%] Building CXX object src/CMakeFiles/imageClasses.dir/imageclasses/ImgReaderOgr.cc.o
cd /<<PKGBUILDDIR>>/obj-x86_64-linux-gnu/src && /usr/bin/c++  -DFANN_DLL -DGSL_DLL -DHAVE_CONFIG_H -DimageClasses_EXPORTS -I/<<PKGBUILDDIR>>/obj-x86_64-linux-gnu/base -I/usr/include/gdal -I/<<PKGBUILDDIR>>/src  -g -O2 -fdebug-prefix-map=/<<PKGBUILDDIR>>=. -fstack-protector-strong -Wformat -Werror=format-security -DNDEBUG -I/usr/include/hdf5/serial -Wdate-time -D_FORTIFY_SOURCE=2 -Wall -Wpointer-arith -Wcast-align -Wcast-qual -Wredundant-decls -Wno-long-long -fPIC   -o CMakeFiles/imageClasses.dir/imageclasses/ImgReaderOgr.cc.o -c /<<PKGBUILDDIR>>/src/imageclasses/ImgReaderOgr.cc
/<<PKGBUILDDIR>>/src/imageclasses/ImgRasterGdal.cc:221:12: warning: cast from 'const char *' to 'char **' increases required alignment from 1 to 8 [-Wcast-align]
    return (char**)"";
           ^~~~~~~~~~
/<<PKGBUILDDIR>>/src/imageclasses/ImgRasterGdal.cc:221:20: warning: cast from 'const char *' to 'char **' drops const qualifier [-Wcast-qual]
    return (char**)"";
                   ^
/<<PKGBUILDDIR>>/src/imageclasses/ImgRasterGdal.cc:222:1: warning: control may reach end of non-void function [-Wreturn-type]
}
^
/<<PKGBUILDDIR>>/src/imageclasses/ImgRasterGdal.cc:234:12: warning: cast from 'const char *' to 'char **' increases required alignment from 1 to 8 [-Wcast-align]
    return (char**)"";
           ^~~~~~~~~~
/<<PKGBUILDDIR>>/src/imageclasses/ImgRasterGdal.cc:234:20: warning: cast from 'const char *' to 'char **' drops const qualifier [-Wcast-qual]
    return (char**)"";
                   ^
/<<PKGBUILDDIR>>/src/imageclasses/ImgRasterGdal.cc:235:1: warning: control may reach end of non-void function [-Wreturn-type]
}
^
/<<PKGBUILDDIR>>/src/imageclasses/ImgRasterGdal.cc:262:1: warning: control may reach end of non-void function [-Wreturn-type]
}
^
/<<PKGBUILDDIR>>/src/imageclasses/ImgRasterGdal.cc:275:1: warning: control may reach end of non-void function [-Wreturn-type]
}
^
/<<PKGBUILDDIR>>/src/imageclasses/ImgRasterGdal.cc:288:1: warning: control may reach end of non-void function [-Wreturn-type]
}
^
/<<PKGBUILDDIR>>/src/imageclasses/ImgRasterGdal.cc:316:1: warning: control may reach end of non-void function [-Wreturn-type]
}
^
In file included from /<<PKGBUILDDIR>>/src/imageclasses/ImgReaderGdal.cc:25:
In file included from /<<PKGBUILDDIR>>/src/imageclasses/ImgReaderGdal.h:29:
In file included from /<<PKGBUILDDIR>>/src/base/Vector2d.h:29:
/<<PKGBUILDDIR>>/src/algorithms/StatFactory.h:100:26: warning: unused variable 'T' [-Wunused-variable]
    const gsl_rng_type * T;
                         ^
/<<PKGBUILDDIR>>/src/algorithms/StatFactory.h:1272:10: warning: unused variable 'rangeY' [-Wunused-variable]
  double rangeY=maxY-minY;
         ^
/<<PKGBUILDDIR>>/src/algorithms/StatFactory.h:1416:7: warning: unused variable 'nband' [-Wunused-variable]
  int nband=wavelengthIn.size();
      ^
/<<PKGBUILDDIR>>/src/imageclasses/ImgReaderGdal.cc:307:21: warning: unused variable 'nsample' [-Wunused-variable]
  unsigned long int nsample=0;
                    ^
/<<PKGBUILDDIR>>/src/imageclasses/ImgReaderGdal.cc:282:76: warning: variable 'pfnProgress' is uninitialized when used here [-Wuninitialized]
    rasterBand->ComputeStatistics(0,&minValue,&maxValue,&meanValue,&stdDev,pfnProgress,pProgressData);
                                                                           ^~~~~~~~~~~
/<<PKGBUILDDIR>>/src/imageclasses/ImgReaderGdal.cc:278:33: note: initialize the variable 'pfnProgress' to silence this warning
    GDALProgressFunc pfnProgress;
                                ^
                                 = nullptr
/<<PKGBUILDDIR>>/src/imageclasses/ImgReaderGdal.cc:282:88: warning: variable 'pProgressData' is uninitialized when used here [-Wuninitialized]
    rasterBand->ComputeStatistics(0,&minValue,&maxValue,&meanValue,&stdDev,pfnProgress,pProgressData);
                                                                                       ^~~~~~~~~~~~~
/<<PKGBUILDDIR>>/src/imageclasses/ImgReaderGdal.cc:279:24: note: initialize the variable 'pProgressData' to silence this warning
    void* pProgressData;
                       ^
                        = nullptr
In file included from /<<PKGBUILDDIR>>/src/imageclasses/ImgReaderGdal.cc:25:
/<<PKGBUILDDIR>>/src/imageclasses/ImgReaderGdal.h:148:3: warning: ignoring return value of function declared with 'warn_unused_result' attribute [-Wunused-result]
  poBand->RasterIO(GF_Read,minCol,row,buffer.size(),1,&(buffer[0]),buffer.size(),1,getGDALDataType<T>(),0,0);
  ^~~~~~~~~~~~~~~~
/<<PKGBUILDDIR>>/src/imageclasses/ImgReaderGdal.cc:170:5: note: in instantiation of function template specialization 'ImgReaderGdal::readData<double>' requested here
    readData(lineBuffer,startCol,endCol,irow,band);
    ^
In file included from /<<PKGBUILDDIR>>/src/imageclasses/ImgReaderGdal.cc:25:
/<<PKGBUILDDIR>>/src/imageclasses/ImgReaderGdal.h:148:3: warning: ignoring return value of function declared with 'warn_unused_result' attribute [-Wunused-result]
  poBand->RasterIO(GF_Read,minCol,row,buffer.size(),1,&(buffer[0]),buffer.size(),1,getGDALDataType<T>(),0,0);
  ^~~~~~~~~~~~~~~~
/<<PKGBUILDDIR>>/src/imageclasses/ImgReaderGdal.h:282:3: note: in instantiation of function template specialization 'ImgReaderGdal::readData<short>' requested here
  readData(buffer,0,nrOfCol()-1,row,band);
  ^
/<<PKGBUILDDIR>>/src/imageclasses/ImgReaderGdal.cc:360:5: note: in instantiation of function template specialization 'ImgReaderGdal::readData<short>' requested here
    readData(lineBuffer,irow,band);
    ^
In file included from /<<PKGBUILDDIR>>/src/imageclasses/ImgReaderOgr.cc:22:
In file included from /<<PKGBUILDDIR>>/src/imageclasses/ImgReaderOgr.h:31:
In file included from /<<PKGBUILDDIR>>/src/base/Vector2d.h:29:
/<<PKGBUILDDIR>>/src/algorithms/StatFactory.h:100:26: warning: unused variable 'T' [-Wunused-variable]
    const gsl_rng_type * T;
                         ^
/<<PKGBUILDDIR>>/src/algorithms/StatFactory.h:1272:10: warning: unused variable 'rangeY' [-Wunused-variable]
  double rangeY=maxY-minY;
         ^
/<<PKGBUILDDIR>>/src/algorithms/StatFactory.h:1416:7: warning: unused variable 'nband' [-Wunused-variable]
  int nband=wavelengthIn.size();
      ^
In file included from /<<PKGBUILDDIR>>/src/imageclasses/ImgReaderOgr.cc:22:
/<<PKGBUILDDIR>>/src/imageclasses/ImgReaderOgr.h:127:9: warning: unused variable 'posOffset' [-Wunused-variable]
    int posOffset=(pos)?2:0;
        ^
/<<PKGBUILDDIR>>/src/imageclasses/ImgReaderOgr.h:261:9: warning: unused variable 'posOffset' [-Wunused-variable]
    int posOffset=(pos)?2:0;
        ^
/<<PKGBUILDDIR>>/src/imageclasses/ImgReaderOgr.h:380:19: warning: unused variable 'poFDefn' [-Wunused-variable]
  OGRFeatureDefn *poFDefn = poLayer->GetLayerDefn();
                  ^
/<<PKGBUILDDIR>>/src/imageclasses/ImgReaderOgr.h:442:13: warning: unused variable 'poPoint' [-Wunused-variable]
  OGRPoint *poPoint = (OGRPoint *) poGeometry;
            ^
/<<PKGBUILDDIR>>/src/imageclasses/ImgReaderOgr.h:552:15: warning: unused variable 'poPoint' [-Wunused-variable]
    OGRPoint *poPoint = (OGRPoint *) poGeometry;
              ^
/<<PKGBUILDDIR>>/src/imageclasses/ImgReaderOgr.h:625:15: warning: unused variable 'poPoint' [-Wunused-variable]
    OGRPoint *poPoint = (OGRPoint *) poGeometry;
              ^
/<<PKGBUILDDIR>>/src/imageclasses/ImgReaderOgr.h:681:7: warning: unused variable 'posOffset' [-Wunused-variable]
  int posOffset=(pos)?2:0;
      ^
/<<PKGBUILDDIR>>/src/imageclasses/ImgReaderOgr.h:773:9: warning: unused variable 'posOffset' [-Wunused-variable]
    int posOffset=(pos)?2:0;
        ^
/<<PKGBUILDDIR>>/src/imageclasses/ImgReaderOgr.h:883:9: warning: unused variable 'posOffset' [-Wunused-variable]
    int posOffset=(pos)?2:0;
        ^
10 warnings generated.
/<<PKGBUILDDIR>>/src/imageclasses/ImgReaderOgr.cc:183:19: warning: unused variable 'poFieldDefn' [-Wunused-variable]
    OGRFieldDefn *poFieldDefn = poFDefn->GetFieldDefn(iField);
                  ^
/<<PKGBUILDDIR>>/src/imageclasses/ImgReaderOgr.cc:218:9: warning: unused variable 'iField' [-Wunused-variable]
    int iField=0;
        ^
[  7%] Building CXX object src/CMakeFiles/imageClasses.dir/imageclasses/ImgWriterGdal.cc.o
cd /<<PKGBUILDDIR>>/obj-x86_64-linux-gnu/src && /usr/bin/c++  -DFANN_DLL -DGSL_DLL -DHAVE_CONFIG_H -DimageClasses_EXPORTS -I/<<PKGBUILDDIR>>/obj-x86_64-linux-gnu/base -I/usr/include/gdal -I/<<PKGBUILDDIR>>/src  -g -O2 -fdebug-prefix-map=/<<PKGBUILDDIR>>=. -fstack-protector-strong -Wformat -Werror=format-security -DNDEBUG -I/usr/include/hdf5/serial -Wdate-time -D_FORTIFY_SOURCE=2 -Wall -Wpointer-arith -Wcast-align -Wcast-qual -Wredundant-decls -Wno-long-long -fPIC   -o CMakeFiles/imageClasses.dir/imageclasses/ImgWriterGdal.cc.o -c /<<PKGBUILDDIR>>/src/imageclasses/ImgWriterGdal.cc
8 warnings generated.
[  8%] Building CXX object src/CMakeFiles/imageClasses.dir/imageclasses/ImgWriterOgr.cc.o
cd /<<PKGBUILDDIR>>/obj-x86_64-linux-gnu/src && /usr/bin/c++  -DFANN_DLL -DGSL_DLL -DHAVE_CONFIG_H -DimageClasses_EXPORTS -I/<<PKGBUILDDIR>>/obj-x86_64-linux-gnu/base -I/usr/include/gdal -I/<<PKGBUILDDIR>>/src  -g -O2 -fdebug-prefix-map=/<<PKGBUILDDIR>>=. -fstack-protector-strong -Wformat -Werror=format-security -DNDEBUG -I/usr/include/hdf5/serial -Wdate-time -D_FORTIFY_SOURCE=2 -Wall -Wpointer-arith -Wcast-align -Wcast-qual -Wredundant-decls -Wno-long-long -fPIC   -o CMakeFiles/imageClasses.dir/imageclasses/ImgWriterOgr.cc.o -c /<<PKGBUILDDIR>>/src/imageclasses/ImgWriterOgr.cc
In file included from /<<PKGBUILDDIR>>/src/imageclasses/ImgWriterGdal.cc:27:
In file included from /<<PKGBUILDDIR>>/src/imageclasses/ImgWriterGdal.h:29:
In file included from /<<PKGBUILDDIR>>/src/imageclasses/ImgReaderGdal.h:29:
In file included from /<<PKGBUILDDIR>>/src/base/Vector2d.h:29:
/<<PKGBUILDDIR>>/src/algorithms/StatFactory.h:100:26: warning: unused variable 'T' [-Wunused-variable]
    const gsl_rng_type * T;
                         ^
14 warnings generated.
/<<PKGBUILDDIR>>/src/algorithms/StatFactory.h:1272:10: warning: unused variable 'rangeY' [-Wunused-variable]
  double rangeY=maxY-minY;
         ^
/<<PKGBUILDDIR>>/src/algorithms/StatFactory.h:1416:7: warning: unused variable 'nband' [-Wunused-variable]
  int nband=wavelengthIn.size();
      ^
[  9%] Building CXX object src/CMakeFiles/imageClasses.dir/imageclasses/ImgUpdaterGdal.cc.o
cd /<<PKGBUILDDIR>>/obj-x86_64-linux-gnu/src && /usr/bin/c++  -DFANN_DLL -DGSL_DLL -DHAVE_CONFIG_H -DimageClasses_EXPORTS -I/<<PKGBUILDDIR>>/obj-x86_64-linux-gnu/base -I/usr/include/gdal -I/<<PKGBUILDDIR>>/src  -g -O2 -fdebug-prefix-map=/<<PKGBUILDDIR>>=. -fstack-protector-strong -Wformat -Werror=format-security -DNDEBUG -I/usr/include/hdf5/serial -Wdate-time -D_FORTIFY_SOURCE=2 -Wall -Wpointer-arith -Wcast-align -Wcast-qual -Wredundant-decls -Wno-long-long -fPIC   -o CMakeFiles/imageClasses.dir/imageclasses/ImgUpdaterGdal.cc.o -c /<<PKGBUILDDIR>>/src/imageclasses/ImgUpdaterGdal.cc
In file included from /<<PKGBUILDDIR>>/src/imageclasses/ImgWriterGdal.cc:27:
In file included from /<<PKGBUILDDIR>>/src/imageclasses/ImgWriterGdal.h:30:
/<<PKGBUILDDIR>>/src/imageclasses/ImgReaderOgr.h:127:9: warning: unused variable 'posOffset' [-Wunused-variable]
    int posOffset=(pos)?2:0;
        ^
/<<PKGBUILDDIR>>/src/imageclasses/ImgReaderOgr.h:261:9: warning: unused variable 'posOffset' [-Wunused-variable]
    int posOffset=(pos)?2:0;
        ^
/<<PKGBUILDDIR>>/src/imageclasses/ImgReaderOgr.h:380:19: warning: unused variable 'poFDefn' [-Wunused-variable]
  OGRFeatureDefn *poFDefn = poLayer->GetLayerDefn();
                  ^
/<<PKGBUILDDIR>>/src/imageclasses/ImgReaderOgr.h:442:13: warning: unused variable 'poPoint' [-Wunused-variable]
  OGRPoint *poPoint = (OGRPoint *) poGeometry;
            ^
/<<PKGBUILDDIR>>/src/imageclasses/ImgReaderOgr.h:552:15: warning: unused variable 'poPoint' [-Wunused-variable]
    OGRPoint *poPoint = (OGRPoint *) poGeometry;
              ^
/<<PKGBUILDDIR>>/src/imageclasses/ImgReaderOgr.h:625:15: warning: unused variable 'poPoint' [-Wunused-variable]
    OGRPoint *poPoint = (OGRPoint *) poGeometry;
              ^
/<<PKGBUILDDIR>>/src/imageclasses/ImgReaderOgr.h:681:7: warning: unused variable 'posOffset' [-Wunused-variable]
  int posOffset=(pos)?2:0;
      ^
/<<PKGBUILDDIR>>/src/imageclasses/ImgReaderOgr.h:773:9: warning: unused variable 'posOffset' [-Wunused-variable]
    int posOffset=(pos)?2:0;
        ^
/<<PKGBUILDDIR>>/src/imageclasses/ImgReaderOgr.h:883:9: warning: unused variable 'posOffset' [-Wunused-variable]
    int posOffset=(pos)?2:0;
        ^
/<<PKGBUILDDIR>>/src/imageclasses/ImgWriterGdal.cc:354:104: warning: variable 'pTransformArg' is uninitialized when used here [-Wuninitialized]
    if(GDALRasterizeLayers( (GDALDatasetH)m_gds,nrOfBand(),&(bands[0]),layers.size(),&(layers[0]),NULL,pTransformArg,NULL,coptions,pfnProgress,pProgressArg)!=CE_None){
                                                                                                       ^~~~~~~~~~~~~
/<<PKGBUILDDIR>>/src/imageclasses/ImgWriterGdal.cc:345:22: note: initialize the variable 'pTransformArg' to silence this warning
  void* pTransformArg;
                     ^
                      = nullptr
In file included from /<<PKGBUILDDIR>>/src/fileclasses/FileReaderAscii.cc:22:
/<<PKGBUILDDIR>>/src/fileclasses/FileReaderAscii.h:127:19: warning: result of comparison of constant 1 with expression of type 'bool' is always false [-Wtautological-constant-compare]
        if(verbose>1)
           ~~~~~~~^~
/<<PKGBUILDDIR>>/src/fileclasses/FileReaderAscii.h:157:19: warning: result of comparison of constant 1 with expression of type 'bool' is always false [-Wtautological-constant-compare]
        if(verbose>1)
           ~~~~~~~^~
/<<PKGBUILDDIR>>/src/fileclasses/FileReaderAscii.h:250:19: warning: result of comparison of constant 1 with expression of type 'bool' is always false [-Wtautological-constant-compare]
        if(verbose>1)
           ~~~~~~~^~
/<<PKGBUILDDIR>>/src/fileclasses/FileReaderAscii.h:286:19: warning: result of comparison of constant 1 with expression of type 'bool' is always false [-Wtautological-constant-compare]
        if(verbose>1)
           ~~~~~~~^~
/<<PKGBUILDDIR>>/src/fileclasses/FileReaderAscii.cc:25:35: warning: field 'm_maxRow' will be initialized after field 'm_fs' [-Wreorder]
  : m_min(0),m_max(0),m_minRow(0),m_maxRow(0),m_fs(' '),m_comment('#'){
                                  ^
/<<PKGBUILDDIR>>/src/fileclasses/FileReaderAscii.cc:29:35: warning: field 'm_maxRow' will be initialized after field 'm_fs' [-Wreorder]
  : m_min(0),m_max(0),m_minRow(0),m_maxRow(0),m_fs(' '),m_comment('#'){
                                  ^
/<<PKGBUILDDIR>>/src/fileclasses/FileReaderAscii.cc:34:35: warning: field 'm_maxRow' will be initialized after field 'm_fs' [-Wreorder]
  : m_min(0),m_max(0),m_minRow(0),m_maxRow(0),m_fs(fieldseparator),m_comment('#'){
                                  ^
/<<PKGBUILDDIR>>/src/fileclasses/FileReaderAscii.cc:109:17: warning: result of comparison of constant 1 with expression of type 'bool' is always false [-Wtautological-constant-compare]
      if(verbose>1)
         ~~~~~~~^~
/<<PKGBUILDDIR>>/src/fileclasses/FileReaderAscii.cc:202:17: warning: result of comparison of constant 1 with expression of type 'bool' is always false [-Wtautological-constant-compare]
      if(verbose>1)
         ~~~~~~~^~
In file included from /<<PKGBUILDDIR>>/src/imageclasses/ImgWriterOgr.cc:23:
In file included from /<<PKGBUILDDIR>>/src/imageclasses/ImgReaderOgr.h:31:
In file included from /<<PKGBUILDDIR>>/src/base/Vector2d.h:29:
/<<PKGBUILDDIR>>/src/algorithms/StatFactory.h:100:26: warning: unused variable 'T' [-Wunused-variable]
    const gsl_rng_type * T;
                         ^
/<<PKGBUILDDIR>>/src/algorithms/StatFactory.h:1272:10: warning: unused variable 'rangeY' [-Wunused-variable]
  double rangeY=maxY-minY;
         ^
/<<PKGBUILDDIR>>/src/algorithms/StatFactory.h:1416:7: warning: unused variable 'nband' [-Wunused-variable]
  int nband=wavelengthIn.size();
      ^
In file included from /<<PKGBUILDDIR>>/src/imageclasses/ImgWriterOgr.cc:23:
/<<PKGBUILDDIR>>/src/imageclasses/ImgReaderOgr.h:127:9: warning: unused variable 'posOffset' [-Wunused-variable]
    int posOffset=(pos)?2:0;
        ^
/<<PKGBUILDDIR>>/src/imageclasses/ImgReaderOgr.h:261:9: warning: unused variable 'posOffset' [-Wunused-variable]
    int posOffset=(pos)?2:0;
        ^
/<<PKGBUILDDIR>>/src/imageclasses/ImgReaderOgr.h:380:19: warning: unused variable 'poFDefn' [-Wunused-variable]
  OGRFeatureDefn *poFDefn = poLayer->GetLayerDefn();
                  ^
/<<PKGBUILDDIR>>/src/imageclasses/ImgReaderOgr.h:442:13: warning: unused variable 'poPoint' [-Wunused-variable]
  OGRPoint *poPoint = (OGRPoint *) poGeometry;
            ^
/<<PKGBUILDDIR>>/src/imageclasses/ImgReaderOgr.h:552:15: warning: unused variable 'poPoint' [-Wunused-variable]
    OGRPoint *poPoint = (OGRPoint *) poGeometry;
              ^
/<<PKGBUILDDIR>>/src/imageclasses/ImgReaderOgr.h:625:15: warning: unused variable 'poPoint' [-Wunused-variable]
    OGRPoint *poPoint = (OGRPoint *) poGeometry;
              ^
/<<PKGBUILDDIR>>/src/imageclasses/ImgReaderOgr.h:681:7: warning: unused variable 'posOffset' [-Wunused-variable]
  int posOffset=(pos)?2:0;
      ^
/<<PKGBUILDDIR>>/src/imageclasses/ImgReaderOgr.h:773:9: warning: unused variable 'posOffset' [-Wunused-variable]
    int posOffset=(pos)?2:0;
        ^
/<<PKGBUILDDIR>>/src/imageclasses/ImgReaderOgr.h:883:9: warning: unused variable 'posOffset' [-Wunused-variable]
    int posOffset=(pos)?2:0;
        ^
/<<PKGBUILDDIR>>/src/imageclasses/ImgWriterOgr.cc:156:78: warning: use of logical '||' with constant operand [-Wconstant-logical-operand]
  m_datasource = (GDALDataset*) GDALOpenEx(m_filename.c_str(), GDAL_OF_UPDATE||GDAL_OF_VECTOR, NULL, NULL, NULL);
                                                                             ^ ~~~~~~~~~~~~~~
/<<PKGBUILDDIR>>/src/imageclasses/ImgWriterOgr.cc:156:78: note: use '|' for a bitwise operation
  m_datasource = (GDALDataset*) GDALOpenEx(m_filename.c_str(), GDAL_OF_UPDATE||GDAL_OF_VECTOR, NULL, NULL, NULL);
                                                                             ^~~~~~~~~~~~~~~~
                                                                             |
/<<PKGBUILDDIR>>/src/imageclasses/ImgWriterOgr.cc:162:82: warning: use of logical '||' with constant operand [-Wconstant-logical-operand]
    m_datasource = (GDALDataset*) GDALOpenEx(m_filename.c_str(), GDAL_OF_READONLY||GDAL_OF_VECTOR, NULL, NULL, NULL);
                                                                                 ^ ~~~~~~~~~~~~~~
/<<PKGBUILDDIR>>/src/imageclasses/ImgWriterOgr.cc:162:82: note: use '|' for a bitwise operation
    m_datasource = (GDALDataset*) GDALOpenEx(m_filename.c_str(), GDAL_OF_READONLY||GDAL_OF_VECTOR, NULL, NULL, NULL);
                                                                                 ^~~~~~~~~~~~~~~~
                                                                                 |
/<<PKGBUILDDIR>>/src/imageclasses/ImgWriterOgr.cc:210:78: warning: use of logical '||' with constant operand [-Wconstant-logical-operand]
  m_datasource = (GDALDataset*) GDALOpenEx(m_filename.c_str(), GDAL_OF_UPDATE||GDAL_OF_VECTOR, NULL, NULL, NULL);
                                                                             ^ ~~~~~~~~~~~~~~
/<<PKGBUILDDIR>>/src/imageclasses/ImgWriterOgr.cc:210:78: note: use '|' for a bitwise operation
  m_datasource = (GDALDataset*) GDALOpenEx(m_filename.c_str(), GDAL_OF_UPDATE||GDAL_OF_VECTOR, NULL, NULL, NULL);
                                                                             ^~~~~~~~~~~~~~~~
                                                                             |
/<<PKGBUILDDIR>>/src/imageclasses/ImgWriterOgr.cc:216:82: warning: use of logical '||' with constant operand [-Wconstant-logical-operand]
    m_datasource = (GDALDataset*) GDALOpenEx(m_filename.c_str(), GDAL_OF_READONLY||GDAL_OF_VECTOR, NULL, NULL, NULL);
                                                                                 ^ ~~~~~~~~~~~~~~
/<<PKGBUILDDIR>>/src/imageclasses/ImgWriterOgr.cc:216:82: note: use '|' for a bitwise operation
    m_datasource = (GDALDataset*) GDALOpenEx(m_filename.c_str(), GDAL_OF_READONLY||GDAL_OF_VECTOR, NULL, NULL, NULL);
                                                                                 ^~~~~~~~~~~~~~~~
                                                                                 |
/<<PKGBUILDDIR>>/src/imageclasses/ImgWriterOgr.cc:345:19: warning: unused variable 'poFieldDefn' [-Wunused-variable]
    OGRFieldDefn *poFieldDefn = poFDefn->GetFieldDefn(iField);
                  ^
/<<PKGBUILDDIR>>/src/imageclasses/ImgWriterOgr.cc:398:7: warning: unused variable 'fid' [-Wunused-variable]
  int fid=0;
      ^
/<<PKGBUILDDIR>>/src/imageclasses/ImgWriterOgr.cc:538:12: warning: unused variable 'skip' [-Wunused-variable]
      bool skip=false;
           ^
/<<PKGBUILDDIR>>/src/imageclasses/ImgWriterOgr.cc:602:12: warning: unused variable 'skip' [-Wunused-variable]
      bool skip=false;
           ^
In file included from /<<PKGBUILDDIR>>/src/imageclasses/ImgWriterOgr.cc:23:
In file included from /<<PKGBUILDDIR>>/src/imageclasses/ImgReaderOgr.h:32:
/<<PKGBUILDDIR>>/src/imageclasses/ImgReaderGdal.h:114:3: warning: ignoring return value of function declared with 'warn_unused_result' attribute [-Wunused-result]
  poBand->RasterIO(GF_Read,col,row,1,1,&value,1,1,getGDALDataType<T>(),0,0);
  ^~~~~~~~~~~~~~~~
/<<PKGBUILDDIR>>/src/imageclasses/ImgWriterOgr.cc:707:17: note: in instantiation of function template specialization 'ImgReaderGdal::readData<double>' requested here
      imgReader.readData(imgData,x,y,iband);
                ^
9 warnings generated.
[ 10%] Building CXX object src/CMakeFiles/fileClasses.dir/base/Vector2d.cc.o
cd /<<PKGBUILDDIR>>/obj-x86_64-linux-gnu/src && /usr/bin/c++  -DFANN_DLL -DGSL_DLL -DHAVE_CONFIG_H -DfileClasses_EXPORTS -I/<<PKGBUILDDIR>>/obj-x86_64-linux-gnu/base -I/usr/include/gdal -I/<<PKGBUILDDIR>>/src  -g -O2 -fdebug-prefix-map=/<<PKGBUILDDIR>>=. -fstack-protector-strong -Wformat -Werror=format-security -DNDEBUG -I/usr/include/hdf5/serial -Wdate-time -D_FORTIFY_SOURCE=2 -Wall -Wpointer-arith -Wcast-align -Wcast-qual -Wredundant-decls -Wno-long-long -fPIC   -o CMakeFiles/fileClasses.dir/base/Vector2d.cc.o -c /<<PKGBUILDDIR>>/src/base/Vector2d.cc
[ 11%] Linking CXX shared library libfileClasses.so
cd /<<PKGBUILDDIR>>/obj-x86_64-linux-gnu/src && /usr/bin/cmake -E cmake_link_script CMakeFiles/fileClasses.dir/link.txt --verbose=1
/usr/bin/c++ -fPIC -g -O2 -fdebug-prefix-map=/<<PKGBUILDDIR>>=. -fstack-protector-strong -Wformat -Werror=format-security -DNDEBUG -I/usr/include/hdf5/serial -Wdate-time -D_FORTIFY_SOURCE=2 -Wall -Wpointer-arith -Wcast-align -Wcast-qual -Wredundant-decls -Wno-long-long -Wl,-z,relro -Wl,-z,now -shared -Wl,-soname,libfileClasses.so.1 -o libfileClasses.so.1.6.1 CMakeFiles/fileClasses.dir/fileclasses/FileReaderAscii.cc.o CMakeFiles/fileClasses.dir/base/Vector2d.cc.o  -lgdal -L/usr/lib/x86_64-linux-gnu -lgsl -lgslcblas -lm -larmadillo 
13 warnings generated.
cd /<<PKGBUILDDIR>>/obj-x86_64-linux-gnu/src && /usr/bin/cmake -E cmake_symlink_library libfileClasses.so.1.6.1 libfileClasses.so.1 libfileClasses.so
[ 12%] Building CXX object src/CMakeFiles/imageClasses.dir/base/Vector2d.cc.o
cd /<<PKGBUILDDIR>>/obj-x86_64-linux-gnu/src && /usr/bin/c++  -DFANN_DLL -DGSL_DLL -DHAVE_CONFIG_H -DimageClasses_EXPORTS -I/<<PKGBUILDDIR>>/obj-x86_64-linux-gnu/base -I/usr/include/gdal -I/<<PKGBUILDDIR>>/src  -g -O2 -fdebug-prefix-map=/<<PKGBUILDDIR>>=. -fstack-protector-strong -Wformat -Werror=format-security -DNDEBUG -I/usr/include/hdf5/serial -Wdate-time -D_FORTIFY_SOURCE=2 -Wall -Wpointer-arith -Wcast-align -Wcast-qual -Wredundant-decls -Wno-long-long -fPIC   -o CMakeFiles/imageClasses.dir/base/Vector2d.cc.o -c /<<PKGBUILDDIR>>/src/base/Vector2d.cc
make[4]: Leaving directory '/<<PKGBUILDDIR>>/obj-x86_64-linux-gnu'
[ 12%] Built target fileClasses
In file included from /<<PKGBUILDDIR>>/src/imageclasses/ImgUpdaterGdal.cc:21:
In file included from /<<PKGBUILDDIR>>/src/imageclasses/ImgUpdaterGdal.h:23:
In file included from /<<PKGBUILDDIR>>/src/imageclasses/ImgReaderGdal.h:29:
In file included from /<<PKGBUILDDIR>>/src/base/Vector2d.h:29:
/<<PKGBUILDDIR>>/src/algorithms/StatFactory.h:100:26: warning: unused variable 'T' [-Wunused-variable]
    const gsl_rng_type * T;
                         ^
/<<PKGBUILDDIR>>/src/algorithms/StatFactory.h:1272:10: warning: unused variable 'rangeY' [-Wunused-variable]
  double rangeY=maxY-minY;
         ^
/<<PKGBUILDDIR>>/src/algorithms/StatFactory.h:1416:7: warning: unused variable 'nband' [-Wunused-variable]
  int nband=wavelengthIn.size();
      ^
In file included from /<<PKGBUILDDIR>>/src/imageclasses/ImgUpdaterGdal.cc:21:
In file included from /<<PKGBUILDDIR>>/src/imageclasses/ImgUpdaterGdal.h:24:
In file included from /<<PKGBUILDDIR>>/src/imageclasses/ImgWriterGdal.h:30:
/<<PKGBUILDDIR>>/src/imageclasses/ImgReaderOgr.h:127:9: warning: unused variable 'posOffset' [-Wunused-variable]
    int posOffset=(pos)?2:0;
        ^
/<<PKGBUILDDIR>>/src/imageclasses/ImgReaderOgr.h:261:9: warning: unused variable 'posOffset' [-Wunused-variable]
    int posOffset=(pos)?2:0;
        ^
/<<PKGBUILDDIR>>/src/imageclasses/ImgReaderOgr.h:380:19: warning: unused variable 'poFDefn' [-Wunused-variable]
  OGRFeatureDefn *poFDefn = poLayer->GetLayerDefn();
                  ^
/<<PKGBUILDDIR>>/src/imageclasses/ImgReaderOgr.h:442:13: warning: unused variable 'poPoint' [-Wunused-variable]
  OGRPoint *poPoint = (OGRPoint *) poGeometry;
            ^
/<<PKGBUILDDIR>>/src/imageclasses/ImgReaderOgr.h:552:15: warning: unused variable 'poPoint' [-Wunused-variable]
    OGRPoint *poPoint = (OGRPoint *) poGeometry;
              ^
/<<PKGBUILDDIR>>/src/imageclasses/ImgReaderOgr.h:625:15: warning: unused variable 'poPoint' [-Wunused-variable]
    OGRPoint *poPoint = (OGRPoint *) poGeometry;
              ^
/<<PKGBUILDDIR>>/src/imageclasses/ImgReaderOgr.h:681:7: warning: unused variable 'posOffset' [-Wunused-variable]
  int posOffset=(pos)?2:0;
      ^
/<<PKGBUILDDIR>>/src/imageclasses/ImgReaderOgr.h:773:9: warning: unused variable 'posOffset' [-Wunused-variable]
    int posOffset=(pos)?2:0;
        ^
/<<PKGBUILDDIR>>/src/imageclasses/ImgReaderOgr.h:883:9: warning: unused variable 'posOffset' [-Wunused-variable]
    int posOffset=(pos)?2:0;
        ^
21 warnings generated.
12 warnings generated.
[ 13%] Linking CXX shared library libimageClasses.so
cd /<<PKGBUILDDIR>>/obj-x86_64-linux-gnu/src && /usr/bin/cmake -E cmake_link_script CMakeFiles/imageClasses.dir/link.txt --verbose=1
/usr/bin/c++ -fPIC -g -O2 -fdebug-prefix-map=/<<PKGBUILDDIR>>=. -fstack-protector-strong -Wformat -Werror=format-security -DNDEBUG -I/usr/include/hdf5/serial -Wdate-time -D_FORTIFY_SOURCE=2 -Wall -Wpointer-arith -Wcast-align -Wcast-qual -Wredundant-decls -Wno-long-long -Wl,-z,relro -Wl,-z,now -shared -Wl,-soname,libimageClasses.so.1 -o libimageClasses.so.1.6.1 CMakeFiles/imageClasses.dir/imageclasses/ImgRasterGdal.cc.o CMakeFiles/imageClasses.dir/imageclasses/ImgReaderGdal.cc.o CMakeFiles/imageClasses.dir/imageclasses/ImgReaderOgr.cc.o CMakeFiles/imageClasses.dir/imageclasses/ImgWriterGdal.cc.o CMakeFiles/imageClasses.dir/imageclasses/ImgWriterOgr.cc.o CMakeFiles/imageClasses.dir/imageclasses/ImgUpdaterGdal.cc.o CMakeFiles/imageClasses.dir/base/Vector2d.cc.o  -lgdal -L/usr/lib/x86_64-linux-gnu -lgsl -lgslcblas -lm -larmadillo 
cd /<<PKGBUILDDIR>>/obj-x86_64-linux-gnu/src && /usr/bin/cmake -E cmake_symlink_library libimageClasses.so.1.6.1 libimageClasses.so.1 libimageClasses.so
make[4]: Leaving directory '/<<PKGBUILDDIR>>/obj-x86_64-linux-gnu'
[ 13%] Built target imageClasses
make -f src/CMakeFiles/algorithms.dir/build.make src/CMakeFiles/algorithms.dir/depend
make[4]: Entering directory '/<<PKGBUILDDIR>>/obj-x86_64-linux-gnu'
cd /<<PKGBUILDDIR>>/obj-x86_64-linux-gnu && /usr/bin/cmake -E cmake_depends "Unix Makefiles" /<<PKGBUILDDIR>> /<<PKGBUILDDIR>>/src /<<PKGBUILDDIR>>/obj-x86_64-linux-gnu /<<PKGBUILDDIR>>/obj-x86_64-linux-gnu/src /<<PKGBUILDDIR>>/obj-x86_64-linux-gnu/src/CMakeFiles/algorithms.dir/DependInfo.cmake --color=
Scanning dependencies of target algorithms
make[4]: Leaving directory '/<<PKGBUILDDIR>>/obj-x86_64-linux-gnu'
make -f src/CMakeFiles/algorithms.dir/build.make src/CMakeFiles/algorithms.dir/build
make[4]: Entering directory '/<<PKGBUILDDIR>>/obj-x86_64-linux-gnu'
[ 14%] Building CXX object src/CMakeFiles/algorithms.dir/algorithms/ConfusionMatrix.cc.o
[ 15%] Building CXX object src/CMakeFiles/algorithms.dir/algorithms/Egcs.cc.o
[ 18%] Building CXX object src/CMakeFiles/algorithms.dir/algorithms/CostFactorySVM.cc.o
[ 18%] Building CXX object src/CMakeFiles/algorithms.dir/algorithms/Filter.cc.o
cd /<<PKGBUILDDIR>>/obj-x86_64-linux-gnu/src && /usr/bin/c++  -DFANN_DLL -DGSL_DLL -DHAVE_CONFIG_H -Dalgorithms_EXPORTS -I/<<PKGBUILDDIR>>/obj-x86_64-linux-gnu/base -I/usr/include/gdal -I/<<PKGBUILDDIR>>/src  -g -O2 -fdebug-prefix-map=/<<PKGBUILDDIR>>=. -fstack-protector-strong -Wformat -Werror=format-security -DNDEBUG -I/usr/include/hdf5/serial -Wdate-time -D_FORTIFY_SOURCE=2 -Wall -Wpointer-arith -Wcast-align -Wcast-qual -Wredundant-decls -Wno-long-long -fPIC   -o CMakeFiles/algorithms.dir/algorithms/ConfusionMatrix.cc.o -c /<<PKGBUILDDIR>>/src/algorithms/ConfusionMatrix.cc
cd /<<PKGBUILDDIR>>/obj-x86_64-linux-gnu/src && /usr/bin/c++  -DFANN_DLL -DGSL_DLL -DHAVE_CONFIG_H -Dalgorithms_EXPORTS -I/<<PKGBUILDDIR>>/obj-x86_64-linux-gnu/base -I/usr/include/gdal -I/<<PKGBUILDDIR>>/src  -g -O2 -fdebug-prefix-map=/<<PKGBUILDDIR>>=. -fstack-protector-strong -Wformat -Werror=format-security -DNDEBUG -I/usr/include/hdf5/serial -Wdate-time -D_FORTIFY_SOURCE=2 -Wall -Wpointer-arith -Wcast-align -Wcast-qual -Wredundant-decls -Wno-long-long -fPIC   -o CMakeFiles/algorithms.dir/algorithms/Egcs.cc.o -c /<<PKGBUILDDIR>>/src/algorithms/Egcs.cc
cd /<<PKGBUILDDIR>>/obj-x86_64-linux-gnu/src && /usr/bin/c++  -DFANN_DLL -DGSL_DLL -DHAVE_CONFIG_H -Dalgorithms_EXPORTS -I/<<PKGBUILDDIR>>/obj-x86_64-linux-gnu/base -I/usr/include/gdal -I/<<PKGBUILDDIR>>/src  -g -O2 -fdebug-prefix-map=/<<PKGBUILDDIR>>=. -fstack-protector-strong -Wformat -Werror=format-security -DNDEBUG -I/usr/include/hdf5/serial -Wdate-time -D_FORTIFY_SOURCE=2 -Wall -Wpointer-arith -Wcast-align -Wcast-qual -Wredundant-decls -Wno-long-long -fPIC   -o CMakeFiles/algorithms.dir/algorithms/CostFactorySVM.cc.o -c /<<PKGBUILDDIR>>/src/algorithms/CostFactorySVM.cc
cd /<<PKGBUILDDIR>>/obj-x86_64-linux-gnu/src && /usr/bin/c++  -DFANN_DLL -DGSL_DLL -DHAVE_CONFIG_H -Dalgorithms_EXPORTS -I/<<PKGBUILDDIR>>/obj-x86_64-linux-gnu/base -I/usr/include/gdal -I/<<PKGBUILDDIR>>/src  -g -O2 -fdebug-prefix-map=/<<PKGBUILDDIR>>=. -fstack-protector-strong -Wformat -Werror=format-security -DNDEBUG -I/usr/include/hdf5/serial -Wdate-time -D_FORTIFY_SOURCE=2 -Wall -Wpointer-arith -Wcast-align -Wcast-qual -Wredundant-decls -Wno-long-long -fPIC   -o CMakeFiles/algorithms.dir/algorithms/Filter.cc.o -c /<<PKGBUILDDIR>>/src/algorithms/Filter.cc
/<<PKGBUILDDIR>>/src/algorithms/Egcs.cc:166:10: warning: unused variable 'xcel' [-Wunused-variable]
  double xcel=static_cast<int>(geoX)/getBaseSize();
         ^
/<<PKGBUILDDIR>>/src/algorithms/Egcs.cc:167:10: warning: unused variable 'ycel' [-Wunused-variable]
  double ycel=static_cast<int>(geoY)/getBaseSize();
         ^
In file included from /<<PKGBUILDDIR>>/src/algorithms/Filter.cc:20:
In file included from /<<PKGBUILDDIR>>/src/algorithms/Filter.h:29:
/<<PKGBUILDDIR>>/src/algorithms/StatFactory.h:100:26: warning: unused variable 'T' [-Wunused-variable]
    const gsl_rng_type * T;
                         ^
In file included from /<<PKGBUILDDIR>>/src/algorithms/CostFactorySVM.cc:20:
In file included from /<<PKGBUILDDIR>>/src/algorithms/CostFactorySVM.h:26:
In file included from /<<PKGBUILDDIR>>/src/base/Vector2d.h:29:
/<<PKGBUILDDIR>>/src/algorithms/StatFactory.h:100:26: warning: unused variable 'T' [-Wunused-variable]
    const gsl_rng_type * T;
                         ^
In file included from /<<PKGBUILDDIR>>/src/algorithms/ConfusionMatrix.cc:20:
In file included from /<<PKGBUILDDIR>>/src/algorithms/ConfusionMatrix.h:25:
In file included from /<<PKGBUILDDIR>>/src/base/Vector2d.h:29:
/<<PKGBUILDDIR>>/src/algorithms/StatFactory.h:100:26: warning: unused variable 'T' [-Wunused-variable]
    const gsl_rng_type * T;
                         ^
/<<PKGBUILDDIR>>/src/algorithms/StatFactory.h:1272:10: warning: unused variable 'rangeY' [-Wunused-variable]
  double rangeY=maxY-minY;
         ^
/<<PKGBUILDDIR>>/src/algorithms/StatFactory.h:1272:10: warning: unused variable 'rangeY' [-Wunused-variable]
  double rangeY=maxY-minY;
         ^
/<<PKGBUILDDIR>>/src/algorithms/StatFactory.h:1416:7: warning: unused variable 'nband' [-Wunused-variable]
  int nband=wavelengthIn.size();
      ^
/<<PKGBUILDDIR>>/src/algorithms/StatFactory.h:1416:7: warning: unused variable 'nband' [-Wunused-variable]
  int nband=wavelengthIn.size();
      ^
/<<PKGBUILDDIR>>/src/algorithms/StatFactory.h:1272:10: warning: unused variable 'rangeY' [-Wunused-variable]
  double rangeY=maxY-minY;
         ^
/<<PKGBUILDDIR>>/src/algorithms/StatFactory.h:1416:7: warning: unused variable 'nband' [-Wunused-variable]
  int nband=wavelengthIn.size();
      ^
2 warnings generated.
[ 19%] Building CXX object src/CMakeFiles/algorithms.dir/algorithms/Filter2d.cc.o
cd /<<PKGBUILDDIR>>/obj-x86_64-linux-gnu/src && /usr/bin/c++  -DFANN_DLL -DGSL_DLL -DHAVE_CONFIG_H -Dalgorithms_EXPORTS -I/<<PKGBUILDDIR>>/obj-x86_64-linux-gnu/base -I/usr/include/gdal -I/<<PKGBUILDDIR>>/src  -g -O2 -fdebug-prefix-map=/<<PKGBUILDDIR>>=. -fstack-protector-strong -Wformat -Werror=format-security -DNDEBUG -I/usr/include/hdf5/serial -Wdate-time -D_FORTIFY_SOURCE=2 -Wall -Wpointer-arith -Wcast-align -Wcast-qual -Wredundant-decls -Wno-long-long -fPIC   -o CMakeFiles/algorithms.dir/algorithms/Filter2d.cc.o -c /<<PKGBUILDDIR>>/src/algorithms/Filter2d.cc
/<<PKGBUILDDIR>>/src/algorithms/ConfusionMatrix.cc:33:29: warning: field 'm_se95' will be initialized after field 'm_format' [-Wreorder]
  : m_classes(),m_results(),m_se95(true),m_format(ASCII)
                            ^
In file included from /<<PKGBUILDDIR>>/src/algorithms/Filter2d.cc:24:
In file included from /<<PKGBUILDDIR>>/src/algorithms/Filter2d.h:53:
In file included from /<<PKGBUILDDIR>>/src/base/Vector2d.h:29:
/<<PKGBUILDDIR>>/src/algorithms/StatFactory.h:100:26: warning: unused variable 'T' [-Wunused-variable]
    const gsl_rng_type * T;
                         ^
/<<PKGBUILDDIR>>/src/algorithms/ConfusionMatrix.cc:237:18: warning: variable 'dva' is uninitialized when used within its own initialization [-Wuninitialized]
  double dva=1.0-dva;
         ~~~     ^~~
/<<PKGBUILDDIR>>/src/algorithms/ConfusionMatrix.cc:252:10: warning: unused variable 'pChance' [-Wunused-variable]
  double pChance=0;
         ^
In file included from /<<PKGBUILDDIR>>/src/algorithms/Filter.cc:20:
In file included from /<<PKGBUILDDIR>>/src/algorithms/Filter.h:31:
In file included from /<<PKGBUILDDIR>>/src/imageclasses/ImgWriterGdal.h:30:
/<<PKGBUILDDIR>>/src/imageclasses/ImgReaderOgr.h:127:9: warning: unused variable 'posOffset' [-Wunused-variable]
    int posOffset=(pos)?2:0;
        ^
/<<PKGBUILDDIR>>/src/imageclasses/ImgReaderOgr.h:261:9: warning: unused variable 'posOffset' [-Wunused-variable]
    int posOffset=(pos)?2:0;
        ^
/<<PKGBUILDDIR>>/src/algorithms/StatFactory.h:1272:10: warning: unused variable 'rangeY' [-Wunused-variable]
  double rangeY=maxY-minY;
         ^
/<<PKGBUILDDIR>>/src/imageclasses/ImgReaderOgr.h:380:19: warning: unused variable 'poFDefn' [-Wunused-variable]
  OGRFeatureDefn *poFDefn = poLayer->GetLayerDefn();
                  ^
/<<PKGBUILDDIR>>/src/algorithms/StatFactory.h:1416:7: warning: unused variable 'nband' [-Wunused-variable]
  int nband=wavelengthIn.size();
      ^
/<<PKGBUILDDIR>>/src/imageclasses/ImgReaderOgr.h:442:13: warning: unused variable 'poPoint' [-Wunused-variable]
  OGRPoint *poPoint = (OGRPoint *) poGeometry;
            ^
/<<PKGBUILDDIR>>/src/imageclasses/ImgReaderOgr.h:552:15: warning: unused variable 'poPoint' [-Wunused-variable]
    OGRPoint *poPoint = (OGRPoint *) poGeometry;
              ^
/<<PKGBUILDDIR>>/src/imageclasses/ImgReaderOgr.h:625:15: warning: unused variable 'poPoint' [-Wunused-variable]
    OGRPoint *poPoint = (OGRPoint *) poGeometry;
              ^
/<<PKGBUILDDIR>>/src/imageclasses/ImgReaderOgr.h:681:7: warning: unused variable 'posOffset' [-Wunused-variable]
  int posOffset=(pos)?2:0;
      ^
/<<PKGBUILDDIR>>/src/imageclasses/ImgReaderOgr.h:773:9: warning: unused variable 'posOffset' [-Wunused-variable]
    int posOffset=(pos)?2:0;
        ^
/<<PKGBUILDDIR>>/src/imageclasses/ImgReaderOgr.h:883:9: warning: unused variable 'posOffset' [-Wunused-variable]
    int posOffset=(pos)?2:0;
        ^
In file included from /<<PKGBUILDDIR>>/src/algorithms/Filter.cc:20:
/<<PKGBUILDDIR>>/src/algorithms/Filter.h:58:3: warning: control may reach end of non-void function [-Wreturn-type]
  }
  ^
/<<PKGBUILDDIR>>/src/algorithms/Filter.h:521:8: warning: unused variable 'verbose' [-Wunused-variable]
  bool verbose=false;
       ^
/<<PKGBUILDDIR>>/src/algorithms/Filter.h:800:52: error: member reference base type 'T *' is not a structure or union
          output[i]+=m_taps[m_taps.size()/2-t]*input[input.size()+i-t];
                                                     ~~~~~^~~~~
/<<PKGBUILDDIR>>/src/algorithms/Filter.h:814:32: error: member reference base type 'T *' is not a structure or union
  for(i=m_taps.size()/2;i<input.size()-m_taps.size()/2;++i){
                          ~~~~~^~~~~
/<<PKGBUILDDIR>>/src/algorithms/Filter.h:823:14: error: member reference base type 'T *' is not a structure or union
  for(i=input.size()-m_taps.size()/2;i<input.size();++i){
        ~~~~~^~~~~
/<<PKGBUILDDIR>>/src/algorithms/Filter.h:823:45: error: member reference base type 'T *' is not a structure or union
  for(i=input.size()-m_taps.size()/2;i<input.size();++i){
                                       ~~~~~^~~~~
/<<PKGBUILDDIR>>/src/algorithms/Filter.h:829:19: error: member reference base type 'T *' is not a structure or union
      if(i+t<input.size())
             ~~~~~^~~~~
/<<PKGBUILDDIR>>/src/algorithms/Filter.h:834:46: error: member reference base type 'T *' is not a structure or union
          output[i]+=m_taps[m_taps.size()/2+t]*input.back();
                                               ~~~~~^~~~~
In file included from /<<PKGBUILDDIR>>/src/algorithms/Filter.cc:20:
In file included from /<<PKGBUILDDIR>>/src/algorithms/Filter.h:30:
/<<PKGBUILDDIR>>/src/imageclasses/ImgReaderGdal.h:148:3: warning: ignoring return value of function declared with 'warn_unused_result' attribute [-Wunused-result]
  poBand->RasterIO(GF_Read,minCol,row,buffer.size(),1,&(buffer[0]),buffer.size(),1,getGDALDataType<T>(),0,0);
  ^~~~~~~~~~~~~~~~
/<<PKGBUILDDIR>>/src/imageclasses/ImgReaderGdal.h:282:3: note: in instantiation of function template specialization 'ImgReaderGdal::readData<double>' requested here
  readData(buffer,0,nrOfCol()-1,row,band);
  ^
/<<PKGBUILDDIR>>/src/algorithms/Filter.cc:75:13: note: in instantiation of function template specialization 'ImgReaderGdal::readData<double>' requested here
      input.readData(lineInput[iband],y,iband);
            ^
In file included from /<<PKGBUILDDIR>>/src/algorithms/Filter.cc:20:
In file included from /<<PKGBUILDDIR>>/src/algorithms/Filter.h:31:
/<<PKGBUILDDIR>>/src/imageclasses/ImgWriterGdal.h:191:3: warning: ignoring return value of function declared with 'warn_unused_result' attribute [-Wunused-result]
  poBand->RasterIO(GF_Write,minCol,row,buffer.size(),1,&(buffer[0]),buffer.size(),1,getGDALDataType<T>(),0,0);
  ^~~~~~~~~~~~~~~~
/<<PKGBUILDDIR>>/src/imageclasses/ImgWriterGdal.h:203:10: note: in instantiation of function template specialization 'ImgWriterGdal::writeData<double>' requested here
  return writeData(buffer,0,nrOfCol()-1,row,band);
         ^
/<<PKGBUILDDIR>>/src/algorithms/Filter.cc:85:16: note: in instantiation of function template specialization 'ImgWriterGdal::writeData<double>' requested here
        output.writeData(lineOutput[iband],y,iband);
               ^
In file included from /<<PKGBUILDDIR>>/src/algorithms/Filter.cc:20:
/<<PKGBUILDDIR>>/src/algorithms/Filter.h:481:7: warning: unused variable 'leaveOut' [-Wunused-variable]
    T leaveOut=(*(m_taps.begin()))*input[i-m_taps.size()/2];
      ^
/<<PKGBUILDDIR>>/src/algorithms/Filter.cc:353:7: note: in instantiation of function template specialization 'filter::Filter::filter<double>' requested here
      filter(pixelInput,pixelOutput);
      ^
In file included from /<<PKGBUILDDIR>>/src/algorithms/Filter.cc:20:
/<<PKGBUILDDIR>>/src/algorithms/Filter.h:482:7: warning: unused variable 'include' [-Wunused-variable]
    T include=(m_taps.back())*input[i+m_taps.size()/2];
      ^
18 warnings and 6 errors generated.
make[4]: *** [src/CMakeFiles/algorithms.dir/build.make:105: src/CMakeFiles/algorithms.dir/algorithms/Filter.cc.o] Error 1
make[4]: *** Waiting for unfinished jobs....
In file included from /<<PKGBUILDDIR>>/src/algorithms/Filter2d.cc:24:
In file included from /<<PKGBUILDDIR>>/src/algorithms/Filter2d.h:54:
In file included from /<<PKGBUILDDIR>>/src/algorithms/Filter.h:31:
In file included from /<<PKGBUILDDIR>>/src/imageclasses/ImgWriterGdal.h:30:
/<<PKGBUILDDIR>>/src/imageclasses/ImgReaderOgr.h:127:9: warning: unused variable 'posOffset' [-Wunused-variable]
    int posOffset=(pos)?2:0;
        ^
/<<PKGBUILDDIR>>/src/imageclasses/ImgReaderOgr.h:261:9: warning: unused variable 'posOffset' [-Wunused-variable]
    int posOffset=(pos)?2:0;
        ^
/<<PKGBUILDDIR>>/src/imageclasses/ImgReaderOgr.h:380:19: warning: unused variable 'poFDefn' [-Wunused-variable]
  OGRFeatureDefn *poFDefn = poLayer->GetLayerDefn();
                  ^
/<<PKGBUILDDIR>>/src/imageclasses/ImgReaderOgr.h:442:13: warning: unused variable 'poPoint' [-Wunused-variable]
  OGRPoint *poPoint = (OGRPoint *) poGeometry;
            ^
/<<PKGBUILDDIR>>/src/imageclasses/ImgReaderOgr.h:552:15: warning: unused variable 'poPoint' [-Wunused-variable]
    OGRPoint *poPoint = (OGRPoint *) poGeometry;
              ^
/<<PKGBUILDDIR>>/src/imageclasses/ImgReaderOgr.h:625:15: warning: unused variable 'poPoint' [-Wunused-variable]
    OGRPoint *poPoint = (OGRPoint *) poGeometry;
              ^
/<<PKGBUILDDIR>>/src/imageclasses/ImgReaderOgr.h:681:7: warning: unused variable 'posOffset' [-Wunused-variable]
  int posOffset=(pos)?2:0;
      ^
/<<PKGBUILDDIR>>/src/imageclasses/ImgReaderOgr.h:773:9: warning: unused variable 'posOffset' [-Wunused-variable]
    int posOffset=(pos)?2:0;
        ^
/<<PKGBUILDDIR>>/src/imageclasses/ImgReaderOgr.h:883:9: warning: unused variable 'posOffset' [-Wunused-variable]
    int posOffset=(pos)?2:0;
        ^
In file included from /<<PKGBUILDDIR>>/src/algorithms/Filter2d.cc:24:
In file included from /<<PKGBUILDDIR>>/src/algorithms/Filter2d.h:54:
/<<PKGBUILDDIR>>/src/algorithms/Filter.h:58:3: warning: control may reach end of non-void function [-Wreturn-type]
  }
  ^
/<<PKGBUILDDIR>>/src/algorithms/Filter.h:521:8: warning: unused variable 'verbose' [-Wunused-variable]
  bool verbose=false;
       ^
/<<PKGBUILDDIR>>/src/algorithms/Filter.h:800:52: error: member reference base type 'T *' is not a structure or union
          output[i]+=m_taps[m_taps.size()/2-t]*input[input.size()+i-t];
                                                     ~~~~~^~~~~
/<<PKGBUILDDIR>>/src/algorithms/Filter.h:814:32: error: member reference base type 'T *' is not a structure or union
  for(i=m_taps.size()/2;i<input.size()-m_taps.size()/2;++i){
                          ~~~~~^~~~~
/<<PKGBUILDDIR>>/src/algorithms/Filter.h:823:14: error: member reference base type 'T *' is not a structure or union
  for(i=input.size()-m_taps.size()/2;i<input.size();++i){
        ~~~~~^~~~~
/<<PKGBUILDDIR>>/src/algorithms/Filter.h:823:45: error: member reference base type 'T *' is not a structure or union
  for(i=input.size()-m_taps.size()/2;i<input.size();++i){
                                       ~~~~~^~~~~
/<<PKGBUILDDIR>>/src/algorithms/Filter.h:829:19: error: member reference base type 'T *' is not a structure or union
      if(i+t<input.size())
             ~~~~~^~~~~
/<<PKGBUILDDIR>>/src/algorithms/Filter.h:834:46: error: member reference base type 'T *' is not a structure or union
          output[i]+=m_taps[m_taps.size()/2+t]*input.back();
                                               ~~~~~^~~~~
In file included from /<<PKGBUILDDIR>>/src/algorithms/Filter2d.cc:24:
/<<PKGBUILDDIR>>/src/algorithms/Filter2d.h:313:12: warning: unused variable 'centreMasked' [-Wunused-variable]
      bool centreMasked=false;
           ^
/<<PKGBUILDDIR>>/src/algorithms/Filter2d.cc:279:11: warning: unused variable 'centre' [-Wunused-variable]
      int centre=dimX*(dimY-1)/2+(dimX-1)/2;
          ^
/<<PKGBUILDDIR>>/src/algorithms/Filter2d.cc:779:11: warning: unused variable 'centre' [-Wunused-variable]
      int centre=dimX*(dimY-1)/2+(dimX-1)/2;
          ^
/<<PKGBUILDDIR>>/src/algorithms/Filter2d.cc:1030:13: warning: unused variable 'centre' [-Wunused-variable]
        int centre=dimX*(dimY-1)/2+(dimX-1)/2;
            ^
In file included from /<<PKGBUILDDIR>>/src/algorithms/Filter2d.cc:24:
In file included from /<<PKGBUILDDIR>>/src/algorithms/Filter2d.h:54:
In file included from /<<PKGBUILDDIR>>/src/algorithms/Filter.h:30:
/<<PKGBUILDDIR>>/src/imageclasses/ImgReaderGdal.h:148:3: warning: ignoring return value of function declared with 'warn_unused_result' attribute [-Wunused-result]
  poBand->RasterIO(GF_Read,minCol,row,buffer.size(),1,&(buffer[0]),buffer.size(),1,getGDALDataType<T>(),0,0);
  ^~~~~~~~~~~~~~~~
/<<PKGBUILDDIR>>/src/imageclasses/ImgReaderGdal.h:282:3: note: in instantiation of function template specialization 'ImgReaderGdal::readData<double>' requested here
  readData(buffer,0,nrOfCol()-1,row,band);
  ^
/<<PKGBUILDDIR>>/src/algorithms/Filter2d.cc:100:15: note: in instantiation of function template specialization 'ImgReaderGdal::readData<double>' requested here
        input.readData(inBuffer[indexJ],abs(j),iband);
              ^
In file included from /<<PKGBUILDDIR>>/src/algorithms/Filter2d.cc:24:
In file included from /<<PKGBUILDDIR>>/src/algorithms/Filter2d.h:54:
In file included from /<<PKGBUILDDIR>>/src/algorithms/Filter.h:31:
/<<PKGBUILDDIR>>/src/imageclasses/ImgWriterGdal.h:191:3: warning: ignoring return value of function declared with 'warn_unused_result' attribute [-Wunused-result]
  poBand->RasterIO(GF_Write,minCol,row,buffer.size(),1,&(buffer[0]),buffer.size(),1,getGDALDataType<T>(),0,0);
  ^~~~~~~~~~~~~~~~
/<<PKGBUILDDIR>>/src/imageclasses/ImgWriterGdal.h:203:10: note: in instantiation of function template specialization 'ImgWriterGdal::writeData<double>' requested here
  return writeData(buffer,0,nrOfCol()-1,row,band);
         ^
/<<PKGBUILDDIR>>/src/algorithms/Filter2d.cc:184:16: note: in instantiation of function template specialization 'ImgWriterGdal::writeData<double>' requested here
        output.writeData(outBuffer,y,iband);
               ^
In file included from /<<PKGBUILDDIR>>/src/algorithms/Filter2d.cc:24:
In file included from /<<PKGBUILDDIR>>/src/algorithms/Filter2d.h:54:
In file included from /<<PKGBUILDDIR>>/src/algorithms/Filter.h:30:
/<<PKGBUILDDIR>>/src/imageclasses/ImgReaderGdal.h:148:3: warning: ignoring return value of function declared with 'warn_unused_result' attribute [-Wunused-result]
  poBand->RasterIO(GF_Read,minCol,row,buffer.size(),1,&(buffer[0]),buffer.size(),1,getGDALDataType<T>(),0,0);
  ^~~~~~~~~~~~~~~~
/<<PKGBUILDDIR>>/src/imageclasses/ImgReaderGdal.h:282:3: note: in instantiation of function template specialization 'ImgReaderGdal::readData<short>' requested here
  readData(buffer,0,nrOfCol()-1,row,band);
  ^
/<<PKGBUILDDIR>>/src/algorithms/Filter2d.cc:736:13: note: in instantiation of function template specialization 'ImgReaderGdal::readData<short>' requested here
      input.readData(inBuffer[indexJ],abs(j));
            ^
In file included from /<<PKGBUILDDIR>>/src/algorithms/Filter2d.cc:24:
In file included from /<<PKGBUILDDIR>>/src/algorithms/Filter2d.h:54:
In file included from /<<PKGBUILDDIR>>/src/algorithms/Filter.h:30:
/<<PKGBUILDDIR>>/src/imageclasses/ImgReaderGdal.h:268:3: warning: ignoring return value of function declared with 'warn_unused_result' attribute [-Wunused-result]
  poBand->RasterIO(GF_Read,minCol,minRow,maxCol-minCol+1,maxRow-minRow+1,&(buffer[0]),(maxCol-minCol+1),(maxRow-minRow+1),getGDALDataType<T>(),0,0);
  ^~~~~~~~~~~~~~~~
/<<PKGBUILDDIR>>/src/imageclasses/ImgReaderGdal.h:224:3: note: in instantiation of function template specialization 'ImgReaderGdal::readDataBlock<double>' requested here
  readDataBlock(buffer,minCol,maxCol,minRow,maxRow,band);
  ^
/<<PKGBUILDDIR>>/src/algorithms/Filter2d.cc:860:11: note: in instantiation of function template specialization 'ImgReaderGdal::readDataBlock<double>' requested here
    input.readDataBlock(inBuffer,0,inBuffer.nCols()-1,0,inBuffer.nRows()-1,iband);
          ^
In file included from /<<PKGBUILDDIR>>/src/algorithms/Filter2d.cc:24:
In file included from /<<PKGBUILDDIR>>/src/algorithms/Filter2d.h:54:
In file included from /<<PKGBUILDDIR>>/src/algorithms/Filter.h:31:
/<<PKGBUILDDIR>>/src/imageclasses/ImgWriterGdal.h:260:3: warning: ignoring return value of function declared with 'warn_unused_result' attribute [-Wunused-result]
  poBand->RasterIO(GF_Write,minCol,minRow,maxCol-minCol+1,maxRow-minRow+1,&(buffer[0]),(maxCol-minCol+1),(maxRow-minRow+1),getGDALDataType<T>(),0,0);
  ^~~~~~~~~~~~~~~~
/<<PKGBUILDDIR>>/src/algorithms/Filter2d.cc:862:12: note: in instantiation of function template specialization 'ImgWriterGdal::writeDataBlock<double>' requested here
    output.writeDataBlock(outBuffer,0,outBuffer.nCols()-1,0,outBuffer.nRows()-1,iband);
           ^
In file included from /<<PKGBUILDDIR>>/src/algorithms/Filter2d.cc:24:
In file included from /<<PKGBUILDDIR>>/src/algorithms/Filter2d.h:54:
In file included from /<<PKGBUILDDIR>>/src/algorithms/Filter.h:30:
/<<PKGBUILDDIR>>/src/imageclasses/ImgReaderGdal.h:268:3: warning: ignoring return value of function declared with 'warn_unused_result' attribute [-Wunused-result]
  poBand->RasterIO(GF_Read,minCol,minRow,maxCol-minCol+1,maxRow-minRow+1,&(buffer[0]),(maxCol-minCol+1),(maxRow-minRow+1),getGDALDataType<T>(),0,0);
  ^~~~~~~~~~~~~~~~
/<<PKGBUILDDIR>>/src/imageclasses/ImgReaderGdal.h:224:3: note: in instantiation of function template specialization 'ImgReaderGdal::readDataBlock<float>' requested here
  readDataBlock(buffer,minCol,maxCol,minRow,maxRow,band);
  ^
/<<PKGBUILDDIR>>/src/algorithms/Filter2d.cc:1155:9: note: in instantiation of function template specialization 'ImgReaderGdal::readDataBlock<float>' requested here
  input.readDataBlock(inputBuffer,  0, input.nrOfCol()-1, 0, input.nrOfRow()-1, 0);
        ^
In file included from /<<PKGBUILDDIR>>/src/algorithms/Filter2d.cc:24:
In file included from /<<PKGBUILDDIR>>/src/algorithms/Filter2d.h:54:
In file included from /<<PKGBUILDDIR>>/src/algorithms/Filter.h:31:
/<<PKGBUILDDIR>>/src/imageclasses/ImgWriterGdal.h:260:3: warning: ignoring return value of function declared with 'warn_unused_result' attribute [-Wunused-result]
  poBand->RasterIO(GF_Write,minCol,minRow,maxCol-minCol+1,maxRow-minRow+1,&(buffer[0]),(maxCol-minCol+1),(maxRow-minRow+1),getGDALDataType<T>(),0,0);
  ^~~~~~~~~~~~~~~~
/<<PKGBUILDDIR>>/src/algorithms/Filter2d.cc:1157:10: note: in instantiation of function template specialization 'ImgWriterGdal::writeDataBlock<float>' requested here
  output.writeDataBlock(outputBuffer,0,output.nrOfCol()-1,0,output.nrOfRow()-1,0);
         ^
25 warnings and 6 errors generated.
make[4]: *** [src/CMakeFiles/algorithms.dir/build.make:118: src/CMakeFiles/algorithms.dir/algorithms/Filter2d.cc.o] Error 1
6 warnings generated.
3 warnings generated.
make[4]: Leaving directory '/<<PKGBUILDDIR>>/obj-x86_64-linux-gnu'
make[3]: *** [CMakeFiles/Makefile2:1346: src/CMakeFiles/algorithms.dir/all] Error 2
make[3]: Leaving directory '/<<PKGBUILDDIR>>/obj-x86_64-linux-gnu'
make[2]: *** [Makefile:155: all] Error 2
make[2]: Leaving directory '/<<PKGBUILDDIR>>/obj-x86_64-linux-gnu'
dh_auto_build: error: cd obj-x86_64-linux-gnu && make -j4 returned exit code 2
make[1]: *** [debian/rules:45: override_dh_auto_build] Error 25
make[1]: Leaving directory '/<<PKGBUILDDIR>>'
make: *** [debian/rules:27: build] Error 2
dpkg-buildpackage: error: debian/rules build subprocess returned exit status 2
--------------------------------------------------------------------------------
Build finished at 2020-02-25T13:22:50Z

Finished
--------


+------------------------------------------------------------------------------+
| Cleanup                                                                      |
+------------------------------------------------------------------------------+

Purging /<<BUILDDIR>>
Not cleaning session: cloned chroot in use
E: Build failure (dpkg-buildpackage died)

+------------------------------------------------------------------------------+
| Summary                                                                      |
+------------------------------------------------------------------------------+

Build Architecture: amd64
Build Type: binary
Build-Space: 19052
Build-Time: 14
Distribution: unstable
Fail-Stage: build
Host Architecture: amd64
Install-Time: 28
Job: pktools_2.6.7.6+ds-2
Machine Architecture: amd64
Package: pktools
Package-Time: 59
Source-Version: 2.6.7.6+ds-2
Space: 19052
Status: attempted
Version: 2.6.7.6+ds-2
--------------------------------------------------------------------------------
Finished at 2020-02-25T13:22:50Z
Build needed 00:00:59, 19052k disk space
E: Build failure (dpkg-buildpackage died)
DC-Status: Failed 60.136277727s
DC-Time-Estimation: 60.136277727 versus expected 666 (r/m: 10.074845753231234 ; m: 60.136277727)
