DC-Build-Header: xprobe 0.3-4 / 2020-02-25 18:47:18 +0000
DC-Task: type:rebuild-binarch-only source:xprobe version:0.3-4 chroot:unstable esttime:59 logfile:/tmp/xprobe_0.3-4_unstable_clang9.log modes:clang9:binarch-only
DC-Sbuild-call: su user42 -c 'sbuild -n --arch-any --apt-update -d unstable -v --no-run-lintian --chroot-setup-commands=/tmp/clang9 xprobe_0.3-4'
sbuild (Debian sbuild) 0.78.1 (09 February 2019) on ip-172-31-4-228.eu-central-1.compute.internal

+==============================================================================+
| xprobe 0.3-4 (amd64)                         Tue, 25 Feb 2020 18:47:18 +0000 |
+==============================================================================+

Package: xprobe
Version: 0.3-4
Source Version: 0.3-4
Distribution: unstable
Machine Architecture: amd64
Host Architecture: amd64
Build Architecture: amd64
Build Type: binary

I: NOTICE: Log filtering will replace 'var/run/schroot/mount/sid-amd64-sbuild-8d3afe51-9d91-46f7-9ce2-616715f74af7' with '<<CHROOT>>'

+------------------------------------------------------------------------------+
| Chroot Setup Commands                                                        |
+------------------------------------------------------------------------------+


/tmp/clang9
-----------

+ echo 'Entering customization script...'
Entering customization script...
+ CLANG_VERSION=9
+ echo 'Install of clang-9'
Install of clang-9
+ apt-get update
Get:1 http://127.0.0.1:12990/debian sid InRelease [142 kB]
Get:2 http://127.0.0.1:12990/debian sid/main Sources.diff/Index [27.9 kB]
Get:3 http://127.0.0.1:12990/debian sid/main amd64 Packages.diff/Index [27.9 kB]
Get:4 http://127.0.0.1:12990/debian sid/main Sources 2020-02-24-0823.32.pdiff [11.0 kB]
Get:5 http://127.0.0.1:12990/debian sid/main Sources 2020-02-24-1420.34.pdiff [30.2 kB]
Get:6 http://127.0.0.1:12990/debian sid/main Sources 2020-02-24-2014.03.pdiff [16.9 kB]
Get:7 http://127.0.0.1:12990/debian sid/main Sources 2020-02-25-0213.11.pdiff [23.2 kB]
Get:8 http://127.0.0.1:12990/debian sid/main Sources 2020-02-25-0815.22.pdiff [9222 B]
Get:9 http://127.0.0.1:12990/debian sid/main Sources 2020-02-25-1413.15.pdiff [16.3 kB]
Get:10 http://127.0.0.1:12990/debian sid/main amd64 Packages 2020-02-24-0823.32.pdiff [15.5 kB]
Get:11 http://127.0.0.1:12990/debian sid/main amd64 Packages 2020-02-24-1420.34.pdiff [27.5 kB]
Get:12 http://127.0.0.1:12990/debian sid/main amd64 Packages 2020-02-24-2014.03.pdiff [21.6 kB]
Get:13 http://127.0.0.1:12990/debian sid/main amd64 Packages 2020-02-25-0213.11.pdiff [35.0 kB]
Get:14 http://127.0.0.1:12990/debian sid/main amd64 Packages 2020-02-25-0815.22.pdiff [20.1 kB]
Get:15 http://127.0.0.1:12990/debian sid/main amd64 Packages 2020-02-25-1413.15.pdiff [18.4 kB]
Get:9 http://127.0.0.1:12990/debian sid/main Sources 2020-02-25-1413.15.pdiff [16.3 kB]
Get:15 http://127.0.0.1:12990/debian sid/main amd64 Packages 2020-02-25-1413.15.pdiff [18.4 kB]
Get:16 http://127.0.0.1:12990/debian sid/main Translation-en [6195 kB]
Fetched 6638 kB in 2s (3810 kB/s)
Reading package lists...
+ apt-get install --yes --no-install-recommends --force-yes clang-9 libomp-9-dev libobjc-9-dev
Reading package lists...
Building dependency tree...
The following additional packages will be installed:
  cpp-9 g++-9 gcc-8-base gcc-9 gcc-9-base lib32gcc-s1 lib32gcc1 lib32stdc++6
  libasan5 libbsd0 libc6-i386 libclang-common-9-dev libclang-cpp9 libedit2
  libgc1c2 libgcc-8-dev libgcc-9-dev libllvm9 libmpx2 libobjc-8-dev libobjc4
  libomp5-9 libstdc++-8-dev libstdc++-9-dev libz3-4
Suggested packages:
  clang-9-doc gcc-9-locales g++-9-multilib gcc-9-doc gcc-9-multilib
  libomp-9-doc libstdc++-8-doc libstdc++-9-doc
Recommended packages:
  llvm-9-dev python3
The following NEW packages will be installed:
  clang-9 gcc-8-base lib32gcc-s1 lib32gcc1 lib32stdc++6 libbsd0 libc6-i386
  libclang-common-9-dev libclang-cpp9 libedit2 libgc1c2 libgcc-8-dev libllvm9
  libmpx2 libobjc-8-dev libobjc-9-dev libobjc4 libomp-9-dev libomp5-9
  libstdc++-8-dev libz3-4
The following packages will be upgraded:
  cpp-9 g++-9 gcc-9 gcc-9-base libasan5 libgcc-9-dev libstdc++-9-dev
7 upgraded, 21 newly installed, 0 to remove and 3 not upgraded.
Need to get 78.9 MB of archives.
After this operation, 237 MB of additional disk space will be used.
Get:1 http://127.0.0.1:12990/debian sid/main amd64 libasan5 amd64 9.2.1-30 [389 kB]
Get:2 http://127.0.0.1:12990/debian sid/main amd64 g++-9 amd64 9.2.1-30 [10.7 MB]
Get:3 http://127.0.0.1:12990/debian sid/main amd64 gcc-9 amd64 9.2.1-30 [10.0 MB]
Get:4 http://127.0.0.1:12990/debian sid/main amd64 libstdc++-9-dev amd64 9.2.1-30 [1697 kB]
Get:5 http://127.0.0.1:12990/debian sid/main amd64 libgcc-9-dev amd64 9.2.1-30 [2349 kB]
Get:6 http://127.0.0.1:12990/debian sid/main amd64 cpp-9 amd64 9.2.1-30 [9711 kB]
Get:7 http://127.0.0.1:12990/debian sid/main amd64 gcc-9-base amd64 9.2.1-30 [196 kB]
Get:8 http://127.0.0.1:12990/debian sid/main amd64 libbsd0 amd64 0.10.0-1 [107 kB]
Get:9 http://127.0.0.1:12990/debian sid/main amd64 libedit2 amd64 3.1-20191231-1 [95.4 kB]
Get:10 http://127.0.0.1:12990/debian sid/main amd64 libz3-4 amd64 4.8.7-4 [6790 kB]
Get:11 http://127.0.0.1:12990/debian sid/main amd64 libllvm9 amd64 1:9.0.1-8 [15.0 MB]
Get:12 http://127.0.0.1:12990/debian sid/main amd64 libclang-cpp9 amd64 1:9.0.1-8 [8429 kB]
Get:13 http://127.0.0.1:12990/debian sid/main amd64 gcc-8-base amd64 8.3.0-29 [194 kB]
Get:14 http://127.0.0.1:12990/debian sid/main amd64 libmpx2 amd64 8.3.0-29 [11.4 kB]
Get:15 http://127.0.0.1:12990/debian sid/main amd64 libgcc-8-dev amd64 8.3.0-29 [2297 kB]
Get:16 http://127.0.0.1:12990/debian sid/main amd64 libstdc++-8-dev amd64 8.3.0-29 [1543 kB]
Get:17 http://127.0.0.1:12990/debian sid/main amd64 libgc1c2 amd64 1:7.6.4-0.4 [224 kB]
Get:18 http://127.0.0.1:12990/debian sid/main amd64 libobjc4 amd64 10-20200222-1 [41.6 kB]
Get:19 http://127.0.0.1:12990/debian sid/main amd64 libobjc-8-dev amd64 8.3.0-29 [227 kB]
Get:20 http://127.0.0.1:12990/debian sid/main amd64 libc6-i386 amd64 2.29-10 [2918 kB]
Get:21 http://127.0.0.1:12990/debian sid/main amd64 lib32gcc-s1 amd64 10-20200222-1 [49.4 kB]
Get:22 http://127.0.0.1:12990/debian sid/main amd64 lib32gcc1 amd64 1:10-20200222-1 [1104 B]
Get:23 http://127.0.0.1:12990/debian sid/main amd64 lib32stdc++6 amd64 10-20200222-1 [510 kB]
Get:24 http://127.0.0.1:12990/debian sid/main amd64 libclang-common-9-dev amd64 1:9.0.1-8 [3727 kB]
Get:25 http://127.0.0.1:12990/debian sid/main amd64 clang-9 amd64 1:9.0.1-8 [1156 kB]
Get:26 http://127.0.0.1:12990/debian sid/main amd64 libobjc-9-dev amd64 9.2.1-30 [219 kB]
Get:27 http://127.0.0.1:12990/debian sid/main amd64 libomp5-9 amd64 1:9.0.1-8 [333 kB]
Get:28 http://127.0.0.1:12990/debian sid/main amd64 libomp-9-dev amd64 1:9.0.1-8 [66.2 kB]
debconf: delaying package configuration, since apt-utils is not installed
Fetched 78.9 MB in 1s (100 MB/s)
(Reading database ... (Reading database ... 5%(Reading database ... 10%(Reading database ... 15%(Reading database ... 20%(Reading database ... 25%(Reading database ... 30%(Reading database ... 35%(Reading database ... 40%(Reading database ... 45%(Reading database ... 50%(Reading database ... 55%(Reading database ... 60%(Reading database ... 65%(Reading database ... 70%(Reading database ... 75%(Reading database ... 80%(Reading database ... 85%(Reading database ... 90%(Reading database ... 95%(Reading database ... 100%(Reading database ... 12119 files and directories currently installed.)
Preparing to unpack .../00-libasan5_9.2.1-30_amd64.deb ...
Unpacking libasan5:amd64 (9.2.1-30) over (9.2.1-29) ...
Preparing to unpack .../01-g++-9_9.2.1-30_amd64.deb ...
Unpacking g++-9 (9.2.1-30) over (9.2.1-29) ...
Preparing to unpack .../02-gcc-9_9.2.1-30_amd64.deb ...
Unpacking gcc-9 (9.2.1-30) over (9.2.1-29) ...
Preparing to unpack .../03-libstdc++-9-dev_9.2.1-30_amd64.deb ...
Unpacking libstdc++-9-dev:amd64 (9.2.1-30) over (9.2.1-29) ...
Preparing to unpack .../04-libgcc-9-dev_9.2.1-30_amd64.deb ...
Unpacking libgcc-9-dev:amd64 (9.2.1-30) over (9.2.1-29) ...
Preparing to unpack .../05-cpp-9_9.2.1-30_amd64.deb ...
Unpacking cpp-9 (9.2.1-30) over (9.2.1-29) ...
Preparing to unpack .../06-gcc-9-base_9.2.1-30_amd64.deb ...
Unpacking gcc-9-base:amd64 (9.2.1-30) over (9.2.1-29) ...
Selecting previously unselected package libbsd0:amd64.
Preparing to unpack .../07-libbsd0_0.10.0-1_amd64.deb ...
Unpacking libbsd0:amd64 (0.10.0-1) ...
Selecting previously unselected package libedit2:amd64.
Preparing to unpack .../08-libedit2_3.1-20191231-1_amd64.deb ...
Unpacking libedit2:amd64 (3.1-20191231-1) ...
Selecting previously unselected package libz3-4:amd64.
Preparing to unpack .../09-libz3-4_4.8.7-4_amd64.deb ...
Unpacking libz3-4:amd64 (4.8.7-4) ...
Selecting previously unselected package libllvm9:amd64.
Preparing to unpack .../10-libllvm9_1%3a9.0.1-8_amd64.deb ...
Unpacking libllvm9:amd64 (1:9.0.1-8) ...
Selecting previously unselected package libclang-cpp9.
Preparing to unpack .../11-libclang-cpp9_1%3a9.0.1-8_amd64.deb ...
Unpacking libclang-cpp9 (1:9.0.1-8) ...
Selecting previously unselected package gcc-8-base:amd64.
Preparing to unpack .../12-gcc-8-base_8.3.0-29_amd64.deb ...
Unpacking gcc-8-base:amd64 (8.3.0-29) ...
Selecting previously unselected package libmpx2:amd64.
Preparing to unpack .../13-libmpx2_8.3.0-29_amd64.deb ...
Unpacking libmpx2:amd64 (8.3.0-29) ...
Selecting previously unselected package libgcc-8-dev:amd64.
Preparing to unpack .../14-libgcc-8-dev_8.3.0-29_amd64.deb ...
Unpacking libgcc-8-dev:amd64 (8.3.0-29) ...
Selecting previously unselected package libstdc++-8-dev:amd64.
Preparing to unpack .../15-libstdc++-8-dev_8.3.0-29_amd64.deb ...
Unpacking libstdc++-8-dev:amd64 (8.3.0-29) ...
Selecting previously unselected package libgc1c2:amd64.
Preparing to unpack .../16-libgc1c2_1%3a7.6.4-0.4_amd64.deb ...
Unpacking libgc1c2:amd64 (1:7.6.4-0.4) ...
Selecting previously unselected package libobjc4:amd64.
Preparing to unpack .../17-libobjc4_10-20200222-1_amd64.deb ...
Unpacking libobjc4:amd64 (10-20200222-1) ...
Selecting previously unselected package libobjc-8-dev:amd64.
Preparing to unpack .../18-libobjc-8-dev_8.3.0-29_amd64.deb ...
Unpacking libobjc-8-dev:amd64 (8.3.0-29) ...
Selecting previously unselected package libc6-i386.
Preparing to unpack .../19-libc6-i386_2.29-10_amd64.deb ...
Unpacking libc6-i386 (2.29-10) ...
Selecting previously unselected package lib32gcc-s1.
Preparing to unpack .../20-lib32gcc-s1_10-20200222-1_amd64.deb ...
Unpacking lib32gcc-s1 (10-20200222-1) ...
Selecting previously unselected package lib32gcc1.
Preparing to unpack .../21-lib32gcc1_1%3a10-20200222-1_amd64.deb ...
Unpacking lib32gcc1 (1:10-20200222-1) ...
Selecting previously unselected package lib32stdc++6.
Preparing to unpack .../22-lib32stdc++6_10-20200222-1_amd64.deb ...
Unpacking lib32stdc++6 (10-20200222-1) ...
Selecting previously unselected package libclang-common-9-dev.
Preparing to unpack .../23-libclang-common-9-dev_1%3a9.0.1-8_amd64.deb ...
Unpacking libclang-common-9-dev (1:9.0.1-8) ...
Selecting previously unselected package clang-9.
Preparing to unpack .../24-clang-9_1%3a9.0.1-8_amd64.deb ...
Unpacking clang-9 (1:9.0.1-8) ...
Selecting previously unselected package libobjc-9-dev:amd64.
Preparing to unpack .../25-libobjc-9-dev_9.2.1-30_amd64.deb ...
Unpacking libobjc-9-dev:amd64 (9.2.1-30) ...
Selecting previously unselected package libomp5-9:amd64.
Preparing to unpack .../26-libomp5-9_1%3a9.0.1-8_amd64.deb ...
Unpacking libomp5-9:amd64 (1:9.0.1-8) ...
Selecting previously unselected package libomp-9-dev.
Preparing to unpack .../27-libomp-9-dev_1%3a9.0.1-8_amd64.deb ...
Unpacking libomp-9-dev (1:9.0.1-8) ...
Setting up libgc1c2:amd64 (1:7.6.4-0.4) ...
Setting up libobjc4:amd64 (10-20200222-1) ...
Setting up libz3-4:amd64 (4.8.7-4) ...
Setting up gcc-8-base:amd64 (8.3.0-29) ...
Setting up libmpx2:amd64 (8.3.0-29) ...
Setting up libc6-i386 (2.29-10) ...
Setting up libbsd0:amd64 (0.10.0-1) ...
Setting up gcc-9-base:amd64 (9.2.1-30) ...
Setting up libomp5-9:amd64 (1:9.0.1-8) ...
Setting up libedit2:amd64 (3.1-20191231-1) ...
Setting up libasan5:amd64 (9.2.1-30) ...
Setting up lib32gcc-s1 (10-20200222-1) ...
Setting up libgcc-8-dev:amd64 (8.3.0-29) ...
Setting up libomp-9-dev (1:9.0.1-8) ...
Setting up cpp-9 (9.2.1-30) ...
Setting up libllvm9:amd64 (1:9.0.1-8) ...
Setting up libstdc++-8-dev:amd64 (8.3.0-29) ...
Setting up libclang-cpp9 (1:9.0.1-8) ...
Setting up lib32gcc1 (1:10-20200222-1) ...
Setting up libgcc-9-dev:amd64 (9.2.1-30) ...
Setting up libobjc-8-dev:amd64 (8.3.0-29) ...
Setting up lib32stdc++6 (10-20200222-1) ...
Setting up libobjc-9-dev:amd64 (9.2.1-30) ...
Setting up libclang-common-9-dev (1:9.0.1-8) ...
Setting up gcc-9 (9.2.1-30) ...
Setting up libstdc++-9-dev:amd64 (9.2.1-30) ...
Setting up clang-9 (1:9.0.1-8) ...
Setting up g++-9 (9.2.1-30) ...
Processing triggers for libc-bin (2.29-10) ...
W: --force-yes is deprecated, use one of the options starting with --allow instead.
+ echo 'Replace gcc, g++ & cpp by clang'
Replace gcc, g++ & cpp by clang
+ VERSIONS='4.6 4.7 4.8 4.9 5 6 7 8 9 10'
+ cd /usr/bin
+ for VERSION in $VERSIONS
+ rm -f g++-4.6 gcc-4.6 cpp-4.6 gcc
+ ln -s clang++-9 g++-4.6
+ ln -s clang-9 gcc-4.6
+ ln -s clang-9 cpp-4.6
+ ln -s clang-9 gcc
+ echo 'gcc-4.6 hold'
+ dpkg --set-selections
dpkg: warning: package not in status nor available database at line 1: gcc-4.6
dpkg: warning: found unknown packages; this might mean the available database
is outdated, and needs to be updated through a frontend method;
please see the FAQ <https://wiki.debian.org/Teams/Dpkg/FAQ>
+ echo 'g++-4.6 hold'
+ dpkg --set-selections
dpkg: warning: package not in status nor available database at line 1: g++-4.6
dpkg: warning: found unknown packages; this might mean the available database
is outdated, and needs to be updated through a frontend method;
please see the FAQ <https://wiki.debian.org/Teams/Dpkg/FAQ>
+ for VERSION in $VERSIONS
+ rm -f g++-4.7 gcc-4.7 cpp-4.7 gcc
+ ln -s clang++-9 g++-4.7
+ ln -s clang-9 gcc-4.7
+ ln -s clang-9 cpp-4.7
+ ln -s clang-9 gcc
+ echo 'gcc-4.7 hold'
+ dpkg --set-selections
dpkg: warning: package not in status nor available database at line 1: gcc-4.7
dpkg: warning: found unknown packages; this might mean the available database
is outdated, and needs to be updated through a frontend method;
please see the FAQ <https://wiki.debian.org/Teams/Dpkg/FAQ>
+ echo 'g++-4.7 hold'
+ dpkg --set-selections
dpkg: warning: package not in status nor available database at line 1: g++-4.7
dpkg: warning: found unknown packages; this might mean the available database
is outdated, and needs to be updated through a frontend method;
please see the FAQ <https://wiki.debian.org/Teams/Dpkg/FAQ>
+ for VERSION in $VERSIONS
+ rm -f g++-4.8 gcc-4.8 cpp-4.8 gcc
+ ln -s clang++-9 g++-4.8
+ ln -s clang-9 gcc-4.8
+ ln -s clang-9 cpp-4.8
+ ln -s clang-9 gcc
+ echo 'gcc-4.8 hold'
+ dpkg --set-selections
dpkg: warning: package not in status nor available database at line 1: gcc-4.8
dpkg: warning: found unknown packages; this might mean the available database
is outdated, and needs to be updated through a frontend method;
please see the FAQ <https://wiki.debian.org/Teams/Dpkg/FAQ>
+ echo 'g++-4.8 hold'
+ dpkg --set-selections
dpkg: warning: package not in status nor available database at line 1: g++-4.8
dpkg: warning: found unknown packages; this might mean the available database
is outdated, and needs to be updated through a frontend method;
please see the FAQ <https://wiki.debian.org/Teams/Dpkg/FAQ>
+ for VERSION in $VERSIONS
+ rm -f g++-4.9 gcc-4.9 cpp-4.9 gcc
+ ln -s clang++-9 g++-4.9
+ ln -s clang-9 gcc-4.9
+ ln -s clang-9 cpp-4.9
+ ln -s clang-9 gcc
+ echo 'gcc-4.9 hold'
+ dpkg --set-selections
dpkg: warning: package not in status nor available database at line 1: gcc-4.9
dpkg: warning: found unknown packages; this might mean the available database
is outdated, and needs to be updated through a frontend method;
please see the FAQ <https://wiki.debian.org/Teams/Dpkg/FAQ>
+ echo 'g++-4.9 hold'
+ dpkg --set-selections
dpkg: warning: package not in status nor available database at line 1: g++-4.9
dpkg: warning: found unknown packages; this might mean the available database
is outdated, and needs to be updated through a frontend method;
please see the FAQ <https://wiki.debian.org/Teams/Dpkg/FAQ>
+ for VERSION in $VERSIONS
+ rm -f g++-5 gcc-5 cpp-5 gcc
+ ln -s clang++-9 g++-5
+ ln -s clang-9 gcc-5
+ ln -s clang-9 cpp-5
+ ln -s clang-9 gcc
+ echo 'gcc-5 hold'
+ dpkg --set-selections
dpkg: warning: package not in status nor available database at line 1: gcc-5
dpkg: warning: found unknown packages; this might mean the available database
is outdated, and needs to be updated through a frontend method;
please see the FAQ <https://wiki.debian.org/Teams/Dpkg/FAQ>
+ echo 'g++-5 hold'
+ dpkg --set-selections
dpkg: warning: package not in status nor available database at line 1: g++-5
dpkg: warning: found unknown packages; this might mean the available database
is outdated, and needs to be updated through a frontend method;
please see the FAQ <https://wiki.debian.org/Teams/Dpkg/FAQ>
+ for VERSION in $VERSIONS
+ rm -f g++-6 gcc-6 cpp-6 gcc
+ ln -s clang++-9 g++-6
+ ln -s clang-9 gcc-6
+ ln -s clang-9 cpp-6
+ ln -s clang-9 gcc
+ echo 'gcc-6 hold'
+ dpkg --set-selections
dpkg: warning: package not in status nor available database at line 1: gcc-6
dpkg: warning: found unknown packages; this might mean the available database
is outdated, and needs to be updated through a frontend method;
please see the FAQ <https://wiki.debian.org/Teams/Dpkg/FAQ>
+ echo 'g++-6 hold'
+ dpkg --set-selections
dpkg: warning: package not in status nor available database at line 1: g++-6
dpkg: warning: found unknown packages; this might mean the available database
is outdated, and needs to be updated through a frontend method;
please see the FAQ <https://wiki.debian.org/Teams/Dpkg/FAQ>
+ for VERSION in $VERSIONS
+ rm -f g++-7 gcc-7 cpp-7 gcc
+ ln -s clang++-9 g++-7
+ ln -s clang-9 gcc-7
+ ln -s clang-9 cpp-7
+ ln -s clang-9 gcc
+ echo 'gcc-7 hold'
+ dpkg --set-selections
dpkg: warning: package not in status nor available database at line 1: gcc-7
dpkg: warning: found unknown packages; this might mean the available database
is outdated, and needs to be updated through a frontend method;
please see the FAQ <https://wiki.debian.org/Teams/Dpkg/FAQ>
+ echo 'g++-7 hold'
+ dpkg --set-selections
dpkg: warning: package not in status nor available database at line 1: g++-7
dpkg: warning: found unknown packages; this might mean the available database
is outdated, and needs to be updated through a frontend method;
please see the FAQ <https://wiki.debian.org/Teams/Dpkg/FAQ>
+ for VERSION in $VERSIONS
+ rm -f g++-8 gcc-8 cpp-8 gcc
+ ln -s clang++-9 g++-8
+ ln -s clang-9 gcc-8
+ ln -s clang-9 cpp-8
+ ln -s clang-9 gcc
+ echo 'gcc-8 hold'
+ dpkg --set-selections
dpkg: warning: package not in status nor available database at line 1: gcc-8
dpkg: warning: found unknown packages; this might mean the available database
is outdated, and needs to be updated through a frontend method;
please see the FAQ <https://wiki.debian.org/Teams/Dpkg/FAQ>
+ echo 'g++-8 hold'
+ dpkg --set-selections
dpkg: warning: package not in status nor available database at line 1: g++-8
dpkg: warning: found unknown packages; this might mean the available database
is outdated, and needs to be updated through a frontend method;
please see the FAQ <https://wiki.debian.org/Teams/Dpkg/FAQ>
+ for VERSION in $VERSIONS
+ rm -f g++-9 gcc-9 cpp-9 gcc
+ ln -s clang++-9 g++-9
+ ln -s clang-9 gcc-9
+ ln -s clang-9 cpp-9
+ ln -s clang-9 gcc
+ echo 'gcc-9 hold'
+ dpkg --set-selections
+ echo 'g++-9 hold'
+ dpkg --set-selections
+ for VERSION in $VERSIONS
+ rm -f g++-10 gcc-10 cpp-10 gcc
+ ln -s clang++-9 g++-10
+ ln -s clang-9 gcc-10
+ ln -s clang-9 cpp-10
+ ln -s clang-9 gcc
+ echo 'gcc-10 hold'
+ dpkg --set-selections
dpkg: warning: package not in status nor available database at line 1: gcc-10
dpkg: warning: found unknown packages; this might mean the available database
is outdated, and needs to be updated through a frontend method;
please see the FAQ <https://wiki.debian.org/Teams/Dpkg/FAQ>
+ echo 'g++-10 hold'
+ dpkg --set-selections
dpkg: warning: package not in status nor available database at line 1: g++-10
dpkg: warning: found unknown packages; this might mean the available database
is outdated, and needs to be updated through a frontend method;
please see the FAQ <https://wiki.debian.org/Teams/Dpkg/FAQ>
+ cd -
/build/xprobe-ECml37
+ echo 'Check if gcc, g++ & cpp are actually clang'
Check if gcc, g++ & cpp are actually clang
+ gcc --version
+ grep clang
+ cpp --version
+ grep clang
+ g++ --version
+ grep clang

I: Finished running '/tmp/clang9'.

Finished processing commands.
--------------------------------------------------------------------------------
I: NOTICE: Log filtering will replace 'build/xprobe-ECml37/resolver-ICxSD0' with '<<RESOLVERDIR>>'

+------------------------------------------------------------------------------+
| Update chroot                                                                |
+------------------------------------------------------------------------------+

Hit:1 http://127.0.0.1:12990/debian sid InRelease
Reading package lists...
Reading package lists...
Building dependency tree...
Reading state information...
Calculating upgrade...
The following packages will be upgraded:
  bash libgmp10 zlib1g
3 upgraded, 0 newly installed, 0 to remove and 0 not upgraded.
Need to get 1722 kB of archives.
After this operation, 4096 B of additional disk space will be used.
Get:1 http://127.0.0.1:12990/debian sid/main amd64 bash amd64 5.0-6 [1379 kB]
Get:2 http://127.0.0.1:12990/debian sid/main amd64 libgmp10 amd64 2:6.2.0+dfsg-4 [253 kB]
Get:3 http://127.0.0.1:12990/debian sid/main amd64 zlib1g amd64 1:1.2.11.dfsg-2 [90.4 kB]
debconf: delaying package configuration, since apt-utils is not installed
Fetched 1722 kB in 0s (73.2 MB/s)
(Reading database ... (Reading database ... 5%(Reading database ... 10%(Reading database ... 15%(Reading database ... 20%(Reading database ... 25%(Reading database ... 30%(Reading database ... 35%(Reading database ... 40%(Reading database ... 45%(Reading database ... 50%(Reading database ... 55%(Reading database ... 60%(Reading database ... 65%(Reading database ... 70%(Reading database ... 75%(Reading database ... 80%(Reading database ... 85%(Reading database ... 90%(Reading database ... 95%(Reading database ... 100%(Reading database ... 13921 files and directories currently installed.)
Preparing to unpack .../archives/bash_5.0-6_amd64.deb ...
Unpacking bash (5.0-6) over (5.0-5) ...
Setting up bash (5.0-6) ...
update-alternatives: using /usr/share/man/man7/bash-builtins.7.gz to provide /usr/share/man/man7/builtins.7.gz (builtins.7.gz) in auto mode
(Reading database ... (Reading database ... 5%(Reading database ... 10%(Reading database ... 15%(Reading database ... 20%(Reading database ... 25%(Reading database ... 30%(Reading database ... 35%(Reading database ... 40%(Reading database ... 45%(Reading database ... 50%(Reading database ... 55%(Reading database ... 60%(Reading database ... 65%(Reading database ... 70%(Reading database ... 75%(Reading database ... 80%(Reading database ... 85%(Reading database ... 90%(Reading database ... 95%(Reading database ... 100%(Reading database ... 13921 files and directories currently installed.)
Preparing to unpack .../libgmp10_2%3a6.2.0+dfsg-4_amd64.deb ...
Unpacking libgmp10:amd64 (2:6.2.0+dfsg-4) over (2:6.2.0+dfsg-3) ...
Setting up libgmp10:amd64 (2:6.2.0+dfsg-4) ...
(Reading database ... (Reading database ... 5%(Reading database ... 10%(Reading database ... 15%(Reading database ... 20%(Reading database ... 25%(Reading database ... 30%(Reading database ... 35%(Reading database ... 40%(Reading database ... 45%(Reading database ... 50%(Reading database ... 55%(Reading database ... 60%(Reading database ... 65%(Reading database ... 70%(Reading database ... 75%(Reading database ... 80%(Reading database ... 85%(Reading database ... 90%(Reading database ... 95%(Reading database ... 100%(Reading database ... 13921 files and directories currently installed.)
Preparing to unpack .../zlib1g_1%3a1.2.11.dfsg-2_amd64.deb ...
Unpacking zlib1g:amd64 (1:1.2.11.dfsg-2) over (1:1.2.11.dfsg-1.2) ...
Setting up zlib1g:amd64 (1:1.2.11.dfsg-2) ...
Processing triggers for libc-bin (2.29-10) ...

+------------------------------------------------------------------------------+
| Fetch source files                                                           |
+------------------------------------------------------------------------------+


Check APT
---------

Checking available source versions...

Download source files with APT
------------------------------

Reading package lists...
NOTICE: 'xprobe' packaging is maintained in the 'Git' version control system at:
https://salsa.debian.org/pkg-security-team/xprobe.git
Please use:
git clone https://salsa.debian.org/pkg-security-team/xprobe.git
to retrieve the latest (possibly unreleased) updates to the package.
Need to get 542 kB of source archives.
Get:1 http://127.0.0.1:12990/debian sid/main xprobe 0.3-4 (dsc) [1541 B]
Get:2 http://127.0.0.1:12990/debian sid/main xprobe 0.3-4 (tar) [534 kB]
Get:3 http://127.0.0.1:12990/debian sid/main xprobe 0.3-4 (diff) [7284 B]
Fetched 542 kB in 0s (6624 kB/s)
Download complete and in download only mode
I: NOTICE: Log filtering will replace 'build/xprobe-ECml37/xprobe-0.3' with '<<PKGBUILDDIR>>'
I: NOTICE: Log filtering will replace 'build/xprobe-ECml37' with '<<BUILDDIR>>'

+------------------------------------------------------------------------------+
| Install package build dependencies                                           |
+------------------------------------------------------------------------------+


Setup apt archive
-----------------

Merged Build-Depends: debhelper (>= 11), libpcap-dev (>= 0.7.1), build-essential, fakeroot
Filtered Build-Depends: debhelper (>= 11), libpcap-dev (>= 0.7.1), build-essential, fakeroot
dpkg-deb: building package 'sbuild-build-depends-main-dummy' in '/<<RESOLVERDIR>>/apt_archive/sbuild-build-depends-main-dummy.deb'.
Ign:1 copy:/<<RESOLVERDIR>>/apt_archive ./ InRelease
Get:2 copy:/<<RESOLVERDIR>>/apt_archive ./ Release [957 B]
Ign:3 copy:/<<RESOLVERDIR>>/apt_archive ./ Release.gpg
Get:4 copy:/<<RESOLVERDIR>>/apt_archive ./ Sources [381 B]
Get:5 copy:/<<RESOLVERDIR>>/apt_archive ./ Packages [462 B]
Fetched 1800 B in 0s (0 B/s)
Reading package lists...
Reading package lists...

Install main build dependencies (apt-based resolver)
----------------------------------------------------

Installing build dependencies
Reading package lists...
Building dependency tree...
Reading state information...
The following additional packages will be installed:
  autoconf automake autopoint autotools-dev bsdmainutils debhelper
  dh-autoreconf dh-strip-nondeterminism dwz file gettext gettext-base
  groff-base intltool-debian libarchive-zip-perl libcroco3 libdebhelper-perl
  libelf1 libfile-stripnondeterminism-perl libglib2.0-0 libicu63 libmagic-mgc
  libmagic1 libpcap-dev libpcap0.8 libpcap0.8-dev libpipeline1 libsigsegv2
  libsub-override-perl libtool libuchardet0 libxml2 m4 man-db po-debconf
  sensible-utils
Suggested packages:
  autoconf-archive gnu-standards autoconf-doc wamerican | wordlist whois
  vacation dh-make gettext-doc libasprintf-dev libgettextpo-dev groff
  libtool-doc gfortran | fortran95-compiler gcj-jdk m4-doc apparmor less
  www-browser libmail-box-perl
Recommended packages:
  curl | wget | lynx libarchive-cpio-perl libglib2.0-data shared-mime-info
  xdg-user-dirs libltdl-dev libmail-sendmail-perl
The following NEW packages will be installed:
  autoconf automake autopoint autotools-dev bsdmainutils debhelper
  dh-autoreconf dh-strip-nondeterminism dwz file gettext gettext-base
  groff-base intltool-debian libarchive-zip-perl libcroco3 libdebhelper-perl
  libelf1 libfile-stripnondeterminism-perl libglib2.0-0 libicu63 libmagic-mgc
  libmagic1 libpcap-dev libpcap0.8 libpcap0.8-dev libpipeline1 libsigsegv2
  libsub-override-perl libtool libuchardet0 libxml2 m4 man-db po-debconf
  sbuild-build-depends-main-dummy sensible-utils
0 upgraded, 37 newly installed, 0 to remove and 0 not upgraded.
Need to get 19.6 MB of archives.
After this operation, 71.6 MB of additional disk space will be used.
Get:1 copy:/<<RESOLVERDIR>>/apt_archive ./ sbuild-build-depends-main-dummy 0.invalid.0 [888 B]
Get:2 http://127.0.0.1:12990/debian sid/main amd64 bsdmainutils amd64 11.1.2+b1 [191 kB]
Get:3 http://127.0.0.1:12990/debian sid/main amd64 libuchardet0 amd64 0.0.6-3 [64.9 kB]
Get:4 http://127.0.0.1:12990/debian sid/main amd64 groff-base amd64 1.22.4-4 [919 kB]
Get:5 http://127.0.0.1:12990/debian sid/main amd64 libpipeline1 amd64 1.5.2-2 [33.9 kB]
Get:6 http://127.0.0.1:12990/debian sid/main amd64 man-db amd64 2.9.0-2 [1307 kB]
Get:7 http://127.0.0.1:12990/debian sid/main amd64 sensible-utils all 0.0.12+nmu1 [16.0 kB]
Get:8 http://127.0.0.1:12990/debian sid/main amd64 libmagic-mgc amd64 1:5.38-4 [262 kB]
Get:9 http://127.0.0.1:12990/debian sid/main amd64 libmagic1 amd64 1:5.38-4 [120 kB]
Get:10 http://127.0.0.1:12990/debian sid/main amd64 file amd64 1:5.38-4 [67.9 kB]
Get:11 http://127.0.0.1:12990/debian sid/main amd64 gettext-base amd64 0.19.8.1-10 [123 kB]
Get:12 http://127.0.0.1:12990/debian sid/main amd64 libsigsegv2 amd64 2.12-2 [32.8 kB]
Get:13 http://127.0.0.1:12990/debian sid/main amd64 m4 amd64 1.4.18-4 [203 kB]
Get:14 http://127.0.0.1:12990/debian sid/main amd64 autoconf all 2.69-11.1 [341 kB]
Get:15 http://127.0.0.1:12990/debian sid/main amd64 autotools-dev all 20180224.1 [77.0 kB]
Get:16 http://127.0.0.1:12990/debian sid/main amd64 automake all 1:1.16.1-4 [771 kB]
Get:17 http://127.0.0.1:12990/debian sid/main amd64 autopoint all 0.19.8.1-10 [435 kB]
Get:18 http://127.0.0.1:12990/debian sid/main amd64 libtool all 2.4.6-13 [513 kB]
Get:19 http://127.0.0.1:12990/debian sid/main amd64 dh-autoreconf all 19 [16.9 kB]
Get:20 http://127.0.0.1:12990/debian sid/main amd64 libdebhelper-perl all 12.9 [183 kB]
Get:21 http://127.0.0.1:12990/debian sid/main amd64 libarchive-zip-perl all 1.67-1 [104 kB]
Get:22 http://127.0.0.1:12990/debian sid/main amd64 libsub-override-perl all 0.09-2 [10.2 kB]
Get:23 http://127.0.0.1:12990/debian sid/main amd64 libfile-stripnondeterminism-perl all 1.6.3-2 [23.7 kB]
Get:24 http://127.0.0.1:12990/debian sid/main amd64 dh-strip-nondeterminism all 1.6.3-2 [14.7 kB]
Get:25 http://127.0.0.1:12990/debian sid/main amd64 libelf1 amd64 0.176-1.1 [161 kB]
Get:26 http://127.0.0.1:12990/debian sid/main amd64 dwz amd64 0.13-5 [151 kB]
Get:27 http://127.0.0.1:12990/debian sid/main amd64 libglib2.0-0 amd64 2.62.4-2 [1319 kB]
Get:28 http://127.0.0.1:12990/debian sid/main amd64 libicu63 amd64 63.2-2 [8301 kB]
Get:29 http://127.0.0.1:12990/debian sid/main amd64 libxml2 amd64 2.9.10+dfsg-3 [709 kB]
Get:30 http://127.0.0.1:12990/debian sid/main amd64 libcroco3 amd64 0.6.13-1 [146 kB]
Get:31 http://127.0.0.1:12990/debian sid/main amd64 gettext amd64 0.19.8.1-10 [1303 kB]
Get:32 http://127.0.0.1:12990/debian sid/main amd64 intltool-debian all 0.35.0+20060710.5 [26.8 kB]
Get:33 http://127.0.0.1:12990/debian sid/main amd64 po-debconf all 1.0.21 [248 kB]
Get:34 http://127.0.0.1:12990/debian sid/main amd64 debhelper all 12.9 [994 kB]
Get:35 http://127.0.0.1:12990/debian sid/main amd64 libpcap0.8 amd64 1.9.1-2 [151 kB]
Get:36 http://127.0.0.1:12990/debian sid/main amd64 libpcap0.8-dev amd64 1.9.1-2 [268 kB]
Get:37 http://127.0.0.1:12990/debian sid/main amd64 libpcap-dev amd64 1.9.1-2 [29.0 kB]
debconf: delaying package configuration, since apt-utils is not installed
Fetched 19.6 MB in 0s (83.1 MB/s)
Selecting previously unselected package bsdmainutils.
(Reading database ... 13921 files and directories currently installed.)
Preparing to unpack .../00-bsdmainutils_11.1.2+b1_amd64.deb ...
Unpacking bsdmainutils (11.1.2+b1) ...
Selecting previously unselected package libuchardet0:amd64.
Preparing to unpack .../01-libuchardet0_0.0.6-3_amd64.deb ...
Unpacking libuchardet0:amd64 (0.0.6-3) ...
Selecting previously unselected package groff-base.
Preparing to unpack .../02-groff-base_1.22.4-4_amd64.deb ...
Unpacking groff-base (1.22.4-4) ...
Selecting previously unselected package libpipeline1:amd64.
Preparing to unpack .../03-libpipeline1_1.5.2-2_amd64.deb ...
Unpacking libpipeline1:amd64 (1.5.2-2) ...
Selecting previously unselected package man-db.
Preparing to unpack .../04-man-db_2.9.0-2_amd64.deb ...
Unpacking man-db (2.9.0-2) ...
Selecting previously unselected package sensible-utils.
Preparing to unpack .../05-sensible-utils_0.0.12+nmu1_all.deb ...
Unpacking sensible-utils (0.0.12+nmu1) ...
Selecting previously unselected package libmagic-mgc.
Preparing to unpack .../06-libmagic-mgc_1%3a5.38-4_amd64.deb ...
Unpacking libmagic-mgc (1:5.38-4) ...
Selecting previously unselected package libmagic1:amd64.
Preparing to unpack .../07-libmagic1_1%3a5.38-4_amd64.deb ...
Unpacking libmagic1:amd64 (1:5.38-4) ...
Selecting previously unselected package file.
Preparing to unpack .../08-file_1%3a5.38-4_amd64.deb ...
Unpacking file (1:5.38-4) ...
Selecting previously unselected package gettext-base.
Preparing to unpack .../09-gettext-base_0.19.8.1-10_amd64.deb ...
Unpacking gettext-base (0.19.8.1-10) ...
Selecting previously unselected package libsigsegv2:amd64.
Preparing to unpack .../10-libsigsegv2_2.12-2_amd64.deb ...
Unpacking libsigsegv2:amd64 (2.12-2) ...
Selecting previously unselected package m4.
Preparing to unpack .../11-m4_1.4.18-4_amd64.deb ...
Unpacking m4 (1.4.18-4) ...
Selecting previously unselected package autoconf.
Preparing to unpack .../12-autoconf_2.69-11.1_all.deb ...
Unpacking autoconf (2.69-11.1) ...
Selecting previously unselected package autotools-dev.
Preparing to unpack .../13-autotools-dev_20180224.1_all.deb ...
Unpacking autotools-dev (20180224.1) ...
Selecting previously unselected package automake.
Preparing to unpack .../14-automake_1%3a1.16.1-4_all.deb ...
Unpacking automake (1:1.16.1-4) ...
Selecting previously unselected package autopoint.
Preparing to unpack .../15-autopoint_0.19.8.1-10_all.deb ...
Unpacking autopoint (0.19.8.1-10) ...
Selecting previously unselected package libtool.
Preparing to unpack .../16-libtool_2.4.6-13_all.deb ...
Unpacking libtool (2.4.6-13) ...
Selecting previously unselected package dh-autoreconf.
Preparing to unpack .../17-dh-autoreconf_19_all.deb ...
Unpacking dh-autoreconf (19) ...
Selecting previously unselected package libdebhelper-perl.
Preparing to unpack .../18-libdebhelper-perl_12.9_all.deb ...
Unpacking libdebhelper-perl (12.9) ...
Selecting previously unselected package libarchive-zip-perl.
Preparing to unpack .../19-libarchive-zip-perl_1.67-1_all.deb ...
Unpacking libarchive-zip-perl (1.67-1) ...
Selecting previously unselected package libsub-override-perl.
Preparing to unpack .../20-libsub-override-perl_0.09-2_all.deb ...
Unpacking libsub-override-perl (0.09-2) ...
Selecting previously unselected package libfile-stripnondeterminism-perl.
Preparing to unpack .../21-libfile-stripnondeterminism-perl_1.6.3-2_all.deb ...
Unpacking libfile-stripnondeterminism-perl (1.6.3-2) ...
Selecting previously unselected package dh-strip-nondeterminism.
Preparing to unpack .../22-dh-strip-nondeterminism_1.6.3-2_all.deb ...
Unpacking dh-strip-nondeterminism (1.6.3-2) ...
Selecting previously unselected package libelf1:amd64.
Preparing to unpack .../23-libelf1_0.176-1.1_amd64.deb ...
Unpacking libelf1:amd64 (0.176-1.1) ...
Selecting previously unselected package dwz.
Preparing to unpack .../24-dwz_0.13-5_amd64.deb ...
Unpacking dwz (0.13-5) ...
Selecting previously unselected package libglib2.0-0:amd64.
Preparing to unpack .../25-libglib2.0-0_2.62.4-2_amd64.deb ...
Unpacking libglib2.0-0:amd64 (2.62.4-2) ...
Selecting previously unselected package libicu63:amd64.
Preparing to unpack .../26-libicu63_63.2-2_amd64.deb ...
Unpacking libicu63:amd64 (63.2-2) ...
Selecting previously unselected package libxml2:amd64.
Preparing to unpack .../27-libxml2_2.9.10+dfsg-3_amd64.deb ...
Unpacking libxml2:amd64 (2.9.10+dfsg-3) ...
Selecting previously unselected package libcroco3:amd64.
Preparing to unpack .../28-libcroco3_0.6.13-1_amd64.deb ...
Unpacking libcroco3:amd64 (0.6.13-1) ...
Selecting previously unselected package gettext.
Preparing to unpack .../29-gettext_0.19.8.1-10_amd64.deb ...
Unpacking gettext (0.19.8.1-10) ...
Selecting previously unselected package intltool-debian.
Preparing to unpack .../30-intltool-debian_0.35.0+20060710.5_all.deb ...
Unpacking intltool-debian (0.35.0+20060710.5) ...
Selecting previously unselected package po-debconf.
Preparing to unpack .../31-po-debconf_1.0.21_all.deb ...
Unpacking po-debconf (1.0.21) ...
Selecting previously unselected package debhelper.
Preparing to unpack .../32-debhelper_12.9_all.deb ...
Unpacking debhelper (12.9) ...
Selecting previously unselected package libpcap0.8:amd64.
Preparing to unpack .../33-libpcap0.8_1.9.1-2_amd64.deb ...
Unpacking libpcap0.8:amd64 (1.9.1-2) ...
Selecting previously unselected package libpcap0.8-dev:amd64.
Preparing to unpack .../34-libpcap0.8-dev_1.9.1-2_amd64.deb ...
Unpacking libpcap0.8-dev:amd64 (1.9.1-2) ...
Selecting previously unselected package libpcap-dev:amd64.
Preparing to unpack .../35-libpcap-dev_1.9.1-2_amd64.deb ...
Unpacking libpcap-dev:amd64 (1.9.1-2) ...
Selecting previously unselected package sbuild-build-depends-main-dummy.
Preparing to unpack .../36-sbuild-build-depends-main-dummy_0.invalid.0_amd64.deb ...
Unpacking sbuild-build-depends-main-dummy (0.invalid.0) ...
Setting up libpipeline1:amd64 (1.5.2-2) ...
Setting up libmagic-mgc (1:5.38-4) ...
Setting up libarchive-zip-perl (1.67-1) ...
Setting up libglib2.0-0:amd64 (2.62.4-2) ...
No schema files found: doing nothing.
Setting up libdebhelper-perl (12.9) ...
Setting up libmagic1:amd64 (1:5.38-4) ...
Setting up gettext-base (0.19.8.1-10) ...
Setting up file (1:5.38-4) ...
Setting up libicu63:amd64 (63.2-2) ...
Setting up autotools-dev (20180224.1) ...
Setting up libpcap0.8:amd64 (1.9.1-2) ...
Setting up libsigsegv2:amd64 (2.12-2) ...
Setting up bsdmainutils (11.1.2+b1) ...
update-alternatives: using /usr/bin/bsd-write to provide /usr/bin/write (write) in auto mode
update-alternatives: using /usr/bin/bsd-from to provide /usr/bin/from (from) in auto mode
Setting up autopoint (0.19.8.1-10) ...
Setting up sensible-utils (0.0.12+nmu1) ...
Setting up libuchardet0:amd64 (0.0.6-3) ...
Setting up libsub-override-perl (0.09-2) ...
Setting up libelf1:amd64 (0.176-1.1) ...
Setting up libxml2:amd64 (2.9.10+dfsg-3) ...
Setting up libfile-stripnondeterminism-perl (1.6.3-2) ...
Setting up libtool (2.4.6-13) ...
Setting up libpcap0.8-dev:amd64 (1.9.1-2) ...
Setting up m4 (1.4.18-4) ...
Setting up libcroco3:amd64 (0.6.13-1) ...
Setting up autoconf (2.69-11.1) ...
Setting up dh-strip-nondeterminism (1.6.3-2) ...
Setting up dwz (0.13-5) ...
Setting up groff-base (1.22.4-4) ...
Setting up automake (1:1.16.1-4) ...
update-alternatives: using /usr/bin/automake-1.16 to provide /usr/bin/automake (automake) in auto mode
Setting up gettext (0.19.8.1-10) ...
Setting up libpcap-dev:amd64 (1.9.1-2) ...
Setting up man-db (2.9.0-2) ...
Not building database; man-db/auto-update is not 'true'.
Setting up intltool-debian (0.35.0+20060710.5) ...
Setting up po-debconf (1.0.21) ...
Setting up dh-autoreconf (19) ...
Setting up debhelper (12.9) ...
Setting up sbuild-build-depends-main-dummy (0.invalid.0) ...
Processing triggers for libc-bin (2.29-10) ...

+------------------------------------------------------------------------------+
| Check architectures                                                          |
+------------------------------------------------------------------------------+

Arch check ok (amd64 included in any)

+------------------------------------------------------------------------------+
| Build environment                                                            |
+------------------------------------------------------------------------------+

Kernel: Linux 4.19.0-6-cloud-amd64 #1 SMP Debian 4.19.67-2+deb10u2 (2019-11-11) amd64 (x86_64)
Toolchain package versions: binutils_2.34-3 dpkg-dev_1.19.7 g++-9_9.2.1-30 gcc-9_9.2.1-30 libc6-dev_2.29-10 libstdc++-8-dev_8.3.0-29 libstdc++-9-dev_9.2.1-30 libstdc++6_10-20200222-1 linux-libc-dev_5.4.19-1
Package versions: adduser_3.118 apt_1.8.4 autoconf_2.69-11.1 automake_1:1.16.1-4 autopoint_0.19.8.1-10 autotools-dev_20180224.1 base-files_11 base-passwd_3.5.47 bash_5.0-6 binutils_2.34-3 binutils-common_2.34-3 binutils-x86-64-linux-gnu_2.34-3 bsdmainutils_11.1.2+b1 bsdutils_1:2.34-0.1 build-essential_12.8 bzip2_1.0.8-2 clang-9_1:9.0.1-8 coreutils_8.30-3+b1 cpp_4:9.2.1-3.1 cpp-9_9.2.1-30 dash_0.5.10.2-6 debconf_1.5.73 debhelper_12.9 debian-archive-keyring_2019.1 debianutils_4.9.1 dh-autoreconf_19 dh-strip-nondeterminism_1.6.3-2 diffutils_1:3.7-3 dpkg_1.19.7 dpkg-dev_1.19.7 dwz_0.13-5 e2fsprogs_1.45.5-2 fakeroot_1.24-1 fdisk_2.34-0.1 file_1:5.38-4 findutils_4.7.0-1 g++_4:9.2.1-3.1 g++-9_9.2.1-30 gcc_4:9.2.1-3.1 gcc-10-base_10-20200222-1 gcc-8-base_8.3.0-29 gcc-9_9.2.1-30 gcc-9-base_9.2.1-30 gettext_0.19.8.1-10 gettext-base_0.19.8.1-10 gpgv_2.2.19-1 grep_3.4-1 groff-base_1.22.4-4 gzip_1.9-3+b1 hostname_3.23 init-system-helpers_1.57 intltool-debian_0.35.0+20060710.5 lib32gcc-s1_10-20200222-1 lib32gcc1_1:10-20200222-1 lib32stdc++6_10-20200222-1 libacl1_2.2.53-5 libapt-pkg5.0_1.8.4 libarchive-zip-perl_1.67-1 libasan5_9.2.1-30 libatomic1_10-20200222-1 libattr1_1:2.4.48-5 libaudit-common_1:2.8.5-2 libaudit1_1:2.8.5-2+b1 libbinutils_2.34-3 libblkid1_2.34-0.1 libbsd0_0.10.0-1 libbz2-1.0_1.0.8-2 libc-bin_2.29-10 libc-dev-bin_2.29-10 libc6_2.29-10 libc6-dev_2.29-10 libc6-i386_2.29-10 libcap-ng0_0.7.9-2.1+b1 libcc1-0_10-20200222-1 libclang-common-9-dev_1:9.0.1-8 libclang-cpp9_1:9.0.1-8 libcom-err2_1.45.5-2 libcroco3_0.6.13-1 libcrypt-dev_1:4.4.10-10 libcrypt1_1:4.4.10-10 libctf-nobfd0_2.34-3 libctf0_2.34-3 libdb5.3_5.3.28+dfsg1-0.6 libdebconfclient0_0.251 libdebhelper-perl_12.9 libdpkg-perl_1.19.7 libedit2_3.1-20191231-1 libelf1_0.176-1.1 libext2fs2_1.45.5-2 libfakeroot_1.24-1 libfdisk1_2.34-0.1 libffi7_3.3-3 libfile-stripnondeterminism-perl_1.6.3-2 libgc1c2_1:7.6.4-0.4 libgcc-8-dev_8.3.0-29 libgcc-9-dev_9.2.1-30 libgcc-s1_10-20200222-1 libgcc1_1:10-20200222-1 libgcrypt20_1.8.5-5 libgdbm-compat4_1.18.1-5 libgdbm6_1.18.1-5 libglib2.0-0_2.62.4-2 libgmp10_2:6.2.0+dfsg-4 libgnutls30_3.6.12-2 libgomp1_10-20200222-1 libgpg-error0_1.37-1 libhogweed5_3.5.1+really3.5.1-2 libicu63_63.2-2 libidn2-0_2.2.0-2 libisl22_0.22.1-1 libitm1_10-20200222-1 libllvm9_1:9.0.1-8 liblsan0_10-20200222-1 liblz4-1_1.9.2-2 liblzma5_5.2.4-1+b1 libmagic-mgc_1:5.38-4 libmagic1_1:5.38-4 libmount1_2.34-0.1 libmpc3_1.1.0-1 libmpfr6_4.0.2-1 libmpx2_8.3.0-29 libncursesw6_6.1+20191019-1 libnettle7_3.5.1+really3.5.1-2 libobjc-8-dev_8.3.0-29 libobjc-9-dev_9.2.1-30 libobjc4_10-20200222-1 libomp-9-dev_1:9.0.1-8 libomp5-9_1:9.0.1-8 libp11-kit0_0.23.20-1 libpam-modules_1.3.1-5 libpam-modules-bin_1.3.1-5 libpam-runtime_1.3.1-5 libpam0g_1.3.1-5 libpcap-dev_1.9.1-2 libpcap0.8_1.9.1-2 libpcap0.8-dev_1.9.1-2 libpcre2-8-0_10.34-7 libpcre3_2:8.39-12+b1 libperl5.30_5.30.0-9 libpipeline1_1.5.2-2 libquadmath0_10-20200222-1 libseccomp2_2.4.2-2 libselinux1_3.0-1+b1 libsemanage-common_3.0-1 libsemanage1_3.0-1+b1 libsepol1_3.0-1 libsigsegv2_2.12-2 libsmartcols1_2.34-0.1 libss2_1.45.5-2 libstdc++-8-dev_8.3.0-29 libstdc++-9-dev_9.2.1-30 libstdc++6_10-20200222-1 libsub-override-perl_0.09-2 libsystemd0_244.3-1 libtasn1-6_4.16.0-2 libtinfo6_6.1+20191019-1 libtool_2.4.6-13 libtsan0_10-20200222-1 libubsan1_10-20200222-1 libuchardet0_0.0.6-3 libudev1_244.3-1 libunistring2_0.9.10-2 libuuid1_2.34-0.1 libxml2_2.9.10+dfsg-3 libz3-4_4.8.7-4 libzstd1_1.4.4+dfsg-3 linux-libc-dev_5.4.19-1 login_1:4.8.1-1 logsave_1.45.5-2 lsb-base_11.1.0 m4_1.4.18-4 make_4.2.1-1.2 man-db_2.9.0-2 mawk_1.3.4.20200120-2 mount_2.34-0.1 ncurses-base_6.1+20191019-1 ncurses-bin_6.1+20191019-1 passwd_1:4.8.1-1 patch_2.7.6-6 perl_5.30.0-9 perl-base_5.30.0-9 perl-modules-5.30_5.30.0-9 po-debconf_1.0.21 sbuild-build-depends-main-dummy_0.invalid.0 sed_4.7-1 sensible-utils_0.0.12+nmu1 sysvinit-utils_2.96-2.1 tar_1.30+dfsg-6+b1 tzdata_2019c-3 util-linux_2.34-0.1 xz-utils_5.2.4-1+b1 zlib1g_1:1.2.11.dfsg-2

+------------------------------------------------------------------------------+
| Build                                                                        |
+------------------------------------------------------------------------------+


Unpack source
-------------

-----BEGIN PGP SIGNED MESSAGE-----
Hash: SHA512

Format: 3.0 (quilt)
Source: xprobe
Binary: xprobe
Architecture: any
Version: 0.3-4
Maintainer: Debian Security Tools <team+pkg-security@tracker.debian.org>
Uploaders: Sophie Brun <sophie@freexian.com>
Standards-Version: 4.2.1
Vcs-Browser: https://salsa.debian.org/pkg-security-team/xprobe
Vcs-Git: https://salsa.debian.org/pkg-security-team/xprobe.git
Build-Depends: debhelper (>= 11), libpcap-dev (>= 0.7.1)
Package-List:
 xprobe deb net optional arch=any
Checksums-Sha1:
 c28d48823c1b953f73fd1b1fbced5c77a63d2bf0 533636 xprobe_0.3.orig.tar.gz
 88814fff6a372c2a6b7f41f2761897b111cf61bc 7284 xprobe_0.3-4.debian.tar.xz
Checksums-Sha256:
 12a9d0a2f38da8bb74c9e1cd96b2019802632cf55f8948384aafd417bb79a164 533636 xprobe_0.3.orig.tar.gz
 4e8e4ab12e797a0ebbeeb50affb6eb082901c2f72e0ff855e203669587b8ca90 7284 xprobe_0.3-4.debian.tar.xz
Files:
 3ebb89ed9380038d368327816e34ec54 533636 xprobe_0.3.orig.tar.gz
 32af4a40407d0bdcd0279984ef9eb26d 7284 xprobe_0.3-4.debian.tar.xz

-----BEGIN PGP SIGNATURE-----
Comment: Signed by Raphael Hertzog

iQEzBAEBCgAdFiEE1823g1EQnhJ1LsbSA4gdq+vCmrkFAluLu2YACgkQA4gdq+vC
mrlm/Qf8CXF/JBlGfx1wwRYgRohs4i9MJv5ThajCXreFuOZIQpIbTWra+RW+83YS
/YqZEyHce74Mtouuk4NTBt7N8WqHAm8wgGTbhy7L/IiEGPT6SptR8suU4ss81vH6
x/x00rm42vnvJQUXVJqYXxhm108sJXL2vlGR1MlE9BLU5EaGg33sRtVeO3sfpgED
mc5NemXKHMjb/ndieF/4ZW/s/lGEQEKs98zm1tSGQ3e+F2xpCo1RksJdaYgYMgUo
05IMeF779q0VEr4EogcT2ap8fPe75hK0cHWdiDGRCCm7pZ6Qq2lUF7gMx4mUB0Ei
vxEcB151H970RsiRrczYC14axbe2EQ==
=PP+m
-----END PGP SIGNATURE-----

gpgv: unknown type of key resource 'trustedkeys.kbx'
gpgv: keyblock resource '/sbuild-nonexistent/.gnupg/trustedkeys.kbx': General error
gpgv: Signature made Sun Sep  2 10:28:54 2018 UTC
gpgv:                using RSA key D7CDB78351109E12752EC6D203881DABEBC29AB9
gpgv: Can't check signature: No public key
dpkg-source: warning: failed to verify signature on ./xprobe_0.3-4.dsc
dpkg-source: info: extracting xprobe in /<<PKGBUILDDIR>>
dpkg-source: info: unpacking xprobe_0.3.orig.tar.gz
dpkg-source: info: unpacking xprobe_0.3-4.debian.tar.xz
dpkg-source: info: using patch list from debian/patches/series
dpkg-source: info: applying fix-build-usi.patch
dpkg-source: info: applying fix-for-gcc4.3.patch
dpkg-source: warning: unexpected end of diff '/<<PKGBUILDDIR>>/debian/patches/fix-man-page.patch'
dpkg-source: info: applying fix-man-page.patch
dpkg-source: info: applying reproducible_build.patch
dpkg-source: info: applying cross.patch

Check disk space
----------------

Sufficient free space for build

User Environment
----------------

APT_CONFIG=/var/lib/sbuild/apt.conf
HOME=/sbuild-nonexistent
LANG=C.UTF-8
LC_ALL=C.UTF-8
LOGNAME=user42
PATH=/usr/local/sbin:/usr/local/bin:/usr/sbin:/usr/bin:/sbin:/bin:/usr/games
SCHROOT_ALIAS_NAME=unstable
SCHROOT_CHROOT_NAME=sid-amd64-sbuild
SCHROOT_COMMAND=env
SCHROOT_GID=1001
SCHROOT_GROUP=user42
SCHROOT_SESSION_ID=sid-amd64-sbuild-8d3afe51-9d91-46f7-9ce2-616715f74af7
SCHROOT_UID=1001
SCHROOT_USER=user42
SHELL=/bin/sh
USER=user42

dpkg-buildpackage
-----------------

Command: dpkg-buildpackage -us -uc -b -rfakeroot
dpkg-buildpackage: info: source package xprobe
dpkg-buildpackage: info: source version 0.3-4
dpkg-buildpackage: info: source distribution unstable
dpkg-buildpackage: info: source changed by RaphaÃ«l Hertzog <hertzog@debian.org>
 dpkg-source --before-build .
dpkg-buildpackage: info: host architecture amd64
 fakeroot debian/rules clean
dh clean
   dh_clean
 debian/rules build
dh build
   dh_update_autotools_config
   dh_autoreconf
aclocal: warning: autoconf input should be named 'configure.ac', not 'configure.in'
configure.in:205: warning: AC_CONFIG_SUBDIRS: you should use literals
../../lib/autoconf/status.m4:1097: AC_CONFIG_SUBDIRS is expanded from...
configure.in:205: the top level
configure.in:205: warning: AC_CONFIG_SUBDIRS: you should use literals
../../lib/autoconf/status.m4:1097: AC_CONFIG_SUBDIRS is expanded from...
configure.in:205: the top level
configure.in:205: warning: AC_CONFIG_SUBDIRS: you should use literals
../../lib/autoconf/status.m4:1097: AC_CONFIG_SUBDIRS is expanded from...
configure.in:205: the top level
autoheader: WARNING: Using auxiliary files such as `acconfig.h', `config.h.bot'
autoheader: WARNING: and `config.h.top', to define templates for `config.h.in'
autoheader: WARNING: is deprecated and discouraged.
autoheader: 
autoheader: WARNING: Using the third argument of `AC_DEFINE' and
autoheader: WARNING: `AC_DEFINE_UNQUOTED' allows one to define a template without
autoheader: WARNING: `acconfig.h':
autoheader: 
autoheader: WARNING:   AC_DEFINE([NEED_FUNC_MAIN], 1,
autoheader: 		[Define if a function `main' is needed.])
autoheader: 
autoheader: WARNING: More sophisticated templates can also be produced, see the
autoheader: WARNING: documentation.
configure.in:205: warning: AC_CONFIG_SUBDIRS: you should use literals
../../lib/autoconf/status.m4:1097: AC_CONFIG_SUBDIRS is expanded from...
configure.in:205: the top level
aclocal: warning: autoconf input should be named 'configure.ac', not 'configure.in'
   dh_auto_configure
	./configure --build=x86_64-linux-gnu --prefix=/usr --includedir=\${prefix}/include --mandir=\${prefix}/share/man --infodir=\${prefix}/share/info --sysconfdir=/etc --localstatedir=/var --disable-silent-rules --libdir=\${prefix}/lib/x86_64-linux-gnu --libexecdir=\${prefix}/lib/x86_64-linux-gnu --runstatedir=/run --disable-maintainer-mode --disable-dependency-tracking
checking for gcc... gcc
checking whether the C compiler works... yes
checking for C compiler default output file name... a.out
checking for suffix of executables... 
checking whether we are cross compiling... no
checking for suffix of object files... o
checking whether we are using the GNU C compiler... yes
checking whether gcc accepts -g... yes
checking for gcc option to accept ISO C89... none needed
checking for g++... g++
checking whether we are using the GNU C++ compiler... yes
checking whether g++ accepts -g... yes
checking for ranlib... ranlib
checking build system type... x86_64-pc-linux-gnu
checking host system type... x86_64-pc-linux-gnu
checking how to run the C++ preprocessor... g++ -E
checking for grep that handles long lines and -e... /bin/grep
checking for egrep... /bin/grep -E
checking for ANSI C header files... yes
checking for sys/types.h... yes
checking for sys/stat.h... yes
checking for stdlib.h... yes
checking for string.h... yes
checking for memory.h... yes
checking for strings.h... yes
checking for inttypes.h... yes
checking for stdint.h... yes
checking for unistd.h... yes
checking for strings.h... (cached) yes
checking for string.h... (cached) yes
checking for stdlib.h... (cached) yes
checking for unistd.h... (cached) yes
checking glib.h usability... no
checking glib.h presence... no
checking for glib.h... no
checking dlfcn.h usability... yes
checking dlfcn.h presence... yes
checking for dlfcn.h... yes
checking if sa_len is in struct sockaddr... no
checking for pcap_datalink in -lpcap... yes
checking for dlfcn.h... (cached) yes
checking for a BSD-compatible install... /usr/bin/install -c
checking whether make sets $(MAKE)... yes
configure: creating ./config.status
config.status: creating Makefile
config.status: WARNING:  'Makefile.in' seems to ignore the --datarootdir setting
config.status: creating src/defines.h
config.status: creating src/Makefile
config.status: WARNING:  'src/Makefile.in' seems to ignore the --datarootdir setting
config.status: creating src/xplib/Makefile
config.status: WARNING:  'src/xplib/Makefile.in' seems to ignore the --datarootdir setting
config.status: creating src/xpmodules/Makefile
config.status: WARNING:  'src/xpmodules/Makefile.in' seems to ignore the --datarootdir setting
config.status: creating src/xpmodules/alive_probe/Makefile
config.status: WARNING:  'src/xpmodules/alive_probe/Makefile.in' seems to ignore the --datarootdir setting
config.status: creating src/xpmodules/alive_probe/ttl_calc/Makefile
config.status: WARNING:  'src/xpmodules/alive_probe/ttl_calc/Makefile.in' seems to ignore the --datarootdir setting
config.status: creating src/xpmodules/alive_probe/portscanner/Makefile
config.status: WARNING:  'src/xpmodules/alive_probe/portscanner/Makefile.in' seems to ignore the --datarootdir setting
config.status: creating src/xpmodules/os_probe/Makefile
config.status: WARNING:  'src/xpmodules/os_probe/Makefile.in' seems to ignore the --datarootdir setting
config.status: creating src/xpmodules/os_probe/icmp_echo_id/Makefile
config.status: WARNING:  'src/xpmodules/os_probe/icmp_echo_id/Makefile.in' seems to ignore the --datarootdir setting
config.status: creating src/xpmodules/os_probe/icmp_timestamp/Makefile
config.status: WARNING:  'src/xpmodules/os_probe/icmp_timestamp/Makefile.in' seems to ignore the --datarootdir setting
config.status: creating src/xpmodules/os_probe/icmp_addrmask/Makefile
config.status: WARNING:  'src/xpmodules/os_probe/icmp_addrmask/Makefile.in' seems to ignore the --datarootdir setting
config.status: creating src/xpmodules/os_probe/icmp_inforeq/Makefile
config.status: WARNING:  'src/xpmodules/os_probe/icmp_inforeq/Makefile.in' seems to ignore the --datarootdir setting
config.status: creating src/xpmodules/os_probe/icmp_port_unreach/Makefile
config.status: WARNING:  'src/xpmodules/os_probe/icmp_port_unreach/Makefile.in' seems to ignore the --datarootdir setting
config.status: creating src/xpmodules/os_probe/tcp_handshake/Makefile
config.status: WARNING:  'src/xpmodules/os_probe/tcp_handshake/Makefile.in' seems to ignore the --datarootdir setting
config.status: creating src/xpmodules/os_probe/tcp_rst/Makefile
config.status: WARNING:  'src/xpmodules/os_probe/tcp_rst/Makefile.in' seems to ignore the --datarootdir setting
config.status: creating src/xpmodules/os_probe/smb/Makefile
config.status: WARNING:  'src/xpmodules/os_probe/smb/Makefile.in' seems to ignore the --datarootdir setting
config.status: creating src/xpmodules/os_probe/snmp/Makefile
config.status: WARNING:  'src/xpmodules/os_probe/snmp/Makefile.in' seems to ignore the --datarootdir setting
config.status: creating src/config.h
=== configuring in libs-external/USI++/src (/<<PKGBUILDDIR>>/libs-external/USI++/src)
configure: running /bin/bash ./configure --disable-option-checking '--prefix=/usr'  '--build=x86_64-linux-gnu' '--includedir=${prefix}/include' '--mandir=${prefix}/share/man' '--infodir=${prefix}/share/info' '--sysconfdir=/etc' '--localstatedir=/var' '--disable-silent-rules' '--libdir=${prefix}/lib/x86_64-linux-gnu' '--libexecdir=${prefix}/lib/x86_64-linux-gnu' '--runstatedir=/run' '--disable-maintainer-mode' '--disable-dependency-tracking' 'build_alias=x86_64-linux-gnu' 'CFLAGS=-g -O2 -fdebug-prefix-map=/<<PKGBUILDDIR>>=. -fstack-protector-strong -Wformat -Werror=format-security' 'LDFLAGS=-Wl,-z,relro -Wl,-z,now' 'CPPFLAGS=-Wdate-time -D_FORTIFY_SOURCE=2' 'CXXFLAGS=-g -O2 -fdebug-prefix-map=/<<PKGBUILDDIR>>=. -fstack-protector-strong -Wformat -Werror=format-security' --cache-file=/dev/null --srcdir=.
checking build system type... x86_64-pc-linux-gnu
checking host system type... x86_64-pc-linux-gnu
checking for g++... g++
checking whether the C++ compiler works... yes
checking for C++ compiler default output file name... a.out
checking for suffix of executables... 
checking whether we are cross compiling... no
checking for suffix of object files... o
checking whether we are using the GNU C++ compiler... yes
checking whether g++ accepts -g... yes
checking for ranlib... ranlib
checking for a BSD-compatible install... /usr/bin/install -c
checking for gcc... gcc
checking whether we are using the GNU C compiler... yes
checking whether gcc accepts -g... yes
checking for gcc option to accept ISO C89... none needed
checking for main in -lpcap... yes
checking for pcap_setnonblock in -lpcap... yes
checking for socket in -lsocket... no
checking for inet_ntoa in -lnsl... yes
checking how to run the C preprocessor... gcc -E
checking for grep that handles long lines and -e... /bin/grep
checking for egrep... /bin/grep -E
checking for ANSI C header files... yes
checking for sys/types.h... yes
checking for sys/stat.h... yes
checking for stdlib.h... yes
checking for string.h... yes
checking for memory.h... yes
checking for strings.h... yes
checking for inttypes.h... yes
checking for stdint.h... yes
checking for unistd.h... yes
checking fcntl.h usability... yes
checking fcntl.h presence... yes
checking for fcntl.h... yes
checking sys/ioctl.h usability... yes
checking sys/ioctl.h presence... yes
checking for sys/ioctl.h... yes
checking sys/time.h usability... yes
checking sys/time.h presence... yes
checking for sys/time.h... yes
checking for unistd.h... (cached) yes
checking linux/filter.h usability... yes
checking linux/filter.h presence... yes
checking for linux/filter.h... yes
checking for an ANSI C-conforming const... yes
checking for size_t... yes
checking whether time.h and sys/time.h may both be included... yes
checking whether byte ordering is bigendian... no
configure: creating ./config.status
config.status: creating Makefile
config.status: creating config.h
   dh_auto_build
	make -j4
make[1]: Entering directory '/<<PKGBUILDDIR>>'
cd libs-external/USI++/src; make
make[2]: Entering directory '/<<PKGBUILDDIR>>/libs-external/USI++/src'
g++ -g -O2 -fdebug-prefix-map=/<<PKGBUILDDIR>>=. -fstack-protector-strong -Wformat -Werror=format-security -fPIC -I/usr/include/pcap -I. -Wall -c -O2 icmp.cc
g++ -g -O2 -fdebug-prefix-map=/<<PKGBUILDDIR>>=. -fstack-protector-strong -Wformat -Werror=format-security -fPIC -I/usr/include/pcap -I. -Wall -c -O2 datalink.cc
g++ -g -O2 -fdebug-prefix-map=/<<PKGBUILDDIR>>=. -fstack-protector-strong -Wformat -Werror=format-security -fPIC -I/usr/include/pcap -I. -Wall -c -O2 ip.cc
g++ -g -O2 -fdebug-prefix-map=/<<PKGBUILDDIR>>=. -fstack-protector-strong -Wformat -Werror=format-security -fPIC -I/usr/include/pcap -I. -Wall -c -O2 misc.cc
In file included from ip.cc:13:
./usi++/ip.h:182:14: warning: 'usipp::IP::sendpack' hides overloaded virtual function [-Woverloaded-virtual]
        virtual int sendpack(void *payload, size_t paylen);
                    ^
./usi++/Layer2.h:44:14: note: hidden overloaded virtual function 'usipp::Layer2::sendpack' declared here: different number of parameters (3 vs 2)
        virtual int sendpack(void *buf, size_t len, struct sockaddr *);
                    ^
In file included from ip.cc:13:
./usi++/ip.h:185:14: warning: 'usipp::IP::sendpack' hides overloaded virtual function [-Woverloaded-virtual]
        virtual int sendpack(char *pay_string);
                    ^
./usi++/Layer2.h:44:14: note: hidden overloaded virtual function 'usipp::Layer2::sendpack' declared here: different number of parameters (3 vs 1)
        virtual int sendpack(void *buf, size_t len, struct sockaddr *);
                    ^
In file included from icmp.cc:14:
In file included from ./usi++/icmp.h:16:
./usi++/ip.h:182:14: warning: 'usipp::IP::sendpack' hides overloaded virtual function [-Woverloaded-virtual]
        virtual int sendpack(void *payload, size_t paylen);
                    ^
./usi++/Layer2.h:44:14: note: hidden overloaded virtual function 'usipp::Layer2::sendpack' declared here: different number of parameters (3 vs 2)
        virtual int sendpack(void *buf, size_t len, struct sockaddr *);
                    ^
In file included from icmp.cc:14:
In file included from ./usi++/icmp.h:16:
./usi++/ip.h:185:14: warning: 'usipp::IP::sendpack' hides overloaded virtual function [-Woverloaded-virtual]
        virtual int sendpack(char *pay_string);
                    ^
./usi++/Layer2.h:44:14: note: hidden overloaded virtual function 'usipp::Layer2::sendpack' declared here: different number of parameters (3 vs 1)
        virtual int sendpack(void *buf, size_t len, struct sockaddr *);
                    ^
misc.cc:21:3: warning: 'register' storage class specifier is deprecated and incompatible with C++17 [-Wdeprecated-register]
  register long sum;            /* assumes long == 32 bits */
  ^~~~~~~~~
misc.cc:23:3: warning: 'register' storage class specifier is deprecated and incompatible with C++17 [-Wdeprecated-register]
  register u_short answer;      /* assumes u_short == 16 bits */
  ^~~~~~~~~
datalink.cc:274:12: warning: explicitly assigning value of variable of type 'size_t' (aka 'unsigned long') to itself [-Wself-assign]
        d_snaplen = d_snaplen;
        ~~~~~~~~~ ^ ~~~~~~~~~
2 warnings generated.
g++ -g -O2 -fdebug-prefix-map=/<<PKGBUILDDIR>>=. -fstack-protector-strong -Wformat -Werror=format-security -fPIC -I/usr/include/pcap -I. -Wall -c -O2 udp.cc
icmp.cc:296:24: warning: ISO C++11 does not allow conversion from string literal to 'char *' [-Wwritable-strings]
        r = Layer2::setfilter("icmp");
                              ^
1 warning generated.
g++ -g -O2 -fdebug-prefix-map=/<<PKGBUILDDIR>>=. -fstack-protector-strong -Wformat -Werror=format-security -fPIC -I/usr/include/pcap -I. -Wall -c -O2 tcp.cc
ip.cc:559:24: warning: ISO C++11 does not allow conversion from string literal to 'char *' [-Wwritable-strings]
        r = Layer2::setfilter("ip");
                              ^
3 warnings generated.
g++ -g -O2 -fdebug-prefix-map=/<<PKGBUILDDIR>>=. -fstack-protector-strong -Wformat -Werror=format-security -fPIC -I/usr/include/pcap -I. -Wall -c -O2 TX_IP.cc
In file included from udp.cc:13:
In file included from ./usi++/udp.h:17:
./usi++/ip.h:182:14: warning: 'usipp::IP::sendpack' hides overloaded virtual function [-Woverloaded-virtual]
        virtual int sendpack(void *payload, size_t paylen);
                    ^
./usi++/Layer2.h:44:14: note: hidden overloaded virtual function 'usipp::Layer2::sendpack' declared here: different number of parameters (3 vs 2)
        virtual int sendpack(void *buf, size_t len, struct sockaddr *);
                    ^
In file included from udp.cc:13:
In file included from ./usi++/udp.h:17:
./usi++/ip.h:185:14: warning: 'usipp::IP::sendpack' hides overloaded virtual function [-Woverloaded-virtual]
        virtual int sendpack(char *pay_string);
                    ^
./usi++/Layer2.h:44:14: note: hidden overloaded virtual function 'usipp::Layer2::sendpack' declared here: different number of parameters (3 vs 1)
        virtual int sendpack(void *buf, size_t len, struct sockaddr *);
                    ^
udp.cc:217:24: warning: ISO C++11 does not allow conversion from string literal to 'char *' [-Wwritable-strings]
        r = Layer2::setfilter("udp");
                              ^
In file included from tcp.cc:14:
In file included from ./usi++/tcp.h:17:
./usi++/ip.h:182:14: warning: 'usipp::IP::sendpack' hides overloaded virtual function [-Woverloaded-virtual]
        virtual int sendpack(void *payload, size_t paylen);
                    ^
./usi++/Layer2.h:44:14: note: hidden overloaded virtual function 'usipp::Layer2::sendpack' declared here: different number of parameters (3 vs 2)
        virtual int sendpack(void *buf, size_t len, struct sockaddr *);
                    ^
In file included from tcp.cc:14:
In file included from ./usi++/tcp.h:17:
./usi++/ip.h:185:14: warning: 'usipp::IP::sendpack' hides overloaded virtual function [-Woverloaded-virtual]
        virtual int sendpack(char *pay_string);
                    ^
./usi++/Layer2.h:44:14: note: hidden overloaded virtual function 'usipp::Layer2::sendpack' declared here: different number of parameters (3 vs 1)
        virtual int sendpack(void *buf, size_t len, struct sockaddr *);
                    ^
tcp.cc:321:24: warning: ISO C++11 does not allow conversion from string literal to 'char *' [-Wwritable-strings]
        r = Layer2::setfilter("tcp");
                              ^
3 warnings generated.
g++ -g -O2 -fdebug-prefix-map=/<<PKGBUILDDIR>>=. -fstack-protector-strong -Wformat -Werror=format-security -fPIC -I/usr/include/pcap -I. -Wall -c -O2 Layer2.cc
3 warnings generated.
g++ -g -O2 -fdebug-prefix-map=/<<PKGBUILDDIR>>=. -fstack-protector-strong -Wformat -Werror=format-security -fPIC -I/usr/include/pcap -I. -Wall -c -O2 arp.cc
3 warnings generated.
In file included from arp.cc:13:
./usi++/arp.h:66:21: warning: 'usipp::ARP::sniffpack' hides overloaded virtual function [-Woverloaded-virtual]
        virtual int sniffpack();
                    ^
./usi++/Layer2.h:41:14: note: hidden overloaded virtual function 'usipp::Layer2::sniffpack' declared here: different number of parameters (2 vs 0)
        virtual int sniffpack(void *, size_t);
                    ^
1 warning generated.
ar cr libusi++.a `LC_ALL=C ls *.o`
ranlib libusi++.a
rm -f *.o
make[2]: Leaving directory '/<<PKGBUILDDIR>>/libs-external/USI++/src'
cd src; make
make[2]: Entering directory '/<<PKGBUILDDIR>>/src'
cd xplib; make    
g++ -c -Wdate-time -D_FORTIFY_SOURCE=2 -Wall -W -Wcast-align -Wcast-qual -Wshadow -g -O2 -fdebug-prefix-map=/<<PKGBUILDDIR>>=. -fstack-protector-strong -Wformat -Werror=format-security -I ./ -I ../libs-external/USI++/src/ cmd_opts.cc
g++ -c -Wdate-time -D_FORTIFY_SOURCE=2 -Wall -W -Wcast-align -Wcast-qual -Wshadow -g -O2 -fdebug-prefix-map=/<<PKGBUILDDIR>>=. -fstack-protector-strong -Wformat -Werror=format-security -I ./ -I ../libs-external/USI++/src/ config_set.cc
g++ -c -Wdate-time -D_FORTIFY_SOURCE=2 -Wall -W -Wcast-align -Wcast-qual -Wshadow -g -O2 -fdebug-prefix-map=/<<PKGBUILDDIR>>=. -fstack-protector-strong -Wformat -Werror=format-security -I ./ -I ../libs-external/USI++/src/ interface.cc
make[3]: Entering directory '/<<PKGBUILDDIR>>/src/xplib'
g++ -c -Wdate-time -D_FORTIFY_SOURCE=2 -Wall -W -Wcast-align -Wcast-qual -Wshadow -g -O2 -fdebug-prefix-map=/<<PKGBUILDDIR>>=. -fstack-protector-strong -Wformat -Werror=format-security -I ../ xp_get_interface.cc
In file included from In file included from xp_get_interface.cc:26:
In file included from ./xp_get_interface.h:28:
In file included from ./xplib.h:25:
In file included from ../xprobe.h:141:
../defines.hIn file included from :27:cmd_opts.cc15:: 23:
errorIn file included from : ./xprobe.h:141:
invalid suffix on literal; C++11 requires a space between literal and identifier [-Wreserved-user-defined-literal]./defines.h
:27:15: error: invalid suffix on literal; C++11 requires a space between literal and identifier [-Wreserved-user-defined-literal]
"\nXprobe2 v."VERSION\
              ^
               
"\nXprobe2 v."VERSION\
              ^
               
interface.cc:23:
In file included from ./xprobe.h:141:
./defines.h:27:15: error: invalid suffix on literal; C++11 requires a space between literal and identifier [-Wreserved-user-defined-literal]
"\nXprobe2 v."VERSION\
              ^
               
In file included from config_set.cc:23:
In file included from ./xprobe.h:141:
./defines.h:27:15: error: invalid suffix on literal; C++11 requires a space between literal and identifier [-Wreserved-user-defined-literal]
"\nXprobe2 v."VERSION\
              ^
               
xp_get_interface.cc:102:13: warning: cast from 'struct sockaddr *' to 'struct sockaddr_in *' increases required alignment from 2 to 4 [-Wcast-align]
       if (((struct sockaddr_in *)&ifrtemp.ifr_addr)->sin_addr.s_addr 
            ^~~~~~~~~~~~~~~~~~~~~~~~~~~~~~~~~~~~~~~
1 error generated.
1 warning and 1 error generated.
make[2]: *** [Makefile:62: interface.o] Error 1
make[2]: *** Waiting for unfinished jobs....
g++ -c -Wdate-time -D_FORTIFY_SOURCE=2 -Wall -W -Wcast-align -Wcast-qual -Wshadow -g -O2 -fdebug-prefix-map=/<<PKGBUILDDIR>>=. -fstack-protector-strong -Wformat -Werror=format-security -I ../ xp_get_iface_addr.cc
make[3]: *** [Makefile:54: xp_get_interface.o] Error 1
make[3]: *** Waiting for unfinished jobs....
In file included from cmd_opts.cc:26:
In file included from ./xprobe_module_hdlr.h:26:
In file included from ./xprobe_module.h:28:
In file included from ../libs-external/USI++/src/usi++/usi++.h:23:
../libs-external/USI++/src/usi++/ip.h:182:14: warning: 'usipp::IP::sendpack' hides overloaded virtual function [-Woverloaded-virtual]
        virtual int sendpack(void *payload, size_t paylen);
                    ^
../libs-external/USI++/src/usi++/Layer2.h:44:14: note: hidden overloaded virtual function 'usipp::Layer2::sendpack' declared here: different number of parameters (3 vs 2)
        virtual int sendpack(void *buf, size_t len, struct sockaddr *);
                    ^
In file included from cmd_opts.cc:26:
In file included from ./xprobe_module_hdlr.h:26:
In file included from ./xprobe_module.h:28:
In file included from ../libs-external/USI++/src/usi++/usi++.h:23:
../libs-external/USI++/src/usi++/ip.h:185:14: warning: 'usipp::IP::sendpack' hides overloaded virtual function [-Woverloaded-virtual]
        virtual int sendpack(char *pay_string);
                    ^
../libs-external/USI++/src/usi++/Layer2.h:44:14: note: hidden overloaded virtual function 'usipp::Layer2::sendpack' declared here: different number of parameters (3 vs 1)
        virtual int sendpack(void *buf, size_t len, struct sockaddr *);
                    ^
In file included from cmd_opts.cc:27:
In file included from ./xplib/xplib.h:31:
./xplib/xp_get_interface.h:26:9: warning: 'XP_GET_INTERFACE_H' is used as a header guard here, followed by #define of a different macro [-Wheader-guard]
#ifndef XP_GET_INTERFACE_H
        ^~~~~~~~~~~~~~~~~~
./xplib/xp_get_interface.h:27:9: note: 'XP_GET_INETRFACE_H' is defined here; did you mean 'XP_GET_INTERFACE_H'?
#define XP_GET_INETRFACE_H
        ^~~~~~~~~~~~~~~~~~
        XP_GET_INTERFACE_H
cmd_opts.cc:132:56: warning: result of comparison of constant 9223372036854775807 with expression of type 'int' is always false [-Wtautological-constant-out-of-range-compare]
                if (errno == ERANGE && (mod_to_disable == LONG_MAX || mod_to_disable == LONG_MIN)) {
                                        ~~~~~~~~~~~~~~ ^  ~~~~~~~~
cmd_opts.cc:132:86: warning: result of comparison of constant -9223372036854775808 with expression of type 'int' is always false [-Wtautological-constant-out-of-range-compare]
                if (errno == ERANGE && (mod_to_disable == LONG_MAX || mod_to_disable == LONG_MIN)) {
                                                                      ~~~~~~~~~~~~~~ ^  ~~~~~~~~
cmd_opts.cc:154:55: warning: result of comparison of constant 9223372036854775807 with expression of type 'int' is always false [-Wtautological-constant-out-of-range-compare]
                if (errno == ERANGE && (mod_to_enable == LONG_MAX || mod_to_enable == LONG_MIN)) {
                                        ~~~~~~~~~~~~~ ^  ~~~~~~~~
cmd_opts.cc:154:84: warning: result of comparison of constant -9223372036854775808 with expression of type 'int' is always false [-Wtautological-constant-out-of-range-compare]
                if (errno == ERANGE && (mod_to_enable == LONG_MAX || mod_to_enable == LONG_MIN)) {
                                                                     ~~~~~~~~~~~~~ ^  ~~~~~~~~
cmd_opts.cc:167:54: warning: result of comparison of constant 9223372036854775807 with expression of type 'int' is always false [-Wtautological-constant-out-of-range-compare]
                if (errno == ERANGE && (numofmatches == LONG_MAX || numofmatches == LONG_MIN)) {
                                        ~~~~~~~~~~~~ ^  ~~~~~~~~
cmd_opts.cc:167:82: warning: result of comparison of constant -9223372036854775808 with expression of type 'int' is always false [-Wtautological-constant-out-of-range-compare]
                if (errno == ERANGE && (numofmatches == LONG_MAX || numofmatches == LONG_MIN)) {
                                                                    ~~~~~~~~~~~~ ^  ~~~~~~~~
In file included from config_set.cc:27:
In file included from ./xprobe_module_hdlr.h:26:
In file included from ./xprobe_module.h:28:
In file included from ../libs-external/USI++/src/usi++/usi++.h:23:
../libs-external/USI++/src/usi++/ip.h:182:14: warning: 'usipp::IP::sendpack' hides overloaded virtual function [-Woverloaded-virtual]
        virtual int sendpack(void *payload, size_t paylen);
                    ^
../libs-external/USI++/src/usi++/Layer2.h:44:14: note: hidden overloaded virtual function 'usipp::Layer2::sendpack' declared here: different number of parameters (3 vs 2)
        virtual int sendpack(void *buf, size_t len, struct sockaddr *);
                    ^
In file included from config_set.cc:27:
In file included from ./xprobe_module_hdlr.h:26:
In file included from ./xprobe_module.h:28:
In file included from ../libs-external/USI++/src/usi++/usi++.h:23:
../libs-external/USI++/src/usi++/ip.h:185:14: warning: 'usipp::IP::sendpack' hides overloaded virtual function [-Woverloaded-virtual]
        virtual int sendpack(char *pay_string);
                    ^
../libs-external/USI++/src/usi++/Layer2.h:44:14: note: hidden overloaded virtual function 'usipp::Layer2::sendpack' declared here: different number of parameters (3 vs 1)
        virtual int sendpack(void *buf, size_t len, struct sockaddr *);
                    ^
config_set.cc:63:11: warning: result of comparison of constant 18446744073709551615 with expression of type 'unsigned int' is always true [-Wtautological-constant-out-of-range-compare]
    if (p != string::npos) 
        ~ ^  ~~~~~~~~~~~~
config_set.cc:67:11: warning: result of comparison of constant 18446744073709551615 with expression of type 'unsigned int' is always true [-Wtautological-constant-out-of-range-compare]
    if (p != string::npos) 
        ~ ^  ~~~~~~~~~~~~
config_set.cc:92:11: warning: result of comparison of constant 18446744073709551615 with expression of type 'unsigned int' is always true [-Wtautological-constant-out-of-range-compare]
    if (p != string::npos)
        ~ ^  ~~~~~~~~~~~~
config_set.cc:101:11: warning: result of comparison of constant 18446744073709551615 with expression of type 'unsigned int' is always true [-Wtautological-constant-out-of-range-compare]
    if (p != string::npos)
        ~ ^  ~~~~~~~~~~~~
config_set.cc:112:11: warning: result of comparison of constant 18446744073709551615 with expression of type 'unsigned int' is always true [-Wtautological-constant-out-of-range-compare]
    if (p != string::npos) {
        ~ ^  ~~~~~~~~~~~~
cmd_opts.cc:326:27: warning: ISO C++11 does not allow conversion from string literal to 'char *' [-Wwritable-strings]
    default_config_file = DEFAULT_CONFIG;
                          ^
./defines.h:35:24: note: expanded from macro 'DEFAULT_CONFIG'
#define DEFAULT_CONFIG "/etc/xprobe2/xprobe2.conf"
                       ^
7 warnings and 1 error generated.
make[2]: *** [Makefile:62: config_set.o] Error 1
In file included from xp_get_iface_addr.cc:26:
In file included from ./xp_get_iface_addr.h:28:
In file included from ./xplib.h:25:
In file included from ../xprobe.h:141:
../defines.h:27:15: error: invalid suffix on literal; C++11 requires a space between literal and identifier [-Wreserved-user-defined-literal]
"\nXprobe2 v."VERSION\
              ^
               
10 warnings and 1 error generated.
make[2]: *** [Makefile:62: cmd_opts.o] Error 1
In file included from xp_get_iface_addr.cc:26:
In file included from ./xp_get_iface_addr.h:28:
In file included from ./xplib.h:31:
./xp_get_interface.h:26:9: warning: 'XP_GET_INTERFACE_H' is used as a header guard here, followed by #define of a different macro [-Wheader-guard]
#ifndef XP_GET_INTERFACE_H
        ^~~~~~~~~~~~~~~~~~
./xp_get_interface.h:27:9: note: 'XP_GET_INETRFACE_H' is defined here; did you mean 'XP_GET_INTERFACE_H'?
#define XP_GET_INETRFACE_H
        ^~~~~~~~~~~~~~~~~~
        XP_GET_INTERFACE_H
xp_get_iface_addr.cc:54:15: warning: cast from 'struct sockaddr *' to 'struct sockaddr_in *' increases required alignment from 2 to 4 [-Wcast-align]
    sinaddr = (struct sockaddr_in *) &ifr.ifr_addr;
              ^~~~~~~~~~~~~~~~~~~~~~~~~~~~~~~~~~~~
2 warnings and 1 error generated.
make[3]: *** [Makefile:54: xp_get_iface_addr.o] Error 1
make[3]: Leaving directory '/<<PKGBUILDDIR>>/src/xplib'
make[2]: *** [Makefile:56: lib] Error 2
make[2]: Leaving directory '/<<PKGBUILDDIR>>/src'
make[1]: *** [Makefile:47: all] Error 2
make[1]: Leaving directory '/<<PKGBUILDDIR>>'
dh_auto_build: error: make -j4 returned exit code 2
make: *** [debian/rules:6: build] Error 25
dpkg-buildpackage: error: debian/rules build subprocess returned exit status 2
--------------------------------------------------------------------------------
Build finished at 2020-02-25T18:47:51Z

Finished
--------


+------------------------------------------------------------------------------+
| Cleanup                                                                      |
+------------------------------------------------------------------------------+

Purging /<<BUILDDIR>>
Not cleaning session: cloned chroot in use
E: Build failure (dpkg-buildpackage died)

+------------------------------------------------------------------------------+
| Summary                                                                      |
+------------------------------------------------------------------------------+

Build Architecture: amd64
Build Type: binary
Build-Space: 4368
Build-Time: 11
Distribution: unstable
Fail-Stage: build
Host Architecture: amd64
Install-Time: 4
Job: xprobe_0.3-4
Machine Architecture: amd64
Package: xprobe
Package-Time: 33
Source-Version: 0.3-4
Space: 4368
Status: attempted
Version: 0.3-4
--------------------------------------------------------------------------------
Finished at 2020-02-25T18:47:51Z
Build needed 00:00:33, 4368k disk space
E: Build failure (dpkg-buildpackage died)
DC-Status: Failed 33.782007433s
