DC-Build-Header: smlsharp 1.2.0-1 / 2013-07-15 17:34:59 +0000
DC-Task: source:smlsharp version:1.2.0-1 architecture:any chroot:unstable esttime:1343 logfile:/tmp/smlsharp_1.2.0-1_unstable_clang.log modes:binary-only:clang
DC-Sbuild-call: su user -c 'sbuild -n --apt-update -d unstable -v  --chroot-setup-commands=/tmp/switch-to-clang --append-to-version "clang1" --maintainer "Lucas Nussbaum <lucas@debian.org>" --uploader "Lucas Nussbaum <lucas@debian.org>" smlsharp_1.2.0-1'
sbuild (Debian sbuild) 0.63.2 (18 Aug 2012) on ip-10-170-80-147.ec2.internal

╔══════════════════════════════════════════════════════════════════════════════╗
║ smlsharp 1.2.0-1clang1 (amd64)                             15 Jul 2013 17:34 ║
╚══════════════════════════════════════════════════════════════════════════════╝

Package: smlsharp
Version: 1.2.0-1clang1
Source Version: 1.2.0-1
Distribution: unstable
Machine Architecture: amd64
Host Architecture: amd64
Build Architecture: amd64

I: NOTICE: Log filtering will replace 'build/smlsharp-ulOT1B/smlsharp-1.2.0' with '«PKGBUILDDIR»'
I: NOTICE: Log filtering will replace 'build/smlsharp-ulOT1B' with '«BUILDDIR»'
I: NOTICE: Log filtering will replace 'var/lib/schroot/mount/unstable-amd64-sbuild-5a4a54a7-2e2e-4437-b93b-b4cc2d9d13de' with '«CHROOT»'

┌──────────────────────────────────────────────────────────────────────────────┐
│ Update chroot                                                                │
└──────────────────────────────────────────────────────────────────────────────┘

Get:1 http://localhost:9999 unstable InRelease [204 kB]
Get:2 http://localhost:9999 unstable/main Sources/DiffIndex [7876 B]
Get:3 http://localhost:9999 unstable/main amd64 Packages/DiffIndex [7876 B]
Get:4 http://localhost:9999 unstable/main Translation-en/DiffIndex [7876 B]
Get:5 http://localhost:9999 unstable/main 2013-07-13-2032.15.pdiff [23.1 kB]
Get:6 http://localhost:9999 unstable/main amd64 2013-07-13-2032.15.pdiff [16.9 kB]
Get:7 http://localhost:9999 unstable/main 2013-07-13-2032.15.pdiff [23.1 kB]
Get:8 http://localhost:9999 unstable/main 2013-07-13-2032.15.pdiff [1809 B]
Get:9 http://localhost:9999 unstable/main amd64 2013-07-13-2032.15.pdiff [16.9 kB]
Get:10 http://localhost:9999 unstable/main 2013-07-14-0231.07.pdiff [12.9 kB]
Get:11 http://localhost:9999 unstable/main 2013-07-13-2032.15.pdiff [1809 B]
Get:12 http://localhost:9999 unstable/main amd64 2013-07-14-0231.07.pdiff [14.9 kB]
Get:13 http://localhost:9999 unstable/main 2013-07-14-0231.07.pdiff [12.9 kB]
Get:14 http://localhost:9999 unstable/main 2013-07-14-0231.07.pdiff [1384 B]
Get:15 http://localhost:9999 unstable/main amd64 2013-07-14-0231.07.pdiff [14.9 kB]
Get:16 http://localhost:9999 unstable/main 2013-07-14-0832.16.pdiff [4670 B]
Get:17 http://localhost:9999 unstable/main 2013-07-14-0231.07.pdiff [1384 B]
Get:18 http://localhost:9999 unstable/main amd64 2013-07-14-0832.16.pdiff [1624 B]
Get:19 http://localhost:9999 unstable/main 2013-07-14-0832.16.pdiff [4670 B]
Get:20 http://localhost:9999 unstable/main 2013-07-14-0832.16.pdiff [337 B]
Get:21 http://localhost:9999 unstable/main amd64 2013-07-14-0832.16.pdiff [1624 B]
Get:22 http://localhost:9999 unstable/main 2013-07-14-1431.18.pdiff [11.4 kB]
Get:23 http://localhost:9999 unstable/main 2013-07-14-0832.16.pdiff [337 B]
Get:24 http://localhost:9999 unstable/main amd64 2013-07-14-1431.18.pdiff [8223 B]
Get:25 http://localhost:9999 unstable/main 2013-07-14-1431.18.pdiff [11.4 kB]
Get:26 http://localhost:9999 unstable/main 2013-07-14-1431.18.pdiff [887 B]
Get:27 http://localhost:9999 unstable/main amd64 2013-07-14-1431.18.pdiff [8223 B]
Get:28 http://localhost:9999 unstable/main 2013-07-14-2031.21.pdiff [9038 B]
Get:29 http://localhost:9999 unstable/main 2013-07-14-1431.18.pdiff [887 B]
Get:30 http://localhost:9999 unstable/main amd64 2013-07-14-2031.21.pdiff [9955 B]
Get:31 http://localhost:9999 unstable/main 2013-07-14-2031.21.pdiff [9038 B]
Get:32 http://localhost:9999 unstable/main 2013-07-14-2031.21.pdiff [2736 B]
Get:33 http://localhost:9999 unstable/main amd64 2013-07-14-2031.21.pdiff [9955 B]
Get:34 http://localhost:9999 unstable/main 2013-07-15-0229.01.pdiff [9715 B]
Get:35 http://localhost:9999 unstable/main 2013-07-14-2031.21.pdiff [2736 B]
Get:36 http://localhost:9999 unstable/main amd64 2013-07-15-0229.01.pdiff [12.7 kB]
Get:37 http://localhost:9999 unstable/main 2013-07-15-0229.01.pdiff [9715 B]
Get:38 http://localhost:9999 unstable/main 2013-07-15-0229.01.pdiff [2239 B]
Get:39 http://localhost:9999 unstable/main amd64 2013-07-15-0229.01.pdiff [12.7 kB]
Get:40 http://localhost:9999 unstable/main 2013-07-15-0830.19.pdiff [3273 B]
Get:41 http://localhost:9999 unstable/main 2013-07-15-0229.01.pdiff [2239 B]
Get:42 http://localhost:9999 unstable/main amd64 2013-07-15-0830.19.pdiff [3964 B]
Get:43 http://localhost:9999 unstable/main 2013-07-15-0830.19.pdiff [3273 B]
Get:44 http://localhost:9999 unstable/main 2013-07-15-0830.19.pdiff [1357 B]
Get:45 http://localhost:9999 unstable/main amd64 2013-07-15-0830.19.pdiff [3964 B]
Get:46 http://localhost:9999 unstable/main 2013-07-15-1432.36.pdiff [5326 B]
Get:47 http://localhost:9999 unstable/main 2013-07-15-0830.19.pdiff [1357 B]
Get:48 http://localhost:9999 unstable/main amd64 2013-07-15-1432.36.pdiff [9809 B]
Get:49 http://localhost:9999 unstable/main 2013-07-15-1432.36.pdiff [5326 B]
Get:50 http://localhost:9999 unstable/main 2013-07-15-1432.36.pdiff [322 B]
Get:51 http://localhost:9999 unstable/main amd64 2013-07-15-1432.36.pdiff [9809 B]
Get:52 http://localhost:9999 unstable/main 2013-07-15-1432.36.pdiff [322 B]
Fetched 397 kB in 30s (12.8 kB/s)
Reading package lists...
Reading package lists...
Building dependency tree...
Reading state information...
The following packages will be upgraded:
  initscripts sysv-rc sysvinit sysvinit-utils
4 upgraded, 0 newly installed, 0 to remove and 0 not upgraded.
Need to get 405 kB of archives.
After this operation, 20.5 kB disk space will be freed.
Get:1 http://localhost:9999/debian/ unstable/main sysvinit amd64 2.88dsf-42 [134 kB]
Get:2 http://localhost:9999/debian/ unstable/main sysv-rc all 2.88dsf-42 [80.4 kB]
Get:3 http://localhost:9999/debian/ unstable/main sysvinit-utils amd64 2.88dsf-42 [103 kB]
Get:4 http://localhost:9999/debian/ unstable/main initscripts amd64 2.88dsf-42 [87.1 kB]
debconf: delaying package configuration, since apt-utils is not installed
Fetched 405 kB in 0s (10.7 MB/s)
(Reading database ... 13844 files and directories currently installed.)
Preparing to replace sysvinit 2.88dsf-41 (using .../sysvinit_2.88dsf-42_amd64.deb) ...
Unpacking replacement sysvinit ...
Setting up sysvinit (2.88dsf-42) ...
Not restarting sysvinit
(Reading database ... 13844 files and directories currently installed.)
Preparing to replace sysv-rc 2.88dsf-41 (using .../sysv-rc_2.88dsf-42_all.deb) ...
Unpacking replacement sysv-rc ...
Preparing to replace sysvinit-utils 2.88dsf-41 (using .../sysvinit-utils_2.88dsf-42_amd64.deb) ...
Unpacking replacement sysvinit-utils ...
Setting up sysvinit-utils (2.88dsf-42) ...
Setting up sysv-rc (2.88dsf-42) ...
(Reading database ... 13844 files and directories currently installed.)
Preparing to replace initscripts 2.88dsf-41 (using .../initscripts_2.88dsf-42_amd64.deb) ...
Removing unmodified and obsolete conffile /etc/init.d/mtab.sh ...
Unpacking replacement initscripts ...
Setting up initscripts (2.88dsf-42) ...
Installing new version of config file /etc/init.d/bootmisc.sh ...
Installing new version of config file /etc/init.d/checkfs.sh ...
Installing new version of config file /etc/init.d/checkroot.sh ...
Installing new version of config file /etc/init.d/checkroot-bootclean.sh ...
Installing new version of config file /etc/init.d/mountdevsubfs.sh ...
Installing new version of config file /etc/init.d/mountkernfs.sh ...
Installing new version of config file /etc/init.d/rmnologin ...
Installing new version of config file /etc/network/if-up.d/mountnfs ...

┌──────────────────────────────────────────────────────────────────────────────┐
│ Fetch source files                                                           │
└──────────────────────────────────────────────────────────────────────────────┘


Check APT
─────────

Checking available source versions...

Download source files with APT
──────────────────────────────

Reading package lists...
Building dependency tree...
Reading state information...
NOTICE: 'smlsharp' packaging is maintained in the 'Git' version control system at:
git://anonscm.debian.org/collab-maint/smlsharp.git
Need to get 14.2 MB of source archives.
Get:1 http://localhost:9999/debian/ unstable/main smlsharp 1.2.0-1 (dsc) [1960 B]
Get:2 http://localhost:9999/debian/ unstable/main smlsharp 1.2.0-1 (tar) [14.2 MB]
Get:3 http://localhost:9999/debian/ unstable/main smlsharp 1.2.0-1 (diff) [3701 B]
Fetched 14.2 MB in 0s (14.4 MB/s)
Download complete and in download only mode

Check arch
──────────


┌──────────────────────────────────────────────────────────────────────────────┐
│ Chroot Setup Commands                                                        │
└──────────────────────────────────────────────────────────────────────────────┘


/tmp/switch-to-clang
────────────────────

+ echo 'Entering customization script...'
Entering customization script...
+ echo 'Install of clang'
Install of clang
+ apt-get update
Hit http://localhost:9999 unstable InRelease
Hit http://localhost:9999 unstable/main Sources/DiffIndex
Hit http://localhost:9999 unstable/main amd64 Packages/DiffIndex
Hit http://localhost:9999 unstable/main Translation-en/DiffIndex
Reading package lists...
+ apt-get install --yes --no-install-recommends --force-yes clang-3.3
Reading package lists...
Building dependency tree...
Reading state information...
The following extra packages will be installed:
  libclang-common-3.3-dev libclang1-3.3 libffi6 libllvm3.3 libobjc-4.7-dev
  libobjc4 libstdc++6-4.7-dev
Suggested packages:
  libstdc++6-4.7-doc
Recommended packages:
  llvm-3.3-dev python
The following NEW packages will be installed:
  clang-3.3 libclang-common-3.3-dev libclang1-3.3 libffi6 libllvm3.3
  libobjc-4.7-dev libobjc4 libstdc++6-4.7-dev
0 upgraded, 8 newly installed, 0 to remove and 0 not upgraded.
Need to get 27.2 MB of archives.
After this operation, 80.8 MB of additional disk space will be used.
Get:1 http://localhost:9999/debian/ unstable/main libffi6 amd64 3.0.13-4 [21.6 kB]
Get:2 http://localhost:9999/debian/ unstable/main libllvm3.3 amd64 1:3.3-3 [8575 kB]
Get:3 http://localhost:9999/debian/ unstable/main libobjc4 amd64 4.8.1-6 [160 kB]
Get:4 http://localhost:9999/debian/ unstable/main libstdc++6-4.7-dev amd64 4.7.3-5 [1695 kB]
Get:5 http://localhost:9999/debian/ unstable/main libobjc-4.7-dev amd64 4.7.3-5 [719 kB]
Get:6 http://localhost:9999/debian/ unstable/main libclang-common-3.3-dev amd64 1:3.3-3 [574 kB]
Get:7 http://localhost:9999/debian/ unstable/main libclang1-3.3 amd64 1:3.3-3 [4579 kB]
Get:8 http://localhost:9999/debian/ unstable/main clang-3.3 amd64 1:3.3-3 [10.9 MB]
debconf: delaying package configuration, since apt-utils is not installed
Fetched 27.2 MB in 1s (25.5 MB/s)
Selecting previously unselected package libffi6:amd64.
(Reading database ... 13843 files and directories currently installed.)
Unpacking libffi6:amd64 (from .../libffi6_3.0.13-4_amd64.deb) ...
Selecting previously unselected package libllvm3.3:amd64.
Unpacking libllvm3.3:amd64 (from .../libllvm3.3_1%3a3.3-3_amd64.deb) ...
Selecting previously unselected package libobjc4:amd64.
Unpacking libobjc4:amd64 (from .../libobjc4_4.8.1-6_amd64.deb) ...
Selecting previously unselected package libstdc++6-4.7-dev:amd64.
Unpacking libstdc++6-4.7-dev:amd64 (from .../libstdc++6-4.7-dev_4.7.3-5_amd64.deb) ...
Selecting previously unselected package libobjc-4.7-dev:amd64.
Unpacking libobjc-4.7-dev:amd64 (from .../libobjc-4.7-dev_4.7.3-5_amd64.deb) ...
Selecting previously unselected package libclang-common-3.3-dev.
Unpacking libclang-common-3.3-dev (from .../libclang-common-3.3-dev_1%3a3.3-3_amd64.deb) ...
Selecting previously unselected package libclang1-3.3.
Unpacking libclang1-3.3 (from .../libclang1-3.3_1%3a3.3-3_amd64.deb) ...
Selecting previously unselected package clang-3.3.
Unpacking clang-3.3 (from .../clang-3.3_1%3a3.3-3_amd64.deb) ...
Setting up libffi6:amd64 (3.0.13-4) ...
Setting up libllvm3.3:amd64 (1:3.3-3) ...
Setting up libobjc4:amd64 (4.8.1-6) ...
Setting up libstdc++6-4.7-dev:amd64 (4.7.3-5) ...
Setting up libobjc-4.7-dev:amd64 (4.7.3-5) ...
Setting up libclang-common-3.3-dev (1:3.3-3) ...
Setting up libclang1-3.3 (1:3.3-3) ...
Setting up clang-3.3 (1:3.3-3) ...
Processing triggers for libc-bin ...
+ echo 'Replace gcc, g++ & cpp by clang'
Replace gcc, g++ & cpp by clang
+ VERSIONS='4.6 4.7 4.8'
+ cd /usr/bin
+ for VERSION in '$VERSIONS'
+ rm -f g++-4.6 gcc-4.6 cpp-4.6
+ ln -s clang++ g++-4.6
+ ln -s clang gcc-4.6
+ ln -s clang cpp-4.6
+ for VERSION in '$VERSIONS'
+ rm -f g++-4.7 gcc-4.7 cpp-4.7
+ ln -s clang++ g++-4.7
+ ln -s clang gcc-4.7
+ ln -s clang cpp-4.7
+ for VERSION in '$VERSIONS'
+ rm -f g++-4.8 gcc-4.8 cpp-4.8
+ ln -s clang++ g++-4.8
+ ln -s clang gcc-4.8
+ ln -s clang cpp-4.8
+ cd -
/«BUILDDIR»
+ echo 'Block the installation of new gcc version'
Block the installation of new gcc version
+ dpkg --set-selections
+ echo 'gcc-4.6 hold'
+ dpkg --set-selections
+ echo 'cpp-4.6 hold'
+ dpkg --set-selections
+ echo 'g++-4.6 hold'
+ dpkg --set-selections
+ echo 'gcc-4.7 hold'
+ dpkg --set-selections
+ echo 'cpp-4.7 hold'
+ dpkg --set-selections
+ echo 'g++-4.7 hold'
+ dpkg --set-selections
+ echo 'gcc-4.8 hold'
+ dpkg --set-selections
+ echo 'cpp-4.8 hold'
+ dpkg --set-selections
+ echo 'g++-4.8 hold'
+ echo 'Check if gcc, g++ & cpp are actually clang'
Check if gcc, g++ & cpp are actually clang
+ grep clang
+ gcc --version
+ grep clang
+ cpp --version
+ grep clang
+ g++ --version

I: Finished running '/tmp/switch-to-clang'.

Finished processing commands.
────────────────────────────────────────────────────────────────────────────────
Merged Build-Depends: build-essential, fakeroot
Filtered Build-Depends: build-essential, fakeroot
dpkg-deb: building package `sbuild-build-depends-core-dummy' in `/«BUILDDIR»/resolver-aqnReH/apt_archive/sbuild-build-depends-core-dummy.deb'.
OK
Reading package lists...

┌──────────────────────────────────────────────────────────────────────────────┐
│ Install core build dependencies (apt-based resolver)                         │
└──────────────────────────────────────────────────────────────────────────────┘

Installing build dependencies
Reading package lists...
Building dependency tree...
Reading state information...
The following NEW packages will be installed:
  sbuild-build-depends-core-dummy
debconf: delaying package configuration, since apt-utils is not installed
0 upgraded, 1 newly installed, 0 to remove and 0 not upgraded.
Need to get 0 B/710 B of archives.
After this operation, 0 B of additional disk space will be used.
Selecting previously unselected package sbuild-build-depends-core-dummy.
(Reading database ... 14698 files and directories currently installed.)
Unpacking sbuild-build-depends-core-dummy (from .../sbuild-build-depends-core-dummy.deb) ...
Setting up sbuild-build-depends-core-dummy (0.invalid.0) ...
Merged Build-Depends: base-files, base-passwd, bash, bsdutils, coreutils, dash, debianutils, diffutils, dpkg, e2fsprogs, findutils, grep, gzip, hostname, libc-bin, login, mount, ncurses-base, ncurses-bin, perl-base, sed, sysvinit, sysvinit-utils, tar, util-linux, libc6-dev | libc-dev, gcc (>= 4:4.4.3), g++ (>= 4:4.4.3), make, dpkg-dev (>= 1.13.5), debhelper (>= 9), dpkg-dev (>= 1.16.1~), gcc-multilib, ed, mawk, lib32gmp-dev, cpio
Filtered Build-Depends: base-files, base-passwd, bash, bsdutils, coreutils, dash, debianutils, diffutils, dpkg, e2fsprogs, findutils, grep, gzip, hostname, libc-bin, login, mount, ncurses-base, ncurses-bin, perl-base, sed, sysvinit, sysvinit-utils, tar, util-linux, libc6-dev, gcc (>= 4:4.4.3), g++ (>= 4:4.4.3), make, dpkg-dev (>= 1.13.5), debhelper (>= 9), dpkg-dev (>= 1.16.1~), gcc-multilib, ed, mawk, lib32gmp-dev, cpio
dpkg-deb: building package `sbuild-build-depends-smlsharp-dummy' in `/«BUILDDIR»/resolver-ROOPyA/apt_archive/sbuild-build-depends-smlsharp-dummy.deb'.
OK
Reading package lists...

┌──────────────────────────────────────────────────────────────────────────────┐
│ Install smlsharp build dependencies (apt-based resolver)                     │
└──────────────────────────────────────────────────────────────────────────────┘

Installing build dependencies
Reading package lists...
Building dependency tree...
Reading state information...
The following extra packages will be installed:
  bsdmainutils cpio debhelper ed file gcc-4.8-multilib gcc-multilib gettext
  gettext-base groff-base intltool-debian lib32asan0 lib32atomic1
  lib32gcc-4.8-dev lib32gcc1 lib32gmp-dev lib32gmp10 lib32gmpxx4 lib32gomp1
  lib32itm1 lib32quadmath0 lib32stdc++6 libasprintf0c2 libc6-dev-i386
  libc6-dev-x32 libc6-i386 libc6-x32 libcroco3 libglib2.0-0 libgmp-dev
  libmagic1 libpipeline1 libunistring0 libx32asan0 libx32atomic1
  libx32gcc-4.8-dev libx32gcc1 libx32gomp1 libx32itm1 libx32quadmath0 libxml2
  man-db po-debconf
Suggested packages:
  wamerican wordlist whois vacation libarchive1 dh-make lib32mudflap0
  libx32mudflap0 gettext-doc groff libgmp10-doc libmpfr-dev less www-browser
  libmail-box-perl
Recommended packages:
  curl wget lynx-cur autopoint libasprintf-dev libgettextpo-dev
  libglib2.0-data shared-mime-info xml-core libmail-sendmail-perl
The following NEW packages will be installed:
  bsdmainutils cpio debhelper ed file gcc-4.8-multilib gcc-multilib gettext
  gettext-base groff-base intltool-debian lib32asan0 lib32atomic1
  lib32gcc-4.8-dev lib32gcc1 lib32gmp-dev lib32gmp10 lib32gmpxx4 lib32gomp1
  lib32itm1 lib32quadmath0 lib32stdc++6 libasprintf0c2 libc6-dev-i386
  libc6-dev-x32 libc6-i386 libc6-x32 libcroco3 libglib2.0-0 libgmp-dev
  libmagic1 libpipeline1 libunistring0 libx32asan0 libx32atomic1
  libx32gcc-4.8-dev libx32gcc1 libx32gomp1 libx32itm1 libx32quadmath0 libxml2
  man-db po-debconf sbuild-build-depends-smlsharp-dummy
0 upgraded, 44 newly installed, 0 to remove and 0 not upgraded.
Need to get 30.1 MB/30.1 MB of archives.
After this operation, 75.6 MB of additional disk space will be used.
Get:1 http://localhost:9999/debian/ unstable/main libpipeline1 amd64 1.2.4-1 [41.0 kB]
Get:2 http://localhost:9999/debian/ unstable/main groff-base amd64 1.22.2-3 [747 kB]
Get:3 http://localhost:9999/debian/ unstable/main bsdmainutils amd64 9.0.5 [211 kB]
Get:4 http://localhost:9999/debian/ unstable/main man-db amd64 2.6.5-2 [976 kB]
Get:5 http://localhost:9999/debian/ unstable/main libasprintf0c2 amd64 0.18.2.1-1 [28.9 kB]
Get:6 http://localhost:9999/debian/ unstable/main libmagic1 amd64 1:5.14-2 [216 kB]
Get:7 http://localhost:9999/debian/ unstable/main libxml2 amd64 2.9.1+dfsg1-2 [911 kB]
Get:8 http://localhost:9999/debian/ unstable/main libglib2.0-0 amd64 2.36.3-3 [2048 kB]
Get:9 http://localhost:9999/debian/ unstable/main libcroco3 amd64 0.6.8-2 [133 kB]
Get:10 http://localhost:9999/debian/ unstable/main libunistring0 amd64 0.9.3-5 [434 kB]
Get:11 http://localhost:9999/debian/ unstable/main cpio amd64 2.11+dfsg-1 [263 kB]
Get:12 http://localhost:9999/debian/ unstable/main file amd64 1:5.14-2 [54.0 kB]
Get:13 http://localhost:9999/debian/ unstable/main gettext-base amd64 0.18.2.1-1 [156 kB]
Get:14 http://localhost:9999/debian/ unstable/main gettext amd64 0.18.2.1-1 [2019 kB]
Get:15 http://localhost:9999/debian/ unstable/main intltool-debian all 0.35.0+20060710.1 [30.8 kB]
Get:16 http://localhost:9999/debian/ unstable/main po-debconf all 1.0.16+nmu2 [224 kB]
Get:17 http://localhost:9999/debian/ unstable/main debhelper all 9.20130630 [710 kB]
Get:18 http://localhost:9999/debian/ unstable/main ed amd64 1.9-1 [58.9 kB]
Get:19 http://localhost:9999/debian/ unstable/main libc6-i386 amd64 2.17-7 [4141 kB]
Get:20 http://localhost:9999/debian/ unstable/main libc6-dev-i386 amd64 2.17-7 [1820 kB]
Get:21 http://localhost:9999/debian/ unstable/main libc6-x32 amd64 2.17-7 [4702 kB]
Get:22 http://localhost:9999/debian/ unstable/main libc6-dev-x32 amd64 2.17-7 [2520 kB]
Get:23 http://localhost:9999/debian/ unstable/main lib32gcc1 amd64 1:4.8.1-6 [52.7 kB]
Get:24 http://localhost:9999/debian/ unstable/main libx32gcc1 amd64 1:4.8.1-6 [42.1 kB]
Get:25 http://localhost:9999/debian/ unstable/main lib32gomp1 amd64 4.8.1-6 [28.8 kB]
Get:26 http://localhost:9999/debian/ unstable/main libx32gomp1 amd64 4.8.1-6 [26.0 kB]
Get:27 http://localhost:9999/debian/ unstable/main lib32itm1 amd64 4.8.1-6 [36.6 kB]
Get:28 http://localhost:9999/debian/ unstable/main libx32itm1 amd64 4.8.1-6 [36.9 kB]
Get:29 http://localhost:9999/debian/ unstable/main lib32atomic1 amd64 4.8.1-6 [9314 B]
Get:30 http://localhost:9999/debian/ unstable/main libx32atomic1 amd64 4.8.1-6 [10.0 kB]
Get:31 http://localhost:9999/debian/ unstable/main lib32stdc++6 amd64 4.8.1-6 [335 kB]
Get:32 http://localhost:9999/debian/ unstable/main lib32asan0 amd64 4.8.1-6 [76.1 kB]
Get:33 http://localhost:9999/debian/ unstable/main libx32asan0 amd64 4.8.1-6 [74.8 kB]
Get:34 http://localhost:9999/debian/ unstable/main lib32quadmath0 amd64 4.8.1-6 [216 kB]
Get:35 http://localhost:9999/debian/ unstable/main libx32quadmath0 amd64 4.8.1-6 [141 kB]
Get:36 http://localhost:9999/debian/ unstable/main lib32gcc-4.8-dev amd64 4.8.1-6 [2724 kB]
Get:37 http://localhost:9999/debian/ unstable/main libx32gcc-4.8-dev amd64 4.8.1-6 [2544 kB]
Get:38 http://localhost:9999/debian/ unstable/main gcc-4.8-multilib amd64 4.8.1-6 [892 B]
Get:39 http://localhost:9999/debian/ unstable/main gcc-multilib amd64 4:4.8.1-2 [890 B]
Get:40 http://localhost:9999/debian/ unstable/main libgmp-dev amd64 2:5.1.2+dfsg-2 [664 kB]
Get:41 http://localhost:9999/debian/ unstable/main lib32gmp10 amd64 2:5.1.2+dfsg-2 [254 kB]
Get:42 http://localhost:9999/debian/ unstable/main lib32gmpxx4 amd64 2:5.1.2+dfsg-2 [22.4 kB]
Get:43 http://localhost:9999/debian/ unstable/main lib32gmp-dev amd64 2:5.1.2+dfsg-2 [326 kB]
debconf: delaying package configuration, since apt-utils is not installed
Fetched 30.1 MB in 2s (13.8 MB/s)
Selecting previously unselected package libpipeline1:amd64.
(Reading database ... 14698 files and directories currently installed.)
Unpacking libpipeline1:amd64 (from .../libpipeline1_1.2.4-1_amd64.deb) ...
Selecting previously unselected package groff-base.
Unpacking groff-base (from .../groff-base_1.22.2-3_amd64.deb) ...
Selecting previously unselected package bsdmainutils.
Unpacking bsdmainutils (from .../bsdmainutils_9.0.5_amd64.deb) ...
Selecting previously unselected package man-db.
Unpacking man-db (from .../man-db_2.6.5-2_amd64.deb) ...
Selecting previously unselected package libasprintf0c2:amd64.
Unpacking libasprintf0c2:amd64 (from .../libasprintf0c2_0.18.2.1-1_amd64.deb) ...
Selecting previously unselected package libmagic1:amd64.
Unpacking libmagic1:amd64 (from .../libmagic1_1%3a5.14-2_amd64.deb) ...
Selecting previously unselected package libxml2:amd64.
Unpacking libxml2:amd64 (from .../libxml2_2.9.1+dfsg1-2_amd64.deb) ...
Selecting previously unselected package libglib2.0-0:amd64.
Unpacking libglib2.0-0:amd64 (from .../libglib2.0-0_2.36.3-3_amd64.deb) ...
Selecting previously unselected package libcroco3:amd64.
Unpacking libcroco3:amd64 (from .../libcroco3_0.6.8-2_amd64.deb) ...
Selecting previously unselected package libunistring0:amd64.
Unpacking libunistring0:amd64 (from .../libunistring0_0.9.3-5_amd64.deb) ...
Selecting previously unselected package cpio.
Unpacking cpio (from .../cpio_2.11+dfsg-1_amd64.deb) ...
Selecting previously unselected package file.
Unpacking file (from .../file_1%3a5.14-2_amd64.deb) ...
Selecting previously unselected package gettext-base.
Unpacking gettext-base (from .../gettext-base_0.18.2.1-1_amd64.deb) ...
Selecting previously unselected package gettext.
Unpacking gettext (from .../gettext_0.18.2.1-1_amd64.deb) ...
Selecting previously unselected package intltool-debian.
Unpacking intltool-debian (from .../intltool-debian_0.35.0+20060710.1_all.deb) ...
Selecting previously unselected package po-debconf.
Unpacking po-debconf (from .../po-debconf_1.0.16+nmu2_all.deb) ...
Selecting previously unselected package debhelper.
Unpacking debhelper (from .../debhelper_9.20130630_all.deb) ...
Selecting previously unselected package ed.
Unpacking ed (from .../archives/ed_1.9-1_amd64.deb) ...
Selecting previously unselected package libc6-i386.
Unpacking libc6-i386 (from .../libc6-i386_2.17-7_amd64.deb) ...
Selecting previously unselected package libc6-dev-i386.
Unpacking libc6-dev-i386 (from .../libc6-dev-i386_2.17-7_amd64.deb) ...
Selecting previously unselected package libc6-x32.
Unpacking libc6-x32 (from .../libc6-x32_2.17-7_amd64.deb) ...
Selecting previously unselected package libc6-dev-x32.
Unpacking libc6-dev-x32 (from .../libc6-dev-x32_2.17-7_amd64.deb) ...
Selecting previously unselected package lib32gcc1.
Unpacking lib32gcc1 (from .../lib32gcc1_1%3a4.8.1-6_amd64.deb) ...
Selecting previously unselected package libx32gcc1.
Unpacking libx32gcc1 (from .../libx32gcc1_1%3a4.8.1-6_amd64.deb) ...
Selecting previously unselected package lib32gomp1.
Unpacking lib32gomp1 (from .../lib32gomp1_4.8.1-6_amd64.deb) ...
Selecting previously unselected package libx32gomp1.
Unpacking libx32gomp1 (from .../libx32gomp1_4.8.1-6_amd64.deb) ...
Selecting previously unselected package lib32itm1.
Unpacking lib32itm1 (from .../lib32itm1_4.8.1-6_amd64.deb) ...
Selecting previously unselected package libx32itm1.
Unpacking libx32itm1 (from .../libx32itm1_4.8.1-6_amd64.deb) ...
Selecting previously unselected package lib32atomic1.
Unpacking lib32atomic1 (from .../lib32atomic1_4.8.1-6_amd64.deb) ...
Selecting previously unselected package libx32atomic1.
Unpacking libx32atomic1 (from .../libx32atomic1_4.8.1-6_amd64.deb) ...
Selecting previously unselected package lib32stdc++6.
Unpacking lib32stdc++6 (from .../lib32stdc++6_4.8.1-6_amd64.deb) ...
Selecting previously unselected package lib32asan0.
Unpacking lib32asan0 (from .../lib32asan0_4.8.1-6_amd64.deb) ...
Selecting previously unselected package libx32asan0.
Unpacking libx32asan0 (from .../libx32asan0_4.8.1-6_amd64.deb) ...
Selecting previously unselected package lib32quadmath0.
Unpacking lib32quadmath0 (from .../lib32quadmath0_4.8.1-6_amd64.deb) ...
Selecting previously unselected package libx32quadmath0.
Unpacking libx32quadmath0 (from .../libx32quadmath0_4.8.1-6_amd64.deb) ...
Selecting previously unselected package lib32gcc-4.8-dev.
Unpacking lib32gcc-4.8-dev (from .../lib32gcc-4.8-dev_4.8.1-6_amd64.deb) ...
Selecting previously unselected package libx32gcc-4.8-dev.
Unpacking libx32gcc-4.8-dev (from .../libx32gcc-4.8-dev_4.8.1-6_amd64.deb) ...
Selecting previously unselected package gcc-4.8-multilib.
Unpacking gcc-4.8-multilib (from .../gcc-4.8-multilib_4.8.1-6_amd64.deb) ...
Selecting previously unselected package gcc-multilib.
Unpacking gcc-multilib (from .../gcc-multilib_4%3a4.8.1-2_amd64.deb) ...
Selecting previously unselected package libgmp-dev:amd64.
Unpacking libgmp-dev:amd64 (from .../libgmp-dev_2%3a5.1.2+dfsg-2_amd64.deb) ...
Selecting previously unselected package lib32gmp10.
Unpacking lib32gmp10 (from .../lib32gmp10_2%3a5.1.2+dfsg-2_amd64.deb) ...
Selecting previously unselected package lib32gmpxx4.
Unpacking lib32gmpxx4 (from .../lib32gmpxx4_2%3a5.1.2+dfsg-2_amd64.deb) ...
Selecting previously unselected package lib32gmp-dev.
Unpacking lib32gmp-dev (from .../lib32gmp-dev_2%3a5.1.2+dfsg-2_amd64.deb) ...
Selecting previously unselected package sbuild-build-depends-smlsharp-dummy.
Unpacking sbuild-build-depends-smlsharp-dummy (from .../sbuild-build-depends-smlsharp-dummy.deb) ...
Setting up libpipeline1:amd64 (1.2.4-1) ...
Setting up groff-base (1.22.2-3) ...
Setting up bsdmainutils (9.0.5) ...
update-alternatives: using /usr/bin/bsd-write to provide /usr/bin/write (write) in auto mode
update-alternatives: using /usr/bin/bsd-from to provide /usr/bin/from (from) in auto mode
Setting up man-db (2.6.5-2) ...
Not building database; man-db/auto-update is not 'true'.
Setting up libasprintf0c2:amd64 (0.18.2.1-1) ...
Setting up libmagic1:amd64 (1:5.14-2) ...
Setting up libxml2:amd64 (2.9.1+dfsg1-2) ...
Setting up libglib2.0-0:amd64 (2.36.3-3) ...
No schema files found: doing nothing.
Setting up libcroco3:amd64 (0.6.8-2) ...
Setting up libunistring0:amd64 (0.9.3-5) ...
Setting up cpio (2.11+dfsg-1) ...
update-alternatives: using /bin/mt-gnu to provide /bin/mt (mt) in auto mode
Setting up file (1:5.14-2) ...
Setting up gettext-base (0.18.2.1-1) ...
Setting up gettext (0.18.2.1-1) ...
Setting up intltool-debian (0.35.0+20060710.1) ...
Setting up po-debconf (1.0.16+nmu2) ...
Setting up debhelper (9.20130630) ...
Setting up ed (1.9-1) ...
Setting up libc6-i386 (2.17-7) ...
Setting up libc6-dev-i386 (2.17-7) ...
Setting up libc6-x32 (2.17-7) ...
Setting up libc6-dev-x32 (2.17-7) ...
Setting up lib32gcc1 (1:4.8.1-6) ...
Setting up libx32gcc1 (1:4.8.1-6) ...
Setting up lib32gomp1 (4.8.1-6) ...
Setting up libx32gomp1 (4.8.1-6) ...
Setting up lib32itm1 (4.8.1-6) ...
Setting up libx32itm1 (4.8.1-6) ...
Setting up lib32atomic1 (4.8.1-6) ...
Setting up libx32atomic1 (4.8.1-6) ...
Setting up lib32stdc++6 (4.8.1-6) ...
Setting up lib32asan0 (4.8.1-6) ...
Setting up libx32asan0 (4.8.1-6) ...
Setting up lib32quadmath0 (4.8.1-6) ...
Setting up libx32quadmath0 (4.8.1-6) ...
Setting up lib32gcc-4.8-dev (4.8.1-6) ...
Setting up libx32gcc-4.8-dev (4.8.1-6) ...
Setting up gcc-4.8-multilib (4.8.1-6) ...
Setting up gcc-multilib (4:4.8.1-2) ...
Setting up libgmp-dev:amd64 (2:5.1.2+dfsg-2) ...
Setting up lib32gmp10 (2:5.1.2+dfsg-2) ...
Setting up lib32gmpxx4 (2:5.1.2+dfsg-2) ...
Setting up lib32gmp-dev (2:5.1.2+dfsg-2) ...
Setting up sbuild-build-depends-smlsharp-dummy (0.invalid.0) ...
Processing triggers for libc-bin ...

┌──────────────────────────────────────────────────────────────────────────────┐
│ Build environment                                                            │
└──────────────────────────────────────────────────────────────────────────────┘

Kernel: Linux 2.6.32-5-xen-amd64 amd64 (x86_64)
Toolchain package versions: binutils_2.23.52.20130620-1 dpkg-dev_1.16.10 g++-4.6_4.6.4-4 g++-4.8_4.8.1-6 gcc-4.6_4.6.4-4 gcc-4.7_4.7.3-5 gcc-4.8_4.8.1-6 libc6-dev_2.17-7 libstdc++-4.8-dev_4.8.1-6 libstdc++6_4.8.1-6 libstdc++6-4.6-dev_4.6.4-4 libstdc++6-4.7-dev_4.7.3-5 linux-libc-dev_3.9.8-1
Package versions: apt_0.9.9.1 base-files_7.2 base-passwd_3.5.26 bash_4.2+dfsg-1 binutils_2.23.52.20130620-1 bsdmainutils_9.0.5 bsdutils_1:2.20.1-5.5 build-essential_11.6 bzip2_1.0.6-4 clang-3.3_1:3.3-3 coreutils_8.20-3 cpio_2.11+dfsg-1 cpp_4:4.8.1-2 cpp-4.6_4.6.4-4 cpp-4.7_4.7.3-5 cpp-4.8_4.8.1-6 dash_0.5.7-3 debconf_1.5.50 debconf-i18n_1.5.50 debfoster_2.7-1.2 debhelper_9.20130630 debian-archive-keyring_2012.4 debianutils_4.3.4 diffutils_1:3.2-8 dpkg_1.16.10 dpkg-dev_1.16.10 e2fslibs_1.42.8-1 e2fsprogs_1.42.8-1 ed_1.9-1 fakeroot_1.19-2 file_1:5.14-2 findutils_4.4.2-6 g++_4:4.8.1-2 g++-4.6_4.6.4-4 g++-4.8_4.8.1-6 gcc_4:4.8.1-2 gcc-4.4-base_4.4.7-4 gcc-4.5-base_4.5.4-1 gcc-4.6_4.6.4-4 gcc-4.6-base_4.6.4-4 gcc-4.7_4.7.3-5 gcc-4.7-base_4.7.3-5 gcc-4.8_4.8.1-6 gcc-4.8-base_4.8.1-6 gcc-4.8-multilib_4.8.1-6 gcc-multilib_4:4.8.1-2 gettext_0.18.2.1-1 gettext-base_0.18.2.1-1 gnupg_1.4.12-7 gpgv_1.4.12-7 grep_2.14-2 groff-base_1.22.2-3 gzip_1.6-1 hostname_3.13 initscripts_2.88dsf-42 insserv_1.14.0-5 intltool-debian_0.35.0+20060710.1 lib32asan0_4.8.1-6 lib32atomic1_4.8.1-6 lib32gcc-4.8-dev_4.8.1-6 lib32gcc1_1:4.8.1-6 lib32gmp-dev_2:5.1.2+dfsg-2 lib32gmp10_2:5.1.2+dfsg-2 lib32gmpxx4_2:5.1.2+dfsg-2 lib32gomp1_4.8.1-6 lib32itm1_4.8.1-6 lib32quadmath0_4.8.1-6 lib32stdc++6_4.8.1-6 libacl1_2.2.52-1 libapt-pkg4.12_0.9.9.1 libasan0_4.8.1-6 libasprintf0c2_0.18.2.1-1 libatomic1_4.8.1-6 libattr1_1:2.4.47-1 libblkid1_2.20.1-5.5 libbz2-1.0_1.0.6-4 libc-bin_2.17-7 libc-dev-bin_2.17-7 libc6_2.17-7 libc6-dev_2.17-7 libc6-dev-i386_2.17-7 libc6-dev-x32_2.17-7 libc6-i386_2.17-7 libc6-x32_2.17-7 libcap2_1:2.22-1.2 libclang-common-3.3-dev_1:3.3-3 libclang1-3.3_1:3.3-3 libclass-isa-perl_0.36-5 libcloog-isl4_0.18.0-2 libcloog-ppl1_0.16.1-3 libcomerr2_1.42.8-1 libcroco3_0.6.8-2 libdb5.1_5.1.29-6 libdpkg-perl_1.16.10 libffi6_3.0.13-4 libfile-fcntllock-perl_0.14-2 libgc1c2_1:7.2d-5 libgcc-4.7-dev_4.7.3-5 libgcc-4.8-dev_4.8.1-6 libgcc1_1:4.8.1-6 libgdbm3_1.8.3-12 libglib2.0-0_2.36.3-3 libgmp-dev_2:5.1.2+dfsg-2 libgmp10_2:5.1.2+dfsg-2 libgmpxx4ldbl_2:5.1.2+dfsg-2 libgomp1_4.8.1-6 libgpm2_1.20.4-6.1 libisl10_0.11.2-1 libitm1_4.8.1-6 libllvm3.3_1:3.3-3 liblocale-gettext-perl_1.05-7+b1 liblzma5_5.1.1alpha+20120614-2 libmagic1_1:5.14-2 libmount1_2.20.1-5.5 libmpc2_0.9-4 libmpc3_1.0.1-1 libmpfr4_3.1.1-1 libncurses5_5.9+20130608-1 libobjc-4.7-dev_4.7.3-5 libobjc4_4.8.1-6 libpam-modules_1.1.3-9 libpam-modules-bin_1.1.3-9 libpam-runtime_1.1.3-9 libpam0g_1.1.3-9 libpcre3_1:8.31-2 libpipeline1_1.2.4-1 libppl-c4_1:1.0-7 libppl12_1:1.0-7 libquadmath0_4.8.1-6 libreadline6_6.2+dfsg-0.1 libselinux1_2.1.13-2 libsemanage-common_2.1.10-2 libsemanage1_2.1.10-2 libsepol1_2.1.9-2 libslang2_2.2.4-15 libss2_1.42.8-1 libstdc++-4.8-dev_4.8.1-6 libstdc++6_4.8.1-6 libstdc++6-4.6-dev_4.6.4-4 libstdc++6-4.7-dev_4.7.3-5 libswitch-perl_2.16-2 libtext-charwidth-perl_0.04-7+b1 libtext-iconv-perl_1.7-5 libtext-wrapi18n-perl_0.06-7 libtimedate-perl_1.2000-1 libtinfo5_5.9+20130608-1 libtsan0_4.8.1-6 libunistring0_0.9.3-5 libusb-0.1-4_2:0.1.12-23.2 libustr-1.0-1_1.0.4-3 libuuid1_2.20.1-5.5 libx32asan0_4.8.1-6 libx32atomic1_4.8.1-6 libx32gcc-4.8-dev_4.8.1-6 libx32gcc1_1:4.8.1-6 libx32gomp1_4.8.1-6 libx32itm1_4.8.1-6 libx32quadmath0_4.8.1-6 libxml2_2.9.1+dfsg1-2 linux-libc-dev_3.9.8-1 login_1:4.1.5.1-1 lsb-base_4.1+Debian12 make_3.81-8.2 man-db_2.6.5-2 mawk_1.3.3-17 mount_2.20.1-5.5 multiarch-support_2.17-7 ncurses-base_5.9+20130608-1 ncurses-bin_5.9+20130608-1 passwd_1:4.1.5.1-1 patch_2.7.1-3 perl_5.14.2-21 perl-base_5.14.2-21 perl-modules_5.14.2-21 po-debconf_1.0.16+nmu2 readline-common_6.2+dfsg-0.1 sbuild-build-depends-core-dummy_0.invalid.0 sbuild-build-depends-smlsharp-dummy_0.invalid.0 sed_4.2.2-1 sensible-utils_0.0.9 sudo_1.8.5p2-1+nmu1 sysv-rc_2.88dsf-42 sysvinit_2.88dsf-42 sysvinit-utils_2.88dsf-42 tar_1.26+dfsg-6 tzdata_2013c-2 ucf_3.0027+nmu1 util-linux_2.20.1-5.5 vim_2:7.3.923-3 vim-common_2:7.3.923-3 vim-runtime_2:7.3.923-3 xz-utils_5.1.1alpha+20120614-2 zlib1g_1:1.2.8.dfsg-1

┌──────────────────────────────────────────────────────────────────────────────┐
│ Build                                                                        │
└──────────────────────────────────────────────────────────────────────────────┘


Unpack source
─────────────

gpgv: keyblock resource `/sbuild-nonexistent/.gnupg/trustedkeys.gpg': file open error
gpgv: Signature made Wed Nov 21 23:54:47 2012 UTC using RSA key ID 40AD1FA6
gpgv: Can't check signature: public key not found
dpkg-source: warning: failed to verify signature on ./smlsharp_1.2.0-1.dsc
dpkg-source: info: extracting smlsharp in smlsharp-1.2.0
dpkg-source: info: unpacking smlsharp_1.2.0.orig.tar.gz
dpkg-source: info: unpacking smlsharp_1.2.0-1.debian.tar.gz

Check disc space
────────────────

Sufficient free space for build

Hack binNMU version
───────────────────

Created changelog entry for binNMU version 1.2.0-1clang1

User Environment
────────────────

HOME=/sbuild-nonexistent
LOGNAME=user
PATH=/usr/local/sbin:/usr/local/bin:/usr/sbin:/usr/bin:/sbin:/bin:/usr/games
SCHROOT_ALIAS_NAME=unstable-amd64-sbuild
SCHROOT_CHROOT_NAME=unstable-amd64-sbuild
SCHROOT_COMMAND=env
SCHROOT_GID=1000
SCHROOT_GROUP=user
SCHROOT_SESSION_ID=unstable-amd64-sbuild-5a4a54a7-2e2e-4437-b93b-b4cc2d9d13de
SCHROOT_UID=1000
SCHROOT_USER=user
SHELL=/bin/sh
USER=user

dpkg-buildpackage
─────────────────

dpkg-buildpackage: source package smlsharp
dpkg-buildpackage: source version 1.2.0-1clang1
 dpkg-source --before-build smlsharp-1.2.0
dpkg-buildpackage: host architecture amd64
 fakeroot debian/rules clean
dh clean
   dh_testdir
   debian/rules override_dh_auto_clean
make[1]: Entering directory `/«PKGBUILDDIR»'
dh_auto_clean
rm -rf precompiled/fastbuild1
rm -rf precompiled/fastbuild2
make[1]: Leaving directory `/«PKGBUILDDIR»'
   dh_clean
 debian/rules build-arch
dh build-arch
   dh_testdir -a
   debian/rules override_dh_auto_configure
make[1]: Entering directory `/«PKGBUILDDIR»'
CC="gcc -m32" LD="ld -m elf_i386"	\
		CFLAGS="-g -O2 -fPIE -fstack-protector --param=ssp-buffer-size=4 -Wformat -Werror=format-security" LDFLAGS="-fPIE -pie -Wl,-z,relro -Wl,-z,now" \
		./configure --prefix=/usr --enable-fast-build	\
		--enable-thread
checking build system type... x86_64-unknown-linux-gnu
checking host system type... x86_64-unknown-linux-gnu
checking target system type... x86_64-unknown-linux-gnu
checking for gcc... gcc -m32
checking whether the C compiler works... yes
checking for C compiler default output file name... a.out
checking for suffix of executables... 
checking whether we are cross compiling... no
checking for suffix of object files... o
checking whether we are using the GNU C compiler... yes
checking whether gcc -m32 accepts -g... yes
checking for gcc -m32 option to accept ISO C89... none needed
checking whether make sets $(MAKE)... yes
checking for a BSD-compatible install... /usr/bin/install -c
checking for find... /usr/bin/find
checking for ranlib... ranlib
checking for ld... ld -m elf_i386
checking for ar... ar
checking for xz... /usr/bin/xz
checking for pax... no
checking for cpio... /bin/cpio
checking for native code generation target... x86-linux
checking for heap management algorithm... bitmap
checking for sqrt in -lm... yes
checking for socket in -lsocket... no
checking for __gmpz_init in -lgmp... yes
checking for dlopen in -ldl... yes
checking for pthread_create in -lpthread... yes
checking how to run the C preprocessor... gcc -m32 -E
checking for grep that handles long lines and -e... /bin/grep
checking for egrep... /bin/grep -E
checking for ANSI C header files... yes
checking for sys/types.h... yes
checking for sys/stat.h... yes
checking for stdlib.h... yes
checking for string.h... yes
checking for memory.h... yes
checking for strings.h... yes
checking for inttypes.h... yes
checking for stdint.h... yes
checking for unistd.h... yes
checking assert.h usability... yes
checking assert.h presence... yes
checking for assert.h... yes
checking ctype.h usability... yes
checking ctype.h presence... yes
checking for ctype.h... yes
checking dirent.h usability... yes
checking dirent.h presence... yes
checking for dirent.h... yes
checking errno.h usability... yes
checking errno.h presence... yes
checking for errno.h... yes
checking limits.h usability... yes
checking limits.h presence... yes
checking for limits.h... yes
checking math.h usability... yes
checking math.h presence... yes
checking for math.h... yes
checking setjmp.h usability... yes
checking setjmp.h presence... yes
checking for setjmp.h... yes
checking stdarg.h usability... yes
checking stdarg.h presence... yes
checking for stdarg.h... yes
checking stddef.h usability... yes
checking stddef.h presence... yes
checking for stddef.h... yes
checking for stdint.h... (cached) yes
checking stdio.h usability... yes
checking stdio.h presence... yes
checking for stdio.h... yes
checking for stdlib.h... (cached) yes
checking for string.h... (cached) yes
checking time.h usability... yes
checking time.h presence... yes
checking for time.h... yes
checking for unistd.h... (cached) yes
checking fcntl.h usability... yes
checking fcntl.h presence... yes
checking for fcntl.h... yes
checking sys/time.h usability... yes
checking sys/time.h presence... yes
checking for sys/time.h... yes
checking for sys/stat.h... (cached) yes
checking pthread.h usability... yes
checking pthread.h presence... yes
checking for pthread.h... yes
checking signal.h usability... yes
checking signal.h presence... yes
checking for signal.h... yes
checking for sigaction... yes
checking for sigprocmask... yes
checking gmp.h usability... yes
checking gmp.h presence... yes
checking for gmp.h... yes
checking dlfcn.h usability... yes
checking dlfcn.h presence... yes
checking for dlfcn.h... yes
checking poll.h usability... yes
checking poll.h presence... yes
checking for poll.h... yes
checking sys/mman.h usability... yes
checking sys/mman.h presence... yes
checking for sys/mman.h... yes
checking for sys/types.h... (cached) yes
checking float.h usability... yes
checking float.h presence... yes
checking for float.h... yes
checking ieeefp.h usability... no
checking ieeefp.h presence... no
checking for ieeefp.h... no
checking sys/resource.h usability... yes
checking sys/resource.h presence... yes
checking for sys/resource.h... yes
checking fenv.h usability... yes
checking fenv.h presence... yes
checking for fenv.h... yes
checking sys/times.h usability... yes
checking sys/times.h presence... yes
checking for sys/times.h... yes
checking utime.h usability... yes
checking utime.h presence... yes
checking for utime.h... yes
checking for strings.h... (cached) yes
checking sys/socket.h usability... yes
checking sys/socket.h presence... yes
checking for sys/socket.h... yes
checking for an ANSI C-conforming const... yes
checking for inline... inline
checking for working volatile... yes
checking for size_t... yes
checking whether byte ordering is bigendian... no
checking for ceilf... yes
checking for clock_gettime... yes
checking for copysign... yes
checking for copysignf... yes
checking for dlopen... yes
checking for fegetround... yes
checking for fesetround... yes
checking for finite... yes
checking for floorf... yes
checking for fpclass... no
checking for frexpf... yes
checking for getrusage... yes
checking for gettimeofday... yes
checking for ldexpf... yes
checking for mkstemp... yes
checking for mmap... yes
checking for modf... yes
checking for modff... yes
checking for nextafter... yes
checking for nextafterf... yes
checking for poll... yes
checking for readlink... yes
checking for roundf... yes
checking for select... yes
checking for sleep... yes
checking for socket... yes
checking for times... yes
checking for utime... yes
checking for utimes... yes
checking whether CLOCK_PROCESS_CPUTIME_ID is declared... yes
checking whether fpclassify is declared... yes
checking whether isinf is declared... yes
checking whether isnan is declared... yes
checking whether isnormal is declared... yes
checking whether signbit is declared... yes
configure: creating ./config.status
config.status: creating stamp-h
config.status: creating config.mk
config.status: creating src/config.mk
config.status: creating Makefile
config.status: creating config.h
make[1]: Leaving directory `/«PKGBUILDDIR»'
   dh_auto_build -a
make[1]: Entering directory `/«PKGBUILDDIR»'
gcc -m32 -g -O2 -fPIE -fstack-protector --param=ssp-buffer-size=4 -Wformat -Werror=format-security -DHAVE_CONFIG_H  -DMULTITHREAD -DHOST_CPU_i386 -DMAXALIGN=16 -I. -D_FORTIFY_SOURCE=2 -c -o src/runtime/heap_bitmap.o src/runtime/heap_bitmap.c
gcc -m32 -g -O2 -fPIE -fstack-protector --param=ssp-buffer-size=4 -Wformat -Werror=format-security -DIEEE_8087 -DMALLOC=xmalloc -c -o src/runtime/netlib/dtoa.o ./src/runtime/netlib/dtoa.c
gcc -m32 -g -O2 -fPIE -fstack-protector --param=ssp-buffer-size=4 -Wformat -Werror=format-security -DHAVE_CONFIG_H  -DMULTITHREAD -DHOST_CPU_i386 -DMAXALIGN=16 -I. -D_FORTIFY_SOURCE=2 -c -o src/runtime/control.o src/runtime/control.c
gcc -m32 -g -O2 -fPIE -fstack-protector --param=ssp-buffer-size=4 -Wformat -Werror=format-security -DHAVE_CONFIG_H  -DMULTITHREAD -DHOST_CPU_i386 -DMAXALIGN=16 -I. -D_FORTIFY_SOURCE=2 -c -o src/runtime/error.o src/runtime/error.c
gcc -m32 -g -O2 -fPIE -fstack-protector --param=ssp-buffer-size=4 -Wformat -Werror=format-security -DHAVE_CONFIG_H  -DMULTITHREAD -DHOST_CPU_i386 -DMAXALIGN=16 -I. -D_FORTIFY_SOURCE=2 -c -o src/runtime/exn.o src/runtime/exn.c
src/runtime/exn.c:56:44: warning: initializing 'void *' with an expression of type 'char const (*)[5]' discards qualifiers [-Wincompatible-pointer-types-discards-qualifiers]
const struct sml_exntag sml_exntag_Bind = {&exnname_Bind.body};
                                           ^~~~~~~~~~~~~~~~~~
src/runtime/exn.c:57:45: warning: initializing 'void *' with an expression of type 'char const (*)[6]' discards qualifiers [-Wincompatible-pointer-types-discards-qualifiers]
const struct sml_exntag sml_exntag_Match = {&exnname_Match.body};
                                            ^~~~~~~~~~~~~~~~~~~
src/runtime/exn.c:58:49: warning: initializing 'void *' with an expression of type 'char const (*)[10]' discards qualifiers [-Wincompatible-pointer-types-discards-qualifiers]
const struct sml_exntag sml_exntag_Subscript = {&exnname_Subscript.body};
                                                ^~~~~~~~~~~~~~~~~~~~~~~
src/runtime/exn.c:59:44: warning: initializing 'void *' with an expression of type 'char const (*)[5]' discards qualifiers [-Wincompatible-pointer-types-discards-qualifiers]
const struct sml_exntag sml_exntag_Size = {&exnname_Size.body};
                                           ^~~~~~~~~~~~~~~~~~
src/runtime/exn.c:60:48: warning: initializing 'void *' with an expression of type 'char const (*)[9]' discards qualifiers [-Wincompatible-pointer-types-discards-qualifiers]
const struct sml_exntag sml_exntag_Overflow = {&exnname_Overflow.body};
                                               ^~~~~~~~~~~~~~~~~~~~~~
src/runtime/exn.c:61:43: warning: initializing 'void *' with an expression of type 'char const (*)[4]' discards qualifiers [-Wincompatible-pointer-types-discards-qualifiers]
const struct sml_exntag sml_exntag_Div = {&exnname_Div.body};
                                          ^~~~~~~~~~~~~~~~~
src/runtime/exn.c:62:46: warning: initializing 'void *' with an expression of type 'char const (*)[7]' discards qualifiers [-Wincompatible-pointer-types-discards-qualifiers]
const struct sml_exntag sml_exntag_Domain = {&exnname_Domain.body};
                                             ^~~~~~~~~~~~~~~~~~~~
src/runtime/exn.c:63:44: warning: initializing 'void *' with an expression of type 'char const (*)[5]' discards qualifiers [-Wincompatible-pointer-types-discards-qualifiers]
const struct sml_exntag sml_exntag_Fail = {&exnname_Fail.body};
                                           ^~~~~~~~~~~~~~~~~~
src/runtime/exn.c:64:52: warning: initializing 'void *' with an expression of type 'char const (*)[13]' discards qualifiers [-Wincompatible-pointer-types-discards-qualifiers]
const struct sml_exntag sml_exntag_MatchCompBug = {&exnname_MatchCompBug.body};
                                                   ^~~~~~~~~~~~~~~~~~~~~~~~~~
src/runtime/exn.c:65:45: warning: initializing 'void *' with an expression of type 'char const (*)[6]' discards qualifiers [-Wincompatible-pointer-types-discards-qualifiers]
const struct sml_exntag sml_exntag_Empty = {&exnname_Empty.body};
                                            ^~~~~~~~~~~~~~~~~~~
src/runtime/exn.c:66:43: warning: initializing 'void *' with an expression of type 'char const (*)[4]' discards qualifiers [-Wincompatible-pointer-types-discards-qualifiers]
const struct sml_exntag sml_exntag_Chr = {&exnname_Chr.body};
                                          ^~~~~~~~~~~~~~~~~
src/runtime/exn.c:67:44: warning: initializing 'void *' with an expression of type 'char const (*)[5]' discards qualifiers [-Wincompatible-pointer-types-discards-qualifiers]
const struct sml_exntag sml_exntag_Span = {&exnname_Span.body};
                                           ^~~~~~~~~~~~~~~~~~
src/runtime/exn.c:68:46: warning: initializing 'void *' with an expression of type 'char const (*)[7]' discards qualifiers [-Wincompatible-pointer-types-discards-qualifiers]
const struct sml_exntag sml_exntag_Option = {&exnname_Option.body};
                                             ^~~~~~~~~~~~~~~~~~~~
13 warnings generated.
gcc -m32 -g -O2 -fPIE -fstack-protector --param=ssp-buffer-size=4 -Wformat -Werror=format-security -DHAVE_CONFIG_H  -DMULTITHREAD -DHOST_CPU_i386 -DMAXALIGN=16 -I. -D_FORTIFY_SOURCE=2 -c -o src/runtime/init.o src/runtime/init.c
gcc -m32 -g -O2 -fPIE -fstack-protector --param=ssp-buffer-size=4 -Wformat -Werror=format-security -DHAVE_CONFIG_H  -DMULTITHREAD -DHOST_CPU_i386 -DMAXALIGN=16 -I. -D_FORTIFY_SOURCE=2 -c -o src/runtime/object.o src/runtime/object.c
gcc -m32 -g -O2 -fPIE -fstack-protector --param=ssp-buffer-size=4 -Wformat -Werror=format-security -DHAVE_CONFIG_H  -DMULTITHREAD -DHOST_CPU_i386 -DMAXALIGN=16 -I. -D_FORTIFY_SOURCE=2 -c -o src/runtime/objspace.o src/runtime/objspace.c
gcc -m32 -g -O2 -fPIE -fstack-protector --param=ssp-buffer-size=4 -Wformat -Werror=format-security -DHAVE_CONFIG_H  -DMULTITHREAD -DHOST_CPU_i386 -DMAXALIGN=16 -I. -D_FORTIFY_SOURCE=2 -c -o src/runtime/obstack.o src/runtime/obstack.c
gcc -m32 -g -O2 -fPIE -fstack-protector --param=ssp-buffer-size=4 -Wformat -Werror=format-security -DHAVE_CONFIG_H  -DMULTITHREAD -DHOST_CPU_i386 -DMAXALIGN=16 -I. -D_FORTIFY_SOURCE=2 -c -o src/runtime/prim.o src/runtime/prim.c
gcc -m32 -g -O2 -fPIE -fstack-protector --param=ssp-buffer-size=4 -Wformat -Werror=format-security -DHAVE_CONFIG_H  -DMULTITHREAD -DHOST_CPU_i386 -DMAXALIGN=16 -I. -D_FORTIFY_SOURCE=2 -c -o src/runtime/splay.o src/runtime/splay.c
rm -f src/runtime/libsmlsharp.a
ar cru src/runtime/libsmlsharp.a src/runtime/heap_bitmap.o src/runtime/netlib/dtoa.o src/runtime/control.o src/runtime/error.o src/runtime/exn.o src/runtime/init.o src/runtime/object.o src/runtime/objspace.o src/runtime/obstack.o src/runtime/prim.o src/runtime/splay.o
ranlib src/runtime/libsmlsharp.a
gcc -m32 -g -O2 -fPIE -fstack-protector --param=ssp-buffer-size=4 -Wformat -Werror=format-security -DHAVE_CONFIG_H  -DMULTITHREAD -DHOST_CPU_i386 -DMAXALIGN=16 -I. -D_FORTIFY_SOURCE=2 -c -o src/runtime/smlsharp_entry.o ./src/runtime/main.c
(cd precompiled && /usr/bin/xz -cd x86-linux.xz | /bin/cpio -idu)
141184 blocks
(cd precompiled/x86-linux \
	 && gcc -m32 -fPIE -pie -Wl,-z,relro -Wl,-z,now ../../src/runtime/smlsharp_entry.o \
	          `cat ../minismlsharp-files` \
	          ../../src/runtime/libsmlsharp.a \
	          -lpthread -ldl -lgmp -lm  -o ../../minismlsharp)
016.s:4714:22: error: invalid character in input
        .globl  SMLN6IntInf1_E
016.s:4714:22: error: unexpected token in directive
        .globl  SMLN6IntInf1_E
016.s:4715:14: error: invalid character in input
SMLN6IntInf1_E:
016.s:4734:22: error: invalid character in input
        .globl  SMLN6IntInf3__T_TE
016.s:4734:22: error: unexpected token in directive
        .globl  SMLN6IntInf3__T_TE
016.s:4735:14: error: invalid character in input
SMLN6IntInf3__T_TE:
039.s:1306:21: error: invalid character in input
        .globl  SMLN5Word81_E
039.s:1306:21: error: unexpected token in directive
        .globl  SMLN5Word81_E
039.s:1307:13: error: invalid character in input
SMLN5Word81_E:
039.s:1321:21: error: invalid character in input
        .globl  SMLN5Word83__T_TE
039.s:1321:21: error: unexpected token in directive
        .globl  SMLN5Word83__T_TE
039.s:1322:13: error: invalid character in input
SMLN5Word83__T_TE:
232.s:358:20: error: invalid character in input
        movl    SMLN6IntInf1_E, %ecx
232.s:358:20: error: unexpected token in argument list
        movl    SMLN6IntInf1_E, %ecx
232.s:360:21: error: invalid character in input
        movl    $SMLN6BigInt1_E, %eax
232.s:360:21: error: unexpected token in argument list
        movl    $SMLN6BigInt1_E, %eax
232.s:361:21: error: invalid character in input
        movl    $SMLN6BigInt1_E, %edx
232.s:361:21: error: unexpected token in argument list
        movl    $SMLN6BigInt1_E, %edx
232.s:514:22: error: invalid character in input
        .globl  SMLN6BigInt1_E
232.s:514:22: error: unexpected token in directive
        .globl  SMLN6BigInt1_E
232.s:515:20: error: invalid character in input
.comm SMLN6BigInt1_E, 4
232.s:515:20: error: unexpected token in directive
.comm SMLN6BigInt1_E, 4
186.s:8374:19: error: invalid character in input
        movl    SMLN5Word81_E, %esi
186.s:8374:19: error: unexpected token in argument list
        movl    SMLN5Word81_E, %esi
186.s:8376:19: error: invalid character in input
        movl    SMLN5Word83__T_TE, %esi
186.s:8376:19: error: unexpected token in argument list
        movl    SMLN5Word83__T_TE, %esi
186.s:9375:32: error: invalid character in input
        movl    $SMLN10BasicTypes5UInt83__T_TE, %eax
186.s:9375:32: error: unexpected token in argument list
        movl    $SMLN10BasicTypes5UInt83__T_TE, %eax
186.s:9376:32: error: invalid character in input
        movl    $SMLN10BasicTypes5UInt83__T_TE, %edx
186.s:9376:32: error: unexpected token in argument list
        movl    $SMLN10BasicTypes5UInt83__T_TE, %edx
186.s:9507:32: error: invalid character in input
        movl    $SMLN10BasicTypes5UInt81_E, %eax
186.s:9507:32: error: unexpected token in argument list
        movl    $SMLN10BasicTypes5UInt81_E, %eax
186.s:9508:32: error: invalid character in input
        movl    $SMLN10BasicTypes5UInt81_E, %edx
186.s:9508:32: error: unexpected token in argument list
        movl    $SMLN10BasicTypes5UInt81_E, %edx
186.s:9986:33: error: invalid character in input
        movl    $SMLN10BasicTypes6UInt163__T_TE, %eax
186.s:9986:33: error: unexpected token in argument list
        movl    $SMLN10BasicTypes6UInt163__T_TE, %eax
186.s:9987:33: error: invalid character in input
        movl    $SMLN10BasicTypes6UInt163__T_TE, %edx
186.s:9987:33: error: unexpected token in argument list
        movl    $SMLN10BasicTypes6UInt163__T_TE, %edx
186.s:10118:33: error: invalid character in input
        movl    $SMLN10BasicTypes6UInt161_E, %eax
186.s:10118:33: error: unexpected token in argument list
        movl    $SMLN10BasicTypes6UInt161_E, %eax
186.s:10119:33: error: invalid character in input
        movl    $SMLN10BasicTypes6UInt161_E, %edx
186.s:10119:33: error: unexpected token in argument list
        movl    $SMLN10BasicTypes6UInt161_E, %edx
186.s:10597:33: error: invalid character in input
        movl    $SMLN10BasicTypes6UInt243__T_TE, %eax
186.s:10597:33: error: unexpected token in argument list
        movl    $SMLN10BasicTypes6UInt243__T_TE, %eax
186.s:10598:33: error: invalid character in input
        movl    $SMLN10BasicTypes6UInt243__T_TE, %edx
186.s:10598:33: error: unexpected token in argument list
        movl    $SMLN10BasicTypes6UInt243__T_TE, %edx
186.s:10729:33: error: invalid character in input
        movl    $SMLN10BasicTypes6UInt241_E, %eax
186.s:10729:33: error: unexpected token in argument list
        movl    $SMLN10BasicTypes6UInt241_E, %eax
186.s:10730:33: error: invalid character in input
        movl    $SMLN10BasicTypes6UInt241_E, %edx
186.s:10730:33: error: unexpected token in argument list
        movl    $SMLN10BasicTypes6UInt241_E, %edx
186.s:11205:33: error: invalid character in input
        movl    $SMLN10BasicTypes6UInt323__T_TE, %eax
186.s:11205:33: error: unexpected token in argument list
        movl    $SMLN10BasicTypes6UInt323__T_TE, %eax
186.s:11206:33: error: invalid character in input
        movl    $SMLN10BasicTypes6UInt323__T_TE, %edx
186.s:11206:33: error: unexpected token in argument list
        movl    $SMLN10BasicTypes6UInt323__T_TE, %edx
186.s:11337:33: error: invalid character in input
        movl    $SMLN10BasicTypes6UInt321_E, %eax
186.s:11337:33: error: unexpected token in argument list
        movl    $SMLN10BasicTypes6UInt321_E, %eax
186.s:11338:33: error: invalid character in input
        movl    $SMLN10BasicTypes6UInt321_E, %edx
186.s:11338:33: error: unexpected token in argument list
        movl    $SMLN10BasicTypes6UInt321_E, %edx
186.s:16085:33: error: invalid character in input
        .globl  SMLN10BasicTypes5SInt81_E
186.s:16085:33: error: unexpected token in directive
        .globl  SMLN10BasicTypes5SInt81_E
186.s:16086:25: error: invalid character in input
SMLN10BasicTypes5SInt81_E:
186.s:16177:33: error: invalid character in input
        .globl  SMLN10BasicTypes5UInt81_E
186.s:16177:33: error: unexpected token in directive
        .globl  SMLN10BasicTypes5UInt81_E
186.s:16178:31: error: invalid character in input
.comm SMLN10BasicTypes5UInt81_E, 4
186.s:16178:31: error: unexpected token in directive
.comm SMLN10BasicTypes5UInt81_E, 4
186.s:16187:33: error: invalid character in input
        .globl  SMLN10BasicTypes5UInt83__T_TE
186.s:16187:33: error: unexpected token in directive
        .globl  SMLN10BasicTypes5UInt83__T_TE
186.s:16188:31: error: invalid character in input
.comm SMLN10BasicTypes5UInt83__T_TE, 4
186.s:16188:31: error: unexpected token in directive
.comm SMLN10BasicTypes5UInt83__T_TE, 4
186.s:16275:34: error: invalid character in input
        .globl  SMLN10BasicTypes6Real321_E
186.s:16275:34: error: unexpected token in directive
        .globl  SMLN10BasicTypes6Real321_E
186.s:16276:26: error: invalid character in input
SMLN10BasicTypes6Real321_E:
186.s:16475:34: error: invalid character in input
        .globl  SMLN10BasicTypes6Real641_E
186.s:16475:34: error: unexpected token in directive
        .globl  SMLN10BasicTypes6Real641_E
186.s:16476:26: error: invalid character in input
SMLN10BasicTypes6Real641_E:
186.s:16656:34: error: invalid character in input
        .globl  SMLN10BasicTypes6SInt161_E
186.s:16656:34: error: unexpected token in directive
        .globl  SMLN10BasicTypes6SInt161_E
186.s:16657:26: error: invalid character in input
SMLN10BasicTypes6SInt161_E:
186.s:16753:34: error: invalid character in input
        .globl  SMLN10BasicTypes6SInt241_E
186.s:16753:34: error: unexpected token in directive
        .globl  SMLN10BasicTypes6SInt241_E
186.s:16754:26: error: invalid character in input
SMLN10BasicTypes6SInt241_E:
186.s:16850:34: error: invalid character in input
        .globl  SMLN10BasicTypes6SInt321_E
186.s:16850:34: error: unexpected token in directive
        .globl  SMLN10BasicTypes6SInt321_E
186.s:16851:26: error: invalid character in input
SMLN10BasicTypes6SInt321_E:
186.s:16942:34: error: invalid character in input
        .globl  SMLN10BasicTypes6UInt161_E
186.s:16942:34: error: unexpected token in directive
        .globl  SMLN10BasicTypes6UInt161_E
186.s:16943:32: error: invalid character in input
.comm SMLN10BasicTypes6UInt161_E, 4
186.s:16943:32: error: unexpected token in directive
.comm SMLN10BasicTypes6UInt161_E, 4
186.s:16952:34: error: invalid character in input
        .globl  SMLN10BasicTypes6UInt163__T_TE
186.s:16952:34: error: unexpected token in directive
        .globl  SMLN10BasicTypes6UInt163__T_TE
186.s:16953:32: error: invalid character in input
.comm SMLN10BasicTypes6UInt163__T_TE, 4
186.s:16953:32: error: unexpected token in directive
.comm SMLN10BasicTypes6UInt163__T_TE, 4
186.s:17016:34: error: invalid character in input
        .globl  SMLN10BasicTypes6UInt241_E
186.s:17016:34: error: unexpected token in directive
        .globl  SMLN10BasicTypes6UInt241_E
186.s:17017:32: error: invalid character in input
.comm SMLN10BasicTypes6UInt241_E, 4
186.s:17017:32: error: unexpected token in directive
.comm SMLN10BasicTypes6UInt241_E, 4
186.s:17026:34: error: invalid character in input
        .globl  SMLN10BasicTypes6UInt243__T_TE
186.s:17026:34: error: unexpected token in directive
        .globl  SMLN10BasicTypes6UInt243__T_TE
186.s:17027:32: error: invalid character in input
.comm SMLN10BasicTypes6UInt243__T_TE, 4
186.s:17027:32: error: unexpected token in directive
.comm SMLN10BasicTypes6UInt243__T_TE, 4
186.s:17090:34: error: invalid character in input
        .globl  SMLN10BasicTypes6UInt321_E
186.s:17090:34: error: unexpected token in directive
        .globl  SMLN10BasicTypes6UInt321_E
186.s:17091:32: error: invalid character in input
.comm SMLN10BasicTypes6UInt321_E, 4
186.s:17091:32: error: unexpected token in directive
.comm SMLN10BasicTypes6UInt321_E, 4
186.s:17100:34: error: invalid character in input
        .globl  SMLN10BasicTypes6UInt323__T_TE
186.s:17100:34: error: unexpected token in directive
        .globl  SMLN10BasicTypes6UInt323__T_TE
186.s:17101:32: error: invalid character in input
.comm SMLN10BasicTypes6UInt323__T_TE, 4
186.s:17101:32: error: unexpected token in directive
.comm SMLN10BasicTypes6UInt323__T_TE, 4
189.s:284:32: error: invalid character in input
        movl    SMLN10BasicTypes6UInt323__T_TE, %ecx
189.s:284:32: error: unexpected token in argument list
        movl    SMLN10BasicTypes6UInt323__T_TE, %ecx
189.s:286:28: error: invalid character in input
        movl    $SMLN8VMTarget4UInt3__T_TE, %eax
189.s:286:28: error: unexpected token in argument list
        movl    $SMLN8VMTarget4UInt3__T_TE, %eax
189.s:287:28: error: invalid character in input
        movl    $SMLN8VMTarget4UInt3__T_TE, %edx
189.s:287:28: error: unexpected token in argument list
        movl    $SMLN8VMTarget4UInt3__T_TE, %edx
189.s:383:32: error: invalid character in input
        movl    SMLN10BasicTypes6UInt321_E, %ecx
189.s:383:32: error: unexpected token in argument list
        movl    SMLN10BasicTypes6UInt321_E, %ecx
189.s:385:28: error: invalid character in input
        movl    $SMLN8VMTarget4UInt1_E, %eax
189.s:385:28: error: unexpected token in argument list
        movl    $SMLN8VMTarget4UInt1_E, %eax
189.s:386:28: error: invalid character in input
        movl    $SMLN8VMTarget4UInt1_E, %edx
189.s:386:28: error: unexpected token in argument list
        movl    $SMLN8VMTarget4UInt1_E, %edx
189.s:617:32: error: invalid character in input
        movl    SMLN10BasicTypes6SInt321_E, %ecx
189.s:617:32: error: unexpected token in argument list
        movl    SMLN10BasicTypes6SInt321_E, %ecx
189.s:619:28: error: invalid character in input
        movl    $SMLN8VMTarget4SInt1_E, %eax
189.s:619:28: error: unexpected token in argument list
        movl    $SMLN8VMTarget4SInt1_E, %eax
189.s:620:28: error: invalid character in input
        movl    $SMLN8VMTarget4SInt1_E, %edx
189.s:620:28: error: unexpected token in argument list
        movl    $SMLN8VMTarget4SInt1_E, %edx
189.s:1099:29: error: invalid character in input
        .globl  SMLN8VMTarget4SInt1_E
189.s:1099:29: error: unexpected token in directive
        .globl  SMLN8VMTarget4SInt1_E
189.s:1100:27: error: invalid character in input
.comm SMLN8VMTarget4SInt1_E, 4
189.s:1100:27: error: unexpected token in directive
.comm SMLN8VMTarget4SInt1_E, 4
189.s:1169:29: error: invalid character in input
        .globl  SMLN8VMTarget4UInt1_E
189.s:1169:29: error: unexpected token in directive
        .globl  SMLN8VMTarget4UInt1_E
189.s:1170:27: error: invalid character in input
.comm SMLN8VMTarget4UInt1_E, 4
189.s:1170:27: error: unexpected token in directive
.comm SMLN8VMTarget4UInt1_E, 4
189.s:1179:29: error: invalid character in input
        .globl  SMLN8VMTarget4UInt3__T_TE
189.s:1179:29: error: unexpected token in directive
        .globl  SMLN8VMTarget4UInt3__T_TE
189.s:1180:27: error: invalid character in input
.comm SMLN8VMTarget4UInt3__T_TE, 4
189.s:1180:27: error: unexpected token in directive
.comm SMLN8VMTarget4UInt3__T_TE, 4
053.s:30350:27: error: invalid character in input
        movl    SMLN8VMTarget4SInt1_E, %ebx
053.s:30350:27: error: unexpected token in argument list
        movl    SMLN8VMTarget4SInt1_E, %ebx
053.s:30422:27: error: invalid character in input
        movl    SMLN8VMTarget4UInt1_E, %ebx
053.s:30422:27: error: unexpected token in argument list
        movl    SMLN8VMTarget4UInt1_E, %ebx
053.s:30424:27: error: invalid character in input
        movl    SMLN8VMTarget4UInt3__T_TE, %ebx
053.s:30424:27: error: unexpected token in argument list
        movl    SMLN8VMTarget4UInt3__T_TE, %ebx
053.s:32030:48: error: invalid character in input
        movl    $SMLN20AbstractInstruction26Target4UInt3__T_TE, %eax
053.s:32030:48: error: unexpected token in argument list
        movl    $SMLN20AbstractInstruction26Target4UInt3__T_TE, %eax
053.s:32031:48: error: invalid character in input
        movl    $SMLN20AbstractInstruction26Target4UInt3__T_TE, %edx
053.s:32031:48: error: unexpected token in argument list
        movl    $SMLN20AbstractInstruction26Target4UInt3__T_TE, %edx
053.s:32040:48: error: invalid character in input
        movl    $SMLN20AbstractInstruction26Target4UInt1_E, %eax
053.s:32040:48: error: unexpected token in argument list
        movl    $SMLN20AbstractInstruction26Target4UInt1_E, %eax
053.s:32041:48: error: invalid character in input
        movl    $SMLN20AbstractInstruction26Target4UInt1_E, %edx
053.s:32041:48: error: unexpected token in argument list
        movl    $SMLN20AbstractInstruction26Target4UInt1_E, %edx
053.s:32392:48: error: invalid character in input
        movl    $SMLN20AbstractInstruction26Target4SInt1_E, %eax
053.s:32392:48: error: unexpected token in argument list
        movl    $SMLN20AbstractInstruction26Target4SInt1_E, %eax
053.s:32393:48: error: invalid character in input
        movl    $SMLN20AbstractInstruction26Target4SInt1_E, %edx
053.s:32393:48: error: unexpected token in argument list
        movl    $SMLN20AbstractInstruction26Target4SInt1_E, %edx
053.s:49187:49: error: invalid character in input
        .globl  SMLN20AbstractInstruction26Target4SInt1_E
053.s:49187:49: error: unexpected token in directive
        .globl  SMLN20AbstractInstruction26Target4SInt1_E
053.s:49188:47: error: invalid character in input
.comm SMLN20AbstractInstruction26Target4SInt1_E, 4
053.s:49188:47: error: unexpected token in directive
.comm SMLN20AbstractInstruction26Target4SInt1_E, 4
053.s:49257:49: error: invalid character in input
        .globl  SMLN20AbstractInstruction26Target4UInt1_E
053.s:49257:49: error: unexpected token in directive
        .globl  SMLN20AbstractInstruction26Target4UInt1_E
053.s:49258:47: error: invalid character in input
.comm SMLN20AbstractInstruction26Target4UInt1_E, 4
053.s:49258:47: error: unexpected token in directive
.comm SMLN20AbstractInstruction26Target4UInt1_E, 4
053.s:49267:49: error: invalid character in input
        .globl  SMLN20AbstractInstruction26Target4UInt3__T_TE
053.s:49267:49: error: unexpected token in directive
        .globl  SMLN20AbstractInstruction26Target4UInt3__T_TE
053.s:49268:47: error: invalid character in input
.comm SMLN20AbstractInstruction26Target4UInt3__T_TE, 4
053.s:49268:47: error: unexpected token in directive
.comm SMLN20AbstractInstruction26Target4UInt3__T_TE, 4
157.s:248:20: error: invalid character in input
        movl    SMLN6IntInf3__T_TE, %eax
157.s:248:20: error: unexpected token in argument list
        movl    SMLN6IntInf3__T_TE, %eax
157.s:1555:20: error: invalid character in input
        movl    SMLN6IntInf3__T_TE, %eax
157.s:1555:20: error: unexpected token in argument list
        movl    SMLN6IntInf3__T_TE, %eax
make[1]: *** [minismlsharp] Error 1
make[1]: Leaving directory `/«PKGBUILDDIR»'
dh_auto_build: make -j1 returned exit code 2
make: *** [build-arch] Error 2
dpkg-buildpackage: error: debian/rules build-arch gave error exit status 2
────────────────────────────────────────────────────────────────────────────────
Build finished at 20130715-1736

Finished
────────

E: Build failure (dpkg-buildpackage died)

┌──────────────────────────────────────────────────────────────────────────────┐
│ Cleanup                                                                      │
└──────────────────────────────────────────────────────────────────────────────┘

Purging /«BUILDDIR»
Not cleaning session: cloned chroot in use

┌──────────────────────────────────────────────────────────────────────────────┐
│ Summary                                                                      │
└──────────────────────────────────────────────────────────────────────────────┘

Build Architecture: amd64
Build-Space: 104328
Build-Time: 33
Distribution: unstable
Fail-Stage: build
Host Architecture: amd64
Install-Time: 13
Job: smlsharp_1.2.0-1
Machine Architecture: amd64
Package: smlsharp
Package-Time: 100
Source-Version: 1.2.0-1
Space: 104328
Status: attempted
Version: 1.2.0-1clang1
────────────────────────────────────────────────────────────────────────────────
Finished at 20130715-1736
Build needed 00:01:40, 104328k disc space
DC-Status: Failed 101.13813026s
DC-Time-Estimation: 101.13813026 versus expected 1343 (r/m: 12.278869171770271 ; m: 101.13813026)
