DC-Build-Header: libofx 1:0.9.10-2 / 2017-07-06 19:56:14 +0000
DC-Task: type:rebuild-binarch-only source:libofx version:1:0.9.10-2 chroot:unstable esttime:389 logfile:/tmp/libofx_0.9.10-2_unstable_clang5.0.log modes:clang50:binarch-only
DC-Sbuild-call: su user42 -c 'sbuild -n --arch-any --apt-update -d unstable -v  --chroot-setup-commands=/tmp/clang50 libofx_1:0.9.10-2'
sbuild (Debian sbuild) 0.73.0 (23 Dec 2016) on ip-172-31-44-121.eu-central-1.compute.internal

+==============================================================================+
| libofx 1:0.9.10-2 (amd64)                    Thu, 06 Jul 2017 19:56:14 +0000 |
+==============================================================================+

Package: libofx
Version: 1:0.9.10-2
Source Version: 1:0.9.10-2
Distribution: unstable
Machine Architecture: amd64
Host Architecture: amd64
Build Architecture: amd64
Build Type: any

I: NOTICE: Log filtering will replace 'var/run/schroot/mount/unstable-amd64-sbuild-4a4f7bcf-02df-4aa7-9aa4-73edb0abe365' with '<<CHROOT>>'

+------------------------------------------------------------------------------+
| Chroot Setup Commands                                                        |
+------------------------------------------------------------------------------+


/tmp/clang50
------------

+ echo 'Entering customization script...'
Entering customization script...
+ CLANG_VERSION=5.0
+ echo 'Install of clang-5.0'
Install of clang-5.0
+ apt-get update
Hit:1 http://127.0.0.1:9999/debian unstable InRelease
Get:2 http://127.0.0.1:9999/debian unstable/main Translation-en [5730 kB]
Fetched 5730 kB in 1s (3844 kB/s)
Reading package lists...
+ apt-get install --yes --no-install-recommends --force-yes clang-5.0
Reading package lists...
Building dependency tree...
Reading state information...
The following additional packages will be installed:
  lib32gcc1 lib32stdc++6 libbsd0 libc6-i386 libclang-common-5.0-dev
  libclang1-5.0 libedit2 libjsoncpp1 libllvm5.0 libncurses5 libobjc-6-dev
  libobjc4
Suggested packages:
  gnustep gnustep-devel clang-5.0-doc libomp-dev
Recommended packages:
  llvm-5.0-dev python libgpm2
The following NEW packages will be installed:
  clang-5.0 lib32gcc1 lib32stdc++6 libbsd0 libc6-i386 libclang-common-5.0-dev
  libclang1-5.0 libedit2 libjsoncpp1 libllvm5.0 libncurses5 libobjc-6-dev
  libobjc4
0 upgraded, 13 newly installed, 0 to remove and 0 not upgraded.
Need to get 87.0 MB of archives.
After this operation, 374 MB of additional disk space will be used.
Get:1 http://127.0.0.1:9999/debian unstable/main amd64 libbsd0 amd64 0.8.5-1 [89.6 kB]
Get:2 http://127.0.0.1:9999/debian unstable/main amd64 libncurses5 amd64 6.0+20161126-1 [93.4 kB]
Get:3 http://127.0.0.1:9999/debian unstable/main amd64 libedit2 amd64 3.1-20170329-1 [85.2 kB]
Get:4 http://127.0.0.1:9999/debian unstable/main amd64 libllvm5.0 amd64 1:5.0~svn305653-1 [13.4 MB]
Get:5 http://127.0.0.1:9999/debian unstable/main amd64 libclang1-5.0 amd64 1:5.0~svn305653-1 [6647 kB]
Get:6 http://127.0.0.1:9999/debian unstable/main amd64 libjsoncpp1 amd64 1.7.4-3 [75.6 kB]
Get:7 http://127.0.0.1:9999/debian unstable/main amd64 libobjc4 amd64 7.1.0-9 [51.0 kB]
Get:8 http://127.0.0.1:9999/debian unstable/main amd64 libobjc-6-dev amd64 6.4.0-1 [197 kB]
Get:9 http://127.0.0.1:9999/debian unstable/main amd64 libc6-i386 amd64 2.24-12 [2597 kB]
Get:10 http://127.0.0.1:9999/debian unstable/main amd64 lib32gcc1 amd64 1:7.1.0-9 [46.8 kB]
Get:11 http://127.0.0.1:9999/debian unstable/main amd64 lib32stdc++6 amd64 7.1.0-9 [411 kB]
Get:12 http://127.0.0.1:9999/debian unstable/main amd64 libclang-common-5.0-dev amd64 1:5.0~svn305653-1 [2856 kB]
Get:13 http://127.0.0.1:9999/debian unstable/main amd64 clang-5.0 amd64 1:5.0~svn305653-1 [60.5 MB]
debconf: delaying package configuration, since apt-utils is not installed
Fetched 87.0 MB in 0s (97.1 MB/s)
Selecting previously unselected package libbsd0:amd64.
(Reading database ... (Reading database ... 5%(Reading database ... 10%(Reading database ... 15%(Reading database ... 20%(Reading database ... 25%(Reading database ... 30%(Reading database ... 35%(Reading database ... 40%(Reading database ... 45%(Reading database ... 50%(Reading database ... 55%(Reading database ... 60%(Reading database ... 65%(Reading database ... 70%(Reading database ... 75%(Reading database ... 80%(Reading database ... 85%(Reading database ... 90%(Reading database ... 95%(Reading database ... 100%(Reading database ... 9711 files and directories currently installed.)
Preparing to unpack .../00-libbsd0_0.8.5-1_amd64.deb ...
Unpacking libbsd0:amd64 (0.8.5-1) ...
Selecting previously unselected package libncurses5:amd64.
Preparing to unpack .../01-libncurses5_6.0+20161126-1_amd64.deb ...
Unpacking libncurses5:amd64 (6.0+20161126-1) ...
Selecting previously unselected package libedit2:amd64.
Preparing to unpack .../02-libedit2_3.1-20170329-1_amd64.deb ...
Unpacking libedit2:amd64 (3.1-20170329-1) ...
Selecting previously unselected package libllvm5.0:amd64.
Preparing to unpack .../03-libllvm5.0_1%3a5.0~svn305653-1_amd64.deb ...
Unpacking libllvm5.0:amd64 (1:5.0~svn305653-1) ...
Selecting previously unselected package libclang1-5.0:amd64.
Preparing to unpack .../04-libclang1-5.0_1%3a5.0~svn305653-1_amd64.deb ...
Unpacking libclang1-5.0:amd64 (1:5.0~svn305653-1) ...
Selecting previously unselected package libjsoncpp1:amd64.
Preparing to unpack .../05-libjsoncpp1_1.7.4-3_amd64.deb ...
Unpacking libjsoncpp1:amd64 (1.7.4-3) ...
Selecting previously unselected package libobjc4:amd64.
Preparing to unpack .../06-libobjc4_7.1.0-9_amd64.deb ...
Unpacking libobjc4:amd64 (7.1.0-9) ...
Selecting previously unselected package libobjc-6-dev:amd64.
Preparing to unpack .../07-libobjc-6-dev_6.4.0-1_amd64.deb ...
Unpacking libobjc-6-dev:amd64 (6.4.0-1) ...
Selecting previously unselected package libc6-i386.
Preparing to unpack .../08-libc6-i386_2.24-12_amd64.deb ...
Unpacking libc6-i386 (2.24-12) ...
Selecting previously unselected package lib32gcc1.
Preparing to unpack .../09-lib32gcc1_1%3a7.1.0-9_amd64.deb ...
Unpacking lib32gcc1 (1:7.1.0-9) ...
Selecting previously unselected package lib32stdc++6.
Preparing to unpack .../10-lib32stdc++6_7.1.0-9_amd64.deb ...
Unpacking lib32stdc++6 (7.1.0-9) ...
Selecting previously unselected package libclang-common-5.0-dev.
Preparing to unpack .../11-libclang-common-5.0-dev_1%3a5.0~svn305653-1_amd64.deb ...
Unpacking libclang-common-5.0-dev (1:5.0~svn305653-1) ...
Selecting previously unselected package clang-5.0.
Preparing to unpack .../12-clang-5.0_1%3a5.0~svn305653-1_amd64.deb ...
Unpacking clang-5.0 (1:5.0~svn305653-1) ...
Setting up libncurses5:amd64 (6.0+20161126-1) ...
Setting up libobjc4:amd64 (7.1.0-9) ...
Setting up libc6-i386 (2.24-12) ...
Setting up libbsd0:amd64 (0.8.5-1) ...
Processing triggers for libc-bin (2.24-12) ...
Setting up libobjc-6-dev:amd64 (6.4.0-1) ...
Setting up lib32gcc1 (1:7.1.0-9) ...
Setting up libjsoncpp1:amd64 (1.7.4-3) ...
Setting up libedit2:amd64 (3.1-20170329-1) ...
Setting up libllvm5.0:amd64 (1:5.0~svn305653-1) ...
Setting up libclang1-5.0:amd64 (1:5.0~svn305653-1) ...
Setting up lib32stdc++6 (7.1.0-9) ...
Setting up libclang-common-5.0-dev (1:5.0~svn305653-1) ...
Setting up clang-5.0 (1:5.0~svn305653-1) ...
Processing triggers for libc-bin (2.24-12) ...
W: --force-yes is deprecated, use one of the options starting with --allow instead.
+ echo 'Replace gcc, g++ & cpp by clang'
Replace gcc, g++ & cpp by clang
+ VERSIONS='4.6 4.7 4.8 4.9 5 6 7'
+ cd /usr/bin
+ for VERSION in $VERSIONS
+ rm -f g++-4.6 gcc-4.6 cpp-4.6 gcc
+ ln -s clang++-5.0 g++-4.6
+ ln -s clang-5.0 gcc-4.6
+ ln -s clang-5.0 cpp-4.6
+ ln -s clang-5.0 gcc
+ echo 'gcc-4.6 hold'
+ dpkg --set-selections
dpkg: warning: package not in status nor available database at line 1: gcc-4.6
dpkg: warning: found unknown packages; this might mean the available database
is outdated, and needs to be updated through a frontend method;
please see the FAQ <https://wiki.debian.org/Teams/Dpkg/FAQ>
+ echo 'g++-4.6 hold'
+ dpkg --set-selections
dpkg: warning: package not in status nor available database at line 1: g++-4.6
dpkg: warning: found unknown packages; this might mean the available database
is outdated, and needs to be updated through a frontend method;
please see the FAQ <https://wiki.debian.org/Teams/Dpkg/FAQ>
+ for VERSION in $VERSIONS
+ rm -f g++-4.7 gcc-4.7 cpp-4.7 gcc
+ ln -s clang++-5.0 g++-4.7
+ ln -s clang-5.0 gcc-4.7
+ ln -s clang-5.0 cpp-4.7
+ ln -s clang-5.0 gcc
+ echo 'gcc-4.7 hold'
+ dpkg --set-selections
dpkg: warning: package not in status nor available database at line 1: gcc-4.7
dpkg: warning: found unknown packages; this might mean the available database
is outdated, and needs to be updated through a frontend method;
please see the FAQ <https://wiki.debian.org/Teams/Dpkg/FAQ>
+ echo 'g++-4.7 hold'
+ dpkg --set-selections
dpkg: warning: package not in status nor available database at line 1: g++-4.7
dpkg: warning: found unknown packages; this might mean the available database
is outdated, and needs to be updated through a frontend method;
please see the FAQ <https://wiki.debian.org/Teams/Dpkg/FAQ>
+ for VERSION in $VERSIONS
+ rm -f g++-4.8 gcc-4.8 cpp-4.8 gcc
+ ln -s clang++-5.0 g++-4.8
+ ln -s clang-5.0 gcc-4.8
+ ln -s clang-5.0 cpp-4.8
+ ln -s clang-5.0 gcc
+ echo 'gcc-4.8 hold'
+ dpkg --set-selections
dpkg: warning: package not in status nor available database at line 1: gcc-4.8
dpkg: warning: found unknown packages; this might mean the available database
is outdated, and needs to be updated through a frontend method;
please see the FAQ <https://wiki.debian.org/Teams/Dpkg/FAQ>
+ echo 'g++-4.8 hold'
+ dpkg --set-selections
dpkg: warning: package not in status nor available database at line 1: g++-4.8
dpkg: warning: found unknown packages; this might mean the available database
is outdated, and needs to be updated through a frontend method;
please see the FAQ <https://wiki.debian.org/Teams/Dpkg/FAQ>
+ for VERSION in $VERSIONS
+ rm -f g++-4.9 gcc-4.9 cpp-4.9 gcc
+ ln -s clang++-5.0 g++-4.9
+ ln -s clang-5.0 gcc-4.9
+ ln -s clang-5.0 cpp-4.9
+ ln -s clang-5.0 gcc
+ echo 'gcc-4.9 hold'
+ dpkg --set-selections
dpkg: warning: package not in status nor available database at line 1: gcc-4.9
dpkg: warning: found unknown packages; this might mean the available database
is outdated, and needs to be updated through a frontend method;
please see the FAQ <https://wiki.debian.org/Teams/Dpkg/FAQ>
+ echo 'g++-4.9 hold'
+ dpkg --set-selections
dpkg: warning: package not in status nor available database at line 1: g++-4.9
dpkg: warning: found unknown packages; this might mean the available database
is outdated, and needs to be updated through a frontend method;
please see the FAQ <https://wiki.debian.org/Teams/Dpkg/FAQ>
+ for VERSION in $VERSIONS
+ rm -f g++-5 gcc-5 cpp-5 gcc
+ ln -s clang++-5.0 g++-5
+ ln -s clang-5.0 gcc-5
+ ln -s clang-5.0 cpp-5
+ ln -s clang-5.0 gcc
+ echo 'gcc-5 hold'
+ dpkg --set-selections
+ echo 'g++-5 hold'
+ dpkg --set-selections
+ for VERSION in $VERSIONS
+ rm -f g++-6 gcc-6 cpp-6 gcc
+ ln -s clang++-5.0 g++-6
+ ln -s clang-5.0 gcc-6
+ ln -s clang-5.0 cpp-6
+ ln -s clang-5.0 gcc
+ echo 'gcc-6 hold'
+ dpkg --set-selections
+ echo 'g++-6 hold'
+ dpkg --set-selections
+ for VERSION in $VERSIONS
+ rm -f g++-7 gcc-7 cpp-7 gcc
+ ln -s clang++-5.0 g++-7
+ ln -s clang-5.0 gcc-7
+ ln -s clang-5.0 cpp-7
+ ln -s clang-5.0 gcc
+ echo 'gcc-7 hold'
+ dpkg --set-selections
dpkg: warning: package not in status nor available database at line 1: gcc-7
dpkg: warning: found unknown packages; this might mean the available database
is outdated, and needs to be updated through a frontend method;
please see the FAQ <https://wiki.debian.org/Teams/Dpkg/FAQ>
+ echo 'g++-7 hold'
+ dpkg --set-selections
dpkg: warning: package not in status nor available database at line 1: g++-7
dpkg: warning: found unknown packages; this might mean the available database
is outdated, and needs to be updated through a frontend method;
please see the FAQ <https://wiki.debian.org/Teams/Dpkg/FAQ>
+ cd -
/build/libofx-k8iwoB
+ echo 'Check if gcc, g++ & cpp are actually clang'
Check if gcc, g++ & cpp are actually clang
+ gcc --version
+ grep clang
+ cpp --version
+ grep clang
+ g++ --version
+ grep clang

I: Finished running '/tmp/clang50'.

Finished processing commands.
--------------------------------------------------------------------------------

+------------------------------------------------------------------------------+
| Update chroot                                                                |
+------------------------------------------------------------------------------+

Hit:1 http://127.0.0.1:9999/debian unstable InRelease
Reading package lists...
Reading package lists...
Building dependency tree...
Reading state information...
Calculating upgrade...
0 upgraded, 0 newly installed, 0 to remove and 0 not upgraded.

+------------------------------------------------------------------------------+
| Fetch source files                                                           |
+------------------------------------------------------------------------------+


Check APT
---------

Checking available source versions...

Download source files with APT
------------------------------

Reading package lists...
NOTICE: 'libofx' packaging is maintained in the 'Git' version control system at:
https://anonscm.debian.org/git/pkg-gnucash/libofx.git
Please use:
git clone https://anonscm.debian.org/git/pkg-gnucash/libofx.git
to retrieve the latest (possibly unreleased) updates to the package.
Need to get 1482 kB of source archives.
Get:1 http://127.0.0.1:9999/debian unstable/main libofx 1:0.9.10-2 (dsc) [2093 B]
Get:2 http://127.0.0.1:9999/debian unstable/main libofx 1:0.9.10-2 (tar) [1434 kB]
Get:3 http://127.0.0.1:9999/debian unstable/main libofx 1:0.9.10-2 (diff) [46.0 kB]
Fetched 1482 kB in 0s (6543 kB/s)
Download complete and in download only mode
I: NOTICE: Log filtering will replace 'build/libofx-k8iwoB/libofx-0.9.10' with '<<PKGBUILDDIR>>'
I: NOTICE: Log filtering will replace 'build/libofx-k8iwoB' with '<<BUILDDIR>>'

+------------------------------------------------------------------------------+
| Install build-essential                                                      |
+------------------------------------------------------------------------------+


Setup apt archive
-----------------

Merged Build-Depends: build-essential, fakeroot
Filtered Build-Depends: build-essential, fakeroot
dpkg-deb: building package 'sbuild-build-depends-core-dummy' in '/<<BUILDDIR>>/resolver-ikZaLm/apt_archive/sbuild-build-depends-core-dummy.deb'.
dpkg-scanpackages: warning: Packages in archive but missing from override file:
dpkg-scanpackages: warning:   sbuild-build-depends-core-dummy
dpkg-scanpackages: info: Wrote 1 entries to output Packages file.
Ign:1 copy:/<<BUILDDIR>>/resolver-ikZaLm/apt_archive ./ InRelease
Get:2 copy:/<<BUILDDIR>>/resolver-ikZaLm/apt_archive ./ Release [957 B]
Ign:3 copy:/<<BUILDDIR>>/resolver-ikZaLm/apt_archive ./ Release.gpg
Get:4 copy:/<<BUILDDIR>>/resolver-ikZaLm/apt_archive ./ Sources [349 B]
Get:5 copy:/<<BUILDDIR>>/resolver-ikZaLm/apt_archive ./ Packages [432 B]
Fetched 1738 B in 0s (0 B/s)
Reading package lists...
Reading package lists...

Install core build dependencies (apt-based resolver)
----------------------------------------------------

Installing build dependencies
Reading package lists...
Building dependency tree...
Reading state information...
The following NEW packages will be installed:
  sbuild-build-depends-core-dummy
0 upgraded, 1 newly installed, 0 to remove and 0 not upgraded.
Need to get 782 B of archives.
After this operation, 0 B of additional disk space will be used.
Get:1 copy:/<<BUILDDIR>>/resolver-ikZaLm/apt_archive ./ sbuild-build-depends-core-dummy 0.invalid.0 [782 B]
debconf: delaying package configuration, since apt-utils is not installed
Fetched 782 B in 0s (0 B/s)
Selecting previously unselected package sbuild-build-depends-core-dummy.
(Reading database ... 10611 files and directories currently installed.)
Preparing to unpack .../sbuild-build-depends-core-dummy_0.invalid.0_amd64.deb ...
Unpacking sbuild-build-depends-core-dummy (0.invalid.0) ...
Setting up sbuild-build-depends-core-dummy (0.invalid.0) ...

+------------------------------------------------------------------------------+
| Check architectures                                                          |
+------------------------------------------------------------------------------+

Arch check ok (amd64 included in any all)

+------------------------------------------------------------------------------+
| Install package build dependencies                                           |
+------------------------------------------------------------------------------+


Setup apt archive
-----------------

Merged Build-Depends: curl, debhelper (>= 10), gengetopt, help2man, libcurl4-gnutls-dev, libosp-dev, libxml++2.6-dev, perl
Filtered Build-Depends: curl, debhelper (>= 10), gengetopt, help2man, libcurl4-gnutls-dev, libosp-dev, libxml++2.6-dev, perl
dpkg-deb: building package 'sbuild-build-depends-libofx-dummy' in '/<<BUILDDIR>>/resolver-ikZaLm/apt_archive/sbuild-build-depends-libofx-dummy.deb'.
dpkg-scanpackages: warning: Packages in archive but missing from override file:
dpkg-scanpackages: warning:   sbuild-build-depends-core-dummy sbuild-build-depends-libofx-dummy
dpkg-scanpackages: info: Wrote 2 entries to output Packages file.
Ign:1 copy:/<<BUILDDIR>>/resolver-ikZaLm/apt_archive ./ InRelease
Get:2 copy:/<<BUILDDIR>>/resolver-ikZaLm/apt_archive ./ Release [963 B]
Ign:3 copy:/<<BUILDDIR>>/resolver-ikZaLm/apt_archive ./ Release.gpg
Get:4 copy:/<<BUILDDIR>>/resolver-ikZaLm/apt_archive ./ Sources [535 B]
Get:5 copy:/<<BUILDDIR>>/resolver-ikZaLm/apt_archive ./ Packages [615 B]
Fetched 2113 B in 0s (0 B/s)
Reading package lists...
Reading package lists...

Install libofx build dependencies (apt-based resolver)
------------------------------------------------------

Installing build dependencies
Reading package lists...
Building dependency tree...
Reading state information...
The following additional packages will be installed:
  autoconf automake autopoint autotools-dev bsdmainutils curl debhelper
  dh-autoreconf dh-python dh-strip-nondeterminism file gengetopt gettext
  gettext-base groff-base help2man icu-devtools intltool-debian
  libarchive-zip-perl libcroco3 libcurl3 libcurl3-gnutls libcurl4-gnutls-dev
  libelf1 libexpat1 libfile-stripnondeterminism-perl libglib2.0-0
  libglib2.0-bin libglib2.0-data libglib2.0-dev libglibmm-2.4-1v5
  libglibmm-2.4-dev libgssapi-krb5-2 libicu-dev libicu57 libk5crypto3
  libkeyutils1 libkrb5-3 libkrb5support0 libldap-2.4-2 libldap-common
  liblocale-gettext-perl libmagic-mgc libmagic1 libmpdec2 libnghttp2-14
  libosp-dev libosp5 libpcre16-3 libpcre3-dev libpcre32-3 libpcrecpp0v5
  libpipeline1 libpsl5 libpython3-stdlib libpython3.5-minimal
  libpython3.5-stdlib libreadline7 librtmp1 libsasl2-2 libsasl2-modules-db
  libsigc++-2.0-0v5 libsigc++-2.0-dev libsigsegv2 libsqlite3-0 libssh2-1
  libssl1.0.2 libssl1.1 libtimedate-perl libtool libxml++2.6-2v5
  libxml++2.6-dev libxml2 libxml2-dev m4 man-db mime-support opensp pkg-config
  po-debconf python3 python3-minimal python3.5 python3.5-minimal
  readline-common sgml-base zlib1g-dev
Suggested packages:
  autoconf-archive gnu-standards autoconf-doc wamerican | wordlist whois
  vacation dh-make gettext-doc libasprintf-dev libgettextpo-dev groff
  libcurl4-doc libcurl3-dbg libgnutls28-dev libidn11-dev libkrb5-dev
  libldap2-dev librtmp-dev libssh2-1-dev libglib2.0-doc libglibmm-2.4-doc
  libgtkmm-3.0-dev krb5-doc krb5-user icu-doc libsigc++-2.0-doc libtool-doc
  gfortran | fortran95-compiler gcj-jdk libxml++2.6-doc m4-doc less
  www-browser doc-base sgml-data libmail-box-perl python3-doc python3-tk
  python3-venv python3.5-venv python3.5-doc binfmt-support readline-doc
  sgml-base-doc
Recommended packages:
  ca-certificates libarchive-cpio-perl shared-mime-info xdg-user-dirs
  krb5-locales publicsuffix libsasl2-modules libltdl-dev xml-core
  libmail-sendmail-perl
The following NEW packages will be installed:
  autoconf automake autopoint autotools-dev bsdmainutils curl debhelper
  dh-autoreconf dh-python dh-strip-nondeterminism file gengetopt gettext
  gettext-base groff-base help2man icu-devtools intltool-debian
  libarchive-zip-perl libcroco3 libcurl3 libcurl3-gnutls libcurl4-gnutls-dev
  libelf1 libexpat1 libfile-stripnondeterminism-perl libglib2.0-0
  libglib2.0-bin libglib2.0-data libglib2.0-dev libglibmm-2.4-1v5
  libglibmm-2.4-dev libgssapi-krb5-2 libicu-dev libicu57 libk5crypto3
  libkeyutils1 libkrb5-3 libkrb5support0 libldap-2.4-2 libldap-common
  liblocale-gettext-perl libmagic-mgc libmagic1 libmpdec2 libnghttp2-14
  libosp-dev libosp5 libpcre16-3 libpcre3-dev libpcre32-3 libpcrecpp0v5
  libpipeline1 libpsl5 libpython3-stdlib libpython3.5-minimal
  libpython3.5-stdlib libreadline7 librtmp1 libsasl2-2 libsasl2-modules-db
  libsigc++-2.0-0v5 libsigc++-2.0-dev libsigsegv2 libsqlite3-0 libssh2-1
  libssl1.0.2 libssl1.1 libtimedate-perl libtool libxml++2.6-2v5
  libxml++2.6-dev libxml2 libxml2-dev m4 man-db mime-support opensp pkg-config
  po-debconf python3 python3-minimal python3.5 python3.5-minimal
  readline-common sbuild-build-depends-libofx-dummy sgml-base zlib1g-dev
0 upgraded, 88 newly installed, 0 to remove and 0 not upgraded.
Need to get 61.4 MB of archives.
After this operation, 250 MB of additional disk space will be used.
Get:1 copy:/<<BUILDDIR>>/resolver-ikZaLm/apt_archive ./ sbuild-build-depends-libofx-dummy 0.invalid.0 [828 B]
Get:2 http://127.0.0.1:9999/debian unstable/main amd64 groff-base amd64 1.22.3-9 [1160 kB]
Get:3 http://127.0.0.1:9999/debian unstable/main amd64 bsdmainutils amd64 9.0.12+nmu1 [186 kB]
Get:4 http://127.0.0.1:9999/debian unstable/main amd64 libpipeline1 amd64 1.4.1-2 [27.6 kB]
Get:5 http://127.0.0.1:9999/debian unstable/main amd64 man-db amd64 2.7.6.1-2 [1044 kB]
Get:6 http://127.0.0.1:9999/debian unstable/main amd64 liblocale-gettext-perl amd64 1.07-3+b1 [18.7 kB]
Get:7 http://127.0.0.1:9999/debian unstable/main amd64 libpcrecpp0v5 amd64 2:8.39-3 [151 kB]
Get:8 http://127.0.0.1:9999/debian unstable/main amd64 libssl1.1 amd64 1.1.0f-3 [1342 kB]
Get:9 http://127.0.0.1:9999/debian unstable/main amd64 libpython3.5-minimal amd64 3.5.3-3 [577 kB]
Get:10 http://127.0.0.1:9999/debian unstable/main amd64 libexpat1 amd64 2.2.1-3 [85.6 kB]
Get:11 http://127.0.0.1:9999/debian unstable/main amd64 python3.5-minimal amd64 3.5.3-3 [1695 kB]
Get:12 http://127.0.0.1:9999/debian unstable/main amd64 python3-minimal amd64 3.5.3-3 [35.4 kB]
Get:13 http://127.0.0.1:9999/debian unstable/main amd64 mime-support all 3.60 [36.7 kB]
Get:14 http://127.0.0.1:9999/debian unstable/main amd64 libmpdec2 amd64 2.4.2-1 [85.2 kB]
Get:15 http://127.0.0.1:9999/debian unstable/main amd64 readline-common all 7.0-3 [70.4 kB]
Get:16 http://127.0.0.1:9999/debian unstable/main amd64 libreadline7 amd64 7.0-3 [151 kB]
Get:17 http://127.0.0.1:9999/debian unstable/main amd64 libsqlite3-0 amd64 3.16.2-5 [572 kB]
Get:18 http://127.0.0.1:9999/debian unstable/main amd64 libpython3.5-stdlib amd64 3.5.3-3 [2170 kB]
Get:19 http://127.0.0.1:9999/debian unstable/main amd64 python3.5 amd64 3.5.3-3 [237 kB]
Get:20 http://127.0.0.1:9999/debian unstable/main amd64 libpython3-stdlib amd64 3.5.3-3 [18.8 kB]
Get:21 http://127.0.0.1:9999/debian unstable/main amd64 dh-python all 2.20170125 [86.8 kB]
Get:22 http://127.0.0.1:9999/debian unstable/main amd64 python3 amd64 3.5.3-3 [21.8 kB]
Get:23 http://127.0.0.1:9999/debian unstable/main amd64 sgml-base all 1.29 [14.8 kB]
Get:24 http://127.0.0.1:9999/debian unstable/main amd64 libssl1.0.2 amd64 1.0.2l-2 [1294 kB]
Get:25 http://127.0.0.1:9999/debian unstable/main amd64 libmagic-mgc amd64 1:5.30-1 [222 kB]
Get:26 http://127.0.0.1:9999/debian unstable/main amd64 libmagic1 amd64 1:5.30-1 [111 kB]
Get:27 http://127.0.0.1:9999/debian unstable/main amd64 file amd64 1:5.30-1 [63.9 kB]
Get:28 http://127.0.0.1:9999/debian unstable/main amd64 gettext-base amd64 0.19.8.1-2+b1 [122 kB]
Get:29 http://127.0.0.1:9999/debian unstable/main amd64 libkeyutils1 amd64 1.5.9-9 [12.4 kB]
Get:30 http://127.0.0.1:9999/debian unstable/main amd64 libkrb5support0 amd64 1.15-1 [61.7 kB]
Get:31 http://127.0.0.1:9999/debian unstable/main amd64 libk5crypto3 amd64 1.15-1 [119 kB]
Get:32 http://127.0.0.1:9999/debian unstable/main amd64 libkrb5-3 amd64 1.15-1 [311 kB]
Get:33 http://127.0.0.1:9999/debian unstable/main amd64 libgssapi-krb5-2 amd64 1.15-1 [154 kB]
Get:34 http://127.0.0.1:9999/debian unstable/main amd64 libsasl2-modules-db amd64 2.1.27~101-g0780600+dfsg-3 [68.2 kB]
Get:35 http://127.0.0.1:9999/debian unstable/main amd64 libsasl2-2 amd64 2.1.27~101-g0780600+dfsg-3 [105 kB]
Get:36 http://127.0.0.1:9999/debian unstable/main amd64 libldap-common all 2.4.44+dfsg-7 [85.2 kB]
Get:37 http://127.0.0.1:9999/debian unstable/main amd64 libldap-2.4-2 amd64 2.4.44+dfsg-7 [219 kB]
Get:38 http://127.0.0.1:9999/debian unstable/main amd64 libicu57 amd64 57.1-6 [7701 kB]
Get:39 http://127.0.0.1:9999/debian unstable/main amd64 libxml2 amd64 2.9.4+dfsg1-3 [715 kB]
Get:40 http://127.0.0.1:9999/debian unstable/main amd64 libsigsegv2 amd64 2.11-1 [29.9 kB]
Get:41 http://127.0.0.1:9999/debian unstable/main amd64 m4 amd64 1.4.18-1 [202 kB]
Get:42 http://127.0.0.1:9999/debian unstable/main amd64 autoconf all 2.69-10 [338 kB]
Get:43 http://127.0.0.1:9999/debian unstable/main amd64 autotools-dev all 20161112.1 [73.4 kB]
Get:44 http://127.0.0.1:9999/debian unstable/main amd64 automake all 1:1.15.1-2 [736 kB]
Get:45 http://127.0.0.1:9999/debian unstable/main amd64 autopoint all 0.19.8.1-2 [433 kB]
Get:46 http://127.0.0.1:9999/debian unstable/main amd64 libnghttp2-14 amd64 1.24.0-1 [81.6 kB]
Get:47 http://127.0.0.1:9999/debian unstable/main amd64 libpsl5 amd64 0.17.0-4+b1 [43.0 kB]
Get:48 http://127.0.0.1:9999/debian unstable/main amd64 librtmp1 amd64 2.4+20151223.gitfa8646d.1-1+b1 [60.4 kB]
Get:49 http://127.0.0.1:9999/debian unstable/main amd64 libssh2-1 amd64 1.8.0-1 [138 kB]
Get:50 http://127.0.0.1:9999/debian unstable/main amd64 libcurl3 amd64 7.52.1-5 [291 kB]
Get:51 http://127.0.0.1:9999/debian unstable/main amd64 curl amd64 7.52.1-5 [227 kB]
Get:52 http://127.0.0.1:9999/debian unstable/main amd64 libtool all 2.4.6-2 [545 kB]
Get:53 http://127.0.0.1:9999/debian unstable/main amd64 dh-autoreconf all 14 [15.9 kB]
Get:54 http://127.0.0.1:9999/debian unstable/main amd64 libarchive-zip-perl all 1.59-1 [95.5 kB]
Get:55 http://127.0.0.1:9999/debian unstable/main amd64 libfile-stripnondeterminism-perl all 0.035-2 [17.0 kB]
Get:56 http://127.0.0.1:9999/debian unstable/main amd64 libtimedate-perl all 2.3000-2 [42.2 kB]
Get:57 http://127.0.0.1:9999/debian unstable/main amd64 dh-strip-nondeterminism all 0.035-2 [10.7 kB]
Get:58 http://127.0.0.1:9999/debian unstable/main amd64 libglib2.0-0 amd64 2.52.3-1 [2742 kB]
Get:59 http://127.0.0.1:9999/debian unstable/main amd64 libcroco3 amd64 0.6.12-1 [144 kB]
Get:60 http://127.0.0.1:9999/debian unstable/main amd64 gettext amd64 0.19.8.1-2+b1 [1301 kB]
Get:61 http://127.0.0.1:9999/debian unstable/main amd64 intltool-debian all 0.35.0+20060710.4 [26.3 kB]
Get:62 http://127.0.0.1:9999/debian unstable/main amd64 po-debconf all 1.0.20 [247 kB]
Get:63 http://127.0.0.1:9999/debian unstable/main amd64 debhelper all 10.6.2 [968 kB]
Get:64 http://127.0.0.1:9999/debian unstable/main amd64 gengetopt amd64 2.22.6+dfsg0-1+b3 [178 kB]
Get:65 http://127.0.0.1:9999/debian unstable/main amd64 help2man amd64 1.47.4 [162 kB]
Get:66 http://127.0.0.1:9999/debian unstable/main amd64 icu-devtools amd64 57.1-6 [178 kB]
Get:67 http://127.0.0.1:9999/debian unstable/main amd64 libcurl3-gnutls amd64 7.52.1-5 [289 kB]
Get:68 http://127.0.0.1:9999/debian unstable/main amd64 libcurl4-gnutls-dev amd64 7.52.1-5 [371 kB]
Get:69 http://127.0.0.1:9999/debian unstable/main amd64 libelf1 amd64 0.168-1 [157 kB]
Get:70 http://127.0.0.1:9999/debian unstable/main amd64 libglib2.0-data all 2.52.3-1 [2577 kB]
Get:71 http://127.0.0.1:9999/debian unstable/main amd64 libglib2.0-bin amd64 2.52.3-1 [1658 kB]
Get:72 http://127.0.0.1:9999/debian unstable/main amd64 libpcre16-3 amd64 2:8.39-3 [258 kB]
Get:73 http://127.0.0.1:9999/debian unstable/main amd64 libpcre32-3 amd64 2:8.39-3 [248 kB]
Get:74 http://127.0.0.1:9999/debian unstable/main amd64 libpcre3-dev amd64 2:8.39-3 [647 kB]
Get:75 http://127.0.0.1:9999/debian unstable/main amd64 pkg-config amd64 0.29-4+b1 [63.3 kB]
Get:76 http://127.0.0.1:9999/debian unstable/main amd64 zlib1g-dev amd64 1:1.2.8.dfsg-5 [205 kB]
Get:77 http://127.0.0.1:9999/debian unstable/main amd64 libglib2.0-dev amd64 2.52.3-1 [3037 kB]
Get:78 http://127.0.0.1:9999/debian unstable/main amd64 libsigc++-2.0-0v5 amd64 2.10.0-1 [61.1 kB]
Get:79 http://127.0.0.1:9999/debian unstable/main amd64 libglibmm-2.4-1v5 amd64 2.50.1-1 [670 kB]
Get:80 http://127.0.0.1:9999/debian unstable/main amd64 libsigc++-2.0-dev amd64 2.10.0-1 [115 kB]
Get:81 http://127.0.0.1:9999/debian unstable/main amd64 libglibmm-2.4-dev amd64 2.50.1-1 [615 kB]
Get:82 http://127.0.0.1:9999/debian unstable/main amd64 libicu-dev amd64 57.1-6 [16.5 MB]
Get:83 http://127.0.0.1:9999/debian unstable/main amd64 libosp5 amd64 1.5.2-13+b1 [948 kB]
Get:84 http://127.0.0.1:9999/debian unstable/main amd64 opensp amd64 1.5.2-13+b1 [449 kB]
Get:85 http://127.0.0.1:9999/debian unstable/main amd64 libosp-dev amd64 1.5.2-13+b1 [1047 kB]
Get:86 http://127.0.0.1:9999/debian unstable/main amd64 libxml++2.6-2v5 amd64 2.40.1-1 [93.8 kB]
Get:87 http://127.0.0.1:9999/debian unstable/main amd64 libxml2-dev amd64 2.9.4+dfsg1-3 [812 kB]
Get:88 http://127.0.0.1:9999/debian unstable/main amd64 libxml++2.6-dev amd64 2.40.1-1 [116 kB]
debconf: delaying package configuration, since apt-utils is not installed
Fetched 61.4 MB in 0s (80.2 MB/s)
Selecting previously unselected package groff-base.
(Reading database ... 10611 files and directories currently installed.)
Preparing to unpack .../00-groff-base_1.22.3-9_amd64.deb ...
Unpacking groff-base (1.22.3-9) ...
Selecting previously unselected package bsdmainutils.
Preparing to unpack .../01-bsdmainutils_9.0.12+nmu1_amd64.deb ...
Unpacking bsdmainutils (9.0.12+nmu1) ...
Selecting previously unselected package libpipeline1:amd64.
Preparing to unpack .../02-libpipeline1_1.4.1-2_amd64.deb ...
Unpacking libpipeline1:amd64 (1.4.1-2) ...
Selecting previously unselected package man-db.
Preparing to unpack .../03-man-db_2.7.6.1-2_amd64.deb ...
Unpacking man-db (2.7.6.1-2) ...
Selecting previously unselected package liblocale-gettext-perl.
Preparing to unpack .../04-liblocale-gettext-perl_1.07-3+b1_amd64.deb ...
Unpacking liblocale-gettext-perl (1.07-3+b1) ...
Selecting previously unselected package libpcrecpp0v5:amd64.
Preparing to unpack .../05-libpcrecpp0v5_2%3a8.39-3_amd64.deb ...
Unpacking libpcrecpp0v5:amd64 (2:8.39-3) ...
Selecting previously unselected package libssl1.1:amd64.
Preparing to unpack .../06-libssl1.1_1.1.0f-3_amd64.deb ...
Unpacking libssl1.1:amd64 (1.1.0f-3) ...
Selecting previously unselected package libpython3.5-minimal:amd64.
Preparing to unpack .../07-libpython3.5-minimal_3.5.3-3_amd64.deb ...
Unpacking libpython3.5-minimal:amd64 (3.5.3-3) ...
Selecting previously unselected package libexpat1:amd64.
Preparing to unpack .../08-libexpat1_2.2.1-3_amd64.deb ...
Unpacking libexpat1:amd64 (2.2.1-3) ...
Selecting previously unselected package python3.5-minimal.
Preparing to unpack .../09-python3.5-minimal_3.5.3-3_amd64.deb ...
Unpacking python3.5-minimal (3.5.3-3) ...
Selecting previously unselected package python3-minimal.
Preparing to unpack .../10-python3-minimal_3.5.3-3_amd64.deb ...
Unpacking python3-minimal (3.5.3-3) ...
Selecting previously unselected package mime-support.
Preparing to unpack .../11-mime-support_3.60_all.deb ...
Unpacking mime-support (3.60) ...
Selecting previously unselected package libmpdec2:amd64.
Preparing to unpack .../12-libmpdec2_2.4.2-1_amd64.deb ...
Unpacking libmpdec2:amd64 (2.4.2-1) ...
Selecting previously unselected package readline-common.
Preparing to unpack .../13-readline-common_7.0-3_all.deb ...
Unpacking readline-common (7.0-3) ...
Selecting previously unselected package libreadline7:amd64.
Preparing to unpack .../14-libreadline7_7.0-3_amd64.deb ...
Unpacking libreadline7:amd64 (7.0-3) ...
Selecting previously unselected package libsqlite3-0:amd64.
Preparing to unpack .../15-libsqlite3-0_3.16.2-5_amd64.deb ...
Unpacking libsqlite3-0:amd64 (3.16.2-5) ...
Selecting previously unselected package libpython3.5-stdlib:amd64.
Preparing to unpack .../16-libpython3.5-stdlib_3.5.3-3_amd64.deb ...
Unpacking libpython3.5-stdlib:amd64 (3.5.3-3) ...
Selecting previously unselected package python3.5.
Preparing to unpack .../17-python3.5_3.5.3-3_amd64.deb ...
Unpacking python3.5 (3.5.3-3) ...
Selecting previously unselected package libpython3-stdlib:amd64.
Preparing to unpack .../18-libpython3-stdlib_3.5.3-3_amd64.deb ...
Unpacking libpython3-stdlib:amd64 (3.5.3-3) ...
Selecting previously unselected package dh-python.
Preparing to unpack .../19-dh-python_2.20170125_all.deb ...
Unpacking dh-python (2.20170125) ...
Setting up libssl1.1:amd64 (1.1.0f-3) ...
Setting up libpython3.5-minimal:amd64 (3.5.3-3) ...
Setting up libexpat1:amd64 (2.2.1-3) ...
Setting up python3.5-minimal (3.5.3-3) ...
Setting up python3-minimal (3.5.3-3) ...
Selecting previously unselected package python3.
(Reading database ... 12188 files and directories currently installed.)
Preparing to unpack .../00-python3_3.5.3-3_amd64.deb ...
Unpacking python3 (3.5.3-3) ...
Selecting previously unselected package sgml-base.
Preparing to unpack .../01-sgml-base_1.29_all.deb ...
Unpacking sgml-base (1.29) ...
Selecting previously unselected package libssl1.0.2:amd64.
Preparing to unpack .../02-libssl1.0.2_1.0.2l-2_amd64.deb ...
Unpacking libssl1.0.2:amd64 (1.0.2l-2) ...
Selecting previously unselected package libmagic-mgc.
Preparing to unpack .../03-libmagic-mgc_1%3a5.30-1_amd64.deb ...
Unpacking libmagic-mgc (1:5.30-1) ...
Selecting previously unselected package libmagic1:amd64.
Preparing to unpack .../04-libmagic1_1%3a5.30-1_amd64.deb ...
Unpacking libmagic1:amd64 (1:5.30-1) ...
Selecting previously unselected package file.
Preparing to unpack .../05-file_1%3a5.30-1_amd64.deb ...
Unpacking file (1:5.30-1) ...
Selecting previously unselected package gettext-base.
Preparing to unpack .../06-gettext-base_0.19.8.1-2+b1_amd64.deb ...
Unpacking gettext-base (0.19.8.1-2+b1) ...
Selecting previously unselected package libkeyutils1:amd64.
Preparing to unpack .../07-libkeyutils1_1.5.9-9_amd64.deb ...
Unpacking libkeyutils1:amd64 (1.5.9-9) ...
Selecting previously unselected package libkrb5support0:amd64.
Preparing to unpack .../08-libkrb5support0_1.15-1_amd64.deb ...
Unpacking libkrb5support0:amd64 (1.15-1) ...
Selecting previously unselected package libk5crypto3:amd64.
Preparing to unpack .../09-libk5crypto3_1.15-1_amd64.deb ...
Unpacking libk5crypto3:amd64 (1.15-1) ...
Selecting previously unselected package libkrb5-3:amd64.
Preparing to unpack .../10-libkrb5-3_1.15-1_amd64.deb ...
Unpacking libkrb5-3:amd64 (1.15-1) ...
Selecting previously unselected package libgssapi-krb5-2:amd64.
Preparing to unpack .../11-libgssapi-krb5-2_1.15-1_amd64.deb ...
Unpacking libgssapi-krb5-2:amd64 (1.15-1) ...
Selecting previously unselected package libsasl2-modules-db:amd64.
Preparing to unpack .../12-libsasl2-modules-db_2.1.27~101-g0780600+dfsg-3_amd64.deb ...
Unpacking libsasl2-modules-db:amd64 (2.1.27~101-g0780600+dfsg-3) ...
Selecting previously unselected package libsasl2-2:amd64.
Preparing to unpack .../13-libsasl2-2_2.1.27~101-g0780600+dfsg-3_amd64.deb ...
Unpacking libsasl2-2:amd64 (2.1.27~101-g0780600+dfsg-3) ...
Selecting previously unselected package libldap-common.
Preparing to unpack .../14-libldap-common_2.4.44+dfsg-7_all.deb ...
Unpacking libldap-common (2.4.44+dfsg-7) ...
Selecting previously unselected package libldap-2.4-2:amd64.
Preparing to unpack .../15-libldap-2.4-2_2.4.44+dfsg-7_amd64.deb ...
Unpacking libldap-2.4-2:amd64 (2.4.44+dfsg-7) ...
Selecting previously unselected package libicu57:amd64.
Preparing to unpack .../16-libicu57_57.1-6_amd64.deb ...
Unpacking libicu57:amd64 (57.1-6) ...
Selecting previously unselected package libxml2:amd64.
Preparing to unpack .../17-libxml2_2.9.4+dfsg1-3_amd64.deb ...
Unpacking libxml2:amd64 (2.9.4+dfsg1-3) ...
Selecting previously unselected package libsigsegv2:amd64.
Preparing to unpack .../18-libsigsegv2_2.11-1_amd64.deb ...
Unpacking libsigsegv2:amd64 (2.11-1) ...
Selecting previously unselected package m4.
Preparing to unpack .../19-m4_1.4.18-1_amd64.deb ...
Unpacking m4 (1.4.18-1) ...
Selecting previously unselected package autoconf.
Preparing to unpack .../20-autoconf_2.69-10_all.deb ...
Unpacking autoconf (2.69-10) ...
Selecting previously unselected package autotools-dev.
Preparing to unpack .../21-autotools-dev_20161112.1_all.deb ...
Unpacking autotools-dev (20161112.1) ...
Selecting previously unselected package automake.
Preparing to unpack .../22-automake_1%3a1.15.1-2_all.deb ...
Unpacking automake (1:1.15.1-2) ...
Selecting previously unselected package autopoint.
Preparing to unpack .../23-autopoint_0.19.8.1-2_all.deb ...
Unpacking autopoint (0.19.8.1-2) ...
Selecting previously unselected package libnghttp2-14:amd64.
Preparing to unpack .../24-libnghttp2-14_1.24.0-1_amd64.deb ...
Unpacking libnghttp2-14:amd64 (1.24.0-1) ...
Selecting previously unselected package libpsl5:amd64.
Preparing to unpack .../25-libpsl5_0.17.0-4+b1_amd64.deb ...
Unpacking libpsl5:amd64 (0.17.0-4+b1) ...
Selecting previously unselected package librtmp1:amd64.
Preparing to unpack .../26-librtmp1_2.4+20151223.gitfa8646d.1-1+b1_amd64.deb ...
Unpacking librtmp1:amd64 (2.4+20151223.gitfa8646d.1-1+b1) ...
Selecting previously unselected package libssh2-1:amd64.
Preparing to unpack .../27-libssh2-1_1.8.0-1_amd64.deb ...
Unpacking libssh2-1:amd64 (1.8.0-1) ...
Selecting previously unselected package libcurl3:amd64.
Preparing to unpack .../28-libcurl3_7.52.1-5_amd64.deb ...
Unpacking libcurl3:amd64 (7.52.1-5) ...
Selecting previously unselected package curl.
Preparing to unpack .../29-curl_7.52.1-5_amd64.deb ...
Unpacking curl (7.52.1-5) ...
Selecting previously unselected package libtool.
Preparing to unpack .../30-libtool_2.4.6-2_all.deb ...
Unpacking libtool (2.4.6-2) ...
Selecting previously unselected package dh-autoreconf.
Preparing to unpack .../31-dh-autoreconf_14_all.deb ...
Unpacking dh-autoreconf (14) ...
Selecting previously unselected package libarchive-zip-perl.
Preparing to unpack .../32-libarchive-zip-perl_1.59-1_all.deb ...
Unpacking libarchive-zip-perl (1.59-1) ...
Selecting previously unselected package libfile-stripnondeterminism-perl.
Preparing to unpack .../33-libfile-stripnondeterminism-perl_0.035-2_all.deb ...
Unpacking libfile-stripnondeterminism-perl (0.035-2) ...
Selecting previously unselected package libtimedate-perl.
Preparing to unpack .../34-libtimedate-perl_2.3000-2_all.deb ...
Unpacking libtimedate-perl (2.3000-2) ...
Selecting previously unselected package dh-strip-nondeterminism.
Preparing to unpack .../35-dh-strip-nondeterminism_0.035-2_all.deb ...
Unpacking dh-strip-nondeterminism (0.035-2) ...
Selecting previously unselected package libglib2.0-0:amd64.
Preparing to unpack .../36-libglib2.0-0_2.52.3-1_amd64.deb ...
Unpacking libglib2.0-0:amd64 (2.52.3-1) ...
Selecting previously unselected package libcroco3:amd64.
Preparing to unpack .../37-libcroco3_0.6.12-1_amd64.deb ...
Unpacking libcroco3:amd64 (0.6.12-1) ...
Selecting previously unselected package gettext.
Preparing to unpack .../38-gettext_0.19.8.1-2+b1_amd64.deb ...
Unpacking gettext (0.19.8.1-2+b1) ...
Selecting previously unselected package intltool-debian.
Preparing to unpack .../39-intltool-debian_0.35.0+20060710.4_all.deb ...
Unpacking intltool-debian (0.35.0+20060710.4) ...
Selecting previously unselected package po-debconf.
Preparing to unpack .../40-po-debconf_1.0.20_all.deb ...
Unpacking po-debconf (1.0.20) ...
Selecting previously unselected package debhelper.
Preparing to unpack .../41-debhelper_10.6.2_all.deb ...
Unpacking debhelper (10.6.2) ...
Selecting previously unselected package gengetopt.
Preparing to unpack .../42-gengetopt_2.22.6+dfsg0-1+b3_amd64.deb ...
Unpacking gengetopt (2.22.6+dfsg0-1+b3) ...
Selecting previously unselected package help2man.
Preparing to unpack .../43-help2man_1.47.4_amd64.deb ...
Unpacking help2man (1.47.4) ...
Selecting previously unselected package icu-devtools.
Preparing to unpack .../44-icu-devtools_57.1-6_amd64.deb ...
Unpacking icu-devtools (57.1-6) ...
Selecting previously unselected package libcurl3-gnutls:amd64.
Preparing to unpack .../45-libcurl3-gnutls_7.52.1-5_amd64.deb ...
Unpacking libcurl3-gnutls:amd64 (7.52.1-5) ...
Selecting previously unselected package libcurl4-gnutls-dev:amd64.
Preparing to unpack .../46-libcurl4-gnutls-dev_7.52.1-5_amd64.deb ...
Unpacking libcurl4-gnutls-dev:amd64 (7.52.1-5) ...
Selecting previously unselected package libelf1:amd64.
Preparing to unpack .../47-libelf1_0.168-1_amd64.deb ...
Unpacking libelf1:amd64 (0.168-1) ...
Selecting previously unselected package libglib2.0-data.
Preparing to unpack .../48-libglib2.0-data_2.52.3-1_all.deb ...
Unpacking libglib2.0-data (2.52.3-1) ...
Selecting previously unselected package libglib2.0-bin.
Preparing to unpack .../49-libglib2.0-bin_2.52.3-1_amd64.deb ...
Unpacking libglib2.0-bin (2.52.3-1) ...
Selecting previously unselected package libpcre16-3:amd64.
Preparing to unpack .../50-libpcre16-3_2%3a8.39-3_amd64.deb ...
Unpacking libpcre16-3:amd64 (2:8.39-3) ...
Selecting previously unselected package libpcre32-3:amd64.
Preparing to unpack .../51-libpcre32-3_2%3a8.39-3_amd64.deb ...
Unpacking libpcre32-3:amd64 (2:8.39-3) ...
Selecting previously unselected package libpcre3-dev:amd64.
Preparing to unpack .../52-libpcre3-dev_2%3a8.39-3_amd64.deb ...
Unpacking libpcre3-dev:amd64 (2:8.39-3) ...
Selecting previously unselected package pkg-config.
Preparing to unpack .../53-pkg-config_0.29-4+b1_amd64.deb ...
Unpacking pkg-config (0.29-4+b1) ...
Selecting previously unselected package zlib1g-dev:amd64.
Preparing to unpack .../54-zlib1g-dev_1%3a1.2.8.dfsg-5_amd64.deb ...
Unpacking zlib1g-dev:amd64 (1:1.2.8.dfsg-5) ...
Selecting previously unselected package libglib2.0-dev.
Preparing to unpack .../55-libglib2.0-dev_2.52.3-1_amd64.deb ...
Unpacking libglib2.0-dev (2.52.3-1) ...
Selecting previously unselected package libsigc++-2.0-0v5:amd64.
Preparing to unpack .../56-libsigc++-2.0-0v5_2.10.0-1_amd64.deb ...
Unpacking libsigc++-2.0-0v5:amd64 (2.10.0-1) ...
Selecting previously unselected package libglibmm-2.4-1v5:amd64.
Preparing to unpack .../57-libglibmm-2.4-1v5_2.50.1-1_amd64.deb ...
Unpacking libglibmm-2.4-1v5:amd64 (2.50.1-1) ...
Selecting previously unselected package libsigc++-2.0-dev:amd64.
Preparing to unpack .../58-libsigc++-2.0-dev_2.10.0-1_amd64.deb ...
Unpacking libsigc++-2.0-dev:amd64 (2.10.0-1) ...
Selecting previously unselected package libglibmm-2.4-dev:amd64.
Preparing to unpack .../59-libglibmm-2.4-dev_2.50.1-1_amd64.deb ...
Unpacking libglibmm-2.4-dev:amd64 (2.50.1-1) ...
Selecting previously unselected package libicu-dev.
Preparing to unpack .../60-libicu-dev_57.1-6_amd64.deb ...
Unpacking libicu-dev (57.1-6) ...
Selecting previously unselected package libosp5.
Preparing to unpack .../61-libosp5_1.5.2-13+b1_amd64.deb ...
Unpacking libosp5 (1.5.2-13+b1) ...
Selecting previously unselected package opensp.
Preparing to unpack .../62-opensp_1.5.2-13+b1_amd64.deb ...
Unpacking opensp (1.5.2-13+b1) ...
Selecting previously unselected package libosp-dev.
Preparing to unpack .../63-libosp-dev_1.5.2-13+b1_amd64.deb ...
Unpacking libosp-dev (1.5.2-13+b1) ...
Selecting previously unselected package libxml++2.6-2v5:amd64.
Preparing to unpack .../64-libxml++2.6-2v5_2.40.1-1_amd64.deb ...
Unpacking libxml++2.6-2v5:amd64 (2.40.1-1) ...
Selecting previously unselected package libxml2-dev:amd64.
Preparing to unpack .../65-libxml2-dev_2.9.4+dfsg1-3_amd64.deb ...
Unpacking libxml2-dev:amd64 (2.9.4+dfsg1-3) ...
Selecting previously unselected package libxml++2.6-dev:amd64.
Preparing to unpack .../66-libxml++2.6-dev_2.40.1-1_amd64.deb ...
Unpacking libxml++2.6-dev:amd64 (2.40.1-1) ...
Selecting previously unselected package sbuild-build-depends-libofx-dummy.
Preparing to unpack .../67-sbuild-build-depends-libofx-dummy_0.invalid.0_amd64.deb ...
Unpacking sbuild-build-depends-libofx-dummy (0.invalid.0) ...
Setting up readline-common (7.0-3) ...
Setting up libarchive-zip-perl (1.59-1) ...
Setting up libnghttp2-14:amd64 (1.24.0-1) ...
Setting up mime-support (3.60) ...
Setting up libtimedate-perl (2.3000-2) ...
Setting up libsigsegv2:amd64 (2.11-1) ...
Setting up libldap-common (2.4.44+dfsg-7) ...
Setting up libreadline7:amd64 (7.0-3) ...
Setting up libpsl5:amd64 (0.17.0-4+b1) ...
Setting up libelf1:amd64 (0.168-1) ...
Setting up groff-base (1.22.3-9) ...
Setting up libglib2.0-0:amd64 (2.52.3-1) ...
No schema files found: doing nothing.
Setting up libsasl2-modules-db:amd64 (2.1.27~101-g0780600+dfsg-3) ...
Setting up libsasl2-2:amd64 (2.1.27~101-g0780600+dfsg-3) ...
Setting up libosp5 (1.5.2-13+b1) ...
Setting up gettext-base (0.19.8.1-2+b1) ...
Setting up libpipeline1:amd64 (1.4.1-2) ...
Setting up librtmp1:amd64 (2.4+20151223.gitfa8646d.1-1+b1) ...
Setting up m4 (1.4.18-1) ...
Setting up sgml-base (1.29) ...
Setting up gengetopt (2.22.6+dfsg0-1+b3) ...
Setting up libicu57:amd64 (57.1-6) ...
Setting up libxml2:amd64 (2.9.4+dfsg1-3) ...
Setting up libmagic-mgc (1:5.30-1) ...
Setting up libmagic1:amd64 (1:5.30-1) ...
Setting up libcroco3:amd64 (0.6.12-1) ...
Setting up libssl1.0.2:amd64 (1.0.2l-2) ...
Setting up pkg-config (0.29-4+b1) ...
Setting up libssh2-1:amd64 (1.8.0-1) ...
Setting up libglib2.0-data (2.52.3-1) ...
Processing triggers for libc-bin (2.24-12) ...
Setting up autotools-dev (20161112.1) ...
Setting up libldap-2.4-2:amd64 (2.4.44+dfsg-7) ...
Setting up libsqlite3-0:amd64 (3.16.2-5) ...
Setting up liblocale-gettext-perl (1.07-3+b1) ...
Setting up libpcrecpp0v5:amd64 (2:8.39-3) ...
Setting up libpcre32-3:amd64 (2:8.39-3) ...
Setting up icu-devtools (57.1-6) ...
Setting up libpcre16-3:amd64 (2:8.39-3) ...
Setting up libkeyutils1:amd64 (1.5.9-9) ...
Setting up bsdmainutils (9.0.12+nmu1) ...
update-alternatives: using /usr/bin/bsd-write to provide /usr/bin/write (write) in auto mode
update-alternatives: using /usr/bin/bsd-from to provide /usr/bin/from (from) in auto mode
Setting up libglib2.0-bin (2.52.3-1) ...
Setting up libsigc++-2.0-0v5:amd64 (2.10.0-1) ...
Setting up autopoint (0.19.8.1-2) ...
Setting up libmpdec2:amd64 (2.4.2-1) ...
Setting up zlib1g-dev:amd64 (1:1.2.8.dfsg-5) ...
Setting up libfile-stripnondeterminism-perl (0.035-2) ...
Setting up libpcre3-dev:amd64 (2:8.39-3) ...
Setting up opensp (1.5.2-13+b1) ...
Setting up libsigc++-2.0-dev:amd64 (2.10.0-1) ...
Setting up gettext (0.19.8.1-2+b1) ...
Setting up libpython3.5-stdlib:amd64 (3.5.3-3) ...
Setting up autoconf (2.69-10) ...
Setting up libicu-dev (57.1-6) ...
Setting up libosp-dev (1.5.2-13+b1) ...
Setting up file (1:5.30-1) ...
Setting up libkrb5support0:amd64 (1.15-1) ...
Setting up libxml2-dev:amd64 (2.9.4+dfsg1-3) ...
Setting up intltool-debian (0.35.0+20060710.4) ...
Setting up automake (1:1.15.1-2) ...
update-alternatives: using /usr/bin/automake-1.15 to provide /usr/bin/automake (automake) in auto mode
Setting up help2man (1.47.4) ...
Setting up man-db (2.7.6.1-2) ...
Not building database; man-db/auto-update is not 'true'.
Setting up libglibmm-2.4-1v5:amd64 (2.50.1-1) ...
Setting up libtool (2.4.6-2) ...
Setting up python3.5 (3.5.3-3) ...
Setting up libpython3-stdlib:amd64 (3.5.3-3) ...
Setting up libk5crypto3:amd64 (1.15-1) ...
Setting up po-debconf (1.0.20) ...
Setting up libxml++2.6-2v5:amd64 (2.40.1-1) ...
Setting up libkrb5-3:amd64 (1.15-1) ...
Setting up libgssapi-krb5-2:amd64 (1.15-1) ...
Setting up libcurl3:amd64 (7.52.1-5) ...
Setting up libcurl3-gnutls:amd64 (7.52.1-5) ...
Setting up libcurl4-gnutls-dev:amd64 (7.52.1-5) ...
Setting up curl (7.52.1-5) ...
Setting up dh-autoreconf (14) ...
Setting up python3 (3.5.3-3) ...
Setting up libglib2.0-dev (2.52.3-1) ...
Setting up dh-strip-nondeterminism (0.035-2) ...
Setting up dh-python (2.20170125) ...
Setting up debhelper (10.6.2) ...
Setting up libglibmm-2.4-dev:amd64 (2.50.1-1) ...
Setting up libxml++2.6-dev:amd64 (2.40.1-1) ...
Setting up sbuild-build-depends-libofx-dummy (0.invalid.0) ...
Processing triggers for libc-bin (2.24-12) ...

+------------------------------------------------------------------------------+
| Build environment                                                            |
+------------------------------------------------------------------------------+

Kernel: Linux 4.9.0-2-amd64 amd64 (x86_64)
Toolchain package versions: binutils_2.28-6 dpkg-dev_1.18.24 g++-6_6.4.0-1 gcc-6_6.4.0-1 libc6-dev_2.24-12 libstdc++-6-dev_6.4.0-1 libstdc++6_7.1.0-9 linux-libc-dev_4.11.6-1
Package versions: adduser_3.115 apt_1.5~beta1 autoconf_2.69-10 automake_1:1.15.1-2 autopoint_0.19.8.1-2 autotools-dev_20161112.1 base-files_10 base-passwd_3.5.43 bash_4.4-5 binutils_2.28-6 bsdmainutils_9.0.12+nmu1 bsdutils_1:2.29.2-1 build-essential_12.3 bzip2_1.0.6-8.1 clang-5.0_1:5.0~svn305653-1 coreutils_8.26-3 cpp_4:6.3.0-4d1 cpp-6_6.4.0-1 curl_7.52.1-5 dash_0.5.8-2.4 debconf_1.5.62 debfoster_2.7-2.1+b1 debhelper_10.6.2 debian-archive-keyring_2017.5 debianutils_4.8.1.1 dh-autoreconf_14 dh-python_2.20170125 dh-strip-nondeterminism_0.035-2 diffutils_1:3.5-3 dpkg_1.18.24 dpkg-dev_1.18.24 e2fslibs_1.43.4-2 e2fsprogs_1.43.4-2 eatmydata_105-5 fakeroot_1.21-3.1 file_1:5.30-1 findutils_4.6.0+git+20170606-2 g++_4:6.3.0-4d1 g++-6_6.4.0-1 gcc_4:6.3.0-4d1 gcc-6_6.4.0-1 gcc-6-base_6.4.0-1 gcc-7-base_7.1.0-9 gengetopt_2.22.6+dfsg0-1+b3 gettext_0.19.8.1-2+b1 gettext-base_0.19.8.1-2+b1 gpgv_2.1.18-8 grep_2.27-2 groff-base_1.22.3-9 gzip_1.6-5+b1 help2man_1.47.4 hostname_3.18+b1 icu-devtools_57.1-6 init-system-helpers_1.48 intltool-debian_0.35.0+20060710.4 lib32gcc1_1:7.1.0-9 lib32stdc++6_7.1.0-9 libacl1_2.2.52-3+b1 libapt-pkg5.0_1.5~beta1 libarchive-zip-perl_1.59-1 libasan3_6.4.0-1 libatomic1_7.1.0-9 libattr1_1:2.4.47-2+b2 libaudit-common_1:2.7.7-1 libaudit1_1:2.7.7-1+b1 libblkid1_2.29.2-1 libbsd0_0.8.5-1 libbz2-1.0_1.0.6-8.1 libc-bin_2.24-12 libc-dev-bin_2.24-12 libc6_2.24-12 libc6-dev_2.24-12 libc6-i386_2.24-12 libcap-ng0_0.7.7-3+b1 libcc1-0_7.1.0-9 libcilkrts5_7.1.0-9 libclang-common-5.0-dev_1:5.0~svn305653-1 libclang1-5.0_1:5.0~svn305653-1 libcomerr2_1.43.4-2 libcroco3_0.6.12-1 libcurl3_7.52.1-5 libcurl3-gnutls_7.52.1-5 libcurl4-gnutls-dev_7.52.1-5 libdb5.3_5.3.28-12+b1 libdebconfclient0_0.229 libdpkg-perl_1.18.24 libeatmydata1_105-5 libedit2_3.1-20170329-1 libelf1_0.168-1 libexpat1_2.2.1-3 libfakeroot_1.21-3.1 libfdisk1_2.29.2-1 libffi6_3.2.1-6 libfile-stripnondeterminism-perl_0.035-2 libgc1c2_1:7.4.2-8 libgcc-6-dev_6.4.0-1 libgcc1_1:7.1.0-9 libgcrypt20_1.7.8-1 libgdbm3_1.8.3-14 libglib2.0-0_2.52.3-1 libglib2.0-bin_2.52.3-1 libglib2.0-data_2.52.3-1 libglib2.0-dev_2.52.3-1 libglibmm-2.4-1v5_2.50.1-1 libglibmm-2.4-dev_2.50.1-1 libgmp10_2:6.1.2+dfsg-1 libgnutls30_3.5.13-2 libgomp1_7.1.0-9 libgpg-error0_1.27-3 libgssapi-krb5-2_1.15-1 libhogweed4_3.3-1+b1 libicu-dev_57.1-6 libicu57_57.1-6 libidn2-0_0.16-1+b1 libisl15_0.18-1 libitm1_7.1.0-9 libjsoncpp1_1.7.4-3 libk5crypto3_1.15-1 libkeyutils1_1.5.9-9 libkrb5-3_1.15-1 libkrb5support0_1.15-1 libldap-2.4-2_2.4.44+dfsg-7 libldap-common_2.4.44+dfsg-7 libllvm5.0_1:5.0~svn305653-1 liblocale-gettext-perl_1.07-3+b1 liblsan0_7.1.0-9 liblz4-1_0.0~r131-2+b1 liblzma5_5.2.2-1.2+b1 libmagic-mgc_1:5.30-1 libmagic1_1:5.30-1 libmount1_2.29.2-1 libmpc3_1.0.3-1+b2 libmpdec2_2.4.2-1 libmpfr4_3.1.5-1 libmpx2_7.1.0-9 libncurses5_6.0+20161126-1 libncursesw5_6.0+20161126-1 libnettle6_3.3-1+b1 libnghttp2-14_1.24.0-1 libobjc-6-dev_6.4.0-1 libobjc4_7.1.0-9 libosp-dev_1.5.2-13+b1 libosp5_1.5.2-13+b1 libp11-kit0_0.23.7-2 libpam-modules_1.1.8-3.6 libpam-modules-bin_1.1.8-3.6 libpam-runtime_1.1.8-3.6 libpam0g_1.1.8-3.6 libpcre16-3_2:8.39-3 libpcre3_2:8.39-3 libpcre3-dev_2:8.39-3 libpcre32-3_2:8.39-3 libpcrecpp0v5_2:8.39-3 libperl5.24_5.24.1-6 libpipeline1_1.4.1-2 libpsl5_0.17.0-4+b1 libpython3-stdlib_3.5.3-3 libpython3.5-minimal_3.5.3-3 libpython3.5-stdlib_3.5.3-3 libquadmath0_7.1.0-9 libreadline7_7.0-3 librtmp1_2.4+20151223.gitfa8646d.1-1+b1 libsasl2-2_2.1.27~101-g0780600+dfsg-3 libsasl2-modules-db_2.1.27~101-g0780600+dfsg-3 libselinux1_2.6-3+b2 libsemanage-common_2.6-2 libsemanage1_2.6-2+b1 libsepol1_2.6-2 libsigc++-2.0-0v5_2.10.0-1 libsigc++-2.0-dev_2.10.0-1 libsigsegv2_2.11-1 libsmartcols1_2.29.2-1 libsqlite3-0_3.16.2-5 libss2_1.43.4-2 libssh2-1_1.8.0-1 libssl1.0.2_1.0.2l-2 libssl1.1_1.1.0f-3 libstdc++-6-dev_6.4.0-1 libstdc++6_7.1.0-9 libsystemd0_233-10 libtasn1-6_4.12-2 libtimedate-perl_2.3000-2 libtinfo5_6.0+20161126-1 libtool_2.4.6-2 libtsan0_7.1.0-9 libubsan0_7.1.0-9 libudev1_233-10 libunistring2_0.9.7-2 libustr-1.0-1_1.0.4-6 libuuid1_2.29.2-1 libxml++2.6-2v5_2.40.1-1 libxml++2.6-dev_2.40.1-1 libxml2_2.9.4+dfsg1-3 libxml2-dev_2.9.4+dfsg1-3 linux-libc-dev_4.11.6-1 login_1:4.4-4.1 m4_1.4.18-1 make_4.1-9.1 man-db_2.7.6.1-2 mawk_1.3.3-17+b3 mime-support_3.60 mount_2.29.2-1 multiarch-support_2.24-12 ncurses-base_6.0+20161126-1 ncurses-bin_6.0+20161126-1 opensp_1.5.2-13+b1 passwd_1:4.4-4.1 patch_2.7.5-1+b2 perl_5.24.1-6 perl-base_5.24.1-6 perl-modules-5.24_5.24.1-6 pkg-config_0.29-4+b1 po-debconf_1.0.20 python3_3.5.3-3 python3-minimal_3.5.3-3 python3.5_3.5.3-3 python3.5-minimal_3.5.3-3 readline-common_7.0-3 sbuild-build-depends-core-dummy_0.invalid.0 sbuild-build-depends-libofx-dummy_0.invalid.0 sed_4.4-1 sensible-utils_0.0.9 sgml-base_1.29 sysvinit-utils_2.88dsf-59.9 tar_1.29b-1.1 util-linux_2.29.2-1 xz-utils_5.2.2-1.2+b1 zlib1g_1:1.2.8.dfsg-5 zlib1g-dev_1:1.2.8.dfsg-5

+------------------------------------------------------------------------------+
| Build                                                                        |
+------------------------------------------------------------------------------+


Unpack source
-------------

gpgv: unknown type of key resource 'trustedkeys.kbx'
gpgv: keyblock resource '/sbuild-nonexistent/.gnupg/trustedkeys.kbx': General error
gpgv: Signature made Wed Jan 11 09:30:26 2017 UTC
gpgv:                using RSA key 53951D95272E0C5B82BE8C4A2CECE9350ECEBE4A
gpgv:                issuer "sebastien@debian.org"
gpgv: Can't check signature: No public key
dpkg-source: warning: failed to verify signature on ./libofx_0.9.10-2.dsc
dpkg-source: info: extracting libofx in /<<PKGBUILDDIR>>
dpkg-source: info: unpacking libofx_0.9.10.orig.tar.gz
dpkg-source: info: unpacking libofx_0.9.10-2.debian.tar.xz
dpkg-source: info: applying Fix_spelling_error.patch

Check disk space
----------------

Sufficient free space for build

User Environment
----------------

APT_CONFIG=/var/lib/sbuild/apt.conf
HOME=/sbuild-nonexistent
LANG=en_US.UTF-8
LC_ALL=POSIX
LOGNAME=user42
PATH=/usr/local/sbin:/usr/local/bin:/usr/sbin:/usr/bin:/sbin:/bin:/usr/games
SCHROOT_ALIAS_NAME=unstable-amd64-sbuild
SCHROOT_CHROOT_NAME=unstable-amd64-sbuild
SCHROOT_COMMAND=env
SCHROOT_GID=1001
SCHROOT_GROUP=user42
SCHROOT_SESSION_ID=unstable-amd64-sbuild-4a4f7bcf-02df-4aa7-9aa4-73edb0abe365
SCHROOT_UID=1001
SCHROOT_USER=user42
SHELL=/bin/sh
USER=user42

dpkg-buildpackage
-----------------

dpkg-buildpackage: info: source package libofx
dpkg-buildpackage: info: source version 1:0.9.10-2
dpkg-buildpackage: info: source distribution unstable
dpkg-buildpackage: info: source changed by Dylan Assi <bob.dybian@gmail.com>
 dpkg-source --before-build libofx-0.9.10
dpkg-buildpackage: info: host architecture amd64
 fakeroot debian/rules clean
dh clean --no-parallel
   dh_testdir -O--no-parallel
   dh_auto_clean -O--no-parallel
   dh_autoreconf_clean -O--no-parallel
   dh_clean -O--no-parallel
 debian/rules build-arch
dh build-arch --no-parallel
   dh_testdir -a -O--no-parallel
   dh_update_autotools_config -a -O--no-parallel
   dh_autoreconf -a -O--no-parallel
aclocal: warning: autoconf input should be named 'configure.ac', not 'configure.in'
configure.in:316: warning: AC_LANG_CONFTEST: no AC_LANG_SOURCE call detected in body
../../lib/autoconf/lang.m4:193: AC_LANG_CONFTEST is expanded from...
../../lib/autoconf/general.m4:2672: _AC_LINK_IFELSE is expanded from...
../../lib/autoconf/general.m4:2689: AC_LINK_IFELSE is expanded from...
../../lib/m4sugar/m4sh.m4:639: AS_IF is expanded from...
../../lib/autoconf/general.m4:2042: AC_CACHE_VAL is expanded from...
../../lib/autoconf/general.m4:2063: AC_CACHE_CHECK is expanded from...
libcurl.m4:38: LIBCURL_CHECK_CONFIG is expanded from...
configure.in:316: the top level
configure.in:316: warning: AC_LANG_CONFTEST: no AC_LANG_SOURCE call detected in body
../../lib/autoconf/lang.m4:193: AC_LANG_CONFTEST is expanded from...
../../lib/autoconf/general.m4:2672: _AC_LINK_IFELSE is expanded from...
../../lib/autoconf/general.m4:2689: AC_LINK_IFELSE is expanded from...
../../lib/m4sugar/m4sh.m4:639: AS_IF is expanded from...
../../lib/autoconf/general.m4:2042: AC_CACHE_VAL is expanded from...
../../lib/autoconf/general.m4:2063: AC_CACHE_CHECK is expanded from...
libcurl.m4:38: LIBCURL_CHECK_CONFIG is expanded from...
configure.in:316: the top level
configure.in:316: warning: AC_LANG_CONFTEST: no AC_LANG_SOURCE call detected in body
../../lib/autoconf/lang.m4:193: AC_LANG_CONFTEST is expanded from...
../../lib/autoconf/general.m4:2672: _AC_LINK_IFELSE is expanded from...
../../lib/autoconf/general.m4:2689: AC_LINK_IFELSE is expanded from...
../../lib/m4sugar/m4sh.m4:639: AS_IF is expanded from...
../../lib/autoconf/general.m4:2042: AC_CACHE_VAL is expanded from...
../../lib/autoconf/general.m4:2063: AC_CACHE_CHECK is expanded from...
libcurl.m4:38: LIBCURL_CHECK_CONFIG is expanded from...
configure.in:316: the top level
libtoolize: putting auxiliary files in AC_CONFIG_AUX_DIR, 'config'.
libtoolize: copying file 'config/ltmain.sh'
libtoolize: putting macros in AC_CONFIG_MACRO_DIRS, 'm4'.
libtoolize: copying file 'm4/libtool.m4'
libtoolize: copying file 'm4/ltoptions.m4'
libtoolize: copying file 'm4/ltsugar.m4'
libtoolize: copying file 'm4/ltversion.m4'
libtoolize: copying file 'm4/lt~obsolete.m4'
aclocal: warning: autoconf input should be named 'configure.ac', not 'configure.in'
configure.in:316: warning: AC_LANG_CONFTEST: no AC_LANG_SOURCE call detected in body
../../lib/autoconf/lang.m4:193: AC_LANG_CONFTEST is expanded from...
../../lib/autoconf/general.m4:2672: _AC_LINK_IFELSE is expanded from...
../../lib/autoconf/general.m4:2689: AC_LINK_IFELSE is expanded from...
../../lib/m4sugar/m4sh.m4:639: AS_IF is expanded from...
../../lib/autoconf/general.m4:2042: AC_CACHE_VAL is expanded from...
../../lib/autoconf/general.m4:2063: AC_CACHE_CHECK is expanded from...
libcurl.m4:38: LIBCURL_CHECK_CONFIG is expanded from...
configure.in:316: the top level
configure.in:316: warning: AC_LANG_CONFTEST: no AC_LANG_SOURCE call detected in body
../../lib/autoconf/lang.m4:193: AC_LANG_CONFTEST is expanded from...
../../lib/autoconf/general.m4:2672: _AC_LINK_IFELSE is expanded from...
../../lib/autoconf/general.m4:2689: AC_LINK_IFELSE is expanded from...
../../lib/m4sugar/m4sh.m4:639: AS_IF is expanded from...
../../lib/autoconf/general.m4:2042: AC_CACHE_VAL is expanded from...
../../lib/autoconf/general.m4:2063: AC_CACHE_CHECK is expanded from...
libcurl.m4:38: LIBCURL_CHECK_CONFIG is expanded from...
configure.in:316: the top level
configure.in:316: warning: AC_LANG_CONFTEST: no AC_LANG_SOURCE call detected in body
../../lib/autoconf/lang.m4:193: AC_LANG_CONFTEST is expanded from...
../../lib/autoconf/general.m4:2672: _AC_LINK_IFELSE is expanded from...
../../lib/autoconf/general.m4:2689: AC_LINK_IFELSE is expanded from...
../../lib/m4sugar/m4sh.m4:639: AS_IF is expanded from...
../../lib/autoconf/general.m4:2042: AC_CACHE_VAL is expanded from...
../../lib/autoconf/general.m4:2063: AC_CACHE_CHECK is expanded from...
libcurl.m4:38: LIBCURL_CHECK_CONFIG is expanded from...
configure.in:316: the top level
configure.in:316: warning: AC_LANG_CONFTEST: no AC_LANG_SOURCE call detected in body
../../lib/autoconf/lang.m4:193: AC_LANG_CONFTEST is expanded from...
../../lib/autoconf/general.m4:2672: _AC_LINK_IFELSE is expanded from...
../../lib/autoconf/general.m4:2689: AC_LINK_IFELSE is expanded from...
../../lib/m4sugar/m4sh.m4:639: AS_IF is expanded from...
../../lib/autoconf/general.m4:2042: AC_CACHE_VAL is expanded from...
../../lib/autoconf/general.m4:2063: AC_CACHE_CHECK is expanded from...
libcurl.m4:38: LIBCURL_CHECK_CONFIG is expanded from...
configure.in:316: the top level
automake: warning: autoconf input should be named 'configure.ac', not 'configure.in'
configure.in:316: warning: AC_LANG_CONFTEST: no AC_LANG_SOURCE call detected in body
../../lib/autoconf/lang.m4:193: AC_LANG_CONFTEST is expanded from...
../../lib/autoconf/general.m4:2672: _AC_LINK_IFELSE is expanded from...
../../lib/autoconf/general.m4:2689: AC_LINK_IFELSE is expanded from...
../../lib/m4sugar/m4sh.m4:639: AS_IF is expanded from...
../../lib/autoconf/general.m4:2042: AC_CACHE_VAL is expanded from...
../../lib/autoconf/general.m4:2063: AC_CACHE_CHECK is expanded from...
libcurl.m4:38: LIBCURL_CHECK_CONFIG is expanded from...
configure.in:316: the top level
configure.in:83: warning: AM_INIT_AUTOMAKE: two- and three-arguments forms are deprecated.  For more info, see:
configure.in:83: http://www.gnu.org/software/automake/manual/automake.html#Modernize-AM_005fINIT_005fAUTOMAKE-invocation
configure.in:15: installing 'config/compile'
configure.in:83: installing 'config/missing'
automake: warning: autoconf input should be named 'configure.ac', not 'configure.in'
lib/Makefile.am: installing 'config/depcomp'
   debian/rules override_dh_auto_configure
make[1]: Entering directory '/<<PKGBUILDDIR>>'
dh_auto_configure -- --datadir=/usr/share/libofx6
	./configure --build=x86_64-linux-gnu --prefix=/usr --includedir=\${prefix}/include --mandir=\${prefix}/share/man --infodir=\${prefix}/share/info --sysconfdir=/etc --localstatedir=/var --disable-silent-rules --libdir=\${prefix}/lib/x86_64-linux-gnu --libexecdir=\${prefix}/lib/x86_64-linux-gnu --disable-maintainer-mode --disable-dependency-tracking --datadir=/usr/share/libofx6
configure: WARNING: unrecognized options: --disable-maintainer-mode
checking for gcc... gcc
checking whether the C compiler works... yes
checking for C compiler default output file name... a.out
checking for suffix of executables... 
checking whether we are cross compiling... no
checking for suffix of object files... o
checking whether we are using the GNU C compiler... yes
checking whether gcc accepts -g... yes
checking for gcc option to accept ISO C89... none needed
checking whether gcc understands -c and -o together... yes
checking for g++... g++
checking whether we are using the GNU C++ compiler... yes
checking whether g++ accepts -g... yes
checking for symbol visibility extensions... no
checking for a BSD-compatible install... /usr/bin/install -c
checking whether build environment is sane... yes
checking for a thread-safe mkdir -p... /bin/mkdir -p
checking for gawk... no
checking for mawk... mawk
checking whether make sets $(MAKE)... yes
checking for style of include used by make... GNU
checking whether make supports nested variables... yes
checking dependency style of gcc... none
checking dependency style of g++... none
checking build system type... x86_64-pc-linux-gnu
checking host system type... x86_64-pc-linux-gnu
checking how to print strings... printf
checking for a sed that does not truncate output... /bin/sed
checking for grep that handles long lines and -e... /bin/grep
checking for egrep... /bin/grep -E
checking for fgrep... /bin/grep -F
checking for ld used by gcc... /usr/bin/ld
checking if the linker (/usr/bin/ld) is GNU ld... yes
checking for BSD- or MS-compatible name lister (nm)... /usr/bin/nm -B
checking the name lister (/usr/bin/nm -B) interface... BSD nm
checking whether ln -s works... yes
checking the maximum length of command line arguments... 1572864
checking how to convert x86_64-pc-linux-gnu file names to x86_64-pc-linux-gnu format... func_convert_file_noop
checking how to convert x86_64-pc-linux-gnu file names to toolchain format... func_convert_file_noop
checking for /usr/bin/ld option to reload object files... -r
checking for objdump... objdump
checking how to recognize dependent libraries... pass_all
checking for dlltool... no
checking how to associate runtime and link libraries... printf %s\n
checking for ar... ar
checking for archiver @FILE support... @
checking for strip... strip
checking for ranlib... ranlib
checking command to parse /usr/bin/nm -B output from gcc object... ok
checking for sysroot... no
checking for a working dd... /bin/dd
checking how to truncate binary pipes... /bin/dd bs=4096 count=1
checking for mt... no
checking if : is a manifest tool... no
checking how to run the C preprocessor... gcc -E
checking for ANSI C header files... yes
checking for sys/types.h... yes
checking for sys/stat.h... yes
checking for stdlib.h... yes
checking for string.h... yes
checking for memory.h... yes
checking for strings.h... yes
checking for inttypes.h... yes
checking for stdint.h... yes
checking for unistd.h... yes
checking for dlfcn.h... yes
checking for objdir... .libs
checking if gcc supports -fno-rtti -fno-exceptions... yes
checking for gcc option to produce PIC... -fPIC -DPIC
checking if gcc PIC flag -fPIC -DPIC works... yes
checking if gcc static flag -static works... yes
checking if gcc supports -c -o file.o... yes
checking if gcc supports -c -o file.o... (cached) yes
checking whether the gcc linker (/usr/bin/ld -m elf_x86_64) supports shared libraries... yes
checking whether -lc should be explicitly linked in... no
checking dynamic linker characteristics... GNU/Linux ld.so
checking how to hardcode library paths into programs... immediate
checking whether stripping libraries is possible... yes
checking if libtool supports shared libraries... yes
checking whether to build shared libraries... yes
checking whether to build static libraries... yes
checking how to run the C++ preprocessor... g++ -E
checking for ld used by g++... /usr/bin/ld -m elf_x86_64
checking if the linker (/usr/bin/ld -m elf_x86_64) is GNU ld... yes
checking whether the g++ linker (/usr/bin/ld -m elf_x86_64) supports shared libraries... yes
checking for g++ option to produce PIC... -fPIC -DPIC
checking if g++ PIC flag -fPIC -DPIC works... yes
checking if g++ static flag -static works... yes
checking if g++ supports -c -o file.o... yes
checking if g++ supports -c -o file.o... (cached) yes
checking whether the g++ linker (/usr/bin/ld -m elf_x86_64) supports shared libraries... yes
checking dynamic linker characteristics... (cached) GNU/Linux ld.so
checking how to hardcode library paths into programs... immediate
checking for windres... no
checking for library containing strerror... none required
checking whether byte ordering is bigendian... no
checking whether make sets $(MAKE)... (cached) yes
checking for ANSI C header files... (cached) yes
/usr/lib
checking for ParserEventGenerator.h in /usr/include/OpenSP... yes
checking for ParserEventGeneratorKit.h... yes
checking for SGMLApplication.h... yes
checking for EventGenerator.h... yes
checking for libosp... yes
checking for doxygen... no
checking getopt.h usability... yes
checking getopt.h presence... yes
checking for getopt.h... yes
checking for getopt_long... yes
checking for gengetopt... yes
checking for help2man... /usr/bin/help2man
checking for gawk... (cached) mawk
checking for curl-config... /usr/bin/curl-config
checking for the version of libcurl... 7.52.1
checking for libcurl >= version 7.9.7... yes
checking whether libcurl is usable... yes
checking for curl_free... yes
checking for pkg-config... /usr/bin/pkg-config
checking pkg-config is at least version 0.9.0... yes
checking for LIBXMLPP... yes
checking iconv.h usability... yes
checking iconv.h presence... yes
checking for iconv.h... yes
checking for iconv... yes
checking that generated files are newer than configure... done
configure: creating ./config.status
config.status: creating Makefile
config.status: creating libofx.spec
config.status: creating libofx.pc
config.status: creating libofx.lsm
config.status: creating m4/Makefile
config.status: creating lib/Makefile
config.status: creating inc/Makefile
config.status: creating inc/libofx.h
config.status: creating dtd/Makefile
config.status: creating doc/Makefile
config.status: creating ofx2qif/Makefile
config.status: creating ofxdump/Makefile
config.status: creating ofxconnect/Makefile
config.status: creating config.h
config.status: executing depfiles commands
config.status: executing libtool commands
configure: WARNING: unrecognized options: --disable-maintainer-mode
make[1]: Leaving directory '/<<PKGBUILDDIR>>'
   dh_auto_build -a -O--no-parallel
	make -j1
make[1]: Entering directory '/<<PKGBUILDDIR>>'
make  all-recursive
make[2]: Entering directory '/<<PKGBUILDDIR>>'
Making all in m4
make[3]: Entering directory '/<<PKGBUILDDIR>>/m4'
make[3]: Nothing to be done for 'all'.
make[3]: Leaving directory '/<<PKGBUILDDIR>>/m4'
Making all in inc
make[3]: Entering directory '/<<PKGBUILDDIR>>/inc'
make[3]: Nothing to be done for 'all'.
make[3]: Leaving directory '/<<PKGBUILDDIR>>/inc'
Making all in dtd
make[3]: Entering directory '/<<PKGBUILDDIR>>/dtd'
make[3]: Nothing to be done for 'all'.
make[3]: Leaving directory '/<<PKGBUILDDIR>>/dtd'
Making all in lib
make[3]: Entering directory '/<<PKGBUILDDIR>>/lib'
/bin/bash ../libtool  --tag=CXX   --mode=compile g++ -DHAVE_CONFIG_H -I. -I..  -I. -I../inc -I/usr/include/OpenSP -DMAKEFILE_DTD_PATH=\"/usr/share/libofx6/libofx/dtd\" -Wdate-time -D_FORTIFY_SOURCE=2  -DIN_LIBOFX -g -O2 -fdebug-prefix-map=/<<PKGBUILDDIR>>=. -fstack-protector-strong -Wformat -Werror=format-security -c -o messages.lo messages.cpp
libtool: compile:  g++ -DHAVE_CONFIG_H -I. -I.. -I. -I../inc -I/usr/include/OpenSP -DMAKEFILE_DTD_PATH=\"/usr/share/libofx6/libofx/dtd\" -Wdate-time -D_FORTIFY_SOURCE=2 -DIN_LIBOFX -g -O2 -fdebug-prefix-map=/<<PKGBUILDDIR>>=. -fstack-protector-strong -Wformat -Werror=format-security -c messages.cpp  -fPIC -DPIC -o .libs/messages.o
libtool: compile:  g++ -DHAVE_CONFIG_H -I. -I.. -I. -I../inc -I/usr/include/OpenSP -DMAKEFILE_DTD_PATH=\"/usr/share/libofx6/libofx/dtd\" -Wdate-time -D_FORTIFY_SOURCE=2 -DIN_LIBOFX -g -O2 -fdebug-prefix-map=/<<PKGBUILDDIR>>=. -fstack-protector-strong -Wformat -Werror=format-security -c messages.cpp -o messages.o >/dev/null 2>&1
/bin/bash ../libtool  --tag=CXX   --mode=compile g++ -DHAVE_CONFIG_H -I. -I..  -I. -I../inc -I/usr/include/OpenSP -DMAKEFILE_DTD_PATH=\"/usr/share/libofx6/libofx/dtd\" -Wdate-time -D_FORTIFY_SOURCE=2  -DIN_LIBOFX -g -O2 -fdebug-prefix-map=/<<PKGBUILDDIR>>=. -fstack-protector-strong -Wformat -Werror=format-security -c -o ofx_utilities.lo ofx_utilities.cpp
libtool: compile:  g++ -DHAVE_CONFIG_H -I. -I.. -I. -I../inc -I/usr/include/OpenSP -DMAKEFILE_DTD_PATH=\"/usr/share/libofx6/libofx/dtd\" -Wdate-time -D_FORTIFY_SOURCE=2 -DIN_LIBOFX -g -O2 -fdebug-prefix-map=/<<PKGBUILDDIR>>=. -fstack-protector-strong -Wformat -Werror=format-security -c ofx_utilities.cpp  -fPIC -DPIC -o .libs/ofx_utilities.o
libtool: compile:  g++ -DHAVE_CONFIG_H -I. -I.. -I. -I../inc -I/usr/include/OpenSP -DMAKEFILE_DTD_PATH=\"/usr/share/libofx6/libofx/dtd\" -Wdate-time -D_FORTIFY_SOURCE=2 -DIN_LIBOFX -g -O2 -fdebug-prefix-map=/<<PKGBUILDDIR>>=. -fstack-protector-strong -Wformat -Werror=format-security -c ofx_utilities.cpp -o ofx_utilities.o >/dev/null 2>&1
/bin/bash ../libtool  --tag=CXX   --mode=compile g++ -DHAVE_CONFIG_H -I. -I..  -I. -I../inc -I/usr/include/OpenSP -DMAKEFILE_DTD_PATH=\"/usr/share/libofx6/libofx/dtd\" -Wdate-time -D_FORTIFY_SOURCE=2  -DIN_LIBOFX -g -O2 -fdebug-prefix-map=/<<PKGBUILDDIR>>=. -fstack-protector-strong -Wformat -Werror=format-security -c -o file_preproc.lo file_preproc.cpp
libtool: compile:  g++ -DHAVE_CONFIG_H -I. -I.. -I. -I../inc -I/usr/include/OpenSP -DMAKEFILE_DTD_PATH=\"/usr/share/libofx6/libofx/dtd\" -Wdate-time -D_FORTIFY_SOURCE=2 -DIN_LIBOFX -g -O2 -fdebug-prefix-map=/<<PKGBUILDDIR>>=. -fstack-protector-strong -Wformat -Werror=format-security -c file_preproc.cpp  -fPIC -DPIC -o .libs/file_preproc.o
libtool: compile:  g++ -DHAVE_CONFIG_H -I. -I.. -I. -I../inc -I/usr/include/OpenSP -DMAKEFILE_DTD_PATH=\"/usr/share/libofx6/libofx/dtd\" -Wdate-time -D_FORTIFY_SOURCE=2 -DIN_LIBOFX -g -O2 -fdebug-prefix-map=/<<PKGBUILDDIR>>=. -fstack-protector-strong -Wformat -Werror=format-security -c file_preproc.cpp -o file_preproc.o >/dev/null 2>&1
/bin/bash ../libtool  --tag=CXX   --mode=compile g++ -DHAVE_CONFIG_H -I. -I..  -I. -I../inc -I/usr/include/OpenSP -DMAKEFILE_DTD_PATH=\"/usr/share/libofx6/libofx/dtd\" -Wdate-time -D_FORTIFY_SOURCE=2  -DIN_LIBOFX -g -O2 -fdebug-prefix-map=/<<PKGBUILDDIR>>=. -fstack-protector-strong -Wformat -Werror=format-security -c -o context.lo context.cpp
libtool: compile:  g++ -DHAVE_CONFIG_H -I. -I.. -I. -I../inc -I/usr/include/OpenSP -DMAKEFILE_DTD_PATH=\"/usr/share/libofx6/libofx/dtd\" -Wdate-time -D_FORTIFY_SOURCE=2 -DIN_LIBOFX -g -O2 -fdebug-prefix-map=/<<PKGBUILDDIR>>=. -fstack-protector-strong -Wformat -Werror=format-security -c context.cpp  -fPIC -DPIC -o .libs/context.o
libtool: compile:  g++ -DHAVE_CONFIG_H -I. -I.. -I. -I../inc -I/usr/include/OpenSP -DMAKEFILE_DTD_PATH=\"/usr/share/libofx6/libofx/dtd\" -Wdate-time -D_FORTIFY_SOURCE=2 -DIN_LIBOFX -g -O2 -fdebug-prefix-map=/<<PKGBUILDDIR>>=. -fstack-protector-strong -Wformat -Werror=format-security -c context.cpp -o context.o >/dev/null 2>&1
/bin/bash ../libtool  --tag=CXX   --mode=compile g++ -DHAVE_CONFIG_H -I. -I..  -I. -I../inc -I/usr/include/OpenSP -DMAKEFILE_DTD_PATH=\"/usr/share/libofx6/libofx/dtd\" -Wdate-time -D_FORTIFY_SOURCE=2  -DIN_LIBOFX -g -O2 -fdebug-prefix-map=/<<PKGBUILDDIR>>=. -fstack-protector-strong -Wformat -Werror=format-security -c -o ofx_preproc.lo ofx_preproc.cpp
libtool: compile:  g++ -DHAVE_CONFIG_H -I. -I.. -I. -I../inc -I/usr/include/OpenSP -DMAKEFILE_DTD_PATH=\"/usr/share/libofx6/libofx/dtd\" -Wdate-time -D_FORTIFY_SOURCE=2 -DIN_LIBOFX -g -O2 -fdebug-prefix-map=/<<PKGBUILDDIR>>=. -fstack-protector-strong -Wformat -Werror=format-security -c ofx_preproc.cpp  -fPIC -DPIC -o .libs/ofx_preproc.o
libtool: compile:  g++ -DHAVE_CONFIG_H -I. -I.. -I. -I../inc -I/usr/include/OpenSP -DMAKEFILE_DTD_PATH=\"/usr/share/libofx6/libofx/dtd\" -Wdate-time -D_FORTIFY_SOURCE=2 -DIN_LIBOFX -g -O2 -fdebug-prefix-map=/<<PKGBUILDDIR>>=. -fstack-protector-strong -Wformat -Werror=format-security -c ofx_preproc.cpp -o ofx_preproc.o >/dev/null 2>&1
/bin/bash ../libtool  --tag=CXX   --mode=compile g++ -DHAVE_CONFIG_H -I. -I..  -I. -I../inc -I/usr/include/OpenSP -DMAKEFILE_DTD_PATH=\"/usr/share/libofx6/libofx/dtd\" -Wdate-time -D_FORTIFY_SOURCE=2  -DIN_LIBOFX -g -O2 -fdebug-prefix-map=/<<PKGBUILDDIR>>=. -fstack-protector-strong -Wformat -Werror=format-security -c -o ofx_container_generic.lo ofx_container_generic.cpp
libtool: compile:  g++ -DHAVE_CONFIG_H -I. -I.. -I. -I../inc -I/usr/include/OpenSP -DMAKEFILE_DTD_PATH=\"/usr/share/libofx6/libofx/dtd\" -Wdate-time -D_FORTIFY_SOURCE=2 -DIN_LIBOFX -g -O2 -fdebug-prefix-map=/<<PKGBUILDDIR>>=. -fstack-protector-strong -Wformat -Werror=format-security -c ofx_container_generic.cpp  -fPIC -DPIC -o .libs/ofx_container_generic.o
libtool: compile:  g++ -DHAVE_CONFIG_H -I. -I.. -I. -I../inc -I/usr/include/OpenSP -DMAKEFILE_DTD_PATH=\"/usr/share/libofx6/libofx/dtd\" -Wdate-time -D_FORTIFY_SOURCE=2 -DIN_LIBOFX -g -O2 -fdebug-prefix-map=/<<PKGBUILDDIR>>=. -fstack-protector-strong -Wformat -Werror=format-security -c ofx_container_generic.cpp -o ofx_container_generic.o >/dev/null 2>&1
/bin/bash ../libtool  --tag=CXX   --mode=compile g++ -DHAVE_CONFIG_H -I. -I..  -I. -I../inc -I/usr/include/OpenSP -DMAKEFILE_DTD_PATH=\"/usr/share/libofx6/libofx/dtd\" -Wdate-time -D_FORTIFY_SOURCE=2  -DIN_LIBOFX -g -O2 -fdebug-prefix-map=/<<PKGBUILDDIR>>=. -fstack-protector-strong -Wformat -Werror=format-security -c -o ofx_container_main.lo ofx_container_main.cpp
libtool: compile:  g++ -DHAVE_CONFIG_H -I. -I.. -I. -I../inc -I/usr/include/OpenSP -DMAKEFILE_DTD_PATH=\"/usr/share/libofx6/libofx/dtd\" -Wdate-time -D_FORTIFY_SOURCE=2 -DIN_LIBOFX -g -O2 -fdebug-prefix-map=/<<PKGBUILDDIR>>=. -fstack-protector-strong -Wformat -Werror=format-security -c ofx_container_main.cpp  -fPIC -DPIC -o .libs/ofx_container_main.o
libtool: compile:  g++ -DHAVE_CONFIG_H -I. -I.. -I. -I../inc -I/usr/include/OpenSP -DMAKEFILE_DTD_PATH=\"/usr/share/libofx6/libofx/dtd\" -Wdate-time -D_FORTIFY_SOURCE=2 -DIN_LIBOFX -g -O2 -fdebug-prefix-map=/<<PKGBUILDDIR>>=. -fstack-protector-strong -Wformat -Werror=format-security -c ofx_container_main.cpp -o ofx_container_main.o >/dev/null 2>&1
/bin/bash ../libtool  --tag=CXX   --mode=compile g++ -DHAVE_CONFIG_H -I. -I..  -I. -I../inc -I/usr/include/OpenSP -DMAKEFILE_DTD_PATH=\"/usr/share/libofx6/libofx/dtd\" -Wdate-time -D_FORTIFY_SOURCE=2  -DIN_LIBOFX -g -O2 -fdebug-prefix-map=/<<PKGBUILDDIR>>=. -fstack-protector-strong -Wformat -Werror=format-security -c -o ofx_container_security.lo ofx_container_security.cpp
libtool: compile:  g++ -DHAVE_CONFIG_H -I. -I.. -I. -I../inc -I/usr/include/OpenSP -DMAKEFILE_DTD_PATH=\"/usr/share/libofx6/libofx/dtd\" -Wdate-time -D_FORTIFY_SOURCE=2 -DIN_LIBOFX -g -O2 -fdebug-prefix-map=/<<PKGBUILDDIR>>=. -fstack-protector-strong -Wformat -Werror=format-security -c ofx_container_security.cpp  -fPIC -DPIC -o .libs/ofx_container_security.o
libtool: compile:  g++ -DHAVE_CONFIG_H -I. -I.. -I. -I../inc -I/usr/include/OpenSP -DMAKEFILE_DTD_PATH=\"/usr/share/libofx6/libofx/dtd\" -Wdate-time -D_FORTIFY_SOURCE=2 -DIN_LIBOFX -g -O2 -fdebug-prefix-map=/<<PKGBUILDDIR>>=. -fstack-protector-strong -Wformat -Werror=format-security -c ofx_container_security.cpp -o ofx_container_security.o >/dev/null 2>&1
/bin/bash ../libtool  --tag=CXX   --mode=compile g++ -DHAVE_CONFIG_H -I. -I..  -I. -I../inc -I/usr/include/OpenSP -DMAKEFILE_DTD_PATH=\"/usr/share/libofx6/libofx/dtd\" -Wdate-time -D_FORTIFY_SOURCE=2  -DIN_LIBOFX -g -O2 -fdebug-prefix-map=/<<PKGBUILDDIR>>=. -fstack-protector-strong -Wformat -Werror=format-security -c -o ofx_container_statement.lo ofx_container_statement.cpp
libtool: compile:  g++ -DHAVE_CONFIG_H -I. -I.. -I. -I../inc -I/usr/include/OpenSP -DMAKEFILE_DTD_PATH=\"/usr/share/libofx6/libofx/dtd\" -Wdate-time -D_FORTIFY_SOURCE=2 -DIN_LIBOFX -g -O2 -fdebug-prefix-map=/<<PKGBUILDDIR>>=. -fstack-protector-strong -Wformat -Werror=format-security -c ofx_container_statement.cpp  -fPIC -DPIC -o .libs/ofx_container_statement.o
libtool: compile:  g++ -DHAVE_CONFIG_H -I. -I.. -I. -I../inc -I/usr/include/OpenSP -DMAKEFILE_DTD_PATH=\"/usr/share/libofx6/libofx/dtd\" -Wdate-time -D_FORTIFY_SOURCE=2 -DIN_LIBOFX -g -O2 -fdebug-prefix-map=/<<PKGBUILDDIR>>=. -fstack-protector-strong -Wformat -Werror=format-security -c ofx_container_statement.cpp -o ofx_container_statement.o >/dev/null 2>&1
/bin/bash ../libtool  --tag=CXX   --mode=compile g++ -DHAVE_CONFIG_H -I. -I..  -I. -I../inc -I/usr/include/OpenSP -DMAKEFILE_DTD_PATH=\"/usr/share/libofx6/libofx/dtd\" -Wdate-time -D_FORTIFY_SOURCE=2  -DIN_LIBOFX -g -O2 -fdebug-prefix-map=/<<PKGBUILDDIR>>=. -fstack-protector-strong -Wformat -Werror=format-security -c -o ofx_container_account.lo ofx_container_account.cpp
libtool: compile:  g++ -DHAVE_CONFIG_H -I. -I.. -I. -I../inc -I/usr/include/OpenSP -DMAKEFILE_DTD_PATH=\"/usr/share/libofx6/libofx/dtd\" -Wdate-time -D_FORTIFY_SOURCE=2 -DIN_LIBOFX -g -O2 -fdebug-prefix-map=/<<PKGBUILDDIR>>=. -fstack-protector-strong -Wformat -Werror=format-security -c ofx_container_account.cpp  -fPIC -DPIC -o .libs/ofx_container_account.o
libtool: compile:  g++ -DHAVE_CONFIG_H -I. -I.. -I. -I../inc -I/usr/include/OpenSP -DMAKEFILE_DTD_PATH=\"/usr/share/libofx6/libofx/dtd\" -Wdate-time -D_FORTIFY_SOURCE=2 -DIN_LIBOFX -g -O2 -fdebug-prefix-map=/<<PKGBUILDDIR>>=. -fstack-protector-strong -Wformat -Werror=format-security -c ofx_container_account.cpp -o ofx_container_account.o >/dev/null 2>&1
/bin/bash ../libtool  --tag=CXX   --mode=compile g++ -DHAVE_CONFIG_H -I. -I..  -I. -I../inc -I/usr/include/OpenSP -DMAKEFILE_DTD_PATH=\"/usr/share/libofx6/libofx/dtd\" -Wdate-time -D_FORTIFY_SOURCE=2  -DIN_LIBOFX -g -O2 -fdebug-prefix-map=/<<PKGBUILDDIR>>=. -fstack-protector-strong -Wformat -Werror=format-security -c -o ofx_container_transaction.lo ofx_container_transaction.cpp
libtool: compile:  g++ -DHAVE_CONFIG_H -I. -I.. -I. -I../inc -I/usr/include/OpenSP -DMAKEFILE_DTD_PATH=\"/usr/share/libofx6/libofx/dtd\" -Wdate-time -D_FORTIFY_SOURCE=2 -DIN_LIBOFX -g -O2 -fdebug-prefix-map=/<<PKGBUILDDIR>>=. -fstack-protector-strong -Wformat -Werror=format-security -c ofx_container_transaction.cpp  -fPIC -DPIC -o .libs/ofx_container_transaction.o
libtool: compile:  g++ -DHAVE_CONFIG_H -I. -I.. -I. -I../inc -I/usr/include/OpenSP -DMAKEFILE_DTD_PATH=\"/usr/share/libofx6/libofx/dtd\" -Wdate-time -D_FORTIFY_SOURCE=2 -DIN_LIBOFX -g -O2 -fdebug-prefix-map=/<<PKGBUILDDIR>>=. -fstack-protector-strong -Wformat -Werror=format-security -c ofx_container_transaction.cpp -o ofx_container_transaction.o >/dev/null 2>&1
/bin/bash ../libtool  --tag=CXX   --mode=compile g++ -DHAVE_CONFIG_H -I. -I..  -I. -I../inc -I/usr/include/OpenSP -DMAKEFILE_DTD_PATH=\"/usr/share/libofx6/libofx/dtd\" -Wdate-time -D_FORTIFY_SOURCE=2  -DIN_LIBOFX -g -O2 -fdebug-prefix-map=/<<PKGBUILDDIR>>=. -fstack-protector-strong -Wformat -Werror=format-security -c -o ofx_containers_misc.lo ofx_containers_misc.cpp
libtool: compile:  g++ -DHAVE_CONFIG_H -I. -I.. -I. -I../inc -I/usr/include/OpenSP -DMAKEFILE_DTD_PATH=\"/usr/share/libofx6/libofx/dtd\" -Wdate-time -D_FORTIFY_SOURCE=2 -DIN_LIBOFX -g -O2 -fdebug-prefix-map=/<<PKGBUILDDIR>>=. -fstack-protector-strong -Wformat -Werror=format-security -c ofx_containers_misc.cpp  -fPIC -DPIC -o .libs/ofx_containers_misc.o
libtool: compile:  g++ -DHAVE_CONFIG_H -I. -I.. -I. -I../inc -I/usr/include/OpenSP -DMAKEFILE_DTD_PATH=\"/usr/share/libofx6/libofx/dtd\" -Wdate-time -D_FORTIFY_SOURCE=2 -DIN_LIBOFX -g -O2 -fdebug-prefix-map=/<<PKGBUILDDIR>>=. -fstack-protector-strong -Wformat -Werror=format-security -c ofx_containers_misc.cpp -o ofx_containers_misc.o >/dev/null 2>&1
/bin/bash ../libtool  --tag=CXX   --mode=compile g++ -DHAVE_CONFIG_H -I. -I..  -I. -I../inc -I/usr/include/OpenSP -DMAKEFILE_DTD_PATH=\"/usr/share/libofx6/libofx/dtd\" -Wdate-time -D_FORTIFY_SOURCE=2  -DIN_LIBOFX -g -O2 -fdebug-prefix-map=/<<PKGBUILDDIR>>=. -fstack-protector-strong -Wformat -Werror=format-security -c -o ofx_request.lo ofx_request.cpp
libtool: compile:  g++ -DHAVE_CONFIG_H -I. -I.. -I. -I../inc -I/usr/include/OpenSP -DMAKEFILE_DTD_PATH=\"/usr/share/libofx6/libofx/dtd\" -Wdate-time -D_FORTIFY_SOURCE=2 -DIN_LIBOFX -g -O2 -fdebug-prefix-map=/<<PKGBUILDDIR>>=. -fstack-protector-strong -Wformat -Werror=format-security -c ofx_request.cpp  -fPIC -DPIC -o .libs/ofx_request.o
libtool: compile:  g++ -DHAVE_CONFIG_H -I. -I.. -I. -I../inc -I/usr/include/OpenSP -DMAKEFILE_DTD_PATH=\"/usr/share/libofx6/libofx/dtd\" -Wdate-time -D_FORTIFY_SOURCE=2 -DIN_LIBOFX -g -O2 -fdebug-prefix-map=/<<PKGBUILDDIR>>=. -fstack-protector-strong -Wformat -Werror=format-security -c ofx_request.cpp -o ofx_request.o >/dev/null 2>&1
/bin/bash ../libtool  --tag=CXX   --mode=compile g++ -DHAVE_CONFIG_H -I. -I..  -I. -I../inc -I/usr/include/OpenSP -DMAKEFILE_DTD_PATH=\"/usr/share/libofx6/libofx/dtd\" -Wdate-time -D_FORTIFY_SOURCE=2  -DIN_LIBOFX -g -O2 -fdebug-prefix-map=/<<PKGBUILDDIR>>=. -fstack-protector-strong -Wformat -Werror=format-security -c -o ofx_request_accountinfo.lo ofx_request_accountinfo.cpp
libtool: compile:  g++ -DHAVE_CONFIG_H -I. -I.. -I. -I../inc -I/usr/include/OpenSP -DMAKEFILE_DTD_PATH=\"/usr/share/libofx6/libofx/dtd\" -Wdate-time -D_FORTIFY_SOURCE=2 -DIN_LIBOFX -g -O2 -fdebug-prefix-map=/<<PKGBUILDDIR>>=. -fstack-protector-strong -Wformat -Werror=format-security -c ofx_request_accountinfo.cpp  -fPIC -DPIC -o .libs/ofx_request_accountinfo.o
libtool: compile:  g++ -DHAVE_CONFIG_H -I. -I.. -I. -I../inc -I/usr/include/OpenSP -DMAKEFILE_DTD_PATH=\"/usr/share/libofx6/libofx/dtd\" -Wdate-time -D_FORTIFY_SOURCE=2 -DIN_LIBOFX -g -O2 -fdebug-prefix-map=/<<PKGBUILDDIR>>=. -fstack-protector-strong -Wformat -Werror=format-security -c ofx_request_accountinfo.cpp -o ofx_request_accountinfo.o >/dev/null 2>&1
/bin/bash ../libtool  --tag=CXX   --mode=compile g++ -DHAVE_CONFIG_H -I. -I..  -I. -I../inc -I/usr/include/OpenSP -DMAKEFILE_DTD_PATH=\"/usr/share/libofx6/libofx/dtd\" -Wdate-time -D_FORTIFY_SOURCE=2  -DIN_LIBOFX -g -O2 -fdebug-prefix-map=/<<PKGBUILDDIR>>=. -fstack-protector-strong -Wformat -Werror=format-security -c -o ofx_request_statement.lo ofx_request_statement.cpp
libtool: compile:  g++ -DHAVE_CONFIG_H -I. -I.. -I. -I../inc -I/usr/include/OpenSP -DMAKEFILE_DTD_PATH=\"/usr/share/libofx6/libofx/dtd\" -Wdate-time -D_FORTIFY_SOURCE=2 -DIN_LIBOFX -g -O2 -fdebug-prefix-map=/<<PKGBUILDDIR>>=. -fstack-protector-strong -Wformat -Werror=format-security -c ofx_request_statement.cpp  -fPIC -DPIC -o .libs/ofx_request_statement.o
libtool: compile:  g++ -DHAVE_CONFIG_H -I. -I.. -I. -I../inc -I/usr/include/OpenSP -DMAKEFILE_DTD_PATH=\"/usr/share/libofx6/libofx/dtd\" -Wdate-time -D_FORTIFY_SOURCE=2 -DIN_LIBOFX -g -O2 -fdebug-prefix-map=/<<PKGBUILDDIR>>=. -fstack-protector-strong -Wformat -Werror=format-security -c ofx_request_statement.cpp -o ofx_request_statement.o >/dev/null 2>&1
/bin/bash ../libtool  --tag=CXX   --mode=compile g++ -DHAVE_CONFIG_H -I. -I..  -I. -I../inc -I/usr/include/OpenSP -DMAKEFILE_DTD_PATH=\"/usr/share/libofx6/libofx/dtd\" -Wdate-time -D_FORTIFY_SOURCE=2  -DIN_LIBOFX -g -O2 -fdebug-prefix-map=/<<PKGBUILDDIR>>=. -fstack-protector-strong -Wformat -Werror=format-security -c -o ofx_sgml.lo ofx_sgml.cpp
libtool: compile:  g++ -DHAVE_CONFIG_H -I. -I.. -I. -I../inc -I/usr/include/OpenSP -DMAKEFILE_DTD_PATH=\"/usr/share/libofx6/libofx/dtd\" -Wdate-time -D_FORTIFY_SOURCE=2 -DIN_LIBOFX -g -O2 -fdebug-prefix-map=/<<PKGBUILDDIR>>=. -fstack-protector-strong -Wformat -Werror=format-security -c ofx_sgml.cpp  -fPIC -DPIC -o .libs/ofx_sgml.o
libtool: compile:  g++ -DHAVE_CONFIG_H -I. -I.. -I. -I../inc -I/usr/include/OpenSP -DMAKEFILE_DTD_PATH=\"/usr/share/libofx6/libofx/dtd\" -Wdate-time -D_FORTIFY_SOURCE=2 -DIN_LIBOFX -g -O2 -fdebug-prefix-map=/<<PKGBUILDDIR>>=. -fstack-protector-strong -Wformat -Werror=format-security -c ofx_sgml.cpp -o ofx_sgml.o >/dev/null 2>&1
/bin/bash ../libtool  --tag=CXX   --mode=compile g++ -DHAVE_CONFIG_H -I. -I..  -I. -I../inc -I/usr/include/OpenSP -DMAKEFILE_DTD_PATH=\"/usr/share/libofx6/libofx/dtd\" -Wdate-time -D_FORTIFY_SOURCE=2  -DIN_LIBOFX -g -O2 -fdebug-prefix-map=/<<PKGBUILDDIR>>=. -fstack-protector-strong -Wformat -Werror=format-security -c -o ofc_sgml.lo ofc_sgml.cpp
libtool: compile:  g++ -DHAVE_CONFIG_H -I. -I.. -I. -I../inc -I/usr/include/OpenSP -DMAKEFILE_DTD_PATH=\"/usr/share/libofx6/libofx/dtd\" -Wdate-time -D_FORTIFY_SOURCE=2 -DIN_LIBOFX -g -O2 -fdebug-prefix-map=/<<PKGBUILDDIR>>=. -fstack-protector-strong -Wformat -Werror=format-security -c ofc_sgml.cpp  -fPIC -DPIC -o .libs/ofc_sgml.o
libtool: compile:  g++ -DHAVE_CONFIG_H -I. -I.. -I. -I../inc -I/usr/include/OpenSP -DMAKEFILE_DTD_PATH=\"/usr/share/libofx6/libofx/dtd\" -Wdate-time -D_FORTIFY_SOURCE=2 -DIN_LIBOFX -g -O2 -fdebug-prefix-map=/<<PKGBUILDDIR>>=. -fstack-protector-strong -Wformat -Werror=format-security -c ofc_sgml.cpp -o ofc_sgml.o >/dev/null 2>&1
/bin/bash ../libtool  --tag=CXX   --mode=compile g++ -DHAVE_CONFIG_H -I. -I..  -I. -I../inc -I/usr/include/OpenSP -DMAKEFILE_DTD_PATH=\"/usr/share/libofx6/libofx/dtd\" -Wdate-time -D_FORTIFY_SOURCE=2  -DIN_LIBOFX -g -O2 -fdebug-prefix-map=/<<PKGBUILDDIR>>=. -fstack-protector-strong -Wformat -Werror=format-security -c -o win32.lo win32.cpp
libtool: compile:  g++ -DHAVE_CONFIG_H -I. -I.. -I. -I../inc -I/usr/include/OpenSP -DMAKEFILE_DTD_PATH=\"/usr/share/libofx6/libofx/dtd\" -Wdate-time -D_FORTIFY_SOURCE=2 -DIN_LIBOFX -g -O2 -fdebug-prefix-map=/<<PKGBUILDDIR>>=. -fstack-protector-strong -Wformat -Werror=format-security -c win32.cpp  -fPIC -DPIC -o .libs/win32.o
libtool: compile:  g++ -DHAVE_CONFIG_H -I. -I.. -I. -I../inc -I/usr/include/OpenSP -DMAKEFILE_DTD_PATH=\"/usr/share/libofx6/libofx/dtd\" -Wdate-time -D_FORTIFY_SOURCE=2 -DIN_LIBOFX -g -O2 -fdebug-prefix-map=/<<PKGBUILDDIR>>=. -fstack-protector-strong -Wformat -Werror=format-security -c win32.cpp -o win32.o >/dev/null 2>&1
/bin/bash ../libtool  --tag=CXX   --mode=link g++  -DIN_LIBOFX -g -O2 -fdebug-prefix-map=/<<PKGBUILDDIR>>=. -fstack-protector-strong -Wformat -Werror=format-security -no-undefined -version-info 6:0:0 -Wl,-z,relro -Wl,-z,now -Wl,--as-needed -o libofx.la -rpath /usr/lib/x86_64-linux-gnu messages.lo ofx_utilities.lo file_preproc.lo context.lo ofx_preproc.lo ofx_container_generic.lo ofx_container_main.lo ofx_container_security.lo ofx_container_statement.lo ofx_container_account.lo ofx_container_transaction.lo ofx_containers_misc.lo ofx_request.lo ofx_request_accountinfo.lo ofx_request_statement.lo ofx_sgml.lo ofc_sgml.lo win32.lo -L/usr/lib -losp  -lstdc++ 
libtool: link: g++  -fPIC -DPIC -shared -nostdlib /usr/bin/../lib/gcc/x86_64-linux-gnu/6.4.0/../../../x86_64-linux-gnu/crti.o /usr/bin/../lib/gcc/x86_64-linux-gnu/6.4.0/crtbeginS.o  .libs/messages.o .libs/ofx_utilities.o .libs/file_preproc.o .libs/context.o .libs/ofx_preproc.o .libs/ofx_container_generic.o .libs/ofx_container_main.o .libs/ofx_container_security.o .libs/ofx_container_statement.o .libs/ofx_container_account.o .libs/ofx_container_transaction.o .libs/ofx_containers_misc.o .libs/ofx_request.o .libs/ofx_request_accountinfo.o .libs/ofx_request_statement.o .libs/ofx_sgml.o .libs/ofc_sgml.o .libs/win32.o   -L/usr/lib -losp -L/usr/bin/../lib/gcc/x86_64-linux-gnu/6.4.0 -L/usr/bin/../lib/gcc/x86_64-linux-gnu/6.4.0/../../../x86_64-linux-gnu -L/lib/x86_64-linux-gnu -L/lib/../lib64 -L/usr/lib/x86_64-linux-gnu -L/usr/bin/../lib/gcc/x86_64-linux-gnu/6.4.0/../../.. -L/usr/lib/llvm-5.0/bin/../lib -L/lib -lstdc++ -lm -lc -lgcc_s /usr/bin/../lib/gcc/x86_64-linux-gnu/6.4.0/crtendS.o /usr/bin/../lib/gcc/x86_64-linux-gnu/6.4.0/../../../x86_64-linux-gnu/crtn.o  -g -O2 -fstack-protector-strong -Wl,-z -Wl,relro -Wl,-z -Wl,now -Wl,--as-needed   -Wl,-soname -Wl,libofx.so.6 -o .libs/libofx.so.6.0.0
libtool: link: (cd ".libs" && rm -f "libofx.so.6" && ln -s "libofx.so.6.0.0" "libofx.so.6")
libtool: link: (cd ".libs" && rm -f "libofx.so" && ln -s "libofx.so.6.0.0" "libofx.so")
libtool: link: ar cru .libs/libofx.a  messages.o ofx_utilities.o file_preproc.o context.o ofx_preproc.o ofx_container_generic.o ofx_container_main.o ofx_container_security.o ofx_container_statement.o ofx_container_account.o ofx_container_transaction.o ofx_containers_misc.o ofx_request.o ofx_request_accountinfo.o ofx_request_statement.o ofx_sgml.o ofc_sgml.o win32.o
ar: `u' modifier ignored since `D' is the default (see `U')
libtool: link: ranlib .libs/libofx.a
libtool: link: ( cd ".libs" && rm -f "libofx.la" && ln -s "../libofx.la" "libofx.la" )
make[3]: Leaving directory '/<<PKGBUILDDIR>>/lib'
Making all in doc
make[3]: Entering directory '/<<PKGBUILDDIR>>/doc'
make[4]: Entering directory '/<<PKGBUILDDIR>>/doc'
make[4]: Nothing to be done for 'all-am'.
make[4]: Leaving directory '/<<PKGBUILDDIR>>/doc'
make[3]: Leaving directory '/<<PKGBUILDDIR>>/doc'
Making all in .
make[3]: Entering directory '/<<PKGBUILDDIR>>'
make[3]: Leaving directory '/<<PKGBUILDDIR>>'
Making all in ofx2qif
make[3]: Entering directory '/<<PKGBUILDDIR>>/ofx2qif'
gcc -DHAVE_CONFIG_H -I. -I..  -I../inc -Wdate-time -D_FORTIFY_SOURCE=2  -DIN_LIBOFX -g -O2 -fdebug-prefix-map=/<<PKGBUILDDIR>>=. -fstack-protector-strong -Wformat -Werror=format-security -c -o ofx2qif.o ofx2qif.c
/bin/bash ../libtool  --tag=CC   --mode=link gcc  -DIN_LIBOFX -g -O2 -fdebug-prefix-map=/<<PKGBUILDDIR>>=. -fstack-protector-strong -Wformat -Werror=format-security  -Wl,-z,relro -Wl,-z,now -Wl,--as-needed -o ofx2qif ofx2qif.o ../lib/libofx.la 
libtool: link: gcc -DIN_LIBOFX -g -O2 -fdebug-prefix-map=/<<PKGBUILDDIR>>=. -fstack-protector-strong -Wformat -Werror=format-security -Wl,-z -Wl,relro -Wl,-z -Wl,now -Wl,--as-needed -o .libs/ofx2qif ofx2qif.o  ../lib/.libs/libofx.so
make[3]: Leaving directory '/<<PKGBUILDDIR>>/ofx2qif'
Making all in ofxdump
make[3]: Entering directory '/<<PKGBUILDDIR>>/ofxdump'
gengetopt --unamed-opts < cmdline.ggo
gcc -DHAVE_CONFIG_H -I. -I..  -I../inc '-DCMDLINE_PARSER_PACKAGE="ofxdump"' -Wdate-time -D_FORTIFY_SOURCE=2  -DIN_LIBOFX -g -O2 -fdebug-prefix-map=/<<PKGBUILDDIR>>=. -fstack-protector-strong -Wformat -Werror=format-security -c -o cmdline.o cmdline.c
g++ -DHAVE_CONFIG_H -I. -I..  -I../inc '-DCMDLINE_PARSER_PACKAGE="ofxdump"' -Wdate-time -D_FORTIFY_SOURCE=2  -DIN_LIBOFX -g -O2 -fdebug-prefix-map=/<<PKGBUILDDIR>>=. -fstack-protector-strong -Wformat -Werror=format-security -c -o ofxdump.o ofxdump.cpp
/bin/bash ../libtool  --tag=CXX   --mode=link g++  -DIN_LIBOFX -g -O2 -fdebug-prefix-map=/<<PKGBUILDDIR>>=. -fstack-protector-strong -Wformat -Werror=format-security  -Wl,-z,relro -Wl,-z,now -Wl,--as-needed -o ofxdump cmdline.o ofxdump.o ../lib/libofx.la 
libtool: link: g++ -DIN_LIBOFX -g -O2 -fdebug-prefix-map=/<<PKGBUILDDIR>>=. -fstack-protector-strong -Wformat -Werror=format-security -Wl,-z -Wl,relro -Wl,-z -Wl,now -Wl,--as-needed -o .libs/ofxdump cmdline.o ofxdump.o  ../lib/.libs/libofx.so
make  ofxdump
make[4]: Entering directory '/<<PKGBUILDDIR>>/ofxdump'
make[4]: 'ofxdump' is up to date.
make[4]: Leaving directory '/<<PKGBUILDDIR>>/ofxdump'
/usr/bin/help2man -n 'Dump content of OFX files as human-readable text' -N --output=ofxdump.1 ./ofxdump
make[3]: Leaving directory '/<<PKGBUILDDIR>>/ofxdump'
Making all in ofxconnect
make[3]: Entering directory '/<<PKGBUILDDIR>>/ofxconnect'
gengetopt --unamed-opts < cmdline.ggo
gcc -DHAVE_CONFIG_H -I. -I..  -I../inc -I/usr/include/libxml++-2.6 -I/usr/lib/x86_64-linux-gnu/libxml++-2.6/include -I/usr/include/libxml2 -I/usr/include/glibmm-2.4 -I/usr/lib/x86_64-linux-gnu/glibmm-2.4/include -I/usr/include/glib-2.0 -I/usr/lib/x86_64-linux-gnu/glib-2.0/include -I/usr/include/sigc++-2.0 -I/usr/lib/x86_64-linux-gnu/sigc++-2.0/include '-DCMDLINE_PARSER_PACKAGE="ofxconnect"' -Wdate-time -D_FORTIFY_SOURCE=2  -DIN_LIBOFX -g -O2 -fdebug-prefix-map=/<<PKGBUILDDIR>>=. -fstack-protector-strong -Wformat -Werror=format-security -c -o cmdline.o cmdline.c
g++ -DHAVE_CONFIG_H -I. -I..  -I../inc -I/usr/include/libxml++-2.6 -I/usr/lib/x86_64-linux-gnu/libxml++-2.6/include -I/usr/include/libxml2 -I/usr/include/glibmm-2.4 -I/usr/lib/x86_64-linux-gnu/glibmm-2.4/include -I/usr/include/glib-2.0 -I/usr/lib/x86_64-linux-gnu/glib-2.0/include -I/usr/include/sigc++-2.0 -I/usr/lib/x86_64-linux-gnu/sigc++-2.0/include '-DCMDLINE_PARSER_PACKAGE="ofxconnect"' -Wdate-time -D_FORTIFY_SOURCE=2  -DIN_LIBOFX -g -O2 -fdebug-prefix-map=/<<PKGBUILDDIR>>=. -fstack-protector-strong -Wformat -Werror=format-security -c -o nodeparser.o nodeparser.cpp
In file included from nodeparser.cpp:20:
In file included from ./nodeparser.h:25:
In file included from /usr/include/libxml++-2.6/libxml++/libxml++.h:50:
In file included from /usr/include/libxml++-2.6/libxml++/exceptions/internal_error.h:25:
In file included from /usr/include/libxml++-2.6/libxml++/exceptions/exception.h:24:
/usr/include/glibmm-2.4/glibmm/ustring.h:102:29: warning: alias declarations are a C++11 extension [-Wc++11-extensions]
  using iterator_category = std::bidirectional_iterator_tag;
                            ^
/usr/include/glibmm-2.4/glibmm/ustring.h:103:22: warning: alias declarations are a C++11 extension [-Wc++11-extensions]
  using value_type = gunichar;
                     ^
/usr/include/glibmm-2.4/glibmm/ustring.h:104:27: warning: alias declarations are a C++11 extension [-Wc++11-extensions]
  using difference_type = std::string::difference_type;
                          ^
/usr/include/glibmm-2.4/glibmm/ustring.h:105:21: warning: alias declarations are a C++11 extension [-Wc++11-extensions]
  using reference = value_type;
                    ^
/usr/include/glibmm-2.4/glibmm/ustring.h:106:19: warning: alias declarations are a C++11 extension [-Wc++11-extensions]
  using pointer = void;
                  ^
/usr/include/glibmm-2.4/glibmm/ustring.h:217:21: warning: alias declarations are a C++11 extension [-Wc++11-extensions]
  using size_type = std::string::size_type;
                    ^
/usr/include/glibmm-2.4/glibmm/ustring.h:218:27: warning: alias declarations are a C++11 extension [-Wc++11-extensions]
  using difference_type = std::string::difference_type;
                          ^
/usr/include/glibmm-2.4/glibmm/ustring.h:220:22: warning: alias declarations are a C++11 extension [-Wc++11-extensions]
  using value_type = gunichar;
                     ^
/usr/include/glibmm-2.4/glibmm/ustring.h:221:21: warning: alias declarations are a C++11 extension [-Wc++11-extensions]
  using reference = gunichar&;
                    ^
/usr/include/glibmm-2.4/glibmm/ustring.h:222:27: warning: alias declarations are a C++11 extension [-Wc++11-extensions]
  using const_reference = const gunichar&;
                          ^
/usr/include/glibmm-2.4/glibmm/ustring.h:224:20: warning: alias declarations are a C++11 extension [-Wc++11-extensions]
  using iterator = ustring_Iterator<std::string::iterator>;
                   ^
/usr/include/glibmm-2.4/glibmm/ustring.h:225:26: warning: alias declarations are a C++11 extension [-Wc++11-extensions]
  using const_iterator = ustring_Iterator<std::string::const_iterator>;
                         ^
/usr/include/glibmm-2.4/glibmm/ustring.h:229:28: warning: alias declarations are a C++11 extension [-Wc++11-extensions]
  using reverse_iterator = std::reverse_iterator<iterator>;
                           ^
/usr/include/glibmm-2.4/glibmm/ustring.h:230:34: warning: alias declarations are a C++11 extension [-Wc++11-extensions]
  using const_reverse_iterator = std::reverse_iterator<const_iterator>;
                                 ^
/usr/include/glibmm-2.4/glibmm/ustring.h:256:13: error: expected ';' at end of declaration list
  ~ustring() noexcept;
            ^
            ;
/usr/include/glibmm-2.4/glibmm/ustring.h:266:18: warning: rvalue references are a C++11 extension [-Wc++11-extensions]
  ustring(ustring&& other);
                 ^
/usr/include/glibmm-2.4/glibmm/ustring.h:276:29: warning: rvalue references are a C++11 extension [-Wc++11-extensions]
  ustring& operator=(ustring&& other);
                            ^
/usr/include/glibmm-2.4/glibmm/ustring.h:291:22: warning: rvalue references are a C++11 extension [-Wc++11-extensions]
  ustring(std::string&& src);
                     ^
/usr/include/glibmm-2.4/glibmm/ustring.h:334:33: warning: rvalue references are a C++11 extension [-Wc++11-extensions]
  ustring& operator=(std::string&& src);
                                ^
/usr/include/glibmm-2.4/glibmm/ustring.h:340:26: warning: rvalue references are a C++11 extension [-Wc++11-extensions]
  ustring& assign(ustring&& src);
                         ^
/usr/include/glibmm-2.4/glibmm/ustring.h:861:48: warning: deleted function definitions are a C++11 extension [-Wc++11-extensions]
  FormatStream(const ustring::FormatStream&) = delete;
                                               ^
/usr/include/glibmm-2.4/glibmm/ustring.h:862:59: warning: deleted function definitions are a C++11 extension [-Wc++11-extensions]
  FormatStream& operator=(const ustring::FormatStream&) = delete;
                                                          ^
/usr/include/glibmm-2.4/glibmm/ustring.h:866:22: warning: alias declarations are a C++11 extension [-Wc++11-extensions]
  using StreamType = std::wostringstream;
                     ^
/usr/include/glibmm-2.4/glibmm/ustring.h:874:18: error: expected ';' at end of declaration list
  ~FormatStream() noexcept;
                 ^
                 ;
/usr/include/glibmm-2.4/glibmm/ustring.h:1260:45: warning: deleted function definitions are a C++11 extension [-Wc++11-extensions]
  Stringify(const ustring::Stringify<T>&) = delete;
                                            ^
/usr/include/glibmm-2.4/glibmm/ustring.h:1261:59: warning: deleted function definitions are a C++11 extension [-Wc++11-extensions]
  Stringify<T>& operator=(const ustring::Stringify<T>&) = delete;
                                                          ^
/usr/include/glibmm-2.4/glibmm/ustring.h:1277:51: warning: deleted function definitions are a C++11 extension [-Wc++11-extensions]
  Stringify(const ustring::Stringify<ustring>&) = delete;
                                                  ^
/usr/include/glibmm-2.4/glibmm/ustring.h:1278:71: warning: deleted function definitions are a C++11 extension [-Wc++11-extensions]
  Stringify<ustring>& operator=(const ustring::Stringify<ustring>&) = delete;
                                                                      ^
/usr/include/glibmm-2.4/glibmm/ustring.h:1296:55: warning: deleted function definitions are a C++11 extension [-Wc++11-extensions]
  Stringify(const ustring::Stringify<const char*>&) = delete;
                                                      ^
/usr/include/glibmm-2.4/glibmm/ustring.h:1297:75: warning: deleted function definitions are a C++11 extension [-Wc++11-extensions]
  Stringify<ustring>& operator=(const ustring::Stringify<const char*>&) = delete;
                                                                          ^
/usr/include/glibmm-2.4/glibmm/ustring.h:1315:51: warning: deleted function definitions are a C++11 extension [-Wc++11-extensions]
  Stringify(const ustring::Stringify<char[N]>&) = delete;
                                                  ^
/usr/include/glibmm-2.4/glibmm/ustring.h:1316:71: warning: deleted function definitions are a C++11 extension [-Wc++11-extensions]
  Stringify<ustring>& operator=(const ustring::Stringify<char[N]>&) = delete;
                                                                      ^
/usr/include/glibmm-2.4/glibmm/ustring.h:1335:57: warning: deleted function definitions are a C++11 extension [-Wc++11-extensions]
  Stringify(const ustring::Stringify<const char[N]>&) = delete;
                                                        ^
/usr/include/glibmm-2.4/glibmm/ustring.h:1336:77: warning: deleted function definitions are a C++11 extension [-Wc++11-extensions]
  Stringify<ustring>& operator=(const ustring::Stringify<const char[N]>&) = delete;
                                                                            ^
/usr/include/glibmm-2.4/glibmm/ustring.h:1346:40: error: use of undeclared identifier 'nullptr'
  return ustring::compose_argv(fmt, 0, nullptr);
                                       ^
/usr/include/glibmm-2.4/glibmm/ustring.h:1634:48: warning: deleted function definitions are a C++11 extension [-Wc++11-extensions]
bool operator==(const ustring& lhs, int rhs) = delete;
                                               ^
/usr/include/glibmm-2.4/glibmm/ustring.h:1635:48: warning: deleted function definitions are a C++11 extension [-Wc++11-extensions]
bool operator==(int lhs, const ustring& rhs) = delete;
                                               ^
/usr/include/glibmm-2.4/glibmm/ustring.h:1636:48: warning: deleted function definitions are a C++11 extension [-Wc++11-extensions]
bool operator!=(const ustring& lhs, int rhs) = delete;
                                               ^
/usr/include/glibmm-2.4/glibmm/ustring.h:1637:48: warning: deleted function definitions are a C++11 extension [-Wc++11-extensions]
bool operator!=(int lhs, const ustring& rhs) = delete;
                                               ^
/usr/include/glibmm-2.4/glibmm/ustring.h:1638:47: warning: deleted function definitions are a C++11 extension [-Wc++11-extensions]
bool operator<(const ustring& lhs, int rhs) = delete;
                                              ^
/usr/include/glibmm-2.4/glibmm/ustring.h:1639:47: warning: deleted function definitions are a C++11 extension [-Wc++11-extensions]
bool operator<(int lhs, const ustring& rhs) = delete;
                                              ^
/usr/include/glibmm-2.4/glibmm/ustring.h:1640:47: warning: deleted function definitions are a C++11 extension [-Wc++11-extensions]
bool operator>(const ustring& lhs, int rhs) = delete;
                                              ^
/usr/include/glibmm-2.4/glibmm/ustring.h:1641:47: warning: deleted function definitions are a C++11 extension [-Wc++11-extensions]
bool operator>(int lhs, const ustring& rhs) = delete;
                                              ^
/usr/include/glibmm-2.4/glibmm/ustring.h:1642:48: warning: deleted function definitions are a C++11 extension [-Wc++11-extensions]
bool operator<=(const ustring& lhs, int rhs) = delete;
                                               ^
/usr/include/glibmm-2.4/glibmm/ustring.h:1643:48: warning: deleted function definitions are a C++11 extension [-Wc++11-extensions]
bool operator<=(int lhs, const ustring& rhs) = delete;
                                               ^
/usr/include/glibmm-2.4/glibmm/ustring.h:1644:48: warning: deleted function definitions are a C++11 extension [-Wc++11-extensions]
bool operator>=(const ustring& lhs, int rhs) = delete;
                                               ^
/usr/include/glibmm-2.4/glibmm/ustring.h:1645:48: warning: deleted function definitions are a C++11 extension [-Wc++11-extensions]
bool operator>=(int lhs, const ustring& rhs) = delete;
                                               ^
In file included from nodeparser.cpp:20:
In file included from ./nodeparser.h:25:
In file included from /usr/include/libxml++-2.6/libxml++/libxml++.h:50:
In file included from /usr/include/libxml++-2.6/libxml++/exceptions/internal_error.h:25:
/usr/include/libxml++-2.6/libxml++/exceptions/exception.h:42:3: error: exception specification of overriding function is more lax than base version
  ~exception() noexcept override;
  ^
/usr/bin/../lib/gcc/x86_64-linux-gnu/6.4.0/../../../../include/c++/6.4.0/exception:66:13: note: overridden virtual function is here
    virtual ~exception() _GLIBCXX_TXN_SAFE_DYN _GLIBCXX_USE_NOEXCEPT;
            ^
In file included from nodeparser.cpp:20:
In file included from ./nodeparser.h:25:
In file included from /usr/include/libxml++-2.6/libxml++/libxml++.h:50:
In file included from /usr/include/libxml++-2.6/libxml++/exceptions/internal_error.h:25:
/usr/include/libxml++-2.6/libxml++/exceptions/exception.h:42:15: error: expected ';' at end of declaration list
  ~exception() noexcept override;
              ^
              ;
/usr/include/libxml++-2.6/libxml++/exceptions/exception.h:44:15: error: exception specification of overriding function is more lax than base version
  const char* what() const noexcept override;
              ^
/usr/bin/../lib/gcc/x86_64-linux-gnu/6.4.0/../../../../include/c++/6.4.0/exception:71:5: note: overridden virtual function is here
    what() const _GLIBCXX_TXN_SAFE_DYN _GLIBCXX_USE_NOEXCEPT;
    ^
In file included from nodeparser.cpp:20:
In file included from ./nodeparser.h:25:
In file included from /usr/include/libxml++-2.6/libxml++/libxml++.h:50:
In file included from /usr/include/libxml++-2.6/libxml++/exceptions/internal_error.h:25:
/usr/include/libxml++-2.6/libxml++/exceptions/exception.h:44:27: error: expected ';' at end of declaration list
  const char* what() const noexcept override;
                          ^
                          ;
/usr/include/libxml++-2.6/libxml++/exceptions/exception.h:63:57: error: use of undeclared identifier 'nullptr'
Glib::ustring format_xml_error(const _xmlError* error = nullptr);
                                                        ^
In file included from nodeparser.cpp:20:
In file included from ./nodeparser.h:25:
In file included from /usr/include/libxml++-2.6/libxml++/libxml++.h:50:
/usr/include/libxml++-2.6/libxml++/exceptions/internal_error.h:36:20: error: expected ';' at end of declaration list
  ~internal_error() noexcept override;
                   ^
                   ;
/usr/include/libxml++-2.6/libxml++/exceptions/internal_error.h:38:22: warning: 'override' keyword is a C++11 extension [-Wc++11-extensions]
  void Raise() const override;
                     ^
/usr/include/libxml++-2.6/libxml++/exceptions/internal_error.h:39:29: warning: 'override' keyword is a C++11 extension [-Wc++11-extensions]
  exception * Clone() const override;
                            ^
In file included from nodeparser.cpp:20:
In file included from ./nodeparser.h:25:
In file included from /usr/include/libxml++-2.6/libxml++/libxml++.h:51:
/usr/include/libxml++-2.6/libxml++/exceptions/parse_error.h:39:17: error: expected ';' at end of declaration list
  ~parse_error() noexcept override;
                ^
                ;
/usr/include/libxml++-2.6/libxml++/exceptions/parse_error.h:41:22: warning: 'override' keyword is a C++11 extension [-Wc++11-extensions]
  void Raise() const override;
                     ^
/usr/include/libxml++-2.6/libxml++/exceptions/parse_error.h:42:28: warning: 'override' keyword is a C++11 extension [-Wc++11-extensions]
  exception* Clone() const override;
                           ^
In file included from nodeparser.cpp:20:
In file included from ./nodeparser.h:25:
In file included from /usr/include/libxml++-2.6/libxml++/libxml++.h:52:
In file included from /usr/include/libxml++-2.6/libxml++/parsers/domparser.h:10:
In file included from /usr/include/libxml++-2.6/libxml++/parsers/parser.h:14:
In file included from /usr/include/libxml++-2.6/libxml++/nodes/element.h:10:
In file included from /usr/include/libxml++-2.6/libxml++/nodes/node.h:10:
/usr/include/libxml++-2.6/libxml++/noncopyable.h:23:37: warning: deleted function definitions are a C++11 extension [-Wc++11-extensions]
  NonCopyable(const NonCopyable&) = delete;
                                    ^
/usr/include/libxml++-2.6/libxml++/noncopyable.h:24:48: warning: deleted function definitions are a C++11 extension [-Wc++11-extensions]
  NonCopyable& operator=(const NonCopyable&) = delete;
                                               ^
In file included from nodeparser.cpp:20:
In file included from ./nodeparser.h:25:
In file included from /usr/include/libxml++-2.6/libxml++/libxml++.h:52:
In file included from /usr/include/libxml++-2.6/libxml++/parsers/domparser.h:10:
In file included from /usr/include/libxml++-2.6/libxml++/parsers/parser.h:14:
In file included from /usr/include/libxml++-2.6/libxml++/nodes/element.h:10:
/usr/include/libxml++-2.6/libxml++/nodes/node.h:61:11: warning: 'override' keyword is a C++11 extension [-Wc++11-extensions]
  ~Node() override;
          ^
/usr/include/libxml++-2.6/libxml++/nodes/node.h:310:83: error: use of undeclared identifier 'nullptr'
  bool eval_to_boolean(const Glib::ustring& xpath, XPathResultType* result_type = nullptr) const;
                                                                                  ^
/usr/include/libxml++-2.6/libxml++/nodes/node.h:326:36: error: use of undeclared identifier 'nullptr'
    XPathResultType* result_type = nullptr) const;
                                   ^
/usr/include/libxml++-2.6/libxml++/nodes/node.h:339:84: error: use of undeclared identifier 'nullptr'
  double eval_to_number(const Glib::ustring& xpath, XPathResultType* result_type = nullptr) const;
                                                                                   ^
/usr/include/libxml++-2.6/libxml++/nodes/node.h:354:36: error: use of undeclared identifier 'nullptr'
    XPathResultType* result_type = nullptr) const;
                                   ^
/usr/include/libxml++-2.6/libxml++/nodes/node.h:367:91: error: use of undeclared identifier 'nullptr'
  Glib::ustring eval_to_string(const Glib::ustring& xpath, XPathResultType* result_type = nullptr) const;
                                                                                          ^
/usr/include/libxml++-2.6/libxml++/nodes/node.h:382:36: error: use of undeclared identifier 'nullptr'
    XPathResultType* result_type = nullptr) const;
                                   ^
In file included from nodeparser.cpp:20:
In file included from ./nodeparser.h:25:
In file included from /usr/include/libxml++-2.6/libxml++/libxml++.h:52:
In file included from /usr/include/libxml++-2.6/libxml++/parsers/domparser.h:10:
In file included from /usr/include/libxml++-2.6/libxml++/parsers/parser.h:14:
In file included from /usr/include/libxml++-2.6/libxml++/nodes/element.h:11:
/usr/include/libxml++-2.6/libxml++/attribute.h:31:16: warning: 'override' keyword is a C++11 extension [-Wc++11-extensions]
  ~Attribute() override;
               ^
In file included from nodeparser.cpp:20:
In file included from ./nodeparser.h:25:
In file included from /usr/include/libxml++-2.6/libxml++/libxml++.h:52:
In file included from /usr/include/libxml++-2.6/libxml++/parsers/domparser.h:10:
In file included from /usr/include/libxml++-2.6/libxml++/parsers/parser.h:14:
In file included from /usr/include/libxml++-2.6/libxml++/nodes/element.h:12:
In file included from /usr/include/libxml++-2.6/libxml++/nodes/commentnode.h:10:
/usr/include/libxml++-2.6/libxml++/nodes/contentnode.h:21:18: warning: 'override' keyword is a C++11 extension [-Wc++11-extensions]
  ~ContentNode() override;
                 ^
In file included from nodeparser.cpp:20:
In file included from ./nodeparser.h:25:
In file included from /usr/include/libxml++-2.6/libxml++/libxml++.h:52:
In file included from /usr/include/libxml++-2.6/libxml++/parsers/domparser.h:10:
In file included from /usr/include/libxml++-2.6/libxml++/parsers/parser.h:14:
In file included from /usr/include/libxml++-2.6/libxml++/nodes/element.h:12:
/usr/include/libxml++-2.6/libxml++/nodes/commentnode.h:21:18: warning: 'override' keyword is a C++11 extension [-Wc++11-extensions]
  ~CommentNode() override;
                 ^
In file included from nodeparser.cpp:20:
In file included from ./nodeparser.h:25:
In file included from /usr/include/libxml++-2.6/libxml++/libxml++.h:52:
In file included from /usr/include/libxml++-2.6/libxml++/parsers/domparser.h:10:
In file included from /usr/include/libxml++-2.6/libxml++/parsers/parser.h:14:
In file included from /usr/include/libxml++-2.6/libxml++/nodes/element.h:13:
/usr/include/libxml++-2.6/libxml++/nodes/cdatanode.h:22:16: warning: 'override' keyword is a C++11 extension [-Wc++11-extensions]
  ~CdataNode() override;
               ^
In file included from nodeparser.cpp:20:
In file included from ./nodeparser.h:25:
In file included from /usr/include/libxml++-2.6/libxml++/libxml++.h:52:
In file included from /usr/include/libxml++-2.6/libxml++/parsers/domparser.h:10:
In file included from /usr/include/libxml++-2.6/libxml++/parsers/parser.h:14:
In file included from /usr/include/libxml++-2.6/libxml++/nodes/element.h:14:
/usr/include/libxml++-2.6/libxml++/nodes/textnode.h:21:15: warning: 'override' keyword is a C++11 extension [-Wc++11-extensions]
  ~TextNode() override;
              ^
In file included from nodeparser.cpp:20:
In file included from ./nodeparser.h:25:
In file included from /usr/include/libxml++-2.6/libxml++/libxml++.h:52:
In file included from /usr/include/libxml++-2.6/libxml++/parsers/domparser.h:10:
In file included from /usr/include/libxml++-2.6/libxml++/parsers/parser.h:14:
In file included from /usr/include/libxml++-2.6/libxml++/nodes/element.h:15:
/usr/include/libxml++-2.6/libxml++/nodes/processinginstructionnode.h:19:32: warning: 'override' keyword is a C++11 extension [-Wc++11-extensions]
  ~ProcessingInstructionNode() override;
                               ^
In file included from nodeparser.cpp:20:
In file included from ./nodeparser.h:25:
In file included from /usr/include/libxml++-2.6/libxml++/libxml++.h:52:
In file included from /usr/include/libxml++-2.6/libxml++/parsers/domparser.h:10:
In file included from /usr/include/libxml++-2.6/libxml++/parsers/parser.h:14:
In file included from /usr/include/libxml++-2.6/libxml++/nodes/element.h:16:
/usr/include/libxml++-2.6/libxml++/nodes/entityreference.h:21:22: warning: 'override' keyword is a C++11 extension [-Wc++11-extensions]
  ~EntityReference() override;
                     ^
In file included from nodeparser.cpp:20:
In file included from ./nodeparser.h:25:
In file included from /usr/include/libxml++-2.6/libxml++/libxml++.h:52:
In file included from /usr/include/libxml++-2.6/libxml++/parsers/domparser.h:10:
In file included from /usr/include/libxml++-2.6/libxml++/parsers/parser.h:14:
/usr/include/libxml++-2.6/libxml++/nodes/element.h:27:14: warning: 'override' keyword is a C++11 extension [-Wc++11-extensions]
  ~Element() override;
             ^
In file included from nodeparser.cpp:20:
In file included from ./nodeparser.h:25:
In file included from /usr/include/libxml++-2.6/libxml++/libxml++.h:52:
In file included from /usr/include/libxml++-2.6/libxml++/parsers/domparser.h:10:
In file included from /usr/include/libxml++-2.6/libxml++/parsers/parser.h:15:
/usr/include/libxml++-2.6/libxml++/exceptions/validity_error.h:36:20: error: expected ';' at end of declaration list
  ~validity_error() noexcept override;
                   ^
                   ;
/usr/include/libxml++-2.6/libxml++/exceptions/validity_error.h:38:22: warning: 'override' keyword is a C++11 extension [-Wc++11-extensions]
  void Raise() const override;
                     ^
/usr/include/libxml++-2.6/libxml++/exceptions/validity_error.h:39:28: warning: 'override' keyword is a C++11 extension [-Wc++11-extensions]
  exception* Clone() const override;
                           ^
In file included from nodeparser.cpp:20:
In file included from ./nodeparser.h:25:
In file included from /usr/include/libxml++-2.6/libxml++/libxml++.h:52:
In file included from /usr/include/libxml++-2.6/libxml++/parsers/domparser.h:10:
/usr/include/libxml++-2.6/libxml++/parsers/parser.h:38:13: warning: 'override' keyword is a C++11 extension [-Wc++11-extensions]
  ~Parser() override;
            ^
/usr/include/libxml++-2.6/libxml++/parsers/parser.h:209:10: warning: unelaborated friend declaration is a C++11 extension; specify 'class' to befriend 'xmlpp::SaxParserCallback' [-Wc++11-extensions]
  friend SaxParserCallback; // Remove, when handle_exception() is made protected.
         ^
         class
In file included from nodeparser.cpp:20:
In file included from ./nodeparser.h:25:
In file included from /usr/include/libxml++-2.6/libxml++/libxml++.h:52:
In file included from /usr/include/libxml++-2.6/libxml++/parsers/domparser.h:12:
/usr/include/libxml++-2.6/libxml++/document.h:77:15: warning: 'override' keyword is a C++11 extension [-Wc++11-extensions]
  ~Document() override;
              ^
In file included from nodeparser.cpp:20:
In file included from ./nodeparser.h:25:
In file included from /usr/include/libxml++-2.6/libxml++/libxml++.h:52:
/usr/include/libxml++-2.6/libxml++/parsers/domparser.h:35:16: warning: 'override' keyword is a C++11 extension [-Wc++11-extensions]
  ~DomParser() override;
               ^
/usr/include/libxml++-2.6/libxml++/parsers/domparser.h:45:50: warning: 'override' keyword is a C++11 extension [-Wc++11-extensions]
  void parse_file(const Glib::ustring& filename) override;
                                                 ^
/usr/include/libxml++-2.6/libxml++/parsers/domparser.h:55:52: warning: 'override' keyword is a C++11 extension [-Wc++11-extensions]
  void parse_memory(const Glib::ustring& contents) override;
                                                   ^
/usr/include/libxml++-2.6/libxml++/parsers/domparser.h:76:39: warning: 'override' keyword is a C++11 extension [-Wc++11-extensions]
  void parse_stream(std::istream& in) override;
                                      ^
/usr/include/libxml++-2.6/libxml++/parsers/domparser.h:96:29: warning: 'override' keyword is a C++11 extension [-Wc++11-extensions]
  void release_underlying() override;
                            ^
In file included from nodeparser.cpp:20:
In file included from ./nodeparser.h:25:
In file included from /usr/include/libxml++-2.6/libxml++/libxml++.h:53:
/usr/include/libxml++-2.6/libxml++/parsers/saxparser.h:86:16: warning: 'override' keyword is a C++11 extension [-Wc++11-extensions]
  ~SaxParser() override;
               ^
/usr/include/libxml++-2.6/libxml++/parsers/saxparser.h:94:50: warning: 'override' keyword is a C++11 extension [-Wc++11-extensions]
  void parse_file(const Glib::ustring& filename) override;
                                                 ^
/usr/include/libxml++-2.6/libxml++/parsers/saxparser.h:102:52: warning: 'override' keyword is a C++11 extension [-Wc++11-extensions]
  void parse_memory(const Glib::ustring& contents) override;
                                                   ^
/usr/include/libxml++-2.6/libxml++/parsers/saxparser.h:119:39: warning: 'override' keyword is a C++11 extension [-Wc++11-extensions]
  void parse_stream(std::istream& in) override;
                                      ^
/usr/include/libxml++-2.6/libxml++/parsers/saxparser.h:218:29: warning: 'override' keyword is a C++11 extension [-Wc++11-extensions]
  void release_underlying() override;
                            ^
In file included from nodeparser.cpp:20:
In file included from ./nodeparser.h:25:
In file included from /usr/include/libxml++-2.6/libxml++/libxml++.h:54:
/usr/include/libxml++-2.6/libxml++/parsers/textreader.h:97:19: warning: 'override' keyword is a C++11 extension [-Wc++11-extensions]
    ~TextReader() override;
                  ^
In file included from nodeparser.cpp:20:
In file included from ./nodeparser.h:25:
In file included from /usr/include/libxml++-2.6/libxml++/libxml++.h:59:
/usr/include/libxml++-2.6/libxml++/nodes/entitydeclaration.h:30:24: warning: 'override' keyword is a C++11 extension [-Wc++11-extensions]
  ~EntityDeclaration() override;
                       ^
In file included from nodeparser.cpp:20:
In file included from ./nodeparser.h:25:
In file included from /usr/include/libxml++-2.6/libxml++/libxml++.h:63:
/usr/include/libxml++-2.6/libxml++/nodes/xincludeend.h:36:18: warning: 'override' keyword is a C++11 extension [-Wc++11-extensions]
  ~XIncludeEnd() override;
                 ^
In file included from nodeparser.cpp:20:
In file included from ./nodeparser.h:25:
In file included from /usr/include/libxml++-2.6/libxml++/libxml++.h:64:
/usr/include/libxml++-2.6/libxml++/nodes/xincludestart.h:36:20: warning: 'override' keyword is a C++11 extension [-Wc++11-extensions]
  ~XIncludeStart() override;
                   ^
In file included from nodeparser.cpp:20:
In file included from ./nodeparser.h:25:
In file included from /usr/include/libxml++-2.6/libxml++/libxml++.h:66:
/usr/include/libxml++-2.6/libxml++/attributedeclaration.h:32:27: warning: 'override' keyword is a C++11 extension [-Wc++11-extensions]
  ~AttributeDeclaration() override;
                          ^
In file included from nodeparser.cpp:20:
In file included from ./nodeparser.h:25:
In file included from /usr/include/libxml++-2.6/libxml++/libxml++.h:67:
/usr/include/libxml++-2.6/libxml++/attributenode.h:27:20: warning: 'override' keyword is a C++11 extension [-Wc++11-extensions]
  ~AttributeNode() override;
                   ^
In file included from nodeparser.cpp:20:
In file included from ./nodeparser.h:25:
In file included from /usr/include/libxml++-2.6/libxml++/libxml++.h:69:
In file included from /usr/include/libxml++-2.6/libxml++/relaxngschema.h:24:
/usr/include/libxml++-2.6/libxml++/schemabase.h:41:17: warning: 'override' keyword is a C++11 extension [-Wc++11-extensions]
  ~SchemaBase() override;
                ^
In file included from nodeparser.cpp:20:
In file included from ./nodeparser.h:25:
In file included from /usr/include/libxml++-2.6/libxml++/libxml++.h:69:
/usr/include/libxml++-2.6/libxml++/relaxngschema.h:68:20: warning: 'override' keyword is a C++11 extension [-Wc++11-extensions]
  ~RelaxNGSchema() override;
                   ^
/usr/include/libxml++-2.6/libxml++/relaxngschema.h:78:50: warning: 'override' keyword is a C++11 extension [-Wc++11-extensions]
  void parse_file(const Glib::ustring& filename) override;
                                                 ^
/usr/include/libxml++-2.6/libxml++/relaxngschema.h:87:52: warning: 'override' keyword is a C++11 extension [-Wc++11-extensions]
  void parse_memory(const Glib::ustring& contents) override;
                                                   ^
/usr/include/libxml++-2.6/libxml++/relaxngschema.h:94:49: warning: 'override' keyword is a C++11 extension [-Wc++11-extensions]
  void parse_document(const Document* document) override;
                                                ^
In file included from nodeparser.cpp:20:
In file included from ./nodeparser.h:25:
In file included from /usr/include/libxml++-2.6/libxml++/libxml++.h:70:
/usr/include/libxml++-2.6/libxml++/xsdschema.h:64:16: warning: 'override' keyword is a C++11 extension [-Wc++11-extensions]
  ~XsdSchema() override;
               ^
/usr/include/libxml++-2.6/libxml++/xsdschema.h:71:50: warning: 'override' keyword is a C++11 extension [-Wc++11-extensions]
  void parse_file(const Glib::ustring& filename) override;
                                                 ^
/usr/include/libxml++-2.6/libxml++/xsdschema.h:78:52: warning: 'override' keyword is a C++11 extension [-Wc++11-extensions]
  void parse_memory(const Glib::ustring& contents) override;
                                                   ^
/usr/include/libxml++-2.6/libxml++/xsdschema.h:85:49: warning: 'override' keyword is a C++11 extension [-Wc++11-extensions]
  void parse_document(const Document* document) override;
                                                ^
In file included from nodeparser.cpp:20:
In file included from ./nodeparser.h:25:
In file included from /usr/include/libxml++-2.6/libxml++/libxml++.h:71:
/usr/include/libxml++-2.6/libxml++/validators/validator.h:31:16: warning: 'override' keyword is a C++11 extension [-Wc++11-extensions]
  ~Validator() override;
               ^
In file included from nodeparser.cpp:20:
In file included from ./nodeparser.h:25:
In file included from /usr/include/libxml++-2.6/libxml++/libxml++.h:72:
/usr/include/libxml++-2.6/libxml++/validators/dtdvalidator.h:37:19: warning: 'override' keyword is a C++11 extension [-Wc++11-extensions]
  ~DtdValidator() override;
                  ^
/usr/include/libxml++-2.6/libxml++/validators/dtdvalidator.h:96:29: warning: 'override' keyword is a C++11 extension [-Wc++11-extensions]
  void release_underlying() override;
                            ^
In file included from nodeparser.cpp:20:
In file included from ./nodeparser.h:25:
In file included from /usr/include/libxml++-2.6/libxml++/libxml++.h:73:
In file included from /usr/include/libxml++-2.6/libxml++/validators/relaxngvalidator.h:24:
/usr/include/libxml++-2.6/libxml++/validators/schemavalidatorbase.h:42:26: warning: 'override' keyword is a C++11 extension [-Wc++11-extensions]
  ~SchemaValidatorBase() override;
                         ^
/usr/include/libxml++-2.6/libxml++/validators/schemavalidatorbase.h:101:27: warning: 'override' keyword is a C++11 extension [-Wc++11-extensions]
  void initialize_valid() override;
                          ^
/usr/include/libxml++-2.6/libxml++/validators/schemavalidatorbase.h:102:29: warning: 'override' keyword is a C++11 extension [-Wc++11-extensions]
  void release_underlying() override;
                            ^
In file included from nodeparser.cpp:20:
In file included from ./nodeparser.h:25:
In file included from /usr/include/libxml++-2.6/libxml++/libxml++.h:73:
/usr/include/libxml++-2.6/libxml++/validators/relaxngvalidator.h:72:23: warning: 'override' keyword is a C++11 extension [-Wc++11-extensions]
  ~RelaxNGValidator() override;
                      ^
/usr/include/libxml++-2.6/libxml++/validators/relaxngvalidator.h:154:27: warning: 'override' keyword is a C++11 extension [-Wc++11-extensions]
  void initialize_valid() override;
                          ^
/usr/include/libxml++-2.6/libxml++/validators/relaxngvalidator.h:155:29: warning: 'override' keyword is a C++11 extension [-Wc++11-extensions]
  void release_underlying() override;
                            ^
/usr/include/libxml++-2.6/libxml++/validators/relaxngvalidator.h:86:16: warning: 'parse_file' overrides a member function but is not marked 'override' [-Winconsistent-missing-override]
  virtual void parse_file(const Glib::ustring& filename);
               ^
/usr/include/libxml++-2.6/libxml++/validators/schemavalidatorbase.h:53:16: note: overridden virtual function is here
  virtual void parse_file(const Glib::ustring& filename) = 0;
               ^
In file included from nodeparser.cpp:20:
In file included from ./nodeparser.h:25:
In file included from /usr/include/libxml++-2.6/libxml++/libxml++.h:73:
/usr/include/libxml++-2.6/libxml++/validators/relaxngvalidator.h:96:16: warning: 'parse_memory' overrides a member function but is not marked 'override' [-Winconsistent-missing-override]
  virtual void parse_memory(const Glib::ustring& contents);
               ^
/usr/include/libxml++-2.6/libxml++/validators/schemavalidatorbase.h:61:16: note: overridden virtual function is here
  virtual void parse_memory(const Glib::ustring& contents) = 0;
               ^
In file included from nodeparser.cpp:20:
In file included from ./nodeparser.h:25:
In file included from /usr/include/libxml++-2.6/libxml++/libxml++.h:73:
/usr/include/libxml++-2.6/libxml++/validators/relaxngvalidator.h:104:16: warning: 'parse_document' overrides a member function but is not marked 'override' [-Winconsistent-missing-override]
  virtual void parse_document(const Document* document);
               ^
/usr/include/libxml++-2.6/libxml++/validators/schemavalidatorbase.h:69:16: note: overridden virtual function is here
  virtual void parse_document(const Document* document) = 0;
               ^
In file included from nodeparser.cpp:20:
In file included from ./nodeparser.h:25:
In file included from /usr/include/libxml++-2.6/libxml++/libxml++.h:73:
/usr/include/libxml++-2.6/libxml++/validators/relaxngvalidator.h:126:11: warning: 'operator const void *' overrides a member function but is not marked 'override' [-Winconsistent-missing-override]
  virtual operator BoolExpr() const;
          ^
/usr/include/libxml++-2.6/libxml++/validators/schemavalidatorbase.h:83:11: note: overridden virtual function is here
  virtual operator BoolExpr() const = 0;
          ^
In file included from nodeparser.cpp:20:
In file included from ./nodeparser.h:25:
In file included from /usr/include/libxml++-2.6/libxml++/libxml++.h:73:
/usr/include/libxml++-2.6/libxml++/validators/relaxngvalidator.h:143:16: warning: 'validate' overrides a member function but is not marked 'override' [-Winconsistent-missing-override]
  virtual void validate(const Document* document);
               ^
/usr/include/libxml++-2.6/libxml++/validators/schemavalidatorbase.h:90:16: note: overridden virtual function is here
  virtual void validate(const Document* document) = 0;
               ^
In file included from nodeparser.cpp:20:
In file included from ./nodeparser.h:25:
In file included from /usr/include/libxml++-2.6/libxml++/libxml++.h:73:
/usr/include/libxml++-2.6/libxml++/validators/relaxngvalidator.h:151:16: warning: 'validate' overrides a member function but is not marked 'override' [-Winconsistent-missing-override]
  virtual void validate(const Glib::ustring& filename);
               ^
/usr/include/libxml++-2.6/libxml++/validators/schemavalidatorbase.h:98:16: note: overridden virtual function is here
  virtual void validate(const Glib::ustring& filename) = 0;
               ^
In file included from nodeparser.cpp:20:
In file included from ./nodeparser.h:25:
In file included from /usr/include/libxml++-2.6/libxml++/libxml++.h:74:
In file included from /usr/include/libxml++-2.6/libxml++/validators/schemavalidator.h:12:
/usr/include/libxml++-2.6/libxml++/schema.h:48:40: error: use of undeclared identifier 'nullptr'
  explicit Schema(Document* document = nullptr, bool embed = false);
                                       ^
/usr/include/libxml++-2.6/libxml++/schema.h:62:50: error: use of undeclared identifier 'nullptr'
  virtual void set_document(Document* document = nullptr, bool embed = false);
                                                 ^
In file included from nodeparser.cpp:20:
In file included from ./nodeparser.h:25:
In file included from /usr/include/libxml++-2.6/libxml++/libxml++.h:74:
/usr/include/libxml++-2.6/libxml++/validators/schemavalidator.h:62:22: warning: 'override' keyword is a C++11 extension [-Wc++11-extensions]
  ~SchemaValidator() override;
                     ^
/usr/include/libxml++-2.6/libxml++/validators/schemavalidator.h:143:27: warning: 'override' keyword is a C++11 extension [-Wc++11-extensions]
  void initialize_valid() override;
                          ^
/usr/include/libxml++-2.6/libxml++/validators/schemavalidator.h:145:29: warning: 'override' keyword is a C++11 extension [-Wc++11-extensions]
  void release_underlying() override;
                            ^
In file included from nodeparser.cpp:20:
In file included from ./nodeparser.h:25:
In file included from /usr/include/libxml++-2.6/libxml++/libxml++.h:75:
/usr/include/libxml++-2.6/libxml++/validators/xsdvalidator.h:68:19: warning: 'override' keyword is a C++11 extension [-Wc++11-extensions]
  ~XsdValidator() override;
                  ^
/usr/include/libxml++-2.6/libxml++/validators/xsdvalidator.h:144:27: warning: 'override' keyword is a C++11 extension [-Wc++11-extensions]
  void initialize_valid() override;
                          ^
/usr/include/libxml++-2.6/libxml++/validators/xsdvalidator.h:145:29: warning: 'override' keyword is a C++11 extension [-Wc++11-extensions]
  void release_underlying() override;
                            ^
/usr/include/libxml++-2.6/libxml++/validators/xsdvalidator.h:79:16: warning: 'parse_file' overrides a member function but is not marked 'override' [-Winconsistent-missing-override]
  virtual void parse_file(const Glib::ustring& filename);
               ^
/usr/include/libxml++-2.6/libxml++/validators/schemavalidatorbase.h:53:16: note: overridden virtual function is here
  virtual void parse_file(const Glib::ustring& filename) = 0;
               ^
In file included from nodeparser.cpp:20:
In file included from ./nodeparser.h:25:
In file included from /usr/include/libxml++-2.6/libxml++/libxml++.h:75:
/usr/include/libxml++-2.6/libxml++/validators/xsdvalidator.h:87:16: warning: 'parse_memory' overrides a member function but is not marked 'override' [-Winconsistent-missing-override]
  virtual void parse_memory(const Glib::ustring& contents);
               ^
/usr/include/libxml++-2.6/libxml++/validators/schemavalidatorbase.h:61:16: note: overridden virtual function is here
  virtual void parse_memory(const Glib::ustring& contents) = 0;
               ^
In file included from nodeparser.cpp:20:
In file included from ./nodeparser.h:25:
In file included from /usr/include/libxml++-2.6/libxml++/libxml++.h:75:
/usr/include/libxml++-2.6/libxml++/validators/xsdvalidator.h:95:16: warning: 'parse_document' overrides a member function but is not marked 'override' [-Winconsistent-missing-override]
  virtual void parse_document(const Document* document);
               ^
/usr/include/libxml++-2.6/libxml++/validators/schemavalidatorbase.h:69:16: note: overridden virtual function is here
  virtual void parse_document(const Document* document) = 0;
               ^
In file included from nodeparser.cpp:20:
In file included from ./nodeparser.h:25:
In file included from /usr/include/libxml++-2.6/libxml++/libxml++.h:75:
/usr/include/libxml++-2.6/libxml++/validators/xsdvalidator.h:117:11: warning: 'operator const void *' overrides a member function but is not marked 'override' [-Winconsistent-missing-override]
  virtual operator BoolExpr() const;
          ^
/usr/include/libxml++-2.6/libxml++/validators/schemavalidatorbase.h:83:11: note: overridden virtual function is here
  virtual operator BoolExpr() const = 0;
          ^
In file included from nodeparser.cpp:20:
In file included from ./nodeparser.h:25:
In file included from /usr/include/libxml++-2.6/libxml++/libxml++.h:75:
/usr/include/libxml++-2.6/libxml++/validators/xsdvalidator.h:134:16: warning: 'validate' overrides a member function but is not marked 'override' [-Winconsistent-missing-override]
  virtual void validate(const Document* document);
               ^
/usr/include/libxml++-2.6/libxml++/validators/schemavalidatorbase.h:90:16: note: overridden virtual function is here
  virtual void validate(const Document* document) = 0;
               ^
In file included from nodeparser.cpp:20:
In file included from ./nodeparser.h:25:
In file included from /usr/include/libxml++-2.6/libxml++/libxml++.h:75:
/usr/include/libxml++-2.6/libxml++/validators/xsdvalidator.h:141:16: warning: 'validate' overrides a member function but is not marked 'override' [-Winconsistent-missing-override]
  virtual void validate(const Glib::ustring& filename);
               ^
/usr/include/libxml++-2.6/libxml++/validators/schemavalidatorbase.h:98:16: note: overridden virtual function is here
  virtual void validate(const Glib::ustring& filename) = 0;
               ^
116 warnings and 19 errors generated.
Makefile:698: recipe for target 'nodeparser.o' failed
make[3]: *** [nodeparser.o] Error 1
make[3]: Leaving directory '/<<PKGBUILDDIR>>/ofxconnect'
Makefile:538: recipe for target 'all-recursive' failed
make[2]: *** [all-recursive] Error 1
make[2]: Leaving directory '/<<PKGBUILDDIR>>'
Makefile:422: recipe for target 'all' failed
make[1]: *** [all] Error 2
make[1]: Leaving directory '/<<PKGBUILDDIR>>'
dh_auto_build: make -j1 returned exit code 2
debian/rules:13: recipe for target 'build-arch' failed
make: *** [build-arch] Error 2
dpkg-buildpackage: error: debian/rules build-arch gave error exit status 2
--------------------------------------------------------------------------------
Build finished at 2017-07-06T19:57:14Z

Finished
--------


+------------------------------------------------------------------------------+
| Cleanup                                                                      |
+------------------------------------------------------------------------------+

Purging /<<BUILDDIR>>
Not cleaning session: cloned chroot in use
E: Build failure (dpkg-buildpackage died)

+------------------------------------------------------------------------------+
| Summary                                                                      |
+------------------------------------------------------------------------------+

Build Architecture: amd64
Build Type: any
Build-Space: 25740
Build-Time: 29
Distribution: unstable
Fail-Stage: build
Host Architecture: amd64
Install-Time: 12
Job: libofx_1:0.9.10-2
Machine Architecture: amd64
Package: libofx
Package-Time: 60
Source-Version: 1:0.9.10-2
Space: 25740
Status: attempted
Version: 1:0.9.10-2
--------------------------------------------------------------------------------
Finished at 2017-07-06T19:57:14Z
Build needed 00:01:00, 25740k disk space
E: Build failure (dpkg-buildpackage died)
DC-Status: Failed 60.807373229s
DC-Time-Estimation: 60.807373229 versus expected 389 (r/m: 5.397250519851098 ; m: 60.807373229)
