DC-Build-Header: patat 0.4.7.1-1 / 2017-07-06 16:02:08 +0000
DC-Task: type:rebuild-binarch-only source:patat version:0.4.7.1-1 chroot:unstable esttime: logfile:/tmp/patat_0.4.7.1-1_unstable_clang5.0.log modes:clang50:binarch-only
DC-Sbuild-call: su user42 -c 'sbuild -n --arch-any --apt-update -d unstable -v  --chroot-setup-commands=/tmp/clang50 patat_0.4.7.1-1'
sbuild (Debian sbuild) 0.73.0 (23 Dec 2016) on ip-172-31-41-97.eu-central-1.compute.internal

+==============================================================================+
| patat 0.4.7.1-1 (amd64)                      Thu, 06 Jul 2017 16:02:09 +0000 |
+==============================================================================+

Package: patat
Version: 0.4.7.1-1
Source Version: 0.4.7.1-1
Distribution: unstable
Machine Architecture: amd64
Host Architecture: amd64
Build Architecture: amd64
Build Type: any

I: NOTICE: Log filtering will replace 'var/run/schroot/mount/unstable-amd64-sbuild-5ec1cd21-090d-4b8f-a8f1-f8b8bbb6c3b0' with '<<CHROOT>>'

+------------------------------------------------------------------------------+
| Chroot Setup Commands                                                        |
+------------------------------------------------------------------------------+


/tmp/clang50
------------

+ echo 'Entering customization script...'
Entering customization script...
+ CLANG_VERSION=5.0
+ echo 'Install of clang-5.0'
Install of clang-5.0
+ apt-get update
Hit:1 http://127.0.0.1:9999/debian unstable InRelease
Get:2 http://127.0.0.1:9999/debian unstable/main Translation-en [5730 kB]
Fetched 5730 kB in 1s (3945 kB/s)
Reading package lists...
+ apt-get install --yes --no-install-recommends --force-yes clang-5.0
Reading package lists...
Building dependency tree...
Reading state information...
The following additional packages will be installed:
  lib32gcc1 lib32stdc++6 libbsd0 libc6-i386 libclang-common-5.0-dev
  libclang1-5.0 libedit2 libjsoncpp1 libllvm5.0 libncurses5 libobjc-6-dev
  libobjc4
Suggested packages:
  gnustep gnustep-devel clang-5.0-doc libomp-dev
Recommended packages:
  llvm-5.0-dev python libgpm2
The following NEW packages will be installed:
  clang-5.0 lib32gcc1 lib32stdc++6 libbsd0 libc6-i386 libclang-common-5.0-dev
  libclang1-5.0 libedit2 libjsoncpp1 libllvm5.0 libncurses5 libobjc-6-dev
  libobjc4
0 upgraded, 13 newly installed, 0 to remove and 0 not upgraded.
Need to get 87.0 MB of archives.
After this operation, 374 MB of additional disk space will be used.
Get:1 http://127.0.0.1:9999/debian unstable/main amd64 libbsd0 amd64 0.8.5-1 [89.6 kB]
Get:2 http://127.0.0.1:9999/debian unstable/main amd64 libncurses5 amd64 6.0+20161126-1 [93.4 kB]
Get:3 http://127.0.0.1:9999/debian unstable/main amd64 libedit2 amd64 3.1-20170329-1 [85.2 kB]
Get:4 http://127.0.0.1:9999/debian unstable/main amd64 libllvm5.0 amd64 1:5.0~svn305653-1 [13.4 MB]
Get:5 http://127.0.0.1:9999/debian unstable/main amd64 libclang1-5.0 amd64 1:5.0~svn305653-1 [6647 kB]
Get:6 http://127.0.0.1:9999/debian unstable/main amd64 libjsoncpp1 amd64 1.7.4-3 [75.6 kB]
Get:7 http://127.0.0.1:9999/debian unstable/main amd64 libobjc4 amd64 7.1.0-9 [51.0 kB]
Get:8 http://127.0.0.1:9999/debian unstable/main amd64 libobjc-6-dev amd64 6.4.0-1 [197 kB]
Get:9 http://127.0.0.1:9999/debian unstable/main amd64 libc6-i386 amd64 2.24-12 [2597 kB]
Get:10 http://127.0.0.1:9999/debian unstable/main amd64 lib32gcc1 amd64 1:7.1.0-9 [46.8 kB]
Get:11 http://127.0.0.1:9999/debian unstable/main amd64 lib32stdc++6 amd64 7.1.0-9 [411 kB]
Get:12 http://127.0.0.1:9999/debian unstable/main amd64 libclang-common-5.0-dev amd64 1:5.0~svn305653-1 [2856 kB]
Get:13 http://127.0.0.1:9999/debian unstable/main amd64 clang-5.0 amd64 1:5.0~svn305653-1 [60.5 MB]
debconf: delaying package configuration, since apt-utils is not installed
Fetched 87.0 MB in 0s (94.5 MB/s)
Selecting previously unselected package libbsd0:amd64.
(Reading database ... (Reading database ... 5%(Reading database ... 10%(Reading database ... 15%(Reading database ... 20%(Reading database ... 25%(Reading database ... 30%(Reading database ... 35%(Reading database ... 40%(Reading database ... 45%(Reading database ... 50%(Reading database ... 55%(Reading database ... 60%(Reading database ... 65%(Reading database ... 70%(Reading database ... 75%(Reading database ... 80%(Reading database ... 85%(Reading database ... 90%(Reading database ... 95%(Reading database ... 100%(Reading database ... 9711 files and directories currently installed.)
Preparing to unpack .../00-libbsd0_0.8.5-1_amd64.deb ...
Unpacking libbsd0:amd64 (0.8.5-1) ...
Selecting previously unselected package libncurses5:amd64.
Preparing to unpack .../01-libncurses5_6.0+20161126-1_amd64.deb ...
Unpacking libncurses5:amd64 (6.0+20161126-1) ...
Selecting previously unselected package libedit2:amd64.
Preparing to unpack .../02-libedit2_3.1-20170329-1_amd64.deb ...
Unpacking libedit2:amd64 (3.1-20170329-1) ...
Selecting previously unselected package libllvm5.0:amd64.
Preparing to unpack .../03-libllvm5.0_1%3a5.0~svn305653-1_amd64.deb ...
Unpacking libllvm5.0:amd64 (1:5.0~svn305653-1) ...
Selecting previously unselected package libclang1-5.0:amd64.
Preparing to unpack .../04-libclang1-5.0_1%3a5.0~svn305653-1_amd64.deb ...
Unpacking libclang1-5.0:amd64 (1:5.0~svn305653-1) ...
Selecting previously unselected package libjsoncpp1:amd64.
Preparing to unpack .../05-libjsoncpp1_1.7.4-3_amd64.deb ...
Unpacking libjsoncpp1:amd64 (1.7.4-3) ...
Selecting previously unselected package libobjc4:amd64.
Preparing to unpack .../06-libobjc4_7.1.0-9_amd64.deb ...
Unpacking libobjc4:amd64 (7.1.0-9) ...
Selecting previously unselected package libobjc-6-dev:amd64.
Preparing to unpack .../07-libobjc-6-dev_6.4.0-1_amd64.deb ...
Unpacking libobjc-6-dev:amd64 (6.4.0-1) ...
Selecting previously unselected package libc6-i386.
Preparing to unpack .../08-libc6-i386_2.24-12_amd64.deb ...
Unpacking libc6-i386 (2.24-12) ...
Selecting previously unselected package lib32gcc1.
Preparing to unpack .../09-lib32gcc1_1%3a7.1.0-9_amd64.deb ...
Unpacking lib32gcc1 (1:7.1.0-9) ...
Selecting previously unselected package lib32stdc++6.
Preparing to unpack .../10-lib32stdc++6_7.1.0-9_amd64.deb ...
Unpacking lib32stdc++6 (7.1.0-9) ...
Selecting previously unselected package libclang-common-5.0-dev.
Preparing to unpack .../11-libclang-common-5.0-dev_1%3a5.0~svn305653-1_amd64.deb ...
Unpacking libclang-common-5.0-dev (1:5.0~svn305653-1) ...
Selecting previously unselected package clang-5.0.
Preparing to unpack .../12-clang-5.0_1%3a5.0~svn305653-1_amd64.deb ...
Unpacking clang-5.0 (1:5.0~svn305653-1) ...
Setting up libncurses5:amd64 (6.0+20161126-1) ...
Setting up libobjc4:amd64 (7.1.0-9) ...
Setting up libc6-i386 (2.24-12) ...
Setting up libbsd0:amd64 (0.8.5-1) ...
Processing triggers for libc-bin (2.24-12) ...
Setting up libobjc-6-dev:amd64 (6.4.0-1) ...
Setting up lib32gcc1 (1:7.1.0-9) ...
Setting up libjsoncpp1:amd64 (1.7.4-3) ...
Setting up libedit2:amd64 (3.1-20170329-1) ...
Setting up libllvm5.0:amd64 (1:5.0~svn305653-1) ...
Setting up libclang1-5.0:amd64 (1:5.0~svn305653-1) ...
Setting up lib32stdc++6 (7.1.0-9) ...
Setting up libclang-common-5.0-dev (1:5.0~svn305653-1) ...
Setting up clang-5.0 (1:5.0~svn305653-1) ...
Processing triggers for libc-bin (2.24-12) ...
W: --force-yes is deprecated, use one of the options starting with --allow instead.
+ echo 'Replace gcc, g++ & cpp by clang'
Replace gcc, g++ & cpp by clang
+ VERSIONS='4.6 4.7 4.8 4.9 5 6 7'
+ cd /usr/bin
+ for VERSION in $VERSIONS
+ rm -f g++-4.6 gcc-4.6 cpp-4.6 gcc
+ ln -s clang++-5.0 g++-4.6
+ ln -s clang-5.0 gcc-4.6
+ ln -s clang-5.0 cpp-4.6
+ ln -s clang-5.0 gcc
+ echo 'gcc-4.6 hold'
+ dpkg --set-selections
dpkg: warning: package not in status nor available database at line 1: gcc-4.6
dpkg: warning: found unknown packages; this might mean the available database
is outdated, and needs to be updated through a frontend method;
please see the FAQ <https://wiki.debian.org/Teams/Dpkg/FAQ>
+ echo 'g++-4.6 hold'
+ dpkg --set-selections
dpkg: warning: package not in status nor available database at line 1: g++-4.6
dpkg: warning: found unknown packages; this might mean the available database
is outdated, and needs to be updated through a frontend method;
please see the FAQ <https://wiki.debian.org/Teams/Dpkg/FAQ>
+ for VERSION in $VERSIONS
+ rm -f g++-4.7 gcc-4.7 cpp-4.7 gcc
+ ln -s clang++-5.0 g++-4.7
+ ln -s clang-5.0 gcc-4.7
+ ln -s clang-5.0 cpp-4.7
+ ln -s clang-5.0 gcc
+ echo 'gcc-4.7 hold'
+ dpkg --set-selections
dpkg: warning: package not in status nor available database at line 1: gcc-4.7
dpkg: warning: found unknown packages; this might mean the available database
is outdated, and needs to be updated through a frontend method;
please see the FAQ <https://wiki.debian.org/Teams/Dpkg/FAQ>
+ echo 'g++-4.7 hold'
+ dpkg --set-selections
dpkg: warning: package not in status nor available database at line 1: g++-4.7
dpkg: warning: found unknown packages; this might mean the available database
is outdated, and needs to be updated through a frontend method;
please see the FAQ <https://wiki.debian.org/Teams/Dpkg/FAQ>
+ for VERSION in $VERSIONS
+ rm -f g++-4.8 gcc-4.8 cpp-4.8 gcc
+ ln -s clang++-5.0 g++-4.8
+ ln -s clang-5.0 gcc-4.8
+ ln -s clang-5.0 cpp-4.8
+ ln -s clang-5.0 gcc
+ echo 'gcc-4.8 hold'
+ dpkg --set-selections
dpkg: warning: package not in status nor available database at line 1: gcc-4.8
dpkg: warning: found unknown packages; this might mean the available database
is outdated, and needs to be updated through a frontend method;
please see the FAQ <https://wiki.debian.org/Teams/Dpkg/FAQ>
+ echo 'g++-4.8 hold'
+ dpkg --set-selections
dpkg: warning: package not in status nor available database at line 1: g++-4.8
dpkg: warning: found unknown packages; this might mean the available database
is outdated, and needs to be updated through a frontend method;
please see the FAQ <https://wiki.debian.org/Teams/Dpkg/FAQ>
+ for VERSION in $VERSIONS
+ rm -f g++-4.9 gcc-4.9 cpp-4.9 gcc
+ ln -s clang++-5.0 g++-4.9
+ ln -s clang-5.0 gcc-4.9
+ ln -s clang-5.0 cpp-4.9
+ ln -s clang-5.0 gcc
+ echo 'gcc-4.9 hold'
+ dpkg --set-selections
dpkg: warning: package not in status nor available database at line 1: gcc-4.9
dpkg: warning: found unknown packages; this might mean the available database
is outdated, and needs to be updated through a frontend method;
please see the FAQ <https://wiki.debian.org/Teams/Dpkg/FAQ>
+ echo 'g++-4.9 hold'
+ dpkg --set-selections
dpkg: warning: package not in status nor available database at line 1: g++-4.9
dpkg: warning: found unknown packages; this might mean the available database
is outdated, and needs to be updated through a frontend method;
please see the FAQ <https://wiki.debian.org/Teams/Dpkg/FAQ>
+ for VERSION in $VERSIONS
+ rm -f g++-5 gcc-5 cpp-5 gcc
+ ln -s clang++-5.0 g++-5
+ ln -s clang-5.0 gcc-5
+ ln -s clang-5.0 cpp-5
+ ln -s clang-5.0 gcc
+ echo 'gcc-5 hold'
+ dpkg --set-selections
+ echo 'g++-5 hold'
+ dpkg --set-selections
+ for VERSION in $VERSIONS
+ rm -f g++-6 gcc-6 cpp-6 gcc
+ ln -s clang++-5.0 g++-6
+ ln -s clang-5.0 gcc-6
+ ln -s clang-5.0 cpp-6
+ ln -s clang-5.0 gcc
+ echo 'gcc-6 hold'
+ dpkg --set-selections
+ echo 'g++-6 hold'
+ dpkg --set-selections
+ for VERSION in $VERSIONS
+ rm -f g++-7 gcc-7 cpp-7 gcc
+ ln -s clang++-5.0 g++-7
+ ln -s clang-5.0 gcc-7
+ ln -s clang-5.0 cpp-7
+ ln -s clang-5.0 gcc
+ echo 'gcc-7 hold'
+ dpkg --set-selections
dpkg: warning: package not in status nor available database at line 1: gcc-7
dpkg: warning: found unknown packages; this might mean the available database
is outdated, and needs to be updated through a frontend method;
please see the FAQ <https://wiki.debian.org/Teams/Dpkg/FAQ>
+ echo 'g++-7 hold'
+ dpkg --set-selections
dpkg: warning: package not in status nor available database at line 1: g++-7
dpkg: warning: found unknown packages; this might mean the available database
is outdated, and needs to be updated through a frontend method;
please see the FAQ <https://wiki.debian.org/Teams/Dpkg/FAQ>
+ cd -
/build/patat-BpTB1w
+ echo 'Check if gcc, g++ & cpp are actually clang'
Check if gcc, g++ & cpp are actually clang
+ gcc --version
+ grep clang
+ cpp --version
+ grep clang
+ g++ --version
+ grep clang

I: Finished running '/tmp/clang50'.

Finished processing commands.
--------------------------------------------------------------------------------

+------------------------------------------------------------------------------+
| Update chroot                                                                |
+------------------------------------------------------------------------------+

Hit:1 http://127.0.0.1:9999/debian unstable InRelease
Reading package lists...
Reading package lists...
Building dependency tree...
Reading state information...
Calculating upgrade...
0 upgraded, 0 newly installed, 0 to remove and 0 not upgraded.

+------------------------------------------------------------------------------+
| Fetch source files                                                           |
+------------------------------------------------------------------------------+


Check APT
---------

Checking available source versions...

Download source files with APT
------------------------------

Reading package lists...
NOTICE: 'patat' packaging is maintained in the 'Git' version control system at:
https://git.gueux.org/patat.git
Please use:
git clone https://git.gueux.org/patat.git
to retrieve the latest (possibly unreleased) updates to the package.
Need to get 92.5 kB of source archives.
Get:1 http://127.0.0.1:9999/debian unstable/main patat 0.4.7.1-1 (dsc) [2520 B]
Get:2 http://127.0.0.1:9999/debian unstable/main patat 0.4.7.1-1 (tar) [86.5 kB]
Get:3 http://127.0.0.1:9999/debian unstable/main patat 0.4.7.1-1 (diff) [3524 B]
Fetched 92.5 kB in 0s (1086 kB/s)
Download complete and in download only mode
I: NOTICE: Log filtering will replace 'build/patat-BpTB1w/patat-0.4.7.1' with '<<PKGBUILDDIR>>'
I: NOTICE: Log filtering will replace 'build/patat-BpTB1w' with '<<BUILDDIR>>'

+------------------------------------------------------------------------------+
| Install build-essential                                                      |
+------------------------------------------------------------------------------+


Setup apt archive
-----------------

Merged Build-Depends: build-essential, fakeroot
Filtered Build-Depends: build-essential, fakeroot
dpkg-deb: building package 'sbuild-build-depends-core-dummy' in '/<<BUILDDIR>>/resolver-PPrEbx/apt_archive/sbuild-build-depends-core-dummy.deb'.
dpkg-scanpackages: warning: Packages in archive but missing from override file:
dpkg-scanpackages: warning:   sbuild-build-depends-core-dummy
dpkg-scanpackages: info: Wrote 1 entries to output Packages file.
Ign:1 copy:/<<BUILDDIR>>/resolver-PPrEbx/apt_archive ./ InRelease
Get:2 copy:/<<BUILDDIR>>/resolver-PPrEbx/apt_archive ./ Release [957 B]
Ign:3 copy:/<<BUILDDIR>>/resolver-PPrEbx/apt_archive ./ Release.gpg
Get:4 copy:/<<BUILDDIR>>/resolver-PPrEbx/apt_archive ./ Sources [349 B]
Get:5 copy:/<<BUILDDIR>>/resolver-PPrEbx/apt_archive ./ Packages [431 B]
Fetched 1737 B in 0s (0 B/s)
Reading package lists...
Reading package lists...

Install core build dependencies (apt-based resolver)
----------------------------------------------------

Installing build dependencies
Reading package lists...
Building dependency tree...
Reading state information...
The following NEW packages will be installed:
  sbuild-build-depends-core-dummy
0 upgraded, 1 newly installed, 0 to remove and 0 not upgraded.
Need to get 784 B of archives.
After this operation, 0 B of additional disk space will be used.
Get:1 copy:/<<BUILDDIR>>/resolver-PPrEbx/apt_archive ./ sbuild-build-depends-core-dummy 0.invalid.0 [784 B]
debconf: delaying package configuration, since apt-utils is not installed
Fetched 784 B in 0s (0 B/s)
Selecting previously unselected package sbuild-build-depends-core-dummy.
(Reading database ... 10611 files and directories currently installed.)
Preparing to unpack .../sbuild-build-depends-core-dummy_0.invalid.0_amd64.deb ...
Unpacking sbuild-build-depends-core-dummy (0.invalid.0) ...
Setting up sbuild-build-depends-core-dummy (0.invalid.0) ...

+------------------------------------------------------------------------------+
| Check architectures                                                          |
+------------------------------------------------------------------------------+

Arch check ok (amd64 included in any)

+------------------------------------------------------------------------------+
| Install package build dependencies                                           |
+------------------------------------------------------------------------------+


Setup apt archive
-----------------

Merged Build-Depends: debhelper (>= 10), ghc, libghc-aeson-dev (>= 0.9), libghc-aeson-dev (<< 1.2), libghc-ansi-terminal-dev (>= 0.6), libghc-ansi-terminal-dev (<< 0.7), libghc-ansi-wl-pprint-dev (>= 0.6), libghc-ansi-wl-pprint-dev (<< 0.7), libghc-highlighting-kate-dev (>= 0.6), libghc-highlighting-kate-dev (<< 0.7), libghc-mtl-dev (>= 2.2), libghc-mtl-dev (<< 2.3), libghc-optparse-applicative-dev (>= 0.12), libghc-optparse-applicative-dev (<< 0.14), libghc-pandoc-dev (>= 1.16), libghc-pandoc-dev (<< 1.20), libghc-terminal-size-dev (>= 0.3), libghc-terminal-size-dev (<< 0.4), libghc-text-dev (>= 1.2), libghc-text-dev (<< 1.3), libghc-unordered-containers-dev (>= 0.2), libghc-unordered-containers-dev (<< 0.3), libghc-yaml-dev (>= 0.7), libghc-yaml-dev (<< 0.9), pandoc-data
Filtered Build-Depends: debhelper (>= 10), ghc, libghc-aeson-dev (>= 0.9), libghc-aeson-dev (<< 1.2), libghc-ansi-terminal-dev (>= 0.6), libghc-ansi-terminal-dev (<< 0.7), libghc-ansi-wl-pprint-dev (>= 0.6), libghc-ansi-wl-pprint-dev (<< 0.7), libghc-highlighting-kate-dev (>= 0.6), libghc-highlighting-kate-dev (<< 0.7), libghc-mtl-dev (>= 2.2), libghc-mtl-dev (<< 2.3), libghc-optparse-applicative-dev (>= 0.12), libghc-optparse-applicative-dev (<< 0.14), libghc-pandoc-dev (>= 1.16), libghc-pandoc-dev (<< 1.20), libghc-terminal-size-dev (>= 0.3), libghc-terminal-size-dev (<< 0.4), libghc-text-dev (>= 1.2), libghc-text-dev (<< 1.3), libghc-unordered-containers-dev (>= 0.2), libghc-unordered-containers-dev (<< 0.3), libghc-yaml-dev (>= 0.7), libghc-yaml-dev (<< 0.9), pandoc-data
dpkg-deb: building package 'sbuild-build-depends-patat-dummy' in '/<<BUILDDIR>>/resolver-PPrEbx/apt_archive/sbuild-build-depends-patat-dummy.deb'.
dpkg-scanpackages: warning: Packages in archive but missing from override file:
dpkg-scanpackages: warning:   sbuild-build-depends-core-dummy sbuild-build-depends-patat-dummy
dpkg-scanpackages: info: Wrote 2 entries to output Packages file.
Ign:1 copy:/<<BUILDDIR>>/resolver-PPrEbx/apt_archive ./ InRelease
Get:2 copy:/<<BUILDDIR>>/resolver-PPrEbx/apt_archive ./ Release [963 B]
Ign:3 copy:/<<BUILDDIR>>/resolver-PPrEbx/apt_archive ./ Release.gpg
Get:4 copy:/<<BUILDDIR>>/resolver-PPrEbx/apt_archive ./ Sources [684 B]
Get:5 copy:/<<BUILDDIR>>/resolver-PPrEbx/apt_archive ./ Packages [770 B]
Fetched 2417 B in 0s (0 B/s)
Reading package lists...
Reading package lists...

Install patat build dependencies (apt-based resolver)
-----------------------------------------------------

Installing build dependencies
Reading package lists...
Building dependency tree...
Reading state information...
The following additional packages will be installed:
  autoconf automake autopoint autotools-dev bsdmainutils debhelper
  dh-autoreconf dh-strip-nondeterminism file gettext gettext-base ghc
  groff-base intltool-debian libarchive-zip-perl libbsd-dev libcroco3
  libffi-dev libfile-stripnondeterminism-perl libghc-aeson-dev
  libghc-ansi-terminal-dev libghc-ansi-wl-pprint-dev libghc-asn1-encoding-dev
  libghc-asn1-parse-dev libghc-asn1-types-dev libghc-async-dev
  libghc-attoparsec-dev libghc-base64-bytestring-dev libghc-blaze-builder-dev
  libghc-blaze-html-dev libghc-blaze-markup-dev libghc-byteable-dev
  libghc-case-insensitive-dev libghc-cereal-dev libghc-cmark-dev
  libghc-conduit-dev libghc-connection-dev libghc-cookie-dev
  libghc-cryptonite-dev libghc-data-default-class-dev libghc-data-default-dev
  libghc-data-default-instances-containers-dev
  libghc-data-default-instances-dlist-dev
  libghc-data-default-instances-old-locale-dev libghc-digest-dev
  libghc-dlist-dev libghc-exceptions-dev libghc-extensible-exceptions-dev
  libghc-filemanip-dev libghc-haddock-library-dev libghc-hashable-dev
  libghc-highlighting-kate-dev libghc-hourglass-dev libghc-hslua-dev
  libghc-http-client-dev libghc-http-client-tls-dev libghc-http-dev
  libghc-http-types-dev libghc-juicypixels-dev libghc-lifted-base-dev
  libghc-memory-dev libghc-mime-types-dev libghc-mmorph-dev
  libghc-monad-control-dev libghc-mtl-dev libghc-network-dev
  libghc-network-uri-dev libghc-old-locale-dev libghc-old-time-dev
  libghc-optparse-applicative-dev libghc-pandoc-dev libghc-pandoc-types-dev
  libghc-parsec3-dev libghc-pcre-light-dev libghc-pem-dev libghc-primitive-dev
  libghc-random-dev libghc-resourcet-dev libghc-scientific-dev
  libghc-semigroups-dev libghc-sha-dev libghc-socks-dev libghc-stm-dev
  libghc-streaming-commons-dev libghc-syb-dev libghc-tagged-dev
  libghc-tagsoup-dev libghc-temporary-dev libghc-terminal-size-dev
  libghc-texmath-dev libghc-text-dev libghc-tls-dev
  libghc-transformers-base-dev libghc-transformers-compat-dev
  libghc-unix-compat-dev libghc-unordered-containers-dev
  libghc-utf8-string-dev libghc-vector-dev libghc-x509-dev
  libghc-x509-store-dev libghc-x509-system-dev libghc-x509-validation-dev
  libghc-xml-dev libghc-yaml-dev libghc-zip-archive-dev libghc-zlib-dev
  libglib2.0-0 libgmp-dev libgmpxx4ldbl libicu57 liblua5.1-0 liblua5.1-0-dev
  libluajit-5.1-2 libluajit-5.1-common libluajit-5.1-dev libmagic-mgc
  libmagic1 libncurses5-dev libpcre16-3 libpcre3-dev libpcre32-3 libpcrecpp0v5
  libpipeline1 libreadline-dev libreadline7 libsigsegv2 libtimedate-perl
  libtinfo-dev libtool libxml2 libyaml-0-2 libyaml-dev m4 man-db pandoc-data
  po-debconf readline-common zlib1g-dev
Suggested packages:
  autoconf-archive gnu-standards autoconf-doc wamerican | wordlist whois
  vacation dh-make gettext-doc libasprintf-dev libgettextpo-dev ghc-prof
  ghc-doc haskell-doc llvm-3.7 groff libghc-aeson-doc libghc-aeson-prof
  libghc-ansi-terminal-doc libghc-ansi-terminal-prof libghc-ansi-wl-pprint-doc
  libghc-ansi-wl-pprint-prof libghc-asn1-encoding-doc
  libghc-asn1-encoding-prof libghc-asn1-parse-doc libghc-asn1-parse-prof
  libghc-asn1-types-doc libghc-asn1-types-prof libghc-async-doc
  libghc-async-prof libghc-attoparsec-doc libghc-attoparsec-prof
  libghc-base64-bytestring-doc libghc-base64-bytestring-prof
  libghc-blaze-builder-doc libghc-blaze-builder-prof libghc-blaze-html-doc
  libghc-blaze-html-prof libghc-blaze-markup-doc libghc-blaze-markup-prof
  libghc-byteable-doc libghc-byteable-prof libghc-case-insensitive-doc
  libghc-case-insensitive-prof libghc-cereal-doc libghc-cereal-prof
  libghc-cmark-doc libghc-cmark-prof libghc-conduit-doc libghc-conduit-prof
  libghc-connection-doc libghc-connection-prof libghc-cookie-doc
  libghc-cookie-prof libghc-cryptonite-doc libghc-cryptonite-prof
  libghc-data-default-class-doc libghc-data-default-class-prof
  libghc-data-default-doc libghc-data-default-prof
  libghc-data-default-instances-containers-doc
  libghc-data-default-instances-containers-prof
  libghc-data-default-instances-dlist-doc
  libghc-data-default-instances-dlist-prof
  libghc-data-default-instances-old-locale-doc
  libghc-data-default-instances-old-locale-prof libghc-digest-doc
  libghc-digest-prof libghc-dlist-doc libghc-dlist-prof libghc-exceptions-doc
  libghc-exceptions-prof libghc-extensible-exceptions-doc
  libghc-extensible-exceptions-prof libghc-filemanip-doc libghc-filemanip-prof
  libghc-haddock-library-doc libghc-haddock-library-prof libghc-hashable-doc
  libghc-hashable-prof libghc-highlighting-kate-doc
  libghc-highlighting-kate-prof libghc-hourglass-doc libghc-hourglass-prof
  libghc-hslua-doc libghc-hslua-prof libghc-http-client-doc
  libghc-http-client-prof libghc-http-client-tls-doc
  libghc-http-client-tls-prof libghc-http-doc libghc-http-prof
  libghc-http-types-doc libghc-http-types-prof libghc-juicypixels-doc
  libghc-juicypixels-prof libghc-lifted-base-doc libghc-lifted-base-prof
  libghc-memory-doc libghc-memory-prof libghc-mime-types-doc
  libghc-mime-types-prof libghc-mmorph-doc libghc-mmorph-prof
  libghc-monad-control-doc libghc-monad-control-prof libghc-mtl-doc
  libghc-mtl-prof libghc-network-doc libghc-network-prof
  libghc-network-uri-doc libghc-network-uri-prof libghc-old-locale-doc
  libghc-old-locale-prof libghc-old-time-doc libghc-old-time-prof
  libghc-optparse-applicative-doc libghc-optparse-applicative-prof
  libghc-pandoc-doc libghc-pandoc-prof libghc-pandoc-types-doc
  libghc-pandoc-types-prof libghc-parsec3-doc libghc-parsec3-prof
  libghc-pcre-light-doc libghc-pcre-light-prof libghc-pem-doc libghc-pem-prof
  libghc-primitive-doc libghc-primitive-prof libghc-random-doc
  libghc-random-prof libghc-resourcet-doc libghc-resourcet-prof
  libghc-scientific-doc libghc-scientific-prof libghc-semigroups-doc
  libghc-semigroups-prof libghc-sha-doc libghc-sha-prof libghc-socks-doc
  libghc-socks-prof libghc-stm-doc libghc-stm-prof
  libghc-streaming-commons-doc libghc-streaming-commons-prof libghc-syb-doc
  libghc-syb-prof libghc-tagged-doc libghc-tagged-prof libghc-tagsoup-doc
  libghc-tagsoup-prof libghc-temporary-doc libghc-temporary-prof
  libghc-terminal-size-doc libghc-terminal-size-prof libghc-texmath-doc
  libghc-texmath-prof libghc-text-doc libghc-text-prof libghc-tls-doc
  libghc-tls-prof libghc-transformers-base-doc libghc-transformers-base-prof
  libghc-transformers-compat-doc libghc-transformers-compat-prof
  libghc-unix-compat-doc libghc-unix-compat-prof
  libghc-unordered-containers-doc libghc-unordered-containers-prof
  libghc-utf8-string-doc libghc-utf8-string-prof libghc-vector-doc
  libghc-vector-prof libghc-x509-doc libghc-x509-prof libghc-x509-store-doc
  libghc-x509-store-prof libghc-x509-system-doc libghc-x509-system-prof
  libghc-x509-validation-doc libghc-x509-validation-prof libghc-xml-doc
  libghc-xml-prof libghc-yaml-doc libghc-yaml-prof libghc-zip-archive-doc
  libghc-zip-archive-prof libghc-zlib-doc libghc-zlib-prof gmp-doc
  libgmp10-doc libmpfr-dev ncurses-doc readline-doc libtool-doc gfortran
  | fortran95-compiler gcj-jdk libyaml-doc m4-doc less www-browser
  libmail-box-perl
Recommended packages:
  curl | wget | lynx-cur libarchive-cpio-perl libglib2.0-data shared-mime-info
  xdg-user-dirs pkg-config libtool-bin libltdl-dev xml-core
  libmail-sendmail-perl
The following NEW packages will be installed:
  autoconf automake autopoint autotools-dev bsdmainutils debhelper
  dh-autoreconf dh-strip-nondeterminism file gettext gettext-base ghc
  groff-base intltool-debian libarchive-zip-perl libbsd-dev libcroco3
  libffi-dev libfile-stripnondeterminism-perl libghc-aeson-dev
  libghc-ansi-terminal-dev libghc-ansi-wl-pprint-dev libghc-asn1-encoding-dev
  libghc-asn1-parse-dev libghc-asn1-types-dev libghc-async-dev
  libghc-attoparsec-dev libghc-base64-bytestring-dev libghc-blaze-builder-dev
  libghc-blaze-html-dev libghc-blaze-markup-dev libghc-byteable-dev
  libghc-case-insensitive-dev libghc-cereal-dev libghc-cmark-dev
  libghc-conduit-dev libghc-connection-dev libghc-cookie-dev
  libghc-cryptonite-dev libghc-data-default-class-dev libghc-data-default-dev
  libghc-data-default-instances-containers-dev
  libghc-data-default-instances-dlist-dev
  libghc-data-default-instances-old-locale-dev libghc-digest-dev
  libghc-dlist-dev libghc-exceptions-dev libghc-extensible-exceptions-dev
  libghc-filemanip-dev libghc-haddock-library-dev libghc-hashable-dev
  libghc-highlighting-kate-dev libghc-hourglass-dev libghc-hslua-dev
  libghc-http-client-dev libghc-http-client-tls-dev libghc-http-dev
  libghc-http-types-dev libghc-juicypixels-dev libghc-lifted-base-dev
  libghc-memory-dev libghc-mime-types-dev libghc-mmorph-dev
  libghc-monad-control-dev libghc-mtl-dev libghc-network-dev
  libghc-network-uri-dev libghc-old-locale-dev libghc-old-time-dev
  libghc-optparse-applicative-dev libghc-pandoc-dev libghc-pandoc-types-dev
  libghc-parsec3-dev libghc-pcre-light-dev libghc-pem-dev libghc-primitive-dev
  libghc-random-dev libghc-resourcet-dev libghc-scientific-dev
  libghc-semigroups-dev libghc-sha-dev libghc-socks-dev libghc-stm-dev
  libghc-streaming-commons-dev libghc-syb-dev libghc-tagged-dev
  libghc-tagsoup-dev libghc-temporary-dev libghc-terminal-size-dev
  libghc-texmath-dev libghc-text-dev libghc-tls-dev
  libghc-transformers-base-dev libghc-transformers-compat-dev
  libghc-unix-compat-dev libghc-unordered-containers-dev
  libghc-utf8-string-dev libghc-vector-dev libghc-x509-dev
  libghc-x509-store-dev libghc-x509-system-dev libghc-x509-validation-dev
  libghc-xml-dev libghc-yaml-dev libghc-zip-archive-dev libghc-zlib-dev
  libglib2.0-0 libgmp-dev libgmpxx4ldbl libicu57 liblua5.1-0 liblua5.1-0-dev
  libluajit-5.1-2 libluajit-5.1-common libluajit-5.1-dev libmagic-mgc
  libmagic1 libncurses5-dev libpcre16-3 libpcre3-dev libpcre32-3 libpcrecpp0v5
  libpipeline1 libreadline-dev libreadline7 libsigsegv2 libtimedate-perl
  libtinfo-dev libtool libxml2 libyaml-0-2 libyaml-dev m4 man-db pandoc-data
  po-debconf readline-common sbuild-build-depends-patat-dummy zlib1g-dev
0 upgraded, 139 newly installed, 0 to remove and 0 not upgraded.
Need to get 102 MB of archives.
After this operation, 1023 MB of additional disk space will be used.
Get:1 copy:/<<BUILDDIR>>/resolver-PPrEbx/apt_archive ./ sbuild-build-depends-patat-dummy 0.invalid.0 [986 B]
Get:2 http://127.0.0.1:9999/debian unstable/main amd64 groff-base amd64 1.22.3-9 [1160 kB]
Get:3 http://127.0.0.1:9999/debian unstable/main amd64 bsdmainutils amd64 9.0.12+nmu1 [186 kB]
Get:4 http://127.0.0.1:9999/debian unstable/main amd64 libpipeline1 amd64 1.4.1-2 [27.6 kB]
Get:5 http://127.0.0.1:9999/debian unstable/main amd64 man-db amd64 2.7.6.1-2 [1044 kB]
Get:6 http://127.0.0.1:9999/debian unstable/main amd64 libgmpxx4ldbl amd64 2:6.1.2+dfsg-1 [22.2 kB]
Get:7 http://127.0.0.1:9999/debian unstable/main amd64 libgmp-dev amd64 2:6.1.2+dfsg-1 [631 kB]
Get:8 http://127.0.0.1:9999/debian unstable/main amd64 libffi-dev amd64 3.2.1-6 [161 kB]
Get:9 http://127.0.0.1:9999/debian unstable/main amd64 libbsd-dev amd64 0.8.5-1 [200 kB]
Get:10 http://127.0.0.1:9999/debian unstable/main amd64 libtinfo-dev amd64 6.0+20161126-1 [78.8 kB]
Get:11 http://127.0.0.1:9999/debian unstable/main amd64 libncurses5-dev amd64 6.0+20161126-1 [175 kB]
Get:12 http://127.0.0.1:9999/debian unstable/main amd64 ghc amd64 8.0.2-5 [44.9 MB]
Get:13 http://127.0.0.1:9999/debian unstable/main amd64 libpcrecpp0v5 amd64 2:8.39-3 [151 kB]
Get:14 http://127.0.0.1:9999/debian unstable/main amd64 readline-common all 7.0-3 [70.4 kB]
Get:15 http://127.0.0.1:9999/debian unstable/main amd64 libreadline7 amd64 7.0-3 [151 kB]
Get:16 http://127.0.0.1:9999/debian unstable/main amd64 libmagic-mgc amd64 1:5.30-1 [222 kB]
Get:17 http://127.0.0.1:9999/debian unstable/main amd64 libmagic1 amd64 1:5.30-1 [111 kB]
Get:18 http://127.0.0.1:9999/debian unstable/main amd64 file amd64 1:5.30-1 [63.9 kB]
Get:19 http://127.0.0.1:9999/debian unstable/main amd64 gettext-base amd64 0.19.8.1-2+b1 [122 kB]
Get:20 http://127.0.0.1:9999/debian unstable/main amd64 libicu57 amd64 57.1-6 [7701 kB]
Get:21 http://127.0.0.1:9999/debian unstable/main amd64 libxml2 amd64 2.9.4+dfsg1-3 [715 kB]
Get:22 http://127.0.0.1:9999/debian unstable/main amd64 libsigsegv2 amd64 2.11-1 [29.9 kB]
Get:23 http://127.0.0.1:9999/debian unstable/main amd64 m4 amd64 1.4.18-1 [202 kB]
Get:24 http://127.0.0.1:9999/debian unstable/main amd64 autoconf all 2.69-10 [338 kB]
Get:25 http://127.0.0.1:9999/debian unstable/main amd64 autotools-dev all 20161112.1 [73.4 kB]
Get:26 http://127.0.0.1:9999/debian unstable/main amd64 automake all 1:1.15.1-2 [736 kB]
Get:27 http://127.0.0.1:9999/debian unstable/main amd64 autopoint all 0.19.8.1-2 [433 kB]
Get:28 http://127.0.0.1:9999/debian unstable/main amd64 libtool all 2.4.6-2 [545 kB]
Get:29 http://127.0.0.1:9999/debian unstable/main amd64 dh-autoreconf all 14 [15.9 kB]
Get:30 http://127.0.0.1:9999/debian unstable/main amd64 libarchive-zip-perl all 1.59-1 [95.5 kB]
Get:31 http://127.0.0.1:9999/debian unstable/main amd64 libfile-stripnondeterminism-perl all 0.035-2 [17.0 kB]
Get:32 http://127.0.0.1:9999/debian unstable/main amd64 libtimedate-perl all 2.3000-2 [42.2 kB]
Get:33 http://127.0.0.1:9999/debian unstable/main amd64 dh-strip-nondeterminism all 0.035-2 [10.7 kB]
Get:34 http://127.0.0.1:9999/debian unstable/main amd64 libglib2.0-0 amd64 2.52.3-1 [2742 kB]
Get:35 http://127.0.0.1:9999/debian unstable/main amd64 libcroco3 amd64 0.6.12-1 [144 kB]
Get:36 http://127.0.0.1:9999/debian unstable/main amd64 gettext amd64 0.19.8.1-2+b1 [1301 kB]
Get:37 http://127.0.0.1:9999/debian unstable/main amd64 intltool-debian all 0.35.0+20060710.4 [26.3 kB]
Get:38 http://127.0.0.1:9999/debian unstable/main amd64 po-debconf all 1.0.20 [247 kB]
Get:39 http://127.0.0.1:9999/debian unstable/main amd64 debhelper all 10.6.2 [968 kB]
Get:40 http://127.0.0.1:9999/debian unstable/main amd64 libghc-text-dev amd64 1.2.2.2-1+b1 [883 kB]
Get:41 http://127.0.0.1:9999/debian unstable/main amd64 libghc-hashable-dev amd64 1.2.4.0-3+b2 [56.5 kB]
Get:42 http://127.0.0.1:9999/debian unstable/main amd64 libghc-primitive-dev amd64 0.6.1.0-4+b1 [99.6 kB]
Get:43 http://127.0.0.1:9999/debian unstable/main amd64 libghc-vector-dev amd64 0.11.0.0-7+b1 [1184 kB]
Get:44 http://127.0.0.1:9999/debian unstable/main amd64 libghc-scientific-dev amd64 0.3.4.9-3+b2 [145 kB]
Get:45 http://127.0.0.1:9999/debian unstable/main amd64 libghc-attoparsec-dev amd64 0.13.1.0-3+b2 [542 kB]
Get:46 http://127.0.0.1:9999/debian unstable/main amd64 libghc-dlist-dev amd64 0.8.0.2-3+b1 [39.5 kB]
Get:47 http://127.0.0.1:9999/debian unstable/main amd64 libghc-mtl-dev amd64 2.2.1-5+b1 [97.4 kB]
Get:48 http://127.0.0.1:9999/debian unstable/main amd64 libghc-syb-dev amd64 0.6-3+b1 [117 kB]
Get:49 http://127.0.0.1:9999/debian unstable/main amd64 libghc-transformers-compat-dev amd64 0.5.1.4-2+b1 [19.2 kB]
Get:50 http://127.0.0.1:9999/debian unstable/main amd64 libghc-tagged-dev amd64 0.8.5-2+b1 [84.5 kB]
Get:51 http://127.0.0.1:9999/debian unstable/main amd64 libghc-unordered-containers-dev amd64 0.2.8.0-1 [198 kB]
Get:52 http://127.0.0.1:9999/debian unstable/main amd64 libghc-aeson-dev amd64 0.11.3.0-2 [721 kB]
Get:53 http://127.0.0.1:9999/debian unstable/main amd64 libghc-ansi-terminal-dev amd64 0.6.3-1+b1 [116 kB]
Get:54 http://127.0.0.1:9999/debian unstable/main amd64 libghc-ansi-wl-pprint-dev amd64 0.6.7.3-3+b2 [61.6 kB]
Get:55 http://127.0.0.1:9999/debian unstable/main amd64 libghc-hourglass-dev amd64 0.2.10-3+b1 [367 kB]
Get:56 http://127.0.0.1:9999/debian unstable/main amd64 libghc-memory-dev amd64 0.13-3+b2 [211 kB]
Get:57 http://127.0.0.1:9999/debian unstable/main amd64 libghc-asn1-types-dev amd64 0.3.2-3+b2 [110 kB]
Get:58 http://127.0.0.1:9999/debian unstable/main amd64 libghc-asn1-encoding-dev amd64 0.9.5-1+b1 [128 kB]
Get:59 http://127.0.0.1:9999/debian unstable/main amd64 libghc-asn1-parse-dev amd64 0.9.4-3+b3 [23.3 kB]
Get:60 http://127.0.0.1:9999/debian unstable/main amd64 libghc-stm-dev amd64 2.4.4.1-3+b1 [64.6 kB]
Get:61 http://127.0.0.1:9999/debian unstable/main amd64 libghc-async-dev amd64 2.1.1.1-1+b1 [60.9 kB]
Get:62 http://127.0.0.1:9999/debian unstable/main amd64 libghc-base64-bytestring-dev amd64 1.0.0.1-8+b2 [40.5 kB]
Get:63 http://127.0.0.1:9999/debian unstable/main amd64 libghc-blaze-builder-dev amd64 0.4.0.2-3+b3 [71.5 kB]
Get:64 http://127.0.0.1:9999/debian unstable/main amd64 libghc-blaze-markup-dev amd64 0.7.1.1-1+b1 [112 kB]
Get:65 http://127.0.0.1:9999/debian unstable/main amd64 libghc-blaze-html-dev amd64 0.8.1.3-1+b1 [678 kB]
Get:66 http://127.0.0.1:9999/debian unstable/main amd64 libghc-byteable-dev amd64 0.1.1-7+b2 [16.0 kB]
Get:67 http://127.0.0.1:9999/debian unstable/main amd64 libghc-case-insensitive-dev amd64 1.2.0.9-1+b1 [48.4 kB]
Get:68 http://127.0.0.1:9999/debian unstable/main amd64 libghc-cereal-dev amd64 0.5.4.0-1+b1 [218 kB]
Get:69 http://127.0.0.1:9999/debian unstable/main amd64 libghc-cmark-dev amd64 0.5.5.1-1+b2 [246 kB]
Get:70 http://127.0.0.1:9999/debian unstable/main amd64 libghc-exceptions-dev amd64 0.8.3-3+b1 [76.3 kB]
Get:71 http://127.0.0.1:9999/debian unstable/main amd64 libghc-transformers-base-dev amd64 0.4.4-6+b1 [30.0 kB]
Get:72 http://127.0.0.1:9999/debian unstable/main amd64 libghc-monad-control-dev amd64 1.0.1.0-3+b1 [45.2 kB]
Get:73 http://127.0.0.1:9999/debian unstable/main amd64 libghc-lifted-base-dev amd64 0.2.3.10-1+b1 [46.2 kB]
Get:74 http://127.0.0.1:9999/debian unstable/main amd64 libghc-mmorph-dev amd64 1.0.9-1+b1 [57.0 kB]
Get:75 http://127.0.0.1:9999/debian unstable/main amd64 libghc-resourcet-dev amd64 1.1.9-1 [111 kB]
Get:76 http://127.0.0.1:9999/debian unstable/main amd64 libghc-conduit-dev amd64 1.2.10-2 [222 kB]
Get:77 http://127.0.0.1:9999/debian unstable/main amd64 libghc-data-default-class-dev amd64 0.1.2.0-2+b1 [21.5 kB]
Get:78 http://127.0.0.1:9999/debian unstable/main amd64 libghc-network-dev amd64 2.6.3.1-3+b2 [324 kB]
Get:79 http://127.0.0.1:9999/debian unstable/main amd64 libghc-socks-dev amd64 0.5.5-3+b3 [198 kB]
Get:80 http://127.0.0.1:9999/debian unstable/main amd64 libghc-cryptonite-dev amd64 0.21-2.1 [1399 kB]
Get:81 http://127.0.0.1:9999/debian unstable/main amd64 libghc-pem-dev amd64 0.2.2-7+b2 [31.2 kB]
Get:82 http://127.0.0.1:9999/debian unstable/main amd64 libghc-x509-dev amd64 1.6.5-1 [317 kB]
Get:83 http://127.0.0.1:9999/debian unstable/main amd64 libghc-x509-store-dev amd64 1.6.2-2+b2 [35.6 kB]
Get:84 http://127.0.0.1:9999/debian unstable/main amd64 libghc-x509-validation-dev amd64 1.6.5-2+b2 [83.2 kB]
Get:85 http://127.0.0.1:9999/debian unstable/main amd64 libghc-tls-dev amd64 1.3.10-2 [897 kB]
Get:86 http://127.0.0.1:9999/debian unstable/main amd64 libghc-x509-system-dev amd64 1.6.4-2+b2 [23.3 kB]
Get:87 http://127.0.0.1:9999/debian unstable/main amd64 libghc-connection-dev amd64 0.2.8-1+b1 [70.6 kB]
Get:88 http://127.0.0.1:9999/debian unstable/main amd64 libghc-old-locale-dev amd64 1.0.0.7-5+b1 [33.9 kB]
Get:89 http://127.0.0.1:9999/debian unstable/main amd64 libghc-cookie-dev amd64 0.4.2.1-3+b3 [46.7 kB]
Get:90 http://127.0.0.1:9999/debian unstable/main amd64 libghc-data-default-instances-containers-dev amd64 0.0.1-7+b2 [11.3 kB]
Get:91 http://127.0.0.1:9999/debian unstable/main amd64 libghc-data-default-instances-dlist-dev amd64 0.0.1-7+b1 [10.0 kB]
Get:92 http://127.0.0.1:9999/debian unstable/main amd64 libghc-data-default-instances-old-locale-dev amd64 0.0.1-7+b1 [9852 B]
Get:93 http://127.0.0.1:9999/debian unstable/main amd64 libghc-data-default-dev amd64 0.7.1.1-2+b2 [10.4 kB]
Get:94 http://127.0.0.1:9999/debian unstable/main amd64 zlib1g-dev amd64 1:1.2.8.dfsg-5 [205 kB]
Get:95 http://127.0.0.1:9999/debian unstable/main amd64 libghc-digest-dev amd64 0.0.1.2-7+b2 [17.7 kB]
Get:96 http://127.0.0.1:9999/debian unstable/main amd64 libghc-extensible-exceptions-dev amd64 0.1.1.4-8+b1 [10.5 kB]
Get:97 http://127.0.0.1:9999/debian unstable/main amd64 libghc-unix-compat-dev amd64 0.4.3.1-1+b1 [18.2 kB]
Get:98 http://127.0.0.1:9999/debian unstable/main amd64 libghc-filemanip-dev amd64 0.3.6.3-6+b3 [83.3 kB]
Get:99 http://127.0.0.1:9999/debian unstable/main amd64 libghc-haddock-library-dev amd64 1.4.3-1+b1 [369 kB]
Get:100 http://127.0.0.1:9999/debian unstable/main amd64 libghc-parsec3-dev amd64 3.1.11-3+b3 [256 kB]
Get:101 http://127.0.0.1:9999/debian unstable/main amd64 libpcre16-3 amd64 2:8.39-3 [258 kB]
Get:102 http://127.0.0.1:9999/debian unstable/main amd64 libpcre32-3 amd64 2:8.39-3 [248 kB]
Get:103 http://127.0.0.1:9999/debian unstable/main amd64 libpcre3-dev amd64 2:8.39-3 [647 kB]
Get:104 http://127.0.0.1:9999/debian unstable/main amd64 libghc-pcre-light-dev amd64 0.4.0.4-3+b2 [49.6 kB]
Get:105 http://127.0.0.1:9999/debian unstable/main amd64 libghc-utf8-string-dev amd64 1.0.1.1-4+b2 [95.3 kB]
Get:106 http://127.0.0.1:9999/debian unstable/main amd64 libghc-highlighting-kate-dev amd64 0.6.4-1+b1 [3493 kB]
Get:107 http://127.0.0.1:9999/debian unstable/main amd64 liblua5.1-0 amd64 5.1.5-8.1+b2 [111 kB]
Get:108 http://127.0.0.1:9999/debian unstable/main amd64 libreadline-dev amd64 7.0-3 [132 kB]
Get:109 http://127.0.0.1:9999/debian unstable/main amd64 liblua5.1-0-dev amd64 5.1.5-8.1+b2 [137 kB]
Get:110 http://127.0.0.1:9999/debian unstable/main amd64 libluajit-5.1-common all 2.0.4+dfsg-1 [36.6 kB]
Get:111 http://127.0.0.1:9999/debian unstable/main amd64 libluajit-5.1-2 amd64 2.0.4+dfsg-1+b1 [207 kB]
Get:112 http://127.0.0.1:9999/debian unstable/main amd64 libluajit-5.1-dev amd64 2.0.4+dfsg-1+b1 [224 kB]
Get:113 http://127.0.0.1:9999/debian unstable/main amd64 libghc-hslua-dev amd64 0.4.1-10+b2 [123 kB]
Get:114 http://127.0.0.1:9999/debian unstable/main amd64 libghc-http-types-dev amd64 0.9.1-3+b2 [135 kB]
Get:115 http://127.0.0.1:9999/debian unstable/main amd64 libghc-mime-types-dev amd64 0.1.0.7-3+b3 [329 kB]
Get:116 http://127.0.0.1:9999/debian unstable/main amd64 libghc-network-uri-dev amd64 2.6.1.0-3+b2 [132 kB]
Get:117 http://127.0.0.1:9999/debian unstable/main amd64 libghc-random-dev amd64 1.1-5+b2 [109 kB]
Get:118 http://127.0.0.1:9999/debian unstable/main amd64 libghc-zlib-dev amd64 0.6.1.2-1+b2 [167 kB]
Get:119 http://127.0.0.1:9999/debian unstable/main amd64 libghc-streaming-commons-dev amd64 0.1.17-1 [229 kB]
Get:120 http://127.0.0.1:9999/debian unstable/main amd64 libghc-http-client-dev amd64 0.4.31.2-1 [427 kB]
Get:121 http://127.0.0.1:9999/debian unstable/main amd64 libghc-http-client-tls-dev amd64 0.2.4.1-3+b3 [23.2 kB]
Get:122 http://127.0.0.1:9999/debian unstable/main amd64 libghc-http-dev amd64 1:4000.3.7-1+b1 [427 kB]
Get:123 http://127.0.0.1:9999/debian unstable/main amd64 libghc-juicypixels-dev amd64 3.2.8.1-1+b1 [1475 kB]
Get:124 http://127.0.0.1:9999/debian unstable/main amd64 libghc-old-time-dev amd64 1.1.0.3-5+b1 [116 kB]
Get:125 http://127.0.0.1:9999/debian unstable/main amd64 libghc-optparse-applicative-dev amd64 0.13.2.0-1 [276 kB]
Get:126 http://127.0.0.1:9999/debian unstable/main amd64 libghc-sha-dev amd64 1.6.4.2-6+b2 [92.3 kB]
Get:127 http://127.0.0.1:9999/debian unstable/main amd64 libghc-pandoc-types-dev amd64 1.16.1.1-3+b3 [549 kB]
Get:128 http://127.0.0.1:9999/debian unstable/main amd64 libghc-tagsoup-dev amd64 0.14.1-1+b2 [729 kB]
Get:129 http://127.0.0.1:9999/debian unstable/main amd64 libghc-temporary-dev amd64 1.2.0.4-3+b2 [26.1 kB]
Get:130 http://127.0.0.1:9999/debian unstable/main amd64 libghc-xml-dev amd64 1.3.14-6+b3 [179 kB]
Get:131 http://127.0.0.1:9999/debian unstable/main amd64 libghc-texmath-dev amd64 0.8.6.7-1+b3 [4051 kB]
Get:132 http://127.0.0.1:9999/debian unstable/main amd64 libyaml-0-2 amd64 0.1.7-2 [47.6 kB]
Get:133 http://127.0.0.1:9999/debian unstable/main amd64 libyaml-dev amd64 0.1.7-2 [56.7 kB]
Get:134 http://127.0.0.1:9999/debian unstable/main amd64 libghc-semigroups-dev amd64 0.18.3-1+b1 [17.5 kB]
Get:135 http://127.0.0.1:9999/debian unstable/main amd64 libghc-yaml-dev amd64 0.8.23-3 [2778 kB]
Get:136 http://127.0.0.1:9999/debian unstable/main amd64 libghc-zip-archive-dev amd64 0.3.0.6-1+b2 [128 kB]
Get:137 http://127.0.0.1:9999/debian unstable/main amd64 libghc-pandoc-dev amd64 1.17.2~dfsg-4 [5682 kB]
Get:138 http://127.0.0.1:9999/debian unstable/main amd64 libghc-terminal-size-dev amd64 0.3.2.1-4+b1 [45.7 kB]
Get:139 http://127.0.0.1:9999/debian unstable/main amd64 pandoc-data all 1.17.2~dfsg-4 [265 kB]
debconf: delaying package configuration, since apt-utils is not installed
Fetched 102 MB in 1s (94.1 MB/s)
Selecting previously unselected package groff-base.
(Reading database ... 10611 files and directories currently installed.)
Preparing to unpack .../000-groff-base_1.22.3-9_amd64.deb ...
Unpacking groff-base (1.22.3-9) ...
Selecting previously unselected package bsdmainutils.
Preparing to unpack .../001-bsdmainutils_9.0.12+nmu1_amd64.deb ...
Unpacking bsdmainutils (9.0.12+nmu1) ...
Selecting previously unselected package libpipeline1:amd64.
Preparing to unpack .../002-libpipeline1_1.4.1-2_amd64.deb ...
Unpacking libpipeline1:amd64 (1.4.1-2) ...
Selecting previously unselected package man-db.
Preparing to unpack .../003-man-db_2.7.6.1-2_amd64.deb ...
Unpacking man-db (2.7.6.1-2) ...
Selecting previously unselected package libgmpxx4ldbl:amd64.
Preparing to unpack .../004-libgmpxx4ldbl_2%3a6.1.2+dfsg-1_amd64.deb ...
Unpacking libgmpxx4ldbl:amd64 (2:6.1.2+dfsg-1) ...
Selecting previously unselected package libgmp-dev:amd64.
Preparing to unpack .../005-libgmp-dev_2%3a6.1.2+dfsg-1_amd64.deb ...
Unpacking libgmp-dev:amd64 (2:6.1.2+dfsg-1) ...
Selecting previously unselected package libffi-dev:amd64.
Preparing to unpack .../006-libffi-dev_3.2.1-6_amd64.deb ...
Unpacking libffi-dev:amd64 (3.2.1-6) ...
Selecting previously unselected package libbsd-dev:amd64.
Preparing to unpack .../007-libbsd-dev_0.8.5-1_amd64.deb ...
Unpacking libbsd-dev:amd64 (0.8.5-1) ...
Selecting previously unselected package libtinfo-dev:amd64.
Preparing to unpack .../008-libtinfo-dev_6.0+20161126-1_amd64.deb ...
Unpacking libtinfo-dev:amd64 (6.0+20161126-1) ...
Selecting previously unselected package libncurses5-dev:amd64.
Preparing to unpack .../009-libncurses5-dev_6.0+20161126-1_amd64.deb ...
Unpacking libncurses5-dev:amd64 (6.0+20161126-1) ...
Selecting previously unselected package ghc.
Preparing to unpack .../010-ghc_8.0.2-5_amd64.deb ...
Unpacking ghc (8.0.2-5) ...
Selecting previously unselected package libpcrecpp0v5:amd64.
Preparing to unpack .../011-libpcrecpp0v5_2%3a8.39-3_amd64.deb ...
Unpacking libpcrecpp0v5:amd64 (2:8.39-3) ...
Selecting previously unselected package readline-common.
Preparing to unpack .../012-readline-common_7.0-3_all.deb ...
Unpacking readline-common (7.0-3) ...
Selecting previously unselected package libreadline7:amd64.
Preparing to unpack .../013-libreadline7_7.0-3_amd64.deb ...
Unpacking libreadline7:amd64 (7.0-3) ...
Selecting previously unselected package libmagic-mgc.
Preparing to unpack .../014-libmagic-mgc_1%3a5.30-1_amd64.deb ...
Unpacking libmagic-mgc (1:5.30-1) ...
Selecting previously unselected package libmagic1:amd64.
Preparing to unpack .../015-libmagic1_1%3a5.30-1_amd64.deb ...
Unpacking libmagic1:amd64 (1:5.30-1) ...
Selecting previously unselected package file.
Preparing to unpack .../016-file_1%3a5.30-1_amd64.deb ...
Unpacking file (1:5.30-1) ...
Selecting previously unselected package gettext-base.
Preparing to unpack .../017-gettext-base_0.19.8.1-2+b1_amd64.deb ...
Unpacking gettext-base (0.19.8.1-2+b1) ...
Selecting previously unselected package libicu57:amd64.
Preparing to unpack .../018-libicu57_57.1-6_amd64.deb ...
Unpacking libicu57:amd64 (57.1-6) ...
Selecting previously unselected package libxml2:amd64.
Preparing to unpack .../019-libxml2_2.9.4+dfsg1-3_amd64.deb ...
Unpacking libxml2:amd64 (2.9.4+dfsg1-3) ...
Selecting previously unselected package libsigsegv2:amd64.
Preparing to unpack .../020-libsigsegv2_2.11-1_amd64.deb ...
Unpacking libsigsegv2:amd64 (2.11-1) ...
Selecting previously unselected package m4.
Preparing to unpack .../021-m4_1.4.18-1_amd64.deb ...
Unpacking m4 (1.4.18-1) ...
Selecting previously unselected package autoconf.
Preparing to unpack .../022-autoconf_2.69-10_all.deb ...
Unpacking autoconf (2.69-10) ...
Selecting previously unselected package autotools-dev.
Preparing to unpack .../023-autotools-dev_20161112.1_all.deb ...
Unpacking autotools-dev (20161112.1) ...
Selecting previously unselected package automake.
Preparing to unpack .../024-automake_1%3a1.15.1-2_all.deb ...
Unpacking automake (1:1.15.1-2) ...
Selecting previously unselected package autopoint.
Preparing to unpack .../025-autopoint_0.19.8.1-2_all.deb ...
Unpacking autopoint (0.19.8.1-2) ...
Selecting previously unselected package libtool.
Preparing to unpack .../026-libtool_2.4.6-2_all.deb ...
Unpacking libtool (2.4.6-2) ...
Selecting previously unselected package dh-autoreconf.
Preparing to unpack .../027-dh-autoreconf_14_all.deb ...
Unpacking dh-autoreconf (14) ...
Selecting previously unselected package libarchive-zip-perl.
Preparing to unpack .../028-libarchive-zip-perl_1.59-1_all.deb ...
Unpacking libarchive-zip-perl (1.59-1) ...
Selecting previously unselected package libfile-stripnondeterminism-perl.
Preparing to unpack .../029-libfile-stripnondeterminism-perl_0.035-2_all.deb ...
Unpacking libfile-stripnondeterminism-perl (0.035-2) ...
Selecting previously unselected package libtimedate-perl.
Preparing to unpack .../030-libtimedate-perl_2.3000-2_all.deb ...
Unpacking libtimedate-perl (2.3000-2) ...
Selecting previously unselected package dh-strip-nondeterminism.
Preparing to unpack .../031-dh-strip-nondeterminism_0.035-2_all.deb ...
Unpacking dh-strip-nondeterminism (0.035-2) ...
Selecting previously unselected package libglib2.0-0:amd64.
Preparing to unpack .../032-libglib2.0-0_2.52.3-1_amd64.deb ...
Unpacking libglib2.0-0:amd64 (2.52.3-1) ...
Selecting previously unselected package libcroco3:amd64.
Preparing to unpack .../033-libcroco3_0.6.12-1_amd64.deb ...
Unpacking libcroco3:amd64 (0.6.12-1) ...
Selecting previously unselected package gettext.
Preparing to unpack .../034-gettext_0.19.8.1-2+b1_amd64.deb ...
Unpacking gettext (0.19.8.1-2+b1) ...
Selecting previously unselected package intltool-debian.
Preparing to unpack .../035-intltool-debian_0.35.0+20060710.4_all.deb ...
Unpacking intltool-debian (0.35.0+20060710.4) ...
Selecting previously unselected package po-debconf.
Preparing to unpack .../036-po-debconf_1.0.20_all.deb ...
Unpacking po-debconf (1.0.20) ...
Selecting previously unselected package debhelper.
Preparing to unpack .../037-debhelper_10.6.2_all.deb ...
Unpacking debhelper (10.6.2) ...
Selecting previously unselected package libghc-text-dev.
Preparing to unpack .../038-libghc-text-dev_1.2.2.2-1+b1_amd64.deb ...
Unpacking libghc-text-dev (1.2.2.2-1+b1) ...
Selecting previously unselected package libghc-hashable-dev.
Preparing to unpack .../039-libghc-hashable-dev_1.2.4.0-3+b2_amd64.deb ...
Unpacking libghc-hashable-dev (1.2.4.0-3+b2) ...
Selecting previously unselected package libghc-primitive-dev.
Preparing to unpack .../040-libghc-primitive-dev_0.6.1.0-4+b1_amd64.deb ...
Unpacking libghc-primitive-dev (0.6.1.0-4+b1) ...
Selecting previously unselected package libghc-vector-dev.
Preparing to unpack .../041-libghc-vector-dev_0.11.0.0-7+b1_amd64.deb ...
Unpacking libghc-vector-dev (0.11.0.0-7+b1) ...
Selecting previously unselected package libghc-scientific-dev.
Preparing to unpack .../042-libghc-scientific-dev_0.3.4.9-3+b2_amd64.deb ...
Unpacking libghc-scientific-dev (0.3.4.9-3+b2) ...
Selecting previously unselected package libghc-attoparsec-dev.
Preparing to unpack .../043-libghc-attoparsec-dev_0.13.1.0-3+b2_amd64.deb ...
Unpacking libghc-attoparsec-dev (0.13.1.0-3+b2) ...
Selecting previously unselected package libghc-dlist-dev.
Preparing to unpack .../044-libghc-dlist-dev_0.8.0.2-3+b1_amd64.deb ...
Unpacking libghc-dlist-dev (0.8.0.2-3+b1) ...
Selecting previously unselected package libghc-mtl-dev.
Preparing to unpack .../045-libghc-mtl-dev_2.2.1-5+b1_amd64.deb ...
Unpacking libghc-mtl-dev (2.2.1-5+b1) ...
Selecting previously unselected package libghc-syb-dev.
Preparing to unpack .../046-libghc-syb-dev_0.6-3+b1_amd64.deb ...
Unpacking libghc-syb-dev (0.6-3+b1) ...
Selecting previously unselected package libghc-transformers-compat-dev.
Preparing to unpack .../047-libghc-transformers-compat-dev_0.5.1.4-2+b1_amd64.deb ...
Unpacking libghc-transformers-compat-dev (0.5.1.4-2+b1) ...
Selecting previously unselected package libghc-tagged-dev.
Preparing to unpack .../048-libghc-tagged-dev_0.8.5-2+b1_amd64.deb ...
Unpacking libghc-tagged-dev (0.8.5-2+b1) ...
Selecting previously unselected package libghc-unordered-containers-dev.
Preparing to unpack .../049-libghc-unordered-containers-dev_0.2.8.0-1_amd64.deb ...
Unpacking libghc-unordered-containers-dev (0.2.8.0-1) ...
Selecting previously unselected package libghc-aeson-dev.
Preparing to unpack .../050-libghc-aeson-dev_0.11.3.0-2_amd64.deb ...
Unpacking libghc-aeson-dev (0.11.3.0-2) ...
Selecting previously unselected package libghc-ansi-terminal-dev.
Preparing to unpack .../051-libghc-ansi-terminal-dev_0.6.3-1+b1_amd64.deb ...
Unpacking libghc-ansi-terminal-dev (0.6.3-1+b1) ...
Selecting previously unselected package libghc-ansi-wl-pprint-dev.
Preparing to unpack .../052-libghc-ansi-wl-pprint-dev_0.6.7.3-3+b2_amd64.deb ...
Unpacking libghc-ansi-wl-pprint-dev (0.6.7.3-3+b2) ...
Selecting previously unselected package libghc-hourglass-dev.
Preparing to unpack .../053-libghc-hourglass-dev_0.2.10-3+b1_amd64.deb ...
Unpacking libghc-hourglass-dev (0.2.10-3+b1) ...
Selecting previously unselected package libghc-memory-dev.
Preparing to unpack .../054-libghc-memory-dev_0.13-3+b2_amd64.deb ...
Unpacking libghc-memory-dev (0.13-3+b2) ...
Selecting previously unselected package libghc-asn1-types-dev.
Preparing to unpack .../055-libghc-asn1-types-dev_0.3.2-3+b2_amd64.deb ...
Unpacking libghc-asn1-types-dev (0.3.2-3+b2) ...
Selecting previously unselected package libghc-asn1-encoding-dev.
Preparing to unpack .../056-libghc-asn1-encoding-dev_0.9.5-1+b1_amd64.deb ...
Unpacking libghc-asn1-encoding-dev (0.9.5-1+b1) ...
Selecting previously unselected package libghc-asn1-parse-dev.
Preparing to unpack .../057-libghc-asn1-parse-dev_0.9.4-3+b3_amd64.deb ...
Unpacking libghc-asn1-parse-dev (0.9.4-3+b3) ...
Selecting previously unselected package libghc-stm-dev.
Preparing to unpack .../058-libghc-stm-dev_2.4.4.1-3+b1_amd64.deb ...
Unpacking libghc-stm-dev (2.4.4.1-3+b1) ...
Selecting previously unselected package libghc-async-dev.
Preparing to unpack .../059-libghc-async-dev_2.1.1.1-1+b1_amd64.deb ...
Unpacking libghc-async-dev (2.1.1.1-1+b1) ...
Selecting previously unselected package libghc-base64-bytestring-dev.
Preparing to unpack .../060-libghc-base64-bytestring-dev_1.0.0.1-8+b2_amd64.deb ...
Unpacking libghc-base64-bytestring-dev (1.0.0.1-8+b2) ...
Selecting previously unselected package libghc-blaze-builder-dev.
Preparing to unpack .../061-libghc-blaze-builder-dev_0.4.0.2-3+b3_amd64.deb ...
Unpacking libghc-blaze-builder-dev (0.4.0.2-3+b3) ...
Selecting previously unselected package libghc-blaze-markup-dev.
Preparing to unpack .../062-libghc-blaze-markup-dev_0.7.1.1-1+b1_amd64.deb ...
Unpacking libghc-blaze-markup-dev (0.7.1.1-1+b1) ...
Selecting previously unselected package libghc-blaze-html-dev.
Preparing to unpack .../063-libghc-blaze-html-dev_0.8.1.3-1+b1_amd64.deb ...
Unpacking libghc-blaze-html-dev (0.8.1.3-1+b1) ...
Selecting previously unselected package libghc-byteable-dev.
Preparing to unpack .../064-libghc-byteable-dev_0.1.1-7+b2_amd64.deb ...
Unpacking libghc-byteable-dev (0.1.1-7+b2) ...
Selecting previously unselected package libghc-case-insensitive-dev.
Preparing to unpack .../065-libghc-case-insensitive-dev_1.2.0.9-1+b1_amd64.deb ...
Unpacking libghc-case-insensitive-dev (1.2.0.9-1+b1) ...
Selecting previously unselected package libghc-cereal-dev.
Preparing to unpack .../066-libghc-cereal-dev_0.5.4.0-1+b1_amd64.deb ...
Unpacking libghc-cereal-dev (0.5.4.0-1+b1) ...
Selecting previously unselected package libghc-cmark-dev.
Preparing to unpack .../067-libghc-cmark-dev_0.5.5.1-1+b2_amd64.deb ...
Unpacking libghc-cmark-dev (0.5.5.1-1+b2) ...
Selecting previously unselected package libghc-exceptions-dev.
Preparing to unpack .../068-libghc-exceptions-dev_0.8.3-3+b1_amd64.deb ...
Unpacking libghc-exceptions-dev (0.8.3-3+b1) ...
Selecting previously unselected package libghc-transformers-base-dev.
Preparing to unpack .../069-libghc-transformers-base-dev_0.4.4-6+b1_amd64.deb ...
Unpacking libghc-transformers-base-dev (0.4.4-6+b1) ...
Selecting previously unselected package libghc-monad-control-dev.
Preparing to unpack .../070-libghc-monad-control-dev_1.0.1.0-3+b1_amd64.deb ...
Unpacking libghc-monad-control-dev (1.0.1.0-3+b1) ...
Selecting previously unselected package libghc-lifted-base-dev.
Preparing to unpack .../071-libghc-lifted-base-dev_0.2.3.10-1+b1_amd64.deb ...
Unpacking libghc-lifted-base-dev (0.2.3.10-1+b1) ...
Selecting previously unselected package libghc-mmorph-dev.
Preparing to unpack .../072-libghc-mmorph-dev_1.0.9-1+b1_amd64.deb ...
Unpacking libghc-mmorph-dev (1.0.9-1+b1) ...
Selecting previously unselected package libghc-resourcet-dev.
Preparing to unpack .../073-libghc-resourcet-dev_1.1.9-1_amd64.deb ...
Unpacking libghc-resourcet-dev (1.1.9-1) ...
Selecting previously unselected package libghc-conduit-dev.
Preparing to unpack .../074-libghc-conduit-dev_1.2.10-2_amd64.deb ...
Unpacking libghc-conduit-dev (1.2.10-2) ...
Selecting previously unselected package libghc-data-default-class-dev.
Preparing to unpack .../075-libghc-data-default-class-dev_0.1.2.0-2+b1_amd64.deb ...
Unpacking libghc-data-default-class-dev (0.1.2.0-2+b1) ...
Selecting previously unselected package libghc-network-dev.
Preparing to unpack .../076-libghc-network-dev_2.6.3.1-3+b2_amd64.deb ...
Unpacking libghc-network-dev (2.6.3.1-3+b2) ...
Selecting previously unselected package libghc-socks-dev.
Preparing to unpack .../077-libghc-socks-dev_0.5.5-3+b3_amd64.deb ...
Unpacking libghc-socks-dev (0.5.5-3+b3) ...
Selecting previously unselected package libghc-cryptonite-dev.
Preparing to unpack .../078-libghc-cryptonite-dev_0.21-2.1_amd64.deb ...
Unpacking libghc-cryptonite-dev (0.21-2.1) ...
Selecting previously unselected package libghc-pem-dev.
Preparing to unpack .../079-libghc-pem-dev_0.2.2-7+b2_amd64.deb ...
Unpacking libghc-pem-dev (0.2.2-7+b2) ...
Selecting previously unselected package libghc-x509-dev.
Preparing to unpack .../080-libghc-x509-dev_1.6.5-1_amd64.deb ...
Unpacking libghc-x509-dev (1.6.5-1) ...
Selecting previously unselected package libghc-x509-store-dev.
Preparing to unpack .../081-libghc-x509-store-dev_1.6.2-2+b2_amd64.deb ...
Unpacking libghc-x509-store-dev (1.6.2-2+b2) ...
Selecting previously unselected package libghc-x509-validation-dev.
Preparing to unpack .../082-libghc-x509-validation-dev_1.6.5-2+b2_amd64.deb ...
Unpacking libghc-x509-validation-dev (1.6.5-2+b2) ...
Selecting previously unselected package libghc-tls-dev.
Preparing to unpack .../083-libghc-tls-dev_1.3.10-2_amd64.deb ...
Unpacking libghc-tls-dev (1.3.10-2) ...
Selecting previously unselected package libghc-x509-system-dev.
Preparing to unpack .../084-libghc-x509-system-dev_1.6.4-2+b2_amd64.deb ...
Unpacking libghc-x509-system-dev (1.6.4-2+b2) ...
Selecting previously unselected package libghc-connection-dev.
Preparing to unpack .../085-libghc-connection-dev_0.2.8-1+b1_amd64.deb ...
Unpacking libghc-connection-dev (0.2.8-1+b1) ...
Selecting previously unselected package libghc-old-locale-dev.
Preparing to unpack .../086-libghc-old-locale-dev_1.0.0.7-5+b1_amd64.deb ...
Unpacking libghc-old-locale-dev (1.0.0.7-5+b1) ...
Selecting previously unselected package libghc-cookie-dev.
Preparing to unpack .../087-libghc-cookie-dev_0.4.2.1-3+b3_amd64.deb ...
Unpacking libghc-cookie-dev (0.4.2.1-3+b3) ...
Selecting previously unselected package libghc-data-default-instances-containers-dev.
Preparing to unpack .../088-libghc-data-default-instances-containers-dev_0.0.1-7+b2_amd64.deb ...
Unpacking libghc-data-default-instances-containers-dev (0.0.1-7+b2) ...
Selecting previously unselected package libghc-data-default-instances-dlist-dev.
Preparing to unpack .../089-libghc-data-default-instances-dlist-dev_0.0.1-7+b1_amd64.deb ...
Unpacking libghc-data-default-instances-dlist-dev (0.0.1-7+b1) ...
Selecting previously unselected package libghc-data-default-instances-old-locale-dev.
Preparing to unpack .../090-libghc-data-default-instances-old-locale-dev_0.0.1-7+b1_amd64.deb ...
Unpacking libghc-data-default-instances-old-locale-dev (0.0.1-7+b1) ...
Selecting previously unselected package libghc-data-default-dev.
Preparing to unpack .../091-libghc-data-default-dev_0.7.1.1-2+b2_amd64.deb ...
Unpacking libghc-data-default-dev (0.7.1.1-2+b2) ...
Selecting previously unselected package zlib1g-dev:amd64.
Preparing to unpack .../092-zlib1g-dev_1%3a1.2.8.dfsg-5_amd64.deb ...
Unpacking zlib1g-dev:amd64 (1:1.2.8.dfsg-5) ...
Selecting previously unselected package libghc-digest-dev.
Preparing to unpack .../093-libghc-digest-dev_0.0.1.2-7+b2_amd64.deb ...
Unpacking libghc-digest-dev (0.0.1.2-7+b2) ...
Selecting previously unselected package libghc-extensible-exceptions-dev.
Preparing to unpack .../094-libghc-extensible-exceptions-dev_0.1.1.4-8+b1_amd64.deb ...
Unpacking libghc-extensible-exceptions-dev (0.1.1.4-8+b1) ...
Selecting previously unselected package libghc-unix-compat-dev.
Preparing to unpack .../095-libghc-unix-compat-dev_0.4.3.1-1+b1_amd64.deb ...
Unpacking libghc-unix-compat-dev (0.4.3.1-1+b1) ...
Selecting previously unselected package libghc-filemanip-dev.
Preparing to unpack .../096-libghc-filemanip-dev_0.3.6.3-6+b3_amd64.deb ...
Unpacking libghc-filemanip-dev (0.3.6.3-6+b3) ...
Selecting previously unselected package libghc-haddock-library-dev.
Preparing to unpack .../097-libghc-haddock-library-dev_1.4.3-1+b1_amd64.deb ...
Unpacking libghc-haddock-library-dev (1.4.3-1+b1) ...
Selecting previously unselected package libghc-parsec3-dev.
Preparing to unpack .../098-libghc-parsec3-dev_3.1.11-3+b3_amd64.deb ...
Unpacking libghc-parsec3-dev (3.1.11-3+b3) ...
Selecting previously unselected package libpcre16-3:amd64.
Preparing to unpack .../099-libpcre16-3_2%3a8.39-3_amd64.deb ...
Unpacking libpcre16-3:amd64 (2:8.39-3) ...
Selecting previously unselected package libpcre32-3:amd64.
Preparing to unpack .../100-libpcre32-3_2%3a8.39-3_amd64.deb ...
Unpacking libpcre32-3:amd64 (2:8.39-3) ...
Selecting previously unselected package libpcre3-dev:amd64.
Preparing to unpack .../101-libpcre3-dev_2%3a8.39-3_amd64.deb ...
Unpacking libpcre3-dev:amd64 (2:8.39-3) ...
Selecting previously unselected package libghc-pcre-light-dev.
Preparing to unpack .../102-libghc-pcre-light-dev_0.4.0.4-3+b2_amd64.deb ...
Unpacking libghc-pcre-light-dev (0.4.0.4-3+b2) ...
Selecting previously unselected package libghc-utf8-string-dev.
Preparing to unpack .../103-libghc-utf8-string-dev_1.0.1.1-4+b2_amd64.deb ...
Unpacking libghc-utf8-string-dev (1.0.1.1-4+b2) ...
Selecting previously unselected package libghc-highlighting-kate-dev.
Preparing to unpack .../104-libghc-highlighting-kate-dev_0.6.4-1+b1_amd64.deb ...
Unpacking libghc-highlighting-kate-dev (0.6.4-1+b1) ...
Selecting previously unselected package liblua5.1-0:amd64.
Preparing to unpack .../105-liblua5.1-0_5.1.5-8.1+b2_amd64.deb ...
Unpacking liblua5.1-0:amd64 (5.1.5-8.1+b2) ...
Selecting previously unselected package libreadline-dev:amd64.
Preparing to unpack .../106-libreadline-dev_7.0-3_amd64.deb ...
Unpacking libreadline-dev:amd64 (7.0-3) ...
Selecting previously unselected package liblua5.1-0-dev:amd64.
Preparing to unpack .../107-liblua5.1-0-dev_5.1.5-8.1+b2_amd64.deb ...
Unpacking liblua5.1-0-dev:amd64 (5.1.5-8.1+b2) ...
Selecting previously unselected package libluajit-5.1-common.
Preparing to unpack .../108-libluajit-5.1-common_2.0.4+dfsg-1_all.deb ...
Unpacking libluajit-5.1-common (2.0.4+dfsg-1) ...
Selecting previously unselected package libluajit-5.1-2:amd64.
Preparing to unpack .../109-libluajit-5.1-2_2.0.4+dfsg-1+b1_amd64.deb ...
Unpacking libluajit-5.1-2:amd64 (2.0.4+dfsg-1+b1) ...
Selecting previously unselected package libluajit-5.1-dev:amd64.
Preparing to unpack .../110-libluajit-5.1-dev_2.0.4+dfsg-1+b1_amd64.deb ...
Unpacking libluajit-5.1-dev:amd64 (2.0.4+dfsg-1+b1) ...
Selecting previously unselected package libghc-hslua-dev.
Preparing to unpack .../111-libghc-hslua-dev_0.4.1-10+b2_amd64.deb ...
Unpacking libghc-hslua-dev (0.4.1-10+b2) ...
Selecting previously unselected package libghc-http-types-dev.
Preparing to unpack .../112-libghc-http-types-dev_0.9.1-3+b2_amd64.deb ...
Unpacking libghc-http-types-dev (0.9.1-3+b2) ...
Selecting previously unselected package libghc-mime-types-dev.
Preparing to unpack .../113-libghc-mime-types-dev_0.1.0.7-3+b3_amd64.deb ...
Unpacking libghc-mime-types-dev (0.1.0.7-3+b3) ...
Selecting previously unselected package libghc-network-uri-dev.
Preparing to unpack .../114-libghc-network-uri-dev_2.6.1.0-3+b2_amd64.deb ...
Unpacking libghc-network-uri-dev (2.6.1.0-3+b2) ...
Selecting previously unselected package libghc-random-dev.
Preparing to unpack .../115-libghc-random-dev_1.1-5+b2_amd64.deb ...
Unpacking libghc-random-dev (1.1-5+b2) ...
Selecting previously unselected package libghc-zlib-dev.
Preparing to unpack .../116-libghc-zlib-dev_0.6.1.2-1+b2_amd64.deb ...
Unpacking libghc-zlib-dev (0.6.1.2-1+b2) ...
Selecting previously unselected package libghc-streaming-commons-dev.
Preparing to unpack .../117-libghc-streaming-commons-dev_0.1.17-1_amd64.deb ...
Unpacking libghc-streaming-commons-dev (0.1.17-1) ...
Selecting previously unselected package libghc-http-client-dev.
Preparing to unpack .../118-libghc-http-client-dev_0.4.31.2-1_amd64.deb ...
Unpacking libghc-http-client-dev (0.4.31.2-1) ...
Selecting previously unselected package libghc-http-client-tls-dev.
Preparing to unpack .../119-libghc-http-client-tls-dev_0.2.4.1-3+b3_amd64.deb ...
Unpacking libghc-http-client-tls-dev (0.2.4.1-3+b3) ...
Selecting previously unselected package libghc-http-dev.
Preparing to unpack .../120-libghc-http-dev_1%3a4000.3.7-1+b1_amd64.deb ...
Unpacking libghc-http-dev (1:4000.3.7-1+b1) ...
Selecting previously unselected package libghc-juicypixels-dev.
Preparing to unpack .../121-libghc-juicypixels-dev_3.2.8.1-1+b1_amd64.deb ...
Unpacking libghc-juicypixels-dev (3.2.8.1-1+b1) ...
Selecting previously unselected package libghc-old-time-dev.
Preparing to unpack .../122-libghc-old-time-dev_1.1.0.3-5+b1_amd64.deb ...
Unpacking libghc-old-time-dev (1.1.0.3-5+b1) ...
Selecting previously unselected package libghc-optparse-applicative-dev.
Preparing to unpack .../123-libghc-optparse-applicative-dev_0.13.2.0-1_amd64.deb ...
Unpacking libghc-optparse-applicative-dev (0.13.2.0-1) ...
Selecting previously unselected package libghc-sha-dev.
Preparing to unpack .../124-libghc-sha-dev_1.6.4.2-6+b2_amd64.deb ...
Unpacking libghc-sha-dev (1.6.4.2-6+b2) ...
Selecting previously unselected package libghc-pandoc-types-dev.
Preparing to unpack .../125-libghc-pandoc-types-dev_1.16.1.1-3+b3_amd64.deb ...
Unpacking libghc-pandoc-types-dev (1.16.1.1-3+b3) ...
Selecting previously unselected package libghc-tagsoup-dev.
Preparing to unpack .../126-libghc-tagsoup-dev_0.14.1-1+b2_amd64.deb ...
Unpacking libghc-tagsoup-dev (0.14.1-1+b2) ...
Selecting previously unselected package libghc-temporary-dev.
Preparing to unpack .../127-libghc-temporary-dev_1.2.0.4-3+b2_amd64.deb ...
Unpacking libghc-temporary-dev (1.2.0.4-3+b2) ...
Selecting previously unselected package libghc-xml-dev.
Preparing to unpack .../128-libghc-xml-dev_1.3.14-6+b3_amd64.deb ...
Unpacking libghc-xml-dev (1.3.14-6+b3) ...
Selecting previously unselected package libghc-texmath-dev.
Preparing to unpack .../129-libghc-texmath-dev_0.8.6.7-1+b3_amd64.deb ...
Unpacking libghc-texmath-dev (0.8.6.7-1+b3) ...
Selecting previously unselected package libyaml-0-2:amd64.
Preparing to unpack .../130-libyaml-0-2_0.1.7-2_amd64.deb ...
Unpacking libyaml-0-2:amd64 (0.1.7-2) ...
Selecting previously unselected package libyaml-dev:amd64.
Preparing to unpack .../131-libyaml-dev_0.1.7-2_amd64.deb ...
Unpacking libyaml-dev:amd64 (0.1.7-2) ...
Selecting previously unselected package libghc-semigroups-dev.
Preparing to unpack .../132-libghc-semigroups-dev_0.18.3-1+b1_amd64.deb ...
Unpacking libghc-semigroups-dev (0.18.3-1+b1) ...
Selecting previously unselected package libghc-yaml-dev.
Preparing to unpack .../133-libghc-yaml-dev_0.8.23-3_amd64.deb ...
Unpacking libghc-yaml-dev (0.8.23-3) ...
Selecting previously unselected package libghc-zip-archive-dev.
Preparing to unpack .../134-libghc-zip-archive-dev_0.3.0.6-1+b2_amd64.deb ...
Unpacking libghc-zip-archive-dev (0.3.0.6-1+b2) ...
Selecting previously unselected package libghc-pandoc-dev.
Preparing to unpack .../135-libghc-pandoc-dev_1.17.2~dfsg-4_amd64.deb ...
Unpacking libghc-pandoc-dev (1.17.2~dfsg-4) ...
Selecting previously unselected package libghc-terminal-size-dev.
Preparing to unpack .../136-libghc-terminal-size-dev_0.3.2.1-4+b1_amd64.deb ...
Unpacking libghc-terminal-size-dev (0.3.2.1-4+b1) ...
Selecting previously unselected package pandoc-data.
Preparing to unpack .../137-pandoc-data_1.17.2~dfsg-4_all.deb ...
Unpacking pandoc-data (1.17.2~dfsg-4) ...
Selecting previously unselected package sbuild-build-depends-patat-dummy.
Preparing to unpack .../138-sbuild-build-depends-patat-dummy_0.invalid.0_amd64.deb ...
Unpacking sbuild-build-depends-patat-dummy (0.invalid.0) ...
Setting up readline-common (7.0-3) ...
Setting up libarchive-zip-perl (1.59-1) ...
Setting up libluajit-5.1-common (2.0.4+dfsg-1) ...
Setting up libtimedate-perl (2.3000-2) ...
Setting up libsigsegv2:amd64 (2.11-1) ...
Setting up libreadline7:amd64 (7.0-3) ...
Setting up libbsd-dev:amd64 (0.8.5-1) ...
Setting up groff-base (1.22.3-9) ...
Setting up libglib2.0-0:amd64 (2.52.3-1) ...
No schema files found: doing nothing.
Setting up pandoc-data (1.17.2~dfsg-4) ...
Setting up libtinfo-dev:amd64 (6.0+20161126-1) ...
Setting up libffi-dev:amd64 (3.2.1-6) ...
Setting up gettext-base (0.19.8.1-2+b1) ...
Setting up libpipeline1:amd64 (1.4.1-2) ...
Setting up m4 (1.4.18-1) ...
Setting up libicu57:amd64 (57.1-6) ...
Setting up libxml2:amd64 (2.9.4+dfsg1-3) ...
Setting up libmagic-mgc (1:5.30-1) ...
Setting up libmagic1:amd64 (1:5.30-1) ...
Setting up libcroco3:amd64 (0.6.12-1) ...
Setting up libncurses5-dev:amd64 (6.0+20161126-1) ...
Setting up libyaml-0-2:amd64 (0.1.7-2) ...
Processing triggers for libc-bin (2.24-12) ...
Setting up autotools-dev (20161112.1) ...
Setting up libluajit-5.1-2:amd64 (2.0.4+dfsg-1+b1) ...
Setting up libreadline-dev:amd64 (7.0-3) ...
Setting up libpcrecpp0v5:amd64 (2:8.39-3) ...
Setting up libpcre32-3:amd64 (2:8.39-3) ...
Setting up liblua5.1-0:amd64 (5.1.5-8.1+b2) ...
Setting up libpcre16-3:amd64 (2:8.39-3) ...
Setting up bsdmainutils (9.0.12+nmu1) ...
update-alternatives: using /usr/bin/bsd-write to provide /usr/bin/write (write) in auto mode
update-alternatives: using /usr/bin/bsd-from to provide /usr/bin/from (from) in auto mode
Setting up libgmpxx4ldbl:amd64 (2:6.1.2+dfsg-1) ...
Setting up autopoint (0.19.8.1-2) ...
Setting up libluajit-5.1-dev:amd64 (2.0.4+dfsg-1+b1) ...
Setting up zlib1g-dev:amd64 (1:1.2.8.dfsg-5) ...
Setting up libfile-stripnondeterminism-perl (0.035-2) ...
Setting up libgmp-dev:amd64 (2:6.1.2+dfsg-1) ...
Setting up libpcre3-dev:amd64 (2:8.39-3) ...
Setting up gettext (0.19.8.1-2+b1) ...
Setting up liblua5.1-0-dev:amd64 (5.1.5-8.1+b2) ...
Setting up ghc (8.0.2-5) ...
update-alternatives: using /usr/bin/runghc to provide /usr/bin/runhaskell (runhaskell) in auto mode
update-alternatives: using /usr/bin/ghc to provide /usr/bin/haskell-compiler (haskell-compiler) in auto mode
Setting up libghc-digest-dev (0.0.1.2-7+b2) ...
Setting up libghc-ansi-terminal-dev (0.6.3-1+b1) ...
Setting up libghc-semigroups-dev (0.18.3-1+b1) ...
Setting up libghc-dlist-dev (0.8.0.2-3+b1) ...
Setting up libghc-memory-dev (0.13-3+b2) ...
Setting up libyaml-dev:amd64 (0.1.7-2) ...
Setting up autoconf (2.69-10) ...
Setting up libghc-extensible-exceptions-dev (0.1.1.4-8+b1) ...
Setting up libghc-pcre-light-dev (0.4.0.4-3+b2) ...
Setting up file (1:5.30-1) ...
Setting up intltool-debian (0.35.0+20060710.4) ...
Setting up libghc-random-dev (1.1-5+b2) ...
Setting up libghc-ansi-wl-pprint-dev (0.6.7.3-3+b2) ...
Setting up libghc-cereal-dev (0.5.4.0-1+b1) ...
Setting up libghc-syb-dev (0.6-3+b1) ...
Setting up libghc-byteable-dev (0.1.1-7+b2) ...
Setting up libghc-hslua-dev (0.4.1-10+b2) ...
Setting up automake (1:1.15.1-2) ...
update-alternatives: using /usr/bin/automake-1.15 to provide /usr/bin/automake (automake) in auto mode
Setting up libghc-data-default-class-dev (0.1.2.0-2+b1) ...
Setting up libghc-transformers-compat-dev (0.5.1.4-2+b1) ...
Setting up man-db (2.7.6.1-2) ...
Not building database; man-db/auto-update is not 'true'.
Setting up libghc-text-dev (1.2.2.2-1+b1) ...
Setting up libghc-base64-bytestring-dev (1.0.0.1-8+b2) ...
Setting up libghc-terminal-size-dev (0.3.2.1-4+b1) ...
Setting up libghc-hashable-dev (1.2.4.0-3+b2) ...
Setting up libghc-stm-dev (2.4.4.1-3+b1) ...
Setting up libghc-unix-compat-dev (0.4.3.1-1+b1) ...
Setting up libghc-old-locale-dev (1.0.0.7-5+b1) ...
Setting up libghc-case-insensitive-dev (1.2.0.9-1+b1) ...
Setting up libghc-old-time-dev (1.1.0.3-5+b1) ...
Setting up libghc-network-dev (2.6.3.1-3+b2) ...
Setting up libghc-sha-dev (1.6.4.2-6+b2) ...
Setting up libtool (2.4.6-2) ...
Setting up libghc-zlib-dev (0.6.1.2-1+b2) ...
Setting up libghc-cmark-dev (0.5.5.1-1+b2) ...
Setting up libghc-cryptonite-dev (0.21-2.1) ...
Setting up libghc-tagged-dev (0.8.5-2+b1) ...
Setting up libghc-data-default-instances-containers-dev (0.0.1-7+b2) ...
Setting up libghc-hourglass-dev (0.2.10-3+b1) ...
Setting up libghc-utf8-string-dev (1.0.1.1-4+b2) ...
Setting up libghc-haddock-library-dev (1.4.3-1+b1) ...
Setting up po-debconf (1.0.20) ...
Setting up libghc-data-default-instances-old-locale-dev (0.0.1-7+b1) ...
Setting up libghc-mtl-dev (2.2.1-5+b1) ...
Setting up libghc-primitive-dev (0.6.1.0-4+b1) ...
Setting up libghc-zip-archive-dev (0.3.0.6-1+b2) ...
Setting up libghc-mmorph-dev (1.0.9-1+b1) ...
Setting up libghc-async-dev (2.1.1.1-1+b1) ...
Setting up libghc-tagsoup-dev (0.14.1-1+b2) ...
Setting up libghc-data-default-instances-dlist-dev (0.0.1-7+b1) ...
Setting up libghc-optparse-applicative-dev (0.13.2.0-1) ...
Setting up libghc-pem-dev (0.2.2-7+b2) ...
Setting up libghc-parsec3-dev (3.1.11-3+b3) ...
Setting up libghc-filemanip-dev (0.3.6.3-6+b3) ...
Setting up libghc-data-default-dev (0.7.1.1-2+b2) ...
Setting up libghc-mime-types-dev (0.1.0.7-3+b3) ...
Setting up libghc-xml-dev (1.3.14-6+b3) ...
Setting up libghc-blaze-builder-dev (0.4.0.2-3+b3) ...
Setting up libghc-exceptions-dev (0.8.3-3+b1) ...
Setting up libghc-transformers-base-dev (0.4.4-6+b1) ...
Setting up libghc-cookie-dev (0.4.2.1-3+b3) ...
Setting up libghc-socks-dev (0.5.5-3+b3) ...
Setting up libghc-unordered-containers-dev (0.2.8.0-1) ...
Setting up libghc-vector-dev (0.11.0.0-7+b1) ...
Setting up libghc-juicypixels-dev (3.2.8.1-1+b1) ...
Setting up libghc-asn1-types-dev (0.3.2-3+b2) ...
Setting up libghc-asn1-encoding-dev (0.9.5-1+b1) ...
Setting up libghc-monad-control-dev (1.0.1.0-3+b1) ...
Setting up libghc-asn1-parse-dev (0.9.4-3+b3) ...
Setting up libghc-http-types-dev (0.9.1-3+b2) ...
Setting up libghc-network-uri-dev (2.6.1.0-3+b2) ...
Setting up libghc-streaming-commons-dev (0.1.17-1) ...
Setting up libghc-temporary-dev (1.2.0.4-3+b2) ...
Setting up libghc-blaze-markup-dev (0.7.1.1-1+b1) ...
Setting up libghc-lifted-base-dev (0.2.3.10-1+b1) ...
Setting up libghc-scientific-dev (0.3.4.9-3+b2) ...
Setting up libghc-attoparsec-dev (0.13.1.0-3+b2) ...
Setting up libghc-http-dev (1:4000.3.7-1+b1) ...
Setting up libghc-resourcet-dev (1.1.9-1) ...
Setting up libghc-aeson-dev (0.11.3.0-2) ...
Setting up libghc-x509-dev (1.6.5-1) ...
Setting up libghc-blaze-html-dev (0.8.1.3-1+b1) ...
Setting up libghc-x509-store-dev (1.6.2-2+b2) ...
Setting up libghc-http-client-dev (0.4.31.2-1) ...
Setting up libghc-conduit-dev (1.2.10-2) ...
Setting up libghc-x509-system-dev (1.6.4-2+b2) ...
Setting up libghc-pandoc-types-dev (1.16.1.1-3+b3) ...
Setting up libghc-highlighting-kate-dev (0.6.4-1+b1) ...
Setting up libghc-yaml-dev (0.8.23-3) ...
Setting up libghc-texmath-dev (0.8.6.7-1+b3) ...
Setting up libghc-x509-validation-dev (1.6.5-2+b2) ...
Setting up libghc-tls-dev (1.3.10-2) ...
Setting up libghc-connection-dev (0.2.8-1+b1) ...
Setting up libghc-http-client-tls-dev (0.2.4.1-3+b3) ...
Setting up libghc-pandoc-dev (1.17.2~dfsg-4) ...
Setting up dh-autoreconf (14) ...
Setting up dh-strip-nondeterminism (0.035-2) ...
Setting up debhelper (10.6.2) ...
Setting up sbuild-build-depends-patat-dummy (0.invalid.0) ...
Processing triggers for libc-bin (2.24-12) ...

+------------------------------------------------------------------------------+
| Build environment                                                            |
+------------------------------------------------------------------------------+

Kernel: Linux 4.9.0-2-amd64 amd64 (x86_64)
Toolchain package versions: binutils_2.28-6 dpkg-dev_1.18.24 g++-6_6.4.0-1 gcc-6_6.4.0-1 libc6-dev_2.24-12 libstdc++-6-dev_6.4.0-1 libstdc++6_7.1.0-9 linux-libc-dev_4.11.6-1
Package versions: adduser_3.115 apt_1.5~beta1 autoconf_2.69-10 automake_1:1.15.1-2 autopoint_0.19.8.1-2 autotools-dev_20161112.1 base-files_10 base-passwd_3.5.43 bash_4.4-5 binutils_2.28-6 bsdmainutils_9.0.12+nmu1 bsdutils_1:2.29.2-1 build-essential_12.3 bzip2_1.0.6-8.1 clang-5.0_1:5.0~svn305653-1 coreutils_8.26-3 cpp_4:6.3.0-4d1 cpp-6_6.4.0-1 dash_0.5.8-2.4 debconf_1.5.62 debfoster_2.7-2.1+b1 debhelper_10.6.2 debian-archive-keyring_2017.5 debianutils_4.8.1.1 dh-autoreconf_14 dh-strip-nondeterminism_0.035-2 diffutils_1:3.5-3 dpkg_1.18.24 dpkg-dev_1.18.24 e2fslibs_1.43.4-2 e2fsprogs_1.43.4-2 eatmydata_105-5 fakeroot_1.21-3.1 file_1:5.30-1 findutils_4.6.0+git+20170606-2 g++_4:6.3.0-4d1 g++-6_6.4.0-1 gcc_4:6.3.0-4d1 gcc-6_6.4.0-1 gcc-6-base_6.4.0-1 gcc-7-base_7.1.0-9 gettext_0.19.8.1-2+b1 gettext-base_0.19.8.1-2+b1 ghc_8.0.2-5 gpgv_2.1.18-8 grep_2.27-2 groff-base_1.22.3-9 gzip_1.6-5+b1 hostname_3.18+b1 init-system-helpers_1.48 intltool-debian_0.35.0+20060710.4 lib32gcc1_1:7.1.0-9 lib32stdc++6_7.1.0-9 libacl1_2.2.52-3+b1 libapt-pkg5.0_1.5~beta1 libarchive-zip-perl_1.59-1 libasan3_6.4.0-1 libatomic1_7.1.0-9 libattr1_1:2.4.47-2+b2 libaudit-common_1:2.7.7-1 libaudit1_1:2.7.7-1+b1 libblkid1_2.29.2-1 libbsd-dev_0.8.5-1 libbsd0_0.8.5-1 libbz2-1.0_1.0.6-8.1 libc-bin_2.24-12 libc-dev-bin_2.24-12 libc6_2.24-12 libc6-dev_2.24-12 libc6-i386_2.24-12 libcap-ng0_0.7.7-3+b1 libcc1-0_7.1.0-9 libcilkrts5_7.1.0-9 libclang-common-5.0-dev_1:5.0~svn305653-1 libclang1-5.0_1:5.0~svn305653-1 libcomerr2_1.43.4-2 libcroco3_0.6.12-1 libdb5.3_5.3.28-12+b1 libdebconfclient0_0.229 libdpkg-perl_1.18.24 libeatmydata1_105-5 libedit2_3.1-20170329-1 libfakeroot_1.21-3.1 libfdisk1_2.29.2-1 libffi-dev_3.2.1-6 libffi6_3.2.1-6 libfile-stripnondeterminism-perl_0.035-2 libgc1c2_1:7.4.2-8 libgcc-6-dev_6.4.0-1 libgcc1_1:7.1.0-9 libgcrypt20_1.7.8-1 libgdbm3_1.8.3-14 libghc-aeson-dev_0.11.3.0-2 libghc-ansi-terminal-dev_0.6.3-1+b1 libghc-ansi-wl-pprint-dev_0.6.7.3-3+b2 libghc-asn1-encoding-dev_0.9.5-1+b1 libghc-asn1-parse-dev_0.9.4-3+b3 libghc-asn1-types-dev_0.3.2-3+b2 libghc-async-dev_2.1.1.1-1+b1 libghc-attoparsec-dev_0.13.1.0-3+b2 libghc-base64-bytestring-dev_1.0.0.1-8+b2 libghc-blaze-builder-dev_0.4.0.2-3+b3 libghc-blaze-html-dev_0.8.1.3-1+b1 libghc-blaze-markup-dev_0.7.1.1-1+b1 libghc-byteable-dev_0.1.1-7+b2 libghc-case-insensitive-dev_1.2.0.9-1+b1 libghc-cereal-dev_0.5.4.0-1+b1 libghc-cmark-dev_0.5.5.1-1+b2 libghc-conduit-dev_1.2.10-2 libghc-connection-dev_0.2.8-1+b1 libghc-cookie-dev_0.4.2.1-3+b3 libghc-cryptonite-dev_0.21-2.1 libghc-data-default-class-dev_0.1.2.0-2+b1 libghc-data-default-dev_0.7.1.1-2+b2 libghc-data-default-instances-containers-dev_0.0.1-7+b2 libghc-data-default-instances-dlist-dev_0.0.1-7+b1 libghc-data-default-instances-old-locale-dev_0.0.1-7+b1 libghc-digest-dev_0.0.1.2-7+b2 libghc-dlist-dev_0.8.0.2-3+b1 libghc-exceptions-dev_0.8.3-3+b1 libghc-extensible-exceptions-dev_0.1.1.4-8+b1 libghc-filemanip-dev_0.3.6.3-6+b3 libghc-haddock-library-dev_1.4.3-1+b1 libghc-hashable-dev_1.2.4.0-3+b2 libghc-highlighting-kate-dev_0.6.4-1+b1 libghc-hourglass-dev_0.2.10-3+b1 libghc-hslua-dev_0.4.1-10+b2 libghc-http-client-dev_0.4.31.2-1 libghc-http-client-tls-dev_0.2.4.1-3+b3 libghc-http-dev_1:4000.3.7-1+b1 libghc-http-types-dev_0.9.1-3+b2 libghc-juicypixels-dev_3.2.8.1-1+b1 libghc-lifted-base-dev_0.2.3.10-1+b1 libghc-memory-dev_0.13-3+b2 libghc-mime-types-dev_0.1.0.7-3+b3 libghc-mmorph-dev_1.0.9-1+b1 libghc-monad-control-dev_1.0.1.0-3+b1 libghc-mtl-dev_2.2.1-5+b1 libghc-network-dev_2.6.3.1-3+b2 libghc-network-uri-dev_2.6.1.0-3+b2 libghc-old-locale-dev_1.0.0.7-5+b1 libghc-old-time-dev_1.1.0.3-5+b1 libghc-optparse-applicative-dev_0.13.2.0-1 libghc-pandoc-dev_1.17.2~dfsg-4 libghc-pandoc-types-dev_1.16.1.1-3+b3 libghc-parsec3-dev_3.1.11-3+b3 libghc-pcre-light-dev_0.4.0.4-3+b2 libghc-pem-dev_0.2.2-7+b2 libghc-primitive-dev_0.6.1.0-4+b1 libghc-random-dev_1.1-5+b2 libghc-resourcet-dev_1.1.9-1 libghc-scientific-dev_0.3.4.9-3+b2 libghc-semigroups-dev_0.18.3-1+b1 libghc-sha-dev_1.6.4.2-6+b2 libghc-socks-dev_0.5.5-3+b3 libghc-stm-dev_2.4.4.1-3+b1 libghc-streaming-commons-dev_0.1.17-1 libghc-syb-dev_0.6-3+b1 libghc-tagged-dev_0.8.5-2+b1 libghc-tagsoup-dev_0.14.1-1+b2 libghc-temporary-dev_1.2.0.4-3+b2 libghc-terminal-size-dev_0.3.2.1-4+b1 libghc-texmath-dev_0.8.6.7-1+b3 libghc-text-dev_1.2.2.2-1+b1 libghc-tls-dev_1.3.10-2 libghc-transformers-base-dev_0.4.4-6+b1 libghc-transformers-compat-dev_0.5.1.4-2+b1 libghc-unix-compat-dev_0.4.3.1-1+b1 libghc-unordered-containers-dev_0.2.8.0-1 libghc-utf8-string-dev_1.0.1.1-4+b2 libghc-vector-dev_0.11.0.0-7+b1 libghc-x509-dev_1.6.5-1 libghc-x509-store-dev_1.6.2-2+b2 libghc-x509-system-dev_1.6.4-2+b2 libghc-x509-validation-dev_1.6.5-2+b2 libghc-xml-dev_1.3.14-6+b3 libghc-yaml-dev_0.8.23-3 libghc-zip-archive-dev_0.3.0.6-1+b2 libghc-zlib-dev_0.6.1.2-1+b2 libglib2.0-0_2.52.3-1 libgmp-dev_2:6.1.2+dfsg-1 libgmp10_2:6.1.2+dfsg-1 libgmpxx4ldbl_2:6.1.2+dfsg-1 libgnutls30_3.5.13-2 libgomp1_7.1.0-9 libgpg-error0_1.27-3 libhogweed4_3.3-1+b1 libicu57_57.1-6 libidn2-0_0.16-1+b1 libisl15_0.18-1 libitm1_7.1.0-9 libjsoncpp1_1.7.4-3 libllvm5.0_1:5.0~svn305653-1 liblsan0_7.1.0-9 liblua5.1-0_5.1.5-8.1+b2 liblua5.1-0-dev_5.1.5-8.1+b2 libluajit-5.1-2_2.0.4+dfsg-1+b1 libluajit-5.1-common_2.0.4+dfsg-1 libluajit-5.1-dev_2.0.4+dfsg-1+b1 liblz4-1_0.0~r131-2+b1 liblzma5_5.2.2-1.2+b1 libmagic-mgc_1:5.30-1 libmagic1_1:5.30-1 libmount1_2.29.2-1 libmpc3_1.0.3-1+b2 libmpfr4_3.1.5-1 libmpx2_7.1.0-9 libncurses5_6.0+20161126-1 libncurses5-dev_6.0+20161126-1 libncursesw5_6.0+20161126-1 libnettle6_3.3-1+b1 libobjc-6-dev_6.4.0-1 libobjc4_7.1.0-9 libp11-kit0_0.23.7-2 libpam-modules_1.1.8-3.6 libpam-modules-bin_1.1.8-3.6 libpam-runtime_1.1.8-3.6 libpam0g_1.1.8-3.6 libpcre16-3_2:8.39-3 libpcre3_2:8.39-3 libpcre3-dev_2:8.39-3 libpcre32-3_2:8.39-3 libpcrecpp0v5_2:8.39-3 libperl5.24_5.24.1-6 libpipeline1_1.4.1-2 libquadmath0_7.1.0-9 libreadline-dev_7.0-3 libreadline7_7.0-3 libselinux1_2.6-3+b2 libsemanage-common_2.6-2 libsemanage1_2.6-2+b1 libsepol1_2.6-2 libsigsegv2_2.11-1 libsmartcols1_2.29.2-1 libss2_1.43.4-2 libstdc++-6-dev_6.4.0-1 libstdc++6_7.1.0-9 libsystemd0_233-10 libtasn1-6_4.12-2 libtimedate-perl_2.3000-2 libtinfo-dev_6.0+20161126-1 libtinfo5_6.0+20161126-1 libtool_2.4.6-2 libtsan0_7.1.0-9 libubsan0_7.1.0-9 libudev1_233-10 libunistring2_0.9.7-2 libustr-1.0-1_1.0.4-6 libuuid1_2.29.2-1 libxml2_2.9.4+dfsg1-3 libyaml-0-2_0.1.7-2 libyaml-dev_0.1.7-2 linux-libc-dev_4.11.6-1 login_1:4.4-4.1 m4_1.4.18-1 make_4.1-9.1 man-db_2.7.6.1-2 mawk_1.3.3-17+b3 mount_2.29.2-1 multiarch-support_2.24-12 ncurses-base_6.0+20161126-1 ncurses-bin_6.0+20161126-1 pandoc-data_1.17.2~dfsg-4 passwd_1:4.4-4.1 patch_2.7.5-1+b2 perl_5.24.1-6 perl-base_5.24.1-6 perl-modules-5.24_5.24.1-6 po-debconf_1.0.20 readline-common_7.0-3 sbuild-build-depends-core-dummy_0.invalid.0 sbuild-build-depends-patat-dummy_0.invalid.0 sed_4.4-1 sensible-utils_0.0.9 sysvinit-utils_2.88dsf-59.9 tar_1.29b-1.1 util-linux_2.29.2-1 xz-utils_5.2.2-1.2+b1 zlib1g_1:1.2.8.dfsg-5 zlib1g-dev_1:1.2.8.dfsg-5

+------------------------------------------------------------------------------+
| Build                                                                        |
+------------------------------------------------------------------------------+


Unpack source
-------------

gpgv: unknown type of key resource 'trustedkeys.kbx'
gpgv: keyblock resource '/sbuild-nonexistent/.gnupg/trustedkeys.kbx': General error
gpgv: Signature made Mon Jan 23 15:38:57 2017 UTC
gpgv:                using RSA key F34F09744E9F5DD9
gpgv: Can't check signature: No public key
dpkg-source: warning: failed to verify signature on ./patat_0.4.7.1-1.dsc
dpkg-source: info: extracting patat in /<<PKGBUILDDIR>>
dpkg-source: info: unpacking patat_0.4.7.1.orig.tar.gz
dpkg-source: info: unpacking patat_0.4.7.1-1.debian.tar.xz
dpkg-source: info: applying 0001-Debianize-README.md.patch

Check disk space
----------------

Sufficient free space for build

User Environment
----------------

APT_CONFIG=/var/lib/sbuild/apt.conf
HOME=/sbuild-nonexistent
LANG=en_US.UTF-8
LC_ALL=POSIX
LOGNAME=user42
PATH=/usr/local/sbin:/usr/local/bin:/usr/sbin:/usr/bin:/sbin:/bin:/usr/games
SCHROOT_ALIAS_NAME=unstable-amd64-sbuild
SCHROOT_CHROOT_NAME=unstable-amd64-sbuild
SCHROOT_COMMAND=env
SCHROOT_GID=1001
SCHROOT_GROUP=user42
SCHROOT_SESSION_ID=unstable-amd64-sbuild-5ec1cd21-090d-4b8f-a8f1-f8b8bbb6c3b0
SCHROOT_UID=1001
SCHROOT_USER=user42
SHELL=/bin/sh
USER=user42

dpkg-buildpackage
-----------------

dpkg-buildpackage: info: source package patat
dpkg-buildpackage: info: source version 0.4.7.1-1
dpkg-buildpackage: info: source distribution unstable
dpkg-buildpackage: info: source changed by Flix Sipma <felix+debian@gueux.org>
 dpkg-source --before-build patat-0.4.7.1
dpkg-buildpackage: info: host architecture amd64
 fakeroot debian/rules clean
dh clean
   dh_testdir
   debian/rules override_dh_auto_clean
make[1]: Entering directory '/<<PKGBUILDDIR>>'
if [ -x Setup ]; then ./Setup clean; fi
rm -f Setup Setup.o Setup.hi extra/patat.1
make[1]: Leaving directory '/<<PKGBUILDDIR>>'
   dh_autoreconf_clean
   dh_clean
 debian/rules build-arch
dh build-arch
   dh_testdir -a
   dh_update_autotools_config -a
   dh_autoreconf -a
   debian/rules override_dh_auto_configure
make[1]: Entering directory '/<<PKGBUILDDIR>>'
ghc --make Setup
[1 of 1] Compiling Main             ( Setup.hs, Setup.o )
Linking Setup ...

In file included from /tmp/ghc4bea_0/ghc_4.c:1:0: error: 

In file included from /usr/lib/ghc/include/Rts.h:217:0: error: 

/usr/lib/ghc/include/rts/storage/ClosureMacros.h:505:5: error:
     warning: macro expansion producing 'defined' has undefined behavior [-Wexpansion-to-defined]
#if ZERO_SLOP_FOR_LDV_PROF || ZERO_SLOP_FOR_SANITY_CHECK
    ^

/usr/lib/ghc/include/rts/storage/ClosureMacros.h:502:37: error:
     note: expanded from macro 'ZERO_SLOP_FOR_LDV_PROF'
#define ZERO_SLOP_FOR_LDV_PROF     (defined(PROFILING))
                                    ^

/usr/lib/ghc/include/rts/storage/ClosureMacros.h:505:31: error:
     warning: macro expansion producing 'defined' has undefined behavior [-Wexpansion-to-defined]
#if ZERO_SLOP_FOR_LDV_PROF || ZERO_SLOP_FOR_SANITY_CHECK
                              ^

/usr/lib/ghc/include/rts/storage/ClosureMacros.h:503:37: error:
     note: expanded from macro 'ZERO_SLOP_FOR_SANITY_CHECK'
#define ZERO_SLOP_FOR_SANITY_CHECK (defined(DEBUG) && !defined(THREADED_RTS))
                                    ^

/usr/lib/ghc/include/rts/storage/ClosureMacros.h:505:31: error:
     warning: macro expansion producing 'defined' has undefined behavior [-Wexpansion-to-defined]

/usr/lib/ghc/include/rts/storage/ClosureMacros.h:503:56: error:
     note: expanded from macro 'ZERO_SLOP_FOR_SANITY_CHECK'
#define ZERO_SLOP_FOR_SANITY_CHECK (defined(DEBUG) && !defined(THREADED_RTS))
                                                       ^

/usr/lib/ghc/include/rts/storage/ClosureMacros.h:523:5: error:
     warning: macro expansion producing 'defined' has undefined behavior [-Wexpansion-to-defined]
#if ZERO_SLOP_FOR_LDV_PROF && !ZERO_SLOP_FOR_SANITY_CHECK
    ^

/usr/lib/ghc/include/rts/storage/ClosureMacros.h:502:37: error:
     note: expanded from macro 'ZERO_SLOP_FOR_LDV_PROF'
#define ZERO_SLOP_FOR_LDV_PROF     (defined(PROFILING))
                                    ^

/usr/lib/ghc/include/rts/storage/ClosureMacros.h:523:32: error:
     warning: macro expansion producing 'defined' has undefined behavior [-Wexpansion-to-defined]
#if ZERO_SLOP_FOR_LDV_PROF && !ZERO_SLOP_FOR_SANITY_CHECK
                               ^

/usr/lib/ghc/include/rts/storage/ClosureMacros.h:503:37: error:
     note: expanded from macro 'ZERO_SLOP_FOR_SANITY_CHECK'
#define ZERO_SLOP_FOR_SANITY_CHECK (defined(DEBUG) && !defined(THREADED_RTS))
                                    ^

/usr/lib/ghc/include/rts/storage/ClosureMacros.h:523:32: error:
     warning: macro expansion producing 'defined' has undefined behavior [-Wexpansion-to-defined]

/usr/lib/ghc/include/rts/storage/ClosureMacros.h:503:56: error:
     note: expanded from macro 'ZERO_SLOP_FOR_SANITY_CHECK'
#define ZERO_SLOP_FOR_SANITY_CHECK (defined(DEBUG) && !defined(THREADED_RTS))
                                                       ^

/usr/lib/ghc/include/rts/storage/ClosureMacros.h:552:5: error:
     warning: macro expansion producing 'defined' has undefined behavior [-Wexpansion-to-defined]
#if ZERO_SLOP_FOR_LDV_PROF && !ZERO_SLOP_FOR_SANITY_CHECK
    ^

/usr/lib/ghc/include/rts/storage/ClosureMacros.h:502:37: error:
     note: expanded from macro 'ZERO_SLOP_FOR_LDV_PROF'
#define ZERO_SLOP_FOR_LDV_PROF     (defined(PROFILING))
                                    ^

/usr/lib/ghc/include/rts/storage/ClosureMacros.h:552:32: error:
     warning: macro expansion producing 'defined' has undefined behavior [-Wexpansion-to-defined]
#if ZERO_SLOP_FOR_LDV_PROF && !ZERO_SLOP_FOR_SANITY_CHECK
                               ^

/usr/lib/ghc/include/rts/storage/ClosureMacros.h:503:37: error:
     note: expanded from macro 'ZERO_SLOP_FOR_SANITY_CHECK'
#define ZERO_SLOP_FOR_SANITY_CHECK (defined(DEBUG) && !defined(THREADED_RTS))
                                    ^

/usr/lib/ghc/include/rts/storage/ClosureMacros.h:552:32: error:
     warning: macro expansion producing 'defined' has undefined behavior [-Wexpansion-to-defined]

/usr/lib/ghc/include/rts/storage/ClosureMacros.h:503:56: error:
     note: expanded from macro 'ZERO_SLOP_FOR_SANITY_CHECK'
#define ZERO_SLOP_FOR_SANITY_CHECK (defined(DEBUG) && !defined(THREADED_RTS))
                                                       ^
9 warnings generated.
clang: error: unknown argument: '-no-pie'
`gcc' failed in phase `Linker'. (Exit code: 1)
debian/rules:9: recipe for target 'override_dh_auto_configure' failed
make[1]: *** [override_dh_auto_configure] Error 1
make[1]: Leaving directory '/<<PKGBUILDDIR>>'
debian/rules:6: recipe for target 'build-arch' failed
make: *** [build-arch] Error 2
dpkg-buildpackage: error: debian/rules build-arch gave error exit status 2
--------------------------------------------------------------------------------
Build finished at 2017-07-06T16:02:45Z

Finished
--------


+------------------------------------------------------------------------------+
| Cleanup                                                                      |
+------------------------------------------------------------------------------+

Purging /<<BUILDDIR>>
Not cleaning session: cloned chroot in use
E: Build failure (dpkg-buildpackage died)

+------------------------------------------------------------------------------+
| Summary                                                                      |
+------------------------------------------------------------------------------+

Build Architecture: amd64
Build Type: any
Build-Space: 488
Build-Time: 1
Distribution: unstable
Fail-Stage: build
Host Architecture: amd64
Install-Time: 18
Job: patat_0.4.7.1-1
Machine Architecture: amd64
Package: patat
Package-Time: 36
Source-Version: 0.4.7.1-1
Space: 488
Status: attempted
Version: 0.4.7.1-1
--------------------------------------------------------------------------------
Finished at 2017-07-06T16:02:45Z
Build needed 00:00:36, 488k disk space
E: Build failure (dpkg-buildpackage died)
DC-Status: Failed 37.252841014s
DC-Time-Estimation: 37.252841014 versus expected 1 (r/m: 36.252841014 ; m: 1.0)
