DC-Build-Header: sooperlooper 1.7.3~dfsg0-3 / 2017-07-06 15:50:12 +0000
DC-Task: type:rebuild-binarch-only source:sooperlooper version:1.7.3~dfsg0-3 chroot:unstable esttime: logfile:/tmp/sooperlooper_1.7.3~dfsg0-3_unstable_clang5.0.log modes:clang50:binarch-only
DC-Sbuild-call: su user42 -c 'sbuild -n --arch-any --apt-update -d unstable -v  --chroot-setup-commands=/tmp/clang50 sooperlooper_1.7.3~dfsg0-3'
sbuild (Debian sbuild) 0.73.0 (23 Dec 2016) on ip-172-31-38-107.eu-central-1.compute.internal

+==============================================================================+
| sooperlooper 1.7.3~dfsg0-3 (amd64)           Thu, 06 Jul 2017 15:50:13 +0000 |
+==============================================================================+

Package: sooperlooper
Version: 1.7.3~dfsg0-3
Source Version: 1.7.3~dfsg0-3
Distribution: unstable
Machine Architecture: amd64
Host Architecture: amd64
Build Architecture: amd64
Build Type: any

I: NOTICE: Log filtering will replace 'var/run/schroot/mount/unstable-amd64-sbuild-727a7f7e-1944-4eac-9fbf-4069a3d75d9e' with '<<CHROOT>>'

+------------------------------------------------------------------------------+
| Chroot Setup Commands                                                        |
+------------------------------------------------------------------------------+


/tmp/clang50
------------

+ echo 'Entering customization script...'
Entering customization script...
+ CLANG_VERSION=5.0
+ echo 'Install of clang-5.0'
Install of clang-5.0
+ apt-get update
Hit:1 http://127.0.0.1:9999/debian unstable InRelease
Get:2 http://127.0.0.1:9999/debian unstable/main Translation-en [5730 kB]
Fetched 5730 kB in 1s (3950 kB/s)
Reading package lists...
+ apt-get install --yes --no-install-recommends --force-yes clang-5.0
Reading package lists...
Building dependency tree...
Reading state information...
The following additional packages will be installed:
  lib32gcc1 lib32stdc++6 libbsd0 libc6-i386 libclang-common-5.0-dev
  libclang1-5.0 libedit2 libjsoncpp1 libllvm5.0 libncurses5 libobjc-6-dev
  libobjc4
Suggested packages:
  gnustep gnustep-devel clang-5.0-doc libomp-dev
Recommended packages:
  llvm-5.0-dev python libgpm2
The following NEW packages will be installed:
  clang-5.0 lib32gcc1 lib32stdc++6 libbsd0 libc6-i386 libclang-common-5.0-dev
  libclang1-5.0 libedit2 libjsoncpp1 libllvm5.0 libncurses5 libobjc-6-dev
  libobjc4
0 upgraded, 13 newly installed, 0 to remove and 0 not upgraded.
Need to get 87.0 MB of archives.
After this operation, 374 MB of additional disk space will be used.
Get:1 http://127.0.0.1:9999/debian unstable/main amd64 libbsd0 amd64 0.8.5-1 [89.6 kB]
Get:2 http://127.0.0.1:9999/debian unstable/main amd64 libncurses5 amd64 6.0+20161126-1 [93.4 kB]
Get:3 http://127.0.0.1:9999/debian unstable/main amd64 libedit2 amd64 3.1-20170329-1 [85.2 kB]
Get:4 http://127.0.0.1:9999/debian unstable/main amd64 libllvm5.0 amd64 1:5.0~svn305653-1 [13.4 MB]
Get:5 http://127.0.0.1:9999/debian unstable/main amd64 libclang1-5.0 amd64 1:5.0~svn305653-1 [6647 kB]
Get:6 http://127.0.0.1:9999/debian unstable/main amd64 libjsoncpp1 amd64 1.7.4-3 [75.6 kB]
Get:7 http://127.0.0.1:9999/debian unstable/main amd64 libobjc4 amd64 7.1.0-9 [51.0 kB]
Get:8 http://127.0.0.1:9999/debian unstable/main amd64 libobjc-6-dev amd64 6.4.0-1 [197 kB]
Get:9 http://127.0.0.1:9999/debian unstable/main amd64 libc6-i386 amd64 2.24-12 [2597 kB]
Get:10 http://127.0.0.1:9999/debian unstable/main amd64 lib32gcc1 amd64 1:7.1.0-9 [46.8 kB]
Get:11 http://127.0.0.1:9999/debian unstable/main amd64 lib32stdc++6 amd64 7.1.0-9 [411 kB]
Get:12 http://127.0.0.1:9999/debian unstable/main amd64 libclang-common-5.0-dev amd64 1:5.0~svn305653-1 [2856 kB]
Get:13 http://127.0.0.1:9999/debian unstable/main amd64 clang-5.0 amd64 1:5.0~svn305653-1 [60.5 MB]
debconf: delaying package configuration, since apt-utils is not installed
Fetched 87.0 MB in 0s (95.2 MB/s)
Selecting previously unselected package libbsd0:amd64.
(Reading database ... (Reading database ... 5%(Reading database ... 10%(Reading database ... 15%(Reading database ... 20%(Reading database ... 25%(Reading database ... 30%(Reading database ... 35%(Reading database ... 40%(Reading database ... 45%(Reading database ... 50%(Reading database ... 55%(Reading database ... 60%(Reading database ... 65%(Reading database ... 70%(Reading database ... 75%(Reading database ... 80%(Reading database ... 85%(Reading database ... 90%(Reading database ... 95%(Reading database ... 100%(Reading database ... 9711 files and directories currently installed.)
Preparing to unpack .../00-libbsd0_0.8.5-1_amd64.deb ...
Unpacking libbsd0:amd64 (0.8.5-1) ...
Selecting previously unselected package libncurses5:amd64.
Preparing to unpack .../01-libncurses5_6.0+20161126-1_amd64.deb ...
Unpacking libncurses5:amd64 (6.0+20161126-1) ...
Selecting previously unselected package libedit2:amd64.
Preparing to unpack .../02-libedit2_3.1-20170329-1_amd64.deb ...
Unpacking libedit2:amd64 (3.1-20170329-1) ...
Selecting previously unselected package libllvm5.0:amd64.
Preparing to unpack .../03-libllvm5.0_1%3a5.0~svn305653-1_amd64.deb ...
Unpacking libllvm5.0:amd64 (1:5.0~svn305653-1) ...
Selecting previously unselected package libclang1-5.0:amd64.
Preparing to unpack .../04-libclang1-5.0_1%3a5.0~svn305653-1_amd64.deb ...
Unpacking libclang1-5.0:amd64 (1:5.0~svn305653-1) ...
Selecting previously unselected package libjsoncpp1:amd64.
Preparing to unpack .../05-libjsoncpp1_1.7.4-3_amd64.deb ...
Unpacking libjsoncpp1:amd64 (1.7.4-3) ...
Selecting previously unselected package libobjc4:amd64.
Preparing to unpack .../06-libobjc4_7.1.0-9_amd64.deb ...
Unpacking libobjc4:amd64 (7.1.0-9) ...
Selecting previously unselected package libobjc-6-dev:amd64.
Preparing to unpack .../07-libobjc-6-dev_6.4.0-1_amd64.deb ...
Unpacking libobjc-6-dev:amd64 (6.4.0-1) ...
Selecting previously unselected package libc6-i386.
Preparing to unpack .../08-libc6-i386_2.24-12_amd64.deb ...
Unpacking libc6-i386 (2.24-12) ...
Selecting previously unselected package lib32gcc1.
Preparing to unpack .../09-lib32gcc1_1%3a7.1.0-9_amd64.deb ...
Unpacking lib32gcc1 (1:7.1.0-9) ...
Selecting previously unselected package lib32stdc++6.
Preparing to unpack .../10-lib32stdc++6_7.1.0-9_amd64.deb ...
Unpacking lib32stdc++6 (7.1.0-9) ...
Selecting previously unselected package libclang-common-5.0-dev.
Preparing to unpack .../11-libclang-common-5.0-dev_1%3a5.0~svn305653-1_amd64.deb ...
Unpacking libclang-common-5.0-dev (1:5.0~svn305653-1) ...
Selecting previously unselected package clang-5.0.
Preparing to unpack .../12-clang-5.0_1%3a5.0~svn305653-1_amd64.deb ...
Unpacking clang-5.0 (1:5.0~svn305653-1) ...
Setting up libncurses5:amd64 (6.0+20161126-1) ...
Setting up libobjc4:amd64 (7.1.0-9) ...
Setting up libc6-i386 (2.24-12) ...
Setting up libbsd0:amd64 (0.8.5-1) ...
Processing triggers for libc-bin (2.24-12) ...
Setting up libobjc-6-dev:amd64 (6.4.0-1) ...
Setting up lib32gcc1 (1:7.1.0-9) ...
Setting up libjsoncpp1:amd64 (1.7.4-3) ...
Setting up libedit2:amd64 (3.1-20170329-1) ...
Setting up libllvm5.0:amd64 (1:5.0~svn305653-1) ...
Setting up libclang1-5.0:amd64 (1:5.0~svn305653-1) ...
Setting up lib32stdc++6 (7.1.0-9) ...
Setting up libclang-common-5.0-dev (1:5.0~svn305653-1) ...
Setting up clang-5.0 (1:5.0~svn305653-1) ...
Processing triggers for libc-bin (2.24-12) ...
W: --force-yes is deprecated, use one of the options starting with --allow instead.
+ echo 'Replace gcc, g++ & cpp by clang'
Replace gcc, g++ & cpp by clang
+ VERSIONS='4.6 4.7 4.8 4.9 5 6 7'
+ cd /usr/bin
+ for VERSION in $VERSIONS
+ rm -f g++-4.6 gcc-4.6 cpp-4.6 gcc
+ ln -s clang++-5.0 g++-4.6
+ ln -s clang-5.0 gcc-4.6
+ ln -s clang-5.0 cpp-4.6
+ ln -s clang-5.0 gcc
+ echo 'gcc-4.6 hold'
+ dpkg --set-selections
dpkg: warning: package not in status nor available database at line 1: gcc-4.6
dpkg: warning: found unknown packages; this might mean the available database
is outdated, and needs to be updated through a frontend method;
please see the FAQ <https://wiki.debian.org/Teams/Dpkg/FAQ>
+ echo 'g++-4.6 hold'
+ dpkg --set-selections
dpkg: warning: package not in status nor available database at line 1: g++-4.6
dpkg: warning: found unknown packages; this might mean the available database
is outdated, and needs to be updated through a frontend method;
please see the FAQ <https://wiki.debian.org/Teams/Dpkg/FAQ>
+ for VERSION in $VERSIONS
+ rm -f g++-4.7 gcc-4.7 cpp-4.7 gcc
+ ln -s clang++-5.0 g++-4.7
+ ln -s clang-5.0 gcc-4.7
+ ln -s clang-5.0 cpp-4.7
+ ln -s clang-5.0 gcc
+ echo 'gcc-4.7 hold'
+ dpkg --set-selections
dpkg: warning: package not in status nor available database at line 1: gcc-4.7
dpkg: warning: found unknown packages; this might mean the available database
is outdated, and needs to be updated through a frontend method;
please see the FAQ <https://wiki.debian.org/Teams/Dpkg/FAQ>
+ echo 'g++-4.7 hold'
+ dpkg --set-selections
dpkg: warning: package not in status nor available database at line 1: g++-4.7
dpkg: warning: found unknown packages; this might mean the available database
is outdated, and needs to be updated through a frontend method;
please see the FAQ <https://wiki.debian.org/Teams/Dpkg/FAQ>
+ for VERSION in $VERSIONS
+ rm -f g++-4.8 gcc-4.8 cpp-4.8 gcc
+ ln -s clang++-5.0 g++-4.8
+ ln -s clang-5.0 gcc-4.8
+ ln -s clang-5.0 cpp-4.8
+ ln -s clang-5.0 gcc
+ echo 'gcc-4.8 hold'
+ dpkg --set-selections
dpkg: warning: package not in status nor available database at line 1: gcc-4.8
dpkg: warning: found unknown packages; this might mean the available database
is outdated, and needs to be updated through a frontend method;
please see the FAQ <https://wiki.debian.org/Teams/Dpkg/FAQ>
+ echo 'g++-4.8 hold'
+ dpkg --set-selections
dpkg: warning: package not in status nor available database at line 1: g++-4.8
dpkg: warning: found unknown packages; this might mean the available database
is outdated, and needs to be updated through a frontend method;
please see the FAQ <https://wiki.debian.org/Teams/Dpkg/FAQ>
+ for VERSION in $VERSIONS
+ rm -f g++-4.9 gcc-4.9 cpp-4.9 gcc
+ ln -s clang++-5.0 g++-4.9
+ ln -s clang-5.0 gcc-4.9
+ ln -s clang-5.0 cpp-4.9
+ ln -s clang-5.0 gcc
+ echo 'gcc-4.9 hold'
+ dpkg --set-selections
dpkg: warning: package not in status nor available database at line 1: gcc-4.9
dpkg: warning: found unknown packages; this might mean the available database
is outdated, and needs to be updated through a frontend method;
please see the FAQ <https://wiki.debian.org/Teams/Dpkg/FAQ>
+ echo 'g++-4.9 hold'
+ dpkg --set-selections
dpkg: warning: package not in status nor available database at line 1: g++-4.9
dpkg: warning: found unknown packages; this might mean the available database
is outdated, and needs to be updated through a frontend method;
please see the FAQ <https://wiki.debian.org/Teams/Dpkg/FAQ>
+ for VERSION in $VERSIONS
+ rm -f g++-5 gcc-5 cpp-5 gcc
+ ln -s clang++-5.0 g++-5
+ ln -s clang-5.0 gcc-5
+ ln -s clang-5.0 cpp-5
+ ln -s clang-5.0 gcc
+ echo 'gcc-5 hold'
+ dpkg --set-selections
+ echo 'g++-5 hold'
+ dpkg --set-selections
+ for VERSION in $VERSIONS
+ rm -f g++-6 gcc-6 cpp-6 gcc
+ ln -s clang++-5.0 g++-6
+ ln -s clang-5.0 gcc-6
+ ln -s clang-5.0 cpp-6
+ ln -s clang-5.0 gcc
+ echo 'gcc-6 hold'
+ dpkg --set-selections
+ echo 'g++-6 hold'
+ dpkg --set-selections
+ for VERSION in $VERSIONS
+ rm -f g++-7 gcc-7 cpp-7 gcc
+ ln -s clang++-5.0 g++-7
+ ln -s clang-5.0 gcc-7
+ ln -s clang-5.0 cpp-7
+ ln -s clang-5.0 gcc
+ echo 'gcc-7 hold'
+ dpkg --set-selections
dpkg: warning: package not in status nor available database at line 1: gcc-7
dpkg: warning: found unknown packages; this might mean the available database
is outdated, and needs to be updated through a frontend method;
please see the FAQ <https://wiki.debian.org/Teams/Dpkg/FAQ>
+ echo 'g++-7 hold'
+ dpkg --set-selections
dpkg: warning: package not in status nor available database at line 1: g++-7
dpkg: warning: found unknown packages; this might mean the available database
is outdated, and needs to be updated through a frontend method;
please see the FAQ <https://wiki.debian.org/Teams/Dpkg/FAQ>
+ cd -
/build/sooperlooper-9UxeFm
+ echo 'Check if gcc, g++ & cpp are actually clang'
Check if gcc, g++ & cpp are actually clang
+ gcc --version
+ grep clang
+ cpp --version
+ grep clang
+ g++ --version
+ grep clang

I: Finished running '/tmp/clang50'.

Finished processing commands.
--------------------------------------------------------------------------------

+------------------------------------------------------------------------------+
| Update chroot                                                                |
+------------------------------------------------------------------------------+

Hit:1 http://127.0.0.1:9999/debian unstable InRelease
Reading package lists...
Reading package lists...
Building dependency tree...
Reading state information...
Calculating upgrade...
0 upgraded, 0 newly installed, 0 to remove and 0 not upgraded.

+------------------------------------------------------------------------------+
| Fetch source files                                                           |
+------------------------------------------------------------------------------+


Check APT
---------

Checking available source versions...

Download source files with APT
------------------------------

Reading package lists...
NOTICE: 'sooperlooper' packaging is maintained in the 'Git' version control system at:
https://anonscm.debian.org/git/pkg-multimedia/sooperlooper.git
Please use:
git clone https://anonscm.debian.org/git/pkg-multimedia/sooperlooper.git
to retrieve the latest (possibly unreleased) updates to the package.
Need to get 764 kB of source archives.
Get:1 http://127.0.0.1:9999/debian unstable/main sooperlooper 1.7.3~dfsg0-3 (dsc) [2350 B]
Get:2 http://127.0.0.1:9999/debian unstable/main sooperlooper 1.7.3~dfsg0-3 (tar) [744 kB]
Get:3 http://127.0.0.1:9999/debian unstable/main sooperlooper 1.7.3~dfsg0-3 (diff) [17.5 kB]
Fetched 764 kB in 0s (7136 kB/s)
Download complete and in download only mode
I: NOTICE: Log filtering will replace 'build/sooperlooper-9UxeFm/sooperlooper-1.7.3~dfsg0' with '<<PKGBUILDDIR>>'
I: NOTICE: Log filtering will replace 'build/sooperlooper-9UxeFm' with '<<BUILDDIR>>'

+------------------------------------------------------------------------------+
| Install build-essential                                                      |
+------------------------------------------------------------------------------+


Setup apt archive
-----------------

Merged Build-Depends: build-essential, fakeroot
Filtered Build-Depends: build-essential, fakeroot
dpkg-deb: building package 'sbuild-build-depends-core-dummy' in '/<<BUILDDIR>>/resolver-YqI31v/apt_archive/sbuild-build-depends-core-dummy.deb'.
dpkg-scanpackages: warning: Packages in archive but missing from override file:
dpkg-scanpackages: warning:   sbuild-build-depends-core-dummy
dpkg-scanpackages: info: Wrote 1 entries to output Packages file.
Ign:1 copy:/<<BUILDDIR>>/resolver-YqI31v/apt_archive ./ InRelease
Get:2 copy:/<<BUILDDIR>>/resolver-YqI31v/apt_archive ./ Release [957 B]
Ign:3 copy:/<<BUILDDIR>>/resolver-YqI31v/apt_archive ./ Release.gpg
Get:4 copy:/<<BUILDDIR>>/resolver-YqI31v/apt_archive ./ Sources [349 B]
Get:5 copy:/<<BUILDDIR>>/resolver-YqI31v/apt_archive ./ Packages [433 B]
Fetched 1739 B in 0s (0 B/s)
Reading package lists...
Reading package lists...

Install core build dependencies (apt-based resolver)
----------------------------------------------------

Installing build dependencies
Reading package lists...
Building dependency tree...
Reading state information...
The following NEW packages will be installed:
  sbuild-build-depends-core-dummy
0 upgraded, 1 newly installed, 0 to remove and 0 not upgraded.
Need to get 784 B of archives.
After this operation, 0 B of additional disk space will be used.
Get:1 copy:/<<BUILDDIR>>/resolver-YqI31v/apt_archive ./ sbuild-build-depends-core-dummy 0.invalid.0 [784 B]
debconf: delaying package configuration, since apt-utils is not installed
Fetched 784 B in 0s (0 B/s)
Selecting previously unselected package sbuild-build-depends-core-dummy.
(Reading database ... 10611 files and directories currently installed.)
Preparing to unpack .../sbuild-build-depends-core-dummy_0.invalid.0_amd64.deb ...
Unpacking sbuild-build-depends-core-dummy (0.invalid.0) ...
Setting up sbuild-build-depends-core-dummy (0.invalid.0) ...

+------------------------------------------------------------------------------+
| Check architectures                                                          |
+------------------------------------------------------------------------------+

Arch check ok (amd64 included in any)

+------------------------------------------------------------------------------+
| Install package build dependencies                                           |
+------------------------------------------------------------------------------+


Setup apt archive
-----------------

Merged Build-Depends: autotools-dev, libtool-bin, debhelper (>= 10), libasound2-dev, libjack-dev, liblo-dev, libncurses5-dev, librubberband-dev, libsamplerate-dev, libsigc++-2.0-dev (>= 2.2.10), libsndfile1-dev, libwxgtk3.0-dev, libxml2-dev
Filtered Build-Depends: autotools-dev, libtool-bin, debhelper (>= 10), libasound2-dev, libjack-dev, liblo-dev, libncurses5-dev, librubberband-dev, libsamplerate-dev, libsigc++-2.0-dev (>= 2.2.10), libsndfile1-dev, libwxgtk3.0-dev, libxml2-dev
dpkg-deb: building package 'sbuild-build-depends-sooperlooper-dummy' in '/<<BUILDDIR>>/resolver-YqI31v/apt_archive/sbuild-build-depends-sooperlooper-dummy.deb'.
dpkg-scanpackages: warning: Packages in archive but missing from override file:
dpkg-scanpackages: warning:   sbuild-build-depends-core-dummy sbuild-build-depends-sooperlooper-dummy
dpkg-scanpackages: info: Wrote 2 entries to output Packages file.
Ign:1 copy:/<<BUILDDIR>>/resolver-YqI31v/apt_archive ./ InRelease
Get:2 copy:/<<BUILDDIR>>/resolver-YqI31v/apt_archive ./ Release [963 B]
Ign:3 copy:/<<BUILDDIR>>/resolver-YqI31v/apt_archive ./ Release.gpg
Get:4 copy:/<<BUILDDIR>>/resolver-YqI31v/apt_archive ./ Sources [612 B]
Get:5 copy:/<<BUILDDIR>>/resolver-YqI31v/apt_archive ./ Packages [665 B]
Fetched 2240 B in 0s (0 B/s)
Reading package lists...
Reading package lists...

Install sooperlooper build dependencies (apt-based resolver)
------------------------------------------------------------

Installing build dependencies
Reading package lists...
Building dependency tree...
Reading state information...
The following additional packages will be installed:
  autoconf automake autopoint autotools-dev bsdmainutils debhelper
  dh-autoreconf dh-strip-nondeterminism file fontconfig fontconfig-config
  fonts-dejavu-core gettext gettext-base gnome-icon-theme groff-base
  gtk-update-icon-cache hicolor-icon-theme icu-devtools intltool-debian
  libarchive-zip-perl libasound2 libasound2-data libasound2-dev libatk1.0-0
  libatk1.0-data libavahi-client3 libavahi-common-data libavahi-common3
  libcairo2 libcroco3 libcups2 libdatrie1 libdbus-1-3 libdrm-amdgpu1
  libdrm-dev libdrm-intel1 libdrm-nouveau2 libdrm-radeon1 libdrm2 libexpat1
  libfftw3-double3 libfile-stripnondeterminism-perl libflac-dev libflac8
  libfontconfig1 libfreetype6 libgdk-pixbuf2.0-0 libgdk-pixbuf2.0-common
  libgl1-mesa-dev libgl1-mesa-glx libglapi-mesa libglib2.0-0 libglu1-mesa
  libglu1-mesa-dev libgraphite2-3 libgssapi-krb5-2 libgtk2.0-0
  libgtk2.0-common libharfbuzz0b libice6 libicu-dev libicu57 libjack-dev
  libjack0 libjbig0 libjpeg62-turbo libk5crypto3 libkeyutils1 libkrb5-3
  libkrb5support0 liblo-dev liblo7 libmagic-mgc libmagic1 libncurses5-dev
  libnotify4 libogg-dev libogg0 libpango-1.0-0 libpangocairo-1.0-0
  libpangoft2-1.0-0 libpciaccess0 libpipeline1 libpixman-1-0 libpng16-16
  libpthread-stubs0-dev librsvg2-2 librsvg2-common librubberband-dev
  librubberband2 libsamplerate0 libsamplerate0-dev libsigc++-2.0-0v5
  libsigc++-2.0-dev libsigsegv2 libsm6 libsndfile1 libsndfile1-dev
  libthai-data libthai0 libtiff5 libtimedate-perl libtinfo-dev libtool
  libtool-bin libvorbis-dev libvorbis0a libvorbisenc2 libvorbisfile3
  libwxbase3.0-0v5 libwxbase3.0-dev libwxgtk3.0-0v5 libwxgtk3.0-dev libx11-6
  libx11-data libx11-dev libx11-xcb-dev libx11-xcb1 libxau-dev libxau6
  libxcb-dri2-0 libxcb-dri2-0-dev libxcb-dri3-0 libxcb-dri3-dev libxcb-glx0
  libxcb-glx0-dev libxcb-present-dev libxcb-present0 libxcb-randr0
  libxcb-randr0-dev libxcb-render0 libxcb-render0-dev libxcb-shape0
  libxcb-shape0-dev libxcb-shm0 libxcb-sync-dev libxcb-sync1 libxcb-xfixes0
  libxcb-xfixes0-dev libxcb1 libxcb1-dev libxcomposite1 libxcursor1
  libxdamage-dev libxdamage1 libxdmcp-dev libxdmcp6 libxext-dev libxext6
  libxfixes-dev libxfixes3 libxi6 libxinerama1 libxml2 libxml2-dev libxrandr2
  libxrender1 libxshmfence-dev libxshmfence1 libxxf86vm-dev libxxf86vm1
  lsb-base m4 man-db mesa-common-dev pkg-config po-debconf shared-mime-info
  ucf uuid-dev wx-common wx3.0-headers x11-common x11proto-core-dev
  x11proto-damage-dev x11proto-dri2-dev x11proto-fixes-dev x11proto-gl-dev
  x11proto-input-dev x11proto-kb-dev x11proto-xext-dev
  x11proto-xf86vidmode-dev xorg-sgml-doctools xtrans-dev
Suggested packages:
  autoconf-archive gnu-standards autoconf-doc wamerican | wordlist whois
  vacation dh-make gettext-doc libasprintf-dev libgettextpo-dev groff
  libasound2-plugins alsa-utils libasound2-doc cups-common libfftw3-bin
  libfftw3-dev krb5-doc krb5-user gvfs icu-doc jackd1 ncurses-doc pciutils
  librsvg2-bin libsigc++-2.0-doc libtool-doc gfortran | fortran95-compiler
  gcj-jdk wx3.0-doc libxcb-doc libxext-doc m4-doc less www-browser
  libmail-box-perl
Recommended packages:
  curl | wget | lynx-cur dbus libarchive-cpio-perl libgl1-mesa-dri
  libglib2.0-data xdg-user-dirs libgail-common libgtk2.0-bin krb5-locales
  notification-daemon libltdl-dev libx11-doc xml-core libmail-sendmail-perl
  zip
The following NEW packages will be installed:
  autoconf automake autopoint autotools-dev bsdmainutils debhelper
  dh-autoreconf dh-strip-nondeterminism file fontconfig fontconfig-config
  fonts-dejavu-core gettext gettext-base gnome-icon-theme groff-base
  gtk-update-icon-cache hicolor-icon-theme icu-devtools intltool-debian
  libarchive-zip-perl libasound2 libasound2-data libasound2-dev libatk1.0-0
  libatk1.0-data libavahi-client3 libavahi-common-data libavahi-common3
  libcairo2 libcroco3 libcups2 libdatrie1 libdbus-1-3 libdrm-amdgpu1
  libdrm-dev libdrm-intel1 libdrm-nouveau2 libdrm-radeon1 libdrm2 libexpat1
  libfftw3-double3 libfile-stripnondeterminism-perl libflac-dev libflac8
  libfontconfig1 libfreetype6 libgdk-pixbuf2.0-0 libgdk-pixbuf2.0-common
  libgl1-mesa-dev libgl1-mesa-glx libglapi-mesa libglib2.0-0 libglu1-mesa
  libglu1-mesa-dev libgraphite2-3 libgssapi-krb5-2 libgtk2.0-0
  libgtk2.0-common libharfbuzz0b libice6 libicu-dev libicu57 libjack-dev
  libjack0 libjbig0 libjpeg62-turbo libk5crypto3 libkeyutils1 libkrb5-3
  libkrb5support0 liblo-dev liblo7 libmagic-mgc libmagic1 libncurses5-dev
  libnotify4 libogg-dev libogg0 libpango-1.0-0 libpangocairo-1.0-0
  libpangoft2-1.0-0 libpciaccess0 libpipeline1 libpixman-1-0 libpng16-16
  libpthread-stubs0-dev librsvg2-2 librsvg2-common librubberband-dev
  librubberband2 libsamplerate0 libsamplerate0-dev libsigc++-2.0-0v5
  libsigc++-2.0-dev libsigsegv2 libsm6 libsndfile1 libsndfile1-dev
  libthai-data libthai0 libtiff5 libtimedate-perl libtinfo-dev libtool
  libtool-bin libvorbis-dev libvorbis0a libvorbisenc2 libvorbisfile3
  libwxbase3.0-0v5 libwxbase3.0-dev libwxgtk3.0-0v5 libwxgtk3.0-dev libx11-6
  libx11-data libx11-dev libx11-xcb-dev libx11-xcb1 libxau-dev libxau6
  libxcb-dri2-0 libxcb-dri2-0-dev libxcb-dri3-0 libxcb-dri3-dev libxcb-glx0
  libxcb-glx0-dev libxcb-present-dev libxcb-present0 libxcb-randr0
  libxcb-randr0-dev libxcb-render0 libxcb-render0-dev libxcb-shape0
  libxcb-shape0-dev libxcb-shm0 libxcb-sync-dev libxcb-sync1 libxcb-xfixes0
  libxcb-xfixes0-dev libxcb1 libxcb1-dev libxcomposite1 libxcursor1
  libxdamage-dev libxdamage1 libxdmcp-dev libxdmcp6 libxext-dev libxext6
  libxfixes-dev libxfixes3 libxi6 libxinerama1 libxml2 libxml2-dev libxrandr2
  libxrender1 libxshmfence-dev libxshmfence1 libxxf86vm-dev libxxf86vm1
  lsb-base m4 man-db mesa-common-dev pkg-config po-debconf
  sbuild-build-depends-sooperlooper-dummy shared-mime-info ucf uuid-dev
  wx-common wx3.0-headers x11-common x11proto-core-dev x11proto-damage-dev
  x11proto-dri2-dev x11proto-fixes-dev x11proto-gl-dev x11proto-input-dev
  x11proto-kb-dev x11proto-xext-dev x11proto-xf86vidmode-dev
  xorg-sgml-doctools xtrans-dev
0 upgraded, 186 newly installed, 0 to remove and 0 not upgraded.
Need to get 83.6 MB of archives.
After this operation, 310 MB of additional disk space will be used.
Get:1 copy:/<<BUILDDIR>>/resolver-YqI31v/apt_archive ./ sbuild-build-depends-sooperlooper-dummy 0.invalid.0 [880 B]
Get:2 http://127.0.0.1:9999/debian unstable/main amd64 groff-base amd64 1.22.3-9 [1160 kB]
Get:3 http://127.0.0.1:9999/debian unstable/main amd64 bsdmainutils amd64 9.0.12+nmu1 [186 kB]
Get:4 http://127.0.0.1:9999/debian unstable/main amd64 libpipeline1 amd64 1.4.1-2 [27.6 kB]
Get:5 http://127.0.0.1:9999/debian unstable/main amd64 man-db amd64 2.7.6.1-2 [1044 kB]
Get:6 http://127.0.0.1:9999/debian unstable/main amd64 libexpat1 amd64 2.2.1-3 [85.6 kB]
Get:7 http://127.0.0.1:9999/debian unstable/main amd64 libpng16-16 amd64 1.6.29-3 [281 kB]
Get:8 http://127.0.0.1:9999/debian unstable/main amd64 libfreetype6 amd64 2.8-0.2 [449 kB]
Get:9 http://127.0.0.1:9999/debian unstable/main amd64 ucf all 3.0036 [70.2 kB]
Get:10 http://127.0.0.1:9999/debian unstable/main amd64 fonts-dejavu-core all 2.37-1 [1068 kB]
Get:11 http://127.0.0.1:9999/debian unstable/main amd64 fontconfig-config all 2.12.3-0.1 [303 kB]
Get:12 http://127.0.0.1:9999/debian unstable/main amd64 libfontconfig1 amd64 2.12.3-0.1 [366 kB]
Get:13 http://127.0.0.1:9999/debian unstable/main amd64 fontconfig amd64 2.12.3-0.1 [436 kB]
Get:14 http://127.0.0.1:9999/debian unstable/main amd64 libogg0 amd64 1.3.2-1 [19.9 kB]
Get:15 http://127.0.0.1:9999/debian unstable/main amd64 libfftw3-double3 amd64 3.3.6p2-1 [732 kB]
Get:16 http://127.0.0.1:9999/debian unstable/main amd64 libsamplerate0 amd64 0.1.8-8+b2 [949 kB]
Get:17 http://127.0.0.1:9999/debian unstable/main amd64 librubberband2 amd64 1.8.1-7 [86.0 kB]
Get:18 http://127.0.0.1:9999/debian unstable/main amd64 librubberband-dev amd64 1.8.1-7 [96.3 kB]
Get:19 http://127.0.0.1:9999/debian unstable/main amd64 libxau6 amd64 1:1.0.8-1 [20.7 kB]
Get:20 http://127.0.0.1:9999/debian unstable/main amd64 lsb-base all 9.20161125 [27.9 kB]
Get:21 http://127.0.0.1:9999/debian unstable/main amd64 libmagic-mgc amd64 1:5.30-1 [222 kB]
Get:22 http://127.0.0.1:9999/debian unstable/main amd64 libmagic1 amd64 1:5.30-1 [111 kB]
Get:23 http://127.0.0.1:9999/debian unstable/main amd64 file amd64 1:5.30-1 [63.9 kB]
Get:24 http://127.0.0.1:9999/debian unstable/main amd64 gettext-base amd64 0.19.8.1-2+b1 [122 kB]
Get:25 http://127.0.0.1:9999/debian unstable/main amd64 libkeyutils1 amd64 1.5.9-9 [12.4 kB]
Get:26 http://127.0.0.1:9999/debian unstable/main amd64 libkrb5support0 amd64 1.15-1 [61.7 kB]
Get:27 http://127.0.0.1:9999/debian unstable/main amd64 libk5crypto3 amd64 1.15-1 [119 kB]
Get:28 http://127.0.0.1:9999/debian unstable/main amd64 libkrb5-3 amd64 1.15-1 [311 kB]
Get:29 http://127.0.0.1:9999/debian unstable/main amd64 libgssapi-krb5-2 amd64 1.15-1 [154 kB]
Get:30 http://127.0.0.1:9999/debian unstable/main amd64 libicu57 amd64 57.1-6 [7701 kB]
Get:31 http://127.0.0.1:9999/debian unstable/main amd64 libxml2 amd64 2.9.4+dfsg1-3 [715 kB]
Get:32 http://127.0.0.1:9999/debian unstable/main amd64 libsigsegv2 amd64 2.11-1 [29.9 kB]
Get:33 http://127.0.0.1:9999/debian unstable/main amd64 m4 amd64 1.4.18-1 [202 kB]
Get:34 http://127.0.0.1:9999/debian unstable/main amd64 autoconf all 2.69-10 [338 kB]
Get:35 http://127.0.0.1:9999/debian unstable/main amd64 autotools-dev all 20161112.1 [73.4 kB]
Get:36 http://127.0.0.1:9999/debian unstable/main amd64 automake all 1:1.15.1-2 [736 kB]
Get:37 http://127.0.0.1:9999/debian unstable/main amd64 autopoint all 0.19.8.1-2 [433 kB]
Get:38 http://127.0.0.1:9999/debian unstable/main amd64 libtool all 2.4.6-2 [545 kB]
Get:39 http://127.0.0.1:9999/debian unstable/main amd64 dh-autoreconf all 14 [15.9 kB]
Get:40 http://127.0.0.1:9999/debian unstable/main amd64 libarchive-zip-perl all 1.59-1 [95.5 kB]
Get:41 http://127.0.0.1:9999/debian unstable/main amd64 libfile-stripnondeterminism-perl all 0.035-2 [17.0 kB]
Get:42 http://127.0.0.1:9999/debian unstable/main amd64 libtimedate-perl all 2.3000-2 [42.2 kB]
Get:43 http://127.0.0.1:9999/debian unstable/main amd64 dh-strip-nondeterminism all 0.035-2 [10.7 kB]
Get:44 http://127.0.0.1:9999/debian unstable/main amd64 libglib2.0-0 amd64 2.52.3-1 [2742 kB]
Get:45 http://127.0.0.1:9999/debian unstable/main amd64 libcroco3 amd64 0.6.12-1 [144 kB]
Get:46 http://127.0.0.1:9999/debian unstable/main amd64 gettext amd64 0.19.8.1-2+b1 [1301 kB]
Get:47 http://127.0.0.1:9999/debian unstable/main amd64 intltool-debian all 0.35.0+20060710.4 [26.3 kB]
Get:48 http://127.0.0.1:9999/debian unstable/main amd64 po-debconf all 1.0.20 [247 kB]
Get:49 http://127.0.0.1:9999/debian unstable/main amd64 debhelper all 10.6.2 [968 kB]
Get:50 http://127.0.0.1:9999/debian unstable/main amd64 hicolor-icon-theme all 0.15-1 [9550 B]
Get:51 http://127.0.0.1:9999/debian unstable/main amd64 libjpeg62-turbo amd64 1:1.5.1-2 [134 kB]
Get:52 http://127.0.0.1:9999/debian unstable/main amd64 libjbig0 amd64 2.1-3.1+b2 [31.0 kB]
Get:53 http://127.0.0.1:9999/debian unstable/main amd64 libtiff5 amd64 4.0.8-3 [237 kB]
Get:54 http://127.0.0.1:9999/debian unstable/main amd64 libxdmcp6 amd64 1:1.1.2-3 [26.3 kB]
Get:55 http://127.0.0.1:9999/debian unstable/main amd64 libxcb1 amd64 1.12-1 [133 kB]
Get:56 http://127.0.0.1:9999/debian unstable/main amd64 libx11-data all 2:1.6.4-3 [290 kB]
Get:57 http://127.0.0.1:9999/debian unstable/main amd64 libx11-6 amd64 2:1.6.4-3 [747 kB]
Get:58 http://127.0.0.1:9999/debian unstable/main amd64 shared-mime-info amd64 1.8-1 [731 kB]
Get:59 http://127.0.0.1:9999/debian unstable/main amd64 libgdk-pixbuf2.0-common all 2.36.5-2 [310 kB]
Get:60 http://127.0.0.1:9999/debian unstable/main amd64 libgdk-pixbuf2.0-0 amd64 2.36.5-2 [169 kB]
Get:61 http://127.0.0.1:9999/debian unstable/main amd64 gtk-update-icon-cache amd64 3.22.16-1 [76.7 kB]
Get:62 http://127.0.0.1:9999/debian unstable/main amd64 libpixman-1-0 amd64 0.34.0-1 [530 kB]
Get:63 http://127.0.0.1:9999/debian unstable/main amd64 libxcb-render0 amd64 1.12-1 [105 kB]
Get:64 http://127.0.0.1:9999/debian unstable/main amd64 libxcb-shm0 amd64 1.12-1 [95.9 kB]
Get:65 http://127.0.0.1:9999/debian unstable/main amd64 libxext6 amd64 2:1.3.3-1+b2 [52.5 kB]
Get:66 http://127.0.0.1:9999/debian unstable/main amd64 libxrender1 amd64 1:0.9.10-1 [33.0 kB]
Get:67 http://127.0.0.1:9999/debian unstable/main amd64 libcairo2 amd64 1.14.10-1 [774 kB]
Get:68 http://127.0.0.1:9999/debian unstable/main amd64 libthai-data all 0.1.26-1 [166 kB]
Get:69 http://127.0.0.1:9999/debian unstable/main amd64 libdatrie1 amd64 0.2.10-4+b1 [36.4 kB]
Get:70 http://127.0.0.1:9999/debian unstable/main amd64 libthai0 amd64 0.1.26-1 [52.1 kB]
Get:71 http://127.0.0.1:9999/debian unstable/main amd64 libpango-1.0-0 amd64 1.40.6-1 [182 kB]
Get:72 http://127.0.0.1:9999/debian unstable/main amd64 libgraphite2-3 amd64 1.3.10-2 [84.3 kB]
Get:73 http://127.0.0.1:9999/debian unstable/main amd64 libharfbuzz0b amd64 1.4.2-1 [671 kB]
Get:74 http://127.0.0.1:9999/debian unstable/main amd64 libpangoft2-1.0-0 amd64 1.40.6-1 [67.0 kB]
Get:75 http://127.0.0.1:9999/debian unstable/main amd64 libpangocairo-1.0-0 amd64 1.40.6-1 [54.8 kB]
Get:76 http://127.0.0.1:9999/debian unstable/main amd64 librsvg2-2 amd64 2.40.16-1+b1 [281 kB]
Get:77 http://127.0.0.1:9999/debian unstable/main amd64 librsvg2-common amd64 2.40.16-1+b1 [194 kB]
Get:78 http://127.0.0.1:9999/debian unstable/main amd64 gnome-icon-theme all 3.12.0-2 [9890 kB]
Get:79 http://127.0.0.1:9999/debian unstable/main amd64 icu-devtools amd64 57.1-6 [178 kB]
Get:80 http://127.0.0.1:9999/debian unstable/main amd64 libasound2-data all 1.1.3-5 [173 kB]
Get:81 http://127.0.0.1:9999/debian unstable/main amd64 libasound2 amd64 1.1.3-5 [497 kB]
Get:82 http://127.0.0.1:9999/debian unstable/main amd64 libasound2-dev amd64 1.1.3-5 [262 kB]
Get:83 http://127.0.0.1:9999/debian unstable/main amd64 libatk1.0-data all 2.22.0-1 [172 kB]
Get:84 http://127.0.0.1:9999/debian unstable/main amd64 libatk1.0-0 amd64 2.22.0-1 [78.4 kB]
Get:85 http://127.0.0.1:9999/debian unstable/main amd64 libavahi-common-data amd64 0.6.32-2 [118 kB]
Get:86 http://127.0.0.1:9999/debian unstable/main amd64 libavahi-common3 amd64 0.6.32-2 [52.0 kB]
Get:87 http://127.0.0.1:9999/debian unstable/main amd64 libdbus-1-3 amd64 1.10.20-1 [193 kB]
Get:88 http://127.0.0.1:9999/debian unstable/main amd64 libavahi-client3 amd64 0.6.32-2 [55.3 kB]
Get:89 http://127.0.0.1:9999/debian unstable/main amd64 libcups2 amd64 2.2.4-1 [313 kB]
Get:90 http://127.0.0.1:9999/debian unstable/main amd64 libdrm2 amd64 2.4.81-2 [38.4 kB]
Get:91 http://127.0.0.1:9999/debian unstable/main amd64 libdrm-amdgpu1 amd64 2.4.81-2 [27.2 kB]
Get:92 http://127.0.0.1:9999/debian unstable/main amd64 libpciaccess0 amd64 0.13.4-1+b2 [50.0 kB]
Get:93 http://127.0.0.1:9999/debian unstable/main amd64 libdrm-intel1 amd64 2.4.81-2 [69.5 kB]
Get:94 http://127.0.0.1:9999/debian unstable/main amd64 libdrm-radeon1 amd64 2.4.81-2 [30.5 kB]
Get:95 http://127.0.0.1:9999/debian unstable/main amd64 libdrm-nouveau2 amd64 2.4.81-2 [25.5 kB]
Get:96 http://127.0.0.1:9999/debian unstable/main amd64 libdrm-dev amd64 2.4.81-2 [240 kB]
Get:97 http://127.0.0.1:9999/debian unstable/main amd64 libflac8 amd64 1.3.2-1 [221 kB]
Get:98 http://127.0.0.1:9999/debian unstable/main amd64 libogg-dev amd64 1.3.2-1 [198 kB]
Get:99 http://127.0.0.1:9999/debian unstable/main amd64 libflac-dev amd64 1.3.2-1 [270 kB]
Get:100 http://127.0.0.1:9999/debian unstable/main amd64 xorg-sgml-doctools all 1:1.11-1 [21.9 kB]
Get:101 http://127.0.0.1:9999/debian unstable/main amd64 x11proto-core-dev all 7.0.31-1 [728 kB]
Get:102 http://127.0.0.1:9999/debian unstable/main amd64 libxau-dev amd64 1:1.0.8-1 [23.6 kB]
Get:103 http://127.0.0.1:9999/debian unstable/main amd64 libxdmcp-dev amd64 1:1.1.2-3 [42.2 kB]
Get:104 http://127.0.0.1:9999/debian unstable/main amd64 x11proto-input-dev all 2.3.2-1 [158 kB]
Get:105 http://127.0.0.1:9999/debian unstable/main amd64 x11proto-kb-dev all 1.0.7-1 [233 kB]
Get:106 http://127.0.0.1:9999/debian unstable/main amd64 xtrans-dev all 1.3.5-1 [100 kB]
Get:107 http://127.0.0.1:9999/debian unstable/main amd64 libpthread-stubs0-dev amd64 0.3-4 [3866 B]
Get:108 http://127.0.0.1:9999/debian unstable/main amd64 libxcb1-dev amd64 1.12-1 [169 kB]
Get:109 http://127.0.0.1:9999/debian unstable/main amd64 libx11-dev amd64 2:1.6.4-3 [815 kB]
Get:110 http://127.0.0.1:9999/debian unstable/main amd64 mesa-common-dev amd64 17.1.4-1 [537 kB]
Get:111 http://127.0.0.1:9999/debian unstable/main amd64 libglapi-mesa amd64 17.1.4-1 [59.7 kB]
Get:112 http://127.0.0.1:9999/debian unstable/main amd64 libx11-xcb1 amd64 2:1.6.4-3 [183 kB]
Get:113 http://127.0.0.1:9999/debian unstable/main amd64 libxcb-dri2-0 amd64 1.12-1 [97.2 kB]
Get:114 http://127.0.0.1:9999/debian unstable/main amd64 libxcb-dri3-0 amd64 1.12-1 [95.6 kB]
Get:115 http://127.0.0.1:9999/debian unstable/main amd64 libxcb-glx0 amd64 1.12-1 [113 kB]
Get:116 http://127.0.0.1:9999/debian unstable/main amd64 libxcb-present0 amd64 1.12-1 [95.8 kB]
Get:117 http://127.0.0.1:9999/debian unstable/main amd64 libxcb-sync1 amd64 1.12-1 [99.2 kB]
Get:118 http://127.0.0.1:9999/debian unstable/main amd64 libxcb-xfixes0 amd64 1.12-1 [99.6 kB]
Get:119 http://127.0.0.1:9999/debian unstable/main amd64 libxfixes3 amd64 1:5.0.3-1 [21.9 kB]
Get:120 http://127.0.0.1:9999/debian unstable/main amd64 libxdamage1 amd64 1:1.1.4-2+b3 [14.5 kB]
Get:121 http://127.0.0.1:9999/debian unstable/main amd64 libxshmfence1 amd64 1.2-1+b2 [7922 B]
Get:122 http://127.0.0.1:9999/debian unstable/main amd64 libxxf86vm1 amd64 1:1.1.4-1+b2 [20.8 kB]
Get:123 http://127.0.0.1:9999/debian unstable/main amd64 libgl1-mesa-glx amd64 17.1.4-1 [167 kB]
Get:124 http://127.0.0.1:9999/debian unstable/main amd64 libx11-xcb-dev amd64 2:1.6.4-3 [185 kB]
Get:125 http://127.0.0.1:9999/debian unstable/main amd64 libxcb-dri3-dev amd64 1.12-1 [96.1 kB]
Get:126 http://127.0.0.1:9999/debian unstable/main amd64 libxcb-randr0 amd64 1.12-1 [107 kB]
Get:127 http://127.0.0.1:9999/debian unstable/main amd64 libxcb-render0-dev amd64 1.12-1 [109 kB]
Get:128 http://127.0.0.1:9999/debian unstable/main amd64 libxcb-randr0-dev amd64 1.12-1 [110 kB]
Get:129 http://127.0.0.1:9999/debian unstable/main amd64 libxcb-shape0 amd64 1.12-1 [96.2 kB]
Get:130 http://127.0.0.1:9999/debian unstable/main amd64 libxcb-shape0-dev amd64 1.12-1 [97.4 kB]
Get:131 http://127.0.0.1:9999/debian unstable/main amd64 libxcb-xfixes0-dev amd64 1.12-1 [102 kB]
Get:132 http://127.0.0.1:9999/debian unstable/main amd64 libxcb-sync-dev amd64 1.12-1 [101 kB]
Get:133 http://127.0.0.1:9999/debian unstable/main amd64 libxcb-present-dev amd64 1.12-1 [97.2 kB]
Get:134 http://127.0.0.1:9999/debian unstable/main amd64 libxshmfence-dev amd64 1.2-1+b2 [7420 B]
Get:135 http://127.0.0.1:9999/debian unstable/main amd64 libxcb-dri2-0-dev amd64 1.12-1 [98.8 kB]
Get:136 http://127.0.0.1:9999/debian unstable/main amd64 libxcb-glx0-dev amd64 1.12-1 [118 kB]
Get:137 http://127.0.0.1:9999/debian unstable/main amd64 x11proto-xext-dev all 7.3.0-1 [212 kB]
Get:138 http://127.0.0.1:9999/debian unstable/main amd64 x11proto-fixes-dev all 1:5.0-2 [19.2 kB]
Get:139 http://127.0.0.1:9999/debian unstable/main amd64 libxfixes-dev amd64 1:5.0.3-1 [23.8 kB]
Get:140 http://127.0.0.1:9999/debian unstable/main amd64 x11proto-damage-dev all 1:1.2.1-2 [11.8 kB]
Get:141 http://127.0.0.1:9999/debian unstable/main amd64 libxdamage-dev amd64 1:1.1.4-2+b3 [14.3 kB]
Get:142 http://127.0.0.1:9999/debian unstable/main amd64 libxext-dev amd64 2:1.3.3-1+b2 [107 kB]
Get:143 http://127.0.0.1:9999/debian unstable/main amd64 x11proto-xf86vidmode-dev all 2.3.1-2 [6114 B]
Get:144 http://127.0.0.1:9999/debian unstable/main amd64 libxxf86vm-dev amd64 1:1.1.4-1+b2 [25.4 kB]
Get:145 http://127.0.0.1:9999/debian unstable/main amd64 x11proto-dri2-dev all 2.8-2 [18.2 kB]
Get:146 http://127.0.0.1:9999/debian unstable/main amd64 x11proto-gl-dev all 1.4.17-1 [28.0 kB]
Get:147 http://127.0.0.1:9999/debian unstable/main amd64 libgl1-mesa-dev amd64 17.1.4-1 [42.1 kB]
Get:148 http://127.0.0.1:9999/debian unstable/main amd64 libglu1-mesa amd64 9.0.0-2.1 [168 kB]
Get:149 http://127.0.0.1:9999/debian unstable/main amd64 libglu1-mesa-dev amd64 9.0.0-2.1 [202 kB]
Get:150 http://127.0.0.1:9999/debian unstable/main amd64 libgtk2.0-common all 2.24.31-2 [2693 kB]
Get:151 http://127.0.0.1:9999/debian unstable/main amd64 libxcomposite1 amd64 1:0.4.4-2 [16.5 kB]
Get:152 http://127.0.0.1:9999/debian unstable/main amd64 libxcursor1 amd64 1:1.1.14-1+b4 [35.0 kB]
Get:153 http://127.0.0.1:9999/debian unstable/main amd64 libxi6 amd64 2:1.7.9-1 [82.6 kB]
Get:154 http://127.0.0.1:9999/debian unstable/main amd64 libxinerama1 amd64 2:1.1.3-1+b3 [16.7 kB]
Get:155 http://127.0.0.1:9999/debian unstable/main amd64 libxrandr2 amd64 2:1.5.1-1 [37.5 kB]
Get:156 http://127.0.0.1:9999/debian unstable/main amd64 libgtk2.0-0 amd64 2.24.31-2 [1800 kB]
Get:157 http://127.0.0.1:9999/debian unstable/main amd64 x11-common all 1:7.7+19 [251 kB]
Get:158 http://127.0.0.1:9999/debian unstable/main amd64 libice6 amd64 2:1.0.9-2 [58.7 kB]
Get:159 http://127.0.0.1:9999/debian unstable/main amd64 libicu-dev amd64 57.1-6 [16.5 MB]
Get:160 http://127.0.0.1:9999/debian unstable/main amd64 libjack0 amd64 1:0.125.0-2 [56.4 kB]
Get:161 http://127.0.0.1:9999/debian unstable/main amd64 pkg-config amd64 0.29-4+b1 [63.3 kB]
Get:162 http://127.0.0.1:9999/debian unstable/main amd64 uuid-dev amd64 2.29.2-1 [83.7 kB]
Get:163 http://127.0.0.1:9999/debian unstable/main amd64 libjack-dev amd64 1:0.125.0-2 [223 kB]
Get:164 http://127.0.0.1:9999/debian unstable/main amd64 liblo7 amd64 0.28-5+b2 [51.9 kB]
Get:165 http://127.0.0.1:9999/debian unstable/main amd64 liblo-dev amd64 0.28-5+b2 [164 kB]
Get:166 http://127.0.0.1:9999/debian unstable/main amd64 libtinfo-dev amd64 6.0+20161126-1 [78.8 kB]
Get:167 http://127.0.0.1:9999/debian unstable/main amd64 libncurses5-dev amd64 6.0+20161126-1 [175 kB]
Get:168 http://127.0.0.1:9999/debian unstable/main amd64 libnotify4 amd64 0.7.7-2 [21.9 kB]
Get:169 http://127.0.0.1:9999/debian unstable/main amd64 libsamplerate0-dev amd64 0.1.8-8+b2 [1004 kB]
Get:170 http://127.0.0.1:9999/debian unstable/main amd64 libsigc++-2.0-0v5 amd64 2.10.0-1 [61.1 kB]
Get:171 http://127.0.0.1:9999/debian unstable/main amd64 libsigc++-2.0-dev amd64 2.10.0-1 [115 kB]
Get:172 http://127.0.0.1:9999/debian unstable/main amd64 libsm6 amd64 2:1.2.2-1+b3 [33.3 kB]
Get:173 http://127.0.0.1:9999/debian unstable/main amd64 libvorbis0a amd64 1.3.5-4 [91.6 kB]
Get:174 http://127.0.0.1:9999/debian unstable/main amd64 libvorbisenc2 amd64 1.3.5-4 [79.0 kB]
Get:175 http://127.0.0.1:9999/debian unstable/main amd64 libsndfile1 amd64 1.0.28-2 [249 kB]
Get:176 http://127.0.0.1:9999/debian unstable/main amd64 libvorbisfile3 amd64 1.3.5-4 [24.3 kB]
Get:177 http://127.0.0.1:9999/debian unstable/main amd64 libvorbis-dev amd64 1.3.5-4 [333 kB]
Get:178 http://127.0.0.1:9999/debian unstable/main amd64 libsndfile1-dev amd64 1.0.28-2 [363 kB]
Get:179 http://127.0.0.1:9999/debian unstable/main amd64 libtool-bin amd64 2.4.6-2 [430 kB]
Get:180 http://127.0.0.1:9999/debian unstable/main amd64 libwxbase3.0-0v5 amd64 3.0.2+dfsg-4 [1073 kB]
Get:181 http://127.0.0.1:9999/debian unstable/main amd64 wx3.0-headers amd64 3.0.2+dfsg-4 [1124 kB]
Get:182 http://127.0.0.1:9999/debian unstable/main amd64 libwxbase3.0-dev amd64 3.0.2+dfsg-4 [133 kB]
Get:183 http://127.0.0.1:9999/debian unstable/main amd64 libwxgtk3.0-0v5 amd64 3.0.2+dfsg-4 [4493 kB]
Get:184 http://127.0.0.1:9999/debian unstable/main amd64 wx-common amd64 3.0.2+dfsg-4 [174 kB]
Get:185 http://127.0.0.1:9999/debian unstable/main amd64 libwxgtk3.0-dev amd64 3.0.2+dfsg-4 [134 kB]
Get:186 http://127.0.0.1:9999/debian unstable/main amd64 libxml2-dev amd64 2.9.4+dfsg1-3 [812 kB]
debconf: delaying package configuration, since apt-utils is not installed
Fetched 83.6 MB in 0s (88.0 MB/s)
Selecting previously unselected package groff-base.
(Reading database ... 10611 files and directories currently installed.)
Preparing to unpack .../000-groff-base_1.22.3-9_amd64.deb ...
Unpacking groff-base (1.22.3-9) ...
Selecting previously unselected package bsdmainutils.
Preparing to unpack .../001-bsdmainutils_9.0.12+nmu1_amd64.deb ...
Unpacking bsdmainutils (9.0.12+nmu1) ...
Selecting previously unselected package libpipeline1:amd64.
Preparing to unpack .../002-libpipeline1_1.4.1-2_amd64.deb ...
Unpacking libpipeline1:amd64 (1.4.1-2) ...
Selecting previously unselected package man-db.
Preparing to unpack .../003-man-db_2.7.6.1-2_amd64.deb ...
Unpacking man-db (2.7.6.1-2) ...
Selecting previously unselected package libexpat1:amd64.
Preparing to unpack .../004-libexpat1_2.2.1-3_amd64.deb ...
Unpacking libexpat1:amd64 (2.2.1-3) ...
Selecting previously unselected package libpng16-16:amd64.
Preparing to unpack .../005-libpng16-16_1.6.29-3_amd64.deb ...
Unpacking libpng16-16:amd64 (1.6.29-3) ...
Selecting previously unselected package libfreetype6:amd64.
Preparing to unpack .../006-libfreetype6_2.8-0.2_amd64.deb ...
Unpacking libfreetype6:amd64 (2.8-0.2) ...
Selecting previously unselected package ucf.
Preparing to unpack .../007-ucf_3.0036_all.deb ...
Moving old data out of the way
Unpacking ucf (3.0036) ...
Selecting previously unselected package fonts-dejavu-core.
Preparing to unpack .../008-fonts-dejavu-core_2.37-1_all.deb ...
Unpacking fonts-dejavu-core (2.37-1) ...
Selecting previously unselected package fontconfig-config.
Preparing to unpack .../009-fontconfig-config_2.12.3-0.1_all.deb ...
Unpacking fontconfig-config (2.12.3-0.1) ...
Selecting previously unselected package libfontconfig1:amd64.
Preparing to unpack .../010-libfontconfig1_2.12.3-0.1_amd64.deb ...
Unpacking libfontconfig1:amd64 (2.12.3-0.1) ...
Selecting previously unselected package fontconfig.
Preparing to unpack .../011-fontconfig_2.12.3-0.1_amd64.deb ...
Unpacking fontconfig (2.12.3-0.1) ...
Selecting previously unselected package libogg0:amd64.
Preparing to unpack .../012-libogg0_1.3.2-1_amd64.deb ...
Unpacking libogg0:amd64 (1.3.2-1) ...
Selecting previously unselected package libfftw3-double3:amd64.
Preparing to unpack .../013-libfftw3-double3_3.3.6p2-1_amd64.deb ...
Unpacking libfftw3-double3:amd64 (3.3.6p2-1) ...
Selecting previously unselected package libsamplerate0:amd64.
Preparing to unpack .../014-libsamplerate0_0.1.8-8+b2_amd64.deb ...
Unpacking libsamplerate0:amd64 (0.1.8-8+b2) ...
Selecting previously unselected package librubberband2:amd64.
Preparing to unpack .../015-librubberband2_1.8.1-7_amd64.deb ...
Unpacking librubberband2:amd64 (1.8.1-7) ...
Selecting previously unselected package librubberband-dev:amd64.
Preparing to unpack .../016-librubberband-dev_1.8.1-7_amd64.deb ...
Unpacking librubberband-dev:amd64 (1.8.1-7) ...
Selecting previously unselected package libxau6:amd64.
Preparing to unpack .../017-libxau6_1%3a1.0.8-1_amd64.deb ...
Unpacking libxau6:amd64 (1:1.0.8-1) ...
Selecting previously unselected package lsb-base.
Preparing to unpack .../018-lsb-base_9.20161125_all.deb ...
Unpacking lsb-base (9.20161125) ...
Selecting previously unselected package libmagic-mgc.
Preparing to unpack .../019-libmagic-mgc_1%3a5.30-1_amd64.deb ...
Unpacking libmagic-mgc (1:5.30-1) ...
Selecting previously unselected package libmagic1:amd64.
Preparing to unpack .../020-libmagic1_1%3a5.30-1_amd64.deb ...
Unpacking libmagic1:amd64 (1:5.30-1) ...
Selecting previously unselected package file.
Preparing to unpack .../021-file_1%3a5.30-1_amd64.deb ...
Unpacking file (1:5.30-1) ...
Selecting previously unselected package gettext-base.
Preparing to unpack .../022-gettext-base_0.19.8.1-2+b1_amd64.deb ...
Unpacking gettext-base (0.19.8.1-2+b1) ...
Selecting previously unselected package libkeyutils1:amd64.
Preparing to unpack .../023-libkeyutils1_1.5.9-9_amd64.deb ...
Unpacking libkeyutils1:amd64 (1.5.9-9) ...
Selecting previously unselected package libkrb5support0:amd64.
Preparing to unpack .../024-libkrb5support0_1.15-1_amd64.deb ...
Unpacking libkrb5support0:amd64 (1.15-1) ...
Selecting previously unselected package libk5crypto3:amd64.
Preparing to unpack .../025-libk5crypto3_1.15-1_amd64.deb ...
Unpacking libk5crypto3:amd64 (1.15-1) ...
Selecting previously unselected package libkrb5-3:amd64.
Preparing to unpack .../026-libkrb5-3_1.15-1_amd64.deb ...
Unpacking libkrb5-3:amd64 (1.15-1) ...
Selecting previously unselected package libgssapi-krb5-2:amd64.
Preparing to unpack .../027-libgssapi-krb5-2_1.15-1_amd64.deb ...
Unpacking libgssapi-krb5-2:amd64 (1.15-1) ...
Selecting previously unselected package libicu57:amd64.
Preparing to unpack .../028-libicu57_57.1-6_amd64.deb ...
Unpacking libicu57:amd64 (57.1-6) ...
Selecting previously unselected package libxml2:amd64.
Preparing to unpack .../029-libxml2_2.9.4+dfsg1-3_amd64.deb ...
Unpacking libxml2:amd64 (2.9.4+dfsg1-3) ...
Selecting previously unselected package libsigsegv2:amd64.
Preparing to unpack .../030-libsigsegv2_2.11-1_amd64.deb ...
Unpacking libsigsegv2:amd64 (2.11-1) ...
Selecting previously unselected package m4.
Preparing to unpack .../031-m4_1.4.18-1_amd64.deb ...
Unpacking m4 (1.4.18-1) ...
Selecting previously unselected package autoconf.
Preparing to unpack .../032-autoconf_2.69-10_all.deb ...
Unpacking autoconf (2.69-10) ...
Selecting previously unselected package autotools-dev.
Preparing to unpack .../033-autotools-dev_20161112.1_all.deb ...
Unpacking autotools-dev (20161112.1) ...
Selecting previously unselected package automake.
Preparing to unpack .../034-automake_1%3a1.15.1-2_all.deb ...
Unpacking automake (1:1.15.1-2) ...
Selecting previously unselected package autopoint.
Preparing to unpack .../035-autopoint_0.19.8.1-2_all.deb ...
Unpacking autopoint (0.19.8.1-2) ...
Selecting previously unselected package libtool.
Preparing to unpack .../036-libtool_2.4.6-2_all.deb ...
Unpacking libtool (2.4.6-2) ...
Selecting previously unselected package dh-autoreconf.
Preparing to unpack .../037-dh-autoreconf_14_all.deb ...
Unpacking dh-autoreconf (14) ...
Selecting previously unselected package libarchive-zip-perl.
Preparing to unpack .../038-libarchive-zip-perl_1.59-1_all.deb ...
Unpacking libarchive-zip-perl (1.59-1) ...
Selecting previously unselected package libfile-stripnondeterminism-perl.
Preparing to unpack .../039-libfile-stripnondeterminism-perl_0.035-2_all.deb ...
Unpacking libfile-stripnondeterminism-perl (0.035-2) ...
Selecting previously unselected package libtimedate-perl.
Preparing to unpack .../040-libtimedate-perl_2.3000-2_all.deb ...
Unpacking libtimedate-perl (2.3000-2) ...
Selecting previously unselected package dh-strip-nondeterminism.
Preparing to unpack .../041-dh-strip-nondeterminism_0.035-2_all.deb ...
Unpacking dh-strip-nondeterminism (0.035-2) ...
Selecting previously unselected package libglib2.0-0:amd64.
Preparing to unpack .../042-libglib2.0-0_2.52.3-1_amd64.deb ...
Unpacking libglib2.0-0:amd64 (2.52.3-1) ...
Selecting previously unselected package libcroco3:amd64.
Preparing to unpack .../043-libcroco3_0.6.12-1_amd64.deb ...
Unpacking libcroco3:amd64 (0.6.12-1) ...
Selecting previously unselected package gettext.
Preparing to unpack .../044-gettext_0.19.8.1-2+b1_amd64.deb ...
Unpacking gettext (0.19.8.1-2+b1) ...
Selecting previously unselected package intltool-debian.
Preparing to unpack .../045-intltool-debian_0.35.0+20060710.4_all.deb ...
Unpacking intltool-debian (0.35.0+20060710.4) ...
Selecting previously unselected package po-debconf.
Preparing to unpack .../046-po-debconf_1.0.20_all.deb ...
Unpacking po-debconf (1.0.20) ...
Selecting previously unselected package debhelper.
Preparing to unpack .../047-debhelper_10.6.2_all.deb ...
Unpacking debhelper (10.6.2) ...
Selecting previously unselected package hicolor-icon-theme.
Preparing to unpack .../048-hicolor-icon-theme_0.15-1_all.deb ...
Unpacking hicolor-icon-theme (0.15-1) ...
Selecting previously unselected package libjpeg62-turbo:amd64.
Preparing to unpack .../049-libjpeg62-turbo_1%3a1.5.1-2_amd64.deb ...
Unpacking libjpeg62-turbo:amd64 (1:1.5.1-2) ...
Selecting previously unselected package libjbig0:amd64.
Preparing to unpack .../050-libjbig0_2.1-3.1+b2_amd64.deb ...
Unpacking libjbig0:amd64 (2.1-3.1+b2) ...
Selecting previously unselected package libtiff5:amd64.
Preparing to unpack .../051-libtiff5_4.0.8-3_amd64.deb ...
Unpacking libtiff5:amd64 (4.0.8-3) ...
Selecting previously unselected package libxdmcp6:amd64.
Preparing to unpack .../052-libxdmcp6_1%3a1.1.2-3_amd64.deb ...
Unpacking libxdmcp6:amd64 (1:1.1.2-3) ...
Selecting previously unselected package libxcb1:amd64.
Preparing to unpack .../053-libxcb1_1.12-1_amd64.deb ...
Unpacking libxcb1:amd64 (1.12-1) ...
Selecting previously unselected package libx11-data.
Preparing to unpack .../054-libx11-data_2%3a1.6.4-3_all.deb ...
Unpacking libx11-data (2:1.6.4-3) ...
Selecting previously unselected package libx11-6:amd64.
Preparing to unpack .../055-libx11-6_2%3a1.6.4-3_amd64.deb ...
Unpacking libx11-6:amd64 (2:1.6.4-3) ...
Selecting previously unselected package shared-mime-info.
Preparing to unpack .../056-shared-mime-info_1.8-1_amd64.deb ...
Unpacking shared-mime-info (1.8-1) ...
Selecting previously unselected package libgdk-pixbuf2.0-common.
Preparing to unpack .../057-libgdk-pixbuf2.0-common_2.36.5-2_all.deb ...
Unpacking libgdk-pixbuf2.0-common (2.36.5-2) ...
Selecting previously unselected package libgdk-pixbuf2.0-0:amd64.
Preparing to unpack .../058-libgdk-pixbuf2.0-0_2.36.5-2_amd64.deb ...
Unpacking libgdk-pixbuf2.0-0:amd64 (2.36.5-2) ...
Selecting previously unselected package gtk-update-icon-cache.
Preparing to unpack .../059-gtk-update-icon-cache_3.22.16-1_amd64.deb ...
No diversion 'diversion of /usr/sbin/update-icon-caches to /usr/sbin/update-icon-caches.gtk2 by libgtk-3-bin', none removed.
No diversion 'diversion of /usr/share/man/man8/update-icon-caches.8.gz to /usr/share/man/man8/update-icon-caches.gtk2.8.gz by libgtk-3-bin', none removed.
Unpacking gtk-update-icon-cache (3.22.16-1) ...
Selecting previously unselected package libpixman-1-0:amd64.
Preparing to unpack .../060-libpixman-1-0_0.34.0-1_amd64.deb ...
Unpacking libpixman-1-0:amd64 (0.34.0-1) ...
Selecting previously unselected package libxcb-render0:amd64.
Preparing to unpack .../061-libxcb-render0_1.12-1_amd64.deb ...
Unpacking libxcb-render0:amd64 (1.12-1) ...
Selecting previously unselected package libxcb-shm0:amd64.
Preparing to unpack .../062-libxcb-shm0_1.12-1_amd64.deb ...
Unpacking libxcb-shm0:amd64 (1.12-1) ...
Selecting previously unselected package libxext6:amd64.
Preparing to unpack .../063-libxext6_2%3a1.3.3-1+b2_amd64.deb ...
Unpacking libxext6:amd64 (2:1.3.3-1+b2) ...
Selecting previously unselected package libxrender1:amd64.
Preparing to unpack .../064-libxrender1_1%3a0.9.10-1_amd64.deb ...
Unpacking libxrender1:amd64 (1:0.9.10-1) ...
Selecting previously unselected package libcairo2:amd64.
Preparing to unpack .../065-libcairo2_1.14.10-1_amd64.deb ...
Unpacking libcairo2:amd64 (1.14.10-1) ...
Selecting previously unselected package libthai-data.
Preparing to unpack .../066-libthai-data_0.1.26-1_all.deb ...
Unpacking libthai-data (0.1.26-1) ...
Selecting previously unselected package libdatrie1:amd64.
Preparing to unpack .../067-libdatrie1_0.2.10-4+b1_amd64.deb ...
Unpacking libdatrie1:amd64 (0.2.10-4+b1) ...
Selecting previously unselected package libthai0:amd64.
Preparing to unpack .../068-libthai0_0.1.26-1_amd64.deb ...
Unpacking libthai0:amd64 (0.1.26-1) ...
Selecting previously unselected package libpango-1.0-0:amd64.
Preparing to unpack .../069-libpango-1.0-0_1.40.6-1_amd64.deb ...
Unpacking libpango-1.0-0:amd64 (1.40.6-1) ...
Selecting previously unselected package libgraphite2-3:amd64.
Preparing to unpack .../070-libgraphite2-3_1.3.10-2_amd64.deb ...
Unpacking libgraphite2-3:amd64 (1.3.10-2) ...
Selecting previously unselected package libharfbuzz0b:amd64.
Preparing to unpack .../071-libharfbuzz0b_1.4.2-1_amd64.deb ...
Unpacking libharfbuzz0b:amd64 (1.4.2-1) ...
Selecting previously unselected package libpangoft2-1.0-0:amd64.
Preparing to unpack .../072-libpangoft2-1.0-0_1.40.6-1_amd64.deb ...
Unpacking libpangoft2-1.0-0:amd64 (1.40.6-1) ...
Selecting previously unselected package libpangocairo-1.0-0:amd64.
Preparing to unpack .../073-libpangocairo-1.0-0_1.40.6-1_amd64.deb ...
Unpacking libpangocairo-1.0-0:amd64 (1.40.6-1) ...
Selecting previously unselected package librsvg2-2:amd64.
Preparing to unpack .../074-librsvg2-2_2.40.16-1+b1_amd64.deb ...
Unpacking librsvg2-2:amd64 (2.40.16-1+b1) ...
Selecting previously unselected package librsvg2-common:amd64.
Preparing to unpack .../075-librsvg2-common_2.40.16-1+b1_amd64.deb ...
Unpacking librsvg2-common:amd64 (2.40.16-1+b1) ...
Selecting previously unselected package gnome-icon-theme.
Preparing to unpack .../076-gnome-icon-theme_3.12.0-2_all.deb ...
Unpacking gnome-icon-theme (3.12.0-2) ...
Selecting previously unselected package icu-devtools.
Preparing to unpack .../077-icu-devtools_57.1-6_amd64.deb ...
Unpacking icu-devtools (57.1-6) ...
Selecting previously unselected package libasound2-data.
Preparing to unpack .../078-libasound2-data_1.1.3-5_all.deb ...
Unpacking libasound2-data (1.1.3-5) ...
Selecting previously unselected package libasound2:amd64.
Preparing to unpack .../079-libasound2_1.1.3-5_amd64.deb ...
Unpacking libasound2:amd64 (1.1.3-5) ...
Selecting previously unselected package libasound2-dev:amd64.
Preparing to unpack .../080-libasound2-dev_1.1.3-5_amd64.deb ...
Unpacking libasound2-dev:amd64 (1.1.3-5) ...
Selecting previously unselected package libatk1.0-data.
Preparing to unpack .../081-libatk1.0-data_2.22.0-1_all.deb ...
Unpacking libatk1.0-data (2.22.0-1) ...
Selecting previously unselected package libatk1.0-0:amd64.
Preparing to unpack .../082-libatk1.0-0_2.22.0-1_amd64.deb ...
Unpacking libatk1.0-0:amd64 (2.22.0-1) ...
Selecting previously unselected package libavahi-common-data:amd64.
Preparing to unpack .../083-libavahi-common-data_0.6.32-2_amd64.deb ...
Unpacking libavahi-common-data:amd64 (0.6.32-2) ...
Selecting previously unselected package libavahi-common3:amd64.
Preparing to unpack .../084-libavahi-common3_0.6.32-2_amd64.deb ...
Unpacking libavahi-common3:amd64 (0.6.32-2) ...
Selecting previously unselected package libdbus-1-3:amd64.
Preparing to unpack .../085-libdbus-1-3_1.10.20-1_amd64.deb ...
Unpacking libdbus-1-3:amd64 (1.10.20-1) ...
Selecting previously unselected package libavahi-client3:amd64.
Preparing to unpack .../086-libavahi-client3_0.6.32-2_amd64.deb ...
Unpacking libavahi-client3:amd64 (0.6.32-2) ...
Selecting previously unselected package libcups2:amd64.
Preparing to unpack .../087-libcups2_2.2.4-1_amd64.deb ...
Unpacking libcups2:amd64 (2.2.4-1) ...
Selecting previously unselected package libdrm2:amd64.
Preparing to unpack .../088-libdrm2_2.4.81-2_amd64.deb ...
Unpacking libdrm2:amd64 (2.4.81-2) ...
Selecting previously unselected package libdrm-amdgpu1:amd64.
Preparing to unpack .../089-libdrm-amdgpu1_2.4.81-2_amd64.deb ...
Unpacking libdrm-amdgpu1:amd64 (2.4.81-2) ...
Selecting previously unselected package libpciaccess0:amd64.
Preparing to unpack .../090-libpciaccess0_0.13.4-1+b2_amd64.deb ...
Unpacking libpciaccess0:amd64 (0.13.4-1+b2) ...
Selecting previously unselected package libdrm-intel1:amd64.
Preparing to unpack .../091-libdrm-intel1_2.4.81-2_amd64.deb ...
Unpacking libdrm-intel1:amd64 (2.4.81-2) ...
Selecting previously unselected package libdrm-radeon1:amd64.
Preparing to unpack .../092-libdrm-radeon1_2.4.81-2_amd64.deb ...
Unpacking libdrm-radeon1:amd64 (2.4.81-2) ...
Selecting previously unselected package libdrm-nouveau2:amd64.
Preparing to unpack .../093-libdrm-nouveau2_2.4.81-2_amd64.deb ...
Unpacking libdrm-nouveau2:amd64 (2.4.81-2) ...
Selecting previously unselected package libdrm-dev:amd64.
Preparing to unpack .../094-libdrm-dev_2.4.81-2_amd64.deb ...
Unpacking libdrm-dev:amd64 (2.4.81-2) ...
Selecting previously unselected package libflac8:amd64.
Preparing to unpack .../095-libflac8_1.3.2-1_amd64.deb ...
Unpacking libflac8:amd64 (1.3.2-1) ...
Selecting previously unselected package libogg-dev:amd64.
Preparing to unpack .../096-libogg-dev_1.3.2-1_amd64.deb ...
Unpacking libogg-dev:amd64 (1.3.2-1) ...
Selecting previously unselected package libflac-dev:amd64.
Preparing to unpack .../097-libflac-dev_1.3.2-1_amd64.deb ...
Unpacking libflac-dev:amd64 (1.3.2-1) ...
Selecting previously unselected package xorg-sgml-doctools.
Preparing to unpack .../098-xorg-sgml-doctools_1%3a1.11-1_all.deb ...
Unpacking xorg-sgml-doctools (1:1.11-1) ...
Selecting previously unselected package x11proto-core-dev.
Preparing to unpack .../099-x11proto-core-dev_7.0.31-1_all.deb ...
Unpacking x11proto-core-dev (7.0.31-1) ...
Selecting previously unselected package libxau-dev:amd64.
Preparing to unpack .../100-libxau-dev_1%3a1.0.8-1_amd64.deb ...
Unpacking libxau-dev:amd64 (1:1.0.8-1) ...
Selecting previously unselected package libxdmcp-dev:amd64.
Preparing to unpack .../101-libxdmcp-dev_1%3a1.1.2-3_amd64.deb ...
Unpacking libxdmcp-dev:amd64 (1:1.1.2-3) ...
Selecting previously unselected package x11proto-input-dev.
Preparing to unpack .../102-x11proto-input-dev_2.3.2-1_all.deb ...
Unpacking x11proto-input-dev (2.3.2-1) ...
Selecting previously unselected package x11proto-kb-dev.
Preparing to unpack .../103-x11proto-kb-dev_1.0.7-1_all.deb ...
Unpacking x11proto-kb-dev (1.0.7-1) ...
Selecting previously unselected package xtrans-dev.
Preparing to unpack .../104-xtrans-dev_1.3.5-1_all.deb ...
Unpacking xtrans-dev (1.3.5-1) ...
Selecting previously unselected package libpthread-stubs0-dev:amd64.
Preparing to unpack .../105-libpthread-stubs0-dev_0.3-4_amd64.deb ...
Unpacking libpthread-stubs0-dev:amd64 (0.3-4) ...
Selecting previously unselected package libxcb1-dev:amd64.
Preparing to unpack .../106-libxcb1-dev_1.12-1_amd64.deb ...
Unpacking libxcb1-dev:amd64 (1.12-1) ...
Selecting previously unselected package libx11-dev:amd64.
Preparing to unpack .../107-libx11-dev_2%3a1.6.4-3_amd64.deb ...
Unpacking libx11-dev:amd64 (2:1.6.4-3) ...
Selecting previously unselected package mesa-common-dev:amd64.
Preparing to unpack .../108-mesa-common-dev_17.1.4-1_amd64.deb ...
Unpacking mesa-common-dev:amd64 (17.1.4-1) ...
Selecting previously unselected package libglapi-mesa:amd64.
Preparing to unpack .../109-libglapi-mesa_17.1.4-1_amd64.deb ...
Unpacking libglapi-mesa:amd64 (17.1.4-1) ...
Selecting previously unselected package libx11-xcb1:amd64.
Preparing to unpack .../110-libx11-xcb1_2%3a1.6.4-3_amd64.deb ...
Unpacking libx11-xcb1:amd64 (2:1.6.4-3) ...
Selecting previously unselected package libxcb-dri2-0:amd64.
Preparing to unpack .../111-libxcb-dri2-0_1.12-1_amd64.deb ...
Unpacking libxcb-dri2-0:amd64 (1.12-1) ...
Selecting previously unselected package libxcb-dri3-0:amd64.
Preparing to unpack .../112-libxcb-dri3-0_1.12-1_amd64.deb ...
Unpacking libxcb-dri3-0:amd64 (1.12-1) ...
Selecting previously unselected package libxcb-glx0:amd64.
Preparing to unpack .../113-libxcb-glx0_1.12-1_amd64.deb ...
Unpacking libxcb-glx0:amd64 (1.12-1) ...
Selecting previously unselected package libxcb-present0:amd64.
Preparing to unpack .../114-libxcb-present0_1.12-1_amd64.deb ...
Unpacking libxcb-present0:amd64 (1.12-1) ...
Selecting previously unselected package libxcb-sync1:amd64.
Preparing to unpack .../115-libxcb-sync1_1.12-1_amd64.deb ...
Unpacking libxcb-sync1:amd64 (1.12-1) ...
Selecting previously unselected package libxcb-xfixes0:amd64.
Preparing to unpack .../116-libxcb-xfixes0_1.12-1_amd64.deb ...
Unpacking libxcb-xfixes0:amd64 (1.12-1) ...
Selecting previously unselected package libxfixes3:amd64.
Preparing to unpack .../117-libxfixes3_1%3a5.0.3-1_amd64.deb ...
Unpacking libxfixes3:amd64 (1:5.0.3-1) ...
Selecting previously unselected package libxdamage1:amd64.
Preparing to unpack .../118-libxdamage1_1%3a1.1.4-2+b3_amd64.deb ...
Unpacking libxdamage1:amd64 (1:1.1.4-2+b3) ...
Selecting previously unselected package libxshmfence1:amd64.
Preparing to unpack .../119-libxshmfence1_1.2-1+b2_amd64.deb ...
Unpacking libxshmfence1:amd64 (1.2-1+b2) ...
Selecting previously unselected package libxxf86vm1:amd64.
Preparing to unpack .../120-libxxf86vm1_1%3a1.1.4-1+b2_amd64.deb ...
Unpacking libxxf86vm1:amd64 (1:1.1.4-1+b2) ...
Selecting previously unselected package libgl1-mesa-glx:amd64.
Preparing to unpack .../121-libgl1-mesa-glx_17.1.4-1_amd64.deb ...
Unpacking libgl1-mesa-glx:amd64 (17.1.4-1) ...
Selecting previously unselected package libx11-xcb-dev:amd64.
Preparing to unpack .../122-libx11-xcb-dev_2%3a1.6.4-3_amd64.deb ...
Unpacking libx11-xcb-dev:amd64 (2:1.6.4-3) ...
Selecting previously unselected package libxcb-dri3-dev:amd64.
Preparing to unpack .../123-libxcb-dri3-dev_1.12-1_amd64.deb ...
Unpacking libxcb-dri3-dev:amd64 (1.12-1) ...
Selecting previously unselected package libxcb-randr0:amd64.
Preparing to unpack .../124-libxcb-randr0_1.12-1_amd64.deb ...
Unpacking libxcb-randr0:amd64 (1.12-1) ...
Selecting previously unselected package libxcb-render0-dev:amd64.
Preparing to unpack .../125-libxcb-render0-dev_1.12-1_amd64.deb ...
Unpacking libxcb-render0-dev:amd64 (1.12-1) ...
Selecting previously unselected package libxcb-randr0-dev:amd64.
Preparing to unpack .../126-libxcb-randr0-dev_1.12-1_amd64.deb ...
Unpacking libxcb-randr0-dev:amd64 (1.12-1) ...
Selecting previously unselected package libxcb-shape0:amd64.
Preparing to unpack .../127-libxcb-shape0_1.12-1_amd64.deb ...
Unpacking libxcb-shape0:amd64 (1.12-1) ...
Selecting previously unselected package libxcb-shape0-dev:amd64.
Preparing to unpack .../128-libxcb-shape0-dev_1.12-1_amd64.deb ...
Unpacking libxcb-shape0-dev:amd64 (1.12-1) ...
Selecting previously unselected package libxcb-xfixes0-dev:amd64.
Preparing to unpack .../129-libxcb-xfixes0-dev_1.12-1_amd64.deb ...
Unpacking libxcb-xfixes0-dev:amd64 (1.12-1) ...
Selecting previously unselected package libxcb-sync-dev:amd64.
Preparing to unpack .../130-libxcb-sync-dev_1.12-1_amd64.deb ...
Unpacking libxcb-sync-dev:amd64 (1.12-1) ...
Selecting previously unselected package libxcb-present-dev:amd64.
Preparing to unpack .../131-libxcb-present-dev_1.12-1_amd64.deb ...
Unpacking libxcb-present-dev:amd64 (1.12-1) ...
Selecting previously unselected package libxshmfence-dev:amd64.
Preparing to unpack .../132-libxshmfence-dev_1.2-1+b2_amd64.deb ...
Unpacking libxshmfence-dev:amd64 (1.2-1+b2) ...
Selecting previously unselected package libxcb-dri2-0-dev:amd64.
Preparing to unpack .../133-libxcb-dri2-0-dev_1.12-1_amd64.deb ...
Unpacking libxcb-dri2-0-dev:amd64 (1.12-1) ...
Selecting previously unselected package libxcb-glx0-dev:amd64.
Preparing to unpack .../134-libxcb-glx0-dev_1.12-1_amd64.deb ...
Unpacking libxcb-glx0-dev:amd64 (1.12-1) ...
Selecting previously unselected package x11proto-xext-dev.
Preparing to unpack .../135-x11proto-xext-dev_7.3.0-1_all.deb ...
Unpacking x11proto-xext-dev (7.3.0-1) ...
Selecting previously unselected package x11proto-fixes-dev.
Preparing to unpack .../136-x11proto-fixes-dev_1%3a5.0-2_all.deb ...
Unpacking x11proto-fixes-dev (1:5.0-2) ...
Selecting previously unselected package libxfixes-dev:amd64.
Preparing to unpack .../137-libxfixes-dev_1%3a5.0.3-1_amd64.deb ...
Unpacking libxfixes-dev:amd64 (1:5.0.3-1) ...
Selecting previously unselected package x11proto-damage-dev.
Preparing to unpack .../138-x11proto-damage-dev_1%3a1.2.1-2_all.deb ...
Unpacking x11proto-damage-dev (1:1.2.1-2) ...
Selecting previously unselected package libxdamage-dev:amd64.
Preparing to unpack .../139-libxdamage-dev_1%3a1.1.4-2+b3_amd64.deb ...
Unpacking libxdamage-dev:amd64 (1:1.1.4-2+b3) ...
Selecting previously unselected package libxext-dev:amd64.
Preparing to unpack .../140-libxext-dev_2%3a1.3.3-1+b2_amd64.deb ...
Unpacking libxext-dev:amd64 (2:1.3.3-1+b2) ...
Selecting previously unselected package x11proto-xf86vidmode-dev.
Preparing to unpack .../141-x11proto-xf86vidmode-dev_2.3.1-2_all.deb ...
Unpacking x11proto-xf86vidmode-dev (2.3.1-2) ...
Selecting previously unselected package libxxf86vm-dev:amd64.
Preparing to unpack .../142-libxxf86vm-dev_1%3a1.1.4-1+b2_amd64.deb ...
Unpacking libxxf86vm-dev:amd64 (1:1.1.4-1+b2) ...
Selecting previously unselected package x11proto-dri2-dev.
Preparing to unpack .../143-x11proto-dri2-dev_2.8-2_all.deb ...
Unpacking x11proto-dri2-dev (2.8-2) ...
Selecting previously unselected package x11proto-gl-dev.
Preparing to unpack .../144-x11proto-gl-dev_1.4.17-1_all.deb ...
Unpacking x11proto-gl-dev (1.4.17-1) ...
Selecting previously unselected package libgl1-mesa-dev:amd64.
Preparing to unpack .../145-libgl1-mesa-dev_17.1.4-1_amd64.deb ...
Unpacking libgl1-mesa-dev:amd64 (17.1.4-1) ...
Selecting previously unselected package libglu1-mesa:amd64.
Preparing to unpack .../146-libglu1-mesa_9.0.0-2.1_amd64.deb ...
Unpacking libglu1-mesa:amd64 (9.0.0-2.1) ...
Selecting previously unselected package libglu1-mesa-dev:amd64.
Preparing to unpack .../147-libglu1-mesa-dev_9.0.0-2.1_amd64.deb ...
Unpacking libglu1-mesa-dev:amd64 (9.0.0-2.1) ...
Selecting previously unselected package libgtk2.0-common.
Preparing to unpack .../148-libgtk2.0-common_2.24.31-2_all.deb ...
Unpacking libgtk2.0-common (2.24.31-2) ...
Selecting previously unselected package libxcomposite1:amd64.
Preparing to unpack .../149-libxcomposite1_1%3a0.4.4-2_amd64.deb ...
Unpacking libxcomposite1:amd64 (1:0.4.4-2) ...
Selecting previously unselected package libxcursor1:amd64.
Preparing to unpack .../150-libxcursor1_1%3a1.1.14-1+b4_amd64.deb ...
Unpacking libxcursor1:amd64 (1:1.1.14-1+b4) ...
Selecting previously unselected package libxi6:amd64.
Preparing to unpack .../151-libxi6_2%3a1.7.9-1_amd64.deb ...
Unpacking libxi6:amd64 (2:1.7.9-1) ...
Selecting previously unselected package libxinerama1:amd64.
Preparing to unpack .../152-libxinerama1_2%3a1.1.3-1+b3_amd64.deb ...
Unpacking libxinerama1:amd64 (2:1.1.3-1+b3) ...
Selecting previously unselected package libxrandr2:amd64.
Preparing to unpack .../153-libxrandr2_2%3a1.5.1-1_amd64.deb ...
Unpacking libxrandr2:amd64 (2:1.5.1-1) ...
Selecting previously unselected package libgtk2.0-0:amd64.
Preparing to unpack .../154-libgtk2.0-0_2.24.31-2_amd64.deb ...
Unpacking libgtk2.0-0:amd64 (2.24.31-2) ...
Selecting previously unselected package x11-common.
Preparing to unpack .../155-x11-common_1%3a7.7+19_all.deb ...
Unpacking x11-common (1:7.7+19) ...
Selecting previously unselected package libice6:amd64.
Preparing to unpack .../156-libice6_2%3a1.0.9-2_amd64.deb ...
Unpacking libice6:amd64 (2:1.0.9-2) ...
Selecting previously unselected package libicu-dev.
Preparing to unpack .../157-libicu-dev_57.1-6_amd64.deb ...
Unpacking libicu-dev (57.1-6) ...
Selecting previously unselected package libjack0:amd64.
Preparing to unpack .../158-libjack0_1%3a0.125.0-2_amd64.deb ...
Unpacking libjack0:amd64 (1:0.125.0-2) ...
Selecting previously unselected package pkg-config.
Preparing to unpack .../159-pkg-config_0.29-4+b1_amd64.deb ...
Unpacking pkg-config (0.29-4+b1) ...
Selecting previously unselected package uuid-dev:amd64.
Preparing to unpack .../160-uuid-dev_2.29.2-1_amd64.deb ...
Unpacking uuid-dev:amd64 (2.29.2-1) ...
Selecting previously unselected package libjack-dev.
Preparing to unpack .../161-libjack-dev_1%3a0.125.0-2_amd64.deb ...
Unpacking libjack-dev (1:0.125.0-2) ...
Selecting previously unselected package liblo7:amd64.
Preparing to unpack .../162-liblo7_0.28-5+b2_amd64.deb ...
Unpacking liblo7:amd64 (0.28-5+b2) ...
Selecting previously unselected package liblo-dev.
Preparing to unpack .../163-liblo-dev_0.28-5+b2_amd64.deb ...
Unpacking liblo-dev (0.28-5+b2) ...
Selecting previously unselected package libtinfo-dev:amd64.
Preparing to unpack .../164-libtinfo-dev_6.0+20161126-1_amd64.deb ...
Unpacking libtinfo-dev:amd64 (6.0+20161126-1) ...
Selecting previously unselected package libncurses5-dev:amd64.
Preparing to unpack .../165-libncurses5-dev_6.0+20161126-1_amd64.deb ...
Unpacking libncurses5-dev:amd64 (6.0+20161126-1) ...
Selecting previously unselected package libnotify4:amd64.
Preparing to unpack .../166-libnotify4_0.7.7-2_amd64.deb ...
Unpacking libnotify4:amd64 (0.7.7-2) ...
Selecting previously unselected package libsamplerate0-dev:amd64.
Preparing to unpack .../167-libsamplerate0-dev_0.1.8-8+b2_amd64.deb ...
Unpacking libsamplerate0-dev:amd64 (0.1.8-8+b2) ...
Selecting previously unselected package libsigc++-2.0-0v5:amd64.
Preparing to unpack .../168-libsigc++-2.0-0v5_2.10.0-1_amd64.deb ...
Unpacking libsigc++-2.0-0v5:amd64 (2.10.0-1) ...
Selecting previously unselected package libsigc++-2.0-dev:amd64.
Preparing to unpack .../169-libsigc++-2.0-dev_2.10.0-1_amd64.deb ...
Unpacking libsigc++-2.0-dev:amd64 (2.10.0-1) ...
Selecting previously unselected package libsm6:amd64.
Preparing to unpack .../170-libsm6_2%3a1.2.2-1+b3_amd64.deb ...
Unpacking libsm6:amd64 (2:1.2.2-1+b3) ...
Selecting previously unselected package libvorbis0a:amd64.
Preparing to unpack .../171-libvorbis0a_1.3.5-4_amd64.deb ...
Unpacking libvorbis0a:amd64 (1.3.5-4) ...
Selecting previously unselected package libvorbisenc2:amd64.
Preparing to unpack .../172-libvorbisenc2_1.3.5-4_amd64.deb ...
Unpacking libvorbisenc2:amd64 (1.3.5-4) ...
Selecting previously unselected package libsndfile1:amd64.
Preparing to unpack .../173-libsndfile1_1.0.28-2_amd64.deb ...
Unpacking libsndfile1:amd64 (1.0.28-2) ...
Selecting previously unselected package libvorbisfile3:amd64.
Preparing to unpack .../174-libvorbisfile3_1.3.5-4_amd64.deb ...
Unpacking libvorbisfile3:amd64 (1.3.5-4) ...
Selecting previously unselected package libvorbis-dev:amd64.
Preparing to unpack .../175-libvorbis-dev_1.3.5-4_amd64.deb ...
Unpacking libvorbis-dev:amd64 (1.3.5-4) ...
Selecting previously unselected package libsndfile1-dev.
Preparing to unpack .../176-libsndfile1-dev_1.0.28-2_amd64.deb ...
Unpacking libsndfile1-dev (1.0.28-2) ...
Selecting previously unselected package libtool-bin.
Preparing to unpack .../177-libtool-bin_2.4.6-2_amd64.deb ...
Unpacking libtool-bin (2.4.6-2) ...
Selecting previously unselected package libwxbase3.0-0v5:amd64.
Preparing to unpack .../178-libwxbase3.0-0v5_3.0.2+dfsg-4_amd64.deb ...
Unpacking libwxbase3.0-0v5:amd64 (3.0.2+dfsg-4) ...
Selecting previously unselected package wx3.0-headers.
Preparing to unpack .../179-wx3.0-headers_3.0.2+dfsg-4_amd64.deb ...
Unpacking wx3.0-headers (3.0.2+dfsg-4) ...
Selecting previously unselected package libwxbase3.0-dev.
Preparing to unpack .../180-libwxbase3.0-dev_3.0.2+dfsg-4_amd64.deb ...
Unpacking libwxbase3.0-dev (3.0.2+dfsg-4) ...
Selecting previously unselected package libwxgtk3.0-0v5:amd64.
Preparing to unpack .../181-libwxgtk3.0-0v5_3.0.2+dfsg-4_amd64.deb ...
Unpacking libwxgtk3.0-0v5:amd64 (3.0.2+dfsg-4) ...
Selecting previously unselected package wx-common.
Preparing to unpack .../182-wx-common_3.0.2+dfsg-4_amd64.deb ...
Unpacking wx-common (3.0.2+dfsg-4) ...
Selecting previously unselected package libwxgtk3.0-dev.
Preparing to unpack .../183-libwxgtk3.0-dev_3.0.2+dfsg-4_amd64.deb ...
Unpacking libwxgtk3.0-dev (3.0.2+dfsg-4) ...
Selecting previously unselected package libxml2-dev:amd64.
Preparing to unpack .../184-libxml2-dev_2.9.4+dfsg1-3_amd64.deb ...
Unpacking libxml2-dev:amd64 (2.9.4+dfsg1-3) ...
Selecting previously unselected package sbuild-build-depends-sooperlooper-dummy.
Preparing to unpack .../185-sbuild-build-depends-sooperlooper-dummy_0.invalid.0_amd64.deb ...
Unpacking sbuild-build-depends-sooperlooper-dummy (0.invalid.0) ...
Setting up x11proto-dri2-dev (2.8-2) ...
Setting up libexpat1:amd64 (2.2.1-3) ...
Setting up libgtk2.0-common (2.24.31-2) ...
Setting up libjack0:amd64 (1:0.125.0-2) ...
Setting up libjpeg62-turbo:amd64 (1:1.5.1-2) ...
Setting up libarchive-zip-perl (1.59-1) ...
Setting up libpng16-16:amd64 (1.6.29-3) ...
Setting up libtimedate-perl (2.3000-2) ...
Setting up libjbig0:amd64 (2.1-3.1+b2) ...
Setting up libsigsegv2:amd64 (2.11-1) ...
Setting up libpthread-stubs0-dev:amd64 (0.3-4) ...
Setting up fonts-dejavu-core (2.37-1) ...
Setting up groff-base (1.22.3-9) ...
Setting up libglib2.0-0:amd64 (2.52.3-1) ...
No schema files found: doing nothing.
Setting up libasound2-data (1.1.3-5) ...
Setting up libxshmfence1:amd64 (1.2-1+b2) ...
Setting up xorg-sgml-doctools (1:1.11-1) ...
Setting up uuid-dev:amd64 (2.29.2-1) ...
Setting up libtinfo-dev:amd64 (6.0+20161126-1) ...
Setting up wx3.0-headers (3.0.2+dfsg-4) ...
Setting up libgdk-pixbuf2.0-common (2.36.5-2) ...
Setting up libdatrie1:amd64 (0.2.10-4+b1) ...
Setting up libtiff5:amd64 (4.0.8-3) ...
Setting up x11proto-xf86vidmode-dev (2.3.1-2) ...
Setting up gettext-base (0.19.8.1-2+b1) ...
Setting up libpipeline1:amd64 (1.4.1-2) ...
Setting up x11proto-kb-dev (1.0.7-1) ...
Setting up libglapi-mesa:amd64 (17.1.4-1) ...
Setting up m4 (1.4.18-1) ...
Setting up libfftw3-double3:amd64 (3.3.6p2-1) ...
Setting up libicu57:amd64 (57.1-6) ...
Setting up ucf (3.0036) ...
Setting up libxml2:amd64 (2.9.4+dfsg1-3) ...
Setting up libfreetype6:amd64 (2.8-0.2) ...
Setting up libmagic-mgc (1:5.30-1) ...
Setting up libwxbase3.0-0v5:amd64 (3.0.2+dfsg-4) ...
Setting up libasound2:amd64 (1.1.3-5) ...
Setting up libdrm2:amd64 (2.4.81-2) ...
Setting up libmagic1:amd64 (1:5.30-1) ...
Setting up lsb-base (9.20161125) ...
Setting up libgraphite2-3:amd64 (1.3.10-2) ...
Setting up libcroco3:amd64 (0.6.12-1) ...
Setting up libogg0:amd64 (1.3.2-1) ...
Setting up libncurses5-dev:amd64 (6.0+20161126-1) ...
Setting up libatk1.0-data (2.22.0-1) ...
Setting up pkg-config (0.29-4+b1) ...
Setting up libx11-xcb1:amd64 (2:1.6.4-3) ...
Setting up libpixman-1-0:amd64 (0.34.0-1) ...
Setting up xtrans-dev (1.3.5-1) ...
Processing triggers for libc-bin (2.24-12) ...
Setting up autotools-dev (20161112.1) ...
Setting up libatk1.0-0:amd64 (2.22.0-1) ...
Setting up x11proto-gl-dev (1.4.17-1) ...
Setting up libpciaccess0:amd64 (0.13.4-1+b2) ...
Setting up shared-mime-info (1.8-1) ...
Setting up icu-devtools (57.1-6) ...
Setting up libdrm-radeon1:amd64 (2.4.81-2) ...
Setting up libthai-data (0.1.26-1) ...
Setting up libxdmcp6:amd64 (1:1.1.2-3) ...
Setting up libkeyutils1:amd64 (1.5.9-9) ...
Setting up libdrm-nouveau2:amd64 (2.4.81-2) ...
Setting up bsdmainutils (9.0.12+nmu1) ...
update-alternatives: using /usr/bin/bsd-write to provide /usr/bin/write (write) in auto mode
update-alternatives: using /usr/bin/bsd-from to provide /usr/bin/from (from) in auto mode
Setting up liblo7:amd64 (0.28-5+b2) ...
Setting up libsamplerate0:amd64 (0.1.8-8+b2) ...
Setting up libvorbis0a:amd64 (1.3.5-4) ...
Setting up x11-common (1:7.7+19) ...
update-rc.d: warning: start and stop actions are no longer supported; falling back to defaults
invoke-rc.d: could not determine current runlevel
All runlevel operations denied by policy
invoke-rc.d: policy-rc.d denied execution of start.
Setting up hicolor-icon-theme (0.15-1) ...
Setting up libogg-dev:amd64 (1.3.2-1) ...
Setting up libsigc++-2.0-0v5:amd64 (2.10.0-1) ...
Setting up libx11-data (2:1.6.4-3) ...
Setting up libxau6:amd64 (1:1.0.8-1) ...
Setting up autopoint (0.19.8.1-2) ...
Setting up libdbus-1-3:amd64 (1.10.20-1) ...
Setting up libavahi-common-data:amd64 (0.6.32-2) ...
Setting up libfile-stripnondeterminism-perl (0.035-2) ...
Setting up libvorbisfile3:amd64 (1.3.5-4) ...
Setting up wx-common (3.0.2+dfsg-4) ...
Setting up libasound2-dev:amd64 (1.1.3-5) ...
Setting up libsamplerate0-dev:amd64 (0.1.8-8+b2) ...
Setting up libjack-dev (1:0.125.0-2) ...
Setting up fontconfig-config (2.12.3-0.1) ...
Setting up x11proto-core-dev (7.0.31-1) ...
Setting up libdrm-amdgpu1:amd64 (2.4.81-2) ...
Setting up libxshmfence-dev:amd64 (1.2-1+b2) ...
Setting up libsigc++-2.0-dev:amd64 (2.10.0-1) ...
Setting up gettext (0.19.8.1-2+b1) ...
Setting up libflac8:amd64 (1.3.2-1) ...
Setting up libharfbuzz0b:amd64 (1.4.2-1) ...
Setting up libxau-dev:amd64 (1:1.0.8-1) ...
Setting up autoconf (2.69-10) ...
Setting up libthai0:amd64 (0.1.26-1) ...
Setting up libicu-dev (57.1-6) ...
Setting up file (1:5.30-1) ...
Setting up libkrb5support0:amd64 (1.15-1) ...
Setting up libwxbase3.0-dev (3.0.2+dfsg-4) ...
update-alternatives: using /usr/lib/x86_64-linux-gnu/wx/config/base-unicode-3.0 to provide /usr/bin/wx-config (wx-config) in auto mode
Setting up libxml2-dev:amd64 (2.9.4+dfsg1-3) ...
Setting up intltool-debian (0.35.0+20060710.4) ...
Setting up libdrm-intel1:amd64 (2.4.81-2) ...
Setting up libxdmcp-dev:amd64 (1:1.1.2-3) ...
Setting up librubberband2:amd64 (1.8.1-7) ...
Setting up automake (1:1.15.1-2) ...
update-alternatives: using /usr/bin/automake-1.15 to provide /usr/bin/automake (automake) in auto mode
Setting up liblo-dev (0.28-5+b2) ...
Setting up libice6:amd64 (2:1.0.9-2) ...
Setting up man-db (2.7.6.1-2) ...
Not building database; man-db/auto-update is not 'true'.
Setting up libavahi-common3:amd64 (0.6.32-2) ...
Setting up libvorbisenc2:amd64 (1.3.5-4) ...
Setting up libxcb1:amd64 (1.12-1) ...
Setting up x11proto-input-dev (2.3.2-1) ...
Setting up libvorbis-dev:amd64 (1.3.5-4) ...
Setting up libtool (2.4.6-2) ...
Setting up libxcb-present0:amd64 (1.12-1) ...
Setting up libtool-bin (2.4.6-2) ...
Setting up libfontconfig1:amd64 (2.12.3-0.1) ...
Setting up libxcb-dri2-0:amd64 (1.12-1) ...
Setting up libsm6:amd64 (2:1.2.2-1+b3) ...
Setting up libxcb-dri3-0:amd64 (1.12-1) ...
Setting up libk5crypto3:amd64 (1.15-1) ...
Setting up libxcb-glx0:amd64 (1.12-1) ...
Setting up libxcb-randr0:amd64 (1.12-1) ...
Setting up libxcb-xfixes0:amd64 (1.12-1) ...
Setting up libxcb-render0:amd64 (1.12-1) ...
Setting up po-debconf (1.0.20) ...
Setting up librubberband-dev:amd64 (1.8.1-7) ...
Setting up libdrm-dev:amd64 (2.4.81-2) ...
Setting up libx11-6:amd64 (2:1.6.4-3) ...
Setting up libflac-dev:amd64 (1.3.2-1) ...
Setting up libxcb-sync1:amd64 (1.12-1) ...
Setting up libsndfile1:amd64 (1.0.28-2) ...
Setting up x11proto-xext-dev (7.3.0-1) ...
Setting up libxcomposite1:amd64 (1:0.4.4-2) ...
Setting up libxcb-shm0:amd64 (1.12-1) ...
Setting up libxcb-shape0:amd64 (1.12-1) ...
Setting up libxrender1:amd64 (1:0.9.10-1) ...
Setting up libxcb1-dev:amd64 (1.12-1) ...
Setting up libxcb-glx0-dev:amd64 (1.12-1) ...
Setting up libavahi-client3:amd64 (0.6.32-2) ...
Setting up libkrb5-3:amd64 (1.15-1) ...
Setting up libx11-dev:amd64 (2:1.6.4-3) ...
Setting up libxcb-sync-dev:amd64 (1.12-1) ...
Setting up fontconfig (2.12.3-0.1) ...
Regenerating fonts cache... done.
Setting up libx11-xcb-dev:amd64 (2:1.6.4-3) ...
Setting up libsndfile1-dev (1.0.28-2) ...
Setting up mesa-common-dev:amd64 (17.1.4-1) ...
Setting up libxext6:amd64 (2:1.3.3-1+b2) ...
Setting up libxfixes3:amd64 (1:5.0.3-1) ...
Setting up x11proto-fixes-dev (1:5.0-2) ...
Setting up libgdk-pixbuf2.0-0:amd64 (2.36.5-2) ...
Setting up libgssapi-krb5-2:amd64 (1.15-1) ...
Setting up libxcb-dri2-0-dev:amd64 (1.12-1) ...
Setting up libxcb-render0-dev:amd64 (1.12-1) ...
Setting up x11proto-damage-dev (1:1.2.1-2) ...
Setting up gtk-update-icon-cache (3.22.16-1) ...
Setting up libxcb-dri3-dev:amd64 (1.12-1) ...
Setting up libxcursor1:amd64 (1:1.1.14-1+b4) ...
Setting up libxext-dev:amd64 (2:1.3.3-1+b2) ...
Setting up libpango-1.0-0:amd64 (1.40.6-1) ...
Setting up libxcb-shape0-dev:amd64 (1.12-1) ...
Setting up libxxf86vm1:amd64 (1:1.1.4-1+b2) ...
Setting up libxxf86vm-dev:amd64 (1:1.1.4-1+b2) ...
Setting up libxfixes-dev:amd64 (1:5.0.3-1) ...
Setting up libxrandr2:amd64 (2:1.5.1-1) ...
Setting up libcups2:amd64 (2.2.4-1) ...
Setting up libxi6:amd64 (2:1.7.9-1) ...
Setting up libcairo2:amd64 (1.14.10-1) ...
Setting up libnotify4:amd64 (0.7.7-2) ...
Setting up libxinerama1:amd64 (2:1.1.3-1+b3) ...
Setting up libxcb-randr0-dev:amd64 (1.12-1) ...
Setting up libxdamage1:amd64 (1:1.1.4-2+b3) ...
Setting up libxcb-xfixes0-dev:amd64 (1.12-1) ...
Setting up libxdamage-dev:amd64 (1:1.1.4-2+b3) ...
Setting up libpangoft2-1.0-0:amd64 (1.40.6-1) ...
Setting up libgl1-mesa-glx:amd64 (17.1.4-1) ...
Setting up libglu1-mesa:amd64 (9.0.0-2.1) ...
Setting up libxcb-present-dev:amd64 (1.12-1) ...
Setting up libpangocairo-1.0-0:amd64 (1.40.6-1) ...
Setting up libgl1-mesa-dev:amd64 (17.1.4-1) ...
Setting up libglu1-mesa-dev:amd64 (9.0.0-2.1) ...
Setting up librsvg2-2:amd64 (2.40.16-1+b1) ...
Setting up librsvg2-common:amd64 (2.40.16-1+b1) ...
Setting up gnome-icon-theme (3.12.0-2) ...
update-alternatives: using /usr/share/icons/gnome/scalable/places/debian-swirl.svg to provide /usr/share/icons/gnome/scalable/places/start-here.svg (start-here.svg) in auto mode
Setting up libgtk2.0-0:amd64 (2.24.31-2) ...
Setting up libwxgtk3.0-0v5:amd64 (3.0.2+dfsg-4) ...
Setting up libwxgtk3.0-dev (3.0.2+dfsg-4) ...
update-alternatives: using /usr/lib/x86_64-linux-gnu/wx/config/gtk2-unicode-3.0 to provide /usr/bin/wx-config (wx-config) in auto mode
Setting up dh-autoreconf (14) ...
Setting up dh-strip-nondeterminism (0.035-2) ...
Setting up debhelper (10.6.2) ...
Setting up sbuild-build-depends-sooperlooper-dummy (0.invalid.0) ...
Processing triggers for libc-bin (2.24-12) ...
Processing triggers for libgdk-pixbuf2.0-0:amd64 (2.36.5-2) ...

+------------------------------------------------------------------------------+
| Build environment                                                            |
+------------------------------------------------------------------------------+

Kernel: Linux 4.9.0-2-amd64 amd64 (x86_64)
Toolchain package versions: binutils_2.28-6 dpkg-dev_1.18.24 g++-6_6.4.0-1 gcc-6_6.4.0-1 libc6-dev_2.24-12 libstdc++-6-dev_6.4.0-1 libstdc++6_7.1.0-9 linux-libc-dev_4.11.6-1
Package versions: adduser_3.115 apt_1.5~beta1 autoconf_2.69-10 automake_1:1.15.1-2 autopoint_0.19.8.1-2 autotools-dev_20161112.1 base-files_10 base-passwd_3.5.43 bash_4.4-5 binutils_2.28-6 bsdmainutils_9.0.12+nmu1 bsdutils_1:2.29.2-1 build-essential_12.3 bzip2_1.0.6-8.1 clang-5.0_1:5.0~svn305653-1 coreutils_8.26-3 cpp_4:6.3.0-4d1 cpp-6_6.4.0-1 dash_0.5.8-2.4 debconf_1.5.62 debfoster_2.7-2.1+b1 debhelper_10.6.2 debian-archive-keyring_2017.5 debianutils_4.8.1.1 dh-autoreconf_14 dh-strip-nondeterminism_0.035-2 diffutils_1:3.5-3 dpkg_1.18.24 dpkg-dev_1.18.24 e2fslibs_1.43.4-2 e2fsprogs_1.43.4-2 eatmydata_105-5 fakeroot_1.21-3.1 file_1:5.30-1 findutils_4.6.0+git+20170606-2 fontconfig_2.12.3-0.1 fontconfig-config_2.12.3-0.1 fonts-dejavu-core_2.37-1 g++_4:6.3.0-4d1 g++-6_6.4.0-1 gcc_4:6.3.0-4d1 gcc-6_6.4.0-1 gcc-6-base_6.4.0-1 gcc-7-base_7.1.0-9 gettext_0.19.8.1-2+b1 gettext-base_0.19.8.1-2+b1 gnome-icon-theme_3.12.0-2 gpgv_2.1.18-8 grep_2.27-2 groff-base_1.22.3-9 gtk-update-icon-cache_3.22.16-1 gzip_1.6-5+b1 hicolor-icon-theme_0.15-1 hostname_3.18+b1 icu-devtools_57.1-6 init-system-helpers_1.48 intltool-debian_0.35.0+20060710.4 lib32gcc1_1:7.1.0-9 lib32stdc++6_7.1.0-9 libacl1_2.2.52-3+b1 libapt-pkg5.0_1.5~beta1 libarchive-zip-perl_1.59-1 libasan3_6.4.0-1 libasound2_1.1.3-5 libasound2-data_1.1.3-5 libasound2-dev_1.1.3-5 libatk1.0-0_2.22.0-1 libatk1.0-data_2.22.0-1 libatomic1_7.1.0-9 libattr1_1:2.4.47-2+b2 libaudit-common_1:2.7.7-1 libaudit1_1:2.7.7-1+b1 libavahi-client3_0.6.32-2 libavahi-common-data_0.6.32-2 libavahi-common3_0.6.32-2 libblkid1_2.29.2-1 libbsd0_0.8.5-1 libbz2-1.0_1.0.6-8.1 libc-bin_2.24-12 libc-dev-bin_2.24-12 libc6_2.24-12 libc6-dev_2.24-12 libc6-i386_2.24-12 libcairo2_1.14.10-1 libcap-ng0_0.7.7-3+b1 libcc1-0_7.1.0-9 libcilkrts5_7.1.0-9 libclang-common-5.0-dev_1:5.0~svn305653-1 libclang1-5.0_1:5.0~svn305653-1 libcomerr2_1.43.4-2 libcroco3_0.6.12-1 libcups2_2.2.4-1 libdatrie1_0.2.10-4+b1 libdb5.3_5.3.28-12+b1 libdbus-1-3_1.10.20-1 libdebconfclient0_0.229 libdpkg-perl_1.18.24 libdrm-amdgpu1_2.4.81-2 libdrm-dev_2.4.81-2 libdrm-intel1_2.4.81-2 libdrm-nouveau2_2.4.81-2 libdrm-radeon1_2.4.81-2 libdrm2_2.4.81-2 libeatmydata1_105-5 libedit2_3.1-20170329-1 libexpat1_2.2.1-3 libfakeroot_1.21-3.1 libfdisk1_2.29.2-1 libffi6_3.2.1-6 libfftw3-double3_3.3.6p2-1 libfile-stripnondeterminism-perl_0.035-2 libflac-dev_1.3.2-1 libflac8_1.3.2-1 libfontconfig1_2.12.3-0.1 libfreetype6_2.8-0.2 libgc1c2_1:7.4.2-8 libgcc-6-dev_6.4.0-1 libgcc1_1:7.1.0-9 libgcrypt20_1.7.8-1 libgdbm3_1.8.3-14 libgdk-pixbuf2.0-0_2.36.5-2 libgdk-pixbuf2.0-common_2.36.5-2 libgl1-mesa-dev_17.1.4-1 libgl1-mesa-glx_17.1.4-1 libglapi-mesa_17.1.4-1 libglib2.0-0_2.52.3-1 libglu1-mesa_9.0.0-2.1 libglu1-mesa-dev_9.0.0-2.1 libgmp10_2:6.1.2+dfsg-1 libgnutls30_3.5.13-2 libgomp1_7.1.0-9 libgpg-error0_1.27-3 libgraphite2-3_1.3.10-2 libgssapi-krb5-2_1.15-1 libgtk2.0-0_2.24.31-2 libgtk2.0-common_2.24.31-2 libharfbuzz0b_1.4.2-1 libhogweed4_3.3-1+b1 libice6_2:1.0.9-2 libicu-dev_57.1-6 libicu57_57.1-6 libidn2-0_0.16-1+b1 libisl15_0.18-1 libitm1_7.1.0-9 libjack-dev_1:0.125.0-2 libjack0_1:0.125.0-2 libjbig0_2.1-3.1+b2 libjpeg62-turbo_1:1.5.1-2 libjsoncpp1_1.7.4-3 libk5crypto3_1.15-1 libkeyutils1_1.5.9-9 libkrb5-3_1.15-1 libkrb5support0_1.15-1 libllvm5.0_1:5.0~svn305653-1 liblo-dev_0.28-5+b2 liblo7_0.28-5+b2 liblsan0_7.1.0-9 liblz4-1_0.0~r131-2+b1 liblzma5_5.2.2-1.2+b1 libmagic-mgc_1:5.30-1 libmagic1_1:5.30-1 libmount1_2.29.2-1 libmpc3_1.0.3-1+b2 libmpfr4_3.1.5-1 libmpx2_7.1.0-9 libncurses5_6.0+20161126-1 libncurses5-dev_6.0+20161126-1 libncursesw5_6.0+20161126-1 libnettle6_3.3-1+b1 libnotify4_0.7.7-2 libobjc-6-dev_6.4.0-1 libobjc4_7.1.0-9 libogg-dev_1.3.2-1 libogg0_1.3.2-1 libp11-kit0_0.23.7-2 libpam-modules_1.1.8-3.6 libpam-modules-bin_1.1.8-3.6 libpam-runtime_1.1.8-3.6 libpam0g_1.1.8-3.6 libpango-1.0-0_1.40.6-1 libpangocairo-1.0-0_1.40.6-1 libpangoft2-1.0-0_1.40.6-1 libpciaccess0_0.13.4-1+b2 libpcre3_2:8.39-3 libperl5.24_5.24.1-6 libpipeline1_1.4.1-2 libpixman-1-0_0.34.0-1 libpng16-16_1.6.29-3 libpthread-stubs0-dev_0.3-4 libquadmath0_7.1.0-9 librsvg2-2_2.40.16-1+b1 librsvg2-common_2.40.16-1+b1 librubberband-dev_1.8.1-7 librubberband2_1.8.1-7 libsamplerate0_0.1.8-8+b2 libsamplerate0-dev_0.1.8-8+b2 libselinux1_2.6-3+b2 libsemanage-common_2.6-2 libsemanage1_2.6-2+b1 libsepol1_2.6-2 libsigc++-2.0-0v5_2.10.0-1 libsigc++-2.0-dev_2.10.0-1 libsigsegv2_2.11-1 libsm6_2:1.2.2-1+b3 libsmartcols1_2.29.2-1 libsndfile1_1.0.28-2 libsndfile1-dev_1.0.28-2 libss2_1.43.4-2 libstdc++-6-dev_6.4.0-1 libstdc++6_7.1.0-9 libsystemd0_233-10 libtasn1-6_4.12-2 libthai-data_0.1.26-1 libthai0_0.1.26-1 libtiff5_4.0.8-3 libtimedate-perl_2.3000-2 libtinfo-dev_6.0+20161126-1 libtinfo5_6.0+20161126-1 libtool_2.4.6-2 libtool-bin_2.4.6-2 libtsan0_7.1.0-9 libubsan0_7.1.0-9 libudev1_233-10 libunistring2_0.9.7-2 libustr-1.0-1_1.0.4-6 libuuid1_2.29.2-1 libvorbis-dev_1.3.5-4 libvorbis0a_1.3.5-4 libvorbisenc2_1.3.5-4 libvorbisfile3_1.3.5-4 libwxbase3.0-0v5_3.0.2+dfsg-4 libwxbase3.0-dev_3.0.2+dfsg-4 libwxgtk3.0-0v5_3.0.2+dfsg-4 libwxgtk3.0-dev_3.0.2+dfsg-4 libx11-6_2:1.6.4-3 libx11-data_2:1.6.4-3 libx11-dev_2:1.6.4-3 libx11-xcb-dev_2:1.6.4-3 libx11-xcb1_2:1.6.4-3 libxau-dev_1:1.0.8-1 libxau6_1:1.0.8-1 libxcb-dri2-0_1.12-1 libxcb-dri2-0-dev_1.12-1 libxcb-dri3-0_1.12-1 libxcb-dri3-dev_1.12-1 libxcb-glx0_1.12-1 libxcb-glx0-dev_1.12-1 libxcb-present-dev_1.12-1 libxcb-present0_1.12-1 libxcb-randr0_1.12-1 libxcb-randr0-dev_1.12-1 libxcb-render0_1.12-1 libxcb-render0-dev_1.12-1 libxcb-shape0_1.12-1 libxcb-shape0-dev_1.12-1 libxcb-shm0_1.12-1 libxcb-sync-dev_1.12-1 libxcb-sync1_1.12-1 libxcb-xfixes0_1.12-1 libxcb-xfixes0-dev_1.12-1 libxcb1_1.12-1 libxcb1-dev_1.12-1 libxcomposite1_1:0.4.4-2 libxcursor1_1:1.1.14-1+b4 libxdamage-dev_1:1.1.4-2+b3 libxdamage1_1:1.1.4-2+b3 libxdmcp-dev_1:1.1.2-3 libxdmcp6_1:1.1.2-3 libxext-dev_2:1.3.3-1+b2 libxext6_2:1.3.3-1+b2 libxfixes-dev_1:5.0.3-1 libxfixes3_1:5.0.3-1 libxi6_2:1.7.9-1 libxinerama1_2:1.1.3-1+b3 libxml2_2.9.4+dfsg1-3 libxml2-dev_2.9.4+dfsg1-3 libxrandr2_2:1.5.1-1 libxrender1_1:0.9.10-1 libxshmfence-dev_1.2-1+b2 libxshmfence1_1.2-1+b2 libxxf86vm-dev_1:1.1.4-1+b2 libxxf86vm1_1:1.1.4-1+b2 linux-libc-dev_4.11.6-1 login_1:4.4-4.1 lsb-base_9.20161125 m4_1.4.18-1 make_4.1-9.1 man-db_2.7.6.1-2 mawk_1.3.3-17+b3 mesa-common-dev_17.1.4-1 mount_2.29.2-1 multiarch-support_2.24-12 ncurses-base_6.0+20161126-1 ncurses-bin_6.0+20161126-1 passwd_1:4.4-4.1 patch_2.7.5-1+b2 perl_5.24.1-6 perl-base_5.24.1-6 perl-modules-5.24_5.24.1-6 pkg-config_0.29-4+b1 po-debconf_1.0.20 sbuild-build-depends-core-dummy_0.invalid.0 sbuild-build-depends-sooperlooper-dummy_0.invalid.0 sed_4.4-1 sensible-utils_0.0.9 shared-mime-info_1.8-1 sysvinit-utils_2.88dsf-59.9 tar_1.29b-1.1 ucf_3.0036 util-linux_2.29.2-1 uuid-dev_2.29.2-1 wx-common_3.0.2+dfsg-4 wx3.0-headers_3.0.2+dfsg-4 x11-common_1:7.7+19 x11proto-core-dev_7.0.31-1 x11proto-damage-dev_1:1.2.1-2 x11proto-dri2-dev_2.8-2 x11proto-fixes-dev_1:5.0-2 x11proto-gl-dev_1.4.17-1 x11proto-input-dev_2.3.2-1 x11proto-kb-dev_1.0.7-1 x11proto-xext-dev_7.3.0-1 x11proto-xf86vidmode-dev_2.3.1-2 xorg-sgml-doctools_1:1.11-1 xtrans-dev_1.3.5-1 xz-utils_5.2.2-1.2+b1 zlib1g_1:1.2.8.dfsg-5

+------------------------------------------------------------------------------+
| Build                                                                        |
+------------------------------------------------------------------------------+


Unpack source
-------------

gpgv: unknown type of key resource 'trustedkeys.kbx'
gpgv: keyblock resource '/sbuild-nonexistent/.gnupg/trustedkeys.kbx': General error
gpgv: Signature made Sat Jan  7 22:39:46 2017 UTC
gpgv:                using RSA key 4A543513D2DF6351A8178EA35B019455E2B84FA5
gpgv:                issuer "mira.mikes@seznam.cz"
gpgv: Can't check signature: No public key
dpkg-source: warning: failed to verify signature on ./sooperlooper_1.7.3~dfsg0-3.dsc
dpkg-source: info: extracting sooperlooper in /<<PKGBUILDDIR>>
dpkg-source: info: unpacking sooperlooper_1.7.3~dfsg0.orig.tar.gz
dpkg-source: info: unpacking sooperlooper_1.7.3~dfsg0-3.debian.tar.xz
dpkg-source: info: applying 01-spelling_error.patch
dpkg-source: info: applying 02-remove_dmalloc.patch
dpkg-source: info: applying 03-indirect_linking.patch
dpkg-source: info: applying 04-build_with_wx_30.patch
dpkg-source: info: applying 05-sigc++-2.5.2.patch
dpkg-source: info: applying 06-use_sigc_bind.patch
dpkg-source: info: applying 07-remove_powerpc_cpu_flags.patch

Check disk space
----------------

Sufficient free space for build

User Environment
----------------

APT_CONFIG=/var/lib/sbuild/apt.conf
HOME=/sbuild-nonexistent
LANG=en_US.UTF-8
LC_ALL=POSIX
LOGNAME=user42
PATH=/usr/local/sbin:/usr/local/bin:/usr/sbin:/usr/bin:/sbin:/bin:/usr/games
SCHROOT_ALIAS_NAME=unstable-amd64-sbuild
SCHROOT_CHROOT_NAME=unstable-amd64-sbuild
SCHROOT_COMMAND=env
SCHROOT_GID=1001
SCHROOT_GROUP=user42
SCHROOT_SESSION_ID=unstable-amd64-sbuild-727a7f7e-1944-4eac-9fbf-4069a3d75d9e
SCHROOT_UID=1001
SCHROOT_USER=user42
SHELL=/bin/sh
USER=user42

dpkg-buildpackage
-----------------

dpkg-buildpackage: info: source package sooperlooper
dpkg-buildpackage: info: source version 1.7.3~dfsg0-3
dpkg-buildpackage: info: source distribution unstable
dpkg-buildpackage: info: source changed by Jaromr Mike <mira.mikes@seznam.cz>
 dpkg-source --before-build sooperlooper-1.7.3~dfsg0
dpkg-buildpackage: info: host architecture amd64
 fakeroot debian/rules clean
dh clean
   dh_testdir
   dh_auto_clean
   dh_autoreconf_clean
   dh_clean
 debian/rules build-arch
dh build-arch
   dh_testdir -a
   dh_update_autotools_config -a
   debian/rules override_dh_autoreconf
make[1]: Entering directory '/<<PKGBUILDDIR>>'
./autogen.sh

----------------------------------------------------------------------
Checking basic compilation tools ...

	pkg-config: found.
	autoconf: found.
	aclocal: found.
	automake: found.
	libtool: found.
	gettext: found.
	autopoint: found.

----------------------------------------------------------------------
linking autoconf macros to /<<PKGBUILDDIR>>/aclocal ... 


----------------------------------------------------------------------
Bootstrapping makefiles etc.

Ignore any warnings about AC_TRY_RUN, AC_PROG_LEX, and AC_DEFINE ...

Building autoconf files for libs ...
configure.ac:4: warning: AM_INIT_AUTOMAKE: two- and three-arguments forms are deprecated.  For more info, see:
configure.ac:4: http://www.gnu.org/software/automake/manual/automake.html#Modernize-AM_005fINIT_005fAUTOMAKE-invocation
Building autoconf files for libs/pbd ...
configure.ac:24: warning: AM_INIT_AUTOMAKE: two- and three-arguments forms are deprecated.  For more info, see:
configure.ac:24: http://www.gnu.org/software/automake/manual/automake.html#Modernize-AM_005fINIT_005fAUTOMAKE-invocation
configure.ac:29: installing './compile'
Building autoconf files for libs/midi++ ...
configure.ac:29: warning: AM_INIT_AUTOMAKE: two- and three-arguments forms are deprecated.  For more info, see:
configure.ac:29: http://www.gnu.org/software/automake/manual/automake.html#Modernize-AM_005fINIT_005fAUTOMAKE-invocation
configure.ac:36: installing './compile'
Makefile.am:10: warning: 'INCLUDES' is the old name for 'AM_CPPFLAGS' (or '*_CPPFLAGS')
Building autoconf/automake files for the top level ...
configure.ac:27: warning: AM_INIT_AUTOMAKE: two- and three-arguments forms are deprecated.  For more info, see:
configure.ac:27: http://www.gnu.org/software/automake/manual/automake.html#Modernize-AM_005fINIT_005fAUTOMAKE-invocation
configure.ac:34: installing './compile'



----------------------------------------------------------------------
Bootstrapping is complete. 

You can now run:

    ./configure
    make
    make install


make[1]: Leaving directory '/<<PKGBUILDDIR>>'
   debian/rules override_dh_auto_configure
make[1]: Entering directory '/<<PKGBUILDDIR>>'
dh_auto_configure -- --enable-gtk2
	./configure --build=x86_64-linux-gnu --prefix=/usr --includedir=\${prefix}/include --mandir=\${prefix}/share/man --infodir=\${prefix}/share/info --sysconfdir=/etc --localstatedir=/var --disable-silent-rules --libdir=\${prefix}/lib/x86_64-linux-gnu --libexecdir=\${prefix}/lib/x86_64-linux-gnu --disable-maintainer-mode --disable-dependency-tracking --enable-gtk2
checking build system type... x86_64-pc-linux-gnu
checking host system type... x86_64-pc-linux-gnu
checking target system type... x86_64-pc-linux-gnu
checking for a BSD-compatible install... /usr/bin/install -c
checking whether build environment is sane... yes
/<<PKGBUILDDIR>>/missing: Unknown `--is-lightweight' option
Try `/<<PKGBUILDDIR>>/missing --help' for more information
configure: WARNING: 'missing' script is too old or missing
checking for a thread-safe mkdir -p... /bin/mkdir -p
checking for gawk... no
checking for mawk... mawk
checking whether make sets $(MAKE)... yes
checking whether make supports nested variables... yes
checking for gcc... gcc
checking whether the C compiler works... yes
checking for C compiler default output file name... a.out
checking for suffix of executables... 
checking whether we are cross compiling... no
checking for suffix of object files... o
checking whether we are using the GNU C compiler... yes
checking whether gcc accepts -g... yes
checking for gcc option to accept ISO C89... none needed
checking whether gcc understands -c and -o together... yes
checking for style of include used by make... GNU
checking dependency style of gcc... none
checking for g++... g++
checking whether we are using the GNU C++ compiler... yes
checking whether g++ accepts -g... yes
checking dependency style of g++... none
checking how to run the C preprocessor... gcc -E
checking for grep that handles long lines and -e... /bin/grep
checking for egrep... /bin/grep -E
checking for ANSI C header files... yes
checking for sys/types.h... yes
checking for sys/stat.h... yes
checking for stdlib.h... yes
checking for string.h... yes
checking for memory.h... yes
checking for strings.h... yes
checking for inttypes.h... yes
checking for stdint.h... yes
checking for unistd.h... yes
checking whether byte ordering is bigendian... no
OPT_CXXFLAGS is set based on  -pipe -Wall -D_LARGEFILE_SOURCE -D_LARGEFILE64_SOURCE
checking for ranlib... ranlib
checking for --with-macosx-sdk... 
checking for --with-macosx-version-min... yes
checking for pkg-config... /usr/bin/pkg-config
checking pkg-config is at least version 0.9.0... yes
checking for JACK... yes
JACKLIBS is -ljack -lpthread
checking for jack_client_open in -ljack... yes
checking for LOSC... yes
checking for initscr in -lncurses... yes
checking for SIGCPP... yes
./configure: line 5970: -I/usr/include/sigc++-2.0: No such file or directory
checking how to run the C++ preprocessor... g++ -E
checking sigc++/object.h usability... no
checking sigc++/object.h presence... no
checking for sigc++/object.h... no
checking for XML... yes
checking for SNDFILE... yes
checking for SAMPLERATE... yes
checking for RUBBERBAND... yes
checking for FFTW... no
WXCONFIG IS ""
checking for wx-config-2.6... no
checking for wxgtk2-2.5-config... no
checking for wxgtk2-2.4-config... no
checking for wxgtk-2.4-config... no
checking for wx-config... /usr/bin/wx-config
checking alsa/asoundlib.h usability... yes
checking alsa/asoundlib.h presence... yes
checking for alsa/asoundlib.h... yes
checking for /System/Library/Frameworks/CoreMIDI.framework/Headers/CoreMIDI.h... no
checking that generated files are newer than configure... done
configure: creating ./config.status
config.status: creating Makefile
config.status: creating src/Makefile
config.status: creating src/gui/Makefile
config.status: creating version.h
config.status: creating config.h
config.status: executing depfiles commands
=== configuring in libs (/<<PKGBUILDDIR>>/libs)
configure: running /bin/bash ./configure --disable-option-checking '--prefix=/usr'  '--build=x86_64-linux-gnu' '--includedir=${prefix}/include' '--mandir=${prefix}/share/man' '--infodir=${prefix}/share/info' '--sysconfdir=/etc' '--localstatedir=/var' '--disable-silent-rules' '--libdir=${prefix}/lib/x86_64-linux-gnu' '--libexecdir=${prefix}/lib/x86_64-linux-gnu' '--disable-maintainer-mode' '--disable-dependency-tracking' '--enable-gtk2' 'build_alias=x86_64-linux-gnu' 'CFLAGS=-g -O2 -fdebug-prefix-map=/<<PKGBUILDDIR>>=. -fstack-protector-strong -Wformat -Werror=format-security' 'LDFLAGS=-Wl,-z,relro -Wl,-z,now -Wl,--as-needed' 'CPPFLAGS=-Wdate-time -D_FORTIFY_SOURCE=2' 'CXXFLAGS=-g -O2 -fdebug-prefix-map=/<<PKGBUILDDIR>>=. -fstack-protector-strong -Wformat -Werror=format-security -std=c++11' --cache-file=/dev/null --srcdir=.
checking for a BSD-compatible install... /usr/bin/install -c
checking whether build environment is sane... yes
/<<PKGBUILDDIR>>/missing: Unknown `--is-lightweight' option
Try `/<<PKGBUILDDIR>>/missing --help' for more information
configure: WARNING: 'missing' script is too old or missing
checking for a thread-safe mkdir -p... /bin/mkdir -p
checking for gawk... no
checking for mawk... mawk
checking whether make sets $(MAKE)... yes
checking whether make supports nested variables... yes
checking that generated files are newer than configure... done
configure: creating ./config.status
config.status: creating Makefile
=== configuring in pbd (/<<PKGBUILDDIR>>/libs/pbd)
configure: running /bin/bash ./configure --disable-option-checking '--prefix=/usr'  '--build=x86_64-linux-gnu' '--includedir=${prefix}/include' '--mandir=${prefix}/share/man' '--infodir=${prefix}/share/info' '--sysconfdir=/etc' '--localstatedir=/var' '--disable-silent-rules' '--libdir=${prefix}/lib/x86_64-linux-gnu' '--libexecdir=${prefix}/lib/x86_64-linux-gnu' '--disable-maintainer-mode' '--disable-dependency-tracking' '--enable-gtk2' 'build_alias=x86_64-linux-gnu' 'CFLAGS=-g -O2 -fdebug-prefix-map=/<<PKGBUILDDIR>>=. -fstack-protector-strong -Wformat -Werror=format-security' 'LDFLAGS=-Wl,-z,relro -Wl,-z,now -Wl,--as-needed' 'CPPFLAGS=-Wdate-time -D_FORTIFY_SOURCE=2' 'CXXFLAGS=-g -O2 -fdebug-prefix-map=/<<PKGBUILDDIR>>=. -fstack-protector-strong -Wformat -Werror=format-security -std=c++11' --cache-file=/dev/null --srcdir=.
checking build system type... x86_64-pc-linux-gnu
checking host system type... x86_64-pc-linux-gnu
checking target system type... x86_64-pc-linux-gnu
checking for a BSD-compatible install... /usr/bin/install -c
checking whether build environment is sane... yes
/<<PKGBUILDDIR>>/libs/pbd/missing: Unknown `--is-lightweight' option
Try `/<<PKGBUILDDIR>>/libs/pbd/missing --help' for more information
configure: WARNING: 'missing' script is too old or missing
checking for a thread-safe mkdir -p... /bin/mkdir -p
checking for gawk... no
checking for mawk... mawk
checking whether make sets $(MAKE)... yes
checking whether make supports nested variables... yes
checking for gcc... gcc
checking whether the C compiler works... yes
checking for C compiler default output file name... a.out
checking for suffix of executables... 
checking whether we are cross compiling... no
checking for suffix of object files... o
checking whether we are using the GNU C compiler... yes
checking whether gcc accepts -g... yes
checking for gcc option to accept ISO C89... none needed
checking whether gcc understands -c and -o together... yes
checking for style of include used by make... GNU
checking dependency style of gcc... none
checking for g++... g++
checking whether we are using the GNU C++ compiler... yes
checking whether g++ accepts -g... yes
checking dependency style of g++... none
checking for ranlib... ranlib
checking for --with-macosx-sdk... 
checking for --with-macosx-version-min... yes
checking for dirent.h that defines DIR... yes
checking for library containing opendir... none required
checking how to run the C++ preprocessor... g++ -E
checking for grep that handles long lines and -e... /bin/grep
checking for egrep... /bin/grep -E
checking for ANSI C header files... yes
checking for sys/types.h... yes
checking for sys/stat.h... yes
checking for stdlib.h... yes
checking for string.h... yes
checking for memory.h... yes
checking for strings.h... yes
checking for inttypes.h... yes
checking for stdint.h... yes
checking for unistd.h... yes
checking fcntl.h usability... yes
checking fcntl.h presence... yes
checking for fcntl.h... yes
checking limits.h usability... yes
checking limits.h presence... yes
checking for limits.h... yes
checking sys/time.h usability... yes
checking sys/time.h presence... yes
checking for sys/time.h... yes
checking for unistd.h... (cached) yes
checking for off_t... yes
checking for pid_t... yes
checking whether time.h and sys/time.h may both be included... yes
checking for working memcmp... yes
checking return type of signal handlers... void
checking for vprintf... yes
checking for _doprnt... no
checking for library containing getmntent... none required
checking for regcomp... yes
checking for select... yes
checking for strdup... yes
checking for strerror... yes
checking for strtol... yes
checking for pthread_create in -lpthread... yes
checking for pkg-config... /usr/bin/pkg-config
checking pkg-config is at least version 0.9.0... yes
checking for XML... yes
checking for SIGCPP... yes
./configure: line 6033: -I/usr/include/sigc++-2.0: No such file or directory
checking sigc++/object.h usability... no
checking sigc++/object.h presence... no
checking for sigc++/object.h... no
checking that generated files are newer than configure... done
configure: creating ./config.status
config.status: creating Makefile
config.status: creating version.cc
config.status: creating pbd/Makefile
config.status: creating config.h
config.status: executing depfiles commands
=== configuring in midi++ (/<<PKGBUILDDIR>>/libs/midi++)
configure: running /bin/bash ./configure --disable-option-checking '--prefix=/usr'  '--build=x86_64-linux-gnu' '--includedir=${prefix}/include' '--mandir=${prefix}/share/man' '--infodir=${prefix}/share/info' '--sysconfdir=/etc' '--localstatedir=/var' '--disable-silent-rules' '--libdir=${prefix}/lib/x86_64-linux-gnu' '--libexecdir=${prefix}/lib/x86_64-linux-gnu' '--disable-maintainer-mode' '--disable-dependency-tracking' '--enable-gtk2' 'build_alias=x86_64-linux-gnu' 'CFLAGS=-g -O2 -fdebug-prefix-map=/<<PKGBUILDDIR>>=. -fstack-protector-strong -Wformat -Werror=format-security' 'LDFLAGS=-Wl,-z,relro -Wl,-z,now -Wl,--as-needed' 'CPPFLAGS=-Wdate-time -D_FORTIFY_SOURCE=2' 'CXXFLAGS=-g -O2 -fdebug-prefix-map=/<<PKGBUILDDIR>>=. -fstack-protector-strong -Wformat -Werror=format-security -std=c++11' --cache-file=/dev/null --srcdir=.
checking build system type... x86_64-pc-linux-gnu
checking host system type... x86_64-pc-linux-gnu
checking target system type... x86_64-pc-linux-gnu
checking for a BSD-compatible install... /usr/bin/install -c
checking whether build environment is sane... yes
/<<PKGBUILDDIR>>/libs/midi++/missing: Unknown `--is-lightweight' option
Try `/<<PKGBUILDDIR>>/libs/midi++/missing --help' for more information
configure: WARNING: 'missing' script is too old or missing
checking for a thread-safe mkdir -p... /bin/mkdir -p
checking for gawk... no
checking for mawk... mawk
checking whether make sets $(MAKE)... yes
checking whether make supports nested variables... yes
checking for gcc... gcc
checking whether the C compiler works... yes
checking for C compiler default output file name... a.out
checking for suffix of executables... 
checking whether we are cross compiling... no
checking for suffix of object files... o
checking whether we are using the GNU C compiler... yes
checking whether gcc accepts -g... yes
checking for gcc option to accept ISO C89... none needed
checking whether gcc understands -c and -o together... yes
checking for style of include used by make... GNU
checking dependency style of gcc... none
checking for g++... g++
checking whether we are using the GNU C++ compiler... yes
checking whether g++ accepts -g... yes
checking dependency style of g++... none
checking for ranlib... ranlib
CXXFLAGS is set based on  -pipe -Wall -D_LARGEFILE_SOURCE -D_LARGEFILE64_SOURCE
checking for --with-macosx-sdk... 
checking for --with-macosx-version-min... yes
checking how to run the C++ preprocessor... g++ -E
checking for grep that handles long lines and -e... /bin/grep
checking for egrep... /bin/grep -E
checking for ANSI C header files... yes
checking for sys/types.h... yes
checking for sys/stat.h... yes
checking for stdlib.h... yes
checking for string.h... yes
checking for memory.h... yes
checking for strings.h... yes
checking for inttypes.h... yes
checking for stdint.h... yes
checking for unistd.h... yes
checking alsa/asoundlib.h usability... yes
checking alsa/asoundlib.h presence... yes
checking for alsa/asoundlib.h... yes
checking for /System/Library/Frameworks/CoreMIDI.framework/Headers/CoreMIDI.h... no
checking for pkg-config... /usr/bin/pkg-config
checking pkg-config is at least version 0.9.0... yes
checking for SIGCPP... yes
checking for ANSI C header files... (cached) yes
checking fcntl.h usability... yes
checking fcntl.h presence... yes
checking for fcntl.h... yes
checking for unistd.h... (cached) yes
checking return type of signal handlers... void
checking for strdup... yes
checking that generated files are newer than configure... done
configure: creating ./config.status
config.status: creating Makefile
config.status: creating version.cc
config.status: creating midi++/Makefile
config.status: creating libmidi++.pc
config.status: creating libmidi++.spec
config.status: creating config.h
config.status: executing depfiles commands
make[1]: Leaving directory '/<<PKGBUILDDIR>>'
   dh_auto_build -a
	make -j16
make[1]: Entering directory '/<<PKGBUILDDIR>>'
(CDPATH="${ZSH_VERSION+.}:" && cd . && autoheader)
rm -f stamp-h1
touch config.h.in
cd . && /bin/bash ./config.status config.h
config.status: creating config.h
config.status: config.h is unchanged
make  all-recursive
make[2]: Entering directory '/<<PKGBUILDDIR>>'
Making all in libs
make[3]: Entering directory '/<<PKGBUILDDIR>>/libs'
Making all in pbd
make[4]: Entering directory '/<<PKGBUILDDIR>>/libs/pbd'
make  all-recursive
make[5]: Entering directory '/<<PKGBUILDDIR>>/libs/pbd'
Making all in pbd
make[6]: Entering directory '/<<PKGBUILDDIR>>/libs/pbd/pbd'
make[6]: Nothing to be done for 'all'.
make[6]: Leaving directory '/<<PKGBUILDDIR>>/libs/pbd/pbd'
make[6]: Entering directory '/<<PKGBUILDDIR>>/libs/pbd'
g++ -DHAVE_CONFIG_H -I.   -Wdate-time -D_FORTIFY_SOURCE=2  -pipe -Wall -D_LARGEFILE_SOURCE -D_LARGEFILE64_SOURCE -I/<<PKGBUILDDIR>>/libs/pbd -I/<<PKGBUILDDIR>>/libs/midi++ -I/usr/include/libxml2 -I/usr/include/sigc++-2.0 -I/usr/lib/x86_64-linux-gnu/sigc++-2.0/include -c -o basename.o basename.cc
g++ -DHAVE_CONFIG_H -I.   -Wdate-time -D_FORTIFY_SOURCE=2  -pipe -Wall -D_LARGEFILE_SOURCE -D_LARGEFILE64_SOURCE -I/<<PKGBUILDDIR>>/libs/pbd -I/<<PKGBUILDDIR>>/libs/midi++ -I/usr/include/libxml2 -I/usr/include/sigc++-2.0 -I/usr/lib/x86_64-linux-gnu/sigc++-2.0/include -c -o dirname.o dirname.cc
g++ -DHAVE_CONFIG_H -I.   -Wdate-time -D_FORTIFY_SOURCE=2  -pipe -Wall -D_LARGEFILE_SOURCE -D_LARGEFILE64_SOURCE -I/<<PKGBUILDDIR>>/libs/pbd -I/<<PKGBUILDDIR>>/libs/midi++ -I/usr/include/libxml2 -I/usr/include/sigc++-2.0 -I/usr/lib/x86_64-linux-gnu/sigc++-2.0/include -c -o ftw.o ftw.cc
g++ -DHAVE_CONFIG_H -I.   -Wdate-time -D_FORTIFY_SOURCE=2  -pipe -Wall -D_LARGEFILE_SOURCE -D_LARGEFILE64_SOURCE -I/<<PKGBUILDDIR>>/libs/pbd -I/<<PKGBUILDDIR>>/libs/midi++ -I/usr/include/libxml2 -I/usr/include/sigc++-2.0 -I/usr/lib/x86_64-linux-gnu/sigc++-2.0/include -c -o mountpoint.o mountpoint.cc
g++ -DHAVE_CONFIG_H -I.   -Wdate-time -D_FORTIFY_SOURCE=2  -pipe -Wall -D_LARGEFILE_SOURCE -D_LARGEFILE64_SOURCE -I/<<PKGBUILDDIR>>/libs/pbd -I/<<PKGBUILDDIR>>/libs/midi++ -I/usr/include/libxml2 -I/usr/include/sigc++-2.0 -I/usr/lib/x86_64-linux-gnu/sigc++-2.0/include -c -o pathscanner.o pathscanner.cc
g++ -DHAVE_CONFIG_H -I.   -Wdate-time -D_FORTIFY_SOURCE=2  -pipe -Wall -D_LARGEFILE_SOURCE -D_LARGEFILE64_SOURCE -I/<<PKGBUILDDIR>>/libs/pbd -I/<<PKGBUILDDIR>>/libs/midi++ -I/usr/include/libxml2 -I/usr/include/sigc++-2.0 -I/usr/lib/x86_64-linux-gnu/sigc++-2.0/include -c -o pool.o pool.cc
g++ -DHAVE_CONFIG_H -I.   -Wdate-time -D_FORTIFY_SOURCE=2  -pipe -Wall -D_LARGEFILE_SOURCE -D_LARGEFILE64_SOURCE -I/<<PKGBUILDDIR>>/libs/pbd -I/<<PKGBUILDDIR>>/libs/midi++ -I/usr/include/libxml2 -I/usr/include/sigc++-2.0 -I/usr/lib/x86_64-linux-gnu/sigc++-2.0/include -c -o pthread_utils.o pthread_utils.cc
g++ -DHAVE_CONFIG_H -I.   -Wdate-time -D_FORTIFY_SOURCE=2  -pipe -Wall -D_LARGEFILE_SOURCE -D_LARGEFILE64_SOURCE -I/<<PKGBUILDDIR>>/libs/pbd -I/<<PKGBUILDDIR>>/libs/midi++ -I/usr/include/libxml2 -I/usr/include/sigc++-2.0 -I/usr/lib/x86_64-linux-gnu/sigc++-2.0/include -c -o receiver.o receiver.cc
g++ -DHAVE_CONFIG_H -I.   -Wdate-time -D_FORTIFY_SOURCE=2  -pipe -Wall -D_LARGEFILE_SOURCE -D_LARGEFILE64_SOURCE -I/<<PKGBUILDDIR>>/libs/pbd -I/<<PKGBUILDDIR>>/libs/midi++ -I/usr/include/libxml2 -I/usr/include/sigc++-2.0 -I/usr/lib/x86_64-linux-gnu/sigc++-2.0/include -c -o textreceiver.o textreceiver.cc
g++ -DHAVE_CONFIG_H -I.   -Wdate-time -D_FORTIFY_SOURCE=2  -pipe -Wall -D_LARGEFILE_SOURCE -D_LARGEFILE64_SOURCE -I/<<PKGBUILDDIR>>/libs/pbd -I/<<PKGBUILDDIR>>/libs/midi++ -I/usr/include/libxml2 -I/usr/include/sigc++-2.0 -I/usr/lib/x86_64-linux-gnu/sigc++-2.0/include -c -o transmitter.o transmitter.cc
g++ -DHAVE_CONFIG_H -I.   -Wdate-time -D_FORTIFY_SOURCE=2  -pipe -Wall -D_LARGEFILE_SOURCE -D_LARGEFILE64_SOURCE -I/<<PKGBUILDDIR>>/libs/pbd -I/<<PKGBUILDDIR>>/libs/midi++ -I/usr/include/libxml2 -I/usr/include/sigc++-2.0 -I/usr/lib/x86_64-linux-gnu/sigc++-2.0/include -c -o undo.o undo.cc
g++ -DHAVE_CONFIG_H -I.   -Wdate-time -D_FORTIFY_SOURCE=2  -pipe -Wall -D_LARGEFILE_SOURCE -D_LARGEFILE64_SOURCE -I/<<PKGBUILDDIR>>/libs/pbd -I/<<PKGBUILDDIR>>/libs/midi++ -I/usr/include/libxml2 -I/usr/include/sigc++-2.0 -I/usr/lib/x86_64-linux-gnu/sigc++-2.0/include -c -o unescape.o unescape.cc
g++ -DHAVE_CONFIG_H -I.   -Wdate-time -D_FORTIFY_SOURCE=2  -pipe -Wall -D_LARGEFILE_SOURCE -D_LARGEFILE64_SOURCE -I/<<PKGBUILDDIR>>/libs/pbd -I/<<PKGBUILDDIR>>/libs/midi++ -I/usr/include/libxml2 -I/usr/include/sigc++-2.0 -I/usr/lib/x86_64-linux-gnu/sigc++-2.0/include -c -o version.o version.cc
g++ -DHAVE_CONFIG_H -I.   -Wdate-time -D_FORTIFY_SOURCE=2  -pipe -Wall -D_LARGEFILE_SOURCE -D_LARGEFILE64_SOURCE -I/<<PKGBUILDDIR>>/libs/pbd -I/<<PKGBUILDDIR>>/libs/midi++ -I/usr/include/libxml2 -I/usr/include/sigc++-2.0 -I/usr/lib/x86_64-linux-gnu/sigc++-2.0/include -c -o xml++.o xml++.cc
In file included from receiver.cc:23:
In file included from ./pbd/receiver.h:26:
In file included from /usr/include/sigc++-2.0/sigc++/sigc++.h:104:
In file included from /usr/include/sigc++-2.0/sigc++/signal.h:8:
In file included from /usr/include/sigc++-2.0/sigc++/signal_base.h:25:
/usr/include/sigc++-2.0/sigc++/type_traits.h:63:27: warning: alias declarations are a C++11 extension [-Wc++11-extensions]
using type_trait_pass_t = typename type_trait<T>::pass;
                          ^
/usr/include/sigc++-2.0/sigc++/type_traits.h:66:27: warning: alias declarations are a C++11 extension [-Wc++11-extensions]
using type_trait_take_t = typename type_trait<T>::take;
                          ^
In file included from receiver.cc:23:
In file included from ./pbd/receiver.h:26:
In file included from /usr/include/sigc++-2.0/sigc++/sigc++.h:104:
In file included from /usr/include/sigc++-2.0/sigc++/signal.h:8:
In file included from /usr/include/sigc++-2.0/sigc++/signal_base.h:26:
/usr/include/sigc++-2.0/sigc++/trackable.h:40:59: error: expected ';' at end of declaration list
  trackable_callback(void* data, func_destroy_notify func) noexcept
                                                          ^
                                                          ;
/usr/include/sigc++-2.0/sigc++/trackable.h:71:65: warning: deleted function definitions are a C++11 extension [-Wc++11-extensions]
  trackable_callback_list(const trackable_callback_list& src) = delete;
                                                                ^
/usr/include/sigc++-2.0/sigc++/trackable.h:72:76: warning: deleted function definitions are a C++11 extension [-Wc++11-extensions]
  trackable_callback_list& operator=(const trackable_callback_list& src) = delete;
                                                                           ^
/usr/include/sigc++-2.0/sigc++/trackable.h:73:50: warning: rvalue references are a C++11 extension [-Wc++11-extensions]
  trackable_callback_list(trackable_callback_list&& src) = delete;
                                                 ^
/usr/include/sigc++-2.0/sigc++/trackable.h:73:60: warning: deleted function definitions are a C++11 extension [-Wc++11-extensions]
  trackable_callback_list(trackable_callback_list&& src) = delete;
                                                           ^
/usr/include/sigc++-2.0/sigc++/trackable.h:74:61: warning: rvalue references are a C++11 extension [-Wc++11-extensions]
  trackable_callback_list& operator=(trackable_callback_list&& src) = delete;
                                                            ^
/usr/include/sigc++-2.0/sigc++/trackable.h:74:71: warning: deleted function definitions are a C++11 extension [-Wc++11-extensions]
  trackable_callback_list& operator=(trackable_callback_list&& src) = delete;
                                                                      ^
/usr/include/sigc++-2.0/sigc++/trackable.h:116:14: error: expected ';' at end of declaration list
  trackable() noexcept;
             ^
             ;
/usr/include/sigc++-2.0/sigc++/trackable.h:118:34: error: expected ';' at end of declaration list
  trackable(const trackable& src) noexcept;
                                 ^
                                 ;
/usr/include/sigc++-2.0/sigc++/trackable.h:120:22: warning: rvalue references are a C++11 extension [-Wc++11-extensions]
  trackable(trackable&& src);
                     ^
/usr/include/sigc++-2.0/sigc++/trackable.h:124:33: warning: rvalue references are a C++11 extension [-Wc++11-extensions]
  trackable& operator=(trackable&& src);
                                ^
In file included from receiver.cc:23:
In file included from ./pbd/receiver.h:26:
In file included from /usr/include/sigc++-2.0/sigc++/sigc++.h:104:
In file included from /usr/include/sigc++-2.0/sigc++/signal.h:8:
In file included from /usr/include/sigc++-2.0/sigc++/signal_base.h:27:
In file included from /usr/include/sigc++-2.0/sigc++/functors/slot.h:6:
In file included from /usr/include/sigc++-2.0/sigc++/visit_each.h:22:
In file included from /usr/bin/../lib/gcc/x86_64-linux-gnu/6.4.0/../../../../include/c++/6.4.0/type_traits:35:
/usr/bin/../lib/gcc/x86_64-linux-gnu/6.4.0/../../../../include/c++/6.4.0/bits/c++0x_warning.h:32:2: error: This file requires compiler and library support for the ISO C++ 2011 standard. This support must be enabled with the -std=c++11 or -std=gnu++11 compiler options.
#error This file requires compiler and library support \
 ^
In file included from receiver.cc:23:
In file included from ./pbd/receiver.h:26:
In file included from /usr/include/sigc++-2.0/sigc++/sigc++.h:104:
In file included from /usr/include/sigc++-2.0/sigc++/signal.h:8:
In file included from /usr/include/sigc++-2.0/sigc++/signal_base.h:27:
In file included from /usr/include/sigc++-2.0/sigc++/functors/slot.h:6:
/usr/include/sigc++-2.0/sigc++/visit_each.h:60:20: error: no member named 'is_base_of' in namespace 'std'
    with_type<std::is_base_of<T_target, T_type>::value || std::is_same<T_target, T_type>::value, T_type, T_self>::execute_(_A_type, *this);
              ~~~~~^
/usr/include/sigc++-2.0/sigc++/visit_each.h:60:31: error: 'T_target' does not refer to a value
    with_type<std::is_base_of<T_target, T_type>::value || std::is_same<T_target, T_type>::value, T_type, T_self>::execute_(_A_type, *this);
                              ^
/usr/include/sigc++-2.0/sigc++/visit_each.h:52:17: note: declared here
template <class T_target, class T_action>
                ^
/usr/include/sigc++-2.0/sigc++/visit_each.h:98:28: error: no member named 'is_base_of' in namespace 'std'
    with_type_pointer<std::is_base_of<T_target, T_type>::value || std::is_same<T_target, T_type>::value, T_type, T_self>::execute_(_A_type, *this);
                      ~~~~~^
/usr/include/sigc++-2.0/sigc++/visit_each.h:98:39: error: 'T_target' does not refer to a value
    with_type_pointer<std::is_base_of<T_target, T_type>::value || std::is_same<T_target, T_type>::value, T_type, T_self>::execute_(_A_type, *this);
                                      ^
/usr/include/sigc++-2.0/sigc++/visit_each.h:90:17: note: declared here
template <class T_target, class T_action>
                ^
In file included from receiver.cc:23:
In file included from ./pbd/receiver.h:26:
In file included from /usr/include/sigc++-2.0/sigc++/sigc++.h:104:
In file included from /usr/include/sigc++-2.0/sigc++/signal.h:8:
In file included from /usr/include/sigc++-2.0/sigc++/signal_base.h:27:
In file included from /usr/include/sigc++-2.0/sigc++/functors/slot.h:7:
In file included from /usr/include/sigc++-2.0/sigc++/adaptors/adaptor_trait.h:7:
/usr/include/sigc++-2.0/sigc++/functors/functor_trait.h:107:40: error: unknown type name 'decltype'
  static int checksize(X_functor* obj, decltype(&X_functor::operator()) p = nullptr);
                                       ^
/usr/include/sigc++-2.0/sigc++/functors/functor_trait.h:107:61: error: parameter declarator cannot be qualified
  static int checksize(X_functor* obj, decltype(&X_functor::operator()) p = nullptr);
                                                 ~~~~~~~~~~~^
/usr/include/sigc++-2.0/sigc++/functors/functor_trait.h:107:61: error: 'operator()' cannot be the name of a parameter
/usr/include/sigc++-2.0/sigc++/functors/functor_trait.h:107:73: error: expected ')'
  static int checksize(X_functor* obj, decltype(&X_functor::operator()) p = nullptr);
                                                                        ^
/usr/include/sigc++-2.0/sigc++/functors/functor_trait.h:107:23: note: to match this '('
  static int checksize(X_functor* obj, decltype(&X_functor::operator()) p = nullptr);
                      ^
/usr/include/sigc++-2.0/sigc++/functors/functor_trait.h:112:48: error: use of undeclared identifier 'nullptr'
    = sizeof(checksize(static_cast<T_functor*>(nullptr))) == sizeof(int)
                                               ^
/usr/include/sigc++-2.0/sigc++/functors/functor_trait.h:131:46: error: no member named 'is_base_of' in namespace 'std'
          bool I_derives_functor_base = std::is_base_of<functor_base,T_functor>::value,
                                        ~~~~~^
/usr/include/sigc++-2.0/sigc++/functors/functor_trait.h:131:57: error: 'functor_base' does not refer to a value
          bool I_derives_functor_base = std::is_base_of<functor_base,T_functor>::value,
                                                        ^
/usr/include/sigc++-2.0/sigc++/functors/functor_trait.h:84:8: note: declared here
struct functor_base {};
       ^
/usr/include/sigc++-2.0/sigc++/functors/functor_trait.h:131:82: error: definition or redeclaration of 'value' cannot name the global scope
          bool I_derives_functor_base = std::is_base_of<functor_base,T_functor>::value,
                                                                               ~~^
/usr/include/sigc++-2.0/sigc++/functors/functor_trait.h:131:82: error: C++ requires a type specifier for all declarations
/usr/include/sigc++-2.0/sigc++/functors/functor_trait.h:131:82: warning: variable templates are a C++14 extension [-Wc++14-extensions]
/usr/include/sigc++-2.0/sigc++/functors/functor_trait.h:131:82: error: no member named 'value' in the global namespace
          bool I_derives_functor_base = std::is_base_of<functor_base,T_functor>::value,
                                                                               ~~^
/usr/include/sigc++-2.0/sigc++/functors/functor_trait.h:131:87: error: a template declaration can only declare a single entity
          bool I_derives_functor_base = std::is_base_of<functor_base,T_functor>::value,
                                                                                      ^
fatal error: too many errors emitted, stopping now [-ferror-limit=]
In file included from undo.cc:23:
In file included from ./pbd/undo.h:26:
In file included from /usr/include/sigc++-2.0/sigc++/slot.h:19:
In file included from /usr/include/sigc++-2.0/sigc++/functors/slot.h:5:
/usr/include/sigc++-2.0/sigc++/trackable.h:40:59: error: expected ';' at end of declaration list
  trackable_callback(void* data, func_destroy_notify func) noexcept
                                                          ^
                                                          ;
/usr/include/sigc++-2.0/sigc++/trackable.h:71:65: warning: deleted function definitions are a C++11 extension [-Wc++11-extensions]
  trackable_callback_list(const trackable_callback_list& src) = delete;
                                                                ^
/usr/include/sigc++-2.0/sigc++/trackable.h:72:76: warning: deleted function definitions are a C++11 extension [-Wc++11-extensions]
  trackable_callback_list& operator=(const trackable_callback_list& src) = delete;
                                                                           ^
/usr/include/sigc++-2.0/sigc++/trackable.h:73:50: warning: rvalue references are a C++11 extension [-Wc++11-extensions]
  trackable_callback_list(trackable_callback_list&& src) = delete;
                                                 ^
/usr/include/sigc++-2.0/sigc++/trackable.h:73:60: warning: deleted function definitions are a C++11 extension [-Wc++11-extensions]
  trackable_callback_list(trackable_callback_list&& src) = delete;
                                                           ^
/usr/include/sigc++-2.0/sigc++/trackable.h:74:61: warning: rvalue references are a C++11 extension [-Wc++11-extensions]
  trackable_callback_list& operator=(trackable_callback_list&& src) = delete;
                                                            ^
/usr/include/sigc++-2.0/sigc++/trackable.h:74:71: warning: deleted function definitions are a C++11 extension [-Wc++11-extensions]
  trackable_callback_list& operator=(trackable_callback_list&& src) = delete;
                                                                      ^
/usr/include/sigc++-2.0/sigc++/trackable.h:116:14: error: expected ';' at end of declaration list
  trackable() noexcept;
             ^
             ;
/usr/include/sigc++-2.0/sigc++/trackable.h:118:34: error: expected ';' at end of declaration list
  trackable(const trackable& src) noexcept;
                                 ^
                                 ;
/usr/include/sigc++-2.0/sigc++/trackable.h:120:22: warning: rvalue references are a C++11 extension [-Wc++11-extensions]
  trackable(trackable&& src);
                     ^
/usr/include/sigc++-2.0/sigc++/trackable.h:124:33: warning: rvalue references are a C++11 extension [-Wc++11-extensions]
  trackable& operator=(trackable&& src);
                                ^
In file included from undo.cc:23:
In file included from ./pbd/undo.h:26:
In file included from /usr/include/sigc++-2.0/sigc++/slot.h:19:
In file included from /usr/include/sigc++-2.0/sigc++/functors/slot.h:6:
In file included from /usr/include/sigc++-2.0/sigc++/visit_each.h:21:
/usr/include/sigc++-2.0/sigc++/type_traits.h:63:27: warning: alias declarations are a C++11 extension [-Wc++11-extensions]
using type_trait_pass_t = typename type_trait<T>::pass;
                          ^
/usr/include/sigc++-2.0/sigc++/type_traits.h:66:27: warning: alias declarations are a C++11 extension [-Wc++11-extensions]
using type_trait_take_t = typename type_trait<T>::take;
                          ^
In file included from undo.cc:23:
In file included from ./pbd/undo.h:26:
In file included from /usr/include/sigc++-2.0/sigc++/slot.h:19:
In file included from /usr/include/sigc++-2.0/sigc++/functors/slot.h:6:
In file included from /usr/include/sigc++-2.0/sigc++/visit_each.h:22:
In file included from /usr/bin/../lib/gcc/x86_64-linux-gnu/6.4.0/../../../../include/c++/6.4.0/type_traits:35:
/usr/bin/../lib/gcc/x86_64-linux-gnu/6.4.0/../../../../include/c++/6.4.0/bits/c++0x_warning.h:32:2: error: This file requires compiler and library support for the ISO C++ 2011 standard. This support must be enabled with the -std=c++11 or -std=gnu++11 compiler options.
#error This file requires compiler and library support \
 ^
In file included from undo.cc:23:
In file included from ./pbd/undo.h:26:
In file included from /usr/include/sigc++-2.0/sigc++/slot.h:19:
In file included from /usr/include/sigc++-2.0/sigc++/functors/slot.h:6:
/usr/include/sigc++-2.0/sigc++/visit_each.h:60:20: error: no member named 'is_base_of' in namespace 'std'
    with_type<std::is_base_of<T_target, T_type>::value || std::is_same<T_target, T_type>::value, T_type, T_self>::execute_(_A_type, *this);
              ~~~~~^
/usr/include/sigc++-2.0/sigc++/visit_each.h:60:31: error: 'T_target' does not refer to a value
    with_type<std::is_base_of<T_target, T_type>::value || std::is_same<T_target, T_type>::value, T_type, T_self>::execute_(_A_type, *this);
                              ^
/usr/include/sigc++-2.0/sigc++/visit_each.h:52:17: note: declared here
template <class T_target, class T_action>
                ^
/usr/include/sigc++-2.0/sigc++/visit_each.h:98:28: error: no member named 'is_base_of' in namespace 'std'
    with_type_pointer<std::is_base_of<T_target, T_type>::value || std::is_same<T_target, T_type>::value, T_type, T_self>::execute_(_A_type, *this);
                      ~~~~~^
/usr/include/sigc++-2.0/sigc++/visit_each.h:98:39: error: 'T_target' does not refer to a value
    with_type_pointer<std::is_base_of<T_target, T_type>::value || std::is_same<T_target, T_type>::value, T_type, T_self>::execute_(_A_type, *this);
                                      ^
/usr/include/sigc++-2.0/sigc++/visit_each.h:90:17: note: declared here
template <class T_target, class T_action>
                ^
In file included from undo.cc:23:
In file included from ./pbd/undo.h:26:
In file included from /usr/include/sigc++-2.0/sigc++/slot.h:19:
In file included from /usr/include/sigc++-2.0/sigc++/functors/slot.h:7:
In file included from /usr/include/sigc++-2.0/sigc++/adaptors/adaptor_trait.h:7:
/usr/include/sigc++-2.0/sigc++/functors/functor_trait.h:107:40: error: unknown type name 'decltype'
  static int checksize(X_functor* obj, decltype(&X_functor::operator()) p = nullptr);
                                       ^
/usr/include/sigc++-2.0/sigc++/functors/functor_trait.h:107:61: error: parameter declarator cannot be qualified
  static int checksize(X_functor* obj, decltype(&X_functor::operator()) p = nullptr);
                                                 ~~~~~~~~~~~^
/usr/include/sigc++-2.0/sigc++/functors/functor_trait.h:107:61: error: 'operator()' cannot be the name of a parameter
/usr/include/sigc++-2.0/sigc++/functors/functor_trait.h:107:73: error: expected ')'
  static int checksize(X_functor* obj, decltype(&X_functor::operator()) p = nullptr);
                                                                        ^
/usr/include/sigc++-2.0/sigc++/functors/functor_trait.h:107:23: note: to match this '('
  static int checksize(X_functor* obj, decltype(&X_functor::operator()) p = nullptr);
                      ^
/usr/include/sigc++-2.0/sigc++/functors/functor_trait.h:112:48: error: use of undeclared identifier 'nullptr'
    = sizeof(checksize(static_cast<T_functor*>(nullptr))) == sizeof(int)
                                               ^
/usr/include/sigc++-2.0/sigc++/functors/functor_trait.h:131:46: error: no member named 'is_base_of' in namespace 'std'
          bool I_derives_functor_base = std::is_base_of<functor_base,T_functor>::value,
                                        ~~~~~^
/usr/include/sigc++-2.0/sigc++/functors/functor_trait.h:131:57: error: 'functor_base' does not refer to a value
          bool I_derives_functor_base = std::is_base_of<functor_base,T_functor>::value,
                                                        ^
/usr/include/sigc++-2.0/sigc++/functors/functor_trait.h:84:8: note: declared here
struct functor_base {};
       ^
/usr/include/sigc++-2.0/sigc++/functors/functor_trait.h:131:82: error: definition or redeclaration of 'value' cannot name the global scope
          bool I_derives_functor_base = std::is_base_of<functor_base,T_functor>::value,
                                                                               ~~^
/usr/include/sigc++-2.0/sigc++/functors/functor_trait.h:131:82: error: C++ requires a type specifier for all declarations
/usr/include/sigc++-2.0/sigc++/functors/functor_trait.h:131:82: warning: variable templates are a C++14 extension [-Wc++14-extensions]
/usr/include/sigc++-2.0/sigc++/functors/functor_trait.h:131:82: error: no member named 'value' in the global namespace
          bool I_derives_functor_base = std::is_base_of<functor_base,T_functor>::value,
                                                                               ~~^
/usr/include/sigc++-2.0/sigc++/functors/functor_trait.h:131:87: error: a template declaration can only declare a single entity
          bool I_derives_functor_base = std::is_base_of<functor_base,T_functor>::value,
                                                                                      ^
In file included from transmitter.cc:26:
In file included from ./pbd/transmitter.h:27:
In file included from /usr/include/sigc++-2.0/sigc++/sigc++.h:104:
In file included from /usr/include/sigc++-2.0/sigc++/signal.h:8:
In file included from /usr/include/sigc++-2.0/sigc++/signal_base.h:25:
/usr/include/sigc++-2.0/sigc++/type_traits.h:63:27: warning: alias declarations are a C++11 extension [-Wc++11-extensions]
using type_trait_pass_t = typename type_trait<T>::pass;
                          ^
/usr/include/sigc++-2.0/sigc++/type_traits.h:66:27: warning: alias declarations are a C++11 extension [-Wc++11-extensions]
using type_trait_take_t = typename type_trait<T>::take;
                          ^
In file included from transmitter.cc:26:
In file included from ./pbd/transmitter.h:27:
In file included from /usr/include/sigc++-2.0/sigc++/sigc++.hfatal error:104: :
In file included from too many errors emitted, stopping now [-ferror-limit=]/usr/include/sigc++-2.0/sigc++/signal.h:
8:
In file included from /usr/include/sigc++-2.0/sigc++/signal_base.h:26:
/usr/include/sigc++-2.0/sigc++/trackable.h:40:59: error: expected ';' at end of declaration list
  trackable_callback(void* data, func_destroy_notify func) noexcept
                                                          ^
                                                          ;
/usr/include/sigc++-2.0/sigc++/trackable.h:71:65: warning: deleted function definitions are a C++11 extension [-Wc++11-extensions]
  trackable_callback_list(const trackable_callback_list& src) = delete;
                                                                ^
/usr/include/sigc++-2.0/sigc++/trackable.h:72:76: warning: deleted function definitions are a C++11 extension [-Wc++11-extensions]
  trackable_callback_list& operator=(const trackable_callback_list& src) = delete;
                                                                           ^
/usr/include/sigc++-2.0/sigc++/trackable.h:73:50: warning: rvalue references are a C++11 extension [-Wc++11-extensions]
  trackable_callback_list(trackable_callback_list&& src) = delete;
                                                 ^
/usr/include/sigc++-2.0/sigc++/trackable.h:73:60: warning: deleted function definitions are a C++11 extension [-Wc++11-extensions]
  trackable_callback_list(trackable_callback_list&& src) = delete;
                                                           ^
/usr/include/sigc++-2.0/sigc++/trackable.h:74:61: warning: rvalue references are a C++11 extension [-Wc++11-extensions]
  trackable_callback_list& operator=(trackable_callback_list&& src) = delete;
                                                            ^
/usr/include/sigc++-2.0/sigc++/trackable.h:74:71: warning: deleted function definitions are a C++11 extension [-Wc++11-extensions]
  trackable_callback_list& operator=(trackable_callback_list&& src) = delete;
                                                                      ^
/usr/include/sigc++-2.0/sigc++/trackable.h:116:14: error: expected ';' at end of declaration list
  trackable() noexcept;
             ^
             ;
/usr/include/sigc++-2.0/sigc++/trackable.h:118:34: error: expected ';' at end of declaration list
  trackable(const trackable& src) noexcept;
                                 ^
                                 ;
/usr/include/sigc++-2.0/sigc++/trackable.h:120:22: warning: rvalue references are a C++11 extension [-Wc++11-extensions]
  trackable(trackable&& src);
                     ^
/usr/include/sigc++-2.0/sigc++/trackable.h:124:33: warning: rvalue references are a C++11 extension [-Wc++11-extensions]
  trackable& operator=(trackable&& src);
                                ^
In file included from transmitter.cc:26:
In file included from ./pbd/transmitter.h:27:
In file included from /usr/include/sigc++-2.0/sigc++/sigc++.h:104:
In file included from /usr/include/sigc++-2.0/sigc++/signal.h:8:
In file included from /usr/include/sigc++-2.0/sigc++/signal_base.h:27:
In file included from /usr/include/sigc++-2.0/sigc++/functors/slot.h:6:
In file included from /usr/include/sigc++-2.0/sigc++/visit_each.h:22:
In file included from /usr/bin/../lib/gcc/x86_64-linux-gnu/6.4.0/../../../../include/c++/6.4.0/type_traits:35:
/usr/bin/../lib/gcc/x86_64-linux-gnu/6.4.0/../../../../include/c++/6.4.0/bits/c++0x_warning.h:32:2: error: This file requires compiler and library support for the ISO C++ 2011 standard. This support must be enabled with the -std=c++11 or -std=gnu++11 compiler options.
#error This file requires compiler and library support \
 ^
In file included from transmitter.cc:26:
In file included from ./pbd/transmitter.h:27:
In file included from /usr/include/sigc++-2.0/sigc++/sigc++.h:104:
In file included from /usr/include/sigc++-2.0/sigc++/signal.h:8:
In file included from /usr/include/sigc++-2.0/sigc++/signal_base.h:27:
In file included from /usr/include/sigc++-2.0/sigc++/functors/slot.h:6:
/usr/include/sigc++-2.0/sigc++/visit_each.h:60:20: error: no member named 'is_base_of' in namespace 'std'
    with_type<std::is_base_of<T_target, T_type>::value || std::is_same<T_target, T_type>::value, T_type, T_self>::execute_(_A_type, *this);
              ~~~~~^
/usr/include/sigc++-2.0/sigc++/visit_each.h:60:31: error: 'T_target' does not refer to a value
    with_type<std::is_base_of<T_target, T_type>::value || std::is_same<T_target, T_type>::value, T_type, T_self>::execute_(_A_type, *this);
                              ^
/usr/include/sigc++-2.0/sigc++/visit_each.h:52:17: note: declared here
template <class T_target, class T_action>
                ^
/usr/include/sigc++-2.0/sigc++/visit_each.h:98:28: error: no member named 'is_base_of' in namespace 'std'
    with_type_pointer<std::is_base_of<T_target, T_type>::value || std::is_same<T_target, T_type>::value, T_type, T_self>::execute_(_A_type, *this);
                      ~~~~~^
/usr/include/sigc++-2.0/sigc++/visit_each.h:98:39: error: 'T_target' does not refer to a value
    with_type_pointer<std::is_base_of<T_target, T_type>::value || std::is_same<T_target, T_type>::value, T_type, T_self>::execute_(_A_type, *this);
                                      ^
/usr/include/sigc++-2.0/sigc++/visit_each.h:90:17: note: declared here
template <class T_target, class T_action>
                ^
In file included from transmitter.cc:26:
In file included from ./pbd/transmitter.h:27:
In file included from /usr/include/sigc++-2.0/sigc++/sigc++.h:104:
In file included from /usr/include/sigc++-2.0/sigc++/signal.h:8:
In file included from /usr/include/sigc++-2.0/sigc++/signal_base.h:27:
In file included from /usr/include/sigc++-2.0/sigc++/functors/slot.h:7:
In file included from /usr/include/sigc++-2.0/sigc++/adaptors/adaptor_trait.h:7:
/usr/include/sigc++-2.0/sigc++/functors/functor_trait.h:107:40: error: unknown type name 'decltype'
  static int checksize(X_functor* obj, decltype(&X_functor::operator()) p = nullptr);
                                       ^
/usr/include/sigc++-2.0/sigc++/functors/functor_trait.h:107:61: error: parameter declarator cannot be qualified
  static int checksize(X_functor* obj, decltype(&X_functor::operator()) p = nullptr);
                                                 ~~~~~~~~~~~^
/usr/include/sigc++-2.0/sigc++/functors/functor_trait.h:107:61: error: 'operator()' cannot be the name of a parameter
/usr/include/sigc++-2.0/sigc++/functors/functor_trait.h:107:73: error: expected ')'
  static int checksize(X_functor* obj, decltype(&X_functor::operator()) p = nullptr);
                                                                        ^
/usr/include/sigc++-2.0/sigc++/functors/functor_trait.h:107:23: note: to match this '('
  static int checksize(X_functor* obj, decltype(&X_functor::operator()) p = nullptr);
                      ^
/usr/include/sigc++-2.0/sigc++/functors/functor_trait.h:112:48: error: use of undeclared identifier 'nullptr'
    = sizeof(checksize(static_cast<T_functor*>(nullptr))) == sizeof(int)
                                               ^
/usr/include/sigc++-2.0/sigc++/functors/functor_trait.h:131:46: error: no member named 'is_base_of' in namespace 'std'
          bool I_derives_functor_base = std::is_base_of<functor_base,T_functor>::value,
                                        ~~~~~^
/usr/include/sigc++-2.0/sigc++/functors/functor_trait.h:131:57: error: 'functor_base' does not refer to a value
          bool I_derives_functor_base = std::is_base_of<functor_base,T_functor>::value,
                                                        ^
/usr/include/sigc++-2.0/sigc++/functors/functor_trait.h:84:8: note: declared here
struct functor_base {};
       ^
/usr/include/sigc++-2.0/sigc++/functors/functor_trait.h:131:82: error: definition or redeclaration of 'value' cannot name the global scope
          bool I_derives_functor_base = std::is_base_of<functor_base,T_functor>::value,
                                                                               ~~^
/usr/include/sigc++-2.0/sigc++/functors/functor_trait.h:131:82: error: C++ requires a type specifier for all declarations
/usr/include/sigc++-2.0/sigc++/functors/functor_trait.h:131:82: warning: variable templates are a C++14 extension [-Wc++14-extensions]
/usr/include/sigc++-2.0/sigc++/functors/functor_trait.h:131:82: error: no member named 'value' in the global namespace
          bool I_derives_functor_base = std::is_base_of<functor_base,T_functor>::value,
                                                                               ~~^
/usr/include/sigc++-2.0/sigc++/functors/functor_trait.h:131:87: error: a template declaration can only declare a single entity
          bool I_derives_functor_base = std::is_base_of<functor_base,T_functor>::value,
                                                                                      ^
fatal error: too many errors emitted, stopping now [-ferror-limit=]
In file included from pthread_utils.cc:25:
In file included from ./pbd/pthread_utils.h:8:
In file included from /usr/include/sigc++-2.0/sigc++/sigc++.h:104:
In file included from /usr/include/sigc++-2.0/sigc++/signal.h:8:
In file included from /usr/include/sigc++-2.0/sigc++/signal_base.h:25:
/usr/include/sigc++-2.0/sigc++/type_traits.h:63:27: warning: alias declarations are a C++11 extension [-Wc++11-extensions]
using type_trait_pass_t = typename type_trait<T>::pass;
                          ^
/usr/include/sigc++-2.0/sigc++/type_traits.h:66:27: warning: alias declarations are a C++11 extension [-Wc++11-extensions]
using type_trait_take_t = typename type_trait<T>::take;
                          ^
In file included from pthread_utils.cc:25:
In file included from ./pbd/pthread_utils.h:8:
In file included from /usr/include/sigc++-2.0/sigc++/sigc++.h:104:
In file included from /usr/include/sigc++-2.0/sigc++/signal.h:8:
In file included from /usr/include/sigc++-2.0/sigc++/signal_base.h:26:
/usr/include/sigc++-2.0/sigc++/trackable.h:40:59: error: expected ';' at end of declaration list
  trackable_callback(void* data, func_destroy_notify func) noexcept
                                                          ^
                                                          ;
/usr/include/sigc++-2.0/sigc++/trackable.h:71:65: warning: deleted function definitions are a C++11 extension [-Wc++11-extensions]
  trackable_callback_list(const trackable_callback_list& src) = delete;
                                                                ^
/usr/include/sigc++-2.0/sigc++/trackable.h:72:76: warning: deleted function definitions are a C++11 extension [-Wc++11-extensions]
  trackable_callback_list& operator=(const trackable_callback_list& src) = delete;
                                                                           ^
/usr/include/sigc++-2.0/sigc++/trackable.h:73:50: warning: rvalue references are a C++11 extension [-Wc++11-extensions]
  trackable_callback_list(trackable_callback_list&& src) = delete;
                                                 ^
/usr/include/sigc++-2.0/sigc++/trackable.h:73:60: warning: deleted function definitions are a C++11 extension [-Wc++11-extensions]
  trackable_callback_list(trackable_callback_list&& src) = delete;
                                                           ^
/usr/include/sigc++-2.0/sigc++/trackable.h:74:61: warning: rvalue references are a C++11 extension [-Wc++11-extensions]
  trackable_callback_list& operator=(trackable_callback_list&& src) = delete;
                                                            ^
/usr/include/sigc++-2.0/sigc++/trackable.h:74:71: warning: deleted function definitions are a C++11 extension [-Wc++11-extensions]
  trackable_callback_list& operator=(trackable_callback_list&& src) = delete;
                                                                      ^
/usr/include/sigc++-2.0/sigc++/trackable.h:116:14: error: expected ';' at end of declaration list
  trackable() noexcept;
             ^
             ;
/usr/include/sigc++-2.0/sigc++/trackable.h:118:34: error: expected ';' at end of declaration list
  trackable(const trackable& src) noexcept;
                                 ^
                                 ;
/usr/include/sigc++-2.0/sigc++/trackable.h:120:22: warning: rvalue references are a C++11 extension [-Wc++11-extensions]
  trackable(trackable&& src);
                     ^
/usr/include/sigc++-2.0/sigc++/trackable.h:124:33: warning: rvalue references are a C++11 extension [-Wc++11-extensions]
  trackable& operator=(trackable&& src);
                                ^
In file included from pthread_utils.cc:25:
In file included from ./pbd/pthread_utils.h:8:
In file included from /usr/include/sigc++-2.0/sigc++/sigc++.h:104:
In file included from /usr/include/sigc++-2.0/sigc++/signal.h:8:
In file included from /usr/include/sigc++-2.0/sigc++/signal_base.h:27:
In file included from /usr/include/sigc++-2.0/sigc++/functors/slot.h:6:
In file included from /usr/include/sigc++-2.0/sigc++/visit_each.h:22:
In file included from /usr/bin/../lib/gcc/x86_64-linux-gnu/6.4.0/../../../../include/c++/6.4.0/type_traits:35:
/usr/bin/../lib/gcc/x86_64-linux-gnu/6.4.0/../../../../include/c++/6.4.0/bits/c++0x_warning.h:32:2: error: This file requires compiler and library support for the ISO C++ 2011 standard. This support must be enabled with the -std=c++11 or -std=gnu++11 compiler options.
#error This file requires compiler and library support \
 ^
In file included from pthread_utils.cc:25:
In file included from ./pbd/pthread_utils.h:8:
In file included from /usr/include/sigc++-2.0/sigc++/sigc++.h:104:
In file included from /usr/include/sigc++-2.0/sigc++/signal.h:8:
In file included from /usr/include/sigc++-2.0/sigc++/signal_base.h:27:
In file included from /usr/include/sigc++-2.0/sigc++/functors/slot.h:6:
/usr/include/sigc++-2.0/sigc++/visit_each.h:60:20: error: no member named 'is_base_of' in namespace 'std'
    with_type<std::is_base_of<T_target, T_type>::value || std::is_same<T_target, T_type>::value, T_type, T_self>::execute_(_A_type, *this);
              ~~~~~^
/usr/include/sigc++-2.0/sigc++/visit_each.h:60:31: error: 'T_target' does not refer to a value
    with_type<std::is_base_of<T_target, T_type>::value || std::is_same<T_target, T_type>::value, T_type, T_self>::execute_(_A_type, *this);
                              ^
/usr/include/sigc++-2.0/sigc++/visit_each.h:52:17: note: declared here
template <class T_target, class T_action>
                ^
/usr/include/sigc++-2.0/sigc++/visit_each.h:98:28: error: no member named 'is_base_of' in namespace 'std'
    with_type_pointer<std::is_base_of<T_target, T_type>::value || std::is_same<T_target, T_type>::value, T_type, T_self>::execute_(_A_type, *this);
                      ~~~~~^
/usr/include/sigc++-2.0/sigc++/visit_each.h:98:39: error: 'T_target' does not refer to a value
    with_type_pointer<std::is_base_of<T_target, T_type>::value || std::is_same<T_target, T_type>::value, T_type, T_self>::execute_(_A_type, *this);
                                      ^
/usr/include/sigc++-2.0/sigc++/visit_each.h:90:17: note: declared here
template <class T_target, class T_action>
                ^
In file included from pthread_utils.cc:25:
In file included from ./pbd/pthread_utils.h:8:
In file included from /usr/include/sigc++-2.0/sigc++/sigc++.h:104:
In file included from /usr/include/sigc++-2.0/sigc++/signal.h:8:
In file included from /usr/include/sigc++-2.0/sigc++/signal_base.h:27:
In file included from /usr/include/sigc++-2.0/sigc++/functors/slot.h:7:
In file included from /usr/include/sigc++-2.0/sigc++/adaptors/adaptor_trait.h:7:
/usr/include/sigc++-2.0/sigc++/functors/functor_trait.h:107:40: error: unknown type name 'decltype'
  static int checksize(X_functor* obj, decltype(&X_functor::operator()) p = nullptr);
                                       ^
/usr/include/sigc++-2.0/sigc++/functors/functor_trait.h:107:61: error: parameter declarator cannot be qualified
  static int checksize(X_functor* obj, decltype(&X_functor::operator()) p = nullptr);
                                                 ~~~~~~~~~~~^
/usr/include/sigc++-2.0/sigc++/functors/functor_trait.h:107:61: error: 'operator()' cannot be the name of a parameter
/usr/include/sigc++-2.0/sigc++/functors/functor_trait.h:107:73: error: expected ')'
  static int checksize(X_functor* obj, decltype(&X_functor::operator()) p = nullptr);
                                                                        ^
/usr/include/sigc++-2.0/sigc++/functors/functor_trait.h:107:23: note: to match this '('
  static int checksize(X_functor* obj, decltype(&X_functor::operator()) p = nullptr);
                      ^
/usr/include/sigc++-2.0/sigc++/functors/functor_trait.h:112:48: error: use of undeclared identifier 'nullptr'
    = sizeof(checksize(static_cast<T_functor*>(nullptr))) == sizeof(int)
                                               ^
/usr/include/sigc++-2.0/sigc++/functors/functor_trait.h:131:46: error: no member named 'is_base_of' in namespace 'std'
          bool I_derives_functor_base = std::is_base_of<functor_base,T_functor>::value,
                                        ~~~~~^
/usr/include/sigc++-2.0/sigc++/functors/functor_trait.h:131:57: error: 'functor_base' does not refer to a value
          bool I_derives_functor_base = std::is_base_of<functor_base,T_functor>::value,
                                                        ^
/usr/include/sigc++-2.0/sigc++/functors/functor_trait.h:84:8: note: declared here
struct functor_base {};
       ^
/usr/include/sigc++-2.0/sigc++/functors/functor_trait.h:131:82: error: definition or redeclaration of 'value' cannot name the global scope
          bool I_derives_functor_base = std::is_base_of<functor_base,T_functor>::value,
                                                                               ~~^
/usr/include/sigc++-2.0/sigc++/functors/functor_trait.h:131:82: error: C++ requires a type specifier for all declarations
/usr/include/sigc++-2.0/sigc++/functors/functor_trait.h:131:82: warning: variable templates are a C++14 extension [-Wc++14-extensions]
/usr/include/sigc++-2.0/sigc++/functors/functor_trait.h:131:82: error: no member named 'value' in the global namespace
          bool I_derives_functor_base = std::is_base_of<functor_base,T_functor>::value,
                                                                               ~~^
/usr/include/sigc++-2.0/sigc++/functors/functor_trait.h:131:87: error: a template declaration can only declare a single entity
          bool I_derives_functor_base = std::is_base_of<functor_base,T_functor>::value,
                                                                                      ^
fatal error: too many errors emitted, stopping now [-ferror-limit=]
In file included from pool.cc:27:
In file included from ./pbd/error.h:23:
In file included from ./pbd/transmitter.h:27:
In file included from /usr/include/sigc++-2.0/sigc++/sigc++.h:104:
In file included from /usr/include/sigc++-2.0/sigc++/signal.h:8:
In file included from /usr/include/sigc++-2.0/sigc++/signal_base.h:25:
/usr/include/sigc++-2.0/sigc++/type_traits.h:63:27: warning: alias declarations are a C++11 extension [-Wc++11-extensions]
using type_trait_pass_t = typename type_trait<T>::pass;
                          ^
/usr/include/sigc++-2.0/sigc++/type_traits.h:66:27: warning: alias declarations are a C++11 extension [-Wc++11-extensions]
using type_trait_take_t = typename type_trait<T>::take;
                          ^
In file included from pool.cc:27:
In file included from ./pbd/error.h:23:
In file included from ./pbd/transmitter.h:27:
In file included from /usr/include/sigc++-2.0/sigc++/sigc++.h:104:
In file included from /usr/include/sigc++-2.0/sigc++/signal.h:8:
In file included from /usr/include/sigc++-2.0/sigc++/signal_base.h:26:
/usr/include/sigc++-2.0/sigc++/trackable.h:40:59: error: expected ';' at end of declaration list
  trackable_callback(void* data, func_destroy_notify func) noexcept
                                                          ^
                                                          ;
/usr/include/sigc++-2.0/sigc++/trackable.h:71:65: warning: deleted function definitions are a C++11 extension [-Wc++11-extensions]
  trackable_callback_list(const trackable_callback_list& src) = delete;
                                                                ^
/usr/include/sigc++-2.0/sigc++/trackable.h:72:76: warning: deleted function definitions are a C++11 extension [-Wc++11-extensions]
  trackable_callback_list& operator=(const trackable_callback_list& src) = delete;
                                                                           ^
/usr/include/sigc++-2.0/sigc++/trackable.h:73:50: warning: rvalue references are a C++11 extension [-Wc++11-extensions]
  trackable_callback_list(trackable_callback_list&& src) = delete;
                                                 ^
/usr/include/sigc++-2.0/sigc++/trackable.h:73:60: warning: deleted function definitions are a C++11 extension [-Wc++11-extensions]
  trackable_callback_list(trackable_callback_list&& src) = delete;
                                                           ^
/usr/include/sigc++-2.0/sigc++/trackable.h:74:61: warning: rvalue references are a C++11 extension [-Wc++11-extensions]
  trackable_callback_list& operator=(trackable_callback_list&& src) = delete;
                                                            ^
/usr/include/sigc++-2.0/sigc++/trackable.h:74:71: warning: deleted function definitions are a C++11 extension [-Wc++11-extensions]
  trackable_callback_list& operator=(trackable_callback_list&& src) = delete;
                                                                      ^
/usr/include/sigc++-2.0/sigc++/trackable.h:116:14: error: expected ';' at end of declaration list
  trackable() noexcept;
             ^
             ;
/usr/include/sigc++-2.0/sigc++/trackable.h:118:34: error: expected ';' at end of declaration list
  trackable(const trackable& src) noexcept;
                                 ^
                                 ;
/usr/include/sigc++-2.0/sigc++/trackable.h:120:22: warning: rvalue references are a C++11 extension [-Wc++11-extensions]
  trackable(trackable&& src);
                     ^
/usr/include/sigc++-2.0/sigc++/trackable.h:124:33: warning: rvalue references are a C++11 extension [-Wc++11-extensions]
  trackable& operator=(trackable&& src);
                                ^
In file included from pool.cc:27:
In file included from ./pbd/error.h:23:
In file included from ./pbd/transmitter.h:27:
In file included from /usr/include/sigc++-2.0/sigc++/sigc++.h:104:
In file included from /usr/include/sigc++-2.0/sigc++/signal.h:8:
In file included from /usr/include/sigc++-2.0/sigc++/signal_base.h:27:
In file included from /usr/include/sigc++-2.0/sigc++/functors/slot.h:6:
In file included from /usr/include/sigc++-2.0/sigc++/visit_each.h:22:
In file included from /usr/bin/../lib/gcc/x86_64-linux-gnu/6.4.0/../../../../include/c++/6.4.0/type_traits:35:
/usr/bin/../lib/gcc/x86_64-linux-gnu/6.4.0/../../../../include/c++/6.4.0/bits/c++0x_warning.h:32:2: error: This file requires compiler and library support for the ISO C++ 2011 standard. This support must be enabled with the -std=c++11 or -std=gnu++11 compiler options.
#error This file requires compiler and library support \
 ^
In file included from pool.cc:27:
In file included from ./pbd/error.h:23:
In file included from ./pbd/transmitter.h:27:
In file included from /usr/include/sigc++-2.0/sigc++/sigc++.h:104:
In file included from /usr/include/sigc++-2.0/sigc++/signal.h:8:
In file included from /usr/include/sigc++-2.0/sigc++/signal_base.h:27:
In file included from /usr/include/sigc++-2.0/sigc++/functors/slot.h:6:
/usr/include/sigc++-2.0/sigc++/visit_each.h:60:20: error: no member named 'is_base_of' in namespace 'std'
    with_type<std::is_base_of<T_target, T_type>::value || std::is_same<T_target, T_type>::value, T_type, T_self>::execute_(_A_type, *this);
              ~~~~~^
/usr/include/sigc++-2.0/sigc++/visit_each.h:60:31: error: 'T_target' does not refer to a value
    with_type<std::is_base_of<T_target, T_type>::value || std::is_same<T_target, T_type>::value, T_type, T_self>::execute_(_A_type, *this);
                              ^
/usr/include/sigc++-2.0/sigc++/visit_each.h:52:17: note: declared here
template <class T_target, class T_action>
                ^
/usr/include/sigc++-2.0/sigc++/visit_each.h:98:28: error: no member named 'is_base_of' in namespace 'std'
    with_type_pointer<std::is_base_of<T_target, T_type>::value || std::is_same<T_target, T_type>::value, T_type, T_self>::execute_(_A_type, *this);
                      ~~~~~^
/usr/include/sigc++-2.0/sigc++/visit_each.h:98:39: error: 'T_target' does not refer to a value
    with_type_pointer<std::is_base_of<T_target, T_type>::value || std::is_same<T_target, T_type>::value, T_type, T_self>::execute_(_A_type, *this);
                                      ^
/usr/include/sigc++-2.0/sigc++/visit_each.h:90:17: note: declared here
template <class T_target, class T_action>
                ^
In file included from pool.cc:27:
In file included from ./pbd/error.h:23:
In file included from ./pbd/transmitter.h:27:
In file included from /usr/include/sigc++-2.0/sigc++/sigc++.h:104:
In file included from /usr/include/sigc++-2.0/sigc++/signal.h:8:
In file included from /usr/include/sigc++-2.0/sigc++/signal_base.h:27:
In file included from /usr/include/sigc++-2.0/sigc++/functors/slot.h:7:
In file included from /usr/include/sigc++-2.0/sigc++/adaptors/adaptor_trait.h:7:
/usr/include/sigc++-2.0/sigc++/functors/functor_trait.h:107:40: error: unknown type name 'decltype'
  static int checksize(X_functor* obj, decltype(&X_functor::operator()) p = nullptr);
                                       ^
/usr/include/sigc++-2.0/sigc++/functors/functor_trait.h:107:61: error: parameter declarator cannot be qualified
  static int checksize(X_functor* obj, decltype(&X_functor::operator()) p = nullptr);
                                                 ~~~~~~~~~~~^
/usr/include/sigc++-2.0/sigc++/functors/functor_trait.h:107:61: error: 'operator()' cannot be the name of a parameter
/usr/include/sigc++-2.0/sigc++/functors/functor_trait.h:107:73: error: expected ')'
  static int checksize(X_functor* obj, decltype(&X_functor::operator()) p = nullptr);
                                                                        ^
/usr/include/sigc++-2.0/sigc++/functors/functor_trait.h:107:23: note: to match this '('
  static int checksize(X_functor* obj, decltype(&X_functor::operator()) p = nullptr);
                      ^
/usr/include/sigc++-2.0/sigc++/functors/functor_trait.h:112:48: error: use of undeclared identifier 'nullptr'
    = sizeof(checksize(static_cast<T_functor*>(nullptr))) == sizeof(int)
                                               ^
/usr/include/sigc++-2.0/sigc++/functors/functor_trait.h:131:46: error: no member named 'is_base_of' in namespace 'std'
          bool I_derives_functor_base = std::is_base_of<functor_base,T_functor>::value,
                                        ~~~~~^
/usr/include/sigc++-2.0/sigc++/functors/functor_trait.h:131:57: error: 'functor_base' does not refer to a value
          bool I_derives_functor_base = std::is_base_of<functor_base,T_functor>::value,
                                                        ^
/usr/include/sigc++-2.0/sigc++/functors/functor_trait.h:84:8: note: declared here
struct functor_base {};
       ^
/usr/include/sigc++-2.0/sigc++/functors/functor_trait.h:131:82: error: definition or redeclaration of 'value' cannot name the global scope
          bool I_derives_functor_base = std::is_base_of<functor_base,T_functor>::value,
                                                                               ~~^
/usr/include/sigc++-2.0/sigc++/functors/functor_trait.h:131:82: error: C++ requires a type specifier for all declarations
/usr/include/sigc++-2.0/sigc++/functors/functor_trait.h:131:82: warning: variable templates are a C++14 extension [-Wc++14-extensions]
/usr/include/sigc++-2.0/sigc++/functors/functor_trait.h:131:82: error: no member named 'value' in the global namespace
          bool I_derives_functor_base = std::is_base_of<functor_base,T_functor>::value,
                                                                               ~~^
/usr/include/sigc++-2.0/sigc++/functors/functor_trait.h:131:87: error: a template declaration can only declare a single entity
          bool I_derives_functor_base = std::is_base_of<functor_base,T_functor>::value,
                                                                                      ^
fatal error: too many errors emitted, stopping now [-ferror-limit=]
11 warnings and 20 errors generated.
Makefile:473: recipe for target 'undo.o' failed
make[6]: *** [undo.o] Error 1
make[6]: *** Waiting for unfinished jobs....
In file included from pathscanner.cc:27:
In file included from ./pbd/error.h:23:
In file included from ./pbd/transmitter.h:27:
In file included from /usr/include/sigc++-2.0/sigc++/sigc++.h:104:
In file included from /usr/include/sigc++-2.0/sigc++/signal.h:8:
In file included from /usr/include/sigc++-2.0/sigc++/signal_base.h:25:
/usr/include/sigc++-2.0/sigc++/type_traits.h:63:27: warning: alias declarations are a C++11 extension [-Wc++11-extensions]
using type_trait_pass_t = typename type_trait<T>::pass;
                          ^
/usr/include/sigc++-2.0/sigc++/type_traits.h:66:27: warning: alias declarations are a C++11 extension [-Wc++11-extensions]
using type_trait_take_t = typename type_trait<T>::take;
                          ^
In file included from pathscanner.cc:27:
In file included from ./pbd/error.h:23:
In file included from ./pbd/transmitter.h:27:
In file included from /usr/include/sigc++-2.0/sigc++/sigc++.h:104:
In file included from /usr/include/sigc++-2.0/sigc++/signal.h:8:
In file included from /usr/include/sigc++-2.0/sigc++/signal_base.h:26:
/usr/include/sigc++-2.0/sigc++/trackable.h:40:59: error: expected ';' at end of declaration list
  trackable_callback(void* data, func_destroy_notify func) noexcept
                                                          ^
                                                          ;
/usr/include/sigc++-2.0/sigc++/trackable.h:71:65: warning: deleted function definitions are a C++11 extension [-Wc++11-extensions]
  trackable_callback_list(const trackable_callback_list& src) = delete;
                                                                ^
/usr/include/sigc++-2.0/sigc++/trackable.h:72:76: warning: deleted function definitions are a C++11 extension [-Wc++11-extensions]
  trackable_callback_list& operator=(const trackable_callback_list& src) = delete;
                                                                           ^
/usr/include/sigc++-2.0/sigc++/trackable.h:73:50: warning: rvalue references are a C++11 extension [-Wc++11-extensions]
  trackable_callback_list(trackable_callback_list&& src) = delete;
                                                 ^
/usr/include/sigc++-2.0/sigc++/trackable.h:73:60: warning: deleted function definitions are a C++11 extension [-Wc++11-extensions]
  trackable_callback_list(trackable_callback_list&& src) = delete;
                                                           ^
/usr/include/sigc++-2.0/sigc++/trackable.h:74:61: warning: rvalue references are a C++11 extension [-Wc++11-extensions]
  trackable_callback_list& operator=(trackable_callback_list&& src) = delete;
                                                            ^
/usr/include/sigc++-2.0/sigc++/trackable.h:74:71: warning: deleted function definitions are a C++11 extension [-Wc++11-extensions]
  trackable_callback_list& operator=(trackable_callback_list&& src) = delete;
                                                                      ^
/usr/include/sigc++-2.0/sigc++/trackable.h:116:14: error: expected ';' at end of declaration list
  trackable() noexcept;
             ^
             ;
/usr/include/sigc++-2.0/sigc++/trackable.h:118:34: error: expected ';' at end of declaration list
  trackable(const trackable& src) noexcept;
                                 ^
                                 ;
/usr/include/sigc++-2.0/sigc++/trackable.h:120:22: warning: rvalue references are a C++11 extension [-Wc++11-extensions]
  trackable(trackable&& src);
                     ^
/usr/include/sigc++-2.0/sigc++/trackable.h:124:33: warning: rvalue references are a C++11 extension [-Wc++11-extensions]
  trackable& operator=(trackable&& src);
                                ^
In file included from pathscanner.cc:27:
In file included from ./pbd/error.h:23:
In file included from ./pbd/transmitter.h:27:
In file included from /usr/include/sigc++-2.0/sigc++/sigc++.h:104:
In file included from /usr/include/sigc++-2.0/sigc++/signal.h:8:
In file included from /usr/include/sigc++-2.0/sigc++/signal_base.h:27:
In file included from /usr/include/sigc++-2.0/sigc++/functors/slot.h:6:
In file included from /usr/include/sigc++-2.0/sigc++/visit_each.h:22:
In file included from /usr/bin/../lib/gcc/x86_64-linux-gnu/6.4.0/../../../../include/c++/6.4.0/type_traits:35:
/usr/bin/../lib/gcc/x86_64-linux-gnu/6.4.0/../../../../include/c++/6.4.0/bits/c++0x_warning.h:32:2: error: This file requires compiler and library support for the ISO C++ 2011 standard. This support must be enabled with the -std=c++11 or -std=gnu++11 compiler options.
#error This file requires compiler and library support \
 ^
In file included from pathscanner.cc:27:
In file included from ./pbd/error.h:23:
In file included from ./pbd/transmitter.h:27:
In file included from /usr/include/sigc++-2.0/sigc++/sigc++.h:104:
In file included from /usr/include/sigc++-2.0/sigc++/signal.h:8:
In file included from /usr/include/sigc++-2.0/sigc++/signal_base.h:27:
In file included from /usr/include/sigc++-2.0/sigc++/functors/slot.h:6:
/usr/include/sigc++-2.0/sigc++/visit_each.h:60:20: error: no member named 'is_base_of' in namespace 'std'
    with_type<std::is_base_of<T_target, T_type>::value || std::is_same<T_target, T_type>::value, T_type, T_self>::execute_(_A_type, *this);
              ~~~~~^
/usr/include/sigc++-2.0/sigc++/visit_each.h:60:31: error: 'T_target' does not refer to a value
    with_type<std::is_base_of<T_target, T_type>::value || std::is_same<T_target, T_type>::value, T_type, T_self>::execute_(_A_type, *this);
                              ^
/usr/include/sigc++-2.0/sigc++/visit_each.h:52:17: note: declared here
template <class T_target, class T_action>
                ^
/usr/include/sigc++-2.0/sigc++/visit_each.h:98:28: error: no member named 'is_base_of' in namespace 'std'
    with_type_pointer<std::is_base_of<T_target, T_type>::value || std::is_same<T_target, T_type>::value, T_type, T_self>::execute_(_A_type, *this);
                      ~~~~~^
/usr/include/sigc++-2.0/sigc++/visit_each.h:98:39: error: 'T_target' does not refer to a value
    with_type_pointer<std::is_base_of<T_target, T_type>::value || std::is_same<T_target, T_type>::value, T_type, T_self>::execute_(_A_type, *this);
                                      ^
/usr/include/sigc++-2.0/sigc++/visit_each.h:90:17: note: declared here
template <class T_target, class T_action>
                ^
In file included from pathscanner.cc:27:
In file included from ./pbd/error.h:23:
In file included from ./pbd/transmitter.h:27:
In file included from /usr/include/sigc++-2.0/sigc++/sigc++.h:104:
In file included from /usr/include/sigc++-2.0/sigc++/signal.h:8:
In file included from /usr/include/sigc++-2.0/sigc++/signal_base.h:27:
In file included from /usr/include/sigc++-2.0/sigc++/functors/slot.h:7:
In file included from /usr/include/sigc++-2.0/sigc++/adaptors/adaptor_trait.h:7:
/usr/include/sigc++-2.0/sigc++/functors/functor_trait.h:107:40: error: unknown type name 'decltype'
  static int checksize(X_functor* obj, decltype(&X_functor::operator()) p = nullptr);
                                       ^
/usr/include/sigc++-2.0/sigc++/functors/functor_trait.h:107:61: error: parameter declarator cannot be qualified
  static int checksize(X_functor* obj, decltype(&X_functor::operator()) p = nullptr);
                                                 ~~~~~~~~~~~^
/usr/include/sigc++-2.0/sigc++/functors/functor_trait.h:107:61: error: 'operator()' cannot be the name of a parameter
/usr/include/sigc++-2.0/sigc++/functors/functor_trait.h:107:73: error: expected ')'
  static int checksize(X_functor* obj, decltype(&X_functor::operator()) p = nullptr);
                                                                        ^
/usr/include/sigc++-2.0/sigc++/functors/functor_trait.h:107:23: note: to match this '('
  static int checksize(X_functor* obj, decltype(&X_functor::operator()) p = nullptr);
                      ^
/usr/include/sigc++-2.0/sigc++/functors/functor_trait.h:112:48: error: use of undeclared identifier 'nullptr'
    = sizeof(checksize(static_cast<T_functor*>(nullptr))) == sizeof(int)
                                               ^
/usr/include/sigc++-2.0/sigc++/functors/functor_trait.h:131:46: error: no member named 'is_base_of' in namespace 'std'
          bool I_derives_functor_base = std::is_base_of<functor_base,T_functor>::value,
                                        ~~~~~^
/usr/include/sigc++-2.0/sigc++/functors/functor_trait.h:131:57: error: 'functor_base' does not refer to a value
          bool I_derives_functor_base = std::is_base_of<functor_base,T_functor>::value,
                                                        ^
/usr/include/sigc++-2.0/sigc++/functors/functor_trait.h:84:8: note: declared here
struct functor_base {};
       ^
/usr/include/sigc++-2.0/sigc++/functors/functor_trait.h:131:82: error: definition or redeclaration of 'value' cannot name the global scope
          bool I_derives_functor_base = std::is_base_of<functor_base,T_functor>::value,
                                                                               ~~^
/usr/include/sigc++-2.0/sigc++/functors/functor_trait.h:131:82: error: C++ requires a type specifier for all declarations
/usr/include/sigc++-2.0/sigc++/functors/functor_trait.h:131:82: warning: variable templates are a C++14 extension [-Wc++14-extensions]
/usr/include/sigc++-2.0/sigc++/functors/functor_trait.h:131:82: error: no member named 'value' in the global namespace
          bool I_derives_functor_base = std::is_base_of<functor_base,T_functor>::value,
                                                                               ~~^
/usr/include/sigc++-2.0/sigc++/functors/functor_trait.h:131:87: error: a template declaration can only declare a single entity
          bool I_derives_functor_base = std::is_base_of<functor_base,T_functor>::value,
                                                                                      ^
fatal error: too many errors emitted, stopping now [-ferror-limit=]
11 warnings and 20 errors generated.
In file included from textreceiver.cc:24:
In file included from ./pbd/textreceiver.h:26:
In file included from ./pbd/receiver.h:26:
In file included from /usr/include/sigc++-2.0/sigc++/sigc++.h:104:
In file included from /usr/include/sigc++-2.0/sigc++/signal.h:8:
In file included from /usr/include/sigc++-2.0/sigc++/signal_base.h:25:
/usr/include/sigc++-2.0/sigc++/type_traits.h:63:27: warning: alias declarations are a C++11 extension [-Wc++11-extensions]
using type_trait_pass_t = typename type_trait<T>::pass;
                          ^
/usr/include/sigc++-2.0/sigc++/type_traits.h:66:27: warning: alias declarations are a C++11 extension [-Wc++11-extensions]
using type_trait_take_t = typename type_trait<T>::take;
                          ^
In file included from textreceiver.cc:24:
In file included from ./pbd/textreceiver.h:26:
In file included from ./pbd/receiver.h:26:
In file included from /usr/include/sigc++-2.0/sigc++/sigc++.h:104:
In file included from /usr/include/sigc++-2.0/sigc++/signal.h:8:
In file included from /usr/include/sigc++-2.0/sigc++/signal_base.h:26:
/usr/include/sigc++-2.0/sigc++/trackable.h:40:59: error: expected ';' at end of declaration list
  trackable_callback(void* data, func_destroy_notify func) noexcept
                                                          ^
                                                          ;
/usr/include/sigc++-2.0/sigc++/trackable.h:71:65: warning: deleted function definitions are a C++11 extension [-Wc++11-extensions]
  trackable_callback_list(const trackable_callback_list& src) = delete;
                                                                ^
/usr/include/sigc++-2.0/sigc++/trackable.h:72:76: warning: deleted function definitions are a C++11 extension [-Wc++11-extensions]
  trackable_callback_list& operator=(const trackable_callback_list& src) = delete;
                                                                           ^
/usr/include/sigc++-2.0/sigc++/trackable.h:73:50: warning: rvalue references are a C++11 extension [-Wc++11-extensions]
  trackable_callback_list(trackable_callback_list&& src) = delete;
                                                 ^
/usr/include/sigc++-2.0/sigc++/trackable.h:73:60: warning: deleted function definitions are a C++11 extension [-Wc++11-extensions]
  trackable_callback_list(trackable_callback_list&& src) = delete;
                                                           ^
/usr/include/sigc++-2.0/sigc++/trackable.h:74:61: warning: rvalue references are a C++11 extension [-Wc++11-extensions]
Makefile:473: recipe for target 'receiver.o' failed
make[6]: *** [receiver.o] Error 1
  trackable_callback_list& operator=(trackable_callback_list&& src) = delete;
                                                            ^
/usr/include/sigc++-2.0/sigc++/trackable.h:74:71: warning: deleted function definitions are a C++11 extension [-Wc++11-extensions]
  trackable_callback_list& operator=(trackable_callback_list&& src) = delete;
                                                                      ^
/usr/include/sigc++-2.0/sigc++/trackable.h:116:14: error: expected ';' at end of declaration list
  trackable() noexcept;
             ^
             ;
/usr/include/sigc++-2.0/sigc++/trackable.h:118:34: error: expected ';' at end of declaration list
  trackable(const trackable& src) noexcept;
                                 ^
                                 ;
/usr/include/sigc++-2.0/sigc++/trackable.h:120:22: warning: rvalue references are a C++11 extension [-Wc++11-extensions]
  trackable(trackable&& src);
                     ^
/usr/include/sigc++-2.0/sigc++/trackable.h:124:33: warning: rvalue references are a C++11 extension [-Wc++11-extensions]
  trackable& operator=(trackable&& src);
                                ^
In file included from textreceiver.cc:24:
In file included from ./pbd/textreceiver.h:26:
In file included from ./pbd/receiver.h:26:
In file included from /usr/include/sigc++-2.0/sigc++/sigc++.h:104:
In file included from /usr/include/sigc++-2.0/sigc++/signal.h:8:
In file included from /usr/include/sigc++-2.0/sigc++/signal_base.h:27:
In file included from /usr/include/sigc++-2.0/sigc++/functors/slot.h:6:
In file included from /usr/include/sigc++-2.0/sigc++/visit_each.h:22:
In file included from /usr/bin/../lib/gcc/x86_64-linux-gnu/6.4.0/../../../../include/c++/6.4.0/type_traits:35:
/usr/bin/../lib/gcc/x86_64-linux-gnu/6.4.0/../../../../include/c++/6.4.0/bits/c++0x_warning.h:32:2: error: This file requires compiler and library support for the ISO C++ 2011 standard. This support must be enabled with the -std=c++11 or -std=gnu++11 compiler options.
#error This file requires compiler and library support \
 ^
In file included from textreceiver.cc:24:
In file included from ./pbd/textreceiver.h:26:
In file included from ./pbd/receiver.h:26:
In file included from /usr/include/sigc++-2.0/sigc++/sigc++.h:104:
In file included from /usr/include/sigc++-2.0/sigc++/signal.h:8:
In file included from /usr/include/sigc++-2.0/sigc++/signal_base.h:27:
In file included from /usr/include/sigc++-2.0/sigc++/functors/slot.h:6:
/usr/include/sigc++-2.0/sigc++/visit_each.h:60:20: error: no member named 'is_base_of' in namespace 'std'
    with_type<std::is_base_of<T_target, T_type>::value || std::is_same<T_target, T_type>::value, T_type, T_self>::execute_(_A_type, *this);
              ~~~~~^
/usr/include/sigc++-2.0/sigc++/visit_each.h:60:31: error: 'T_target' does not refer to a value
    with_type<std::is_base_of<T_target, T_type>::value || std::is_same<T_target, T_type>::value, T_type, T_self>::execute_(_A_type, *this);
                              ^
/usr/include/sigc++-2.0/sigc++/visit_each.h:52:17: note: declared here
template <class T_target, class T_action>
                ^
/usr/include/sigc++-2.0/sigc++/visit_each.h:98:28: error: no member named 'is_base_of' in namespace 'std'
    with_type_pointer<std::is_base_of<T_target, T_type>::value || std::is_same<T_target, T_type>::value, T_type, T_self>::execute_(_A_type, *this);
                      ~~~~~^
/usr/include/sigc++-2.0/sigc++/visit_each.h:98:39: error: 'T_target' does not refer to a value
    with_type_pointer<std::is_base_of<T_target, T_type>::value || std::is_same<T_target, T_type>::value, T_type, T_self>::execute_(_A_type, *this);
                                      ^
/usr/include/sigc++-2.0/sigc++/visit_each.h:90:17: note: declared here
template <class T_target, class T_action>
                ^
11 warnings and 20 errors generated.
In file included from textreceiver.cc:24:
In file included from ./pbd/textreceiver.h:26:
In file included from ./pbd/receiver.h:26:
In file included from /usr/include/sigc++-2.0/sigc++/sigc++.h:104:
In file included from /usr/include/sigc++-2.0/sigc++/signal.h:8:
In file included from /usr/include/sigc++-2.0/sigc++/signal_base.h:27:
In file included from /usr/include/sigc++-2.0/sigc++/functors/slot.h:7:
In file included from /usr/include/sigc++-2.0/sigc++/adaptors/adaptor_trait.h:7:
/usr/include/sigc++-2.0/sigc++/functors/functor_trait.h:107:40: error: unknown type name 'decltype'
  static int checksize(X_functor* obj, decltype(&X_functor::operator()) p = nullptr);
                                       ^
/usr/include/sigc++-2.0/sigc++/functors/functor_trait.h:107:61: error: parameter declarator cannot be qualified
  static int checksize(X_functor* obj, decltype(&X_functor::operator()) p = nullptr);
                                                 ~~~~~~~~~~~^
/usr/include/sigc++-2.0/sigc++/functors/functor_trait.h:107:61: error: 'operator()' cannot be the name of a parameter
/usr/include/sigc++-2.0/sigc++/functors/functor_trait.h:107:73: error: expected ')'
  static int checksize(X_functor* obj, decltype(&X_functor::operator()) p = nullptr);
                                                                        ^
/usr/include/sigc++-2.0/sigc++/functors/functor_trait.h:107:23: note: to match this '('
  static int checksize(X_functor* obj, decltype(&X_functor::operator()) p = nullptr);
                      ^
/usr/include/sigc++-2.0/sigc++/functors/functor_trait.h:112:48: error: use of undeclared identifier 'nullptr'
    = sizeof(checksize(static_cast<T_functor*>(nullptr))) == sizeof(int)
                                               ^
Makefile:473: recipe for target 'pthread_utils.o' failed
make[6]: *** [pthread_utils.o] Error 1
/usr/include/sigc++-2.0/sigc++/functors/functor_trait.h:131:46: error: no member named 'is_base_of' in namespace 'std'
          bool I_derives_functor_base = std::is_base_of<functor_base,T_functor>::value,
                                        ~~~~~^
/usr/include/sigc++-2.0/sigc++/functors/functor_trait.h:131:57: error: 'functor_base' does not refer to a value
          bool I_derives_functor_base = std::is_base_of<functor_base,T_functor>::value,
                                                        ^
/usr/include/sigc++-2.0/sigc++/functors/functor_trait.h:84:8: note: declared here
struct functor_base {};
       ^
/usr/include/sigc++-2.0/sigc++/functors/functor_trait.h:131:82: error: definition or redeclaration of 'value' cannot name the global scope
          bool I_derives_functor_base = std::is_base_of<functor_base,T_functor>::value,
                                                                               ~~^
/usr/include/sigc++-2.0/sigc++/functors/functor_trait.h:131:82: error: C++ requires a type specifier for all declarations
/usr/include/sigc++-2.0/sigc++/functors/functor_trait.h:131:82: warning: variable templates are a C++14 extension [-Wc++14-extensions]
/usr/include/sigc++-2.0/sigc++/functors/functor_trait.h:131:82: error: no member named 'value' in the global namespace
          bool I_derives_functor_base = std::is_base_of<functor_base,T_functor>::value,
                                                                               ~~^
/usr/include/sigc++-2.0/sigc++/functors/functor_trait.h:131:87: error: a template declaration can only declare a single entity
          bool I_derives_functor_base = std::is_base_of<functor_base,T_functor>::value,
                                                                                      ^
fatal error: too many errors emitted, stopping now [-ferror-limit=]
11 warnings and 20 errors generated.
11 warnings and 20 errors generated.
Makefile:473: recipe for target 'pool.o' failed
make[6]: *** [pool.o] Error 1
Makefile:473: recipe for target 'transmitter.o' failed
make[6]: *** [transmitter.o] Error 1
11 warnings and 20 errors generated.
Makefile:473: recipe for target 'pathscanner.o' failed
make[6]: *** [pathscanner.o] Error 1
11 warnings and 20 errors generated.
Makefile:473: recipe for target 'textreceiver.o' failed
make[6]: *** [textreceiver.o] Error 1
make[6]: Leaving directory '/<<PKGBUILDDIR>>/libs/pbd'
Makefile:489: recipe for target 'all-recursive' failed
make[5]: *** [all-recursive] Error 1
make[5]: Leaving directory '/<<PKGBUILDDIR>>/libs/pbd'
Makefile:384: recipe for target 'all' failed
make[4]: *** [all] Error 2
make[4]: Leaving directory '/<<PKGBUILDDIR>>/libs/pbd'
Makefile:326: recipe for target 'all-recursive' failed
make[3]: *** [all-recursive] Error 1
make[3]: Leaving directory '/<<PKGBUILDDIR>>/libs'
Makefile:428: recipe for target 'all-recursive' failed
make[2]: *** [all-recursive] Error 1
make[2]: Leaving directory '/<<PKGBUILDDIR>>'
Makefile:367: recipe for target 'all' failed
make[1]: *** [all] Error 2
make[1]: Leaving directory '/<<PKGBUILDDIR>>'
dh_auto_build: make -j16 returned exit code 2
debian/rules:17: recipe for target 'build-arch' failed
make: *** [build-arch] Error 2
dpkg-buildpackage: error: debian/rules build-arch gave error exit status 2
--------------------------------------------------------------------------------
Build finished at 2017-07-06T15:51:01Z

Finished
--------


+------------------------------------------------------------------------------+
| Cleanup                                                                      |
+------------------------------------------------------------------------------+

Purging /<<BUILDDIR>>
Not cleaning session: cloned chroot in use
E: Build failure (dpkg-buildpackage died)

+------------------------------------------------------------------------------+
| Summary                                                                      |
+------------------------------------------------------------------------------+

Build Architecture: amd64
Build Type: any
Build-Space: 7768
Build-Time: 13
Distribution: unstable
Fail-Stage: build
Host Architecture: amd64
Install-Time: 17
Job: sooperlooper_1.7.3~dfsg0-3
Machine Architecture: amd64
Package: sooperlooper
Package-Time: 48
Source-Version: 1.7.3~dfsg0-3
Space: 7768
Status: attempted
Version: 1.7.3~dfsg0-3
--------------------------------------------------------------------------------
Finished at 2017-07-06T15:51:01Z
Build needed 00:00:48, 7768k disk space
E: Build failure (dpkg-buildpackage died)
DC-Status: Failed 49.149478399s
DC-Time-Estimation: 49.149478399 versus expected 1 (r/m: 48.149478399 ; m: 1.0)
