DC-Build-Header: bing 1.3.5-2 / 2019-01-01 10:02:05 +0000
DC-Task: type:rebuild-binarch-only source:bing version:1.3.5-2 chroot:unstable esttime:21 logfile:/tmp/bing_1.3.5-2_unstable_clang7.log modes:clang7:binarch-only
DC-Sbuild-call: su user42 -c 'sbuild -n --arch-any --apt-update -d unstable -v  --chroot-setup-commands=/tmp/clang7 bing_1.3.5-2'
sbuild (Debian sbuild) 0.73.0 (23 Dec 2016) on ip-172-31-6-123.eu-central-1.compute.internal

+==============================================================================+
| bing 1.3.5-2 (amd64)                         Tue, 01 Jan 2019 10:02:05 +0000 |
+==============================================================================+

Package: bing
Version: 1.3.5-2
Source Version: 1.3.5-2
Distribution: unstable
Machine Architecture: amd64
Host Architecture: amd64
Build Architecture: amd64
Build Type: any

I: NOTICE: Log filtering will replace 'var/run/schroot/mount/sid-amd64-sbuild-af797f4d-4ef2-4caa-9af0-d4fb724d27d7' with '<<CHROOT>>'

+------------------------------------------------------------------------------+
| Chroot Setup Commands                                                        |
+------------------------------------------------------------------------------+


/tmp/clang7
-----------

+ echo 'Entering customization script...'
Entering customization script...
+ CLANG_VERSION=7
+ echo 'Install of clang-7'
Install of clang-7
+ apt-get update
Get:1 http://127.0.0.1:9999/debian sid InRelease [238 kB]
Get:2 http://127.0.0.1:9999/debian sid/main Sources.diff/Index [27.9 kB]
Get:3 http://127.0.0.1:9999/debian sid/main amd64 Packages.diff/Index [27.9 kB]
Get:4 http://127.0.0.1:9999/debian sid/main Sources 2018-12-31-1417.22.pdiff [16.7 kB]
Get:5 http://127.0.0.1:9999/debian sid/main Sources 2018-12-31-2012.09.pdiff [15.0 kB]
Get:6 http://127.0.0.1:9999/debian sid/main Sources 2019-01-01-0216.00.pdiff [15.3 kB]
Get:6 http://127.0.0.1:9999/debian sid/main Sources 2019-01-01-0216.00.pdiff [15.3 kB]
Get:7 http://127.0.0.1:9999/debian sid/main amd64 Packages 2018-12-31-1417.22.pdiff [12.4 kB]
Get:8 http://127.0.0.1:9999/debian sid/main amd64 Packages 2018-12-31-2012.09.pdiff [12.1 kB]
Get:9 http://127.0.0.1:9999/debian sid/main amd64 Packages 2019-01-01-0216.00.pdiff [7889 B]
Get:9 http://127.0.0.1:9999/debian sid/main amd64 Packages 2019-01-01-0216.00.pdiff [7889 B]
Get:10 http://127.0.0.1:9999/debian sid/main Translation-en [6267 kB]
Fetched 6640 kB in 2s (3393 kB/s)
Reading package lists...
+ apt-get install --yes --no-install-recommends --force-yes clang-7
Reading package lists...
Building dependency tree...
The following additional packages will be installed:
  lib32gcc1 lib32stdc++6 libbsd0 libc6-i386 libclang-common-7-dev libclang1-7
  libedit2 libgc1c2 libllvm7 libobjc-8-dev libobjc4
Suggested packages:
  clang-7-doc
Recommended packages:
  llvm-7-dev python libomp-7-dev
The following NEW packages will be installed:
  clang-7 lib32gcc1 lib32stdc++6 libbsd0 libc6-i386 libclang-common-7-dev
  libclang1-7 libedit2 libgc1c2 libllvm7 libobjc-8-dev libobjc4
0 upgraded, 12 newly installed, 0 to remove and 1 not upgraded.
Need to get 34.1 MB of archives.
After this operation, 183 MB of additional disk space will be used.
Get:1 http://127.0.0.1:9999/debian sid/main amd64 libbsd0 amd64 0.9.1-1 [99.3 kB]
Get:2 http://127.0.0.1:9999/debian sid/main amd64 libedit2 amd64 3.1-20181209-1 [94.0 kB]
Get:3 http://127.0.0.1:9999/debian sid/main amd64 libllvm7 amd64 1:7.0.1-3 [13.0 MB]
Get:4 http://127.0.0.1:9999/debian sid/main amd64 libgc1c2 amd64 1:7.6.4-0.4 [224 kB]
Get:5 http://127.0.0.1:9999/debian sid/main amd64 libobjc4 amd64 8.2.0-13 [50.4 kB]
Get:6 http://127.0.0.1:9999/debian sid/main amd64 libobjc-8-dev amd64 8.2.0-13 [224 kB]
Get:7 http://127.0.0.1:9999/debian sid/main amd64 libc6-i386 amd64 2.28-4 [2873 kB]
Get:8 http://127.0.0.1:9999/debian sid/main amd64 lib32gcc1 amd64 1:8.2.0-13 [47.9 kB]
Get:9 http://127.0.0.1:9999/debian sid/main amd64 lib32stdc++6 amd64 8.2.0-13 [406 kB]
Get:10 http://127.0.0.1:9999/debian sid/main amd64 libclang-common-7-dev amd64 1:7.0.1-3 [3157 kB]
Get:11 http://127.0.0.1:9999/debian sid/main amd64 libclang1-7 amd64 1:7.0.1-3 [5992 kB]
Get:12 http://127.0.0.1:9999/debian sid/main amd64 clang-7 amd64 1:7.0.1-3 [7890 kB]
debconf: delaying package configuration, since apt-utils is not installed
Fetched 34.1 MB in 0s (117 MB/s)
Selecting previously unselected package libbsd0:amd64.
(Reading database ... (Reading database ... 5%(Reading database ... 10%(Reading database ... 15%(Reading database ... 20%(Reading database ... 25%(Reading database ... 30%(Reading database ... 35%(Reading database ... 40%(Reading database ... 45%(Reading database ... 50%(Reading database ... 55%(Reading database ... 60%(Reading database ... 65%(Reading database ... 70%(Reading database ... 75%(Reading database ... 80%(Reading database ... 85%(Reading database ... 90%(Reading database ... 95%(Reading database ... 100%(Reading database ... 11801 files and directories currently installed.)
Preparing to unpack .../00-libbsd0_0.9.1-1_amd64.deb ...
Unpacking libbsd0:amd64 (0.9.1-1) ...
Selecting previously unselected package libedit2:amd64.
Preparing to unpack .../01-libedit2_3.1-20181209-1_amd64.deb ...
Unpacking libedit2:amd64 (3.1-20181209-1) ...
Selecting previously unselected package libllvm7:amd64.
Preparing to unpack .../02-libllvm7_1%3a7.0.1-3_amd64.deb ...
Unpacking libllvm7:amd64 (1:7.0.1-3) ...
Selecting previously unselected package libgc1c2:amd64.
Preparing to unpack .../03-libgc1c2_1%3a7.6.4-0.4_amd64.deb ...
Unpacking libgc1c2:amd64 (1:7.6.4-0.4) ...
Selecting previously unselected package libobjc4:amd64.
Preparing to unpack .../04-libobjc4_8.2.0-13_amd64.deb ...
Unpacking libobjc4:amd64 (8.2.0-13) ...
Selecting previously unselected package libobjc-8-dev:amd64.
Preparing to unpack .../05-libobjc-8-dev_8.2.0-13_amd64.deb ...
Unpacking libobjc-8-dev:amd64 (8.2.0-13) ...
Selecting previously unselected package libc6-i386.
Preparing to unpack .../06-libc6-i386_2.28-4_amd64.deb ...
Unpacking libc6-i386 (2.28-4) ...
Selecting previously unselected package lib32gcc1.
Preparing to unpack .../07-lib32gcc1_1%3a8.2.0-13_amd64.deb ...
Unpacking lib32gcc1 (1:8.2.0-13) ...
Selecting previously unselected package lib32stdc++6.
Preparing to unpack .../08-lib32stdc++6_8.2.0-13_amd64.deb ...
Unpacking lib32stdc++6 (8.2.0-13) ...
Selecting previously unselected package libclang-common-7-dev.
Preparing to unpack .../09-libclang-common-7-dev_1%3a7.0.1-3_amd64.deb ...
Unpacking libclang-common-7-dev (1:7.0.1-3) ...
Selecting previously unselected package libclang1-7:amd64.
Preparing to unpack .../10-libclang1-7_1%3a7.0.1-3_amd64.deb ...
Unpacking libclang1-7:amd64 (1:7.0.1-3) ...
Selecting previously unselected package clang-7.
Preparing to unpack .../11-clang-7_1%3a7.0.1-3_amd64.deb ...
Unpacking clang-7 (1:7.0.1-3) ...
Setting up libgc1c2:amd64 (1:7.6.4-0.4) ...
Setting up libc6-i386 (2.28-4) ...
Setting up libbsd0:amd64 (0.9.1-1) ...
Processing triggers for libc-bin (2.28-4) ...
Setting up lib32gcc1 (1:8.2.0-13) ...
Setting up libedit2:amd64 (3.1-20181209-1) ...
Setting up libobjc4:amd64 (8.2.0-13) ...
Setting up libobjc-8-dev:amd64 (8.2.0-13) ...
Setting up libllvm7:amd64 (1:7.0.1-3) ...
Setting up libclang1-7:amd64 (1:7.0.1-3) ...
Setting up lib32stdc++6 (8.2.0-13) ...
Setting up libclang-common-7-dev (1:7.0.1-3) ...
Setting up clang-7 (1:7.0.1-3) ...
Processing triggers for libc-bin (2.28-4) ...
W: --force-yes is deprecated, use one of the options starting with --allow instead.
+ echo 'Replace gcc, g++ & cpp by clang'
Replace gcc, g++ & cpp by clang
+ VERSIONS='4.6 4.7 4.8 4.9 5 6 7 8'
+ cd /usr/bin
+ for VERSION in $VERSIONS
+ rm -f g++-4.6 gcc-4.6 cpp-4.6 gcc
+ ln -s clang++-7 g++-4.6
+ ln -s clang-7 gcc-4.6
+ ln -s clang-7 cpp-4.6
+ ln -s clang-7 gcc
+ echo 'gcc-4.6 hold'
+ dpkg --set-selections
dpkg: warning: package not in status nor available database at line 1: gcc-4.6
dpkg: warning: found unknown packages; this might mean the available database
is outdated, and needs to be updated through a frontend method;
please see the FAQ <https://wiki.debian.org/Teams/Dpkg/FAQ>
+ echo 'g++-4.6 hold'
+ dpkg --set-selections
dpkg: warning: package not in status nor available database at line 1: g++-4.6
dpkg: warning: found unknown packages; this might mean the available database
is outdated, and needs to be updated through a frontend method;
please see the FAQ <https://wiki.debian.org/Teams/Dpkg/FAQ>
+ for VERSION in $VERSIONS
+ rm -f g++-4.7 gcc-4.7 cpp-4.7 gcc
+ ln -s clang++-7 g++-4.7
+ ln -s clang-7 gcc-4.7
+ ln -s clang-7 cpp-4.7
+ ln -s clang-7 gcc
+ echo 'gcc-4.7 hold'
+ dpkg --set-selections
dpkg: warning: package not in status nor available database at line 1: gcc-4.7
dpkg: warning: found unknown packages; this might mean the available database
is outdated, and needs to be updated through a frontend method;
please see the FAQ <https://wiki.debian.org/Teams/Dpkg/FAQ>
+ echo 'g++-4.7 hold'
+ dpkg --set-selections
dpkg: warning: package not in status nor available database at line 1: g++-4.7
dpkg: warning: found unknown packages; this might mean the available database
is outdated, and needs to be updated through a frontend method;
please see the FAQ <https://wiki.debian.org/Teams/Dpkg/FAQ>
+ for VERSION in $VERSIONS
+ rm -f g++-4.8 gcc-4.8 cpp-4.8 gcc
+ ln -s clang++-7 g++-4.8
+ ln -s clang-7 gcc-4.8
+ ln -s clang-7 cpp-4.8
+ ln -s clang-7 gcc
+ echo 'gcc-4.8 hold'
+ dpkg --set-selections
dpkg: warning: package not in status nor available database at line 1: gcc-4.8
dpkg: warning: found unknown packages; this might mean the available database
is outdated, and needs to be updated through a frontend method;
please see the FAQ <https://wiki.debian.org/Teams/Dpkg/FAQ>
+ echo 'g++-4.8 hold'
+ dpkg --set-selections
dpkg: warning: package not in status nor available database at line 1: g++-4.8
dpkg: warning: found unknown packages; this might mean the available database
is outdated, and needs to be updated through a frontend method;
please see the FAQ <https://wiki.debian.org/Teams/Dpkg/FAQ>
+ for VERSION in $VERSIONS
+ rm -f g++-4.9 gcc-4.9 cpp-4.9 gcc
+ ln -s clang++-7 g++-4.9
+ ln -s clang-7 gcc-4.9
+ ln -s clang-7 cpp-4.9
+ ln -s clang-7 gcc
+ echo 'gcc-4.9 hold'
+ dpkg --set-selections
dpkg: warning: package not in status nor available database at line 1: gcc-4.9
dpkg: warning: found unknown packages; this might mean the available database
is outdated, and needs to be updated through a frontend method;
please see the FAQ <https://wiki.debian.org/Teams/Dpkg/FAQ>
+ echo 'g++-4.9 hold'
+ dpkg --set-selections
dpkg: warning: package not in status nor available database at line 1: g++-4.9
dpkg: warning: found unknown packages; this might mean the available database
is outdated, and needs to be updated through a frontend method;
please see the FAQ <https://wiki.debian.org/Teams/Dpkg/FAQ>
+ for VERSION in $VERSIONS
+ rm -f g++-5 gcc-5 cpp-5 gcc
+ ln -s clang++-7 g++-5
+ ln -s clang-7 gcc-5
+ ln -s clang-7 cpp-5
+ ln -s clang-7 gcc
+ echo 'gcc-5 hold'
+ dpkg --set-selections
dpkg: warning: package not in status nor available database at line 1: gcc-5
dpkg: warning: found unknown packages; this might mean the available database
is outdated, and needs to be updated through a frontend method;
please see the FAQ <https://wiki.debian.org/Teams/Dpkg/FAQ>
+ echo 'g++-5 hold'
+ dpkg --set-selections
dpkg: warning: package not in status nor available database at line 1: g++-5
dpkg: warning: found unknown packages; this might mean the available database
is outdated, and needs to be updated through a frontend method;
please see the FAQ <https://wiki.debian.org/Teams/Dpkg/FAQ>
+ for VERSION in $VERSIONS
+ rm -f g++-6 gcc-6 cpp-6 gcc
+ ln -s clang++-7 g++-6
+ ln -s clang-7 gcc-6
+ ln -s clang-7 cpp-6
+ ln -s clang-7 gcc
+ echo 'gcc-6 hold'
+ dpkg --set-selections
dpkg: warning: package not in status nor available database at line 1: gcc-6
dpkg: warning: found unknown packages; this might mean the available database
is outdated, and needs to be updated through a frontend method;
please see the FAQ <https://wiki.debian.org/Teams/Dpkg/FAQ>
+ echo 'g++-6 hold'
+ dpkg --set-selections
dpkg: warning: package not in status nor available database at line 1: g++-6
dpkg: warning: found unknown packages; this might mean the available database
is outdated, and needs to be updated through a frontend method;
please see the FAQ <https://wiki.debian.org/Teams/Dpkg/FAQ>
+ for VERSION in $VERSIONS
+ rm -f g++-7 gcc-7 cpp-7 gcc
+ ln -s clang++-7 g++-7
+ ln -s clang-7 gcc-7
+ ln -s clang-7 cpp-7
+ ln -s clang-7 gcc
+ echo 'gcc-7 hold'
+ dpkg --set-selections
dpkg: warning: package not in status nor available database at line 1: gcc-7
dpkg: warning: found unknown packages; this might mean the available database
is outdated, and needs to be updated through a frontend method;
please see the FAQ <https://wiki.debian.org/Teams/Dpkg/FAQ>
+ echo 'g++-7 hold'
+ dpkg --set-selections
dpkg: warning: package not in status nor available database at line 1: g++-7
dpkg: warning: found unknown packages; this might mean the available database
is outdated, and needs to be updated through a frontend method;
please see the FAQ <https://wiki.debian.org/Teams/Dpkg/FAQ>
+ for VERSION in $VERSIONS
+ rm -f g++-8 gcc-8 cpp-8 gcc
+ ln -s clang++-7 g++-8
+ ln -s clang-7 gcc-8
+ ln -s clang-7 cpp-8
+ ln -s clang-7 gcc
+ echo 'gcc-8 hold'
+ dpkg --set-selections
+ echo 'g++-8 hold'
+ dpkg --set-selections
+ cd -
/build/bing-TeZEGi
+ echo 'Check if gcc, g++ & cpp are actually clang'
Check if gcc, g++ & cpp are actually clang
+ gcc --version
+ grep clang
+ cpp --version
+ grep clang
+ g++ --version
+ grep clang

I: Finished running '/tmp/clang7'.

Finished processing commands.
--------------------------------------------------------------------------------

+------------------------------------------------------------------------------+
| Update chroot                                                                |
+------------------------------------------------------------------------------+

Hit:1 http://127.0.0.1:9999/debian sid InRelease
Reading package lists...
Reading package lists...
Building dependency tree...
Reading state information...
Calculating upgrade...
The following packages will be upgraded:
  tzdata
1 upgraded, 0 newly installed, 0 to remove and 0 not upgraded.
Need to get 258 kB of archives.
After this operation, 0 B of additional disk space will be used.
Get:1 http://127.0.0.1:9999/debian sid/main amd64 tzdata all 2018i-1 [258 kB]
debconf: delaying package configuration, since apt-utils is not installed
Fetched 258 kB in 0s (5086 kB/s)
(Reading database ... (Reading database ... 5%(Reading database ... 10%(Reading database ... 15%(Reading database ... 20%(Reading database ... 25%(Reading database ... 30%(Reading database ... 35%(Reading database ... 40%(Reading database ... 45%(Reading database ... 50%(Reading database ... 55%(Reading database ... 60%(Reading database ... 65%(Reading database ... 70%(Reading database ... 75%(Reading database ... 80%(Reading database ... 85%(Reading database ... 90%(Reading database ... 95%(Reading database ... 100%(Reading database ... 12570 files and directories currently installed.)
Preparing to unpack .../tzdata_2018i-1_all.deb ...
Unpacking tzdata (2018i-1) over (2018h-1) ...
Setting up tzdata (2018i-1) ...

Current default time zone: 'Etc/UTC'
Local time is now:      Tue Jan  1 10:02:17 UTC 2019.
Universal Time is now:  Tue Jan  1 10:02:17 UTC 2019.
Run 'dpkg-reconfigure tzdata' if you wish to change it.


+------------------------------------------------------------------------------+
| Fetch source files                                                           |
+------------------------------------------------------------------------------+


Check APT
---------

Checking available source versions...

Download source files with APT
------------------------------

Reading package lists...
Need to get 87.4 kB of source archives.
Get:1 http://127.0.0.1:9999/debian sid/main bing 1.3.5-2 (dsc) [1692 B]
Get:2 http://127.0.0.1:9999/debian sid/main bing 1.3.5-2 (tar) [81.1 kB]
Get:3 http://127.0.0.1:9999/debian sid/main bing 1.3.5-2 (diff) [4612 B]
Fetched 87.4 kB in 0s (185 kB/s)
Download complete and in download only mode
I: NOTICE: Log filtering will replace 'build/bing-TeZEGi/bing-1.3.5' with '<<PKGBUILDDIR>>'
I: NOTICE: Log filtering will replace 'build/bing-TeZEGi' with '<<BUILDDIR>>'

+------------------------------------------------------------------------------+
| Install build-essential                                                      |
+------------------------------------------------------------------------------+


Setup apt archive
-----------------

Merged Build-Depends: build-essential, fakeroot
Filtered Build-Depends: build-essential, fakeroot
dpkg-deb: building package 'sbuild-build-depends-core-dummy' in '/<<BUILDDIR>>/resolver-81BJ2S/apt_archive/sbuild-build-depends-core-dummy.deb'.
dpkg-scanpackages: warning: Packages in archive but missing from override file:
dpkg-scanpackages: warning:   sbuild-build-depends-core-dummy
dpkg-scanpackages: info: Wrote 1 entries to output Packages file.
Ign:1 copy:/<<BUILDDIR>>/resolver-81BJ2S/apt_archive ./ InRelease
Get:2 copy:/<<BUILDDIR>>/resolver-81BJ2S/apt_archive ./ Release [957 B]
Ign:3 copy:/<<BUILDDIR>>/resolver-81BJ2S/apt_archive ./ Release.gpg
Get:4 copy:/<<BUILDDIR>>/resolver-81BJ2S/apt_archive ./ Sources [349 B]
Get:5 copy:/<<BUILDDIR>>/resolver-81BJ2S/apt_archive ./ Packages [433 B]
Fetched 1739 B in 0s (0 B/s)
Reading package lists...
Reading package lists...

Install core build dependencies (apt-based resolver)
----------------------------------------------------

Installing build dependencies
Reading package lists...
Building dependency tree...
Reading state information...
The following NEW packages will be installed:
  sbuild-build-depends-core-dummy
0 upgraded, 1 newly installed, 0 to remove and 0 not upgraded.
Need to get 860 B of archives.
After this operation, 0 B of additional disk space will be used.
Get:1 copy:/<<BUILDDIR>>/resolver-81BJ2S/apt_archive ./ sbuild-build-depends-core-dummy 0.invalid.0 [860 B]
debconf: delaying package configuration, since apt-utils is not installed
Fetched 860 B in 0s (0 B/s)
Selecting previously unselected package sbuild-build-depends-core-dummy.
(Reading database ... 12570 files and directories currently installed.)
Preparing to unpack .../sbuild-build-depends-core-dummy_0.invalid.0_amd64.deb ...
Unpacking sbuild-build-depends-core-dummy (0.invalid.0) ...
Setting up sbuild-build-depends-core-dummy (0.invalid.0) ...

+------------------------------------------------------------------------------+
| Check architectures                                                          |
+------------------------------------------------------------------------------+

Arch check ok (amd64 included in any)

+------------------------------------------------------------------------------+
| Install package build dependencies                                           |
+------------------------------------------------------------------------------+


Setup apt archive
-----------------

Merged Build-Depends: debhelper (>= 10)
Filtered Build-Depends: debhelper (>= 10)
dpkg-deb: building package 'sbuild-build-depends-bing-dummy' in '/<<BUILDDIR>>/resolver-81BJ2S/apt_archive/sbuild-build-depends-bing-dummy.deb'.
dpkg-scanpackages: warning: Packages in archive but missing from override file:
dpkg-scanpackages: warning:   sbuild-build-depends-bing-dummy sbuild-build-depends-core-dummy
dpkg-scanpackages: info: Wrote 2 entries to output Packages file.
Ign:1 copy:/<<BUILDDIR>>/resolver-81BJ2S/apt_archive ./ InRelease
Get:2 copy:/<<BUILDDIR>>/resolver-81BJ2S/apt_archive ./ Release [963 B]
Ign:3 copy:/<<BUILDDIR>>/resolver-81BJ2S/apt_archive ./ Release.gpg
Get:4 copy:/<<BUILDDIR>>/resolver-81BJ2S/apt_archive ./ Sources [483 B]
Get:5 copy:/<<BUILDDIR>>/resolver-81BJ2S/apt_archive ./ Packages [566 B]
Fetched 2012 B in 0s (0 B/s)
Reading package lists...
Reading package lists...

Install bing build dependencies (apt-based resolver)
----------------------------------------------------

Installing build dependencies
Reading package lists...
Building dependency tree...
Reading state information...
The following additional packages will be installed:
  autoconf automake autopoint autotools-dev bsdmainutils debhelper
  dh-autoreconf dh-strip-nondeterminism dwz file gettext gettext-base
  groff-base intltool-debian libarchive-zip-perl libcroco3 libelf1
  libfile-stripnondeterminism-perl libglib2.0-0 libicu63 libmagic-mgc
  libmagic1 libncurses6 libpipeline1 libsigsegv2 libtool libuchardet0 libxml2
  m4 man-db po-debconf sensible-utils
Suggested packages:
  autoconf-archive gnu-standards autoconf-doc wamerican | wordlist whois
  vacation dh-make gettext-doc libasprintf-dev libgettextpo-dev groff
  libtool-doc gfortran | fortran95-compiler gcj-jdk m4-doc apparmor less
  www-browser libmail-box-perl
Recommended packages:
  curl | wget | lynx libarchive-cpio-perl libglib2.0-data shared-mime-info
  xdg-user-dirs libgpm2 libltdl-dev libmail-sendmail-perl
The following NEW packages will be installed:
  autoconf automake autopoint autotools-dev bsdmainutils debhelper
  dh-autoreconf dh-strip-nondeterminism dwz file gettext gettext-base
  groff-base intltool-debian libarchive-zip-perl libcroco3 libelf1
  libfile-stripnondeterminism-perl libglib2.0-0 libicu63 libmagic-mgc
  libmagic1 libncurses6 libpipeline1 libsigsegv2 libtool libuchardet0 libxml2
  m4 man-db po-debconf sbuild-build-depends-bing-dummy sensible-utils
0 upgraded, 33 newly installed, 0 to remove and 0 not upgraded.
Need to get 18.8 MB of archives.
After this operation, 69.0 MB of additional disk space will be used.
Get:1 copy:/<<BUILDDIR>>/resolver-81BJ2S/apt_archive ./ sbuild-build-depends-bing-dummy 0.invalid.0 [856 B]
Get:2 http://127.0.0.1:9999/debian sid/main amd64 bsdmainutils amd64 11.1.2+b1 [191 kB]
Get:3 http://127.0.0.1:9999/debian sid/main amd64 libuchardet0 amd64 0.0.6-3 [64.9 kB]
Get:4 http://127.0.0.1:9999/debian sid/main amd64 groff-base amd64 1.22.4-1 [918 kB]
Get:5 http://127.0.0.1:9999/debian sid/main amd64 libpipeline1 amd64 1.5.0-2 [29.5 kB]
Get:6 http://127.0.0.1:9999/debian sid/main amd64 man-db amd64 2.8.4-3 [1194 kB]
Get:7 http://127.0.0.1:9999/debian sid/main amd64 sensible-utils all 0.0.12 [15.8 kB]
Get:8 http://127.0.0.1:9999/debian sid/main amd64 libmagic-mgc amd64 1:5.34-2 [239 kB]
Get:9 http://127.0.0.1:9999/debian sid/main amd64 libmagic1 amd64 1:5.34-2 [116 kB]
Get:10 http://127.0.0.1:9999/debian sid/main amd64 file amd64 1:5.34-2 [65.8 kB]
Get:11 http://127.0.0.1:9999/debian sid/main amd64 gettext-base amd64 0.19.8.1-9 [123 kB]
Get:12 http://127.0.0.1:9999/debian sid/main amd64 libsigsegv2 amd64 2.12-2 [32.8 kB]
Get:13 http://127.0.0.1:9999/debian sid/main amd64 m4 amd64 1.4.18-2 [203 kB]
Get:14 http://127.0.0.1:9999/debian sid/main amd64 autoconf all 2.69-11 [341 kB]
Get:15 http://127.0.0.1:9999/debian sid/main amd64 autotools-dev all 20180224.1 [77.0 kB]
Get:16 http://127.0.0.1:9999/debian sid/main amd64 automake all 1:1.16.1-4 [771 kB]
Get:17 http://127.0.0.1:9999/debian sid/main amd64 autopoint all 0.19.8.1-9 [434 kB]
Get:18 http://127.0.0.1:9999/debian sid/main amd64 libtool all 2.4.6-6 [547 kB]
Get:19 http://127.0.0.1:9999/debian sid/main amd64 dh-autoreconf all 19 [16.9 kB]
Get:20 http://127.0.0.1:9999/debian sid/main amd64 libarchive-zip-perl all 1.64-1 [96.8 kB]
Get:21 http://127.0.0.1:9999/debian sid/main amd64 libfile-stripnondeterminism-perl all 1.0.0-1 [19.5 kB]
Get:22 http://127.0.0.1:9999/debian sid/main amd64 dh-strip-nondeterminism all 1.0.0-1 [12.5 kB]
Get:23 http://127.0.0.1:9999/debian sid/main amd64 libelf1 amd64 0.175-2 [160 kB]
Get:24 http://127.0.0.1:9999/debian sid/main amd64 dwz amd64 0.12-3 [78.0 kB]
Get:25 http://127.0.0.1:9999/debian sid/main amd64 libglib2.0-0 amd64 2.58.1-2 [1223 kB]
Get:26 http://127.0.0.1:9999/debian sid/main amd64 libicu63 amd64 63.1-5 [8293 kB]
Get:27 http://127.0.0.1:9999/debian sid/main amd64 libxml2 amd64 2.9.4+dfsg1-7+b3 [687 kB]
Get:28 http://127.0.0.1:9999/debian sid/main amd64 libcroco3 amd64 0.6.12-3 [145 kB]
Get:29 http://127.0.0.1:9999/debian sid/main amd64 libncurses6 amd64 6.1+20181013-1 [102 kB]
Get:30 http://127.0.0.1:9999/debian sid/main amd64 gettext amd64 0.19.8.1-9 [1303 kB]
Get:31 http://127.0.0.1:9999/debian sid/main amd64 intltool-debian all 0.35.0+20060710.4 [26.3 kB]
Get:32 http://127.0.0.1:9999/debian sid/main amd64 po-debconf all 1.0.21 [248 kB]
Get:33 http://127.0.0.1:9999/debian sid/main amd64 debhelper all 12 [1002 kB]
debconf: delaying package configuration, since apt-utils is not installed
Fetched 18.8 MB in 0s (114 MB/s)
Selecting previously unselected package bsdmainutils.
(Reading database ... 12570 files and directories currently installed.)
Preparing to unpack .../00-bsdmainutils_11.1.2+b1_amd64.deb ...
Unpacking bsdmainutils (11.1.2+b1) ...
Selecting previously unselected package libuchardet0:amd64.
Preparing to unpack .../01-libuchardet0_0.0.6-3_amd64.deb ...
Unpacking libuchardet0:amd64 (0.0.6-3) ...
Selecting previously unselected package groff-base.
Preparing to unpack .../02-groff-base_1.22.4-1_amd64.deb ...
Unpacking groff-base (1.22.4-1) ...
Selecting previously unselected package libpipeline1:amd64.
Preparing to unpack .../03-libpipeline1_1.5.0-2_amd64.deb ...
Unpacking libpipeline1:amd64 (1.5.0-2) ...
Selecting previously unselected package man-db.
Preparing to unpack .../04-man-db_2.8.4-3_amd64.deb ...
Unpacking man-db (2.8.4-3) ...
Selecting previously unselected package sensible-utils.
Preparing to unpack .../05-sensible-utils_0.0.12_all.deb ...
Unpacking sensible-utils (0.0.12) ...
Selecting previously unselected package libmagic-mgc.
Preparing to unpack .../06-libmagic-mgc_1%3a5.34-2_amd64.deb ...
Unpacking libmagic-mgc (1:5.34-2) ...
Selecting previously unselected package libmagic1:amd64.
Preparing to unpack .../07-libmagic1_1%3a5.34-2_amd64.deb ...
Unpacking libmagic1:amd64 (1:5.34-2) ...
Selecting previously unselected package file.
Preparing to unpack .../08-file_1%3a5.34-2_amd64.deb ...
Unpacking file (1:5.34-2) ...
Selecting previously unselected package gettext-base.
Preparing to unpack .../09-gettext-base_0.19.8.1-9_amd64.deb ...
Unpacking gettext-base (0.19.8.1-9) ...
Selecting previously unselected package libsigsegv2:amd64.
Preparing to unpack .../10-libsigsegv2_2.12-2_amd64.deb ...
Unpacking libsigsegv2:amd64 (2.12-2) ...
Selecting previously unselected package m4.
Preparing to unpack .../11-m4_1.4.18-2_amd64.deb ...
Unpacking m4 (1.4.18-2) ...
Selecting previously unselected package autoconf.
Preparing to unpack .../12-autoconf_2.69-11_all.deb ...
Unpacking autoconf (2.69-11) ...
Selecting previously unselected package autotools-dev.
Preparing to unpack .../13-autotools-dev_20180224.1_all.deb ...
Unpacking autotools-dev (20180224.1) ...
Selecting previously unselected package automake.
Preparing to unpack .../14-automake_1%3a1.16.1-4_all.deb ...
Unpacking automake (1:1.16.1-4) ...
Selecting previously unselected package autopoint.
Preparing to unpack .../15-autopoint_0.19.8.1-9_all.deb ...
Unpacking autopoint (0.19.8.1-9) ...
Selecting previously unselected package libtool.
Preparing to unpack .../16-libtool_2.4.6-6_all.deb ...
Unpacking libtool (2.4.6-6) ...
Selecting previously unselected package dh-autoreconf.
Preparing to unpack .../17-dh-autoreconf_19_all.deb ...
Unpacking dh-autoreconf (19) ...
Selecting previously unselected package libarchive-zip-perl.
Preparing to unpack .../18-libarchive-zip-perl_1.64-1_all.deb ...
Unpacking libarchive-zip-perl (1.64-1) ...
Selecting previously unselected package libfile-stripnondeterminism-perl.
Preparing to unpack .../19-libfile-stripnondeterminism-perl_1.0.0-1_all.deb ...
Unpacking libfile-stripnondeterminism-perl (1.0.0-1) ...
Selecting previously unselected package dh-strip-nondeterminism.
Preparing to unpack .../20-dh-strip-nondeterminism_1.0.0-1_all.deb ...
Unpacking dh-strip-nondeterminism (1.0.0-1) ...
Selecting previously unselected package libelf1:amd64.
Preparing to unpack .../21-libelf1_0.175-2_amd64.deb ...
Unpacking libelf1:amd64 (0.175-2) ...
Selecting previously unselected package dwz.
Preparing to unpack .../22-dwz_0.12-3_amd64.deb ...
Unpacking dwz (0.12-3) ...
Selecting previously unselected package libglib2.0-0:amd64.
Preparing to unpack .../23-libglib2.0-0_2.58.1-2_amd64.deb ...
Unpacking libglib2.0-0:amd64 (2.58.1-2) ...
Selecting previously unselected package libicu63:amd64.
Preparing to unpack .../24-libicu63_63.1-5_amd64.deb ...
Unpacking libicu63:amd64 (63.1-5) ...
Selecting previously unselected package libxml2:amd64.
Preparing to unpack .../25-libxml2_2.9.4+dfsg1-7+b3_amd64.deb ...
Unpacking libxml2:amd64 (2.9.4+dfsg1-7+b3) ...
Selecting previously unselected package libcroco3:amd64.
Preparing to unpack .../26-libcroco3_0.6.12-3_amd64.deb ...
Unpacking libcroco3:amd64 (0.6.12-3) ...
Selecting previously unselected package libncurses6:amd64.
Preparing to unpack .../27-libncurses6_6.1+20181013-1_amd64.deb ...
Unpacking libncurses6:amd64 (6.1+20181013-1) ...
Selecting previously unselected package gettext.
Preparing to unpack .../28-gettext_0.19.8.1-9_amd64.deb ...
Unpacking gettext (0.19.8.1-9) ...
Selecting previously unselected package intltool-debian.
Preparing to unpack .../29-intltool-debian_0.35.0+20060710.4_all.deb ...
Unpacking intltool-debian (0.35.0+20060710.4) ...
Selecting previously unselected package po-debconf.
Preparing to unpack .../30-po-debconf_1.0.21_all.deb ...
Unpacking po-debconf (1.0.21) ...
Selecting previously unselected package debhelper.
Preparing to unpack .../31-debhelper_12_all.deb ...
Unpacking debhelper (12) ...
Selecting previously unselected package sbuild-build-depends-bing-dummy.
Preparing to unpack .../32-sbuild-build-depends-bing-dummy_0.invalid.0_amd64.deb ...
Unpacking sbuild-build-depends-bing-dummy (0.invalid.0) ...
Setting up libarchive-zip-perl (1.64-1) ...
Setting up libicu63:amd64 (63.1-5) ...
Setting up libsigsegv2:amd64 (2.12-2) ...
Setting up libelf1:amd64 (0.175-2) ...
Setting up libglib2.0-0:amd64 (2.58.1-2) ...
No schema files found: doing nothing.
Setting up gettext-base (0.19.8.1-9) ...
Setting up libpipeline1:amd64 (1.5.0-2) ...
Setting up m4 (1.4.18-2) ...
Setting up libxml2:amd64 (2.9.4+dfsg1-7+b3) ...
Setting up libuchardet0:amd64 (0.0.6-3) ...
Setting up libmagic-mgc (1:5.34-2) ...
Setting up libmagic1:amd64 (1:5.34-2) ...
Setting up libcroco3:amd64 (0.6.12-3) ...
Setting up sensible-utils (0.0.12) ...
Processing triggers for libc-bin (2.28-4) ...
Setting up dwz (0.12-3) ...
Setting up autotools-dev (20180224.1) ...
Setting up bsdmainutils (11.1.2+b1) ...
update-alternatives: using /usr/bin/bsd-write to provide /usr/bin/write (write) in auto mode
update-alternatives: using /usr/bin/bsd-from to provide /usr/bin/from (from) in auto mode
Setting up libncurses6:amd64 (6.1+20181013-1) ...
Setting up autopoint (0.19.8.1-9) ...
Setting up libfile-stripnondeterminism-perl (1.0.0-1) ...
Setting up gettext (0.19.8.1-9) ...
Setting up groff-base (1.22.4-1) ...
Setting up autoconf (2.69-11) ...
Setting up file (1:5.34-2) ...
Setting up intltool-debian (0.35.0+20060710.4) ...
Setting up automake (1:1.16.1-4) ...
update-alternatives: using /usr/bin/automake-1.16 to provide /usr/bin/automake (automake) in auto mode
Setting up man-db (2.8.4-3) ...
Not building database; man-db/auto-update is not 'true'.
Setting up libtool (2.4.6-6) ...
Setting up po-debconf (1.0.21) ...
Setting up dh-autoreconf (19) ...
Setting up dh-strip-nondeterminism (1.0.0-1) ...
Setting up debhelper (12) ...
Setting up sbuild-build-depends-bing-dummy (0.invalid.0) ...
Processing triggers for libc-bin (2.28-4) ...

+------------------------------------------------------------------------------+
| Build environment                                                            |
+------------------------------------------------------------------------------+

Kernel: Linux 4.9.0-8-amd64 amd64 (x86_64)
Toolchain package versions: binutils_2.31.1-11 dpkg-dev_1.19.2 g++-8_8.2.0-13 gcc-8_8.2.0-13 libc6-dev_2.28-4 libstdc++-8-dev_8.2.0-13 libstdc++6_8.2.0-13 linux-libc-dev_4.19.13-1
Package versions: adduser_3.118 apt_1.8.0~alpha3 autoconf_2.69-11 automake_1:1.16.1-4 autopoint_0.19.8.1-9 autotools-dev_20180224.1 base-files_10.1 base-passwd_3.5.45 bash_4.4.18-3.1 binutils_2.31.1-11 binutils-common_2.31.1-11 binutils-x86-64-linux-gnu_2.31.1-11 bsdmainutils_11.1.2+b1 bsdutils_1:2.33-0.2 build-essential_12.5 bzip2_1.0.6-9 clang-7_1:7.0.1-3 coreutils_8.30-1 cpp_4:8.2.0-2 cpp-8_8.2.0-13 dash_0.5.10.2-4 debconf_1.5.69 debhelper_12 debian-archive-keyring_2018.1 debianutils_4.8.6 dh-autoreconf_19 dh-strip-nondeterminism_1.0.0-1 diffutils_1:3.6-1 dpkg_1.19.2 dpkg-dev_1.19.2 dwz_0.12-3 e2fsprogs_1.44.5-1 fakeroot_1.23-1 fdisk_2.33-0.2 file_1:5.34-2 findutils_4.6.0+git+20181018-1 g++_4:8.2.0-2 g++-8_8.2.0-13 gcc_4:8.2.0-2 gcc-8_8.2.0-13 gcc-8-base_8.2.0-13 gettext_0.19.8.1-9 gettext-base_0.19.8.1-9 gpgv_2.2.12-1 grep_3.1-3 groff-base_1.22.4-1 gzip_1.9-2.1 hostname_3.21 init-system-helpers_1.56+nmu1 intltool-debian_0.35.0+20060710.4 lib32gcc1_1:8.2.0-13 lib32stdc++6_8.2.0-13 libacl1_2.2.52-3+b1 libapt-pkg5.0_1.8.0~alpha3 libarchive-zip-perl_1.64-1 libasan5_8.2.0-13 libatomic1_8.2.0-13 libattr1_1:2.4.47-2+b2 libaudit-common_1:2.8.4-2 libaudit1_1:2.8.4-2 libbinutils_2.31.1-11 libblkid1_2.33-0.2 libbsd0_0.9.1-1 libbz2-1.0_1.0.6-9 libc-bin_2.28-4 libc-dev-bin_2.28-4 libc6_2.28-4 libc6-dev_2.28-4 libc6-i386_2.28-4 libcap-ng0_0.7.9-1+b1 libcc1-0_8.2.0-13 libclang-common-7-dev_1:7.0.1-3 libclang1-7_1:7.0.1-3 libcom-err2_1.44.5-1 libcroco3_0.6.12-3 libdb5.3_5.3.28+dfsg1-0.2 libdebconfclient0_0.246 libdpkg-perl_1.19.2 libedit2_3.1-20181209-1 libelf1_0.175-2 libext2fs2_1.44.5-1 libfakeroot_1.23-1 libfdisk1_2.33-0.2 libffi6_3.2.1-9 libfile-stripnondeterminism-perl_1.0.0-1 libgc1c2_1:7.6.4-0.4 libgcc-8-dev_8.2.0-13 libgcc1_1:8.2.0-13 libgcrypt20_1.8.4-4 libgdbm-compat4_1.18.1-2 libgdbm6_1.18.1-2 libglib2.0-0_2.58.1-2 libgmp10_2:6.1.2+dfsg-4 libgnutls30_3.6.5-2 libgomp1_8.2.0-13 libgpg-error0_1.33-3 libhogweed4_3.4.1~rc1-1 libicu63_63.1-5 libidn2-0_2.0.5-1 libisl19_0.20-2 libitm1_8.2.0-13 libllvm7_1:7.0.1-3 liblsan0_8.2.0-13 liblz4-1_1.8.2-1 liblzma5_5.2.2-1.3 libmagic-mgc_1:5.34-2 libmagic1_1:5.34-2 libmount1_2.33-0.2 libmpc3_1.1.0-1 libmpfr6_4.0.1-2 libmpx2_8.2.0-13 libncurses6_6.1+20181013-1 libncursesw6_6.1+20181013-1 libnettle6_3.4.1~rc1-1 libobjc-8-dev_8.2.0-13 libobjc4_8.2.0-13 libp11-kit0_0.23.14-2 libpam-modules_1.1.8-3.8 libpam-modules-bin_1.1.8-3.8 libpam-runtime_1.1.8-3.8 libpam0g_1.1.8-3.8 libpcre3_2:8.39-11 libperl5.28_5.28.1-3 libpipeline1_1.5.0-2 libquadmath0_8.2.0-13 libseccomp2_2.3.3-3 libselinux1_2.8-1+b1 libsemanage-common_2.8-1 libsemanage1_2.8-1+b1 libsepol1_2.8-1 libsigsegv2_2.12-2 libsmartcols1_2.33-0.2 libss2_1.44.5-1 libstdc++-8-dev_8.2.0-13 libstdc++6_8.2.0-13 libsystemd0_240-2 libtasn1-6_4.13-3 libtinfo6_6.1+20181013-1 libtool_2.4.6-6 libtsan0_8.2.0-13 libubsan1_8.2.0-13 libuchardet0_0.0.6-3 libudev1_240-2 libunistring2_0.9.10-1 libuuid1_2.33-0.2 libxml2_2.9.4+dfsg1-7+b3 libzstd1_1.3.5+dfsg-2 linux-libc-dev_4.19.13-1 login_1:4.5-1.1 m4_1.4.18-2 make_4.2.1-1.2 man-db_2.8.4-3 mawk_1.3.3-17+b3 mount_2.33-0.2 ncurses-base_6.1+20181013-1 ncurses-bin_6.1+20181013-1 passwd_1:4.5-1.1 patch_2.7.6-3 perl_5.28.1-3 perl-base_5.28.1-3 perl-modules-5.28_5.28.1-3 po-debconf_1.0.21 sbuild-build-depends-bing-dummy_0.invalid.0 sbuild-build-depends-core-dummy_0.invalid.0 sed_4.7-1 sensible-utils_0.0.12 sysvinit-utils_2.93-2 tar_1.30+dfsg-3 tzdata_2018i-1 util-linux_2.33-0.2 xz-utils_5.2.2-1.3 zlib1g_1:1.2.11.dfsg-1

+------------------------------------------------------------------------------+
| Build                                                                        |
+------------------------------------------------------------------------------+


Unpack source
-------------

gpgv: unknown type of key resource 'trustedkeys.kbx'
gpgv: keyblock resource '/sbuild-nonexistent/.gnupg/trustedkeys.kbx': General error
gpgv: Signature made Mon Jul  3 11:22:53 2017 UTC
gpgv:                using RSA key 58A03DC582425A4DC8B90E1312D9B04A90CBD8E4
gpgv: Can't check signature: No public key
dpkg-source: warning: failed to verify signature on ./bing_1.3.5-2.dsc
dpkg-source: info: extracting bing in /<<PKGBUILDDIR>>
dpkg-source: info: unpacking bing_1.3.5.orig.tar.gz
dpkg-source: info: unpacking bing_1.3.5-2.debian.tar.xz
dpkg-source: info: using patch list from debian/patches/series
dpkg-source: info: applying 01-fix-gcc-hardening.diff
dpkg-source: info: applying 02-comment-manpage-install.diff

Check disk space
----------------

Sufficient free space for build

User Environment
----------------

APT_CONFIG=/var/lib/sbuild/apt.conf
HOME=/sbuild-nonexistent
LANG=en_US.UTF-8
LC_ALL=POSIX
LOGNAME=user42
PATH=/usr/local/sbin:/usr/local/bin:/usr/sbin:/usr/bin:/sbin:/bin:/usr/games
SCHROOT_ALIAS_NAME=unstable
SCHROOT_CHROOT_NAME=sid-amd64-sbuild
SCHROOT_COMMAND=env
SCHROOT_GID=1001
SCHROOT_GROUP=user42
SCHROOT_SESSION_ID=sid-amd64-sbuild-af797f4d-4ef2-4caa-9af0-d4fb724d27d7
SCHROOT_UID=1001
SCHROOT_USER=user42
SHELL=/bin/sh
USER=user42

dpkg-buildpackage
-----------------

dpkg-buildpackage: info: source package bing
dpkg-buildpackage: info: source version 1.3.5-2
dpkg-buildpackage: info: source distribution unstable
dpkg-buildpackage: info: source changed by Patrick Matth√§i <pmatthaei@debian.org>
 dpkg-source --before-build .
dpkg-buildpackage: info: host architecture amd64
 fakeroot debian/rules clean
dh clean --with autoreconf
   dh_auto_clean
	make -j4 clean
make[1]: Entering directory '/<<PKGBUILDDIR>>'
/bin/rm -f bing bing.ps bing.0 bing.o bing_misc.o bing_probes.o bing_stats.o lin_reg.o icmp_ux.o
make[1]: Leaving directory '/<<PKGBUILDDIR>>'
   dh_clean
 debian/rules build-arch
dh build-arch --with autoreconf
   dh_update_autotools_config -a
   dh_autoreconf -a
   dh_auto_configure -a
   dh_auto_build -a
	make -j4
make[1]: Entering directory '/<<PKGBUILDDIR>>'
cc -g -O2 -fdebug-prefix-map=/<<PKGBUILDDIR>>=. -fstack-protector-strong -Wformat -Werror=format-security -Wdate-time -D_FORTIFY_SOURCE=2 -I.       -g -Wall -D_DEBUG -o bing.o -c bing.c
cc -g -O2 -fdebug-prefix-map=/<<PKGBUILDDIR>>=. -fstack-protector-strong -Wformat -Werror=format-security -Wdate-time -D_FORTIFY_SOURCE=2 -I.       -g -Wall -D_DEBUG -o bing_misc.o -c bing_misc.c
cc -g -O2 -fdebug-prefix-map=/<<PKGBUILDDIR>>=. -fstack-protector-strong -Wformat -Werror=format-security -Wdate-time -D_FORTIFY_SOURCE=2 -I.       -g -Wall -D_DEBUG -o bing_probes.o -c bing_probes.c
cc -g -O2 -fdebug-prefix-map=/<<PKGBUILDDIR>>=. -fstack-protector-strong -Wformat -Werror=format-security -Wdate-time -D_FORTIFY_SOURCE=2 -I.       -g -Wall -D_DEBUG -o bing_stats.o -c bing_stats.c
bing_misc.c:208:46: error: too many arguments provided to function-like macro invocation
                snprintf(snfargs(host_string,sizeof(host_string),"%s/%s"),
                                             ^
/usr/include/x86_64-linux-gnu/sys/cdefs.h:123:9: note: macro '__bos' defined here
#define __bos(ptr) __builtin_object_size (ptr, __USE_FORTIFY_LEVEL > 1)
        ^
bing_misc.c:208:17: error: use of undeclared identifier '__bos'
                snprintf(snfargs(host_string,sizeof(host_string),"%s/%s"),
                ^
/usr/include/x86_64-linux-gnu/bits/stdio2.h:72:64: note: expanded from macro 'snprintf'
  __builtin___snprintf_chk (str, len, __USE_FORTIFY_LEVEL - 1, __bos (str), \
                                                               ^
bing_misc.c:211:46: error: too many arguments provided to function-like macro invocation
                snprintf(snfargs(host_string,sizeof(host_string),"<unknown>/%s"),
                                             ^
/usr/include/x86_64-linux-gnu/sys/cdefs.h:123:9: note: macro '__bos' defined here
#define __bos(ptr) __builtin_object_size (ptr, __USE_FORTIFY_LEVEL > 1)
        ^
bing_misc.c:211:17: error: expected expression
                snprintf(snfargs(host_string,sizeof(host_string),"<unknown>/%s"),
                ^
/usr/include/x86_64-linux-gnu/bits/stdio2.h:73:19: note: expanded from macro 'snprintf'
                            __VA_ARGS__)
                                       ^
bing_misc.c:211:17: error: use of undeclared identifier '__bos'
/usr/include/x86_64-linux-gnu/bits/stdio2.h:72:64: note: expanded from macro 'snprintf'
  __builtin___snprintf_chk (str, len, __USE_FORTIFY_LEVEL - 1, __bos (str), \
                                                               ^
5 errors generated.
make[1]: *** [Makefile:110: bing_misc.o] Error 1
make[1]: *** Waiting for unfinished jobs....
bing_probes.c:259:17: warning: implicitly declaring library function 'memcpy' with type 'void *(void *, const void *, unsigned long)' [-Wimplicit-function-declaration]
                memcpy(packet_data+i,state->pattern,
                ^
bing_probes.c:259:17: note: include the header <string.h> or explicitly provide a declaration for 'memcpy'
bing.c:186:36: warning: suggest braces around initialization of subobject [-Wmissing-braces]
struct sockaddr addr_none={PF_INET,0,0};
                                   ^~~
                                   {  }
bing.c:1197:20: warning: variable 'corr' is used uninitialized whenever 'if' condition is false [-Wsometimes-uninitialized]
        } else if (host->rtt_laws[1].host_reg.a!=0) {
                   ^~~~~~~~~~~~~~~~~~~~~~~~~~~~~~~
bing.c:1205:9: note: uninitialized use occurs here
    if (corr==0.0) {
        ^~~~
bing.c:1197:16: note: remove the 'if' if its condition is always true
        } else if (host->rtt_laws[1].host_reg.a!=0) {
               ^~~~~~~~~~~~~~~~~~~~~~~~~~~~~~~~~~~~~
bing.c:1181:13: warning: variable 'corr' is used uninitialized whenever 'if' condition is false [-Wsometimes-uninitialized]
        if (host->rtt_laws[0].host_reg.a!=0) {
            ^~~~~~~~~~~~~~~~~~~~~~~~~~~~~~~
bing.c:1205:9: note: uninitialized use occurs here
    if (corr==0.0) {
        ^~~~
bing.c:1181:9: note: remove the 'if' if its condition is always true
        if (host->rtt_laws[0].host_reg.a!=0) {
        ^~~~~~~~~~~~~~~~~~~~~~~~~~~~~~~~~~~~~
bing.c:1174:16: note: initialize the variable 'corr' to silence this warning
    double corr;
               ^
                = 0.0
bing.c:1422:5: warning: ignoring return value of function declared with 'warn_unused_result' attribute [-Wunused-result]
    setgid(getgid());
    ^~~~~~ ~~~~~~~~
bing.c:1423:5: warning: ignoring return value of function declared with 'warn_unused_result' attribute [-Wunused-result]
    setuid(getuid());
    ^~~~~~ ~~~~~~~~
bing.c:98:13: warning: unused variable 'rcsid' [-Wunused-variable]
static char rcsid[] = "$Id: bing.c,v 1.12 1999/10/24 22:45:03 fgouget Exp $";
            ^
1 warning generated.
6 warnings generated.
make[1]: Leaving directory '/<<PKGBUILDDIR>>'
dh_auto_build: make -j4 returned exit code 2
make: *** [debian/rules:6: build-arch] Error 2
dpkg-buildpackage: error: debian/rules build-arch subprocess returned exit status 2
--------------------------------------------------------------------------------
Build finished at 2019-01-01T10:02:25Z

Finished
--------


+------------------------------------------------------------------------------+
| Cleanup                                                                      |
+------------------------------------------------------------------------------+

Purging /<<BUILDDIR>>
Not cleaning session: cloned chroot in use
E: Build failure (dpkg-buildpackage died)

+------------------------------------------------------------------------------+
| Summary                                                                      |
+------------------------------------------------------------------------------+

Build Architecture: amd64
Build Type: any
Build-Space: 612
Build-Time: 1
Distribution: unstable
Fail-Stage: build
Host Architecture: amd64
Install-Time: 6
Job: bing_1.3.5-2
Machine Architecture: amd64
Package: bing
Package-Time: 20
Source-Version: 1.3.5-2
Space: 612
Status: attempted
Version: 1.3.5-2
--------------------------------------------------------------------------------
Finished at 2019-01-01T10:02:25Z
Build needed 00:00:20, 612k disk space
E: Build failure (dpkg-buildpackage died)
DC-Status: Failed 21.043108696s
