DC-Build-Header: sphde 1.4.0-2 / 2019-01-01 09:02:17 +0000
DC-Task: type:rebuild-binarch-only source:sphde version:1.4.0-2 chroot:unstable esttime:291 logfile:/tmp/sphde_1.4.0-2_unstable_clang7.log modes:clang7:binarch-only
DC-Sbuild-call: su user42 -c 'sbuild -n --arch-any --apt-update -d unstable -v  --chroot-setup-commands=/tmp/clang7 sphde_1.4.0-2'
sbuild (Debian sbuild) 0.73.0 (23 Dec 2016) on ip-172-31-9-106.eu-central-1.compute.internal

+==============================================================================+
| sphde 1.4.0-2 (amd64)                        Tue, 01 Jan 2019 09:02:17 +0000 |
+==============================================================================+

Package: sphde
Version: 1.4.0-2
Source Version: 1.4.0-2
Distribution: unstable
Machine Architecture: amd64
Host Architecture: amd64
Build Architecture: amd64
Build Type: any

I: NOTICE: Log filtering will replace 'var/run/schroot/mount/sid-amd64-sbuild-da24f498-9ded-4f6f-9a34-18c5121e7515' with '<<CHROOT>>'

+------------------------------------------------------------------------------+
| Chroot Setup Commands                                                        |
+------------------------------------------------------------------------------+


/tmp/clang7
-----------

+ echo 'Entering customization script...'
Entering customization script...
+ CLANG_VERSION=7
+ echo 'Install of clang-7'
Install of clang-7
+ apt-get update
Get:1 http://127.0.0.1:9999/debian sid InRelease [238 kB]
Get:2 http://127.0.0.1:9999/debian sid/main Sources.diff/Index [27.9 kB]
Get:3 http://127.0.0.1:9999/debian sid/main amd64 Packages.diff/Index [27.9 kB]
Get:4 http://127.0.0.1:9999/debian sid/main Sources 2018-12-31-1417.22.pdiff [16.7 kB]
Get:5 http://127.0.0.1:9999/debian sid/main Sources 2018-12-31-2012.09.pdiff [15.0 kB]
Get:6 http://127.0.0.1:9999/debian sid/main Sources 2019-01-01-0216.00.pdiff [15.3 kB]
Get:6 http://127.0.0.1:9999/debian sid/main Sources 2019-01-01-0216.00.pdiff [15.3 kB]
Get:7 http://127.0.0.1:9999/debian sid/main amd64 Packages 2018-12-31-1417.22.pdiff [12.4 kB]
Get:8 http://127.0.0.1:9999/debian sid/main amd64 Packages 2018-12-31-2012.09.pdiff [12.1 kB]
Get:9 http://127.0.0.1:9999/debian sid/main amd64 Packages 2019-01-01-0216.00.pdiff [7889 B]
Get:9 http://127.0.0.1:9999/debian sid/main amd64 Packages 2019-01-01-0216.00.pdiff [7889 B]
Get:10 http://127.0.0.1:9999/debian sid/main Translation-en [6267 kB]
Fetched 6640 kB in 2s (3565 kB/s)
Reading package lists...
+ apt-get install --yes --no-install-recommends --force-yes clang-7
Reading package lists...
Building dependency tree...
The following additional packages will be installed:
  lib32gcc1 lib32stdc++6 libbsd0 libc6-i386 libclang-common-7-dev libclang1-7
  libedit2 libgc1c2 libllvm7 libobjc-8-dev libobjc4
Suggested packages:
  clang-7-doc
Recommended packages:
  llvm-7-dev python libomp-7-dev
The following NEW packages will be installed:
  clang-7 lib32gcc1 lib32stdc++6 libbsd0 libc6-i386 libclang-common-7-dev
  libclang1-7 libedit2 libgc1c2 libllvm7 libobjc-8-dev libobjc4
0 upgraded, 12 newly installed, 0 to remove and 1 not upgraded.
Need to get 34.1 MB of archives.
After this operation, 183 MB of additional disk space will be used.
Get:1 http://127.0.0.1:9999/debian sid/main amd64 libbsd0 amd64 0.9.1-1 [99.3 kB]
Get:2 http://127.0.0.1:9999/debian sid/main amd64 libedit2 amd64 3.1-20181209-1 [94.0 kB]
Get:3 http://127.0.0.1:9999/debian sid/main amd64 libllvm7 amd64 1:7.0.1-3 [13.0 MB]
Get:4 http://127.0.0.1:9999/debian sid/main amd64 libgc1c2 amd64 1:7.6.4-0.4 [224 kB]
Get:5 http://127.0.0.1:9999/debian sid/main amd64 libobjc4 amd64 8.2.0-13 [50.4 kB]
Get:6 http://127.0.0.1:9999/debian sid/main amd64 libobjc-8-dev amd64 8.2.0-13 [224 kB]
Get:7 http://127.0.0.1:9999/debian sid/main amd64 libc6-i386 amd64 2.28-4 [2873 kB]
Get:8 http://127.0.0.1:9999/debian sid/main amd64 lib32gcc1 amd64 1:8.2.0-13 [47.9 kB]
Get:9 http://127.0.0.1:9999/debian sid/main amd64 lib32stdc++6 amd64 8.2.0-13 [406 kB]
Get:10 http://127.0.0.1:9999/debian sid/main amd64 libclang-common-7-dev amd64 1:7.0.1-3 [3157 kB]
Get:11 http://127.0.0.1:9999/debian sid/main amd64 libclang1-7 amd64 1:7.0.1-3 [5992 kB]
Get:12 http://127.0.0.1:9999/debian sid/main amd64 clang-7 amd64 1:7.0.1-3 [7890 kB]
debconf: delaying package configuration, since apt-utils is not installed
Fetched 34.1 MB in 0s (117 MB/s)
Selecting previously unselected package libbsd0:amd64.
(Reading database ... (Reading database ... 5%(Reading database ... 10%(Reading database ... 15%(Reading database ... 20%(Reading database ... 25%(Reading database ... 30%(Reading database ... 35%(Reading database ... 40%(Reading database ... 45%(Reading database ... 50%(Reading database ... 55%(Reading database ... 60%(Reading database ... 65%(Reading database ... 70%(Reading database ... 75%(Reading database ... 80%(Reading database ... 85%(Reading database ... 90%(Reading database ... 95%(Reading database ... 100%(Reading database ... 11801 files and directories currently installed.)
Preparing to unpack .../00-libbsd0_0.9.1-1_amd64.deb ...
Unpacking libbsd0:amd64 (0.9.1-1) ...
Selecting previously unselected package libedit2:amd64.
Preparing to unpack .../01-libedit2_3.1-20181209-1_amd64.deb ...
Unpacking libedit2:amd64 (3.1-20181209-1) ...
Selecting previously unselected package libllvm7:amd64.
Preparing to unpack .../02-libllvm7_1%3a7.0.1-3_amd64.deb ...
Unpacking libllvm7:amd64 (1:7.0.1-3) ...
Selecting previously unselected package libgc1c2:amd64.
Preparing to unpack .../03-libgc1c2_1%3a7.6.4-0.4_amd64.deb ...
Unpacking libgc1c2:amd64 (1:7.6.4-0.4) ...
Selecting previously unselected package libobjc4:amd64.
Preparing to unpack .../04-libobjc4_8.2.0-13_amd64.deb ...
Unpacking libobjc4:amd64 (8.2.0-13) ...
Selecting previously unselected package libobjc-8-dev:amd64.
Preparing to unpack .../05-libobjc-8-dev_8.2.0-13_amd64.deb ...
Unpacking libobjc-8-dev:amd64 (8.2.0-13) ...
Selecting previously unselected package libc6-i386.
Preparing to unpack .../06-libc6-i386_2.28-4_amd64.deb ...
Unpacking libc6-i386 (2.28-4) ...
Selecting previously unselected package lib32gcc1.
Preparing to unpack .../07-lib32gcc1_1%3a8.2.0-13_amd64.deb ...
Unpacking lib32gcc1 (1:8.2.0-13) ...
Selecting previously unselected package lib32stdc++6.
Preparing to unpack .../08-lib32stdc++6_8.2.0-13_amd64.deb ...
Unpacking lib32stdc++6 (8.2.0-13) ...
Selecting previously unselected package libclang-common-7-dev.
Preparing to unpack .../09-libclang-common-7-dev_1%3a7.0.1-3_amd64.deb ...
Unpacking libclang-common-7-dev (1:7.0.1-3) ...
Selecting previously unselected package libclang1-7:amd64.
Preparing to unpack .../10-libclang1-7_1%3a7.0.1-3_amd64.deb ...
Unpacking libclang1-7:amd64 (1:7.0.1-3) ...
Selecting previously unselected package clang-7.
Preparing to unpack .../11-clang-7_1%3a7.0.1-3_amd64.deb ...
Unpacking clang-7 (1:7.0.1-3) ...
Setting up libgc1c2:amd64 (1:7.6.4-0.4) ...
Setting up libc6-i386 (2.28-4) ...
Setting up libbsd0:amd64 (0.9.1-1) ...
Processing triggers for libc-bin (2.28-4) ...
Setting up lib32gcc1 (1:8.2.0-13) ...
Setting up libedit2:amd64 (3.1-20181209-1) ...
Setting up libobjc4:amd64 (8.2.0-13) ...
Setting up libobjc-8-dev:amd64 (8.2.0-13) ...
Setting up libllvm7:amd64 (1:7.0.1-3) ...
Setting up libclang1-7:amd64 (1:7.0.1-3) ...
Setting up lib32stdc++6 (8.2.0-13) ...
Setting up libclang-common-7-dev (1:7.0.1-3) ...
Setting up clang-7 (1:7.0.1-3) ...
Processing triggers for libc-bin (2.28-4) ...
W: --force-yes is deprecated, use one of the options starting with --allow instead.
+ echo 'Replace gcc, g++ & cpp by clang'
Replace gcc, g++ & cpp by clang
+ VERSIONS='4.6 4.7 4.8 4.9 5 6 7 8'
+ cd /usr/bin
+ for VERSION in $VERSIONS
+ rm -f g++-4.6 gcc-4.6 cpp-4.6 gcc
+ ln -s clang++-7 g++-4.6
+ ln -s clang-7 gcc-4.6
+ ln -s clang-7 cpp-4.6
+ ln -s clang-7 gcc
+ echo 'gcc-4.6 hold'
+ dpkg --set-selections
dpkg: warning: package not in status nor available database at line 1: gcc-4.6
dpkg: warning: found unknown packages; this might mean the available database
is outdated, and needs to be updated through a frontend method;
please see the FAQ <https://wiki.debian.org/Teams/Dpkg/FAQ>
+ echo 'g++-4.6 hold'
+ dpkg --set-selections
dpkg: warning: package not in status nor available database at line 1: g++-4.6
dpkg: warning: found unknown packages; this might mean the available database
is outdated, and needs to be updated through a frontend method;
please see the FAQ <https://wiki.debian.org/Teams/Dpkg/FAQ>
+ for VERSION in $VERSIONS
+ rm -f g++-4.7 gcc-4.7 cpp-4.7 gcc
+ ln -s clang++-7 g++-4.7
+ ln -s clang-7 gcc-4.7
+ ln -s clang-7 cpp-4.7
+ ln -s clang-7 gcc
+ echo 'gcc-4.7 hold'
+ dpkg --set-selections
dpkg: warning: package not in status nor available database at line 1: gcc-4.7
dpkg: warning: found unknown packages; this might mean the available database
is outdated, and needs to be updated through a frontend method;
please see the FAQ <https://wiki.debian.org/Teams/Dpkg/FAQ>
+ echo 'g++-4.7 hold'
+ dpkg --set-selections
dpkg: warning: package not in status nor available database at line 1: g++-4.7
dpkg: warning: found unknown packages; this might mean the available database
is outdated, and needs to be updated through a frontend method;
please see the FAQ <https://wiki.debian.org/Teams/Dpkg/FAQ>
+ for VERSION in $VERSIONS
+ rm -f g++-4.8 gcc-4.8 cpp-4.8 gcc
+ ln -s clang++-7 g++-4.8
+ ln -s clang-7 gcc-4.8
+ ln -s clang-7 cpp-4.8
+ ln -s clang-7 gcc
+ echo 'gcc-4.8 hold'
+ dpkg --set-selections
dpkg: warning: package not in status nor available database at line 1: gcc-4.8
dpkg: warning: found unknown packages; this might mean the available database
is outdated, and needs to be updated through a frontend method;
please see the FAQ <https://wiki.debian.org/Teams/Dpkg/FAQ>
+ echo 'g++-4.8 hold'
+ dpkg --set-selections
dpkg: warning: package not in status nor available database at line 1: g++-4.8
dpkg: warning: found unknown packages; this might mean the available database
is outdated, and needs to be updated through a frontend method;
please see the FAQ <https://wiki.debian.org/Teams/Dpkg/FAQ>
+ for VERSION in $VERSIONS
+ rm -f g++-4.9 gcc-4.9 cpp-4.9 gcc
+ ln -s clang++-7 g++-4.9
+ ln -s clang-7 gcc-4.9
+ ln -s clang-7 cpp-4.9
+ ln -s clang-7 gcc
+ echo 'gcc-4.9 hold'
+ dpkg --set-selections
dpkg: warning: package not in status nor available database at line 1: gcc-4.9
dpkg: warning: found unknown packages; this might mean the available database
is outdated, and needs to be updated through a frontend method;
please see the FAQ <https://wiki.debian.org/Teams/Dpkg/FAQ>
+ echo 'g++-4.9 hold'
+ dpkg --set-selections
dpkg: warning: package not in status nor available database at line 1: g++-4.9
dpkg: warning: found unknown packages; this might mean the available database
is outdated, and needs to be updated through a frontend method;
please see the FAQ <https://wiki.debian.org/Teams/Dpkg/FAQ>
+ for VERSION in $VERSIONS
+ rm -f g++-5 gcc-5 cpp-5 gcc
+ ln -s clang++-7 g++-5
+ ln -s clang-7 gcc-5
+ ln -s clang-7 cpp-5
+ ln -s clang-7 gcc
+ echo 'gcc-5 hold'
+ dpkg --set-selections
dpkg: warning: package not in status nor available database at line 1: gcc-5
dpkg: warning: found unknown packages; this might mean the available database
is outdated, and needs to be updated through a frontend method;
please see the FAQ <https://wiki.debian.org/Teams/Dpkg/FAQ>
+ echo 'g++-5 hold'
+ dpkg --set-selections
dpkg: warning: package not in status nor available database at line 1: g++-5
dpkg: warning: found unknown packages; this might mean the available database
is outdated, and needs to be updated through a frontend method;
please see the FAQ <https://wiki.debian.org/Teams/Dpkg/FAQ>
+ for VERSION in $VERSIONS
+ rm -f g++-6 gcc-6 cpp-6 gcc
+ ln -s clang++-7 g++-6
+ ln -s clang-7 gcc-6
+ ln -s clang-7 cpp-6
+ ln -s clang-7 gcc
+ echo 'gcc-6 hold'
+ dpkg --set-selections
dpkg: warning: package not in status nor available database at line 1: gcc-6
dpkg: warning: found unknown packages; this might mean the available database
is outdated, and needs to be updated through a frontend method;
please see the FAQ <https://wiki.debian.org/Teams/Dpkg/FAQ>
+ echo 'g++-6 hold'
+ dpkg --set-selections
dpkg: warning: package not in status nor available database at line 1: g++-6
dpkg: warning: found unknown packages; this might mean the available database
is outdated, and needs to be updated through a frontend method;
please see the FAQ <https://wiki.debian.org/Teams/Dpkg/FAQ>
+ for VERSION in $VERSIONS
+ rm -f g++-7 gcc-7 cpp-7 gcc
+ ln -s clang++-7 g++-7
+ ln -s clang-7 gcc-7
+ ln -s clang-7 cpp-7
+ ln -s clang-7 gcc
+ echo 'gcc-7 hold'
+ dpkg --set-selections
dpkg: warning: package not in status nor available database at line 1: gcc-7
dpkg: warning: found unknown packages; this might mean the available database
is outdated, and needs to be updated through a frontend method;
please see the FAQ <https://wiki.debian.org/Teams/Dpkg/FAQ>
+ echo 'g++-7 hold'
+ dpkg --set-selections
dpkg: warning: package not in status nor available database at line 1: g++-7
dpkg: warning: found unknown packages; this might mean the available database
is outdated, and needs to be updated through a frontend method;
please see the FAQ <https://wiki.debian.org/Teams/Dpkg/FAQ>
+ for VERSION in $VERSIONS
+ rm -f g++-8 gcc-8 cpp-8 gcc
+ ln -s clang++-7 g++-8
+ ln -s clang-7 gcc-8
+ ln -s clang-7 cpp-8
+ ln -s clang-7 gcc
+ echo 'gcc-8 hold'
+ dpkg --set-selections
+ echo 'g++-8 hold'
+ dpkg --set-selections
+ cd -
/build/sphde-IXOiSa
+ echo 'Check if gcc, g++ & cpp are actually clang'
Check if gcc, g++ & cpp are actually clang
+ gcc --version
+ grep clang
+ cpp --version
+ grep clang
+ g++ --version
+ grep clang

I: Finished running '/tmp/clang7'.

Finished processing commands.
--------------------------------------------------------------------------------

+------------------------------------------------------------------------------+
| Update chroot                                                                |
+------------------------------------------------------------------------------+

Hit:1 http://127.0.0.1:9999/debian sid InRelease
Reading package lists...
Reading package lists...
Building dependency tree...
Reading state information...
Calculating upgrade...
The following packages will be upgraded:
  tzdata
1 upgraded, 0 newly installed, 0 to remove and 0 not upgraded.
Need to get 258 kB of archives.
After this operation, 0 B of additional disk space will be used.
Get:1 http://127.0.0.1:9999/debian sid/main amd64 tzdata all 2018i-1 [258 kB]
debconf: delaying package configuration, since apt-utils is not installed
Fetched 258 kB in 0s (5404 kB/s)
(Reading database ... (Reading database ... 5%(Reading database ... 10%(Reading database ... 15%(Reading database ... 20%(Reading database ... 25%(Reading database ... 30%(Reading database ... 35%(Reading database ... 40%(Reading database ... 45%(Reading database ... 50%(Reading database ... 55%(Reading database ... 60%(Reading database ... 65%(Reading database ... 70%(Reading database ... 75%(Reading database ... 80%(Reading database ... 85%(Reading database ... 90%(Reading database ... 95%(Reading database ... 100%(Reading database ... 12570 files and directories currently installed.)
Preparing to unpack .../tzdata_2018i-1_all.deb ...
Unpacking tzdata (2018i-1) over (2018h-1) ...
Setting up tzdata (2018i-1) ...

Current default time zone: 'Etc/UTC'
Local time is now:      Tue Jan  1 09:02:29 UTC 2019.
Universal Time is now:  Tue Jan  1 09:02:29 UTC 2019.
Run 'dpkg-reconfigure tzdata' if you wish to change it.


+------------------------------------------------------------------------------+
| Fetch source files                                                           |
+------------------------------------------------------------------------------+


Check APT
---------

Checking available source versions...

Download source files with APT
------------------------------

Reading package lists...
NOTICE: 'sphde' packaging is maintained in the 'Git' version control system at:
https://salsa.debian.org/debian/sphde.git
Please use:
git clone https://salsa.debian.org/debian/sphde.git
to retrieve the latest (possibly unreleased) updates to the package.
Need to get 712 kB of source archives.
Get:1 http://127.0.0.1:9999/debian sid/main sphde 1.4.0-2 (dsc) [2037 B]
Get:2 http://127.0.0.1:9999/debian sid/main sphde 1.4.0-2 (tar) [698 kB]
Get:3 http://127.0.0.1:9999/debian sid/main sphde 1.4.0-2 (diff) [12.7 kB]
Fetched 712 kB in 0s (4133 kB/s)
Download complete and in download only mode
I: NOTICE: Log filtering will replace 'build/sphde-IXOiSa/sphde-1.4.0' with '<<PKGBUILDDIR>>'
I: NOTICE: Log filtering will replace 'build/sphde-IXOiSa' with '<<BUILDDIR>>'

+------------------------------------------------------------------------------+
| Install build-essential                                                      |
+------------------------------------------------------------------------------+


Setup apt archive
-----------------

Merged Build-Depends: build-essential, fakeroot
Filtered Build-Depends: build-essential, fakeroot
dpkg-deb: building package 'sbuild-build-depends-core-dummy' in '/<<BUILDDIR>>/resolver-tJkS5A/apt_archive/sbuild-build-depends-core-dummy.deb'.
dpkg-scanpackages: warning: Packages in archive but missing from override file:
dpkg-scanpackages: warning:   sbuild-build-depends-core-dummy
dpkg-scanpackages: info: Wrote 1 entries to output Packages file.
Ign:1 copy:/<<BUILDDIR>>/resolver-tJkS5A/apt_archive ./ InRelease
Get:2 copy:/<<BUILDDIR>>/resolver-tJkS5A/apt_archive ./ Release [957 B]
Ign:3 copy:/<<BUILDDIR>>/resolver-tJkS5A/apt_archive ./ Release.gpg
Get:4 copy:/<<BUILDDIR>>/resolver-tJkS5A/apt_archive ./ Sources [349 B]
Get:5 copy:/<<BUILDDIR>>/resolver-tJkS5A/apt_archive ./ Packages [432 B]
Fetched 1738 B in 0s (0 B/s)
Reading package lists...
Reading package lists...

Install core build dependencies (apt-based resolver)
----------------------------------------------------

Installing build dependencies
Reading package lists...
Building dependency tree...
Reading state information...
The following NEW packages will be installed:
  sbuild-build-depends-core-dummy
0 upgraded, 1 newly installed, 0 to remove and 0 not upgraded.
Need to get 852 B of archives.
After this operation, 0 B of additional disk space will be used.
Get:1 copy:/<<BUILDDIR>>/resolver-tJkS5A/apt_archive ./ sbuild-build-depends-core-dummy 0.invalid.0 [852 B]
debconf: delaying package configuration, since apt-utils is not installed
Fetched 852 B in 0s (0 B/s)
Selecting previously unselected package sbuild-build-depends-core-dummy.
(Reading database ... 12570 files and directories currently installed.)
Preparing to unpack .../sbuild-build-depends-core-dummy_0.invalid.0_amd64.deb ...
Unpacking sbuild-build-depends-core-dummy (0.invalid.0) ...
Setting up sbuild-build-depends-core-dummy (0.invalid.0) ...

+------------------------------------------------------------------------------+
| Check architectures                                                          |
+------------------------------------------------------------------------------+

Arch check ok (amd64 included in any all)

+------------------------------------------------------------------------------+
| Install package build dependencies                                           |
+------------------------------------------------------------------------------+


Setup apt archive
-----------------

Merged Build-Depends: debhelper (>= 11~), doxygen, graphviz, pkg-kde-tools
Filtered Build-Depends: debhelper (>= 11~), doxygen, graphviz, pkg-kde-tools
dpkg-deb: building package 'sbuild-build-depends-sphde-dummy' in '/<<BUILDDIR>>/resolver-tJkS5A/apt_archive/sbuild-build-depends-sphde-dummy.deb'.
dpkg-scanpackages: warning: Packages in archive but missing from override file:
dpkg-scanpackages: warning:   sbuild-build-depends-core-dummy sbuild-build-depends-sphde-dummy
dpkg-scanpackages: info: Wrote 2 entries to output Packages file.
Ign:1 copy:/<<BUILDDIR>>/resolver-tJkS5A/apt_archive ./ InRelease
Get:2 copy:/<<BUILDDIR>>/resolver-tJkS5A/apt_archive ./ Release [963 B]
Ign:3 copy:/<<BUILDDIR>>/resolver-tJkS5A/apt_archive ./ Release.gpg
Get:4 copy:/<<BUILDDIR>>/resolver-tJkS5A/apt_archive ./ Sources [510 B]
Get:5 copy:/<<BUILDDIR>>/resolver-tJkS5A/apt_archive ./ Packages [592 B]
Fetched 2065 B in 0s (0 B/s)
Reading package lists...
Reading package lists...

Install sphde build dependencies (apt-based resolver)
-----------------------------------------------------

Installing build dependencies
Reading package lists...
Building dependency tree...
Reading state information...
The following additional packages will be installed:
  autoconf automake autopoint autotools-dev bsdmainutils debhelper
  dh-autoreconf dh-strip-nondeterminism doxygen dwz file fontconfig
  fontconfig-config fonts-dejavu-core gettext gettext-base graphviz groff-base
  intltool-debian libarchive-zip-perl libcairo2 libcdt5 libcgraph6
  libclang1-6.0 libcroco3 libdatrie1 libelf1 libexpat1
  libfile-stripnondeterminism-perl libfontconfig1 libfreetype6 libfribidi0
  libgd3 libglib2.0-0 libgraphite2-3 libgts-0.7-5 libgvc6 libgvpr2
  libharfbuzz0b libice6 libicu63 libjbig0 libjpeg62-turbo liblab-gamut1
  libllvm6.0 libltdl7 libmagic-mgc libmagic1 libmpdec2 libncurses6
  libpango-1.0-0 libpangocairo-1.0-0 libpangoft2-1.0-0 libpathplan4
  libpipeline1 libpixman-1-0 libpng16-16 libpython3-stdlib
  libpython3.7-minimal libpython3.7-stdlib libreadline7 libsigsegv2 libsm6
  libsqlite3-0 libssl1.1 libthai-data libthai0 libtiff5 libtool libuchardet0
  libwebp6 libx11-6 libx11-data libxapian30 libxau6 libxaw7 libxcb-render0
  libxcb-shm0 libxcb1 libxdmcp6 libxdot4 libxext6 libxml2 libxmu6 libxpm4
  libxrender1 libxt6 lsb-base m4 man-db mime-support pkg-kde-tools po-debconf
  python3 python3-minimal python3.7 python3.7-minimal readline-common
  sensible-utils ucf x11-common
Suggested packages:
  autoconf-archive gnu-standards autoconf-doc wamerican | wordlist whois
  vacation dh-make doxygen-latex doxygen-doc doxygen-gui gettext-doc
  libasprintf-dev libgettextpo-dev gsfonts graphviz-doc groff libgd-tools
  libtool-doc gfortran | fortran95-compiler gcj-jdk xapian-tools m4-doc
  apparmor less www-browser cdbs libmail-box-perl python3-doc python3-tk
  python3-venv python3.7-venv python3.7-doc binfmt-support readline-doc
Recommended packages:
  curl | wget | lynx fonts-liberation libarchive-cpio-perl libglib2.0-data
  shared-mime-info xdg-user-dirs libgts-bin libgpm2 libltdl-dev libwww-perl
  libmail-sendmail-perl
The following NEW packages will be installed:
  autoconf automake autopoint autotools-dev bsdmainutils debhelper
  dh-autoreconf dh-strip-nondeterminism doxygen dwz file fontconfig
  fontconfig-config fonts-dejavu-core gettext gettext-base graphviz groff-base
  intltool-debian libarchive-zip-perl libcairo2 libcdt5 libcgraph6
  libclang1-6.0 libcroco3 libdatrie1 libelf1 libexpat1
  libfile-stripnondeterminism-perl libfontconfig1 libfreetype6 libfribidi0
  libgd3 libglib2.0-0 libgraphite2-3 libgts-0.7-5 libgvc6 libgvpr2
  libharfbuzz0b libice6 libicu63 libjbig0 libjpeg62-turbo liblab-gamut1
  libllvm6.0 libltdl7 libmagic-mgc libmagic1 libmpdec2 libncurses6
  libpango-1.0-0 libpangocairo-1.0-0 libpangoft2-1.0-0 libpathplan4
  libpipeline1 libpixman-1-0 libpng16-16 libpython3-stdlib
  libpython3.7-minimal libpython3.7-stdlib libreadline7 libsigsegv2 libsm6
  libsqlite3-0 libssl1.1 libthai-data libthai0 libtiff5 libtool libuchardet0
  libwebp6 libx11-6 libx11-data libxapian30 libxau6 libxaw7 libxcb-render0
  libxcb-shm0 libxcb1 libxdmcp6 libxdot4 libxext6 libxml2 libxmu6 libxpm4
  libxrender1 libxt6 lsb-base m4 man-db mime-support pkg-kde-tools po-debconf
  python3 python3-minimal python3.7 python3.7-minimal readline-common
  sbuild-build-depends-sphde-dummy sensible-utils ucf x11-common
0 upgraded, 102 newly installed, 0 to remove and 0 not upgraded.
Need to get 64.4 MB of archives.
After this operation, 237 MB of additional disk space will be used.
Get:1 copy:/<<BUILDDIR>>/resolver-tJkS5A/apt_archive ./ sbuild-build-depends-sphde-dummy 0.invalid.0 [880 B]
Get:2 http://127.0.0.1:9999/debian sid/main amd64 bsdmainutils amd64 11.1.2+b1 [191 kB]
Get:3 http://127.0.0.1:9999/debian sid/main amd64 libuchardet0 amd64 0.0.6-3 [64.9 kB]
Get:4 http://127.0.0.1:9999/debian sid/main amd64 groff-base amd64 1.22.4-1 [918 kB]
Get:5 http://127.0.0.1:9999/debian sid/main amd64 libpipeline1 amd64 1.5.0-2 [29.5 kB]
Get:6 http://127.0.0.1:9999/debian sid/main amd64 man-db amd64 2.8.4-3 [1194 kB]
Get:7 http://127.0.0.1:9999/debian sid/main amd64 libssl1.1 amd64 1.1.1a-1 [1527 kB]
Get:8 http://127.0.0.1:9999/debian sid/main amd64 libpython3.7-minimal amd64 3.7.2~rc1-1 [588 kB]
Get:9 http://127.0.0.1:9999/debian sid/main amd64 libexpat1 amd64 2.2.6-1 [105 kB]
Get:10 http://127.0.0.1:9999/debian sid/main amd64 python3.7-minimal amd64 3.7.2~rc1-1 [1731 kB]
Get:11 http://127.0.0.1:9999/debian sid/main amd64 python3-minimal amd64 3.7.1-3 [36.5 kB]
Get:12 http://127.0.0.1:9999/debian sid/main amd64 mime-support all 3.61 [37.1 kB]
Get:13 http://127.0.0.1:9999/debian sid/main amd64 libmpdec2 amd64 2.4.2-2 [87.2 kB]
Get:14 http://127.0.0.1:9999/debian sid/main amd64 readline-common all 7.0-5 [70.6 kB]
Get:15 http://127.0.0.1:9999/debian sid/main amd64 libreadline7 amd64 7.0-5 [151 kB]
Get:16 http://127.0.0.1:9999/debian sid/main amd64 libsqlite3-0 amd64 3.26.0+fossilbc891ac6b-1 [634 kB]
Get:17 http://127.0.0.1:9999/debian sid/main amd64 libpython3.7-stdlib amd64 3.7.2~rc1-1 [1732 kB]
Get:18 http://127.0.0.1:9999/debian sid/main amd64 python3.7 amd64 3.7.2~rc1-1 [322 kB]
Get:19 http://127.0.0.1:9999/debian sid/main amd64 libpython3-stdlib amd64 3.7.1-3 [20.0 kB]
Get:20 http://127.0.0.1:9999/debian sid/main amd64 python3 amd64 3.7.1-3 [61.5 kB]
Get:21 http://127.0.0.1:9999/debian sid/main amd64 sensible-utils all 0.0.12 [15.8 kB]
Get:22 http://127.0.0.1:9999/debian sid/main amd64 libmagic-mgc amd64 1:5.34-2 [239 kB]
Get:23 http://127.0.0.1:9999/debian sid/main amd64 libmagic1 amd64 1:5.34-2 [116 kB]
Get:24 http://127.0.0.1:9999/debian sid/main amd64 file amd64 1:5.34-2 [65.8 kB]
Get:25 http://127.0.0.1:9999/debian sid/main amd64 gettext-base amd64 0.19.8.1-9 [123 kB]
Get:26 http://127.0.0.1:9999/debian sid/main amd64 ucf all 3.0038+nmu1 [69.0 kB]
Get:27 http://127.0.0.1:9999/debian sid/main amd64 libsigsegv2 amd64 2.12-2 [32.8 kB]
Get:28 http://127.0.0.1:9999/debian sid/main amd64 m4 amd64 1.4.18-2 [203 kB]
Get:29 http://127.0.0.1:9999/debian sid/main amd64 autoconf all 2.69-11 [341 kB]
Get:30 http://127.0.0.1:9999/debian sid/main amd64 autotools-dev all 20180224.1 [77.0 kB]
Get:31 http://127.0.0.1:9999/debian sid/main amd64 automake all 1:1.16.1-4 [771 kB]
Get:32 http://127.0.0.1:9999/debian sid/main amd64 autopoint all 0.19.8.1-9 [434 kB]
Get:33 http://127.0.0.1:9999/debian sid/main amd64 libtool all 2.4.6-6 [547 kB]
Get:34 http://127.0.0.1:9999/debian sid/main amd64 dh-autoreconf all 19 [16.9 kB]
Get:35 http://127.0.0.1:9999/debian sid/main amd64 libarchive-zip-perl all 1.64-1 [96.8 kB]
Get:36 http://127.0.0.1:9999/debian sid/main amd64 libfile-stripnondeterminism-perl all 1.0.0-1 [19.5 kB]
Get:37 http://127.0.0.1:9999/debian sid/main amd64 dh-strip-nondeterminism all 1.0.0-1 [12.5 kB]
Get:38 http://127.0.0.1:9999/debian sid/main amd64 libelf1 amd64 0.175-2 [160 kB]
Get:39 http://127.0.0.1:9999/debian sid/main amd64 dwz amd64 0.12-3 [78.0 kB]
Get:40 http://127.0.0.1:9999/debian sid/main amd64 libglib2.0-0 amd64 2.58.1-2 [1223 kB]
Get:41 http://127.0.0.1:9999/debian sid/main amd64 libicu63 amd64 63.1-5 [8293 kB]
Get:42 http://127.0.0.1:9999/debian sid/main amd64 libxml2 amd64 2.9.4+dfsg1-7+b3 [687 kB]
Get:43 http://127.0.0.1:9999/debian sid/main amd64 libcroco3 amd64 0.6.12-3 [145 kB]
Get:44 http://127.0.0.1:9999/debian sid/main amd64 libncurses6 amd64 6.1+20181013-1 [102 kB]
Get:45 http://127.0.0.1:9999/debian sid/main amd64 gettext amd64 0.19.8.1-9 [1303 kB]
Get:46 http://127.0.0.1:9999/debian sid/main amd64 intltool-debian all 0.35.0+20060710.4 [26.3 kB]
Get:47 http://127.0.0.1:9999/debian sid/main amd64 po-debconf all 1.0.21 [248 kB]
Get:48 http://127.0.0.1:9999/debian sid/main amd64 debhelper all 12 [1002 kB]
Get:49 http://127.0.0.1:9999/debian sid/main amd64 libllvm6.0 amd64 1:6.0.1-9.2 [14.7 MB]
Get:50 http://127.0.0.1:9999/debian sid/main amd64 libclang1-6.0 amd64 1:6.0.1-9.2 [6959 kB]
Get:51 http://127.0.0.1:9999/debian sid/main amd64 libxapian30 amd64 1.4.9-1 [1101 kB]
Get:52 http://127.0.0.1:9999/debian sid/main amd64 doxygen amd64 1.8.13-10 [3985 kB]
Get:53 http://127.0.0.1:9999/debian sid/main amd64 libpng16-16 amd64 1.6.36-2 [292 kB]
Get:54 http://127.0.0.1:9999/debian sid/main amd64 libfreetype6 amd64 2.9.1-3 [379 kB]
Get:55 http://127.0.0.1:9999/debian sid/main amd64 fonts-dejavu-core all 2.37-1 [1068 kB]
Get:56 http://127.0.0.1:9999/debian sid/main amd64 fontconfig-config all 2.13.1-2 [280 kB]
Get:57 http://127.0.0.1:9999/debian sid/main amd64 libfontconfig1 amd64 2.13.1-2 [346 kB]
Get:58 http://127.0.0.1:9999/debian sid/main amd64 fontconfig amd64 2.13.1-2 [405 kB]
Get:59 http://127.0.0.1:9999/debian sid/main amd64 libpixman-1-0 amd64 0.36.0-1 [537 kB]
Get:60 http://127.0.0.1:9999/debian sid/main amd64 libxau6 amd64 1:1.0.8-1+b2 [19.9 kB]
Get:61 http://127.0.0.1:9999/debian sid/main amd64 libxdmcp6 amd64 1:1.1.2-3 [26.3 kB]
Get:62 http://127.0.0.1:9999/debian sid/main amd64 libxcb1 amd64 1.13.1-2 [137 kB]
Get:63 http://127.0.0.1:9999/debian sid/main amd64 libx11-data all 2:1.6.7-1 [298 kB]
Get:64 http://127.0.0.1:9999/debian sid/main amd64 libx11-6 amd64 2:1.6.7-1 [754 kB]
Get:65 http://127.0.0.1:9999/debian sid/main amd64 libxcb-render0 amd64 1.13.1-2 [109 kB]
Get:66 http://127.0.0.1:9999/debian sid/main amd64 libxcb-shm0 amd64 1.13.1-2 [99.2 kB]
Get:67 http://127.0.0.1:9999/debian sid/main amd64 libxext6 amd64 2:1.3.3-1+b2 [52.5 kB]
Get:68 http://127.0.0.1:9999/debian sid/main amd64 libxrender1 amd64 1:0.9.10-1 [33.0 kB]
Get:69 http://127.0.0.1:9999/debian sid/main amd64 libcairo2 amd64 1.16.0-2 [690 kB]
Get:70 http://127.0.0.1:9999/debian sid/main amd64 libcdt5 amd64 2.40.1-5+b2 [60.9 kB]
Get:71 http://127.0.0.1:9999/debian sid/main amd64 libcgraph6 amd64 2.40.1-5+b2 [84.5 kB]
Get:72 http://127.0.0.1:9999/debian sid/main amd64 libjpeg62-turbo amd64 1:1.5.2-2+b1 [134 kB]
Get:73 http://127.0.0.1:9999/debian sid/main amd64 libjbig0 amd64 2.1-3.1+b2 [31.0 kB]
Get:74 http://127.0.0.1:9999/debian sid/main amd64 libwebp6 amd64 0.6.1-2 [263 kB]
Get:75 http://127.0.0.1:9999/debian sid/main amd64 libtiff5 amd64 4.0.10-3 [257 kB]
Get:76 http://127.0.0.1:9999/debian sid/main amd64 libxpm4 amd64 1:3.5.12-1 [49.1 kB]
Get:77 http://127.0.0.1:9999/debian sid/main amd64 libgd3 amd64 2.2.5-5 [136 kB]
Get:78 http://127.0.0.1:9999/debian sid/main amd64 libgts-0.7-5 amd64 0.7.6+darcs121130-4 [158 kB]
Get:79 http://127.0.0.1:9999/debian sid/main amd64 libltdl7 amd64 2.4.6-6 [390 kB]
Get:80 http://127.0.0.1:9999/debian sid/main amd64 libfribidi0 amd64 1.0.5-3 [63.3 kB]
Get:81 http://127.0.0.1:9999/debian sid/main amd64 libthai-data all 0.1.28-1 [170 kB]
Get:82 http://127.0.0.1:9999/debian sid/main amd64 libdatrie1 amd64 0.2.12-1 [39.1 kB]
Get:83 http://127.0.0.1:9999/debian sid/main amd64 libthai0 amd64 0.1.28-1 [53.9 kB]
Get:84 http://127.0.0.1:9999/debian sid/main amd64 libpango-1.0-0 amd64 1.42.4-6 [185 kB]
Get:85 http://127.0.0.1:9999/debian sid/main amd64 libgraphite2-3 amd64 1.3.12-1 [80.2 kB]
Get:86 http://127.0.0.1:9999/debian sid/main amd64 libharfbuzz0b amd64 2.3.0-1 [1176 kB]
Get:87 http://127.0.0.1:9999/debian sid/main amd64 libpangoft2-1.0-0 amd64 1.42.4-6 [67.9 kB]
Get:88 http://127.0.0.1:9999/debian sid/main amd64 libpangocairo-1.0-0 amd64 1.42.4-6 [55.5 kB]
Get:89 http://127.0.0.1:9999/debian sid/main amd64 libpathplan4 amd64 2.40.1-5+b2 [63.8 kB]
Get:90 http://127.0.0.1:9999/debian sid/main amd64 libxdot4 amd64 2.40.1-5+b2 [57.2 kB]
Get:91 http://127.0.0.1:9999/debian sid/main amd64 libgvc6 amd64 2.40.1-5+b2 [647 kB]
Get:92 http://127.0.0.1:9999/debian sid/main amd64 libgvpr2 amd64 2.40.1-5+b2 [213 kB]
Get:93 http://127.0.0.1:9999/debian sid/main amd64 lsb-base all 10.2018112800 [28.3 kB]
Get:94 http://127.0.0.1:9999/debian sid/main amd64 x11-common all 1:7.7+19 [251 kB]
Get:95 http://127.0.0.1:9999/debian sid/main amd64 libice6 amd64 2:1.0.9-2 [58.7 kB]
Get:96 http://127.0.0.1:9999/debian sid/main amd64 liblab-gamut1 amd64 2.40.1-5+b2 [221 kB]
Get:97 http://127.0.0.1:9999/debian sid/main amd64 libsm6 amd64 2:1.2.2-1+b3 [33.3 kB]
Get:98 http://127.0.0.1:9999/debian sid/main amd64 libxt6 amd64 1:1.1.5-1 [188 kB]
Get:99 http://127.0.0.1:9999/debian sid/main amd64 libxmu6 amd64 2:1.1.2-2 [60.3 kB]
Get:100 http://127.0.0.1:9999/debian sid/main amd64 libxaw7 amd64 2:1.0.13-1+b2 [201 kB]
Get:101 http://127.0.0.1:9999/debian sid/main amd64 graphviz amd64 2.40.1-5+b2 [595 kB]
Get:102 http://127.0.0.1:9999/debian sid/main amd64 pkg-kde-tools all 0.15.28 [96.1 kB]
debconf: delaying package configuration, since apt-utils is not installed
Fetched 64.4 MB in 1s (106 MB/s)
Selecting previously unselected package bsdmainutils.
(Reading database ... 12570 files and directories currently installed.)
Preparing to unpack .../0-bsdmainutils_11.1.2+b1_amd64.deb ...
Unpacking bsdmainutils (11.1.2+b1) ...
Selecting previously unselected package libuchardet0:amd64.
Preparing to unpack .../1-libuchardet0_0.0.6-3_amd64.deb ...
Unpacking libuchardet0:amd64 (0.0.6-3) ...
Selecting previously unselected package groff-base.
Preparing to unpack .../2-groff-base_1.22.4-1_amd64.deb ...
Unpacking groff-base (1.22.4-1) ...
Selecting previously unselected package libpipeline1:amd64.
Preparing to unpack .../3-libpipeline1_1.5.0-2_amd64.deb ...
Unpacking libpipeline1:amd64 (1.5.0-2) ...
Selecting previously unselected package man-db.
Preparing to unpack .../4-man-db_2.8.4-3_amd64.deb ...
Unpacking man-db (2.8.4-3) ...
Selecting previously unselected package libssl1.1:amd64.
Preparing to unpack .../5-libssl1.1_1.1.1a-1_amd64.deb ...
Unpacking libssl1.1:amd64 (1.1.1a-1) ...
Selecting previously unselected package libpython3.7-minimal:amd64.
Preparing to unpack .../6-libpython3.7-minimal_3.7.2~rc1-1_amd64.deb ...
Unpacking libpython3.7-minimal:amd64 (3.7.2~rc1-1) ...
Selecting previously unselected package libexpat1:amd64.
Preparing to unpack .../7-libexpat1_2.2.6-1_amd64.deb ...
Unpacking libexpat1:amd64 (2.2.6-1) ...
Selecting previously unselected package python3.7-minimal.
Preparing to unpack .../8-python3.7-minimal_3.7.2~rc1-1_amd64.deb ...
Unpacking python3.7-minimal (3.7.2~rc1-1) ...
Setting up libssl1.1:amd64 (1.1.1a-1) ...
Setting up libpython3.7-minimal:amd64 (3.7.2~rc1-1) ...
Setting up libexpat1:amd64 (2.2.6-1) ...
Setting up python3.7-minimal (3.7.2~rc1-1) ...
Selecting previously unselected package python3-minimal.
(Reading database ... 13444 files and directories currently installed.)
Preparing to unpack .../0-python3-minimal_3.7.1-3_amd64.deb ...
Unpacking python3-minimal (3.7.1-3) ...
Selecting previously unselected package mime-support.
Preparing to unpack .../1-mime-support_3.61_all.deb ...
Unpacking mime-support (3.61) ...
Selecting previously unselected package libmpdec2:amd64.
Preparing to unpack .../2-libmpdec2_2.4.2-2_amd64.deb ...
Unpacking libmpdec2:amd64 (2.4.2-2) ...
Selecting previously unselected package readline-common.
Preparing to unpack .../3-readline-common_7.0-5_all.deb ...
Unpacking readline-common (7.0-5) ...
Selecting previously unselected package libreadline7:amd64.
Preparing to unpack .../4-libreadline7_7.0-5_amd64.deb ...
Unpacking libreadline7:amd64 (7.0-5) ...
Selecting previously unselected package libsqlite3-0:amd64.
Preparing to unpack .../5-libsqlite3-0_3.26.0+fossilbc891ac6b-1_amd64.deb ...
Unpacking libsqlite3-0:amd64 (3.26.0+fossilbc891ac6b-1) ...
Selecting previously unselected package libpython3.7-stdlib:amd64.
Preparing to unpack .../6-libpython3.7-stdlib_3.7.2~rc1-1_amd64.deb ...
Unpacking libpython3.7-stdlib:amd64 (3.7.2~rc1-1) ...
Selecting previously unselected package python3.7.
Preparing to unpack .../7-python3.7_3.7.2~rc1-1_amd64.deb ...
Unpacking python3.7 (3.7.2~rc1-1) ...
Selecting previously unselected package libpython3-stdlib:amd64.
Preparing to unpack .../8-libpython3-stdlib_3.7.1-3_amd64.deb ...
Unpacking libpython3-stdlib:amd64 (3.7.1-3) ...
Setting up python3-minimal (3.7.1-3) ...
Selecting previously unselected package python3.
(Reading database ... 13910 files and directories currently installed.)
Preparing to unpack .../00-python3_3.7.1-3_amd64.deb ...
Unpacking python3 (3.7.1-3) ...
Selecting previously unselected package sensible-utils.
Preparing to unpack .../01-sensible-utils_0.0.12_all.deb ...
Unpacking sensible-utils (0.0.12) ...
Selecting previously unselected package libmagic-mgc.
Preparing to unpack .../02-libmagic-mgc_1%3a5.34-2_amd64.deb ...
Unpacking libmagic-mgc (1:5.34-2) ...
Selecting previously unselected package libmagic1:amd64.
Preparing to unpack .../03-libmagic1_1%3a5.34-2_amd64.deb ...
Unpacking libmagic1:amd64 (1:5.34-2) ...
Selecting previously unselected package file.
Preparing to unpack .../04-file_1%3a5.34-2_amd64.deb ...
Unpacking file (1:5.34-2) ...
Selecting previously unselected package gettext-base.
Preparing to unpack .../05-gettext-base_0.19.8.1-9_amd64.deb ...
Unpacking gettext-base (0.19.8.1-9) ...
Selecting previously unselected package ucf.
Preparing to unpack .../06-ucf_3.0038+nmu1_all.deb ...
Moving old data out of the way
Unpacking ucf (3.0038+nmu1) ...
Selecting previously unselected package libsigsegv2:amd64.
Preparing to unpack .../07-libsigsegv2_2.12-2_amd64.deb ...
Unpacking libsigsegv2:amd64 (2.12-2) ...
Selecting previously unselected package m4.
Preparing to unpack .../08-m4_1.4.18-2_amd64.deb ...
Unpacking m4 (1.4.18-2) ...
Selecting previously unselected package autoconf.
Preparing to unpack .../09-autoconf_2.69-11_all.deb ...
Unpacking autoconf (2.69-11) ...
Selecting previously unselected package autotools-dev.
Preparing to unpack .../10-autotools-dev_20180224.1_all.deb ...
Unpacking autotools-dev (20180224.1) ...
Selecting previously unselected package automake.
Preparing to unpack .../11-automake_1%3a1.16.1-4_all.deb ...
Unpacking automake (1:1.16.1-4) ...
Selecting previously unselected package autopoint.
Preparing to unpack .../12-autopoint_0.19.8.1-9_all.deb ...
Unpacking autopoint (0.19.8.1-9) ...
Selecting previously unselected package libtool.
Preparing to unpack .../13-libtool_2.4.6-6_all.deb ...
Unpacking libtool (2.4.6-6) ...
Selecting previously unselected package dh-autoreconf.
Preparing to unpack .../14-dh-autoreconf_19_all.deb ...
Unpacking dh-autoreconf (19) ...
Selecting previously unselected package libarchive-zip-perl.
Preparing to unpack .../15-libarchive-zip-perl_1.64-1_all.deb ...
Unpacking libarchive-zip-perl (1.64-1) ...
Selecting previously unselected package libfile-stripnondeterminism-perl.
Preparing to unpack .../16-libfile-stripnondeterminism-perl_1.0.0-1_all.deb ...
Unpacking libfile-stripnondeterminism-perl (1.0.0-1) ...
Selecting previously unselected package dh-strip-nondeterminism.
Preparing to unpack .../17-dh-strip-nondeterminism_1.0.0-1_all.deb ...
Unpacking dh-strip-nondeterminism (1.0.0-1) ...
Selecting previously unselected package libelf1:amd64.
Preparing to unpack .../18-libelf1_0.175-2_amd64.deb ...
Unpacking libelf1:amd64 (0.175-2) ...
Selecting previously unselected package dwz.
Preparing to unpack .../19-dwz_0.12-3_amd64.deb ...
Unpacking dwz (0.12-3) ...
Selecting previously unselected package libglib2.0-0:amd64.
Preparing to unpack .../20-libglib2.0-0_2.58.1-2_amd64.deb ...
Unpacking libglib2.0-0:amd64 (2.58.1-2) ...
Selecting previously unselected package libicu63:amd64.
Preparing to unpack .../21-libicu63_63.1-5_amd64.deb ...
Unpacking libicu63:amd64 (63.1-5) ...
Selecting previously unselected package libxml2:amd64.
Preparing to unpack .../22-libxml2_2.9.4+dfsg1-7+b3_amd64.deb ...
Unpacking libxml2:amd64 (2.9.4+dfsg1-7+b3) ...
Selecting previously unselected package libcroco3:amd64.
Preparing to unpack .../23-libcroco3_0.6.12-3_amd64.deb ...
Unpacking libcroco3:amd64 (0.6.12-3) ...
Selecting previously unselected package libncurses6:amd64.
Preparing to unpack .../24-libncurses6_6.1+20181013-1_amd64.deb ...
Unpacking libncurses6:amd64 (6.1+20181013-1) ...
Selecting previously unselected package gettext.
Preparing to unpack .../25-gettext_0.19.8.1-9_amd64.deb ...
Unpacking gettext (0.19.8.1-9) ...
Selecting previously unselected package intltool-debian.
Preparing to unpack .../26-intltool-debian_0.35.0+20060710.4_all.deb ...
Unpacking intltool-debian (0.35.0+20060710.4) ...
Selecting previously unselected package po-debconf.
Preparing to unpack .../27-po-debconf_1.0.21_all.deb ...
Unpacking po-debconf (1.0.21) ...
Selecting previously unselected package debhelper.
Preparing to unpack .../28-debhelper_12_all.deb ...
Unpacking debhelper (12) ...
Selecting previously unselected package libllvm6.0:amd64.
Preparing to unpack .../29-libllvm6.0_1%3a6.0.1-9.2_amd64.deb ...
Unpacking libllvm6.0:amd64 (1:6.0.1-9.2) ...
Selecting previously unselected package libclang1-6.0:amd64.
Preparing to unpack .../30-libclang1-6.0_1%3a6.0.1-9.2_amd64.deb ...
Unpacking libclang1-6.0:amd64 (1:6.0.1-9.2) ...
Selecting previously unselected package libxapian30:amd64.
Preparing to unpack .../31-libxapian30_1.4.9-1_amd64.deb ...
Unpacking libxapian30:amd64 (1.4.9-1) ...
Selecting previously unselected package doxygen.
Preparing to unpack .../32-doxygen_1.8.13-10_amd64.deb ...
Unpacking doxygen (1.8.13-10) ...
Selecting previously unselected package libpng16-16:amd64.
Preparing to unpack .../33-libpng16-16_1.6.36-2_amd64.deb ...
Unpacking libpng16-16:amd64 (1.6.36-2) ...
Selecting previously unselected package libfreetype6:amd64.
Preparing to unpack .../34-libfreetype6_2.9.1-3_amd64.deb ...
Unpacking libfreetype6:amd64 (2.9.1-3) ...
Selecting previously unselected package fonts-dejavu-core.
Preparing to unpack .../35-fonts-dejavu-core_2.37-1_all.deb ...
Unpacking fonts-dejavu-core (2.37-1) ...
Selecting previously unselected package fontconfig-config.
Preparing to unpack .../36-fontconfig-config_2.13.1-2_all.deb ...
Unpacking fontconfig-config (2.13.1-2) ...
Selecting previously unselected package libfontconfig1:amd64.
Preparing to unpack .../37-libfontconfig1_2.13.1-2_amd64.deb ...
Unpacking libfontconfig1:amd64 (2.13.1-2) ...
Selecting previously unselected package fontconfig.
Preparing to unpack .../38-fontconfig_2.13.1-2_amd64.deb ...
Unpacking fontconfig (2.13.1-2) ...
Selecting previously unselected package libpixman-1-0:amd64.
Preparing to unpack .../39-libpixman-1-0_0.36.0-1_amd64.deb ...
Unpacking libpixman-1-0:amd64 (0.36.0-1) ...
Selecting previously unselected package libxau6:amd64.
Preparing to unpack .../40-libxau6_1%3a1.0.8-1+b2_amd64.deb ...
Unpacking libxau6:amd64 (1:1.0.8-1+b2) ...
Selecting previously unselected package libxdmcp6:amd64.
Preparing to unpack .../41-libxdmcp6_1%3a1.1.2-3_amd64.deb ...
Unpacking libxdmcp6:amd64 (1:1.1.2-3) ...
Selecting previously unselected package libxcb1:amd64.
Preparing to unpack .../42-libxcb1_1.13.1-2_amd64.deb ...
Unpacking libxcb1:amd64 (1.13.1-2) ...
Selecting previously unselected package libx11-data.
Preparing to unpack .../43-libx11-data_2%3a1.6.7-1_all.deb ...
Unpacking libx11-data (2:1.6.7-1) ...
Selecting previously unselected package libx11-6:amd64.
Preparing to unpack .../44-libx11-6_2%3a1.6.7-1_amd64.deb ...
Unpacking libx11-6:amd64 (2:1.6.7-1) ...
Selecting previously unselected package libxcb-render0:amd64.
Preparing to unpack .../45-libxcb-render0_1.13.1-2_amd64.deb ...
Unpacking libxcb-render0:amd64 (1.13.1-2) ...
Selecting previously unselected package libxcb-shm0:amd64.
Preparing to unpack .../46-libxcb-shm0_1.13.1-2_amd64.deb ...
Unpacking libxcb-shm0:amd64 (1.13.1-2) ...
Selecting previously unselected package libxext6:amd64.
Preparing to unpack .../47-libxext6_2%3a1.3.3-1+b2_amd64.deb ...
Unpacking libxext6:amd64 (2:1.3.3-1+b2) ...
Selecting previously unselected package libxrender1:amd64.
Preparing to unpack .../48-libxrender1_1%3a0.9.10-1_amd64.deb ...
Unpacking libxrender1:amd64 (1:0.9.10-1) ...
Selecting previously unselected package libcairo2:amd64.
Preparing to unpack .../49-libcairo2_1.16.0-2_amd64.deb ...
Unpacking libcairo2:amd64 (1.16.0-2) ...
Selecting previously unselected package libcdt5.
Preparing to unpack .../50-libcdt5_2.40.1-5+b2_amd64.deb ...
Unpacking libcdt5 (2.40.1-5+b2) ...
Selecting previously unselected package libcgraph6.
Preparing to unpack .../51-libcgraph6_2.40.1-5+b2_amd64.deb ...
Unpacking libcgraph6 (2.40.1-5+b2) ...
Selecting previously unselected package libjpeg62-turbo:amd64.
Preparing to unpack .../52-libjpeg62-turbo_1%3a1.5.2-2+b1_amd64.deb ...
Unpacking libjpeg62-turbo:amd64 (1:1.5.2-2+b1) ...
Selecting previously unselected package libjbig0:amd64.
Preparing to unpack .../53-libjbig0_2.1-3.1+b2_amd64.deb ...
Unpacking libjbig0:amd64 (2.1-3.1+b2) ...
Selecting previously unselected package libwebp6:amd64.
Preparing to unpack .../54-libwebp6_0.6.1-2_amd64.deb ...
Unpacking libwebp6:amd64 (0.6.1-2) ...
Selecting previously unselected package libtiff5:amd64.
Preparing to unpack .../55-libtiff5_4.0.10-3_amd64.deb ...
Unpacking libtiff5:amd64 (4.0.10-3) ...
Selecting previously unselected package libxpm4:amd64.
Preparing to unpack .../56-libxpm4_1%3a3.5.12-1_amd64.deb ...
Unpacking libxpm4:amd64 (1:3.5.12-1) ...
Selecting previously unselected package libgd3:amd64.
Preparing to unpack .../57-libgd3_2.2.5-5_amd64.deb ...
Unpacking libgd3:amd64 (2.2.5-5) ...
Selecting previously unselected package libgts-0.7-5:amd64.
Preparing to unpack .../58-libgts-0.7-5_0.7.6+darcs121130-4_amd64.deb ...
Unpacking libgts-0.7-5:amd64 (0.7.6+darcs121130-4) ...
Selecting previously unselected package libltdl7:amd64.
Preparing to unpack .../59-libltdl7_2.4.6-6_amd64.deb ...
Unpacking libltdl7:amd64 (2.4.6-6) ...
Selecting previously unselected package libfribidi0:amd64.
Preparing to unpack .../60-libfribidi0_1.0.5-3_amd64.deb ...
Unpacking libfribidi0:amd64 (1.0.5-3) ...
Selecting previously unselected package libthai-data.
Preparing to unpack .../61-libthai-data_0.1.28-1_all.deb ...
Unpacking libthai-data (0.1.28-1) ...
Selecting previously unselected package libdatrie1:amd64.
Preparing to unpack .../62-libdatrie1_0.2.12-1_amd64.deb ...
Unpacking libdatrie1:amd64 (0.2.12-1) ...
Selecting previously unselected package libthai0:amd64.
Preparing to unpack .../63-libthai0_0.1.28-1_amd64.deb ...
Unpacking libthai0:amd64 (0.1.28-1) ...
Selecting previously unselected package libpango-1.0-0:amd64.
Preparing to unpack .../64-libpango-1.0-0_1.42.4-6_amd64.deb ...
Unpacking libpango-1.0-0:amd64 (1.42.4-6) ...
Selecting previously unselected package libgraphite2-3:amd64.
Preparing to unpack .../65-libgraphite2-3_1.3.12-1_amd64.deb ...
Unpacking libgraphite2-3:amd64 (1.3.12-1) ...
Selecting previously unselected package libharfbuzz0b:amd64.
Preparing to unpack .../66-libharfbuzz0b_2.3.0-1_amd64.deb ...
Unpacking libharfbuzz0b:amd64 (2.3.0-1) ...
Selecting previously unselected package libpangoft2-1.0-0:amd64.
Preparing to unpack .../67-libpangoft2-1.0-0_1.42.4-6_amd64.deb ...
Unpacking libpangoft2-1.0-0:amd64 (1.42.4-6) ...
Selecting previously unselected package libpangocairo-1.0-0:amd64.
Preparing to unpack .../68-libpangocairo-1.0-0_1.42.4-6_amd64.deb ...
Unpacking libpangocairo-1.0-0:amd64 (1.42.4-6) ...
Selecting previously unselected package libpathplan4.
Preparing to unpack .../69-libpathplan4_2.40.1-5+b2_amd64.deb ...
Unpacking libpathplan4 (2.40.1-5+b2) ...
Selecting previously unselected package libxdot4.
Preparing to unpack .../70-libxdot4_2.40.1-5+b2_amd64.deb ...
Unpacking libxdot4 (2.40.1-5+b2) ...
Selecting previously unselected package libgvc6.
Preparing to unpack .../71-libgvc6_2.40.1-5+b2_amd64.deb ...
Unpacking libgvc6 (2.40.1-5+b2) ...
Selecting previously unselected package libgvpr2.
Preparing to unpack .../72-libgvpr2_2.40.1-5+b2_amd64.deb ...
Unpacking libgvpr2 (2.40.1-5+b2) ...
Selecting previously unselected package lsb-base.
Preparing to unpack .../73-lsb-base_10.2018112800_all.deb ...
Unpacking lsb-base (10.2018112800) ...
Selecting previously unselected package x11-common.
Preparing to unpack .../74-x11-common_1%3a7.7+19_all.deb ...
Unpacking x11-common (1:7.7+19) ...
Selecting previously unselected package libice6:amd64.
Preparing to unpack .../75-libice6_2%3a1.0.9-2_amd64.deb ...
Unpacking libice6:amd64 (2:1.0.9-2) ...
Selecting previously unselected package liblab-gamut1.
Preparing to unpack .../76-liblab-gamut1_2.40.1-5+b2_amd64.deb ...
Unpacking liblab-gamut1 (2.40.1-5+b2) ...
Selecting previously unselected package libsm6:amd64.
Preparing to unpack .../77-libsm6_2%3a1.2.2-1+b3_amd64.deb ...
Unpacking libsm6:amd64 (2:1.2.2-1+b3) ...
Selecting previously unselected package libxt6:amd64.
Preparing to unpack .../78-libxt6_1%3a1.1.5-1_amd64.deb ...
Unpacking libxt6:amd64 (1:1.1.5-1) ...
Selecting previously unselected package libxmu6:amd64.
Preparing to unpack .../79-libxmu6_2%3a1.1.2-2_amd64.deb ...
Unpacking libxmu6:amd64 (2:1.1.2-2) ...
Selecting previously unselected package libxaw7:amd64.
Preparing to unpack .../80-libxaw7_2%3a1.0.13-1+b2_amd64.deb ...
Unpacking libxaw7:amd64 (2:1.0.13-1+b2) ...
Selecting previously unselected package graphviz.
Preparing to unpack .../81-graphviz_2.40.1-5+b2_amd64.deb ...
Unpacking graphviz (2.40.1-5+b2) ...
Selecting previously unselected package pkg-kde-tools.
Preparing to unpack .../82-pkg-kde-tools_0.15.28_all.deb ...
Unpacking pkg-kde-tools (0.15.28) ...
Selecting previously unselected package sbuild-build-depends-sphde-dummy.
Preparing to unpack .../83-sbuild-build-depends-sphde-dummy_0.invalid.0_amd64.deb ...
Unpacking sbuild-build-depends-sphde-dummy (0.invalid.0) ...
Setting up readline-common (7.0-5) ...
Setting up libxapian30:amd64 (1.4.9-1) ...
Setting up libpathplan4 (2.40.1-5+b2) ...
Setting up liblab-gamut1 (2.40.1-5+b2) ...
Setting up libxdot4 (2.40.1-5+b2) ...
Setting up libjpeg62-turbo:amd64 (1:1.5.2-2+b1) ...
Setting up libarchive-zip-perl (1.64-1) ...
Setting up mime-support (3.61) ...
Setting up libicu63:amd64 (63.1-5) ...
Setting up libllvm6.0:amd64 (1:6.0.1-9.2) ...
Setting up libpng16-16:amd64 (1.6.36-2) ...
Setting up libjbig0:amd64 (2.1-3.1+b2) ...
Setting up libsigsegv2:amd64 (2.12-2) ...
Setting up fonts-dejavu-core (2.37-1) ...
Setting up libreadline7:amd64 (7.0-5) ...
Setting up libelf1:amd64 (0.175-2) ...
Setting up libglib2.0-0:amd64 (2.58.1-2) ...
No schema files found: doing nothing.
Setting up libclang1-6.0:amd64 (1:6.0.1-9.2) ...
Setting up libdatrie1:amd64 (0.2.12-1) ...
Setting up gettext-base (0.19.8.1-9) ...
Setting up libpipeline1:amd64 (1.5.0-2) ...
Setting up m4 (1.4.18-2) ...
Setting up libxml2:amd64 (2.9.4+dfsg1-7+b3) ...
Setting up libuchardet0:amd64 (0.0.6-3) ...
Setting up libfreetype6:amd64 (2.9.1-3) ...
Setting up libmagic-mgc (1:5.34-2) ...
Setting up libmagic1:amd64 (1:5.34-2) ...
Setting up lsb-base (10.2018112800) ...
Setting up libgraphite2-3:amd64 (1.3.12-1) ...
Setting up libcroco3:amd64 (0.6.12-3) ...
Setting up sensible-utils (0.0.12) ...
Setting up libpixman-1-0:amd64 (0.36.0-1) ...
Processing triggers for libc-bin (2.28-4) ...
Setting up dwz (0.12-3) ...
Setting up autotools-dev (20180224.1) ...
Setting up libltdl7:amd64 (2.4.6-6) ...
Setting up libsqlite3-0:amd64 (3.26.0+fossilbc891ac6b-1) ...
Setting up libfribidi0:amd64 (1.0.5-3) ...
Setting up libthai-data (0.1.28-1) ...
Setting up libxdmcp6:amd64 (1:1.1.2-3) ...
Setting up bsdmainutils (11.1.2+b1) ...
update-alternatives: using /usr/bin/bsd-write to provide /usr/bin/write (write) in auto mode
update-alternatives: using /usr/bin/bsd-from to provide /usr/bin/from (from) in auto mode
Setting up x11-common (1:7.7+19) ...
update-rc.d: warning: start and stop actions are no longer supported; falling back to defaults
invoke-rc.d: could not determine current runlevel
All runlevel operations denied by policy
invoke-rc.d: policy-rc.d denied execution of start.
Setting up libncurses6:amd64 (6.1+20181013-1) ...
Setting up libcdt5 (2.40.1-5+b2) ...
Setting up libx11-data (2:1.6.7-1) ...
Setting up libxau6:amd64 (1:1.0.8-1+b2) ...
Setting up autopoint (0.19.8.1-9) ...
Setting up libmpdec2:amd64 (2.4.2-2) ...
Setting up libcgraph6 (2.40.1-5+b2) ...
Setting up libwebp6:amd64 (0.6.1-2) ...
Setting up libfile-stripnondeterminism-perl (1.0.0-1) ...
Setting up libgts-0.7-5:amd64 (0.7.6+darcs121130-4) ...
Setting up libpython3.7-stdlib:amd64 (3.7.2~rc1-1) ...
Setting up gettext (0.19.8.1-9) ...
Setting up libgvpr2 (2.40.1-5+b2) ...
Setting up groff-base (1.22.4-1) ...
Setting up doxygen (1.8.13-10) ...
Setting up libharfbuzz0b:amd64 (2.3.0-1) ...
Setting up libtiff5:amd64 (4.0.10-3) ...
Setting up python3.7 (3.7.2~rc1-1) ...
Setting up autoconf (2.69-11) ...
Setting up libthai0:amd64 (0.1.28-1) ...
Setting up file (1:5.34-2) ...
Setting up ucf (3.0038+nmu1) ...
Setting up intltool-debian (0.35.0+20060710.4) ...
Setting up automake (1:1.16.1-4) ...
update-alternatives: using /usr/bin/automake-1.16 to provide /usr/bin/automake (automake) in auto mode
Setting up libice6:amd64 (2:1.0.9-2) ...
Setting up man-db (2.8.4-3) ...
Not building database; man-db/auto-update is not 'true'.
Setting up libxcb1:amd64 (1.13.1-2) ...
Setting up libtool (2.4.6-6) ...
Setting up libpython3-stdlib:amd64 (3.7.1-3) ...
Setting up libsm6:amd64 (2:1.2.2-1+b3) ...
Setting up fontconfig-config (2.13.1-2) ...
Setting up libxcb-render0:amd64 (1.13.1-2) ...
Setting up po-debconf (1.0.21) ...
Setting up python3 (3.7.1-3) ...
Setting up libx11-6:amd64 (2:1.6.7-1) ...
Setting up libxcb-shm0:amd64 (1.13.1-2) ...
Setting up libxpm4:amd64 (1:3.5.12-1) ...
Setting up libxt6:amd64 (1:1.1.5-1) ...
Setting up libxrender1:amd64 (1:0.9.10-1) ...
Setting up pkg-kde-tools (0.15.28) ...
Setting up libfontconfig1:amd64 (2.13.1-2) ...
Setting up libxext6:amd64 (2:1.3.3-1+b2) ...
Setting up libgd3:amd64 (2.2.5-5) ...
Setting up libxmu6:amd64 (2:1.1.2-2) ...
Setting up fontconfig (2.13.1-2) ...
Regenerating fonts cache... done.
Setting up libxaw7:amd64 (2:1.0.13-1+b2) ...
Setting up libcairo2:amd64 (1.16.0-2) ...
Setting up libpango-1.0-0:amd64 (1.42.4-6) ...
Setting up libpangoft2-1.0-0:amd64 (1.42.4-6) ...
Setting up libpangocairo-1.0-0:amd64 (1.42.4-6) ...
Setting up libgvc6 (2.40.1-5+b2) ...
Setting up graphviz (2.40.1-5+b2) ...
Setting up debhelper (12) ...
Setting up dh-autoreconf (19) ...
Setting up dh-strip-nondeterminism (1.0.0-1) ...
Setting up sbuild-build-depends-sphde-dummy (0.invalid.0) ...
Processing triggers for libc-bin (2.28-4) ...

+------------------------------------------------------------------------------+
| Build environment                                                            |
+------------------------------------------------------------------------------+

Kernel: Linux 4.9.0-8-amd64 amd64 (x86_64)
Toolchain package versions: binutils_2.31.1-11 dpkg-dev_1.19.2 g++-8_8.2.0-13 gcc-8_8.2.0-13 libc6-dev_2.28-4 libstdc++-8-dev_8.2.0-13 libstdc++6_8.2.0-13 linux-libc-dev_4.19.13-1
Package versions: adduser_3.118 apt_1.8.0~alpha3 autoconf_2.69-11 automake_1:1.16.1-4 autopoint_0.19.8.1-9 autotools-dev_20180224.1 base-files_10.1 base-passwd_3.5.45 bash_4.4.18-3.1 binutils_2.31.1-11 binutils-common_2.31.1-11 binutils-x86-64-linux-gnu_2.31.1-11 bsdmainutils_11.1.2+b1 bsdutils_1:2.33-0.2 build-essential_12.5 bzip2_1.0.6-9 clang-7_1:7.0.1-3 coreutils_8.30-1 cpp_4:8.2.0-2 cpp-8_8.2.0-13 dash_0.5.10.2-4 debconf_1.5.69 debhelper_12 debian-archive-keyring_2018.1 debianutils_4.8.6 dh-autoreconf_19 dh-strip-nondeterminism_1.0.0-1 diffutils_1:3.6-1 doxygen_1.8.13-10 dpkg_1.19.2 dpkg-dev_1.19.2 dwz_0.12-3 e2fsprogs_1.44.5-1 fakeroot_1.23-1 fdisk_2.33-0.2 file_1:5.34-2 findutils_4.6.0+git+20181018-1 fontconfig_2.13.1-2 fontconfig-config_2.13.1-2 fonts-dejavu-core_2.37-1 g++_4:8.2.0-2 g++-8_8.2.0-13 gcc_4:8.2.0-2 gcc-8_8.2.0-13 gcc-8-base_8.2.0-13 gettext_0.19.8.1-9 gettext-base_0.19.8.1-9 gpgv_2.2.12-1 graphviz_2.40.1-5+b2 grep_3.1-3 groff-base_1.22.4-1 gzip_1.9-2.1 hostname_3.21 init-system-helpers_1.56+nmu1 intltool-debian_0.35.0+20060710.4 lib32gcc1_1:8.2.0-13 lib32stdc++6_8.2.0-13 libacl1_2.2.52-3+b1 libapt-pkg5.0_1.8.0~alpha3 libarchive-zip-perl_1.64-1 libasan5_8.2.0-13 libatomic1_8.2.0-13 libattr1_1:2.4.47-2+b2 libaudit-common_1:2.8.4-2 libaudit1_1:2.8.4-2 libbinutils_2.31.1-11 libblkid1_2.33-0.2 libbsd0_0.9.1-1 libbz2-1.0_1.0.6-9 libc-bin_2.28-4 libc-dev-bin_2.28-4 libc6_2.28-4 libc6-dev_2.28-4 libc6-i386_2.28-4 libcairo2_1.16.0-2 libcap-ng0_0.7.9-1+b1 libcc1-0_8.2.0-13 libcdt5_2.40.1-5+b2 libcgraph6_2.40.1-5+b2 libclang-common-7-dev_1:7.0.1-3 libclang1-6.0_1:6.0.1-9.2 libclang1-7_1:7.0.1-3 libcom-err2_1.44.5-1 libcroco3_0.6.12-3 libdatrie1_0.2.12-1 libdb5.3_5.3.28+dfsg1-0.2 libdebconfclient0_0.246 libdpkg-perl_1.19.2 libedit2_3.1-20181209-1 libelf1_0.175-2 libexpat1_2.2.6-1 libext2fs2_1.44.5-1 libfakeroot_1.23-1 libfdisk1_2.33-0.2 libffi6_3.2.1-9 libfile-stripnondeterminism-perl_1.0.0-1 libfontconfig1_2.13.1-2 libfreetype6_2.9.1-3 libfribidi0_1.0.5-3 libgc1c2_1:7.6.4-0.4 libgcc-8-dev_8.2.0-13 libgcc1_1:8.2.0-13 libgcrypt20_1.8.4-4 libgd3_2.2.5-5 libgdbm-compat4_1.18.1-2 libgdbm6_1.18.1-2 libglib2.0-0_2.58.1-2 libgmp10_2:6.1.2+dfsg-4 libgnutls30_3.6.5-2 libgomp1_8.2.0-13 libgpg-error0_1.33-3 libgraphite2-3_1.3.12-1 libgts-0.7-5_0.7.6+darcs121130-4 libgvc6_2.40.1-5+b2 libgvpr2_2.40.1-5+b2 libharfbuzz0b_2.3.0-1 libhogweed4_3.4.1~rc1-1 libice6_2:1.0.9-2 libicu63_63.1-5 libidn2-0_2.0.5-1 libisl19_0.20-2 libitm1_8.2.0-13 libjbig0_2.1-3.1+b2 libjpeg62-turbo_1:1.5.2-2+b1 liblab-gamut1_2.40.1-5+b2 libllvm6.0_1:6.0.1-9.2 libllvm7_1:7.0.1-3 liblsan0_8.2.0-13 libltdl7_2.4.6-6 liblz4-1_1.8.2-1 liblzma5_5.2.2-1.3 libmagic-mgc_1:5.34-2 libmagic1_1:5.34-2 libmount1_2.33-0.2 libmpc3_1.1.0-1 libmpdec2_2.4.2-2 libmpfr6_4.0.1-2 libmpx2_8.2.0-13 libncurses6_6.1+20181013-1 libncursesw6_6.1+20181013-1 libnettle6_3.4.1~rc1-1 libobjc-8-dev_8.2.0-13 libobjc4_8.2.0-13 libp11-kit0_0.23.14-2 libpam-modules_1.1.8-3.8 libpam-modules-bin_1.1.8-3.8 libpam-runtime_1.1.8-3.8 libpam0g_1.1.8-3.8 libpango-1.0-0_1.42.4-6 libpangocairo-1.0-0_1.42.4-6 libpangoft2-1.0-0_1.42.4-6 libpathplan4_2.40.1-5+b2 libpcre3_2:8.39-11 libperl5.28_5.28.1-3 libpipeline1_1.5.0-2 libpixman-1-0_0.36.0-1 libpng16-16_1.6.36-2 libpython3-stdlib_3.7.1-3 libpython3.7-minimal_3.7.2~rc1-1 libpython3.7-stdlib_3.7.2~rc1-1 libquadmath0_8.2.0-13 libreadline7_7.0-5 libseccomp2_2.3.3-3 libselinux1_2.8-1+b1 libsemanage-common_2.8-1 libsemanage1_2.8-1+b1 libsepol1_2.8-1 libsigsegv2_2.12-2 libsm6_2:1.2.2-1+b3 libsmartcols1_2.33-0.2 libsqlite3-0_3.26.0+fossilbc891ac6b-1 libss2_1.44.5-1 libssl1.1_1.1.1a-1 libstdc++-8-dev_8.2.0-13 libstdc++6_8.2.0-13 libsystemd0_240-2 libtasn1-6_4.13-3 libthai-data_0.1.28-1 libthai0_0.1.28-1 libtiff5_4.0.10-3 libtinfo6_6.1+20181013-1 libtool_2.4.6-6 libtsan0_8.2.0-13 libubsan1_8.2.0-13 libuchardet0_0.0.6-3 libudev1_240-2 libunistring2_0.9.10-1 libuuid1_2.33-0.2 libwebp6_0.6.1-2 libx11-6_2:1.6.7-1 libx11-data_2:1.6.7-1 libxapian30_1.4.9-1 libxau6_1:1.0.8-1+b2 libxaw7_2:1.0.13-1+b2 libxcb-render0_1.13.1-2 libxcb-shm0_1.13.1-2 libxcb1_1.13.1-2 libxdmcp6_1:1.1.2-3 libxdot4_2.40.1-5+b2 libxext6_2:1.3.3-1+b2 libxml2_2.9.4+dfsg1-7+b3 libxmu6_2:1.1.2-2 libxpm4_1:3.5.12-1 libxrender1_1:0.9.10-1 libxt6_1:1.1.5-1 libzstd1_1.3.5+dfsg-2 linux-libc-dev_4.19.13-1 login_1:4.5-1.1 lsb-base_10.2018112800 m4_1.4.18-2 make_4.2.1-1.2 man-db_2.8.4-3 mawk_1.3.3-17+b3 mime-support_3.61 mount_2.33-0.2 ncurses-base_6.1+20181013-1 ncurses-bin_6.1+20181013-1 passwd_1:4.5-1.1 patch_2.7.6-3 perl_5.28.1-3 perl-base_5.28.1-3 perl-modules-5.28_5.28.1-3 pkg-kde-tools_0.15.28 po-debconf_1.0.21 python3_3.7.1-3 python3-minimal_3.7.1-3 python3.7_3.7.2~rc1-1 python3.7-minimal_3.7.2~rc1-1 readline-common_7.0-5 sbuild-build-depends-core-dummy_0.invalid.0 sbuild-build-depends-sphde-dummy_0.invalid.0 sed_4.7-1 sensible-utils_0.0.12 sysvinit-utils_2.93-2 tar_1.30+dfsg-3 tzdata_2018i-1 ucf_3.0038+nmu1 util-linux_2.33-0.2 x11-common_1:7.7+19 xz-utils_5.2.2-1.3 zlib1g_1:1.2.11.dfsg-1

+------------------------------------------------------------------------------+
| Build                                                                        |
+------------------------------------------------------------------------------+


Unpack source
-------------

gpgv: unknown type of key resource 'trustedkeys.kbx'
gpgv: keyblock resource '/sbuild-nonexistent/.gnupg/trustedkeys.kbx': General error
gpgv: Signature made Tue Aug 21 15:41:20 2018 UTC
gpgv:                using RSA key 87DBD5756155202EC3885E936B7498FCB9B358AC
gpgv:                issuer "frediz@linux.vnet.ibm.com"
gpgv: Can't check signature: No public key
dpkg-source: warning: failed to verify signature on ./sphde_1.4.0-2.dsc
dpkg-source: info: extracting sphde in /<<PKGBUILDDIR>>
dpkg-source: info: unpacking sphde_1.4.0.orig.tar.gz
dpkg-source: info: unpacking sphde_1.4.0-2.debian.tar.xz
dpkg-source: info: using patch list from debian/patches/series
dpkg-source: info: applying 0001-Ignore-some-tests.patch
dpkg-source: info: applying 0002-Fix-compilation-error-with-gcc8.patch
dpkg-source: info: applying 0003-Adjust-sasconf-for-mips64el.patch
dpkg-source: info: applying 0004-Add-mips32-support-for-mips-and-mipsel.patch
dpkg-source: info: applying 0005-Fix-FTBFS-on-s390x.patch

Check disk space
----------------

Sufficient free space for build

User Environment
----------------

APT_CONFIG=/var/lib/sbuild/apt.conf
HOME=/sbuild-nonexistent
LANG=en_US.UTF-8
LC_ALL=POSIX
LOGNAME=user42
PATH=/usr/local/sbin:/usr/local/bin:/usr/sbin:/usr/bin:/sbin:/bin:/usr/games
SCHROOT_ALIAS_NAME=unstable
SCHROOT_CHROOT_NAME=sid-amd64-sbuild
SCHROOT_COMMAND=env
SCHROOT_GID=1001
SCHROOT_GROUP=user42
SCHROOT_SESSION_ID=sid-amd64-sbuild-da24f498-9ded-4f6f-9a34-18c5121e7515
SCHROOT_UID=1001
SCHROOT_USER=user42
SHELL=/bin/sh
USER=user42

dpkg-buildpackage
-----------------

dpkg-buildpackage: info: source package sphde
dpkg-buildpackage: info: source version 1.4.0-2
dpkg-buildpackage: info: source distribution unstable
dpkg-buildpackage: info: source changed by Frdric Bonnard <frediz@debian.org>
 dpkg-source --before-build .
dpkg-buildpackage: info: host architecture amd64
 fakeroot debian/rules clean
dh clean  --with pkgkde_symbolshelper
   dh_clean
	rm -f debian/debhelper-build-stamp
	rm -rf debian/.debhelper/
	rm -f -- debian/libsphde-doc.substvars debian/libsphde-dev.substvars debian/libsphde1.substvars debian/sphde-utils.substvars debian/files
	rm -fr -- debian/libsphde-doc/ debian/tmp/ debian/libsphde-dev/ debian/libsphde1/ debian/sphde-utils/
	find .  \( \( \
		\( -path .\*/.git -o -path .\*/.svn -o -path .\*/.bzr -o -path .\*/.hg -o -path .\*/CVS -o -path .\*/.pc -o -path .\*/_darcs \) -prune -o -type f -a \
	        \( -name '#*#' -o -name '.*~' -o -name '*~' -o -name DEADJOE \
		 -o -name '*.orig' -o -name '*.rej' -o -name '*.bak' \
		 -o -name '.*.orig' -o -name .*.rej -o -name '.SUMS' \
		 -o -name TAGS -o \( -path '*/.deps/*' -a -name '*.P' \) \
		\) -exec rm -f {} + \) -o \
		\( -type d -a -name autom4te.cache -prune -exec rm -rf {} + \) \)
 debian/rules build-arch
dh build-arch  --with pkgkde_symbolshelper
   dh_update_autotools_config -a
	install -d debian/.debhelper/bucket/files
	cp -an --reflink=auto config.guess debian/.debhelper/bucket/files/47da33933b3825049bbc04871747a9598ce90fd45a438b6a8a58b74bf6d73a4d.tmp
	mv debian/.debhelper/bucket/files/47da33933b3825049bbc04871747a9598ce90fd45a438b6a8a58b74bf6d73a4d.tmp debian/.debhelper/bucket/files/47da33933b3825049bbc04871747a9598ce90fd45a438b6a8a58b74bf6d73a4d
	cp -f /usr/share/misc/config.guess ./config.guess
	cp -an --reflink=auto config.sub debian/.debhelper/bucket/files/1c0638edf5c7cf02142d1a607ada07b43197a312991c9bc768caba9b4412e6e7.tmp
	mv debian/.debhelper/bucket/files/1c0638edf5c7cf02142d1a607ada07b43197a312991c9bc768caba9b4412e6e7.tmp debian/.debhelper/bucket/files/1c0638edf5c7cf02142d1a607ada07b43197a312991c9bc768caba9b4412e6e7
	cp -f /usr/share/misc/config.sub ./config.sub
   dh_autoreconf -a
	find ! -ipath "./debian/*" -a ! \( -path '*/.git/*' -o -path '*/.hg/*' -o -path '*/.bzr/*' -o -path '*/.svn/*' -o -path '*/CVS/*' \) -a  -type f -exec md5sum {} + -o -type l -printf "symlink  %p
" > debian/autoreconf.before
	grep -q ^XDT_ configure.ac
	autoreconf -f -i
libtoolize: putting auxiliary files in '.'.
libtoolize: copying file './ltmain.sh'
libtoolize: putting macros in AC_CONFIG_MACRO_DIRS, 'm4'.
libtoolize: copying file 'm4/libtool.m4'
libtoolize: copying file 'm4/ltoptions.m4'
libtoolize: copying file 'm4/ltsugar.m4'
libtoolize: copying file 'm4/ltversion.m4'
libtoolize: copying file 'm4/lt~obsolete.m4'
libtoolize: 'AC_PROG_RANLIB' is rendered obsolete by 'LT_INIT'
configure.ac:43: installing './compile'
configure.ac:13: installing './missing'
examples/Makefile.am: installing './depcomp'
src/Makefile.am:254: warning: variable 'sphdirectpcqueue_ttt_SOURCES' is defined but no program or
src/Makefile.am:254: library has 'sphdirectpcqueue_ttt' as canonical name (possible typo)
src/Makefile.am:168: warning: variable 'sphgettime_t_SOURCES' is defined but no program or
src/Makefile.am:168: library has 'sphgettime_t' as canonical name (possible typo)
src/Makefile.am:164: warning: variable 'sphgtod_t_SOURCES' is defined but no program or
src/Makefile.am:164: library has 'sphgtod_t' as canonical name (possible typo)
src/Makefile.am:255: warning: variable 'sphdirectpcqueue_ttt_LDADD' is defined but no program or
src/Makefile.am:255: library has 'sphdirectpcqueue_ttt' as canonical name (possible typo)
src/Makefile.am:169: warning: variable 'sphgettime_t_LDADD' is defined but no program or
src/Makefile.am:169: library has 'sphgettime_t' as canonical name (possible typo)
src/Makefile.am:165: warning: variable 'sphgtod_t_LDADD' is defined but no program or
src/Makefile.am:165: library has 'sphgtod_t' as canonical name (possible typo)
	find ! -ipath "./debian/*" -a ! \( -path '*/.git/*' -o -path '*/.hg/*' -o -path '*/.bzr/*' -o -path '*/.svn/*' -o -path '*/CVS/*' \) -a  -type f -exec md5sum {} + -o -type l -printf "symlink  %p
" > debian/autoreconf.after
   dh_auto_configure -a
	./configure --build=x86_64-linux-gnu --prefix=/usr --includedir=\${prefix}/include --mandir=\${prefix}/share/man --infodir=\${prefix}/share/info --sysconfdir=/etc --localstatedir=/var --disable-silent-rules --libdir=\${prefix}/lib/x86_64-linux-gnu --libexecdir=\${prefix}/lib/x86_64-linux-gnu --runstatedir=/run --disable-maintainer-mode --disable-dependency-tracking
checking for a BSD-compatible install... /usr/bin/install -c
checking whether build environment is sane... yes
checking for a thread-safe mkdir -p... /bin/mkdir -p
checking for gawk... no
checking for mawk... mawk
checking whether make sets $(MAKE)... yes
checking whether make supports nested variables... yes
checking whether to enable maintainer-specific portions of Makefiles... no
checking for g++... g++
checking whether the C++ compiler works... yes
checking for C++ compiler default output file name... a.out
checking for suffix of executables... 
checking whether we are cross compiling... no
checking for suffix of object files... o
checking whether we are using the GNU C++ compiler... yes
checking whether g++ accepts -g... yes
checking whether make supports the include directive... yes (GNU style)
checking dependency style of g++... none
checking for gawk... (cached) mawk
checking for gcc... gcc
checking whether we are using the GNU C compiler... yes
checking whether gcc accepts -g... yes
checking for gcc option to accept ISO C89... none needed
checking whether gcc understands -c and -o together... yes
checking dependency style of gcc... none
checking how to run the C preprocessor... gcc -E
checking whether ln -s works... yes
checking whether make sets $(MAKE)... (cached) yes
checking for ranlib... ranlib
checking build system type... x86_64-pc-linux-gnu
checking host system type... x86_64-pc-linux-gnu
checking how to print strings... printf
checking for a sed that does not truncate output... /bin/sed
checking for grep that handles long lines and -e... /bin/grep
checking for egrep... /bin/grep -E
checking for fgrep... /bin/grep -F
checking for ld used by gcc... /usr/bin/ld
checking if the linker (/usr/bin/ld) is GNU ld... yes
checking for BSD- or MS-compatible name lister (nm)... /usr/bin/nm -B
checking the name lister (/usr/bin/nm -B) interface... BSD nm
checking the maximum length of command line arguments... 1572864
checking how to convert x86_64-pc-linux-gnu file names to x86_64-pc-linux-gnu format... func_convert_file_noop
checking how to convert x86_64-pc-linux-gnu file names to toolchain format... func_convert_file_noop
checking for /usr/bin/ld option to reload object files... -r
checking for objdump... objdump
checking how to recognize dependent libraries... pass_all
checking for dlltool... no
checking how to associate runtime and link libraries... printf %s\n
checking for ar... ar
checking for archiver @FILE support... @
checking for strip... strip
checking for ranlib... (cached) ranlib
checking command to parse /usr/bin/nm -B output from gcc object... ok
checking for sysroot... no
checking for a working dd... /bin/dd
checking how to truncate binary pipes... /bin/dd bs=4096 count=1
checking for mt... no
checking if : is a manifest tool... no
checking for ANSI C header files... yes
checking for sys/types.h... yes
checking for sys/stat.h... yes
checking for stdlib.h... yes
checking for string.h... yes
checking for memory.h... yes
checking for strings.h... yes
checking for inttypes.h... yes
checking for stdint.h... yes
checking for unistd.h... yes
checking for dlfcn.h... yes
checking for objdir... .libs
checking if gcc supports -fno-rtti -fno-exceptions... yes
checking for gcc option to produce PIC... -fPIC -DPIC
checking if gcc PIC flag -fPIC -DPIC works... yes
checking if gcc static flag -static works... yes
checking if gcc supports -c -o file.o... yes
checking if gcc supports -c -o file.o... (cached) yes
checking whether the gcc linker (/usr/bin/ld -m elf_x86_64) supports shared libraries... yes
checking whether -lc should be explicitly linked in... no
checking dynamic linker characteristics... GNU/Linux ld.so
checking how to hardcode library paths into programs... immediate
checking whether stripping libraries is possible... yes
checking if libtool supports shared libraries... yes
checking whether to build shared libraries... yes
checking whether to build static libraries... yes
checking how to run the C++ preprocessor... g++ -E
checking for ld used by g++... /usr/bin/ld -m elf_x86_64
checking if the linker (/usr/bin/ld -m elf_x86_64) is GNU ld... yes
checking whether the g++ linker (/usr/bin/ld -m elf_x86_64) supports shared libraries... yes
checking for g++ option to produce PIC... -fPIC -DPIC
checking if g++ PIC flag -fPIC -DPIC works... yes
checking if g++ static flag -static works... yes
checking if g++ supports -c -o file.o... yes
checking if g++ supports -c -o file.o... (cached) yes
checking whether the g++ linker (/usr/bin/ld -m elf_x86_64) supports shared libraries... yes
checking dynamic linker characteristics... (cached) GNU/Linux ld.so
checking how to hardcode library paths into programs... immediate
checking fcntl.h usability... yes
checking fcntl.h presence... yes
checking for fcntl.h... yes
checking for inttypes.h... (cached) yes
checking stddef.h usability... yes
checking stddef.h presence... yes
checking for stddef.h... yes
checking for stdint.h... (cached) yes
checking for stdlib.h... (cached) yes
checking for string.h... (cached) yes
checking sys/param.h usability... yes
checking sys/param.h presence... yes
checking for sys/param.h... yes
checking sys/time.h usability... yes
checking sys/time.h presence... yes
checking for sys/time.h... yes
checking for unistd.h... (cached) yes
checking for stdbool.h that conforms to C99... yes
checking for _Bool... yes
checking for inline... inline
checking for off_t... yes
checking for pid_t... yes
checking for size_t... yes
checking for ssize_t... yes
checking for uint64_t... yes
checking for ANSI C header files... (cached) yes
checking for working volatile... yes
checking for stdlib.h... (cached) yes
checking for GNU libc compatible malloc... yes
checking for stdlib.h... (cached) yes
checking for unistd.h... (cached) yes
checking for sys/param.h... (cached) yes
checking for getpagesize... yes
checking for working mmap... yes
checking for working strtod... yes
checking for clock_gettime... yes
checking for ftruncate... yes
checking for getcwd... yes
checking for getpagesize... (cached) yes
checking for gettimeofday... yes
checking for memset... yes
checking for munmap... yes
checking for strerror... yes
checking for the pthreads library -lpthreads... no
checking whether pthreads work without any flags... no
checking whether pthreads work with -Kthread... no
checking whether pthreads work with -kthread... no
checking for the pthreads library -llthread... no
checking whether pthreads work with -pthread... yes
checking for joinable pthread attribute... PTHREAD_CREATE_JOINABLE
checking if more special flags are required for pthreads... no
checking whether to check for GCC pthread/shared inconsistencies... yes
checking whether -pthread is sufficient with -shared... yes
checking for printf in -lc... yes
checking whether C compiler accepts -mhtm... yes
checking for doxygen... /usr/bin/doxygen
checking for perl... /usr/bin/perl
checking that generated files are newer than configure... done
configure: creating ./config.status
config.status: creating Makefile
config.status: creating examples/Makefile
config.status: creating src/Makefile
config.status: creating config.h
config.status: executing depfiles commands
config.status: executing libtool commands
   dh_auto_build -a
	make -j4
make[1]: Entering directory '/<<PKGBUILDDIR>>'
make  all-recursive
make[2]: Entering directory '/<<PKGBUILDDIR>>'
Making all in src
make[3]: Entering directory '/<<PKGBUILDDIR>>/src'
gcc -DHAVE_CONFIG_H -I. -I..   -Wdate-time -D_FORTIFY_SOURCE=2 -Wall -Werror -Wwrite-strings -pthread -g -O2 -fdebug-prefix-map=/<<PKGBUILDDIR>>=. -fstack-protector-strong -Wformat -Werror=format-security -mhtm -c -o sasutil.o sasutil.c
/bin/bash ../libtool  --tag=CC --silent  --mode=compile gcc -DHAVE_CONFIG_H -I. -I..   -Wdate-time -D_FORTIFY_SOURCE=2 -D__SASSIM__ -Wall -Werror -Wwrite-strings -pthread -g -O2 -fdebug-prefix-map=/<<PKGBUILDDIR>>=. -fstack-protector-strong -Wformat -Werror=format-security -mhtm -c -o libsphde_la-sasshm.lo `test -f 'sasshm.c' || echo './'`sasshm.c
/bin/bash ../libtool  --tag=CC --silent  --mode=compile gcc -DHAVE_CONFIG_H -I. -I..   -Wdate-time -D_FORTIFY_SOURCE=2 -D__SASSIM__ -Wall -Werror -Wwrite-strings -pthread -g -O2 -fdebug-prefix-map=/<<PKGBUILDDIR>>=. -fstack-protector-strong -Wformat -Werror=format-security -mhtm -c -o libsphde_la-sasmsync.lo `test -f 'sasmsync.c' || echo './'`sasmsync.c
/bin/bash ../libtool  --tag=CC --silent  --mode=compile gcc -DHAVE_CONFIG_H -I. -I..   -Wdate-time -D_FORTIFY_SOURCE=2 -D__SASSIM__ -Wall -Werror -Wwrite-strings -pthread -g -O2 -fdebug-prefix-map=/<<PKGBUILDDIR>>=. -fstack-protector-strong -Wformat -Werror=format-security -mhtm -c -o libsphde_la-sasstname.lo `test -f 'sasstname.c' || echo './'`sasstname.c
clang: error: argument unused during compilation: '-mhtm' [-Werror,-Wunused-command-line-argument]
make[3]: *** [Makefile:1263: sasutil.o] Error 1
make[3]: *** Waiting for unfinished jobs....
clang: error: argument unused during compilation: '-mhtm' [-Werror,-Wunused-command-line-argument]
make[3]: *** [Makefile:1293: libsphde_la-sasmsync.lo] Error 1
clang: error: argument unused during compilation: '-mhtm' [-Werror,-Wunused-command-line-argument]
make[3]: *** [Makefile:1286: libsphde_la-sasshm.lo] Error 1
clang: error: argument unused during compilation: '-mhtm' [-Werror,-Wunused-command-line-argument]
make[3]: *** [Makefile:1300: libsphde_la-sasstname.lo] Error 1
make[3]: Leaving directory '/<<PKGBUILDDIR>>/src'
make[2]: *** [Makefile:544: all-recursive] Error 1
make[2]: Leaving directory '/<<PKGBUILDDIR>>'
make[1]: *** [Makefile:413: all] Error 2
make[1]: Leaving directory '/<<PKGBUILDDIR>>'
dh_auto_build: make -j4 returned exit code 2
make: *** [debian/rules:11: build-arch] Error 2
dpkg-buildpackage: error: debian/rules build-arch subprocess returned exit status 2
--------------------------------------------------------------------------------
Build finished at 2019-01-01T09:02:57Z

Finished
--------


+------------------------------------------------------------------------------+
| Cleanup                                                                      |
+------------------------------------------------------------------------------+

Purging /<<BUILDDIR>>
Not cleaning session: cloned chroot in use
E: Build failure (dpkg-buildpackage died)

+------------------------------------------------------------------------------+
| Summary                                                                      |
+------------------------------------------------------------------------------+

Build Architecture: amd64
Build Type: any
Build-Space: 6860
Build-Time: 11
Distribution: unstable
Fail-Stage: build
Host Architecture: amd64
Install-Time: 17
Job: sphde_1.4.0-2
Machine Architecture: amd64
Package: sphde
Package-Time: 40
Source-Version: 1.4.0-2
Space: 6860
Status: attempted
Version: 1.4.0-2
--------------------------------------------------------------------------------
Finished at 2019-01-01T09:02:57Z
Build needed 00:00:40, 6860k disk space
E: Build failure (dpkg-buildpackage died)
DC-Status: Failed 40.844971029s
DC-Time-Estimation: 40.844971029 versus expected 291 (r/m: 6.124500095578217 ; m: 40.844971029)
