DC-Build-Header: form 4.2.0+git20170914-1 / 2018-05-02 13:18:29 +0000
DC-Task: type:rebuild-binarch-only source:form version:4.2.0+git20170914-1 chroot:unstable esttime:72 logfile:/tmp/form_4.2.0+git20170914-1_unstable_clang60.log modes:clang60:binarch-only
DC-Sbuild-call: su user42 -c 'sbuild -n --arch-any --apt-update -d unstable -v  --chroot-setup-commands=/tmp/clang60 form_4.2.0+git20170914-1'
sbuild (Debian sbuild) 0.73.0 (23 Dec 2016) on ip-172-31-14-85.eu-central-1.compute.internal

+==============================================================================+
| form 4.2.0+git20170914-1 (amd64)             Wed, 02 May 2018 13:18:29 +0000 |
+==============================================================================+

Package: form
Version: 4.2.0+git20170914-1
Source Version: 4.2.0+git20170914-1
Distribution: unstable
Machine Architecture: amd64
Host Architecture: amd64
Build Architecture: amd64
Build Type: any

I: NOTICE: Log filtering will replace 'var/run/schroot/mount/unstable-amd64-sbuild-789bd61e-2b48-47b7-9685-e7737e140715' with '<<CHROOT>>'

+------------------------------------------------------------------------------+
| Chroot Setup Commands                                                        |
+------------------------------------------------------------------------------+


/tmp/clang60
------------

+ echo 'Entering customization script...'
Entering customization script...
+ CLANG_VERSION=6.0
+ echo 'Install of clang-6.0'
Install of clang-6.0
+ apt-get update
Get:1 http://127.0.0.1:9999/debian unstable InRelease [242 kB]
Get:2 http://127.0.0.1:9999/debian unstable/main Sources.diff/Index [27.9 kB]
Get:3 http://127.0.0.1:9999/debian unstable/main amd64 Packages.diff/Index [27.9 kB]
Get:4 http://127.0.0.1:9999/debian unstable/main Sources 2018-05-02-0830.09.pdiff [16.2 kB]
Get:4 http://127.0.0.1:9999/debian unstable/main Sources 2018-05-02-0830.09.pdiff [16.2 kB]
Get:5 http://127.0.0.1:9999/debian unstable/main amd64 Packages 2018-05-02-0830.09.pdiff [1781 B]
Get:5 http://127.0.0.1:9999/debian unstable/main amd64 Packages 2018-05-02-0830.09.pdiff [1781 B]
Get:6 http://127.0.0.1:9999/debian unstable/main Translation-en [6016 kB]
Fetched 6332 kB in 2s (3360 kB/s)
Reading package lists...
+ apt-get install --yes --no-install-recommends --force-yes clang-6.0
Reading package lists...
Building dependency tree...
Reading state information...
The following additional packages will be installed:
  lib32gcc1 lib32stdc++6 libbsd0 libc6-i386 libclang-common-6.0-dev
  libclang1-6.0 libedit2 libjsoncpp1 libllvm6.0 libncurses5 libobjc-7-dev
  libobjc4
Suggested packages:
  gnustep gnustep-devel clang-6.0-doc
Recommended packages:
  llvm-6.0-dev python libomp-dev libgpm2
The following NEW packages will be installed:
  clang-6.0 lib32gcc1 lib32stdc++6 libbsd0 libc6-i386 libclang-common-6.0-dev
  libclang1-6.0 libedit2 libjsoncpp1 libllvm6.0 libncurses5 libobjc-7-dev
  libobjc4
0 upgraded, 13 newly installed, 0 to remove and 0 not upgraded.
Need to get 37.7 MB of archives.
After this operation, 187 MB of additional disk space will be used.
Get:1 http://127.0.0.1:9999/debian unstable/main amd64 libjsoncpp1 amd64 1.7.4-3 [75.6 kB]
Get:2 http://127.0.0.1:9999/debian unstable/main amd64 libbsd0 amd64 0.8.7-1 [92.1 kB]
Get:3 http://127.0.0.1:9999/debian unstable/main amd64 libncurses5 amd64 6.1+20180210-2 [95.7 kB]
Get:4 http://127.0.0.1:9999/debian unstable/main amd64 libedit2 amd64 3.1-20170329-1 [85.2 kB]
Get:5 http://127.0.0.1:9999/debian unstable/main amd64 libllvm6.0 amd64 1:6.0-3 [14.5 MB]
Get:6 http://127.0.0.1:9999/debian unstable/main amd64 libobjc4 amd64 8-20180425-1 [52.4 kB]
Get:7 http://127.0.0.1:9999/debian unstable/main amd64 libobjc-7-dev amd64 7.3.0-17 [204 kB]
Get:8 http://127.0.0.1:9999/debian unstable/main amd64 libc6-i386 amd64 2.27-3 [2855 kB]
Get:9 http://127.0.0.1:9999/debian unstable/main amd64 lib32gcc1 amd64 1:8-20180425-1 [47.8 kB]
Get:10 http://127.0.0.1:9999/debian unstable/main amd64 lib32stdc++6 amd64 8-20180425-1 [406 kB]
Get:11 http://127.0.0.1:9999/debian unstable/main amd64 libclang-common-6.0-dev amd64 1:6.0-3 [3102 kB]
Get:12 http://127.0.0.1:9999/debian unstable/main amd64 libclang1-6.0 amd64 1:6.0-3 [6995 kB]
Get:13 http://127.0.0.1:9999/debian unstable/main amd64 clang-6.0 amd64 1:6.0-3 [9175 kB]
debconf: delaying package configuration, since apt-utils is not installed
Fetched 37.7 MB in 0s (98.6 MB/s)
Selecting previously unselected package libjsoncpp1:amd64.
(Reading database ... (Reading database ... 5%(Reading database ... 10%(Reading database ... 15%(Reading database ... 20%(Reading database ... 25%(Reading database ... 30%(Reading database ... 35%(Reading database ... 40%(Reading database ... 45%(Reading database ... 50%(Reading database ... 55%(Reading database ... 60%(Reading database ... 65%(Reading database ... 70%(Reading database ... 75%(Reading database ... 80%(Reading database ... 85%(Reading database ... 90%(Reading database ... 95%(Reading database ... 100%(Reading database ... 10022 files and directories currently installed.)
Preparing to unpack .../00-libjsoncpp1_1.7.4-3_amd64.deb ...
Unpacking libjsoncpp1:amd64 (1.7.4-3) ...
Selecting previously unselected package libbsd0:amd64.
Preparing to unpack .../01-libbsd0_0.8.7-1_amd64.deb ...
Unpacking libbsd0:amd64 (0.8.7-1) ...
Selecting previously unselected package libncurses5:amd64.
Preparing to unpack .../02-libncurses5_6.1+20180210-2_amd64.deb ...
Unpacking libncurses5:amd64 (6.1+20180210-2) ...
Selecting previously unselected package libedit2:amd64.
Preparing to unpack .../03-libedit2_3.1-20170329-1_amd64.deb ...
Unpacking libedit2:amd64 (3.1-20170329-1) ...
Selecting previously unselected package libllvm6.0:amd64.
Preparing to unpack .../04-libllvm6.0_1%3a6.0-3_amd64.deb ...
Unpacking libllvm6.0:amd64 (1:6.0-3) ...
Selecting previously unselected package libobjc4:amd64.
Preparing to unpack .../05-libobjc4_8-20180425-1_amd64.deb ...
Unpacking libobjc4:amd64 (8-20180425-1) ...
Selecting previously unselected package libobjc-7-dev:amd64.
Preparing to unpack .../06-libobjc-7-dev_7.3.0-17_amd64.deb ...
Unpacking libobjc-7-dev:amd64 (7.3.0-17) ...
Selecting previously unselected package libc6-i386.
Preparing to unpack .../07-libc6-i386_2.27-3_amd64.deb ...
Unpacking libc6-i386 (2.27-3) ...
Selecting previously unselected package lib32gcc1.
Preparing to unpack .../08-lib32gcc1_1%3a8-20180425-1_amd64.deb ...
Unpacking lib32gcc1 (1:8-20180425-1) ...
Selecting previously unselected package lib32stdc++6.
Preparing to unpack .../09-lib32stdc++6_8-20180425-1_amd64.deb ...
Unpacking lib32stdc++6 (8-20180425-1) ...
Selecting previously unselected package libclang-common-6.0-dev.
Preparing to unpack .../10-libclang-common-6.0-dev_1%3a6.0-3_amd64.deb ...
Unpacking libclang-common-6.0-dev (1:6.0-3) ...
Selecting previously unselected package libclang1-6.0:amd64.
Preparing to unpack .../11-libclang1-6.0_1%3a6.0-3_amd64.deb ...
Unpacking libclang1-6.0:amd64 (1:6.0-3) ...
Selecting previously unselected package clang-6.0.
Preparing to unpack .../12-clang-6.0_1%3a6.0-3_amd64.deb ...
Unpacking clang-6.0 (1:6.0-3) ...
Setting up libncurses5:amd64 (6.1+20180210-2) ...
Setting up libobjc4:amd64 (8-20180425-1) ...
Setting up libc6-i386 (2.27-3) ...
Setting up libbsd0:amd64 (0.8.7-1) ...
Setting up libobjc-7-dev:amd64 (7.3.0-17) ...
Processing triggers for libc-bin (2.27-3) ...
Setting up lib32gcc1 (1:8-20180425-1) ...
Setting up libjsoncpp1:amd64 (1.7.4-3) ...
Setting up libedit2:amd64 (3.1-20170329-1) ...
Setting up libllvm6.0:amd64 (1:6.0-3) ...
Setting up libclang1-6.0:amd64 (1:6.0-3) ...
Setting up lib32stdc++6 (8-20180425-1) ...
Setting up libclang-common-6.0-dev (1:6.0-3) ...
Setting up clang-6.0 (1:6.0-3) ...
Processing triggers for libc-bin (2.27-3) ...
W: --force-yes is deprecated, use one of the options starting with --allow instead.
+ echo 'Replace gcc, g++ & cpp by clang'
Replace gcc, g++ & cpp by clang
+ VERSIONS='4.6 4.7 4.8 4.9 5 6 7 8'
+ cd /usr/bin
+ for VERSION in $VERSIONS
+ rm -f g++-4.6 gcc-4.6 cpp-4.6 gcc
+ ln -s clang++-6.0 g++-4.6
+ ln -s clang-6.0 gcc-4.6
+ ln -s clang-6.0 cpp-4.6
+ ln -s clang-6.0 gcc
+ echo 'gcc-4.6 hold'
+ dpkg --set-selections
dpkg: warning: package not in status nor available database at line 1: gcc-4.6
dpkg: warning: found unknown packages; this might mean the available database
is outdated, and needs to be updated through a frontend method;
please see the FAQ <https://wiki.debian.org/Teams/Dpkg/FAQ>
+ echo 'g++-4.6 hold'
+ dpkg --set-selections
dpkg: warning: package not in status nor available database at line 1: g++-4.6
dpkg: warning: found unknown packages; this might mean the available database
is outdated, and needs to be updated through a frontend method;
please see the FAQ <https://wiki.debian.org/Teams/Dpkg/FAQ>
+ for VERSION in $VERSIONS
+ rm -f g++-4.7 gcc-4.7 cpp-4.7 gcc
+ ln -s clang++-6.0 g++-4.7
+ ln -s clang-6.0 gcc-4.7
+ ln -s clang-6.0 cpp-4.7
+ ln -s clang-6.0 gcc
+ echo 'gcc-4.7 hold'
+ dpkg --set-selections
dpkg: warning: package not in status nor available database at line 1: gcc-4.7
dpkg: warning: found unknown packages; this might mean the available database
is outdated, and needs to be updated through a frontend method;
please see the FAQ <https://wiki.debian.org/Teams/Dpkg/FAQ>
+ echo 'g++-4.7 hold'
+ dpkg --set-selections
dpkg: warning: package not in status nor available database at line 1: g++-4.7
dpkg: warning: found unknown packages; this might mean the available database
is outdated, and needs to be updated through a frontend method;
please see the FAQ <https://wiki.debian.org/Teams/Dpkg/FAQ>
+ for VERSION in $VERSIONS
+ rm -f g++-4.8 gcc-4.8 cpp-4.8 gcc
+ ln -s clang++-6.0 g++-4.8
+ ln -s clang-6.0 gcc-4.8
+ ln -s clang-6.0 cpp-4.8
+ ln -s clang-6.0 gcc
+ echo 'gcc-4.8 hold'
+ dpkg --set-selections
dpkg: warning: package not in status nor available database at line 1: gcc-4.8
dpkg: warning: found unknown packages; this might mean the available database
is outdated, and needs to be updated through a frontend method;
please see the FAQ <https://wiki.debian.org/Teams/Dpkg/FAQ>
+ echo 'g++-4.8 hold'
+ dpkg --set-selections
dpkg: warning: package not in status nor available database at line 1: g++-4.8
dpkg: warning: found unknown packages; this might mean the available database
is outdated, and needs to be updated through a frontend method;
please see the FAQ <https://wiki.debian.org/Teams/Dpkg/FAQ>
+ for VERSION in $VERSIONS
+ rm -f g++-4.9 gcc-4.9 cpp-4.9 gcc
+ ln -s clang++-6.0 g++-4.9
+ ln -s clang-6.0 gcc-4.9
+ ln -s clang-6.0 cpp-4.9
+ ln -s clang-6.0 gcc
+ echo 'gcc-4.9 hold'
+ dpkg --set-selections
dpkg: warning: package not in status nor available database at line 1: gcc-4.9
dpkg: warning: found unknown packages; this might mean the available database
is outdated, and needs to be updated through a frontend method;
please see the FAQ <https://wiki.debian.org/Teams/Dpkg/FAQ>
+ echo 'g++-4.9 hold'
+ dpkg --set-selections
dpkg: warning: package not in status nor available database at line 1: g++-4.9
dpkg: warning: found unknown packages; this might mean the available database
is outdated, and needs to be updated through a frontend method;
please see the FAQ <https://wiki.debian.org/Teams/Dpkg/FAQ>
+ for VERSION in $VERSIONS
+ rm -f g++-5 gcc-5 cpp-5 gcc
+ ln -s clang++-6.0 g++-5
+ ln -s clang-6.0 gcc-5
+ ln -s clang-6.0 cpp-5
+ ln -s clang-6.0 gcc
+ echo 'gcc-5 hold'
+ dpkg --set-selections
+ echo 'g++-5 hold'
+ dpkg --set-selections
+ for VERSION in $VERSIONS
+ rm -f g++-6 gcc-6 cpp-6 gcc
+ ln -s clang++-6.0 g++-6
+ ln -s clang-6.0 gcc-6
+ ln -s clang-6.0 cpp-6
+ ln -s clang-6.0 gcc
+ echo 'gcc-6 hold'
+ dpkg --set-selections
dpkg: warning: package not in status nor available database at line 1: gcc-6
dpkg: warning: found unknown packages; this might mean the available database
is outdated, and needs to be updated through a frontend method;
please see the FAQ <https://wiki.debian.org/Teams/Dpkg/FAQ>
+ echo 'g++-6 hold'
+ dpkg --set-selections
dpkg: warning: package not in status nor available database at line 1: g++-6
dpkg: warning: found unknown packages; this might mean the available database
is outdated, and needs to be updated through a frontend method;
please see the FAQ <https://wiki.debian.org/Teams/Dpkg/FAQ>
+ for VERSION in $VERSIONS
+ rm -f g++-7 gcc-7 cpp-7 gcc
+ ln -s clang++-6.0 g++-7
+ ln -s clang-6.0 gcc-7
+ ln -s clang-6.0 cpp-7
+ ln -s clang-6.0 gcc
+ echo 'gcc-7 hold'
+ dpkg --set-selections
+ echo 'g++-7 hold'
+ dpkg --set-selections
+ for VERSION in $VERSIONS
+ rm -f g++-8 gcc-8 cpp-8 gcc
+ ln -s clang++-6.0 g++-8
+ ln -s clang-6.0 gcc-8
+ ln -s clang-6.0 cpp-8
+ ln -s clang-6.0 gcc
+ echo 'gcc-8 hold'
+ dpkg --set-selections
dpkg: warning: package not in status nor available database at line 1: gcc-8
dpkg: warning: found unknown packages; this might mean the available database
is outdated, and needs to be updated through a frontend method;
please see the FAQ <https://wiki.debian.org/Teams/Dpkg/FAQ>
+ echo 'g++-8 hold'
+ dpkg --set-selections
dpkg: warning: package not in status nor available database at line 1: g++-8
dpkg: warning: found unknown packages; this might mean the available database
is outdated, and needs to be updated through a frontend method;
please see the FAQ <https://wiki.debian.org/Teams/Dpkg/FAQ>
+ cd -
/build/form-GYdIPT
+ echo 'Check if gcc, g++ & cpp are actually clang'
Check if gcc, g++ & cpp are actually clang
+ gcc --version
+ grep clang
+ cpp --version
+ grep clang
+ g++ --version
+ grep clang

I: Finished running '/tmp/clang60'.

Finished processing commands.
--------------------------------------------------------------------------------

+------------------------------------------------------------------------------+
| Update chroot                                                                |
+------------------------------------------------------------------------------+

Hit:1 http://127.0.0.1:9999/debian unstable InRelease
Reading package lists...
Reading package lists...
Building dependency tree...
Reading state information...
Calculating upgrade...
0 upgraded, 0 newly installed, 0 to remove and 0 not upgraded.

+------------------------------------------------------------------------------+
| Fetch source files                                                           |
+------------------------------------------------------------------------------+


Check APT
---------

Checking available source versions...

Download source files with APT
------------------------------

Reading package lists...
Need to get 1241 kB of source archives.
Get:1 http://127.0.0.1:9999/debian unstable/main form 4.2.0+git20170914-1 (dsc) [1630 B]
Get:2 http://127.0.0.1:9999/debian unstable/main form 4.2.0+git20170914-1 (tar) [1236 kB]
Get:3 http://127.0.0.1:9999/debian unstable/main form 4.2.0+git20170914-1 (diff) [3300 B]
Fetched 1241 kB in 0s (7768 kB/s)
Download complete and in download only mode
I: NOTICE: Log filtering will replace 'build/form-GYdIPT/form-4.2.0+git20170914' with '<<PKGBUILDDIR>>'
I: NOTICE: Log filtering will replace 'build/form-GYdIPT' with '<<BUILDDIR>>'

+------------------------------------------------------------------------------+
| Install build-essential                                                      |
+------------------------------------------------------------------------------+


Setup apt archive
-----------------

Merged Build-Depends: build-essential, fakeroot
Filtered Build-Depends: build-essential, fakeroot
dpkg-deb: building package 'sbuild-build-depends-core-dummy' in '/<<BUILDDIR>>/resolver-VATf23/apt_archive/sbuild-build-depends-core-dummy.deb'.
dpkg-scanpackages: warning: Packages in archive but missing from override file:
dpkg-scanpackages: warning:   sbuild-build-depends-core-dummy
dpkg-scanpackages: info: Wrote 1 entries to output Packages file.
Ign:1 copy:/<<BUILDDIR>>/resolver-VATf23/apt_archive ./ InRelease
Get:2 copy:/<<BUILDDIR>>/resolver-VATf23/apt_archive ./ Release [957 B]
Ign:3 copy:/<<BUILDDIR>>/resolver-VATf23/apt_archive ./ Release.gpg
Get:4 copy:/<<BUILDDIR>>/resolver-VATf23/apt_archive ./ Sources [349 B]
Get:5 copy:/<<BUILDDIR>>/resolver-VATf23/apt_archive ./ Packages [432 B]
Fetched 1738 B in 0s (0 B/s)
Reading package lists...
Reading package lists...

Install core build dependencies (apt-based resolver)
----------------------------------------------------

Installing build dependencies
Reading package lists...
Building dependency tree...
Reading state information...
The following NEW packages will be installed:
  sbuild-build-depends-core-dummy
0 upgraded, 1 newly installed, 0 to remove and 0 not upgraded.
Need to get 856 B of archives.
After this operation, 0 B of additional disk space will be used.
Get:1 copy:/<<BUILDDIR>>/resolver-VATf23/apt_archive ./ sbuild-build-depends-core-dummy 0.invalid.0 [856 B]
debconf: delaying package configuration, since apt-utils is not installed
Fetched 856 B in 0s (0 B/s)
Selecting previously unselected package sbuild-build-depends-core-dummy.
(Reading database ... 10771 files and directories currently installed.)
Preparing to unpack .../sbuild-build-depends-core-dummy_0.invalid.0_amd64.deb ...
Unpacking sbuild-build-depends-core-dummy (0.invalid.0) ...
Setting up sbuild-build-depends-core-dummy (0.invalid.0) ...

+------------------------------------------------------------------------------+
| Check architectures                                                          |
+------------------------------------------------------------------------------+

Arch check ok (amd64 included in any all)

+------------------------------------------------------------------------------+
| Install package build dependencies                                           |
+------------------------------------------------------------------------------+


Setup apt archive
-----------------

Merged Build-Depends: debhelper (>= 10), autotools-dev, libmpich-dev, texlive-latex-base, ruby, strace, openmpi-bin | mpich
Filtered Build-Depends: debhelper (>= 10), autotools-dev, libmpich-dev, texlive-latex-base, ruby, strace, openmpi-bin
dpkg-deb: building package 'sbuild-build-depends-form-dummy' in '/<<BUILDDIR>>/resolver-VATf23/apt_archive/sbuild-build-depends-form-dummy.deb'.
dpkg-scanpackages: warning: Packages in archive but missing from override file:
dpkg-scanpackages: warning:   sbuild-build-depends-core-dummy sbuild-build-depends-form-dummy
dpkg-scanpackages: info: Wrote 2 entries to output Packages file.
Ign:1 copy:/<<BUILDDIR>>/resolver-VATf23/apt_archive ./ InRelease
Get:2 copy:/<<BUILDDIR>>/resolver-VATf23/apt_archive ./ Release [963 B]
Ign:3 copy:/<<BUILDDIR>>/resolver-VATf23/apt_archive ./ Release.gpg
Get:4 copy:/<<BUILDDIR>>/resolver-VATf23/apt_archive ./ Sources [532 B]
Get:5 copy:/<<BUILDDIR>>/resolver-VATf23/apt_archive ./ Packages [612 B]
Fetched 2107 B in 0s (0 B/s)
Reading package lists...
Reading package lists...

Install form build dependencies (apt-based resolver)
----------------------------------------------------

Installing build dependencies
Reading package lists...
Building dependency tree...
Reading state information...
The following additional packages will be installed:
  autoconf automake autopoint autotools-dev bsdmainutils ca-certificates
  debhelper dh-autoreconf dh-strip-nondeterminism file fontconfig-config
  fonts-dejavu-core fonts-lmodern gettext gettext-base gfortran gfortran-7
  groff-base hwloc-nox intltool-debian libarchive-zip-perl libavahi-client3
  libavahi-common-data libavahi-common3 libcairo2 libcroco3 libcups2
  libcupsimage2 libdbus-1-3 libevent-2.1-6 libevent-core-2.1-6
  libevent-pthreads-2.1-6 libexpat1 libfabric1
  libfile-stripnondeterminism-perl libfontconfig1 libfreetype6
  libgfortran-7-dev libgfortran4 libglib2.0-0 libgraphite2-3 libgs9
  libgs9-common libgssapi-krb5-2 libharfbuzz-icu0 libharfbuzz0b
  libhwloc-plugins libhwloc5 libibverbs1 libice6 libicu57 libidn11 libijs-0.35
  libjbig0 libjbig2dec0 libjpeg62-turbo libk5crypto3 libkeyutils1 libkpathsea6
  libkrb5-3 libkrb5support0 liblcms2-2 libltdl7 libmagic-mgc libmagic1
  libmpich-dev libmpich12 libnl-3-200 libnl-route-3-200 libnuma1 libopenjp2-7
  libopenmpi3 libpaper-utils libpaper1 libpciaccess0 libpipeline1
  libpixman-1-0 libpmix2 libpng16-16 libpotrace0 libpsm-infinipath1
  libptexenc1 librdmacm1 libreadline7 libruby2.5 libsigsegv2 libsm6
  libssl1.0.2 libssl1.1 libsynctex2 libtexlua52 libtexlua53 libtexluajit2
  libtiff5 libtimedate-perl libtool libunwind8 libx11-6 libx11-data libxau6
  libxaw7 libxcb-render0 libxcb-shm0 libxcb1 libxdmcp6 libxext6 libxi6 libxml2
  libxmu6 libxpm4 libxrender1 libxt6 libyaml-0-2 libzzip-0-13 lsb-base m4
  man-db mpich ocl-icd-libopencl1 openmpi-bin openmpi-common openssh-client
  openssl po-debconf poppler-data rake readline-common ruby ruby-did-you-mean
  ruby-minitest ruby-net-telnet ruby-power-assert ruby-test-unit ruby2.5
  rubygems-integration strace t1utils tex-common texlive-base texlive-binaries
  texlive-latex-base ucf x11-common xdg-utils
Suggested packages:
  autoconf-archive gnu-standards autoconf-doc wamerican | wordlist whois
  vacation dh-make dwz gettext-doc libasprintf-dev libgettextpo-dev
  gfortran-multilib gfortran-doc gfortran-7-multilib gfortran-7-doc
  libgfortran4-dbg libcoarrays-dev groff cups-common krb5-doc krb5-user
  libhwloc-contrib-plugins liblcms2-utils pciutils libtool-doc gcj-jdk m4-doc
  apparmor less www-browser mpich-doc opencl-icd keychain libpam-ssh
  monkeysphere ssh-askpass libmail-box-perl poppler-utils ghostscript
  fonts-japanese-mincho | fonts-ipafont-mincho fonts-japanese-gothic
  | fonts-ipafont-gothic fonts-arphic-ukai fonts-arphic-uming fonts-nanum
  readline-doc ri ruby-dev bundler gv | postscript-viewer perl-tk xpdf-reader
  | pdf-viewer texlive-latex-base-doc
Recommended packages:
  curl | wget | lynx libcupsfilters1 dbus libarchive-cpio-perl libglib2.0-data
  shared-mime-info xdg-user-dirs fonts-droid-fallback ibverbs-providers
  krb5-locales libltdl-dev xauth libmail-sendmail-perl zip fonts-lato
  libjs-jquery lmodern libfile-mimeinfo-perl libnet-dbus-perl
  libx11-protocol-perl x11-utils x11-xserver-utils
The following NEW packages will be installed:
  autoconf automake autopoint autotools-dev bsdmainutils ca-certificates
  debhelper dh-autoreconf dh-strip-nondeterminism file fontconfig-config
  fonts-dejavu-core fonts-lmodern gettext gettext-base gfortran gfortran-7
  groff-base hwloc-nox intltool-debian libarchive-zip-perl libavahi-client3
  libavahi-common-data libavahi-common3 libcairo2 libcroco3 libcups2
  libcupsimage2 libdbus-1-3 libevent-2.1-6 libevent-core-2.1-6
  libevent-pthreads-2.1-6 libexpat1 libfabric1
  libfile-stripnondeterminism-perl libfontconfig1 libfreetype6
  libgfortran-7-dev libgfortran4 libglib2.0-0 libgraphite2-3 libgs9
  libgs9-common libgssapi-krb5-2 libharfbuzz-icu0 libharfbuzz0b
  libhwloc-plugins libhwloc5 libibverbs1 libice6 libicu57 libidn11 libijs-0.35
  libjbig0 libjbig2dec0 libjpeg62-turbo libk5crypto3 libkeyutils1 libkpathsea6
  libkrb5-3 libkrb5support0 liblcms2-2 libltdl7 libmagic-mgc libmagic1
  libmpich-dev libmpich12 libnl-3-200 libnl-route-3-200 libnuma1 libopenjp2-7
  libopenmpi3 libpaper-utils libpaper1 libpciaccess0 libpipeline1
  libpixman-1-0 libpmix2 libpng16-16 libpotrace0 libpsm-infinipath1
  libptexenc1 librdmacm1 libreadline7 libruby2.5 libsigsegv2 libsm6
  libssl1.0.2 libssl1.1 libsynctex2 libtexlua52 libtexlua53 libtexluajit2
  libtiff5 libtimedate-perl libtool libunwind8 libx11-6 libx11-data libxau6
  libxaw7 libxcb-render0 libxcb-shm0 libxcb1 libxdmcp6 libxext6 libxi6 libxml2
  libxmu6 libxpm4 libxrender1 libxt6 libyaml-0-2 libzzip-0-13 lsb-base m4
  man-db mpich ocl-icd-libopencl1 openmpi-bin openmpi-common openssh-client
  openssl po-debconf poppler-data rake readline-common ruby ruby-did-you-mean
  ruby-minitest ruby-net-telnet ruby-power-assert ruby-test-unit ruby2.5
  rubygems-integration sbuild-build-depends-form-dummy strace t1utils
  tex-common texlive-base texlive-binaries texlive-latex-base ucf x11-common
  xdg-utils
0 upgraded, 145 newly installed, 0 to remove and 0 not upgraded.
Need to get 101 MB of archives.
After this operation, 351 MB of additional disk space will be used.
Get:1 copy:/<<BUILDDIR>>/resolver-VATf23/apt_archive ./ sbuild-build-depends-form-dummy 0.invalid.0 [904 B]
Get:2 http://127.0.0.1:9999/debian unstable/main amd64 bsdmainutils amd64 11.1.2 [190 kB]
Get:3 http://127.0.0.1:9999/debian unstable/main amd64 groff-base amd64 1.22.3-10 [1176 kB]
Get:4 http://127.0.0.1:9999/debian unstable/main amd64 libpipeline1 amd64 1.5.0-1 [29.0 kB]
Get:5 http://127.0.0.1:9999/debian unstable/main amd64 man-db amd64 2.8.3-2 [1180 kB]
Get:6 http://127.0.0.1:9999/debian unstable/main amd64 poppler-data all 0.4.9-2 [1473 kB]
Get:7 http://127.0.0.1:9999/debian unstable/main amd64 ucf all 3.0038 [67.8 kB]
Get:8 http://127.0.0.1:9999/debian unstable/main amd64 tex-common all 6.09 [53.2 kB]
Get:9 http://127.0.0.1:9999/debian unstable/main amd64 readline-common all 7.0-3 [70.4 kB]
Get:10 http://127.0.0.1:9999/debian unstable/main amd64 libmagic-mgc amd64 1:5.33-2 [234 kB]
Get:11 http://127.0.0.1:9999/debian unstable/main amd64 libmagic1 amd64 1:5.33-2 [113 kB]
Get:12 http://127.0.0.1:9999/debian unstable/main amd64 file amd64 1:5.33-2 [65.6 kB]
Get:13 http://127.0.0.1:9999/debian unstable/main amd64 gettext-base amd64 0.19.8.1-6 [122 kB]
Get:14 http://127.0.0.1:9999/debian unstable/main amd64 libkeyutils1 amd64 1.5.9-9.2 [12.9 kB]
Get:15 http://127.0.0.1:9999/debian unstable/main amd64 libkrb5support0 amd64 1.16-2 [62.8 kB]
Get:16 http://127.0.0.1:9999/debian unstable/main amd64 libk5crypto3 amd64 1.16-2 [121 kB]
Get:17 http://127.0.0.1:9999/debian unstable/main amd64 libkrb5-3 amd64 1.16-2 [316 kB]
Get:18 http://127.0.0.1:9999/debian unstable/main amd64 libgssapi-krb5-2 amd64 1.16-2 [158 kB]
Get:19 http://127.0.0.1:9999/debian unstable/main amd64 libssl1.0.2 amd64 1.0.2o-1 [1296 kB]
Get:20 http://127.0.0.1:9999/debian unstable/main amd64 openssh-client amd64 1:7.7p1-2 [802 kB]
Get:21 http://127.0.0.1:9999/debian unstable/main amd64 libsigsegv2 amd64 2.12-2 [32.8 kB]
Get:22 http://127.0.0.1:9999/debian unstable/main amd64 m4 amd64 1.4.18-1 [202 kB]
Get:23 http://127.0.0.1:9999/debian unstable/main amd64 autoconf all 2.69-11 [341 kB]
Get:24 http://127.0.0.1:9999/debian unstable/main amd64 autotools-dev all 20180224.1 [77.0 kB]
Get:25 http://127.0.0.1:9999/debian unstable/main amd64 automake all 1:1.15.1-3.1 [736 kB]
Get:26 http://127.0.0.1:9999/debian unstable/main amd64 autopoint all 0.19.8.1-6 [434 kB]
Get:27 http://127.0.0.1:9999/debian unstable/main amd64 libssl1.1 amd64 1.1.0h-2 [1352 kB]
Get:28 http://127.0.0.1:9999/debian unstable/main amd64 openssl amd64 1.1.0h-2 [744 kB]
Get:29 http://127.0.0.1:9999/debian unstable/main amd64 ca-certificates all 20180409 [161 kB]
Get:30 http://127.0.0.1:9999/debian unstable/main amd64 libtool all 2.4.6-2.1 [547 kB]
Get:31 http://127.0.0.1:9999/debian unstable/main amd64 dh-autoreconf all 17 [16.5 kB]
Get:32 http://127.0.0.1:9999/debian unstable/main amd64 libarchive-zip-perl all 1.60-1 [95.6 kB]
Get:33 http://127.0.0.1:9999/debian unstable/main amd64 libfile-stripnondeterminism-perl all 0.041-1 [19.9 kB]
Get:34 http://127.0.0.1:9999/debian unstable/main amd64 libtimedate-perl all 2.3000-2 [42.2 kB]
Get:35 http://127.0.0.1:9999/debian unstable/main amd64 dh-strip-nondeterminism all 0.041-1 [12.0 kB]
Get:36 http://127.0.0.1:9999/debian unstable/main amd64 libglib2.0-0 amd64 2.56.1-2 [2928 kB]
Get:37 http://127.0.0.1:9999/debian unstable/main amd64 libicu57 amd64 57.1-9 [7698 kB]
Get:38 http://127.0.0.1:9999/debian unstable/main amd64 libxml2 amd64 2.9.4+dfsg1-6.1 [725 kB]
Get:39 http://127.0.0.1:9999/debian unstable/main amd64 libcroco3 amd64 0.6.12-2 [144 kB]
Get:40 http://127.0.0.1:9999/debian unstable/main amd64 gettext amd64 0.19.8.1-6 [1302 kB]
Get:41 http://127.0.0.1:9999/debian unstable/main amd64 intltool-debian all 0.35.0+20060710.4 [26.3 kB]
Get:42 http://127.0.0.1:9999/debian unstable/main amd64 po-debconf all 1.0.20 [247 kB]
Get:43 http://127.0.0.1:9999/debian unstable/main amd64 debhelper all 11.2.1 [1013 kB]
Get:44 http://127.0.0.1:9999/debian unstable/main amd64 fonts-dejavu-core all 2.37-1 [1068 kB]
Get:45 http://127.0.0.1:9999/debian unstable/main amd64 fontconfig-config all 2.13.0-4 [280 kB]
Get:46 http://127.0.0.1:9999/debian unstable/main amd64 fonts-lmodern all 2.004.5-3 [4540 kB]
Get:47 http://127.0.0.1:9999/debian unstable/main amd64 libgfortran4 amd64 7.3.0-17 [487 kB]
Get:48 http://127.0.0.1:9999/debian unstable/main amd64 libgfortran-7-dev amd64 7.3.0-17 [526 kB]
Get:49 http://127.0.0.1:9999/debian unstable/main amd64 gfortran-7 amd64 7.3.0-17 [7067 kB]
Get:50 http://127.0.0.1:9999/debian unstable/main amd64 gfortran amd64 4:7.3.0-3 [1424 B]
Get:51 http://127.0.0.1:9999/debian unstable/main amd64 libltdl7 amd64 2.4.6-2.1 [389 kB]
Get:52 http://127.0.0.1:9999/debian unstable/main amd64 libnuma1 amd64 2.0.11-2.2 [33.8 kB]
Get:53 http://127.0.0.1:9999/debian unstable/main amd64 libhwloc5 amd64 1.11.10-1 [110 kB]
Get:54 http://127.0.0.1:9999/debian unstable/main amd64 hwloc-nox amd64 1.11.10-1 [161 kB]
Get:55 http://127.0.0.1:9999/debian unstable/main amd64 libavahi-common-data amd64 0.7-4 [122 kB]
Get:56 http://127.0.0.1:9999/debian unstable/main amd64 libavahi-common3 amd64 0.7-4 [54.4 kB]
Get:57 http://127.0.0.1:9999/debian unstable/main amd64 libdbus-1-3 amd64 1.12.8-1 [209 kB]
Get:58 http://127.0.0.1:9999/debian unstable/main amd64 libavahi-client3 amd64 0.7-4 [57.8 kB]
Get:59 http://127.0.0.1:9999/debian unstable/main amd64 libexpat1 amd64 2.2.5-3 [96.8 kB]
Get:60 http://127.0.0.1:9999/debian unstable/main amd64 libpng16-16 amd64 1.6.34-1 [287 kB]
Get:61 http://127.0.0.1:9999/debian unstable/main amd64 libfreetype6 amd64 2.8.1-2 [461 kB]
Get:62 http://127.0.0.1:9999/debian unstable/main amd64 libfontconfig1 amd64 2.13.0-4 [343 kB]
Get:63 http://127.0.0.1:9999/debian unstable/main amd64 libpixman-1-0 amd64 0.34.0-2 [529 kB]
Get:64 http://127.0.0.1:9999/debian unstable/main amd64 libxau6 amd64 1:1.0.8-1+b2 [19.9 kB]
Get:65 http://127.0.0.1:9999/debian unstable/main amd64 libxdmcp6 amd64 1:1.1.2-3 [26.3 kB]
Get:66 http://127.0.0.1:9999/debian unstable/main amd64 libxcb1 amd64 1.13-1 [136 kB]
Get:67 http://127.0.0.1:9999/debian unstable/main amd64 libx11-data all 2:1.6.5-1 [292 kB]
Get:68 http://127.0.0.1:9999/debian unstable/main amd64 libx11-6 amd64 2:1.6.5-1 [749 kB]
Get:69 http://127.0.0.1:9999/debian unstable/main amd64 libxcb-render0 amd64 1.13-1 [108 kB]
Get:70 http://127.0.0.1:9999/debian unstable/main amd64 libxcb-shm0 amd64 1.13-1 [98.3 kB]
Get:71 http://127.0.0.1:9999/debian unstable/main amd64 libxext6 amd64 2:1.3.3-1+b2 [52.5 kB]
Get:72 http://127.0.0.1:9999/debian unstable/main amd64 libxrender1 amd64 1:0.9.10-1 [33.0 kB]
Get:73 http://127.0.0.1:9999/debian unstable/main amd64 libcairo2 amd64 1.15.10-3 [664 kB]
Get:74 http://127.0.0.1:9999/debian unstable/main amd64 libcups2 amd64 2.2.7-3 [320 kB]
Get:75 http://127.0.0.1:9999/debian unstable/main amd64 libcupsimage2 amd64 2.2.7-3 [130 kB]
Get:76 http://127.0.0.1:9999/debian unstable/main amd64 libevent-2.1-6 amd64 2.1.8-stable-4 [177 kB]
Get:77 http://127.0.0.1:9999/debian unstable/main amd64 libevent-core-2.1-6 amd64 2.1.8-stable-4 [129 kB]
Get:78 http://127.0.0.1:9999/debian unstable/main amd64 libevent-pthreads-2.1-6 amd64 2.1.8-stable-4 [47.9 kB]
Get:79 http://127.0.0.1:9999/debian unstable/main amd64 libnl-3-200 amd64 3.2.27-2 [61.5 kB]
Get:80 http://127.0.0.1:9999/debian unstable/main amd64 libnl-route-3-200 amd64 3.2.27-2 [136 kB]
Get:81 http://127.0.0.1:9999/debian unstable/main amd64 libibverbs1 amd64 17.1-2 [45.2 kB]
Get:82 http://127.0.0.1:9999/debian unstable/main amd64 libpsm-infinipath1 amd64 3.3+20.604758e7-5 [172 kB]
Get:83 http://127.0.0.1:9999/debian unstable/main amd64 librdmacm1 amd64 17.1-2 [65.8 kB]
Get:84 http://127.0.0.1:9999/debian unstable/main amd64 libfabric1 amd64 1.5.3-1 [303 kB]
Get:85 http://127.0.0.1:9999/debian unstable/main amd64 libgraphite2-3 amd64 1.3.11-2 [85.2 kB]
Get:86 http://127.0.0.1:9999/debian unstable/main amd64 libidn11 amd64 1.33-2.2 [116 kB]
Get:87 http://127.0.0.1:9999/debian unstable/main amd64 libijs-0.35 amd64 0.35-13 [18.5 kB]
Get:88 http://127.0.0.1:9999/debian unstable/main amd64 libjbig2dec0 amd64 0.13-6 [60.3 kB]
Get:89 http://127.0.0.1:9999/debian unstable/main amd64 libjpeg62-turbo amd64 1:1.5.2-2+b1 [134 kB]
Get:90 http://127.0.0.1:9999/debian unstable/main amd64 liblcms2-2 amd64 2.9-1 [145 kB]
Get:91 http://127.0.0.1:9999/debian unstable/main amd64 libopenjp2-7 amd64 2.3.0-1 [163 kB]
Get:92 http://127.0.0.1:9999/debian unstable/main amd64 libpaper1 amd64 1.1.24+nmu5 [21.6 kB]
Get:93 http://127.0.0.1:9999/debian unstable/main amd64 libjbig0 amd64 2.1-3.1+b2 [31.0 kB]
Get:94 http://127.0.0.1:9999/debian unstable/main amd64 libtiff5 amd64 4.0.9-5 [246 kB]
Get:95 http://127.0.0.1:9999/debian unstable/main amd64 libgs9-common all 9.22~dfsg-2.1 [5241 kB]
Get:96 http://127.0.0.1:9999/debian unstable/main amd64 libgs9 amd64 9.22~dfsg-2.1 [2155 kB]
Get:97 http://127.0.0.1:9999/debian unstable/main amd64 libharfbuzz0b amd64 1.7.6-1 [842 kB]
Get:98 http://127.0.0.1:9999/debian unstable/main amd64 libharfbuzz-icu0 amd64 1.7.6-1 [584 kB]
Get:99 http://127.0.0.1:9999/debian unstable/main amd64 libpciaccess0 amd64 0.14-1 [53.5 kB]
Get:100 http://127.0.0.1:9999/debian unstable/main amd64 ocl-icd-libopencl1 amd64 2.2.12-1 [37.1 kB]
Get:101 http://127.0.0.1:9999/debian unstable/main amd64 libhwloc-plugins amd64 1.11.10-1 [16.7 kB]
Get:102 http://127.0.0.1:9999/debian unstable/main amd64 lsb-base all 9.20170808 [28.1 kB]
Get:103 http://127.0.0.1:9999/debian unstable/main amd64 x11-common all 1:7.7+19 [251 kB]
Get:104 http://127.0.0.1:9999/debian unstable/main amd64 libice6 amd64 2:1.0.9-2 [58.7 kB]
Get:105 http://127.0.0.1:9999/debian unstable/main amd64 libkpathsea6 amd64 2018.20180416.47457-2 [165 kB]
Get:106 http://127.0.0.1:9999/debian unstable/main amd64 libmpich12 amd64 3.3~b2-5 [1119 kB]
Get:107 http://127.0.0.1:9999/debian unstable/main amd64 mpich amd64 3.3~b2-5 [1135 kB]
Get:108 http://127.0.0.1:9999/debian unstable/main amd64 libmpich-dev amd64 3.3~b2-5 [1350 kB]
Get:109 http://127.0.0.1:9999/debian unstable/main amd64 libpmix2 amd64 2.1.1~rc1-4 [340 kB]
Get:110 http://127.0.0.1:9999/debian unstable/main amd64 libopenmpi3 amd64 3.0.1.real-1 [2099 kB]
Get:111 http://127.0.0.1:9999/debian unstable/main amd64 libpaper-utils amd64 1.1.24+nmu5 [17.6 kB]
Get:112 http://127.0.0.1:9999/debian unstable/main amd64 libpotrace0 amd64 1.14-2 [25.7 kB]
Get:113 http://127.0.0.1:9999/debian unstable/main amd64 libptexenc1 amd64 2018.20180416.47457-2 [58.7 kB]
Get:114 http://127.0.0.1:9999/debian unstable/main amd64 libreadline7 amd64 7.0-3+b1 [151 kB]
Get:115 http://127.0.0.1:9999/debian unstable/main amd64 rake all 12.3.1-2 [66.9 kB]
Get:116 http://127.0.0.1:9999/debian unstable/main amd64 ruby-did-you-mean all 1.2.1-1 [14.4 kB]
Get:117 http://127.0.0.1:9999/debian unstable/main amd64 ruby-minitest all 5.10.3-1 [53.5 kB]
Get:118 http://127.0.0.1:9999/debian unstable/main amd64 ruby-net-telnet all 0.1.1-2 [12.5 kB]
Get:119 http://127.0.0.1:9999/debian unstable/main amd64 ruby-power-assert all 0.3.0-1 [7902 B]
Get:120 http://127.0.0.1:9999/debian unstable/main amd64 ruby-test-unit all 3.2.7-1 [72.3 kB]
Get:121 http://127.0.0.1:9999/debian unstable/main amd64 libyaml-0-2 amd64 0.1.7-2 [47.6 kB]
Get:122 http://127.0.0.1:9999/debian unstable/main amd64 libruby2.5 amd64 2.5.1-1 [3408 kB]
Get:123 http://127.0.0.1:9999/debian unstable/main amd64 libsm6 amd64 2:1.2.2-1+b3 [33.3 kB]
Get:124 http://127.0.0.1:9999/debian unstable/main amd64 libsynctex2 amd64 2018.20180416.47457-2 [78.5 kB]
Get:125 http://127.0.0.1:9999/debian unstable/main amd64 libtexlua52 amd64 2018.20180416.47457-2 [112 kB]
Get:126 http://127.0.0.1:9999/debian unstable/main amd64 libtexlua53 amd64 2018.20180416.47457-2 [125 kB]
Get:127 http://127.0.0.1:9999/debian unstable/main amd64 libtexluajit2 amd64 2018.20180416.47457-2 [255 kB]
Get:128 http://127.0.0.1:9999/debian unstable/main amd64 libunwind8 amd64 1.2.1-8 [51.0 kB]
Get:129 http://127.0.0.1:9999/debian unstable/main amd64 libxt6 amd64 1:1.1.5-1 [188 kB]
Get:130 http://127.0.0.1:9999/debian unstable/main amd64 libxmu6 amd64 2:1.1.2-2 [60.3 kB]
Get:131 http://127.0.0.1:9999/debian unstable/main amd64 libxpm4 amd64 1:3.5.12-1 [49.1 kB]
Get:132 http://127.0.0.1:9999/debian unstable/main amd64 libxaw7 amd64 2:1.0.13-1+b2 [201 kB]
Get:133 http://127.0.0.1:9999/debian unstable/main amd64 libxi6 amd64 2:1.7.9-1 [82.6 kB]
Get:134 http://127.0.0.1:9999/debian unstable/main amd64 libzzip-0-13 amd64 0.13.62-3.1 [55.4 kB]
Get:135 http://127.0.0.1:9999/debian unstable/main amd64 openmpi-common all 3.0.1.real-1 [158 kB]
Get:136 http://127.0.0.1:9999/debian unstable/main amd64 openmpi-bin amd64 3.0.1.real-1 [203 kB]
Get:137 http://127.0.0.1:9999/debian unstable/main amd64 rubygems-integration all 1.11 [4994 B]
Get:138 http://127.0.0.1:9999/debian unstable/main amd64 ruby2.5 amd64 2.5.1-1 [384 kB]
Get:139 http://127.0.0.1:9999/debian unstable/main amd64 ruby amd64 1:2.5.1 [11.3 kB]
Get:140 http://127.0.0.1:9999/debian unstable/main amd64 strace amd64 4.21-1 [339 kB]
Get:141 http://127.0.0.1:9999/debian unstable/main amd64 t1utils amd64 1.41-2 [62.0 kB]
Get:142 http://127.0.0.1:9999/debian unstable/main amd64 texlive-binaries amd64 2018.20180416.47457-2 [11.6 MB]
Get:143 http://127.0.0.1:9999/debian unstable/main amd64 xdg-utils all 1.1.2-2 [72.8 kB]
Get:144 http://127.0.0.1:9999/debian unstable/main amd64 texlive-base all 2018.20180416-1 [18.9 MB]
Get:145 http://127.0.0.1:9999/debian unstable/main amd64 texlive-latex-base all 2018.20180416-1 [985 kB]
debconf: delaying package configuration, since apt-utils is not installed
Fetched 101 MB in 1s (84.7 MB/s)
Selecting previously unselected package bsdmainutils.
(Reading database ... 10771 files and directories currently installed.)
Preparing to unpack .../000-bsdmainutils_11.1.2_amd64.deb ...
Unpacking bsdmainutils (11.1.2) ...
Selecting previously unselected package groff-base.
Preparing to unpack .../001-groff-base_1.22.3-10_amd64.deb ...
Unpacking groff-base (1.22.3-10) ...
Selecting previously unselected package libpipeline1:amd64.
Preparing to unpack .../002-libpipeline1_1.5.0-1_amd64.deb ...
Unpacking libpipeline1:amd64 (1.5.0-1) ...
Selecting previously unselected package man-db.
Preparing to unpack .../003-man-db_2.8.3-2_amd64.deb ...
Unpacking man-db (2.8.3-2) ...
Selecting previously unselected package poppler-data.
Preparing to unpack .../004-poppler-data_0.4.9-2_all.deb ...
Unpacking poppler-data (0.4.9-2) ...
Selecting previously unselected package ucf.
Preparing to unpack .../005-ucf_3.0038_all.deb ...
Moving old data out of the way
Unpacking ucf (3.0038) ...
Selecting previously unselected package tex-common.
Preparing to unpack .../006-tex-common_6.09_all.deb ...
Unpacking tex-common (6.09) ...
Selecting previously unselected package readline-common.
Preparing to unpack .../007-readline-common_7.0-3_all.deb ...
Unpacking readline-common (7.0-3) ...
Selecting previously unselected package libmagic-mgc.
Preparing to unpack .../008-libmagic-mgc_1%3a5.33-2_amd64.deb ...
Unpacking libmagic-mgc (1:5.33-2) ...
Selecting previously unselected package libmagic1:amd64.
Preparing to unpack .../009-libmagic1_1%3a5.33-2_amd64.deb ...
Unpacking libmagic1:amd64 (1:5.33-2) ...
Selecting previously unselected package file.
Preparing to unpack .../010-file_1%3a5.33-2_amd64.deb ...
Unpacking file (1:5.33-2) ...
Selecting previously unselected package gettext-base.
Preparing to unpack .../011-gettext-base_0.19.8.1-6_amd64.deb ...
Unpacking gettext-base (0.19.8.1-6) ...
Selecting previously unselected package libkeyutils1:amd64.
Preparing to unpack .../012-libkeyutils1_1.5.9-9.2_amd64.deb ...
Unpacking libkeyutils1:amd64 (1.5.9-9.2) ...
Selecting previously unselected package libkrb5support0:amd64.
Preparing to unpack .../013-libkrb5support0_1.16-2_amd64.deb ...
Unpacking libkrb5support0:amd64 (1.16-2) ...
Selecting previously unselected package libk5crypto3:amd64.
Preparing to unpack .../014-libk5crypto3_1.16-2_amd64.deb ...
Unpacking libk5crypto3:amd64 (1.16-2) ...
Selecting previously unselected package libkrb5-3:amd64.
Preparing to unpack .../015-libkrb5-3_1.16-2_amd64.deb ...
Unpacking libkrb5-3:amd64 (1.16-2) ...
Selecting previously unselected package libgssapi-krb5-2:amd64.
Preparing to unpack .../016-libgssapi-krb5-2_1.16-2_amd64.deb ...
Unpacking libgssapi-krb5-2:amd64 (1.16-2) ...
Selecting previously unselected package libssl1.0.2:amd64.
Preparing to unpack .../017-libssl1.0.2_1.0.2o-1_amd64.deb ...
Unpacking libssl1.0.2:amd64 (1.0.2o-1) ...
Selecting previously unselected package openssh-client.
Preparing to unpack .../018-openssh-client_1%3a7.7p1-2_amd64.deb ...
Unpacking openssh-client (1:7.7p1-2) ...
Selecting previously unselected package libsigsegv2:amd64.
Preparing to unpack .../019-libsigsegv2_2.12-2_amd64.deb ...
Unpacking libsigsegv2:amd64 (2.12-2) ...
Selecting previously unselected package m4.
Preparing to unpack .../020-m4_1.4.18-1_amd64.deb ...
Unpacking m4 (1.4.18-1) ...
Selecting previously unselected package autoconf.
Preparing to unpack .../021-autoconf_2.69-11_all.deb ...
Unpacking autoconf (2.69-11) ...
Selecting previously unselected package autotools-dev.
Preparing to unpack .../022-autotools-dev_20180224.1_all.deb ...
Unpacking autotools-dev (20180224.1) ...
Selecting previously unselected package automake.
Preparing to unpack .../023-automake_1%3a1.15.1-3.1_all.deb ...
Unpacking automake (1:1.15.1-3.1) ...
Selecting previously unselected package autopoint.
Preparing to unpack .../024-autopoint_0.19.8.1-6_all.deb ...
Unpacking autopoint (0.19.8.1-6) ...
Selecting previously unselected package libssl1.1:amd64.
Preparing to unpack .../025-libssl1.1_1.1.0h-2_amd64.deb ...
Unpacking libssl1.1:amd64 (1.1.0h-2) ...
Selecting previously unselected package openssl.
Preparing to unpack .../026-openssl_1.1.0h-2_amd64.deb ...
Unpacking openssl (1.1.0h-2) ...
Selecting previously unselected package ca-certificates.
Preparing to unpack .../027-ca-certificates_20180409_all.deb ...
Unpacking ca-certificates (20180409) ...
Selecting previously unselected package libtool.
Preparing to unpack .../028-libtool_2.4.6-2.1_all.deb ...
Unpacking libtool (2.4.6-2.1) ...
Selecting previously unselected package dh-autoreconf.
Preparing to unpack .../029-dh-autoreconf_17_all.deb ...
Unpacking dh-autoreconf (17) ...
Selecting previously unselected package libarchive-zip-perl.
Preparing to unpack .../030-libarchive-zip-perl_1.60-1_all.deb ...
Unpacking libarchive-zip-perl (1.60-1) ...
Selecting previously unselected package libfile-stripnondeterminism-perl.
Preparing to unpack .../031-libfile-stripnondeterminism-perl_0.041-1_all.deb ...
Unpacking libfile-stripnondeterminism-perl (0.041-1) ...
Selecting previously unselected package libtimedate-perl.
Preparing to unpack .../032-libtimedate-perl_2.3000-2_all.deb ...
Unpacking libtimedate-perl (2.3000-2) ...
Selecting previously unselected package dh-strip-nondeterminism.
Preparing to unpack .../033-dh-strip-nondeterminism_0.041-1_all.deb ...
Unpacking dh-strip-nondeterminism (0.041-1) ...
Selecting previously unselected package libglib2.0-0:amd64.
Preparing to unpack .../034-libglib2.0-0_2.56.1-2_amd64.deb ...
Unpacking libglib2.0-0:amd64 (2.56.1-2) ...
Selecting previously unselected package libicu57:amd64.
Preparing to unpack .../035-libicu57_57.1-9_amd64.deb ...
Unpacking libicu57:amd64 (57.1-9) ...
Selecting previously unselected package libxml2:amd64.
Preparing to unpack .../036-libxml2_2.9.4+dfsg1-6.1_amd64.deb ...
Unpacking libxml2:amd64 (2.9.4+dfsg1-6.1) ...
Selecting previously unselected package libcroco3:amd64.
Preparing to unpack .../037-libcroco3_0.6.12-2_amd64.deb ...
Unpacking libcroco3:amd64 (0.6.12-2) ...
Selecting previously unselected package gettext.
Preparing to unpack .../038-gettext_0.19.8.1-6_amd64.deb ...
Unpacking gettext (0.19.8.1-6) ...
Selecting previously unselected package intltool-debian.
Preparing to unpack .../039-intltool-debian_0.35.0+20060710.4_all.deb ...
Unpacking intltool-debian (0.35.0+20060710.4) ...
Selecting previously unselected package po-debconf.
Preparing to unpack .../040-po-debconf_1.0.20_all.deb ...
Unpacking po-debconf (1.0.20) ...
Selecting previously unselected package debhelper.
Preparing to unpack .../041-debhelper_11.2.1_all.deb ...
Unpacking debhelper (11.2.1) ...
Selecting previously unselected package fonts-dejavu-core.
Preparing to unpack .../042-fonts-dejavu-core_2.37-1_all.deb ...
Unpacking fonts-dejavu-core (2.37-1) ...
Selecting previously unselected package fontconfig-config.
Preparing to unpack .../043-fontconfig-config_2.13.0-4_all.deb ...
Unpacking fontconfig-config (2.13.0-4) ...
Selecting previously unselected package fonts-lmodern.
Preparing to unpack .../044-fonts-lmodern_2.004.5-3_all.deb ...
Unpacking fonts-lmodern (2.004.5-3) ...
Selecting previously unselected package libgfortran4:amd64.
Preparing to unpack .../045-libgfortran4_7.3.0-17_amd64.deb ...
Unpacking libgfortran4:amd64 (7.3.0-17) ...
Selecting previously unselected package libgfortran-7-dev:amd64.
Preparing to unpack .../046-libgfortran-7-dev_7.3.0-17_amd64.deb ...
Unpacking libgfortran-7-dev:amd64 (7.3.0-17) ...
Selecting previously unselected package gfortran-7.
Preparing to unpack .../047-gfortran-7_7.3.0-17_amd64.deb ...
Unpacking gfortran-7 (7.3.0-17) ...
Selecting previously unselected package gfortran.
Preparing to unpack .../048-gfortran_4%3a7.3.0-3_amd64.deb ...
Unpacking gfortran (4:7.3.0-3) ...
Selecting previously unselected package libltdl7:amd64.
Preparing to unpack .../049-libltdl7_2.4.6-2.1_amd64.deb ...
Unpacking libltdl7:amd64 (2.4.6-2.1) ...
Selecting previously unselected package libnuma1:amd64.
Preparing to unpack .../050-libnuma1_2.0.11-2.2_amd64.deb ...
Unpacking libnuma1:amd64 (2.0.11-2.2) ...
Selecting previously unselected package libhwloc5:amd64.
Preparing to unpack .../051-libhwloc5_1.11.10-1_amd64.deb ...
Unpacking libhwloc5:amd64 (1.11.10-1) ...
Selecting previously unselected package hwloc-nox.
Preparing to unpack .../052-hwloc-nox_1.11.10-1_amd64.deb ...
Unpacking hwloc-nox (1.11.10-1) ...
Selecting previously unselected package libavahi-common-data:amd64.
Preparing to unpack .../053-libavahi-common-data_0.7-4_amd64.deb ...
Unpacking libavahi-common-data:amd64 (0.7-4) ...
Selecting previously unselected package libavahi-common3:amd64.
Preparing to unpack .../054-libavahi-common3_0.7-4_amd64.deb ...
Unpacking libavahi-common3:amd64 (0.7-4) ...
Selecting previously unselected package libdbus-1-3:amd64.
Preparing to unpack .../055-libdbus-1-3_1.12.8-1_amd64.deb ...
Unpacking libdbus-1-3:amd64 (1.12.8-1) ...
Selecting previously unselected package libavahi-client3:amd64.
Preparing to unpack .../056-libavahi-client3_0.7-4_amd64.deb ...
Unpacking libavahi-client3:amd64 (0.7-4) ...
Selecting previously unselected package libexpat1:amd64.
Preparing to unpack .../057-libexpat1_2.2.5-3_amd64.deb ...
Unpacking libexpat1:amd64 (2.2.5-3) ...
Selecting previously unselected package libpng16-16:amd64.
Preparing to unpack .../058-libpng16-16_1.6.34-1_amd64.deb ...
Unpacking libpng16-16:amd64 (1.6.34-1) ...
Selecting previously unselected package libfreetype6:amd64.
Preparing to unpack .../059-libfreetype6_2.8.1-2_amd64.deb ...
Unpacking libfreetype6:amd64 (2.8.1-2) ...
Selecting previously unselected package libfontconfig1:amd64.
Preparing to unpack .../060-libfontconfig1_2.13.0-4_amd64.deb ...
Unpacking libfontconfig1:amd64 (2.13.0-4) ...
Selecting previously unselected package libpixman-1-0:amd64.
Preparing to unpack .../061-libpixman-1-0_0.34.0-2_amd64.deb ...
Unpacking libpixman-1-0:amd64 (0.34.0-2) ...
Selecting previously unselected package libxau6:amd64.
Preparing to unpack .../062-libxau6_1%3a1.0.8-1+b2_amd64.deb ...
Unpacking libxau6:amd64 (1:1.0.8-1+b2) ...
Selecting previously unselected package libxdmcp6:amd64.
Preparing to unpack .../063-libxdmcp6_1%3a1.1.2-3_amd64.deb ...
Unpacking libxdmcp6:amd64 (1:1.1.2-3) ...
Selecting previously unselected package libxcb1:amd64.
Preparing to unpack .../064-libxcb1_1.13-1_amd64.deb ...
Unpacking libxcb1:amd64 (1.13-1) ...
Selecting previously unselected package libx11-data.
Preparing to unpack .../065-libx11-data_2%3a1.6.5-1_all.deb ...
Unpacking libx11-data (2:1.6.5-1) ...
Selecting previously unselected package libx11-6:amd64.
Preparing to unpack .../066-libx11-6_2%3a1.6.5-1_amd64.deb ...
Unpacking libx11-6:amd64 (2:1.6.5-1) ...
Selecting previously unselected package libxcb-render0:amd64.
Preparing to unpack .../067-libxcb-render0_1.13-1_amd64.deb ...
Unpacking libxcb-render0:amd64 (1.13-1) ...
Selecting previously unselected package libxcb-shm0:amd64.
Preparing to unpack .../068-libxcb-shm0_1.13-1_amd64.deb ...
Unpacking libxcb-shm0:amd64 (1.13-1) ...
Selecting previously unselected package libxext6:amd64.
Preparing to unpack .../069-libxext6_2%3a1.3.3-1+b2_amd64.deb ...
Unpacking libxext6:amd64 (2:1.3.3-1+b2) ...
Selecting previously unselected package libxrender1:amd64.
Preparing to unpack .../070-libxrender1_1%3a0.9.10-1_amd64.deb ...
Unpacking libxrender1:amd64 (1:0.9.10-1) ...
Selecting previously unselected package libcairo2:amd64.
Preparing to unpack .../071-libcairo2_1.15.10-3_amd64.deb ...
Unpacking libcairo2:amd64 (1.15.10-3) ...
Selecting previously unselected package libcups2:amd64.
Preparing to unpack .../072-libcups2_2.2.7-3_amd64.deb ...
Unpacking libcups2:amd64 (2.2.7-3) ...
Selecting previously unselected package libcupsimage2:amd64.
Preparing to unpack .../073-libcupsimage2_2.2.7-3_amd64.deb ...
Unpacking libcupsimage2:amd64 (2.2.7-3) ...
Selecting previously unselected package libevent-2.1-6:amd64.
Preparing to unpack .../074-libevent-2.1-6_2.1.8-stable-4_amd64.deb ...
Unpacking libevent-2.1-6:amd64 (2.1.8-stable-4) ...
Selecting previously unselected package libevent-core-2.1-6:amd64.
Preparing to unpack .../075-libevent-core-2.1-6_2.1.8-stable-4_amd64.deb ...
Unpacking libevent-core-2.1-6:amd64 (2.1.8-stable-4) ...
Selecting previously unselected package libevent-pthreads-2.1-6:amd64.
Preparing to unpack .../076-libevent-pthreads-2.1-6_2.1.8-stable-4_amd64.deb ...
Unpacking libevent-pthreads-2.1-6:amd64 (2.1.8-stable-4) ...
Selecting previously unselected package libnl-3-200:amd64.
Preparing to unpack .../077-libnl-3-200_3.2.27-2_amd64.deb ...
Unpacking libnl-3-200:amd64 (3.2.27-2) ...
Selecting previously unselected package libnl-route-3-200:amd64.
Preparing to unpack .../078-libnl-route-3-200_3.2.27-2_amd64.deb ...
Unpacking libnl-route-3-200:amd64 (3.2.27-2) ...
Selecting previously unselected package libibverbs1:amd64.
Preparing to unpack .../079-libibverbs1_17.1-2_amd64.deb ...
Unpacking libibverbs1:amd64 (17.1-2) ...
Selecting previously unselected package libpsm-infinipath1.
Preparing to unpack .../080-libpsm-infinipath1_3.3+20.604758e7-5_amd64.deb ...
Unpacking libpsm-infinipath1 (3.3+20.604758e7-5) ...
Selecting previously unselected package librdmacm1:amd64.
Preparing to unpack .../081-librdmacm1_17.1-2_amd64.deb ...
Unpacking librdmacm1:amd64 (17.1-2) ...
Selecting previously unselected package libfabric1.
Preparing to unpack .../082-libfabric1_1.5.3-1_amd64.deb ...
Unpacking libfabric1 (1.5.3-1) ...
Selecting previously unselected package libgraphite2-3:amd64.
Preparing to unpack .../083-libgraphite2-3_1.3.11-2_amd64.deb ...
Unpacking libgraphite2-3:amd64 (1.3.11-2) ...
Selecting previously unselected package libidn11:amd64.
Preparing to unpack .../084-libidn11_1.33-2.2_amd64.deb ...
Unpacking libidn11:amd64 (1.33-2.2) ...
Selecting previously unselected package libijs-0.35:amd64.
Preparing to unpack .../085-libijs-0.35_0.35-13_amd64.deb ...
Unpacking libijs-0.35:amd64 (0.35-13) ...
Selecting previously unselected package libjbig2dec0:amd64.
Preparing to unpack .../086-libjbig2dec0_0.13-6_amd64.deb ...
Unpacking libjbig2dec0:amd64 (0.13-6) ...
Selecting previously unselected package libjpeg62-turbo:amd64.
Preparing to unpack .../087-libjpeg62-turbo_1%3a1.5.2-2+b1_amd64.deb ...
Unpacking libjpeg62-turbo:amd64 (1:1.5.2-2+b1) ...
Selecting previously unselected package liblcms2-2:amd64.
Preparing to unpack .../088-liblcms2-2_2.9-1_amd64.deb ...
Unpacking liblcms2-2:amd64 (2.9-1) ...
Selecting previously unselected package libopenjp2-7:amd64.
Preparing to unpack .../089-libopenjp2-7_2.3.0-1_amd64.deb ...
Unpacking libopenjp2-7:amd64 (2.3.0-1) ...
Selecting previously unselected package libpaper1:amd64.
Preparing to unpack .../090-libpaper1_1.1.24+nmu5_amd64.deb ...
Unpacking libpaper1:amd64 (1.1.24+nmu5) ...
Selecting previously unselected package libjbig0:amd64.
Preparing to unpack .../091-libjbig0_2.1-3.1+b2_amd64.deb ...
Unpacking libjbig0:amd64 (2.1-3.1+b2) ...
Selecting previously unselected package libtiff5:amd64.
Preparing to unpack .../092-libtiff5_4.0.9-5_amd64.deb ...
Unpacking libtiff5:amd64 (4.0.9-5) ...
Selecting previously unselected package libgs9-common.
Preparing to unpack .../093-libgs9-common_9.22~dfsg-2.1_all.deb ...
Unpacking libgs9-common (9.22~dfsg-2.1) ...
Selecting previously unselected package libgs9:amd64.
Preparing to unpack .../094-libgs9_9.22~dfsg-2.1_amd64.deb ...
Unpacking libgs9:amd64 (9.22~dfsg-2.1) ...
Selecting previously unselected package libharfbuzz0b:amd64.
Preparing to unpack .../095-libharfbuzz0b_1.7.6-1_amd64.deb ...
Unpacking libharfbuzz0b:amd64 (1.7.6-1) ...
Selecting previously unselected package libharfbuzz-icu0:amd64.
Preparing to unpack .../096-libharfbuzz-icu0_1.7.6-1_amd64.deb ...
Unpacking libharfbuzz-icu0:amd64 (1.7.6-1) ...
Selecting previously unselected package libpciaccess0:amd64.
Preparing to unpack .../097-libpciaccess0_0.14-1_amd64.deb ...
Unpacking libpciaccess0:amd64 (0.14-1) ...
Selecting previously unselected package ocl-icd-libopencl1:amd64.
Preparing to unpack .../098-ocl-icd-libopencl1_2.2.12-1_amd64.deb ...
Unpacking ocl-icd-libopencl1:amd64 (2.2.12-1) ...
Selecting previously unselected package libhwloc-plugins.
Preparing to unpack .../099-libhwloc-plugins_1.11.10-1_amd64.deb ...
Unpacking libhwloc-plugins (1.11.10-1) ...
Selecting previously unselected package lsb-base.
Preparing to unpack .../100-lsb-base_9.20170808_all.deb ...
Unpacking lsb-base (9.20170808) ...
Selecting previously unselected package x11-common.
Preparing to unpack .../101-x11-common_1%3a7.7+19_all.deb ...
Unpacking x11-common (1:7.7+19) ...
Selecting previously unselected package libice6:amd64.
Preparing to unpack .../102-libice6_2%3a1.0.9-2_amd64.deb ...
Unpacking libice6:amd64 (2:1.0.9-2) ...
Selecting previously unselected package libkpathsea6:amd64.
Preparing to unpack .../103-libkpathsea6_2018.20180416.47457-2_amd64.deb ...
Unpacking libkpathsea6:amd64 (2018.20180416.47457-2) ...
Selecting previously unselected package libmpich12:amd64.
Preparing to unpack .../104-libmpich12_3.3~b2-5_amd64.deb ...
Unpacking libmpich12:amd64 (3.3~b2-5) ...
Selecting previously unselected package mpich.
Preparing to unpack .../105-mpich_3.3~b2-5_amd64.deb ...
Unpacking mpich (3.3~b2-5) ...
Selecting previously unselected package libmpich-dev:amd64.
Preparing to unpack .../106-libmpich-dev_3.3~b2-5_amd64.deb ...
Unpacking libmpich-dev:amd64 (3.3~b2-5) ...
Selecting previously unselected package libpmix2:amd64.
Preparing to unpack .../107-libpmix2_2.1.1~rc1-4_amd64.deb ...
Unpacking libpmix2:amd64 (2.1.1~rc1-4) ...
Selecting previously unselected package libopenmpi3:amd64.
Preparing to unpack .../108-libopenmpi3_3.0.1.real-1_amd64.deb ...
Unpacking libopenmpi3:amd64 (3.0.1.real-1) ...
Selecting previously unselected package libpaper-utils.
Preparing to unpack .../109-libpaper-utils_1.1.24+nmu5_amd64.deb ...
Unpacking libpaper-utils (1.1.24+nmu5) ...
Selecting previously unselected package libpotrace0.
Preparing to unpack .../110-libpotrace0_1.14-2_amd64.deb ...
Unpacking libpotrace0 (1.14-2) ...
Selecting previously unselected package libptexenc1:amd64.
Preparing to unpack .../111-libptexenc1_2018.20180416.47457-2_amd64.deb ...
Unpacking libptexenc1:amd64 (2018.20180416.47457-2) ...
Selecting previously unselected package libreadline7:amd64.
Preparing to unpack .../112-libreadline7_7.0-3+b1_amd64.deb ...
Unpacking libreadline7:amd64 (7.0-3+b1) ...
Selecting previously unselected package rake.
Preparing to unpack .../113-rake_12.3.1-2_all.deb ...
Unpacking rake (12.3.1-2) ...
Selecting previously unselected package ruby-did-you-mean.
Preparing to unpack .../114-ruby-did-you-mean_1.2.1-1_all.deb ...
Unpacking ruby-did-you-mean (1.2.1-1) ...
Selecting previously unselected package ruby-minitest.
Preparing to unpack .../115-ruby-minitest_5.10.3-1_all.deb ...
Unpacking ruby-minitest (5.10.3-1) ...
Selecting previously unselected package ruby-net-telnet.
Preparing to unpack .../116-ruby-net-telnet_0.1.1-2_all.deb ...
Unpacking ruby-net-telnet (0.1.1-2) ...
Selecting previously unselected package ruby-power-assert.
Preparing to unpack .../117-ruby-power-assert_0.3.0-1_all.deb ...
Unpacking ruby-power-assert (0.3.0-1) ...
Selecting previously unselected package ruby-test-unit.
Preparing to unpack .../118-ruby-test-unit_3.2.7-1_all.deb ...
Unpacking ruby-test-unit (3.2.7-1) ...
Selecting previously unselected package libyaml-0-2:amd64.
Preparing to unpack .../119-libyaml-0-2_0.1.7-2_amd64.deb ...
Unpacking libyaml-0-2:amd64 (0.1.7-2) ...
Selecting previously unselected package libruby2.5:amd64.
Preparing to unpack .../120-libruby2.5_2.5.1-1_amd64.deb ...
Unpacking libruby2.5:amd64 (2.5.1-1) ...
Selecting previously unselected package libsm6:amd64.
Preparing to unpack .../121-libsm6_2%3a1.2.2-1+b3_amd64.deb ...
Unpacking libsm6:amd64 (2:1.2.2-1+b3) ...
Selecting previously unselected package libsynctex2:amd64.
Preparing to unpack .../122-libsynctex2_2018.20180416.47457-2_amd64.deb ...
Unpacking libsynctex2:amd64 (2018.20180416.47457-2) ...
Selecting previously unselected package libtexlua52:amd64.
Preparing to unpack .../123-libtexlua52_2018.20180416.47457-2_amd64.deb ...
Unpacking libtexlua52:amd64 (2018.20180416.47457-2) ...
Selecting previously unselected package libtexlua53:amd64.
Preparing to unpack .../124-libtexlua53_2018.20180416.47457-2_amd64.deb ...
Unpacking libtexlua53:amd64 (2018.20180416.47457-2) ...
Selecting previously unselected package libtexluajit2:amd64.
Preparing to unpack .../125-libtexluajit2_2018.20180416.47457-2_amd64.deb ...
Unpacking libtexluajit2:amd64 (2018.20180416.47457-2) ...
Selecting previously unselected package libunwind8:amd64.
Preparing to unpack .../126-libunwind8_1.2.1-8_amd64.deb ...
Unpacking libunwind8:amd64 (1.2.1-8) ...
Selecting previously unselected package libxt6:amd64.
Preparing to unpack .../127-libxt6_1%3a1.1.5-1_amd64.deb ...
Unpacking libxt6:amd64 (1:1.1.5-1) ...
Selecting previously unselected package libxmu6:amd64.
Preparing to unpack .../128-libxmu6_2%3a1.1.2-2_amd64.deb ...
Unpacking libxmu6:amd64 (2:1.1.2-2) ...
Selecting previously unselected package libxpm4:amd64.
Preparing to unpack .../129-libxpm4_1%3a3.5.12-1_amd64.deb ...
Unpacking libxpm4:amd64 (1:3.5.12-1) ...
Selecting previously unselected package libxaw7:amd64.
Preparing to unpack .../130-libxaw7_2%3a1.0.13-1+b2_amd64.deb ...
Unpacking libxaw7:amd64 (2:1.0.13-1+b2) ...
Selecting previously unselected package libxi6:amd64.
Preparing to unpack .../131-libxi6_2%3a1.7.9-1_amd64.deb ...
Unpacking libxi6:amd64 (2:1.7.9-1) ...
Selecting previously unselected package libzzip-0-13:amd64.
Preparing to unpack .../132-libzzip-0-13_0.13.62-3.1_amd64.deb ...
Unpacking libzzip-0-13:amd64 (0.13.62-3.1) ...
Selecting previously unselected package openmpi-common.
Preparing to unpack .../133-openmpi-common_3.0.1.real-1_all.deb ...
Unpacking openmpi-common (3.0.1.real-1) ...
Selecting previously unselected package openmpi-bin.
Preparing to unpack .../134-openmpi-bin_3.0.1.real-1_amd64.deb ...
Unpacking openmpi-bin (3.0.1.real-1) ...
Selecting previously unselected package rubygems-integration.
Preparing to unpack .../135-rubygems-integration_1.11_all.deb ...
Unpacking rubygems-integration (1.11) ...
Selecting previously unselected package ruby2.5.
Preparing to unpack .../136-ruby2.5_2.5.1-1_amd64.deb ...
Unpacking ruby2.5 (2.5.1-1) ...
Selecting previously unselected package ruby.
Preparing to unpack .../137-ruby_1%3a2.5.1_amd64.deb ...
Unpacking ruby (1:2.5.1) ...
Selecting previously unselected package strace.
Preparing to unpack .../138-strace_4.21-1_amd64.deb ...
Unpacking strace (4.21-1) ...
Selecting previously unselected package t1utils.
Preparing to unpack .../139-t1utils_1.41-2_amd64.deb ...
Unpacking t1utils (1.41-2) ...
Selecting previously unselected package texlive-binaries.
Preparing to unpack .../140-texlive-binaries_2018.20180416.47457-2_amd64.deb ...
Unpacking texlive-binaries (2018.20180416.47457-2) ...
Selecting previously unselected package xdg-utils.
Preparing to unpack .../141-xdg-utils_1.1.2-2_all.deb ...
Unpacking xdg-utils (1.1.2-2) ...
Selecting previously unselected package texlive-base.
Preparing to unpack .../142-texlive-base_2018.20180416-1_all.deb ...
Unpacking texlive-base (2018.20180416-1) ...
Selecting previously unselected package texlive-latex-base.
Preparing to unpack .../143-texlive-latex-base_2018.20180416-1_all.deb ...
Unpacking texlive-latex-base (2018.20180416-1) ...
Selecting previously unselected package sbuild-build-depends-form-dummy.
Preparing to unpack .../144-sbuild-build-depends-form-dummy_0.invalid.0_amd64.deb ...
Unpacking sbuild-build-depends-form-dummy (0.invalid.0) ...
Setting up libgs9-common (9.22~dfsg-2.1) ...
Setting up libkpathsea6:amd64 (2018.20180416.47457-2) ...
Setting up libtexlua52:amd64 (2018.20180416.47457-2) ...
Setting up readline-common (7.0-3) ...
Setting up libexpat1:amd64 (2.2.5-3) ...
Setting up libevent-2.1-6:amd64 (2.1.8-stable-4) ...
Setting up libopenjp2-7:amd64 (2.3.0-1) ...
Setting up libptexenc1:amd64 (2018.20180416.47457-2) ...
Setting up libevent-core-2.1-6:amd64 (2.1.8-stable-4) ...
Setting up libjpeg62-turbo:amd64 (1:1.5.2-2+b1) ...
Setting up libarchive-zip-perl (1.60-1) ...
Setting up libgfortran4:amd64 (7.3.0-17) ...
Setting up libpng16-16:amd64 (1.6.34-1) ...
Setting up libtimedate-perl (2.3000-2) ...
Setting up liblcms2-2:amd64 (2.9-1) ...
Setting up libjbig0:amd64 (2.1-3.1+b2) ...
Setting up libsigsegv2:amd64 (2.12-2) ...
Setting up fonts-dejavu-core (2.37-1) ...
Setting up poppler-data (0.4.9-2) ...
Setting up libreadline7:amd64 (7.0-3+b1) ...
Setting up libnuma1:amd64 (2.0.11-2.2) ...
Setting up rake (12.3.1-2) ...
Setting up groff-base (1.22.3-10) ...
Setting up libglib2.0-0:amd64 (2.56.1-2) ...
No schema files found: doing nothing.
Setting up libtexlua53:amd64 (2018.20180416.47457-2) ...
Setting up libtiff5:amd64 (4.0.9-5) ...
Setting up gettext-base (0.19.8.1-6) ...
Setting up libsynctex2:amd64 (2018.20180416.47457-2) ...
Setting up libpipeline1:amd64 (1.5.0-1) ...
Setting up m4 (1.4.18-1) ...
Setting up libicu57:amd64 (57.1-9) ...
Setting up ucf (3.0038) ...
Setting up libxml2:amd64 (2.9.4+dfsg1-6.1) ...
Setting up libfreetype6:amd64 (2.8.1-2) ...
Setting up libmagic-mgc (1:5.33-2) ...
Setting up libmagic1:amd64 (1:5.33-2) ...
Setting up lsb-base (9.20170808) ...
Setting up libgraphite2-3:amd64 (1.3.11-2) ...
Setting up libcroco3:amd64 (0.6.12-2) ...
Setting up libpsm-infinipath1 (3.3+20.604758e7-5) ...
update-alternatives: using /usr/lib/libpsm1/libpsm_infinipath.so.1.16 to provide /usr/lib/x86_64-linux-gnu/libpsm_infinipath.so.1 (libpsm_infinipath.so.1) in auto mode
Setting up libssl1.0.2:amd64 (1.0.2o-1) ...
Setting up libjbig2dec0:amd64 (0.13-6) ...
Setting up ruby-did-you-mean (1.2.1-1) ...
Setting up libyaml-0-2:amd64 (0.1.7-2) ...
Setting up libpixman-1-0:amd64 (0.34.0-2) ...
Setting up libunwind8:amd64 (1.2.1-8) ...
Setting up libevent-pthreads-2.1-6:amd64 (2.1.8-stable-4) ...
Setting up openmpi-common (3.0.1.real-1) ...
Processing triggers for libc-bin (2.27-3) ...
Setting up autotools-dev (20180224.1) ...
Setting up t1utils (1.41-2) ...
Setting up libssl1.1:amd64 (1.1.0h-2) ...
Setting up libltdl7:amd64 (2.4.6-2.1) ...
Setting up libgfortran-7-dev:amd64 (7.3.0-17) ...
Setting up openssl (1.1.0h-2) ...
Setting up ruby-net-telnet (0.1.1-2) ...
Setting up libijs-0.35:amd64 (0.35-13) ...
Setting up libpciaccess0:amd64 (0.14-1) ...
Setting up libpotrace0 (1.14-2) ...
Setting up gfortran-7 (7.3.0-17) ...
Setting up libxdmcp6:amd64 (1:1.1.2-3) ...
Setting up ocl-icd-libopencl1:amd64 (2.2.12-1) ...
Setting up libkeyutils1:amd64 (1.5.9-9.2) ...
Setting up bsdmainutils (11.1.2) ...
update-alternatives: using /usr/bin/bsd-write to provide /usr/bin/write (write) in auto mode
update-alternatives: using /usr/bin/bsd-from to provide /usr/bin/from (from) in auto mode
Setting up libnl-3-200:amd64 (3.2.27-2) ...
Setting up ruby-minitest (5.10.3-1) ...
Setting up libzzip-0-13:amd64 (0.13.62-3.1) ...
Setting up x11-common (1:7.7+19) ...
update-rc.d: warning: start and stop actions are no longer supported; falling back to defaults
invoke-rc.d: could not determine current runlevel
All runlevel operations denied by policy
invoke-rc.d: policy-rc.d denied execution of start.
Setting up xdg-utils (1.1.2-2) ...
Setting up ca-certificates (20180409) ...
Updating certificates in /etc/ssl/certs...
133 added, 0 removed; done.
Setting up libtexluajit2:amd64 (2018.20180416.47457-2) ...
Setting up libx11-data (2:1.6.5-1) ...
Setting up libxau6:amd64 (1:1.0.8-1+b2) ...
Setting up autopoint (0.19.8.1-6) ...
Setting up libidn11:amd64 (1.33-2.2) ...
Setting up libdbus-1-3:amd64 (1.12.8-1) ...
Setting up fonts-lmodern (2.004.5-3) ...
Setting up ruby-power-assert (0.3.0-1) ...
Setting up libavahi-common-data:amd64 (0.7-4) ...
Setting up libfile-stripnondeterminism-perl (0.041-1) ...
Setting up libpaper1:amd64 (1.1.24+nmu5) ...

Creating config file /etc/papersize with new version
Setting up gfortran (4:7.3.0-3) ...
update-alternatives: using /usr/bin/gfortran to provide /usr/bin/f95 (f95) in auto mode
update-alternatives: using /usr/bin/gfortran to provide /usr/bin/f77 (f77) in auto mode
Setting up strace (4.21-1) ...
Setting up libpaper-utils (1.1.24+nmu5) ...
Setting up libmpich12:amd64 (3.3~b2-5) ...
Setting up fontconfig-config (2.13.0-4) ...
Setting up tex-common (6.09) ...
update-language: texlive-base not installed and configured, doing nothing!
Setting up ruby-test-unit (3.2.7-1) ...
Setting up gettext (0.19.8.1-6) ...
Setting up libharfbuzz0b:amd64 (1.7.6-1) ...
Setting up libnl-route-3-200:amd64 (3.2.27-2) ...
Setting up autoconf (2.69-11) ...
Setting up file (1:5.33-2) ...
Setting up libhwloc5:amd64 (1.11.10-1) ...
Setting up libkrb5support0:amd64 (1.16-2) ...
Setting up libhwloc-plugins (1.11.10-1) ...
Setting up intltool-debian (0.35.0+20060710.4) ...
Setting up automake (1:1.15.1-3.1) ...
update-alternatives: using /usr/bin/automake-1.15 to provide /usr/bin/automake (automake) in auto mode
Setting up libice6:amd64 (2:1.0.9-2) ...
Setting up rubygems-integration (1.11) ...
Setting up man-db (2.8.3-2) ...
Not building database; man-db/auto-update is not 'true'.
Setting up libavahi-common3:amd64 (0.7-4) ...
Setting up libxcb1:amd64 (1.13-1) ...
Setting up libtool (2.4.6-2.1) ...
Setting up hwloc-nox (1.11.10-1) ...
Setting up libibverbs1:amd64 (17.1-2) ...
Setting up libfontconfig1:amd64 (2.13.0-4) ...
Setting up mpich (3.3~b2-5) ...
update-alternatives: using /usr/bin/mpicc.mpich to provide /usr/bin/mpicc (mpi) in auto mode
update-alternatives: using /usr/bin/mpirun.mpich to provide /usr/bin/mpirun (mpirun) in auto mode
Setting up libsm6:amd64 (2:1.2.2-1+b3) ...
Setting up libruby2.5:amd64 (2.5.1-1) ...
Setting up libk5crypto3:amd64 (1.16-2) ...
Setting up libxcb-render0:amd64 (1.13-1) ...
Setting up libharfbuzz-icu0:amd64 (1.7.6-1) ...
Setting up po-debconf (1.0.20) ...
Setting up libx11-6:amd64 (2:1.6.5-1) ...
Setting up libpmix2:amd64 (2.1.1~rc1-4) ...
Setting up librdmacm1:amd64 (17.1-2) ...
Setting up libmpich-dev:amd64 (3.3~b2-5) ...
Setting up libxcb-shm0:amd64 (1.13-1) ...
Setting up libxpm4:amd64 (1:3.5.12-1) ...
Setting up libxt6:amd64 (1:1.1.5-1) ...
Setting up libxrender1:amd64 (1:0.9.10-1) ...
Setting up libavahi-client3:amd64 (0.7-4) ...
Setting up libkrb5-3:amd64 (1.16-2) ...
Setting up ruby2.5 (2.5.1-1) ...
Setting up libxext6:amd64 (2:1.3.3-1+b2) ...
Setting up libfabric1 (1.5.3-1) ...
Setting up libxmu6:amd64 (2:1.1.2-2) ...
Setting up libgssapi-krb5-2:amd64 (1.16-2) ...
Setting up ruby (1:2.5.1) ...
Setting up openssh-client (1:7.7p1-2) ...
Setting up libcups2:amd64 (2.2.7-3) ...
Setting up libxi6:amd64 (2:1.7.9-1) ...
Setting up libxaw7:amd64 (2:1.0.13-1+b2) ...
Setting up libcairo2:amd64 (1.15.10-3) ...
Setting up libopenmpi3:amd64 (3.0.1.real-1) ...
Setting up openmpi-bin (3.0.1.real-1) ...
update-alternatives: using /usr/bin/mpirun.openmpi to provide /usr/bin/mpirun (mpirun) in auto mode
update-alternatives: using /usr/bin/mpicc.openmpi to provide /usr/bin/mpicc (mpi) in auto mode
Setting up libcupsimage2:amd64 (2.2.7-3) ...
Setting up libgs9:amd64 (9.22~dfsg-2.1) ...
Setting up texlive-binaries (2018.20180416.47457-2) ...
update-alternatives: using /usr/bin/xdvi-xaw to provide /usr/bin/xdvi.bin (xdvi.bin) in auto mode
update-alternatives: using /usr/bin/bibtex.original to provide /usr/bin/bibtex (bibtex) in auto mode
Setting up texlive-base (2018.20180416-1) ...
tl-paper: setting paper size for dvips to a4: /var/lib/texmf/dvips/config/config-paper.ps
tl-paper: setting paper size for dvipdfmx to a4: /var/lib/texmf/dvipdfmx/dvipdfmx-paper.cfg
tl-paper: setting paper size for xdvi to a4: /var/lib/texmf/xdvi/XDvi-paper
tl-paper: setting paper size for pdftex to a4: /var/lib/texmf/tex/generic/config/pdftexconfig.tex
Setting up texlive-latex-base (2018.20180416-1) ...
Setting up dh-strip-nondeterminism (0.041-1) ...
Setting up debhelper (11.2.1) ...
Setting up dh-autoreconf (17) ...
Setting up sbuild-build-depends-form-dummy (0.invalid.0) ...
Processing triggers for libc-bin (2.27-3) ...
Processing triggers for ca-certificates (20180409) ...
Updating certificates in /etc/ssl/certs...
0 added, 0 removed; done.
Running hooks in /etc/ca-certificates/update.d...
done.
Processing triggers for tex-common (6.09) ...
Running updmap-sys. This may take some time... done.
Running mktexlsr /var/lib/texmf ... done.
Building format(s) --all.
	This may take some time... done.

+------------------------------------------------------------------------------+
| Build environment                                                            |
+------------------------------------------------------------------------------+

Kernel: Linux 4.9.0-5-amd64 amd64 (x86_64)
Toolchain package versions: binutils_2.30-16 dpkg-dev_1.19.0.5 g++-7_7.3.0-17 gcc-7_7.3.0-17 libc6-dev_2.27-3 libstdc++-7-dev_7.3.0-17 libstdc++6_8-20180425-1 linux-libc-dev_4.15.17-1
Package versions: adduser_3.117 apt_1.6.1 autoconf_2.69-11 automake_1:1.15.1-3.1 autopoint_0.19.8.1-6 autotools-dev_20180224.1 base-files_10.1 base-passwd_3.5.45 bash_4.4.18-2 binutils_2.30-16 binutils-common_2.30-16 binutils-x86-64-linux-gnu_2.30-16 bsdmainutils_11.1.2 bsdutils_1:2.31.1-0.5 build-essential_12.5 bzip2_1.0.6-8.1 ca-certificates_20180409 clang-6.0_1:6.0-3 coreutils_8.28-1 cpp_4:7.3.0-3 cpp-7_7.3.0-17 dash_0.5.8-2.10 debconf_1.5.66 debfoster_2.7-2.1+b1 debhelper_11.2.1 debian-archive-keyring_2017.7 debianutils_4.8.4 dh-autoreconf_17 dh-strip-nondeterminism_0.041-1 diffutils_1:3.6-1 dpkg_1.19.0.5 dpkg-dev_1.19.0.5 e2fslibs_1.44.1-2 e2fsprogs_1.44.1-2 eatmydata_105-6 fakeroot_1.22-2 fdisk_2.31.1-0.5 file_1:5.33-2 findutils_4.6.0+git+20171230-2 fontconfig-config_2.13.0-4 fonts-dejavu-core_2.37-1 fonts-lmodern_2.004.5-3 g++_4:7.3.0-3 g++-7_7.3.0-17 gcc_4:7.3.0-3 gcc-6-base_6.4.0-17 gcc-7_7.3.0-17 gcc-7-base_7.3.0-17 gcc-8-base_8-20180425-1 gettext_0.19.8.1-6 gettext-base_0.19.8.1-6 gfortran_4:7.3.0-3 gfortran-7_7.3.0-17 gpgv_2.2.5-1 grep_3.1-2 groff-base_1.22.3-10 gzip_1.6-5+b1 hostname_3.20 hwloc-nox_1.11.10-1 init-system-helpers_1.51 intltool-debian_0.35.0+20060710.4 lib32gcc1_1:8-20180425-1 lib32stdc++6_8-20180425-1 libacl1_2.2.52-3+b1 libapt-pkg5.0_1.6.1 libarchive-zip-perl_1.60-1 libasan4_7.3.0-17 libatomic1_8-20180425-1 libattr1_1:2.4.47-2+b2 libaudit-common_1:2.8.3-1 libaudit1_1:2.8.3-1 libavahi-client3_0.7-4 libavahi-common-data_0.7-4 libavahi-common3_0.7-4 libbinutils_2.30-16 libblkid1_2.31.1-0.5 libbsd0_0.8.7-1 libbz2-1.0_1.0.6-8.1 libc-bin_2.27-3 libc-dev-bin_2.27-3 libc6_2.27-3 libc6-dev_2.27-3 libc6-i386_2.27-3 libcairo2_1.15.10-3 libcap-ng0_0.7.9-1 libcc1-0_8-20180425-1 libcilkrts5_7.3.0-17 libclang-common-6.0-dev_1:6.0-3 libclang1-6.0_1:6.0-3 libcom-err2_1.44.1-2 libcomerr2_1.44.1-2 libcroco3_0.6.12-2 libcups2_2.2.7-3 libcupsimage2_2.2.7-3 libdb5.3_5.3.28-13.1+b1 libdbus-1-3_1.12.8-1 libdebconfclient0_0.243 libdpkg-perl_1.19.0.5 libeatmydata1_105-6 libedit2_3.1-20170329-1 libevent-2.1-6_2.1.8-stable-4 libevent-core-2.1-6_2.1.8-stable-4 libevent-pthreads-2.1-6_2.1.8-stable-4 libexpat1_2.2.5-3 libext2fs2_1.44.1-2 libfabric1_1.5.3-1 libfakeroot_1.22-2 libfdisk1_2.31.1-0.5 libffi6_3.2.1-8 libfile-stripnondeterminism-perl_0.041-1 libfontconfig1_2.13.0-4 libfreetype6_2.8.1-2 libgc1c2_1:7.4.2-8.2 libgcc-7-dev_7.3.0-17 libgcc1_1:8-20180425-1 libgcrypt20_1.8.2-2 libgdbm-compat4_1.14.1-6 libgdbm3_1.8.3-14 libgdbm5_1.14.1-6 libgfortran-7-dev_7.3.0-17 libgfortran4_7.3.0-17 libglib2.0-0_2.56.1-2 libgmp10_2:6.1.2+dfsg-3 libgnutls30_3.5.18-1 libgomp1_8-20180425-1 libgpg-error0_1.29-4 libgraphite2-3_1.3.11-2 libgs9_9.22~dfsg-2.1 libgs9-common_9.22~dfsg-2.1 libgssapi-krb5-2_1.16-2 libharfbuzz-icu0_1.7.6-1 libharfbuzz0b_1.7.6-1 libhogweed4_3.4-1 libhwloc-plugins_1.11.10-1 libhwloc5_1.11.10-1 libibverbs1_17.1-2 libice6_2:1.0.9-2 libicu57_57.1-9 libidn11_1.33-2.2 libidn2-0_2.0.4-1.1 libijs-0.35_0.35-13 libisl15_0.18-4 libisl19_0.19-1 libitm1_8-20180425-1 libjbig0_2.1-3.1+b2 libjbig2dec0_0.13-6 libjpeg62-turbo_1:1.5.2-2+b1 libjsoncpp1_1.7.4-3 libk5crypto3_1.16-2 libkeyutils1_1.5.9-9.2 libkpathsea6_2018.20180416.47457-2 libkrb5-3_1.16-2 libkrb5support0_1.16-2 liblcms2-2_2.9-1 libllvm6.0_1:6.0-3 liblsan0_8-20180425-1 libltdl7_2.4.6-2.1 liblz4-1_1.8.1.2-1 liblzma5_5.2.2-1.3 libmagic-mgc_1:5.33-2 libmagic1_1:5.33-2 libmount1_2.31.1-0.5 libmpc3_1.1.0-1 libmpfr4_3.1.6-1 libmpfr6_4.0.1-1 libmpich-dev_3.3~b2-5 libmpich12_3.3~b2-5 libmpx2_8-20180425-1 libncurses5_6.1+20180210-2 libncursesw5_6.1+20180210-2 libnettle6_3.4-1 libnl-3-200_3.2.27-2 libnl-route-3-200_3.2.27-2 libnuma1_2.0.11-2.2 libobjc-7-dev_7.3.0-17 libobjc4_8-20180425-1 libopenjp2-7_2.3.0-1 libopenmpi3_3.0.1.real-1 libp11-kit0_0.23.10-2 libpam-modules_1.1.8-3.7 libpam-modules-bin_1.1.8-3.7 libpam-runtime_1.1.8-3.7 libpam0g_1.1.8-3.7 libpaper-utils_1.1.24+nmu5 libpaper1_1.1.24+nmu5 libpciaccess0_0.14-1 libpcre3_2:8.39-9 libperl5.26_5.26.2-3 libpipeline1_1.5.0-1 libpixman-1-0_0.34.0-2 libpmix2_2.1.1~rc1-4 libpng16-16_1.6.34-1 libpotrace0_1.14-2 libpsm-infinipath1_3.3+20.604758e7-5 libptexenc1_2018.20180416.47457-2 libquadmath0_8-20180425-1 librdmacm1_17.1-2 libreadline7_7.0-3+b1 libruby2.5_2.5.1-1 libseccomp2_2.3.3-1 libselinux1_2.7-2+b2 libsemanage-common_2.7-2 libsemanage1_2.7-2+b2 libsepol1_2.7-1 libsigsegv2_2.12-2 libsm6_2:1.2.2-1+b3 libsmartcols1_2.31.1-0.5 libss2_1.44.1-2 libssl1.0.2_1.0.2o-1 libssl1.1_1.1.0h-2 libstdc++-7-dev_7.3.0-17 libstdc++6_8-20180425-1 libsynctex2_2018.20180416.47457-2 libsystemd0_238-4 libtasn1-6_4.13-2 libtexlua52_2018.20180416.47457-2 libtexlua53_2018.20180416.47457-2 libtexluajit2_2018.20180416.47457-2 libtiff5_4.0.9-5 libtimedate-perl_2.3000-2 libtinfo5_6.1+20180210-2 libtinfo6_6.1+20180210-2 libtool_2.4.6-2.1 libtsan0_8-20180425-1 libubsan0_7.3.0-17 libudev1_238-4 libunistring2_0.9.8-1 libunwind8_1.2.1-8 libustr-1.0-1_1.0.4-6 libuuid1_2.31.1-0.5 libx11-6_2:1.6.5-1 libx11-data_2:1.6.5-1 libxau6_1:1.0.8-1+b2 libxaw7_2:1.0.13-1+b2 libxcb-render0_1.13-1 libxcb-shm0_1.13-1 libxcb1_1.13-1 libxdmcp6_1:1.1.2-3 libxext6_2:1.3.3-1+b2 libxi6_2:1.7.9-1 libxml2_2.9.4+dfsg1-6.1 libxmu6_2:1.1.2-2 libxpm4_1:3.5.12-1 libxrender1_1:0.9.10-1 libxt6_1:1.1.5-1 libyaml-0-2_0.1.7-2 libzstd1_1.3.4+dfsg-1 libzzip-0-13_0.13.62-3.1 linux-libc-dev_4.15.17-1 login_1:4.5-1 lsb-base_9.20170808 m4_1.4.18-1 make_4.2.1-1 man-db_2.8.3-2 mawk_1.3.3-17+b3 mount_2.31.1-0.5 mpich_3.3~b2-5 multiarch-support_2.27-3 ncurses-base_6.1+20180210-2 ncurses-bin_6.1+20180210-2 ocl-icd-libopencl1_2.2.12-1 openmpi-bin_3.0.1.real-1 openmpi-common_3.0.1.real-1 openssh-client_1:7.7p1-2 openssl_1.1.0h-2 passwd_1:4.5-1 patch_2.7.6-2 perl_5.26.2-3 perl-base_5.26.2-3 perl-modules-5.26_5.26.2-3 po-debconf_1.0.20 poppler-data_0.4.9-2 rake_12.3.1-2 readline-common_7.0-3 ruby_1:2.5.1 ruby-did-you-mean_1.2.1-1 ruby-minitest_5.10.3-1 ruby-net-telnet_0.1.1-2 ruby-power-assert_0.3.0-1 ruby-test-unit_3.2.7-1 ruby2.5_2.5.1-1 rubygems-integration_1.11 sbuild-build-depends-core-dummy_0.invalid.0 sbuild-build-depends-form-dummy_0.invalid.0 sed_4.4-2 sensible-utils_0.0.12 strace_4.21-1 sysvinit-utils_2.88dsf-59.10 t1utils_1.41-2 tar_1.30+dfsg-1 tex-common_6.09 texlive-base_2018.20180416-1 texlive-binaries_2018.20180416.47457-2 texlive-latex-base_2018.20180416-1 ucf_3.0038 util-linux_2.31.1-0.5 x11-common_1:7.7+19 xdg-utils_1.1.2-2 xz-utils_5.2.2-1.3 zlib1g_1:1.2.11.dfsg-1

+------------------------------------------------------------------------------+
| Build                                                                        |
+------------------------------------------------------------------------------+


Unpack source
-------------

gpgv: unknown type of key resource 'trustedkeys.kbx'
gpgv: keyblock resource '/sbuild-nonexistent/.gnupg/trustedkeys.kbx': General error
gpgv: Signature made Sun Sep 24 17:28:04 2017 UTC
gpgv:                using RSA key FD9CE2D8D7754B78AB279BBD2C3B436FEAC68101
gpgv: Can't check signature: No public key
dpkg-source: warning: failed to verify signature on ./form_4.2.0+git20170914-1.dsc
dpkg-source: info: extracting form in /<<BUILDDIR>>/form-4.2.0+git20170914
dpkg-source: info: unpacking form_4.2.0+git20170914.orig.tar.gz
dpkg-source: info: unpacking form_4.2.0+git20170914-1.debian.tar.xz
dpkg-source: info: applying fix-escaping

Check disk space
----------------

Sufficient free space for build

User Environment
----------------

APT_CONFIG=/var/lib/sbuild/apt.conf
HOME=/sbuild-nonexistent
LANG=en_US.UTF-8
LC_ALL=POSIX
LOGNAME=user42
PATH=/usr/local/sbin:/usr/local/bin:/usr/sbin:/usr/bin:/sbin:/bin:/usr/games
SCHROOT_ALIAS_NAME=unstable-amd64-sbuild
SCHROOT_CHROOT_NAME=unstable-amd64-sbuild
SCHROOT_COMMAND=env
SCHROOT_GID=1001
SCHROOT_GROUP=user42
SCHROOT_SESSION_ID=unstable-amd64-sbuild-789bd61e-2b48-47b7-9685-e7737e140715
SCHROOT_UID=1001
SCHROOT_USER=user42
SHELL=/bin/sh
USER=user42

dpkg-buildpackage
-----------------

dpkg-buildpackage: info: source package form
dpkg-buildpackage: info: source version 4.2.0+git20170914-1
dpkg-buildpackage: info: source distribution unstable
dpkg-buildpackage: info: source changed by Grkan Myczko <gurkan@phys.ethz.ch>
 dpkg-source --before-build form-4.2.0+git20170914
dpkg-buildpackage: info: host architecture amd64
 fakeroot debian/rules clean
dh clean --with autotools_dev --parallel
dh: The autotools-dev sequence is deprecated and replaced by dh in debhelper (>= 9.20160115)
dh: This feature will be removed in compat 12.
   dh_autotools-dev_restoreconfig
dh_autotools-dev_restoreconfig: dh_autotools-dev_restoreconfig is deprecated; please see dh_autotools-dev_restoreconfig(1) for a replacement
dh_autotools-dev_restoreconfig: This feature will be removed in compat 12.
   dh_clean
 debian/rules build-arch
dh build-arch --with autotools_dev --parallel
dh: The autotools-dev sequence is deprecated and replaced by dh in debhelper (>= 9.20160115)
dh: This feature will be removed in compat 12.
   dh_update_autotools_config -a -O--parallel
   dh_autoreconf -a -O--parallel
scripts/git-version-gen.sh: 96: scripts/git-version-gen.sh: git: not found
========================================================================
Failed to determine the revision of the source code.

The reason may be
  - this is neither a source distribution (containing the configure
    script) nor a cloned Git repository,
  - this is a shallow clone and no version tags are reachable,
  - some required utilities (e.g., git) are missing.

Source distributions and some binaries can be found in:

  http://www.nikhef.nl/~form/maindir/binaries/binaries.html
  https://github.com/vermaseren/form/releases

The latest source code can be cloned by:

  git clone https://github.com/vermaseren/form.git

You can continue the build, but binaries will not contain the revision
information.
========================================================================
configure.ac:93: installing 'build-aux/compile'
configure.ac:136: installing 'build-aux/config.guess'
configure.ac:136: installing 'build-aux/config.sub'
configure.ac:74: installing 'build-aux/install-sh'
configure.ac:74: installing 'build-aux/missing'
sources/Makefile.am: installing 'build-aux/depcomp'
   dh_autotools-dev_updateconfig -a -O--parallel
dh_autotools-dev_updateconfig: dh_autotools-dev_updateconfig is deprecated; please see dh_autotools-dev_updateconfig(1) for a replacement
dh_autotools-dev_updateconfig: This feature will be removed in compat 12.
   debian/rules override_dh_auto_configure
make[1]: Entering directory '/<<BUILDDIR>>/form-4.2.0+git20170914'
dh_auto_configure -- --enable-parform
	./configure --build=x86_64-linux-gnu --prefix=/usr --includedir=\${prefix}/include --mandir=\${prefix}/share/man --infodir=\${prefix}/share/info --sysconfdir=/etc --localstatedir=/var --disable-silent-rules --libdir=\${prefix}/lib/x86_64-linux-gnu --libexecdir=\${prefix}/lib/x86_64-linux-gnu --disable-maintainer-mode --disable-dependency-tracking --enable-parform
configure: WARNING: unrecognized options: --disable-maintainer-mode
checking for a BSD-compatible install... /usr/bin/install -c
checking whether build environment is sane... yes
checking for a thread-safe mkdir -p... /bin/mkdir -p
checking for gawk... no
checking for mawk... mawk
checking whether make sets $(MAKE)... yes
checking whether make supports nested variables... yes
checking for gcc... gcc
checking whether the C compiler works... yes
checking for C compiler default output file name... a.out
checking for suffix of executables... 
checking whether we are cross compiling... no
checking for suffix of object files... o
checking whether we are using the GNU C compiler... yes
checking whether gcc accepts -g... yes
checking for gcc option to accept ISO C89... none needed
checking whether gcc understands -c and -o together... yes
checking for style of include used by make... GNU
checking dependency style of gcc... none
checking for g++... g++
checking whether we are using the GNU C++ compiler... yes
checking whether g++ accepts -g... yes
checking dependency style of g++... none
checking whether ln -s works... yes
checking how to run the C preprocessor... gcc -E
checking for grep that handles long lines and -e... /bin/grep
checking for egrep... /bin/grep -E
checking for ANSI C header files... yes
checking whether time.h and sys/time.h may both be included... yes
checking for sys/types.h... yes
checking for sys/stat.h... yes
checking for stdlib.h... yes
checking for string.h... yes
checking for memory.h... yes
checking for strings.h... yes
checking for inttypes.h... yes
checking for stdint.h... yes
checking for unistd.h... yes
checking fcntl.h usability... yes
checking fcntl.h presence... yes
checking for fcntl.h... yes
checking limits.h usability... yes
checking limits.h presence... yes
checking for limits.h... yes
checking sys/file.h usability... yes
checking sys/file.h presence... yes
checking for sys/file.h... yes
checking how to run the C++ preprocessor... g++ -E
checking unordered_map usability... yes
checking unordered_map presence... yes
checking for unordered_map... yes
checking tr1/unordered_map usability... yes
checking tr1/unordered_map presence... yes
checking for tr1/unordered_map... yes
checking boost/unordered_map.hpp usability... no
checking boost/unordered_map.hpp presence... no
checking for boost/unordered_map.hpp... no
checking unordered_set usability... yes
checking unordered_set presence... yes
checking for unordered_set... yes
checking tr1/unordered_set usability... yes
checking tr1/unordered_set presence... yes
checking for tr1/unordered_set... yes
checking boost/unordered_set.hpp usability... no
checking boost/unordered_set.hpp presence... no
checking for boost/unordered_set.hpp... no
checking __builtin_popcount... yes
checking for inline... inline
checking for special C compiler options needed for large files... no
checking for _FILE_OFFSET_BITS value needed for large files... no
checking build system type... x86_64-pc-linux-gnu
checking host system type... x86_64-pc-linux-gnu
checking for unistd.h... (cached) yes
checking size of char... 1
checking size of short... 2
checking size of int... 4
checking size of long... 8
checking size of long long... 8
checking size of void *... 8
checking size of off_t... 8
configure: The data model is LP64
checking gmp.h usability... no
checking gmp.h presence... no
checking for gmp.h... no
configure: GMP is not available
checking zlib.h usability... no
checking zlib.h presence... no
checking for zlib.h... no
configure: zlib is not available
checking whether pthreads works without any flags... no
checking whether pthreads works with -pthread... yes
checking for pthread_rwlock_t... yes
checking for the POSIX thread clock... yes
checking for library containing clock_gettime... none required
checking for mpicc... mpicc
checking whether MPI works with mpicc... no
configure: error: in `/<<BUILDDIR>>/form-4.2.0+git20170914':
configure: error: test for parform failed. Give --disable-parform if you do not need to build parform
See `config.log' for more details
	tail -v -n \+0 config.log
==> config.log <==
This file contains any messages produced by compilers while
running configure, to aid debugging if configure makes a mistake.

It was created by FORM configure 4.2, which was
generated by GNU Autoconf 2.69.  Invocation command line was

  $ ./configure --build=x86_64-linux-gnu --prefix=/usr --includedir=${prefix}/include --mandir=${prefix}/share/man --infodir=${prefix}/share/info --sysconfdir=/etc --localstatedir=/var --disable-silent-rules --libdir=${prefix}/lib/x86_64-linux-gnu --libexecdir=${prefix}/lib/x86_64-linux-gnu --disable-maintainer-mode --disable-dependency-tracking --enable-parform

## --------- ##
## Platform. ##
## --------- ##

hostname = ip-172-31-14-85
uname -m = x86_64
uname -r = 4.9.0-5-amd64
uname -s = Linux
uname -v = #1 SMP Debian 4.9.65-3+deb9u2 (2018-01-04)

/usr/bin/uname -p = unknown
/bin/uname -X     = unknown

/bin/arch              = unknown
/usr/bin/arch -k       = unknown
/usr/convex/getsysinfo = unknown
/usr/bin/hostinfo      = unknown
/bin/machine           = unknown
/usr/bin/oslevel       = unknown
/bin/universe          = unknown

PATH: /usr/local/sbin
PATH: /usr/local/bin
PATH: /usr/sbin
PATH: /usr/bin
PATH: /sbin
PATH: /bin
PATH: /usr/games


## ----------- ##
## Core tests. ##
## ----------- ##

configure:2670: checking for a BSD-compatible install
configure:2738: result: /usr/bin/install -c
configure:2749: checking whether build environment is sane
configure:2804: result: yes
configure:2955: checking for a thread-safe mkdir -p
configure:2994: result: /bin/mkdir -p
configure:3001: checking for gawk
configure:3031: result: no
configure:3001: checking for mawk
configure:3017: found /usr/bin/mawk
configure:3028: result: mawk
configure:3039: checking whether make sets $(MAKE)
configure:3061: result: yes
configure:3090: checking whether make supports nested variables
configure:3107: result: yes
configure:3319: checking for gcc
configure:3335: found /usr/bin/gcc
configure:3346: result: gcc
configure:3377: checking for C compiler version
configure:3386: gcc --version >&5
clang version 6.0.0-3 (tags/RELEASE_600/final)
Target: x86_64-pc-linux-gnu
Thread model: posix
InstalledDir: /usr/bin
configure:3397: $? = 0
configure:3386: gcc -v >&5
clang version 6.0.0-3 (tags/RELEASE_600/final)
Target: x86_64-pc-linux-gnu
Thread model: posix
InstalledDir: /usr/bin
Found candidate GCC installation: /usr/bin/../lib/gcc/x86_64-linux-gnu/6
Found candidate GCC installation: /usr/bin/../lib/gcc/x86_64-linux-gnu/6.4.0
Found candidate GCC installation: /usr/bin/../lib/gcc/x86_64-linux-gnu/7
Found candidate GCC installation: /usr/bin/../lib/gcc/x86_64-linux-gnu/7.3.0
Found candidate GCC installation: /usr/bin/../lib/gcc/x86_64-linux-gnu/8
Found candidate GCC installation: /usr/bin/../lib/gcc/x86_64-linux-gnu/8.0.1
... rest of stderr output deleted ...
configure:3397: $? = 0
configure:3386: gcc -V >&5
clang: error: argument to '-V' is missing (expected 1 value)
clang: error: no input files
configure:3397: $? = 1
configure:3386: gcc -qversion >&5
clang: error: unknown argument: '-qversion'
clang: error: no input files
configure:3397: $? = 1
configure:3417: checking whether the C compiler works
configure:3439: gcc -g -O2 -fdebug-prefix-map=/<<BUILDDIR>>/form-4.2.0+git20170914=. -fstack-protector-strong -Wformat -Werror=format-security -Wdate-time -D_FORTIFY_SOURCE=2 -Wl,-z,relro -Wl,-z,now conftest.c  >&5
configure:3443: $? = 0
configure:3491: result: yes
configure:3494: checking for C compiler default output file name
configure:3496: result: a.out
configure:3502: checking for suffix of executables
configure:3509: gcc -o conftest -g -O2 -fdebug-prefix-map=/<<BUILDDIR>>/form-4.2.0+git20170914=. -fstack-protector-strong -Wformat -Werror=format-security -Wdate-time -D_FORTIFY_SOURCE=2 -Wl,-z,relro -Wl,-z,now conftest.c  >&5
configure:3513: $? = 0
configure:3535: result: 
configure:3557: checking whether we are cross compiling
configure:3565: gcc -o conftest -g -O2 -fdebug-prefix-map=/<<BUILDDIR>>/form-4.2.0+git20170914=. -fstack-protector-strong -Wformat -Werror=format-security -Wdate-time -D_FORTIFY_SOURCE=2 -Wl,-z,relro -Wl,-z,now conftest.c  >&5
configure:3569: $? = 0
configure:3576: ./conftest
configure:3580: $? = 0
configure:3595: result: no
configure:3600: checking for suffix of object files
configure:3622: gcc -c -g -O2 -fdebug-prefix-map=/<<BUILDDIR>>/form-4.2.0+git20170914=. -fstack-protector-strong -Wformat -Werror=format-security -Wdate-time -D_FORTIFY_SOURCE=2 conftest.c >&5
configure:3626: $? = 0
configure:3647: result: o
configure:3651: checking whether we are using the GNU C compiler
configure:3670: gcc -c -g -O2 -fdebug-prefix-map=/<<BUILDDIR>>/form-4.2.0+git20170914=. -fstack-protector-strong -Wformat -Werror=format-security -Wdate-time -D_FORTIFY_SOURCE=2 conftest.c >&5
configure:3670: $? = 0
configure:3679: result: yes
configure:3688: checking whether gcc accepts -g
configure:3708: gcc -c -g -Wdate-time -D_FORTIFY_SOURCE=2 conftest.c >&5
configure:3708: $? = 0
configure:3749: result: yes
configure:3766: checking for gcc option to accept ISO C89
configure:3829: gcc  -c -g -O2 -fdebug-prefix-map=/<<BUILDDIR>>/form-4.2.0+git20170914=. -fstack-protector-strong -Wformat -Werror=format-security -Wdate-time -D_FORTIFY_SOURCE=2 conftest.c >&5
configure:3829: $? = 0
configure:3842: result: none needed
configure:3867: checking whether gcc understands -c and -o together
configure:3889: gcc -c conftest.c -o conftest2.o
configure:3892: $? = 0
configure:3889: gcc -c conftest.c -o conftest2.o
configure:3892: $? = 0
configure:3904: result: yes
configure:3932: checking for style of include used by make
configure:3960: result: GNU
configure:3986: checking dependency style of gcc
configure:4097: result: none
configure:4171: checking for g++
configure:4187: found /usr/bin/g++
configure:4198: result: g++
configure:4225: checking for C++ compiler version
configure:4234: g++ --version >&5
clang version 6.0.0-3 (tags/RELEASE_600/final)
Target: x86_64-pc-linux-gnu
Thread model: posix
InstalledDir: /usr/bin
configure:4245: $? = 0
configure:4234: g++ -v >&5
clang version 6.0.0-3 (tags/RELEASE_600/final)
Target: x86_64-pc-linux-gnu
Thread model: posix
InstalledDir: /usr/bin
Found candidate GCC installation: /usr/bin/../lib/gcc/x86_64-linux-gnu/6
Found candidate GCC installation: /usr/bin/../lib/gcc/x86_64-linux-gnu/6.4.0
Found candidate GCC installation: /usr/bin/../lib/gcc/x86_64-linux-gnu/7
Found candidate GCC installation: /usr/bin/../lib/gcc/x86_64-linux-gnu/7.3.0
Found candidate GCC installation: /usr/bin/../lib/gcc/x86_64-linux-gnu/8
Found candidate GCC installation: /usr/bin/../lib/gcc/x86_64-linux-gnu/8.0.1
... rest of stderr output deleted ...
configure:4245: $? = 0
configure:4234: g++ -V >&5
clang: error: argument to '-V' is missing (expected 1 value)
clang: error: no input files
configure:4245: $? = 1
configure:4234: g++ -qversion >&5
clang: error: unknown argument: '-qversion'
clang: error: no input files
configure:4245: $? = 1
configure:4249: checking whether we are using the GNU C++ compiler
configure:4268: g++ -c -g -O2 -fdebug-prefix-map=/<<BUILDDIR>>/form-4.2.0+git20170914=. -fstack-protector-strong -Wformat -Werror=format-security -Wdate-time -D_FORTIFY_SOURCE=2 conftest.cpp >&5
configure:4268: $? = 0
configure:4277: result: yes
configure:4286: checking whether g++ accepts -g
configure:4306: g++ -c -g -Wdate-time -D_FORTIFY_SOURCE=2 conftest.cpp >&5
configure:4306: $? = 0
configure:4347: result: yes
configure:4372: checking dependency style of g++
configure:4483: result: none
configure:4498: checking whether ln -s works
configure:4502: result: yes
configure:4517: checking how to run the C preprocessor
configure:4548: gcc -E -Wdate-time -D_FORTIFY_SOURCE=2 conftest.c
configure:4548: $? = 0
configure:4562: gcc -E -Wdate-time -D_FORTIFY_SOURCE=2 conftest.c
conftest.c:11:10: fatal error: 'ac_nonexistent.h' file not found
#include <ac_nonexistent.h>
         ^~~~~~~~~~~~~~~~~~
1 error generated.
configure:4562: $? = 1
configure: failed program was:
| /* confdefs.h */
| #define PACKAGE_NAME "FORM"
| #define PACKAGE_TARNAME "form"
| #define PACKAGE_VERSION "4.2"
| #define PACKAGE_STRING "FORM 4.2"
| #define PACKAGE_BUGREPORT "https://github.com/vermaseren/form/issues"
| #define PACKAGE_URL ""
| #define PACKAGE "form"
| #define VERSION "4.2"
| /* end confdefs.h.  */
| #include <ac_nonexistent.h>
configure:4587: result: gcc -E
configure:4607: gcc -E -Wdate-time -D_FORTIFY_SOURCE=2 conftest.c
configure:4607: $? = 0
configure:4621: gcc -E -Wdate-time -D_FORTIFY_SOURCE=2 conftest.c
conftest.c:11:10: fatal error: 'ac_nonexistent.h' file not found
#include <ac_nonexistent.h>
         ^~~~~~~~~~~~~~~~~~
1 error generated.
configure:4621: $? = 1
configure: failed program was:
| /* confdefs.h */
| #define PACKAGE_NAME "FORM"
| #define PACKAGE_TARNAME "form"
| #define PACKAGE_VERSION "4.2"
| #define PACKAGE_STRING "FORM 4.2"
| #define PACKAGE_BUGREPORT "https://github.com/vermaseren/form/issues"
| #define PACKAGE_URL ""
| #define PACKAGE "form"
| #define VERSION "4.2"
| /* end confdefs.h.  */
| #include <ac_nonexistent.h>
configure:4650: checking for grep that handles long lines and -e
configure:4708: result: /bin/grep
configure:4713: checking for egrep
configure:4775: result: /bin/grep -E
configure:4780: checking for ANSI C header files
configure:4800: gcc -c -g -O2 -fdebug-prefix-map=/<<BUILDDIR>>/form-4.2.0+git20170914=. -fstack-protector-strong -Wformat -Werror=format-security -Wdate-time -D_FORTIFY_SOURCE=2 conftest.c >&5
configure:4800: $? = 0
configure:4873: gcc -o conftest -g -O2 -fdebug-prefix-map=/<<BUILDDIR>>/form-4.2.0+git20170914=. -fstack-protector-strong -Wformat -Werror=format-security -Wdate-time -D_FORTIFY_SOURCE=2 -Wl,-z,relro -Wl,-z,now conftest.c  >&5
configure:4873: $? = 0
configure:4873: ./conftest
configure:4873: $? = 0
configure:4884: result: yes
configure:4892: checking whether time.h and sys/time.h may both be included
configure:4912: gcc -c -g -O2 -fdebug-prefix-map=/<<BUILDDIR>>/form-4.2.0+git20170914=. -fstack-protector-strong -Wformat -Werror=format-security -Wdate-time -D_FORTIFY_SOURCE=2 conftest.c >&5
configure:4912: $? = 0
configure:4919: result: yes
configure:4932: checking for sys/types.h
configure:4932: gcc -c -g -O2 -fdebug-prefix-map=/<<BUILDDIR>>/form-4.2.0+git20170914=. -fstack-protector-strong -Wformat -Werror=format-security -Wdate-time -D_FORTIFY_SOURCE=2 conftest.c >&5
configure:4932: $? = 0
configure:4932: result: yes
configure:4932: checking for sys/stat.h
configure:4932: gcc -c -g -O2 -fdebug-prefix-map=/<<BUILDDIR>>/form-4.2.0+git20170914=. -fstack-protector-strong -Wformat -Werror=format-security -Wdate-time -D_FORTIFY_SOURCE=2 conftest.c >&5
configure:4932: $? = 0
configure:4932: result: yes
configure:4932: checking for stdlib.h
configure:4932: gcc -c -g -O2 -fdebug-prefix-map=/<<BUILDDIR>>/form-4.2.0+git20170914=. -fstack-protector-strong -Wformat -Werror=format-security -Wdate-time -D_FORTIFY_SOURCE=2 conftest.c >&5
configure:4932: $? = 0
configure:4932: result: yes
configure:4932: checking for string.h
configure:4932: gcc -c -g -O2 -fdebug-prefix-map=/<<BUILDDIR>>/form-4.2.0+git20170914=. -fstack-protector-strong -Wformat -Werror=format-security -Wdate-time -D_FORTIFY_SOURCE=2 conftest.c >&5
configure:4932: $? = 0
configure:4932: result: yes
configure:4932: checking for memory.h
configure:4932: gcc -c -g -O2 -fdebug-prefix-map=/<<BUILDDIR>>/form-4.2.0+git20170914=. -fstack-protector-strong -Wformat -Werror=format-security -Wdate-time -D_FORTIFY_SOURCE=2 conftest.c >&5
configure:4932: $? = 0
configure:4932: result: yes
configure:4932: checking for strings.h
configure:4932: gcc -c -g -O2 -fdebug-prefix-map=/<<BUILDDIR>>/form-4.2.0+git20170914=. -fstack-protector-strong -Wformat -Werror=format-security -Wdate-time -D_FORTIFY_SOURCE=2 conftest.c >&5
configure:4932: $? = 0
configure:4932: result: yes
configure:4932: checking for inttypes.h
configure:4932: gcc -c -g -O2 -fdebug-prefix-map=/<<BUILDDIR>>/form-4.2.0+git20170914=. -fstack-protector-strong -Wformat -Werror=format-security -Wdate-time -D_FORTIFY_SOURCE=2 conftest.c >&5
configure:4932: $? = 0
configure:4932: result: yes
configure:4932: checking for stdint.h
configure:4932: gcc -c -g -O2 -fdebug-prefix-map=/<<BUILDDIR>>/form-4.2.0+git20170914=. -fstack-protector-strong -Wformat -Werror=format-security -Wdate-time -D_FORTIFY_SOURCE=2 conftest.c >&5
configure:4932: $? = 0
configure:4932: result: yes
configure:4932: checking for unistd.h
configure:4932: gcc -c -g -O2 -fdebug-prefix-map=/<<BUILDDIR>>/form-4.2.0+git20170914=. -fstack-protector-strong -Wformat -Werror=format-security -Wdate-time -D_FORTIFY_SOURCE=2 conftest.c >&5
configure:4932: $? = 0
configure:4932: result: yes
configure:4947: checking fcntl.h usability
configure:4947: gcc -c -g -O2 -fdebug-prefix-map=/<<BUILDDIR>>/form-4.2.0+git20170914=. -fstack-protector-strong -Wformat -Werror=format-security -Wdate-time -D_FORTIFY_SOURCE=2 conftest.c >&5
configure:4947: $? = 0
configure:4947: result: yes
configure:4947: checking fcntl.h presence
configure:4947: gcc -E -Wdate-time -D_FORTIFY_SOURCE=2 conftest.c
configure:4947: $? = 0
configure:4947: result: yes
configure:4947: checking for fcntl.h
configure:4947: result: yes
configure:4947: checking limits.h usability
configure:4947: gcc -c -g -O2 -fdebug-prefix-map=/<<BUILDDIR>>/form-4.2.0+git20170914=. -fstack-protector-strong -Wformat -Werror=format-security -Wdate-time -D_FORTIFY_SOURCE=2 conftest.c >&5
configure:4947: $? = 0
configure:4947: result: yes
configure:4947: checking limits.h presence
configure:4947: gcc -E -Wdate-time -D_FORTIFY_SOURCE=2 conftest.c
configure:4947: $? = 0
configure:4947: result: yes
configure:4947: checking for limits.h
configure:4947: result: yes
configure:4947: checking sys/file.h usability
configure:4947: gcc -c -g -O2 -fdebug-prefix-map=/<<BUILDDIR>>/form-4.2.0+git20170914=. -fstack-protector-strong -Wformat -Werror=format-security -Wdate-time -D_FORTIFY_SOURCE=2 conftest.c >&5
configure:4947: $? = 0
configure:4947: result: yes
configure:4947: checking sys/file.h presence
configure:4947: gcc -E -Wdate-time -D_FORTIFY_SOURCE=2 conftest.c
configure:4947: $? = 0
configure:4947: result: yes
configure:4947: checking for sys/file.h
configure:4947: result: yes
configure:4970: checking how to run the C++ preprocessor
configure:4997: g++ -E -Wdate-time -D_FORTIFY_SOURCE=2 conftest.cpp
configure:4997: $? = 0
configure:5011: g++ -E -Wdate-time -D_FORTIFY_SOURCE=2 conftest.cpp
conftest.cpp:25:10: fatal error: 'ac_nonexistent.h' file not found
#include <ac_nonexistent.h>
         ^~~~~~~~~~~~~~~~~~
1 error generated.
configure:5011: $? = 1
configure: failed program was:
| /* confdefs.h */
| #define PACKAGE_NAME "FORM"
| #define PACKAGE_TARNAME "form"
| #define PACKAGE_VERSION "4.2"
| #define PACKAGE_STRING "FORM 4.2"
| #define PACKAGE_BUGREPORT "https://github.com/vermaseren/form/issues"
| #define PACKAGE_URL ""
| #define PACKAGE "form"
| #define VERSION "4.2"
| #define STDC_HEADERS 1
| #define TIME_WITH_SYS_TIME 1
| #define HAVE_SYS_TYPES_H 1
| #define HAVE_SYS_STAT_H 1
| #define HAVE_STDLIB_H 1
| #define HAVE_STRING_H 1
| #define HAVE_MEMORY_H 1
| #define HAVE_STRINGS_H 1
| #define HAVE_INTTYPES_H 1
| #define HAVE_STDINT_H 1
| #define HAVE_UNISTD_H 1
| #define HAVE_FCNTL_H 1
| #define HAVE_LIMITS_H 1
| #define HAVE_SYS_FILE_H 1
| /* end confdefs.h.  */
| #include <ac_nonexistent.h>
configure:5036: result: g++ -E
configure:5056: g++ -E -Wdate-time -D_FORTIFY_SOURCE=2 conftest.cpp
configure:5056: $? = 0
configure:5070: g++ -E -Wdate-time -D_FORTIFY_SOURCE=2 conftest.cpp
conftest.cpp:25:10: fatal error: 'ac_nonexistent.h' file not found
#include <ac_nonexistent.h>
         ^~~~~~~~~~~~~~~~~~
1 error generated.
configure:5070: $? = 1
configure: failed program was:
| /* confdefs.h */
| #define PACKAGE_NAME "FORM"
| #define PACKAGE_TARNAME "form"
| #define PACKAGE_VERSION "4.2"
| #define PACKAGE_STRING "FORM 4.2"
| #define PACKAGE_BUGREPORT "https://github.com/vermaseren/form/issues"
| #define PACKAGE_URL ""
| #define PACKAGE "form"
| #define VERSION "4.2"
| #define STDC_HEADERS 1
| #define TIME_WITH_SYS_TIME 1
| #define HAVE_SYS_TYPES_H 1
| #define HAVE_SYS_STAT_H 1
| #define HAVE_STDLIB_H 1
| #define HAVE_STRING_H 1
| #define HAVE_MEMORY_H 1
| #define HAVE_STRINGS_H 1
| #define HAVE_INTTYPES_H 1
| #define HAVE_STDINT_H 1
| #define HAVE_UNISTD_H 1
| #define HAVE_FCNTL_H 1
| #define HAVE_LIMITS_H 1
| #define HAVE_SYS_FILE_H 1
| /* end confdefs.h.  */
| #include <ac_nonexistent.h>
configure:5102: checking unordered_map usability
configure:5102: g++ -c -g -O2 -fdebug-prefix-map=/<<BUILDDIR>>/form-4.2.0+git20170914=. -fstack-protector-strong -Wformat -Werror=format-security -Wdate-time -D_FORTIFY_SOURCE=2 conftest.cpp >&5
configure:5102: $? = 0
configure:5102: result: yes
configure:5102: checking unordered_map presence
configure:5102: g++ -E -Wdate-time -D_FORTIFY_SOURCE=2 conftest.cpp
configure:5102: $? = 0
configure:5102: result: yes
configure:5102: checking for unordered_map
configure:5102: result: yes
configure:5102: checking tr1/unordered_map usability
configure:5102: g++ -c -g -O2 -fdebug-prefix-map=/<<BUILDDIR>>/form-4.2.0+git20170914=. -fstack-protector-strong -Wformat -Werror=format-security -Wdate-time -D_FORTIFY_SOURCE=2 conftest.cpp >&5
configure:5102: $? = 0
configure:5102: result: yes
configure:5102: checking tr1/unordered_map presence
configure:5102: g++ -E -Wdate-time -D_FORTIFY_SOURCE=2 conftest.cpp
configure:5102: $? = 0
configure:5102: result: yes
configure:5102: checking for tr1/unordered_map
configure:5102: result: yes
configure:5102: checking boost/unordered_map.hpp usability
configure:5102: g++ -c -g -O2 -fdebug-prefix-map=/<<BUILDDIR>>/form-4.2.0+git20170914=. -fstack-protector-strong -Wformat -Werror=format-security -Wdate-time -D_FORTIFY_SOURCE=2 conftest.cpp >&5
conftest.cpp:60:10: fatal error: 'boost/unordered_map.hpp' file not found
#include <boost/unordered_map.hpp>
         ^~~~~~~~~~~~~~~~~~~~~~~~~
1 error generated.
configure:5102: $? = 1
configure: failed program was:
| /* confdefs.h */
| #define PACKAGE_NAME "FORM"
| #define PACKAGE_TARNAME "form"
| #define PACKAGE_VERSION "4.2"
| #define PACKAGE_STRING "FORM 4.2"
| #define PACKAGE_BUGREPORT "https://github.com/vermaseren/form/issues"
| #define PACKAGE_URL ""
| #define PACKAGE "form"
| #define VERSION "4.2"
| #define STDC_HEADERS 1
| #define TIME_WITH_SYS_TIME 1
| #define HAVE_SYS_TYPES_H 1
| #define HAVE_SYS_STAT_H 1
| #define HAVE_STDLIB_H 1
| #define HAVE_STRING_H 1
| #define HAVE_MEMORY_H 1
| #define HAVE_STRINGS_H 1
| #define HAVE_INTTYPES_H 1
| #define HAVE_STDINT_H 1
| #define HAVE_UNISTD_H 1
| #define HAVE_FCNTL_H 1
| #define HAVE_LIMITS_H 1
| #define HAVE_SYS_FILE_H 1
| #define HAVE_UNORDERED_MAP 1
| #define HAVE_TR1_UNORDERED_MAP 1
| /* end confdefs.h.  */
| #include <stdio.h>
| #ifdef HAVE_SYS_TYPES_H
| # include <sys/types.h>
| #endif
| #ifdef HAVE_SYS_STAT_H
| # include <sys/stat.h>
| #endif
| #ifdef STDC_HEADERS
| # include <stdlib.h>
| # include <stddef.h>
| #else
| # ifdef HAVE_STDLIB_H
| #  include <stdlib.h>
| # endif
| #endif
| #ifdef HAVE_STRING_H
| # if !defined STDC_HEADERS && defined HAVE_MEMORY_H
| #  include <memory.h>
| # endif
| # include <string.h>
| #endif
| #ifdef HAVE_STRINGS_H
| # include <strings.h>
| #endif
| #ifdef HAVE_INTTYPES_H
| # include <inttypes.h>
| #endif
| #ifdef HAVE_STDINT_H
| # include <stdint.h>
| #endif
| #ifdef HAVE_UNISTD_H
| # include <unistd.h>
| #endif
| #include <boost/unordered_map.hpp>
configure:5102: result: no
configure:5102: checking boost/unordered_map.hpp presence
configure:5102: g++ -E -Wdate-time -D_FORTIFY_SOURCE=2 conftest.cpp
conftest.cpp:27:10: fatal error: 'boost/unordered_map.hpp' file not found
#include <boost/unordered_map.hpp>
         ^~~~~~~~~~~~~~~~~~~~~~~~~
1 error generated.
configure:5102: $? = 1
configure: failed program was:
| /* confdefs.h */
| #define PACKAGE_NAME "FORM"
| #define PACKAGE_TARNAME "form"
| #define PACKAGE_VERSION "4.2"
| #define PACKAGE_STRING "FORM 4.2"
| #define PACKAGE_BUGREPORT "https://github.com/vermaseren/form/issues"
| #define PACKAGE_URL ""
| #define PACKAGE "form"
| #define VERSION "4.2"
| #define STDC_HEADERS 1
| #define TIME_WITH_SYS_TIME 1
| #define HAVE_SYS_TYPES_H 1
| #define HAVE_SYS_STAT_H 1
| #define HAVE_STDLIB_H 1
| #define HAVE_STRING_H 1
| #define HAVE_MEMORY_H 1
| #define HAVE_STRINGS_H 1
| #define HAVE_INTTYPES_H 1
| #define HAVE_STDINT_H 1
| #define HAVE_UNISTD_H 1
| #define HAVE_FCNTL_H 1
| #define HAVE_LIMITS_H 1
| #define HAVE_SYS_FILE_H 1
| #define HAVE_UNORDERED_MAP 1
| #define HAVE_TR1_UNORDERED_MAP 1
| /* end confdefs.h.  */
| #include <boost/unordered_map.hpp>
configure:5102: result: no
configure:5102: checking for boost/unordered_map.hpp
configure:5102: result: no
configure:5115: checking unordered_set usability
configure:5115: g++ -c -g -O2 -fdebug-prefix-map=/<<BUILDDIR>>/form-4.2.0+git20170914=. -fstack-protector-strong -Wformat -Werror=format-security -Wdate-time -D_FORTIFY_SOURCE=2 conftest.cpp >&5
configure:5115: $? = 0
configure:5115: result: yes
configure:5115: checking unordered_set presence
configure:5115: g++ -E -Wdate-time -D_FORTIFY_SOURCE=2 conftest.cpp
configure:5115: $? = 0
configure:5115: result: yes
configure:5115: checking for unordered_set
configure:5115: result: yes
configure:5115: checking tr1/unordered_set usability
configure:5115: g++ -c -g -O2 -fdebug-prefix-map=/<<BUILDDIR>>/form-4.2.0+git20170914=. -fstack-protector-strong -Wformat -Werror=format-security -Wdate-time -D_FORTIFY_SOURCE=2 conftest.cpp >&5
configure:5115: $? = 0
configure:5115: result: yes
configure:5115: checking tr1/unordered_set presence
configure:5115: g++ -E -Wdate-time -D_FORTIFY_SOURCE=2 conftest.cpp
configure:5115: $? = 0
configure:5115: result: yes
configure:5115: checking for tr1/unordered_set
configure:5115: result: yes
configure:5115: checking boost/unordered_set.hpp usability
configure:5115: g++ -c -g -O2 -fdebug-prefix-map=/<<BUILDDIR>>/form-4.2.0+git20170914=. -fstack-protector-strong -Wformat -Werror=format-security -Wdate-time -D_FORTIFY_SOURCE=2 conftest.cpp >&5
conftest.cpp:62:10: fatal error: 'boost/unordered_set.hpp' file not found
#include <boost/unordered_set.hpp>
         ^~~~~~~~~~~~~~~~~~~~~~~~~
1 error generated.
configure:5115: $? = 1
configure: failed program was:
| /* confdefs.h */
| #define PACKAGE_NAME "FORM"
| #define PACKAGE_TARNAME "form"
| #define PACKAGE_VERSION "4.2"
| #define PACKAGE_STRING "FORM 4.2"
| #define PACKAGE_BUGREPORT "https://github.com/vermaseren/form/issues"
| #define PACKAGE_URL ""
| #define PACKAGE "form"
| #define VERSION "4.2"
| #define STDC_HEADERS 1
| #define TIME_WITH_SYS_TIME 1
| #define HAVE_SYS_TYPES_H 1
| #define HAVE_SYS_STAT_H 1
| #define HAVE_STDLIB_H 1
| #define HAVE_STRING_H 1
| #define HAVE_MEMORY_H 1
| #define HAVE_STRINGS_H 1
| #define HAVE_INTTYPES_H 1
| #define HAVE_STDINT_H 1
| #define HAVE_UNISTD_H 1
| #define HAVE_FCNTL_H 1
| #define HAVE_LIMITS_H 1
| #define HAVE_SYS_FILE_H 1
| #define HAVE_UNORDERED_MAP 1
| #define HAVE_TR1_UNORDERED_MAP 1
| #define HAVE_UNORDERED_SET 1
| #define HAVE_TR1_UNORDERED_SET 1
| /* end confdefs.h.  */
| #include <stdio.h>
| #ifdef HAVE_SYS_TYPES_H
| # include <sys/types.h>
| #endif
| #ifdef HAVE_SYS_STAT_H
| # include <sys/stat.h>
| #endif
| #ifdef STDC_HEADERS
| # include <stdlib.h>
| # include <stddef.h>
| #else
| # ifdef HAVE_STDLIB_H
| #  include <stdlib.h>
| # endif
| #endif
| #ifdef HAVE_STRING_H
| # if !defined STDC_HEADERS && defined HAVE_MEMORY_H
| #  include <memory.h>
| # endif
| # include <string.h>
| #endif
| #ifdef HAVE_STRINGS_H
| # include <strings.h>
| #endif
| #ifdef HAVE_INTTYPES_H
| # include <inttypes.h>
| #endif
| #ifdef HAVE_STDINT_H
| # include <stdint.h>
| #endif
| #ifdef HAVE_UNISTD_H
| # include <unistd.h>
| #endif
| #include <boost/unordered_set.hpp>
configure:5115: result: no
configure:5115: checking boost/unordered_set.hpp presence
configure:5115: g++ -E -Wdate-time -D_FORTIFY_SOURCE=2 conftest.cpp
conftest.cpp:29:10: fatal error: 'boost/unordered_set.hpp' file not found
#include <boost/unordered_set.hpp>
         ^~~~~~~~~~~~~~~~~~~~~~~~~
1 error generated.
configure:5115: $? = 1
configure: failed program was:
| /* confdefs.h */
| #define PACKAGE_NAME "FORM"
| #define PACKAGE_TARNAME "form"
| #define PACKAGE_VERSION "4.2"
| #define PACKAGE_STRING "FORM 4.2"
| #define PACKAGE_BUGREPORT "https://github.com/vermaseren/form/issues"
| #define PACKAGE_URL ""
| #define PACKAGE "form"
| #define VERSION "4.2"
| #define STDC_HEADERS 1
| #define TIME_WITH_SYS_TIME 1
| #define HAVE_SYS_TYPES_H 1
| #define HAVE_SYS_STAT_H 1
| #define HAVE_STDLIB_H 1
| #define HAVE_STRING_H 1
| #define HAVE_MEMORY_H 1
| #define HAVE_STRINGS_H 1
| #define HAVE_INTTYPES_H 1
| #define HAVE_STDINT_H 1
| #define HAVE_UNISTD_H 1
| #define HAVE_FCNTL_H 1
| #define HAVE_LIMITS_H 1
| #define HAVE_SYS_FILE_H 1
| #define HAVE_UNORDERED_MAP 1
| #define HAVE_TR1_UNORDERED_MAP 1
| #define HAVE_UNORDERED_SET 1
| #define HAVE_TR1_UNORDERED_SET 1
| /* end confdefs.h.  */
| #include <boost/unordered_set.hpp>
configure:5115: result: no
configure:5115: checking for boost/unordered_set.hpp
configure:5115: result: no
configure:5135: checking __builtin_popcount
configure:5150: gcc -o conftest -g -O2 -fdebug-prefix-map=/<<BUILDDIR>>/form-4.2.0+git20170914=. -fstack-protector-strong -Wformat -Werror=format-security -Wdate-time -D_FORTIFY_SOURCE=2 -Wl,-z,relro -Wl,-z,now conftest.c  >&5
configure:5150: $? = 0
configure:5158: result: yes
configure:5190: checking for inline
configure:5206: gcc -c -g -O2 -fdebug-prefix-map=/<<BUILDDIR>>/form-4.2.0+git20170914=. -fstack-protector-strong -Wformat -Werror=format-security -Wdate-time -D_FORTIFY_SOURCE=2 conftest.c >&5
configure:5206: $? = 0
configure:5214: result: inline
configure:5241: checking for special C compiler options needed for large files
configure:5286: result: no
configure:5292: checking for _FILE_OFFSET_BITS value needed for large files
configure:5317: gcc -c -g -O2 -fdebug-prefix-map=/<<BUILDDIR>>/form-4.2.0+git20170914=. -fstack-protector-strong -Wformat -Werror=format-security -Wdate-time -D_FORTIFY_SOURCE=2 conftest.c >&5
configure:5317: $? = 0
configure:5349: result: no
configure:5440: checking build system type
configure:5454: result: x86_64-pc-linux-gnu
configure:5474: checking host system type
configure:5487: result: x86_64-pc-linux-gnu
configure:5582: gcc -c -g -O2 -fdebug-prefix-map=/<<BUILDDIR>>/form-4.2.0+git20170914=. -fstack-protector-strong -Wformat -Werror=format-security -Wdate-time -D_FORTIFY_SOURCE=2 conftest.c >&5
conftest.c:37:1: error: use of undeclared identifier 'choke'
choke me
^
1 error generated.
configure:5582: $? = 1
configure: failed program was:
| /* confdefs.h */
| #define PACKAGE_NAME "FORM"
| #define PACKAGE_TARNAME "form"
| #define PACKAGE_VERSION "4.2"
| #define PACKAGE_STRING "FORM 4.2"
| #define PACKAGE_BUGREPORT "https://github.com/vermaseren/form/issues"
| #define PACKAGE_URL ""
| #define PACKAGE "form"
| #define VERSION "4.2"
| #define STDC_HEADERS 1
| #define TIME_WITH_SYS_TIME 1
| #define HAVE_SYS_TYPES_H 1
| #define HAVE_SYS_STAT_H 1
| #define HAVE_STDLIB_H 1
| #define HAVE_STRING_H 1
| #define HAVE_MEMORY_H 1
| #define HAVE_STRINGS_H 1
| #define HAVE_INTTYPES_H 1
| #define HAVE_STDINT_H 1
| #define HAVE_UNISTD_H 1
| #define HAVE_FCNTL_H 1
| #define HAVE_LIMITS_H 1
| #define HAVE_SYS_FILE_H 1
| #define HAVE_UNORDERED_MAP 1
| #define HAVE_TR1_UNORDERED_MAP 1
| #define HAVE_UNORDERED_SET 1
| #define HAVE_TR1_UNORDERED_SET 1
| #define HAVE_BUILTIN_POPCOUNT 1
| #define LINUX /**/
| /* end confdefs.h.  */
| 
| int
| main ()
| {
| 
| #if !(defined(__ICC) || defined(__ECC) || defined(__INTEL_COMPILER))
| choke me
| #endif
| 
|   ;
|   return 0;
| }
configure:5582: gcc -c -g -O2 -fdebug-prefix-map=/<<BUILDDIR>>/form-4.2.0+git20170914=. -fstack-protector-strong -Wformat -Werror=format-security -Wdate-time -D_FORTIFY_SOURCE=2 conftest.c >&5
configure:5582: $? = 0
configure:5607: checking for unistd.h
configure:5607: result: yes
configure:5671: checking size of char
configure:5676: gcc -o conftest -g -O2 -fdebug-prefix-map=/<<BUILDDIR>>/form-4.2.0+git20170914=. -fstack-protector-strong -Wformat -Werror=format-security -Wdate-time -D_FORTIFY_SOURCE=2 -Wl,-z,relro -Wl,-z,now conftest.c  >&5
configure:5676: $? = 0
configure:5676: ./conftest
configure:5676: $? = 0
configure:5690: result: 1
configure:5704: checking size of short
configure:5709: gcc -o conftest -g -O2 -fdebug-prefix-map=/<<BUILDDIR>>/form-4.2.0+git20170914=. -fstack-protector-strong -Wformat -Werror=format-security -Wdate-time -D_FORTIFY_SOURCE=2 -Wl,-z,relro -Wl,-z,now conftest.c  >&5
configure:5709: $? = 0
configure:5709: ./conftest
configure:5709: $? = 0
configure:5723: result: 2
configure:5737: checking size of int
configure:5742: gcc -o conftest -g -O2 -fdebug-prefix-map=/<<BUILDDIR>>/form-4.2.0+git20170914=. -fstack-protector-strong -Wformat -Werror=format-security -Wdate-time -D_FORTIFY_SOURCE=2 -Wl,-z,relro -Wl,-z,now conftest.c  >&5
configure:5742: $? = 0
configure:5742: ./conftest
configure:5742: $? = 0
configure:5756: result: 4
configure:5770: checking size of long
configure:5775: gcc -o conftest -g -O2 -fdebug-prefix-map=/<<BUILDDIR>>/form-4.2.0+git20170914=. -fstack-protector-strong -Wformat -Werror=format-security -Wdate-time -D_FORTIFY_SOURCE=2 -Wl,-z,relro -Wl,-z,now conftest.c  >&5
configure:5775: $? = 0
configure:5775: ./conftest
configure:5775: $? = 0
configure:5789: result: 8
configure:5803: checking size of long long
configure:5808: gcc -o conftest -g -O2 -fdebug-prefix-map=/<<BUILDDIR>>/form-4.2.0+git20170914=. -fstack-protector-strong -Wformat -Werror=format-security -Wdate-time -D_FORTIFY_SOURCE=2 -Wl,-z,relro -Wl,-z,now conftest.c  >&5
configure:5808: $? = 0
configure:5808: ./conftest
configure:5808: $? = 0
configure:5822: result: 8
configure:5836: checking size of void *
configure:5841: gcc -o conftest -g -O2 -fdebug-prefix-map=/<<BUILDDIR>>/form-4.2.0+git20170914=. -fstack-protector-strong -Wformat -Werror=format-security -Wdate-time -D_FORTIFY_SOURCE=2 -Wl,-z,relro -Wl,-z,now conftest.c  >&5
configure:5841: $? = 0
configure:5841: ./conftest
configure:5841: $? = 0
configure:5855: result: 8
configure:5869: checking size of off_t
configure:5874: gcc -o conftest -g -O2 -fdebug-prefix-map=/<<BUILDDIR>>/form-4.2.0+git20170914=. -fstack-protector-strong -Wformat -Werror=format-security -Wdate-time -D_FORTIFY_SOURCE=2 -Wl,-z,relro -Wl,-z,now conftest.c  >&5
configure:5874: $? = 0
configure:5874: ./conftest
configure:5874: $? = 0
configure:5888: result: 8
configure:5964: The data model is LP64
configure:5983: checking gmp.h usability
configure:5983: gcc -c -g -O2 -fdebug-prefix-map=/<<BUILDDIR>>/form-4.2.0+git20170914=. -fstack-protector-strong -Wformat -Werror=format-security -Wdate-time -D_FORTIFY_SOURCE=2 conftest.c >&5
conftest.c:74:10: fatal error: 'gmp.h' file not found
#include <gmp.h>
         ^~~~~~~
1 error generated.
configure:5983: $? = 1
configure: failed program was:
| /* confdefs.h */
| #define PACKAGE_NAME "FORM"
| #define PACKAGE_TARNAME "form"
| #define PACKAGE_VERSION "4.2"
| #define PACKAGE_STRING "FORM 4.2"
| #define PACKAGE_BUGREPORT "https://github.com/vermaseren/form/issues"
| #define PACKAGE_URL ""
| #define PACKAGE "form"
| #define VERSION "4.2"
| #define STDC_HEADERS 1
| #define TIME_WITH_SYS_TIME 1
| #define HAVE_SYS_TYPES_H 1
| #define HAVE_SYS_STAT_H 1
| #define HAVE_STDLIB_H 1
| #define HAVE_STRING_H 1
| #define HAVE_MEMORY_H 1
| #define HAVE_STRINGS_H 1
| #define HAVE_INTTYPES_H 1
| #define HAVE_STDINT_H 1
| #define HAVE_UNISTD_H 1
| #define HAVE_FCNTL_H 1
| #define HAVE_LIMITS_H 1
| #define HAVE_SYS_FILE_H 1
| #define HAVE_UNORDERED_MAP 1
| #define HAVE_TR1_UNORDERED_MAP 1
| #define HAVE_UNORDERED_SET 1
| #define HAVE_TR1_UNORDERED_SET 1
| #define HAVE_BUILTIN_POPCOUNT 1
| #define LINUX /**/
| #define HAVE_UNISTD_H 1
| #define UNIX /**/
| #define SIZEOF_CHAR 1
| #define SIZEOF_SHORT 2
| #define SIZEOF_INT 4
| #define SIZEOF_LONG 8
| #define SIZEOF_LONG_LONG 8
| #define SIZEOF_VOID_P 8
| #define SIZEOF_OFF_T 8
| #define LP64 /**/
| /* end confdefs.h.  */
| #include <stdio.h>
| #ifdef HAVE_SYS_TYPES_H
| # include <sys/types.h>
| #endif
| #ifdef HAVE_SYS_STAT_H
| # include <sys/stat.h>
| #endif
| #ifdef STDC_HEADERS
| # include <stdlib.h>
| # include <stddef.h>
| #else
| # ifdef HAVE_STDLIB_H
| #  include <stdlib.h>
| # endif
| #endif
| #ifdef HAVE_STRING_H
| # if !defined STDC_HEADERS && defined HAVE_MEMORY_H
| #  include <memory.h>
| # endif
| # include <string.h>
| #endif
| #ifdef HAVE_STRINGS_H
| # include <strings.h>
| #endif
| #ifdef HAVE_INTTYPES_H
| # include <inttypes.h>
| #endif
| #ifdef HAVE_STDINT_H
| # include <stdint.h>
| #endif
| #ifdef HAVE_UNISTD_H
| # include <unistd.h>
| #endif
| #include <gmp.h>
configure:5983: result: no
configure:5983: checking gmp.h presence
configure:5983: gcc -E -Wdate-time -D_FORTIFY_SOURCE=2 conftest.c
conftest.c:41:10: fatal error: 'gmp.h' file not found
#include <gmp.h>
         ^~~~~~~
1 error generated.
configure:5983: $? = 1
configure: failed program was:
| /* confdefs.h */
| #define PACKAGE_NAME "FORM"
| #define PACKAGE_TARNAME "form"
| #define PACKAGE_VERSION "4.2"
| #define PACKAGE_STRING "FORM 4.2"
| #define PACKAGE_BUGREPORT "https://github.com/vermaseren/form/issues"
| #define PACKAGE_URL ""
| #define PACKAGE "form"
| #define VERSION "4.2"
| #define STDC_HEADERS 1
| #define TIME_WITH_SYS_TIME 1
| #define HAVE_SYS_TYPES_H 1
| #define HAVE_SYS_STAT_H 1
| #define HAVE_STDLIB_H 1
| #define HAVE_STRING_H 1
| #define HAVE_MEMORY_H 1
| #define HAVE_STRINGS_H 1
| #define HAVE_INTTYPES_H 1
| #define HAVE_STDINT_H 1
| #define HAVE_UNISTD_H 1
| #define HAVE_FCNTL_H 1
| #define HAVE_LIMITS_H 1
| #define HAVE_SYS_FILE_H 1
| #define HAVE_UNORDERED_MAP 1
| #define HAVE_TR1_UNORDERED_MAP 1
| #define HAVE_UNORDERED_SET 1
| #define HAVE_TR1_UNORDERED_SET 1
| #define HAVE_BUILTIN_POPCOUNT 1
| #define LINUX /**/
| #define HAVE_UNISTD_H 1
| #define UNIX /**/
| #define SIZEOF_CHAR 1
| #define SIZEOF_SHORT 2
| #define SIZEOF_INT 4
| #define SIZEOF_LONG 8
| #define SIZEOF_LONG_LONG 8
| #define SIZEOF_VOID_P 8
| #define SIZEOF_OFF_T 8
| #define LP64 /**/
| /* end confdefs.h.  */
| #include <gmp.h>
configure:5983: result: no
configure:5983: checking for gmp.h
configure:5983: result: no
configure:6048: GMP is not available
configure:6070: checking zlib.h usability
configure:6070: gcc -c -g -O2 -fdebug-prefix-map=/<<BUILDDIR>>/form-4.2.0+git20170914=. -fstack-protector-strong -Wformat -Werror=format-security -Wdate-time -D_FORTIFY_SOURCE=2 conftest.c >&5
conftest.c:74:10: fatal error: 'zlib.h' file not found
#include <zlib.h>
         ^~~~~~~~
1 error generated.
configure:6070: $? = 1
configure: failed program was:
| /* confdefs.h */
| #define PACKAGE_NAME "FORM"
| #define PACKAGE_TARNAME "form"
| #define PACKAGE_VERSION "4.2"
| #define PACKAGE_STRING "FORM 4.2"
| #define PACKAGE_BUGREPORT "https://github.com/vermaseren/form/issues"
| #define PACKAGE_URL ""
| #define PACKAGE "form"
| #define VERSION "4.2"
| #define STDC_HEADERS 1
| #define TIME_WITH_SYS_TIME 1
| #define HAVE_SYS_TYPES_H 1
| #define HAVE_SYS_STAT_H 1
| #define HAVE_STDLIB_H 1
| #define HAVE_STRING_H 1
| #define HAVE_MEMORY_H 1
| #define HAVE_STRINGS_H 1
| #define HAVE_INTTYPES_H 1
| #define HAVE_STDINT_H 1
| #define HAVE_UNISTD_H 1
| #define HAVE_FCNTL_H 1
| #define HAVE_LIMITS_H 1
| #define HAVE_SYS_FILE_H 1
| #define HAVE_UNORDERED_MAP 1
| #define HAVE_TR1_UNORDERED_MAP 1
| #define HAVE_UNORDERED_SET 1
| #define HAVE_TR1_UNORDERED_SET 1
| #define HAVE_BUILTIN_POPCOUNT 1
| #define LINUX /**/
| #define HAVE_UNISTD_H 1
| #define UNIX /**/
| #define SIZEOF_CHAR 1
| #define SIZEOF_SHORT 2
| #define SIZEOF_INT 4
| #define SIZEOF_LONG 8
| #define SIZEOF_LONG_LONG 8
| #define SIZEOF_VOID_P 8
| #define SIZEOF_OFF_T 8
| #define LP64 /**/
| /* end confdefs.h.  */
| #include <stdio.h>
| #ifdef HAVE_SYS_TYPES_H
| # include <sys/types.h>
| #endif
| #ifdef HAVE_SYS_STAT_H
| # include <sys/stat.h>
| #endif
| #ifdef STDC_HEADERS
| # include <stdlib.h>
| # include <stddef.h>
| #else
| # ifdef HAVE_STDLIB_H
| #  include <stdlib.h>
| # endif
| #endif
| #ifdef HAVE_STRING_H
| # if !defined STDC_HEADERS && defined HAVE_MEMORY_H
| #  include <memory.h>
| # endif
| # include <string.h>
| #endif
| #ifdef HAVE_STRINGS_H
| # include <strings.h>
| #endif
| #ifdef HAVE_INTTYPES_H
| # include <inttypes.h>
| #endif
| #ifdef HAVE_STDINT_H
| # include <stdint.h>
| #endif
| #ifdef HAVE_UNISTD_H
| # include <unistd.h>
| #endif
| #include <zlib.h>
configure:6070: result: no
configure:6070: checking zlib.h presence
configure:6070: gcc -E -Wdate-time -D_FORTIFY_SOURCE=2 conftest.c
conftest.c:41:10: fatal error: 'zlib.h' file not found
#include <zlib.h>
         ^~~~~~~~
1 error generated.
configure:6070: $? = 1
configure: failed program was:
| /* confdefs.h */
| #define PACKAGE_NAME "FORM"
| #define PACKAGE_TARNAME "form"
| #define PACKAGE_VERSION "4.2"
| #define PACKAGE_STRING "FORM 4.2"
| #define PACKAGE_BUGREPORT "https://github.com/vermaseren/form/issues"
| #define PACKAGE_URL ""
| #define PACKAGE "form"
| #define VERSION "4.2"
| #define STDC_HEADERS 1
| #define TIME_WITH_SYS_TIME 1
| #define HAVE_SYS_TYPES_H 1
| #define HAVE_SYS_STAT_H 1
| #define HAVE_STDLIB_H 1
| #define HAVE_STRING_H 1
| #define HAVE_MEMORY_H 1
| #define HAVE_STRINGS_H 1
| #define HAVE_INTTYPES_H 1
| #define HAVE_STDINT_H 1
| #define HAVE_UNISTD_H 1
| #define HAVE_FCNTL_H 1
| #define HAVE_LIMITS_H 1
| #define HAVE_SYS_FILE_H 1
| #define HAVE_UNORDERED_MAP 1
| #define HAVE_TR1_UNORDERED_MAP 1
| #define HAVE_UNORDERED_SET 1
| #define HAVE_TR1_UNORDERED_SET 1
| #define HAVE_BUILTIN_POPCOUNT 1
| #define LINUX /**/
| #define HAVE_UNISTD_H 1
| #define UNIX /**/
| #define SIZEOF_CHAR 1
| #define SIZEOF_SHORT 2
| #define SIZEOF_INT 4
| #define SIZEOF_LONG 8
| #define SIZEOF_LONG_LONG 8
| #define SIZEOF_VOID_P 8
| #define SIZEOF_OFF_T 8
| #define LP64 /**/
| /* end confdefs.h.  */
| #include <zlib.h>
configure:6070: result: no
configure:6070: checking for zlib.h
configure:6070: result: no
configure:6135: zlib is not available
configure:6220: checking whether pthreads works without any flags
configure:6257: gcc -o conftest  -g -O2 -fdebug-prefix-map=/<<BUILDDIR>>/form-4.2.0+git20170914=. -fstack-protector-strong -Wformat -Werror=format-security -Wdate-time -D_FORTIFY_SOURCE=2 -Wl,-z,relro -Wl,-z,now conftest.c   >&5
/tmp/conftest-b8d11d.o: In function `main':
./conftest.c:51: undefined reference to `pthread_create'
./conftest.c:52: undefined reference to `pthread_condattr_setpshared'
clang: error: linker command failed with exit code 1 (use -v to see invocation)
configure:6257: $? = 1
configure: failed program was:
| /* confdefs.h */
| #define PACKAGE_NAME "FORM"
| #define PACKAGE_TARNAME "form"
| #define PACKAGE_VERSION "4.2"
| #define PACKAGE_STRING "FORM 4.2"
| #define PACKAGE_BUGREPORT "https://github.com/vermaseren/form/issues"
| #define PACKAGE_URL ""
| #define PACKAGE "form"
| #define VERSION "4.2"
| #define STDC_HEADERS 1
| #define TIME_WITH_SYS_TIME 1
| #define HAVE_SYS_TYPES_H 1
| #define HAVE_SYS_STAT_H 1
| #define HAVE_STDLIB_H 1
| #define HAVE_STRING_H 1
| #define HAVE_MEMORY_H 1
| #define HAVE_STRINGS_H 1
| #define HAVE_INTTYPES_H 1
| #define HAVE_STDINT_H 1
| #define HAVE_UNISTD_H 1
| #define HAVE_FCNTL_H 1
| #define HAVE_LIMITS_H 1
| #define HAVE_SYS_FILE_H 1
| #define HAVE_UNORDERED_MAP 1
| #define HAVE_TR1_UNORDERED_MAP 1
| #define HAVE_UNORDERED_SET 1
| #define HAVE_TR1_UNORDERED_SET 1
| #define HAVE_BUILTIN_POPCOUNT 1
| #define LINUX /**/
| #define HAVE_UNISTD_H 1
| #define UNIX /**/
| #define SIZEOF_CHAR 1
| #define SIZEOF_SHORT 2
| #define SIZEOF_INT 4
| #define SIZEOF_LONG 8
| #define SIZEOF_LONG_LONG 8
| #define SIZEOF_VOID_P 8
| #define SIZEOF_OFF_T 8
| #define LP64 /**/
| /* end confdefs.h.  */
| 
| #include <pthread.h>
| static void *start_routine(void *a) { return a; }
| 
| int
| main ()
| {
| 
| pthread_t th;
| pthread_condattr_t attr;
| pthread_create(&th, 0, start_routine, 0);
| pthread_condattr_setpshared(&attr, PTHREAD_PROCESS_PRIVATE);
| 
|   ;
|   return 0;
| }
configure:6264: result: no
configure:6224: checking whether pthreads works with -pthread
configure:6257: gcc -o conftest -pthread -g -O2 -fdebug-prefix-map=/<<BUILDDIR>>/form-4.2.0+git20170914=. -fstack-protector-strong -Wformat -Werror=format-security -Wdate-time -D_FORTIFY_SOURCE=2 -Wl,-z,relro -Wl,-z,now conftest.c   >&5
configure:6257: $? = 0
configure:6264: result: yes
configure:6279: checking for pthread_rwlock_t
configure:6308: gcc -c -g -O2 -fdebug-prefix-map=/<<BUILDDIR>>/form-4.2.0+git20170914=. -fstack-protector-strong -Wformat -Werror=format-security  -Wdate-time -D_FORTIFY_SOURCE=2 conftest.c >&5
configure:6308: $? = 0
configure:6313: result: yes
configure:6324: checking for the POSIX thread clock
configure:6344: gcc -c -g -O2 -fdebug-prefix-map=/<<BUILDDIR>>/form-4.2.0+git20170914=. -fstack-protector-strong -Wformat -Werror=format-security  -Wdate-time -D_FORTIFY_SOURCE=2 conftest.c >&5
configure:6344: $? = 0
configure:6351: result: yes
configure:6356: checking for library containing clock_gettime
configure:6387: gcc -o conftest -g -O2 -fdebug-prefix-map=/<<BUILDDIR>>/form-4.2.0+git20170914=. -fstack-protector-strong -Wformat -Werror=format-security -Wdate-time -D_FORTIFY_SOURCE=2 -Wl,-z,relro -Wl,-z,now conftest.c  >&5
configure:6387: $? = 0
configure:6404: result: none required
configure:6553: checking for mpicc
configure:6569: found /usr/bin/mpicc
configure:6580: result: mpicc
configure:6604: checking whether MPI works with mpicc
configure:6618: mpicc -o conftest -g -O2 -fdebug-prefix-map=/<<BUILDDIR>>/form-4.2.0+git20170914=. -fstack-protector-strong -Wformat -Werror=format-security -Wdate-time -D_FORTIFY_SOURCE=2 -Wl,-z,relro -Wl,-z,now conftest.c  >&5
conftest.c:44:10: fatal error: 'mpi.h' file not found
#include <mpi.h>
         ^~~~~~~
1 error generated.
configure:6618: $? = 1
configure: failed program was:
| /* confdefs.h */
| #define PACKAGE_NAME "FORM"
| #define PACKAGE_TARNAME "form"
| #define PACKAGE_VERSION "4.2"
| #define PACKAGE_STRING "FORM 4.2"
| #define PACKAGE_BUGREPORT "https://github.com/vermaseren/form/issues"
| #define PACKAGE_URL ""
| #define PACKAGE "form"
| #define VERSION "4.2"
| #define STDC_HEADERS 1
| #define TIME_WITH_SYS_TIME 1
| #define HAVE_SYS_TYPES_H 1
| #define HAVE_SYS_STAT_H 1
| #define HAVE_STDLIB_H 1
| #define HAVE_STRING_H 1
| #define HAVE_MEMORY_H 1
| #define HAVE_STRINGS_H 1
| #define HAVE_INTTYPES_H 1
| #define HAVE_STDINT_H 1
| #define HAVE_UNISTD_H 1
| #define HAVE_FCNTL_H 1
| #define HAVE_LIMITS_H 1
| #define HAVE_SYS_FILE_H 1
| #define HAVE_UNORDERED_MAP 1
| #define HAVE_TR1_UNORDERED_MAP 1
| #define HAVE_UNORDERED_SET 1
| #define HAVE_TR1_UNORDERED_SET 1
| #define HAVE_BUILTIN_POPCOUNT 1
| #define LINUX /**/
| #define HAVE_UNISTD_H 1
| #define UNIX /**/
| #define SIZEOF_CHAR 1
| #define SIZEOF_SHORT 2
| #define SIZEOF_INT 4
| #define SIZEOF_LONG 8
| #define SIZEOF_LONG_LONG 8
| #define SIZEOF_VOID_P 8
| #define SIZEOF_OFF_T 8
| #define LP64 /**/
| #ifdef WITHPTHREADS
| #define WITHPOSIXCLOCK /**/
| #endif
| /* end confdefs.h.  */
| #include <mpi.h>
| int main(int argc, char **argv) {
| 	int rank, size;
| 	MPI_Init(&argc, &argv);
| 	MPI_Comm_rank(MPI_COMM_WORLD, &rank);
| 	MPI_Comm_rank(MPI_COMM_WORLD, &rank);
| 	MPI_Finalize();
| 	return 0;
| }
configure:6678: result: no
configure:6911: error: in `/<<BUILDDIR>>/form-4.2.0+git20170914':
configure:6913: error: test for parform failed. Give --disable-parform if you do not need to build parform
See `config.log' for more details

## ---------------- ##
## Cache variables. ##
## ---------------- ##

ac_cv_build=x86_64-pc-linux-gnu
ac_cv_c_compiler_gnu=yes
ac_cv_c_inline=inline
ac_cv_cxx_compiler_gnu=yes
ac_cv_env_CCC_set=
ac_cv_env_CCC_value=
ac_cv_env_CC_set=
ac_cv_env_CC_value=
ac_cv_env_CFLAGS_set=set
ac_cv_env_CFLAGS_value='-g -O2 -fdebug-prefix-map=/<<BUILDDIR>>/form-4.2.0+git20170914=. -fstack-protector-strong -Wformat -Werror=format-security'
ac_cv_env_COMPILEFLAGS_set=
ac_cv_env_COMPILEFLAGS_value=
ac_cv_env_CPPFLAGS_set=set
ac_cv_env_CPPFLAGS_value='-Wdate-time -D_FORTIFY_SOURCE=2'
ac_cv_env_CPP_set=
ac_cv_env_CPP_value=
ac_cv_env_CXXCPP_set=
ac_cv_env_CXXCPP_value=
ac_cv_env_CXXFLAGS_set=set
ac_cv_env_CXXFLAGS_value='-g -O2 -fdebug-prefix-map=/<<BUILDDIR>>/form-4.2.0+git20170914=. -fstack-protector-strong -Wformat -Werror=format-security'
ac_cv_env_CXX_set=
ac_cv_env_CXX_value=
ac_cv_env_DEBUGCOMPILEFLAGS_set=
ac_cv_env_DEBUGCOMPILEFLAGS_value=
ac_cv_env_DEBUGLINKFLAGS_set=
ac_cv_env_DEBUGLINKFLAGS_value=
ac_cv_env_LDFLAGS_set=set
ac_cv_env_LDFLAGS_value='-Wl,-z,relro -Wl,-z,now'
ac_cv_env_LIBS_set=
ac_cv_env_LIBS_value=
ac_cv_env_LINKFLAGS_set=
ac_cv_env_LINKFLAGS_value=
ac_cv_env_MPICC_set=
ac_cv_env_MPICC_value=
ac_cv_env_MPICXX_set=
ac_cv_env_MPICXX_value=
ac_cv_env_build_alias_set=set
ac_cv_env_build_alias_value=x86_64-linux-gnu
ac_cv_env_host_alias_set=
ac_cv_env_host_alias_value=
ac_cv_env_target_alias_set=
ac_cv_env_target_alias_value=
ac_cv_header_boost_unordered_map_hpp=no
ac_cv_header_boost_unordered_set_hpp=no
ac_cv_header_fcntl_h=yes
ac_cv_header_gmp_h=no
ac_cv_header_inttypes_h=yes
ac_cv_header_limits_h=yes
ac_cv_header_memory_h=yes
ac_cv_header_stdc=yes
ac_cv_header_stdint_h=yes
ac_cv_header_stdlib_h=yes
ac_cv_header_string_h=yes
ac_cv_header_strings_h=yes
ac_cv_header_sys_file_h=yes
ac_cv_header_sys_stat_h=yes
ac_cv_header_sys_types_h=yes
ac_cv_header_time=yes
ac_cv_header_tr1_unordered_map=yes
ac_cv_header_tr1_unordered_set=yes
ac_cv_header_unistd_h=yes
ac_cv_header_unordered_map=yes
ac_cv_header_unordered_set=yes
ac_cv_header_zlib_h=no
ac_cv_host=x86_64-pc-linux-gnu
ac_cv_objext=o
ac_cv_path_EGREP='/bin/grep -E'
ac_cv_path_GREP=/bin/grep
ac_cv_path_install='/usr/bin/install -c'
ac_cv_path_mkdir=/bin/mkdir
ac_cv_prog_AWK=mawk
ac_cv_prog_CPP='gcc -E'
ac_cv_prog_CXXCPP='g++ -E'
ac_cv_prog_MPICC=mpicc
ac_cv_prog_ac_ct_CC=gcc
ac_cv_prog_ac_ct_CXX=g++
ac_cv_prog_cc_c89=
ac_cv_prog_cc_g=yes
ac_cv_prog_cxx_g=yes
ac_cv_prog_make_make_set=yes
ac_cv_search_clock_gettime='none required'
ac_cv_sizeof_LONG=8
ac_cv_sizeof_WORD=4
ac_cv_sizeof_char=1
ac_cv_sizeof_int=4
ac_cv_sizeof_long=8
ac_cv_sizeof_long_long=8
ac_cv_sizeof_off_t=8
ac_cv_sizeof_short=2
ac_cv_sizeof_void_p=8
ac_cv_sys_file_offset_bits=no
ac_cv_sys_largefile_CC=no
am_cv_CC_dependencies_compiler_type=none
am_cv_CXX_dependencies_compiler_type=none
am_cv_make_support_nested_variables=yes
am_cv_prog_cc_c_o=yes

## ----------------- ##
## Output variables. ##
## ----------------- ##

ACLOCAL='${SHELL} /<<BUILDDIR>>/form-4.2.0+git20170914/build-aux/missing aclocal-1.15'
AMDEPBACKSLASH=''
AMDEP_FALSE=''
AMDEP_TRUE='#'
AMTAR='$${TAR-tar}'
AM_BACKSLASH='\'
AM_DEFAULT_V='$(AM_DEFAULT_VERBOSITY)'
AM_DEFAULT_VERBOSITY='1'
AM_V='$(V)'
AUTOCONF='${SHELL} /<<BUILDDIR>>/form-4.2.0+git20170914/build-aux/missing autoconf'
AUTOHEADER='${SHELL} /<<BUILDDIR>>/form-4.2.0+git20170914/build-aux/missing autoheader'
AUTOMAKE='${SHELL} /<<BUILDDIR>>/form-4.2.0+git20170914/build-aux/missing automake-1.15'
AUTOMAKE_GE_110_FALSE='#'
AUTOMAKE_GE_110_TRUE=''
AWK='mawk'
BUILD_FORM_FALSE='#'
BUILD_FORM_TRUE=''
BUILD_PARFORM_FALSE=''
BUILD_PARFORM_TRUE=''
BUILD_PARVORM_FALSE=''
BUILD_PARVORM_TRUE=''
BUILD_TFORM_FALSE='#'
BUILD_TFORM_TRUE=''
BUILD_TVORM_FALSE=''
BUILD_TVORM_TRUE='#'
BUILD_VORM_FALSE=''
BUILD_VORM_TRUE='#'
CC='gcc'
CCDEPMODE='depmode=none'
CFLAGS='-g -O2 -fdebug-prefix-map=/<<BUILDDIR>>/form-4.2.0+git20170914=. -fstack-protector-strong -Wformat -Werror=format-security'
COMPILEFLAGS=''
CONFIG_DOXYGEN_FALSE=''
CONFIG_DOXYGEN_TRUE=''
CONFIG_HTLATEX_FALSE=''
CONFIG_HTLATEX_TRUE=''
CONFIG_LATEX2HTML_FALSE=''
CONFIG_LATEX2HTML_TRUE=''
CONFIG_MAKEINDEX_FALSE=''
CONFIG_MAKEINDEX_TRUE=''
CONFIG_PDF_FALSE=''
CONFIG_PDF_TRUE=''
CONFIG_PS_FALSE=''
CONFIG_PS_TRUE=''
CONFIG_RUBY_FALSE=''
CONFIG_RUBY_TRUE=''
CONFIG_TEX_FALSE=''
CONFIG_TEX_TRUE=''
CPP='gcc -E'
CPPFLAGS='-Wdate-time -D_FORTIFY_SOURCE=2'
CXX='g++'
CXXCPP='g++ -E'
CXXDEPMODE='depmode=none'
CXXFLAGS='-g -O2 -fdebug-prefix-map=/<<BUILDDIR>>/form-4.2.0+git20170914=. -fstack-protector-strong -Wformat -Werror=format-security'
CYGPATH_W='echo'
DEBUGCOMPILEFLAGS=''
DEBUGLINKFLAGS=''
DEFS=''
DEPDIR='.deps'
DOXYGEN=''
DVIPS=''
ECHO_C=''
ECHO_N='-n'
ECHO_T=''
EGREP='/bin/grep -E'
EXEEXT=''
FIXED_VERSION_FALSE='#'
FIXED_VERSION_TRUE=''
GREP='/bin/grep'
HTLATEX=''
INSTALL_DATA='${INSTALL} -m 644'
INSTALL_PROGRAM='${INSTALL}'
INSTALL_SCRIPT='${INSTALL}'
INSTALL_STRIP_PROGRAM='$(install_sh) -c -s'
LATEX2HTML=''
LATEX=''
LDFLAGS='-Wl,-z,relro -Wl,-z,now'
LIBOBJS=''
LIBS=''
LINKFLAGS=''
LN_S='ln -s'
LTLIBOBJS=''
MAKEINDEX=''
MAKEINFO='${SHELL} /<<BUILDDIR>>/form-4.2.0+git20170914/build-aux/missing makeinfo'
MKDIR_P='/bin/mkdir -p'
MPICC=''
MPICXX=''
MPI_CFLAGS=''
MPI_CPPFLAGS=''
MPI_CXXFLAGS=''
MPI_STATIC_LDFLAGS=''
OBJEXT='o'
ONUNIX_FALSE='#'
ONUNIX_TRUE=''
ONWINDOWS_FALSE=''
ONWINDOWS_TRUE='#'
PACKAGE='form'
PACKAGE_BUGREPORT='https://github.com/vermaseren/form/issues'
PACKAGE_NAME='FORM'
PACKAGE_STRING='FORM 4.2'
PACKAGE_TARNAME='form'
PACKAGE_URL=''
PACKAGE_VERSION='4.2'
PATH_SEPARATOR=':'
PDFLATEX=''
PTHREAD_CFLAGS='-pthread'
PTHREAD_CPPFLAGS=''
PTHREAD_LIBS=''
RUBY=''
SET_MAKE=''
SHELL='/bin/bash'
STATIC_LDFLAGS=''
STRIP=''
VERSION='4.2'
ac_ct_CC='gcc'
ac_ct_CXX='g++'
am__EXEEXT_FALSE=''
am__EXEEXT_TRUE=''
am__fastdepCC_FALSE=''
am__fastdepCC_TRUE='#'
am__fastdepCXX_FALSE=''
am__fastdepCXX_TRUE='#'
am__include='include'
am__isrc=''
am__leading_dot='.'
am__nodep=''
am__quote=''
am__tar='$${TAR-tar} chof - "$$tardir"'
am__untar='$${TAR-tar} xf -'
bindir='${exec_prefix}/bin'
build='x86_64-pc-linux-gnu'
build_alias='x86_64-linux-gnu'
build_cpu='x86_64'
build_os='linux-gnu'
build_vendor='pc'
datadir='${datarootdir}'
datarootdir='${prefix}/share'
docdir='${datarootdir}/doc/${PACKAGE_TARNAME}'
dvidir='${docdir}'
exec_prefix='NONE'
host='x86_64-pc-linux-gnu'
host_alias=''
host_cpu='x86_64'
host_os='linux-gnu'
host_vendor='pc'
htmldir='${docdir}'
includedir='${prefix}/include'
infodir='${prefix}/share/info'
install_sh='${SHELL} /<<BUILDDIR>>/form-4.2.0+git20170914/build-aux/install-sh'
libdir='${prefix}/lib/x86_64-linux-gnu'
libexecdir='${prefix}/lib/x86_64-linux-gnu'
localedir='${datarootdir}/locale'
localstatedir='/var'
mandir='${prefix}/share/man'
mkdir_p='$(MKDIR_P)'
oldincludedir='/usr/include'
pdfdir='${docdir}'
prefix='/usr'
program_transform_name='s,x,x,'
psdir='${docdir}'
runstatedir='${localstatedir}/run'
sbindir='${exec_prefix}/sbin'
sharedstatedir='${prefix}/com'
sysconfdir='/etc'
target_alias=''

## ----------- ##
## confdefs.h. ##
## ----------- ##

/* confdefs.h */
#define PACKAGE_NAME "FORM"
#define PACKAGE_TARNAME "form"
#define PACKAGE_VERSION "4.2"
#define PACKAGE_STRING "FORM 4.2"
#define PACKAGE_BUGREPORT "https://github.com/vermaseren/form/issues"
#define PACKAGE_URL ""
#define PACKAGE "form"
#define VERSION "4.2"
#define STDC_HEADERS 1
#define TIME_WITH_SYS_TIME 1
#define HAVE_SYS_TYPES_H 1
#define HAVE_SYS_STAT_H 1
#define HAVE_STDLIB_H 1
#define HAVE_STRING_H 1
#define HAVE_MEMORY_H 1
#define HAVE_STRINGS_H 1
#define HAVE_INTTYPES_H 1
#define HAVE_STDINT_H 1
#define HAVE_UNISTD_H 1
#define HAVE_FCNTL_H 1
#define HAVE_LIMITS_H 1
#define HAVE_SYS_FILE_H 1
#define HAVE_UNORDERED_MAP 1
#define HAVE_TR1_UNORDERED_MAP 1
#define HAVE_UNORDERED_SET 1
#define HAVE_TR1_UNORDERED_SET 1
#define HAVE_BUILTIN_POPCOUNT 1
#define LINUX /**/
#define HAVE_UNISTD_H 1
#define UNIX /**/
#define SIZEOF_CHAR 1
#define SIZEOF_SHORT 2
#define SIZEOF_INT 4
#define SIZEOF_LONG 8
#define SIZEOF_LONG_LONG 8
#define SIZEOF_VOID_P 8
#define SIZEOF_OFF_T 8
#define LP64 /**/
#ifdef WITHPTHREADS
#define WITHPOSIXCLOCK /**/
#endif

configure: exit 1
dh_auto_configure: ./configure --build=x86_64-linux-gnu --prefix=/usr --includedir=\${prefix}/include --mandir=\${prefix}/share/man --infodir=\${prefix}/share/info --sysconfdir=/etc --localstatedir=/var --disable-silent-rules --libdir=\${prefix}/lib/x86_64-linux-gnu --libexecdir=\${prefix}/lib/x86_64-linux-gnu --disable-maintainer-mode --disable-dependency-tracking --enable-parform returned exit code 1
make[1]: *** [debian/rules:13: override_dh_auto_configure] Error 2
make[1]: Leaving directory '/<<BUILDDIR>>/form-4.2.0+git20170914'
make: *** [debian/rules:10: build-arch] Error 2
dpkg-buildpackage: error: debian/rules build-arch subprocess returned exit status 2
--------------------------------------------------------------------------------
Build finished at 2018-05-02T13:19:15Z

Finished
--------


+------------------------------------------------------------------------------+
| Cleanup                                                                      |
+------------------------------------------------------------------------------+

Purging /<<BUILDDIR>>
Not cleaning session: cloned chroot in use
E: Build failure (dpkg-buildpackage died)

+------------------------------------------------------------------------------+
| Summary                                                                      |
+------------------------------------------------------------------------------+

Build Architecture: amd64
Build Type: any
Build-Space: 7380
Build-Time: 10
Distribution: unstable
Fail-Stage: build
Host Architecture: amd64
Install-Time: 22
Job: form_4.2.0+git20170914-1
Machine Architecture: amd64
Package: form
Package-Time: 46
Source-Version: 4.2.0+git20170914-1
Space: 7380
Status: attempted
Version: 4.2.0+git20170914-1
--------------------------------------------------------------------------------
Finished at 2018-05-02T13:19:15Z
Build needed 00:00:46, 7380k disk space
E: Build failure (dpkg-buildpackage died)
DC-Status: Failed 46.874277138s
