DC-Build-Header: gorm.app 1.2.23-1 / 2018-05-02 13:17:07 +0000
DC-Task: type:rebuild-binarch-only source:gorm.app version:1.2.23-1 chroot:unstable esttime:77 logfile:/tmp/gorm.app_1.2.23-1_unstable_clang60.log modes:clang60:binarch-only
DC-Sbuild-call: su user42 -c 'sbuild -n --arch-any --apt-update -d unstable -v  --chroot-setup-commands=/tmp/clang60 gorm.app_1.2.23-1'
sbuild (Debian sbuild) 0.73.0 (23 Dec 2016) on ip-172-31-11-92.eu-central-1.compute.internal

+==============================================================================+
| gorm.app 1.2.23-1 (amd64)                    Wed, 02 May 2018 13:17:07 +0000 |
+==============================================================================+

Package: gorm.app
Version: 1.2.23-1
Source Version: 1.2.23-1
Distribution: unstable
Machine Architecture: amd64
Host Architecture: amd64
Build Architecture: amd64
Build Type: any

I: NOTICE: Log filtering will replace 'var/run/schroot/mount/unstable-amd64-sbuild-063d3d3a-0443-47be-8af3-2fa3e4b8a78f' with '<<CHROOT>>'

+------------------------------------------------------------------------------+
| Chroot Setup Commands                                                        |
+------------------------------------------------------------------------------+


/tmp/clang60
------------

+ echo 'Entering customization script...'
Entering customization script...
+ CLANG_VERSION=6.0
+ echo 'Install of clang-6.0'
Install of clang-6.0
+ apt-get update
Get:1 http://127.0.0.1:9999/debian unstable InRelease [242 kB]
Get:2 http://127.0.0.1:9999/debian unstable/main Sources.diff/Index [27.9 kB]
Get:3 http://127.0.0.1:9999/debian unstable/main amd64 Packages.diff/Index [27.9 kB]
Get:4 http://127.0.0.1:9999/debian unstable/main Sources 2018-05-02-0830.09.pdiff [16.2 kB]
Get:4 http://127.0.0.1:9999/debian unstable/main Sources 2018-05-02-0830.09.pdiff [16.2 kB]
Get:5 http://127.0.0.1:9999/debian unstable/main amd64 Packages 2018-05-02-0830.09.pdiff [1781 B]
Get:5 http://127.0.0.1:9999/debian unstable/main amd64 Packages 2018-05-02-0830.09.pdiff [1781 B]
Get:6 http://127.0.0.1:9999/debian unstable/main Translation-en [6016 kB]
Fetched 6332 kB in 2s (3513 kB/s)
Reading package lists...
+ apt-get install --yes --no-install-recommends --force-yes clang-6.0
Reading package lists...
Building dependency tree...
Reading state information...
The following additional packages will be installed:
  lib32gcc1 lib32stdc++6 libbsd0 libc6-i386 libclang-common-6.0-dev
  libclang1-6.0 libedit2 libjsoncpp1 libllvm6.0 libncurses5 libobjc-7-dev
  libobjc4
Suggested packages:
  gnustep gnustep-devel clang-6.0-doc
Recommended packages:
  llvm-6.0-dev python libomp-dev libgpm2
The following NEW packages will be installed:
  clang-6.0 lib32gcc1 lib32stdc++6 libbsd0 libc6-i386 libclang-common-6.0-dev
  libclang1-6.0 libedit2 libjsoncpp1 libllvm6.0 libncurses5 libobjc-7-dev
  libobjc4
0 upgraded, 13 newly installed, 0 to remove and 0 not upgraded.
Need to get 37.7 MB of archives.
After this operation, 187 MB of additional disk space will be used.
Get:1 http://127.0.0.1:9999/debian unstable/main amd64 libjsoncpp1 amd64 1.7.4-3 [75.6 kB]
Get:2 http://127.0.0.1:9999/debian unstable/main amd64 libbsd0 amd64 0.8.7-1 [92.1 kB]
Get:3 http://127.0.0.1:9999/debian unstable/main amd64 libncurses5 amd64 6.1+20180210-2 [95.7 kB]
Get:4 http://127.0.0.1:9999/debian unstable/main amd64 libedit2 amd64 3.1-20170329-1 [85.2 kB]
Get:5 http://127.0.0.1:9999/debian unstable/main amd64 libllvm6.0 amd64 1:6.0-3 [14.5 MB]
Get:6 http://127.0.0.1:9999/debian unstable/main amd64 libobjc4 amd64 8-20180425-1 [52.4 kB]
Get:7 http://127.0.0.1:9999/debian unstable/main amd64 libobjc-7-dev amd64 7.3.0-17 [204 kB]
Get:8 http://127.0.0.1:9999/debian unstable/main amd64 libc6-i386 amd64 2.27-3 [2855 kB]
Get:9 http://127.0.0.1:9999/debian unstable/main amd64 lib32gcc1 amd64 1:8-20180425-1 [47.8 kB]
Get:10 http://127.0.0.1:9999/debian unstable/main amd64 lib32stdc++6 amd64 8-20180425-1 [406 kB]
Get:11 http://127.0.0.1:9999/debian unstable/main amd64 libclang-common-6.0-dev amd64 1:6.0-3 [3102 kB]
Get:12 http://127.0.0.1:9999/debian unstable/main amd64 libclang1-6.0 amd64 1:6.0-3 [6995 kB]
Get:13 http://127.0.0.1:9999/debian unstable/main amd64 clang-6.0 amd64 1:6.0-3 [9175 kB]
debconf: delaying package configuration, since apt-utils is not installed
Fetched 37.7 MB in 0s (95.9 MB/s)
Selecting previously unselected package libjsoncpp1:amd64.
(Reading database ... (Reading database ... 5%(Reading database ... 10%(Reading database ... 15%(Reading database ... 20%(Reading database ... 25%(Reading database ... 30%(Reading database ... 35%(Reading database ... 40%(Reading database ... 45%(Reading database ... 50%(Reading database ... 55%(Reading database ... 60%(Reading database ... 65%(Reading database ... 70%(Reading database ... 75%(Reading database ... 80%(Reading database ... 85%(Reading database ... 90%(Reading database ... 95%(Reading database ... 100%(Reading database ... 10022 files and directories currently installed.)
Preparing to unpack .../00-libjsoncpp1_1.7.4-3_amd64.deb ...
Unpacking libjsoncpp1:amd64 (1.7.4-3) ...
Selecting previously unselected package libbsd0:amd64.
Preparing to unpack .../01-libbsd0_0.8.7-1_amd64.deb ...
Unpacking libbsd0:amd64 (0.8.7-1) ...
Selecting previously unselected package libncurses5:amd64.
Preparing to unpack .../02-libncurses5_6.1+20180210-2_amd64.deb ...
Unpacking libncurses5:amd64 (6.1+20180210-2) ...
Selecting previously unselected package libedit2:amd64.
Preparing to unpack .../03-libedit2_3.1-20170329-1_amd64.deb ...
Unpacking libedit2:amd64 (3.1-20170329-1) ...
Selecting previously unselected package libllvm6.0:amd64.
Preparing to unpack .../04-libllvm6.0_1%3a6.0-3_amd64.deb ...
Unpacking libllvm6.0:amd64 (1:6.0-3) ...
Selecting previously unselected package libobjc4:amd64.
Preparing to unpack .../05-libobjc4_8-20180425-1_amd64.deb ...
Unpacking libobjc4:amd64 (8-20180425-1) ...
Selecting previously unselected package libobjc-7-dev:amd64.
Preparing to unpack .../06-libobjc-7-dev_7.3.0-17_amd64.deb ...
Unpacking libobjc-7-dev:amd64 (7.3.0-17) ...
Selecting previously unselected package libc6-i386.
Preparing to unpack .../07-libc6-i386_2.27-3_amd64.deb ...
Unpacking libc6-i386 (2.27-3) ...
Selecting previously unselected package lib32gcc1.
Preparing to unpack .../08-lib32gcc1_1%3a8-20180425-1_amd64.deb ...
Unpacking lib32gcc1 (1:8-20180425-1) ...
Selecting previously unselected package lib32stdc++6.
Preparing to unpack .../09-lib32stdc++6_8-20180425-1_amd64.deb ...
Unpacking lib32stdc++6 (8-20180425-1) ...
Selecting previously unselected package libclang-common-6.0-dev.
Preparing to unpack .../10-libclang-common-6.0-dev_1%3a6.0-3_amd64.deb ...
Unpacking libclang-common-6.0-dev (1:6.0-3) ...
Selecting previously unselected package libclang1-6.0:amd64.
Preparing to unpack .../11-libclang1-6.0_1%3a6.0-3_amd64.deb ...
Unpacking libclang1-6.0:amd64 (1:6.0-3) ...
Selecting previously unselected package clang-6.0.
Preparing to unpack .../12-clang-6.0_1%3a6.0-3_amd64.deb ...
Unpacking clang-6.0 (1:6.0-3) ...
Setting up libncurses5:amd64 (6.1+20180210-2) ...
Setting up libobjc4:amd64 (8-20180425-1) ...
Setting up libc6-i386 (2.27-3) ...
Setting up libbsd0:amd64 (0.8.7-1) ...
Setting up libobjc-7-dev:amd64 (7.3.0-17) ...
Processing triggers for libc-bin (2.27-3) ...
Setting up lib32gcc1 (1:8-20180425-1) ...
Setting up libjsoncpp1:amd64 (1.7.4-3) ...
Setting up libedit2:amd64 (3.1-20170329-1) ...
Setting up libllvm6.0:amd64 (1:6.0-3) ...
Setting up libclang1-6.0:amd64 (1:6.0-3) ...
Setting up lib32stdc++6 (8-20180425-1) ...
Setting up libclang-common-6.0-dev (1:6.0-3) ...
Setting up clang-6.0 (1:6.0-3) ...
Processing triggers for libc-bin (2.27-3) ...
W: --force-yes is deprecated, use one of the options starting with --allow instead.
+ echo 'Replace gcc, g++ & cpp by clang'
Replace gcc, g++ & cpp by clang
+ VERSIONS='4.6 4.7 4.8 4.9 5 6 7 8'
+ cd /usr/bin
+ for VERSION in $VERSIONS
+ rm -f g++-4.6 gcc-4.6 cpp-4.6 gcc
+ ln -s clang++-6.0 g++-4.6
+ ln -s clang-6.0 gcc-4.6
+ ln -s clang-6.0 cpp-4.6
+ ln -s clang-6.0 gcc
+ echo 'gcc-4.6 hold'
+ dpkg --set-selections
dpkg: warning: package not in status nor available database at line 1: gcc-4.6
dpkg: warning: found unknown packages; this might mean the available database
is outdated, and needs to be updated through a frontend method;
please see the FAQ <https://wiki.debian.org/Teams/Dpkg/FAQ>
+ echo 'g++-4.6 hold'
+ dpkg --set-selections
dpkg: warning: package not in status nor available database at line 1: g++-4.6
dpkg: warning: found unknown packages; this might mean the available database
is outdated, and needs to be updated through a frontend method;
please see the FAQ <https://wiki.debian.org/Teams/Dpkg/FAQ>
+ for VERSION in $VERSIONS
+ rm -f g++-4.7 gcc-4.7 cpp-4.7 gcc
+ ln -s clang++-6.0 g++-4.7
+ ln -s clang-6.0 gcc-4.7
+ ln -s clang-6.0 cpp-4.7
+ ln -s clang-6.0 gcc
+ echo 'gcc-4.7 hold'
+ dpkg --set-selections
dpkg: warning: package not in status nor available database at line 1: gcc-4.7
dpkg: warning: found unknown packages; this might mean the available database
is outdated, and needs to be updated through a frontend method;
please see the FAQ <https://wiki.debian.org/Teams/Dpkg/FAQ>
+ echo 'g++-4.7 hold'
+ dpkg --set-selections
dpkg: warning: package not in status nor available database at line 1: g++-4.7
dpkg: warning: found unknown packages; this might mean the available database
is outdated, and needs to be updated through a frontend method;
please see the FAQ <https://wiki.debian.org/Teams/Dpkg/FAQ>
+ for VERSION in $VERSIONS
+ rm -f g++-4.8 gcc-4.8 cpp-4.8 gcc
+ ln -s clang++-6.0 g++-4.8
+ ln -s clang-6.0 gcc-4.8
+ ln -s clang-6.0 cpp-4.8
+ ln -s clang-6.0 gcc
+ echo 'gcc-4.8 hold'
+ dpkg --set-selections
dpkg: warning: package not in status nor available database at line 1: gcc-4.8
dpkg: warning: found unknown packages; this might mean the available database
is outdated, and needs to be updated through a frontend method;
please see the FAQ <https://wiki.debian.org/Teams/Dpkg/FAQ>
+ echo 'g++-4.8 hold'
+ dpkg --set-selections
dpkg: warning: package not in status nor available database at line 1: g++-4.8
dpkg: warning: found unknown packages; this might mean the available database
is outdated, and needs to be updated through a frontend method;
please see the FAQ <https://wiki.debian.org/Teams/Dpkg/FAQ>
+ for VERSION in $VERSIONS
+ rm -f g++-4.9 gcc-4.9 cpp-4.9 gcc
+ ln -s clang++-6.0 g++-4.9
+ ln -s clang-6.0 gcc-4.9
+ ln -s clang-6.0 cpp-4.9
+ ln -s clang-6.0 gcc
+ echo 'gcc-4.9 hold'
+ dpkg --set-selections
dpkg: warning: package not in status nor available database at line 1: gcc-4.9
dpkg: warning: found unknown packages; this might mean the available database
is outdated, and needs to be updated through a frontend method;
please see the FAQ <https://wiki.debian.org/Teams/Dpkg/FAQ>
+ echo 'g++-4.9 hold'
+ dpkg --set-selections
dpkg: warning: package not in status nor available database at line 1: g++-4.9
dpkg: warning: found unknown packages; this might mean the available database
is outdated, and needs to be updated through a frontend method;
please see the FAQ <https://wiki.debian.org/Teams/Dpkg/FAQ>
+ for VERSION in $VERSIONS
+ rm -f g++-5 gcc-5 cpp-5 gcc
+ ln -s clang++-6.0 g++-5
+ ln -s clang-6.0 gcc-5
+ ln -s clang-6.0 cpp-5
+ ln -s clang-6.0 gcc
+ echo 'gcc-5 hold'
+ dpkg --set-selections
+ echo 'g++-5 hold'
+ dpkg --set-selections
+ for VERSION in $VERSIONS
+ rm -f g++-6 gcc-6 cpp-6 gcc
+ ln -s clang++-6.0 g++-6
+ ln -s clang-6.0 gcc-6
+ ln -s clang-6.0 cpp-6
+ ln -s clang-6.0 gcc
+ echo 'gcc-6 hold'
+ dpkg --set-selections
dpkg: warning: package not in status nor available database at line 1: gcc-6
dpkg: warning: found unknown packages; this might mean the available database
is outdated, and needs to be updated through a frontend method;
please see the FAQ <https://wiki.debian.org/Teams/Dpkg/FAQ>
+ echo 'g++-6 hold'
+ dpkg --set-selections
dpkg: warning: package not in status nor available database at line 1: g++-6
dpkg: warning: found unknown packages; this might mean the available database
is outdated, and needs to be updated through a frontend method;
please see the FAQ <https://wiki.debian.org/Teams/Dpkg/FAQ>
+ for VERSION in $VERSIONS
+ rm -f g++-7 gcc-7 cpp-7 gcc
+ ln -s clang++-6.0 g++-7
+ ln -s clang-6.0 gcc-7
+ ln -s clang-6.0 cpp-7
+ ln -s clang-6.0 gcc
+ echo 'gcc-7 hold'
+ dpkg --set-selections
+ echo 'g++-7 hold'
+ dpkg --set-selections
+ for VERSION in $VERSIONS
+ rm -f g++-8 gcc-8 cpp-8 gcc
+ ln -s clang++-6.0 g++-8
+ ln -s clang-6.0 gcc-8
+ ln -s clang-6.0 cpp-8
+ ln -s clang-6.0 gcc
+ echo 'gcc-8 hold'
+ dpkg --set-selections
dpkg: warning: package not in status nor available database at line 1: gcc-8
dpkg: warning: found unknown packages; this might mean the available database
is outdated, and needs to be updated through a frontend method;
please see the FAQ <https://wiki.debian.org/Teams/Dpkg/FAQ>
+ echo 'g++-8 hold'
+ dpkg --set-selections
dpkg: warning: package not in status nor available database at line 1: g++-8
dpkg: warning: found unknown packages; this might mean the available database
is outdated, and needs to be updated through a frontend method;
please see the FAQ <https://wiki.debian.org/Teams/Dpkg/FAQ>
+ cd -
/build/gorm.app-pxPF1r
+ echo 'Check if gcc, g++ & cpp are actually clang'
Check if gcc, g++ & cpp are actually clang
+ gcc --version
+ grep clang
+ cpp --version
+ grep clang
+ g++ --version
+ grep clang

I: Finished running '/tmp/clang60'.

Finished processing commands.
--------------------------------------------------------------------------------

+------------------------------------------------------------------------------+
| Update chroot                                                                |
+------------------------------------------------------------------------------+

Hit:1 http://127.0.0.1:9999/debian unstable InRelease
Reading package lists...
Reading package lists...
Building dependency tree...
Reading state information...
Calculating upgrade...
0 upgraded, 0 newly installed, 0 to remove and 0 not upgraded.

+------------------------------------------------------------------------------+
| Fetch source files                                                           |
+------------------------------------------------------------------------------+


Check APT
---------

Checking available source versions...

Download source files with APT
------------------------------

Reading package lists...
NOTICE: 'gorm.app' packaging is maintained in the 'Git' version control system at:
https://anonscm.debian.org/git/pkg-gnustep/gorm.app.git
Please use:
git clone https://anonscm.debian.org/git/pkg-gnustep/gorm.app.git
to retrieve the latest (possibly unreleased) updates to the package.
Need to get 707 kB of source archives.
Get:1 http://127.0.0.1:9999/debian unstable/main gorm.app 1.2.23-1 (dsc) [2192 B]
Get:2 http://127.0.0.1:9999/debian unstable/main gorm.app 1.2.23-1 (tar) [696 kB]
Get:3 http://127.0.0.1:9999/debian unstable/main gorm.app 1.2.23-1 (diff) [8968 B]
Fetched 707 kB in 0s (5071 kB/s)
Download complete and in download only mode
I: NOTICE: Log filtering will replace 'build/gorm.app-pxPF1r/gorm.app-1.2.23' with '<<PKGBUILDDIR>>'
I: NOTICE: Log filtering will replace 'build/gorm.app-pxPF1r' with '<<BUILDDIR>>'

+------------------------------------------------------------------------------+
| Install build-essential                                                      |
+------------------------------------------------------------------------------+


Setup apt archive
-----------------

Merged Build-Depends: build-essential, fakeroot
Filtered Build-Depends: build-essential, fakeroot
dpkg-deb: building package 'sbuild-build-depends-core-dummy' in '/<<BUILDDIR>>/resolver-bA8bjr/apt_archive/sbuild-build-depends-core-dummy.deb'.
dpkg-scanpackages: warning: Packages in archive but missing from override file:
dpkg-scanpackages: warning:   sbuild-build-depends-core-dummy
dpkg-scanpackages: info: Wrote 1 entries to output Packages file.
Ign:1 copy:/<<BUILDDIR>>/resolver-bA8bjr/apt_archive ./ InRelease
Get:2 copy:/<<BUILDDIR>>/resolver-bA8bjr/apt_archive ./ Release [957 B]
Ign:3 copy:/<<BUILDDIR>>/resolver-bA8bjr/apt_archive ./ Release.gpg
Get:4 copy:/<<BUILDDIR>>/resolver-bA8bjr/apt_archive ./ Sources [349 B]
Get:5 copy:/<<BUILDDIR>>/resolver-bA8bjr/apt_archive ./ Packages [432 B]
Fetched 1738 B in 0s (0 B/s)
Reading package lists...
Reading package lists...

Install core build dependencies (apt-based resolver)
----------------------------------------------------

Installing build dependencies
Reading package lists...
Building dependency tree...
Reading state information...
The following NEW packages will be installed:
  sbuild-build-depends-core-dummy
0 upgraded, 1 newly installed, 0 to remove and 0 not upgraded.
Need to get 856 B of archives.
After this operation, 0 B of additional disk space will be used.
Get:1 copy:/<<BUILDDIR>>/resolver-bA8bjr/apt_archive ./ sbuild-build-depends-core-dummy 0.invalid.0 [856 B]
debconf: delaying package configuration, since apt-utils is not installed
Fetched 856 B in 0s (0 B/s)
Selecting previously unselected package sbuild-build-depends-core-dummy.
(Reading database ... 10771 files and directories currently installed.)
Preparing to unpack .../sbuild-build-depends-core-dummy_0.invalid.0_amd64.deb ...
Unpacking sbuild-build-depends-core-dummy (0.invalid.0) ...
Setting up sbuild-build-depends-core-dummy (0.invalid.0) ...

+------------------------------------------------------------------------------+
| Check architectures                                                          |
+------------------------------------------------------------------------------+

Arch check ok (amd64 included in any)

+------------------------------------------------------------------------------+
| Install package build dependencies                                           |
+------------------------------------------------------------------------------+


Setup apt archive
-----------------

Merged Build-Depends: debhelper (>= 9), libgnustep-gui-dev, texlive-latex-base, texlive-fonts-recommended, cm-super-minimal, texinfo, imagemagick
Filtered Build-Depends: debhelper (>= 9), libgnustep-gui-dev, texlive-latex-base, texlive-fonts-recommended, cm-super-minimal, texinfo, imagemagick
dpkg-deb: building package 'sbuild-build-depends-gorm.app-dummy' in '/<<BUILDDIR>>/resolver-bA8bjr/apt_archive/sbuild-build-depends-gorm.app-dummy.deb'.
dpkg-scanpackages: warning: Packages in archive but missing from override file:
dpkg-scanpackages: warning:   sbuild-build-depends-core-dummy sbuild-build-depends-gorm.app-dummy
dpkg-scanpackages: info: Wrote 2 entries to output Packages file.
Ign:1 copy:/<<BUILDDIR>>/resolver-bA8bjr/apt_archive ./ InRelease
Get:2 copy:/<<BUILDDIR>>/resolver-bA8bjr/apt_archive ./ Release [963 B]
Ign:3 copy:/<<BUILDDIR>>/resolver-bA8bjr/apt_archive ./ Release.gpg
Get:4 copy:/<<BUILDDIR>>/resolver-bA8bjr/apt_archive ./ Sources [553 B]
Get:5 copy:/<<BUILDDIR>>/resolver-bA8bjr/apt_archive ./ Packages [638 B]
Fetched 2154 B in 0s (0 B/s)
Reading package lists...
Reading package lists...

Install gorm.app build dependencies (apt-based resolver)
--------------------------------------------------------

Installing build dependencies
Reading package lists...
Building dependency tree...
Reading state information...
The following additional packages will be installed:
  autoconf automake autopoint autotools-dev bsdmainutils ca-certificates
  cm-super-minimal debhelper dh-autoreconf dh-strip-nondeterminism file
  fontconfig-config fonts-dejavu-core fonts-lmodern gettext gettext-base
  gnustep-base-common gnustep-base-runtime gnustep-common gnustep-gui-common
  gnustep-gui-runtime gnustep-make gobjc gobjc-7 groff-base hicolor-icon-theme
  imagemagick imagemagick-6-common imagemagick-6.q16 intltool-debian
  libao-common libao4 libarchive-zip-perl libasound2 libasound2-data
  libaspell15 libavahi-client3 libavahi-common-data libavahi-common3 libcairo2
  libcroco3 libcups2 libcupsimage2 libdbus-1-3 libexpat1 libfftw3-double3
  libfile-stripnondeterminism-perl libflac8 libflite1 libfontconfig1
  libfreetype6 libgif7 libglib2.0-0 libgnustep-base-dev libgnustep-base1.25
  libgnustep-gui-dev libgnustep-gui0.26 libgraphite2-3 libgs9 libgs9-common
  libgssapi-krb5-2 libharfbuzz-icu0 libharfbuzz0b libice6 libicu57 libidn11
  libijs-0.35 libjbig0 libjbig2dec0 libjpeg62-turbo libk5crypto3 libkeyutils1
  libkpathsea6 libkrb5-3 libkrb5support0 liblcms2-2 liblqr-1-0 libltdl7
  libmagic-mgc libmagic1 libmagickcore-6.q16-5 libmagickwand-6.q16-5 libogg0
  libopenjp2-7 libpaper-utils libpaper1 libpipeline1 libpixman-1-0 libpng16-16
  libpotrace0 libptexenc1 libsigsegv2 libsm6 libsndfile1 libssl1.1 libsynctex2
  libtexlua52 libtexlua53 libtexluajit2 libtext-unidecode-perl libtiff5
  libtimedate-perl libtool libvorbis0a libvorbisenc2 libx11-6 libx11-data
  libxau6 libxaw7 libxcb-render0 libxcb-shm0 libxcb1 libxdmcp6 libxext6 libxi6
  libxml-libxml-perl libxml-namespacesupport-perl libxml-sax-base-perl
  libxml-sax-perl libxml2 libxmu6 libxpm4 libxrender1 libxslt1.1 libxt6
  libzzip-0-13 lsb-base m4 man-db openssl po-debconf poppler-data t1utils
  tex-common texinfo texlive-base texlive-binaries texlive-fonts-recommended
  texlive-latex-base texlive-latex-recommended tzdata ucf x11-common xdg-utils
Suggested packages:
  autoconf-archive gnu-standards autoconf-doc wamerican | wordlist whois
  vacation dh-make dwz gettext-doc libasprintf-dev libgettextpo-dev
  gnustep-base-doc gnustep-make-doc gobjc-multilib gobjc-7-multilib gcc-7-doc
  libobjc4-dbg groff imagemagick-doc autotrace cups-bsd | lpr | lprng curl
  enscript ffmpeg gimp gnuplot grads graphviz hp2xx html2ps libwmf-bin mplayer
  povray radiance sane-utils transfig ufraw-batch libaudio2 libpulse0
  libsndio6.1 libasound2-plugins alsa-utils aspell cups-common libfftw3-bin
  libfftw3-dev gnustep-gui-doc krb5-doc krb5-user liblcms2-utils
  libmagickcore-6.q16-5-extra libtool-doc gfortran | fortran95-compiler
  gcj-jdk m4-doc apparmor less www-browser libmail-box-perl poppler-utils
  ghostscript fonts-japanese-mincho | fonts-ipafont-mincho
  fonts-japanese-gothic | fonts-ipafont-gothic fonts-arphic-ukai
  fonts-arphic-uming fonts-nanum texlive-generic-recommended
  texinfo-doc-nonfree gv | postscript-viewer perl-tk xpdf-reader | pdf-viewer
  texlive-fonts-recommended-doc texlive-latex-base-doc
  texlive-latex-recommended-doc texlive-pstricks
Recommended packages:
  curl | wget | lynx libmagickcore-6.q16-5-extra ghostscript netpbm aspell-en
  | aspell-dictionary | aspell6a-dictionary libcupsfilters1 dbus
  libarchive-cpio-perl libglib2.0-data shared-mime-info xdg-user-dirs
  fonts-droid-fallback krb5-locales gsfonts libltdl-dev libwww-perl
  libxml-sax-expat-perl libmail-sendmail-perl lmodern tex-gyre tipa
  libfile-mimeinfo-perl libnet-dbus-perl libx11-protocol-perl x11-utils
  x11-xserver-utils
The following NEW packages will be installed:
  autoconf automake autopoint autotools-dev bsdmainutils ca-certificates
  cm-super-minimal debhelper dh-autoreconf dh-strip-nondeterminism file
  fontconfig-config fonts-dejavu-core fonts-lmodern gettext gettext-base
  gnustep-base-common gnustep-base-runtime gnustep-common gnustep-gui-common
  gnustep-gui-runtime gnustep-make gobjc gobjc-7 groff-base hicolor-icon-theme
  imagemagick imagemagick-6-common imagemagick-6.q16 intltool-debian
  libao-common libao4 libarchive-zip-perl libasound2 libasound2-data
  libaspell15 libavahi-client3 libavahi-common-data libavahi-common3 libcairo2
  libcroco3 libcups2 libcupsimage2 libdbus-1-3 libexpat1 libfftw3-double3
  libfile-stripnondeterminism-perl libflac8 libflite1 libfontconfig1
  libfreetype6 libgif7 libglib2.0-0 libgnustep-base-dev libgnustep-base1.25
  libgnustep-gui-dev libgnustep-gui0.26 libgraphite2-3 libgs9 libgs9-common
  libgssapi-krb5-2 libharfbuzz-icu0 libharfbuzz0b libice6 libicu57 libidn11
  libijs-0.35 libjbig0 libjbig2dec0 libjpeg62-turbo libk5crypto3 libkeyutils1
  libkpathsea6 libkrb5-3 libkrb5support0 liblcms2-2 liblqr-1-0 libltdl7
  libmagic-mgc libmagic1 libmagickcore-6.q16-5 libmagickwand-6.q16-5 libogg0
  libopenjp2-7 libpaper-utils libpaper1 libpipeline1 libpixman-1-0 libpng16-16
  libpotrace0 libptexenc1 libsigsegv2 libsm6 libsndfile1 libssl1.1 libsynctex2
  libtexlua52 libtexlua53 libtexluajit2 libtext-unidecode-perl libtiff5
  libtimedate-perl libtool libvorbis0a libvorbisenc2 libx11-6 libx11-data
  libxau6 libxaw7 libxcb-render0 libxcb-shm0 libxcb1 libxdmcp6 libxext6 libxi6
  libxml-libxml-perl libxml-namespacesupport-perl libxml-sax-base-perl
  libxml-sax-perl libxml2 libxmu6 libxpm4 libxrender1 libxslt1.1 libxt6
  libzzip-0-13 lsb-base m4 man-db openssl po-debconf poppler-data
  sbuild-build-depends-gorm.app-dummy t1utils tex-common texinfo texlive-base
  texlive-binaries texlive-fonts-recommended texlive-latex-base
  texlive-latex-recommended tzdata ucf x11-common xdg-utils
0 upgraded, 145 newly installed, 0 to remove and 0 not upgraded.
Need to get 141 MB of archives.
After this operation, 452 MB of additional disk space will be used.
Get:1 copy:/<<BUILDDIR>>/resolver-bA8bjr/apt_archive ./ sbuild-build-depends-gorm.app-dummy 0.invalid.0 [924 B]
Get:2 http://127.0.0.1:9999/debian unstable/main amd64 bsdmainutils amd64 11.1.2 [190 kB]
Get:3 http://127.0.0.1:9999/debian unstable/main amd64 groff-base amd64 1.22.3-10 [1176 kB]
Get:4 http://127.0.0.1:9999/debian unstable/main amd64 libpipeline1 amd64 1.5.0-1 [29.0 kB]
Get:5 http://127.0.0.1:9999/debian unstable/main amd64 man-db amd64 2.8.3-2 [1180 kB]
Get:6 http://127.0.0.1:9999/debian unstable/main amd64 libfftw3-double3 amd64 3.3.7-1+b1 [740 kB]
Get:7 http://127.0.0.1:9999/debian unstable/main amd64 libexpat1 amd64 2.2.5-3 [96.8 kB]
Get:8 http://127.0.0.1:9999/debian unstable/main amd64 libpng16-16 amd64 1.6.34-1 [287 kB]
Get:9 http://127.0.0.1:9999/debian unstable/main amd64 libfreetype6 amd64 2.8.1-2 [461 kB]
Get:10 http://127.0.0.1:9999/debian unstable/main amd64 ucf all 3.0038 [67.8 kB]
Get:11 http://127.0.0.1:9999/debian unstable/main amd64 fonts-dejavu-core all 2.37-1 [1068 kB]
Get:12 http://127.0.0.1:9999/debian unstable/main amd64 fontconfig-config all 2.13.0-4 [280 kB]
Get:13 http://127.0.0.1:9999/debian unstable/main amd64 libfontconfig1 amd64 2.13.0-4 [343 kB]
Get:14 http://127.0.0.1:9999/debian unstable/main amd64 libjbig0 amd64 2.1-3.1+b2 [31.0 kB]
Get:15 http://127.0.0.1:9999/debian unstable/main amd64 libjpeg62-turbo amd64 1:1.5.2-2+b1 [134 kB]
Get:16 http://127.0.0.1:9999/debian unstable/main amd64 liblcms2-2 amd64 2.9-1 [145 kB]
Get:17 http://127.0.0.1:9999/debian unstable/main amd64 libglib2.0-0 amd64 2.56.1-2 [2928 kB]
Get:18 http://127.0.0.1:9999/debian unstable/main amd64 liblqr-1-0 amd64 0.4.2-2.1 [29.1 kB]
Get:19 http://127.0.0.1:9999/debian unstable/main amd64 libltdl7 amd64 2.4.6-2.1 [389 kB]
Get:20 http://127.0.0.1:9999/debian unstable/main amd64 libopenjp2-7 amd64 2.3.0-1 [163 kB]
Get:21 http://127.0.0.1:9999/debian unstable/main amd64 libtiff5 amd64 4.0.9-5 [246 kB]
Get:22 http://127.0.0.1:9999/debian unstable/main amd64 libxau6 amd64 1:1.0.8-1+b2 [19.9 kB]
Get:23 http://127.0.0.1:9999/debian unstable/main amd64 libxdmcp6 amd64 1:1.1.2-3 [26.3 kB]
Get:24 http://127.0.0.1:9999/debian unstable/main amd64 libxcb1 amd64 1.13-1 [136 kB]
Get:25 http://127.0.0.1:9999/debian unstable/main amd64 libx11-data all 2:1.6.5-1 [292 kB]
Get:26 http://127.0.0.1:9999/debian unstable/main amd64 libx11-6 amd64 2:1.6.5-1 [749 kB]
Get:27 http://127.0.0.1:9999/debian unstable/main amd64 libxext6 amd64 2:1.3.3-1+b2 [52.5 kB]
Get:28 http://127.0.0.1:9999/debian unstable/main amd64 libicu57 amd64 57.1-9 [7698 kB]
Get:29 http://127.0.0.1:9999/debian unstable/main amd64 libxml2 amd64 2.9.4+dfsg1-6.1 [725 kB]
Get:30 http://127.0.0.1:9999/debian unstable/main amd64 imagemagick-6-common all 8:6.9.9.39+dfsg-1 [196 kB]
Get:31 http://127.0.0.1:9999/debian unstable/main amd64 libmagickcore-6.q16-5 amd64 8:6.9.9.39+dfsg-1 [1770 kB]
Get:32 http://127.0.0.1:9999/debian unstable/main amd64 libmagickwand-6.q16-5 amd64 8:6.9.9.39+dfsg-1 [437 kB]
Get:33 http://127.0.0.1:9999/debian unstable/main amd64 poppler-data all 0.4.9-2 [1473 kB]
Get:34 http://127.0.0.1:9999/debian unstable/main amd64 tex-common all 6.09 [53.2 kB]
Get:35 http://127.0.0.1:9999/debian unstable/main amd64 tzdata all 2018d-1 [252 kB]
Get:36 http://127.0.0.1:9999/debian unstable/main amd64 libmagic-mgc amd64 1:5.33-2 [234 kB]
Get:37 http://127.0.0.1:9999/debian unstable/main amd64 libmagic1 amd64 1:5.33-2 [113 kB]
Get:38 http://127.0.0.1:9999/debian unstable/main amd64 file amd64 1:5.33-2 [65.6 kB]
Get:39 http://127.0.0.1:9999/debian unstable/main amd64 gettext-base amd64 0.19.8.1-6 [122 kB]
Get:40 http://127.0.0.1:9999/debian unstable/main amd64 libsigsegv2 amd64 2.12-2 [32.8 kB]
Get:41 http://127.0.0.1:9999/debian unstable/main amd64 m4 amd64 1.4.18-1 [202 kB]
Get:42 http://127.0.0.1:9999/debian unstable/main amd64 autoconf all 2.69-11 [341 kB]
Get:43 http://127.0.0.1:9999/debian unstable/main amd64 autotools-dev all 20180224.1 [77.0 kB]
Get:44 http://127.0.0.1:9999/debian unstable/main amd64 automake all 1:1.15.1-3.1 [736 kB]
Get:45 http://127.0.0.1:9999/debian unstable/main amd64 autopoint all 0.19.8.1-6 [434 kB]
Get:46 http://127.0.0.1:9999/debian unstable/main amd64 libssl1.1 amd64 1.1.0h-2 [1352 kB]
Get:47 http://127.0.0.1:9999/debian unstable/main amd64 openssl amd64 1.1.0h-2 [744 kB]
Get:48 http://127.0.0.1:9999/debian unstable/main amd64 ca-certificates all 20180409 [161 kB]
Get:49 http://127.0.0.1:9999/debian unstable/main amd64 libpaper1 amd64 1.1.24+nmu5 [21.6 kB]
Get:50 http://127.0.0.1:9999/debian unstable/main amd64 libpaper-utils amd64 1.1.24+nmu5 [17.6 kB]
Get:51 http://127.0.0.1:9999/debian unstable/main amd64 libkpathsea6 amd64 2018.20180416.47457-2 [165 kB]
Get:52 http://127.0.0.1:9999/debian unstable/main amd64 libptexenc1 amd64 2018.20180416.47457-2 [58.7 kB]
Get:53 http://127.0.0.1:9999/debian unstable/main amd64 libsynctex2 amd64 2018.20180416.47457-2 [78.5 kB]
Get:54 http://127.0.0.1:9999/debian unstable/main amd64 libtexlua52 amd64 2018.20180416.47457-2 [112 kB]
Get:55 http://127.0.0.1:9999/debian unstable/main amd64 libtexlua53 amd64 2018.20180416.47457-2 [125 kB]
Get:56 http://127.0.0.1:9999/debian unstable/main amd64 libtexluajit2 amd64 2018.20180416.47457-2 [255 kB]
Get:57 http://127.0.0.1:9999/debian unstable/main amd64 t1utils amd64 1.41-2 [62.0 kB]
Get:58 http://127.0.0.1:9999/debian unstable/main amd64 libpixman-1-0 amd64 0.34.0-2 [529 kB]
Get:59 http://127.0.0.1:9999/debian unstable/main amd64 libxcb-render0 amd64 1.13-1 [108 kB]
Get:60 http://127.0.0.1:9999/debian unstable/main amd64 libxcb-shm0 amd64 1.13-1 [98.3 kB]
Get:61 http://127.0.0.1:9999/debian unstable/main amd64 libxrender1 amd64 1:0.9.10-1 [33.0 kB]
Get:62 http://127.0.0.1:9999/debian unstable/main amd64 libcairo2 amd64 1.15.10-3 [664 kB]
Get:63 http://127.0.0.1:9999/debian unstable/main amd64 libgraphite2-3 amd64 1.3.11-2 [85.2 kB]
Get:64 http://127.0.0.1:9999/debian unstable/main amd64 libavahi-common-data amd64 0.7-4 [122 kB]
Get:65 http://127.0.0.1:9999/debian unstable/main amd64 libavahi-common3 amd64 0.7-4 [54.4 kB]
Get:66 http://127.0.0.1:9999/debian unstable/main amd64 libdbus-1-3 amd64 1.12.8-1 [209 kB]
Get:67 http://127.0.0.1:9999/debian unstable/main amd64 libavahi-client3 amd64 0.7-4 [57.8 kB]
Get:68 http://127.0.0.1:9999/debian unstable/main amd64 libkeyutils1 amd64 1.5.9-9.2 [12.9 kB]
Get:69 http://127.0.0.1:9999/debian unstable/main amd64 libkrb5support0 amd64 1.16-2 [62.8 kB]
Get:70 http://127.0.0.1:9999/debian unstable/main amd64 libk5crypto3 amd64 1.16-2 [121 kB]
Get:71 http://127.0.0.1:9999/debian unstable/main amd64 libkrb5-3 amd64 1.16-2 [316 kB]
Get:72 http://127.0.0.1:9999/debian unstable/main amd64 libgssapi-krb5-2 amd64 1.16-2 [158 kB]
Get:73 http://127.0.0.1:9999/debian unstable/main amd64 libcups2 amd64 2.2.7-3 [320 kB]
Get:74 http://127.0.0.1:9999/debian unstable/main amd64 libcupsimage2 amd64 2.2.7-3 [130 kB]
Get:75 http://127.0.0.1:9999/debian unstable/main amd64 libidn11 amd64 1.33-2.2 [116 kB]
Get:76 http://127.0.0.1:9999/debian unstable/main amd64 libijs-0.35 amd64 0.35-13 [18.5 kB]
Get:77 http://127.0.0.1:9999/debian unstable/main amd64 libjbig2dec0 amd64 0.13-6 [60.3 kB]
Get:78 http://127.0.0.1:9999/debian unstable/main amd64 libgs9-common all 9.22~dfsg-2.1 [5241 kB]
Get:79 http://127.0.0.1:9999/debian unstable/main amd64 libgs9 amd64 9.22~dfsg-2.1 [2155 kB]
Get:80 http://127.0.0.1:9999/debian unstable/main amd64 libharfbuzz0b amd64 1.7.6-1 [842 kB]
Get:81 http://127.0.0.1:9999/debian unstable/main amd64 libharfbuzz-icu0 amd64 1.7.6-1 [584 kB]
Get:82 http://127.0.0.1:9999/debian unstable/main amd64 lsb-base all 9.20170808 [28.1 kB]
Get:83 http://127.0.0.1:9999/debian unstable/main amd64 x11-common all 1:7.7+19 [251 kB]
Get:84 http://127.0.0.1:9999/debian unstable/main amd64 libice6 amd64 2:1.0.9-2 [58.7 kB]
Get:85 http://127.0.0.1:9999/debian unstable/main amd64 libpotrace0 amd64 1.14-2 [25.7 kB]
Get:86 http://127.0.0.1:9999/debian unstable/main amd64 libsm6 amd64 2:1.2.2-1+b3 [33.3 kB]
Get:87 http://127.0.0.1:9999/debian unstable/main amd64 libxt6 amd64 1:1.1.5-1 [188 kB]
Get:88 http://127.0.0.1:9999/debian unstable/main amd64 libxmu6 amd64 2:1.1.2-2 [60.3 kB]
Get:89 http://127.0.0.1:9999/debian unstable/main amd64 libxpm4 amd64 1:3.5.12-1 [49.1 kB]
Get:90 http://127.0.0.1:9999/debian unstable/main amd64 libxaw7 amd64 2:1.0.13-1+b2 [201 kB]
Get:91 http://127.0.0.1:9999/debian unstable/main amd64 libxi6 amd64 2:1.7.9-1 [82.6 kB]
Get:92 http://127.0.0.1:9999/debian unstable/main amd64 libzzip-0-13 amd64 0.13.62-3.1 [55.4 kB]
Get:93 http://127.0.0.1:9999/debian unstable/main amd64 texlive-binaries amd64 2018.20180416.47457-2 [11.6 MB]
Get:94 http://127.0.0.1:9999/debian unstable/main amd64 xdg-utils all 1.1.2-2 [72.8 kB]
Get:95 http://127.0.0.1:9999/debian unstable/main amd64 texlive-base all 2018.20180416-1 [18.9 MB]
Get:96 http://127.0.0.1:9999/debian unstable/main amd64 fonts-lmodern all 2.004.5-3 [4540 kB]
Get:97 http://127.0.0.1:9999/debian unstable/main amd64 texlive-latex-base all 2018.20180416-1 [985 kB]
Get:98 http://127.0.0.1:9999/debian unstable/main amd64 texlive-latex-recommended all 2018.20180416-1 [15.3 MB]
Get:99 http://127.0.0.1:9999/debian unstable/main amd64 cm-super-minimal all 0.3.4-11 [5814 kB]
Get:100 http://127.0.0.1:9999/debian unstable/main amd64 libtool all 2.4.6-2.1 [547 kB]
Get:101 http://127.0.0.1:9999/debian unstable/main amd64 dh-autoreconf all 17 [16.5 kB]
Get:102 http://127.0.0.1:9999/debian unstable/main amd64 libarchive-zip-perl all 1.60-1 [95.6 kB]
Get:103 http://127.0.0.1:9999/debian unstable/main amd64 libfile-stripnondeterminism-perl all 0.041-1 [19.9 kB]
Get:104 http://127.0.0.1:9999/debian unstable/main amd64 libtimedate-perl all 2.3000-2 [42.2 kB]
Get:105 http://127.0.0.1:9999/debian unstable/main amd64 dh-strip-nondeterminism all 0.041-1 [12.0 kB]
Get:106 http://127.0.0.1:9999/debian unstable/main amd64 libcroco3 amd64 0.6.12-2 [144 kB]
Get:107 http://127.0.0.1:9999/debian unstable/main amd64 gettext amd64 0.19.8.1-6 [1302 kB]
Get:108 http://127.0.0.1:9999/debian unstable/main amd64 intltool-debian all 0.35.0+20060710.4 [26.3 kB]
Get:109 http://127.0.0.1:9999/debian unstable/main amd64 po-debconf all 1.0.20 [247 kB]
Get:110 http://127.0.0.1:9999/debian unstable/main amd64 debhelper all 11.2.1 [1013 kB]
Get:111 http://127.0.0.1:9999/debian unstable/main amd64 gnustep-common amd64 2.7.0-3 [116 kB]
Get:112 http://127.0.0.1:9999/debian unstable/main amd64 gnustep-base-common all 1.25.1-2 [268 kB]
Get:113 http://127.0.0.1:9999/debian unstable/main amd64 libxslt1.1 amd64 1.1.29-5 [236 kB]
Get:114 http://127.0.0.1:9999/debian unstable/main amd64 libgnustep-base1.25 amd64 1.25.1-2 [1511 kB]
Get:115 http://127.0.0.1:9999/debian unstable/main amd64 gnustep-base-runtime amd64 1.25.1-2 [417 kB]
Get:116 http://127.0.0.1:9999/debian unstable/main amd64 gnustep-gui-common all 0.26.2-3 [608 kB]
Get:117 http://127.0.0.1:9999/debian unstable/main amd64 libao-common all 1.2.2+20180113-1 [11.6 kB]
Get:118 http://127.0.0.1:9999/debian unstable/main amd64 libao4 amd64 1.2.2+20180113-1 [39.8 kB]
Get:119 http://127.0.0.1:9999/debian unstable/main amd64 libaspell15 amd64 0.60.7~20110707-4 [334 kB]
Get:120 http://127.0.0.1:9999/debian unstable/main amd64 libasound2-data all 1.1.6-1 [171 kB]
Get:121 http://127.0.0.1:9999/debian unstable/main amd64 libasound2 amd64 1.1.6-1 [479 kB]
Get:122 http://127.0.0.1:9999/debian unstable/main amd64 libflite1 amd64 2.1-release-2 [12.8 MB]
Get:123 http://127.0.0.1:9999/debian unstable/main amd64 libgif7 amd64 5.1.4-2 [43.2 kB]
Get:124 http://127.0.0.1:9999/debian unstable/main amd64 libgnustep-gui0.26 amd64 0.26.2-3 [1418 kB]
Get:125 http://127.0.0.1:9999/debian unstable/main amd64 libogg0 amd64 1.3.2-1+b1 [21.3 kB]
Get:126 http://127.0.0.1:9999/debian unstable/main amd64 libflac8 amd64 1.3.2-2 [221 kB]
Get:127 http://127.0.0.1:9999/debian unstable/main amd64 libvorbis0a amd64 1.3.6-1 [94.0 kB]
Get:128 http://127.0.0.1:9999/debian unstable/main amd64 libvorbisenc2 amd64 1.3.6-1 [79.9 kB]
Get:129 http://127.0.0.1:9999/debian unstable/main amd64 libsndfile1 amd64 1.0.28-4 [252 kB]
Get:130 http://127.0.0.1:9999/debian unstable/main amd64 gnustep-gui-runtime amd64 0.26.2-3 [158 kB]
Get:131 http://127.0.0.1:9999/debian unstable/main amd64 gobjc-7 amd64 7.3.0-17 [6498 kB]
Get:132 http://127.0.0.1:9999/debian unstable/main amd64 gobjc amd64 4:7.3.0-3 [980 B]
Get:133 http://127.0.0.1:9999/debian unstable/main amd64 gnustep-make all 2.7.0-3 [211 kB]
Get:134 http://127.0.0.1:9999/debian unstable/main amd64 hicolor-icon-theme all 0.17-2 [11.4 kB]
Get:135 http://127.0.0.1:9999/debian unstable/main amd64 imagemagick-6.q16 amd64 8:6.9.9.39+dfsg-1 [576 kB]
Get:136 http://127.0.0.1:9999/debian unstable/main amd64 imagemagick amd64 8:6.9.9.39+dfsg-1 [152 kB]
Get:137 http://127.0.0.1:9999/debian unstable/main amd64 libgnustep-base-dev amd64 1.25.1-2 [1910 kB]
Get:138 http://127.0.0.1:9999/debian unstable/main amd64 libgnustep-gui-dev amd64 0.26.2-3 [1816 kB]
Get:139 http://127.0.0.1:9999/debian unstable/main amd64 libtext-unidecode-perl all 1.30-1 [103 kB]
Get:140 http://127.0.0.1:9999/debian unstable/main amd64 libxml-namespacesupport-perl all 1.12-1 [14.8 kB]
Get:141 http://127.0.0.1:9999/debian unstable/main amd64 libxml-sax-base-perl all 1.09-1 [20.4 kB]
Get:142 http://127.0.0.1:9999/debian unstable/main amd64 libxml-sax-perl all 1.00+dfsg-1 [58.6 kB]
Get:143 http://127.0.0.1:9999/debian unstable/main amd64 libxml-libxml-perl amd64 2.0128+dfsg-5 [340 kB]
Get:144 http://127.0.0.1:9999/debian unstable/main amd64 texinfo amd64 6.5.0.dfsg.1-2 [1334 kB]
Get:145 http://127.0.0.1:9999/debian unstable/main amd64 texlive-fonts-recommended all 2018.20180416-1 [5294 kB]
debconf: delaying package configuration, since apt-utils is not installed
Fetched 141 MB in 2s (66.3 MB/s)
Selecting previously unselected package bsdmainutils.
(Reading database ... 10771 files and directories currently installed.)
Preparing to unpack .../000-bsdmainutils_11.1.2_amd64.deb ...
Unpacking bsdmainutils (11.1.2) ...
Selecting previously unselected package groff-base.
Preparing to unpack .../001-groff-base_1.22.3-10_amd64.deb ...
Unpacking groff-base (1.22.3-10) ...
Selecting previously unselected package libpipeline1:amd64.
Preparing to unpack .../002-libpipeline1_1.5.0-1_amd64.deb ...
Unpacking libpipeline1:amd64 (1.5.0-1) ...
Selecting previously unselected package man-db.
Preparing to unpack .../003-man-db_2.8.3-2_amd64.deb ...
Unpacking man-db (2.8.3-2) ...
Selecting previously unselected package libfftw3-double3:amd64.
Preparing to unpack .../004-libfftw3-double3_3.3.7-1+b1_amd64.deb ...
Unpacking libfftw3-double3:amd64 (3.3.7-1+b1) ...
Selecting previously unselected package libexpat1:amd64.
Preparing to unpack .../005-libexpat1_2.2.5-3_amd64.deb ...
Unpacking libexpat1:amd64 (2.2.5-3) ...
Selecting previously unselected package libpng16-16:amd64.
Preparing to unpack .../006-libpng16-16_1.6.34-1_amd64.deb ...
Unpacking libpng16-16:amd64 (1.6.34-1) ...
Selecting previously unselected package libfreetype6:amd64.
Preparing to unpack .../007-libfreetype6_2.8.1-2_amd64.deb ...
Unpacking libfreetype6:amd64 (2.8.1-2) ...
Selecting previously unselected package ucf.
Preparing to unpack .../008-ucf_3.0038_all.deb ...
Moving old data out of the way
Unpacking ucf (3.0038) ...
Selecting previously unselected package fonts-dejavu-core.
Preparing to unpack .../009-fonts-dejavu-core_2.37-1_all.deb ...
Unpacking fonts-dejavu-core (2.37-1) ...
Selecting previously unselected package fontconfig-config.
Preparing to unpack .../010-fontconfig-config_2.13.0-4_all.deb ...
Unpacking fontconfig-config (2.13.0-4) ...
Selecting previously unselected package libfontconfig1:amd64.
Preparing to unpack .../011-libfontconfig1_2.13.0-4_amd64.deb ...
Unpacking libfontconfig1:amd64 (2.13.0-4) ...
Selecting previously unselected package libjbig0:amd64.
Preparing to unpack .../012-libjbig0_2.1-3.1+b2_amd64.deb ...
Unpacking libjbig0:amd64 (2.1-3.1+b2) ...
Selecting previously unselected package libjpeg62-turbo:amd64.
Preparing to unpack .../013-libjpeg62-turbo_1%3a1.5.2-2+b1_amd64.deb ...
Unpacking libjpeg62-turbo:amd64 (1:1.5.2-2+b1) ...
Selecting previously unselected package liblcms2-2:amd64.
Preparing to unpack .../014-liblcms2-2_2.9-1_amd64.deb ...
Unpacking liblcms2-2:amd64 (2.9-1) ...
Selecting previously unselected package libglib2.0-0:amd64.
Preparing to unpack .../015-libglib2.0-0_2.56.1-2_amd64.deb ...
Unpacking libglib2.0-0:amd64 (2.56.1-2) ...
Selecting previously unselected package liblqr-1-0:amd64.
Preparing to unpack .../016-liblqr-1-0_0.4.2-2.1_amd64.deb ...
Unpacking liblqr-1-0:amd64 (0.4.2-2.1) ...
Selecting previously unselected package libltdl7:amd64.
Preparing to unpack .../017-libltdl7_2.4.6-2.1_amd64.deb ...
Unpacking libltdl7:amd64 (2.4.6-2.1) ...
Selecting previously unselected package libopenjp2-7:amd64.
Preparing to unpack .../018-libopenjp2-7_2.3.0-1_amd64.deb ...
Unpacking libopenjp2-7:amd64 (2.3.0-1) ...
Selecting previously unselected package libtiff5:amd64.
Preparing to unpack .../019-libtiff5_4.0.9-5_amd64.deb ...
Unpacking libtiff5:amd64 (4.0.9-5) ...
Selecting previously unselected package libxau6:amd64.
Preparing to unpack .../020-libxau6_1%3a1.0.8-1+b2_amd64.deb ...
Unpacking libxau6:amd64 (1:1.0.8-1+b2) ...
Selecting previously unselected package libxdmcp6:amd64.
Preparing to unpack .../021-libxdmcp6_1%3a1.1.2-3_amd64.deb ...
Unpacking libxdmcp6:amd64 (1:1.1.2-3) ...
Selecting previously unselected package libxcb1:amd64.
Preparing to unpack .../022-libxcb1_1.13-1_amd64.deb ...
Unpacking libxcb1:amd64 (1.13-1) ...
Selecting previously unselected package libx11-data.
Preparing to unpack .../023-libx11-data_2%3a1.6.5-1_all.deb ...
Unpacking libx11-data (2:1.6.5-1) ...
Selecting previously unselected package libx11-6:amd64.
Preparing to unpack .../024-libx11-6_2%3a1.6.5-1_amd64.deb ...
Unpacking libx11-6:amd64 (2:1.6.5-1) ...
Selecting previously unselected package libxext6:amd64.
Preparing to unpack .../025-libxext6_2%3a1.3.3-1+b2_amd64.deb ...
Unpacking libxext6:amd64 (2:1.3.3-1+b2) ...
Selecting previously unselected package libicu57:amd64.
Preparing to unpack .../026-libicu57_57.1-9_amd64.deb ...
Unpacking libicu57:amd64 (57.1-9) ...
Selecting previously unselected package libxml2:amd64.
Preparing to unpack .../027-libxml2_2.9.4+dfsg1-6.1_amd64.deb ...
Unpacking libxml2:amd64 (2.9.4+dfsg1-6.1) ...
Selecting previously unselected package imagemagick-6-common.
Preparing to unpack .../028-imagemagick-6-common_8%3a6.9.9.39+dfsg-1_all.deb ...
Unpacking imagemagick-6-common (8:6.9.9.39+dfsg-1) ...
Selecting previously unselected package libmagickcore-6.q16-5:amd64.
Preparing to unpack .../029-libmagickcore-6.q16-5_8%3a6.9.9.39+dfsg-1_amd64.deb ...
Unpacking libmagickcore-6.q16-5:amd64 (8:6.9.9.39+dfsg-1) ...
Selecting previously unselected package libmagickwand-6.q16-5:amd64.
Preparing to unpack .../030-libmagickwand-6.q16-5_8%3a6.9.9.39+dfsg-1_amd64.deb ...
Unpacking libmagickwand-6.q16-5:amd64 (8:6.9.9.39+dfsg-1) ...
Selecting previously unselected package poppler-data.
Preparing to unpack .../031-poppler-data_0.4.9-2_all.deb ...
Unpacking poppler-data (0.4.9-2) ...
Selecting previously unselected package tex-common.
Preparing to unpack .../032-tex-common_6.09_all.deb ...
Unpacking tex-common (6.09) ...
Selecting previously unselected package tzdata.
Preparing to unpack .../033-tzdata_2018d-1_all.deb ...
Unpacking tzdata (2018d-1) ...
Selecting previously unselected package libmagic-mgc.
Preparing to unpack .../034-libmagic-mgc_1%3a5.33-2_amd64.deb ...
Unpacking libmagic-mgc (1:5.33-2) ...
Selecting previously unselected package libmagic1:amd64.
Preparing to unpack .../035-libmagic1_1%3a5.33-2_amd64.deb ...
Unpacking libmagic1:amd64 (1:5.33-2) ...
Selecting previously unselected package file.
Preparing to unpack .../036-file_1%3a5.33-2_amd64.deb ...
Unpacking file (1:5.33-2) ...
Selecting previously unselected package gettext-base.
Preparing to unpack .../037-gettext-base_0.19.8.1-6_amd64.deb ...
Unpacking gettext-base (0.19.8.1-6) ...
Selecting previously unselected package libsigsegv2:amd64.
Preparing to unpack .../038-libsigsegv2_2.12-2_amd64.deb ...
Unpacking libsigsegv2:amd64 (2.12-2) ...
Selecting previously unselected package m4.
Preparing to unpack .../039-m4_1.4.18-1_amd64.deb ...
Unpacking m4 (1.4.18-1) ...
Selecting previously unselected package autoconf.
Preparing to unpack .../040-autoconf_2.69-11_all.deb ...
Unpacking autoconf (2.69-11) ...
Selecting previously unselected package autotools-dev.
Preparing to unpack .../041-autotools-dev_20180224.1_all.deb ...
Unpacking autotools-dev (20180224.1) ...
Selecting previously unselected package automake.
Preparing to unpack .../042-automake_1%3a1.15.1-3.1_all.deb ...
Unpacking automake (1:1.15.1-3.1) ...
Selecting previously unselected package autopoint.
Preparing to unpack .../043-autopoint_0.19.8.1-6_all.deb ...
Unpacking autopoint (0.19.8.1-6) ...
Selecting previously unselected package libssl1.1:amd64.
Preparing to unpack .../044-libssl1.1_1.1.0h-2_amd64.deb ...
Unpacking libssl1.1:amd64 (1.1.0h-2) ...
Selecting previously unselected package openssl.
Preparing to unpack .../045-openssl_1.1.0h-2_amd64.deb ...
Unpacking openssl (1.1.0h-2) ...
Selecting previously unselected package ca-certificates.
Preparing to unpack .../046-ca-certificates_20180409_all.deb ...
Unpacking ca-certificates (20180409) ...
Selecting previously unselected package libpaper1:amd64.
Preparing to unpack .../047-libpaper1_1.1.24+nmu5_amd64.deb ...
Unpacking libpaper1:amd64 (1.1.24+nmu5) ...
Selecting previously unselected package libpaper-utils.
Preparing to unpack .../048-libpaper-utils_1.1.24+nmu5_amd64.deb ...
Unpacking libpaper-utils (1.1.24+nmu5) ...
Selecting previously unselected package libkpathsea6:amd64.
Preparing to unpack .../049-libkpathsea6_2018.20180416.47457-2_amd64.deb ...
Unpacking libkpathsea6:amd64 (2018.20180416.47457-2) ...
Selecting previously unselected package libptexenc1:amd64.
Preparing to unpack .../050-libptexenc1_2018.20180416.47457-2_amd64.deb ...
Unpacking libptexenc1:amd64 (2018.20180416.47457-2) ...
Selecting previously unselected package libsynctex2:amd64.
Preparing to unpack .../051-libsynctex2_2018.20180416.47457-2_amd64.deb ...
Unpacking libsynctex2:amd64 (2018.20180416.47457-2) ...
Selecting previously unselected package libtexlua52:amd64.
Preparing to unpack .../052-libtexlua52_2018.20180416.47457-2_amd64.deb ...
Unpacking libtexlua52:amd64 (2018.20180416.47457-2) ...
Selecting previously unselected package libtexlua53:amd64.
Preparing to unpack .../053-libtexlua53_2018.20180416.47457-2_amd64.deb ...
Unpacking libtexlua53:amd64 (2018.20180416.47457-2) ...
Selecting previously unselected package libtexluajit2:amd64.
Preparing to unpack .../054-libtexluajit2_2018.20180416.47457-2_amd64.deb ...
Unpacking libtexluajit2:amd64 (2018.20180416.47457-2) ...
Selecting previously unselected package t1utils.
Preparing to unpack .../055-t1utils_1.41-2_amd64.deb ...
Unpacking t1utils (1.41-2) ...
Selecting previously unselected package libpixman-1-0:amd64.
Preparing to unpack .../056-libpixman-1-0_0.34.0-2_amd64.deb ...
Unpacking libpixman-1-0:amd64 (0.34.0-2) ...
Selecting previously unselected package libxcb-render0:amd64.
Preparing to unpack .../057-libxcb-render0_1.13-1_amd64.deb ...
Unpacking libxcb-render0:amd64 (1.13-1) ...
Selecting previously unselected package libxcb-shm0:amd64.
Preparing to unpack .../058-libxcb-shm0_1.13-1_amd64.deb ...
Unpacking libxcb-shm0:amd64 (1.13-1) ...
Selecting previously unselected package libxrender1:amd64.
Preparing to unpack .../059-libxrender1_1%3a0.9.10-1_amd64.deb ...
Unpacking libxrender1:amd64 (1:0.9.10-1) ...
Selecting previously unselected package libcairo2:amd64.
Preparing to unpack .../060-libcairo2_1.15.10-3_amd64.deb ...
Unpacking libcairo2:amd64 (1.15.10-3) ...
Selecting previously unselected package libgraphite2-3:amd64.
Preparing to unpack .../061-libgraphite2-3_1.3.11-2_amd64.deb ...
Unpacking libgraphite2-3:amd64 (1.3.11-2) ...
Selecting previously unselected package libavahi-common-data:amd64.
Preparing to unpack .../062-libavahi-common-data_0.7-4_amd64.deb ...
Unpacking libavahi-common-data:amd64 (0.7-4) ...
Selecting previously unselected package libavahi-common3:amd64.
Preparing to unpack .../063-libavahi-common3_0.7-4_amd64.deb ...
Unpacking libavahi-common3:amd64 (0.7-4) ...
Selecting previously unselected package libdbus-1-3:amd64.
Preparing to unpack .../064-libdbus-1-3_1.12.8-1_amd64.deb ...
Unpacking libdbus-1-3:amd64 (1.12.8-1) ...
Selecting previously unselected package libavahi-client3:amd64.
Preparing to unpack .../065-libavahi-client3_0.7-4_amd64.deb ...
Unpacking libavahi-client3:amd64 (0.7-4) ...
Selecting previously unselected package libkeyutils1:amd64.
Preparing to unpack .../066-libkeyutils1_1.5.9-9.2_amd64.deb ...
Unpacking libkeyutils1:amd64 (1.5.9-9.2) ...
Selecting previously unselected package libkrb5support0:amd64.
Preparing to unpack .../067-libkrb5support0_1.16-2_amd64.deb ...
Unpacking libkrb5support0:amd64 (1.16-2) ...
Selecting previously unselected package libk5crypto3:amd64.
Preparing to unpack .../068-libk5crypto3_1.16-2_amd64.deb ...
Unpacking libk5crypto3:amd64 (1.16-2) ...
Selecting previously unselected package libkrb5-3:amd64.
Preparing to unpack .../069-libkrb5-3_1.16-2_amd64.deb ...
Unpacking libkrb5-3:amd64 (1.16-2) ...
Selecting previously unselected package libgssapi-krb5-2:amd64.
Preparing to unpack .../070-libgssapi-krb5-2_1.16-2_amd64.deb ...
Unpacking libgssapi-krb5-2:amd64 (1.16-2) ...
Selecting previously unselected package libcups2:amd64.
Preparing to unpack .../071-libcups2_2.2.7-3_amd64.deb ...
Unpacking libcups2:amd64 (2.2.7-3) ...
Selecting previously unselected package libcupsimage2:amd64.
Preparing to unpack .../072-libcupsimage2_2.2.7-3_amd64.deb ...
Unpacking libcupsimage2:amd64 (2.2.7-3) ...
Selecting previously unselected package libidn11:amd64.
Preparing to unpack .../073-libidn11_1.33-2.2_amd64.deb ...
Unpacking libidn11:amd64 (1.33-2.2) ...
Selecting previously unselected package libijs-0.35:amd64.
Preparing to unpack .../074-libijs-0.35_0.35-13_amd64.deb ...
Unpacking libijs-0.35:amd64 (0.35-13) ...
Selecting previously unselected package libjbig2dec0:amd64.
Preparing to unpack .../075-libjbig2dec0_0.13-6_amd64.deb ...
Unpacking libjbig2dec0:amd64 (0.13-6) ...
Selecting previously unselected package libgs9-common.
Preparing to unpack .../076-libgs9-common_9.22~dfsg-2.1_all.deb ...
Unpacking libgs9-common (9.22~dfsg-2.1) ...
Selecting previously unselected package libgs9:amd64.
Preparing to unpack .../077-libgs9_9.22~dfsg-2.1_amd64.deb ...
Unpacking libgs9:amd64 (9.22~dfsg-2.1) ...
Selecting previously unselected package libharfbuzz0b:amd64.
Preparing to unpack .../078-libharfbuzz0b_1.7.6-1_amd64.deb ...
Unpacking libharfbuzz0b:amd64 (1.7.6-1) ...
Selecting previously unselected package libharfbuzz-icu0:amd64.
Preparing to unpack .../079-libharfbuzz-icu0_1.7.6-1_amd64.deb ...
Unpacking libharfbuzz-icu0:amd64 (1.7.6-1) ...
Selecting previously unselected package lsb-base.
Preparing to unpack .../080-lsb-base_9.20170808_all.deb ...
Unpacking lsb-base (9.20170808) ...
Selecting previously unselected package x11-common.
Preparing to unpack .../081-x11-common_1%3a7.7+19_all.deb ...
Unpacking x11-common (1:7.7+19) ...
Selecting previously unselected package libice6:amd64.
Preparing to unpack .../082-libice6_2%3a1.0.9-2_amd64.deb ...
Unpacking libice6:amd64 (2:1.0.9-2) ...
Selecting previously unselected package libpotrace0.
Preparing to unpack .../083-libpotrace0_1.14-2_amd64.deb ...
Unpacking libpotrace0 (1.14-2) ...
Selecting previously unselected package libsm6:amd64.
Preparing to unpack .../084-libsm6_2%3a1.2.2-1+b3_amd64.deb ...
Unpacking libsm6:amd64 (2:1.2.2-1+b3) ...
Selecting previously unselected package libxt6:amd64.
Preparing to unpack .../085-libxt6_1%3a1.1.5-1_amd64.deb ...
Unpacking libxt6:amd64 (1:1.1.5-1) ...
Selecting previously unselected package libxmu6:amd64.
Preparing to unpack .../086-libxmu6_2%3a1.1.2-2_amd64.deb ...
Unpacking libxmu6:amd64 (2:1.1.2-2) ...
Selecting previously unselected package libxpm4:amd64.
Preparing to unpack .../087-libxpm4_1%3a3.5.12-1_amd64.deb ...
Unpacking libxpm4:amd64 (1:3.5.12-1) ...
Selecting previously unselected package libxaw7:amd64.
Preparing to unpack .../088-libxaw7_2%3a1.0.13-1+b2_amd64.deb ...
Unpacking libxaw7:amd64 (2:1.0.13-1+b2) ...
Selecting previously unselected package libxi6:amd64.
Preparing to unpack .../089-libxi6_2%3a1.7.9-1_amd64.deb ...
Unpacking libxi6:amd64 (2:1.7.9-1) ...
Selecting previously unselected package libzzip-0-13:amd64.
Preparing to unpack .../090-libzzip-0-13_0.13.62-3.1_amd64.deb ...
Unpacking libzzip-0-13:amd64 (0.13.62-3.1) ...
Selecting previously unselected package texlive-binaries.
Preparing to unpack .../091-texlive-binaries_2018.20180416.47457-2_amd64.deb ...
Unpacking texlive-binaries (2018.20180416.47457-2) ...
Selecting previously unselected package xdg-utils.
Preparing to unpack .../092-xdg-utils_1.1.2-2_all.deb ...
Unpacking xdg-utils (1.1.2-2) ...
Selecting previously unselected package texlive-base.
Preparing to unpack .../093-texlive-base_2018.20180416-1_all.deb ...
Unpacking texlive-base (2018.20180416-1) ...
Selecting previously unselected package fonts-lmodern.
Preparing to unpack .../094-fonts-lmodern_2.004.5-3_all.deb ...
Unpacking fonts-lmodern (2.004.5-3) ...
Selecting previously unselected package texlive-latex-base.
Preparing to unpack .../095-texlive-latex-base_2018.20180416-1_all.deb ...
Unpacking texlive-latex-base (2018.20180416-1) ...
Selecting previously unselected package texlive-latex-recommended.
Preparing to unpack .../096-texlive-latex-recommended_2018.20180416-1_all.deb ...
Unpacking texlive-latex-recommended (2018.20180416-1) ...
Selecting previously unselected package cm-super-minimal.
Preparing to unpack .../097-cm-super-minimal_0.3.4-11_all.deb ...
Unpacking cm-super-minimal (0.3.4-11) ...
Selecting previously unselected package libtool.
Preparing to unpack .../098-libtool_2.4.6-2.1_all.deb ...
Unpacking libtool (2.4.6-2.1) ...
Selecting previously unselected package dh-autoreconf.
Preparing to unpack .../099-dh-autoreconf_17_all.deb ...
Unpacking dh-autoreconf (17) ...
Selecting previously unselected package libarchive-zip-perl.
Preparing to unpack .../100-libarchive-zip-perl_1.60-1_all.deb ...
Unpacking libarchive-zip-perl (1.60-1) ...
Selecting previously unselected package libfile-stripnondeterminism-perl.
Preparing to unpack .../101-libfile-stripnondeterminism-perl_0.041-1_all.deb ...
Unpacking libfile-stripnondeterminism-perl (0.041-1) ...
Selecting previously unselected package libtimedate-perl.
Preparing to unpack .../102-libtimedate-perl_2.3000-2_all.deb ...
Unpacking libtimedate-perl (2.3000-2) ...
Selecting previously unselected package dh-strip-nondeterminism.
Preparing to unpack .../103-dh-strip-nondeterminism_0.041-1_all.deb ...
Unpacking dh-strip-nondeterminism (0.041-1) ...
Selecting previously unselected package libcroco3:amd64.
Preparing to unpack .../104-libcroco3_0.6.12-2_amd64.deb ...
Unpacking libcroco3:amd64 (0.6.12-2) ...
Selecting previously unselected package gettext.
Preparing to unpack .../105-gettext_0.19.8.1-6_amd64.deb ...
Unpacking gettext (0.19.8.1-6) ...
Selecting previously unselected package intltool-debian.
Preparing to unpack .../106-intltool-debian_0.35.0+20060710.4_all.deb ...
Unpacking intltool-debian (0.35.0+20060710.4) ...
Selecting previously unselected package po-debconf.
Preparing to unpack .../107-po-debconf_1.0.20_all.deb ...
Unpacking po-debconf (1.0.20) ...
Selecting previously unselected package debhelper.
Preparing to unpack .../108-debhelper_11.2.1_all.deb ...
Unpacking debhelper (11.2.1) ...
Selecting previously unselected package gnustep-common.
Preparing to unpack .../109-gnustep-common_2.7.0-3_amd64.deb ...
Unpacking gnustep-common (2.7.0-3) ...
Selecting previously unselected package gnustep-base-common.
Preparing to unpack .../110-gnustep-base-common_1.25.1-2_all.deb ...
Unpacking gnustep-base-common (1.25.1-2) ...
Selecting previously unselected package libxslt1.1:amd64.
Preparing to unpack .../111-libxslt1.1_1.1.29-5_amd64.deb ...
Unpacking libxslt1.1:amd64 (1.1.29-5) ...
Selecting previously unselected package libgnustep-base1.25.
Preparing to unpack .../112-libgnustep-base1.25_1.25.1-2_amd64.deb ...
Unpacking libgnustep-base1.25 (1.25.1-2) ...
Selecting previously unselected package gnustep-base-runtime.
Preparing to unpack .../113-gnustep-base-runtime_1.25.1-2_amd64.deb ...
Unpacking gnustep-base-runtime (1.25.1-2) ...
Selecting previously unselected package gnustep-gui-common.
Preparing to unpack .../114-gnustep-gui-common_0.26.2-3_all.deb ...
Unpacking gnustep-gui-common (0.26.2-3) ...
Selecting previously unselected package libao-common.
Preparing to unpack .../115-libao-common_1.2.2+20180113-1_all.deb ...
Unpacking libao-common (1.2.2+20180113-1) ...
Selecting previously unselected package libao4:amd64.
Preparing to unpack .../116-libao4_1.2.2+20180113-1_amd64.deb ...
Unpacking libao4:amd64 (1.2.2+20180113-1) ...
Selecting previously unselected package libaspell15:amd64.
Preparing to unpack .../117-libaspell15_0.60.7~20110707-4_amd64.deb ...
Unpacking libaspell15:amd64 (0.60.7~20110707-4) ...
Selecting previously unselected package libasound2-data.
Preparing to unpack .../118-libasound2-data_1.1.6-1_all.deb ...
Unpacking libasound2-data (1.1.6-1) ...
Selecting previously unselected package libasound2:amd64.
Preparing to unpack .../119-libasound2_1.1.6-1_amd64.deb ...
Unpacking libasound2:amd64 (1.1.6-1) ...
Selecting previously unselected package libflite1:amd64.
Preparing to unpack .../120-libflite1_2.1-release-2_amd64.deb ...
Unpacking libflite1:amd64 (2.1-release-2) ...
Selecting previously unselected package libgif7:amd64.
Preparing to unpack .../121-libgif7_5.1.4-2_amd64.deb ...
Unpacking libgif7:amd64 (5.1.4-2) ...
Selecting previously unselected package libgnustep-gui0.26.
Preparing to unpack .../122-libgnustep-gui0.26_0.26.2-3_amd64.deb ...
Unpacking libgnustep-gui0.26 (0.26.2-3) ...
Selecting previously unselected package libogg0:amd64.
Preparing to unpack .../123-libogg0_1.3.2-1+b1_amd64.deb ...
Unpacking libogg0:amd64 (1.3.2-1+b1) ...
Selecting previously unselected package libflac8:amd64.
Preparing to unpack .../124-libflac8_1.3.2-2_amd64.deb ...
Unpacking libflac8:amd64 (1.3.2-2) ...
Selecting previously unselected package libvorbis0a:amd64.
Preparing to unpack .../125-libvorbis0a_1.3.6-1_amd64.deb ...
Unpacking libvorbis0a:amd64 (1.3.6-1) ...
Selecting previously unselected package libvorbisenc2:amd64.
Preparing to unpack .../126-libvorbisenc2_1.3.6-1_amd64.deb ...
Unpacking libvorbisenc2:amd64 (1.3.6-1) ...
Selecting previously unselected package libsndfile1:amd64.
Preparing to unpack .../127-libsndfile1_1.0.28-4_amd64.deb ...
Unpacking libsndfile1:amd64 (1.0.28-4) ...
Selecting previously unselected package gnustep-gui-runtime.
Preparing to unpack .../128-gnustep-gui-runtime_0.26.2-3_amd64.deb ...
Unpacking gnustep-gui-runtime (0.26.2-3) ...
Selecting previously unselected package gobjc-7.
Preparing to unpack .../129-gobjc-7_7.3.0-17_amd64.deb ...
Unpacking gobjc-7 (7.3.0-17) ...
Selecting previously unselected package gobjc.
Preparing to unpack .../130-gobjc_4%3a7.3.0-3_amd64.deb ...
Unpacking gobjc (4:7.3.0-3) ...
Selecting previously unselected package gnustep-make.
Preparing to unpack .../131-gnustep-make_2.7.0-3_all.deb ...
Unpacking gnustep-make (2.7.0-3) ...
Selecting previously unselected package hicolor-icon-theme.
Preparing to unpack .../132-hicolor-icon-theme_0.17-2_all.deb ...
Unpacking hicolor-icon-theme (0.17-2) ...
Selecting previously unselected package imagemagick-6.q16.
Preparing to unpack .../133-imagemagick-6.q16_8%3a6.9.9.39+dfsg-1_amd64.deb ...
Unpacking imagemagick-6.q16 (8:6.9.9.39+dfsg-1) ...
Selecting previously unselected package imagemagick.
Preparing to unpack .../134-imagemagick_8%3a6.9.9.39+dfsg-1_amd64.deb ...
Unpacking imagemagick (8:6.9.9.39+dfsg-1) ...
Selecting previously unselected package libgnustep-base-dev.
Preparing to unpack .../135-libgnustep-base-dev_1.25.1-2_amd64.deb ...
Unpacking libgnustep-base-dev (1.25.1-2) ...
Selecting previously unselected package libgnustep-gui-dev.
Preparing to unpack .../136-libgnustep-gui-dev_0.26.2-3_amd64.deb ...
Unpacking libgnustep-gui-dev (0.26.2-3) ...
Selecting previously unselected package libtext-unidecode-perl.
Preparing to unpack .../137-libtext-unidecode-perl_1.30-1_all.deb ...
Unpacking libtext-unidecode-perl (1.30-1) ...
Selecting previously unselected package libxml-namespacesupport-perl.
Preparing to unpack .../138-libxml-namespacesupport-perl_1.12-1_all.deb ...
Unpacking libxml-namespacesupport-perl (1.12-1) ...
Selecting previously unselected package libxml-sax-base-perl.
Preparing to unpack .../139-libxml-sax-base-perl_1.09-1_all.deb ...
Unpacking libxml-sax-base-perl (1.09-1) ...
Selecting previously unselected package libxml-sax-perl.
Preparing to unpack .../140-libxml-sax-perl_1.00+dfsg-1_all.deb ...
Unpacking libxml-sax-perl (1.00+dfsg-1) ...
Selecting previously unselected package libxml-libxml-perl.
Preparing to unpack .../141-libxml-libxml-perl_2.0128+dfsg-5_amd64.deb ...
Unpacking libxml-libxml-perl (2.0128+dfsg-5) ...
Selecting previously unselected package texinfo.
Preparing to unpack .../142-texinfo_6.5.0.dfsg.1-2_amd64.deb ...
Unpacking texinfo (6.5.0.dfsg.1-2) ...
Selecting previously unselected package texlive-fonts-recommended.
Preparing to unpack .../143-texlive-fonts-recommended_2018.20180416-1_all.deb ...
Unpacking texlive-fonts-recommended (2018.20180416-1) ...
Selecting previously unselected package sbuild-build-depends-gorm.app-dummy.
Preparing to unpack .../144-sbuild-build-depends-gorm.app-dummy_0.invalid.0_amd64.deb ...
Unpacking sbuild-build-depends-gorm.app-dummy (0.invalid.0) ...
Setting up libgs9-common (9.22~dfsg-2.1) ...
Setting up libkpathsea6:amd64 (2018.20180416.47457-2) ...
Setting up libtexlua52:amd64 (2018.20180416.47457-2) ...
Setting up imagemagick-6-common (8:6.9.9.39+dfsg-1) ...
Setting up libexpat1:amd64 (2.2.5-3) ...
Setting up gobjc-7 (7.3.0-17) ...
Setting up libopenjp2-7:amd64 (2.3.0-1) ...
Setting up libptexenc1:amd64 (2018.20180416.47457-2) ...
Setting up libjpeg62-turbo:amd64 (1:1.5.2-2+b1) ...
Setting up libarchive-zip-perl (1.60-1) ...
Setting up libxml-namespacesupport-perl (1.12-1) ...
Setting up libpng16-16:amd64 (1.6.34-1) ...
Setting up libtimedate-perl (2.3000-2) ...
Setting up liblcms2-2:amd64 (2.9-1) ...
Setting up libjbig0:amd64 (2.1-3.1+b2) ...
Setting up libsigsegv2:amd64 (2.12-2) ...
Setting up libaspell15:amd64 (0.60.7~20110707-4) ...
Setting up fonts-dejavu-core (2.37-1) ...
Setting up poppler-data (0.4.9-2) ...
Setting up tzdata (2018d-1) ...

Current default time zone: 'Etc/UTC'
Local time is now:      Wed May  2 13:17:42 UTC 2018.
Universal Time is now:  Wed May  2 13:17:42 UTC 2018.
Run 'dpkg-reconfigure tzdata' if you wish to change it.

Setting up groff-base (1.22.3-10) ...
Setting up libglib2.0-0:amd64 (2.56.1-2) ...
No schema files found: doing nothing.
Setting up libasound2-data (1.1.6-1) ...
Setting up libtexlua53:amd64 (2018.20180416.47457-2) ...
Setting up libtext-unidecode-perl (1.30-1) ...
Setting up libao-common (1.2.2+20180113-1) ...
Setting up libtiff5:amd64 (4.0.9-5) ...
Setting up gettext-base (0.19.8.1-6) ...
Setting up gobjc (4:7.3.0-3) ...
Setting up libsynctex2:amd64 (2018.20180416.47457-2) ...
Setting up libgif7:amd64 (5.1.4-2) ...
Setting up libpipeline1:amd64 (1.5.0-1) ...
Setting up m4 (1.4.18-1) ...
Setting up libfftw3-double3:amd64 (3.3.7-1+b1) ...
Setting up libicu57:amd64 (57.1-9) ...
Setting up gnustep-common (2.7.0-3) ...
Setting up ucf (3.0038) ...
Setting up libxml2:amd64 (2.9.4+dfsg1-6.1) ...
Setting up libfreetype6:amd64 (2.8.1-2) ...
Setting up libmagic-mgc (1:5.33-2) ...
Setting up libasound2:amd64 (1.1.6-1) ...
Setting up libmagic1:amd64 (1:5.33-2) ...
Setting up lsb-base (9.20170808) ...
Setting up libgraphite2-3:amd64 (1.3.11-2) ...
Setting up libcroco3:amd64 (0.6.12-2) ...
Setting up libxslt1.1:amd64 (1.1.29-5) ...
Setting up libogg0:amd64 (1.3.2-1+b1) ...
Setting up libxml-sax-base-perl (1.09-1) ...
Setting up liblqr-1-0:amd64 (0.4.2-2.1) ...
Setting up libjbig2dec0:amd64 (0.13-6) ...
Setting up libpixman-1-0:amd64 (0.34.0-2) ...
Processing triggers for libc-bin (2.27-3) ...
Setting up autotools-dev (20180224.1) ...
Setting up t1utils (1.41-2) ...
Setting up libssl1.1:amd64 (1.1.0h-2) ...
Setting up gnustep-make (2.7.0-3) ...
Setting up libltdl7:amd64 (2.4.6-2.1) ...
Setting up openssl (1.1.0h-2) ...
Setting up libijs-0.35:amd64 (0.35-13) ...
Setting up libpotrace0 (1.14-2) ...
Setting up libxdmcp6:amd64 (1:1.1.2-3) ...
Setting up libkeyutils1:amd64 (1.5.9-9.2) ...
Setting up bsdmainutils (11.1.2) ...
update-alternatives: using /usr/bin/bsd-write to provide /usr/bin/write (write) in auto mode
update-alternatives: using /usr/bin/bsd-from to provide /usr/bin/from (from) in auto mode
Setting up libvorbis0a:amd64 (1.3.6-1) ...
Setting up libzzip-0-13:amd64 (0.13.62-3.1) ...
Setting up x11-common (1:7.7+19) ...
update-rc.d: warning: start and stop actions are no longer supported; falling back to defaults
invoke-rc.d: could not determine current runlevel
All runlevel operations denied by policy
invoke-rc.d: policy-rc.d denied execution of start.
Setting up xdg-utils (1.1.2-2) ...
Setting up ca-certificates (20180409) ...
Updating certificates in /etc/ssl/certs...
133 added, 0 removed; done.
Setting up hicolor-icon-theme (0.17-2) ...
Setting up libtexluajit2:amd64 (2018.20180416.47457-2) ...
Setting up libx11-data (2:1.6.5-1) ...
Setting up libxau6:amd64 (1:1.0.8-1+b2) ...
Setting up autopoint (0.19.8.1-6) ...
Setting up libidn11:amd64 (1.33-2.2) ...
Setting up libdbus-1-3:amd64 (1.12.8-1) ...
Setting up fonts-lmodern (2.004.5-3) ...
Setting up libavahi-common-data:amd64 (0.7-4) ...
Setting up libfile-stripnondeterminism-perl (0.041-1) ...
Setting up libxml-sax-perl (1.00+dfsg-1) ...
update-perl-sax-parsers: Registering Perl SAX parser XML::SAX::PurePerl with priority 10...
update-perl-sax-parsers: Updating overall Perl SAX parser modules info file...

Creating config file /etc/perl/XML/SAX/ParserDetails.ini with new version
Setting up libpaper1:amd64 (1.1.24+nmu5) ...

Creating config file /etc/papersize with new version
Setting up gnustep-base-common (1.25.1-2) ...
Setting up libpaper-utils (1.1.24+nmu5) ...
Setting up fontconfig-config (2.13.0-4) ...
Setting up tex-common (6.09) ...
update-language: texlive-base not installed and configured, doing nothing!
Setting up gettext (0.19.8.1-6) ...
Setting up libflite1:amd64 (2.1-release-2) ...
Setting up libao4:amd64 (1.2.2+20180113-1) ...
Setting up gnustep-gui-common (0.26.2-3) ...
Setting up libflac8:amd64 (1.3.2-2) ...
Setting up libharfbuzz0b:amd64 (1.7.6-1) ...
Setting up autoconf (2.69-11) ...
Setting up file (1:5.33-2) ...
Setting up libkrb5support0:amd64 (1.16-2) ...
Setting up intltool-debian (0.35.0+20060710.4) ...
Setting up automake (1:1.15.1-3.1) ...
update-alternatives: using /usr/bin/automake-1.15 to provide /usr/bin/automake (automake) in auto mode
Setting up libice6:amd64 (2:1.0.9-2) ...
Setting up man-db (2.8.3-2) ...
Not building database; man-db/auto-update is not 'true'.
Setting up libavahi-common3:amd64 (0.7-4) ...
Setting up libxml-libxml-perl (2.0128+dfsg-5) ...
update-perl-sax-parsers: Registering Perl SAX parser XML::LibXML::SAX::Parser with priority 50...
update-perl-sax-parsers: Registering Perl SAX parser XML::LibXML::SAX with priority 50...
update-perl-sax-parsers: Updating overall Perl SAX parser modules info file...
Replacing config file /etc/perl/XML/SAX/ParserDetails.ini with new version
Setting up libvorbisenc2:amd64 (1.3.6-1) ...
Setting up libxcb1:amd64 (1.13-1) ...
Setting up libtool (2.4.6-2.1) ...
Setting up libfontconfig1:amd64 (2.13.0-4) ...
Setting up libsm6:amd64 (2:1.2.2-1+b3) ...
Setting up libk5crypto3:amd64 (1.16-2) ...
Setting up libxcb-render0:amd64 (1.13-1) ...
Setting up libharfbuzz-icu0:amd64 (1.7.6-1) ...
Setting up po-debconf (1.0.20) ...
Setting up libx11-6:amd64 (2:1.6.5-1) ...
Setting up libsndfile1:amd64 (1.0.28-4) ...
Setting up libxcb-shm0:amd64 (1.13-1) ...
Setting up libxpm4:amd64 (1:3.5.12-1) ...
Setting up libxt6:amd64 (1:1.1.5-1) ...
Setting up libxrender1:amd64 (1:0.9.10-1) ...
Setting up libavahi-client3:amd64 (0.7-4) ...
Setting up libkrb5-3:amd64 (1.16-2) ...
Setting up texinfo (6.5.0.dfsg.1-2) ...
Running mktexlsr. This may take some time. ... done.
Setting up libxext6:amd64 (2:1.3.3-1+b2) ...
Setting up libgnustep-base1.25 (1.25.1-2) ...
Setting up libxmu6:amd64 (2:1.1.2-2) ...
Setting up libgssapi-krb5-2:amd64 (1.16-2) ...
Setting up libmagickcore-6.q16-5:amd64 (8:6.9.9.39+dfsg-1) ...
Setting up libcups2:amd64 (2.2.7-3) ...
Setting up libxi6:amd64 (2:1.7.9-1) ...
Setting up libxaw7:amd64 (2:1.0.13-1+b2) ...
Setting up libcairo2:amd64 (1.15.10-3) ...
Setting up gnustep-base-runtime (1.25.1-2) ...
invoke-rc.d: could not determine current runlevel
All runlevel operations denied by policy
invoke-rc.d: policy-rc.d denied execution of start.
Setting up libgnustep-base-dev (1.25.1-2) ...
Setting up libgnustep-gui0.26 (0.26.2-3) ...
Setting up libmagickwand-6.q16-5:amd64 (8:6.9.9.39+dfsg-1) ...
Setting up libcupsimage2:amd64 (2.2.7-3) ...
Setting up gnustep-gui-runtime (0.26.2-3) ...
Setting up libgs9:amd64 (9.22~dfsg-2.1) ...
Setting up libgnustep-gui-dev (0.26.2-3) ...
Setting up imagemagick-6.q16 (8:6.9.9.39+dfsg-1) ...
update-alternatives: using /usr/bin/compare-im6.q16 to provide /usr/bin/compare (compare) in auto mode
update-alternatives: using /usr/bin/compare-im6.q16 to provide /usr/bin/compare-im6 (compare-im6) in auto mode
update-alternatives: using /usr/bin/animate-im6.q16 to provide /usr/bin/animate (animate) in auto mode
update-alternatives: using /usr/bin/animate-im6.q16 to provide /usr/bin/animate-im6 (animate-im6) in auto mode
update-alternatives: using /usr/bin/convert-im6.q16 to provide /usr/bin/convert (convert) in auto mode
update-alternatives: using /usr/bin/convert-im6.q16 to provide /usr/bin/convert-im6 (convert-im6) in auto mode
update-alternatives: using /usr/bin/composite-im6.q16 to provide /usr/bin/composite (composite) in auto mode
update-alternatives: using /usr/bin/composite-im6.q16 to provide /usr/bin/composite-im6 (composite-im6) in auto mode
update-alternatives: using /usr/bin/conjure-im6.q16 to provide /usr/bin/conjure (conjure) in auto mode
update-alternatives: using /usr/bin/conjure-im6.q16 to provide /usr/bin/conjure-im6 (conjure-im6) in auto mode
update-alternatives: using /usr/bin/import-im6.q16 to provide /usr/bin/import (import) in auto mode
update-alternatives: using /usr/bin/import-im6.q16 to provide /usr/bin/import-im6 (import-im6) in auto mode
update-alternatives: using /usr/bin/identify-im6.q16 to provide /usr/bin/identify (identify) in auto mode
update-alternatives: using /usr/bin/identify-im6.q16 to provide /usr/bin/identify-im6 (identify-im6) in auto mode
update-alternatives: using /usr/bin/stream-im6.q16 to provide /usr/bin/stream (stream) in auto mode
update-alternatives: using /usr/bin/stream-im6.q16 to provide /usr/bin/stream-im6 (stream-im6) in auto mode
update-alternatives: using /usr/bin/display-im6.q16 to provide /usr/bin/display (display) in auto mode
update-alternatives: using /usr/bin/display-im6.q16 to provide /usr/bin/display-im6 (display-im6) in auto mode
update-alternatives: using /usr/bin/montage-im6.q16 to provide /usr/bin/montage (montage) in auto mode
update-alternatives: using /usr/bin/montage-im6.q16 to provide /usr/bin/montage-im6 (montage-im6) in auto mode
update-alternatives: using /usr/bin/mogrify-im6.q16 to provide /usr/bin/mogrify (mogrify) in auto mode
update-alternatives: using /usr/bin/mogrify-im6.q16 to provide /usr/bin/mogrify-im6 (mogrify-im6) in auto mode
Setting up texlive-binaries (2018.20180416.47457-2) ...
update-alternatives: using /usr/bin/xdvi-xaw to provide /usr/bin/xdvi.bin (xdvi.bin) in auto mode
update-alternatives: using /usr/bin/bibtex.original to provide /usr/bin/bibtex (bibtex) in auto mode
Setting up imagemagick (8:6.9.9.39+dfsg-1) ...
Setting up texlive-base (2018.20180416-1) ...
tl-paper: setting paper size for dvips to a4: /var/lib/texmf/dvips/config/config-paper.ps
tl-paper: setting paper size for dvipdfmx to a4: /var/lib/texmf/dvipdfmx/dvipdfmx-paper.cfg
tl-paper: setting paper size for xdvi to a4: /var/lib/texmf/xdvi/XDvi-paper
tl-paper: setting paper size for pdftex to a4: /var/lib/texmf/tex/generic/config/pdftexconfig.tex
Setting up texlive-fonts-recommended (2018.20180416-1) ...
Setting up texlive-latex-base (2018.20180416-1) ...
Setting up texlive-latex-recommended (2018.20180416-1) ...
Setting up cm-super-minimal (0.3.4-11) ...
Setting up dh-autoreconf (17) ...
Setting up debhelper (11.2.1) ...
Setting up sbuild-build-depends-gorm.app-dummy (0.invalid.0) ...
Setting up dh-strip-nondeterminism (0.041-1) ...
Processing triggers for libc-bin (2.27-3) ...
Processing triggers for ca-certificates (20180409) ...
Updating certificates in /etc/ssl/certs...
0 added, 0 removed; done.
Running hooks in /etc/ca-certificates/update.d...
done.
Processing triggers for tex-common (6.09) ...
Running updmap-sys. This may take some time... done.
Running mktexlsr /var/lib/texmf ... done.
Building format(s) --all.
	This may take some time... done.

+------------------------------------------------------------------------------+
| Build environment                                                            |
+------------------------------------------------------------------------------+

Kernel: Linux 4.9.0-5-amd64 amd64 (x86_64)
Toolchain package versions: binutils_2.30-16 dpkg-dev_1.19.0.5 g++-7_7.3.0-17 gcc-7_7.3.0-17 libc6-dev_2.27-3 libstdc++-7-dev_7.3.0-17 libstdc++6_8-20180425-1 linux-libc-dev_4.15.17-1
Package versions: adduser_3.117 apt_1.6.1 autoconf_2.69-11 automake_1:1.15.1-3.1 autopoint_0.19.8.1-6 autotools-dev_20180224.1 base-files_10.1 base-passwd_3.5.45 bash_4.4.18-2 binutils_2.30-16 binutils-common_2.30-16 binutils-x86-64-linux-gnu_2.30-16 bsdmainutils_11.1.2 bsdutils_1:2.31.1-0.5 build-essential_12.5 bzip2_1.0.6-8.1 ca-certificates_20180409 clang-6.0_1:6.0-3 cm-super-minimal_0.3.4-11 coreutils_8.28-1 cpp_4:7.3.0-3 cpp-7_7.3.0-17 dash_0.5.8-2.10 debconf_1.5.66 debfoster_2.7-2.1+b1 debhelper_11.2.1 debian-archive-keyring_2017.7 debianutils_4.8.4 dh-autoreconf_17 dh-strip-nondeterminism_0.041-1 diffutils_1:3.6-1 dpkg_1.19.0.5 dpkg-dev_1.19.0.5 e2fslibs_1.44.1-2 e2fsprogs_1.44.1-2 eatmydata_105-6 fakeroot_1.22-2 fdisk_2.31.1-0.5 file_1:5.33-2 findutils_4.6.0+git+20171230-2 fontconfig-config_2.13.0-4 fonts-dejavu-core_2.37-1 fonts-lmodern_2.004.5-3 g++_4:7.3.0-3 g++-7_7.3.0-17 gcc_4:7.3.0-3 gcc-6-base_6.4.0-17 gcc-7_7.3.0-17 gcc-7-base_7.3.0-17 gcc-8-base_8-20180425-1 gettext_0.19.8.1-6 gettext-base_0.19.8.1-6 gnustep-base-common_1.25.1-2 gnustep-base-runtime_1.25.1-2 gnustep-common_2.7.0-3 gnustep-gui-common_0.26.2-3 gnustep-gui-runtime_0.26.2-3 gnustep-make_2.7.0-3 gobjc_4:7.3.0-3 gobjc-7_7.3.0-17 gpgv_2.2.5-1 grep_3.1-2 groff-base_1.22.3-10 gzip_1.6-5+b1 hicolor-icon-theme_0.17-2 hostname_3.20 imagemagick_8:6.9.9.39+dfsg-1 imagemagick-6-common_8:6.9.9.39+dfsg-1 imagemagick-6.q16_8:6.9.9.39+dfsg-1 init-system-helpers_1.51 intltool-debian_0.35.0+20060710.4 lib32gcc1_1:8-20180425-1 lib32stdc++6_8-20180425-1 libacl1_2.2.52-3+b1 libao-common_1.2.2+20180113-1 libao4_1.2.2+20180113-1 libapt-pkg5.0_1.6.1 libarchive-zip-perl_1.60-1 libasan4_7.3.0-17 libasound2_1.1.6-1 libasound2-data_1.1.6-1 libaspell15_0.60.7~20110707-4 libatomic1_8-20180425-1 libattr1_1:2.4.47-2+b2 libaudit-common_1:2.8.3-1 libaudit1_1:2.8.3-1 libavahi-client3_0.7-4 libavahi-common-data_0.7-4 libavahi-common3_0.7-4 libbinutils_2.30-16 libblkid1_2.31.1-0.5 libbsd0_0.8.7-1 libbz2-1.0_1.0.6-8.1 libc-bin_2.27-3 libc-dev-bin_2.27-3 libc6_2.27-3 libc6-dev_2.27-3 libc6-i386_2.27-3 libcairo2_1.15.10-3 libcap-ng0_0.7.9-1 libcc1-0_8-20180425-1 libcilkrts5_7.3.0-17 libclang-common-6.0-dev_1:6.0-3 libclang1-6.0_1:6.0-3 libcom-err2_1.44.1-2 libcomerr2_1.44.1-2 libcroco3_0.6.12-2 libcups2_2.2.7-3 libcupsimage2_2.2.7-3 libdb5.3_5.3.28-13.1+b1 libdbus-1-3_1.12.8-1 libdebconfclient0_0.243 libdpkg-perl_1.19.0.5 libeatmydata1_105-6 libedit2_3.1-20170329-1 libexpat1_2.2.5-3 libext2fs2_1.44.1-2 libfakeroot_1.22-2 libfdisk1_2.31.1-0.5 libffi6_3.2.1-8 libfftw3-double3_3.3.7-1+b1 libfile-stripnondeterminism-perl_0.041-1 libflac8_1.3.2-2 libflite1_2.1-release-2 libfontconfig1_2.13.0-4 libfreetype6_2.8.1-2 libgc1c2_1:7.4.2-8.2 libgcc-7-dev_7.3.0-17 libgcc1_1:8-20180425-1 libgcrypt20_1.8.2-2 libgdbm-compat4_1.14.1-6 libgdbm3_1.8.3-14 libgdbm5_1.14.1-6 libgif7_5.1.4-2 libglib2.0-0_2.56.1-2 libgmp10_2:6.1.2+dfsg-3 libgnustep-base-dev_1.25.1-2 libgnustep-base1.25_1.25.1-2 libgnustep-gui-dev_0.26.2-3 libgnustep-gui0.26_0.26.2-3 libgnutls30_3.5.18-1 libgomp1_8-20180425-1 libgpg-error0_1.29-4 libgraphite2-3_1.3.11-2 libgs9_9.22~dfsg-2.1 libgs9-common_9.22~dfsg-2.1 libgssapi-krb5-2_1.16-2 libharfbuzz-icu0_1.7.6-1 libharfbuzz0b_1.7.6-1 libhogweed4_3.4-1 libice6_2:1.0.9-2 libicu57_57.1-9 libidn11_1.33-2.2 libidn2-0_2.0.4-1.1 libijs-0.35_0.35-13 libisl15_0.18-4 libisl19_0.19-1 libitm1_8-20180425-1 libjbig0_2.1-3.1+b2 libjbig2dec0_0.13-6 libjpeg62-turbo_1:1.5.2-2+b1 libjsoncpp1_1.7.4-3 libk5crypto3_1.16-2 libkeyutils1_1.5.9-9.2 libkpathsea6_2018.20180416.47457-2 libkrb5-3_1.16-2 libkrb5support0_1.16-2 liblcms2-2_2.9-1 libllvm6.0_1:6.0-3 liblqr-1-0_0.4.2-2.1 liblsan0_8-20180425-1 libltdl7_2.4.6-2.1 liblz4-1_1.8.1.2-1 liblzma5_5.2.2-1.3 libmagic-mgc_1:5.33-2 libmagic1_1:5.33-2 libmagickcore-6.q16-5_8:6.9.9.39+dfsg-1 libmagickwand-6.q16-5_8:6.9.9.39+dfsg-1 libmount1_2.31.1-0.5 libmpc3_1.1.0-1 libmpfr4_3.1.6-1 libmpfr6_4.0.1-1 libmpx2_8-20180425-1 libncurses5_6.1+20180210-2 libncursesw5_6.1+20180210-2 libnettle6_3.4-1 libobjc-7-dev_7.3.0-17 libobjc4_8-20180425-1 libogg0_1.3.2-1+b1 libopenjp2-7_2.3.0-1 libp11-kit0_0.23.10-2 libpam-modules_1.1.8-3.7 libpam-modules-bin_1.1.8-3.7 libpam-runtime_1.1.8-3.7 libpam0g_1.1.8-3.7 libpaper-utils_1.1.24+nmu5 libpaper1_1.1.24+nmu5 libpcre3_2:8.39-9 libperl5.26_5.26.2-3 libpipeline1_1.5.0-1 libpixman-1-0_0.34.0-2 libpng16-16_1.6.34-1 libpotrace0_1.14-2 libptexenc1_2018.20180416.47457-2 libquadmath0_8-20180425-1 libseccomp2_2.3.3-1 libselinux1_2.7-2+b2 libsemanage-common_2.7-2 libsemanage1_2.7-2+b2 libsepol1_2.7-1 libsigsegv2_2.12-2 libsm6_2:1.2.2-1+b3 libsmartcols1_2.31.1-0.5 libsndfile1_1.0.28-4 libss2_1.44.1-2 libssl1.1_1.1.0h-2 libstdc++-7-dev_7.3.0-17 libstdc++6_8-20180425-1 libsynctex2_2018.20180416.47457-2 libsystemd0_238-4 libtasn1-6_4.13-2 libtexlua52_2018.20180416.47457-2 libtexlua53_2018.20180416.47457-2 libtexluajit2_2018.20180416.47457-2 libtext-unidecode-perl_1.30-1 libtiff5_4.0.9-5 libtimedate-perl_2.3000-2 libtinfo5_6.1+20180210-2 libtinfo6_6.1+20180210-2 libtool_2.4.6-2.1 libtsan0_8-20180425-1 libubsan0_7.3.0-17 libudev1_238-4 libunistring2_0.9.8-1 libustr-1.0-1_1.0.4-6 libuuid1_2.31.1-0.5 libvorbis0a_1.3.6-1 libvorbisenc2_1.3.6-1 libx11-6_2:1.6.5-1 libx11-data_2:1.6.5-1 libxau6_1:1.0.8-1+b2 libxaw7_2:1.0.13-1+b2 libxcb-render0_1.13-1 libxcb-shm0_1.13-1 libxcb1_1.13-1 libxdmcp6_1:1.1.2-3 libxext6_2:1.3.3-1+b2 libxi6_2:1.7.9-1 libxml-libxml-perl_2.0128+dfsg-5 libxml-namespacesupport-perl_1.12-1 libxml-sax-base-perl_1.09-1 libxml-sax-perl_1.00+dfsg-1 libxml2_2.9.4+dfsg1-6.1 libxmu6_2:1.1.2-2 libxpm4_1:3.5.12-1 libxrender1_1:0.9.10-1 libxslt1.1_1.1.29-5 libxt6_1:1.1.5-1 libzstd1_1.3.4+dfsg-1 libzzip-0-13_0.13.62-3.1 linux-libc-dev_4.15.17-1 login_1:4.5-1 lsb-base_9.20170808 m4_1.4.18-1 make_4.2.1-1 man-db_2.8.3-2 mawk_1.3.3-17+b3 mount_2.31.1-0.5 multiarch-support_2.27-3 ncurses-base_6.1+20180210-2 ncurses-bin_6.1+20180210-2 openssl_1.1.0h-2 passwd_1:4.5-1 patch_2.7.6-2 perl_5.26.2-3 perl-base_5.26.2-3 perl-modules-5.26_5.26.2-3 po-debconf_1.0.20 poppler-data_0.4.9-2 sbuild-build-depends-core-dummy_0.invalid.0 sbuild-build-depends-gorm.app-dummy_0.invalid.0 sed_4.4-2 sensible-utils_0.0.12 sysvinit-utils_2.88dsf-59.10 t1utils_1.41-2 tar_1.30+dfsg-1 tex-common_6.09 texinfo_6.5.0.dfsg.1-2 texlive-base_2018.20180416-1 texlive-binaries_2018.20180416.47457-2 texlive-fonts-recommended_2018.20180416-1 texlive-latex-base_2018.20180416-1 texlive-latex-recommended_2018.20180416-1 tzdata_2018d-1 ucf_3.0038 util-linux_2.31.1-0.5 x11-common_1:7.7+19 xdg-utils_1.1.2-2 xz-utils_5.2.2-1.3 zlib1g_1:1.2.11.dfsg-1

+------------------------------------------------------------------------------+
| Build                                                                        |
+------------------------------------------------------------------------------+


Unpack source
-------------

gpgv: unknown type of key resource 'trustedkeys.kbx'
gpgv: keyblock resource '/sbuild-nonexistent/.gnupg/trustedkeys.kbx': General error
gpgv: Signature made Sun Jan  8 05:41:21 2017 UTC
gpgv:                using RSA key 468C89793B429819E9D761266BE663C75A35C975
gpgv: Can't check signature: No public key
dpkg-source: warning: failed to verify signature on ./gorm.app_1.2.23-1.dsc
dpkg-source: info: extracting gorm.app in /<<PKGBUILDDIR>>
dpkg-source: info: unpacking gorm.app_1.2.23.orig.tar.gz
dpkg-source: info: unpacking gorm.app_1.2.23-1.debian.tar.xz
dpkg-source: info: applying texinfo-fixes.patch
dpkg-source: info: applying link-libs.patch

Check disk space
----------------

Sufficient free space for build

User Environment
----------------

APT_CONFIG=/var/lib/sbuild/apt.conf
HOME=/sbuild-nonexistent
LANG=en_US.UTF-8
LC_ALL=POSIX
LOGNAME=user42
PATH=/usr/local/sbin:/usr/local/bin:/usr/sbin:/usr/bin:/sbin:/bin:/usr/games
SCHROOT_ALIAS_NAME=unstable-amd64-sbuild
SCHROOT_CHROOT_NAME=unstable-amd64-sbuild
SCHROOT_COMMAND=env
SCHROOT_GID=1001
SCHROOT_GROUP=user42
SCHROOT_SESSION_ID=unstable-amd64-sbuild-063d3d3a-0443-47be-8af3-2fa3e4b8a78f
SCHROOT_UID=1001
SCHROOT_USER=user42
SHELL=/bin/sh
USER=user42

dpkg-buildpackage
-----------------

dpkg-buildpackage: info: source package gorm.app
dpkg-buildpackage: info: source version 1.2.23-1
dpkg-buildpackage: info: source distribution unstable
dpkg-buildpackage: info: source changed by Grkan Myczko <gurkan@phys.ethz.ch>
 dpkg-source --before-build gorm.app-1.2.23
dpkg-buildpackage: info: host architecture amd64
 fakeroot debian/rules clean
dh clean --parallel
   dh_auto_clean -O--parallel
	make -j8 -Oline distclean
make[1]: Entering directory '/<<PKGBUILDDIR>>'
This is gnustep-make 2.7.0. Type 'make print-gnustep-make-help' for help.
make[1]: Leaving directory '/<<PKGBUILDDIR>>'
make[1]: Entering directory '/<<PKGBUILDDIR>>'
rm -rf ./*~ ./obj
make[1]: Leaving directory '/<<PKGBUILDDIR>>'
Making clean in GormObjCHeaderParser ...
rm -rf ./*~ ./obj
Making clean in GormLib ...
rm -rf ./*~ ./obj
rm -rf ../InterfaceBuilder
rm -rf ./InterfaceBuilder
Making clean in GormCore ...
rm -rf ./*~ ./obj
Making clean in GormPrefs ...
rm -rf ./*~ ./obj
Making clean in Palettes ...
rm -rf ./*~ ./obj
Making clean in 0Menus ...
rm -rf ./*~ ./obj
(cd .; \
rm -rf   *.palette)
Making clean in 1Windows ...
rm -rf ./*~ ./obj
(cd .; \
rm -rf   *.palette)
Making clean in 2Controls ...
rm -rf ./*~ ./obj
(cd .; \
rm -rf   *.palette)
Making clean in 3Containers ...
rm -rf ./*~ ./obj
(cd .; \
rm -rf   *.palette)
Making clean in 4Data ...
rm -rf ./*~ ./obj
(cd .; \
rm -rf   *.palette)
Making clean in Plugins ...
rm -rf ./*~ ./obj
Making clean in Gorm ...
rm -rf ./*~ ./obj
(cd .; \
rm -rf   Gorm.plugin)
Making clean in Nib ...
rm -rf ./*~ ./obj
(cd .; \
rm -rf   Nib.plugin)
Making clean in GModel ...
rm -rf ./*~ ./obj
(cd .; \
rm -rf   GModel.plugin)
Making clean in Xib ...
rm -rf ./*~ ./obj
(cd .; \
rm -rf   Xib.plugin)
make[1]: Entering directory '/<<PKGBUILDDIR>>'
(cd .; \
rm -rf    *.app)
make[1]: Leaving directory '/<<PKGBUILDDIR>>'
make[1]: Entering directory '/<<PKGBUILDDIR>>'
rm -f InterfaceBuilder
make[1]: Leaving directory '/<<PKGBUILDDIR>>'
Making distclean in GormObjCHeaderParser ...
make[2]: Nothing to be done for 'distclean'.
Making distclean in GormLib ...
make[2]: Nothing to be done for 'distclean'.
Making distclean in GormCore ...
make[2]: Nothing to be done for 'distclean'.
Making distclean in GormPrefs ...
make[2]: Nothing to be done for 'distclean'.
Making distclean in Palettes ...
Making distclean in 0Menus ...
make[3]: Nothing to be done for 'distclean'.
Making distclean in 1Windows ...
make[3]: Nothing to be done for 'distclean'.
Making distclean in 2Controls ...
make[3]: Nothing to be done for 'distclean'.
Making distclean in 3Containers ...
make[3]: Nothing to be done for 'distclean'.
Making distclean in 4Data ...
make[3]: Nothing to be done for 'distclean'.
Making distclean in Plugins ...
Making distclean in Gorm ...
make[3]: Nothing to be done for 'distclean'.
Making distclean in Nib ...
make[3]: Nothing to be done for 'distclean'.
Making distclean in GModel ...
make[3]: Nothing to be done for 'distclean'.
Making distclean in Xib ...
make[3]: Nothing to be done for 'distclean'.
   debian/rules override_dh_clean
make[1]: Entering directory '/<<PKGBUILDDIR>>'
[ ! -f Documentation/Gorm.info ] || /usr/bin/make -C Documentation distclean
dh_clean Gorm.xpm
make[1]: Leaving directory '/<<PKGBUILDDIR>>'
 debian/rules build-arch
dh build-arch --parallel
   dh_update_autotools_config -a -O--parallel
   dh_auto_configure -a -O--parallel
   debian/rules override_dh_auto_build
make[1]: Entering directory '/<<PKGBUILDDIR>>'
dh_auto_build --  messages=yes CFLAGS="-g -O2 -fdebug-prefix-map=/<<PKGBUILDDIR>>=. -fstack-protector-strong -Wformat -Werror=format-security" CPPFLAGS="-Wdate-time -D_FORTIFY_SOURCE=2" CXXFLAGS="-g -O2 -fdebug-prefix-map=/<<PKGBUILDDIR>>=. -fstack-protector-strong -Wformat -Werror=format-security" FCFLAGS="-g -O2 -fdebug-prefix-map=/<<PKGBUILDDIR>>=. -fstack-protector-strong" FFLAGS="-g -O2 -fdebug-prefix-map=/<<PKGBUILDDIR>>=. -fstack-protector-strong" GCJFLAGS="-g -O2 -fdebug-prefix-map=/<<PKGBUILDDIR>>=. -fstack-protector-strong" LDFLAGS="-Wl,-z,relro -Wl,-z,now -Wl,--no-undefined -Wl,--as-needed -Wl,-rpath,/usr/lib/gorm.app" OBJCFLAGS="-g -O2 -fdebug-prefix-map=/<<PKGBUILDDIR>>=. -fstack-protector-strong -Wformat -Werror=format-security" OBJCXXFLAGS="-g -O2 -fdebug-prefix-map=/<<PKGBUILDDIR>>=. -fstack-protector-strong -Wformat -Werror=format-security" 
	make -j8 -Oline messages=yes "CFLAGS=-g -O2 -fdebug-prefix-map=/<<PKGBUILDDIR>>=. -fstack-protector-strong -Wformat -Werror=format-security" "CPPFLAGS=-Wdate-time -D_FORTIFY_SOURCE=2" "CXXFLAGS=-g -O2 -fdebug-prefix-map=/<<PKGBUILDDIR>>=. -fstack-protector-strong -Wformat -Werror=format-security" "FCFLAGS=-g -O2 -fdebug-prefix-map=/<<PKGBUILDDIR>>=. -fstack-protector-strong" "FFLAGS=-g -O2 -fdebug-prefix-map=/<<PKGBUILDDIR>>=. -fstack-protector-strong" "GCJFLAGS=-g -O2 -fdebug-prefix-map=/<<PKGBUILDDIR>>=. -fstack-protector-strong" "LDFLAGS=-Wl,-z,relro -Wl,-z,now -Wl,--no-undefined -Wl,--as-needed -Wl,-rpath,/usr/lib/gorm.app" "OBJCFLAGS=-g -O2 -fdebug-prefix-map=/<<PKGBUILDDIR>>=. -fstack-protector-strong -Wformat -Werror=format-security" "OBJCXXFLAGS=-g -O2 -fdebug-prefix-map=/<<PKGBUILDDIR>>=. -fstack-protector-strong -Wformat -Werror=format-security"
make[2]: Entering directory '/<<PKGBUILDDIR>>'
This is gnustep-make 2.7.0. Type 'make print-gnustep-make-help' for help.
make[2]: Leaving directory '/<<PKGBUILDDIR>>'
make[2]: Entering directory '/<<PKGBUILDDIR>>'
rm -f InterfaceBuilder; \
ln -s GormLib InterfaceBuilder
make[2]: Leaving directory '/<<PKGBUILDDIR>>'
Making all in GormObjCHeaderParser ...
make[3]: Entering directory '/<<PKGBUILDDIR>>/GormObjCHeaderParser'
cd .; \
/usr/share/GNUstep/Makefiles/mkinstalldirs ./obj
make[3]: Leaving directory '/<<PKGBUILDDIR>>/GormObjCHeaderParser'
Making all for library libGormObjCHeaderParser...
cd .; \
/usr/share/GNUstep/Makefiles/mkinstalldirs ./obj/libGormObjCHeaderParser.obj/
gcc OCClass.m -c \
      -MMD -MP -Wdate-time -D_FORTIFY_SOURCE=2 -DGNUSTEP -DGNUSTEP_BASE_LIBRARY=1 -DGNU_GUI_LIBRARY=1 -DGNU_RUNTIME=1 -DGNUSTEP_BASE_LIBRARY=1 -fno-strict-aliasing -fexceptions -fobjc-exceptions -D_NATIVE_OBJC_EXCEPTIONS -pthread -fPIC -Wall -DGSWARN -DGSDIAGNOSE -Wno-import -g -O2 -g -O2 -fdebug-prefix-map=/<<PKGBUILDDIR>>=. -fstack-protector-strong -Wformat -Werror=format-security -fgnu-runtime -fconstant-string-class=NSConstantString -I.. -I. -I/usr/local/include/GNUstep -I/usr/include/GNUstep \
       -o obj/libGormObjCHeaderParser.obj/OCClass.m.o
In file included from OCClass.m:26:
In file included from /usr/include/GNUstep/Foundation/NSString.h:89:
In file included from /usr/include/GNUstep/Foundation/NSObject.h:30:
In file included from /usr/include/GNUstep/Foundation/NSObjCRuntime.h:222:
/usr/include/GNUstep/GNUstepBase/GSObjCRuntime.h:58:11: fatal error: 'objc/objc.h' file not found
 #include <objc/objc.h>
          ^~~~~~~~~~~~~
1 error generated.
make[6]: *** [/usr/share/GNUstep/Makefiles/rules.make:479: obj/libGormObjCHeaderParser.obj/OCClass.m.o] Error 1
make[6]: *** Waiting for unfinished jobs....
gcc OCHeaderParser.m -c \
      -MMD -MP -Wdate-time -D_FORTIFY_SOURCE=2 -DGNUSTEP -DGNUSTEP_BASE_LIBRARY=1 -DGNU_GUI_LIBRARY=1 -DGNU_RUNTIME=1 -DGNUSTEP_BASE_LIBRARY=1 -fno-strict-aliasing -fexceptions -fobjc-exceptions -D_NATIVE_OBJC_EXCEPTIONS -pthread -fPIC -Wall -DGSWARN -DGSDIAGNOSE -Wno-import -g -O2 -g -O2 -fdebug-prefix-map=/<<PKGBUILDDIR>>=. -fstack-protector-strong -Wformat -Werror=format-security -fgnu-runtime -fconstant-string-class=NSConstantString -I.. -I. -I/usr/local/include/GNUstep -I/usr/include/GNUstep \
       -o obj/libGormObjCHeaderParser.obj/OCHeaderParser.m.o
In file included from OCHeaderParser.m:26:
/usr/include/GNUstep/Foundation/Foundation.h:31:9: fatal error: 'objc/objc.h' file not found
#import <objc/objc.h>
        ^~~~~~~~~~~~~
1 error generated.
make[6]: *** [/usr/share/GNUstep/Makefiles/rules.make:479: obj/libGormObjCHeaderParser.obj/OCHeaderParser.m.o] Error 1
gcc OCIVarDecl.m -c \
      -MMD -MP -Wdate-time -D_FORTIFY_SOURCE=2 -DGNUSTEP -DGNUSTEP_BASE_LIBRARY=1 -DGNU_GUI_LIBRARY=1 -DGNU_RUNTIME=1 -DGNUSTEP_BASE_LIBRARY=1 -fno-strict-aliasing -fexceptions -fobjc-exceptions -D_NATIVE_OBJC_EXCEPTIONS -pthread -fPIC -Wall -DGSWARN -DGSDIAGNOSE -Wno-import -g -O2 -g -O2 -fdebug-prefix-map=/<<PKGBUILDDIR>>=. -fstack-protector-strong -Wformat -Werror=format-security -fgnu-runtime -fconstant-string-class=NSConstantString -I.. -I. -I/usr/local/include/GNUstep -I/usr/include/GNUstep \
       -o obj/libGormObjCHeaderParser.obj/OCIVarDecl.m.o
In file included from OCIVarDecl.m:26:
/usr/include/GNUstep/Foundation/Foundation.h:31:9: fatal error: 'objc/objc.h' file not found
#import <objc/objc.h>
        ^~~~~~~~~~~~~
1 error generated.
make[6]: *** [/usr/share/GNUstep/Makefiles/rules.make:479: obj/libGormObjCHeaderParser.obj/OCIVarDecl.m.o] Error 1
gcc OCMethod.m -c \
      -MMD -MP -Wdate-time -D_FORTIFY_SOURCE=2 -DGNUSTEP -DGNUSTEP_BASE_LIBRARY=1 -DGNU_GUI_LIBRARY=1 -DGNU_RUNTIME=1 -DGNUSTEP_BASE_LIBRARY=1 -fno-strict-aliasing -fexceptions -fobjc-exceptions -D_NATIVE_OBJC_EXCEPTIONS -pthread -fPIC -Wall -DGSWARN -DGSDIAGNOSE -Wno-import -g -O2 -g -O2 -fdebug-prefix-map=/<<PKGBUILDDIR>>=. -fstack-protector-strong -Wformat -Werror=format-security -fgnu-runtime -fconstant-string-class=NSConstantString -I.. -I. -I/usr/local/include/GNUstep -I/usr/include/GNUstep \
       -o obj/libGormObjCHeaderParser.obj/OCMethod.m.o
In file included from OCMethod.m:26:
/usr/include/GNUstep/Foundation/Foundation.h:31:9: fatal error: 'objc/objc.h' file not found
#import <objc/objc.h>
        ^~~~~~~~~~~~~
1 error generated.
make[6]: *** [/usr/share/GNUstep/Makefiles/rules.make:479: obj/libGormObjCHeaderParser.obj/OCMethod.m.o] Error 1
gcc OCIVar.m -c \
      -MMD -MP -Wdate-time -D_FORTIFY_SOURCE=2 -DGNUSTEP -DGNUSTEP_BASE_LIBRARY=1 -DGNU_GUI_LIBRARY=1 -DGNU_RUNTIME=1 -DGNUSTEP_BASE_LIBRARY=1 -fno-strict-aliasing -fexceptions -fobjc-exceptions -D_NATIVE_OBJC_EXCEPTIONS -pthread -fPIC -Wall -DGSWARN -DGSDIAGNOSE -Wno-import -g -O2 -g -O2 -fdebug-prefix-map=/<<PKGBUILDDIR>>=. -fstack-protector-strong -Wformat -Werror=format-security -fgnu-runtime -fconstant-string-class=NSConstantString -I.. -I. -I/usr/local/include/GNUstep -I/usr/include/GNUstep \
       -o obj/libGormObjCHeaderParser.obj/OCIVar.m.o
In file included from OCIVar.m:26:
/usr/include/GNUstep/Foundation/Foundation.h:31:9: fatal error: 'objc/objc.h' file not found
#import <objc/objc.h>
        ^~~~~~~~~~~~~
1 error generated.
make[6]: *** [/usr/share/GNUstep/Makefiles/rules.make:479: obj/libGormObjCHeaderParser.obj/OCIVar.m.o] Error 1
gcc NSScanner+OCHeaderParser.m -c \
      -MMD -MP -Wdate-time -D_FORTIFY_SOURCE=2 -DGNUSTEP -DGNUSTEP_BASE_LIBRARY=1 -DGNU_GUI_LIBRARY=1 -DGNU_RUNTIME=1 -DGNUSTEP_BASE_LIBRARY=1 -fno-strict-aliasing -fexceptions -fobjc-exceptions -D_NATIVE_OBJC_EXCEPTIONS -pthread -fPIC -Wall -DGSWARN -DGSDIAGNOSE -Wno-import -g -O2 -g -O2 -fdebug-prefix-map=/<<PKGBUILDDIR>>=. -fstack-protector-strong -Wformat -Werror=format-security -fgnu-runtime -fconstant-string-class=NSConstantString -I.. -I. -I/usr/local/include/GNUstep -I/usr/include/GNUstep \
       -o obj/libGormObjCHeaderParser.obj/NSScanner+OCHeaderParser.m.o
In file included from NSScanner+OCHeaderParser.m:26:
/usr/include/GNUstep/Foundation/Foundation.h:31:9: fatal error: 'objc/objc.h' file not found
#import <objc/objc.h>
        ^~~~~~~~~~~~~
1 error generated.
make[6]: *** [/usr/share/GNUstep/Makefiles/rules.make:479: obj/libGormObjCHeaderParser.obj/NSScanner+OCHeaderParser.m.o] Error 1
gcc ParserFunctions.m -c \
      -MMD -MP -Wdate-time -D_FORTIFY_SOURCE=2 -DGNUSTEP -DGNUSTEP_BASE_LIBRARY=1 -DGNU_GUI_LIBRARY=1 -DGNU_RUNTIME=1 -DGNUSTEP_BASE_LIBRARY=1 -fno-strict-aliasing -fexceptions -fobjc-exceptions -D_NATIVE_OBJC_EXCEPTIONS -pthread -fPIC -Wall -DGSWARN -DGSDIAGNOSE -Wno-import -g -O2 -g -O2 -fdebug-prefix-map=/<<PKGBUILDDIR>>=. -fstack-protector-strong -Wformat -Werror=format-security -fgnu-runtime -fconstant-string-class=NSConstantString -I.. -I. -I/usr/local/include/GNUstep -I/usr/include/GNUstep \
       -o obj/libGormObjCHeaderParser.obj/ParserFunctions.m.o
In file included from ParserFunctions.m:25:
/usr/include/GNUstep/Foundation/Foundation.h:31:9: fatal error: 'objc/objc.h' file not found
#import <objc/objc.h>
        ^~~~~~~~~~~~~
1 error generated.
make[6]: *** [/usr/share/GNUstep/Makefiles/rules.make:479: obj/libGormObjCHeaderParser.obj/ParserFunctions.m.o] Error 1
make[5]: *** [/usr/share/GNUstep/Makefiles/Instance/library.make:278: internal-library-all_] Error 2
make[4]: *** [/usr/share/GNUstep/Makefiles/Master/rules.make:297: libGormObjCHeaderParser.all.library.variables] Error 2
make[3]: *** [/usr/share/GNUstep/Makefiles/Master/library.make:37: internal-all] Error 2
make[2]: *** [/usr/share/GNUstep/Makefiles/Master/serial-subdirectories.make:53: internal-all] Error 2
dh_auto_build: make -j8 -Oline messages=yes "CFLAGS=-g -O2 -fdebug-prefix-map=/<<PKGBUILDDIR>>=. -fstack-protector-strong -Wformat -Werror=format-security" "CPPFLAGS=-Wdate-time -D_FORTIFY_SOURCE=2" "CXXFLAGS=-g -O2 -fdebug-prefix-map=/<<PKGBUILDDIR>>=. -fstack-protector-strong -Wformat -Werror=format-security" "FCFLAGS=-g -O2 -fdebug-prefix-map=/<<PKGBUILDDIR>>=. -fstack-protector-strong" "FFLAGS=-g -O2 -fdebug-prefix-map=/<<PKGBUILDDIR>>=. -fstack-protector-strong" "GCJFLAGS=-g -O2 -fdebug-prefix-map=/<<PKGBUILDDIR>>=. -fstack-protector-strong" "LDFLAGS=-Wl,-z,relro -Wl,-z,now -Wl,--no-undefined -Wl,--as-needed -Wl,-rpath,/usr/lib/gorm.app" "OBJCFLAGS=-g -O2 -fdebug-prefix-map=/<<PKGBUILDDIR>>=. -fstack-protector-strong -Wformat -Werror=format-security" "OBJCXXFLAGS=-g -O2 -fdebug-prefix-map=/<<PKGBUILDDIR>>=. -fstack-protector-strong -Wformat -Werror=format-security" returned exit code 2
make[1]: *** [debian/rules:21: override_dh_auto_build] Error 25
make[1]: Leaving directory '/<<PKGBUILDDIR>>'
make: *** [debian/rules:18: build-arch] Error 2
dpkg-buildpackage: error: debian/rules build-arch subprocess returned exit status 2
--------------------------------------------------------------------------------
Build finished at 2018-05-02T13:17:51Z

Finished
--------


+------------------------------------------------------------------------------+
| Cleanup                                                                      |
+------------------------------------------------------------------------------+

Purging /<<BUILDDIR>>
Not cleaning session: cloned chroot in use
E: Build failure (dpkg-buildpackage died)

+------------------------------------------------------------------------------+
| Summary                                                                      |
+------------------------------------------------------------------------------+

Build Architecture: amd64
Build Type: any
Build-Space: 5428
Build-Time: 1
Distribution: unstable
Fail-Stage: build
Host Architecture: amd64
Install-Time: 28
Job: gorm.app_1.2.23-1
Machine Architecture: amd64
Package: gorm.app
Package-Time: 44
Source-Version: 1.2.23-1
Space: 5428
Status: attempted
Version: 1.2.23-1
--------------------------------------------------------------------------------
Finished at 2018-05-02T13:17:51Z
Build needed 00:00:44, 5428k disk space
E: Build failure (dpkg-buildpackage died)
DC-Status: Failed 44.690545323s
