DC-Build-Header: kronosnet 1.1-2 / 2018-05-02 12:00:44 +0000
DC-Task: type:rebuild-binarch-only source:kronosnet version:1.1-2 chroot:unstable esttime: logfile:/tmp/kronosnet_1.1-2_unstable_clang60.log modes:clang60:binarch-only
DC-Sbuild-call: su user42 -c 'sbuild -n --arch-any --apt-update -d unstable -v  --chroot-setup-commands=/tmp/clang60 kronosnet_1.1-2'
sbuild (Debian sbuild) 0.73.0 (23 Dec 2016) on ip-172-31-1-1.eu-central-1.compute.internal

+==============================================================================+
| kronosnet 1.1-2 (amd64)                      Wed, 02 May 2018 12:00:44 +0000 |
+==============================================================================+

Package: kronosnet
Version: 1.1-2
Source Version: 1.1-2
Distribution: unstable
Machine Architecture: amd64
Host Architecture: amd64
Build Architecture: amd64
Build Type: any

I: NOTICE: Log filtering will replace 'var/run/schroot/mount/unstable-amd64-sbuild-c882bd4c-9a9a-464d-8a21-2ee6f1d4e5de' with '<<CHROOT>>'

+------------------------------------------------------------------------------+
| Chroot Setup Commands                                                        |
+------------------------------------------------------------------------------+


/tmp/clang60
------------

+ echo 'Entering customization script...'
Entering customization script...
+ CLANG_VERSION=6.0
+ echo 'Install of clang-6.0'
Install of clang-6.0
+ apt-get update
Get:1 http://127.0.0.1:9999/debian unstable InRelease [242 kB]
Get:2 http://127.0.0.1:9999/debian unstable/main Sources.diff/Index [27.9 kB]
Get:3 http://127.0.0.1:9999/debian unstable/main amd64 Packages.diff/Index [27.9 kB]
Get:4 http://127.0.0.1:9999/debian unstable/main Sources 2018-05-02-0830.09.pdiff [16.2 kB]
Get:4 http://127.0.0.1:9999/debian unstable/main Sources 2018-05-02-0830.09.pdiff [16.2 kB]
Get:5 http://127.0.0.1:9999/debian unstable/main amd64 Packages 2018-05-02-0830.09.pdiff [1781 B]
Get:5 http://127.0.0.1:9999/debian unstable/main amd64 Packages 2018-05-02-0830.09.pdiff [1781 B]
Get:6 http://127.0.0.1:9999/debian unstable/main Translation-en [6016 kB]
Fetched 6332 kB in 2s (3413 kB/s)
Reading package lists...
+ apt-get install --yes --no-install-recommends --force-yes clang-6.0
Reading package lists...
Building dependency tree...
Reading state information...
The following additional packages will be installed:
  lib32gcc1 lib32stdc++6 libbsd0 libc6-i386 libclang-common-6.0-dev
  libclang1-6.0 libedit2 libjsoncpp1 libllvm6.0 libncurses5 libobjc-7-dev
  libobjc4
Suggested packages:
  gnustep gnustep-devel clang-6.0-doc
Recommended packages:
  llvm-6.0-dev python libomp-dev libgpm2
The following NEW packages will be installed:
  clang-6.0 lib32gcc1 lib32stdc++6 libbsd0 libc6-i386 libclang-common-6.0-dev
  libclang1-6.0 libedit2 libjsoncpp1 libllvm6.0 libncurses5 libobjc-7-dev
  libobjc4
0 upgraded, 13 newly installed, 0 to remove and 0 not upgraded.
Need to get 37.7 MB of archives.
After this operation, 187 MB of additional disk space will be used.
Get:1 http://127.0.0.1:9999/debian unstable/main amd64 libjsoncpp1 amd64 1.7.4-3 [75.6 kB]
Get:2 http://127.0.0.1:9999/debian unstable/main amd64 libbsd0 amd64 0.8.7-1 [92.1 kB]
Get:3 http://127.0.0.1:9999/debian unstable/main amd64 libncurses5 amd64 6.1+20180210-2 [95.7 kB]
Get:4 http://127.0.0.1:9999/debian unstable/main amd64 libedit2 amd64 3.1-20170329-1 [85.2 kB]
Get:5 http://127.0.0.1:9999/debian unstable/main amd64 libllvm6.0 amd64 1:6.0-3 [14.5 MB]
Get:6 http://127.0.0.1:9999/debian unstable/main amd64 libobjc4 amd64 8-20180425-1 [52.4 kB]
Get:7 http://127.0.0.1:9999/debian unstable/main amd64 libobjc-7-dev amd64 7.3.0-17 [204 kB]
Get:8 http://127.0.0.1:9999/debian unstable/main amd64 libc6-i386 amd64 2.27-3 [2855 kB]
Get:9 http://127.0.0.1:9999/debian unstable/main amd64 lib32gcc1 amd64 1:8-20180425-1 [47.8 kB]
Get:10 http://127.0.0.1:9999/debian unstable/main amd64 lib32stdc++6 amd64 8-20180425-1 [406 kB]
Get:11 http://127.0.0.1:9999/debian unstable/main amd64 libclang-common-6.0-dev amd64 1:6.0-3 [3102 kB]
Get:12 http://127.0.0.1:9999/debian unstable/main amd64 libclang1-6.0 amd64 1:6.0-3 [6995 kB]
Get:13 http://127.0.0.1:9999/debian unstable/main amd64 clang-6.0 amd64 1:6.0-3 [9175 kB]
debconf: delaying package configuration, since apt-utils is not installed
Fetched 37.7 MB in 0s (98.3 MB/s)
Selecting previously unselected package libjsoncpp1:amd64.
(Reading database ... (Reading database ... 5%(Reading database ... 10%(Reading database ... 15%(Reading database ... 20%(Reading database ... 25%(Reading database ... 30%(Reading database ... 35%(Reading database ... 40%(Reading database ... 45%(Reading database ... 50%(Reading database ... 55%(Reading database ... 60%(Reading database ... 65%(Reading database ... 70%(Reading database ... 75%(Reading database ... 80%(Reading database ... 85%(Reading database ... 90%(Reading database ... 95%(Reading database ... 100%(Reading database ... 10022 files and directories currently installed.)
Preparing to unpack .../00-libjsoncpp1_1.7.4-3_amd64.deb ...
Unpacking libjsoncpp1:amd64 (1.7.4-3) ...
Selecting previously unselected package libbsd0:amd64.
Preparing to unpack .../01-libbsd0_0.8.7-1_amd64.deb ...
Unpacking libbsd0:amd64 (0.8.7-1) ...
Selecting previously unselected package libncurses5:amd64.
Preparing to unpack .../02-libncurses5_6.1+20180210-2_amd64.deb ...
Unpacking libncurses5:amd64 (6.1+20180210-2) ...
Selecting previously unselected package libedit2:amd64.
Preparing to unpack .../03-libedit2_3.1-20170329-1_amd64.deb ...
Unpacking libedit2:amd64 (3.1-20170329-1) ...
Selecting previously unselected package libllvm6.0:amd64.
Preparing to unpack .../04-libllvm6.0_1%3a6.0-3_amd64.deb ...
Unpacking libllvm6.0:amd64 (1:6.0-3) ...
Selecting previously unselected package libobjc4:amd64.
Preparing to unpack .../05-libobjc4_8-20180425-1_amd64.deb ...
Unpacking libobjc4:amd64 (8-20180425-1) ...
Selecting previously unselected package libobjc-7-dev:amd64.
Preparing to unpack .../06-libobjc-7-dev_7.3.0-17_amd64.deb ...
Unpacking libobjc-7-dev:amd64 (7.3.0-17) ...
Selecting previously unselected package libc6-i386.
Preparing to unpack .../07-libc6-i386_2.27-3_amd64.deb ...
Unpacking libc6-i386 (2.27-3) ...
Selecting previously unselected package lib32gcc1.
Preparing to unpack .../08-lib32gcc1_1%3a8-20180425-1_amd64.deb ...
Unpacking lib32gcc1 (1:8-20180425-1) ...
Selecting previously unselected package lib32stdc++6.
Preparing to unpack .../09-lib32stdc++6_8-20180425-1_amd64.deb ...
Unpacking lib32stdc++6 (8-20180425-1) ...
Selecting previously unselected package libclang-common-6.0-dev.
Preparing to unpack .../10-libclang-common-6.0-dev_1%3a6.0-3_amd64.deb ...
Unpacking libclang-common-6.0-dev (1:6.0-3) ...
Selecting previously unselected package libclang1-6.0:amd64.
Preparing to unpack .../11-libclang1-6.0_1%3a6.0-3_amd64.deb ...
Unpacking libclang1-6.0:amd64 (1:6.0-3) ...
Selecting previously unselected package clang-6.0.
Preparing to unpack .../12-clang-6.0_1%3a6.0-3_amd64.deb ...
Unpacking clang-6.0 (1:6.0-3) ...
Setting up libncurses5:amd64 (6.1+20180210-2) ...
Setting up libobjc4:amd64 (8-20180425-1) ...
Setting up libc6-i386 (2.27-3) ...
Setting up libbsd0:amd64 (0.8.7-1) ...
Setting up libobjc-7-dev:amd64 (7.3.0-17) ...
Processing triggers for libc-bin (2.27-3) ...
Setting up lib32gcc1 (1:8-20180425-1) ...
Setting up libjsoncpp1:amd64 (1.7.4-3) ...
Setting up libedit2:amd64 (3.1-20170329-1) ...
Setting up libllvm6.0:amd64 (1:6.0-3) ...
Setting up libclang1-6.0:amd64 (1:6.0-3) ...
Setting up lib32stdc++6 (8-20180425-1) ...
Setting up libclang-common-6.0-dev (1:6.0-3) ...
Setting up clang-6.0 (1:6.0-3) ...
Processing triggers for libc-bin (2.27-3) ...
W: --force-yes is deprecated, use one of the options starting with --allow instead.
+ echo 'Replace gcc, g++ & cpp by clang'
Replace gcc, g++ & cpp by clang
+ VERSIONS='4.6 4.7 4.8 4.9 5 6 7 8'
+ cd /usr/bin
+ for VERSION in $VERSIONS
+ rm -f g++-4.6 gcc-4.6 cpp-4.6 gcc
+ ln -s clang++-6.0 g++-4.6
+ ln -s clang-6.0 gcc-4.6
+ ln -s clang-6.0 cpp-4.6
+ ln -s clang-6.0 gcc
+ echo 'gcc-4.6 hold'
+ dpkg --set-selections
dpkg: warning: package not in status nor available database at line 1: gcc-4.6
dpkg: warning: found unknown packages; this might mean the available database
is outdated, and needs to be updated through a frontend method;
please see the FAQ <https://wiki.debian.org/Teams/Dpkg/FAQ>
+ echo 'g++-4.6 hold'
+ dpkg --set-selections
dpkg: warning: package not in status nor available database at line 1: g++-4.6
dpkg: warning: found unknown packages; this might mean the available database
is outdated, and needs to be updated through a frontend method;
please see the FAQ <https://wiki.debian.org/Teams/Dpkg/FAQ>
+ for VERSION in $VERSIONS
+ rm -f g++-4.7 gcc-4.7 cpp-4.7 gcc
+ ln -s clang++-6.0 g++-4.7
+ ln -s clang-6.0 gcc-4.7
+ ln -s clang-6.0 cpp-4.7
+ ln -s clang-6.0 gcc
+ echo 'gcc-4.7 hold'
+ dpkg --set-selections
dpkg: warning: package not in status nor available database at line 1: gcc-4.7
dpkg: warning: found unknown packages; this might mean the available database
is outdated, and needs to be updated through a frontend method;
please see the FAQ <https://wiki.debian.org/Teams/Dpkg/FAQ>
+ echo 'g++-4.7 hold'
+ dpkg --set-selections
dpkg: warning: package not in status nor available database at line 1: g++-4.7
dpkg: warning: found unknown packages; this might mean the available database
is outdated, and needs to be updated through a frontend method;
please see the FAQ <https://wiki.debian.org/Teams/Dpkg/FAQ>
+ for VERSION in $VERSIONS
+ rm -f g++-4.8 gcc-4.8 cpp-4.8 gcc
+ ln -s clang++-6.0 g++-4.8
+ ln -s clang-6.0 gcc-4.8
+ ln -s clang-6.0 cpp-4.8
+ ln -s clang-6.0 gcc
+ echo 'gcc-4.8 hold'
+ dpkg --set-selections
dpkg: warning: package not in status nor available database at line 1: gcc-4.8
dpkg: warning: found unknown packages; this might mean the available database
is outdated, and needs to be updated through a frontend method;
please see the FAQ <https://wiki.debian.org/Teams/Dpkg/FAQ>
+ echo 'g++-4.8 hold'
+ dpkg --set-selections
dpkg: warning: package not in status nor available database at line 1: g++-4.8
dpkg: warning: found unknown packages; this might mean the available database
is outdated, and needs to be updated through a frontend method;
please see the FAQ <https://wiki.debian.org/Teams/Dpkg/FAQ>
+ for VERSION in $VERSIONS
+ rm -f g++-4.9 gcc-4.9 cpp-4.9 gcc
+ ln -s clang++-6.0 g++-4.9
+ ln -s clang-6.0 gcc-4.9
+ ln -s clang-6.0 cpp-4.9
+ ln -s clang-6.0 gcc
+ echo 'gcc-4.9 hold'
+ dpkg --set-selections
dpkg: warning: package not in status nor available database at line 1: gcc-4.9
dpkg: warning: found unknown packages; this might mean the available database
is outdated, and needs to be updated through a frontend method;
please see the FAQ <https://wiki.debian.org/Teams/Dpkg/FAQ>
+ echo 'g++-4.9 hold'
+ dpkg --set-selections
dpkg: warning: package not in status nor available database at line 1: g++-4.9
dpkg: warning: found unknown packages; this might mean the available database
is outdated, and needs to be updated through a frontend method;
please see the FAQ <https://wiki.debian.org/Teams/Dpkg/FAQ>
+ for VERSION in $VERSIONS
+ rm -f g++-5 gcc-5 cpp-5 gcc
+ ln -s clang++-6.0 g++-5
+ ln -s clang-6.0 gcc-5
+ ln -s clang-6.0 cpp-5
+ ln -s clang-6.0 gcc
+ echo 'gcc-5 hold'
+ dpkg --set-selections
+ echo 'g++-5 hold'
+ dpkg --set-selections
+ for VERSION in $VERSIONS
+ rm -f g++-6 gcc-6 cpp-6 gcc
+ ln -s clang++-6.0 g++-6
+ ln -s clang-6.0 gcc-6
+ ln -s clang-6.0 cpp-6
+ ln -s clang-6.0 gcc
+ echo 'gcc-6 hold'
+ dpkg --set-selections
dpkg: warning: package not in status nor available database at line 1: gcc-6
dpkg: warning: found unknown packages; this might mean the available database
is outdated, and needs to be updated through a frontend method;
please see the FAQ <https://wiki.debian.org/Teams/Dpkg/FAQ>
+ echo 'g++-6 hold'
+ dpkg --set-selections
dpkg: warning: package not in status nor available database at line 1: g++-6
dpkg: warning: found unknown packages; this might mean the available database
is outdated, and needs to be updated through a frontend method;
please see the FAQ <https://wiki.debian.org/Teams/Dpkg/FAQ>
+ for VERSION in $VERSIONS
+ rm -f g++-7 gcc-7 cpp-7 gcc
+ ln -s clang++-6.0 g++-7
+ ln -s clang-6.0 gcc-7
+ ln -s clang-6.0 cpp-7
+ ln -s clang-6.0 gcc
+ echo 'gcc-7 hold'
+ dpkg --set-selections
+ echo 'g++-7 hold'
+ dpkg --set-selections
+ for VERSION in $VERSIONS
+ rm -f g++-8 gcc-8 cpp-8 gcc
+ ln -s clang++-6.0 g++-8
+ ln -s clang-6.0 gcc-8
+ ln -s clang-6.0 cpp-8
+ ln -s clang-6.0 gcc
+ echo 'gcc-8 hold'
+ dpkg --set-selections
dpkg: warning: package not in status nor available database at line 1: gcc-8
dpkg: warning: found unknown packages; this might mean the available database
is outdated, and needs to be updated through a frontend method;
please see the FAQ <https://wiki.debian.org/Teams/Dpkg/FAQ>
+ echo 'g++-8 hold'
+ dpkg --set-selections
dpkg: warning: package not in status nor available database at line 1: g++-8
dpkg: warning: found unknown packages; this might mean the available database
is outdated, and needs to be updated through a frontend method;
please see the FAQ <https://wiki.debian.org/Teams/Dpkg/FAQ>
+ cd -
/build/kronosnet-kpDuJ3
+ echo 'Check if gcc, g++ & cpp are actually clang'
Check if gcc, g++ & cpp are actually clang
+ gcc --version
+ grep clang
+ cpp --version
+ grep clang
+ g++ --version
+ grep clang

I: Finished running '/tmp/clang60'.

Finished processing commands.
--------------------------------------------------------------------------------

+------------------------------------------------------------------------------+
| Update chroot                                                                |
+------------------------------------------------------------------------------+

Hit:1 http://127.0.0.1:9999/debian unstable InRelease
Reading package lists...
Reading package lists...
Building dependency tree...
Reading state information...
Calculating upgrade...
0 upgraded, 0 newly installed, 0 to remove and 0 not upgraded.

+------------------------------------------------------------------------------+
| Fetch source files                                                           |
+------------------------------------------------------------------------------+


Check APT
---------

Checking available source versions...

Download source files with APT
------------------------------

Reading package lists...
NOTICE: 'kronosnet' packaging is maintained in the 'Git' version control system at:
https://salsa.debian.org/ha-team/kronosnet.git
Please use:
git clone https://salsa.debian.org/ha-team/kronosnet.git
to retrieve the latest (possibly unreleased) updates to the package.
Need to get 454 kB of source archives.
Get:1 http://127.0.0.1:9999/debian unstable/main kronosnet 1.1-2 (dsc) [2245 B]
Get:2 http://127.0.0.1:9999/debian unstable/main kronosnet 1.1-2 (tar) [444 kB]
Get:3 http://127.0.0.1:9999/debian unstable/main kronosnet 1.1-2 (diff) [7324 B]
Fetched 454 kB in 0s (3276 kB/s)
Download complete and in download only mode
I: NOTICE: Log filtering will replace 'build/kronosnet-kpDuJ3/kronosnet-1.1' with '<<PKGBUILDDIR>>'
I: NOTICE: Log filtering will replace 'build/kronosnet-kpDuJ3' with '<<BUILDDIR>>'

+------------------------------------------------------------------------------+
| Install build-essential                                                      |
+------------------------------------------------------------------------------+


Setup apt archive
-----------------

Merged Build-Depends: build-essential, fakeroot
Filtered Build-Depends: build-essential, fakeroot
dpkg-deb: building package 'sbuild-build-depends-core-dummy' in '/<<BUILDDIR>>/resolver-49qwGr/apt_archive/sbuild-build-depends-core-dummy.deb'.
dpkg-scanpackages: warning: Packages in archive but missing from override file:
dpkg-scanpackages: warning:   sbuild-build-depends-core-dummy
dpkg-scanpackages: info: Wrote 1 entries to output Packages file.
Ign:1 copy:/<<BUILDDIR>>/resolver-49qwGr/apt_archive ./ InRelease
Get:2 copy:/<<BUILDDIR>>/resolver-49qwGr/apt_archive ./ Release [957 B]
Ign:3 copy:/<<BUILDDIR>>/resolver-49qwGr/apt_archive ./ Release.gpg
Get:4 copy:/<<BUILDDIR>>/resolver-49qwGr/apt_archive ./ Sources [349 B]
Get:5 copy:/<<BUILDDIR>>/resolver-49qwGr/apt_archive ./ Packages [432 B]
Fetched 1738 B in 0s (0 B/s)
Reading package lists...
Reading package lists...

Install core build dependencies (apt-based resolver)
----------------------------------------------------

Installing build dependencies
Reading package lists...
Building dependency tree...
Reading state information...
The following NEW packages will be installed:
  sbuild-build-depends-core-dummy
0 upgraded, 1 newly installed, 0 to remove and 0 not upgraded.
Need to get 856 B of archives.
After this operation, 0 B of additional disk space will be used.
Get:1 copy:/<<BUILDDIR>>/resolver-49qwGr/apt_archive ./ sbuild-build-depends-core-dummy 0.invalid.0 [856 B]
debconf: delaying package configuration, since apt-utils is not installed
Fetched 856 B in 0s (0 B/s)
Selecting previously unselected package sbuild-build-depends-core-dummy.
(Reading database ... 10771 files and directories currently installed.)
Preparing to unpack .../sbuild-build-depends-core-dummy_0.invalid.0_amd64.deb ...
Unpacking sbuild-build-depends-core-dummy (0.invalid.0) ...
Setting up sbuild-build-depends-core-dummy (0.invalid.0) ...

+------------------------------------------------------------------------------+
| Check architectures                                                          |
+------------------------------------------------------------------------------+

Arch check ok (amd64 included in linux-any kfreebsd-any all)

+------------------------------------------------------------------------------+
| Install package build dependencies                                           |
+------------------------------------------------------------------------------+


Setup apt archive
-----------------

Merged Build-Depends: debhelper (>= 11~), libsctp-dev, pkg-config, libbz2-dev, liblz4-dev, liblzma-dev, liblzo2-dev, zlib1g-dev, libnss3-dev, libnspr4-dev, libssl-dev
Filtered Build-Depends: debhelper (>= 11~), libsctp-dev, pkg-config, libbz2-dev, liblz4-dev, liblzma-dev, liblzo2-dev, zlib1g-dev, libnss3-dev, libnspr4-dev, libssl-dev
dpkg-deb: building package 'sbuild-build-depends-kronosnet-dummy' in '/<<BUILDDIR>>/resolver-49qwGr/apt_archive/sbuild-build-depends-kronosnet-dummy.deb'.
dpkg-scanpackages: warning: Packages in archive but missing from override file:
dpkg-scanpackages: warning:   sbuild-build-depends-core-dummy sbuild-build-depends-kronosnet-dummy
dpkg-scanpackages: info: Wrote 2 entries to output Packages file.
Ign:1 copy:/<<BUILDDIR>>/resolver-49qwGr/apt_archive ./ InRelease
Get:2 copy:/<<BUILDDIR>>/resolver-49qwGr/apt_archive ./ Release [963 B]
Ign:3 copy:/<<BUILDDIR>>/resolver-49qwGr/apt_archive ./ Release.gpg
Get:4 copy:/<<BUILDDIR>>/resolver-49qwGr/apt_archive ./ Sources [557 B]
Get:5 copy:/<<BUILDDIR>>/resolver-49qwGr/apt_archive ./ Packages [626 B]
Fetched 2146 B in 0s (0 B/s)
Reading package lists...
Reading package lists...

Install kronosnet build dependencies (apt-based resolver)
---------------------------------------------------------

Installing build dependencies
Reading package lists...
Building dependency tree...
Reading state information...
The following additional packages will be installed:
  autoconf automake autopoint autotools-dev bsdmainutils debhelper
  dh-autoreconf dh-strip-nondeterminism file gettext gettext-base groff-base
  intltool-debian libarchive-zip-perl libbz2-dev libcroco3
  libfile-stripnondeterminism-perl libglib2.0-0 libicu57 liblz4-dev
  liblzma-dev liblzo2-2 liblzo2-dev libmagic-mgc libmagic1 libnspr4
  libnspr4-dev libnss3 libnss3-dev libpipeline1 libsctp-dev libsctp1
  libsigsegv2 libsqlite3-0 libssl-dev libssl1.1 libtimedate-perl libtool
  libxml2 m4 man-db pkg-config po-debconf zlib1g-dev
Suggested packages:
  autoconf-archive gnu-standards autoconf-doc wamerican | wordlist whois
  vacation dh-make dwz gettext-doc libasprintf-dev libgettextpo-dev groff
  liblzma-doc lksctp-tools libtool-doc gfortran | fortran95-compiler gcj-jdk
  m4-doc apparmor less www-browser libmail-box-perl
Recommended packages:
  curl | wget | lynx bzip2-doc libarchive-cpio-perl libglib2.0-data
  shared-mime-info xdg-user-dirs libssl-doc libltdl-dev libmail-sendmail-perl
The following NEW packages will be installed:
  autoconf automake autopoint autotools-dev bsdmainutils debhelper
  dh-autoreconf dh-strip-nondeterminism file gettext gettext-base groff-base
  intltool-debian libarchive-zip-perl libbz2-dev libcroco3
  libfile-stripnondeterminism-perl libglib2.0-0 libicu57 liblz4-dev
  liblzma-dev liblzo2-2 liblzo2-dev libmagic-mgc libmagic1 libnspr4
  libnspr4-dev libnss3 libnss3-dev libpipeline1 libsctp-dev libsctp1
  libsigsegv2 libsqlite3-0 libssl-dev libssl1.1 libtimedate-perl libtool
  libxml2 m4 man-db pkg-config po-debconf sbuild-build-depends-kronosnet-dummy
  zlib1g-dev
0 upgraded, 45 newly installed, 0 to remove and 0 not upgraded.
Need to get 26.0 MB of archives.
After this operation, 88.0 MB of additional disk space will be used.
Get:1 copy:/<<BUILDDIR>>/resolver-49qwGr/apt_archive ./ sbuild-build-depends-kronosnet-dummy 0.invalid.0 [916 B]
Get:2 http://127.0.0.1:9999/debian unstable/main amd64 bsdmainutils amd64 11.1.2 [190 kB]
Get:3 http://127.0.0.1:9999/debian unstable/main amd64 groff-base amd64 1.22.3-10 [1176 kB]
Get:4 http://127.0.0.1:9999/debian unstable/main amd64 libpipeline1 amd64 1.5.0-1 [29.0 kB]
Get:5 http://127.0.0.1:9999/debian unstable/main amd64 man-db amd64 2.8.3-2 [1180 kB]
Get:6 http://127.0.0.1:9999/debian unstable/main amd64 libmagic-mgc amd64 1:5.33-2 [234 kB]
Get:7 http://127.0.0.1:9999/debian unstable/main amd64 libmagic1 amd64 1:5.33-2 [113 kB]
Get:8 http://127.0.0.1:9999/debian unstable/main amd64 file amd64 1:5.33-2 [65.6 kB]
Get:9 http://127.0.0.1:9999/debian unstable/main amd64 gettext-base amd64 0.19.8.1-6 [122 kB]
Get:10 http://127.0.0.1:9999/debian unstable/main amd64 libsigsegv2 amd64 2.12-2 [32.8 kB]
Get:11 http://127.0.0.1:9999/debian unstable/main amd64 m4 amd64 1.4.18-1 [202 kB]
Get:12 http://127.0.0.1:9999/debian unstable/main amd64 autoconf all 2.69-11 [341 kB]
Get:13 http://127.0.0.1:9999/debian unstable/main amd64 autotools-dev all 20180224.1 [77.0 kB]
Get:14 http://127.0.0.1:9999/debian unstable/main amd64 automake all 1:1.15.1-3.1 [736 kB]
Get:15 http://127.0.0.1:9999/debian unstable/main amd64 autopoint all 0.19.8.1-6 [434 kB]
Get:16 http://127.0.0.1:9999/debian unstable/main amd64 libtool all 2.4.6-2.1 [547 kB]
Get:17 http://127.0.0.1:9999/debian unstable/main amd64 dh-autoreconf all 17 [16.5 kB]
Get:18 http://127.0.0.1:9999/debian unstable/main amd64 libarchive-zip-perl all 1.60-1 [95.6 kB]
Get:19 http://127.0.0.1:9999/debian unstable/main amd64 libfile-stripnondeterminism-perl all 0.041-1 [19.9 kB]
Get:20 http://127.0.0.1:9999/debian unstable/main amd64 libtimedate-perl all 2.3000-2 [42.2 kB]
Get:21 http://127.0.0.1:9999/debian unstable/main amd64 dh-strip-nondeterminism all 0.041-1 [12.0 kB]
Get:22 http://127.0.0.1:9999/debian unstable/main amd64 libglib2.0-0 amd64 2.56.1-2 [2928 kB]
Get:23 http://127.0.0.1:9999/debian unstable/main amd64 libicu57 amd64 57.1-9 [7698 kB]
Get:24 http://127.0.0.1:9999/debian unstable/main amd64 libxml2 amd64 2.9.4+dfsg1-6.1 [725 kB]
Get:25 http://127.0.0.1:9999/debian unstable/main amd64 libcroco3 amd64 0.6.12-2 [144 kB]
Get:26 http://127.0.0.1:9999/debian unstable/main amd64 gettext amd64 0.19.8.1-6 [1302 kB]
Get:27 http://127.0.0.1:9999/debian unstable/main amd64 intltool-debian all 0.35.0+20060710.4 [26.3 kB]
Get:28 http://127.0.0.1:9999/debian unstable/main amd64 po-debconf all 1.0.20 [247 kB]
Get:29 http://127.0.0.1:9999/debian unstable/main amd64 debhelper all 11.2.1 [1013 kB]
Get:30 http://127.0.0.1:9999/debian unstable/main amd64 libbz2-dev amd64 1.0.6-8.1 [29.4 kB]
Get:31 http://127.0.0.1:9999/debian unstable/main amd64 liblz4-dev amd64 1.8.1.2-1 [56.7 kB]
Get:32 http://127.0.0.1:9999/debian unstable/main amd64 liblzma-dev amd64 5.2.2-1.3 [292 kB]
Get:33 http://127.0.0.1:9999/debian unstable/main amd64 liblzo2-2 amd64 2.08-1.2+b2 [55.0 kB]
Get:34 http://127.0.0.1:9999/debian unstable/main amd64 liblzo2-dev amd64 2.08-1.2+b2 [112 kB]
Get:35 http://127.0.0.1:9999/debian unstable/main amd64 libnspr4 amd64 2:4.19-1 [117 kB]
Get:36 http://127.0.0.1:9999/debian unstable/main amd64 libnspr4-dev amd64 2:4.19-1 [217 kB]
Get:37 http://127.0.0.1:9999/debian unstable/main amd64 libsqlite3-0 amd64 3.23.1-1 [603 kB]
Get:38 http://127.0.0.1:9999/debian unstable/main amd64 libnss3 amd64 2:3.36.1-1 [1153 kB]
Get:39 http://127.0.0.1:9999/debian unstable/main amd64 libnss3-dev amd64 2:3.36.1-1 [239 kB]
Get:40 http://127.0.0.1:9999/debian unstable/main amd64 libsctp1 amd64 1.0.17+dfsg-2 [27.9 kB]
Get:41 http://127.0.0.1:9999/debian unstable/main amd64 libsctp-dev amd64 1.0.17+dfsg-2 [83.3 kB]
Get:42 http://127.0.0.1:9999/debian unstable/main amd64 libssl1.1 amd64 1.1.0h-2 [1352 kB]
Get:43 http://127.0.0.1:9999/debian unstable/main amd64 libssl-dev amd64 1.1.0h-2 [1589 kB]
Get:44 http://127.0.0.1:9999/debian unstable/main amd64 pkg-config amd64 0.29-4+b1 [63.3 kB]
Get:45 http://127.0.0.1:9999/debian unstable/main amd64 zlib1g-dev amd64 1:1.2.11.dfsg-1 [214 kB]
debconf: delaying package configuration, since apt-utils is not installed
Fetched 26.0 MB in 0s (85.9 MB/s)
Selecting previously unselected package bsdmainutils.
(Reading database ... 10771 files and directories currently installed.)
Preparing to unpack .../00-bsdmainutils_11.1.2_amd64.deb ...
Unpacking bsdmainutils (11.1.2) ...
Selecting previously unselected package groff-base.
Preparing to unpack .../01-groff-base_1.22.3-10_amd64.deb ...
Unpacking groff-base (1.22.3-10) ...
Selecting previously unselected package libpipeline1:amd64.
Preparing to unpack .../02-libpipeline1_1.5.0-1_amd64.deb ...
Unpacking libpipeline1:amd64 (1.5.0-1) ...
Selecting previously unselected package man-db.
Preparing to unpack .../03-man-db_2.8.3-2_amd64.deb ...
Unpacking man-db (2.8.3-2) ...
Selecting previously unselected package libmagic-mgc.
Preparing to unpack .../04-libmagic-mgc_1%3a5.33-2_amd64.deb ...
Unpacking libmagic-mgc (1:5.33-2) ...
Selecting previously unselected package libmagic1:amd64.
Preparing to unpack .../05-libmagic1_1%3a5.33-2_amd64.deb ...
Unpacking libmagic1:amd64 (1:5.33-2) ...
Selecting previously unselected package file.
Preparing to unpack .../06-file_1%3a5.33-2_amd64.deb ...
Unpacking file (1:5.33-2) ...
Selecting previously unselected package gettext-base.
Preparing to unpack .../07-gettext-base_0.19.8.1-6_amd64.deb ...
Unpacking gettext-base (0.19.8.1-6) ...
Selecting previously unselected package libsigsegv2:amd64.
Preparing to unpack .../08-libsigsegv2_2.12-2_amd64.deb ...
Unpacking libsigsegv2:amd64 (2.12-2) ...
Selecting previously unselected package m4.
Preparing to unpack .../09-m4_1.4.18-1_amd64.deb ...
Unpacking m4 (1.4.18-1) ...
Selecting previously unselected package autoconf.
Preparing to unpack .../10-autoconf_2.69-11_all.deb ...
Unpacking autoconf (2.69-11) ...
Selecting previously unselected package autotools-dev.
Preparing to unpack .../11-autotools-dev_20180224.1_all.deb ...
Unpacking autotools-dev (20180224.1) ...
Selecting previously unselected package automake.
Preparing to unpack .../12-automake_1%3a1.15.1-3.1_all.deb ...
Unpacking automake (1:1.15.1-3.1) ...
Selecting previously unselected package autopoint.
Preparing to unpack .../13-autopoint_0.19.8.1-6_all.deb ...
Unpacking autopoint (0.19.8.1-6) ...
Selecting previously unselected package libtool.
Preparing to unpack .../14-libtool_2.4.6-2.1_all.deb ...
Unpacking libtool (2.4.6-2.1) ...
Selecting previously unselected package dh-autoreconf.
Preparing to unpack .../15-dh-autoreconf_17_all.deb ...
Unpacking dh-autoreconf (17) ...
Selecting previously unselected package libarchive-zip-perl.
Preparing to unpack .../16-libarchive-zip-perl_1.60-1_all.deb ...
Unpacking libarchive-zip-perl (1.60-1) ...
Selecting previously unselected package libfile-stripnondeterminism-perl.
Preparing to unpack .../17-libfile-stripnondeterminism-perl_0.041-1_all.deb ...
Unpacking libfile-stripnondeterminism-perl (0.041-1) ...
Selecting previously unselected package libtimedate-perl.
Preparing to unpack .../18-libtimedate-perl_2.3000-2_all.deb ...
Unpacking libtimedate-perl (2.3000-2) ...
Selecting previously unselected package dh-strip-nondeterminism.
Preparing to unpack .../19-dh-strip-nondeterminism_0.041-1_all.deb ...
Unpacking dh-strip-nondeterminism (0.041-1) ...
Selecting previously unselected package libglib2.0-0:amd64.
Preparing to unpack .../20-libglib2.0-0_2.56.1-2_amd64.deb ...
Unpacking libglib2.0-0:amd64 (2.56.1-2) ...
Selecting previously unselected package libicu57:amd64.
Preparing to unpack .../21-libicu57_57.1-9_amd64.deb ...
Unpacking libicu57:amd64 (57.1-9) ...
Selecting previously unselected package libxml2:amd64.
Preparing to unpack .../22-libxml2_2.9.4+dfsg1-6.1_amd64.deb ...
Unpacking libxml2:amd64 (2.9.4+dfsg1-6.1) ...
Selecting previously unselected package libcroco3:amd64.
Preparing to unpack .../23-libcroco3_0.6.12-2_amd64.deb ...
Unpacking libcroco3:amd64 (0.6.12-2) ...
Selecting previously unselected package gettext.
Preparing to unpack .../24-gettext_0.19.8.1-6_amd64.deb ...
Unpacking gettext (0.19.8.1-6) ...
Selecting previously unselected package intltool-debian.
Preparing to unpack .../25-intltool-debian_0.35.0+20060710.4_all.deb ...
Unpacking intltool-debian (0.35.0+20060710.4) ...
Selecting previously unselected package po-debconf.
Preparing to unpack .../26-po-debconf_1.0.20_all.deb ...
Unpacking po-debconf (1.0.20) ...
Selecting previously unselected package debhelper.
Preparing to unpack .../27-debhelper_11.2.1_all.deb ...
Unpacking debhelper (11.2.1) ...
Selecting previously unselected package libbz2-dev:amd64.
Preparing to unpack .../28-libbz2-dev_1.0.6-8.1_amd64.deb ...
Unpacking libbz2-dev:amd64 (1.0.6-8.1) ...
Selecting previously unselected package liblz4-dev:amd64.
Preparing to unpack .../29-liblz4-dev_1.8.1.2-1_amd64.deb ...
Unpacking liblz4-dev:amd64 (1.8.1.2-1) ...
Selecting previously unselected package liblzma-dev:amd64.
Preparing to unpack .../30-liblzma-dev_5.2.2-1.3_amd64.deb ...
Unpacking liblzma-dev:amd64 (5.2.2-1.3) ...
Selecting previously unselected package liblzo2-2:amd64.
Preparing to unpack .../31-liblzo2-2_2.08-1.2+b2_amd64.deb ...
Unpacking liblzo2-2:amd64 (2.08-1.2+b2) ...
Selecting previously unselected package liblzo2-dev:amd64.
Preparing to unpack .../32-liblzo2-dev_2.08-1.2+b2_amd64.deb ...
Unpacking liblzo2-dev:amd64 (2.08-1.2+b2) ...
Selecting previously unselected package libnspr4:amd64.
Preparing to unpack .../33-libnspr4_2%3a4.19-1_amd64.deb ...
Unpacking libnspr4:amd64 (2:4.19-1) ...
Selecting previously unselected package libnspr4-dev.
Preparing to unpack .../34-libnspr4-dev_2%3a4.19-1_amd64.deb ...
Unpacking libnspr4-dev (2:4.19-1) ...
Selecting previously unselected package libsqlite3-0:amd64.
Preparing to unpack .../35-libsqlite3-0_3.23.1-1_amd64.deb ...
Unpacking libsqlite3-0:amd64 (3.23.1-1) ...
Selecting previously unselected package libnss3:amd64.
Preparing to unpack .../36-libnss3_2%3a3.36.1-1_amd64.deb ...
Unpacking libnss3:amd64 (2:3.36.1-1) ...
Selecting previously unselected package libnss3-dev:amd64.
Preparing to unpack .../37-libnss3-dev_2%3a3.36.1-1_amd64.deb ...
Unpacking libnss3-dev:amd64 (2:3.36.1-1) ...
Selecting previously unselected package libsctp1:amd64.
Preparing to unpack .../38-libsctp1_1.0.17+dfsg-2_amd64.deb ...
Unpacking libsctp1:amd64 (1.0.17+dfsg-2) ...
Selecting previously unselected package libsctp-dev:amd64.
Preparing to unpack .../39-libsctp-dev_1.0.17+dfsg-2_amd64.deb ...
Unpacking libsctp-dev:amd64 (1.0.17+dfsg-2) ...
Selecting previously unselected package libssl1.1:amd64.
Preparing to unpack .../40-libssl1.1_1.1.0h-2_amd64.deb ...
Unpacking libssl1.1:amd64 (1.1.0h-2) ...
Selecting previously unselected package libssl-dev:amd64.
Preparing to unpack .../41-libssl-dev_1.1.0h-2_amd64.deb ...
Unpacking libssl-dev:amd64 (1.1.0h-2) ...
Selecting previously unselected package pkg-config.
Preparing to unpack .../42-pkg-config_0.29-4+b1_amd64.deb ...
Unpacking pkg-config (0.29-4+b1) ...
Selecting previously unselected package zlib1g-dev:amd64.
Preparing to unpack .../43-zlib1g-dev_1%3a1.2.11.dfsg-1_amd64.deb ...
Unpacking zlib1g-dev:amd64 (1:1.2.11.dfsg-1) ...
Selecting previously unselected package sbuild-build-depends-kronosnet-dummy.
Preparing to unpack .../44-sbuild-build-depends-kronosnet-dummy_0.invalid.0_amd64.deb ...
Unpacking sbuild-build-depends-kronosnet-dummy (0.invalid.0) ...
Setting up libbz2-dev:amd64 (1.0.6-8.1) ...
Setting up libarchive-zip-perl (1.60-1) ...
Setting up libsctp1:amd64 (1.0.17+dfsg-2) ...
Setting up libtimedate-perl (2.3000-2) ...
Setting up libsigsegv2:amd64 (2.12-2) ...
Setting up groff-base (1.22.3-10) ...
Setting up libglib2.0-0:amd64 (2.56.1-2) ...
No schema files found: doing nothing.
Setting up gettext-base (0.19.8.1-6) ...
Setting up libpipeline1:amd64 (1.5.0-1) ...
Setting up m4 (1.4.18-1) ...
Setting up libicu57:amd64 (57.1-9) ...
Setting up libnspr4:amd64 (2:4.19-1) ...
Setting up libxml2:amd64 (2.9.4+dfsg1-6.1) ...
Setting up libmagic-mgc (1:5.33-2) ...
Setting up libnspr4-dev (2:4.19-1) ...
Setting up libmagic1:amd64 (1:5.33-2) ...
Setting up libcroco3:amd64 (0.6.12-2) ...
Setting up pkg-config (0.29-4+b1) ...
Processing triggers for libc-bin (2.27-3) ...
Setting up autotools-dev (20180224.1) ...
Setting up libssl1.1:amd64 (1.1.0h-2) ...
Setting up libsqlite3-0:amd64 (3.23.1-1) ...
Setting up liblzma-dev:amd64 (5.2.2-1.3) ...
Setting up liblz4-dev:amd64 (1.8.1.2-1) ...
Setting up bsdmainutils (11.1.2) ...
update-alternatives: using /usr/bin/bsd-write to provide /usr/bin/write (write) in auto mode
update-alternatives: using /usr/bin/bsd-from to provide /usr/bin/from (from) in auto mode
Setting up autopoint (0.19.8.1-6) ...
Setting up liblzo2-2:amd64 (2.08-1.2+b2) ...
Setting up zlib1g-dev:amd64 (1:1.2.11.dfsg-1) ...
Setting up libfile-stripnondeterminism-perl (0.041-1) ...
Setting up libsctp-dev:amd64 (1.0.17+dfsg-2) ...
Setting up gettext (0.19.8.1-6) ...
Setting up libssl-dev:amd64 (1.1.0h-2) ...
Setting up libnss3:amd64 (2:3.36.1-1) ...
Setting up autoconf (2.69-11) ...
Setting up libnss3-dev:amd64 (2:3.36.1-1) ...
Setting up file (1:5.33-2) ...
Setting up intltool-debian (0.35.0+20060710.4) ...
Setting up liblzo2-dev:amd64 (2.08-1.2+b2) ...
Setting up automake (1:1.15.1-3.1) ...
update-alternatives: using /usr/bin/automake-1.15 to provide /usr/bin/automake (automake) in auto mode
Setting up man-db (2.8.3-2) ...
Not building database; man-db/auto-update is not 'true'.
Setting up libtool (2.4.6-2.1) ...
Setting up po-debconf (1.0.20) ...
Setting up dh-autoreconf (17) ...
Setting up dh-strip-nondeterminism (0.041-1) ...
Setting up debhelper (11.2.1) ...
Setting up sbuild-build-depends-kronosnet-dummy (0.invalid.0) ...
Processing triggers for libc-bin (2.27-3) ...

+------------------------------------------------------------------------------+
| Build environment                                                            |
+------------------------------------------------------------------------------+

Kernel: Linux 4.9.0-5-amd64 amd64 (x86_64)
Toolchain package versions: binutils_2.30-16 dpkg-dev_1.19.0.5 g++-7_7.3.0-17 gcc-7_7.3.0-17 libc6-dev_2.27-3 libstdc++-7-dev_7.3.0-17 libstdc++6_8-20180425-1 linux-libc-dev_4.15.17-1
Package versions: adduser_3.117 apt_1.6.1 autoconf_2.69-11 automake_1:1.15.1-3.1 autopoint_0.19.8.1-6 autotools-dev_20180224.1 base-files_10.1 base-passwd_3.5.45 bash_4.4.18-2 binutils_2.30-16 binutils-common_2.30-16 binutils-x86-64-linux-gnu_2.30-16 bsdmainutils_11.1.2 bsdutils_1:2.31.1-0.5 build-essential_12.5 bzip2_1.0.6-8.1 clang-6.0_1:6.0-3 coreutils_8.28-1 cpp_4:7.3.0-3 cpp-7_7.3.0-17 dash_0.5.8-2.10 debconf_1.5.66 debfoster_2.7-2.1+b1 debhelper_11.2.1 debian-archive-keyring_2017.7 debianutils_4.8.4 dh-autoreconf_17 dh-strip-nondeterminism_0.041-1 diffutils_1:3.6-1 dpkg_1.19.0.5 dpkg-dev_1.19.0.5 e2fslibs_1.44.1-2 e2fsprogs_1.44.1-2 eatmydata_105-6 fakeroot_1.22-2 fdisk_2.31.1-0.5 file_1:5.33-2 findutils_4.6.0+git+20171230-2 g++_4:7.3.0-3 g++-7_7.3.0-17 gcc_4:7.3.0-3 gcc-6-base_6.4.0-17 gcc-7_7.3.0-17 gcc-7-base_7.3.0-17 gcc-8-base_8-20180425-1 gettext_0.19.8.1-6 gettext-base_0.19.8.1-6 gpgv_2.2.5-1 grep_3.1-2 groff-base_1.22.3-10 gzip_1.6-5+b1 hostname_3.20 init-system-helpers_1.51 intltool-debian_0.35.0+20060710.4 lib32gcc1_1:8-20180425-1 lib32stdc++6_8-20180425-1 libacl1_2.2.52-3+b1 libapt-pkg5.0_1.6.1 libarchive-zip-perl_1.60-1 libasan4_7.3.0-17 libatomic1_8-20180425-1 libattr1_1:2.4.47-2+b2 libaudit-common_1:2.8.3-1 libaudit1_1:2.8.3-1 libbinutils_2.30-16 libblkid1_2.31.1-0.5 libbsd0_0.8.7-1 libbz2-1.0_1.0.6-8.1 libbz2-dev_1.0.6-8.1 libc-bin_2.27-3 libc-dev-bin_2.27-3 libc6_2.27-3 libc6-dev_2.27-3 libc6-i386_2.27-3 libcap-ng0_0.7.9-1 libcc1-0_8-20180425-1 libcilkrts5_7.3.0-17 libclang-common-6.0-dev_1:6.0-3 libclang1-6.0_1:6.0-3 libcom-err2_1.44.1-2 libcomerr2_1.44.1-2 libcroco3_0.6.12-2 libdb5.3_5.3.28-13.1+b1 libdebconfclient0_0.243 libdpkg-perl_1.19.0.5 libeatmydata1_105-6 libedit2_3.1-20170329-1 libext2fs2_1.44.1-2 libfakeroot_1.22-2 libfdisk1_2.31.1-0.5 libffi6_3.2.1-8 libfile-stripnondeterminism-perl_0.041-1 libgc1c2_1:7.4.2-8.2 libgcc-7-dev_7.3.0-17 libgcc1_1:8-20180425-1 libgcrypt20_1.8.2-2 libgdbm-compat4_1.14.1-6 libgdbm3_1.8.3-14 libgdbm5_1.14.1-6 libglib2.0-0_2.56.1-2 libgmp10_2:6.1.2+dfsg-3 libgnutls30_3.5.18-1 libgomp1_8-20180425-1 libgpg-error0_1.29-4 libhogweed4_3.4-1 libicu57_57.1-9 libidn2-0_2.0.4-1.1 libisl15_0.18-4 libisl19_0.19-1 libitm1_8-20180425-1 libjsoncpp1_1.7.4-3 libllvm6.0_1:6.0-3 liblsan0_8-20180425-1 liblz4-1_1.8.1.2-1 liblz4-dev_1.8.1.2-1 liblzma-dev_5.2.2-1.3 liblzma5_5.2.2-1.3 liblzo2-2_2.08-1.2+b2 liblzo2-dev_2.08-1.2+b2 libmagic-mgc_1:5.33-2 libmagic1_1:5.33-2 libmount1_2.31.1-0.5 libmpc3_1.1.0-1 libmpfr4_3.1.6-1 libmpfr6_4.0.1-1 libmpx2_8-20180425-1 libncurses5_6.1+20180210-2 libncursesw5_6.1+20180210-2 libnettle6_3.4-1 libnspr4_2:4.19-1 libnspr4-dev_2:4.19-1 libnss3_2:3.36.1-1 libnss3-dev_2:3.36.1-1 libobjc-7-dev_7.3.0-17 libobjc4_8-20180425-1 libp11-kit0_0.23.10-2 libpam-modules_1.1.8-3.7 libpam-modules-bin_1.1.8-3.7 libpam-runtime_1.1.8-3.7 libpam0g_1.1.8-3.7 libpcre3_2:8.39-9 libperl5.26_5.26.2-3 libpipeline1_1.5.0-1 libquadmath0_8-20180425-1 libsctp-dev_1.0.17+dfsg-2 libsctp1_1.0.17+dfsg-2 libseccomp2_2.3.3-1 libselinux1_2.7-2+b2 libsemanage-common_2.7-2 libsemanage1_2.7-2+b2 libsepol1_2.7-1 libsigsegv2_2.12-2 libsmartcols1_2.31.1-0.5 libsqlite3-0_3.23.1-1 libss2_1.44.1-2 libssl-dev_1.1.0h-2 libssl1.1_1.1.0h-2 libstdc++-7-dev_7.3.0-17 libstdc++6_8-20180425-1 libsystemd0_238-4 libtasn1-6_4.13-2 libtimedate-perl_2.3000-2 libtinfo5_6.1+20180210-2 libtinfo6_6.1+20180210-2 libtool_2.4.6-2.1 libtsan0_8-20180425-1 libubsan0_7.3.0-17 libudev1_238-4 libunistring2_0.9.8-1 libustr-1.0-1_1.0.4-6 libuuid1_2.31.1-0.5 libxml2_2.9.4+dfsg1-6.1 libzstd1_1.3.4+dfsg-1 linux-libc-dev_4.15.17-1 login_1:4.5-1 m4_1.4.18-1 make_4.2.1-1 man-db_2.8.3-2 mawk_1.3.3-17+b3 mount_2.31.1-0.5 multiarch-support_2.27-3 ncurses-base_6.1+20180210-2 ncurses-bin_6.1+20180210-2 passwd_1:4.5-1 patch_2.7.6-2 perl_5.26.2-3 perl-base_5.26.2-3 perl-modules-5.26_5.26.2-3 pkg-config_0.29-4+b1 po-debconf_1.0.20 sbuild-build-depends-core-dummy_0.invalid.0 sbuild-build-depends-kronosnet-dummy_0.invalid.0 sed_4.4-2 sensible-utils_0.0.12 sysvinit-utils_2.88dsf-59.10 tar_1.30+dfsg-1 util-linux_2.31.1-0.5 xz-utils_5.2.2-1.3 zlib1g_1:1.2.11.dfsg-1 zlib1g-dev_1:1.2.11.dfsg-1

+------------------------------------------------------------------------------+
| Build                                                                        |
+------------------------------------------------------------------------------+


Unpack source
-------------

gpgv: unknown type of key resource 'trustedkeys.kbx'
gpgv: keyblock resource '/sbuild-nonexistent/.gnupg/trustedkeys.kbx': General error
gpgv: Signature made Sun Mar  4 16:42:37 2018 UTC
gpgv:                using RSA key C1D744C7444D2142FB7AE82D3AC8F716477EDB23
gpgv: Can't check signature: No public key
dpkg-source: warning: failed to verify signature on ./kronosnet_1.1-2.dsc
dpkg-source: info: extracting kronosnet in /<<PKGBUILDDIR>>
dpkg-source: info: unpacking kronosnet_1.1.orig.tar.xz
dpkg-source: info: unpacking kronosnet_1.1-2.debian.tar.xz
dpkg-source: info: applying reproducible-build.patch

Check disk space
----------------

Sufficient free space for build

User Environment
----------------

APT_CONFIG=/var/lib/sbuild/apt.conf
HOME=/sbuild-nonexistent
LANG=en_US.UTF-8
LC_ALL=POSIX
LOGNAME=user42
PATH=/usr/local/sbin:/usr/local/bin:/usr/sbin:/usr/bin:/sbin:/bin:/usr/games
SCHROOT_ALIAS_NAME=unstable-amd64-sbuild
SCHROOT_CHROOT_NAME=unstable-amd64-sbuild
SCHROOT_COMMAND=env
SCHROOT_GID=1001
SCHROOT_GROUP=user42
SCHROOT_SESSION_ID=unstable-amd64-sbuild-c882bd4c-9a9a-464d-8a21-2ee6f1d4e5de
SCHROOT_UID=1001
SCHROOT_USER=user42
SHELL=/bin/sh
USER=user42

dpkg-buildpackage
-----------------

dpkg-buildpackage: info: source package kronosnet
dpkg-buildpackage: info: source version 1.1-2
dpkg-buildpackage: info: source distribution unstable
dpkg-buildpackage: info: source changed by Ferenc WÃ¡gner <wferi@debian.org>
 dpkg-source --before-build kronosnet-1.1
dpkg-buildpackage: info: host architecture amd64
 fakeroot debian/rules clean
dh clean
   dh_clean
 debian/rules build-arch
dh build-arch
   dh_update_autotools_config -a
   debian/rules override_dh_autoreconf
make[1]: Entering directory '/<<PKGBUILDDIR>>'
dh_autoreconf --as-needed
libtoolize: putting auxiliary files in '.'.
libtoolize: copying file './ltmain.sh'
libtoolize: putting macros in AC_CONFIG_MACRO_DIRS, 'm4'.
libtoolize: copying file 'm4/libtool.m4'
libtoolize: copying file 'm4/ltoptions.m4'
libtoolize: copying file 'm4/ltsugar.m4'
libtoolize: copying file 'm4/ltversion.m4'
libtoolize: copying file 'm4/lt~obsolete.m4'
configure.ac:21: installing './compile'
configure.ac:22: installing './missing'
kronosnetd/Makefile.am: installing './depcomp'
patching file ./ltmain.sh
Hunk #1 succeeded at 7409 (offset 189 lines).
Hunk #2 succeeded at 7804 (offset 189 lines).
make[1]: Leaving directory '/<<PKGBUILDDIR>>'
   debian/rules override_dh_auto_configure
make[1]: Entering directory '/<<PKGBUILDDIR>>'
dh_auto_configure -- \
	--docdir=/usr/share/doc/libknet1 \
	`dh_listpackages | grep -q '^libknet-doc$' || printf %s --disable-man` \
	--disable-static
	./configure --build=x86_64-linux-gnu --prefix=/usr --includedir=\${prefix}/include --mandir=\${prefix}/share/man --infodir=\${prefix}/share/info --sysconfdir=/etc --localstatedir=/var --disable-silent-rules --libdir=\${prefix}/lib/x86_64-linux-gnu --libexecdir=\${prefix}/lib/x86_64-linux-gnu --runstatedir=/run --disable-maintainer-mode --disable-dependency-tracking --docdir=/usr/share/doc/libknet1 --disable-man --disable-static
configure: WARNING: unrecognized options: --disable-maintainer-mode
checking for gcc... gcc
checking whether the C compiler works... yes
checking for C compiler default output file name... a.out
checking for suffix of executables... 
checking whether we are cross compiling... no
checking for suffix of object files... o
checking whether we are using the GNU C compiler... yes
checking whether gcc accepts -g... yes
checking for gcc option to accept ISO C89... none needed
checking whether gcc understands -c and -o together... yes
checking how to run the C preprocessor... gcc -E
checking for grep that handles long lines and -e... /bin/grep
checking for egrep... /bin/grep -E
checking for ANSI C header files... yes
checking for sys/types.h... yes
checking for sys/stat.h... yes
checking for stdlib.h... yes
checking for string.h... yes
checking for memory.h... yes
checking for strings.h... yes
checking for inttypes.h... yes
checking for stdint.h... yes
checking for unistd.h... yes
checking minix/config.h usability... no
checking minix/config.h presence... no
checking for minix/config.h... no
checking whether it is safe to define __EXTENSIONS__... yes
checking for a BSD-compatible install... /usr/bin/install -c
checking whether build environment is sane... yes
checking for a thread-safe mkdir -p... /bin/mkdir -p
checking for gawk... no
checking for mawk... mawk
checking whether make sets $(MAKE)... yes
checking for style of include used by make... GNU
checking whether make supports nested variables... yes
checking dependency style of gcc... none
checking whether the linker accepts -Wl,--enable-new-dtags... yes
checking whether the linker accepts -Wl,--as-needed... yes
checking build system type... x86_64-pc-linux-gnu
checking host system type... x86_64-pc-linux-gnu
checking how to print strings... printf
checking for a sed that does not truncate output... /bin/sed
checking for fgrep... /bin/grep -F
checking for ld used by gcc... /usr/bin/ld
checking if the linker (/usr/bin/ld) is GNU ld... yes
checking for BSD- or MS-compatible name lister (nm)... /usr/bin/nm -B
checking the name lister (/usr/bin/nm -B) interface... BSD nm
checking whether ln -s works... yes
checking the maximum length of command line arguments... 1572864
checking how to convert x86_64-pc-linux-gnu file names to x86_64-pc-linux-gnu format... func_convert_file_noop
checking how to convert x86_64-pc-linux-gnu file names to toolchain format... func_convert_file_noop
checking for /usr/bin/ld option to reload object files... -r
checking for objdump... objdump
checking how to recognize dependent libraries... pass_all
checking for dlltool... no
checking how to associate runtime and link libraries... printf %s\n
checking for ar... ar
checking for archiver @FILE support... @
checking for strip... strip
checking for ranlib... ranlib
checking command to parse /usr/bin/nm -B output from gcc object... ok
checking for sysroot... no
checking for a working dd... /bin/dd
checking how to truncate binary pipes... /bin/dd bs=4096 count=1
checking for mt... no
checking if : is a manifest tool... no
checking for dlfcn.h... yes
checking for objdir... .libs
checking if gcc supports -fno-rtti -fno-exceptions... yes
checking for gcc option to produce PIC... -fPIC -DPIC
checking if gcc PIC flag -fPIC -DPIC works... yes
checking if gcc static flag -static works... yes
checking if gcc supports -c -o file.o... yes
checking if gcc supports -c -o file.o... (cached) yes
checking whether the gcc linker (/usr/bin/ld -m elf_x86_64) supports shared libraries... yes
checking whether -lc should be explicitly linked in... no
checking dynamic linker characteristics... GNU/Linux ld.so
checking how to hardcode library paths into programs... immediate
checking whether stripping libraries is possible... yes
checking if libtool supports shared libraries... yes
checking whether to build shared libraries... yes
checking whether to build static libraries... no
checking for gawk... (cached) mawk
checking for grep that handles long lines and -e... (cached) /bin/grep
checking for a sed that does not truncate output... (cached) /bin/sed
checking how to run the C preprocessor... gcc -E
checking for gcc... (cached) gcc
checking whether we are using the GNU C compiler... (cached) yes
checking whether gcc accepts -g... (cached) yes
checking for gcc option to accept ISO C89... (cached) none needed
checking whether gcc understands -c and -o together... (cached) yes
checking for gcc option to accept ISO C99... none needed
checking whether ln -s works... yes
checking whether make sets $(MAKE)... (cached) yes
checking for pkg-config... /usr/bin/pkg-config
checking pkg-config is at least version 0.9.0... yes
checking for valgrind... no
checking for nss... yes
checking for openssl... no
checking for openssl... yes
checking for zlib... yes
checking for liblz4... yes
checking for lzo2... no
checking lzo/lzo1x.h usability... yes
checking lzo/lzo1x.h presence... yes
checking for lzo/lzo1x.h... yes
checking for lzo1x_decompress_safe in -llzo2... yes
checking for liblzma... yes
checking for bzip2... no
checking bzlib.h usability... yes
checking bzlib.h presence... yes
checking for bzlib.h... yes
checking for BZ2_bzBuffToBuffCompress in -lbz2... yes
checking whether gcc is Clang... yes
checking whether Clang needs flag to prevent "argument unused" warning when linking with -pthread... no
checking for joinable pthread attribute... PTHREAD_CREATE_JOINABLE
checking whether more special flags are required for pthreads... no
checking for PTHREAD_PRIO_INHERIT... yes
checking for library containing ceil... -lm
checking for library containing clock_gettime... none required
checking for library containing dlopen... -ldl
checking for os in linux-gnu... Linux
checking sys/epoll.h usability... yes
checking sys/epoll.h presence... yes
checking for sys/epoll.h... yes
checking for kevent... no
checking netinet/sctp.h usability... yes
checking netinet/sctp.h presence... yes
checking for netinet/sctp.h... yes
checking for inline... inline
checking for pid_t... yes
checking for size_t... yes
checking for ssize_t... yes
checking for uint8_t... yes
checking for uint16_t... yes
checking for uint32_t... yes
checking for uint64_t... yes
checking for int8_t... yes
checking for int16_t... yes
checking for int32_t... yes
checking for int64_t... yes
checking whether gcc supports "-Wall"... yes
checking whether gcc supports "-Wextra"... yes
checking whether gcc supports "-Wunused"... yes
checking whether gcc supports "-Wshadow"... yes
checking whether gcc supports "-Wmissing-prototypes"... yes
checking whether gcc supports "-Wmissing-declarations"... yes
checking whether gcc supports "-Wsuggest-attribute=noreturn"... yes
checking whether gcc supports "-Wsuggest-attribute=format"... yes
checking whether gcc supports "-Wstrict-prototypes"... yes
checking whether gcc supports "-Wdeclaration-after-statement"... yes
checking whether gcc supports "-Wpointer-arith"... yes
checking whether gcc supports "-Wwrite-strings"... yes
checking whether gcc supports "-Wcast-align"... yes
checking whether gcc supports "-Wbad-function-cast"... yes
checking whether gcc supports "-Wmissing-format-attribute"... yes
checking whether gcc supports "-Wfloat-equal"... yes
checking whether gcc supports "-Wformat=2"... yes
checking whether gcc supports "-Wformat-signedness"... yes
checking whether gcc supports "-Wformat-security"... yes
checking whether gcc supports "-Wformat-nonliteral"... yes
checking whether gcc supports "-Wno-long-long"... yes
checking whether gcc supports "-Wunsigned-char"... yes
checking whether gcc supports "-Wgnu89-inline"... yes
checking whether gcc supports "-Wno-strict-aliasing"... yes
checking whether gcc supports "-Werror"... yes
checking whether gcc supports "-Waddress"... yes
checking whether gcc supports "-Wcpp"... yes
checking whether gcc supports "-Woverflow"... yes
checking whether gcc supports "-Wparentheses"... yes
checking whether gcc supports "-Wsequence-point"... yes
checking whether gcc supports "-Wswitch"... yes
checking whether gcc supports "-Wshift-overflow=2"... yes
checking whether gcc supports "-Woverlength-strings"... yes
checking whether gcc supports "-Wretundent-decls"... yes
checking whether gcc supports "-Winit-self"... yes
checking whether gcc supports "-Wuninitialized"... yes
checking whether gcc supports "-Wunused-but-set-variable"... yes
checking whether gcc supports "-Wunused-function"... yes
checking whether gcc supports "-Wunused-result"... yes
checking whether gcc supports "-Wunused-value"... yes
checking whether gcc supports "-Wunused-variable"... yes
checking whether gcc supports "-Wunknown-pragmas"... yes
checking whether gcc supports "-Wno-unused-parameter"... yes
checking that generated files are newer than configure... done
configure: creating ./config.status
config.status: creating Makefile
config.status: creating init/Makefile
config.status: creating libtap/Makefile
config.status: creating libtap/libtap.pc
config.status: creating kronosnetd/Makefile
config.status: creating kronosnetd/kronosnetd.logrotate
config.status: creating libknet/Makefile
config.status: creating libknet/libknet.pc
config.status: creating libknet/tests/Makefile
config.status: creating man/Makefile
config.status: creating man/Doxyfile-knet
config.status: creating poc-code/Makefile
config.status: creating poc-code/iov-hash/Makefile
config.status: creating poc-code/access-list/Makefile
config.status: creating config.h
config.status: executing depfiles commands
config.status: executing libtool commands
configure: WARNING: unrecognized options: --disable-maintainer-mode
make[1]: Leaving directory '/<<PKGBUILDDIR>>'
   dh_auto_build -a
	make -j8 -Oline
make  all-recursive
Making all in init
make[3]: Nothing to be done for 'all'.
Making all in libtap
make[3]: Nothing to be done for 'all'.
Making all in libknet
Making all in .
make[4]: Entering directory '/<<PKGBUILDDIR>>/libknet'
/bin/bash ../libtool  --tag=CC   --mode=compile gcc -DHAVE_CONFIG_H -I. -I..   -Wdate-time -D_FORTIFY_SOURCE=2 -O3 -ggdb3  -Wall -Wextra -Wunused -Wshadow -Wmissing-prototypes -Wmissing-declarations -Wsuggest-attribute=noreturn -Wsuggest-attribute=format -Wstrict-prototypes -Wdeclaration-after-statement -Wpointer-arith -Wwrite-strings -Wcast-align -Wbad-function-cast -Wmissing-format-attribute -Wfloat-equal -Wformat=2 -Wformat-signedness -Wformat-security -Wformat-nonliteral -Wno-long-long -Wunsigned-char -Wgnu89-inline -Wno-strict-aliasing -Werror -Waddress -Wcpp -Woverflow -Wparentheses -Wsequence-point -Wswitch -Wshift-overflow=2 -Woverlength-strings -Wretundent-decls -Winit-self -Wuninitialized -Wunused-but-set-variable -Wunused-function -Wunused-result -Wunused-value -Wunused-variable -Wunknown-pragmas -Wno-unused-parameter -pthread -g -O2 -fdebug-prefix-map=/<<PKGBUILDDIR>>=. -fstack-protector-strong -Wformat -Werror=format-security -c -o libknet_la-host.lo `test -f 'host.c' || echo './'`host.c
libtool: compile:  gcc -DHAVE_CONFIG_H -I. -I.. -Wdate-time -D_FORTIFY_SOURCE=2 -O3 -ggdb3 -Wall -Wextra -Wunused -Wshadow -Wmissing-prototypes -Wmissing-declarations -Wsuggest-attribute=noreturn -Wsuggest-attribute=format -Wstrict-prototypes -Wdeclaration-after-statement -Wpointer-arith -Wwrite-strings -Wcast-align -Wbad-function-cast -Wmissing-format-attribute -Wfloat-equal -Wformat=2 -Wformat-signedness -Wformat-security -Wformat-nonliteral -Wno-long-long -Wunsigned-char -Wgnu89-inline -Wno-strict-aliasing -Werror -Waddress -Wcpp -Woverflow -Wparentheses -Wsequence-point -Wswitch -Wshift-overflow=2 -Woverlength-strings -Wretundent-decls -Winit-self -Wuninitialized -Wunused-but-set-variable -Wunused-function -Wunused-result -Wunused-value -Wunused-variable -Wunknown-pragmas -Wno-unused-parameter -pthread -g -O2 -fdebug-prefix-map=/<<PKGBUILDDIR>>=. -fstack-protector-strong -Wformat -Werror=format-security -c host.c  -fPIC -DPIC -o .libs/libknet_la-host.o
error: unknown warning option '-Wsuggest-attribute=noreturn' [-Werror,-Wunknown-warning-option]
error: unknown warning option '-Wsuggest-attribute=format'; did you mean '-Wproperty-attribute-mismatch'? [-Werror,-Wunknown-warning-option]
error: unknown warning option '-Wformat-signedness' [-Werror,-Wunknown-warning-option]
error: unknown warning option '-Wunsigned-char' [-Werror,-Wunknown-warning-option]
error: unknown warning option '-Wgnu89-inline' [-Werror,-Wunknown-warning-option]
error: unknown warning option '-Wshift-overflow=2'; did you mean '-Wshift-overflow'? [-Werror,-Wunknown-warning-option]
error: unknown warning option '-Wretundent-decls' [-Werror,-Wunknown-warning-option]
error: unknown warning option '-Wunused-but-set-variable'; did you mean '-Wunused-const-variable'? [-Werror,-Wunknown-warning-option]
make[4]: *** [Makefile:933: libknet_la-host.lo] Error 1
make[4]: Leaving directory '/<<PKGBUILDDIR>>/libknet'
make[4]: *** Waiting for unfinished jobs....
make[4]: Entering directory '/<<PKGBUILDDIR>>/libknet'
/bin/bash ../libtool  --tag=CC   --mode=compile gcc -DHAVE_CONFIG_H -I. -I..   -Wdate-time -D_FORTIFY_SOURCE=2 -O3 -ggdb3  -Wall -Wextra -Wunused -Wshadow -Wmissing-prototypes -Wmissing-declarations -Wsuggest-attribute=noreturn -Wsuggest-attribute=format -Wstrict-prototypes -Wdeclaration-after-statement -Wpointer-arith -Wwrite-strings -Wcast-align -Wbad-function-cast -Wmissing-format-attribute -Wfloat-equal -Wformat=2 -Wformat-signedness -Wformat-security -Wformat-nonliteral -Wno-long-long -Wunsigned-char -Wgnu89-inline -Wno-strict-aliasing -Werror -Waddress -Wcpp -Woverflow -Wparentheses -Wsequence-point -Wswitch -Wshift-overflow=2 -Woverlength-strings -Wretundent-decls -Winit-self -Wuninitialized -Wunused-but-set-variable -Wunused-function -Wunused-result -Wunused-value -Wunused-variable -Wunknown-pragmas -Wno-unused-parameter -pthread -g -O2 -fdebug-prefix-map=/<<PKGBUILDDIR>>=. -fstack-protector-strong -Wformat -Werror=format-security -c -o libknet_la-compress.lo `test -f 'compress.c' || echo './'`compress.c
libtool: compile:  gcc -DHAVE_CONFIG_H -I. -I.. -Wdate-time -D_FORTIFY_SOURCE=2 -O3 -ggdb3 -Wall -Wextra -Wunused -Wshadow -Wmissing-prototypes -Wmissing-declarations -Wsuggest-attribute=noreturn -Wsuggest-attribute=format -Wstrict-prototypes -Wdeclaration-after-statement -Wpointer-arith -Wwrite-strings -Wcast-align -Wbad-function-cast -Wmissing-format-attribute -Wfloat-equal -Wformat=2 -Wformat-signedness -Wformat-security -Wformat-nonliteral -Wno-long-long -Wunsigned-char -Wgnu89-inline -Wno-strict-aliasing -Werror -Waddress -Wcpp -Woverflow -Wparentheses -Wsequence-point -Wswitch -Wshift-overflow=2 -Woverlength-strings -Wretundent-decls -Winit-self -Wuninitialized -Wunused-but-set-variable -Wunused-function -Wunused-result -Wunused-value -Wunused-variable -Wunknown-pragmas -Wno-unused-parameter -pthread -g -O2 -fdebug-prefix-map=/<<PKGBUILDDIR>>=. -fstack-protector-strong -Wformat -Werror=format-security -c compress.c  -fPIC -DPIC -o .libs/libknet_la-compress.o
error: unknown warning option '-Wsuggest-attribute=noreturn' [-Werror,-Wunknown-warning-option]
error: unknown warning option '-Wsuggest-attribute=format'; did you mean '-Wproperty-attribute-mismatch'? [-Werror,-Wunknown-warning-option]
error: unknown warning option '-Wformat-signedness' [-Werror,-Wunknown-warning-option]
error: unknown warning option '-Wunsigned-char' [-Werror,-Wunknown-warning-option]
error: unknown warning option '-Wgnu89-inline' [-Werror,-Wunknown-warning-option]
error: unknown warning option '-Wshift-overflow=2'; did you mean '-Wshift-overflow'? [-Werror,-Wunknown-warning-option]
error: unknown warning option '-Wretundent-decls' [-Werror,-Wunknown-warning-option]
error: unknown warning option '-Wunused-but-set-variable'; did you mean '-Wunused-const-variable'? [-Werror,-Wunknown-warning-option]
make[4]: *** [Makefile:912: libknet_la-compress.lo] Error 1
make[4]: Leaving directory '/<<PKGBUILDDIR>>/libknet'
make[4]: Entering directory '/<<PKGBUILDDIR>>/libknet'
/bin/bash ../libtool  --tag=CC   --mode=compile gcc -DHAVE_CONFIG_H -I. -I..   -Wdate-time -D_FORTIFY_SOURCE=2 -O3 -ggdb3  -Wall -Wextra -Wunused -Wshadow -Wmissing-prototypes -Wmissing-declarations -Wsuggest-attribute=noreturn -Wsuggest-attribute=format -Wstrict-prototypes -Wdeclaration-after-statement -Wpointer-arith -Wwrite-strings -Wcast-align -Wbad-function-cast -Wmissing-format-attribute -Wfloat-equal -Wformat=2 -Wformat-signedness -Wformat-security -Wformat-nonliteral -Wno-long-long -Wunsigned-char -Wgnu89-inline -Wno-strict-aliasing -Werror -Waddress -Wcpp -Woverflow -Wparentheses -Wsequence-point -Wswitch -Wshift-overflow=2 -Woverlength-strings -Wretundent-decls -Winit-self -Wuninitialized -Wunused-but-set-variable -Wunused-function -Wunused-result -Wunused-value -Wunused-variable -Wunknown-pragmas -Wno-unused-parameter -pthread -g -O2 -fdebug-prefix-map=/<<PKGBUILDDIR>>=. -fstack-protector-strong -Wformat -Werror=format-security -c -o libknet_la-links.lo `test -f 'links.c' || echo './'`links.c
libtool: compile:  gcc -DHAVE_CONFIG_H -I. -I.. -Wdate-time -D_FORTIFY_SOURCE=2 -O3 -ggdb3 -Wall -Wextra -Wunused -Wshadow -Wmissing-prototypes -Wmissing-declarations -Wsuggest-attribute=noreturn -Wsuggest-attribute=format -Wstrict-prototypes -Wdeclaration-after-statement -Wpointer-arith -Wwrite-strings -Wcast-align -Wbad-function-cast -Wmissing-format-attribute -Wfloat-equal -Wformat=2 -Wformat-signedness -Wformat-security -Wformat-nonliteral -Wno-long-long -Wunsigned-char -Wgnu89-inline -Wno-strict-aliasing -Werror -Waddress -Wcpp -Woverflow -Wparentheses -Wsequence-point -Wswitch -Wshift-overflow=2 -Woverlength-strings -Wretundent-decls -Winit-self -Wuninitialized -Wunused-but-set-variable -Wunused-function -Wunused-result -Wunused-value -Wunused-variable -Wunknown-pragmas -Wno-unused-parameter -pthread -g -O2 -fdebug-prefix-map=/<<PKGBUILDDIR>>=. -fstack-protector-strong -Wformat -Werror=format-security -c links.c  -fPIC -DPIC -o .libs/libknet_la-links.o
error: unknown warning option '-Wsuggest-attribute=noreturn' [-Werror,-Wunknown-warning-option]
error: unknown warning option '-Wsuggest-attribute=format'; did you mean '-Wproperty-attribute-mismatch'? [-Werror,-Wunknown-warning-option]
error: unknown warning option '-Wformat-signedness' [-Werror,-Wunknown-warning-option]
error: unknown warning option '-Wunsigned-char' [-Werror,-Wunknown-warning-option]
error: unknown warning option '-Wgnu89-inline' [-Werror,-Wunknown-warning-option]
error: unknown warning option '-Wshift-overflow=2'; did you mean '-Wshift-overflow'? [-Werror,-Wunknown-warning-option]
error: unknown warning option '-Wretundent-decls' [-Werror,-Wunknown-warning-option]
error: unknown warning option '-Wunused-but-set-variable'; did you mean '-Wunused-const-variable'? [-Werror,-Wunknown-warning-option]
make[4]: *** [Makefile:940: libknet_la-links.lo] Error 1
make[4]: Leaving directory '/<<PKGBUILDDIR>>/libknet'
make[4]: Entering directory '/<<PKGBUILDDIR>>/libknet'
/bin/bash ../libtool  --tag=CC   --mode=compile gcc -DHAVE_CONFIG_H -I. -I..   -Wdate-time -D_FORTIFY_SOURCE=2 -O3 -ggdb3  -Wall -Wextra -Wunused -Wshadow -Wmissing-prototypes -Wmissing-declarations -Wsuggest-attribute=noreturn -Wsuggest-attribute=format -Wstrict-prototypes -Wdeclaration-after-statement -Wpointer-arith -Wwrite-strings -Wcast-align -Wbad-function-cast -Wmissing-format-attribute -Wfloat-equal -Wformat=2 -Wformat-signedness -Wformat-security -Wformat-nonliteral -Wno-long-long -Wunsigned-char -Wgnu89-inline -Wno-strict-aliasing -Werror -Waddress -Wcpp -Woverflow -Wparentheses -Wsequence-point -Wswitch -Wshift-overflow=2 -Woverlength-strings -Wretundent-decls -Winit-self -Wuninitialized -Wunused-but-set-variable -Wunused-function -Wunused-result -Wunused-value -Wunused-variable -Wunknown-pragmas -Wno-unused-parameter -pthread -g -O2 -fdebug-prefix-map=/<<PKGBUILDDIR>>=. -fstack-protector-strong -Wformat -Werror=format-security -c -o libknet_la-common.lo `test -f 'common.c' || echo './'`common.c
libtool: compile:  gcc -DHAVE_CONFIG_H -I. -I.. -Wdate-time -D_FORTIFY_SOURCE=2 -O3 -ggdb3 -Wall -Wextra -Wunused -Wshadow -Wmissing-prototypes -Wmissing-declarations -Wsuggest-attribute=noreturn -Wsuggest-attribute=format -Wstrict-prototypes -Wdeclaration-after-statement -Wpointer-arith -Wwrite-strings -Wcast-align -Wbad-function-cast -Wmissing-format-attribute -Wfloat-equal -Wformat=2 -Wformat-signedness -Wformat-security -Wformat-nonliteral -Wno-long-long -Wunsigned-char -Wgnu89-inline -Wno-strict-aliasing -Werror -Waddress -Wcpp -Woverflow -Wparentheses -Wsequence-point -Wswitch -Wshift-overflow=2 -Woverlength-strings -Wretundent-decls -Winit-self -Wuninitialized -Wunused-but-set-variable -Wunused-function -Wunused-result -Wunused-value -Wunused-variable -Wunknown-pragmas -Wno-unused-parameter -pthread -g -O2 -fdebug-prefix-map=/<<PKGBUILDDIR>>=. -fstack-protector-strong -Wformat -Werror=format-security -c common.c  -fPIC -DPIC -o .libs/libknet_la-common.o
error: unknown warning option '-Wsuggest-attribute=noreturn' [-Werror,-Wunknown-warning-option]
error: unknown warning option '-Wsuggest-attribute=format'; did you mean '-Wproperty-attribute-mismatch'? [-Werror,-Wunknown-warning-option]
error: unknown warning option '-Wformat-signedness' [-Werror,-Wunknown-warning-option]
error: unknown warning option '-Wunsigned-char' [-Werror,-Wunknown-warning-option]
error: unknown warning option '-Wgnu89-inline' [-Werror,-Wunknown-warning-option]
error: unknown warning option '-Wshift-overflow=2'; did you mean '-Wshift-overflow'? [-Werror,-Wunknown-warning-option]
error: unknown warning option '-Wretundent-decls' [-Werror,-Wunknown-warning-option]
error: unknown warning option '-Wunused-but-set-variable'; did you mean '-Wunused-const-variable'? [-Werror,-Wunknown-warning-option]
make[4]: *** [Makefile:898: libknet_la-common.lo] Error 1
make[4]: Leaving directory '/<<PKGBUILDDIR>>/libknet'
make[4]: Entering directory '/<<PKGBUILDDIR>>/libknet'
/bin/bash ../libtool  --tag=CC   --mode=compile gcc -DHAVE_CONFIG_H -I. -I..   -Wdate-time -D_FORTIFY_SOURCE=2 -O3 -ggdb3  -Wall -Wextra -Wunused -Wshadow -Wmissing-prototypes -Wmissing-declarations -Wsuggest-attribute=noreturn -Wsuggest-attribute=format -Wstrict-prototypes -Wdeclaration-after-statement -Wpointer-arith -Wwrite-strings -Wcast-align -Wbad-function-cast -Wmissing-format-attribute -Wfloat-equal -Wformat=2 -Wformat-signedness -Wformat-security -Wformat-nonliteral -Wno-long-long -Wunsigned-char -Wgnu89-inline -Wno-strict-aliasing -Werror -Waddress -Wcpp -Woverflow -Wparentheses -Wsequence-point -Wswitch -Wshift-overflow=2 -Woverlength-strings -Wretundent-decls -Winit-self -Wuninitialized -Wunused-but-set-variable -Wunused-function -Wunused-result -Wunused-value -Wunused-variable -Wunknown-pragmas -Wno-unused-parameter -pthread -g -O2 -fdebug-prefix-map=/<<PKGBUILDDIR>>=. -fstack-protector-strong -Wformat -Werror=format-security -c -o libknet_la-handle.lo `test -f 'handle.c' || echo './'`handle.c
libtool: compile:  gcc -DHAVE_CONFIG_H -I. -I.. -Wdate-time -D_FORTIFY_SOURCE=2 -O3 -ggdb3 -Wall -Wextra -Wunused -Wshadow -Wmissing-prototypes -Wmissing-declarations -Wsuggest-attribute=noreturn -Wsuggest-attribute=format -Wstrict-prototypes -Wdeclaration-after-statement -Wpointer-arith -Wwrite-strings -Wcast-align -Wbad-function-cast -Wmissing-format-attribute -Wfloat-equal -Wformat=2 -Wformat-signedness -Wformat-security -Wformat-nonliteral -Wno-long-long -Wunsigned-char -Wgnu89-inline -Wno-strict-aliasing -Werror -Waddress -Wcpp -Woverflow -Wparentheses -Wsequence-point -Wswitch -Wshift-overflow=2 -Woverlength-strings -Wretundent-decls -Winit-self -Wuninitialized -Wunused-but-set-variable -Wunused-function -Wunused-result -Wunused-value -Wunused-variable -Wunknown-pragmas -Wno-unused-parameter -pthread -g -O2 -fdebug-prefix-map=/<<PKGBUILDDIR>>=. -fstack-protector-strong -Wformat -Werror=format-security -c handle.c  -fPIC -DPIC -o .libs/libknet_la-handle.o
error: unknown warning option '-Wsuggest-attribute=noreturn' [-Werror,-Wunknown-warning-option]
error: unknown warning option '-Wsuggest-attribute=format'; did you mean '-Wproperty-attribute-mismatch'? [-Werror,-Wunknown-warning-option]
error: unknown warning option '-Wformat-signedness' [-Werror,-Wunknown-warning-option]
error: unknown warning option '-Wunsigned-char' [-Werror,-Wunknown-warning-option]
error: unknown warning option '-Wgnu89-inline' [-Werror,-Wunknown-warning-option]
error: unknown warning option '-Wshift-overflow=2'; did you mean '-Wshift-overflow'? [-Werror,-Wunknown-warning-option]
error: unknown warning option '-Wretundent-decls' [-Werror,-Wunknown-warning-option]
error: unknown warning option '-Wunused-but-set-variable'; did you mean '-Wunused-const-variable'? [-Werror,-Wunknown-warning-option]
make[4]: *** [Makefile:926: libknet_la-handle.lo] Error 1
make[4]: Leaving directory '/<<PKGBUILDDIR>>/libknet'
make[4]: Entering directory '/<<PKGBUILDDIR>>/libknet'
/bin/bash ../libtool  --tag=CC   --mode=compile gcc -DHAVE_CONFIG_H -I. -I..   -Wdate-time -D_FORTIFY_SOURCE=2 -O3 -ggdb3  -Wall -Wextra -Wunused -Wshadow -Wmissing-prototypes -Wmissing-declarations -Wsuggest-attribute=noreturn -Wsuggest-attribute=format -Wstrict-prototypes -Wdeclaration-after-statement -Wpointer-arith -Wwrite-strings -Wcast-align -Wbad-function-cast -Wmissing-format-attribute -Wfloat-equal -Wformat=2 -Wformat-signedness -Wformat-security -Wformat-nonliteral -Wno-long-long -Wunsigned-char -Wgnu89-inline -Wno-strict-aliasing -Werror -Waddress -Wcpp -Woverflow -Wparentheses -Wsequence-point -Wswitch -Wshift-overflow=2 -Woverlength-strings -Wretundent-decls -Winit-self -Wuninitialized -Wunused-but-set-variable -Wunused-function -Wunused-result -Wunused-value -Wunused-variable -Wunknown-pragmas -Wno-unused-parameter -pthread -g -O2 -fdebug-prefix-map=/<<PKGBUILDDIR>>=. -fstack-protector-strong -Wformat -Werror=format-security -c -o libknet_la-compat.lo `test -f 'compat.c' || echo './'`compat.c
libtool: compile:  gcc -DHAVE_CONFIG_H -I. -I.. -Wdate-time -D_FORTIFY_SOURCE=2 -O3 -ggdb3 -Wall -Wextra -Wunused -Wshadow -Wmissing-prototypes -Wmissing-declarations -Wsuggest-attribute=noreturn -Wsuggest-attribute=format -Wstrict-prototypes -Wdeclaration-after-statement -Wpointer-arith -Wwrite-strings -Wcast-align -Wbad-function-cast -Wmissing-format-attribute -Wfloat-equal -Wformat=2 -Wformat-signedness -Wformat-security -Wformat-nonliteral -Wno-long-long -Wunsigned-char -Wgnu89-inline -Wno-strict-aliasing -Werror -Waddress -Wcpp -Woverflow -Wparentheses -Wsequence-point -Wswitch -Wshift-overflow=2 -Woverlength-strings -Wretundent-decls -Winit-self -Wuninitialized -Wunused-but-set-variable -Wunused-function -Wunused-result -Wunused-value -Wunused-variable -Wunknown-pragmas -Wno-unused-parameter -pthread -g -O2 -fdebug-prefix-map=/<<PKGBUILDDIR>>=. -fstack-protector-strong -Wformat -Werror=format-security -c compat.c  -fPIC -DPIC -o .libs/libknet_la-compat.o
error: unknown warning option '-Wsuggest-attribute=noreturn' [-Werror,-Wunknown-warning-option]
error: unknown warning option '-Wsuggest-attribute=format'; did you mean '-Wproperty-attribute-mismatch'? [-Werror,-Wunknown-warning-option]
error: unknown warning option '-Wformat-signedness' [-Werror,-Wunknown-warning-option]
error: unknown warning option '-Wunsigned-char' [-Werror,-Wunknown-warning-option]
error: unknown warning option '-Wgnu89-inline' [-Werror,-Wunknown-warning-option]
error: unknown warning option '-Wshift-overflow=2'; did you mean '-Wshift-overflow'? [-Werror,-Wunknown-warning-option]
error: unknown warning option '-Wretundent-decls' [-Werror,-Wunknown-warning-option]
error: unknown warning option '-Wunused-but-set-variable'; did you mean '-Wunused-const-variable'? [-Werror,-Wunknown-warning-option]
make[4]: *** [Makefile:905: libknet_la-compat.lo] Error 1
make[4]: Leaving directory '/<<PKGBUILDDIR>>/libknet'
make[4]: Entering directory '/<<PKGBUILDDIR>>/libknet'
/bin/bash ../libtool  --tag=CC   --mode=compile gcc -DHAVE_CONFIG_H -I. -I..   -Wdate-time -D_FORTIFY_SOURCE=2 -O3 -ggdb3  -Wall -Wextra -Wunused -Wshadow -Wmissing-prototypes -Wmissing-declarations -Wsuggest-attribute=noreturn -Wsuggest-attribute=format -Wstrict-prototypes -Wdeclaration-after-statement -Wpointer-arith -Wwrite-strings -Wcast-align -Wbad-function-cast -Wmissing-format-attribute -Wfloat-equal -Wformat=2 -Wformat-signedness -Wformat-security -Wformat-nonliteral -Wno-long-long -Wunsigned-char -Wgnu89-inline -Wno-strict-aliasing -Werror -Waddress -Wcpp -Woverflow -Wparentheses -Wsequence-point -Wswitch -Wshift-overflow=2 -Woverlength-strings -Wretundent-decls -Winit-self -Wuninitialized -Wunused-but-set-variable -Wunused-function -Wunused-result -Wunused-value -Wunused-variable -Wunknown-pragmas -Wno-unused-parameter -pthread -g -O2 -fdebug-prefix-map=/<<PKGBUILDDIR>>=. -fstack-protector-strong -Wformat -Werror=format-security -c -o libknet_la-crypto.lo `test -f 'crypto.c' || echo './'`crypto.c
libtool: compile:  gcc -DHAVE_CONFIG_H -I. -I.. -Wdate-time -D_FORTIFY_SOURCE=2 -O3 -ggdb3 -Wall -Wextra -Wunused -Wshadow -Wmissing-prototypes -Wmissing-declarations -Wsuggest-attribute=noreturn -Wsuggest-attribute=format -Wstrict-prototypes -Wdeclaration-after-statement -Wpointer-arith -Wwrite-strings -Wcast-align -Wbad-function-cast -Wmissing-format-attribute -Wfloat-equal -Wformat=2 -Wformat-signedness -Wformat-security -Wformat-nonliteral -Wno-long-long -Wunsigned-char -Wgnu89-inline -Wno-strict-aliasing -Werror -Waddress -Wcpp -Woverflow -Wparentheses -Wsequence-point -Wswitch -Wshift-overflow=2 -Woverlength-strings -Wretundent-decls -Winit-self -Wuninitialized -Wunused-but-set-variable -Wunused-function -Wunused-result -Wunused-value -Wunused-variable -Wunknown-pragmas -Wno-unused-parameter -pthread -g -O2 -fdebug-prefix-map=/<<PKGBUILDDIR>>=. -fstack-protector-strong -Wformat -Werror=format-security -c crypto.c  -fPIC -DPIC -o .libs/libknet_la-crypto.o
error: unknown warning option '-Wsuggest-attribute=noreturn' [-Werror,-Wunknown-warning-option]
error: unknown warning option '-Wsuggest-attribute=format'; did you mean '-Wproperty-attribute-mismatch'? [-Werror,-Wunknown-warning-option]
error: unknown warning option '-Wformat-signedness' [-Werror,-Wunknown-warning-option]
error: unknown warning option '-Wunsigned-char' [-Werror,-Wunknown-warning-option]
error: unknown warning option '-Wgnu89-inline' [-Werror,-Wunknown-warning-option]
error: unknown warning option '-Wshift-overflow=2'; did you mean '-Wshift-overflow'? [-Werror,-Wunknown-warning-option]
error: unknown warning option '-Wretundent-decls' [-Werror,-Wunknown-warning-option]
error: unknown warning option '-Wunused-but-set-variable'; did you mean '-Wunused-const-variable'? [-Werror,-Wunknown-warning-option]
make[4]: *** [Makefile:919: libknet_la-crypto.lo] Error 1
make[4]: Leaving directory '/<<PKGBUILDDIR>>/libknet'
make[4]: Entering directory '/<<PKGBUILDDIR>>/libknet'
/bin/bash ../libtool  --tag=CC   --mode=compile gcc -DHAVE_CONFIG_H -I. -I..   -Wdate-time -D_FORTIFY_SOURCE=2 -O3 -ggdb3  -Wall -Wextra -Wunused -Wshadow -Wmissing-prototypes -Wmissing-declarations -Wsuggest-attribute=noreturn -Wsuggest-attribute=format -Wstrict-prototypes -Wdeclaration-after-statement -Wpointer-arith -Wwrite-strings -Wcast-align -Wbad-function-cast -Wmissing-format-attribute -Wfloat-equal -Wformat=2 -Wformat-signedness -Wformat-security -Wformat-nonliteral -Wno-long-long -Wunsigned-char -Wgnu89-inline -Wno-strict-aliasing -Werror -Waddress -Wcpp -Woverflow -Wparentheses -Wsequence-point -Wswitch -Wshift-overflow=2 -Woverlength-strings -Wretundent-decls -Winit-self -Wuninitialized -Wunused-but-set-variable -Wunused-function -Wunused-result -Wunused-value -Wunused-variable -Wunknown-pragmas -Wno-unused-parameter -pthread -g -O2 -fdebug-prefix-map=/<<PKGBUILDDIR>>=. -fstack-protector-strong -Wformat -Werror=format-security -c -o libknet_la-logging.lo `test -f 'logging.c' || echo './'`logging.c
libtool: compile:  gcc -DHAVE_CONFIG_H -I. -I.. -Wdate-time -D_FORTIFY_SOURCE=2 -O3 -ggdb3 -Wall -Wextra -Wunused -Wshadow -Wmissing-prototypes -Wmissing-declarations -Wsuggest-attribute=noreturn -Wsuggest-attribute=format -Wstrict-prototypes -Wdeclaration-after-statement -Wpointer-arith -Wwrite-strings -Wcast-align -Wbad-function-cast -Wmissing-format-attribute -Wfloat-equal -Wformat=2 -Wformat-signedness -Wformat-security -Wformat-nonliteral -Wno-long-long -Wunsigned-char -Wgnu89-inline -Wno-strict-aliasing -Werror -Waddress -Wcpp -Woverflow -Wparentheses -Wsequence-point -Wswitch -Wshift-overflow=2 -Woverlength-strings -Wretundent-decls -Winit-self -Wuninitialized -Wunused-but-set-variable -Wunused-function -Wunused-result -Wunused-value -Wunused-variable -Wunknown-pragmas -Wno-unused-parameter -pthread -g -O2 -fdebug-prefix-map=/<<PKGBUILDDIR>>=. -fstack-protector-strong -Wformat -Werror=format-security -c logging.c  -fPIC -DPIC -o .libs/libknet_la-logging.o
error: unknown warning option '-Wsuggest-attribute=noreturn' [-Werror,-Wunknown-warning-option]
error: unknown warning option '-Wsuggest-attribute=format'; did you mean '-Wproperty-attribute-mismatch'? [-Werror,-Wunknown-warning-option]
error: unknown warning option '-Wformat-signedness' [-Werror,-Wunknown-warning-option]
error: unknown warning option '-Wunsigned-char' [-Werror,-Wunknown-warning-option]
error: unknown warning option '-Wgnu89-inline' [-Werror,-Wunknown-warning-option]
error: unknown warning option '-Wshift-overflow=2'; did you mean '-Wshift-overflow'? [-Werror,-Wunknown-warning-option]
error: unknown warning option '-Wretundent-decls' [-Werror,-Wunknown-warning-option]
error: unknown warning option '-Wunused-but-set-variable'; did you mean '-Wunused-const-variable'? [-Werror,-Wunknown-warning-option]
make[4]: *** [Makefile:947: libknet_la-logging.lo] Error 1
make[4]: Leaving directory '/<<PKGBUILDDIR>>/libknet'
make[3]: *** [Makefile:1088: all-recursive] Error 1
make[2]: *** [Makefile:552: all-recursive] Error 1
make[1]: *** [Makefile:462: all] Error 2
dh_auto_build: make -j8 -Oline returned exit code 2
make: *** [debian/rules:9: build-arch] Error 25
dpkg-buildpackage: error: debian/rules build-arch subprocess returned exit status 2
--------------------------------------------------------------------------------
Build finished at 2018-05-02T12:01:21Z

Finished
--------


+------------------------------------------------------------------------------+
| Cleanup                                                                      |
+------------------------------------------------------------------------------+

Purging /<<BUILDDIR>>
Not cleaning session: cloned chroot in use
E: Build failure (dpkg-buildpackage died)

+------------------------------------------------------------------------------+
| Summary                                                                      |
+------------------------------------------------------------------------------+

Build Architecture: amd64
Build Type: any
Build-Space: 6384
Build-Time: 16
Distribution: unstable
Fail-Stage: build
Host Architecture: amd64
Install-Time: 6
Job: kronosnet_1.1-2
Machine Architecture: amd64
Package: kronosnet
Package-Time: 37
Source-Version: 1.1-2
Space: 6384
Status: attempted
Version: 1.1-2
--------------------------------------------------------------------------------
Finished at 2018-05-02T12:01:21Z
Build needed 00:00:37, 6384k disk space
E: Build failure (dpkg-buildpackage died)
DC-Status: Failed 37.495204143s
DC-Time-Estimation: 37.495204143 versus expected 1 (r/m: 36.495204143 ; m: 1.0)
