DC-Build-Header: libcloudproviders 0.2.5-1 / 2018-05-02 12:01:32 +0000
DC-Task: type:rebuild-binarch-only source:libcloudproviders version:0.2.5-1 chroot:unstable esttime: logfile:/tmp/libcloudproviders_0.2.5-1_unstable_clang60.log modes:clang60:binarch-only
DC-Sbuild-call: su user42 -c 'sbuild -n --arch-any --apt-update -d unstable -v  --chroot-setup-commands=/tmp/clang60 libcloudproviders_0.2.5-1'
sbuild (Debian sbuild) 0.73.0 (23 Dec 2016) on ip-172-31-6-169.eu-central-1.compute.internal

+==============================================================================+
| libcloudproviders 0.2.5-1 (amd64)            Wed, 02 May 2018 12:01:32 +0000 |
+==============================================================================+

Package: libcloudproviders
Version: 0.2.5-1
Source Version: 0.2.5-1
Distribution: unstable
Machine Architecture: amd64
Host Architecture: amd64
Build Architecture: amd64
Build Type: any

I: NOTICE: Log filtering will replace 'var/run/schroot/mount/unstable-amd64-sbuild-0037dbc9-90ca-4015-9c6d-a43b97ea85d3' with '<<CHROOT>>'

+------------------------------------------------------------------------------+
| Chroot Setup Commands                                                        |
+------------------------------------------------------------------------------+


/tmp/clang60
------------

+ echo 'Entering customization script...'
Entering customization script...
+ CLANG_VERSION=6.0
+ echo 'Install of clang-6.0'
Install of clang-6.0
+ apt-get update
Get:1 http://127.0.0.1:9999/debian unstable InRelease [242 kB]
Get:2 http://127.0.0.1:9999/debian unstable/main Sources.diff/Index [27.9 kB]
Get:3 http://127.0.0.1:9999/debian unstable/main amd64 Packages.diff/Index [27.9 kB]
Get:4 http://127.0.0.1:9999/debian unstable/main Sources 2018-05-02-0830.09.pdiff [16.2 kB]
Get:4 http://127.0.0.1:9999/debian unstable/main Sources 2018-05-02-0830.09.pdiff [16.2 kB]
Get:5 http://127.0.0.1:9999/debian unstable/main amd64 Packages 2018-05-02-0830.09.pdiff [1781 B]
Get:5 http://127.0.0.1:9999/debian unstable/main amd64 Packages 2018-05-02-0830.09.pdiff [1781 B]
Get:6 http://127.0.0.1:9999/debian unstable/main Translation-en [6016 kB]
Fetched 6332 kB in 2s (3413 kB/s)
Reading package lists...
+ apt-get install --yes --no-install-recommends --force-yes clang-6.0
Reading package lists...
Building dependency tree...
Reading state information...
The following additional packages will be installed:
  lib32gcc1 lib32stdc++6 libbsd0 libc6-i386 libclang-common-6.0-dev
  libclang1-6.0 libedit2 libjsoncpp1 libllvm6.0 libncurses5 libobjc-7-dev
  libobjc4
Suggested packages:
  gnustep gnustep-devel clang-6.0-doc
Recommended packages:
  llvm-6.0-dev python libomp-dev libgpm2
The following NEW packages will be installed:
  clang-6.0 lib32gcc1 lib32stdc++6 libbsd0 libc6-i386 libclang-common-6.0-dev
  libclang1-6.0 libedit2 libjsoncpp1 libllvm6.0 libncurses5 libobjc-7-dev
  libobjc4
0 upgraded, 13 newly installed, 0 to remove and 0 not upgraded.
Need to get 37.7 MB of archives.
After this operation, 187 MB of additional disk space will be used.
Get:1 http://127.0.0.1:9999/debian unstable/main amd64 libjsoncpp1 amd64 1.7.4-3 [75.6 kB]
Get:2 http://127.0.0.1:9999/debian unstable/main amd64 libbsd0 amd64 0.8.7-1 [92.1 kB]
Get:3 http://127.0.0.1:9999/debian unstable/main amd64 libncurses5 amd64 6.1+20180210-2 [95.7 kB]
Get:4 http://127.0.0.1:9999/debian unstable/main amd64 libedit2 amd64 3.1-20170329-1 [85.2 kB]
Get:5 http://127.0.0.1:9999/debian unstable/main amd64 libllvm6.0 amd64 1:6.0-3 [14.5 MB]
Get:6 http://127.0.0.1:9999/debian unstable/main amd64 libobjc4 amd64 8-20180425-1 [52.4 kB]
Get:7 http://127.0.0.1:9999/debian unstable/main amd64 libobjc-7-dev amd64 7.3.0-17 [204 kB]
Get:8 http://127.0.0.1:9999/debian unstable/main amd64 libc6-i386 amd64 2.27-3 [2855 kB]
Get:9 http://127.0.0.1:9999/debian unstable/main amd64 lib32gcc1 amd64 1:8-20180425-1 [47.8 kB]
Get:10 http://127.0.0.1:9999/debian unstable/main amd64 lib32stdc++6 amd64 8-20180425-1 [406 kB]
Get:11 http://127.0.0.1:9999/debian unstable/main amd64 libclang-common-6.0-dev amd64 1:6.0-3 [3102 kB]
Get:12 http://127.0.0.1:9999/debian unstable/main amd64 libclang1-6.0 amd64 1:6.0-3 [6995 kB]
Get:13 http://127.0.0.1:9999/debian unstable/main amd64 clang-6.0 amd64 1:6.0-3 [9175 kB]
debconf: delaying package configuration, since apt-utils is not installed
Fetched 37.7 MB in 0s (98.8 MB/s)
Selecting previously unselected package libjsoncpp1:amd64.
(Reading database ... (Reading database ... 5%(Reading database ... 10%(Reading database ... 15%(Reading database ... 20%(Reading database ... 25%(Reading database ... 30%(Reading database ... 35%(Reading database ... 40%(Reading database ... 45%(Reading database ... 50%(Reading database ... 55%(Reading database ... 60%(Reading database ... 65%(Reading database ... 70%(Reading database ... 75%(Reading database ... 80%(Reading database ... 85%(Reading database ... 90%(Reading database ... 95%(Reading database ... 100%(Reading database ... 10022 files and directories currently installed.)
Preparing to unpack .../00-libjsoncpp1_1.7.4-3_amd64.deb ...
Unpacking libjsoncpp1:amd64 (1.7.4-3) ...
Selecting previously unselected package libbsd0:amd64.
Preparing to unpack .../01-libbsd0_0.8.7-1_amd64.deb ...
Unpacking libbsd0:amd64 (0.8.7-1) ...
Selecting previously unselected package libncurses5:amd64.
Preparing to unpack .../02-libncurses5_6.1+20180210-2_amd64.deb ...
Unpacking libncurses5:amd64 (6.1+20180210-2) ...
Selecting previously unselected package libedit2:amd64.
Preparing to unpack .../03-libedit2_3.1-20170329-1_amd64.deb ...
Unpacking libedit2:amd64 (3.1-20170329-1) ...
Selecting previously unselected package libllvm6.0:amd64.
Preparing to unpack .../04-libllvm6.0_1%3a6.0-3_amd64.deb ...
Unpacking libllvm6.0:amd64 (1:6.0-3) ...
Selecting previously unselected package libobjc4:amd64.
Preparing to unpack .../05-libobjc4_8-20180425-1_amd64.deb ...
Unpacking libobjc4:amd64 (8-20180425-1) ...
Selecting previously unselected package libobjc-7-dev:amd64.
Preparing to unpack .../06-libobjc-7-dev_7.3.0-17_amd64.deb ...
Unpacking libobjc-7-dev:amd64 (7.3.0-17) ...
Selecting previously unselected package libc6-i386.
Preparing to unpack .../07-libc6-i386_2.27-3_amd64.deb ...
Unpacking libc6-i386 (2.27-3) ...
Selecting previously unselected package lib32gcc1.
Preparing to unpack .../08-lib32gcc1_1%3a8-20180425-1_amd64.deb ...
Unpacking lib32gcc1 (1:8-20180425-1) ...
Selecting previously unselected package lib32stdc++6.
Preparing to unpack .../09-lib32stdc++6_8-20180425-1_amd64.deb ...
Unpacking lib32stdc++6 (8-20180425-1) ...
Selecting previously unselected package libclang-common-6.0-dev.
Preparing to unpack .../10-libclang-common-6.0-dev_1%3a6.0-3_amd64.deb ...
Unpacking libclang-common-6.0-dev (1:6.0-3) ...
Selecting previously unselected package libclang1-6.0:amd64.
Preparing to unpack .../11-libclang1-6.0_1%3a6.0-3_amd64.deb ...
Unpacking libclang1-6.0:amd64 (1:6.0-3) ...
Selecting previously unselected package clang-6.0.
Preparing to unpack .../12-clang-6.0_1%3a6.0-3_amd64.deb ...
Unpacking clang-6.0 (1:6.0-3) ...
Setting up libncurses5:amd64 (6.1+20180210-2) ...
Setting up libobjc4:amd64 (8-20180425-1) ...
Setting up libc6-i386 (2.27-3) ...
Setting up libbsd0:amd64 (0.8.7-1) ...
Setting up libobjc-7-dev:amd64 (7.3.0-17) ...
Processing triggers for libc-bin (2.27-3) ...
Setting up lib32gcc1 (1:8-20180425-1) ...
Setting up libjsoncpp1:amd64 (1.7.4-3) ...
Setting up libedit2:amd64 (3.1-20170329-1) ...
Setting up libllvm6.0:amd64 (1:6.0-3) ...
Setting up libclang1-6.0:amd64 (1:6.0-3) ...
Setting up lib32stdc++6 (8-20180425-1) ...
Setting up libclang-common-6.0-dev (1:6.0-3) ...
Setting up clang-6.0 (1:6.0-3) ...
Processing triggers for libc-bin (2.27-3) ...
W: --force-yes is deprecated, use one of the options starting with --allow instead.
+ echo 'Replace gcc, g++ & cpp by clang'
Replace gcc, g++ & cpp by clang
+ VERSIONS='4.6 4.7 4.8 4.9 5 6 7 8'
+ cd /usr/bin
+ for VERSION in $VERSIONS
+ rm -f g++-4.6 gcc-4.6 cpp-4.6 gcc
+ ln -s clang++-6.0 g++-4.6
+ ln -s clang-6.0 gcc-4.6
+ ln -s clang-6.0 cpp-4.6
+ ln -s clang-6.0 gcc
+ echo 'gcc-4.6 hold'
+ dpkg --set-selections
dpkg: warning: package not in status nor available database at line 1: gcc-4.6
dpkg: warning: found unknown packages; this might mean the available database
is outdated, and needs to be updated through a frontend method;
please see the FAQ <https://wiki.debian.org/Teams/Dpkg/FAQ>
+ echo 'g++-4.6 hold'
+ dpkg --set-selections
dpkg: warning: package not in status nor available database at line 1: g++-4.6
dpkg: warning: found unknown packages; this might mean the available database
is outdated, and needs to be updated through a frontend method;
please see the FAQ <https://wiki.debian.org/Teams/Dpkg/FAQ>
+ for VERSION in $VERSIONS
+ rm -f g++-4.7 gcc-4.7 cpp-4.7 gcc
+ ln -s clang++-6.0 g++-4.7
+ ln -s clang-6.0 gcc-4.7
+ ln -s clang-6.0 cpp-4.7
+ ln -s clang-6.0 gcc
+ echo 'gcc-4.7 hold'
+ dpkg --set-selections
dpkg: warning: package not in status nor available database at line 1: gcc-4.7
dpkg: warning: found unknown packages; this might mean the available database
is outdated, and needs to be updated through a frontend method;
please see the FAQ <https://wiki.debian.org/Teams/Dpkg/FAQ>
+ echo 'g++-4.7 hold'
+ dpkg --set-selections
dpkg: warning: package not in status nor available database at line 1: g++-4.7
dpkg: warning: found unknown packages; this might mean the available database
is outdated, and needs to be updated through a frontend method;
please see the FAQ <https://wiki.debian.org/Teams/Dpkg/FAQ>
+ for VERSION in $VERSIONS
+ rm -f g++-4.8 gcc-4.8 cpp-4.8 gcc
+ ln -s clang++-6.0 g++-4.8
+ ln -s clang-6.0 gcc-4.8
+ ln -s clang-6.0 cpp-4.8
+ ln -s clang-6.0 gcc
+ echo 'gcc-4.8 hold'
+ dpkg --set-selections
dpkg: warning: package not in status nor available database at line 1: gcc-4.8
dpkg: warning: found unknown packages; this might mean the available database
is outdated, and needs to be updated through a frontend method;
please see the FAQ <https://wiki.debian.org/Teams/Dpkg/FAQ>
+ echo 'g++-4.8 hold'
+ dpkg --set-selections
dpkg: warning: package not in status nor available database at line 1: g++-4.8
dpkg: warning: found unknown packages; this might mean the available database
is outdated, and needs to be updated through a frontend method;
please see the FAQ <https://wiki.debian.org/Teams/Dpkg/FAQ>
+ for VERSION in $VERSIONS
+ rm -f g++-4.9 gcc-4.9 cpp-4.9 gcc
+ ln -s clang++-6.0 g++-4.9
+ ln -s clang-6.0 gcc-4.9
+ ln -s clang-6.0 cpp-4.9
+ ln -s clang-6.0 gcc
+ echo 'gcc-4.9 hold'
+ dpkg --set-selections
dpkg: warning: package not in status nor available database at line 1: gcc-4.9
dpkg: warning: found unknown packages; this might mean the available database
is outdated, and needs to be updated through a frontend method;
please see the FAQ <https://wiki.debian.org/Teams/Dpkg/FAQ>
+ echo 'g++-4.9 hold'
+ dpkg --set-selections
dpkg: warning: package not in status nor available database at line 1: g++-4.9
dpkg: warning: found unknown packages; this might mean the available database
is outdated, and needs to be updated through a frontend method;
please see the FAQ <https://wiki.debian.org/Teams/Dpkg/FAQ>
+ for VERSION in $VERSIONS
+ rm -f g++-5 gcc-5 cpp-5 gcc
+ ln -s clang++-6.0 g++-5
+ ln -s clang-6.0 gcc-5
+ ln -s clang-6.0 cpp-5
+ ln -s clang-6.0 gcc
+ echo 'gcc-5 hold'
+ dpkg --set-selections
+ echo 'g++-5 hold'
+ dpkg --set-selections
+ for VERSION in $VERSIONS
+ rm -f g++-6 gcc-6 cpp-6 gcc
+ ln -s clang++-6.0 g++-6
+ ln -s clang-6.0 gcc-6
+ ln -s clang-6.0 cpp-6
+ ln -s clang-6.0 gcc
+ echo 'gcc-6 hold'
+ dpkg --set-selections
dpkg: warning: package not in status nor available database at line 1: gcc-6
dpkg: warning: found unknown packages; this might mean the available database
is outdated, and needs to be updated through a frontend method;
please see the FAQ <https://wiki.debian.org/Teams/Dpkg/FAQ>
+ echo 'g++-6 hold'
+ dpkg --set-selections
dpkg: warning: package not in status nor available database at line 1: g++-6
dpkg: warning: found unknown packages; this might mean the available database
is outdated, and needs to be updated through a frontend method;
please see the FAQ <https://wiki.debian.org/Teams/Dpkg/FAQ>
+ for VERSION in $VERSIONS
+ rm -f g++-7 gcc-7 cpp-7 gcc
+ ln -s clang++-6.0 g++-7
+ ln -s clang-6.0 gcc-7
+ ln -s clang-6.0 cpp-7
+ ln -s clang-6.0 gcc
+ echo 'gcc-7 hold'
+ dpkg --set-selections
+ echo 'g++-7 hold'
+ dpkg --set-selections
+ for VERSION in $VERSIONS
+ rm -f g++-8 gcc-8 cpp-8 gcc
+ ln -s clang++-6.0 g++-8
+ ln -s clang-6.0 gcc-8
+ ln -s clang-6.0 cpp-8
+ ln -s clang-6.0 gcc
+ echo 'gcc-8 hold'
+ dpkg --set-selections
dpkg: warning: package not in status nor available database at line 1: gcc-8
dpkg: warning: found unknown packages; this might mean the available database
is outdated, and needs to be updated through a frontend method;
please see the FAQ <https://wiki.debian.org/Teams/Dpkg/FAQ>
+ echo 'g++-8 hold'
+ dpkg --set-selections
dpkg: warning: package not in status nor available database at line 1: g++-8
dpkg: warning: found unknown packages; this might mean the available database
is outdated, and needs to be updated through a frontend method;
please see the FAQ <https://wiki.debian.org/Teams/Dpkg/FAQ>
+ cd -
/build/libcloudproviders-XmsBuH
+ echo 'Check if gcc, g++ & cpp are actually clang'
Check if gcc, g++ & cpp are actually clang
+ gcc --version
+ grep clang
+ cpp --version
+ grep clang
+ g++ --version
+ grep clang

I: Finished running '/tmp/clang60'.

Finished processing commands.
--------------------------------------------------------------------------------

+------------------------------------------------------------------------------+
| Update chroot                                                                |
+------------------------------------------------------------------------------+

Hit:1 http://127.0.0.1:9999/debian unstable InRelease
Reading package lists...
Reading package lists...
Building dependency tree...
Reading state information...
Calculating upgrade...
0 upgraded, 0 newly installed, 0 to remove and 0 not upgraded.

+------------------------------------------------------------------------------+
| Fetch source files                                                           |
+------------------------------------------------------------------------------+


Check APT
---------

Checking available source versions...

Download source files with APT
------------------------------

Reading package lists...
NOTICE: 'libcloudproviders' packaging is maintained in the 'Git' version control system at:
https://anonscm.debian.org/git/pkg-gnome/libcloudproviders.git
Please use:
git clone https://anonscm.debian.org/git/pkg-gnome/libcloudproviders.git
to retrieve the latest (possibly unreleased) updates to the package.
Need to get 26.6 kB of source archives.
Get:1 http://127.0.0.1:9999/debian unstable/main libcloudproviders 0.2.5-1 (dsc) [2192 B]
Get:2 http://127.0.0.1:9999/debian unstable/main libcloudproviders 0.2.5-1 (tar) [21.5 kB]
Get:3 http://127.0.0.1:9999/debian unstable/main libcloudproviders 0.2.5-1 (diff) [2888 B]
Fetched 26.6 kB in 0s (343 kB/s)
Download complete and in download only mode
I: NOTICE: Log filtering will replace 'build/libcloudproviders-XmsBuH/libcloudproviders-0.2.5' with '<<PKGBUILDDIR>>'
I: NOTICE: Log filtering will replace 'build/libcloudproviders-XmsBuH' with '<<BUILDDIR>>'

+------------------------------------------------------------------------------+
| Install build-essential                                                      |
+------------------------------------------------------------------------------+


Setup apt archive
-----------------

Merged Build-Depends: build-essential, fakeroot
Filtered Build-Depends: build-essential, fakeroot
dpkg-deb: building package 'sbuild-build-depends-core-dummy' in '/<<BUILDDIR>>/resolver-fIvsAW/apt_archive/sbuild-build-depends-core-dummy.deb'.
dpkg-scanpackages: warning: Packages in archive but missing from override file:
dpkg-scanpackages: warning:   sbuild-build-depends-core-dummy
dpkg-scanpackages: info: Wrote 1 entries to output Packages file.
Ign:1 copy:/<<BUILDDIR>>/resolver-fIvsAW/apt_archive ./ InRelease
Get:2 copy:/<<BUILDDIR>>/resolver-fIvsAW/apt_archive ./ Release [957 B]
Ign:3 copy:/<<BUILDDIR>>/resolver-fIvsAW/apt_archive ./ Release.gpg
Get:4 copy:/<<BUILDDIR>>/resolver-fIvsAW/apt_archive ./ Sources [349 B]
Get:5 copy:/<<BUILDDIR>>/resolver-fIvsAW/apt_archive ./ Packages [430 B]
Fetched 1736 B in 0s (0 B/s)
Reading package lists...
Reading package lists...

Install core build dependencies (apt-based resolver)
----------------------------------------------------

Installing build dependencies
Reading package lists...
Building dependency tree...
Reading state information...
The following NEW packages will be installed:
  sbuild-build-depends-core-dummy
0 upgraded, 1 newly installed, 0 to remove and 0 not upgraded.
Need to get 856 B of archives.
After this operation, 0 B of additional disk space will be used.
Get:1 copy:/<<BUILDDIR>>/resolver-fIvsAW/apt_archive ./ sbuild-build-depends-core-dummy 0.invalid.0 [856 B]
debconf: delaying package configuration, since apt-utils is not installed
Fetched 856 B in 0s (0 B/s)
Selecting previously unselected package sbuild-build-depends-core-dummy.
(Reading database ... 10771 files and directories currently installed.)
Preparing to unpack .../sbuild-build-depends-core-dummy_0.invalid.0_amd64.deb ...
Unpacking sbuild-build-depends-core-dummy (0.invalid.0) ...
Setting up sbuild-build-depends-core-dummy (0.invalid.0) ...

+------------------------------------------------------------------------------+
| Check architectures                                                          |
+------------------------------------------------------------------------------+

Arch check ok (amd64 included in any all)

+------------------------------------------------------------------------------+
| Install package build dependencies                                           |
+------------------------------------------------------------------------------+


Setup apt archive
-----------------

Merged Build-Depends: debhelper (>= 10.3~), gnome-pkg-tools, gtk-doc-tools, libglib2.0-dev (>= 2.52.0), meson (>= 0.40.0)
Filtered Build-Depends: debhelper (>= 10.3~), gnome-pkg-tools, gtk-doc-tools, libglib2.0-dev (>= 2.52.0), meson (>= 0.40.0)
dpkg-deb: building package 'sbuild-build-depends-libcloudproviders-dummy' in '/<<BUILDDIR>>/resolver-fIvsAW/apt_archive/sbuild-build-depends-libcloudproviders-dummy.deb'.
dpkg-scanpackages: warning: Packages in archive but missing from override file:
dpkg-scanpackages: warning:   sbuild-build-depends-core-dummy sbuild-build-depends-libcloudproviders-dummy
dpkg-scanpackages: info: Wrote 2 entries to output Packages file.
Ign:1 copy:/<<BUILDDIR>>/resolver-fIvsAW/apt_archive ./ InRelease
Get:2 copy:/<<BUILDDIR>>/resolver-fIvsAW/apt_archive ./ Release [963 B]
Ign:3 copy:/<<BUILDDIR>>/resolver-fIvsAW/apt_archive ./ Release.gpg
Get:4 copy:/<<BUILDDIR>>/resolver-fIvsAW/apt_archive ./ Sources [541 B]
Get:5 copy:/<<BUILDDIR>>/resolver-fIvsAW/apt_archive ./ Packages [621 B]
Fetched 2125 B in 0s (0 B/s)
Reading package lists...
Reading package lists...

Install libcloudproviders build dependencies (apt-based resolver)
-----------------------------------------------------------------

Installing build dependencies
Reading package lists...
Building dependency tree...
Reading state information...
The following additional packages will be installed:
  autoconf automake autopoint autotools-dev bsdmainutils debhelper
  dh-autoreconf dh-strip-nondeterminism docbook docbook-to-man docbook-xml
  docbook-xsl file gettext gettext-base gnome-pkg-tools groff-base
  gtk-doc-tools highlight highlight-common intltool-debian libarchive-zip-perl
  libcroco3 libelf1 libexpat1 libfile-stripnondeterminism-perl libglib2.0-0
  libglib2.0-bin libglib2.0-data libglib2.0-dev libglib2.0-dev-bin libicu57
  liblua5.2-0 libmagic-mgc libmagic1 libmpdec2 libncursesw6 libosp5
  libpcre16-3 libpcre3-dev libpcre32-3 libpcrecpp0v5 libpipeline1
  libpython-stdlib libpython2.7-minimal libpython2.7-stdlib libpython3-stdlib
  libpython3.6-minimal libpython3.6-stdlib libreadline7 libsigsegv2
  libsqlite3-0 libssl1.1 libtimedate-perl libtool libxml2 libxslt1.1 m4 man-db
  meson mime-support ninja-build opensp pkg-config po-debconf python
  python-funcsigs python-minimal python-mock python-pbr python-pkg-resources
  python-six python2.7 python2.7-minimal python3 python3-distutils
  python3-lib2to3 python3-minimal python3.6 python3.6-minimal readline-common
  sgml-base sgml-data xml-core xsltproc zlib1g-dev
Suggested packages:
  autoconf-archive gnu-standards autoconf-doc wamerican | wordlist whois
  vacation dh-make dwz docbook-defguide docbook-dsssl psgml dbtoepub
  docbook-xsl-doc-html | docbook-xsl-doc-pdf | docbook-xsl-doc-text
  | docbook-xsl-doc docbook-xsl-saxon fop libsaxon-java libxalan2-java
  libxslthl-java xalan gettext-doc libasprintf-dev libgettextpo-dev groff
  dblatex libglib2.0-doc libtool-doc gfortran | fortran95-compiler gcj-jdk
  m4-doc apparmor less www-browser doc-base libmail-box-perl python-doc
  python-tk python-funcsigs-doc python-mock-doc python-setuptools
  python2.7-doc binfmt-support python3-doc python3-tk python3-venv
  python3.6-venv python3.6-doc readline-doc sgml-base-doc perlsgml w3-recs
  libxml2-utils
Recommended packages:
  curl | wget | lynx git-buildpackage libarchive-cpio-perl shared-mime-info
  xdg-user-dirs libgpm2 libltdl-dev libmail-sendmail-perl
The following NEW packages will be installed:
  autoconf automake autopoint autotools-dev bsdmainutils debhelper
  dh-autoreconf dh-strip-nondeterminism docbook docbook-to-man docbook-xml
  docbook-xsl file gettext gettext-base gnome-pkg-tools groff-base
  gtk-doc-tools highlight highlight-common intltool-debian libarchive-zip-perl
  libcroco3 libelf1 libexpat1 libfile-stripnondeterminism-perl libglib2.0-0
  libglib2.0-bin libglib2.0-data libglib2.0-dev libglib2.0-dev-bin libicu57
  liblua5.2-0 libmagic-mgc libmagic1 libmpdec2 libncursesw6 libosp5
  libpcre16-3 libpcre3-dev libpcre32-3 libpcrecpp0v5 libpipeline1
  libpython-stdlib libpython2.7-minimal libpython2.7-stdlib libpython3-stdlib
  libpython3.6-minimal libpython3.6-stdlib libreadline7 libsigsegv2
  libsqlite3-0 libssl1.1 libtimedate-perl libtool libxml2 libxslt1.1 m4 man-db
  meson mime-support ninja-build opensp pkg-config po-debconf python
  python-funcsigs python-minimal python-mock python-pbr python-pkg-resources
  python-six python2.7 python2.7-minimal python3 python3-distutils
  python3-lib2to3 python3-minimal python3.6 python3.6-minimal readline-common
  sbuild-build-depends-libcloudproviders-dummy sgml-base sgml-data xml-core
  xsltproc zlib1g-dev
0 upgraded, 87 newly installed, 0 to remove and 0 not upgraded.
Need to get 47.1 MB of archives.
After this operation, 179 MB of additional disk space will be used.
Get:1 copy:/<<BUILDDIR>>/resolver-fIvsAW/apt_archive ./ sbuild-build-depends-libcloudproviders-dummy 0.invalid.0 [912 B]
Get:2 http://127.0.0.1:9999/debian unstable/main amd64 bsdmainutils amd64 11.1.2 [190 kB]
Get:3 http://127.0.0.1:9999/debian unstable/main amd64 groff-base amd64 1.22.3-10 [1176 kB]
Get:4 http://127.0.0.1:9999/debian unstable/main amd64 libpipeline1 amd64 1.5.0-1 [29.0 kB]
Get:5 http://127.0.0.1:9999/debian unstable/main amd64 man-db amd64 2.8.3-2 [1180 kB]
Get:6 http://127.0.0.1:9999/debian unstable/main amd64 libpython2.7-minimal amd64 2.7.15-1 [393 kB]
Get:7 http://127.0.0.1:9999/debian unstable/main amd64 python2.7-minimal amd64 2.7.15-1 [1353 kB]
Get:8 http://127.0.0.1:9999/debian unstable/main amd64 python-minimal amd64 2.7.15~rc1-1 [41.1 kB]
Get:9 http://127.0.0.1:9999/debian unstable/main amd64 mime-support all 3.60 [36.7 kB]
Get:10 http://127.0.0.1:9999/debian unstable/main amd64 libexpat1 amd64 2.2.5-3 [96.8 kB]
Get:11 http://127.0.0.1:9999/debian unstable/main amd64 libncursesw6 amd64 6.1+20180210-2 [131 kB]
Get:12 http://127.0.0.1:9999/debian unstable/main amd64 readline-common all 7.0-3 [70.4 kB]
Get:13 http://127.0.0.1:9999/debian unstable/main amd64 libreadline7 amd64 7.0-3+b1 [151 kB]
Get:14 http://127.0.0.1:9999/debian unstable/main amd64 libsqlite3-0 amd64 3.23.1-1 [603 kB]
Get:15 http://127.0.0.1:9999/debian unstable/main amd64 libssl1.1 amd64 1.1.0h-2 [1352 kB]
Get:16 http://127.0.0.1:9999/debian unstable/main amd64 libpython2.7-stdlib amd64 2.7.15-1 [1912 kB]
Get:17 http://127.0.0.1:9999/debian unstable/main amd64 python2.7 amd64 2.7.15-1 [298 kB]
Get:18 http://127.0.0.1:9999/debian unstable/main amd64 libpython-stdlib amd64 2.7.15~rc1-1 [20.5 kB]
Get:19 http://127.0.0.1:9999/debian unstable/main amd64 python amd64 2.7.15~rc1-1 [155 kB]
Get:20 http://127.0.0.1:9999/debian unstable/main amd64 libpython3.6-minimal amd64 3.6.5-5 [572 kB]
Get:21 http://127.0.0.1:9999/debian unstable/main amd64 python3.6-minimal amd64 3.6.5-5 [1728 kB]
Get:22 http://127.0.0.1:9999/debian unstable/main amd64 python3-minimal amd64 3.6.5-3 [36.2 kB]
Get:23 http://127.0.0.1:9999/debian unstable/main amd64 libmpdec2 amd64 2.4.2-2 [87.2 kB]
Get:24 http://127.0.0.1:9999/debian unstable/main amd64 libpython3.6-stdlib amd64 3.6.5-5 [1730 kB]
Get:25 http://127.0.0.1:9999/debian unstable/main amd64 python3.6 amd64 3.6.5-5 [229 kB]
Get:26 http://127.0.0.1:9999/debian unstable/main amd64 libpython3-stdlib amd64 3.6.5-3 [19.7 kB]
Get:27 http://127.0.0.1:9999/debian unstable/main amd64 python3 amd64 3.6.5-3 [24.1 kB]
Get:28 http://127.0.0.1:9999/debian unstable/main amd64 sgml-base all 1.29 [14.8 kB]
Get:29 http://127.0.0.1:9999/debian unstable/main amd64 libmagic-mgc amd64 1:5.33-2 [234 kB]
Get:30 http://127.0.0.1:9999/debian unstable/main amd64 libmagic1 amd64 1:5.33-2 [113 kB]
Get:31 http://127.0.0.1:9999/debian unstable/main amd64 file amd64 1:5.33-2 [65.6 kB]
Get:32 http://127.0.0.1:9999/debian unstable/main amd64 gettext-base amd64 0.19.8.1-6 [122 kB]
Get:33 http://127.0.0.1:9999/debian unstable/main amd64 libsigsegv2 amd64 2.12-2 [32.8 kB]
Get:34 http://127.0.0.1:9999/debian unstable/main amd64 m4 amd64 1.4.18-1 [202 kB]
Get:35 http://127.0.0.1:9999/debian unstable/main amd64 autoconf all 2.69-11 [341 kB]
Get:36 http://127.0.0.1:9999/debian unstable/main amd64 autotools-dev all 20180224.1 [77.0 kB]
Get:37 http://127.0.0.1:9999/debian unstable/main amd64 automake all 1:1.15.1-3.1 [736 kB]
Get:38 http://127.0.0.1:9999/debian unstable/main amd64 autopoint all 0.19.8.1-6 [434 kB]
Get:39 http://127.0.0.1:9999/debian unstable/main amd64 libtool all 2.4.6-2.1 [547 kB]
Get:40 http://127.0.0.1:9999/debian unstable/main amd64 dh-autoreconf all 17 [16.5 kB]
Get:41 http://127.0.0.1:9999/debian unstable/main amd64 libarchive-zip-perl all 1.60-1 [95.6 kB]
Get:42 http://127.0.0.1:9999/debian unstable/main amd64 libfile-stripnondeterminism-perl all 0.041-1 [19.9 kB]
Get:43 http://127.0.0.1:9999/debian unstable/main amd64 libtimedate-perl all 2.3000-2 [42.2 kB]
Get:44 http://127.0.0.1:9999/debian unstable/main amd64 dh-strip-nondeterminism all 0.041-1 [12.0 kB]
Get:45 http://127.0.0.1:9999/debian unstable/main amd64 libglib2.0-0 amd64 2.56.1-2 [2928 kB]
Get:46 http://127.0.0.1:9999/debian unstable/main amd64 libicu57 amd64 57.1-9 [7698 kB]
Get:47 http://127.0.0.1:9999/debian unstable/main amd64 libxml2 amd64 2.9.4+dfsg1-6.1 [725 kB]
Get:48 http://127.0.0.1:9999/debian unstable/main amd64 libcroco3 amd64 0.6.12-2 [144 kB]
Get:49 http://127.0.0.1:9999/debian unstable/main amd64 gettext amd64 0.19.8.1-6 [1302 kB]
Get:50 http://127.0.0.1:9999/debian unstable/main amd64 intltool-debian all 0.35.0+20060710.4 [26.3 kB]
Get:51 http://127.0.0.1:9999/debian unstable/main amd64 po-debconf all 1.0.20 [247 kB]
Get:52 http://127.0.0.1:9999/debian unstable/main amd64 debhelper all 11.2.1 [1013 kB]
Get:53 http://127.0.0.1:9999/debian unstable/main amd64 xml-core all 0.18 [23.4 kB]
Get:54 http://127.0.0.1:9999/debian unstable/main amd64 sgml-data all 2.0.10 [181 kB]
Get:55 http://127.0.0.1:9999/debian unstable/main amd64 docbook all 4.5-6 [129 kB]
Get:56 http://127.0.0.1:9999/debian unstable/main amd64 libosp5 amd64 1.5.2-13+b1 [948 kB]
Get:57 http://127.0.0.1:9999/debian unstable/main amd64 opensp amd64 1.5.2-13+b1 [449 kB]
Get:58 http://127.0.0.1:9999/debian unstable/main amd64 docbook-to-man amd64 1:2.0.0-41 [76.5 kB]
Get:59 http://127.0.0.1:9999/debian unstable/main amd64 docbook-xml all 4.5-8 [84.7 kB]
Get:60 http://127.0.0.1:9999/debian unstable/main amd64 docbook-xsl all 1.79.1+dfsg-2 [1249 kB]
Get:61 http://127.0.0.1:9999/debian unstable/main amd64 gnome-pkg-tools all 0.20.2 [27.3 kB]
Get:62 http://127.0.0.1:9999/debian unstable/main amd64 pkg-config amd64 0.29-4+b1 [63.3 kB]
Get:63 http://127.0.0.1:9999/debian unstable/main amd64 python-funcsigs all 1.0.2-4 [13.7 kB]
Get:64 http://127.0.0.1:9999/debian unstable/main amd64 python-pkg-resources all 39.0.1-2 [171 kB]
Get:65 http://127.0.0.1:9999/debian unstable/main amd64 python-six all 1.11.0-2 [15.1 kB]
Get:66 http://127.0.0.1:9999/debian unstable/main amd64 python-pbr all 3.1.1-4 [54.7 kB]
Get:67 http://127.0.0.1:9999/debian unstable/main amd64 python-mock all 2.0.0-3 [59.8 kB]
Get:68 http://127.0.0.1:9999/debian unstable/main amd64 libxslt1.1 amd64 1.1.29-5 [236 kB]
Get:69 http://127.0.0.1:9999/debian unstable/main amd64 xsltproc amd64 1.1.29-5 [121 kB]
Get:70 http://127.0.0.1:9999/debian unstable/main amd64 liblua5.2-0 amd64 5.2.4-1.1+b2 [110 kB]
Get:71 http://127.0.0.1:9999/debian unstable/main amd64 highlight-common all 3.41-1 [210 kB]
Get:72 http://127.0.0.1:9999/debian unstable/main amd64 highlight amd64 3.41-1 [359 kB]
Get:73 http://127.0.0.1:9999/debian unstable/main amd64 gtk-doc-tools all 1.28-1 [360 kB]
Get:74 http://127.0.0.1:9999/debian unstable/main amd64 libelf1 amd64 0.170-0.4 [162 kB]
Get:75 http://127.0.0.1:9999/debian unstable/main amd64 libglib2.0-data all 2.56.1-2 [2671 kB]
Get:76 http://127.0.0.1:9999/debian unstable/main amd64 libglib2.0-bin amd64 2.56.1-2 [1702 kB]
Get:77 http://127.0.0.1:9999/debian unstable/main amd64 python3-lib2to3 all 3.6.5-3 [78.7 kB]
Get:78 http://127.0.0.1:9999/debian unstable/main amd64 python3-distutils all 3.6.5-3 [144 kB]
Get:79 http://127.0.0.1:9999/debian unstable/main amd64 libglib2.0-dev-bin amd64 2.56.1-2 [1735 kB]
Get:80 http://127.0.0.1:9999/debian unstable/main amd64 libpcre16-3 amd64 2:8.39-9 [257 kB]
Get:81 http://127.0.0.1:9999/debian unstable/main amd64 libpcre32-3 amd64 2:8.39-9 [248 kB]
Get:82 http://127.0.0.1:9999/debian unstable/main amd64 libpcrecpp0v5 amd64 2:8.39-9 [152 kB]
Get:83 http://127.0.0.1:9999/debian unstable/main amd64 libpcre3-dev amd64 2:8.39-9 [647 kB]
Get:84 http://127.0.0.1:9999/debian unstable/main amd64 zlib1g-dev amd64 1:1.2.11.dfsg-1 [214 kB]
Get:85 http://127.0.0.1:9999/debian unstable/main amd64 libglib2.0-dev amd64 2.56.1-2 [3015 kB]
Get:86 http://127.0.0.1:9999/debian unstable/main amd64 ninja-build amd64 1.8.2-1 [93.6 kB]
Get:87 http://127.0.0.1:9999/debian unstable/main amd64 meson all 0.46.0-1 [230 kB]
debconf: delaying package configuration, since apt-utils is not installed
Fetched 47.1 MB in 1s (90.2 MB/s)
Selecting previously unselected package bsdmainutils.
(Reading database ... 10771 files and directories currently installed.)
Preparing to unpack .../00-bsdmainutils_11.1.2_amd64.deb ...
Unpacking bsdmainutils (11.1.2) ...
Selecting previously unselected package groff-base.
Preparing to unpack .../01-groff-base_1.22.3-10_amd64.deb ...
Unpacking groff-base (1.22.3-10) ...
Selecting previously unselected package libpipeline1:amd64.
Preparing to unpack .../02-libpipeline1_1.5.0-1_amd64.deb ...
Unpacking libpipeline1:amd64 (1.5.0-1) ...
Selecting previously unselected package man-db.
Preparing to unpack .../03-man-db_2.8.3-2_amd64.deb ...
Unpacking man-db (2.8.3-2) ...
Selecting previously unselected package libpython2.7-minimal:amd64.
Preparing to unpack .../04-libpython2.7-minimal_2.7.15-1_amd64.deb ...
Unpacking libpython2.7-minimal:amd64 (2.7.15-1) ...
Selecting previously unselected package python2.7-minimal.
Preparing to unpack .../05-python2.7-minimal_2.7.15-1_amd64.deb ...
Unpacking python2.7-minimal (2.7.15-1) ...
Selecting previously unselected package python-minimal.
Preparing to unpack .../06-python-minimal_2.7.15~rc1-1_amd64.deb ...
Unpacking python-minimal (2.7.15~rc1-1) ...
Selecting previously unselected package mime-support.
Preparing to unpack .../07-mime-support_3.60_all.deb ...
Unpacking mime-support (3.60) ...
Selecting previously unselected package libexpat1:amd64.
Preparing to unpack .../08-libexpat1_2.2.5-3_amd64.deb ...
Unpacking libexpat1:amd64 (2.2.5-3) ...
Selecting previously unselected package libncursesw6:amd64.
Preparing to unpack .../09-libncursesw6_6.1+20180210-2_amd64.deb ...
Unpacking libncursesw6:amd64 (6.1+20180210-2) ...
Selecting previously unselected package readline-common.
Preparing to unpack .../10-readline-common_7.0-3_all.deb ...
Unpacking readline-common (7.0-3) ...
Selecting previously unselected package libreadline7:amd64.
Preparing to unpack .../11-libreadline7_7.0-3+b1_amd64.deb ...
Unpacking libreadline7:amd64 (7.0-3+b1) ...
Selecting previously unselected package libsqlite3-0:amd64.
Preparing to unpack .../12-libsqlite3-0_3.23.1-1_amd64.deb ...
Unpacking libsqlite3-0:amd64 (3.23.1-1) ...
Selecting previously unselected package libssl1.1:amd64.
Preparing to unpack .../13-libssl1.1_1.1.0h-2_amd64.deb ...
Unpacking libssl1.1:amd64 (1.1.0h-2) ...
Selecting previously unselected package libpython2.7-stdlib:amd64.
Preparing to unpack .../14-libpython2.7-stdlib_2.7.15-1_amd64.deb ...
Unpacking libpython2.7-stdlib:amd64 (2.7.15-1) ...
Selecting previously unselected package python2.7.
Preparing to unpack .../15-python2.7_2.7.15-1_amd64.deb ...
Unpacking python2.7 (2.7.15-1) ...
Selecting previously unselected package libpython-stdlib:amd64.
Preparing to unpack .../16-libpython-stdlib_2.7.15~rc1-1_amd64.deb ...
Unpacking libpython-stdlib:amd64 (2.7.15~rc1-1) ...
Setting up libpython2.7-minimal:amd64 (2.7.15-1) ...
Setting up python2.7-minimal (2.7.15-1) ...
Setting up python-minimal (2.7.15~rc1-1) ...
Selecting previously unselected package python.
(Reading database ... 12213 files and directories currently installed.)
Preparing to unpack .../0-python_2.7.15~rc1-1_amd64.deb ...
Unpacking python (2.7.15~rc1-1) ...
Selecting previously unselected package libpython3.6-minimal:amd64.
Preparing to unpack .../1-libpython3.6-minimal_3.6.5-5_amd64.deb ...
Unpacking libpython3.6-minimal:amd64 (3.6.5-5) ...
Selecting previously unselected package python3.6-minimal.
Preparing to unpack .../2-python3.6-minimal_3.6.5-5_amd64.deb ...
Unpacking python3.6-minimal (3.6.5-5) ...
Selecting previously unselected package python3-minimal.
Preparing to unpack .../3-python3-minimal_3.6.5-3_amd64.deb ...
Unpacking python3-minimal (3.6.5-3) ...
Selecting previously unselected package libmpdec2:amd64.
Preparing to unpack .../4-libmpdec2_2.4.2-2_amd64.deb ...
Unpacking libmpdec2:amd64 (2.4.2-2) ...
Selecting previously unselected package libpython3.6-stdlib:amd64.
Preparing to unpack .../5-libpython3.6-stdlib_3.6.5-5_amd64.deb ...
Unpacking libpython3.6-stdlib:amd64 (3.6.5-5) ...
Selecting previously unselected package python3.6.
Preparing to unpack .../6-python3.6_3.6.5-5_amd64.deb ...
Unpacking python3.6 (3.6.5-5) ...
Selecting previously unselected package libpython3-stdlib:amd64.
Preparing to unpack .../7-libpython3-stdlib_3.6.5-3_amd64.deb ...
Unpacking libpython3-stdlib:amd64 (3.6.5-3) ...
Setting up libssl1.1:amd64 (1.1.0h-2) ...
Setting up libpython3.6-minimal:amd64 (3.6.5-5) ...
Setting up libexpat1:amd64 (2.2.5-3) ...
Setting up python3.6-minimal (3.6.5-5) ...
Setting up python3-minimal (3.6.5-3) ...
Selecting previously unselected package python3.
(Reading database ... 12913 files and directories currently installed.)
Preparing to unpack .../00-python3_3.6.5-3_amd64.deb ...
Unpacking python3 (3.6.5-3) ...
Selecting previously unselected package sgml-base.
Preparing to unpack .../01-sgml-base_1.29_all.deb ...
Unpacking sgml-base (1.29) ...
Selecting previously unselected package libmagic-mgc.
Preparing to unpack .../02-libmagic-mgc_1%3a5.33-2_amd64.deb ...
Unpacking libmagic-mgc (1:5.33-2) ...
Selecting previously unselected package libmagic1:amd64.
Preparing to unpack .../03-libmagic1_1%3a5.33-2_amd64.deb ...
Unpacking libmagic1:amd64 (1:5.33-2) ...
Selecting previously unselected package file.
Preparing to unpack .../04-file_1%3a5.33-2_amd64.deb ...
Unpacking file (1:5.33-2) ...
Selecting previously unselected package gettext-base.
Preparing to unpack .../05-gettext-base_0.19.8.1-6_amd64.deb ...
Unpacking gettext-base (0.19.8.1-6) ...
Selecting previously unselected package libsigsegv2:amd64.
Preparing to unpack .../06-libsigsegv2_2.12-2_amd64.deb ...
Unpacking libsigsegv2:amd64 (2.12-2) ...
Selecting previously unselected package m4.
Preparing to unpack .../07-m4_1.4.18-1_amd64.deb ...
Unpacking m4 (1.4.18-1) ...
Selecting previously unselected package autoconf.
Preparing to unpack .../08-autoconf_2.69-11_all.deb ...
Unpacking autoconf (2.69-11) ...
Selecting previously unselected package autotools-dev.
Preparing to unpack .../09-autotools-dev_20180224.1_all.deb ...
Unpacking autotools-dev (20180224.1) ...
Selecting previously unselected package automake.
Preparing to unpack .../10-automake_1%3a1.15.1-3.1_all.deb ...
Unpacking automake (1:1.15.1-3.1) ...
Selecting previously unselected package autopoint.
Preparing to unpack .../11-autopoint_0.19.8.1-6_all.deb ...
Unpacking autopoint (0.19.8.1-6) ...
Selecting previously unselected package libtool.
Preparing to unpack .../12-libtool_2.4.6-2.1_all.deb ...
Unpacking libtool (2.4.6-2.1) ...
Selecting previously unselected package dh-autoreconf.
Preparing to unpack .../13-dh-autoreconf_17_all.deb ...
Unpacking dh-autoreconf (17) ...
Selecting previously unselected package libarchive-zip-perl.
Preparing to unpack .../14-libarchive-zip-perl_1.60-1_all.deb ...
Unpacking libarchive-zip-perl (1.60-1) ...
Selecting previously unselected package libfile-stripnondeterminism-perl.
Preparing to unpack .../15-libfile-stripnondeterminism-perl_0.041-1_all.deb ...
Unpacking libfile-stripnondeterminism-perl (0.041-1) ...
Selecting previously unselected package libtimedate-perl.
Preparing to unpack .../16-libtimedate-perl_2.3000-2_all.deb ...
Unpacking libtimedate-perl (2.3000-2) ...
Selecting previously unselected package dh-strip-nondeterminism.
Preparing to unpack .../17-dh-strip-nondeterminism_0.041-1_all.deb ...
Unpacking dh-strip-nondeterminism (0.041-1) ...
Selecting previously unselected package libglib2.0-0:amd64.
Preparing to unpack .../18-libglib2.0-0_2.56.1-2_amd64.deb ...
Unpacking libglib2.0-0:amd64 (2.56.1-2) ...
Selecting previously unselected package libicu57:amd64.
Preparing to unpack .../19-libicu57_57.1-9_amd64.deb ...
Unpacking libicu57:amd64 (57.1-9) ...
Selecting previously unselected package libxml2:amd64.
Preparing to unpack .../20-libxml2_2.9.4+dfsg1-6.1_amd64.deb ...
Unpacking libxml2:amd64 (2.9.4+dfsg1-6.1) ...
Selecting previously unselected package libcroco3:amd64.
Preparing to unpack .../21-libcroco3_0.6.12-2_amd64.deb ...
Unpacking libcroco3:amd64 (0.6.12-2) ...
Selecting previously unselected package gettext.
Preparing to unpack .../22-gettext_0.19.8.1-6_amd64.deb ...
Unpacking gettext (0.19.8.1-6) ...
Selecting previously unselected package intltool-debian.
Preparing to unpack .../23-intltool-debian_0.35.0+20060710.4_all.deb ...
Unpacking intltool-debian (0.35.0+20060710.4) ...
Selecting previously unselected package po-debconf.
Preparing to unpack .../24-po-debconf_1.0.20_all.deb ...
Unpacking po-debconf (1.0.20) ...
Selecting previously unselected package debhelper.
Preparing to unpack .../25-debhelper_11.2.1_all.deb ...
Unpacking debhelper (11.2.1) ...
Selecting previously unselected package xml-core.
Preparing to unpack .../26-xml-core_0.18_all.deb ...
Unpacking xml-core (0.18) ...
Selecting previously unselected package sgml-data.
Preparing to unpack .../27-sgml-data_2.0.10_all.deb ...
Unpacking sgml-data (2.0.10) ...
Selecting previously unselected package docbook.
Preparing to unpack .../28-docbook_4.5-6_all.deb ...
Unpacking docbook (4.5-6) ...
Selecting previously unselected package libosp5.
Preparing to unpack .../29-libosp5_1.5.2-13+b1_amd64.deb ...
Unpacking libosp5 (1.5.2-13+b1) ...
Selecting previously unselected package opensp.
Preparing to unpack .../30-opensp_1.5.2-13+b1_amd64.deb ...
Unpacking opensp (1.5.2-13+b1) ...
Selecting previously unselected package docbook-to-man.
Preparing to unpack .../31-docbook-to-man_1%3a2.0.0-41_amd64.deb ...
Unpacking docbook-to-man (1:2.0.0-41) ...
Selecting previously unselected package docbook-xml.
Preparing to unpack .../32-docbook-xml_4.5-8_all.deb ...
Unpacking docbook-xml (4.5-8) ...
Selecting previously unselected package docbook-xsl.
Preparing to unpack .../33-docbook-xsl_1.79.1+dfsg-2_all.deb ...
Unpacking docbook-xsl (1.79.1+dfsg-2) ...
Selecting previously unselected package gnome-pkg-tools.
Preparing to unpack .../34-gnome-pkg-tools_0.20.2_all.deb ...
Unpacking gnome-pkg-tools (0.20.2) ...
Selecting previously unselected package pkg-config.
Preparing to unpack .../35-pkg-config_0.29-4+b1_amd64.deb ...
Unpacking pkg-config (0.29-4+b1) ...
Selecting previously unselected package python-funcsigs.
Preparing to unpack .../36-python-funcsigs_1.0.2-4_all.deb ...
Unpacking python-funcsigs (1.0.2-4) ...
Selecting previously unselected package python-pkg-resources.
Preparing to unpack .../37-python-pkg-resources_39.0.1-2_all.deb ...
Unpacking python-pkg-resources (39.0.1-2) ...
Selecting previously unselected package python-six.
Preparing to unpack .../38-python-six_1.11.0-2_all.deb ...
Unpacking python-six (1.11.0-2) ...
Selecting previously unselected package python-pbr.
Preparing to unpack .../39-python-pbr_3.1.1-4_all.deb ...
Unpacking python-pbr (3.1.1-4) ...
Selecting previously unselected package python-mock.
Preparing to unpack .../40-python-mock_2.0.0-3_all.deb ...
Unpacking python-mock (2.0.0-3) ...
Selecting previously unselected package libxslt1.1:amd64.
Preparing to unpack .../41-libxslt1.1_1.1.29-5_amd64.deb ...
Unpacking libxslt1.1:amd64 (1.1.29-5) ...
Selecting previously unselected package xsltproc.
Preparing to unpack .../42-xsltproc_1.1.29-5_amd64.deb ...
Unpacking xsltproc (1.1.29-5) ...
Selecting previously unselected package liblua5.2-0:amd64.
Preparing to unpack .../43-liblua5.2-0_5.2.4-1.1+b2_amd64.deb ...
Unpacking liblua5.2-0:amd64 (5.2.4-1.1+b2) ...
Selecting previously unselected package highlight-common.
Preparing to unpack .../44-highlight-common_3.41-1_all.deb ...
Unpacking highlight-common (3.41-1) ...
Selecting previously unselected package highlight.
Preparing to unpack .../45-highlight_3.41-1_amd64.deb ...
Unpacking highlight (3.41-1) ...
Selecting previously unselected package gtk-doc-tools.
Preparing to unpack .../46-gtk-doc-tools_1.28-1_all.deb ...
Unpacking gtk-doc-tools (1.28-1) ...
Selecting previously unselected package libelf1:amd64.
Preparing to unpack .../47-libelf1_0.170-0.4_amd64.deb ...
Unpacking libelf1:amd64 (0.170-0.4) ...
Selecting previously unselected package libglib2.0-data.
Preparing to unpack .../48-libglib2.0-data_2.56.1-2_all.deb ...
Unpacking libglib2.0-data (2.56.1-2) ...
Selecting previously unselected package libglib2.0-bin.
Preparing to unpack .../49-libglib2.0-bin_2.56.1-2_amd64.deb ...
Unpacking libglib2.0-bin (2.56.1-2) ...
Selecting previously unselected package python3-lib2to3.
Preparing to unpack .../50-python3-lib2to3_3.6.5-3_all.deb ...
Unpacking python3-lib2to3 (3.6.5-3) ...
Selecting previously unselected package python3-distutils.
Preparing to unpack .../51-python3-distutils_3.6.5-3_all.deb ...
Unpacking python3-distutils (3.6.5-3) ...
Selecting previously unselected package libglib2.0-dev-bin.
Preparing to unpack .../52-libglib2.0-dev-bin_2.56.1-2_amd64.deb ...
Unpacking libglib2.0-dev-bin (2.56.1-2) ...
Selecting previously unselected package libpcre16-3:amd64.
Preparing to unpack .../53-libpcre16-3_2%3a8.39-9_amd64.deb ...
Unpacking libpcre16-3:amd64 (2:8.39-9) ...
Selecting previously unselected package libpcre32-3:amd64.
Preparing to unpack .../54-libpcre32-3_2%3a8.39-9_amd64.deb ...
Unpacking libpcre32-3:amd64 (2:8.39-9) ...
Selecting previously unselected package libpcrecpp0v5:amd64.
Preparing to unpack .../55-libpcrecpp0v5_2%3a8.39-9_amd64.deb ...
Unpacking libpcrecpp0v5:amd64 (2:8.39-9) ...
Selecting previously unselected package libpcre3-dev:amd64.
Preparing to unpack .../56-libpcre3-dev_2%3a8.39-9_amd64.deb ...
Unpacking libpcre3-dev:amd64 (2:8.39-9) ...
Selecting previously unselected package zlib1g-dev:amd64.
Preparing to unpack .../57-zlib1g-dev_1%3a1.2.11.dfsg-1_amd64.deb ...
Unpacking zlib1g-dev:amd64 (1:1.2.11.dfsg-1) ...
Selecting previously unselected package libglib2.0-dev:amd64.
Preparing to unpack .../58-libglib2.0-dev_2.56.1-2_amd64.deb ...
Unpacking libglib2.0-dev:amd64 (2.56.1-2) ...
Selecting previously unselected package ninja-build.
Preparing to unpack .../59-ninja-build_1.8.2-1_amd64.deb ...
Unpacking ninja-build (1.8.2-1) ...
Selecting previously unselected package meson.
Preparing to unpack .../60-meson_0.46.0-1_all.deb ...
Unpacking meson (0.46.0-1) ...
Selecting previously unselected package sbuild-build-depends-libcloudproviders-dummy.
Preparing to unpack .../61-sbuild-build-depends-libcloudproviders-dummy_0.invalid.0_amd64.deb ...
Unpacking sbuild-build-depends-libcloudproviders-dummy (0.invalid.0) ...
Setting up readline-common (7.0-3) ...
Setting up gnome-pkg-tools (0.20.2) ...
Setting up libarchive-zip-perl (1.60-1) ...
Setting up mime-support (3.60) ...
Setting up libtimedate-perl (2.3000-2) ...
Setting up libsigsegv2:amd64 (2.12-2) ...
Setting up libreadline7:amd64 (7.0-3+b1) ...
Setting up libelf1:amd64 (0.170-0.4) ...
Setting up groff-base (1.22.3-10) ...
Setting up libglib2.0-0:amd64 (2.56.1-2) ...
No schema files found: doing nothing.
Setting up libncursesw6:amd64 (6.1+20180210-2) ...
Setting up libosp5 (1.5.2-13+b1) ...
Setting up gettext-base (0.19.8.1-6) ...
Setting up libpipeline1:amd64 (1.5.0-1) ...
Setting up m4 (1.4.18-1) ...
Setting up sgml-base (1.29) ...
Setting up libicu57:amd64 (57.1-9) ...
Setting up libxml2:amd64 (2.9.4+dfsg1-6.1) ...
Setting up libmagic-mgc (1:5.33-2) ...
Setting up libmagic1:amd64 (1:5.33-2) ...
Setting up libcroco3:amd64 (0.6.12-2) ...
Setting up libxslt1.1:amd64 (1.1.29-5) ...
Setting up pkg-config (0.29-4+b1) ...
Setting up libglib2.0-data (2.56.1-2) ...
Processing triggers for libc-bin (2.27-3) ...
Setting up autotools-dev (20180224.1) ...
Setting up libsqlite3-0:amd64 (3.23.1-1) ...
Setting up libpcrecpp0v5:amd64 (2:8.39-9) ...
Setting up libpcre32-3:amd64 (2:8.39-9) ...
Setting up liblua5.2-0:amd64 (5.2.4-1.1+b2) ...
Setting up libpcre16-3:amd64 (2:8.39-9) ...
Setting up xml-core (0.18) ...
Setting up bsdmainutils (11.1.2) ...
update-alternatives: using /usr/bin/bsd-write to provide /usr/bin/write (write) in auto mode
update-alternatives: using /usr/bin/bsd-from to provide /usr/bin/from (from) in auto mode
Setting up libglib2.0-bin (2.56.1-2) ...
Setting up ninja-build (1.8.2-1) ...
Setting up libpython2.7-stdlib:amd64 (2.7.15-1) ...
Setting up autopoint (0.19.8.1-6) ...
Setting up libmpdec2:amd64 (2.4.2-2) ...
Setting up highlight-common (3.41-1) ...
Setting up zlib1g-dev:amd64 (1:1.2.11.dfsg-1) ...
Setting up libfile-stripnondeterminism-perl (0.041-1) ...
Setting up libpython3.6-stdlib:amd64 (3.6.5-5) ...
Setting up libpcre3-dev:amd64 (2:8.39-9) ...
Setting up python3.6 (3.6.5-5) ...
Setting up opensp (1.5.2-13+b1) ...
Setting up gettext (0.19.8.1-6) ...
Setting up python2.7 (2.7.15-1) ...
Setting up xsltproc (1.1.29-5) ...
Setting up autoconf (2.69-11) ...
Setting up file (1:5.33-2) ...
Setting up libpython-stdlib:amd64 (2.7.15~rc1-1) ...
Setting up intltool-debian (0.35.0+20060710.4) ...
Setting up highlight (3.41-1) ...
Setting up automake (1:1.15.1-3.1) ...
update-alternatives: using /usr/bin/automake-1.15 to provide /usr/bin/automake (automake) in auto mode
Setting up man-db (2.8.3-2) ...
Not building database; man-db/auto-update is not 'true'.
Setting up python (2.7.15~rc1-1) ...
Setting up libtool (2.4.6-2.1) ...
Setting up libpython3-stdlib:amd64 (3.6.5-3) ...
Setting up po-debconf (1.0.20) ...
Setting up python3 (3.6.5-3) ...
Setting up python-pkg-resources (39.0.1-2) ...
Setting up python-six (1.11.0-2) ...
Setting up python-pbr (3.1.1-4) ...
update-alternatives: using /usr/bin/python2-pbr to provide /usr/bin/pbr (pbr) in auto mode
Setting up meson (0.46.0-1) ...
Setting up python-funcsigs (1.0.2-4) ...
Setting up python3-lib2to3 (3.6.5-3) ...
Setting up python3-distutils (3.6.5-3) ...
Setting up libglib2.0-dev-bin (2.56.1-2) ...
Setting up python-mock (2.0.0-3) ...
Setting up libglib2.0-dev:amd64 (2.56.1-2) ...
Processing triggers for sgml-base (1.29) ...
Setting up sgml-data (2.0.10) ...
Setting up docbook-xsl (1.79.1+dfsg-2) ...
Processing triggers for sgml-base (1.29) ...
Setting up docbook (4.5-6) ...
Setting up docbook-xml (4.5-8) ...
Processing triggers for sgml-base (1.29) ...
Setting up docbook-to-man (1:2.0.0-41) ...
Setting up gtk-doc-tools (1.28-1) ...
Setting up dh-autoreconf (17) ...
Setting up debhelper (11.2.1) ...
Setting up dh-strip-nondeterminism (0.041-1) ...
Setting up sbuild-build-depends-libcloudproviders-dummy (0.invalid.0) ...
Processing triggers for libc-bin (2.27-3) ...

+------------------------------------------------------------------------------+
| Build environment                                                            |
+------------------------------------------------------------------------------+

Kernel: Linux 4.9.0-5-amd64 amd64 (x86_64)
Toolchain package versions: binutils_2.30-16 dpkg-dev_1.19.0.5 g++-7_7.3.0-17 gcc-7_7.3.0-17 libc6-dev_2.27-3 libstdc++-7-dev_7.3.0-17 libstdc++6_8-20180425-1 linux-libc-dev_4.15.17-1
Package versions: adduser_3.117 apt_1.6.1 autoconf_2.69-11 automake_1:1.15.1-3.1 autopoint_0.19.8.1-6 autotools-dev_20180224.1 base-files_10.1 base-passwd_3.5.45 bash_4.4.18-2 binutils_2.30-16 binutils-common_2.30-16 binutils-x86-64-linux-gnu_2.30-16 bsdmainutils_11.1.2 bsdutils_1:2.31.1-0.5 build-essential_12.5 bzip2_1.0.6-8.1 clang-6.0_1:6.0-3 coreutils_8.28-1 cpp_4:7.3.0-3 cpp-7_7.3.0-17 dash_0.5.8-2.10 debconf_1.5.66 debfoster_2.7-2.1+b1 debhelper_11.2.1 debian-archive-keyring_2017.7 debianutils_4.8.4 dh-autoreconf_17 dh-strip-nondeterminism_0.041-1 diffutils_1:3.6-1 docbook_4.5-6 docbook-to-man_1:2.0.0-41 docbook-xml_4.5-8 docbook-xsl_1.79.1+dfsg-2 dpkg_1.19.0.5 dpkg-dev_1.19.0.5 e2fslibs_1.44.1-2 e2fsprogs_1.44.1-2 eatmydata_105-6 fakeroot_1.22-2 fdisk_2.31.1-0.5 file_1:5.33-2 findutils_4.6.0+git+20171230-2 g++_4:7.3.0-3 g++-7_7.3.0-17 gcc_4:7.3.0-3 gcc-6-base_6.4.0-17 gcc-7_7.3.0-17 gcc-7-base_7.3.0-17 gcc-8-base_8-20180425-1 gettext_0.19.8.1-6 gettext-base_0.19.8.1-6 gnome-pkg-tools_0.20.2 gpgv_2.2.5-1 grep_3.1-2 groff-base_1.22.3-10 gtk-doc-tools_1.28-1 gzip_1.6-5+b1 highlight_3.41-1 highlight-common_3.41-1 hostname_3.20 init-system-helpers_1.51 intltool-debian_0.35.0+20060710.4 lib32gcc1_1:8-20180425-1 lib32stdc++6_8-20180425-1 libacl1_2.2.52-3+b1 libapt-pkg5.0_1.6.1 libarchive-zip-perl_1.60-1 libasan4_7.3.0-17 libatomic1_8-20180425-1 libattr1_1:2.4.47-2+b2 libaudit-common_1:2.8.3-1 libaudit1_1:2.8.3-1 libbinutils_2.30-16 libblkid1_2.31.1-0.5 libbsd0_0.8.7-1 libbz2-1.0_1.0.6-8.1 libc-bin_2.27-3 libc-dev-bin_2.27-3 libc6_2.27-3 libc6-dev_2.27-3 libc6-i386_2.27-3 libcap-ng0_0.7.9-1 libcc1-0_8-20180425-1 libcilkrts5_7.3.0-17 libclang-common-6.0-dev_1:6.0-3 libclang1-6.0_1:6.0-3 libcom-err2_1.44.1-2 libcomerr2_1.44.1-2 libcroco3_0.6.12-2 libdb5.3_5.3.28-13.1+b1 libdebconfclient0_0.243 libdpkg-perl_1.19.0.5 libeatmydata1_105-6 libedit2_3.1-20170329-1 libelf1_0.170-0.4 libexpat1_2.2.5-3 libext2fs2_1.44.1-2 libfakeroot_1.22-2 libfdisk1_2.31.1-0.5 libffi6_3.2.1-8 libfile-stripnondeterminism-perl_0.041-1 libgc1c2_1:7.4.2-8.2 libgcc-7-dev_7.3.0-17 libgcc1_1:8-20180425-1 libgcrypt20_1.8.2-2 libgdbm-compat4_1.14.1-6 libgdbm3_1.8.3-14 libgdbm5_1.14.1-6 libglib2.0-0_2.56.1-2 libglib2.0-bin_2.56.1-2 libglib2.0-data_2.56.1-2 libglib2.0-dev_2.56.1-2 libglib2.0-dev-bin_2.56.1-2 libgmp10_2:6.1.2+dfsg-3 libgnutls30_3.5.18-1 libgomp1_8-20180425-1 libgpg-error0_1.29-4 libhogweed4_3.4-1 libicu57_57.1-9 libidn2-0_2.0.4-1.1 libisl15_0.18-4 libisl19_0.19-1 libitm1_8-20180425-1 libjsoncpp1_1.7.4-3 libllvm6.0_1:6.0-3 liblsan0_8-20180425-1 liblua5.2-0_5.2.4-1.1+b2 liblz4-1_1.8.1.2-1 liblzma5_5.2.2-1.3 libmagic-mgc_1:5.33-2 libmagic1_1:5.33-2 libmount1_2.31.1-0.5 libmpc3_1.1.0-1 libmpdec2_2.4.2-2 libmpfr4_3.1.6-1 libmpfr6_4.0.1-1 libmpx2_8-20180425-1 libncurses5_6.1+20180210-2 libncursesw5_6.1+20180210-2 libncursesw6_6.1+20180210-2 libnettle6_3.4-1 libobjc-7-dev_7.3.0-17 libobjc4_8-20180425-1 libosp5_1.5.2-13+b1 libp11-kit0_0.23.10-2 libpam-modules_1.1.8-3.7 libpam-modules-bin_1.1.8-3.7 libpam-runtime_1.1.8-3.7 libpam0g_1.1.8-3.7 libpcre16-3_2:8.39-9 libpcre3_2:8.39-9 libpcre3-dev_2:8.39-9 libpcre32-3_2:8.39-9 libpcrecpp0v5_2:8.39-9 libperl5.26_5.26.2-3 libpipeline1_1.5.0-1 libpython-stdlib_2.7.15~rc1-1 libpython2.7-minimal_2.7.15-1 libpython2.7-stdlib_2.7.15-1 libpython3-stdlib_3.6.5-3 libpython3.6-minimal_3.6.5-5 libpython3.6-stdlib_3.6.5-5 libquadmath0_8-20180425-1 libreadline7_7.0-3+b1 libseccomp2_2.3.3-1 libselinux1_2.7-2+b2 libsemanage-common_2.7-2 libsemanage1_2.7-2+b2 libsepol1_2.7-1 libsigsegv2_2.12-2 libsmartcols1_2.31.1-0.5 libsqlite3-0_3.23.1-1 libss2_1.44.1-2 libssl1.1_1.1.0h-2 libstdc++-7-dev_7.3.0-17 libstdc++6_8-20180425-1 libsystemd0_238-4 libtasn1-6_4.13-2 libtimedate-perl_2.3000-2 libtinfo5_6.1+20180210-2 libtinfo6_6.1+20180210-2 libtool_2.4.6-2.1 libtsan0_8-20180425-1 libubsan0_7.3.0-17 libudev1_238-4 libunistring2_0.9.8-1 libustr-1.0-1_1.0.4-6 libuuid1_2.31.1-0.5 libxml2_2.9.4+dfsg1-6.1 libxslt1.1_1.1.29-5 libzstd1_1.3.4+dfsg-1 linux-libc-dev_4.15.17-1 login_1:4.5-1 m4_1.4.18-1 make_4.2.1-1 man-db_2.8.3-2 mawk_1.3.3-17+b3 meson_0.46.0-1 mime-support_3.60 mount_2.31.1-0.5 multiarch-support_2.27-3 ncurses-base_6.1+20180210-2 ncurses-bin_6.1+20180210-2 ninja-build_1.8.2-1 opensp_1.5.2-13+b1 passwd_1:4.5-1 patch_2.7.6-2 perl_5.26.2-3 perl-base_5.26.2-3 perl-modules-5.26_5.26.2-3 pkg-config_0.29-4+b1 po-debconf_1.0.20 python_2.7.15~rc1-1 python-funcsigs_1.0.2-4 python-minimal_2.7.15~rc1-1 python-mock_2.0.0-3 python-pbr_3.1.1-4 python-pkg-resources_39.0.1-2 python-six_1.11.0-2 python2.7_2.7.15-1 python2.7-minimal_2.7.15-1 python3_3.6.5-3 python3-distutils_3.6.5-3 python3-lib2to3_3.6.5-3 python3-minimal_3.6.5-3 python3.6_3.6.5-5 python3.6-minimal_3.6.5-5 readline-common_7.0-3 sbuild-build-depends-core-dummy_0.invalid.0 sbuild-build-depends-libcloudproviders-dummy_0.invalid.0 sed_4.4-2 sensible-utils_0.0.12 sgml-base_1.29 sgml-data_2.0.10 sysvinit-utils_2.88dsf-59.10 tar_1.30+dfsg-1 util-linux_2.31.1-0.5 xml-core_0.18 xsltproc_1.1.29-5 xz-utils_5.2.2-1.3 zlib1g_1:1.2.11.dfsg-1 zlib1g-dev_1:1.2.11.dfsg-1

+------------------------------------------------------------------------------+
| Build                                                                        |
+------------------------------------------------------------------------------+


Unpack source
-------------

gpgv: unknown type of key resource 'trustedkeys.kbx'
gpgv: keyblock resource '/sbuild-nonexistent/.gnupg/trustedkeys.kbx': General error
gpgv: Signature made Sun Nov  5 21:45:50 2017 UTC
gpgv:                using RSA key E66C775AEBFE6C7D
gpgv: Can't check signature: No public key
dpkg-source: warning: failed to verify signature on ./libcloudproviders_0.2.5-1.dsc
dpkg-source: info: extracting libcloudproviders in /<<PKGBUILDDIR>>
dpkg-source: info: unpacking libcloudproviders_0.2.5.orig.tar.xz
dpkg-source: info: unpacking libcloudproviders_0.2.5-1.debian.tar.xz

Check disk space
----------------

Sufficient free space for build

User Environment
----------------

APT_CONFIG=/var/lib/sbuild/apt.conf
HOME=/sbuild-nonexistent
LANG=en_US.UTF-8
LC_ALL=POSIX
LOGNAME=user42
PATH=/usr/local/sbin:/usr/local/bin:/usr/sbin:/usr/bin:/sbin:/bin:/usr/games
SCHROOT_ALIAS_NAME=unstable-amd64-sbuild
SCHROOT_CHROOT_NAME=unstable-amd64-sbuild
SCHROOT_COMMAND=env
SCHROOT_GID=1001
SCHROOT_GROUP=user42
SCHROOT_SESSION_ID=unstable-amd64-sbuild-0037dbc9-90ca-4015-9c6d-a43b97ea85d3
SCHROOT_UID=1001
SCHROOT_USER=user42
SHELL=/bin/sh
USER=user42

dpkg-buildpackage
-----------------

dpkg-buildpackage: info: source package libcloudproviders
dpkg-buildpackage: info: source version 0.2.5-1
dpkg-buildpackage: info: source distribution unstable
dpkg-buildpackage: info: source changed by Jeremy Bicha <jbicha@debian.org>
 dpkg-source --before-build libcloudproviders-0.2.5
dpkg-buildpackage: info: host architecture amd64
 fakeroot debian/rules clean
dh clean  --with gnome
   dh_gnome_clean
   dh_clean
 debian/rules build-arch
dh build-arch  --with gnome
   dh_update_autotools_config -a
   dh_autoreconf -a
   debian/rules override_dh_auto_configure
make[1]: Entering directory '/<<PKGBUILDDIR>>'
dh_auto_configure -- -Denable-gtk-doc=true
	cd obj-x86_64-linux-gnu && LC_ALL=C.UTF-8 meson .. --wrap-mode=nodownload --buildtype=plain --prefix=/usr --sysconfdir=/etc --localstatedir=/var --libdir=lib/x86_64-linux-gnu --libexecdir=lib/x86_64-linux-gnu -Denable-gtk-doc=true
The Meson build system
Version: 0.46.0
Source dir: /<<PKGBUILDDIR>>
Build dir: /<<PKGBUILDDIR>>/obj-x86_64-linux-gnu
Build type: native build
Project name: libcloudproviders
Native C compiler: cc (clang 6.0.0-3 "clang version 6.0.0-3 (tags/RELEASE_600/final)")
Appending CFLAGS from environment: '-g -O2 -fdebug-prefix-map=/<<PKGBUILDDIR>>=. -fstack-protector-strong -Wformat -Werror=format-security'
Appending LDFLAGS from environment: '-Wl,-z,relro -Wl,-z,now -Wl,--as-needed'
Appending CPPFLAGS from environment: '-Wdate-time -D_FORTIFY_SOURCE=2'
Build machine cpu family: x86_64
Build machine cpu: x86_64
Compiler for C supports arguments -Wno-unused-parameter: YES
Compiler for C supports arguments -Wno-missing-field-initializers: YES
Compiler for C supports arguments -Wstrict-prototypes: YES
Compiler for C supports arguments -Wmissing-prototypes: YES
Compiler for C supports arguments -Werror=implicit-function-declaration: YES
Compiler for C supports arguments -Werror=pointer-arith: YES
Compiler for C supports arguments -Werror=init-self: YES
Compiler for C supports arguments -Werror=format-security -Werror=format=1: NO
Compiler for C supports arguments -Werror=date-time: YES
Found pkg-config: /usr/bin/pkg-config (0.29)
Native dependency glib-2.0 found: YES 2.56.1
Native dependency gio-2.0 found: YES 2.56.1
Native dependency gio-unix-2.0 found: YES 2.56.1
Native dependency glib-2.0 found: YES 2.56.1
Configuring icon.svg using configuration
Configuring version.xml using configuration
Program gdbus-codegen found: YES (/usr/bin/gdbus-codegen)
Message: ----------------------------
Message: Generating DBUS docs
Message: ----------------------------
Build targets in project: 8
Found ninja-1.8.2 at /usr/bin/ninja
make[1]: Leaving directory '/<<PKGBUILDDIR>>'
   dh_auto_build -a
	cd obj-x86_64-linux-gnu && LC_ALL=C.UTF-8 ninja -j8 -v
[1/17] /usr/bin/gdbus-codegen --interface-prefix org.freedesktop.CloudProviders --c-namespace CloudProvidersDbus --c-generate-object-manager --body --output src/cloudproviders-generated.c ../src/../data/cloud-providers-dbus.xml
[2/17] /usr/bin/gdbus-codegen --interface-prefix org.freedesktop.CloudProviders --c-namespace CloudProvidersDbus --c-generate-object-manager --header --output src/cloudproviders-generated.h ../src/../data/cloud-providers-dbus.xml
[3/17] cc -Itest/test@@testcloudprovidersclient@exe -Itest -I../test -Isrc -I../src -I/usr/include/glib-2.0 -I/usr/lib/x86_64-linux-gnu/glib-2.0/include -I/usr/include/gio-unix-2.0/ -Xclang -fcolor-diagnostics -pipe -D_FILE_OFFSET_BITS=64 -std=gnu99 -Wno-unused-parameter -Wno-missing-field-initializers -Wstrict-prototypes -Wmissing-prototypes -Werror=implicit-function-declaration -Werror=pointer-arith -Werror=init-self -Werror=date-time -DGLIB_VERSION_MIN_REQUIRED=GLIB_VERSION_2_52 -DGLIB_VERSION_MAX_ALLOWED=GLIB_VERSION_2_52 -g -O2 -fdebug-prefix-map=/<<PKGBUILDDIR>>=. -fstack-protector-strong -Wformat -Werror=format-security -Wdate-time -D_FORTIFY_SOURCE=2 -pthread  -MD -MQ 'test/test@@testcloudprovidersclient@exe/testcloudprovidersclient.c.o' -MF 'test/test@@testcloudprovidersclient@exe/testcloudprovidersclient.c.o.d' -o 'test/test@@testcloudprovidersclient@exe/testcloudprovidersclient.c.o' -c ../test/testcloudprovidersclient.c
[4/17] cc -Itest/test@@testcloudprovidersserver@exe -Itest -I../test -Isrc -I../src -I/usr/include/glib-2.0 -I/usr/lib/x86_64-linux-gnu/glib-2.0/include -I/usr/include/gio-unix-2.0/ -Xclang -fcolor-diagnostics -pipe -D_FILE_OFFSET_BITS=64 -std=gnu99 -Wno-unused-parameter -Wno-missing-field-initializers -Wstrict-prototypes -Wmissing-prototypes -Werror=implicit-function-declaration -Werror=pointer-arith -Werror=init-self -Werror=date-time -DGLIB_VERSION_MIN_REQUIRED=GLIB_VERSION_2_52 -DGLIB_VERSION_MAX_ALLOWED=GLIB_VERSION_2_52 -g -O2 -fdebug-prefix-map=/<<PKGBUILDDIR>>=. -fstack-protector-strong -Wformat -Werror=format-security -Wdate-time -D_FORTIFY_SOURCE=2 -pthread  -MD -MQ 'test/test@@testcloudprovidersserver@exe/testcloudprovidersserver.c.o' -MF 'test/test@@testcloudprovidersserver@exe/testcloudprovidersserver.c.o.d' -o 'test/test@@testcloudprovidersserver@exe/testcloudprovidersserver.c.o' -c ../test/testcloudprovidersserver.c
In file included from ../test/testcloudprovidersserver.c:4:
../src/cloudprovidersproviderexporter.h:28:23: warning: redefinition of typedef 'CloudProvidersProviderExporter' is a C11 feature [-Wtypedef-redefinition]
G_DECLARE_FINAL_TYPE (CloudProvidersProviderExporter, cloud_providers_provider_exporter, CLOUD_PROVIDERS, PROVIDER_EXPORTER, GObject);
                      ^
../src/cloudprovidersaccountexporter.h:30:48: note: previous definition is here
typedef struct _CloudProvidersProviderExporter CloudProvidersProviderExporter;
                                               ^
1 warning generated.
[5/17] /usr/bin/python3 /usr/bin/meson --internal exe /<<PKGBUILDDIR>>/obj-x86_64-linux-gnu/meson-private/meson_exe_glib-mkenums_ca7a0627872bc62f6bc95caef6ddc905f7956471.dat
[6/17] /usr/bin/python3 /usr/bin/meson --internal exe /<<PKGBUILDDIR>>/obj-x86_64-linux-gnu/meson-private/meson_exe_glib-mkenums_45484d2052ac2d6d65ff9bdaca74f30e07a0ac51.dat
[7/17] cc -Isrc/src@@cloudproviders@sha -Isrc -I../src -I/usr/include/glib-2.0 -I/usr/lib/x86_64-linux-gnu/glib-2.0/include -I/usr/include/gio-unix-2.0/ -Xclang -fcolor-diagnostics -pipe -D_FILE_OFFSET_BITS=64 -std=gnu99 -Wno-unused-parameter -Wno-missing-field-initializers -Wstrict-prototypes -Wmissing-prototypes -Werror=implicit-function-declaration -Werror=pointer-arith -Werror=init-self -Werror=date-time -DGLIB_VERSION_MIN_REQUIRED=GLIB_VERSION_2_52 -DGLIB_VERSION_MAX_ALLOWED=GLIB_VERSION_2_52 -g -O2 -fdebug-prefix-map=/<<PKGBUILDDIR>>=. -fstack-protector-strong -Wformat -Werror=format-security -Wdate-time -D_FORTIFY_SOURCE=2 -fPIC -pthread  -MD -MQ 'src/src@@cloudproviders@sha/meson-generated_.._cloudproviders-generated.c.o' -MF 'src/src@@cloudproviders@sha/meson-generated_.._cloudproviders-generated.c.o.d' -o 'src/src@@cloudproviders@sha/meson-generated_.._cloudproviders-generated.c.o' -c src/cloudproviders-generated.c
FAILED: src/src@@cloudproviders@sha/meson-generated_.._cloudproviders-generated.c.o 
cc -Isrc/src@@cloudproviders@sha -Isrc -I../src -I/usr/include/glib-2.0 -I/usr/lib/x86_64-linux-gnu/glib-2.0/include -I/usr/include/gio-unix-2.0/ -Xclang -fcolor-diagnostics -pipe -D_FILE_OFFSET_BITS=64 -std=gnu99 -Wno-unused-parameter -Wno-missing-field-initializers -Wstrict-prototypes -Wmissing-prototypes -Werror=implicit-function-declaration -Werror=pointer-arith -Werror=init-self -Werror=date-time -DGLIB_VERSION_MIN_REQUIRED=GLIB_VERSION_2_52 -DGLIB_VERSION_MAX_ALLOWED=GLIB_VERSION_2_52 -g -O2 -fdebug-prefix-map=/<<PKGBUILDDIR>>=. -fstack-protector-strong -Wformat -Werror=format-security -Wdate-time -D_FORTIFY_SOURCE=2 -fPIC -pthread  -MD -MQ 'src/src@@cloudproviders@sha/meson-generated_.._cloudproviders-generated.c.o' -MF 'src/src@@cloudproviders@sha/meson-generated_.._cloudproviders-generated.c.o.d' -o 'src/src@@cloudproviders@sha/meson-generated_.._cloudproviders-generated.c.o' -c src/cloudproviders-generated.c
src/cloudproviders-generated.c:12:10: fatal error: 'src/cloudproviders-generated.h' file not found
#include "src/cloudproviders-generated.h"
         ^~~~~~~~~~~~~~~~~~~~~~~~~~~~~~~~
1 error generated.
[8/17] cc -Isrc/src@@cloudproviders@sha -Isrc -I../src -I/usr/include/glib-2.0 -I/usr/lib/x86_64-linux-gnu/glib-2.0/include -I/usr/include/gio-unix-2.0/ -Xclang -fcolor-diagnostics -pipe -D_FILE_OFFSET_BITS=64 -std=gnu99 -Wno-unused-parameter -Wno-missing-field-initializers -Wstrict-prototypes -Wmissing-prototypes -Werror=implicit-function-declaration -Werror=pointer-arith -Werror=init-self -Werror=date-time -DGLIB_VERSION_MIN_REQUIRED=GLIB_VERSION_2_52 -DGLIB_VERSION_MAX_ALLOWED=GLIB_VERSION_2_52 -g -O2 -fdebug-prefix-map=/<<PKGBUILDDIR>>=. -fstack-protector-strong -Wformat -Werror=format-security -Wdate-time -D_FORTIFY_SOURCE=2 -fPIC -pthread  -MD -MQ 'src/src@@cloudproviders@sha/meson-generated_.._enums.c.o' -MF 'src/src@@cloudproviders@sha/meson-generated_.._enums.c.o.d' -o 'src/src@@cloudproviders@sha/meson-generated_.._enums.c.o' -c src/enums.c
In file included from src/enums.c:9:
../src/cloudprovidersproviderexporter.h:28:23: warning: redefinition of typedef 'CloudProvidersProviderExporter' is a C11 feature [-Wtypedef-redefinition]
G_DECLARE_FINAL_TYPE (CloudProvidersProviderExporter, cloud_providers_provider_exporter, CLOUD_PROVIDERS, PROVIDER_EXPORTER, GObject);
                      ^
../src/cloudprovidersaccountexporter.h:30:48: note: previous definition is here
typedef struct _CloudProvidersProviderExporter CloudProvidersProviderExporter;
                                               ^
1 warning generated.
[9/17] cc -Isrc/src@@cloudproviders@sha -Isrc -I../src -I/usr/include/glib-2.0 -I/usr/lib/x86_64-linux-gnu/glib-2.0/include -I/usr/include/gio-unix-2.0/ -Xclang -fcolor-diagnostics -pipe -D_FILE_OFFSET_BITS=64 -std=gnu99 -Wno-unused-parameter -Wno-missing-field-initializers -Wstrict-prototypes -Wmissing-prototypes -Werror=implicit-function-declaration -Werror=pointer-arith -Werror=init-self -Werror=date-time -DGLIB_VERSION_MIN_REQUIRED=GLIB_VERSION_2_52 -DGLIB_VERSION_MAX_ALLOWED=GLIB_VERSION_2_52 -g -O2 -fdebug-prefix-map=/<<PKGBUILDDIR>>=. -fstack-protector-strong -Wformat -Werror=format-security -Wdate-time -D_FORTIFY_SOURCE=2 -fPIC -pthread  -MD -MQ 'src/src@@cloudproviders@sha/cloudprovidersproviderexporter.c.o' -MF 'src/src@@cloudproviders@sha/cloudprovidersproviderexporter.c.o.d' -o 'src/src@@cloudproviders@sha/cloudprovidersproviderexporter.c.o' -c ../src/cloudprovidersproviderexporter.c
In file included from ../src/cloudprovidersproviderexporter.c:20:
../src/cloudprovidersproviderexporter.h:28:23: warning: redefinition of typedef 'CloudProvidersProviderExporter' is a C11 feature [-Wtypedef-redefinition]
G_DECLARE_FINAL_TYPE (CloudProvidersProviderExporter, cloud_providers_provider_exporter, CLOUD_PROVIDERS, PROVIDER_EXPORTER, GObject);
                      ^
../src/cloudprovidersaccountexporter.h:30:48: note: previous definition is here
typedef struct _CloudProvidersProviderExporter CloudProvidersProviderExporter;
                                               ^
1 warning generated.
[10/17] cc -Isrc/src@@cloudproviders@sha -Isrc -I../src -I/usr/include/glib-2.0 -I/usr/lib/x86_64-linux-gnu/glib-2.0/include -I/usr/include/gio-unix-2.0/ -Xclang -fcolor-diagnostics -pipe -D_FILE_OFFSET_BITS=64 -std=gnu99 -Wno-unused-parameter -Wno-missing-field-initializers -Wstrict-prototypes -Wmissing-prototypes -Werror=implicit-function-declaration -Werror=pointer-arith -Werror=init-self -Werror=date-time -DGLIB_VERSION_MIN_REQUIRED=GLIB_VERSION_2_52 -DGLIB_VERSION_MAX_ALLOWED=GLIB_VERSION_2_52 -g -O2 -fdebug-prefix-map=/<<PKGBUILDDIR>>=. -fstack-protector-strong -Wformat -Werror=format-security -Wdate-time -D_FORTIFY_SOURCE=2 -fPIC -pthread  -MD -MQ 'src/src@@cloudproviders@sha/cloudprovidersaccountexporter.c.o' -MF 'src/src@@cloudproviders@sha/cloudprovidersaccountexporter.c.o.d' -o 'src/src@@cloudproviders@sha/cloudprovidersaccountexporter.c.o' -c ../src/cloudprovidersaccountexporter.c
In file included from ../src/cloudprovidersaccountexporter.c:22:
../src/cloudprovidersproviderexporter.h:28:23: warning: redefinition of typedef 'CloudProvidersProviderExporter' is a C11 feature [-Wtypedef-redefinition]
G_DECLARE_FINAL_TYPE (CloudProvidersProviderExporter, cloud_providers_provider_exporter, CLOUD_PROVIDERS, PROVIDER_EXPORTER, GObject);
                      ^
../src/cloudprovidersaccountexporter.h:30:48: note: previous definition is here
typedef struct _CloudProvidersProviderExporter CloudProvidersProviderExporter;
                                               ^
1 warning generated.
[11/17] cc -Isrc/src@@cloudproviders@sha -Isrc -I../src -I/usr/include/glib-2.0 -I/usr/lib/x86_64-linux-gnu/glib-2.0/include -I/usr/include/gio-unix-2.0/ -Xclang -fcolor-diagnostics -pipe -D_FILE_OFFSET_BITS=64 -std=gnu99 -Wno-unused-parameter -Wno-missing-field-initializers -Wstrict-prototypes -Wmissing-prototypes -Werror=implicit-function-declaration -Werror=pointer-arith -Werror=init-self -Werror=date-time -DGLIB_VERSION_MIN_REQUIRED=GLIB_VERSION_2_52 -DGLIB_VERSION_MAX_ALLOWED=GLIB_VERSION_2_52 -g -O2 -fdebug-prefix-map=/<<PKGBUILDDIR>>=. -fstack-protector-strong -Wformat -Werror=format-security -Wdate-time -D_FORTIFY_SOURCE=2 -fPIC -pthread  -MD -MQ 'src/src@@cloudproviders@sha/cloudproviderscollector.c.o' -MF 'src/src@@cloudproviders@sha/cloudproviderscollector.c.o.d' -o 'src/src@@cloudproviders@sha/cloudproviderscollector.c.o' -c ../src/cloudproviderscollector.c
[12/17] cc -Isrc/src@@cloudproviders@sha -Isrc -I../src -I/usr/include/glib-2.0 -I/usr/lib/x86_64-linux-gnu/glib-2.0/include -I/usr/include/gio-unix-2.0/ -Xclang -fcolor-diagnostics -pipe -D_FILE_OFFSET_BITS=64 -std=gnu99 -Wno-unused-parameter -Wno-missing-field-initializers -Wstrict-prototypes -Wmissing-prototypes -Werror=implicit-function-declaration -Werror=pointer-arith -Werror=init-self -Werror=date-time -DGLIB_VERSION_MIN_REQUIRED=GLIB_VERSION_2_52 -DGLIB_VERSION_MAX_ALLOWED=GLIB_VERSION_2_52 -g -O2 -fdebug-prefix-map=/<<PKGBUILDDIR>>=. -fstack-protector-strong -Wformat -Werror=format-security -Wdate-time -D_FORTIFY_SOURCE=2 -fPIC -pthread  -MD -MQ 'src/src@@cloudproviders@sha/cloudprovidersprovider.c.o' -MF 'src/src@@cloudproviders@sha/cloudprovidersprovider.c.o.d' -o 'src/src@@cloudproviders@sha/cloudprovidersprovider.c.o' -c ../src/cloudprovidersprovider.c
[13/17] cc -Isrc/src@@cloudproviders@sha -Isrc -I../src -I/usr/include/glib-2.0 -I/usr/lib/x86_64-linux-gnu/glib-2.0/include -I/usr/include/gio-unix-2.0/ -Xclang -fcolor-diagnostics -pipe -D_FILE_OFFSET_BITS=64 -std=gnu99 -Wno-unused-parameter -Wno-missing-field-initializers -Wstrict-prototypes -Wmissing-prototypes -Werror=implicit-function-declaration -Werror=pointer-arith -Werror=init-self -Werror=date-time -DGLIB_VERSION_MIN_REQUIRED=GLIB_VERSION_2_52 -DGLIB_VERSION_MAX_ALLOWED=GLIB_VERSION_2_52 -g -O2 -fdebug-prefix-map=/<<PKGBUILDDIR>>=. -fstack-protector-strong -Wformat -Werror=format-security -Wdate-time -D_FORTIFY_SOURCE=2 -fPIC -pthread  -MD -MQ 'src/src@@cloudproviders@sha/cloudprovidersaccount.c.o' -MF 'src/src@@cloudproviders@sha/cloudprovidersaccount.c.o.d' -o 'src/src@@cloudproviders@sha/cloudprovidersaccount.c.o' -c ../src/cloudprovidersaccount.c
ninja: build stopped: subcommand failed.
dh_auto_build: cd obj-x86_64-linux-gnu && LC_ALL=C.UTF-8 ninja -j8 -v returned exit code 1
make: *** [debian/rules:8: build-arch] Error 1
dpkg-buildpackage: error: debian/rules build-arch subprocess returned exit status 2
--------------------------------------------------------------------------------
Build finished at 2018-05-02T12:02:03Z

Finished
--------


+------------------------------------------------------------------------------+
| Cleanup                                                                      |
+------------------------------------------------------------------------------+

Purging /<<BUILDDIR>>
Not cleaning session: cloned chroot in use
E: Build failure (dpkg-buildpackage died)

+------------------------------------------------------------------------------+
| Summary                                                                      |
+------------------------------------------------------------------------------+

Build Architecture: amd64
Build Type: any
Build-Space: 996
Build-Time: 3
Distribution: unstable
Fail-Stage: build
Host Architecture: amd64
Install-Time: 14
Job: libcloudproviders_0.2.5-1
Machine Architecture: amd64
Package: libcloudproviders
Package-Time: 31
Source-Version: 0.2.5-1
Space: 996
Status: attempted
Version: 0.2.5-1
--------------------------------------------------------------------------------
Finished at 2018-05-02T12:02:03Z
Build needed 00:00:31, 996k disk space
E: Build failure (dpkg-buildpackage died)
DC-Status: Failed 31.481201988s
DC-Time-Estimation: 31.481201988 versus expected 1 (r/m: 30.481201988 ; m: 1.0)
