DC-Build-Header: libnative-platform-java 0.14-3 / 2018-05-02 13:25:44 +0000
DC-Task: type:rebuild-binarch-only source:libnative-platform-java version:0.14-3 chroot:unstable esttime:49 logfile:/tmp/libnative-platform-java_0.14-3_unstable_clang60.log modes:clang60:binarch-only
DC-Sbuild-call: su user42 -c 'sbuild -n --arch-any --apt-update -d unstable -v  --chroot-setup-commands=/tmp/clang60 libnative-platform-java_0.14-3'
sbuild (Debian sbuild) 0.73.0 (23 Dec 2016) on ip-172-31-2-100.eu-central-1.compute.internal

+==============================================================================+
| libnative-platform-java 0.14-3 (amd64)       Wed, 02 May 2018 13:25:44 +0000 |
+==============================================================================+

Package: libnative-platform-java
Version: 0.14-3
Source Version: 0.14-3
Distribution: unstable
Machine Architecture: amd64
Host Architecture: amd64
Build Architecture: amd64
Build Type: any

I: NOTICE: Log filtering will replace 'var/run/schroot/mount/unstable-amd64-sbuild-6bf05993-a15f-4cf1-8a0a-20c7a1d2f811' with '<<CHROOT>>'

+------------------------------------------------------------------------------+
| Chroot Setup Commands                                                        |
+------------------------------------------------------------------------------+


/tmp/clang60
------------

+ echo 'Entering customization script...'
Entering customization script...
+ CLANG_VERSION=6.0
+ echo 'Install of clang-6.0'
Install of clang-6.0
+ apt-get update
Get:1 http://127.0.0.1:9999/debian unstable InRelease [242 kB]
Get:2 http://127.0.0.1:9999/debian unstable/main Sources.diff/Index [27.9 kB]
Get:3 http://127.0.0.1:9999/debian unstable/main amd64 Packages.diff/Index [27.9 kB]
Get:4 http://127.0.0.1:9999/debian unstable/main Sources 2018-05-02-0830.09.pdiff [16.2 kB]
Get:4 http://127.0.0.1:9999/debian unstable/main Sources 2018-05-02-0830.09.pdiff [16.2 kB]
Get:5 http://127.0.0.1:9999/debian unstable/main amd64 Packages 2018-05-02-0830.09.pdiff [1781 B]
Get:5 http://127.0.0.1:9999/debian unstable/main amd64 Packages 2018-05-02-0830.09.pdiff [1781 B]
Get:6 http://127.0.0.1:9999/debian unstable/main Translation-en [6016 kB]
Fetched 6332 kB in 2s (3298 kB/s)
Reading package lists...
+ apt-get install --yes --no-install-recommends --force-yes clang-6.0
Reading package lists...
Building dependency tree...
Reading state information...
The following additional packages will be installed:
  lib32gcc1 lib32stdc++6 libbsd0 libc6-i386 libclang-common-6.0-dev
  libclang1-6.0 libedit2 libjsoncpp1 libllvm6.0 libncurses5 libobjc-7-dev
  libobjc4
Suggested packages:
  gnustep gnustep-devel clang-6.0-doc
Recommended packages:
  llvm-6.0-dev python libomp-dev libgpm2
The following NEW packages will be installed:
  clang-6.0 lib32gcc1 lib32stdc++6 libbsd0 libc6-i386 libclang-common-6.0-dev
  libclang1-6.0 libedit2 libjsoncpp1 libllvm6.0 libncurses5 libobjc-7-dev
  libobjc4
0 upgraded, 13 newly installed, 0 to remove and 0 not upgraded.
Need to get 37.7 MB of archives.
After this operation, 187 MB of additional disk space will be used.
Get:1 http://127.0.0.1:9999/debian unstable/main amd64 libjsoncpp1 amd64 1.7.4-3 [75.6 kB]
Get:2 http://127.0.0.1:9999/debian unstable/main amd64 libbsd0 amd64 0.8.7-1 [92.1 kB]
Get:3 http://127.0.0.1:9999/debian unstable/main amd64 libncurses5 amd64 6.1+20180210-2 [95.7 kB]
Get:4 http://127.0.0.1:9999/debian unstable/main amd64 libedit2 amd64 3.1-20170329-1 [85.2 kB]
Get:5 http://127.0.0.1:9999/debian unstable/main amd64 libllvm6.0 amd64 1:6.0-3 [14.5 MB]
Get:6 http://127.0.0.1:9999/debian unstable/main amd64 libobjc4 amd64 8-20180425-1 [52.4 kB]
Get:7 http://127.0.0.1:9999/debian unstable/main amd64 libobjc-7-dev amd64 7.3.0-17 [204 kB]
Get:8 http://127.0.0.1:9999/debian unstable/main amd64 libc6-i386 amd64 2.27-3 [2855 kB]
Get:9 http://127.0.0.1:9999/debian unstable/main amd64 lib32gcc1 amd64 1:8-20180425-1 [47.8 kB]
Get:10 http://127.0.0.1:9999/debian unstable/main amd64 lib32stdc++6 amd64 8-20180425-1 [406 kB]
Get:11 http://127.0.0.1:9999/debian unstable/main amd64 libclang-common-6.0-dev amd64 1:6.0-3 [3102 kB]
Get:12 http://127.0.0.1:9999/debian unstable/main amd64 libclang1-6.0 amd64 1:6.0-3 [6995 kB]
Get:13 http://127.0.0.1:9999/debian unstable/main amd64 clang-6.0 amd64 1:6.0-3 [9175 kB]
debconf: delaying package configuration, since apt-utils is not installed
Fetched 37.7 MB in 0s (97.7 MB/s)
Selecting previously unselected package libjsoncpp1:amd64.
(Reading database ... (Reading database ... 5%(Reading database ... 10%(Reading database ... 15%(Reading database ... 20%(Reading database ... 25%(Reading database ... 30%(Reading database ... 35%(Reading database ... 40%(Reading database ... 45%(Reading database ... 50%(Reading database ... 55%(Reading database ... 60%(Reading database ... 65%(Reading database ... 70%(Reading database ... 75%(Reading database ... 80%(Reading database ... 85%(Reading database ... 90%(Reading database ... 95%(Reading database ... 100%(Reading database ... 10022 files and directories currently installed.)
Preparing to unpack .../00-libjsoncpp1_1.7.4-3_amd64.deb ...
Unpacking libjsoncpp1:amd64 (1.7.4-3) ...
Selecting previously unselected package libbsd0:amd64.
Preparing to unpack .../01-libbsd0_0.8.7-1_amd64.deb ...
Unpacking libbsd0:amd64 (0.8.7-1) ...
Selecting previously unselected package libncurses5:amd64.
Preparing to unpack .../02-libncurses5_6.1+20180210-2_amd64.deb ...
Unpacking libncurses5:amd64 (6.1+20180210-2) ...
Selecting previously unselected package libedit2:amd64.
Preparing to unpack .../03-libedit2_3.1-20170329-1_amd64.deb ...
Unpacking libedit2:amd64 (3.1-20170329-1) ...
Selecting previously unselected package libllvm6.0:amd64.
Preparing to unpack .../04-libllvm6.0_1%3a6.0-3_amd64.deb ...
Unpacking libllvm6.0:amd64 (1:6.0-3) ...
Selecting previously unselected package libobjc4:amd64.
Preparing to unpack .../05-libobjc4_8-20180425-1_amd64.deb ...
Unpacking libobjc4:amd64 (8-20180425-1) ...
Selecting previously unselected package libobjc-7-dev:amd64.
Preparing to unpack .../06-libobjc-7-dev_7.3.0-17_amd64.deb ...
Unpacking libobjc-7-dev:amd64 (7.3.0-17) ...
Selecting previously unselected package libc6-i386.
Preparing to unpack .../07-libc6-i386_2.27-3_amd64.deb ...
Unpacking libc6-i386 (2.27-3) ...
Selecting previously unselected package lib32gcc1.
Preparing to unpack .../08-lib32gcc1_1%3a8-20180425-1_amd64.deb ...
Unpacking lib32gcc1 (1:8-20180425-1) ...
Selecting previously unselected package lib32stdc++6.
Preparing to unpack .../09-lib32stdc++6_8-20180425-1_amd64.deb ...
Unpacking lib32stdc++6 (8-20180425-1) ...
Selecting previously unselected package libclang-common-6.0-dev.
Preparing to unpack .../10-libclang-common-6.0-dev_1%3a6.0-3_amd64.deb ...
Unpacking libclang-common-6.0-dev (1:6.0-3) ...
Selecting previously unselected package libclang1-6.0:amd64.
Preparing to unpack .../11-libclang1-6.0_1%3a6.0-3_amd64.deb ...
Unpacking libclang1-6.0:amd64 (1:6.0-3) ...
Selecting previously unselected package clang-6.0.
Preparing to unpack .../12-clang-6.0_1%3a6.0-3_amd64.deb ...
Unpacking clang-6.0 (1:6.0-3) ...
Setting up libncurses5:amd64 (6.1+20180210-2) ...
Setting up libobjc4:amd64 (8-20180425-1) ...
Setting up libc6-i386 (2.27-3) ...
Setting up libbsd0:amd64 (0.8.7-1) ...
Setting up libobjc-7-dev:amd64 (7.3.0-17) ...
Processing triggers for libc-bin (2.27-3) ...
Setting up lib32gcc1 (1:8-20180425-1) ...
Setting up libjsoncpp1:amd64 (1.7.4-3) ...
Setting up libedit2:amd64 (3.1-20170329-1) ...
Setting up libllvm6.0:amd64 (1:6.0-3) ...
Setting up libclang1-6.0:amd64 (1:6.0-3) ...
Setting up lib32stdc++6 (8-20180425-1) ...
Setting up libclang-common-6.0-dev (1:6.0-3) ...
Setting up clang-6.0 (1:6.0-3) ...
Processing triggers for libc-bin (2.27-3) ...
W: --force-yes is deprecated, use one of the options starting with --allow instead.
+ echo 'Replace gcc, g++ & cpp by clang'
Replace gcc, g++ & cpp by clang
+ VERSIONS='4.6 4.7 4.8 4.9 5 6 7 8'
+ cd /usr/bin
+ for VERSION in $VERSIONS
+ rm -f g++-4.6 gcc-4.6 cpp-4.6 gcc
+ ln -s clang++-6.0 g++-4.6
+ ln -s clang-6.0 gcc-4.6
+ ln -s clang-6.0 cpp-4.6
+ ln -s clang-6.0 gcc
+ echo 'gcc-4.6 hold'
+ dpkg --set-selections
dpkg: warning: package not in status nor available database at line 1: gcc-4.6
dpkg: warning: found unknown packages; this might mean the available database
is outdated, and needs to be updated through a frontend method;
please see the FAQ <https://wiki.debian.org/Teams/Dpkg/FAQ>
+ echo 'g++-4.6 hold'
+ dpkg --set-selections
dpkg: warning: package not in status nor available database at line 1: g++-4.6
dpkg: warning: found unknown packages; this might mean the available database
is outdated, and needs to be updated through a frontend method;
please see the FAQ <https://wiki.debian.org/Teams/Dpkg/FAQ>
+ for VERSION in $VERSIONS
+ rm -f g++-4.7 gcc-4.7 cpp-4.7 gcc
+ ln -s clang++-6.0 g++-4.7
+ ln -s clang-6.0 gcc-4.7
+ ln -s clang-6.0 cpp-4.7
+ ln -s clang-6.0 gcc
+ echo 'gcc-4.7 hold'
+ dpkg --set-selections
dpkg: warning: package not in status nor available database at line 1: gcc-4.7
dpkg: warning: found unknown packages; this might mean the available database
is outdated, and needs to be updated through a frontend method;
please see the FAQ <https://wiki.debian.org/Teams/Dpkg/FAQ>
+ echo 'g++-4.7 hold'
+ dpkg --set-selections
dpkg: warning: package not in status nor available database at line 1: g++-4.7
dpkg: warning: found unknown packages; this might mean the available database
is outdated, and needs to be updated through a frontend method;
please see the FAQ <https://wiki.debian.org/Teams/Dpkg/FAQ>
+ for VERSION in $VERSIONS
+ rm -f g++-4.8 gcc-4.8 cpp-4.8 gcc
+ ln -s clang++-6.0 g++-4.8
+ ln -s clang-6.0 gcc-4.8
+ ln -s clang-6.0 cpp-4.8
+ ln -s clang-6.0 gcc
+ echo 'gcc-4.8 hold'
+ dpkg --set-selections
dpkg: warning: package not in status nor available database at line 1: gcc-4.8
dpkg: warning: found unknown packages; this might mean the available database
is outdated, and needs to be updated through a frontend method;
please see the FAQ <https://wiki.debian.org/Teams/Dpkg/FAQ>
+ echo 'g++-4.8 hold'
+ dpkg --set-selections
dpkg: warning: package not in status nor available database at line 1: g++-4.8
dpkg: warning: found unknown packages; this might mean the available database
is outdated, and needs to be updated through a frontend method;
please see the FAQ <https://wiki.debian.org/Teams/Dpkg/FAQ>
+ for VERSION in $VERSIONS
+ rm -f g++-4.9 gcc-4.9 cpp-4.9 gcc
+ ln -s clang++-6.0 g++-4.9
+ ln -s clang-6.0 gcc-4.9
+ ln -s clang-6.0 cpp-4.9
+ ln -s clang-6.0 gcc
+ echo 'gcc-4.9 hold'
+ dpkg --set-selections
dpkg: warning: package not in status nor available database at line 1: gcc-4.9
dpkg: warning: found unknown packages; this might mean the available database
is outdated, and needs to be updated through a frontend method;
please see the FAQ <https://wiki.debian.org/Teams/Dpkg/FAQ>
+ echo 'g++-4.9 hold'
+ dpkg --set-selections
dpkg: warning: package not in status nor available database at line 1: g++-4.9
dpkg: warning: found unknown packages; this might mean the available database
is outdated, and needs to be updated through a frontend method;
please see the FAQ <https://wiki.debian.org/Teams/Dpkg/FAQ>
+ for VERSION in $VERSIONS
+ rm -f g++-5 gcc-5 cpp-5 gcc
+ ln -s clang++-6.0 g++-5
+ ln -s clang-6.0 gcc-5
+ ln -s clang-6.0 cpp-5
+ ln -s clang-6.0 gcc
+ echo 'gcc-5 hold'
+ dpkg --set-selections
+ echo 'g++-5 hold'
+ dpkg --set-selections
+ for VERSION in $VERSIONS
+ rm -f g++-6 gcc-6 cpp-6 gcc
+ ln -s clang++-6.0 g++-6
+ ln -s clang-6.0 gcc-6
+ ln -s clang-6.0 cpp-6
+ ln -s clang-6.0 gcc
+ echo 'gcc-6 hold'
+ dpkg --set-selections
dpkg: warning: package not in status nor available database at line 1: gcc-6
dpkg: warning: found unknown packages; this might mean the available database
is outdated, and needs to be updated through a frontend method;
please see the FAQ <https://wiki.debian.org/Teams/Dpkg/FAQ>
+ echo 'g++-6 hold'
+ dpkg --set-selections
dpkg: warning: package not in status nor available database at line 1: g++-6
dpkg: warning: found unknown packages; this might mean the available database
is outdated, and needs to be updated through a frontend method;
please see the FAQ <https://wiki.debian.org/Teams/Dpkg/FAQ>
+ for VERSION in $VERSIONS
+ rm -f g++-7 gcc-7 cpp-7 gcc
+ ln -s clang++-6.0 g++-7
+ ln -s clang-6.0 gcc-7
+ ln -s clang-6.0 cpp-7
+ ln -s clang-6.0 gcc
+ echo 'gcc-7 hold'
+ dpkg --set-selections
+ echo 'g++-7 hold'
+ dpkg --set-selections
+ for VERSION in $VERSIONS
+ rm -f g++-8 gcc-8 cpp-8 gcc
+ ln -s clang++-6.0 g++-8
+ ln -s clang-6.0 gcc-8
+ ln -s clang-6.0 cpp-8
+ ln -s clang-6.0 gcc
+ echo 'gcc-8 hold'
+ dpkg --set-selections
dpkg: warning: package not in status nor available database at line 1: gcc-8
dpkg: warning: found unknown packages; this might mean the available database
is outdated, and needs to be updated through a frontend method;
please see the FAQ <https://wiki.debian.org/Teams/Dpkg/FAQ>
+ echo 'g++-8 hold'
+ dpkg --set-selections
dpkg: warning: package not in status nor available database at line 1: g++-8
dpkg: warning: found unknown packages; this might mean the available database
is outdated, and needs to be updated through a frontend method;
please see the FAQ <https://wiki.debian.org/Teams/Dpkg/FAQ>
+ cd -
/build/libnative-platform-java-qFCCO9
+ echo 'Check if gcc, g++ & cpp are actually clang'
Check if gcc, g++ & cpp are actually clang
+ gcc --version
+ grep clang
+ cpp --version
+ grep clang
+ g++ --version
+ grep clang

I: Finished running '/tmp/clang60'.

Finished processing commands.
--------------------------------------------------------------------------------

+------------------------------------------------------------------------------+
| Update chroot                                                                |
+------------------------------------------------------------------------------+

Hit:1 http://127.0.0.1:9999/debian unstable InRelease
Reading package lists...
Reading package lists...
Building dependency tree...
Reading state information...
Calculating upgrade...
0 upgraded, 0 newly installed, 0 to remove and 0 not upgraded.

+------------------------------------------------------------------------------+
| Fetch source files                                                           |
+------------------------------------------------------------------------------+


Check APT
---------

Checking available source versions...

Download source files with APT
------------------------------

Reading package lists...
NOTICE: 'libnative-platform-java' packaging is maintained in the 'Git' version control system at:
https://anonscm.debian.org/git/pkg-java/libnative-platform-java.git
Please use:
git clone https://anonscm.debian.org/git/pkg-java/libnative-platform-java.git
to retrieve the latest (possibly unreleased) updates to the package.
Need to get 56.8 kB of source archives.
Get:1 http://127.0.0.1:9999/debian unstable/main libnative-platform-java 0.14-3 (dsc) [2372 B]
Get:2 http://127.0.0.1:9999/debian unstable/main libnative-platform-java 0.14-3 (tar) [48.5 kB]
Get:3 http://127.0.0.1:9999/debian unstable/main libnative-platform-java 0.14-3 (diff) [6000 B]
Fetched 56.8 kB in 0s (732 kB/s)
Download complete and in download only mode
I: NOTICE: Log filtering will replace 'build/libnative-platform-java-qFCCO9/libnative-platform-java-0.14' with '<<PKGBUILDDIR>>'
I: NOTICE: Log filtering will replace 'build/libnative-platform-java-qFCCO9' with '<<BUILDDIR>>'

+------------------------------------------------------------------------------+
| Install build-essential                                                      |
+------------------------------------------------------------------------------+


Setup apt archive
-----------------

Merged Build-Depends: build-essential, fakeroot
Filtered Build-Depends: build-essential, fakeroot
dpkg-deb: building package 'sbuild-build-depends-core-dummy' in '/<<BUILDDIR>>/resolver-CXXFmN/apt_archive/sbuild-build-depends-core-dummy.deb'.
dpkg-scanpackages: warning: Packages in archive but missing from override file:
dpkg-scanpackages: warning:   sbuild-build-depends-core-dummy
dpkg-scanpackages: info: Wrote 1 entries to output Packages file.
Ign:1 copy:/<<BUILDDIR>>/resolver-CXXFmN/apt_archive ./ InRelease
Get:2 copy:/<<BUILDDIR>>/resolver-CXXFmN/apt_archive ./ Release [957 B]
Ign:3 copy:/<<BUILDDIR>>/resolver-CXXFmN/apt_archive ./ Release.gpg
Get:4 copy:/<<BUILDDIR>>/resolver-CXXFmN/apt_archive ./ Sources [349 B]
Get:5 copy:/<<BUILDDIR>>/resolver-CXXFmN/apt_archive ./ Packages [429 B]
Fetched 1735 B in 0s (0 B/s)
Reading package lists...
Reading package lists...

Install core build dependencies (apt-based resolver)
----------------------------------------------------

Installing build dependencies
Reading package lists...
Building dependency tree...
Reading state information...
The following NEW packages will be installed:
  sbuild-build-depends-core-dummy
0 upgraded, 1 newly installed, 0 to remove and 0 not upgraded.
Need to get 856 B of archives.
After this operation, 0 B of additional disk space will be used.
Get:1 copy:/<<BUILDDIR>>/resolver-CXXFmN/apt_archive ./ sbuild-build-depends-core-dummy 0.invalid.0 [856 B]
debconf: delaying package configuration, since apt-utils is not installed
Fetched 856 B in 0s (0 B/s)
Selecting previously unselected package sbuild-build-depends-core-dummy.
(Reading database ... 10771 files and directories currently installed.)
Preparing to unpack .../sbuild-build-depends-core-dummy_0.invalid.0_amd64.deb ...
Unpacking sbuild-build-depends-core-dummy (0.invalid.0) ...
Setting up sbuild-build-depends-core-dummy (0.invalid.0) ...

+------------------------------------------------------------------------------+
| Check architectures                                                          |
+------------------------------------------------------------------------------+

Arch check ok (amd64 included in any all)

+------------------------------------------------------------------------------+
| Install package build dependencies                                           |
+------------------------------------------------------------------------------+


Setup apt archive
-----------------

Merged Build-Depends: debhelper (>= 11), default-jdk-headless | default-jdk (>= 1:1.7), default-jdk-doc, javahelper, libncurses5-dev, maven-repo-helper (>= 1.5~)
Filtered Build-Depends: debhelper (>= 11), default-jdk-headless, default-jdk-doc, javahelper, libncurses5-dev, maven-repo-helper (>= 1.5~)
dpkg-deb: building package 'sbuild-build-depends-libnative-platform-java-dummy' in '/<<BUILDDIR>>/resolver-CXXFmN/apt_archive/sbuild-build-depends-libnative-platform-java-dummy.deb'.
dpkg-scanpackages: warning: Packages in archive but missing from override file:
dpkg-scanpackages: warning:   sbuild-build-depends-core-dummy sbuild-build-depends-libnative-platform-java-dummy
dpkg-scanpackages: info: Wrote 2 entries to output Packages file.
Ign:1 copy:/<<BUILDDIR>>/resolver-CXXFmN/apt_archive ./ InRelease
Get:2 copy:/<<BUILDDIR>>/resolver-CXXFmN/apt_archive ./ Release [963 B]
Ign:3 copy:/<<BUILDDIR>>/resolver-CXXFmN/apt_archive ./ Release.gpg
Get:4 copy:/<<BUILDDIR>>/resolver-CXXFmN/apt_archive ./ Sources [559 B]
Get:5 copy:/<<BUILDDIR>>/resolver-CXXFmN/apt_archive ./ Packages [630 B]
Fetched 2152 B in 0s (0 B/s)
Reading package lists...
Reading package lists...

Install libnative-platform-java build dependencies (apt-based resolver)
-----------------------------------------------------------------------

Installing build dependencies
Reading package lists...
Building dependency tree...
Reading state information...
The following additional packages will be installed:
  autoconf automake autopoint autotools-dev bsdmainutils ca-certificates
  ca-certificates-java dctrl-tools debhelper default-jdk-doc
  default-jdk-headless default-jre-headless devscripts dh-autoreconf
  dh-strip-nondeterminism file gettext gettext-base groff-base intltool-debian
  java-common javahelper libarchive-zip-perl libavahi-client3
  libavahi-common-data libavahi-common3 libcroco3 libcups2 libdbus-1-3
  libexpat1 libfile-homedir-perl libfile-stripnondeterminism-perl
  libfile-which-perl libfreetype6 libglib2.0-0 libgssapi-krb5-2 libicu57
  libjaxp1.3-java libjpeg62-turbo libk5crypto3 libkeyutils1 libkrb5-3
  libkrb5support0 liblcms2-2 libmagic-mgc libmagic1 libmpdec2 libncurses-dev
  libncurses5-dev libncurses6 libncursesw6 libnspr4 libnss3 libpcsclite1
  libpipeline1 libpng16-16 libpython3-stdlib libpython3.6-minimal
  libpython3.6-stdlib libreadline7 libsigsegv2 libsqlite3-0 libssl1.1
  libstax-java libtimedate-perl libtool libx11-6 libx11-data libxau6 libxcb1
  libxdmcp6 libxext6 libxi6 libxml2 libxrender1 libxtst6 lsb-base m4 man-db
  maven-repo-helper mime-support openjdk-10-doc openjdk-10-jdk-headless
  openjdk-10-jre-headless openssl po-debconf python3 python3-minimal python3.6
  python3.6-minimal readline-common x11-common
Suggested packages:
  autoconf-archive gnu-standards autoconf-doc wamerican | wordlist whois
  vacation debtags dh-make dwz default-jdk default-jre adequate autopkgtest
  bls-standalone bsd-mailx | mailx check-all-the-things cvs-buildpackage
  devscripts-el diffoscope disorderfs dose-extra duck faketime gnuplot
  how-can-i-help libauthen-sasl-perl libfile-desktopentry-perl
  libnet-smtps-perl libterm-size-perl libyaml-syck-perl mozilla-devscripts
  mutt piuparts postgresql-client quilt ratt reprotest ssh-client
  svn-buildpackage w3m gettext-doc libasprintf-dev libgettextpo-dev groff cvs
  gawk tofrodos cups-common krb5-doc krb5-user liblcms2-utils pcscd
  libstax-java-doc libtool-doc gfortran | fortran95-compiler gcj-jdk m4-doc
  apparmor less www-browser maven-debian-helper openjdk-10-jdk openjdk-10-demo
  openjdk-10-source libnss-mdns fonts-dejavu-extra fonts-ipafont-gothic
  fonts-ipafont-mincho fonts-wqy-microhei | fonts-wqy-zenhei fonts-indic
  libmail-box-perl python3-doc python3-tk python3-venv python3.6-venv
  python3.6-doc binfmt-support readline-doc
Recommended packages:
  at dput | dupload gnupg | gnupg2 libdistro-info-perl libencode-locale-perl
  libgit-wrapper-perl liblist-compare-perl libstring-shellquote-perl
  liburi-perl libwww-perl licensecheck lintian patchutils python3-apt
  python3-debian python3-magic python3-requests python3-unidiff python3-xdg
  strace unzip wdiff wget | curl debian-keyring equivs
  liblwp-protocol-https-perl libsoap-lite-perl curl | wget | lynx dbus
  libarchive-cpio-perl libglib2.0-data shared-mime-info xdg-user-dirs
  krb5-locales libgpm2 libltdl-dev libmail-sendmail-perl
The following NEW packages will be installed:
  autoconf automake autopoint autotools-dev bsdmainutils ca-certificates
  ca-certificates-java dctrl-tools debhelper default-jdk-doc
  default-jdk-headless default-jre-headless devscripts dh-autoreconf
  dh-strip-nondeterminism file gettext gettext-base groff-base intltool-debian
  java-common javahelper libarchive-zip-perl libavahi-client3
  libavahi-common-data libavahi-common3 libcroco3 libcups2 libdbus-1-3
  libexpat1 libfile-homedir-perl libfile-stripnondeterminism-perl
  libfile-which-perl libfreetype6 libglib2.0-0 libgssapi-krb5-2 libicu57
  libjaxp1.3-java libjpeg62-turbo libk5crypto3 libkeyutils1 libkrb5-3
  libkrb5support0 liblcms2-2 libmagic-mgc libmagic1 libmpdec2 libncurses-dev
  libncurses5-dev libncurses6 libncursesw6 libnspr4 libnss3 libpcsclite1
  libpipeline1 libpng16-16 libpython3-stdlib libpython3.6-minimal
  libpython3.6-stdlib libreadline7 libsigsegv2 libsqlite3-0 libssl1.1
  libstax-java libtimedate-perl libtool libx11-6 libx11-data libxau6 libxcb1
  libxdmcp6 libxext6 libxi6 libxml2 libxrender1 libxtst6 lsb-base m4 man-db
  maven-repo-helper mime-support openjdk-10-doc openjdk-10-jdk-headless
  openjdk-10-jre-headless openssl po-debconf python3 python3-minimal python3.6
  python3.6-minimal readline-common
  sbuild-build-depends-libnative-platform-java-dummy x11-common
0 upgraded, 93 newly installed, 0 to remove and 0 not upgraded.
Need to get 168 MB of archives.
After this operation, 719 MB of additional disk space will be used.
Get:1 copy:/<<BUILDDIR>>/resolver-CXXFmN/apt_archive ./ sbuild-build-depends-libnative-platform-java-dummy 0.invalid.0 [924 B]
Get:2 http://127.0.0.1:9999/debian unstable/main amd64 bsdmainutils amd64 11.1.2 [190 kB]
Get:3 http://127.0.0.1:9999/debian unstable/main amd64 groff-base amd64 1.22.3-10 [1176 kB]
Get:4 http://127.0.0.1:9999/debian unstable/main amd64 libpipeline1 amd64 1.5.0-1 [29.0 kB]
Get:5 http://127.0.0.1:9999/debian unstable/main amd64 man-db amd64 2.8.3-2 [1180 kB]
Get:6 http://127.0.0.1:9999/debian unstable/main amd64 libssl1.1 amd64 1.1.0h-2 [1352 kB]
Get:7 http://127.0.0.1:9999/debian unstable/main amd64 libpython3.6-minimal amd64 3.6.5-5 [572 kB]
Get:8 http://127.0.0.1:9999/debian unstable/main amd64 libexpat1 amd64 2.2.5-3 [96.8 kB]
Get:9 http://127.0.0.1:9999/debian unstable/main amd64 python3.6-minimal amd64 3.6.5-5 [1728 kB]
Get:10 http://127.0.0.1:9999/debian unstable/main amd64 python3-minimal amd64 3.6.5-3 [36.2 kB]
Get:11 http://127.0.0.1:9999/debian unstable/main amd64 mime-support all 3.60 [36.7 kB]
Get:12 http://127.0.0.1:9999/debian unstable/main amd64 libmpdec2 amd64 2.4.2-2 [87.2 kB]
Get:13 http://127.0.0.1:9999/debian unstable/main amd64 libncursesw6 amd64 6.1+20180210-2 [131 kB]
Get:14 http://127.0.0.1:9999/debian unstable/main amd64 readline-common all 7.0-3 [70.4 kB]
Get:15 http://127.0.0.1:9999/debian unstable/main amd64 libreadline7 amd64 7.0-3+b1 [151 kB]
Get:16 http://127.0.0.1:9999/debian unstable/main amd64 libsqlite3-0 amd64 3.23.1-1 [603 kB]
Get:17 http://127.0.0.1:9999/debian unstable/main amd64 libpython3.6-stdlib amd64 3.6.5-5 [1730 kB]
Get:18 http://127.0.0.1:9999/debian unstable/main amd64 python3.6 amd64 3.6.5-5 [229 kB]
Get:19 http://127.0.0.1:9999/debian unstable/main amd64 libpython3-stdlib amd64 3.6.5-3 [19.7 kB]
Get:20 http://127.0.0.1:9999/debian unstable/main amd64 python3 amd64 3.6.5-3 [24.1 kB]
Get:21 http://127.0.0.1:9999/debian unstable/main amd64 libmagic-mgc amd64 1:5.33-2 [234 kB]
Get:22 http://127.0.0.1:9999/debian unstable/main amd64 libmagic1 amd64 1:5.33-2 [113 kB]
Get:23 http://127.0.0.1:9999/debian unstable/main amd64 file amd64 1:5.33-2 [65.6 kB]
Get:24 http://127.0.0.1:9999/debian unstable/main amd64 gettext-base amd64 0.19.8.1-6 [122 kB]
Get:25 http://127.0.0.1:9999/debian unstable/main amd64 libsigsegv2 amd64 2.12-2 [32.8 kB]
Get:26 http://127.0.0.1:9999/debian unstable/main amd64 m4 amd64 1.4.18-1 [202 kB]
Get:27 http://127.0.0.1:9999/debian unstable/main amd64 autoconf all 2.69-11 [341 kB]
Get:28 http://127.0.0.1:9999/debian unstable/main amd64 autotools-dev all 20180224.1 [77.0 kB]
Get:29 http://127.0.0.1:9999/debian unstable/main amd64 automake all 1:1.15.1-3.1 [736 kB]
Get:30 http://127.0.0.1:9999/debian unstable/main amd64 autopoint all 0.19.8.1-6 [434 kB]
Get:31 http://127.0.0.1:9999/debian unstable/main amd64 openssl amd64 1.1.0h-2 [744 kB]
Get:32 http://127.0.0.1:9999/debian unstable/main amd64 ca-certificates all 20180409 [161 kB]
Get:33 http://127.0.0.1:9999/debian unstable/main amd64 java-common all 0.65 [14.2 kB]
Get:34 http://127.0.0.1:9999/debian unstable/main amd64 libavahi-common-data amd64 0.7-4 [122 kB]
Get:35 http://127.0.0.1:9999/debian unstable/main amd64 libavahi-common3 amd64 0.7-4 [54.4 kB]
Get:36 http://127.0.0.1:9999/debian unstable/main amd64 libdbus-1-3 amd64 1.12.8-1 [209 kB]
Get:37 http://127.0.0.1:9999/debian unstable/main amd64 libavahi-client3 amd64 0.7-4 [57.8 kB]
Get:38 http://127.0.0.1:9999/debian unstable/main amd64 libkeyutils1 amd64 1.5.9-9.2 [12.9 kB]
Get:39 http://127.0.0.1:9999/debian unstable/main amd64 libkrb5support0 amd64 1.16-2 [62.8 kB]
Get:40 http://127.0.0.1:9999/debian unstable/main amd64 libk5crypto3 amd64 1.16-2 [121 kB]
Get:41 http://127.0.0.1:9999/debian unstable/main amd64 libkrb5-3 amd64 1.16-2 [316 kB]
Get:42 http://127.0.0.1:9999/debian unstable/main amd64 libgssapi-krb5-2 amd64 1.16-2 [158 kB]
Get:43 http://127.0.0.1:9999/debian unstable/main amd64 libcups2 amd64 2.2.7-3 [320 kB]
Get:44 http://127.0.0.1:9999/debian unstable/main amd64 liblcms2-2 amd64 2.9-1 [145 kB]
Get:45 http://127.0.0.1:9999/debian unstable/main amd64 libjpeg62-turbo amd64 1:1.5.2-2+b1 [134 kB]
Get:46 http://127.0.0.1:9999/debian unstable/main amd64 libnspr4 amd64 2:4.19-1 [117 kB]
Get:47 http://127.0.0.1:9999/debian unstable/main amd64 libnss3 amd64 2:3.36.1-1 [1153 kB]
Get:48 http://127.0.0.1:9999/debian unstable/main amd64 libpng16-16 amd64 1.6.34-1 [287 kB]
Get:49 http://127.0.0.1:9999/debian unstable/main amd64 libfreetype6 amd64 2.8.1-2 [461 kB]
Get:50 http://127.0.0.1:9999/debian unstable/main amd64 libpcsclite1 amd64 1.8.23-2 [58.0 kB]
Get:51 http://127.0.0.1:9999/debian unstable/main amd64 libxau6 amd64 1:1.0.8-1+b2 [19.9 kB]
Get:52 http://127.0.0.1:9999/debian unstable/main amd64 libxdmcp6 amd64 1:1.1.2-3 [26.3 kB]
Get:53 http://127.0.0.1:9999/debian unstable/main amd64 libxcb1 amd64 1.13-1 [136 kB]
Get:54 http://127.0.0.1:9999/debian unstable/main amd64 libx11-data all 2:1.6.5-1 [292 kB]
Get:55 http://127.0.0.1:9999/debian unstable/main amd64 libx11-6 amd64 2:1.6.5-1 [749 kB]
Get:56 http://127.0.0.1:9999/debian unstable/main amd64 libxext6 amd64 2:1.3.3-1+b2 [52.5 kB]
Get:57 http://127.0.0.1:9999/debian unstable/main amd64 libxi6 amd64 2:1.7.9-1 [82.6 kB]
Get:58 http://127.0.0.1:9999/debian unstable/main amd64 libxrender1 amd64 1:0.9.10-1 [33.0 kB]
Get:59 http://127.0.0.1:9999/debian unstable/main amd64 lsb-base all 9.20170808 [28.1 kB]
Get:60 http://127.0.0.1:9999/debian unstable/main amd64 x11-common all 1:7.7+19 [251 kB]
Get:61 http://127.0.0.1:9999/debian unstable/main amd64 libxtst6 amd64 2:1.2.3-1 [27.8 kB]
Get:62 http://127.0.0.1:9999/debian unstable/main amd64 openjdk-10-jre-headless amd64 10.0.1+10-3 [39.5 MB]
Get:63 http://127.0.0.1:9999/debian unstable/main amd64 default-jre-headless amd64 2:1.10-65 [10.6 kB]
Get:64 http://127.0.0.1:9999/debian unstable/main amd64 ca-certificates-java all 20180413 [15.1 kB]
Get:65 http://127.0.0.1:9999/debian unstable/main amd64 dctrl-tools amd64 2.24-2+b1 [104 kB]
Get:66 http://127.0.0.1:9999/debian unstable/main amd64 libtool all 2.4.6-2.1 [547 kB]
Get:67 http://127.0.0.1:9999/debian unstable/main amd64 dh-autoreconf all 17 [16.5 kB]
Get:68 http://127.0.0.1:9999/debian unstable/main amd64 libarchive-zip-perl all 1.60-1 [95.6 kB]
Get:69 http://127.0.0.1:9999/debian unstable/main amd64 libfile-stripnondeterminism-perl all 0.041-1 [19.9 kB]
Get:70 http://127.0.0.1:9999/debian unstable/main amd64 libtimedate-perl all 2.3000-2 [42.2 kB]
Get:71 http://127.0.0.1:9999/debian unstable/main amd64 dh-strip-nondeterminism all 0.041-1 [12.0 kB]
Get:72 http://127.0.0.1:9999/debian unstable/main amd64 libglib2.0-0 amd64 2.56.1-2 [2928 kB]
Get:73 http://127.0.0.1:9999/debian unstable/main amd64 libicu57 amd64 57.1-9 [7698 kB]
Get:74 http://127.0.0.1:9999/debian unstable/main amd64 libxml2 amd64 2.9.4+dfsg1-6.1 [725 kB]
Get:75 http://127.0.0.1:9999/debian unstable/main amd64 libcroco3 amd64 0.6.12-2 [144 kB]
Get:76 http://127.0.0.1:9999/debian unstable/main amd64 gettext amd64 0.19.8.1-6 [1302 kB]
Get:77 http://127.0.0.1:9999/debian unstable/main amd64 intltool-debian all 0.35.0+20060710.4 [26.3 kB]
Get:78 http://127.0.0.1:9999/debian unstable/main amd64 po-debconf all 1.0.20 [247 kB]
Get:79 http://127.0.0.1:9999/debian unstable/main amd64 debhelper all 11.2.1 [1013 kB]
Get:80 http://127.0.0.1:9999/debian unstable/main amd64 openjdk-10-doc all 10.0.1+10-3 [14.9 MB]
Get:81 http://127.0.0.1:9999/debian unstable/main amd64 default-jdk-doc amd64 2:1.10-65 [10.7 kB]
Get:82 http://127.0.0.1:9999/debian unstable/main amd64 openjdk-10-jdk-headless amd64 10.0.1+10-3 [77.9 MB]
Get:83 http://127.0.0.1:9999/debian unstable/main amd64 default-jdk-headless amd64 2:1.10-65 [1084 B]
Get:84 http://127.0.0.1:9999/debian unstable/main amd64 libfile-which-perl all 1.21-1 [14.3 kB]
Get:85 http://127.0.0.1:9999/debian unstable/main amd64 libfile-homedir-perl all 1.002-1 [42.3 kB]
Get:86 http://127.0.0.1:9999/debian unstable/main amd64 devscripts amd64 2.18.2 [982 kB]
Get:87 http://127.0.0.1:9999/debian unstable/main amd64 javahelper all 0.63 [85.2 kB]
Get:88 http://127.0.0.1:9999/debian unstable/main amd64 libjaxp1.3-java all 1.3.05-5 [226 kB]
Get:89 http://127.0.0.1:9999/debian unstable/main amd64 libncurses6 amd64 6.1+20180210-2 [101 kB]
Get:90 http://127.0.0.1:9999/debian unstable/main amd64 libncurses-dev amd64 6.1+20180210-2 [334 kB]
Get:91 http://127.0.0.1:9999/debian unstable/main amd64 libncurses5-dev amd64 6.1+20180210-2 [924 B]
Get:92 http://127.0.0.1:9999/debian unstable/main amd64 libstax-java all 1.2.0-4 [200 kB]
Get:93 http://127.0.0.1:9999/debian unstable/main amd64 maven-repo-helper all 1.9.2 [138 kB]
debconf: delaying package configuration, since apt-utils is not installed
Fetched 168 MB in 2s (95.4 MB/s)
Selecting previously unselected package bsdmainutils.
(Reading database ... 10771 files and directories currently installed.)
Preparing to unpack .../00-bsdmainutils_11.1.2_amd64.deb ...
Unpacking bsdmainutils (11.1.2) ...
Selecting previously unselected package groff-base.
Preparing to unpack .../01-groff-base_1.22.3-10_amd64.deb ...
Unpacking groff-base (1.22.3-10) ...
Selecting previously unselected package libpipeline1:amd64.
Preparing to unpack .../02-libpipeline1_1.5.0-1_amd64.deb ...
Unpacking libpipeline1:amd64 (1.5.0-1) ...
Selecting previously unselected package man-db.
Preparing to unpack .../03-man-db_2.8.3-2_amd64.deb ...
Unpacking man-db (2.8.3-2) ...
Selecting previously unselected package libssl1.1:amd64.
Preparing to unpack .../04-libssl1.1_1.1.0h-2_amd64.deb ...
Unpacking libssl1.1:amd64 (1.1.0h-2) ...
Selecting previously unselected package libpython3.6-minimal:amd64.
Preparing to unpack .../05-libpython3.6-minimal_3.6.5-5_amd64.deb ...
Unpacking libpython3.6-minimal:amd64 (3.6.5-5) ...
Selecting previously unselected package libexpat1:amd64.
Preparing to unpack .../06-libexpat1_2.2.5-3_amd64.deb ...
Unpacking libexpat1:amd64 (2.2.5-3) ...
Selecting previously unselected package python3.6-minimal.
Preparing to unpack .../07-python3.6-minimal_3.6.5-5_amd64.deb ...
Unpacking python3.6-minimal (3.6.5-5) ...
Selecting previously unselected package python3-minimal.
Preparing to unpack .../08-python3-minimal_3.6.5-3_amd64.deb ...
Unpacking python3-minimal (3.6.5-3) ...
Selecting previously unselected package mime-support.
Preparing to unpack .../09-mime-support_3.60_all.deb ...
Unpacking mime-support (3.60) ...
Selecting previously unselected package libmpdec2:amd64.
Preparing to unpack .../10-libmpdec2_2.4.2-2_amd64.deb ...
Unpacking libmpdec2:amd64 (2.4.2-2) ...
Selecting previously unselected package libncursesw6:amd64.
Preparing to unpack .../11-libncursesw6_6.1+20180210-2_amd64.deb ...
Unpacking libncursesw6:amd64 (6.1+20180210-2) ...
Selecting previously unselected package readline-common.
Preparing to unpack .../12-readline-common_7.0-3_all.deb ...
Unpacking readline-common (7.0-3) ...
Selecting previously unselected package libreadline7:amd64.
Preparing to unpack .../13-libreadline7_7.0-3+b1_amd64.deb ...
Unpacking libreadline7:amd64 (7.0-3+b1) ...
Selecting previously unselected package libsqlite3-0:amd64.
Preparing to unpack .../14-libsqlite3-0_3.23.1-1_amd64.deb ...
Unpacking libsqlite3-0:amd64 (3.23.1-1) ...
Selecting previously unselected package libpython3.6-stdlib:amd64.
Preparing to unpack .../15-libpython3.6-stdlib_3.6.5-5_amd64.deb ...
Unpacking libpython3.6-stdlib:amd64 (3.6.5-5) ...
Selecting previously unselected package python3.6.
Preparing to unpack .../16-python3.6_3.6.5-5_amd64.deb ...
Unpacking python3.6 (3.6.5-5) ...
Selecting previously unselected package libpython3-stdlib:amd64.
Preparing to unpack .../17-libpython3-stdlib_3.6.5-3_amd64.deb ...
Unpacking libpython3-stdlib:amd64 (3.6.5-3) ...
Setting up libssl1.1:amd64 (1.1.0h-2) ...
Setting up libpython3.6-minimal:amd64 (3.6.5-5) ...
Setting up libexpat1:amd64 (2.2.5-3) ...
Setting up python3.6-minimal (3.6.5-5) ...
Setting up python3-minimal (3.6.5-3) ...
Selecting previously unselected package python3.
(Reading database ... 12103 files and directories currently installed.)
Preparing to unpack .../00-python3_3.6.5-3_amd64.deb ...
Unpacking python3 (3.6.5-3) ...
Selecting previously unselected package libmagic-mgc.
Preparing to unpack .../01-libmagic-mgc_1%3a5.33-2_amd64.deb ...
Unpacking libmagic-mgc (1:5.33-2) ...
Selecting previously unselected package libmagic1:amd64.
Preparing to unpack .../02-libmagic1_1%3a5.33-2_amd64.deb ...
Unpacking libmagic1:amd64 (1:5.33-2) ...
Selecting previously unselected package file.
Preparing to unpack .../03-file_1%3a5.33-2_amd64.deb ...
Unpacking file (1:5.33-2) ...
Selecting previously unselected package gettext-base.
Preparing to unpack .../04-gettext-base_0.19.8.1-6_amd64.deb ...
Unpacking gettext-base (0.19.8.1-6) ...
Selecting previously unselected package libsigsegv2:amd64.
Preparing to unpack .../05-libsigsegv2_2.12-2_amd64.deb ...
Unpacking libsigsegv2:amd64 (2.12-2) ...
Selecting previously unselected package m4.
Preparing to unpack .../06-m4_1.4.18-1_amd64.deb ...
Unpacking m4 (1.4.18-1) ...
Selecting previously unselected package autoconf.
Preparing to unpack .../07-autoconf_2.69-11_all.deb ...
Unpacking autoconf (2.69-11) ...
Selecting previously unselected package autotools-dev.
Preparing to unpack .../08-autotools-dev_20180224.1_all.deb ...
Unpacking autotools-dev (20180224.1) ...
Selecting previously unselected package automake.
Preparing to unpack .../09-automake_1%3a1.15.1-3.1_all.deb ...
Unpacking automake (1:1.15.1-3.1) ...
Selecting previously unselected package autopoint.
Preparing to unpack .../10-autopoint_0.19.8.1-6_all.deb ...
Unpacking autopoint (0.19.8.1-6) ...
Selecting previously unselected package openssl.
Preparing to unpack .../11-openssl_1.1.0h-2_amd64.deb ...
Unpacking openssl (1.1.0h-2) ...
Selecting previously unselected package ca-certificates.
Preparing to unpack .../12-ca-certificates_20180409_all.deb ...
Unpacking ca-certificates (20180409) ...
Selecting previously unselected package java-common.
Preparing to unpack .../13-java-common_0.65_all.deb ...
Unpacking java-common (0.65) ...
Selecting previously unselected package libavahi-common-data:amd64.
Preparing to unpack .../14-libavahi-common-data_0.7-4_amd64.deb ...
Unpacking libavahi-common-data:amd64 (0.7-4) ...
Selecting previously unselected package libavahi-common3:amd64.
Preparing to unpack .../15-libavahi-common3_0.7-4_amd64.deb ...
Unpacking libavahi-common3:amd64 (0.7-4) ...
Selecting previously unselected package libdbus-1-3:amd64.
Preparing to unpack .../16-libdbus-1-3_1.12.8-1_amd64.deb ...
Unpacking libdbus-1-3:amd64 (1.12.8-1) ...
Selecting previously unselected package libavahi-client3:amd64.
Preparing to unpack .../17-libavahi-client3_0.7-4_amd64.deb ...
Unpacking libavahi-client3:amd64 (0.7-4) ...
Selecting previously unselected package libkeyutils1:amd64.
Preparing to unpack .../18-libkeyutils1_1.5.9-9.2_amd64.deb ...
Unpacking libkeyutils1:amd64 (1.5.9-9.2) ...
Selecting previously unselected package libkrb5support0:amd64.
Preparing to unpack .../19-libkrb5support0_1.16-2_amd64.deb ...
Unpacking libkrb5support0:amd64 (1.16-2) ...
Selecting previously unselected package libk5crypto3:amd64.
Preparing to unpack .../20-libk5crypto3_1.16-2_amd64.deb ...
Unpacking libk5crypto3:amd64 (1.16-2) ...
Selecting previously unselected package libkrb5-3:amd64.
Preparing to unpack .../21-libkrb5-3_1.16-2_amd64.deb ...
Unpacking libkrb5-3:amd64 (1.16-2) ...
Selecting previously unselected package libgssapi-krb5-2:amd64.
Preparing to unpack .../22-libgssapi-krb5-2_1.16-2_amd64.deb ...
Unpacking libgssapi-krb5-2:amd64 (1.16-2) ...
Selecting previously unselected package libcups2:amd64.
Preparing to unpack .../23-libcups2_2.2.7-3_amd64.deb ...
Unpacking libcups2:amd64 (2.2.7-3) ...
Selecting previously unselected package liblcms2-2:amd64.
Preparing to unpack .../24-liblcms2-2_2.9-1_amd64.deb ...
Unpacking liblcms2-2:amd64 (2.9-1) ...
Selecting previously unselected package libjpeg62-turbo:amd64.
Preparing to unpack .../25-libjpeg62-turbo_1%3a1.5.2-2+b1_amd64.deb ...
Unpacking libjpeg62-turbo:amd64 (1:1.5.2-2+b1) ...
Selecting previously unselected package libnspr4:amd64.
Preparing to unpack .../26-libnspr4_2%3a4.19-1_amd64.deb ...
Unpacking libnspr4:amd64 (2:4.19-1) ...
Selecting previously unselected package libnss3:amd64.
Preparing to unpack .../27-libnss3_2%3a3.36.1-1_amd64.deb ...
Unpacking libnss3:amd64 (2:3.36.1-1) ...
Selecting previously unselected package libpng16-16:amd64.
Preparing to unpack .../28-libpng16-16_1.6.34-1_amd64.deb ...
Unpacking libpng16-16:amd64 (1.6.34-1) ...
Selecting previously unselected package libfreetype6:amd64.
Preparing to unpack .../29-libfreetype6_2.8.1-2_amd64.deb ...
Unpacking libfreetype6:amd64 (2.8.1-2) ...
Selecting previously unselected package libpcsclite1:amd64.
Preparing to unpack .../30-libpcsclite1_1.8.23-2_amd64.deb ...
Unpacking libpcsclite1:amd64 (1.8.23-2) ...
Selecting previously unselected package libxau6:amd64.
Preparing to unpack .../31-libxau6_1%3a1.0.8-1+b2_amd64.deb ...
Unpacking libxau6:amd64 (1:1.0.8-1+b2) ...
Selecting previously unselected package libxdmcp6:amd64.
Preparing to unpack .../32-libxdmcp6_1%3a1.1.2-3_amd64.deb ...
Unpacking libxdmcp6:amd64 (1:1.1.2-3) ...
Selecting previously unselected package libxcb1:amd64.
Preparing to unpack .../33-libxcb1_1.13-1_amd64.deb ...
Unpacking libxcb1:amd64 (1.13-1) ...
Selecting previously unselected package libx11-data.
Preparing to unpack .../34-libx11-data_2%3a1.6.5-1_all.deb ...
Unpacking libx11-data (2:1.6.5-1) ...
Selecting previously unselected package libx11-6:amd64.
Preparing to unpack .../35-libx11-6_2%3a1.6.5-1_amd64.deb ...
Unpacking libx11-6:amd64 (2:1.6.5-1) ...
Selecting previously unselected package libxext6:amd64.
Preparing to unpack .../36-libxext6_2%3a1.3.3-1+b2_amd64.deb ...
Unpacking libxext6:amd64 (2:1.3.3-1+b2) ...
Selecting previously unselected package libxi6:amd64.
Preparing to unpack .../37-libxi6_2%3a1.7.9-1_amd64.deb ...
Unpacking libxi6:amd64 (2:1.7.9-1) ...
Selecting previously unselected package libxrender1:amd64.
Preparing to unpack .../38-libxrender1_1%3a0.9.10-1_amd64.deb ...
Unpacking libxrender1:amd64 (1:0.9.10-1) ...
Selecting previously unselected package lsb-base.
Preparing to unpack .../39-lsb-base_9.20170808_all.deb ...
Unpacking lsb-base (9.20170808) ...
Selecting previously unselected package x11-common.
Preparing to unpack .../40-x11-common_1%3a7.7+19_all.deb ...
Unpacking x11-common (1:7.7+19) ...
Selecting previously unselected package libxtst6:amd64.
Preparing to unpack .../41-libxtst6_2%3a1.2.3-1_amd64.deb ...
Unpacking libxtst6:amd64 (2:1.2.3-1) ...
Selecting previously unselected package openjdk-10-jre-headless:amd64.
Preparing to unpack .../42-openjdk-10-jre-headless_10.0.1+10-3_amd64.deb ...
Unpacking openjdk-10-jre-headless:amd64 (10.0.1+10-3) ...
Selecting previously unselected package default-jre-headless.
Preparing to unpack .../43-default-jre-headless_2%3a1.10-65_amd64.deb ...
Unpacking default-jre-headless (2:1.10-65) ...
Selecting previously unselected package ca-certificates-java.
Preparing to unpack .../44-ca-certificates-java_20180413_all.deb ...
Unpacking ca-certificates-java (20180413) ...
Selecting previously unselected package dctrl-tools.
Preparing to unpack .../45-dctrl-tools_2.24-2+b1_amd64.deb ...
Unpacking dctrl-tools (2.24-2+b1) ...
Selecting previously unselected package libtool.
Preparing to unpack .../46-libtool_2.4.6-2.1_all.deb ...
Unpacking libtool (2.4.6-2.1) ...
Selecting previously unselected package dh-autoreconf.
Preparing to unpack .../47-dh-autoreconf_17_all.deb ...
Unpacking dh-autoreconf (17) ...
Selecting previously unselected package libarchive-zip-perl.
Preparing to unpack .../48-libarchive-zip-perl_1.60-1_all.deb ...
Unpacking libarchive-zip-perl (1.60-1) ...
Selecting previously unselected package libfile-stripnondeterminism-perl.
Preparing to unpack .../49-libfile-stripnondeterminism-perl_0.041-1_all.deb ...
Unpacking libfile-stripnondeterminism-perl (0.041-1) ...
Selecting previously unselected package libtimedate-perl.
Preparing to unpack .../50-libtimedate-perl_2.3000-2_all.deb ...
Unpacking libtimedate-perl (2.3000-2) ...
Selecting previously unselected package dh-strip-nondeterminism.
Preparing to unpack .../51-dh-strip-nondeterminism_0.041-1_all.deb ...
Unpacking dh-strip-nondeterminism (0.041-1) ...
Selecting previously unselected package libglib2.0-0:amd64.
Preparing to unpack .../52-libglib2.0-0_2.56.1-2_amd64.deb ...
Unpacking libglib2.0-0:amd64 (2.56.1-2) ...
Selecting previously unselected package libicu57:amd64.
Preparing to unpack .../53-libicu57_57.1-9_amd64.deb ...
Unpacking libicu57:amd64 (57.1-9) ...
Selecting previously unselected package libxml2:amd64.
Preparing to unpack .../54-libxml2_2.9.4+dfsg1-6.1_amd64.deb ...
Unpacking libxml2:amd64 (2.9.4+dfsg1-6.1) ...
Selecting previously unselected package libcroco3:amd64.
Preparing to unpack .../55-libcroco3_0.6.12-2_amd64.deb ...
Unpacking libcroco3:amd64 (0.6.12-2) ...
Selecting previously unselected package gettext.
Preparing to unpack .../56-gettext_0.19.8.1-6_amd64.deb ...
Unpacking gettext (0.19.8.1-6) ...
Selecting previously unselected package intltool-debian.
Preparing to unpack .../57-intltool-debian_0.35.0+20060710.4_all.deb ...
Unpacking intltool-debian (0.35.0+20060710.4) ...
Selecting previously unselected package po-debconf.
Preparing to unpack .../58-po-debconf_1.0.20_all.deb ...
Unpacking po-debconf (1.0.20) ...
Selecting previously unselected package debhelper.
Preparing to unpack .../59-debhelper_11.2.1_all.deb ...
Unpacking debhelper (11.2.1) ...
Selecting previously unselected package openjdk-10-doc.
Preparing to unpack .../60-openjdk-10-doc_10.0.1+10-3_all.deb ...
Unpacking openjdk-10-doc (10.0.1+10-3) ...
Selecting previously unselected package default-jdk-doc.
Preparing to unpack .../61-default-jdk-doc_2%3a1.10-65_amd64.deb ...
Unpacking default-jdk-doc (2:1.10-65) ...
Selecting previously unselected package openjdk-10-jdk-headless:amd64.
Preparing to unpack .../62-openjdk-10-jdk-headless_10.0.1+10-3_amd64.deb ...
Unpacking openjdk-10-jdk-headless:amd64 (10.0.1+10-3) ...
Selecting previously unselected package default-jdk-headless.
Preparing to unpack .../63-default-jdk-headless_2%3a1.10-65_amd64.deb ...
Unpacking default-jdk-headless (2:1.10-65) ...
Selecting previously unselected package libfile-which-perl.
Preparing to unpack .../64-libfile-which-perl_1.21-1_all.deb ...
Unpacking libfile-which-perl (1.21-1) ...
Selecting previously unselected package libfile-homedir-perl.
Preparing to unpack .../65-libfile-homedir-perl_1.002-1_all.deb ...
Unpacking libfile-homedir-perl (1.002-1) ...
Selecting previously unselected package devscripts.
Preparing to unpack .../66-devscripts_2.18.2_amd64.deb ...
Unpacking devscripts (2.18.2) ...
Selecting previously unselected package javahelper.
Preparing to unpack .../67-javahelper_0.63_all.deb ...
Unpacking javahelper (0.63) ...
Selecting previously unselected package libjaxp1.3-java.
Preparing to unpack .../68-libjaxp1.3-java_1.3.05-5_all.deb ...
Unpacking libjaxp1.3-java (1.3.05-5) ...
Selecting previously unselected package libncurses6:amd64.
Preparing to unpack .../69-libncurses6_6.1+20180210-2_amd64.deb ...
Unpacking libncurses6:amd64 (6.1+20180210-2) ...
Selecting previously unselected package libncurses-dev:amd64.
Preparing to unpack .../70-libncurses-dev_6.1+20180210-2_amd64.deb ...
Unpacking libncurses-dev:amd64 (6.1+20180210-2) ...
Selecting previously unselected package libncurses5-dev:amd64.
Preparing to unpack .../71-libncurses5-dev_6.1+20180210-2_amd64.deb ...
Unpacking libncurses5-dev:amd64 (6.1+20180210-2) ...
Selecting previously unselected package libstax-java.
Preparing to unpack .../72-libstax-java_1.2.0-4_all.deb ...
Unpacking libstax-java (1.2.0-4) ...
Selecting previously unselected package maven-repo-helper.
Preparing to unpack .../73-maven-repo-helper_1.9.2_all.deb ...
Unpacking maven-repo-helper (1.9.2) ...
Selecting previously unselected package sbuild-build-depends-libnative-platform-java-dummy.
Preparing to unpack .../74-sbuild-build-depends-libnative-platform-java-dummy_0.invalid.0_amd64.deb ...
Unpacking sbuild-build-depends-libnative-platform-java-dummy (0.invalid.0) ...
Setting up readline-common (7.0-3) ...
Setting up openjdk-10-doc (10.0.1+10-3) ...
Setting up libjaxp1.3-java (1.3.05-5) ...
Setting up libjpeg62-turbo:amd64 (1:1.5.2-2+b1) ...
Setting up libarchive-zip-perl (1.60-1) ...
Setting up mime-support (3.60) ...
Setting up libfile-which-perl (1.21-1) ...
Setting up libpng16-16:amd64 (1.6.34-1) ...
Setting up libtimedate-perl (2.3000-2) ...
Setting up liblcms2-2:amd64 (2.9-1) ...
Setting up libpcsclite1:amd64 (1.8.23-2) ...
Setting up libsigsegv2:amd64 (2.12-2) ...
Setting up libreadline7:amd64 (7.0-3+b1) ...
Setting up libfile-homedir-perl (1.002-1) ...
Setting up groff-base (1.22.3-10) ...
Setting up libglib2.0-0:amd64 (2.56.1-2) ...
No schema files found: doing nothing.
Setting up libncursesw6:amd64 (6.1+20180210-2) ...
Setting up java-common (0.65) ...
Setting up dctrl-tools (2.24-2+b1) ...
Setting up gettext-base (0.19.8.1-6) ...
Setting up libpipeline1:amd64 (1.5.0-1) ...
Setting up m4 (1.4.18-1) ...
Setting up libicu57:amd64 (57.1-9) ...
Setting up libnspr4:amd64 (2:4.19-1) ...
Setting up libxml2:amd64 (2.9.4+dfsg1-6.1) ...
Setting up libfreetype6:amd64 (2.8.1-2) ...
Setting up libmagic-mgc (1:5.33-2) ...
Setting up libmagic1:amd64 (1:5.33-2) ...
Setting up lsb-base (9.20170808) ...
Setting up libcroco3:amd64 (0.6.12-2) ...
Processing triggers for libc-bin (2.27-3) ...
Setting up autotools-dev (20180224.1) ...
Setting up openssl (1.1.0h-2) ...
Setting up libsqlite3-0:amd64 (3.23.1-1) ...
Setting up libxdmcp6:amd64 (1:1.1.2-3) ...
Setting up libkeyutils1:amd64 (1.5.9-9.2) ...
Setting up bsdmainutils (11.1.2) ...
update-alternatives: using /usr/bin/bsd-write to provide /usr/bin/write (write) in auto mode
update-alternatives: using /usr/bin/bsd-from to provide /usr/bin/from (from) in auto mode
Setting up x11-common (1:7.7+19) ...
update-rc.d: warning: start and stop actions are no longer supported; falling back to defaults
invoke-rc.d: could not determine current runlevel
All runlevel operations denied by policy
invoke-rc.d: policy-rc.d denied execution of start.
Setting up ca-certificates (20180409) ...
Updating certificates in /etc/ssl/certs...
133 added, 0 removed; done.
Setting up libncurses6:amd64 (6.1+20180210-2) ...
Setting up libx11-data (2:1.6.5-1) ...
Setting up libxau6:amd64 (1:1.0.8-1+b2) ...
Setting up autopoint (0.19.8.1-6) ...
Setting up libmpdec2:amd64 (2.4.2-2) ...
Setting up libdbus-1-3:amd64 (1.12.8-1) ...
Setting up libavahi-common-data:amd64 (0.7-4) ...
Setting up libfile-stripnondeterminism-perl (0.041-1) ...
Setting up default-jdk-doc (2:1.10-65) ...
Setting up libpython3.6-stdlib:amd64 (3.6.5-5) ...
Setting up libstax-java (1.2.0-4) ...
Setting up python3.6 (3.6.5-5) ...
Setting up gettext (0.19.8.1-6) ...
Setting up libnss3:amd64 (2:3.36.1-1) ...
Setting up autoconf (2.69-11) ...
Setting up file (1:5.33-2) ...
Setting up libkrb5support0:amd64 (1.16-2) ...
Setting up intltool-debian (0.35.0+20060710.4) ...
Setting up automake (1:1.15.1-3.1) ...
update-alternatives: using /usr/bin/automake-1.15 to provide /usr/bin/automake (automake) in auto mode
Setting up man-db (2.8.3-2) ...
Not building database; man-db/auto-update is not 'true'.
Setting up libavahi-common3:amd64 (0.7-4) ...
Setting up libncurses-dev:amd64 (6.1+20180210-2) ...
Setting up libxcb1:amd64 (1.13-1) ...
Setting up libtool (2.4.6-2.1) ...
Setting up libpython3-stdlib:amd64 (3.6.5-3) ...
Setting up libk5crypto3:amd64 (1.16-2) ...
Setting up po-debconf (1.0.20) ...
Setting up python3 (3.6.5-3) ...
Setting up libx11-6:amd64 (2:1.6.5-1) ...
Setting up devscripts (2.18.2) ...
Setting up libncurses5-dev:amd64 (6.1+20180210-2) ...
Setting up libxrender1:amd64 (1:0.9.10-1) ...
Setting up libavahi-client3:amd64 (0.7-4) ...
Setting up libkrb5-3:amd64 (1.16-2) ...
Setting up libxext6:amd64 (2:1.3.3-1+b2) ...
Setting up libgssapi-krb5-2:amd64 (1.16-2) ...
Setting up libcups2:amd64 (2.2.7-3) ...
Setting up libxi6:amd64 (2:1.7.9-1) ...
Setting up libxtst6:amd64 (2:1.2.3-1) ...
Setting up default-jre-headless (2:1.10-65) ...
Setting up openjdk-10-jre-headless:amd64 (10.0.1+10-3) ...
update-alternatives: using /usr/lib/jvm/java-10-openjdk-amd64/bin/rmid to provide /usr/bin/rmid (rmid) in auto mode
update-alternatives: using /usr/lib/jvm/java-10-openjdk-amd64/bin/java to provide /usr/bin/java (java) in auto mode
update-alternatives: using /usr/lib/jvm/java-10-openjdk-amd64/bin/keytool to provide /usr/bin/keytool (keytool) in auto mode
update-alternatives: using /usr/lib/jvm/java-10-openjdk-amd64/bin/jjs to provide /usr/bin/jjs (jjs) in auto mode
update-alternatives: using /usr/lib/jvm/java-10-openjdk-amd64/bin/pack200 to provide /usr/bin/pack200 (pack200) in auto mode
update-alternatives: using /usr/lib/jvm/java-10-openjdk-amd64/bin/rmiregistry to provide /usr/bin/rmiregistry (rmiregistry) in auto mode
update-alternatives: using /usr/lib/jvm/java-10-openjdk-amd64/bin/unpack200 to provide /usr/bin/unpack200 (unpack200) in auto mode
update-alternatives: using /usr/lib/jvm/java-10-openjdk-amd64/bin/orbd to provide /usr/bin/orbd (orbd) in auto mode
update-alternatives: using /usr/lib/jvm/java-10-openjdk-amd64/bin/servertool to provide /usr/bin/servertool (servertool) in auto mode
update-alternatives: using /usr/lib/jvm/java-10-openjdk-amd64/bin/tnameserv to provide /usr/bin/tnameserv (tnameserv) in auto mode
update-alternatives: using /usr/lib/jvm/java-10-openjdk-amd64/lib/jexec to provide /usr/bin/jexec (jexec) in auto mode
Setting up ca-certificates-java (20180413) ...
Adding debian:GlobalSign_Root_CA.pem
Warning: there was a problem reading the certificate file /etc/ssl/certs/NetLock_Arany_=Class_Gold=_F?tan?s?tv?ny.pem. Message:
  /etc/ssl/certs/NetLock_Arany_=Class_Gold=_F?tan?s?tv?ny.pem (No such file or directory)
Adding debian:D-TRUST_Root_Class_3_CA_2_2009.pem
Adding debian:Global_Chambersign_Root_-_2008.pem
Adding debian:Security_Communication_Root_CA.pem
Adding debian:Visa_eCommerce_Root.pem
Adding debian:GeoTrust_Primary_Certification_Authority.pem
Adding debian:Verisign_Class_3_Public_Primary_Certification_Authority_-_G3.pem
Adding debian:Atos_TrustedRoot_2011.pem
Adding debian:GeoTrust_Primary_Certification_Authority_-_G3.pem
Adding debian:Cybertrust_Global_Root.pem
Adding debian:IdenTrust_Commercial_Root_CA_1.pem
Adding debian:DigiCert_Assured_ID_Root_G3.pem
Adding debian:AddTrust_External_Root.pem
Adding debian:Staat_der_Nederlanden_EV_Root_CA.pem
Adding debian:Starfield_Services_Root_Certificate_Authority_-_G2.pem
Adding debian:Chambers_of_Commerce_Root_-_2008.pem
Adding debian:SecureTrust_CA.pem
Adding debian:Starfield_Root_Certificate_Authority_-_G2.pem
Adding debian:CA_Disig_Root_R2.pem
Adding debian:Entrust_Root_Certification_Authority.pem
Adding debian:SwissSign_Silver_CA_-_G2.pem
Adding debian:AffirmTrust_Premium_ECC.pem
Adding debian:Certinomis_-_Root_CA.pem
Adding debian:Network_Solutions_Certificate_Authority.pem
Adding debian:T-TeleSec_GlobalRoot_Class_3.pem
Adding debian:VeriSign_Class_3_Public_Primary_Certification_Authority_-_G5.pem
Adding debian:AC_RAIZ_FNMT-RCM.pem
Adding debian:EE_Certification_Centre_Root_CA.pem
Adding debian:ePKI_Root_Certification_Authority.pem
Adding debian:TrustCor_ECA-1.pem
Adding debian:Certum_Trusted_Network_CA.pem
Adding debian:SZAFIR_ROOT_CA2.pem
Adding debian:GlobalSign_Root_CA_-_R2.pem
Adding debian:VeriSign_Class_3_Public_Primary_Certification_Authority_-_G4.pem
Adding debian:OpenTrust_Root_CA_G3.pem
Adding debian:IdenTrust_Public_Sector_Root_CA_1.pem
Adding debian:Autoridad_de_Certificacion_Firmaprofesional_CIF_A62634068.pem
Adding debian:DigiCert_Global_Root_CA.pem
Adding debian:Hellenic_Academic_and_Research_Institutions_RootCA_2015.pem
Adding debian:E-Tugra_Certification_Authority.pem
Adding debian:Hongkong_Post_Root_CA_1.pem
Adding debian:Secure_Global_CA.pem
Adding debian:GlobalSign_ECC_Root_CA_-_R4.pem
Adding debian:Amazon_Root_CA_1.pem
Adding debian:D-TRUST_Root_Class_3_CA_2_EV_2009.pem
Adding debian:AffirmTrust_Premium.pem
Adding debian:QuoVadis_Root_CA.pem
Adding debian:Buypass_Class_3_Root_CA.pem
Adding debian:TrustCor_RootCert_CA-1.pem
Adding debian:Hellenic_Academic_and_Research_Institutions_RootCA_2011.pem
Adding debian:CFCA_EV_ROOT.pem
Adding debian:SSL.com_Root_Certification_Authority_ECC.pem
Adding debian:QuoVadis_Root_CA_1_G3.pem
Adding debian:DST_Root_CA_X3.pem
Adding debian:USERTrust_ECC_Certification_Authority.pem
Adding debian:COMODO_ECC_Certification_Authority.pem
Adding debian:GlobalSign_ECC_Root_CA_-_R5.pem
Adding debian:LuxTrust_Global_Root_2.pem
Adding debian:DigiCert_Assured_ID_Root_G2.pem
Adding debian:certSIGN_ROOT_CA.pem
Adding debian:T-TeleSec_GlobalRoot_Class_2.pem
Adding debian:SecureSign_RootCA11.pem
Adding debian:XRamp_Global_CA_Root.pem
Adding debian:ACCVRAIZ1.pem
Adding debian:Comodo_AAA_Services_root.pem
Adding debian:Baltimore_CyberTrust_Root.pem
Adding debian:Certum_Trusted_Network_CA_2.pem
Adding debian:thawte_Primary_Root_CA_-_G3.pem
Adding debian:GeoTrust_Global_CA.pem
Adding debian:Buypass_Class_2_Root_CA.pem
Adding debian:DigiCert_Global_Root_G2.pem
Adding debian:thawte_Primary_Root_CA.pem
Adding debian:OpenTrust_Root_CA_G1.pem
Adding debian:Entrust.net_Premium_2048_Secure_Server_CA.pem
Adding debian:Sonera_Class_2_Root_CA.pem
Adding debian:DigiCert_Trusted_Root_G4.pem
Adding debian:Microsec_e-Szigno_Root_CA_2009.pem
Adding debian:DigiCert_High_Assurance_EV_Root_CA.pem
Adding debian:Actalis_Authentication_Root_CA.pem
Adding debian:GeoTrust_Universal_CA.pem
Adding debian:Go_Daddy_Root_Certificate_Authority_-_G2.pem
Adding debian:AffirmTrust_Commercial.pem
Adding debian:Certplus_Root_CA_G2.pem
Adding debian:GeoTrust_Primary_Certification_Authority_-_G2.pem
Adding debian:EC-ACC.pem
Adding debian:ISRG_Root_X1.pem
Adding debian:SwissSign_Gold_CA_-_G2.pem
Adding debian:Amazon_Root_CA_2.pem
Adding debian:DigiCert_Global_Root_G3.pem
Adding debian:Go_Daddy_Class_2_CA.pem
Adding debian:Certigna.pem
Adding debian:TWCA_Global_Root_CA.pem
Adding debian:SSL.com_EV_Root_Certification_Authority_RSA_R2.pem
Adding debian:TeliaSonera_Root_CA_v1.pem
Adding debian:USERTrust_RSA_Certification_Authority.pem
Adding debian:Hellenic_Academic_and_Research_Institutions_ECC_RootCA_2015.pem
Adding debian:Amazon_Root_CA_3.pem
Adding debian:Entrust_Root_Certification_Authority_-_G2.pem
Adding debian:VeriSign_Universal_Root_Certification_Authority.pem
Adding debian:thawte_Primary_Root_CA_-_G2.pem
Adding debian:QuoVadis_Root_CA_2_G3.pem
Adding debian:COMODO_RSA_Certification_Authority.pem
Adding debian:GeoTrust_Universal_CA_2.pem
Adding debian:Staat_der_Nederlanden_Root_CA_-_G3.pem
Adding debian:OISTE_WISeKey_Global_Root_GB_CA.pem
Adding debian:Deutsche_Telekom_Root_CA_2.pem
Adding debian:Security_Communication_RootCA2.pem
Adding debian:Certplus_Root_CA_G1.pem
Adding debian:QuoVadis_Root_CA_3.pem
Adding debian:QuoVadis_Root_CA_3_G3.pem
Adding debian:TWCA_Root_Certification_Authority.pem
Adding debian:OISTE_WISeKey_Global_Root_GA_CA.pem
Adding debian:GDCA_TrustAUTH_R5_ROOT.pem
Adding debian:Entrust_Root_Certification_Authority_-_EC1.pem
Adding debian:SSL.com_Root_Certification_Authority_RSA.pem
Adding debian:Certplus_Class_2_Primary_CA.pem
Warning: there was a problem reading the certificate file /etc/ssl/certs/T?RKTRUST_Elektronik_Sertifika_Hizmet_Sa?lay?c?s?_H5.pem. Message:
  /etc/ssl/certs/T?RKTRUST_Elektronik_Sertifika_Hizmet_Sa?lay?c?s?_H5.pem (No such file or directory)
Adding debian:QuoVadis_Root_CA_2.pem
Adding debian:Amazon_Root_CA_4.pem
Adding debian:AffirmTrust_Networking.pem
Adding debian:Izenpe.com.pem
Adding debian:TUBITAK_Kamu_SM_SSL_Kok_Sertifikasi_-_Surum_1.pem
Adding debian:Staat_der_Nederlanden_Root_CA_-_G2.pem
Adding debian:TrustCor_RootCert_CA-2.pem
Adding debian:DigiCert_Assured_ID_Root_CA.pem
Adding debian:SSL.com_EV_Root_Certification_Authority_ECC.pem
Adding debian:Starfield_Class_2_CA.pem
Adding debian:Taiwan_GRCA.pem
Adding debian:OpenTrust_Root_CA_G2.pem
Adding debian:Trustis_FPS_Root_CA.pem
Adding debian:GlobalSign_Root_CA_-_R3.pem
Adding debian:COMODO_Certification_Authority.pem
done.
Setting up dh-autoreconf (17) ...
Setting up openjdk-10-jdk-headless:amd64 (10.0.1+10-3) ...
update-alternatives: using /usr/lib/jvm/java-10-openjdk-amd64/bin/jlink to provide /usr/bin/jlink (jlink) in auto mode
update-alternatives: using /usr/lib/jvm/java-10-openjdk-amd64/bin/idlj to provide /usr/bin/idlj (idlj) in auto mode
update-alternatives: using /usr/lib/jvm/java-10-openjdk-amd64/bin/jdeps to provide /usr/bin/jdeps (jdeps) in auto mode
update-alternatives: using /usr/lib/jvm/java-10-openjdk-amd64/bin/wsimport to provide /usr/bin/wsimport (wsimport) in auto mode
update-alternatives: using /usr/lib/jvm/java-10-openjdk-amd64/bin/rmic to provide /usr/bin/rmic (rmic) in auto mode
update-alternatives: using /usr/lib/jvm/java-10-openjdk-amd64/bin/jinfo to provide /usr/bin/jinfo (jinfo) in auto mode
update-alternatives: using /usr/lib/jvm/java-10-openjdk-amd64/bin/jstat to provide /usr/bin/jstat (jstat) in auto mode
update-alternatives: using /usr/lib/jvm/java-10-openjdk-amd64/bin/javac to provide /usr/bin/javac (javac) in auto mode
update-alternatives: using /usr/lib/jvm/java-10-openjdk-amd64/bin/jhsdb to provide /usr/bin/jhsdb (jhsdb) in auto mode
update-alternatives: using /usr/lib/jvm/java-10-openjdk-amd64/bin/jstack to provide /usr/bin/jstack (jstack) in auto mode
update-alternatives: using /usr/lib/jvm/java-10-openjdk-amd64/bin/jrunscript to provide /usr/bin/jrunscript (jrunscript) in auto mode
update-alternatives: using /usr/lib/jvm/java-10-openjdk-amd64/bin/javadoc to provide /usr/bin/javadoc (javadoc) in auto mode
update-alternatives: using /usr/lib/jvm/java-10-openjdk-amd64/bin/jmod to provide /usr/bin/jmod (jmod) in auto mode
update-alternatives: using /usr/lib/jvm/java-10-openjdk-amd64/bin/javap to provide /usr/bin/javap (javap) in auto mode
update-alternatives: using /usr/lib/jvm/java-10-openjdk-amd64/bin/jar to provide /usr/bin/jar (jar) in auto mode
update-alternatives: using /usr/lib/jvm/java-10-openjdk-amd64/bin/jaotc to provide /usr/bin/jaotc (jaotc) in auto mode
update-alternatives: using /usr/lib/jvm/java-10-openjdk-amd64/bin/schemagen to provide /usr/bin/schemagen (schemagen) in auto mode
update-alternatives: using /usr/lib/jvm/java-10-openjdk-amd64/bin/jshell to provide /usr/bin/jshell (jshell) in auto mode
update-alternatives: using /usr/lib/jvm/java-10-openjdk-amd64/bin/jps to provide /usr/bin/jps (jps) in auto mode
update-alternatives: using /usr/lib/jvm/java-10-openjdk-amd64/bin/xjc to provide /usr/bin/xjc (xjc) in auto mode
update-alternatives: using /usr/lib/jvm/java-10-openjdk-amd64/bin/jmap to provide /usr/bin/jmap (jmap) in auto mode
update-alternatives: using /usr/lib/jvm/java-10-openjdk-amd64/bin/jdeprscan to provide /usr/bin/jdeprscan (jdeprscan) in auto mode
update-alternatives: using /usr/lib/jvm/java-10-openjdk-amd64/bin/jimage to provide /usr/bin/jimage (jimage) in auto mode
update-alternatives: using /usr/lib/jvm/java-10-openjdk-amd64/bin/jstatd to provide /usr/bin/jstatd (jstatd) in auto mode
update-alternatives: using /usr/lib/jvm/java-10-openjdk-amd64/bin/jdb to provide /usr/bin/jdb (jdb) in auto mode
update-alternatives: using /usr/lib/jvm/java-10-openjdk-amd64/bin/serialver to provide /usr/bin/serialver (serialver) in auto mode
update-alternatives: using /usr/lib/jvm/java-10-openjdk-amd64/bin/wsgen to provide /usr/bin/wsgen (wsgen) in auto mode
update-alternatives: using /usr/lib/jvm/java-10-openjdk-amd64/bin/jcmd to provide /usr/bin/jcmd (jcmd) in auto mode
update-alternatives: using /usr/lib/jvm/java-10-openjdk-amd64/bin/jarsigner to provide /usr/bin/jarsigner (jarsigner) in auto mode
Setting up dh-strip-nondeterminism (0.041-1) ...
Setting up maven-repo-helper (1.9.2) ...
Setting up default-jdk-headless (2:1.10-65) ...
Setting up debhelper (11.2.1) ...
Setting up javahelper (0.63) ...
Setting up sbuild-build-depends-libnative-platform-java-dummy (0.invalid.0) ...
Processing triggers for libc-bin (2.27-3) ...
Processing triggers for ca-certificates (20180409) ...
Updating certificates in /etc/ssl/certs...
0 added, 0 removed; done.
Running hooks in /etc/ca-certificates/update.d...

done.
done.

+------------------------------------------------------------------------------+
| Build environment                                                            |
+------------------------------------------------------------------------------+

Kernel: Linux 4.9.0-5-amd64 amd64 (x86_64)
Toolchain package versions: binutils_2.30-16 dpkg-dev_1.19.0.5 g++-7_7.3.0-17 gcc-7_7.3.0-17 libc6-dev_2.27-3 libstdc++-7-dev_7.3.0-17 libstdc++6_8-20180425-1 linux-libc-dev_4.15.17-1
Package versions: adduser_3.117 apt_1.6.1 autoconf_2.69-11 automake_1:1.15.1-3.1 autopoint_0.19.8.1-6 autotools-dev_20180224.1 base-files_10.1 base-passwd_3.5.45 bash_4.4.18-2 binutils_2.30-16 binutils-common_2.30-16 binutils-x86-64-linux-gnu_2.30-16 bsdmainutils_11.1.2 bsdutils_1:2.31.1-0.5 build-essential_12.5 bzip2_1.0.6-8.1 ca-certificates_20180409 ca-certificates-java_20180413 clang-6.0_1:6.0-3 coreutils_8.28-1 cpp_4:7.3.0-3 cpp-7_7.3.0-17 dash_0.5.8-2.10 dctrl-tools_2.24-2+b1 debconf_1.5.66 debfoster_2.7-2.1+b1 debhelper_11.2.1 debian-archive-keyring_2017.7 debianutils_4.8.4 default-jdk-doc_2:1.10-65 default-jdk-headless_2:1.10-65 default-jre-headless_2:1.10-65 devscripts_2.18.2 dh-autoreconf_17 dh-strip-nondeterminism_0.041-1 diffutils_1:3.6-1 dpkg_1.19.0.5 dpkg-dev_1.19.0.5 e2fslibs_1.44.1-2 e2fsprogs_1.44.1-2 eatmydata_105-6 fakeroot_1.22-2 fdisk_2.31.1-0.5 file_1:5.33-2 findutils_4.6.0+git+20171230-2 g++_4:7.3.0-3 g++-7_7.3.0-17 gcc_4:7.3.0-3 gcc-6-base_6.4.0-17 gcc-7_7.3.0-17 gcc-7-base_7.3.0-17 gcc-8-base_8-20180425-1 gettext_0.19.8.1-6 gettext-base_0.19.8.1-6 gpgv_2.2.5-1 grep_3.1-2 groff-base_1.22.3-10 gzip_1.6-5+b1 hostname_3.20 init-system-helpers_1.51 intltool-debian_0.35.0+20060710.4 java-common_0.65 javahelper_0.63 lib32gcc1_1:8-20180425-1 lib32stdc++6_8-20180425-1 libacl1_2.2.52-3+b1 libapt-pkg5.0_1.6.1 libarchive-zip-perl_1.60-1 libasan4_7.3.0-17 libatomic1_8-20180425-1 libattr1_1:2.4.47-2+b2 libaudit-common_1:2.8.3-1 libaudit1_1:2.8.3-1 libavahi-client3_0.7-4 libavahi-common-data_0.7-4 libavahi-common3_0.7-4 libbinutils_2.30-16 libblkid1_2.31.1-0.5 libbsd0_0.8.7-1 libbz2-1.0_1.0.6-8.1 libc-bin_2.27-3 libc-dev-bin_2.27-3 libc6_2.27-3 libc6-dev_2.27-3 libc6-i386_2.27-3 libcap-ng0_0.7.9-1 libcc1-0_8-20180425-1 libcilkrts5_7.3.0-17 libclang-common-6.0-dev_1:6.0-3 libclang1-6.0_1:6.0-3 libcom-err2_1.44.1-2 libcomerr2_1.44.1-2 libcroco3_0.6.12-2 libcups2_2.2.7-3 libdb5.3_5.3.28-13.1+b1 libdbus-1-3_1.12.8-1 libdebconfclient0_0.243 libdpkg-perl_1.19.0.5 libeatmydata1_105-6 libedit2_3.1-20170329-1 libexpat1_2.2.5-3 libext2fs2_1.44.1-2 libfakeroot_1.22-2 libfdisk1_2.31.1-0.5 libffi6_3.2.1-8 libfile-homedir-perl_1.002-1 libfile-stripnondeterminism-perl_0.041-1 libfile-which-perl_1.21-1 libfreetype6_2.8.1-2 libgc1c2_1:7.4.2-8.2 libgcc-7-dev_7.3.0-17 libgcc1_1:8-20180425-1 libgcrypt20_1.8.2-2 libgdbm-compat4_1.14.1-6 libgdbm3_1.8.3-14 libgdbm5_1.14.1-6 libglib2.0-0_2.56.1-2 libgmp10_2:6.1.2+dfsg-3 libgnutls30_3.5.18-1 libgomp1_8-20180425-1 libgpg-error0_1.29-4 libgssapi-krb5-2_1.16-2 libhogweed4_3.4-1 libicu57_57.1-9 libidn2-0_2.0.4-1.1 libisl15_0.18-4 libisl19_0.19-1 libitm1_8-20180425-1 libjaxp1.3-java_1.3.05-5 libjpeg62-turbo_1:1.5.2-2+b1 libjsoncpp1_1.7.4-3 libk5crypto3_1.16-2 libkeyutils1_1.5.9-9.2 libkrb5-3_1.16-2 libkrb5support0_1.16-2 liblcms2-2_2.9-1 libllvm6.0_1:6.0-3 liblsan0_8-20180425-1 liblz4-1_1.8.1.2-1 liblzma5_5.2.2-1.3 libmagic-mgc_1:5.33-2 libmagic1_1:5.33-2 libmount1_2.31.1-0.5 libmpc3_1.1.0-1 libmpdec2_2.4.2-2 libmpfr4_3.1.6-1 libmpfr6_4.0.1-1 libmpx2_8-20180425-1 libncurses-dev_6.1+20180210-2 libncurses5_6.1+20180210-2 libncurses5-dev_6.1+20180210-2 libncurses6_6.1+20180210-2 libncursesw5_6.1+20180210-2 libncursesw6_6.1+20180210-2 libnettle6_3.4-1 libnspr4_2:4.19-1 libnss3_2:3.36.1-1 libobjc-7-dev_7.3.0-17 libobjc4_8-20180425-1 libp11-kit0_0.23.10-2 libpam-modules_1.1.8-3.7 libpam-modules-bin_1.1.8-3.7 libpam-runtime_1.1.8-3.7 libpam0g_1.1.8-3.7 libpcre3_2:8.39-9 libpcsclite1_1.8.23-2 libperl5.26_5.26.2-3 libpipeline1_1.5.0-1 libpng16-16_1.6.34-1 libpython3-stdlib_3.6.5-3 libpython3.6-minimal_3.6.5-5 libpython3.6-stdlib_3.6.5-5 libquadmath0_8-20180425-1 libreadline7_7.0-3+b1 libseccomp2_2.3.3-1 libselinux1_2.7-2+b2 libsemanage-common_2.7-2 libsemanage1_2.7-2+b2 libsepol1_2.7-1 libsigsegv2_2.12-2 libsmartcols1_2.31.1-0.5 libsqlite3-0_3.23.1-1 libss2_1.44.1-2 libssl1.1_1.1.0h-2 libstax-java_1.2.0-4 libstdc++-7-dev_7.3.0-17 libstdc++6_8-20180425-1 libsystemd0_238-4 libtasn1-6_4.13-2 libtimedate-perl_2.3000-2 libtinfo5_6.1+20180210-2 libtinfo6_6.1+20180210-2 libtool_2.4.6-2.1 libtsan0_8-20180425-1 libubsan0_7.3.0-17 libudev1_238-4 libunistring2_0.9.8-1 libustr-1.0-1_1.0.4-6 libuuid1_2.31.1-0.5 libx11-6_2:1.6.5-1 libx11-data_2:1.6.5-1 libxau6_1:1.0.8-1+b2 libxcb1_1.13-1 libxdmcp6_1:1.1.2-3 libxext6_2:1.3.3-1+b2 libxi6_2:1.7.9-1 libxml2_2.9.4+dfsg1-6.1 libxrender1_1:0.9.10-1 libxtst6_2:1.2.3-1 libzstd1_1.3.4+dfsg-1 linux-libc-dev_4.15.17-1 login_1:4.5-1 lsb-base_9.20170808 m4_1.4.18-1 make_4.2.1-1 man-db_2.8.3-2 maven-repo-helper_1.9.2 mawk_1.3.3-17+b3 mime-support_3.60 mount_2.31.1-0.5 multiarch-support_2.27-3 ncurses-base_6.1+20180210-2 ncurses-bin_6.1+20180210-2 openjdk-10-doc_10.0.1+10-3 openjdk-10-jdk-headless_10.0.1+10-3 openjdk-10-jre-headless_10.0.1+10-3 openssl_1.1.0h-2 passwd_1:4.5-1 patch_2.7.6-2 perl_5.26.2-3 perl-base_5.26.2-3 perl-modules-5.26_5.26.2-3 po-debconf_1.0.20 python3_3.6.5-3 python3-minimal_3.6.5-3 python3.6_3.6.5-5 python3.6-minimal_3.6.5-5 readline-common_7.0-3 sbuild-build-depends-core-dummy_0.invalid.0 sbuild-build-depends-libnative-platform-java-dummy_0.invalid.0 sed_4.4-2 sensible-utils_0.0.12 sysvinit-utils_2.88dsf-59.10 tar_1.30+dfsg-1 util-linux_2.31.1-0.5 x11-common_1:7.7+19 xz-utils_5.2.2-1.3 zlib1g_1:1.2.11.dfsg-1

+------------------------------------------------------------------------------+
| Build                                                                        |
+------------------------------------------------------------------------------+


Unpack source
-------------

gpgv: unknown type of key resource 'trustedkeys.kbx'
gpgv: keyblock resource '/sbuild-nonexistent/.gnupg/trustedkeys.kbx': General error
gpgv: Signature made Fri Mar  9 14:20:25 2018 UTC
gpgv:                using RSA key B88A153ADD3D973F3B1FF79ADD1FAB8937FE9825
gpgv: Can't check signature: No public key
dpkg-source: warning: failed to verify signature on ./libnative-platform-java_0.14-3.dsc
dpkg-source: info: extracting libnative-platform-java in /<<PKGBUILDDIR>>
dpkg-source: info: unpacking libnative-platform-java_0.14.orig.tar.xz
dpkg-source: info: unpacking libnative-platform-java_0.14-3.debian.tar.xz
dpkg-source: info: applying native_locator_usr_lib_first.patch
dpkg-source: info: applying libname.diff

Check disk space
----------------

Sufficient free space for build

User Environment
----------------

APT_CONFIG=/var/lib/sbuild/apt.conf
HOME=/sbuild-nonexistent
LANG=en_US.UTF-8
LC_ALL=POSIX
LOGNAME=user42
PATH=/usr/local/sbin:/usr/local/bin:/usr/sbin:/usr/bin:/sbin:/bin:/usr/games
SCHROOT_ALIAS_NAME=unstable-amd64-sbuild
SCHROOT_CHROOT_NAME=unstable-amd64-sbuild
SCHROOT_COMMAND=env
SCHROOT_GID=1001
SCHROOT_GROUP=user42
SCHROOT_SESSION_ID=unstable-amd64-sbuild-6bf05993-a15f-4cf1-8a0a-20c7a1d2f811
SCHROOT_UID=1001
SCHROOT_USER=user42
SHELL=/bin/sh
USER=user42

dpkg-buildpackage
-----------------

dpkg-buildpackage: info: source package libnative-platform-java
dpkg-buildpackage: info: source version 0.14-3
dpkg-buildpackage: info: source distribution unstable
dpkg-buildpackage: info: source changed by Kai-Chung Yan () <seamlikok@gmail.com>
 dpkg-source --before-build libnative-platform-java-0.14
dpkg-buildpackage: info: host architecture amd64
 fakeroot debian/rules clean
dh clean --with maven-repo-helper,javahelper
   debian/rules override_dh_auto_clean
make[1]: Entering directory '/<<PKGBUILDDIR>>'
dh_auto_clean
rm -f -r debian/out
make[1]: Leaving directory '/<<PKGBUILDDIR>>'
   mh_clean
   jh_clean
   dh_clean
 debian/rules build-arch
dh build-arch --with maven-repo-helper,javahelper
   dh_update_autotools_config -a
   dh_autoreconf -a
   jh_linkjars -a
   debian/rules override_dh_auto_build
make[1]: Entering directory '/<<PKGBUILDDIR>>'
mkdir --parents debian/tmp
make -f debian/Makefile build
make[2]: Entering directory '/<<PKGBUILDDIR>>'
mkdir --parents debian/out/classes
javac -source 1.7 -target 1.7 -encoding UTF-8 -d debian/out/classes src/main/java/net/rubygrapefruit/platform/NoSuchFileException.java src/main/java/net/rubygrapefruit/platform/NativeIntegrationUnavailableException.java src/main/java/net/rubygrapefruit/platform/FileEvents.java src/main/java/net/rubygrapefruit/platform/FileSystemInfo.java src/main/java/net/rubygrapefruit/platform/ProcessLauncher.java src/main/java/net/rubygrapefruit/platform/package-info.java src/main/java/net/rubygrapefruit/platform/NativeIntegration.java src/main/java/net/rubygrapefruit/platform/SystemInfo.java src/main/java/net/rubygrapefruit/platform/FileInfo.java src/main/java/net/rubygrapefruit/platform/Terminals.java src/main/java/net/rubygrapefruit/platform/WindowsFiles.java src/main/java/net/rubygrapefruit/platform/WindowsRegistry.java src/main/java/net/rubygrapefruit/platform/NotADirectoryException.java src/main/java/net/rubygrapefruit/platform/FileSystems.java src/main/java/net/rubygrapefruit/platform/OsxMemory.java src/main/java/net/rubygrapefruit/platform/MissingRegistryEntryException.java src/main/java/net/rubygrapefruit/platform/Native.java src/main/java/net/rubygrapefruit/platform/NativeException.java src/main/java/net/rubygrapefruit/platform/PosixFiles.java src/main/java/net/rubygrapefruit/platform/ResourceClosedException.java src/main/java/net/rubygrapefruit/platform/Files.java src/main/java/net/rubygrapefruit/platform/OsxMemoryInfo.java src/main/java/net/rubygrapefruit/platform/Process.java src/main/java/net/rubygrapefruit/platform/PosixFileInfo.java src/main/java/net/rubygrapefruit/platform/Terminal.java src/main/java/net/rubygrapefruit/platform/FilePermissionException.java src/main/java/net/rubygrapefruit/platform/DirEntry.java src/main/java/net/rubygrapefruit/platform/FileWatch.java src/main/java/net/rubygrapefruit/platform/internal/DefaultWindowsFiles.java src/main/java/net/rubygrapefruit/platform/internal/WindowsDirList.java src/main/java/net/rubygrapefruit/platform/internal/WindowsFileStat.java src/main/java/net/rubygrapefruit/platform/internal/DefaultProcess.java src/main/java/net/rubygrapefruit/platform/internal/Platform.java src/main/java/net/rubygrapefruit/platform/internal/AbstractFiles.java src/main/java/net/rubygrapefruit/platform/internal/DefaultFileSystemInfo.java src/main/java/net/rubygrapefruit/platform/internal/MutableTerminalSize.java src/main/java/net/rubygrapefruit/platform/internal/WindowsTerminals.java src/main/java/net/rubygrapefruit/platform/internal/WrapperTerminal.java src/main/java/net/rubygrapefruit/platform/internal/DefaultMemoryInfo.java src/main/java/net/rubygrapefruit/platform/internal/WrapperProcess.java src/main/java/net/rubygrapefruit/platform/internal/NativeLibraryLocator.java src/main/java/net/rubygrapefruit/platform/internal/FileSystemList.java src/main/java/net/rubygrapefruit/platform/internal/DefaultSystemInfo.java src/main/java/net/rubygrapefruit/platform/internal/TerminfoTerminals.java src/main/java/net/rubygrapefruit/platform/internal/DefaultFileEvents.java src/main/java/net/rubygrapefruit/platform/internal/DefaultPosixFiles.java src/main/java/net/rubygrapefruit/platform/internal/AbstractTerminal.java src/main/java/net/rubygrapefruit/platform/internal/AbstractTerminals.java src/main/java/net/rubygrapefruit/platform/internal/DefaultOsxMemoryInfo.java src/main/java/net/rubygrapefruit/platform/internal/DefaultWindowsRegistry.java src/main/java/net/rubygrapefruit/platform/internal/NativeLibraryLoader.java src/main/java/net/rubygrapefruit/platform/internal/PosixFileSystems.java src/main/java/net/rubygrapefruit/platform/internal/TerminalCapabilities.java src/main/java/net/rubygrapefruit/platform/internal/MutableSystemInfo.java src/main/java/net/rubygrapefruit/platform/internal/DefaultProcessLauncher.java src/main/java/net/rubygrapefruit/platform/internal/WindowsProcessLauncher.java src/main/java/net/rubygrapefruit/platform/internal/DirList.java src/main/java/net/rubygrapefruit/platform/internal/WrapperProcessLauncher.java src/main/java/net/rubygrapefruit/platform/internal/DefaultOsxMemory.java src/main/java/net/rubygrapefruit/platform/internal/DefaultMemory.java src/main/java/net/rubygrapefruit/platform/internal/AnsiTerminal.java src/main/java/net/rubygrapefruit/platform/internal/LibraryDef.java src/main/java/net/rubygrapefruit/platform/internal/FunctionResult.java src/main/java/net/rubygrapefruit/platform/internal/WindowsTerminal.java src/main/java/net/rubygrapefruit/platform/internal/FileStat.java src/main/java/net/rubygrapefruit/platform/internal/WindowsFileTime.java src/main/java/net/rubygrapefruit/platform/internal/TerminfoTerminal.java src/main/java/net/rubygrapefruit/platform/internal/jni/WindowsRegistryFunctions.java src/main/java/net/rubygrapefruit/platform/internal/jni/TerminfoFunctions.java src/main/java/net/rubygrapefruit/platform/internal/jni/PosixFileFunctions.java src/main/java/net/rubygrapefruit/platform/internal/jni/OsxMemoryFunctions.java src/main/java/net/rubygrapefruit/platform/internal/jni/WindowsHandleFunctions.java src/main/java/net/rubygrapefruit/platform/internal/jni/PosixFileSystemFunctions.java src/main/java/net/rubygrapefruit/platform/internal/jni/NativeLibraryFunctions.java src/main/java/net/rubygrapefruit/platform/internal/jni/FileEventFunctions.java src/main/java/net/rubygrapefruit/platform/internal/jni/PosixTerminalFunctions.java src/main/java/net/rubygrapefruit/platform/internal/jni/WindowsFileFunctions.java src/main/java/net/rubygrapefruit/platform/internal/jni/MemoryFunctions.java src/main/java/net/rubygrapefruit/platform/internal/jni/WindowsConsoleFunctions.java src/main/java/net/rubygrapefruit/platform/internal/jni/PosixProcessFunctions.java src/main/java/net/rubygrapefruit/platform/internal/jni/PosixTypeFunctions.java src/main/java/net/rubygrapefruit/platform/internal/MutableTypeInfo.java src/main/java/net/rubygrapefruit/platform/MemoryInfo.java src/main/java/net/rubygrapefruit/platform/Memory.java src/main/java/net/rubygrapefruit/platform/ThreadSafe.java src/main/java/net/rubygrapefruit/platform/TerminalSize.java src/main/java/net/rubygrapefruit/platform/NativeIntegrationLinkageException.java src/main/java/net/rubygrapefruit/platform/WindowsFileInfo.java debian/additionalSrc/PosixFile.java
warning: [options] bootstrap class path not set in conjunction with -source 7
Note: src/main/java/net/rubygrapefruit/platform/internal/WrapperProcess.java uses unchecked or unsafe operations.
Note: Recompile with -Xlint:unchecked for details.
1 warning
javah -o debian/out/native.h -classpath debian/out/classes \
      net.rubygrapefruit.platform.internal.jni.NativeLibraryFunctions \
      net.rubygrapefruit.platform.internal.jni.PosixFileFunctions \
      net.rubygrapefruit.platform.internal.jni.PosixFileSystemFunctions \
      net.rubygrapefruit.platform.internal.jni.PosixProcessFunctions \
      net.rubygrapefruit.platform.internal.jni.PosixTerminalFunctions \
      net.rubygrapefruit.platform.internal.jni.TerminfoFunctions \
      net.rubygrapefruit.platform.internal.jni.WindowsConsoleFunctions \
      net.rubygrapefruit.platform.internal.jni.WindowsHandleFunctions \
      net.rubygrapefruit.platform.internal.jni.WindowsRegistryFunctions \
      net.rubygrapefruit.platform.internal.jni.WindowsFileFunctions \
      net.rubygrapefruit.platform.internal.jni.FileEventFunctions \
      net.rubygrapefruit.platform.internal.jni.PosixTypeFunctions
make[2]: javah: Command not found
make[2]: *** [debian/Makefile:54: debian/out/native.h] Error 127
make[2]: Leaving directory '/<<PKGBUILDDIR>>'
make[1]: *** [debian/rules:12: override_dh_auto_build] Error 2
make[1]: Leaving directory '/<<PKGBUILDDIR>>'
make: *** [debian/rules:8: build-arch] Error 2
dpkg-buildpackage: error: debian/rules build-arch subprocess returned exit status 2
--------------------------------------------------------------------------------
Build finished at 2018-05-02T13:26:26Z

Finished
--------


+------------------------------------------------------------------------------+
| Cleanup                                                                      |
+------------------------------------------------------------------------------+

Purging /<<BUILDDIR>>
Not cleaning session: cloned chroot in use
E: Build failure (dpkg-buildpackage died)

+------------------------------------------------------------------------------+
| Summary                                                                      |
+------------------------------------------------------------------------------+

Build Architecture: amd64
Build Type: any
Build-Space: 1484
Build-Time: 2
Distribution: unstable
Fail-Stage: build
Host Architecture: amd64
Install-Time: 26
Job: libnative-platform-java_0.14-3
Machine Architecture: amd64
Package: libnative-platform-java
Package-Time: 42
Source-Version: 0.14-3
Space: 1484
Status: attempted
Version: 0.14-3
--------------------------------------------------------------------------------
Finished at 2018-05-02T13:26:26Z
Build needed 00:00:42, 1484k disk space
E: Build failure (dpkg-buildpackage died)
DC-Status: Failed 43.238339633s
