DC-Build-Header: libtuxcap 1.4.0.dfsg2-2.3 / 2018-05-02 13:01:04 +0000
DC-Task: type:rebuild-binarch-only source:libtuxcap version:1.4.0.dfsg2-2.3 chroot:unstable esttime:152 logfile:/tmp/libtuxcap_1.4.0.dfsg2-2.3_unstable_clang60.log modes:clang60:binarch-only
DC-Sbuild-call: su user42 -c 'sbuild -n --arch-any --apt-update -d unstable -v  --chroot-setup-commands=/tmp/clang60 libtuxcap_1.4.0.dfsg2-2.3'
sbuild (Debian sbuild) 0.73.0 (23 Dec 2016) on ip-172-31-4-197.eu-central-1.compute.internal

+==============================================================================+
| libtuxcap 1.4.0.dfsg2-2.3 (amd64)            Wed, 02 May 2018 13:01:04 +0000 |
+==============================================================================+

Package: libtuxcap
Version: 1.4.0.dfsg2-2.3
Source Version: 1.4.0.dfsg2-2.3
Distribution: unstable
Machine Architecture: amd64
Host Architecture: amd64
Build Architecture: amd64
Build Type: any

I: NOTICE: Log filtering will replace 'var/run/schroot/mount/unstable-amd64-sbuild-b323add0-c547-4de2-85e4-7b5d4f7822b1' with '<<CHROOT>>'

+------------------------------------------------------------------------------+
| Chroot Setup Commands                                                        |
+------------------------------------------------------------------------------+


/tmp/clang60
------------

+ echo 'Entering customization script...'
Entering customization script...
+ CLANG_VERSION=6.0
+ echo 'Install of clang-6.0'
Install of clang-6.0
+ apt-get update
Get:1 http://127.0.0.1:9999/debian unstable InRelease [242 kB]
Get:2 http://127.0.0.1:9999/debian unstable/main Sources.diff/Index [27.9 kB]
Get:3 http://127.0.0.1:9999/debian unstable/main amd64 Packages.diff/Index [27.9 kB]
Get:4 http://127.0.0.1:9999/debian unstable/main Sources 2018-05-02-0830.09.pdiff [16.2 kB]
Get:4 http://127.0.0.1:9999/debian unstable/main Sources 2018-05-02-0830.09.pdiff [16.2 kB]
Get:5 http://127.0.0.1:9999/debian unstable/main amd64 Packages 2018-05-02-0830.09.pdiff [1781 B]
Get:5 http://127.0.0.1:9999/debian unstable/main amd64 Packages 2018-05-02-0830.09.pdiff [1781 B]
Get:6 http://127.0.0.1:9999/debian unstable/main Translation-en [6016 kB]
Fetched 6332 kB in 2s (3392 kB/s)
Reading package lists...
+ apt-get install --yes --no-install-recommends --force-yes clang-6.0
Reading package lists...
Building dependency tree...
Reading state information...
The following additional packages will be installed:
  lib32gcc1 lib32stdc++6 libbsd0 libc6-i386 libclang-common-6.0-dev
  libclang1-6.0 libedit2 libjsoncpp1 libllvm6.0 libncurses5 libobjc-7-dev
  libobjc4
Suggested packages:
  gnustep gnustep-devel clang-6.0-doc
Recommended packages:
  llvm-6.0-dev python libomp-dev libgpm2
The following NEW packages will be installed:
  clang-6.0 lib32gcc1 lib32stdc++6 libbsd0 libc6-i386 libclang-common-6.0-dev
  libclang1-6.0 libedit2 libjsoncpp1 libllvm6.0 libncurses5 libobjc-7-dev
  libobjc4
0 upgraded, 13 newly installed, 0 to remove and 0 not upgraded.
Need to get 37.7 MB of archives.
After this operation, 187 MB of additional disk space will be used.
Get:1 http://127.0.0.1:9999/debian unstable/main amd64 libjsoncpp1 amd64 1.7.4-3 [75.6 kB]
Get:2 http://127.0.0.1:9999/debian unstable/main amd64 libbsd0 amd64 0.8.7-1 [92.1 kB]
Get:3 http://127.0.0.1:9999/debian unstable/main amd64 libncurses5 amd64 6.1+20180210-2 [95.7 kB]
Get:4 http://127.0.0.1:9999/debian unstable/main amd64 libedit2 amd64 3.1-20170329-1 [85.2 kB]
Get:5 http://127.0.0.1:9999/debian unstable/main amd64 libllvm6.0 amd64 1:6.0-3 [14.5 MB]
Get:6 http://127.0.0.1:9999/debian unstable/main amd64 libobjc4 amd64 8-20180425-1 [52.4 kB]
Get:7 http://127.0.0.1:9999/debian unstable/main amd64 libobjc-7-dev amd64 7.3.0-17 [204 kB]
Get:8 http://127.0.0.1:9999/debian unstable/main amd64 libc6-i386 amd64 2.27-3 [2855 kB]
Get:9 http://127.0.0.1:9999/debian unstable/main amd64 lib32gcc1 amd64 1:8-20180425-1 [47.8 kB]
Get:10 http://127.0.0.1:9999/debian unstable/main amd64 lib32stdc++6 amd64 8-20180425-1 [406 kB]
Get:11 http://127.0.0.1:9999/debian unstable/main amd64 libclang-common-6.0-dev amd64 1:6.0-3 [3102 kB]
Get:12 http://127.0.0.1:9999/debian unstable/main amd64 libclang1-6.0 amd64 1:6.0-3 [6995 kB]
Get:13 http://127.0.0.1:9999/debian unstable/main amd64 clang-6.0 amd64 1:6.0-3 [9175 kB]
debconf: delaying package configuration, since apt-utils is not installed
Fetched 37.7 MB in 0s (97.8 MB/s)
Selecting previously unselected package libjsoncpp1:amd64.
(Reading database ... (Reading database ... 5%(Reading database ... 10%(Reading database ... 15%(Reading database ... 20%(Reading database ... 25%(Reading database ... 30%(Reading database ... 35%(Reading database ... 40%(Reading database ... 45%(Reading database ... 50%(Reading database ... 55%(Reading database ... 60%(Reading database ... 65%(Reading database ... 70%(Reading database ... 75%(Reading database ... 80%(Reading database ... 85%(Reading database ... 90%(Reading database ... 95%(Reading database ... 100%(Reading database ... 10022 files and directories currently installed.)
Preparing to unpack .../00-libjsoncpp1_1.7.4-3_amd64.deb ...
Unpacking libjsoncpp1:amd64 (1.7.4-3) ...
Selecting previously unselected package libbsd0:amd64.
Preparing to unpack .../01-libbsd0_0.8.7-1_amd64.deb ...
Unpacking libbsd0:amd64 (0.8.7-1) ...
Selecting previously unselected package libncurses5:amd64.
Preparing to unpack .../02-libncurses5_6.1+20180210-2_amd64.deb ...
Unpacking libncurses5:amd64 (6.1+20180210-2) ...
Selecting previously unselected package libedit2:amd64.
Preparing to unpack .../03-libedit2_3.1-20170329-1_amd64.deb ...
Unpacking libedit2:amd64 (3.1-20170329-1) ...
Selecting previously unselected package libllvm6.0:amd64.
Preparing to unpack .../04-libllvm6.0_1%3a6.0-3_amd64.deb ...
Unpacking libllvm6.0:amd64 (1:6.0-3) ...
Selecting previously unselected package libobjc4:amd64.
Preparing to unpack .../05-libobjc4_8-20180425-1_amd64.deb ...
Unpacking libobjc4:amd64 (8-20180425-1) ...
Selecting previously unselected package libobjc-7-dev:amd64.
Preparing to unpack .../06-libobjc-7-dev_7.3.0-17_amd64.deb ...
Unpacking libobjc-7-dev:amd64 (7.3.0-17) ...
Selecting previously unselected package libc6-i386.
Preparing to unpack .../07-libc6-i386_2.27-3_amd64.deb ...
Unpacking libc6-i386 (2.27-3) ...
Selecting previously unselected package lib32gcc1.
Preparing to unpack .../08-lib32gcc1_1%3a8-20180425-1_amd64.deb ...
Unpacking lib32gcc1 (1:8-20180425-1) ...
Selecting previously unselected package lib32stdc++6.
Preparing to unpack .../09-lib32stdc++6_8-20180425-1_amd64.deb ...
Unpacking lib32stdc++6 (8-20180425-1) ...
Selecting previously unselected package libclang-common-6.0-dev.
Preparing to unpack .../10-libclang-common-6.0-dev_1%3a6.0-3_amd64.deb ...
Unpacking libclang-common-6.0-dev (1:6.0-3) ...
Selecting previously unselected package libclang1-6.0:amd64.
Preparing to unpack .../11-libclang1-6.0_1%3a6.0-3_amd64.deb ...
Unpacking libclang1-6.0:amd64 (1:6.0-3) ...
Selecting previously unselected package clang-6.0.
Preparing to unpack .../12-clang-6.0_1%3a6.0-3_amd64.deb ...
Unpacking clang-6.0 (1:6.0-3) ...
Setting up libncurses5:amd64 (6.1+20180210-2) ...
Setting up libobjc4:amd64 (8-20180425-1) ...
Setting up libc6-i386 (2.27-3) ...
Setting up libbsd0:amd64 (0.8.7-1) ...
Setting up libobjc-7-dev:amd64 (7.3.0-17) ...
Processing triggers for libc-bin (2.27-3) ...
Setting up lib32gcc1 (1:8-20180425-1) ...
Setting up libjsoncpp1:amd64 (1.7.4-3) ...
Setting up libedit2:amd64 (3.1-20170329-1) ...
Setting up libllvm6.0:amd64 (1:6.0-3) ...
Setting up libclang1-6.0:amd64 (1:6.0-3) ...
Setting up lib32stdc++6 (8-20180425-1) ...
Setting up libclang-common-6.0-dev (1:6.0-3) ...
Setting up clang-6.0 (1:6.0-3) ...
Processing triggers for libc-bin (2.27-3) ...
W: --force-yes is deprecated, use one of the options starting with --allow instead.
+ echo 'Replace gcc, g++ & cpp by clang'
Replace gcc, g++ & cpp by clang
+ VERSIONS='4.6 4.7 4.8 4.9 5 6 7 8'
+ cd /usr/bin
+ for VERSION in $VERSIONS
+ rm -f g++-4.6 gcc-4.6 cpp-4.6 gcc
+ ln -s clang++-6.0 g++-4.6
+ ln -s clang-6.0 gcc-4.6
+ ln -s clang-6.0 cpp-4.6
+ ln -s clang-6.0 gcc
+ echo 'gcc-4.6 hold'
+ dpkg --set-selections
dpkg: warning: package not in status nor available database at line 1: gcc-4.6
dpkg: warning: found unknown packages; this might mean the available database
is outdated, and needs to be updated through a frontend method;
please see the FAQ <https://wiki.debian.org/Teams/Dpkg/FAQ>
+ echo 'g++-4.6 hold'
+ dpkg --set-selections
dpkg: warning: package not in status nor available database at line 1: g++-4.6
dpkg: warning: found unknown packages; this might mean the available database
is outdated, and needs to be updated through a frontend method;
please see the FAQ <https://wiki.debian.org/Teams/Dpkg/FAQ>
+ for VERSION in $VERSIONS
+ rm -f g++-4.7 gcc-4.7 cpp-4.7 gcc
+ ln -s clang++-6.0 g++-4.7
+ ln -s clang-6.0 gcc-4.7
+ ln -s clang-6.0 cpp-4.7
+ ln -s clang-6.0 gcc
+ echo 'gcc-4.7 hold'
+ dpkg --set-selections
dpkg: warning: package not in status nor available database at line 1: gcc-4.7
dpkg: warning: found unknown packages; this might mean the available database
is outdated, and needs to be updated through a frontend method;
please see the FAQ <https://wiki.debian.org/Teams/Dpkg/FAQ>
+ echo 'g++-4.7 hold'
+ dpkg --set-selections
dpkg: warning: package not in status nor available database at line 1: g++-4.7
dpkg: warning: found unknown packages; this might mean the available database
is outdated, and needs to be updated through a frontend method;
please see the FAQ <https://wiki.debian.org/Teams/Dpkg/FAQ>
+ for VERSION in $VERSIONS
+ rm -f g++-4.8 gcc-4.8 cpp-4.8 gcc
+ ln -s clang++-6.0 g++-4.8
+ ln -s clang-6.0 gcc-4.8
+ ln -s clang-6.0 cpp-4.8
+ ln -s clang-6.0 gcc
+ echo 'gcc-4.8 hold'
+ dpkg --set-selections
dpkg: warning: package not in status nor available database at line 1: gcc-4.8
dpkg: warning: found unknown packages; this might mean the available database
is outdated, and needs to be updated through a frontend method;
please see the FAQ <https://wiki.debian.org/Teams/Dpkg/FAQ>
+ echo 'g++-4.8 hold'
+ dpkg --set-selections
dpkg: warning: package not in status nor available database at line 1: g++-4.8
dpkg: warning: found unknown packages; this might mean the available database
is outdated, and needs to be updated through a frontend method;
please see the FAQ <https://wiki.debian.org/Teams/Dpkg/FAQ>
+ for VERSION in $VERSIONS
+ rm -f g++-4.9 gcc-4.9 cpp-4.9 gcc
+ ln -s clang++-6.0 g++-4.9
+ ln -s clang-6.0 gcc-4.9
+ ln -s clang-6.0 cpp-4.9
+ ln -s clang-6.0 gcc
+ echo 'gcc-4.9 hold'
+ dpkg --set-selections
dpkg: warning: package not in status nor available database at line 1: gcc-4.9
dpkg: warning: found unknown packages; this might mean the available database
is outdated, and needs to be updated through a frontend method;
please see the FAQ <https://wiki.debian.org/Teams/Dpkg/FAQ>
+ echo 'g++-4.9 hold'
+ dpkg --set-selections
dpkg: warning: package not in status nor available database at line 1: g++-4.9
dpkg: warning: found unknown packages; this might mean the available database
is outdated, and needs to be updated through a frontend method;
please see the FAQ <https://wiki.debian.org/Teams/Dpkg/FAQ>
+ for VERSION in $VERSIONS
+ rm -f g++-5 gcc-5 cpp-5 gcc
+ ln -s clang++-6.0 g++-5
+ ln -s clang-6.0 gcc-5
+ ln -s clang-6.0 cpp-5
+ ln -s clang-6.0 gcc
+ echo 'gcc-5 hold'
+ dpkg --set-selections
+ echo 'g++-5 hold'
+ dpkg --set-selections
+ for VERSION in $VERSIONS
+ rm -f g++-6 gcc-6 cpp-6 gcc
+ ln -s clang++-6.0 g++-6
+ ln -s clang-6.0 gcc-6
+ ln -s clang-6.0 cpp-6
+ ln -s clang-6.0 gcc
+ echo 'gcc-6 hold'
+ dpkg --set-selections
dpkg: warning: package not in status nor available database at line 1: gcc-6
dpkg: warning: found unknown packages; this might mean the available database
is outdated, and needs to be updated through a frontend method;
please see the FAQ <https://wiki.debian.org/Teams/Dpkg/FAQ>
+ echo 'g++-6 hold'
+ dpkg --set-selections
dpkg: warning: package not in status nor available database at line 1: g++-6
dpkg: warning: found unknown packages; this might mean the available database
is outdated, and needs to be updated through a frontend method;
please see the FAQ <https://wiki.debian.org/Teams/Dpkg/FAQ>
+ for VERSION in $VERSIONS
+ rm -f g++-7 gcc-7 cpp-7 gcc
+ ln -s clang++-6.0 g++-7
+ ln -s clang-6.0 gcc-7
+ ln -s clang-6.0 cpp-7
+ ln -s clang-6.0 gcc
+ echo 'gcc-7 hold'
+ dpkg --set-selections
+ echo 'g++-7 hold'
+ dpkg --set-selections
+ for VERSION in $VERSIONS
+ rm -f g++-8 gcc-8 cpp-8 gcc
+ ln -s clang++-6.0 g++-8
+ ln -s clang-6.0 gcc-8
+ ln -s clang-6.0 cpp-8
+ ln -s clang-6.0 gcc
+ echo 'gcc-8 hold'
+ dpkg --set-selections
dpkg: warning: package not in status nor available database at line 1: gcc-8
dpkg: warning: found unknown packages; this might mean the available database
is outdated, and needs to be updated through a frontend method;
please see the FAQ <https://wiki.debian.org/Teams/Dpkg/FAQ>
+ echo 'g++-8 hold'
+ dpkg --set-selections
dpkg: warning: package not in status nor available database at line 1: g++-8
dpkg: warning: found unknown packages; this might mean the available database
is outdated, and needs to be updated through a frontend method;
please see the FAQ <https://wiki.debian.org/Teams/Dpkg/FAQ>
+ cd -
/build/libtuxcap-3CZcRb
+ echo 'Check if gcc, g++ & cpp are actually clang'
Check if gcc, g++ & cpp are actually clang
+ gcc --version
+ grep clang
+ cpp --version
+ grep clang
+ g++ --version
+ grep clang

I: Finished running '/tmp/clang60'.

Finished processing commands.
--------------------------------------------------------------------------------

+------------------------------------------------------------------------------+
| Update chroot                                                                |
+------------------------------------------------------------------------------+

Hit:1 http://127.0.0.1:9999/debian unstable InRelease
Reading package lists...
Reading package lists...
Building dependency tree...
Reading state information...
Calculating upgrade...
0 upgraded, 0 newly installed, 0 to remove and 0 not upgraded.

+------------------------------------------------------------------------------+
| Fetch source files                                                           |
+------------------------------------------------------------------------------+


Check APT
---------

Checking available source versions...

Download source files with APT
------------------------------

Reading package lists...
NOTICE: 'libtuxcap' packaging is maintained in the 'Svn' version control system at:
svn://svn.debian.org/svn/pkg-games/packages/trunk/libtuxcap/
Need to get 1138 kB of source archives.
Get:1 http://127.0.0.1:9999/debian unstable/main libtuxcap 1.4.0.dfsg2-2.3 (dsc) [2209 B]
Get:2 http://127.0.0.1:9999/debian unstable/main libtuxcap 1.4.0.dfsg2-2.3 (tar) [1125 kB]
Get:3 http://127.0.0.1:9999/debian unstable/main libtuxcap 1.4.0.dfsg2-2.3 (diff) [11.5 kB]
Fetched 1138 kB in 0s (6956 kB/s)
Download complete and in download only mode
I: NOTICE: Log filtering will replace 'build/libtuxcap-3CZcRb/libtuxcap-1.4.0.dfsg2' with '<<PKGBUILDDIR>>'
I: NOTICE: Log filtering will replace 'build/libtuxcap-3CZcRb' with '<<BUILDDIR>>'

+------------------------------------------------------------------------------+
| Install build-essential                                                      |
+------------------------------------------------------------------------------+


Setup apt archive
-----------------

Merged Build-Depends: build-essential, fakeroot
Filtered Build-Depends: build-essential, fakeroot
dpkg-deb: building package 'sbuild-build-depends-core-dummy' in '/<<BUILDDIR>>/resolver-o4uSzN/apt_archive/sbuild-build-depends-core-dummy.deb'.
dpkg-scanpackages: warning: Packages in archive but missing from override file:
dpkg-scanpackages: warning:   sbuild-build-depends-core-dummy
dpkg-scanpackages: info: Wrote 1 entries to output Packages file.
Ign:1 copy:/<<BUILDDIR>>/resolver-o4uSzN/apt_archive ./ InRelease
Get:2 copy:/<<BUILDDIR>>/resolver-o4uSzN/apt_archive ./ Release [957 B]
Ign:3 copy:/<<BUILDDIR>>/resolver-o4uSzN/apt_archive ./ Release.gpg
Get:4 copy:/<<BUILDDIR>>/resolver-o4uSzN/apt_archive ./ Sources [349 B]
Get:5 copy:/<<BUILDDIR>>/resolver-o4uSzN/apt_archive ./ Packages [429 B]
Fetched 1735 B in 0s (0 B/s)
Reading package lists...
Reading package lists...

Install core build dependencies (apt-based resolver)
----------------------------------------------------

Installing build dependencies
Reading package lists...
Building dependency tree...
Reading state information...
The following NEW packages will be installed:
  sbuild-build-depends-core-dummy
0 upgraded, 1 newly installed, 0 to remove and 0 not upgraded.
Need to get 856 B of archives.
After this operation, 0 B of additional disk space will be used.
Get:1 copy:/<<BUILDDIR>>/resolver-o4uSzN/apt_archive ./ sbuild-build-depends-core-dummy 0.invalid.0 [856 B]
debconf: delaying package configuration, since apt-utils is not installed
Fetched 856 B in 0s (0 B/s)
Selecting previously unselected package sbuild-build-depends-core-dummy.
(Reading database ... 10771 files and directories currently installed.)
Preparing to unpack .../sbuild-build-depends-core-dummy_0.invalid.0_amd64.deb ...
Unpacking sbuild-build-depends-core-dummy (0.invalid.0) ...
Setting up sbuild-build-depends-core-dummy (0.invalid.0) ...

+------------------------------------------------------------------------------+
| Check architectures                                                          |
+------------------------------------------------------------------------------+

Arch check ok (amd64 included in any)

+------------------------------------------------------------------------------+
| Install package build dependencies                                           |
+------------------------------------------------------------------------------+


Setup apt archive
-----------------

Merged Build-Depends: debhelper (>= 7), dh-buildinfo, quilt, cmake, libsdl1.2-dev, libsdl-mixer1.2-dev, libgl1-mesa-dev, libglu1-mesa-dev, libmagickwand-dev, libmagick++-dev, python-dev
Filtered Build-Depends: debhelper (>= 7), dh-buildinfo, quilt, cmake, libsdl1.2-dev, libsdl-mixer1.2-dev, libgl1-mesa-dev, libglu1-mesa-dev, libmagickwand-dev, libmagick++-dev, python-dev
dpkg-deb: building package 'sbuild-build-depends-libtuxcap-dummy' in '/<<BUILDDIR>>/resolver-o4uSzN/apt_archive/sbuild-build-depends-libtuxcap-dummy.deb'.
dpkg-scanpackages: warning: Packages in archive but missing from override file:
dpkg-scanpackages: warning:   sbuild-build-depends-core-dummy sbuild-build-depends-libtuxcap-dummy
dpkg-scanpackages: info: Wrote 2 entries to output Packages file.
Ign:1 copy:/<<BUILDDIR>>/resolver-o4uSzN/apt_archive ./ InRelease
Get:2 copy:/<<BUILDDIR>>/resolver-o4uSzN/apt_archive ./ Release [963 B]
Ign:3 copy:/<<BUILDDIR>>/resolver-o4uSzN/apt_archive ./ Release.gpg
Get:4 copy:/<<BUILDDIR>>/resolver-o4uSzN/apt_archive ./ Sources [554 B]
Get:5 copy:/<<BUILDDIR>>/resolver-o4uSzN/apt_archive ./ Packages [637 B]
Fetched 2154 B in 0s (0 B/s)
Reading package lists...
Reading package lists...

Install libtuxcap build dependencies (apt-based resolver)
---------------------------------------------------------

Installing build dependencies
Reading package lists...
Building dependency tree...
Reading state information...
The following additional packages will be installed:
  autoconf automake autopoint autotools-dev bsdmainutils cmake cmake-data
  debhelper dh-autoreconf dh-buildinfo dh-strip-nondeterminism diffstat file
  fontconfig fontconfig-config fonts-dejavu-core gettext gettext-base
  gir1.2-freedesktop gir1.2-gdkpixbuf-2.0 gir1.2-glib-2.0 gir1.2-rsvg-2.0
  groff-base icu-devtools imagemagick-6-common intltool-debian
  libarchive-zip-perl libarchive13 libasound2 libasound2-data libasound2-dev
  libasyncns0 libbz2-dev libcaca-dev libcaca0 libcairo-gobject2
  libcairo-script-interpreter2 libcairo2 libcairo2-dev libcap2 libcroco3
  libcurl3 libdatrie1 libdbus-1-3 libdjvulibre-dev libdjvulibre-text
  libdjvulibre21 libdrm-amdgpu1 libdrm-common libdrm-dev libdrm-intel1
  libdrm-nouveau2 libdrm-radeon1 libdrm2 libegl-mesa0 libegl1 libelf1
  libexif-dev libexif12 libexpat1 libexpat1-dev libfftw3-double3
  libfile-stripnondeterminism-perl libflac-dev libflac8 libfluidsynth1
  libfontconfig1 libfontconfig1-dev libfreetype6 libfreetype6-dev libfribidi0
  libgbm1 libgdk-pixbuf2.0-0 libgdk-pixbuf2.0-common libgdk-pixbuf2.0-dev
  libgirepository-1.0-1 libgl1 libgl1-mesa-dev libgl1-mesa-dri libgl1-mesa-glx
  libglapi-mesa libgles2 libglib2.0-0 libglib2.0-bin libglib2.0-data
  libglib2.0-dev libglib2.0-dev-bin libglu1-mesa libglu1-mesa-dev
  libglvnd-core-dev libglvnd-dev libglvnd0 libglx-mesa0 libglx0 libgraphite2-3
  libgssapi-krb5-2 libharfbuzz0b libice-dev libice6 libicu-dev libicu57
  libilmbase-dev libilmbase23 libjack-jackd2-0 libjbig-dev libjbig0
  libjpeg-dev libjpeg62-turbo libjpeg62-turbo-dev libk5crypto3 libkeyutils1
  libkrb5-3 libkrb5support0 liblcms2-2 liblcms2-dev libldap-2.4-2
  libldap-common libllvm5.0 liblqr-1-0 liblqr-1-0-dev libltdl-dev libltdl7
  liblzma-dev liblzo2-2 libmad0 libmad0-dev libmagic-mgc libmagic1
  libmagick++-6-headers libmagick++-6.q16-8 libmagick++-6.q16-dev
  libmagick++-dev libmagickcore-6-arch-config libmagickcore-6-headers
  libmagickcore-6.q16-5 libmagickcore-6.q16-5-extra libmagickcore-6.q16-dev
  libmagickwand-6-headers libmagickwand-6.q16-5 libmagickwand-6.q16-dev
  libmagickwand-dev libmikmod-config libmikmod-dev libmikmod3 libmpdec2
  libncursesw6 libnghttp2-14 libogg-dev libogg0 libopenal-data libopenal1
  libopenexr-dev libopenexr23 libopengl0 libopenjp2-7 libopenjp2-7-dev
  libopus0 libpango-1.0-0 libpangocairo-1.0-0 libpangoft2-1.0-0 libpciaccess0
  libpcre16-3 libpcre3-dev libpcre32-3 libpcrecpp0v5 libpipeline1
  libpixman-1-0 libpixman-1-dev libpng-dev libpng16-16 libprocps6 libpsl5
  libpthread-stubs0-dev libpulse-dev libpulse-mainloop-glib0 libpulse0
  libpython-dev libpython-stdlib libpython2.7 libpython2.7-dev
  libpython2.7-minimal libpython2.7-stdlib libpython3-stdlib
  libpython3.6-minimal libpython3.6-stdlib libreadline7 librhash0 librsvg2-2
  librsvg2-common librsvg2-dev librtmp1 libsamplerate0 libsasl2-2
  libsasl2-modules-db libsdl-mixer1.2 libsdl-mixer1.2-dev libsdl1.2-dev
  libsdl1.2debian libsdl2-2.0-0 libsensors4 libsigsegv2 libslang2
  libslang2-dev libsm-dev libsm6 libsndfile1 libsndio6.1 libsqlite3-0
  libssh2-1 libssl1.0.2 libssl1.1 libthai-data libthai0 libtiff-dev libtiff5
  libtiff5-dev libtiffxx5 libtimedate-perl libtool libuv1 libvorbis-dev
  libvorbis0a libvorbisenc2 libvorbisfile3 libwayland-client0
  libwayland-cursor0 libwayland-egl1-mesa libwayland-server0 libwmf-dev
  libwmf0.2-7 libwrap0 libx11-6 libx11-data libx11-dev libx11-xcb-dev
  libx11-xcb1 libxau-dev libxau6 libxcb-dri2-0 libxcb-dri2-0-dev libxcb-dri3-0
  libxcb-dri3-dev libxcb-glx0 libxcb-glx0-dev libxcb-present-dev
  libxcb-present0 libxcb-randr0 libxcb-randr0-dev libxcb-render0
  libxcb-render0-dev libxcb-shape0 libxcb-shape0-dev libxcb-shm0
  libxcb-shm0-dev libxcb-sync-dev libxcb-sync1 libxcb-xfixes0
  libxcb-xfixes0-dev libxcb1 libxcb1-dev libxcursor1 libxdamage-dev
  libxdamage1 libxdmcp-dev libxdmcp6 libxext-dev libxext6 libxfixes-dev
  libxfixes3 libxi6 libxinerama1 libxkbcommon0 libxml2 libxml2-dev libxrandr2
  libxrender-dev libxrender1 libxshmfence-dev libxshmfence1 libxss1 libxt-dev
  libxt6 libxtst6 libxxf86vm-dev libxxf86vm1 lsb-base m4 man-db
  mesa-common-dev mime-support pkg-config po-debconf procps python python-dev
  python-minimal python2.7 python2.7-dev python2.7-minimal python3
  python3-distutils python3-lib2to3 python3-minimal python3.6
  python3.6-minimal quilt readline-common shared-mime-info ucf uuid-dev
  x11-common x11proto-core-dev x11proto-damage-dev x11proto-dev
  x11proto-dri2-dev x11proto-fixes-dev x11proto-gl-dev x11proto-xext-dev
  x11proto-xf86vidmode-dev xkb-data xorg-sgml-doctools xtrans-dev zlib1g-dev
Suggested packages:
  autoconf-archive gnu-standards autoconf-doc wamerican | wordlist whois
  vacation cmake-doc ninja-build dh-make dwz gettext-doc libasprintf-dev
  libgettextpo-dev groff lrzip libasound2-plugins alsa-utils libasound2-doc
  libcairo2-doc libfftw3-bin libfftw3-dev fluidr3mono-gm-soundfont
  | timgm6mb-soundfont | fluid-soundfont-gm libglib2.0-doc krb5-doc krb5-user
  libice-doc icu-doc jackd2 liblcms2-utils libtool-doc liblzma-doc inkscape
  libportaudio2 opus-tools pciutils pulseaudio librsvg2-bin librsvg2-doc
  lm-sensors libsm-doc sndiod gfortran | fortran95-compiler gcj-jdk libwmf-doc
  libwmf0.2-7-gtk libxcb-doc libxext-doc libxt-doc m4-doc apparmor less
  www-browser libmail-box-perl python-doc python-tk python2.7-doc
  binfmt-support python3-doc python3-tk python3-venv python3.6-venv
  python3.6-doc procmail graphviz default-mta | mail-transport-agent
  readline-doc
Recommended packages:
  curl | wget | lynx bzip2-doc ca-certificates dbus libexif-doc
  libarchive-cpio-perl libgdk-pixbuf2.0-bin xdg-user-dirs krb5-locales
  ghostscript gsfonts libjxr-tools libgpm2 libpng-tools publicsuffix
  libsasl2-modules timgm6mb-soundfont | fluid-soundfont-gm | freepats
  libx11-doc libmail-sendmail-perl psmisc less
The following NEW packages will be installed:
  autoconf automake autopoint autotools-dev bsdmainutils cmake cmake-data
  debhelper dh-autoreconf dh-buildinfo dh-strip-nondeterminism diffstat file
  fontconfig fontconfig-config fonts-dejavu-core gettext gettext-base
  gir1.2-freedesktop gir1.2-gdkpixbuf-2.0 gir1.2-glib-2.0 gir1.2-rsvg-2.0
  groff-base icu-devtools imagemagick-6-common intltool-debian
  libarchive-zip-perl libarchive13 libasound2 libasound2-data libasound2-dev
  libasyncns0 libbz2-dev libcaca-dev libcaca0 libcairo-gobject2
  libcairo-script-interpreter2 libcairo2 libcairo2-dev libcap2 libcroco3
  libcurl3 libdatrie1 libdbus-1-3 libdjvulibre-dev libdjvulibre-text
  libdjvulibre21 libdrm-amdgpu1 libdrm-common libdrm-dev libdrm-intel1
  libdrm-nouveau2 libdrm-radeon1 libdrm2 libegl-mesa0 libegl1 libelf1
  libexif-dev libexif12 libexpat1 libexpat1-dev libfftw3-double3
  libfile-stripnondeterminism-perl libflac-dev libflac8 libfluidsynth1
  libfontconfig1 libfontconfig1-dev libfreetype6 libfreetype6-dev libfribidi0
  libgbm1 libgdk-pixbuf2.0-0 libgdk-pixbuf2.0-common libgdk-pixbuf2.0-dev
  libgirepository-1.0-1 libgl1 libgl1-mesa-dev libgl1-mesa-dri libgl1-mesa-glx
  libglapi-mesa libgles2 libglib2.0-0 libglib2.0-bin libglib2.0-data
  libglib2.0-dev libglib2.0-dev-bin libglu1-mesa libglu1-mesa-dev
  libglvnd-core-dev libglvnd-dev libglvnd0 libglx-mesa0 libglx0 libgraphite2-3
  libgssapi-krb5-2 libharfbuzz0b libice-dev libice6 libicu-dev libicu57
  libilmbase-dev libilmbase23 libjack-jackd2-0 libjbig-dev libjbig0
  libjpeg-dev libjpeg62-turbo libjpeg62-turbo-dev libk5crypto3 libkeyutils1
  libkrb5-3 libkrb5support0 liblcms2-2 liblcms2-dev libldap-2.4-2
  libldap-common libllvm5.0 liblqr-1-0 liblqr-1-0-dev libltdl-dev libltdl7
  liblzma-dev liblzo2-2 libmad0 libmad0-dev libmagic-mgc libmagic1
  libmagick++-6-headers libmagick++-6.q16-8 libmagick++-6.q16-dev
  libmagick++-dev libmagickcore-6-arch-config libmagickcore-6-headers
  libmagickcore-6.q16-5 libmagickcore-6.q16-5-extra libmagickcore-6.q16-dev
  libmagickwand-6-headers libmagickwand-6.q16-5 libmagickwand-6.q16-dev
  libmagickwand-dev libmikmod-config libmikmod-dev libmikmod3 libmpdec2
  libncursesw6 libnghttp2-14 libogg-dev libogg0 libopenal-data libopenal1
  libopenexr-dev libopenexr23 libopengl0 libopenjp2-7 libopenjp2-7-dev
  libopus0 libpango-1.0-0 libpangocairo-1.0-0 libpangoft2-1.0-0 libpciaccess0
  libpcre16-3 libpcre3-dev libpcre32-3 libpcrecpp0v5 libpipeline1
  libpixman-1-0 libpixman-1-dev libpng-dev libpng16-16 libprocps6 libpsl5
  libpthread-stubs0-dev libpulse-dev libpulse-mainloop-glib0 libpulse0
  libpython-dev libpython-stdlib libpython2.7 libpython2.7-dev
  libpython2.7-minimal libpython2.7-stdlib libpython3-stdlib
  libpython3.6-minimal libpython3.6-stdlib libreadline7 librhash0 librsvg2-2
  librsvg2-common librsvg2-dev librtmp1 libsamplerate0 libsasl2-2
  libsasl2-modules-db libsdl-mixer1.2 libsdl-mixer1.2-dev libsdl1.2-dev
  libsdl1.2debian libsdl2-2.0-0 libsensors4 libsigsegv2 libslang2
  libslang2-dev libsm-dev libsm6 libsndfile1 libsndio6.1 libsqlite3-0
  libssh2-1 libssl1.0.2 libssl1.1 libthai-data libthai0 libtiff-dev libtiff5
  libtiff5-dev libtiffxx5 libtimedate-perl libtool libuv1 libvorbis-dev
  libvorbis0a libvorbisenc2 libvorbisfile3 libwayland-client0
  libwayland-cursor0 libwayland-egl1-mesa libwayland-server0 libwmf-dev
  libwmf0.2-7 libwrap0 libx11-6 libx11-data libx11-dev libx11-xcb-dev
  libx11-xcb1 libxau-dev libxau6 libxcb-dri2-0 libxcb-dri2-0-dev libxcb-dri3-0
  libxcb-dri3-dev libxcb-glx0 libxcb-glx0-dev libxcb-present-dev
  libxcb-present0 libxcb-randr0 libxcb-randr0-dev libxcb-render0
  libxcb-render0-dev libxcb-shape0 libxcb-shape0-dev libxcb-shm0
  libxcb-shm0-dev libxcb-sync-dev libxcb-sync1 libxcb-xfixes0
  libxcb-xfixes0-dev libxcb1 libxcb1-dev libxcursor1 libxdamage-dev
  libxdamage1 libxdmcp-dev libxdmcp6 libxext-dev libxext6 libxfixes-dev
  libxfixes3 libxi6 libxinerama1 libxkbcommon0 libxml2 libxml2-dev libxrandr2
  libxrender-dev libxrender1 libxshmfence-dev libxshmfence1 libxss1 libxt-dev
  libxt6 libxtst6 libxxf86vm-dev libxxf86vm1 lsb-base m4 man-db
  mesa-common-dev mime-support pkg-config po-debconf procps python python-dev
  python-minimal python2.7 python2.7-dev python2.7-minimal python3
  python3-distutils python3-lib2to3 python3-minimal python3.6
  python3.6-minimal quilt readline-common sbuild-build-depends-libtuxcap-dummy
  shared-mime-info ucf uuid-dev x11-common x11proto-core-dev
  x11proto-damage-dev x11proto-dev x11proto-dri2-dev x11proto-fixes-dev
  x11proto-gl-dev x11proto-xext-dev x11proto-xf86vidmode-dev xkb-data
  xorg-sgml-doctools xtrans-dev zlib1g-dev
0 upgraded, 324 newly installed, 0 to remove and 0 not upgraded.
Need to get 173 MB of archives.
After this operation, 676 MB of additional disk space will be used.
Get:1 copy:/<<BUILDDIR>>/resolver-o4uSzN/apt_archive ./ sbuild-build-depends-libtuxcap-dummy 0.invalid.0 [928 B]
Get:2 http://127.0.0.1:9999/debian unstable/main amd64 bsdmainutils amd64 11.1.2 [190 kB]
Get:3 http://127.0.0.1:9999/debian unstable/main amd64 groff-base amd64 1.22.3-10 [1176 kB]
Get:4 http://127.0.0.1:9999/debian unstable/main amd64 libpipeline1 amd64 1.5.0-1 [29.0 kB]
Get:5 http://127.0.0.1:9999/debian unstable/main amd64 man-db amd64 2.8.3-2 [1180 kB]
Get:6 http://127.0.0.1:9999/debian unstable/main amd64 libpython2.7-minimal amd64 2.7.15-1 [393 kB]
Get:7 http://127.0.0.1:9999/debian unstable/main amd64 python2.7-minimal amd64 2.7.15-1 [1353 kB]
Get:8 http://127.0.0.1:9999/debian unstable/main amd64 python-minimal amd64 2.7.15~rc1-1 [41.1 kB]
Get:9 http://127.0.0.1:9999/debian unstable/main amd64 mime-support all 3.60 [36.7 kB]
Get:10 http://127.0.0.1:9999/debian unstable/main amd64 libexpat1 amd64 2.2.5-3 [96.8 kB]
Get:11 http://127.0.0.1:9999/debian unstable/main amd64 libncursesw6 amd64 6.1+20180210-2 [131 kB]
Get:12 http://127.0.0.1:9999/debian unstable/main amd64 readline-common all 7.0-3 [70.4 kB]
Get:13 http://127.0.0.1:9999/debian unstable/main amd64 libreadline7 amd64 7.0-3+b1 [151 kB]
Get:14 http://127.0.0.1:9999/debian unstable/main amd64 libsqlite3-0 amd64 3.23.1-1 [603 kB]
Get:15 http://127.0.0.1:9999/debian unstable/main amd64 libssl1.1 amd64 1.1.0h-2 [1352 kB]
Get:16 http://127.0.0.1:9999/debian unstable/main amd64 libpython2.7-stdlib amd64 2.7.15-1 [1912 kB]
Get:17 http://127.0.0.1:9999/debian unstable/main amd64 python2.7 amd64 2.7.15-1 [298 kB]
Get:18 http://127.0.0.1:9999/debian unstable/main amd64 libpython-stdlib amd64 2.7.15~rc1-1 [20.5 kB]
Get:19 http://127.0.0.1:9999/debian unstable/main amd64 python amd64 2.7.15~rc1-1 [155 kB]
Get:20 http://127.0.0.1:9999/debian unstable/main amd64 imagemagick-6-common all 8:6.9.9.39+dfsg-1 [196 kB]
Get:21 http://127.0.0.1:9999/debian unstable/main amd64 libmagickcore-6-arch-config amd64 8:6.9.9.39+dfsg-1 [160 kB]
Get:22 http://127.0.0.1:9999/debian unstable/main amd64 libmagickcore-6-headers all 8:6.9.9.39+dfsg-1 [49.1 kB]
Get:23 http://127.0.0.1:9999/debian unstable/main amd64 libmagickwand-6-headers all 8:6.9.9.39+dfsg-1 [10.5 kB]
Get:24 http://127.0.0.1:9999/debian unstable/main amd64 libmagick++-6-headers all 8:6.9.9.39+dfsg-1 [47.5 kB]
Get:25 http://127.0.0.1:9999/debian unstable/main amd64 libfftw3-double3 amd64 3.3.7-1+b1 [740 kB]
Get:26 http://127.0.0.1:9999/debian unstable/main amd64 libpng16-16 amd64 1.6.34-1 [287 kB]
Get:27 http://127.0.0.1:9999/debian unstable/main amd64 libfreetype6 amd64 2.8.1-2 [461 kB]
Get:28 http://127.0.0.1:9999/debian unstable/main amd64 ucf all 3.0038 [67.8 kB]
Get:29 http://127.0.0.1:9999/debian unstable/main amd64 fonts-dejavu-core all 2.37-1 [1068 kB]
Get:30 http://127.0.0.1:9999/debian unstable/main amd64 fontconfig-config all 2.13.0-4 [280 kB]
Get:31 http://127.0.0.1:9999/debian unstable/main amd64 libfontconfig1 amd64 2.13.0-4 [343 kB]
Get:32 http://127.0.0.1:9999/debian unstable/main amd64 libjbig0 amd64 2.1-3.1+b2 [31.0 kB]
Get:33 http://127.0.0.1:9999/debian unstable/main amd64 libjpeg62-turbo amd64 1:1.5.2-2+b1 [134 kB]
Get:34 http://127.0.0.1:9999/debian unstable/main amd64 liblcms2-2 amd64 2.9-1 [145 kB]
Get:35 http://127.0.0.1:9999/debian unstable/main amd64 libglib2.0-0 amd64 2.56.1-2 [2928 kB]
Get:36 http://127.0.0.1:9999/debian unstable/main amd64 liblqr-1-0 amd64 0.4.2-2.1 [29.1 kB]
Get:37 http://127.0.0.1:9999/debian unstable/main amd64 libltdl7 amd64 2.4.6-2.1 [389 kB]
Get:38 http://127.0.0.1:9999/debian unstable/main amd64 libopenjp2-7 amd64 2.3.0-1 [163 kB]
Get:39 http://127.0.0.1:9999/debian unstable/main amd64 libtiff5 amd64 4.0.9-5 [246 kB]
Get:40 http://127.0.0.1:9999/debian unstable/main amd64 libxau6 amd64 1:1.0.8-1+b2 [19.9 kB]
Get:41 http://127.0.0.1:9999/debian unstable/main amd64 libxdmcp6 amd64 1:1.1.2-3 [26.3 kB]
Get:42 http://127.0.0.1:9999/debian unstable/main amd64 libxcb1 amd64 1.13-1 [136 kB]
Get:43 http://127.0.0.1:9999/debian unstable/main amd64 libx11-data all 2:1.6.5-1 [292 kB]
Get:44 http://127.0.0.1:9999/debian unstable/main amd64 libx11-6 amd64 2:1.6.5-1 [749 kB]
Get:45 http://127.0.0.1:9999/debian unstable/main amd64 libxext6 amd64 2:1.3.3-1+b2 [52.5 kB]
Get:46 http://127.0.0.1:9999/debian unstable/main amd64 libicu57 amd64 57.1-9 [7698 kB]
Get:47 http://127.0.0.1:9999/debian unstable/main amd64 libxml2 amd64 2.9.4+dfsg1-6.1 [725 kB]
Get:48 http://127.0.0.1:9999/debian unstable/main amd64 libmagickcore-6.q16-5 amd64 8:6.9.9.39+dfsg-1 [1770 kB]
Get:49 http://127.0.0.1:9999/debian unstable/main amd64 libmagickwand-6.q16-5 amd64 8:6.9.9.39+dfsg-1 [437 kB]
Get:50 http://127.0.0.1:9999/debian unstable/main amd64 libmagick++-6.q16-8 amd64 8:6.9.9.39+dfsg-1 [268 kB]
Get:51 http://127.0.0.1:9999/debian unstable/main amd64 libpixman-1-0 amd64 0.34.0-2 [529 kB]
Get:52 http://127.0.0.1:9999/debian unstable/main amd64 libxcb-render0 amd64 1.13-1 [108 kB]
Get:53 http://127.0.0.1:9999/debian unstable/main amd64 libxcb-shm0 amd64 1.13-1 [98.3 kB]
Get:54 http://127.0.0.1:9999/debian unstable/main amd64 libxrender1 amd64 1:0.9.10-1 [33.0 kB]
Get:55 http://127.0.0.1:9999/debian unstable/main amd64 libcairo2 amd64 1.15.10-3 [664 kB]
Get:56 http://127.0.0.1:9999/debian unstable/main amd64 libdjvulibre-text all 3.5.27.1-9 [60.9 kB]
Get:57 http://127.0.0.1:9999/debian unstable/main amd64 libdjvulibre21 amd64 3.5.27.1-9 [573 kB]
Get:58 http://127.0.0.1:9999/debian unstable/main amd64 libilmbase23 amd64 2.2.1-2 [85.6 kB]
Get:59 http://127.0.0.1:9999/debian unstable/main amd64 libopenexr23 amd64 2.2.1-4 [579 kB]
Get:60 http://127.0.0.1:9999/debian unstable/main amd64 fontconfig amd64 2.13.0-4 [405 kB]
Get:61 http://127.0.0.1:9999/debian unstable/main amd64 libfribidi0 amd64 0.19.7-2 [45.5 kB]
Get:62 http://127.0.0.1:9999/debian unstable/main amd64 libthai-data all 0.1.27-2 [168 kB]
Get:63 http://127.0.0.1:9999/debian unstable/main amd64 libdatrie1 amd64 0.2.11-1 [37.9 kB]
Get:64 http://127.0.0.1:9999/debian unstable/main amd64 libthai0 amd64 0.1.27-2 [53.3 kB]
Get:65 http://127.0.0.1:9999/debian unstable/main amd64 libpango-1.0-0 amd64 1.42.1-1 [175 kB]
Get:66 http://127.0.0.1:9999/debian unstable/main amd64 libgraphite2-3 amd64 1.3.11-2 [85.2 kB]
Get:67 http://127.0.0.1:9999/debian unstable/main amd64 libharfbuzz0b amd64 1.7.6-1 [842 kB]
Get:68 http://127.0.0.1:9999/debian unstable/main amd64 libpangoft2-1.0-0 amd64 1.42.1-1 [59.6 kB]
Get:69 http://127.0.0.1:9999/debian unstable/main amd64 libpangocairo-1.0-0 amd64 1.42.1-1 [48.0 kB]
Get:70 http://127.0.0.1:9999/debian unstable/main amd64 libwmf0.2-7 amd64 0.2.8.4-12 [164 kB]
Get:71 http://127.0.0.1:9999/debian unstable/main amd64 libmagickcore-6.q16-5-extra amd64 8:6.9.9.39+dfsg-1 [201 kB]
Get:72 http://127.0.0.1:9999/debian unstable/main amd64 libbz2-dev amd64 1.0.6-8.1 [29.4 kB]
Get:73 http://127.0.0.1:9999/debian unstable/main amd64 libjpeg62-turbo-dev amd64 1:1.5.2-2+b1 [208 kB]
Get:74 http://127.0.0.1:9999/debian unstable/main amd64 libjpeg-dev all 1:1.5.2-2 [57.5 kB]
Get:75 http://127.0.0.1:9999/debian unstable/main amd64 libdjvulibre-dev amd64 3.5.27.1-9 [2394 kB]
Get:76 http://127.0.0.1:9999/debian unstable/main amd64 libexif12 amd64 0.6.21-5 [324 kB]
Get:77 http://127.0.0.1:9999/debian unstable/main amd64 libexif-dev amd64 0.6.21-5 [111 kB]
Get:78 http://127.0.0.1:9999/debian unstable/main amd64 zlib1g-dev amd64 1:1.2.11.dfsg-1 [214 kB]
Get:79 http://127.0.0.1:9999/debian unstable/main amd64 libpng-dev amd64 1.6.34-1 [294 kB]
Get:80 http://127.0.0.1:9999/debian unstable/main amd64 libfreetype6-dev amd64 2.8.1-2 [2656 kB]
Get:81 http://127.0.0.1:9999/debian unstable/main amd64 libopenjp2-7-dev amd64 2.3.0-1 [43.6 kB]
Get:82 http://127.0.0.1:9999/debian unstable/main amd64 liblcms2-dev amd64 2.9-1 [9102 kB]
Get:83 http://127.0.0.1:9999/debian unstable/main amd64 liblqr-1-0-dev amd64 0.4.2-2.1 [72.2 kB]
Get:84 http://127.0.0.1:9999/debian unstable/main amd64 libltdl-dev amd64 2.4.6-2.1 [161 kB]
Get:85 http://127.0.0.1:9999/debian unstable/main amd64 libilmbase-dev amd64 2.2.1-2 [76.7 kB]
Get:86 http://127.0.0.1:9999/debian unstable/main amd64 libopenexr-dev amd64 2.2.1-4 [706 kB]
Get:87 http://127.0.0.1:9999/debian unstable/main amd64 libcroco3 amd64 0.6.12-2 [144 kB]
Get:88 http://127.0.0.1:9999/debian unstable/main amd64 shared-mime-info amd64 1.9-2 [753 kB]
Get:89 http://127.0.0.1:9999/debian unstable/main amd64 libgdk-pixbuf2.0-common all 2.36.11-2 [312 kB]
Get:90 http://127.0.0.1:9999/debian unstable/main amd64 libgdk-pixbuf2.0-0 amd64 2.36.11-2 [172 kB]
Get:91 http://127.0.0.1:9999/debian unstable/main amd64 librsvg2-2 amd64 2.40.20-2 [302 kB]
Get:92 http://127.0.0.1:9999/debian unstable/main amd64 librsvg2-common amd64 2.40.20-2 [210 kB]
Get:93 http://127.0.0.1:9999/debian unstable/main amd64 libgirepository-1.0-1 amd64 1.56.1-1 [91.5 kB]
Get:94 http://127.0.0.1:9999/debian unstable/main amd64 gir1.2-glib-2.0 amd64 1.56.1-1 [142 kB]
Get:95 http://127.0.0.1:9999/debian unstable/main amd64 libcairo-gobject2 amd64 1.15.10-3 [102 kB]
Get:96 http://127.0.0.1:9999/debian unstable/main amd64 gir1.2-freedesktop amd64 1.56.1-1 [19.8 kB]
Get:97 http://127.0.0.1:9999/debian unstable/main amd64 gir1.2-gdkpixbuf-2.0 amd64 2.36.11-2 [15.6 kB]
Get:98 http://127.0.0.1:9999/debian unstable/main amd64 gir1.2-rsvg-2.0 amd64 2.40.20-2 [208 kB]
Get:99 http://127.0.0.1:9999/debian unstable/main amd64 libelf1 amd64 0.170-0.4 [162 kB]
Get:100 http://127.0.0.1:9999/debian unstable/main amd64 libglib2.0-data all 2.56.1-2 [2671 kB]
Get:101 http://127.0.0.1:9999/debian unstable/main amd64 libglib2.0-bin amd64 2.56.1-2 [1702 kB]
Get:102 http://127.0.0.1:9999/debian unstable/main amd64 libpython3.6-minimal amd64 3.6.5-5 [572 kB]
Get:103 http://127.0.0.1:9999/debian unstable/main amd64 python3.6-minimal amd64 3.6.5-5 [1728 kB]
Get:104 http://127.0.0.1:9999/debian unstable/main amd64 python3-minimal amd64 3.6.5-3 [36.2 kB]
Get:105 http://127.0.0.1:9999/debian unstable/main amd64 libmpdec2 amd64 2.4.2-2 [87.2 kB]
Get:106 http://127.0.0.1:9999/debian unstable/main amd64 libpython3.6-stdlib amd64 3.6.5-5 [1730 kB]
Get:107 http://127.0.0.1:9999/debian unstable/main amd64 python3.6 amd64 3.6.5-5 [229 kB]
Get:108 http://127.0.0.1:9999/debian unstable/main amd64 libpython3-stdlib amd64 3.6.5-3 [19.7 kB]
Get:109 http://127.0.0.1:9999/debian unstable/main amd64 python3 amd64 3.6.5-3 [24.1 kB]
Get:110 http://127.0.0.1:9999/debian unstable/main amd64 python3-lib2to3 all 3.6.5-3 [78.7 kB]
Get:111 http://127.0.0.1:9999/debian unstable/main amd64 python3-distutils all 3.6.5-3 [144 kB]
Get:112 http://127.0.0.1:9999/debian unstable/main amd64 libglib2.0-dev-bin amd64 2.56.1-2 [1735 kB]
Get:113 http://127.0.0.1:9999/debian unstable/main amd64 libpcre16-3 amd64 2:8.39-9 [257 kB]
Get:114 http://127.0.0.1:9999/debian unstable/main amd64 libpcre32-3 amd64 2:8.39-9 [248 kB]
Get:115 http://127.0.0.1:9999/debian unstable/main amd64 libpcrecpp0v5 amd64 2:8.39-9 [152 kB]
Get:116 http://127.0.0.1:9999/debian unstable/main amd64 libpcre3-dev amd64 2:8.39-9 [647 kB]
Get:117 http://127.0.0.1:9999/debian unstable/main amd64 pkg-config amd64 0.29-4+b1 [63.3 kB]
Get:118 http://127.0.0.1:9999/debian unstable/main amd64 libglib2.0-dev amd64 2.56.1-2 [3015 kB]
Get:119 http://127.0.0.1:9999/debian unstable/main amd64 xorg-sgml-doctools all 1:1.11-1 [21.9 kB]
Get:120 http://127.0.0.1:9999/debian unstable/main amd64 x11proto-dev all 2018.4-4 [251 kB]
Get:121 http://127.0.0.1:9999/debian unstable/main amd64 x11proto-core-dev all 2018.4-4 [3128 B]
Get:122 http://127.0.0.1:9999/debian unstable/main amd64 libxau-dev amd64 1:1.0.8-1+b2 [23.1 kB]
Get:123 http://127.0.0.1:9999/debian unstable/main amd64 libxdmcp-dev amd64 1:1.1.2-3 [42.2 kB]
Get:124 http://127.0.0.1:9999/debian unstable/main amd64 xtrans-dev all 1.3.5-1 [100 kB]
Get:125 http://127.0.0.1:9999/debian unstable/main amd64 libpthread-stubs0-dev amd64 0.3-4 [3866 B]
Get:126 http://127.0.0.1:9999/debian unstable/main amd64 libxcb1-dev amd64 1.13-1 [173 kB]
Get:127 http://127.0.0.1:9999/debian unstable/main amd64 libx11-dev amd64 2:1.6.5-1 [817 kB]
Get:128 http://127.0.0.1:9999/debian unstable/main amd64 libgdk-pixbuf2.0-dev amd64 2.36.11-2 [54.8 kB]
Get:129 http://127.0.0.1:9999/debian unstable/main amd64 liblzo2-2 amd64 2.08-1.2+b2 [55.0 kB]
Get:130 http://127.0.0.1:9999/debian unstable/main amd64 libcairo-script-interpreter2 amd64 1.15.10-3 [138 kB]
Get:131 http://127.0.0.1:9999/debian unstable/main amd64 libexpat1-dev amd64 2.2.5-3 [140 kB]
Get:132 http://127.0.0.1:9999/debian unstable/main amd64 uuid-dev amd64 2.31.1-0.5 [91.9 kB]
Get:133 http://127.0.0.1:9999/debian unstable/main amd64 libfontconfig1-dev amd64 2.13.0-4 [942 kB]
Get:134 http://127.0.0.1:9999/debian unstable/main amd64 libxrender-dev amd64 1:0.9.10-1 [40.8 kB]
Get:135 http://127.0.0.1:9999/debian unstable/main amd64 x11proto-xext-dev all 2018.4-4 [3128 B]
Get:136 http://127.0.0.1:9999/debian unstable/main amd64 libxext-dev amd64 2:1.3.3-1+b2 [107 kB]
Get:137 http://127.0.0.1:9999/debian unstable/main amd64 lsb-base all 9.20170808 [28.1 kB]
Get:138 http://127.0.0.1:9999/debian unstable/main amd64 x11-common all 1:7.7+19 [251 kB]
Get:139 http://127.0.0.1:9999/debian unstable/main amd64 libice6 amd64 2:1.0.9-2 [58.7 kB]
Get:140 http://127.0.0.1:9999/debian unstable/main amd64 libsm6 amd64 2:1.2.2-1+b3 [33.3 kB]
Get:141 http://127.0.0.1:9999/debian unstable/main amd64 libice-dev amd64 2:1.0.9-2 [66.8 kB]
Get:142 http://127.0.0.1:9999/debian unstable/main amd64 libsm-dev amd64 2:1.2.2-1+b3 [35.8 kB]
Get:143 http://127.0.0.1:9999/debian unstable/main amd64 libpixman-1-dev amd64 0.34.0-2 [547 kB]
Get:144 http://127.0.0.1:9999/debian unstable/main amd64 libxcb-render0-dev amd64 1.13-1 [111 kB]
Get:145 http://127.0.0.1:9999/debian unstable/main amd64 libxcb-shm0-dev amd64 1.13-1 [99.4 kB]
Get:146 http://127.0.0.1:9999/debian unstable/main amd64 libcairo2-dev amd64 1.15.10-3 [712 kB]
Get:147 http://127.0.0.1:9999/debian unstable/main amd64 librsvg2-dev amd64 2.40.20-2 [215 kB]
Get:148 http://127.0.0.1:9999/debian unstable/main amd64 libjbig-dev amd64 2.1-3.1+b2 [30.5 kB]
Get:149 http://127.0.0.1:9999/debian unstable/main amd64 liblzma-dev amd64 5.2.2-1.3 [292 kB]
Get:150 http://127.0.0.1:9999/debian unstable/main amd64 libtiffxx5 amd64 4.0.9-5 [100 kB]
Get:151 http://127.0.0.1:9999/debian unstable/main amd64 libtiff5-dev amd64 4.0.9-5 [367 kB]
Get:152 http://127.0.0.1:9999/debian unstable/main amd64 libtiff-dev amd64 4.0.9-5 [96.3 kB]
Get:153 http://127.0.0.1:9999/debian unstable/main amd64 libwmf-dev amd64 0.2.8.4-12 [189 kB]
Get:154 http://127.0.0.1:9999/debian unstable/main amd64 icu-devtools amd64 57.1-9 [177 kB]
Get:155 http://127.0.0.1:9999/debian unstable/main amd64 libicu-dev amd64 57.1-9 [16.6 MB]
Get:156 http://127.0.0.1:9999/debian unstable/main amd64 libxml2-dev amd64 2.9.4+dfsg1-6.1 [821 kB]
Get:157 http://127.0.0.1:9999/debian unstable/main amd64 libxt6 amd64 1:1.1.5-1 [188 kB]
Get:158 http://127.0.0.1:9999/debian unstable/main amd64 libxt-dev amd64 1:1.1.5-1 [423 kB]
Get:159 http://127.0.0.1:9999/debian unstable/main amd64 libmagickcore-6.q16-dev amd64 8:6.9.9.39+dfsg-1 [1106 kB]
Get:160 http://127.0.0.1:9999/debian unstable/main amd64 libmagickwand-6.q16-dev amd64 8:6.9.9.39+dfsg-1 [430 kB]
Get:161 http://127.0.0.1:9999/debian unstable/main amd64 libmagick++-6.q16-dev amd64 8:6.9.9.39+dfsg-1 [258 kB]
Get:162 http://127.0.0.1:9999/debian unstable/main amd64 libmagick++-dev all 8:6.9.9.39+dfsg-1 [1340 B]
Get:163 http://127.0.0.1:9999/debian unstable/main amd64 libmagickwand-dev all 8:6.9.9.39+dfsg-1 [1300 B]
Get:164 http://127.0.0.1:9999/debian unstable/main amd64 libprocps6 amd64 2:3.3.14-1 [60.4 kB]
Get:165 http://127.0.0.1:9999/debian unstable/main amd64 procps amd64 2:3.3.14-1 [257 kB]
Get:166 http://127.0.0.1:9999/debian unstable/main amd64 libmagic-mgc amd64 1:5.33-2 [234 kB]
Get:167 http://127.0.0.1:9999/debian unstable/main amd64 libmagic1 amd64 1:5.33-2 [113 kB]
Get:168 http://127.0.0.1:9999/debian unstable/main amd64 file amd64 1:5.33-2 [65.6 kB]
Get:169 http://127.0.0.1:9999/debian unstable/main amd64 gettext-base amd64 0.19.8.1-6 [122 kB]
Get:170 http://127.0.0.1:9999/debian unstable/main amd64 libsigsegv2 amd64 2.12-2 [32.8 kB]
Get:171 http://127.0.0.1:9999/debian unstable/main amd64 m4 amd64 1.4.18-1 [202 kB]
Get:172 http://127.0.0.1:9999/debian unstable/main amd64 autoconf all 2.69-11 [341 kB]
Get:173 http://127.0.0.1:9999/debian unstable/main amd64 autotools-dev all 20180224.1 [77.0 kB]
Get:174 http://127.0.0.1:9999/debian unstable/main amd64 automake all 1:1.15.1-3.1 [736 kB]
Get:175 http://127.0.0.1:9999/debian unstable/main amd64 autopoint all 0.19.8.1-6 [434 kB]
Get:176 http://127.0.0.1:9999/debian unstable/main amd64 cmake-data all 3.11.1-1 [1386 kB]
Get:177 http://127.0.0.1:9999/debian unstable/main amd64 libarchive13 amd64 3.2.2-3.1 [296 kB]
Get:178 http://127.0.0.1:9999/debian unstable/main amd64 libkeyutils1 amd64 1.5.9-9.2 [12.9 kB]
Get:179 http://127.0.0.1:9999/debian unstable/main amd64 libkrb5support0 amd64 1.16-2 [62.8 kB]
Get:180 http://127.0.0.1:9999/debian unstable/main amd64 libk5crypto3 amd64 1.16-2 [121 kB]
Get:181 http://127.0.0.1:9999/debian unstable/main amd64 libkrb5-3 amd64 1.16-2 [316 kB]
Get:182 http://127.0.0.1:9999/debian unstable/main amd64 libgssapi-krb5-2 amd64 1.16-2 [158 kB]
Get:183 http://127.0.0.1:9999/debian unstable/main amd64 libsasl2-modules-db amd64 2.1.27~101-g0780600+dfsg-3.1 [68.6 kB]
Get:184 http://127.0.0.1:9999/debian unstable/main amd64 libsasl2-2 amd64 2.1.27~101-g0780600+dfsg-3.1 [105 kB]
Get:185 http://127.0.0.1:9999/debian unstable/main amd64 libldap-common all 2.4.45+dfsg-1 [87.0 kB]
Get:186 http://127.0.0.1:9999/debian unstable/main amd64 libldap-2.4-2 amd64 2.4.45+dfsg-1 [223 kB]
Get:187 http://127.0.0.1:9999/debian unstable/main amd64 libnghttp2-14 amd64 1.31.1-1 [80.7 kB]
Get:188 http://127.0.0.1:9999/debian unstable/main amd64 libpsl5 amd64 0.20.1-1 [52.6 kB]
Get:189 http://127.0.0.1:9999/debian unstable/main amd64 librtmp1 amd64 2.4+20151223.gitfa8646d.1-1+b1 [60.4 kB]
Get:190 http://127.0.0.1:9999/debian unstable/main amd64 libssh2-1 amd64 1.8.0-1 [138 kB]
Get:191 http://127.0.0.1:9999/debian unstable/main amd64 libssl1.0.2 amd64 1.0.2o-1 [1296 kB]
Get:192 http://127.0.0.1:9999/debian unstable/main amd64 libcurl3 amd64 7.58.0-2 [312 kB]
Get:193 http://127.0.0.1:9999/debian unstable/main amd64 librhash0 amd64 1.3.6-2 [87.1 kB]
Get:194 http://127.0.0.1:9999/debian unstable/main amd64 libuv1 amd64 1.18.0-3 [98.5 kB]
Get:195 http://127.0.0.1:9999/debian unstable/main amd64 cmake amd64 3.11.1-1 [3190 kB]
Get:196 http://127.0.0.1:9999/debian unstable/main amd64 libtool all 2.4.6-2.1 [547 kB]
Get:197 http://127.0.0.1:9999/debian unstable/main amd64 dh-autoreconf all 17 [16.5 kB]
Get:198 http://127.0.0.1:9999/debian unstable/main amd64 libarchive-zip-perl all 1.60-1 [95.6 kB]
Get:199 http://127.0.0.1:9999/debian unstable/main amd64 libfile-stripnondeterminism-perl all 0.041-1 [19.9 kB]
Get:200 http://127.0.0.1:9999/debian unstable/main amd64 libtimedate-perl all 2.3000-2 [42.2 kB]
Get:201 http://127.0.0.1:9999/debian unstable/main amd64 dh-strip-nondeterminism all 0.041-1 [12.0 kB]
Get:202 http://127.0.0.1:9999/debian unstable/main amd64 gettext amd64 0.19.8.1-6 [1302 kB]
Get:203 http://127.0.0.1:9999/debian unstable/main amd64 intltool-debian all 0.35.0+20060710.4 [26.3 kB]
Get:204 http://127.0.0.1:9999/debian unstable/main amd64 po-debconf all 1.0.20 [247 kB]
Get:205 http://127.0.0.1:9999/debian unstable/main amd64 debhelper all 11.2.1 [1013 kB]
Get:206 http://127.0.0.1:9999/debian unstable/main amd64 dh-buildinfo all 0.11+nmu2 [18.4 kB]
Get:207 http://127.0.0.1:9999/debian unstable/main amd64 diffstat amd64 1.61-1+b1 [32.8 kB]
Get:208 http://127.0.0.1:9999/debian unstable/main amd64 libasound2-data all 1.1.6-1 [171 kB]
Get:209 http://127.0.0.1:9999/debian unstable/main amd64 libasound2 amd64 1.1.6-1 [479 kB]
Get:210 http://127.0.0.1:9999/debian unstable/main amd64 libasound2-dev amd64 1.1.6-1 [263 kB]
Get:211 http://127.0.0.1:9999/debian unstable/main amd64 libasyncns0 amd64 0.8-6 [12.5 kB]
Get:212 http://127.0.0.1:9999/debian unstable/main amd64 libslang2 amd64 2.3.2-1 [508 kB]
Get:213 http://127.0.0.1:9999/debian unstable/main amd64 libcaca0 amd64 0.99.beta19-2+b2 [347 kB]
Get:214 http://127.0.0.1:9999/debian unstable/main amd64 libslang2-dev amd64 2.3.2-1 [484 kB]
Get:215 http://127.0.0.1:9999/debian unstable/main amd64 libcaca-dev amd64 0.99.beta19-2+b2 [897 kB]
Get:216 http://127.0.0.1:9999/debian unstable/main amd64 libcap2 amd64 1:2.25-1.2 [17.2 kB]
Get:217 http://127.0.0.1:9999/debian unstable/main amd64 libdbus-1-3 amd64 1.12.8-1 [209 kB]
Get:218 http://127.0.0.1:9999/debian unstable/main amd64 libdrm-common all 2.4.91-2 [13.5 kB]
Get:219 http://127.0.0.1:9999/debian unstable/main amd64 libdrm2 amd64 2.4.91-2 [39.9 kB]
Get:220 http://127.0.0.1:9999/debian unstable/main amd64 libdrm-amdgpu1 amd64 2.4.91-2 [28.4 kB]
Get:221 http://127.0.0.1:9999/debian unstable/main amd64 libpciaccess0 amd64 0.14-1 [53.5 kB]
Get:222 http://127.0.0.1:9999/debian unstable/main amd64 libdrm-intel1 amd64 2.4.91-2 [69.3 kB]
Get:223 http://127.0.0.1:9999/debian unstable/main amd64 libdrm-radeon1 amd64 2.4.91-2 [31.1 kB]
Get:224 http://127.0.0.1:9999/debian unstable/main amd64 libdrm-nouveau2 amd64 2.4.91-2 [26.0 kB]
Get:225 http://127.0.0.1:9999/debian unstable/main amd64 libdrm-dev amd64 2.4.91-2 [247 kB]
Get:226 http://127.0.0.1:9999/debian unstable/main amd64 libwayland-server0 amd64 1.15.0-1 [32.0 kB]
Get:227 http://127.0.0.1:9999/debian unstable/main amd64 libgbm1 amd64 17.3.9-1 [63.7 kB]
Get:228 http://127.0.0.1:9999/debian unstable/main amd64 libglapi-mesa amd64 17.3.9-1 [61.4 kB]
Get:229 http://127.0.0.1:9999/debian unstable/main amd64 libwayland-client0 amd64 1.15.0-1 [26.1 kB]
Get:230 http://127.0.0.1:9999/debian unstable/main amd64 libx11-xcb1 amd64 2:1.6.5-1 [185 kB]
Get:231 http://127.0.0.1:9999/debian unstable/main amd64 libxcb-dri2-0 amd64 1.13-1 [99.6 kB]
Get:232 http://127.0.0.1:9999/debian unstable/main amd64 libxcb-dri3-0 amd64 1.13-1 [99.3 kB]
Get:233 http://127.0.0.1:9999/debian unstable/main amd64 libxcb-present0 amd64 1.13-1 [98.2 kB]
Get:234 http://127.0.0.1:9999/debian unstable/main amd64 libxcb-sync1 amd64 1.13-1 [102 kB]
Get:235 http://127.0.0.1:9999/debian unstable/main amd64 libxcb-xfixes0 amd64 1.13-1 [102 kB]
Get:236 http://127.0.0.1:9999/debian unstable/main amd64 libxshmfence1 amd64 1.3-1 [8820 B]
Get:237 http://127.0.0.1:9999/debian unstable/main amd64 libegl-mesa0 amd64 17.3.9-1 [122 kB]
Get:238 http://127.0.0.1:9999/debian unstable/main amd64 libogg0 amd64 1.3.2-1+b1 [21.3 kB]
Get:239 http://127.0.0.1:9999/debian unstable/main amd64 libflac8 amd64 1.3.2-2 [221 kB]
Get:240 http://127.0.0.1:9999/debian unstable/main amd64 libogg-dev amd64 1.3.2-1+b1 [200 kB]
Get:241 http://127.0.0.1:9999/debian unstable/main amd64 libflac-dev amd64 1.3.2-2 [270 kB]
Get:242 http://127.0.0.1:9999/debian unstable/main amd64 libopus0 amd64 1.2.1-1 [175 kB]
Get:243 http://127.0.0.1:9999/debian unstable/main amd64 libsamplerate0 amd64 0.1.9-2 [949 kB]
Get:244 http://127.0.0.1:9999/debian unstable/main amd64 libjack-jackd2-0 amd64 1.9.12~dfsg-2 [299 kB]
Get:245 http://127.0.0.1:9999/debian unstable/main amd64 libvorbis0a amd64 1.3.6-1 [94.0 kB]
Get:246 http://127.0.0.1:9999/debian unstable/main amd64 libvorbisenc2 amd64 1.3.6-1 [79.9 kB]
Get:247 http://127.0.0.1:9999/debian unstable/main amd64 libsndfile1 amd64 1.0.28-4 [252 kB]
Get:248 http://127.0.0.1:9999/debian unstable/main amd64 libwrap0 amd64 7.6.q-27 [58.6 kB]
Get:249 http://127.0.0.1:9999/debian unstable/main amd64 libxi6 amd64 2:1.7.9-1 [82.6 kB]
Get:250 http://127.0.0.1:9999/debian unstable/main amd64 libxtst6 amd64 2:1.2.3-1 [27.8 kB]
Get:251 http://127.0.0.1:9999/debian unstable/main amd64 libpulse0 amd64 11.1-5 [287 kB]
Get:252 http://127.0.0.1:9999/debian unstable/main amd64 libfluidsynth1 amd64 1.1.10-1 [167 kB]
Get:253 http://127.0.0.1:9999/debian unstable/main amd64 mesa-common-dev amd64 17.3.9-1 [567 kB]
Get:254 http://127.0.0.1:9999/debian unstable/main amd64 libglvnd0 amd64 1.0.0+git20180308-2 [47.7 kB]
Get:255 http://127.0.0.1:9999/debian unstable/main amd64 libglvnd-core-dev amd64 1.0.0+git20180308-2 [13.0 kB]
Get:256 http://127.0.0.1:9999/debian unstable/main amd64 libegl1 amd64 1.0.0+git20180308-2 [33.7 kB]
Get:257 http://127.0.0.1:9999/debian unstable/main amd64 libgles2 amd64 1.0.0+git20180308-2 [19.0 kB]
Get:258 http://127.0.0.1:9999/debian unstable/main amd64 libxcb-glx0 amd64 1.13-1 [115 kB]
Get:259 http://127.0.0.1:9999/debian unstable/main amd64 libxfixes3 amd64 1:5.0.3-1 [21.9 kB]
Get:260 http://127.0.0.1:9999/debian unstable/main amd64 libxdamage1 amd64 1:1.1.4-3 [14.4 kB]
Get:261 http://127.0.0.1:9999/debian unstable/main amd64 libxxf86vm1 amd64 1:1.1.4-1+b2 [20.8 kB]
Get:262 http://127.0.0.1:9999/debian unstable/main amd64 libllvm5.0 amd64 1:5.0.1-4 [13.7 MB]
Get:263 http://127.0.0.1:9999/debian unstable/main amd64 libsensors4 amd64 1:3.4.0-4 [53.3 kB]
Get:264 http://127.0.0.1:9999/debian unstable/main amd64 libgl1-mesa-dri amd64 17.3.9-1 [5907 kB]
Get:265 http://127.0.0.1:9999/debian unstable/main amd64 libglx-mesa0 amd64 17.3.9-1 [171 kB]
Get:266 http://127.0.0.1:9999/debian unstable/main amd64 libglx0 amd64 1.0.0+git20180308-2 [29.9 kB]
Get:267 http://127.0.0.1:9999/debian unstable/main amd64 libgl1 amd64 1.0.0+git20180308-2 [86.3 kB]
Get:268 http://127.0.0.1:9999/debian unstable/main amd64 libopengl0 amd64 1.0.0+git20180308-2 [33.0 kB]
Get:269 http://127.0.0.1:9999/debian unstable/main amd64 libglvnd-dev amd64 1.0.0+git20180308-2 [4940 B]
Get:270 http://127.0.0.1:9999/debian unstable/main amd64 libx11-xcb-dev amd64 2:1.6.5-1 [187 kB]
Get:271 http://127.0.0.1:9999/debian unstable/main amd64 libxcb-dri3-dev amd64 1.13-1 [100 kB]
Get:272 http://127.0.0.1:9999/debian unstable/main amd64 libxcb-randr0 amd64 1.13-1 [110 kB]
Get:273 http://127.0.0.1:9999/debian unstable/main amd64 libxcb-randr0-dev amd64 1.13-1 [113 kB]
Get:274 http://127.0.0.1:9999/debian unstable/main amd64 libxcb-shape0 amd64 1.13-1 [98.6 kB]
Get:275 http://127.0.0.1:9999/debian unstable/main amd64 libxcb-shape0-dev amd64 1.13-1 [99.9 kB]
Get:276 http://127.0.0.1:9999/debian unstable/main amd64 libxcb-xfixes0-dev amd64 1.13-1 [104 kB]
Get:277 http://127.0.0.1:9999/debian unstable/main amd64 libxcb-sync-dev amd64 1.13-1 [103 kB]
Get:278 http://127.0.0.1:9999/debian unstable/main amd64 libxcb-present-dev amd64 1.13-1 [99.7 kB]
Get:279 http://127.0.0.1:9999/debian unstable/main amd64 libxshmfence-dev amd64 1.3-1 [8360 B]
Get:280 http://127.0.0.1:9999/debian unstable/main amd64 libxcb-dri2-0-dev amd64 1.13-1 [101 kB]
Get:281 http://127.0.0.1:9999/debian unstable/main amd64 libxcb-glx0-dev amd64 1.13-1 [121 kB]
Get:282 http://127.0.0.1:9999/debian unstable/main amd64 x11proto-fixes-dev all 1:2018.4-4 [3140 B]
Get:283 http://127.0.0.1:9999/debian unstable/main amd64 libxfixes-dev amd64 1:5.0.3-1 [23.8 kB]
Get:284 http://127.0.0.1:9999/debian unstable/main amd64 x11proto-damage-dev all 1:2018.4-4 [3140 B]
Get:285 http://127.0.0.1:9999/debian unstable/main amd64 libxdamage-dev amd64 1:1.1.4-3 [14.3 kB]
Get:286 http://127.0.0.1:9999/debian unstable/main amd64 x11proto-xf86vidmode-dev all 2018.4-4 [3140 B]
Get:287 http://127.0.0.1:9999/debian unstable/main amd64 libxxf86vm-dev amd64 1:1.1.4-1+b2 [25.4 kB]
Get:288 http://127.0.0.1:9999/debian unstable/main amd64 x11proto-dri2-dev all 2018.4-4 [3132 B]
Get:289 http://127.0.0.1:9999/debian unstable/main amd64 x11proto-gl-dev all 2018.4-4 [3124 B]
Get:290 http://127.0.0.1:9999/debian unstable/main amd64 libgl1-mesa-dev amd64 17.3.9-1 [43.4 kB]
Get:291 http://127.0.0.1:9999/debian unstable/main amd64 libgl1-mesa-glx amd64 17.3.9-1 [42.8 kB]
Get:292 http://127.0.0.1:9999/debian unstable/main amd64 libglu1-mesa amd64 9.0.0-2.1 [168 kB]
Get:293 http://127.0.0.1:9999/debian unstable/main amd64 libglu1-mesa-dev amd64 9.0.0-2.1 [202 kB]
Get:294 http://127.0.0.1:9999/debian unstable/main amd64 libmad0 amd64 0.15.1b-9 [70.0 kB]
Get:295 http://127.0.0.1:9999/debian unstable/main amd64 libmad0-dev amd64 0.15.1b-9 [78.8 kB]
Get:296 http://127.0.0.1:9999/debian unstable/main amd64 libmikmod-config amd64 3.3.11.1-3 [24.1 kB]
Get:297 http://127.0.0.1:9999/debian unstable/main amd64 libopenal-data all 1:1.18.2-3 [110 kB]
Get:298 http://127.0.0.1:9999/debian unstable/main amd64 libsndio6.1 amd64 1.1.0-3 [23.5 kB]
Get:299 http://127.0.0.1:9999/debian unstable/main amd64 libopenal1 amd64 1:1.18.2-3 [272 kB]
Get:300 http://127.0.0.1:9999/debian unstable/main amd64 libwayland-cursor0 amd64 1.15.0-1 [13.6 kB]
Get:301 http://127.0.0.1:9999/debian unstable/main amd64 libwayland-egl1-mesa amd64 17.3.9-1 [44.8 kB]
Get:302 http://127.0.0.1:9999/debian unstable/main amd64 libxcursor1 amd64 1:1.1.15-1 [36.4 kB]
Get:303 http://127.0.0.1:9999/debian unstable/main amd64 libxinerama1 amd64 2:1.1.3-1+b3 [16.7 kB]
Get:304 http://127.0.0.1:9999/debian unstable/main amd64 xkb-data all 2.23.1-1 [675 kB]
Get:305 http://127.0.0.1:9999/debian unstable/main amd64 libxkbcommon0 amd64 0.8.0-1 [123 kB]
Get:306 http://127.0.0.1:9999/debian unstable/main amd64 libxrandr2 amd64 2:1.5.1-1 [37.5 kB]
Get:307 http://127.0.0.1:9999/debian unstable/main amd64 libxss1 amd64 1:1.2.2-1+b2 [16.5 kB]
Get:308 http://127.0.0.1:9999/debian unstable/main amd64 libsdl2-2.0-0 amd64 2.0.8+dfsg1-1 [385 kB]
Get:309 http://127.0.0.1:9999/debian unstable/main amd64 libmikmod3 amd64 3.3.11.1-3 [132 kB]
Get:310 http://127.0.0.1:9999/debian unstable/main amd64 libmikmod-dev amd64 3.3.11.1-3 [222 kB]
Get:311 http://127.0.0.1:9999/debian unstable/main amd64 libpulse-mainloop-glib0 amd64 11.1-5 [46.1 kB]
Get:312 http://127.0.0.1:9999/debian unstable/main amd64 libpulse-dev amd64 11.1-5 [106 kB]
Get:313 http://127.0.0.1:9999/debian unstable/main amd64 libpython2.7 amd64 2.7.15-1 [1052 kB]
Get:314 http://127.0.0.1:9999/debian unstable/main amd64 libpython2.7-dev amd64 2.7.15-1 [28.3 MB]
Get:315 http://127.0.0.1:9999/debian unstable/main amd64 libpython-dev amd64 2.7.15~rc1-1 [20.6 kB]
Get:316 http://127.0.0.1:9999/debian unstable/main amd64 libsdl1.2debian amd64 1.2.15+dfsg2-0.1 [191 kB]
Get:317 http://127.0.0.1:9999/debian unstable/main amd64 libvorbisfile3 amd64 1.3.6-1 [25.0 kB]
Get:318 http://127.0.0.1:9999/debian unstable/main amd64 libsdl-mixer1.2 amd64 1.2.12-14 [85.5 kB]
Get:319 http://127.0.0.1:9999/debian unstable/main amd64 libsdl1.2-dev amd64 1.2.15+dfsg2-0.1 [728 kB]
Get:320 http://127.0.0.1:9999/debian unstable/main amd64 libvorbis-dev amd64 1.3.6-1 [333 kB]
Get:321 http://127.0.0.1:9999/debian unstable/main amd64 libsdl-mixer1.2-dev amd64 1.2.12-14 [106 kB]
Get:322 http://127.0.0.1:9999/debian unstable/main amd64 python2.7-dev amd64 2.7.15-1 [290 kB]
Get:323 http://127.0.0.1:9999/debian unstable/main amd64 python-dev amd64 2.7.15~rc1-1 [1212 B]
Get:324 http://127.0.0.1:9999/debian unstable/main amd64 quilt all 0.63-8.2 [308 kB]
debconf: delaying package configuration, since apt-utils is not installed
Fetched 173 MB in 2s (91.0 MB/s)
Selecting previously unselected package bsdmainutils.
(Reading database ... 10771 files and directories currently installed.)
Preparing to unpack .../00-bsdmainutils_11.1.2_amd64.deb ...
Unpacking bsdmainutils (11.1.2) ...
Selecting previously unselected package groff-base.
Preparing to unpack .../01-groff-base_1.22.3-10_amd64.deb ...
Unpacking groff-base (1.22.3-10) ...
Selecting previously unselected package libpipeline1:amd64.
Preparing to unpack .../02-libpipeline1_1.5.0-1_amd64.deb ...
Unpacking libpipeline1:amd64 (1.5.0-1) ...
Selecting previously unselected package man-db.
Preparing to unpack .../03-man-db_2.8.3-2_amd64.deb ...
Unpacking man-db (2.8.3-2) ...
Selecting previously unselected package libpython2.7-minimal:amd64.
Preparing to unpack .../04-libpython2.7-minimal_2.7.15-1_amd64.deb ...
Unpacking libpython2.7-minimal:amd64 (2.7.15-1) ...
Selecting previously unselected package python2.7-minimal.
Preparing to unpack .../05-python2.7-minimal_2.7.15-1_amd64.deb ...
Unpacking python2.7-minimal (2.7.15-1) ...
Selecting previously unselected package python-minimal.
Preparing to unpack .../06-python-minimal_2.7.15~rc1-1_amd64.deb ...
Unpacking python-minimal (2.7.15~rc1-1) ...
Selecting previously unselected package mime-support.
Preparing to unpack .../07-mime-support_3.60_all.deb ...
Unpacking mime-support (3.60) ...
Selecting previously unselected package libexpat1:amd64.
Preparing to unpack .../08-libexpat1_2.2.5-3_amd64.deb ...
Unpacking libexpat1:amd64 (2.2.5-3) ...
Selecting previously unselected package libncursesw6:amd64.
Preparing to unpack .../09-libncursesw6_6.1+20180210-2_amd64.deb ...
Unpacking libncursesw6:amd64 (6.1+20180210-2) ...
Selecting previously unselected package readline-common.
Preparing to unpack .../10-readline-common_7.0-3_all.deb ...
Unpacking readline-common (7.0-3) ...
Selecting previously unselected package libreadline7:amd64.
Preparing to unpack .../11-libreadline7_7.0-3+b1_amd64.deb ...
Unpacking libreadline7:amd64 (7.0-3+b1) ...
Selecting previously unselected package libsqlite3-0:amd64.
Preparing to unpack .../12-libsqlite3-0_3.23.1-1_amd64.deb ...
Unpacking libsqlite3-0:amd64 (3.23.1-1) ...
Selecting previously unselected package libssl1.1:amd64.
Preparing to unpack .../13-libssl1.1_1.1.0h-2_amd64.deb ...
Unpacking libssl1.1:amd64 (1.1.0h-2) ...
Selecting previously unselected package libpython2.7-stdlib:amd64.
Preparing to unpack .../14-libpython2.7-stdlib_2.7.15-1_amd64.deb ...
Unpacking libpython2.7-stdlib:amd64 (2.7.15-1) ...
Selecting previously unselected package python2.7.
Preparing to unpack .../15-python2.7_2.7.15-1_amd64.deb ...
Unpacking python2.7 (2.7.15-1) ...
Selecting previously unselected package libpython-stdlib:amd64.
Preparing to unpack .../16-libpython-stdlib_2.7.15~rc1-1_amd64.deb ...
Unpacking libpython-stdlib:amd64 (2.7.15~rc1-1) ...
Setting up libpython2.7-minimal:amd64 (2.7.15-1) ...
Setting up python2.7-minimal (2.7.15-1) ...
Setting up python-minimal (2.7.15~rc1-1) ...
Selecting previously unselected package python.
(Reading database ... 12213 files and directories currently installed.)
Preparing to unpack .../00-python_2.7.15~rc1-1_amd64.deb ...
Unpacking python (2.7.15~rc1-1) ...
Selecting previously unselected package imagemagick-6-common.
Preparing to unpack .../01-imagemagick-6-common_8%3a6.9.9.39+dfsg-1_all.deb ...
Unpacking imagemagick-6-common (8:6.9.9.39+dfsg-1) ...
Selecting previously unselected package libmagickcore-6-arch-config:amd64.
Preparing to unpack .../02-libmagickcore-6-arch-config_8%3a6.9.9.39+dfsg-1_amd64.deb ...
Unpacking libmagickcore-6-arch-config:amd64 (8:6.9.9.39+dfsg-1) ...
Selecting previously unselected package libmagickcore-6-headers.
Preparing to unpack .../03-libmagickcore-6-headers_8%3a6.9.9.39+dfsg-1_all.deb ...
Unpacking libmagickcore-6-headers (8:6.9.9.39+dfsg-1) ...
Selecting previously unselected package libmagickwand-6-headers.
Preparing to unpack .../04-libmagickwand-6-headers_8%3a6.9.9.39+dfsg-1_all.deb ...
Unpacking libmagickwand-6-headers (8:6.9.9.39+dfsg-1) ...
Selecting previously unselected package libmagick++-6-headers.
Preparing to unpack .../05-libmagick++-6-headers_8%3a6.9.9.39+dfsg-1_all.deb ...
Unpacking libmagick++-6-headers (8:6.9.9.39+dfsg-1) ...
Selecting previously unselected package libfftw3-double3:amd64.
Preparing to unpack .../06-libfftw3-double3_3.3.7-1+b1_amd64.deb ...
Unpacking libfftw3-double3:amd64 (3.3.7-1+b1) ...
Selecting previously unselected package libpng16-16:amd64.
Preparing to unpack .../07-libpng16-16_1.6.34-1_amd64.deb ...
Unpacking libpng16-16:amd64 (1.6.34-1) ...
Selecting previously unselected package libfreetype6:amd64.
Preparing to unpack .../08-libfreetype6_2.8.1-2_amd64.deb ...
Unpacking libfreetype6:amd64 (2.8.1-2) ...
Selecting previously unselected package ucf.
Preparing to unpack .../09-ucf_3.0038_all.deb ...
Moving old data out of the way
Unpacking ucf (3.0038) ...
Selecting previously unselected package fonts-dejavu-core.
Preparing to unpack .../10-fonts-dejavu-core_2.37-1_all.deb ...
Unpacking fonts-dejavu-core (2.37-1) ...
Selecting previously unselected package fontconfig-config.
Preparing to unpack .../11-fontconfig-config_2.13.0-4_all.deb ...
Unpacking fontconfig-config (2.13.0-4) ...
Selecting previously unselected package libfontconfig1:amd64.
Preparing to unpack .../12-libfontconfig1_2.13.0-4_amd64.deb ...
Unpacking libfontconfig1:amd64 (2.13.0-4) ...
Selecting previously unselected package libjbig0:amd64.
Preparing to unpack .../13-libjbig0_2.1-3.1+b2_amd64.deb ...
Unpacking libjbig0:amd64 (2.1-3.1+b2) ...
Selecting previously unselected package libjpeg62-turbo:amd64.
Preparing to unpack .../14-libjpeg62-turbo_1%3a1.5.2-2+b1_amd64.deb ...
Unpacking libjpeg62-turbo:amd64 (1:1.5.2-2+b1) ...
Selecting previously unselected package liblcms2-2:amd64.
Preparing to unpack .../15-liblcms2-2_2.9-1_amd64.deb ...
Unpacking liblcms2-2:amd64 (2.9-1) ...
Selecting previously unselected package libglib2.0-0:amd64.
Preparing to unpack .../16-libglib2.0-0_2.56.1-2_amd64.deb ...
Unpacking libglib2.0-0:amd64 (2.56.1-2) ...
Selecting previously unselected package liblqr-1-0:amd64.
Preparing to unpack .../17-liblqr-1-0_0.4.2-2.1_amd64.deb ...
Unpacking liblqr-1-0:amd64 (0.4.2-2.1) ...
Selecting previously unselected package libltdl7:amd64.
Preparing to unpack .../18-libltdl7_2.4.6-2.1_amd64.deb ...
Unpacking libltdl7:amd64 (2.4.6-2.1) ...
Selecting previously unselected package libopenjp2-7:amd64.
Preparing to unpack .../19-libopenjp2-7_2.3.0-1_amd64.deb ...
Unpacking libopenjp2-7:amd64 (2.3.0-1) ...
Selecting previously unselected package libtiff5:amd64.
Preparing to unpack .../20-libtiff5_4.0.9-5_amd64.deb ...
Unpacking libtiff5:amd64 (4.0.9-5) ...
Selecting previously unselected package libxau6:amd64.
Preparing to unpack .../21-libxau6_1%3a1.0.8-1+b2_amd64.deb ...
Unpacking libxau6:amd64 (1:1.0.8-1+b2) ...
Selecting previously unselected package libxdmcp6:amd64.
Preparing to unpack .../22-libxdmcp6_1%3a1.1.2-3_amd64.deb ...
Unpacking libxdmcp6:amd64 (1:1.1.2-3) ...
Selecting previously unselected package libxcb1:amd64.
Preparing to unpack .../23-libxcb1_1.13-1_amd64.deb ...
Unpacking libxcb1:amd64 (1.13-1) ...
Selecting previously unselected package libx11-data.
Preparing to unpack .../24-libx11-data_2%3a1.6.5-1_all.deb ...
Unpacking libx11-data (2:1.6.5-1) ...
Selecting previously unselected package libx11-6:amd64.
Preparing to unpack .../25-libx11-6_2%3a1.6.5-1_amd64.deb ...
Unpacking libx11-6:amd64 (2:1.6.5-1) ...
Selecting previously unselected package libxext6:amd64.
Preparing to unpack .../26-libxext6_2%3a1.3.3-1+b2_amd64.deb ...
Unpacking libxext6:amd64 (2:1.3.3-1+b2) ...
Selecting previously unselected package libicu57:amd64.
Preparing to unpack .../27-libicu57_57.1-9_amd64.deb ...
Unpacking libicu57:amd64 (57.1-9) ...
Selecting previously unselected package libxml2:amd64.
Preparing to unpack .../28-libxml2_2.9.4+dfsg1-6.1_amd64.deb ...
Unpacking libxml2:amd64 (2.9.4+dfsg1-6.1) ...
Selecting previously unselected package libmagickcore-6.q16-5:amd64.
Preparing to unpack .../29-libmagickcore-6.q16-5_8%3a6.9.9.39+dfsg-1_amd64.deb ...
Unpacking libmagickcore-6.q16-5:amd64 (8:6.9.9.39+dfsg-1) ...
Selecting previously unselected package libmagickwand-6.q16-5:amd64.
Preparing to unpack .../30-libmagickwand-6.q16-5_8%3a6.9.9.39+dfsg-1_amd64.deb ...
Unpacking libmagickwand-6.q16-5:amd64 (8:6.9.9.39+dfsg-1) ...
Selecting previously unselected package libmagick++-6.q16-8:amd64.
Preparing to unpack .../31-libmagick++-6.q16-8_8%3a6.9.9.39+dfsg-1_amd64.deb ...
Unpacking libmagick++-6.q16-8:amd64 (8:6.9.9.39+dfsg-1) ...
Selecting previously unselected package libpixman-1-0:amd64.
Preparing to unpack .../32-libpixman-1-0_0.34.0-2_amd64.deb ...
Unpacking libpixman-1-0:amd64 (0.34.0-2) ...
Selecting previously unselected package libxcb-render0:amd64.
Preparing to unpack .../33-libxcb-render0_1.13-1_amd64.deb ...
Unpacking libxcb-render0:amd64 (1.13-1) ...
Selecting previously unselected package libxcb-shm0:amd64.
Preparing to unpack .../34-libxcb-shm0_1.13-1_amd64.deb ...
Unpacking libxcb-shm0:amd64 (1.13-1) ...
Selecting previously unselected package libxrender1:amd64.
Preparing to unpack .../35-libxrender1_1%3a0.9.10-1_amd64.deb ...
Unpacking libxrender1:amd64 (1:0.9.10-1) ...
Selecting previously unselected package libcairo2:amd64.
Preparing to unpack .../36-libcairo2_1.15.10-3_amd64.deb ...
Unpacking libcairo2:amd64 (1.15.10-3) ...
Selecting previously unselected package libdjvulibre-text.
Preparing to unpack .../37-libdjvulibre-text_3.5.27.1-9_all.deb ...
Unpacking libdjvulibre-text (3.5.27.1-9) ...
Selecting previously unselected package libdjvulibre21:amd64.
Preparing to unpack .../38-libdjvulibre21_3.5.27.1-9_amd64.deb ...
Unpacking libdjvulibre21:amd64 (3.5.27.1-9) ...
Selecting previously unselected package libilmbase23:amd64.
Preparing to unpack .../39-libilmbase23_2.2.1-2_amd64.deb ...
Unpacking libilmbase23:amd64 (2.2.1-2) ...
Selecting previously unselected package libopenexr23:amd64.
Preparing to unpack .../40-libopenexr23_2.2.1-4_amd64.deb ...
Unpacking libopenexr23:amd64 (2.2.1-4) ...
Selecting previously unselected package fontconfig.
Preparing to unpack .../41-fontconfig_2.13.0-4_amd64.deb ...
Unpacking fontconfig (2.13.0-4) ...
Selecting previously unselected package libfribidi0:amd64.
Preparing to unpack .../42-libfribidi0_0.19.7-2_amd64.deb ...
Unpacking libfribidi0:amd64 (0.19.7-2) ...
Selecting previously unselected package libthai-data.
Preparing to unpack .../43-libthai-data_0.1.27-2_all.deb ...
Unpacking libthai-data (0.1.27-2) ...
Selecting previously unselected package libdatrie1:amd64.
Preparing to unpack .../44-libdatrie1_0.2.11-1_amd64.deb ...
Unpacking libdatrie1:amd64 (0.2.11-1) ...
Selecting previously unselected package libthai0:amd64.
Preparing to unpack .../45-libthai0_0.1.27-2_amd64.deb ...
Unpacking libthai0:amd64 (0.1.27-2) ...
Selecting previously unselected package libpango-1.0-0:amd64.
Preparing to unpack .../46-libpango-1.0-0_1.42.1-1_amd64.deb ...
Unpacking libpango-1.0-0:amd64 (1.42.1-1) ...
Selecting previously unselected package libgraphite2-3:amd64.
Preparing to unpack .../47-libgraphite2-3_1.3.11-2_amd64.deb ...
Unpacking libgraphite2-3:amd64 (1.3.11-2) ...
Selecting previously unselected package libharfbuzz0b:amd64.
Preparing to unpack .../48-libharfbuzz0b_1.7.6-1_amd64.deb ...
Unpacking libharfbuzz0b:amd64 (1.7.6-1) ...
Selecting previously unselected package libpangoft2-1.0-0:amd64.
Preparing to unpack .../49-libpangoft2-1.0-0_1.42.1-1_amd64.deb ...
Unpacking libpangoft2-1.0-0:amd64 (1.42.1-1) ...
Selecting previously unselected package libpangocairo-1.0-0:amd64.
Preparing to unpack .../50-libpangocairo-1.0-0_1.42.1-1_amd64.deb ...
Unpacking libpangocairo-1.0-0:amd64 (1.42.1-1) ...
Selecting previously unselected package libwmf0.2-7:amd64.
Preparing to unpack .../51-libwmf0.2-7_0.2.8.4-12_amd64.deb ...
Unpacking libwmf0.2-7:amd64 (0.2.8.4-12) ...
Selecting previously unselected package libmagickcore-6.q16-5-extra:amd64.
Preparing to unpack .../52-libmagickcore-6.q16-5-extra_8%3a6.9.9.39+dfsg-1_amd64.deb ...
Unpacking libmagickcore-6.q16-5-extra:amd64 (8:6.9.9.39+dfsg-1) ...
Selecting previously unselected package libbz2-dev:amd64.
Preparing to unpack .../53-libbz2-dev_1.0.6-8.1_amd64.deb ...
Unpacking libbz2-dev:amd64 (1.0.6-8.1) ...
Selecting previously unselected package libjpeg62-turbo-dev:amd64.
Preparing to unpack .../54-libjpeg62-turbo-dev_1%3a1.5.2-2+b1_amd64.deb ...
Unpacking libjpeg62-turbo-dev:amd64 (1:1.5.2-2+b1) ...
Selecting previously unselected package libjpeg-dev.
Preparing to unpack .../55-libjpeg-dev_1%3a1.5.2-2_all.deb ...
Unpacking libjpeg-dev (1:1.5.2-2) ...
Selecting previously unselected package libdjvulibre-dev:amd64.
Preparing to unpack .../56-libdjvulibre-dev_3.5.27.1-9_amd64.deb ...
Unpacking libdjvulibre-dev:amd64 (3.5.27.1-9) ...
Selecting previously unselected package libexif12:amd64.
Preparing to unpack .../57-libexif12_0.6.21-5_amd64.deb ...
Unpacking libexif12:amd64 (0.6.21-5) ...
Selecting previously unselected package libexif-dev:amd64.
Preparing to unpack .../58-libexif-dev_0.6.21-5_amd64.deb ...
Unpacking libexif-dev:amd64 (0.6.21-5) ...
Selecting previously unselected package zlib1g-dev:amd64.
Preparing to unpack .../59-zlib1g-dev_1%3a1.2.11.dfsg-1_amd64.deb ...
Unpacking zlib1g-dev:amd64 (1:1.2.11.dfsg-1) ...
Selecting previously unselected package libpng-dev:amd64.
Preparing to unpack .../60-libpng-dev_1.6.34-1_amd64.deb ...
Unpacking libpng-dev:amd64 (1.6.34-1) ...
Selecting previously unselected package libfreetype6-dev:amd64.
Preparing to unpack .../61-libfreetype6-dev_2.8.1-2_amd64.deb ...
Unpacking libfreetype6-dev:amd64 (2.8.1-2) ...
Selecting previously unselected package libopenjp2-7-dev.
Preparing to unpack .../62-libopenjp2-7-dev_2.3.0-1_amd64.deb ...
Unpacking libopenjp2-7-dev (2.3.0-1) ...
Selecting previously unselected package liblcms2-dev:amd64.
Preparing to unpack .../63-liblcms2-dev_2.9-1_amd64.deb ...
Unpacking liblcms2-dev:amd64 (2.9-1) ...
Selecting previously unselected package liblqr-1-0-dev:amd64.
Preparing to unpack .../64-liblqr-1-0-dev_0.4.2-2.1_amd64.deb ...
Unpacking liblqr-1-0-dev:amd64 (0.4.2-2.1) ...
Selecting previously unselected package libltdl-dev:amd64.
Preparing to unpack .../65-libltdl-dev_2.4.6-2.1_amd64.deb ...
Unpacking libltdl-dev:amd64 (2.4.6-2.1) ...
Selecting previously unselected package libilmbase-dev.
Preparing to unpack .../66-libilmbase-dev_2.2.1-2_amd64.deb ...
Unpacking libilmbase-dev (2.2.1-2) ...
Selecting previously unselected package libopenexr-dev.
Preparing to unpack .../67-libopenexr-dev_2.2.1-4_amd64.deb ...
Unpacking libopenexr-dev (2.2.1-4) ...
Selecting previously unselected package libcroco3:amd64.
Preparing to unpack .../68-libcroco3_0.6.12-2_amd64.deb ...
Unpacking libcroco3:amd64 (0.6.12-2) ...
Selecting previously unselected package shared-mime-info.
Preparing to unpack .../69-shared-mime-info_1.9-2_amd64.deb ...
Unpacking shared-mime-info (1.9-2) ...
Selecting previously unselected package libgdk-pixbuf2.0-common.
Preparing to unpack .../70-libgdk-pixbuf2.0-common_2.36.11-2_all.deb ...
Unpacking libgdk-pixbuf2.0-common (2.36.11-2) ...
Selecting previously unselected package libgdk-pixbuf2.0-0:amd64.
Preparing to unpack .../71-libgdk-pixbuf2.0-0_2.36.11-2_amd64.deb ...
Unpacking libgdk-pixbuf2.0-0:amd64 (2.36.11-2) ...
Selecting previously unselected package librsvg2-2:amd64.
Preparing to unpack .../72-librsvg2-2_2.40.20-2_amd64.deb ...
Unpacking librsvg2-2:amd64 (2.40.20-2) ...
Selecting previously unselected package librsvg2-common:amd64.
Preparing to unpack .../73-librsvg2-common_2.40.20-2_amd64.deb ...
Unpacking librsvg2-common:amd64 (2.40.20-2) ...
Selecting previously unselected package libgirepository-1.0-1:amd64.
Preparing to unpack .../74-libgirepository-1.0-1_1.56.1-1_amd64.deb ...
Unpacking libgirepository-1.0-1:amd64 (1.56.1-1) ...
Selecting previously unselected package gir1.2-glib-2.0:amd64.
Preparing to unpack .../75-gir1.2-glib-2.0_1.56.1-1_amd64.deb ...
Unpacking gir1.2-glib-2.0:amd64 (1.56.1-1) ...
Selecting previously unselected package libcairo-gobject2:amd64.
Preparing to unpack .../76-libcairo-gobject2_1.15.10-3_amd64.deb ...
Unpacking libcairo-gobject2:amd64 (1.15.10-3) ...
Selecting previously unselected package gir1.2-freedesktop:amd64.
Preparing to unpack .../77-gir1.2-freedesktop_1.56.1-1_amd64.deb ...
Unpacking gir1.2-freedesktop:amd64 (1.56.1-1) ...
Selecting previously unselected package gir1.2-gdkpixbuf-2.0:amd64.
Preparing to unpack .../78-gir1.2-gdkpixbuf-2.0_2.36.11-2_amd64.deb ...
Unpacking gir1.2-gdkpixbuf-2.0:amd64 (2.36.11-2) ...
Selecting previously unselected package gir1.2-rsvg-2.0:amd64.
Preparing to unpack .../79-gir1.2-rsvg-2.0_2.40.20-2_amd64.deb ...
Unpacking gir1.2-rsvg-2.0:amd64 (2.40.20-2) ...
Selecting previously unselected package libelf1:amd64.
Preparing to unpack .../80-libelf1_0.170-0.4_amd64.deb ...
Unpacking libelf1:amd64 (0.170-0.4) ...
Selecting previously unselected package libglib2.0-data.
Preparing to unpack .../81-libglib2.0-data_2.56.1-2_all.deb ...
Unpacking libglib2.0-data (2.56.1-2) ...
Selecting previously unselected package libglib2.0-bin.
Preparing to unpack .../82-libglib2.0-bin_2.56.1-2_amd64.deb ...
Unpacking libglib2.0-bin (2.56.1-2) ...
Selecting previously unselected package libpython3.6-minimal:amd64.
Preparing to unpack .../83-libpython3.6-minimal_3.6.5-5_amd64.deb ...
Unpacking libpython3.6-minimal:amd64 (3.6.5-5) ...
Selecting previously unselected package python3.6-minimal.
Preparing to unpack .../84-python3.6-minimal_3.6.5-5_amd64.deb ...
Unpacking python3.6-minimal (3.6.5-5) ...
Selecting previously unselected package python3-minimal.
Preparing to unpack .../85-python3-minimal_3.6.5-3_amd64.deb ...
Unpacking python3-minimal (3.6.5-3) ...
Selecting previously unselected package libmpdec2:amd64.
Preparing to unpack .../86-libmpdec2_2.4.2-2_amd64.deb ...
Unpacking libmpdec2:amd64 (2.4.2-2) ...
Selecting previously unselected package libpython3.6-stdlib:amd64.
Preparing to unpack .../87-libpython3.6-stdlib_3.6.5-5_amd64.deb ...
Unpacking libpython3.6-stdlib:amd64 (3.6.5-5) ...
Selecting previously unselected package python3.6.
Preparing to unpack .../88-python3.6_3.6.5-5_amd64.deb ...
Unpacking python3.6 (3.6.5-5) ...
Selecting previously unselected package libpython3-stdlib:amd64.
Preparing to unpack .../89-libpython3-stdlib_3.6.5-3_amd64.deb ...
Unpacking libpython3-stdlib:amd64 (3.6.5-3) ...
Setting up libssl1.1:amd64 (1.1.0h-2) ...
Setting up libpython3.6-minimal:amd64 (3.6.5-5) ...
Setting up libexpat1:amd64 (2.2.5-3) ...
Setting up python3.6-minimal (3.6.5-5) ...
Setting up python3-minimal (3.6.5-3) ...
Selecting previously unselected package python3.
(Reading database ... 15432 files and directories currently installed.)
Preparing to unpack .../000-python3_3.6.5-3_amd64.deb ...
Unpacking python3 (3.6.5-3) ...
Selecting previously unselected package python3-lib2to3.
Preparing to unpack .../001-python3-lib2to3_3.6.5-3_all.deb ...
Unpacking python3-lib2to3 (3.6.5-3) ...
Selecting previously unselected package python3-distutils.
Preparing to unpack .../002-python3-distutils_3.6.5-3_all.deb ...
Unpacking python3-distutils (3.6.5-3) ...
Selecting previously unselected package libglib2.0-dev-bin.
Preparing to unpack .../003-libglib2.0-dev-bin_2.56.1-2_amd64.deb ...
Unpacking libglib2.0-dev-bin (2.56.1-2) ...
Selecting previously unselected package libpcre16-3:amd64.
Preparing to unpack .../004-libpcre16-3_2%3a8.39-9_amd64.deb ...
Unpacking libpcre16-3:amd64 (2:8.39-9) ...
Selecting previously unselected package libpcre32-3:amd64.
Preparing to unpack .../005-libpcre32-3_2%3a8.39-9_amd64.deb ...
Unpacking libpcre32-3:amd64 (2:8.39-9) ...
Selecting previously unselected package libpcrecpp0v5:amd64.
Preparing to unpack .../006-libpcrecpp0v5_2%3a8.39-9_amd64.deb ...
Unpacking libpcrecpp0v5:amd64 (2:8.39-9) ...
Selecting previously unselected package libpcre3-dev:amd64.
Preparing to unpack .../007-libpcre3-dev_2%3a8.39-9_amd64.deb ...
Unpacking libpcre3-dev:amd64 (2:8.39-9) ...
Selecting previously unselected package pkg-config.
Preparing to unpack .../008-pkg-config_0.29-4+b1_amd64.deb ...
Unpacking pkg-config (0.29-4+b1) ...
Selecting previously unselected package libglib2.0-dev:amd64.
Preparing to unpack .../009-libglib2.0-dev_2.56.1-2_amd64.deb ...
Unpacking libglib2.0-dev:amd64 (2.56.1-2) ...
Selecting previously unselected package xorg-sgml-doctools.
Preparing to unpack .../010-xorg-sgml-doctools_1%3a1.11-1_all.deb ...
Unpacking xorg-sgml-doctools (1:1.11-1) ...
Selecting previously unselected package x11proto-dev.
Preparing to unpack .../011-x11proto-dev_2018.4-4_all.deb ...
Unpacking x11proto-dev (2018.4-4) ...
Selecting previously unselected package x11proto-core-dev.
Preparing to unpack .../012-x11proto-core-dev_2018.4-4_all.deb ...
Unpacking x11proto-core-dev (2018.4-4) ...
Selecting previously unselected package libxau-dev:amd64.
Preparing to unpack .../013-libxau-dev_1%3a1.0.8-1+b2_amd64.deb ...
Unpacking libxau-dev:amd64 (1:1.0.8-1+b2) ...
Selecting previously unselected package libxdmcp-dev:amd64.
Preparing to unpack .../014-libxdmcp-dev_1%3a1.1.2-3_amd64.deb ...
Unpacking libxdmcp-dev:amd64 (1:1.1.2-3) ...
Selecting previously unselected package xtrans-dev.
Preparing to unpack .../015-xtrans-dev_1.3.5-1_all.deb ...
Unpacking xtrans-dev (1.3.5-1) ...
Selecting previously unselected package libpthread-stubs0-dev:amd64.
Preparing to unpack .../016-libpthread-stubs0-dev_0.3-4_amd64.deb ...
Unpacking libpthread-stubs0-dev:amd64 (0.3-4) ...
Selecting previously unselected package libxcb1-dev:amd64.
Preparing to unpack .../017-libxcb1-dev_1.13-1_amd64.deb ...
Unpacking libxcb1-dev:amd64 (1.13-1) ...
Selecting previously unselected package libx11-dev:amd64.
Preparing to unpack .../018-libx11-dev_2%3a1.6.5-1_amd64.deb ...
Unpacking libx11-dev:amd64 (2:1.6.5-1) ...
Selecting previously unselected package libgdk-pixbuf2.0-dev.
Preparing to unpack .../019-libgdk-pixbuf2.0-dev_2.36.11-2_amd64.deb ...
Unpacking libgdk-pixbuf2.0-dev (2.36.11-2) ...
Selecting previously unselected package liblzo2-2:amd64.
Preparing to unpack .../020-liblzo2-2_2.08-1.2+b2_amd64.deb ...
Unpacking liblzo2-2:amd64 (2.08-1.2+b2) ...
Selecting previously unselected package libcairo-script-interpreter2:amd64.
Preparing to unpack .../021-libcairo-script-interpreter2_1.15.10-3_amd64.deb ...
Unpacking libcairo-script-interpreter2:amd64 (1.15.10-3) ...
Selecting previously unselected package libexpat1-dev:amd64.
Preparing to unpack .../022-libexpat1-dev_2.2.5-3_amd64.deb ...
Unpacking libexpat1-dev:amd64 (2.2.5-3) ...
Selecting previously unselected package uuid-dev:amd64.
Preparing to unpack .../023-uuid-dev_2.31.1-0.5_amd64.deb ...
Unpacking uuid-dev:amd64 (2.31.1-0.5) ...
Selecting previously unselected package libfontconfig1-dev:amd64.
Preparing to unpack .../024-libfontconfig1-dev_2.13.0-4_amd64.deb ...
Unpacking libfontconfig1-dev:amd64 (2.13.0-4) ...
Selecting previously unselected package libxrender-dev:amd64.
Preparing to unpack .../025-libxrender-dev_1%3a0.9.10-1_amd64.deb ...
Unpacking libxrender-dev:amd64 (1:0.9.10-1) ...
Selecting previously unselected package x11proto-xext-dev.
Preparing to unpack .../026-x11proto-xext-dev_2018.4-4_all.deb ...
Unpacking x11proto-xext-dev (2018.4-4) ...
Selecting previously unselected package libxext-dev:amd64.
Preparing to unpack .../027-libxext-dev_2%3a1.3.3-1+b2_amd64.deb ...
Unpacking libxext-dev:amd64 (2:1.3.3-1+b2) ...
Selecting previously unselected package lsb-base.
Preparing to unpack .../028-lsb-base_9.20170808_all.deb ...
Unpacking lsb-base (9.20170808) ...
Selecting previously unselected package x11-common.
Preparing to unpack .../029-x11-common_1%3a7.7+19_all.deb ...
Unpacking x11-common (1:7.7+19) ...
Selecting previously unselected package libice6:amd64.
Preparing to unpack .../030-libice6_2%3a1.0.9-2_amd64.deb ...
Unpacking libice6:amd64 (2:1.0.9-2) ...
Selecting previously unselected package libsm6:amd64.
Preparing to unpack .../031-libsm6_2%3a1.2.2-1+b3_amd64.deb ...
Unpacking libsm6:amd64 (2:1.2.2-1+b3) ...
Selecting previously unselected package libice-dev:amd64.
Preparing to unpack .../032-libice-dev_2%3a1.0.9-2_amd64.deb ...
Unpacking libice-dev:amd64 (2:1.0.9-2) ...
Selecting previously unselected package libsm-dev:amd64.
Preparing to unpack .../033-libsm-dev_2%3a1.2.2-1+b3_amd64.deb ...
Unpacking libsm-dev:amd64 (2:1.2.2-1+b3) ...
Selecting previously unselected package libpixman-1-dev:amd64.
Preparing to unpack .../034-libpixman-1-dev_0.34.0-2_amd64.deb ...
Unpacking libpixman-1-dev:amd64 (0.34.0-2) ...
Selecting previously unselected package libxcb-render0-dev:amd64.
Preparing to unpack .../035-libxcb-render0-dev_1.13-1_amd64.deb ...
Unpacking libxcb-render0-dev:amd64 (1.13-1) ...
Selecting previously unselected package libxcb-shm0-dev:amd64.
Preparing to unpack .../036-libxcb-shm0-dev_1.13-1_amd64.deb ...
Unpacking libxcb-shm0-dev:amd64 (1.13-1) ...
Selecting previously unselected package libcairo2-dev:amd64.
Preparing to unpack .../037-libcairo2-dev_1.15.10-3_amd64.deb ...
Unpacking libcairo2-dev:amd64 (1.15.10-3) ...
Selecting previously unselected package librsvg2-dev:amd64.
Preparing to unpack .../038-librsvg2-dev_2.40.20-2_amd64.deb ...
Unpacking librsvg2-dev:amd64 (2.40.20-2) ...
Selecting previously unselected package libjbig-dev:amd64.
Preparing to unpack .../039-libjbig-dev_2.1-3.1+b2_amd64.deb ...
Unpacking libjbig-dev:amd64 (2.1-3.1+b2) ...
Selecting previously unselected package liblzma-dev:amd64.
Preparing to unpack .../040-liblzma-dev_5.2.2-1.3_amd64.deb ...
Unpacking liblzma-dev:amd64 (5.2.2-1.3) ...
Selecting previously unselected package libtiffxx5:amd64.
Preparing to unpack .../041-libtiffxx5_4.0.9-5_amd64.deb ...
Unpacking libtiffxx5:amd64 (4.0.9-5) ...
Selecting previously unselected package libtiff5-dev:amd64.
Preparing to unpack .../042-libtiff5-dev_4.0.9-5_amd64.deb ...
Unpacking libtiff5-dev:amd64 (4.0.9-5) ...
Selecting previously unselected package libtiff-dev.
Preparing to unpack .../043-libtiff-dev_4.0.9-5_amd64.deb ...
Unpacking libtiff-dev (4.0.9-5) ...
Selecting previously unselected package libwmf-dev.
Preparing to unpack .../044-libwmf-dev_0.2.8.4-12_amd64.deb ...
Unpacking libwmf-dev (0.2.8.4-12) ...
Selecting previously unselected package icu-devtools.
Preparing to unpack .../045-icu-devtools_57.1-9_amd64.deb ...
Unpacking icu-devtools (57.1-9) ...
Selecting previously unselected package libicu-dev.
Preparing to unpack .../046-libicu-dev_57.1-9_amd64.deb ...
Unpacking libicu-dev (57.1-9) ...
Selecting previously unselected package libxml2-dev:amd64.
Preparing to unpack .../047-libxml2-dev_2.9.4+dfsg1-6.1_amd64.deb ...
Unpacking libxml2-dev:amd64 (2.9.4+dfsg1-6.1) ...
Selecting previously unselected package libxt6:amd64.
Preparing to unpack .../048-libxt6_1%3a1.1.5-1_amd64.deb ...
Unpacking libxt6:amd64 (1:1.1.5-1) ...
Selecting previously unselected package libxt-dev:amd64.
Preparing to unpack .../049-libxt-dev_1%3a1.1.5-1_amd64.deb ...
Unpacking libxt-dev:amd64 (1:1.1.5-1) ...
Selecting previously unselected package libmagickcore-6.q16-dev:amd64.
Preparing to unpack .../050-libmagickcore-6.q16-dev_8%3a6.9.9.39+dfsg-1_amd64.deb ...
Unpacking libmagickcore-6.q16-dev:amd64 (8:6.9.9.39+dfsg-1) ...
Selecting previously unselected package libmagickwand-6.q16-dev:amd64.
Preparing to unpack .../051-libmagickwand-6.q16-dev_8%3a6.9.9.39+dfsg-1_amd64.deb ...
Unpacking libmagickwand-6.q16-dev:amd64 (8:6.9.9.39+dfsg-1) ...
Selecting previously unselected package libmagick++-6.q16-dev:amd64.
Preparing to unpack .../052-libmagick++-6.q16-dev_8%3a6.9.9.39+dfsg-1_amd64.deb ...
Unpacking libmagick++-6.q16-dev:amd64 (8:6.9.9.39+dfsg-1) ...
Selecting previously unselected package libmagick++-dev.
Preparing to unpack .../053-libmagick++-dev_8%3a6.9.9.39+dfsg-1_all.deb ...
Unpacking libmagick++-dev (8:6.9.9.39+dfsg-1) ...
Selecting previously unselected package libmagickwand-dev.
Preparing to unpack .../054-libmagickwand-dev_8%3a6.9.9.39+dfsg-1_all.deb ...
Unpacking libmagickwand-dev (8:6.9.9.39+dfsg-1) ...
Selecting previously unselected package libprocps6:amd64.
Preparing to unpack .../055-libprocps6_2%3a3.3.14-1_amd64.deb ...
Unpacking libprocps6:amd64 (2:3.3.14-1) ...
Selecting previously unselected package procps.
Preparing to unpack .../056-procps_2%3a3.3.14-1_amd64.deb ...
Unpacking procps (2:3.3.14-1) ...
Selecting previously unselected package libmagic-mgc.
Preparing to unpack .../057-libmagic-mgc_1%3a5.33-2_amd64.deb ...
Unpacking libmagic-mgc (1:5.33-2) ...
Selecting previously unselected package libmagic1:amd64.
Preparing to unpack .../058-libmagic1_1%3a5.33-2_amd64.deb ...
Unpacking libmagic1:amd64 (1:5.33-2) ...
Selecting previously unselected package file.
Preparing to unpack .../059-file_1%3a5.33-2_amd64.deb ...
Unpacking file (1:5.33-2) ...
Selecting previously unselected package gettext-base.
Preparing to unpack .../060-gettext-base_0.19.8.1-6_amd64.deb ...
Unpacking gettext-base (0.19.8.1-6) ...
Selecting previously unselected package libsigsegv2:amd64.
Preparing to unpack .../061-libsigsegv2_2.12-2_amd64.deb ...
Unpacking libsigsegv2:amd64 (2.12-2) ...
Selecting previously unselected package m4.
Preparing to unpack .../062-m4_1.4.18-1_amd64.deb ...
Unpacking m4 (1.4.18-1) ...
Selecting previously unselected package autoconf.
Preparing to unpack .../063-autoconf_2.69-11_all.deb ...
Unpacking autoconf (2.69-11) ...
Selecting previously unselected package autotools-dev.
Preparing to unpack .../064-autotools-dev_20180224.1_all.deb ...
Unpacking autotools-dev (20180224.1) ...
Selecting previously unselected package automake.
Preparing to unpack .../065-automake_1%3a1.15.1-3.1_all.deb ...
Unpacking automake (1:1.15.1-3.1) ...
Selecting previously unselected package autopoint.
Preparing to unpack .../066-autopoint_0.19.8.1-6_all.deb ...
Unpacking autopoint (0.19.8.1-6) ...
Selecting previously unselected package cmake-data.
Preparing to unpack .../067-cmake-data_3.11.1-1_all.deb ...
Unpacking cmake-data (3.11.1-1) ...
Selecting previously unselected package libarchive13:amd64.
Preparing to unpack .../068-libarchive13_3.2.2-3.1_amd64.deb ...
Unpacking libarchive13:amd64 (3.2.2-3.1) ...
Selecting previously unselected package libkeyutils1:amd64.
Preparing to unpack .../069-libkeyutils1_1.5.9-9.2_amd64.deb ...
Unpacking libkeyutils1:amd64 (1.5.9-9.2) ...
Selecting previously unselected package libkrb5support0:amd64.
Preparing to unpack .../070-libkrb5support0_1.16-2_amd64.deb ...
Unpacking libkrb5support0:amd64 (1.16-2) ...
Selecting previously unselected package libk5crypto3:amd64.
Preparing to unpack .../071-libk5crypto3_1.16-2_amd64.deb ...
Unpacking libk5crypto3:amd64 (1.16-2) ...
Selecting previously unselected package libkrb5-3:amd64.
Preparing to unpack .../072-libkrb5-3_1.16-2_amd64.deb ...
Unpacking libkrb5-3:amd64 (1.16-2) ...
Selecting previously unselected package libgssapi-krb5-2:amd64.
Preparing to unpack .../073-libgssapi-krb5-2_1.16-2_amd64.deb ...
Unpacking libgssapi-krb5-2:amd64 (1.16-2) ...
Selecting previously unselected package libsasl2-modules-db:amd64.
Preparing to unpack .../074-libsasl2-modules-db_2.1.27~101-g0780600+dfsg-3.1_amd64.deb ...
Unpacking libsasl2-modules-db:amd64 (2.1.27~101-g0780600+dfsg-3.1) ...
Selecting previously unselected package libsasl2-2:amd64.
Preparing to unpack .../075-libsasl2-2_2.1.27~101-g0780600+dfsg-3.1_amd64.deb ...
Unpacking libsasl2-2:amd64 (2.1.27~101-g0780600+dfsg-3.1) ...
Selecting previously unselected package libldap-common.
Preparing to unpack .../076-libldap-common_2.4.45+dfsg-1_all.deb ...
Unpacking libldap-common (2.4.45+dfsg-1) ...
Selecting previously unselected package libldap-2.4-2:amd64.
Preparing to unpack .../077-libldap-2.4-2_2.4.45+dfsg-1_amd64.deb ...
Unpacking libldap-2.4-2:amd64 (2.4.45+dfsg-1) ...
Selecting previously unselected package libnghttp2-14:amd64.
Preparing to unpack .../078-libnghttp2-14_1.31.1-1_amd64.deb ...
Unpacking libnghttp2-14:amd64 (1.31.1-1) ...
Selecting previously unselected package libpsl5:amd64.
Preparing to unpack .../079-libpsl5_0.20.1-1_amd64.deb ...
Unpacking libpsl5:amd64 (0.20.1-1) ...
Selecting previously unselected package librtmp1:amd64.
Preparing to unpack .../080-librtmp1_2.4+20151223.gitfa8646d.1-1+b1_amd64.deb ...
Unpacking librtmp1:amd64 (2.4+20151223.gitfa8646d.1-1+b1) ...
Selecting previously unselected package libssh2-1:amd64.
Preparing to unpack .../081-libssh2-1_1.8.0-1_amd64.deb ...
Unpacking libssh2-1:amd64 (1.8.0-1) ...
Selecting previously unselected package libssl1.0.2:amd64.
Preparing to unpack .../082-libssl1.0.2_1.0.2o-1_amd64.deb ...
Unpacking libssl1.0.2:amd64 (1.0.2o-1) ...
Selecting previously unselected package libcurl3:amd64.
Preparing to unpack .../083-libcurl3_7.58.0-2_amd64.deb ...
Unpacking libcurl3:amd64 (7.58.0-2) ...
Selecting previously unselected package librhash0:amd64.
Preparing to unpack .../084-librhash0_1.3.6-2_amd64.deb ...
Unpacking librhash0:amd64 (1.3.6-2) ...
Selecting previously unselected package libuv1:amd64.
Preparing to unpack .../085-libuv1_1.18.0-3_amd64.deb ...
Unpacking libuv1:amd64 (1.18.0-3) ...
Selecting previously unselected package cmake.
Preparing to unpack .../086-cmake_3.11.1-1_amd64.deb ...
Unpacking cmake (3.11.1-1) ...
Selecting previously unselected package libtool.
Preparing to unpack .../087-libtool_2.4.6-2.1_all.deb ...
Unpacking libtool (2.4.6-2.1) ...
Selecting previously unselected package dh-autoreconf.
Preparing to unpack .../088-dh-autoreconf_17_all.deb ...
Unpacking dh-autoreconf (17) ...
Selecting previously unselected package libarchive-zip-perl.
Preparing to unpack .../089-libarchive-zip-perl_1.60-1_all.deb ...
Unpacking libarchive-zip-perl (1.60-1) ...
Selecting previously unselected package libfile-stripnondeterminism-perl.
Preparing to unpack .../090-libfile-stripnondeterminism-perl_0.041-1_all.deb ...
Unpacking libfile-stripnondeterminism-perl (0.041-1) ...
Selecting previously unselected package libtimedate-perl.
Preparing to unpack .../091-libtimedate-perl_2.3000-2_all.deb ...
Unpacking libtimedate-perl (2.3000-2) ...
Selecting previously unselected package dh-strip-nondeterminism.
Preparing to unpack .../092-dh-strip-nondeterminism_0.041-1_all.deb ...
Unpacking dh-strip-nondeterminism (0.041-1) ...
Selecting previously unselected package gettext.
Preparing to unpack .../093-gettext_0.19.8.1-6_amd64.deb ...
Unpacking gettext (0.19.8.1-6) ...
Selecting previously unselected package intltool-debian.
Preparing to unpack .../094-intltool-debian_0.35.0+20060710.4_all.deb ...
Unpacking intltool-debian (0.35.0+20060710.4) ...
Selecting previously unselected package po-debconf.
Preparing to unpack .../095-po-debconf_1.0.20_all.deb ...
Unpacking po-debconf (1.0.20) ...
Selecting previously unselected package debhelper.
Preparing to unpack .../096-debhelper_11.2.1_all.deb ...
Unpacking debhelper (11.2.1) ...
Selecting previously unselected package dh-buildinfo.
Preparing to unpack .../097-dh-buildinfo_0.11+nmu2_all.deb ...
Unpacking dh-buildinfo (0.11+nmu2) ...
Selecting previously unselected package diffstat.
Preparing to unpack .../098-diffstat_1.61-1+b1_amd64.deb ...
Unpacking diffstat (1.61-1+b1) ...
Selecting previously unselected package libasound2-data.
Preparing to unpack .../099-libasound2-data_1.1.6-1_all.deb ...
Unpacking libasound2-data (1.1.6-1) ...
Selecting previously unselected package libasound2:amd64.
Preparing to unpack .../100-libasound2_1.1.6-1_amd64.deb ...
Unpacking libasound2:amd64 (1.1.6-1) ...
Selecting previously unselected package libasound2-dev:amd64.
Preparing to unpack .../101-libasound2-dev_1.1.6-1_amd64.deb ...
Unpacking libasound2-dev:amd64 (1.1.6-1) ...
Selecting previously unselected package libasyncns0:amd64.
Preparing to unpack .../102-libasyncns0_0.8-6_amd64.deb ...
Unpacking libasyncns0:amd64 (0.8-6) ...
Selecting previously unselected package libslang2:amd64.
Preparing to unpack .../103-libslang2_2.3.2-1_amd64.deb ...
Unpacking libslang2:amd64 (2.3.2-1) ...
Selecting previously unselected package libcaca0:amd64.
Preparing to unpack .../104-libcaca0_0.99.beta19-2+b2_amd64.deb ...
Unpacking libcaca0:amd64 (0.99.beta19-2+b2) ...
Selecting previously unselected package libslang2-dev:amd64.
Preparing to unpack .../105-libslang2-dev_2.3.2-1_amd64.deb ...
Unpacking libslang2-dev:amd64 (2.3.2-1) ...
Selecting previously unselected package libcaca-dev.
Preparing to unpack .../106-libcaca-dev_0.99.beta19-2+b2_amd64.deb ...
Unpacking libcaca-dev (0.99.beta19-2+b2) ...
Selecting previously unselected package libcap2:amd64.
Preparing to unpack .../107-libcap2_1%3a2.25-1.2_amd64.deb ...
Unpacking libcap2:amd64 (1:2.25-1.2) ...
Selecting previously unselected package libdbus-1-3:amd64.
Preparing to unpack .../108-libdbus-1-3_1.12.8-1_amd64.deb ...
Unpacking libdbus-1-3:amd64 (1.12.8-1) ...
Selecting previously unselected package libdrm-common.
Preparing to unpack .../109-libdrm-common_2.4.91-2_all.deb ...
Unpacking libdrm-common (2.4.91-2) ...
Selecting previously unselected package libdrm2:amd64.
Preparing to unpack .../110-libdrm2_2.4.91-2_amd64.deb ...
Unpacking libdrm2:amd64 (2.4.91-2) ...
Selecting previously unselected package libdrm-amdgpu1:amd64.
Preparing to unpack .../111-libdrm-amdgpu1_2.4.91-2_amd64.deb ...
Unpacking libdrm-amdgpu1:amd64 (2.4.91-2) ...
Selecting previously unselected package libpciaccess0:amd64.
Preparing to unpack .../112-libpciaccess0_0.14-1_amd64.deb ...
Unpacking libpciaccess0:amd64 (0.14-1) ...
Selecting previously unselected package libdrm-intel1:amd64.
Preparing to unpack .../113-libdrm-intel1_2.4.91-2_amd64.deb ...
Unpacking libdrm-intel1:amd64 (2.4.91-2) ...
Selecting previously unselected package libdrm-radeon1:amd64.
Preparing to unpack .../114-libdrm-radeon1_2.4.91-2_amd64.deb ...
Unpacking libdrm-radeon1:amd64 (2.4.91-2) ...
Selecting previously unselected package libdrm-nouveau2:amd64.
Preparing to unpack .../115-libdrm-nouveau2_2.4.91-2_amd64.deb ...
Unpacking libdrm-nouveau2:amd64 (2.4.91-2) ...
Selecting previously unselected package libdrm-dev:amd64.
Preparing to unpack .../116-libdrm-dev_2.4.91-2_amd64.deb ...
Unpacking libdrm-dev:amd64 (2.4.91-2) ...
Selecting previously unselected package libwayland-server0:amd64.
Preparing to unpack .../117-libwayland-server0_1.15.0-1_amd64.deb ...
Unpacking libwayland-server0:amd64 (1.15.0-1) ...
Selecting previously unselected package libgbm1:amd64.
Preparing to unpack .../118-libgbm1_17.3.9-1_amd64.deb ...
Unpacking libgbm1:amd64 (17.3.9-1) ...
Selecting previously unselected package libglapi-mesa:amd64.
Preparing to unpack .../119-libglapi-mesa_17.3.9-1_amd64.deb ...
Unpacking libglapi-mesa:amd64 (17.3.9-1) ...
Selecting previously unselected package libwayland-client0:amd64.
Preparing to unpack .../120-libwayland-client0_1.15.0-1_amd64.deb ...
Unpacking libwayland-client0:amd64 (1.15.0-1) ...
Selecting previously unselected package libx11-xcb1:amd64.
Preparing to unpack .../121-libx11-xcb1_2%3a1.6.5-1_amd64.deb ...
Unpacking libx11-xcb1:amd64 (2:1.6.5-1) ...
Selecting previously unselected package libxcb-dri2-0:amd64.
Preparing to unpack .../122-libxcb-dri2-0_1.13-1_amd64.deb ...
Unpacking libxcb-dri2-0:amd64 (1.13-1) ...
Selecting previously unselected package libxcb-dri3-0:amd64.
Preparing to unpack .../123-libxcb-dri3-0_1.13-1_amd64.deb ...
Unpacking libxcb-dri3-0:amd64 (1.13-1) ...
Selecting previously unselected package libxcb-present0:amd64.
Preparing to unpack .../124-libxcb-present0_1.13-1_amd64.deb ...
Unpacking libxcb-present0:amd64 (1.13-1) ...
Selecting previously unselected package libxcb-sync1:amd64.
Preparing to unpack .../125-libxcb-sync1_1.13-1_amd64.deb ...
Unpacking libxcb-sync1:amd64 (1.13-1) ...
Selecting previously unselected package libxcb-xfixes0:amd64.
Preparing to unpack .../126-libxcb-xfixes0_1.13-1_amd64.deb ...
Unpacking libxcb-xfixes0:amd64 (1.13-1) ...
Selecting previously unselected package libxshmfence1:amd64.
Preparing to unpack .../127-libxshmfence1_1.3-1_amd64.deb ...
Unpacking libxshmfence1:amd64 (1.3-1) ...
Selecting previously unselected package libegl-mesa0:amd64.
Preparing to unpack .../128-libegl-mesa0_17.3.9-1_amd64.deb ...
Unpacking libegl-mesa0:amd64 (17.3.9-1) ...
Selecting previously unselected package libogg0:amd64.
Preparing to unpack .../129-libogg0_1.3.2-1+b1_amd64.deb ...
Unpacking libogg0:amd64 (1.3.2-1+b1) ...
Selecting previously unselected package libflac8:amd64.
Preparing to unpack .../130-libflac8_1.3.2-2_amd64.deb ...
Unpacking libflac8:amd64 (1.3.2-2) ...
Selecting previously unselected package libogg-dev:amd64.
Preparing to unpack .../131-libogg-dev_1.3.2-1+b1_amd64.deb ...
Unpacking libogg-dev:amd64 (1.3.2-1+b1) ...
Selecting previously unselected package libflac-dev:amd64.
Preparing to unpack .../132-libflac-dev_1.3.2-2_amd64.deb ...
Unpacking libflac-dev:amd64 (1.3.2-2) ...
Selecting previously unselected package libopus0:amd64.
Preparing to unpack .../133-libopus0_1.2.1-1_amd64.deb ...
Unpacking libopus0:amd64 (1.2.1-1) ...
Selecting previously unselected package libsamplerate0:amd64.
Preparing to unpack .../134-libsamplerate0_0.1.9-2_amd64.deb ...
Unpacking libsamplerate0:amd64 (0.1.9-2) ...
Selecting previously unselected package libjack-jackd2-0:amd64.
Preparing to unpack .../135-libjack-jackd2-0_1.9.12~dfsg-2_amd64.deb ...
Unpacking libjack-jackd2-0:amd64 (1.9.12~dfsg-2) ...
Selecting previously unselected package libvorbis0a:amd64.
Preparing to unpack .../136-libvorbis0a_1.3.6-1_amd64.deb ...
Unpacking libvorbis0a:amd64 (1.3.6-1) ...
Selecting previously unselected package libvorbisenc2:amd64.
Preparing to unpack .../137-libvorbisenc2_1.3.6-1_amd64.deb ...
Unpacking libvorbisenc2:amd64 (1.3.6-1) ...
Selecting previously unselected package libsndfile1:amd64.
Preparing to unpack .../138-libsndfile1_1.0.28-4_amd64.deb ...
Unpacking libsndfile1:amd64 (1.0.28-4) ...
Selecting previously unselected package libwrap0:amd64.
Preparing to unpack .../139-libwrap0_7.6.q-27_amd64.deb ...
Unpacking libwrap0:amd64 (7.6.q-27) ...
Selecting previously unselected package libxi6:amd64.
Preparing to unpack .../140-libxi6_2%3a1.7.9-1_amd64.deb ...
Unpacking libxi6:amd64 (2:1.7.9-1) ...
Selecting previously unselected package libxtst6:amd64.
Preparing to unpack .../141-libxtst6_2%3a1.2.3-1_amd64.deb ...
Unpacking libxtst6:amd64 (2:1.2.3-1) ...
Selecting previously unselected package libpulse0:amd64.
Preparing to unpack .../142-libpulse0_11.1-5_amd64.deb ...
Unpacking libpulse0:amd64 (11.1-5) ...
Selecting previously unselected package libfluidsynth1:amd64.
Preparing to unpack .../143-libfluidsynth1_1.1.10-1_amd64.deb ...
Unpacking libfluidsynth1:amd64 (1.1.10-1) ...
Selecting previously unselected package mesa-common-dev:amd64.
Preparing to unpack .../144-mesa-common-dev_17.3.9-1_amd64.deb ...
Unpacking mesa-common-dev:amd64 (17.3.9-1) ...
Selecting previously unselected package libglvnd0:amd64.
Preparing to unpack .../145-libglvnd0_1.0.0+git20180308-2_amd64.deb ...
Unpacking libglvnd0:amd64 (1.0.0+git20180308-2) ...
Selecting previously unselected package libglvnd-core-dev:amd64.
Preparing to unpack .../146-libglvnd-core-dev_1.0.0+git20180308-2_amd64.deb ...
Unpacking libglvnd-core-dev:amd64 (1.0.0+git20180308-2) ...
Selecting previously unselected package libegl1:amd64.
Preparing to unpack .../147-libegl1_1.0.0+git20180308-2_amd64.deb ...
Unpacking libegl1:amd64 (1.0.0+git20180308-2) ...
Selecting previously unselected package libgles2:amd64.
Preparing to unpack .../148-libgles2_1.0.0+git20180308-2_amd64.deb ...
Unpacking libgles2:amd64 (1.0.0+git20180308-2) ...
Selecting previously unselected package libxcb-glx0:amd64.
Preparing to unpack .../149-libxcb-glx0_1.13-1_amd64.deb ...
Unpacking libxcb-glx0:amd64 (1.13-1) ...
Selecting previously unselected package libxfixes3:amd64.
Preparing to unpack .../150-libxfixes3_1%3a5.0.3-1_amd64.deb ...
Unpacking libxfixes3:amd64 (1:5.0.3-1) ...
Selecting previously unselected package libxdamage1:amd64.
Preparing to unpack .../151-libxdamage1_1%3a1.1.4-3_amd64.deb ...
Unpacking libxdamage1:amd64 (1:1.1.4-3) ...
Selecting previously unselected package libxxf86vm1:amd64.
Preparing to unpack .../152-libxxf86vm1_1%3a1.1.4-1+b2_amd64.deb ...
Unpacking libxxf86vm1:amd64 (1:1.1.4-1+b2) ...
Selecting previously unselected package libllvm5.0:amd64.
Preparing to unpack .../153-libllvm5.0_1%3a5.0.1-4_amd64.deb ...
Unpacking libllvm5.0:amd64 (1:5.0.1-4) ...
Selecting previously unselected package libsensors4:amd64.
Preparing to unpack .../154-libsensors4_1%3a3.4.0-4_amd64.deb ...
Unpacking libsensors4:amd64 (1:3.4.0-4) ...
Selecting previously unselected package libgl1-mesa-dri:amd64.
Preparing to unpack .../155-libgl1-mesa-dri_17.3.9-1_amd64.deb ...
Unpacking libgl1-mesa-dri:amd64 (17.3.9-1) ...
Selecting previously unselected package libglx-mesa0:amd64.
Preparing to unpack .../156-libglx-mesa0_17.3.9-1_amd64.deb ...
Unpacking libglx-mesa0:amd64 (17.3.9-1) ...
Selecting previously unselected package libglx0:amd64.
Preparing to unpack .../157-libglx0_1.0.0+git20180308-2_amd64.deb ...
Unpacking libglx0:amd64 (1.0.0+git20180308-2) ...
Selecting previously unselected package libgl1:amd64.
Preparing to unpack .../158-libgl1_1.0.0+git20180308-2_amd64.deb ...
Unpacking libgl1:amd64 (1.0.0+git20180308-2) ...
Selecting previously unselected package libopengl0:amd64.
Preparing to unpack .../159-libopengl0_1.0.0+git20180308-2_amd64.deb ...
Unpacking libopengl0:amd64 (1.0.0+git20180308-2) ...
Selecting previously unselected package libglvnd-dev:amd64.
Preparing to unpack .../160-libglvnd-dev_1.0.0+git20180308-2_amd64.deb ...
Unpacking libglvnd-dev:amd64 (1.0.0+git20180308-2) ...
Selecting previously unselected package libx11-xcb-dev:amd64.
Preparing to unpack .../161-libx11-xcb-dev_2%3a1.6.5-1_amd64.deb ...
Unpacking libx11-xcb-dev:amd64 (2:1.6.5-1) ...
Selecting previously unselected package libxcb-dri3-dev:amd64.
Preparing to unpack .../162-libxcb-dri3-dev_1.13-1_amd64.deb ...
Unpacking libxcb-dri3-dev:amd64 (1.13-1) ...
Selecting previously unselected package libxcb-randr0:amd64.
Preparing to unpack .../163-libxcb-randr0_1.13-1_amd64.deb ...
Unpacking libxcb-randr0:amd64 (1.13-1) ...
Selecting previously unselected package libxcb-randr0-dev:amd64.
Preparing to unpack .../164-libxcb-randr0-dev_1.13-1_amd64.deb ...
Unpacking libxcb-randr0-dev:amd64 (1.13-1) ...
Selecting previously unselected package libxcb-shape0:amd64.
Preparing to unpack .../165-libxcb-shape0_1.13-1_amd64.deb ...
Unpacking libxcb-shape0:amd64 (1.13-1) ...
Selecting previously unselected package libxcb-shape0-dev:amd64.
Preparing to unpack .../166-libxcb-shape0-dev_1.13-1_amd64.deb ...
Unpacking libxcb-shape0-dev:amd64 (1.13-1) ...
Selecting previously unselected package libxcb-xfixes0-dev:amd64.
Preparing to unpack .../167-libxcb-xfixes0-dev_1.13-1_amd64.deb ...
Unpacking libxcb-xfixes0-dev:amd64 (1.13-1) ...
Selecting previously unselected package libxcb-sync-dev:amd64.
Preparing to unpack .../168-libxcb-sync-dev_1.13-1_amd64.deb ...
Unpacking libxcb-sync-dev:amd64 (1.13-1) ...
Selecting previously unselected package libxcb-present-dev:amd64.
Preparing to unpack .../169-libxcb-present-dev_1.13-1_amd64.deb ...
Unpacking libxcb-present-dev:amd64 (1.13-1) ...
Selecting previously unselected package libxshmfence-dev:amd64.
Preparing to unpack .../170-libxshmfence-dev_1.3-1_amd64.deb ...
Unpacking libxshmfence-dev:amd64 (1.3-1) ...
Selecting previously unselected package libxcb-dri2-0-dev:amd64.
Preparing to unpack .../171-libxcb-dri2-0-dev_1.13-1_amd64.deb ...
Unpacking libxcb-dri2-0-dev:amd64 (1.13-1) ...
Selecting previously unselected package libxcb-glx0-dev:amd64.
Preparing to unpack .../172-libxcb-glx0-dev_1.13-1_amd64.deb ...
Unpacking libxcb-glx0-dev:amd64 (1.13-1) ...
Selecting previously unselected package x11proto-fixes-dev.
Preparing to unpack .../173-x11proto-fixes-dev_1%3a2018.4-4_all.deb ...
Unpacking x11proto-fixes-dev (1:2018.4-4) ...
Selecting previously unselected package libxfixes-dev:amd64.
Preparing to unpack .../174-libxfixes-dev_1%3a5.0.3-1_amd64.deb ...
Unpacking libxfixes-dev:amd64 (1:5.0.3-1) ...
Selecting previously unselected package x11proto-damage-dev.
Preparing to unpack .../175-x11proto-damage-dev_1%3a2018.4-4_all.deb ...
Unpacking x11proto-damage-dev (1:2018.4-4) ...
Selecting previously unselected package libxdamage-dev:amd64.
Preparing to unpack .../176-libxdamage-dev_1%3a1.1.4-3_amd64.deb ...
Unpacking libxdamage-dev:amd64 (1:1.1.4-3) ...
Selecting previously unselected package x11proto-xf86vidmode-dev.
Preparing to unpack .../177-x11proto-xf86vidmode-dev_2018.4-4_all.deb ...
Unpacking x11proto-xf86vidmode-dev (2018.4-4) ...
Selecting previously unselected package libxxf86vm-dev:amd64.
Preparing to unpack .../178-libxxf86vm-dev_1%3a1.1.4-1+b2_amd64.deb ...
Unpacking libxxf86vm-dev:amd64 (1:1.1.4-1+b2) ...
Selecting previously unselected package x11proto-dri2-dev.
Preparing to unpack .../179-x11proto-dri2-dev_2018.4-4_all.deb ...
Unpacking x11proto-dri2-dev (2018.4-4) ...
Selecting previously unselected package x11proto-gl-dev.
Preparing to unpack .../180-x11proto-gl-dev_2018.4-4_all.deb ...
Unpacking x11proto-gl-dev (2018.4-4) ...
Selecting previously unselected package libgl1-mesa-dev:amd64.
Preparing to unpack .../181-libgl1-mesa-dev_17.3.9-1_amd64.deb ...
Unpacking libgl1-mesa-dev:amd64 (17.3.9-1) ...
Selecting previously unselected package libgl1-mesa-glx:amd64.
Preparing to unpack .../182-libgl1-mesa-glx_17.3.9-1_amd64.deb ...
Unpacking libgl1-mesa-glx:amd64 (17.3.9-1) ...
Selecting previously unselected package libglu1-mesa:amd64.
Preparing to unpack .../183-libglu1-mesa_9.0.0-2.1_amd64.deb ...
Unpacking libglu1-mesa:amd64 (9.0.0-2.1) ...
Selecting previously unselected package libglu1-mesa-dev:amd64.
Preparing to unpack .../184-libglu1-mesa-dev_9.0.0-2.1_amd64.deb ...
Unpacking libglu1-mesa-dev:amd64 (9.0.0-2.1) ...
Selecting previously unselected package libmad0:amd64.
Preparing to unpack .../185-libmad0_0.15.1b-9_amd64.deb ...
Unpacking libmad0:amd64 (0.15.1b-9) ...
Selecting previously unselected package libmad0-dev.
Preparing to unpack .../186-libmad0-dev_0.15.1b-9_amd64.deb ...
Unpacking libmad0-dev (0.15.1b-9) ...
Selecting previously unselected package libmikmod-config.
Preparing to unpack .../187-libmikmod-config_3.3.11.1-3_amd64.deb ...
Unpacking libmikmod-config (3.3.11.1-3) ...
Selecting previously unselected package libopenal-data.
Preparing to unpack .../188-libopenal-data_1%3a1.18.2-3_all.deb ...
Unpacking libopenal-data (1:1.18.2-3) ...
Selecting previously unselected package libsndio6.1:amd64.
Preparing to unpack .../189-libsndio6.1_1.1.0-3_amd64.deb ...
Unpacking libsndio6.1:amd64 (1.1.0-3) ...
Selecting previously unselected package libopenal1:amd64.
Preparing to unpack .../190-libopenal1_1%3a1.18.2-3_amd64.deb ...
Unpacking libopenal1:amd64 (1:1.18.2-3) ...
Selecting previously unselected package libwayland-cursor0:amd64.
Preparing to unpack .../191-libwayland-cursor0_1.15.0-1_amd64.deb ...
Unpacking libwayland-cursor0:amd64 (1.15.0-1) ...
Selecting previously unselected package libwayland-egl1-mesa:amd64.
Preparing to unpack .../192-libwayland-egl1-mesa_17.3.9-1_amd64.deb ...
Unpacking libwayland-egl1-mesa:amd64 (17.3.9-1) ...
Selecting previously unselected package libxcursor1:amd64.
Preparing to unpack .../193-libxcursor1_1%3a1.1.15-1_amd64.deb ...
Unpacking libxcursor1:amd64 (1:1.1.15-1) ...
Selecting previously unselected package libxinerama1:amd64.
Preparing to unpack .../194-libxinerama1_2%3a1.1.3-1+b3_amd64.deb ...
Unpacking libxinerama1:amd64 (2:1.1.3-1+b3) ...
Selecting previously unselected package xkb-data.
Preparing to unpack .../195-xkb-data_2.23.1-1_all.deb ...
Unpacking xkb-data (2.23.1-1) ...
Selecting previously unselected package libxkbcommon0:amd64.
Preparing to unpack .../196-libxkbcommon0_0.8.0-1_amd64.deb ...
Unpacking libxkbcommon0:amd64 (0.8.0-1) ...
Selecting previously unselected package libxrandr2:amd64.
Preparing to unpack .../197-libxrandr2_2%3a1.5.1-1_amd64.deb ...
Unpacking libxrandr2:amd64 (2:1.5.1-1) ...
Selecting previously unselected package libxss1:amd64.
Preparing to unpack .../198-libxss1_1%3a1.2.2-1+b2_amd64.deb ...
Unpacking libxss1:amd64 (1:1.2.2-1+b2) ...
Selecting previously unselected package libsdl2-2.0-0:amd64.
Preparing to unpack .../199-libsdl2-2.0-0_2.0.8+dfsg1-1_amd64.deb ...
Unpacking libsdl2-2.0-0:amd64 (2.0.8+dfsg1-1) ...
Selecting previously unselected package libmikmod3:amd64.
Preparing to unpack .../200-libmikmod3_3.3.11.1-3_amd64.deb ...
Unpacking libmikmod3:amd64 (3.3.11.1-3) ...
Selecting previously unselected package libmikmod-dev:amd64.
Preparing to unpack .../201-libmikmod-dev_3.3.11.1-3_amd64.deb ...
Unpacking libmikmod-dev:amd64 (3.3.11.1-3) ...
Selecting previously unselected package libpulse-mainloop-glib0:amd64.
Preparing to unpack .../202-libpulse-mainloop-glib0_11.1-5_amd64.deb ...
Unpacking libpulse-mainloop-glib0:amd64 (11.1-5) ...
Selecting previously unselected package libpulse-dev:amd64.
Preparing to unpack .../203-libpulse-dev_11.1-5_amd64.deb ...
Unpacking libpulse-dev:amd64 (11.1-5) ...
Selecting previously unselected package libpython2.7:amd64.
Preparing to unpack .../204-libpython2.7_2.7.15-1_amd64.deb ...
Unpacking libpython2.7:amd64 (2.7.15-1) ...
Selecting previously unselected package libpython2.7-dev:amd64.
Preparing to unpack .../205-libpython2.7-dev_2.7.15-1_amd64.deb ...
Unpacking libpython2.7-dev:amd64 (2.7.15-1) ...
Selecting previously unselected package libpython-dev:amd64.
Preparing to unpack .../206-libpython-dev_2.7.15~rc1-1_amd64.deb ...
Unpacking libpython-dev:amd64 (2.7.15~rc1-1) ...
Selecting previously unselected package libsdl1.2debian:amd64.
Preparing to unpack .../207-libsdl1.2debian_1.2.15+dfsg2-0.1_amd64.deb ...
Unpacking libsdl1.2debian:amd64 (1.2.15+dfsg2-0.1) ...
Selecting previously unselected package libvorbisfile3:amd64.
Preparing to unpack .../208-libvorbisfile3_1.3.6-1_amd64.deb ...
Unpacking libvorbisfile3:amd64 (1.3.6-1) ...
Selecting previously unselected package libsdl-mixer1.2:amd64.
Preparing to unpack .../209-libsdl-mixer1.2_1.2.12-14_amd64.deb ...
Unpacking libsdl-mixer1.2:amd64 (1.2.12-14) ...
Selecting previously unselected package libsdl1.2-dev.
Preparing to unpack .../210-libsdl1.2-dev_1.2.15+dfsg2-0.1_amd64.deb ...
Unpacking libsdl1.2-dev (1.2.15+dfsg2-0.1) ...
Selecting previously unselected package libvorbis-dev:amd64.
Preparing to unpack .../211-libvorbis-dev_1.3.6-1_amd64.deb ...
Unpacking libvorbis-dev:amd64 (1.3.6-1) ...
Selecting previously unselected package libsdl-mixer1.2-dev:amd64.
Preparing to unpack .../212-libsdl-mixer1.2-dev_1.2.12-14_amd64.deb ...
Unpacking libsdl-mixer1.2-dev:amd64 (1.2.12-14) ...
Selecting previously unselected package python2.7-dev.
Preparing to unpack .../213-python2.7-dev_2.7.15-1_amd64.deb ...
Unpacking python2.7-dev (2.7.15-1) ...
Selecting previously unselected package python-dev.
Preparing to unpack .../214-python-dev_2.7.15~rc1-1_amd64.deb ...
Unpacking python-dev (2.7.15~rc1-1) ...
Selecting previously unselected package quilt.
Preparing to unpack .../215-quilt_0.63-8.2_all.deb ...
Unpacking quilt (0.63-8.2) ...
Selecting previously unselected package sbuild-build-depends-libtuxcap-dummy.
Preparing to unpack .../216-sbuild-build-depends-libtuxcap-dummy_0.invalid.0_amd64.deb ...
Unpacking sbuild-build-depends-libtuxcap-dummy (0.invalid.0) ...
Setting up imagemagick-6-common (8:6.9.9.39+dfsg-1) ...
Setting up libglvnd0:amd64 (1.0.0+git20180308-2) ...
Setting up readline-common (7.0-3) ...
Setting up libopengl0:amd64 (1.0.0+git20180308-2) ...
Setting up libbz2-dev:amd64 (1.0.6-8.1) ...
Setting up libopenjp2-7:amd64 (2.3.0-1) ...
Setting up libasyncns0:amd64 (0.8-6) ...
Setting up libjpeg62-turbo:amd64 (1:1.5.2-2+b1) ...
Setting up libarchive-zip-perl (1.60-1) ...
Setting up libnghttp2-14:amd64 (1.31.1-1) ...
Setting up mime-support (3.60) ...
Setting up libpng16-16:amd64 (1.6.34-1) ...
Setting up libtimedate-perl (2.3000-2) ...
Setting up liblcms2-2:amd64 (2.9-1) ...
Setting up libjbig0:amd64 (2.1-3.1+b2) ...
Setting up libsigsegv2:amd64 (2.12-2) ...
Setting up libldap-common (2.4.45+dfsg-1) ...
Setting up libpthread-stubs0-dev:amd64 (0.3-4) ...
Setting up fonts-dejavu-core (2.37-1) ...
Setting up libdjvulibre-text (3.5.27.1-9) ...
Setting up libuv1:amd64 (1.18.0-3) ...
Setting up libreadline7:amd64 (7.0-3+b1) ...
Setting up libilmbase23:amd64 (2.2.1-2) ...
Setting up libpsl5:amd64 (0.20.1-1) ...
Setting up libelf1:amd64 (0.170-0.4) ...
Setting up groff-base (1.22.3-10) ...
Setting up libglib2.0-0:amd64 (2.56.1-2) ...
No schema files found: doing nothing.
Setting up libasound2-data (1.1.6-1) ...
Setting up libxshmfence1:amd64 (1.3-1) ...
Setting up xorg-sgml-doctools (1:1.11-1) ...
Setting up libncursesw6:amd64 (6.1+20180210-2) ...
Setting up libcap2:amd64 (1:2.25-1.2) ...
Setting up libwayland-client0:amd64 (1.15.0-1) ...
Setting up xkb-data (2.23.1-1) ...
Setting up libsasl2-modules-db:amd64 (2.1.27~101-g0780600+dfsg-3.1) ...
Setting up libmagickcore-6-arch-config:amd64 (8:6.9.9.39+dfsg-1) ...
Setting up libsasl2-2:amd64 (2.1.27~101-g0780600+dfsg-3.1) ...
Setting up uuid-dev:amd64 (2.31.1-0.5) ...
Setting up libgdk-pixbuf2.0-common (2.36.11-2) ...
Setting up libopenjp2-7-dev (2.3.0-1) ...
Setting up libllvm5.0:amd64 (1:5.0.1-4) ...
Setting up libdatrie1:amd64 (0.2.11-1) ...
Setting up libtiff5:amd64 (4.0.9-5) ...
Setting up gettext-base (0.19.8.1-6) ...
Setting up cmake-data (3.11.1-1) ...
Setting up libpipeline1:amd64 (1.5.0-1) ...
Setting up libglapi-mesa:amd64 (17.3.9-1) ...
Setting up librtmp1:amd64 (2.4+20151223.gitfa8646d.1-1+b1) ...
Setting up m4 (1.4.18-1) ...
Setting up libfftw3-double3:amd64 (3.3.7-1+b1) ...
Setting up libicu57:amd64 (57.1-9) ...
Setting up libprocps6:amd64 (2:3.3.14-1) ...
Setting up ucf (3.0038) ...
Setting up libgirepository-1.0-1:amd64 (1.56.1-1) ...
Setting up libxml2:amd64 (2.9.4+dfsg1-6.1) ...
Setting up x11proto-dev (2018.4-4) ...
Setting up libopus0:amd64 (1.2.1-1) ...
Setting up libfreetype6:amd64 (2.8.1-2) ...
Setting up libmagic-mgc (1:5.33-2) ...
Setting up libasound2:amd64 (1.1.6-1) ...
Setting up libopenal-data (1:1.18.2-3) ...
Setting up libmagic1:amd64 (1:5.33-2) ...
Setting up libdrm-common (2.4.91-2) ...
Setting up lsb-base (9.20170808) ...
Setting up libgraphite2-3:amd64 (1.3.11-2) ...
Setting up librhash0:amd64 (1.3.6-2) ...
Setting up libjbig-dev:amd64 (2.1-3.1+b2) ...
Setting up procps (2:3.3.14-1) ...
update-alternatives: using /usr/bin/w.procps to provide /usr/bin/w (w) in auto mode
Setting up libcroco3:amd64 (0.6.12-2) ...
Setting up libogg0:amd64 (1.3.2-1+b1) ...
Setting up libssl1.0.2:amd64 (1.0.2o-1) ...
Setting up x11proto-damage-dev (1:2018.4-4) ...
Setting up pkg-config (0.29-4+b1) ...
Setting up liblqr-1-0:amd64 (0.4.2-2.1) ...
Setting up libx11-xcb1:amd64 (2:1.6.5-1) ...
Setting up libpixman-1-0:amd64 (0.34.0-2) ...
Setting up xtrans-dev (1.3.5-1) ...
Setting up gir1.2-glib-2.0:amd64 (1.56.1-1) ...
Setting up x11proto-xext-dev (2018.4-4) ...
Setting up libssh2-1:amd64 (1.8.0-1) ...
Setting up libglib2.0-data (2.56.1-2) ...
Processing triggers for libc-bin (2.27-3) ...
Setting up autotools-dev (20180224.1) ...
Setting up libldap-2.4-2:amd64 (2.4.45+dfsg-1) ...
Setting up libpixman-1-dev:amd64 (0.34.0-2) ...
Setting up x11proto-gl-dev (2018.4-4) ...
Setting up libltdl7:amd64 (2.4.6-2.1) ...
Setting up libsqlite3-0:amd64 (3.23.1-1) ...
Setting up libtiffxx5:amd64 (4.0.9-5) ...
Setting up libfribidi0:amd64 (0.19.7-2) ...
Setting up libexpat1-dev:amd64 (2.2.5-3) ...
Setting up libmagickcore-6-headers (8:6.9.9.39+dfsg-1) ...
Setting up libpciaccess0:amd64 (0.14-1) ...
Setting up libmikmod-config (3.3.11.1-3) ...
Setting up libsensors4:amd64 (1:3.4.0-4) ...
Setting up libgles2:amd64 (1.0.0+git20180308-2) ...
Setting up shared-mime-info (1.9-2) ...
Setting up libxkbcommon0:amd64 (0.8.0-1) ...
Setting up libpcrecpp0v5:amd64 (2:8.39-9) ...
Setting up libpcre32-3:amd64 (2:8.39-9) ...
Setting up icu-devtools (57.1-9) ...
Setting up libpcre16-3:amd64 (2:8.39-9) ...
Setting up libthai-data (0.1.27-2) ...
Setting up libjpeg62-turbo-dev:amd64 (1:1.5.2-2+b1) ...
Setting up liblzma-dev:amd64 (5.2.2-1.3) ...
Setting up libxdmcp6:amd64 (1:1.1.2-3) ...
Setting up libmad0:amd64 (0.15.1b-9) ...
Setting up libkeyutils1:amd64 (1.5.9-9.2) ...
Setting up bsdmainutils (11.1.2) ...
update-alternatives: using /usr/bin/bsd-write to provide /usr/bin/write (write) in auto mode
update-alternatives: using /usr/bin/bsd-from to provide /usr/bin/from (from) in auto mode
Setting up libsamplerate0:amd64 (0.1.9-2) ...
Setting up libsndio6.1:amd64 (1.1.0-3) ...
Setting up libvorbis0a:amd64 (1.3.6-1) ...
Setting up x11-common (1:7.7+19) ...
update-rc.d: warning: start and stop actions are no longer supported; falling back to defaults
invoke-rc.d: could not determine current runlevel
All runlevel operations denied by policy
invoke-rc.d: policy-rc.d denied execution of start.
Setting up libglib2.0-bin (2.56.1-2) ...
Setting up libogg-dev:amd64 (1.3.2-1+b1) ...
Setting up libslang2:amd64 (2.3.2-1) ...
Setting up libexif12:amd64 (0.6.21-5) ...
Setting up libglvnd-core-dev:amd64 (1.0.0+git20180308-2) ...
Setting up libwayland-cursor0:amd64 (1.15.0-1) ...
Setting up libx11-data (2:1.6.5-1) ...
Setting up libpython2.7-stdlib:amd64 (2.7.15-1) ...
Setting up diffstat (1.61-1+b1) ...
Setting up libxau6:amd64 (1:1.0.8-1+b2) ...
Setting up autopoint (0.19.8.1-6) ...
Setting up libmpdec2:amd64 (2.4.2-2) ...
Setting up libdbus-1-3:amd64 (1.12.8-1) ...
Setting up liblzo2-2:amd64 (2.08-1.2+b2) ...
Setting up libwrap0:amd64 (7.6.q-27) ...
Setting up libwayland-server0:amd64 (1.15.0-1) ...
Setting up zlib1g-dev:amd64 (1:1.2.11.dfsg-1) ...
Setting up libfile-stripnondeterminism-perl (0.041-1) ...
Setting up libvorbisfile3:amd64 (1.3.6-1) ...
Setting up x11proto-dri2-dev (2018.4-4) ...
Setting up libpython3.6-stdlib:amd64 (3.6.5-5) ...
Setting up libmad0-dev (0.15.1b-9) ...
Setting up libasound2-dev:amd64 (1.1.6-1) ...
Setting up libpcre3-dev:amd64 (2:8.39-9) ...
Setting up fontconfig-config (2.13.0-4) ...
Setting up python3.6 (3.6.5-5) ...
Setting up x11proto-core-dev (2018.4-4) ...
Setting up libopenexr23:amd64 (2.2.1-4) ...
Setting up liblqr-1-0-dev:amd64 (0.4.2-2.1) ...
Setting up liblcms2-dev:amd64 (2.9-1) ...
Setting up libltdl-dev:amd64 (2.4.6-2.1) ...
Setting up libilmbase-dev (2.2.1-2) ...
Setting up libxshmfence-dev:amd64 (1.3-1) ...
Setting up libdjvulibre21:amd64 (3.5.27.1-9) ...
Setting up gettext (0.19.8.1-6) ...
Setting up libmagickwand-6-headers (8:6.9.9.39+dfsg-1) ...
Setting up libarchive13:amd64 (3.2.2-3.1) ...
Setting up libdjvulibre-dev:amd64 (3.5.27.1-9) ...
Setting up x11proto-fixes-dev (1:2018.4-4) ...
Setting up libtiff5-dev:amd64 (4.0.9-5) ...
Setting up libflac8:amd64 (1.3.2-2) ...
Setting up python2.7 (2.7.15-1) ...
Setting up libharfbuzz0b:amd64 (1.7.6-1) ...
Setting up x11proto-xf86vidmode-dev (2018.4-4) ...
Setting up libxau-dev:amd64 (1:1.0.8-1+b2) ...
Setting up autoconf (2.69-11) ...
Setting up libthai0:amd64 (0.1.27-2) ...
Setting up libicu-dev (57.1-9) ...
Setting up file (1:5.33-2) ...
Setting up libkrb5support0:amd64 (1.16-2) ...
Setting up libdrm2:amd64 (2.4.91-2) ...
Setting up libxml2-dev:amd64 (2.9.4+dfsg1-6.1) ...
Setting up libpython-stdlib:amd64 (2.7.15~rc1-1) ...
Setting up intltool-debian (0.35.0+20060710.4) ...
Setting up libdrm-intel1:amd64 (2.4.91-2) ...
Setting up libxdmcp-dev:amd64 (1:1.1.2-3) ...
Setting up libjpeg-dev (1:1.5.2-2) ...
Setting up libexif-dev:amd64 (0.6.21-5) ...
Setting up libpython2.7:amd64 (2.7.15-1) ...
Setting up automake (1:1.15.1-3.1) ...
update-alternatives: using /usr/bin/automake-1.15 to provide /usr/bin/automake (automake) in auto mode
Setting up libjack-jackd2-0:amd64 (1.9.12~dfsg-2) ...
Setting up libice6:amd64 (2:1.0.9-2) ...
Setting up libopenexr-dev (2.2.1-4) ...
Setting up man-db (2.8.3-2) ...
Not building database; man-db/auto-update is not 'true'.
Setting up libopenal1:amd64 (1:1.18.2-3) ...
Setting up libpython2.7-dev:amd64 (2.7.15-1) ...
Setting up libdrm-radeon1:amd64 (2.4.91-2) ...
Setting up libpng-dev:amd64 (1.6.34-1) ...
Setting up libvorbisenc2:amd64 (1.3.6-1) ...
Setting up libdrm-nouveau2:amd64 (2.4.91-2) ...
Setting up libcaca0:amd64 (0.99.beta19-2+b2) ...
Setting up libslang2-dev:amd64 (2.3.2-1) ...
Setting up python2.7-dev (2.7.15-1) ...
Setting up libxcb1:amd64 (1.13-1) ...
Setting up python (2.7.15~rc1-1) ...
Setting up libvorbis-dev:amd64 (1.3.6-1) ...
Setting up libmagick++-6-headers (8:6.9.9.39+dfsg-1) ...
Setting up libtool (2.4.6-2.1) ...
Setting up libpython3-stdlib:amd64 (3.6.5-3) ...
Setting up quilt (0.63-8.2) ...
Setting up libxcb-present0:amd64 (1.13-1) ...
Setting up libpython-dev:amd64 (2.7.15~rc1-1) ...
Setting up libtiff-dev (4.0.9-5) ...
Setting up libfontconfig1:amd64 (2.13.0-4) ...
Setting up libxcb-dri2-0:amd64 (1.13-1) ...
Setting up libsm6:amd64 (2:1.2.2-1+b3) ...
Setting up libxcb-dri3-0:amd64 (1.13-1) ...
Setting up libk5crypto3:amd64 (1.16-2) ...
Setting up libxcb-glx0:amd64 (1.13-1) ...
Setting up libxcb-randr0:amd64 (1.13-1) ...
Setting up libxcb-xfixes0:amd64 (1.13-1) ...
Setting up libxcb-render0:amd64 (1.13-1) ...
Setting up po-debconf (1.0.20) ...
Setting up python3 (3.6.5-3) ...
Setting up libdrm-amdgpu1:amd64 (2.4.91-2) ...
Setting up python-dev (2.7.15~rc1-1) ...
Setting up libdrm-dev:amd64 (2.4.91-2) ...
Setting up libgbm1:amd64 (17.3.9-1) ...
Setting up libx11-6:amd64 (2:1.6.5-1) ...
Setting up libflac-dev:amd64 (1.3.2-2) ...
Setting up libgl1-mesa-dri:amd64 (17.3.9-1) ...
Setting up libxcb-sync1:amd64 (1.13-1) ...
Setting up libsndfile1:amd64 (1.0.28-4) ...
Setting up libcaca-dev (0.99.beta19-2+b2) ...
Setting up libfreetype6-dev:amd64 (2.8.1-2) ...
Setting up libice-dev:amd64 (2:1.0.9-2) ...
Setting up libxcb-shm0:amd64 (1.13-1) ...
Setting up libxt6:amd64 (1:1.1.5-1) ...
Setting up libxcb-shape0:amd64 (1.13-1) ...
Setting up libxrender1:amd64 (1:0.9.10-1) ...
Setting up libxcb1-dev:amd64 (1.13-1) ...
Setting up libxcb-glx0-dev:amd64 (1.13-1) ...
Setting up libkrb5-3:amd64 (1.16-2) ...
Setting up libegl-mesa0:amd64 (17.3.9-1) ...
Setting up libx11-dev:amd64 (2:1.6.5-1) ...
Setting up python3-lib2to3 (3.6.5-3) ...
Setting up libwmf0.2-7:amd64 (0.2.8.4-12) ...
Setting up python3-distutils (3.6.5-3) ...
Setting up libxcb-sync-dev:amd64 (1.13-1) ...
Setting up fontconfig (2.13.0-4) ...
Regenerating fonts cache... done.
Setting up libfontconfig1-dev:amd64 (2.13.0-4) ...
Setting up libx11-xcb-dev:amd64 (2:1.6.5-1) ...
Setting up libwmf-dev (0.2.8.4-12) ...
Setting up libsm-dev:amd64 (2:1.2.2-1+b3) ...
Setting up mesa-common-dev:amd64 (17.3.9-1) ...
Setting up libxext6:amd64 (2:1.3.3-1+b2) ...
Setting up libxfixes3:amd64 (1:5.0.3-1) ...
Setting up libglib2.0-dev-bin (2.56.1-2) ...
Setting up libxss1:amd64 (1:1.2.2-1+b2) ...
Setting up libgdk-pixbuf2.0-0:amd64 (2.36.11-2) ...
Setting up libxcb-shm0-dev:amd64 (1.13-1) ...
Setting up gir1.2-gdkpixbuf-2.0:amd64 (2.36.11-2) ...
Setting up libxrender-dev:amd64 (1:0.9.10-1) ...
Setting up libglib2.0-dev:amd64 (2.56.1-2) ...
Setting up libgssapi-krb5-2:amd64 (1.16-2) ...
Setting up libxcb-dri2-0-dev:amd64 (1.13-1) ...
Setting up libxcb-render0-dev:amd64 (1.13-1) ...
Setting up libegl1:amd64 (1.0.0+git20180308-2) ...
Setting up libgdk-pixbuf2.0-dev (2.36.11-2) ...
Setting up libxcb-dri3-dev:amd64 (1.13-1) ...
Setting up libxcursor1:amd64 (1:1.1.15-1) ...
Setting up libxext-dev:amd64 (2:1.3.3-1+b2) ...
Setting up libpango-1.0-0:amd64 (1.42.1-1) ...
Setting up libwayland-egl1-mesa:amd64 (17.3.9-1) ...
Setting up libxcb-shape0-dev:amd64 (1.13-1) ...
Setting up libmagickcore-6.q16-5:amd64 (8:6.9.9.39+dfsg-1) ...
Setting up libxxf86vm1:amd64 (1:1.1.4-1+b2) ...
Setting up libxxf86vm-dev:amd64 (1:1.1.4-1+b2) ...
Setting up libxfixes-dev:amd64 (1:5.0.3-1) ...
Setting up libxrandr2:amd64 (2:1.5.1-1) ...
Setting up libxi6:amd64 (2:1.7.9-1) ...
Setting up libcairo2:amd64 (1.15.10-3) ...
Setting up libxinerama1:amd64 (2:1.1.3-1+b3) ...
Setting up libxcb-randr0-dev:amd64 (1.13-1) ...
Setting up libxt-dev:amd64 (1:1.1.5-1) ...
Setting up libxdamage1:amd64 (1:1.1.4-3) ...
Setting up libcairo-script-interpreter2:amd64 (1.15.10-3) ...
Setting up libcurl3:amd64 (7.58.0-2) ...
Setting up libxcb-xfixes0-dev:amd64 (1.13-1) ...
Setting up libcairo-gobject2:amd64 (1.15.10-3) ...
Setting up libxdamage-dev:amd64 (1:1.1.4-3) ...
Setting up libxtst6:amd64 (2:1.2.3-1) ...
Setting up libmagickwand-6.q16-5:amd64 (8:6.9.9.39+dfsg-1) ...
Setting up libpangoft2-1.0-0:amd64 (1.42.1-1) ...
Setting up libxcb-present-dev:amd64 (1.13-1) ...
Setting up cmake (3.11.1-1) ...
Setting up libglx-mesa0:amd64 (17.3.9-1) ...
Setting up libmagick++-6.q16-8:amd64 (8:6.9.9.39+dfsg-1) ...
Setting up libcairo2-dev:amd64 (1.15.10-3) ...
Setting up gir1.2-freedesktop:amd64 (1.56.1-1) ...
Setting up libpangocairo-1.0-0:amd64 (1.42.1-1) ...
Setting up libpulse0:amd64 (11.1-5) ...
Setting up libsdl2-2.0-0:amd64 (2.0.8+dfsg1-1) ...
Setting up libmagickcore-6.q16-5-extra:amd64 (8:6.9.9.39+dfsg-1) ...
Setting up libglx0:amd64 (1.0.0+git20180308-2) ...
Setting up libfluidsynth1:amd64 (1.1.10-1) ...
Setting up libpulse-mainloop-glib0:amd64 (11.1-5) ...
Setting up libpulse-dev:amd64 (11.1-5) ...
Setting up librsvg2-2:amd64 (2.40.20-2) ...
Setting up libsdl1.2debian:amd64 (1.2.15+dfsg2-0.1) ...
Setting up librsvg2-common:amd64 (2.40.20-2) ...
Setting up libmikmod3:amd64 (3.3.11.1-3) ...
Setting up gir1.2-rsvg-2.0:amd64 (2.40.20-2) ...
Setting up libgl1:amd64 (1.0.0+git20180308-2) ...
Setting up libglu1-mesa:amd64 (9.0.0-2.1) ...
Setting up libsdl-mixer1.2:amd64 (1.2.12-14) ...
Setting up librsvg2-dev:amd64 (2.40.20-2) ...
Setting up libmikmod-dev:amd64 (3.3.11.1-3) ...
Setting up libglvnd-dev:amd64 (1.0.0+git20180308-2) ...
Setting up libgl1-mesa-dev:amd64 (17.3.9-1) ...
Setting up libgl1-mesa-glx:amd64 (17.3.9-1) ...
Setting up libmagickcore-6.q16-dev:amd64 (8:6.9.9.39+dfsg-1) ...
Setting up libglu1-mesa-dev:amd64 (9.0.0-2.1) ...
Setting up libmagickwand-6.q16-dev:amd64 (8:6.9.9.39+dfsg-1) ...
Setting up libsdl1.2-dev (1.2.15+dfsg2-0.1) ...
Setting up libsdl-mixer1.2-dev:amd64 (1.2.12-14) ...
Setting up libmagick++-6.q16-dev:amd64 (8:6.9.9.39+dfsg-1) ...
Setting up libmagickwand-dev (8:6.9.9.39+dfsg-1) ...
Setting up libmagick++-dev (8:6.9.9.39+dfsg-1) ...
Setting up dh-autoreconf (17) ...
Setting up dh-strip-nondeterminism (0.041-1) ...
Setting up debhelper (11.2.1) ...
Setting up dh-buildinfo (0.11+nmu2) ...
Setting up sbuild-build-depends-libtuxcap-dummy (0.invalid.0) ...
Processing triggers for libc-bin (2.27-3) ...
Processing triggers for libgdk-pixbuf2.0-0:amd64 (2.36.11-2) ...

+------------------------------------------------------------------------------+
| Build environment                                                            |
+------------------------------------------------------------------------------+

Kernel: Linux 4.9.0-5-amd64 amd64 (x86_64)
Toolchain package versions: binutils_2.30-16 dpkg-dev_1.19.0.5 g++-7_7.3.0-17 gcc-7_7.3.0-17 libc6-dev_2.27-3 libstdc++-7-dev_7.3.0-17 libstdc++6_8-20180425-1 linux-libc-dev_4.15.17-1
Package versions: adduser_3.117 apt_1.6.1 autoconf_2.69-11 automake_1:1.15.1-3.1 autopoint_0.19.8.1-6 autotools-dev_20180224.1 base-files_10.1 base-passwd_3.5.45 bash_4.4.18-2 binutils_2.30-16 binutils-common_2.30-16 binutils-x86-64-linux-gnu_2.30-16 bsdmainutils_11.1.2 bsdutils_1:2.31.1-0.5 build-essential_12.5 bzip2_1.0.6-8.1 clang-6.0_1:6.0-3 cmake_3.11.1-1 cmake-data_3.11.1-1 coreutils_8.28-1 cpp_4:7.3.0-3 cpp-7_7.3.0-17 dash_0.5.8-2.10 debconf_1.5.66 debfoster_2.7-2.1+b1 debhelper_11.2.1 debian-archive-keyring_2017.7 debianutils_4.8.4 dh-autoreconf_17 dh-buildinfo_0.11+nmu2 dh-strip-nondeterminism_0.041-1 diffstat_1.61-1+b1 diffutils_1:3.6-1 dpkg_1.19.0.5 dpkg-dev_1.19.0.5 e2fslibs_1.44.1-2 e2fsprogs_1.44.1-2 eatmydata_105-6 fakeroot_1.22-2 fdisk_2.31.1-0.5 file_1:5.33-2 findutils_4.6.0+git+20171230-2 fontconfig_2.13.0-4 fontconfig-config_2.13.0-4 fonts-dejavu-core_2.37-1 g++_4:7.3.0-3 g++-7_7.3.0-17 gcc_4:7.3.0-3 gcc-6-base_6.4.0-17 gcc-7_7.3.0-17 gcc-7-base_7.3.0-17 gcc-8-base_8-20180425-1 gettext_0.19.8.1-6 gettext-base_0.19.8.1-6 gir1.2-freedesktop_1.56.1-1 gir1.2-gdkpixbuf-2.0_2.36.11-2 gir1.2-glib-2.0_1.56.1-1 gir1.2-rsvg-2.0_2.40.20-2 gpgv_2.2.5-1 grep_3.1-2 groff-base_1.22.3-10 gzip_1.6-5+b1 hostname_3.20 icu-devtools_57.1-9 imagemagick-6-common_8:6.9.9.39+dfsg-1 init-system-helpers_1.51 intltool-debian_0.35.0+20060710.4 lib32gcc1_1:8-20180425-1 lib32stdc++6_8-20180425-1 libacl1_2.2.52-3+b1 libapt-pkg5.0_1.6.1 libarchive-zip-perl_1.60-1 libarchive13_3.2.2-3.1 libasan4_7.3.0-17 libasound2_1.1.6-1 libasound2-data_1.1.6-1 libasound2-dev_1.1.6-1 libasyncns0_0.8-6 libatomic1_8-20180425-1 libattr1_1:2.4.47-2+b2 libaudit-common_1:2.8.3-1 libaudit1_1:2.8.3-1 libbinutils_2.30-16 libblkid1_2.31.1-0.5 libbsd0_0.8.7-1 libbz2-1.0_1.0.6-8.1 libbz2-dev_1.0.6-8.1 libc-bin_2.27-3 libc-dev-bin_2.27-3 libc6_2.27-3 libc6-dev_2.27-3 libc6-i386_2.27-3 libcaca-dev_0.99.beta19-2+b2 libcaca0_0.99.beta19-2+b2 libcairo-gobject2_1.15.10-3 libcairo-script-interpreter2_1.15.10-3 libcairo2_1.15.10-3 libcairo2-dev_1.15.10-3 libcap-ng0_0.7.9-1 libcap2_1:2.25-1.2 libcc1-0_8-20180425-1 libcilkrts5_7.3.0-17 libclang-common-6.0-dev_1:6.0-3 libclang1-6.0_1:6.0-3 libcom-err2_1.44.1-2 libcomerr2_1.44.1-2 libcroco3_0.6.12-2 libcurl3_7.58.0-2 libdatrie1_0.2.11-1 libdb5.3_5.3.28-13.1+b1 libdbus-1-3_1.12.8-1 libdebconfclient0_0.243 libdjvulibre-dev_3.5.27.1-9 libdjvulibre-text_3.5.27.1-9 libdjvulibre21_3.5.27.1-9 libdpkg-perl_1.19.0.5 libdrm-amdgpu1_2.4.91-2 libdrm-common_2.4.91-2 libdrm-dev_2.4.91-2 libdrm-intel1_2.4.91-2 libdrm-nouveau2_2.4.91-2 libdrm-radeon1_2.4.91-2 libdrm2_2.4.91-2 libeatmydata1_105-6 libedit2_3.1-20170329-1 libegl-mesa0_17.3.9-1 libegl1_1.0.0+git20180308-2 libelf1_0.170-0.4 libexif-dev_0.6.21-5 libexif12_0.6.21-5 libexpat1_2.2.5-3 libexpat1-dev_2.2.5-3 libext2fs2_1.44.1-2 libfakeroot_1.22-2 libfdisk1_2.31.1-0.5 libffi6_3.2.1-8 libfftw3-double3_3.3.7-1+b1 libfile-stripnondeterminism-perl_0.041-1 libflac-dev_1.3.2-2 libflac8_1.3.2-2 libfluidsynth1_1.1.10-1 libfontconfig1_2.13.0-4 libfontconfig1-dev_2.13.0-4 libfreetype6_2.8.1-2 libfreetype6-dev_2.8.1-2 libfribidi0_0.19.7-2 libgbm1_17.3.9-1 libgc1c2_1:7.4.2-8.2 libgcc-7-dev_7.3.0-17 libgcc1_1:8-20180425-1 libgcrypt20_1.8.2-2 libgdbm-compat4_1.14.1-6 libgdbm3_1.8.3-14 libgdbm5_1.14.1-6 libgdk-pixbuf2.0-0_2.36.11-2 libgdk-pixbuf2.0-common_2.36.11-2 libgdk-pixbuf2.0-dev_2.36.11-2 libgirepository-1.0-1_1.56.1-1 libgl1_1.0.0+git20180308-2 libgl1-mesa-dev_17.3.9-1 libgl1-mesa-dri_17.3.9-1 libgl1-mesa-glx_17.3.9-1 libglapi-mesa_17.3.9-1 libgles2_1.0.0+git20180308-2 libglib2.0-0_2.56.1-2 libglib2.0-bin_2.56.1-2 libglib2.0-data_2.56.1-2 libglib2.0-dev_2.56.1-2 libglib2.0-dev-bin_2.56.1-2 libglu1-mesa_9.0.0-2.1 libglu1-mesa-dev_9.0.0-2.1 libglvnd-core-dev_1.0.0+git20180308-2 libglvnd-dev_1.0.0+git20180308-2 libglvnd0_1.0.0+git20180308-2 libglx-mesa0_17.3.9-1 libglx0_1.0.0+git20180308-2 libgmp10_2:6.1.2+dfsg-3 libgnutls30_3.5.18-1 libgomp1_8-20180425-1 libgpg-error0_1.29-4 libgraphite2-3_1.3.11-2 libgssapi-krb5-2_1.16-2 libharfbuzz0b_1.7.6-1 libhogweed4_3.4-1 libice-dev_2:1.0.9-2 libice6_2:1.0.9-2 libicu-dev_57.1-9 libicu57_57.1-9 libidn2-0_2.0.4-1.1 libilmbase-dev_2.2.1-2 libilmbase23_2.2.1-2 libisl15_0.18-4 libisl19_0.19-1 libitm1_8-20180425-1 libjack-jackd2-0_1.9.12~dfsg-2 libjbig-dev_2.1-3.1+b2 libjbig0_2.1-3.1+b2 libjpeg-dev_1:1.5.2-2 libjpeg62-turbo_1:1.5.2-2+b1 libjpeg62-turbo-dev_1:1.5.2-2+b1 libjsoncpp1_1.7.4-3 libk5crypto3_1.16-2 libkeyutils1_1.5.9-9.2 libkrb5-3_1.16-2 libkrb5support0_1.16-2 liblcms2-2_2.9-1 liblcms2-dev_2.9-1 libldap-2.4-2_2.4.45+dfsg-1 libldap-common_2.4.45+dfsg-1 libllvm5.0_1:5.0.1-4 libllvm6.0_1:6.0-3 liblqr-1-0_0.4.2-2.1 liblqr-1-0-dev_0.4.2-2.1 liblsan0_8-20180425-1 libltdl-dev_2.4.6-2.1 libltdl7_2.4.6-2.1 liblz4-1_1.8.1.2-1 liblzma-dev_5.2.2-1.3 liblzma5_5.2.2-1.3 liblzo2-2_2.08-1.2+b2 libmad0_0.15.1b-9 libmad0-dev_0.15.1b-9 libmagic-mgc_1:5.33-2 libmagic1_1:5.33-2 libmagick++-6-headers_8:6.9.9.39+dfsg-1 libmagick++-6.q16-8_8:6.9.9.39+dfsg-1 libmagick++-6.q16-dev_8:6.9.9.39+dfsg-1 libmagick++-dev_8:6.9.9.39+dfsg-1 libmagickcore-6-arch-config_8:6.9.9.39+dfsg-1 libmagickcore-6-headers_8:6.9.9.39+dfsg-1 libmagickcore-6.q16-5_8:6.9.9.39+dfsg-1 libmagickcore-6.q16-5-extra_8:6.9.9.39+dfsg-1 libmagickcore-6.q16-dev_8:6.9.9.39+dfsg-1 libmagickwand-6-headers_8:6.9.9.39+dfsg-1 libmagickwand-6.q16-5_8:6.9.9.39+dfsg-1 libmagickwand-6.q16-dev_8:6.9.9.39+dfsg-1 libmagickwand-dev_8:6.9.9.39+dfsg-1 libmikmod-config_3.3.11.1-3 libmikmod-dev_3.3.11.1-3 libmikmod3_3.3.11.1-3 libmount1_2.31.1-0.5 libmpc3_1.1.0-1 libmpdec2_2.4.2-2 libmpfr4_3.1.6-1 libmpfr6_4.0.1-1 libmpx2_8-20180425-1 libncurses5_6.1+20180210-2 libncursesw5_6.1+20180210-2 libncursesw6_6.1+20180210-2 libnettle6_3.4-1 libnghttp2-14_1.31.1-1 libobjc-7-dev_7.3.0-17 libobjc4_8-20180425-1 libogg-dev_1.3.2-1+b1 libogg0_1.3.2-1+b1 libopenal-data_1:1.18.2-3 libopenal1_1:1.18.2-3 libopenexr-dev_2.2.1-4 libopenexr23_2.2.1-4 libopengl0_1.0.0+git20180308-2 libopenjp2-7_2.3.0-1 libopenjp2-7-dev_2.3.0-1 libopus0_1.2.1-1 libp11-kit0_0.23.10-2 libpam-modules_1.1.8-3.7 libpam-modules-bin_1.1.8-3.7 libpam-runtime_1.1.8-3.7 libpam0g_1.1.8-3.7 libpango-1.0-0_1.42.1-1 libpangocairo-1.0-0_1.42.1-1 libpangoft2-1.0-0_1.42.1-1 libpciaccess0_0.14-1 libpcre16-3_2:8.39-9 libpcre3_2:8.39-9 libpcre3-dev_2:8.39-9 libpcre32-3_2:8.39-9 libpcrecpp0v5_2:8.39-9 libperl5.26_5.26.2-3 libpipeline1_1.5.0-1 libpixman-1-0_0.34.0-2 libpixman-1-dev_0.34.0-2 libpng-dev_1.6.34-1 libpng16-16_1.6.34-1 libprocps6_2:3.3.14-1 libpsl5_0.20.1-1 libpthread-stubs0-dev_0.3-4 libpulse-dev_11.1-5 libpulse-mainloop-glib0_11.1-5 libpulse0_11.1-5 libpython-dev_2.7.15~rc1-1 libpython-stdlib_2.7.15~rc1-1 libpython2.7_2.7.15-1 libpython2.7-dev_2.7.15-1 libpython2.7-minimal_2.7.15-1 libpython2.7-stdlib_2.7.15-1 libpython3-stdlib_3.6.5-3 libpython3.6-minimal_3.6.5-5 libpython3.6-stdlib_3.6.5-5 libquadmath0_8-20180425-1 libreadline7_7.0-3+b1 librhash0_1.3.6-2 librsvg2-2_2.40.20-2 librsvg2-common_2.40.20-2 librsvg2-dev_2.40.20-2 librtmp1_2.4+20151223.gitfa8646d.1-1+b1 libsamplerate0_0.1.9-2 libsasl2-2_2.1.27~101-g0780600+dfsg-3.1 libsasl2-modules-db_2.1.27~101-g0780600+dfsg-3.1 libsdl-mixer1.2_1.2.12-14 libsdl-mixer1.2-dev_1.2.12-14 libsdl1.2-dev_1.2.15+dfsg2-0.1 libsdl1.2debian_1.2.15+dfsg2-0.1 libsdl2-2.0-0_2.0.8+dfsg1-1 libseccomp2_2.3.3-1 libselinux1_2.7-2+b2 libsemanage-common_2.7-2 libsemanage1_2.7-2+b2 libsensors4_1:3.4.0-4 libsepol1_2.7-1 libsigsegv2_2.12-2 libslang2_2.3.2-1 libslang2-dev_2.3.2-1 libsm-dev_2:1.2.2-1+b3 libsm6_2:1.2.2-1+b3 libsmartcols1_2.31.1-0.5 libsndfile1_1.0.28-4 libsndio6.1_1.1.0-3 libsqlite3-0_3.23.1-1 libss2_1.44.1-2 libssh2-1_1.8.0-1 libssl1.0.2_1.0.2o-1 libssl1.1_1.1.0h-2 libstdc++-7-dev_7.3.0-17 libstdc++6_8-20180425-1 libsystemd0_238-4 libtasn1-6_4.13-2 libthai-data_0.1.27-2 libthai0_0.1.27-2 libtiff-dev_4.0.9-5 libtiff5_4.0.9-5 libtiff5-dev_4.0.9-5 libtiffxx5_4.0.9-5 libtimedate-perl_2.3000-2 libtinfo5_6.1+20180210-2 libtinfo6_6.1+20180210-2 libtool_2.4.6-2.1 libtsan0_8-20180425-1 libubsan0_7.3.0-17 libudev1_238-4 libunistring2_0.9.8-1 libustr-1.0-1_1.0.4-6 libuuid1_2.31.1-0.5 libuv1_1.18.0-3 libvorbis-dev_1.3.6-1 libvorbis0a_1.3.6-1 libvorbisenc2_1.3.6-1 libvorbisfile3_1.3.6-1 libwayland-client0_1.15.0-1 libwayland-cursor0_1.15.0-1 libwayland-egl1-mesa_17.3.9-1 libwayland-server0_1.15.0-1 libwmf-dev_0.2.8.4-12 libwmf0.2-7_0.2.8.4-12 libwrap0_7.6.q-27 libx11-6_2:1.6.5-1 libx11-data_2:1.6.5-1 libx11-dev_2:1.6.5-1 libx11-xcb-dev_2:1.6.5-1 libx11-xcb1_2:1.6.5-1 libxau-dev_1:1.0.8-1+b2 libxau6_1:1.0.8-1+b2 libxcb-dri2-0_1.13-1 libxcb-dri2-0-dev_1.13-1 libxcb-dri3-0_1.13-1 libxcb-dri3-dev_1.13-1 libxcb-glx0_1.13-1 libxcb-glx0-dev_1.13-1 libxcb-present-dev_1.13-1 libxcb-present0_1.13-1 libxcb-randr0_1.13-1 libxcb-randr0-dev_1.13-1 libxcb-render0_1.13-1 libxcb-render0-dev_1.13-1 libxcb-shape0_1.13-1 libxcb-shape0-dev_1.13-1 libxcb-shm0_1.13-1 libxcb-shm0-dev_1.13-1 libxcb-sync-dev_1.13-1 libxcb-sync1_1.13-1 libxcb-xfixes0_1.13-1 libxcb-xfixes0-dev_1.13-1 libxcb1_1.13-1 libxcb1-dev_1.13-1 libxcursor1_1:1.1.15-1 libxdamage-dev_1:1.1.4-3 libxdamage1_1:1.1.4-3 libxdmcp-dev_1:1.1.2-3 libxdmcp6_1:1.1.2-3 libxext-dev_2:1.3.3-1+b2 libxext6_2:1.3.3-1+b2 libxfixes-dev_1:5.0.3-1 libxfixes3_1:5.0.3-1 libxi6_2:1.7.9-1 libxinerama1_2:1.1.3-1+b3 libxkbcommon0_0.8.0-1 libxml2_2.9.4+dfsg1-6.1 libxml2-dev_2.9.4+dfsg1-6.1 libxrandr2_2:1.5.1-1 libxrender-dev_1:0.9.10-1 libxrender1_1:0.9.10-1 libxshmfence-dev_1.3-1 libxshmfence1_1.3-1 libxss1_1:1.2.2-1+b2 libxt-dev_1:1.1.5-1 libxt6_1:1.1.5-1 libxtst6_2:1.2.3-1 libxxf86vm-dev_1:1.1.4-1+b2 libxxf86vm1_1:1.1.4-1+b2 libzstd1_1.3.4+dfsg-1 linux-libc-dev_4.15.17-1 login_1:4.5-1 lsb-base_9.20170808 m4_1.4.18-1 make_4.2.1-1 man-db_2.8.3-2 mawk_1.3.3-17+b3 mesa-common-dev_17.3.9-1 mime-support_3.60 mount_2.31.1-0.5 multiarch-support_2.27-3 ncurses-base_6.1+20180210-2 ncurses-bin_6.1+20180210-2 passwd_1:4.5-1 patch_2.7.6-2 perl_5.26.2-3 perl-base_5.26.2-3 perl-modules-5.26_5.26.2-3 pkg-config_0.29-4+b1 po-debconf_1.0.20 procps_2:3.3.14-1 python_2.7.15~rc1-1 python-dev_2.7.15~rc1-1 python-minimal_2.7.15~rc1-1 python2.7_2.7.15-1 python2.7-dev_2.7.15-1 python2.7-minimal_2.7.15-1 python3_3.6.5-3 python3-distutils_3.6.5-3 python3-lib2to3_3.6.5-3 python3-minimal_3.6.5-3 python3.6_3.6.5-5 python3.6-minimal_3.6.5-5 quilt_0.63-8.2 readline-common_7.0-3 sbuild-build-depends-core-dummy_0.invalid.0 sbuild-build-depends-libtuxcap-dummy_0.invalid.0 sed_4.4-2 sensible-utils_0.0.12 shared-mime-info_1.9-2 sysvinit-utils_2.88dsf-59.10 tar_1.30+dfsg-1 ucf_3.0038 util-linux_2.31.1-0.5 uuid-dev_2.31.1-0.5 x11-common_1:7.7+19 x11proto-core-dev_2018.4-4 x11proto-damage-dev_1:2018.4-4 x11proto-dev_2018.4-4 x11proto-dri2-dev_2018.4-4 x11proto-fixes-dev_1:2018.4-4 x11proto-gl-dev_2018.4-4 x11proto-xext-dev_2018.4-4 x11proto-xf86vidmode-dev_2018.4-4 xkb-data_2.23.1-1 xorg-sgml-doctools_1:1.11-1 xtrans-dev_1.3.5-1 xz-utils_5.2.2-1.3 zlib1g_1:1.2.11.dfsg-1 zlib1g-dev_1:1.2.11.dfsg-1

+------------------------------------------------------------------------------+
| Build                                                                        |
+------------------------------------------------------------------------------+


Unpack source
-------------

gpgv: unknown type of key resource 'trustedkeys.kbx'
gpgv: keyblock resource '/sbuild-nonexistent/.gnupg/trustedkeys.kbx': General error
gpgv: Signature made Sun Sep 25 12:03:25 2016 UTC
gpgv:                using RSA key 69F2FC516EA71993
gpgv: Can't check signature: No public key
dpkg-source: warning: failed to verify signature on ./libtuxcap_1.4.0.dfsg2-2.3.dsc
dpkg-source: info: extracting libtuxcap in /<<PKGBUILDDIR>>
dpkg-source: info: unpacking libtuxcap_1.4.0.dfsg2.orig.tar.gz
dpkg-source: info: applying libtuxcap_1.4.0.dfsg2-2.3.diff.gz

Check disk space
----------------

Sufficient free space for build

User Environment
----------------

APT_CONFIG=/var/lib/sbuild/apt.conf
HOME=/sbuild-nonexistent
LANG=en_US.UTF-8
LC_ALL=POSIX
LOGNAME=user42
PATH=/usr/local/sbin:/usr/local/bin:/usr/sbin:/usr/bin:/sbin:/bin:/usr/games
SCHROOT_ALIAS_NAME=unstable-amd64-sbuild
SCHROOT_CHROOT_NAME=unstable-amd64-sbuild
SCHROOT_COMMAND=env
SCHROOT_GID=1001
SCHROOT_GROUP=user42
SCHROOT_SESSION_ID=unstable-amd64-sbuild-b323add0-c547-4de2-85e4-7b5d4f7822b1
SCHROOT_UID=1001
SCHROOT_USER=user42
SHELL=/bin/sh
USER=user42

dpkg-buildpackage
-----------------

dpkg-buildpackage: info: source package libtuxcap
dpkg-buildpackage: info: source version 1.4.0.dfsg2-2.3
dpkg-buildpackage: info: source distribution unstable
dpkg-buildpackage: info: source changed by Johannes Brandsttter <jbrandst@2ds.eu>
 dpkg-source --before-build libtuxcap-1.4.0.dfsg2
dpkg-buildpackage: info: host architecture amd64
 fakeroot debian/rules clean
dh_testdir
dh_testroot
rm -f build-stamp config-stamp
rm -rf debian/tmp-build
/usr/bin/make -f /usr/share/quilt/quilt.make unpatch
make[1]: Entering directory '/<<PKGBUILDDIR>>'
QUILT_PATCHES=debian/patches \
	quilt --quiltrc /dev/null pop -a -R || test $? = 2
No patch removed
rm -rf .pc debian/stamp-patched
make[1]: Leaving directory '/<<PKGBUILDDIR>>'
dh_clean 
dh_clean: Compatibility levels before 9 are deprecated (level 7 in use)
dpkg-buildpackage: warning: debian/rules must be updated to support the 'build-arch' and 'build-indep' targets (at least 'build-arch' seems to be missing)
 debian/rules build
/usr/bin/make -f /usr/share/quilt/quilt.make patch
make[1]: Entering directory '/<<PKGBUILDDIR>>'
QUILT_PATCHES=debian/patches \
	quilt --quiltrc /dev/null push -a || test $? = 2
Applying patch cmakelists.patch
patching file tuxcap/CMakeLists.txt

Applying patch no_fsck_32bit_colors.patch
patching file tuxcap/lib/SexyAppBase.cpp

Applying patch particles_res.patch
patching file tuxcap/hgeparticle/hgeparticle.cpp

Applying patch abs_dirs.patch
patching file tuxcap/lib/ResourceManager.cpp
patching file tuxcap/hgeparticle/hgeparticle.cpp
patching file tuxcap/lib/ImageFont.cpp
patching file tuxcap/lib/SDLMixerMusicInterface.cpp
patching file tuxcap/lib/SDLMixerSoundManager.cpp
patching file tuxcap/lib/SexyAppBase.cpp

Applying patch includes.patch
patching file tuxcap/include/MTRand.h
patching file tuxcap/include/ImageLib.h

Applying patch kfreebsd.patch
patching file tuxcap/include/Physics.h

Applying patch cmake_imagemagick.patch
patching file tuxcap/CMakeLists.txt

Applying patch gcc6.patch
patching file tuxcap/lib/MemoryImage.cpp
patching file tuxcap/lib/Physics.cpp

Now at patch gcc6.patch
touch debian/stamp-patched
make[1]: Leaving directory '/<<PKGBUILDDIR>>'
dh_testdir
mkdir -p debian/tmp-build
cp tuxcap-build/* debian/tmp-build -r
cd debian/tmp-build && cmake --debug-output \
	-D CMAKE_BUILD_TYPE:STRING=RelWithDebInfo \
	-D CMAKE_CXX_FLAGS_RELWITHDEBINFO=" -g" \
	-D CMAKE_C_FLAGS_RELWITHDEBINFO=" -g" \
	-D CMAKE_CXX_FLAGS_RELEASE="" \
	-D CMAKE_C_FLAGS_RELEASE="" \
	-D CMAKE_CXX_FLAGS_DEBUG=" -g" \
	-D CMAKE_C_FLAGS_DEBUG=" -g" \
	-D CMAKE_SKIP_RPATH=true \
	-D CMAKE_SHARED_LINKER_FLAGS="-Wl,--as-needed -Wl,-z,defs -Wl,--no-undefined" \
	-D CMAKE_VERBOSE_MAKEFILE=true \
	-D CMAKE_INSTALL_PREFIX=/usr \
	/<<PKGBUILDDIR>>
Running with debug output on.
-- The C compiler identification is Clang 6.0.0
   Called from: [3]	/usr/share/cmake-3.11/Modules/CMakeDetermineCompilerId.cmake
                [2]	/usr/share/cmake-3.11/Modules/CMakeDetermineCCompiler.cmake
                [1]	/<<PKGBUILDDIR>>/CMakeLists.txt
-- The CXX compiler identification is Clang 6.0.0
   Called from: [3]	/usr/share/cmake-3.11/Modules/CMakeDetermineCompilerId.cmake
                [2]	/usr/share/cmake-3.11/Modules/CMakeDetermineCXXCompiler.cmake
                [1]	/<<PKGBUILDDIR>>/CMakeLists.txt
-- Check for working C compiler: /usr/bin/cc
   Called from: [3]	/usr/share/cmake-3.11/Modules/CMakeTestCompilerCommon.cmake
                [2]	/usr/share/cmake-3.11/Modules/CMakeTestCCompiler.cmake
                [1]	/<<PKGBUILDDIR>>/CMakeLists.txt
CMake Warning (dev) at /usr/share/cmake-3.11/Modules/CMakeTestCCompiler.cmake:37 (try_compile):
  Policy CMP0066 is not set: Honor per-config flags in try_compile()
  source-file signature.  Run "cmake --help-policy CMP0066" for policy
  details.  Use the cmake_policy command to set the policy and suppress this
  warning.

  For compatibility with older versions of CMake, try_compile is not honoring
  caller config-specific compiler flags (e.g.  CMAKE_C_FLAGS_DEBUG) in the
  test project.
Call Stack (most recent call first):
  CMakeLists.txt:1 (PROJECT)
This warning is for project developers.  Use -Wno-dev to suppress it.

   Called from: [2]	/usr/share/cmake-3.11/Modules/CMakeTestCCompiler.cmake
                [1]	/<<PKGBUILDDIR>>/CMakeLists.txt
CMake Warning (dev) at /usr/share/cmake-3.11/Modules/CMakeTestCCompiler.cmake:37 (try_compile):
  Policy CMP0056 is not set: Honor link flags in try_compile() source-file
  signature.  Run "cmake --help-policy CMP0056" for policy details.  Use the
  cmake_policy command to set the policy and suppress this warning.

  For compatibility with older versions of CMake, try_compile is not honoring
  caller link flags (e.g.  CMAKE_EXE_LINKER_FLAGS) in the test project.
Call Stack (most recent call first):
  CMakeLists.txt:1 (PROJECT)
This warning is for project developers.  Use -Wno-dev to suppress it.

   Called from: [2]	/usr/share/cmake-3.11/Modules/CMakeTestCCompiler.cmake
                [1]	/<<PKGBUILDDIR>>/CMakeLists.txt
-- Check for working C compiler: /usr/bin/cc -- works
   Called from: [3]	/usr/share/cmake-3.11/Modules/CMakeTestCompilerCommon.cmake
                [2]	/usr/share/cmake-3.11/Modules/CMakeTestCCompiler.cmake
                [1]	/<<PKGBUILDDIR>>/CMakeLists.txt
-- Detecting C compiler ABI info
   Called from: [3]	/usr/share/cmake-3.11/Modules/CMakeDetermineCompilerABI.cmake
                [2]	/usr/share/cmake-3.11/Modules/CMakeTestCCompiler.cmake
                [1]	/<<PKGBUILDDIR>>/CMakeLists.txt
CMake Warning (dev) at /usr/share/cmake-3.11/Modules/CMakeDetermineCompilerABI.cmake:26 (try_compile):
  Policy CMP0066 is not set: Honor per-config flags in try_compile()
  source-file signature.  Run "cmake --help-policy CMP0066" for policy
  details.  Use the cmake_policy command to set the policy and suppress this
  warning.

  For compatibility with older versions of CMake, try_compile is not honoring
  caller config-specific compiler flags (e.g.  CMAKE_C_FLAGS_DEBUG) in the
  test project.
Call Stack (most recent call first):
  /usr/share/cmake-3.11/Modules/CMakeTestCCompiler.cmake:66 (CMAKE_DETERMINE_COMPILER_ABI)
  CMakeLists.txt:1 (PROJECT)
This warning is for project developers.  Use -Wno-dev to suppress it.

   Called from: [3]	/usr/share/cmake-3.11/Modules/CMakeDetermineCompilerABI.cmake
                [2]	/usr/share/cmake-3.11/Modules/CMakeTestCCompiler.cmake
                [1]	/<<PKGBUILDDIR>>/CMakeLists.txt
CMake Warning (dev) at /usr/share/cmake-3.11/Modules/CMakeDetermineCompilerABI.cmake:26 (try_compile):
  Policy CMP0056 is not set: Honor link flags in try_compile() source-file
  signature.  Run "cmake --help-policy CMP0056" for policy details.  Use the
  cmake_policy command to set the policy and suppress this warning.

  For compatibility with older versions of CMake, try_compile is not honoring
  caller link flags (e.g.  CMAKE_EXE_LINKER_FLAGS) in the test project.
Call Stack (most recent call first):
  /usr/share/cmake-3.11/Modules/CMakeTestCCompiler.cmake:66 (CMAKE_DETERMINE_COMPILER_ABI)
  CMakeLists.txt:1 (PROJECT)
This warning is for project developers.  Use -Wno-dev to suppress it.

   Called from: [3]	/usr/share/cmake-3.11/Modules/CMakeDetermineCompilerABI.cmake
                [2]	/usr/share/cmake-3.11/Modules/CMakeTestCCompiler.cmake
                [1]	/<<PKGBUILDDIR>>/CMakeLists.txt
-- Detecting C compiler ABI info - done
   Called from: [3]	/usr/share/cmake-3.11/Modules/CMakeDetermineCompilerABI.cmake
                [2]	/usr/share/cmake-3.11/Modules/CMakeTestCCompiler.cmake
                [1]	/<<PKGBUILDDIR>>/CMakeLists.txt
-- Detecting C compile features
   Called from: [3]	/usr/share/cmake-3.11/Modules/CMakeDetermineCompileFeatures.cmake
                [2]	/usr/share/cmake-3.11/Modules/CMakeTestCCompiler.cmake
                [1]	/<<PKGBUILDDIR>>/CMakeLists.txt
CMake Warning (dev) at /usr/share/cmake-3.11/Modules/Internal/FeatureTesting.cmake:33 (try_compile):
  Policy CMP0066 is not set: Honor per-config flags in try_compile()
  source-file signature.  Run "cmake --help-policy CMP0066" for policy
  details.  Use the cmake_policy command to set the policy and suppress this
  warning.

  For compatibility with older versions of CMake, try_compile is not honoring
  caller config-specific compiler flags (e.g.  CMAKE_C_FLAGS_DEBUG) in the
  test project.
Call Stack (most recent call first):
  /usr/share/cmake-3.11/Modules/Internal/FeatureTesting.cmake:74 (_record_compiler_features)
  /usr/share/cmake-3.11/Modules/Compiler/CMakeCommonCompilerMacros.cmake:68 (_record_compiler_features_c)
  /usr/share/cmake-3.11/Modules/CMakeDetermineCompileFeatures.cmake:16 (cmake_record_c_compile_features)
  /usr/share/cmake-3.11/Modules/CMakeTestCCompiler.cmake:69 (CMAKE_DETERMINE_COMPILE_FEATURES)
  CMakeLists.txt:1 (PROJECT)
This warning is for project developers.  Use -Wno-dev to suppress it.

   Called from: [6]	/usr/share/cmake-3.11/Modules/Internal/FeatureTesting.cmake
                [5]	/usr/share/cmake-3.11/Modules/Internal/FeatureTesting.cmake
                [4]	/usr/share/cmake-3.11/Modules/Compiler/CMakeCommonCompilerMacros.cmake
                [3]	/usr/share/cmake-3.11/Modules/CMakeDetermineCompileFeatures.cmake
                [2]	/usr/share/cmake-3.11/Modules/CMakeTestCCompiler.cmake
                [1]	/<<PKGBUILDDIR>>/CMakeLists.txt
CMake Warning (dev) at /usr/share/cmake-3.11/Modules/Internal/FeatureTesting.cmake:33 (try_compile):
  Policy CMP0056 is not set: Honor link flags in try_compile() source-file
  signature.  Run "cmake --help-policy CMP0056" for policy details.  Use the
  cmake_policy command to set the policy and suppress this warning.

  For compatibility with older versions of CMake, try_compile is not honoring
  caller link flags (e.g.  CMAKE_EXE_LINKER_FLAGS) in the test project.
Call Stack (most recent call first):
  /usr/share/cmake-3.11/Modules/Internal/FeatureTesting.cmake:74 (_record_compiler_features)
  /usr/share/cmake-3.11/Modules/Compiler/CMakeCommonCompilerMacros.cmake:68 (_record_compiler_features_c)
  /usr/share/cmake-3.11/Modules/CMakeDetermineCompileFeatures.cmake:16 (cmake_record_c_compile_features)
  /usr/share/cmake-3.11/Modules/CMakeTestCCompiler.cmake:69 (CMAKE_DETERMINE_COMPILE_FEATURES)
  CMakeLists.txt:1 (PROJECT)
This warning is for project developers.  Use -Wno-dev to suppress it.

   Called from: [6]	/usr/share/cmake-3.11/Modules/Internal/FeatureTesting.cmake
                [5]	/usr/share/cmake-3.11/Modules/Internal/FeatureTesting.cmake
                [4]	/usr/share/cmake-3.11/Modules/Compiler/CMakeCommonCompilerMacros.cmake
                [3]	/usr/share/cmake-3.11/Modules/CMakeDetermineCompileFeatures.cmake
                [2]	/usr/share/cmake-3.11/Modules/CMakeTestCCompiler.cmake
                [1]	/<<PKGBUILDDIR>>/CMakeLists.txt
CMake Warning (dev) at /usr/share/cmake-3.11/Modules/Internal/FeatureTesting.cmake:33 (try_compile):
  Policy CMP0066 is not set: Honor per-config flags in try_compile()
  source-file signature.  Run "cmake --help-policy CMP0066" for policy
  details.  Use the cmake_policy command to set the policy and suppress this
  warning.

  For compatibility with older versions of CMake, try_compile is not honoring
  caller config-specific compiler flags (e.g.  CMAKE_C_FLAGS_DEBUG) in the
  test project.
Call Stack (most recent call first):
  /usr/share/cmake-3.11/Modules/Internal/FeatureTesting.cmake:74 (_record_compiler_features)
  /usr/share/cmake-3.11/Modules/Compiler/CMakeCommonCompilerMacros.cmake:71 (_record_compiler_features_c)
  /usr/share/cmake-3.11/Modules/CMakeDetermineCompileFeatures.cmake:16 (cmake_record_c_compile_features)
  /usr/share/cmake-3.11/Modules/CMakeTestCCompiler.cmake:69 (CMAKE_DETERMINE_COMPILE_FEATURES)
  CMakeLists.txt:1 (PROJECT)
This warning is for project developers.  Use -Wno-dev to suppress it.

   Called from: [6]	/usr/share/cmake-3.11/Modules/Internal/FeatureTesting.cmake
                [5]	/usr/share/cmake-3.11/Modules/Internal/FeatureTesting.cmake
                [4]	/usr/share/cmake-3.11/Modules/Compiler/CMakeCommonCompilerMacros.cmake
                [3]	/usr/share/cmake-3.11/Modules/CMakeDetermineCompileFeatures.cmake
                [2]	/usr/share/cmake-3.11/Modules/CMakeTestCCompiler.cmake
                [1]	/<<PKGBUILDDIR>>/CMakeLists.txt
CMake Warning (dev) at /usr/share/cmake-3.11/Modules/Internal/FeatureTesting.cmake:33 (try_compile):
  Policy CMP0056 is not set: Honor link flags in try_compile() source-file
  signature.  Run "cmake --help-policy CMP0056" for policy details.  Use the
  cmake_policy command to set the policy and suppress this warning.

  For compatibility with older versions of CMake, try_compile is not honoring
  caller link flags (e.g.  CMAKE_EXE_LINKER_FLAGS) in the test project.
Call Stack (most recent call first):
  /usr/share/cmake-3.11/Modules/Internal/FeatureTesting.cmake:74 (_record_compiler_features)
  /usr/share/cmake-3.11/Modules/Compiler/CMakeCommonCompilerMacros.cmake:71 (_record_compiler_features_c)
  /usr/share/cmake-3.11/Modules/CMakeDetermineCompileFeatures.cmake:16 (cmake_record_c_compile_features)
  /usr/share/cmake-3.11/Modules/CMakeTestCCompiler.cmake:69 (CMAKE_DETERMINE_COMPILE_FEATURES)
  CMakeLists.txt:1 (PROJECT)
This warning is for project developers.  Use -Wno-dev to suppress it.

   Called from: [6]	/usr/share/cmake-3.11/Modules/Internal/FeatureTesting.cmake
                [5]	/usr/share/cmake-3.11/Modules/Internal/FeatureTesting.cmake
                [4]	/usr/share/cmake-3.11/Modules/Compiler/CMakeCommonCompilerMacros.cmake
                [3]	/usr/share/cmake-3.11/Modules/CMakeDetermineCompileFeatures.cmake
                [2]	/usr/share/cmake-3.11/Modules/CMakeTestCCompiler.cmake
                [1]	/<<PKGBUILDDIR>>/CMakeLists.txt
CMake Warning (dev) at /usr/share/cmake-3.11/Modules/Internal/FeatureTesting.cmake:33 (try_compile):
  Policy CMP0066 is not set: Honor per-config flags in try_compile()
  source-file signature.  Run "cmake --help-policy CMP0066" for policy
  details.  Use the cmake_policy command to set the policy and suppress this
  warning.

  For compatibility with older versions of CMake, try_compile is not honoring
  caller config-specific compiler flags (e.g.  CMAKE_C_FLAGS_DEBUG) in the
  test project.
Call Stack (most recent call first):
  /usr/share/cmake-3.11/Modules/Internal/FeatureTesting.cmake:74 (_record_compiler_features)
  /usr/share/cmake-3.11/Modules/Compiler/CMakeCommonCompilerMacros.cmake:74 (_record_compiler_features_c)
  /usr/share/cmake-3.11/Modules/CMakeDetermineCompileFeatures.cmake:16 (cmake_record_c_compile_features)
  /usr/share/cmake-3.11/Modules/CMakeTestCCompiler.cmake:69 (CMAKE_DETERMINE_COMPILE_FEATURES)
  CMakeLists.txt:1 (PROJECT)
This warning is for project developers.  Use -Wno-dev to suppress it.

   Called from: [6]	/usr/share/cmake-3.11/Modules/Internal/FeatureTesting.cmake
                [5]	/usr/share/cmake-3.11/Modules/Internal/FeatureTesting.cmake
                [4]	/usr/share/cmake-3.11/Modules/Compiler/CMakeCommonCompilerMacros.cmake
                [3]	/usr/share/cmake-3.11/Modules/CMakeDetermineCompileFeatures.cmake
                [2]	/usr/share/cmake-3.11/Modules/CMakeTestCCompiler.cmake
                [1]	/<<PKGBUILDDIR>>/CMakeLists.txt
CMake Warning (dev) at /usr/share/cmake-3.11/Modules/Internal/FeatureTesting.cmake:33 (try_compile):
  Policy CMP0056 is not set: Honor link flags in try_compile() source-file
  signature.  Run "cmake --help-policy CMP0056" for policy details.  Use the
  cmake_policy command to set the policy and suppress this warning.

  For compatibility with older versions of CMake, try_compile is not honoring
  caller link flags (e.g.  CMAKE_EXE_LINKER_FLAGS) in the test project.
Call Stack (most recent call first):
  /usr/share/cmake-3.11/Modules/Internal/FeatureTesting.cmake:74 (_record_compiler_features)
  /usr/share/cmake-3.11/Modules/Compiler/CMakeCommonCompilerMacros.cmake:74 (_record_compiler_features_c)
  /usr/share/cmake-3.11/Modules/CMakeDetermineCompileFeatures.cmake:16 (cmake_record_c_compile_features)
  /usr/share/cmake-3.11/Modules/CMakeTestCCompiler.cmake:69 (CMAKE_DETERMINE_COMPILE_FEATURES)
  CMakeLists.txt:1 (PROJECT)
This warning is for project developers.  Use -Wno-dev to suppress it.

   Called from: [6]	/usr/share/cmake-3.11/Modules/Internal/FeatureTesting.cmake
                [5]	/usr/share/cmake-3.11/Modules/Internal/FeatureTesting.cmake
                [4]	/usr/share/cmake-3.11/Modules/Compiler/CMakeCommonCompilerMacros.cmake
                [3]	/usr/share/cmake-3.11/Modules/CMakeDetermineCompileFeatures.cmake
                [2]	/usr/share/cmake-3.11/Modules/CMakeTestCCompiler.cmake
                [1]	/<<PKGBUILDDIR>>/CMakeLists.txt
-- Detecting C compile features - done
   Called from: [3]	/usr/share/cmake-3.11/Modules/CMakeDetermineCompileFeatures.cmake
                [2]	/usr/share/cmake-3.11/Modules/CMakeTestCCompiler.cmake
                [1]	/<<PKGBUILDDIR>>/CMakeLists.txt
-- Check for working CXX compiler: /usr/bin/c++
   Called from: [3]	/usr/share/cmake-3.11/Modules/CMakeTestCompilerCommon.cmake
                [2]	/usr/share/cmake-3.11/Modules/CMakeTestCXXCompiler.cmake
                [1]	/<<PKGBUILDDIR>>/CMakeLists.txt
CMake Warning (dev) at /usr/share/cmake-3.11/Modules/CMakeTestCXXCompiler.cmake:30 (try_compile):
  Policy CMP0066 is not set: Honor per-config flags in try_compile()
  source-file signature.  Run "cmake --help-policy CMP0066" for policy
  details.  Use the cmake_policy command to set the policy and suppress this
  warning.

  For compatibility with older versions of CMake, try_compile is not honoring
  caller config-specific compiler flags (e.g.  CMAKE_C_FLAGS_DEBUG) in the
  test project.
Call Stack (most recent call first):
  CMakeLists.txt:1 (PROJECT)
This warning is for project developers.  Use -Wno-dev to suppress it.

   Called from: [2]	/usr/share/cmake-3.11/Modules/CMakeTestCXXCompiler.cmake
                [1]	/<<PKGBUILDDIR>>/CMakeLists.txt
CMake Warning (dev) at /usr/share/cmake-3.11/Modules/CMakeTestCXXCompiler.cmake:30 (try_compile):
  Policy CMP0056 is not set: Honor link flags in try_compile() source-file
  signature.  Run "cmake --help-policy CMP0056" for policy details.  Use the
  cmake_policy command to set the policy and suppress this warning.

  For compatibility with older versions of CMake, try_compile is not honoring
  caller link flags (e.g.  CMAKE_EXE_LINKER_FLAGS) in the test project.
Call Stack (most recent call first):
  CMakeLists.txt:1 (PROJECT)
This warning is for project developers.  Use -Wno-dev to suppress it.

   Called from: [2]	/usr/share/cmake-3.11/Modules/CMakeTestCXXCompiler.cmake
                [1]	/<<PKGBUILDDIR>>/CMakeLists.txt
-- Check for working CXX compiler: /usr/bin/c++ -- works
   Called from: [3]	/usr/share/cmake-3.11/Modules/CMakeTestCompilerCommon.cmake
                [2]	/usr/share/cmake-3.11/Modules/CMakeTestCXXCompiler.cmake
                [1]	/<<PKGBUILDDIR>>/CMakeLists.txt
-- Detecting CXX compiler ABI info
   Called from: [3]	/usr/share/cmake-3.11/Modules/CMakeDetermineCompilerABI.cmake
                [2]	/usr/share/cmake-3.11/Modules/CMakeTestCXXCompiler.cmake
                [1]	/<<PKGBUILDDIR>>/CMakeLists.txt
CMake Warning (dev) at /usr/share/cmake-3.11/Modules/CMakeDetermineCompilerABI.cmake:26 (try_compile):
  Policy CMP0066 is not set: Honor per-config flags in try_compile()
  source-file signature.  Run "cmake --help-policy CMP0066" for policy
  details.  Use the cmake_policy command to set the policy and suppress this
  warning.

  For compatibility with older versions of CMake, try_compile is not honoring
  caller config-specific compiler flags (e.g.  CMAKE_C_FLAGS_DEBUG) in the
  test project.
Call Stack (most recent call first):
  /usr/share/cmake-3.11/Modules/CMakeTestCXXCompiler.cmake:59 (CMAKE_DETERMINE_COMPILER_ABI)
  CMakeLists.txt:1 (PROJECT)
This warning is for project developers.  Use -Wno-dev to suppress it.

   Called from: [3]	/usr/share/cmake-3.11/Modules/CMakeDetermineCompilerABI.cmake
                [2]	/usr/share/cmake-3.11/Modules/CMakeTestCXXCompiler.cmake
                [1]	/<<PKGBUILDDIR>>/CMakeLists.txt
CMake Warning (dev) at /usr/share/cmake-3.11/Modules/CMakeDetermineCompilerABI.cmake:26 (try_compile):
  Policy CMP0056 is not set: Honor link flags in try_compile() source-file
  signature.  Run "cmake --help-policy CMP0056" for policy details.  Use the
  cmake_policy command to set the policy and suppress this warning.

  For compatibility with older versions of CMake, try_compile is not honoring
  caller link flags (e.g.  CMAKE_EXE_LINKER_FLAGS) in the test project.
Call Stack (most recent call first):
  /usr/share/cmake-3.11/Modules/CMakeTestCXXCompiler.cmake:59 (CMAKE_DETERMINE_COMPILER_ABI)
  CMakeLists.txt:1 (PROJECT)
This warning is for project developers.  Use -Wno-dev to suppress it.

   Called from: [3]	/usr/share/cmake-3.11/Modules/CMakeDetermineCompilerABI.cmake
                [2]	/usr/share/cmake-3.11/Modules/CMakeTestCXXCompiler.cmake
                [1]	/<<PKGBUILDDIR>>/CMakeLists.txt
-- Detecting CXX compiler ABI info - done
   Called from: [3]	/usr/share/cmake-3.11/Modules/CMakeDetermineCompilerABI.cmake
                [2]	/usr/share/cmake-3.11/Modules/CMakeTestCXXCompiler.cmake
                [1]	/<<PKGBUILDDIR>>/CMakeLists.txt
-- Detecting CXX compile features
   Called from: [3]	/usr/share/cmake-3.11/Modules/CMakeDetermineCompileFeatures.cmake
                [2]	/usr/share/cmake-3.11/Modules/CMakeTestCXXCompiler.cmake
                [1]	/<<PKGBUILDDIR>>/CMakeLists.txt
CMake Warning (dev) at /usr/share/cmake-3.11/Modules/Internal/FeatureTesting.cmake:33 (try_compile):
  Policy CMP0066 is not set: Honor per-config flags in try_compile()
  source-file signature.  Run "cmake --help-policy CMP0066" for policy
  details.  Use the cmake_policy command to set the policy and suppress this
  warning.

  For compatibility with older versions of CMake, try_compile is not honoring
  caller config-specific compiler flags (e.g.  CMAKE_C_FLAGS_DEBUG) in the
  test project.
Call Stack (most recent call first):
  /usr/share/cmake-3.11/Modules/Internal/FeatureTesting.cmake:79 (_record_compiler_features)
  /usr/share/cmake-3.11/Modules/Compiler/CMakeCommonCompilerMacros.cmake:82 (_record_compiler_features_cxx)
  /usr/share/cmake-3.11/Modules/CMakeDetermineCompileFeatures.cmake:55 (cmake_record_cxx_compile_features)
  /usr/share/cmake-3.11/Modules/CMakeTestCXXCompiler.cmake:62 (CMAKE_DETERMINE_COMPILE_FEATURES)
  CMakeLists.txt:1 (PROJECT)
This warning is for project developers.  Use -Wno-dev to suppress it.

   Called from: [6]	/usr/share/cmake-3.11/Modules/Internal/FeatureTesting.cmake
                [5]	/usr/share/cmake-3.11/Modules/Internal/FeatureTesting.cmake
                [4]	/usr/share/cmake-3.11/Modules/Compiler/CMakeCommonCompilerMacros.cmake
                [3]	/usr/share/cmake-3.11/Modules/CMakeDetermineCompileFeatures.cmake
                [2]	/usr/share/cmake-3.11/Modules/CMakeTestCXXCompiler.cmake
                [1]	/<<PKGBUILDDIR>>/CMakeLists.txt
CMake Warning (dev) at /usr/share/cmake-3.11/Modules/Internal/FeatureTesting.cmake:33 (try_compile):
  Policy CMP0056 is not set: Honor link flags in try_compile() source-file
  signature.  Run "cmake --help-policy CMP0056" for policy details.  Use the
  cmake_policy command to set the policy and suppress this warning.

  For compatibility with older versions of CMake, try_compile is not honoring
  caller link flags (e.g.  CMAKE_EXE_LINKER_FLAGS) in the test project.
Call Stack (most recent call first):
  /usr/share/cmake-3.11/Modules/Internal/FeatureTesting.cmake:79 (_record_compiler_features)
  /usr/share/cmake-3.11/Modules/Compiler/CMakeCommonCompilerMacros.cmake:82 (_record_compiler_features_cxx)
  /usr/share/cmake-3.11/Modules/CMakeDetermineCompileFeatures.cmake:55 (cmake_record_cxx_compile_features)
  /usr/share/cmake-3.11/Modules/CMakeTestCXXCompiler.cmake:62 (CMAKE_DETERMINE_COMPILE_FEATURES)
  CMakeLists.txt:1 (PROJECT)
This warning is for project developers.  Use -Wno-dev to suppress it.

   Called from: [6]	/usr/share/cmake-3.11/Modules/Internal/FeatureTesting.cmake
                [5]	/usr/share/cmake-3.11/Modules/Internal/FeatureTesting.cmake
                [4]	/usr/share/cmake-3.11/Modules/Compiler/CMakeCommonCompilerMacros.cmake
                [3]	/usr/share/cmake-3.11/Modules/CMakeDetermineCompileFeatures.cmake
                [2]	/usr/share/cmake-3.11/Modules/CMakeTestCXXCompiler.cmake
                [1]	/<<PKGBUILDDIR>>/CMakeLists.txt
CMake Warning (dev) at /usr/share/cmake-3.11/Modules/Internal/FeatureTesting.cmake:33 (try_compile):
  Policy CMP0066 is not set: Honor per-config flags in try_compile()
  source-file signature.  Run "cmake --help-policy CMP0066" for policy
  details.  Use the cmake_policy command to set the policy and suppress this
  warning.

  For compatibility with older versions of CMake, try_compile is not honoring
  caller config-specific compiler flags (e.g.  CMAKE_C_FLAGS_DEBUG) in the
  test project.
Call Stack (most recent call first):
  /usr/share/cmake-3.11/Modules/Internal/FeatureTesting.cmake:79 (_record_compiler_features)
  /usr/share/cmake-3.11/Modules/Compiler/CMakeCommonCompilerMacros.cmake:85 (_record_compiler_features_cxx)
  /usr/share/cmake-3.11/Modules/CMakeDetermineCompileFeatures.cmake:55 (cmake_record_cxx_compile_features)
  /usr/share/cmake-3.11/Modules/CMakeTestCXXCompiler.cmake:62 (CMAKE_DETERMINE_COMPILE_FEATURES)
  CMakeLists.txt:1 (PROJECT)
This warning is for project developers.  Use -Wno-dev to suppress it.

   Called from: [6]	/usr/share/cmake-3.11/Modules/Internal/FeatureTesting.cmake
                [5]	/usr/share/cmake-3.11/Modules/Internal/FeatureTesting.cmake
                [4]	/usr/share/cmake-3.11/Modules/Compiler/CMakeCommonCompilerMacros.cmake
                [3]	/usr/share/cmake-3.11/Modules/CMakeDetermineCompileFeatures.cmake
                [2]	/usr/share/cmake-3.11/Modules/CMakeTestCXXCompiler.cmake
                [1]	/<<PKGBUILDDIR>>/CMakeLists.txt
CMake Warning (dev) at /usr/share/cmake-3.11/Modules/Internal/FeatureTesting.cmake:33 (try_compile):
  Policy CMP0056 is not set: Honor link flags in try_compile() source-file
  signature.  Run "cmake --help-policy CMP0056" for policy details.  Use the
  cmake_policy command to set the policy and suppress this warning.

  For compatibility with older versions of CMake, try_compile is not honoring
  caller link flags (e.g.  CMAKE_EXE_LINKER_FLAGS) in the test project.
Call Stack (most recent call first):
  /usr/share/cmake-3.11/Modules/Internal/FeatureTesting.cmake:79 (_record_compiler_features)
  /usr/share/cmake-3.11/Modules/Compiler/CMakeCommonCompilerMacros.cmake:85 (_record_compiler_features_cxx)
  /usr/share/cmake-3.11/Modules/CMakeDetermineCompileFeatures.cmake:55 (cmake_record_cxx_compile_features)
  /usr/share/cmake-3.11/Modules/CMakeTestCXXCompiler.cmake:62 (CMAKE_DETERMINE_COMPILE_FEATURES)
  CMakeLists.txt:1 (PROJECT)
This warning is for project developers.  Use -Wno-dev to suppress it.

   Called from: [6]	/usr/share/cmake-3.11/Modules/Internal/FeatureTesting.cmake
                [5]	/usr/share/cmake-3.11/Modules/Internal/FeatureTesting.cmake
                [4]	/usr/share/cmake-3.11/Modules/Compiler/CMakeCommonCompilerMacros.cmake
                [3]	/usr/share/cmake-3.11/Modules/CMakeDetermineCompileFeatures.cmake
                [2]	/usr/share/cmake-3.11/Modules/CMakeTestCXXCompiler.cmake
                [1]	/<<PKGBUILDDIR>>/CMakeLists.txt
CMake Warning (dev) at /usr/share/cmake-3.11/Modules/Internal/FeatureTesting.cmake:33 (try_compile):
  Policy CMP0066 is not set: Honor per-config flags in try_compile()
  source-file signature.  Run "cmake --help-policy CMP0066" for policy
  details.  Use the cmake_policy command to set the policy and suppress this
  warning.

  For compatibility with older versions of CMake, try_compile is not honoring
  caller config-specific compiler flags (e.g.  CMAKE_C_FLAGS_DEBUG) in the
  test project.
Call Stack (most recent call first):
  /usr/share/cmake-3.11/Modules/Internal/FeatureTesting.cmake:79 (_record_compiler_features)
  /usr/share/cmake-3.11/Modules/Compiler/CMakeCommonCompilerMacros.cmake:88 (_record_compiler_features_cxx)
  /usr/share/cmake-3.11/Modules/CMakeDetermineCompileFeatures.cmake:55 (cmake_record_cxx_compile_features)
  /usr/share/cmake-3.11/Modules/CMakeTestCXXCompiler.cmake:62 (CMAKE_DETERMINE_COMPILE_FEATURES)
  CMakeLists.txt:1 (PROJECT)
This warning is for project developers.  Use -Wno-dev to suppress it.

   Called from: [6]	/usr/share/cmake-3.11/Modules/Internal/FeatureTesting.cmake
                [5]	/usr/share/cmake-3.11/Modules/Internal/FeatureTesting.cmake
                [4]	/usr/share/cmake-3.11/Modules/Compiler/CMakeCommonCompilerMacros.cmake
                [3]	/usr/share/cmake-3.11/Modules/CMakeDetermineCompileFeatures.cmake
                [2]	/usr/share/cmake-3.11/Modules/CMakeTestCXXCompiler.cmake
                [1]	/<<PKGBUILDDIR>>/CMakeLists.txt
CMake Warning (dev) at /usr/share/cmake-3.11/Modules/Internal/FeatureTesting.cmake:33 (try_compile):
  Policy CMP0056 is not set: Honor link flags in try_compile() source-file
  signature.  Run "cmake --help-policy CMP0056" for policy details.  Use the
  cmake_policy command to set the policy and suppress this warning.

  For compatibility with older versions of CMake, try_compile is not honoring
  caller link flags (e.g.  CMAKE_EXE_LINKER_FLAGS) in the test project.
Call Stack (most recent call first):
  /usr/share/cmake-3.11/Modules/Internal/FeatureTesting.cmake:79 (_record_compiler_features)
  /usr/share/cmake-3.11/Modules/Compiler/CMakeCommonCompilerMacros.cmake:88 (_record_compiler_features_cxx)
  /usr/share/cmake-3.11/Modules/CMakeDetermineCompileFeatures.cmake:55 (cmake_record_cxx_compile_features)
  /usr/share/cmake-3.11/Modules/CMakeTestCXXCompiler.cmake:62 (CMAKE_DETERMINE_COMPILE_FEATURES)
  CMakeLists.txt:1 (PROJECT)
This warning is for project developers.  Use -Wno-dev to suppress it.

   Called from: [6]	/usr/share/cmake-3.11/Modules/Internal/FeatureTesting.cmake
                [5]	/usr/share/cmake-3.11/Modules/Internal/FeatureTesting.cmake
                [4]	/usr/share/cmake-3.11/Modules/Compiler/CMakeCommonCompilerMacros.cmake
                [3]	/usr/share/cmake-3.11/Modules/CMakeDetermineCompileFeatures.cmake
                [2]	/usr/share/cmake-3.11/Modules/CMakeTestCXXCompiler.cmake
                [1]	/<<PKGBUILDDIR>>/CMakeLists.txt
CMake Warning (dev) at /usr/share/cmake-3.11/Modules/Internal/FeatureTesting.cmake:33 (try_compile):
  Policy CMP0066 is not set: Honor per-config flags in try_compile()
  source-file signature.  Run "cmake --help-policy CMP0066" for policy
  details.  Use the cmake_policy command to set the policy and suppress this
  warning.

  For compatibility with older versions of CMake, try_compile is not honoring
  caller config-specific compiler flags (e.g.  CMAKE_C_FLAGS_DEBUG) in the
  test project.
Call Stack (most recent call first):
  /usr/share/cmake-3.11/Modules/Internal/FeatureTesting.cmake:79 (_record_compiler_features)
  /usr/share/cmake-3.11/Modules/Compiler/CMakeCommonCompilerMacros.cmake:91 (_record_compiler_features_cxx)
  /usr/share/cmake-3.11/Modules/CMakeDetermineCompileFeatures.cmake:55 (cmake_record_cxx_compile_features)
  /usr/share/cmake-3.11/Modules/CMakeTestCXXCompiler.cmake:62 (CMAKE_DETERMINE_COMPILE_FEATURES)
  CMakeLists.txt:1 (PROJECT)
This warning is for project developers.  Use -Wno-dev to suppress it.

   Called from: [6]	/usr/share/cmake-3.11/Modules/Internal/FeatureTesting.cmake
                [5]	/usr/share/cmake-3.11/Modules/Internal/FeatureTesting.cmake
                [4]	/usr/share/cmake-3.11/Modules/Compiler/CMakeCommonCompilerMacros.cmake
                [3]	/usr/share/cmake-3.11/Modules/CMakeDetermineCompileFeatures.cmake
                [2]	/usr/share/cmake-3.11/Modules/CMakeTestCXXCompiler.cmake
                [1]	/<<PKGBUILDDIR>>/CMakeLists.txt
CMake Warning (dev) at /usr/share/cmake-3.11/Modules/Internal/FeatureTesting.cmake:33 (try_compile):
  Policy CMP0056 is not set: Honor link flags in try_compile() source-file
  signature.  Run "cmake --help-policy CMP0056" for policy details.  Use the
  cmake_policy command to set the policy and suppress this warning.

  For compatibility with older versions of CMake, try_compile is not honoring
  caller link flags (e.g.  CMAKE_EXE_LINKER_FLAGS) in the test project.
Call Stack (most recent call first):
  /usr/share/cmake-3.11/Modules/Internal/FeatureTesting.cmake:79 (_record_compiler_features)
  /usr/share/cmake-3.11/Modules/Compiler/CMakeCommonCompilerMacros.cmake:91 (_record_compiler_features_cxx)
  /usr/share/cmake-3.11/Modules/CMakeDetermineCompileFeatures.cmake:55 (cmake_record_cxx_compile_features)
  /usr/share/cmake-3.11/Modules/CMakeTestCXXCompiler.cmake:62 (CMAKE_DETERMINE_COMPILE_FEATURES)
  CMakeLists.txt:1 (PROJECT)
This warning is for project developers.  Use -Wno-dev to suppress it.

   Called from: [6]	/usr/share/cmake-3.11/Modules/Internal/FeatureTesting.cmake
                [5]	/usr/share/cmake-3.11/Modules/Internal/FeatureTesting.cmake
                [4]	/usr/share/cmake-3.11/Modules/Compiler/CMakeCommonCompilerMacros.cmake
                [3]	/usr/share/cmake-3.11/Modules/CMakeDetermineCompileFeatures.cmake
                [2]	/usr/share/cmake-3.11/Modules/CMakeTestCXXCompiler.cmake
                [1]	/<<PKGBUILDDIR>>/CMakeLists.txt
-- Detecting CXX compile features - done
   Called from: [3]	/usr/share/cmake-3.11/Modules/CMakeDetermineCompileFeatures.cmake
                [2]	/usr/share/cmake-3.11/Modules/CMakeTestCXXCompiler.cmake
                [1]	/<<PKGBUILDDIR>>/CMakeLists.txt
CMake Deprecation Warning at CMakeLists.txt:5 (cmake_policy):
  The OLD behavior for policy CMP0003 will be removed from a future version
  of CMake.

  The cmake-policies(7) manual explains that the OLD behaviors of all
  policies are deprecated and that a policy should be set to OLD only under
  specific short-term circumstances.  Projects should be ported to the NEW
  behavior and not rely on setting a policy to OLD.


   Called from: [1]	/<<PKGBUILDDIR>>/CMakeLists.txt
   Entering             /<<PKGBUILDDIR>>/tuxcap
   Called from: [1]	/<<PKGBUILDDIR>>/CMakeLists.txt
-- Could NOT find ImageMagick (missing: ImageMagick_mogrify_EXECUTABLE) 
   Called from: [4]	/usr/share/cmake-3.11/Modules/FindPackageHandleStandardArgs.cmake
                [3]	/usr/share/cmake-3.11/Modules/FindPackageHandleStandardArgs.cmake
                [2]	/usr/share/cmake-3.11/Modules/FindImageMagick.cmake
                [1]	/<<PKGBUILDDIR>>/tuxcap/CMakeLists.txt
-- Looking for pthread.h
   Called from: [4]	/usr/share/cmake-3.11/Modules/CheckIncludeFile.cmake
                [3]	/usr/share/cmake-3.11/Modules/FindThreads.cmake
                [2]	/usr/share/cmake-3.11/Modules/FindSDL.cmake
                [1]	/<<PKGBUILDDIR>>/tuxcap/CMakeLists.txt
CMake Warning (dev) at /usr/share/cmake-3.11/Modules/CheckIncludeFile.cmake:58 (try_compile):
  Policy CMP0066 is not set: Honor per-config flags in try_compile()
  source-file signature.  Run "cmake --help-policy CMP0066" for policy
  details.  Use the cmake_policy command to set the policy and suppress this
  warning.

  For compatibility with older versions of CMake, try_compile is not honoring
  caller config-specific compiler flags (e.g.  CMAKE_C_FLAGS_DEBUG) in the
  test project.
Call Stack (most recent call first):
  /usr/share/cmake-3.11/Modules/FindThreads.cmake:121 (CHECK_INCLUDE_FILE)
  /usr/share/cmake-3.11/Modules/FindSDL.cmake:127 (find_package)
  tuxcap/CMakeLists.txt:12 (INCLUDE)
This warning is for project developers.  Use -Wno-dev to suppress it.

   Called from: [4]	/usr/share/cmake-3.11/Modules/CheckIncludeFile.cmake
                [3]	/usr/share/cmake-3.11/Modules/FindThreads.cmake
                [2]	/usr/share/cmake-3.11/Modules/FindSDL.cmake
                [1]	/<<PKGBUILDDIR>>/tuxcap/CMakeLists.txt
CMake Warning (dev) at /usr/share/cmake-3.11/Modules/CheckIncludeFile.cmake:58 (try_compile):
  Policy CMP0056 is not set: Honor link flags in try_compile() source-file
  signature.  Run "cmake --help-policy CMP0056" for policy details.  Use the
  cmake_policy command to set the policy and suppress this warning.

  For compatibility with older versions of CMake, try_compile is not honoring
  caller link flags (e.g.  CMAKE_EXE_LINKER_FLAGS) in the test project.
Call Stack (most recent call first):
  /usr/share/cmake-3.11/Modules/FindThreads.cmake:121 (CHECK_INCLUDE_FILE)
  /usr/share/cmake-3.11/Modules/FindSDL.cmake:127 (find_package)
  tuxcap/CMakeLists.txt:12 (INCLUDE)
This warning is for project developers.  Use -Wno-dev to suppress it.

   Called from: [4]	/usr/share/cmake-3.11/Modules/CheckIncludeFile.cmake
                [3]	/usr/share/cmake-3.11/Modules/FindThreads.cmake
                [2]	/usr/share/cmake-3.11/Modules/FindSDL.cmake
                [1]	/<<PKGBUILDDIR>>/tuxcap/CMakeLists.txt
-- Looking for pthread.h - found
   Called from: [4]	/usr/share/cmake-3.11/Modules/CheckIncludeFile.cmake
                [3]	/usr/share/cmake-3.11/Modules/FindThreads.cmake
                [2]	/usr/share/cmake-3.11/Modules/FindSDL.cmake
                [1]	/<<PKGBUILDDIR>>/tuxcap/CMakeLists.txt
-- Looking for pthread_create
   Called from: [5]	/usr/share/cmake-3.11/Modules/CheckSymbolExists.cmake
                [4]	/usr/share/cmake-3.11/Modules/CheckSymbolExists.cmake
                [3]	/usr/share/cmake-3.11/Modules/FindThreads.cmake
                [2]	/usr/share/cmake-3.11/Modules/FindSDL.cmake
                [1]	/<<PKGBUILDDIR>>/tuxcap/CMakeLists.txt
CMake Warning (dev) at /usr/share/cmake-3.11/Modules/CheckSymbolExists.cmake:87 (try_compile):
  Policy CMP0066 is not set: Honor per-config flags in try_compile()
  source-file signature.  Run "cmake --help-policy CMP0066" for policy
  details.  Use the cmake_policy command to set the policy and suppress this
  warning.

  For compatibility with older versions of CMake, try_compile is not honoring
  caller config-specific compiler flags (e.g.  CMAKE_C_FLAGS_DEBUG) in the
  test project.
Call Stack (most recent call first):
  /usr/share/cmake-3.11/Modules/CheckSymbolExists.cmake:50 (__CHECK_SYMBOL_EXISTS_IMPL)
  /usr/share/cmake-3.11/Modules/FindThreads.cmake:134 (CHECK_SYMBOL_EXISTS)
  /usr/share/cmake-3.11/Modules/FindSDL.cmake:127 (find_package)
  tuxcap/CMakeLists.txt:12 (INCLUDE)
This warning is for project developers.  Use -Wno-dev to suppress it.

   Called from: [5]	/usr/share/cmake-3.11/Modules/CheckSymbolExists.cmake
                [4]	/usr/share/cmake-3.11/Modules/CheckSymbolExists.cmake
                [3]	/usr/share/cmake-3.11/Modules/FindThreads.cmake
                [2]	/usr/share/cmake-3.11/Modules/FindSDL.cmake
                [1]	/<<PKGBUILDDIR>>/tuxcap/CMakeLists.txt
CMake Warning (dev) at /usr/share/cmake-3.11/Modules/CheckSymbolExists.cmake:87 (try_compile):
  Policy CMP0056 is not set: Honor link flags in try_compile() source-file
  signature.  Run "cmake --help-policy CMP0056" for policy details.  Use the
  cmake_policy command to set the policy and suppress this warning.

  For compatibility with older versions of CMake, try_compile is not honoring
  caller link flags (e.g.  CMAKE_EXE_LINKER_FLAGS) in the test project.
Call Stack (most recent call first):
  /usr/share/cmake-3.11/Modules/CheckSymbolExists.cmake:50 (__CHECK_SYMBOL_EXISTS_IMPL)
  /usr/share/cmake-3.11/Modules/FindThreads.cmake:134 (CHECK_SYMBOL_EXISTS)
  /usr/share/cmake-3.11/Modules/FindSDL.cmake:127 (find_package)
  tuxcap/CMakeLists.txt:12 (INCLUDE)
This warning is for project developers.  Use -Wno-dev to suppress it.

   Called from: [5]	/usr/share/cmake-3.11/Modules/CheckSymbolExists.cmake
                [4]	/usr/share/cmake-3.11/Modules/CheckSymbolExists.cmake
                [3]	/usr/share/cmake-3.11/Modules/FindThreads.cmake
                [2]	/usr/share/cmake-3.11/Modules/FindSDL.cmake
                [1]	/<<PKGBUILDDIR>>/tuxcap/CMakeLists.txt
-- Looking for pthread_create - not found
   Called from: [5]	/usr/share/cmake-3.11/Modules/CheckSymbolExists.cmake
                [4]	/usr/share/cmake-3.11/Modules/CheckSymbolExists.cmake
                [3]	/usr/share/cmake-3.11/Modules/FindThreads.cmake
                [2]	/usr/share/cmake-3.11/Modules/FindSDL.cmake
                [1]	/<<PKGBUILDDIR>>/tuxcap/CMakeLists.txt
-- Looking for pthread_create in pthreads
   Called from: [5]	/usr/share/cmake-3.11/Modules/CheckLibraryExists.cmake
                [4]	/usr/share/cmake-3.11/Modules/FindThreads.cmake
                [3]	/usr/share/cmake-3.11/Modules/FindThreads.cmake
                [2]	/usr/share/cmake-3.11/Modules/FindSDL.cmake
                [1]	/<<PKGBUILDDIR>>/tuxcap/CMakeLists.txt
CMake Warning (dev) at /usr/share/cmake-3.11/Modules/CheckLibraryExists.cmake:56 (try_compile):
  Policy CMP0066 is not set: Honor per-config flags in try_compile()
  source-file signature.  Run "cmake --help-policy CMP0066" for policy
  details.  Use the cmake_policy command to set the policy and suppress this
  warning.

  For compatibility with older versions of CMake, try_compile is not honoring
  caller config-specific compiler flags (e.g.  CMAKE_C_FLAGS_DEBUG) in the
  test project.
Call Stack (most recent call first):
  /usr/share/cmake-3.11/Modules/FindThreads.cmake:67 (CHECK_LIBRARY_EXISTS)
  /usr/share/cmake-3.11/Modules/FindThreads.cmake:148 (_check_threads_lib)
  /usr/share/cmake-3.11/Modules/FindSDL.cmake:127 (find_package)
  tuxcap/CMakeLists.txt:12 (INCLUDE)
This warning is for project developers.  Use -Wno-dev to suppress it.

   Called from: [5]	/usr/share/cmake-3.11/Modules/CheckLibraryExists.cmake
                [4]	/usr/share/cmake-3.11/Modules/FindThreads.cmake
                [3]	/usr/share/cmake-3.11/Modules/FindThreads.cmake
                [2]	/usr/share/cmake-3.11/Modules/FindSDL.cmake
                [1]	/<<PKGBUILDDIR>>/tuxcap/CMakeLists.txt
CMake Warning (dev) at /usr/share/cmake-3.11/Modules/CheckLibraryExists.cmake:56 (try_compile):
  Policy CMP0056 is not set: Honor link flags in try_compile() source-file
  signature.  Run "cmake --help-policy CMP0056" for policy details.  Use the
  cmake_policy command to set the policy and suppress this warning.

  For compatibility with older versions of CMake, try_compile is not honoring
  caller link flags (e.g.  CMAKE_EXE_LINKER_FLAGS) in the test project.
Call Stack (most recent call first):
  /usr/share/cmake-3.11/Modules/FindThreads.cmake:67 (CHECK_LIBRARY_EXISTS)
  /usr/share/cmake-3.11/Modules/FindThreads.cmake:148 (_check_threads_lib)
  /usr/share/cmake-3.11/Modules/FindSDL.cmake:127 (find_package)
  tuxcap/CMakeLists.txt:12 (INCLUDE)
This warning is for project developers.  Use -Wno-dev to suppress it.

   Called from: [5]	/usr/share/cmake-3.11/Modules/CheckLibraryExists.cmake
                [4]	/usr/share/cmake-3.11/Modules/FindThreads.cmake
                [3]	/usr/share/cmake-3.11/Modules/FindThreads.cmake
                [2]	/usr/share/cmake-3.11/Modules/FindSDL.cmake
                [1]	/<<PKGBUILDDIR>>/tuxcap/CMakeLists.txt
-- Looking for pthread_create in pthreads - not found
   Called from: [5]	/usr/share/cmake-3.11/Modules/CheckLibraryExists.cmake
                [4]	/usr/share/cmake-3.11/Modules/FindThreads.cmake
                [3]	/usr/share/cmake-3.11/Modules/FindThreads.cmake
                [2]	/usr/share/cmake-3.11/Modules/FindSDL.cmake
                [1]	/<<PKGBUILDDIR>>/tuxcap/CMakeLists.txt
-- Looking for pthread_create in pthread
   Called from: [5]	/usr/share/cmake-3.11/Modules/CheckLibraryExists.cmake
                [4]	/usr/share/cmake-3.11/Modules/FindThreads.cmake
                [3]	/usr/share/cmake-3.11/Modules/FindThreads.cmake
                [2]	/usr/share/cmake-3.11/Modules/FindSDL.cmake
                [1]	/<<PKGBUILDDIR>>/tuxcap/CMakeLists.txt
CMake Warning (dev) at /usr/share/cmake-3.11/Modules/CheckLibraryExists.cmake:56 (try_compile):
  Policy CMP0066 is not set: Honor per-config flags in try_compile()
  source-file signature.  Run "cmake --help-policy CMP0066" for policy
  details.  Use the cmake_policy command to set the policy and suppress this
  warning.

  For compatibility with older versions of CMake, try_compile is not honoring
  caller config-specific compiler flags (e.g.  CMAKE_C_FLAGS_DEBUG) in the
  test project.
Call Stack (most recent call first):
  /usr/share/cmake-3.11/Modules/FindThreads.cmake:67 (CHECK_LIBRARY_EXISTS)
  /usr/share/cmake-3.11/Modules/FindThreads.cmake:149 (_check_threads_lib)
  /usr/share/cmake-3.11/Modules/FindSDL.cmake:127 (find_package)
  tuxcap/CMakeLists.txt:12 (INCLUDE)
This warning is for project developers.  Use -Wno-dev to suppress it.

   Called from: [5]	/usr/share/cmake-3.11/Modules/CheckLibraryExists.cmake
                [4]	/usr/share/cmake-3.11/Modules/FindThreads.cmake
                [3]	/usr/share/cmake-3.11/Modules/FindThreads.cmake
                [2]	/usr/share/cmake-3.11/Modules/FindSDL.cmake
                [1]	/<<PKGBUILDDIR>>/tuxcap/CMakeLists.txt
CMake Warning (dev) at /usr/share/cmake-3.11/Modules/CheckLibraryExists.cmake:56 (try_compile):
  Policy CMP0056 is not set: Honor link flags in try_compile() source-file
  signature.  Run "cmake --help-policy CMP0056" for policy details.  Use the
  cmake_policy command to set the policy and suppress this warning.

  For compatibility with older versions of CMake, try_compile is not honoring
  caller link flags (e.g.  CMAKE_EXE_LINKER_FLAGS) in the test project.
Call Stack (most recent call first):
  /usr/share/cmake-3.11/Modules/FindThreads.cmake:67 (CHECK_LIBRARY_EXISTS)
  /usr/share/cmake-3.11/Modules/FindThreads.cmake:149 (_check_threads_lib)
  /usr/share/cmake-3.11/Modules/FindSDL.cmake:127 (find_package)
  tuxcap/CMakeLists.txt:12 (INCLUDE)
This warning is for project developers.  Use -Wno-dev to suppress it.

   Called from: [5]	/usr/share/cmake-3.11/Modules/CheckLibraryExists.cmake
                [4]	/usr/share/cmake-3.11/Modules/FindThreads.cmake
                [3]	/usr/share/cmake-3.11/Modules/FindThreads.cmake
                [2]	/usr/share/cmake-3.11/Modules/FindSDL.cmake
                [1]	/<<PKGBUILDDIR>>/tuxcap/CMakeLists.txt
-- Looking for pthread_create in pthread - found
   Called from: [5]	/usr/share/cmake-3.11/Modules/CheckLibraryExists.cmake
                [4]	/usr/share/cmake-3.11/Modules/FindThreads.cmake
                [3]	/usr/share/cmake-3.11/Modules/FindThreads.cmake
                [2]	/usr/share/cmake-3.11/Modules/FindSDL.cmake
                [1]	/<<PKGBUILDDIR>>/tuxcap/CMakeLists.txt
-- Found Threads: TRUE  
   Called from: [5]	/usr/share/cmake-3.11/Modules/FindPackageMessage.cmake
                [4]	/usr/share/cmake-3.11/Modules/FindPackageHandleStandardArgs.cmake
                [3]	/usr/share/cmake-3.11/Modules/FindThreads.cmake
                [2]	/usr/share/cmake-3.11/Modules/FindSDL.cmake
                [1]	/<<PKGBUILDDIR>>/tuxcap/CMakeLists.txt
-- Found SDL: /usr/lib/x86_64-linux-gnu/libSDLmain.a;/usr/lib/x86_64-linux-gnu/libSDL.so;-lpthread (found version "1.2.15") 
   Called from: [4]	/usr/share/cmake-3.11/Modules/FindPackageMessage.cmake
                [3]	/usr/share/cmake-3.11/Modules/FindPackageHandleStandardArgs.cmake
                [2]	/usr/share/cmake-3.11/Modules/FindSDL.cmake
                [1]	/<<PKGBUILDDIR>>/tuxcap/CMakeLists.txt
CMake Warning (dev) at /usr/share/cmake-3.11/Modules/FindOpenGL.cmake:270 (message):
  Policy CMP0072 is not set: FindOpenGL prefers GLVND by default when
  available.  Run "cmake --help-policy CMP0072" for policy details.  Use the
  cmake_policy command to set the policy and suppress this warning.

  FindOpenGL found both a legacy GL library:

    OPENGL_gl_LIBRARY: /usr/lib/x86_64-linux-gnu/libGL.so

  and GLVND libraries for OpenGL and GLX:

    OPENGL_opengl_LIBRARY: /usr/lib/x86_64-linux-gnu/libOpenGL.so
    OPENGL_glx_LIBRARY: /usr/lib/x86_64-linux-gnu/libGLX.so

  OpenGL_GL_PREFERENCE has not been set to "GLVND" or "LEGACY", so for
  compatibility with CMake 3.10 and below the legacy GL library will be used.
Call Stack (most recent call first):
  tuxcap/CMakeLists.txt:13 (INCLUDE)
This warning is for project developers.  Use -Wno-dev to suppress it.

   Called from: [2]	/usr/share/cmake-3.11/Modules/FindOpenGL.cmake
                [1]	/<<PKGBUILDDIR>>/tuxcap/CMakeLists.txt
-- Found OpenGL: /usr/lib/x86_64-linux-gnu/libOpenGL.so   
   Called from: [4]	/usr/share/cmake-3.11/Modules/FindPackageMessage.cmake
                [3]	/usr/share/cmake-3.11/Modules/FindPackageHandleStandardArgs.cmake
                [2]	/usr/share/cmake-3.11/Modules/FindOpenGL.cmake
                [1]	/<<PKGBUILDDIR>>/tuxcap/CMakeLists.txt
-- Found SDL_mixer: /usr/lib/x86_64-linux-gnu/libSDL_mixer.so (found version "1.2.12") 
   Called from: [4]	/usr/share/cmake-3.11/Modules/FindPackageMessage.cmake
                [3]	/usr/share/cmake-3.11/Modules/FindPackageHandleStandardArgs.cmake
                [2]	/usr/share/cmake-3.11/Modules/FindSDL_mixer.cmake
                [1]	/<<PKGBUILDDIR>>/tuxcap/CMakeLists.txt
-- Found PythonLibs: /usr/lib/x86_64-linux-gnu/libpython2.7.so (found version "2.7.15") 
   Called from: [4]	/usr/share/cmake-3.11/Modules/FindPackageMessage.cmake
                [3]	/usr/share/cmake-3.11/Modules/FindPackageHandleStandardArgs.cmake
                [2]	/usr/share/cmake-3.11/Modules/FindPythonLibs.cmake
                [1]	/<<PKGBUILDDIR>>/tuxcap/CMakeLists.txt
-- Found PkgConfig: /usr/bin/pkg-config (found version "0.29") 
   Called from: [4]	/usr/share/cmake-3.11/Modules/FindPackageMessage.cmake
                [3]	/usr/share/cmake-3.11/Modules/FindPackageHandleStandardArgs.cmake
                [2]	/usr/share/cmake-3.11/Modules/FindPkgConfig.cmake
                [1]	/<<PKGBUILDDIR>>/tuxcap/CMakeLists.txt
-- Checking for modules 'Magick++;MagickWand;MagickCore'
   Called from: [3]	/usr/share/cmake-3.11/Modules/FindPkgConfig.cmake
                [2]	/usr/share/cmake-3.11/Modules/FindPkgConfig.cmake
                [1]	/<<PKGBUILDDIR>>/tuxcap/CMakeLists.txt
--   Found Magick++, version 6.9.9
   Called from: [3]	/usr/share/cmake-3.11/Modules/FindPkgConfig.cmake
                [2]	/usr/share/cmake-3.11/Modules/FindPkgConfig.cmake
                [1]	/<<PKGBUILDDIR>>/tuxcap/CMakeLists.txt
--   Found MagickWand, version 6.9.9
   Called from: [3]	/usr/share/cmake-3.11/Modules/FindPkgConfig.cmake
                [2]	/usr/share/cmake-3.11/Modules/FindPkgConfig.cmake
                [1]	/<<PKGBUILDDIR>>/tuxcap/CMakeLists.txt
--   Found MagickCore, version 6.9.9
   Called from: [3]	/usr/share/cmake-3.11/Modules/FindPkgConfig.cmake
                [2]	/usr/share/cmake-3.11/Modules/FindPkgConfig.cmake
                [1]	/<<PKGBUILDDIR>>/tuxcap/CMakeLists.txt
Python development libraries found, building TuxCap Python bindings and examples
   Called from: [1]	/<<PKGBUILDDIR>>/tuxcap/CMakeLists.txt
Python libraries /usr/lib/x86_64-linux-gnu/libpython2.7.so include path /usr/include/python2.7
   Called from: [1]	/<<PKGBUILDDIR>>/tuxcap/CMakeLists.txt
libSDL found. /usr/include/SDL /usr/lib/x86_64-linux-gnu/libSDLmain.a;/usr/lib/x86_64-linux-gnu/libSDL.so;-lpthread
   Called from: [1]	/<<PKGBUILDDIR>>/tuxcap/CMakeLists.txt
lib ImageMagick found. /usr/include/x86_64-linux-gnu//ImageMagick-6;/usr/include/ImageMagick-6;/usr/include/x86_64-linux-gnu//ImageMagick-6;/usr/include/ImageMagick-6;/usr/include/x86_64-linux-gnu//ImageMagick-6;/usr/include/ImageMagick-6 Magick++-6.Q16;MagickWand-6.Q16;MagickCore-6.Q16
   Called from: [1]	/<<PKGBUILDDIR>>/tuxcap/CMakeLists.txt
libSDL_mixer found. /usr/include/SDL /usr/lib/x86_64-linux-gnu/libSDL_mixer.so
   Called from: [1]	/<<PKGBUILDDIR>>/tuxcap/CMakeLists.txt
OpenGL found. /usr/include /usr/lib/x86_64-linux-gnu/libGL.so;/usr/lib/x86_64-linux-gnu/libGLU.so
   Called from: [1]	/<<PKGBUILDDIR>>/tuxcap/CMakeLists.txt
   Entering             /<<PKGBUILDDIR>>/tuxcap/pythondemo1
   Called from: [1]	/<<PKGBUILDDIR>>/tuxcap/CMakeLists.txt
CMake Warning (dev) at tuxcap/pythondemo1/CMakeLists.txt:40 (ADD_EXECUTABLE):
  Policy CMP0037 is not set: Target names should not be reserved and should
  match a validity pattern.  Run "cmake --help-policy CMP0037" for policy
  details.  Use the cmake_policy command to set the policy and suppress this
  warning.

  The target name "../../pythondemo1/Pythondemo1" is reserved or not valid
  for certain CMake features, such as generator expressions, and may result
  in undefined behavior.
This warning is for project developers.  Use -Wno-dev to suppress it.

   Called from: [1]	/<<PKGBUILDDIR>>/tuxcap/pythondemo1/CMakeLists.txt
   Returning to         /<<PKGBUILDDIR>>/tuxcap
   Called from: [1]	/<<PKGBUILDDIR>>/tuxcap/CMakeLists.txt
   Entering             /<<PKGBUILDDIR>>/tuxcap/pythondemo2
   Called from: [1]	/<<PKGBUILDDIR>>/tuxcap/CMakeLists.txt
CMake Warning (dev) at tuxcap/pythondemo2/CMakeLists.txt:40 (ADD_EXECUTABLE):
  Policy CMP0037 is not set: Target names should not be reserved and should
  match a validity pattern.  Run "cmake --help-policy CMP0037" for policy
  details.  Use the cmake_policy command to set the policy and suppress this
  warning.

  The target name "../../pythondemo2/Pythondemo2" is reserved or not valid
  for certain CMake features, such as generator expressions, and may result
  in undefined behavior.
This warning is for project developers.  Use -Wno-dev to suppress it.

   Called from: [1]	/<<PKGBUILDDIR>>/tuxcap/pythondemo2/CMakeLists.txt
   Returning to         /<<PKGBUILDDIR>>/tuxcap
   Called from: [1]	/<<PKGBUILDDIR>>/tuxcap/CMakeLists.txt
   Entering             /<<PKGBUILDDIR>>/tuxcap/pythondemo_template
   Called from: [1]	/<<PKGBUILDDIR>>/tuxcap/CMakeLists.txt
CMake Warning (dev) at tuxcap/pythondemo_template/CMakeLists.txt:40 (ADD_EXECUTABLE):
  Policy CMP0037 is not set: Target names should not be reserved and should
  match a validity pattern.  Run "cmake --help-policy CMP0037" for policy
  details.  Use the cmake_policy command to set the policy and suppress this
  warning.

  The target name "../../pythondemo_template/Pythondemo_template" is reserved
  or not valid for certain CMake features, such as generator expressions, and
  may result in undefined behavior.
This warning is for project developers.  Use -Wno-dev to suppress it.

   Called from: [1]	/<<PKGBUILDDIR>>/tuxcap/pythondemo_template/CMakeLists.txt
   Returning to         /<<PKGBUILDDIR>>/tuxcap
   Called from: [1]	/<<PKGBUILDDIR>>/tuxcap/CMakeLists.txt
   Entering             /<<PKGBUILDDIR>>/tuxcap/lib
   Called from: [1]	/<<PKGBUILDDIR>>/tuxcap/CMakeLists.txt
   Returning to         /<<PKGBUILDDIR>>/tuxcap
   Called from: [1]	/<<PKGBUILDDIR>>/tuxcap/CMakeLists.txt
   Entering             /<<PKGBUILDDIR>>/tuxcap/demo1
   Called from: [1]	/<<PKGBUILDDIR>>/tuxcap/CMakeLists.txt
CMake Warning (dev) at tuxcap/demo1/CMakeLists.txt:36 (ADD_EXECUTABLE):
  Policy CMP0037 is not set: Target names should not be reserved and should
  match a validity pattern.  Run "cmake --help-policy CMP0037" for policy
  details.  Use the cmake_policy command to set the policy and suppress this
  warning.

  The target name "../../demo_1" is reserved or not valid for certain CMake
  features, such as generator expressions, and may result in undefined
  behavior.
This warning is for project developers.  Use -Wno-dev to suppress it.

   Called from: [1]	/<<PKGBUILDDIR>>/tuxcap/demo1/CMakeLists.txt
   Returning to         /<<PKGBUILDDIR>>/tuxcap
   Called from: [1]	/<<PKGBUILDDIR>>/tuxcap/CMakeLists.txt
   Entering             /<<PKGBUILDDIR>>/tuxcap/demo2
   Called from: [1]	/<<PKGBUILDDIR>>/tuxcap/CMakeLists.txt
CMake Warning (dev) at tuxcap/demo2/CMakeLists.txt:36 (ADD_EXECUTABLE):
  Policy CMP0037 is not set: Target names should not be reserved and should
  match a validity pattern.  Run "cmake --help-policy CMP0037" for policy
  details.  Use the cmake_policy command to set the policy and suppress this
  warning.

  The target name "../../demo_2" is reserved or not valid for certain CMake
  features, such as generator expressions, and may result in undefined
  behavior.
This warning is for project developers.  Use -Wno-dev to suppress it.

   Called from: [1]	/<<PKGBUILDDIR>>/tuxcap/demo2/CMakeLists.txt
   Returning to         /<<PKGBUILDDIR>>/tuxcap
   Called from: [1]	/<<PKGBUILDDIR>>/tuxcap/CMakeLists.txt
   Entering             /<<PKGBUILDDIR>>/tuxcap/demo3
   Called from: [1]	/<<PKGBUILDDIR>>/tuxcap/CMakeLists.txt
CMake Warning (dev) at tuxcap/demo3/CMakeLists.txt:36 (ADD_EXECUTABLE):
  Policy CMP0037 is not set: Target names should not be reserved and should
  match a validity pattern.  Run "cmake --help-policy CMP0037" for policy
  details.  Use the cmake_policy command to set the policy and suppress this
  warning.

  The target name "../../demo_3" is reserved or not valid for certain CMake
  features, such as generator expressions, and may result in undefined
  behavior.
This warning is for project developers.  Use -Wno-dev to suppress it.

   Called from: [1]	/<<PKGBUILDDIR>>/tuxcap/demo3/CMakeLists.txt
   Returning to         /<<PKGBUILDDIR>>/tuxcap
   Called from: [1]	/<<PKGBUILDDIR>>/tuxcap/CMakeLists.txt
   Entering             /<<PKGBUILDDIR>>/tuxcap/demo4
   Called from: [1]	/<<PKGBUILDDIR>>/tuxcap/CMakeLists.txt
CMake Warning (dev) at tuxcap/demo4/CMakeLists.txt:38 (ADD_EXECUTABLE):
  Policy CMP0037 is not set: Target names should not be reserved and should
  match a validity pattern.  Run "cmake --help-policy CMP0037" for policy
  details.  Use the cmake_policy command to set the policy and suppress this
  warning.

  The target name "../../demo_4" is reserved or not valid for certain CMake
  features, such as generator expressions, and may result in undefined
  behavior.
This warning is for project developers.  Use -Wno-dev to suppress it.

   Called from: [1]	/<<PKGBUILDDIR>>/tuxcap/demo4/CMakeLists.txt
   Returning to         /<<PKGBUILDDIR>>/tuxcap
   Called from: [1]	/<<PKGBUILDDIR>>/tuxcap/CMakeLists.txt
   Entering             /<<PKGBUILDDIR>>/tuxcap/demo5
   Called from: [1]	/<<PKGBUILDDIR>>/tuxcap/CMakeLists.txt
CMake Warning (dev) at tuxcap/demo5/CMakeLists.txt:38 (ADD_EXECUTABLE):
  Policy CMP0037 is not set: Target names should not be reserved and should
  match a validity pattern.  Run "cmake --help-policy CMP0037" for policy
  details.  Use the cmake_policy command to set the policy and suppress this
  warning.

  The target name "../../demo_5" is reserved or not valid for certain CMake
  features, such as generator expressions, and may result in undefined
  behavior.
This warning is for project developers.  Use -Wno-dev to suppress it.

   Called from: [1]	/<<PKGBUILDDIR>>/tuxcap/demo5/CMakeLists.txt
   Returning to         /<<PKGBUILDDIR>>/tuxcap
   Called from: [1]	/<<PKGBUILDDIR>>/tuxcap/CMakeLists.txt
   Entering             /<<PKGBUILDDIR>>/tuxcap/physicsdemo
   Called from: [1]	/<<PKGBUILDDIR>>/tuxcap/CMakeLists.txt
CMake Warning (dev) at tuxcap/physicsdemo/CMakeLists.txt:38 (ADD_EXECUTABLE):
  Policy CMP0037 is not set: Target names should not be reserved and should
  match a validity pattern.  Run "cmake --help-policy CMP0037" for policy
  details.  Use the cmake_policy command to set the policy and suppress this
  warning.

  The target name "../../Physicsdemo" is reserved or not valid for certain
  CMake features, such as generator expressions, and may result in undefined
  behavior.
This warning is for project developers.  Use -Wno-dev to suppress it.

   Called from: [1]	/<<PKGBUILDDIR>>/tuxcap/physicsdemo/CMakeLists.txt
   Returning to         /<<PKGBUILDDIR>>/tuxcap
   Called from: [1]	/<<PKGBUILDDIR>>/tuxcap/CMakeLists.txt
   Entering             /<<PKGBUILDDIR>>/tuxcap/physicsdemo2
   Called from: [1]	/<<PKGBUILDDIR>>/tuxcap/CMakeLists.txt
CMake Warning (dev) at tuxcap/physicsdemo2/CMakeLists.txt:38 (ADD_EXECUTABLE):
  Policy CMP0037 is not set: Target names should not be reserved and should
  match a validity pattern.  Run "cmake --help-policy CMP0037" for policy
  details.  Use the cmake_policy command to set the policy and suppress this
  warning.

  The target name "../../Physicsdemo2" is reserved or not valid for certain
  CMake features, such as generator expressions, and may result in undefined
  behavior.
This warning is for project developers.  Use -Wno-dev to suppress it.

   Called from: [1]	/<<PKGBUILDDIR>>/tuxcap/physicsdemo2/CMakeLists.txt
   Returning to         /<<PKGBUILDDIR>>/tuxcap
   Called from: [1]	/<<PKGBUILDDIR>>/tuxcap/CMakeLists.txt
   Entering             /<<PKGBUILDDIR>>/tuxcap/physicsdemo3
   Called from: [1]	/<<PKGBUILDDIR>>/tuxcap/CMakeLists.txt
CMake Warning (dev) at tuxcap/physicsdemo3/CMakeLists.txt:38 (ADD_EXECUTABLE):
  Policy CMP0037 is not set: Target names should not be reserved and should
  match a validity pattern.  Run "cmake --help-policy CMP0037" for policy
  details.  Use the cmake_policy command to set the policy and suppress this
  warning.

  The target name "../../Physicsdemo3" is reserved or not valid for certain
  CMake features, such as generator expressions, and may result in undefined
  behavior.
This warning is for project developers.  Use -Wno-dev to suppress it.

   Called from: [1]	/<<PKGBUILDDIR>>/tuxcap/physicsdemo3/CMakeLists.txt
   Returning to         /<<PKGBUILDDIR>>/tuxcap
   Called from: [1]	/<<PKGBUILDDIR>>/tuxcap/CMakeLists.txt
   Entering             /<<PKGBUILDDIR>>/tuxcap/physicsdemo4
   Called from: [1]	/<<PKGBUILDDIR>>/tuxcap/CMakeLists.txt
CMake Warning (dev) at tuxcap/physicsdemo4/CMakeLists.txt:38 (ADD_EXECUTABLE):
  Policy CMP0037 is not set: Target names should not be reserved and should
  match a validity pattern.  Run "cmake --help-policy CMP0037" for policy
  details.  Use the cmake_policy command to set the policy and suppress this
  warning.

  The target name "../../Physicsdemo4" is reserved or not valid for certain
  CMake features, such as generator expressions, and may result in undefined
  behavior.
This warning is for project developers.  Use -Wno-dev to suppress it.

   Called from: [1]	/<<PKGBUILDDIR>>/tuxcap/physicsdemo4/CMakeLists.txt
   Returning to         /<<PKGBUILDDIR>>/tuxcap
   Called from: [1]	/<<PKGBUILDDIR>>/tuxcap/CMakeLists.txt
   Entering             /<<PKGBUILDDIR>>/tuxcap/physicsdemo5
   Called from: [1]	/<<PKGBUILDDIR>>/tuxcap/CMakeLists.txt
CMake Warning (dev) at tuxcap/physicsdemo5/CMakeLists.txt:38 (ADD_EXECUTABLE):
  Policy CMP0037 is not set: Target names should not be reserved and should
  match a validity pattern.  Run "cmake --help-policy CMP0037" for policy
  details.  Use the cmake_policy command to set the policy and suppress this
  warning.

  The target name "../../Physicsdemo5" is reserved or not valid for certain
  CMake features, such as generator expressions, and may result in undefined
  behavior.
This warning is for project developers.  Use -Wno-dev to suppress it.

   Called from: [1]	/<<PKGBUILDDIR>>/tuxcap/physicsdemo5/CMakeLists.txt
   Returning to         /<<PKGBUILDDIR>>/tuxcap
   Called from: [1]	/<<PKGBUILDDIR>>/tuxcap/CMakeLists.txt
   Entering             /<<PKGBUILDDIR>>/tuxcap/physicsdemo6
   Called from: [1]	/<<PKGBUILDDIR>>/tuxcap/CMakeLists.txt
CMake Warning (dev) at tuxcap/physicsdemo6/CMakeLists.txt:38 (ADD_EXECUTABLE):
  Policy CMP0037 is not set: Target names should not be reserved and should
  match a validity pattern.  Run "cmake --help-policy CMP0037" for policy
  details.  Use the cmake_policy command to set the policy and suppress this
  warning.

  The target name "../../Physicsdemo6" is reserved or not valid for certain
  CMake features, such as generator expressions, and may result in undefined
  behavior.
This warning is for project developers.  Use -Wno-dev to suppress it.

   Called from: [1]	/<<PKGBUILDDIR>>/tuxcap/physicsdemo6/CMakeLists.txt
   Returning to         /<<PKGBUILDDIR>>/tuxcap
   Called from: [1]	/<<PKGBUILDDIR>>/tuxcap/CMakeLists.txt
   Entering             /<<PKGBUILDDIR>>/tuxcap/physicsdemo7
   Called from: [1]	/<<PKGBUILDDIR>>/tuxcap/CMakeLists.txt
CMake Warning (dev) at tuxcap/physicsdemo7/CMakeLists.txt:38 (ADD_EXECUTABLE):
  Policy CMP0037 is not set: Target names should not be reserved and should
  match a validity pattern.  Run "cmake --help-policy CMP0037" for policy
  details.  Use the cmake_policy command to set the policy and suppress this
  warning.

  The target name "../../Physicsdemo7" is reserved or not valid for certain
  CMake features, such as generator expressions, and may result in undefined
  behavior.
This warning is for project developers.  Use -Wno-dev to suppress it.

   Called from: [1]	/<<PKGBUILDDIR>>/tuxcap/physicsdemo7/CMakeLists.txt
   Returning to         /<<PKGBUILDDIR>>/tuxcap
   Called from: [1]	/<<PKGBUILDDIR>>/tuxcap/CMakeLists.txt
   Entering             /<<PKGBUILDDIR>>/tuxcap/particledemo
   Called from: [1]	/<<PKGBUILDDIR>>/tuxcap/CMakeLists.txt
CMake Warning (dev) at tuxcap/particledemo/CMakeLists.txt:36 (ADD_EXECUTABLE):
  Policy CMP0037 is not set: Target names should not be reserved and should
  match a validity pattern.  Run "cmake --help-policy CMP0037" for policy
  details.  Use the cmake_policy command to set the policy and suppress this
  warning.

  The target name "../../particle_demo" is reserved or not valid for certain
  CMake features, such as generator expressions, and may result in undefined
  behavior.
This warning is for project developers.  Use -Wno-dev to suppress it.

   Called from: [1]	/<<PKGBUILDDIR>>/tuxcap/particledemo/CMakeLists.txt
   Returning to         /<<PKGBUILDDIR>>/tuxcap
   Called from: [1]	/<<PKGBUILDDIR>>/tuxcap/CMakeLists.txt
   Entering             /<<PKGBUILDDIR>>/tuxcap/hungarr
   Called from: [1]	/<<PKGBUILDDIR>>/tuxcap/CMakeLists.txt
CMake Warning (dev) at tuxcap/hungarr/CMakeLists.txt:39 (ADD_EXECUTABLE):
  Policy CMP0037 is not set: Target names should not be reserved and should
  match a validity pattern.  Run "cmake --help-policy CMP0037" for policy
  details.  Use the cmake_policy command to set the policy and suppress this
  warning.

  The target name "../../Hungarr" is reserved or not valid for certain CMake
  features, such as generator expressions, and may result in undefined
  behavior.
This warning is for project developers.  Use -Wno-dev to suppress it.

   Called from: [1]	/<<PKGBUILDDIR>>/tuxcap/hungarr/CMakeLists.txt
   Returning to         /<<PKGBUILDDIR>>/tuxcap
   Called from: [1]	/<<PKGBUILDDIR>>/tuxcap/CMakeLists.txt
   Returning to         /<<PKGBUILDDIR>>
   Called from: [1]	/<<PKGBUILDDIR>>/CMakeLists.txt
-- Configuring done
-- Generating /<<PKGBUILDDIR>>/debian/tmp-build
   Called from: [1]	/<<PKGBUILDDIR>>/CMakeLists.txt
-- Generating /<<PKGBUILDDIR>>/debian/tmp-build/tuxcap
   Called from: [1]	/<<PKGBUILDDIR>>/tuxcap/CMakeLists.txt
CMake Warning (dev) at tuxcap/pythondemo1/CMakeLists.txt:40 (ADD_EXECUTABLE):
  Policy CMP0060 is not set: Link libraries by full path even in implicit
  directories.  Run "cmake --help-policy CMP0060" for policy details.  Use
  the cmake_policy command to set the policy and suppress this warning.

  Some library files are in directories implicitly searched by the linker
  when invoked for CXX:

   /usr/lib/x86_64-linux-gnu/libGL.so
   /usr/lib/x86_64-linux-gnu/libGLU.so
   /usr/lib/x86_64-linux-gnu/libSDL.so
   /usr/lib/x86_64-linux-gnu/libSDL_mixer.so
   /usr/lib/x86_64-linux-gnu/libSDLmain.a
   /usr/lib/x86_64-linux-gnu/libpython2.7.so

  For compatibility with older versions of CMake, the generated link line
  will ask the linker to search for these by library name.
This warning is for project developers.  Use -Wno-dev to suppress it.

   Called from: [1]	/<<PKGBUILDDIR>>/tuxcap/pythondemo1/CMakeLists.txt
CMake Warning (dev) in tuxcap/pythondemo1/CMakeLists.txt:
  Policy CMP0065 is not set: Do not add flags to export symbols from
  executables without the ENABLE_EXPORTS target property.  Run "cmake
  --help-policy CMP0065" for policy details.  Use the cmake_policy command to
  set the policy and suppress this warning.

  For compatibility with older versions of CMake, additional flags may be
  added to export symbols on all executables regardless of their
  ENABLE_EXPORTS property.
This warning is for project developers.  Use -Wno-dev to suppress it.

   Called from: [1]	/<<PKGBUILDDIR>>/tuxcap/pythondemo1/CMakeLists.txt
-- Generating /<<PKGBUILDDIR>>/debian/tmp-build/tuxcap/pythondemo1
   Called from: [1]	/<<PKGBUILDDIR>>/tuxcap/pythondemo1/CMakeLists.txt
CMake Warning (dev) in tuxcap/pythondemo2/CMakeLists.txt:
  Policy CMP0065 is not set: Do not add flags to export symbols from
  executables without the ENABLE_EXPORTS target property.  Run "cmake
  --help-policy CMP0065" for policy details.  Use the cmake_policy command to
  set the policy and suppress this warning.

  For compatibility with older versions of CMake, additional flags may be
  added to export symbols on all executables regardless of their
  ENABLE_EXPORTS property.
This warning is for project developers.  Use -Wno-dev to suppress it.

   Called from: [1]	/<<PKGBUILDDIR>>/tuxcap/pythondemo2/CMakeLists.txt
-- Generating /<<PKGBUILDDIR>>/debian/tmp-build/tuxcap/pythondemo2
   Called from: [1]	/<<PKGBUILDDIR>>/tuxcap/pythondemo2/CMakeLists.txt
CMake Warning (dev) in tuxcap/pythondemo_template/CMakeLists.txt:
  Policy CMP0065 is not set: Do not add flags to export symbols from
  executables without the ENABLE_EXPORTS target property.  Run "cmake
  --help-policy CMP0065" for policy details.  Use the cmake_policy command to
  set the policy and suppress this warning.

  For compatibility with older versions of CMake, additional flags may be
  added to export symbols on all executables regardless of their
  ENABLE_EXPORTS property.
This warning is for project developers.  Use -Wno-dev to suppress it.

   Called from: [1]	/<<PKGBUILDDIR>>/tuxcap/pythondemo_template/CMakeLists.txt
-- Generating /<<PKGBUILDDIR>>/debian/tmp-build/tuxcap/pythondemo_template
   Called from: [1]	/<<PKGBUILDDIR>>/tuxcap/pythondemo_template/CMakeLists.txt
-- Generating /<<PKGBUILDDIR>>/debian/tmp-build/tuxcap/lib
   Called from: [1]	/<<PKGBUILDDIR>>/tuxcap/lib/CMakeLists.txt
CMake Warning (dev) in tuxcap/demo1/CMakeLists.txt:
  Policy CMP0065 is not set: Do not add flags to export symbols from
  executables without the ENABLE_EXPORTS target property.  Run "cmake
  --help-policy CMP0065" for policy details.  Use the cmake_policy command to
  set the policy and suppress this warning.

  For compatibility with older versions of CMake, additional flags may be
  added to export symbols on all executables regardless of their
  ENABLE_EXPORTS property.
This warning is for project developers.  Use -Wno-dev to suppress it.

   Called from: [1]	/<<PKGBUILDDIR>>/tuxcap/demo1/CMakeLists.txt
-- Generating /<<PKGBUILDDIR>>/debian/tmp-build/tuxcap/demo1
   Called from: [1]	/<<PKGBUILDDIR>>/tuxcap/demo1/CMakeLists.txt
CMake Warning (dev) in tuxcap/demo2/CMakeLists.txt:
  Policy CMP0065 is not set: Do not add flags to export symbols from
  executables without the ENABLE_EXPORTS target property.  Run "cmake
  --help-policy CMP0065" for policy details.  Use the cmake_policy command to
  set the policy and suppress this warning.

  For compatibility with older versions of CMake, additional flags may be
  added to export symbols on all executables regardless of their
  ENABLE_EXPORTS property.
This warning is for project developers.  Use -Wno-dev to suppress it.

   Called from: [1]	/<<PKGBUILDDIR>>/tuxcap/demo2/CMakeLists.txt
-- Generating /<<PKGBUILDDIR>>/debian/tmp-build/tuxcap/demo2
   Called from: [1]	/<<PKGBUILDDIR>>/tuxcap/demo2/CMakeLists.txt
CMake Warning (dev) in tuxcap/demo3/CMakeLists.txt:
  Policy CMP0065 is not set: Do not add flags to export symbols from
  executables without the ENABLE_EXPORTS target property.  Run "cmake
  --help-policy CMP0065" for policy details.  Use the cmake_policy command to
  set the policy and suppress this warning.

  For compatibility with older versions of CMake, additional flags may be
  added to export symbols on all executables regardless of their
  ENABLE_EXPORTS property.
This warning is for project developers.  Use -Wno-dev to suppress it.

   Called from: [1]	/<<PKGBUILDDIR>>/tuxcap/demo3/CMakeLists.txt
-- Generating /<<PKGBUILDDIR>>/debian/tmp-build/tuxcap/demo3
   Called from: [1]	/<<PKGBUILDDIR>>/tuxcap/demo3/CMakeLists.txt
CMake Warning (dev) in tuxcap/demo4/CMakeLists.txt:
  Policy CMP0065 is not set: Do not add flags to export symbols from
  executables without the ENABLE_EXPORTS target property.  Run "cmake
  --help-policy CMP0065" for policy details.  Use the cmake_policy command to
  set the policy and suppress this warning.

  For compatibility with older versions of CMake, additional flags may be
  added to export symbols on all executables regardless of their
  ENABLE_EXPORTS property.
This warning is for project developers.  Use -Wno-dev to suppress it.

   Called from: [1]	/<<PKGBUILDDIR>>/tuxcap/demo4/CMakeLists.txt
-- Generating /<<PKGBUILDDIR>>/debian/tmp-build/tuxcap/demo4
   Called from: [1]	/<<PKGBUILDDIR>>/tuxcap/demo4/CMakeLists.txt
CMake Warning (dev) in tuxcap/demo5/CMakeLists.txt:
  Policy CMP0065 is not set: Do not add flags to export symbols from
  executables without the ENABLE_EXPORTS target property.  Run "cmake
  --help-policy CMP0065" for policy details.  Use the cmake_policy command to
  set the policy and suppress this warning.

  For compatibility with older versions of CMake, additional flags may be
  added to export symbols on all executables regardless of their
  ENABLE_EXPORTS property.
This warning is for project developers.  Use -Wno-dev to suppress it.

   Called from: [1]	/<<PKGBUILDDIR>>/tuxcap/demo5/CMakeLists.txt
-- Generating /<<PKGBUILDDIR>>/debian/tmp-build/tuxcap/demo5
   Called from: [1]	/<<PKGBUILDDIR>>/tuxcap/demo5/CMakeLists.txt
CMake Warning (dev) in tuxcap/physicsdemo/CMakeLists.txt:
  Policy CMP0065 is not set: Do not add flags to export symbols from
  executables without the ENABLE_EXPORTS target property.  Run "cmake
  --help-policy CMP0065" for policy details.  Use the cmake_policy command to
  set the policy and suppress this warning.

  For compatibility with older versions of CMake, additional flags may be
  added to export symbols on all executables regardless of their
  ENABLE_EXPORTS property.
This warning is for project developers.  Use -Wno-dev to suppress it.

   Called from: [1]	/<<PKGBUILDDIR>>/tuxcap/physicsdemo/CMakeLists.txt
-- Generating /<<PKGBUILDDIR>>/debian/tmp-build/tuxcap/physicsdemo
   Called from: [1]	/<<PKGBUILDDIR>>/tuxcap/physicsdemo/CMakeLists.txt
CMake Warning (dev) in tuxcap/physicsdemo2/CMakeLists.txt:
  Policy CMP0065 is not set: Do not add flags to export symbols from
  executables without the ENABLE_EXPORTS target property.  Run "cmake
  --help-policy CMP0065" for policy details.  Use the cmake_policy command to
  set the policy and suppress this warning.

  For compatibility with older versions of CMake, additional flags may be
  added to export symbols on all executables regardless of their
  ENABLE_EXPORTS property.
This warning is for project developers.  Use -Wno-dev to suppress it.

   Called from: [1]	/<<PKGBUILDDIR>>/tuxcap/physicsdemo2/CMakeLists.txt
-- Generating /<<PKGBUILDDIR>>/debian/tmp-build/tuxcap/physicsdemo2
   Called from: [1]	/<<PKGBUILDDIR>>/tuxcap/physicsdemo2/CMakeLists.txt
CMake Warning (dev) in tuxcap/physicsdemo3/CMakeLists.txt:
  Policy CMP0065 is not set: Do not add flags to export symbols from
  executables without the ENABLE_EXPORTS target property.  Run "cmake
  --help-policy CMP0065" for policy details.  Use the cmake_policy command to
  set the policy and suppress this warning.

  For compatibility with older versions of CMake, additional flags may be
  added to export symbols on all executables regardless of their
  ENABLE_EXPORTS property.
This warning is for project developers.  Use -Wno-dev to suppress it.

   Called from: [1]	/<<PKGBUILDDIR>>/tuxcap/physicsdemo3/CMakeLists.txt
-- Generating /<<PKGBUILDDIR>>/debian/tmp-build/tuxcap/physicsdemo3
   Called from: [1]	/<<PKGBUILDDIR>>/tuxcap/physicsdemo3/CMakeLists.txt
CMake Warning (dev) in tuxcap/physicsdemo4/CMakeLists.txt:
  Policy CMP0065 is not set: Do not add flags to export symbols from
  executables without the ENABLE_EXPORTS target property.  Run "cmake
  --help-policy CMP0065" for policy details.  Use the cmake_policy command to
  set the policy and suppress this warning.

  For compatibility with older versions of CMake, additional flags may be
  added to export symbols on all executables regardless of their
  ENABLE_EXPORTS property.
This warning is for project developers.  Use -Wno-dev to suppress it.

   Called from: [1]	/<<PKGBUILDDIR>>/tuxcap/physicsdemo4/CMakeLists.txt
-- Generating /<<PKGBUILDDIR>>/debian/tmp-build/tuxcap/physicsdemo4
   Called from: [1]	/<<PKGBUILDDIR>>/tuxcap/physicsdemo4/CMakeLists.txt
CMake Warning (dev) in tuxcap/physicsdemo5/CMakeLists.txt:
  Policy CMP0065 is not set: Do not add flags to export symbols from
  executables without the ENABLE_EXPORTS target property.  Run "cmake
  --help-policy CMP0065" for policy details.  Use the cmake_policy command to
  set the policy and suppress this warning.

  For compatibility with older versions of CMake, additional flags may be
  added to export symbols on all executables regardless of their
  ENABLE_EXPORTS property.
This warning is for project developers.  Use -Wno-dev to suppress it.

   Called from: [1]	/<<PKGBUILDDIR>>/tuxcap/physicsdemo5/CMakeLists.txt
-- Generating /<<PKGBUILDDIR>>/debian/tmp-build/tuxcap/physicsdemo5
   Called from: [1]	/<<PKGBUILDDIR>>/tuxcap/physicsdemo5/CMakeLists.txt
CMake Warning (dev) in tuxcap/physicsdemo6/CMakeLists.txt:
  Policy CMP0065 is not set: Do not add flags to export symbols from
  executables without the ENABLE_EXPORTS target property.  Run "cmake
  --help-policy CMP0065" for policy details.  Use the cmake_policy command to
  set the policy and suppress this warning.

  For compatibility with older versions of CMake, additional flags may be
  added to export symbols on all executables regardless of their
  ENABLE_EXPORTS property.
This warning is for project developers.  Use -Wno-dev to suppress it.

   Called from: [1]	/<<PKGBUILDDIR>>/tuxcap/physicsdemo6/CMakeLists.txt
-- Generating /<<PKGBUILDDIR>>/debian/tmp-build/tuxcap/physicsdemo6
   Called from: [1]	/<<PKGBUILDDIR>>/tuxcap/physicsdemo6/CMakeLists.txt
CMake Warning (dev) in tuxcap/physicsdemo7/CMakeLists.txt:
  Policy CMP0065 is not set: Do not add flags to export symbols from
  executables without the ENABLE_EXPORTS target property.  Run "cmake
  --help-policy CMP0065" for policy details.  Use the cmake_policy command to
  set the policy and suppress this warning.

  For compatibility with older versions of CMake, additional flags may be
  added to export symbols on all executables regardless of their
  ENABLE_EXPORTS property.
This warning is for project developers.  Use -Wno-dev to suppress it.

   Called from: [1]	/<<PKGBUILDDIR>>/tuxcap/physicsdemo7/CMakeLists.txt
-- Generating /<<PKGBUILDDIR>>/debian/tmp-build/tuxcap/physicsdemo7
   Called from: [1]	/<<PKGBUILDDIR>>/tuxcap/physicsdemo7/CMakeLists.txt
CMake Warning (dev) in tuxcap/particledemo/CMakeLists.txt:
  Policy CMP0065 is not set: Do not add flags to export symbols from
  executables without the ENABLE_EXPORTS target property.  Run "cmake
  --help-policy CMP0065" for policy details.  Use the cmake_policy command to
  set the policy and suppress this warning.

  For compatibility with older versions of CMake, additional flags may be
  added to export symbols on all executables regardless of their
  ENABLE_EXPORTS property.
This warning is for project developers.  Use -Wno-dev to suppress it.

   Called from: [1]	/<<PKGBUILDDIR>>/tuxcap/particledemo/CMakeLists.txt
-- Generating /<<PKGBUILDDIR>>/debian/tmp-build/tuxcap/particledemo
   Called from: [1]	/<<PKGBUILDDIR>>/tuxcap/particledemo/CMakeLists.txt
CMake Warning (dev) in tuxcap/hungarr/CMakeLists.txt:
  Policy CMP0065 is not set: Do not add flags to export symbols from
  executables without the ENABLE_EXPORTS target property.  Run "cmake
  --help-policy CMP0065" for policy details.  Use the cmake_policy command to
  set the policy and suppress this warning.

  For compatibility with older versions of CMake, additional flags may be
  added to export symbols on all executables regardless of their
  ENABLE_EXPORTS property.
This warning is for project developers.  Use -Wno-dev to suppress it.

   Called from: [1]	/<<PKGBUILDDIR>>/tuxcap/hungarr/CMakeLists.txt
-- Generating /<<PKGBUILDDIR>>/debian/tmp-build/tuxcap/hungarr
   Called from: [1]	/<<PKGBUILDDIR>>/tuxcap/hungarr/CMakeLists.txt
-- Generating done
-- Build files have been written to: /<<PKGBUILDDIR>>/debian/tmp-build
touch config-stamp
dh_testdir
cd debian/tmp-build && /usr/bin/make
make[1]: Entering directory '/<<PKGBUILDDIR>>/debian/tmp-build'
/usr/bin/cmake -H/<<PKGBUILDDIR>> -B/<<PKGBUILDDIR>>/debian/tmp-build --check-build-system CMakeFiles/Makefile.cmake 0
/usr/bin/cmake -E cmake_progress_start /<<PKGBUILDDIR>>/debian/tmp-build/CMakeFiles /<<PKGBUILDDIR>>/debian/tmp-build/CMakeFiles/progress.marks
/usr/bin/make -f CMakeFiles/Makefile2 all
make[2]: Entering directory '/<<PKGBUILDDIR>>/debian/tmp-build'
/usr/bin/make -f tuxcap/lib/CMakeFiles/tuxcap.dir/build.make tuxcap/lib/CMakeFiles/tuxcap.dir/depend
make[3]: Entering directory '/<<PKGBUILDDIR>>/debian/tmp-build'
cd /<<PKGBUILDDIR>>/debian/tmp-build && /usr/bin/cmake -E cmake_depends "Unix Makefiles" /<<PKGBUILDDIR>> /<<PKGBUILDDIR>>/tuxcap/lib /<<PKGBUILDDIR>>/debian/tmp-build /<<PKGBUILDDIR>>/debian/tmp-build/tuxcap/lib /<<PKGBUILDDIR>>/debian/tmp-build/tuxcap/lib/CMakeFiles/tuxcap.dir/DependInfo.cmake --color=
Scanning dependencies of target tuxcap
make[3]: Leaving directory '/<<PKGBUILDDIR>>/debian/tmp-build'
/usr/bin/make -f tuxcap/lib/CMakeFiles/tuxcap.dir/build.make tuxcap/lib/CMakeFiles/tuxcap.dir/build
make[3]: Entering directory '/<<PKGBUILDDIR>>/debian/tmp-build'
[  0%] Building CXX object tuxcap/lib/CMakeFiles/tuxcap.dir/Ratio.o
cd /<<PKGBUILDDIR>>/debian/tmp-build/tuxcap/lib && /usr/bin/c++  -Dtuxcap_EXPORTS -I/<<PKGBUILDDIR>>/tuxcap/{SDL_INCLUDE_DIR} -I/usr/include/x86_64-linux-gnu/ImageMagick-6 -I/usr/include/ImageMagick-6 -I/usr/include/SDL -I/usr/include/python2.7 -I/<<PKGBUILDDIR>>/tuxcap/include -I/<<PKGBUILDDIR>>/tuxcap/chipmunk -I/<<PKGBUILDDIR>>/tuxcap/hgeparticle -I/<<PKGBUILDDIR>>/tuxcap/pycap  -DNDEBUG -fPIC   -o CMakeFiles/tuxcap.dir/Ratio.o -c /<<PKGBUILDDIR>>/tuxcap/lib/Ratio.cpp
[  1%] Building CXX object tuxcap/lib/CMakeFiles/tuxcap.dir/Buffer.o
cd /<<PKGBUILDDIR>>/debian/tmp-build/tuxcap/lib && /usr/bin/c++  -Dtuxcap_EXPORTS -I/<<PKGBUILDDIR>>/tuxcap/{SDL_INCLUDE_DIR} -I/usr/include/x86_64-linux-gnu/ImageMagick-6 -I/usr/include/ImageMagick-6 -I/usr/include/SDL -I/usr/include/python2.7 -I/<<PKGBUILDDIR>>/tuxcap/include -I/<<PKGBUILDDIR>>/tuxcap/chipmunk -I/<<PKGBUILDDIR>>/tuxcap/hgeparticle -I/<<PKGBUILDDIR>>/tuxcap/pycap  -DNDEBUG -fPIC   -o CMakeFiles/tuxcap.dir/Buffer.o -c /<<PKGBUILDDIR>>/tuxcap/lib/Buffer.cpp
/<<PKGBUILDDIR>>/tuxcap/lib/Buffer.cpp:40:2: warning: 'register' storage class specifier is deprecated and incompatible with C++17 [-Wdeprecated-register]
        register int i, j;
        ^~~~~~~~~
/<<PKGBUILDDIR>>/tuxcap/lib/Buffer.cpp:40:2: warning: 'register' storage class specifier is deprecated and incompatible with C++17 [-Wdeprecated-register]
        register int i, j;
        ^~~~~~~~~
/<<PKGBUILDDIR>>/tuxcap/lib/Buffer.cpp:41:2: warning: 'register' storage class specifier is deprecated and incompatible with C++17 [-Wdeprecated-register]
        register uint32_t crc_accum;
        ^~~~~~~~~
/<<PKGBUILDDIR>>/tuxcap/lib/Buffer.cpp:66:2: warning: 'register' storage class specifier is deprecated and incompatible with C++17 [-Wdeprecated-register]
        register int i, j;
        ^~~~~~~~~
/<<PKGBUILDDIR>>/tuxcap/lib/Buffer.cpp:66:2: warning: 'register' storage class specifier is deprecated and incompatible with C++17 [-Wdeprecated-register]
        register int i, j;
        ^~~~~~~~~
5 warnings generated.
[  1%] Building CXX object tuxcap/lib/CMakeFiles/tuxcap.dir/SexyAppBase.o
cd /<<PKGBUILDDIR>>/debian/tmp-build/tuxcap/lib && /usr/bin/c++  -Dtuxcap_EXPORTS -I/<<PKGBUILDDIR>>/tuxcap/{SDL_INCLUDE_DIR} -I/usr/include/x86_64-linux-gnu/ImageMagick-6 -I/usr/include/ImageMagick-6 -I/usr/include/SDL -I/usr/include/python2.7 -I/<<PKGBUILDDIR>>/tuxcap/include -I/<<PKGBUILDDIR>>/tuxcap/chipmunk -I/<<PKGBUILDDIR>>/tuxcap/hgeparticle -I/<<PKGBUILDDIR>>/tuxcap/pycap  -DNDEBUG -fPIC   -o CMakeFiles/tuxcap.dir/SexyAppBase.o -c /<<PKGBUILDDIR>>/tuxcap/lib/SexyAppBase.cpp
/<<PKGBUILDDIR>>/tuxcap/lib/SexyAppBase.cpp:5165:20: warning: equality comparison with extraneous parentheses [-Wparentheses-equality]
(mUpdateMultiplier == 1.0))
 ~~~~~~~~~~~~~~~~~~^~~~~~
/<<PKGBUILDDIR>>/tuxcap/lib/SexyAppBase.cpp:5165:20: note: remove extraneous parentheses around the comparison to silence this warning
(mUpdateMultiplier == 1.0))
~                  ^     ~
/<<PKGBUILDDIR>>/tuxcap/lib/SexyAppBase.cpp:5165:20: note: use '=' to turn this equality comparison into an assignment
(mUpdateMultiplier == 1.0))
                   ^~
                   =
/<<PKGBUILDDIR>>/tuxcap/lib/SexyAppBase.cpp:7036:1: warning: control may reach end of non-void function [-Wreturn-type]
}
^
2 warnings generated.
[  2%] Building CXX object tuxcap/lib/CMakeFiles/tuxcap.dir/MTRand.o
cd /<<PKGBUILDDIR>>/debian/tmp-build/tuxcap/lib && /usr/bin/c++  -Dtuxcap_EXPORTS -I/<<PKGBUILDDIR>>/tuxcap/{SDL_INCLUDE_DIR} -I/usr/include/x86_64-linux-gnu/ImageMagick-6 -I/usr/include/ImageMagick-6 -I/usr/include/SDL -I/usr/include/python2.7 -I/<<PKGBUILDDIR>>/tuxcap/include -I/<<PKGBUILDDIR>>/tuxcap/chipmunk -I/<<PKGBUILDDIR>>/tuxcap/hgeparticle -I/<<PKGBUILDDIR>>/tuxcap/pycap  -DNDEBUG -fPIC   -o CMakeFiles/tuxcap.dir/MTRand.o -c /<<PKGBUILDDIR>>/tuxcap/lib/MTRand.cpp
[  2%] Building CXX object tuxcap/lib/CMakeFiles/tuxcap.dir/Common.o
cd /<<PKGBUILDDIR>>/debian/tmp-build/tuxcap/lib && /usr/bin/c++  -Dtuxcap_EXPORTS -I/<<PKGBUILDDIR>>/tuxcap/{SDL_INCLUDE_DIR} -I/usr/include/x86_64-linux-gnu/ImageMagick-6 -I/usr/include/ImageMagick-6 -I/usr/include/SDL -I/usr/include/python2.7 -I/<<PKGBUILDDIR>>/tuxcap/include -I/<<PKGBUILDDIR>>/tuxcap/chipmunk -I/<<PKGBUILDDIR>>/tuxcap/hgeparticle -I/<<PKGBUILDDIR>>/tuxcap/pycap  -DNDEBUG -fPIC   -o CMakeFiles/tuxcap.dir/Common.o -c /<<PKGBUILDDIR>>/tuxcap/lib/Common.cpp
[  3%] Building CXX object tuxcap/lib/CMakeFiles/tuxcap.dir/Color.o
cd /<<PKGBUILDDIR>>/debian/tmp-build/tuxcap/lib && /usr/bin/c++  -Dtuxcap_EXPORTS -I/<<PKGBUILDDIR>>/tuxcap/{SDL_INCLUDE_DIR} -I/usr/include/x86_64-linux-gnu/ImageMagick-6 -I/usr/include/ImageMagick-6 -I/usr/include/SDL -I/usr/include/python2.7 -I/<<PKGBUILDDIR>>/tuxcap/include -I/<<PKGBUILDDIR>>/tuxcap/chipmunk -I/<<PKGBUILDDIR>>/tuxcap/hgeparticle -I/<<PKGBUILDDIR>>/tuxcap/pycap  -DNDEBUG -fPIC   -o CMakeFiles/tuxcap.dir/Color.o -c /<<PKGBUILDDIR>>/tuxcap/lib/Color.cpp
[  3%] Building CXX object tuxcap/lib/CMakeFiles/tuxcap.dir/Insets.o
cd /<<PKGBUILDDIR>>/debian/tmp-build/tuxcap/lib && /usr/bin/c++  -Dtuxcap_EXPORTS -I/<<PKGBUILDDIR>>/tuxcap/{SDL_INCLUDE_DIR} -I/usr/include/x86_64-linux-gnu/ImageMagick-6 -I/usr/include/ImageMagick-6 -I/usr/include/SDL -I/usr/include/python2.7 -I/<<PKGBUILDDIR>>/tuxcap/include -I/<<PKGBUILDDIR>>/tuxcap/chipmunk -I/<<PKGBUILDDIR>>/tuxcap/hgeparticle -I/<<PKGBUILDDIR>>/tuxcap/pycap  -DNDEBUG -fPIC   -o CMakeFiles/tuxcap.dir/Insets.o -c /<<PKGBUILDDIR>>/tuxcap/lib/Insets.cpp
[  4%] Building CXX object tuxcap/lib/CMakeFiles/tuxcap.dir/SexyMatrix.o
cd /<<PKGBUILDDIR>>/debian/tmp-build/tuxcap/lib && /usr/bin/c++  -Dtuxcap_EXPORTS -I/<<PKGBUILDDIR>>/tuxcap/{SDL_INCLUDE_DIR} -I/usr/include/x86_64-linux-gnu/ImageMagick-6 -I/usr/include/ImageMagick-6 -I/usr/include/SDL -I/usr/include/python2.7 -I/<<PKGBUILDDIR>>/tuxcap/include -I/<<PKGBUILDDIR>>/tuxcap/chipmunk -I/<<PKGBUILDDIR>>/tuxcap/hgeparticle -I/<<PKGBUILDDIR>>/tuxcap/pycap  -DNDEBUG -fPIC   -o CMakeFiles/tuxcap.dir/SexyMatrix.o -c /<<PKGBUILDDIR>>/tuxcap/lib/SexyMatrix.cpp
[  4%] Building CXX object tuxcap/lib/CMakeFiles/tuxcap.dir/Font.o
cd /<<PKGBUILDDIR>>/debian/tmp-build/tuxcap/lib && /usr/bin/c++  -Dtuxcap_EXPORTS -I/<<PKGBUILDDIR>>/tuxcap/{SDL_INCLUDE_DIR} -I/usr/include/x86_64-linux-gnu/ImageMagick-6 -I/usr/include/ImageMagick-6 -I/usr/include/SDL -I/usr/include/python2.7 -I/<<PKGBUILDDIR>>/tuxcap/include -I/<<PKGBUILDDIR>>/tuxcap/chipmunk -I/<<PKGBUILDDIR>>/tuxcap/hgeparticle -I/<<PKGBUILDDIR>>/tuxcap/pycap  -DNDEBUG -fPIC   -o CMakeFiles/tuxcap.dir/Font.o -c /<<PKGBUILDDIR>>/tuxcap/lib/Font.cpp
[  4%] Building CXX object tuxcap/lib/CMakeFiles/tuxcap.dir/Image.o
cd /<<PKGBUILDDIR>>/debian/tmp-build/tuxcap/lib && /usr/bin/c++  -Dtuxcap_EXPORTS -I/<<PKGBUILDDIR>>/tuxcap/{SDL_INCLUDE_DIR} -I/usr/include/x86_64-linux-gnu/ImageMagick-6 -I/usr/include/ImageMagick-6 -I/usr/include/SDL -I/usr/include/python2.7 -I/<<PKGBUILDDIR>>/tuxcap/include -I/<<PKGBUILDDIR>>/tuxcap/chipmunk -I/<<PKGBUILDDIR>>/tuxcap/hgeparticle -I/<<PKGBUILDDIR>>/tuxcap/pycap  -DNDEBUG -fPIC   -o CMakeFiles/tuxcap.dir/Image.o -c /<<PKGBUILDDIR>>/tuxcap/lib/Image.cpp
[  5%] Building CXX object tuxcap/lib/CMakeFiles/tuxcap.dir/ImageLib.o
cd /<<PKGBUILDDIR>>/debian/tmp-build/tuxcap/lib && /usr/bin/c++  -Dtuxcap_EXPORTS -I/<<PKGBUILDDIR>>/tuxcap/{SDL_INCLUDE_DIR} -I/usr/include/x86_64-linux-gnu/ImageMagick-6 -I/usr/include/ImageMagick-6 -I/usr/include/SDL -I/usr/include/python2.7 -I/<<PKGBUILDDIR>>/tuxcap/include -I/<<PKGBUILDDIR>>/tuxcap/chipmunk -I/<<PKGBUILDDIR>>/tuxcap/hgeparticle -I/<<PKGBUILDDIR>>/tuxcap/pycap  -DNDEBUG -fPIC   -o CMakeFiles/tuxcap.dir/ImageLib.o -c /<<PKGBUILDDIR>>/tuxcap/lib/ImageLib.cpp
In file included from /<<PKGBUILDDIR>>/tuxcap/lib/ImageLib.cpp:3:
In file included from /usr/include/ImageMagick-6/Magick++.h:10:
In file included from /usr/include/ImageMagick-6/Magick++/Include.h:14:
/usr/include/ImageMagick-6/magick/magick-config.h:29:3: warning: "you should set MAGICKCORE_QUANTUM_DEPTH to sensible default set it to configure time default" [-W#warnings]
# warning "you should set MAGICKCORE_QUANTUM_DEPTH to sensible default set it to configure time default"
  ^
/usr/include/ImageMagick-6/magick/magick-config.h:30:3: warning: "this is an obsolete behavior please fix your makefile" [-W#warnings]
# warning "this is an obsolete behavior please fix your makefile"
  ^
/usr/include/ImageMagick-6/magick/magick-config.h:52:3: warning: "you should set MAGICKCORE_HDRI_ENABLE to sensible default set it to configure time default" [-W#warnings]
# warning "you should set MAGICKCORE_HDRI_ENABLE to sensible default set it to configure time default"
  ^
/usr/include/ImageMagick-6/magick/magick-config.h:53:3: warning: "this is an obsolete behavior please fix yours makefile" [-W#warnings]
# warning "this is an obsolete behavior please fix yours makefile"
  ^
4 warnings generated.
[  5%] Building CXX object tuxcap/lib/CMakeFiles/tuxcap.dir/Graphics.o
cd /<<PKGBUILDDIR>>/debian/tmp-build/tuxcap/lib && /usr/bin/c++  -Dtuxcap_EXPORTS -I/<<PKGBUILDDIR>>/tuxcap/{SDL_INCLUDE_DIR} -I/usr/include/x86_64-linux-gnu/ImageMagick-6 -I/usr/include/ImageMagick-6 -I/usr/include/SDL -I/usr/include/python2.7 -I/<<PKGBUILDDIR>>/tuxcap/include -I/<<PKGBUILDDIR>>/tuxcap/chipmunk -I/<<PKGBUILDDIR>>/tuxcap/hgeparticle -I/<<PKGBUILDDIR>>/tuxcap/pycap  -DNDEBUG -fPIC   -o CMakeFiles/tuxcap.dir/Graphics.o -c /<<PKGBUILDDIR>>/tuxcap/lib/Graphics.cpp
[  6%] Building CXX object tuxcap/lib/CMakeFiles/tuxcap.dir/Flags.o
cd /<<PKGBUILDDIR>>/debian/tmp-build/tuxcap/lib && /usr/bin/c++  -Dtuxcap_EXPORTS -I/<<PKGBUILDDIR>>/tuxcap/{SDL_INCLUDE_DIR} -I/usr/include/x86_64-linux-gnu/ImageMagick-6 -I/usr/include/ImageMagick-6 -I/usr/include/SDL -I/usr/include/python2.7 -I/<<PKGBUILDDIR>>/tuxcap/include -I/<<PKGBUILDDIR>>/tuxcap/chipmunk -I/<<PKGBUILDDIR>>/tuxcap/hgeparticle -I/<<PKGBUILDDIR>>/tuxcap/pycap  -DNDEBUG -fPIC   -o CMakeFiles/tuxcap.dir/Flags.o -c /<<PKGBUILDDIR>>/tuxcap/lib/Flags.cpp
[  6%] Building CXX object tuxcap/lib/CMakeFiles/tuxcap.dir/Quantize.o
cd /<<PKGBUILDDIR>>/debian/tmp-build/tuxcap/lib && /usr/bin/c++  -Dtuxcap_EXPORTS -I/<<PKGBUILDDIR>>/tuxcap/{SDL_INCLUDE_DIR} -I/usr/include/x86_64-linux-gnu/ImageMagick-6 -I/usr/include/ImageMagick-6 -I/usr/include/SDL -I/usr/include/python2.7 -I/<<PKGBUILDDIR>>/tuxcap/include -I/<<PKGBUILDDIR>>/tuxcap/chipmunk -I/<<PKGBUILDDIR>>/tuxcap/hgeparticle -I/<<PKGBUILDDIR>>/tuxcap/pycap  -DNDEBUG -fPIC   -o CMakeFiles/tuxcap.dir/Quantize.o -c /<<PKGBUILDDIR>>/tuxcap/lib/Quantize.cpp
[  7%] Building CXX object tuxcap/lib/CMakeFiles/tuxcap.dir/NativeDisplay.o
cd /<<PKGBUILDDIR>>/debian/tmp-build/tuxcap/lib && /usr/bin/c++  -Dtuxcap_EXPORTS -I/<<PKGBUILDDIR>>/tuxcap/{SDL_INCLUDE_DIR} -I/usr/include/x86_64-linux-gnu/ImageMagick-6 -I/usr/include/ImageMagick-6 -I/usr/include/SDL -I/usr/include/python2.7 -I/<<PKGBUILDDIR>>/tuxcap/include -I/<<PKGBUILDDIR>>/tuxcap/chipmunk -I/<<PKGBUILDDIR>>/tuxcap/hgeparticle -I/<<PKGBUILDDIR>>/tuxcap/pycap  -DNDEBUG -fPIC   -o CMakeFiles/tuxcap.dir/NativeDisplay.o -c /<<PKGBUILDDIR>>/tuxcap/lib/NativeDisplay.cpp
[  7%] Building CXX object tuxcap/lib/CMakeFiles/tuxcap.dir/MemoryImage.o
cd /<<PKGBUILDDIR>>/debian/tmp-build/tuxcap/lib && /usr/bin/c++  -Dtuxcap_EXPORTS -I/<<PKGBUILDDIR>>/tuxcap/{SDL_INCLUDE_DIR} -I/usr/include/x86_64-linux-gnu/ImageMagick-6 -I/usr/include/ImageMagick-6 -I/usr/include/SDL -I/usr/include/python2.7 -I/<<PKGBUILDDIR>>/tuxcap/include -I/<<PKGBUILDDIR>>/tuxcap/chipmunk -I/<<PKGBUILDDIR>>/tuxcap/hgeparticle -I/<<PKGBUILDDIR>>/tuxcap/pycap  -DNDEBUG -fPIC   -o CMakeFiles/tuxcap.dir/MemoryImage.o -c /<<PKGBUILDDIR>>/tuxcap/lib/MemoryImage.cpp
In file included from /<<PKGBUILDDIR>>/tuxcap/lib/MemoryImage.cpp:750:
/<<PKGBUILDDIR>>/tuxcap/include/GENERIC_DrawLineAA.inc:4:51: warning: absolute value function 'fabsf' given an argument of type 'double' but has parameter of type 'float' which may cause truncation of value [-Wabsolute-value]
        uint32_t anErrAcc = 0x10000 - (uint32_t)((1.0f - fabsf(theStartX - aX0))*(1.0f - fabsf(theStartY - aY0)) * 0x10000);
                                                         ^
/<<PKGBUILDDIR>>/tuxcap/include/GENERIC_DrawLineAA.inc:4:51: note: use function 'std::abs' instead
        uint32_t anErrAcc = 0x10000 - (uint32_t)((1.0f - fabsf(theStartX - aX0))*(1.0f - fabsf(theStartY - aY0)) * 0x10000);
                                                         ^~~~~
                                                         std::abs
/<<PKGBUILDDIR>>/tuxcap/include/GENERIC_DrawLineAA.inc:4:83: warning: absolute value function 'fabsf' given an argument of type 'double' but has parameter of type 'float' which may cause truncation of value [-Wabsolute-value]
        uint32_t anErrAcc = 0x10000 - (uint32_t)((1.0f - fabsf(theStartX - aX0))*(1.0f - fabsf(theStartY - aY0)) * 0x10000);
                                                                                         ^
/<<PKGBUILDDIR>>/tuxcap/include/GENERIC_DrawLineAA.inc:4:83: note: use function 'std::abs' instead
        uint32_t anErrAcc = 0x10000 - (uint32_t)((1.0f - fabsf(theStartX - aX0))*(1.0f - fabsf(theStartY - aY0)) * 0x10000);
                                                                                         ^~~~~
                                                                                         std::abs
In file included from /<<PKGBUILDDIR>>/tuxcap/lib/MemoryImage.cpp:773:
/<<PKGBUILDDIR>>/tuxcap/include/GENERIC_DrawLineAA.inc:4:51: warning: absolute value function 'fabsf' given an argument of type 'double' but has parameter of type 'float' which may cause truncation of value [-Wabsolute-value]
        uint32_t anErrAcc = 0x10000 - (uint32_t)((1.0f - fabsf(theStartX - aX0))*(1.0f - fabsf(theStartY - aY0)) * 0x10000);
                                                         ^
/<<PKGBUILDDIR>>/tuxcap/include/GENERIC_DrawLineAA.inc:4:51: note: use function 'std::abs' instead
        uint32_t anErrAcc = 0x10000 - (uint32_t)((1.0f - fabsf(theStartX - aX0))*(1.0f - fabsf(theStartY - aY0)) * 0x10000);
                                                         ^~~~~
                                                         std::abs
/<<PKGBUILDDIR>>/tuxcap/include/GENERIC_DrawLineAA.inc:4:83: warning: absolute value function 'fabsf' given an argument of type 'double' but has parameter of type 'float' which may cause truncation of value [-Wabsolute-value]
        uint32_t anErrAcc = 0x10000 - (uint32_t)((1.0f - fabsf(theStartX - aX0))*(1.0f - fabsf(theStartY - aY0)) * 0x10000);
                                                                                         ^
/<<PKGBUILDDIR>>/tuxcap/include/GENERIC_DrawLineAA.inc:4:83: note: use function 'std::abs' instead
        uint32_t anErrAcc = 0x10000 - (uint32_t)((1.0f - fabsf(theStartX - aX0))*(1.0f - fabsf(theStartY - aY0)) * 0x10000);
                                                                                         ^~~~~
                                                                                         std::abs
/<<PKGBUILDDIR>>/tuxcap/lib/MemoryImage.cpp:1508:21: error: non-constant-expression cannot be narrowed from type 'int' to 'float' in initializer list [-Wc++11-narrowing]
        float px[4] = { 0, theSrcRect.mWidth, theSrcRect.mWidth, 0 };
                           ^~~~~~~~~~~~~~~~~
/<<PKGBUILDDIR>>/tuxcap/lib/MemoryImage.cpp:1508:21: note: insert an explicit cast to silence this issue
        float px[4] = { 0, theSrcRect.mWidth, theSrcRect.mWidth, 0 };
                           ^~~~~~~~~~~~~~~~~
                           static_cast<float>( )
/<<PKGBUILDDIR>>/tuxcap/lib/MemoryImage.cpp:1508:40: error: non-constant-expression cannot be narrowed from type 'int' to 'float' in initializer list [-Wc++11-narrowing]
        float px[4] = { 0, theSrcRect.mWidth, theSrcRect.mWidth, 0 };
                                              ^~~~~~~~~~~~~~~~~
/<<PKGBUILDDIR>>/tuxcap/lib/MemoryImage.cpp:1508:40: note: insert an explicit cast to silence this issue
        float px[4] = { 0, theSrcRect.mWidth, theSrcRect.mWidth, 0 };
                                              ^~~~~~~~~~~~~~~~~
                                              static_cast<float>( )
/<<PKGBUILDDIR>>/tuxcap/lib/MemoryImage.cpp:1509:24: error: non-constant-expression cannot be narrowed from type 'int' to 'float' in initializer list [-Wc++11-narrowing]
        float py[4] = { 0, 0, theSrcRect.mHeight, theSrcRect.mHeight };
                              ^~~~~~~~~~~~~~~~~~
/<<PKGBUILDDIR>>/tuxcap/lib/MemoryImage.cpp:1509:24: note: insert an explicit cast to silence this issue
        float py[4] = { 0, 0, theSrcRect.mHeight, theSrcRect.mHeight };
                              ^~~~~~~~~~~~~~~~~~
                              static_cast<float>( )
/<<PKGBUILDDIR>>/tuxcap/lib/MemoryImage.cpp:1509:44: error: non-constant-expression cannot be narrowed from type 'int' to 'float' in initializer list [-Wc++11-narrowing]
        float py[4] = { 0, 0, theSrcRect.mHeight, theSrcRect.mHeight };
                                                  ^~~~~~~~~~~~~~~~~~
/<<PKGBUILDDIR>>/tuxcap/lib/MemoryImage.cpp:1509:44: note: insert an explicit cast to silence this issue
        float py[4] = { 0, 0, theSrcRect.mHeight, theSrcRect.mHeight };
                                                  ^~~~~~~~~~~~~~~~~~
                                                  static_cast<float>( )
4 warnings and 4 errors generated.
make[3]: *** [tuxcap/lib/CMakeFiles/tuxcap.dir/build.make:261: tuxcap/lib/CMakeFiles/tuxcap.dir/MemoryImage.o] Error 1
make[3]: Leaving directory '/<<PKGBUILDDIR>>/debian/tmp-build'
make[2]: *** [CMakeFiles/Makefile2:362: tuxcap/lib/CMakeFiles/tuxcap.dir/all] Error 2
make[2]: Leaving directory '/<<PKGBUILDDIR>>/debian/tmp-build'
make[1]: *** [Makefile:133: all] Error 2
make[1]: Leaving directory '/<<PKGBUILDDIR>>/debian/tmp-build'
make: *** [debian/rules:44: build-stamp] Error 2
dpkg-buildpackage: error: debian/rules build subprocess returned exit status 2
--------------------------------------------------------------------------------
Build finished at 2018-05-02T13:02:00Z

Finished
--------


+------------------------------------------------------------------------------+
| Cleanup                                                                      |
+------------------------------------------------------------------------------+

Purging /<<BUILDDIR>>
Not cleaning session: cloned chroot in use
E: Build failure (dpkg-buildpackage died)

+------------------------------------------------------------------------------+
| Summary                                                                      |
+------------------------------------------------------------------------------+

Build Architecture: amd64
Build Type: any
Build-Space: 9632
Build-Time: 10
Distribution: unstable
Fail-Stage: build
Host Architecture: amd64
Install-Time: 31
Job: libtuxcap_1.4.0.dfsg2-2.3
Machine Architecture: amd64
Package: libtuxcap
Package-Time: 56
Source-Version: 1.4.0.dfsg2-2.3
Space: 9632
Status: attempted
Version: 1.4.0.dfsg2-2.3
--------------------------------------------------------------------------------
Finished at 2018-05-02T13:02:00Z
Build needed 00:00:56, 9632k disk space
E: Build failure (dpkg-buildpackage died)
DC-Status: Failed 56.906755771s
DC-Time-Estimation: 56.906755771 versus expected 152 (r/m: 1.671036117603809 ; m: 56.906755771)
