DC-Build-Header: python-pygit2 0.26.3-1 / 2018-05-02 13:11:33 +0000
DC-Task: type:rebuild-binarch-only source:python-pygit2 version:0.26.3-1 chroot:unstable esttime:98 logfile:/tmp/python-pygit2_0.26.3-1_unstable_clang60.log modes:clang60:binarch-only
DC-Sbuild-call: su user42 -c 'sbuild -n --arch-any --apt-update -d unstable -v  --chroot-setup-commands=/tmp/clang60 python-pygit2_0.26.3-1'
sbuild (Debian sbuild) 0.73.0 (23 Dec 2016) on ip-172-31-1-1.eu-central-1.compute.internal

+==============================================================================+
| python-pygit2 0.26.3-1 (amd64)               Wed, 02 May 2018 13:11:33 +0000 |
+==============================================================================+

Package: python-pygit2
Version: 0.26.3-1
Source Version: 0.26.3-1
Distribution: unstable
Machine Architecture: amd64
Host Architecture: amd64
Build Architecture: amd64
Build Type: any

I: NOTICE: Log filtering will replace 'var/run/schroot/mount/unstable-amd64-sbuild-b6df51b0-0ee4-49a0-884b-e4391ec0d896' with '<<CHROOT>>'

+------------------------------------------------------------------------------+
| Chroot Setup Commands                                                        |
+------------------------------------------------------------------------------+


/tmp/clang60
------------

+ echo 'Entering customization script...'
Entering customization script...
+ CLANG_VERSION=6.0
+ echo 'Install of clang-6.0'
Install of clang-6.0
+ apt-get update
Get:1 http://127.0.0.1:9999/debian unstable InRelease [242 kB]
Get:2 http://127.0.0.1:9999/debian unstable/main Sources.diff/Index [27.9 kB]
Get:3 http://127.0.0.1:9999/debian unstable/main amd64 Packages.diff/Index [27.9 kB]
Get:4 http://127.0.0.1:9999/debian unstable/main Sources 2018-05-02-0830.09.pdiff [16.2 kB]
Get:4 http://127.0.0.1:9999/debian unstable/main Sources 2018-05-02-0830.09.pdiff [16.2 kB]
Get:5 http://127.0.0.1:9999/debian unstable/main amd64 Packages 2018-05-02-0830.09.pdiff [1781 B]
Get:5 http://127.0.0.1:9999/debian unstable/main amd64 Packages 2018-05-02-0830.09.pdiff [1781 B]
Get:6 http://127.0.0.1:9999/debian unstable/main Translation-en [6016 kB]
Fetched 6332 kB in 2s (3398 kB/s)
Reading package lists...
+ apt-get install --yes --no-install-recommends --force-yes clang-6.0
Reading package lists...
Building dependency tree...
Reading state information...
The following additional packages will be installed:
  lib32gcc1 lib32stdc++6 libbsd0 libc6-i386 libclang-common-6.0-dev
  libclang1-6.0 libedit2 libjsoncpp1 libllvm6.0 libncurses5 libobjc-7-dev
  libobjc4
Suggested packages:
  gnustep gnustep-devel clang-6.0-doc
Recommended packages:
  llvm-6.0-dev python libomp-dev libgpm2
The following NEW packages will be installed:
  clang-6.0 lib32gcc1 lib32stdc++6 libbsd0 libc6-i386 libclang-common-6.0-dev
  libclang1-6.0 libedit2 libjsoncpp1 libllvm6.0 libncurses5 libobjc-7-dev
  libobjc4
0 upgraded, 13 newly installed, 0 to remove and 0 not upgraded.
Need to get 37.7 MB of archives.
After this operation, 187 MB of additional disk space will be used.
Get:1 http://127.0.0.1:9999/debian unstable/main amd64 libjsoncpp1 amd64 1.7.4-3 [75.6 kB]
Get:2 http://127.0.0.1:9999/debian unstable/main amd64 libbsd0 amd64 0.8.7-1 [92.1 kB]
Get:3 http://127.0.0.1:9999/debian unstable/main amd64 libncurses5 amd64 6.1+20180210-2 [95.7 kB]
Get:4 http://127.0.0.1:9999/debian unstable/main amd64 libedit2 amd64 3.1-20170329-1 [85.2 kB]
Get:5 http://127.0.0.1:9999/debian unstable/main amd64 libllvm6.0 amd64 1:6.0-3 [14.5 MB]
Get:6 http://127.0.0.1:9999/debian unstable/main amd64 libobjc4 amd64 8-20180425-1 [52.4 kB]
Get:7 http://127.0.0.1:9999/debian unstable/main amd64 libobjc-7-dev amd64 7.3.0-17 [204 kB]
Get:8 http://127.0.0.1:9999/debian unstable/main amd64 libc6-i386 amd64 2.27-3 [2855 kB]
Get:9 http://127.0.0.1:9999/debian unstable/main amd64 lib32gcc1 amd64 1:8-20180425-1 [47.8 kB]
Get:10 http://127.0.0.1:9999/debian unstable/main amd64 lib32stdc++6 amd64 8-20180425-1 [406 kB]
Get:11 http://127.0.0.1:9999/debian unstable/main amd64 libclang-common-6.0-dev amd64 1:6.0-3 [3102 kB]
Get:12 http://127.0.0.1:9999/debian unstable/main amd64 libclang1-6.0 amd64 1:6.0-3 [6995 kB]
Get:13 http://127.0.0.1:9999/debian unstable/main amd64 clang-6.0 amd64 1:6.0-3 [9175 kB]
debconf: delaying package configuration, since apt-utils is not installed
Fetched 37.7 MB in 0s (98.3 MB/s)
Selecting previously unselected package libjsoncpp1:amd64.
(Reading database ... (Reading database ... 5%(Reading database ... 10%(Reading database ... 15%(Reading database ... 20%(Reading database ... 25%(Reading database ... 30%(Reading database ... 35%(Reading database ... 40%(Reading database ... 45%(Reading database ... 50%(Reading database ... 55%(Reading database ... 60%(Reading database ... 65%(Reading database ... 70%(Reading database ... 75%(Reading database ... 80%(Reading database ... 85%(Reading database ... 90%(Reading database ... 95%(Reading database ... 100%(Reading database ... 10022 files and directories currently installed.)
Preparing to unpack .../00-libjsoncpp1_1.7.4-3_amd64.deb ...
Unpacking libjsoncpp1:amd64 (1.7.4-3) ...
Selecting previously unselected package libbsd0:amd64.
Preparing to unpack .../01-libbsd0_0.8.7-1_amd64.deb ...
Unpacking libbsd0:amd64 (0.8.7-1) ...
Selecting previously unselected package libncurses5:amd64.
Preparing to unpack .../02-libncurses5_6.1+20180210-2_amd64.deb ...
Unpacking libncurses5:amd64 (6.1+20180210-2) ...
Selecting previously unselected package libedit2:amd64.
Preparing to unpack .../03-libedit2_3.1-20170329-1_amd64.deb ...
Unpacking libedit2:amd64 (3.1-20170329-1) ...
Selecting previously unselected package libllvm6.0:amd64.
Preparing to unpack .../04-libllvm6.0_1%3a6.0-3_amd64.deb ...
Unpacking libllvm6.0:amd64 (1:6.0-3) ...
Selecting previously unselected package libobjc4:amd64.
Preparing to unpack .../05-libobjc4_8-20180425-1_amd64.deb ...
Unpacking libobjc4:amd64 (8-20180425-1) ...
Selecting previously unselected package libobjc-7-dev:amd64.
Preparing to unpack .../06-libobjc-7-dev_7.3.0-17_amd64.deb ...
Unpacking libobjc-7-dev:amd64 (7.3.0-17) ...
Selecting previously unselected package libc6-i386.
Preparing to unpack .../07-libc6-i386_2.27-3_amd64.deb ...
Unpacking libc6-i386 (2.27-3) ...
Selecting previously unselected package lib32gcc1.
Preparing to unpack .../08-lib32gcc1_1%3a8-20180425-1_amd64.deb ...
Unpacking lib32gcc1 (1:8-20180425-1) ...
Selecting previously unselected package lib32stdc++6.
Preparing to unpack .../09-lib32stdc++6_8-20180425-1_amd64.deb ...
Unpacking lib32stdc++6 (8-20180425-1) ...
Selecting previously unselected package libclang-common-6.0-dev.
Preparing to unpack .../10-libclang-common-6.0-dev_1%3a6.0-3_amd64.deb ...
Unpacking libclang-common-6.0-dev (1:6.0-3) ...
Selecting previously unselected package libclang1-6.0:amd64.
Preparing to unpack .../11-libclang1-6.0_1%3a6.0-3_amd64.deb ...
Unpacking libclang1-6.0:amd64 (1:6.0-3) ...
Selecting previously unselected package clang-6.0.
Preparing to unpack .../12-clang-6.0_1%3a6.0-3_amd64.deb ...
Unpacking clang-6.0 (1:6.0-3) ...
Setting up libncurses5:amd64 (6.1+20180210-2) ...
Setting up libobjc4:amd64 (8-20180425-1) ...
Setting up libc6-i386 (2.27-3) ...
Setting up libbsd0:amd64 (0.8.7-1) ...
Setting up libobjc-7-dev:amd64 (7.3.0-17) ...
Processing triggers for libc-bin (2.27-3) ...
Setting up lib32gcc1 (1:8-20180425-1) ...
Setting up libjsoncpp1:amd64 (1.7.4-3) ...
Setting up libedit2:amd64 (3.1-20170329-1) ...
Setting up libllvm6.0:amd64 (1:6.0-3) ...
Setting up libclang1-6.0:amd64 (1:6.0-3) ...
Setting up lib32stdc++6 (8-20180425-1) ...
Setting up libclang-common-6.0-dev (1:6.0-3) ...
Setting up clang-6.0 (1:6.0-3) ...
Processing triggers for libc-bin (2.27-3) ...
W: --force-yes is deprecated, use one of the options starting with --allow instead.
+ echo 'Replace gcc, g++ & cpp by clang'
Replace gcc, g++ & cpp by clang
+ VERSIONS='4.6 4.7 4.8 4.9 5 6 7 8'
+ cd /usr/bin
+ for VERSION in $VERSIONS
+ rm -f g++-4.6 gcc-4.6 cpp-4.6 gcc
+ ln -s clang++-6.0 g++-4.6
+ ln -s clang-6.0 gcc-4.6
+ ln -s clang-6.0 cpp-4.6
+ ln -s clang-6.0 gcc
+ echo 'gcc-4.6 hold'
+ dpkg --set-selections
dpkg: warning: package not in status nor available database at line 1: gcc-4.6
dpkg: warning: found unknown packages; this might mean the available database
is outdated, and needs to be updated through a frontend method;
please see the FAQ <https://wiki.debian.org/Teams/Dpkg/FAQ>
+ echo 'g++-4.6 hold'
+ dpkg --set-selections
dpkg: warning: package not in status nor available database at line 1: g++-4.6
dpkg: warning: found unknown packages; this might mean the available database
is outdated, and needs to be updated through a frontend method;
please see the FAQ <https://wiki.debian.org/Teams/Dpkg/FAQ>
+ for VERSION in $VERSIONS
+ rm -f g++-4.7 gcc-4.7 cpp-4.7 gcc
+ ln -s clang++-6.0 g++-4.7
+ ln -s clang-6.0 gcc-4.7
+ ln -s clang-6.0 cpp-4.7
+ ln -s clang-6.0 gcc
+ echo 'gcc-4.7 hold'
+ dpkg --set-selections
dpkg: warning: package not in status nor available database at line 1: gcc-4.7
dpkg: warning: found unknown packages; this might mean the available database
is outdated, and needs to be updated through a frontend method;
please see the FAQ <https://wiki.debian.org/Teams/Dpkg/FAQ>
+ echo 'g++-4.7 hold'
+ dpkg --set-selections
dpkg: warning: package not in status nor available database at line 1: g++-4.7
dpkg: warning: found unknown packages; this might mean the available database
is outdated, and needs to be updated through a frontend method;
please see the FAQ <https://wiki.debian.org/Teams/Dpkg/FAQ>
+ for VERSION in $VERSIONS
+ rm -f g++-4.8 gcc-4.8 cpp-4.8 gcc
+ ln -s clang++-6.0 g++-4.8
+ ln -s clang-6.0 gcc-4.8
+ ln -s clang-6.0 cpp-4.8
+ ln -s clang-6.0 gcc
+ echo 'gcc-4.8 hold'
+ dpkg --set-selections
dpkg: warning: package not in status nor available database at line 1: gcc-4.8
dpkg: warning: found unknown packages; this might mean the available database
is outdated, and needs to be updated through a frontend method;
please see the FAQ <https://wiki.debian.org/Teams/Dpkg/FAQ>
+ echo 'g++-4.8 hold'
+ dpkg --set-selections
dpkg: warning: package not in status nor available database at line 1: g++-4.8
dpkg: warning: found unknown packages; this might mean the available database
is outdated, and needs to be updated through a frontend method;
please see the FAQ <https://wiki.debian.org/Teams/Dpkg/FAQ>
+ for VERSION in $VERSIONS
+ rm -f g++-4.9 gcc-4.9 cpp-4.9 gcc
+ ln -s clang++-6.0 g++-4.9
+ ln -s clang-6.0 gcc-4.9
+ ln -s clang-6.0 cpp-4.9
+ ln -s clang-6.0 gcc
+ echo 'gcc-4.9 hold'
+ dpkg --set-selections
dpkg: warning: package not in status nor available database at line 1: gcc-4.9
dpkg: warning: found unknown packages; this might mean the available database
is outdated, and needs to be updated through a frontend method;
please see the FAQ <https://wiki.debian.org/Teams/Dpkg/FAQ>
+ echo 'g++-4.9 hold'
+ dpkg --set-selections
dpkg: warning: package not in status nor available database at line 1: g++-4.9
dpkg: warning: found unknown packages; this might mean the available database
is outdated, and needs to be updated through a frontend method;
please see the FAQ <https://wiki.debian.org/Teams/Dpkg/FAQ>
+ for VERSION in $VERSIONS
+ rm -f g++-5 gcc-5 cpp-5 gcc
+ ln -s clang++-6.0 g++-5
+ ln -s clang-6.0 gcc-5
+ ln -s clang-6.0 cpp-5
+ ln -s clang-6.0 gcc
+ echo 'gcc-5 hold'
+ dpkg --set-selections
+ echo 'g++-5 hold'
+ dpkg --set-selections
+ for VERSION in $VERSIONS
+ rm -f g++-6 gcc-6 cpp-6 gcc
+ ln -s clang++-6.0 g++-6
+ ln -s clang-6.0 gcc-6
+ ln -s clang-6.0 cpp-6
+ ln -s clang-6.0 gcc
+ echo 'gcc-6 hold'
+ dpkg --set-selections
dpkg: warning: package not in status nor available database at line 1: gcc-6
dpkg: warning: found unknown packages; this might mean the available database
is outdated, and needs to be updated through a frontend method;
please see the FAQ <https://wiki.debian.org/Teams/Dpkg/FAQ>
+ echo 'g++-6 hold'
+ dpkg --set-selections
dpkg: warning: package not in status nor available database at line 1: g++-6
dpkg: warning: found unknown packages; this might mean the available database
is outdated, and needs to be updated through a frontend method;
please see the FAQ <https://wiki.debian.org/Teams/Dpkg/FAQ>
+ for VERSION in $VERSIONS
+ rm -f g++-7 gcc-7 cpp-7 gcc
+ ln -s clang++-6.0 g++-7
+ ln -s clang-6.0 gcc-7
+ ln -s clang-6.0 cpp-7
+ ln -s clang-6.0 gcc
+ echo 'gcc-7 hold'
+ dpkg --set-selections
+ echo 'g++-7 hold'
+ dpkg --set-selections
+ for VERSION in $VERSIONS
+ rm -f g++-8 gcc-8 cpp-8 gcc
+ ln -s clang++-6.0 g++-8
+ ln -s clang-6.0 gcc-8
+ ln -s clang-6.0 cpp-8
+ ln -s clang-6.0 gcc
+ echo 'gcc-8 hold'
+ dpkg --set-selections
dpkg: warning: package not in status nor available database at line 1: gcc-8
dpkg: warning: found unknown packages; this might mean the available database
is outdated, and needs to be updated through a frontend method;
please see the FAQ <https://wiki.debian.org/Teams/Dpkg/FAQ>
+ echo 'g++-8 hold'
+ dpkg --set-selections
dpkg: warning: package not in status nor available database at line 1: g++-8
dpkg: warning: found unknown packages; this might mean the available database
is outdated, and needs to be updated through a frontend method;
please see the FAQ <https://wiki.debian.org/Teams/Dpkg/FAQ>
+ cd -
/build/python-pygit2-uZ1SFt
+ echo 'Check if gcc, g++ & cpp are actually clang'
Check if gcc, g++ & cpp are actually clang
+ gcc --version
+ grep clang
+ cpp --version
+ grep clang
+ g++ --version
+ grep clang

I: Finished running '/tmp/clang60'.

Finished processing commands.
--------------------------------------------------------------------------------

+------------------------------------------------------------------------------+
| Update chroot                                                                |
+------------------------------------------------------------------------------+

Hit:1 http://127.0.0.1:9999/debian unstable InRelease
Reading package lists...
Reading package lists...
Building dependency tree...
Reading state information...
Calculating upgrade...
0 upgraded, 0 newly installed, 0 to remove and 0 not upgraded.

+------------------------------------------------------------------------------+
| Fetch source files                                                           |
+------------------------------------------------------------------------------+


Check APT
---------

Checking available source versions...

Download source files with APT
------------------------------

Reading package lists...
NOTICE: 'python-pygit2' packaging is maintained in the 'Git' version control system at:
https://anonscm.debian.org/git/python-modules/packages/python-pygit2.git
Please use:
git clone https://anonscm.debian.org/git/python-modules/packages/python-pygit2.git
to retrieve the latest (possibly unreleased) updates to the package.
Need to get 475 kB of source archives.
Get:1 http://127.0.0.1:9999/debian unstable/main python-pygit2 0.26.3-1 (dsc) [2422 B]
Get:2 http://127.0.0.1:9999/debian unstable/main python-pygit2 0.26.3-1 (tar) [468 kB]
Get:3 http://127.0.0.1:9999/debian unstable/main python-pygit2 0.26.3-1 (diff) [5284 B]
Fetched 475 kB in 0s (4582 kB/s)
Download complete and in download only mode
I: NOTICE: Log filtering will replace 'build/python-pygit2-uZ1SFt/python-pygit2-0.26.3' with '<<PKGBUILDDIR>>'
I: NOTICE: Log filtering will replace 'build/python-pygit2-uZ1SFt' with '<<BUILDDIR>>'

+------------------------------------------------------------------------------+
| Install build-essential                                                      |
+------------------------------------------------------------------------------+


Setup apt archive
-----------------

Merged Build-Depends: build-essential, fakeroot
Filtered Build-Depends: build-essential, fakeroot
dpkg-deb: building package 'sbuild-build-depends-core-dummy' in '/<<BUILDDIR>>/resolver-c8SS2L/apt_archive/sbuild-build-depends-core-dummy.deb'.
dpkg-scanpackages: warning: Packages in archive but missing from override file:
dpkg-scanpackages: warning:   sbuild-build-depends-core-dummy
dpkg-scanpackages: info: Wrote 1 entries to output Packages file.
Ign:1 copy:/<<BUILDDIR>>/resolver-c8SS2L/apt_archive ./ InRelease
Get:2 copy:/<<BUILDDIR>>/resolver-c8SS2L/apt_archive ./ Release [957 B]
Ign:3 copy:/<<BUILDDIR>>/resolver-c8SS2L/apt_archive ./ Release.gpg
Get:4 copy:/<<BUILDDIR>>/resolver-c8SS2L/apt_archive ./ Sources [349 B]
Get:5 copy:/<<BUILDDIR>>/resolver-c8SS2L/apt_archive ./ Packages [432 B]
Fetched 1738 B in 0s (0 B/s)
Reading package lists...
Reading package lists...

Install core build dependencies (apt-based resolver)
----------------------------------------------------

Installing build dependencies
Reading package lists...
Building dependency tree...
Reading state information...
The following NEW packages will be installed:
  sbuild-build-depends-core-dummy
0 upgraded, 1 newly installed, 0 to remove and 0 not upgraded.
Need to get 856 B of archives.
After this operation, 0 B of additional disk space will be used.
Get:1 copy:/<<BUILDDIR>>/resolver-c8SS2L/apt_archive ./ sbuild-build-depends-core-dummy 0.invalid.0 [856 B]
debconf: delaying package configuration, since apt-utils is not installed
Fetched 856 B in 0s (0 B/s)
Selecting previously unselected package sbuild-build-depends-core-dummy.
(Reading database ... 10771 files and directories currently installed.)
Preparing to unpack .../sbuild-build-depends-core-dummy_0.invalid.0_amd64.deb ...
Unpacking sbuild-build-depends-core-dummy (0.invalid.0) ...
Setting up sbuild-build-depends-core-dummy (0.invalid.0) ...

+------------------------------------------------------------------------------+
| Check architectures                                                          |
+------------------------------------------------------------------------------+

Arch check ok (amd64 included in any all)

+------------------------------------------------------------------------------+
| Install package build dependencies                                           |
+------------------------------------------------------------------------------+


Setup apt archive
-----------------

Merged Build-Depends: debhelper (>= 11), dh-python, libffi-dev, libgit2-dev (>= 0.26), python-all-dev, python-cffi (>= 0.9.2), python-pycparser, python-setuptools, python-six, python3-sphinx, python3-all-dev, python3-cffi (>= 0.9.2), python3-pycparser, python3-setuptools, python3-six
Filtered Build-Depends: debhelper (>= 11), dh-python, libffi-dev, libgit2-dev (>= 0.26), python-all-dev, python-cffi (>= 0.9.2), python-pycparser, python-setuptools, python-six, python3-sphinx, python3-all-dev, python3-cffi (>= 0.9.2), python3-pycparser, python3-setuptools, python3-six
dpkg-deb: building package 'sbuild-build-depends-python-pygit2-dummy' in '/<<BUILDDIR>>/resolver-c8SS2L/apt_archive/sbuild-build-depends-python-pygit2-dummy.deb'.
dpkg-scanpackages: warning: Packages in archive but missing from override file:
dpkg-scanpackages: warning:   sbuild-build-depends-core-dummy sbuild-build-depends-python-pygit2-dummy
dpkg-scanpackages: info: Wrote 2 entries to output Packages file.
Ign:1 copy:/<<BUILDDIR>>/resolver-c8SS2L/apt_archive ./ InRelease
Get:2 copy:/<<BUILDDIR>>/resolver-c8SS2L/apt_archive ./ Release [963 B]
Ign:3 copy:/<<BUILDDIR>>/resolver-c8SS2L/apt_archive ./ Release.gpg
Get:4 copy:/<<BUILDDIR>>/resolver-c8SS2L/apt_archive ./ Sources [575 B]
Get:5 copy:/<<BUILDDIR>>/resolver-c8SS2L/apt_archive ./ Packages [656 B]
Fetched 2194 B in 0s (0 B/s)
Reading package lists...
Reading package lists...

Install python-pygit2 build dependencies (apt-based resolver)
-------------------------------------------------------------

Installing build dependencies
Reading package lists...
Building dependency tree...
Reading state information...
The following additional packages will be installed:
  autoconf automake autopoint autotools-dev bsdmainutils ca-certificates
  debhelper dh-autoreconf dh-python dh-strip-nondeterminism docutils-common
  file gettext gettext-base groff-base intltool-debian libarchive-zip-perl
  libcroco3 libcurl3-gnutls libcurl4-gnutls-dev libexpat1 libexpat1-dev
  libffi-dev libfile-stripnondeterminism-perl libgcrypt20-dev libgit2-26
  libgit2-dev libglib2.0-0 libgpg-error-dev libgssapi-krb5-2
  libhttp-parser-dev libhttp-parser2.8 libicu57 libjs-jquery libjs-sphinxdoc
  libjs-underscore libk5crypto3 libkeyutils1 libkrb5-3 libkrb5support0
  libldap-2.4-2 libldap-common libmagic-mgc libmagic1 libmpdec2 libncursesw6
  libnghttp2-14 libpipeline1 libpsl5 libpython-all-dev libpython-dev
  libpython-stdlib libpython2.7 libpython2.7-dev libpython2.7-minimal
  libpython2.7-stdlib libpython3-all-dev libpython3-dev libpython3-stdlib
  libpython3.6 libpython3.6-dev libpython3.6-minimal libpython3.6-stdlib
  libreadline7 librtmp1 libsasl2-2 libsasl2-modules-db libsigsegv2
  libsqlite3-0 libssh2-1 libssh2-1-dev libssl1.1 libtimedate-perl libtool
  libxml2 m4 man-db mime-support openssl po-debconf python python-all
  python-all-dev python-babel-localedata python-cffi python-cffi-backend
  python-dev python-minimal python-pkg-resources python-ply python-pycparser
  python-setuptools python-six python2.7 python2.7-dev python2.7-minimal
  python3 python3-alabaster python3-all python3-all-dev python3-babel
  python3-certifi python3-cffi python3-cffi-backend python3-chardet
  python3-dev python3-distutils python3-docutils python3-idna
  python3-imagesize python3-jinja2 python3-lib2to3 python3-markupsafe
  python3-minimal python3-packaging python3-pkg-resources python3-ply
  python3-pycparser python3-pygments python3-pyparsing python3-requests
  python3-roman python3-setuptools python3-six python3-sphinx python3-tz
  python3-urllib3 python3.6 python3.6-dev python3.6-minimal readline-common
  sgml-base sphinx-common tzdata xml-core zlib1g-dev
Suggested packages:
  autoconf-archive gnu-standards autoconf-doc wamerican | wordlist whois
  vacation dh-make dwz gettext-doc libasprintf-dev libgettextpo-dev groff
  libcurl4-doc libgnutls28-dev libidn11-dev libkrb5-dev libldap2-dev
  librtmp-dev pkg-config libgcrypt20-doc krb5-doc krb5-user libtool-doc
  gfortran | fortran95-compiler gcj-jdk m4-doc apparmor less www-browser
  libmail-box-perl python-doc python-tk python-ply-doc python-setuptools-doc
  python2.7-doc binfmt-support python3-doc python3-tk python3-venv
  docutils-doc fonts-linuxlibertine | ttf-linux-libertine texlive-lang-french
  texlive-latex-base texlive-latex-recommended python-jinja2-doc
  ttf-bitstream-vera python-pyparsing-doc python3-cryptography python3-openssl
  python3-socks python3-sphinx-rtd-theme libjs-mathjax dvipng
  texlive-latex-extra texlive-fonts-recommended texlive-generic-extra latexmk
  imagemagick-6.q16 sphinx-doc python3.6-venv python3.6-doc readline-doc
  sgml-base-doc
Recommended packages:
  curl | wget | lynx libarchive-cpio-perl libglib2.0-data shared-mime-info
  xdg-user-dirs javascript-common krb5-locales libgpm2 publicsuffix
  libsasl2-modules libltdl-dev libmail-sendmail-perl libpaper-utils
  python3-pil
The following NEW packages will be installed:
  autoconf automake autopoint autotools-dev bsdmainutils ca-certificates
  debhelper dh-autoreconf dh-python dh-strip-nondeterminism docutils-common
  file gettext gettext-base groff-base intltool-debian libarchive-zip-perl
  libcroco3 libcurl3-gnutls libcurl4-gnutls-dev libexpat1 libexpat1-dev
  libffi-dev libfile-stripnondeterminism-perl libgcrypt20-dev libgit2-26
  libgit2-dev libglib2.0-0 libgpg-error-dev libgssapi-krb5-2
  libhttp-parser-dev libhttp-parser2.8 libicu57 libjs-jquery libjs-sphinxdoc
  libjs-underscore libk5crypto3 libkeyutils1 libkrb5-3 libkrb5support0
  libldap-2.4-2 libldap-common libmagic-mgc libmagic1 libmpdec2 libncursesw6
  libnghttp2-14 libpipeline1 libpsl5 libpython-all-dev libpython-dev
  libpython-stdlib libpython2.7 libpython2.7-dev libpython2.7-minimal
  libpython2.7-stdlib libpython3-all-dev libpython3-dev libpython3-stdlib
  libpython3.6 libpython3.6-dev libpython3.6-minimal libpython3.6-stdlib
  libreadline7 librtmp1 libsasl2-2 libsasl2-modules-db libsigsegv2
  libsqlite3-0 libssh2-1 libssh2-1-dev libssl1.1 libtimedate-perl libtool
  libxml2 m4 man-db mime-support openssl po-debconf python python-all
  python-all-dev python-babel-localedata python-cffi python-cffi-backend
  python-dev python-minimal python-pkg-resources python-ply python-pycparser
  python-setuptools python-six python2.7 python2.7-dev python2.7-minimal
  python3 python3-alabaster python3-all python3-all-dev python3-babel
  python3-certifi python3-cffi python3-cffi-backend python3-chardet
  python3-dev python3-distutils python3-docutils python3-idna
  python3-imagesize python3-jinja2 python3-lib2to3 python3-markupsafe
  python3-minimal python3-packaging python3-pkg-resources python3-ply
  python3-pycparser python3-pygments python3-pyparsing python3-requests
  python3-roman python3-setuptools python3-six python3-sphinx python3-tz
  python3-urllib3 python3.6 python3.6-dev python3.6-minimal readline-common
  sbuild-build-depends-python-pygit2-dummy sgml-base sphinx-common tzdata
  xml-core zlib1g-dev
0 upgraded, 137 newly installed, 0 to remove and 0 not upgraded.
Need to get 117 MB of archives.
After this operation, 283 MB of additional disk space will be used.
Get:1 copy:/<<BUILDDIR>>/resolver-c8SS2L/apt_archive ./ sbuild-build-depends-python-pygit2-dummy 0.invalid.0 [948 B]
Get:2 http://127.0.0.1:9999/debian unstable/main amd64 bsdmainutils amd64 11.1.2 [190 kB]
Get:3 http://127.0.0.1:9999/debian unstable/main amd64 groff-base amd64 1.22.3-10 [1176 kB]
Get:4 http://127.0.0.1:9999/debian unstable/main amd64 libpipeline1 amd64 1.5.0-1 [29.0 kB]
Get:5 http://127.0.0.1:9999/debian unstable/main amd64 man-db amd64 2.8.3-2 [1180 kB]
Get:6 http://127.0.0.1:9999/debian unstable/main amd64 libpython2.7-minimal amd64 2.7.15-1 [393 kB]
Get:7 http://127.0.0.1:9999/debian unstable/main amd64 python2.7-minimal amd64 2.7.15-1 [1353 kB]
Get:8 http://127.0.0.1:9999/debian unstable/main amd64 python-minimal amd64 2.7.15~rc1-1 [41.1 kB]
Get:9 http://127.0.0.1:9999/debian unstable/main amd64 mime-support all 3.60 [36.7 kB]
Get:10 http://127.0.0.1:9999/debian unstable/main amd64 libexpat1 amd64 2.2.5-3 [96.8 kB]
Get:11 http://127.0.0.1:9999/debian unstable/main amd64 libncursesw6 amd64 6.1+20180210-2 [131 kB]
Get:12 http://127.0.0.1:9999/debian unstable/main amd64 readline-common all 7.0-3 [70.4 kB]
Get:13 http://127.0.0.1:9999/debian unstable/main amd64 libreadline7 amd64 7.0-3+b1 [151 kB]
Get:14 http://127.0.0.1:9999/debian unstable/main amd64 libsqlite3-0 amd64 3.23.1-1 [603 kB]
Get:15 http://127.0.0.1:9999/debian unstable/main amd64 libssl1.1 amd64 1.1.0h-2 [1352 kB]
Get:16 http://127.0.0.1:9999/debian unstable/main amd64 libpython2.7-stdlib amd64 2.7.15-1 [1912 kB]
Get:17 http://127.0.0.1:9999/debian unstable/main amd64 python2.7 amd64 2.7.15-1 [298 kB]
Get:18 http://127.0.0.1:9999/debian unstable/main amd64 libpython-stdlib amd64 2.7.15~rc1-1 [20.5 kB]
Get:19 http://127.0.0.1:9999/debian unstable/main amd64 python amd64 2.7.15~rc1-1 [155 kB]
Get:20 http://127.0.0.1:9999/debian unstable/main amd64 libpython3.6-minimal amd64 3.6.5-5 [572 kB]
Get:21 http://127.0.0.1:9999/debian unstable/main amd64 python3.6-minimal amd64 3.6.5-5 [1728 kB]
Get:22 http://127.0.0.1:9999/debian unstable/main amd64 python3-minimal amd64 3.6.5-3 [36.2 kB]
Get:23 http://127.0.0.1:9999/debian unstable/main amd64 libmpdec2 amd64 2.4.2-2 [87.2 kB]
Get:24 http://127.0.0.1:9999/debian unstable/main amd64 libpython3.6-stdlib amd64 3.6.5-5 [1730 kB]
Get:25 http://127.0.0.1:9999/debian unstable/main amd64 python3.6 amd64 3.6.5-5 [229 kB]
Get:26 http://127.0.0.1:9999/debian unstable/main amd64 libpython3-stdlib amd64 3.6.5-3 [19.7 kB]
Get:27 http://127.0.0.1:9999/debian unstable/main amd64 python3 amd64 3.6.5-3 [24.1 kB]
Get:28 http://127.0.0.1:9999/debian unstable/main amd64 sgml-base all 1.29 [14.8 kB]
Get:29 http://127.0.0.1:9999/debian unstable/main amd64 tzdata all 2018d-1 [252 kB]
Get:30 http://127.0.0.1:9999/debian unstable/main amd64 libmagic-mgc amd64 1:5.33-2 [234 kB]
Get:31 http://127.0.0.1:9999/debian unstable/main amd64 libmagic1 amd64 1:5.33-2 [113 kB]
Get:32 http://127.0.0.1:9999/debian unstable/main amd64 file amd64 1:5.33-2 [65.6 kB]
Get:33 http://127.0.0.1:9999/debian unstable/main amd64 gettext-base amd64 0.19.8.1-6 [122 kB]
Get:34 http://127.0.0.1:9999/debian unstable/main amd64 libsigsegv2 amd64 2.12-2 [32.8 kB]
Get:35 http://127.0.0.1:9999/debian unstable/main amd64 m4 amd64 1.4.18-1 [202 kB]
Get:36 http://127.0.0.1:9999/debian unstable/main amd64 autoconf all 2.69-11 [341 kB]
Get:37 http://127.0.0.1:9999/debian unstable/main amd64 autotools-dev all 20180224.1 [77.0 kB]
Get:38 http://127.0.0.1:9999/debian unstable/main amd64 automake all 1:1.15.1-3.1 [736 kB]
Get:39 http://127.0.0.1:9999/debian unstable/main amd64 autopoint all 0.19.8.1-6 [434 kB]
Get:40 http://127.0.0.1:9999/debian unstable/main amd64 openssl amd64 1.1.0h-2 [744 kB]
Get:41 http://127.0.0.1:9999/debian unstable/main amd64 ca-certificates all 20180409 [161 kB]
Get:42 http://127.0.0.1:9999/debian unstable/main amd64 libtool all 2.4.6-2.1 [547 kB]
Get:43 http://127.0.0.1:9999/debian unstable/main amd64 dh-autoreconf all 17 [16.5 kB]
Get:44 http://127.0.0.1:9999/debian unstable/main amd64 libarchive-zip-perl all 1.60-1 [95.6 kB]
Get:45 http://127.0.0.1:9999/debian unstable/main amd64 libfile-stripnondeterminism-perl all 0.041-1 [19.9 kB]
Get:46 http://127.0.0.1:9999/debian unstable/main amd64 libtimedate-perl all 2.3000-2 [42.2 kB]
Get:47 http://127.0.0.1:9999/debian unstable/main amd64 dh-strip-nondeterminism all 0.041-1 [12.0 kB]
Get:48 http://127.0.0.1:9999/debian unstable/main amd64 libglib2.0-0 amd64 2.56.1-2 [2928 kB]
Get:49 http://127.0.0.1:9999/debian unstable/main amd64 libicu57 amd64 57.1-9 [7698 kB]
Get:50 http://127.0.0.1:9999/debian unstable/main amd64 libxml2 amd64 2.9.4+dfsg1-6.1 [725 kB]
Get:51 http://127.0.0.1:9999/debian unstable/main amd64 libcroco3 amd64 0.6.12-2 [144 kB]
Get:52 http://127.0.0.1:9999/debian unstable/main amd64 gettext amd64 0.19.8.1-6 [1302 kB]
Get:53 http://127.0.0.1:9999/debian unstable/main amd64 intltool-debian all 0.35.0+20060710.4 [26.3 kB]
Get:54 http://127.0.0.1:9999/debian unstable/main amd64 po-debconf all 1.0.20 [247 kB]
Get:55 http://127.0.0.1:9999/debian unstable/main amd64 debhelper all 11.2.1 [1013 kB]
Get:56 http://127.0.0.1:9999/debian unstable/main amd64 dh-python all 3.20180326 [93.2 kB]
Get:57 http://127.0.0.1:9999/debian unstable/main amd64 xml-core all 0.18 [23.4 kB]
Get:58 http://127.0.0.1:9999/debian unstable/main amd64 docutils-common all 0.14+dfsg-3 [204 kB]
Get:59 http://127.0.0.1:9999/debian unstable/main amd64 libkeyutils1 amd64 1.5.9-9.2 [12.9 kB]
Get:60 http://127.0.0.1:9999/debian unstable/main amd64 libkrb5support0 amd64 1.16-2 [62.8 kB]
Get:61 http://127.0.0.1:9999/debian unstable/main amd64 libk5crypto3 amd64 1.16-2 [121 kB]
Get:62 http://127.0.0.1:9999/debian unstable/main amd64 libkrb5-3 amd64 1.16-2 [316 kB]
Get:63 http://127.0.0.1:9999/debian unstable/main amd64 libgssapi-krb5-2 amd64 1.16-2 [158 kB]
Get:64 http://127.0.0.1:9999/debian unstable/main amd64 libsasl2-modules-db amd64 2.1.27~101-g0780600+dfsg-3.1 [68.6 kB]
Get:65 http://127.0.0.1:9999/debian unstable/main amd64 libsasl2-2 amd64 2.1.27~101-g0780600+dfsg-3.1 [105 kB]
Get:66 http://127.0.0.1:9999/debian unstable/main amd64 libldap-common all 2.4.45+dfsg-1 [87.0 kB]
Get:67 http://127.0.0.1:9999/debian unstable/main amd64 libldap-2.4-2 amd64 2.4.45+dfsg-1 [223 kB]
Get:68 http://127.0.0.1:9999/debian unstable/main amd64 libnghttp2-14 amd64 1.31.1-1 [80.7 kB]
Get:69 http://127.0.0.1:9999/debian unstable/main amd64 libpsl5 amd64 0.20.1-1 [52.6 kB]
Get:70 http://127.0.0.1:9999/debian unstable/main amd64 librtmp1 amd64 2.4+20151223.gitfa8646d.1-1+b1 [60.4 kB]
Get:71 http://127.0.0.1:9999/debian unstable/main amd64 libssh2-1 amd64 1.8.0-1 [138 kB]
Get:72 http://127.0.0.1:9999/debian unstable/main amd64 libcurl3-gnutls amd64 7.58.0-2 [310 kB]
Get:73 http://127.0.0.1:9999/debian unstable/main amd64 libcurl4-gnutls-dev amd64 7.58.0-2 [394 kB]
Get:74 http://127.0.0.1:9999/debian unstable/main amd64 libexpat1-dev amd64 2.2.5-3 [140 kB]
Get:75 http://127.0.0.1:9999/debian unstable/main amd64 libffi-dev amd64 3.2.1-8 [156 kB]
Get:76 http://127.0.0.1:9999/debian unstable/main amd64 libgpg-error-dev amd64 1.29-4 [117 kB]
Get:77 http://127.0.0.1:9999/debian unstable/main amd64 libgcrypt20-dev amd64 1.8.2-2 [603 kB]
Get:78 http://127.0.0.1:9999/debian unstable/main amd64 libhttp-parser2.8 amd64 2.8.1-1 [20.7 kB]
Get:79 http://127.0.0.1:9999/debian unstable/main amd64 libgit2-26 amd64 0.26.0+dfsg.1-1.1+b2 [389 kB]
Get:80 http://127.0.0.1:9999/debian unstable/main amd64 zlib1g-dev amd64 1:1.2.11.dfsg-1 [214 kB]
Get:81 http://127.0.0.1:9999/debian unstable/main amd64 libssh2-1-dev amd64 1.8.0-1 [309 kB]
Get:82 http://127.0.0.1:9999/debian unstable/main amd64 libhttp-parser-dev amd64 2.8.1-1 [19.8 kB]
Get:83 http://127.0.0.1:9999/debian unstable/main amd64 libgit2-dev amd64 0.26.0+dfsg.1-1.1+b2 [690 kB]
Get:84 http://127.0.0.1:9999/debian unstable/main amd64 libjs-jquery all 3.2.1-1 [154 kB]
Get:85 http://127.0.0.1:9999/debian unstable/main amd64 libjs-underscore all 1.8.3~dfsg-1 [63.8 kB]
Get:86 http://127.0.0.1:9999/debian unstable/main amd64 libjs-sphinxdoc all 1.7.4-1 [89.7 kB]
Get:87 http://127.0.0.1:9999/debian unstable/main amd64 libpython2.7 amd64 2.7.15-1 [1052 kB]
Get:88 http://127.0.0.1:9999/debian unstable/main amd64 libpython2.7-dev amd64 2.7.15-1 [28.3 MB]
Get:89 http://127.0.0.1:9999/debian unstable/main amd64 libpython-dev amd64 2.7.15~rc1-1 [20.6 kB]
Get:90 http://127.0.0.1:9999/debian unstable/main amd64 libpython-all-dev amd64 2.7.15~rc1-1 [1048 B]
Get:91 http://127.0.0.1:9999/debian unstable/main amd64 libpython3.6 amd64 3.6.5-5 [1441 kB]
Get:92 http://127.0.0.1:9999/debian unstable/main amd64 libpython3.6-dev amd64 3.6.5-5 [39.7 MB]
Get:93 http://127.0.0.1:9999/debian unstable/main amd64 libpython3-dev amd64 3.6.5-3 [19.7 kB]
Get:94 http://127.0.0.1:9999/debian unstable/main amd64 libpython3-all-dev amd64 3.6.5-3 [1048 B]
Get:95 http://127.0.0.1:9999/debian unstable/main amd64 python-all amd64 2.7.15~rc1-1 [1028 B]
Get:96 http://127.0.0.1:9999/debian unstable/main amd64 python2.7-dev amd64 2.7.15-1 [290 kB]
Get:97 http://127.0.0.1:9999/debian unstable/main amd64 python-dev amd64 2.7.15~rc1-1 [1212 B]
Get:98 http://127.0.0.1:9999/debian unstable/main amd64 python-all-dev amd64 2.7.15~rc1-1 [1052 B]
Get:99 http://127.0.0.1:9999/debian unstable/main amd64 python-babel-localedata all 2.4.0+dfsg.1-2 [3415 kB]
Get:100 http://127.0.0.1:9999/debian unstable/main amd64 python-cffi-backend amd64 1.11.5-1 [75.1 kB]
Get:101 http://127.0.0.1:9999/debian unstable/main amd64 python-ply all 3.11-2 [65.0 kB]
Get:102 http://127.0.0.1:9999/debian unstable/main amd64 python-pycparser all 2.18-2 [72.0 kB]
Get:103 http://127.0.0.1:9999/debian unstable/main amd64 python-cffi all 1.11.5-1 [80.0 kB]
Get:104 http://127.0.0.1:9999/debian unstable/main amd64 python-pkg-resources all 39.0.1-2 [171 kB]
Get:105 http://127.0.0.1:9999/debian unstable/main amd64 python-setuptools all 39.0.1-2 [373 kB]
Get:106 http://127.0.0.1:9999/debian unstable/main amd64 python-six all 1.11.0-2 [15.1 kB]
Get:107 http://127.0.0.1:9999/debian unstable/main amd64 python3-alabaster all 0.7.8-1 [18.4 kB]
Get:108 http://127.0.0.1:9999/debian unstable/main amd64 python3-lib2to3 all 3.6.5-3 [78.7 kB]
Get:109 http://127.0.0.1:9999/debian unstable/main amd64 python3-distutils all 3.6.5-3 [144 kB]
Get:110 http://127.0.0.1:9999/debian unstable/main amd64 python3-all amd64 3.6.5-3 [1044 B]
Get:111 http://127.0.0.1:9999/debian unstable/main amd64 python3.6-dev amd64 3.6.5-5 [511 kB]
Get:112 http://127.0.0.1:9999/debian unstable/main amd64 python3-dev amd64 3.6.5-3 [1244 B]
Get:113 http://127.0.0.1:9999/debian unstable/main amd64 python3-all-dev amd64 3.6.5-3 [1048 B]
Get:114 http://127.0.0.1:9999/debian unstable/main amd64 python3-pkg-resources all 39.0.1-2 [142 kB]
Get:115 http://127.0.0.1:9999/debian unstable/main amd64 python3-tz all 2018.4-1 [26.9 kB]
Get:116 http://127.0.0.1:9999/debian unstable/main amd64 python3-babel all 2.4.0+dfsg.1-2 [83.7 kB]
Get:117 http://127.0.0.1:9999/debian unstable/main amd64 python3-certifi all 2018.1.18-3 [144 kB]
Get:118 http://127.0.0.1:9999/debian unstable/main amd64 python3-cffi-backend amd64 1.11.5-1 [76.1 kB]
Get:119 http://127.0.0.1:9999/debian unstable/main amd64 python3-ply all 3.11-2 [65.0 kB]
Get:120 http://127.0.0.1:9999/debian unstable/main amd64 python3-pycparser all 2.18-2 [72.1 kB]
Get:121 http://127.0.0.1:9999/debian unstable/main amd64 python3-cffi all 1.11.5-1 [80.2 kB]
Get:122 http://127.0.0.1:9999/debian unstable/main amd64 python3-chardet all 3.0.4-1 [80.2 kB]
Get:123 http://127.0.0.1:9999/debian unstable/main amd64 python3-roman all 2.0.0-3 [8768 B]
Get:124 http://127.0.0.1:9999/debian unstable/main amd64 python3-docutils all 0.14+dfsg-3 [377 kB]
Get:125 http://127.0.0.1:9999/debian unstable/main amd64 python3-idna all 2.6-1 [34.3 kB]
Get:126 http://127.0.0.1:9999/debian unstable/main amd64 python3-imagesize all 0.7.1-1 [3886 B]
Get:127 http://127.0.0.1:9999/debian unstable/main amd64 python3-markupsafe amd64 1.0-1+b1 [14.5 kB]
Get:128 http://127.0.0.1:9999/debian unstable/main amd64 python3-jinja2 all 2.10-1 [106 kB]
Get:129 http://127.0.0.1:9999/debian unstable/main amd64 python3-pyparsing all 2.2.0+dfsg1-2 [89.6 kB]
Get:130 http://127.0.0.1:9999/debian unstable/main amd64 python3-six all 1.11.0-2 [15.2 kB]
Get:131 http://127.0.0.1:9999/debian unstable/main amd64 python3-packaging all 17.1-1 [18.3 kB]
Get:132 http://127.0.0.1:9999/debian unstable/main amd64 python3-pygments all 2.2.0+dfsg-1 [588 kB]
Get:133 http://127.0.0.1:9999/debian unstable/main amd64 python3-urllib3 all 1.22-1 [97.9 kB]
Get:134 http://127.0.0.1:9999/debian unstable/main amd64 python3-requests all 2.18.4-2 [77.1 kB]
Get:135 http://127.0.0.1:9999/debian unstable/main amd64 python3-setuptools all 39.0.1-2 [291 kB]
Get:136 http://127.0.0.1:9999/debian unstable/main amd64 sphinx-common all 1.7.4-1 [434 kB]
Get:137 http://127.0.0.1:9999/debian unstable/main amd64 python3-sphinx all 1.7.4-1 [444 kB]
debconf: delaying package configuration, since apt-utils is not installed
Fetched 117 MB in 2s (75.6 MB/s)
Selecting previously unselected package bsdmainutils.
(Reading database ... 10771 files and directories currently installed.)
Preparing to unpack .../00-bsdmainutils_11.1.2_amd64.deb ...
Unpacking bsdmainutils (11.1.2) ...
Selecting previously unselected package groff-base.
Preparing to unpack .../01-groff-base_1.22.3-10_amd64.deb ...
Unpacking groff-base (1.22.3-10) ...
Selecting previously unselected package libpipeline1:amd64.
Preparing to unpack .../02-libpipeline1_1.5.0-1_amd64.deb ...
Unpacking libpipeline1:amd64 (1.5.0-1) ...
Selecting previously unselected package man-db.
Preparing to unpack .../03-man-db_2.8.3-2_amd64.deb ...
Unpacking man-db (2.8.3-2) ...
Selecting previously unselected package libpython2.7-minimal:amd64.
Preparing to unpack .../04-libpython2.7-minimal_2.7.15-1_amd64.deb ...
Unpacking libpython2.7-minimal:amd64 (2.7.15-1) ...
Selecting previously unselected package python2.7-minimal.
Preparing to unpack .../05-python2.7-minimal_2.7.15-1_amd64.deb ...
Unpacking python2.7-minimal (2.7.15-1) ...
Selecting previously unselected package python-minimal.
Preparing to unpack .../06-python-minimal_2.7.15~rc1-1_amd64.deb ...
Unpacking python-minimal (2.7.15~rc1-1) ...
Selecting previously unselected package mime-support.
Preparing to unpack .../07-mime-support_3.60_all.deb ...
Unpacking mime-support (3.60) ...
Selecting previously unselected package libexpat1:amd64.
Preparing to unpack .../08-libexpat1_2.2.5-3_amd64.deb ...
Unpacking libexpat1:amd64 (2.2.5-3) ...
Selecting previously unselected package libncursesw6:amd64.
Preparing to unpack .../09-libncursesw6_6.1+20180210-2_amd64.deb ...
Unpacking libncursesw6:amd64 (6.1+20180210-2) ...
Selecting previously unselected package readline-common.
Preparing to unpack .../10-readline-common_7.0-3_all.deb ...
Unpacking readline-common (7.0-3) ...
Selecting previously unselected package libreadline7:amd64.
Preparing to unpack .../11-libreadline7_7.0-3+b1_amd64.deb ...
Unpacking libreadline7:amd64 (7.0-3+b1) ...
Selecting previously unselected package libsqlite3-0:amd64.
Preparing to unpack .../12-libsqlite3-0_3.23.1-1_amd64.deb ...
Unpacking libsqlite3-0:amd64 (3.23.1-1) ...
Selecting previously unselected package libssl1.1:amd64.
Preparing to unpack .../13-libssl1.1_1.1.0h-2_amd64.deb ...
Unpacking libssl1.1:amd64 (1.1.0h-2) ...
Selecting previously unselected package libpython2.7-stdlib:amd64.
Preparing to unpack .../14-libpython2.7-stdlib_2.7.15-1_amd64.deb ...
Unpacking libpython2.7-stdlib:amd64 (2.7.15-1) ...
Selecting previously unselected package python2.7.
Preparing to unpack .../15-python2.7_2.7.15-1_amd64.deb ...
Unpacking python2.7 (2.7.15-1) ...
Selecting previously unselected package libpython-stdlib:amd64.
Preparing to unpack .../16-libpython-stdlib_2.7.15~rc1-1_amd64.deb ...
Unpacking libpython-stdlib:amd64 (2.7.15~rc1-1) ...
Setting up libpython2.7-minimal:amd64 (2.7.15-1) ...
Setting up python2.7-minimal (2.7.15-1) ...
Setting up python-minimal (2.7.15~rc1-1) ...
Selecting previously unselected package python.
(Reading database ... 12213 files and directories currently installed.)
Preparing to unpack .../0-python_2.7.15~rc1-1_amd64.deb ...
Unpacking python (2.7.15~rc1-1) ...
Selecting previously unselected package libpython3.6-minimal:amd64.
Preparing to unpack .../1-libpython3.6-minimal_3.6.5-5_amd64.deb ...
Unpacking libpython3.6-minimal:amd64 (3.6.5-5) ...
Selecting previously unselected package python3.6-minimal.
Preparing to unpack .../2-python3.6-minimal_3.6.5-5_amd64.deb ...
Unpacking python3.6-minimal (3.6.5-5) ...
Selecting previously unselected package python3-minimal.
Preparing to unpack .../3-python3-minimal_3.6.5-3_amd64.deb ...
Unpacking python3-minimal (3.6.5-3) ...
Selecting previously unselected package libmpdec2:amd64.
Preparing to unpack .../4-libmpdec2_2.4.2-2_amd64.deb ...
Unpacking libmpdec2:amd64 (2.4.2-2) ...
Selecting previously unselected package libpython3.6-stdlib:amd64.
Preparing to unpack .../5-libpython3.6-stdlib_3.6.5-5_amd64.deb ...
Unpacking libpython3.6-stdlib:amd64 (3.6.5-5) ...
Selecting previously unselected package python3.6.
Preparing to unpack .../6-python3.6_3.6.5-5_amd64.deb ...
Unpacking python3.6 (3.6.5-5) ...
Selecting previously unselected package libpython3-stdlib:amd64.
Preparing to unpack .../7-libpython3-stdlib_3.6.5-3_amd64.deb ...
Unpacking libpython3-stdlib:amd64 (3.6.5-3) ...
Setting up libssl1.1:amd64 (1.1.0h-2) ...
Setting up libpython3.6-minimal:amd64 (3.6.5-5) ...
Setting up libexpat1:amd64 (2.2.5-3) ...
Setting up python3.6-minimal (3.6.5-5) ...
Setting up python3-minimal (3.6.5-3) ...
Selecting previously unselected package python3.
(Reading database ... 12913 files and directories currently installed.)
Preparing to unpack .../000-python3_3.6.5-3_amd64.deb ...
Unpacking python3 (3.6.5-3) ...
Selecting previously unselected package sgml-base.
Preparing to unpack .../001-sgml-base_1.29_all.deb ...
Unpacking sgml-base (1.29) ...
Selecting previously unselected package tzdata.
Preparing to unpack .../002-tzdata_2018d-1_all.deb ...
Unpacking tzdata (2018d-1) ...
Selecting previously unselected package libmagic-mgc.
Preparing to unpack .../003-libmagic-mgc_1%3a5.33-2_amd64.deb ...
Unpacking libmagic-mgc (1:5.33-2) ...
Selecting previously unselected package libmagic1:amd64.
Preparing to unpack .../004-libmagic1_1%3a5.33-2_amd64.deb ...
Unpacking libmagic1:amd64 (1:5.33-2) ...
Selecting previously unselected package file.
Preparing to unpack .../005-file_1%3a5.33-2_amd64.deb ...
Unpacking file (1:5.33-2) ...
Selecting previously unselected package gettext-base.
Preparing to unpack .../006-gettext-base_0.19.8.1-6_amd64.deb ...
Unpacking gettext-base (0.19.8.1-6) ...
Selecting previously unselected package libsigsegv2:amd64.
Preparing to unpack .../007-libsigsegv2_2.12-2_amd64.deb ...
Unpacking libsigsegv2:amd64 (2.12-2) ...
Selecting previously unselected package m4.
Preparing to unpack .../008-m4_1.4.18-1_amd64.deb ...
Unpacking m4 (1.4.18-1) ...
Selecting previously unselected package autoconf.
Preparing to unpack .../009-autoconf_2.69-11_all.deb ...
Unpacking autoconf (2.69-11) ...
Selecting previously unselected package autotools-dev.
Preparing to unpack .../010-autotools-dev_20180224.1_all.deb ...
Unpacking autotools-dev (20180224.1) ...
Selecting previously unselected package automake.
Preparing to unpack .../011-automake_1%3a1.15.1-3.1_all.deb ...
Unpacking automake (1:1.15.1-3.1) ...
Selecting previously unselected package autopoint.
Preparing to unpack .../012-autopoint_0.19.8.1-6_all.deb ...
Unpacking autopoint (0.19.8.1-6) ...
Selecting previously unselected package openssl.
Preparing to unpack .../013-openssl_1.1.0h-2_amd64.deb ...
Unpacking openssl (1.1.0h-2) ...
Selecting previously unselected package ca-certificates.
Preparing to unpack .../014-ca-certificates_20180409_all.deb ...
Unpacking ca-certificates (20180409) ...
Selecting previously unselected package libtool.
Preparing to unpack .../015-libtool_2.4.6-2.1_all.deb ...
Unpacking libtool (2.4.6-2.1) ...
Selecting previously unselected package dh-autoreconf.
Preparing to unpack .../016-dh-autoreconf_17_all.deb ...
Unpacking dh-autoreconf (17) ...
Selecting previously unselected package libarchive-zip-perl.
Preparing to unpack .../017-libarchive-zip-perl_1.60-1_all.deb ...
Unpacking libarchive-zip-perl (1.60-1) ...
Selecting previously unselected package libfile-stripnondeterminism-perl.
Preparing to unpack .../018-libfile-stripnondeterminism-perl_0.041-1_all.deb ...
Unpacking libfile-stripnondeterminism-perl (0.041-1) ...
Selecting previously unselected package libtimedate-perl.
Preparing to unpack .../019-libtimedate-perl_2.3000-2_all.deb ...
Unpacking libtimedate-perl (2.3000-2) ...
Selecting previously unselected package dh-strip-nondeterminism.
Preparing to unpack .../020-dh-strip-nondeterminism_0.041-1_all.deb ...
Unpacking dh-strip-nondeterminism (0.041-1) ...
Selecting previously unselected package libglib2.0-0:amd64.
Preparing to unpack .../021-libglib2.0-0_2.56.1-2_amd64.deb ...
Unpacking libglib2.0-0:amd64 (2.56.1-2) ...
Selecting previously unselected package libicu57:amd64.
Preparing to unpack .../022-libicu57_57.1-9_amd64.deb ...
Unpacking libicu57:amd64 (57.1-9) ...
Selecting previously unselected package libxml2:amd64.
Preparing to unpack .../023-libxml2_2.9.4+dfsg1-6.1_amd64.deb ...
Unpacking libxml2:amd64 (2.9.4+dfsg1-6.1) ...
Selecting previously unselected package libcroco3:amd64.
Preparing to unpack .../024-libcroco3_0.6.12-2_amd64.deb ...
Unpacking libcroco3:amd64 (0.6.12-2) ...
Selecting previously unselected package gettext.
Preparing to unpack .../025-gettext_0.19.8.1-6_amd64.deb ...
Unpacking gettext (0.19.8.1-6) ...
Selecting previously unselected package intltool-debian.
Preparing to unpack .../026-intltool-debian_0.35.0+20060710.4_all.deb ...
Unpacking intltool-debian (0.35.0+20060710.4) ...
Selecting previously unselected package po-debconf.
Preparing to unpack .../027-po-debconf_1.0.20_all.deb ...
Unpacking po-debconf (1.0.20) ...
Selecting previously unselected package debhelper.
Preparing to unpack .../028-debhelper_11.2.1_all.deb ...
Unpacking debhelper (11.2.1) ...
Selecting previously unselected package dh-python.
Preparing to unpack .../029-dh-python_3.20180326_all.deb ...
Unpacking dh-python (3.20180326) ...
Selecting previously unselected package xml-core.
Preparing to unpack .../030-xml-core_0.18_all.deb ...
Unpacking xml-core (0.18) ...
Selecting previously unselected package docutils-common.
Preparing to unpack .../031-docutils-common_0.14+dfsg-3_all.deb ...
Unpacking docutils-common (0.14+dfsg-3) ...
Selecting previously unselected package libkeyutils1:amd64.
Preparing to unpack .../032-libkeyutils1_1.5.9-9.2_amd64.deb ...
Unpacking libkeyutils1:amd64 (1.5.9-9.2) ...
Selecting previously unselected package libkrb5support0:amd64.
Preparing to unpack .../033-libkrb5support0_1.16-2_amd64.deb ...
Unpacking libkrb5support0:amd64 (1.16-2) ...
Selecting previously unselected package libk5crypto3:amd64.
Preparing to unpack .../034-libk5crypto3_1.16-2_amd64.deb ...
Unpacking libk5crypto3:amd64 (1.16-2) ...
Selecting previously unselected package libkrb5-3:amd64.
Preparing to unpack .../035-libkrb5-3_1.16-2_amd64.deb ...
Unpacking libkrb5-3:amd64 (1.16-2) ...
Selecting previously unselected package libgssapi-krb5-2:amd64.
Preparing to unpack .../036-libgssapi-krb5-2_1.16-2_amd64.deb ...
Unpacking libgssapi-krb5-2:amd64 (1.16-2) ...
Selecting previously unselected package libsasl2-modules-db:amd64.
Preparing to unpack .../037-libsasl2-modules-db_2.1.27~101-g0780600+dfsg-3.1_amd64.deb ...
Unpacking libsasl2-modules-db:amd64 (2.1.27~101-g0780600+dfsg-3.1) ...
Selecting previously unselected package libsasl2-2:amd64.
Preparing to unpack .../038-libsasl2-2_2.1.27~101-g0780600+dfsg-3.1_amd64.deb ...
Unpacking libsasl2-2:amd64 (2.1.27~101-g0780600+dfsg-3.1) ...
Selecting previously unselected package libldap-common.
Preparing to unpack .../039-libldap-common_2.4.45+dfsg-1_all.deb ...
Unpacking libldap-common (2.4.45+dfsg-1) ...
Selecting previously unselected package libldap-2.4-2:amd64.
Preparing to unpack .../040-libldap-2.4-2_2.4.45+dfsg-1_amd64.deb ...
Unpacking libldap-2.4-2:amd64 (2.4.45+dfsg-1) ...
Selecting previously unselected package libnghttp2-14:amd64.
Preparing to unpack .../041-libnghttp2-14_1.31.1-1_amd64.deb ...
Unpacking libnghttp2-14:amd64 (1.31.1-1) ...
Selecting previously unselected package libpsl5:amd64.
Preparing to unpack .../042-libpsl5_0.20.1-1_amd64.deb ...
Unpacking libpsl5:amd64 (0.20.1-1) ...
Selecting previously unselected package librtmp1:amd64.
Preparing to unpack .../043-librtmp1_2.4+20151223.gitfa8646d.1-1+b1_amd64.deb ...
Unpacking librtmp1:amd64 (2.4+20151223.gitfa8646d.1-1+b1) ...
Selecting previously unselected package libssh2-1:amd64.
Preparing to unpack .../044-libssh2-1_1.8.0-1_amd64.deb ...
Unpacking libssh2-1:amd64 (1.8.0-1) ...
Selecting previously unselected package libcurl3-gnutls:amd64.
Preparing to unpack .../045-libcurl3-gnutls_7.58.0-2_amd64.deb ...
Unpacking libcurl3-gnutls:amd64 (7.58.0-2) ...
Selecting previously unselected package libcurl4-gnutls-dev:amd64.
Preparing to unpack .../046-libcurl4-gnutls-dev_7.58.0-2_amd64.deb ...
Unpacking libcurl4-gnutls-dev:amd64 (7.58.0-2) ...
Selecting previously unselected package libexpat1-dev:amd64.
Preparing to unpack .../047-libexpat1-dev_2.2.5-3_amd64.deb ...
Unpacking libexpat1-dev:amd64 (2.2.5-3) ...
Selecting previously unselected package libffi-dev:amd64.
Preparing to unpack .../048-libffi-dev_3.2.1-8_amd64.deb ...
Unpacking libffi-dev:amd64 (3.2.1-8) ...
Selecting previously unselected package libgpg-error-dev.
Preparing to unpack .../049-libgpg-error-dev_1.29-4_amd64.deb ...
Unpacking libgpg-error-dev (1.29-4) ...
Selecting previously unselected package libgcrypt20-dev.
Preparing to unpack .../050-libgcrypt20-dev_1.8.2-2_amd64.deb ...
Unpacking libgcrypt20-dev (1.8.2-2) ...
Selecting previously unselected package libhttp-parser2.8:amd64.
Preparing to unpack .../051-libhttp-parser2.8_2.8.1-1_amd64.deb ...
Unpacking libhttp-parser2.8:amd64 (2.8.1-1) ...
Selecting previously unselected package libgit2-26:amd64.
Preparing to unpack .../052-libgit2-26_0.26.0+dfsg.1-1.1+b2_amd64.deb ...
Unpacking libgit2-26:amd64 (0.26.0+dfsg.1-1.1+b2) ...
Selecting previously unselected package zlib1g-dev:amd64.
Preparing to unpack .../053-zlib1g-dev_1%3a1.2.11.dfsg-1_amd64.deb ...
Unpacking zlib1g-dev:amd64 (1:1.2.11.dfsg-1) ...
Selecting previously unselected package libssh2-1-dev:amd64.
Preparing to unpack .../054-libssh2-1-dev_1.8.0-1_amd64.deb ...
Unpacking libssh2-1-dev:amd64 (1.8.0-1) ...
Selecting previously unselected package libhttp-parser-dev.
Preparing to unpack .../055-libhttp-parser-dev_2.8.1-1_amd64.deb ...
Unpacking libhttp-parser-dev (2.8.1-1) ...
Selecting previously unselected package libgit2-dev:amd64.
Preparing to unpack .../056-libgit2-dev_0.26.0+dfsg.1-1.1+b2_amd64.deb ...
Unpacking libgit2-dev:amd64 (0.26.0+dfsg.1-1.1+b2) ...
Selecting previously unselected package libjs-jquery.
Preparing to unpack .../057-libjs-jquery_3.2.1-1_all.deb ...
Unpacking libjs-jquery (3.2.1-1) ...
Selecting previously unselected package libjs-underscore.
Preparing to unpack .../058-libjs-underscore_1.8.3~dfsg-1_all.deb ...
Unpacking libjs-underscore (1.8.3~dfsg-1) ...
Selecting previously unselected package libjs-sphinxdoc.
Preparing to unpack .../059-libjs-sphinxdoc_1.7.4-1_all.deb ...
Unpacking libjs-sphinxdoc (1.7.4-1) ...
Selecting previously unselected package libpython2.7:amd64.
Preparing to unpack .../060-libpython2.7_2.7.15-1_amd64.deb ...
Unpacking libpython2.7:amd64 (2.7.15-1) ...
Selecting previously unselected package libpython2.7-dev:amd64.
Preparing to unpack .../061-libpython2.7-dev_2.7.15-1_amd64.deb ...
Unpacking libpython2.7-dev:amd64 (2.7.15-1) ...
Selecting previously unselected package libpython-dev:amd64.
Preparing to unpack .../062-libpython-dev_2.7.15~rc1-1_amd64.deb ...
Unpacking libpython-dev:amd64 (2.7.15~rc1-1) ...
Selecting previously unselected package libpython-all-dev:amd64.
Preparing to unpack .../063-libpython-all-dev_2.7.15~rc1-1_amd64.deb ...
Unpacking libpython-all-dev:amd64 (2.7.15~rc1-1) ...
Selecting previously unselected package libpython3.6:amd64.
Preparing to unpack .../064-libpython3.6_3.6.5-5_amd64.deb ...
Unpacking libpython3.6:amd64 (3.6.5-5) ...
Selecting previously unselected package libpython3.6-dev:amd64.
Preparing to unpack .../065-libpython3.6-dev_3.6.5-5_amd64.deb ...
Unpacking libpython3.6-dev:amd64 (3.6.5-5) ...
Selecting previously unselected package libpython3-dev:amd64.
Preparing to unpack .../066-libpython3-dev_3.6.5-3_amd64.deb ...
Unpacking libpython3-dev:amd64 (3.6.5-3) ...
Selecting previously unselected package libpython3-all-dev:amd64.
Preparing to unpack .../067-libpython3-all-dev_3.6.5-3_amd64.deb ...
Unpacking libpython3-all-dev:amd64 (3.6.5-3) ...
Selecting previously unselected package python-all.
Preparing to unpack .../068-python-all_2.7.15~rc1-1_amd64.deb ...
Unpacking python-all (2.7.15~rc1-1) ...
Selecting previously unselected package python2.7-dev.
Preparing to unpack .../069-python2.7-dev_2.7.15-1_amd64.deb ...
Unpacking python2.7-dev (2.7.15-1) ...
Selecting previously unselected package python-dev.
Preparing to unpack .../070-python-dev_2.7.15~rc1-1_amd64.deb ...
Unpacking python-dev (2.7.15~rc1-1) ...
Selecting previously unselected package python-all-dev.
Preparing to unpack .../071-python-all-dev_2.7.15~rc1-1_amd64.deb ...
Unpacking python-all-dev (2.7.15~rc1-1) ...
Selecting previously unselected package python-babel-localedata.
Preparing to unpack .../072-python-babel-localedata_2.4.0+dfsg.1-2_all.deb ...
Unpacking python-babel-localedata (2.4.0+dfsg.1-2) ...
Selecting previously unselected package python-cffi-backend.
Preparing to unpack .../073-python-cffi-backend_1.11.5-1_amd64.deb ...
Unpacking python-cffi-backend (1.11.5-1) ...
Selecting previously unselected package python-ply.
Preparing to unpack .../074-python-ply_3.11-2_all.deb ...
Unpacking python-ply (3.11-2) ...
Selecting previously unselected package python-pycparser.
Preparing to unpack .../075-python-pycparser_2.18-2_all.deb ...
Unpacking python-pycparser (2.18-2) ...
Selecting previously unselected package python-cffi.
Preparing to unpack .../076-python-cffi_1.11.5-1_all.deb ...
Unpacking python-cffi (1.11.5-1) ...
Selecting previously unselected package python-pkg-resources.
Preparing to unpack .../077-python-pkg-resources_39.0.1-2_all.deb ...
Unpacking python-pkg-resources (39.0.1-2) ...
Selecting previously unselected package python-setuptools.
Preparing to unpack .../078-python-setuptools_39.0.1-2_all.deb ...
Unpacking python-setuptools (39.0.1-2) ...
Selecting previously unselected package python-six.
Preparing to unpack .../079-python-six_1.11.0-2_all.deb ...
Unpacking python-six (1.11.0-2) ...
Selecting previously unselected package python3-alabaster.
Preparing to unpack .../080-python3-alabaster_0.7.8-1_all.deb ...
Unpacking python3-alabaster (0.7.8-1) ...
Selecting previously unselected package python3-lib2to3.
Preparing to unpack .../081-python3-lib2to3_3.6.5-3_all.deb ...
Unpacking python3-lib2to3 (3.6.5-3) ...
Selecting previously unselected package python3-distutils.
Preparing to unpack .../082-python3-distutils_3.6.5-3_all.deb ...
Unpacking python3-distutils (3.6.5-3) ...
Selecting previously unselected package python3-all.
Preparing to unpack .../083-python3-all_3.6.5-3_amd64.deb ...
Unpacking python3-all (3.6.5-3) ...
Selecting previously unselected package python3.6-dev.
Preparing to unpack .../084-python3.6-dev_3.6.5-5_amd64.deb ...
Unpacking python3.6-dev (3.6.5-5) ...
Selecting previously unselected package python3-dev.
Preparing to unpack .../085-python3-dev_3.6.5-3_amd64.deb ...
Unpacking python3-dev (3.6.5-3) ...
Selecting previously unselected package python3-all-dev.
Preparing to unpack .../086-python3-all-dev_3.6.5-3_amd64.deb ...
Unpacking python3-all-dev (3.6.5-3) ...
Selecting previously unselected package python3-pkg-resources.
Preparing to unpack .../087-python3-pkg-resources_39.0.1-2_all.deb ...
Unpacking python3-pkg-resources (39.0.1-2) ...
Selecting previously unselected package python3-tz.
Preparing to unpack .../088-python3-tz_2018.4-1_all.deb ...
Unpacking python3-tz (2018.4-1) ...
Selecting previously unselected package python3-babel.
Preparing to unpack .../089-python3-babel_2.4.0+dfsg.1-2_all.deb ...
Unpacking python3-babel (2.4.0+dfsg.1-2) ...
Selecting previously unselected package python3-certifi.
Preparing to unpack .../090-python3-certifi_2018.1.18-3_all.deb ...
Unpacking python3-certifi (2018.1.18-3) ...
Selecting previously unselected package python3-cffi-backend.
Preparing to unpack .../091-python3-cffi-backend_1.11.5-1_amd64.deb ...
Unpacking python3-cffi-backend (1.11.5-1) ...
Selecting previously unselected package python3-ply.
Preparing to unpack .../092-python3-ply_3.11-2_all.deb ...
Unpacking python3-ply (3.11-2) ...
Selecting previously unselected package python3-pycparser.
Preparing to unpack .../093-python3-pycparser_2.18-2_all.deb ...
Unpacking python3-pycparser (2.18-2) ...
Selecting previously unselected package python3-cffi.
Preparing to unpack .../094-python3-cffi_1.11.5-1_all.deb ...
Unpacking python3-cffi (1.11.5-1) ...
Selecting previously unselected package python3-chardet.
Preparing to unpack .../095-python3-chardet_3.0.4-1_all.deb ...
Unpacking python3-chardet (3.0.4-1) ...
Selecting previously unselected package python3-roman.
Preparing to unpack .../096-python3-roman_2.0.0-3_all.deb ...
Unpacking python3-roman (2.0.0-3) ...
Selecting previously unselected package python3-docutils.
Preparing to unpack .../097-python3-docutils_0.14+dfsg-3_all.deb ...
Unpacking python3-docutils (0.14+dfsg-3) ...
Selecting previously unselected package python3-idna.
Preparing to unpack .../098-python3-idna_2.6-1_all.deb ...
Unpacking python3-idna (2.6-1) ...
Selecting previously unselected package python3-imagesize.
Preparing to unpack .../099-python3-imagesize_0.7.1-1_all.deb ...
Unpacking python3-imagesize (0.7.1-1) ...
Selecting previously unselected package python3-markupsafe.
Preparing to unpack .../100-python3-markupsafe_1.0-1+b1_amd64.deb ...
Unpacking python3-markupsafe (1.0-1+b1) ...
Selecting previously unselected package python3-jinja2.
Preparing to unpack .../101-python3-jinja2_2.10-1_all.deb ...
Unpacking python3-jinja2 (2.10-1) ...
Selecting previously unselected package python3-pyparsing.
Preparing to unpack .../102-python3-pyparsing_2.2.0+dfsg1-2_all.deb ...
Unpacking python3-pyparsing (2.2.0+dfsg1-2) ...
Selecting previously unselected package python3-six.
Preparing to unpack .../103-python3-six_1.11.0-2_all.deb ...
Unpacking python3-six (1.11.0-2) ...
Selecting previously unselected package python3-packaging.
Preparing to unpack .../104-python3-packaging_17.1-1_all.deb ...
Unpacking python3-packaging (17.1-1) ...
Selecting previously unselected package python3-pygments.
Preparing to unpack .../105-python3-pygments_2.2.0+dfsg-1_all.deb ...
Unpacking python3-pygments (2.2.0+dfsg-1) ...
Selecting previously unselected package python3-urllib3.
Preparing to unpack .../106-python3-urllib3_1.22-1_all.deb ...
Unpacking python3-urllib3 (1.22-1) ...
Selecting previously unselected package python3-requests.
Preparing to unpack .../107-python3-requests_2.18.4-2_all.deb ...
Unpacking python3-requests (2.18.4-2) ...
Selecting previously unselected package python3-setuptools.
Preparing to unpack .../108-python3-setuptools_39.0.1-2_all.deb ...
Unpacking python3-setuptools (39.0.1-2) ...
Selecting previously unselected package sphinx-common.
Preparing to unpack .../109-sphinx-common_1.7.4-1_all.deb ...
Unpacking sphinx-common (1.7.4-1) ...
Selecting previously unselected package python3-sphinx.
Preparing to unpack .../110-python3-sphinx_1.7.4-1_all.deb ...
Unpacking python3-sphinx (1.7.4-1) ...
Selecting previously unselected package sbuild-build-depends-python-pygit2-dummy.
Preparing to unpack .../111-sbuild-build-depends-python-pygit2-dummy_0.invalid.0_amd64.deb ...
Unpacking sbuild-build-depends-python-pygit2-dummy (0.invalid.0) ...
Setting up libjs-jquery (3.2.1-1) ...
Setting up readline-common (7.0-3) ...
Setting up libarchive-zip-perl (1.60-1) ...
Setting up libnghttp2-14:amd64 (1.31.1-1) ...
Setting up libjs-underscore (1.8.3~dfsg-1) ...
Setting up mime-support (3.60) ...
Setting up libtimedate-perl (2.3000-2) ...
Setting up libsigsegv2:amd64 (2.12-2) ...
Setting up libldap-common (2.4.45+dfsg-1) ...
Setting up libreadline7:amd64 (7.0-3+b1) ...
Setting up libpsl5:amd64 (0.20.1-1) ...
Setting up tzdata (2018d-1) ...

Current default time zone: 'Etc/UTC'
Local time is now:      Wed May  2 13:12:03 UTC 2018.
Universal Time is now:  Wed May  2 13:12:03 UTC 2018.
Run 'dpkg-reconfigure tzdata' if you wish to change it.

Setting up groff-base (1.22.3-10) ...
Setting up libglib2.0-0:amd64 (2.56.1-2) ...
No schema files found: doing nothing.
Setting up libncursesw6:amd64 (6.1+20180210-2) ...
Setting up libgpg-error-dev (1.29-4) ...
Setting up libsasl2-modules-db:amd64 (2.1.27~101-g0780600+dfsg-3.1) ...
Setting up libsasl2-2:amd64 (2.1.27~101-g0780600+dfsg-3.1) ...
Setting up libjs-sphinxdoc (1.7.4-1) ...
Setting up libffi-dev:amd64 (3.2.1-8) ...
Setting up gettext-base (0.19.8.1-6) ...
Setting up libpipeline1:amd64 (1.5.0-1) ...
Setting up librtmp1:amd64 (2.4+20151223.gitfa8646d.1-1+b1) ...
Setting up m4 (1.4.18-1) ...
Setting up sgml-base (1.29) ...
Setting up libicu57:amd64 (57.1-9) ...
Setting up libxml2:amd64 (2.9.4+dfsg1-6.1) ...
Setting up libmagic-mgc (1:5.33-2) ...
Setting up libmagic1:amd64 (1:5.33-2) ...
Setting up libcroco3:amd64 (0.6.12-2) ...
Setting up libssh2-1:amd64 (1.8.0-1) ...
Processing triggers for libc-bin (2.27-3) ...
Setting up libgcrypt20-dev (1.8.2-2) ...
Setting up autotools-dev (20180224.1) ...
Setting up libldap-2.4-2:amd64 (2.4.45+dfsg-1) ...
Setting up python-babel-localedata (2.4.0+dfsg.1-2) ...
Setting up openssl (1.1.0h-2) ...
Setting up sphinx-common (1.7.4-1) ...
Setting up libsqlite3-0:amd64 (3.23.1-1) ...
Setting up libexpat1-dev:amd64 (2.2.5-3) ...
Setting up xml-core (0.18) ...
Setting up libkeyutils1:amd64 (1.5.9-9.2) ...
Setting up bsdmainutils (11.1.2) ...
update-alternatives: using /usr/bin/bsd-write to provide /usr/bin/write (write) in auto mode
update-alternatives: using /usr/bin/bsd-from to provide /usr/bin/from (from) in auto mode
Setting up ca-certificates (20180409) ...
Updating certificates in /etc/ssl/certs...
133 added, 0 removed; done.
Setting up libpython2.7-stdlib:amd64 (2.7.15-1) ...
Setting up autopoint (0.19.8.1-6) ...
Setting up libmpdec2:amd64 (2.4.2-2) ...
Setting up zlib1g-dev:amd64 (1:1.2.11.dfsg-1) ...
Setting up libfile-stripnondeterminism-perl (0.041-1) ...
Setting up libhttp-parser2.8:amd64 (2.8.1-1) ...
Setting up libpython3.6-stdlib:amd64 (3.6.5-5) ...
Setting up libhttp-parser-dev (2.8.1-1) ...
Setting up python3.6 (3.6.5-5) ...
Setting up gettext (0.19.8.1-6) ...
Setting up python2.7 (2.7.15-1) ...
Setting up autoconf (2.69-11) ...
Setting up libssh2-1-dev:amd64 (1.8.0-1) ...
Setting up file (1:5.33-2) ...
Setting up libkrb5support0:amd64 (1.16-2) ...
Setting up libpython-stdlib:amd64 (2.7.15~rc1-1) ...
Setting up intltool-debian (0.35.0+20060710.4) ...
Setting up libpython2.7:amd64 (2.7.15-1) ...
Setting up automake (1:1.15.1-3.1) ...
update-alternatives: using /usr/bin/automake-1.15 to provide /usr/bin/automake (automake) in auto mode
Setting up man-db (2.8.3-2) ...
Not building database; man-db/auto-update is not 'true'.
Setting up libpython2.7-dev:amd64 (2.7.15-1) ...
Setting up python2.7-dev (2.7.15-1) ...
Setting up python (2.7.15~rc1-1) ...
Setting up libpython3.6:amd64 (3.6.5-5) ...
Setting up libtool (2.4.6-2.1) ...
Setting up libpython3-stdlib:amd64 (3.6.5-3) ...
Setting up libpython-dev:amd64 (2.7.15~rc1-1) ...
Setting up libk5crypto3:amd64 (1.16-2) ...
Setting up po-debconf (1.0.20) ...
Setting up python3 (3.6.5-3) ...
Setting up python3-cffi-backend (1.11.5-1) ...
Setting up python-ply (3.11-2) ...
Setting up python-dev (2.7.15~rc1-1) ...
Setting up python3-alabaster (0.7.8-1) ...
Setting up python3-idna (2.6-1) ...
Setting up python3-six (1.11.0-2) ...
Setting up libpython-all-dev:amd64 (2.7.15~rc1-1) ...
Setting up python3-pyparsing (2.2.0+dfsg1-2) ...
Setting up python3-certifi (2018.1.18-3) ...
Setting up python3-pkg-resources (39.0.1-2) ...
Setting up python-pkg-resources (39.0.1-2) ...
Setting up libpython3.6-dev:amd64 (3.6.5-5) ...
Setting up python3-markupsafe (1.0-1+b1) ...
Setting up python-cffi-backend (1.11.5-1) ...
Setting up python-six (1.11.0-2) ...
Setting up python3-chardet (3.0.4-1) ...
Setting up python3-jinja2 (2.10-1) ...
Setting up python3-urllib3 (1.22-1) ...
Setting up python3-ply (3.11-2) ...
Setting up libkrb5-3:amd64 (1.16-2) ...
Setting up python3-packaging (17.1-1) ...
Setting up python3.6-dev (3.6.5-5) ...
Setting up python3-lib2to3 (3.6.5-3) ...
Setting up dh-python (3.20180326) ...
Setting up python-all (2.7.15~rc1-1) ...
Setting up python3-tz (2018.4-1) ...
Setting up python3-distutils (3.6.5-3) ...
Setting up libpython3-dev:amd64 (3.6.5-3) ...
Setting up python3-pygments (2.2.0+dfsg-1) ...
Setting up python-setuptools (39.0.1-2) ...
Setting up python3-roman (2.0.0-3) ...
Setting up python3-imagesize (0.7.1-1) ...
Setting up python-pycparser (2.18-2) ...
Setting up python3-dev (3.6.5-3) ...
Setting up python3-babel (2.4.0+dfsg.1-2) ...
update-alternatives: using /usr/bin/pybabel-python3 to provide /usr/bin/pybabel (pybabel) in auto mode
Setting up libgssapi-krb5-2:amd64 (1.16-2) ...
Setting up python-all-dev (2.7.15~rc1-1) ...
Setting up libpython3-all-dev:amd64 (3.6.5-3) ...
Setting up python3-all (3.6.5-3) ...
Setting up python3-requests (2.18.4-2) ...
Setting up python-cffi (1.11.5-1) ...
Setting up python3-pycparser (2.18-2) ...
Setting up python3-cffi (1.11.5-1) ...
Setting up python3-setuptools (39.0.1-2) ...
Setting up python3-all-dev (3.6.5-3) ...
Setting up libcurl3-gnutls:amd64 (7.58.0-2) ...
Setting up libgit2-26:amd64 (0.26.0+dfsg.1-1.1+b2) ...
Setting up libcurl4-gnutls-dev:amd64 (7.58.0-2) ...
Setting up libgit2-dev:amd64 (0.26.0+dfsg.1-1.1+b2) ...
Processing triggers for sgml-base (1.29) ...
Setting up docutils-common (0.14+dfsg-3) ...
Processing triggers for sgml-base (1.29) ...
Setting up python3-docutils (0.14+dfsg-3) ...
update-alternatives: using /usr/share/docutils/scripts/python3/rst-buildhtml to provide /usr/bin/rst-buildhtml (rst-buildhtml) in auto mode
update-alternatives: using /usr/share/docutils/scripts/python3/rst2html to provide /usr/bin/rst2html (rst2html) in auto mode
update-alternatives: using /usr/share/docutils/scripts/python3/rst2html4 to provide /usr/bin/rst2html4 (rst2html4) in auto mode
update-alternatives: using /usr/share/docutils/scripts/python3/rst2html5 to provide /usr/bin/rst2html5 (rst2html5) in auto mode
update-alternatives: using /usr/share/docutils/scripts/python3/rst2latex to provide /usr/bin/rst2latex (rst2latex) in auto mode
update-alternatives: using /usr/share/docutils/scripts/python3/rst2man to provide /usr/bin/rst2man (rst2man) in auto mode
update-alternatives: using /usr/share/docutils/scripts/python3/rst2odt to provide /usr/bin/rst2odt (rst2odt) in auto mode
update-alternatives: using /usr/share/docutils/scripts/python3/rst2odt_prepstyles to provide /usr/bin/rst2odt_prepstyles (rst2odt_prepstyles) in auto mode
update-alternatives: using /usr/share/docutils/scripts/python3/rst2pseudoxml to provide /usr/bin/rst2pseudoxml (rst2pseudoxml) in auto mode
update-alternatives: using /usr/share/docutils/scripts/python3/rst2s5 to provide /usr/bin/rst2s5 (rst2s5) in auto mode
update-alternatives: using /usr/share/docutils/scripts/python3/rst2xetex to provide /usr/bin/rst2xetex (rst2xetex) in auto mode
update-alternatives: using /usr/share/docutils/scripts/python3/rst2xml to provide /usr/bin/rst2xml (rst2xml) in auto mode
update-alternatives: using /usr/share/docutils/scripts/python3/rstpep2html to provide /usr/bin/rstpep2html (rstpep2html) in auto mode
Setting up python3-sphinx (1.7.4-1) ...
Setting up dh-autoreconf (17) ...
Setting up debhelper (11.2.1) ...
Setting up sbuild-build-depends-python-pygit2-dummy (0.invalid.0) ...
Setting up dh-strip-nondeterminism (0.041-1) ...
Processing triggers for libc-bin (2.27-3) ...
Processing triggers for ca-certificates (20180409) ...
Updating certificates in /etc/ssl/certs...
0 added, 0 removed; done.
Running hooks in /etc/ca-certificates/update.d...
done.

+------------------------------------------------------------------------------+
| Build environment                                                            |
+------------------------------------------------------------------------------+

Kernel: Linux 4.9.0-5-amd64 amd64 (x86_64)
Toolchain package versions: binutils_2.30-16 dpkg-dev_1.19.0.5 g++-7_7.3.0-17 gcc-7_7.3.0-17 libc6-dev_2.27-3 libstdc++-7-dev_7.3.0-17 libstdc++6_8-20180425-1 linux-libc-dev_4.15.17-1
Package versions: adduser_3.117 apt_1.6.1 autoconf_2.69-11 automake_1:1.15.1-3.1 autopoint_0.19.8.1-6 autotools-dev_20180224.1 base-files_10.1 base-passwd_3.5.45 bash_4.4.18-2 binutils_2.30-16 binutils-common_2.30-16 binutils-x86-64-linux-gnu_2.30-16 bsdmainutils_11.1.2 bsdutils_1:2.31.1-0.5 build-essential_12.5 bzip2_1.0.6-8.1 ca-certificates_20180409 clang-6.0_1:6.0-3 coreutils_8.28-1 cpp_4:7.3.0-3 cpp-7_7.3.0-17 dash_0.5.8-2.10 debconf_1.5.66 debfoster_2.7-2.1+b1 debhelper_11.2.1 debian-archive-keyring_2017.7 debianutils_4.8.4 dh-autoreconf_17 dh-python_3.20180326 dh-strip-nondeterminism_0.041-1 diffutils_1:3.6-1 docutils-common_0.14+dfsg-3 dpkg_1.19.0.5 dpkg-dev_1.19.0.5 e2fslibs_1.44.1-2 e2fsprogs_1.44.1-2 eatmydata_105-6 fakeroot_1.22-2 fdisk_2.31.1-0.5 file_1:5.33-2 findutils_4.6.0+git+20171230-2 g++_4:7.3.0-3 g++-7_7.3.0-17 gcc_4:7.3.0-3 gcc-6-base_6.4.0-17 gcc-7_7.3.0-17 gcc-7-base_7.3.0-17 gcc-8-base_8-20180425-1 gettext_0.19.8.1-6 gettext-base_0.19.8.1-6 gpgv_2.2.5-1 grep_3.1-2 groff-base_1.22.3-10 gzip_1.6-5+b1 hostname_3.20 init-system-helpers_1.51 intltool-debian_0.35.0+20060710.4 lib32gcc1_1:8-20180425-1 lib32stdc++6_8-20180425-1 libacl1_2.2.52-3+b1 libapt-pkg5.0_1.6.1 libarchive-zip-perl_1.60-1 libasan4_7.3.0-17 libatomic1_8-20180425-1 libattr1_1:2.4.47-2+b2 libaudit-common_1:2.8.3-1 libaudit1_1:2.8.3-1 libbinutils_2.30-16 libblkid1_2.31.1-0.5 libbsd0_0.8.7-1 libbz2-1.0_1.0.6-8.1 libc-bin_2.27-3 libc-dev-bin_2.27-3 libc6_2.27-3 libc6-dev_2.27-3 libc6-i386_2.27-3 libcap-ng0_0.7.9-1 libcc1-0_8-20180425-1 libcilkrts5_7.3.0-17 libclang-common-6.0-dev_1:6.0-3 libclang1-6.0_1:6.0-3 libcom-err2_1.44.1-2 libcomerr2_1.44.1-2 libcroco3_0.6.12-2 libcurl3-gnutls_7.58.0-2 libcurl4-gnutls-dev_7.58.0-2 libdb5.3_5.3.28-13.1+b1 libdebconfclient0_0.243 libdpkg-perl_1.19.0.5 libeatmydata1_105-6 libedit2_3.1-20170329-1 libexpat1_2.2.5-3 libexpat1-dev_2.2.5-3 libext2fs2_1.44.1-2 libfakeroot_1.22-2 libfdisk1_2.31.1-0.5 libffi-dev_3.2.1-8 libffi6_3.2.1-8 libfile-stripnondeterminism-perl_0.041-1 libgc1c2_1:7.4.2-8.2 libgcc-7-dev_7.3.0-17 libgcc1_1:8-20180425-1 libgcrypt20_1.8.2-2 libgcrypt20-dev_1.8.2-2 libgdbm-compat4_1.14.1-6 libgdbm3_1.8.3-14 libgdbm5_1.14.1-6 libgit2-26_0.26.0+dfsg.1-1.1+b2 libgit2-dev_0.26.0+dfsg.1-1.1+b2 libglib2.0-0_2.56.1-2 libgmp10_2:6.1.2+dfsg-3 libgnutls30_3.5.18-1 libgomp1_8-20180425-1 libgpg-error-dev_1.29-4 libgpg-error0_1.29-4 libgssapi-krb5-2_1.16-2 libhogweed4_3.4-1 libhttp-parser-dev_2.8.1-1 libhttp-parser2.8_2.8.1-1 libicu57_57.1-9 libidn2-0_2.0.4-1.1 libisl15_0.18-4 libisl19_0.19-1 libitm1_8-20180425-1 libjs-jquery_3.2.1-1 libjs-sphinxdoc_1.7.4-1 libjs-underscore_1.8.3~dfsg-1 libjsoncpp1_1.7.4-3 libk5crypto3_1.16-2 libkeyutils1_1.5.9-9.2 libkrb5-3_1.16-2 libkrb5support0_1.16-2 libldap-2.4-2_2.4.45+dfsg-1 libldap-common_2.4.45+dfsg-1 libllvm6.0_1:6.0-3 liblsan0_8-20180425-1 liblz4-1_1.8.1.2-1 liblzma5_5.2.2-1.3 libmagic-mgc_1:5.33-2 libmagic1_1:5.33-2 libmount1_2.31.1-0.5 libmpc3_1.1.0-1 libmpdec2_2.4.2-2 libmpfr4_3.1.6-1 libmpfr6_4.0.1-1 libmpx2_8-20180425-1 libncurses5_6.1+20180210-2 libncursesw5_6.1+20180210-2 libncursesw6_6.1+20180210-2 libnettle6_3.4-1 libnghttp2-14_1.31.1-1 libobjc-7-dev_7.3.0-17 libobjc4_8-20180425-1 libp11-kit0_0.23.10-2 libpam-modules_1.1.8-3.7 libpam-modules-bin_1.1.8-3.7 libpam-runtime_1.1.8-3.7 libpam0g_1.1.8-3.7 libpcre3_2:8.39-9 libperl5.26_5.26.2-3 libpipeline1_1.5.0-1 libpsl5_0.20.1-1 libpython-all-dev_2.7.15~rc1-1 libpython-dev_2.7.15~rc1-1 libpython-stdlib_2.7.15~rc1-1 libpython2.7_2.7.15-1 libpython2.7-dev_2.7.15-1 libpython2.7-minimal_2.7.15-1 libpython2.7-stdlib_2.7.15-1 libpython3-all-dev_3.6.5-3 libpython3-dev_3.6.5-3 libpython3-stdlib_3.6.5-3 libpython3.6_3.6.5-5 libpython3.6-dev_3.6.5-5 libpython3.6-minimal_3.6.5-5 libpython3.6-stdlib_3.6.5-5 libquadmath0_8-20180425-1 libreadline7_7.0-3+b1 librtmp1_2.4+20151223.gitfa8646d.1-1+b1 libsasl2-2_2.1.27~101-g0780600+dfsg-3.1 libsasl2-modules-db_2.1.27~101-g0780600+dfsg-3.1 libseccomp2_2.3.3-1 libselinux1_2.7-2+b2 libsemanage-common_2.7-2 libsemanage1_2.7-2+b2 libsepol1_2.7-1 libsigsegv2_2.12-2 libsmartcols1_2.31.1-0.5 libsqlite3-0_3.23.1-1 libss2_1.44.1-2 libssh2-1_1.8.0-1 libssh2-1-dev_1.8.0-1 libssl1.1_1.1.0h-2 libstdc++-7-dev_7.3.0-17 libstdc++6_8-20180425-1 libsystemd0_238-4 libtasn1-6_4.13-2 libtimedate-perl_2.3000-2 libtinfo5_6.1+20180210-2 libtinfo6_6.1+20180210-2 libtool_2.4.6-2.1 libtsan0_8-20180425-1 libubsan0_7.3.0-17 libudev1_238-4 libunistring2_0.9.8-1 libustr-1.0-1_1.0.4-6 libuuid1_2.31.1-0.5 libxml2_2.9.4+dfsg1-6.1 libzstd1_1.3.4+dfsg-1 linux-libc-dev_4.15.17-1 login_1:4.5-1 m4_1.4.18-1 make_4.2.1-1 man-db_2.8.3-2 mawk_1.3.3-17+b3 mime-support_3.60 mount_2.31.1-0.5 multiarch-support_2.27-3 ncurses-base_6.1+20180210-2 ncurses-bin_6.1+20180210-2 openssl_1.1.0h-2 passwd_1:4.5-1 patch_2.7.6-2 perl_5.26.2-3 perl-base_5.26.2-3 perl-modules-5.26_5.26.2-3 po-debconf_1.0.20 python_2.7.15~rc1-1 python-all_2.7.15~rc1-1 python-all-dev_2.7.15~rc1-1 python-babel-localedata_2.4.0+dfsg.1-2 python-cffi_1.11.5-1 python-cffi-backend_1.11.5-1 python-dev_2.7.15~rc1-1 python-minimal_2.7.15~rc1-1 python-pkg-resources_39.0.1-2 python-ply_3.11-2 python-pycparser_2.18-2 python-setuptools_39.0.1-2 python-six_1.11.0-2 python2.7_2.7.15-1 python2.7-dev_2.7.15-1 python2.7-minimal_2.7.15-1 python3_3.6.5-3 python3-alabaster_0.7.8-1 python3-all_3.6.5-3 python3-all-dev_3.6.5-3 python3-babel_2.4.0+dfsg.1-2 python3-certifi_2018.1.18-3 python3-cffi_1.11.5-1 python3-cffi-backend_1.11.5-1 python3-chardet_3.0.4-1 python3-dev_3.6.5-3 python3-distutils_3.6.5-3 python3-docutils_0.14+dfsg-3 python3-idna_2.6-1 python3-imagesize_0.7.1-1 python3-jinja2_2.10-1 python3-lib2to3_3.6.5-3 python3-markupsafe_1.0-1+b1 python3-minimal_3.6.5-3 python3-packaging_17.1-1 python3-pkg-resources_39.0.1-2 python3-ply_3.11-2 python3-pycparser_2.18-2 python3-pygments_2.2.0+dfsg-1 python3-pyparsing_2.2.0+dfsg1-2 python3-requests_2.18.4-2 python3-roman_2.0.0-3 python3-setuptools_39.0.1-2 python3-six_1.11.0-2 python3-sphinx_1.7.4-1 python3-tz_2018.4-1 python3-urllib3_1.22-1 python3.6_3.6.5-5 python3.6-dev_3.6.5-5 python3.6-minimal_3.6.5-5 readline-common_7.0-3 sbuild-build-depends-core-dummy_0.invalid.0 sbuild-build-depends-python-pygit2-dummy_0.invalid.0 sed_4.4-2 sensible-utils_0.0.12 sgml-base_1.29 sphinx-common_1.7.4-1 sysvinit-utils_2.88dsf-59.10 tar_1.30+dfsg-1 tzdata_2018d-1 util-linux_2.31.1-0.5 xml-core_0.18 xz-utils_5.2.2-1.3 zlib1g_1:1.2.11.dfsg-1 zlib1g-dev_1:1.2.11.dfsg-1

+------------------------------------------------------------------------------+
| Build                                                                        |
+------------------------------------------------------------------------------+


Unpack source
-------------

gpgv: unknown type of key resource 'trustedkeys.kbx'
gpgv: keyblock resource '/sbuild-nonexistent/.gnupg/trustedkeys.kbx': General error
gpgv: Signature made Fri Jan  5 15:51:14 2018 UTC
gpgv:                using RSA key 3D983C52EB85980C46A56090357312559D1E064B
gpgv: Can't check signature: No public key
dpkg-source: warning: failed to verify signature on ./python-pygit2_0.26.3-1.dsc
dpkg-source: info: extracting python-pygit2 in /<<PKGBUILDDIR>>
dpkg-source: info: unpacking python-pygit2_0.26.3.orig.tar.gz
dpkg-source: info: unpacking python-pygit2_0.26.3-1.debian.tar.xz
dpkg-source: info: applying 0001-Remove-privacy-breach.patch
dpkg-source: info: applying 0002-Don-t-access-internet-during-build.patch
dpkg-source: info: applying 0003-Skip-broken-unit-tests-in-buildd.patch

Check disk space
----------------

Sufficient free space for build

User Environment
----------------

APT_CONFIG=/var/lib/sbuild/apt.conf
HOME=/sbuild-nonexistent
LANG=en_US.UTF-8
LC_ALL=POSIX
LOGNAME=user42
PATH=/usr/local/sbin:/usr/local/bin:/usr/sbin:/usr/bin:/sbin:/bin:/usr/games
SCHROOT_ALIAS_NAME=unstable-amd64-sbuild
SCHROOT_CHROOT_NAME=unstable-amd64-sbuild
SCHROOT_COMMAND=env
SCHROOT_GID=1001
SCHROOT_GROUP=user42
SCHROOT_SESSION_ID=unstable-amd64-sbuild-b6df51b0-0ee4-49a0-884b-e4391ec0d896
SCHROOT_UID=1001
SCHROOT_USER=user42
SHELL=/bin/sh
USER=user42

dpkg-buildpackage
-----------------

dpkg-buildpackage: info: source package python-pygit2
dpkg-buildpackage: info: source version 0.26.3-1
dpkg-buildpackage: info: source distribution unstable
dpkg-buildpackage: info: source changed by Ondej Nov <onovy@debian.org>
 dpkg-source --before-build python-pygit2-0.26.3
dpkg-buildpackage: info: host architecture amd64
dpkg-source: info: using options from python-pygit2-0.26.3/debian/source/options: --extend-diff-ignore=^[^/]*[.]egg-info/
 fakeroot debian/rules clean
dh clean --with python2,python3,sphinxdoc --buildsystem=pybuild
   dh_auto_clean -O--buildsystem=pybuild
I: pybuild base:217: python2.7 setup.py clean 
running clean
removing '/<<PKGBUILDDIR>>/.pybuild/cpython2_2.7_pygit2/build' (and everything under it)
'build/bdist.linux-amd64' does not exist -- can't clean it
'build/scripts-2.7' does not exist -- can't clean it
I: pybuild base:217: python3.6 setup.py clean 
running clean
removing '/<<PKGBUILDDIR>>/.pybuild/cpython3_3.6_pygit2/build' (and everything under it)
'build/bdist.linux-amd64' does not exist -- can't clean it
'build/scripts-3.6' does not exist -- can't clean it
   dh_clean -O--buildsystem=pybuild
 debian/rules build-arch
dh build-arch --with python2,python3,sphinxdoc --buildsystem=pybuild
   dh_update_autotools_config -a -O--buildsystem=pybuild
   dh_autoreconf -a -O--buildsystem=pybuild
   dh_auto_configure -a -O--buildsystem=pybuild
I: pybuild base:217: python2.7 setup.py config 
running config
I: pybuild base:217: python3.6 setup.py config 
running config
   dh_auto_build -a -O--buildsystem=pybuild
I: pybuild base:217: /usr/bin/python setup.py build 
running build
running build_py
creating /<<PKGBUILDDIR>>/.pybuild/cpython2_2.7_pygit2/build/pygit2
copying pygit2/settings.py -> /<<PKGBUILDDIR>>/.pybuild/cpython2_2.7_pygit2/build/pygit2
copying pygit2/credentials.py -> /<<PKGBUILDDIR>>/.pybuild/cpython2_2.7_pygit2/build/pygit2
copying pygit2/blame.py -> /<<PKGBUILDDIR>>/.pybuild/cpython2_2.7_pygit2/build/pygit2
copying pygit2/errors.py -> /<<PKGBUILDDIR>>/.pybuild/cpython2_2.7_pygit2/build/pygit2
copying pygit2/config.py -> /<<PKGBUILDDIR>>/.pybuild/cpython2_2.7_pygit2/build/pygit2
copying pygit2/py2.py -> /<<PKGBUILDDIR>>/.pybuild/cpython2_2.7_pygit2/build/pygit2
copying pygit2/utils.py -> /<<PKGBUILDDIR>>/.pybuild/cpython2_2.7_pygit2/build/pygit2
copying pygit2/py3.py -> /<<PKGBUILDDIR>>/.pybuild/cpython2_2.7_pygit2/build/pygit2
copying pygit2/ffi.py -> /<<PKGBUILDDIR>>/.pybuild/cpython2_2.7_pygit2/build/pygit2
copying pygit2/__init__.py -> /<<PKGBUILDDIR>>/.pybuild/cpython2_2.7_pygit2/build/pygit2
copying pygit2/repository.py -> /<<PKGBUILDDIR>>/.pybuild/cpython2_2.7_pygit2/build/pygit2
copying pygit2/remote.py -> /<<PKGBUILDDIR>>/.pybuild/cpython2_2.7_pygit2/build/pygit2
copying pygit2/submodule.py -> /<<PKGBUILDDIR>>/.pybuild/cpython2_2.7_pygit2/build/pygit2
copying pygit2/refspec.py -> /<<PKGBUILDDIR>>/.pybuild/cpython2_2.7_pygit2/build/pygit2
copying pygit2/_build.py -> /<<PKGBUILDDIR>>/.pybuild/cpython2_2.7_pygit2/build/pygit2
copying pygit2/index.py -> /<<PKGBUILDDIR>>/.pybuild/cpython2_2.7_pygit2/build/pygit2
copying pygit2/_run.py -> /<<PKGBUILDDIR>>/.pybuild/cpython2_2.7_pygit2/build/pygit2
copying pygit2/decl.h -> /<<PKGBUILDDIR>>/.pybuild/cpython2_2.7_pygit2/build/pygit2
running build_ext
generating cffi module 'build/temp.linux-amd64-2.7/pygit2._libgit2.c'
creating build
creating build/temp.linux-amd64-2.7
building '_pygit2' extension
creating build/temp.linux-amd64-2.7/src
x86_64-linux-gnu-gcc -pthread -DNDEBUG -g -fwrapv -O2 -Wall -Wstrict-prototypes -fno-strict-aliasing -g -O2 -fdebug-prefix-map=/<<PKGBUILDDIR>>=. -fstack-protector-strong -Wformat -Werror=format-security -Wdate-time -D_FORTIFY_SOURCE=2 -fPIC -I/usr/local/include -I/usr/include/python2.7 -c src/blob.c -o build/temp.linux-amd64-2.7/src/blob.o
x86_64-linux-gnu-gcc -pthread -DNDEBUG -g -fwrapv -O2 -Wall -Wstrict-prototypes -fno-strict-aliasing -g -O2 -fdebug-prefix-map=/<<PKGBUILDDIR>>=. -fstack-protector-strong -Wformat -Werror=format-security -Wdate-time -D_FORTIFY_SOURCE=2 -fPIC -I/usr/local/include -I/usr/include/python2.7 -c src/branch.c -o build/temp.linux-amd64-2.7/src/branch.o
x86_64-linux-gnu-gcc -pthread -DNDEBUG -g -fwrapv -O2 -Wall -Wstrict-prototypes -fno-strict-aliasing -g -O2 -fdebug-prefix-map=/<<PKGBUILDDIR>>=. -fstack-protector-strong -Wformat -Werror=format-security -Wdate-time -D_FORTIFY_SOURCE=2 -fPIC -I/usr/local/include -I/usr/include/python2.7 -c src/commit.c -o build/temp.linux-amd64-2.7/src/commit.o
x86_64-linux-gnu-gcc -pthread -DNDEBUG -g -fwrapv -O2 -Wall -Wstrict-prototypes -fno-strict-aliasing -g -O2 -fdebug-prefix-map=/<<PKGBUILDDIR>>=. -fstack-protector-strong -Wformat -Werror=format-security -Wdate-time -D_FORTIFY_SOURCE=2 -fPIC -I/usr/local/include -I/usr/include/python2.7 -c src/diff.c -o build/temp.linux-amd64-2.7/src/diff.o
x86_64-linux-gnu-gcc -pthread -DNDEBUG -g -fwrapv -O2 -Wall -Wstrict-prototypes -fno-strict-aliasing -g -O2 -fdebug-prefix-map=/<<PKGBUILDDIR>>=. -fstack-protector-strong -Wformat -Werror=format-security -Wdate-time -D_FORTIFY_SOURCE=2 -fPIC -I/usr/local/include -I/usr/include/python2.7 -c src/error.c -o build/temp.linux-amd64-2.7/src/error.o
x86_64-linux-gnu-gcc -pthread -DNDEBUG -g -fwrapv -O2 -Wall -Wstrict-prototypes -fno-strict-aliasing -g -O2 -fdebug-prefix-map=/<<PKGBUILDDIR>>=. -fstack-protector-strong -Wformat -Werror=format-security -Wdate-time -D_FORTIFY_SOURCE=2 -fPIC -I/usr/local/include -I/usr/include/python2.7 -c src/note.c -o build/temp.linux-amd64-2.7/src/note.o
x86_64-linux-gnu-gcc -pthread -DNDEBUG -g -fwrapv -O2 -Wall -Wstrict-prototypes -fno-strict-aliasing -g -O2 -fdebug-prefix-map=/<<PKGBUILDDIR>>=. -fstack-protector-strong -Wformat -Werror=format-security -Wdate-time -D_FORTIFY_SOURCE=2 -fPIC -I/usr/local/include -I/usr/include/python2.7 -c src/object.c -o build/temp.linux-amd64-2.7/src/object.o
x86_64-linux-gnu-gcc -pthread -DNDEBUG -g -fwrapv -O2 -Wall -Wstrict-prototypes -fno-strict-aliasing -g -O2 -fdebug-prefix-map=/<<PKGBUILDDIR>>=. -fstack-protector-strong -Wformat -Werror=format-security -Wdate-time -D_FORTIFY_SOURCE=2 -fPIC -I/usr/local/include -I/usr/include/python2.7 -c src/oid.c -o build/temp.linux-amd64-2.7/src/oid.o
x86_64-linux-gnu-gcc -pthread -DNDEBUG -g -fwrapv -O2 -Wall -Wstrict-prototypes -fno-strict-aliasing -g -O2 -fdebug-prefix-map=/<<PKGBUILDDIR>>=. -fstack-protector-strong -Wformat -Werror=format-security -Wdate-time -D_FORTIFY_SOURCE=2 -fPIC -I/usr/local/include -I/usr/include/python2.7 -c src/options.c -o build/temp.linux-amd64-2.7/src/options.o
x86_64-linux-gnu-gcc -pthread -DNDEBUG -g -fwrapv -O2 -Wall -Wstrict-prototypes -fno-strict-aliasing -g -O2 -fdebug-prefix-map=/<<PKGBUILDDIR>>=. -fstack-protector-strong -Wformat -Werror=format-security -Wdate-time -D_FORTIFY_SOURCE=2 -fPIC -I/usr/local/include -I/usr/include/python2.7 -c src/patch.c -o build/temp.linux-amd64-2.7/src/patch.o
x86_64-linux-gnu-gcc -pthread -DNDEBUG -g -fwrapv -O2 -Wall -Wstrict-prototypes -fno-strict-aliasing -g -O2 -fdebug-prefix-map=/<<PKGBUILDDIR>>=. -fstack-protector-strong -Wformat -Werror=format-security -Wdate-time -D_FORTIFY_SOURCE=2 -fPIC -I/usr/local/include -I/usr/include/python2.7 -c src/pygit2.c -o build/temp.linux-amd64-2.7/src/pygit2.o
x86_64-linux-gnu-gcc -pthread -DNDEBUG -g -fwrapv -O2 -Wall -Wstrict-prototypes -fno-strict-aliasing -g -O2 -fdebug-prefix-map=/<<PKGBUILDDIR>>=. -fstack-protector-strong -Wformat -Werror=format-security -Wdate-time -D_FORTIFY_SOURCE=2 -fPIC -I/usr/local/include -I/usr/include/python2.7 -c src/reference.c -o build/temp.linux-amd64-2.7/src/reference.o
x86_64-linux-gnu-gcc -pthread -DNDEBUG -g -fwrapv -O2 -Wall -Wstrict-prototypes -fno-strict-aliasing -g -O2 -fdebug-prefix-map=/<<PKGBUILDDIR>>=. -fstack-protector-strong -Wformat -Werror=format-security -Wdate-time -D_FORTIFY_SOURCE=2 -fPIC -I/usr/local/include -I/usr/include/python2.7 -c src/repository.c -o build/temp.linux-amd64-2.7/src/repository.o
x86_64-linux-gnu-gcc -pthread -DNDEBUG -g -fwrapv -O2 -Wall -Wstrict-prototypes -fno-strict-aliasing -g -O2 -fdebug-prefix-map=/<<PKGBUILDDIR>>=. -fstack-protector-strong -Wformat -Werror=format-security -Wdate-time -D_FORTIFY_SOURCE=2 -fPIC -I/usr/local/include -I/usr/include/python2.7 -c src/signature.c -o build/temp.linux-amd64-2.7/src/signature.o
x86_64-linux-gnu-gcc -pthread -DNDEBUG -g -fwrapv -O2 -Wall -Wstrict-prototypes -fno-strict-aliasing -g -O2 -fdebug-prefix-map=/<<PKGBUILDDIR>>=. -fstack-protector-strong -Wformat -Werror=format-security -Wdate-time -D_FORTIFY_SOURCE=2 -fPIC -I/usr/local/include -I/usr/include/python2.7 -c src/tag.c -o build/temp.linux-amd64-2.7/src/tag.o
x86_64-linux-gnu-gcc -pthread -DNDEBUG -g -fwrapv -O2 -Wall -Wstrict-prototypes -fno-strict-aliasing -g -O2 -fdebug-prefix-map=/<<PKGBUILDDIR>>=. -fstack-protector-strong -Wformat -Werror=format-security -Wdate-time -D_FORTIFY_SOURCE=2 -fPIC -I/usr/local/include -I/usr/include/python2.7 -c src/tree.c -o build/temp.linux-amd64-2.7/src/tree.o
x86_64-linux-gnu-gcc -pthread -DNDEBUG -g -fwrapv -O2 -Wall -Wstrict-prototypes -fno-strict-aliasing -g -O2 -fdebug-prefix-map=/<<PKGBUILDDIR>>=. -fstack-protector-strong -Wformat -Werror=format-security -Wdate-time -D_FORTIFY_SOURCE=2 -fPIC -I/usr/local/include -I/usr/include/python2.7 -c src/treebuilder.c -o build/temp.linux-amd64-2.7/src/treebuilder.o
x86_64-linux-gnu-gcc -pthread -DNDEBUG -g -fwrapv -O2 -Wall -Wstrict-prototypes -fno-strict-aliasing -g -O2 -fdebug-prefix-map=/<<PKGBUILDDIR>>=. -fstack-protector-strong -Wformat -Werror=format-security -Wdate-time -D_FORTIFY_SOURCE=2 -fPIC -I/usr/local/include -I/usr/include/python2.7 -c src/utils.c -o build/temp.linux-amd64-2.7/src/utils.o
x86_64-linux-gnu-gcc -pthread -DNDEBUG -g -fwrapv -O2 -Wall -Wstrict-prototypes -fno-strict-aliasing -g -O2 -fdebug-prefix-map=/<<PKGBUILDDIR>>=. -fstack-protector-strong -Wformat -Werror=format-security -Wdate-time -D_FORTIFY_SOURCE=2 -fPIC -I/usr/local/include -I/usr/include/python2.7 -c src/walker.c -o build/temp.linux-amd64-2.7/src/walker.o
x86_64-linux-gnu-gcc -pthread -shared -Wl,-O1 -Wl,-Bsymbolic-functions -Wl,-z,relro -fno-strict-aliasing -DNDEBUG -g -fwrapv -O2 -Wall -Wstrict-prototypes -Wdate-time -D_FORTIFY_SOURCE=2 -g -fdebug-prefix-map=/build/python2.7-jgBwco/python2.7-2.7.15=. -fstack-protector-strong -Wformat -Werror=format-security -Wl,-z,relro -Wl,-z,now -g -O2 -fdebug-prefix-map=/<<PKGBUILDDIR>>=. -fstack-protector-strong -Wformat -Werror=format-security -Wdate-time -D_FORTIFY_SOURCE=2 build/temp.linux-amd64-2.7/src/blob.o build/temp.linux-amd64-2.7/src/branch.o build/temp.linux-amd64-2.7/src/commit.o build/temp.linux-amd64-2.7/src/diff.o build/temp.linux-amd64-2.7/src/error.o build/temp.linux-amd64-2.7/src/note.o build/temp.linux-amd64-2.7/src/object.o build/temp.linux-amd64-2.7/src/oid.o build/temp.linux-amd64-2.7/src/options.o build/temp.linux-amd64-2.7/src/patch.o build/temp.linux-amd64-2.7/src/pygit2.o build/temp.linux-amd64-2.7/src/reference.o build/temp.linux-amd64-2.7/src/repository.o build/temp.linux-amd64-2.7/src/signature.o build/temp.linux-amd64-2.7/src/tag.o build/temp.linux-amd64-2.7/src/tree.o build/temp.linux-amd64-2.7/src/treebuilder.o build/temp.linux-amd64-2.7/src/utils.o build/temp.linux-amd64-2.7/src/walker.o -L/usr/local/lib -lgit2 -o /<<PKGBUILDDIR>>/.pybuild/cpython2_2.7_pygit2/build/_pygit2.so
building 'pygit2._libgit2' extension
creating build/temp.linux-amd64-2.7/build
creating build/temp.linux-amd64-2.7/build/temp.linux-amd64-2.7
x86_64-linux-gnu-gcc -pthread -DNDEBUG -g -fwrapv -O2 -Wall -Wstrict-prototypes -fno-strict-aliasing -g -O2 -fdebug-prefix-map=/<<PKGBUILDDIR>>=. -fstack-protector-strong -Wformat -Werror=format-security -Wdate-time -D_FORTIFY_SOURCE=2 -fPIC -I/usr/local/include -I/usr/include/python2.7 -c build/temp.linux-amd64-2.7/pygit2._libgit2.c -o build/temp.linux-amd64-2.7/build/temp.linux-amd64-2.7/pygit2._libgit2.o
x86_64-linux-gnu-gcc -pthread -shared -Wl,-O1 -Wl,-Bsymbolic-functions -Wl,-z,relro -fno-strict-aliasing -DNDEBUG -g -fwrapv -O2 -Wall -Wstrict-prototypes -Wdate-time -D_FORTIFY_SOURCE=2 -g -fdebug-prefix-map=/build/python2.7-jgBwco/python2.7-2.7.15=. -fstack-protector-strong -Wformat -Werror=format-security -Wl,-z,relro -Wl,-z,now -g -O2 -fdebug-prefix-map=/<<PKGBUILDDIR>>=. -fstack-protector-strong -Wformat -Werror=format-security -Wdate-time -D_FORTIFY_SOURCE=2 build/temp.linux-amd64-2.7/build/temp.linux-amd64-2.7/pygit2._libgit2.o -L/usr/local/lib -lgit2 -o /<<PKGBUILDDIR>>/.pybuild/cpython2_2.7_pygit2/build/pygit2/_libgit2.so
I: pybuild base:217: /usr/bin/python3 setup.py build 
running build
running build_py
creating /<<PKGBUILDDIR>>/.pybuild/cpython3_3.6_pygit2/build/pygit2
copying pygit2/settings.py -> /<<PKGBUILDDIR>>/.pybuild/cpython3_3.6_pygit2/build/pygit2
copying pygit2/credentials.py -> /<<PKGBUILDDIR>>/.pybuild/cpython3_3.6_pygit2/build/pygit2
copying pygit2/blame.py -> /<<PKGBUILDDIR>>/.pybuild/cpython3_3.6_pygit2/build/pygit2
copying pygit2/errors.py -> /<<PKGBUILDDIR>>/.pybuild/cpython3_3.6_pygit2/build/pygit2
copying pygit2/config.py -> /<<PKGBUILDDIR>>/.pybuild/cpython3_3.6_pygit2/build/pygit2
copying pygit2/py2.py -> /<<PKGBUILDDIR>>/.pybuild/cpython3_3.6_pygit2/build/pygit2
copying pygit2/utils.py -> /<<PKGBUILDDIR>>/.pybuild/cpython3_3.6_pygit2/build/pygit2
copying pygit2/py3.py -> /<<PKGBUILDDIR>>/.pybuild/cpython3_3.6_pygit2/build/pygit2
copying pygit2/ffi.py -> /<<PKGBUILDDIR>>/.pybuild/cpython3_3.6_pygit2/build/pygit2
copying pygit2/__init__.py -> /<<PKGBUILDDIR>>/.pybuild/cpython3_3.6_pygit2/build/pygit2
copying pygit2/repository.py -> /<<PKGBUILDDIR>>/.pybuild/cpython3_3.6_pygit2/build/pygit2
copying pygit2/remote.py -> /<<PKGBUILDDIR>>/.pybuild/cpython3_3.6_pygit2/build/pygit2
copying pygit2/submodule.py -> /<<PKGBUILDDIR>>/.pybuild/cpython3_3.6_pygit2/build/pygit2
copying pygit2/refspec.py -> /<<PKGBUILDDIR>>/.pybuild/cpython3_3.6_pygit2/build/pygit2
copying pygit2/_build.py -> /<<PKGBUILDDIR>>/.pybuild/cpython3_3.6_pygit2/build/pygit2
copying pygit2/index.py -> /<<PKGBUILDDIR>>/.pybuild/cpython3_3.6_pygit2/build/pygit2
copying pygit2/_run.py -> /<<PKGBUILDDIR>>/.pybuild/cpython3_3.6_pygit2/build/pygit2
copying pygit2/decl.h -> /<<PKGBUILDDIR>>/.pybuild/cpython3_3.6_pygit2/build/pygit2
running build_ext
generating cffi module 'build/temp.linux-amd64-3.6/pygit2._libgit2.c'
creating build/temp.linux-amd64-3.6
building '_pygit2' extension
creating build/temp.linux-amd64-3.6/src
x86_64-linux-gnu-gcc -pthread -DNDEBUG -g -fwrapv -O2 -Wall -Wstrict-prototypes -g -O2 -fdebug-prefix-map=/<<PKGBUILDDIR>>=. -fstack-protector-strong -Wformat -Werror=format-security -Wdate-time -D_FORTIFY_SOURCE=2 -fPIC -I/usr/local/include -I/usr/include/python3.6m -c src/blob.c -o build/temp.linux-amd64-3.6/src/blob.o
x86_64-linux-gnu-gcc -pthread -DNDEBUG -g -fwrapv -O2 -Wall -Wstrict-prototypes -g -O2 -fdebug-prefix-map=/<<PKGBUILDDIR>>=. -fstack-protector-strong -Wformat -Werror=format-security -Wdate-time -D_FORTIFY_SOURCE=2 -fPIC -I/usr/local/include -I/usr/include/python3.6m -c src/branch.c -o build/temp.linux-amd64-3.6/src/branch.o
x86_64-linux-gnu-gcc -pthread -DNDEBUG -g -fwrapv -O2 -Wall -Wstrict-prototypes -g -O2 -fdebug-prefix-map=/<<PKGBUILDDIR>>=. -fstack-protector-strong -Wformat -Werror=format-security -Wdate-time -D_FORTIFY_SOURCE=2 -fPIC -I/usr/local/include -I/usr/include/python3.6m -c src/commit.c -o build/temp.linux-amd64-3.6/src/commit.o
x86_64-linux-gnu-gcc -pthread -DNDEBUG -g -fwrapv -O2 -Wall -Wstrict-prototypes -g -O2 -fdebug-prefix-map=/<<PKGBUILDDIR>>=. -fstack-protector-strong -Wformat -Werror=format-security -Wdate-time -D_FORTIFY_SOURCE=2 -fPIC -I/usr/local/include -I/usr/include/python3.6m -c src/diff.c -o build/temp.linux-amd64-3.6/src/diff.o
x86_64-linux-gnu-gcc -pthread -DNDEBUG -g -fwrapv -O2 -Wall -Wstrict-prototypes -g -O2 -fdebug-prefix-map=/<<PKGBUILDDIR>>=. -fstack-protector-strong -Wformat -Werror=format-security -Wdate-time -D_FORTIFY_SOURCE=2 -fPIC -I/usr/local/include -I/usr/include/python3.6m -c src/error.c -o build/temp.linux-amd64-3.6/src/error.o
x86_64-linux-gnu-gcc -pthread -DNDEBUG -g -fwrapv -O2 -Wall -Wstrict-prototypes -g -O2 -fdebug-prefix-map=/<<PKGBUILDDIR>>=. -fstack-protector-strong -Wformat -Werror=format-security -Wdate-time -D_FORTIFY_SOURCE=2 -fPIC -I/usr/local/include -I/usr/include/python3.6m -c src/note.c -o build/temp.linux-amd64-3.6/src/note.o
x86_64-linux-gnu-gcc -pthread -DNDEBUG -g -fwrapv -O2 -Wall -Wstrict-prototypes -g -O2 -fdebug-prefix-map=/<<PKGBUILDDIR>>=. -fstack-protector-strong -Wformat -Werror=format-security -Wdate-time -D_FORTIFY_SOURCE=2 -fPIC -I/usr/local/include -I/usr/include/python3.6m -c src/object.c -o build/temp.linux-amd64-3.6/src/object.o
x86_64-linux-gnu-gcc -pthread -DNDEBUG -g -fwrapv -O2 -Wall -Wstrict-prototypes -g -O2 -fdebug-prefix-map=/<<PKGBUILDDIR>>=. -fstack-protector-strong -Wformat -Werror=format-security -Wdate-time -D_FORTIFY_SOURCE=2 -fPIC -I/usr/local/include -I/usr/include/python3.6m -c src/oid.c -o build/temp.linux-amd64-3.6/src/oid.o
x86_64-linux-gnu-gcc -pthread -DNDEBUG -g -fwrapv -O2 -Wall -Wstrict-prototypes -g -O2 -fdebug-prefix-map=/<<PKGBUILDDIR>>=. -fstack-protector-strong -Wformat -Werror=format-security -Wdate-time -D_FORTIFY_SOURCE=2 -fPIC -I/usr/local/include -I/usr/include/python3.6m -c src/options.c -o build/temp.linux-amd64-3.6/src/options.o
x86_64-linux-gnu-gcc -pthread -DNDEBUG -g -fwrapv -O2 -Wall -Wstrict-prototypes -g -O2 -fdebug-prefix-map=/<<PKGBUILDDIR>>=. -fstack-protector-strong -Wformat -Werror=format-security -Wdate-time -D_FORTIFY_SOURCE=2 -fPIC -I/usr/local/include -I/usr/include/python3.6m -c src/patch.c -o build/temp.linux-amd64-3.6/src/patch.o
x86_64-linux-gnu-gcc -pthread -DNDEBUG -g -fwrapv -O2 -Wall -Wstrict-prototypes -g -O2 -fdebug-prefix-map=/<<PKGBUILDDIR>>=. -fstack-protector-strong -Wformat -Werror=format-security -Wdate-time -D_FORTIFY_SOURCE=2 -fPIC -I/usr/local/include -I/usr/include/python3.6m -c src/pygit2.c -o build/temp.linux-amd64-3.6/src/pygit2.o
x86_64-linux-gnu-gcc -pthread -DNDEBUG -g -fwrapv -O2 -Wall -Wstrict-prototypes -g -O2 -fdebug-prefix-map=/<<PKGBUILDDIR>>=. -fstack-protector-strong -Wformat -Werror=format-security -Wdate-time -D_FORTIFY_SOURCE=2 -fPIC -I/usr/local/include -I/usr/include/python3.6m -c src/reference.c -o build/temp.linux-amd64-3.6/src/reference.o
x86_64-linux-gnu-gcc -pthread -DNDEBUG -g -fwrapv -O2 -Wall -Wstrict-prototypes -g -O2 -fdebug-prefix-map=/<<PKGBUILDDIR>>=. -fstack-protector-strong -Wformat -Werror=format-security -Wdate-time -D_FORTIFY_SOURCE=2 -fPIC -I/usr/local/include -I/usr/include/python3.6m -c src/repository.c -o build/temp.linux-amd64-3.6/src/repository.o
x86_64-linux-gnu-gcc -pthread -DNDEBUG -g -fwrapv -O2 -Wall -Wstrict-prototypes -g -O2 -fdebug-prefix-map=/<<PKGBUILDDIR>>=. -fstack-protector-strong -Wformat -Werror=format-security -Wdate-time -D_FORTIFY_SOURCE=2 -fPIC -I/usr/local/include -I/usr/include/python3.6m -c src/signature.c -o build/temp.linux-amd64-3.6/src/signature.o
x86_64-linux-gnu-gcc -pthread -DNDEBUG -g -fwrapv -O2 -Wall -Wstrict-prototypes -g -O2 -fdebug-prefix-map=/<<PKGBUILDDIR>>=. -fstack-protector-strong -Wformat -Werror=format-security -Wdate-time -D_FORTIFY_SOURCE=2 -fPIC -I/usr/local/include -I/usr/include/python3.6m -c src/tag.c -o build/temp.linux-amd64-3.6/src/tag.o
x86_64-linux-gnu-gcc -pthread -DNDEBUG -g -fwrapv -O2 -Wall -Wstrict-prototypes -g -O2 -fdebug-prefix-map=/<<PKGBUILDDIR>>=. -fstack-protector-strong -Wformat -Werror=format-security -Wdate-time -D_FORTIFY_SOURCE=2 -fPIC -I/usr/local/include -I/usr/include/python3.6m -c src/tree.c -o build/temp.linux-amd64-3.6/src/tree.o
x86_64-linux-gnu-gcc -pthread -DNDEBUG -g -fwrapv -O2 -Wall -Wstrict-prototypes -g -O2 -fdebug-prefix-map=/<<PKGBUILDDIR>>=. -fstack-protector-strong -Wformat -Werror=format-security -Wdate-time -D_FORTIFY_SOURCE=2 -fPIC -I/usr/local/include -I/usr/include/python3.6m -c src/treebuilder.c -o build/temp.linux-amd64-3.6/src/treebuilder.o
x86_64-linux-gnu-gcc -pthread -DNDEBUG -g -fwrapv -O2 -Wall -Wstrict-prototypes -g -O2 -fdebug-prefix-map=/<<PKGBUILDDIR>>=. -fstack-protector-strong -Wformat -Werror=format-security -Wdate-time -D_FORTIFY_SOURCE=2 -fPIC -I/usr/local/include -I/usr/include/python3.6m -c src/utils.c -o build/temp.linux-amd64-3.6/src/utils.o
x86_64-linux-gnu-gcc -pthread -DNDEBUG -g -fwrapv -O2 -Wall -Wstrict-prototypes -g -O2 -fdebug-prefix-map=/<<PKGBUILDDIR>>=. -fstack-protector-strong -Wformat -Werror=format-security -Wdate-time -D_FORTIFY_SOURCE=2 -fPIC -I/usr/local/include -I/usr/include/python3.6m -c src/walker.c -o build/temp.linux-amd64-3.6/src/walker.o
x86_64-linux-gnu-gcc -pthread -shared -Wl,-O1 -Wl,-Bsymbolic-functions -Wl,-z,relro -Wl,-z,relro -Wl,-z,now -g -O2 -fdebug-prefix-map=/<<PKGBUILDDIR>>=. -fstack-protector-strong -Wformat -Werror=format-security -Wdate-time -D_FORTIFY_SOURCE=2 build/temp.linux-amd64-3.6/src/blob.o build/temp.linux-amd64-3.6/src/branch.o build/temp.linux-amd64-3.6/src/commit.o build/temp.linux-amd64-3.6/src/diff.o build/temp.linux-amd64-3.6/src/error.o build/temp.linux-amd64-3.6/src/note.o build/temp.linux-amd64-3.6/src/object.o build/temp.linux-amd64-3.6/src/oid.o build/temp.linux-amd64-3.6/src/options.o build/temp.linux-amd64-3.6/src/patch.o build/temp.linux-amd64-3.6/src/pygit2.o build/temp.linux-amd64-3.6/src/reference.o build/temp.linux-amd64-3.6/src/repository.o build/temp.linux-amd64-3.6/src/signature.o build/temp.linux-amd64-3.6/src/tag.o build/temp.linux-amd64-3.6/src/tree.o build/temp.linux-amd64-3.6/src/treebuilder.o build/temp.linux-amd64-3.6/src/utils.o build/temp.linux-amd64-3.6/src/walker.o -L/usr/local/lib -lgit2 -o /<<PKGBUILDDIR>>/.pybuild/cpython3_3.6_pygit2/build/_pygit2.cpython-36m-x86_64-linux-gnu.so
building 'pygit2._libgit2' extension
creating build/temp.linux-amd64-3.6/build
creating build/temp.linux-amd64-3.6/build/temp.linux-amd64-3.6
x86_64-linux-gnu-gcc -pthread -DNDEBUG -g -fwrapv -O2 -Wall -Wstrict-prototypes -g -O2 -fdebug-prefix-map=/<<PKGBUILDDIR>>=. -fstack-protector-strong -Wformat -Werror=format-security -Wdate-time -D_FORTIFY_SOURCE=2 -fPIC -I/usr/local/include -I/usr/include/python3.6m -c build/temp.linux-amd64-3.6/pygit2._libgit2.c -o build/temp.linux-amd64-3.6/build/temp.linux-amd64-3.6/pygit2._libgit2.o
x86_64-linux-gnu-gcc -pthread -shared -Wl,-O1 -Wl,-Bsymbolic-functions -Wl,-z,relro -Wl,-z,relro -Wl,-z,now -g -O2 -fdebug-prefix-map=/<<PKGBUILDDIR>>=. -fstack-protector-strong -Wformat -Werror=format-security -Wdate-time -D_FORTIFY_SOURCE=2 build/temp.linux-amd64-3.6/build/temp.linux-amd64-3.6/pygit2._libgit2.o -L/usr/local/lib -lgit2 -o /<<PKGBUILDDIR>>/.pybuild/cpython3_3.6_pygit2/build/pygit2/_libgit2.abi3.so
   dh_auto_test -a -O--buildsystem=pybuild
I: pybuild base:217: python2.7 setup.py test 
running test
running build
running build_py
running build_ext
generating cffi module 'build/temp.linux-amd64-2.7/pygit2._libgit2.c'
already up-to-date
....s..............................................................................................................................................................................................................................ss...............................s...s.ss.........s.ss..........................................................
----------------------------------------------------------------------
Ran 339 tests in 4.029s

OK (skipped=10)
I: pybuild base:217: python3.6 setup.py test 
running test
running build
running build_py
running build_ext
generating cffi module 'build/temp.linux-amd64-3.6/pygit2._libgit2.c'
already up-to-date
Traceback (most recent call last):
  File "setup.py", line 202, in <module>
    **extra_args)
  File "/usr/lib/python3/dist-packages/setuptools/__init__.py", line 129, in setup
    return distutils.core.setup(**attrs)
  File "/usr/lib/python3.6/distutils/core.py", line 148, in setup
    dist.run_commands()
  File "/usr/lib/python3.6/distutils/dist.py", line 955, in run_commands
    self.run_command(cmd)
  File "/usr/lib/python3.6/distutils/dist.py", line 974, in run_command
    cmd_obj.run()
  File "setup.py", line 99, in run
    unittest.main(None, defaultTest='test.test_suite', argv=test_argv)
  File "/usr/lib/python3.6/unittest/main.py", line 94, in __init__
    self.parseArgs(argv)
  File "/usr/lib/python3.6/unittest/main.py", line 124, in parseArgs
    self._do_discovery([])
  File "/usr/lib/python3.6/unittest/main.py", line 229, in _do_discovery
    self.test = loader.discover(self.start, self.pattern, self.top)
  File "/usr/lib/python3.6/unittest/loader.py", line 341, in discover
    tests = list(self._find_tests(start_dir, pattern))
  File "/usr/lib/python3.6/unittest/loader.py", line 406, in _find_tests
    yield from self._find_tests(full_path, pattern, namespace)
  File "/usr/lib/python3.6/unittest/loader.py", line 398, in _find_tests
    full_path, pattern, namespace)
  File "/usr/lib/python3.6/unittest/loader.py", line 451, in _find_test_path
    msg % (mod_name, module_dir, expected_dir))
ImportError: 'test_archive' module incorrectly imported from '/<<PKGBUILDDIR>>/.pybuild/cpython3_3.6_pygit2/build/test'. Expected '/<<PKGBUILDDIR>>/test'. Is this module globally installed?
E: pybuild pybuild:336: test: plugin distutils failed with: exit code=1: python3.6 setup.py test 
dh_auto_test: pybuild --test -i python{version} -p 3.6 returned exit code 13
make: *** [debian/rules:8: build-arch] Error 25
dpkg-buildpackage: error: debian/rules build-arch subprocess returned exit status 2
--------------------------------------------------------------------------------
Build finished at 2018-05-02T13:12:32Z

Finished
--------


+------------------------------------------------------------------------------+
| Cleanup                                                                      |
+------------------------------------------------------------------------------+

Purging /<<BUILDDIR>>
Not cleaning session: cloned chroot in use
E: Build failure (dpkg-buildpackage died)

+------------------------------------------------------------------------------+
| Summary                                                                      |
+------------------------------------------------------------------------------+

Build Architecture: amd64
Build Type: any
Build-Space: 10852
Build-Time: 19
Distribution: unstable
Fail-Stage: build
Host Architecture: amd64
Install-Time: 26
Job: python-pygit2_0.26.3-1
Machine Architecture: amd64
Package: python-pygit2
Package-Time: 59
Source-Version: 0.26.3-1
Space: 10852
Status: attempted
Version: 0.26.3-1
--------------------------------------------------------------------------------
Finished at 2018-05-02T13:12:32Z
Build needed 00:00:59, 10852k disk space
E: Build failure (dpkg-buildpackage died)
DC-Status: Failed 60.135015261s
