DC-Build-Header: sparse 0.5.2-1 / 2018-05-02 13:05:55 +0000
DC-Task: type:rebuild-binarch-only source:sparse version:0.5.2-1 chroot:unstable esttime:125 logfile:/tmp/sparse_0.5.2-1_unstable_clang60.log modes:clang60:binarch-only
DC-Sbuild-call: su user42 -c 'sbuild -n --arch-any --apt-update -d unstable -v  --chroot-setup-commands=/tmp/clang60 sparse_0.5.2-1'
sbuild (Debian sbuild) 0.73.0 (23 Dec 2016) on ip-172-31-14-5.eu-central-1.compute.internal

+==============================================================================+
| sparse 0.5.2-1 (amd64)                       Wed, 02 May 2018 13:05:55 +0000 |
+==============================================================================+

Package: sparse
Version: 0.5.2-1
Source Version: 0.5.2-1
Distribution: unstable
Machine Architecture: amd64
Host Architecture: amd64
Build Architecture: amd64
Build Type: any

I: NOTICE: Log filtering will replace 'var/run/schroot/mount/unstable-amd64-sbuild-71e5432e-fbc0-47f2-a25f-b50730127912' with '<<CHROOT>>'

+------------------------------------------------------------------------------+
| Chroot Setup Commands                                                        |
+------------------------------------------------------------------------------+


/tmp/clang60
------------

+ echo 'Entering customization script...'
Entering customization script...
+ CLANG_VERSION=6.0
+ echo 'Install of clang-6.0'
Install of clang-6.0
+ apt-get update
Get:1 http://127.0.0.1:9999/debian unstable InRelease [242 kB]
Get:2 http://127.0.0.1:9999/debian unstable/main Sources.diff/Index [27.9 kB]
Get:3 http://127.0.0.1:9999/debian unstable/main amd64 Packages.diff/Index [27.9 kB]
Get:4 http://127.0.0.1:9999/debian unstable/main Sources 2018-05-02-0830.09.pdiff [16.2 kB]
Get:4 http://127.0.0.1:9999/debian unstable/main Sources 2018-05-02-0830.09.pdiff [16.2 kB]
Get:5 http://127.0.0.1:9999/debian unstable/main amd64 Packages 2018-05-02-0830.09.pdiff [1781 B]
Get:5 http://127.0.0.1:9999/debian unstable/main amd64 Packages 2018-05-02-0830.09.pdiff [1781 B]
Get:6 http://127.0.0.1:9999/debian unstable/main Translation-en [6016 kB]
Fetched 6332 kB in 2s (3381 kB/s)
Reading package lists...
+ apt-get install --yes --no-install-recommends --force-yes clang-6.0
Reading package lists...
Building dependency tree...
Reading state information...
The following additional packages will be installed:
  lib32gcc1 lib32stdc++6 libbsd0 libc6-i386 libclang-common-6.0-dev
  libclang1-6.0 libedit2 libjsoncpp1 libllvm6.0 libncurses5 libobjc-7-dev
  libobjc4
Suggested packages:
  gnustep gnustep-devel clang-6.0-doc
Recommended packages:
  llvm-6.0-dev python libomp-dev libgpm2
The following NEW packages will be installed:
  clang-6.0 lib32gcc1 lib32stdc++6 libbsd0 libc6-i386 libclang-common-6.0-dev
  libclang1-6.0 libedit2 libjsoncpp1 libllvm6.0 libncurses5 libobjc-7-dev
  libobjc4
0 upgraded, 13 newly installed, 0 to remove and 0 not upgraded.
Need to get 37.7 MB of archives.
After this operation, 187 MB of additional disk space will be used.
Get:1 http://127.0.0.1:9999/debian unstable/main amd64 libjsoncpp1 amd64 1.7.4-3 [75.6 kB]
Get:2 http://127.0.0.1:9999/debian unstable/main amd64 libbsd0 amd64 0.8.7-1 [92.1 kB]
Get:3 http://127.0.0.1:9999/debian unstable/main amd64 libncurses5 amd64 6.1+20180210-2 [95.7 kB]
Get:4 http://127.0.0.1:9999/debian unstable/main amd64 libedit2 amd64 3.1-20170329-1 [85.2 kB]
Get:5 http://127.0.0.1:9999/debian unstable/main amd64 libllvm6.0 amd64 1:6.0-3 [14.5 MB]
Get:6 http://127.0.0.1:9999/debian unstable/main amd64 libobjc4 amd64 8-20180425-1 [52.4 kB]
Get:7 http://127.0.0.1:9999/debian unstable/main amd64 libobjc-7-dev amd64 7.3.0-17 [204 kB]
Get:8 http://127.0.0.1:9999/debian unstable/main amd64 libc6-i386 amd64 2.27-3 [2855 kB]
Get:9 http://127.0.0.1:9999/debian unstable/main amd64 lib32gcc1 amd64 1:8-20180425-1 [47.8 kB]
Get:10 http://127.0.0.1:9999/debian unstable/main amd64 lib32stdc++6 amd64 8-20180425-1 [406 kB]
Get:11 http://127.0.0.1:9999/debian unstable/main amd64 libclang-common-6.0-dev amd64 1:6.0-3 [3102 kB]
Get:12 http://127.0.0.1:9999/debian unstable/main amd64 libclang1-6.0 amd64 1:6.0-3 [6995 kB]
Get:13 http://127.0.0.1:9999/debian unstable/main amd64 clang-6.0 amd64 1:6.0-3 [9175 kB]
debconf: delaying package configuration, since apt-utils is not installed
Fetched 37.7 MB in 0s (95.1 MB/s)
Selecting previously unselected package libjsoncpp1:amd64.
(Reading database ... (Reading database ... 5%(Reading database ... 10%(Reading database ... 15%(Reading database ... 20%(Reading database ... 25%(Reading database ... 30%(Reading database ... 35%(Reading database ... 40%(Reading database ... 45%(Reading database ... 50%(Reading database ... 55%(Reading database ... 60%(Reading database ... 65%(Reading database ... 70%(Reading database ... 75%(Reading database ... 80%(Reading database ... 85%(Reading database ... 90%(Reading database ... 95%(Reading database ... 100%(Reading database ... 10022 files and directories currently installed.)
Preparing to unpack .../00-libjsoncpp1_1.7.4-3_amd64.deb ...
Unpacking libjsoncpp1:amd64 (1.7.4-3) ...
Selecting previously unselected package libbsd0:amd64.
Preparing to unpack .../01-libbsd0_0.8.7-1_amd64.deb ...
Unpacking libbsd0:amd64 (0.8.7-1) ...
Selecting previously unselected package libncurses5:amd64.
Preparing to unpack .../02-libncurses5_6.1+20180210-2_amd64.deb ...
Unpacking libncurses5:amd64 (6.1+20180210-2) ...
Selecting previously unselected package libedit2:amd64.
Preparing to unpack .../03-libedit2_3.1-20170329-1_amd64.deb ...
Unpacking libedit2:amd64 (3.1-20170329-1) ...
Selecting previously unselected package libllvm6.0:amd64.
Preparing to unpack .../04-libllvm6.0_1%3a6.0-3_amd64.deb ...
Unpacking libllvm6.0:amd64 (1:6.0-3) ...
Selecting previously unselected package libobjc4:amd64.
Preparing to unpack .../05-libobjc4_8-20180425-1_amd64.deb ...
Unpacking libobjc4:amd64 (8-20180425-1) ...
Selecting previously unselected package libobjc-7-dev:amd64.
Preparing to unpack .../06-libobjc-7-dev_7.3.0-17_amd64.deb ...
Unpacking libobjc-7-dev:amd64 (7.3.0-17) ...
Selecting previously unselected package libc6-i386.
Preparing to unpack .../07-libc6-i386_2.27-3_amd64.deb ...
Unpacking libc6-i386 (2.27-3) ...
Selecting previously unselected package lib32gcc1.
Preparing to unpack .../08-lib32gcc1_1%3a8-20180425-1_amd64.deb ...
Unpacking lib32gcc1 (1:8-20180425-1) ...
Selecting previously unselected package lib32stdc++6.
Preparing to unpack .../09-lib32stdc++6_8-20180425-1_amd64.deb ...
Unpacking lib32stdc++6 (8-20180425-1) ...
Selecting previously unselected package libclang-common-6.0-dev.
Preparing to unpack .../10-libclang-common-6.0-dev_1%3a6.0-3_amd64.deb ...
Unpacking libclang-common-6.0-dev (1:6.0-3) ...
Selecting previously unselected package libclang1-6.0:amd64.
Preparing to unpack .../11-libclang1-6.0_1%3a6.0-3_amd64.deb ...
Unpacking libclang1-6.0:amd64 (1:6.0-3) ...
Selecting previously unselected package clang-6.0.
Preparing to unpack .../12-clang-6.0_1%3a6.0-3_amd64.deb ...
Unpacking clang-6.0 (1:6.0-3) ...
Setting up libncurses5:amd64 (6.1+20180210-2) ...
Setting up libobjc4:amd64 (8-20180425-1) ...
Setting up libc6-i386 (2.27-3) ...
Setting up libbsd0:amd64 (0.8.7-1) ...
Setting up libobjc-7-dev:amd64 (7.3.0-17) ...
Processing triggers for libc-bin (2.27-3) ...
Setting up lib32gcc1 (1:8-20180425-1) ...
Setting up libjsoncpp1:amd64 (1.7.4-3) ...
Setting up libedit2:amd64 (3.1-20170329-1) ...
Setting up libllvm6.0:amd64 (1:6.0-3) ...
Setting up libclang1-6.0:amd64 (1:6.0-3) ...
Setting up lib32stdc++6 (8-20180425-1) ...
Setting up libclang-common-6.0-dev (1:6.0-3) ...
Setting up clang-6.0 (1:6.0-3) ...
Processing triggers for libc-bin (2.27-3) ...
W: --force-yes is deprecated, use one of the options starting with --allow instead.
+ echo 'Replace gcc, g++ & cpp by clang'
Replace gcc, g++ & cpp by clang
+ VERSIONS='4.6 4.7 4.8 4.9 5 6 7 8'
+ cd /usr/bin
+ for VERSION in $VERSIONS
+ rm -f g++-4.6 gcc-4.6 cpp-4.6 gcc
+ ln -s clang++-6.0 g++-4.6
+ ln -s clang-6.0 gcc-4.6
+ ln -s clang-6.0 cpp-4.6
+ ln -s clang-6.0 gcc
+ echo 'gcc-4.6 hold'
+ dpkg --set-selections
dpkg: warning: package not in status nor available database at line 1: gcc-4.6
dpkg: warning: found unknown packages; this might mean the available database
is outdated, and needs to be updated through a frontend method;
please see the FAQ <https://wiki.debian.org/Teams/Dpkg/FAQ>
+ echo 'g++-4.6 hold'
+ dpkg --set-selections
dpkg: warning: package not in status nor available database at line 1: g++-4.6
dpkg: warning: found unknown packages; this might mean the available database
is outdated, and needs to be updated through a frontend method;
please see the FAQ <https://wiki.debian.org/Teams/Dpkg/FAQ>
+ for VERSION in $VERSIONS
+ rm -f g++-4.7 gcc-4.7 cpp-4.7 gcc
+ ln -s clang++-6.0 g++-4.7
+ ln -s clang-6.0 gcc-4.7
+ ln -s clang-6.0 cpp-4.7
+ ln -s clang-6.0 gcc
+ echo 'gcc-4.7 hold'
+ dpkg --set-selections
dpkg: warning: package not in status nor available database at line 1: gcc-4.7
dpkg: warning: found unknown packages; this might mean the available database
is outdated, and needs to be updated through a frontend method;
please see the FAQ <https://wiki.debian.org/Teams/Dpkg/FAQ>
+ echo 'g++-4.7 hold'
+ dpkg --set-selections
dpkg: warning: package not in status nor available database at line 1: g++-4.7
dpkg: warning: found unknown packages; this might mean the available database
is outdated, and needs to be updated through a frontend method;
please see the FAQ <https://wiki.debian.org/Teams/Dpkg/FAQ>
+ for VERSION in $VERSIONS
+ rm -f g++-4.8 gcc-4.8 cpp-4.8 gcc
+ ln -s clang++-6.0 g++-4.8
+ ln -s clang-6.0 gcc-4.8
+ ln -s clang-6.0 cpp-4.8
+ ln -s clang-6.0 gcc
+ echo 'gcc-4.8 hold'
+ dpkg --set-selections
dpkg: warning: package not in status nor available database at line 1: gcc-4.8
dpkg: warning: found unknown packages; this might mean the available database
is outdated, and needs to be updated through a frontend method;
please see the FAQ <https://wiki.debian.org/Teams/Dpkg/FAQ>
+ echo 'g++-4.8 hold'
+ dpkg --set-selections
dpkg: warning: package not in status nor available database at line 1: g++-4.8
dpkg: warning: found unknown packages; this might mean the available database
is outdated, and needs to be updated through a frontend method;
please see the FAQ <https://wiki.debian.org/Teams/Dpkg/FAQ>
+ for VERSION in $VERSIONS
+ rm -f g++-4.9 gcc-4.9 cpp-4.9 gcc
+ ln -s clang++-6.0 g++-4.9
+ ln -s clang-6.0 gcc-4.9
+ ln -s clang-6.0 cpp-4.9
+ ln -s clang-6.0 gcc
+ echo 'gcc-4.9 hold'
+ dpkg --set-selections
dpkg: warning: package not in status nor available database at line 1: gcc-4.9
dpkg: warning: found unknown packages; this might mean the available database
is outdated, and needs to be updated through a frontend method;
please see the FAQ <https://wiki.debian.org/Teams/Dpkg/FAQ>
+ echo 'g++-4.9 hold'
+ dpkg --set-selections
dpkg: warning: package not in status nor available database at line 1: g++-4.9
dpkg: warning: found unknown packages; this might mean the available database
is outdated, and needs to be updated through a frontend method;
please see the FAQ <https://wiki.debian.org/Teams/Dpkg/FAQ>
+ for VERSION in $VERSIONS
+ rm -f g++-5 gcc-5 cpp-5 gcc
+ ln -s clang++-6.0 g++-5
+ ln -s clang-6.0 gcc-5
+ ln -s clang-6.0 cpp-5
+ ln -s clang-6.0 gcc
+ echo 'gcc-5 hold'
+ dpkg --set-selections
+ echo 'g++-5 hold'
+ dpkg --set-selections
+ for VERSION in $VERSIONS
+ rm -f g++-6 gcc-6 cpp-6 gcc
+ ln -s clang++-6.0 g++-6
+ ln -s clang-6.0 gcc-6
+ ln -s clang-6.0 cpp-6
+ ln -s clang-6.0 gcc
+ echo 'gcc-6 hold'
+ dpkg --set-selections
dpkg: warning: package not in status nor available database at line 1: gcc-6
dpkg: warning: found unknown packages; this might mean the available database
is outdated, and needs to be updated through a frontend method;
please see the FAQ <https://wiki.debian.org/Teams/Dpkg/FAQ>
+ echo 'g++-6 hold'
+ dpkg --set-selections
dpkg: warning: package not in status nor available database at line 1: g++-6
dpkg: warning: found unknown packages; this might mean the available database
is outdated, and needs to be updated through a frontend method;
please see the FAQ <https://wiki.debian.org/Teams/Dpkg/FAQ>
+ for VERSION in $VERSIONS
+ rm -f g++-7 gcc-7 cpp-7 gcc
+ ln -s clang++-6.0 g++-7
+ ln -s clang-6.0 gcc-7
+ ln -s clang-6.0 cpp-7
+ ln -s clang-6.0 gcc
+ echo 'gcc-7 hold'
+ dpkg --set-selections
+ echo 'g++-7 hold'
+ dpkg --set-selections
+ for VERSION in $VERSIONS
+ rm -f g++-8 gcc-8 cpp-8 gcc
+ ln -s clang++-6.0 g++-8
+ ln -s clang-6.0 gcc-8
+ ln -s clang-6.0 cpp-8
+ ln -s clang-6.0 gcc
+ echo 'gcc-8 hold'
+ dpkg --set-selections
dpkg: warning: package not in status nor available database at line 1: gcc-8
dpkg: warning: found unknown packages; this might mean the available database
is outdated, and needs to be updated through a frontend method;
please see the FAQ <https://wiki.debian.org/Teams/Dpkg/FAQ>
+ echo 'g++-8 hold'
+ dpkg --set-selections
dpkg: warning: package not in status nor available database at line 1: g++-8
dpkg: warning: found unknown packages; this might mean the available database
is outdated, and needs to be updated through a frontend method;
please see the FAQ <https://wiki.debian.org/Teams/Dpkg/FAQ>
+ cd -
/build/sparse-yj9SFK
+ echo 'Check if gcc, g++ & cpp are actually clang'
Check if gcc, g++ & cpp are actually clang
+ gcc --version
+ grep clang
+ cpp --version
+ grep clang
+ g++ --version
+ grep clang

I: Finished running '/tmp/clang60'.

Finished processing commands.
--------------------------------------------------------------------------------

+------------------------------------------------------------------------------+
| Update chroot                                                                |
+------------------------------------------------------------------------------+

Hit:1 http://127.0.0.1:9999/debian unstable InRelease
Reading package lists...
Reading package lists...
Building dependency tree...
Reading state information...
Calculating upgrade...
0 upgraded, 0 newly installed, 0 to remove and 0 not upgraded.

+------------------------------------------------------------------------------+
| Fetch source files                                                           |
+------------------------------------------------------------------------------+


Check APT
---------

Checking available source versions...

Download source files with APT
------------------------------

Reading package lists...
NOTICE: 'sparse' packaging is maintained in the 'Git' version control system at:
https://salsa.debian.org/ukleinek/sparse.git
Please use:
git clone https://salsa.debian.org/ukleinek/sparse.git
to retrieve the latest (possibly unreleased) updates to the package.
Need to get 291 kB of source archives.
Get:1 http://127.0.0.1:9999/debian unstable/main sparse 0.5.2-1 (dsc) [1589 B]
Get:2 http://127.0.0.1:9999/debian unstable/main sparse 0.5.2-1 (tar) [283 kB]
Get:3 http://127.0.0.1:9999/debian unstable/main sparse 0.5.2-1 (diff) [6596 B]
Fetched 291 kB in 0s (1299 kB/s)
Download complete and in download only mode
I: NOTICE: Log filtering will replace 'build/sparse-yj9SFK/sparse-0.5.2' with '<<PKGBUILDDIR>>'
I: NOTICE: Log filtering will replace 'build/sparse-yj9SFK' with '<<BUILDDIR>>'

+------------------------------------------------------------------------------+
| Install build-essential                                                      |
+------------------------------------------------------------------------------+


Setup apt archive
-----------------

Merged Build-Depends: build-essential, fakeroot
Filtered Build-Depends: build-essential, fakeroot
dpkg-deb: building package 'sbuild-build-depends-core-dummy' in '/<<BUILDDIR>>/resolver-Y0x09j/apt_archive/sbuild-build-depends-core-dummy.deb'.
dpkg-scanpackages: warning: Packages in archive but missing from override file:
dpkg-scanpackages: warning:   sbuild-build-depends-core-dummy
dpkg-scanpackages: info: Wrote 1 entries to output Packages file.
Ign:1 copy:/<<BUILDDIR>>/resolver-Y0x09j/apt_archive ./ InRelease
Get:2 copy:/<<BUILDDIR>>/resolver-Y0x09j/apt_archive ./ Release [957 B]
Ign:3 copy:/<<BUILDDIR>>/resolver-Y0x09j/apt_archive ./ Release.gpg
Get:4 copy:/<<BUILDDIR>>/resolver-Y0x09j/apt_archive ./ Sources [349 B]
Get:5 copy:/<<BUILDDIR>>/resolver-Y0x09j/apt_archive ./ Packages [433 B]
Fetched 1739 B in 0s (0 B/s)
Reading package lists...
Reading package lists...

Install core build dependencies (apt-based resolver)
----------------------------------------------------

Installing build dependencies
Reading package lists...
Building dependency tree...
Reading state information...
The following NEW packages will be installed:
  sbuild-build-depends-core-dummy
0 upgraded, 1 newly installed, 0 to remove and 0 not upgraded.
Need to get 852 B of archives.
After this operation, 0 B of additional disk space will be used.
Get:1 copy:/<<BUILDDIR>>/resolver-Y0x09j/apt_archive ./ sbuild-build-depends-core-dummy 0.invalid.0 [852 B]
debconf: delaying package configuration, since apt-utils is not installed
Fetched 852 B in 0s (0 B/s)
Selecting previously unselected package sbuild-build-depends-core-dummy.
(Reading database ... 10771 files and directories currently installed.)
Preparing to unpack .../sbuild-build-depends-core-dummy_0.invalid.0_amd64.deb ...
Unpacking sbuild-build-depends-core-dummy (0.invalid.0) ...
Setting up sbuild-build-depends-core-dummy (0.invalid.0) ...

+------------------------------------------------------------------------------+
| Check architectures                                                          |
+------------------------------------------------------------------------------+

Arch check ok (amd64 included in any)

+------------------------------------------------------------------------------+
| Install package build dependencies                                           |
+------------------------------------------------------------------------------+


Setup apt archive
-----------------

Merged Build-Depends: debhelper (>= 10), libxml2-dev, libgtk2.0-dev, llvm-dev (>= 1:3.0~)
Filtered Build-Depends: debhelper (>= 10), libxml2-dev, libgtk2.0-dev, llvm-dev (>= 1:3.0~)
dpkg-deb: building package 'sbuild-build-depends-sparse-dummy' in '/<<BUILDDIR>>/resolver-Y0x09j/apt_archive/sbuild-build-depends-sparse-dummy.deb'.
dpkg-scanpackages: warning: Packages in archive but missing from override file:
dpkg-scanpackages: warning:   sbuild-build-depends-core-dummy sbuild-build-depends-sparse-dummy
dpkg-scanpackages: info: Wrote 2 entries to output Packages file.
Ign:1 copy:/<<BUILDDIR>>/resolver-Y0x09j/apt_archive ./ InRelease
Get:2 copy:/<<BUILDDIR>>/resolver-Y0x09j/apt_archive ./ Release [963 B]
Ign:3 copy:/<<BUILDDIR>>/resolver-Y0x09j/apt_archive ./ Release.gpg
Get:4 copy:/<<BUILDDIR>>/resolver-Y0x09j/apt_archive ./ Sources [526 B]
Get:5 copy:/<<BUILDDIR>>/resolver-Y0x09j/apt_archive ./ Packages [595 B]
Fetched 2084 B in 0s (0 B/s)
Reading package lists...
Reading package lists...

Install sparse build dependencies (apt-based resolver)
------------------------------------------------------

Installing build dependencies
Reading package lists...
Building dependency tree...
Reading state information...
The following additional packages will be installed:
  autoconf automake autopoint autotools-dev binfmt-support bsdmainutils
  debhelper dh-autoreconf dh-strip-nondeterminism file fontconfig
  fontconfig-config fonts-dejavu-core gettext gettext-base gir1.2-atk-1.0
  gir1.2-freedesktop gir1.2-gdkpixbuf-2.0 gir1.2-glib-2.0 gir1.2-gtk-2.0
  gir1.2-harfbuzz-0.0 gir1.2-pango-1.0 gnome-icon-theme groff-base
  gtk-update-icon-cache hicolor-icon-theme icu-devtools intltool-debian
  libarchive-zip-perl libatk1.0-0 libatk1.0-data libatk1.0-dev
  libavahi-client3 libavahi-common-data libavahi-common3 libcairo-gobject2
  libcairo-script-interpreter2 libcairo2 libcairo2-dev libcroco3 libcups2
  libdatrie1 libdbus-1-3 libelf1 libexpat1 libexpat1-dev libffi-dev
  libfile-stripnondeterminism-perl libfontconfig1 libfontconfig1-dev
  libfreetype6 libfreetype6-dev libfribidi-dev libfribidi0 libgdk-pixbuf2.0-0
  libgdk-pixbuf2.0-common libgdk-pixbuf2.0-dev libgirepository-1.0-1
  libglib2.0-0 libglib2.0-bin libglib2.0-data libglib2.0-dev
  libglib2.0-dev-bin libgraphite2-3 libgraphite2-dev libgssapi-krb5-2
  libgtk2.0-0 libgtk2.0-common libgtk2.0-dev libharfbuzz-dev
  libharfbuzz-gobject0 libharfbuzz-icu0 libharfbuzz0b libice-dev libice6
  libicu-dev libicu57 libjbig0 libjpeg62-turbo libk5crypto3 libkeyutils1
  libkrb5-3 libkrb5support0 libllvm4.0 liblzo2-2 libmagic-mgc libmagic1
  libmpdec2 libncurses-dev libncurses6 libncursesw6 libpango-1.0-0
  libpango1.0-dev libpangocairo-1.0-0 libpangoft2-1.0-0 libpangoxft-1.0-0
  libpcre16-3 libpcre3-dev libpcre32-3 libpcrecpp0v5 libpipeline1
  libpixman-1-0 libpixman-1-dev libpng-dev libpng16-16 libpthread-stubs0-dev
  libpython3-stdlib libpython3.6-minimal libpython3.6-stdlib libreadline7
  librsvg2-2 librsvg2-common libsigsegv2 libsm-dev libsm6 libsqlite3-0
  libssl1.1 libthai-data libthai0 libtiff5 libtimedate-perl libtinfo-dev
  libtool libx11-6 libx11-data libx11-dev libxau-dev libxau6 libxcb-render0
  libxcb-render0-dev libxcb-shm0 libxcb-shm0-dev libxcb1 libxcb1-dev
  libxcomposite-dev libxcomposite1 libxcursor-dev libxcursor1 libxdamage-dev
  libxdamage1 libxdmcp-dev libxdmcp6 libxext-dev libxext6 libxfixes-dev
  libxfixes3 libxft-dev libxft2 libxi-dev libxi6 libxinerama-dev libxinerama1
  libxml2 libxml2-dev libxml2-utils libxrandr-dev libxrandr2 libxrender-dev
  libxrender1 llvm llvm-4.0 llvm-4.0-dev llvm-4.0-runtime llvm-dev
  llvm-runtime lsb-base m4 man-db mime-support pkg-config po-debconf python3
  python3-distutils python3-lib2to3 python3-minimal python3.6
  python3.6-minimal readline-common shared-mime-info ucf uuid-dev x11-common
  x11proto-composite-dev x11proto-core-dev x11proto-damage-dev x11proto-dev
  x11proto-fixes-dev x11proto-input-dev x11proto-randr-dev x11proto-xext-dev
  x11proto-xinerama-dev xorg-sgml-doctools xtrans-dev zlib1g-dev
Suggested packages:
  autoconf-archive gnu-standards autoconf-doc wamerican | wordlist whois
  vacation dh-make dwz gettext-doc libasprintf-dev libgettextpo-dev groff
  libcairo2-doc cups-common libglib2.0-doc libgraphite2-utils krb5-doc
  krb5-user gvfs libgtk2.0-doc libice-doc icu-doc imagemagick libpango1.0-doc
  librsvg2-bin libsm-doc libtool-doc gfortran | fortran95-compiler gcj-jdk
  libxcb-doc libxext-doc llvm-4.0-doc m4-doc apparmor less www-browser
  libmail-box-perl python3-doc python3-tk python3-venv python3.6-venv
  python3.6-doc readline-doc
Recommended packages:
  curl | wget | lynx dbus libarchive-cpio-perl libgdk-pixbuf2.0-bin
  xdg-user-dirs libgail-common libgtk2.0-bin python krb5-locales libgpm2
  libpng-tools libltdl-dev libx11-doc libmail-sendmail-perl
The following NEW packages will be installed:
  autoconf automake autopoint autotools-dev binfmt-support bsdmainutils
  debhelper dh-autoreconf dh-strip-nondeterminism file fontconfig
  fontconfig-config fonts-dejavu-core gettext gettext-base gir1.2-atk-1.0
  gir1.2-freedesktop gir1.2-gdkpixbuf-2.0 gir1.2-glib-2.0 gir1.2-gtk-2.0
  gir1.2-harfbuzz-0.0 gir1.2-pango-1.0 gnome-icon-theme groff-base
  gtk-update-icon-cache hicolor-icon-theme icu-devtools intltool-debian
  libarchive-zip-perl libatk1.0-0 libatk1.0-data libatk1.0-dev
  libavahi-client3 libavahi-common-data libavahi-common3 libcairo-gobject2
  libcairo-script-interpreter2 libcairo2 libcairo2-dev libcroco3 libcups2
  libdatrie1 libdbus-1-3 libelf1 libexpat1 libexpat1-dev libffi-dev
  libfile-stripnondeterminism-perl libfontconfig1 libfontconfig1-dev
  libfreetype6 libfreetype6-dev libfribidi-dev libfribidi0 libgdk-pixbuf2.0-0
  libgdk-pixbuf2.0-common libgdk-pixbuf2.0-dev libgirepository-1.0-1
  libglib2.0-0 libglib2.0-bin libglib2.0-data libglib2.0-dev
  libglib2.0-dev-bin libgraphite2-3 libgraphite2-dev libgssapi-krb5-2
  libgtk2.0-0 libgtk2.0-common libgtk2.0-dev libharfbuzz-dev
  libharfbuzz-gobject0 libharfbuzz-icu0 libharfbuzz0b libice-dev libice6
  libicu-dev libicu57 libjbig0 libjpeg62-turbo libk5crypto3 libkeyutils1
  libkrb5-3 libkrb5support0 libllvm4.0 liblzo2-2 libmagic-mgc libmagic1
  libmpdec2 libncurses-dev libncurses6 libncursesw6 libpango-1.0-0
  libpango1.0-dev libpangocairo-1.0-0 libpangoft2-1.0-0 libpangoxft-1.0-0
  libpcre16-3 libpcre3-dev libpcre32-3 libpcrecpp0v5 libpipeline1
  libpixman-1-0 libpixman-1-dev libpng-dev libpng16-16 libpthread-stubs0-dev
  libpython3-stdlib libpython3.6-minimal libpython3.6-stdlib libreadline7
  librsvg2-2 librsvg2-common libsigsegv2 libsm-dev libsm6 libsqlite3-0
  libssl1.1 libthai-data libthai0 libtiff5 libtimedate-perl libtinfo-dev
  libtool libx11-6 libx11-data libx11-dev libxau-dev libxau6 libxcb-render0
  libxcb-render0-dev libxcb-shm0 libxcb-shm0-dev libxcb1 libxcb1-dev
  libxcomposite-dev libxcomposite1 libxcursor-dev libxcursor1 libxdamage-dev
  libxdamage1 libxdmcp-dev libxdmcp6 libxext-dev libxext6 libxfixes-dev
  libxfixes3 libxft-dev libxft2 libxi-dev libxi6 libxinerama-dev libxinerama1
  libxml2 libxml2-dev libxml2-utils libxrandr-dev libxrandr2 libxrender-dev
  libxrender1 llvm llvm-4.0 llvm-4.0-dev llvm-4.0-runtime llvm-dev
  llvm-runtime lsb-base m4 man-db mime-support pkg-config po-debconf python3
  python3-distutils python3-lib2to3 python3-minimal python3.6
  python3.6-minimal readline-common sbuild-build-depends-sparse-dummy
  shared-mime-info ucf uuid-dev x11-common x11proto-composite-dev
  x11proto-core-dev x11proto-damage-dev x11proto-dev x11proto-fixes-dev
  x11proto-input-dev x11proto-randr-dev x11proto-xext-dev
  x11proto-xinerama-dev xorg-sgml-doctools xtrans-dev zlib1g-dev
0 upgraded, 195 newly installed, 0 to remove and 0 not upgraded.
Need to get 133 MB of archives.
After this operation, 553 MB of additional disk space will be used.
Get:1 copy:/<<BUILDDIR>>/resolver-Y0x09j/apt_archive ./ sbuild-build-depends-sparse-dummy 0.invalid.0 [884 B]
Get:2 http://127.0.0.1:9999/debian unstable/main amd64 bsdmainutils amd64 11.1.2 [190 kB]
Get:3 http://127.0.0.1:9999/debian unstable/main amd64 groff-base amd64 1.22.3-10 [1176 kB]
Get:4 http://127.0.0.1:9999/debian unstable/main amd64 libpipeline1 amd64 1.5.0-1 [29.0 kB]
Get:5 http://127.0.0.1:9999/debian unstable/main amd64 man-db amd64 2.8.3-2 [1180 kB]
Get:6 http://127.0.0.1:9999/debian unstable/main amd64 libssl1.1 amd64 1.1.0h-2 [1352 kB]
Get:7 http://127.0.0.1:9999/debian unstable/main amd64 libpython3.6-minimal amd64 3.6.5-5 [572 kB]
Get:8 http://127.0.0.1:9999/debian unstable/main amd64 libexpat1 amd64 2.2.5-3 [96.8 kB]
Get:9 http://127.0.0.1:9999/debian unstable/main amd64 python3.6-minimal amd64 3.6.5-5 [1728 kB]
Get:10 http://127.0.0.1:9999/debian unstable/main amd64 python3-minimal amd64 3.6.5-3 [36.2 kB]
Get:11 http://127.0.0.1:9999/debian unstable/main amd64 mime-support all 3.60 [36.7 kB]
Get:12 http://127.0.0.1:9999/debian unstable/main amd64 libmpdec2 amd64 2.4.2-2 [87.2 kB]
Get:13 http://127.0.0.1:9999/debian unstable/main amd64 libncursesw6 amd64 6.1+20180210-2 [131 kB]
Get:14 http://127.0.0.1:9999/debian unstable/main amd64 readline-common all 7.0-3 [70.4 kB]
Get:15 http://127.0.0.1:9999/debian unstable/main amd64 libreadline7 amd64 7.0-3+b1 [151 kB]
Get:16 http://127.0.0.1:9999/debian unstable/main amd64 libsqlite3-0 amd64 3.23.1-1 [603 kB]
Get:17 http://127.0.0.1:9999/debian unstable/main amd64 libpython3.6-stdlib amd64 3.6.5-5 [1730 kB]
Get:18 http://127.0.0.1:9999/debian unstable/main amd64 python3.6 amd64 3.6.5-5 [229 kB]
Get:19 http://127.0.0.1:9999/debian unstable/main amd64 libpython3-stdlib amd64 3.6.5-3 [19.7 kB]
Get:20 http://127.0.0.1:9999/debian unstable/main amd64 python3 amd64 3.6.5-3 [24.1 kB]
Get:21 http://127.0.0.1:9999/debian unstable/main amd64 libmagic-mgc amd64 1:5.33-2 [234 kB]
Get:22 http://127.0.0.1:9999/debian unstable/main amd64 libmagic1 amd64 1:5.33-2 [113 kB]
Get:23 http://127.0.0.1:9999/debian unstable/main amd64 file amd64 1:5.33-2 [65.6 kB]
Get:24 http://127.0.0.1:9999/debian unstable/main amd64 gettext-base amd64 0.19.8.1-6 [122 kB]
Get:25 http://127.0.0.1:9999/debian unstable/main amd64 ucf all 3.0038 [67.8 kB]
Get:26 http://127.0.0.1:9999/debian unstable/main amd64 libsigsegv2 amd64 2.12-2 [32.8 kB]
Get:27 http://127.0.0.1:9999/debian unstable/main amd64 m4 amd64 1.4.18-1 [202 kB]
Get:28 http://127.0.0.1:9999/debian unstable/main amd64 autoconf all 2.69-11 [341 kB]
Get:29 http://127.0.0.1:9999/debian unstable/main amd64 autotools-dev all 20180224.1 [77.0 kB]
Get:30 http://127.0.0.1:9999/debian unstable/main amd64 automake all 1:1.15.1-3.1 [736 kB]
Get:31 http://127.0.0.1:9999/debian unstable/main amd64 autopoint all 0.19.8.1-6 [434 kB]
Get:32 http://127.0.0.1:9999/debian unstable/main amd64 lsb-base all 9.20170808 [28.1 kB]
Get:33 http://127.0.0.1:9999/debian unstable/main amd64 binfmt-support amd64 2.1.8-2 [61.2 kB]
Get:34 http://127.0.0.1:9999/debian unstable/main amd64 libtool all 2.4.6-2.1 [547 kB]
Get:35 http://127.0.0.1:9999/debian unstable/main amd64 dh-autoreconf all 17 [16.5 kB]
Get:36 http://127.0.0.1:9999/debian unstable/main amd64 libarchive-zip-perl all 1.60-1 [95.6 kB]
Get:37 http://127.0.0.1:9999/debian unstable/main amd64 libfile-stripnondeterminism-perl all 0.041-1 [19.9 kB]
Get:38 http://127.0.0.1:9999/debian unstable/main amd64 libtimedate-perl all 2.3000-2 [42.2 kB]
Get:39 http://127.0.0.1:9999/debian unstable/main amd64 dh-strip-nondeterminism all 0.041-1 [12.0 kB]
Get:40 http://127.0.0.1:9999/debian unstable/main amd64 libglib2.0-0 amd64 2.56.1-2 [2928 kB]
Get:41 http://127.0.0.1:9999/debian unstable/main amd64 libicu57 amd64 57.1-9 [7698 kB]
Get:42 http://127.0.0.1:9999/debian unstable/main amd64 libxml2 amd64 2.9.4+dfsg1-6.1 [725 kB]
Get:43 http://127.0.0.1:9999/debian unstable/main amd64 libcroco3 amd64 0.6.12-2 [144 kB]
Get:44 http://127.0.0.1:9999/debian unstable/main amd64 gettext amd64 0.19.8.1-6 [1302 kB]
Get:45 http://127.0.0.1:9999/debian unstable/main amd64 intltool-debian all 0.35.0+20060710.4 [26.3 kB]
Get:46 http://127.0.0.1:9999/debian unstable/main amd64 po-debconf all 1.0.20 [247 kB]
Get:47 http://127.0.0.1:9999/debian unstable/main amd64 debhelper all 11.2.1 [1013 kB]
Get:48 http://127.0.0.1:9999/debian unstable/main amd64 libpng16-16 amd64 1.6.34-1 [287 kB]
Get:49 http://127.0.0.1:9999/debian unstable/main amd64 libfreetype6 amd64 2.8.1-2 [461 kB]
Get:50 http://127.0.0.1:9999/debian unstable/main amd64 fonts-dejavu-core all 2.37-1 [1068 kB]
Get:51 http://127.0.0.1:9999/debian unstable/main amd64 fontconfig-config all 2.13.0-4 [280 kB]
Get:52 http://127.0.0.1:9999/debian unstable/main amd64 libfontconfig1 amd64 2.13.0-4 [343 kB]
Get:53 http://127.0.0.1:9999/debian unstable/main amd64 fontconfig amd64 2.13.0-4 [405 kB]
Get:54 http://127.0.0.1:9999/debian unstable/main amd64 libgirepository-1.0-1 amd64 1.56.1-1 [91.5 kB]
Get:55 http://127.0.0.1:9999/debian unstable/main amd64 gir1.2-glib-2.0 amd64 1.56.1-1 [142 kB]
Get:56 http://127.0.0.1:9999/debian unstable/main amd64 libatk1.0-data all 2.28.1-1 [145 kB]
Get:57 http://127.0.0.1:9999/debian unstable/main amd64 libatk1.0-0 amd64 2.28.1-1 [50.1 kB]
Get:58 http://127.0.0.1:9999/debian unstable/main amd64 gir1.2-atk-1.0 amd64 2.28.1-1 [25.0 kB]
Get:59 http://127.0.0.1:9999/debian unstable/main amd64 libpixman-1-0 amd64 0.34.0-2 [529 kB]
Get:60 http://127.0.0.1:9999/debian unstable/main amd64 libxau6 amd64 1:1.0.8-1+b2 [19.9 kB]
Get:61 http://127.0.0.1:9999/debian unstable/main amd64 libxdmcp6 amd64 1:1.1.2-3 [26.3 kB]
Get:62 http://127.0.0.1:9999/debian unstable/main amd64 libxcb1 amd64 1.13-1 [136 kB]
Get:63 http://127.0.0.1:9999/debian unstable/main amd64 libx11-data all 2:1.6.5-1 [292 kB]
Get:64 http://127.0.0.1:9999/debian unstable/main amd64 libx11-6 amd64 2:1.6.5-1 [749 kB]
Get:65 http://127.0.0.1:9999/debian unstable/main amd64 libxcb-render0 amd64 1.13-1 [108 kB]
Get:66 http://127.0.0.1:9999/debian unstable/main amd64 libxcb-shm0 amd64 1.13-1 [98.3 kB]
Get:67 http://127.0.0.1:9999/debian unstable/main amd64 libxext6 amd64 2:1.3.3-1+b2 [52.5 kB]
Get:68 http://127.0.0.1:9999/debian unstable/main amd64 libxrender1 amd64 1:0.9.10-1 [33.0 kB]
Get:69 http://127.0.0.1:9999/debian unstable/main amd64 libcairo2 amd64 1.15.10-3 [664 kB]
Get:70 http://127.0.0.1:9999/debian unstable/main amd64 libcairo-gobject2 amd64 1.15.10-3 [102 kB]
Get:71 http://127.0.0.1:9999/debian unstable/main amd64 gir1.2-freedesktop amd64 1.56.1-1 [19.8 kB]
Get:72 http://127.0.0.1:9999/debian unstable/main amd64 libjpeg62-turbo amd64 1:1.5.2-2+b1 [134 kB]
Get:73 http://127.0.0.1:9999/debian unstable/main amd64 libjbig0 amd64 2.1-3.1+b2 [31.0 kB]
Get:74 http://127.0.0.1:9999/debian unstable/main amd64 libtiff5 amd64 4.0.9-5 [246 kB]
Get:75 http://127.0.0.1:9999/debian unstable/main amd64 shared-mime-info amd64 1.9-2 [753 kB]
Get:76 http://127.0.0.1:9999/debian unstable/main amd64 libgdk-pixbuf2.0-common all 2.36.11-2 [312 kB]
Get:77 http://127.0.0.1:9999/debian unstable/main amd64 libgdk-pixbuf2.0-0 amd64 2.36.11-2 [172 kB]
Get:78 http://127.0.0.1:9999/debian unstable/main amd64 gir1.2-gdkpixbuf-2.0 amd64 2.36.11-2 [15.6 kB]
Get:79 http://127.0.0.1:9999/debian unstable/main amd64 libgtk2.0-common all 2.24.32-1 [2698 kB]
Get:80 http://127.0.0.1:9999/debian unstable/main amd64 libfribidi0 amd64 0.19.7-2 [45.5 kB]
Get:81 http://127.0.0.1:9999/debian unstable/main amd64 libthai-data all 0.1.27-2 [168 kB]
Get:82 http://127.0.0.1:9999/debian unstable/main amd64 libdatrie1 amd64 0.2.11-1 [37.9 kB]
Get:83 http://127.0.0.1:9999/debian unstable/main amd64 libthai0 amd64 0.1.27-2 [53.3 kB]
Get:84 http://127.0.0.1:9999/debian unstable/main amd64 libpango-1.0-0 amd64 1.42.1-1 [175 kB]
Get:85 http://127.0.0.1:9999/debian unstable/main amd64 libgraphite2-3 amd64 1.3.11-2 [85.2 kB]
Get:86 http://127.0.0.1:9999/debian unstable/main amd64 libharfbuzz0b amd64 1.7.6-1 [842 kB]
Get:87 http://127.0.0.1:9999/debian unstable/main amd64 libpangoft2-1.0-0 amd64 1.42.1-1 [59.6 kB]
Get:88 http://127.0.0.1:9999/debian unstable/main amd64 libpangocairo-1.0-0 amd64 1.42.1-1 [48.0 kB]
Get:89 http://127.0.0.1:9999/debian unstable/main amd64 libxft2 amd64 2.3.2-2 [57.2 kB]
Get:90 http://127.0.0.1:9999/debian unstable/main amd64 libpangoxft-1.0-0 amd64 1.42.1-1 [42.0 kB]
Get:91 http://127.0.0.1:9999/debian unstable/main amd64 gir1.2-pango-1.0 amd64 1.42.1-1 [48.7 kB]
Get:92 http://127.0.0.1:9999/debian unstable/main amd64 libavahi-common-data amd64 0.7-4 [122 kB]
Get:93 http://127.0.0.1:9999/debian unstable/main amd64 libavahi-common3 amd64 0.7-4 [54.4 kB]
Get:94 http://127.0.0.1:9999/debian unstable/main amd64 libdbus-1-3 amd64 1.12.8-1 [209 kB]
Get:95 http://127.0.0.1:9999/debian unstable/main amd64 libavahi-client3 amd64 0.7-4 [57.8 kB]
Get:96 http://127.0.0.1:9999/debian unstable/main amd64 libkeyutils1 amd64 1.5.9-9.2 [12.9 kB]
Get:97 http://127.0.0.1:9999/debian unstable/main amd64 libkrb5support0 amd64 1.16-2 [62.8 kB]
Get:98 http://127.0.0.1:9999/debian unstable/main amd64 libk5crypto3 amd64 1.16-2 [121 kB]
Get:99 http://127.0.0.1:9999/debian unstable/main amd64 libkrb5-3 amd64 1.16-2 [316 kB]
Get:100 http://127.0.0.1:9999/debian unstable/main amd64 libgssapi-krb5-2 amd64 1.16-2 [158 kB]
Get:101 http://127.0.0.1:9999/debian unstable/main amd64 libcups2 amd64 2.2.7-3 [320 kB]
Get:102 http://127.0.0.1:9999/debian unstable/main amd64 libxcomposite1 amd64 1:0.4.4-2 [16.5 kB]
Get:103 http://127.0.0.1:9999/debian unstable/main amd64 libxfixes3 amd64 1:5.0.3-1 [21.9 kB]
Get:104 http://127.0.0.1:9999/debian unstable/main amd64 libxcursor1 amd64 1:1.1.15-1 [36.4 kB]
Get:105 http://127.0.0.1:9999/debian unstable/main amd64 libxdamage1 amd64 1:1.1.4-3 [14.4 kB]
Get:106 http://127.0.0.1:9999/debian unstable/main amd64 libxi6 amd64 2:1.7.9-1 [82.6 kB]
Get:107 http://127.0.0.1:9999/debian unstable/main amd64 libxinerama1 amd64 2:1.1.3-1+b3 [16.7 kB]
Get:108 http://127.0.0.1:9999/debian unstable/main amd64 libxrandr2 amd64 2:1.5.1-1 [37.5 kB]
Get:109 http://127.0.0.1:9999/debian unstable/main amd64 hicolor-icon-theme all 0.17-2 [11.4 kB]
Get:110 http://127.0.0.1:9999/debian unstable/main amd64 gtk-update-icon-cache amd64 3.22.30-1 [78.8 kB]
Get:111 http://127.0.0.1:9999/debian unstable/main amd64 librsvg2-2 amd64 2.40.20-2 [302 kB]
Get:112 http://127.0.0.1:9999/debian unstable/main amd64 librsvg2-common amd64 2.40.20-2 [210 kB]
Get:113 http://127.0.0.1:9999/debian unstable/main amd64 gnome-icon-theme all 3.12.0-3 [9869 kB]
Get:114 http://127.0.0.1:9999/debian unstable/main amd64 libgtk2.0-0 amd64 2.24.32-1 [1803 kB]
Get:115 http://127.0.0.1:9999/debian unstable/main amd64 gir1.2-gtk-2.0 amd64 2.24.32-1 [213 kB]
Get:116 http://127.0.0.1:9999/debian unstable/main amd64 libharfbuzz-gobject0 amd64 1.7.6-1 [592 kB]
Get:117 http://127.0.0.1:9999/debian unstable/main amd64 gir1.2-harfbuzz-0.0 amd64 1.7.6-1 [597 kB]
Get:118 http://127.0.0.1:9999/debian unstable/main amd64 icu-devtools amd64 57.1-9 [177 kB]
Get:119 http://127.0.0.1:9999/debian unstable/main amd64 pkg-config amd64 0.29-4+b1 [63.3 kB]
Get:120 http://127.0.0.1:9999/debian unstable/main amd64 libelf1 amd64 0.170-0.4 [162 kB]
Get:121 http://127.0.0.1:9999/debian unstable/main amd64 libglib2.0-data all 2.56.1-2 [2671 kB]
Get:122 http://127.0.0.1:9999/debian unstable/main amd64 libglib2.0-bin amd64 2.56.1-2 [1702 kB]
Get:123 http://127.0.0.1:9999/debian unstable/main amd64 python3-lib2to3 all 3.6.5-3 [78.7 kB]
Get:124 http://127.0.0.1:9999/debian unstable/main amd64 python3-distutils all 3.6.5-3 [144 kB]
Get:125 http://127.0.0.1:9999/debian unstable/main amd64 libglib2.0-dev-bin amd64 2.56.1-2 [1735 kB]
Get:126 http://127.0.0.1:9999/debian unstable/main amd64 libpcre16-3 amd64 2:8.39-9 [257 kB]
Get:127 http://127.0.0.1:9999/debian unstable/main amd64 libpcre32-3 amd64 2:8.39-9 [248 kB]
Get:128 http://127.0.0.1:9999/debian unstable/main amd64 libpcrecpp0v5 amd64 2:8.39-9 [152 kB]
Get:129 http://127.0.0.1:9999/debian unstable/main amd64 libpcre3-dev amd64 2:8.39-9 [647 kB]
Get:130 http://127.0.0.1:9999/debian unstable/main amd64 zlib1g-dev amd64 1:1.2.11.dfsg-1 [214 kB]
Get:131 http://127.0.0.1:9999/debian unstable/main amd64 libglib2.0-dev amd64 2.56.1-2 [3015 kB]
Get:132 http://127.0.0.1:9999/debian unstable/main amd64 libatk1.0-dev amd64 2.28.1-1 [87.2 kB]
Get:133 http://127.0.0.1:9999/debian unstable/main amd64 liblzo2-2 amd64 2.08-1.2+b2 [55.0 kB]
Get:134 http://127.0.0.1:9999/debian unstable/main amd64 libcairo-script-interpreter2 amd64 1.15.10-3 [138 kB]
Get:135 http://127.0.0.1:9999/debian unstable/main amd64 libexpat1-dev amd64 2.2.5-3 [140 kB]
Get:136 http://127.0.0.1:9999/debian unstable/main amd64 libpng-dev amd64 1.6.34-1 [294 kB]
Get:137 http://127.0.0.1:9999/debian unstable/main amd64 libfreetype6-dev amd64 2.8.1-2 [2656 kB]
Get:138 http://127.0.0.1:9999/debian unstable/main amd64 uuid-dev amd64 2.31.1-0.5 [91.9 kB]
Get:139 http://127.0.0.1:9999/debian unstable/main amd64 libfontconfig1-dev amd64 2.13.0-4 [942 kB]
Get:140 http://127.0.0.1:9999/debian unstable/main amd64 xorg-sgml-doctools all 1:1.11-1 [21.9 kB]
Get:141 http://127.0.0.1:9999/debian unstable/main amd64 x11proto-dev all 2018.4-4 [251 kB]
Get:142 http://127.0.0.1:9999/debian unstable/main amd64 x11proto-core-dev all 2018.4-4 [3128 B]
Get:143 http://127.0.0.1:9999/debian unstable/main amd64 libxau-dev amd64 1:1.0.8-1+b2 [23.1 kB]
Get:144 http://127.0.0.1:9999/debian unstable/main amd64 libxdmcp-dev amd64 1:1.1.2-3 [42.2 kB]
Get:145 http://127.0.0.1:9999/debian unstable/main amd64 x11proto-input-dev all 2018.4-4 [3132 B]
Get:146 http://127.0.0.1:9999/debian unstable/main amd64 xtrans-dev all 1.3.5-1 [100 kB]
Get:147 http://127.0.0.1:9999/debian unstable/main amd64 libpthread-stubs0-dev amd64 0.3-4 [3866 B]
Get:148 http://127.0.0.1:9999/debian unstable/main amd64 libxcb1-dev amd64 1.13-1 [173 kB]
Get:149 http://127.0.0.1:9999/debian unstable/main amd64 libx11-dev amd64 2:1.6.5-1 [817 kB]
Get:150 http://127.0.0.1:9999/debian unstable/main amd64 libxrender-dev amd64 1:0.9.10-1 [40.8 kB]
Get:151 http://127.0.0.1:9999/debian unstable/main amd64 x11proto-xext-dev all 2018.4-4 [3128 B]
Get:152 http://127.0.0.1:9999/debian unstable/main amd64 libxext-dev amd64 2:1.3.3-1+b2 [107 kB]
Get:153 http://127.0.0.1:9999/debian unstable/main amd64 x11-common all 1:7.7+19 [251 kB]
Get:154 http://127.0.0.1:9999/debian unstable/main amd64 libice6 amd64 2:1.0.9-2 [58.7 kB]
Get:155 http://127.0.0.1:9999/debian unstable/main amd64 libsm6 amd64 2:1.2.2-1+b3 [33.3 kB]
Get:156 http://127.0.0.1:9999/debian unstable/main amd64 libice-dev amd64 2:1.0.9-2 [66.8 kB]
Get:157 http://127.0.0.1:9999/debian unstable/main amd64 libsm-dev amd64 2:1.2.2-1+b3 [35.8 kB]
Get:158 http://127.0.0.1:9999/debian unstable/main amd64 libpixman-1-dev amd64 0.34.0-2 [547 kB]
Get:159 http://127.0.0.1:9999/debian unstable/main amd64 libxcb-render0-dev amd64 1.13-1 [111 kB]
Get:160 http://127.0.0.1:9999/debian unstable/main amd64 libxcb-shm0-dev amd64 1.13-1 [99.4 kB]
Get:161 http://127.0.0.1:9999/debian unstable/main amd64 libcairo2-dev amd64 1.15.10-3 [712 kB]
Get:162 http://127.0.0.1:9999/debian unstable/main amd64 libffi-dev amd64 3.2.1-8 [156 kB]
Get:163 http://127.0.0.1:9999/debian unstable/main amd64 libfribidi-dev amd64 0.19.7-2 [64.5 kB]
Get:164 http://127.0.0.1:9999/debian unstable/main amd64 libgdk-pixbuf2.0-dev amd64 2.36.11-2 [54.8 kB]
Get:165 http://127.0.0.1:9999/debian unstable/main amd64 libgraphite2-dev amd64 1.3.11-2 [22.2 kB]
Get:166 http://127.0.0.1:9999/debian unstable/main amd64 libharfbuzz-icu0 amd64 1.7.6-1 [584 kB]
Get:167 http://127.0.0.1:9999/debian unstable/main amd64 libicu-dev amd64 57.1-9 [16.6 MB]
Get:168 http://127.0.0.1:9999/debian unstable/main amd64 libharfbuzz-dev amd64 1.7.6-1 [933 kB]
Get:169 http://127.0.0.1:9999/debian unstable/main amd64 libxft-dev amd64 2.3.2-2 [68.7 kB]
Get:170 http://127.0.0.1:9999/debian unstable/main amd64 libpango1.0-dev amd64 1.42.1-1 [311 kB]
Get:171 http://127.0.0.1:9999/debian unstable/main amd64 x11proto-xinerama-dev all 2018.4-4 [3132 B]
Get:172 http://127.0.0.1:9999/debian unstable/main amd64 libxinerama-dev amd64 2:1.1.3-1+b3 [19.0 kB]
Get:173 http://127.0.0.1:9999/debian unstable/main amd64 x11proto-fixes-dev all 1:2018.4-4 [3140 B]
Get:174 http://127.0.0.1:9999/debian unstable/main amd64 libxfixes-dev amd64 1:5.0.3-1 [23.8 kB]
Get:175 http://127.0.0.1:9999/debian unstable/main amd64 libxi-dev amd64 2:1.7.9-1 [241 kB]
Get:176 http://127.0.0.1:9999/debian unstable/main amd64 x11proto-randr-dev all 2018.4-4 [3132 B]
Get:177 http://127.0.0.1:9999/debian unstable/main amd64 libxrandr-dev amd64 2:1.5.1-1 [45.0 kB]
Get:178 http://127.0.0.1:9999/debian unstable/main amd64 libxcursor-dev amd64 1:1.1.15-1 [44.1 kB]
Get:179 http://127.0.0.1:9999/debian unstable/main amd64 x11proto-composite-dev all 1:2018.4-4 [3140 B]
Get:180 http://127.0.0.1:9999/debian unstable/main amd64 libxcomposite-dev amd64 1:0.4.4-2 [20.1 kB]
Get:181 http://127.0.0.1:9999/debian unstable/main amd64 x11proto-damage-dev all 1:2018.4-4 [3140 B]
Get:182 http://127.0.0.1:9999/debian unstable/main amd64 libxdamage-dev amd64 1:1.1.4-3 [14.3 kB]
Get:183 http://127.0.0.1:9999/debian unstable/main amd64 libxml2-utils amd64 2.9.4+dfsg1-6.1 [99.1 kB]
Get:184 http://127.0.0.1:9999/debian unstable/main amd64 libgtk2.0-dev amd64 2.24.32-1 [2690 kB]
Get:185 http://127.0.0.1:9999/debian unstable/main amd64 libllvm4.0 amd64 1:4.0.1-10 [12.4 MB]
Get:186 http://127.0.0.1:9999/debian unstable/main amd64 libncurses6 amd64 6.1+20180210-2 [101 kB]
Get:187 http://127.0.0.1:9999/debian unstable/main amd64 libncurses-dev amd64 6.1+20180210-2 [334 kB]
Get:188 http://127.0.0.1:9999/debian unstable/main amd64 libtinfo-dev amd64 6.1+20180210-2 [912 B]
Get:189 http://127.0.0.1:9999/debian unstable/main amd64 libxml2-dev amd64 2.9.4+dfsg1-6.1 [821 kB]
Get:190 http://127.0.0.1:9999/debian unstable/main amd64 llvm-4.0-runtime amd64 1:4.0.1-10 [204 kB]
Get:191 http://127.0.0.1:9999/debian unstable/main amd64 llvm-runtime amd64 1:4.0-40 [6072 B]
Get:192 http://127.0.0.1:9999/debian unstable/main amd64 llvm-4.0 amd64 1:4.0.1-10 [3935 kB]
Get:193 http://127.0.0.1:9999/debian unstable/main amd64 llvm amd64 1:4.0-40 [7912 B]
Get:194 http://127.0.0.1:9999/debian unstable/main amd64 llvm-4.0-dev amd64 1:4.0.1-10 [19.6 MB]
Get:195 http://127.0.0.1:9999/debian unstable/main amd64 llvm-dev amd64 1:4.0-40 [6336 B]
debconf: delaying package configuration, since apt-utils is not installed
Fetched 133 MB in 2s (80.6 MB/s)
Selecting previously unselected package bsdmainutils.
(Reading database ... 10771 files and directories currently installed.)
Preparing to unpack .../00-bsdmainutils_11.1.2_amd64.deb ...
Unpacking bsdmainutils (11.1.2) ...
Selecting previously unselected package groff-base.
Preparing to unpack .../01-groff-base_1.22.3-10_amd64.deb ...
Unpacking groff-base (1.22.3-10) ...
Selecting previously unselected package libpipeline1:amd64.
Preparing to unpack .../02-libpipeline1_1.5.0-1_amd64.deb ...
Unpacking libpipeline1:amd64 (1.5.0-1) ...
Selecting previously unselected package man-db.
Preparing to unpack .../03-man-db_2.8.3-2_amd64.deb ...
Unpacking man-db (2.8.3-2) ...
Selecting previously unselected package libssl1.1:amd64.
Preparing to unpack .../04-libssl1.1_1.1.0h-2_amd64.deb ...
Unpacking libssl1.1:amd64 (1.1.0h-2) ...
Selecting previously unselected package libpython3.6-minimal:amd64.
Preparing to unpack .../05-libpython3.6-minimal_3.6.5-5_amd64.deb ...
Unpacking libpython3.6-minimal:amd64 (3.6.5-5) ...
Selecting previously unselected package libexpat1:amd64.
Preparing to unpack .../06-libexpat1_2.2.5-3_amd64.deb ...
Unpacking libexpat1:amd64 (2.2.5-3) ...
Selecting previously unselected package python3.6-minimal.
Preparing to unpack .../07-python3.6-minimal_3.6.5-5_amd64.deb ...
Unpacking python3.6-minimal (3.6.5-5) ...
Selecting previously unselected package python3-minimal.
Preparing to unpack .../08-python3-minimal_3.6.5-3_amd64.deb ...
Unpacking python3-minimal (3.6.5-3) ...
Selecting previously unselected package mime-support.
Preparing to unpack .../09-mime-support_3.60_all.deb ...
Unpacking mime-support (3.60) ...
Selecting previously unselected package libmpdec2:amd64.
Preparing to unpack .../10-libmpdec2_2.4.2-2_amd64.deb ...
Unpacking libmpdec2:amd64 (2.4.2-2) ...
Selecting previously unselected package libncursesw6:amd64.
Preparing to unpack .../11-libncursesw6_6.1+20180210-2_amd64.deb ...
Unpacking libncursesw6:amd64 (6.1+20180210-2) ...
Selecting previously unselected package readline-common.
Preparing to unpack .../12-readline-common_7.0-3_all.deb ...
Unpacking readline-common (7.0-3) ...
Selecting previously unselected package libreadline7:amd64.
Preparing to unpack .../13-libreadline7_7.0-3+b1_amd64.deb ...
Unpacking libreadline7:amd64 (7.0-3+b1) ...
Selecting previously unselected package libsqlite3-0:amd64.
Preparing to unpack .../14-libsqlite3-0_3.23.1-1_amd64.deb ...
Unpacking libsqlite3-0:amd64 (3.23.1-1) ...
Selecting previously unselected package libpython3.6-stdlib:amd64.
Preparing to unpack .../15-libpython3.6-stdlib_3.6.5-5_amd64.deb ...
Unpacking libpython3.6-stdlib:amd64 (3.6.5-5) ...
Selecting previously unselected package python3.6.
Preparing to unpack .../16-python3.6_3.6.5-5_amd64.deb ...
Unpacking python3.6 (3.6.5-5) ...
Selecting previously unselected package libpython3-stdlib:amd64.
Preparing to unpack .../17-libpython3-stdlib_3.6.5-3_amd64.deb ...
Unpacking libpython3-stdlib:amd64 (3.6.5-3) ...
Setting up libssl1.1:amd64 (1.1.0h-2) ...
Setting up libpython3.6-minimal:amd64 (3.6.5-5) ...
Setting up libexpat1:amd64 (2.2.5-3) ...
Setting up python3.6-minimal (3.6.5-5) ...
Setting up python3-minimal (3.6.5-3) ...
Selecting previously unselected package python3.
(Reading database ... 12103 files and directories currently installed.)
Preparing to unpack .../000-python3_3.6.5-3_amd64.deb ...
Unpacking python3 (3.6.5-3) ...
Selecting previously unselected package libmagic-mgc.
Preparing to unpack .../001-libmagic-mgc_1%3a5.33-2_amd64.deb ...
Unpacking libmagic-mgc (1:5.33-2) ...
Selecting previously unselected package libmagic1:amd64.
Preparing to unpack .../002-libmagic1_1%3a5.33-2_amd64.deb ...
Unpacking libmagic1:amd64 (1:5.33-2) ...
Selecting previously unselected package file.
Preparing to unpack .../003-file_1%3a5.33-2_amd64.deb ...
Unpacking file (1:5.33-2) ...
Selecting previously unselected package gettext-base.
Preparing to unpack .../004-gettext-base_0.19.8.1-6_amd64.deb ...
Unpacking gettext-base (0.19.8.1-6) ...
Selecting previously unselected package ucf.
Preparing to unpack .../005-ucf_3.0038_all.deb ...
Moving old data out of the way
Unpacking ucf (3.0038) ...
Selecting previously unselected package libsigsegv2:amd64.
Preparing to unpack .../006-libsigsegv2_2.12-2_amd64.deb ...
Unpacking libsigsegv2:amd64 (2.12-2) ...
Selecting previously unselected package m4.
Preparing to unpack .../007-m4_1.4.18-1_amd64.deb ...
Unpacking m4 (1.4.18-1) ...
Selecting previously unselected package autoconf.
Preparing to unpack .../008-autoconf_2.69-11_all.deb ...
Unpacking autoconf (2.69-11) ...
Selecting previously unselected package autotools-dev.
Preparing to unpack .../009-autotools-dev_20180224.1_all.deb ...
Unpacking autotools-dev (20180224.1) ...
Selecting previously unselected package automake.
Preparing to unpack .../010-automake_1%3a1.15.1-3.1_all.deb ...
Unpacking automake (1:1.15.1-3.1) ...
Selecting previously unselected package autopoint.
Preparing to unpack .../011-autopoint_0.19.8.1-6_all.deb ...
Unpacking autopoint (0.19.8.1-6) ...
Selecting previously unselected package lsb-base.
Preparing to unpack .../012-lsb-base_9.20170808_all.deb ...
Unpacking lsb-base (9.20170808) ...
Selecting previously unselected package binfmt-support.
Preparing to unpack .../013-binfmt-support_2.1.8-2_amd64.deb ...
Unpacking binfmt-support (2.1.8-2) ...
Selecting previously unselected package libtool.
Preparing to unpack .../014-libtool_2.4.6-2.1_all.deb ...
Unpacking libtool (2.4.6-2.1) ...
Selecting previously unselected package dh-autoreconf.
Preparing to unpack .../015-dh-autoreconf_17_all.deb ...
Unpacking dh-autoreconf (17) ...
Selecting previously unselected package libarchive-zip-perl.
Preparing to unpack .../016-libarchive-zip-perl_1.60-1_all.deb ...
Unpacking libarchive-zip-perl (1.60-1) ...
Selecting previously unselected package libfile-stripnondeterminism-perl.
Preparing to unpack .../017-libfile-stripnondeterminism-perl_0.041-1_all.deb ...
Unpacking libfile-stripnondeterminism-perl (0.041-1) ...
Selecting previously unselected package libtimedate-perl.
Preparing to unpack .../018-libtimedate-perl_2.3000-2_all.deb ...
Unpacking libtimedate-perl (2.3000-2) ...
Selecting previously unselected package dh-strip-nondeterminism.
Preparing to unpack .../019-dh-strip-nondeterminism_0.041-1_all.deb ...
Unpacking dh-strip-nondeterminism (0.041-1) ...
Selecting previously unselected package libglib2.0-0:amd64.
Preparing to unpack .../020-libglib2.0-0_2.56.1-2_amd64.deb ...
Unpacking libglib2.0-0:amd64 (2.56.1-2) ...
Selecting previously unselected package libicu57:amd64.
Preparing to unpack .../021-libicu57_57.1-9_amd64.deb ...
Unpacking libicu57:amd64 (57.1-9) ...
Selecting previously unselected package libxml2:amd64.
Preparing to unpack .../022-libxml2_2.9.4+dfsg1-6.1_amd64.deb ...
Unpacking libxml2:amd64 (2.9.4+dfsg1-6.1) ...
Selecting previously unselected package libcroco3:amd64.
Preparing to unpack .../023-libcroco3_0.6.12-2_amd64.deb ...
Unpacking libcroco3:amd64 (0.6.12-2) ...
Selecting previously unselected package gettext.
Preparing to unpack .../024-gettext_0.19.8.1-6_amd64.deb ...
Unpacking gettext (0.19.8.1-6) ...
Selecting previously unselected package intltool-debian.
Preparing to unpack .../025-intltool-debian_0.35.0+20060710.4_all.deb ...
Unpacking intltool-debian (0.35.0+20060710.4) ...
Selecting previously unselected package po-debconf.
Preparing to unpack .../026-po-debconf_1.0.20_all.deb ...
Unpacking po-debconf (1.0.20) ...
Selecting previously unselected package debhelper.
Preparing to unpack .../027-debhelper_11.2.1_all.deb ...
Unpacking debhelper (11.2.1) ...
Selecting previously unselected package libpng16-16:amd64.
Preparing to unpack .../028-libpng16-16_1.6.34-1_amd64.deb ...
Unpacking libpng16-16:amd64 (1.6.34-1) ...
Selecting previously unselected package libfreetype6:amd64.
Preparing to unpack .../029-libfreetype6_2.8.1-2_amd64.deb ...
Unpacking libfreetype6:amd64 (2.8.1-2) ...
Selecting previously unselected package fonts-dejavu-core.
Preparing to unpack .../030-fonts-dejavu-core_2.37-1_all.deb ...
Unpacking fonts-dejavu-core (2.37-1) ...
Selecting previously unselected package fontconfig-config.
Preparing to unpack .../031-fontconfig-config_2.13.0-4_all.deb ...
Unpacking fontconfig-config (2.13.0-4) ...
Selecting previously unselected package libfontconfig1:amd64.
Preparing to unpack .../032-libfontconfig1_2.13.0-4_amd64.deb ...
Unpacking libfontconfig1:amd64 (2.13.0-4) ...
Selecting previously unselected package fontconfig.
Preparing to unpack .../033-fontconfig_2.13.0-4_amd64.deb ...
Unpacking fontconfig (2.13.0-4) ...
Selecting previously unselected package libgirepository-1.0-1:amd64.
Preparing to unpack .../034-libgirepository-1.0-1_1.56.1-1_amd64.deb ...
Unpacking libgirepository-1.0-1:amd64 (1.56.1-1) ...
Selecting previously unselected package gir1.2-glib-2.0:amd64.
Preparing to unpack .../035-gir1.2-glib-2.0_1.56.1-1_amd64.deb ...
Unpacking gir1.2-glib-2.0:amd64 (1.56.1-1) ...
Selecting previously unselected package libatk1.0-data.
Preparing to unpack .../036-libatk1.0-data_2.28.1-1_all.deb ...
Unpacking libatk1.0-data (2.28.1-1) ...
Selecting previously unselected package libatk1.0-0:amd64.
Preparing to unpack .../037-libatk1.0-0_2.28.1-1_amd64.deb ...
Unpacking libatk1.0-0:amd64 (2.28.1-1) ...
Selecting previously unselected package gir1.2-atk-1.0:amd64.
Preparing to unpack .../038-gir1.2-atk-1.0_2.28.1-1_amd64.deb ...
Unpacking gir1.2-atk-1.0:amd64 (2.28.1-1) ...
Selecting previously unselected package libpixman-1-0:amd64.
Preparing to unpack .../039-libpixman-1-0_0.34.0-2_amd64.deb ...
Unpacking libpixman-1-0:amd64 (0.34.0-2) ...
Selecting previously unselected package libxau6:amd64.
Preparing to unpack .../040-libxau6_1%3a1.0.8-1+b2_amd64.deb ...
Unpacking libxau6:amd64 (1:1.0.8-1+b2) ...
Selecting previously unselected package libxdmcp6:amd64.
Preparing to unpack .../041-libxdmcp6_1%3a1.1.2-3_amd64.deb ...
Unpacking libxdmcp6:amd64 (1:1.1.2-3) ...
Selecting previously unselected package libxcb1:amd64.
Preparing to unpack .../042-libxcb1_1.13-1_amd64.deb ...
Unpacking libxcb1:amd64 (1.13-1) ...
Selecting previously unselected package libx11-data.
Preparing to unpack .../043-libx11-data_2%3a1.6.5-1_all.deb ...
Unpacking libx11-data (2:1.6.5-1) ...
Selecting previously unselected package libx11-6:amd64.
Preparing to unpack .../044-libx11-6_2%3a1.6.5-1_amd64.deb ...
Unpacking libx11-6:amd64 (2:1.6.5-1) ...
Selecting previously unselected package libxcb-render0:amd64.
Preparing to unpack .../045-libxcb-render0_1.13-1_amd64.deb ...
Unpacking libxcb-render0:amd64 (1.13-1) ...
Selecting previously unselected package libxcb-shm0:amd64.
Preparing to unpack .../046-libxcb-shm0_1.13-1_amd64.deb ...
Unpacking libxcb-shm0:amd64 (1.13-1) ...
Selecting previously unselected package libxext6:amd64.
Preparing to unpack .../047-libxext6_2%3a1.3.3-1+b2_amd64.deb ...
Unpacking libxext6:amd64 (2:1.3.3-1+b2) ...
Selecting previously unselected package libxrender1:amd64.
Preparing to unpack .../048-libxrender1_1%3a0.9.10-1_amd64.deb ...
Unpacking libxrender1:amd64 (1:0.9.10-1) ...
Selecting previously unselected package libcairo2:amd64.
Preparing to unpack .../049-libcairo2_1.15.10-3_amd64.deb ...
Unpacking libcairo2:amd64 (1.15.10-3) ...
Selecting previously unselected package libcairo-gobject2:amd64.
Preparing to unpack .../050-libcairo-gobject2_1.15.10-3_amd64.deb ...
Unpacking libcairo-gobject2:amd64 (1.15.10-3) ...
Selecting previously unselected package gir1.2-freedesktop:amd64.
Preparing to unpack .../051-gir1.2-freedesktop_1.56.1-1_amd64.deb ...
Unpacking gir1.2-freedesktop:amd64 (1.56.1-1) ...
Selecting previously unselected package libjpeg62-turbo:amd64.
Preparing to unpack .../052-libjpeg62-turbo_1%3a1.5.2-2+b1_amd64.deb ...
Unpacking libjpeg62-turbo:amd64 (1:1.5.2-2+b1) ...
Selecting previously unselected package libjbig0:amd64.
Preparing to unpack .../053-libjbig0_2.1-3.1+b2_amd64.deb ...
Unpacking libjbig0:amd64 (2.1-3.1+b2) ...
Selecting previously unselected package libtiff5:amd64.
Preparing to unpack .../054-libtiff5_4.0.9-5_amd64.deb ...
Unpacking libtiff5:amd64 (4.0.9-5) ...
Selecting previously unselected package shared-mime-info.
Preparing to unpack .../055-shared-mime-info_1.9-2_amd64.deb ...
Unpacking shared-mime-info (1.9-2) ...
Selecting previously unselected package libgdk-pixbuf2.0-common.
Preparing to unpack .../056-libgdk-pixbuf2.0-common_2.36.11-2_all.deb ...
Unpacking libgdk-pixbuf2.0-common (2.36.11-2) ...
Selecting previously unselected package libgdk-pixbuf2.0-0:amd64.
Preparing to unpack .../057-libgdk-pixbuf2.0-0_2.36.11-2_amd64.deb ...
Unpacking libgdk-pixbuf2.0-0:amd64 (2.36.11-2) ...
Selecting previously unselected package gir1.2-gdkpixbuf-2.0:amd64.
Preparing to unpack .../058-gir1.2-gdkpixbuf-2.0_2.36.11-2_amd64.deb ...
Unpacking gir1.2-gdkpixbuf-2.0:amd64 (2.36.11-2) ...
Selecting previously unselected package libgtk2.0-common.
Preparing to unpack .../059-libgtk2.0-common_2.24.32-1_all.deb ...
Unpacking libgtk2.0-common (2.24.32-1) ...
Selecting previously unselected package libfribidi0:amd64.
Preparing to unpack .../060-libfribidi0_0.19.7-2_amd64.deb ...
Unpacking libfribidi0:amd64 (0.19.7-2) ...
Selecting previously unselected package libthai-data.
Preparing to unpack .../061-libthai-data_0.1.27-2_all.deb ...
Unpacking libthai-data (0.1.27-2) ...
Selecting previously unselected package libdatrie1:amd64.
Preparing to unpack .../062-libdatrie1_0.2.11-1_amd64.deb ...
Unpacking libdatrie1:amd64 (0.2.11-1) ...
Selecting previously unselected package libthai0:amd64.
Preparing to unpack .../063-libthai0_0.1.27-2_amd64.deb ...
Unpacking libthai0:amd64 (0.1.27-2) ...
Selecting previously unselected package libpango-1.0-0:amd64.
Preparing to unpack .../064-libpango-1.0-0_1.42.1-1_amd64.deb ...
Unpacking libpango-1.0-0:amd64 (1.42.1-1) ...
Selecting previously unselected package libgraphite2-3:amd64.
Preparing to unpack .../065-libgraphite2-3_1.3.11-2_amd64.deb ...
Unpacking libgraphite2-3:amd64 (1.3.11-2) ...
Selecting previously unselected package libharfbuzz0b:amd64.
Preparing to unpack .../066-libharfbuzz0b_1.7.6-1_amd64.deb ...
Unpacking libharfbuzz0b:amd64 (1.7.6-1) ...
Selecting previously unselected package libpangoft2-1.0-0:amd64.
Preparing to unpack .../067-libpangoft2-1.0-0_1.42.1-1_amd64.deb ...
Unpacking libpangoft2-1.0-0:amd64 (1.42.1-1) ...
Selecting previously unselected package libpangocairo-1.0-0:amd64.
Preparing to unpack .../068-libpangocairo-1.0-0_1.42.1-1_amd64.deb ...
Unpacking libpangocairo-1.0-0:amd64 (1.42.1-1) ...
Selecting previously unselected package libxft2:amd64.
Preparing to unpack .../069-libxft2_2.3.2-2_amd64.deb ...
Unpacking libxft2:amd64 (2.3.2-2) ...
Selecting previously unselected package libpangoxft-1.0-0:amd64.
Preparing to unpack .../070-libpangoxft-1.0-0_1.42.1-1_amd64.deb ...
Unpacking libpangoxft-1.0-0:amd64 (1.42.1-1) ...
Selecting previously unselected package gir1.2-pango-1.0:amd64.
Preparing to unpack .../071-gir1.2-pango-1.0_1.42.1-1_amd64.deb ...
Unpacking gir1.2-pango-1.0:amd64 (1.42.1-1) ...
Selecting previously unselected package libavahi-common-data:amd64.
Preparing to unpack .../072-libavahi-common-data_0.7-4_amd64.deb ...
Unpacking libavahi-common-data:amd64 (0.7-4) ...
Selecting previously unselected package libavahi-common3:amd64.
Preparing to unpack .../073-libavahi-common3_0.7-4_amd64.deb ...
Unpacking libavahi-common3:amd64 (0.7-4) ...
Selecting previously unselected package libdbus-1-3:amd64.
Preparing to unpack .../074-libdbus-1-3_1.12.8-1_amd64.deb ...
Unpacking libdbus-1-3:amd64 (1.12.8-1) ...
Selecting previously unselected package libavahi-client3:amd64.
Preparing to unpack .../075-libavahi-client3_0.7-4_amd64.deb ...
Unpacking libavahi-client3:amd64 (0.7-4) ...
Selecting previously unselected package libkeyutils1:amd64.
Preparing to unpack .../076-libkeyutils1_1.5.9-9.2_amd64.deb ...
Unpacking libkeyutils1:amd64 (1.5.9-9.2) ...
Selecting previously unselected package libkrb5support0:amd64.
Preparing to unpack .../077-libkrb5support0_1.16-2_amd64.deb ...
Unpacking libkrb5support0:amd64 (1.16-2) ...
Selecting previously unselected package libk5crypto3:amd64.
Preparing to unpack .../078-libk5crypto3_1.16-2_amd64.deb ...
Unpacking libk5crypto3:amd64 (1.16-2) ...
Selecting previously unselected package libkrb5-3:amd64.
Preparing to unpack .../079-libkrb5-3_1.16-2_amd64.deb ...
Unpacking libkrb5-3:amd64 (1.16-2) ...
Selecting previously unselected package libgssapi-krb5-2:amd64.
Preparing to unpack .../080-libgssapi-krb5-2_1.16-2_amd64.deb ...
Unpacking libgssapi-krb5-2:amd64 (1.16-2) ...
Selecting previously unselected package libcups2:amd64.
Preparing to unpack .../081-libcups2_2.2.7-3_amd64.deb ...
Unpacking libcups2:amd64 (2.2.7-3) ...
Selecting previously unselected package libxcomposite1:amd64.
Preparing to unpack .../082-libxcomposite1_1%3a0.4.4-2_amd64.deb ...
Unpacking libxcomposite1:amd64 (1:0.4.4-2) ...
Selecting previously unselected package libxfixes3:amd64.
Preparing to unpack .../083-libxfixes3_1%3a5.0.3-1_amd64.deb ...
Unpacking libxfixes3:amd64 (1:5.0.3-1) ...
Selecting previously unselected package libxcursor1:amd64.
Preparing to unpack .../084-libxcursor1_1%3a1.1.15-1_amd64.deb ...
Unpacking libxcursor1:amd64 (1:1.1.15-1) ...
Selecting previously unselected package libxdamage1:amd64.
Preparing to unpack .../085-libxdamage1_1%3a1.1.4-3_amd64.deb ...
Unpacking libxdamage1:amd64 (1:1.1.4-3) ...
Selecting previously unselected package libxi6:amd64.
Preparing to unpack .../086-libxi6_2%3a1.7.9-1_amd64.deb ...
Unpacking libxi6:amd64 (2:1.7.9-1) ...
Selecting previously unselected package libxinerama1:amd64.
Preparing to unpack .../087-libxinerama1_2%3a1.1.3-1+b3_amd64.deb ...
Unpacking libxinerama1:amd64 (2:1.1.3-1+b3) ...
Selecting previously unselected package libxrandr2:amd64.
Preparing to unpack .../088-libxrandr2_2%3a1.5.1-1_amd64.deb ...
Unpacking libxrandr2:amd64 (2:1.5.1-1) ...
Selecting previously unselected package hicolor-icon-theme.
Preparing to unpack .../089-hicolor-icon-theme_0.17-2_all.deb ...
Unpacking hicolor-icon-theme (0.17-2) ...
Selecting previously unselected package gtk-update-icon-cache.
Preparing to unpack .../090-gtk-update-icon-cache_3.22.30-1_amd64.deb ...
No diversion 'diversion of /usr/sbin/update-icon-caches to /usr/sbin/update-icon-caches.gtk2 by libgtk-3-bin', none removed.
No diversion 'diversion of /usr/share/man/man8/update-icon-caches.8.gz to /usr/share/man/man8/update-icon-caches.gtk2.8.gz by libgtk-3-bin', none removed.
Unpacking gtk-update-icon-cache (3.22.30-1) ...
Selecting previously unselected package librsvg2-2:amd64.
Preparing to unpack .../091-librsvg2-2_2.40.20-2_amd64.deb ...
Unpacking librsvg2-2:amd64 (2.40.20-2) ...
Selecting previously unselected package librsvg2-common:amd64.
Preparing to unpack .../092-librsvg2-common_2.40.20-2_amd64.deb ...
Unpacking librsvg2-common:amd64 (2.40.20-2) ...
Selecting previously unselected package gnome-icon-theme.
Preparing to unpack .../093-gnome-icon-theme_3.12.0-3_all.deb ...
Unpacking gnome-icon-theme (3.12.0-3) ...
Selecting previously unselected package libgtk2.0-0:amd64.
Preparing to unpack .../094-libgtk2.0-0_2.24.32-1_amd64.deb ...
Unpacking libgtk2.0-0:amd64 (2.24.32-1) ...
Selecting previously unselected package gir1.2-gtk-2.0.
Preparing to unpack .../095-gir1.2-gtk-2.0_2.24.32-1_amd64.deb ...
Unpacking gir1.2-gtk-2.0 (2.24.32-1) ...
Selecting previously unselected package libharfbuzz-gobject0:amd64.
Preparing to unpack .../096-libharfbuzz-gobject0_1.7.6-1_amd64.deb ...
Unpacking libharfbuzz-gobject0:amd64 (1.7.6-1) ...
Selecting previously unselected package gir1.2-harfbuzz-0.0:amd64.
Preparing to unpack .../097-gir1.2-harfbuzz-0.0_1.7.6-1_amd64.deb ...
Unpacking gir1.2-harfbuzz-0.0:amd64 (1.7.6-1) ...
Selecting previously unselected package icu-devtools.
Preparing to unpack .../098-icu-devtools_57.1-9_amd64.deb ...
Unpacking icu-devtools (57.1-9) ...
Selecting previously unselected package pkg-config.
Preparing to unpack .../099-pkg-config_0.29-4+b1_amd64.deb ...
Unpacking pkg-config (0.29-4+b1) ...
Selecting previously unselected package libelf1:amd64.
Preparing to unpack .../100-libelf1_0.170-0.4_amd64.deb ...
Unpacking libelf1:amd64 (0.170-0.4) ...
Selecting previously unselected package libglib2.0-data.
Preparing to unpack .../101-libglib2.0-data_2.56.1-2_all.deb ...
Unpacking libglib2.0-data (2.56.1-2) ...
Selecting previously unselected package libglib2.0-bin.
Preparing to unpack .../102-libglib2.0-bin_2.56.1-2_amd64.deb ...
Unpacking libglib2.0-bin (2.56.1-2) ...
Selecting previously unselected package python3-lib2to3.
Preparing to unpack .../103-python3-lib2to3_3.6.5-3_all.deb ...
Unpacking python3-lib2to3 (3.6.5-3) ...
Selecting previously unselected package python3-distutils.
Preparing to unpack .../104-python3-distutils_3.6.5-3_all.deb ...
Unpacking python3-distutils (3.6.5-3) ...
Selecting previously unselected package libglib2.0-dev-bin.
Preparing to unpack .../105-libglib2.0-dev-bin_2.56.1-2_amd64.deb ...
Unpacking libglib2.0-dev-bin (2.56.1-2) ...
Selecting previously unselected package libpcre16-3:amd64.
Preparing to unpack .../106-libpcre16-3_2%3a8.39-9_amd64.deb ...
Unpacking libpcre16-3:amd64 (2:8.39-9) ...
Selecting previously unselected package libpcre32-3:amd64.
Preparing to unpack .../107-libpcre32-3_2%3a8.39-9_amd64.deb ...
Unpacking libpcre32-3:amd64 (2:8.39-9) ...
Selecting previously unselected package libpcrecpp0v5:amd64.
Preparing to unpack .../108-libpcrecpp0v5_2%3a8.39-9_amd64.deb ...
Unpacking libpcrecpp0v5:amd64 (2:8.39-9) ...
Selecting previously unselected package libpcre3-dev:amd64.
Preparing to unpack .../109-libpcre3-dev_2%3a8.39-9_amd64.deb ...
Unpacking libpcre3-dev:amd64 (2:8.39-9) ...
Selecting previously unselected package zlib1g-dev:amd64.
Preparing to unpack .../110-zlib1g-dev_1%3a1.2.11.dfsg-1_amd64.deb ...
Unpacking zlib1g-dev:amd64 (1:1.2.11.dfsg-1) ...
Selecting previously unselected package libglib2.0-dev:amd64.
Preparing to unpack .../111-libglib2.0-dev_2.56.1-2_amd64.deb ...
Unpacking libglib2.0-dev:amd64 (2.56.1-2) ...
Selecting previously unselected package libatk1.0-dev:amd64.
Preparing to unpack .../112-libatk1.0-dev_2.28.1-1_amd64.deb ...
Unpacking libatk1.0-dev:amd64 (2.28.1-1) ...
Selecting previously unselected package liblzo2-2:amd64.
Preparing to unpack .../113-liblzo2-2_2.08-1.2+b2_amd64.deb ...
Unpacking liblzo2-2:amd64 (2.08-1.2+b2) ...
Selecting previously unselected package libcairo-script-interpreter2:amd64.
Preparing to unpack .../114-libcairo-script-interpreter2_1.15.10-3_amd64.deb ...
Unpacking libcairo-script-interpreter2:amd64 (1.15.10-3) ...
Selecting previously unselected package libexpat1-dev:amd64.
Preparing to unpack .../115-libexpat1-dev_2.2.5-3_amd64.deb ...
Unpacking libexpat1-dev:amd64 (2.2.5-3) ...
Selecting previously unselected package libpng-dev:amd64.
Preparing to unpack .../116-libpng-dev_1.6.34-1_amd64.deb ...
Unpacking libpng-dev:amd64 (1.6.34-1) ...
Selecting previously unselected package libfreetype6-dev:amd64.
Preparing to unpack .../117-libfreetype6-dev_2.8.1-2_amd64.deb ...
Unpacking libfreetype6-dev:amd64 (2.8.1-2) ...
Selecting previously unselected package uuid-dev:amd64.
Preparing to unpack .../118-uuid-dev_2.31.1-0.5_amd64.deb ...
Unpacking uuid-dev:amd64 (2.31.1-0.5) ...
Selecting previously unselected package libfontconfig1-dev:amd64.
Preparing to unpack .../119-libfontconfig1-dev_2.13.0-4_amd64.deb ...
Unpacking libfontconfig1-dev:amd64 (2.13.0-4) ...
Selecting previously unselected package xorg-sgml-doctools.
Preparing to unpack .../120-xorg-sgml-doctools_1%3a1.11-1_all.deb ...
Unpacking xorg-sgml-doctools (1:1.11-1) ...
Selecting previously unselected package x11proto-dev.
Preparing to unpack .../121-x11proto-dev_2018.4-4_all.deb ...
Unpacking x11proto-dev (2018.4-4) ...
Selecting previously unselected package x11proto-core-dev.
Preparing to unpack .../122-x11proto-core-dev_2018.4-4_all.deb ...
Unpacking x11proto-core-dev (2018.4-4) ...
Selecting previously unselected package libxau-dev:amd64.
Preparing to unpack .../123-libxau-dev_1%3a1.0.8-1+b2_amd64.deb ...
Unpacking libxau-dev:amd64 (1:1.0.8-1+b2) ...
Selecting previously unselected package libxdmcp-dev:amd64.
Preparing to unpack .../124-libxdmcp-dev_1%3a1.1.2-3_amd64.deb ...
Unpacking libxdmcp-dev:amd64 (1:1.1.2-3) ...
Selecting previously unselected package x11proto-input-dev.
Preparing to unpack .../125-x11proto-input-dev_2018.4-4_all.deb ...
Unpacking x11proto-input-dev (2018.4-4) ...
Selecting previously unselected package xtrans-dev.
Preparing to unpack .../126-xtrans-dev_1.3.5-1_all.deb ...
Unpacking xtrans-dev (1.3.5-1) ...
Selecting previously unselected package libpthread-stubs0-dev:amd64.
Preparing to unpack .../127-libpthread-stubs0-dev_0.3-4_amd64.deb ...
Unpacking libpthread-stubs0-dev:amd64 (0.3-4) ...
Selecting previously unselected package libxcb1-dev:amd64.
Preparing to unpack .../128-libxcb1-dev_1.13-1_amd64.deb ...
Unpacking libxcb1-dev:amd64 (1.13-1) ...
Selecting previously unselected package libx11-dev:amd64.
Preparing to unpack .../129-libx11-dev_2%3a1.6.5-1_amd64.deb ...
Unpacking libx11-dev:amd64 (2:1.6.5-1) ...
Selecting previously unselected package libxrender-dev:amd64.
Preparing to unpack .../130-libxrender-dev_1%3a0.9.10-1_amd64.deb ...
Unpacking libxrender-dev:amd64 (1:0.9.10-1) ...
Selecting previously unselected package x11proto-xext-dev.
Preparing to unpack .../131-x11proto-xext-dev_2018.4-4_all.deb ...
Unpacking x11proto-xext-dev (2018.4-4) ...
Selecting previously unselected package libxext-dev:amd64.
Preparing to unpack .../132-libxext-dev_2%3a1.3.3-1+b2_amd64.deb ...
Unpacking libxext-dev:amd64 (2:1.3.3-1+b2) ...
Selecting previously unselected package x11-common.
Preparing to unpack .../133-x11-common_1%3a7.7+19_all.deb ...
Unpacking x11-common (1:7.7+19) ...
Selecting previously unselected package libice6:amd64.
Preparing to unpack .../134-libice6_2%3a1.0.9-2_amd64.deb ...
Unpacking libice6:amd64 (2:1.0.9-2) ...
Selecting previously unselected package libsm6:amd64.
Preparing to unpack .../135-libsm6_2%3a1.2.2-1+b3_amd64.deb ...
Unpacking libsm6:amd64 (2:1.2.2-1+b3) ...
Selecting previously unselected package libice-dev:amd64.
Preparing to unpack .../136-libice-dev_2%3a1.0.9-2_amd64.deb ...
Unpacking libice-dev:amd64 (2:1.0.9-2) ...
Selecting previously unselected package libsm-dev:amd64.
Preparing to unpack .../137-libsm-dev_2%3a1.2.2-1+b3_amd64.deb ...
Unpacking libsm-dev:amd64 (2:1.2.2-1+b3) ...
Selecting previously unselected package libpixman-1-dev:amd64.
Preparing to unpack .../138-libpixman-1-dev_0.34.0-2_amd64.deb ...
Unpacking libpixman-1-dev:amd64 (0.34.0-2) ...
Selecting previously unselected package libxcb-render0-dev:amd64.
Preparing to unpack .../139-libxcb-render0-dev_1.13-1_amd64.deb ...
Unpacking libxcb-render0-dev:amd64 (1.13-1) ...
Selecting previously unselected package libxcb-shm0-dev:amd64.
Preparing to unpack .../140-libxcb-shm0-dev_1.13-1_amd64.deb ...
Unpacking libxcb-shm0-dev:amd64 (1.13-1) ...
Selecting previously unselected package libcairo2-dev:amd64.
Preparing to unpack .../141-libcairo2-dev_1.15.10-3_amd64.deb ...
Unpacking libcairo2-dev:amd64 (1.15.10-3) ...
Selecting previously unselected package libffi-dev:amd64.
Preparing to unpack .../142-libffi-dev_3.2.1-8_amd64.deb ...
Unpacking libffi-dev:amd64 (3.2.1-8) ...
Selecting previously unselected package libfribidi-dev.
Preparing to unpack .../143-libfribidi-dev_0.19.7-2_amd64.deb ...
Unpacking libfribidi-dev (0.19.7-2) ...
Selecting previously unselected package libgdk-pixbuf2.0-dev.
Preparing to unpack .../144-libgdk-pixbuf2.0-dev_2.36.11-2_amd64.deb ...
Unpacking libgdk-pixbuf2.0-dev (2.36.11-2) ...
Selecting previously unselected package libgraphite2-dev:amd64.
Preparing to unpack .../145-libgraphite2-dev_1.3.11-2_amd64.deb ...
Unpacking libgraphite2-dev:amd64 (1.3.11-2) ...
Selecting previously unselected package libharfbuzz-icu0:amd64.
Preparing to unpack .../146-libharfbuzz-icu0_1.7.6-1_amd64.deb ...
Unpacking libharfbuzz-icu0:amd64 (1.7.6-1) ...
Selecting previously unselected package libicu-dev.
Preparing to unpack .../147-libicu-dev_57.1-9_amd64.deb ...
Unpacking libicu-dev (57.1-9) ...
Selecting previously unselected package libharfbuzz-dev:amd64.
Preparing to unpack .../148-libharfbuzz-dev_1.7.6-1_amd64.deb ...
Unpacking libharfbuzz-dev:amd64 (1.7.6-1) ...
Selecting previously unselected package libxft-dev:amd64.
Preparing to unpack .../149-libxft-dev_2.3.2-2_amd64.deb ...
Unpacking libxft-dev:amd64 (2.3.2-2) ...
Selecting previously unselected package libpango1.0-dev.
Preparing to unpack .../150-libpango1.0-dev_1.42.1-1_amd64.deb ...
Unpacking libpango1.0-dev (1.42.1-1) ...
Selecting previously unselected package x11proto-xinerama-dev.
Preparing to unpack .../151-x11proto-xinerama-dev_2018.4-4_all.deb ...
Unpacking x11proto-xinerama-dev (2018.4-4) ...
Selecting previously unselected package libxinerama-dev:amd64.
Preparing to unpack .../152-libxinerama-dev_2%3a1.1.3-1+b3_amd64.deb ...
Unpacking libxinerama-dev:amd64 (2:1.1.3-1+b3) ...
Selecting previously unselected package x11proto-fixes-dev.
Preparing to unpack .../153-x11proto-fixes-dev_1%3a2018.4-4_all.deb ...
Unpacking x11proto-fixes-dev (1:2018.4-4) ...
Selecting previously unselected package libxfixes-dev:amd64.
Preparing to unpack .../154-libxfixes-dev_1%3a5.0.3-1_amd64.deb ...
Unpacking libxfixes-dev:amd64 (1:5.0.3-1) ...
Selecting previously unselected package libxi-dev:amd64.
Preparing to unpack .../155-libxi-dev_2%3a1.7.9-1_amd64.deb ...
Unpacking libxi-dev:amd64 (2:1.7.9-1) ...
Selecting previously unselected package x11proto-randr-dev.
Preparing to unpack .../156-x11proto-randr-dev_2018.4-4_all.deb ...
Unpacking x11proto-randr-dev (2018.4-4) ...
Selecting previously unselected package libxrandr-dev:amd64.
Preparing to unpack .../157-libxrandr-dev_2%3a1.5.1-1_amd64.deb ...
Unpacking libxrandr-dev:amd64 (2:1.5.1-1) ...
Selecting previously unselected package libxcursor-dev:amd64.
Preparing to unpack .../158-libxcursor-dev_1%3a1.1.15-1_amd64.deb ...
Unpacking libxcursor-dev:amd64 (1:1.1.15-1) ...
Selecting previously unselected package x11proto-composite-dev.
Preparing to unpack .../159-x11proto-composite-dev_1%3a2018.4-4_all.deb ...
Unpacking x11proto-composite-dev (1:2018.4-4) ...
Selecting previously unselected package libxcomposite-dev:amd64.
Preparing to unpack .../160-libxcomposite-dev_1%3a0.4.4-2_amd64.deb ...
Unpacking libxcomposite-dev:amd64 (1:0.4.4-2) ...
Selecting previously unselected package x11proto-damage-dev.
Preparing to unpack .../161-x11proto-damage-dev_1%3a2018.4-4_all.deb ...
Unpacking x11proto-damage-dev (1:2018.4-4) ...
Selecting previously unselected package libxdamage-dev:amd64.
Preparing to unpack .../162-libxdamage-dev_1%3a1.1.4-3_amd64.deb ...
Unpacking libxdamage-dev:amd64 (1:1.1.4-3) ...
Selecting previously unselected package libxml2-utils.
Preparing to unpack .../163-libxml2-utils_2.9.4+dfsg1-6.1_amd64.deb ...
Unpacking libxml2-utils (2.9.4+dfsg1-6.1) ...
Selecting previously unselected package libgtk2.0-dev.
Preparing to unpack .../164-libgtk2.0-dev_2.24.32-1_amd64.deb ...
Unpacking libgtk2.0-dev (2.24.32-1) ...
Selecting previously unselected package libllvm4.0:amd64.
Preparing to unpack .../165-libllvm4.0_1%3a4.0.1-10_amd64.deb ...
Unpacking libllvm4.0:amd64 (1:4.0.1-10) ...
Selecting previously unselected package libncurses6:amd64.
Preparing to unpack .../166-libncurses6_6.1+20180210-2_amd64.deb ...
Unpacking libncurses6:amd64 (6.1+20180210-2) ...
Selecting previously unselected package libncurses-dev:amd64.
Preparing to unpack .../167-libncurses-dev_6.1+20180210-2_amd64.deb ...
Unpacking libncurses-dev:amd64 (6.1+20180210-2) ...
Selecting previously unselected package libtinfo-dev:amd64.
Preparing to unpack .../168-libtinfo-dev_6.1+20180210-2_amd64.deb ...
Unpacking libtinfo-dev:amd64 (6.1+20180210-2) ...
Selecting previously unselected package libxml2-dev:amd64.
Preparing to unpack .../169-libxml2-dev_2.9.4+dfsg1-6.1_amd64.deb ...
Unpacking libxml2-dev:amd64 (2.9.4+dfsg1-6.1) ...
Selecting previously unselected package llvm-4.0-runtime.
Preparing to unpack .../170-llvm-4.0-runtime_1%3a4.0.1-10_amd64.deb ...
Unpacking llvm-4.0-runtime (1:4.0.1-10) ...
Selecting previously unselected package llvm-runtime.
Preparing to unpack .../171-llvm-runtime_1%3a4.0-40_amd64.deb ...
Unpacking llvm-runtime (1:4.0-40) ...
Selecting previously unselected package llvm-4.0.
Preparing to unpack .../172-llvm-4.0_1%3a4.0.1-10_amd64.deb ...
Unpacking llvm-4.0 (1:4.0.1-10) ...
Selecting previously unselected package llvm.
Preparing to unpack .../173-llvm_1%3a4.0-40_amd64.deb ...
Unpacking llvm (1:4.0-40) ...
Selecting previously unselected package llvm-4.0-dev.
Preparing to unpack .../174-llvm-4.0-dev_1%3a4.0.1-10_amd64.deb ...
Unpacking llvm-4.0-dev (1:4.0.1-10) ...
Selecting previously unselected package llvm-dev.
Preparing to unpack .../175-llvm-dev_1%3a4.0-40_amd64.deb ...
Unpacking llvm-dev (1:4.0-40) ...
Selecting previously unselected package sbuild-build-depends-sparse-dummy.
Preparing to unpack .../176-sbuild-build-depends-sparse-dummy_0.invalid.0_amd64.deb ...
Unpacking sbuild-build-depends-sparse-dummy (0.invalid.0) ...
Setting up readline-common (7.0-3) ...
Setting up libgtk2.0-common (2.24.32-1) ...
Setting up libjpeg62-turbo:amd64 (1:1.5.2-2+b1) ...
Setting up libarchive-zip-perl (1.60-1) ...
Setting up mime-support (3.60) ...
Setting up libpng16-16:amd64 (1.6.34-1) ...
Setting up libtimedate-perl (2.3000-2) ...
Setting up libjbig0:amd64 (2.1-3.1+b2) ...
Setting up libsigsegv2:amd64 (2.12-2) ...
Setting up libpthread-stubs0-dev:amd64 (0.3-4) ...
Setting up fonts-dejavu-core (2.37-1) ...
Setting up libreadline7:amd64 (7.0-3+b1) ...
Setting up libelf1:amd64 (0.170-0.4) ...
Setting up groff-base (1.22.3-10) ...
Setting up libglib2.0-0:amd64 (2.56.1-2) ...
No schema files found: doing nothing.
Setting up xorg-sgml-doctools (1:1.11-1) ...
Setting up libncursesw6:amd64 (6.1+20180210-2) ...
Setting up uuid-dev:amd64 (2.31.1-0.5) ...
Setting up libffi-dev:amd64 (3.2.1-8) ...
Setting up libgdk-pixbuf2.0-common (2.36.11-2) ...
Setting up libdatrie1:amd64 (0.2.11-1) ...
Setting up libtiff5:amd64 (4.0.9-5) ...
Setting up gettext-base (0.19.8.1-6) ...
Setting up libpipeline1:amd64 (1.5.0-1) ...
Setting up m4 (1.4.18-1) ...
Setting up libicu57:amd64 (57.1-9) ...
Setting up ucf (3.0038) ...
Setting up libgirepository-1.0-1:amd64 (1.56.1-1) ...
Setting up libxml2:amd64 (2.9.4+dfsg1-6.1) ...
Setting up x11proto-dev (2018.4-4) ...
Setting up libfreetype6:amd64 (2.8.1-2) ...
Setting up libmagic-mgc (1:5.33-2) ...
Setting up libmagic1:amd64 (1:5.33-2) ...
Setting up lsb-base (9.20170808) ...
Setting up libgraphite2-3:amd64 (1.3.11-2) ...
Setting up libcroco3:amd64 (0.6.12-2) ...
Setting up libatk1.0-data (2.28.1-1) ...
Setting up x11proto-damage-dev (1:2018.4-4) ...
Setting up pkg-config (0.29-4+b1) ...
Setting up libpixman-1-0:amd64 (0.34.0-2) ...
Setting up xtrans-dev (1.3.5-1) ...
Setting up libllvm4.0:amd64 (1:4.0.1-10) ...
Setting up gir1.2-glib-2.0:amd64 (1.56.1-1) ...
Setting up x11proto-xext-dev (2018.4-4) ...
Setting up libglib2.0-data (2.56.1-2) ...
Processing triggers for libc-bin (2.27-3) ...
Setting up x11proto-xinerama-dev (2018.4-4) ...
Setting up autotools-dev (20180224.1) ...
Setting up libpixman-1-dev:amd64 (0.34.0-2) ...
Setting up libatk1.0-0:amd64 (2.28.1-1) ...
Setting up x11proto-randr-dev (2018.4-4) ...
Setting up libsqlite3-0:amd64 (3.23.1-1) ...
Setting up libfribidi0:amd64 (0.19.7-2) ...
Setting up libexpat1-dev:amd64 (2.2.5-3) ...
Setting up shared-mime-info (1.9-2) ...
Setting up libpcrecpp0v5:amd64 (2:8.39-9) ...
Setting up libpcre32-3:amd64 (2:8.39-9) ...
Setting up icu-devtools (57.1-9) ...
Setting up libpcre16-3:amd64 (2:8.39-9) ...
Setting up libthai-data (0.1.27-2) ...
Setting up libxdmcp6:amd64 (1:1.1.2-3) ...
Setting up libkeyutils1:amd64 (1.5.9-9.2) ...
Setting up bsdmainutils (11.1.2) ...
update-alternatives: using /usr/bin/bsd-write to provide /usr/bin/write (write) in auto mode
update-alternatives: using /usr/bin/bsd-from to provide /usr/bin/from (from) in auto mode
Setting up x11-common (1:7.7+19) ...
update-rc.d: warning: start and stop actions are no longer supported; falling back to defaults
invoke-rc.d: could not determine current runlevel
All runlevel operations denied by policy
invoke-rc.d: policy-rc.d denied execution of start.
Setting up hicolor-icon-theme (0.17-2) ...
Setting up libglib2.0-bin (2.56.1-2) ...
Setting up libgraphite2-dev:amd64 (1.3.11-2) ...
Setting up libncurses6:amd64 (6.1+20180210-2) ...
Setting up x11proto-input-dev (2018.4-4) ...
Setting up x11proto-composite-dev (1:2018.4-4) ...
Setting up libx11-data (2:1.6.5-1) ...
Setting up libxau6:amd64 (1:1.0.8-1+b2) ...
Setting up autopoint (0.19.8.1-6) ...
Setting up libmpdec2:amd64 (2.4.2-2) ...
Setting up libdbus-1-3:amd64 (1.12.8-1) ...
Setting up liblzo2-2:amd64 (2.08-1.2+b2) ...
Setting up libavahi-common-data:amd64 (0.7-4) ...
Setting up zlib1g-dev:amd64 (1:1.2.11.dfsg-1) ...
Setting up libfile-stripnondeterminism-perl (0.041-1) ...
Setting up libpython3.6-stdlib:amd64 (3.6.5-5) ...
Setting up binfmt-support (2.1.8-2) ...
update-binfmts: warning: Couldn't load the binfmt_misc module.
update-binfmts: warning: Couldn't load the binfmt_misc module.
invoke-rc.d: could not determine current runlevel
All runlevel operations denied by policy
invoke-rc.d: policy-rc.d denied execution of start.
Setting up libpcre3-dev:amd64 (2:8.39-9) ...
Setting up gir1.2-atk-1.0:amd64 (2.28.1-1) ...
Setting up fontconfig-config (2.13.0-4) ...
Setting up python3.6 (3.6.5-5) ...
Setting up x11proto-core-dev (2018.4-4) ...
Setting up gettext (0.19.8.1-6) ...
Setting up x11proto-fixes-dev (1:2018.4-4) ...
Setting up libxml2-utils (2.9.4+dfsg1-6.1) ...
Setting up libharfbuzz0b:amd64 (1.7.6-1) ...
Setting up libxau-dev:amd64 (1:1.0.8-1+b2) ...
Setting up autoconf (2.69-11) ...
Setting up llvm-4.0-runtime (1:4.0.1-10) ...
update-binfmts: warning: Couldn't load the binfmt_misc module.
Setting up libthai0:amd64 (0.1.27-2) ...
Setting up libicu-dev (57.1-9) ...
Setting up file (1:5.33-2) ...
Setting up libkrb5support0:amd64 (1.16-2) ...
Setting up libxml2-dev:amd64 (2.9.4+dfsg1-6.1) ...
Setting up llvm-runtime (1:4.0-40) ...
Setting up intltool-debian (0.35.0+20060710.4) ...
Setting up libxdmcp-dev:amd64 (1:1.1.2-3) ...
Setting up libfribidi-dev (0.19.7-2) ...
Setting up automake (1:1.15.1-3.1) ...
update-alternatives: using /usr/bin/automake-1.15 to provide /usr/bin/automake (automake) in auto mode
Setting up libice6:amd64 (2:1.0.9-2) ...
Setting up man-db (2.8.3-2) ...
Not building database; man-db/auto-update is not 'true'.
Setting up libavahi-common3:amd64 (0.7-4) ...
Setting up libpng-dev:amd64 (1.6.34-1) ...
Setting up libncurses-dev:amd64 (6.1+20180210-2) ...
Setting up libxcb1:amd64 (1.13-1) ...
Setting up libharfbuzz-gobject0:amd64 (1.7.6-1) ...
Setting up libtool (2.4.6-2.1) ...
Setting up libpython3-stdlib:amd64 (3.6.5-3) ...
Setting up libfontconfig1:amd64 (2.13.0-4) ...
Setting up libsm6:amd64 (2:1.2.2-1+b3) ...
Setting up libk5crypto3:amd64 (1.16-2) ...
Setting up libxcb-render0:amd64 (1.13-1) ...
Setting up libharfbuzz-icu0:amd64 (1.7.6-1) ...
Setting up po-debconf (1.0.20) ...
Setting up python3 (3.6.5-3) ...
Setting up llvm-4.0 (1:4.0.1-10) ...
Setting up libx11-6:amd64 (2:1.6.5-1) ...
Setting up libtinfo-dev:amd64 (6.1+20180210-2) ...
Setting up llvm (1:4.0-40) ...
Setting up gir1.2-harfbuzz-0.0:amd64 (1.7.6-1) ...
Setting up libfreetype6-dev:amd64 (2.8.1-2) ...
Setting up libice-dev:amd64 (2:1.0.9-2) ...
Setting up libxcomposite1:amd64 (1:0.4.4-2) ...
Setting up libxcb-shm0:amd64 (1.13-1) ...
Setting up libxrender1:amd64 (1:0.9.10-1) ...
Setting up libxcb1-dev:amd64 (1.13-1) ...
Setting up libavahi-client3:amd64 (0.7-4) ...
Setting up libkrb5-3:amd64 (1.16-2) ...
Setting up libx11-dev:amd64 (2:1.6.5-1) ...
Setting up libxft2:amd64 (2.3.2-2) ...
Setting up python3-lib2to3 (3.6.5-3) ...
Setting up python3-distutils (3.6.5-3) ...
Setting up fontconfig (2.13.0-4) ...
Regenerating fonts cache... done.
Setting up libfontconfig1-dev:amd64 (2.13.0-4) ...
Setting up libsm-dev:amd64 (2:1.2.2-1+b3) ...
Setting up llvm-4.0-dev (1:4.0.1-10) ...
Setting up libxext6:amd64 (2:1.3.3-1+b2) ...
Setting up libxfixes3:amd64 (1:5.0.3-1) ...
Setting up libglib2.0-dev-bin (2.56.1-2) ...
Setting up libgdk-pixbuf2.0-0:amd64 (2.36.11-2) ...
Setting up libxcb-shm0-dev:amd64 (1.13-1) ...
Setting up gir1.2-gdkpixbuf-2.0:amd64 (2.36.11-2) ...
Setting up libxrender-dev:amd64 (1:0.9.10-1) ...
Setting up libglib2.0-dev:amd64 (2.56.1-2) ...
Setting up libgssapi-krb5-2:amd64 (1.16-2) ...
Setting up libxcb-render0-dev:amd64 (1.13-1) ...
Setting up libxft-dev:amd64 (2.3.2-2) ...
Setting up gtk-update-icon-cache (3.22.30-1) ...
Setting up libgdk-pixbuf2.0-dev (2.36.11-2) ...
Setting up libxcursor1:amd64 (1:1.1.15-1) ...
Setting up llvm-dev (1:4.0-40) ...
Setting up libxext-dev:amd64 (2:1.3.3-1+b2) ...
Setting up libpango-1.0-0:amd64 (1.42.1-1) ...
Setting up libxfixes-dev:amd64 (1:5.0.3-1) ...
Setting up libharfbuzz-dev:amd64 (1.7.6-1) ...
Setting up libxrandr2:amd64 (2:1.5.1-1) ...
Setting up libcups2:amd64 (2.2.7-3) ...
Setting up libxi6:amd64 (2:1.7.9-1) ...
Setting up libcairo2:amd64 (1.15.10-3) ...
Setting up libxinerama1:amd64 (2:1.1.3-1+b3) ...
Setting up libxcursor-dev:amd64 (1:1.1.15-1) ...
Setting up libxdamage1:amd64 (1:1.1.4-3) ...
Setting up libxrandr-dev:amd64 (2:1.5.1-1) ...
Setting up libxcomposite-dev:amd64 (1:0.4.4-2) ...
Setting up libcairo-script-interpreter2:amd64 (1.15.10-3) ...
Setting up libcairo-gobject2:amd64 (1.15.10-3) ...
Setting up libxdamage-dev:amd64 (1:1.1.4-3) ...
Setting up libatk1.0-dev:amd64 (2.28.1-1) ...
Setting up libpangoft2-1.0-0:amd64 (1.42.1-1) ...
Setting up libxinerama-dev:amd64 (2:1.1.3-1+b3) ...
Setting up libxi-dev:amd64 (2:1.7.9-1) ...
Setting up libcairo2-dev:amd64 (1.15.10-3) ...
Setting up gir1.2-freedesktop:amd64 (1.56.1-1) ...
Setting up libpangoxft-1.0-0:amd64 (1.42.1-1) ...
Setting up libpangocairo-1.0-0:amd64 (1.42.1-1) ...
Setting up gir1.2-pango-1.0:amd64 (1.42.1-1) ...
Setting up libpango1.0-dev (1.42.1-1) ...
Setting up librsvg2-2:amd64 (2.40.20-2) ...
Setting up librsvg2-common:amd64 (2.40.20-2) ...
Setting up gnome-icon-theme (3.12.0-3) ...
update-alternatives: using /usr/share/icons/gnome/scalable/places/debian-swirl.svg to provide /usr/share/icons/gnome/scalable/places/start-here.svg (start-here.svg) in auto mode
Setting up libgtk2.0-0:amd64 (2.24.32-1) ...
Setting up gir1.2-gtk-2.0 (2.24.32-1) ...
Setting up libgtk2.0-dev (2.24.32-1) ...
Setting up dh-autoreconf (17) ...
Setting up dh-strip-nondeterminism (0.041-1) ...
Setting up debhelper (11.2.1) ...
Setting up sbuild-build-depends-sparse-dummy (0.invalid.0) ...
Processing triggers for libc-bin (2.27-3) ...
Processing triggers for libgdk-pixbuf2.0-0:amd64 (2.36.11-2) ...

+------------------------------------------------------------------------------+
| Build environment                                                            |
+------------------------------------------------------------------------------+

Kernel: Linux 4.9.0-5-amd64 amd64 (x86_64)
Toolchain package versions: binutils_2.30-16 dpkg-dev_1.19.0.5 g++-7_7.3.0-17 gcc-7_7.3.0-17 libc6-dev_2.27-3 libstdc++-7-dev_7.3.0-17 libstdc++6_8-20180425-1 linux-libc-dev_4.15.17-1
Package versions: adduser_3.117 apt_1.6.1 autoconf_2.69-11 automake_1:1.15.1-3.1 autopoint_0.19.8.1-6 autotools-dev_20180224.1 base-files_10.1 base-passwd_3.5.45 bash_4.4.18-2 binfmt-support_2.1.8-2 binutils_2.30-16 binutils-common_2.30-16 binutils-x86-64-linux-gnu_2.30-16 bsdmainutils_11.1.2 bsdutils_1:2.31.1-0.5 build-essential_12.5 bzip2_1.0.6-8.1 clang-6.0_1:6.0-3 coreutils_8.28-1 cpp_4:7.3.0-3 cpp-7_7.3.0-17 dash_0.5.8-2.10 debconf_1.5.66 debfoster_2.7-2.1+b1 debhelper_11.2.1 debian-archive-keyring_2017.7 debianutils_4.8.4 dh-autoreconf_17 dh-strip-nondeterminism_0.041-1 diffutils_1:3.6-1 dpkg_1.19.0.5 dpkg-dev_1.19.0.5 e2fslibs_1.44.1-2 e2fsprogs_1.44.1-2 eatmydata_105-6 fakeroot_1.22-2 fdisk_2.31.1-0.5 file_1:5.33-2 findutils_4.6.0+git+20171230-2 fontconfig_2.13.0-4 fontconfig-config_2.13.0-4 fonts-dejavu-core_2.37-1 g++_4:7.3.0-3 g++-7_7.3.0-17 gcc_4:7.3.0-3 gcc-6-base_6.4.0-17 gcc-7_7.3.0-17 gcc-7-base_7.3.0-17 gcc-8-base_8-20180425-1 gettext_0.19.8.1-6 gettext-base_0.19.8.1-6 gir1.2-atk-1.0_2.28.1-1 gir1.2-freedesktop_1.56.1-1 gir1.2-gdkpixbuf-2.0_2.36.11-2 gir1.2-glib-2.0_1.56.1-1 gir1.2-gtk-2.0_2.24.32-1 gir1.2-harfbuzz-0.0_1.7.6-1 gir1.2-pango-1.0_1.42.1-1 gnome-icon-theme_3.12.0-3 gpgv_2.2.5-1 grep_3.1-2 groff-base_1.22.3-10 gtk-update-icon-cache_3.22.30-1 gzip_1.6-5+b1 hicolor-icon-theme_0.17-2 hostname_3.20 icu-devtools_57.1-9 init-system-helpers_1.51 intltool-debian_0.35.0+20060710.4 lib32gcc1_1:8-20180425-1 lib32stdc++6_8-20180425-1 libacl1_2.2.52-3+b1 libapt-pkg5.0_1.6.1 libarchive-zip-perl_1.60-1 libasan4_7.3.0-17 libatk1.0-0_2.28.1-1 libatk1.0-data_2.28.1-1 libatk1.0-dev_2.28.1-1 libatomic1_8-20180425-1 libattr1_1:2.4.47-2+b2 libaudit-common_1:2.8.3-1 libaudit1_1:2.8.3-1 libavahi-client3_0.7-4 libavahi-common-data_0.7-4 libavahi-common3_0.7-4 libbinutils_2.30-16 libblkid1_2.31.1-0.5 libbsd0_0.8.7-1 libbz2-1.0_1.0.6-8.1 libc-bin_2.27-3 libc-dev-bin_2.27-3 libc6_2.27-3 libc6-dev_2.27-3 libc6-i386_2.27-3 libcairo-gobject2_1.15.10-3 libcairo-script-interpreter2_1.15.10-3 libcairo2_1.15.10-3 libcairo2-dev_1.15.10-3 libcap-ng0_0.7.9-1 libcc1-0_8-20180425-1 libcilkrts5_7.3.0-17 libclang-common-6.0-dev_1:6.0-3 libclang1-6.0_1:6.0-3 libcom-err2_1.44.1-2 libcomerr2_1.44.1-2 libcroco3_0.6.12-2 libcups2_2.2.7-3 libdatrie1_0.2.11-1 libdb5.3_5.3.28-13.1+b1 libdbus-1-3_1.12.8-1 libdebconfclient0_0.243 libdpkg-perl_1.19.0.5 libeatmydata1_105-6 libedit2_3.1-20170329-1 libelf1_0.170-0.4 libexpat1_2.2.5-3 libexpat1-dev_2.2.5-3 libext2fs2_1.44.1-2 libfakeroot_1.22-2 libfdisk1_2.31.1-0.5 libffi-dev_3.2.1-8 libffi6_3.2.1-8 libfile-stripnondeterminism-perl_0.041-1 libfontconfig1_2.13.0-4 libfontconfig1-dev_2.13.0-4 libfreetype6_2.8.1-2 libfreetype6-dev_2.8.1-2 libfribidi-dev_0.19.7-2 libfribidi0_0.19.7-2 libgc1c2_1:7.4.2-8.2 libgcc-7-dev_7.3.0-17 libgcc1_1:8-20180425-1 libgcrypt20_1.8.2-2 libgdbm-compat4_1.14.1-6 libgdbm3_1.8.3-14 libgdbm5_1.14.1-6 libgdk-pixbuf2.0-0_2.36.11-2 libgdk-pixbuf2.0-common_2.36.11-2 libgdk-pixbuf2.0-dev_2.36.11-2 libgirepository-1.0-1_1.56.1-1 libglib2.0-0_2.56.1-2 libglib2.0-bin_2.56.1-2 libglib2.0-data_2.56.1-2 libglib2.0-dev_2.56.1-2 libglib2.0-dev-bin_2.56.1-2 libgmp10_2:6.1.2+dfsg-3 libgnutls30_3.5.18-1 libgomp1_8-20180425-1 libgpg-error0_1.29-4 libgraphite2-3_1.3.11-2 libgraphite2-dev_1.3.11-2 libgssapi-krb5-2_1.16-2 libgtk2.0-0_2.24.32-1 libgtk2.0-common_2.24.32-1 libgtk2.0-dev_2.24.32-1 libharfbuzz-dev_1.7.6-1 libharfbuzz-gobject0_1.7.6-1 libharfbuzz-icu0_1.7.6-1 libharfbuzz0b_1.7.6-1 libhogweed4_3.4-1 libice-dev_2:1.0.9-2 libice6_2:1.0.9-2 libicu-dev_57.1-9 libicu57_57.1-9 libidn2-0_2.0.4-1.1 libisl15_0.18-4 libisl19_0.19-1 libitm1_8-20180425-1 libjbig0_2.1-3.1+b2 libjpeg62-turbo_1:1.5.2-2+b1 libjsoncpp1_1.7.4-3 libk5crypto3_1.16-2 libkeyutils1_1.5.9-9.2 libkrb5-3_1.16-2 libkrb5support0_1.16-2 libllvm4.0_1:4.0.1-10 libllvm6.0_1:6.0-3 liblsan0_8-20180425-1 liblz4-1_1.8.1.2-1 liblzma5_5.2.2-1.3 liblzo2-2_2.08-1.2+b2 libmagic-mgc_1:5.33-2 libmagic1_1:5.33-2 libmount1_2.31.1-0.5 libmpc3_1.1.0-1 libmpdec2_2.4.2-2 libmpfr4_3.1.6-1 libmpfr6_4.0.1-1 libmpx2_8-20180425-1 libncurses-dev_6.1+20180210-2 libncurses5_6.1+20180210-2 libncurses6_6.1+20180210-2 libncursesw5_6.1+20180210-2 libncursesw6_6.1+20180210-2 libnettle6_3.4-1 libobjc-7-dev_7.3.0-17 libobjc4_8-20180425-1 libp11-kit0_0.23.10-2 libpam-modules_1.1.8-3.7 libpam-modules-bin_1.1.8-3.7 libpam-runtime_1.1.8-3.7 libpam0g_1.1.8-3.7 libpango-1.0-0_1.42.1-1 libpango1.0-dev_1.42.1-1 libpangocairo-1.0-0_1.42.1-1 libpangoft2-1.0-0_1.42.1-1 libpangoxft-1.0-0_1.42.1-1 libpcre16-3_2:8.39-9 libpcre3_2:8.39-9 libpcre3-dev_2:8.39-9 libpcre32-3_2:8.39-9 libpcrecpp0v5_2:8.39-9 libperl5.26_5.26.2-3 libpipeline1_1.5.0-1 libpixman-1-0_0.34.0-2 libpixman-1-dev_0.34.0-2 libpng-dev_1.6.34-1 libpng16-16_1.6.34-1 libpthread-stubs0-dev_0.3-4 libpython3-stdlib_3.6.5-3 libpython3.6-minimal_3.6.5-5 libpython3.6-stdlib_3.6.5-5 libquadmath0_8-20180425-1 libreadline7_7.0-3+b1 librsvg2-2_2.40.20-2 librsvg2-common_2.40.20-2 libseccomp2_2.3.3-1 libselinux1_2.7-2+b2 libsemanage-common_2.7-2 libsemanage1_2.7-2+b2 libsepol1_2.7-1 libsigsegv2_2.12-2 libsm-dev_2:1.2.2-1+b3 libsm6_2:1.2.2-1+b3 libsmartcols1_2.31.1-0.5 libsqlite3-0_3.23.1-1 libss2_1.44.1-2 libssl1.1_1.1.0h-2 libstdc++-7-dev_7.3.0-17 libstdc++6_8-20180425-1 libsystemd0_238-4 libtasn1-6_4.13-2 libthai-data_0.1.27-2 libthai0_0.1.27-2 libtiff5_4.0.9-5 libtimedate-perl_2.3000-2 libtinfo-dev_6.1+20180210-2 libtinfo5_6.1+20180210-2 libtinfo6_6.1+20180210-2 libtool_2.4.6-2.1 libtsan0_8-20180425-1 libubsan0_7.3.0-17 libudev1_238-4 libunistring2_0.9.8-1 libustr-1.0-1_1.0.4-6 libuuid1_2.31.1-0.5 libx11-6_2:1.6.5-1 libx11-data_2:1.6.5-1 libx11-dev_2:1.6.5-1 libxau-dev_1:1.0.8-1+b2 libxau6_1:1.0.8-1+b2 libxcb-render0_1.13-1 libxcb-render0-dev_1.13-1 libxcb-shm0_1.13-1 libxcb-shm0-dev_1.13-1 libxcb1_1.13-1 libxcb1-dev_1.13-1 libxcomposite-dev_1:0.4.4-2 libxcomposite1_1:0.4.4-2 libxcursor-dev_1:1.1.15-1 libxcursor1_1:1.1.15-1 libxdamage-dev_1:1.1.4-3 libxdamage1_1:1.1.4-3 libxdmcp-dev_1:1.1.2-3 libxdmcp6_1:1.1.2-3 libxext-dev_2:1.3.3-1+b2 libxext6_2:1.3.3-1+b2 libxfixes-dev_1:5.0.3-1 libxfixes3_1:5.0.3-1 libxft-dev_2.3.2-2 libxft2_2.3.2-2 libxi-dev_2:1.7.9-1 libxi6_2:1.7.9-1 libxinerama-dev_2:1.1.3-1+b3 libxinerama1_2:1.1.3-1+b3 libxml2_2.9.4+dfsg1-6.1 libxml2-dev_2.9.4+dfsg1-6.1 libxml2-utils_2.9.4+dfsg1-6.1 libxrandr-dev_2:1.5.1-1 libxrandr2_2:1.5.1-1 libxrender-dev_1:0.9.10-1 libxrender1_1:0.9.10-1 libzstd1_1.3.4+dfsg-1 linux-libc-dev_4.15.17-1 llvm_1:4.0-40 llvm-4.0_1:4.0.1-10 llvm-4.0-dev_1:4.0.1-10 llvm-4.0-runtime_1:4.0.1-10 llvm-dev_1:4.0-40 llvm-runtime_1:4.0-40 login_1:4.5-1 lsb-base_9.20170808 m4_1.4.18-1 make_4.2.1-1 man-db_2.8.3-2 mawk_1.3.3-17+b3 mime-support_3.60 mount_2.31.1-0.5 multiarch-support_2.27-3 ncurses-base_6.1+20180210-2 ncurses-bin_6.1+20180210-2 passwd_1:4.5-1 patch_2.7.6-2 perl_5.26.2-3 perl-base_5.26.2-3 perl-modules-5.26_5.26.2-3 pkg-config_0.29-4+b1 po-debconf_1.0.20 python3_3.6.5-3 python3-distutils_3.6.5-3 python3-lib2to3_3.6.5-3 python3-minimal_3.6.5-3 python3.6_3.6.5-5 python3.6-minimal_3.6.5-5 readline-common_7.0-3 sbuild-build-depends-core-dummy_0.invalid.0 sbuild-build-depends-sparse-dummy_0.invalid.0 sed_4.4-2 sensible-utils_0.0.12 shared-mime-info_1.9-2 sysvinit-utils_2.88dsf-59.10 tar_1.30+dfsg-1 ucf_3.0038 util-linux_2.31.1-0.5 uuid-dev_2.31.1-0.5 x11-common_1:7.7+19 x11proto-composite-dev_1:2018.4-4 x11proto-core-dev_2018.4-4 x11proto-damage-dev_1:2018.4-4 x11proto-dev_2018.4-4 x11proto-fixes-dev_1:2018.4-4 x11proto-input-dev_2018.4-4 x11proto-randr-dev_2018.4-4 x11proto-xext-dev_2018.4-4 x11proto-xinerama-dev_2018.4-4 xorg-sgml-doctools_1:1.11-1 xtrans-dev_1.3.5-1 xz-utils_5.2.2-1.3 zlib1g_1:1.2.11.dfsg-1 zlib1g-dev_1:1.2.11.dfsg-1

+------------------------------------------------------------------------------+
| Build                                                                        |
+------------------------------------------------------------------------------+


Unpack source
-------------

gpgv: unknown type of key resource 'trustedkeys.kbx'
gpgv: keyblock resource '/sbuild-nonexistent/.gnupg/trustedkeys.kbx': General error
gpgv: Signature made Thu Apr 19 19:16:46 2018 UTC
gpgv:                using RSA key 7E722A169018ACFF3E74A40BC1FC1478ADCAEC09
gpgv: Can't check signature: No public key
dpkg-source: warning: failed to verify signature on ./sparse_0.5.2-1.dsc
dpkg-source: info: extracting sparse in /<<PKGBUILDDIR>>
dpkg-source: info: unpacking sparse_0.5.2.orig.tar.gz
dpkg-source: info: unpacking sparse_0.5.2-1.debian.tar.xz
dpkg-source: info: applying honor-CPPFLAGS.patch
dpkg-source: info: applying remove-validation-tmp.o-in-clean-target.patch
dpkg-source: info: applying build-only-generate-version.h-when-needed-and-remove.patch
dpkg-source: info: applying ld-as-needed.patch

Check disk space
----------------

Sufficient free space for build

User Environment
----------------

APT_CONFIG=/var/lib/sbuild/apt.conf
HOME=/sbuild-nonexistent
LANG=en_US.UTF-8
LC_ALL=POSIX
LOGNAME=user42
PATH=/usr/local/sbin:/usr/local/bin:/usr/sbin:/usr/bin:/sbin:/bin:/usr/games
SCHROOT_ALIAS_NAME=unstable-amd64-sbuild
SCHROOT_CHROOT_NAME=unstable-amd64-sbuild
SCHROOT_COMMAND=env
SCHROOT_GID=1001
SCHROOT_GROUP=user42
SCHROOT_SESSION_ID=unstable-amd64-sbuild-71e5432e-fbc0-47f2-a25f-b50730127912
SCHROOT_UID=1001
SCHROOT_USER=user42
SHELL=/bin/sh
USER=user42

dpkg-buildpackage
-----------------

dpkg-buildpackage: info: source package sparse
dpkg-buildpackage: info: source version 0.5.2-1
dpkg-buildpackage: info: source distribution unstable
dpkg-buildpackage: info: source changed by Uwe Kleine-Knig <ukleinek@debian.org>
 dpkg-source --before-build sparse-0.5.2
dpkg-buildpackage: info: host architecture amd64
 fakeroot debian/rules clean
dh clean
   dh_auto_clean
	make -j8 -Oline clean
make[1]: Entering directory '/<<PKGBUILDDIR>>'
find validation/ \( -name "*.c.output.expected" \
                 -o -name "*.c.output.got" \
                 -o -name "*.c.output.diff" \
                 -o -name "*.c.error.expected" \
                 -o -name "*.c.error.got" \
                 -o -name "*.c.error.diff" \
		 -o -name "*.o" \
                 \) -exec rm {} \;
make[1]: Leaving directory '/<<PKGBUILDDIR>>'
make[1]: Entering directory '/<<PKGBUILDDIR>>'
rm -f *.[oa] .*.d *.so test-lexing test-parsing obfuscate compile graph sparse test-linearize example test-unssa test-dissect ctags c2xml test-inspect sparse-llvm libsparse.so pre-process.h sparse.pc version.h
make[1]: Leaving directory '/<<PKGBUILDDIR>>'
   dh_clean
 debian/rules build-arch
dh build-arch
   dh_update_autotools_config -a
   dh_autoreconf -a
   dh_auto_configure -a
   debian/rules override_dh_auto_build
make[1]: Entering directory '/<<PKGBUILDDIR>>'
dh_auto_build -- V=1 SPARSE_VERSION="\$(VERSION) (Debian: 0.5.2-1)" PREFIX=/usr PKGCONFIGDIR=/usr/lib/x86_64-linux-gnu/pkgconfig
	make -j8 -Oline V=1 "SPARSE_VERSION=\$(VERSION) (Debian: 0.5.2-1)" PREFIX=/usr PKGCONFIGDIR=/usr/lib/x86_64-linux-gnu/pkgconfig
make[2]: Entering directory '/<<PKGBUILDDIR>>'
echo '#define SPARSE_VERSION "0.5.2 (Debian: 0.5.2-1)"' > version.h.tmp; \
if cmp -s version.h version.h.tmp; then \
	rm version.h.tmp; \
else \
	mv version.h.tmp version.h; \
fi
make[2]: Leaving directory '/<<PKGBUILDDIR>>'
make[2]: Entering directory '/<<PKGBUILDDIR>>'
gcc -o target.o -c -O2 -finline-functions -fno-strict-aliasing -g -Wall -Wwrite-strings -DGCC_BASE=\"/usr/lib/llvm-6.0/lib/clang/6.0.0/\" -DMULTIARCH_TRIPLET=\"\" -Wp,-MD,./.target.o.d  -g -O2 -fdebug-prefix-map=/<<PKGBUILDDIR>>=. -fstack-protector-strong -Wformat -Werror=format-security -Wdate-time -D_FORTIFY_SOURCE=2 target.c
make[2]: Leaving directory '/<<PKGBUILDDIR>>'
make[2]: Entering directory '/<<PKGBUILDDIR>>'
gcc -o test-lexing.o -c -O2 -finline-functions -fno-strict-aliasing -g -Wall -Wwrite-strings -DGCC_BASE=\"/usr/lib/llvm-6.0/lib/clang/6.0.0/\" -DMULTIARCH_TRIPLET=\"\" -Wp,-MD,./.test-lexing.o.d  -g -O2 -fdebug-prefix-map=/<<PKGBUILDDIR>>=. -fstack-protector-strong -Wformat -Werror=format-security -Wdate-time -D_FORTIFY_SOURCE=2 test-lexing.c
make[2]: Leaving directory '/<<PKGBUILDDIR>>'
make[2]: Entering directory '/<<PKGBUILDDIR>>'
gcc -o scope.o -c -O2 -finline-functions -fno-strict-aliasing -g -Wall -Wwrite-strings -DGCC_BASE=\"/usr/lib/llvm-6.0/lib/clang/6.0.0/\" -DMULTIARCH_TRIPLET=\"\" -Wp,-MD,./.scope.o.d  -g -O2 -fdebug-prefix-map=/<<PKGBUILDDIR>>=. -fstack-protector-strong -Wformat -Werror=format-security -Wdate-time -D_FORTIFY_SOURCE=2 scope.c
make[2]: Leaving directory '/<<PKGBUILDDIR>>'
make[2]: Entering directory '/<<PKGBUILDDIR>>'
gcc -o symbol.o -c -O2 -finline-functions -fno-strict-aliasing -g -Wall -Wwrite-strings -DGCC_BASE=\"/usr/lib/llvm-6.0/lib/clang/6.0.0/\" -DMULTIARCH_TRIPLET=\"\" -Wp,-MD,./.symbol.o.d  -g -O2 -fdebug-prefix-map=/<<PKGBUILDDIR>>=. -fstack-protector-strong -Wformat -Werror=format-security -Wdate-time -D_FORTIFY_SOURCE=2 symbol.c
make[2]: Leaving directory '/<<PKGBUILDDIR>>'
make[2]: Entering directory '/<<PKGBUILDDIR>>'
gcc -o tokenize.o -c -O2 -finline-functions -fno-strict-aliasing -g -Wall -Wwrite-strings -DGCC_BASE=\"/usr/lib/llvm-6.0/lib/clang/6.0.0/\" -DMULTIARCH_TRIPLET=\"\" -Wp,-MD,./.tokenize.o.d  -g -O2 -fdebug-prefix-map=/<<PKGBUILDDIR>>=. -fstack-protector-strong -Wformat -Werror=format-security -Wdate-time -D_FORTIFY_SOURCE=2 tokenize.c
make[2]: Leaving directory '/<<PKGBUILDDIR>>'
make[2]: Entering directory '/<<PKGBUILDDIR>>'
gcc -o expression.o -c -O2 -finline-functions -fno-strict-aliasing -g -Wall -Wwrite-strings -DGCC_BASE=\"/usr/lib/llvm-6.0/lib/clang/6.0.0/\" -DMULTIARCH_TRIPLET=\"\" -Wp,-MD,./.expression.o.d  -g -O2 -fdebug-prefix-map=/<<PKGBUILDDIR>>=. -fstack-protector-strong -Wformat -Werror=format-security -Wdate-time -D_FORTIFY_SOURCE=2 expression.c
make[2]: Leaving directory '/<<PKGBUILDDIR>>'
make[2]: Entering directory '/<<PKGBUILDDIR>>'
gcc -o show-parse.o -c -O2 -finline-functions -fno-strict-aliasing -g -Wall -Wwrite-strings -DGCC_BASE=\"/usr/lib/llvm-6.0/lib/clang/6.0.0/\" -DMULTIARCH_TRIPLET=\"\" -Wp,-MD,./.show-parse.o.d  -g -O2 -fdebug-prefix-map=/<<PKGBUILDDIR>>=. -fstack-protector-strong -Wformat -Werror=format-security -Wdate-time -D_FORTIFY_SOURCE=2 show-parse.c
make[2]: Leaving directory '/<<PKGBUILDDIR>>'
make[2]: Entering directory '/<<PKGBUILDDIR>>'
gcc -o char.o -c -O2 -finline-functions -fno-strict-aliasing -g -Wall -Wwrite-strings -DGCC_BASE=\"/usr/lib/llvm-6.0/lib/clang/6.0.0/\" -DMULTIARCH_TRIPLET=\"\" -Wp,-MD,./.char.o.d  -g -O2 -fdebug-prefix-map=/<<PKGBUILDDIR>>=. -fstack-protector-strong -Wformat -Werror=format-security -Wdate-time -D_FORTIFY_SOURCE=2 char.c
make[2]: Leaving directory '/<<PKGBUILDDIR>>'
make[2]: Entering directory '/<<PKGBUILDDIR>>'
gcc -o expand.o -c -O2 -finline-functions -fno-strict-aliasing -g -Wall -Wwrite-strings -DGCC_BASE=\"/usr/lib/llvm-6.0/lib/clang/6.0.0/\" -DMULTIARCH_TRIPLET=\"\" -Wp,-MD,./.expand.o.d  -g -O2 -fdebug-prefix-map=/<<PKGBUILDDIR>>=. -fstack-protector-strong -Wformat -Werror=format-security -Wdate-time -D_FORTIFY_SOURCE=2 expand.c
make[2]: Leaving directory '/<<PKGBUILDDIR>>'
make[2]: Entering directory '/<<PKGBUILDDIR>>'
gcc -o sort.o -c -O2 -finline-functions -fno-strict-aliasing -g -Wall -Wwrite-strings -DGCC_BASE=\"/usr/lib/llvm-6.0/lib/clang/6.0.0/\" -DMULTIARCH_TRIPLET=\"\" -Wp,-MD,./.sort.o.d  -g -O2 -fdebug-prefix-map=/<<PKGBUILDDIR>>=. -fstack-protector-strong -Wformat -Werror=format-security -Wdate-time -D_FORTIFY_SOURCE=2 sort.c
make[2]: Leaving directory '/<<PKGBUILDDIR>>'
make[2]: Entering directory '/<<PKGBUILDDIR>>'
gcc -o compat-linux.o -c -O2 -finline-functions -fno-strict-aliasing -g -Wall -Wwrite-strings -DGCC_BASE=\"/usr/lib/llvm-6.0/lib/clang/6.0.0/\" -DMULTIARCH_TRIPLET=\"\" -Wp,-MD,./.compat-linux.o.d  -g -O2 -fdebug-prefix-map=/<<PKGBUILDDIR>>=. -fstack-protector-strong -Wformat -Werror=format-security -Wdate-time -D_FORTIFY_SOURCE=2 compat-linux.c
make[2]: Leaving directory '/<<PKGBUILDDIR>>'
make[2]: Entering directory '/<<PKGBUILDDIR>>'
gcc -o inline.o -c -O2 -finline-functions -fno-strict-aliasing -g -Wall -Wwrite-strings -DGCC_BASE=\"/usr/lib/llvm-6.0/lib/clang/6.0.0/\" -DMULTIARCH_TRIPLET=\"\" -Wp,-MD,./.inline.o.d  -g -O2 -fdebug-prefix-map=/<<PKGBUILDDIR>>=. -fstack-protector-strong -Wformat -Werror=format-security -Wdate-time -D_FORTIFY_SOURCE=2 inline.c
make[2]: Leaving directory '/<<PKGBUILDDIR>>'
make[2]: Entering directory '/<<PKGBUILDDIR>>'
gcc -o ptrlist.o -c -O2 -finline-functions -fno-strict-aliasing -g -Wall -Wwrite-strings -DGCC_BASE=\"/usr/lib/llvm-6.0/lib/clang/6.0.0/\" -DMULTIARCH_TRIPLET=\"\" -Wp,-MD,./.ptrlist.o.d  -g -O2 -fdebug-prefix-map=/<<PKGBUILDDIR>>=. -fstack-protector-strong -Wformat -Werror=format-security -Wdate-time -D_FORTIFY_SOURCE=2 ptrlist.c
make[2]: Leaving directory '/<<PKGBUILDDIR>>'
make[2]: Entering directory '/<<PKGBUILDDIR>>'
gcc -o pre-process.o -c -O2 -finline-functions -fno-strict-aliasing -g -Wall -Wwrite-strings -DGCC_BASE=\"/usr/lib/llvm-6.0/lib/clang/6.0.0/\" -DMULTIARCH_TRIPLET=\"\" -Wp,-MD,./.pre-process.o.d  -g -O2 -fdebug-prefix-map=/<<PKGBUILDDIR>>=. -fstack-protector-strong -Wformat -Werror=format-security -Wdate-time -D_FORTIFY_SOURCE=2 pre-process.c
make[2]: Leaving directory '/<<PKGBUILDDIR>>'
make[2]: Entering directory '/<<PKGBUILDDIR>>'
gcc -o builtin.o -c -O2 -finline-functions -fno-strict-aliasing -g -Wall -Wwrite-strings -DGCC_BASE=\"/usr/lib/llvm-6.0/lib/clang/6.0.0/\" -DMULTIARCH_TRIPLET=\"\" -Wp,-MD,./.builtin.o.d  -g -O2 -fdebug-prefix-map=/<<PKGBUILDDIR>>=. -fstack-protector-strong -Wformat -Werror=format-security -Wdate-time -D_FORTIFY_SOURCE=2 builtin.c
make[2]: Leaving directory '/<<PKGBUILDDIR>>'
make[2]: Entering directory '/<<PKGBUILDDIR>>'
gcc -o stats.o -c -O2 -finline-functions -fno-strict-aliasing -g -Wall -Wwrite-strings -DGCC_BASE=\"/usr/lib/llvm-6.0/lib/clang/6.0.0/\" -DMULTIARCH_TRIPLET=\"\" -Wp,-MD,./.stats.o.d  -g -O2 -fdebug-prefix-map=/<<PKGBUILDDIR>>=. -fstack-protector-strong -Wformat -Werror=format-security -Wdate-time -D_FORTIFY_SOURCE=2 stats.c
make[2]: Leaving directory '/<<PKGBUILDDIR>>'
make[2]: Entering directory '/<<PKGBUILDDIR>>'
gcc -o allocate.o -c -O2 -finline-functions -fno-strict-aliasing -g -Wall -Wwrite-strings -DGCC_BASE=\"/usr/lib/llvm-6.0/lib/clang/6.0.0/\" -DMULTIARCH_TRIPLET=\"\" -Wp,-MD,./.allocate.o.d  -g -O2 -fdebug-prefix-map=/<<PKGBUILDDIR>>=. -fstack-protector-strong -Wformat -Werror=format-security -Wdate-time -D_FORTIFY_SOURCE=2 allocate.c
make[2]: Leaving directory '/<<PKGBUILDDIR>>'
make[2]: Entering directory '/<<PKGBUILDDIR>>'
gcc -o parse.o -c -O2 -finline-functions -fno-strict-aliasing -g -Wall -Wwrite-strings -DGCC_BASE=\"/usr/lib/llvm-6.0/lib/clang/6.0.0/\" -DMULTIARCH_TRIPLET=\"\" -Wp,-MD,./.parse.o.d  -g -O2 -fdebug-prefix-map=/<<PKGBUILDDIR>>=. -fstack-protector-strong -Wformat -Werror=format-security -Wdate-time -D_FORTIFY_SOURCE=2 parse.c
parse.c:921:13: warning: explicitly assigning value of variable of type 'struct symbol *' to itself [-Wself-assign]
                base_type = base_type;
                ~~~~~~~~~ ^ ~~~~~~~~~
parse.c:923:13: warning: explicitly assigning value of variable of type 'struct symbol *' to itself [-Wself-assign]
                base_type = base_type;
                ~~~~~~~~~ ^ ~~~~~~~~~
2 warnings generated.
make[2]: Leaving directory '/<<PKGBUILDDIR>>'
make[2]: Entering directory '/<<PKGBUILDDIR>>'
gcc -o memops.o -c -O2 -finline-functions -fno-strict-aliasing -g -Wall -Wwrite-strings -DGCC_BASE=\"/usr/lib/llvm-6.0/lib/clang/6.0.0/\" -DMULTIARCH_TRIPLET=\"\" -Wp,-MD,./.memops.o.d  -g -O2 -fdebug-prefix-map=/<<PKGBUILDDIR>>=. -fstack-protector-strong -Wformat -Werror=format-security -Wdate-time -D_FORTIFY_SOURCE=2 memops.c
make[2]: Leaving directory '/<<PKGBUILDDIR>>'
make[2]: Entering directory '/<<PKGBUILDDIR>>'
gcc -o cse.o -c -O2 -finline-functions -fno-strict-aliasing -g -Wall -Wwrite-strings -DGCC_BASE=\"/usr/lib/llvm-6.0/lib/clang/6.0.0/\" -DMULTIARCH_TRIPLET=\"\" -Wp,-MD,./.cse.o.d  -g -O2 -fdebug-prefix-map=/<<PKGBUILDDIR>>=. -fstack-protector-strong -Wformat -Werror=format-security -Wdate-time -D_FORTIFY_SOURCE=2 cse.c
make[2]: Leaving directory '/<<PKGBUILDDIR>>'
make[2]: Entering directory '/<<PKGBUILDDIR>>'
gcc -o unssa.o -c -O2 -finline-functions -fno-strict-aliasing -g -Wall -Wwrite-strings -DGCC_BASE=\"/usr/lib/llvm-6.0/lib/clang/6.0.0/\" -DMULTIARCH_TRIPLET=\"\" -Wp,-MD,./.unssa.o.d  -g -O2 -fdebug-prefix-map=/<<PKGBUILDDIR>>=. -fstack-protector-strong -Wformat -Werror=format-security -Wdate-time -D_FORTIFY_SOURCE=2 unssa.c
make[2]: Leaving directory '/<<PKGBUILDDIR>>'
make[2]: Entering directory '/<<PKGBUILDDIR>>'
gcc -o test-parsing.o -c -O2 -finline-functions -fno-strict-aliasing -g -Wall -Wwrite-strings -DGCC_BASE=\"/usr/lib/llvm-6.0/lib/clang/6.0.0/\" -DMULTIARCH_TRIPLET=\"\" -Wp,-MD,./.test-parsing.o.d  -g -O2 -fdebug-prefix-map=/<<PKGBUILDDIR>>=. -fstack-protector-strong -Wformat -Werror=format-security -Wdate-time -D_FORTIFY_SOURCE=2 test-parsing.c
make[2]: Leaving directory '/<<PKGBUILDDIR>>'
make[2]: Entering directory '/<<PKGBUILDDIR>>'
gcc -o storage.o -c -O2 -finline-functions -fno-strict-aliasing -g -Wall -Wwrite-strings -DGCC_BASE=\"/usr/lib/llvm-6.0/lib/clang/6.0.0/\" -DMULTIARCH_TRIPLET=\"\" -Wp,-MD,./.storage.o.d  -g -O2 -fdebug-prefix-map=/<<PKGBUILDDIR>>=. -fstack-protector-strong -Wformat -Werror=format-security -Wdate-time -D_FORTIFY_SOURCE=2 storage.c
make[2]: Leaving directory '/<<PKGBUILDDIR>>'
make[2]: Entering directory '/<<PKGBUILDDIR>>'
gcc -o obfuscate.o -c -O2 -finline-functions -fno-strict-aliasing -g -Wall -Wwrite-strings -DGCC_BASE=\"/usr/lib/llvm-6.0/lib/clang/6.0.0/\" -DMULTIARCH_TRIPLET=\"\" -Wp,-MD,./.obfuscate.o.d  -g -O2 -fdebug-prefix-map=/<<PKGBUILDDIR>>=. -fstack-protector-strong -Wformat -Werror=format-security -Wdate-time -D_FORTIFY_SOURCE=2 obfuscate.c
make[2]: Leaving directory '/<<PKGBUILDDIR>>'
make[2]: Entering directory '/<<PKGBUILDDIR>>'
gcc -o dissect.o -c -O2 -finline-functions -fno-strict-aliasing -g -Wall -Wwrite-strings -DGCC_BASE=\"/usr/lib/llvm-6.0/lib/clang/6.0.0/\" -DMULTIARCH_TRIPLET=\"\" -Wp,-MD,./.dissect.o.d  -g -O2 -fdebug-prefix-map=/<<PKGBUILDDIR>>=. -fstack-protector-strong -Wformat -Werror=format-security -Wdate-time -D_FORTIFY_SOURCE=2 dissect.c
make[2]: Leaving directory '/<<PKGBUILDDIR>>'
make[2]: Entering directory '/<<PKGBUILDDIR>>'
gcc -o liveness.o -c -O2 -finline-functions -fno-strict-aliasing -g -Wall -Wwrite-strings -DGCC_BASE=\"/usr/lib/llvm-6.0/lib/clang/6.0.0/\" -DMULTIARCH_TRIPLET=\"\" -Wp,-MD,./.liveness.o.d  -g -O2 -fdebug-prefix-map=/<<PKGBUILDDIR>>=. -fstack-protector-strong -Wformat -Werror=format-security -Wdate-time -D_FORTIFY_SOURCE=2 liveness.c
make[2]: Leaving directory '/<<PKGBUILDDIR>>'
make[2]: Entering directory '/<<PKGBUILDDIR>>'
gcc -o compile.o -c -O2 -finline-functions -fno-strict-aliasing -g -Wall -Wwrite-strings -DGCC_BASE=\"/usr/lib/llvm-6.0/lib/clang/6.0.0/\" -DMULTIARCH_TRIPLET=\"\" -Wp,-MD,./.compile.o.d  -g -O2 -fdebug-prefix-map=/<<PKGBUILDDIR>>=. -fstack-protector-strong -Wformat -Werror=format-security -Wdate-time -D_FORTIFY_SOURCE=2 compile.c
make[2]: Leaving directory '/<<PKGBUILDDIR>>'
make[2]: Entering directory '/<<PKGBUILDDIR>>'
gcc -o simplify.o -c -O2 -finline-functions -fno-strict-aliasing -g -Wall -Wwrite-strings -DGCC_BASE=\"/usr/lib/llvm-6.0/lib/clang/6.0.0/\" -DMULTIARCH_TRIPLET=\"\" -Wp,-MD,./.simplify.o.d  -g -O2 -fdebug-prefix-map=/<<PKGBUILDDIR>>=. -fstack-protector-strong -Wformat -Werror=format-security -Wdate-time -D_FORTIFY_SOURCE=2 simplify.c
make[2]: Leaving directory '/<<PKGBUILDDIR>>'
make[2]: Entering directory '/<<PKGBUILDDIR>>'
gcc -o test-linearize.o -c -O2 -finline-functions -fno-strict-aliasing -g -Wall -Wwrite-strings -DGCC_BASE=\"/usr/lib/llvm-6.0/lib/clang/6.0.0/\" -DMULTIARCH_TRIPLET=\"\" -Wp,-MD,./.test-linearize.o.d  -g -O2 -fdebug-prefix-map=/<<PKGBUILDDIR>>=. -fstack-protector-strong -Wformat -Werror=format-security -Wdate-time -D_FORTIFY_SOURCE=2 test-linearize.c
make[2]: Leaving directory '/<<PKGBUILDDIR>>'
make[2]: Entering directory '/<<PKGBUILDDIR>>'
gcc -o flow.o -c -O2 -finline-functions -fno-strict-aliasing -g -Wall -Wwrite-strings -DGCC_BASE=\"/usr/lib/llvm-6.0/lib/clang/6.0.0/\" -DMULTIARCH_TRIPLET=\"\" -Wp,-MD,./.flow.o.d  -g -O2 -fdebug-prefix-map=/<<PKGBUILDDIR>>=. -fstack-protector-strong -Wformat -Werror=format-security -Wdate-time -D_FORTIFY_SOURCE=2 flow.c
make[2]: Leaving directory '/<<PKGBUILDDIR>>'
make[2]: Entering directory '/<<PKGBUILDDIR>>'
gcc -o graph.o -c -O2 -finline-functions -fno-strict-aliasing -g -Wall -Wwrite-strings -DGCC_BASE=\"/usr/lib/llvm-6.0/lib/clang/6.0.0/\" -DMULTIARCH_TRIPLET=\"\" -Wp,-MD,./.graph.o.d  -g -O2 -fdebug-prefix-map=/<<PKGBUILDDIR>>=. -fstack-protector-strong -Wformat -Werror=format-security -Wdate-time -D_FORTIFY_SOURCE=2 graph.c
make[2]: Leaving directory '/<<PKGBUILDDIR>>'
make[2]: Entering directory '/<<PKGBUILDDIR>>'
gcc -o linearize.o -c -O2 -finline-functions -fno-strict-aliasing -g -Wall -Wwrite-strings -DGCC_BASE=\"/usr/lib/llvm-6.0/lib/clang/6.0.0/\" -DMULTIARCH_TRIPLET=\"\" -Wp,-MD,./.linearize.o.d  -g -O2 -fdebug-prefix-map=/<<PKGBUILDDIR>>=. -fstack-protector-strong -Wformat -Werror=format-security -Wdate-time -D_FORTIFY_SOURCE=2 linearize.c
linearize.c:89:19: warning: unused function 'regno' [-Wunused-function]
static inline int regno(pseudo_t n)
                  ^
1 warning generated.
make[2]: Leaving directory '/<<PKGBUILDDIR>>'
make[2]: Entering directory '/<<PKGBUILDDIR>>'
gcc -o sparse.o -c -O2 -finline-functions -fno-strict-aliasing -g -Wall -Wwrite-strings -DGCC_BASE=\"/usr/lib/llvm-6.0/lib/clang/6.0.0/\" -DMULTIARCH_TRIPLET=\"\" -Wp,-MD,./.sparse.o.d  -g -O2 -fdebug-prefix-map=/<<PKGBUILDDIR>>=. -fstack-protector-strong -Wformat -Werror=format-security -Wdate-time -D_FORTIFY_SOURCE=2 sparse.c
make[2]: Leaving directory '/<<PKGBUILDDIR>>'
make[2]: Entering directory '/<<PKGBUILDDIR>>'
gcc -o test-dissect.o -c -O2 -finline-functions -fno-strict-aliasing -g -Wall -Wwrite-strings -DGCC_BASE=\"/usr/lib/llvm-6.0/lib/clang/6.0.0/\" -DMULTIARCH_TRIPLET=\"\" -Wp,-MD,./.test-dissect.o.d  -g -O2 -fdebug-prefix-map=/<<PKGBUILDDIR>>=. -fstack-protector-strong -Wformat -Werror=format-security -Wdate-time -D_FORTIFY_SOURCE=2 test-dissect.c
make[2]: Leaving directory '/<<PKGBUILDDIR>>'
make[2]: Entering directory '/<<PKGBUILDDIR>>'
gcc -o test-unssa.o -c -O2 -finline-functions -fno-strict-aliasing -g -Wall -Wwrite-strings -DGCC_BASE=\"/usr/lib/llvm-6.0/lib/clang/6.0.0/\" -DMULTIARCH_TRIPLET=\"\" -Wp,-MD,./.test-unssa.o.d  -g -O2 -fdebug-prefix-map=/<<PKGBUILDDIR>>=. -fstack-protector-strong -Wformat -Werror=format-security -Wdate-time -D_FORTIFY_SOURCE=2 test-unssa.c
make[2]: Leaving directory '/<<PKGBUILDDIR>>'
make[2]: Entering directory '/<<PKGBUILDDIR>>'
gcc -o evaluate.o -c -O2 -finline-functions -fno-strict-aliasing -g -Wall -Wwrite-strings -DGCC_BASE=\"/usr/lib/llvm-6.0/lib/clang/6.0.0/\" -DMULTIARCH_TRIPLET=\"\" -Wp,-MD,./.evaluate.o.d  -g -O2 -fdebug-prefix-map=/<<PKGBUILDDIR>>=. -fstack-protector-strong -Wformat -Werror=format-security -Wdate-time -D_FORTIFY_SOURCE=2 evaluate.c
make[2]: Leaving directory '/<<PKGBUILDDIR>>'
make[2]: Entering directory '/<<PKGBUILDDIR>>'
gcc -o ctags.o -c -O2 -finline-functions -fno-strict-aliasing -g -Wall -Wwrite-strings -DGCC_BASE=\"/usr/lib/llvm-6.0/lib/clang/6.0.0/\" -DMULTIARCH_TRIPLET=\"\" -Wp,-MD,./.ctags.o.d  -g -O2 -fdebug-prefix-map=/<<PKGBUILDDIR>>=. -fstack-protector-strong -Wformat -Werror=format-security -Wdate-time -D_FORTIFY_SOURCE=2 ctags.c
make[2]: Leaving directory '/<<PKGBUILDDIR>>'
make[2]: Entering directory '/<<PKGBUILDDIR>>'
gcc -o c2xml.o -c -O2 -finline-functions -fno-strict-aliasing -g -Wall -Wwrite-strings -DGCC_BASE=\"/usr/lib/llvm-6.0/lib/clang/6.0.0/\" -DMULTIARCH_TRIPLET=\"\" -Wp,-MD,./.c2xml.o.d -I/usr/include/libxml2 -g -O2 -fdebug-prefix-map=/<<PKGBUILDDIR>>=. -fstack-protector-strong -Wformat -Werror=format-security -Wdate-time -D_FORTIFY_SOURCE=2 c2xml.c
make[2]: Leaving directory '/<<PKGBUILDDIR>>'
make[2]: Entering directory '/<<PKGBUILDDIR>>'
sed 's|@version@|0.5.2|g; s|@prefix@|/usr|g; s|@libdir@|/usr/lib|g; s|@includedir@|/usr/include|g' sparse.pc.in > sparse.pc
make[2]: Leaving directory '/<<PKGBUILDDIR>>'
make[2]: Entering directory '/<<PKGBUILDDIR>>'
gcc -o ast-view.o -c -O2 -finline-functions -fno-strict-aliasing -g -Wall -Wwrite-strings -DGCC_BASE=\"/usr/lib/llvm-6.0/lib/clang/6.0.0/\" -DMULTIARCH_TRIPLET=\"\" -Wp,-MD,./.ast-view.o.d -pthread -I/usr/include/gtk-2.0 -I/usr/lib/x86_64-linux-gnu/gtk-2.0/include -I/usr/include/gio-unix-2.0/ -I/usr/include/cairo -I/usr/include/pango-1.0 -I/usr/include/atk-1.0 -I/usr/include/cairo -I/usr/include/pixman-1 -I/usr/include/gdk-pixbuf-2.0 -I/usr/include/libpng16 -I/usr/include/pango-1.0 -I/usr/include/harfbuzz -I/usr/include/pango-1.0 -I/usr/include/glib-2.0 -I/usr/lib/x86_64-linux-gnu/glib-2.0/include -I/usr/include/fribidi -I/usr/include/uuid -I/usr/include/freetype2 -I/usr/include/libpng16 -g -O2 -fdebug-prefix-map=/<<PKGBUILDDIR>>=. -fstack-protector-strong -Wformat -Werror=format-security -Wdate-time -D_FORTIFY_SOURCE=2 ast-view.c
make[2]: Leaving directory '/<<PKGBUILDDIR>>'
make[2]: Entering directory '/<<PKGBUILDDIR>>'
gcc -o test-inspect.o -c -O2 -finline-functions -fno-strict-aliasing -g -Wall -Wwrite-strings -DGCC_BASE=\"/usr/lib/llvm-6.0/lib/clang/6.0.0/\" -DMULTIARCH_TRIPLET=\"\" -Wp,-MD,./.test-inspect.o.d -pthread -I/usr/include/gtk-2.0 -I/usr/lib/x86_64-linux-gnu/gtk-2.0/include -I/usr/include/gio-unix-2.0/ -I/usr/include/cairo -I/usr/include/pango-1.0 -I/usr/include/atk-1.0 -I/usr/include/cairo -I/usr/include/pixman-1 -I/usr/include/gdk-pixbuf-2.0 -I/usr/include/libpng16 -I/usr/include/pango-1.0 -I/usr/include/harfbuzz -I/usr/include/pango-1.0 -I/usr/include/glib-2.0 -I/usr/lib/x86_64-linux-gnu/glib-2.0/include -I/usr/include/fribidi -I/usr/include/uuid -I/usr/include/freetype2 -I/usr/include/libpng16 -g -O2 -fdebug-prefix-map=/<<PKGBUILDDIR>>=. -fstack-protector-strong -Wformat -Werror=format-security -Wdate-time -D_FORTIFY_SOURCE=2 test-inspect.c
make[2]: Leaving directory '/<<PKGBUILDDIR>>'
make[2]: Entering directory '/<<PKGBUILDDIR>>'
gcc -o ast-model.o -c -O2 -finline-functions -fno-strict-aliasing -g -Wall -Wwrite-strings -DGCC_BASE=\"/usr/lib/llvm-6.0/lib/clang/6.0.0/\" -DMULTIARCH_TRIPLET=\"\" -Wp,-MD,./.ast-model.o.d -pthread -I/usr/include/gtk-2.0 -I/usr/lib/x86_64-linux-gnu/gtk-2.0/include -I/usr/include/gio-unix-2.0/ -I/usr/include/cairo -I/usr/include/pango-1.0 -I/usr/include/atk-1.0 -I/usr/include/cairo -I/usr/include/pixman-1 -I/usr/include/gdk-pixbuf-2.0 -I/usr/include/libpng16 -I/usr/include/pango-1.0 -I/usr/include/harfbuzz -I/usr/include/pango-1.0 -I/usr/include/glib-2.0 -I/usr/lib/x86_64-linux-gnu/glib-2.0/include -I/usr/include/fribidi -I/usr/include/uuid -I/usr/include/freetype2 -I/usr/include/libpng16 -g -O2 -fdebug-prefix-map=/<<PKGBUILDDIR>>=. -fstack-protector-strong -Wformat -Werror=format-security -Wdate-time -D_FORTIFY_SOURCE=2 ast-model.c
make[2]: Leaving directory '/<<PKGBUILDDIR>>'
make[2]: Entering directory '/<<PKGBUILDDIR>>'
gcc -o ast-inspect.o -c -O2 -finline-functions -fno-strict-aliasing -g -Wall -Wwrite-strings -DGCC_BASE=\"/usr/lib/llvm-6.0/lib/clang/6.0.0/\" -DMULTIARCH_TRIPLET=\"\" -Wp,-MD,./.ast-inspect.o.d -pthread -I/usr/include/gtk-2.0 -I/usr/lib/x86_64-linux-gnu/gtk-2.0/include -I/usr/include/gio-unix-2.0/ -I/usr/include/cairo -I/usr/include/pango-1.0 -I/usr/include/atk-1.0 -I/usr/include/cairo -I/usr/include/pixman-1 -I/usr/include/gdk-pixbuf-2.0 -I/usr/include/libpng16 -I/usr/include/pango-1.0 -I/usr/include/harfbuzz -I/usr/include/pango-1.0 -I/usr/include/glib-2.0 -I/usr/lib/x86_64-linux-gnu/glib-2.0/include -I/usr/include/fribidi -I/usr/include/uuid -I/usr/include/freetype2 -I/usr/include/libpng16 -g -O2 -fdebug-prefix-map=/<<PKGBUILDDIR>>=. -fstack-protector-strong -Wformat -Werror=format-security -Wdate-time -D_FORTIFY_SOURCE=2 ast-inspect.c
make[2]: Leaving directory '/<<PKGBUILDDIR>>'
make[2]: Entering directory '/<<PKGBUILDDIR>>'
gcc -o lib.o -c -O2 -finline-functions -fno-strict-aliasing -g -Wall -Wwrite-strings -DGCC_BASE=\"/usr/lib/llvm-6.0/lib/clang/6.0.0/\" -DMULTIARCH_TRIPLET=\"\" -Wp,-MD,./.lib.o.d  -g -O2 -fdebug-prefix-map=/<<PKGBUILDDIR>>=. -fstack-protector-strong -Wformat -Werror=format-security -Wdate-time -D_FORTIFY_SOURCE=2 lib.c
make[2]: Leaving directory '/<<PKGBUILDDIR>>'
make[2]: Entering directory '/<<PKGBUILDDIR>>'
ar rcs libsparse.a target.o parse.o tokenize.o pre-process.o symbol.o lib.o scope.o expression.o show-parse.o evaluate.o expand.o inline.o linearize.o char.o sort.o allocate.o compat-linux.o ptrlist.o builtin.o stats.o flow.o cse.o simplify.o memops.o liveness.o storage.o unssa.o dissect.o
make[2]: Leaving directory '/<<PKGBUILDDIR>>'
make[2]: Entering directory '/<<PKGBUILDDIR>>'
gcc -Wl,-z,relro -Wl,-z,now -g -Wl,--as-needed -o graph graph.o libsparse.a 
make[2]: Leaving directory '/<<PKGBUILDDIR>>'
make[2]: Entering directory '/<<PKGBUILDDIR>>'
gcc -Wl,-z,relro -Wl,-z,now -g -Wl,--as-needed -o obfuscate obfuscate.o libsparse.a 
make[2]: Leaving directory '/<<PKGBUILDDIR>>'
make[2]: Entering directory '/<<PKGBUILDDIR>>'
gcc -Wl,-z,relro -Wl,-z,now -g -Wl,--as-needed -o test-parsing test-parsing.o libsparse.a 
make[2]: Leaving directory '/<<PKGBUILDDIR>>'
make[2]: Entering directory '/<<PKGBUILDDIR>>'
gcc -Wl,-z,relro -Wl,-z,now -g -Wl,--as-needed -o test-lexing test-lexing.o libsparse.a 
make[2]: Leaving directory '/<<PKGBUILDDIR>>'
make[2]: Entering directory '/<<PKGBUILDDIR>>'
gcc -Wl,-z,relro -Wl,-z,now -g -Wl,--as-needed -o sparse sparse.o libsparse.a 
make[2]: Leaving directory '/<<PKGBUILDDIR>>'
make[2]: Entering directory '/<<PKGBUILDDIR>>'
gcc -o sparse-llvm.o -c -O2 -finline-functions -fno-strict-aliasing -g -Wall -Wwrite-strings -DGCC_BASE=\"/usr/lib/llvm-6.0/lib/clang/6.0.0/\" -DMULTIARCH_TRIPLET=\"\" -Wp,-MD,./.sparse-llvm.o.d -I/usr/lib/llvm-4.0/include -g -O2 -fdebug-prefix-map=/build/llvm-toolchain-4.0-nPbLJg/llvm-toolchain-4.0-4.0.1=. -fstack-protector-strong -Wformat -Werror=format-security -fPIC -Wall -W -Wno-unused-parameter -Wwrite-strings -Wno-missing-field-initializers  -Wno-long-long -Wno-comment -Werror=date-time -ffunction-sections -fdata-sections -O2 -g  -D_GNU_SOURCE -D__STDC_CONSTANT_MACROS -D__STDC_FORMAT_MACROS -D__STDC_LIMIT_MACROS -g -O2 -fdebug-prefix-map=/<<PKGBUILDDIR>>=. -fstack-protector-strong -Wformat -Werror=format-security -Wdate-time -D_FORTIFY_SOURCE=2 sparse-llvm.c
make[2]: Leaving directory '/<<PKGBUILDDIR>>'
make[2]: Entering directory '/<<PKGBUILDDIR>>'
gcc -Wl,-z,relro -Wl,-z,now -g -Wl,--as-needed -o test-dissect test-dissect.o libsparse.a 
make[2]: Leaving directory '/<<PKGBUILDDIR>>'
make[2]: Entering directory '/<<PKGBUILDDIR>>'
gcc -Wl,-z,relro -Wl,-z,now -g -Wl,--as-needed -o test-linearize test-linearize.o libsparse.a 
make[2]: Leaving directory '/<<PKGBUILDDIR>>'
make[2]: Entering directory '/<<PKGBUILDDIR>>'
gcc -Wl,-z,relro -Wl,-z,now -g -Wl,--as-needed -o test-unssa test-unssa.o libsparse.a 
make[2]: Leaving directory '/<<PKGBUILDDIR>>'
make[2]: Entering directory '/<<PKGBUILDDIR>>'
gcc -Wl,-z,relro -Wl,-z,now -g -Wl,--as-needed -o ctags ctags.o libsparse.a 
make[2]: Leaving directory '/<<PKGBUILDDIR>>'
make[2]: Entering directory '/<<PKGBUILDDIR>>'
gcc -o compile-i386.o -c -O2 -finline-functions -fno-strict-aliasing -g -Wall -Wwrite-strings -DGCC_BASE=\"/usr/lib/llvm-6.0/lib/clang/6.0.0/\" -DMULTIARCH_TRIPLET=\"\" -Wp,-MD,./.compile-i386.o.d  -g -O2 -fdebug-prefix-map=/<<PKGBUILDDIR>>=. -fstack-protector-strong -Wformat -Werror=format-security -Wdate-time -D_FORTIFY_SOURCE=2 compile-i386.c
make[2]: Leaving directory '/<<PKGBUILDDIR>>'
make[2]: Entering directory '/<<PKGBUILDDIR>>'
gcc -Wl,-z,relro -Wl,-z,now -g -Wl,--as-needed -o test-inspect test-inspect.o ast-model.o ast-view.o ast-inspect.o libsparse.a -lgtk-x11-2.0 -lgdk-x11-2.0 -lpangocairo-1.0 -latk-1.0 -lcairo -lgdk_pixbuf-2.0 -lgio-2.0 -lpangoft2-1.0 -lpango-1.0 -lgobject-2.0 -lglib-2.0 -lfribidi -lfontconfig -lfreetype
make[2]: Leaving directory '/<<PKGBUILDDIR>>'
make[2]: Entering directory '/<<PKGBUILDDIR>>'
gcc -Wl,-z,relro -Wl,-z,now -g -Wl,--as-needed -o compile compile.o compile-i386.o libsparse.a 
make[2]: Leaving directory '/<<PKGBUILDDIR>>'
make[2]: Entering directory '/<<PKGBUILDDIR>>'
gcc -Wl,-z,relro -Wl,-z,now -g -Wl,--as-needed -o c2xml c2xml.o libsparse.a `pkg-config --libs libxml-2.0`
make[2]: Leaving directory '/<<PKGBUILDDIR>>'
make[2]: Entering directory '/<<PKGBUILDDIR>>'
g++ -Wl,-z,relro -Wl,-z,now -g -Wl,--as-needed -o sparse-llvm sparse-llvm.o libsparse.a -lLLVM-4.0  -Wl,--no-as-needed  -L/usr/lib/llvm-4.0/lib  -Wl,--as-needed
make[2]: Leaving directory '/<<PKGBUILDDIR>>'
make[2]: Entering directory '/<<PKGBUILDDIR>>'
gcc -o example.o -c -O2 -finline-functions -fno-strict-aliasing -g -Wall -Wwrite-strings -DGCC_BASE=\"/usr/lib/llvm-6.0/lib/clang/6.0.0/\" -DMULTIARCH_TRIPLET=\"\" -Wp,-MD,./.example.o.d  -g -O2 -fdebug-prefix-map=/<<PKGBUILDDIR>>=. -fstack-protector-strong -Wformat -Werror=format-security -Wdate-time -D_FORTIFY_SOURCE=2 example.c
make[2]: Leaving directory '/<<PKGBUILDDIR>>'
make[2]: Entering directory '/<<PKGBUILDDIR>>'
gcc -Wl,-z,relro -Wl,-z,now -g -Wl,--as-needed -o example example.o libsparse.a 
make[2]: Leaving directory '/<<PKGBUILDDIR>>'
make[1]: Leaving directory '/<<PKGBUILDDIR>>'
   debian/rules override_dh_auto_test
make[1]: Entering directory '/<<PKGBUILDDIR>>'
dh_auto_test -- V=1 SPARSE_VERSION="\$(VERSION) (Debian: 0.5.2-1)" PREFIX=/usr PKGCONFIGDIR=/usr/lib/x86_64-linux-gnu/pkgconfig
	make -j8 -Oline check V=1 "SPARSE_VERSION=\$(VERSION) (Debian: 0.5.2-1)" PREFIX=/usr PKGCONFIGDIR=/usr/lib/x86_64-linux-gnu/pkgconfig
make[2]: Entering directory '/<<PKGBUILDDIR>>'
echo '#define SPARSE_VERSION "0.5.2 (Debian: 0.5.2-1)"' > version.h.tmp; \
if cmp -s version.h version.h.tmp; then \
	rm version.h.tmp; \
else \
	mv version.h.tmp version.h; \
fi
make[2]: Leaving directory '/<<PKGBUILDDIR>>'
make[2]: Entering directory '/<<PKGBUILDDIR>>'
cd validation && ./test-suite
     TEST    Woverride-init-def (Woverride-init-def.c)
        Using command       : ../sparse Woverride-init-def.c
        Expecting exit value: 0
     TEST    Woverride-init-no (Woverride-init-no.c)
        Using command       : ../sparse -Wno-override-init Woverride-init-no.c
        Expecting exit value: 0
     TEST    Woverride-init-yes (Woverride-init-yes.c)
        Using command       : ../sparse -Woverride-init Woverride-init-yes.c
        Expecting exit value: 0
     TEST    warn-unknown-attribute (Wunknown-attribute-def.c)
        Using command       : ../sparse Wunknown-attribute-def.c
        Expecting exit value: 0
     TEST    warn-unknown-attribute-no (Wunknown-attribute-no.c)
        Using command       : ../sparse -Wno-unknown-attribute Wunknown-attribute-no.c
        Expecting exit value: 0
     TEST    warn-unknown-attribute-yes (Wunknown-attribute-yes.c)
        Using command       : ../sparse -Wunknown-attribute Wunknown-attribute-yes.c
        Expecting exit value: 0
     TEST    __func__ (__func__.c)
        Using command       : ../sparse -Wall __func__.c
        Expecting exit value: 0
     TEST    abstract array declarator static (abstract-array-declarator-static.c)
        Using command       : ../sparse abstract-array-declarator-static.c
        Expecting exit value: 0
     TEST    address_space attribute (address_space.c)
        Using command       : ../sparse address_space.c
        Expecting exit value: 0
     TEST    alias distinct symbols (alias-distinct.c)
        Using command       : ../test-linearize alias-distinct.c
        Expecting exit value: 0
     TEST    alias symbol/pointer (alias-mixed.c)
        Using command       : ../test-linearize alias-mixed.c
        Expecting exit value: 0
     TEST    alias same symbols (alias-same.c)
        Using command       : ../test-linearize alias-same.c
        Expecting exit value: 0
     TEST    attribute __alloc_align__ (alloc-align.c)
        Using command       : ../sparse alloc-align.c
        Expecting exit value: 0
     TEST    alternate keywords (alternate-keywords.c)
        Using command       : ../sparse alternate-keywords.c
        Expecting exit value: 0
     TEST    test anonymous union initializer (anon-union.c)
        Using command       : ../sparse anon-union.c
        Expecting exit value: 0
     TEST    Asm with goto labels. (asm-empty-clobber.c)
        Using command       : ../sparse asm-empty-clobber.c
        Expecting exit value: 0
     TEST    Asm with goto labels. (asm-goto-lables.c)
        Using command       : ../sparse asm-goto-lables.c
        Expecting exit value: 0
     TEST    asm-toplevel.c (asm-toplevel.c)
        Using command       : ../test-linearize asm-toplevel.c
        Expecting exit value: 0
     TEST    inline attributes (attr-inline.c)
        Using command       : ../sparse attr-inline.c
        Expecting exit value: 0
     TEST    attribute no_sanitize_address (attr-no_sanitize_address.c)
        Using command       : ../sparse attr-no_sanitize_address.c
        Expecting exit value: 0
     TEST    attribute noclone (attr-noclone.c)
        Using command       : ../sparse attr-noclone.c
        Expecting exit value: 0
     TEST    optimize attributes (attr-optimize.c)
        Using command       : ../sparse attr-optimize.c
        Expecting exit value: 0
     TEST    attribute warning (attr-warning.c)
        Using command       : ../sparse attr-warning.c
        Expecting exit value: 0
     TEST    attribute assume_aligned (attr_aligned.c)
        Using command       : ../sparse attr_aligned.c
        Expecting exit value: 0
     TEST    attribute after ( in direct-declarator (attr_in_parameter.c)
        Using command       : ../sparse attr_in_parameter.c
        Expecting exit value: 0
     TEST    attribute vector_size (attr_vector_size.c)
        Using command       : ../sparse attr_vector_size.c
        Expecting exit value: 0
     TEST    Arithmetic operator code generation (backend/arithmetic-ops.c)
        Using command       : ../sparsec -c backend/arithmetic-ops.c -o tmp.o
        Expecting exit value: 0
     TEST    Array code generation (backend/array.c)
        Using command       : ../sparsec -c backend/array.c -o tmp.o
        Expecting exit value: 0
     TEST    Bitwise operator code generation (backend/bitwise-ops.c)
        Using command       : ../sparsec -c backend/bitwise-ops.c -o tmp.o
        Expecting exit value: 0
     TEST    Boolean type code generation (backend/bool-test.c)
        Using command       : ../sparsec -c backend/bool-test.c -o tmp.o
        Expecting exit value: 0
     TEST    Cast code generation (backend/cast.c)
        Using command       : ../sparsec -c backend/cast.c -o tmp.o
        Expecting exit value: 0
     TEST    Comparison operator code generation (backend/cmp-ops.c)
        Using command       : ../sparsec -c backend/cmp-ops.c -o tmp.o
        Expecting exit value: 0
     TEST    Extern symbol code generation (backend/extern.c)
        Using command       : ../sparsec -c backend/extern.c -o tmp.o
        Expecting exit value: 0
     TEST    Function pointer code generation (backend/function-ptr.c)
        Using command       : ../sparsec -c backend/function-ptr.c -o tmp.o
        Expecting exit value: 0
     TEST    'hello, world' code generation (backend/hello.c)
        Using command       : ../sparsec -c backend/hello.c -o tmp.o
        Expecting exit value: 0
error: actual error text does not match expected error text.
error: see backend/hello.c.error.* for further investigation.
--- backend/hello.c.error.expected	2018-05-02 13:06:40.500588294 +0000
+++ backend/hello.c.error.got	2018-05-02 13:06:40.480588760 +0000
@@ -0,0 +1 @@
+/usr/include/stdio.h:27:11: error: unable to open 'bits/libc-header-start.h'
     TEST    Non-bool condition values in branch/select (backend/int-cond.c)
        Using command       : ../sparsec -c backend/int-cond.c -o tmp.o
        Expecting exit value: 0
     TEST    Type of loaded objects (backend/load-type.c)
        Using command       : ../sparsec -c backend/load-type.c -o tmp.o
        Expecting exit value: 0
     TEST    Logical operator code generation (backend/logical-ops.c)
        Using command       : ../sparsec -c backend/logical-ops.c -o tmp.o
        Expecting exit value: 0
     TEST    Loops (backend/loop.c)
        Using command       : ../sparsec -c backend/loop.c -o tmp.o
        Expecting exit value: 0
     TEST    Loops with unused counter (backend/loop2.c)
        Using command       : ../sparsec -c backend/loop2.c -o tmp.o
        Expecting exit value: 0
     TEST    Pointer cast code generation (backend/ptrcast.c)
        Using command       : ../sparsec -c backend/ptrcast.c -o tmp.o
        Expecting exit value: 0
     TEST    Type of stored objects (backend/store-type.c)
        Using command       : ../sparsec -c backend/store-type.c -o tmp.o
        Expecting exit value: 0
     TEST    struct access code generation (backend/struct-access.c)
        Using command       : ../sparsec -c backend/struct-access.c -o tmp.o
        Expecting exit value: 0
     TEST    Struct code generation (backend/struct.c)
        Using command       : ../sparsec -c backend/struct.c -o tmp.o
        Expecting exit value: 0
     TEST    sum from 1 to n (backend/sum.c)
        Using command       : ../sparsei backend/sum.c
        Expecting exit value: 0
error: actual output text does not match expected output text.
error: see backend/sum.c.output.* for further investigation.
--- backend/sum.c.output.expected	2018-05-02 13:06:40.876579520 +0000
+++ backend/sum.c.output.got	2018-05-02 13:06:40.856579987 +0000
@@ -1,2 +0,0 @@
-15
-5050
error: actual error text does not match expected error text.
error: see backend/sum.c.error.* for further investigation.
--- backend/sum.c.error.expected	2018-05-02 13:06:40.880579426 +0000
+++ backend/sum.c.error.got	2018-05-02 13:06:40.876579520 +0000
@@ -0,0 +1,2 @@
+/usr/include/stdio.h:27:11: error: unable to open 'bits/libc-header-start.h'
+'main' function not found in module.
error: Actual exit value does not match the expected one.
error: expected 0, got 255.
     TEST    Union code generation (backend/union.c)
        Using command       : ../sparsec -c backend/union.c -o tmp.o
        Expecting exit value: 0
     TEST    void return type code generation (backend/void-return-type.c)
        Using command       : ../sparsec -c backend/void-return-type.c -o tmp.o
        Expecting exit value: 0
     TEST    Bad array designated initializer (bad-array-designated-initializer.c)
        Using command       : ../sparse bad-array-designated-initializer.c
        Expecting exit value: 0
     TEST    bad assignment (bad-assignment.c)
        Using command       : ../sparse bad-assignment.c
        Expecting exit value: 0
     TEST    Bad cast syntax (bad-cast.c)
        Using command       : ../sparse bad-cast.c
        Expecting exit value: 0
     TEST    Bad ternary syntax (bad-ternary-cond.c)
        Using command       : ../sparse bad-ternary-cond.c
        Expecting exit value: 0
     TEST    Bad typeof syntax segfault (bad-typeof.c)
        Using command       : ../sparse bad-typeof.c
        Expecting exit value: 0
     TEST    enum not in scope (badtype1.c)
        Using command       : ../sparse badtype1.c
        Expecting exit value: 0
error: actual error text does not match expected error text.
error: see badtype1.c.error.* for further investigation.
--- badtype1.c.error.expected	2018-05-02 13:06:40.996576720 +0000
+++ badtype1.c.error.got	2018-05-02 13:06:40.992576813 +0000
@@ -1 +0,0 @@
-badtype1.c:1:22: warning: bad scope for 'enum bar'
info: test 'badtype1.c' is known to fail
     TEST    missing type (badtype2.c)
        Using command       : ../sparse badtype2.c
        Expecting exit value: 0
     TEST    missing type in argument list (badtype3.c)
        Using command       : ../sparse badtype3.c
        Expecting exit value: 0
     TEST    switch(bad_type) {...} segfault (badtype4.c)
        Using command       : ../sparse badtype4.c
        Expecting exit value: 0
     TEST    badtype5.c (badtype5.c)
        Using command       : ../sparse badtype5.c
        Expecting exit value: 0
     TEST    binary constant (binary-constant.c)
        Using command       : ../sparse binary-constant.c
        Expecting exit value: 0
     TEST    bitfield size (bitfield-size.c)
        Using command       : ../test-linearize -Wno-decl bitfield-size.c
        Expecting exit value: 0
     TEST    bitfield to integer promotion (bitfields.c)
        Using command       : ../sparse bitfields.c
        Expecting exit value: 0
     TEST    conversions to bitwise types (bitwise-cast.c)
        Using command       : ../sparse -Wbitwise bitwise-cast.c
        Expecting exit value: 0
     TEST    sizeof(bool array) (bool-array.c)
        Using command       : ../sparse -Wno-sizeof-bool bool-array.c
        Expecting exit value: 0
     TEST    bool-cast-bad.c (bool-cast-bad.c)
        Using command       : ../sparse bool-cast-bad.c
        Expecting exit value: 0
     TEST    bool-cast-explicit (bool-cast-explicit.c)
        Using command       : ../test-linearize -m64 bool-cast-explicit.c
        Expecting exit value: 0
     TEST    bool-cast-implicit (bool-cast-implicit.c)
        Using command       : ../test-linearize -m64 bool-cast-implicit.c
        Expecting exit value: 0
     TEST    bool-cast-restricted.c (bool-cast-restricted.c)
        Using command       : ../sparse -Wno-decl bool-cast-restricted.c
        Expecting exit value: 0
     TEST    constant folding in bswap builtins (bswap-constant-folding.c)
        Using command       : ../sparse bswap-constant-folding.c
        Expecting exit value: 0
     TEST    inlining switch statement (bug_inline_switch.c)
        Using command       : ../sparse bug_inline_switch.c
        Expecting exit value: 0
     TEST    builtin-args-checking (builtin-args-checking.c)
        Using command       : ../sparse builtin-args-checking.c
        Expecting exit value: 0
     TEST    builtin-bswap-constant (builtin-bswap-constant.c)
        Using command       : ../test-linearize builtin-bswap-constant.c
        Expecting exit value: 0
     TEST    builtin-bswap (builtin-bswap-variable.c)
        Using command       : ../test-linearize builtin-bswap-variable.c
        Expecting exit value: 0
     TEST    __builtin_atomic (builtin_atomic.c)
        Using command       : ../sparse builtin_atomic.c
        Expecting exit value: 0
     TEST    __builtin_bswap (builtin_bswap.c)
        Using command       : ../sparse builtin_bswap.c
        Expecting exit value: 0
     TEST    __builtin INFINITY / nan() (builtin_inf.c)
        Using command       : ../sparse builtin_inf.c
        Expecting exit value: 0
     TEST    __builtin_safe (builtin_safe1.c)
        Using command       : ../sparse builtin_safe1.c
        Expecting exit value: 0
     TEST    __builtin_unreachable() (builtin_unreachable.c)
        Using command       : ../sparse builtin_unreachable.c
        Expecting exit value: 0
     TEST    __builtin_va_arg_pack() (builtin_va_arg_pack.c)
        Using command       : ../sparse builtin_va_arg_pack.c
        Expecting exit value: 0
     TEST    c11-alignas (c11-alignas.c)
        Using command       : ../test-linearize -std=c11 c11-alignas.c
        Expecting exit value: 0
     TEST    c11-alignof (c11-alignof.c)
        Using command       : ../test-linearize -std=c11 c11-alignof.c
        Expecting exit value: 0
     TEST    c11-noreturn (c11-noreturn.c)
        Using command       : ../test-parsing -std=c11 c11-noreturn.c
        Expecting exit value: 0
     TEST    c11-stdc-version (c11-stdc-version.c)
        Using command       : ../sparse -E -std=c11 c11-stdc-version.c
        Expecting exit value: 0
     TEST    c11-thread-local (c11-thread-local.c)
        Using command       : ../test-parsing -std=c11 c11-thread-local.c
        Expecting exit value: 0
     TEST    C99 for-loop declarations (c99-for-loop-decl.c)
        Using command       : ../sparse c99-for-loop-decl.c
        Expecting exit value: 0
     TEST    C99 for loop variable declaration (c99-for-loop.c)
        Using command       : ../test-linearize c99-for-loop.c
        Expecting exit value: 0
     TEST    Calling convention attributes (calling-convention-attributes.c)
        Using command       : ../sparse calling-convention-attributes.c
        Expecting exit value: 0
     TEST    cast-constant-to-float (cast-constant-to-float.c)
        Using command       : ../test-linearize -Wno-decl cast-constant-to-float.c
        Expecting exit value: 0
     TEST    cast-constants.c (cast-constants.c)
        Using command       : ../test-linearize -m64 cast-constants.c
        Expecting exit value: 0
     TEST    cast-kinds (cast-kinds.c)
        Using command       : ../test-linearize -m64 cast-kinds.c
        Expecting exit value: 0
     TEST    Segfault in check_byte_count after syntax error (check_byte_count-ice.c)
        Using command       : ../sparse check_byte_count-ice.c
        Expecting exit value: 0
     TEST    choose expr builtin (choose_expr.c)
        Using command       : ../sparse choose_expr.c
        Expecting exit value: 0
     TEST    Comma and array decay (comma.c)
        Using command       : ../sparse comma.c
        Expecting exit value: 0
     TEST    Compare null pointer constant to int (compare-null-to-int.c)
        Using command       : ../sparse compare-null-to-int.c
        Expecting exit value: 0
     TEST    compound-assign-type (compound-assign-type.c)
        Using command       : ../test-linearize -m64 compound-assign-type.c
        Expecting exit value: 0
     TEST    cond-address-array.c (cond-address-array.c)
        Using command       : ../test-linearize -Wno-decl -Waddress cond-address-array.c
        Expecting exit value: 0
     TEST    cond-address-function (cond-address-function.c)
        Using command       : ../test-linearize -Wno-decl -Waddress cond-address-function.c
        Expecting exit value: 0
     TEST    cond-address.c (cond-address.c)
        Using command       : ../test-linearize -Wno-decl cond-address.c
        Expecting exit value: 0
     TEST    cond-err-expand.c (cond-err-expand.c)
        Using command       : ../test-linearize -Wno-decl cond-err-expand.c
        Expecting exit value: 0
     TEST    Two-argument conditional expression types (cond_expr.c)
        Using command       : ../sparse cond_expr.c
        Expecting exit value: 0
     TEST    type of conditional expression (cond_expr2.c)
        Using command       : ../sparse cond_expr2.c
        Expecting exit value: 0
     TEST    result type of relational and logical operators (cond_expr3.c)
        Using command       : ../sparse cond_expr3.c
        Expecting exit value: 0
     TEST    conditional-type (conditional-type.c)
        Using command       : ../sparse conditional-type.c
        Expecting exit value: 0
     TEST    address of static object's member constness verification. (constexpr-addr-of-static-member.c)
        Using command       : ../sparse -Wconstexpr-not-const constexpr-addr-of-static-member.c
        Expecting exit value: 0
     TEST    address of static object constness verification. (constexpr-addr-of-static.c)
        Using command       : ../sparse -Wconstexpr-not-const constexpr-addr-of-static.c
        Expecting exit value: 0
     TEST    Expression constness propagation in binops and alike (constexpr-binop.c)
        Using command       : ../sparse constexpr-binop.c
        Expecting exit value: 0
     TEST    Expression constness propagation in casts (constexpr-cast.c)
        Using command       : ../sparse constexpr-cast.c
        Expecting exit value: 0
     TEST    compound literal address constness verification (constexpr-compound-literal.c)
        Using command       : ../sparse -Wconstexpr-not-const constexpr-compound-literal.c
        Expecting exit value: 0
     TEST    Expression constness propagation in conditional expressions (constexpr-conditional.c)
        Using command       : ../sparse constexpr-conditional.c
        Expecting exit value: 0
     TEST    static storage object initializer constness verification. (constexpr-init.c)
        Using command       : ../sparse -Wconstexpr-not-const constexpr-init.c
        Expecting exit value: 0
     TEST    label reference constness verification. (constexpr-labelref.c)
        Using command       : ../sparse -Wconstexpr-not-const constexpr-labelref.c
        Expecting exit value: 0
     TEST    __builtin_offsetof() constness verification. (constexpr-offsetof.c)
        Using command       : ../sparse constexpr-offsetof.c
        Expecting exit value: 0
     TEST    pointer arithmetic constness verification. (constexpr-pointer-arith.c)
        Using command       : ../sparse -Wconstexpr-not-const constexpr-pointer-arith.c
        Expecting exit value: 0
     TEST    integer literal cast to pointer type constness verification. (constexpr-pointer-cast.c)
        Using command       : ../sparse -Wconstexpr-not-const constexpr-pointer-cast.c
        Expecting exit value: 0
     TEST    Expression constness propagation in preops (constexpr-preop.c)
        Using command       : ../sparse constexpr-preop.c
        Expecting exit value: 0
     TEST    constness of pure/const builtins (constexpr-pure-builtin.c)
        Using command       : ../sparse constexpr-pure-builtin.c
        Expecting exit value: 0
     TEST    string literal constness verification. (constexpr-string.c)
        Using command       : ../sparse -Wconstexpr-not-const constexpr-string.c
        Expecting exit value: 0
     TEST    __builtin_types_compatible_p() constness verification. (constexpr-types-compatible-p.c)
        Using command       : ../sparse constexpr-types-compatible-p.c
        Expecting exit value: 0
     TEST    Check -Wcontext (context.c)
        Using command       : ../sparse context.c
        Expecting exit value: 0
     TEST    crash add-doms (crash-add-doms.c)
        Using command       : ../test-linearize crash-add-doms.c
        Expecting exit value: 0
     TEST    crash bb_target (crash-bb_target.c)
        Using command       : ../test-linearize crash-bb_target.c
        Expecting exit value: 0
     TEST    crash ep->active (crash-ep-active.c)
        Using command       : ../test-linearize crash-ep-active.c
        Expecting exit value: 0
     TEST    crash ptrlist (crash-ptrlist.c)
        Using command       : ../test-linearize crash-ptrlist.c
        Expecting exit value: 0
     TEST    crash rewrite_branch (crash-rewrite-branch.c)
        Using command       : ../test-linearize crash-rewrite-branch.c
        Expecting exit value: 0
     TEST    crazy02-not-so.c (crazy02-not-so.c)
        Using command       : ../sparse -Wno-decl crazy02-not-so.c
        Expecting exit value: 0
     TEST    crazy03.c (crazy03.c)
        Using command       : ../sparse crazy03.c
        Expecting exit value: 0
     TEST    declaration after statement (ANSI) (declaration-after-statement-ansi.c)
        Using command       : ../sparse -ansi declaration-after-statement-ansi.c
        Expecting exit value: 0
     TEST    declaration after statement (C89) (declaration-after-statement-c89.c)
        Using command       : ../sparse -std=c89 declaration-after-statement-c89.c
        Expecting exit value: 0
     TEST    declaration after statement (C99) (declaration-after-statement-c99.c)
        Using command       : ../sparse -std=c99 declaration-after-statement-c99.c
        Expecting exit value: 0
     TEST    declaration after statement (default) (declaration-after-statement-default.c)
        Using command       : ../sparse declaration-after-statement-default.c
        Expecting exit value: 0
     TEST    finding definitions (definitions.c)
        Using command       : ../sparse definitions.c
        Expecting exit value: 0
     TEST    designated_init attribute (designated-init.c)
        Using command       : ../sparse designated-init.c
        Expecting exit value: 0
     TEST    discarded-label-statement (discarded-label-statement.c)
        Using command       : ../test-linearize discarded-label-statement.c
        Expecting exit value: 0
     TEST    division constants (div.c)
        Using command       : ../sparse div.c
        Expecting exit value: 0
     TEST    Double semicolon in struct (double-semicolon.c)
        Using command       : ../sparse double-semicolon.c
        Expecting exit value: 0
     TEST    Dubious bitwise operation on !x (dubious-bitwise-with-not.c)
        Using command       : ../sparse dubious-bitwise-with-not.c
        Expecting exit value: 0
     TEST    endian-big.c (endian-big.c)
        Using command       : ../sparse -mbig-endian endian-big.c
        Expecting exit value: 0
     TEST    endian-little.c (endian-little.c)
        Using command       : ../sparse -mlittle-endian endian-little.c
        Expecting exit value: 0
     TEST    enum-mismatch (enum-mismatch.c)
        Using command       : ../sparse -Wenum-mismatch enum-mismatch.c
        Expecting exit value: 0
     TEST    enumeration constants' scope [6.2.1p7] (enum_scope.c)
        Using command       : ../sparse enum_scope.c
        Expecting exit value: 0
     TEST    Character escape sequences (escapes.c)
        Using command       : ../sparse escapes.c
        Expecting exit value: 0
     TEST    duplicate extern array (extern-array.c)
        Using command       : ../sparse extern-array.c
        Expecting exit value: 0
     TEST    extern inline function (extern-inline.c)
        Using command       : ../sparse extern-inline.c extern-inline.c
        Expecting exit value: 0
     TEST    field overlap (field-overlap.c)
        Using command       : ../sparse field-overlap.c
        Expecting exit value: 0
     TEST    field-override (field-override.c)
        Using command       : ../sparse -Woverride-init -Woverride-init-all field-override.c
        Expecting exit value: 0
     TEST    Forced function argument type. (fored_arg.c)
        Using command       : ../sparse fored_arg.c
        Expecting exit value: 0
     TEST    foul bitwise (foul-bitwise.c)
        Using command       : ../sparse foul-bitwise.c
        Expecting exit value: 0
     TEST    fp-vs-ptrcast (fp-vs-ptrcast.c)
        Using command       : ../test-linearize -Wno-decl fp-vs-ptrcast.c
        Expecting exit value: 0
     TEST    Function pointer inheritance (function-pointer-inheritance.c)
        Using command       : ../sparse function-pointer-inheritance.c
        Expecting exit value: 0
     TEST    function-redecl (function-redecl.c)
        Using command       : ../sparse function-redecl.c
        Expecting exit value: 0
     TEST    goto labels (goto-label.c)
        Using command       : ../sparse goto-label.c
        Expecting exit value: 0
     TEST    identifier-list parsing (identifier_list.c)
        Using command       : ../sparse identifier_list.c
        Expecting exit value: 0
     TEST    implicit-ret-type.c (implicit-ret-type.c)
        Using command       : ../sparse -Wno-decl implicit-ret-type.c
        Expecting exit value: 0
     TEST    implicit-type.c (implicit-type.c)
        Using command       : ../sparse -Wno-decl implicit-type.c
        Expecting exit value: 0
     TEST    include-eval.c (include-eval.c)
        Using command       : ../sparse -include ./include-eval.inc include-eval.c
        Expecting exit value: 0
     TEST    internal infinite loop (0) (infinite-loop0.c)
        Using command       : ../sparse -Wno-decl infinite-loop0.c
        Expecting exit value: 0
     TEST    infinite loop 02 (infinite-loop02.c)
        Using command       : ../sparse -Wno-decl infinite-loop02.c
        Expecting exit value: 0
     TEST    infinite loop 03 (infinite-loop03.c)
        Using command       : ../sparse -Wno-decl infinite-loop03.c
        Expecting exit value: 0
     TEST    char array initializers (init-char-array.c)
        Using command       : ../sparse init-char-array.c
        Expecting exit value: 0
     TEST    parenthesized string initializer (init-char-array1.c)
        Using command       : ../sparse -Wparen-string init-char-array1.c
        Expecting exit value: 0
     TEST    -Winit-cstring option (init_cstring.c)
        Using command       : ../sparse -Winit-cstring init_cstring.c
        Expecting exit value: 0
     TEST    Initializer entry defined twice (initializer-entry-defined-twice.c)
        Using command       : ../sparse initializer-entry-defined-twice.c
        Expecting exit value: 0
     TEST    inline compound literals (inline_compound_literals.c)
        Using command       : ../sparse inline_compound_literals.c
        Expecting exit value: 0
     TEST    int128 (int128.c)
        Using command       : ../test-linearize int128.c
        Expecting exit value: 0
     TEST    Integer promotions (integer-promotions.c)
        Using command       : ../sparse integer-promotions.c
        Expecting exit value: 0
     TEST    integer constant & conditional expression (ioc-typecheck.c)
        Using command       : ../sparse ioc-typecheck.c
        Expecting exit value: 0
error: actual error text does not match expected error text.
error: see ioc-typecheck.c.error.* for further investigation.
--- ioc-typecheck.c.error.expected	2018-05-02 13:06:41.748559173 +0000
+++ ioc-typecheck.c.error.got	2018-05-02 13:06:41.748559173 +0000
@@ -0,0 +1 @@
+ioc-typecheck.c:3:16: error: bad integer constant expression
info: test 'ioc-typecheck.c' is known to fail
     TEST    kill-casts (kill-casts.c)
        Using command       : ../test-linearize kill-casts.c
        Expecting exit value: 0
     TEST    kill-computedgoto (kill-computedgoto.c)
        Using command       : ../test-linearize kill-computedgoto.c
        Expecting exit value: 0
     TEST    kill-cse (kill-cse.c)
        Using command       : ../test-linearize -Wno-decl kill-cse.c
        Expecting exit value: 0
     TEST    kill insert-branch (kill-insert-branch.c)
        Using command       : ../test-linearize -Wno-decl kill-insert-branch.c
        Expecting exit value: 0
     TEST    kill-load (kill-load.c)
        Using command       : ../test-linearize -Wno-decl kill-load.c
        Expecting exit value: 0
     TEST    kill-phi-node (kill-phi-node.c)
        Using command       : ../test-linearize kill-phi-node.c
        Expecting exit value: 0
     TEST    kill-phi-ttsbb (kill-phi-ttsbb.c)
        Using command       : ../test-linearize kill-phi-ttsbb.c
        Expecting exit value: 0
     TEST    kill-phi-ttsbb2 (kill-phi-ttsbb2.c)
        Using command       : ../test-linearize kill-phi-ttsbb2.c
        Expecting exit value: 0
     TEST    kill-phisrc (kill-phisrc.c)
        Using command       : ../test-linearize -Wno-decl kill-phisrc.c
        Expecting exit value: 0
     TEST    kill-pure-call (kill-pure-call.c)
        Using command       : ../test-linearize -Wno-decl kill-pure-call.c
        Expecting exit value: 0
     TEST    kill-replaced-insn (kill-replaced-insn.c)
        Using command       : ../test-linearize kill-replaced-insn.c
        Expecting exit value: 0
     TEST    kill-rewritten-load (kill-rewritten-load.c)
        Using command       : ../test-linearize -Wno-decl kill-rewritten-load.c
        Expecting exit value: 0
     TEST    kill-select (kill-select.c)
        Using command       : ../test-linearize kill-select.c
        Expecting exit value: 0
     TEST    kill-slice (kill-slice.c)
        Using command       : ../test-linearize -Wno-decl kill-slice.c
        Expecting exit value: 0
     TEST    kill-store (kill-store.c)
        Using command       : ../test-linearize -Wno-decl kill-store.c
        Expecting exit value: 0
     TEST    kill-unreachable-phi (kill-unreachable-phi.c)
        Using command       : ../sparse kill-unreachable-phi.c
        Expecting exit value: 0
     TEST    Label followed by __asm__ (label-asm.c)
        Using command       : ../sparse label-asm.c
        Expecting exit value: 0
     TEST    Label attribute (label-attr.c)
        Using command       : ../sparse label-attr.c
        Expecting exit value: 0
     TEST    label-expr (label-expr.c)
        Using command       : ../test-linearize label-expr.c
        Expecting exit value: 0
     TEST    __label__ scope (label-scope.c)
        Using command       : ../sparse label-scope.c
        Expecting exit value: 0
     TEST    bitfield initializer mask (linear/bitfield-init-mask.c)
        Using command       : ../test-linearize -fdump-linearize=only -Wno-decl linear/bitfield-init-mask.c
        Expecting exit value: 0
     TEST    bitfield implicit init zero (linear/bitfield-init-zero.c)
        Using command       : ../test-linearize -Wno-decl linear/bitfield-init-zero.c
        Expecting exit value: 0
     TEST    missing instruction's size (linear/missing-insn-size.c)
        Using command       : ../test-linearize linear/missing-insn-size.c
        Expecting exit value: 0
     TEST    struct implicit init zero not needed (linear/struct-init-full.c)
        Using command       : ../test-linearize -Wno-decl linear/struct-init-full.c
        Expecting exit value: 0
error: actual output text does not match expected output text.
error: see linear/struct-init-full.c.output.* for further investigation.
--- linear/struct-init-full.c.output.expected	2018-05-02 13:06:41.928554972 +0000
+++ linear/struct-init-full.c.output.got	2018-05-02 13:06:41.928554972 +0000
@@ -1,10 +1,11 @@
 s_init_all:
-.L4:
+.L0:
 	<entry-point>
+	store.96    $0 -> 0[s]
 	store.32    %arg1 -> 0[s]
 	store.32    $42 -> 4[s]
 	store.32    $123 -> 8[s]
-	load.96     %r8 <- 0[s]
-	ret.96      %r8
+	load.96     %r2 <- 0[s]
+	ret.96      %r2
 
 
info: test 'linear/struct-init-full.c' is known to fail
     TEST    struct implicit init zero needed (linear/struct-init-partial.c)
        Using command       : ../test-linearize -Wno-decl linear/struct-init-partial.c
        Expecting exit value: 0
     TEST    Local label (local-label.c)
        Using command       : ../sparse local-label.c
        Expecting exit value: 0
     TEST    Logical and/or (logical.c)
        Using command       : ../sparse logical.c
        Expecting exit value: 0
     TEST    loop-linearization (loop-linearization.c)
        Using command       : ../test-linearize loop-linearization.c
        Expecting exit value: 0
     TEST    Expansion of typeof when dealing with member of struct (member_of_typeof.c)
        Using command       : ../sparse member_of_typeof.c
        Expecting exit value: 0
     TEST    memops-volatile (memops-volatile.c)
        Using command       : ../test-linearize memops-volatile.c
        Expecting exit value: 0
     TEST    handling of identifier-less declarations (missing-ident.c)
        Using command       : ../sparse missing-ident.c
        Expecting exit value: 0
     TEST    typedefs with many declarators (multi_typedef.c)
        Using command       : ../sparse multi_typedef.c
        Expecting exit value: 0
     TEST    nested declarator vs. parameters (nested-declarator.c)
        Using command       : ../sparse nested-declarator.c
        Expecting exit value: 0
     TEST    more on handling of ( in direct-declarator (nested-declarator2.c)
        Using command       : ../sparse nested-declarator2.c
        Expecting exit value: 0
     TEST    nocast.c (nocast.c)
        Using command       : ../sparse nocast.c
        Expecting exit value: 0
     TEST    noderef attribute (noderef.c)
        Using command       : ../sparse noderef.c
        Expecting exit value: 0
     TEST    Using plain integer as NULL pointer (non-pointer-null.c)
        Using command       : ../sparse non-pointer-null.c
        Expecting exit value: 0
     TEST    Old initializer with -Wno-old-initializer (old-initializer-nowarn.c)
        Using command       : ../sparse -Wno-old-initializer
        Expecting exit value: 0
     TEST    Old initializer (old-initializer.c)
        Using command       : ../sparse old-initializer.c
        Expecting exit value: 0
     TEST    double-unop (optim/binops-same-args.c)
        Using command       : ../test-linearize -Wno-decl optim/binops-same-args.c
        Expecting exit value: 0
     TEST    bool-context (optim/bool-context.c)
        Using command       : ../test-linearize -Wno-decl optim/bool-context.c
        Expecting exit value: 0
     TEST    bool-same-args (optim/bool-same-args.c)
        Using command       : ../test-linearize optim/bool-same-args.c
        Expecting exit value: 0
     TEST    bool-simplify (optim/bool-simplify.c)
        Using command       : ../test-linearize -Wno-decl optim/bool-simplify.c
        Expecting exit value: 0
     TEST    cse-commutativity (optim/cse-commutativity.c)
        Using command       : ../test-linearize optim/cse-commutativity.c
        Expecting exit value: 0
     TEST    cse-dual-compare (optim/cse-dual-compare.c)
        Using command       : ../test-linearize optim/cse-dual-compare.c
        Expecting exit value: 0
error: Actual output contains some patterns which are not expected.
info: test 'optim/cse-dual-compare.c' is known to fail
     TEST    double-unop (optim/double-unop.c)
        Using command       : ../test-linearize -Wno-decl optim/double-unop.c
        Expecting exit value: 0
     TEST    fpcast-nop (optim/fpcast-nop.c)
        Using command       : ../test-linearize optim/fpcast-nop.c
        Expecting exit value: 0
     TEST    muldiv-by-one (optim/muldiv-by-one.c)
        Using command       : ../test-linearize -Wno-decl optim/muldiv-by-one.c
        Expecting exit value: 0
     TEST    muldiv-by-zero (optim/muldiv-by-zero.c)
        Using command       : ../test-linearize -Wno-decl optim/muldiv-by-zero.c
        Expecting exit value: 0
     TEST    muldiv-minus-one (optim/muldiv-minus-one.c)
        Using command       : ../test-linearize -Wno-decl optim/muldiv-minus-one.c
        Expecting exit value: 0
     TEST    optim/setcc-setcc (optim/setcc-setcc.c)
        Using command       : ../test-linearize optim/setcc-setcc.c
        Expecting exit value: 0
     TEST    optim/setcc-seteq (optim/setcc-seteq.c)
        Using command       : ../test-linearize optim/setcc-seteq.c
        Expecting exit value: 0
     TEST    optim/setcc-setne (optim/setcc-setne.c)
        Using command       : ../test-linearize optim/setcc-setne.c
        Expecting exit value: 0
     TEST    Ignore VOID in if-convert (optim/void-if-convert.c)
        Using command       : ../test-linearize -Wno-decl optim/void-if-convert.c
        Expecting exit value: 0
     TEST    There is no scope boundary between global and file scope (outer-scope.c)
        Using command       : ../sparse -include outer-scope.c outer-scope.c
        Expecting exit value: 0
     TEST    #pragma once (pragma-once.c)
        Using command       : ../sparse pragma-once.c
        Expecting exit value: 0
     TEST    __COUNTER__ #1 (preprocessor/counter1.c)
        Using command       : ../sparse -E preprocessor/counter1.c
        Expecting exit value: 0
     TEST    __COUNTER__ #2 (preprocessor/counter2.c)
        Using command       : ../sparse -Ipreprocessor -E preprocessor/counter2.c
        Expecting exit value: 0
     TEST    __COUNTER__ #3 (preprocessor/counter3.c)
        Using command       : ../sparse -Ipreprocessor -E preprocessor/counter1.c preprocessor/counter3.c
        Expecting exit value: 0
     TEST    dump-macros with empty file (preprocessor/dump-macros-empty.c)
        Using command       : ../sparse -E -dD empty-file
        Expecting exit value: 0
     TEST    dump-macros with multiple files (preprocessor/dump-macros-multi.c)
        Using command       : ../sparse -E -dD empty-file preprocessor/dump-macros-multi.c
        Expecting exit value: 0
     TEST    dump-macros (preprocessor/dump-macros.c)
        Using command       : ../sparse -E -dD -DIJK=ijk -UNDEF -UNYDEF preprocessor/dump-macros.c
        Expecting exit value: 0
     TEST    early-escape (preprocessor/early-escape.c)
        Using command       : ../sparse -E preprocessor/early-escape.c
        Expecting exit value: 0
     TEST    predefined __<type>_BIT__ (preprocessor/predef-char-bit.c)
        Using command       : ../test-linearize -Wno-decl preprocessor/predef-char-bit.c
        Expecting exit value: 0
     TEST    predefined __<type>_MAX__ (preprocessor/predef-max.c)
        Using command       : ../test-linearize -Wno-decl preprocessor/predef-max.c
        Expecting exit value: 0
     TEST    predefined __SIZEOF_<type>__ (preprocessor/predef-sizeof.c)
        Using command       : ../test-linearize -Wno-decl preprocessor/predef-sizeof.c
        Expecting exit value: 0
     TEST    Preprocessor #1 (preprocessor/preprocessor1.c)
        Using command       : ../sparse -E preprocessor/preprocessor1.c
        Expecting exit value: 0
     TEST    Preprocessor #10 (preprocessor/preprocessor10.c)
        Using command       : ../sparse -E preprocessor/preprocessor10.c
        Expecting exit value: 0
     TEST    Preprocessor #11 (preprocessor/preprocessor11.c)
        Using command       : ../sparse -E preprocessor/preprocessor11.c
        Expecting exit value: 0
     TEST    Preprocessor #12 (preprocessor/preprocessor12.c)
        Using command       : ../sparse -E preprocessor/preprocessor12.c
        Expecting exit value: 0
     TEST    Preprocessor #13 (preprocessor/preprocessor13.c)
        Using command       : ../sparse -E preprocessor/preprocessor13.c
        Expecting exit value: 0
     TEST    Preprocessor #14 (preprocessor/preprocessor14.c)
        Using command       : ../sparse -E preprocessor/preprocessor14.c
        Expecting exit value: 0
     TEST    Preprocessor #15 (preprocessor/preprocessor15.c)
        Using command       : ../sparse -E preprocessor/preprocessor15.c
        Expecting exit value: 0
     TEST    Preprocessor #16 (preprocessor/preprocessor16.c)
        Using command       : ../sparse -E preprocessor/preprocessor16.c
        Expecting exit value: 0
     TEST    Preprocessor #17 (preprocessor/preprocessor17.c)
        Using command       : ../sparse -E preprocessor/preprocessor17.c
        Expecting exit value: 0
     TEST    Preprocessor #18 (preprocessor/preprocessor18.c)
        Using command       : ../sparse -E preprocessor/preprocessor18.c
        Expecting exit value: 0
     TEST    Preprocessor #19 (preprocessor/preprocessor19.c)
        Using command       : ../sparse -E preprocessor/preprocessor19.c
        Expecting exit value: 0
     TEST    Preprocessor #2 (preprocessor/preprocessor2.c)
        Using command       : ../sparse -E preprocessor/preprocessor2.c
        Expecting exit value: 0
     TEST    Preprocessor #20 (preprocessor/preprocessor20.c)
        Using command       : ../sparse -E preprocessor/preprocessor20.c
        Expecting exit value: 0
     TEST    Preprocessor #21 (preprocessor/preprocessor21.c)
        Using command       : ../sparse -E preprocessor/preprocessor21.c
        Expecting exit value: 0
     TEST    Preprocessor #22 (preprocessor/preprocessor22.c)
        Using command       : ../sparse -E preprocessor/preprocessor22.c
        Expecting exit value: 0
     TEST    Preprocessor #23 (preprocessor/preprocessor23.c)
        Using command       : ../sparse -E preprocessor/preprocessor23.c
        Expecting exit value: 0
     TEST    Preprocessor #3 (preprocessor/preprocessor3.c)
        Using command       : ../sparse -E preprocessor/preprocessor3.c
        Expecting exit value: 0
     TEST    Preprocessor #4 (preprocessor/preprocessor4.c)
        Using command       : ../sparse -E preprocessor/preprocessor4.c
        Expecting exit value: 0
     TEST    Preprocessor #5 (preprocessor/preprocessor5.c)
        Using command       : ../sparse -E preprocessor/preprocessor5.c
        Expecting exit value: 0
     TEST    Preprocessor #6 (preprocessor/preprocessor6.c)
        Using command       : ../sparse -E preprocessor/preprocessor6.c
        Expecting exit value: 0
     TEST    Preprocessor #7 (preprocessor/preprocessor7.c)
        Using command       : ../sparse -E preprocessor/preprocessor7.c
        Expecting exit value: 0
     TEST    Preprocessor #8 (preprocessor/preprocessor8.c)
        Using command       : ../sparse -E preprocessor/preprocessor8.c
        Expecting exit value: 0
     TEST    Preprocessor #9 (preprocessor/preprocessor9.c)
        Using command       : ../sparse -E preprocessor/preprocessor9.c
        Expecting exit value: 0
     TEST    Preprocessor #14 (preprocessor/stringify.c)
        Using command       : ../sparse -E preprocessor/stringify.c
        Expecting exit value: 0
     TEST    wide char token-pasting (preprocessor/wide.c)
        Using command       : ../sparse -E preprocessor/wide.c
        Expecting exit value: 0
     TEST    Compile skip function prototype (prototype.c)
        Using command       : ../sparsec -c prototype.c -o tmp.o
        Expecting exit value: 0
     TEST    ptr-inherit.c (ptr-inherit.c)
        Using command       : ../sparse ptr-inherit.c
        Expecting exit value: 0
     TEST    Pure function attribute (pure-function.c)
        Using command       : ../sparse pure-function.c
        Expecting exit value: 0
     TEST    const et.al. are reserved identifiers (reserved.c)
        Using command       : ../sparse reserved.c
        Expecting exit value: 0
     TEST    restrict array attribute (restrict-array.c)
        Using command       : ../sparse restrict-array.c
        Expecting exit value: 0
     TEST    typeof with bitwise types (restricted-typeof.c)
        Using command       : ../sparse -Wbitwise restricted-typeof.c
        Expecting exit value: 0
     TEST    sizeof(_Bool) is valid (sizeof-bool.c)
        Using command       : ../sparse -Wsizeof-bool sizeof-bool.c
        Expecting exit value: 0
     TEST    Handling of sizeof compound-literal . member (sizeof-compound-postfix.c)
        Using command       : ../sparse sizeof-compound-postfix.c
        Expecting exit value: 0
     TEST    valid specifier combinations (specifiers1.c)
        Using command       : ../sparse specifiers1.c
        Expecting exit value: 0
     TEST    invalid specifier combinations (specifiers2.c)
        Using command       : ../sparse specifiers2.c
        Expecting exit value: 0
     TEST    static forward declaration (static-forward-decl.c)
        Using command       : ../sparse static-forward-decl.c
        Expecting exit value: 0
     TEST    static assertion (static_assert.c)
        Using command       : ../sparse static_assert.c
        Expecting exit value: 0
     TEST    Address space of a struct member (struct-as.c)
        Using command       : ../sparse struct-as.c
        Expecting exit value: 0
     TEST    struct attribute placement (struct-attribute-placement.c)
        Using command       : ../sparse struct-attribute-placement.c
        Expecting exit value: 0
     TEST    struct namespaces #1 (struct-ns1.c)
        Using command       : ../sparse struct-ns1.c
        Expecting exit value: 0
     TEST    struct not in scope (struct-ns2.c)
        Using command       : ../sparse struct-ns2.c
        Expecting exit value: 0
error: actual error text does not match expected error text.
error: see struct-ns2.c.error.* for further investigation.
--- struct-ns2.c.error.expected	2018-05-02 13:06:42.572539945 +0000
+++ struct-ns2.c.error.got	2018-05-02 13:06:42.568540039 +0000
@@ -1,3 +0,0 @@
-struct-ns2.c:2:11: warning: bad scope for 'struct Bar'
-struct-ns2.c:12:14: error: incomplete type/unknown size for 'y'
-struct-ns2.c:13:5: error: using member 'i' in incomplete 'struct Bar'
info: test 'struct-ns2.c' is known to fail
     TEST    struct size (struct-size1.c)
        Using command       : ../sparse struct-size1.c
        Expecting exit value: 0
     TEST    tautological-compare (tautological-compare.c)
        Using command       : ../sparse -Wno-decl -Wtautological-compare tautological-compare.c
        Expecting exit value: 0
     TEST    binary operations (test-be.c)
        Using command       : ../sparse test-be.c
        Expecting exit value: 0
     TEST    selfcheck1 (testsuite-selfcheck1.c)
        Using command       : ../sparse -E testsuite-selfcheck1.c
        Expecting exit value: 0
     TEST    selfcheck2 (testsuite-selfcheck2.c)
        Using command       : ../sparse -E testsuite-selfcheck2.c
        Expecting exit value: 0
error: Actual output doesn't contain some of the expected patterns.
info: test 'testsuite-selfcheck2.c' is known to fail
     TEST    selfcheck3 (testsuite-selfcheck3.c)
        Using command       : ../sparse -E testsuite-selfcheck3.c
        Expecting exit value: 0
error: Actual output contains some patterns which are not expected.
info: test 'testsuite-selfcheck3.c' is known to fail
     TEST    Transparent union attribute. (transparent-union.c)
        Using command       : ../sparse transparent-union.c
        Expecting exit value: 0
     TEST    "char []" to "char *" demotion (type1.c)
        Using command       : ../sparse type1.c
        Expecting exit value: 0
     TEST    typedef shadowing (typedef_shadow.c)
        Using command       : ../sparse typedef_shadow.c
        Expecting exit value: 0
     TEST    typeof-addresspace.c (typeof-addresspace.c)
        Using command       : ../sparse typeof-addresspace.c
        Expecting exit value: 0
error: actual error text does not match expected error text.
error: see typeof-addresspace.c.error.* for further investigation.
--- typeof-addresspace.c.error.expected	2018-05-02 13:06:42.640538359 +0000
+++ typeof-addresspace.c.error.got	2018-05-02 13:06:42.640538359 +0000
@@ -0,0 +1,6 @@
+typeof-addresspace.c:9:30: warning: incorrect type in initializer (different address spaces)
+typeof-addresspace.c:9:30:    expected int *ptr3
+typeof-addresspace.c:9:30:    got int <asn:1>*ptr
+typeof-addresspace.c:10:29: warning: incorrect type in initializer (different address spaces)
+typeof-addresspace.c:10:29:    expected int *ptr4
+typeof-addresspace.c:10:29:    got int <asn:1>*ptr
info: test 'typeof-addresspace.c' is known to fail
     TEST    Rusty Russell's typeof attribute casting. (typeof-attribute.c)
        Using command       : ../sparse typeof-attribute.c
        Expecting exit value: 0
     TEST    typeof-mods (typeof-mods.c)
        Using command       : ../sparse typeof-mods.c
        Expecting exit value: 0
     TEST    typeof-noderef (typeof-noderef.c)
        Using command       : ../sparse typeof-noderef.c
        Expecting exit value: 0
error: actual error text does not match expected error text.
error: see typeof-noderef.c.error.* for further investigation.
--- typeof-noderef.c.error.expected	2018-05-02 13:06:42.660537892 +0000
+++ typeof-noderef.c.error.got	2018-05-02 13:06:42.660537892 +0000
@@ -0,0 +1,6 @@
+typeof-noderef.c:7:30: warning: incorrect type in initializer (different modifiers)
+typeof-noderef.c:7:30:    expected int *ptr3
+typeof-noderef.c:7:30:    got int [noderef] *ptr
+typeof-noderef.c:8:29: warning: incorrect type in initializer (different modifiers)
+typeof-noderef.c:8:29:    expected int *ptr4
+typeof-noderef.c:8:29:    got int [noderef] *ptr
info: test 'typeof-noderef.c' is known to fail
     TEST    typeof-safe (typeof-safe.c)
        Using command       : ../sparse typeof-safe.c
        Expecting exit value: 0
error: actual error text does not match expected error text.
error: see typeof-safe.c.error.* for further investigation.
--- typeof-safe.c.error.expected	2018-05-02 13:06:42.668537705 +0000
+++ typeof-safe.c.error.got	2018-05-02 13:06:42.664537798 +0000
@@ -0,0 +1,9 @@
+typeof-safe.c:9:30: warning: incorrect type in initializer (different modifiers)
+typeof-safe.c:9:30:    expected int *ptr3
+typeof-safe.c:9:30:    got int [safe] *ptr
+typeof-safe.c:10:29: warning: incorrect type in initializer (different modifiers)
+typeof-safe.c:10:29:    expected int *ptr4
+typeof-safe.c:10:29:    got int [safe] *ptr
+typeof-safe.c:13:13: warning: incorrect type in assignment (different modifiers)
+typeof-safe.c:13:13:    expected int [safe] *[assigned] ptr
+typeof-safe.c:13:13:    got int *<noident>
info: test 'typeof-safe.c' is known to fail
     TEST    -Wtypesign (typesign.c)
        Using command       : ../sparse -Wtypesign typesign.c
        Expecting exit value: 0
     TEST    Varargs bogus warning regression test #1 (varargs1.c)
        Using command       : ../sparse varargs1.c
        Expecting exit value: 0
     TEST    wide character constants (wide.c)
        Using command       : ../sparse wide.c
        Expecting exit value: 0
Out of 288 tests, 276 passed, 12 failed (10 of them are known to fail)
make[2]: *** [Makefile:242: check] Error 1
make[2]: Leaving directory '/<<PKGBUILDDIR>>'
dh_auto_test: make -j8 -Oline check V=1 "SPARSE_VERSION=\$(VERSION) (Debian: 0.5.2-1)" PREFIX=/usr PKGCONFIGDIR=/usr/lib/x86_64-linux-gnu/pkgconfig returned exit code 2
make[1]: *** [debian/rules:17: override_dh_auto_test] Error 25
make[1]: Leaving directory '/<<PKGBUILDDIR>>'
make: *** [debian/rules:11: build-arch] Error 2
dpkg-buildpackage: error: debian/rules build-arch subprocess returned exit status 2
--------------------------------------------------------------------------------
Build finished at 2018-05-02T13:06:42Z

Finished
--------


+------------------------------------------------------------------------------+
| Cleanup                                                                      |
+------------------------------------------------------------------------------+

Purging /<<BUILDDIR>>
Not cleaning session: cloned chroot in use
E: Build failure (dpkg-buildpackage died)

+------------------------------------------------------------------------------+
| Summary                                                                      |
+------------------------------------------------------------------------------+

Build Architecture: amd64
Build Type: any
Build-Space: 24676
Build-Time: 8
Distribution: unstable
Fail-Stage: build
Host Architecture: amd64
Install-Time: 24
Job: sparse_0.5.2-1
Machine Architecture: amd64
Package: sparse
Package-Time: 47
Source-Version: 0.5.2-1
Space: 24676
Status: attempted
Version: 0.5.2-1
--------------------------------------------------------------------------------
Finished at 2018-05-02T13:06:42Z
Build needed 00:00:47, 24676k disk space
E: Build failure (dpkg-buildpackage died)
DC-Status: Failed 48.154142914s
DC-Time-Estimation: 48.154142914 versus expected 125 (r/m: 1.5958306479100133 ; m: 48.154142914)
