DC-Build-Header: ui-utilcpp 1.8.5-2 / 2018-05-02 12:48:19 +0000
DC-Task: type:rebuild-binarch-only source:ui-utilcpp version:1.8.5-2 chroot:unstable esttime:265 logfile:/tmp/ui-utilcpp_1.8.5-2_unstable_clang60.log modes:clang60:binarch-only
DC-Sbuild-call: su user42 -c 'sbuild -n --arch-any --apt-update -d unstable -v  --chroot-setup-commands=/tmp/clang60 ui-utilcpp_1.8.5-2'
sbuild (Debian sbuild) 0.73.0 (23 Dec 2016) on ip-172-31-7-128.eu-central-1.compute.internal

+==============================================================================+
| ui-utilcpp 1.8.5-2 (amd64)                   Wed, 02 May 2018 12:48:20 +0000 |
+==============================================================================+

Package: ui-utilcpp
Version: 1.8.5-2
Source Version: 1.8.5-2
Distribution: unstable
Machine Architecture: amd64
Host Architecture: amd64
Build Architecture: amd64
Build Type: any

I: NOTICE: Log filtering will replace 'var/run/schroot/mount/unstable-amd64-sbuild-a78f7014-b01d-4783-ab38-137e34978ce0' with '<<CHROOT>>'

+------------------------------------------------------------------------------+
| Chroot Setup Commands                                                        |
+------------------------------------------------------------------------------+


/tmp/clang60
------------

+ echo 'Entering customization script...'
Entering customization script...
+ CLANG_VERSION=6.0
+ echo 'Install of clang-6.0'
Install of clang-6.0
+ apt-get update
Get:1 http://127.0.0.1:9999/debian unstable InRelease [242 kB]
Get:2 http://127.0.0.1:9999/debian unstable/main Sources.diff/Index [27.9 kB]
Get:3 http://127.0.0.1:9999/debian unstable/main amd64 Packages.diff/Index [27.9 kB]
Get:4 http://127.0.0.1:9999/debian unstable/main Sources 2018-05-02-0830.09.pdiff [16.2 kB]
Get:4 http://127.0.0.1:9999/debian unstable/main Sources 2018-05-02-0830.09.pdiff [16.2 kB]
Get:5 http://127.0.0.1:9999/debian unstable/main amd64 Packages 2018-05-02-0830.09.pdiff [1781 B]
Get:5 http://127.0.0.1:9999/debian unstable/main amd64 Packages 2018-05-02-0830.09.pdiff [1781 B]
Get:6 http://127.0.0.1:9999/debian unstable/main Translation-en [6016 kB]
Fetched 6332 kB in 2s (3558 kB/s)
Reading package lists...
+ apt-get install --yes --no-install-recommends --force-yes clang-6.0
Reading package lists...
Building dependency tree...
Reading state information...
The following additional packages will be installed:
  lib32gcc1 lib32stdc++6 libbsd0 libc6-i386 libclang-common-6.0-dev
  libclang1-6.0 libedit2 libjsoncpp1 libllvm6.0 libncurses5 libobjc-7-dev
  libobjc4
Suggested packages:
  gnustep gnustep-devel clang-6.0-doc
Recommended packages:
  llvm-6.0-dev python libomp-dev libgpm2
The following NEW packages will be installed:
  clang-6.0 lib32gcc1 lib32stdc++6 libbsd0 libc6-i386 libclang-common-6.0-dev
  libclang1-6.0 libedit2 libjsoncpp1 libllvm6.0 libncurses5 libobjc-7-dev
  libobjc4
0 upgraded, 13 newly installed, 0 to remove and 0 not upgraded.
Need to get 37.7 MB of archives.
After this operation, 187 MB of additional disk space will be used.
Get:1 http://127.0.0.1:9999/debian unstable/main amd64 libjsoncpp1 amd64 1.7.4-3 [75.6 kB]
Get:2 http://127.0.0.1:9999/debian unstable/main amd64 libbsd0 amd64 0.8.7-1 [92.1 kB]
Get:3 http://127.0.0.1:9999/debian unstable/main amd64 libncurses5 amd64 6.1+20180210-2 [95.7 kB]
Get:4 http://127.0.0.1:9999/debian unstable/main amd64 libedit2 amd64 3.1-20170329-1 [85.2 kB]
Get:5 http://127.0.0.1:9999/debian unstable/main amd64 libllvm6.0 amd64 1:6.0-3 [14.5 MB]
Get:6 http://127.0.0.1:9999/debian unstable/main amd64 libobjc4 amd64 8-20180425-1 [52.4 kB]
Get:7 http://127.0.0.1:9999/debian unstable/main amd64 libobjc-7-dev amd64 7.3.0-17 [204 kB]
Get:8 http://127.0.0.1:9999/debian unstable/main amd64 libc6-i386 amd64 2.27-3 [2855 kB]
Get:9 http://127.0.0.1:9999/debian unstable/main amd64 lib32gcc1 amd64 1:8-20180425-1 [47.8 kB]
Get:10 http://127.0.0.1:9999/debian unstable/main amd64 lib32stdc++6 amd64 8-20180425-1 [406 kB]
Get:11 http://127.0.0.1:9999/debian unstable/main amd64 libclang-common-6.0-dev amd64 1:6.0-3 [3102 kB]
Get:12 http://127.0.0.1:9999/debian unstable/main amd64 libclang1-6.0 amd64 1:6.0-3 [6995 kB]
Get:13 http://127.0.0.1:9999/debian unstable/main amd64 clang-6.0 amd64 1:6.0-3 [9175 kB]
debconf: delaying package configuration, since apt-utils is not installed
Fetched 37.7 MB in 0s (95.9 MB/s)
Selecting previously unselected package libjsoncpp1:amd64.
(Reading database ... (Reading database ... 5%(Reading database ... 10%(Reading database ... 15%(Reading database ... 20%(Reading database ... 25%(Reading database ... 30%(Reading database ... 35%(Reading database ... 40%(Reading database ... 45%(Reading database ... 50%(Reading database ... 55%(Reading database ... 60%(Reading database ... 65%(Reading database ... 70%(Reading database ... 75%(Reading database ... 80%(Reading database ... 85%(Reading database ... 90%(Reading database ... 95%(Reading database ... 100%(Reading database ... 10022 files and directories currently installed.)
Preparing to unpack .../00-libjsoncpp1_1.7.4-3_amd64.deb ...
Unpacking libjsoncpp1:amd64 (1.7.4-3) ...
Selecting previously unselected package libbsd0:amd64.
Preparing to unpack .../01-libbsd0_0.8.7-1_amd64.deb ...
Unpacking libbsd0:amd64 (0.8.7-1) ...
Selecting previously unselected package libncurses5:amd64.
Preparing to unpack .../02-libncurses5_6.1+20180210-2_amd64.deb ...
Unpacking libncurses5:amd64 (6.1+20180210-2) ...
Selecting previously unselected package libedit2:amd64.
Preparing to unpack .../03-libedit2_3.1-20170329-1_amd64.deb ...
Unpacking libedit2:amd64 (3.1-20170329-1) ...
Selecting previously unselected package libllvm6.0:amd64.
Preparing to unpack .../04-libllvm6.0_1%3a6.0-3_amd64.deb ...
Unpacking libllvm6.0:amd64 (1:6.0-3) ...
Selecting previously unselected package libobjc4:amd64.
Preparing to unpack .../05-libobjc4_8-20180425-1_amd64.deb ...
Unpacking libobjc4:amd64 (8-20180425-1) ...
Selecting previously unselected package libobjc-7-dev:amd64.
Preparing to unpack .../06-libobjc-7-dev_7.3.0-17_amd64.deb ...
Unpacking libobjc-7-dev:amd64 (7.3.0-17) ...
Selecting previously unselected package libc6-i386.
Preparing to unpack .../07-libc6-i386_2.27-3_amd64.deb ...
Unpacking libc6-i386 (2.27-3) ...
Selecting previously unselected package lib32gcc1.
Preparing to unpack .../08-lib32gcc1_1%3a8-20180425-1_amd64.deb ...
Unpacking lib32gcc1 (1:8-20180425-1) ...
Selecting previously unselected package lib32stdc++6.
Preparing to unpack .../09-lib32stdc++6_8-20180425-1_amd64.deb ...
Unpacking lib32stdc++6 (8-20180425-1) ...
Selecting previously unselected package libclang-common-6.0-dev.
Preparing to unpack .../10-libclang-common-6.0-dev_1%3a6.0-3_amd64.deb ...
Unpacking libclang-common-6.0-dev (1:6.0-3) ...
Selecting previously unselected package libclang1-6.0:amd64.
Preparing to unpack .../11-libclang1-6.0_1%3a6.0-3_amd64.deb ...
Unpacking libclang1-6.0:amd64 (1:6.0-3) ...
Selecting previously unselected package clang-6.0.
Preparing to unpack .../12-clang-6.0_1%3a6.0-3_amd64.deb ...
Unpacking clang-6.0 (1:6.0-3) ...
Setting up libncurses5:amd64 (6.1+20180210-2) ...
Setting up libobjc4:amd64 (8-20180425-1) ...
Setting up libc6-i386 (2.27-3) ...
Setting up libbsd0:amd64 (0.8.7-1) ...
Setting up libobjc-7-dev:amd64 (7.3.0-17) ...
Processing triggers for libc-bin (2.27-3) ...
Setting up lib32gcc1 (1:8-20180425-1) ...
Setting up libjsoncpp1:amd64 (1.7.4-3) ...
Setting up libedit2:amd64 (3.1-20170329-1) ...
Setting up libllvm6.0:amd64 (1:6.0-3) ...
Setting up libclang1-6.0:amd64 (1:6.0-3) ...
Setting up lib32stdc++6 (8-20180425-1) ...
Setting up libclang-common-6.0-dev (1:6.0-3) ...
Setting up clang-6.0 (1:6.0-3) ...
Processing triggers for libc-bin (2.27-3) ...
W: --force-yes is deprecated, use one of the options starting with --allow instead.
+ echo 'Replace gcc, g++ & cpp by clang'
Replace gcc, g++ & cpp by clang
+ VERSIONS='4.6 4.7 4.8 4.9 5 6 7 8'
+ cd /usr/bin
+ for VERSION in $VERSIONS
+ rm -f g++-4.6 gcc-4.6 cpp-4.6 gcc
+ ln -s clang++-6.0 g++-4.6
+ ln -s clang-6.0 gcc-4.6
+ ln -s clang-6.0 cpp-4.6
+ ln -s clang-6.0 gcc
+ echo 'gcc-4.6 hold'
+ dpkg --set-selections
dpkg: warning: package not in status nor available database at line 1: gcc-4.6
dpkg: warning: found unknown packages; this might mean the available database
is outdated, and needs to be updated through a frontend method;
please see the FAQ <https://wiki.debian.org/Teams/Dpkg/FAQ>
+ echo 'g++-4.6 hold'
+ dpkg --set-selections
dpkg: warning: package not in status nor available database at line 1: g++-4.6
dpkg: warning: found unknown packages; this might mean the available database
is outdated, and needs to be updated through a frontend method;
please see the FAQ <https://wiki.debian.org/Teams/Dpkg/FAQ>
+ for VERSION in $VERSIONS
+ rm -f g++-4.7 gcc-4.7 cpp-4.7 gcc
+ ln -s clang++-6.0 g++-4.7
+ ln -s clang-6.0 gcc-4.7
+ ln -s clang-6.0 cpp-4.7
+ ln -s clang-6.0 gcc
+ echo 'gcc-4.7 hold'
+ dpkg --set-selections
dpkg: warning: package not in status nor available database at line 1: gcc-4.7
dpkg: warning: found unknown packages; this might mean the available database
is outdated, and needs to be updated through a frontend method;
please see the FAQ <https://wiki.debian.org/Teams/Dpkg/FAQ>
+ echo 'g++-4.7 hold'
+ dpkg --set-selections
dpkg: warning: package not in status nor available database at line 1: g++-4.7
dpkg: warning: found unknown packages; this might mean the available database
is outdated, and needs to be updated through a frontend method;
please see the FAQ <https://wiki.debian.org/Teams/Dpkg/FAQ>
+ for VERSION in $VERSIONS
+ rm -f g++-4.8 gcc-4.8 cpp-4.8 gcc
+ ln -s clang++-6.0 g++-4.8
+ ln -s clang-6.0 gcc-4.8
+ ln -s clang-6.0 cpp-4.8
+ ln -s clang-6.0 gcc
+ echo 'gcc-4.8 hold'
+ dpkg --set-selections
dpkg: warning: package not in status nor available database at line 1: gcc-4.8
dpkg: warning: found unknown packages; this might mean the available database
is outdated, and needs to be updated through a frontend method;
please see the FAQ <https://wiki.debian.org/Teams/Dpkg/FAQ>
+ echo 'g++-4.8 hold'
+ dpkg --set-selections
dpkg: warning: package not in status nor available database at line 1: g++-4.8
dpkg: warning: found unknown packages; this might mean the available database
is outdated, and needs to be updated through a frontend method;
please see the FAQ <https://wiki.debian.org/Teams/Dpkg/FAQ>
+ for VERSION in $VERSIONS
+ rm -f g++-4.9 gcc-4.9 cpp-4.9 gcc
+ ln -s clang++-6.0 g++-4.9
+ ln -s clang-6.0 gcc-4.9
+ ln -s clang-6.0 cpp-4.9
+ ln -s clang-6.0 gcc
+ echo 'gcc-4.9 hold'
+ dpkg --set-selections
dpkg: warning: package not in status nor available database at line 1: gcc-4.9
dpkg: warning: found unknown packages; this might mean the available database
is outdated, and needs to be updated through a frontend method;
please see the FAQ <https://wiki.debian.org/Teams/Dpkg/FAQ>
+ echo 'g++-4.9 hold'
+ dpkg --set-selections
dpkg: warning: package not in status nor available database at line 1: g++-4.9
dpkg: warning: found unknown packages; this might mean the available database
is outdated, and needs to be updated through a frontend method;
please see the FAQ <https://wiki.debian.org/Teams/Dpkg/FAQ>
+ for VERSION in $VERSIONS
+ rm -f g++-5 gcc-5 cpp-5 gcc
+ ln -s clang++-6.0 g++-5
+ ln -s clang-6.0 gcc-5
+ ln -s clang-6.0 cpp-5
+ ln -s clang-6.0 gcc
+ echo 'gcc-5 hold'
+ dpkg --set-selections
+ echo 'g++-5 hold'
+ dpkg --set-selections
+ for VERSION in $VERSIONS
+ rm -f g++-6 gcc-6 cpp-6 gcc
+ ln -s clang++-6.0 g++-6
+ ln -s clang-6.0 gcc-6
+ ln -s clang-6.0 cpp-6
+ ln -s clang-6.0 gcc
+ echo 'gcc-6 hold'
+ dpkg --set-selections
dpkg: warning: package not in status nor available database at line 1: gcc-6
dpkg: warning: found unknown packages; this might mean the available database
is outdated, and needs to be updated through a frontend method;
please see the FAQ <https://wiki.debian.org/Teams/Dpkg/FAQ>
+ echo 'g++-6 hold'
+ dpkg --set-selections
dpkg: warning: package not in status nor available database at line 1: g++-6
dpkg: warning: found unknown packages; this might mean the available database
is outdated, and needs to be updated through a frontend method;
please see the FAQ <https://wiki.debian.org/Teams/Dpkg/FAQ>
+ for VERSION in $VERSIONS
+ rm -f g++-7 gcc-7 cpp-7 gcc
+ ln -s clang++-6.0 g++-7
+ ln -s clang-6.0 gcc-7
+ ln -s clang-6.0 cpp-7
+ ln -s clang-6.0 gcc
+ echo 'gcc-7 hold'
+ dpkg --set-selections
+ echo 'g++-7 hold'
+ dpkg --set-selections
+ for VERSION in $VERSIONS
+ rm -f g++-8 gcc-8 cpp-8 gcc
+ ln -s clang++-6.0 g++-8
+ ln -s clang-6.0 gcc-8
+ ln -s clang-6.0 cpp-8
+ ln -s clang-6.0 gcc
+ echo 'gcc-8 hold'
+ dpkg --set-selections
dpkg: warning: package not in status nor available database at line 1: gcc-8
dpkg: warning: found unknown packages; this might mean the available database
is outdated, and needs to be updated through a frontend method;
please see the FAQ <https://wiki.debian.org/Teams/Dpkg/FAQ>
+ echo 'g++-8 hold'
+ dpkg --set-selections
dpkg: warning: package not in status nor available database at line 1: g++-8
dpkg: warning: found unknown packages; this might mean the available database
is outdated, and needs to be updated through a frontend method;
please see the FAQ <https://wiki.debian.org/Teams/Dpkg/FAQ>
+ cd -
/build/ui-utilcpp-CDTLWv
+ echo 'Check if gcc, g++ & cpp are actually clang'
Check if gcc, g++ & cpp are actually clang
+ gcc --version
+ grep clang
+ cpp --version
+ grep clang
+ g++ --version
+ grep clang

I: Finished running '/tmp/clang60'.

Finished processing commands.
--------------------------------------------------------------------------------

+------------------------------------------------------------------------------+
| Update chroot                                                                |
+------------------------------------------------------------------------------+

Hit:1 http://127.0.0.1:9999/debian unstable InRelease
Reading package lists...
Reading package lists...
Building dependency tree...
Reading state information...
Calculating upgrade...
0 upgraded, 0 newly installed, 0 to remove and 0 not upgraded.

+------------------------------------------------------------------------------+
| Fetch source files                                                           |
+------------------------------------------------------------------------------+


Check APT
---------

Checking available source versions...

Download source files with APT
------------------------------

Reading package lists...
NOTICE: 'ui-utilcpp' packaging is maintained in the 'Git' version control system at:
https://salsa.debian.org/debian/ui-utilcpp.git
Please use:
git clone https://salsa.debian.org/debian/ui-utilcpp.git
to retrieve the latest (possibly unreleased) updates to the package.
Need to get 585 kB of source archives.
Get:1 http://127.0.0.1:9999/debian unstable/main ui-utilcpp 1.8.5-2 (dsc) [2144 B]
Get:2 http://127.0.0.1:9999/debian unstable/main ui-utilcpp 1.8.5-2 (tar) [572 kB]
Get:3 http://127.0.0.1:9999/debian unstable/main ui-utilcpp 1.8.5-2 (diff) [11.2 kB]
Fetched 585 kB in 0s (5729 kB/s)
Download complete and in download only mode
I: NOTICE: Log filtering will replace 'build/ui-utilcpp-CDTLWv/ui-utilcpp-1.8.5' with '<<PKGBUILDDIR>>'
I: NOTICE: Log filtering will replace 'build/ui-utilcpp-CDTLWv' with '<<BUILDDIR>>'

+------------------------------------------------------------------------------+
| Install build-essential                                                      |
+------------------------------------------------------------------------------+


Setup apt archive
-----------------

Merged Build-Depends: build-essential, fakeroot
Filtered Build-Depends: build-essential, fakeroot
dpkg-deb: building package 'sbuild-build-depends-core-dummy' in '/<<BUILDDIR>>/resolver-Z6zrj7/apt_archive/sbuild-build-depends-core-dummy.deb'.
dpkg-scanpackages: warning: Packages in archive but missing from override file:
dpkg-scanpackages: warning:   sbuild-build-depends-core-dummy
dpkg-scanpackages: info: Wrote 1 entries to output Packages file.
Ign:1 copy:/<<BUILDDIR>>/resolver-Z6zrj7/apt_archive ./ InRelease
Get:2 copy:/<<BUILDDIR>>/resolver-Z6zrj7/apt_archive ./ Release [957 B]
Ign:3 copy:/<<BUILDDIR>>/resolver-Z6zrj7/apt_archive ./ Release.gpg
Get:4 copy:/<<BUILDDIR>>/resolver-Z6zrj7/apt_archive ./ Sources [349 B]
Get:5 copy:/<<BUILDDIR>>/resolver-Z6zrj7/apt_archive ./ Packages [432 B]
Fetched 1738 B in 0s (0 B/s)
Reading package lists...
Reading package lists...

Install core build dependencies (apt-based resolver)
----------------------------------------------------

Installing build dependencies
Reading package lists...
Building dependency tree...
Reading state information...
The following NEW packages will be installed:
  sbuild-build-depends-core-dummy
0 upgraded, 1 newly installed, 0 to remove and 0 not upgraded.
Need to get 856 B of archives.
After this operation, 0 B of additional disk space will be used.
Get:1 copy:/<<BUILDDIR>>/resolver-Z6zrj7/apt_archive ./ sbuild-build-depends-core-dummy 0.invalid.0 [856 B]
debconf: delaying package configuration, since apt-utils is not installed
Fetched 856 B in 0s (0 B/s)
Selecting previously unselected package sbuild-build-depends-core-dummy.
(Reading database ... 10771 files and directories currently installed.)
Preparing to unpack .../sbuild-build-depends-core-dummy_0.invalid.0_amd64.deb ...
Unpacking sbuild-build-depends-core-dummy (0.invalid.0) ...
Setting up sbuild-build-depends-core-dummy (0.invalid.0) ...

+------------------------------------------------------------------------------+
| Check architectures                                                          |
+------------------------------------------------------------------------------+

Arch check ok (amd64 included in any)

+------------------------------------------------------------------------------+
| Install package build dependencies                                           |
+------------------------------------------------------------------------------+


Setup apt archive
-----------------

Merged Build-Depends: debhelper (>= 10), man-db (>= 2.5.1), libncurses5-dev, libcommoncpp2-dev, libreadline-dev, librecode-dev, libidn11-dev, libcap-dev, libboost-all-dev (>= 1.35), xfslibs-dev, doxygen (>= 1.5.6), graphviz (>= 2.20.2)
Filtered Build-Depends: debhelper (>= 10), man-db (>= 2.5.1), libncurses5-dev, libcommoncpp2-dev, libreadline-dev, librecode-dev, libidn11-dev, libcap-dev, libboost-all-dev (>= 1.35), xfslibs-dev, doxygen (>= 1.5.6), graphviz (>= 2.20.2)
dpkg-deb: building package 'sbuild-build-depends-ui-utilcpp-dummy' in '/<<BUILDDIR>>/resolver-Z6zrj7/apt_archive/sbuild-build-depends-ui-utilcpp-dummy.deb'.
dpkg-scanpackages: warning: Packages in archive but missing from override file:
dpkg-scanpackages: warning:   sbuild-build-depends-core-dummy sbuild-build-depends-ui-utilcpp-dummy
dpkg-scanpackages: info: Wrote 2 entries to output Packages file.
Ign:1 copy:/<<BUILDDIR>>/resolver-Z6zrj7/apt_archive ./ InRelease
Get:2 copy:/<<BUILDDIR>>/resolver-Z6zrj7/apt_archive ./ Release [963 B]
Ign:3 copy:/<<BUILDDIR>>/resolver-Z6zrj7/apt_archive ./ Release.gpg
Get:4 copy:/<<BUILDDIR>>/resolver-Z6zrj7/apt_archive ./ Sources [587 B]
Get:5 copy:/<<BUILDDIR>>/resolver-Z6zrj7/apt_archive ./ Packages [669 B]
Fetched 2219 B in 0s (0 B/s)
Reading package lists...
Reading package lists...

Install ui-utilcpp build dependencies (apt-based resolver)
----------------------------------------------------------

Installing build dependencies
Reading package lists...
Building dependency tree...
Reading state information...
The following additional packages will be installed:
  autoconf automake autopoint autotools-dev bsdmainutils debhelper
  dh-autoreconf dh-python dh-strip-nondeterminism dmsetup doxygen file
  fontconfig fontconfig-config fonts-dejavu-core gettext gettext-base graphviz
  groff-base ibverbs-providers icu-devtools intltool-debian libann0
  libarchive-zip-perl libboost-all-dev libboost-atomic-dev
  libboost-atomic1.62-dev libboost-atomic1.62.0 libboost-chrono-dev
  libboost-chrono1.62-dev libboost-chrono1.62.0 libboost-context-dev
  libboost-context1.62-dev libboost-context1.62.0 libboost-coroutine-dev
  libboost-coroutine1.62-dev libboost-coroutine1.62.0 libboost-date-time-dev
  libboost-date-time1.62-dev libboost-date-time1.62.0 libboost-dev
  libboost-exception-dev libboost-exception1.62-dev libboost-fiber-dev
  libboost-fiber1.62-dev libboost-fiber1.62.0 libboost-filesystem-dev
  libboost-filesystem1.62-dev libboost-filesystem1.62.0 libboost-graph-dev
  libboost-graph-parallel-dev libboost-graph-parallel1.62-dev
  libboost-graph-parallel1.62.0 libboost-graph1.62-dev libboost-graph1.62.0
  libboost-iostreams-dev libboost-iostreams1.62-dev libboost-iostreams1.62.0
  libboost-locale-dev libboost-locale1.62-dev libboost-locale1.62.0
  libboost-log-dev libboost-log1.62-dev libboost-log1.62.0 libboost-math-dev
  libboost-math1.62-dev libboost-math1.62.0 libboost-mpi-dev
  libboost-mpi-python-dev libboost-mpi-python1.62-dev
  libboost-mpi-python1.62.0 libboost-mpi1.62-dev libboost-mpi1.62.0
  libboost-program-options-dev libboost-program-options1.62-dev
  libboost-program-options1.62.0 libboost-python-dev libboost-python1.62-dev
  libboost-python1.62.0 libboost-random-dev libboost-random1.62-dev
  libboost-random1.62.0 libboost-regex-dev libboost-regex1.62-dev
  libboost-regex1.62.0 libboost-serialization-dev
  libboost-serialization1.62-dev libboost-serialization1.62.0
  libboost-signals-dev libboost-signals1.62-dev libboost-signals1.62.0
  libboost-system-dev libboost-system1.62-dev libboost-system1.62.0
  libboost-test-dev libboost-test1.62-dev libboost-test1.62.0
  libboost-thread-dev libboost-thread1.62-dev libboost-thread1.62.0
  libboost-timer-dev libboost-timer1.62-dev libboost-timer1.62.0
  libboost-tools-dev libboost-type-erasure-dev libboost-type-erasure1.62-dev
  libboost-type-erasure1.62.0 libboost-wave-dev libboost-wave1.62-dev
  libboost-wave1.62.0 libboost1.62-dev libboost1.62-tools-dev libcairo2
  libcap-dev libcap2 libccgnu2-1.8-0v5 libcdt5 libcgraph6 libcommoncpp2-dev
  libcroco3 libdatrie1 libdevmapper1.02.1 libevent-2.1-6 libevent-core-2.1-6
  libevent-pthreads-2.1-6 libexpat1 libexpat1-dev libfabric1
  libfile-stripnondeterminism-perl libfontconfig1 libfreetype6 libfribidi0
  libgcrypt11-dev libgcrypt20-dev libgd3 libgfortran4 libglib2.0-0 libgmp-dev
  libgmpxx4ldbl libgnutls-dane0 libgnutls-openssl27 libgnutls28-dev
  libgnutlsxx28 libgpg-error-dev libgraphite2-3 libgssapi-krb5-2 libgts-0.7-5
  libgvc6 libgvpr2 libharfbuzz0b libhwloc-dev libhwloc-plugins libhwloc5
  libibverbs-dev libibverbs1 libice6 libicu-dev libicu57 libidn11 libidn11-dev
  libidn2-0-dev libidn2-dev libjbig0 libjpeg62-turbo libk5crypto3 libkeyutils1
  libkrb5-3 libkrb5support0 liblab-gamut1 libltdl-dev libltdl7 libmagic-mgc
  libmagic1 libmpdec2 libncurses-dev libncurses5-dev libncurses6 libncursesw6
  libnl-3-200 libnl-route-3-200 libnuma-dev libnuma1 libopenmpi-dev
  libopenmpi3 libp11-kit-dev libpango-1.0-0 libpangocairo-1.0-0
  libpangoft2-1.0-0 libpathplan4 libpciaccess0 libpipeline1 libpixman-1-0
  libpmix2 libpng16-16 libpsm-infinipath1 libpython-dev libpython-stdlib
  libpython2.7 libpython2.7-dev libpython2.7-minimal libpython2.7-stdlib
  libpython3-dev libpython3-stdlib libpython3.6 libpython3.6-dev
  libpython3.6-minimal libpython3.6-stdlib librdmacm1 libreadline-dev
  libreadline5 libreadline7 librecode-dev librecode0 libsigsegv2 libsm6
  libsqlite3-0 libssl1.0.2 libssl1.1 libtasn1-6-dev libthai-data libthai0
  libtiff5 libtimedate-perl libtool libunbound2 libwebp6 libx11-6 libx11-data
  libxapian30 libxau6 libxaw7 libxcb-render0 libxcb-shm0 libxcb1 libxdmcp6
  libxdot4 libxext6 libxml2 libxmu6 libxpm4 libxrender1 libxt6 lsb-base m4
  man-db mime-support mpi-default-bin mpi-default-dev nettle-dev
  ocl-icd-libopencl1 openmpi-bin openmpi-common openssh-client pkg-config
  po-debconf python python-dev python-minimal python2.7 python2.7-dev
  python2.7-minimal python3 python3-dev python3-distutils python3-lib2to3
  python3-minimal python3.6 python3.6-dev python3.6-minimal readline-common
  ucf uuid-dev x11-common xfslibs-dev xfsprogs zlib1g-dev
Suggested packages:
  autoconf-archive gnu-standards autoconf-doc wamerican | wordlist whois
  vacation dh-make dwz doxygen-latex doxygen-doc doxygen-gui gettext-doc
  libasprintf-dev libgettextpo-dev gsfonts graphviz-doc groff libboost-doc
  libboost1.62-doc gccxml libmpfrc++-dev libntl-dev xsltproc docbook-xml
  docbook-xsl default-jdk fop manpages-dev libcommoncpp2-doc libgcrypt20-doc
  libgd-tools gmp-doc libgmp10-doc libmpfr-dev dns-root-data gnutls-doc
  gnutls-bin krb5-doc krb5-user libhwloc-contrib-plugins icu-doc libtool-doc
  openmpi-doc pciutils readline-doc gfortran | fortran95-compiler gcj-jdk
  xapian-tools m4-doc apparmor less www-browser opencl-icd gfortran keychain
  libpam-ssh monkeysphere ssh-askpass libmail-box-perl python-doc python-tk
  python2.7-doc binfmt-support python3-doc python3-tk python3-venv
  python3.6-venv python3.6-doc xfsdump acl attr quota
Recommended packages:
  curl | wget | lynx fonts-liberation libarchive-cpio-perl libglib2.0-data
  shared-mime-info xdg-user-dirs libgts-bin krb5-locales libgpm2 libtasn1-doc
  xauth libmail-sendmail-perl
The following NEW packages will be installed:
  autoconf automake autopoint autotools-dev bsdmainutils debhelper
  dh-autoreconf dh-python dh-strip-nondeterminism dmsetup doxygen file
  fontconfig fontconfig-config fonts-dejavu-core gettext gettext-base graphviz
  groff-base ibverbs-providers icu-devtools intltool-debian libann0
  libarchive-zip-perl libboost-all-dev libboost-atomic-dev
  libboost-atomic1.62-dev libboost-atomic1.62.0 libboost-chrono-dev
  libboost-chrono1.62-dev libboost-chrono1.62.0 libboost-context-dev
  libboost-context1.62-dev libboost-context1.62.0 libboost-coroutine-dev
  libboost-coroutine1.62-dev libboost-coroutine1.62.0 libboost-date-time-dev
  libboost-date-time1.62-dev libboost-date-time1.62.0 libboost-dev
  libboost-exception-dev libboost-exception1.62-dev libboost-fiber-dev
  libboost-fiber1.62-dev libboost-fiber1.62.0 libboost-filesystem-dev
  libboost-filesystem1.62-dev libboost-filesystem1.62.0 libboost-graph-dev
  libboost-graph-parallel-dev libboost-graph-parallel1.62-dev
  libboost-graph-parallel1.62.0 libboost-graph1.62-dev libboost-graph1.62.0
  libboost-iostreams-dev libboost-iostreams1.62-dev libboost-iostreams1.62.0
  libboost-locale-dev libboost-locale1.62-dev libboost-locale1.62.0
  libboost-log-dev libboost-log1.62-dev libboost-log1.62.0 libboost-math-dev
  libboost-math1.62-dev libboost-math1.62.0 libboost-mpi-dev
  libboost-mpi-python-dev libboost-mpi-python1.62-dev
  libboost-mpi-python1.62.0 libboost-mpi1.62-dev libboost-mpi1.62.0
  libboost-program-options-dev libboost-program-options1.62-dev
  libboost-program-options1.62.0 libboost-python-dev libboost-python1.62-dev
  libboost-python1.62.0 libboost-random-dev libboost-random1.62-dev
  libboost-random1.62.0 libboost-regex-dev libboost-regex1.62-dev
  libboost-regex1.62.0 libboost-serialization-dev
  libboost-serialization1.62-dev libboost-serialization1.62.0
  libboost-signals-dev libboost-signals1.62-dev libboost-signals1.62.0
  libboost-system-dev libboost-system1.62-dev libboost-system1.62.0
  libboost-test-dev libboost-test1.62-dev libboost-test1.62.0
  libboost-thread-dev libboost-thread1.62-dev libboost-thread1.62.0
  libboost-timer-dev libboost-timer1.62-dev libboost-timer1.62.0
  libboost-tools-dev libboost-type-erasure-dev libboost-type-erasure1.62-dev
  libboost-type-erasure1.62.0 libboost-wave-dev libboost-wave1.62-dev
  libboost-wave1.62.0 libboost1.62-dev libboost1.62-tools-dev libcairo2
  libcap-dev libcap2 libccgnu2-1.8-0v5 libcdt5 libcgraph6 libcommoncpp2-dev
  libcroco3 libdatrie1 libdevmapper1.02.1 libevent-2.1-6 libevent-core-2.1-6
  libevent-pthreads-2.1-6 libexpat1 libexpat1-dev libfabric1
  libfile-stripnondeterminism-perl libfontconfig1 libfreetype6 libfribidi0
  libgcrypt11-dev libgcrypt20-dev libgd3 libgfortran4 libglib2.0-0 libgmp-dev
  libgmpxx4ldbl libgnutls-dane0 libgnutls-openssl27 libgnutls28-dev
  libgnutlsxx28 libgpg-error-dev libgraphite2-3 libgssapi-krb5-2 libgts-0.7-5
  libgvc6 libgvpr2 libharfbuzz0b libhwloc-dev libhwloc-plugins libhwloc5
  libibverbs-dev libibverbs1 libice6 libicu-dev libicu57 libidn11 libidn11-dev
  libidn2-0-dev libidn2-dev libjbig0 libjpeg62-turbo libk5crypto3 libkeyutils1
  libkrb5-3 libkrb5support0 liblab-gamut1 libltdl-dev libltdl7 libmagic-mgc
  libmagic1 libmpdec2 libncurses-dev libncurses5-dev libncurses6 libncursesw6
  libnl-3-200 libnl-route-3-200 libnuma-dev libnuma1 libopenmpi-dev
  libopenmpi3 libp11-kit-dev libpango-1.0-0 libpangocairo-1.0-0
  libpangoft2-1.0-0 libpathplan4 libpciaccess0 libpipeline1 libpixman-1-0
  libpmix2 libpng16-16 libpsm-infinipath1 libpython-dev libpython-stdlib
  libpython2.7 libpython2.7-dev libpython2.7-minimal libpython2.7-stdlib
  libpython3-dev libpython3-stdlib libpython3.6 libpython3.6-dev
  libpython3.6-minimal libpython3.6-stdlib librdmacm1 libreadline-dev
  libreadline5 libreadline7 librecode-dev librecode0 libsigsegv2 libsm6
  libsqlite3-0 libssl1.0.2 libssl1.1 libtasn1-6-dev libthai-data libthai0
  libtiff5 libtimedate-perl libtool libunbound2 libwebp6 libx11-6 libx11-data
  libxapian30 libxau6 libxaw7 libxcb-render0 libxcb-shm0 libxcb1 libxdmcp6
  libxdot4 libxext6 libxml2 libxmu6 libxpm4 libxrender1 libxt6 lsb-base m4
  man-db mime-support mpi-default-bin mpi-default-dev nettle-dev
  ocl-icd-libopencl1 openmpi-bin openmpi-common openssh-client pkg-config
  po-debconf python python-dev python-minimal python2.7 python2.7-dev
  python2.7-minimal python3 python3-dev python3-distutils python3-lib2to3
  python3-minimal python3.6 python3.6-dev python3.6-minimal readline-common
  sbuild-build-depends-ui-utilcpp-dummy ucf uuid-dev x11-common xfslibs-dev
  xfsprogs zlib1g-dev
0 upgraded, 277 newly installed, 0 to remove and 0 not upgraded.
Need to get 169 MB of archives.
After this operation, 608 MB of additional disk space will be used.
Get:1 copy:/<<BUILDDIR>>/resolver-Z6zrj7/apt_archive ./ sbuild-build-depends-ui-utilcpp-dummy 0.invalid.0 [964 B]
Get:2 http://127.0.0.1:9999/debian unstable/main amd64 bsdmainutils amd64 11.1.2 [190 kB]
Get:3 http://127.0.0.1:9999/debian unstable/main amd64 groff-base amd64 1.22.3-10 [1176 kB]
Get:4 http://127.0.0.1:9999/debian unstable/main amd64 libpipeline1 amd64 1.5.0-1 [29.0 kB]
Get:5 http://127.0.0.1:9999/debian unstable/main amd64 man-db amd64 2.8.3-2 [1180 kB]
Get:6 http://127.0.0.1:9999/debian unstable/main amd64 libpython2.7-minimal amd64 2.7.15-1 [393 kB]
Get:7 http://127.0.0.1:9999/debian unstable/main amd64 python2.7-minimal amd64 2.7.15-1 [1353 kB]
Get:8 http://127.0.0.1:9999/debian unstable/main amd64 python-minimal amd64 2.7.15~rc1-1 [41.1 kB]
Get:9 http://127.0.0.1:9999/debian unstable/main amd64 mime-support all 3.60 [36.7 kB]
Get:10 http://127.0.0.1:9999/debian unstable/main amd64 libexpat1 amd64 2.2.5-3 [96.8 kB]
Get:11 http://127.0.0.1:9999/debian unstable/main amd64 libncursesw6 amd64 6.1+20180210-2 [131 kB]
Get:12 http://127.0.0.1:9999/debian unstable/main amd64 readline-common all 7.0-3 [70.4 kB]
Get:13 http://127.0.0.1:9999/debian unstable/main amd64 libreadline7 amd64 7.0-3+b1 [151 kB]
Get:14 http://127.0.0.1:9999/debian unstable/main amd64 libsqlite3-0 amd64 3.23.1-1 [603 kB]
Get:15 http://127.0.0.1:9999/debian unstable/main amd64 libssl1.1 amd64 1.1.0h-2 [1352 kB]
Get:16 http://127.0.0.1:9999/debian unstable/main amd64 libpython2.7-stdlib amd64 2.7.15-1 [1912 kB]
Get:17 http://127.0.0.1:9999/debian unstable/main amd64 python2.7 amd64 2.7.15-1 [298 kB]
Get:18 http://127.0.0.1:9999/debian unstable/main amd64 libpython-stdlib amd64 2.7.15~rc1-1 [20.5 kB]
Get:19 http://127.0.0.1:9999/debian unstable/main amd64 python amd64 2.7.15~rc1-1 [155 kB]
Get:20 http://127.0.0.1:9999/debian unstable/main amd64 libpython3.6-minimal amd64 3.6.5-5 [572 kB]
Get:21 http://127.0.0.1:9999/debian unstable/main amd64 python3.6-minimal amd64 3.6.5-5 [1728 kB]
Get:22 http://127.0.0.1:9999/debian unstable/main amd64 python3-minimal amd64 3.6.5-3 [36.2 kB]
Get:23 http://127.0.0.1:9999/debian unstable/main amd64 libmpdec2 amd64 2.4.2-2 [87.2 kB]
Get:24 http://127.0.0.1:9999/debian unstable/main amd64 libpython3.6-stdlib amd64 3.6.5-5 [1730 kB]
Get:25 http://127.0.0.1:9999/debian unstable/main amd64 python3.6 amd64 3.6.5-5 [229 kB]
Get:26 http://127.0.0.1:9999/debian unstable/main amd64 libpython3-stdlib amd64 3.6.5-3 [19.7 kB]
Get:27 http://127.0.0.1:9999/debian unstable/main amd64 python3 amd64 3.6.5-3 [24.1 kB]
Get:28 http://127.0.0.1:9999/debian unstable/main amd64 libmagic-mgc amd64 1:5.33-2 [234 kB]
Get:29 http://127.0.0.1:9999/debian unstable/main amd64 libmagic1 amd64 1:5.33-2 [113 kB]
Get:30 http://127.0.0.1:9999/debian unstable/main amd64 file amd64 1:5.33-2 [65.6 kB]
Get:31 http://127.0.0.1:9999/debian unstable/main amd64 gettext-base amd64 0.19.8.1-6 [122 kB]
Get:32 http://127.0.0.1:9999/debian unstable/main amd64 libkeyutils1 amd64 1.5.9-9.2 [12.9 kB]
Get:33 http://127.0.0.1:9999/debian unstable/main amd64 libkrb5support0 amd64 1.16-2 [62.8 kB]
Get:34 http://127.0.0.1:9999/debian unstable/main amd64 libk5crypto3 amd64 1.16-2 [121 kB]
Get:35 http://127.0.0.1:9999/debian unstable/main amd64 libkrb5-3 amd64 1.16-2 [316 kB]
Get:36 http://127.0.0.1:9999/debian unstable/main amd64 libgssapi-krb5-2 amd64 1.16-2 [158 kB]
Get:37 http://127.0.0.1:9999/debian unstable/main amd64 libssl1.0.2 amd64 1.0.2o-1 [1296 kB]
Get:38 http://127.0.0.1:9999/debian unstable/main amd64 openssh-client amd64 1:7.7p1-2 [802 kB]
Get:39 http://127.0.0.1:9999/debian unstable/main amd64 ucf all 3.0038 [67.8 kB]
Get:40 http://127.0.0.1:9999/debian unstable/main amd64 libsigsegv2 amd64 2.12-2 [32.8 kB]
Get:41 http://127.0.0.1:9999/debian unstable/main amd64 m4 amd64 1.4.18-1 [202 kB]
Get:42 http://127.0.0.1:9999/debian unstable/main amd64 autoconf all 2.69-11 [341 kB]
Get:43 http://127.0.0.1:9999/debian unstable/main amd64 autotools-dev all 20180224.1 [77.0 kB]
Get:44 http://127.0.0.1:9999/debian unstable/main amd64 automake all 1:1.15.1-3.1 [736 kB]
Get:45 http://127.0.0.1:9999/debian unstable/main amd64 autopoint all 0.19.8.1-6 [434 kB]
Get:46 http://127.0.0.1:9999/debian unstable/main amd64 libtool all 2.4.6-2.1 [547 kB]
Get:47 http://127.0.0.1:9999/debian unstable/main amd64 dh-autoreconf all 17 [16.5 kB]
Get:48 http://127.0.0.1:9999/debian unstable/main amd64 libarchive-zip-perl all 1.60-1 [95.6 kB]
Get:49 http://127.0.0.1:9999/debian unstable/main amd64 libfile-stripnondeterminism-perl all 0.041-1 [19.9 kB]
Get:50 http://127.0.0.1:9999/debian unstable/main amd64 libtimedate-perl all 2.3000-2 [42.2 kB]
Get:51 http://127.0.0.1:9999/debian unstable/main amd64 dh-strip-nondeterminism all 0.041-1 [12.0 kB]
Get:52 http://127.0.0.1:9999/debian unstable/main amd64 libglib2.0-0 amd64 2.56.1-2 [2928 kB]
Get:53 http://127.0.0.1:9999/debian unstable/main amd64 libicu57 amd64 57.1-9 [7698 kB]
Get:54 http://127.0.0.1:9999/debian unstable/main amd64 libxml2 amd64 2.9.4+dfsg1-6.1 [725 kB]
Get:55 http://127.0.0.1:9999/debian unstable/main amd64 libcroco3 amd64 0.6.12-2 [144 kB]
Get:56 http://127.0.0.1:9999/debian unstable/main amd64 gettext amd64 0.19.8.1-6 [1302 kB]
Get:57 http://127.0.0.1:9999/debian unstable/main amd64 intltool-debian all 0.35.0+20060710.4 [26.3 kB]
Get:58 http://127.0.0.1:9999/debian unstable/main amd64 po-debconf all 1.0.20 [247 kB]
Get:59 http://127.0.0.1:9999/debian unstable/main amd64 debhelper all 11.2.1 [1013 kB]
Get:60 http://127.0.0.1:9999/debian unstable/main amd64 dh-python all 3.20180326 [93.2 kB]
Get:61 http://127.0.0.1:9999/debian unstable/main amd64 libdevmapper1.02.1 amd64 2:1.02.145-4.1 [140 kB]
Get:62 http://127.0.0.1:9999/debian unstable/main amd64 dmsetup amd64 2:1.02.145-4.1 [89.6 kB]
Get:63 http://127.0.0.1:9999/debian unstable/main amd64 libxapian30 amd64 1.4.5-1 [1056 kB]
Get:64 http://127.0.0.1:9999/debian unstable/main amd64 doxygen amd64 1.8.13-10 [3985 kB]
Get:65 http://127.0.0.1:9999/debian unstable/main amd64 libpng16-16 amd64 1.6.34-1 [287 kB]
Get:66 http://127.0.0.1:9999/debian unstable/main amd64 libfreetype6 amd64 2.8.1-2 [461 kB]
Get:67 http://127.0.0.1:9999/debian unstable/main amd64 fonts-dejavu-core all 2.37-1 [1068 kB]
Get:68 http://127.0.0.1:9999/debian unstable/main amd64 fontconfig-config all 2.13.0-4 [280 kB]
Get:69 http://127.0.0.1:9999/debian unstable/main amd64 libfontconfig1 amd64 2.13.0-4 [343 kB]
Get:70 http://127.0.0.1:9999/debian unstable/main amd64 fontconfig amd64 2.13.0-4 [405 kB]
Get:71 http://127.0.0.1:9999/debian unstable/main amd64 libann0 amd64 1.1.2+doc-7 [25.3 kB]
Get:72 http://127.0.0.1:9999/debian unstable/main amd64 libpixman-1-0 amd64 0.34.0-2 [529 kB]
Get:73 http://127.0.0.1:9999/debian unstable/main amd64 libxau6 amd64 1:1.0.8-1+b2 [19.9 kB]
Get:74 http://127.0.0.1:9999/debian unstable/main amd64 libxdmcp6 amd64 1:1.1.2-3 [26.3 kB]
Get:75 http://127.0.0.1:9999/debian unstable/main amd64 libxcb1 amd64 1.13-1 [136 kB]
Get:76 http://127.0.0.1:9999/debian unstable/main amd64 libx11-data all 2:1.6.5-1 [292 kB]
Get:77 http://127.0.0.1:9999/debian unstable/main amd64 libx11-6 amd64 2:1.6.5-1 [749 kB]
Get:78 http://127.0.0.1:9999/debian unstable/main amd64 libxcb-render0 amd64 1.13-1 [108 kB]
Get:79 http://127.0.0.1:9999/debian unstable/main amd64 libxcb-shm0 amd64 1.13-1 [98.3 kB]
Get:80 http://127.0.0.1:9999/debian unstable/main amd64 libxext6 amd64 2:1.3.3-1+b2 [52.5 kB]
Get:81 http://127.0.0.1:9999/debian unstable/main amd64 libxrender1 amd64 1:0.9.10-1 [33.0 kB]
Get:82 http://127.0.0.1:9999/debian unstable/main amd64 libcairo2 amd64 1.15.10-3 [664 kB]
Get:83 http://127.0.0.1:9999/debian unstable/main amd64 libcdt5 amd64 2.40.1-3 [60.6 kB]
Get:84 http://127.0.0.1:9999/debian unstable/main amd64 libcgraph6 amd64 2.40.1-3 [84.2 kB]
Get:85 http://127.0.0.1:9999/debian unstable/main amd64 libjpeg62-turbo amd64 1:1.5.2-2+b1 [134 kB]
Get:86 http://127.0.0.1:9999/debian unstable/main amd64 libjbig0 amd64 2.1-3.1+b2 [31.0 kB]
Get:87 http://127.0.0.1:9999/debian unstable/main amd64 libtiff5 amd64 4.0.9-5 [246 kB]
Get:88 http://127.0.0.1:9999/debian unstable/main amd64 libwebp6 amd64 0.6.1-2 [263 kB]
Get:89 http://127.0.0.1:9999/debian unstable/main amd64 libxpm4 amd64 1:3.5.12-1 [49.1 kB]
Get:90 http://127.0.0.1:9999/debian unstable/main amd64 libgd3 amd64 2.2.5-4 [136 kB]
Get:91 http://127.0.0.1:9999/debian unstable/main amd64 libgts-0.7-5 amd64 0.7.6+darcs121130-4 [158 kB]
Get:92 http://127.0.0.1:9999/debian unstable/main amd64 libltdl7 amd64 2.4.6-2.1 [389 kB]
Get:93 http://127.0.0.1:9999/debian unstable/main amd64 libfribidi0 amd64 0.19.7-2 [45.5 kB]
Get:94 http://127.0.0.1:9999/debian unstable/main amd64 libthai-data all 0.1.27-2 [168 kB]
Get:95 http://127.0.0.1:9999/debian unstable/main amd64 libdatrie1 amd64 0.2.11-1 [37.9 kB]
Get:96 http://127.0.0.1:9999/debian unstable/main amd64 libthai0 amd64 0.1.27-2 [53.3 kB]
Get:97 http://127.0.0.1:9999/debian unstable/main amd64 libpango-1.0-0 amd64 1.42.1-1 [175 kB]
Get:98 http://127.0.0.1:9999/debian unstable/main amd64 libgraphite2-3 amd64 1.3.11-2 [85.2 kB]
Get:99 http://127.0.0.1:9999/debian unstable/main amd64 libharfbuzz0b amd64 1.7.6-1 [842 kB]
Get:100 http://127.0.0.1:9999/debian unstable/main amd64 libpangoft2-1.0-0 amd64 1.42.1-1 [59.6 kB]
Get:101 http://127.0.0.1:9999/debian unstable/main amd64 libpangocairo-1.0-0 amd64 1.42.1-1 [48.0 kB]
Get:102 http://127.0.0.1:9999/debian unstable/main amd64 libpathplan4 amd64 2.40.1-3 [63.8 kB]
Get:103 http://127.0.0.1:9999/debian unstable/main amd64 libxdot4 amd64 2.40.1-3 [56.8 kB]
Get:104 http://127.0.0.1:9999/debian unstable/main amd64 libgvc6 amd64 2.40.1-3 [648 kB]
Get:105 http://127.0.0.1:9999/debian unstable/main amd64 libgvpr2 amd64 2.40.1-3 [212 kB]
Get:106 http://127.0.0.1:9999/debian unstable/main amd64 lsb-base all 9.20170808 [28.1 kB]
Get:107 http://127.0.0.1:9999/debian unstable/main amd64 x11-common all 1:7.7+19 [251 kB]
Get:108 http://127.0.0.1:9999/debian unstable/main amd64 libice6 amd64 2:1.0.9-2 [58.7 kB]
Get:109 http://127.0.0.1:9999/debian unstable/main amd64 liblab-gamut1 amd64 2.40.1-3 [220 kB]
Get:110 http://127.0.0.1:9999/debian unstable/main amd64 libsm6 amd64 2:1.2.2-1+b3 [33.3 kB]
Get:111 http://127.0.0.1:9999/debian unstable/main amd64 libxt6 amd64 1:1.1.5-1 [188 kB]
Get:112 http://127.0.0.1:9999/debian unstable/main amd64 libxmu6 amd64 2:1.1.2-2 [60.3 kB]
Get:113 http://127.0.0.1:9999/debian unstable/main amd64 libxaw7 amd64 2:1.0.13-1+b2 [201 kB]
Get:114 http://127.0.0.1:9999/debian unstable/main amd64 graphviz amd64 2.40.1-3 [634 kB]
Get:115 http://127.0.0.1:9999/debian unstable/main amd64 libnl-3-200 amd64 3.2.27-2 [61.5 kB]
Get:116 http://127.0.0.1:9999/debian unstable/main amd64 libnl-route-3-200 amd64 3.2.27-2 [136 kB]
Get:117 http://127.0.0.1:9999/debian unstable/main amd64 libibverbs1 amd64 17.1-2 [45.2 kB]
Get:118 http://127.0.0.1:9999/debian unstable/main amd64 ibverbs-providers amd64 17.1-2 [170 kB]
Get:119 http://127.0.0.1:9999/debian unstable/main amd64 icu-devtools amd64 57.1-9 [177 kB]
Get:120 http://127.0.0.1:9999/debian unstable/main amd64 libboost1.62-dev amd64 1.62.0+dfsg-5+b1 [7004 kB]
Get:121 http://127.0.0.1:9999/debian unstable/main amd64 libboost-dev amd64 1.62.0.1 [3632 B]
Get:122 http://127.0.0.1:9999/debian unstable/main amd64 libboost1.62-tools-dev amd64 1.62.0+dfsg-5+b1 [1202 kB]
Get:123 http://127.0.0.1:9999/debian unstable/main amd64 libboost-tools-dev amd64 1.62.0.1 [3592 B]
Get:124 http://127.0.0.1:9999/debian unstable/main amd64 libboost-atomic1.62.0 amd64 1.62.0+dfsg-5+b1 [30.9 kB]
Get:125 http://127.0.0.1:9999/debian unstable/main amd64 libboost-atomic1.62-dev amd64 1.62.0+dfsg-5+b1 [29.8 kB]
Get:126 http://127.0.0.1:9999/debian unstable/main amd64 libboost-atomic-dev amd64 1.62.0.1 [3726 B]
Get:127 http://127.0.0.1:9999/debian unstable/main amd64 libboost-system1.62.0 amd64 1.62.0+dfsg-5+b1 [32.9 kB]
Get:128 http://127.0.0.1:9999/debian unstable/main amd64 libboost-chrono1.62.0 amd64 1.62.0+dfsg-5+b1 [36.5 kB]
Get:129 http://127.0.0.1:9999/debian unstable/main amd64 libboost-chrono1.62-dev amd64 1.62.0+dfsg-5+b1 [36.9 kB]
Get:130 http://127.0.0.1:9999/debian unstable/main amd64 libboost-chrono-dev amd64 1.62.0.1 [4048 B]
Get:131 http://127.0.0.1:9999/debian unstable/main amd64 libboost-context1.62.0 amd64 1.62.0+dfsg-5+b1 [31.9 kB]
Get:132 http://127.0.0.1:9999/debian unstable/main amd64 libboost-context1.62-dev amd64 1.62.0+dfsg-5+b1 [31.3 kB]
Get:133 http://127.0.0.1:9999/debian unstable/main amd64 libboost-context-dev amd64 1.62.0.1 [3618 B]
Get:134 http://127.0.0.1:9999/debian unstable/main amd64 libboost-thread1.62.0 amd64 1.62.0+dfsg-5+b1 [72.2 kB]
Get:135 http://127.0.0.1:9999/debian unstable/main amd64 libboost-coroutine1.62.0 amd64 1.62.0+dfsg-5+b1 [44.4 kB]
Get:136 http://127.0.0.1:9999/debian unstable/main amd64 libboost-coroutine1.62-dev amd64 1.62.0+dfsg-5+b1 [45.1 kB]
Get:137 http://127.0.0.1:9999/debian unstable/main amd64 libboost-coroutine-dev amd64 1.62.0.1 [3690 B]
Get:138 http://127.0.0.1:9999/debian unstable/main amd64 libboost-date-time1.62.0 amd64 1.62.0+dfsg-5+b1 [43.4 kB]
Get:139 http://127.0.0.1:9999/debian unstable/main amd64 libboost-serialization1.62.0 amd64 1.62.0+dfsg-5+b1 [126 kB]
Get:140 http://127.0.0.1:9999/debian unstable/main amd64 libboost-serialization1.62-dev amd64 1.62.0+dfsg-5+b1 [164 kB]
Get:141 http://127.0.0.1:9999/debian unstable/main amd64 libboost-date-time1.62-dev amd64 1.62.0+dfsg-5+b1 [50.6 kB]
Get:142 http://127.0.0.1:9999/debian unstable/main amd64 libboost-date-time-dev amd64 1.62.0.1 [3418 B]
Get:143 http://127.0.0.1:9999/debian unstable/main amd64 libboost-exception1.62-dev amd64 1.62.0+dfsg-5+b1 [29.2 kB]
Get:144 http://127.0.0.1:9999/debian unstable/main amd64 libboost-exception-dev amd64 1.62.0.1 [3410 B]
Get:145 http://127.0.0.1:9999/debian unstable/main amd64 libboost-fiber1.62.0 amd64 1.62.0+dfsg-5+b1 [50.9 kB]
Get:146 http://127.0.0.1:9999/debian unstable/main amd64 libboost-fiber1.62-dev amd64 1.62.0+dfsg-5+b1 [54.5 kB]
Get:147 http://127.0.0.1:9999/debian unstable/main amd64 libboost-fiber-dev amd64 1.62.0.1 [3840 B]
Get:148 http://127.0.0.1:9999/debian unstable/main amd64 libboost-filesystem1.62.0 amd64 1.62.0+dfsg-5+b1 [63.7 kB]
Get:149 http://127.0.0.1:9999/debian unstable/main amd64 libboost-system1.62-dev amd64 1.62.0+dfsg-5+b1 [34.3 kB]
Get:150 http://127.0.0.1:9999/debian unstable/main amd64 libboost-filesystem1.62-dev amd64 1.62.0+dfsg-5+b1 [73.7 kB]
Get:151 http://127.0.0.1:9999/debian unstable/main amd64 libboost-filesystem-dev amd64 1.62.0.1 [3448 B]
Get:152 http://127.0.0.1:9999/debian unstable/main amd64 libboost-regex1.62.0 amd64 1.62.0+dfsg-5+b1 [289 kB]
Get:153 http://127.0.0.1:9999/debian unstable/main amd64 libboost-graph1.62.0 amd64 1.62.0+dfsg-5+b1 [119 kB]
Get:154 http://127.0.0.1:9999/debian unstable/main amd64 libboost-timer1.62.0 amd64 1.62.0+dfsg-5+b1 [34.9 kB]
Get:155 http://127.0.0.1:9999/debian unstable/main amd64 libboost-test1.62.0 amd64 1.62.0+dfsg-5+b1 [255 kB]
Get:156 http://127.0.0.1:9999/debian unstable/main amd64 libboost-test1.62-dev amd64 1.62.0+dfsg-5+b1 [302 kB]
Get:157 http://127.0.0.1:9999/debian unstable/main amd64 libboost-graph1.62-dev amd64 1.62.0+dfsg-5+b1 [128 kB]
Get:158 http://127.0.0.1:9999/debian unstable/main amd64 libboost-graph-dev amd64 1.62.0.1 [3510 B]
Get:159 http://127.0.0.1:9999/debian unstable/main amd64 libevent-2.1-6 amd64 2.1.8-stable-4 [177 kB]
Get:160 http://127.0.0.1:9999/debian unstable/main amd64 libevent-core-2.1-6 amd64 2.1.8-stable-4 [129 kB]
Get:161 http://127.0.0.1:9999/debian unstable/main amd64 libevent-pthreads-2.1-6 amd64 2.1.8-stable-4 [47.9 kB]
Get:162 http://127.0.0.1:9999/debian unstable/main amd64 libpsm-infinipath1 amd64 3.3+20.604758e7-5 [172 kB]
Get:163 http://127.0.0.1:9999/debian unstable/main amd64 librdmacm1 amd64 17.1-2 [65.8 kB]
Get:164 http://127.0.0.1:9999/debian unstable/main amd64 libfabric1 amd64 1.5.3-1 [303 kB]
Get:165 http://127.0.0.1:9999/debian unstable/main amd64 libgfortran4 amd64 7.3.0-17 [487 kB]
Get:166 http://127.0.0.1:9999/debian unstable/main amd64 libnuma1 amd64 2.0.11-2.2 [33.8 kB]
Get:167 http://127.0.0.1:9999/debian unstable/main amd64 libhwloc5 amd64 1.11.10-1 [110 kB]
Get:168 http://127.0.0.1:9999/debian unstable/main amd64 libpciaccess0 amd64 0.14-1 [53.5 kB]
Get:169 http://127.0.0.1:9999/debian unstable/main amd64 ocl-icd-libopencl1 amd64 2.2.12-1 [37.1 kB]
Get:170 http://127.0.0.1:9999/debian unstable/main amd64 libhwloc-plugins amd64 1.11.10-1 [16.7 kB]
Get:171 http://127.0.0.1:9999/debian unstable/main amd64 libpmix2 amd64 2.1.1~rc1-4 [340 kB]
Get:172 http://127.0.0.1:9999/debian unstable/main amd64 libopenmpi3 amd64 3.0.1.real-1 [2099 kB]
Get:173 http://127.0.0.1:9999/debian unstable/main amd64 libboost-mpi1.62.0 amd64 1.62.0+dfsg-5+b1 [71.2 kB]
Get:174 http://127.0.0.1:9999/debian unstable/main amd64 libboost-graph-parallel1.62.0 amd64 1.62.0+dfsg-5+b1 [86.7 kB]
Get:175 http://127.0.0.1:9999/debian unstable/main amd64 libboost-graph-parallel1.62-dev amd64 1.62.0+dfsg-5+b1 [89.9 kB]
Get:176 http://127.0.0.1:9999/debian unstable/main amd64 libboost-graph-parallel-dev amd64 1.62.0.1 [3546 B]
Get:177 http://127.0.0.1:9999/debian unstable/main amd64 libicu-dev amd64 57.1-9 [16.6 MB]
Get:178 http://127.0.0.1:9999/debian unstable/main amd64 libboost-regex1.62-dev amd64 1.62.0+dfsg-5+b1 [337 kB]
Get:179 http://127.0.0.1:9999/debian unstable/main amd64 libboost-iostreams1.62.0 amd64 1.62.0+dfsg-5+b1 [51.3 kB]
Get:180 http://127.0.0.1:9999/debian unstable/main amd64 libboost-iostreams1.62-dev amd64 1.62.0+dfsg-5+b1 [57.8 kB]
Get:181 http://127.0.0.1:9999/debian unstable/main amd64 libboost-iostreams-dev amd64 1.62.0.1 [3408 B]
Get:182 http://127.0.0.1:9999/debian unstable/main amd64 libboost-locale1.62.0 amd64 1.62.0+dfsg-5+b1 [265 kB]
Get:183 http://127.0.0.1:9999/debian unstable/main amd64 libboost-locale1.62-dev amd64 1.62.0+dfsg-5+b1 [343 kB]
Get:184 http://127.0.0.1:9999/debian unstable/main amd64 libboost-locale-dev amd64 1.62.0.1 [3752 B]
Get:185 http://127.0.0.1:9999/debian unstable/main amd64 libboost-log1.62.0 amd64 1.62.0+dfsg-5+b1 [399 kB]
Get:186 http://127.0.0.1:9999/debian unstable/main amd64 libboost-thread1.62-dev amd64 1.62.0+dfsg-5+b1 [72.2 kB]
Get:187 http://127.0.0.1:9999/debian unstable/main amd64 libboost-log1.62-dev amd64 1.62.0+dfsg-5+b1 [548 kB]
Get:188 http://127.0.0.1:9999/debian unstable/main amd64 libboost-log-dev amd64 1.62.0.1 [3616 B]
Get:189 http://127.0.0.1:9999/debian unstable/main amd64 libboost-math1.62.0 amd64 1.62.0+dfsg-5+b1 [316 kB]
Get:190 http://127.0.0.1:9999/debian unstable/main amd64 libboost-math1.62-dev amd64 1.62.0+dfsg-5+b1 [541 kB]
Get:191 http://127.0.0.1:9999/debian unstable/main amd64 libboost-math-dev amd64 1.62.0.1 [3618 B]
Get:192 http://127.0.0.1:9999/debian unstable/main amd64 openmpi-common all 3.0.1.real-1 [158 kB]
Get:193 http://127.0.0.1:9999/debian unstable/main amd64 libibverbs-dev amd64 17.1-2 [104 kB]
Get:194 http://127.0.0.1:9999/debian unstable/main amd64 libnuma-dev amd64 2.0.11-2.2 [46.7 kB]
Get:195 http://127.0.0.1:9999/debian unstable/main amd64 libltdl-dev amd64 2.4.6-2.1 [161 kB]
Get:196 http://127.0.0.1:9999/debian unstable/main amd64 libhwloc-dev amd64 1.11.10-1 [172 kB]
Get:197 http://127.0.0.1:9999/debian unstable/main amd64 openmpi-bin amd64 3.0.1.real-1 [203 kB]
Get:198 http://127.0.0.1:9999/debian unstable/main amd64 libopenmpi-dev amd64 3.0.1.real-1 [936 kB]
Get:199 http://127.0.0.1:9999/debian unstable/main amd64 mpi-default-dev amd64 1.13 [5476 B]
Get:200 http://127.0.0.1:9999/debian unstable/main amd64 libboost-mpi1.62-dev amd64 1.62.0+dfsg-5+b1 [155 kB]
Get:201 http://127.0.0.1:9999/debian unstable/main amd64 libboost-mpi-dev amd64 1.62.0.1 [3500 B]
Get:202 http://127.0.0.1:9999/debian unstable/main amd64 libboost-python1.62.0 amd64 1.62.0+dfsg-5+b1 [138 kB]
Get:203 http://127.0.0.1:9999/debian unstable/main amd64 mpi-default-bin amd64 1.13 [4672 B]
Get:204 http://127.0.0.1:9999/debian unstable/main amd64 libboost-mpi-python1.62.0 amd64 1.62.0+dfsg-5+b1 [234 kB]
Get:205 http://127.0.0.1:9999/debian unstable/main amd64 libboost-mpi-python1.62-dev amd64 1.62.0+dfsg-5+b1 [49.3 kB]
Get:206 http://127.0.0.1:9999/debian unstable/main amd64 libboost-mpi-python-dev amd64 1.62.0.1 [3538 B]
Get:207 http://127.0.0.1:9999/debian unstable/main amd64 libboost-program-options1.62.0 amd64 1.62.0+dfsg-5+b1 [160 kB]
Get:208 http://127.0.0.1:9999/debian unstable/main amd64 libboost-program-options1.62-dev amd64 1.62.0+dfsg-5+b1 [185 kB]
Get:209 http://127.0.0.1:9999/debian unstable/main amd64 libboost-program-options-dev amd64 1.62.0.1 [3430 B]
Get:210 http://127.0.0.1:9999/debian unstable/main amd64 libpython2.7 amd64 2.7.15-1 [1052 kB]
Get:211 http://127.0.0.1:9999/debian unstable/main amd64 libexpat1-dev amd64 2.2.5-3 [140 kB]
Get:212 http://127.0.0.1:9999/debian unstable/main amd64 libpython2.7-dev amd64 2.7.15-1 [28.3 MB]
Get:213 http://127.0.0.1:9999/debian unstable/main amd64 libpython-dev amd64 2.7.15~rc1-1 [20.6 kB]
Get:214 http://127.0.0.1:9999/debian unstable/main amd64 python2.7-dev amd64 2.7.15-1 [290 kB]
Get:215 http://127.0.0.1:9999/debian unstable/main amd64 python-dev amd64 2.7.15~rc1-1 [1212 B]
Get:216 http://127.0.0.1:9999/debian unstable/main amd64 libpython3.6 amd64 3.6.5-5 [1441 kB]
Get:217 http://127.0.0.1:9999/debian unstable/main amd64 libpython3.6-dev amd64 3.6.5-5 [39.7 MB]
Get:218 http://127.0.0.1:9999/debian unstable/main amd64 libpython3-dev amd64 3.6.5-3 [19.7 kB]
Get:219 http://127.0.0.1:9999/debian unstable/main amd64 python3.6-dev amd64 3.6.5-5 [511 kB]
Get:220 http://127.0.0.1:9999/debian unstable/main amd64 python3-lib2to3 all 3.6.5-3 [78.7 kB]
Get:221 http://127.0.0.1:9999/debian unstable/main amd64 python3-distutils all 3.6.5-3 [144 kB]
Get:222 http://127.0.0.1:9999/debian unstable/main amd64 python3-dev amd64 3.6.5-3 [1244 B]
Get:223 http://127.0.0.1:9999/debian unstable/main amd64 libboost-python1.62-dev amd64 1.62.0+dfsg-5+b1 [167 kB]
Get:224 http://127.0.0.1:9999/debian unstable/main amd64 libboost-python-dev amd64 1.62.0.1 [3802 B]
Get:225 http://127.0.0.1:9999/debian unstable/main amd64 libboost-random1.62.0 amd64 1.62.0+dfsg-5+b1 [36.0 kB]
Get:226 http://127.0.0.1:9999/debian unstable/main amd64 libboost-random1.62-dev amd64 1.62.0+dfsg-5+b1 [35.3 kB]
Get:227 http://127.0.0.1:9999/debian unstable/main amd64 libboost-random-dev amd64 1.62.0.1 [3420 B]
Get:228 http://127.0.0.1:9999/debian unstable/main amd64 libboost-regex-dev amd64 1.62.0.1 [3674 B]
Get:229 http://127.0.0.1:9999/debian unstable/main amd64 libboost-serialization-dev amd64 1.62.0.1 [3642 B]
Get:230 http://127.0.0.1:9999/debian unstable/main amd64 libboost-signals1.62.0 amd64 1.62.0+dfsg-5+b1 [54.6 kB]
Get:231 http://127.0.0.1:9999/debian unstable/main amd64 libboost-signals1.62-dev amd64 1.62.0+dfsg-5+b1 [58.4 kB]
Get:232 http://127.0.0.1:9999/debian unstable/main amd64 libboost-signals-dev amd64 1.62.0.1 [3478 B]
Get:233 http://127.0.0.1:9999/debian unstable/main amd64 libboost-system-dev amd64 1.62.0.1 [3554 B]
Get:234 http://127.0.0.1:9999/debian unstable/main amd64 libboost-test-dev amd64 1.62.0.1 [3456 B]
Get:235 http://127.0.0.1:9999/debian unstable/main amd64 libboost-thread-dev amd64 1.62.0.1 [3442 B]
Get:236 http://127.0.0.1:9999/debian unstable/main amd64 libboost-timer1.62-dev amd64 1.62.0+dfsg-5+b1 [34.6 kB]
Get:237 http://127.0.0.1:9999/debian unstable/main amd64 libboost-timer-dev amd64 1.62.0.1 [3534 B]
Get:238 http://127.0.0.1:9999/debian unstable/main amd64 libboost-type-erasure1.62.0 amd64 1.62.0+dfsg-5+b1 [42.9 kB]
Get:239 http://127.0.0.1:9999/debian unstable/main amd64 libboost-type-erasure1.62-dev amd64 1.62.0+dfsg-5+b1 [42.3 kB]
Get:240 http://127.0.0.1:9999/debian unstable/main amd64 libboost-type-erasure-dev amd64 1.62.0.1 [3508 B]
Get:241 http://127.0.0.1:9999/debian unstable/main amd64 libboost-wave1.62.0 amd64 1.62.0+dfsg-5+b1 [204 kB]
Get:242 http://127.0.0.1:9999/debian unstable/main amd64 libboost-wave1.62-dev amd64 1.62.0+dfsg-5+b1 [253 kB]
Get:243 http://127.0.0.1:9999/debian unstable/main amd64 libboost-wave-dev amd64 1.62.0.1 [3448 B]
Get:244 http://127.0.0.1:9999/debian unstable/main amd64 libboost-all-dev amd64 1.62.0.1 [3750 B]
Get:245 http://127.0.0.1:9999/debian unstable/main amd64 libcap2 amd64 1:2.25-1.2 [17.2 kB]
Get:246 http://127.0.0.1:9999/debian unstable/main amd64 libcap-dev amd64 1:2.25-1.2 [29.7 kB]
Get:247 http://127.0.0.1:9999/debian unstable/main amd64 libccgnu2-1.8-0v5 amd64 1.8.1-6.1 [195 kB]
Get:248 http://127.0.0.1:9999/debian unstable/main amd64 libgnutls-openssl27 amd64 3.5.18-1 [205 kB]
Get:249 http://127.0.0.1:9999/debian unstable/main amd64 libgnutlsxx28 amd64 3.5.18-1 [13.8 kB]
Get:250 http://127.0.0.1:9999/debian unstable/main amd64 libunbound2 amd64 1.6.7-1 [371 kB]
Get:251 http://127.0.0.1:9999/debian unstable/main amd64 libgnutls-dane0 amd64 3.5.18-1 [205 kB]
Get:252 http://127.0.0.1:9999/debian unstable/main amd64 libgmpxx4ldbl amd64 2:6.1.2+dfsg-3 [22.7 kB]
Get:253 http://127.0.0.1:9999/debian unstable/main amd64 libgmp-dev amd64 2:6.1.2+dfsg-3 [632 kB]
Get:254 http://127.0.0.1:9999/debian unstable/main amd64 nettle-dev amd64 3.4-1 [1070 kB]
Get:255 http://127.0.0.1:9999/debian unstable/main amd64 zlib1g-dev amd64 1:1.2.11.dfsg-1 [214 kB]
Get:256 http://127.0.0.1:9999/debian unstable/main amd64 libtasn1-6-dev amd64 4.13-2 [104 kB]
Get:257 http://127.0.0.1:9999/debian unstable/main amd64 libp11-kit-dev amd64 0.23.10-2 [71.2 kB]
Get:258 http://127.0.0.1:9999/debian unstable/main amd64 libidn2-dev amd64 2.0.4-1.1 [76.4 kB]
Get:259 http://127.0.0.1:9999/debian unstable/main amd64 libidn2-0-dev amd64 2.0.4-1.1 [17.8 kB]
Get:260 http://127.0.0.1:9999/debian unstable/main amd64 libgnutls28-dev amd64 3.5.18-1 [843 kB]
Get:261 http://127.0.0.1:9999/debian unstable/main amd64 libgpg-error-dev amd64 1.29-4 [117 kB]
Get:262 http://127.0.0.1:9999/debian unstable/main amd64 libgcrypt20-dev amd64 1.8.2-2 [603 kB]
Get:263 http://127.0.0.1:9999/debian unstable/main amd64 libgcrypt11-dev amd64 1.5.4-3+really1.8.2-2 [144 kB]
Get:264 http://127.0.0.1:9999/debian unstable/main amd64 pkg-config amd64 0.29-4+b1 [63.3 kB]
Get:265 http://127.0.0.1:9999/debian unstable/main amd64 libcommoncpp2-dev amd64 1.8.1-6.1 [293 kB]
Get:266 http://127.0.0.1:9999/debian unstable/main amd64 libidn11 amd64 1.33-2.2 [116 kB]
Get:267 http://127.0.0.1:9999/debian unstable/main amd64 libidn11-dev amd64 1.33-2.2 [594 kB]
Get:268 http://127.0.0.1:9999/debian unstable/main amd64 libncurses6 amd64 6.1+20180210-2 [101 kB]
Get:269 http://127.0.0.1:9999/debian unstable/main amd64 libncurses-dev amd64 6.1+20180210-2 [334 kB]
Get:270 http://127.0.0.1:9999/debian unstable/main amd64 libncurses5-dev amd64 6.1+20180210-2 [924 B]
Get:271 http://127.0.0.1:9999/debian unstable/main amd64 libreadline-dev amd64 7.0-3+b1 [133 kB]
Get:272 http://127.0.0.1:9999/debian unstable/main amd64 libreadline5 amd64 5.2+dfsg-3+b1 [119 kB]
Get:273 http://127.0.0.1:9999/debian unstable/main amd64 librecode0 amd64 3.6-23 [532 kB]
Get:274 http://127.0.0.1:9999/debian unstable/main amd64 librecode-dev amd64 3.6-23 [526 kB]
Get:275 http://127.0.0.1:9999/debian unstable/main amd64 uuid-dev amd64 2.31.1-0.5 [91.9 kB]
Get:276 http://127.0.0.1:9999/debian unstable/main amd64 xfsprogs amd64 4.15.1-1 [897 kB]
Get:277 http://127.0.0.1:9999/debian unstable/main amd64 xfslibs-dev amd64 4.15.1-1 [89.8 kB]
debconf: delaying package configuration, since apt-utils is not installed
Fetched 169 MB in 2s (81.4 MB/s)
Selecting previously unselected package bsdmainutils.
(Reading database ... 10771 files and directories currently installed.)
Preparing to unpack .../00-bsdmainutils_11.1.2_amd64.deb ...
Unpacking bsdmainutils (11.1.2) ...
Selecting previously unselected package groff-base.
Preparing to unpack .../01-groff-base_1.22.3-10_amd64.deb ...
Unpacking groff-base (1.22.3-10) ...
Selecting previously unselected package libpipeline1:amd64.
Preparing to unpack .../02-libpipeline1_1.5.0-1_amd64.deb ...
Unpacking libpipeline1:amd64 (1.5.0-1) ...
Selecting previously unselected package man-db.
Preparing to unpack .../03-man-db_2.8.3-2_amd64.deb ...
Unpacking man-db (2.8.3-2) ...
Selecting previously unselected package libpython2.7-minimal:amd64.
Preparing to unpack .../04-libpython2.7-minimal_2.7.15-1_amd64.deb ...
Unpacking libpython2.7-minimal:amd64 (2.7.15-1) ...
Selecting previously unselected package python2.7-minimal.
Preparing to unpack .../05-python2.7-minimal_2.7.15-1_amd64.deb ...
Unpacking python2.7-minimal (2.7.15-1) ...
Selecting previously unselected package python-minimal.
Preparing to unpack .../06-python-minimal_2.7.15~rc1-1_amd64.deb ...
Unpacking python-minimal (2.7.15~rc1-1) ...
Selecting previously unselected package mime-support.
Preparing to unpack .../07-mime-support_3.60_all.deb ...
Unpacking mime-support (3.60) ...
Selecting previously unselected package libexpat1:amd64.
Preparing to unpack .../08-libexpat1_2.2.5-3_amd64.deb ...
Unpacking libexpat1:amd64 (2.2.5-3) ...
Selecting previously unselected package libncursesw6:amd64.
Preparing to unpack .../09-libncursesw6_6.1+20180210-2_amd64.deb ...
Unpacking libncursesw6:amd64 (6.1+20180210-2) ...
Selecting previously unselected package readline-common.
Preparing to unpack .../10-readline-common_7.0-3_all.deb ...
Unpacking readline-common (7.0-3) ...
Selecting previously unselected package libreadline7:amd64.
Preparing to unpack .../11-libreadline7_7.0-3+b1_amd64.deb ...
Unpacking libreadline7:amd64 (7.0-3+b1) ...
Selecting previously unselected package libsqlite3-0:amd64.
Preparing to unpack .../12-libsqlite3-0_3.23.1-1_amd64.deb ...
Unpacking libsqlite3-0:amd64 (3.23.1-1) ...
Selecting previously unselected package libssl1.1:amd64.
Preparing to unpack .../13-libssl1.1_1.1.0h-2_amd64.deb ...
Unpacking libssl1.1:amd64 (1.1.0h-2) ...
Selecting previously unselected package libpython2.7-stdlib:amd64.
Preparing to unpack .../14-libpython2.7-stdlib_2.7.15-1_amd64.deb ...
Unpacking libpython2.7-stdlib:amd64 (2.7.15-1) ...
Selecting previously unselected package python2.7.
Preparing to unpack .../15-python2.7_2.7.15-1_amd64.deb ...
Unpacking python2.7 (2.7.15-1) ...
Selecting previously unselected package libpython-stdlib:amd64.
Preparing to unpack .../16-libpython-stdlib_2.7.15~rc1-1_amd64.deb ...
Unpacking libpython-stdlib:amd64 (2.7.15~rc1-1) ...
Setting up libpython2.7-minimal:amd64 (2.7.15-1) ...
Setting up python2.7-minimal (2.7.15-1) ...
Setting up python-minimal (2.7.15~rc1-1) ...
Selecting previously unselected package python.
(Reading database ... 12213 files and directories currently installed.)
Preparing to unpack .../0-python_2.7.15~rc1-1_amd64.deb ...
Unpacking python (2.7.15~rc1-1) ...
Selecting previously unselected package libpython3.6-minimal:amd64.
Preparing to unpack .../1-libpython3.6-minimal_3.6.5-5_amd64.deb ...
Unpacking libpython3.6-minimal:amd64 (3.6.5-5) ...
Selecting previously unselected package python3.6-minimal.
Preparing to unpack .../2-python3.6-minimal_3.6.5-5_amd64.deb ...
Unpacking python3.6-minimal (3.6.5-5) ...
Selecting previously unselected package python3-minimal.
Preparing to unpack .../3-python3-minimal_3.6.5-3_amd64.deb ...
Unpacking python3-minimal (3.6.5-3) ...
Selecting previously unselected package libmpdec2:amd64.
Preparing to unpack .../4-libmpdec2_2.4.2-2_amd64.deb ...
Unpacking libmpdec2:amd64 (2.4.2-2) ...
Selecting previously unselected package libpython3.6-stdlib:amd64.
Preparing to unpack .../5-libpython3.6-stdlib_3.6.5-5_amd64.deb ...
Unpacking libpython3.6-stdlib:amd64 (3.6.5-5) ...
Selecting previously unselected package python3.6.
Preparing to unpack .../6-python3.6_3.6.5-5_amd64.deb ...
Unpacking python3.6 (3.6.5-5) ...
Selecting previously unselected package libpython3-stdlib:amd64.
Preparing to unpack .../7-libpython3-stdlib_3.6.5-3_amd64.deb ...
Unpacking libpython3-stdlib:amd64 (3.6.5-3) ...
Setting up libssl1.1:amd64 (1.1.0h-2) ...
Setting up libpython3.6-minimal:amd64 (3.6.5-5) ...
Setting up libexpat1:amd64 (2.2.5-3) ...
Setting up python3.6-minimal (3.6.5-5) ...
Setting up python3-minimal (3.6.5-3) ...
Selecting previously unselected package python3.
(Reading database ... 12913 files and directories currently installed.)
Preparing to unpack .../000-python3_3.6.5-3_amd64.deb ...
Unpacking python3 (3.6.5-3) ...
Selecting previously unselected package libmagic-mgc.
Preparing to unpack .../001-libmagic-mgc_1%3a5.33-2_amd64.deb ...
Unpacking libmagic-mgc (1:5.33-2) ...
Selecting previously unselected package libmagic1:amd64.
Preparing to unpack .../002-libmagic1_1%3a5.33-2_amd64.deb ...
Unpacking libmagic1:amd64 (1:5.33-2) ...
Selecting previously unselected package file.
Preparing to unpack .../003-file_1%3a5.33-2_amd64.deb ...
Unpacking file (1:5.33-2) ...
Selecting previously unselected package gettext-base.
Preparing to unpack .../004-gettext-base_0.19.8.1-6_amd64.deb ...
Unpacking gettext-base (0.19.8.1-6) ...
Selecting previously unselected package libkeyutils1:amd64.
Preparing to unpack .../005-libkeyutils1_1.5.9-9.2_amd64.deb ...
Unpacking libkeyutils1:amd64 (1.5.9-9.2) ...
Selecting previously unselected package libkrb5support0:amd64.
Preparing to unpack .../006-libkrb5support0_1.16-2_amd64.deb ...
Unpacking libkrb5support0:amd64 (1.16-2) ...
Selecting previously unselected package libk5crypto3:amd64.
Preparing to unpack .../007-libk5crypto3_1.16-2_amd64.deb ...
Unpacking libk5crypto3:amd64 (1.16-2) ...
Selecting previously unselected package libkrb5-3:amd64.
Preparing to unpack .../008-libkrb5-3_1.16-2_amd64.deb ...
Unpacking libkrb5-3:amd64 (1.16-2) ...
Selecting previously unselected package libgssapi-krb5-2:amd64.
Preparing to unpack .../009-libgssapi-krb5-2_1.16-2_amd64.deb ...
Unpacking libgssapi-krb5-2:amd64 (1.16-2) ...
Selecting previously unselected package libssl1.0.2:amd64.
Preparing to unpack .../010-libssl1.0.2_1.0.2o-1_amd64.deb ...
Unpacking libssl1.0.2:amd64 (1.0.2o-1) ...
Selecting previously unselected package openssh-client.
Preparing to unpack .../011-openssh-client_1%3a7.7p1-2_amd64.deb ...
Unpacking openssh-client (1:7.7p1-2) ...
Selecting previously unselected package ucf.
Preparing to unpack .../012-ucf_3.0038_all.deb ...
Moving old data out of the way
Unpacking ucf (3.0038) ...
Selecting previously unselected package libsigsegv2:amd64.
Preparing to unpack .../013-libsigsegv2_2.12-2_amd64.deb ...
Unpacking libsigsegv2:amd64 (2.12-2) ...
Selecting previously unselected package m4.
Preparing to unpack .../014-m4_1.4.18-1_amd64.deb ...
Unpacking m4 (1.4.18-1) ...
Selecting previously unselected package autoconf.
Preparing to unpack .../015-autoconf_2.69-11_all.deb ...
Unpacking autoconf (2.69-11) ...
Selecting previously unselected package autotools-dev.
Preparing to unpack .../016-autotools-dev_20180224.1_all.deb ...
Unpacking autotools-dev (20180224.1) ...
Selecting previously unselected package automake.
Preparing to unpack .../017-automake_1%3a1.15.1-3.1_all.deb ...
Unpacking automake (1:1.15.1-3.1) ...
Selecting previously unselected package autopoint.
Preparing to unpack .../018-autopoint_0.19.8.1-6_all.deb ...
Unpacking autopoint (0.19.8.1-6) ...
Selecting previously unselected package libtool.
Preparing to unpack .../019-libtool_2.4.6-2.1_all.deb ...
Unpacking libtool (2.4.6-2.1) ...
Selecting previously unselected package dh-autoreconf.
Preparing to unpack .../020-dh-autoreconf_17_all.deb ...
Unpacking dh-autoreconf (17) ...
Selecting previously unselected package libarchive-zip-perl.
Preparing to unpack .../021-libarchive-zip-perl_1.60-1_all.deb ...
Unpacking libarchive-zip-perl (1.60-1) ...
Selecting previously unselected package libfile-stripnondeterminism-perl.
Preparing to unpack .../022-libfile-stripnondeterminism-perl_0.041-1_all.deb ...
Unpacking libfile-stripnondeterminism-perl (0.041-1) ...
Selecting previously unselected package libtimedate-perl.
Preparing to unpack .../023-libtimedate-perl_2.3000-2_all.deb ...
Unpacking libtimedate-perl (2.3000-2) ...
Selecting previously unselected package dh-strip-nondeterminism.
Preparing to unpack .../024-dh-strip-nondeterminism_0.041-1_all.deb ...
Unpacking dh-strip-nondeterminism (0.041-1) ...
Selecting previously unselected package libglib2.0-0:amd64.
Preparing to unpack .../025-libglib2.0-0_2.56.1-2_amd64.deb ...
Unpacking libglib2.0-0:amd64 (2.56.1-2) ...
Selecting previously unselected package libicu57:amd64.
Preparing to unpack .../026-libicu57_57.1-9_amd64.deb ...
Unpacking libicu57:amd64 (57.1-9) ...
Selecting previously unselected package libxml2:amd64.
Preparing to unpack .../027-libxml2_2.9.4+dfsg1-6.1_amd64.deb ...
Unpacking libxml2:amd64 (2.9.4+dfsg1-6.1) ...
Selecting previously unselected package libcroco3:amd64.
Preparing to unpack .../028-libcroco3_0.6.12-2_amd64.deb ...
Unpacking libcroco3:amd64 (0.6.12-2) ...
Selecting previously unselected package gettext.
Preparing to unpack .../029-gettext_0.19.8.1-6_amd64.deb ...
Unpacking gettext (0.19.8.1-6) ...
Selecting previously unselected package intltool-debian.
Preparing to unpack .../030-intltool-debian_0.35.0+20060710.4_all.deb ...
Unpacking intltool-debian (0.35.0+20060710.4) ...
Selecting previously unselected package po-debconf.
Preparing to unpack .../031-po-debconf_1.0.20_all.deb ...
Unpacking po-debconf (1.0.20) ...
Selecting previously unselected package debhelper.
Preparing to unpack .../032-debhelper_11.2.1_all.deb ...
Unpacking debhelper (11.2.1) ...
Selecting previously unselected package dh-python.
Preparing to unpack .../033-dh-python_3.20180326_all.deb ...
Unpacking dh-python (3.20180326) ...
Selecting previously unselected package libdevmapper1.02.1:amd64.
Preparing to unpack .../034-libdevmapper1.02.1_2%3a1.02.145-4.1_amd64.deb ...
Unpacking libdevmapper1.02.1:amd64 (2:1.02.145-4.1) ...
Selecting previously unselected package dmsetup.
Preparing to unpack .../035-dmsetup_2%3a1.02.145-4.1_amd64.deb ...
Unpacking dmsetup (2:1.02.145-4.1) ...
Selecting previously unselected package libxapian30:amd64.
Preparing to unpack .../036-libxapian30_1.4.5-1_amd64.deb ...
Unpacking libxapian30:amd64 (1.4.5-1) ...
Selecting previously unselected package doxygen.
Preparing to unpack .../037-doxygen_1.8.13-10_amd64.deb ...
Unpacking doxygen (1.8.13-10) ...
Selecting previously unselected package libpng16-16:amd64.
Preparing to unpack .../038-libpng16-16_1.6.34-1_amd64.deb ...
Unpacking libpng16-16:amd64 (1.6.34-1) ...
Selecting previously unselected package libfreetype6:amd64.
Preparing to unpack .../039-libfreetype6_2.8.1-2_amd64.deb ...
Unpacking libfreetype6:amd64 (2.8.1-2) ...
Selecting previously unselected package fonts-dejavu-core.
Preparing to unpack .../040-fonts-dejavu-core_2.37-1_all.deb ...
Unpacking fonts-dejavu-core (2.37-1) ...
Selecting previously unselected package fontconfig-config.
Preparing to unpack .../041-fontconfig-config_2.13.0-4_all.deb ...
Unpacking fontconfig-config (2.13.0-4) ...
Selecting previously unselected package libfontconfig1:amd64.
Preparing to unpack .../042-libfontconfig1_2.13.0-4_amd64.deb ...
Unpacking libfontconfig1:amd64 (2.13.0-4) ...
Selecting previously unselected package fontconfig.
Preparing to unpack .../043-fontconfig_2.13.0-4_amd64.deb ...
Unpacking fontconfig (2.13.0-4) ...
Selecting previously unselected package libann0.
Preparing to unpack .../044-libann0_1.1.2+doc-7_amd64.deb ...
Unpacking libann0 (1.1.2+doc-7) ...
Selecting previously unselected package libpixman-1-0:amd64.
Preparing to unpack .../045-libpixman-1-0_0.34.0-2_amd64.deb ...
Unpacking libpixman-1-0:amd64 (0.34.0-2) ...
Selecting previously unselected package libxau6:amd64.
Preparing to unpack .../046-libxau6_1%3a1.0.8-1+b2_amd64.deb ...
Unpacking libxau6:amd64 (1:1.0.8-1+b2) ...
Selecting previously unselected package libxdmcp6:amd64.
Preparing to unpack .../047-libxdmcp6_1%3a1.1.2-3_amd64.deb ...
Unpacking libxdmcp6:amd64 (1:1.1.2-3) ...
Selecting previously unselected package libxcb1:amd64.
Preparing to unpack .../048-libxcb1_1.13-1_amd64.deb ...
Unpacking libxcb1:amd64 (1.13-1) ...
Selecting previously unselected package libx11-data.
Preparing to unpack .../049-libx11-data_2%3a1.6.5-1_all.deb ...
Unpacking libx11-data (2:1.6.5-1) ...
Selecting previously unselected package libx11-6:amd64.
Preparing to unpack .../050-libx11-6_2%3a1.6.5-1_amd64.deb ...
Unpacking libx11-6:amd64 (2:1.6.5-1) ...
Selecting previously unselected package libxcb-render0:amd64.
Preparing to unpack .../051-libxcb-render0_1.13-1_amd64.deb ...
Unpacking libxcb-render0:amd64 (1.13-1) ...
Selecting previously unselected package libxcb-shm0:amd64.
Preparing to unpack .../052-libxcb-shm0_1.13-1_amd64.deb ...
Unpacking libxcb-shm0:amd64 (1.13-1) ...
Selecting previously unselected package libxext6:amd64.
Preparing to unpack .../053-libxext6_2%3a1.3.3-1+b2_amd64.deb ...
Unpacking libxext6:amd64 (2:1.3.3-1+b2) ...
Selecting previously unselected package libxrender1:amd64.
Preparing to unpack .../054-libxrender1_1%3a0.9.10-1_amd64.deb ...
Unpacking libxrender1:amd64 (1:0.9.10-1) ...
Selecting previously unselected package libcairo2:amd64.
Preparing to unpack .../055-libcairo2_1.15.10-3_amd64.deb ...
Unpacking libcairo2:amd64 (1.15.10-3) ...
Selecting previously unselected package libcdt5.
Preparing to unpack .../056-libcdt5_2.40.1-3_amd64.deb ...
Unpacking libcdt5 (2.40.1-3) ...
Selecting previously unselected package libcgraph6.
Preparing to unpack .../057-libcgraph6_2.40.1-3_amd64.deb ...
Unpacking libcgraph6 (2.40.1-3) ...
Selecting previously unselected package libjpeg62-turbo:amd64.
Preparing to unpack .../058-libjpeg62-turbo_1%3a1.5.2-2+b1_amd64.deb ...
Unpacking libjpeg62-turbo:amd64 (1:1.5.2-2+b1) ...
Selecting previously unselected package libjbig0:amd64.
Preparing to unpack .../059-libjbig0_2.1-3.1+b2_amd64.deb ...
Unpacking libjbig0:amd64 (2.1-3.1+b2) ...
Selecting previously unselected package libtiff5:amd64.
Preparing to unpack .../060-libtiff5_4.0.9-5_amd64.deb ...
Unpacking libtiff5:amd64 (4.0.9-5) ...
Selecting previously unselected package libwebp6:amd64.
Preparing to unpack .../061-libwebp6_0.6.1-2_amd64.deb ...
Unpacking libwebp6:amd64 (0.6.1-2) ...
Selecting previously unselected package libxpm4:amd64.
Preparing to unpack .../062-libxpm4_1%3a3.5.12-1_amd64.deb ...
Unpacking libxpm4:amd64 (1:3.5.12-1) ...
Selecting previously unselected package libgd3:amd64.
Preparing to unpack .../063-libgd3_2.2.5-4_amd64.deb ...
Unpacking libgd3:amd64 (2.2.5-4) ...
Selecting previously unselected package libgts-0.7-5:amd64.
Preparing to unpack .../064-libgts-0.7-5_0.7.6+darcs121130-4_amd64.deb ...
Unpacking libgts-0.7-5:amd64 (0.7.6+darcs121130-4) ...
Selecting previously unselected package libltdl7:amd64.
Preparing to unpack .../065-libltdl7_2.4.6-2.1_amd64.deb ...
Unpacking libltdl7:amd64 (2.4.6-2.1) ...
Selecting previously unselected package libfribidi0:amd64.
Preparing to unpack .../066-libfribidi0_0.19.7-2_amd64.deb ...
Unpacking libfribidi0:amd64 (0.19.7-2) ...
Selecting previously unselected package libthai-data.
Preparing to unpack .../067-libthai-data_0.1.27-2_all.deb ...
Unpacking libthai-data (0.1.27-2) ...
Selecting previously unselected package libdatrie1:amd64.
Preparing to unpack .../068-libdatrie1_0.2.11-1_amd64.deb ...
Unpacking libdatrie1:amd64 (0.2.11-1) ...
Selecting previously unselected package libthai0:amd64.
Preparing to unpack .../069-libthai0_0.1.27-2_amd64.deb ...
Unpacking libthai0:amd64 (0.1.27-2) ...
Selecting previously unselected package libpango-1.0-0:amd64.
Preparing to unpack .../070-libpango-1.0-0_1.42.1-1_amd64.deb ...
Unpacking libpango-1.0-0:amd64 (1.42.1-1) ...
Selecting previously unselected package libgraphite2-3:amd64.
Preparing to unpack .../071-libgraphite2-3_1.3.11-2_amd64.deb ...
Unpacking libgraphite2-3:amd64 (1.3.11-2) ...
Selecting previously unselected package libharfbuzz0b:amd64.
Preparing to unpack .../072-libharfbuzz0b_1.7.6-1_amd64.deb ...
Unpacking libharfbuzz0b:amd64 (1.7.6-1) ...
Selecting previously unselected package libpangoft2-1.0-0:amd64.
Preparing to unpack .../073-libpangoft2-1.0-0_1.42.1-1_amd64.deb ...
Unpacking libpangoft2-1.0-0:amd64 (1.42.1-1) ...
Selecting previously unselected package libpangocairo-1.0-0:amd64.
Preparing to unpack .../074-libpangocairo-1.0-0_1.42.1-1_amd64.deb ...
Unpacking libpangocairo-1.0-0:amd64 (1.42.1-1) ...
Selecting previously unselected package libpathplan4.
Preparing to unpack .../075-libpathplan4_2.40.1-3_amd64.deb ...
Unpacking libpathplan4 (2.40.1-3) ...
Selecting previously unselected package libxdot4.
Preparing to unpack .../076-libxdot4_2.40.1-3_amd64.deb ...
Unpacking libxdot4 (2.40.1-3) ...
Selecting previously unselected package libgvc6.
Preparing to unpack .../077-libgvc6_2.40.1-3_amd64.deb ...
Unpacking libgvc6 (2.40.1-3) ...
Selecting previously unselected package libgvpr2.
Preparing to unpack .../078-libgvpr2_2.40.1-3_amd64.deb ...
Unpacking libgvpr2 (2.40.1-3) ...
Selecting previously unselected package lsb-base.
Preparing to unpack .../079-lsb-base_9.20170808_all.deb ...
Unpacking lsb-base (9.20170808) ...
Selecting previously unselected package x11-common.
Preparing to unpack .../080-x11-common_1%3a7.7+19_all.deb ...
Unpacking x11-common (1:7.7+19) ...
Selecting previously unselected package libice6:amd64.
Preparing to unpack .../081-libice6_2%3a1.0.9-2_amd64.deb ...
Unpacking libice6:amd64 (2:1.0.9-2) ...
Selecting previously unselected package liblab-gamut1.
Preparing to unpack .../082-liblab-gamut1_2.40.1-3_amd64.deb ...
Unpacking liblab-gamut1 (2.40.1-3) ...
Selecting previously unselected package libsm6:amd64.
Preparing to unpack .../083-libsm6_2%3a1.2.2-1+b3_amd64.deb ...
Unpacking libsm6:amd64 (2:1.2.2-1+b3) ...
Selecting previously unselected package libxt6:amd64.
Preparing to unpack .../084-libxt6_1%3a1.1.5-1_amd64.deb ...
Unpacking libxt6:amd64 (1:1.1.5-1) ...
Selecting previously unselected package libxmu6:amd64.
Preparing to unpack .../085-libxmu6_2%3a1.1.2-2_amd64.deb ...
Unpacking libxmu6:amd64 (2:1.1.2-2) ...
Selecting previously unselected package libxaw7:amd64.
Preparing to unpack .../086-libxaw7_2%3a1.0.13-1+b2_amd64.deb ...
Unpacking libxaw7:amd64 (2:1.0.13-1+b2) ...
Selecting previously unselected package graphviz.
Preparing to unpack .../087-graphviz_2.40.1-3_amd64.deb ...
Unpacking graphviz (2.40.1-3) ...
Selecting previously unselected package libnl-3-200:amd64.
Preparing to unpack .../088-libnl-3-200_3.2.27-2_amd64.deb ...
Unpacking libnl-3-200:amd64 (3.2.27-2) ...
Selecting previously unselected package libnl-route-3-200:amd64.
Preparing to unpack .../089-libnl-route-3-200_3.2.27-2_amd64.deb ...
Unpacking libnl-route-3-200:amd64 (3.2.27-2) ...
Selecting previously unselected package libibverbs1:amd64.
Preparing to unpack .../090-libibverbs1_17.1-2_amd64.deb ...
Unpacking libibverbs1:amd64 (17.1-2) ...
Selecting previously unselected package ibverbs-providers:amd64.
Preparing to unpack .../091-ibverbs-providers_17.1-2_amd64.deb ...
Unpacking ibverbs-providers:amd64 (17.1-2) ...
Selecting previously unselected package icu-devtools.
Preparing to unpack .../092-icu-devtools_57.1-9_amd64.deb ...
Unpacking icu-devtools (57.1-9) ...
Selecting previously unselected package libboost1.62-dev:amd64.
Preparing to unpack .../093-libboost1.62-dev_1.62.0+dfsg-5+b1_amd64.deb ...
Unpacking libboost1.62-dev:amd64 (1.62.0+dfsg-5+b1) ...
Selecting previously unselected package libboost-dev:amd64.
Preparing to unpack .../094-libboost-dev_1.62.0.1_amd64.deb ...
Unpacking libboost-dev:amd64 (1.62.0.1) ...
Selecting previously unselected package libboost1.62-tools-dev.
Preparing to unpack .../095-libboost1.62-tools-dev_1.62.0+dfsg-5+b1_amd64.deb ...
Unpacking libboost1.62-tools-dev (1.62.0+dfsg-5+b1) ...
Selecting previously unselected package libboost-tools-dev.
Preparing to unpack .../096-libboost-tools-dev_1.62.0.1_amd64.deb ...
Unpacking libboost-tools-dev (1.62.0.1) ...
Selecting previously unselected package libboost-atomic1.62.0:amd64.
Preparing to unpack .../097-libboost-atomic1.62.0_1.62.0+dfsg-5+b1_amd64.deb ...
Unpacking libboost-atomic1.62.0:amd64 (1.62.0+dfsg-5+b1) ...
Selecting previously unselected package libboost-atomic1.62-dev:amd64.
Preparing to unpack .../098-libboost-atomic1.62-dev_1.62.0+dfsg-5+b1_amd64.deb ...
Unpacking libboost-atomic1.62-dev:amd64 (1.62.0+dfsg-5+b1) ...
Selecting previously unselected package libboost-atomic-dev:amd64.
Preparing to unpack .../099-libboost-atomic-dev_1.62.0.1_amd64.deb ...
Unpacking libboost-atomic-dev:amd64 (1.62.0.1) ...
Selecting previously unselected package libboost-system1.62.0:amd64.
Preparing to unpack .../100-libboost-system1.62.0_1.62.0+dfsg-5+b1_amd64.deb ...
Unpacking libboost-system1.62.0:amd64 (1.62.0+dfsg-5+b1) ...
Selecting previously unselected package libboost-chrono1.62.0:amd64.
Preparing to unpack .../101-libboost-chrono1.62.0_1.62.0+dfsg-5+b1_amd64.deb ...
Unpacking libboost-chrono1.62.0:amd64 (1.62.0+dfsg-5+b1) ...
Selecting previously unselected package libboost-chrono1.62-dev:amd64.
Preparing to unpack .../102-libboost-chrono1.62-dev_1.62.0+dfsg-5+b1_amd64.deb ...
Unpacking libboost-chrono1.62-dev:amd64 (1.62.0+dfsg-5+b1) ...
Selecting previously unselected package libboost-chrono-dev:amd64.
Preparing to unpack .../103-libboost-chrono-dev_1.62.0.1_amd64.deb ...
Unpacking libboost-chrono-dev:amd64 (1.62.0.1) ...
Selecting previously unselected package libboost-context1.62.0:amd64.
Preparing to unpack .../104-libboost-context1.62.0_1.62.0+dfsg-5+b1_amd64.deb ...
Unpacking libboost-context1.62.0:amd64 (1.62.0+dfsg-5+b1) ...
Selecting previously unselected package libboost-context1.62-dev:amd64.
Preparing to unpack .../105-libboost-context1.62-dev_1.62.0+dfsg-5+b1_amd64.deb ...
Unpacking libboost-context1.62-dev:amd64 (1.62.0+dfsg-5+b1) ...
Selecting previously unselected package libboost-context-dev:amd64.
Preparing to unpack .../106-libboost-context-dev_1.62.0.1_amd64.deb ...
Unpacking libboost-context-dev:amd64 (1.62.0.1) ...
Selecting previously unselected package libboost-thread1.62.0:amd64.
Preparing to unpack .../107-libboost-thread1.62.0_1.62.0+dfsg-5+b1_amd64.deb ...
Unpacking libboost-thread1.62.0:amd64 (1.62.0+dfsg-5+b1) ...
Selecting previously unselected package libboost-coroutine1.62.0:amd64.
Preparing to unpack .../108-libboost-coroutine1.62.0_1.62.0+dfsg-5+b1_amd64.deb ...
Unpacking libboost-coroutine1.62.0:amd64 (1.62.0+dfsg-5+b1) ...
Selecting previously unselected package libboost-coroutine1.62-dev:amd64.
Preparing to unpack .../109-libboost-coroutine1.62-dev_1.62.0+dfsg-5+b1_amd64.deb ...
Unpacking libboost-coroutine1.62-dev:amd64 (1.62.0+dfsg-5+b1) ...
Selecting previously unselected package libboost-coroutine-dev:amd64.
Preparing to unpack .../110-libboost-coroutine-dev_1.62.0.1_amd64.deb ...
Unpacking libboost-coroutine-dev:amd64 (1.62.0.1) ...
Selecting previously unselected package libboost-date-time1.62.0:amd64.
Preparing to unpack .../111-libboost-date-time1.62.0_1.62.0+dfsg-5+b1_amd64.deb ...
Unpacking libboost-date-time1.62.0:amd64 (1.62.0+dfsg-5+b1) ...
Selecting previously unselected package libboost-serialization1.62.0:amd64.
Preparing to unpack .../112-libboost-serialization1.62.0_1.62.0+dfsg-5+b1_amd64.deb ...
Unpacking libboost-serialization1.62.0:amd64 (1.62.0+dfsg-5+b1) ...
Selecting previously unselected package libboost-serialization1.62-dev:amd64.
Preparing to unpack .../113-libboost-serialization1.62-dev_1.62.0+dfsg-5+b1_amd64.deb ...
Unpacking libboost-serialization1.62-dev:amd64 (1.62.0+dfsg-5+b1) ...
Selecting previously unselected package libboost-date-time1.62-dev:amd64.
Preparing to unpack .../114-libboost-date-time1.62-dev_1.62.0+dfsg-5+b1_amd64.deb ...
Unpacking libboost-date-time1.62-dev:amd64 (1.62.0+dfsg-5+b1) ...
Selecting previously unselected package libboost-date-time-dev:amd64.
Preparing to unpack .../115-libboost-date-time-dev_1.62.0.1_amd64.deb ...
Unpacking libboost-date-time-dev:amd64 (1.62.0.1) ...
Selecting previously unselected package libboost-exception1.62-dev:amd64.
Preparing to unpack .../116-libboost-exception1.62-dev_1.62.0+dfsg-5+b1_amd64.deb ...
Unpacking libboost-exception1.62-dev:amd64 (1.62.0+dfsg-5+b1) ...
Selecting previously unselected package libboost-exception-dev:amd64.
Preparing to unpack .../117-libboost-exception-dev_1.62.0.1_amd64.deb ...
Unpacking libboost-exception-dev:amd64 (1.62.0.1) ...
Selecting previously unselected package libboost-fiber1.62.0:amd64.
Preparing to unpack .../118-libboost-fiber1.62.0_1.62.0+dfsg-5+b1_amd64.deb ...
Unpacking libboost-fiber1.62.0:amd64 (1.62.0+dfsg-5+b1) ...
Selecting previously unselected package libboost-fiber1.62-dev:amd64.
Preparing to unpack .../119-libboost-fiber1.62-dev_1.62.0+dfsg-5+b1_amd64.deb ...
Unpacking libboost-fiber1.62-dev:amd64 (1.62.0+dfsg-5+b1) ...
Selecting previously unselected package libboost-fiber-dev:amd64.
Preparing to unpack .../120-libboost-fiber-dev_1.62.0.1_amd64.deb ...
Unpacking libboost-fiber-dev:amd64 (1.62.0.1) ...
Selecting previously unselected package libboost-filesystem1.62.0:amd64.
Preparing to unpack .../121-libboost-filesystem1.62.0_1.62.0+dfsg-5+b1_amd64.deb ...
Unpacking libboost-filesystem1.62.0:amd64 (1.62.0+dfsg-5+b1) ...
Selecting previously unselected package libboost-system1.62-dev:amd64.
Preparing to unpack .../122-libboost-system1.62-dev_1.62.0+dfsg-5+b1_amd64.deb ...
Unpacking libboost-system1.62-dev:amd64 (1.62.0+dfsg-5+b1) ...
Selecting previously unselected package libboost-filesystem1.62-dev:amd64.
Preparing to unpack .../123-libboost-filesystem1.62-dev_1.62.0+dfsg-5+b1_amd64.deb ...
Unpacking libboost-filesystem1.62-dev:amd64 (1.62.0+dfsg-5+b1) ...
Selecting previously unselected package libboost-filesystem-dev:amd64.
Preparing to unpack .../124-libboost-filesystem-dev_1.62.0.1_amd64.deb ...
Unpacking libboost-filesystem-dev:amd64 (1.62.0.1) ...
Selecting previously unselected package libboost-regex1.62.0:amd64.
Preparing to unpack .../125-libboost-regex1.62.0_1.62.0+dfsg-5+b1_amd64.deb ...
Unpacking libboost-regex1.62.0:amd64 (1.62.0+dfsg-5+b1) ...
Selecting previously unselected package libboost-graph1.62.0:amd64.
Preparing to unpack .../126-libboost-graph1.62.0_1.62.0+dfsg-5+b1_amd64.deb ...
Unpacking libboost-graph1.62.0:amd64 (1.62.0+dfsg-5+b1) ...
Selecting previously unselected package libboost-timer1.62.0:amd64.
Preparing to unpack .../127-libboost-timer1.62.0_1.62.0+dfsg-5+b1_amd64.deb ...
Unpacking libboost-timer1.62.0:amd64 (1.62.0+dfsg-5+b1) ...
Selecting previously unselected package libboost-test1.62.0:amd64.
Preparing to unpack .../128-libboost-test1.62.0_1.62.0+dfsg-5+b1_amd64.deb ...
Unpacking libboost-test1.62.0:amd64 (1.62.0+dfsg-5+b1) ...
Selecting previously unselected package libboost-test1.62-dev:amd64.
Preparing to unpack .../129-libboost-test1.62-dev_1.62.0+dfsg-5+b1_amd64.deb ...
Unpacking libboost-test1.62-dev:amd64 (1.62.0+dfsg-5+b1) ...
Selecting previously unselected package libboost-graph1.62-dev:amd64.
Preparing to unpack .../130-libboost-graph1.62-dev_1.62.0+dfsg-5+b1_amd64.deb ...
Unpacking libboost-graph1.62-dev:amd64 (1.62.0+dfsg-5+b1) ...
Selecting previously unselected package libboost-graph-dev:amd64.
Preparing to unpack .../131-libboost-graph-dev_1.62.0.1_amd64.deb ...
Unpacking libboost-graph-dev:amd64 (1.62.0.1) ...
Selecting previously unselected package libevent-2.1-6:amd64.
Preparing to unpack .../132-libevent-2.1-6_2.1.8-stable-4_amd64.deb ...
Unpacking libevent-2.1-6:amd64 (2.1.8-stable-4) ...
Selecting previously unselected package libevent-core-2.1-6:amd64.
Preparing to unpack .../133-libevent-core-2.1-6_2.1.8-stable-4_amd64.deb ...
Unpacking libevent-core-2.1-6:amd64 (2.1.8-stable-4) ...
Selecting previously unselected package libevent-pthreads-2.1-6:amd64.
Preparing to unpack .../134-libevent-pthreads-2.1-6_2.1.8-stable-4_amd64.deb ...
Unpacking libevent-pthreads-2.1-6:amd64 (2.1.8-stable-4) ...
Selecting previously unselected package libpsm-infinipath1.
Preparing to unpack .../135-libpsm-infinipath1_3.3+20.604758e7-5_amd64.deb ...
Unpacking libpsm-infinipath1 (3.3+20.604758e7-5) ...
Selecting previously unselected package librdmacm1:amd64.
Preparing to unpack .../136-librdmacm1_17.1-2_amd64.deb ...
Unpacking librdmacm1:amd64 (17.1-2) ...
Selecting previously unselected package libfabric1.
Preparing to unpack .../137-libfabric1_1.5.3-1_amd64.deb ...
Unpacking libfabric1 (1.5.3-1) ...
Selecting previously unselected package libgfortran4:amd64.
Preparing to unpack .../138-libgfortran4_7.3.0-17_amd64.deb ...
Unpacking libgfortran4:amd64 (7.3.0-17) ...
Selecting previously unselected package libnuma1:amd64.
Preparing to unpack .../139-libnuma1_2.0.11-2.2_amd64.deb ...
Unpacking libnuma1:amd64 (2.0.11-2.2) ...
Selecting previously unselected package libhwloc5:amd64.
Preparing to unpack .../140-libhwloc5_1.11.10-1_amd64.deb ...
Unpacking libhwloc5:amd64 (1.11.10-1) ...
Selecting previously unselected package libpciaccess0:amd64.
Preparing to unpack .../141-libpciaccess0_0.14-1_amd64.deb ...
Unpacking libpciaccess0:amd64 (0.14-1) ...
Selecting previously unselected package ocl-icd-libopencl1:amd64.
Preparing to unpack .../142-ocl-icd-libopencl1_2.2.12-1_amd64.deb ...
Unpacking ocl-icd-libopencl1:amd64 (2.2.12-1) ...
Selecting previously unselected package libhwloc-plugins.
Preparing to unpack .../143-libhwloc-plugins_1.11.10-1_amd64.deb ...
Unpacking libhwloc-plugins (1.11.10-1) ...
Selecting previously unselected package libpmix2:amd64.
Preparing to unpack .../144-libpmix2_2.1.1~rc1-4_amd64.deb ...
Unpacking libpmix2:amd64 (2.1.1~rc1-4) ...
Selecting previously unselected package libopenmpi3:amd64.
Preparing to unpack .../145-libopenmpi3_3.0.1.real-1_amd64.deb ...
Unpacking libopenmpi3:amd64 (3.0.1.real-1) ...
Selecting previously unselected package libboost-mpi1.62.0.
Preparing to unpack .../146-libboost-mpi1.62.0_1.62.0+dfsg-5+b1_amd64.deb ...
Unpacking libboost-mpi1.62.0 (1.62.0+dfsg-5+b1) ...
Selecting previously unselected package libboost-graph-parallel1.62.0.
Preparing to unpack .../147-libboost-graph-parallel1.62.0_1.62.0+dfsg-5+b1_amd64.deb ...
Unpacking libboost-graph-parallel1.62.0 (1.62.0+dfsg-5+b1) ...
Selecting previously unselected package libboost-graph-parallel1.62-dev.
Preparing to unpack .../148-libboost-graph-parallel1.62-dev_1.62.0+dfsg-5+b1_amd64.deb ...
Unpacking libboost-graph-parallel1.62-dev (1.62.0+dfsg-5+b1) ...
Selecting previously unselected package libboost-graph-parallel-dev.
Preparing to unpack .../149-libboost-graph-parallel-dev_1.62.0.1_amd64.deb ...
Unpacking libboost-graph-parallel-dev (1.62.0.1) ...
Selecting previously unselected package libicu-dev.
Preparing to unpack .../150-libicu-dev_57.1-9_amd64.deb ...
Unpacking libicu-dev (57.1-9) ...
Selecting previously unselected package libboost-regex1.62-dev:amd64.
Preparing to unpack .../151-libboost-regex1.62-dev_1.62.0+dfsg-5+b1_amd64.deb ...
Unpacking libboost-regex1.62-dev:amd64 (1.62.0+dfsg-5+b1) ...
Selecting previously unselected package libboost-iostreams1.62.0:amd64.
Preparing to unpack .../152-libboost-iostreams1.62.0_1.62.0+dfsg-5+b1_amd64.deb ...
Unpacking libboost-iostreams1.62.0:amd64 (1.62.0+dfsg-5+b1) ...
Selecting previously unselected package libboost-iostreams1.62-dev:amd64.
Preparing to unpack .../153-libboost-iostreams1.62-dev_1.62.0+dfsg-5+b1_amd64.deb ...
Unpacking libboost-iostreams1.62-dev:amd64 (1.62.0+dfsg-5+b1) ...
Selecting previously unselected package libboost-iostreams-dev:amd64.
Preparing to unpack .../154-libboost-iostreams-dev_1.62.0.1_amd64.deb ...
Unpacking libboost-iostreams-dev:amd64 (1.62.0.1) ...
Selecting previously unselected package libboost-locale1.62.0:amd64.
Preparing to unpack .../155-libboost-locale1.62.0_1.62.0+dfsg-5+b1_amd64.deb ...
Unpacking libboost-locale1.62.0:amd64 (1.62.0+dfsg-5+b1) ...
Selecting previously unselected package libboost-locale1.62-dev:amd64.
Preparing to unpack .../156-libboost-locale1.62-dev_1.62.0+dfsg-5+b1_amd64.deb ...
Unpacking libboost-locale1.62-dev:amd64 (1.62.0+dfsg-5+b1) ...
Selecting previously unselected package libboost-locale-dev:amd64.
Preparing to unpack .../157-libboost-locale-dev_1.62.0.1_amd64.deb ...
Unpacking libboost-locale-dev:amd64 (1.62.0.1) ...
Selecting previously unselected package libboost-log1.62.0.
Preparing to unpack .../158-libboost-log1.62.0_1.62.0+dfsg-5+b1_amd64.deb ...
Unpacking libboost-log1.62.0 (1.62.0+dfsg-5+b1) ...
Selecting previously unselected package libboost-thread1.62-dev:amd64.
Preparing to unpack .../159-libboost-thread1.62-dev_1.62.0+dfsg-5+b1_amd64.deb ...
Unpacking libboost-thread1.62-dev:amd64 (1.62.0+dfsg-5+b1) ...
Selecting previously unselected package libboost-log1.62-dev.
Preparing to unpack .../160-libboost-log1.62-dev_1.62.0+dfsg-5+b1_amd64.deb ...
Unpacking libboost-log1.62-dev (1.62.0+dfsg-5+b1) ...
Selecting previously unselected package libboost-log-dev.
Preparing to unpack .../161-libboost-log-dev_1.62.0.1_amd64.deb ...
Unpacking libboost-log-dev (1.62.0.1) ...
Selecting previously unselected package libboost-math1.62.0:amd64.
Preparing to unpack .../162-libboost-math1.62.0_1.62.0+dfsg-5+b1_amd64.deb ...
Unpacking libboost-math1.62.0:amd64 (1.62.0+dfsg-5+b1) ...
Selecting previously unselected package libboost-math1.62-dev:amd64.
Preparing to unpack .../163-libboost-math1.62-dev_1.62.0+dfsg-5+b1_amd64.deb ...
Unpacking libboost-math1.62-dev:amd64 (1.62.0+dfsg-5+b1) ...
Selecting previously unselected package libboost-math-dev:amd64.
Preparing to unpack .../164-libboost-math-dev_1.62.0.1_amd64.deb ...
Unpacking libboost-math-dev:amd64 (1.62.0.1) ...
Selecting previously unselected package openmpi-common.
Preparing to unpack .../165-openmpi-common_3.0.1.real-1_all.deb ...
Unpacking openmpi-common (3.0.1.real-1) ...
Selecting previously unselected package libibverbs-dev:amd64.
Preparing to unpack .../166-libibverbs-dev_17.1-2_amd64.deb ...
Unpacking libibverbs-dev:amd64 (17.1-2) ...
Selecting previously unselected package libnuma-dev:amd64.
Preparing to unpack .../167-libnuma-dev_2.0.11-2.2_amd64.deb ...
Unpacking libnuma-dev:amd64 (2.0.11-2.2) ...
Selecting previously unselected package libltdl-dev:amd64.
Preparing to unpack .../168-libltdl-dev_2.4.6-2.1_amd64.deb ...
Unpacking libltdl-dev:amd64 (2.4.6-2.1) ...
Selecting previously unselected package libhwloc-dev:amd64.
Preparing to unpack .../169-libhwloc-dev_1.11.10-1_amd64.deb ...
Unpacking libhwloc-dev:amd64 (1.11.10-1) ...
Selecting previously unselected package openmpi-bin.
Preparing to unpack .../170-openmpi-bin_3.0.1.real-1_amd64.deb ...
Unpacking openmpi-bin (3.0.1.real-1) ...
Selecting previously unselected package libopenmpi-dev:amd64.
Preparing to unpack .../171-libopenmpi-dev_3.0.1.real-1_amd64.deb ...
Unpacking libopenmpi-dev:amd64 (3.0.1.real-1) ...
Selecting previously unselected package mpi-default-dev.
Preparing to unpack .../172-mpi-default-dev_1.13_amd64.deb ...
Unpacking mpi-default-dev (1.13) ...
Selecting previously unselected package libboost-mpi1.62-dev.
Preparing to unpack .../173-libboost-mpi1.62-dev_1.62.0+dfsg-5+b1_amd64.deb ...
Unpacking libboost-mpi1.62-dev (1.62.0+dfsg-5+b1) ...
Selecting previously unselected package libboost-mpi-dev.
Preparing to unpack .../174-libboost-mpi-dev_1.62.0.1_amd64.deb ...
Unpacking libboost-mpi-dev (1.62.0.1) ...
Selecting previously unselected package libboost-python1.62.0.
Preparing to unpack .../175-libboost-python1.62.0_1.62.0+dfsg-5+b1_amd64.deb ...
Unpacking libboost-python1.62.0 (1.62.0+dfsg-5+b1) ...
Selecting previously unselected package mpi-default-bin.
Preparing to unpack .../176-mpi-default-bin_1.13_amd64.deb ...
Unpacking mpi-default-bin (1.13) ...
Selecting previously unselected package libboost-mpi-python1.62.0.
Preparing to unpack .../177-libboost-mpi-python1.62.0_1.62.0+dfsg-5+b1_amd64.deb ...
Unpacking libboost-mpi-python1.62.0 (1.62.0+dfsg-5+b1) ...
Selecting previously unselected package libboost-mpi-python1.62-dev.
Preparing to unpack .../178-libboost-mpi-python1.62-dev_1.62.0+dfsg-5+b1_amd64.deb ...
Unpacking libboost-mpi-python1.62-dev (1.62.0+dfsg-5+b1) ...
Selecting previously unselected package libboost-mpi-python-dev.
Preparing to unpack .../179-libboost-mpi-python-dev_1.62.0.1_amd64.deb ...
Unpacking libboost-mpi-python-dev (1.62.0.1) ...
Selecting previously unselected package libboost-program-options1.62.0:amd64.
Preparing to unpack .../180-libboost-program-options1.62.0_1.62.0+dfsg-5+b1_amd64.deb ...
Unpacking libboost-program-options1.62.0:amd64 (1.62.0+dfsg-5+b1) ...
Selecting previously unselected package libboost-program-options1.62-dev:amd64.
Preparing to unpack .../181-libboost-program-options1.62-dev_1.62.0+dfsg-5+b1_amd64.deb ...
Unpacking libboost-program-options1.62-dev:amd64 (1.62.0+dfsg-5+b1) ...
Selecting previously unselected package libboost-program-options-dev:amd64.
Preparing to unpack .../182-libboost-program-options-dev_1.62.0.1_amd64.deb ...
Unpacking libboost-program-options-dev:amd64 (1.62.0.1) ...
Selecting previously unselected package libpython2.7:amd64.
Preparing to unpack .../183-libpython2.7_2.7.15-1_amd64.deb ...
Unpacking libpython2.7:amd64 (2.7.15-1) ...
Selecting previously unselected package libexpat1-dev:amd64.
Preparing to unpack .../184-libexpat1-dev_2.2.5-3_amd64.deb ...
Unpacking libexpat1-dev:amd64 (2.2.5-3) ...
Selecting previously unselected package libpython2.7-dev:amd64.
Preparing to unpack .../185-libpython2.7-dev_2.7.15-1_amd64.deb ...
Unpacking libpython2.7-dev:amd64 (2.7.15-1) ...
Selecting previously unselected package libpython-dev:amd64.
Preparing to unpack .../186-libpython-dev_2.7.15~rc1-1_amd64.deb ...
Unpacking libpython-dev:amd64 (2.7.15~rc1-1) ...
Selecting previously unselected package python2.7-dev.
Preparing to unpack .../187-python2.7-dev_2.7.15-1_amd64.deb ...
Unpacking python2.7-dev (2.7.15-1) ...
Selecting previously unselected package python-dev.
Preparing to unpack .../188-python-dev_2.7.15~rc1-1_amd64.deb ...
Unpacking python-dev (2.7.15~rc1-1) ...
Selecting previously unselected package libpython3.6:amd64.
Preparing to unpack .../189-libpython3.6_3.6.5-5_amd64.deb ...
Unpacking libpython3.6:amd64 (3.6.5-5) ...
Selecting previously unselected package libpython3.6-dev:amd64.
Preparing to unpack .../190-libpython3.6-dev_3.6.5-5_amd64.deb ...
Unpacking libpython3.6-dev:amd64 (3.6.5-5) ...
Selecting previously unselected package libpython3-dev:amd64.
Preparing to unpack .../191-libpython3-dev_3.6.5-3_amd64.deb ...
Unpacking libpython3-dev:amd64 (3.6.5-3) ...
Selecting previously unselected package python3.6-dev.
Preparing to unpack .../192-python3.6-dev_3.6.5-5_amd64.deb ...
Unpacking python3.6-dev (3.6.5-5) ...
Selecting previously unselected package python3-lib2to3.
Preparing to unpack .../193-python3-lib2to3_3.6.5-3_all.deb ...
Unpacking python3-lib2to3 (3.6.5-3) ...
Selecting previously unselected package python3-distutils.
Preparing to unpack .../194-python3-distutils_3.6.5-3_all.deb ...
Unpacking python3-distutils (3.6.5-3) ...
Selecting previously unselected package python3-dev.
Preparing to unpack .../195-python3-dev_3.6.5-3_amd64.deb ...
Unpacking python3-dev (3.6.5-3) ...
Selecting previously unselected package libboost-python1.62-dev.
Preparing to unpack .../196-libboost-python1.62-dev_1.62.0+dfsg-5+b1_amd64.deb ...
Unpacking libboost-python1.62-dev (1.62.0+dfsg-5+b1) ...
Selecting previously unselected package libboost-python-dev.
Preparing to unpack .../197-libboost-python-dev_1.62.0.1_amd64.deb ...
Unpacking libboost-python-dev (1.62.0.1) ...
Selecting previously unselected package libboost-random1.62.0:amd64.
Preparing to unpack .../198-libboost-random1.62.0_1.62.0+dfsg-5+b1_amd64.deb ...
Unpacking libboost-random1.62.0:amd64 (1.62.0+dfsg-5+b1) ...
Selecting previously unselected package libboost-random1.62-dev:amd64.
Preparing to unpack .../199-libboost-random1.62-dev_1.62.0+dfsg-5+b1_amd64.deb ...
Unpacking libboost-random1.62-dev:amd64 (1.62.0+dfsg-5+b1) ...
Selecting previously unselected package libboost-random-dev:amd64.
Preparing to unpack .../200-libboost-random-dev_1.62.0.1_amd64.deb ...
Unpacking libboost-random-dev:amd64 (1.62.0.1) ...
Selecting previously unselected package libboost-regex-dev:amd64.
Preparing to unpack .../201-libboost-regex-dev_1.62.0.1_amd64.deb ...
Unpacking libboost-regex-dev:amd64 (1.62.0.1) ...
Selecting previously unselected package libboost-serialization-dev:amd64.
Preparing to unpack .../202-libboost-serialization-dev_1.62.0.1_amd64.deb ...
Unpacking libboost-serialization-dev:amd64 (1.62.0.1) ...
Selecting previously unselected package libboost-signals1.62.0:amd64.
Preparing to unpack .../203-libboost-signals1.62.0_1.62.0+dfsg-5+b1_amd64.deb ...
Unpacking libboost-signals1.62.0:amd64 (1.62.0+dfsg-5+b1) ...
Selecting previously unselected package libboost-signals1.62-dev:amd64.
Preparing to unpack .../204-libboost-signals1.62-dev_1.62.0+dfsg-5+b1_amd64.deb ...
Unpacking libboost-signals1.62-dev:amd64 (1.62.0+dfsg-5+b1) ...
Selecting previously unselected package libboost-signals-dev:amd64.
Preparing to unpack .../205-libboost-signals-dev_1.62.0.1_amd64.deb ...
Unpacking libboost-signals-dev:amd64 (1.62.0.1) ...
Selecting previously unselected package libboost-system-dev:amd64.
Preparing to unpack .../206-libboost-system-dev_1.62.0.1_amd64.deb ...
Unpacking libboost-system-dev:amd64 (1.62.0.1) ...
Selecting previously unselected package libboost-test-dev:amd64.
Preparing to unpack .../207-libboost-test-dev_1.62.0.1_amd64.deb ...
Unpacking libboost-test-dev:amd64 (1.62.0.1) ...
Selecting previously unselected package libboost-thread-dev:amd64.
Preparing to unpack .../208-libboost-thread-dev_1.62.0.1_amd64.deb ...
Unpacking libboost-thread-dev:amd64 (1.62.0.1) ...
Selecting previously unselected package libboost-timer1.62-dev:amd64.
Preparing to unpack .../209-libboost-timer1.62-dev_1.62.0+dfsg-5+b1_amd64.deb ...
Unpacking libboost-timer1.62-dev:amd64 (1.62.0+dfsg-5+b1) ...
Selecting previously unselected package libboost-timer-dev:amd64.
Preparing to unpack .../210-libboost-timer-dev_1.62.0.1_amd64.deb ...
Unpacking libboost-timer-dev:amd64 (1.62.0.1) ...
Selecting previously unselected package libboost-type-erasure1.62.0:amd64.
Preparing to unpack .../211-libboost-type-erasure1.62.0_1.62.0+dfsg-5+b1_amd64.deb ...
Unpacking libboost-type-erasure1.62.0:amd64 (1.62.0+dfsg-5+b1) ...
Selecting previously unselected package libboost-type-erasure1.62-dev:amd64.
Preparing to unpack .../212-libboost-type-erasure1.62-dev_1.62.0+dfsg-5+b1_amd64.deb ...
Unpacking libboost-type-erasure1.62-dev:amd64 (1.62.0+dfsg-5+b1) ...
Selecting previously unselected package libboost-type-erasure-dev:amd64.
Preparing to unpack .../213-libboost-type-erasure-dev_1.62.0.1_amd64.deb ...
Unpacking libboost-type-erasure-dev:amd64 (1.62.0.1) ...
Selecting previously unselected package libboost-wave1.62.0:amd64.
Preparing to unpack .../214-libboost-wave1.62.0_1.62.0+dfsg-5+b1_amd64.deb ...
Unpacking libboost-wave1.62.0:amd64 (1.62.0+dfsg-5+b1) ...
Selecting previously unselected package libboost-wave1.62-dev:amd64.
Preparing to unpack .../215-libboost-wave1.62-dev_1.62.0+dfsg-5+b1_amd64.deb ...
Unpacking libboost-wave1.62-dev:amd64 (1.62.0+dfsg-5+b1) ...
Selecting previously unselected package libboost-wave-dev:amd64.
Preparing to unpack .../216-libboost-wave-dev_1.62.0.1_amd64.deb ...
Unpacking libboost-wave-dev:amd64 (1.62.0.1) ...
Selecting previously unselected package libboost-all-dev.
Preparing to unpack .../217-libboost-all-dev_1.62.0.1_amd64.deb ...
Unpacking libboost-all-dev (1.62.0.1) ...
Selecting previously unselected package libcap2:amd64.
Preparing to unpack .../218-libcap2_1%3a2.25-1.2_amd64.deb ...
Unpacking libcap2:amd64 (1:2.25-1.2) ...
Selecting previously unselected package libcap-dev:amd64.
Preparing to unpack .../219-libcap-dev_1%3a2.25-1.2_amd64.deb ...
Unpacking libcap-dev:amd64 (1:2.25-1.2) ...
Selecting previously unselected package libccgnu2-1.8-0v5:amd64.
Preparing to unpack .../220-libccgnu2-1.8-0v5_1.8.1-6.1_amd64.deb ...
Unpacking libccgnu2-1.8-0v5:amd64 (1.8.1-6.1) ...
Selecting previously unselected package libgnutls-openssl27:amd64.
Preparing to unpack .../221-libgnutls-openssl27_3.5.18-1_amd64.deb ...
Unpacking libgnutls-openssl27:amd64 (3.5.18-1) ...
Selecting previously unselected package libgnutlsxx28:amd64.
Preparing to unpack .../222-libgnutlsxx28_3.5.18-1_amd64.deb ...
Unpacking libgnutlsxx28:amd64 (3.5.18-1) ...
Selecting previously unselected package libunbound2:amd64.
Preparing to unpack .../223-libunbound2_1.6.7-1_amd64.deb ...
Unpacking libunbound2:amd64 (1.6.7-1) ...
Selecting previously unselected package libgnutls-dane0:amd64.
Preparing to unpack .../224-libgnutls-dane0_3.5.18-1_amd64.deb ...
Unpacking libgnutls-dane0:amd64 (3.5.18-1) ...
Selecting previously unselected package libgmpxx4ldbl:amd64.
Preparing to unpack .../225-libgmpxx4ldbl_2%3a6.1.2+dfsg-3_amd64.deb ...
Unpacking libgmpxx4ldbl:amd64 (2:6.1.2+dfsg-3) ...
Selecting previously unselected package libgmp-dev:amd64.
Preparing to unpack .../226-libgmp-dev_2%3a6.1.2+dfsg-3_amd64.deb ...
Unpacking libgmp-dev:amd64 (2:6.1.2+dfsg-3) ...
Selecting previously unselected package nettle-dev:amd64.
Preparing to unpack .../227-nettle-dev_3.4-1_amd64.deb ...
Unpacking nettle-dev:amd64 (3.4-1) ...
Selecting previously unselected package zlib1g-dev:amd64.
Preparing to unpack .../228-zlib1g-dev_1%3a1.2.11.dfsg-1_amd64.deb ...
Unpacking zlib1g-dev:amd64 (1:1.2.11.dfsg-1) ...
Selecting previously unselected package libtasn1-6-dev:amd64.
Preparing to unpack .../229-libtasn1-6-dev_4.13-2_amd64.deb ...
Unpacking libtasn1-6-dev:amd64 (4.13-2) ...
Selecting previously unselected package libp11-kit-dev:amd64.
Preparing to unpack .../230-libp11-kit-dev_0.23.10-2_amd64.deb ...
Unpacking libp11-kit-dev:amd64 (0.23.10-2) ...
Selecting previously unselected package libidn2-dev:amd64.
Preparing to unpack .../231-libidn2-dev_2.0.4-1.1_amd64.deb ...
Unpacking libidn2-dev:amd64 (2.0.4-1.1) ...
Selecting previously unselected package libidn2-0-dev.
Preparing to unpack .../232-libidn2-0-dev_2.0.4-1.1_amd64.deb ...
Unpacking libidn2-0-dev (2.0.4-1.1) ...
Selecting previously unselected package libgnutls28-dev:amd64.
Preparing to unpack .../233-libgnutls28-dev_3.5.18-1_amd64.deb ...
Unpacking libgnutls28-dev:amd64 (3.5.18-1) ...
Selecting previously unselected package libgpg-error-dev.
Preparing to unpack .../234-libgpg-error-dev_1.29-4_amd64.deb ...
Unpacking libgpg-error-dev (1.29-4) ...
Selecting previously unselected package libgcrypt20-dev.
Preparing to unpack .../235-libgcrypt20-dev_1.8.2-2_amd64.deb ...
Unpacking libgcrypt20-dev (1.8.2-2) ...
Selecting previously unselected package libgcrypt11-dev.
Preparing to unpack .../236-libgcrypt11-dev_1.5.4-3+really1.8.2-2_amd64.deb ...
Unpacking libgcrypt11-dev (1.5.4-3+really1.8.2-2) ...
Selecting previously unselected package pkg-config.
Preparing to unpack .../237-pkg-config_0.29-4+b1_amd64.deb ...
Unpacking pkg-config (0.29-4+b1) ...
Selecting previously unselected package libcommoncpp2-dev.
Preparing to unpack .../238-libcommoncpp2-dev_1.8.1-6.1_amd64.deb ...
Unpacking libcommoncpp2-dev (1.8.1-6.1) ...
Selecting previously unselected package libidn11:amd64.
Preparing to unpack .../239-libidn11_1.33-2.2_amd64.deb ...
Unpacking libidn11:amd64 (1.33-2.2) ...
Selecting previously unselected package libidn11-dev:amd64.
Preparing to unpack .../240-libidn11-dev_1.33-2.2_amd64.deb ...
Unpacking libidn11-dev:amd64 (1.33-2.2) ...
Selecting previously unselected package libncurses6:amd64.
Preparing to unpack .../241-libncurses6_6.1+20180210-2_amd64.deb ...
Unpacking libncurses6:amd64 (6.1+20180210-2) ...
Selecting previously unselected package libncurses-dev:amd64.
Preparing to unpack .../242-libncurses-dev_6.1+20180210-2_amd64.deb ...
Unpacking libncurses-dev:amd64 (6.1+20180210-2) ...
Selecting previously unselected package libncurses5-dev:amd64.
Preparing to unpack .../243-libncurses5-dev_6.1+20180210-2_amd64.deb ...
Unpacking libncurses5-dev:amd64 (6.1+20180210-2) ...
Selecting previously unselected package libreadline-dev:amd64.
Preparing to unpack .../244-libreadline-dev_7.0-3+b1_amd64.deb ...
Unpacking libreadline-dev:amd64 (7.0-3+b1) ...
Selecting previously unselected package libreadline5:amd64.
Preparing to unpack .../245-libreadline5_5.2+dfsg-3+b1_amd64.deb ...
Unpacking libreadline5:amd64 (5.2+dfsg-3+b1) ...
Selecting previously unselected package librecode0:amd64.
Preparing to unpack .../246-librecode0_3.6-23_amd64.deb ...
Unpacking librecode0:amd64 (3.6-23) ...
Selecting previously unselected package librecode-dev:amd64.
Preparing to unpack .../247-librecode-dev_3.6-23_amd64.deb ...
Unpacking librecode-dev:amd64 (3.6-23) ...
Selecting previously unselected package uuid-dev:amd64.
Preparing to unpack .../248-uuid-dev_2.31.1-0.5_amd64.deb ...
Unpacking uuid-dev:amd64 (2.31.1-0.5) ...
Selecting previously unselected package xfsprogs.
Preparing to unpack .../249-xfsprogs_4.15.1-1_amd64.deb ...
Unpacking xfsprogs (4.15.1-1) ...
Selecting previously unselected package xfslibs-dev.
Preparing to unpack .../250-xfslibs-dev_4.15.1-1_amd64.deb ...
Unpacking xfslibs-dev (4.15.1-1) ...
Selecting previously unselected package sbuild-build-depends-ui-utilcpp-dummy.
Preparing to unpack .../251-sbuild-build-depends-ui-utilcpp-dummy_0.invalid.0_amd64.deb ...
Unpacking sbuild-build-depends-ui-utilcpp-dummy (0.invalid.0) ...
Setting up libboost-serialization1.62.0:amd64 (1.62.0+dfsg-5+b1) ...
Setting up readline-common (7.0-3) ...
Setting up libxapian30:amd64 (1.4.5-1) ...
Setting up libpathplan4 (2.40.1-3) ...
Setting up liblab-gamut1 (2.40.1-3) ...
Setting up libevent-2.1-6:amd64 (2.1.8-stable-4) ...
Setting up libxdot4 (2.40.1-3) ...
Setting up libboost-date-time1.62.0:amd64 (1.62.0+dfsg-5+b1) ...
Setting up libevent-core-2.1-6:amd64 (2.1.8-stable-4) ...
Setting up libjpeg62-turbo:amd64 (1:1.5.2-2+b1) ...
Setting up libarchive-zip-perl (1.60-1) ...
Setting up mime-support (3.60) ...
Setting up libgfortran4:amd64 (7.3.0-17) ...
Setting up libboost1.62-dev:amd64 (1.62.0+dfsg-5+b1) ...
Setting up libpng16-16:amd64 (1.6.34-1) ...
Setting up libtimedate-perl (2.3000-2) ...
Setting up libjbig0:amd64 (2.1-3.1+b2) ...
Setting up libsigsegv2:amd64 (2.12-2) ...
Setting up fonts-dejavu-core (2.37-1) ...
Setting up libboost-program-options1.62.0:amd64 (1.62.0+dfsg-5+b1) ...
Setting up libreadline7:amd64 (7.0-3+b1) ...
Setting up libnuma1:amd64 (2.0.11-2.2) ...
Setting up groff-base (1.22.3-10) ...
Setting up libglib2.0-0:amd64 (2.56.1-2) ...
No schema files found: doing nothing.
Setting up libncursesw6:amd64 (6.1+20180210-2) ...
Setting up libcap2:amd64 (1:2.25-1.2) ...
Setting up libgpg-error-dev (1.29-4) ...
Setting up libboost-program-options1.62-dev:amd64 (1.62.0+dfsg-5+b1) ...
Setting up doxygen (1.8.13-10) ...
Setting up uuid-dev:amd64 (2.31.1-0.5) ...
Setting up libp11-kit-dev:amd64 (0.23.10-2) ...
Setting up libtasn1-6-dev:amd64 (4.13-2) ...
Setting up libdatrie1:amd64 (0.2.11-1) ...
Setting up libtiff5:amd64 (4.0.9-5) ...
Setting up gettext-base (0.19.8.1-6) ...
Setting up libpipeline1:amd64 (1.5.0-1) ...
Setting up m4 (1.4.18-1) ...
Setting up libicu57:amd64 (57.1-9) ...
Setting up ucf (3.0038) ...
Setting up libboost-serialization1.62-dev:amd64 (1.62.0+dfsg-5+b1) ...
Setting up libxml2:amd64 (2.9.4+dfsg1-6.1) ...
Setting up libboost-exception1.62-dev:amd64 (1.62.0+dfsg-5+b1) ...
Setting up libfreetype6:amd64 (2.8.1-2) ...
Setting up libmagic-mgc (1:5.33-2) ...
Setting up libmagic1:amd64 (1:5.33-2) ...
Setting up lsb-base (9.20170808) ...
Setting up libgraphite2-3:amd64 (1.3.11-2) ...
Setting up libcroco3:amd64 (0.6.12-2) ...
Setting up libboost-iostreams1.62.0:amd64 (1.62.0+dfsg-5+b1) ...
Setting up libpsm-infinipath1 (3.3+20.604758e7-5) ...
update-alternatives: using /usr/lib/libpsm1/libpsm_infinipath.so.1.16 to provide /usr/lib/x86_64-linux-gnu/libpsm_infinipath.so.1 (libpsm_infinipath.so.1) in auto mode
Setting up libssl1.0.2:amd64 (1.0.2o-1) ...
Setting up pkg-config (0.29-4+b1) ...
Setting up libpixman-1-0:amd64 (0.34.0-2) ...
Setting up libgnutlsxx28:amd64 (3.5.18-1) ...
Setting up libboost-exception-dev:amd64 (1.62.0.1) ...
Setting up libevent-pthreads-2.1-6:amd64 (2.1.8-stable-4) ...
Setting up openmpi-common (3.0.1.real-1) ...
Processing triggers for libc-bin (2.27-3) ...
Setting up libgcrypt20-dev (1.8.2-2) ...
Setting up libccgnu2-1.8-0v5:amd64 (1.8.1-6.1) ...
Setting up autotools-dev (20180224.1) ...
Setting up librecode0:amd64 (3.6-23) ...
Setting up libgnutls-openssl27:amd64 (3.5.18-1) ...
Setting up libltdl7:amd64 (2.4.6-2.1) ...
Setting up libsqlite3-0:amd64 (3.23.1-1) ...
Setting up libcap-dev:amd64 (1:2.25-1.2) ...
Setting up libboost-atomic1.62.0:amd64 (1.62.0+dfsg-5+b1) ...
Setting up libann0 (1.1.2+doc-7) ...
Setting up libboost-math1.62.0:amd64 (1.62.0+dfsg-5+b1) ...
Setting up libfribidi0:amd64 (0.19.7-2) ...
Setting up libexpat1-dev:amd64 (2.2.5-3) ...
Setting up libpciaccess0:amd64 (0.14-1) ...
Setting up libboost-python1.62.0 (1.62.0+dfsg-5+b1) ...
Setting up icu-devtools (57.1-9) ...
Setting up libboost-dev:amd64 (1.62.0.1) ...
Setting up libthai-data (0.1.27-2) ...
Setting up libxdmcp6:amd64 (1:1.1.2-3) ...
Setting up libnuma-dev:amd64 (2.0.11-2.2) ...
Setting up ocl-icd-libopencl1:amd64 (2.2.12-1) ...
Setting up libkeyutils1:amd64 (1.5.9-9.2) ...
Setting up libreadline5:amd64 (5.2+dfsg-3+b1) ...
Setting up bsdmainutils (11.1.2) ...
update-alternatives: using /usr/bin/bsd-write to provide /usr/bin/write (write) in auto mode
update-alternatives: using /usr/bin/bsd-from to provide /usr/bin/from (from) in auto mode
Setting up libgmpxx4ldbl:amd64 (2:6.1.2+dfsg-3) ...
Setting up libnl-3-200:amd64 (3.2.27-2) ...
Setting up libboost-signals1.62.0:amd64 (1.62.0+dfsg-5+b1) ...
Setting up x11-common (1:7.7+19) ...
update-rc.d: warning: start and stop actions are no longer supported; falling back to defaults
invoke-rc.d: could not determine current runlevel
All runlevel operations denied by policy
invoke-rc.d: policy-rc.d denied execution of start.
Setting up libidn2-dev:amd64 (2.0.4-1.1) ...
Setting up libboost-context1.62.0:amd64 (1.62.0+dfsg-5+b1) ...
Setting up libncurses6:amd64 (6.1+20180210-2) ...
Setting up libidn2-0-dev (2.0.4-1.1) ...
Setting up libcdt5 (2.40.1-3) ...
Setting up libx11-data (2:1.6.5-1) ...
Setting up libpython2.7-stdlib:amd64 (2.7.15-1) ...
Setting up libxau6:amd64 (1:1.0.8-1+b2) ...
Setting up autopoint (0.19.8.1-6) ...
Setting up libidn11:amd64 (1.33-2.2) ...
Setting up libmpdec2:amd64 (2.4.2-2) ...
Setting up libboost-system1.62.0:amd64 (1.62.0+dfsg-5+b1) ...
Setting up libboost-program-options-dev:amd64 (1.62.0.1) ...
Setting up libcgraph6 (2.40.1-3) ...
Setting up libidn11-dev:amd64 (1.33-2.2) ...
Setting up libwebp6:amd64 (0.6.1-2) ...
Setting up zlib1g-dev:amd64 (1:1.2.11.dfsg-1) ...
Setting up libfile-stripnondeterminism-perl (0.041-1) ...
Setting up libboost-atomic1.62-dev:amd64 (1.62.0+dfsg-5+b1) ...
Setting up libgmp-dev:amd64 (2:6.1.2+dfsg-3) ...
Setting up libboost-serialization-dev:amd64 (1.62.0.1) ...
Setting up libpython3.6-stdlib:amd64 (3.6.5-5) ...
Setting up libgts-0.7-5:amd64 (0.7.6+darcs121130-4) ...
Setting up libboost-date-time1.62-dev:amd64 (1.62.0+dfsg-5+b1) ...
Setting up libboost-context1.62-dev:amd64 (1.62.0+dfsg-5+b1) ...
Setting up libunbound2:amd64 (1.6.7-1) ...
Setting up fontconfig-config (2.13.0-4) ...
Setting up python3.6 (3.6.5-5) ...
Setting up librecode-dev:amd64 (3.6-23) ...
Setting up libboost1.62-tools-dev (1.62.0+dfsg-5+b1) ...
Setting up libltdl-dev:amd64 (2.4.6-2.1) ...
Setting up libboost-atomic-dev:amd64 (1.62.0.1) ...
Setting up gettext (0.19.8.1-6) ...
Setting up libgvpr2 (2.40.1-3) ...
Setting up libgcrypt11-dev (1.5.4-3+really1.8.2-2) ...
Setting up libboost-thread1.62.0:amd64 (1.62.0+dfsg-5+b1) ...
Setting up libboost-random1.62.0:amd64 (1.62.0+dfsg-5+b1) ...
Setting up libboost-regex1.62.0:amd64 (1.62.0+dfsg-5+b1) ...
Setting up python2.7 (2.7.15-1) ...
Setting up libboost-fiber1.62.0:amd64 (1.62.0+dfsg-5+b1) ...
Setting up libharfbuzz0b:amd64 (1.7.6-1) ...
Setting up libnl-route-3-200:amd64 (3.2.27-2) ...
Setting up libboost-fiber1.62-dev:amd64 (1.62.0+dfsg-5+b1) ...
Setting up autoconf (2.69-11) ...
Setting up libthai0:amd64 (0.1.27-2) ...
Setting up libboost-fiber-dev:amd64 (1.62.0.1) ...
Setting up libicu-dev (57.1-9) ...
Setting up libboost-date-time-dev:amd64 (1.62.0.1) ...
Setting up file (1:5.33-2) ...
Setting up libhwloc5:amd64 (1.11.10-1) ...
Setting up libkrb5support0:amd64 (1.16-2) ...
Setting up libpython-stdlib:amd64 (2.7.15~rc1-1) ...
Setting up libhwloc-plugins (1.11.10-1) ...
Setting up intltool-debian (0.35.0+20060710.4) ...
Setting up libboost-system1.62-dev:amd64 (1.62.0+dfsg-5+b1) ...
Setting up libboost-math1.62-dev:amd64 (1.62.0+dfsg-5+b1) ...
Setting up libgnutls-dane0:amd64 (3.5.18-1) ...
Setting up libboost-filesystem1.62.0:amd64 (1.62.0+dfsg-5+b1) ...
Setting up libpython2.7:amd64 (2.7.15-1) ...
Setting up automake (1:1.15.1-3.1) ...
update-alternatives: using /usr/bin/automake-1.15 to provide /usr/bin/automake (automake) in auto mode
Setting up libice6:amd64 (2:1.0.9-2) ...
Setting up libboost-signals1.62-dev:amd64 (1.62.0+dfsg-5+b1) ...
Setting up man-db (2.8.3-2) ...
Not building database; man-db/auto-update is not 'true'.
Setting up libboost-context-dev:amd64 (1.62.0.1) ...
Setting up nettle-dev:amd64 (3.4-1) ...
Setting up libpython2.7-dev:amd64 (2.7.15-1) ...
Setting up libncurses-dev:amd64 (6.1+20180210-2) ...
Setting up libboost-math-dev:amd64 (1.62.0.1) ...
Setting up python2.7-dev (2.7.15-1) ...
Setting up libxcb1:amd64 (1.13-1) ...
Setting up python (2.7.15~rc1-1) ...
Setting up libboost-chrono1.62.0:amd64 (1.62.0+dfsg-5+b1) ...
Setting up libboost-random1.62-dev:amd64 (1.62.0+dfsg-5+b1) ...
Setting up libpython3.6:amd64 (3.6.5-5) ...
Setting up libboost-signals-dev:amd64 (1.62.0.1) ...
Setting up libtool (2.4.6-2.1) ...
Setting up libpython3-stdlib:amd64 (3.6.5-3) ...
Setting up libibverbs1:amd64 (17.1-2) ...
Setting up libpython-dev:amd64 (2.7.15~rc1-1) ...
Setting up libboost-tools-dev (1.62.0.1) ...
Setting up libfontconfig1:amd64 (2.13.0-4) ...
Setting up libsm6:amd64 (2:1.2.2-1+b3) ...
Setting up libk5crypto3:amd64 (1.16-2) ...
Setting up libboost-wave1.62.0:amd64 (1.62.0+dfsg-5+b1) ...
Setting up libxcb-render0:amd64 (1.13-1) ...
Setting up libboost-filesystem1.62-dev:amd64 (1.62.0+dfsg-5+b1) ...
Setting up libboost-timer1.62.0:amd64 (1.62.0+dfsg-5+b1) ...
Setting up po-debconf (1.0.20) ...
Setting up python3 (3.6.5-3) ...
Setting up libhwloc-dev:amd64 (1.11.10-1) ...
Setting up libboost-coroutine1.62.0:amd64 (1.62.0+dfsg-5+b1) ...
Setting up libboost-regex1.62-dev:amd64 (1.62.0+dfsg-5+b1) ...
Setting up libboost-graph1.62.0:amd64 (1.62.0+dfsg-5+b1) ...
Setting up python-dev (2.7.15~rc1-1) ...
Setting up libboost-system-dev:amd64 (1.62.0.1) ...
Setting up libboost-log1.62.0 (1.62.0+dfsg-5+b1) ...
Setting up libboost-iostreams1.62-dev:amd64 (1.62.0+dfsg-5+b1) ...
Setting up libx11-6:amd64 (2:1.6.5-1) ...
Setting up libpmix2:amd64 (2.1.1~rc1-4) ...
Setting up librdmacm1:amd64 (17.1-2) ...
Setting up libgnutls28-dev:amd64 (3.5.18-1) ...
Setting up libboost-filesystem-dev:amd64 (1.62.0.1) ...
Setting up libboost-chrono1.62-dev:amd64 (1.62.0+dfsg-5+b1) ...
Setting up libpython3.6-dev:amd64 (3.6.5-5) ...
Setting up libboost-timer1.62-dev:amd64 (1.62.0+dfsg-5+b1) ...
Setting up libboost-type-erasure1.62.0:amd64 (1.62.0+dfsg-5+b1) ...
Setting up libboost-locale1.62.0:amd64 (1.62.0+dfsg-5+b1) ...
Setting up libncurses5-dev:amd64 (6.1+20180210-2) ...
Setting up libboost-random-dev:amd64 (1.62.0.1) ...
Setting up libboost-iostreams-dev:amd64 (1.62.0.1) ...
Setting up libboost-locale1.62-dev:amd64 (1.62.0+dfsg-5+b1) ...
Setting up ibverbs-providers:amd64 (17.1-2) ...
Setting up libboost-test1.62.0:amd64 (1.62.0+dfsg-5+b1) ...
Setting up libboost-thread1.62-dev:amd64 (1.62.0+dfsg-5+b1) ...
Setting up libboost-wave1.62-dev:amd64 (1.62.0+dfsg-5+b1) ...
Setting up libreadline-dev:amd64 (7.0-3+b1) ...
Setting up libxcb-shm0:amd64 (1.13-1) ...
Setting up libxpm4:amd64 (1:3.5.12-1) ...
Setting up libxt6:amd64 (1:1.1.5-1) ...
Setting up libxrender1:amd64 (1:0.9.10-1) ...
Setting up libboost-coroutine1.62-dev:amd64 (1.62.0+dfsg-5+b1) ...
Setting up libboost-regex-dev:amd64 (1.62.0.1) ...
Setting up libkrb5-3:amd64 (1.16-2) ...
Setting up python3.6-dev (3.6.5-5) ...
Setting up python3-lib2to3 (3.6.5-3) ...
Setting up libboost-coroutine-dev:amd64 (1.62.0.1) ...
Setting up dh-python (3.20180326) ...
Setting up libibverbs-dev:amd64 (17.1-2) ...
Setting up python3-distutils (3.6.5-3) ...
Setting up fontconfig (2.13.0-4) ...
Regenerating fonts cache... done.
Setting up libpython3-dev:amd64 (3.6.5-3) ...
Setting up libboost-log1.62-dev (1.62.0+dfsg-5+b1) ...
Setting up libboost-locale-dev:amd64 (1.62.0.1) ...
Setting up libboost-thread-dev:amd64 (1.62.0.1) ...
Setting up libxext6:amd64 (2:1.3.3-1+b2) ...
Setting up libfabric1 (1.5.3-1) ...
Setting up libboost-chrono-dev:amd64 (1.62.0.1) ...
Setting up libcommoncpp2-dev (1.8.1-6.1) ...
Setting up libboost-type-erasure1.62-dev:amd64 (1.62.0+dfsg-5+b1) ...
Setting up libboost-type-erasure-dev:amd64 (1.62.0.1) ...
Setting up libgd3:amd64 (2.2.5-4) ...
Setting up python3-dev (3.6.5-3) ...
Setting up libboost-timer-dev:amd64 (1.62.0.1) ...
Setting up libboost-test1.62-dev:amd64 (1.62.0+dfsg-5+b1) ...
Setting up libxmu6:amd64 (2:1.1.2-2) ...
Setting up libgssapi-krb5-2:amd64 (1.16-2) ...
Setting up libboost-log-dev (1.62.0.1) ...
Setting up libpango-1.0-0:amd64 (1.42.1-1) ...
Setting up libboost-wave-dev:amd64 (1.62.0.1) ...
Setting up libboost-test-dev:amd64 (1.62.0.1) ...
Setting up openssh-client (1:7.7p1-2) ...
Setting up libxaw7:amd64 (2:1.0.13-1+b2) ...
Setting up libcairo2:amd64 (1.15.10-3) ...
Setting up libopenmpi3:amd64 (3.0.1.real-1) ...
Setting up libboost-python1.62-dev (1.62.0+dfsg-5+b1) ...
Setting up libboost-graph1.62-dev:amd64 (1.62.0+dfsg-5+b1) ...
Setting up openmpi-bin (3.0.1.real-1) ...
update-alternatives: using /usr/bin/mpirun.openmpi to provide /usr/bin/mpirun (mpirun) in auto mode
update-alternatives: error: no alternatives for mpi
update-alternatives: using /usr/bin/mpicc.openmpi to provide /usr/bin/mpicc (mpi) in auto mode
Setting up libpangoft2-1.0-0:amd64 (1.42.1-1) ...
Setting up libboost-python-dev (1.62.0.1) ...
Setting up mpi-default-bin (1.13) ...
Setting up libboost-mpi1.62.0 (1.62.0+dfsg-5+b1) ...
Setting up libboost-mpi-python1.62.0 (1.62.0+dfsg-5+b1) ...
Setting up libboost-graph-dev:amd64 (1.62.0.1) ...
Setting up libopenmpi-dev:amd64 (3.0.1.real-1) ...
update-alternatives: using /usr/lib/x86_64-linux-gnu/openmpi/include to provide /usr/include/x86_64-linux-gnu/mpi (mpi-x86_64-linux-gnu) in auto mode
Setting up libpangocairo-1.0-0:amd64 (1.42.1-1) ...
Setting up mpi-default-dev (1.13) ...
Setting up libboost-graph-parallel1.62.0 (1.62.0+dfsg-5+b1) ...
Setting up libboost-graph-parallel1.62-dev (1.62.0+dfsg-5+b1) ...
Setting up libboost-mpi1.62-dev (1.62.0+dfsg-5+b1) ...
Setting up libboost-mpi-python1.62-dev (1.62.0+dfsg-5+b1) ...
Setting up libgvc6 (2.40.1-3) ...
Setting up libboost-mpi-python-dev (1.62.0.1) ...
Setting up libboost-graph-parallel-dev (1.62.0.1) ...
Setting up libboost-mpi-dev (1.62.0.1) ...
Setting up graphviz (2.40.1-3) ...
Setting up libboost-all-dev (1.62.0.1) ...
Setting up dh-autoreconf (17) ...
Setting up libdevmapper1.02.1:amd64 (2:1.02.145-4.1) ...
Setting up dh-strip-nondeterminism (0.041-1) ...
Setting up dmsetup (2:1.02.145-4.1) ...
Setting up debhelper (11.2.1) ...
Setting up xfsprogs (4.15.1-1) ...
Setting up xfslibs-dev (4.15.1-1) ...
Setting up sbuild-build-depends-ui-utilcpp-dummy (0.invalid.0) ...
Processing triggers for libc-bin (2.27-3) ...

+------------------------------------------------------------------------------+
| Build environment                                                            |
+------------------------------------------------------------------------------+

Kernel: Linux 4.9.0-5-amd64 amd64 (x86_64)
Toolchain package versions: binutils_2.30-16 dpkg-dev_1.19.0.5 g++-7_7.3.0-17 gcc-7_7.3.0-17 libc6-dev_2.27-3 libstdc++-7-dev_7.3.0-17 libstdc++6_8-20180425-1 linux-libc-dev_4.15.17-1
Package versions: adduser_3.117 apt_1.6.1 autoconf_2.69-11 automake_1:1.15.1-3.1 autopoint_0.19.8.1-6 autotools-dev_20180224.1 base-files_10.1 base-passwd_3.5.45 bash_4.4.18-2 binutils_2.30-16 binutils-common_2.30-16 binutils-x86-64-linux-gnu_2.30-16 bsdmainutils_11.1.2 bsdutils_1:2.31.1-0.5 build-essential_12.5 bzip2_1.0.6-8.1 clang-6.0_1:6.0-3 coreutils_8.28-1 cpp_4:7.3.0-3 cpp-7_7.3.0-17 dash_0.5.8-2.10 debconf_1.5.66 debfoster_2.7-2.1+b1 debhelper_11.2.1 debian-archive-keyring_2017.7 debianutils_4.8.4 dh-autoreconf_17 dh-python_3.20180326 dh-strip-nondeterminism_0.041-1 diffutils_1:3.6-1 dmsetup_2:1.02.145-4.1 doxygen_1.8.13-10 dpkg_1.19.0.5 dpkg-dev_1.19.0.5 e2fslibs_1.44.1-2 e2fsprogs_1.44.1-2 eatmydata_105-6 fakeroot_1.22-2 fdisk_2.31.1-0.5 file_1:5.33-2 findutils_4.6.0+git+20171230-2 fontconfig_2.13.0-4 fontconfig-config_2.13.0-4 fonts-dejavu-core_2.37-1 g++_4:7.3.0-3 g++-7_7.3.0-17 gcc_4:7.3.0-3 gcc-6-base_6.4.0-17 gcc-7_7.3.0-17 gcc-7-base_7.3.0-17 gcc-8-base_8-20180425-1 gettext_0.19.8.1-6 gettext-base_0.19.8.1-6 gpgv_2.2.5-1 graphviz_2.40.1-3 grep_3.1-2 groff-base_1.22.3-10 gzip_1.6-5+b1 hostname_3.20 ibverbs-providers_17.1-2 icu-devtools_57.1-9 init-system-helpers_1.51 intltool-debian_0.35.0+20060710.4 lib32gcc1_1:8-20180425-1 lib32stdc++6_8-20180425-1 libacl1_2.2.52-3+b1 libann0_1.1.2+doc-7 libapt-pkg5.0_1.6.1 libarchive-zip-perl_1.60-1 libasan4_7.3.0-17 libatomic1_8-20180425-1 libattr1_1:2.4.47-2+b2 libaudit-common_1:2.8.3-1 libaudit1_1:2.8.3-1 libbinutils_2.30-16 libblkid1_2.31.1-0.5 libboost-all-dev_1.62.0.1 libboost-atomic-dev_1.62.0.1 libboost-atomic1.62-dev_1.62.0+dfsg-5+b1 libboost-atomic1.62.0_1.62.0+dfsg-5+b1 libboost-chrono-dev_1.62.0.1 libboost-chrono1.62-dev_1.62.0+dfsg-5+b1 libboost-chrono1.62.0_1.62.0+dfsg-5+b1 libboost-context-dev_1.62.0.1 libboost-context1.62-dev_1.62.0+dfsg-5+b1 libboost-context1.62.0_1.62.0+dfsg-5+b1 libboost-coroutine-dev_1.62.0.1 libboost-coroutine1.62-dev_1.62.0+dfsg-5+b1 libboost-coroutine1.62.0_1.62.0+dfsg-5+b1 libboost-date-time-dev_1.62.0.1 libboost-date-time1.62-dev_1.62.0+dfsg-5+b1 libboost-date-time1.62.0_1.62.0+dfsg-5+b1 libboost-dev_1.62.0.1 libboost-exception-dev_1.62.0.1 libboost-exception1.62-dev_1.62.0+dfsg-5+b1 libboost-fiber-dev_1.62.0.1 libboost-fiber1.62-dev_1.62.0+dfsg-5+b1 libboost-fiber1.62.0_1.62.0+dfsg-5+b1 libboost-filesystem-dev_1.62.0.1 libboost-filesystem1.62-dev_1.62.0+dfsg-5+b1 libboost-filesystem1.62.0_1.62.0+dfsg-5+b1 libboost-graph-dev_1.62.0.1 libboost-graph-parallel-dev_1.62.0.1 libboost-graph-parallel1.62-dev_1.62.0+dfsg-5+b1 libboost-graph-parallel1.62.0_1.62.0+dfsg-5+b1 libboost-graph1.62-dev_1.62.0+dfsg-5+b1 libboost-graph1.62.0_1.62.0+dfsg-5+b1 libboost-iostreams-dev_1.62.0.1 libboost-iostreams1.62-dev_1.62.0+dfsg-5+b1 libboost-iostreams1.62.0_1.62.0+dfsg-5+b1 libboost-locale-dev_1.62.0.1 libboost-locale1.62-dev_1.62.0+dfsg-5+b1 libboost-locale1.62.0_1.62.0+dfsg-5+b1 libboost-log-dev_1.62.0.1 libboost-log1.62-dev_1.62.0+dfsg-5+b1 libboost-log1.62.0_1.62.0+dfsg-5+b1 libboost-math-dev_1.62.0.1 libboost-math1.62-dev_1.62.0+dfsg-5+b1 libboost-math1.62.0_1.62.0+dfsg-5+b1 libboost-mpi-dev_1.62.0.1 libboost-mpi-python-dev_1.62.0.1 libboost-mpi-python1.62-dev_1.62.0+dfsg-5+b1 libboost-mpi-python1.62.0_1.62.0+dfsg-5+b1 libboost-mpi1.62-dev_1.62.0+dfsg-5+b1 libboost-mpi1.62.0_1.62.0+dfsg-5+b1 libboost-program-options-dev_1.62.0.1 libboost-program-options1.62-dev_1.62.0+dfsg-5+b1 libboost-program-options1.62.0_1.62.0+dfsg-5+b1 libboost-python-dev_1.62.0.1 libboost-python1.62-dev_1.62.0+dfsg-5+b1 libboost-python1.62.0_1.62.0+dfsg-5+b1 libboost-random-dev_1.62.0.1 libboost-random1.62-dev_1.62.0+dfsg-5+b1 libboost-random1.62.0_1.62.0+dfsg-5+b1 libboost-regex-dev_1.62.0.1 libboost-regex1.62-dev_1.62.0+dfsg-5+b1 libboost-regex1.62.0_1.62.0+dfsg-5+b1 libboost-serialization-dev_1.62.0.1 libboost-serialization1.62-dev_1.62.0+dfsg-5+b1 libboost-serialization1.62.0_1.62.0+dfsg-5+b1 libboost-signals-dev_1.62.0.1 libboost-signals1.62-dev_1.62.0+dfsg-5+b1 libboost-signals1.62.0_1.62.0+dfsg-5+b1 libboost-system-dev_1.62.0.1 libboost-system1.62-dev_1.62.0+dfsg-5+b1 libboost-system1.62.0_1.62.0+dfsg-5+b1 libboost-test-dev_1.62.0.1 libboost-test1.62-dev_1.62.0+dfsg-5+b1 libboost-test1.62.0_1.62.0+dfsg-5+b1 libboost-thread-dev_1.62.0.1 libboost-thread1.62-dev_1.62.0+dfsg-5+b1 libboost-thread1.62.0_1.62.0+dfsg-5+b1 libboost-timer-dev_1.62.0.1 libboost-timer1.62-dev_1.62.0+dfsg-5+b1 libboost-timer1.62.0_1.62.0+dfsg-5+b1 libboost-tools-dev_1.62.0.1 libboost-type-erasure-dev_1.62.0.1 libboost-type-erasure1.62-dev_1.62.0+dfsg-5+b1 libboost-type-erasure1.62.0_1.62.0+dfsg-5+b1 libboost-wave-dev_1.62.0.1 libboost-wave1.62-dev_1.62.0+dfsg-5+b1 libboost-wave1.62.0_1.62.0+dfsg-5+b1 libboost1.62-dev_1.62.0+dfsg-5+b1 libboost1.62-tools-dev_1.62.0+dfsg-5+b1 libbsd0_0.8.7-1 libbz2-1.0_1.0.6-8.1 libc-bin_2.27-3 libc-dev-bin_2.27-3 libc6_2.27-3 libc6-dev_2.27-3 libc6-i386_2.27-3 libcairo2_1.15.10-3 libcap-dev_1:2.25-1.2 libcap-ng0_0.7.9-1 libcap2_1:2.25-1.2 libcc1-0_8-20180425-1 libccgnu2-1.8-0v5_1.8.1-6.1 libcdt5_2.40.1-3 libcgraph6_2.40.1-3 libcilkrts5_7.3.0-17 libclang-common-6.0-dev_1:6.0-3 libclang1-6.0_1:6.0-3 libcom-err2_1.44.1-2 libcomerr2_1.44.1-2 libcommoncpp2-dev_1.8.1-6.1 libcroco3_0.6.12-2 libdatrie1_0.2.11-1 libdb5.3_5.3.28-13.1+b1 libdebconfclient0_0.243 libdevmapper1.02.1_2:1.02.145-4.1 libdpkg-perl_1.19.0.5 libeatmydata1_105-6 libedit2_3.1-20170329-1 libevent-2.1-6_2.1.8-stable-4 libevent-core-2.1-6_2.1.8-stable-4 libevent-pthreads-2.1-6_2.1.8-stable-4 libexpat1_2.2.5-3 libexpat1-dev_2.2.5-3 libext2fs2_1.44.1-2 libfabric1_1.5.3-1 libfakeroot_1.22-2 libfdisk1_2.31.1-0.5 libffi6_3.2.1-8 libfile-stripnondeterminism-perl_0.041-1 libfontconfig1_2.13.0-4 libfreetype6_2.8.1-2 libfribidi0_0.19.7-2 libgc1c2_1:7.4.2-8.2 libgcc-7-dev_7.3.0-17 libgcc1_1:8-20180425-1 libgcrypt11-dev_1.5.4-3+really1.8.2-2 libgcrypt20_1.8.2-2 libgcrypt20-dev_1.8.2-2 libgd3_2.2.5-4 libgdbm-compat4_1.14.1-6 libgdbm3_1.8.3-14 libgdbm5_1.14.1-6 libgfortran4_7.3.0-17 libglib2.0-0_2.56.1-2 libgmp-dev_2:6.1.2+dfsg-3 libgmp10_2:6.1.2+dfsg-3 libgmpxx4ldbl_2:6.1.2+dfsg-3 libgnutls-dane0_3.5.18-1 libgnutls-openssl27_3.5.18-1 libgnutls28-dev_3.5.18-1 libgnutls30_3.5.18-1 libgnutlsxx28_3.5.18-1 libgomp1_8-20180425-1 libgpg-error-dev_1.29-4 libgpg-error0_1.29-4 libgraphite2-3_1.3.11-2 libgssapi-krb5-2_1.16-2 libgts-0.7-5_0.7.6+darcs121130-4 libgvc6_2.40.1-3 libgvpr2_2.40.1-3 libharfbuzz0b_1.7.6-1 libhogweed4_3.4-1 libhwloc-dev_1.11.10-1 libhwloc-plugins_1.11.10-1 libhwloc5_1.11.10-1 libibverbs-dev_17.1-2 libibverbs1_17.1-2 libice6_2:1.0.9-2 libicu-dev_57.1-9 libicu57_57.1-9 libidn11_1.33-2.2 libidn11-dev_1.33-2.2 libidn2-0_2.0.4-1.1 libidn2-0-dev_2.0.4-1.1 libidn2-dev_2.0.4-1.1 libisl15_0.18-4 libisl19_0.19-1 libitm1_8-20180425-1 libjbig0_2.1-3.1+b2 libjpeg62-turbo_1:1.5.2-2+b1 libjsoncpp1_1.7.4-3 libk5crypto3_1.16-2 libkeyutils1_1.5.9-9.2 libkrb5-3_1.16-2 libkrb5support0_1.16-2 liblab-gamut1_2.40.1-3 libllvm6.0_1:6.0-3 liblsan0_8-20180425-1 libltdl-dev_2.4.6-2.1 libltdl7_2.4.6-2.1 liblz4-1_1.8.1.2-1 liblzma5_5.2.2-1.3 libmagic-mgc_1:5.33-2 libmagic1_1:5.33-2 libmount1_2.31.1-0.5 libmpc3_1.1.0-1 libmpdec2_2.4.2-2 libmpfr4_3.1.6-1 libmpfr6_4.0.1-1 libmpx2_8-20180425-1 libncurses-dev_6.1+20180210-2 libncurses5_6.1+20180210-2 libncurses5-dev_6.1+20180210-2 libncurses6_6.1+20180210-2 libncursesw5_6.1+20180210-2 libncursesw6_6.1+20180210-2 libnettle6_3.4-1 libnl-3-200_3.2.27-2 libnl-route-3-200_3.2.27-2 libnuma-dev_2.0.11-2.2 libnuma1_2.0.11-2.2 libobjc-7-dev_7.3.0-17 libobjc4_8-20180425-1 libopenmpi-dev_3.0.1.real-1 libopenmpi3_3.0.1.real-1 libp11-kit-dev_0.23.10-2 libp11-kit0_0.23.10-2 libpam-modules_1.1.8-3.7 libpam-modules-bin_1.1.8-3.7 libpam-runtime_1.1.8-3.7 libpam0g_1.1.8-3.7 libpango-1.0-0_1.42.1-1 libpangocairo-1.0-0_1.42.1-1 libpangoft2-1.0-0_1.42.1-1 libpathplan4_2.40.1-3 libpciaccess0_0.14-1 libpcre3_2:8.39-9 libperl5.26_5.26.2-3 libpipeline1_1.5.0-1 libpixman-1-0_0.34.0-2 libpmix2_2.1.1~rc1-4 libpng16-16_1.6.34-1 libpsm-infinipath1_3.3+20.604758e7-5 libpython-dev_2.7.15~rc1-1 libpython-stdlib_2.7.15~rc1-1 libpython2.7_2.7.15-1 libpython2.7-dev_2.7.15-1 libpython2.7-minimal_2.7.15-1 libpython2.7-stdlib_2.7.15-1 libpython3-dev_3.6.5-3 libpython3-stdlib_3.6.5-3 libpython3.6_3.6.5-5 libpython3.6-dev_3.6.5-5 libpython3.6-minimal_3.6.5-5 libpython3.6-stdlib_3.6.5-5 libquadmath0_8-20180425-1 librdmacm1_17.1-2 libreadline-dev_7.0-3+b1 libreadline5_5.2+dfsg-3+b1 libreadline7_7.0-3+b1 librecode-dev_3.6-23 librecode0_3.6-23 libseccomp2_2.3.3-1 libselinux1_2.7-2+b2 libsemanage-common_2.7-2 libsemanage1_2.7-2+b2 libsepol1_2.7-1 libsigsegv2_2.12-2 libsm6_2:1.2.2-1+b3 libsmartcols1_2.31.1-0.5 libsqlite3-0_3.23.1-1 libss2_1.44.1-2 libssl1.0.2_1.0.2o-1 libssl1.1_1.1.0h-2 libstdc++-7-dev_7.3.0-17 libstdc++6_8-20180425-1 libsystemd0_238-4 libtasn1-6_4.13-2 libtasn1-6-dev_4.13-2 libthai-data_0.1.27-2 libthai0_0.1.27-2 libtiff5_4.0.9-5 libtimedate-perl_2.3000-2 libtinfo5_6.1+20180210-2 libtinfo6_6.1+20180210-2 libtool_2.4.6-2.1 libtsan0_8-20180425-1 libubsan0_7.3.0-17 libudev1_238-4 libunbound2_1.6.7-1 libunistring2_0.9.8-1 libustr-1.0-1_1.0.4-6 libuuid1_2.31.1-0.5 libwebp6_0.6.1-2 libx11-6_2:1.6.5-1 libx11-data_2:1.6.5-1 libxapian30_1.4.5-1 libxau6_1:1.0.8-1+b2 libxaw7_2:1.0.13-1+b2 libxcb-render0_1.13-1 libxcb-shm0_1.13-1 libxcb1_1.13-1 libxdmcp6_1:1.1.2-3 libxdot4_2.40.1-3 libxext6_2:1.3.3-1+b2 libxml2_2.9.4+dfsg1-6.1 libxmu6_2:1.1.2-2 libxpm4_1:3.5.12-1 libxrender1_1:0.9.10-1 libxt6_1:1.1.5-1 libzstd1_1.3.4+dfsg-1 linux-libc-dev_4.15.17-1 login_1:4.5-1 lsb-base_9.20170808 m4_1.4.18-1 make_4.2.1-1 man-db_2.8.3-2 mawk_1.3.3-17+b3 mime-support_3.60 mount_2.31.1-0.5 mpi-default-bin_1.13 mpi-default-dev_1.13 multiarch-support_2.27-3 ncurses-base_6.1+20180210-2 ncurses-bin_6.1+20180210-2 nettle-dev_3.4-1 ocl-icd-libopencl1_2.2.12-1 openmpi-bin_3.0.1.real-1 openmpi-common_3.0.1.real-1 openssh-client_1:7.7p1-2 passwd_1:4.5-1 patch_2.7.6-2 perl_5.26.2-3 perl-base_5.26.2-3 perl-modules-5.26_5.26.2-3 pkg-config_0.29-4+b1 po-debconf_1.0.20 python_2.7.15~rc1-1 python-dev_2.7.15~rc1-1 python-minimal_2.7.15~rc1-1 python2.7_2.7.15-1 python2.7-dev_2.7.15-1 python2.7-minimal_2.7.15-1 python3_3.6.5-3 python3-dev_3.6.5-3 python3-distutils_3.6.5-3 python3-lib2to3_3.6.5-3 python3-minimal_3.6.5-3 python3.6_3.6.5-5 python3.6-dev_3.6.5-5 python3.6-minimal_3.6.5-5 readline-common_7.0-3 sbuild-build-depends-core-dummy_0.invalid.0 sbuild-build-depends-ui-utilcpp-dummy_0.invalid.0 sed_4.4-2 sensible-utils_0.0.12 sysvinit-utils_2.88dsf-59.10 tar_1.30+dfsg-1 ucf_3.0038 util-linux_2.31.1-0.5 uuid-dev_2.31.1-0.5 x11-common_1:7.7+19 xfslibs-dev_4.15.1-1 xfsprogs_4.15.1-1 xz-utils_5.2.2-1.3 zlib1g_1:1.2.11.dfsg-1 zlib1g-dev_1:1.2.11.dfsg-1

+------------------------------------------------------------------------------+
| Build                                                                        |
+------------------------------------------------------------------------------+


Unpack source
-------------

gpgv: unknown type of key resource 'trustedkeys.kbx'
gpgv: keyblock resource '/sbuild-nonexistent/.gnupg/trustedkeys.kbx': General error
gpgv: Signature made Sun Apr 29 11:14:38 2018 UTC
gpgv:                using RSA key 54EB6D089FA37C19A64590B3066DE8017E2B61D9
gpgv:                issuer "absurd@debian.org"
gpgv: Can't check signature: No public key
dpkg-source: warning: failed to verify signature on ./ui-utilcpp_1.8.5-2.dsc
dpkg-source: info: extracting ui-utilcpp in /<<PKGBUILDDIR>>
dpkg-source: info: unpacking ui-utilcpp_1.8.5.orig.tar.gz
dpkg-source: info: unpacking ui-utilcpp_1.8.5-2.debian.tar.xz

Check disk space
----------------

Sufficient free space for build

User Environment
----------------

APT_CONFIG=/var/lib/sbuild/apt.conf
HOME=/sbuild-nonexistent
LANG=en_US.UTF-8
LC_ALL=POSIX
LOGNAME=user42
PATH=/usr/local/sbin:/usr/local/bin:/usr/sbin:/usr/bin:/sbin:/bin:/usr/games
SCHROOT_ALIAS_NAME=unstable-amd64-sbuild
SCHROOT_CHROOT_NAME=unstable-amd64-sbuild
SCHROOT_COMMAND=env
SCHROOT_GID=1001
SCHROOT_GROUP=user42
SCHROOT_SESSION_ID=unstable-amd64-sbuild-a78f7014-b01d-4783-ab38-137e34978ce0
SCHROOT_UID=1001
SCHROOT_USER=user42
SHELL=/bin/sh
USER=user42

dpkg-buildpackage
-----------------

dpkg-buildpackage: info: source package ui-utilcpp
dpkg-buildpackage: info: source version 1.8.5-2
dpkg-buildpackage: info: source distribution unstable
dpkg-buildpackage: info: source changed by Stephan Srken <absurd@debian.org>
 dpkg-source --before-build ui-utilcpp-1.8.5
dpkg-buildpackage: info: host architecture amd64
 fakeroot debian/rules clean
dh clean --dbgsym-migration='libui-utilcpp9v5-dbg (<< 1.8.3-3~)'
   dh_auto_clean "-O--dbgsym-migration=libui-utilcpp9v5-dbg (<< 1.8.3-3~)"
   dh_clean "-O--dbgsym-migration=libui-utilcpp9v5-dbg (<< 1.8.3-3~)"
 debian/rules build-arch
dh build-arch --dbgsym-migration='libui-utilcpp9v5-dbg (<< 1.8.3-3~)'
   dh_update_autotools_config -a "-O--dbgsym-migration=libui-utilcpp9v5-dbg (<< 1.8.3-3~)"
   dh_autoreconf -a "-O--dbgsym-migration=libui-utilcpp9v5-dbg (<< 1.8.3-3~)"
libtoolize: putting auxiliary files in '.'.
libtoolize: copying file './ltmain.sh'
libtoolize: Consider adding 'AC_CONFIG_MACRO_DIRS([m4])' to configure.ac,
libtoolize: and rerunning libtoolize and aclocal.
libtoolize: Consider adding '-I m4' to ACLOCAL_AMFLAGS in Makefile.am.
   dh_auto_configure -a "-O--dbgsym-migration=libui-utilcpp9v5-dbg (<< 1.8.3-3~)"
	./configure --build=x86_64-linux-gnu --prefix=/usr --includedir=\${prefix}/include --mandir=\${prefix}/share/man --infodir=\${prefix}/share/info --sysconfdir=/etc --localstatedir=/var --disable-silent-rules --libdir=\${prefix}/lib/x86_64-linux-gnu --libexecdir=\${prefix}/lib/x86_64-linux-gnu --disable-maintainer-mode --disable-dependency-tracking
configure: WARNING: unrecognized options: --disable-silent-rules, --disable-maintainer-mode, --disable-dependency-tracking
./configure: line 2473: syntax error near unexpected token `src/ui-utilcpp/Exception.hpp,'
./configure: line 2473: `UI_INIT(src/ui-utilcpp/Exception.hpp, 9:0:0,,,tar-pax)'
	tail -v -n \+0 config.log
==> config.log <==
This file contains any messages produced by compilers while
running configure, to aid debugging if configure makes a mistake.

It was created by ui-utilcpp configure 1.8.5, which was
generated by GNU Autoconf 2.69.  Invocation command line was

  $ ./configure --build=x86_64-linux-gnu --prefix=/usr --includedir=${prefix}/include --mandir=${prefix}/share/man --infodir=${prefix}/share/info --sysconfdir=/etc --localstatedir=/var --disable-silent-rules --libdir=${prefix}/lib/x86_64-linux-gnu --libexecdir=${prefix}/lib/x86_64-linux-gnu --disable-maintainer-mode --disable-dependency-tracking

## --------- ##
## Platform. ##
## --------- ##

hostname = ip-172-31-7-128
uname -m = x86_64
uname -r = 4.9.0-5-amd64
uname -s = Linux
uname -v = #1 SMP Debian 4.9.65-3+deb9u2 (2018-01-04)

/usr/bin/uname -p = unknown
/bin/uname -X     = unknown

/bin/arch              = unknown
/usr/bin/arch -k       = unknown
/usr/convex/getsysinfo = unknown
/usr/bin/hostinfo      = unknown
/bin/machine           = unknown
/usr/bin/oslevel       = unknown
/bin/universe          = unknown

PATH: /usr/local/sbin
PATH: /usr/local/bin
PATH: /usr/sbin
PATH: /usr/bin
PATH: /sbin
PATH: /bin
PATH: /usr/games


## ----------- ##
## Core tests. ##
## ----------- ##


## ---------------- ##
## Cache variables. ##
## ---------------- ##

ac_cv_env_CCC_set=
ac_cv_env_CCC_value=
ac_cv_env_CC_set=
ac_cv_env_CC_value=
ac_cv_env_CFLAGS_set=set
ac_cv_env_CFLAGS_value='-g -O2 -fdebug-prefix-map=/<<PKGBUILDDIR>>=. -fstack-protector-strong -Wformat -Werror=format-security'
ac_cv_env_CPPFLAGS_set=set
ac_cv_env_CPPFLAGS_value='-Wdate-time -D_FORTIFY_SOURCE=2'
ac_cv_env_CPP_set=
ac_cv_env_CPP_value=
ac_cv_env_CXXCPP_set=
ac_cv_env_CXXCPP_value=
ac_cv_env_CXXFLAGS_set=set
ac_cv_env_CXXFLAGS_value='-g -O2 -fdebug-prefix-map=/<<PKGBUILDDIR>>=. -fstack-protector-strong -Wformat -Werror=format-security'
ac_cv_env_CXX_set=
ac_cv_env_CXX_value=
ac_cv_env_LDFLAGS_set=set
ac_cv_env_LDFLAGS_value=-Wl,-z,relro
ac_cv_env_LIBS_set=
ac_cv_env_LIBS_value=
ac_cv_env_LT_SYS_LIBRARY_PATH_set=
ac_cv_env_LT_SYS_LIBRARY_PATH_value=
ac_cv_env_build_alias_set=set
ac_cv_env_build_alias_value=x86_64-linux-gnu
ac_cv_env_host_alias_set=
ac_cv_env_host_alias_value=
ac_cv_env_target_alias_set=
ac_cv_env_target_alias_value=

## ----------------- ##
## Output variables. ##
## ----------------- ##

AR=''
AWK=''
CC=''
CCGNU2_CONFIG=''
CFLAGS='-g -O2 -fdebug-prefix-map=/<<PKGBUILDDIR>>=. -fstack-protector-strong -Wformat -Werror=format-security'
CPP=''
CPPFLAGS='-Wdate-time -D_FORTIFY_SOURCE=2'
CXX=''
CXXCPP=''
CXXFLAGS='-g -O2 -fdebug-prefix-map=/<<PKGBUILDDIR>>=. -fstack-protector-strong -Wformat -Werror=format-security'
DEFS=''
DLLTOOL=''
DSYMUTIL=''
DUMPBIN=''
ECHO_C=''
ECHO_N='-n'
ECHO_T=''
EGREP=''
EXEEXT=''
EXTLIBS=''
FGREP=''
GNULIBS=''
GREP=''
INSTALL_DATA=''
INSTALL_PROGRAM=''
INSTALL_SCRIPT=''
LD=''
LDFLAGS='-Wl,-z,relro'
LIBOBJS=''
LIBS=''
LIBTOOL=''
LIPO=''
LN_S=''
LTLIBOBJS=''
LT_SYS_LIBRARY_PATH=''
MANIFEST_TOOL=''
NM=''
NMEDIT=''
OBJDUMP=''
OBJEXT=''
OST_CXXX2_FLAGS=''
OST_CXXX2_LIBS=''
OTOOL64=''
OTOOL=''
PACKAGE_BUGREPORT=''
PACKAGE_NAME='ui-utilcpp'
PACKAGE_STRING='ui-utilcpp 1.8.5'
PACKAGE_TARNAME='ui-utilcpp'
PACKAGE_URL=''
PACKAGE_VERSION='1.8.5'
PATH_SEPARATOR=':'
RANLIB=''
SED=''
SET_MAKE=''
SHELL='/bin/bash'
SINGLE_FLAGS=''
SINGLE_LIBS=''
STRIP=''
UI_UTILCPP_CXXFLAGS=''
ac_ct_AR=''
ac_ct_CC=''
ac_ct_CXX=''
ac_ct_DUMPBIN=''
bindir='${exec_prefix}/bin'
build='x86_64-linux-gnu'
build_alias='x86_64-linux-gnu'
build_cpu=''
build_os=''
build_vendor=''
datadir='${datarootdir}'
datarootdir='${prefix}/share'
docdir='${datarootdir}/doc/${PACKAGE_TARNAME}'
dvidir='${docdir}'
exec_prefix='NONE'
host=''
host_alias=''
host_cpu=''
host_os=''
host_vendor=''
htmldir='${docdir}'
includedir='${prefix}/include'
infodir='${prefix}/share/info'
libdir='${prefix}/lib/x86_64-linux-gnu'
libexecdir='${prefix}/lib/x86_64-linux-gnu'
localedir='${datarootdir}/locale'
localstatedir='/var'
mandir='${prefix}/share/man'
oldincludedir='/usr/include'
pdfdir='${docdir}'
prefix='/usr'
program_transform_name='s,x,x,'
psdir='${docdir}'
runstatedir='${localstatedir}/run'
sbindir='${exec_prefix}/sbin'
sharedstatedir='${prefix}/com'
sysconfdir='/etc'
target_alias=''

## ----------- ##
## confdefs.h. ##
## ----------- ##

/* confdefs.h */
#define PACKAGE_NAME "ui-utilcpp"
#define PACKAGE_TARNAME "ui-utilcpp"
#define PACKAGE_VERSION "1.8.5"
#define PACKAGE_STRING "ui-utilcpp 1.8.5"
#define PACKAGE_BUGREPORT ""
#define PACKAGE_URL ""

configure: exit 2
dh_auto_configure: ./configure --build=x86_64-linux-gnu --prefix=/usr --includedir=\${prefix}/include --mandir=\${prefix}/share/man --infodir=\${prefix}/share/info --sysconfdir=/etc --localstatedir=/var --disable-silent-rules --libdir=\${prefix}/lib/x86_64-linux-gnu --libexecdir=\${prefix}/lib/x86_64-linux-gnu --disable-maintainer-mode --disable-dependency-tracking returned exit code 2
make: *** [debian/rules:4: build-arch] Error 2
dpkg-buildpackage: error: debian/rules build-arch subprocess returned exit status 2
--------------------------------------------------------------------------------
Build finished at 2018-05-02T12:49:11Z

Finished
--------


+------------------------------------------------------------------------------+
| Cleanup                                                                      |
+------------------------------------------------------------------------------+

Purging /<<BUILDDIR>>
Not cleaning session: cloned chroot in use
E: Build failure (dpkg-buildpackage died)

+------------------------------------------------------------------------------+
| Summary                                                                      |
+------------------------------------------------------------------------------+

Build Architecture: amd64
Build Type: any
Build-Space: 3984
Build-Time: 5
Distribution: unstable
Fail-Stage: build
Host Architecture: amd64
Install-Time: 33
Job: ui-utilcpp_1.8.5-2
Machine Architecture: amd64
Package: ui-utilcpp
Package-Time: 51
Source-Version: 1.8.5-2
Space: 3984
Status: attempted
Version: 1.8.5-2
--------------------------------------------------------------------------------
Finished at 2018-05-02T12:49:11Z
Build needed 00:00:51, 3984k disk space
E: Build failure (dpkg-buildpackage died)
DC-Status: Failed 52.540453909s
DC-Time-Estimation: 52.540453909 versus expected 265 (r/m: 4.043732596200628 ; m: 52.540453909)
