DC-Build-Header: progressivemauve 1.2.0+4713+dfsg-1 / 2018-02-07 20:51:25 +0000
DC-Task: type:rebuild-binarch-only source:progressivemauve version:1.2.0+4713+dfsg-1 chroot:unstable esttime:92 logfile:/tmp/progressivemauve_1.2.0+4713+dfsg-1_unstable_clang60.log modes:clang60:binarch-only
DC-Sbuild-call: su user42 -c 'sbuild -n --arch-any --apt-update -d unstable -v  --chroot-setup-commands=/tmp/clang60 progressivemauve_1.2.0+4713+dfsg-1'
sbuild (Debian sbuild) 0.73.0 (23 Dec 2016) on ip-172-31-31-34.eu-central-1.compute.internal

+==============================================================================+
| progressivemauve 1.2.0+4713+dfsg-1 (amd64)   Wed, 07 Feb 2018 20:51:25 +0000 |
+==============================================================================+

Package: progressivemauve
Version: 1.2.0+4713+dfsg-1
Source Version: 1.2.0+4713+dfsg-1
Distribution: unstable
Machine Architecture: amd64
Host Architecture: amd64
Build Architecture: amd64
Build Type: any

I: NOTICE: Log filtering will replace 'var/run/schroot/mount/unstable-amd64-sbuild-6b3a35ea-ac02-4bdb-a960-1de9287c2856' with '<<CHROOT>>'

+------------------------------------------------------------------------------+
| Chroot Setup Commands                                                        |
+------------------------------------------------------------------------------+


/tmp/clang60
------------

+ echo 'Entering customization script...'
Entering customization script...
+ CLANG_VERSION=6.0
+ echo 'Install of clang-6.0'
Install of clang-6.0
+ apt-get update
Get:1 http://127.0.0.1:9999/debian unstable InRelease [241 kB]
Get:2 http://127.0.0.1:9999/debian unstable/main Sources.diff/Index [27.9 kB]
Get:3 http://127.0.0.1:9999/debian unstable/main amd64 Packages.diff/Index [27.9 kB]
Get:4 http://127.0.0.1:9999/debian unstable/main Sources 2018-02-07-1427.34.pdiff [9180 B]
Get:4 http://127.0.0.1:9999/debian unstable/main Sources 2018-02-07-1427.34.pdiff [9180 B]
Get:5 http://127.0.0.1:9999/debian unstable/main amd64 Packages 2018-02-07-1427.34.pdiff [14.2 kB]
Get:5 http://127.0.0.1:9999/debian unstable/main amd64 Packages 2018-02-07-1427.34.pdiff [14.2 kB]
Get:6 http://127.0.0.1:9999/debian unstable/main Translation-en [5980 kB]
Fetched 6300 kB in 2s (3256 kB/s)
Reading package lists...
+ apt-get install --yes --no-install-recommends --force-yes clang-6.0
Reading package lists...
Building dependency tree...
Reading state information...
The following additional packages will be installed:
  lib32gcc1 lib32stdc++6 libbsd0 libc6-i386 libclang-common-6.0-dev
  libclang1-6.0 libedit2 libjsoncpp1 libllvm6.0 libncurses5 libobjc-7-dev
  libobjc4
Suggested packages:
  gnustep gnustep-devel clang-6.0-doc
Recommended packages:
  llvm-6.0-dev python libomp-dev libgpm2
The following NEW packages will be installed:
  clang-6.0 lib32gcc1 lib32stdc++6 libbsd0 libc6-i386 libclang-common-6.0-dev
  libclang1-6.0 libedit2 libjsoncpp1 libllvm6.0 libncurses5 libobjc-7-dev
  libobjc4
0 upgraded, 13 newly installed, 0 to remove and 1 not upgraded.
Need to get 37.6 MB of archives.
After this operation, 187 MB of additional disk space will be used.
Get:1 http://127.0.0.1:9999/debian unstable/main amd64 libjsoncpp1 amd64 1.7.4-3 [75.6 kB]
Get:2 http://127.0.0.1:9999/debian unstable/main amd64 libbsd0 amd64 0.8.7-1 [92.1 kB]
Get:3 http://127.0.0.1:9999/debian unstable/main amd64 libncurses5 amd64 6.0+20171125-1 [95.7 kB]
Get:4 http://127.0.0.1:9999/debian unstable/main amd64 libedit2 amd64 3.1-20170329-1 [85.2 kB]
Get:5 http://127.0.0.1:9999/debian unstable/main amd64 libllvm6.0 amd64 1:6.0~+rc1-1 [14.5 MB]
Get:6 http://127.0.0.1:9999/debian unstable/main amd64 libobjc4 amd64 7.3.0-1 [51.2 kB]
Get:7 http://127.0.0.1:9999/debian unstable/main amd64 libobjc-7-dev amd64 7.3.0-1 [203 kB]
Get:8 http://127.0.0.1:9999/debian unstable/main amd64 libc6-i386 amd64 2.26-6 [2836 kB]
Get:9 http://127.0.0.1:9999/debian unstable/main amd64 lib32gcc1 amd64 1:7.3.0-1 [46.8 kB]
Get:10 http://127.0.0.1:9999/debian unstable/main amd64 lib32stdc++6 amd64 7.3.0-1 [405 kB]
Get:11 http://127.0.0.1:9999/debian unstable/main amd64 libclang-common-6.0-dev amd64 1:6.0~+rc1-1 [3097 kB]
Get:12 http://127.0.0.1:9999/debian unstable/main amd64 libclang1-6.0 amd64 1:6.0~+rc1-1 [6983 kB]
Get:13 http://127.0.0.1:9999/debian unstable/main amd64 clang-6.0 amd64 1:6.0~+rc1-1 [9171 kB]
debconf: delaying package configuration, since apt-utils is not installed
Fetched 37.6 MB in 0s (96.2 MB/s)
Selecting previously unselected package libjsoncpp1:amd64.
(Reading database ... (Reading database ... 5%(Reading database ... 10%(Reading database ... 15%(Reading database ... 20%(Reading database ... 25%(Reading database ... 30%(Reading database ... 35%(Reading database ... 40%(Reading database ... 45%(Reading database ... 50%(Reading database ... 55%(Reading database ... 60%(Reading database ... 65%(Reading database ... 70%(Reading database ... 75%(Reading database ... 80%(Reading database ... 85%(Reading database ... 90%(Reading database ... 95%(Reading database ... 100%(Reading database ... 9974 files and directories currently installed.)
Preparing to unpack .../00-libjsoncpp1_1.7.4-3_amd64.deb ...
Unpacking libjsoncpp1:amd64 (1.7.4-3) ...
Selecting previously unselected package libbsd0:amd64.
Preparing to unpack .../01-libbsd0_0.8.7-1_amd64.deb ...
Unpacking libbsd0:amd64 (0.8.7-1) ...
Selecting previously unselected package libncurses5:amd64.
Preparing to unpack .../02-libncurses5_6.0+20171125-1_amd64.deb ...
Unpacking libncurses5:amd64 (6.0+20171125-1) ...
Selecting previously unselected package libedit2:amd64.
Preparing to unpack .../03-libedit2_3.1-20170329-1_amd64.deb ...
Unpacking libedit2:amd64 (3.1-20170329-1) ...
Selecting previously unselected package libllvm6.0:amd64.
Preparing to unpack .../04-libllvm6.0_1%3a6.0~+rc1-1_amd64.deb ...
Unpacking libllvm6.0:amd64 (1:6.0~+rc1-1) ...
Selecting previously unselected package libobjc4:amd64.
Preparing to unpack .../05-libobjc4_7.3.0-1_amd64.deb ...
Unpacking libobjc4:amd64 (7.3.0-1) ...
Selecting previously unselected package libobjc-7-dev:amd64.
Preparing to unpack .../06-libobjc-7-dev_7.3.0-1_amd64.deb ...
Unpacking libobjc-7-dev:amd64 (7.3.0-1) ...
Selecting previously unselected package libc6-i386.
Preparing to unpack .../07-libc6-i386_2.26-6_amd64.deb ...
Unpacking libc6-i386 (2.26-6) ...
Selecting previously unselected package lib32gcc1.
Preparing to unpack .../08-lib32gcc1_1%3a7.3.0-1_amd64.deb ...
Unpacking lib32gcc1 (1:7.3.0-1) ...
Selecting previously unselected package lib32stdc++6.
Preparing to unpack .../09-lib32stdc++6_7.3.0-1_amd64.deb ...
Unpacking lib32stdc++6 (7.3.0-1) ...
Selecting previously unselected package libclang-common-6.0-dev.
Preparing to unpack .../10-libclang-common-6.0-dev_1%3a6.0~+rc1-1_amd64.deb ...
Unpacking libclang-common-6.0-dev (1:6.0~+rc1-1) ...
Selecting previously unselected package libclang1-6.0:amd64.
Preparing to unpack .../11-libclang1-6.0_1%3a6.0~+rc1-1_amd64.deb ...
Unpacking libclang1-6.0:amd64 (1:6.0~+rc1-1) ...
Selecting previously unselected package clang-6.0.
Preparing to unpack .../12-clang-6.0_1%3a6.0~+rc1-1_amd64.deb ...
Unpacking clang-6.0 (1:6.0~+rc1-1) ...
Setting up libncurses5:amd64 (6.0+20171125-1) ...
Setting up libobjc4:amd64 (7.3.0-1) ...
Setting up libc6-i386 (2.26-6) ...
Setting up libbsd0:amd64 (0.8.7-1) ...
Setting up libobjc-7-dev:amd64 (7.3.0-1) ...
Processing triggers for libc-bin (2.26-6) ...
Setting up lib32gcc1 (1:7.3.0-1) ...
Setting up libjsoncpp1:amd64 (1.7.4-3) ...
Setting up libedit2:amd64 (3.1-20170329-1) ...
Setting up libllvm6.0:amd64 (1:6.0~+rc1-1) ...
Setting up libclang1-6.0:amd64 (1:6.0~+rc1-1) ...
Setting up lib32stdc++6 (7.3.0-1) ...
Setting up libclang-common-6.0-dev (1:6.0~+rc1-1) ...
Setting up clang-6.0 (1:6.0~+rc1-1) ...
Processing triggers for libc-bin (2.26-6) ...
W: --force-yes is deprecated, use one of the options starting with --allow instead.
+ echo 'Replace gcc, g++ & cpp by clang'
Replace gcc, g++ & cpp by clang
+ VERSIONS='4.6 4.7 4.8 4.9 5 6 7 8'
+ cd /usr/bin
+ for VERSION in $VERSIONS
+ rm -f g++-4.6 gcc-4.6 cpp-4.6 gcc
+ ln -s clang++-6.0 g++-4.6
+ ln -s clang-6.0 gcc-4.6
+ ln -s clang-6.0 cpp-4.6
+ ln -s clang-6.0 gcc
+ echo 'gcc-4.6 hold'
+ dpkg --set-selections
dpkg: warning: package not in status nor available database at line 1: gcc-4.6
dpkg: warning: found unknown packages; this might mean the available database
is outdated, and needs to be updated through a frontend method;
please see the FAQ <https://wiki.debian.org/Teams/Dpkg/FAQ>
+ echo 'g++-4.6 hold'
+ dpkg --set-selections
dpkg: warning: package not in status nor available database at line 1: g++-4.6
dpkg: warning: found unknown packages; this might mean the available database
is outdated, and needs to be updated through a frontend method;
please see the FAQ <https://wiki.debian.org/Teams/Dpkg/FAQ>
+ for VERSION in $VERSIONS
+ rm -f g++-4.7 gcc-4.7 cpp-4.7 gcc
+ ln -s clang++-6.0 g++-4.7
+ ln -s clang-6.0 gcc-4.7
+ ln -s clang-6.0 cpp-4.7
+ ln -s clang-6.0 gcc
+ echo 'gcc-4.7 hold'
+ dpkg --set-selections
dpkg: warning: package not in status nor available database at line 1: gcc-4.7
dpkg: warning: found unknown packages; this might mean the available database
is outdated, and needs to be updated through a frontend method;
please see the FAQ <https://wiki.debian.org/Teams/Dpkg/FAQ>
+ echo 'g++-4.7 hold'
+ dpkg --set-selections
dpkg: warning: package not in status nor available database at line 1: g++-4.7
dpkg: warning: found unknown packages; this might mean the available database
is outdated, and needs to be updated through a frontend method;
please see the FAQ <https://wiki.debian.org/Teams/Dpkg/FAQ>
+ for VERSION in $VERSIONS
+ rm -f g++-4.8 gcc-4.8 cpp-4.8 gcc
+ ln -s clang++-6.0 g++-4.8
+ ln -s clang-6.0 gcc-4.8
+ ln -s clang-6.0 cpp-4.8
+ ln -s clang-6.0 gcc
+ echo 'gcc-4.8 hold'
+ dpkg --set-selections
dpkg: warning: package not in status nor available database at line 1: gcc-4.8
dpkg: warning: found unknown packages; this might mean the available database
is outdated, and needs to be updated through a frontend method;
please see the FAQ <https://wiki.debian.org/Teams/Dpkg/FAQ>
+ echo 'g++-4.8 hold'
+ dpkg --set-selections
dpkg: warning: package not in status nor available database at line 1: g++-4.8
dpkg: warning: found unknown packages; this might mean the available database
is outdated, and needs to be updated through a frontend method;
please see the FAQ <https://wiki.debian.org/Teams/Dpkg/FAQ>
+ for VERSION in $VERSIONS
+ rm -f g++-4.9 gcc-4.9 cpp-4.9 gcc
+ ln -s clang++-6.0 g++-4.9
+ ln -s clang-6.0 gcc-4.9
+ ln -s clang-6.0 cpp-4.9
+ ln -s clang-6.0 gcc
+ echo 'gcc-4.9 hold'
+ dpkg --set-selections
dpkg: warning: package not in status nor available database at line 1: gcc-4.9
dpkg: warning: found unknown packages; this might mean the available database
is outdated, and needs to be updated through a frontend method;
please see the FAQ <https://wiki.debian.org/Teams/Dpkg/FAQ>
+ echo 'g++-4.9 hold'
+ dpkg --set-selections
dpkg: warning: package not in status nor available database at line 1: g++-4.9
dpkg: warning: found unknown packages; this might mean the available database
is outdated, and needs to be updated through a frontend method;
please see the FAQ <https://wiki.debian.org/Teams/Dpkg/FAQ>
+ for VERSION in $VERSIONS
+ rm -f g++-5 gcc-5 cpp-5 gcc
+ ln -s clang++-6.0 g++-5
+ ln -s clang-6.0 gcc-5
+ ln -s clang-6.0 cpp-5
+ ln -s clang-6.0 gcc
+ echo 'gcc-5 hold'
+ dpkg --set-selections
+ echo 'g++-5 hold'
+ dpkg --set-selections
+ for VERSION in $VERSIONS
+ rm -f g++-6 gcc-6 cpp-6 gcc
+ ln -s clang++-6.0 g++-6
+ ln -s clang-6.0 gcc-6
+ ln -s clang-6.0 cpp-6
+ ln -s clang-6.0 gcc
+ echo 'gcc-6 hold'
+ dpkg --set-selections
dpkg: warning: package not in status nor available database at line 1: gcc-6
dpkg: warning: found unknown packages; this might mean the available database
is outdated, and needs to be updated through a frontend method;
please see the FAQ <https://wiki.debian.org/Teams/Dpkg/FAQ>
+ echo 'g++-6 hold'
+ dpkg --set-selections
dpkg: warning: package not in status nor available database at line 1: g++-6
dpkg: warning: found unknown packages; this might mean the available database
is outdated, and needs to be updated through a frontend method;
please see the FAQ <https://wiki.debian.org/Teams/Dpkg/FAQ>
+ for VERSION in $VERSIONS
+ rm -f g++-7 gcc-7 cpp-7 gcc
+ ln -s clang++-6.0 g++-7
+ ln -s clang-6.0 gcc-7
+ ln -s clang-6.0 cpp-7
+ ln -s clang-6.0 gcc
+ echo 'gcc-7 hold'
+ dpkg --set-selections
+ echo 'g++-7 hold'
+ dpkg --set-selections
+ for VERSION in $VERSIONS
+ rm -f g++-8 gcc-8 cpp-8 gcc
+ ln -s clang++-6.0 g++-8
+ ln -s clang-6.0 gcc-8
+ ln -s clang-6.0 cpp-8
+ ln -s clang-6.0 gcc
+ echo 'gcc-8 hold'
+ dpkg --set-selections
dpkg: warning: package not in status nor available database at line 1: gcc-8
dpkg: warning: found unknown packages; this might mean the available database
is outdated, and needs to be updated through a frontend method;
please see the FAQ <https://wiki.debian.org/Teams/Dpkg/FAQ>
+ echo 'g++-8 hold'
+ dpkg --set-selections
dpkg: warning: package not in status nor available database at line 1: g++-8
dpkg: warning: found unknown packages; this might mean the available database
is outdated, and needs to be updated through a frontend method;
please see the FAQ <https://wiki.debian.org/Teams/Dpkg/FAQ>
+ cd -
/build/progressivemauve-t8BYd4
+ echo 'Check if gcc, g++ & cpp are actually clang'
Check if gcc, g++ & cpp are actually clang
+ gcc --version
+ grep clang
+ cpp --version
+ grep clang
+ g++ --version
+ grep clang

I: Finished running '/tmp/clang60'.

Finished processing commands.
--------------------------------------------------------------------------------

+------------------------------------------------------------------------------+
| Update chroot                                                                |
+------------------------------------------------------------------------------+

Hit:1 http://127.0.0.1:9999/debian unstable InRelease
Reading package lists...
Reading package lists...
Building dependency tree...
Reading state information...
Calculating upgrade...
The following packages will be upgraded:
  libdebconfclient0
1 upgraded, 0 newly installed, 0 to remove and 0 not upgraded.
Need to get 48.3 kB of archives.
After this operation, 0 B of additional disk space will be used.
Get:1 http://127.0.0.1:9999/debian unstable/main amd64 libdebconfclient0 amd64 0.240 [48.3 kB]
debconf: delaying package configuration, since apt-utils is not installed
Fetched 48.3 kB in 0s (3959 kB/s)
(Reading database ... (Reading database ... 5%(Reading database ... 10%(Reading database ... 15%(Reading database ... 20%(Reading database ... 25%(Reading database ... 30%(Reading database ... 35%(Reading database ... 40%(Reading database ... 45%(Reading database ... 50%(Reading database ... 55%(Reading database ... 60%(Reading database ... 65%(Reading database ... 70%(Reading database ... 75%(Reading database ... 80%(Reading database ... 85%(Reading database ... 90%(Reading database ... 95%(Reading database ... 100%(Reading database ... 10722 files and directories currently installed.)
Preparing to unpack .../libdebconfclient0_0.240_amd64.deb ...
Unpacking libdebconfclient0:amd64 (0.240) over (0.239) ...
Setting up libdebconfclient0:amd64 (0.240) ...
Processing triggers for libc-bin (2.26-6) ...

+------------------------------------------------------------------------------+
| Fetch source files                                                           |
+------------------------------------------------------------------------------+


Check APT
---------

Checking available source versions...

Download source files with APT
------------------------------

Reading package lists...
NOTICE: 'progressivemauve' packaging is maintained in the 'Git' version control system at:
https://anonscm.debian.org/git/debian-med/progressivemauve.git
Please use:
git clone https://anonscm.debian.org/git/debian-med/progressivemauve.git
to retrieve the latest (possibly unreleased) updates to the package.
Need to get 115 kB of source archives.
Get:1 http://127.0.0.1:9999/debian unstable/main progressivemauve 1.2.0+4713+dfsg-1 (dsc) [2329 B]
Get:2 http://127.0.0.1:9999/debian unstable/main progressivemauve 1.2.0+4713+dfsg-1 (tar) [96.1 kB]
Get:3 http://127.0.0.1:9999/debian unstable/main progressivemauve 1.2.0+4713+dfsg-1 (diff) [17.0 kB]
Fetched 115 kB in 0s (919 kB/s)
Download complete and in download only mode
I: NOTICE: Log filtering will replace 'build/progressivemauve-t8BYd4/progressivemauve-1.2.0+4713+dfsg' with '<<PKGBUILDDIR>>'
I: NOTICE: Log filtering will replace 'build/progressivemauve-t8BYd4' with '<<BUILDDIR>>'

+------------------------------------------------------------------------------+
| Install build-essential                                                      |
+------------------------------------------------------------------------------+


Setup apt archive
-----------------

Merged Build-Depends: build-essential, fakeroot
Filtered Build-Depends: build-essential, fakeroot
dpkg-deb: building package 'sbuild-build-depends-core-dummy' in '/<<BUILDDIR>>/resolver-93ImRn/apt_archive/sbuild-build-depends-core-dummy.deb'.
dpkg-scanpackages: warning: Packages in archive but missing from override file:
dpkg-scanpackages: warning:   sbuild-build-depends-core-dummy
dpkg-scanpackages: info: Wrote 1 entries to output Packages file.
Ign:1 copy:/<<BUILDDIR>>/resolver-93ImRn/apt_archive ./ InRelease
Get:2 copy:/<<BUILDDIR>>/resolver-93ImRn/apt_archive ./ Release [957 B]
Ign:3 copy:/<<BUILDDIR>>/resolver-93ImRn/apt_archive ./ Release.gpg
Get:4 copy:/<<BUILDDIR>>/resolver-93ImRn/apt_archive ./ Sources [349 B]
Get:5 copy:/<<BUILDDIR>>/resolver-93ImRn/apt_archive ./ Packages [432 B]
Fetched 1738 B in 0s (115 kB/s)
Reading package lists...
Reading package lists...

Install core build dependencies (apt-based resolver)
----------------------------------------------------

Installing build dependencies
Reading package lists...
Building dependency tree...
Reading state information...
The following NEW packages will be installed:
  sbuild-build-depends-core-dummy
0 upgraded, 1 newly installed, 0 to remove and 0 not upgraded.
Need to get 852 B of archives.
After this operation, 0 B of additional disk space will be used.
Get:1 copy:/<<BUILDDIR>>/resolver-93ImRn/apt_archive ./ sbuild-build-depends-core-dummy 0.invalid.0 [852 B]
debconf: delaying package configuration, since apt-utils is not installed
Fetched 852 B in 0s (0 B/s)
Selecting previously unselected package sbuild-build-depends-core-dummy.
(Reading database ... 10722 files and directories currently installed.)
Preparing to unpack .../sbuild-build-depends-core-dummy_0.invalid.0_amd64.deb ...
Unpacking sbuild-build-depends-core-dummy (0.invalid.0) ...
Setting up sbuild-build-depends-core-dummy (0.invalid.0) ...

+------------------------------------------------------------------------------+
| Check architectures                                                          |
+------------------------------------------------------------------------------+

Arch check ok (amd64 included in any)

+------------------------------------------------------------------------------+
| Install package build dependencies                                           |
+------------------------------------------------------------------------------+


Setup apt archive
-----------------

Merged Build-Depends: debhelper (>= 11~), pkgconf, libboost-dev, libboost-system-dev, libboost-filesystem-dev, libboost-program-options-dev, libboost-iostreams-dev, libgenome-1.3-dev, libmuscle-3.7-dev, libmems-1.6-dev
Filtered Build-Depends: debhelper (>= 11~), pkgconf, libboost-dev, libboost-system-dev, libboost-filesystem-dev, libboost-program-options-dev, libboost-iostreams-dev, libgenome-1.3-dev, libmuscle-3.7-dev, libmems-1.6-dev
dpkg-deb: building package 'sbuild-build-depends-progressivemauve-dummy' in '/<<BUILDDIR>>/resolver-93ImRn/apt_archive/sbuild-build-depends-progressivemauve-dummy.deb'.
dpkg-scanpackages: warning: Packages in archive but missing from override file:
dpkg-scanpackages: warning:   sbuild-build-depends-core-dummy sbuild-build-depends-progressivemauve-dummy
dpkg-scanpackages: info: Wrote 2 entries to output Packages file.
Ign:1 copy:/<<BUILDDIR>>/resolver-93ImRn/apt_archive ./ InRelease
Get:2 copy:/<<BUILDDIR>>/resolver-93ImRn/apt_archive ./ Release [963 B]
Ign:3 copy:/<<BUILDDIR>>/resolver-93ImRn/apt_archive ./ Release.gpg
Get:4 copy:/<<BUILDDIR>>/resolver-93ImRn/apt_archive ./ Sources [570 B]
Get:5 copy:/<<BUILDDIR>>/resolver-93ImRn/apt_archive ./ Packages [646 B]
Fetched 2179 B in 0s (143 kB/s)
Reading package lists...
Reading package lists...

Install progressivemauve build dependencies (apt-based resolver)
----------------------------------------------------------------

Installing build dependencies
Reading package lists...
Building dependency tree...
Reading state information...
The following additional packages will be installed:
  autoconf automake autopoint autotools-dev bsdmainutils debhelper
  dh-autoreconf dh-strip-nondeterminism file gettext gettext-base groff-base
  icu-devtools intltool-debian libarchive-zip-perl libboost-dev
  libboost-filesystem-dev libboost-filesystem1.62-dev
  libboost-filesystem1.62.0 libboost-iostreams-dev libboost-iostreams1.62-dev
  libboost-iostreams1.62.0 libboost-program-options-dev
  libboost-program-options1.62-dev libboost-program-options1.62.0
  libboost-regex1.62-dev libboost-regex1.62.0 libboost-system-dev
  libboost-system1.62-dev libboost-system1.62.0 libboost1.62-dev libcroco3
  libfile-stripnondeterminism-perl libgenome-1.3-0v5 libgenome-1.3-dev
  libglib2.0-0 libicu-dev libicu57 libmagic-mgc libmagic1 libmems-1.6-1v5
  libmems-1.6-dev libmuscle-3.7-1 libmuscle-3.7-dev libpipeline1 libsigsegv2
  libtimedate-perl libtool libxml2 m4 man-db pkgconf po-debconf
Suggested packages:
  autoconf-archive gnu-standards autoconf-doc wamerican | wordlist whois
  vacation dh-make dwz gettext-doc libasprintf-dev libgettextpo-dev groff
  libboost-doc libboost1.62-doc libboost-atomic1.62-dev
  libboost-chrono1.62-dev libboost-context1.62-dev libboost-coroutine1.62-dev
  libboost-date-time1.62-dev libboost-exception1.62-dev libboost-fiber1.62-dev
  libboost-graph1.62-dev libboost-graph-parallel1.62-dev
  libboost-locale1.62-dev libboost-log1.62-dev libboost-math1.62-dev
  libboost-mpi1.62-dev libboost-mpi-python1.62-dev libboost-python1.62-dev
  libboost-random1.62-dev libboost-serialization1.62-dev
  libboost-signals1.62-dev libboost-test1.62-dev libboost-thread1.62-dev
  libboost-timer1.62-dev libboost-type-erasure1.62-dev libboost-wave1.62-dev
  libboost1.62-tools-dev libmpfrc++-dev libntl-dev icu-doc libtool-doc
  gfortran | fortran95-compiler gcj-jdk m4-doc less www-browser apparmor
  libmail-box-perl
Recommended packages:
  curl | wget | lynx-cur libarchive-cpio-perl libglib2.0-data shared-mime-info
  xdg-user-dirs libltdl-dev libmail-sendmail-perl
The following NEW packages will be installed:
  autoconf automake autopoint autotools-dev bsdmainutils debhelper
  dh-autoreconf dh-strip-nondeterminism file gettext gettext-base groff-base
  icu-devtools intltool-debian libarchive-zip-perl libboost-dev
  libboost-filesystem-dev libboost-filesystem1.62-dev
  libboost-filesystem1.62.0 libboost-iostreams-dev libboost-iostreams1.62-dev
  libboost-iostreams1.62.0 libboost-program-options-dev
  libboost-program-options1.62-dev libboost-program-options1.62.0
  libboost-regex1.62-dev libboost-regex1.62.0 libboost-system-dev
  libboost-system1.62-dev libboost-system1.62.0 libboost1.62-dev libcroco3
  libfile-stripnondeterminism-perl libgenome-1.3-0v5 libgenome-1.3-dev
  libglib2.0-0 libicu-dev libicu57 libmagic-mgc libmagic1 libmems-1.6-1v5
  libmems-1.6-dev libmuscle-3.7-1 libmuscle-3.7-dev libpipeline1 libsigsegv2
  libtimedate-perl libtool libxml2 m4 man-db pkgconf po-debconf
  sbuild-build-depends-progressivemauve-dummy
0 upgraded, 54 newly installed, 0 to remove and 0 not upgraded.
Need to get 47.1 MB of archives.
After this operation, 297 MB of additional disk space will be used.
Get:1 copy:/<<BUILDDIR>>/resolver-93ImRn/apt_archive ./ sbuild-build-depends-progressivemauve-dummy 0.invalid.0 [936 B]
Get:2 http://127.0.0.1:9999/debian unstable/main amd64 groff-base amd64 1.22.3-9 [1160 kB]
Get:3 http://127.0.0.1:9999/debian unstable/main amd64 bsdmainutils amd64 11.1.2 [190 kB]
Get:4 http://127.0.0.1:9999/debian unstable/main amd64 libpipeline1 amd64 1.5.0-1 [29.0 kB]
Get:5 http://127.0.0.1:9999/debian unstable/main amd64 man-db amd64 2.8.0-2 [1170 kB]
Get:6 http://127.0.0.1:9999/debian unstable/main amd64 libmagic-mgc amd64 1:5.32-1 [225 kB]
Get:7 http://127.0.0.1:9999/debian unstable/main amd64 libmagic1 amd64 1:5.32-1 [111 kB]
Get:8 http://127.0.0.1:9999/debian unstable/main amd64 file amd64 1:5.32-1 [64.4 kB]
Get:9 http://127.0.0.1:9999/debian unstable/main amd64 gettext-base amd64 0.19.8.1-4 [122 kB]
Get:10 http://127.0.0.1:9999/debian unstable/main amd64 libsigsegv2 amd64 2.12-1 [32.7 kB]
Get:11 http://127.0.0.1:9999/debian unstable/main amd64 m4 amd64 1.4.18-1 [202 kB]
Get:12 http://127.0.0.1:9999/debian unstable/main amd64 autoconf all 2.69-11 [341 kB]
Get:13 http://127.0.0.1:9999/debian unstable/main amd64 autotools-dev all 20171216.1 [75.9 kB]
Get:14 http://127.0.0.1:9999/debian unstable/main amd64 automake all 1:1.15.1-3 [736 kB]
Get:15 http://127.0.0.1:9999/debian unstable/main amd64 autopoint all 0.19.8.1-4 [434 kB]
Get:16 http://127.0.0.1:9999/debian unstable/main amd64 libtool all 2.4.6-2 [545 kB]
Get:17 http://127.0.0.1:9999/debian unstable/main amd64 dh-autoreconf all 16 [16.3 kB]
Get:18 http://127.0.0.1:9999/debian unstable/main amd64 libarchive-zip-perl all 1.60-1 [95.6 kB]
Get:19 http://127.0.0.1:9999/debian unstable/main amd64 libfile-stripnondeterminism-perl all 0.040-1 [18.4 kB]
Get:20 http://127.0.0.1:9999/debian unstable/main amd64 libtimedate-perl all 2.3000-2 [42.2 kB]
Get:21 http://127.0.0.1:9999/debian unstable/main amd64 dh-strip-nondeterminism all 0.040-1 [11.8 kB]
Get:22 http://127.0.0.1:9999/debian unstable/main amd64 libglib2.0-0 amd64 2.54.3-2 [2822 kB]
Get:23 http://127.0.0.1:9999/debian unstable/main amd64 libicu57 amd64 57.1-8 [7699 kB]
Get:24 http://127.0.0.1:9999/debian unstable/main amd64 libxml2 amd64 2.9.4+dfsg1-6.1 [725 kB]
Get:25 http://127.0.0.1:9999/debian unstable/main amd64 libcroco3 amd64 0.6.12-2 [144 kB]
Get:26 http://127.0.0.1:9999/debian unstable/main amd64 gettext amd64 0.19.8.1-4 [1302 kB]
Get:27 http://127.0.0.1:9999/debian unstable/main amd64 intltool-debian all 0.35.0+20060710.4 [26.3 kB]
Get:28 http://127.0.0.1:9999/debian unstable/main amd64 po-debconf all 1.0.20 [247 kB]
Get:29 http://127.0.0.1:9999/debian unstable/main amd64 debhelper all 11.1.4 [1005 kB]
Get:30 http://127.0.0.1:9999/debian unstable/main amd64 icu-devtools amd64 57.1-8 [177 kB]
Get:31 http://127.0.0.1:9999/debian unstable/main amd64 libboost1.62-dev amd64 1.62.0+dfsg-5 [7004 kB]
Get:32 http://127.0.0.1:9999/debian unstable/main amd64 libboost-dev amd64 1.62.0.1 [3632 B]
Get:33 http://127.0.0.1:9999/debian unstable/main amd64 libboost-system1.62.0 amd64 1.62.0+dfsg-5 [32.6 kB]
Get:34 http://127.0.0.1:9999/debian unstable/main amd64 libboost-filesystem1.62.0 amd64 1.62.0+dfsg-5 [63.4 kB]
Get:35 http://127.0.0.1:9999/debian unstable/main amd64 libboost-system1.62-dev amd64 1.62.0+dfsg-5 [34.1 kB]
Get:36 http://127.0.0.1:9999/debian unstable/main amd64 libboost-filesystem1.62-dev amd64 1.62.0+dfsg-5 [73.2 kB]
Get:37 http://127.0.0.1:9999/debian unstable/main amd64 libboost-filesystem-dev amd64 1.62.0.1 [3448 B]
Get:38 http://127.0.0.1:9999/debian unstable/main amd64 libboost-regex1.62.0 amd64 1.62.0+dfsg-5 [288 kB]
Get:39 http://127.0.0.1:9999/debian unstable/main amd64 libicu-dev amd64 57.1-8 [16.6 MB]
Get:40 http://127.0.0.1:9999/debian unstable/main amd64 libboost-regex1.62-dev amd64 1.62.0+dfsg-5 [334 kB]
Get:41 http://127.0.0.1:9999/debian unstable/main amd64 libboost-iostreams1.62.0 amd64 1.62.0+dfsg-5 [51.1 kB]
Get:42 http://127.0.0.1:9999/debian unstable/main amd64 libboost-iostreams1.62-dev amd64 1.62.0+dfsg-5 [57.3 kB]
Get:43 http://127.0.0.1:9999/debian unstable/main amd64 libboost-iostreams-dev amd64 1.62.0.1 [3408 B]
Get:44 http://127.0.0.1:9999/debian unstable/main amd64 libboost-program-options1.62.0 amd64 1.62.0+dfsg-5 [160 kB]
Get:45 http://127.0.0.1:9999/debian unstable/main amd64 libboost-program-options1.62-dev amd64 1.62.0+dfsg-5 [184 kB]
Get:46 http://127.0.0.1:9999/debian unstable/main amd64 libboost-program-options-dev amd64 1.62.0.1 [3430 B]
Get:47 http://127.0.0.1:9999/debian unstable/main amd64 libboost-system-dev amd64 1.62.0.1 [3554 B]
Get:48 http://127.0.0.1:9999/debian unstable/main amd64 libgenome-1.3-0v5 amd64 1.3.1-10 [109 kB]
Get:49 http://127.0.0.1:9999/debian unstable/main amd64 libgenome-1.3-dev amd64 1.3.1-10 [172 kB]
Get:50 http://127.0.0.1:9999/debian unstable/main amd64 libmuscle-3.7-1 amd64 3.7+4565-2 [252 kB]
Get:51 http://127.0.0.1:9999/debian unstable/main amd64 libmems-1.6-1v5 amd64 1.6.0+4725-4 [644 kB]
Get:52 http://127.0.0.1:9999/debian unstable/main amd64 libmuscle-3.7-dev amd64 3.7+4565-2 [308 kB]
Get:53 http://127.0.0.1:9999/debian unstable/main amd64 libmems-1.6-dev amd64 1.6.0+4725-4 [919 kB]
Get:54 http://127.0.0.1:9999/debian unstable/main amd64 pkgconf amd64 0.9.12-6 [31.9 kB]
debconf: delaying package configuration, since apt-utils is not installed
Fetched 47.1 MB in 1s (63.9 MB/s)
Selecting previously unselected package groff-base.
(Reading database ... 10722 files and directories currently installed.)
Preparing to unpack .../00-groff-base_1.22.3-9_amd64.deb ...
Unpacking groff-base (1.22.3-9) ...
Selecting previously unselected package bsdmainutils.
Preparing to unpack .../01-bsdmainutils_11.1.2_amd64.deb ...
Unpacking bsdmainutils (11.1.2) ...
Selecting previously unselected package libpipeline1:amd64.
Preparing to unpack .../02-libpipeline1_1.5.0-1_amd64.deb ...
Unpacking libpipeline1:amd64 (1.5.0-1) ...
Selecting previously unselected package man-db.
Preparing to unpack .../03-man-db_2.8.0-2_amd64.deb ...
Unpacking man-db (2.8.0-2) ...
Selecting previously unselected package libmagic-mgc.
Preparing to unpack .../04-libmagic-mgc_1%3a5.32-1_amd64.deb ...
Unpacking libmagic-mgc (1:5.32-1) ...
Selecting previously unselected package libmagic1:amd64.
Preparing to unpack .../05-libmagic1_1%3a5.32-1_amd64.deb ...
Unpacking libmagic1:amd64 (1:5.32-1) ...
Selecting previously unselected package file.
Preparing to unpack .../06-file_1%3a5.32-1_amd64.deb ...
Unpacking file (1:5.32-1) ...
Selecting previously unselected package gettext-base.
Preparing to unpack .../07-gettext-base_0.19.8.1-4_amd64.deb ...
Unpacking gettext-base (0.19.8.1-4) ...
Selecting previously unselected package libsigsegv2:amd64.
Preparing to unpack .../08-libsigsegv2_2.12-1_amd64.deb ...
Unpacking libsigsegv2:amd64 (2.12-1) ...
Selecting previously unselected package m4.
Preparing to unpack .../09-m4_1.4.18-1_amd64.deb ...
Unpacking m4 (1.4.18-1) ...
Selecting previously unselected package autoconf.
Preparing to unpack .../10-autoconf_2.69-11_all.deb ...
Unpacking autoconf (2.69-11) ...
Selecting previously unselected package autotools-dev.
Preparing to unpack .../11-autotools-dev_20171216.1_all.deb ...
Unpacking autotools-dev (20171216.1) ...
Selecting previously unselected package automake.
Preparing to unpack .../12-automake_1%3a1.15.1-3_all.deb ...
Unpacking automake (1:1.15.1-3) ...
Selecting previously unselected package autopoint.
Preparing to unpack .../13-autopoint_0.19.8.1-4_all.deb ...
Unpacking autopoint (0.19.8.1-4) ...
Selecting previously unselected package libtool.
Preparing to unpack .../14-libtool_2.4.6-2_all.deb ...
Unpacking libtool (2.4.6-2) ...
Selecting previously unselected package dh-autoreconf.
Preparing to unpack .../15-dh-autoreconf_16_all.deb ...
Unpacking dh-autoreconf (16) ...
Selecting previously unselected package libarchive-zip-perl.
Preparing to unpack .../16-libarchive-zip-perl_1.60-1_all.deb ...
Unpacking libarchive-zip-perl (1.60-1) ...
Selecting previously unselected package libfile-stripnondeterminism-perl.
Preparing to unpack .../17-libfile-stripnondeterminism-perl_0.040-1_all.deb ...
Unpacking libfile-stripnondeterminism-perl (0.040-1) ...
Selecting previously unselected package libtimedate-perl.
Preparing to unpack .../18-libtimedate-perl_2.3000-2_all.deb ...
Unpacking libtimedate-perl (2.3000-2) ...
Selecting previously unselected package dh-strip-nondeterminism.
Preparing to unpack .../19-dh-strip-nondeterminism_0.040-1_all.deb ...
Unpacking dh-strip-nondeterminism (0.040-1) ...
Selecting previously unselected package libglib2.0-0:amd64.
Preparing to unpack .../20-libglib2.0-0_2.54.3-2_amd64.deb ...
Unpacking libglib2.0-0:amd64 (2.54.3-2) ...
Selecting previously unselected package libicu57:amd64.
Preparing to unpack .../21-libicu57_57.1-8_amd64.deb ...
Unpacking libicu57:amd64 (57.1-8) ...
Selecting previously unselected package libxml2:amd64.
Preparing to unpack .../22-libxml2_2.9.4+dfsg1-6.1_amd64.deb ...
Unpacking libxml2:amd64 (2.9.4+dfsg1-6.1) ...
Selecting previously unselected package libcroco3:amd64.
Preparing to unpack .../23-libcroco3_0.6.12-2_amd64.deb ...
Unpacking libcroco3:amd64 (0.6.12-2) ...
Selecting previously unselected package gettext.
Preparing to unpack .../24-gettext_0.19.8.1-4_amd64.deb ...
Unpacking gettext (0.19.8.1-4) ...
Selecting previously unselected package intltool-debian.
Preparing to unpack .../25-intltool-debian_0.35.0+20060710.4_all.deb ...
Unpacking intltool-debian (0.35.0+20060710.4) ...
Selecting previously unselected package po-debconf.
Preparing to unpack .../26-po-debconf_1.0.20_all.deb ...
Unpacking po-debconf (1.0.20) ...
Selecting previously unselected package debhelper.
Preparing to unpack .../27-debhelper_11.1.4_all.deb ...
Unpacking debhelper (11.1.4) ...
Selecting previously unselected package icu-devtools.
Preparing to unpack .../28-icu-devtools_57.1-8_amd64.deb ...
Unpacking icu-devtools (57.1-8) ...
Selecting previously unselected package libboost1.62-dev:amd64.
Preparing to unpack .../29-libboost1.62-dev_1.62.0+dfsg-5_amd64.deb ...
Unpacking libboost1.62-dev:amd64 (1.62.0+dfsg-5) ...
Selecting previously unselected package libboost-dev:amd64.
Preparing to unpack .../30-libboost-dev_1.62.0.1_amd64.deb ...
Unpacking libboost-dev:amd64 (1.62.0.1) ...
Selecting previously unselected package libboost-system1.62.0:amd64.
Preparing to unpack .../31-libboost-system1.62.0_1.62.0+dfsg-5_amd64.deb ...
Unpacking libboost-system1.62.0:amd64 (1.62.0+dfsg-5) ...
Selecting previously unselected package libboost-filesystem1.62.0:amd64.
Preparing to unpack .../32-libboost-filesystem1.62.0_1.62.0+dfsg-5_amd64.deb ...
Unpacking libboost-filesystem1.62.0:amd64 (1.62.0+dfsg-5) ...
Selecting previously unselected package libboost-system1.62-dev:amd64.
Preparing to unpack .../33-libboost-system1.62-dev_1.62.0+dfsg-5_amd64.deb ...
Unpacking libboost-system1.62-dev:amd64 (1.62.0+dfsg-5) ...
Selecting previously unselected package libboost-filesystem1.62-dev:amd64.
Preparing to unpack .../34-libboost-filesystem1.62-dev_1.62.0+dfsg-5_amd64.deb ...
Unpacking libboost-filesystem1.62-dev:amd64 (1.62.0+dfsg-5) ...
Selecting previously unselected package libboost-filesystem-dev:amd64.
Preparing to unpack .../35-libboost-filesystem-dev_1.62.0.1_amd64.deb ...
Unpacking libboost-filesystem-dev:amd64 (1.62.0.1) ...
Selecting previously unselected package libboost-regex1.62.0:amd64.
Preparing to unpack .../36-libboost-regex1.62.0_1.62.0+dfsg-5_amd64.deb ...
Unpacking libboost-regex1.62.0:amd64 (1.62.0+dfsg-5) ...
Selecting previously unselected package libicu-dev.
Preparing to unpack .../37-libicu-dev_57.1-8_amd64.deb ...
Unpacking libicu-dev (57.1-8) ...
Selecting previously unselected package libboost-regex1.62-dev:amd64.
Preparing to unpack .../38-libboost-regex1.62-dev_1.62.0+dfsg-5_amd64.deb ...
Unpacking libboost-regex1.62-dev:amd64 (1.62.0+dfsg-5) ...
Selecting previously unselected package libboost-iostreams1.62.0:amd64.
Preparing to unpack .../39-libboost-iostreams1.62.0_1.62.0+dfsg-5_amd64.deb ...
Unpacking libboost-iostreams1.62.0:amd64 (1.62.0+dfsg-5) ...
Selecting previously unselected package libboost-iostreams1.62-dev:amd64.
Preparing to unpack .../40-libboost-iostreams1.62-dev_1.62.0+dfsg-5_amd64.deb ...
Unpacking libboost-iostreams1.62-dev:amd64 (1.62.0+dfsg-5) ...
Selecting previously unselected package libboost-iostreams-dev:amd64.
Preparing to unpack .../41-libboost-iostreams-dev_1.62.0.1_amd64.deb ...
Unpacking libboost-iostreams-dev:amd64 (1.62.0.1) ...
Selecting previously unselected package libboost-program-options1.62.0:amd64.
Preparing to unpack .../42-libboost-program-options1.62.0_1.62.0+dfsg-5_amd64.deb ...
Unpacking libboost-program-options1.62.0:amd64 (1.62.0+dfsg-5) ...
Selecting previously unselected package libboost-program-options1.62-dev:amd64.
Preparing to unpack .../43-libboost-program-options1.62-dev_1.62.0+dfsg-5_amd64.deb ...
Unpacking libboost-program-options1.62-dev:amd64 (1.62.0+dfsg-5) ...
Selecting previously unselected package libboost-program-options-dev:amd64.
Preparing to unpack .../44-libboost-program-options-dev_1.62.0.1_amd64.deb ...
Unpacking libboost-program-options-dev:amd64 (1.62.0.1) ...
Selecting previously unselected package libboost-system-dev:amd64.
Preparing to unpack .../45-libboost-system-dev_1.62.0.1_amd64.deb ...
Unpacking libboost-system-dev:amd64 (1.62.0.1) ...
Selecting previously unselected package libgenome-1.3-0v5:amd64.
Preparing to unpack .../46-libgenome-1.3-0v5_1.3.1-10_amd64.deb ...
Unpacking libgenome-1.3-0v5:amd64 (1.3.1-10) ...
Selecting previously unselected package libgenome-1.3-dev.
Preparing to unpack .../47-libgenome-1.3-dev_1.3.1-10_amd64.deb ...
Unpacking libgenome-1.3-dev (1.3.1-10) ...
Selecting previously unselected package libmuscle-3.7-1.
Preparing to unpack .../48-libmuscle-3.7-1_3.7+4565-2_amd64.deb ...
Unpacking libmuscle-3.7-1 (3.7+4565-2) ...
Selecting previously unselected package libmems-1.6-1v5:amd64.
Preparing to unpack .../49-libmems-1.6-1v5_1.6.0+4725-4_amd64.deb ...
Unpacking libmems-1.6-1v5:amd64 (1.6.0+4725-4) ...
Selecting previously unselected package libmuscle-3.7-dev.
Preparing to unpack .../50-libmuscle-3.7-dev_3.7+4565-2_amd64.deb ...
Unpacking libmuscle-3.7-dev (3.7+4565-2) ...
Selecting previously unselected package libmems-1.6-dev.
Preparing to unpack .../51-libmems-1.6-dev_1.6.0+4725-4_amd64.deb ...
Unpacking libmems-1.6-dev (1.6.0+4725-4) ...
Selecting previously unselected package pkgconf.
Preparing to unpack .../52-pkgconf_0.9.12-6_amd64.deb ...
Adding 'diversion of /usr/bin/pkg-config to /usr/bin/pkg-config.real by pkgconf'
Adding 'diversion of /usr/share/aclocal/pkg.m4 to /usr/share/aclocal/pkg.real.m4 by pkgconf'
Adding 'diversion of /usr/share/man/man1/pkg-config.1.gz to /usr/share/man/man1/pkg-config.real.1.gz by pkgconf'
Adding 'diversion of /usr/share/pkg-config-crosswrapper to /usr/share/pkg-config-crosswrapper.real by pkgconf'
Unpacking pkgconf (0.9.12-6) ...
Selecting previously unselected package sbuild-build-depends-progressivemauve-dummy.
Preparing to unpack .../53-sbuild-build-depends-progressivemauve-dummy_0.invalid.0_amd64.deb ...
Unpacking sbuild-build-depends-progressivemauve-dummy (0.invalid.0) ...
Setting up pkgconf (0.9.12-6) ...
Setting up libgenome-1.3-0v5:amd64 (1.3.1-10) ...
Setting up libarchive-zip-perl (1.60-1) ...
Setting up libboost1.62-dev:amd64 (1.62.0+dfsg-5) ...
Setting up libtimedate-perl (2.3000-2) ...
Setting up libsigsegv2:amd64 (2.12-1) ...
Setting up libboost-program-options1.62.0:amd64 (1.62.0+dfsg-5) ...
Setting up groff-base (1.22.3-9) ...
Setting up libglib2.0-0:amd64 (2.54.3-2) ...
No schema files found: doing nothing.
Setting up libboost-program-options1.62-dev:amd64 (1.62.0+dfsg-5) ...
Setting up gettext-base (0.19.8.1-4) ...
Setting up libpipeline1:amd64 (1.5.0-1) ...
Setting up m4 (1.4.18-1) ...
Setting up libicu57:amd64 (57.1-8) ...
Setting up libxml2:amd64 (2.9.4+dfsg1-6.1) ...
Setting up libmagic-mgc (1:5.32-1) ...
Setting up libmagic1:amd64 (1:5.32-1) ...
Setting up libcroco3:amd64 (0.6.12-2) ...
Setting up libboost-iostreams1.62.0:amd64 (1.62.0+dfsg-5) ...
Processing triggers for libc-bin (2.26-6) ...
Setting up autotools-dev (20171216.1) ...
Setting up libmuscle-3.7-1 (3.7+4565-2) ...
Setting up icu-devtools (57.1-8) ...
Setting up libboost-dev:amd64 (1.62.0.1) ...
Setting up libgenome-1.3-dev (1.3.1-10) ...
Setting up bsdmainutils (11.1.2) ...
update-alternatives: using /usr/bin/bsd-write to provide /usr/bin/write (write) in auto mode
update-alternatives: using /usr/bin/bsd-from to provide /usr/bin/from (from) in auto mode
Setting up autopoint (0.19.8.1-4) ...
Setting up libboost-system1.62.0:amd64 (1.62.0+dfsg-5) ...
Setting up libboost-program-options-dev:amd64 (1.62.0.1) ...
Setting up libfile-stripnondeterminism-perl (0.040-1) ...
Setting up libmuscle-3.7-dev (3.7+4565-2) ...
Setting up gettext (0.19.8.1-4) ...
Setting up libboost-regex1.62.0:amd64 (1.62.0+dfsg-5) ...
Setting up autoconf (2.69-11) ...
Setting up libicu-dev (57.1-8) ...
Setting up file (1:5.32-1) ...
Setting up intltool-debian (0.35.0+20060710.4) ...
Setting up libboost-system1.62-dev:amd64 (1.62.0+dfsg-5) ...
Setting up libboost-filesystem1.62.0:amd64 (1.62.0+dfsg-5) ...
Setting up automake (1:1.15.1-3) ...
update-alternatives: using /usr/bin/automake-1.15 to provide /usr/bin/automake (automake) in auto mode
Setting up man-db (2.8.0-2) ...
Not building database; man-db/auto-update is not 'true'.
Setting up libmems-1.6-1v5:amd64 (1.6.0+4725-4) ...
Setting up libtool (2.4.6-2) ...
Setting up libboost-filesystem1.62-dev:amd64 (1.62.0+dfsg-5) ...
Setting up po-debconf (1.0.20) ...
Setting up libboost-regex1.62-dev:amd64 (1.62.0+dfsg-5) ...
Setting up libboost-system-dev:amd64 (1.62.0.1) ...
Setting up libboost-iostreams1.62-dev:amd64 (1.62.0+dfsg-5) ...
Setting up libboost-filesystem-dev:amd64 (1.62.0.1) ...
Setting up libboost-iostreams-dev:amd64 (1.62.0.1) ...
Setting up libmems-1.6-dev (1.6.0+4725-4) ...
Setting up dh-autoreconf (16) ...
Setting up debhelper (11.1.4) ...
Setting up sbuild-build-depends-progressivemauve-dummy (0.invalid.0) ...
Setting up dh-strip-nondeterminism (0.040-1) ...
Processing triggers for libc-bin (2.26-6) ...

+------------------------------------------------------------------------------+
| Build environment                                                            |
+------------------------------------------------------------------------------+

Kernel: Linux 4.9.0-2-amd64 amd64 (x86_64)
Toolchain package versions: binutils_2.30-2 dpkg-dev_1.19.0.5 g++-7_7.3.0-1 gcc-7_7.3.0-1 libc6-dev_2.26-6 libstdc++-7-dev_7.3.0-1 libstdc++6_7.3.0-1 linux-libc-dev_4.14.13-1
Package versions: adduser_3.117 apt_1.6~alpha7 autoconf_2.69-11 automake_1:1.15.1-3 autopoint_0.19.8.1-4 autotools-dev_20171216.1 base-files_10.1 base-passwd_3.5.44 bash_4.4.18-1 binutils_2.30-2 binutils-common_2.30-2 binutils-x86-64-linux-gnu_2.30-2 bsdmainutils_11.1.2 bsdutils_1:2.30.2-0.3 build-essential_12.4 bzip2_1.0.6-8.1 clang-6.0_1:6.0~+rc1-1 coreutils_8.28-1 cpp_4:7.2.0-1d1 cpp-7_7.3.0-1 dash_0.5.8-2.10 debconf_1.5.65 debfoster_2.7-2.1+b1 debhelper_11.1.4 debian-archive-keyring_2017.7 debianutils_4.8.4 dh-autoreconf_16 dh-strip-nondeterminism_0.040-1 diffutils_1:3.6-1 dpkg_1.19.0.5 dpkg-dev_1.19.0.5 e2fslibs_1.43.8-2 e2fsprogs_1.43.8-2 eatmydata_105-5 fakeroot_1.22-2 fdisk_2.30.2-0.3 file_1:5.32-1 findutils_4.6.0+git+20170828-2 g++_4:7.2.0-1d1 g++-7_7.3.0-1 gcc_4:7.2.0-1d1 gcc-6-base_6.4.0-12 gcc-7_7.3.0-1 gcc-7-base_7.3.0-1 gettext_0.19.8.1-4 gettext-base_0.19.8.1-4 gpgv_2.2.4-2 grep_3.1-2 groff-base_1.22.3-9 gzip_1.6-5+b1 hostname_3.20 icu-devtools_57.1-8 init-system-helpers_1.51 intltool-debian_0.35.0+20060710.4 lib32gcc1_1:7.3.0-1 lib32stdc++6_7.3.0-1 libacl1_2.2.52-3+b1 libapt-pkg5.0_1.6~alpha7 libarchive-zip-perl_1.60-1 libasan4_7.3.0-1 libatomic1_7.3.0-1 libattr1_1:2.4.47-2+b2 libaudit-common_1:2.8.2-1 libaudit1_1:2.8.2-1 libbinutils_2.30-2 libblkid1_2.30.2-0.3 libboost-dev_1.62.0.1 libboost-filesystem-dev_1.62.0.1 libboost-filesystem1.62-dev_1.62.0+dfsg-5 libboost-filesystem1.62.0_1.62.0+dfsg-5 libboost-iostreams-dev_1.62.0.1 libboost-iostreams1.62-dev_1.62.0+dfsg-5 libboost-iostreams1.62.0_1.62.0+dfsg-5 libboost-program-options-dev_1.62.0.1 libboost-program-options1.62-dev_1.62.0+dfsg-5 libboost-program-options1.62.0_1.62.0+dfsg-5 libboost-regex1.62-dev_1.62.0+dfsg-5 libboost-regex1.62.0_1.62.0+dfsg-5 libboost-system-dev_1.62.0.1 libboost-system1.62-dev_1.62.0+dfsg-5 libboost-system1.62.0_1.62.0+dfsg-5 libboost1.62-dev_1.62.0+dfsg-5 libbsd0_0.8.7-1 libbz2-1.0_1.0.6-8.1 libc-bin_2.26-6 libc-dev-bin_2.26-6 libc6_2.26-6 libc6-dev_2.26-6 libc6-i386_2.26-6 libcap-ng0_0.7.7-3.1+b1 libcc1-0_7.3.0-1 libcilkrts5_7.3.0-1 libclang-common-6.0-dev_1:6.0~+rc1-1 libclang1-6.0_1:6.0~+rc1-1 libcomerr2_1.43.8-2 libcroco3_0.6.12-2 libdb5.3_5.3.28-13.1+b1 libdebconfclient0_0.240 libdpkg-perl_1.19.0.5 libeatmydata1_105-5 libedit2_3.1-20170329-1 libfakeroot_1.22-2 libfdisk1_2.30.2-0.3 libffi6_3.2.1-8 libfile-stripnondeterminism-perl_0.040-1 libgc1c2_1:7.4.2-8.1 libgcc-7-dev_7.3.0-1 libgcc1_1:7.3.0-1 libgcrypt20_1.8.1-4 libgdbm3_1.8.3-14 libgdbm5_1.14.1-2 libgenome-1.3-0v5_1.3.1-10 libgenome-1.3-dev_1.3.1-10 libglib2.0-0_2.54.3-2 libgmp10_2:6.1.2+dfsg-2 libgnutls30_3.5.17-1 libgomp1_7.3.0-1 libgpg-error0_1.27-6 libhogweed4_3.4-1 libicu-dev_57.1-8 libicu57_57.1-8 libidn2-0_2.0.4-1.1 libisl15_0.18-1 libitm1_7.3.0-1 libjsoncpp1_1.7.4-3 libllvm6.0_1:6.0~+rc1-1 liblsan0_7.3.0-1 liblz4-1_0.0~r131-2+b1 liblzma5_5.2.2-1.3 libmagic-mgc_1:5.32-1 libmagic1_1:5.32-1 libmems-1.6-1v5_1.6.0+4725-4 libmems-1.6-dev_1.6.0+4725-4 libmount1_2.30.2-0.3 libmpc3_1.1.0-1 libmpfr4_3.1.6-1 libmpfr6_4.0.1~rc2-1 libmpx2_7.3.0-1 libmuscle-3.7-1_3.7+4565-2 libmuscle-3.7-dev_3.7+4565-2 libncurses5_6.0+20171125-1 libncursesw5_6.0+20171125-1 libnettle6_3.4-1 libobjc-7-dev_7.3.0-1 libobjc4_7.3.0-1 libp11-kit0_0.23.9-2 libpam-modules_1.1.8-3.6 libpam-modules-bin_1.1.8-3.6 libpam-runtime_1.1.8-3.6 libpam0g_1.1.8-3.6 libpcre3_2:8.39-9 libperl5.26_5.26.1-4+b1 libpipeline1_1.5.0-1 libquadmath0_7.3.0-1 libseccomp2_2.3.1-2.1 libselinux1_2.7-2+b1 libsemanage-common_2.7-2 libsemanage1_2.7-2+b1 libsepol1_2.7-1 libsigsegv2_2.12-1 libsmartcols1_2.30.2-0.3 libss2_1.43.8-2 libstdc++-7-dev_7.3.0-1 libstdc++6_7.3.0-1 libsystemd0_237-1 libtasn1-6_4.13-2 libtimedate-perl_2.3000-2 libtinfo5_6.0+20171125-1 libtool_2.4.6-2 libtsan0_7.3.0-1 libubsan0_7.3.0-1 libudev1_237-1 libunistring2_0.9.8-1 libustr-1.0-1_1.0.4-6 libuuid1_2.30.2-0.3 libxml2_2.9.4+dfsg1-6.1 linux-libc-dev_4.14.13-1 login_1:4.5-1 m4_1.4.18-1 make_4.1-9.1 man-db_2.8.0-2 mawk_1.3.3-17+b3 mount_2.30.2-0.3 multiarch-support_2.26-6 ncurses-base_6.0+20171125-1 ncurses-bin_6.0+20171125-1 passwd_1:4.5-1 patch_2.7.5-1+b2 perl_5.26.1-4+b1 perl-base_5.26.1-4+b1 perl-modules-5.26_5.26.1-4 pkgconf_0.9.12-6 po-debconf_1.0.20 sbuild-build-depends-core-dummy_0.invalid.0 sbuild-build-depends-progressivemauve-dummy_0.invalid.0 sed_4.4-2 sensible-utils_0.0.11 sysvinit-utils_2.88dsf-59.10 tar_1.29b-2 util-linux_2.30.2-0.3 xz-utils_5.2.2-1.3 zlib1g_1:1.2.8.dfsg-5

+------------------------------------------------------------------------------+
| Build                                                                        |
+------------------------------------------------------------------------------+


Unpack source
-------------

gpgv: unknown type of key resource 'trustedkeys.kbx'
gpgv: keyblock resource '/sbuild-nonexistent/.gnupg/trustedkeys.kbx': General error
gpgv: Signature made Fri Jan 19 23:45:21 2018 UTC
gpgv:                using RSA key F1F007320A035541F0A663CA578A0494D1C646D1
gpgv:                issuer "tillea@rki.de"
gpgv: Can't check signature: No public key
dpkg-source: warning: failed to verify signature on ./progressivemauve_1.2.0+4713+dfsg-1.dsc
dpkg-source: info: extracting progressivemauve in /<<BUILDDIR>>/progressivemauve-1.2.0+4713+dfsg
dpkg-source: info: unpacking progressivemauve_1.2.0+4713+dfsg.orig.tar.xz
dpkg-source: info: unpacking progressivemauve_1.2.0+4713+dfsg-1.debian.tar.xz
dpkg-source: info: applying fix_build.patch
dpkg-source: info: applying do_not_build_static_binaries.patch
dpkg-source: info: applying spelling.patch
dpkg-source: info: applying use-native-getopt.patch

Check disk space
----------------

Sufficient free space for build

User Environment
----------------

APT_CONFIG=/var/lib/sbuild/apt.conf
HOME=/sbuild-nonexistent
LANG=en_US.UTF-8
LC_ALL=POSIX
LOGNAME=user42
PATH=/usr/local/sbin:/usr/local/bin:/usr/sbin:/usr/bin:/sbin:/bin:/usr/games
SCHROOT_ALIAS_NAME=unstable-amd64-sbuild
SCHROOT_CHROOT_NAME=unstable-amd64-sbuild
SCHROOT_COMMAND=env
SCHROOT_GID=1001
SCHROOT_GROUP=user42
SCHROOT_SESSION_ID=unstable-amd64-sbuild-6b3a35ea-ac02-4bdb-a960-1de9287c2856
SCHROOT_UID=1001
SCHROOT_USER=user42
SHELL=/bin/sh
USER=user42

dpkg-buildpackage
-----------------

dpkg-buildpackage: info: source package progressivemauve
dpkg-buildpackage: info: source version 1.2.0+4713+dfsg-1
dpkg-buildpackage: info: source distribution unstable
dpkg-buildpackage: info: source changed by Fabian Kl√∂tzl <kloetzl@evolbio.mpg.de>
 dpkg-source --before-build progressivemauve-1.2.0+4713+dfsg
dpkg-buildpackage: info: host architecture amd64
 fakeroot debian/rules clean
dh clean
   dh_clean
 debian/rules build-arch
dh build-arch
   dh_update_autotools_config -a
   dh_autoreconf -a
configure.ac:21: installing 'config/compile'
configure.ac:9: installing 'config/config.guess'
configure.ac:9: installing 'config/config.sub'
configure.ac:11: installing 'config/install-sh'
configure.ac:11: installing 'config/missing'
Makefile.am: installing './INSTALL'
src/Makefile.am:12: warning: 'INCLUDES' is the old name for 'AM_CPPFLAGS' (or '*_CPPFLAGS')
src/Makefile.am: installing 'config/depcomp'
src/Makefile.am:51: warning: variable 'EXTRA_mauveStatic_SOURCES' is defined but no program or
src/Makefile.am:51: library has 'mauveStatic' as canonical name (possible typo)
src/Makefile.am:49: warning: variable 'mauveStatic_SOURCES' is defined but no program or
src/Makefile.am:49: library has 'mauveStatic' as canonical name (possible typo)
src/Makefile.am:160: warning: variable 'progressiveMauveStatic_SOURCES' is defined but no program or
src/Makefile.am:160: library has 'progressiveMauveStatic' as canonical name (possible typo)
src/Makefile.am:50: warning: variable 'mauveStatic_LDADD' is defined but no program or
src/Makefile.am:50: library has 'mauveStatic' as canonical name (possible typo)
src/Makefile.am:161: warning: variable 'progressiveMauveStatic_LDADD' is defined but no program or
src/Makefile.am:161: library has 'progressiveMauveStatic' as canonical name (possible typo)
src/Makefile.am:52: warning: variable 'mauveStatic_DEPENDENCIES' is defined but no program or
src/Makefile.am:52: library has 'mauveStatic' as canonical name (possible typo)
   dh_auto_configure -a
	./configure --build=x86_64-linux-gnu --prefix=/usr --includedir=\${prefix}/include --mandir=\${prefix}/share/man --infodir=\${prefix}/share/info --sysconfdir=/etc --localstatedir=/var --disable-silent-rules --libdir=\${prefix}/lib/x86_64-linux-gnu --libexecdir=\${prefix}/lib/x86_64-linux-gnu --runstatedir=/run --disable-maintainer-mode --disable-dependency-tracking
configure: WARNING: unrecognized options: --disable-maintainer-mode
checking build system type... x86_64-pc-linux-gnu
checking host system type... x86_64-pc-linux-gnu
checking target system type... x86_64-pc-linux-gnu
checking for a BSD-compatible install... /usr/bin/install -c
checking whether build environment is sane... yes
checking for a thread-safe mkdir -p... /bin/mkdir -p
checking for gawk... no
checking for mawk... mawk
checking whether make sets $(MAKE)... yes
checking whether make supports nested variables... yes
checking for gcc... gcc
checking whether the C compiler works... yes
checking for C compiler default output file name... a.out
checking for suffix of executables... 
checking whether we are cross compiling... no
checking for suffix of object files... o
checking whether we are using the GNU C compiler... yes
checking whether gcc accepts -g... yes
checking for gcc option to accept ISO C89... none needed
checking whether gcc understands -c and -o together... yes
checking for style of include used by make... GNU
checking dependency style of gcc... none
checking for g++... g++
checking whether we are using the GNU C++ compiler... yes
checking whether g++ accepts -g... yes
checking dependency style of g++... none
checking whether ln -s works... yes
checking how to run the C preprocessor... gcc -E
checking for grep that handles long lines and -e... /bin/grep
checking for egrep... /bin/grep -E
checking for ANSI C header files... yes
checking for getopt_long... yes
checking for getopt... yes
checking for pkg-config... /usr/bin/pkg-config
checking pkg-config is at least version 0.9.0... yes
checking for DEPS... yes
checking for an ANSI C-conforming const... yes
checking for inline... inline
checking whether time.h and sys/time.h may both be included... yes
checking for memset... yes
checking for sys/types.h... yes
checking for sys/stat.h... yes
checking for stdlib.h... yes
checking for string.h... yes
checking for memory.h... yes
checking for strings.h... yes
checking for inttypes.h... yes
checking for stdint.h... yes
checking for unistd.h... yes
checking libintl.h usability... yes
checking libintl.h presence... yes
checking for libintl.h... yes
checking for stdlib.h... (cached) yes
checking for string.h... (cached) yes
checking for strings.h... (cached) yes
checking for unistd.h... (cached) yes
checking wchar.h usability... yes
checking wchar.h presence... yes
checking for wchar.h... yes
checking for stdlib.h... (cached) yes
checking for GNU libc compatible malloc... yes
checking for stdbool.h that conforms to C99... yes
checking for _Bool... yes
checking for size_t... yes
checking whether gcc needs -traditional... no
checking that generated files are newer than configure... done
configure: creating ./config.status
config.status: creating Makefile
config.status: creating src/Makefile
config.status: creating src/config.h
config.status: executing depfiles commands
configure: WARNING: unrecognized options: --disable-maintainer-mode
   dh_auto_build -a
	make -j16
make[1]: Entering directory '/<<BUILDDIR>>/progressivemauve-1.2.0+4713+dfsg'
Making all in src
make[2]: Entering directory '/<<BUILDDIR>>/progressivemauve-1.2.0+4713+dfsg/src'
make  all-am
make[3]: Entering directory '/<<BUILDDIR>>/progressivemauve-1.2.0+4713+dfsg/src'
g++ -DHAVE_CONFIG_H -I. -I/usr/include/libMems-1.6 -I/usr/include/libGenome-1.3 -I/usr/include/libMUSCLE-3.7      -Wdate-time -D_FORTIFY_SOURCE=2 -O2 -funroll-loops -fomit-frame-pointer -ftree-vectorize   -DCOMMAND_LINE  -g -O2 -fdebug-prefix-map=/<<BUILDDIR>>/progressivemauve-1.2.0+4713+dfsg=. -fstack-protector-strong -Wformat -Werror=format-security -c -o mauveAligner.o mauveAligner.cpp
g++ -DHAVE_CONFIG_H -I. -I/usr/include/libMems-1.6 -I/usr/include/libGenome-1.3 -I/usr/include/libMUSCLE-3.7      -Wdate-time -D_FORTIFY_SOURCE=2 -O2 -funroll-loops -fomit-frame-pointer -ftree-vectorize   -DCOMMAND_LINE  -g -O2 -fdebug-prefix-map=/<<BUILDDIR>>/progressivemauve-1.2.0+4713+dfsg=. -fstack-protector-strong -Wformat -Werror=format-security -c -o scoreAlignment.o scoreAlignment.cpp
g++ -DHAVE_CONFIG_H -I. -I/usr/include/libMems-1.6 -I/usr/include/libGenome-1.3 -I/usr/include/libMUSCLE-3.7      -Wdate-time -D_FORTIFY_SOURCE=2 -O2 -funroll-loops -fomit-frame-pointer -ftree-vectorize   -DCOMMAND_LINE  -g -O2 -fdebug-prefix-map=/<<BUILDDIR>>/progressivemauve-1.2.0+4713+dfsg=. -fstack-protector-strong -Wformat -Werror=format-security -c -o uniqueMerCount.o uniqueMerCount.cpp
g++ -DHAVE_CONFIG_H -I. -I/usr/include/libMems-1.6 -I/usr/include/libGenome-1.3 -I/usr/include/libMUSCLE-3.7      -Wdate-time -D_FORTIFY_SOURCE=2 -O2 -funroll-loops -fomit-frame-pointer -ftree-vectorize   -DCOMMAND_LINE  -g -O2 -fdebug-prefix-map=/<<BUILDDIR>>/progressivemauve-1.2.0+4713+dfsg=. -fstack-protector-strong -Wformat -Werror=format-security -c -o toRawSequence.o toRawSequence.cpp
g++ -DHAVE_CONFIG_H -I. -I/usr/include/libMems-1.6 -I/usr/include/libGenome-1.3 -I/usr/include/libMUSCLE-3.7      -Wdate-time -D_FORTIFY_SOURCE=2 -O2 -funroll-loops -fomit-frame-pointer -ftree-vectorize   -DCOMMAND_LINE  -g -O2 -fdebug-prefix-map=/<<BUILDDIR>>/progressivemauve-1.2.0+4713+dfsg=. -fstack-protector-strong -Wformat -Werror=format-security -c -o mfa2xmfa.o mfa2xmfa.cpp
g++ -DHAVE_CONFIG_H -I. -I/usr/include/libMems-1.6 -I/usr/include/libGenome-1.3 -I/usr/include/libMUSCLE-3.7      -Wdate-time -D_FORTIFY_SOURCE=2 -O2 -funroll-loops -fomit-frame-pointer -ftree-vectorize   -DCOMMAND_LINE  -g -O2 -fdebug-prefix-map=/<<BUILDDIR>>/progressivemauve-1.2.0+4713+dfsg=. -fstack-protector-strong -Wformat -Werror=format-security -c -o addUnalignedIntervals.o addUnalignedIntervals.cpp
g++ -DHAVE_CONFIG_H -I. -I/usr/include/libMems-1.6 -I/usr/include/libGenome-1.3 -I/usr/include/libMUSCLE-3.7      -Wdate-time -D_FORTIFY_SOURCE=2 -O2 -funroll-loops -fomit-frame-pointer -ftree-vectorize   -DCOMMAND_LINE  -g -O2 -fdebug-prefix-map=/<<BUILDDIR>>/progressivemauve-1.2.0+4713+dfsg=. -fstack-protector-strong -Wformat -Werror=format-security -c -o toMultiFastA.o toMultiFastA.cpp
g++ -DHAVE_CONFIG_H -I. -I/usr/include/libMems-1.6 -I/usr/include/libGenome-1.3 -I/usr/include/libMUSCLE-3.7      -Wdate-time -D_FORTIFY_SOURCE=2 -O2 -funroll-loops -fomit-frame-pointer -ftree-vectorize   -DCOMMAND_LINE  -g -O2 -fdebug-prefix-map=/<<BUILDDIR>>/progressivemauve-1.2.0+4713+dfsg=. -fstack-protector-strong -Wformat -Werror=format-security -c -o getAlignmentWindows.o getAlignmentWindows.cpp
g++ -DHAVE_CONFIG_H -I. -I/usr/include/libMems-1.6 -I/usr/include/libGenome-1.3 -I/usr/include/libMUSCLE-3.7      -Wdate-time -D_FORTIFY_SOURCE=2 -O2 -funroll-loops -fomit-frame-pointer -ftree-vectorize   -DCOMMAND_LINE  -g -O2 -fdebug-prefix-map=/<<BUILDDIR>>/progressivemauve-1.2.0+4713+dfsg=. -fstack-protector-strong -Wformat -Werror=format-security -c -o uniquifyTrees.o uniquifyTrees.cpp
g++ -DHAVE_CONFIG_H -I. -I/usr/include/libMems-1.6 -I/usr/include/libGenome-1.3 -I/usr/include/libMUSCLE-3.7      -Wdate-time -D_FORTIFY_SOURCE=2 -O2 -funroll-loops -fomit-frame-pointer -ftree-vectorize   -DCOMMAND_LINE  -g -O2 -fdebug-prefix-map=/<<BUILDDIR>>/progressivemauve-1.2.0+4713+dfsg=. -fstack-protector-strong -Wformat -Werror=format-security -c -o toGrimmFormat.o toGrimmFormat.cpp
g++ -DHAVE_CONFIG_H -I. -I/usr/include/libMems-1.6 -I/usr/include/libGenome-1.3 -I/usr/include/libMUSCLE-3.7      -Wdate-time -D_FORTIFY_SOURCE=2 -O2 -funroll-loops -fomit-frame-pointer -ftree-vectorize   -DCOMMAND_LINE  -g -O2 -fdebug-prefix-map=/<<BUILDDIR>>/progressivemauve-1.2.0+4713+dfsg=. -fstack-protector-strong -Wformat -Werror=format-security -c -o mauveToXMFA.o mauveToXMFA.cpp
g++ -DHAVE_CONFIG_H -I. -I/usr/include/libMems-1.6 -I/usr/include/libGenome-1.3 -I/usr/include/libMUSCLE-3.7      -Wdate-time -D_FORTIFY_SOURCE=2 -O2 -funroll-loops -fomit-frame-pointer -ftree-vectorize   -DCOMMAND_LINE  -g -O2 -fdebug-prefix-map=/<<BUILDDIR>>/progressivemauve-1.2.0+4713+dfsg=. -fstack-protector-strong -Wformat -Werror=format-security -c -o stripGapColumns.o stripGapColumns.cpp
g++ -DHAVE_CONFIG_H -I. -I/usr/include/libMems-1.6 -I/usr/include/libGenome-1.3 -I/usr/include/libMUSCLE-3.7      -Wdate-time -D_FORTIFY_SOURCE=2 -O2 -funroll-loops -fomit-frame-pointer -ftree-vectorize   -DCOMMAND_LINE  -g -O2 -fdebug-prefix-map=/<<BUILDDIR>>/progressivemauve-1.2.0+4713+dfsg=. -fstack-protector-strong -Wformat -Werror=format-security -c -o progressiveMauve.o progressiveMauve.cpp
g++ -DHAVE_CONFIG_H -I. -I/usr/include/libMems-1.6 -I/usr/include/libGenome-1.3 -I/usr/include/libMUSCLE-3.7      -Wdate-time -D_FORTIFY_SOURCE=2 -O2 -funroll-loops -fomit-frame-pointer -ftree-vectorize   -DCOMMAND_LINE  -g -O2 -fdebug-prefix-map=/<<BUILDDIR>>/progressivemauve-1.2.0+4713+dfsg=. -fstack-protector-strong -Wformat -Werror=format-security -c -o UniqueMatchFinder.o UniqueMatchFinder.cpp
g++ -DHAVE_CONFIG_H -I. -I/usr/include/libMems-1.6 -I/usr/include/libGenome-1.3 -I/usr/include/libMUSCLE-3.7      -Wdate-time -D_FORTIFY_SOURCE=2 -O2 -funroll-loops -fomit-frame-pointer -ftree-vectorize   -DCOMMAND_LINE  -g -O2 -fdebug-prefix-map=/<<BUILDDIR>>/progressivemauve-1.2.0+4713+dfsg=. -fstack-protector-strong -Wformat -Werror=format-security -c -o extractBCITrees.o extractBCITrees.cpp
g++ -DHAVE_CONFIG_H -I. -I/usr/include/libMems-1.6 -I/usr/include/libGenome-1.3 -I/usr/include/libMUSCLE-3.7      -Wdate-time -D_FORTIFY_SOURCE=2 -O2 -funroll-loops -fomit-frame-pointer -ftree-vectorize   -DCOMMAND_LINE  -g -O2 -fdebug-prefix-map=/<<BUILDDIR>>/progressivemauve-1.2.0+4713+dfsg=. -fstack-protector-strong -Wformat -Werror=format-security -c -o createBackboneMFA.o createBackboneMFA.cpp
g++ -DHAVE_CONFIG_H -I. -I/usr/include/libMems-1.6 -I/usr/include/libGenome-1.3 -I/usr/include/libMUSCLE-3.7      -Wdate-time -D_FORTIFY_SOURCE=2 -O2 -funroll-loops -fomit-frame-pointer -ftree-vectorize   -DCOMMAND_LINE  -g -O2 -fdebug-prefix-map=/<<BUILDDIR>>/progressivemauve-1.2.0+4713+dfsg=. -fstack-protector-strong -Wformat -Werror=format-security -c -o repeatoire.o repeatoire.cpp
g++ -DHAVE_CONFIG_H -I. -I/usr/include/libMems-1.6 -I/usr/include/libGenome-1.3 -I/usr/include/libMUSCLE-3.7      -Wdate-time -D_FORTIFY_SOURCE=2 -O2 -funroll-loops -fomit-frame-pointer -ftree-vectorize   -DCOMMAND_LINE  -g -O2 -fdebug-prefix-map=/<<BUILDDIR>>/progressivemauve-1.2.0+4713+dfsg=. -fstack-protector-strong -Wformat -Werror=format-security -c -o alignmentProjector.o alignmentProjector.cpp
g++ -DHAVE_CONFIG_H -I. -I/usr/include/libMems-1.6 -I/usr/include/libGenome-1.3 -I/usr/include/libMUSCLE-3.7      -Wdate-time -D_FORTIFY_SOURCE=2 -O2 -funroll-loops -fomit-frame-pointer -ftree-vectorize   -DCOMMAND_LINE  -g -O2 -fdebug-prefix-map=/<<BUILDDIR>>/progressivemauve-1.2.0+4713+dfsg=. -fstack-protector-strong -Wformat -Werror=format-security -c -o stripSubsetLCBs.o stripSubsetLCBs.cpp
In file included from repeatoire.cpp:3:
/usr/include/libMems-1.6/libMems/CompactGappedAlignment.h:811:6: error: 'swap<mems::CompactGappedAlignment<mems::AbstractGappedAlignment<mems::HybridAbstractMatch<2, std::allocator<long long>, std::allocator<unsigned int> > > > >' is missing exception specification 'noexcept(__and_<is_nothrow_move_constructible<CompactGappedAlignment<AbstractGappedAlignment<HybridAbstractMatch<2, allocator<long long>, allocator<unsigned int> > > > >, is_nothrow_move_assignable<CompactGappedAlignment<AbstractGappedAlignment<HybridAbstractMatch<2, allocator<long long>, allocator<unsigned int> > > > > >::value)'
void swap( mems::CompactGappedAlignment<>& a, mems::CompactGappedAlignment<>& b )
     ^
                                                                                  noexcept(__and_<is_nothrow_move_constructible<CompactGappedAlignment<AbstractGappedAlignment<HybridAbstractMatch<2, allocator<long long>, allocator<unsigned int> > > > >, is_nothrow_move_assignable<CompactGappedAlignment<AbstractGappedAlignment<HybridAbstractMatch<2, allocator<long long>, allocator<unsigned int> > > > > >::value)
/usr/include/libMems-1.6/libMems/CompactGappedAlignment.h:811:6: note: previous declaration is here
In file included from mauveToXMFA.cpp:1:
In file included from /usr/include/libMems-1.6/libMems/IntervalList.h:24:
/usr/include/libMems-1.6/libMems/CompactGappedAlignment.h:811:6: error: 'swap<mems::CompactGappedAlignment<mems::AbstractGappedAlignment<mems::HybridAbstractMatch<2, std::allocator<long long>, std::allocator<unsigned int> > > > >' is missing exception specification 'noexcept(__and_<is_nothrow_move_constructible<CompactGappedAlignment<AbstractGappedAlignment<HybridAbstractMatch<2, allocator<long long>, allocator<unsigned int> > > > >, is_nothrow_move_assignable<CompactGappedAlignment<AbstractGappedAlignment<HybridAbstractMatch<2, allocator<long long>, allocator<unsigned int> > > > > >::value)'
void swap( mems::CompactGappedAlignment<>& a, mems::CompactGappedAlignment<>& b )
     ^
                                                                                  noexcept(__and_<is_nothrow_move_constructible<CompactGappedAlignment<AbstractGappedAlignment<HybridAbstractMatch<2, allocator<long long>, allocator<unsigned int> > > > >, is_nothrow_move_assignable<CompactGappedAlignment<AbstractGappedAlignment<HybridAbstractMatch<2, allocator<long long>, allocator<unsigned int> > > > > >::value)
/usr/include/libMems-1.6/libMems/CompactGappedAlignment.h:811:6: note: previous declaration is here
In file included from getAlignmentWindows.cpp:13:
In file included from /usr/include/libMems-1.6/libMems/IntervalList.h:24:
/usr/include/libMems-1.6/libMems/CompactGappedAlignment.h:811:6: error: 'swap<mems::CompactGappedAlignment<mems::AbstractGappedAlignment<mems::HybridAbstractMatch<2, std::allocator<long long>, std::allocator<unsigned int> > > > >' is missing exception specification 'noexcept(__and_<is_nothrow_move_constructible<CompactGappedAlignment<AbstractGappedAlignment<HybridAbstractMatch<2, allocator<long long>, allocator<unsigned int> > > > >, is_nothrow_move_assignable<CompactGappedAlignment<AbstractGappedAlignment<HybridAbstractMatch<2, allocator<long long>, allocator<unsigned int> > > > > >::value)'
void swap( mems::CompactGappedAlignment<>& a, mems::CompactGappedAlignment<>& b )
     ^
                                                                                  noexcept(__and_<is_nothrow_move_constructible<CompactGappedAlignment<AbstractGappedAlignment<HybridAbstractMatch<2, allocator<long long>, allocator<unsigned int> > > > >, is_nothrow_move_assignable<CompactGappedAlignment<AbstractGappedAlignment<HybridAbstractMatch<2, allocator<long long>, allocator<unsigned int> > > > > >::value)
/usr/include/libMems-1.6/libMems/CompactGappedAlignment.h:811:6: note: previous declaration is here
In file included from scoreAlignment.cpp:18:
In file included from /usr/include/libMems-1.6/libMems/IntervalList.h:24:
/usr/include/libMems-1.6/libMems/CompactGappedAlignment.h:811:6: error: 'swap<mems::CompactGappedAlignment<mems::AbstractGappedAlignment<mems::HybridAbstractMatch<2, std::allocator<long long>, std::allocator<unsigned int> > > > >' is missing exception specification 'noexcept(__and_<is_nothrow_move_constructible<CompactGappedAlignment<AbstractGappedAlignment<HybridAbstractMatch<2, allocator<long long>, allocator<unsigned int> > > > >, is_nothrow_move_assignable<CompactGappedAlignment<AbstractGappedAlignment<HybridAbstractMatch<2, allocator<long long>, allocator<unsigned int> > > > > >::value)'
void swap( mems::CompactGappedAlignment<>& a, mems::CompactGappedAlignment<>& b )
     ^
                                                                                  noexcept(__and_<is_nothrow_move_constructible<CompactGappedAlignment<AbstractGappedAlignment<HybridAbstractMatch<2, allocator<long long>, allocator<unsigned int> > > > >, is_nothrow_move_assignable<CompactGappedAlignment<AbstractGappedAlignment<HybridAbstractMatch<2, allocator<long long>, allocator<unsigned int> > > > > >::value)
/usr/include/libMems-1.6/libMems/CompactGappedAlignment.h:811:6: note: previous declaration is here
In file included from toGrimmFormat.cpp:1:
In file included from /usr/include/libMems-1.6/libMems/IntervalList.h:24:
/usr/include/libMems-1.6/libMems/CompactGappedAlignment.h:811:6: error: 'swap<mems::CompactGappedAlignment<mems::AbstractGappedAlignment<mems::HybridAbstractMatch<2, std::allocator<long long>, std::allocator<unsigned int> > > > >' is missing exception specification 'noexcept(__and_<is_nothrow_move_constructible<CompactGappedAlignment<AbstractGappedAlignment<HybridAbstractMatch<2, allocator<long long>, allocator<unsigned int> > > > >, is_nothrow_move_assignable<CompactGappedAlignment<AbstractGappedAlignment<HybridAbstractMatch<2, allocator<long long>, allocator<unsigned int> > > > > >::value)'
void swap( mems::CompactGappedAlignment<>& a, mems::CompactGappedAlignment<>& b )
     ^
                                                                                  noexcept(__and_<is_nothrow_move_constructible<CompactGappedAlignment<AbstractGappedAlignment<HybridAbstractMatch<2, allocator<long long>, allocator<unsigned int> > > > >, is_nothrow_move_assignable<CompactGappedAlignment<AbstractGappedAlignment<HybridAbstractMatch<2, allocator<long long>, allocator<unsigned int> > > > > >::value)
/usr/include/libMems-1.6/libMems/CompactGappedAlignment.h:811:6: note: previous declaration is here
In file included from addUnalignedIntervals.cpp:2:
In file included from /usr/include/libMems-1.6/libMems/Islands.h:18:
In file included from /usr/include/libMems-1.6/libMems/IntervalList.h:24:
/usr/include/libMems-1.6/libMems/CompactGappedAlignment.h:811:6: error: 'swap<mems::CompactGappedAlignment<mems::AbstractGappedAlignment<mems::HybridAbstractMatch<2, std::allocator<long long>, std::allocator<unsigned int> > > > >' is missing exception specification 'noexcept(__and_<is_nothrow_move_constructible<CompactGappedAlignment<AbstractGappedAlignment<HybridAbstractMatch<2, allocator<long long>, allocator<unsigned int> > > > >, is_nothrow_move_assignable<CompactGappedAlignment<AbstractGappedAlignment<HybridAbstractMatch<2, allocator<long long>, allocator<unsigned int> > > > > >::value)'
void swap( mems::CompactGappedAlignment<>& a, mems::CompactGappedAlignment<>& b )
     ^
                                                                                  noexcept(__and_<is_nothrow_move_constructible<CompactGappedAlignment<AbstractGappedAlignment<HybridAbstractMatch<2, allocator<long long>, allocator<unsigned int> > > > >, is_nothrow_move_assignable<CompactGappedAlignment<AbstractGappedAlignment<HybridAbstractMatch<2, allocator<long long>, allocator<unsigned int> > > > > >::value)
/usr/include/libMems-1.6/libMems/CompactGappedAlignment.h:811:6: note: previous declaration is here
In file included from mauveAligner.cpp:24:
In file included from /usr/include/libMems-1.6/libMems/Aligner.h:21:
In file included from /usr/include/libMems-1.6/libMems/IntervalList.h:24:
/usr/include/libMems-1.6/libMems/CompactGappedAlignment.h:811:6: error: 'swap<mems::CompactGappedAlignment<mems::AbstractGappedAlignment<mems::HybridAbstractMatch<2, std::allocator<long long>, std::allocator<unsigned int> > > > >' is missing exception specification 'noexcept(__and_<is_nothrow_move_constructible<CompactGappedAlignment<AbstractGappedAlignment<HybridAbstractMatch<2, allocator<long long>, allocator<unsigned int> > > > >, is_nothrow_move_assignable<CompactGappedAlignment<AbstractGappedAlignment<HybridAbstractMatch<2, allocator<long long>, allocator<unsigned int> > > > > >::value)'
void swap( mems::CompactGappedAlignment<>& a, mems::CompactGappedAlignment<>& b )
     ^
                                                                                  noexcept(__and_<is_nothrow_move_constructible<CompactGappedAlignment<AbstractGappedAlignment<HybridAbstractMatch<2, allocator<long long>, allocator<unsigned int> > > > >, is_nothrow_move_assignable<CompactGappedAlignment<AbstractGappedAlignment<HybridAbstractMatch<2, allocator<long long>, allocator<unsigned int> > > > > >::value)
/usr/include/libMems-1.6/libMems/CompactGappedAlignment.h:811:6: note: previous declaration is here
In file included from stripGapColumns.cpp:1:
In file included from /usr/include/libMems-1.6/libMems/IntervalList.h:24:
/usr/include/libMems-1.6/libMems/CompactGappedAlignment.h:811:6: error: 'swap<mems::CompactGappedAlignment<mems::AbstractGappedAlignment<mems::HybridAbstractMatch<2, std::allocator<long long>, std::allocator<unsigned int> > > > >' is missing exception specification 'noexcept(__and_<is_nothrow_move_constructible<CompactGappedAlignment<AbstractGappedAlignment<HybridAbstractMatch<2, allocator<long long>, allocator<unsigned int> > > > >, is_nothrow_move_assignable<CompactGappedAlignment<AbstractGappedAlignment<HybridAbstractMatch<2, allocator<long long>, allocator<unsigned int> > > > > >::value)'
void swap( mems::CompactGappedAlignment<>& a, mems::CompactGappedAlignment<>& b )
     ^
                                                                                  noexcept(__and_<is_nothrow_move_constructible<CompactGappedAlignment<AbstractGappedAlignment<HybridAbstractMatch<2, allocator<long long>, allocator<unsigned int> > > > >, is_nothrow_move_assignable<CompactGappedAlignment<AbstractGappedAlignment<HybridAbstractMatch<2, allocator<long long>, allocator<unsigned int> > > > > >::value)
/usr/include/libMems-1.6/libMems/CompactGappedAlignment.h:811:6: note: previous declaration is here
In file included from createBackboneMFA.cpp:2:
In file included from /usr/include/libMems-1.6/libMems/Islands.h:18:
In file included from /usr/include/libMems-1.6/libMems/IntervalList.h:24:
/usr/include/libMems-1.6/libMems/CompactGappedAlignment.h:811:6: error: 'swap<mems::CompactGappedAlignment<mems::AbstractGappedAlignment<mems::HybridAbstractMatch<2, std::allocator<long long>, std::allocator<unsigned int> > > > >' is missing exception specification 'noexcept(__and_<is_nothrow_move_constructible<CompactGappedAlignment<AbstractGappedAlignment<HybridAbstractMatch<2, allocator<long long>, allocator<unsigned int> > > > >, is_nothrow_move_assignable<CompactGappedAlignment<AbstractGappedAlignment<HybridAbstractMatch<2, allocator<long long>, allocator<unsigned int> > > > > >::value)'
void swap( mems::CompactGappedAlignment<>& a, mems::CompactGappedAlignment<>& b )
     ^
                                                                                  noexcept(__and_<is_nothrow_move_constructible<CompactGappedAlignment<AbstractGappedAlignment<HybridAbstractMatch<2, allocator<long long>, allocator<unsigned int> > > > >, is_nothrow_move_assignable<CompactGappedAlignment<AbstractGappedAlignment<HybridAbstractMatch<2, allocator<long long>, allocator<unsigned int> > > > > >::value)
/usr/include/libMems-1.6/libMems/CompactGappedAlignment.h:811:6: note: previous declaration is here
In file included from progressiveMauve.cpp:24:
In file included from /usr/include/libMems-1.6/libMems/IntervalList.h:24:
/usr/include/libMems-1.6/libMems/CompactGappedAlignment.h:811:6: error: 'swap<mems::CompactGappedAlignment<mems::AbstractGappedAlignment<mems::HybridAbstractMatch<2, std::allocator<long long>, std::allocator<unsigned int> > > > >' is missing exception specification 'noexcept(__and_<is_nothrow_move_constructible<CompactGappedAlignment<AbstractGappedAlignment<HybridAbstractMatch<2, allocator<long long>, allocator<unsigned int> > > > >, is_nothrow_move_assignable<CompactGappedAlignment<AbstractGappedAlignment<HybridAbstractMatch<2, allocator<long long>, allocator<unsigned int> > > > > >::value)'
void swap( mems::CompactGappedAlignment<>& a, mems::CompactGappedAlignment<>& b )
     ^
                                                                                  noexcept(__and_<is_nothrow_move_constructible<CompactGappedAlignment<AbstractGappedAlignment<HybridAbstractMatch<2, allocator<long long>, allocator<unsigned int> > > > >, is_nothrow_move_assignable<CompactGappedAlignment<AbstractGappedAlignment<HybridAbstractMatch<2, allocator<long long>, allocator<unsigned int> > > > > >::value)
/usr/include/libMems-1.6/libMems/CompactGappedAlignment.h:811:6: note: previous declaration is here
In file included from toMultiFastA.cpp:2:
In file included from /usr/include/libMems-1.6/libMems/Islands.h:18:
In file included from /usr/include/libMems-1.6/libMems/IntervalList.h:24:
/usr/include/libMems-1.6/libMems/CompactGappedAlignment.h:811:6: error: 'swap<mems::CompactGappedAlignment<mems::AbstractGappedAlignment<mems::HybridAbstractMatch<2, std::allocator<long long>, std::allocator<unsigned int> > > > >' is missing exception specification 'noexcept(__and_<is_nothrow_move_constructible<CompactGappedAlignment<AbstractGappedAlignment<HybridAbstractMatch<2, allocator<long long>, allocator<unsigned int> > > > >, is_nothrow_move_assignable<CompactGappedAlignment<AbstractGappedAlignment<HybridAbstractMatch<2, allocator<long long>, allocator<unsigned int> > > > > >::value)'
void swap( mems::CompactGappedAlignment<>& a, mems::CompactGappedAlignment<>& b )
     ^
                                                                                  noexcept(__and_<is_nothrow_move_constructible<CompactGappedAlignment<AbstractGappedAlignment<HybridAbstractMatch<2, allocator<long long>, allocator<unsigned int> > > > >, is_nothrow_move_assignable<CompactGappedAlignment<AbstractGappedAlignment<HybridAbstractMatch<2, allocator<long long>, allocator<unsigned int> > > > > >::value)
/usr/include/libMems-1.6/libMems/CompactGappedAlignment.h:811:6: note: previous declaration is here
In file included from getAlignmentWindows.cpp:14:
In file included from /usr/include/libMems-1.6/libMems/Islands.h:25:
In file included from /usr/include/libMems-1.6/libMems/HomologyHMM/homology.h:27:
In file included from /usr/include/libMems-1.6/libMems/HomologyHMM/dptables.h:43:
In file included from /usr/bin/../lib/gcc/x86_64-linux-gnu/7.3.0/../../../../include/c++/7.3.0/ext/hash_map:60:
/usr/bin/../lib/gcc/x86_64-linux-gnu/7.3.0/../../../../include/c++/7.3.0/backward/backward_warning.h:32:2: warning: This file includes at least one deprecated or antiquated header which   may be removed without further notice at a future date. Please use a   non-deprecated interface with equivalent functionality instead. For a   listing of replacement headers and interfaces, consult the file   backward_warning.h. To disable this warning use -Wno-deprecated. [-W#warnings]
#warning \
 ^
In file included from getAlignmentWindows.cpp:14:
In file included from /usr/include/libMems-1.6/libMems/Islands.h:25:
In file included from /usr/include/libMems-1.6/libMems/HomologyHMM/homology.h:28:
/usr/include/libMems-1.6/libMems/HomologyHMM/algebras.h:190:5: warning: 'register' storage class specifier is deprecated and incompatible with C++17 [-Wdeprecated-register]
    register BFloat a( 0.0, 0 );
    ^~~~~~~~~
/usr/include/libMems-1.6/libMems/HomologyHMM/algebras.h:209:3: warning: 'register' storage class specifier is deprecated and incompatible with C++17 [-Wdeprecated-register]
  register BFloat sf(a.f*b.f,a.e+b.e); 
  ^~~~~~~~~
/usr/include/libMems-1.6/libMems/HomologyHMM/algebras.h:216:3: warning: 'register' storage class specifier is deprecated and incompatible with C++17 [-Wdeprecated-register]
  register double mantisse = a.f*b;
  ^~~~~~~~~
/usr/include/libMems-1.6/libMems/HomologyHMM/algebras.h:229:3: warning: 'register' storage class specifier is deprecated and incompatible with C++17 [-Wdeprecated-register]
  register double mantisse = a.f*b;
  ^~~~~~~~~
/usr/include/libMems-1.6/libMems/HomologyHMM/algebras.h:236:3: warning: 'register' storage class specifier is deprecated and incompatible with C++17 [-Wdeprecated-register]
  register BFloat sf(a.f/b.f, a.e-b.e); 
  ^~~~~~~~~
In file included from addUnalignedIntervals.cpp:2:
In file included from /usr/include/libMems-1.6/libMems/Islands.h:25:
In file included from /usr/include/libMems-1.6/libMems/HomologyHMM/homology.h:27:
In file included from /usr/include/libMems-1.6/libMems/HomologyHMM/dptables.h:43:
In file included from /usr/bin/../lib/gcc/x86_64-linux-gnu/7.3.0/../../../../include/c++/7.3.0/ext/hash_map:60:
/usr/bin/../lib/gcc/x86_64-linux-gnu/7.3.0/../../../../include/c++/7.3.0/backward/backward_warning.h:32:2: warning: This file includes at least one deprecated or antiquated header which   may be removed without further notice at a future date. Please use a   non-deprecated interface with equivalent functionality instead. For a   listing of replacement headers and interfaces, consult the file   backward_warning.h. To disable this warning use -Wno-deprecated. [-W#warnings]
#warning \
 ^
In file included from mauveAligner.cpp:30:
In file included from /usr/include/libMems-1.6/libMems/Islands.h:25:
In file included from /usr/include/libMems-1.6/libMems/HomologyHMM/homology.h:27:
In file included from /usr/include/libMems-1.6/libMems/HomologyHMM/dptables.h:43:
In file included from /usr/bin/../lib/gcc/x86_64-linux-gnu/7.3.0/../../../../include/c++/7.3.0/ext/hash_map:60:
/usr/bin/../lib/gcc/x86_64-linux-gnu/7.3.0/../../../../include/c++/7.3.0/backward/backward_warning.h:32:2: warning: This file includes at least one deprecated or antiquated header which   may be removed without further notice at a future date. Please use a   non-deprecated interface with equivalent functionality instead. For a   listing of replacement headers and interfaces, consult the file   backward_warning.h. To disable this warning use -Wno-deprecated. [-W#warnings]
#warning \
 ^
In file included from createBackboneMFA.cpp:2:
In file included from /usr/include/libMems-1.6/libMems/Islands.h:25:
In file included from /usr/include/libMems-1.6/libMems/HomologyHMM/homology.h:27:
In file included from /usr/include/libMems-1.6/libMems/HomologyHMM/dptables.h:43:
In file included from /usr/bin/../lib/gcc/x86_64-linux-gnu/7.3.0/../../../../include/c++/7.3.0/ext/hash_map:60:
/usr/bin/../lib/gcc/x86_64-linux-gnu/7.3.0/../../../../include/c++/7.3.0/backward/backward_warning.h:32:2: warning: This file includes at least one deprecated or antiquated header which   may be removed without further notice at a future date. Please use a   non-deprecated interface with equivalent functionality instead. For a   listing of replacement headers and interfaces, consult the file   backward_warning.h. To disable this warning use -Wno-deprecated. [-W#warnings]
#warning \
 ^
In file included from progressiveMauve.cpp:26:
In file included from /usr/include/libMems-1.6/libMems/Islands.h:25:
In file included from /usr/include/libMems-1.6/libMems/HomologyHMM/homology.h:27:
In file included from /usr/include/libMems-1.6/libMems/HomologyHMM/dptables.h:43:
In file included from /usr/bin/../lib/gcc/x86_64-linux-gnu/7.3.0/../../../../include/c++/7.3.0/ext/hash_map:60:
/usr/bin/../lib/gcc/x86_64-linux-gnu/7.3.0/../../../../include/c++/7.3.0/backward/backward_warning.h:32:2: warning: This file includes at least one deprecated or antiquated header which   may be removed without further notice at a future date. Please use a   non-deprecated interface with equivalent functionality instead. For a   listing of replacement headers and interfaces, consult the file   backward_warning.h. To disable this warning use -Wno-deprecated. [-W#warnings]
#warning \
 ^
In file included from addUnalignedIntervals.cpp:2:
In file included from /usr/include/libMems-1.6/libMems/Islands.h:25:
In file included from /usr/include/libMems-1.6/libMems/HomologyHMM/homology.h:28:
/usr/include/libMems-1.6/libMems/HomologyHMM/algebras.h:190:5: warning: 'register' storage class specifier is deprecated and incompatible with C++17 [-Wdeprecated-register]
    register BFloat a( 0.0, 0 );
    ^~~~~~~~~
/usr/include/libMems-1.6/libMems/HomologyHMM/algebras.h:209:3: warning: 'register' storage class specifier is deprecated and incompatible with C++17 [-Wdeprecated-register]
  register BFloat sf(a.f*b.f,a.e+b.e); 
  ^~~~~~~~~
/usr/include/libMems-1.6/libMems/HomologyHMM/algebras.h:216:3: warning: 'register' storage class specifier is deprecated and incompatible with C++17 [-Wdeprecated-register]
  register double mantisse = a.f*b;
  ^~~~~~~~~
/usr/include/libMems-1.6/libMems/HomologyHMM/algebras.h:229:3: warning: 'register' storage class specifier is deprecated and incompatible with C++17 [-Wdeprecated-register]
  register double mantisse = a.f*b;
  ^~~~~~~~~
/usr/include/libMems-1.6/libMems/HomologyHMM/algebras.h:236:3: warning: 'register' storage class specifier is deprecated and incompatible with C++17 [-Wdeprecated-register]
  register BFloat sf(a.f/b.f, a.e-b.e); 
  ^~~~~~~~~
1 error generated.
In file included from mauveAligner.cpp:30:
In file included from /usr/include/libMems-1.6/libMems/Islands.h:25:
In file included from /usr/include/libMems-1.6/libMems/HomologyHMM/homology.h:28:
/usr/include/libMems-1.6/libMems/HomologyHMM/algebras.h:190:5: warning: 'register' storage class specifier is deprecated and incompatible with C++17 [-Wdeprecated-register]
    register BFloat a( 0.0, 0 );
    ^~~~~~~~~
/usr/include/libMems-1.6/libMems/HomologyHMM/algebras.h:209:3: warning: 'register' storage class specifier is deprecated and incompatible with C++17 [-Wdeprecated-register]
  register BFloat sf(a.f*b.f,a.e+b.e); 
  ^~~~~~~~~
/usr/include/libMems-1.6/libMems/HomologyHMM/algebras.h:216:3: warning: 'register' storage class specifier is deprecated and incompatible with C++17 [-Wdeprecated-register]
  register double mantisse = a.f*b;
  ^~~~~~~~~
/usr/include/libMems-1.6/libMems/HomologyHMM/algebras.h:229:3: warning: 'register' storage class specifier is deprecated and incompatible with C++17 [-Wdeprecated-register]
  register double mantisse = a.f*b;
  ^~~~~~~~~
/usr/include/libMems-1.6/libMems/HomologyHMM/algebras.h:236:3: warning: 'register' storage class specifier is deprecated and incompatible with C++17 [-Wdeprecated-register]
  register BFloat sf(a.f/b.f, a.e-b.e); 
  ^~~~~~~~~
Makefile:1033: recipe for target 'mauveToXMFA.o' failed
make[3]: *** [mauveToXMFA.o] Error 1
make[3]: *** Waiting for unfinished jobs....
In file included from createBackboneMFA.cpp:2:
In file included from /usr/include/libMems-1.6/libMems/Islands.h:25:
In file included from /usr/include/libMems-1.6/libMems/HomologyHMM/homology.h:28:
/usr/include/libMems-1.6/libMems/HomologyHMM/algebras.h:190:5: warning: 'register' storage class specifier is deprecated and incompatible with C++17 [-Wdeprecated-register]
    register BFloat a( 0.0, 0 );
    ^~~~~~~~~
/usr/include/libMems-1.6/libMems/HomologyHMM/algebras.h:209:3: warning: 'register' storage class specifier is deprecated and incompatible with C++17 [-Wdeprecated-register]
  register BFloat sf(a.f*b.f,a.e+b.e); 
  ^~~~~~~~~
/usr/include/libMems-1.6/libMems/HomologyHMM/algebras.h:216:3: warning: 'register' storage class specifier is deprecated and incompatible with C++17 [-Wdeprecated-register]
  register double mantisse = a.f*b;
  ^~~~~~~~~
/usr/include/libMems-1.6/libMems/HomologyHMM/algebras.h:229:3: warning: 'register' storage class specifier is deprecated and incompatible with C++17 [-Wdeprecated-register]
  register double mantisse = a.f*b;
  ^~~~~~~~~
/usr/include/libMems-1.6/libMems/HomologyHMM/algebras.h:236:3: warning: 'register' storage class specifier is deprecated and incompatible with C++17 [-Wdeprecated-register]
  register BFloat sf(a.f/b.f, a.e-b.e); 
  ^~~~~~~~~
In file included from progressiveMauve.cpp:26:
In file included from /usr/include/libMems-1.6/libMems/Islands.h:25:
In file included from /usr/include/libMems-1.6/libMems/HomologyHMM/homology.h:28:
/usr/include/libMems-1.6/libMems/HomologyHMM/algebras.h:190:5: warning: 'register' storage class specifier is deprecated and incompatible with C++17 [-Wdeprecated-register]
    register BFloat a( 0.0, 0 );
    ^~~~~~~~~
/usr/include/libMems-1.6/libMems/HomologyHMM/algebras.h:209:3: warning: 'register' storage class specifier is deprecated and incompatible with C++17 [-Wdeprecated-register]
  register BFloat sf(a.f*b.f,a.e+b.e); 
  ^~~~~~~~~
/usr/include/libMems-1.6/libMems/HomologyHMM/algebras.h:216:3: warning: 'register' storage class specifier is deprecated and incompatible with C++17 [-Wdeprecated-register]
  register double mantisse = a.f*b;
  ^~~~~~~~~
/usr/include/libMems-1.6/libMems/HomologyHMM/algebras.h:229:3: warning: 'register' storage class specifier is deprecated and incompatible with C++17 [-Wdeprecated-register]
  register double mantisse = a.f*b;
  ^~~~~~~~~
/usr/include/libMems-1.6/libMems/HomologyHMM/algebras.h:236:3: warning: 'register' storage class specifier is deprecated and incompatible with C++17 [-Wdeprecated-register]
  register BFloat sf(a.f/b.f, a.e-b.e); 
  ^~~~~~~~~
In file included from mauveAligner.cpp:32:
/usr/include/libMems-1.6/libMems/DistanceMatrix.h:244:7: warning: add explicit braces to avoid dangling else [-Wdangling-else]
                                                else
                                                ^
/usr/include/libMems-1.6/libMems/DistanceMatrix.h:249:7: warning: add explicit braces to avoid dangling else [-Wdangling-else]
                                                else
                                                ^
mauveAligner.cpp:413:48: warning: expansion of date or time macro is not reproducible [-Wdate-time]
                cerr << "mauveAligner " << " build date " << __DATE__ << " at " << __TIME__ << endl;
                                                             ^
mauveAligner.cpp:413:70: warning: expansion of date or time macro is not reproducible [-Wdate-time]
                cerr << "mauveAligner " << " build date " << __DATE__ << " at " << __TIME__ << endl;
                                                                                   ^
1 error generated.
1 error generated.
Makefile:1033: recipe for target 'scoreAlignment.o' failed
make[3]: *** [scoreAlignment.o] Error 1
Makefile:1033: recipe for target 'stripGapColumns.o' failed
make[3]: *** [stripGapColumns.o] Error 1
progressiveMauve.cpp:417:52: warning: expansion of date or time macro is not reproducible [-Wdate-time]
                cerr << "progressiveMauve " << " build date " << __DATE__ << " at " << __TIME__ << endl;
                                                                 ^
progressiveMauve.cpp:417:74: warning: expansion of date or time macro is not reproducible [-Wdate-time]
                cerr << "progressiveMauve " << " build date " << __DATE__ << " at " << __TIME__ << endl;
                                                                                       ^
In file included from toMultiFastA.cpp:2:
In file included from /usr/include/libMems-1.6/libMems/Islands.h:25:
In file included from /usr/include/libMems-1.6/libMems/HomologyHMM/homology.h:27:
In file included from /usr/include/libMems-1.6/libMems/HomologyHMM/dptables.h:43:
In file included from /usr/bin/../lib/gcc/x86_64-linux-gnu/7.3.0/../../../../include/c++/7.3.0/ext/hash_map:60:
/usr/bin/../lib/gcc/x86_64-linux-gnu/7.3.0/../../../../include/c++/7.3.0/backward/backward_warning.h:32:2: warning: This file includes at least one deprecated or antiquated header which   may be removed without further notice at a future date. Please use a   non-deprecated interface with equivalent functionality instead. For a   listing of replacement headers and interfaces, consult the file   backward_warning.h. To disable this warning use -Wno-deprecated. [-W#warnings]
#warning \
 ^
In file included from toMultiFastA.cpp:2:
In file included from /usr/include/libMems-1.6/libMems/Islands.h:25:
In file included from /usr/include/libMems-1.6/libMems/HomologyHMM/homology.h:28:
/usr/include/libMems-1.6/libMems/HomologyHMM/algebras.h:190:5: warning: 'register' storage class specifier is deprecated and incompatible with C++17 [-Wdeprecated-register]
    register BFloat a( 0.0, 0 );
    ^~~~~~~~~
/usr/include/libMems-1.6/libMems/HomologyHMM/algebras.h:209:3: warning: 'register' storage class specifier is deprecated and incompatible with C++17 [-Wdeprecated-register]
  register BFloat sf(a.f*b.f,a.e+b.e); 
  ^~~~~~~~~
/usr/include/libMems-1.6/libMems/HomologyHMM/algebras.h:216:3: warning: 'register' storage class specifier is deprecated and incompatible with C++17 [-Wdeprecated-register]
  register double mantisse = a.f*b;
  ^~~~~~~~~
/usr/include/libMems-1.6/libMems/HomologyHMM/algebras.h:229:3: warning: 'register' storage class specifier is deprecated and incompatible with C++17 [-Wdeprecated-register]
  register double mantisse = a.f*b;
  ^~~~~~~~~
/usr/include/libMems-1.6/libMems/HomologyHMM/algebras.h:236:3: warning: 'register' storage class specifier is deprecated and incompatible with C++17 [-Wdeprecated-register]
  register BFloat sf(a.f/b.f, a.e-b.e); 
  ^~~~~~~~~
In file included from repeatoire.cpp:4:
In file included from /usr/include/libMems-1.6/libMems/Islands.h:25:
In file included from /usr/include/libMems-1.6/libMems/HomologyHMM/homology.h:27:
In file included from /usr/include/libMems-1.6/libMems/HomologyHMM/dptables.h:43:
In file included from /usr/bin/../lib/gcc/x86_64-linux-gnu/7.3.0/../../../../include/c++/7.3.0/ext/hash_map:60:
/usr/bin/../lib/gcc/x86_64-linux-gnu/7.3.0/../../../../include/c++/7.3.0/backward/backward_warning.h:32:2: warning: This file includes at least one deprecated or antiquated header which   may be removed without further notice at a future date. Please use a   non-deprecated interface with equivalent functionality instead. For a   listing of replacement headers and interfaces, consult the file   backward_warning.h. To disable this warning use -Wno-deprecated. [-W#warnings]
#warning \
 ^
In file included from alignmentProjector.cpp:11:
In file included from /usr/include/libMems-1.6/libMems/IntervalList.h:24:
/usr/include/libMems-1.6/libMems/CompactGappedAlignment.h:811:6: error: 'swap<mems::CompactGappedAlignment<mems::AbstractGappedAlignment<mems::HybridAbstractMatch<2, std::allocator<long long>, std::allocator<unsigned int> > > > >' is missing exception specification 'noexcept(__and_<is_nothrow_move_constructible<CompactGappedAlignment<AbstractGappedAlignment<HybridAbstractMatch<2, allocator<long long>, allocator<unsigned int> > > > >, is_nothrow_move_assignable<CompactGappedAlignment<AbstractGappedAlignment<HybridAbstractMatch<2, allocator<long long>, allocator<unsigned int> > > > > >::value)'
void swap( mems::CompactGappedAlignment<>& a, mems::CompactGappedAlignment<>& b )
     ^
                                                                                  noexcept(__and_<is_nothrow_move_constructible<CompactGappedAlignment<AbstractGappedAlignment<HybridAbstractMatch<2, allocator<long long>, allocator<unsigned int> > > > >, is_nothrow_move_assignable<CompactGappedAlignment<AbstractGappedAlignment<HybridAbstractMatch<2, allocator<long long>, allocator<unsigned int> > > > > >::value)
/usr/include/libMems-1.6/libMems/CompactGappedAlignment.h:811:6: note: previous declaration is here
1 error generated.
In file included from repeatoire.cpp:4:
In file included from /usr/include/libMems-1.6/libMems/Islands.h:25:
In file included from /usr/include/libMems-1.6/libMems/HomologyHMM/homology.h:28:
/usr/include/libMems-1.6/libMems/HomologyHMM/algebras.h:190:5: warning: 'register' storage class specifier is deprecated and incompatible with C++17 [-Wdeprecated-register]
    register BFloat a( 0.0, 0 );
    ^~~~~~~~~
/usr/include/libMems-1.6/libMems/HomologyHMM/algebras.h:209:3: warning: 'register' storage class specifier is deprecated and incompatible with C++17 [-Wdeprecated-register]
  register BFloat sf(a.f*b.f,a.e+b.e); 
  ^~~~~~~~~
/usr/include/libMems-1.6/libMems/HomologyHMM/algebras.h:216:3: warning: 'register' storage class specifier is deprecated and incompatible with C++17 [-Wdeprecated-register]
  register double mantisse = a.f*b;
  ^~~~~~~~~
/usr/include/libMems-1.6/libMems/HomologyHMM/algebras.h:229:3: warning: 'register' storage class specifier is deprecated and incompatible with C++17 [-Wdeprecated-register]
  register double mantisse = a.f*b;
  ^~~~~~~~~
/usr/include/libMems-1.6/libMems/HomologyHMM/algebras.h:236:3: warning: 'register' storage class specifier is deprecated and incompatible with C++17 [-Wdeprecated-register]
  register BFloat sf(a.f/b.f, a.e-b.e); 
  ^~~~~~~~~
6 warnings and 1 error generated.
Makefile:1033: recipe for target 'toGrimmFormat.o' failed
make[3]: *** [toGrimmFormat.o] Error 1
6 warnings and 1 error generated.
Makefile:1033: recipe for target 'addUnalignedIntervals.o' failed
make[3]: *** [addUnalignedIntervals.o] Error 1
Makefile:1033: recipe for target 'getAlignmentWindows.o' failed
make[3]: *** [getAlignmentWindows.o] Error 1
6 warnings and 1 error generated.
Makefile:1033: recipe for target 'createBackboneMFA.o' failed
make[3]: *** [createBackboneMFA.o] Error 1
10 warnings and 1 error generated.
Makefile:1033: recipe for target 'mauveAligner.o' failed
make[3]: *** [mauveAligner.o] Error 1
In file included from alignmentProjector.cpp:18:
In file included from /usr/include/libMems-1.6/libMems/ProgressiveAligner.h:21:
In file included from /usr/include/libMems-1.6/libMems/Islands.h:25:
In file included from /usr/include/libMems-1.6/libMems/HomologyHMM/homology.h:27:
In file included from /usr/include/libMems-1.6/libMems/HomologyHMM/dptables.h:43:
In file included from /usr/bin/../lib/gcc/x86_64-linux-gnu/7.3.0/../../../../include/c++/7.3.0/ext/hash_map:60:
/usr/bin/../lib/gcc/x86_64-linux-gnu/7.3.0/../../../../include/c++/7.3.0/backward/backward_warning.h:32:2: warning: This file includes at least one deprecated or antiquated header which   may be removed without further notice at a future date. Please use a   non-deprecated interface with equivalent functionality instead. For a   listing of replacement headers and interfaces, consult the file   backward_warning.h. To disable this warning use -Wno-deprecated. [-W#warnings]
#warning \
 ^
6 warnings and 1 error generated.
In file included from alignmentProjector.cpp:18:
In file included from /usr/include/libMems-1.6/libMems/ProgressiveAligner.h:21:
In file included from /usr/include/libMems-1.6/libMems/Islands.h:25:
In file included from /usr/include/libMems-1.6/libMems/HomologyHMM/homology.h:28:
/usr/include/libMems-1.6/libMems/HomologyHMM/algebras.h:190:5: warning: 'register' storage class specifier is deprecated and incompatible with C++17 [-Wdeprecated-register]
    register BFloat a( 0.0, 0 );
    ^~~~~~~~~
/usr/include/libMems-1.6/libMems/HomologyHMM/algebras.h:209:3: warning: 'register' storage class specifier is deprecated and incompatible with C++17 [-Wdeprecated-register]
  register BFloat sf(a.f*b.f,a.e+b.e); 
  ^~~~~~~~~
/usr/include/libMems-1.6/libMems/HomologyHMM/algebras.h:216:3: warning: 'register' storage class specifier is deprecated and incompatible with C++17 [-Wdeprecated-register]
  register double mantisse = a.f*b;
  ^~~~~~~~~
/usr/include/libMems-1.6/libMems/HomologyHMM/algebras.h:229:3: warning: 'register' storage class specifier is deprecated and incompatible with C++17 [-Wdeprecated-register]
  register double mantisse = a.f*b;
  ^~~~~~~~~
/usr/include/libMems-1.6/libMems/HomologyHMM/algebras.h:236:3: warning: 'register' storage class specifier is deprecated and incompatible with C++17 [-Wdeprecated-register]
  register BFloat sf(a.f/b.f, a.e-b.e); 
  ^~~~~~~~~
Makefile:1033: recipe for target 'toMultiFastA.o' failed
make[3]: *** [toMultiFastA.o] Error 1
In file included from stripSubsetLCBs.cpp:12:
In file included from /usr/include/libMems-1.6/libMems/IntervalList.h:24:
/usr/include/libMems-1.6/libMems/CompactGappedAlignment.h:811:6: error: 'swap<mems::CompactGappedAlignment<mems::AbstractGappedAlignment<mems::HybridAbstractMatch<2, std::allocator<long long>, std::allocator<unsigned int> > > > >' is missing exception specification 'noexcept(__and_<is_nothrow_move_constructible<CompactGappedAlignment<AbstractGappedAlignment<HybridAbstractMatch<2, allocator<long long>, allocator<unsigned int> > > > >, is_nothrow_move_assignable<CompactGappedAlignment<AbstractGappedAlignment<HybridAbstractMatch<2, allocator<long long>, allocator<unsigned int> > > > > >::value)'
void swap( mems::CompactGappedAlignment<>& a, mems::CompactGappedAlignment<>& b )
     ^
                                                                                  noexcept(__and_<is_nothrow_move_constructible<CompactGappedAlignment<AbstractGappedAlignment<HybridAbstractMatch<2, allocator<long long>, allocator<unsigned int> > > > >, is_nothrow_move_assignable<CompactGappedAlignment<AbstractGappedAlignment<HybridAbstractMatch<2, allocator<long long>, allocator<unsigned int> > > > > >::value)
/usr/include/libMems-1.6/libMems/CompactGappedAlignment.h:811:6: note: previous declaration is here
repeatoire.cpp:853:5: warning: add explicit braces to avoid dangling else [-Wdangling-else]
                        }else{
                         ^
8 warnings and 1 error generated.
Makefile:1033: recipe for target 'progressiveMauve.o' failed
make[3]: *** [progressiveMauve.o] Error 1
6 warnings and 1 error generated.
Makefile:1033: recipe for target 'alignmentProjector.o' failed
make[3]: *** [alignmentProjector.o] Error 1
1 error generated.
Makefile:1033: recipe for target 'stripSubsetLCBs.o' failed
make[3]: *** [stripSubsetLCBs.o] Error 1
7 warnings and 1 error generated.
Makefile:1033: recipe for target 'repeatoire.o' failed
make[3]: *** [repeatoire.o] Error 1
make[3]: Leaving directory '/<<BUILDDIR>>/progressivemauve-1.2.0+4713+dfsg/src'
Makefile:675: recipe for target 'all' failed
make[2]: *** [all] Error 2
make[2]: Leaving directory '/<<BUILDDIR>>/progressivemauve-1.2.0+4713+dfsg/src'
Makefile:390: recipe for target 'all-recursive' failed
make[1]: *** [all-recursive] Error 1
make[1]: Leaving directory '/<<BUILDDIR>>/progressivemauve-1.2.0+4713+dfsg'
dh_auto_build: make -j16 returned exit code 2
debian/rules:6: recipe for target 'build-arch' failed
make: *** [build-arch] Error 2
dpkg-buildpackage: error: debian/rules build-arch subprocess returned exit status 2
--------------------------------------------------------------------------------
Build finished at 2018-02-07T20:52:03Z

Finished
--------


+------------------------------------------------------------------------------+
| Cleanup                                                                      |
+------------------------------------------------------------------------------+

Purging /<<BUILDDIR>>
Not cleaning session: cloned chroot in use
E: Build failure (dpkg-buildpackage died)

+------------------------------------------------------------------------------+
| Summary                                                                      |
+------------------------------------------------------------------------------+

Build Architecture: amd64
Build Type: any
Build-Space: 5148
Build-Time: 12
Distribution: unstable
Fail-Stage: build
Host Architecture: amd64
Install-Time: 12
Job: progressivemauve_1.2.0+4713+dfsg-1
Machine Architecture: amd64
Package: progressivemauve
Package-Time: 38
Source-Version: 1.2.0+4713+dfsg-1
Space: 5148
Status: attempted
Version: 1.2.0+4713+dfsg-1
--------------------------------------------------------------------------------
Finished at 2018-02-07T20:52:03Z
Build needed 00:00:38, 5148k disk space
E: Build failure (dpkg-buildpackage died)
DC-Status: Failed 39.264596563s
DC-Time-Estimation: 39.264596563 versus expected 92 (r/m: 1.343077684559578 ; m: 39.264596563)
