DC-Build-Header: schroot 1.6.10-4 / 2018-02-07 20:42:21 +0000
DC-Task: type:rebuild-binarch-only source:schroot version:1.6.10-4 chroot:unstable esttime:144 logfile:/tmp/schroot_1.6.10-4_unstable_clang60.log modes:clang60:binarch-only
DC-Sbuild-call: su user42 -c 'sbuild -n --arch-any --apt-update -d unstable -v  --chroot-setup-commands=/tmp/clang60 schroot_1.6.10-4'
sbuild (Debian sbuild) 0.73.0 (23 Dec 2016) on ip-172-31-5-69.eu-central-1.compute.internal

+==============================================================================+
| schroot 1.6.10-4 (amd64)                     Wed, 07 Feb 2018 20:42:22 +0000 |
+==============================================================================+

Package: schroot
Version: 1.6.10-4
Source Version: 1.6.10-4
Distribution: unstable
Machine Architecture: amd64
Host Architecture: amd64
Build Architecture: amd64
Build Type: any

I: NOTICE: Log filtering will replace 'var/run/schroot/mount/unstable-amd64-sbuild-7b694aa9-5e53-4fc7-829d-4d2a39ed1f3a' with '<<CHROOT>>'

+------------------------------------------------------------------------------+
| Chroot Setup Commands                                                        |
+------------------------------------------------------------------------------+


/tmp/clang60
------------

+ echo 'Entering customization script...'
Entering customization script...
+ CLANG_VERSION=6.0
+ echo 'Install of clang-6.0'
Install of clang-6.0
+ apt-get update
Get:1 http://127.0.0.1:9999/debian unstable InRelease [241 kB]
Get:2 http://127.0.0.1:9999/debian unstable/main Sources.diff/Index [27.9 kB]
Get:3 http://127.0.0.1:9999/debian unstable/main amd64 Packages.diff/Index [27.9 kB]
Get:4 http://127.0.0.1:9999/debian unstable/main Sources 2018-02-07-1427.34.pdiff [9180 B]
Get:4 http://127.0.0.1:9999/debian unstable/main Sources 2018-02-07-1427.34.pdiff [9180 B]
Get:5 http://127.0.0.1:9999/debian unstable/main amd64 Packages 2018-02-07-1427.34.pdiff [14.2 kB]
Get:5 http://127.0.0.1:9999/debian unstable/main amd64 Packages 2018-02-07-1427.34.pdiff [14.2 kB]
Get:6 http://127.0.0.1:9999/debian unstable/main Translation-en [5980 kB]
Fetched 6300 kB in 2s (3224 kB/s)
Reading package lists...
+ apt-get install --yes --no-install-recommends --force-yes clang-6.0
Reading package lists...
Building dependency tree...
Reading state information...
The following additional packages will be installed:
  lib32gcc1 lib32stdc++6 libbsd0 libc6-i386 libclang-common-6.0-dev
  libclang1-6.0 libedit2 libjsoncpp1 libllvm6.0 libncurses5 libobjc-7-dev
  libobjc4
Suggested packages:
  gnustep gnustep-devel clang-6.0-doc
Recommended packages:
  llvm-6.0-dev python libomp-dev libgpm2
The following NEW packages will be installed:
  clang-6.0 lib32gcc1 lib32stdc++6 libbsd0 libc6-i386 libclang-common-6.0-dev
  libclang1-6.0 libedit2 libjsoncpp1 libllvm6.0 libncurses5 libobjc-7-dev
  libobjc4
0 upgraded, 13 newly installed, 0 to remove and 1 not upgraded.
Need to get 37.6 MB of archives.
After this operation, 187 MB of additional disk space will be used.
Get:1 http://127.0.0.1:9999/debian unstable/main amd64 libjsoncpp1 amd64 1.7.4-3 [75.6 kB]
Get:2 http://127.0.0.1:9999/debian unstable/main amd64 libbsd0 amd64 0.8.7-1 [92.1 kB]
Get:3 http://127.0.0.1:9999/debian unstable/main amd64 libncurses5 amd64 6.0+20171125-1 [95.7 kB]
Get:4 http://127.0.0.1:9999/debian unstable/main amd64 libedit2 amd64 3.1-20170329-1 [85.2 kB]
Get:5 http://127.0.0.1:9999/debian unstable/main amd64 libllvm6.0 amd64 1:6.0~+rc1-1 [14.5 MB]
Get:6 http://127.0.0.1:9999/debian unstable/main amd64 libobjc4 amd64 7.3.0-1 [51.2 kB]
Get:7 http://127.0.0.1:9999/debian unstable/main amd64 libobjc-7-dev amd64 7.3.0-1 [203 kB]
Get:8 http://127.0.0.1:9999/debian unstable/main amd64 libc6-i386 amd64 2.26-6 [2836 kB]
Get:9 http://127.0.0.1:9999/debian unstable/main amd64 lib32gcc1 amd64 1:7.3.0-1 [46.8 kB]
Get:10 http://127.0.0.1:9999/debian unstable/main amd64 lib32stdc++6 amd64 7.3.0-1 [405 kB]
Get:11 http://127.0.0.1:9999/debian unstable/main amd64 libclang-common-6.0-dev amd64 1:6.0~+rc1-1 [3097 kB]
Get:12 http://127.0.0.1:9999/debian unstable/main amd64 libclang1-6.0 amd64 1:6.0~+rc1-1 [6983 kB]
Get:13 http://127.0.0.1:9999/debian unstable/main amd64 clang-6.0 amd64 1:6.0~+rc1-1 [9171 kB]
debconf: delaying package configuration, since apt-utils is not installed
Fetched 37.6 MB in 0s (95.0 MB/s)
Selecting previously unselected package libjsoncpp1:amd64.
(Reading database ... (Reading database ... 5%(Reading database ... 10%(Reading database ... 15%(Reading database ... 20%(Reading database ... 25%(Reading database ... 30%(Reading database ... 35%(Reading database ... 40%(Reading database ... 45%(Reading database ... 50%(Reading database ... 55%(Reading database ... 60%(Reading database ... 65%(Reading database ... 70%(Reading database ... 75%(Reading database ... 80%(Reading database ... 85%(Reading database ... 90%(Reading database ... 95%(Reading database ... 100%(Reading database ... 9974 files and directories currently installed.)
Preparing to unpack .../00-libjsoncpp1_1.7.4-3_amd64.deb ...
Unpacking libjsoncpp1:amd64 (1.7.4-3) ...
Selecting previously unselected package libbsd0:amd64.
Preparing to unpack .../01-libbsd0_0.8.7-1_amd64.deb ...
Unpacking libbsd0:amd64 (0.8.7-1) ...
Selecting previously unselected package libncurses5:amd64.
Preparing to unpack .../02-libncurses5_6.0+20171125-1_amd64.deb ...
Unpacking libncurses5:amd64 (6.0+20171125-1) ...
Selecting previously unselected package libedit2:amd64.
Preparing to unpack .../03-libedit2_3.1-20170329-1_amd64.deb ...
Unpacking libedit2:amd64 (3.1-20170329-1) ...
Selecting previously unselected package libllvm6.0:amd64.
Preparing to unpack .../04-libllvm6.0_1%3a6.0~+rc1-1_amd64.deb ...
Unpacking libllvm6.0:amd64 (1:6.0~+rc1-1) ...
Selecting previously unselected package libobjc4:amd64.
Preparing to unpack .../05-libobjc4_7.3.0-1_amd64.deb ...
Unpacking libobjc4:amd64 (7.3.0-1) ...
Selecting previously unselected package libobjc-7-dev:amd64.
Preparing to unpack .../06-libobjc-7-dev_7.3.0-1_amd64.deb ...
Unpacking libobjc-7-dev:amd64 (7.3.0-1) ...
Selecting previously unselected package libc6-i386.
Preparing to unpack .../07-libc6-i386_2.26-6_amd64.deb ...
Unpacking libc6-i386 (2.26-6) ...
Selecting previously unselected package lib32gcc1.
Preparing to unpack .../08-lib32gcc1_1%3a7.3.0-1_amd64.deb ...
Unpacking lib32gcc1 (1:7.3.0-1) ...
Selecting previously unselected package lib32stdc++6.
Preparing to unpack .../09-lib32stdc++6_7.3.0-1_amd64.deb ...
Unpacking lib32stdc++6 (7.3.0-1) ...
Selecting previously unselected package libclang-common-6.0-dev.
Preparing to unpack .../10-libclang-common-6.0-dev_1%3a6.0~+rc1-1_amd64.deb ...
Unpacking libclang-common-6.0-dev (1:6.0~+rc1-1) ...
Selecting previously unselected package libclang1-6.0:amd64.
Preparing to unpack .../11-libclang1-6.0_1%3a6.0~+rc1-1_amd64.deb ...
Unpacking libclang1-6.0:amd64 (1:6.0~+rc1-1) ...
Selecting previously unselected package clang-6.0.
Preparing to unpack .../12-clang-6.0_1%3a6.0~+rc1-1_amd64.deb ...
Unpacking clang-6.0 (1:6.0~+rc1-1) ...
Setting up libncurses5:amd64 (6.0+20171125-1) ...
Setting up libobjc4:amd64 (7.3.0-1) ...
Setting up libc6-i386 (2.26-6) ...
Setting up libbsd0:amd64 (0.8.7-1) ...
Setting up libobjc-7-dev:amd64 (7.3.0-1) ...
Processing triggers for libc-bin (2.26-6) ...
Setting up lib32gcc1 (1:7.3.0-1) ...
Setting up libjsoncpp1:amd64 (1.7.4-3) ...
Setting up libedit2:amd64 (3.1-20170329-1) ...
Setting up libllvm6.0:amd64 (1:6.0~+rc1-1) ...
Setting up libclang1-6.0:amd64 (1:6.0~+rc1-1) ...
Setting up lib32stdc++6 (7.3.0-1) ...
Setting up libclang-common-6.0-dev (1:6.0~+rc1-1) ...
Setting up clang-6.0 (1:6.0~+rc1-1) ...
Processing triggers for libc-bin (2.26-6) ...
W: --force-yes is deprecated, use one of the options starting with --allow instead.
+ echo 'Replace gcc, g++ & cpp by clang'
Replace gcc, g++ & cpp by clang
+ VERSIONS='4.6 4.7 4.8 4.9 5 6 7 8'
+ cd /usr/bin
+ for VERSION in $VERSIONS
+ rm -f g++-4.6 gcc-4.6 cpp-4.6 gcc
+ ln -s clang++-6.0 g++-4.6
+ ln -s clang-6.0 gcc-4.6
+ ln -s clang-6.0 cpp-4.6
+ ln -s clang-6.0 gcc
+ echo 'gcc-4.6 hold'
+ dpkg --set-selections
dpkg: warning: package not in status nor available database at line 1: gcc-4.6
dpkg: warning: found unknown packages; this might mean the available database
is outdated, and needs to be updated through a frontend method;
please see the FAQ <https://wiki.debian.org/Teams/Dpkg/FAQ>
+ echo 'g++-4.6 hold'
+ dpkg --set-selections
dpkg: warning: package not in status nor available database at line 1: g++-4.6
dpkg: warning: found unknown packages; this might mean the available database
is outdated, and needs to be updated through a frontend method;
please see the FAQ <https://wiki.debian.org/Teams/Dpkg/FAQ>
+ for VERSION in $VERSIONS
+ rm -f g++-4.7 gcc-4.7 cpp-4.7 gcc
+ ln -s clang++-6.0 g++-4.7
+ ln -s clang-6.0 gcc-4.7
+ ln -s clang-6.0 cpp-4.7
+ ln -s clang-6.0 gcc
+ echo 'gcc-4.7 hold'
+ dpkg --set-selections
dpkg: warning: package not in status nor available database at line 1: gcc-4.7
dpkg: warning: found unknown packages; this might mean the available database
is outdated, and needs to be updated through a frontend method;
please see the FAQ <https://wiki.debian.org/Teams/Dpkg/FAQ>
+ echo 'g++-4.7 hold'
+ dpkg --set-selections
dpkg: warning: package not in status nor available database at line 1: g++-4.7
dpkg: warning: found unknown packages; this might mean the available database
is outdated, and needs to be updated through a frontend method;
please see the FAQ <https://wiki.debian.org/Teams/Dpkg/FAQ>
+ for VERSION in $VERSIONS
+ rm -f g++-4.8 gcc-4.8 cpp-4.8 gcc
+ ln -s clang++-6.0 g++-4.8
+ ln -s clang-6.0 gcc-4.8
+ ln -s clang-6.0 cpp-4.8
+ ln -s clang-6.0 gcc
+ echo 'gcc-4.8 hold'
+ dpkg --set-selections
dpkg: warning: package not in status nor available database at line 1: gcc-4.8
dpkg: warning: found unknown packages; this might mean the available database
is outdated, and needs to be updated through a frontend method;
please see the FAQ <https://wiki.debian.org/Teams/Dpkg/FAQ>
+ echo 'g++-4.8 hold'
+ dpkg --set-selections
dpkg: warning: package not in status nor available database at line 1: g++-4.8
dpkg: warning: found unknown packages; this might mean the available database
is outdated, and needs to be updated through a frontend method;
please see the FAQ <https://wiki.debian.org/Teams/Dpkg/FAQ>
+ for VERSION in $VERSIONS
+ rm -f g++-4.9 gcc-4.9 cpp-4.9 gcc
+ ln -s clang++-6.0 g++-4.9
+ ln -s clang-6.0 gcc-4.9
+ ln -s clang-6.0 cpp-4.9
+ ln -s clang-6.0 gcc
+ echo 'gcc-4.9 hold'
+ dpkg --set-selections
dpkg: warning: package not in status nor available database at line 1: gcc-4.9
dpkg: warning: found unknown packages; this might mean the available database
is outdated, and needs to be updated through a frontend method;
please see the FAQ <https://wiki.debian.org/Teams/Dpkg/FAQ>
+ echo 'g++-4.9 hold'
+ dpkg --set-selections
dpkg: warning: package not in status nor available database at line 1: g++-4.9
dpkg: warning: found unknown packages; this might mean the available database
is outdated, and needs to be updated through a frontend method;
please see the FAQ <https://wiki.debian.org/Teams/Dpkg/FAQ>
+ for VERSION in $VERSIONS
+ rm -f g++-5 gcc-5 cpp-5 gcc
+ ln -s clang++-6.0 g++-5
+ ln -s clang-6.0 gcc-5
+ ln -s clang-6.0 cpp-5
+ ln -s clang-6.0 gcc
+ echo 'gcc-5 hold'
+ dpkg --set-selections
+ echo 'g++-5 hold'
+ dpkg --set-selections
+ for VERSION in $VERSIONS
+ rm -f g++-6 gcc-6 cpp-6 gcc
+ ln -s clang++-6.0 g++-6
+ ln -s clang-6.0 gcc-6
+ ln -s clang-6.0 cpp-6
+ ln -s clang-6.0 gcc
+ echo 'gcc-6 hold'
+ dpkg --set-selections
dpkg: warning: package not in status nor available database at line 1: gcc-6
dpkg: warning: found unknown packages; this might mean the available database
is outdated, and needs to be updated through a frontend method;
please see the FAQ <https://wiki.debian.org/Teams/Dpkg/FAQ>
+ echo 'g++-6 hold'
+ dpkg --set-selections
dpkg: warning: package not in status nor available database at line 1: g++-6
dpkg: warning: found unknown packages; this might mean the available database
is outdated, and needs to be updated through a frontend method;
please see the FAQ <https://wiki.debian.org/Teams/Dpkg/FAQ>
+ for VERSION in $VERSIONS
+ rm -f g++-7 gcc-7 cpp-7 gcc
+ ln -s clang++-6.0 g++-7
+ ln -s clang-6.0 gcc-7
+ ln -s clang-6.0 cpp-7
+ ln -s clang-6.0 gcc
+ echo 'gcc-7 hold'
+ dpkg --set-selections
+ echo 'g++-7 hold'
+ dpkg --set-selections
+ for VERSION in $VERSIONS
+ rm -f g++-8 gcc-8 cpp-8 gcc
+ ln -s clang++-6.0 g++-8
+ ln -s clang-6.0 gcc-8
+ ln -s clang-6.0 cpp-8
+ ln -s clang-6.0 gcc
+ echo 'gcc-8 hold'
+ dpkg --set-selections
dpkg: warning: package not in status nor available database at line 1: gcc-8
dpkg: warning: found unknown packages; this might mean the available database
is outdated, and needs to be updated through a frontend method;
please see the FAQ <https://wiki.debian.org/Teams/Dpkg/FAQ>
+ echo 'g++-8 hold'
+ dpkg --set-selections
dpkg: warning: package not in status nor available database at line 1: g++-8
dpkg: warning: found unknown packages; this might mean the available database
is outdated, and needs to be updated through a frontend method;
please see the FAQ <https://wiki.debian.org/Teams/Dpkg/FAQ>
+ cd -
/build/schroot-roc5Qw
+ echo 'Check if gcc, g++ & cpp are actually clang'
Check if gcc, g++ & cpp are actually clang
+ gcc --version
+ grep clang
+ cpp --version
+ grep clang
+ g++ --version
+ grep clang

I: Finished running '/tmp/clang60'.

Finished processing commands.
--------------------------------------------------------------------------------

+------------------------------------------------------------------------------+
| Update chroot                                                                |
+------------------------------------------------------------------------------+

Hit:1 http://127.0.0.1:9999/debian unstable InRelease
Reading package lists...
Reading package lists...
Building dependency tree...
Reading state information...
Calculating upgrade...
The following packages will be upgraded:
  libdebconfclient0
1 upgraded, 0 newly installed, 0 to remove and 0 not upgraded.
Need to get 48.3 kB of archives.
After this operation, 0 B of additional disk space will be used.
Get:1 http://127.0.0.1:9999/debian unstable/main amd64 libdebconfclient0 amd64 0.240 [48.3 kB]
debconf: delaying package configuration, since apt-utils is not installed
Fetched 48.3 kB in 0s (4101 kB/s)
(Reading database ... (Reading database ... 5%(Reading database ... 10%(Reading database ... 15%(Reading database ... 20%(Reading database ... 25%(Reading database ... 30%(Reading database ... 35%(Reading database ... 40%(Reading database ... 45%(Reading database ... 50%(Reading database ... 55%(Reading database ... 60%(Reading database ... 65%(Reading database ... 70%(Reading database ... 75%(Reading database ... 80%(Reading database ... 85%(Reading database ... 90%(Reading database ... 95%(Reading database ... 100%(Reading database ... 10722 files and directories currently installed.)
Preparing to unpack .../libdebconfclient0_0.240_amd64.deb ...
Unpacking libdebconfclient0:amd64 (0.240) over (0.239) ...
Setting up libdebconfclient0:amd64 (0.240) ...
Processing triggers for libc-bin (2.26-6) ...

+------------------------------------------------------------------------------+
| Fetch source files                                                           |
+------------------------------------------------------------------------------+


Check APT
---------

Checking available source versions...

Download source files with APT
------------------------------

Reading package lists...
NOTICE: 'schroot' packaging is maintained in the 'Git' version control system at:
https://anonscm.debian.org/git/buildd-tools/schroot.git
Please use:
git clone https://anonscm.debian.org/git/buildd-tools/schroot.git
to retrieve the latest (possibly unreleased) updates to the package.
Need to get 837 kB of source archives.
Get:1 http://127.0.0.1:9999/debian unstable/main schroot 1.6.10-4 (dsc) [1978 B]
Get:2 http://127.0.0.1:9999/debian unstable/main schroot 1.6.10-4 (tar) [797 kB]
Get:3 http://127.0.0.1:9999/debian unstable/main schroot 1.6.10-4 (diff) [37.3 kB]
Fetched 837 kB in 0s (4246 kB/s)
Download complete and in download only mode
I: NOTICE: Log filtering will replace 'build/schroot-roc5Qw/schroot-1.6.10' with '<<PKGBUILDDIR>>'
I: NOTICE: Log filtering will replace 'build/schroot-roc5Qw' with '<<BUILDDIR>>'

+------------------------------------------------------------------------------+
| Install build-essential                                                      |
+------------------------------------------------------------------------------+


Setup apt archive
-----------------

Merged Build-Depends: build-essential, fakeroot
Filtered Build-Depends: build-essential, fakeroot
dpkg-deb: building package 'sbuild-build-depends-core-dummy' in '/<<BUILDDIR>>/resolver-2rj3Mt/apt_archive/sbuild-build-depends-core-dummy.deb'.
dpkg-scanpackages: warning: Packages in archive but missing from override file:
dpkg-scanpackages: warning:   sbuild-build-depends-core-dummy
dpkg-scanpackages: info: Wrote 1 entries to output Packages file.
Ign:1 copy:/<<BUILDDIR>>/resolver-2rj3Mt/apt_archive ./ InRelease
Get:2 copy:/<<BUILDDIR>>/resolver-2rj3Mt/apt_archive ./ Release [957 B]
Ign:3 copy:/<<BUILDDIR>>/resolver-2rj3Mt/apt_archive ./ Release.gpg
Get:4 copy:/<<BUILDDIR>>/resolver-2rj3Mt/apt_archive ./ Sources [349 B]
Get:5 copy:/<<BUILDDIR>>/resolver-2rj3Mt/apt_archive ./ Packages [432 B]
Fetched 1738 B in 0s (124 kB/s)
Reading package lists...
Reading package lists...

Install core build dependencies (apt-based resolver)
----------------------------------------------------

Installing build dependencies
Reading package lists...
Building dependency tree...
Reading state information...
The following NEW packages will be installed:
  sbuild-build-depends-core-dummy
0 upgraded, 1 newly installed, 0 to remove and 0 not upgraded.
Need to get 856 B of archives.
After this operation, 0 B of additional disk space will be used.
Get:1 copy:/<<BUILDDIR>>/resolver-2rj3Mt/apt_archive ./ sbuild-build-depends-core-dummy 0.invalid.0 [856 B]
debconf: delaying package configuration, since apt-utils is not installed
Fetched 856 B in 0s (0 B/s)
Selecting previously unselected package sbuild-build-depends-core-dummy.
(Reading database ... 10722 files and directories currently installed.)
Preparing to unpack .../sbuild-build-depends-core-dummy_0.invalid.0_amd64.deb ...
Unpacking sbuild-build-depends-core-dummy (0.invalid.0) ...
Setting up sbuild-build-depends-core-dummy (0.invalid.0) ...

+------------------------------------------------------------------------------+
| Check architectures                                                          |
+------------------------------------------------------------------------------+

Arch check ok (amd64 included in any all)

+------------------------------------------------------------------------------+
| Install package build dependencies                                           |
+------------------------------------------------------------------------------+


Setup apt archive
-----------------

Merged Build-Depends: cmake (>= 2.8.12), debhelper (>= 9), dh-systemd, pkg-config, libpam0g-dev, uuid-dev, libboost-dev, libboost-iostreams-dev, libboost-program-options-dev, libboost-regex-dev, libboost-filesystem-dev, gettext, libcppunit-dev, groff-base, po4a (>= 0.40)
Filtered Build-Depends: cmake (>= 2.8.12), debhelper (>= 9), dh-systemd, pkg-config, libpam0g-dev, uuid-dev, libboost-dev, libboost-iostreams-dev, libboost-program-options-dev, libboost-regex-dev, libboost-filesystem-dev, gettext, libcppunit-dev, groff-base, po4a (>= 0.40)
dpkg-deb: building package 'sbuild-build-depends-schroot-dummy' in '/<<BUILDDIR>>/resolver-2rj3Mt/apt_archive/sbuild-build-depends-schroot-dummy.deb'.
dpkg-scanpackages: warning: Packages in archive but missing from override file:
dpkg-scanpackages: warning:   sbuild-build-depends-core-dummy sbuild-build-depends-schroot-dummy
dpkg-scanpackages: info: Wrote 2 entries to output Packages file.
Ign:1 copy:/<<BUILDDIR>>/resolver-2rj3Mt/apt_archive ./ InRelease
Get:2 copy:/<<BUILDDIR>>/resolver-2rj3Mt/apt_archive ./ Release [963 B]
Ign:3 copy:/<<BUILDDIR>>/resolver-2rj3Mt/apt_archive ./ Release.gpg
Get:4 copy:/<<BUILDDIR>>/resolver-2rj3Mt/apt_archive ./ Sources [617 B]
Get:5 copy:/<<BUILDDIR>>/resolver-2rj3Mt/apt_archive ./ Packages [681 B]
Fetched 2261 B in 0s (161 kB/s)
Reading package lists...
Reading package lists...

Install schroot build dependencies (apt-based resolver)
-------------------------------------------------------

Installing build dependencies
Reading package lists...
Building dependency tree...
Reading state information...
The following additional packages will be installed:
  autoconf automake autopoint autotools-dev bsdmainutils cmake cmake-data
  debhelper dh-autoreconf dh-strip-nondeterminism dh-systemd file gettext
  gettext-base groff-base icu-devtools intltool-debian libarchive-zip-perl
  libarchive13 libboost-dev libboost-filesystem-dev
  libboost-filesystem1.62-dev libboost-filesystem1.62.0 libboost-iostreams-dev
  libboost-iostreams1.62-dev libboost-iostreams1.62.0
  libboost-program-options-dev libboost-program-options1.62-dev
  libboost-program-options1.62.0 libboost-regex-dev libboost-regex1.62-dev
  libboost-regex1.62.0 libboost-system1.62-dev libboost-system1.62.0
  libboost1.62-dev libcppunit-1.14-0 libcppunit-dev libcroco3 libcurl3
  libexpat1 libfile-stripnondeterminism-perl libglib2.0-0 libgssapi-krb5-2
  libicu-dev libicu57 libk5crypto3 libkeyutils1 libkrb5-3 libkrb5support0
  libldap-2.4-2 libldap-common liblzo2-2 libmagic-mgc libmagic1 libnghttp2-14
  libosp5 libpam0g-dev libpipeline1 libprocps6 libpsl5 librhash0 librtmp1
  libsasl2-2 libsasl2-modules-db libsgmls-perl libsigsegv2 libssh2-1
  libssl1.0.2 libtimedate-perl libtool libuv1 libxml2 lsb-base m4 man-db
  opensp pkg-config po-debconf po4a procps sgml-base uuid-dev
Suggested packages:
  autoconf-archive gnu-standards autoconf-doc wamerican | wordlist whois
  vacation ninja-build dh-make dwz gettext-doc libasprintf-dev
  libgettextpo-dev groff lrzip libboost-doc libboost1.62-doc
  libboost-atomic1.62-dev libboost-chrono1.62-dev libboost-context1.62-dev
  libboost-coroutine1.62-dev libboost-date-time1.62-dev
  libboost-exception1.62-dev libboost-fiber1.62-dev libboost-graph1.62-dev
  libboost-graph-parallel1.62-dev libboost-locale1.62-dev libboost-log1.62-dev
  libboost-math1.62-dev libboost-mpi1.62-dev libboost-mpi-python1.62-dev
  libboost-python1.62-dev libboost-random1.62-dev
  libboost-serialization1.62-dev libboost-signals1.62-dev
  libboost-test1.62-dev libboost-thread1.62-dev libboost-timer1.62-dev
  libboost-type-erasure1.62-dev libboost-wave1.62-dev libboost1.62-tools-dev
  libmpfrc++-dev libntl-dev libcppunit-doc krb5-doc krb5-user icu-doc sgmlspl
  sgmls-doc libtool-doc gfortran | fortran95-compiler gcj-jdk m4-doc less
  www-browser apparmor doc-base sgml-data libmail-box-perl sgml-base-doc
Recommended packages:
  curl | wget | lynx-cur ca-certificates libarchive-cpio-perl libglib2.0-data
  shared-mime-info xdg-user-dirs krb5-locales publicsuffix libsasl2-modules
  libltdl-dev libmail-sendmail-perl libtext-wrapi18n-perl libterm-readkey-perl
  liblocale-gettext-perl libunicode-linebreak-perl psmisc
The following NEW packages will be installed:
  autoconf automake autopoint autotools-dev bsdmainutils cmake cmake-data
  debhelper dh-autoreconf dh-strip-nondeterminism dh-systemd file gettext
  gettext-base groff-base icu-devtools intltool-debian libarchive-zip-perl
  libarchive13 libboost-dev libboost-filesystem-dev
  libboost-filesystem1.62-dev libboost-filesystem1.62.0 libboost-iostreams-dev
  libboost-iostreams1.62-dev libboost-iostreams1.62.0
  libboost-program-options-dev libboost-program-options1.62-dev
  libboost-program-options1.62.0 libboost-regex-dev libboost-regex1.62-dev
  libboost-regex1.62.0 libboost-system1.62-dev libboost-system1.62.0
  libboost1.62-dev libcppunit-1.14-0 libcppunit-dev libcroco3 libcurl3
  libexpat1 libfile-stripnondeterminism-perl libglib2.0-0 libgssapi-krb5-2
  libicu-dev libicu57 libk5crypto3 libkeyutils1 libkrb5-3 libkrb5support0
  libldap-2.4-2 libldap-common liblzo2-2 libmagic-mgc libmagic1 libnghttp2-14
  libosp5 libpam0g-dev libpipeline1 libprocps6 libpsl5 librhash0 librtmp1
  libsasl2-2 libsasl2-modules-db libsgmls-perl libsigsegv2 libssh2-1
  libssl1.0.2 libtimedate-perl libtool libuv1 libxml2 lsb-base m4 man-db
  opensp pkg-config po-debconf po4a procps sbuild-build-depends-schroot-dummy
  sgml-base uuid-dev
0 upgraded, 83 newly installed, 0 to remove and 0 not upgraded.
Need to get 56.8 MB of archives.
After this operation, 327 MB of additional disk space will be used.
Get:1 copy:/<<BUILDDIR>>/resolver-2rj3Mt/apt_archive ./ sbuild-build-depends-schroot-dummy 0.invalid.0 [964 B]
Get:2 http://127.0.0.1:9999/debian unstable/main amd64 groff-base amd64 1.22.3-9 [1160 kB]
Get:3 http://127.0.0.1:9999/debian unstable/main amd64 bsdmainutils amd64 11.1.2 [190 kB]
Get:4 http://127.0.0.1:9999/debian unstable/main amd64 libpipeline1 amd64 1.5.0-1 [29.0 kB]
Get:5 http://127.0.0.1:9999/debian unstable/main amd64 man-db amd64 2.8.0-2 [1170 kB]
Get:6 http://127.0.0.1:9999/debian unstable/main amd64 cmake-data all 3.9.5-1 [1285 kB]
Get:7 http://127.0.0.1:9999/debian unstable/main amd64 libprocps6 amd64 2:3.3.12-3 [58.1 kB]
Get:8 http://127.0.0.1:9999/debian unstable/main amd64 lsb-base all 9.20170808 [28.1 kB]
Get:9 http://127.0.0.1:9999/debian unstable/main amd64 procps amd64 2:3.3.12-3 [249 kB]
Get:10 http://127.0.0.1:9999/debian unstable/main amd64 liblzo2-2 amd64 2.08-1.2+b2 [55.0 kB]
Get:11 http://127.0.0.1:9999/debian unstable/main amd64 libicu57 amd64 57.1-8 [7699 kB]
Get:12 http://127.0.0.1:9999/debian unstable/main amd64 libxml2 amd64 2.9.4+dfsg1-6.1 [725 kB]
Get:13 http://127.0.0.1:9999/debian unstable/main amd64 libarchive13 amd64 3.2.2-3.1 [296 kB]
Get:14 http://127.0.0.1:9999/debian unstable/main amd64 libkeyutils1 amd64 1.5.9-9.2 [12.9 kB]
Get:15 http://127.0.0.1:9999/debian unstable/main amd64 libkrb5support0 amd64 1.16-2 [62.8 kB]
Get:16 http://127.0.0.1:9999/debian unstable/main amd64 libk5crypto3 amd64 1.16-2 [121 kB]
Get:17 http://127.0.0.1:9999/debian unstable/main amd64 libkrb5-3 amd64 1.16-2 [316 kB]
Get:18 http://127.0.0.1:9999/debian unstable/main amd64 libgssapi-krb5-2 amd64 1.16-2 [158 kB]
Get:19 http://127.0.0.1:9999/debian unstable/main amd64 libsasl2-modules-db amd64 2.1.27~101-g0780600+dfsg-3 [68.2 kB]
Get:20 http://127.0.0.1:9999/debian unstable/main amd64 libsasl2-2 amd64 2.1.27~101-g0780600+dfsg-3 [105 kB]
Get:21 http://127.0.0.1:9999/debian unstable/main amd64 libldap-common all 2.4.45+dfsg-1 [87.0 kB]
Get:22 http://127.0.0.1:9999/debian unstable/main amd64 libldap-2.4-2 amd64 2.4.45+dfsg-1 [223 kB]
Get:23 http://127.0.0.1:9999/debian unstable/main amd64 libnghttp2-14 amd64 1.29.0-1 [81.7 kB]
Get:24 http://127.0.0.1:9999/debian unstable/main amd64 libpsl5 amd64 0.19.1-4 [44.4 kB]
Get:25 http://127.0.0.1:9999/debian unstable/main amd64 librtmp1 amd64 2.4+20151223.gitfa8646d.1-1+b1 [60.4 kB]
Get:26 http://127.0.0.1:9999/debian unstable/main amd64 libssh2-1 amd64 1.8.0-1 [138 kB]
Get:27 http://127.0.0.1:9999/debian unstable/main amd64 libssl1.0.2 amd64 1.0.2n-1 [1296 kB]
Get:28 http://127.0.0.1:9999/debian unstable/main amd64 libcurl3 amd64 7.58.0-2 [312 kB]
Get:29 http://127.0.0.1:9999/debian unstable/main amd64 libexpat1 amd64 2.2.5-3 [96.8 kB]
Get:30 http://127.0.0.1:9999/debian unstable/main amd64 librhash0 amd64 1.3.4-3 [85.7 kB]
Get:31 http://127.0.0.1:9999/debian unstable/main amd64 libuv1 amd64 1.18.0-3 [98.5 kB]
Get:32 http://127.0.0.1:9999/debian unstable/main amd64 cmake amd64 3.9.5-1 [3122 kB]
Get:33 http://127.0.0.1:9999/debian unstable/main amd64 sgml-base all 1.29 [14.8 kB]
Get:34 http://127.0.0.1:9999/debian unstable/main amd64 libmagic-mgc amd64 1:5.32-1 [225 kB]
Get:35 http://127.0.0.1:9999/debian unstable/main amd64 libmagic1 amd64 1:5.32-1 [111 kB]
Get:36 http://127.0.0.1:9999/debian unstable/main amd64 file amd64 1:5.32-1 [64.4 kB]
Get:37 http://127.0.0.1:9999/debian unstable/main amd64 gettext-base amd64 0.19.8.1-4 [122 kB]
Get:38 http://127.0.0.1:9999/debian unstable/main amd64 libsigsegv2 amd64 2.12-1 [32.7 kB]
Get:39 http://127.0.0.1:9999/debian unstable/main amd64 m4 amd64 1.4.18-1 [202 kB]
Get:40 http://127.0.0.1:9999/debian unstable/main amd64 autoconf all 2.69-11 [341 kB]
Get:41 http://127.0.0.1:9999/debian unstable/main amd64 autotools-dev all 20171216.1 [75.9 kB]
Get:42 http://127.0.0.1:9999/debian unstable/main amd64 automake all 1:1.15.1-3 [736 kB]
Get:43 http://127.0.0.1:9999/debian unstable/main amd64 autopoint all 0.19.8.1-4 [434 kB]
Get:44 http://127.0.0.1:9999/debian unstable/main amd64 libtool all 2.4.6-2 [545 kB]
Get:45 http://127.0.0.1:9999/debian unstable/main amd64 dh-autoreconf all 16 [16.3 kB]
Get:46 http://127.0.0.1:9999/debian unstable/main amd64 libarchive-zip-perl all 1.60-1 [95.6 kB]
Get:47 http://127.0.0.1:9999/debian unstable/main amd64 libfile-stripnondeterminism-perl all 0.040-1 [18.4 kB]
Get:48 http://127.0.0.1:9999/debian unstable/main amd64 libtimedate-perl all 2.3000-2 [42.2 kB]
Get:49 http://127.0.0.1:9999/debian unstable/main amd64 dh-strip-nondeterminism all 0.040-1 [11.8 kB]
Get:50 http://127.0.0.1:9999/debian unstable/main amd64 libglib2.0-0 amd64 2.54.3-2 [2822 kB]
Get:51 http://127.0.0.1:9999/debian unstable/main amd64 libcroco3 amd64 0.6.12-2 [144 kB]
Get:52 http://127.0.0.1:9999/debian unstable/main amd64 gettext amd64 0.19.8.1-4 [1302 kB]
Get:53 http://127.0.0.1:9999/debian unstable/main amd64 intltool-debian all 0.35.0+20060710.4 [26.3 kB]
Get:54 http://127.0.0.1:9999/debian unstable/main amd64 po-debconf all 1.0.20 [247 kB]
Get:55 http://127.0.0.1:9999/debian unstable/main amd64 debhelper all 11.1.4 [1005 kB]
Get:56 http://127.0.0.1:9999/debian unstable/main amd64 dh-systemd all 11.1.4 [114 kB]
Get:57 http://127.0.0.1:9999/debian unstable/main amd64 icu-devtools amd64 57.1-8 [177 kB]
Get:58 http://127.0.0.1:9999/debian unstable/main amd64 libboost1.62-dev amd64 1.62.0+dfsg-5 [7004 kB]
Get:59 http://127.0.0.1:9999/debian unstable/main amd64 libboost-dev amd64 1.62.0.1 [3632 B]
Get:60 http://127.0.0.1:9999/debian unstable/main amd64 libboost-system1.62.0 amd64 1.62.0+dfsg-5 [32.6 kB]
Get:61 http://127.0.0.1:9999/debian unstable/main amd64 libboost-filesystem1.62.0 amd64 1.62.0+dfsg-5 [63.4 kB]
Get:62 http://127.0.0.1:9999/debian unstable/main amd64 libboost-system1.62-dev amd64 1.62.0+dfsg-5 [34.1 kB]
Get:63 http://127.0.0.1:9999/debian unstable/main amd64 libboost-filesystem1.62-dev amd64 1.62.0+dfsg-5 [73.2 kB]
Get:64 http://127.0.0.1:9999/debian unstable/main amd64 libboost-filesystem-dev amd64 1.62.0.1 [3448 B]
Get:65 http://127.0.0.1:9999/debian unstable/main amd64 libboost-regex1.62.0 amd64 1.62.0+dfsg-5 [288 kB]
Get:66 http://127.0.0.1:9999/debian unstable/main amd64 libicu-dev amd64 57.1-8 [16.6 MB]
Get:67 http://127.0.0.1:9999/debian unstable/main amd64 libboost-regex1.62-dev amd64 1.62.0+dfsg-5 [334 kB]
Get:68 http://127.0.0.1:9999/debian unstable/main amd64 libboost-iostreams1.62.0 amd64 1.62.0+dfsg-5 [51.1 kB]
Get:69 http://127.0.0.1:9999/debian unstable/main amd64 libboost-iostreams1.62-dev amd64 1.62.0+dfsg-5 [57.3 kB]
Get:70 http://127.0.0.1:9999/debian unstable/main amd64 libboost-iostreams-dev amd64 1.62.0.1 [3408 B]
Get:71 http://127.0.0.1:9999/debian unstable/main amd64 libboost-program-options1.62.0 amd64 1.62.0+dfsg-5 [160 kB]
Get:72 http://127.0.0.1:9999/debian unstable/main amd64 libboost-program-options1.62-dev amd64 1.62.0+dfsg-5 [184 kB]
Get:73 http://127.0.0.1:9999/debian unstable/main amd64 libboost-program-options-dev amd64 1.62.0.1 [3430 B]
Get:74 http://127.0.0.1:9999/debian unstable/main amd64 libboost-regex-dev amd64 1.62.0.1 [3674 B]
Get:75 http://127.0.0.1:9999/debian unstable/main amd64 libcppunit-1.14-0 amd64 1.14.0-3 [140 kB]
Get:76 http://127.0.0.1:9999/debian unstable/main amd64 libcppunit-dev amd64 1.14.0-3 [196 kB]
Get:77 http://127.0.0.1:9999/debian unstable/main amd64 libosp5 amd64 1.5.2-13+b1 [948 kB]
Get:78 http://127.0.0.1:9999/debian unstable/main amd64 libpam0g-dev amd64 1.1.8-3.6 [184 kB]
Get:79 http://127.0.0.1:9999/debian unstable/main amd64 libsgmls-perl all 1.03ii-36 [26.5 kB]
Get:80 http://127.0.0.1:9999/debian unstable/main amd64 opensp amd64 1.5.2-13+b1 [449 kB]
Get:81 http://127.0.0.1:9999/debian unstable/main amd64 pkg-config amd64 0.29-4+b1 [63.3 kB]
Get:82 http://127.0.0.1:9999/debian unstable/main amd64 po4a all 0.52-1 [1498 kB]
Get:83 http://127.0.0.1:9999/debian unstable/main amd64 uuid-dev amd64 2.30.2-0.3 [85.2 kB]
debconf: delaying package configuration, since apt-utils is not installed
Fetched 56.8 MB in 1s (95.0 MB/s)
Selecting previously unselected package groff-base.
(Reading database ... 10722 files and directories currently installed.)
Preparing to unpack .../00-groff-base_1.22.3-9_amd64.deb ...
Unpacking groff-base (1.22.3-9) ...
Selecting previously unselected package bsdmainutils.
Preparing to unpack .../01-bsdmainutils_11.1.2_amd64.deb ...
Unpacking bsdmainutils (11.1.2) ...
Selecting previously unselected package libpipeline1:amd64.
Preparing to unpack .../02-libpipeline1_1.5.0-1_amd64.deb ...
Unpacking libpipeline1:amd64 (1.5.0-1) ...
Selecting previously unselected package man-db.
Preparing to unpack .../03-man-db_2.8.0-2_amd64.deb ...
Unpacking man-db (2.8.0-2) ...
Selecting previously unselected package cmake-data.
Preparing to unpack .../04-cmake-data_3.9.5-1_all.deb ...
Unpacking cmake-data (3.9.5-1) ...
Selecting previously unselected package libprocps6:amd64.
Preparing to unpack .../05-libprocps6_2%3a3.3.12-3_amd64.deb ...
Unpacking libprocps6:amd64 (2:3.3.12-3) ...
Selecting previously unselected package lsb-base.
Preparing to unpack .../06-lsb-base_9.20170808_all.deb ...
Unpacking lsb-base (9.20170808) ...
Selecting previously unselected package procps.
Preparing to unpack .../07-procps_2%3a3.3.12-3_amd64.deb ...
Unpacking procps (2:3.3.12-3) ...
Selecting previously unselected package liblzo2-2:amd64.
Preparing to unpack .../08-liblzo2-2_2.08-1.2+b2_amd64.deb ...
Unpacking liblzo2-2:amd64 (2.08-1.2+b2) ...
Selecting previously unselected package libicu57:amd64.
Preparing to unpack .../09-libicu57_57.1-8_amd64.deb ...
Unpacking libicu57:amd64 (57.1-8) ...
Selecting previously unselected package libxml2:amd64.
Preparing to unpack .../10-libxml2_2.9.4+dfsg1-6.1_amd64.deb ...
Unpacking libxml2:amd64 (2.9.4+dfsg1-6.1) ...
Selecting previously unselected package libarchive13:amd64.
Preparing to unpack .../11-libarchive13_3.2.2-3.1_amd64.deb ...
Unpacking libarchive13:amd64 (3.2.2-3.1) ...
Selecting previously unselected package libkeyutils1:amd64.
Preparing to unpack .../12-libkeyutils1_1.5.9-9.2_amd64.deb ...
Unpacking libkeyutils1:amd64 (1.5.9-9.2) ...
Selecting previously unselected package libkrb5support0:amd64.
Preparing to unpack .../13-libkrb5support0_1.16-2_amd64.deb ...
Unpacking libkrb5support0:amd64 (1.16-2) ...
Selecting previously unselected package libk5crypto3:amd64.
Preparing to unpack .../14-libk5crypto3_1.16-2_amd64.deb ...
Unpacking libk5crypto3:amd64 (1.16-2) ...
Selecting previously unselected package libkrb5-3:amd64.
Preparing to unpack .../15-libkrb5-3_1.16-2_amd64.deb ...
Unpacking libkrb5-3:amd64 (1.16-2) ...
Selecting previously unselected package libgssapi-krb5-2:amd64.
Preparing to unpack .../16-libgssapi-krb5-2_1.16-2_amd64.deb ...
Unpacking libgssapi-krb5-2:amd64 (1.16-2) ...
Selecting previously unselected package libsasl2-modules-db:amd64.
Preparing to unpack .../17-libsasl2-modules-db_2.1.27~101-g0780600+dfsg-3_amd64.deb ...
Unpacking libsasl2-modules-db:amd64 (2.1.27~101-g0780600+dfsg-3) ...
Selecting previously unselected package libsasl2-2:amd64.
Preparing to unpack .../18-libsasl2-2_2.1.27~101-g0780600+dfsg-3_amd64.deb ...
Unpacking libsasl2-2:amd64 (2.1.27~101-g0780600+dfsg-3) ...
Selecting previously unselected package libldap-common.
Preparing to unpack .../19-libldap-common_2.4.45+dfsg-1_all.deb ...
Unpacking libldap-common (2.4.45+dfsg-1) ...
Selecting previously unselected package libldap-2.4-2:amd64.
Preparing to unpack .../20-libldap-2.4-2_2.4.45+dfsg-1_amd64.deb ...
Unpacking libldap-2.4-2:amd64 (2.4.45+dfsg-1) ...
Selecting previously unselected package libnghttp2-14:amd64.
Preparing to unpack .../21-libnghttp2-14_1.29.0-1_amd64.deb ...
Unpacking libnghttp2-14:amd64 (1.29.0-1) ...
Selecting previously unselected package libpsl5:amd64.
Preparing to unpack .../22-libpsl5_0.19.1-4_amd64.deb ...
Unpacking libpsl5:amd64 (0.19.1-4) ...
Selecting previously unselected package librtmp1:amd64.
Preparing to unpack .../23-librtmp1_2.4+20151223.gitfa8646d.1-1+b1_amd64.deb ...
Unpacking librtmp1:amd64 (2.4+20151223.gitfa8646d.1-1+b1) ...
Selecting previously unselected package libssh2-1:amd64.
Preparing to unpack .../24-libssh2-1_1.8.0-1_amd64.deb ...
Unpacking libssh2-1:amd64 (1.8.0-1) ...
Selecting previously unselected package libssl1.0.2:amd64.
Preparing to unpack .../25-libssl1.0.2_1.0.2n-1_amd64.deb ...
Unpacking libssl1.0.2:amd64 (1.0.2n-1) ...
Selecting previously unselected package libcurl3:amd64.
Preparing to unpack .../26-libcurl3_7.58.0-2_amd64.deb ...
Unpacking libcurl3:amd64 (7.58.0-2) ...
Selecting previously unselected package libexpat1:amd64.
Preparing to unpack .../27-libexpat1_2.2.5-3_amd64.deb ...
Unpacking libexpat1:amd64 (2.2.5-3) ...
Selecting previously unselected package librhash0.
Preparing to unpack .../28-librhash0_1.3.4-3_amd64.deb ...
Unpacking librhash0 (1.3.4-3) ...
Selecting previously unselected package libuv1:amd64.
Preparing to unpack .../29-libuv1_1.18.0-3_amd64.deb ...
Unpacking libuv1:amd64 (1.18.0-3) ...
Selecting previously unselected package cmake.
Preparing to unpack .../30-cmake_3.9.5-1_amd64.deb ...
Unpacking cmake (3.9.5-1) ...
Selecting previously unselected package sgml-base.
Preparing to unpack .../31-sgml-base_1.29_all.deb ...
Unpacking sgml-base (1.29) ...
Selecting previously unselected package libmagic-mgc.
Preparing to unpack .../32-libmagic-mgc_1%3a5.32-1_amd64.deb ...
Unpacking libmagic-mgc (1:5.32-1) ...
Selecting previously unselected package libmagic1:amd64.
Preparing to unpack .../33-libmagic1_1%3a5.32-1_amd64.deb ...
Unpacking libmagic1:amd64 (1:5.32-1) ...
Selecting previously unselected package file.
Preparing to unpack .../34-file_1%3a5.32-1_amd64.deb ...
Unpacking file (1:5.32-1) ...
Selecting previously unselected package gettext-base.
Preparing to unpack .../35-gettext-base_0.19.8.1-4_amd64.deb ...
Unpacking gettext-base (0.19.8.1-4) ...
Selecting previously unselected package libsigsegv2:amd64.
Preparing to unpack .../36-libsigsegv2_2.12-1_amd64.deb ...
Unpacking libsigsegv2:amd64 (2.12-1) ...
Selecting previously unselected package m4.
Preparing to unpack .../37-m4_1.4.18-1_amd64.deb ...
Unpacking m4 (1.4.18-1) ...
Selecting previously unselected package autoconf.
Preparing to unpack .../38-autoconf_2.69-11_all.deb ...
Unpacking autoconf (2.69-11) ...
Selecting previously unselected package autotools-dev.
Preparing to unpack .../39-autotools-dev_20171216.1_all.deb ...
Unpacking autotools-dev (20171216.1) ...
Selecting previously unselected package automake.
Preparing to unpack .../40-automake_1%3a1.15.1-3_all.deb ...
Unpacking automake (1:1.15.1-3) ...
Selecting previously unselected package autopoint.
Preparing to unpack .../41-autopoint_0.19.8.1-4_all.deb ...
Unpacking autopoint (0.19.8.1-4) ...
Selecting previously unselected package libtool.
Preparing to unpack .../42-libtool_2.4.6-2_all.deb ...
Unpacking libtool (2.4.6-2) ...
Selecting previously unselected package dh-autoreconf.
Preparing to unpack .../43-dh-autoreconf_16_all.deb ...
Unpacking dh-autoreconf (16) ...
Selecting previously unselected package libarchive-zip-perl.
Preparing to unpack .../44-libarchive-zip-perl_1.60-1_all.deb ...
Unpacking libarchive-zip-perl (1.60-1) ...
Selecting previously unselected package libfile-stripnondeterminism-perl.
Preparing to unpack .../45-libfile-stripnondeterminism-perl_0.040-1_all.deb ...
Unpacking libfile-stripnondeterminism-perl (0.040-1) ...
Selecting previously unselected package libtimedate-perl.
Preparing to unpack .../46-libtimedate-perl_2.3000-2_all.deb ...
Unpacking libtimedate-perl (2.3000-2) ...
Selecting previously unselected package dh-strip-nondeterminism.
Preparing to unpack .../47-dh-strip-nondeterminism_0.040-1_all.deb ...
Unpacking dh-strip-nondeterminism (0.040-1) ...
Selecting previously unselected package libglib2.0-0:amd64.
Preparing to unpack .../48-libglib2.0-0_2.54.3-2_amd64.deb ...
Unpacking libglib2.0-0:amd64 (2.54.3-2) ...
Selecting previously unselected package libcroco3:amd64.
Preparing to unpack .../49-libcroco3_0.6.12-2_amd64.deb ...
Unpacking libcroco3:amd64 (0.6.12-2) ...
Selecting previously unselected package gettext.
Preparing to unpack .../50-gettext_0.19.8.1-4_amd64.deb ...
Unpacking gettext (0.19.8.1-4) ...
Selecting previously unselected package intltool-debian.
Preparing to unpack .../51-intltool-debian_0.35.0+20060710.4_all.deb ...
Unpacking intltool-debian (0.35.0+20060710.4) ...
Selecting previously unselected package po-debconf.
Preparing to unpack .../52-po-debconf_1.0.20_all.deb ...
Unpacking po-debconf (1.0.20) ...
Selecting previously unselected package debhelper.
Preparing to unpack .../53-debhelper_11.1.4_all.deb ...
Unpacking debhelper (11.1.4) ...
Selecting previously unselected package dh-systemd.
Preparing to unpack .../54-dh-systemd_11.1.4_all.deb ...
Unpacking dh-systemd (11.1.4) ...
Selecting previously unselected package icu-devtools.
Preparing to unpack .../55-icu-devtools_57.1-8_amd64.deb ...
Unpacking icu-devtools (57.1-8) ...
Selecting previously unselected package libboost1.62-dev:amd64.
Preparing to unpack .../56-libboost1.62-dev_1.62.0+dfsg-5_amd64.deb ...
Unpacking libboost1.62-dev:amd64 (1.62.0+dfsg-5) ...
Selecting previously unselected package libboost-dev:amd64.
Preparing to unpack .../57-libboost-dev_1.62.0.1_amd64.deb ...
Unpacking libboost-dev:amd64 (1.62.0.1) ...
Selecting previously unselected package libboost-system1.62.0:amd64.
Preparing to unpack .../58-libboost-system1.62.0_1.62.0+dfsg-5_amd64.deb ...
Unpacking libboost-system1.62.0:amd64 (1.62.0+dfsg-5) ...
Selecting previously unselected package libboost-filesystem1.62.0:amd64.
Preparing to unpack .../59-libboost-filesystem1.62.0_1.62.0+dfsg-5_amd64.deb ...
Unpacking libboost-filesystem1.62.0:amd64 (1.62.0+dfsg-5) ...
Selecting previously unselected package libboost-system1.62-dev:amd64.
Preparing to unpack .../60-libboost-system1.62-dev_1.62.0+dfsg-5_amd64.deb ...
Unpacking libboost-system1.62-dev:amd64 (1.62.0+dfsg-5) ...
Selecting previously unselected package libboost-filesystem1.62-dev:amd64.
Preparing to unpack .../61-libboost-filesystem1.62-dev_1.62.0+dfsg-5_amd64.deb ...
Unpacking libboost-filesystem1.62-dev:amd64 (1.62.0+dfsg-5) ...
Selecting previously unselected package libboost-filesystem-dev:amd64.
Preparing to unpack .../62-libboost-filesystem-dev_1.62.0.1_amd64.deb ...
Unpacking libboost-filesystem-dev:amd64 (1.62.0.1) ...
Selecting previously unselected package libboost-regex1.62.0:amd64.
Preparing to unpack .../63-libboost-regex1.62.0_1.62.0+dfsg-5_amd64.deb ...
Unpacking libboost-regex1.62.0:amd64 (1.62.0+dfsg-5) ...
Selecting previously unselected package libicu-dev.
Preparing to unpack .../64-libicu-dev_57.1-8_amd64.deb ...
Unpacking libicu-dev (57.1-8) ...
Selecting previously unselected package libboost-regex1.62-dev:amd64.
Preparing to unpack .../65-libboost-regex1.62-dev_1.62.0+dfsg-5_amd64.deb ...
Unpacking libboost-regex1.62-dev:amd64 (1.62.0+dfsg-5) ...
Selecting previously unselected package libboost-iostreams1.62.0:amd64.
Preparing to unpack .../66-libboost-iostreams1.62.0_1.62.0+dfsg-5_amd64.deb ...
Unpacking libboost-iostreams1.62.0:amd64 (1.62.0+dfsg-5) ...
Selecting previously unselected package libboost-iostreams1.62-dev:amd64.
Preparing to unpack .../67-libboost-iostreams1.62-dev_1.62.0+dfsg-5_amd64.deb ...
Unpacking libboost-iostreams1.62-dev:amd64 (1.62.0+dfsg-5) ...
Selecting previously unselected package libboost-iostreams-dev:amd64.
Preparing to unpack .../68-libboost-iostreams-dev_1.62.0.1_amd64.deb ...
Unpacking libboost-iostreams-dev:amd64 (1.62.0.1) ...
Selecting previously unselected package libboost-program-options1.62.0:amd64.
Preparing to unpack .../69-libboost-program-options1.62.0_1.62.0+dfsg-5_amd64.deb ...
Unpacking libboost-program-options1.62.0:amd64 (1.62.0+dfsg-5) ...
Selecting previously unselected package libboost-program-options1.62-dev:amd64.
Preparing to unpack .../70-libboost-program-options1.62-dev_1.62.0+dfsg-5_amd64.deb ...
Unpacking libboost-program-options1.62-dev:amd64 (1.62.0+dfsg-5) ...
Selecting previously unselected package libboost-program-options-dev:amd64.
Preparing to unpack .../71-libboost-program-options-dev_1.62.0.1_amd64.deb ...
Unpacking libboost-program-options-dev:amd64 (1.62.0.1) ...
Selecting previously unselected package libboost-regex-dev:amd64.
Preparing to unpack .../72-libboost-regex-dev_1.62.0.1_amd64.deb ...
Unpacking libboost-regex-dev:amd64 (1.62.0.1) ...
Selecting previously unselected package libcppunit-1.14-0:amd64.
Preparing to unpack .../73-libcppunit-1.14-0_1.14.0-3_amd64.deb ...
Unpacking libcppunit-1.14-0:amd64 (1.14.0-3) ...
Selecting previously unselected package libcppunit-dev.
Preparing to unpack .../74-libcppunit-dev_1.14.0-3_amd64.deb ...
Unpacking libcppunit-dev (1.14.0-3) ...
Selecting previously unselected package libosp5.
Preparing to unpack .../75-libosp5_1.5.2-13+b1_amd64.deb ...
Unpacking libosp5 (1.5.2-13+b1) ...
Selecting previously unselected package libpam0g-dev:amd64.
Preparing to unpack .../76-libpam0g-dev_1.1.8-3.6_amd64.deb ...
Unpacking libpam0g-dev:amd64 (1.1.8-3.6) ...
Selecting previously unselected package libsgmls-perl.
Preparing to unpack .../77-libsgmls-perl_1.03ii-36_all.deb ...
Unpacking libsgmls-perl (1.03ii-36) ...
Selecting previously unselected package opensp.
Preparing to unpack .../78-opensp_1.5.2-13+b1_amd64.deb ...
Unpacking opensp (1.5.2-13+b1) ...
Selecting previously unselected package pkg-config.
Preparing to unpack .../79-pkg-config_0.29-4+b1_amd64.deb ...
Unpacking pkg-config (0.29-4+b1) ...
Selecting previously unselected package po4a.
Preparing to unpack .../80-po4a_0.52-1_all.deb ...
Unpacking po4a (0.52-1) ...
Selecting previously unselected package uuid-dev:amd64.
Preparing to unpack .../81-uuid-dev_2.30.2-0.3_amd64.deb ...
Unpacking uuid-dev:amd64 (2.30.2-0.3) ...
Selecting previously unselected package sbuild-build-depends-schroot-dummy.
Preparing to unpack .../82-sbuild-build-depends-schroot-dummy_0.invalid.0_amd64.deb ...
Unpacking sbuild-build-depends-schroot-dummy (0.invalid.0) ...
Setting up libcppunit-1.14-0:amd64 (1.14.0-3) ...
Setting up libpam0g-dev:amd64 (1.1.8-3.6) ...
Setting up libexpat1:amd64 (2.2.5-3) ...
Setting up libarchive-zip-perl (1.60-1) ...
Setting up libnghttp2-14:amd64 (1.29.0-1) ...
Setting up libboost1.62-dev:amd64 (1.62.0+dfsg-5) ...
Setting up libtimedate-perl (2.3000-2) ...
Setting up libsigsegv2:amd64 (2.12-1) ...
Setting up libldap-common (2.4.45+dfsg-1) ...
Setting up libboost-program-options1.62.0:amd64 (1.62.0+dfsg-5) ...
Setting up libuv1:amd64 (1.18.0-3) ...
Setting up libpsl5:amd64 (0.19.1-4) ...
Setting up groff-base (1.22.3-9) ...
Setting up libglib2.0-0:amd64 (2.54.3-2) ...
No schema files found: doing nothing.
Setting up libcppunit-dev (1.14.0-3) ...
Setting up libsasl2-modules-db:amd64 (2.1.27~101-g0780600+dfsg-3) ...
Setting up libboost-program-options1.62-dev:amd64 (1.62.0+dfsg-5) ...
Setting up libsasl2-2:amd64 (2.1.27~101-g0780600+dfsg-3) ...
Setting up uuid-dev:amd64 (2.30.2-0.3) ...
Setting up libosp5 (1.5.2-13+b1) ...
Setting up gettext-base (0.19.8.1-4) ...
Setting up cmake-data (3.9.5-1) ...
Setting up libpipeline1:amd64 (1.5.0-1) ...
Setting up librtmp1:amd64 (2.4+20151223.gitfa8646d.1-1+b1) ...
Setting up m4 (1.4.18-1) ...
Setting up sgml-base (1.29) ...
Setting up libicu57:amd64 (57.1-8) ...
Setting up libprocps6:amd64 (2:3.3.12-3) ...
Setting up libxml2:amd64 (2.9.4+dfsg1-6.1) ...
Setting up libmagic-mgc (1:5.32-1) ...
Setting up libmagic1:amd64 (1:5.32-1) ...
Setting up lsb-base (9.20170808) ...
Setting up librhash0 (1.3.4-3) ...
Setting up procps (2:3.3.12-3) ...
update-alternatives: using /usr/bin/w.procps to provide /usr/bin/w (w) in auto mode
Setting up libcroco3:amd64 (0.6.12-2) ...
Setting up libboost-iostreams1.62.0:amd64 (1.62.0+dfsg-5) ...
Setting up libssl1.0.2:amd64 (1.0.2n-1) ...
Setting up pkg-config (0.29-4+b1) ...
Setting up libssh2-1:amd64 (1.8.0-1) ...
Processing triggers for libc-bin (2.26-6) ...
Setting up autotools-dev (20171216.1) ...
Setting up libldap-2.4-2:amd64 (2.4.45+dfsg-1) ...
Setting up icu-devtools (57.1-8) ...
Setting up libboost-dev:amd64 (1.62.0.1) ...
Setting up libkeyutils1:amd64 (1.5.9-9.2) ...
Setting up bsdmainutils (11.1.2) ...
update-alternatives: using /usr/bin/bsd-write to provide /usr/bin/write (write) in auto mode
update-alternatives: using /usr/bin/bsd-from to provide /usr/bin/from (from) in auto mode
Setting up libsgmls-perl (1.03ii-36) ...
Setting up autopoint (0.19.8.1-4) ...
Setting up libboost-system1.62.0:amd64 (1.62.0+dfsg-5) ...
Setting up liblzo2-2:amd64 (2.08-1.2+b2) ...
Setting up libboost-program-options-dev:amd64 (1.62.0.1) ...
Setting up libfile-stripnondeterminism-perl (0.040-1) ...
Setting up opensp (1.5.2-13+b1) ...
Setting up gettext (0.19.8.1-4) ...
Setting up libarchive13:amd64 (3.2.2-3.1) ...
Setting up libboost-regex1.62.0:amd64 (1.62.0+dfsg-5) ...
Setting up autoconf (2.69-11) ...
Setting up libicu-dev (57.1-8) ...
Setting up file (1:5.32-1) ...
Setting up libkrb5support0:amd64 (1.16-2) ...
Setting up intltool-debian (0.35.0+20060710.4) ...
Setting up libboost-system1.62-dev:amd64 (1.62.0+dfsg-5) ...
Setting up po4a (0.52-1) ...
Setting up libboost-filesystem1.62.0:amd64 (1.62.0+dfsg-5) ...
Setting up automake (1:1.15.1-3) ...
update-alternatives: using /usr/bin/automake-1.15 to provide /usr/bin/automake (automake) in auto mode
Setting up man-db (2.8.0-2) ...
Not building database; man-db/auto-update is not 'true'.
Setting up libtool (2.4.6-2) ...
Setting up libk5crypto3:amd64 (1.16-2) ...
Setting up libboost-filesystem1.62-dev:amd64 (1.62.0+dfsg-5) ...
Setting up po-debconf (1.0.20) ...
Setting up libboost-regex1.62-dev:amd64 (1.62.0+dfsg-5) ...
Setting up libboost-iostreams1.62-dev:amd64 (1.62.0+dfsg-5) ...
Setting up libboost-filesystem-dev:amd64 (1.62.0.1) ...
Setting up libboost-iostreams-dev:amd64 (1.62.0.1) ...
Setting up libboost-regex-dev:amd64 (1.62.0.1) ...
Setting up libkrb5-3:amd64 (1.16-2) ...
Setting up libgssapi-krb5-2:amd64 (1.16-2) ...
Setting up libcurl3:amd64 (7.58.0-2) ...
Setting up cmake (3.9.5-1) ...
Setting up dh-autoreconf (16) ...
Setting up dh-strip-nondeterminism (0.040-1) ...
Setting up debhelper (11.1.4) ...
Setting up dh-systemd (11.1.4) ...
Setting up sbuild-build-depends-schroot-dummy (0.invalid.0) ...
Processing triggers for libc-bin (2.26-6) ...

+------------------------------------------------------------------------------+
| Build environment                                                            |
+------------------------------------------------------------------------------+

Kernel: Linux 4.9.0-2-amd64 amd64 (x86_64)
Toolchain package versions: binutils_2.30-2 dpkg-dev_1.19.0.5 g++-7_7.3.0-1 gcc-7_7.3.0-1 libc6-dev_2.26-6 libstdc++-7-dev_7.3.0-1 libstdc++6_7.3.0-1 linux-libc-dev_4.14.13-1
Package versions: adduser_3.117 apt_1.6~alpha7 autoconf_2.69-11 automake_1:1.15.1-3 autopoint_0.19.8.1-4 autotools-dev_20171216.1 base-files_10.1 base-passwd_3.5.44 bash_4.4.18-1 binutils_2.30-2 binutils-common_2.30-2 binutils-x86-64-linux-gnu_2.30-2 bsdmainutils_11.1.2 bsdutils_1:2.30.2-0.3 build-essential_12.4 bzip2_1.0.6-8.1 clang-6.0_1:6.0~+rc1-1 cmake_3.9.5-1 cmake-data_3.9.5-1 coreutils_8.28-1 cpp_4:7.2.0-1d1 cpp-7_7.3.0-1 dash_0.5.8-2.10 debconf_1.5.65 debfoster_2.7-2.1+b1 debhelper_11.1.4 debian-archive-keyring_2017.7 debianutils_4.8.4 dh-autoreconf_16 dh-strip-nondeterminism_0.040-1 dh-systemd_11.1.4 diffutils_1:3.6-1 dpkg_1.19.0.5 dpkg-dev_1.19.0.5 e2fslibs_1.43.8-2 e2fsprogs_1.43.8-2 eatmydata_105-5 fakeroot_1.22-2 fdisk_2.30.2-0.3 file_1:5.32-1 findutils_4.6.0+git+20170828-2 g++_4:7.2.0-1d1 g++-7_7.3.0-1 gcc_4:7.2.0-1d1 gcc-6-base_6.4.0-12 gcc-7_7.3.0-1 gcc-7-base_7.3.0-1 gettext_0.19.8.1-4 gettext-base_0.19.8.1-4 gpgv_2.2.4-2 grep_3.1-2 groff-base_1.22.3-9 gzip_1.6-5+b1 hostname_3.20 icu-devtools_57.1-8 init-system-helpers_1.51 intltool-debian_0.35.0+20060710.4 lib32gcc1_1:7.3.0-1 lib32stdc++6_7.3.0-1 libacl1_2.2.52-3+b1 libapt-pkg5.0_1.6~alpha7 libarchive-zip-perl_1.60-1 libarchive13_3.2.2-3.1 libasan4_7.3.0-1 libatomic1_7.3.0-1 libattr1_1:2.4.47-2+b2 libaudit-common_1:2.8.2-1 libaudit1_1:2.8.2-1 libbinutils_2.30-2 libblkid1_2.30.2-0.3 libboost-dev_1.62.0.1 libboost-filesystem-dev_1.62.0.1 libboost-filesystem1.62-dev_1.62.0+dfsg-5 libboost-filesystem1.62.0_1.62.0+dfsg-5 libboost-iostreams-dev_1.62.0.1 libboost-iostreams1.62-dev_1.62.0+dfsg-5 libboost-iostreams1.62.0_1.62.0+dfsg-5 libboost-program-options-dev_1.62.0.1 libboost-program-options1.62-dev_1.62.0+dfsg-5 libboost-program-options1.62.0_1.62.0+dfsg-5 libboost-regex-dev_1.62.0.1 libboost-regex1.62-dev_1.62.0+dfsg-5 libboost-regex1.62.0_1.62.0+dfsg-5 libboost-system1.62-dev_1.62.0+dfsg-5 libboost-system1.62.0_1.62.0+dfsg-5 libboost1.62-dev_1.62.0+dfsg-5 libbsd0_0.8.7-1 libbz2-1.0_1.0.6-8.1 libc-bin_2.26-6 libc-dev-bin_2.26-6 libc6_2.26-6 libc6-dev_2.26-6 libc6-i386_2.26-6 libcap-ng0_0.7.7-3.1+b1 libcc1-0_7.3.0-1 libcilkrts5_7.3.0-1 libclang-common-6.0-dev_1:6.0~+rc1-1 libclang1-6.0_1:6.0~+rc1-1 libcomerr2_1.43.8-2 libcppunit-1.14-0_1.14.0-3 libcppunit-dev_1.14.0-3 libcroco3_0.6.12-2 libcurl3_7.58.0-2 libdb5.3_5.3.28-13.1+b1 libdebconfclient0_0.240 libdpkg-perl_1.19.0.5 libeatmydata1_105-5 libedit2_3.1-20170329-1 libexpat1_2.2.5-3 libfakeroot_1.22-2 libfdisk1_2.30.2-0.3 libffi6_3.2.1-8 libfile-stripnondeterminism-perl_0.040-1 libgc1c2_1:7.4.2-8.1 libgcc-7-dev_7.3.0-1 libgcc1_1:7.3.0-1 libgcrypt20_1.8.1-4 libgdbm3_1.8.3-14 libgdbm5_1.14.1-2 libglib2.0-0_2.54.3-2 libgmp10_2:6.1.2+dfsg-2 libgnutls30_3.5.17-1 libgomp1_7.3.0-1 libgpg-error0_1.27-6 libgssapi-krb5-2_1.16-2 libhogweed4_3.4-1 libicu-dev_57.1-8 libicu57_57.1-8 libidn2-0_2.0.4-1.1 libisl15_0.18-1 libitm1_7.3.0-1 libjsoncpp1_1.7.4-3 libk5crypto3_1.16-2 libkeyutils1_1.5.9-9.2 libkrb5-3_1.16-2 libkrb5support0_1.16-2 libldap-2.4-2_2.4.45+dfsg-1 libldap-common_2.4.45+dfsg-1 libllvm6.0_1:6.0~+rc1-1 liblsan0_7.3.0-1 liblz4-1_0.0~r131-2+b1 liblzma5_5.2.2-1.3 liblzo2-2_2.08-1.2+b2 libmagic-mgc_1:5.32-1 libmagic1_1:5.32-1 libmount1_2.30.2-0.3 libmpc3_1.1.0-1 libmpfr4_3.1.6-1 libmpfr6_4.0.1~rc2-1 libmpx2_7.3.0-1 libncurses5_6.0+20171125-1 libncursesw5_6.0+20171125-1 libnettle6_3.4-1 libnghttp2-14_1.29.0-1 libobjc-7-dev_7.3.0-1 libobjc4_7.3.0-1 libosp5_1.5.2-13+b1 libp11-kit0_0.23.9-2 libpam-modules_1.1.8-3.6 libpam-modules-bin_1.1.8-3.6 libpam-runtime_1.1.8-3.6 libpam0g_1.1.8-3.6 libpam0g-dev_1.1.8-3.6 libpcre3_2:8.39-9 libperl5.26_5.26.1-4+b1 libpipeline1_1.5.0-1 libprocps6_2:3.3.12-3 libpsl5_0.19.1-4 libquadmath0_7.3.0-1 librhash0_1.3.4-3 librtmp1_2.4+20151223.gitfa8646d.1-1+b1 libsasl2-2_2.1.27~101-g0780600+dfsg-3 libsasl2-modules-db_2.1.27~101-g0780600+dfsg-3 libseccomp2_2.3.1-2.1 libselinux1_2.7-2+b1 libsemanage-common_2.7-2 libsemanage1_2.7-2+b1 libsepol1_2.7-1 libsgmls-perl_1.03ii-36 libsigsegv2_2.12-1 libsmartcols1_2.30.2-0.3 libss2_1.43.8-2 libssh2-1_1.8.0-1 libssl1.0.2_1.0.2n-1 libstdc++-7-dev_7.3.0-1 libstdc++6_7.3.0-1 libsystemd0_237-1 libtasn1-6_4.13-2 libtimedate-perl_2.3000-2 libtinfo5_6.0+20171125-1 libtool_2.4.6-2 libtsan0_7.3.0-1 libubsan0_7.3.0-1 libudev1_237-1 libunistring2_0.9.8-1 libustr-1.0-1_1.0.4-6 libuuid1_2.30.2-0.3 libuv1_1.18.0-3 libxml2_2.9.4+dfsg1-6.1 linux-libc-dev_4.14.13-1 login_1:4.5-1 lsb-base_9.20170808 m4_1.4.18-1 make_4.1-9.1 man-db_2.8.0-2 mawk_1.3.3-17+b3 mount_2.30.2-0.3 multiarch-support_2.26-6 ncurses-base_6.0+20171125-1 ncurses-bin_6.0+20171125-1 opensp_1.5.2-13+b1 passwd_1:4.5-1 patch_2.7.5-1+b2 perl_5.26.1-4+b1 perl-base_5.26.1-4+b1 perl-modules-5.26_5.26.1-4 pkg-config_0.29-4+b1 po-debconf_1.0.20 po4a_0.52-1 procps_2:3.3.12-3 sbuild-build-depends-core-dummy_0.invalid.0 sbuild-build-depends-schroot-dummy_0.invalid.0 sed_4.4-2 sensible-utils_0.0.11 sgml-base_1.29 sysvinit-utils_2.88dsf-59.10 tar_1.29b-2 util-linux_2.30.2-0.3 uuid-dev_2.30.2-0.3 xz-utils_5.2.2-1.3 zlib1g_1:1.2.8.dfsg-5

+------------------------------------------------------------------------------+
| Build                                                                        |
+------------------------------------------------------------------------------+


Unpack source
-------------

gpgv: unknown type of key resource 'trustedkeys.kbx'
gpgv: keyblock resource '/sbuild-nonexistent/.gnupg/trustedkeys.kbx': General error
gpgv: Signature made Tue Jun  6 15:22:28 2017 UTC
gpgv:                using RSA key D7CDB78351109E12752EC6D203881DABEBC29AB9
gpgv: Can't check signature: No public key
dpkg-source: warning: failed to verify signature on ./schroot_1.6.10-4.dsc
dpkg-source: info: extracting schroot in /<<PKGBUILDDIR>>
dpkg-source: info: unpacking schroot_1.6.10.orig.tar.xz
dpkg-source: info: unpacking schroot_1.6.10-4.debian.tar.xz
dpkg-source: info: applying Add-support-for-more-compression-formats.patch
dpkg-source: info: applying Add-SESSION_SOURCE-and-CHROOT_SESSION_SOURCE.patch
dpkg-source: info: applying 10mount-Move-mount-directory-to-var-run.patch
dpkg-source: info: applying Support-union-mounts-with-overlay-as-in-Linux-4.0.patch
dpkg-source: info: applying GCC5-fixes-on-regexes.patch
dpkg-source: info: applying schroot-mount-make-bind-mounts-private.patch
dpkg-source: info: applying schroot-mount-resolve-mount-destinations-while-chrooted.patch
dpkg-source: info: applying fix-test-suite-with-usrmerge.patch
dpkg-source: info: applying Unmount-everything-that-we-can-instead-of-giving-up.patch
dpkg-source: info: applying fix-killprocs.patch
dpkg-source: info: applying fix-bash-completion.patch

Check disk space
----------------

Sufficient free space for build

User Environment
----------------

APT_CONFIG=/var/lib/sbuild/apt.conf
HOME=/sbuild-nonexistent
LANG=en_US.UTF-8
LC_ALL=POSIX
LOGNAME=user42
PATH=/usr/local/sbin:/usr/local/bin:/usr/sbin:/usr/bin:/sbin:/bin:/usr/games
SCHROOT_ALIAS_NAME=unstable-amd64-sbuild
SCHROOT_CHROOT_NAME=unstable-amd64-sbuild
SCHROOT_COMMAND=env
SCHROOT_GID=1001
SCHROOT_GROUP=user42
SCHROOT_SESSION_ID=unstable-amd64-sbuild-7b694aa9-5e53-4fc7-829d-4d2a39ed1f3a
SCHROOT_UID=1001
SCHROOT_USER=user42
SHELL=/bin/sh
USER=user42

dpkg-buildpackage
-----------------

dpkg-buildpackage: info: source package schroot
dpkg-buildpackage: info: source version 1.6.10-4
dpkg-buildpackage: info: source distribution unstable
dpkg-buildpackage: info: source changed by Raphal Hertzog <hertzog@debian.org>
 dpkg-source --before-build schroot-1.6.10
dpkg-buildpackage: info: host architecture amd64
 fakeroot debian/rules clean
dh clean --with systemd --buildsystem=cmake --builddirectory=debian/build --parallel
   debian/rules override_dh_auto_clean
make[1]: Entering directory '/<<PKGBUILDDIR>>'
dh_auto_clean
rm -f debian/schroot.install debian/schroot-common.install
rm -rf debian/build
rm -rf debian/install
make[1]: Leaving directory '/<<PKGBUILDDIR>>'
   dh_clean -O--buildsystem=cmake -O--builddirectory=debian/build -O--parallel
 debian/rules build-arch
dh build-arch --with systemd --buildsystem=cmake --builddirectory=debian/build --parallel
   dh_update_autotools_config -a -O--buildsystem=cmake -O--builddirectory=debian/build -O--parallel
   debian/rules override_dh_auto_configure
make[1]: Entering directory '/<<PKGBUILDDIR>>'
mkdir -p debian/build/
cd debian/build/ ; \
  GTEST_ROOT="/<<PKGBUILDDIR>>/debian/build/gtest" \
  CFLAGS="-g -O2 -fdebug-prefix-map=/<<PKGBUILDDIR>>=. -fstack-protector-strong -Wformat -Werror=format-security -Wall -Wdate-time -D_FORTIFY_SOURCE=2" \
  CXXFLAGS="-g -O2 -fdebug-prefix-map=/<<PKGBUILDDIR>>=. -fstack-protector-strong -Wformat -Werror=format-security -Wall -D_FILE_OFFSET_BITS=64 -D_LARGEFILE_SOURCE -Wdate-time -D_FORTIFY_SOURCE=2" \
  cmake -DCMAKE_INSTALL_PREFIX=/usr \
        -DCMAKE_INSTALL_SYSCONFDIR=/etc \
        -DCMAKE_INSTALL_LOCALSTATEDIR=/var \
        -DCMAKE_INSTALL_LIBEXECDIR=lib \
        -DSCHROOT_LIBEXEC_DIR=/usr/lib/x86_64-linux-gnu/schroot \
        -Ddebug=OFF -Ddchroot=OFF -Ddchroot-dsa=OFF \
        -Dbash_completion_dir=/usr/share/bash-completion/completions \
        -Dlvm-snapshot=ON -Dbtrfs-snapshot=ON \
        -DBTRFS_EXECUTABLE=/sbin/btrfs \
        -DLVCREATE_EXECUTABLE=/sbin/lvcreate \
        -DLVREMOVE_EXECUTABLE=/sbin/lvremove \
        /<<PKGBUILDDIR>>
-- The C compiler identification is Clang 6.0.0
-- The CXX compiler identification is Clang 6.0.0
-- Check for working C compiler: /usr/bin/cc
-- Check for working C compiler: /usr/bin/cc -- works
-- Detecting C compiler ABI info
-- Detecting C compiler ABI info - done
-- Detecting C compile features
-- Detecting C compile features - done
-- Check for working CXX compiler: /usr/bin/c++
-- Check for working CXX compiler: /usr/bin/c++ -- works
-- Detecting CXX compiler ABI info
-- Detecting CXX compiler ABI info - done
-- Detecting CXX compile features
-- Detecting CXX compile features - done
-- Reading release metadata from cmake/GitVersion.cmake
-- Configuring schroot 1.6.10 (05 May 2014)
-- Performing Test CXX_FLAG_CXX11
-- Performing Test CXX_FLAG_CXX11 - Success
-- Performing Test CXX_FLAG-pedantic
-- Performing Test CXX_FLAG-pedantic - Success
-- Performing Test CXX_FLAG-Wall
-- Performing Test CXX_FLAG-Wall - Success
-- Performing Test CXX_FLAG-Wcast-align
-- Performing Test CXX_FLAG-Wcast-align - Success
-- Performing Test CXX_FLAG-Wwrite-strings
-- Performing Test CXX_FLAG-Wwrite-strings - Success
-- Performing Test CXX_FLAG-Wswitch-default
-- Performing Test CXX_FLAG-Wswitch-default - Success
-- Performing Test CXX_FLAG-Wcast-qual
-- Performing Test CXX_FLAG-Wcast-qual - Success
-- Performing Test CXX_FLAG-Wunused-variable
-- Performing Test CXX_FLAG-Wunused-variable - Success
-- Performing Test CXX_FLAG-Wredundant-decls
-- Performing Test CXX_FLAG-Wredundant-decls - Success
-- Performing Test CXX_FLAG-Wctor-dtor-privacy
-- Performing Test CXX_FLAG-Wctor-dtor-privacy - Success
-- Performing Test CXX_FLAG-Wnon-virtual-dtor
-- Performing Test CXX_FLAG-Wnon-virtual-dtor - Success
-- Performing Test CXX_FLAG-Wreorder
-- Performing Test CXX_FLAG-Wreorder - Success
-- Performing Test CXX_FLAG-Wold-style-cast
-- Performing Test CXX_FLAG-Wold-style-cast - Success
-- Performing Test CXX_FLAG-Woverloaded-virtual
-- Performing Test CXX_FLAG-Woverloaded-virtual - Success
-- Performing Test CXX_FLAG-fstrict-aliasing
-- Performing Test CXX_FLAG-fstrict-aliasing - Success
-- Looking for C++ include tuple
-- Looking for C++ include tuple - found
-- Looking for C++ include tr1/tuple
-- Looking for C++ include tr1/tuple - found
-- Performing Test HAVE_MEMORY_SHARED_PTR
-- Performing Test HAVE_MEMORY_SHARED_PTR - Success
-- Looking for C++ include tr1/memory
-- Looking for C++ include tr1/memory - found
-- Looking for pthread.h
-- Looking for pthread.h - found
-- Looking for pthread_create
-- Looking for pthread_create - not found
-- Looking for pthread_create in pthreads
-- Looking for pthread_create in pthreads - not found
-- Looking for pthread_create in pthread
-- Looking for pthread_create in pthread - found
-- Found Threads: TRUE  
-- Boost version: 1.62.0
-- Boost version: 1.62.0
-- Found the following Boost libraries:
--   filesystem
--   system
--   iostreams
--   program_options
--   regex
-- Looking for C++ include boost/format.hpp
-- Looking for C++ include boost/format.hpp - found
-- Looking for C++ include boost/iostreams/device/file_descriptor.hpp
-- Looking for C++ include boost/iostreams/device/file_descriptor.hpp - found
-- Looking for C++ include boost/program_options.hpp
-- Looking for C++ include boost/program_options.hpp - found
-- Looking for C++ include boost/type_traits.hpp
-- Looking for C++ include boost/type_traits.hpp - found
-- Performing Test BOOST_PROGRAM_OPTIONS_LINK
-- Performing Test BOOST_PROGRAM_OPTIONS_LINK - Success
-- Performing Test BOOST_PROGRAM_OPTIONS_DESCRIPTION_CURRENT_LINK
-- Performing Test BOOST_PROGRAM_OPTIONS_DESCRIPTION_CURRENT_LINK - Success
-- Performing Test BOOST_IOSTREAMS_LINK
-- Performing Test BOOST_IOSTREAMS_LINK - Success
-- Performing Test BOOST_IOSTREAMS_CLOSE_HANDLE_CURRENT_LINK
-- Performing Test BOOST_IOSTREAMS_CLOSE_HANDLE_CURRENT_LINK - Success
-- Performing Test BOOST_FILESYSTEM_LINK
-- Performing Test BOOST_FILESYSTEM_LINK - Success
-- Performing Test HAVE_REGEX_REGEX
-- Performing Test HAVE_REGEX_REGEX - Success
-- Performing Test CPPUNIT_CLASS
-- Performing Test CPPUNIT_CLASS - Success
-- Found Gettext: /usr/bin/msgmerge (found version "0.19.8.1") 
-- Looking for C++ include uuid/uuid.h
-- Looking for C++ include uuid/uuid.h - found
-- Looking for uuid_generate in uuid
-- Looking for uuid_generate in uuid - found
-- Looking for C++ include security/pam_appl.h
-- Looking for C++ include security/pam_appl.h - found
-- Looking for pam_authenticate in pam
-- Looking for pam_authenticate in pam - found
-- Could NOT find Doxygen (missing: DOXYGEN_EXECUTABLE) 
-- Could NOT find Doxygen (missing: DOXYGEN_EXECUTABLE) 
-- Looking for C++ include sys/personality.h
-- Looking for C++ include sys/personality.h - found
-- Looking for personality
-- Looking for personality - found
-- Generated schroot profile buildd/copyfiles
-- Generated schroot profile buildd/fstab
-- Generated schroot profile buildd/nssdatabases
-- Generated schroot profile default/copyfiles
-- Generated schroot profile default/fstab
-- Generated schroot profile default/nssdatabases
-- Generated schroot profile desktop/copyfiles
-- Generated schroot profile desktop/fstab
-- Generated schroot profile desktop/nssdatabases
-- Generated schroot profile minimal/copyfiles
-- Generated schroot profile minimal/fstab
-- Generated schroot profile minimal/nssdatabases
-- Generated schroot profile sbuild/copyfiles
-- Generated schroot profile sbuild/fstab
-- Generated schroot profile sbuild/nssdatabases
po4a::man: This page includes another file with '.so'. Do not forget to translate this file ('config.man').
po4a::man: This page includes another file with '.so'. Do not forget to translate this file ('authors.man').
po4a::man: This page includes another file with '.so'. Do not forget to translate this file ('copyright.man').
po4a::man: This page includes another file with '.so'. Do not forget to translate this file ('config.man').
po4a::man: This page includes another file with '.so'. Do not forget to translate this file ('authors.man').
po4a::man: This page includes another file with '.so'. Do not forget to translate this file ('copyright.man').
po4a::man: This page includes another file with '.so'. Do not forget to translate this file ('config.man').
po4a::man: This page includes another file with '.so'. Do not forget to translate this file ('authors.man').
po4a::man: This page includes another file with '.so'. Do not forget to translate this file ('copyright.man').
po4a::man: This page includes another file with '.so'. Do not forget to translate this file ('config.man').
po4a::man: This page includes another file with '.so'. Do not forget to translate this file ('authors.man').
po4a::man: This page includes another file with '.so'. Do not forget to translate this file ('copyright.man').
po4a::man: This page includes another file with '.so'. Do not forget to translate this file ('config.man').
po4a::man: This page includes another file with '.so'. Do not forget to translate this file ('authors.man').
po4a::man: This page includes another file with '.so'. Do not forget to translate this file ('copyright.man').
po4a::man: This page includes another file with '.so'. Do not forget to translate this file ('config.man').
po4a::man: This page includes another file with '.so'. Do not forget to translate this file ('authors.man').
po4a::man: This page includes another file with '.so'. Do not forget to translate this file ('copyright.man').
po4a::man: This page includes another file with '.so'. Do not forget to translate this file ('config.man').
po4a::man: This page includes another file with '.so'. Do not forget to translate this file ('authors.man').
po4a::man: This page includes another file with '.so'. Do not forget to translate this file ('copyright.man').
 (654 entries)
po4a::man: This page includes another file with '.so'. Do not forget to translate this file ('config.man').
po4a::man: This page includes another file with '.so'. Do not forget to translate this file ('authors.man').
po4a::man: This page includes another file with '.so'. Do not forget to translate this file ('copyright.man').
po4a::man: This page includes another file with '.so'. Do not forget to translate this file ('config.man').
po4a::man: This page includes another file with '.so'. Do not forget to translate this file ('authors.man').
po4a::man: This page includes another file with '.so'. Do not forget to translate this file ('copyright.man').
po4a::man: This page includes another file with '.so'. Do not forget to translate this file ('config.man').
po4a::man: This page includes another file with '.so'. Do not forget to translate this file ('authors.man').
po4a::man: This page includes another file with '.so'. Do not forget to translate this file ('copyright.man').
po4a::man: This page includes another file with '.so'. Do not forget to translate this file ('config.man').
po4a::man: This page includes another file with '.so'. Do not forget to translate this file ('authors.man').
po4a::man: This page includes another file with '.so'. Do not forget to translate this file ('copyright.man').
po4a::man: This page includes another file with '.so'. Do not forget to translate this file ('config.man').
po4a::man: This page includes another file with '.so'. Do not forget to translate this file ('authors.man').
po4a::man: This page includes another file with '.so'. Do not forget to translate this file ('copyright.man').
po4a::man: This page includes another file with '.so'. Do not forget to translate this file ('config.man').
po4a::man: This page includes another file with '.so'. Do not forget to translate this file ('authors.man').
po4a::man: This page includes another file with '.so'. Do not forget to translate this file ('copyright.man').
Discard translated/de/dchroot.1.man (89 of 117 strings; only 76.06% translated; need 80%).
po4a::man: This page includes another file with '.so'. Do not forget to translate this file ('config.man').
po4a::man: This page includes another file with '.so'. Do not forget to translate this file ('authors.man').
po4a::man: This page includes another file with '.so'. Do not forget to translate this file ('copyright.man').
po4a::man: This page includes another file with '.so'. Do not forget to translate this file ('config.man').
po4a::man: This page includes another file with '.so'. Do not forget to translate this file ('authors.man').
po4a::man: This page includes another file with '.so'. Do not forget to translate this file ('copyright.man').
po4a::man: This page includes another file with '.so'. Do not forget to translate this file ('config.man').
po4a::man: This page includes another file with '.so'. Do not forget to translate this file ('authors.man').
po4a::man: This page includes another file with '.so'. Do not forget to translate this file ('copyright.man').
po4a::man: This page includes another file with '.so'. Do not forget to translate this file ('config.man').
po4a::man: This page includes another file with '.so'. Do not forget to translate this file ('authors.man').
po4a::man: This page includes another file with '.so'. Do not forget to translate this file ('copyright.man').
po4a::man: This page includes another file with '.so'. Do not forget to translate this file ('config.man').
po4a::man: This page includes another file with '.so'. Do not forget to translate this file ('authors.man').
po4a::man: This page includes another file with '.so'. Do not forget to translate this file ('copyright.man').
po4a::man: This page includes another file with '.so'. Do not forget to translate this file ('config.man').
po4a::man: This page includes another file with '.so'. Do not forget to translate this file ('authors.man').
po4a::man: This page includes another file with '.so'. Do not forget to translate this file ('copyright.man').
po4a::man: This page includes another file with '.so'. Do not forget to translate this file ('config.man').
po4a::man: This page includes another file with '.so'. Do not forget to translate this file ('authors.man').
po4a::man: This page includes another file with '.so'. Do not forget to translate this file ('copyright.man').
Discard translated/fr/dchroot.1.man (89 of 117 strings; only 76.06% translated; need 80%).
po4a::man: This page includes another file with '.so'. Do not forget to translate this file ('config.man').
po4a::man: This page includes another file with '.so'. Do not forget to translate this file ('authors.man').
po4a::man: This page includes another file with '.so'. Do not forget to translate this file ('copyright.man').
-- Configuring done
-- Generating done
-- Build files have been written to: /<<PKGBUILDDIR>>/debian/build
dh_testdir
make[1]: Leaving directory '/<<PKGBUILDDIR>>'
   debian/rules override_dh_auto_build
make[1]: Entering directory '/<<PKGBUILDDIR>>'
/usr/bin/make -C debian/build all VERBOSE=1
make[2]: Entering directory '/<<PKGBUILDDIR>>/debian/build'
/usr/bin/cmake -H/<<PKGBUILDDIR>> -B/<<PKGBUILDDIR>>/debian/build --check-build-system CMakeFiles/Makefile.cmake 0
/usr/bin/cmake -E cmake_progress_start /<<PKGBUILDDIR>>/debian/build/CMakeFiles /<<PKGBUILDDIR>>/debian/build/CMakeFiles/progress.marks
/usr/bin/make -f CMakeFiles/Makefile2 all
make[3]: Entering directory '/<<PKGBUILDDIR>>/debian/build'
/usr/bin/make -f sbuild/CMakeFiles/sbuild.dir/build.make sbuild/CMakeFiles/sbuild.dir/depend
/usr/bin/make -f po/CMakeFiles/update-gmo.dir/build.make po/CMakeFiles/update-gmo.dir/depend
/usr/bin/make -f man/CMakeFiles/manpages.dir/build.make man/CMakeFiles/manpages.dir/depend
/usr/bin/make -f man/CMakeFiles/manpage-sources.dir/build.make man/CMakeFiles/manpage-sources.dir/depend
make[4]: Entering directory '/<<PKGBUILDDIR>>/debian/build'
cd /<<PKGBUILDDIR>>/debian/build && /usr/bin/cmake -E cmake_depends "Unix Makefiles" /<<PKGBUILDDIR>> /<<PKGBUILDDIR>>/man /<<PKGBUILDDIR>>/debian/build /<<PKGBUILDDIR>>/debian/build/man /<<PKGBUILDDIR>>/debian/build/man/CMakeFiles/manpages.dir/DependInfo.cmake --color=
make[4]: Entering directory '/<<PKGBUILDDIR>>/debian/build'
cd /<<PKGBUILDDIR>>/debian/build && /usr/bin/cmake -E cmake_depends "Unix Makefiles" /<<PKGBUILDDIR>> /<<PKGBUILDDIR>>/sbuild /<<PKGBUILDDIR>>/debian/build /<<PKGBUILDDIR>>/debian/build/sbuild /<<PKGBUILDDIR>>/debian/build/sbuild/CMakeFiles/sbuild.dir/DependInfo.cmake --color=
make[4]: Entering directory '/<<PKGBUILDDIR>>/debian/build'
make[4]: Entering directory '/<<PKGBUILDDIR>>/debian/build'
cd /<<PKGBUILDDIR>>/debian/build && /usr/bin/cmake -E cmake_depends "Unix Makefiles" /<<PKGBUILDDIR>> /<<PKGBUILDDIR>>/po /<<PKGBUILDDIR>>/debian/build /<<PKGBUILDDIR>>/debian/build/po /<<PKGBUILDDIR>>/debian/build/po/CMakeFiles/update-gmo.dir/DependInfo.cmake --color=
cd /<<PKGBUILDDIR>>/debian/build && /usr/bin/cmake -E cmake_depends "Unix Makefiles" /<<PKGBUILDDIR>> /<<PKGBUILDDIR>>/man /<<PKGBUILDDIR>>/debian/build /<<PKGBUILDDIR>>/debian/build/man /<<PKGBUILDDIR>>/debian/build/man/CMakeFiles/manpage-sources.dir/DependInfo.cmake --color=
Dependee "/<<PKGBUILDDIR>>/debian/build/po/CMakeFiles/update-gmo.dir/DependInfo.cmake" is newer than depender "/<<PKGBUILDDIR>>/debian/build/po/CMakeFiles/update-gmo.dir/depend.internal".
Dependee "/<<PKGBUILDDIR>>/debian/build/po/CMakeFiles/CMakeDirectoryInformation.cmake" is newer than depender "/<<PKGBUILDDIR>>/debian/build/po/CMakeFiles/update-gmo.dir/depend.internal".
Dependee "/<<PKGBUILDDIR>>/debian/build/man/CMakeFiles/manpages.dir/DependInfo.cmake" is newer than depender "/<<PKGBUILDDIR>>/debian/build/man/CMakeFiles/manpages.dir/depend.internal".
Dependee "/<<PKGBUILDDIR>>/debian/build/man/CMakeFiles/CMakeDirectoryInformation.cmake" is newer than depender "/<<PKGBUILDDIR>>/debian/build/man/CMakeFiles/manpages.dir/depend.internal".
Scanning dependencies of target update-gmo
Scanning dependencies of target manpages
make[4]: Leaving directory '/<<PKGBUILDDIR>>/debian/build'
make[4]: Leaving directory '/<<PKGBUILDDIR>>/debian/build'
/usr/bin/make -f po/CMakeFiles/update-gmo.dir/build.make po/CMakeFiles/update-gmo.dir/build
/usr/bin/make -f man/CMakeFiles/manpages.dir/build.make man/CMakeFiles/manpages.dir/build
Dependee "/<<PKGBUILDDIR>>/debian/build/sbuild/CMakeFiles/sbuild.dir/DependInfo.cmake" is newer than depender "/<<PKGBUILDDIR>>/debian/build/sbuild/CMakeFiles/sbuild.dir/depend.internal".
Dependee "/<<PKGBUILDDIR>>/debian/build/sbuild/CMakeFiles/CMakeDirectoryInformation.cmake" is newer than depender "/<<PKGBUILDDIR>>/debian/build/sbuild/CMakeFiles/sbuild.dir/depend.internal".
Dependee "/<<PKGBUILDDIR>>/debian/build/man/CMakeFiles/manpage-sources.dir/DependInfo.cmake" is newer than depender "/<<PKGBUILDDIR>>/debian/build/man/CMakeFiles/manpage-sources.dir/depend.internal".
make[4]: Entering directory '/<<PKGBUILDDIR>>/debian/build'
Dependee "/<<PKGBUILDDIR>>/debian/build/man/CMakeFiles/CMakeDirectoryInformation.cmake" is newer than depender "/<<PKGBUILDDIR>>/debian/build/man/CMakeFiles/manpage-sources.dir/depend.internal".
Scanning dependencies of target manpage-sources
make[4]: Entering directory '/<<PKGBUILDDIR>>/debian/build'
make[4]: Leaving directory '/<<PKGBUILDDIR>>/debian/build'
/usr/bin/make -f man/CMakeFiles/manpage-sources.dir/build.make man/CMakeFiles/manpage-sources.dir/build
make[4]: Entering directory '/<<PKGBUILDDIR>>/debian/build'
make[4]: Nothing to be done for 'man/CMakeFiles/manpage-sources.dir/build'.
make[4]: Leaving directory '/<<PKGBUILDDIR>>/debian/build'
[  1%] Generating cs.gmo
cd /<<PKGBUILDDIR>>/debian/build/po && /usr/bin/cmake -E remove /<<PKGBUILDDIR>>/debian/build/po/cs.gmo
[  2%] Generating schroot-setup.5
cd /<<PKGBUILDDIR>>/debian/build/man && /usr/bin/soelim -I/<<PKGBUILDDIR>>/debian/build/man -I/<<PKGBUILDDIR>>/man < /<<PKGBUILDDIR>>/man/schroot-setup.5.man > /<<PKGBUILDDIR>>/debian/build/man/schroot-setup.5
[  2%] Generating de.gmo
cd /<<PKGBUILDDIR>>/debian/build/po && /usr/bin/cmake -E remove /<<PKGBUILDDIR>>/debian/build/po/de.gmo
[  3%] Generating schroot.1
cd /<<PKGBUILDDIR>>/debian/build/man && /usr/bin/soelim -I/<<PKGBUILDDIR>>/debian/build/man -I/<<PKGBUILDDIR>>/man < /<<PKGBUILDDIR>>/man/schroot.1.man > /<<PKGBUILDDIR>>/debian/build/man/schroot.1
[  4%] Generating en.gmo
[  5%] Generating pt.gmo
[  6%] Generating da.gmo
cd /<<PKGBUILDDIR>>/debian/build/po && /usr/bin/cmake -E remove /<<PKGBUILDDIR>>/debian/build/po/en.gmo
cd /<<PKGBUILDDIR>>/debian/build/po && /usr/bin/cmake -E remove /<<PKGBUILDDIR>>/debian/build/po/pt.gmo
cd /<<PKGBUILDDIR>>/debian/build/po && /usr/bin/cmake -E remove /<<PKGBUILDDIR>>/debian/build/po/da.gmo
[  6%] Generating schroot.conf.5
[  7%] Generating schroot-script-config.5
[  8%] Generating eu.gmo
cd /<<PKGBUILDDIR>>/debian/build/man && /usr/bin/soelim -I/<<PKGBUILDDIR>>/debian/build/man -I/<<PKGBUILDDIR>>/man < /<<PKGBUILDDIR>>/man/schroot.conf.5.man > /<<PKGBUILDDIR>>/debian/build/man/schroot.conf.5
cd /<<PKGBUILDDIR>>/debian/build/man && /usr/bin/soelim -I/<<PKGBUILDDIR>>/debian/build/man -I/<<PKGBUILDDIR>>/man < /<<PKGBUILDDIR>>/man/schroot-script-config.5.man > /<<PKGBUILDDIR>>/debian/build/man/schroot-script-config.5
cd /<<PKGBUILDDIR>>/debian/build/po && /usr/bin/cmake -E remove /<<PKGBUILDDIR>>/debian/build/po/eu.gmo
[  9%] Generating it.gmo
cd /<<PKGBUILDDIR>>/debian/build/po && msgfmt -c --statistics -o /<<PKGBUILDDIR>>/debian/build/po/cs.gmo /<<PKGBUILDDIR>>/po/cs.po
[ 10%] Generating sv.gmo
cd /<<PKGBUILDDIR>>/debian/build/po && /usr/bin/cmake -E remove /<<PKGBUILDDIR>>/debian/build/po/it.gmo
[ 10%] Generating fr.gmo
cd /<<PKGBUILDDIR>>/debian/build/po && /usr/bin/cmake -E remove /<<PKGBUILDDIR>>/debian/build/po/sv.gmo
cd /<<PKGBUILDDIR>>/debian/build/po && /usr/bin/cmake -E remove /<<PKGBUILDDIR>>/debian/build/po/fr.gmo
cd /<<PKGBUILDDIR>>/debian/build/po && msgfmt -c --statistics -o /<<PKGBUILDDIR>>/debian/build/po/de.gmo /<<PKGBUILDDIR>>/po/de.po
[ 11%] Generating schroot-faq.7
cd /<<PKGBUILDDIR>>/debian/build/man && /usr/bin/soelim -I/<<PKGBUILDDIR>>/debian/build/man -I/<<PKGBUILDDIR>>/man < /<<PKGBUILDDIR>>/man/schroot-faq.7.man > /<<PKGBUILDDIR>>/debian/build/man/schroot-faq.7
cd /<<PKGBUILDDIR>>/debian/build/po && msgfmt -c --statistics -o /<<PKGBUILDDIR>>/debian/build/po/pt.gmo /<<PKGBUILDDIR>>/po/pt.po
[ 11%] Built target manpage-sources
cd /<<PKGBUILDDIR>>/debian/build/po && msgfmt -c --statistics -o /<<PKGBUILDDIR>>/debian/build/po/da.gmo /<<PKGBUILDDIR>>/po/da.po
[ 13%] Generating translated/de/schroot-script-config.5
[ 13%] Generating translated/de/schroot-faq.7
cd /<<PKGBUILDDIR>>/debian/build/man && /usr/bin/soelim -I/<<PKGBUILDDIR>>/debian/build/man/translated/de -I/<<PKGBUILDDIR>>/debian/build/man -I/<<PKGBUILDDIR>>/man < /<<PKGBUILDDIR>>/debian/build/man/translated/de/schroot-script-config.5.man > /<<PKGBUILDDIR>>/debian/build/man/translated/de/schroot-script-config.5
cd /<<PKGBUILDDIR>>/debian/build/man && /usr/bin/soelim -I/<<PKGBUILDDIR>>/debian/build/man/translated/de -I/<<PKGBUILDDIR>>/debian/build/man -I/<<PKGBUILDDIR>>/man < /<<PKGBUILDDIR>>/debian/build/man/translated/de/schroot-faq.7.man > /<<PKGBUILDDIR>>/debian/build/man/translated/de/schroot-faq.7
[ 14%] Generating zh_CN.gmo
cd /<<PKGBUILDDIR>>/debian/build/po && msgfmt -c --statistics -o /<<PKGBUILDDIR>>/debian/build/po/it.gmo /<<PKGBUILDDIR>>/po/it.po
Scanning dependencies of target sbuild
cd /<<PKGBUILDDIR>>/debian/build/po && /usr/bin/cmake -E remove /<<PKGBUILDDIR>>/debian/build/po/zh_CN.gmo
231 translated messages, 99 fuzzy translations, 28 untranslated messages.
[ 14%] Generating vi.gmo
cd /<<PKGBUILDDIR>>/debian/build/po && touch /<<PKGBUILDDIR>>/debian/build/po/cs.gmo
make[4]: Leaving directory '/<<PKGBUILDDIR>>/debian/build'
/usr/bin/make -f sbuild/CMakeFiles/sbuild.dir/build.make sbuild/CMakeFiles/sbuild.dir/build
cd /<<PKGBUILDDIR>>/debian/build/po && msgfmt -c --statistics -o /<<PKGBUILDDIR>>/debian/build/po/sv.gmo /<<PKGBUILDDIR>>/po/sv.po
cd /<<PKGBUILDDIR>>/debian/build/po && /usr/bin/cmake -E remove /<<PKGBUILDDIR>>/debian/build/po/vi.gmo
cd /<<PKGBUILDDIR>>/debian/build/po && msgfmt -c --statistics -o /<<PKGBUILDDIR>>/debian/build/po/en.gmo /<<PKGBUILDDIR>>/po/en.po
cd /<<PKGBUILDDIR>>/debian/build/po && msgfmt -c --statistics -o /<<PKGBUILDDIR>>/debian/build/po/fr.gmo /<<PKGBUILDDIR>>/po/fr.po
357 translated messages, 1 fuzzy translation.
cd /<<PKGBUILDDIR>>/debian/build/po && touch /<<PKGBUILDDIR>>/debian/build/po/pt.gmo
[ 15%] Generating translated/de/schroot-setup.5
cd /<<PKGBUILDDIR>>/debian/build/man && /usr/bin/soelim -I/<<PKGBUILDDIR>>/debian/build/man/translated/de -I/<<PKGBUILDDIR>>/debian/build/man -I/<<PKGBUILDDIR>>/man < /<<PKGBUILDDIR>>/debian/build/man/translated/de/schroot-setup.5.man > /<<PKGBUILDDIR>>/debian/build/man/translated/de/schroot-setup.5
358 translated messages.
358 translated messages.
make[4]: Entering directory '/<<PKGBUILDDIR>>/debian/build'
cd /<<PKGBUILDDIR>>/debian/build/po && touch /<<PKGBUILDDIR>>/debian/build/po/da.gmo
cd /<<PKGBUILDDIR>>/debian/build/po && touch /<<PKGBUILDDIR>>/debian/build/po/de.gmo
[ 15%] Generating translated/de/schroot.conf.5
cd /<<PKGBUILDDIR>>/debian/build/po && msgfmt -c --statistics -o /<<PKGBUILDDIR>>/debian/build/po/eu.gmo /<<PKGBUILDDIR>>/po/eu.po
358 translated messages.
[ 16%] Generating translated/de/schroot.1
cd /<<PKGBUILDDIR>>/debian/build/po && msgfmt -c --statistics -o /<<PKGBUILDDIR>>/debian/build/po/zh_CN.gmo /<<PKGBUILDDIR>>/po/zh_CN.po
cd /<<PKGBUILDDIR>>/debian/build/man && /usr/bin/soelim -I/<<PKGBUILDDIR>>/debian/build/man/translated/de -I/<<PKGBUILDDIR>>/debian/build/man -I/<<PKGBUILDDIR>>/man < /<<PKGBUILDDIR>>/debian/build/man/translated/de/schroot.conf.5.man > /<<PKGBUILDDIR>>/debian/build/man/translated/de/schroot.conf.5
cd /<<PKGBUILDDIR>>/debian/build/po && touch /<<PKGBUILDDIR>>/debian/build/po/fr.gmo
247 translated messages, 91 fuzzy translations, 20 untranslated messages.
cd /<<PKGBUILDDIR>>/debian/build/man && /usr/bin/soelim -I/<<PKGBUILDDIR>>/debian/build/man/translated/de -I/<<PKGBUILDDIR>>/debian/build/man -I/<<PKGBUILDDIR>>/man < /<<PKGBUILDDIR>>/debian/build/man/translated/de/schroot.1.man > /<<PKGBUILDDIR>>/debian/build/man/translated/de/schroot.1
cd /<<PKGBUILDDIR>>/debian/build/po && touch /<<PKGBUILDDIR>>/debian/build/po/it.gmo
152 translated messages, 119 fuzzy translations, 87 untranslated messages.
cd /<<PKGBUILDDIR>>/debian/build/po && msgfmt -c --statistics -o /<<PKGBUILDDIR>>/debian/build/po/vi.gmo /<<PKGBUILDDIR>>/po/vi.po
cd /<<PKGBUILDDIR>>/debian/build/po && touch /<<PKGBUILDDIR>>/debian/build/po/sv.gmo
358 translated messages.
cd /<<PKGBUILDDIR>>/debian/build/po && touch /<<PKGBUILDDIR>>/debian/build/po/en.gmo
[ 17%] Generating translated/fr/schroot-script-config.5
[ 18%] Building CXX object sbuild/CMakeFiles/sbuild.dir/sbuild-ctty.cc.o
cd /<<PKGBUILDDIR>>/debian/build/sbuild && /usr/bin/c++   -I/<<PKGBUILDDIR>>/debian/build/lib -I/<<PKGBUILDDIR>>/lib -I/<<PKGBUILDDIR>>/debian/build -I/<<PKGBUILDDIR>> -I/<<PKGBUILDDIR>>/sbuild -I/<<PKGBUILDDIR>>/debian/build/sbuild  -g -O2 -fdebug-prefix-map=/<<PKGBUILDDIR>>=. -fstack-protector-strong -Wformat -Werror=format-security -Wall -D_FILE_OFFSET_BITS=64 -D_LARGEFILE_SOURCE -Wdate-time -D_FORTIFY_SOURCE=2 -std=c++11 -pedantic -Wall -Wcast-align -Wwrite-strings -Wswitch-default -Wcast-qual -Wunused-variable -Wredundant-decls -Wctor-dtor-privacy -Wnon-virtual-dtor -Wreorder -Wold-style-cast -Woverloaded-virtual -fstrict-aliasing   -o CMakeFiles/sbuild.dir/sbuild-ctty.cc.o -c /<<PKGBUILDDIR>>/sbuild/sbuild-ctty.cc
cd /<<PKGBUILDDIR>>/debian/build/man && /usr/bin/soelim -I/<<PKGBUILDDIR>>/debian/build/man/translated/fr -I/<<PKGBUILDDIR>>/debian/build/man -I/<<PKGBUILDDIR>>/man < /<<PKGBUILDDIR>>/debian/build/man/translated/fr/schroot-script-config.5.man > /<<PKGBUILDDIR>>/debian/build/man/translated/fr/schroot-script-config.5
[ 19%] Building CXX object sbuild/CMakeFiles/sbuild.dir/sbuild-environment.cc.o
[ 19%] Generating translated/fr/schroot-setup.5
cd /<<PKGBUILDDIR>>/debian/build/sbuild && /usr/bin/c++   -I/<<PKGBUILDDIR>>/debian/build/lib -I/<<PKGBUILDDIR>>/lib -I/<<PKGBUILDDIR>>/debian/build -I/<<PKGBUILDDIR>> -I/<<PKGBUILDDIR>>/sbuild -I/<<PKGBUILDDIR>>/debian/build/sbuild  -g -O2 -fdebug-prefix-map=/<<PKGBUILDDIR>>=. -fstack-protector-strong -Wformat -Werror=format-security -Wall -D_FILE_OFFSET_BITS=64 -D_LARGEFILE_SOURCE -Wdate-time -D_FORTIFY_SOURCE=2 -std=c++11 -pedantic -Wall -Wcast-align -Wwrite-strings -Wswitch-default -Wcast-qual -Wunused-variable -Wredundant-decls -Wctor-dtor-privacy -Wnon-virtual-dtor -Wreorder -Wold-style-cast -Woverloaded-virtual -fstrict-aliasing   -o CMakeFiles/sbuild.dir/sbuild-environment.cc.o -c /<<PKGBUILDDIR>>/sbuild/sbuild-environment.cc
cd /<<PKGBUILDDIR>>/debian/build/man && /usr/bin/soelim -I/<<PKGBUILDDIR>>/debian/build/man/translated/fr -I/<<PKGBUILDDIR>>/debian/build/man -I/<<PKGBUILDDIR>>/man < /<<PKGBUILDDIR>>/debian/build/man/translated/fr/schroot-setup.5.man > /<<PKGBUILDDIR>>/debian/build/man/translated/fr/schroot-setup.5
358 translated messages.
[ 20%] Generating translated/fr/schroot-faq.7
cd /<<PKGBUILDDIR>>/debian/build/po && touch /<<PKGBUILDDIR>>/debian/build/po/eu.gmo
337 translated messages, 6 fuzzy translations, 15 untranslated messages.
246 translated messages, 91 fuzzy translations, 21 untranslated messages.
cd /<<PKGBUILDDIR>>/debian/build/man && /usr/bin/soelim -I/<<PKGBUILDDIR>>/debian/build/man/translated/fr -I/<<PKGBUILDDIR>>/debian/build/man -I/<<PKGBUILDDIR>>/man < /<<PKGBUILDDIR>>/debian/build/man/translated/fr/schroot-faq.7.man > /<<PKGBUILDDIR>>/debian/build/man/translated/fr/schroot-faq.7
cd /<<PKGBUILDDIR>>/debian/build/po && touch /<<PKGBUILDDIR>>/debian/build/po/zh_CN.gmo
cd /<<PKGBUILDDIR>>/debian/build/po && touch /<<PKGBUILDDIR>>/debian/build/po/vi.gmo
[ 21%] Generating translated/fr/schroot.1
[ 22%] Generating translated/fr/schroot.conf.5
cd /<<PKGBUILDDIR>>/debian/build/man && /usr/bin/soelim -I/<<PKGBUILDDIR>>/debian/build/man/translated/fr -I/<<PKGBUILDDIR>>/debian/build/man -I/<<PKGBUILDDIR>>/man < /<<PKGBUILDDIR>>/debian/build/man/translated/fr/schroot.1.man > /<<PKGBUILDDIR>>/debian/build/man/translated/fr/schroot.1
cd /<<PKGBUILDDIR>>/debian/build/man && /usr/bin/soelim -I/<<PKGBUILDDIR>>/debian/build/man/translated/fr -I/<<PKGBUILDDIR>>/debian/build/man -I/<<PKGBUILDDIR>>/man < /<<PKGBUILDDIR>>/debian/build/man/translated/fr/schroot.conf.5.man > /<<PKGBUILDDIR>>/debian/build/man/translated/fr/schroot.conf.5
[ 22%] Building CXX object sbuild/CMakeFiles/sbuild.dir/sbuild-format-detail.cc.o
[ 23%] Building CXX object sbuild/CMakeFiles/sbuild.dir/sbuild-lock.cc.o
[ 23%] Building CXX object sbuild/CMakeFiles/sbuild.dir/sbuild-log.cc.o
cd /<<PKGBUILDDIR>>/debian/build/sbuild && /usr/bin/c++   -I/<<PKGBUILDDIR>>/debian/build/lib -I/<<PKGBUILDDIR>>/lib -I/<<PKGBUILDDIR>>/debian/build -I/<<PKGBUILDDIR>> -I/<<PKGBUILDDIR>>/sbuild -I/<<PKGBUILDDIR>>/debian/build/sbuild  -g -O2 -fdebug-prefix-map=/<<PKGBUILDDIR>>=. -fstack-protector-strong -Wformat -Werror=format-security -Wall -D_FILE_OFFSET_BITS=64 -D_LARGEFILE_SOURCE -Wdate-time -D_FORTIFY_SOURCE=2 -std=c++11 -pedantic -Wall -Wcast-align -Wwrite-strings -Wswitch-default -Wcast-qual -Wunused-variable -Wredundant-decls -Wctor-dtor-privacy -Wnon-virtual-dtor -Wreorder -Wold-style-cast -Woverloaded-virtual -fstrict-aliasing   -o CMakeFiles/sbuild.dir/sbuild-format-detail.cc.o -c /<<PKGBUILDDIR>>/sbuild/sbuild-format-detail.cc
cd /<<PKGBUILDDIR>>/debian/build/sbuild && /usr/bin/c++   -I/<<PKGBUILDDIR>>/debian/build/lib -I/<<PKGBUILDDIR>>/lib -I/<<PKGBUILDDIR>>/debian/build -I/<<PKGBUILDDIR>> -I/<<PKGBUILDDIR>>/sbuild -I/<<PKGBUILDDIR>>/debian/build/sbuild  -g -O2 -fdebug-prefix-map=/<<PKGBUILDDIR>>=. -fstack-protector-strong -Wformat -Werror=format-security -Wall -D_FILE_OFFSET_BITS=64 -D_LARGEFILE_SOURCE -Wdate-time -D_FORTIFY_SOURCE=2 -std=c++11 -pedantic -Wall -Wcast-align -Wwrite-strings -Wswitch-default -Wcast-qual -Wunused-variable -Wredundant-decls -Wctor-dtor-privacy -Wnon-virtual-dtor -Wreorder -Wold-style-cast -Woverloaded-virtual -fstrict-aliasing   -o CMakeFiles/sbuild.dir/sbuild-lock.cc.o -c /<<PKGBUILDDIR>>/sbuild/sbuild-lock.cc
cd /<<PKGBUILDDIR>>/debian/build/sbuild && /usr/bin/c++   -I/<<PKGBUILDDIR>>/debian/build/lib -I/<<PKGBUILDDIR>>/lib -I/<<PKGBUILDDIR>>/debian/build -I/<<PKGBUILDDIR>> -I/<<PKGBUILDDIR>>/sbuild -I/<<PKGBUILDDIR>>/debian/build/sbuild  -g -O2 -fdebug-prefix-map=/<<PKGBUILDDIR>>=. -fstack-protector-strong -Wformat -Werror=format-security -Wall -D_FILE_OFFSET_BITS=64 -D_LARGEFILE_SOURCE -Wdate-time -D_FORTIFY_SOURCE=2 -std=c++11 -pedantic -Wall -Wcast-align -Wwrite-strings -Wswitch-default -Wcast-qual -Wunused-variable -Wredundant-decls -Wctor-dtor-privacy -Wnon-virtual-dtor -Wreorder -Wold-style-cast -Woverloaded-virtual -fstrict-aliasing   -o CMakeFiles/sbuild.dir/sbuild-log.cc.o -c /<<PKGBUILDDIR>>/sbuild/sbuild-log.cc
make[4]: Leaving directory '/<<PKGBUILDDIR>>/debian/build'
[ 25%] Building CXX object sbuild/CMakeFiles/sbuild.dir/sbuild-feature.cc.o
[ 26%] Building CXX object sbuild/CMakeFiles/sbuild.dir/sbuild-mntstream.cc.o
make[4]: Leaving directory '/<<PKGBUILDDIR>>/debian/build'
[ 27%] Building CXX object sbuild/CMakeFiles/sbuild.dir/sbuild-keyfile-base.cc.o
cd /<<PKGBUILDDIR>>/debian/build/sbuild && /usr/bin/c++   -I/<<PKGBUILDDIR>>/debian/build/lib -I/<<PKGBUILDDIR>>/lib -I/<<PKGBUILDDIR>>/debian/build -I/<<PKGBUILDDIR>> -I/<<PKGBUILDDIR>>/sbuild -I/<<PKGBUILDDIR>>/debian/build/sbuild  -g -O2 -fdebug-prefix-map=/<<PKGBUILDDIR>>=. -fstack-protector-strong -Wformat -Werror=format-security -Wall -D_FILE_OFFSET_BITS=64 -D_LARGEFILE_SOURCE -Wdate-time -D_FORTIFY_SOURCE=2 -std=c++11 -pedantic -Wall -Wcast-align -Wwrite-strings -Wswitch-default -Wcast-qual -Wunused-variable -Wredundant-decls -Wctor-dtor-privacy -Wnon-virtual-dtor -Wreorder -Wold-style-cast -Woverloaded-virtual -fstrict-aliasing   -o CMakeFiles/sbuild.dir/sbuild-feature.cc.o -c /<<PKGBUILDDIR>>/sbuild/sbuild-feature.cc
cd /<<PKGBUILDDIR>>/debian/build/sbuild && /usr/bin/c++   -I/<<PKGBUILDDIR>>/debian/build/lib -I/<<PKGBUILDDIR>>/lib -I/<<PKGBUILDDIR>>/debian/build -I/<<PKGBUILDDIR>> -I/<<PKGBUILDDIR>>/sbuild -I/<<PKGBUILDDIR>>/debian/build/sbuild  -g -O2 -fdebug-prefix-map=/<<PKGBUILDDIR>>=. -fstack-protector-strong -Wformat -Werror=format-security -Wall -D_FILE_OFFSET_BITS=64 -D_LARGEFILE_SOURCE -Wdate-time -D_FORTIFY_SOURCE=2 -std=c++11 -pedantic -Wall -Wcast-align -Wwrite-strings -Wswitch-default -Wcast-qual -Wunused-variable -Wredundant-decls -Wctor-dtor-privacy -Wnon-virtual-dtor -Wreorder -Wold-style-cast -Woverloaded-virtual -fstrict-aliasing   -o CMakeFiles/sbuild.dir/sbuild-mntstream.cc.o -c /<<PKGBUILDDIR>>/sbuild/sbuild-mntstream.cc
cd /<<PKGBUILDDIR>>/debian/build/sbuild && /usr/bin/c++   -I/<<PKGBUILDDIR>>/debian/build/lib -I/<<PKGBUILDDIR>>/lib -I/<<PKGBUILDDIR>>/debian/build -I/<<PKGBUILDDIR>> -I/<<PKGBUILDDIR>>/sbuild -I/<<PKGBUILDDIR>>/debian/build/sbuild  -g -O2 -fdebug-prefix-map=/<<PKGBUILDDIR>>=. -fstack-protector-strong -Wformat -Werror=format-security -Wall -D_FILE_OFFSET_BITS=64 -D_LARGEFILE_SOURCE -Wdate-time -D_FORTIFY_SOURCE=2 -std=c++11 -pedantic -Wall -Wcast-align -Wwrite-strings -Wswitch-default -Wcast-qual -Wunused-variable -Wredundant-decls -Wctor-dtor-privacy -Wnon-virtual-dtor -Wreorder -Wold-style-cast -Woverloaded-virtual -fstrict-aliasing   -o CMakeFiles/sbuild.dir/sbuild-keyfile-base.cc.o -c /<<PKGBUILDDIR>>/sbuild/sbuild-keyfile-base.cc
[ 28%] Building CXX object sbuild/CMakeFiles/sbuild.dir/sbuild-nostream.cc.o
cd /<<PKGBUILDDIR>>/debian/build/sbuild && /usr/bin/c++   -I/<<PKGBUILDDIR>>/debian/build/lib -I/<<PKGBUILDDIR>>/lib -I/<<PKGBUILDDIR>>/debian/build -I/<<PKGBUILDDIR>> -I/<<PKGBUILDDIR>>/sbuild -I/<<PKGBUILDDIR>>/debian/build/sbuild  -g -O2 -fdebug-prefix-map=/<<PKGBUILDDIR>>=. -fstack-protector-strong -Wformat -Werror=format-security -Wall -D_FILE_OFFSET_BITS=64 -D_LARGEFILE_SOURCE -Wdate-time -D_FORTIFY_SOURCE=2 -std=c++11 -pedantic -Wall -Wcast-align -Wwrite-strings -Wswitch-default -Wcast-qual -Wunused-variable -Wredundant-decls -Wctor-dtor-privacy -Wnon-virtual-dtor -Wreorder -Wold-style-cast -Woverloaded-virtual -fstrict-aliasing   -o CMakeFiles/sbuild.dir/sbuild-nostream.cc.o -c /<<PKGBUILDDIR>>/sbuild/sbuild-nostream.cc
[ 29%] Building CXX object sbuild/CMakeFiles/sbuild.dir/sbuild-null.cc.o
cd /<<PKGBUILDDIR>>/debian/build/sbuild && /usr/bin/c++   -I/<<PKGBUILDDIR>>/debian/build/lib -I/<<PKGBUILDDIR>>/lib -I/<<PKGBUILDDIR>>/debian/build -I/<<PKGBUILDDIR>> -I/<<PKGBUILDDIR>>/sbuild -I/<<PKGBUILDDIR>>/debian/build/sbuild  -g -O2 -fdebug-prefix-map=/<<PKGBUILDDIR>>=. -fstack-protector-strong -Wformat -Werror=format-security -Wall -D_FILE_OFFSET_BITS=64 -D_LARGEFILE_SOURCE -Wdate-time -D_FORTIFY_SOURCE=2 -std=c++11 -pedantic -Wall -Wcast-align -Wwrite-strings -Wswitch-default -Wcast-qual -Wunused-variable -Wredundant-decls -Wctor-dtor-privacy -Wnon-virtual-dtor -Wreorder -Wold-style-cast -Woverloaded-virtual -fstrict-aliasing   -o CMakeFiles/sbuild.dir/sbuild-null.cc.o -c /<<PKGBUILDDIR>>/sbuild/sbuild-null.cc
[ 29%] Building CXX object sbuild/CMakeFiles/sbuild.dir/sbuild-parse-value.cc.o
[ 30%] Building CXX object sbuild/CMakeFiles/sbuild.dir/sbuild-personality.cc.o
cd /<<PKGBUILDDIR>>/debian/build/sbuild && /usr/bin/c++   -I/<<PKGBUILDDIR>>/debian/build/lib -I/<<PKGBUILDDIR>>/lib -I/<<PKGBUILDDIR>>/debian/build -I/<<PKGBUILDDIR>> -I/<<PKGBUILDDIR>>/sbuild -I/<<PKGBUILDDIR>>/debian/build/sbuild  -g -O2 -fdebug-prefix-map=/<<PKGBUILDDIR>>=. -fstack-protector-strong -Wformat -Werror=format-security -Wall -D_FILE_OFFSET_BITS=64 -D_LARGEFILE_SOURCE -Wdate-time -D_FORTIFY_SOURCE=2 -std=c++11 -pedantic -Wall -Wcast-align -Wwrite-strings -Wswitch-default -Wcast-qual -Wunused-variable -Wredundant-decls -Wctor-dtor-privacy -Wnon-virtual-dtor -Wreorder -Wold-style-cast -Woverloaded-virtual -fstrict-aliasing   -o CMakeFiles/sbuild.dir/sbuild-parse-value.cc.o -c /<<PKGBUILDDIR>>/sbuild/sbuild-parse-value.cc
cd /<<PKGBUILDDIR>>/debian/build/sbuild && /usr/bin/c++   -I/<<PKGBUILDDIR>>/debian/build/lib -I/<<PKGBUILDDIR>>/lib -I/<<PKGBUILDDIR>>/debian/build -I/<<PKGBUILDDIR>> -I/<<PKGBUILDDIR>>/sbuild -I/<<PKGBUILDDIR>>/debian/build/sbuild  -g -O2 -fdebug-prefix-map=/<<PKGBUILDDIR>>=. -fstack-protector-strong -Wformat -Werror=format-security -Wall -D_FILE_OFFSET_BITS=64 -D_LARGEFILE_SOURCE -Wdate-time -D_FORTIFY_SOURCE=2 -std=c++11 -pedantic -Wall -Wcast-align -Wwrite-strings -Wswitch-default -Wcast-qual -Wunused-variable -Wredundant-decls -Wctor-dtor-privacy -Wnon-virtual-dtor -Wreorder -Wold-style-cast -Woverloaded-virtual -fstrict-aliasing   -o CMakeFiles/sbuild.dir/sbuild-personality.cc.o -c /<<PKGBUILDDIR>>/sbuild/sbuild-personality.cc
[ 31%] Building CXX object sbuild/CMakeFiles/sbuild.dir/sbuild-run-parts.cc.o
[ 31%] Built target manpages
cd /<<PKGBUILDDIR>>/debian/build/sbuild && /usr/bin/c++   -I/<<PKGBUILDDIR>>/debian/build/lib -I/<<PKGBUILDDIR>>/lib -I/<<PKGBUILDDIR>>/debian/build -I/<<PKGBUILDDIR>> -I/<<PKGBUILDDIR>>/sbuild -I/<<PKGBUILDDIR>>/debian/build/sbuild  -g -O2 -fdebug-prefix-map=/<<PKGBUILDDIR>>=. -fstack-protector-strong -Wformat -Werror=format-security -Wall -D_FILE_OFFSET_BITS=64 -D_LARGEFILE_SOURCE -Wdate-time -D_FORTIFY_SOURCE=2 -std=c++11 -pedantic -Wall -Wcast-align -Wwrite-strings -Wswitch-default -Wcast-qual -Wunused-variable -Wredundant-decls -Wctor-dtor-privacy -Wnon-virtual-dtor -Wreorder -Wold-style-cast -Woverloaded-virtual -fstrict-aliasing   -o CMakeFiles/sbuild.dir/sbuild-run-parts.cc.o -c /<<PKGBUILDDIR>>/sbuild/sbuild-run-parts.cc
[ 40%] Built target update-gmo
[ 41%] Building CXX object sbuild/CMakeFiles/sbuild.dir/sbuild-util.cc.o
cd /<<PKGBUILDDIR>>/debian/build/sbuild && /usr/bin/c++   -I/<<PKGBUILDDIR>>/debian/build/lib -I/<<PKGBUILDDIR>>/lib -I/<<PKGBUILDDIR>>/debian/build -I/<<PKGBUILDDIR>> -I/<<PKGBUILDDIR>>/sbuild -I/<<PKGBUILDDIR>>/debian/build/sbuild  -g -O2 -fdebug-prefix-map=/<<PKGBUILDDIR>>=. -fstack-protector-strong -Wformat -Werror=format-security -Wall -D_FILE_OFFSET_BITS=64 -D_LARGEFILE_SOURCE -Wdate-time -D_FORTIFY_SOURCE=2 -std=c++11 -pedantic -Wall -Wcast-align -Wwrite-strings -Wswitch-default -Wcast-qual -Wunused-variable -Wredundant-decls -Wctor-dtor-privacy -Wnon-virtual-dtor -Wreorder -Wold-style-cast -Woverloaded-virtual -fstrict-aliasing   -o CMakeFiles/sbuild.dir/sbuild-util.cc.o -c /<<PKGBUILDDIR>>/sbuild/sbuild-util.cc
[ 41%] Building CXX object sbuild/CMakeFiles/sbuild.dir/sbuild-session.cc.o
cd /<<PKGBUILDDIR>>/debian/build/sbuild && /usr/bin/c++   -I/<<PKGBUILDDIR>>/debian/build/lib -I/<<PKGBUILDDIR>>/lib -I/<<PKGBUILDDIR>>/debian/build -I/<<PKGBUILDDIR>> -I/<<PKGBUILDDIR>>/sbuild -I/<<PKGBUILDDIR>>/debian/build/sbuild  -g -O2 -fdebug-prefix-map=/<<PKGBUILDDIR>>=. -fstack-protector-strong -Wformat -Werror=format-security -Wall -D_FILE_OFFSET_BITS=64 -D_LARGEFILE_SOURCE -Wdate-time -D_FORTIFY_SOURCE=2 -std=c++11 -pedantic -Wall -Wcast-align -Wwrite-strings -Wswitch-default -Wcast-qual -Wunused-variable -Wredundant-decls -Wctor-dtor-privacy -Wnon-virtual-dtor -Wreorder -Wold-style-cast -Woverloaded-virtual -fstrict-aliasing   -o CMakeFiles/sbuild.dir/sbuild-session.cc.o -c /<<PKGBUILDDIR>>/sbuild/sbuild-session.cc
[ 42%] Building CXX object sbuild/CMakeFiles/sbuild.dir/sbuild-types.cc.o
cd /<<PKGBUILDDIR>>/debian/build/sbuild && /usr/bin/c++   -I/<<PKGBUILDDIR>>/debian/build/lib -I/<<PKGBUILDDIR>>/lib -I/<<PKGBUILDDIR>>/debian/build -I/<<PKGBUILDDIR>> -I/<<PKGBUILDDIR>>/sbuild -I/<<PKGBUILDDIR>>/debian/build/sbuild  -g -O2 -fdebug-prefix-map=/<<PKGBUILDDIR>>=. -fstack-protector-strong -Wformat -Werror=format-security -Wall -D_FILE_OFFSET_BITS=64 -D_LARGEFILE_SOURCE -Wdate-time -D_FORTIFY_SOURCE=2 -std=c++11 -pedantic -Wall -Wcast-align -Wwrite-strings -Wswitch-default -Wcast-qual -Wunused-variable -Wredundant-decls -Wctor-dtor-privacy -Wnon-virtual-dtor -Wreorder -Wold-style-cast -Woverloaded-virtual -fstrict-aliasing   -o CMakeFiles/sbuild.dir/sbuild-types.cc.o -c /<<PKGBUILDDIR>>/sbuild/sbuild-types.cc
[ 42%] Building CXX object sbuild/CMakeFiles/sbuild.dir/sbuild-auth.cc.o
cd /<<PKGBUILDDIR>>/debian/build/sbuild && /usr/bin/c++   -I/<<PKGBUILDDIR>>/debian/build/lib -I/<<PKGBUILDDIR>>/lib -I/<<PKGBUILDDIR>>/debian/build -I/<<PKGBUILDDIR>> -I/<<PKGBUILDDIR>>/sbuild -I/<<PKGBUILDDIR>>/debian/build/sbuild  -g -O2 -fdebug-prefix-map=/<<PKGBUILDDIR>>=. -fstack-protector-strong -Wformat -Werror=format-security -Wall -D_FILE_OFFSET_BITS=64 -D_LARGEFILE_SOURCE -Wdate-time -D_FORTIFY_SOURCE=2 -std=c++11 -pedantic -Wall -Wcast-align -Wwrite-strings -Wswitch-default -Wcast-qual -Wunused-variable -Wredundant-decls -Wctor-dtor-privacy -Wnon-virtual-dtor -Wreorder -Wold-style-cast -Woverloaded-virtual -fstrict-aliasing   -o CMakeFiles/sbuild.dir/sbuild-auth.cc.o -c /<<PKGBUILDDIR>>/sbuild/sbuild-auth.cc
[ 43%] Building CXX object sbuild/CMakeFiles/sbuild.dir/sbuild-auth-null.cc.o
cd /<<PKGBUILDDIR>>/debian/build/sbuild && /usr/bin/c++   -I/<<PKGBUILDDIR>>/debian/build/lib -I/<<PKGBUILDDIR>>/lib -I/<<PKGBUILDDIR>>/debian/build -I/<<PKGBUILDDIR>> -I/<<PKGBUILDDIR>>/sbuild -I/<<PKGBUILDDIR>>/debian/build/sbuild  -g -O2 -fdebug-prefix-map=/<<PKGBUILDDIR>>=. -fstack-protector-strong -Wformat -Werror=format-security -Wall -D_FILE_OFFSET_BITS=64 -D_LARGEFILE_SOURCE -Wdate-time -D_FORTIFY_SOURCE=2 -std=c++11 -pedantic -Wall -Wcast-align -Wwrite-strings -Wswitch-default -Wcast-qual -Wunused-variable -Wredundant-decls -Wctor-dtor-privacy -Wnon-virtual-dtor -Wreorder -Wold-style-cast -Woverloaded-virtual -fstrict-aliasing   -o CMakeFiles/sbuild.dir/sbuild-auth-null.cc.o -c /<<PKGBUILDDIR>>/sbuild/sbuild-auth-null.cc
[ 44%] Building CXX object sbuild/CMakeFiles/sbuild.dir/sbuild-auth-pam-conv.cc.o
cd /<<PKGBUILDDIR>>/debian/build/sbuild && /usr/bin/c++   -I/<<PKGBUILDDIR>>/debian/build/lib -I/<<PKGBUILDDIR>>/lib -I/<<PKGBUILDDIR>>/debian/build -I/<<PKGBUILDDIR>> -I/<<PKGBUILDDIR>>/sbuild -I/<<PKGBUILDDIR>>/debian/build/sbuild  -g -O2 -fdebug-prefix-map=/<<PKGBUILDDIR>>=. -fstack-protector-strong -Wformat -Werror=format-security -Wall -D_FILE_OFFSET_BITS=64 -D_LARGEFILE_SOURCE -Wdate-time -D_FORTIFY_SOURCE=2 -std=c++11 -pedantic -Wall -Wcast-align -Wwrite-strings -Wswitch-default -Wcast-qual -Wunused-variable -Wredundant-decls -Wctor-dtor-privacy -Wnon-virtual-dtor -Wreorder -Wold-style-cast -Woverloaded-virtual -fstrict-aliasing   -o CMakeFiles/sbuild.dir/sbuild-auth-pam-conv.cc.o -c /<<PKGBUILDDIR>>/sbuild/sbuild-auth-pam-conv.cc
In file included from /<<PKGBUILDDIR>>/sbuild/sbuild-session.cc:21:
In file included from /<<PKGBUILDDIR>>/sbuild/sbuild-chroot.h:25:
In file included from /<<PKGBUILDDIR>>/sbuild/sbuild-keyfile.h:22:
In file included from /<<PKGBUILDDIR>>/sbuild/sbuild-basic-keyfile.h:1511:
/<<PKGBUILDDIR>>/sbuild/sbuild-basic-keyfile.tcc:217:18: error: no viable overloaded '='
      localename = std::locale::classic();
      ~~~~~~~~~~ ^ ~~~~~~~~~~~~~~~~~~~~~~
/usr/bin/../lib/gcc/x86_64-linux-gnu/7.3.0/../../../../include/c++/7.3.0/bits/basic_string.h:654:7: note: candidate function not viable: no known conversion from 'const std::locale' to 'const std::__cxx11::basic_string<char>' for 1st argument
      operator=(const basic_string& __str)
      ^
/usr/bin/../lib/gcc/x86_64-linux-gnu/7.3.0/../../../../include/c++/7.3.0/bits/basic_string.h:693:7: note: candidate function not viable: no known conversion from 'const std::locale' to 'const char *' for 1st argument
      operator=(const _CharT* __s)
      ^
/usr/bin/../lib/gcc/x86_64-linux-gnu/7.3.0/../../../../include/c++/7.3.0/bits/basic_string.h:704:7: note: candidate function not viable: no known conversion from 'const std::locale' to 'char' for 1st argument
      operator=(_CharT __c)
      ^
/usr/bin/../lib/gcc/x86_64-linux-gnu/7.3.0/../../../../include/c++/7.3.0/bits/basic_string.h:722:7: note: candidate function not viable: no known conversion from 'const std::locale' to 'std::__cxx11::basic_string<char>' for 1st argument
      operator=(basic_string&& __str)
      ^
/usr/bin/../lib/gcc/x86_64-linux-gnu/7.3.0/../../../../include/c++/7.3.0/bits/basic_string.h:776:7: note: candidate function not viable: no known conversion from 'const std::locale' to 'initializer_list<char>' for 1st argument
      operator=(initializer_list<_CharT> __l)
      ^
In file included from /<<PKGBUILDDIR>>/sbuild/sbuild-util.cc:21:
In file included from /<<PKGBUILDDIR>>/sbuild/sbuild-chroot.h:25:
In file included from /<<PKGBUILDDIR>>/sbuild/sbuild-keyfile.h:22:
In file included from /<<PKGBUILDDIR>>/sbuild/sbuild-basic-keyfile.h:1511:
/<<PKGBUILDDIR>>/sbuild/sbuild-basic-keyfile.tcc:217:18: error: no viable overloaded '='
      localename = std::locale::classic();
      ~~~~~~~~~~ ^ ~~~~~~~~~~~~~~~~~~~~~~
/usr/bin/../lib/gcc/x86_64-linux-gnu/7.3.0/../../../../include/c++/7.3.0/bits/basic_string.h:654:7: note: candidate function not viable: no known conversion from 'const std::locale' to 'const std::__cxx11::basic_string<char>' for 1st argument
      operator=(const basic_string& __str)
      ^
/usr/bin/../lib/gcc/x86_64-linux-gnu/7.3.0/../../../../include/c++/7.3.0/bits/basic_string.h:693:7: note: candidate function not viable: no known conversion from 'const std::locale' to 'const char *' for 1st argument
      operator=(const _CharT* __s)
      ^
/usr/bin/../lib/gcc/x86_64-linux-gnu/7.3.0/../../../../include/c++/7.3.0/bits/basic_string.h:704:7: note: candidate function not viable: no known conversion from 'const std::locale' to 'char' for 1st argument
      operator=(_CharT __c)
      ^
/usr/bin/../lib/gcc/x86_64-linux-gnu/7.3.0/../../../../include/c++/7.3.0/bits/basic_string.h:722:7: note: candidate function not viable: no known conversion from 'const std::locale' to 'std::__cxx11::basic_string<char>' for 1st argument
      operator=(basic_string&& __str)
      ^
/usr/bin/../lib/gcc/x86_64-linux-gnu/7.3.0/../../../../include/c++/7.3.0/bits/basic_string.h:776:7: note: candidate function not viable: no known conversion from 'const std::locale' to 'initializer_list<char>' for 1st argument
      operator=(initializer_list<_CharT> __l)
      ^
In file included from /<<PKGBUILDDIR>>/sbuild/sbuild-session.cc:21:
/<<PKGBUILDDIR>>/sbuild/sbuild-chroot.h:884:17: warning: using the result of an assignment as a condition without parentheses [-Wparentheses]
        if (ret = std::dynamic_pointer_cast<T>(*pos))
            ~~~~^~~~~~~~~~~~~~~~~~~~~~~~~~~~~~~~~~~~
/<<PKGBUILDDIR>>/sbuild/sbuild-chroot.h:884:17: note: place parentheses around the assignment to silence this warning
        if (ret = std::dynamic_pointer_cast<T>(*pos))
                ^
            (                                       )
/<<PKGBUILDDIR>>/sbuild/sbuild-chroot.h:884:17: note: use '==' to turn this assignment into an equality comparison
        if (ret = std::dynamic_pointer_cast<T>(*pos))
                ^
                ==
/<<PKGBUILDDIR>>/sbuild/sbuild-chroot.h:901:17: warning: using the result of an assignment as a condition without parentheses [-Wparentheses]
        if (ret = std::dynamic_pointer_cast<T>(*pos))
            ~~~~^~~~~~~~~~~~~~~~~~~~~~~~~~~~~~~~~~~~
/<<PKGBUILDDIR>>/sbuild/sbuild-chroot.h:901:17: note: place parentheses around the assignment to silence this warning
        if (ret = std::dynamic_pointer_cast<T>(*pos))
                ^
            (                                       )
/<<PKGBUILDDIR>>/sbuild/sbuild-chroot.h:901:17: note: use '==' to turn this assignment into an equality comparison
        if (ret = std::dynamic_pointer_cast<T>(*pos))
                ^
                ==
In file included from /<<PKGBUILDDIR>>/sbuild/sbuild-util.cc:21:
/<<PKGBUILDDIR>>/sbuild/sbuild-chroot.h:884:17: warning: using the result of an assignment as a condition without parentheses [-Wparentheses]
        if (ret = std::dynamic_pointer_cast<T>(*pos))
            ~~~~^~~~~~~~~~~~~~~~~~~~~~~~~~~~~~~~~~~~
/<<PKGBUILDDIR>>/sbuild/sbuild-chroot.h:884:17: note: place parentheses around the assignment to silence this warning
        if (ret = std::dynamic_pointer_cast<T>(*pos))
                ^
            (                                       )
/<<PKGBUILDDIR>>/sbuild/sbuild-chroot.h:884:17: note: use '==' to turn this assignment into an equality comparison
        if (ret = std::dynamic_pointer_cast<T>(*pos))
                ^
                ==
/<<PKGBUILDDIR>>/sbuild/sbuild-chroot.h:901:17: warning: using the result of an assignment as a condition without parentheses [-Wparentheses]
        if (ret = std::dynamic_pointer_cast<T>(*pos))
            ~~~~^~~~~~~~~~~~~~~~~~~~~~~~~~~~~~~~~~~~
/<<PKGBUILDDIR>>/sbuild/sbuild-chroot.h:901:17: note: place parentheses around the assignment to silence this warning
        if (ret = std::dynamic_pointer_cast<T>(*pos))
                ^
            (                                       )
/<<PKGBUILDDIR>>/sbuild/sbuild-chroot.h:901:17: note: use '==' to turn this assignment into an equality comparison
        if (ret = std::dynamic_pointer_cast<T>(*pos))
                ^
                ==
[ 45%] Building CXX object sbuild/CMakeFiles/sbuild.dir/sbuild-auth-pam-conv-tty.cc.o
cd /<<PKGBUILDDIR>>/debian/build/sbuild && /usr/bin/c++   -I/<<PKGBUILDDIR>>/debian/build/lib -I/<<PKGBUILDDIR>>/lib -I/<<PKGBUILDDIR>>/debian/build -I/<<PKGBUILDDIR>> -I/<<PKGBUILDDIR>>/sbuild -I/<<PKGBUILDDIR>>/debian/build/sbuild  -g -O2 -fdebug-prefix-map=/<<PKGBUILDDIR>>=. -fstack-protector-strong -Wformat -Werror=format-security -Wall -D_FILE_OFFSET_BITS=64 -D_LARGEFILE_SOURCE -Wdate-time -D_FORTIFY_SOURCE=2 -std=c++11 -pedantic -Wall -Wcast-align -Wwrite-strings -Wswitch-default -Wcast-qual -Wunused-variable -Wredundant-decls -Wctor-dtor-privacy -Wnon-virtual-dtor -Wreorder -Wold-style-cast -Woverloaded-virtual -fstrict-aliasing   -o CMakeFiles/sbuild.dir/sbuild-auth-pam-conv-tty.cc.o -c /<<PKGBUILDDIR>>/sbuild/sbuild-auth-pam-conv-tty.cc
In file included from /<<PKGBUILDDIR>>/sbuild/sbuild-format-detail.cc:21:
In file included from /<<PKGBUILDDIR>>/sbuild/sbuild-format-detail.h:23:
In file included from /<<PKGBUILDDIR>>/sbuild/sbuild-util.h:22:
In file included from /<<PKGBUILDDIR>>/sbuild/sbuild-environment.h:23:
In file included from /<<PKGBUILDDIR>>/sbuild/sbuild-parse-value.h:22:
In file included from /<<PKGBUILDDIR>>/sbuild/sbuild-parse-error.h:22:
In file included from /<<PKGBUILDDIR>>/sbuild/sbuild-custom-error.h:22:
In file included from /<<PKGBUILDDIR>>/sbuild/sbuild-error.h:344:
/<<PKGBUILDDIR>>/sbuild/sbuild-error.tcc:260:43: warning: instantiation of variable 'sbuild::error<sbuild::stat::error_code>::error_strings' required here, but no definition is available [-Wundefined-var-template]
  typename map_type::const_iterator pos = error_strings.find(error);
                                          ^
/<<PKGBUILDDIR>>/sbuild/sbuild-error.tcc:39:19: note: in instantiation of member function 'sbuild::error<sbuild::stat::error_code>::get_error' requested here
  std::string msg(get_error(error));
                  ^
/<<PKGBUILDDIR>>/sbuild/sbuild-custom-error.h:122:30: note: in instantiation of function template specialization 'sbuild::error<sbuild::stat::error_code>::format_error<std::__cxx11::basic_string<char>, sbuild::null, sbuild::null, char *, sbuild::null, sbuild::null>' requested here
      sbuild::error<T>(this->format_error(context, null(), null(), error, detail, null(), null()),
                             ^
/<<PKGBUILDDIR>>/sbuild/sbuild-util.h:414:19: note: in instantiation of function template specialization 'sbuild::custom_error<sbuild::stat::error_code>::custom_error<std::__cxx11::basic_string<char>, char *>' requested here
            throw error(this->file, FILE, std::strerror(this->errorno));
                  ^
/<<PKGBUILDDIR>>/sbuild/sbuild-error.h:146:21: note: forward declaration of template entity is here
    static map_type error_strings;
                    ^
/<<PKGBUILDDIR>>/sbuild/sbuild-error.tcc:260:43: note: add an explicit instantiation declaration to suppress this warning if 'sbuild::error<sbuild::stat::error_code>::error_strings' is explicitly instantiated in another translation unit
  typename map_type::const_iterator pos = error_strings.find(error);
                                          ^
In file included from /<<PKGBUILDDIR>>/sbuild/sbuild-keyfile-base.cc:21:
In file included from /<<PKGBUILDDIR>>/sbuild/sbuild-keyfile-base.h:24:
In file included from /<<PKGBUILDDIR>>/sbuild/sbuild-parse-error.h:22:
In file included from /<<PKGBUILDDIR>>/sbuild/sbuild-custom-error.h:22:
In file included from /<<PKGBUILDDIR>>/sbuild/sbuild-error.h:344:
/<<PKGBUILDDIR>>/sbuild/sbuild-error.tcc:260:43: warning: instantiation of variable 'sbuild::error<sbuild::stat::error_code>::error_strings' required here, but no definition is available [-Wundefined-var-template]
  typename map_type::const_iterator pos = error_strings.find(error);
                                          ^
/<<PKGBUILDDIR>>/sbuild/sbuild-error.tcc:39:19: note: in instantiation of member function 'sbuild::error<sbuild::stat::error_code>::get_error' requested here
  std::string msg(get_error(error));
                  ^
/<<PKGBUILDDIR>>/sbuild/sbuild-custom-error.h:122:30: note: in instantiation of function template specialization 'sbuild::error<sbuild::stat::error_code>::format_error<std::__cxx11::basic_string<char>, sbuild::null, sbuild::null, char *, sbuild::null, sbuild::null>' requested here
      sbuild::error<T>(this->format_error(context, null(), null(), error, detail, null(), null()),
                             ^
/<<PKGBUILDDIR>>/sbuild/sbuild-util.h:414:19: note: in instantiation of function template specialization 'sbuild::custom_error<sbuild::stat::error_code>::custom_error<std::__cxx11::basic_string<char>, char *>' requested here
            throw error(this->file, FILE, std::strerror(this->errorno));
                  ^
/<<PKGBUILDDIR>>/sbuild/sbuild-error.h:146:21: note: forward declaration of template entity is here
    static map_type error_strings;
                    ^
/<<PKGBUILDDIR>>/sbuild/sbuild-error.tcc:260:43: note: add an explicit instantiation declaration to suppress this warning if 'sbuild::error<sbuild::stat::error_code>::error_strings' is explicitly instantiated in another translation unit
  typename map_type::const_iterator pos = error_strings.find(error);
                                          ^
1 warning generated.
[ 45%] Building CXX object sbuild/CMakeFiles/sbuild.dir/sbuild-auth-pam.cc.o
cd /<<PKGBUILDDIR>>/debian/build/sbuild && /usr/bin/c++   -I/<<PKGBUILDDIR>>/debian/build/lib -I/<<PKGBUILDDIR>>/lib -I/<<PKGBUILDDIR>>/debian/build -I/<<PKGBUILDDIR>> -I/<<PKGBUILDDIR>>/sbuild -I/<<PKGBUILDDIR>>/debian/build/sbuild  -g -O2 -fdebug-prefix-map=/<<PKGBUILDDIR>>=. -fstack-protector-strong -Wformat -Werror=format-security -Wall -D_FILE_OFFSET_BITS=64 -D_LARGEFILE_SOURCE -Wdate-time -D_FORTIFY_SOURCE=2 -std=c++11 -pedantic -Wall -Wcast-align -Wwrite-strings -Wswitch-default -Wcast-qual -Wunused-variable -Wredundant-decls -Wctor-dtor-privacy -Wnon-virtual-dtor -Wreorder -Wold-style-cast -Woverloaded-virtual -fstrict-aliasing   -o CMakeFiles/sbuild.dir/sbuild-auth-pam.cc.o -c /<<PKGBUILDDIR>>/sbuild/sbuild-auth-pam.cc
In file included from /<<PKGBUILDDIR>>/sbuild/sbuild-run-parts.cc:21:
In file included from /<<PKGBUILDDIR>>/sbuild/sbuild-run-parts.h:22:
In file included from /<<PKGBUILDDIR>>/sbuild/sbuild-custom-error.h:22:
In file included from /<<PKGBUILDDIR>>/sbuild/sbuild-error.h:344:
/<<PKGBUILDDIR>>/sbuild/sbuild-error.tcc:260:43: warning: instantiation of variable 'sbuild::error<sbuild::stat::error_code>::error_strings' required here, but no definition is available [-Wundefined-var-template]
  typename map_type::const_iterator pos = error_strings.find(error);
                                          ^
/<<PKGBUILDDIR>>/sbuild/sbuild-error.tcc:39:19: note: in instantiation of member function 'sbuild::error<sbuild::stat::error_code>::get_error' requested here
  std::string msg(get_error(error));
                  ^
/<<PKGBUILDDIR>>/sbuild/sbuild-custom-error.h:122:30: note: in instantiation of function template specialization 'sbuild::error<sbuild::stat::error_code>::format_error<std::__cxx11::basic_string<char>, sbuild::null, sbuild::null, char *, sbuild::null, sbuild::null>' requested here
      sbuild::error<T>(this->format_error(context, null(), null(), error, detail, null(), null()),
                             ^
/<<PKGBUILDDIR>>/sbuild/sbuild-util.h:414:19: note: in instantiation of function template specialization 'sbuild::custom_error<sbuild::stat::error_code>::custom_error<std::__cxx11::basic_string<char>, char *>' requested here
            throw error(this->file, FILE, std::strerror(this->errorno));
                  ^
/<<PKGBUILDDIR>>/sbuild/sbuild-error.h:146:21: note: forward declaration of template entity is here
    static map_type error_strings;
                    ^
/<<PKGBUILDDIR>>/sbuild/sbuild-error.tcc:260:43: note: add an explicit instantiation declaration to suppress this warning if 'sbuild::error<sbuild::stat::error_code>::error_strings' is explicitly instantiated in another translation unit
  typename map_type::const_iterator pos = error_strings.find(error);
                                          ^
/<<PKGBUILDDIR>>/sbuild/sbuild-session.cc:1199:11: warning: ignoring return value of function declared with 'warn_unused_result' attribute [-Wunused-result]
          setuid(0);
          ^~~~~~ ~
/<<PKGBUILDDIR>>/sbuild/sbuild-session.cc:1200:11: warning: ignoring return value of function declared with 'warn_unused_result' attribute [-Wunused-result]
          setgid(0);
          ^~~~~~ ~
In file included from /<<PKGBUILDDIR>>/sbuild/sbuild-auth-null.cc:21:
In file included from /<<PKGBUILDDIR>>/sbuild/sbuild-auth-null.h:22:
In file included from /<<PKGBUILDDIR>>/sbuild/sbuild-auth.h:23:
In file included from /<<PKGBUILDDIR>>/sbuild/sbuild-custom-error.h:22:
In file included from /<<PKGBUILDDIR>>/sbuild/sbuild-error.h:344:
/<<PKGBUILDDIR>>/sbuild/sbuild-error.tcc:260:43: warning: instantiation of variable 'sbuild::error<sbuild::stat::error_code>::error_strings' required here, but no definition is available [-Wundefined-var-template]
  typename map_type::const_iterator pos = error_strings.find(error);
                                          ^
/<<PKGBUILDDIR>>/sbuild/sbuild-error.tcc:39:19: note: in instantiation of member function 'sbuild::error<sbuild::stat::error_code>::get_error' requested here
  std::string msg(get_error(error));
                  ^
/<<PKGBUILDDIR>>/sbuild/sbuild-custom-error.h:122:30: note: in instantiation of function template specialization 'sbuild::error<sbuild::stat::error_code>::format_error<std::__cxx11::basic_string<char>, sbuild::null, sbuild::null, char *, sbuild::null, sbuild::null>' requested here
      sbuild::error<T>(this->format_error(context, null(), null(), error, detail, null(), null()),
                             ^
/<<PKGBUILDDIR>>/sbuild/sbuild-util.h:414:19: note: in instantiation of function template specialization 'sbuild::custom_error<sbuild::stat::error_code>::custom_error<std::__cxx11::basic_string<char>, char *>' requested here
            throw error(this->file, FILE, std::strerror(this->errorno));
                  ^
/<<PKGBUILDDIR>>/sbuild/sbuild-error.h:146:21: note: forward declaration of template entity is here
    static map_type error_strings;
                    ^
/<<PKGBUILDDIR>>/sbuild/sbuild-error.tcc:260:43: note: add an explicit instantiation declaration to suppress this warning if 'sbuild::error<sbuild::stat::error_code>::error_strings' is explicitly instantiated in another translation unit
  typename map_type::const_iterator pos = error_strings.find(error);
                                          ^
In file included from /<<PKGBUILDDIR>>/sbuild/sbuild-auth.cc:21:
In file included from /<<PKGBUILDDIR>>/sbuild/sbuild-auth.h:23:
In file included from /<<PKGBUILDDIR>>/sbuild/sbuild-custom-error.h:22:
In file included from /<<PKGBUILDDIR>>/sbuild/sbuild-error.h:344:
/<<PKGBUILDDIR>>/sbuild/sbuild-error.tcc:260:43: warning: instantiation of variable 'sbuild::error<sbuild::stat::error_code>::error_strings' required here, but no definition is available [-Wundefined-var-template]
  typename map_type::const_iterator pos = error_strings.find(error);
                                          ^
/<<PKGBUILDDIR>>/sbuild/sbuild-error.tcc:39:19: note: in instantiation of member function 'sbuild::error<sbuild::stat::error_code>::get_error' requested here
  std::string msg(get_error(error));
                  ^
/<<PKGBUILDDIR>>/sbuild/sbuild-custom-error.h:122:30: note: in instantiation of function template specialization 'sbuild::error<sbuild::stat::error_code>::format_error<std::__cxx11::basic_string<char>, sbuild::null, sbuild::null, char *, sbuild::null, sbuild::null>' requested here
      sbuild::error<T>(this->format_error(context, null(), null(), error, detail, null(), null()),
                             ^
/<<PKGBUILDDIR>>/sbuild/sbuild-util.h:414:19: note: in instantiation of function template specialization 'sbuild::custom_error<sbuild::stat::error_code>::custom_error<std::__cxx11::basic_string<char>, char *>' requested here
            throw error(this->file, FILE, std::strerror(this->errorno));
                  ^
/<<PKGBUILDDIR>>/sbuild/sbuild-error.h:146:21: note: forward declaration of template entity is here
    static map_type error_strings;
                    ^
/<<PKGBUILDDIR>>/sbuild/sbuild-error.tcc:260:43: note: add an explicit instantiation declaration to suppress this warning if 'sbuild::error<sbuild::stat::error_code>::error_strings' is explicitly instantiated in another translation unit
  typename map_type::const_iterator pos = error_strings.find(error);
                                          ^
/<<PKGBUILDDIR>>/sbuild/sbuild-error.tcc:260:43: warning: instantiation of variable 'sbuild::error<sbuild::auth::error_code>::error_strings' required here, but no definition is available [-Wundefined-var-template]
  typename map_type::const_iterator pos = error_strings.find(error);
                                          ^
/<<PKGBUILDDIR>>/sbuild/sbuild-error.tcc:39:19: note: in instantiation of member function 'sbuild::error<sbuild::auth::error_code>::get_error' requested here
  std::string msg(get_error(error));
                  ^
/<<PKGBUILDDIR>>/sbuild/sbuild-custom-error.h:58:30: note: in instantiation of function template specialization 'sbuild::error<sbuild::auth::error_code>::format_error<char [9], sbuild::null, sbuild::null, sbuild::null, sbuild::null, sbuild::null>' requested here
      sbuild::error<T>(this->format_error(context, null(), null(), error, null(), null(), null()),
                             ^
/<<PKGBUILDDIR>>/sbuild/sbuild-auth-null.cc:79:13: note: in instantiation of function template specialization 'sbuild::custom_error<sbuild::auth::error_code>::custom_error<char [9]>' requested here
      throw error("Init PAM", PAM_DOUBLE_INIT);
            ^
/<<PKGBUILDDIR>>/sbuild/sbuild-error.h:146:21: note: forward declaration of template entity is here
    static map_type error_strings;
                    ^
/<<PKGBUILDDIR>>/sbuild/sbuild-error.tcc:260:43: note: add an explicit instantiation declaration to suppress this warning if 'sbuild::error<sbuild::auth::error_code>::error_strings' is explicitly instantiated in another translation unit
  typename map_type::const_iterator pos = error_strings.find(error);
                                          ^
2 warnings and 1 error generated.
sbuild/CMakeFiles/sbuild.dir/build.make:422: recipe for target 'sbuild/CMakeFiles/sbuild.dir/sbuild-util.cc.o' failed
make[4]: *** [sbuild/CMakeFiles/sbuild.dir/sbuild-util.cc.o] Error 1
make[4]: *** Waiting for unfinished jobs....
In file included from /<<PKGBUILDDIR>>/sbuild/sbuild-log.cc:21:
In file included from /<<PKGBUILDDIR>>/sbuild/sbuild-ctty.h:23:
In file included from /<<PKGBUILDDIR>>/sbuild/sbuild-parse-error.h:22:
In file included from /<<PKGBUILDDIR>>/sbuild/sbuild-custom-error.h:22:
In file included from /<<PKGBUILDDIR>>/sbuild/sbuild-error.h:344:
/<<PKGBUILDDIR>>/sbuild/sbuild-error.tcc:260:43: warning: instantiation of variable 'sbuild::error<sbuild::stat::error_code>::error_strings' required here, but no definition is available [-Wundefined-var-template]
  typename map_type::const_iterator pos = error_strings.find(error);
                                          ^
/<<PKGBUILDDIR>>/sbuild/sbuild-error.tcc:39:19: note: in instantiation of member function 'sbuild::error<sbuild::stat::error_code>::get_error' requested here
  std::string msg(get_error(error));
                  ^
/<<PKGBUILDDIR>>/sbuild/sbuild-custom-error.h:122:30: note: in instantiation of function template specialization 'sbuild::error<sbuild::stat::error_code>::format_error<std::__cxx11::basic_string<char>, sbuild::null, sbuild::null, char *, sbuild::null, sbuild::null>' requested here
      sbuild::error<T>(this->format_error(context, null(), null(), error, detail, null(), null()),
                             ^
/<<PKGBUILDDIR>>/sbuild/sbuild-util.h:414:19: note: in instantiation of function template specialization 'sbuild::custom_error<sbuild::stat::error_code>::custom_error<std::__cxx11::basic_string<char>, char *>' requested here
            throw error(this->file, FILE, std::strerror(this->errorno));
                  ^
/<<PKGBUILDDIR>>/sbuild/sbuild-error.h:146:21: note: forward declaration of template entity is here
    static map_type error_strings;
                    ^
/<<PKGBUILDDIR>>/sbuild/sbuild-error.tcc:260:43: note: add an explicit instantiation declaration to suppress this warning if 'sbuild::error<sbuild::stat::error_code>::error_strings' is explicitly instantiated in another translation unit
  typename map_type::const_iterator pos = error_strings.find(error);
                                          ^
In file included from /<<PKGBUILDDIR>>/sbuild/sbuild-session.cc:21:
/<<PKGBUILDDIR>>/sbuild/sbuild-chroot.h:884:17: warning: using the result of an assignment as a condition without parentheses [-Wparentheses]
        if (ret = std::dynamic_pointer_cast<T>(*pos))
            ~~~~^~~~~~~~~~~~~~~~~~~~~~~~~~~~~~~~~~~~
/<<PKGBUILDDIR>>/sbuild/sbuild-session.cc:655:26: note: in instantiation of function template specialization 'sbuild::chroot::get_facet<sbuild::chroot_facet_session_clonable>' requested here
              assert(ch->get_facet<chroot_facet_session_clonable>());
                         ^
/<<PKGBUILDDIR>>/sbuild/sbuild-chroot.h:884:17: note: place parentheses around the assignment to silence this warning
        if (ret = std::dynamic_pointer_cast<T>(*pos))
                ^
            (                                       )
/<<PKGBUILDDIR>>/sbuild/sbuild-chroot.h:884:17: note: use '==' to turn this assignment into an equality comparison
        if (ret = std::dynamic_pointer_cast<T>(*pos))
                ^
                ==
/<<PKGBUILDDIR>>/sbuild/sbuild-chroot.h:884:17: warning: using the result of an assignment as a condition without parentheses [-Wparentheses]
        if (ret = std::dynamic_pointer_cast<T>(*pos))
            ~~~~^~~~~~~~~~~~~~~~~~~~~~~~~~~~~~~~~~~~
/<<PKGBUILDDIR>>/sbuild/sbuild-session.cc:684:30: note: in instantiation of function template specialization 'sbuild::chroot::get_facet<sbuild::chroot_facet_session>' requested here
              assert(chroot->get_facet<chroot_facet_session>());
                             ^
/<<PKGBUILDDIR>>/sbuild/sbuild-chroot.h:884:17: note: place parentheses around the assignment to silence this warning
        if (ret = std::dynamic_pointer_cast<T>(*pos))
                ^
            (                                       )
/<<PKGBUILDDIR>>/sbuild/sbuild-chroot.h:884:17: note: use '==' to turn this assignment into an equality comparison
        if (ret = std::dynamic_pointer_cast<T>(*pos))
                ^
                ==
/<<PKGBUILDDIR>>/sbuild/sbuild-chroot.h:884:17: warning: using the result of an assignment as a condition without parentheses [-Wparentheses]
        if (ret = std::dynamic_pointer_cast<T>(*pos))
            ~~~~^~~~~~~~~~~~~~~~~~~~~~~~~~~~~~~~~~~~
/<<PKGBUILDDIR>>/sbuild/sbuild-session.cc:694:21: note: in instantiation of function template specialization 'sbuild::chroot::get_facet<sbuild::chroot_facet_userdata>' requested here
            chroot->get_facet<chroot_facet_userdata>();
                    ^
/<<PKGBUILDDIR>>/sbuild/sbuild-chroot.h:884:17: note: place parentheses around the assignment to silence this warning
        if (ret = std::dynamic_pointer_cast<T>(*pos))
                ^
            (                                       )
/<<PKGBUILDDIR>>/sbuild/sbuild-chroot.h:884:17: note: use '==' to turn this assignment into an equality comparison
        if (ret = std::dynamic_pointer_cast<T>(*pos))
                ^
                ==
/<<PKGBUILDDIR>>/sbuild/sbuild-chroot.h:884:17: warning: using the result of an assignment as a condition without parentheses [-Wparentheses]
        if (ret = std::dynamic_pointer_cast<T>(*pos))
            ~~~~^~~~~~~~~~~~~~~~~~~~~~~~~~~~~~~~~~~~
/<<PKGBUILDDIR>>/sbuild/sbuild-session.cc:1279:21: note: in instantiation of function template specialization 'sbuild::chroot::get_facet<sbuild::chroot_facet_personality>' requested here
    session_chroot->get_facet<chroot_facet_personality>();
                    ^
/<<PKGBUILDDIR>>/sbuild/sbuild-chroot.h:884:17: note: place parentheses around the assignment to silence this warning
        if (ret = std::dynamic_pointer_cast<T>(*pos))
                ^
            (                                       )
/<<PKGBUILDDIR>>/sbuild/sbuild-chroot.h:884:17: note: use '==' to turn this assignment into an equality comparison
        if (ret = std::dynamic_pointer_cast<T>(*pos))
                ^
                ==
8 warnings and 1 error generated.
sbuild/CMakeFiles/sbuild.dir/build.make:374: recipe for target 'sbuild/CMakeFiles/sbuild.dir/sbuild-session.cc.o' failed
make[4]: *** [sbuild/CMakeFiles/sbuild.dir/sbuild-session.cc.o] Error 1
In file included from /<<PKGBUILDDIR>>/sbuild/sbuild-auth-pam-conv-tty.cc:21:
In file included from /<<PKGBUILDDIR>>/sbuild/sbuild-auth-pam-conv-tty.h:22:
In file included from /<<PKGBUILDDIR>>/sbuild/sbuild-auth-pam-conv.h:23:
In file included from /<<PKGBUILDDIR>>/sbuild/sbuild-error.h:344:
/<<PKGBUILDDIR>>/sbuild/sbuild-error.tcc:260:43: warning: instantiation of variable 'sbuild::error<sbuild::stat::error_code>::error_strings' required here, but no definition is available [-Wundefined-var-template]
  typename map_type::const_iterator pos = error_strings.find(error);
                                          ^
/<<PKGBUILDDIR>>/sbuild/sbuild-error.tcc:39:19: note: in instantiation of member function 'sbuild::error<sbuild::stat::error_code>::get_error' requested here
  std::string msg(get_error(error));
                  ^
/<<PKGBUILDDIR>>/sbuild/sbuild-custom-error.h:122:30: note: in instantiation of function template specialization 'sbuild::error<sbuild::stat::error_code>::format_error<std::__cxx11::basic_string<char>, sbuild::null, sbuild::null, char *, sbuild::null, sbuild::null>' requested here
      sbuild::error<T>(this->format_error(context, null(), null(), error, detail, null(), null()),
                             ^
/<<PKGBUILDDIR>>/sbuild/sbuild-util.h:414:19: note: in instantiation of function template specialization 'sbuild::custom_error<sbuild::stat::error_code>::custom_error<std::__cxx11::basic_string<char>, char *>' requested here
            throw error(this->file, FILE, std::strerror(this->errorno));
                  ^
/<<PKGBUILDDIR>>/sbuild/sbuild-error.h:146:21: note: forward declaration of template entity is here
    static map_type error_strings;
                    ^
/<<PKGBUILDDIR>>/sbuild/sbuild-error.tcc:260:43: note: add an explicit instantiation declaration to suppress this warning if 'sbuild::error<sbuild::stat::error_code>::error_strings' is explicitly instantiated in another translation unit
  typename map_type::const_iterator pos = error_strings.find(error);
                                          ^
1 warning generated.
In file included from /<<PKGBUILDDIR>>/sbuild/sbuild-auth-pam.cc:21:
In file included from /<<PKGBUILDDIR>>/sbuild/sbuild-auth-pam.h:22:
In file included from /<<PKGBUILDDIR>>/sbuild/sbuild-auth.h:23:
In file included from /<<PKGBUILDDIR>>/sbuild/sbuild-custom-error.h:22:
In file included from /<<PKGBUILDDIR>>/sbuild/sbuild-error.h:344:
/<<PKGBUILDDIR>>/sbuild/sbuild-error.tcc:260:43: warning: instantiation of variable 'sbuild::error<sbuild::stat::error_code>::error_strings' required here, but no definition is available [-Wundefined-var-template]
  typename map_type::const_iterator pos = error_strings.find(error);
                                          ^
/<<PKGBUILDDIR>>/sbuild/sbuild-error.tcc:39:19: note: in instantiation of member function 'sbuild::error<sbuild::stat::error_code>::get_error' requested here
  std::string msg(get_error(error));
                  ^
/<<PKGBUILDDIR>>/sbuild/sbuild-custom-error.h:122:30: note: in instantiation of function template specialization 'sbuild::error<sbuild::stat::error_code>::format_error<std::__cxx11::basic_string<char>, sbuild::null, sbuild::null, char *, sbuild::null, sbuild::null>' requested here
      sbuild::error<T>(this->format_error(context, null(), null(), error, detail, null(), null()),
                             ^
/<<PKGBUILDDIR>>/sbuild/sbuild-util.h:414:19: note: in instantiation of function template specialization 'sbuild::custom_error<sbuild::stat::error_code>::custom_error<std::__cxx11::basic_string<char>, char *>' requested here
            throw error(this->file, FILE, std::strerror(this->errorno));
                  ^
/<<PKGBUILDDIR>>/sbuild/sbuild-error.h:146:21: note: forward declaration of template entity is here
    static map_type error_strings;
                    ^
/<<PKGBUILDDIR>>/sbuild/sbuild-error.tcc:260:43: note: add an explicit instantiation declaration to suppress this warning if 'sbuild::error<sbuild::stat::error_code>::error_strings' is explicitly instantiated in another translation unit
  typename map_type::const_iterator pos = error_strings.find(error);
                                          ^
/<<PKGBUILDDIR>>/sbuild/sbuild-error.tcc:260:43: warning: instantiation of variable 'sbuild::error<sbuild::auth::error_code>::error_strings' required here, but no definition is available [-Wundefined-var-template]
  typename map_type::const_iterator pos = error_strings.find(error);
                                          ^
/<<PKGBUILDDIR>>/sbuild/sbuild-error.tcc:39:19: note: in instantiation of member function 'sbuild::error<sbuild::auth::error_code>::get_error' requested here
  std::string msg(get_error(error));
                  ^
/<<PKGBUILDDIR>>/sbuild/sbuild-custom-error.h:58:30: note: in instantiation of function template specialization 'sbuild::error<sbuild::auth::error_code>::format_error<char [9], sbuild::null, sbuild::null, sbuild::null, sbuild::null, sbuild::null>' requested here
      sbuild::error<T>(this->format_error(context, null(), null(), error, null(), null(), null()),
                             ^
/<<PKGBUILDDIR>>/sbuild/sbuild-auth-pam.cc:190:13: note: in instantiation of function template specialization 'sbuild::custom_error<sbuild::auth::error_code>::custom_error<char [9]>' requested here
      throw error("Init PAM", PAM_DOUBLE_INIT);
            ^
/<<PKGBUILDDIR>>/sbuild/sbuild-error.h:146:21: note: forward declaration of template entity is here
    static map_type error_strings;
                    ^
/<<PKGBUILDDIR>>/sbuild/sbuild-error.tcc:260:43: note: add an explicit instantiation declaration to suppress this warning if 'sbuild::error<sbuild::auth::error_code>::error_strings' is explicitly instantiated in another translation unit
  typename map_type::const_iterator pos = error_strings.find(error);
                                          ^
1 warning generated.
2 warnings generated.
1 warning generated.
1 warning generated.
1 warning generated.
2 warnings generated.
make[4]: Leaving directory '/<<PKGBUILDDIR>>/debian/build'
CMakeFiles/Makefile2:117: recipe for target 'sbuild/CMakeFiles/sbuild.dir/all' failed
make[3]: *** [sbuild/CMakeFiles/sbuild.dir/all] Error 2
make[3]: Leaving directory '/<<PKGBUILDDIR>>/debian/build'
Makefile:140: recipe for target 'all' failed
make[2]: *** [all] Error 2
make[2]: Leaving directory '/<<PKGBUILDDIR>>/debian/build'
debian/rules:74: recipe for target 'override_dh_auto_build' failed
make[1]: *** [override_dh_auto_build] Error 2
make[1]: Leaving directory '/<<PKGBUILDDIR>>'
debian/rules:39: recipe for target 'build-arch' failed
make: *** [build-arch] Error 2
dpkg-buildpackage: error: debian/rules build-arch subprocess returned exit status 2
--------------------------------------------------------------------------------
Build finished at 2018-02-07T20:43:20Z

Finished
--------


+------------------------------------------------------------------------------+
| Cleanup                                                                      |
+------------------------------------------------------------------------------+

Purging /<<BUILDDIR>>
Not cleaning session: cloned chroot in use
E: Build failure (dpkg-buildpackage died)

+------------------------------------------------------------------------------+
| Summary                                                                      |
+------------------------------------------------------------------------------+

Build Architecture: amd64
Build Type: any
Build-Space: 29024
Build-Time: 32
Distribution: unstable
Fail-Stage: build
Host Architecture: amd64
Install-Time: 13
Job: schroot_1.6.10-4
Machine Architecture: amd64
Package: schroot
Package-Time: 58
Source-Version: 1.6.10-4
Space: 29024
Status: attempted
Version: 1.6.10-4
--------------------------------------------------------------------------------
Finished at 2018-02-07T20:43:20Z
Build needed 00:00:58, 29024k disk space
E: Build failure (dpkg-buildpackage died)
DC-Status: Failed 59.185593003s
DC-Time-Estimation: 59.185593003 versus expected 144 (r/m: 1.4330245367770653 ; m: 59.185593003)
