DC-Build-Header: dvi2ps 5.1j-1.3 / 2020-02-25 18:49:04 +0000
DC-Task: type:rebuild-binarch-only source:dvi2ps version:5.1j-1.3 chroot:unstable esttime:58 logfile:/tmp/dvi2ps_5.1j-1.3_unstable_clang8.log modes:clang8:binarch-only
DC-Sbuild-call: su user42 -c 'sbuild -n --arch-any --apt-update -d unstable -v --no-run-lintian --chroot-setup-commands=/tmp/clang8 dvi2ps_5.1j-1.3'
sbuild (Debian sbuild) 0.78.1 (09 February 2019) on ip-172-31-13-196.eu-central-1.compute.internal

+==============================================================================+
| dvi2ps 5.1j-1.3 (amd64)                      Tue, 25 Feb 2020 18:49:04 +0000 |
+==============================================================================+

Package: dvi2ps
Version: 5.1j-1.3
Source Version: 5.1j-1.3
Distribution: unstable
Machine Architecture: amd64
Host Architecture: amd64
Build Architecture: amd64
Build Type: binary

I: NOTICE: Log filtering will replace 'var/run/schroot/mount/sid-amd64-sbuild-4b0b0682-c39c-4b0d-927f-c81b61148505' with '<<CHROOT>>'

+------------------------------------------------------------------------------+
| Chroot Setup Commands                                                        |
+------------------------------------------------------------------------------+


/tmp/clang8
-----------

+ echo 'Entering customization script...'
Entering customization script...
+ CLANG_VERSION=8
+ echo 'Install of clang-8'
Install of clang-8
+ apt-get update
Get:1 http://127.0.0.1:12990/debian sid InRelease [142 kB]
Get:2 http://127.0.0.1:12990/debian sid/main Sources.diff/Index [27.9 kB]
Get:3 http://127.0.0.1:12990/debian sid/main amd64 Packages.diff/Index [27.9 kB]
Get:4 http://127.0.0.1:12990/debian sid/main Sources 2020-02-24-0823.32.pdiff [11.0 kB]
Get:5 http://127.0.0.1:12990/debian sid/main Sources 2020-02-24-1420.34.pdiff [30.2 kB]
Get:6 http://127.0.0.1:12990/debian sid/main Sources 2020-02-24-2014.03.pdiff [16.9 kB]
Get:7 http://127.0.0.1:12990/debian sid/main Sources 2020-02-25-0213.11.pdiff [23.2 kB]
Get:8 http://127.0.0.1:12990/debian sid/main Sources 2020-02-25-0815.22.pdiff [9222 B]
Get:9 http://127.0.0.1:12990/debian sid/main Sources 2020-02-25-1413.15.pdiff [16.3 kB]
Get:10 http://127.0.0.1:12990/debian sid/main amd64 Packages 2020-02-24-0823.32.pdiff [15.5 kB]
Get:11 http://127.0.0.1:12990/debian sid/main amd64 Packages 2020-02-24-1420.34.pdiff [27.5 kB]
Get:12 http://127.0.0.1:12990/debian sid/main amd64 Packages 2020-02-24-2014.03.pdiff [21.6 kB]
Get:13 http://127.0.0.1:12990/debian sid/main amd64 Packages 2020-02-25-0213.11.pdiff [35.0 kB]
Get:14 http://127.0.0.1:12990/debian sid/main amd64 Packages 2020-02-25-0815.22.pdiff [20.1 kB]
Get:15 http://127.0.0.1:12990/debian sid/main amd64 Packages 2020-02-25-1413.15.pdiff [18.4 kB]
Get:9 http://127.0.0.1:12990/debian sid/main Sources 2020-02-25-1413.15.pdiff [16.3 kB]
Get:15 http://127.0.0.1:12990/debian sid/main amd64 Packages 2020-02-25-1413.15.pdiff [18.4 kB]
Get:16 http://127.0.0.1:12990/debian sid/main Translation-en [6195 kB]
Fetched 6638 kB in 2s (3912 kB/s)
Reading package lists...
+ apt-get install --yes --no-install-recommends --force-yes clang-8 libomp-8-dev libobjc-9-dev
Reading package lists...
Building dependency tree...
The following additional packages will be installed:
  cpp-9 g++-9 gcc-8-base gcc-9 gcc-9-base lib32gcc-s1 lib32gcc1 lib32stdc++6
  libasan5 libbsd0 libc6-i386 libclang-common-8-dev libclang1-8 libedit2
  libgc1c2 libgcc-8-dev libgcc-9-dev libllvm8 libmpx2 libobjc-8-dev libobjc4
  libomp5-8 libstdc++-8-dev libstdc++-9-dev
Suggested packages:
  clang-8-doc gcc-9-locales g++-9-multilib gcc-9-doc gcc-9-multilib
  libomp-8-doc libstdc++-8-doc libstdc++-9-doc
Recommended packages:
  llvm-8-dev python3
The following NEW packages will be installed:
  clang-8 gcc-8-base lib32gcc-s1 lib32gcc1 lib32stdc++6 libbsd0 libc6-i386
  libclang-common-8-dev libclang1-8 libedit2 libgc1c2 libgcc-8-dev libllvm8
  libmpx2 libobjc-8-dev libobjc-9-dev libobjc4 libomp-8-dev libomp5-8
  libstdc++-8-dev
The following packages will be upgraded:
  cpp-9 g++-9 gcc-9 gcc-9-base libasan5 libgcc-9-dev libstdc++-9-dev
7 upgraded, 20 newly installed, 0 to remove and 3 not upgraded.
Need to get 74.9 MB of archives.
After this operation, 223 MB of additional disk space will be used.
Get:1 http://127.0.0.1:12990/debian sid/main amd64 libasan5 amd64 9.2.1-30 [389 kB]
Get:2 http://127.0.0.1:12990/debian sid/main amd64 g++-9 amd64 9.2.1-30 [10.7 MB]
Get:3 http://127.0.0.1:12990/debian sid/main amd64 gcc-9 amd64 9.2.1-30 [10.0 MB]
Get:4 http://127.0.0.1:12990/debian sid/main amd64 libstdc++-9-dev amd64 9.2.1-30 [1697 kB]
Get:5 http://127.0.0.1:12990/debian sid/main amd64 libgcc-9-dev amd64 9.2.1-30 [2349 kB]
Get:6 http://127.0.0.1:12990/debian sid/main amd64 cpp-9 amd64 9.2.1-30 [9711 kB]
Get:7 http://127.0.0.1:12990/debian sid/main amd64 gcc-9-base amd64 9.2.1-30 [196 kB]
Get:8 http://127.0.0.1:12990/debian sid/main amd64 libbsd0 amd64 0.10.0-1 [107 kB]
Get:9 http://127.0.0.1:12990/debian sid/main amd64 libedit2 amd64 3.1-20191231-1 [95.4 kB]
Get:10 http://127.0.0.1:12990/debian sid/main amd64 libllvm8 amd64 1:8.0.1-7 [13.8 MB]
Get:11 http://127.0.0.1:12990/debian sid/main amd64 gcc-8-base amd64 8.3.0-29 [194 kB]
Get:12 http://127.0.0.1:12990/debian sid/main amd64 libmpx2 amd64 8.3.0-29 [11.4 kB]
Get:13 http://127.0.0.1:12990/debian sid/main amd64 libgcc-8-dev amd64 8.3.0-29 [2297 kB]
Get:14 http://127.0.0.1:12990/debian sid/main amd64 libstdc++-8-dev amd64 8.3.0-29 [1543 kB]
Get:15 http://127.0.0.1:12990/debian sid/main amd64 libgc1c2 amd64 1:7.6.4-0.4 [224 kB]
Get:16 http://127.0.0.1:12990/debian sid/main amd64 libobjc4 amd64 10-20200222-1 [41.6 kB]
Get:17 http://127.0.0.1:12990/debian sid/main amd64 libobjc-8-dev amd64 8.3.0-29 [227 kB]
Get:18 http://127.0.0.1:12990/debian sid/main amd64 libc6-i386 amd64 2.29-10 [2918 kB]
Get:19 http://127.0.0.1:12990/debian sid/main amd64 lib32gcc-s1 amd64 10-20200222-1 [49.4 kB]
Get:20 http://127.0.0.1:12990/debian sid/main amd64 lib32gcc1 amd64 1:10-20200222-1 [1104 B]
Get:21 http://127.0.0.1:12990/debian sid/main amd64 lib32stdc++6 amd64 10-20200222-1 [510 kB]
Get:22 http://127.0.0.1:12990/debian sid/main amd64 libclang-common-8-dev amd64 1:8.0.1-7 [2989 kB]
Get:23 http://127.0.0.1:12990/debian sid/main amd64 libclang1-8 amd64 1:8.0.1-7 [6244 kB]
Get:24 http://127.0.0.1:12990/debian sid/main amd64 clang-8 amd64 1:8.0.1-7 [8010 kB]
Get:25 http://127.0.0.1:12990/debian sid/main amd64 libobjc-9-dev amd64 9.2.1-30 [219 kB]
Get:26 http://127.0.0.1:12990/debian sid/main amd64 libomp5-8 amd64 1:8.0.1-7 [331 kB]
Get:27 http://127.0.0.1:12990/debian sid/main amd64 libomp-8-dev amd64 1:8.0.1-7 [62.3 kB]
debconf: delaying package configuration, since apt-utils is not installed
Fetched 74.9 MB in 1s (104 MB/s)
(Reading database ... (Reading database ... 5%(Reading database ... 10%(Reading database ... 15%(Reading database ... 20%(Reading database ... 25%(Reading database ... 30%(Reading database ... 35%(Reading database ... 40%(Reading database ... 45%(Reading database ... 50%(Reading database ... 55%(Reading database ... 60%(Reading database ... 65%(Reading database ... 70%(Reading database ... 75%(Reading database ... 80%(Reading database ... 85%(Reading database ... 90%(Reading database ... 95%(Reading database ... 100%(Reading database ... 12119 files and directories currently installed.)
Preparing to unpack .../00-libasan5_9.2.1-30_amd64.deb ...
Unpacking libasan5:amd64 (9.2.1-30) over (9.2.1-29) ...
Preparing to unpack .../01-g++-9_9.2.1-30_amd64.deb ...
Unpacking g++-9 (9.2.1-30) over (9.2.1-29) ...
Preparing to unpack .../02-gcc-9_9.2.1-30_amd64.deb ...
Unpacking gcc-9 (9.2.1-30) over (9.2.1-29) ...
Preparing to unpack .../03-libstdc++-9-dev_9.2.1-30_amd64.deb ...
Unpacking libstdc++-9-dev:amd64 (9.2.1-30) over (9.2.1-29) ...
Preparing to unpack .../04-libgcc-9-dev_9.2.1-30_amd64.deb ...
Unpacking libgcc-9-dev:amd64 (9.2.1-30) over (9.2.1-29) ...
Preparing to unpack .../05-cpp-9_9.2.1-30_amd64.deb ...
Unpacking cpp-9 (9.2.1-30) over (9.2.1-29) ...
Preparing to unpack .../06-gcc-9-base_9.2.1-30_amd64.deb ...
Unpacking gcc-9-base:amd64 (9.2.1-30) over (9.2.1-29) ...
Selecting previously unselected package libbsd0:amd64.
Preparing to unpack .../07-libbsd0_0.10.0-1_amd64.deb ...
Unpacking libbsd0:amd64 (0.10.0-1) ...
Selecting previously unselected package libedit2:amd64.
Preparing to unpack .../08-libedit2_3.1-20191231-1_amd64.deb ...
Unpacking libedit2:amd64 (3.1-20191231-1) ...
Selecting previously unselected package libllvm8:amd64.
Preparing to unpack .../09-libllvm8_1%3a8.0.1-7_amd64.deb ...
Unpacking libllvm8:amd64 (1:8.0.1-7) ...
Selecting previously unselected package gcc-8-base:amd64.
Preparing to unpack .../10-gcc-8-base_8.3.0-29_amd64.deb ...
Unpacking gcc-8-base:amd64 (8.3.0-29) ...
Selecting previously unselected package libmpx2:amd64.
Preparing to unpack .../11-libmpx2_8.3.0-29_amd64.deb ...
Unpacking libmpx2:amd64 (8.3.0-29) ...
Selecting previously unselected package libgcc-8-dev:amd64.
Preparing to unpack .../12-libgcc-8-dev_8.3.0-29_amd64.deb ...
Unpacking libgcc-8-dev:amd64 (8.3.0-29) ...
Selecting previously unselected package libstdc++-8-dev:amd64.
Preparing to unpack .../13-libstdc++-8-dev_8.3.0-29_amd64.deb ...
Unpacking libstdc++-8-dev:amd64 (8.3.0-29) ...
Selecting previously unselected package libgc1c2:amd64.
Preparing to unpack .../14-libgc1c2_1%3a7.6.4-0.4_amd64.deb ...
Unpacking libgc1c2:amd64 (1:7.6.4-0.4) ...
Selecting previously unselected package libobjc4:amd64.
Preparing to unpack .../15-libobjc4_10-20200222-1_amd64.deb ...
Unpacking libobjc4:amd64 (10-20200222-1) ...
Selecting previously unselected package libobjc-8-dev:amd64.
Preparing to unpack .../16-libobjc-8-dev_8.3.0-29_amd64.deb ...
Unpacking libobjc-8-dev:amd64 (8.3.0-29) ...
Selecting previously unselected package libc6-i386.
Preparing to unpack .../17-libc6-i386_2.29-10_amd64.deb ...
Unpacking libc6-i386 (2.29-10) ...
Selecting previously unselected package lib32gcc-s1.
Preparing to unpack .../18-lib32gcc-s1_10-20200222-1_amd64.deb ...
Unpacking lib32gcc-s1 (10-20200222-1) ...
Selecting previously unselected package lib32gcc1.
Preparing to unpack .../19-lib32gcc1_1%3a10-20200222-1_amd64.deb ...
Unpacking lib32gcc1 (1:10-20200222-1) ...
Selecting previously unselected package lib32stdc++6.
Preparing to unpack .../20-lib32stdc++6_10-20200222-1_amd64.deb ...
Unpacking lib32stdc++6 (10-20200222-1) ...
Selecting previously unselected package libclang-common-8-dev.
Preparing to unpack .../21-libclang-common-8-dev_1%3a8.0.1-7_amd64.deb ...
Unpacking libclang-common-8-dev (1:8.0.1-7) ...
Selecting previously unselected package libclang1-8.
Preparing to unpack .../22-libclang1-8_1%3a8.0.1-7_amd64.deb ...
Unpacking libclang1-8 (1:8.0.1-7) ...
Selecting previously unselected package clang-8.
Preparing to unpack .../23-clang-8_1%3a8.0.1-7_amd64.deb ...
Unpacking clang-8 (1:8.0.1-7) ...
Selecting previously unselected package libobjc-9-dev:amd64.
Preparing to unpack .../24-libobjc-9-dev_9.2.1-30_amd64.deb ...
Unpacking libobjc-9-dev:amd64 (9.2.1-30) ...
Selecting previously unselected package libomp5-8:amd64.
Preparing to unpack .../25-libomp5-8_1%3a8.0.1-7_amd64.deb ...
Unpacking libomp5-8:amd64 (1:8.0.1-7) ...
Selecting previously unselected package libomp-8-dev.
Preparing to unpack .../26-libomp-8-dev_1%3a8.0.1-7_amd64.deb ...
Unpacking libomp-8-dev (1:8.0.1-7) ...
Setting up libgc1c2:amd64 (1:7.6.4-0.4) ...
Setting up libobjc4:amd64 (10-20200222-1) ...
Setting up gcc-8-base:amd64 (8.3.0-29) ...
Setting up libmpx2:amd64 (8.3.0-29) ...
Setting up libc6-i386 (2.29-10) ...
Setting up libbsd0:amd64 (0.10.0-1) ...
Setting up libomp5-8:amd64 (1:8.0.1-7) ...
Setting up libomp-8-dev (1:8.0.1-7) ...
Setting up gcc-9-base:amd64 (9.2.1-30) ...
Setting up libedit2:amd64 (3.1-20191231-1) ...
Setting up libasan5:amd64 (9.2.1-30) ...
Setting up lib32gcc-s1 (10-20200222-1) ...
Setting up libgcc-8-dev:amd64 (8.3.0-29) ...
Setting up cpp-9 (9.2.1-30) ...
Setting up libstdc++-8-dev:amd64 (8.3.0-29) ...
Setting up libllvm8:amd64 (1:8.0.1-7) ...
Setting up libclang1-8 (1:8.0.1-7) ...
Setting up lib32gcc1 (1:10-20200222-1) ...
Setting up libgcc-9-dev:amd64 (9.2.1-30) ...
Setting up libobjc-8-dev:amd64 (8.3.0-29) ...
Setting up lib32stdc++6 (10-20200222-1) ...
Setting up libobjc-9-dev:amd64 (9.2.1-30) ...
Setting up gcc-9 (9.2.1-30) ...
Setting up libstdc++-9-dev:amd64 (9.2.1-30) ...
Setting up libclang-common-8-dev (1:8.0.1-7) ...
Setting up g++-9 (9.2.1-30) ...
Setting up clang-8 (1:8.0.1-7) ...
Processing triggers for libc-bin (2.29-10) ...
W: --force-yes is deprecated, use one of the options starting with --allow instead.
+ echo 'Replace gcc, g++ & cpp by clang'
Replace gcc, g++ & cpp by clang
+ VERSIONS='4.6 4.7 4.8 4.9 5 6 7 8 9 10'
+ cd /usr/bin
+ for VERSION in $VERSIONS
+ rm -f g++-4.6 gcc-4.6 cpp-4.6 gcc
+ ln -s clang++-8 g++-4.6
+ ln -s clang-8 gcc-4.6
+ ln -s clang-8 cpp-4.6
+ ln -s clang-8 gcc
+ echo 'gcc-4.6 hold'
+ dpkg --set-selections
dpkg: warning: package not in status nor available database at line 1: gcc-4.6
dpkg: warning: found unknown packages; this might mean the available database
is outdated, and needs to be updated through a frontend method;
please see the FAQ <https://wiki.debian.org/Teams/Dpkg/FAQ>
+ echo 'g++-4.6 hold'
+ dpkg --set-selections
dpkg: warning: package not in status nor available database at line 1: g++-4.6
dpkg: warning: found unknown packages; this might mean the available database
is outdated, and needs to be updated through a frontend method;
please see the FAQ <https://wiki.debian.org/Teams/Dpkg/FAQ>
+ for VERSION in $VERSIONS
+ rm -f g++-4.7 gcc-4.7 cpp-4.7 gcc
+ ln -s clang++-8 g++-4.7
+ ln -s clang-8 gcc-4.7
+ ln -s clang-8 cpp-4.7
+ ln -s clang-8 gcc
+ echo 'gcc-4.7 hold'
+ dpkg --set-selections
dpkg: warning: package not in status nor available database at line 1: gcc-4.7
dpkg: warning: found unknown packages; this might mean the available database
is outdated, and needs to be updated through a frontend method;
please see the FAQ <https://wiki.debian.org/Teams/Dpkg/FAQ>
+ echo 'g++-4.7 hold'
+ dpkg --set-selections
dpkg: warning: package not in status nor available database at line 1: g++-4.7
dpkg: warning: found unknown packages; this might mean the available database
is outdated, and needs to be updated through a frontend method;
please see the FAQ <https://wiki.debian.org/Teams/Dpkg/FAQ>
+ for VERSION in $VERSIONS
+ rm -f g++-4.8 gcc-4.8 cpp-4.8 gcc
+ ln -s clang++-8 g++-4.8
+ ln -s clang-8 gcc-4.8
+ ln -s clang-8 cpp-4.8
+ ln -s clang-8 gcc
+ echo 'gcc-4.8 hold'
+ dpkg --set-selections
dpkg: warning: package not in status nor available database at line 1: gcc-4.8
dpkg: warning: found unknown packages; this might mean the available database
is outdated, and needs to be updated through a frontend method;
please see the FAQ <https://wiki.debian.org/Teams/Dpkg/FAQ>
+ echo 'g++-4.8 hold'
+ dpkg --set-selections
dpkg: warning: package not in status nor available database at line 1: g++-4.8
dpkg: warning: found unknown packages; this might mean the available database
is outdated, and needs to be updated through a frontend method;
please see the FAQ <https://wiki.debian.org/Teams/Dpkg/FAQ>
+ for VERSION in $VERSIONS
+ rm -f g++-4.9 gcc-4.9 cpp-4.9 gcc
+ ln -s clang++-8 g++-4.9
+ ln -s clang-8 gcc-4.9
+ ln -s clang-8 cpp-4.9
+ ln -s clang-8 gcc
+ echo 'gcc-4.9 hold'
+ dpkg --set-selections
dpkg: warning: package not in status nor available database at line 1: gcc-4.9
dpkg: warning: found unknown packages; this might mean the available database
is outdated, and needs to be updated through a frontend method;
please see the FAQ <https://wiki.debian.org/Teams/Dpkg/FAQ>
+ echo 'g++-4.9 hold'
+ dpkg --set-selections
dpkg: warning: package not in status nor available database at line 1: g++-4.9
dpkg: warning: found unknown packages; this might mean the available database
is outdated, and needs to be updated through a frontend method;
please see the FAQ <https://wiki.debian.org/Teams/Dpkg/FAQ>
+ for VERSION in $VERSIONS
+ rm -f g++-5 gcc-5 cpp-5 gcc
+ ln -s clang++-8 g++-5
+ ln -s clang-8 gcc-5
+ ln -s clang-8 cpp-5
+ ln -s clang-8 gcc
+ echo 'gcc-5 hold'
+ dpkg --set-selections
dpkg: warning: package not in status nor available database at line 1: gcc-5
dpkg: warning: found unknown packages; this might mean the available database
is outdated, and needs to be updated through a frontend method;
please see the FAQ <https://wiki.debian.org/Teams/Dpkg/FAQ>
+ echo 'g++-5 hold'
+ dpkg --set-selections
dpkg: warning: package not in status nor available database at line 1: g++-5
dpkg: warning: found unknown packages; this might mean the available database
is outdated, and needs to be updated through a frontend method;
please see the FAQ <https://wiki.debian.org/Teams/Dpkg/FAQ>
+ for VERSION in $VERSIONS
+ rm -f g++-6 gcc-6 cpp-6 gcc
+ ln -s clang++-8 g++-6
+ ln -s clang-8 gcc-6
+ ln -s clang-8 cpp-6
+ ln -s clang-8 gcc
+ echo 'gcc-6 hold'
+ dpkg --set-selections
dpkg: warning: package not in status nor available database at line 1: gcc-6
dpkg: warning: found unknown packages; this might mean the available database
is outdated, and needs to be updated through a frontend method;
please see the FAQ <https://wiki.debian.org/Teams/Dpkg/FAQ>
+ echo 'g++-6 hold'
+ dpkg --set-selections
dpkg: warning: package not in status nor available database at line 1: g++-6
dpkg: warning: found unknown packages; this might mean the available database
is outdated, and needs to be updated through a frontend method;
please see the FAQ <https://wiki.debian.org/Teams/Dpkg/FAQ>
+ for VERSION in $VERSIONS
+ rm -f g++-7 gcc-7 cpp-7 gcc
+ ln -s clang++-8 g++-7
+ ln -s clang-8 gcc-7
+ ln -s clang-8 cpp-7
+ ln -s clang-8 gcc
+ echo 'gcc-7 hold'
+ dpkg --set-selections
dpkg: warning: package not in status nor available database at line 1: gcc-7
dpkg: warning: found unknown packages; this might mean the available database
is outdated, and needs to be updated through a frontend method;
please see the FAQ <https://wiki.debian.org/Teams/Dpkg/FAQ>
+ echo 'g++-7 hold'
+ dpkg --set-selections
dpkg: warning: package not in status nor available database at line 1: g++-7
dpkg: warning: found unknown packages; this might mean the available database
is outdated, and needs to be updated through a frontend method;
please see the FAQ <https://wiki.debian.org/Teams/Dpkg/FAQ>
+ for VERSION in $VERSIONS
+ rm -f g++-8 gcc-8 cpp-8 gcc
+ ln -s clang++-8 g++-8
+ ln -s clang-8 gcc-8
+ ln -s clang-8 cpp-8
+ ln -s clang-8 gcc
+ echo 'gcc-8 hold'
+ dpkg --set-selections
dpkg: warning: package not in status nor available database at line 1: gcc-8
dpkg: warning: found unknown packages; this might mean the available database
is outdated, and needs to be updated through a frontend method;
please see the FAQ <https://wiki.debian.org/Teams/Dpkg/FAQ>
+ echo 'g++-8 hold'
+ dpkg --set-selections
dpkg: warning: package not in status nor available database at line 1: g++-8
dpkg: warning: found unknown packages; this might mean the available database
is outdated, and needs to be updated through a frontend method;
please see the FAQ <https://wiki.debian.org/Teams/Dpkg/FAQ>
+ for VERSION in $VERSIONS
+ rm -f g++-9 gcc-9 cpp-9 gcc
+ ln -s clang++-8 g++-9
+ ln -s clang-8 gcc-9
+ ln -s clang-8 cpp-9
+ ln -s clang-8 gcc
+ echo 'gcc-9 hold'
+ dpkg --set-selections
+ echo 'g++-9 hold'
+ dpkg --set-selections
+ for VERSION in $VERSIONS
+ rm -f g++-10 gcc-10 cpp-10 gcc
+ ln -s clang++-8 g++-10
+ ln -s clang-8 gcc-10
+ ln -s clang-8 cpp-10
+ ln -s clang-8 gcc
+ echo 'gcc-10 hold'
+ dpkg --set-selections
dpkg: warning: package not in status nor available database at line 1: gcc-10
dpkg: warning: found unknown packages; this might mean the available database
is outdated, and needs to be updated through a frontend method;
please see the FAQ <https://wiki.debian.org/Teams/Dpkg/FAQ>
+ echo 'g++-10 hold'
+ dpkg --set-selections
dpkg: warning: package not in status nor available database at line 1: g++-10
dpkg: warning: found unknown packages; this might mean the available database
is outdated, and needs to be updated through a frontend method;
please see the FAQ <https://wiki.debian.org/Teams/Dpkg/FAQ>
+ cd -
/build/dvi2ps-KIaDR8
+ echo 'Check if gcc, g++ & cpp are actually clang'
Check if gcc, g++ & cpp are actually clang
+ gcc --version
+ grep clang
+ cpp --version
+ grep clang
+ g++ --version
+ grep clang

I: Finished running '/tmp/clang8'.

Finished processing commands.
--------------------------------------------------------------------------------
I: NOTICE: Log filtering will replace 'build/dvi2ps-KIaDR8/resolver-AEiVHB' with '<<RESOLVERDIR>>'

+------------------------------------------------------------------------------+
| Update chroot                                                                |
+------------------------------------------------------------------------------+

Hit:1 http://127.0.0.1:12990/debian sid InRelease
Reading package lists...
Reading package lists...
Building dependency tree...
Reading state information...
Calculating upgrade...
The following packages will be upgraded:
  bash libgmp10 zlib1g
3 upgraded, 0 newly installed, 0 to remove and 0 not upgraded.
Need to get 1722 kB of archives.
After this operation, 4096 B of additional disk space will be used.
Get:1 http://127.0.0.1:12990/debian sid/main amd64 bash amd64 5.0-6 [1379 kB]
Get:2 http://127.0.0.1:12990/debian sid/main amd64 libgmp10 amd64 2:6.2.0+dfsg-4 [253 kB]
Get:3 http://127.0.0.1:12990/debian sid/main amd64 zlib1g amd64 1:1.2.11.dfsg-2 [90.4 kB]
debconf: delaying package configuration, since apt-utils is not installed
Fetched 1722 kB in 0s (73.7 MB/s)
(Reading database ... (Reading database ... 5%(Reading database ... 10%(Reading database ... 15%(Reading database ... 20%(Reading database ... 25%(Reading database ... 30%(Reading database ... 35%(Reading database ... 40%(Reading database ... 45%(Reading database ... 50%(Reading database ... 55%(Reading database ... 60%(Reading database ... 65%(Reading database ... 70%(Reading database ... 75%(Reading database ... 80%(Reading database ... 85%(Reading database ... 90%(Reading database ... 95%(Reading database ... 100%(Reading database ... 13887 files and directories currently installed.)
Preparing to unpack .../archives/bash_5.0-6_amd64.deb ...
Unpacking bash (5.0-6) over (5.0-5) ...
Setting up bash (5.0-6) ...
update-alternatives: using /usr/share/man/man7/bash-builtins.7.gz to provide /usr/share/man/man7/builtins.7.gz (builtins.7.gz) in auto mode
(Reading database ... (Reading database ... 5%(Reading database ... 10%(Reading database ... 15%(Reading database ... 20%(Reading database ... 25%(Reading database ... 30%(Reading database ... 35%(Reading database ... 40%(Reading database ... 45%(Reading database ... 50%(Reading database ... 55%(Reading database ... 60%(Reading database ... 65%(Reading database ... 70%(Reading database ... 75%(Reading database ... 80%(Reading database ... 85%(Reading database ... 90%(Reading database ... 95%(Reading database ... 100%(Reading database ... 13887 files and directories currently installed.)
Preparing to unpack .../libgmp10_2%3a6.2.0+dfsg-4_amd64.deb ...
Unpacking libgmp10:amd64 (2:6.2.0+dfsg-4) over (2:6.2.0+dfsg-3) ...
Setting up libgmp10:amd64 (2:6.2.0+dfsg-4) ...
(Reading database ... (Reading database ... 5%(Reading database ... 10%(Reading database ... 15%(Reading database ... 20%(Reading database ... 25%(Reading database ... 30%(Reading database ... 35%(Reading database ... 40%(Reading database ... 45%(Reading database ... 50%(Reading database ... 55%(Reading database ... 60%(Reading database ... 65%(Reading database ... 70%(Reading database ... 75%(Reading database ... 80%(Reading database ... 85%(Reading database ... 90%(Reading database ... 95%(Reading database ... 100%(Reading database ... 13887 files and directories currently installed.)
Preparing to unpack .../zlib1g_1%3a1.2.11.dfsg-2_amd64.deb ...
Unpacking zlib1g:amd64 (1:1.2.11.dfsg-2) over (1:1.2.11.dfsg-1.2) ...
Setting up zlib1g:amd64 (1:1.2.11.dfsg-2) ...
Processing triggers for libc-bin (2.29-10) ...

+------------------------------------------------------------------------------+
| Fetch source files                                                           |
+------------------------------------------------------------------------------+


Check APT
---------

Checking available source versions...

Download source files with APT
------------------------------

Reading package lists...
Need to get 575 kB of source archives.
Get:1 http://127.0.0.1:12990/debian sid/main dvi2ps 5.1j-1.3 (dsc) [1754 B]
Get:2 http://127.0.0.1:12990/debian sid/main dvi2ps 5.1j-1.3 (tar) [552 kB]
Get:3 http://127.0.0.1:12990/debian sid/main dvi2ps 5.1j-1.3 (diff) [21.9 kB]
Fetched 575 kB in 0s (7017 kB/s)
Download complete and in download only mode
I: NOTICE: Log filtering will replace 'build/dvi2ps-KIaDR8/dvi2ps-5.1j' with '<<PKGBUILDDIR>>'
I: NOTICE: Log filtering will replace 'build/dvi2ps-KIaDR8' with '<<BUILDDIR>>'

+------------------------------------------------------------------------------+
| Install package build dependencies                                           |
+------------------------------------------------------------------------------+


Setup apt archive
-----------------

Merged Build-Depends: debhelper (>= 5.0.0), dh-autoreconf, nkf, libkpathsea-dev, vflib3-dev, libfreetype6-dev, autotools-dev, pkg-config, po-debconf, build-essential, fakeroot
Filtered Build-Depends: debhelper (>= 5.0.0), dh-autoreconf, nkf, libkpathsea-dev, vflib3-dev, libfreetype6-dev, autotools-dev, pkg-config, po-debconf, build-essential, fakeroot
dpkg-deb: building package 'sbuild-build-depends-main-dummy' in '/<<RESOLVERDIR>>/apt_archive/sbuild-build-depends-main-dummy.deb'.
Ign:1 copy:/<<RESOLVERDIR>>/apt_archive ./ InRelease
Get:2 copy:/<<RESOLVERDIR>>/apt_archive ./ Release [957 B]
Ign:3 copy:/<<RESOLVERDIR>>/apt_archive ./ Release.gpg
Get:4 copy:/<<RESOLVERDIR>>/apt_archive ./ Sources [424 B]
Get:5 copy:/<<RESOLVERDIR>>/apt_archive ./ Packages [508 B]
Fetched 1889 B in 0s (0 B/s)
Reading package lists...
Reading package lists...

Install main build dependencies (apt-based resolver)
----------------------------------------------------

Installing build dependencies
Reading package lists...
Building dependency tree...
Reading state information...
The following additional packages will be installed:
  autoconf automake autopoint autotools-dev bsdmainutils debhelper
  dh-autoreconf dh-strip-nondeterminism dwz file gettext gettext-base
  groff-base intltool-debian libarchive-zip-perl libcroco3 libdebhelper-perl
  libelf1 libfile-stripnondeterminism-perl libfreetype-dev libfreetype6
  libfreetype6-dev libglib2.0-0 libicu63 libkpathsea-dev libkpathsea6
  libmagic-mgc libmagic1 libpipeline1 libpng-dev libpng16-16 libsigsegv2
  libsub-override-perl libtool libuchardet0 libxml2 m4 man-db nkf pkg-config
  po-debconf sensible-utils vflib3 vflib3-dev zlib1g-dev
Suggested packages:
  autoconf-archive gnu-standards autoconf-doc wamerican | wordlist whois
  vacation dh-make gettext-doc libasprintf-dev libgettextpo-dev groff
  freetype2-doc libtool-doc gfortran | fortran95-compiler gcj-jdk m4-doc
  apparmor less www-browser libmail-box-perl watanabe-vfont asiya24-vfont
Recommended packages:
  curl | wget | lynx libarchive-cpio-perl libglib2.0-data shared-mime-info
  xdg-user-dirs libpng-tools libltdl-dev libmail-sendmail-perl
The following NEW packages will be installed:
  autoconf automake autopoint autotools-dev bsdmainutils debhelper
  dh-autoreconf dh-strip-nondeterminism dwz file gettext gettext-base
  groff-base intltool-debian libarchive-zip-perl libcroco3 libdebhelper-perl
  libelf1 libfile-stripnondeterminism-perl libfreetype-dev libfreetype6
  libfreetype6-dev libglib2.0-0 libicu63 libkpathsea-dev libkpathsea6
  libmagic-mgc libmagic1 libpipeline1 libpng-dev libpng16-16 libsigsegv2
  libsub-override-perl libtool libuchardet0 libxml2 m4 man-db nkf pkg-config
  po-debconf sbuild-build-depends-main-dummy sensible-utils vflib3 vflib3-dev
  zlib1g-dev
0 upgraded, 46 newly installed, 0 to remove and 0 not upgraded.
Need to get 22.5 MB of archives.
After this operation, 83.1 MB of additional disk space will be used.
Get:1 copy:/<<RESOLVERDIR>>/apt_archive ./ sbuild-build-depends-main-dummy 0.invalid.0 [932 B]
Get:2 http://127.0.0.1:12990/debian sid/main amd64 bsdmainutils amd64 11.1.2+b1 [191 kB]
Get:3 http://127.0.0.1:12990/debian sid/main amd64 libuchardet0 amd64 0.0.6-3 [64.9 kB]
Get:4 http://127.0.0.1:12990/debian sid/main amd64 groff-base amd64 1.22.4-4 [919 kB]
Get:5 http://127.0.0.1:12990/debian sid/main amd64 libpipeline1 amd64 1.5.2-2 [33.9 kB]
Get:6 http://127.0.0.1:12990/debian sid/main amd64 man-db amd64 2.9.0-2 [1307 kB]
Get:7 http://127.0.0.1:12990/debian sid/main amd64 sensible-utils all 0.0.12+nmu1 [16.0 kB]
Get:8 http://127.0.0.1:12990/debian sid/main amd64 libmagic-mgc amd64 1:5.38-4 [262 kB]
Get:9 http://127.0.0.1:12990/debian sid/main amd64 libmagic1 amd64 1:5.38-4 [120 kB]
Get:10 http://127.0.0.1:12990/debian sid/main amd64 file amd64 1:5.38-4 [67.9 kB]
Get:11 http://127.0.0.1:12990/debian sid/main amd64 gettext-base amd64 0.19.8.1-10 [123 kB]
Get:12 http://127.0.0.1:12990/debian sid/main amd64 libsigsegv2 amd64 2.12-2 [32.8 kB]
Get:13 http://127.0.0.1:12990/debian sid/main amd64 m4 amd64 1.4.18-4 [203 kB]
Get:14 http://127.0.0.1:12990/debian sid/main amd64 autoconf all 2.69-11.1 [341 kB]
Get:15 http://127.0.0.1:12990/debian sid/main amd64 autotools-dev all 20180224.1 [77.0 kB]
Get:16 http://127.0.0.1:12990/debian sid/main amd64 automake all 1:1.16.1-4 [771 kB]
Get:17 http://127.0.0.1:12990/debian sid/main amd64 autopoint all 0.19.8.1-10 [435 kB]
Get:18 http://127.0.0.1:12990/debian sid/main amd64 libtool all 2.4.6-13 [513 kB]
Get:19 http://127.0.0.1:12990/debian sid/main amd64 dh-autoreconf all 19 [16.9 kB]
Get:20 http://127.0.0.1:12990/debian sid/main amd64 libdebhelper-perl all 12.9 [183 kB]
Get:21 http://127.0.0.1:12990/debian sid/main amd64 libarchive-zip-perl all 1.67-1 [104 kB]
Get:22 http://127.0.0.1:12990/debian sid/main amd64 libsub-override-perl all 0.09-2 [10.2 kB]
Get:23 http://127.0.0.1:12990/debian sid/main amd64 libfile-stripnondeterminism-perl all 1.6.3-2 [23.7 kB]
Get:24 http://127.0.0.1:12990/debian sid/main amd64 dh-strip-nondeterminism all 1.6.3-2 [14.7 kB]
Get:25 http://127.0.0.1:12990/debian sid/main amd64 libelf1 amd64 0.176-1.1 [161 kB]
Get:26 http://127.0.0.1:12990/debian sid/main amd64 dwz amd64 0.13-5 [151 kB]
Get:27 http://127.0.0.1:12990/debian sid/main amd64 libglib2.0-0 amd64 2.62.4-2 [1319 kB]
Get:28 http://127.0.0.1:12990/debian sid/main amd64 libicu63 amd64 63.2-2 [8301 kB]
Get:29 http://127.0.0.1:12990/debian sid/main amd64 libxml2 amd64 2.9.10+dfsg-3 [709 kB]
Get:30 http://127.0.0.1:12990/debian sid/main amd64 libcroco3 amd64 0.6.13-1 [146 kB]
Get:31 http://127.0.0.1:12990/debian sid/main amd64 gettext amd64 0.19.8.1-10 [1303 kB]
Get:32 http://127.0.0.1:12990/debian sid/main amd64 intltool-debian all 0.35.0+20060710.5 [26.8 kB]
Get:33 http://127.0.0.1:12990/debian sid/main amd64 po-debconf all 1.0.21 [248 kB]
Get:34 http://127.0.0.1:12990/debian sid/main amd64 debhelper all 12.9 [994 kB]
Get:35 http://127.0.0.1:12990/debian sid/main amd64 libpng16-16 amd64 1.6.37-2 [292 kB]
Get:36 http://127.0.0.1:12990/debian sid/main amd64 libfreetype6 amd64 2.10.1-2 [392 kB]
Get:37 http://127.0.0.1:12990/debian sid/main amd64 zlib1g-dev amd64 1:1.2.11.dfsg-2 [190 kB]
Get:38 http://127.0.0.1:12990/debian sid/main amd64 libpng-dev amd64 1.6.37-2 [295 kB]
Get:39 http://127.0.0.1:12990/debian sid/main amd64 libfreetype-dev amd64 2.10.1-2 [545 kB]
Get:40 http://127.0.0.1:12990/debian sid/main amd64 libfreetype6-dev amd64 2.10.1-2 [63.8 kB]
Get:41 http://127.0.0.1:12990/debian sid/main amd64 libkpathsea6 amd64 2019.20190605.51237-3 [169 kB]
Get:42 http://127.0.0.1:12990/debian sid/main amd64 libkpathsea-dev amd64 2019.20190605.51237-3 [196 kB]
Get:43 http://127.0.0.1:12990/debian sid/main amd64 nkf amd64 1:2.1.5-1+b2 [140 kB]
Get:44 http://127.0.0.1:12990/debian sid/main amd64 pkg-config amd64 0.29-6 [63.5 kB]
Get:45 http://127.0.0.1:12990/debian sid/main amd64 vflib3 amd64 3.6.14.dfsg-3+nmu4 [874 kB]
Get:46 http://127.0.0.1:12990/debian sid/main amd64 vflib3-dev amd64 3.6.14.dfsg-3+nmu4 [132 kB]
debconf: delaying package configuration, since apt-utils is not installed
Fetched 22.5 MB in 0s (71.1 MB/s)
Selecting previously unselected package bsdmainutils.
(Reading database ... 13887 files and directories currently installed.)
Preparing to unpack .../00-bsdmainutils_11.1.2+b1_amd64.deb ...
Unpacking bsdmainutils (11.1.2+b1) ...
Selecting previously unselected package libuchardet0:amd64.
Preparing to unpack .../01-libuchardet0_0.0.6-3_amd64.deb ...
Unpacking libuchardet0:amd64 (0.0.6-3) ...
Selecting previously unselected package groff-base.
Preparing to unpack .../02-groff-base_1.22.4-4_amd64.deb ...
Unpacking groff-base (1.22.4-4) ...
Selecting previously unselected package libpipeline1:amd64.
Preparing to unpack .../03-libpipeline1_1.5.2-2_amd64.deb ...
Unpacking libpipeline1:amd64 (1.5.2-2) ...
Selecting previously unselected package man-db.
Preparing to unpack .../04-man-db_2.9.0-2_amd64.deb ...
Unpacking man-db (2.9.0-2) ...
Selecting previously unselected package sensible-utils.
Preparing to unpack .../05-sensible-utils_0.0.12+nmu1_all.deb ...
Unpacking sensible-utils (0.0.12+nmu1) ...
Selecting previously unselected package libmagic-mgc.
Preparing to unpack .../06-libmagic-mgc_1%3a5.38-4_amd64.deb ...
Unpacking libmagic-mgc (1:5.38-4) ...
Selecting previously unselected package libmagic1:amd64.
Preparing to unpack .../07-libmagic1_1%3a5.38-4_amd64.deb ...
Unpacking libmagic1:amd64 (1:5.38-4) ...
Selecting previously unselected package file.
Preparing to unpack .../08-file_1%3a5.38-4_amd64.deb ...
Unpacking file (1:5.38-4) ...
Selecting previously unselected package gettext-base.
Preparing to unpack .../09-gettext-base_0.19.8.1-10_amd64.deb ...
Unpacking gettext-base (0.19.8.1-10) ...
Selecting previously unselected package libsigsegv2:amd64.
Preparing to unpack .../10-libsigsegv2_2.12-2_amd64.deb ...
Unpacking libsigsegv2:amd64 (2.12-2) ...
Selecting previously unselected package m4.
Preparing to unpack .../11-m4_1.4.18-4_amd64.deb ...
Unpacking m4 (1.4.18-4) ...
Selecting previously unselected package autoconf.
Preparing to unpack .../12-autoconf_2.69-11.1_all.deb ...
Unpacking autoconf (2.69-11.1) ...
Selecting previously unselected package autotools-dev.
Preparing to unpack .../13-autotools-dev_20180224.1_all.deb ...
Unpacking autotools-dev (20180224.1) ...
Selecting previously unselected package automake.
Preparing to unpack .../14-automake_1%3a1.16.1-4_all.deb ...
Unpacking automake (1:1.16.1-4) ...
Selecting previously unselected package autopoint.
Preparing to unpack .../15-autopoint_0.19.8.1-10_all.deb ...
Unpacking autopoint (0.19.8.1-10) ...
Selecting previously unselected package libtool.
Preparing to unpack .../16-libtool_2.4.6-13_all.deb ...
Unpacking libtool (2.4.6-13) ...
Selecting previously unselected package dh-autoreconf.
Preparing to unpack .../17-dh-autoreconf_19_all.deb ...
Unpacking dh-autoreconf (19) ...
Selecting previously unselected package libdebhelper-perl.
Preparing to unpack .../18-libdebhelper-perl_12.9_all.deb ...
Unpacking libdebhelper-perl (12.9) ...
Selecting previously unselected package libarchive-zip-perl.
Preparing to unpack .../19-libarchive-zip-perl_1.67-1_all.deb ...
Unpacking libarchive-zip-perl (1.67-1) ...
Selecting previously unselected package libsub-override-perl.
Preparing to unpack .../20-libsub-override-perl_0.09-2_all.deb ...
Unpacking libsub-override-perl (0.09-2) ...
Selecting previously unselected package libfile-stripnondeterminism-perl.
Preparing to unpack .../21-libfile-stripnondeterminism-perl_1.6.3-2_all.deb ...
Unpacking libfile-stripnondeterminism-perl (1.6.3-2) ...
Selecting previously unselected package dh-strip-nondeterminism.
Preparing to unpack .../22-dh-strip-nondeterminism_1.6.3-2_all.deb ...
Unpacking dh-strip-nondeterminism (1.6.3-2) ...
Selecting previously unselected package libelf1:amd64.
Preparing to unpack .../23-libelf1_0.176-1.1_amd64.deb ...
Unpacking libelf1:amd64 (0.176-1.1) ...
Selecting previously unselected package dwz.
Preparing to unpack .../24-dwz_0.13-5_amd64.deb ...
Unpacking dwz (0.13-5) ...
Selecting previously unselected package libglib2.0-0:amd64.
Preparing to unpack .../25-libglib2.0-0_2.62.4-2_amd64.deb ...
Unpacking libglib2.0-0:amd64 (2.62.4-2) ...
Selecting previously unselected package libicu63:amd64.
Preparing to unpack .../26-libicu63_63.2-2_amd64.deb ...
Unpacking libicu63:amd64 (63.2-2) ...
Selecting previously unselected package libxml2:amd64.
Preparing to unpack .../27-libxml2_2.9.10+dfsg-3_amd64.deb ...
Unpacking libxml2:amd64 (2.9.10+dfsg-3) ...
Selecting previously unselected package libcroco3:amd64.
Preparing to unpack .../28-libcroco3_0.6.13-1_amd64.deb ...
Unpacking libcroco3:amd64 (0.6.13-1) ...
Selecting previously unselected package gettext.
Preparing to unpack .../29-gettext_0.19.8.1-10_amd64.deb ...
Unpacking gettext (0.19.8.1-10) ...
Selecting previously unselected package intltool-debian.
Preparing to unpack .../30-intltool-debian_0.35.0+20060710.5_all.deb ...
Unpacking intltool-debian (0.35.0+20060710.5) ...
Selecting previously unselected package po-debconf.
Preparing to unpack .../31-po-debconf_1.0.21_all.deb ...
Unpacking po-debconf (1.0.21) ...
Selecting previously unselected package debhelper.
Preparing to unpack .../32-debhelper_12.9_all.deb ...
Unpacking debhelper (12.9) ...
Selecting previously unselected package libpng16-16:amd64.
Preparing to unpack .../33-libpng16-16_1.6.37-2_amd64.deb ...
Unpacking libpng16-16:amd64 (1.6.37-2) ...
Selecting previously unselected package libfreetype6:amd64.
Preparing to unpack .../34-libfreetype6_2.10.1-2_amd64.deb ...
Unpacking libfreetype6:amd64 (2.10.1-2) ...
Selecting previously unselected package zlib1g-dev:amd64.
Preparing to unpack .../35-zlib1g-dev_1%3a1.2.11.dfsg-2_amd64.deb ...
Unpacking zlib1g-dev:amd64 (1:1.2.11.dfsg-2) ...
Selecting previously unselected package libpng-dev:amd64.
Preparing to unpack .../36-libpng-dev_1.6.37-2_amd64.deb ...
Unpacking libpng-dev:amd64 (1.6.37-2) ...
Selecting previously unselected package libfreetype-dev:amd64.
Preparing to unpack .../37-libfreetype-dev_2.10.1-2_amd64.deb ...
Unpacking libfreetype-dev:amd64 (2.10.1-2) ...
Selecting previously unselected package libfreetype6-dev:amd64.
Preparing to unpack .../38-libfreetype6-dev_2.10.1-2_amd64.deb ...
Unpacking libfreetype6-dev:amd64 (2.10.1-2) ...
Selecting previously unselected package libkpathsea6:amd64.
Preparing to unpack .../39-libkpathsea6_2019.20190605.51237-3_amd64.deb ...
Unpacking libkpathsea6:amd64 (2019.20190605.51237-3) ...
Selecting previously unselected package libkpathsea-dev:amd64.
Preparing to unpack .../40-libkpathsea-dev_2019.20190605.51237-3_amd64.deb ...
Unpacking libkpathsea-dev:amd64 (2019.20190605.51237-3) ...
Selecting previously unselected package nkf.
Preparing to unpack .../41-nkf_1%3a2.1.5-1+b2_amd64.deb ...
Unpacking nkf (1:2.1.5-1+b2) ...
Selecting previously unselected package pkg-config.
Preparing to unpack .../42-pkg-config_0.29-6_amd64.deb ...
Unpacking pkg-config (0.29-6) ...
Selecting previously unselected package vflib3.
Preparing to unpack .../43-vflib3_3.6.14.dfsg-3+nmu4_amd64.deb ...
Unpacking vflib3 (3.6.14.dfsg-3+nmu4) ...
Selecting previously unselected package vflib3-dev.
Preparing to unpack .../44-vflib3-dev_3.6.14.dfsg-3+nmu4_amd64.deb ...
Unpacking vflib3-dev (3.6.14.dfsg-3+nmu4) ...
Selecting previously unselected package sbuild-build-depends-main-dummy.
Preparing to unpack .../45-sbuild-build-depends-main-dummy_0.invalid.0_amd64.deb ...
Unpacking sbuild-build-depends-main-dummy (0.invalid.0) ...
Setting up libpipeline1:amd64 (1.5.2-2) ...
Setting up libmagic-mgc (1:5.38-4) ...
Setting up libarchive-zip-perl (1.67-1) ...
Setting up libglib2.0-0:amd64 (2.62.4-2) ...
No schema files found: doing nothing.
Setting up libdebhelper-perl (12.9) ...
Setting up libmagic1:amd64 (1:5.38-4) ...
Setting up gettext-base (0.19.8.1-10) ...
Setting up file (1:5.38-4) ...
Setting up libicu63:amd64 (63.2-2) ...
Setting up autotools-dev (20180224.1) ...
Setting up libsigsegv2:amd64 (2.12-2) ...
Setting up bsdmainutils (11.1.2+b1) ...
update-alternatives: using /usr/bin/bsd-write to provide /usr/bin/write (write) in auto mode
update-alternatives: using /usr/bin/bsd-from to provide /usr/bin/from (from) in auto mode
Setting up libpng16-16:amd64 (1.6.37-2) ...
Setting up autopoint (0.19.8.1-10) ...
Setting up pkg-config (0.29-6) ...
Setting up libkpathsea6:amd64 (2019.20190605.51237-3) ...
Setting up zlib1g-dev:amd64 (1:1.2.11.dfsg-2) ...
Setting up sensible-utils (0.0.12+nmu1) ...
Setting up libuchardet0:amd64 (0.0.6-3) ...
Setting up libsub-override-perl (0.09-2) ...
Setting up nkf (1:2.1.5-1+b2) ...
Setting up libelf1:amd64 (0.176-1.1) ...
Setting up libxml2:amd64 (2.9.10+dfsg-3) ...
Setting up libfile-stripnondeterminism-perl (1.6.3-2) ...
Setting up libtool (2.4.6-13) ...
Setting up libpng-dev:amd64 (1.6.37-2) ...
Setting up m4 (1.4.18-4) ...
Setting up libkpathsea-dev:amd64 (2019.20190605.51237-3) ...
Setting up libfreetype6:amd64 (2.10.1-2) ...
Setting up libcroco3:amd64 (0.6.13-1) ...
Setting up autoconf (2.69-11.1) ...
Setting up dh-strip-nondeterminism (1.6.3-2) ...
Setting up dwz (0.13-5) ...
Setting up groff-base (1.22.4-4) ...
Setting up automake (1:1.16.1-4) ...
update-alternatives: using /usr/bin/automake-1.16 to provide /usr/bin/automake (automake) in auto mode
Setting up gettext (0.19.8.1-10) ...
Setting up vflib3 (3.6.14.dfsg-3+nmu4) ...
Setting up man-db (2.9.0-2) ...
Not building database; man-db/auto-update is not 'true'.
Setting up libfreetype-dev:amd64 (2.10.1-2) ...
Setting up intltool-debian (0.35.0+20060710.5) ...
Setting up po-debconf (1.0.21) ...
Setting up libfreetype6-dev:amd64 (2.10.1-2) ...
Setting up vflib3-dev (3.6.14.dfsg-3+nmu4) ...
Setting up dh-autoreconf (19) ...
Setting up debhelper (12.9) ...
Setting up sbuild-build-depends-main-dummy (0.invalid.0) ...
Processing triggers for libc-bin (2.29-10) ...

+------------------------------------------------------------------------------+
| Check architectures                                                          |
+------------------------------------------------------------------------------+

Arch check ok (amd64 included in any)

+------------------------------------------------------------------------------+
| Build environment                                                            |
+------------------------------------------------------------------------------+

Kernel: Linux 4.19.0-6-cloud-amd64 #1 SMP Debian 4.19.67-2+deb10u2 (2019-11-11) amd64 (x86_64)
Toolchain package versions: binutils_2.34-3 dpkg-dev_1.19.7 g++-9_9.2.1-30 gcc-9_9.2.1-30 libc6-dev_2.29-10 libstdc++-8-dev_8.3.0-29 libstdc++-9-dev_9.2.1-30 libstdc++6_10-20200222-1 linux-libc-dev_5.4.19-1
Package versions: adduser_3.118 apt_1.8.4 autoconf_2.69-11.1 automake_1:1.16.1-4 autopoint_0.19.8.1-10 autotools-dev_20180224.1 base-files_11 base-passwd_3.5.47 bash_5.0-6 binutils_2.34-3 binutils-common_2.34-3 binutils-x86-64-linux-gnu_2.34-3 bsdmainutils_11.1.2+b1 bsdutils_1:2.34-0.1 build-essential_12.8 bzip2_1.0.8-2 clang-8_1:8.0.1-7 coreutils_8.30-3+b1 cpp_4:9.2.1-3.1 cpp-9_9.2.1-30 dash_0.5.10.2-6 debconf_1.5.73 debhelper_12.9 debian-archive-keyring_2019.1 debianutils_4.9.1 dh-autoreconf_19 dh-strip-nondeterminism_1.6.3-2 diffutils_1:3.7-3 dpkg_1.19.7 dpkg-dev_1.19.7 dwz_0.13-5 e2fsprogs_1.45.5-2 fakeroot_1.24-1 fdisk_2.34-0.1 file_1:5.38-4 findutils_4.7.0-1 g++_4:9.2.1-3.1 g++-9_9.2.1-30 gcc_4:9.2.1-3.1 gcc-10-base_10-20200222-1 gcc-8-base_8.3.0-29 gcc-9_9.2.1-30 gcc-9-base_9.2.1-30 gettext_0.19.8.1-10 gettext-base_0.19.8.1-10 gpgv_2.2.19-1 grep_3.4-1 groff-base_1.22.4-4 gzip_1.9-3+b1 hostname_3.23 init-system-helpers_1.57 intltool-debian_0.35.0+20060710.5 lib32gcc-s1_10-20200222-1 lib32gcc1_1:10-20200222-1 lib32stdc++6_10-20200222-1 libacl1_2.2.53-5 libapt-pkg5.0_1.8.4 libarchive-zip-perl_1.67-1 libasan5_9.2.1-30 libatomic1_10-20200222-1 libattr1_1:2.4.48-5 libaudit-common_1:2.8.5-2 libaudit1_1:2.8.5-2+b1 libbinutils_2.34-3 libblkid1_2.34-0.1 libbsd0_0.10.0-1 libbz2-1.0_1.0.8-2 libc-bin_2.29-10 libc-dev-bin_2.29-10 libc6_2.29-10 libc6-dev_2.29-10 libc6-i386_2.29-10 libcap-ng0_0.7.9-2.1+b1 libcc1-0_10-20200222-1 libclang-common-8-dev_1:8.0.1-7 libclang1-8_1:8.0.1-7 libcom-err2_1.45.5-2 libcroco3_0.6.13-1 libcrypt-dev_1:4.4.10-10 libcrypt1_1:4.4.10-10 libctf-nobfd0_2.34-3 libctf0_2.34-3 libdb5.3_5.3.28+dfsg1-0.6 libdebconfclient0_0.251 libdebhelper-perl_12.9 libdpkg-perl_1.19.7 libedit2_3.1-20191231-1 libelf1_0.176-1.1 libext2fs2_1.45.5-2 libfakeroot_1.24-1 libfdisk1_2.34-0.1 libffi7_3.3-3 libfile-stripnondeterminism-perl_1.6.3-2 libfreetype-dev_2.10.1-2 libfreetype6_2.10.1-2 libfreetype6-dev_2.10.1-2 libgc1c2_1:7.6.4-0.4 libgcc-8-dev_8.3.0-29 libgcc-9-dev_9.2.1-30 libgcc-s1_10-20200222-1 libgcc1_1:10-20200222-1 libgcrypt20_1.8.5-5 libgdbm-compat4_1.18.1-5 libgdbm6_1.18.1-5 libglib2.0-0_2.62.4-2 libgmp10_2:6.2.0+dfsg-4 libgnutls30_3.6.12-2 libgomp1_10-20200222-1 libgpg-error0_1.37-1 libhogweed5_3.5.1+really3.5.1-2 libicu63_63.2-2 libidn2-0_2.2.0-2 libisl22_0.22.1-1 libitm1_10-20200222-1 libkpathsea-dev_2019.20190605.51237-3 libkpathsea6_2019.20190605.51237-3 libllvm8_1:8.0.1-7 liblsan0_10-20200222-1 liblz4-1_1.9.2-2 liblzma5_5.2.4-1+b1 libmagic-mgc_1:5.38-4 libmagic1_1:5.38-4 libmount1_2.34-0.1 libmpc3_1.1.0-1 libmpfr6_4.0.2-1 libmpx2_8.3.0-29 libncursesw6_6.1+20191019-1 libnettle7_3.5.1+really3.5.1-2 libobjc-8-dev_8.3.0-29 libobjc-9-dev_9.2.1-30 libobjc4_10-20200222-1 libomp-8-dev_1:8.0.1-7 libomp5-8_1:8.0.1-7 libp11-kit0_0.23.20-1 libpam-modules_1.3.1-5 libpam-modules-bin_1.3.1-5 libpam-runtime_1.3.1-5 libpam0g_1.3.1-5 libpcre2-8-0_10.34-7 libpcre3_2:8.39-12+b1 libperl5.30_5.30.0-9 libpipeline1_1.5.2-2 libpng-dev_1.6.37-2 libpng16-16_1.6.37-2 libquadmath0_10-20200222-1 libseccomp2_2.4.2-2 libselinux1_3.0-1+b1 libsemanage-common_3.0-1 libsemanage1_3.0-1+b1 libsepol1_3.0-1 libsigsegv2_2.12-2 libsmartcols1_2.34-0.1 libss2_1.45.5-2 libstdc++-8-dev_8.3.0-29 libstdc++-9-dev_9.2.1-30 libstdc++6_10-20200222-1 libsub-override-perl_0.09-2 libsystemd0_244.3-1 libtasn1-6_4.16.0-2 libtinfo6_6.1+20191019-1 libtool_2.4.6-13 libtsan0_10-20200222-1 libubsan1_10-20200222-1 libuchardet0_0.0.6-3 libudev1_244.3-1 libunistring2_0.9.10-2 libuuid1_2.34-0.1 libxml2_2.9.10+dfsg-3 libzstd1_1.4.4+dfsg-3 linux-libc-dev_5.4.19-1 login_1:4.8.1-1 logsave_1.45.5-2 lsb-base_11.1.0 m4_1.4.18-4 make_4.2.1-1.2 man-db_2.9.0-2 mawk_1.3.4.20200120-2 mount_2.34-0.1 ncurses-base_6.1+20191019-1 ncurses-bin_6.1+20191019-1 nkf_1:2.1.5-1+b2 passwd_1:4.8.1-1 patch_2.7.6-6 perl_5.30.0-9 perl-base_5.30.0-9 perl-modules-5.30_5.30.0-9 pkg-config_0.29-6 po-debconf_1.0.21 sbuild-build-depends-main-dummy_0.invalid.0 sed_4.7-1 sensible-utils_0.0.12+nmu1 sysvinit-utils_2.96-2.1 tar_1.30+dfsg-6+b1 tzdata_2019c-3 util-linux_2.34-0.1 vflib3_3.6.14.dfsg-3+nmu4 vflib3-dev_3.6.14.dfsg-3+nmu4 xz-utils_5.2.4-1+b1 zlib1g_1:1.2.11.dfsg-2 zlib1g-dev_1:1.2.11.dfsg-2

+------------------------------------------------------------------------------+
| Build                                                                        |
+------------------------------------------------------------------------------+


Unpack source
-------------

-----BEGIN PGP SIGNED MESSAGE-----
Hash: SHA512

Format: 3.0 (quilt)
Source: dvi2ps
Binary: dvi2ps
Architecture: any
Version: 5.1j-1.3
Maintainer: OHURA Makoto <ohura@debian.org>
Standards-Version: 3.8.4
Build-Depends: debhelper (>= 5.0.0), dh-autoreconf, nkf, libkpathsea-dev, vflib3-dev, libfreetype6-dev, autotools-dev, pkg-config, po-debconf
Package-List:
 dvi2ps deb tex optional arch=any
Checksums-Sha1:
 5a815339ac3f9158e762afe3d89911416a5c43af 551541 dvi2ps_5.1j.orig.tar.gz
 ff8c19dfb11f93d457137304ac447e8f9eeda479 21872 dvi2ps_5.1j-1.3.debian.tar.xz
Checksums-Sha256:
 06e03b3137e00915e3a30b13f66ca3b00b44b55c4dd3c66716a9f2aee847e30b 551541 dvi2ps_5.1j.orig.tar.gz
 533fc2fa08ae682f6616e991e7a8135e72f9a368ce759887f3be87697d6ebd96 21872 dvi2ps_5.1j-1.3.debian.tar.xz
Files:
 c0bdbf41fec4b9b03edb70472faf6463 551541 dvi2ps_5.1j.orig.tar.gz
 510dd86a611c08766107b8c894245448 21872 dvi2ps_5.1j-1.3.debian.tar.xz

-----BEGIN PGP SIGNATURE-----

iQIzBAEBCgAdFiEEi3hoeGwz5cZMTQpICBa54Yx2K60FAlxpZMYACgkQCBa54Yx2
K60hpA/9HELmUPzFOBjbquCC3zmlcmvAWqwVMAQsI0gX6bR7x9csYlpM6dHWo/E0
bnAuh9bkFSpABnFYQYKMRGeHag1Ow5JxLQ7v9PBCsXua8X+aV8c0AIncWSvUWvLr
E7jTs9i0uu+ArkzqhkyTYdu0z1qmhhcckpuy5gT5wmJ6nsH1PO1aKeABRcQhhMAL
c6rNsA6Zui+ESDYdOPuDP4QCo4PmAbFFNfoxym4n02aqYV+LEfPYtDYd8JQ2mqcl
Fab/ZV2e2OWV5OoeBFHCwgG6dIQoddoTK4t8acakpkchhEhUeX1yZGSGem0O5nYy
HHBmCQvPk1hB+Dr/9uhPiXPC+XtCrKCTvdxVnyUk7q2zeiiMBzw6aCdz3eULRxxq
683Q/9w9NCNF7t7DxK5Bji7sjfrrsrMgQLh2S+AY7DoXj4LBaCZpPWKc+kxm8gH6
y1H7/Q2fum4ri8GLmBsIDqgCNkY4/VMslrG+Tnqpi5RC6n0dnl0dDFDQYLkDd7EB
PmD7WHx3AkG0fbLMUV7HKJXLk9x8g3ZWxxOpBoJBXfwXwZ1Bp71Uys5U+4GJgdYX
sO9bJiU8SKUbUgmf+KSBcHIkWgCZbQc6Jm/7btxGc2FnOngKRctLSbDX01Pa94dQ
vIfwYKtbJMcDRgiwq4IChF5e17IxqTlX0g/ow15RUo9LknJEC8E=
=thIS
-----END PGP SIGNATURE-----

gpgv: unknown type of key resource 'trustedkeys.kbx'
gpgv: keyblock resource '/sbuild-nonexistent/.gnupg/trustedkeys.kbx': General error
gpgv: Signature made Sun Feb 17 13:42:30 2019 UTC
gpgv:                using RSA key 8B7868786C33E5C64C4D0A480816B9E18C762BAD
gpgv: Can't check signature: No public key
dpkg-source: warning: failed to verify signature on ./dvi2ps_5.1j-1.3.dsc
dpkg-source: info: extracting dvi2ps in /<<PKGBUILDDIR>>
dpkg-source: info: unpacking dvi2ps_5.1j.orig.tar.gz
dpkg-source: info: unpacking dvi2ps_5.1j-1.3.debian.tar.xz
dpkg-source: info: using patch list from debian/patches/series
dpkg-source: info: applying 01_ftfont_tools.patch
dpkg-source: info: applying 01_tools_texfix_mktemp.patch
dpkg-source: info: applying 05_debian-patch.patch
dpkg-source: info: applying 07_vflib3.patch
dpkg-source: info: applying 08_kpse_set_program_name.patch
dpkg-source: info: applying 09_freetype_header.patch
dpkg-source: info: applying freetype2_pkg-config.patch

Check disk space
----------------

Sufficient free space for build

User Environment
----------------

APT_CONFIG=/var/lib/sbuild/apt.conf
HOME=/sbuild-nonexistent
LANG=C.UTF-8
LC_ALL=C.UTF-8
LOGNAME=user42
PATH=/usr/local/sbin:/usr/local/bin:/usr/sbin:/usr/bin:/sbin:/bin:/usr/games
SCHROOT_ALIAS_NAME=unstable
SCHROOT_CHROOT_NAME=sid-amd64-sbuild
SCHROOT_COMMAND=env
SCHROOT_GID=1001
SCHROOT_GROUP=user42
SCHROOT_SESSION_ID=sid-amd64-sbuild-4b0b0682-c39c-4b0d-927f-c81b61148505
SCHROOT_UID=1001
SCHROOT_USER=user42
SHELL=/bin/sh
USER=user42

dpkg-buildpackage
-----------------

Command: dpkg-buildpackage -us -uc -b -rfakeroot
dpkg-buildpackage: info: source package dvi2ps
dpkg-buildpackage: info: source version 5.1j-1.3
dpkg-buildpackage: info: source distribution unstable
dpkg-buildpackage: info: source changed by Hugh McMaster <hugh.mcmaster@outlook.com>
 dpkg-source --before-build .
dpkg-buildpackage: info: host architecture amd64
 fakeroot debian/rules clean
dh_testdir
dh_testroot
rm -f build-stamp configure-stamp
# Add here commands to clean up after the build process.
[ ! -f Makefile ] || /usr/bin/make clean
(cd tools ; /usr/bin/make -f ../debian/Makefile.tools clean)
make[1]: Entering directory '/<<PKGBUILDDIR>>/tools'
rm nup texfix
rm: cannot remove 'nup': No such file or directory
rm: cannot remove 'texfix': No such file or directory
make[1]: [../debian/Makefile.tools:23: clean] Error 1 (ignored)
make[1]: Leaving directory '/<<PKGBUILDDIR>>/tools'
dh_autotools-dev_restoreconfig
dh_autotools-dev_restoreconfig: warning: Compatibility levels before 9 are deprecated (level 5 in use)
dh_autotools-dev_restoreconfig: warning: dh_autotools-dev_restoreconfig is deprecated; please see dh_autotools-dev_restoreconfig(1) for a replacement
dh_autotools-dev_restoreconfig: warning: This feature will be removed in compat 12.
dh_autoreconf_clean
dh_clean
dh_clean: warning: Compatibility levels before 9 are deprecated (level 5 in use)
 debian/rules build
dh_testdir
dh_autotools-dev_updateconfig
dh_autotools-dev_updateconfig: warning: Compatibility levels before 9 are deprecated (level 5 in use)
dh_autotools-dev_updateconfig: warning: dh_autotools-dev_updateconfig is deprecated; please see dh_autotools-dev_updateconfig(1) for a replacement
dh_autotools-dev_updateconfig: warning: This feature will be removed in compat 12.
dh_autoreconf
configure.ac:14: warning: AC_LANG_CONFTEST: no AC_LANG_SOURCE call detected in body
../../lib/autoconf/lang.m4:193: AC_LANG_CONFTEST is expanded from...
../../lib/autoconf/general.m4:2672: _AC_LINK_IFELSE is expanded from...
../../lib/autoconf/general.m4:2689: AC_LINK_IFELSE is expanded from...
m4/libtool.m4:1022: _LT_SYS_MODULE_PATH_AIX is expanded from...
m4/libtool.m4:4158: _LT_LINKER_SHLIBS is expanded from...
m4/libtool.m4:5233: _LT_LANG_C_CONFIG is expanded from...
m4/libtool.m4:138: _LT_SETUP is expanded from...
m4/libtool.m4:67: LT_INIT is expanded from...
configure.ac:14: the top level
configure.ac:14: warning: AC_LANG_CONFTEST: no AC_LANG_SOURCE call detected in body
../../lib/autoconf/lang.m4:193: AC_LANG_CONFTEST is expanded from...
../../lib/autoconf/general.m4:2672: _AC_LINK_IFELSE is expanded from...
../../lib/autoconf/general.m4:2689: AC_LINK_IFELSE is expanded from...
m4/libtool.m4:4158: _LT_LINKER_SHLIBS is expanded from...
m4/libtool.m4:5233: _LT_LANG_C_CONFIG is expanded from...
m4/libtool.m4:138: _LT_SETUP is expanded from...
m4/libtool.m4:67: LT_INIT is expanded from...
configure.ac:14: the top level
configure.ac:14: warning: AC_LANG_CONFTEST: no AC_LANG_SOURCE call detected in body
../../lib/autoconf/lang.m4:193: AC_LANG_CONFTEST is expanded from...
../../lib/autoconf/general.m4:2672: _AC_LINK_IFELSE is expanded from...
../../lib/autoconf/general.m4:2689: AC_LINK_IFELSE is expanded from...
m4/libtool.m4:1022: _LT_SYS_MODULE_PATH_AIX is expanded from...
m4/libtool.m4:4158: _LT_LINKER_SHLIBS is expanded from...
m4/libtool.m4:5233: _LT_LANG_C_CONFIG is expanded from...
m4/libtool.m4:138: _LT_SETUP is expanded from...
m4/libtool.m4:67: LT_INIT is expanded from...
configure.ac:14: the top level
configure.ac:14: warning: AC_LANG_CONFTEST: no AC_LANG_SOURCE call detected in body
../../lib/autoconf/lang.m4:193: AC_LANG_CONFTEST is expanded from...
../../lib/autoconf/general.m4:2672: _AC_LINK_IFELSE is expanded from...
../../lib/autoconf/general.m4:2689: AC_LINK_IFELSE is expanded from...
m4/libtool.m4:4158: _LT_LINKER_SHLIBS is expanded from...
m4/libtool.m4:5233: _LT_LANG_C_CONFIG is expanded from...
m4/libtool.m4:138: _LT_SETUP is expanded from...
m4/libtool.m4:67: LT_INIT is expanded from...
configure.ac:14: the top level
configure.ac:14: warning: AC_LANG_CONFTEST: no AC_LANG_SOURCE call detected in body
../../lib/autoconf/lang.m4:193: AC_LANG_CONFTEST is expanded from...
../../lib/autoconf/general.m4:2672: _AC_LINK_IFELSE is expanded from...
../../lib/autoconf/general.m4:2689: AC_LINK_IFELSE is expanded from...
m4/libtool.m4:1022: _LT_SYS_MODULE_PATH_AIX is expanded from...
m4/libtool.m4:4158: _LT_LINKER_SHLIBS is expanded from...
m4/libtool.m4:5233: _LT_LANG_C_CONFIG is expanded from...
m4/libtool.m4:138: _LT_SETUP is expanded from...
m4/libtool.m4:67: LT_INIT is expanded from...
configure.ac:14: the top level
configure.ac:14: warning: AC_LANG_CONFTEST: no AC_LANG_SOURCE call detected in body
../../lib/autoconf/lang.m4:193: AC_LANG_CONFTEST is expanded from...
../../lib/autoconf/general.m4:2672: _AC_LINK_IFELSE is expanded from...
../../lib/autoconf/general.m4:2689: AC_LINK_IFELSE is expanded from...
m4/libtool.m4:4158: _LT_LINKER_SHLIBS is expanded from...
m4/libtool.m4:5233: _LT_LANG_C_CONFIG is expanded from...
m4/libtool.m4:138: _LT_SETUP is expanded from...
m4/libtool.m4:67: LT_INIT is expanded from...
configure.ac:14: the top level
libtoolize: putting auxiliary files in AC_CONFIG_AUX_DIR, 'build-aux'.
libtoolize: copying file 'build-aux/ltmain.sh'
libtoolize: putting macros in AC_CONFIG_MACRO_DIRS, 'm4'.
libtoolize: copying file 'm4/libtool.m4'
libtoolize: copying file 'm4/ltoptions.m4'
libtoolize: copying file 'm4/ltsugar.m4'
libtoolize: copying file 'm4/ltversion.m4'
libtoolize: copying file 'm4/lt~obsolete.m4'
configure.ac:14: installing 'build-aux/compile'
configure.ac:10: installing 'build-aux/missing'
Makefile.am: installing 'build-aux/depcomp'
# Add here commands to configure the package.
dh_auto_configure -- --with-dvi2pslib=/usr/lib/dvi2ps
dh_auto_configure: warning: Compatibility levels before 9 are deprecated (level 5 in use)
	./configure --build=x86_64-linux-gnu --prefix=/usr --includedir=\${prefix}/include --mandir=\${prefix}/share/man --infodir=\${prefix}/share/info --sysconfdir=/etc --localstatedir=/var --disable-silent-rules --libexecdir=\${prefix}/lib/dvi2ps --disable-maintainer-mode --disable-dependency-tracking --with-dvi2pslib=/usr/lib/dvi2ps
configure: WARNING: unrecognized options: --disable-maintainer-mode
checking for a BSD-compatible install... /usr/bin/install -c
checking whether build environment is sane... yes
checking for a thread-safe mkdir -p... /bin/mkdir -p
checking for gawk... no
checking for mawk... mawk
checking whether make sets $(MAKE)... yes
checking whether make supports nested variables... yes
checking build system type... x86_64-pc-linux-gnu
checking host system type... x86_64-pc-linux-gnu
checking how to print strings... printf
checking whether make supports the include directive... yes (GNU style)
checking for gcc... gcc
checking whether the C compiler works... yes
checking for C compiler default output file name... a.out
checking for suffix of executables... 
checking whether we are cross compiling... no
checking for suffix of object files... o
checking whether we are using the GNU C compiler... yes
checking whether gcc accepts -g... yes
checking for gcc option to accept ISO C89... none needed
checking whether gcc understands -c and -o together... yes
checking dependency style of gcc... none
checking for a sed that does not truncate output... /bin/sed
checking for grep that handles long lines and -e... /bin/grep
checking for egrep... /bin/grep -E
checking for fgrep... /bin/grep -F
checking for ld used by gcc... /usr/bin/ld
checking if the linker (/usr/bin/ld) is GNU ld... yes
checking for BSD- or MS-compatible name lister (nm)... /usr/bin/nm -B
checking the name lister (/usr/bin/nm -B) interface... BSD nm
checking whether ln -s works... yes
checking the maximum length of command line arguments... 1572864
checking how to convert x86_64-pc-linux-gnu file names to x86_64-pc-linux-gnu format... func_convert_file_noop
checking how to convert x86_64-pc-linux-gnu file names to toolchain format... func_convert_file_noop
checking for /usr/bin/ld option to reload object files... -r
checking for objdump... objdump
checking how to recognize dependent libraries... pass_all
checking for dlltool... no
checking how to associate runtime and link libraries... printf %s\n
checking for ar... ar
checking for archiver @FILE support... @
checking for strip... strip
checking for ranlib... ranlib
checking command to parse /usr/bin/nm -B output from gcc object... ok
checking for sysroot... no
checking for a working dd... /bin/dd
checking how to truncate binary pipes... /bin/dd bs=4096 count=1
checking for mt... no
checking if : is a manifest tool... no
checking how to run the C preprocessor... gcc -E
checking for ANSI C header files... yes
checking for sys/types.h... yes
checking for sys/stat.h... yes
checking for stdlib.h... yes
checking for string.h... yes
checking for memory.h... yes
checking for strings.h... yes
checking for inttypes.h... yes
checking for stdint.h... yes
checking for unistd.h... yes
checking for dlfcn.h... yes
checking for objdir... .libs
checking if gcc supports -fno-rtti -fno-exceptions... yes
checking for gcc option to produce PIC... -fPIC -DPIC
checking if gcc PIC flag -fPIC -DPIC works... yes
checking if gcc static flag -static works... yes
checking if gcc supports -c -o file.o... yes
checking if gcc supports -c -o file.o... (cached) yes
checking whether the gcc linker (/usr/bin/ld -m elf_x86_64) supports shared libraries... yes
checking whether -lc should be explicitly linked in... no
checking dynamic linker characteristics... GNU/Linux ld.so
checking how to hardcode library paths into programs... immediate
checking whether stripping libraries is possible... yes
checking if libtool supports shared libraries... yes
checking whether to build shared libraries... yes
checking whether to build static libraries... yes
checking for gcc... (cached) gcc
checking whether we are using the GNU C compiler... (cached) yes
checking whether gcc accepts -g... (cached) yes
checking for gcc option to accept ISO C89... (cached) none needed
checking whether gcc understands -c and -o together... (cached) yes
checking dependency style of gcc... (cached) none
checking for pkg-config... /usr/bin/pkg-config
checking pkg-config is at least version 0.9.0... yes
checking fcntl.h usability... yes
checking fcntl.h presence... yes
checking for fcntl.h... yes
checking sys/file.h usability... yes
checking sys/file.h presence... yes
checking for sys/file.h... yes
checking sys/time.h usability... yes
checking sys/time.h presence... yes
checking for sys/time.h... yes
checking for sys/types.h... (cached) yes
checking for unistd.h... (cached) yes
checking whether time.h and sys/time.h may both be included... yes
checking for ANSI C header files... (cached) yes
checking for stdbool.h that conforms to C99... yes
checking for _Bool... yes
checking for stdlib.h... (cached) yes
checking for GNU libc compatible malloc... yes
checking for stdlib.h... (cached) yes
checking for GNU libc compatible realloc... yes
checking for dup2... yes
checking for strchr... yes
checking for strrchr... yes
checking for strstr... yes
checking for strtol... yes
checking for mkstemp... yes
checking for library containing sqrt... -lm
checking for kpse_init_prog in -lkpathsea... yes
checking kpathsea/config.h usability... yes
checking kpathsea/config.h presence... yes
checking for kpathsea/config.h... yes
checking for FREETYPE2... yes
checking for VF_Init in -lVFlib2... no
checking VF.h usability... no
checking VF.h presence... no
checking for VF.h... no
checking for TT_Init_FreeType in -lttf... no
checking for VF_Init in -lVFlib3... yes
checking VFlib-3_6.h usability... yes
checking VFlib-3_6.h presence... yes
checking for VFlib-3_6.h... yes
checking that generated files are newer than configure... done
configure: creating ./config.status
config.status: creating Makefile
config.status: creating config.h
config.status: executing depfiles commands
config.status: executing libtool commands
configure: WARNING: unrecognized options: --disable-maintainer-mode
touch configure-stamp
dh_testdir
# Add here commands to compile the package.
rm dvi2ps-conf.h
/usr/bin/make dvi2ps-conf.h
make[1]: Entering directory '/<<PKGBUILDDIR>>'
echo "#define	DVI2LIB	\"/usr/lib/dvi2ps\"" > dvi2ps-conf.h
./confsub dvi2ps.conf dvi2ps-conf.in >> dvi2ps-conf.h
make[1]: Leaving directory '/<<PKGBUILDDIR>>'
/usr/bin/make PREFIX=/usr MFMODE=ljfour \
	CCFLAGS='-g -O -DPOSIX -DSYSV -DANSI -Wall'
make[1]: Entering directory '/<<PKGBUILDDIR>>'
/usr/bin/make  all-am
make[2]: Entering directory '/<<PKGBUILDDIR>>'
gcc -DHAVE_CONFIG_H -I.  -I/usr/include/freetype2 -I/usr/include/libpng16   -g -O2 -c -o dvi2.o dvi2.c
dvi2.c:111:1: warning: type specifier missing, defaults to 'int' [-Wimplicit-int]
main(argc, argv)
^
dvi2.c:142:5: warning: implicit declaration of function 'fix_default' is invalid in C99 [-Wimplicit-function-declaration]
    fix_default(RESOLUTION, MFMODE);
    ^
dvi2.c:163:5: warning: implicit declaration of function 'dev_init' is invalid in C99 [-Wimplicit-function-declaration]
    dev_init();
    ^
dvi2.c:166:5: warning: implicit declaration of function 'setcurdconv' is invalid in C99 [-Wimplicit-function-declaration]
    setcurdconv(&dfd_dconv_templ);
    ^
dvi2.c:184:5: warning: implicit declaration of function 'dev_initfont' is invalid in C99 [-Wimplicit-function-declaration]
    dev_initfont();
    ^
dvi2.c:185:5: warning: implicit declaration of function 'scanfont' is invalid in C99 [-Wimplicit-function-declaration]
    scanfont(PreLoad, &hdfontidx);
    ^
dvi2.c:187:5: warning: implicit declaration of function 'dev_prologue' is invalid in C99 [-Wimplicit-function-declaration]
    dev_prologue();
    ^
dvi2.c:188:5: warning: implicit declaration of function 'dev_setup' is invalid in C99 [-Wimplicit-function-declaration]
    dev_setup();
    ^
dvi2.c:212:5: warning: implicit declaration of function 'dev_endsetup' is invalid in C99 [-Wimplicit-function-declaration]
    dev_endsetup();
    ^
dvi2.c:230:5: warning: implicit declaration of function 'dev_initpage' is invalid in C99 [-Wimplicit-function-declaration]
    dev_initpage();
    ^
dvi2.c:231:5: warning: implicit declaration of function 'initdir' is invalid in C99 [-Wimplicit-function-declaration]
    initdir();
    ^
dvi2.c:232:5: warning: implicit declaration of function 'dviconv' is invalid in C99 [-Wimplicit-function-declaration]
    dviconv(hdfontidx);
    ^
dvi2.c:233:5: warning: implicit declaration of function 'dev_finish' is invalid in C99 [-Wimplicit-function-declaration]
    dev_finish();
    ^
dvi2.c:239:1: warning: type specifier missing, defaults to 'int' [-Wimplicit-int]
default_def()
^
dvi2.c:242:5: warning: implicit declaration of function 'add_def0' is invalid in C99 [-Wimplicit-function-declaration]
    add_def0("TEXMF", kpse_var_value("TEXMF"));
    ^
dvi2.c:244:5: warning: implicit declaration of function 'init_default' is invalid in C99 [-Wimplicit-function-declaration]
    init_default(MFMODE, KPSENAME);
    ^
dvi2.c:245:1: warning: control reaches end of non-void function [-Wreturn-type]
}
^
17 warnings generated.
gcc -DHAVE_CONFIG_H -I.  -I/usr/include/freetype2 -I/usr/include/libpng16   -g -O2 -c -o dviconv.o dviconv.c
dviconv.c:40:20: warning: '/*' within block comment [-Wcomment]
    /*long cpagep;      /* current page pointer         */
                        ^
dviconv.c:83:6: warning: implicit declaration of function 'setdir' is invalid in C99 [-Wimplicit-function-declaration]
            setdir(HOR);
            ^
dviconv.c:87:6: warning: implicit declaration of function 'dev_initpage' is invalid in C99 [-Wimplicit-function-declaration]
            dev_initpage();
            ^
dviconv.c:92:3: warning: implicit declaration of function 'dev_bop' is invalid in C99 [-Wimplicit-function-declaration]
                dev_bop(count[0]);
                ^
dviconv.c:106:3: warning: implicit declaration of function 'dev_eop' is invalid in C99 [-Wimplicit-function-declaration]
                dev_eop();
                ^
dviconv.c:131:3: warning: add explicit braces to avoid dangling else [-Wdangling-else]
                else
                ^
dviconv.c:250:1: warning: type specifier missing, defaults to 'int' [-Wimplicit-int]
initdir()
^
dviconv.c:253:5: warning: implicit declaration of function 'setdir' is invalid in C99 [-Wimplicit-function-declaration]
    setdir(HOR);
    ^
dviconv.c:254:1: warning: control reaches end of non-void function [-Wreturn-type]
}
^
dviconv.c:256:1: warning: type specifier missing, defaults to 'int' [-Wimplicit-int]
setdir(d)
^
dviconv.c:264:6: warning: implicit declaration of function 'setdirhor' is invalid in C99 [-Wimplicit-function-declaration]
            setdirhor();
            ^
dviconv.c:267:6: warning: implicit declaration of function 'setdirver' is invalid in C99 [-Wimplicit-function-declaration]
            setdirver();
            ^
dviconv.c:270:2: warning: implicit declaration of function 'dev_dir' is invalid in C99 [-Wimplicit-function-declaration]
        dev_dir(d);
        ^
dviconv.c:272:1: warning: control reaches end of non-void function [-Wreturn-type]
}
^
14 warnings generated.
gcc -DHAVE_CONFIG_H -I.  -I/usr/include/freetype2 -I/usr/include/libpng16   -g -O2 -c -o dfdcom.o dfdcom.c
dfdcom.c:159:2: warning: implicit declaration of function 'dev_setposn' is invalid in C99 [-Wimplicit-function-declaration]
        dev_setposn(h, v);      /* lower left corner */
        ^
dfdcom.c:160:2: warning: implicit declaration of function 'dev_setrule' is invalid in C99 [-Wimplicit-function-declaration]
        dev_setrule(a, b);
        ^
dfdcom.c:172:2: warning: implicit declaration of function 'dev_setposn' is invalid in C99 [-Wimplicit-function-declaration]
        dev_setposn(h, v);      /* lower left corner */
        ^
dfdcom.c:173:2: warning: implicit declaration of function 'dev_setrule' is invalid in C99 [-Wimplicit-function-declaration]
        dev_setrule(-b, a);
        ^
4 warnings generated.
gcc -DHAVE_CONFIG_H -I.  -I/usr/include/freetype2 -I/usr/include/libpng16   -g -O2 -c -o fontcom.o fontcom.c
fontcom.c:45:9: warning: implicit declaration of function 'replfont' is invalid in C99 [-Wimplicit-function-declaration]
    if (replfont(n, s, rn, &rd, &rs)) {
        ^
fontcom.c:96:1: warning: type specifier missing, defaults to 'int' [-Wimplicit-int]
first_markchar(c)
^
fontcom.c:101:1: warning: control reaches end of non-void function [-Wreturn-type]
}
^
fontcom.c:145:1: warning: type specifier missing, defaults to 'int' [-Wimplicit-int]
null_markchar(c)
^
fontcom.c:148:1: warning: control reaches end of non-void function [-Wreturn-type]
}
^
fontcom.c:172:1: warning: type specifier missing, defaults to 'int' [-Wimplicit-int]
null_setchar(c)
^
fontcom.c:179:1: warning: type specifier missing, defaults to 'int' [-Wimplicit-int]
null_setstring(s, len)
^
7 warnings generated.
gcc -DHAVE_CONFIG_H -I.  -I/usr/include/freetype2 -I/usr/include/libpng16   -g -O2 -c -o set.o set.c
gcc -DHAVE_CONFIG_H -I.  -I/usr/include/freetype2 -I/usr/include/libpng16   -g -O2 -c -o rfset.o rfset.c
rfset.c:23:2: warning: implicit declaration of function 'dev_setfont' is invalid in C99 [-Wimplicit-function-declaration]
        dev_setfont(devf);
        ^
rfset.c:24:2: warning: implicit declaration of function 'dev_setposn' is invalid in C99 [-Wimplicit-function-declaration]
        dev_setposn(h, v);
        ^
rfset.c:29:2: warning: implicit declaration of function 'dev_setposn' is invalid in C99 [-Wimplicit-function-declaration]
        dev_setposn(h, v);
        ^
rfset.c:62:2: warning: implicit declaration of function 'dev_setfont' is invalid in C99 [-Wimplicit-function-declaration]
        dev_setfont(devf);
        ^
rfset.c:63:2: warning: implicit declaration of function 'dev_setposn' is invalid in C99 [-Wimplicit-function-declaration]
        dev_setposn(h, v);
        ^
rfset.c:67:2: warning: implicit declaration of function 'dev_setposn' is invalid in C99 [-Wimplicit-function-declaration]
        dev_setposn(h, v);
        ^
6 warnings generated.
gcc -DHAVE_CONFIG_H -I.  -I/usr/include/freetype2 -I/usr/include/libpng16   -g -O2 -c -o vfset.o vfset.c
gcc -DHAVE_CONFIG_H -I.  -I/usr/include/freetype2 -I/usr/include/libpng16   -g -O2 -c -o dconv.o dconv.c
dconv.c:20:1: warning: type specifier missing, defaults to 'int' [-Wimplicit-int]
setcurdconv(dp)
^
dconv.c:43:1: warning: control reaches end of non-void function [-Wreturn-type]
}
^
dconv.c:45:1: warning: type specifier missing, defaults to 'int' [-Wimplicit-int]
setdirhor()
^
dconv.c:50:1: warning: control reaches end of non-void function [-Wreturn-type]
}
^
dconv.c:52:1: warning: type specifier missing, defaults to 'int' [-Wimplicit-int]
setdirver()
^
dconv.c:57:1: warning: control reaches end of non-void function [-Wreturn-type]
}
^
6 warnings generated.
gcc -DHAVE_CONFIG_H -I.  -I/usr/include/freetype2 -I/usr/include/libpng16   -g -O2 -c -o run.o run.c
run.c:49:7: warning: implicit declaration of function 'arg_define' is invalid in C99 [-Wimplicit-function-declaration]
                    arg_define(tcp);
                    ^
run.c:142:7: warning: implicit declaration of function 'dev_arg' is invalid in C99 [-Wimplicit-function-declaration]
                    dev_arg('o', argv[argind]);
                    ^
run.c:182:7: warning: implicit declaration of function 'usage' is invalid in C99 [-Wimplicit-function-declaration]
                    usage(*tcp);
                    ^
run.c:262:5: warning: implicit declaration of function 'default_def' is invalid in C99 [-Wimplicit-function-declaration]
    default_def();
    ^
run.c:296:3: warning: implicit declaration of function 'set_resolution' is invalid in C99 [-Wimplicit-function-declaration]
                set_resolution(tcp);
                ^
run.c:315:1: warning: type specifier missing, defaults to 'int' [-Wimplicit-int]
usage(c)
^
run.c:326:5: warning: data argument not used by format string [-Wformat-extra-args]
                  "[dvifile]");
                  ^
run.c:329:1: warning: control reaches end of non-void function [-Wreturn-type]
}
^
8 warnings generated.
gcc -DHAVE_CONFIG_H -I.  -I/usr/include/freetype2 -I/usr/include/libpng16   -g -O2 -c -o mag.o mag.c
gcc -DHAVE_CONFIG_H -I.  -I/usr/include/freetype2 -I/usr/include/libpng16   -g -O2 -c -o fontdesc.o fontdesc.c
fontdesc.c:122:9: warning: implicit declaration of function 'searchfile' is invalid in C99 [-Wimplicit-function-declaration]
    if (searchfile(fdn, fdfile, &newlibdir, top, (char *)NULL)) {
        ^
fontdesc.c:143:2: warning: implicit declaration of function 'getfield' is invalid in C99 [-Wimplicit-function-declaration]
        getfield(field);
        ^
fontdesc.c:155:1: warning: type specifier missing, defaults to 'int' [-Wimplicit-int]
findsearchfile(newf, newlcd, ld, lcd, f, ext)
^
fontdesc.c:183:1: warning: type specifier missing, defaults to 'int' [-Wimplicit-int]
pathsearchfile(nextpath, path, newf, newlcd, newld, lcd, f, ext)
^
fontdesc.c:210:1: warning: type specifier missing, defaults to 'int' [-Wimplicit-int]
searchfile(f, newf, nld, top, ext)
^
fontdesc.c:277:1: warning: type specifier missing, defaults to 'int' [-Wimplicit-int]
searchfiledir(f, ld, newf)
^
fontdesc.c:321:1: warning: type specifier missing, defaults to 'int' [-Wimplicit-int]
getfield(field)
^
fontdesc.c:334:8: warning: add explicit braces to avoid dangling else [-Wdangling-else]
            } else {
              ^
fontdesc.c:344:1: warning: control reaches end of non-void function [-Wreturn-type]
}
^
fontdesc.c:346:1: warning: type specifier missing, defaults to 'int' [-Wimplicit-int]
getqfield0(field)
^
fontdesc.c:368:1: warning: control reaches end of non-void function [-Wreturn-type]
}
^
fontdesc.c:370:1: warning: type specifier missing, defaults to 'int' [-Wimplicit-int]
getqfield(field)
^
fontdesc.c:375:1: warning: control reaches end of non-void function [-Wreturn-type]
}
^
fontdesc.c:377:1: warning: type specifier missing, defaults to 'int' [-Wimplicit-int]
getoqfield(field)
^
fontdesc.c:385:1: warning: control reaches end of non-void function [-Wreturn-type]
}
^
fontdesc.c:387:1: warning: type specifier missing, defaults to 'int' [-Wimplicit-int]
getlfield(field)
^
fontdesc.c:399:8: warning: add explicit braces to avoid dangling else [-Wdangling-else]
            } else {
              ^
fontdesc.c:408:1: warning: control reaches end of non-void function [-Wreturn-type]
}
^
fontdesc.c:523:1: warning: type specifier missing, defaults to 'int' [-Wimplicit-int]
pathtype_init(proto, ff)
^
fontdesc.c:548:1: warning: type specifier missing, defaults to 'int' [-Wimplicit-int]
add_def0(var, val)
^
fontdesc.c:560:1: warning: control reaches end of non-void function [-Wreturn-type]
}
^
fontdesc.c:562:1: warning: type specifier missing, defaults to 'int' [-Wimplicit-int]
add_def(var, val)
^
fontdesc.c:574:1: warning: control reaches end of non-void function [-Wreturn-type]
}
^
fontdesc.c:589:1: warning: type specifier missing, defaults to 'int' [-Wimplicit-int]
arg_define(def)
^
fontdesc.c:600:1: warning: control reaches end of non-void function [-Wreturn-type]
}
^
fontdesc.c:664:1: warning: type specifier missing, defaults to 'int' [-Wimplicit-int]
set_resolution(r)
^
fontdesc.c:671:1: warning: control reaches end of non-void function [-Wreturn-type]
}
^
fontdesc.c:721:5: warning: implicit declaration of function 'add_devfile' is invalid in C99 [-Wimplicit-function-declaration]
    add_devfile(f, top, DF_ALWAYS, "includefile", &nextif);
    ^
fontdesc.c:730:5: warning: implicit declaration of function 'add_devfile' is invalid in C99 [-Wimplicit-function-declaration]
    add_devfile(f, top, kind, "includefile", &nextif);
    ^
fontdesc.c:738:5: warning: implicit declaration of function 'add_devfile' is invalid in C99 [-Wimplicit-function-declaration]
    add_devfile(f, top, DF_ALWAYS, "setupfile", &nextsf);
    ^
fontdesc.c:747:5: warning: implicit declaration of function 'add_devfile' is invalid in C99 [-Wimplicit-function-declaration]
    add_devfile(f, top, kind, "setupfile", &nextsf);
    ^
fontdesc.c:750:1: warning: type specifier missing, defaults to 'int' [-Wimplicit-int]
add_devfile(f, top, kind, k, np)
^
fontdesc.c:779:1: warning: control reaches end of non-void function [-Wreturn-type]
}
^
fontdesc.c:781:1: warning: type specifier missing, defaults to 'int' [-Wimplicit-int]
add_include_spec(f, op)
^
fontdesc.c:793:1: warning: control reaches end of non-void function [-Wreturn-type]
}
^
fontdesc.c:795:1: warning: type specifier missing, defaults to 'int' [-Wimplicit-int]
add_setup_spec(f, op)
^
fontdesc.c:807:1: warning: control reaches end of non-void function [-Wreturn-type]
}
^
fontdesc.c:812:5: warning: implicit declaration of function 'getdevfile' is invalid in C99 [-Wimplicit-function-declaration]
    getdevfile(add_include);
    ^
fontdesc.c:818:5: warning: implicit declaration of function 'getdevfileif' is invalid in C99 [-Wimplicit-function-declaration]
    getdevfileif(add_includeif);
    ^
fontdesc.c:824:5: warning: implicit declaration of function 'getdevfile' is invalid in C99 [-Wimplicit-function-declaration]
    getdevfile(add_setup);
    ^
fontdesc.c:830:5: warning: implicit declaration of function 'getdevfileif' is invalid in C99 [-Wimplicit-function-declaration]
    getdevfileif(add_setupif);
    ^
fontdesc.c:833:1: warning: type specifier missing, defaults to 'int' [-Wimplicit-int]
getdevfile(add)
^
fontdesc.c:841:1: warning: control reaches end of non-void function [-Wreturn-type]
}
^
fontdesc.c:843:1: warning: type specifier missing, defaults to 'int' [-Wimplicit-int]
getdevfileif(add)
^
fontdesc.c:853:31: warning: implicit declaration of function 'dev_devfilekind' is invalid in C99 [-Wimplicit-function-declaration]
    (*add)(field_file, FALSE, dev_devfilekind(field_kind));
                              ^
fontdesc.c:854:1: warning: control reaches end of non-void function [-Wreturn-type]
}
^
fontdesc.c:856:1: warning: type specifier missing, defaults to 'int' [-Wimplicit-int]
do_include()
^
fontdesc.c:858:5: warning: implicit declaration of function 'do_devfile' is invalid in C99 [-Wimplicit-function-declaration]
    do_devfile(includefiles);
    ^
fontdesc.c:859:1: warning: control reaches end of non-void function [-Wreturn-type]
}
^
fontdesc.c:861:1: warning: type specifier missing, defaults to 'int' [-Wimplicit-int]
do_setup()
^
fontdesc.c:863:5: warning: implicit declaration of function 'do_devfile' is invalid in C99 [-Wimplicit-function-declaration]
    do_devfile(setupfiles);
    ^
fontdesc.c:864:1: warning: control reaches end of non-void function [-Wreturn-type]
}
^
fontdesc.c:866:1: warning: type specifier missing, defaults to 'int' [-Wimplicit-int]
do_devfile(df)
^
fontdesc.c:870:34: warning: implicit declaration of function 'dev_devfileif' is invalid in C99 [-Wimplicit-function-declaration]
        if (df->df_kind == DF_ALWAYS || dev_devfileif(df->df_kind))
                                        ^
fontdesc.c:872:1: warning: control reaches end of non-void function [-Wreturn-type]
}
^
fontdesc.c:895:1: warning: type specifier missing, defaults to 'int' [-Wimplicit-int]
findcconvmap(name, file)
^
fontdesc.c:989:16: warning: implicit declaration of function 'scale_exact' is invalid in C99 [-Wimplicit-function-declaration]
                fr->fr_fix = scale_exact(fr->fr_fix, atoi(f+1));
                             ^
fontdesc.c:995:16: warning: implicit declaration of function 'scale_exact' is invalid in C99 [-Wimplicit-function-declaration]
                fr->fr_fix = scale_exact(fr->fr_fix, (int)(fx*(float)(1<<20)));
                             ^
fontdesc.c:1011:1: warning: type specifier missing, defaults to 'int' [-Wimplicit-int]
init_default(def_mfmode, def_kpse)
^
fontdesc.c:1016:1: warning: control reaches end of non-void function [-Wreturn-type]
}
^
fontdesc.c:1018:1: warning: type specifier missing, defaults to 'int' [-Wimplicit-int]
fix_default(def_resolution, def_mfmode)
^
fontdesc.c:1031:1: warning: control reaches end of non-void function [-Wreturn-type]
}
^
fontdesc.c:1037:1: warning: type specifier missing, defaults to 'int' [-Wimplicit-int]
replfont(n, s, rn, rd, rs)
^
fontdesc.c:1047:6: warning: implicit declaration of function 'match_subf' is invalid in C99 [-Wimplicit-function-declaration]
        if (match_subf(fr->fr_replfont, n, FALSE, &sb, &se)) {
            ^
fontdesc.c:1048:6: warning: implicit declaration of function 'subst_subf' is invalid in C99 [-Wimplicit-function-declaration]
            subst_subf(rn, fr->fr_font, sb, se);
            ^
fontdesc.c:1053:9: warning: implicit declaration of function 'scale_exact' is invalid in C99 [-Wimplicit-function-declaration]
                *rs = scale_exact(fr->fr_fix, s);
                      ^
fontdesc.c:1100:6: warning: implicit declaration of function 'match_subf' is invalid in C99 [-Wimplicit-function-declaration]
        if (match_subf(fs->fs_font, fe->n, TRUE, &sb, &se)) {
            ^
67 warnings generated.
gcc -DHAVE_CONFIG_H -I.  -I/usr/include/freetype2 -I/usr/include/libpng16   -g -O2 -c -o scanfont.o scanfont.c
scanfont.c:54:3: warning: implicit declaration of function 'dev_prebop' is invalid in C99 [-Wimplicit-function-declaration]
                dev_prebop(count[0]);
                ^
scanfont.c:73:36: warning: data argument not used by format string [-Wformat-extra-args]
                        (void)fprintf(stderr, "eop}\n", count[0]);
                                              ~~~~~~~~  ^
scanfont.c:144:21: warning: implicit declaration of function 'HasBeenRead' is invalid in C99 [-Wimplicit-function-declaration]
            if (PreLoad || HasBeenRead(k, *hdfip))
                           ^
3 warnings generated.
gcc -DHAVE_CONFIG_H -I.  -I/usr/include/freetype2 -I/usr/include/libpng16   -g -O2 -c -o virfont.o virfont.c
virfont.c:33:1: warning: type specifier missing, defaults to 'int' [-Wimplicit-int]
vftype_access(proto, fe, acca)
^
virfont.c:38:12: warning: implicit declaration of function 'vfty_acc' is invalid in C99 [-Wimplicit-function-declaration]
    return vfty_acc(proto, fe, acca, "vf", NULL);
           ^
virfont.c:41:1: warning: type specifier missing, defaults to 'int' [-Wimplicit-int]
jvftype_access(proto, fe, acca)
^
virfont.c:47:12: warning: implicit declaration of function 'vfty_acc' is invalid in C99 [-Wimplicit-function-declaration]
    return vfty_acc(proto, fe, acca, "jvf", NULL);
           ^
virfont.c:50:1: warning: type specifier missing, defaults to 'int' [-Wimplicit-int]
vfty_acc(proto, fe, acca, type, suffix)
^
virfont.c:62:12: warning: using the result of an assignment as a condition without parentheses [-Wparentheses]
    if (ok = (filename != NULL))
        ~~~^~~~~~~~~~~~~~~~~~~~
virfont.c:62:12: note: place parentheses around the assignment to silence this warning
    if (ok = (filename != NULL))
           ^
        (                      )
virfont.c:62:12: note: use '==' to turn this assignment into an equality comparison
    if (ok = (filename != NULL))
           ^
           ==
virfont.c:82:5: warning: implicit declaration of function 'read_vf_dviinfo' is invalid in C99 [-Wimplicit-function-declaration]
    read_vf_dviinfo(fe);
    ^
virfont.c:94:5: warning: implicit declaration of function 'read_jvf_dviinfo' is invalid in C99 [-Wimplicit-function-declaration]
    read_jvf_dviinfo(fe);
    ^
virfont.c:107:1: warning: type specifier missing, defaults to 'int' [-Wimplicit-int]
read_vf_dviinfo(fe)
^
virfont.c:110:5: warning: implicit declaration of function 'read_vf_di' is invalid in C99 [-Wimplicit-function-declaration]
    read_vf_di(fe, CODE_NORMAL);
    ^
virfont.c:111:1: warning: control reaches end of non-void function [-Wreturn-type]
}
^
virfont.c:113:1: warning: type specifier missing, defaults to 'int' [-Wimplicit-int]
read_jvf_dviinfo(fe)
^
virfont.c:116:5: warning: implicit declaration of function 'read_vf_di' is invalid in C99 [-Wimplicit-function-declaration]
    read_vf_di(fe, CODE_JIS);
    ^
virfont.c:117:1: warning: control reaches end of non-void function [-Wreturn-type]
}
^
virfont.c:119:1: warning: type specifier missing, defaults to 'int' [-Wimplicit-int]
read_vf_di(fe, coding)
^
virfont.c:190:19: warning: implicit declaration of function 'jis_to_idx94' is invalid in C99 [-Wimplicit-function-declaration]
                else if ((idx = jis_to_idx94(cc)) < 0) {
                                ^
virfont.c:222:1: warning: control reaches end of non-void function [-Wreturn-type]
}
^
virfont.c:267:1: warning: type specifier missing, defaults to 'int' [-Wimplicit-int]
vf_markchar(c)
^
virfont.c:270:5: warning: implicit declaration of function 'vf_mc' is invalid in C99 [-Wimplicit-function-declaration]
    vf_mc(curfontent, &virfinfo(curfontent)->ch[c], c);
    ^
virfont.c:271:1: warning: control reaches end of non-void function [-Wreturn-type]
}
^
virfont.c:273:1: warning: type specifier missing, defaults to 'int' [-Wimplicit-int]
jvf_markchar(c)
^
virfont.c:278:16: warning: implicit declaration of function 'jis_to_idx94' is invalid in C99 [-Wimplicit-function-declaration]
    if ((idx = jis_to_idx94(c)) < 0) {
               ^
virfont.c:285:2: warning: implicit declaration of function 'vf_mc' is invalid in C99 [-Wimplicit-function-declaration]
        vf_mc(curfontent, &virfinfo(curfontent)->ch[idx], c);
        ^
virfont.c:286:1: warning: control reaches end of non-void function [-Wreturn-type]
}
^
virfont.c:307:1: warning: type specifier missing, defaults to 'int' [-Wimplicit-int]
vf_mc(fe, ce, c)
^
virfont.c:320:2: error: non-void function 'vf_mc' should return a value [-Wreturn-type]
        return;
        ^
virfont.c:344:9: warning: implicit declaration of function 'setc_com' is invalid in C99 [-Wimplicit-function-declaration]
    if (setc_com(cmd = *dvip, dvip, dvilen, ce)) {
        ^
virfont.c:372:2: error: non-void function 'vf_mc' should return a value [-Wreturn-type]
        return;
        ^
virfont.c:383:5: warning: implicit declaration of function 'setcurdconv' is invalid in C99 [-Wimplicit-function-declaration]
    setcurdconv(&vfd_dconv_templ);
    ^
virfont.c:387:5: warning: implicit declaration of function 'scanfont' is invalid in C99 [-Wimplicit-function-declaration]
    scanfont(TRUE, &(virfinfo(fe)->vf_fontidx));
    ^
virfont.c:395:1: warning: type specifier missing, defaults to 'int' [-Wimplicit-int]
setc_com(cmd, dvip, dvilen, ce)
^
virfont.c:448:1: warning: type specifier missing, defaults to 'int' [-Wimplicit-int]
vf_setchar(c)
^
virfont.c:451:12: warning: implicit declaration of function 'vf_sc' is invalid in C99 [-Wimplicit-function-declaration]
    return vf_sc(curfontent, &virfinfo(curfontent)->ch[c], c);
           ^
virfont.c:454:1: warning: type specifier missing, defaults to 'int' [-Wimplicit-int]
jvf_setchar(c)
^
virfont.c:459:16: warning: implicit declaration of function 'jis_to_idx94' is invalid in C99 [-Wimplicit-function-declaration]
    if ((idx = jis_to_idx94(c)) < 0)
               ^
virfont.c:462:9: warning: implicit declaration of function 'vf_sc' is invalid in C99 [-Wimplicit-function-declaration]
        return vf_sc(curfontent, &virfinfo(curfontent)->ch[idx], c);
               ^
virfont.c:466:1: warning: type specifier missing, defaults to 'int' [-Wimplicit-int]
vf_sc(fe, ce, c)
^
virfont.c:496:5: warning: implicit declaration of function 'setcurdconv' is invalid in C99 [-Wimplicit-function-declaration]
    setcurdconv(&vfd_dconv_templ);
    ^
virfont.c:504:5: warning: implicit declaration of function 'dviconv' is invalid in C99 [-Wimplicit-function-declaration]
    dviconv(virfinfo(fe)->vf_fontidx);
    ^
virfont.c:512:5: warning: implicit declaration of function 'setdir' is invalid in C99 [-Wimplicit-function-declaration]
    setdir(save_dir);
    ^
virfont.c:518:1: warning: type specifier missing, defaults to 'int' [-Wimplicit-int]
vf_setstring(s, len)
^
virfont.c:533:1: warning: type specifier missing, defaults to 'int' [-Wimplicit-int]
jvf_setstring(s, len)
^
40 warnings and 2 errors generated.
make[2]: *** [Makefile:608: virfont.o] Error 1
make[2]: Leaving directory '/<<PKGBUILDDIR>>'
make[1]: *** [Makefile:435: all] Error 2
make[1]: Leaving directory '/<<PKGBUILDDIR>>'
make: *** [debian/rules:45: build-stamp] Error 2
dpkg-buildpackage: error: debian/rules build subprocess returned exit status 2
--------------------------------------------------------------------------------
Build finished at 2020-02-25T18:49:36Z

Finished
--------


+------------------------------------------------------------------------------+
| Cleanup                                                                      |
+------------------------------------------------------------------------------+

Purging /<<BUILDDIR>>
Not cleaning session: cloned chroot in use
E: Build failure (dpkg-buildpackage died)

+------------------------------------------------------------------------------+
| Summary                                                                      |
+------------------------------------------------------------------------------+

Build Architecture: amd64
Build Type: binary
Build-Space: 6036
Build-Time: 11
Distribution: unstable
Fail-Stage: build
Host Architecture: amd64
Install-Time: 4
Job: dvi2ps_5.1j-1.3
Machine Architecture: amd64
Package: dvi2ps
Package-Time: 32
Source-Version: 5.1j-1.3
Space: 6036
Status: attempted
Version: 5.1j-1.3
--------------------------------------------------------------------------------
Finished at 2020-02-25T18:49:36Z
Build needed 00:00:32, 6036k disk space
E: Build failure (dpkg-buildpackage died)
DC-Status: Failed 32.363944045s
