DC-Build-Header: grub 0.97-75 / 2020-02-25 18:23:28 +0000
DC-Task: type:rebuild-binarch-only source:grub version:0.97-75 chroot:unstable esttime:79 logfile:/tmp/grub_0.97-75_unstable_clang8.log modes:clang8:binarch-only
DC-Sbuild-call: su user42 -c 'sbuild -n --arch-any --apt-update -d unstable -v --no-run-lintian --chroot-setup-commands=/tmp/clang8 grub_0.97-75'
sbuild (Debian sbuild) 0.78.1 (09 February 2019) on ip-172-31-3-240.eu-central-1.compute.internal

+==============================================================================+
| grub 0.97-75 (amd64)                         Tue, 25 Feb 2020 18:23:28 +0000 |
+==============================================================================+

Package: grub
Version: 0.97-75
Source Version: 0.97-75
Distribution: unstable
Machine Architecture: amd64
Host Architecture: amd64
Build Architecture: amd64
Build Type: binary

I: NOTICE: Log filtering will replace 'var/run/schroot/mount/sid-amd64-sbuild-9f3e1d5e-6471-403d-a3a7-0abc5ed476f7' with '<<CHROOT>>'

+------------------------------------------------------------------------------+
| Chroot Setup Commands                                                        |
+------------------------------------------------------------------------------+


/tmp/clang8
-----------

+ echo 'Entering customization script...'
Entering customization script...
+ CLANG_VERSION=8
+ echo 'Install of clang-8'
Install of clang-8
+ apt-get update
Get:1 http://127.0.0.1:12990/debian sid InRelease [142 kB]
Get:2 http://127.0.0.1:12990/debian sid/main Sources.diff/Index [27.9 kB]
Get:3 http://127.0.0.1:12990/debian sid/main amd64 Packages.diff/Index [27.9 kB]
Get:4 http://127.0.0.1:12990/debian sid/main Sources 2020-02-24-0823.32.pdiff [11.0 kB]
Get:5 http://127.0.0.1:12990/debian sid/main Sources 2020-02-24-1420.34.pdiff [30.2 kB]
Get:6 http://127.0.0.1:12990/debian sid/main Sources 2020-02-24-2014.03.pdiff [16.9 kB]
Get:7 http://127.0.0.1:12990/debian sid/main Sources 2020-02-25-0213.11.pdiff [23.2 kB]
Get:8 http://127.0.0.1:12990/debian sid/main Sources 2020-02-25-0815.22.pdiff [9222 B]
Get:9 http://127.0.0.1:12990/debian sid/main Sources 2020-02-25-1413.15.pdiff [16.3 kB]
Get:10 http://127.0.0.1:12990/debian sid/main amd64 Packages 2020-02-24-0823.32.pdiff [15.5 kB]
Get:11 http://127.0.0.1:12990/debian sid/main amd64 Packages 2020-02-24-1420.34.pdiff [27.5 kB]
Get:12 http://127.0.0.1:12990/debian sid/main amd64 Packages 2020-02-24-2014.03.pdiff [21.6 kB]
Get:13 http://127.0.0.1:12990/debian sid/main amd64 Packages 2020-02-25-0213.11.pdiff [35.0 kB]
Get:14 http://127.0.0.1:12990/debian sid/main amd64 Packages 2020-02-25-0815.22.pdiff [20.1 kB]
Get:15 http://127.0.0.1:12990/debian sid/main amd64 Packages 2020-02-25-1413.15.pdiff [18.4 kB]
Get:9 http://127.0.0.1:12990/debian sid/main Sources 2020-02-25-1413.15.pdiff [16.3 kB]
Get:15 http://127.0.0.1:12990/debian sid/main amd64 Packages 2020-02-25-1413.15.pdiff [18.4 kB]
Get:16 http://127.0.0.1:12990/debian sid/main Translation-en [6195 kB]
Fetched 6638 kB in 2s (3914 kB/s)
Reading package lists...
+ apt-get install --yes --no-install-recommends --force-yes clang-8 libomp-8-dev libobjc-9-dev
Reading package lists...
Building dependency tree...
The following additional packages will be installed:
  cpp-9 g++-9 gcc-8-base gcc-9 gcc-9-base lib32gcc-s1 lib32gcc1 lib32stdc++6
  libasan5 libbsd0 libc6-i386 libclang-common-8-dev libclang1-8 libedit2
  libgc1c2 libgcc-8-dev libgcc-9-dev libllvm8 libmpx2 libobjc-8-dev libobjc4
  libomp5-8 libstdc++-8-dev libstdc++-9-dev
Suggested packages:
  clang-8-doc gcc-9-locales g++-9-multilib gcc-9-doc gcc-9-multilib
  libomp-8-doc libstdc++-8-doc libstdc++-9-doc
Recommended packages:
  llvm-8-dev python3
The following NEW packages will be installed:
  clang-8 gcc-8-base lib32gcc-s1 lib32gcc1 lib32stdc++6 libbsd0 libc6-i386
  libclang-common-8-dev libclang1-8 libedit2 libgc1c2 libgcc-8-dev libllvm8
  libmpx2 libobjc-8-dev libobjc-9-dev libobjc4 libomp-8-dev libomp5-8
  libstdc++-8-dev
The following packages will be upgraded:
  cpp-9 g++-9 gcc-9 gcc-9-base libasan5 libgcc-9-dev libstdc++-9-dev
7 upgraded, 20 newly installed, 0 to remove and 3 not upgraded.
Need to get 74.9 MB of archives.
After this operation, 223 MB of additional disk space will be used.
Get:1 http://127.0.0.1:12990/debian sid/main amd64 libasan5 amd64 9.2.1-30 [389 kB]
Get:2 http://127.0.0.1:12990/debian sid/main amd64 g++-9 amd64 9.2.1-30 [10.7 MB]
Get:3 http://127.0.0.1:12990/debian sid/main amd64 gcc-9 amd64 9.2.1-30 [10.0 MB]
Get:4 http://127.0.0.1:12990/debian sid/main amd64 libstdc++-9-dev amd64 9.2.1-30 [1697 kB]
Get:5 http://127.0.0.1:12990/debian sid/main amd64 libgcc-9-dev amd64 9.2.1-30 [2349 kB]
Get:6 http://127.0.0.1:12990/debian sid/main amd64 cpp-9 amd64 9.2.1-30 [9711 kB]
Get:7 http://127.0.0.1:12990/debian sid/main amd64 gcc-9-base amd64 9.2.1-30 [196 kB]
Get:8 http://127.0.0.1:12990/debian sid/main amd64 libbsd0 amd64 0.10.0-1 [107 kB]
Get:9 http://127.0.0.1:12990/debian sid/main amd64 libedit2 amd64 3.1-20191231-1 [95.4 kB]
Get:10 http://127.0.0.1:12990/debian sid/main amd64 libllvm8 amd64 1:8.0.1-7 [13.8 MB]
Get:11 http://127.0.0.1:12990/debian sid/main amd64 gcc-8-base amd64 8.3.0-29 [194 kB]
Get:12 http://127.0.0.1:12990/debian sid/main amd64 libmpx2 amd64 8.3.0-29 [11.4 kB]
Get:13 http://127.0.0.1:12990/debian sid/main amd64 libgcc-8-dev amd64 8.3.0-29 [2297 kB]
Get:14 http://127.0.0.1:12990/debian sid/main amd64 libstdc++-8-dev amd64 8.3.0-29 [1543 kB]
Get:15 http://127.0.0.1:12990/debian sid/main amd64 libgc1c2 amd64 1:7.6.4-0.4 [224 kB]
Get:16 http://127.0.0.1:12990/debian sid/main amd64 libobjc4 amd64 10-20200222-1 [41.6 kB]
Get:17 http://127.0.0.1:12990/debian sid/main amd64 libobjc-8-dev amd64 8.3.0-29 [227 kB]
Get:18 http://127.0.0.1:12990/debian sid/main amd64 libc6-i386 amd64 2.29-10 [2918 kB]
Get:19 http://127.0.0.1:12990/debian sid/main amd64 lib32gcc-s1 amd64 10-20200222-1 [49.4 kB]
Get:20 http://127.0.0.1:12990/debian sid/main amd64 lib32gcc1 amd64 1:10-20200222-1 [1104 B]
Get:21 http://127.0.0.1:12990/debian sid/main amd64 lib32stdc++6 amd64 10-20200222-1 [510 kB]
Get:22 http://127.0.0.1:12990/debian sid/main amd64 libclang-common-8-dev amd64 1:8.0.1-7 [2989 kB]
Get:23 http://127.0.0.1:12990/debian sid/main amd64 libclang1-8 amd64 1:8.0.1-7 [6244 kB]
Get:24 http://127.0.0.1:12990/debian sid/main amd64 clang-8 amd64 1:8.0.1-7 [8010 kB]
Get:25 http://127.0.0.1:12990/debian sid/main amd64 libobjc-9-dev amd64 9.2.1-30 [219 kB]
Get:26 http://127.0.0.1:12990/debian sid/main amd64 libomp5-8 amd64 1:8.0.1-7 [331 kB]
Get:27 http://127.0.0.1:12990/debian sid/main amd64 libomp-8-dev amd64 1:8.0.1-7 [62.3 kB]
debconf: delaying package configuration, since apt-utils is not installed
Fetched 74.9 MB in 1s (103 MB/s)
(Reading database ... (Reading database ... 5%(Reading database ... 10%(Reading database ... 15%(Reading database ... 20%(Reading database ... 25%(Reading database ... 30%(Reading database ... 35%(Reading database ... 40%(Reading database ... 45%(Reading database ... 50%(Reading database ... 55%(Reading database ... 60%(Reading database ... 65%(Reading database ... 70%(Reading database ... 75%(Reading database ... 80%(Reading database ... 85%(Reading database ... 90%(Reading database ... 95%(Reading database ... 100%(Reading database ... 12119 files and directories currently installed.)
Preparing to unpack .../00-libasan5_9.2.1-30_amd64.deb ...
Unpacking libasan5:amd64 (9.2.1-30) over (9.2.1-29) ...
Preparing to unpack .../01-g++-9_9.2.1-30_amd64.deb ...
Unpacking g++-9 (9.2.1-30) over (9.2.1-29) ...
Preparing to unpack .../02-gcc-9_9.2.1-30_amd64.deb ...
Unpacking gcc-9 (9.2.1-30) over (9.2.1-29) ...
Preparing to unpack .../03-libstdc++-9-dev_9.2.1-30_amd64.deb ...
Unpacking libstdc++-9-dev:amd64 (9.2.1-30) over (9.2.1-29) ...
Preparing to unpack .../04-libgcc-9-dev_9.2.1-30_amd64.deb ...
Unpacking libgcc-9-dev:amd64 (9.2.1-30) over (9.2.1-29) ...
Preparing to unpack .../05-cpp-9_9.2.1-30_amd64.deb ...
Unpacking cpp-9 (9.2.1-30) over (9.2.1-29) ...
Preparing to unpack .../06-gcc-9-base_9.2.1-30_amd64.deb ...
Unpacking gcc-9-base:amd64 (9.2.1-30) over (9.2.1-29) ...
Selecting previously unselected package libbsd0:amd64.
Preparing to unpack .../07-libbsd0_0.10.0-1_amd64.deb ...
Unpacking libbsd0:amd64 (0.10.0-1) ...
Selecting previously unselected package libedit2:amd64.
Preparing to unpack .../08-libedit2_3.1-20191231-1_amd64.deb ...
Unpacking libedit2:amd64 (3.1-20191231-1) ...
Selecting previously unselected package libllvm8:amd64.
Preparing to unpack .../09-libllvm8_1%3a8.0.1-7_amd64.deb ...
Unpacking libllvm8:amd64 (1:8.0.1-7) ...
Selecting previously unselected package gcc-8-base:amd64.
Preparing to unpack .../10-gcc-8-base_8.3.0-29_amd64.deb ...
Unpacking gcc-8-base:amd64 (8.3.0-29) ...
Selecting previously unselected package libmpx2:amd64.
Preparing to unpack .../11-libmpx2_8.3.0-29_amd64.deb ...
Unpacking libmpx2:amd64 (8.3.0-29) ...
Selecting previously unselected package libgcc-8-dev:amd64.
Preparing to unpack .../12-libgcc-8-dev_8.3.0-29_amd64.deb ...
Unpacking libgcc-8-dev:amd64 (8.3.0-29) ...
Selecting previously unselected package libstdc++-8-dev:amd64.
Preparing to unpack .../13-libstdc++-8-dev_8.3.0-29_amd64.deb ...
Unpacking libstdc++-8-dev:amd64 (8.3.0-29) ...
Selecting previously unselected package libgc1c2:amd64.
Preparing to unpack .../14-libgc1c2_1%3a7.6.4-0.4_amd64.deb ...
Unpacking libgc1c2:amd64 (1:7.6.4-0.4) ...
Selecting previously unselected package libobjc4:amd64.
Preparing to unpack .../15-libobjc4_10-20200222-1_amd64.deb ...
Unpacking libobjc4:amd64 (10-20200222-1) ...
Selecting previously unselected package libobjc-8-dev:amd64.
Preparing to unpack .../16-libobjc-8-dev_8.3.0-29_amd64.deb ...
Unpacking libobjc-8-dev:amd64 (8.3.0-29) ...
Selecting previously unselected package libc6-i386.
Preparing to unpack .../17-libc6-i386_2.29-10_amd64.deb ...
Unpacking libc6-i386 (2.29-10) ...
Selecting previously unselected package lib32gcc-s1.
Preparing to unpack .../18-lib32gcc-s1_10-20200222-1_amd64.deb ...
Unpacking lib32gcc-s1 (10-20200222-1) ...
Selecting previously unselected package lib32gcc1.
Preparing to unpack .../19-lib32gcc1_1%3a10-20200222-1_amd64.deb ...
Unpacking lib32gcc1 (1:10-20200222-1) ...
Selecting previously unselected package lib32stdc++6.
Preparing to unpack .../20-lib32stdc++6_10-20200222-1_amd64.deb ...
Unpacking lib32stdc++6 (10-20200222-1) ...
Selecting previously unselected package libclang-common-8-dev.
Preparing to unpack .../21-libclang-common-8-dev_1%3a8.0.1-7_amd64.deb ...
Unpacking libclang-common-8-dev (1:8.0.1-7) ...
Selecting previously unselected package libclang1-8.
Preparing to unpack .../22-libclang1-8_1%3a8.0.1-7_amd64.deb ...
Unpacking libclang1-8 (1:8.0.1-7) ...
Selecting previously unselected package clang-8.
Preparing to unpack .../23-clang-8_1%3a8.0.1-7_amd64.deb ...
Unpacking clang-8 (1:8.0.1-7) ...
Selecting previously unselected package libobjc-9-dev:amd64.
Preparing to unpack .../24-libobjc-9-dev_9.2.1-30_amd64.deb ...
Unpacking libobjc-9-dev:amd64 (9.2.1-30) ...
Selecting previously unselected package libomp5-8:amd64.
Preparing to unpack .../25-libomp5-8_1%3a8.0.1-7_amd64.deb ...
Unpacking libomp5-8:amd64 (1:8.0.1-7) ...
Selecting previously unselected package libomp-8-dev.
Preparing to unpack .../26-libomp-8-dev_1%3a8.0.1-7_amd64.deb ...
Unpacking libomp-8-dev (1:8.0.1-7) ...
Setting up libgc1c2:amd64 (1:7.6.4-0.4) ...
Setting up libobjc4:amd64 (10-20200222-1) ...
Setting up gcc-8-base:amd64 (8.3.0-29) ...
Setting up libmpx2:amd64 (8.3.0-29) ...
Setting up libc6-i386 (2.29-10) ...
Setting up libbsd0:amd64 (0.10.0-1) ...
Setting up libomp5-8:amd64 (1:8.0.1-7) ...
Setting up libomp-8-dev (1:8.0.1-7) ...
Setting up gcc-9-base:amd64 (9.2.1-30) ...
Setting up libedit2:amd64 (3.1-20191231-1) ...
Setting up libasan5:amd64 (9.2.1-30) ...
Setting up lib32gcc-s1 (10-20200222-1) ...
Setting up libgcc-8-dev:amd64 (8.3.0-29) ...
Setting up cpp-9 (9.2.1-30) ...
Setting up libstdc++-8-dev:amd64 (8.3.0-29) ...
Setting up libllvm8:amd64 (1:8.0.1-7) ...
Setting up libclang1-8 (1:8.0.1-7) ...
Setting up lib32gcc1 (1:10-20200222-1) ...
Setting up libgcc-9-dev:amd64 (9.2.1-30) ...
Setting up libobjc-8-dev:amd64 (8.3.0-29) ...
Setting up lib32stdc++6 (10-20200222-1) ...
Setting up libobjc-9-dev:amd64 (9.2.1-30) ...
Setting up gcc-9 (9.2.1-30) ...
Setting up libstdc++-9-dev:amd64 (9.2.1-30) ...
Setting up libclang-common-8-dev (1:8.0.1-7) ...
Setting up g++-9 (9.2.1-30) ...
Setting up clang-8 (1:8.0.1-7) ...
Processing triggers for libc-bin (2.29-10) ...
W: --force-yes is deprecated, use one of the options starting with --allow instead.
+ echo 'Replace gcc, g++ & cpp by clang'
Replace gcc, g++ & cpp by clang
+ VERSIONS='4.6 4.7 4.8 4.9 5 6 7 8 9 10'
+ cd /usr/bin
+ for VERSION in $VERSIONS
+ rm -f g++-4.6 gcc-4.6 cpp-4.6 gcc
+ ln -s clang++-8 g++-4.6
+ ln -s clang-8 gcc-4.6
+ ln -s clang-8 cpp-4.6
+ ln -s clang-8 gcc
+ echo 'gcc-4.6 hold'
+ dpkg --set-selections
dpkg: warning: package not in status nor available database at line 1: gcc-4.6
dpkg: warning: found unknown packages; this might mean the available database
is outdated, and needs to be updated through a frontend method;
please see the FAQ <https://wiki.debian.org/Teams/Dpkg/FAQ>
+ echo 'g++-4.6 hold'
+ dpkg --set-selections
dpkg: warning: package not in status nor available database at line 1: g++-4.6
dpkg: warning: found unknown packages; this might mean the available database
is outdated, and needs to be updated through a frontend method;
please see the FAQ <https://wiki.debian.org/Teams/Dpkg/FAQ>
+ for VERSION in $VERSIONS
+ rm -f g++-4.7 gcc-4.7 cpp-4.7 gcc
+ ln -s clang++-8 g++-4.7
+ ln -s clang-8 gcc-4.7
+ ln -s clang-8 cpp-4.7
+ ln -s clang-8 gcc
+ echo 'gcc-4.7 hold'
+ dpkg --set-selections
dpkg: warning: package not in status nor available database at line 1: gcc-4.7
dpkg: warning: found unknown packages; this might mean the available database
is outdated, and needs to be updated through a frontend method;
please see the FAQ <https://wiki.debian.org/Teams/Dpkg/FAQ>
+ echo 'g++-4.7 hold'
+ dpkg --set-selections
dpkg: warning: package not in status nor available database at line 1: g++-4.7
dpkg: warning: found unknown packages; this might mean the available database
is outdated, and needs to be updated through a frontend method;
please see the FAQ <https://wiki.debian.org/Teams/Dpkg/FAQ>
+ for VERSION in $VERSIONS
+ rm -f g++-4.8 gcc-4.8 cpp-4.8 gcc
+ ln -s clang++-8 g++-4.8
+ ln -s clang-8 gcc-4.8
+ ln -s clang-8 cpp-4.8
+ ln -s clang-8 gcc
+ echo 'gcc-4.8 hold'
+ dpkg --set-selections
dpkg: warning: package not in status nor available database at line 1: gcc-4.8
dpkg: warning: found unknown packages; this might mean the available database
is outdated, and needs to be updated through a frontend method;
please see the FAQ <https://wiki.debian.org/Teams/Dpkg/FAQ>
+ echo 'g++-4.8 hold'
+ dpkg --set-selections
dpkg: warning: package not in status nor available database at line 1: g++-4.8
dpkg: warning: found unknown packages; this might mean the available database
is outdated, and needs to be updated through a frontend method;
please see the FAQ <https://wiki.debian.org/Teams/Dpkg/FAQ>
+ for VERSION in $VERSIONS
+ rm -f g++-4.9 gcc-4.9 cpp-4.9 gcc
+ ln -s clang++-8 g++-4.9
+ ln -s clang-8 gcc-4.9
+ ln -s clang-8 cpp-4.9
+ ln -s clang-8 gcc
+ echo 'gcc-4.9 hold'
+ dpkg --set-selections
dpkg: warning: package not in status nor available database at line 1: gcc-4.9
dpkg: warning: found unknown packages; this might mean the available database
is outdated, and needs to be updated through a frontend method;
please see the FAQ <https://wiki.debian.org/Teams/Dpkg/FAQ>
+ echo 'g++-4.9 hold'
+ dpkg --set-selections
dpkg: warning: package not in status nor available database at line 1: g++-4.9
dpkg: warning: found unknown packages; this might mean the available database
is outdated, and needs to be updated through a frontend method;
please see the FAQ <https://wiki.debian.org/Teams/Dpkg/FAQ>
+ for VERSION in $VERSIONS
+ rm -f g++-5 gcc-5 cpp-5 gcc
+ ln -s clang++-8 g++-5
+ ln -s clang-8 gcc-5
+ ln -s clang-8 cpp-5
+ ln -s clang-8 gcc
+ echo 'gcc-5 hold'
+ dpkg --set-selections
dpkg: warning: package not in status nor available database at line 1: gcc-5
dpkg: warning: found unknown packages; this might mean the available database
is outdated, and needs to be updated through a frontend method;
please see the FAQ <https://wiki.debian.org/Teams/Dpkg/FAQ>
+ echo 'g++-5 hold'
+ dpkg --set-selections
dpkg: warning: package not in status nor available database at line 1: g++-5
dpkg: warning: found unknown packages; this might mean the available database
is outdated, and needs to be updated through a frontend method;
please see the FAQ <https://wiki.debian.org/Teams/Dpkg/FAQ>
+ for VERSION in $VERSIONS
+ rm -f g++-6 gcc-6 cpp-6 gcc
+ ln -s clang++-8 g++-6
+ ln -s clang-8 gcc-6
+ ln -s clang-8 cpp-6
+ ln -s clang-8 gcc
+ echo 'gcc-6 hold'
+ dpkg --set-selections
dpkg: warning: package not in status nor available database at line 1: gcc-6
dpkg: warning: found unknown packages; this might mean the available database
is outdated, and needs to be updated through a frontend method;
please see the FAQ <https://wiki.debian.org/Teams/Dpkg/FAQ>
+ echo 'g++-6 hold'
+ dpkg --set-selections
dpkg: warning: package not in status nor available database at line 1: g++-6
dpkg: warning: found unknown packages; this might mean the available database
is outdated, and needs to be updated through a frontend method;
please see the FAQ <https://wiki.debian.org/Teams/Dpkg/FAQ>
+ for VERSION in $VERSIONS
+ rm -f g++-7 gcc-7 cpp-7 gcc
+ ln -s clang++-8 g++-7
+ ln -s clang-8 gcc-7
+ ln -s clang-8 cpp-7
+ ln -s clang-8 gcc
+ echo 'gcc-7 hold'
+ dpkg --set-selections
dpkg: warning: package not in status nor available database at line 1: gcc-7
dpkg: warning: found unknown packages; this might mean the available database
is outdated, and needs to be updated through a frontend method;
please see the FAQ <https://wiki.debian.org/Teams/Dpkg/FAQ>
+ echo 'g++-7 hold'
+ dpkg --set-selections
dpkg: warning: package not in status nor available database at line 1: g++-7
dpkg: warning: found unknown packages; this might mean the available database
is outdated, and needs to be updated through a frontend method;
please see the FAQ <https://wiki.debian.org/Teams/Dpkg/FAQ>
+ for VERSION in $VERSIONS
+ rm -f g++-8 gcc-8 cpp-8 gcc
+ ln -s clang++-8 g++-8
+ ln -s clang-8 gcc-8
+ ln -s clang-8 cpp-8
+ ln -s clang-8 gcc
+ echo 'gcc-8 hold'
+ dpkg --set-selections
dpkg: warning: package not in status nor available database at line 1: gcc-8
dpkg: warning: found unknown packages; this might mean the available database
is outdated, and needs to be updated through a frontend method;
please see the FAQ <https://wiki.debian.org/Teams/Dpkg/FAQ>
+ echo 'g++-8 hold'
+ dpkg --set-selections
dpkg: warning: package not in status nor available database at line 1: g++-8
dpkg: warning: found unknown packages; this might mean the available database
is outdated, and needs to be updated through a frontend method;
please see the FAQ <https://wiki.debian.org/Teams/Dpkg/FAQ>
+ for VERSION in $VERSIONS
+ rm -f g++-9 gcc-9 cpp-9 gcc
+ ln -s clang++-8 g++-9
+ ln -s clang-8 gcc-9
+ ln -s clang-8 cpp-9
+ ln -s clang-8 gcc
+ echo 'gcc-9 hold'
+ dpkg --set-selections
+ echo 'g++-9 hold'
+ dpkg --set-selections
+ for VERSION in $VERSIONS
+ rm -f g++-10 gcc-10 cpp-10 gcc
+ ln -s clang++-8 g++-10
+ ln -s clang-8 gcc-10
+ ln -s clang-8 cpp-10
+ ln -s clang-8 gcc
+ echo 'gcc-10 hold'
+ dpkg --set-selections
dpkg: warning: package not in status nor available database at line 1: gcc-10
dpkg: warning: found unknown packages; this might mean the available database
is outdated, and needs to be updated through a frontend method;
please see the FAQ <https://wiki.debian.org/Teams/Dpkg/FAQ>
+ echo 'g++-10 hold'
+ dpkg --set-selections
dpkg: warning: package not in status nor available database at line 1: g++-10
dpkg: warning: found unknown packages; this might mean the available database
is outdated, and needs to be updated through a frontend method;
please see the FAQ <https://wiki.debian.org/Teams/Dpkg/FAQ>
+ cd -
/build/grub-WzwiSX
+ echo 'Check if gcc, g++ & cpp are actually clang'
Check if gcc, g++ & cpp are actually clang
+ gcc --version
+ grep clang
+ cpp --version
+ grep clang
+ g++ --version
+ grep clang

I: Finished running '/tmp/clang8'.

Finished processing commands.
--------------------------------------------------------------------------------
I: NOTICE: Log filtering will replace 'build/grub-WzwiSX/resolver-MFastN' with '<<RESOLVERDIR>>'

+------------------------------------------------------------------------------+
| Update chroot                                                                |
+------------------------------------------------------------------------------+

Hit:1 http://127.0.0.1:12990/debian sid InRelease
Reading package lists...
Reading package lists...
Building dependency tree...
Reading state information...
Calculating upgrade...
The following packages will be upgraded:
  bash libgmp10 zlib1g
3 upgraded, 0 newly installed, 0 to remove and 0 not upgraded.
Need to get 1722 kB of archives.
After this operation, 4096 B of additional disk space will be used.
Get:1 http://127.0.0.1:12990/debian sid/main amd64 bash amd64 5.0-6 [1379 kB]
Get:2 http://127.0.0.1:12990/debian sid/main amd64 libgmp10 amd64 2:6.2.0+dfsg-4 [253 kB]
Get:3 http://127.0.0.1:12990/debian sid/main amd64 zlib1g amd64 1:1.2.11.dfsg-2 [90.4 kB]
debconf: delaying package configuration, since apt-utils is not installed
Fetched 1722 kB in 0s (73.1 MB/s)
(Reading database ... (Reading database ... 5%(Reading database ... 10%(Reading database ... 15%(Reading database ... 20%(Reading database ... 25%(Reading database ... 30%(Reading database ... 35%(Reading database ... 40%(Reading database ... 45%(Reading database ... 50%(Reading database ... 55%(Reading database ... 60%(Reading database ... 65%(Reading database ... 70%(Reading database ... 75%(Reading database ... 80%(Reading database ... 85%(Reading database ... 90%(Reading database ... 95%(Reading database ... 100%(Reading database ... 13887 files and directories currently installed.)
Preparing to unpack .../archives/bash_5.0-6_amd64.deb ...
Unpacking bash (5.0-6) over (5.0-5) ...
Setting up bash (5.0-6) ...
update-alternatives: using /usr/share/man/man7/bash-builtins.7.gz to provide /usr/share/man/man7/builtins.7.gz (builtins.7.gz) in auto mode
(Reading database ... (Reading database ... 5%(Reading database ... 10%(Reading database ... 15%(Reading database ... 20%(Reading database ... 25%(Reading database ... 30%(Reading database ... 35%(Reading database ... 40%(Reading database ... 45%(Reading database ... 50%(Reading database ... 55%(Reading database ... 60%(Reading database ... 65%(Reading database ... 70%(Reading database ... 75%(Reading database ... 80%(Reading database ... 85%(Reading database ... 90%(Reading database ... 95%(Reading database ... 100%(Reading database ... 13887 files and directories currently installed.)
Preparing to unpack .../libgmp10_2%3a6.2.0+dfsg-4_amd64.deb ...
Unpacking libgmp10:amd64 (2:6.2.0+dfsg-4) over (2:6.2.0+dfsg-3) ...
Setting up libgmp10:amd64 (2:6.2.0+dfsg-4) ...
(Reading database ... (Reading database ... 5%(Reading database ... 10%(Reading database ... 15%(Reading database ... 20%(Reading database ... 25%(Reading database ... 30%(Reading database ... 35%(Reading database ... 40%(Reading database ... 45%(Reading database ... 50%(Reading database ... 55%(Reading database ... 60%(Reading database ... 65%(Reading database ... 70%(Reading database ... 75%(Reading database ... 80%(Reading database ... 85%(Reading database ... 90%(Reading database ... 95%(Reading database ... 100%(Reading database ... 13887 files and directories currently installed.)
Preparing to unpack .../zlib1g_1%3a1.2.11.dfsg-2_amd64.deb ...
Unpacking zlib1g:amd64 (1:1.2.11.dfsg-2) over (1:1.2.11.dfsg-1.2) ...
Setting up zlib1g:amd64 (1:1.2.11.dfsg-2) ...
Processing triggers for libc-bin (2.29-10) ...

+------------------------------------------------------------------------------+
| Fetch source files                                                           |
+------------------------------------------------------------------------------+


Check APT
---------

Checking available source versions...

Download source files with APT
------------------------------

Reading package lists...
NOTICE: 'grub' packaging is maintained in the 'Git' version control system at:
https://salsa.debian.org/grub-team/grub-legacy.git
Please use:
git clone https://salsa.debian.org/grub-team/grub-legacy.git
to retrieve the latest (possibly unreleased) updates to the package.
Need to get 1049 kB of source archives.
Get:1 http://127.0.0.1:12990/debian sid/main grub 0.97-75 (dsc) [2311 B]
Get:2 http://127.0.0.1:12990/debian sid/main grub 0.97-75 (tar) [972 kB]
Get:3 http://127.0.0.1:12990/debian sid/main grub 0.97-75 (diff) [74.4 kB]
Fetched 1049 kB in 0s (9890 kB/s)
Download complete and in download only mode
I: NOTICE: Log filtering will replace 'build/grub-WzwiSX/grub-0.97' with '<<PKGBUILDDIR>>'
I: NOTICE: Log filtering will replace 'build/grub-WzwiSX' with '<<BUILDDIR>>'

+------------------------------------------------------------------------------+
| Install package build dependencies                                           |
+------------------------------------------------------------------------------+


Setup apt archive
-----------------

Merged Build-Depends: debhelper (>= 9.20151116~), dh-autoreconf, dh-exec, texinfo, libncurses5-dev | libncurses-dev, gcc-multilib, build-essential, fakeroot, texi2html
Filtered Build-Depends: debhelper (>= 9.20151116~), dh-autoreconf, dh-exec, texinfo, libncurses5-dev, gcc-multilib, build-essential, fakeroot, texi2html
dpkg-deb: building package 'sbuild-build-depends-main-dummy' in '/<<RESOLVERDIR>>/apt_archive/sbuild-build-depends-main-dummy.deb'.
Ign:1 copy:/<<RESOLVERDIR>>/apt_archive ./ InRelease
Get:2 copy:/<<RESOLVERDIR>>/apt_archive ./ Release [957 B]
Ign:3 copy:/<<RESOLVERDIR>>/apt_archive ./ Release.gpg
Get:4 copy:/<<RESOLVERDIR>>/apt_archive ./ Sources [442 B]
Get:5 copy:/<<RESOLVERDIR>>/apt_archive ./ Packages [501 B]
Fetched 1900 B in 0s (0 B/s)
Reading package lists...
Reading package lists...

Install main build dependencies (apt-based resolver)
----------------------------------------------------

Installing build dependencies
Reading package lists...
Building dependency tree...
Reading state information...
The following additional packages will be installed:
  autoconf automake autopoint autotools-dev bsdmainutils debhelper
  dh-autoreconf dh-exec dh-strip-nondeterminism dwz file gcc-9-multilib
  gcc-multilib gettext gettext-base groff-base intltool-debian lib32asan5
  lib32atomic1 lib32gcc-9-dev lib32gomp1 lib32itm1 lib32quadmath0 lib32ubsan1
  libarchive-zip-perl libc6-dev-i386 libc6-dev-x32 libc6-x32 libcroco3
  libdebhelper-perl libelf1 libfile-stripnondeterminism-perl libglib2.0-0
  libicu63 libmagic-mgc libmagic1 libncurses-dev libncurses5-dev libncurses6
  libpipeline1 libsigsegv2 libsub-override-perl libtext-unidecode-perl libtool
  libuchardet0 libx32asan5 libx32atomic1 libx32gcc-9-dev libx32gcc-s1
  libx32gcc1 libx32gomp1 libx32itm1 libx32quadmath0 libx32stdc++6 libx32ubsan1
  libxml-libxml-perl libxml-namespacesupport-perl libxml-sax-base-perl
  libxml-sax-perl libxml2 m4 man-db po-debconf sensible-utils tex-common
  texi2html texinfo ucf
Suggested packages:
  autoconf-archive gnu-standards autoconf-doc wamerican | wordlist whois
  vacation dh-make gettext-doc libasprintf-dev libgettextpo-dev groff
  ncurses-doc libtool-doc gfortran | fortran95-compiler gcj-jdk m4-doc
  apparmor less www-browser libmail-box-perl latex2html texlive-base
  texlive-latex-base texlive-plain-generic texlive-fonts-recommended
Recommended packages:
  curl | wget | lynx libarchive-cpio-perl libglib2.0-data shared-mime-info
  xdg-user-dirs libgpm2 libltdl-dev libwww-perl libxml-sax-expat-perl
  libmail-sendmail-perl
The following NEW packages will be installed:
  autoconf automake autopoint autotools-dev bsdmainutils debhelper
  dh-autoreconf dh-exec dh-strip-nondeterminism dwz file gcc-9-multilib
  gcc-multilib gettext gettext-base groff-base intltool-debian lib32asan5
  lib32atomic1 lib32gcc-9-dev lib32gomp1 lib32itm1 lib32quadmath0 lib32ubsan1
  libarchive-zip-perl libc6-dev-i386 libc6-dev-x32 libc6-x32 libcroco3
  libdebhelper-perl libelf1 libfile-stripnondeterminism-perl libglib2.0-0
  libicu63 libmagic-mgc libmagic1 libncurses-dev libncurses5-dev libncurses6
  libpipeline1 libsigsegv2 libsub-override-perl libtext-unidecode-perl libtool
  libuchardet0 libx32asan5 libx32atomic1 libx32gcc-9-dev libx32gcc-s1
  libx32gcc1 libx32gomp1 libx32itm1 libx32quadmath0 libx32stdc++6 libx32ubsan1
  libxml-libxml-perl libxml-namespacesupport-perl libxml-sax-base-perl
  libxml-sax-perl libxml2 m4 man-db po-debconf sbuild-build-depends-main-dummy
  sensible-utils tex-common texi2html texinfo ucf
0 upgraded, 69 newly installed, 0 to remove and 0 not upgraded.
Need to get 36.2 MB of archives.
After this operation, 154 MB of additional disk space will be used.
Get:1 copy:/<<RESOLVERDIR>>/apt_archive ./ sbuild-build-depends-main-dummy 0.invalid.0 [932 B]
Get:2 http://127.0.0.1:12990/debian sid/main amd64 bsdmainutils amd64 11.1.2+b1 [191 kB]
Get:3 http://127.0.0.1:12990/debian sid/main amd64 libuchardet0 amd64 0.0.6-3 [64.9 kB]
Get:4 http://127.0.0.1:12990/debian sid/main amd64 groff-base amd64 1.22.4-4 [919 kB]
Get:5 http://127.0.0.1:12990/debian sid/main amd64 libpipeline1 amd64 1.5.2-2 [33.9 kB]
Get:6 http://127.0.0.1:12990/debian sid/main amd64 man-db amd64 2.9.0-2 [1307 kB]
Get:7 http://127.0.0.1:12990/debian sid/main amd64 sensible-utils all 0.0.12+nmu1 [16.0 kB]
Get:8 http://127.0.0.1:12990/debian sid/main amd64 ucf all 3.0038+nmu1 [69.0 kB]
Get:9 http://127.0.0.1:12990/debian sid/main amd64 tex-common all 6.13 [53.2 kB]
Get:10 http://127.0.0.1:12990/debian sid/main amd64 libmagic-mgc amd64 1:5.38-4 [262 kB]
Get:11 http://127.0.0.1:12990/debian sid/main amd64 libmagic1 amd64 1:5.38-4 [120 kB]
Get:12 http://127.0.0.1:12990/debian sid/main amd64 file amd64 1:5.38-4 [67.9 kB]
Get:13 http://127.0.0.1:12990/debian sid/main amd64 gettext-base amd64 0.19.8.1-10 [123 kB]
Get:14 http://127.0.0.1:12990/debian sid/main amd64 libsigsegv2 amd64 2.12-2 [32.8 kB]
Get:15 http://127.0.0.1:12990/debian sid/main amd64 m4 amd64 1.4.18-4 [203 kB]
Get:16 http://127.0.0.1:12990/debian sid/main amd64 autoconf all 2.69-11.1 [341 kB]
Get:17 http://127.0.0.1:12990/debian sid/main amd64 autotools-dev all 20180224.1 [77.0 kB]
Get:18 http://127.0.0.1:12990/debian sid/main amd64 automake all 1:1.16.1-4 [771 kB]
Get:19 http://127.0.0.1:12990/debian sid/main amd64 autopoint all 0.19.8.1-10 [435 kB]
Get:20 http://127.0.0.1:12990/debian sid/main amd64 libtool all 2.4.6-13 [513 kB]
Get:21 http://127.0.0.1:12990/debian sid/main amd64 dh-autoreconf all 19 [16.9 kB]
Get:22 http://127.0.0.1:12990/debian sid/main amd64 libdebhelper-perl all 12.9 [183 kB]
Get:23 http://127.0.0.1:12990/debian sid/main amd64 libarchive-zip-perl all 1.67-1 [104 kB]
Get:24 http://127.0.0.1:12990/debian sid/main amd64 libsub-override-perl all 0.09-2 [10.2 kB]
Get:25 http://127.0.0.1:12990/debian sid/main amd64 libfile-stripnondeterminism-perl all 1.6.3-2 [23.7 kB]
Get:26 http://127.0.0.1:12990/debian sid/main amd64 dh-strip-nondeterminism all 1.6.3-2 [14.7 kB]
Get:27 http://127.0.0.1:12990/debian sid/main amd64 libelf1 amd64 0.176-1.1 [161 kB]
Get:28 http://127.0.0.1:12990/debian sid/main amd64 dwz amd64 0.13-5 [151 kB]
Get:29 http://127.0.0.1:12990/debian sid/main amd64 libglib2.0-0 amd64 2.62.4-2 [1319 kB]
Get:30 http://127.0.0.1:12990/debian sid/main amd64 libicu63 amd64 63.2-2 [8301 kB]
Get:31 http://127.0.0.1:12990/debian sid/main amd64 libxml2 amd64 2.9.10+dfsg-3 [709 kB]
Get:32 http://127.0.0.1:12990/debian sid/main amd64 libcroco3 amd64 0.6.13-1 [146 kB]
Get:33 http://127.0.0.1:12990/debian sid/main amd64 gettext amd64 0.19.8.1-10 [1303 kB]
Get:34 http://127.0.0.1:12990/debian sid/main amd64 intltool-debian all 0.35.0+20060710.5 [26.8 kB]
Get:35 http://127.0.0.1:12990/debian sid/main amd64 po-debconf all 1.0.21 [248 kB]
Get:36 http://127.0.0.1:12990/debian sid/main amd64 debhelper all 12.9 [994 kB]
Get:37 http://127.0.0.1:12990/debian sid/main amd64 dh-exec amd64 0.23.2 [26.6 kB]
Get:38 http://127.0.0.1:12990/debian sid/main amd64 libc6-dev-i386 amd64 2.29-10 [2121 kB]
Get:39 http://127.0.0.1:12990/debian sid/main amd64 libc6-x32 amd64 2.29-10 [2983 kB]
Get:40 http://127.0.0.1:12990/debian sid/main amd64 libc6-dev-x32 amd64 2.29-10 [2205 kB]
Get:41 http://127.0.0.1:12990/debian sid/main amd64 libx32gcc-s1 amd64 10-20200222-1 [41.5 kB]
Get:42 http://127.0.0.1:12990/debian sid/main amd64 libx32gcc1 amd64 1:10-20200222-1 [948 B]
Get:43 http://127.0.0.1:12990/debian sid/main amd64 lib32gomp1 amd64 10-20200222-1 [106 kB]
Get:44 http://127.0.0.1:12990/debian sid/main amd64 libx32gomp1 amd64 10-20200222-1 [101 kB]
Get:45 http://127.0.0.1:12990/debian sid/main amd64 lib32itm1 amd64 10-20200222-1 [27.7 kB]
Get:46 http://127.0.0.1:12990/debian sid/main amd64 libx32itm1 amd64 10-20200222-1 [26.1 kB]
Get:47 http://127.0.0.1:12990/debian sid/main amd64 lib32atomic1 amd64 10-20200222-1 [8520 B]
Get:48 http://127.0.0.1:12990/debian sid/main amd64 libx32atomic1 amd64 10-20200222-1 [8956 B]
Get:49 http://127.0.0.1:12990/debian sid/main amd64 lib32asan5 amd64 9.2.1-30 [402 kB]
Get:50 http://127.0.0.1:12990/debian sid/main amd64 libx32asan5 amd64 9.2.1-30 [383 kB]
Get:51 http://127.0.0.1:12990/debian sid/main amd64 lib32ubsan1 amd64 10-20200222-1 [151 kB]
Get:52 http://127.0.0.1:12990/debian sid/main amd64 libx32stdc++6 amd64 10-20200222-1 [476 kB]
Get:53 http://127.0.0.1:12990/debian sid/main amd64 libx32ubsan1 amd64 10-20200222-1 [135 kB]
Get:54 http://127.0.0.1:12990/debian sid/main amd64 lib32quadmath0 amd64 10-20200222-1 [228 kB]
Get:55 http://127.0.0.1:12990/debian sid/main amd64 libx32quadmath0 amd64 10-20200222-1 [148 kB]
Get:56 http://127.0.0.1:12990/debian sid/main amd64 lib32gcc-9-dev amd64 9.2.1-30 [2213 kB]
Get:57 http://127.0.0.1:12990/debian sid/main amd64 libx32gcc-9-dev amd64 9.2.1-30 [2005 kB]
Get:58 http://127.0.0.1:12990/debian sid/main amd64 gcc-9-multilib amd64 9.2.1-30 [1012 B]
Get:59 http://127.0.0.1:12990/debian sid/main amd64 gcc-multilib amd64 4:9.2.1-3.1 [1476 B]
Get:60 http://127.0.0.1:12990/debian sid/main amd64 libncurses6 amd64 6.1+20191019-1 [102 kB]
Get:61 http://127.0.0.1:12990/debian sid/main amd64 libncurses-dev amd64 6.1+20191019-1 [337 kB]
Get:62 http://127.0.0.1:12990/debian sid/main amd64 libncurses5-dev amd64 6.1+20191019-1 [940 B]
Get:63 http://127.0.0.1:12990/debian sid/main amd64 libtext-unidecode-perl all 1.30-1 [103 kB]
Get:64 http://127.0.0.1:12990/debian sid/main amd64 libxml-namespacesupport-perl all 1.12-1 [14.8 kB]
Get:65 http://127.0.0.1:12990/debian sid/main amd64 libxml-sax-base-perl all 1.09-1 [20.4 kB]
Get:66 http://127.0.0.1:12990/debian sid/main amd64 libxml-sax-perl all 1.02+dfsg-1 [59.0 kB]
Get:67 http://127.0.0.1:12990/debian sid/main amd64 libxml-libxml-perl amd64 2.0134+dfsg-1+b1 [344 kB]
Get:68 http://127.0.0.1:12990/debian sid/main amd64 texi2html all 1.82+dfsg1-5 [356 kB]
Get:69 http://127.0.0.1:12990/debian sid/main amd64 texinfo amd64 6.7.0.dfsg.2-5 [1761 kB]
debconf: delaying package configuration, since apt-utils is not installed
Fetched 36.2 MB in 1s (70.9 MB/s)
Selecting previously unselected package bsdmainutils.
(Reading database ... 13887 files and directories currently installed.)
Preparing to unpack .../00-bsdmainutils_11.1.2+b1_amd64.deb ...
Unpacking bsdmainutils (11.1.2+b1) ...
Selecting previously unselected package libuchardet0:amd64.
Preparing to unpack .../01-libuchardet0_0.0.6-3_amd64.deb ...
Unpacking libuchardet0:amd64 (0.0.6-3) ...
Selecting previously unselected package groff-base.
Preparing to unpack .../02-groff-base_1.22.4-4_amd64.deb ...
Unpacking groff-base (1.22.4-4) ...
Selecting previously unselected package libpipeline1:amd64.
Preparing to unpack .../03-libpipeline1_1.5.2-2_amd64.deb ...
Unpacking libpipeline1:amd64 (1.5.2-2) ...
Selecting previously unselected package man-db.
Preparing to unpack .../04-man-db_2.9.0-2_amd64.deb ...
Unpacking man-db (2.9.0-2) ...
Selecting previously unselected package sensible-utils.
Preparing to unpack .../05-sensible-utils_0.0.12+nmu1_all.deb ...
Unpacking sensible-utils (0.0.12+nmu1) ...
Selecting previously unselected package ucf.
Preparing to unpack .../06-ucf_3.0038+nmu1_all.deb ...
Moving old data out of the way
Unpacking ucf (3.0038+nmu1) ...
Selecting previously unselected package tex-common.
Preparing to unpack .../07-tex-common_6.13_all.deb ...
Unpacking tex-common (6.13) ...
Selecting previously unselected package libmagic-mgc.
Preparing to unpack .../08-libmagic-mgc_1%3a5.38-4_amd64.deb ...
Unpacking libmagic-mgc (1:5.38-4) ...
Selecting previously unselected package libmagic1:amd64.
Preparing to unpack .../09-libmagic1_1%3a5.38-4_amd64.deb ...
Unpacking libmagic1:amd64 (1:5.38-4) ...
Selecting previously unselected package file.
Preparing to unpack .../10-file_1%3a5.38-4_amd64.deb ...
Unpacking file (1:5.38-4) ...
Selecting previously unselected package gettext-base.
Preparing to unpack .../11-gettext-base_0.19.8.1-10_amd64.deb ...
Unpacking gettext-base (0.19.8.1-10) ...
Selecting previously unselected package libsigsegv2:amd64.
Preparing to unpack .../12-libsigsegv2_2.12-2_amd64.deb ...
Unpacking libsigsegv2:amd64 (2.12-2) ...
Selecting previously unselected package m4.
Preparing to unpack .../13-m4_1.4.18-4_amd64.deb ...
Unpacking m4 (1.4.18-4) ...
Selecting previously unselected package autoconf.
Preparing to unpack .../14-autoconf_2.69-11.1_all.deb ...
Unpacking autoconf (2.69-11.1) ...
Selecting previously unselected package autotools-dev.
Preparing to unpack .../15-autotools-dev_20180224.1_all.deb ...
Unpacking autotools-dev (20180224.1) ...
Selecting previously unselected package automake.
Preparing to unpack .../16-automake_1%3a1.16.1-4_all.deb ...
Unpacking automake (1:1.16.1-4) ...
Selecting previously unselected package autopoint.
Preparing to unpack .../17-autopoint_0.19.8.1-10_all.deb ...
Unpacking autopoint (0.19.8.1-10) ...
Selecting previously unselected package libtool.
Preparing to unpack .../18-libtool_2.4.6-13_all.deb ...
Unpacking libtool (2.4.6-13) ...
Selecting previously unselected package dh-autoreconf.
Preparing to unpack .../19-dh-autoreconf_19_all.deb ...
Unpacking dh-autoreconf (19) ...
Selecting previously unselected package libdebhelper-perl.
Preparing to unpack .../20-libdebhelper-perl_12.9_all.deb ...
Unpacking libdebhelper-perl (12.9) ...
Selecting previously unselected package libarchive-zip-perl.
Preparing to unpack .../21-libarchive-zip-perl_1.67-1_all.deb ...
Unpacking libarchive-zip-perl (1.67-1) ...
Selecting previously unselected package libsub-override-perl.
Preparing to unpack .../22-libsub-override-perl_0.09-2_all.deb ...
Unpacking libsub-override-perl (0.09-2) ...
Selecting previously unselected package libfile-stripnondeterminism-perl.
Preparing to unpack .../23-libfile-stripnondeterminism-perl_1.6.3-2_all.deb ...
Unpacking libfile-stripnondeterminism-perl (1.6.3-2) ...
Selecting previously unselected package dh-strip-nondeterminism.
Preparing to unpack .../24-dh-strip-nondeterminism_1.6.3-2_all.deb ...
Unpacking dh-strip-nondeterminism (1.6.3-2) ...
Selecting previously unselected package libelf1:amd64.
Preparing to unpack .../25-libelf1_0.176-1.1_amd64.deb ...
Unpacking libelf1:amd64 (0.176-1.1) ...
Selecting previously unselected package dwz.
Preparing to unpack .../26-dwz_0.13-5_amd64.deb ...
Unpacking dwz (0.13-5) ...
Selecting previously unselected package libglib2.0-0:amd64.
Preparing to unpack .../27-libglib2.0-0_2.62.4-2_amd64.deb ...
Unpacking libglib2.0-0:amd64 (2.62.4-2) ...
Selecting previously unselected package libicu63:amd64.
Preparing to unpack .../28-libicu63_63.2-2_amd64.deb ...
Unpacking libicu63:amd64 (63.2-2) ...
Selecting previously unselected package libxml2:amd64.
Preparing to unpack .../29-libxml2_2.9.10+dfsg-3_amd64.deb ...
Unpacking libxml2:amd64 (2.9.10+dfsg-3) ...
Selecting previously unselected package libcroco3:amd64.
Preparing to unpack .../30-libcroco3_0.6.13-1_amd64.deb ...
Unpacking libcroco3:amd64 (0.6.13-1) ...
Selecting previously unselected package gettext.
Preparing to unpack .../31-gettext_0.19.8.1-10_amd64.deb ...
Unpacking gettext (0.19.8.1-10) ...
Selecting previously unselected package intltool-debian.
Preparing to unpack .../32-intltool-debian_0.35.0+20060710.5_all.deb ...
Unpacking intltool-debian (0.35.0+20060710.5) ...
Selecting previously unselected package po-debconf.
Preparing to unpack .../33-po-debconf_1.0.21_all.deb ...
Unpacking po-debconf (1.0.21) ...
Selecting previously unselected package debhelper.
Preparing to unpack .../34-debhelper_12.9_all.deb ...
Unpacking debhelper (12.9) ...
Selecting previously unselected package dh-exec.
Preparing to unpack .../35-dh-exec_0.23.2_amd64.deb ...
Unpacking dh-exec (0.23.2) ...
Selecting previously unselected package libc6-dev-i386.
Preparing to unpack .../36-libc6-dev-i386_2.29-10_amd64.deb ...
Unpacking libc6-dev-i386 (2.29-10) ...
Selecting previously unselected package libc6-x32.
Preparing to unpack .../37-libc6-x32_2.29-10_amd64.deb ...
Unpacking libc6-x32 (2.29-10) ...
Selecting previously unselected package libc6-dev-x32.
Preparing to unpack .../38-libc6-dev-x32_2.29-10_amd64.deb ...
Unpacking libc6-dev-x32 (2.29-10) ...
Selecting previously unselected package libx32gcc-s1.
Preparing to unpack .../39-libx32gcc-s1_10-20200222-1_amd64.deb ...
Unpacking libx32gcc-s1 (10-20200222-1) ...
Selecting previously unselected package libx32gcc1.
Preparing to unpack .../40-libx32gcc1_1%3a10-20200222-1_amd64.deb ...
Unpacking libx32gcc1 (1:10-20200222-1) ...
Selecting previously unselected package lib32gomp1.
Preparing to unpack .../41-lib32gomp1_10-20200222-1_amd64.deb ...
Unpacking lib32gomp1 (10-20200222-1) ...
Selecting previously unselected package libx32gomp1.
Preparing to unpack .../42-libx32gomp1_10-20200222-1_amd64.deb ...
Unpacking libx32gomp1 (10-20200222-1) ...
Selecting previously unselected package lib32itm1.
Preparing to unpack .../43-lib32itm1_10-20200222-1_amd64.deb ...
Unpacking lib32itm1 (10-20200222-1) ...
Selecting previously unselected package libx32itm1.
Preparing to unpack .../44-libx32itm1_10-20200222-1_amd64.deb ...
Unpacking libx32itm1 (10-20200222-1) ...
Selecting previously unselected package lib32atomic1.
Preparing to unpack .../45-lib32atomic1_10-20200222-1_amd64.deb ...
Unpacking lib32atomic1 (10-20200222-1) ...
Selecting previously unselected package libx32atomic1.
Preparing to unpack .../46-libx32atomic1_10-20200222-1_amd64.deb ...
Unpacking libx32atomic1 (10-20200222-1) ...
Selecting previously unselected package lib32asan5.
Preparing to unpack .../47-lib32asan5_9.2.1-30_amd64.deb ...
Unpacking lib32asan5 (9.2.1-30) ...
Selecting previously unselected package libx32asan5.
Preparing to unpack .../48-libx32asan5_9.2.1-30_amd64.deb ...
Unpacking libx32asan5 (9.2.1-30) ...
Selecting previously unselected package lib32ubsan1.
Preparing to unpack .../49-lib32ubsan1_10-20200222-1_amd64.deb ...
Unpacking lib32ubsan1 (10-20200222-1) ...
Selecting previously unselected package libx32stdc++6.
Preparing to unpack .../50-libx32stdc++6_10-20200222-1_amd64.deb ...
Unpacking libx32stdc++6 (10-20200222-1) ...
Selecting previously unselected package libx32ubsan1.
Preparing to unpack .../51-libx32ubsan1_10-20200222-1_amd64.deb ...
Unpacking libx32ubsan1 (10-20200222-1) ...
Selecting previously unselected package lib32quadmath0.
Preparing to unpack .../52-lib32quadmath0_10-20200222-1_amd64.deb ...
Unpacking lib32quadmath0 (10-20200222-1) ...
Selecting previously unselected package libx32quadmath0.
Preparing to unpack .../53-libx32quadmath0_10-20200222-1_amd64.deb ...
Unpacking libx32quadmath0 (10-20200222-1) ...
Selecting previously unselected package lib32gcc-9-dev.
Preparing to unpack .../54-lib32gcc-9-dev_9.2.1-30_amd64.deb ...
Unpacking lib32gcc-9-dev (9.2.1-30) ...
Selecting previously unselected package libx32gcc-9-dev.
Preparing to unpack .../55-libx32gcc-9-dev_9.2.1-30_amd64.deb ...
Unpacking libx32gcc-9-dev (9.2.1-30) ...
Selecting previously unselected package gcc-9-multilib.
Preparing to unpack .../56-gcc-9-multilib_9.2.1-30_amd64.deb ...
Unpacking gcc-9-multilib (9.2.1-30) ...
Selecting previously unselected package gcc-multilib.
Preparing to unpack .../57-gcc-multilib_4%3a9.2.1-3.1_amd64.deb ...
Unpacking gcc-multilib (4:9.2.1-3.1) ...
Selecting previously unselected package libncurses6:amd64.
Preparing to unpack .../58-libncurses6_6.1+20191019-1_amd64.deb ...
Unpacking libncurses6:amd64 (6.1+20191019-1) ...
Selecting previously unselected package libncurses-dev:amd64.
Preparing to unpack .../59-libncurses-dev_6.1+20191019-1_amd64.deb ...
Unpacking libncurses-dev:amd64 (6.1+20191019-1) ...
Selecting previously unselected package libncurses5-dev:amd64.
Preparing to unpack .../60-libncurses5-dev_6.1+20191019-1_amd64.deb ...
Unpacking libncurses5-dev:amd64 (6.1+20191019-1) ...
Selecting previously unselected package libtext-unidecode-perl.
Preparing to unpack .../61-libtext-unidecode-perl_1.30-1_all.deb ...
Unpacking libtext-unidecode-perl (1.30-1) ...
Selecting previously unselected package libxml-namespacesupport-perl.
Preparing to unpack .../62-libxml-namespacesupport-perl_1.12-1_all.deb ...
Unpacking libxml-namespacesupport-perl (1.12-1) ...
Selecting previously unselected package libxml-sax-base-perl.
Preparing to unpack .../63-libxml-sax-base-perl_1.09-1_all.deb ...
Unpacking libxml-sax-base-perl (1.09-1) ...
Selecting previously unselected package libxml-sax-perl.
Preparing to unpack .../64-libxml-sax-perl_1.02+dfsg-1_all.deb ...
Unpacking libxml-sax-perl (1.02+dfsg-1) ...
Selecting previously unselected package libxml-libxml-perl.
Preparing to unpack .../65-libxml-libxml-perl_2.0134+dfsg-1+b1_amd64.deb ...
Unpacking libxml-libxml-perl (2.0134+dfsg-1+b1) ...
Selecting previously unselected package texi2html.
Preparing to unpack .../66-texi2html_1.82+dfsg1-5_all.deb ...
Unpacking texi2html (1.82+dfsg1-5) ...
Selecting previously unselected package texinfo.
Preparing to unpack .../67-texinfo_6.7.0.dfsg.2-5_amd64.deb ...
Unpacking texinfo (6.7.0.dfsg.2-5) ...
Selecting previously unselected package sbuild-build-depends-main-dummy.
Preparing to unpack .../68-sbuild-build-depends-main-dummy_0.invalid.0_amd64.deb ...
Unpacking sbuild-build-depends-main-dummy (0.invalid.0) ...
Setting up libpipeline1:amd64 (1.5.2-2) ...
Setting up libc6-dev-i386 (2.29-10) ...
Setting up lib32itm1 (10-20200222-1) ...
Setting up libmagic-mgc (1:5.38-4) ...
Setting up libarchive-zip-perl (1.67-1) ...
Setting up libglib2.0-0:amd64 (2.62.4-2) ...
No schema files found: doing nothing.
Setting up libdebhelper-perl (12.9) ...
Setting up libmagic1:amd64 (1:5.38-4) ...
Setting up libxml-namespacesupport-perl (1.12-1) ...
Setting up gettext-base (0.19.8.1-10) ...
Setting up file (1:5.38-4) ...
Setting up lib32ubsan1 (10-20200222-1) ...
Setting up libicu63:amd64 (63.2-2) ...
Setting up libc6-x32 (2.29-10) ...
Setting up libc6-dev-x32 (2.29-10) ...
Setting up libxml-sax-base-perl (1.09-1) ...
Setting up autotools-dev (20180224.1) ...
Setting up lib32gomp1 (10-20200222-1) ...
Setting up libncurses6:amd64 (6.1+20191019-1) ...
Setting up libsigsegv2:amd64 (2.12-2) ...
Setting up bsdmainutils (11.1.2+b1) ...
update-alternatives: using /usr/bin/bsd-write to provide /usr/bin/write (write) in auto mode
update-alternatives: using /usr/bin/bsd-from to provide /usr/bin/from (from) in auto mode
Setting up autopoint (0.19.8.1-10) ...
Setting up libx32gomp1 (10-20200222-1) ...
Setting up sensible-utils (0.0.12+nmu1) ...
Setting up libuchardet0:amd64 (0.0.6-3) ...
Setting up lib32quadmath0 (10-20200222-1) ...
Setting up libsub-override-perl (0.09-2) ...
Setting up libx32quadmath0 (10-20200222-1) ...
Setting up libtext-unidecode-perl (1.30-1) ...
Setting up lib32asan5 (9.2.1-30) ...
Setting up libelf1:amd64 (0.176-1.1) ...
Setting up libxml2:amd64 (2.9.10+dfsg-3) ...
Setting up lib32atomic1 (10-20200222-1) ...
Setting up libx32atomic1 (10-20200222-1) ...
Setting up libfile-stripnondeterminism-perl (1.6.3-2) ...
Setting up libncurses-dev:amd64 (6.1+20191019-1) ...
Setting up libtool (2.4.6-13) ...
Setting up libx32gcc-s1 (10-20200222-1) ...
Setting up m4 (1.4.18-4) ...
Setting up libx32itm1 (10-20200222-1) ...
Setting up texi2html (1.82+dfsg1-5) ...
Setting up libcroco3:amd64 (0.6.13-1) ...
Setting up ucf (3.0038+nmu1) ...
Setting up autoconf (2.69-11.1) ...
Setting up dh-strip-nondeterminism (1.6.3-2) ...
Setting up dwz (0.13-5) ...
Setting up groff-base (1.22.4-4) ...
Setting up libncurses5-dev:amd64 (6.1+20191019-1) ...
Setting up libx32gcc1 (1:10-20200222-1) ...
Setting up libx32stdc++6 (10-20200222-1) ...
Setting up automake (1:1.16.1-4) ...
update-alternatives: using /usr/bin/automake-1.16 to provide /usr/bin/automake (automake) in auto mode
Setting up gettext (0.19.8.1-10) ...
Setting up libx32ubsan1 (10-20200222-1) ...
Setting up man-db (2.9.0-2) ...
Not building database; man-db/auto-update is not 'true'.
Setting up libxml-sax-perl (1.02+dfsg-1) ...
update-perl-sax-parsers: Registering Perl SAX parser XML::SAX::PurePerl with priority 10...
update-perl-sax-parsers: Updating overall Perl SAX parser modules info file...

Creating config file /etc/perl/XML/SAX/ParserDetails.ini with new version
Setting up intltool-debian (0.35.0+20060710.5) ...
Setting up tex-common (6.13) ...
update-language: texlive-base not installed and configured, doing nothing!
Setting up libxml-libxml-perl (2.0134+dfsg-1+b1) ...
update-perl-sax-parsers: Registering Perl SAX parser XML::LibXML::SAX::Parser with priority 50...
update-perl-sax-parsers: Registering Perl SAX parser XML::LibXML::SAX with priority 50...
update-perl-sax-parsers: Updating overall Perl SAX parser modules info file...
Replacing config file /etc/perl/XML/SAX/ParserDetails.ini with new version
Setting up libx32asan5 (9.2.1-30) ...
Setting up po-debconf (1.0.21) ...
Setting up lib32gcc-9-dev (9.2.1-30) ...
Setting up libx32gcc-9-dev (9.2.1-30) ...
Setting up texinfo (6.7.0.dfsg.2-5) ...
Setting up gcc-9-multilib (9.2.1-30) ...
Setting up gcc-multilib (4:9.2.1-3.1) ...
Setting up dh-autoreconf (19) ...
Setting up debhelper (12.9) ...
Setting up dh-exec (0.23.2) ...
Setting up sbuild-build-depends-main-dummy (0.invalid.0) ...
Processing triggers for libc-bin (2.29-10) ...

+------------------------------------------------------------------------------+
| Check architectures                                                          |
+------------------------------------------------------------------------------+

Arch check ok (amd64 included in i386 hurd-i386 amd64 all)

+------------------------------------------------------------------------------+
| Build environment                                                            |
+------------------------------------------------------------------------------+

Kernel: Linux 4.19.0-6-cloud-amd64 #1 SMP Debian 4.19.67-2+deb10u2 (2019-11-11) amd64 (x86_64)
Toolchain package versions: binutils_2.34-3 dpkg-dev_1.19.7 g++-9_9.2.1-30 gcc-9_9.2.1-30 libc6-dev_2.29-10 libstdc++-8-dev_8.3.0-29 libstdc++-9-dev_9.2.1-30 libstdc++6_10-20200222-1 linux-libc-dev_5.4.19-1
Package versions: adduser_3.118 apt_1.8.4 autoconf_2.69-11.1 automake_1:1.16.1-4 autopoint_0.19.8.1-10 autotools-dev_20180224.1 base-files_11 base-passwd_3.5.47 bash_5.0-6 binutils_2.34-3 binutils-common_2.34-3 binutils-x86-64-linux-gnu_2.34-3 bsdmainutils_11.1.2+b1 bsdutils_1:2.34-0.1 build-essential_12.8 bzip2_1.0.8-2 clang-8_1:8.0.1-7 coreutils_8.30-3+b1 cpp_4:9.2.1-3.1 cpp-9_9.2.1-30 dash_0.5.10.2-6 debconf_1.5.73 debhelper_12.9 debian-archive-keyring_2019.1 debianutils_4.9.1 dh-autoreconf_19 dh-exec_0.23.2 dh-strip-nondeterminism_1.6.3-2 diffutils_1:3.7-3 dpkg_1.19.7 dpkg-dev_1.19.7 dwz_0.13-5 e2fsprogs_1.45.5-2 fakeroot_1.24-1 fdisk_2.34-0.1 file_1:5.38-4 findutils_4.7.0-1 g++_4:9.2.1-3.1 g++-9_9.2.1-30 gcc_4:9.2.1-3.1 gcc-10-base_10-20200222-1 gcc-8-base_8.3.0-29 gcc-9_9.2.1-30 gcc-9-base_9.2.1-30 gcc-9-multilib_9.2.1-30 gcc-multilib_4:9.2.1-3.1 gettext_0.19.8.1-10 gettext-base_0.19.8.1-10 gpgv_2.2.19-1 grep_3.4-1 groff-base_1.22.4-4 gzip_1.9-3+b1 hostname_3.23 init-system-helpers_1.57 intltool-debian_0.35.0+20060710.5 lib32asan5_9.2.1-30 lib32atomic1_10-20200222-1 lib32gcc-9-dev_9.2.1-30 lib32gcc-s1_10-20200222-1 lib32gcc1_1:10-20200222-1 lib32gomp1_10-20200222-1 lib32itm1_10-20200222-1 lib32quadmath0_10-20200222-1 lib32stdc++6_10-20200222-1 lib32ubsan1_10-20200222-1 libacl1_2.2.53-5 libapt-pkg5.0_1.8.4 libarchive-zip-perl_1.67-1 libasan5_9.2.1-30 libatomic1_10-20200222-1 libattr1_1:2.4.48-5 libaudit-common_1:2.8.5-2 libaudit1_1:2.8.5-2+b1 libbinutils_2.34-3 libblkid1_2.34-0.1 libbsd0_0.10.0-1 libbz2-1.0_1.0.8-2 libc-bin_2.29-10 libc-dev-bin_2.29-10 libc6_2.29-10 libc6-dev_2.29-10 libc6-dev-i386_2.29-10 libc6-dev-x32_2.29-10 libc6-i386_2.29-10 libc6-x32_2.29-10 libcap-ng0_0.7.9-2.1+b1 libcc1-0_10-20200222-1 libclang-common-8-dev_1:8.0.1-7 libclang1-8_1:8.0.1-7 libcom-err2_1.45.5-2 libcroco3_0.6.13-1 libcrypt-dev_1:4.4.10-10 libcrypt1_1:4.4.10-10 libctf-nobfd0_2.34-3 libctf0_2.34-3 libdb5.3_5.3.28+dfsg1-0.6 libdebconfclient0_0.251 libdebhelper-perl_12.9 libdpkg-perl_1.19.7 libedit2_3.1-20191231-1 libelf1_0.176-1.1 libext2fs2_1.45.5-2 libfakeroot_1.24-1 libfdisk1_2.34-0.1 libffi7_3.3-3 libfile-stripnondeterminism-perl_1.6.3-2 libgc1c2_1:7.6.4-0.4 libgcc-8-dev_8.3.0-29 libgcc-9-dev_9.2.1-30 libgcc-s1_10-20200222-1 libgcc1_1:10-20200222-1 libgcrypt20_1.8.5-5 libgdbm-compat4_1.18.1-5 libgdbm6_1.18.1-5 libglib2.0-0_2.62.4-2 libgmp10_2:6.2.0+dfsg-4 libgnutls30_3.6.12-2 libgomp1_10-20200222-1 libgpg-error0_1.37-1 libhogweed5_3.5.1+really3.5.1-2 libicu63_63.2-2 libidn2-0_2.2.0-2 libisl22_0.22.1-1 libitm1_10-20200222-1 libllvm8_1:8.0.1-7 liblsan0_10-20200222-1 liblz4-1_1.9.2-2 liblzma5_5.2.4-1+b1 libmagic-mgc_1:5.38-4 libmagic1_1:5.38-4 libmount1_2.34-0.1 libmpc3_1.1.0-1 libmpfr6_4.0.2-1 libmpx2_8.3.0-29 libncurses-dev_6.1+20191019-1 libncurses5-dev_6.1+20191019-1 libncurses6_6.1+20191019-1 libncursesw6_6.1+20191019-1 libnettle7_3.5.1+really3.5.1-2 libobjc-8-dev_8.3.0-29 libobjc-9-dev_9.2.1-30 libobjc4_10-20200222-1 libomp-8-dev_1:8.0.1-7 libomp5-8_1:8.0.1-7 libp11-kit0_0.23.20-1 libpam-modules_1.3.1-5 libpam-modules-bin_1.3.1-5 libpam-runtime_1.3.1-5 libpam0g_1.3.1-5 libpcre2-8-0_10.34-7 libpcre3_2:8.39-12+b1 libperl5.30_5.30.0-9 libpipeline1_1.5.2-2 libquadmath0_10-20200222-1 libseccomp2_2.4.2-2 libselinux1_3.0-1+b1 libsemanage-common_3.0-1 libsemanage1_3.0-1+b1 libsepol1_3.0-1 libsigsegv2_2.12-2 libsmartcols1_2.34-0.1 libss2_1.45.5-2 libstdc++-8-dev_8.3.0-29 libstdc++-9-dev_9.2.1-30 libstdc++6_10-20200222-1 libsub-override-perl_0.09-2 libsystemd0_244.3-1 libtasn1-6_4.16.0-2 libtext-unidecode-perl_1.30-1 libtinfo6_6.1+20191019-1 libtool_2.4.6-13 libtsan0_10-20200222-1 libubsan1_10-20200222-1 libuchardet0_0.0.6-3 libudev1_244.3-1 libunistring2_0.9.10-2 libuuid1_2.34-0.1 libx32asan5_9.2.1-30 libx32atomic1_10-20200222-1 libx32gcc-9-dev_9.2.1-30 libx32gcc-s1_10-20200222-1 libx32gcc1_1:10-20200222-1 libx32gomp1_10-20200222-1 libx32itm1_10-20200222-1 libx32quadmath0_10-20200222-1 libx32stdc++6_10-20200222-1 libx32ubsan1_10-20200222-1 libxml-libxml-perl_2.0134+dfsg-1+b1 libxml-namespacesupport-perl_1.12-1 libxml-sax-base-perl_1.09-1 libxml-sax-perl_1.02+dfsg-1 libxml2_2.9.10+dfsg-3 libzstd1_1.4.4+dfsg-3 linux-libc-dev_5.4.19-1 login_1:4.8.1-1 logsave_1.45.5-2 lsb-base_11.1.0 m4_1.4.18-4 make_4.2.1-1.2 man-db_2.9.0-2 mawk_1.3.4.20200120-2 mount_2.34-0.1 ncurses-base_6.1+20191019-1 ncurses-bin_6.1+20191019-1 passwd_1:4.8.1-1 patch_2.7.6-6 perl_5.30.0-9 perl-base_5.30.0-9 perl-modules-5.30_5.30.0-9 po-debconf_1.0.21 sbuild-build-depends-main-dummy_0.invalid.0 sed_4.7-1 sensible-utils_0.0.12+nmu1 sysvinit-utils_2.96-2.1 tar_1.30+dfsg-6+b1 tex-common_6.13 texi2html_1.82+dfsg1-5 texinfo_6.7.0.dfsg.2-5 tzdata_2019c-3 ucf_3.0038+nmu1 util-linux_2.34-0.1 xz-utils_5.2.4-1+b1 zlib1g_1:1.2.11.dfsg-2

+------------------------------------------------------------------------------+
| Build                                                                        |
+------------------------------------------------------------------------------+


Unpack source
-------------

-----BEGIN PGP SIGNED MESSAGE-----
Hash: SHA256

Format: 3.0 (quilt)
Source: grub
Binary: grub-legacy, grub-disk, grub-doc, grub-legacy-doc, multiboot-doc
Architecture: i386 hurd-i386 amd64 all
Version: 0.97-75
Maintainer: GRUB Maintainers <pkg-grub-devel@alioth-lists.debian.net>
Uploaders: Robert Millan <rmh.debian@aybabtu.com>, Felix Zielcke <fzielcke@z-51.de>, Colin Watson <cjwatson@debian.org>
Standards-Version: 3.8.3
Vcs-Browser: https://salsa.debian.org/grub-team/grub-legacy
Vcs-Git: https://salsa.debian.org/grub-team/grub-legacy.git
Build-Depends: debhelper (>= 9.20151116~), dh-autoreconf, dh-exec, texinfo, libncurses5-dev | libncurses-dev, gcc-multilib [amd64]
Build-Depends-Indep: texi2html
Package-List:
 grub-disk deb oldlibs optional arch=i386,hurd-i386,amd64
 grub-doc deb oldlibs optional arch=all
 grub-legacy deb admin optional arch=i386,hurd-i386,amd64
 grub-legacy-doc deb doc optional arch=all
 multiboot-doc deb oldlibs optional arch=all
Checksums-Sha1:
 2580626c4579bd99336d3af4482c346c95dac4fb 971783 grub_0.97.orig.tar.gz
 6c72aed344ede796c4f88a32cadac66535c67784 74408 grub_0.97-75.debian.tar.xz
Checksums-Sha256:
 4e1d15d12dbd3e9208111d6b806ad5a9857ca8850c47877d36575b904559260b 971783 grub_0.97.orig.tar.gz
 1b01847894f0968a4e37fad79bf2d875a39a8f755853958457f8f585253c47ee 74408 grub_0.97-75.debian.tar.xz
Files:
 cd3f3eb54446be6003156158d51f4884 971783 grub_0.97.orig.tar.gz
 8f56723ed313aac2fe13e1e613abfda7 74408 grub_0.97-75.debian.tar.xz

-----BEGIN PGP SIGNATURE-----

iQIzBAEBCAAdFiEErApP8SYRtvzPAcEROTWH2X2GUAsFAlvbPOEACgkQOTWH2X2G
UAsqeg/+MpHQ7q3zu3X9EuPRVnqTqBAyxnCWDbd1yF9Kz1NuPkgzF9eR+AFjEZVO
4QVhCisvTJVLlbQg91cyNPJkhriITl6wc3fhPt1S+RKJZZvmEFxf6XoLQPvsty7L
Tqm3x4fwNYrzEobmt2IhHxR+uk/Dm0ELpJidFem4p5194flmmgMNQjAQycNNOc/w
qIe0zLLLIg2DicXTMKZAjmojc6XxMBaif38sY73Gn9qssTTyPnqkAmx3iBMIsqnd
tZz2v0n9Z/1cmS0zcySCrwLz1qlZrddAWRQ4F0hVFYHs3uXKSVctC90DSBK99mx4
p1+6uk2ddNTogPueOntRitOTWJtiLva9pQnZFNhi3tEC4rAxZdb6zNy/Ssrm8N+m
5P1Ib+NIXAu2FgOEfy7VaaG/or4cOzkUYzM1G78ZFcFmJVuKjRN7aRBiy8VBSfhf
eOGTucqX2Sh3U0F4pQfzKNelbwq0hYNE0aUd+uwtpo0+5LW2RiTJigAxV25AN2N/
ivyNRVEAktBYvyTlLI3xIVFp+y5Zhemn5rfZA/nSJKuULTDY7J6v1BqgOVabpFZq
PH3Vr1dLOZKG0aVA9cvVWQ7gS7MpAbW4+oBlfm4Wz9kvdkFRlHrkAQpkVzU9odr3
u2Ha6jKNn/X2aVjRLrJDM5mni1c2QVhy23w5zirYZ4sOR2BWtg4=
=wbhN
-----END PGP SIGNATURE-----

gpgv: unknown type of key resource 'trustedkeys.kbx'
gpgv: keyblock resource '/sbuild-nonexistent/.gnupg/trustedkeys.kbx': General error
gpgv: Signature made Thu Nov  1 17:50:25 2018 UTC
gpgv:                using RSA key AC0A4FF12611B6FCCF01C111393587D97D86500B
gpgv: Can't check signature: No public key
dpkg-source: warning: failed to verify signature on ./grub_0.97-75.dsc
dpkg-source: info: extracting grub in /<<PKGBUILDDIR>>
dpkg-source: info: unpacking grub_0.97.orig.tar.gz
dpkg-source: info: unpacking grub_0.97-75.debian.tar.xz
dpkg-source: info: using patch list from debian/patches/series
dpkg-source: info: applying snapshot.patch
dpkg-source: info: applying menu.lst_gnu-hurd.patch
dpkg-source: info: applying graphics.patch
dpkg-source: info: applying raid.patch
dpkg-source: info: applying raid_cciss.patch
dpkg-source: info: applying xfs_freeze.patch
dpkg-source: info: applying 2gb_limit.patch
dpkg-source: info: applying grub-special_device_names.patch
dpkg-source: info: applying grub-xvd_drives.patch
dpkg-source: info: applying initrd_max_address.patch
dpkg-source: info: applying splashimage_help.patch
dpkg-source: info: applying grub-install_addsyncs.patch
dpkg-source: info: applying grub-install_regexp.patch
dpkg-source: info: applying grub-install_aoe_support.patch
dpkg-source: info: applying grub-install_xvd.patch
dpkg-source: info: applying geometry-26kernel.patch
dpkg-source: info: applying print_func.patch
dpkg-source: info: applying mprotect.patch
dpkg-source: info: applying savedefault.patch
dpkg-source: info: applying find-grub-dir.patch
dpkg-source: info: applying intelmac.patch
dpkg-source: info: applying crossreference_manpages.patch
dpkg-source: info: applying ext3_256byte_inode.patch
dpkg-source: info: applying use_grub-probe_in_grub-install.patch
dpkg-source: info: applying objcopy-absolute.patch
dpkg-source: info: applying no-reorder-functions.patch
dpkg-source: info: applying modern-automake.patch
dpkg-source: info: applying no-combine-stack-adjustments.patch
dpkg-source: info: applying no-pie.patch
dpkg-source: info: applying static-vars-on-stack.patch
dpkg-source: info: applying ext4_support.patch
dpkg-source: info: applying ext4_fix_variable_sized_inodes.patch
dpkg-source: info: applying ext4_block_group.patch

Check disk space
----------------

Sufficient free space for build

User Environment
----------------

APT_CONFIG=/var/lib/sbuild/apt.conf
HOME=/sbuild-nonexistent
LANG=C.UTF-8
LC_ALL=C.UTF-8
LOGNAME=user42
PATH=/usr/local/sbin:/usr/local/bin:/usr/sbin:/usr/bin:/sbin:/bin:/usr/games
SCHROOT_ALIAS_NAME=unstable
SCHROOT_CHROOT_NAME=sid-amd64-sbuild
SCHROOT_COMMAND=env
SCHROOT_GID=1001
SCHROOT_GROUP=user42
SCHROOT_SESSION_ID=sid-amd64-sbuild-9f3e1d5e-6471-403d-a3a7-0abc5ed476f7
SCHROOT_UID=1001
SCHROOT_USER=user42
SHELL=/bin/sh
USER=user42

dpkg-buildpackage
-----------------

Command: dpkg-buildpackage -us -uc -b -rfakeroot
dpkg-buildpackage: info: source package grub
dpkg-buildpackage: info: source version 0.97-75
dpkg-buildpackage: info: source distribution unstable
dpkg-buildpackage: info: source changed by Colin Watson <cjwatson@debian.org>
 dpkg-source --before-build .
dpkg-buildpackage: info: host architecture amd64
 fakeroot debian/rules clean
dh clean --with=autoreconf
   debian/rules override_dh_clean
make[1]: Entering directory '/<<PKGBUILDDIR>>'
dh_clean
chmod +x debian/script debian/kernel/*
make[1]: Leaving directory '/<<PKGBUILDDIR>>'
 debian/rules build
dh build --with=autoreconf
   dh_update_autotools_config
   dh_autoreconf
configure.ac:117: warning: AC_CACHE_VAL(no_reorder_functions_flag, ...): suspicious cache-id, must contain _cv_ to be cached
../../lib/autoconf/general.m4:2042: AC_CACHE_VAL is expanded from...
../../lib/autoconf/general.m4:2063: AC_CACHE_CHECK is expanded from...
configure.ac:117: the top level
configure.ac:133: warning: AC_CACHE_VAL(no_combine_stack_adjustments_flag, ...): suspicious cache-id, must contain _cv_ to be cached
../../lib/autoconf/general.m4:2042: AC_CACHE_VAL is expanded from...
../../lib/autoconf/general.m4:2063: AC_CACHE_CHECK is expanded from...
configure.ac:133: the top level
configure.ac:147: warning: AC_CACHE_VAL(no_pie_flag, ...): suspicious cache-id, must contain _cv_ to be cached
../../lib/autoconf/general.m4:2042: AC_CACHE_VAL is expanded from...
../../lib/autoconf/general.m4:2063: AC_CACHE_CHECK is expanded from...
configure.ac:147: the top level
configure.ac:158: warning: AC_CACHE_VAL(no_pie_linker_flag, ...): suspicious cache-id, must contain _cv_ to be cached
../../lib/autoconf/general.m4:2042: AC_CACHE_VAL is expanded from...
../../lib/autoconf/general.m4:2063: AC_CACHE_CHECK is expanded from...
configure.ac:158: the top level
configure.ac:117: warning: AC_CACHE_VAL(no_reorder_functions_flag, ...): suspicious cache-id, must contain _cv_ to be cached
../../lib/autoconf/general.m4:2042: AC_CACHE_VAL is expanded from...
../../lib/autoconf/general.m4:2063: AC_CACHE_CHECK is expanded from...
configure.ac:117: the top level
configure.ac:133: warning: AC_CACHE_VAL(no_combine_stack_adjustments_flag, ...): suspicious cache-id, must contain _cv_ to be cached
../../lib/autoconf/general.m4:2042: AC_CACHE_VAL is expanded from...
../../lib/autoconf/general.m4:2063: AC_CACHE_CHECK is expanded from...
configure.ac:133: the top level
configure.ac:147: warning: AC_CACHE_VAL(no_pie_flag, ...): suspicious cache-id, must contain _cv_ to be cached
../../lib/autoconf/general.m4:2042: AC_CACHE_VAL is expanded from...
../../lib/autoconf/general.m4:2063: AC_CACHE_CHECK is expanded from...
configure.ac:147: the top level
configure.ac:158: warning: AC_CACHE_VAL(no_pie_linker_flag, ...): suspicious cache-id, must contain _cv_ to be cached
../../lib/autoconf/general.m4:2042: AC_CACHE_VAL is expanded from...
../../lib/autoconf/general.m4:2063: AC_CACHE_CHECK is expanded from...
configure.ac:158: the top level
configure.ac:117: warning: AC_CACHE_VAL(no_reorder_functions_flag, ...): suspicious cache-id, must contain _cv_ to be cached
../../lib/autoconf/general.m4:2042: AC_CACHE_VAL is expanded from...
../../lib/autoconf/general.m4:2063: AC_CACHE_CHECK is expanded from...
configure.ac:117: the top level
configure.ac:133: warning: AC_CACHE_VAL(no_combine_stack_adjustments_flag, ...): suspicious cache-id, must contain _cv_ to be cached
../../lib/autoconf/general.m4:2042: AC_CACHE_VAL is expanded from...
../../lib/autoconf/general.m4:2063: AC_CACHE_CHECK is expanded from...
configure.ac:133: the top level
configure.ac:147: warning: AC_CACHE_VAL(no_pie_flag, ...): suspicious cache-id, must contain _cv_ to be cached
../../lib/autoconf/general.m4:2042: AC_CACHE_VAL is expanded from...
../../lib/autoconf/general.m4:2063: AC_CACHE_CHECK is expanded from...
configure.ac:147: the top level
configure.ac:158: warning: AC_CACHE_VAL(no_pie_linker_flag, ...): suspicious cache-id, must contain _cv_ to be cached
../../lib/autoconf/general.m4:2042: AC_CACHE_VAL is expanded from...
../../lib/autoconf/general.m4:2063: AC_CACHE_CHECK is expanded from...
configure.ac:158: the top level
configure.ac:117: warning: AC_CACHE_VAL(no_reorder_functions_flag, ...): suspicious cache-id, must contain _cv_ to be cached
../../lib/autoconf/general.m4:2042: AC_CACHE_VAL is expanded from...
../../lib/autoconf/general.m4:2063: AC_CACHE_CHECK is expanded from...
configure.ac:117: the top level
configure.ac:133: warning: AC_CACHE_VAL(no_combine_stack_adjustments_flag, ...): suspicious cache-id, must contain _cv_ to be cached
../../lib/autoconf/general.m4:2042: AC_CACHE_VAL is expanded from...
../../lib/autoconf/general.m4:2063: AC_CACHE_CHECK is expanded from...
configure.ac:133: the top level
configure.ac:147: warning: AC_CACHE_VAL(no_pie_flag, ...): suspicious cache-id, must contain _cv_ to be cached
../../lib/autoconf/general.m4:2042: AC_CACHE_VAL is expanded from...
../../lib/autoconf/general.m4:2063: AC_CACHE_CHECK is expanded from...
configure.ac:147: the top level
configure.ac:158: warning: AC_CACHE_VAL(no_pie_linker_flag, ...): suspicious cache-id, must contain _cv_ to be cached
../../lib/autoconf/general.m4:2042: AC_CACHE_VAL is expanded from...
../../lib/autoconf/general.m4:2063: AC_CACHE_CHECK is expanded from...
configure.ac:158: the top level
configure.ac:117: warning: AC_CACHE_VAL(no_reorder_functions_flag, ...): suspicious cache-id, must contain _cv_ to be cached
../../lib/autoconf/general.m4:2042: AC_CACHE_VAL is expanded from...
../../lib/autoconf/general.m4:2063: AC_CACHE_CHECK is expanded from...
configure.ac:117: the top level
configure.ac:133: warning: AC_CACHE_VAL(no_combine_stack_adjustments_flag, ...): suspicious cache-id, must contain _cv_ to be cached
../../lib/autoconf/general.m4:2042: AC_CACHE_VAL is expanded from...
../../lib/autoconf/general.m4:2063: AC_CACHE_CHECK is expanded from...
configure.ac:133: the top level
configure.ac:147: warning: AC_CACHE_VAL(no_pie_flag, ...): suspicious cache-id, must contain _cv_ to be cached
../../lib/autoconf/general.m4:2042: AC_CACHE_VAL is expanded from...
../../lib/autoconf/general.m4:2063: AC_CACHE_CHECK is expanded from...
configure.ac:147: the top level
configure.ac:158: warning: AC_CACHE_VAL(no_pie_linker_flag, ...): suspicious cache-id, must contain _cv_ to be cached
../../lib/autoconf/general.m4:2042: AC_CACHE_VAL is expanded from...
../../lib/autoconf/general.m4:2063: AC_CACHE_CHECK is expanded from...
configure.ac:158: the top level
docs/Makefile.am:30: warning: '%'-style pattern rules are a GNU make extension
docs/Makefile.am:33: warning: '%'-style pattern rules are a GNU make extension
docs/Makefile.am:36: warning: '%'-style pattern rules are a GNU make extension
netboot/Makefile.am:2: warning: 'INCLUDES' is the old name for 'AM_CPPFLAGS' (or '*_CPPFLAGS')
stage2/Makefile.am:14: warning: 'INCLUDES' is the old name for 'AM_CPPFLAGS' (or '*_CPPFLAGS')
parallel-tests: installing './test-driver'
   debian/rules override_dh_auto_configure
make[1]: Entering directory '/<<PKGBUILDDIR>>'
CFLAGS= LDFLAGS= dh_auto_configure -- \
	--libdir=\${prefix}/lib --disable-auto-linux-mem-opt
	./configure --build=x86_64-linux-gnu --prefix=/usr --includedir=\${prefix}/include --mandir=\${prefix}/share/man --infodir=\${prefix}/share/info --sysconfdir=/etc --localstatedir=/var --disable-silent-rules --libdir=\${prefix}/lib/x86_64-linux-gnu --libexecdir=\${prefix}/lib/x86_64-linux-gnu --disable-maintainer-mode --disable-dependency-tracking --libdir=\${prefix}/lib --disable-auto-linux-mem-opt
checking for a BSD-compatible install... /usr/bin/install -c
checking whether build environment is sane... yes
checking for a thread-safe mkdir -p... /bin/mkdir -p
checking for gawk... no
checking for mawk... mawk
checking whether make sets $(MAKE)... yes
checking whether make supports nested variables... yes
checking build system type... x86_64-pc-linux-gnu
checking host system type... x86_64-pc-linux-gnu
checking whether to enable maintainer-specific portions of Makefiles... no
checking for gcc... gcc
checking for gcc... (cached) gcc
checking whether the C compiler works... yes
checking for C compiler default output file name... a.out
checking for suffix of executables... 
checking whether we are cross compiling... no
checking for suffix of object files... o
checking whether we are using the GNU C compiler... yes
checking whether gcc accepts -g... yes
checking for gcc option to accept ISO C89... none needed
checking whether gcc understands -c and -o together... yes
checking whether make supports the include directive... yes (GNU style)
checking dependency style of gcc... none
checking dependency style of gcc... (cached) none
checking dependency style of gcc... none
checking for ranlib... ranlib
checking whether optimization for size works... yes
checking whether gcc has -fno-stack-protector... yes
checking whether gcc has -fno-reorder-functions... no
checking whether gcc has -fno-combine-stack-adjustments... no
checking whether gcc has -fno-PIE... yes
checking whether gcc has -no-pie... yes
checking whether -Wundef works... yes
checking whether -falign-loops works... yes
checking whether linker accepts `--build-id=none'... yes
checking for objcopy... objcopy
checking if C symbols get an underscore after compilation... no
checking whether objcopy works for absolute addresses... yes
checking whether addr32 must be in the same line as the instruction... no
checking for .code16 addr32 assembler support... no
configure: error: GRUB requires GAS .code16 addr32 support; upgrade your binutils
	tail -v -n \+0 config.log
==> config.log <==
This file contains any messages produced by compilers while
running configure, to aid debugging if configure makes a mistake.

It was created by GRUB configure 0.97, which was
generated by GNU Autoconf 2.69.  Invocation command line was

  $ ./configure --build=x86_64-linux-gnu --prefix=/usr --includedir=${prefix}/include --mandir=${prefix}/share/man --infodir=${prefix}/share/info --sysconfdir=/etc --localstatedir=/var --disable-silent-rules --libdir=${prefix}/lib/x86_64-linux-gnu --libexecdir=${prefix}/lib/x86_64-linux-gnu --disable-maintainer-mode --disable-dependency-tracking --libdir=${prefix}/lib --disable-auto-linux-mem-opt

## --------- ##
## Platform. ##
## --------- ##

hostname = ip-172-31-3-240
uname -m = x86_64
uname -r = 4.19.0-6-cloud-amd64
uname -s = Linux
uname -v = #1 SMP Debian 4.19.67-2+deb10u2 (2019-11-11)

/usr/bin/uname -p = unknown
/bin/uname -X     = unknown

/bin/arch              = unknown
/usr/bin/arch -k       = unknown
/usr/convex/getsysinfo = unknown
/usr/bin/hostinfo      = unknown
/bin/machine           = unknown
/usr/bin/oslevel       = unknown
/bin/universe          = unknown

PATH: /usr/local/sbin
PATH: /usr/local/bin
PATH: /usr/sbin
PATH: /usr/bin
PATH: /sbin
PATH: /bin
PATH: /usr/games


## ----------- ##
## Core tests. ##
## ----------- ##

configure:2321: checking for a BSD-compatible install
configure:2389: result: /usr/bin/install -c
configure:2400: checking whether build environment is sane
configure:2455: result: yes
configure:2604: checking for a thread-safe mkdir -p
configure:2643: result: /bin/mkdir -p
configure:2650: checking for gawk
configure:2680: result: no
configure:2650: checking for mawk
configure:2666: found /usr/bin/mawk
configure:2677: result: mawk
configure:2688: checking whether make sets $(MAKE)
configure:2710: result: yes
configure:2739: checking whether make supports nested variables
configure:2756: result: yes
configure:2887: checking build system type
configure:2901: result: x86_64-pc-linux-gnu
configure:2921: checking host system type
configure:2934: result: x86_64-pc-linux-gnu
configure:2969: checking whether to enable maintainer-specific portions of Makefiles
configure:2978: result: no
configure:3093: checking for gcc
configure:3109: found /usr/bin/gcc
configure:3120: result: gcc
configure:3190: checking for gcc
configure:3217: result: gcc
configure:3446: checking for C compiler version
configure:3455: gcc --version >&5
clang version 8.0.1-7 (tags/RELEASE_801/final)
Target: x86_64-pc-linux-gnu
Thread model: posix
InstalledDir: /usr/bin
configure:3466: $? = 0
configure:3455: gcc -v >&5
clang version 8.0.1-7 (tags/RELEASE_801/final)
Target: x86_64-pc-linux-gnu
Thread model: posix
InstalledDir: /usr/bin
Found candidate GCC installation: /usr/bin/../lib/gcc/x86_64-linux-gnu/10
Found candidate GCC installation: /usr/bin/../lib/gcc/x86_64-linux-gnu/8
Found candidate GCC installation: /usr/bin/../lib/gcc/x86_64-linux-gnu/9
Found candidate GCC installation: /usr/lib/gcc/x86_64-linux-gnu/10
Found candidate GCC installation: /usr/lib/gcc/x86_64-linux-gnu/8
Found candidate GCC installation: /usr/lib/gcc/x86_64-linux-gnu/9
... rest of stderr output deleted ...
configure:3466: $? = 0
configure:3455: gcc -V >&5
clang: error: argument to '-V' is missing (expected 1 value)
clang: error: no input files
configure:3466: $? = 1
configure:3455: gcc -qversion >&5
clang: error: unknown argument '-qversion', did you mean '--version'?
clang: error: no input files
configure:3466: $? = 1
configure:3486: checking whether the C compiler works
configure:3508: gcc -m32  -Wdate-time  conftest.c  >&5
configure:3512: $? = 0
configure:3560: result: yes
configure:3563: checking for C compiler default output file name
configure:3565: result: a.out
configure:3571: checking for suffix of executables
configure:3578: gcc -o conftest -m32  -Wdate-time  conftest.c  >&5
configure:3582: $? = 0
configure:3604: result: 
configure:3626: checking whether we are cross compiling
configure:3634: gcc -o conftest -m32  -Wdate-time  conftest.c  >&5
configure:3638: $? = 0
configure:3645: ./conftest
configure:3649: $? = 0
configure:3637: result: no
configure:3642: checking for suffix of object files
configure:3664: gcc -c -m32  -Wdate-time conftest.c >&5
configure:3668: $? = 0
configure:3689: result: o
configure:3693: checking whether we are using the GNU C compiler
configure:3712: gcc -c -m32  -Wdate-time conftest.c >&5
configure:3712: $? = 0
configure:3721: result: yes
configure:3730: checking whether gcc accepts -g
configure:3750: gcc -c -g -Wdate-time conftest.c >&5
configure:3750: $? = 0
configure:3791: result: yes
configure:3808: checking for gcc option to accept ISO C89
configure:3871: gcc  -c -m32  -Wdate-time conftest.c >&5
configure:3871: $? = 0
configure:3884: result: none needed
configure:3909: checking whether gcc understands -c and -o together
configure:3931: gcc -c conftest.c -o conftest2.o
configure:3934: $? = 0
configure:3931: gcc -c conftest.c -o conftest2.o
configure:3934: $? = 0
configure:3946: result: yes
configure:3966: checking whether make supports the include directive
configure:3981: make -f confmf.GNU && cat confinc.out
make[2]: Entering directory '/<<PKGBUILDDIR>>'
make[2]: Leaving directory '/<<PKGBUILDDIR>>'
this is the am__doit target
configure:3984: $? = 0
configure:4003: result: yes (GNU style)
configure:4028: checking dependency style of gcc
configure:4139: result: none
configure:4158: checking dependency style of gcc
configure:4269: result: none
configure:4294: checking dependency style of gcc
configure:4403: result: none
configure:4513: checking for ranlib
configure:4529: found /usr/bin/ranlib
configure:4540: result: ranlib
configure:4576: checking whether optimization for size works
configure:4595: gcc -c -Os -g -Wdate-time conftest.c >&5
configure:4595: $? = 0
configure:4604: result: yes
configure:4613: checking whether gcc has -fno-stack-protector
configure:4632: gcc -c -fno-stack-protector -Wdate-time conftest.c >&5
configure:4632: $? = 0
configure:4641: result: yes
configure:4649: checking whether gcc has -fno-reorder-functions
configure:4668: gcc -c -fno-reorder-functions -Wdate-time conftest.c >&5
clang: error: unknown argument: '-fno-reorder-functions'
configure:4668: $? = 1
configure: failed program was:
| /* confdefs.h */
| #define PACKAGE_NAME "GRUB"
| #define PACKAGE_TARNAME "grub"
| #define PACKAGE_VERSION "0.97"
| #define PACKAGE_STRING "GRUB 0.97"
| #define PACKAGE_BUGREPORT "bug-grub@gnu.org"
| #define PACKAGE_URL ""
| #define PACKAGE "grub"
| #define VERSION "0.97"
| /* end confdefs.h.  */
| 
| int
| main ()
| {
| 
|   ;
|   return 0;
| }
configure:4677: result: no
configure:4685: checking whether gcc has -fno-combine-stack-adjustments
configure:4704: gcc -c -fno-combine-stack-adjustments -Wdate-time conftest.c >&5
clang: error: unknown argument: '-fno-combine-stack-adjustments'
configure:4704: $? = 1
configure: failed program was:
| /* confdefs.h */
| #define PACKAGE_NAME "GRUB"
| #define PACKAGE_TARNAME "grub"
| #define PACKAGE_VERSION "0.97"
| #define PACKAGE_STRING "GRUB 0.97"
| #define PACKAGE_BUGREPORT "bug-grub@gnu.org"
| #define PACKAGE_URL ""
| #define PACKAGE "grub"
| #define VERSION "0.97"
| /* end confdefs.h.  */
| 
| int
| main ()
| {
| 
|   ;
|   return 0;
| }
configure:4713: result: no
configure:4719: checking whether gcc has -fno-PIE
configure:4738: gcc -c -fno-PIE -Wdate-time conftest.c >&5
configure:4738: $? = 0
configure:4747: result: yes
configure:4753: checking whether gcc has -no-pie
configure:4772: gcc -o conftest -m32 -g -Wdate-time -no-pie conftest.c  >&5
configure:4772: $? = 0
configure:4782: result: yes
configure:4798: checking whether -Wundef works
configure:4817: gcc -c -m32 -g -Wundef conftest.c >&5
configure:4817: $? = 0
configure:4826: result: yes
configure:4831: checking whether -falign-loops works
configure:4850: gcc -c -m32 -g -falign-loops=1 conftest.c >&5
clang: warning: optimization flag '-falign-loops=1' is not supported [-Wignored-optimization-argument]
configure:4850: $? = 0
configure:4859: result: yes
configure:4874: checking whether linker accepts `--build-id=none'
configure:4889: gcc -o conftest -m32 -g -Wdate-time -Wall -Wmissing-prototypes -Wunused -Wshadow -Wpointer-arith -falign-jumps=1 -falign-loops=1 -falign-functions=1 -Wundef  -no-pie -Wl,--build-id=none conftest.c  >&5
clang: warning: optimization flag '-falign-jumps=1' is not supported [-Wignored-optimization-argument]
clang: warning: optimization flag '-falign-loops=1' is not supported [-Wignored-optimization-argument]
configure:4889: $? = 0
configure:4896: result: yes
configure:4989: checking for objcopy
configure:5005: found /usr/bin/objcopy
configure:5016: result: objcopy
configure:5042: checking if C symbols get an underscore after compilation
configure:5057: gcc -m32 -g -S conftest.c
configure:5060: $? = 0
configure:5085: result: no
configure:5088: checking whether objcopy works for absolute addresses
configure:5101: gcc -c -m32 -g -Wdate-time -Wall -Wmissing-prototypes -Wunused -Wshadow -Wpointer-arith -falign-jumps=1 -falign-loops=1 -falign-functions=1 -Wundef conftest.c >&5
clang: warning: optimization flag '-falign-jumps=1' is not supported [-Wignored-optimization-argument]
clang: warning: optimization flag '-falign-loops=1' is not supported [-Wignored-optimization-argument]
conftest.c:2:1: warning: no previous prototype for function 'cmain' [-Wmissing-prototypes]
cmain (void)
^
1 warning generated.
configure:5104: $? = 0
configure:5112: gcc -m32 -g  -no-pie -Wl,--build-id=none -nostdlib -Wl,-N -Wl,-Ttext -Wl,2000 conftest.o -o conftest.exec
/usr/bin/ld: warning: cannot find entry symbol _start; defaulting to 0000000000002000
configure:5115: $? = 0
configure:5121: objcopy --only-section=.text -O binary conftest.exec conftest
configure:5124: $? = 0
configure:5112: gcc -m32 -g  -no-pie -Wl,--build-id=none -nostdlib -Wl,-N -Wl,-Ttext -Wl,8000 conftest.o -o conftest.exec
/usr/bin/ld: warning: cannot find entry symbol _start; defaulting to 0000000000008000
configure:5115: $? = 0
configure:5121: objcopy --only-section=.text -O binary conftest.exec conftest
configure:5124: $? = 0
configure:5130: cmp -s conftest.old conftest
configure:5133: $? = 0
configure:5112: gcc -m32 -g  -no-pie -Wl,--build-id=none -nostdlib -Wl,-N -Wl,-Ttext -Wl,7C00 conftest.o -o conftest.exec
/usr/bin/ld: warning: cannot find entry symbol _start; defaulting to 0000000000007c00
configure:5115: $? = 0
configure:5121: objcopy --only-section=.text -O binary conftest.exec conftest
configure:5124: $? = 0
configure:5130: cmp -s conftest.old conftest
configure:5133: $? = 0
configure:5144: result: yes
configure:5151: checking whether addr32 must be in the same line as the instruction
configure:5162: gcc -m32 -g -c conftest.s
conftest.s:2:5: error: invalid instruction mnemonic 'addr32'
l1:     addr32  movb    %al, l1
        ^~~~~~
configure:5165: $? = 1
configure:5195: result: no
configure:5200: checking for .code16 addr32 assembler support
configure:5217: gcc -m32 -g -c conftest.s
conftest.s:2:5: error: invalid instruction mnemonic 'addr32'
l1:     addr32; movb    %al, l1
        ^~~~~~
configure:5220: $? = 1
configure:5231: result: no
configure:5234: error: GRUB requires GAS .code16 addr32 support; upgrade your binutils

## ---------------- ##
## Cache variables. ##
## ---------------- ##

ac_cv_build=x86_64-pc-linux-gnu
ac_cv_c_compiler_gnu=yes
ac_cv_env_CCASFLAGS_set=
ac_cv_env_CCASFLAGS_value=
ac_cv_env_CCAS_set=
ac_cv_env_CCAS_value=
ac_cv_env_CC_set=
ac_cv_env_CC_value=
ac_cv_env_CFLAGS_set=set
ac_cv_env_CFLAGS_value=
ac_cv_env_CPPFLAGS_set=set
ac_cv_env_CPPFLAGS_value=-Wdate-time
ac_cv_env_CPP_set=
ac_cv_env_CPP_value=
ac_cv_env_LDFLAGS_set=set
ac_cv_env_LDFLAGS_value=
ac_cv_env_LIBS_set=
ac_cv_env_LIBS_value=
ac_cv_env_build_alias_set=set
ac_cv_env_build_alias_value=x86_64-linux-gnu
ac_cv_env_host_alias_set=
ac_cv_env_host_alias_value=
ac_cv_env_target_alias_set=
ac_cv_env_target_alias_value=
ac_cv_host=x86_64-pc-linux-gnu
ac_cv_objext=o
ac_cv_path_install='/usr/bin/install -c'
ac_cv_path_mkdir=/bin/mkdir
ac_cv_prog_AWK=mawk
ac_cv_prog_ac_ct_CC=gcc
ac_cv_prog_ac_ct_OBJCOPY=objcopy
ac_cv_prog_ac_ct_RANLIB=ranlib
ac_cv_prog_cc_c89=
ac_cv_prog_cc_g=yes
ac_cv_prog_make_make_set=yes
am_cv_CCAS_dependencies_compiler_type=none
am_cv_CC_dependencies_compiler_type=none
am_cv_make_support_nested_variables=yes
am_cv_prog_cc_c_o=yes
grub_cv_asm_addr32=no
grub_cv_asm_prefix_requirement=no
grub_cv_asm_uscore=no
grub_cv_cc_Os=yes
grub_cv_cc_Wundef=yes
grub_cv_cc_falign_loop=yes
grub_cv_cc_no_stack_protector=yes
grub_cv_prog_objcopy_absolute=yes

## ----------------- ##
## Output variables. ##
## ----------------- ##

ACLOCAL='${SHELL} /<<PKGBUILDDIR>>/missing aclocal-1.16'
AMDEPBACKSLASH=''
AMDEP_FALSE=''
AMDEP_TRUE='#'
AMTAR='$${TAR-tar}'
AM_BACKSLASH='\'
AM_DEFAULT_V='$(AM_DEFAULT_VERBOSITY)'
AM_DEFAULT_VERBOSITY='1'
AM_V='$(V)'
AUTOCONF='${SHELL} /<<PKGBUILDDIR>>/missing autoconf'
AUTOHEADER='${SHELL} /<<PKGBUILDDIR>>/missing autoheader'
AUTOMAKE='${SHELL} /<<PKGBUILDDIR>>/missing automake-1.16'
AWK='mawk'
BUILD_EXAMPLE_KERNEL_FALSE=''
BUILD_EXAMPLE_KERNEL_TRUE=''
CC='gcc'
CCAS='gcc'
CCASDEPMODE='depmode=none'
CCASFLAGS='-m32 '
CCDEPMODE='depmode=none'
CFLAGS='-m32 -g'
CPP=''
CPPFLAGS='-Wdate-time -Wall -Wmissing-prototypes -Wunused -Wshadow -Wpointer-arith -falign-jumps=1 -falign-loops=1 -falign-functions=1 -Wundef'
CYGPATH_W='echo'
DEFS=''
DEPDIR='.deps'
DISKLESS_SUPPORT_FALSE=''
DISKLESS_SUPPORT_TRUE=''
ECHO_C=''
ECHO_N='-n'
ECHO_T=''
EGREP=''
EXEEXT=''
FSYS_CFLAGS=''
GRAPHICS_SUPPORT_FALSE=''
GRAPHICS_SUPPORT_TRUE=''
GREP=''
GRUB_CFLAGS='-O2'
GRUB_LIBS=''
HERCULES_SUPPORT_FALSE=''
HERCULES_SUPPORT_TRUE=''
INSTALL_DATA='${INSTALL} -m 644'
INSTALL_PROGRAM='${INSTALL}'
INSTALL_SCRIPT='${INSTALL}'
INSTALL_STRIP_PROGRAM='$(install_sh) -c -s'
LDFLAGS=' -no-pie -Wl,--build-id=none'
LIBOBJS=''
LIBS=''
LTLIBOBJS=''
MAINT='#'
MAINTAINER_MODE_FALSE=''
MAINTAINER_MODE_TRUE='#'
MAKEINFO='${SHELL} /<<PKGBUILDDIR>>/missing makeinfo'
MKDIR_P='/bin/mkdir -p'
NETBOOT_DRIVERS=''
NETBOOT_SUPPORT_FALSE=''
NETBOOT_SUPPORT_TRUE=''
NET_CFLAGS=''
NET_EXTRAFLAGS=''
OBJCOPY='objcopy'
OBJEXT='o'
PACKAGE='grub'
PACKAGE_BUGREPORT='bug-grub@gnu.org'
PACKAGE_NAME='GRUB'
PACKAGE_STRING='GRUB 0.97'
PACKAGE_TARNAME='grub'
PACKAGE_URL=''
PACKAGE_VERSION='0.97'
PATH_SEPARATOR=':'
PERL=''
RANLIB='ranlib'
SERIAL_SPEED_SIMULATION_FALSE=''
SERIAL_SPEED_SIMULATION_TRUE=''
SERIAL_SUPPORT_FALSE=''
SERIAL_SUPPORT_TRUE=''
SET_MAKE=''
SHELL='/bin/bash'
STAGE1_CFLAGS='-O2 -fno-PIE'
STAGE2_CFLAGS='-Os -fno-stack-protector -fno-PIE'
STRIP=''
VERSION='0.97'
ac_ct_CC='gcc'
am__EXEEXT_FALSE=''
am__EXEEXT_TRUE=''
am__fastdepCCAS_FALSE=''
am__fastdepCCAS_TRUE='#'
am__fastdepCC_FALSE=''
am__fastdepCC_TRUE='#'
am__include='include'
am__isrc=''
am__leading_dot='.'
am__nodep=''
am__quote=''
am__tar='$${TAR-tar} chof - "$$tardir"'
am__untar='$${TAR-tar} xf -'
bindir='${exec_prefix}/bin'
build='x86_64-pc-linux-gnu'
build_alias='x86_64-linux-gnu'
build_cpu='x86_64'
build_os='linux-gnu'
build_vendor='pc'
datadir='${datarootdir}'
datarootdir='${prefix}/share'
docdir='${datarootdir}/doc/${PACKAGE_TARNAME}'
dvidir='${docdir}'
exec_prefix='NONE'
host='x86_64-pc-linux-gnu'
host_alias=''
host_cpu='x86_64'
host_os='linux-gnu'
host_vendor='pc'
htmldir='${docdir}'
includedir='${prefix}/include'
infodir='${prefix}/share/info'
install_sh='${SHELL} /<<PKGBUILDDIR>>/install-sh'
libdir='${prefix}/lib'
libexecdir='${prefix}/lib/x86_64-linux-gnu'
localedir='${datarootdir}/locale'
localstatedir='/var'
mandir='${prefix}/share/man'
mkdir_p='$(MKDIR_P)'
oldincludedir='/usr/include'
pdfdir='${docdir}'
prefix='/usr'
program_transform_name='s,x,x,'
psdir='${docdir}'
runstatedir='${localstatedir}/run'
sbindir='${exec_prefix}/sbin'
sharedstatedir='${prefix}/com'
sysconfdir='/etc'
target_alias=''

## ----------- ##
## confdefs.h. ##
## ----------- ##

/* confdefs.h */
#define PACKAGE_NAME "GRUB"
#define PACKAGE_TARNAME "grub"
#define PACKAGE_VERSION "0.97"
#define PACKAGE_STRING "GRUB 0.97"
#define PACKAGE_BUGREPORT "bug-grub@gnu.org"
#define PACKAGE_URL ""
#define PACKAGE "grub"
#define VERSION "0.97"
#define ADDR32 addr32;
#define DATA32 data32;

configure: exit 1
dh_auto_configure: error: ./configure --build=x86_64-linux-gnu --prefix=/usr --includedir=\${prefix}/include --mandir=\${prefix}/share/man --infodir=\${prefix}/share/info --sysconfdir=/etc --localstatedir=/var --disable-silent-rules --libdir=\${prefix}/lib/x86_64-linux-gnu --libexecdir=\${prefix}/lib/x86_64-linux-gnu --disable-maintainer-mode --disable-dependency-tracking --libdir=\${prefix}/lib --disable-auto-linux-mem-opt returned exit code 1
make[1]: *** [debian/rules:11: override_dh_auto_configure] Error 25
make[1]: Leaving directory '/<<PKGBUILDDIR>>'
make: *** [debian/rules:3: build] Error 2
dpkg-buildpackage: error: debian/rules build subprocess returned exit status 2
--------------------------------------------------------------------------------
Build finished at 2020-02-25T18:23:57Z

Finished
--------


+------------------------------------------------------------------------------+
| Cleanup                                                                      |
+------------------------------------------------------------------------------+

Purging /<<BUILDDIR>>
Not cleaning session: cloned chroot in use
E: Build failure (dpkg-buildpackage died)

+------------------------------------------------------------------------------+
| Summary                                                                      |
+------------------------------------------------------------------------------+

Build Architecture: amd64
Build Type: binary
Build-Space: 8380
Build-Time: 5
Distribution: unstable
Fail-Stage: build
Host Architecture: amd64
Install-Time: 7
Job: grub_0.97-75
Machine Architecture: amd64
Package: grub
Package-Time: 29
Source-Version: 0.97-75
Space: 8380
Status: attempted
Version: 0.97-75
--------------------------------------------------------------------------------
Finished at 2020-02-25T18:23:57Z
Build needed 00:00:29, 8380k disk space
E: Build failure (dpkg-buildpackage died)
DC-Status: Failed 29.518743717s
DC-Time-Estimation: 29.518743717 versus expected 79 (r/m: 1.6762656553877489 ; m: 29.518743717)
