DC-Build-Header: kopanocore 8.7.0-6 / 2020-02-25 13:38:36 +0000
DC-Task: type:rebuild-binarch-only source:kopanocore version:8.7.0-6 chroot:unstable esttime:544 logfile:/tmp/kopanocore_8.7.0-6_unstable_clang8.log modes:clang8:binarch-only
DC-Sbuild-call: su user42 -c 'sbuild -n --arch-any --apt-update -d unstable -v --no-run-lintian --chroot-setup-commands=/tmp/clang8 kopanocore_8.7.0-6'
sbuild (Debian sbuild) 0.78.1 (09 February 2019) on ip-172-31-1-11.eu-central-1.compute.internal

+==============================================================================+
| kopanocore 8.7.0-6 (amd64)                   Tue, 25 Feb 2020 13:38:37 +0000 |
+==============================================================================+

Package: kopanocore
Version: 8.7.0-6
Source Version: 8.7.0-6
Distribution: unstable
Machine Architecture: amd64
Host Architecture: amd64
Build Architecture: amd64
Build Type: binary

I: NOTICE: Log filtering will replace 'var/run/schroot/mount/sid-amd64-sbuild-2b675179-740d-479b-bb5a-a4d75f275467' with '<<CHROOT>>'

+------------------------------------------------------------------------------+
| Chroot Setup Commands                                                        |
+------------------------------------------------------------------------------+


/tmp/clang8
-----------

+ echo 'Entering customization script...'
Entering customization script...
+ CLANG_VERSION=8
+ echo 'Install of clang-8'
Install of clang-8
+ apt-get update
Get:1 http://127.0.0.1:12990/debian sid InRelease [142 kB]
Get:2 http://127.0.0.1:12990/debian sid/main Sources.diff/Index [27.9 kB]
Get:3 http://127.0.0.1:12990/debian sid/main amd64 Packages.diff/Index [27.9 kB]
Get:4 http://127.0.0.1:12990/debian sid/main Sources 2020-02-24-0823.32.pdiff [11.0 kB]
Get:5 http://127.0.0.1:12990/debian sid/main Sources 2020-02-24-1420.34.pdiff [30.2 kB]
Get:6 http://127.0.0.1:12990/debian sid/main Sources 2020-02-24-2014.03.pdiff [16.9 kB]
Get:7 http://127.0.0.1:12990/debian sid/main Sources 2020-02-25-0213.11.pdiff [23.2 kB]
Get:8 http://127.0.0.1:12990/debian sid/main Sources 2020-02-25-0815.22.pdiff [9222 B]
Get:9 http://127.0.0.1:12990/debian sid/main amd64 Packages 2020-02-24-0823.32.pdiff [15.5 kB]
Get:10 http://127.0.0.1:12990/debian sid/main amd64 Packages 2020-02-24-1420.34.pdiff [27.5 kB]
Get:11 http://127.0.0.1:12990/debian sid/main amd64 Packages 2020-02-24-2014.03.pdiff [21.6 kB]
Get:12 http://127.0.0.1:12990/debian sid/main amd64 Packages 2020-02-25-0213.11.pdiff [35.0 kB]
Get:8 http://127.0.0.1:12990/debian sid/main Sources 2020-02-25-0815.22.pdiff [9222 B]
Get:13 http://127.0.0.1:12990/debian sid/main amd64 Packages 2020-02-25-0815.22.pdiff [20.1 kB]
Get:13 http://127.0.0.1:12990/debian sid/main amd64 Packages 2020-02-25-0815.22.pdiff [20.1 kB]
Get:14 http://127.0.0.1:12990/debian sid/main Translation-en [6195 kB]
Fetched 6604 kB in 2s (3938 kB/s)
Reading package lists...
+ apt-get install --yes --no-install-recommends --force-yes clang-8 libomp-8-dev libobjc-9-dev
Reading package lists...
Building dependency tree...
The following additional packages will be installed:
  cpp-9 g++-9 gcc-8-base gcc-9 gcc-9-base lib32gcc-s1 lib32gcc1 lib32stdc++6
  libasan5 libbsd0 libc6-i386 libclang-common-8-dev libclang1-8 libedit2
  libgc1c2 libgcc-8-dev libgcc-9-dev libllvm8 libmpx2 libobjc-8-dev libobjc4
  libomp5-8 libstdc++-8-dev libstdc++-9-dev
Suggested packages:
  clang-8-doc gcc-9-locales g++-9-multilib gcc-9-doc gcc-9-multilib
  libomp-8-doc libstdc++-8-doc libstdc++-9-doc
Recommended packages:
  llvm-8-dev python3
The following NEW packages will be installed:
  clang-8 gcc-8-base lib32gcc-s1 lib32gcc1 lib32stdc++6 libbsd0 libc6-i386
  libclang-common-8-dev libclang1-8 libedit2 libgc1c2 libgcc-8-dev libllvm8
  libmpx2 libobjc-8-dev libobjc-9-dev libobjc4 libomp-8-dev libomp5-8
  libstdc++-8-dev
The following packages will be upgraded:
  cpp-9 g++-9 gcc-9 gcc-9-base libasan5 libgcc-9-dev libstdc++-9-dev
7 upgraded, 20 newly installed, 0 to remove and 2 not upgraded.
Need to get 74.9 MB of archives.
After this operation, 223 MB of additional disk space will be used.
Get:1 http://127.0.0.1:12990/debian sid/main amd64 libasan5 amd64 9.2.1-30 [389 kB]
Get:2 http://127.0.0.1:12990/debian sid/main amd64 g++-9 amd64 9.2.1-30 [10.7 MB]
Get:3 http://127.0.0.1:12990/debian sid/main amd64 gcc-9 amd64 9.2.1-30 [10.0 MB]
Get:4 http://127.0.0.1:12990/debian sid/main amd64 libstdc++-9-dev amd64 9.2.1-30 [1697 kB]
Get:5 http://127.0.0.1:12990/debian sid/main amd64 libgcc-9-dev amd64 9.2.1-30 [2349 kB]
Get:6 http://127.0.0.1:12990/debian sid/main amd64 cpp-9 amd64 9.2.1-30 [9711 kB]
Get:7 http://127.0.0.1:12990/debian sid/main amd64 gcc-9-base amd64 9.2.1-30 [196 kB]
Get:8 http://127.0.0.1:12990/debian sid/main amd64 libbsd0 amd64 0.10.0-1 [107 kB]
Get:9 http://127.0.0.1:12990/debian sid/main amd64 libedit2 amd64 3.1-20191231-1 [95.4 kB]
Get:10 http://127.0.0.1:12990/debian sid/main amd64 libllvm8 amd64 1:8.0.1-7 [13.8 MB]
Get:11 http://127.0.0.1:12990/debian sid/main amd64 gcc-8-base amd64 8.3.0-29 [194 kB]
Get:12 http://127.0.0.1:12990/debian sid/main amd64 libmpx2 amd64 8.3.0-29 [11.4 kB]
Get:13 http://127.0.0.1:12990/debian sid/main amd64 libgcc-8-dev amd64 8.3.0-29 [2297 kB]
Get:14 http://127.0.0.1:12990/debian sid/main amd64 libstdc++-8-dev amd64 8.3.0-29 [1543 kB]
Get:15 http://127.0.0.1:12990/debian sid/main amd64 libgc1c2 amd64 1:7.6.4-0.4 [224 kB]
Get:16 http://127.0.0.1:12990/debian sid/main amd64 libobjc4 amd64 10-20200222-1 [41.6 kB]
Get:17 http://127.0.0.1:12990/debian sid/main amd64 libobjc-8-dev amd64 8.3.0-29 [227 kB]
Get:18 http://127.0.0.1:12990/debian sid/main amd64 libc6-i386 amd64 2.29-10 [2918 kB]
Get:19 http://127.0.0.1:12990/debian sid/main amd64 lib32gcc-s1 amd64 10-20200222-1 [49.4 kB]
Get:20 http://127.0.0.1:12990/debian sid/main amd64 lib32gcc1 amd64 1:10-20200222-1 [1104 B]
Get:21 http://127.0.0.1:12990/debian sid/main amd64 lib32stdc++6 amd64 10-20200222-1 [510 kB]
Get:22 http://127.0.0.1:12990/debian sid/main amd64 libclang-common-8-dev amd64 1:8.0.1-7 [2989 kB]
Get:23 http://127.0.0.1:12990/debian sid/main amd64 libclang1-8 amd64 1:8.0.1-7 [6244 kB]
Get:24 http://127.0.0.1:12990/debian sid/main amd64 clang-8 amd64 1:8.0.1-7 [8010 kB]
Get:25 http://127.0.0.1:12990/debian sid/main amd64 libobjc-9-dev amd64 9.2.1-30 [219 kB]
Get:26 http://127.0.0.1:12990/debian sid/main amd64 libomp5-8 amd64 1:8.0.1-7 [331 kB]
Get:27 http://127.0.0.1:12990/debian sid/main amd64 libomp-8-dev amd64 1:8.0.1-7 [62.3 kB]
debconf: delaying package configuration, since apt-utils is not installed
Fetched 74.9 MB in 1s (106 MB/s)
(Reading database ... (Reading database ... 5%(Reading database ... 10%(Reading database ... 15%(Reading database ... 20%(Reading database ... 25%(Reading database ... 30%(Reading database ... 35%(Reading database ... 40%(Reading database ... 45%(Reading database ... 50%(Reading database ... 55%(Reading database ... 60%(Reading database ... 65%(Reading database ... 70%(Reading database ... 75%(Reading database ... 80%(Reading database ... 85%(Reading database ... 90%(Reading database ... 95%(Reading database ... 100%(Reading database ... 12119 files and directories currently installed.)
Preparing to unpack .../00-libasan5_9.2.1-30_amd64.deb ...
Unpacking libasan5:amd64 (9.2.1-30) over (9.2.1-29) ...
Preparing to unpack .../01-g++-9_9.2.1-30_amd64.deb ...
Unpacking g++-9 (9.2.1-30) over (9.2.1-29) ...
Preparing to unpack .../02-gcc-9_9.2.1-30_amd64.deb ...
Unpacking gcc-9 (9.2.1-30) over (9.2.1-29) ...
Preparing to unpack .../03-libstdc++-9-dev_9.2.1-30_amd64.deb ...
Unpacking libstdc++-9-dev:amd64 (9.2.1-30) over (9.2.1-29) ...
Preparing to unpack .../04-libgcc-9-dev_9.2.1-30_amd64.deb ...
Unpacking libgcc-9-dev:amd64 (9.2.1-30) over (9.2.1-29) ...
Preparing to unpack .../05-cpp-9_9.2.1-30_amd64.deb ...
Unpacking cpp-9 (9.2.1-30) over (9.2.1-29) ...
Preparing to unpack .../06-gcc-9-base_9.2.1-30_amd64.deb ...
Unpacking gcc-9-base:amd64 (9.2.1-30) over (9.2.1-29) ...
Selecting previously unselected package libbsd0:amd64.
Preparing to unpack .../07-libbsd0_0.10.0-1_amd64.deb ...
Unpacking libbsd0:amd64 (0.10.0-1) ...
Selecting previously unselected package libedit2:amd64.
Preparing to unpack .../08-libedit2_3.1-20191231-1_amd64.deb ...
Unpacking libedit2:amd64 (3.1-20191231-1) ...
Selecting previously unselected package libllvm8:amd64.
Preparing to unpack .../09-libllvm8_1%3a8.0.1-7_amd64.deb ...
Unpacking libllvm8:amd64 (1:8.0.1-7) ...
Selecting previously unselected package gcc-8-base:amd64.
Preparing to unpack .../10-gcc-8-base_8.3.0-29_amd64.deb ...
Unpacking gcc-8-base:amd64 (8.3.0-29) ...
Selecting previously unselected package libmpx2:amd64.
Preparing to unpack .../11-libmpx2_8.3.0-29_amd64.deb ...
Unpacking libmpx2:amd64 (8.3.0-29) ...
Selecting previously unselected package libgcc-8-dev:amd64.
Preparing to unpack .../12-libgcc-8-dev_8.3.0-29_amd64.deb ...
Unpacking libgcc-8-dev:amd64 (8.3.0-29) ...
Selecting previously unselected package libstdc++-8-dev:amd64.
Preparing to unpack .../13-libstdc++-8-dev_8.3.0-29_amd64.deb ...
Unpacking libstdc++-8-dev:amd64 (8.3.0-29) ...
Selecting previously unselected package libgc1c2:amd64.
Preparing to unpack .../14-libgc1c2_1%3a7.6.4-0.4_amd64.deb ...
Unpacking libgc1c2:amd64 (1:7.6.4-0.4) ...
Selecting previously unselected package libobjc4:amd64.
Preparing to unpack .../15-libobjc4_10-20200222-1_amd64.deb ...
Unpacking libobjc4:amd64 (10-20200222-1) ...
Selecting previously unselected package libobjc-8-dev:amd64.
Preparing to unpack .../16-libobjc-8-dev_8.3.0-29_amd64.deb ...
Unpacking libobjc-8-dev:amd64 (8.3.0-29) ...
Selecting previously unselected package libc6-i386.
Preparing to unpack .../17-libc6-i386_2.29-10_amd64.deb ...
Unpacking libc6-i386 (2.29-10) ...
Selecting previously unselected package lib32gcc-s1.
Preparing to unpack .../18-lib32gcc-s1_10-20200222-1_amd64.deb ...
Unpacking lib32gcc-s1 (10-20200222-1) ...
Selecting previously unselected package lib32gcc1.
Preparing to unpack .../19-lib32gcc1_1%3a10-20200222-1_amd64.deb ...
Unpacking lib32gcc1 (1:10-20200222-1) ...
Selecting previously unselected package lib32stdc++6.
Preparing to unpack .../20-lib32stdc++6_10-20200222-1_amd64.deb ...
Unpacking lib32stdc++6 (10-20200222-1) ...
Selecting previously unselected package libclang-common-8-dev.
Preparing to unpack .../21-libclang-common-8-dev_1%3a8.0.1-7_amd64.deb ...
Unpacking libclang-common-8-dev (1:8.0.1-7) ...
Selecting previously unselected package libclang1-8.
Preparing to unpack .../22-libclang1-8_1%3a8.0.1-7_amd64.deb ...
Unpacking libclang1-8 (1:8.0.1-7) ...
Selecting previously unselected package clang-8.
Preparing to unpack .../23-clang-8_1%3a8.0.1-7_amd64.deb ...
Unpacking clang-8 (1:8.0.1-7) ...
Selecting previously unselected package libobjc-9-dev:amd64.
Preparing to unpack .../24-libobjc-9-dev_9.2.1-30_amd64.deb ...
Unpacking libobjc-9-dev:amd64 (9.2.1-30) ...
Selecting previously unselected package libomp5-8:amd64.
Preparing to unpack .../25-libomp5-8_1%3a8.0.1-7_amd64.deb ...
Unpacking libomp5-8:amd64 (1:8.0.1-7) ...
Selecting previously unselected package libomp-8-dev.
Preparing to unpack .../26-libomp-8-dev_1%3a8.0.1-7_amd64.deb ...
Unpacking libomp-8-dev (1:8.0.1-7) ...
Setting up libgc1c2:amd64 (1:7.6.4-0.4) ...
Setting up libobjc4:amd64 (10-20200222-1) ...
Setting up gcc-8-base:amd64 (8.3.0-29) ...
Setting up libmpx2:amd64 (8.3.0-29) ...
Setting up libc6-i386 (2.29-10) ...
Setting up libbsd0:amd64 (0.10.0-1) ...
Setting up libomp5-8:amd64 (1:8.0.1-7) ...
Setting up libomp-8-dev (1:8.0.1-7) ...
Setting up gcc-9-base:amd64 (9.2.1-30) ...
Setting up libedit2:amd64 (3.1-20191231-1) ...
Setting up libasan5:amd64 (9.2.1-30) ...
Setting up lib32gcc-s1 (10-20200222-1) ...
Setting up libgcc-8-dev:amd64 (8.3.0-29) ...
Setting up cpp-9 (9.2.1-30) ...
Setting up libstdc++-8-dev:amd64 (8.3.0-29) ...
Setting up libllvm8:amd64 (1:8.0.1-7) ...
Setting up libclang1-8 (1:8.0.1-7) ...
Setting up lib32gcc1 (1:10-20200222-1) ...
Setting up libgcc-9-dev:amd64 (9.2.1-30) ...
Setting up libobjc-8-dev:amd64 (8.3.0-29) ...
Setting up lib32stdc++6 (10-20200222-1) ...
Setting up libobjc-9-dev:amd64 (9.2.1-30) ...
Setting up gcc-9 (9.2.1-30) ...
Setting up libstdc++-9-dev:amd64 (9.2.1-30) ...
Setting up libclang-common-8-dev (1:8.0.1-7) ...
Setting up g++-9 (9.2.1-30) ...
Setting up clang-8 (1:8.0.1-7) ...
Processing triggers for libc-bin (2.29-10) ...
W: --force-yes is deprecated, use one of the options starting with --allow instead.
+ echo 'Replace gcc, g++ & cpp by clang'
Replace gcc, g++ & cpp by clang
+ VERSIONS='4.6 4.7 4.8 4.9 5 6 7 8 9 10'
+ cd /usr/bin
+ for VERSION in $VERSIONS
+ rm -f g++-4.6 gcc-4.6 cpp-4.6 gcc
+ ln -s clang++-8 g++-4.6
+ ln -s clang-8 gcc-4.6
+ ln -s clang-8 cpp-4.6
+ ln -s clang-8 gcc
+ dpkg --set-selections
+ echo 'gcc-4.6 hold'
dpkg: warning: package not in status nor available database at line 1: gcc-4.6
dpkg: warning: found unknown packages; this might mean the available database
is outdated, and needs to be updated through a frontend method;
please see the FAQ <https://wiki.debian.org/Teams/Dpkg/FAQ>
+ echo 'g++-4.6 hold'
+ dpkg --set-selections
dpkg: warning: package not in status nor available database at line 1: g++-4.6
dpkg: warning: found unknown packages; this might mean the available database
is outdated, and needs to be updated through a frontend method;
please see the FAQ <https://wiki.debian.org/Teams/Dpkg/FAQ>
+ for VERSION in $VERSIONS
+ rm -f g++-4.7 gcc-4.7 cpp-4.7 gcc
+ ln -s clang++-8 g++-4.7
+ ln -s clang-8 gcc-4.7
+ ln -s clang-8 cpp-4.7
+ ln -s clang-8 gcc
+ echo 'gcc-4.7 hold'
+ dpkg --set-selections
dpkg: warning: package not in status nor available database at line 1: gcc-4.7
dpkg: warning: found unknown packages; this might mean the available database
is outdated, and needs to be updated through a frontend method;
please see the FAQ <https://wiki.debian.org/Teams/Dpkg/FAQ>
+ echo 'g++-4.7 hold'
+ dpkg --set-selections
dpkg: warning: package not in status nor available database at line 1: g++-4.7
dpkg: warning: found unknown packages; this might mean the available database
is outdated, and needs to be updated through a frontend method;
please see the FAQ <https://wiki.debian.org/Teams/Dpkg/FAQ>
+ for VERSION in $VERSIONS
+ rm -f g++-4.8 gcc-4.8 cpp-4.8 gcc
+ ln -s clang++-8 g++-4.8
+ ln -s clang-8 gcc-4.8
+ ln -s clang-8 cpp-4.8
+ ln -s clang-8 gcc
+ echo 'gcc-4.8 hold'
+ dpkg --set-selections
dpkg: warning: package not in status nor available database at line 1: gcc-4.8
dpkg: warning: found unknown packages; this might mean the available database
is outdated, and needs to be updated through a frontend method;
please see the FAQ <https://wiki.debian.org/Teams/Dpkg/FAQ>
+ echo 'g++-4.8 hold'
+ dpkg --set-selections
dpkg: warning: package not in status nor available database at line 1: g++-4.8
dpkg: warning: found unknown packages; this might mean the available database
is outdated, and needs to be updated through a frontend method;
please see the FAQ <https://wiki.debian.org/Teams/Dpkg/FAQ>
+ for VERSION in $VERSIONS
+ rm -f g++-4.9 gcc-4.9 cpp-4.9 gcc
+ ln -s clang++-8 g++-4.9
+ ln -s clang-8 gcc-4.9
+ ln -s clang-8 cpp-4.9
+ ln -s clang-8 gcc
+ echo 'gcc-4.9 hold'
+ dpkg --set-selections
dpkg: warning: package not in status nor available database at line 1: gcc-4.9
dpkg: warning: found unknown packages; this might mean the available database
is outdated, and needs to be updated through a frontend method;
please see the FAQ <https://wiki.debian.org/Teams/Dpkg/FAQ>
+ echo 'g++-4.9 hold'
+ dpkg --set-selections
dpkg: warning: package not in status nor available database at line 1: g++-4.9
dpkg: warning: found unknown packages; this might mean the available database
is outdated, and needs to be updated through a frontend method;
please see the FAQ <https://wiki.debian.org/Teams/Dpkg/FAQ>
+ for VERSION in $VERSIONS
+ rm -f g++-5 gcc-5 cpp-5 gcc
+ ln -s clang++-8 g++-5
+ ln -s clang-8 gcc-5
+ ln -s clang-8 cpp-5
+ ln -s clang-8 gcc
+ echo 'gcc-5 hold'
+ dpkg --set-selections
dpkg: warning: package not in status nor available database at line 1: gcc-5
dpkg: warning: found unknown packages; this might mean the available database
is outdated, and needs to be updated through a frontend method;
please see the FAQ <https://wiki.debian.org/Teams/Dpkg/FAQ>
+ echo 'g++-5 hold'
+ dpkg --set-selections
dpkg: warning: package not in status nor available database at line 1: g++-5
dpkg: warning: found unknown packages; this might mean the available database
is outdated, and needs to be updated through a frontend method;
please see the FAQ <https://wiki.debian.org/Teams/Dpkg/FAQ>
+ for VERSION in $VERSIONS
+ rm -f g++-6 gcc-6 cpp-6 gcc
+ ln -s clang++-8 g++-6
+ ln -s clang-8 gcc-6
+ ln -s clang-8 cpp-6
+ ln -s clang-8 gcc
+ echo 'gcc-6 hold'
+ dpkg --set-selections
dpkg: warning: package not in status nor available database at line 1: gcc-6
dpkg: warning: found unknown packages; this might mean the available database
is outdated, and needs to be updated through a frontend method;
please see the FAQ <https://wiki.debian.org/Teams/Dpkg/FAQ>
+ echo 'g++-6 hold'
+ dpkg --set-selections
dpkg: warning: package not in status nor available database at line 1: g++-6
dpkg: warning: found unknown packages; this might mean the available database
is outdated, and needs to be updated through a frontend method;
please see the FAQ <https://wiki.debian.org/Teams/Dpkg/FAQ>
+ for VERSION in $VERSIONS
+ rm -f g++-7 gcc-7 cpp-7 gcc
+ ln -s clang++-8 g++-7
+ ln -s clang-8 gcc-7
+ ln -s clang-8 cpp-7
+ ln -s clang-8 gcc
+ echo 'gcc-7 hold'
+ dpkg --set-selections
dpkg: warning: package not in status nor available database at line 1: gcc-7
dpkg: warning: found unknown packages; this might mean the available database
is outdated, and needs to be updated through a frontend method;
please see the FAQ <https://wiki.debian.org/Teams/Dpkg/FAQ>
+ echo 'g++-7 hold'
+ dpkg --set-selections
dpkg: warning: package not in status nor available database at line 1: g++-7
dpkg: warning: found unknown packages; this might mean the available database
is outdated, and needs to be updated through a frontend method;
please see the FAQ <https://wiki.debian.org/Teams/Dpkg/FAQ>
+ for VERSION in $VERSIONS
+ rm -f g++-8 gcc-8 cpp-8 gcc
+ ln -s clang++-8 g++-8
+ ln -s clang-8 gcc-8
+ ln -s clang-8 cpp-8
+ ln -s clang-8 gcc
+ echo 'gcc-8 hold'
+ dpkg --set-selections
dpkg: warning: package not in status nor available database at line 1: gcc-8
dpkg: warning: found unknown packages; this might mean the available database
is outdated, and needs to be updated through a frontend method;
please see the FAQ <https://wiki.debian.org/Teams/Dpkg/FAQ>
+ echo 'g++-8 hold'
+ dpkg --set-selections
dpkg: warning: package not in status nor available database at line 1: g++-8
dpkg: warning: found unknown packages; this might mean the available database
is outdated, and needs to be updated through a frontend method;
please see the FAQ <https://wiki.debian.org/Teams/Dpkg/FAQ>
+ for VERSION in $VERSIONS
+ rm -f g++-9 gcc-9 cpp-9 gcc
+ ln -s clang++-8 g++-9
+ ln -s clang-8 gcc-9
+ ln -s clang-8 cpp-9
+ ln -s clang-8 gcc
+ echo 'gcc-9 hold'
+ dpkg --set-selections
+ echo 'g++-9 hold'
+ dpkg --set-selections
+ for VERSION in $VERSIONS
+ rm -f g++-10 gcc-10 cpp-10 gcc
+ ln -s clang++-8 g++-10
+ ln -s clang-8 gcc-10
+ ln -s clang-8 cpp-10
+ ln -s clang-8 gcc
+ echo 'gcc-10 hold'
+ dpkg --set-selections
dpkg: warning: package not in status nor available database at line 1: gcc-10
dpkg: warning: found unknown packages; this might mean the available database
is outdated, and needs to be updated through a frontend method;
please see the FAQ <https://wiki.debian.org/Teams/Dpkg/FAQ>
+ echo 'g++-10 hold'
+ dpkg --set-selections
dpkg: warning: package not in status nor available database at line 1: g++-10
dpkg: warning: found unknown packages; this might mean the available database
is outdated, and needs to be updated through a frontend method;
please see the FAQ <https://wiki.debian.org/Teams/Dpkg/FAQ>
+ cd -
/build/kopanocore-AbDlaj
+ echo 'Check if gcc, g++ & cpp are actually clang'
Check if gcc, g++ & cpp are actually clang
+ gcc --version
+ grep clang
+ cpp --version
+ grep clang
+ g++ --version
+ grep clang

I: Finished running '/tmp/clang8'.

Finished processing commands.
--------------------------------------------------------------------------------
I: NOTICE: Log filtering will replace 'build/kopanocore-AbDlaj/resolver-eqD1RT' with '<<RESOLVERDIR>>'

+------------------------------------------------------------------------------+
| Update chroot                                                                |
+------------------------------------------------------------------------------+

Hit:1 http://127.0.0.1:12990/debian sid InRelease
Reading package lists...
Reading package lists...
Building dependency tree...
Reading state information...
Calculating upgrade...
The following packages will be upgraded:
  libgmp10 zlib1g
2 upgraded, 0 newly installed, 0 to remove and 0 not upgraded.
Need to get 343 kB of archives.
After this operation, 0 B of additional disk space will be used.
Get:1 http://127.0.0.1:12990/debian sid/main amd64 libgmp10 amd64 2:6.2.0+dfsg-4 [253 kB]
Get:2 http://127.0.0.1:12990/debian sid/main amd64 zlib1g amd64 1:1.2.11.dfsg-2 [90.4 kB]
debconf: delaying package configuration, since apt-utils is not installed
Fetched 343 kB in 0s (3587 kB/s)
(Reading database ... (Reading database ... 5%(Reading database ... 10%(Reading database ... 15%(Reading database ... 20%(Reading database ... 25%(Reading database ... 30%(Reading database ... 35%(Reading database ... 40%(Reading database ... 45%(Reading database ... 50%(Reading database ... 55%(Reading database ... 60%(Reading database ... 65%(Reading database ... 70%(Reading database ... 75%(Reading database ... 80%(Reading database ... 85%(Reading database ... 90%(Reading database ... 95%(Reading database ... 100%(Reading database ... 13887 files and directories currently installed.)
Preparing to unpack .../libgmp10_2%3a6.2.0+dfsg-4_amd64.deb ...
Unpacking libgmp10:amd64 (2:6.2.0+dfsg-4) over (2:6.2.0+dfsg-3) ...
Setting up libgmp10:amd64 (2:6.2.0+dfsg-4) ...
(Reading database ... (Reading database ... 5%(Reading database ... 10%(Reading database ... 15%(Reading database ... 20%(Reading database ... 25%(Reading database ... 30%(Reading database ... 35%(Reading database ... 40%(Reading database ... 45%(Reading database ... 50%(Reading database ... 55%(Reading database ... 60%(Reading database ... 65%(Reading database ... 70%(Reading database ... 75%(Reading database ... 80%(Reading database ... 85%(Reading database ... 90%(Reading database ... 95%(Reading database ... 100%(Reading database ... 13887 files and directories currently installed.)
Preparing to unpack .../zlib1g_1%3a1.2.11.dfsg-2_amd64.deb ...
Unpacking zlib1g:amd64 (1:1.2.11.dfsg-2) over (1:1.2.11.dfsg-1.2) ...
Setting up zlib1g:amd64 (1:1.2.11.dfsg-2) ...
Processing triggers for libc-bin (2.29-10) ...

+------------------------------------------------------------------------------+
| Fetch source files                                                           |
+------------------------------------------------------------------------------+


Check APT
---------

Checking available source versions...

Download source files with APT
------------------------------

Reading package lists...
NOTICE: 'kopanocore' packaging is maintained in the 'Git' version control system at:
https://salsa.debian.org/giraffe-team/kopanocore.git
Please use:
git clone https://salsa.debian.org/giraffe-team/kopanocore.git
to retrieve the latest (possibly unreleased) updates to the package.
Need to get 1888 kB of source archives.
Get:1 http://127.0.0.1:12990/debian sid/main kopanocore 8.7.0-6 (dsc) [3863 B]
Get:2 http://127.0.0.1:12990/debian sid/main kopanocore 8.7.0-6 (tar) [1819 kB]
Get:3 http://127.0.0.1:12990/debian sid/main kopanocore 8.7.0-6 (diff) [64.6 kB]
Fetched 1888 kB in 0s (17.9 MB/s)
Download complete and in download only mode
I: NOTICE: Log filtering will replace 'build/kopanocore-AbDlaj/kopanocore-8.7.0' with '<<PKGBUILDDIR>>'
I: NOTICE: Log filtering will replace 'build/kopanocore-AbDlaj' with '<<BUILDDIR>>'

+------------------------------------------------------------------------------+
| Install package build dependencies                                           |
+------------------------------------------------------------------------------+


Setup apt archive
-----------------

Merged Build-Depends: autoconf (>= 2.59), automake (>= 1:1.9), binutils (>= 2.12.90.0.9), bison, debhelper (>= 12~), default-libmysqlclient-dev, dh-apparmor, dh-exec, dh-php, dh-python, dpkg-dev (>= 1.16.1~), flex, gettext, gsoap (>= 2.8.49), libcurl4-openssl-dev, libgsoap-dev (>= 2.8.49), libhx-dev, libical-dev, libicu-dev, libjsoncpp-dev (>= 1.4.0~), libkrb5-dev, libldap2-dev, libncurses5-dev, libncursesw5-dev, libpam0g-dev, libssl-dev, libtool (>= 1.5), libvmime-dev (>= 0.9.2-4), libxml2-dev, m4, php-dev, pkg-config (>= 0.18), python3-dev, python3-setuptools, swig, uuid-dev, xmlto, zlib1g-dev, build-essential, fakeroot
Filtered Build-Depends: autoconf (>= 2.59), automake (>= 1:1.9), binutils (>= 2.12.90.0.9), bison, debhelper (>= 12~), default-libmysqlclient-dev, dh-apparmor, dh-exec, dh-php, dh-python, dpkg-dev (>= 1.16.1~), flex, gettext, gsoap (>= 2.8.49), libcurl4-openssl-dev, libgsoap-dev (>= 2.8.49), libhx-dev, libical-dev, libicu-dev, libjsoncpp-dev (>= 1.4.0~), libkrb5-dev, libldap2-dev, libncurses5-dev, libncursesw5-dev, libpam0g-dev, libssl-dev, libtool (>= 1.5), libvmime-dev (>= 0.9.2-4), libxml2-dev, m4, php-dev, pkg-config (>= 0.18), python3-dev, python3-setuptools, swig, uuid-dev, xmlto, zlib1g-dev, build-essential, fakeroot
dpkg-deb: building package 'sbuild-build-depends-main-dummy' in '/<<RESOLVERDIR>>/apt_archive/sbuild-build-depends-main-dummy.deb'.
Ign:1 copy:/<<RESOLVERDIR>>/apt_archive ./ InRelease
Get:2 copy:/<<RESOLVERDIR>>/apt_archive ./ Release [963 B]
Ign:3 copy:/<<RESOLVERDIR>>/apt_archive ./ Release.gpg
Get:4 copy:/<<RESOLVERDIR>>/apt_archive ./ Sources [622 B]
Get:5 copy:/<<RESOLVERDIR>>/apt_archive ./ Packages [708 B]
Fetched 2293 B in 0s (0 B/s)
Reading package lists...
Reading package lists...

Install main build dependencies (apt-based resolver)
----------------------------------------------------

Installing build dependencies
Reading package lists...
Building dependency tree...
Reading state information...
The following additional packages will be installed:
  autoconf automake autopoint autotools-dev bison bsdmainutils comerr-dev
  debhelper default-libmysqlclient-dev dh-apparmor dh-autoreconf dh-exec
  dh-php dh-python dh-strip-nondeterminism docbook-xml docbook-xsl dwz file
  flex gettext gettext-base gir1.2-glib-2.0 gir1.2-ical-3.0 groff-base gsoap
  icu-devtools intltool-debian krb5-multidev libarchive-zip-perl libargon2-1
  libbrotli1 libcroco3 libcurl4 libcurl4-openssl-dev libdb-dev libdb5.3-dev
  libdebhelper-perl libelf1 libevent-2.1-7 libexpat1 libexpat1-dev
  libexporter-tiny-perl libfile-stripnondeterminism-perl libgirepository-1.0-1
  libglib2.0-0 libgmp-dev libgmpxx4ldbl libgnutls-dane0 libgnutls-openssl27
  libgnutls28-dev libgnutlsxx28 libgsasl7 libgsasl7-dev libgsoap-2.8.91
  libgsoap-dev libgssapi-krb5-2 libgssrpc4 libhx-dev libhx28 libical-dev
  libical3 libicu-dev libicu63 libidn11 libidn11-dev libidn2-dev
  libjsoncpp-dev libjsoncpp1 libk5crypto3 libkadm5clnt-mit11 libkadm5srv-mit11
  libkdb5-9 libkeyutils1 libkrb5-3 libkrb5-dev libkrb5support0 libldap-2.4-2
  libldap-common libldap2-dev liblist-moreutils-perl libmagic-mgc libmagic1
  libmariadb-dev libmariadb-dev-compat libmariadb3 libmpdec2 libncurses-dev
  libncurses5-dev libncurses6 libnghttp2-14 libntlm0 libntlm0-dev
  libp11-kit-dev libpam0g-dev libpcre2-16-0 libpcre2-32-0 libpcre2-dev
  libpcre2-posix2 libpipeline1 libpsl5 libpython3-dev libpython3-stdlib
  libpython3.7 libpython3.7-dev libpython3.7-minimal libpython3.7-stdlib
  libreadline8 librtmp1 libsasl2-2 libsasl2-modules-db libsigsegv2 libsodium23
  libsqlite3-0 libssh2-1 libssl-dev libssl1.1 libsub-override-perl
  libtasn1-6-dev libtool libuchardet0 libunbound8 libvmime-dev libvmime1
  libxml2 libxml2-dev libxml2-utils libxslt1.1 m4 man-db mariadb-common
  mime-support mysql-common nettle-dev php-common php-dev php7.4-cli
  php7.4-common php7.4-dev php7.4-json php7.4-opcache php7.4-readline
  pkg-config po-debconf psmisc python3 python3-dev python3-distutils
  python3-lib2to3 python3-minimal python3-pkg-resources python3-setuptools
  python3.7 python3.7-dev python3.7-minimal readline-common sensible-utils
  sgml-base sgml-data shtool swig swig4.0 ucf uuid-dev xml-core xml2 xmlto
  xsltproc zlib1g-dev
Suggested packages:
  autoconf-archive gnu-standards autoconf-doc bison-doc wamerican | wordlist
  whois vacation doc-base dh-make apparmor-easyprof docbook docbook-dsssl
  docbook-defguide dbtoepub docbook-xsl-doc-html | docbook-xsl-doc-pdf
  | docbook-xsl-doc-text | docbook-xsl-doc docbook-xsl-saxon fop libsaxon-java
  libxalan2-java libxslthl-java xalan flex-doc gettext-doc libasprintf-dev
  libgettextpo-dev groff krb5-doc libcurl4-doc librtmp-dev libssh2-1-dev
  db5.3-doc gmp-doc libgmp10-doc libmpfr-dev dns-root-data gnutls-bin
  gnutls-doc krb5-user icu-doc ncurses-doc libssl-doc libtool-doc gfortran
  | fortran95-compiler gcj-jdk m4-doc apparmor less www-browser php-pear
  libmail-box-perl python3-doc python3-tk python3-venv python-setuptools-doc
  python3.7-venv python3.7-doc binfmt-support readline-doc sgml-base-doc
  perlsgml w3-recs opensp swig-doc swig-examples swig4.0-examples swig4.0-doc
  w3m | lynx-cur | links texlive-htmlxml
Recommended packages:
  libfl-dev curl | wget | lynx ca-certificates libarchive-cpio-perl
  libglib2.0-data shared-mime-info xdg-user-dirs krb5-locales libgpm2
  publicsuffix libsasl2-modules libtasn1-doc libltdl-dev pkg-php-tools
  libmail-sendmail-perl dblatex | fop libpaper-utils zip
The following NEW packages will be installed:
  autoconf automake autopoint autotools-dev bison bsdmainutils comerr-dev
  debhelper default-libmysqlclient-dev dh-apparmor dh-autoreconf dh-exec
  dh-php dh-python dh-strip-nondeterminism docbook-xml docbook-xsl dwz file
  flex gettext gettext-base gir1.2-glib-2.0 gir1.2-ical-3.0 groff-base gsoap
  icu-devtools intltool-debian krb5-multidev libarchive-zip-perl libargon2-1
  libbrotli1 libcroco3 libcurl4 libcurl4-openssl-dev libdb-dev libdb5.3-dev
  libdebhelper-perl libelf1 libevent-2.1-7 libexpat1 libexpat1-dev
  libexporter-tiny-perl libfile-stripnondeterminism-perl libgirepository-1.0-1
  libglib2.0-0 libgmp-dev libgmpxx4ldbl libgnutls-dane0 libgnutls-openssl27
  libgnutls28-dev libgnutlsxx28 libgsasl7 libgsasl7-dev libgsoap-2.8.91
  libgsoap-dev libgssapi-krb5-2 libgssrpc4 libhx-dev libhx28 libical-dev
  libical3 libicu-dev libicu63 libidn11 libidn11-dev libidn2-dev
  libjsoncpp-dev libjsoncpp1 libk5crypto3 libkadm5clnt-mit11 libkadm5srv-mit11
  libkdb5-9 libkeyutils1 libkrb5-3 libkrb5-dev libkrb5support0 libldap-2.4-2
  libldap-common libldap2-dev liblist-moreutils-perl libmagic-mgc libmagic1
  libmariadb-dev libmariadb-dev-compat libmariadb3 libmpdec2 libncurses-dev
  libncurses5-dev libncurses6 libnghttp2-14 libntlm0 libntlm0-dev
  libp11-kit-dev libpam0g-dev libpcre2-16-0 libpcre2-32-0 libpcre2-dev
  libpcre2-posix2 libpipeline1 libpsl5 libpython3-dev libpython3-stdlib
  libpython3.7 libpython3.7-dev libpython3.7-minimal libpython3.7-stdlib
  libreadline8 librtmp1 libsasl2-2 libsasl2-modules-db libsigsegv2 libsodium23
  libsqlite3-0 libssh2-1 libssl-dev libssl1.1 libsub-override-perl
  libtasn1-6-dev libtool libuchardet0 libunbound8 libvmime-dev libvmime1
  libxml2 libxml2-dev libxml2-utils libxslt1.1 m4 man-db mariadb-common
  mime-support mysql-common nettle-dev php-common php-dev php7.4-cli
  php7.4-common php7.4-dev php7.4-json php7.4-opcache php7.4-readline
  pkg-config po-debconf psmisc python3 python3-dev python3-distutils
  python3-lib2to3 python3-minimal python3-pkg-resources python3-setuptools
  python3.7 python3.7-dev python3.7-minimal readline-common
  sbuild-build-depends-main-dummy sensible-utils sgml-base sgml-data shtool
  swig swig4.0 ucf uuid-dev xml-core xml2 xmlto xsltproc zlib1g-dev
0 upgraded, 170 newly installed, 0 to remove and 0 not upgraded.
Need to get 112 MB of archives.
After this operation, 401 MB of additional disk space will be used.
Get:1 copy:/<<RESOLVERDIR>>/apt_archive ./ sbuild-build-depends-main-dummy 0.invalid.0 [1136 B]
Get:2 http://127.0.0.1:12990/debian sid/main amd64 bsdmainutils amd64 11.1.2+b1 [191 kB]
Get:3 http://127.0.0.1:12990/debian sid/main amd64 libuchardet0 amd64 0.0.6-3 [64.9 kB]
Get:4 http://127.0.0.1:12990/debian sid/main amd64 groff-base amd64 1.22.4-4 [919 kB]
Get:5 http://127.0.0.1:12990/debian sid/main amd64 libpipeline1 amd64 1.5.2-2 [33.9 kB]
Get:6 http://127.0.0.1:12990/debian sid/main amd64 man-db amd64 2.9.0-2 [1307 kB]
Get:7 http://127.0.0.1:12990/debian sid/main amd64 libsigsegv2 amd64 2.12-2 [32.8 kB]
Get:8 http://127.0.0.1:12990/debian sid/main amd64 m4 amd64 1.4.18-4 [203 kB]
Get:9 http://127.0.0.1:12990/debian sid/main amd64 flex amd64 2.6.4-6.2 [456 kB]
Get:10 http://127.0.0.1:12990/debian sid/main amd64 libssl1.1 amd64 1.1.1d-2 [1540 kB]
Get:11 http://127.0.0.1:12990/debian sid/main amd64 libpython3.7-minimal amd64 3.7.6-1+b1 [591 kB]
Get:12 http://127.0.0.1:12990/debian sid/main amd64 libexpat1 amd64 2.2.9-1 [94.3 kB]
Get:13 http://127.0.0.1:12990/debian sid/main amd64 python3.7-minimal amd64 3.7.6-1+b1 [1813 kB]
Get:14 http://127.0.0.1:12990/debian sid/main amd64 python3-minimal amd64 3.7.5-3 [36.8 kB]
Get:15 http://127.0.0.1:12990/debian sid/main amd64 mime-support all 3.64 [37.8 kB]
Get:16 http://127.0.0.1:12990/debian sid/main amd64 libmpdec2 amd64 2.4.2-2 [87.2 kB]
Get:17 http://127.0.0.1:12990/debian sid/main amd64 readline-common all 8.0-3 [72.5 kB]
Get:18 http://127.0.0.1:12990/debian sid/main amd64 libreadline8 amd64 8.0-3 [160 kB]
Get:19 http://127.0.0.1:12990/debian sid/main amd64 libsqlite3-0 amd64 3.31.1-3 [661 kB]
Get:20 http://127.0.0.1:12990/debian sid/main amd64 libpython3.7-stdlib amd64 3.7.6-1+b1 [1735 kB]
Get:21 http://127.0.0.1:12990/debian sid/main amd64 python3.7 amd64 3.7.6-1+b1 [351 kB]
Get:22 http://127.0.0.1:12990/debian sid/main amd64 libpython3-stdlib amd64 3.7.5-3 [20.2 kB]
Get:23 http://127.0.0.1:12990/debian sid/main amd64 python3 amd64 3.7.5-3 [62.1 kB]
Get:24 http://127.0.0.1:12990/debian sid/main amd64 sgml-base all 1.29.1 [15.0 kB]
Get:25 http://127.0.0.1:12990/debian sid/main amd64 sensible-utils all 0.0.12+nmu1 [16.0 kB]
Get:26 http://127.0.0.1:12990/debian sid/main amd64 libmagic-mgc amd64 1:5.38-4 [262 kB]
Get:27 http://127.0.0.1:12990/debian sid/main amd64 libmagic1 amd64 1:5.38-4 [120 kB]
Get:28 http://127.0.0.1:12990/debian sid/main amd64 file amd64 1:5.38-4 [67.9 kB]
Get:29 http://127.0.0.1:12990/debian sid/main amd64 gettext-base amd64 0.19.8.1-10 [123 kB]
Get:30 http://127.0.0.1:12990/debian sid/main amd64 ucf all 3.0038+nmu1 [69.0 kB]
Get:31 http://127.0.0.1:12990/debian sid/main amd64 autoconf all 2.69-11.1 [341 kB]
Get:32 http://127.0.0.1:12990/debian sid/main amd64 autotools-dev all 20180224.1 [77.0 kB]
Get:33 http://127.0.0.1:12990/debian sid/main amd64 automake all 1:1.16.1-4 [771 kB]
Get:34 http://127.0.0.1:12990/debian sid/main amd64 autopoint all 0.19.8.1-10 [435 kB]
Get:35 http://127.0.0.1:12990/debian sid/main amd64 bison amd64 2:3.5.1+dfsg-1 [963 kB]
Get:36 http://127.0.0.1:12990/debian sid/main amd64 comerr-dev amd64 2.1-1.45.5-2 [104 kB]
Get:37 http://127.0.0.1:12990/debian sid/main amd64 libtool all 2.4.6-13 [513 kB]
Get:38 http://127.0.0.1:12990/debian sid/main amd64 dh-autoreconf all 19 [16.9 kB]
Get:39 http://127.0.0.1:12990/debian sid/main amd64 libdebhelper-perl all 12.9 [183 kB]
Get:40 http://127.0.0.1:12990/debian sid/main amd64 libarchive-zip-perl all 1.67-1 [104 kB]
Get:41 http://127.0.0.1:12990/debian sid/main amd64 libsub-override-perl all 0.09-2 [10.2 kB]
Get:42 http://127.0.0.1:12990/debian sid/main amd64 libfile-stripnondeterminism-perl all 1.6.3-2 [23.7 kB]
Get:43 http://127.0.0.1:12990/debian sid/main amd64 dh-strip-nondeterminism all 1.6.3-2 [14.7 kB]
Get:44 http://127.0.0.1:12990/debian sid/main amd64 libelf1 amd64 0.176-1.1 [161 kB]
Get:45 http://127.0.0.1:12990/debian sid/main amd64 dwz amd64 0.13-5 [151 kB]
Get:46 http://127.0.0.1:12990/debian sid/main amd64 libglib2.0-0 amd64 2.62.4-2 [1319 kB]
Get:47 http://127.0.0.1:12990/debian sid/main amd64 libicu63 amd64 63.2-2 [8301 kB]
Get:48 http://127.0.0.1:12990/debian sid/main amd64 libxml2 amd64 2.9.10+dfsg-3 [709 kB]
Get:49 http://127.0.0.1:12990/debian sid/main amd64 libcroco3 amd64 0.6.13-1 [146 kB]
Get:50 http://127.0.0.1:12990/debian sid/main amd64 gettext amd64 0.19.8.1-10 [1303 kB]
Get:51 http://127.0.0.1:12990/debian sid/main amd64 intltool-debian all 0.35.0+20060710.5 [26.8 kB]
Get:52 http://127.0.0.1:12990/debian sid/main amd64 po-debconf all 1.0.21 [248 kB]
Get:53 http://127.0.0.1:12990/debian sid/main amd64 debhelper all 12.9 [994 kB]
Get:54 http://127.0.0.1:12990/debian sid/main amd64 mysql-common all 5.8+1.0.5 [7324 B]
Get:55 http://127.0.0.1:12990/debian sid/main amd64 mariadb-common all 1:10.3.22-1 [32.3 kB]
Get:56 http://127.0.0.1:12990/debian sid/main amd64 libmariadb3 amd64 1:10.3.22-1 [171 kB]
Get:57 http://127.0.0.1:12990/debian sid/main amd64 libevent-2.1-7 amd64 2.1.11-stable-1 [186 kB]
Get:58 http://127.0.0.1:12990/debian sid/main amd64 libunbound8 amd64 1.9.6-2 [467 kB]
Get:59 http://127.0.0.1:12990/debian sid/main amd64 libgnutls-dane0 amd64 3.6.12-2 [354 kB]
Get:60 http://127.0.0.1:12990/debian sid/main amd64 libgnutls-openssl27 amd64 3.6.12-2 [355 kB]
Get:61 http://127.0.0.1:12990/debian sid/main amd64 libgnutlsxx28 amd64 3.6.12-2 [14.6 kB]
Get:62 http://127.0.0.1:12990/debian sid/main amd64 libidn2-dev amd64 2.2.0-2 [84.5 kB]
Get:63 http://127.0.0.1:12990/debian sid/main amd64 libp11-kit-dev amd64 0.23.20-1 [205 kB]
Get:64 http://127.0.0.1:12990/debian sid/main amd64 libtasn1-6-dev amd64 4.16.0-2 [104 kB]
Get:65 http://127.0.0.1:12990/debian sid/main amd64 libgmpxx4ldbl amd64 2:6.2.0+dfsg-4 [23.0 kB]
Get:66 http://127.0.0.1:12990/debian sid/main amd64 libgmp-dev amd64 2:6.2.0+dfsg-4 [643 kB]
Get:67 http://127.0.0.1:12990/debian sid/main amd64 nettle-dev amd64 3.5.1+really3.5.1-2 [1115 kB]
Get:68 http://127.0.0.1:12990/debian sid/main amd64 libgnutls28-dev amd64 3.6.12-2 [1193 kB]
Get:69 http://127.0.0.1:12990/debian sid/main amd64 zlib1g-dev amd64 1:1.2.11.dfsg-2 [190 kB]
Get:70 http://127.0.0.1:12990/debian sid/main amd64 libmariadb-dev amd64 1:10.3.22-1 [1012 kB]
Get:71 http://127.0.0.1:12990/debian sid/main amd64 libmariadb-dev-compat amd64 1:10.3.22-1 [31.5 kB]
Get:72 http://127.0.0.1:12990/debian sid/main amd64 default-libmysqlclient-dev amd64 1.0.5 [3764 B]
Get:73 http://127.0.0.1:12990/debian sid/main amd64 dh-apparmor all 2.13.3-7 [72.4 kB]
Get:74 http://127.0.0.1:12990/debian sid/main amd64 dh-exec amd64 0.23.2 [26.6 kB]
Get:75 http://127.0.0.1:12990/debian sid/main amd64 libexporter-tiny-perl all 1.002001-1 [36.9 kB]
Get:76 http://127.0.0.1:12990/debian sid/main amd64 liblist-moreutils-perl amd64 0.416-1+b5 [63.6 kB]
Get:77 http://127.0.0.1:12990/debian sid/main amd64 xml2 amd64 0.5-3 [14.2 kB]
Get:78 http://127.0.0.1:12990/debian sid/main amd64 dh-php all 0.35 [14.0 kB]
Get:79 http://127.0.0.1:12990/debian sid/main amd64 python3-lib2to3 all 3.8.0-1 [78.3 kB]
Get:80 http://127.0.0.1:12990/debian sid/main amd64 python3-distutils all 3.8.0-1 [145 kB]
Get:81 http://127.0.0.1:12990/debian sid/main amd64 dh-python all 4.20191017 [94.4 kB]
Get:82 http://127.0.0.1:12990/debian sid/main amd64 xml-core all 0.18+nmu1 [23.8 kB]
Get:83 http://127.0.0.1:12990/debian sid/main amd64 sgml-data all 2.0.11 [179 kB]
Get:84 http://127.0.0.1:12990/debian sid/main amd64 docbook-xml all 4.5-9 [84.4 kB]
Get:85 http://127.0.0.1:12990/debian sid/main amd64 docbook-xsl all 1.79.1+dfsg-2 [1249 kB]
Get:86 http://127.0.0.1:12990/debian sid/main amd64 libgirepository-1.0-1 amd64 1.62.0-5 [95.3 kB]
Get:87 http://127.0.0.1:12990/debian sid/main amd64 gir1.2-glib-2.0 amd64 1.62.0-5 [146 kB]
Get:88 http://127.0.0.1:12990/debian sid/main amd64 libical3 amd64 3.0.7-2 [284 kB]
Get:89 http://127.0.0.1:12990/debian sid/main amd64 gir1.2-ical-3.0 amd64 3.0.7-2 [49.6 kB]
Get:90 http://127.0.0.1:12990/debian sid/main amd64 libgsoap-2.8.91 amd64 2.8.91-2 [282 kB]
Get:91 http://127.0.0.1:12990/debian sid/main amd64 gsoap amd64 2.8.91-2 [1454 kB]
Get:92 http://127.0.0.1:12990/debian sid/main amd64 icu-devtools amd64 63.2-2 [189 kB]
Get:93 http://127.0.0.1:12990/debian sid/main amd64 libkeyutils1 amd64 1.6.1-2 [15.4 kB]
Get:94 http://127.0.0.1:12990/debian sid/main amd64 libkrb5support0 amd64 1.17-6 [64.6 kB]
Get:95 http://127.0.0.1:12990/debian sid/main amd64 libk5crypto3 amd64 1.17-6 [116 kB]
Get:96 http://127.0.0.1:12990/debian sid/main amd64 libkrb5-3 amd64 1.17-6 [366 kB]
Get:97 http://127.0.0.1:12990/debian sid/main amd64 libgssapi-krb5-2 amd64 1.17-6 [156 kB]
Get:98 http://127.0.0.1:12990/debian sid/main amd64 libgssrpc4 amd64 1.17-6 [90.2 kB]
Get:99 http://127.0.0.1:12990/debian sid/main amd64 libkdb5-9 amd64 1.17-6 [72.3 kB]
Get:100 http://127.0.0.1:12990/debian sid/main amd64 libkadm5srv-mit11 amd64 1.17-6 [84.7 kB]
Get:101 http://127.0.0.1:12990/debian sid/main amd64 libkadm5clnt-mit11 amd64 1.17-6 [72.5 kB]
Get:102 http://127.0.0.1:12990/debian sid/main amd64 krb5-multidev amd64 1.17-6 [155 kB]
Get:103 http://127.0.0.1:12990/debian sid/main amd64 libargon2-1 amd64 0~20171227-0.2 [19.6 kB]
Get:104 http://127.0.0.1:12990/debian sid/main amd64 libbrotli1 amd64 1.0.7-6 [266 kB]
Get:105 http://127.0.0.1:12990/debian sid/main amd64 libsasl2-modules-db amd64 2.1.27+dfsg-2 [69.0 kB]
Get:106 http://127.0.0.1:12990/debian sid/main amd64 libsasl2-2 amd64 2.1.27+dfsg-2 [106 kB]
Get:107 http://127.0.0.1:12990/debian sid/main amd64 libldap-common all 2.4.49+dfsg-1 [91.9 kB]
Get:108 http://127.0.0.1:12990/debian sid/main amd64 libldap-2.4-2 amd64 2.4.49+dfsg-1 [226 kB]
Get:109 http://127.0.0.1:12990/debian sid/main amd64 libnghttp2-14 amd64 1.40.0-1 [85.0 kB]
Get:110 http://127.0.0.1:12990/debian sid/main amd64 libpsl5 amd64 0.20.2-2 [53.7 kB]
Get:111 http://127.0.0.1:12990/debian sid/main amd64 librtmp1 amd64 2.4+20151223.gitfa8646d.1-2+b1 [60.8 kB]
Get:112 http://127.0.0.1:12990/debian sid/main amd64 libssh2-1 amd64 1.8.0-2.1 [140 kB]
Get:113 http://127.0.0.1:12990/debian sid/main amd64 libcurl4 amd64 7.68.0-1 [321 kB]
Get:114 http://127.0.0.1:12990/debian sid/main amd64 libcurl4-openssl-dev amd64 7.68.0-1 [410 kB]
Get:115 http://127.0.0.1:12990/debian sid/main amd64 libdb5.3-dev amd64 5.3.28+dfsg1-0.6 [761 kB]
Get:116 http://127.0.0.1:12990/debian sid/main amd64 libdb-dev amd64 5.3.1+nmu1 [2500 B]
Get:117 http://127.0.0.1:12990/debian sid/main amd64 libexpat1-dev amd64 2.2.9-1 [136 kB]
Get:118 http://127.0.0.1:12990/debian sid/main amd64 libidn11 amd64 1.33-2.2 [116 kB]
Get:119 http://127.0.0.1:12990/debian sid/main amd64 libntlm0 amd64 1.5-2 [22.1 kB]
Get:120 http://127.0.0.1:12990/debian sid/main amd64 libgsasl7 amd64 1.8.1-1 [217 kB]
Get:121 http://127.0.0.1:12990/debian sid/main amd64 pkg-config amd64 0.29-6 [63.5 kB]
Get:122 http://127.0.0.1:12990/debian sid/main amd64 libidn11-dev amd64 1.33-2.2 [594 kB]
Get:123 http://127.0.0.1:12990/debian sid/main amd64 libntlm0-dev amd64 1.5-2 [26.4 kB]
Get:124 http://127.0.0.1:12990/debian sid/main amd64 libgsasl7-dev amd64 1.8.1-1 [275 kB]
Get:125 http://127.0.0.1:12990/debian sid/main amd64 libgsoap-dev amd64 2.8.91-2 [281 kB]
Get:126 http://127.0.0.1:12990/debian sid/main amd64 libhx28 amd64 3.24-1 [41.2 kB]
Get:127 http://127.0.0.1:12990/debian sid/main amd64 libhx-dev amd64 3.24-1 [52.8 kB]
Get:128 http://127.0.0.1:12990/debian sid/main amd64 libicu-dev amd64 63.2-2 [9190 kB]
Get:129 http://127.0.0.1:12990/debian sid/main amd64 libical-dev amd64 3.0.7-2 [445 kB]
Get:130 http://127.0.0.1:12990/debian sid/main amd64 libjsoncpp1 amd64 1.7.4-3.1 [77.6 kB]
Get:131 http://127.0.0.1:12990/debian sid/main amd64 libjsoncpp-dev amd64 1.7.4-3.1 [93.0 kB]
Get:132 http://127.0.0.1:12990/debian sid/main amd64 libkrb5-dev amd64 1.17-6 [46.4 kB]
Get:133 http://127.0.0.1:12990/debian sid/main amd64 libldap2-dev amd64 2.4.49+dfsg-1 [334 kB]
Get:134 http://127.0.0.1:12990/debian sid/main amd64 libncurses6 amd64 6.1+20191019-1 [102 kB]
Get:135 http://127.0.0.1:12990/debian sid/main amd64 libncurses-dev amd64 6.1+20191019-1 [337 kB]
Get:136 http://127.0.0.1:12990/debian sid/main amd64 libncurses5-dev amd64 6.1+20191019-1 [940 B]
Get:137 http://127.0.0.1:12990/debian sid/main amd64 libpam0g-dev amd64 1.3.1-5 [186 kB]
Get:138 http://127.0.0.1:12990/debian sid/main amd64 libpcre2-16-0 amd64 10.34-7 [219 kB]
Get:139 http://127.0.0.1:12990/debian sid/main amd64 libpcre2-32-0 amd64 10.34-7 [208 kB]
Get:140 http://127.0.0.1:12990/debian sid/main amd64 libpcre2-posix2 amd64 10.34-7 [45.2 kB]
Get:141 http://127.0.0.1:12990/debian sid/main amd64 libpcre2-dev amd64 10.34-7 [709 kB]
Get:142 http://127.0.0.1:12990/debian sid/main amd64 libpython3.7 amd64 3.7.6-1+b1 [1484 kB]
Get:143 http://127.0.0.1:12990/debian sid/main amd64 libpython3.7-dev amd64 3.7.6-1+b1 [41.4 MB]
Get:144 http://127.0.0.1:12990/debian sid/main amd64 libpython3-dev amd64 3.7.5-3 [20.3 kB]
Get:145 http://127.0.0.1:12990/debian sid/main amd64 libsodium23 amd64 1.0.18-1 [161 kB]
Get:146 http://127.0.0.1:12990/debian sid/main amd64 libssl-dev amd64 1.1.1d-2 [1797 kB]
Get:147 http://127.0.0.1:12990/debian sid/main amd64 libvmime1 amd64 0.9.2-5+b2 [1182 kB]
Get:148 http://127.0.0.1:12990/debian sid/main amd64 libvmime-dev amd64 0.9.2-5+b2 [2346 kB]
Get:149 http://127.0.0.1:12990/debian sid/main amd64 libxml2-dev amd64 2.9.10+dfsg-3 [805 kB]
Get:150 http://127.0.0.1:12990/debian sid/main amd64 libxml2-utils amd64 2.9.10+dfsg-3 [108 kB]
Get:151 http://127.0.0.1:12990/debian sid/main amd64 libxslt1.1 amd64 1.1.34-3 [239 kB]
Get:152 http://127.0.0.1:12990/debian sid/main amd64 psmisc amd64 23.3-1 [131 kB]
Get:153 http://127.0.0.1:12990/debian sid/main amd64 php-common all 2:73 [15.4 kB]
Get:154 http://127.0.0.1:12990/debian sid/main amd64 php7.4-common amd64 7.4.3-4 [1001 kB]
Get:155 http://127.0.0.1:12990/debian sid/main amd64 php7.4-json amd64 7.4.3-4 [19.0 kB]
Get:156 http://127.0.0.1:12990/debian sid/main amd64 php7.4-opcache amd64 7.4.3-4 [198 kB]
Get:157 http://127.0.0.1:12990/debian sid/main amd64 php7.4-readline amd64 7.4.3-4 [12.4 kB]
Get:158 http://127.0.0.1:12990/debian sid/main amd64 php7.4-cli amd64 7.4.3-4 [1418 kB]
Get:159 http://127.0.0.1:12990/debian sid/main amd64 shtool all 2.0.8-10 [135 kB]
Get:160 http://127.0.0.1:12990/debian sid/main amd64 php7.4-dev amd64 7.4.3-4 [538 kB]
Get:161 http://127.0.0.1:12990/debian sid/main amd64 php-dev all 2:7.4+73 [6192 B]
Get:162 http://127.0.0.1:12990/debian sid/main amd64 python3.7-dev amd64 3.7.6-1+b1 [518 kB]
Get:163 http://127.0.0.1:12990/debian sid/main amd64 python3-dev amd64 3.7.5-3 [1260 B]
Get:164 http://127.0.0.1:12990/debian sid/main amd64 python3-pkg-resources all 44.0.0-1 [155 kB]
Get:165 http://127.0.0.1:12990/debian sid/main amd64 python3-setuptools all 44.0.0-1 [313 kB]
Get:166 http://127.0.0.1:12990/debian sid/main amd64 swig4.0 amd64 4.0.1-5 [1402 kB]
Get:167 http://127.0.0.1:12990/debian sid/main amd64 swig all 4.0.1-5 [329 kB]
Get:168 http://127.0.0.1:12990/debian sid/main amd64 uuid-dev amd64 2.34-0.1 [93.5 kB]
Get:169 http://127.0.0.1:12990/debian sid/main amd64 xsltproc amd64 1.1.34-3 [124 kB]
Get:170 http://127.0.0.1:12990/debian sid/main amd64 xmlto amd64 0.0.28-2.1 [33.6 kB]
debconf: delaying package configuration, since apt-utils is not installed
Fetched 112 MB in 1s (87.5 MB/s)
Selecting previously unselected package bsdmainutils.
(Reading database ... 13887 files and directories currently installed.)
Preparing to unpack .../00-bsdmainutils_11.1.2+b1_amd64.deb ...
Unpacking bsdmainutils (11.1.2+b1) ...
Selecting previously unselected package libuchardet0:amd64.
Preparing to unpack .../01-libuchardet0_0.0.6-3_amd64.deb ...
Unpacking libuchardet0:amd64 (0.0.6-3) ...
Selecting previously unselected package groff-base.
Preparing to unpack .../02-groff-base_1.22.4-4_amd64.deb ...
Unpacking groff-base (1.22.4-4) ...
Selecting previously unselected package libpipeline1:amd64.
Preparing to unpack .../03-libpipeline1_1.5.2-2_amd64.deb ...
Unpacking libpipeline1:amd64 (1.5.2-2) ...
Selecting previously unselected package man-db.
Preparing to unpack .../04-man-db_2.9.0-2_amd64.deb ...
Unpacking man-db (2.9.0-2) ...
Selecting previously unselected package libsigsegv2:amd64.
Preparing to unpack .../05-libsigsegv2_2.12-2_amd64.deb ...
Unpacking libsigsegv2:amd64 (2.12-2) ...
Selecting previously unselected package m4.
Preparing to unpack .../06-m4_1.4.18-4_amd64.deb ...
Unpacking m4 (1.4.18-4) ...
Selecting previously unselected package flex.
Preparing to unpack .../07-flex_2.6.4-6.2_amd64.deb ...
Unpacking flex (2.6.4-6.2) ...
Selecting previously unselected package libssl1.1:amd64.
Preparing to unpack .../08-libssl1.1_1.1.1d-2_amd64.deb ...
Unpacking libssl1.1:amd64 (1.1.1d-2) ...
Selecting previously unselected package libpython3.7-minimal:amd64.
Preparing to unpack .../09-libpython3.7-minimal_3.7.6-1+b1_amd64.deb ...
Unpacking libpython3.7-minimal:amd64 (3.7.6-1+b1) ...
Selecting previously unselected package libexpat1:amd64.
Preparing to unpack .../10-libexpat1_2.2.9-1_amd64.deb ...
Unpacking libexpat1:amd64 (2.2.9-1) ...
Selecting previously unselected package python3.7-minimal.
Preparing to unpack .../11-python3.7-minimal_3.7.6-1+b1_amd64.deb ...
Unpacking python3.7-minimal (3.7.6-1+b1) ...
Setting up libssl1.1:amd64 (1.1.1d-2) ...
Setting up libpython3.7-minimal:amd64 (3.7.6-1+b1) ...
Setting up libexpat1:amd64 (2.2.9-1) ...
Setting up python3.7-minimal (3.7.6-1+b1) ...
Selecting previously unselected package python3-minimal.
(Reading database ... 14963 files and directories currently installed.)
Preparing to unpack .../0-python3-minimal_3.7.5-3_amd64.deb ...
Unpacking python3-minimal (3.7.5-3) ...
Selecting previously unselected package mime-support.
Preparing to unpack .../1-mime-support_3.64_all.deb ...
Unpacking mime-support (3.64) ...
Selecting previously unselected package libmpdec2:amd64.
Preparing to unpack .../2-libmpdec2_2.4.2-2_amd64.deb ...
Unpacking libmpdec2:amd64 (2.4.2-2) ...
Selecting previously unselected package readline-common.
Preparing to unpack .../3-readline-common_8.0-3_all.deb ...
Unpacking readline-common (8.0-3) ...
Selecting previously unselected package libreadline8:amd64.
Preparing to unpack .../4-libreadline8_8.0-3_amd64.deb ...
Unpacking libreadline8:amd64 (8.0-3) ...
Selecting previously unselected package libsqlite3-0:amd64.
Preparing to unpack .../5-libsqlite3-0_3.31.1-3_amd64.deb ...
Unpacking libsqlite3-0:amd64 (3.31.1-3) ...
Selecting previously unselected package libpython3.7-stdlib:amd64.
Preparing to unpack .../6-libpython3.7-stdlib_3.7.6-1+b1_amd64.deb ...
Unpacking libpython3.7-stdlib:amd64 (3.7.6-1+b1) ...
Selecting previously unselected package python3.7.
Preparing to unpack .../7-python3.7_3.7.6-1+b1_amd64.deb ...
Unpacking python3.7 (3.7.6-1+b1) ...
Selecting previously unselected package libpython3-stdlib:amd64.
Preparing to unpack .../8-libpython3-stdlib_3.7.5-3_amd64.deb ...
Unpacking libpython3-stdlib:amd64 (3.7.5-3) ...
Setting up python3-minimal (3.7.5-3) ...
Selecting previously unselected package python3.
(Reading database ... 15434 files and directories currently installed.)
Preparing to unpack .../000-python3_3.7.5-3_amd64.deb ...
Unpacking python3 (3.7.5-3) ...
Selecting previously unselected package sgml-base.
Preparing to unpack .../001-sgml-base_1.29.1_all.deb ...
Unpacking sgml-base (1.29.1) ...
Selecting previously unselected package sensible-utils.
Preparing to unpack .../002-sensible-utils_0.0.12+nmu1_all.deb ...
Unpacking sensible-utils (0.0.12+nmu1) ...
Selecting previously unselected package libmagic-mgc.
Preparing to unpack .../003-libmagic-mgc_1%3a5.38-4_amd64.deb ...
Unpacking libmagic-mgc (1:5.38-4) ...
Selecting previously unselected package libmagic1:amd64.
Preparing to unpack .../004-libmagic1_1%3a5.38-4_amd64.deb ...
Unpacking libmagic1:amd64 (1:5.38-4) ...
Selecting previously unselected package file.
Preparing to unpack .../005-file_1%3a5.38-4_amd64.deb ...
Unpacking file (1:5.38-4) ...
Selecting previously unselected package gettext-base.
Preparing to unpack .../006-gettext-base_0.19.8.1-10_amd64.deb ...
Unpacking gettext-base (0.19.8.1-10) ...
Selecting previously unselected package ucf.
Preparing to unpack .../007-ucf_3.0038+nmu1_all.deb ...
Moving old data out of the way
Unpacking ucf (3.0038+nmu1) ...
Selecting previously unselected package autoconf.
Preparing to unpack .../008-autoconf_2.69-11.1_all.deb ...
Unpacking autoconf (2.69-11.1) ...
Selecting previously unselected package autotools-dev.
Preparing to unpack .../009-autotools-dev_20180224.1_all.deb ...
Unpacking autotools-dev (20180224.1) ...
Selecting previously unselected package automake.
Preparing to unpack .../010-automake_1%3a1.16.1-4_all.deb ...
Unpacking automake (1:1.16.1-4) ...
Selecting previously unselected package autopoint.
Preparing to unpack .../011-autopoint_0.19.8.1-10_all.deb ...
Unpacking autopoint (0.19.8.1-10) ...
Selecting previously unselected package bison.
Preparing to unpack .../012-bison_2%3a3.5.1+dfsg-1_amd64.deb ...
Unpacking bison (2:3.5.1+dfsg-1) ...
Selecting previously unselected package comerr-dev:amd64.
Preparing to unpack .../013-comerr-dev_2.1-1.45.5-2_amd64.deb ...
Unpacking comerr-dev:amd64 (2.1-1.45.5-2) ...
Selecting previously unselected package libtool.
Preparing to unpack .../014-libtool_2.4.6-13_all.deb ...
Unpacking libtool (2.4.6-13) ...
Selecting previously unselected package dh-autoreconf.
Preparing to unpack .../015-dh-autoreconf_19_all.deb ...
Unpacking dh-autoreconf (19) ...
Selecting previously unselected package libdebhelper-perl.
Preparing to unpack .../016-libdebhelper-perl_12.9_all.deb ...
Unpacking libdebhelper-perl (12.9) ...
Selecting previously unselected package libarchive-zip-perl.
Preparing to unpack .../017-libarchive-zip-perl_1.67-1_all.deb ...
Unpacking libarchive-zip-perl (1.67-1) ...
Selecting previously unselected package libsub-override-perl.
Preparing to unpack .../018-libsub-override-perl_0.09-2_all.deb ...
Unpacking libsub-override-perl (0.09-2) ...
Selecting previously unselected package libfile-stripnondeterminism-perl.
Preparing to unpack .../019-libfile-stripnondeterminism-perl_1.6.3-2_all.deb ...
Unpacking libfile-stripnondeterminism-perl (1.6.3-2) ...
Selecting previously unselected package dh-strip-nondeterminism.
Preparing to unpack .../020-dh-strip-nondeterminism_1.6.3-2_all.deb ...
Unpacking dh-strip-nondeterminism (1.6.3-2) ...
Selecting previously unselected package libelf1:amd64.
Preparing to unpack .../021-libelf1_0.176-1.1_amd64.deb ...
Unpacking libelf1:amd64 (0.176-1.1) ...
Selecting previously unselected package dwz.
Preparing to unpack .../022-dwz_0.13-5_amd64.deb ...
Unpacking dwz (0.13-5) ...
Selecting previously unselected package libglib2.0-0:amd64.
Preparing to unpack .../023-libglib2.0-0_2.62.4-2_amd64.deb ...
Unpacking libglib2.0-0:amd64 (2.62.4-2) ...
Selecting previously unselected package libicu63:amd64.
Preparing to unpack .../024-libicu63_63.2-2_amd64.deb ...
Unpacking libicu63:amd64 (63.2-2) ...
Selecting previously unselected package libxml2:amd64.
Preparing to unpack .../025-libxml2_2.9.10+dfsg-3_amd64.deb ...
Unpacking libxml2:amd64 (2.9.10+dfsg-3) ...
Selecting previously unselected package libcroco3:amd64.
Preparing to unpack .../026-libcroco3_0.6.13-1_amd64.deb ...
Unpacking libcroco3:amd64 (0.6.13-1) ...
Selecting previously unselected package gettext.
Preparing to unpack .../027-gettext_0.19.8.1-10_amd64.deb ...
Unpacking gettext (0.19.8.1-10) ...
Selecting previously unselected package intltool-debian.
Preparing to unpack .../028-intltool-debian_0.35.0+20060710.5_all.deb ...
Unpacking intltool-debian (0.35.0+20060710.5) ...
Selecting previously unselected package po-debconf.
Preparing to unpack .../029-po-debconf_1.0.21_all.deb ...
Unpacking po-debconf (1.0.21) ...
Selecting previously unselected package debhelper.
Preparing to unpack .../030-debhelper_12.9_all.deb ...
Unpacking debhelper (12.9) ...
Selecting previously unselected package mysql-common.
Preparing to unpack .../031-mysql-common_5.8+1.0.5_all.deb ...
Unpacking mysql-common (5.8+1.0.5) ...
Selecting previously unselected package mariadb-common.
Preparing to unpack .../032-mariadb-common_1%3a10.3.22-1_all.deb ...
Unpacking mariadb-common (1:10.3.22-1) ...
Selecting previously unselected package libmariadb3:amd64.
Preparing to unpack .../033-libmariadb3_1%3a10.3.22-1_amd64.deb ...
Unpacking libmariadb3:amd64 (1:10.3.22-1) ...
Selecting previously unselected package libevent-2.1-7:amd64.
Preparing to unpack .../034-libevent-2.1-7_2.1.11-stable-1_amd64.deb ...
Unpacking libevent-2.1-7:amd64 (2.1.11-stable-1) ...
Selecting previously unselected package libunbound8:amd64.
Preparing to unpack .../035-libunbound8_1.9.6-2_amd64.deb ...
Unpacking libunbound8:amd64 (1.9.6-2) ...
Selecting previously unselected package libgnutls-dane0:amd64.
Preparing to unpack .../036-libgnutls-dane0_3.6.12-2_amd64.deb ...
Unpacking libgnutls-dane0:amd64 (3.6.12-2) ...
Selecting previously unselected package libgnutls-openssl27:amd64.
Preparing to unpack .../037-libgnutls-openssl27_3.6.12-2_amd64.deb ...
Unpacking libgnutls-openssl27:amd64 (3.6.12-2) ...
Selecting previously unselected package libgnutlsxx28:amd64.
Preparing to unpack .../038-libgnutlsxx28_3.6.12-2_amd64.deb ...
Unpacking libgnutlsxx28:amd64 (3.6.12-2) ...
Selecting previously unselected package libidn2-dev:amd64.
Preparing to unpack .../039-libidn2-dev_2.2.0-2_amd64.deb ...
Unpacking libidn2-dev:amd64 (2.2.0-2) ...
Selecting previously unselected package libp11-kit-dev:amd64.
Preparing to unpack .../040-libp11-kit-dev_0.23.20-1_amd64.deb ...
Unpacking libp11-kit-dev:amd64 (0.23.20-1) ...
Selecting previously unselected package libtasn1-6-dev:amd64.
Preparing to unpack .../041-libtasn1-6-dev_4.16.0-2_amd64.deb ...
Unpacking libtasn1-6-dev:amd64 (4.16.0-2) ...
Selecting previously unselected package libgmpxx4ldbl:amd64.
Preparing to unpack .../042-libgmpxx4ldbl_2%3a6.2.0+dfsg-4_amd64.deb ...
Unpacking libgmpxx4ldbl:amd64 (2:6.2.0+dfsg-4) ...
Selecting previously unselected package libgmp-dev:amd64.
Preparing to unpack .../043-libgmp-dev_2%3a6.2.0+dfsg-4_amd64.deb ...
Unpacking libgmp-dev:amd64 (2:6.2.0+dfsg-4) ...
Selecting previously unselected package nettle-dev:amd64.
Preparing to unpack .../044-nettle-dev_3.5.1+really3.5.1-2_amd64.deb ...
Unpacking nettle-dev:amd64 (3.5.1+really3.5.1-2) ...
Selecting previously unselected package libgnutls28-dev:amd64.
Preparing to unpack .../045-libgnutls28-dev_3.6.12-2_amd64.deb ...
Unpacking libgnutls28-dev:amd64 (3.6.12-2) ...
Selecting previously unselected package zlib1g-dev:amd64.
Preparing to unpack .../046-zlib1g-dev_1%3a1.2.11.dfsg-2_amd64.deb ...
Unpacking zlib1g-dev:amd64 (1:1.2.11.dfsg-2) ...
Selecting previously unselected package libmariadb-dev.
Preparing to unpack .../047-libmariadb-dev_1%3a10.3.22-1_amd64.deb ...
Unpacking libmariadb-dev (1:10.3.22-1) ...
Selecting previously unselected package libmariadb-dev-compat:amd64.
Preparing to unpack .../048-libmariadb-dev-compat_1%3a10.3.22-1_amd64.deb ...
Unpacking libmariadb-dev-compat:amd64 (1:10.3.22-1) ...
Selecting previously unselected package default-libmysqlclient-dev:amd64.
Preparing to unpack .../049-default-libmysqlclient-dev_1.0.5_amd64.deb ...
Unpacking default-libmysqlclient-dev:amd64 (1.0.5) ...
Selecting previously unselected package dh-apparmor.
Preparing to unpack .../050-dh-apparmor_2.13.3-7_all.deb ...
Unpacking dh-apparmor (2.13.3-7) ...
Selecting previously unselected package dh-exec.
Preparing to unpack .../051-dh-exec_0.23.2_amd64.deb ...
Unpacking dh-exec (0.23.2) ...
Selecting previously unselected package libexporter-tiny-perl.
Preparing to unpack .../052-libexporter-tiny-perl_1.002001-1_all.deb ...
Unpacking libexporter-tiny-perl (1.002001-1) ...
Selecting previously unselected package liblist-moreutils-perl.
Preparing to unpack .../053-liblist-moreutils-perl_0.416-1+b5_amd64.deb ...
Unpacking liblist-moreutils-perl (0.416-1+b5) ...
Selecting previously unselected package xml2.
Preparing to unpack .../054-xml2_0.5-3_amd64.deb ...
Unpacking xml2 (0.5-3) ...
Selecting previously unselected package dh-php.
Preparing to unpack .../055-dh-php_0.35_all.deb ...
Unpacking dh-php (0.35) ...
Selecting previously unselected package python3-lib2to3.
Preparing to unpack .../056-python3-lib2to3_3.8.0-1_all.deb ...
Unpacking python3-lib2to3 (3.8.0-1) ...
Selecting previously unselected package python3-distutils.
Preparing to unpack .../057-python3-distutils_3.8.0-1_all.deb ...
Unpacking python3-distutils (3.8.0-1) ...
Selecting previously unselected package dh-python.
Preparing to unpack .../058-dh-python_4.20191017_all.deb ...
Unpacking dh-python (4.20191017) ...
Selecting previously unselected package xml-core.
Preparing to unpack .../059-xml-core_0.18+nmu1_all.deb ...
Unpacking xml-core (0.18+nmu1) ...
Selecting previously unselected package sgml-data.
Preparing to unpack .../060-sgml-data_2.0.11_all.deb ...
Unpacking sgml-data (2.0.11) ...
Selecting previously unselected package docbook-xml.
Preparing to unpack .../061-docbook-xml_4.5-9_all.deb ...
Unpacking docbook-xml (4.5-9) ...
Selecting previously unselected package docbook-xsl.
Preparing to unpack .../062-docbook-xsl_1.79.1+dfsg-2_all.deb ...
Unpacking docbook-xsl (1.79.1+dfsg-2) ...
Selecting previously unselected package libgirepository-1.0-1:amd64.
Preparing to unpack .../063-libgirepository-1.0-1_1.62.0-5_amd64.deb ...
Unpacking libgirepository-1.0-1:amd64 (1.62.0-5) ...
Selecting previously unselected package gir1.2-glib-2.0:amd64.
Preparing to unpack .../064-gir1.2-glib-2.0_1.62.0-5_amd64.deb ...
Unpacking gir1.2-glib-2.0:amd64 (1.62.0-5) ...
Selecting previously unselected package libical3:amd64.
Preparing to unpack .../065-libical3_3.0.7-2_amd64.deb ...
Unpacking libical3:amd64 (3.0.7-2) ...
Selecting previously unselected package gir1.2-ical-3.0:amd64.
Preparing to unpack .../066-gir1.2-ical-3.0_3.0.7-2_amd64.deb ...
Unpacking gir1.2-ical-3.0:amd64 (3.0.7-2) ...
Selecting previously unselected package libgsoap-2.8.91:amd64.
Preparing to unpack .../067-libgsoap-2.8.91_2.8.91-2_amd64.deb ...
Unpacking libgsoap-2.8.91:amd64 (2.8.91-2) ...
Selecting previously unselected package gsoap.
Preparing to unpack .../068-gsoap_2.8.91-2_amd64.deb ...
Unpacking gsoap (2.8.91-2) ...
Selecting previously unselected package icu-devtools.
Preparing to unpack .../069-icu-devtools_63.2-2_amd64.deb ...
Unpacking icu-devtools (63.2-2) ...
Selecting previously unselected package libkeyutils1:amd64.
Preparing to unpack .../070-libkeyutils1_1.6.1-2_amd64.deb ...
Unpacking libkeyutils1:amd64 (1.6.1-2) ...
Selecting previously unselected package libkrb5support0:amd64.
Preparing to unpack .../071-libkrb5support0_1.17-6_amd64.deb ...
Unpacking libkrb5support0:amd64 (1.17-6) ...
Selecting previously unselected package libk5crypto3:amd64.
Preparing to unpack .../072-libk5crypto3_1.17-6_amd64.deb ...
Unpacking libk5crypto3:amd64 (1.17-6) ...
Selecting previously unselected package libkrb5-3:amd64.
Preparing to unpack .../073-libkrb5-3_1.17-6_amd64.deb ...
Unpacking libkrb5-3:amd64 (1.17-6) ...
Selecting previously unselected package libgssapi-krb5-2:amd64.
Preparing to unpack .../074-libgssapi-krb5-2_1.17-6_amd64.deb ...
Unpacking libgssapi-krb5-2:amd64 (1.17-6) ...
Selecting previously unselected package libgssrpc4:amd64.
Preparing to unpack .../075-libgssrpc4_1.17-6_amd64.deb ...
Unpacking libgssrpc4:amd64 (1.17-6) ...
Selecting previously unselected package libkdb5-9:amd64.
Preparing to unpack .../076-libkdb5-9_1.17-6_amd64.deb ...
Unpacking libkdb5-9:amd64 (1.17-6) ...
Selecting previously unselected package libkadm5srv-mit11:amd64.
Preparing to unpack .../077-libkadm5srv-mit11_1.17-6_amd64.deb ...
Unpacking libkadm5srv-mit11:amd64 (1.17-6) ...
Selecting previously unselected package libkadm5clnt-mit11:amd64.
Preparing to unpack .../078-libkadm5clnt-mit11_1.17-6_amd64.deb ...
Unpacking libkadm5clnt-mit11:amd64 (1.17-6) ...
Selecting previously unselected package krb5-multidev:amd64.
Preparing to unpack .../079-krb5-multidev_1.17-6_amd64.deb ...
Unpacking krb5-multidev:amd64 (1.17-6) ...
Selecting previously unselected package libargon2-1:amd64.
Preparing to unpack .../080-libargon2-1_0~20171227-0.2_amd64.deb ...
Unpacking libargon2-1:amd64 (0~20171227-0.2) ...
Selecting previously unselected package libbrotli1:amd64.
Preparing to unpack .../081-libbrotli1_1.0.7-6_amd64.deb ...
Unpacking libbrotli1:amd64 (1.0.7-6) ...
Selecting previously unselected package libsasl2-modules-db:amd64.
Preparing to unpack .../082-libsasl2-modules-db_2.1.27+dfsg-2_amd64.deb ...
Unpacking libsasl2-modules-db:amd64 (2.1.27+dfsg-2) ...
Selecting previously unselected package libsasl2-2:amd64.
Preparing to unpack .../083-libsasl2-2_2.1.27+dfsg-2_amd64.deb ...
Unpacking libsasl2-2:amd64 (2.1.27+dfsg-2) ...
Selecting previously unselected package libldap-common.
Preparing to unpack .../084-libldap-common_2.4.49+dfsg-1_all.deb ...
Unpacking libldap-common (2.4.49+dfsg-1) ...
Selecting previously unselected package libldap-2.4-2:amd64.
Preparing to unpack .../085-libldap-2.4-2_2.4.49+dfsg-1_amd64.deb ...
Unpacking libldap-2.4-2:amd64 (2.4.49+dfsg-1) ...
Selecting previously unselected package libnghttp2-14:amd64.
Preparing to unpack .../086-libnghttp2-14_1.40.0-1_amd64.deb ...
Unpacking libnghttp2-14:amd64 (1.40.0-1) ...
Selecting previously unselected package libpsl5:amd64.
Preparing to unpack .../087-libpsl5_0.20.2-2_amd64.deb ...
Unpacking libpsl5:amd64 (0.20.2-2) ...
Selecting previously unselected package librtmp1:amd64.
Preparing to unpack .../088-librtmp1_2.4+20151223.gitfa8646d.1-2+b1_amd64.deb ...
Unpacking librtmp1:amd64 (2.4+20151223.gitfa8646d.1-2+b1) ...
Selecting previously unselected package libssh2-1:amd64.
Preparing to unpack .../089-libssh2-1_1.8.0-2.1_amd64.deb ...
Unpacking libssh2-1:amd64 (1.8.0-2.1) ...
Selecting previously unselected package libcurl4:amd64.
Preparing to unpack .../090-libcurl4_7.68.0-1_amd64.deb ...
Unpacking libcurl4:amd64 (7.68.0-1) ...
Selecting previously unselected package libcurl4-openssl-dev:amd64.
Preparing to unpack .../091-libcurl4-openssl-dev_7.68.0-1_amd64.deb ...
Unpacking libcurl4-openssl-dev:amd64 (7.68.0-1) ...
Selecting previously unselected package libdb5.3-dev.
Preparing to unpack .../092-libdb5.3-dev_5.3.28+dfsg1-0.6_amd64.deb ...
Unpacking libdb5.3-dev (5.3.28+dfsg1-0.6) ...
Selecting previously unselected package libdb-dev:amd64.
Preparing to unpack .../093-libdb-dev_5.3.1+nmu1_amd64.deb ...
Unpacking libdb-dev:amd64 (5.3.1+nmu1) ...
Selecting previously unselected package libexpat1-dev:amd64.
Preparing to unpack .../094-libexpat1-dev_2.2.9-1_amd64.deb ...
Unpacking libexpat1-dev:amd64 (2.2.9-1) ...
Selecting previously unselected package libidn11:amd64.
Preparing to unpack .../095-libidn11_1.33-2.2_amd64.deb ...
Unpacking libidn11:amd64 (1.33-2.2) ...
Selecting previously unselected package libntlm0:amd64.
Preparing to unpack .../096-libntlm0_1.5-2_amd64.deb ...
Unpacking libntlm0:amd64 (1.5-2) ...
Selecting previously unselected package libgsasl7:amd64.
Preparing to unpack .../097-libgsasl7_1.8.1-1_amd64.deb ...
Unpacking libgsasl7:amd64 (1.8.1-1) ...
Selecting previously unselected package pkg-config.
Preparing to unpack .../098-pkg-config_0.29-6_amd64.deb ...
Unpacking pkg-config (0.29-6) ...
Selecting previously unselected package libidn11-dev:amd64.
Preparing to unpack .../099-libidn11-dev_1.33-2.2_amd64.deb ...
Unpacking libidn11-dev:amd64 (1.33-2.2) ...
Selecting previously unselected package libntlm0-dev:amd64.
Preparing to unpack .../100-libntlm0-dev_1.5-2_amd64.deb ...
Unpacking libntlm0-dev:amd64 (1.5-2) ...
Selecting previously unselected package libgsasl7-dev:amd64.
Preparing to unpack .../101-libgsasl7-dev_1.8.1-1_amd64.deb ...
Unpacking libgsasl7-dev:amd64 (1.8.1-1) ...
Selecting previously unselected package libgsoap-dev:amd64.
Preparing to unpack .../102-libgsoap-dev_2.8.91-2_amd64.deb ...
Unpacking libgsoap-dev:amd64 (2.8.91-2) ...
Selecting previously unselected package libhx28:amd64.
Preparing to unpack .../103-libhx28_3.24-1_amd64.deb ...
Unpacking libhx28:amd64 (3.24-1) ...
Selecting previously unselected package libhx-dev.
Preparing to unpack .../104-libhx-dev_3.24-1_amd64.deb ...
Unpacking libhx-dev (3.24-1) ...
Selecting previously unselected package libicu-dev:amd64.
Preparing to unpack .../105-libicu-dev_63.2-2_amd64.deb ...
Unpacking libicu-dev:amd64 (63.2-2) ...
Selecting previously unselected package libical-dev:amd64.
Preparing to unpack .../106-libical-dev_3.0.7-2_amd64.deb ...
Unpacking libical-dev:amd64 (3.0.7-2) ...
Selecting previously unselected package libjsoncpp1:amd64.
Preparing to unpack .../107-libjsoncpp1_1.7.4-3.1_amd64.deb ...
Unpacking libjsoncpp1:amd64 (1.7.4-3.1) ...
Selecting previously unselected package libjsoncpp-dev:amd64.
Preparing to unpack .../108-libjsoncpp-dev_1.7.4-3.1_amd64.deb ...
Unpacking libjsoncpp-dev:amd64 (1.7.4-3.1) ...
Selecting previously unselected package libkrb5-dev:amd64.
Preparing to unpack .../109-libkrb5-dev_1.17-6_amd64.deb ...
Unpacking libkrb5-dev:amd64 (1.17-6) ...
Selecting previously unselected package libldap2-dev:amd64.
Preparing to unpack .../110-libldap2-dev_2.4.49+dfsg-1_amd64.deb ...
Unpacking libldap2-dev:amd64 (2.4.49+dfsg-1) ...
Selecting previously unselected package libncurses6:amd64.
Preparing to unpack .../111-libncurses6_6.1+20191019-1_amd64.deb ...
Unpacking libncurses6:amd64 (6.1+20191019-1) ...
Selecting previously unselected package libncurses-dev:amd64.
Preparing to unpack .../112-libncurses-dev_6.1+20191019-1_amd64.deb ...
Unpacking libncurses-dev:amd64 (6.1+20191019-1) ...
Selecting previously unselected package libncurses5-dev:amd64.
Preparing to unpack .../113-libncurses5-dev_6.1+20191019-1_amd64.deb ...
Unpacking libncurses5-dev:amd64 (6.1+20191019-1) ...
Selecting previously unselected package libpam0g-dev:amd64.
Preparing to unpack .../114-libpam0g-dev_1.3.1-5_amd64.deb ...
Unpacking libpam0g-dev:amd64 (1.3.1-5) ...
Selecting previously unselected package libpcre2-16-0:amd64.
Preparing to unpack .../115-libpcre2-16-0_10.34-7_amd64.deb ...
Unpacking libpcre2-16-0:amd64 (10.34-7) ...
Selecting previously unselected package libpcre2-32-0:amd64.
Preparing to unpack .../116-libpcre2-32-0_10.34-7_amd64.deb ...
Unpacking libpcre2-32-0:amd64 (10.34-7) ...
Selecting previously unselected package libpcre2-posix2:amd64.
Preparing to unpack .../117-libpcre2-posix2_10.34-7_amd64.deb ...
Unpacking libpcre2-posix2:amd64 (10.34-7) ...
Selecting previously unselected package libpcre2-dev:amd64.
Preparing to unpack .../118-libpcre2-dev_10.34-7_amd64.deb ...
Unpacking libpcre2-dev:amd64 (10.34-7) ...
Selecting previously unselected package libpython3.7:amd64.
Preparing to unpack .../119-libpython3.7_3.7.6-1+b1_amd64.deb ...
Unpacking libpython3.7:amd64 (3.7.6-1+b1) ...
Selecting previously unselected package libpython3.7-dev:amd64.
Preparing to unpack .../120-libpython3.7-dev_3.7.6-1+b1_amd64.deb ...
Unpacking libpython3.7-dev:amd64 (3.7.6-1+b1) ...
Selecting previously unselected package libpython3-dev:amd64.
Preparing to unpack .../121-libpython3-dev_3.7.5-3_amd64.deb ...
Unpacking libpython3-dev:amd64 (3.7.5-3) ...
Selecting previously unselected package libsodium23:amd64.
Preparing to unpack .../122-libsodium23_1.0.18-1_amd64.deb ...
Unpacking libsodium23:amd64 (1.0.18-1) ...
Selecting previously unselected package libssl-dev:amd64.
Preparing to unpack .../123-libssl-dev_1.1.1d-2_amd64.deb ...
Unpacking libssl-dev:amd64 (1.1.1d-2) ...
Selecting previously unselected package libvmime1:amd64.
Preparing to unpack .../124-libvmime1_0.9.2-5+b2_amd64.deb ...
Unpacking libvmime1:amd64 (0.9.2-5+b2) ...
Selecting previously unselected package libvmime-dev.
Preparing to unpack .../125-libvmime-dev_0.9.2-5+b2_amd64.deb ...
Unpacking libvmime-dev (0.9.2-5+b2) ...
Selecting previously unselected package libxml2-dev:amd64.
Preparing to unpack .../126-libxml2-dev_2.9.10+dfsg-3_amd64.deb ...
Unpacking libxml2-dev:amd64 (2.9.10+dfsg-3) ...
Selecting previously unselected package libxml2-utils.
Preparing to unpack .../127-libxml2-utils_2.9.10+dfsg-3_amd64.deb ...
Unpacking libxml2-utils (2.9.10+dfsg-3) ...
Selecting previously unselected package libxslt1.1:amd64.
Preparing to unpack .../128-libxslt1.1_1.1.34-3_amd64.deb ...
Unpacking libxslt1.1:amd64 (1.1.34-3) ...
Selecting previously unselected package psmisc.
Preparing to unpack .../129-psmisc_23.3-1_amd64.deb ...
Unpacking psmisc (23.3-1) ...
Selecting previously unselected package php-common.
Preparing to unpack .../130-php-common_2%3a73_all.deb ...
Unpacking php-common (2:73) ...
Selecting previously unselected package php7.4-common.
Preparing to unpack .../131-php7.4-common_7.4.3-4_amd64.deb ...
Unpacking php7.4-common (7.4.3-4) ...
Selecting previously unselected package php7.4-json.
Preparing to unpack .../132-php7.4-json_7.4.3-4_amd64.deb ...
Unpacking php7.4-json (7.4.3-4) ...
Selecting previously unselected package php7.4-opcache.
Preparing to unpack .../133-php7.4-opcache_7.4.3-4_amd64.deb ...
Unpacking php7.4-opcache (7.4.3-4) ...
Selecting previously unselected package php7.4-readline.
Preparing to unpack .../134-php7.4-readline_7.4.3-4_amd64.deb ...
Unpacking php7.4-readline (7.4.3-4) ...
Selecting previously unselected package php7.4-cli.
Preparing to unpack .../135-php7.4-cli_7.4.3-4_amd64.deb ...
Unpacking php7.4-cli (7.4.3-4) ...
Selecting previously unselected package shtool.
Preparing to unpack .../136-shtool_2.0.8-10_all.deb ...
Unpacking shtool (2.0.8-10) ...
Selecting previously unselected package php7.4-dev.
Preparing to unpack .../137-php7.4-dev_7.4.3-4_amd64.deb ...
Unpacking php7.4-dev (7.4.3-4) ...
Selecting previously unselected package php-dev.
Preparing to unpack .../138-php-dev_2%3a7.4+73_all.deb ...
Unpacking php-dev (2:7.4+73) ...
Selecting previously unselected package python3.7-dev.
Preparing to unpack .../139-python3.7-dev_3.7.6-1+b1_amd64.deb ...
Unpacking python3.7-dev (3.7.6-1+b1) ...
Selecting previously unselected package python3-dev.
Preparing to unpack .../140-python3-dev_3.7.5-3_amd64.deb ...
Unpacking python3-dev (3.7.5-3) ...
Selecting previously unselected package python3-pkg-resources.
Preparing to unpack .../141-python3-pkg-resources_44.0.0-1_all.deb ...
Unpacking python3-pkg-resources (44.0.0-1) ...
Selecting previously unselected package python3-setuptools.
Preparing to unpack .../142-python3-setuptools_44.0.0-1_all.deb ...
Unpacking python3-setuptools (44.0.0-1) ...
Selecting previously unselected package swig4.0.
Preparing to unpack .../143-swig4.0_4.0.1-5_amd64.deb ...
Unpacking swig4.0 (4.0.1-5) ...
Selecting previously unselected package swig.
Preparing to unpack .../144-swig_4.0.1-5_all.deb ...
Unpacking swig (4.0.1-5) ...
Selecting previously unselected package uuid-dev:amd64.
Preparing to unpack .../145-uuid-dev_2.34-0.1_amd64.deb ...
Unpacking uuid-dev:amd64 (2.34-0.1) ...
Selecting previously unselected package xsltproc.
Preparing to unpack .../146-xsltproc_1.1.34-3_amd64.deb ...
Unpacking xsltproc (1.1.34-3) ...
Selecting previously unselected package xmlto.
Preparing to unpack .../147-xmlto_0.0.28-2.1_amd64.deb ...
Unpacking xmlto (0.0.28-2.1) ...
Selecting previously unselected package sbuild-build-depends-main-dummy.
Preparing to unpack .../148-sbuild-build-depends-main-dummy_0.invalid.0_amd64.deb ...
Unpacking sbuild-build-depends-main-dummy (0.invalid.0) ...
Setting up libpipeline1:amd64 (1.5.2-2) ...
Setting up shtool (2.0.8-10) ...
Setting up mysql-common (5.8+1.0.5) ...
update-alternatives: using /etc/mysql/my.cnf.fallback to provide /etc/mysql/my.cnf (my.cnf) in auto mode
Setting up libkeyutils1:amd64 (1.6.1-2) ...
Setting up libpsl5:amd64 (0.20.2-2) ...
Setting up libgnutls-openssl27:amd64 (3.6.12-2) ...
Setting up libsodium23:amd64 (1.0.18-1) ...
Setting up mime-support (3.64) ...
Setting up libpam0g-dev:amd64 (1.3.1-5) ...
Setting up libmagic-mgc (1:5.38-4) ...
Setting up psmisc (23.3-1) ...
Setting up libarchive-zip-perl (1.67-1) ...
Setting up libglib2.0-0:amd64 (2.62.4-2) ...
No schema files found: doing nothing.
Setting up libargon2-1:amd64 (0~20171227-0.2) ...
Setting up libdebhelper-perl (12.9) ...
Setting up libbrotli1:amd64 (1.0.7-6) ...
Setting up libsqlite3-0:amd64 (3.31.1-3) ...
Setting up libnghttp2-14:amd64 (1.40.0-1) ...
Setting up libmagic1:amd64 (1:5.38-4) ...
Setting up gettext-base (0.19.8.1-10) ...
Setting up file (1:5.38-4) ...
Setting up libldap-common (2.4.49+dfsg-1) ...
Setting up libpcre2-16-0:amd64 (10.34-7) ...
Setting up libicu63:amd64 (63.2-2) ...
Setting up libkrb5support0:amd64 (1.17-6) ...
Setting up libsasl2-modules-db:amd64 (2.1.27+dfsg-2) ...
Setting up mariadb-common (1:10.3.22-1) ...
update-alternatives: using /etc/mysql/mariadb.cnf to provide /etc/mysql/my.cnf (my.cnf) in auto mode
Setting up autotools-dev (20180224.1) ...
Setting up libpcre2-32-0:amd64 (10.34-7) ...
Setting up libgmpxx4ldbl:amd64 (2:6.2.0+dfsg-4) ...
Setting up libexpat1-dev:amd64 (2.2.9-1) ...
Setting up libntlm0:amd64 (1.5-2) ...
Setting up librtmp1:amd64 (2.4+20151223.gitfa8646d.1-2+b1) ...
Setting up libidn11:amd64 (1.33-2.2) ...
Setting up libntlm0-dev:amd64 (1.5-2) ...
Setting up uuid-dev:amd64 (2.34-0.1) ...
Setting up libncurses6:amd64 (6.1+20191019-1) ...
Setting up libsigsegv2:amd64 (2.12-2) ...
Setting up bsdmainutils (11.1.2+b1) ...
update-alternatives: using /usr/bin/bsd-write to provide /usr/bin/write (write) in auto mode
update-alternatives: using /usr/bin/bsd-from to provide /usr/bin/from (from) in auto mode
Setting up comerr-dev:amd64 (2.1-1.45.5-2) ...
Setting up libssl-dev:amd64 (1.1.1d-2) ...
Setting up libevent-2.1-7:amd64 (2.1.11-stable-1) ...
Setting up autopoint (0.19.8.1-10) ...
Setting up icu-devtools (63.2-2) ...
Setting up pkg-config (0.29-6) ...
Setting up libmariadb3:amd64 (1:10.3.22-1) ...
Setting up libgnutlsxx28:amd64 (3.6.12-2) ...
Setting up libpcre2-posix2:amd64 (10.34-7) ...
Setting up libk5crypto3:amd64 (1.17-6) ...
Setting up libidn2-dev:amd64 (2.2.0-2) ...
Setting up libsasl2-2:amd64 (2.1.27+dfsg-2) ...
Setting up zlib1g-dev:amd64 (1:1.2.11.dfsg-2) ...
Setting up sensible-utils (0.0.12+nmu1) ...
Setting up libdb5.3-dev (5.3.28+dfsg1-0.6) ...
Setting up libuchardet0:amd64 (0.0.6-3) ...
Setting up libical3:amd64 (3.0.7-2) ...
Setting up libhx28:amd64 (3.24-1) ...
Setting up libsub-override-perl (0.09-2) ...
Setting up libgirepository-1.0-1:amd64 (1.62.0-5) ...
Setting up libssh2-1:amd64 (1.8.0-2.1) ...
Setting up sgml-base (1.29.1) ...
Setting up libkrb5-3:amd64 (1.17-6) ...
Setting up libmpdec2:amd64 (2.4.2-2) ...
Setting up libexporter-tiny-perl (1.002001-1) ...
Setting up swig4.0 (4.0.1-5) ...
Setting up libgsoap-2.8.91:amd64 (2.8.91-2) ...
Setting up libtasn1-6-dev:amd64 (4.16.0-2) ...
Setting up dh-apparmor (2.13.3-7) ...
Setting up libelf1:amd64 (0.176-1.1) ...
Setting up readline-common (8.0-3) ...
Setting up libicu-dev:amd64 (63.2-2) ...
Setting up libxml2:amd64 (2.9.10+dfsg-3) ...
Setting up libhx-dev (3.24-1) ...
Setting up libp11-kit-dev:amd64 (0.23.20-1) ...
Setting up libjsoncpp1:amd64 (1.7.4-3.1) ...
Setting up libfile-stripnondeterminism-perl (1.6.3-2) ...
Setting up php-common (2:73) ...
Setting up libjsoncpp-dev:amd64 (1.7.4-3.1) ...
Setting up libidn11-dev:amd64 (1.33-2.2) ...
Setting up libncurses-dev:amd64 (6.1+20191019-1) ...
Setting up swig (4.0.1-5) ...
Setting up libgmp-dev:amd64 (2:6.2.0+dfsg-4) ...
Setting up libpcre2-dev:amd64 (10.34-7) ...
Setting up nettle-dev:amd64 (3.5.1+really3.5.1-2) ...
Setting up libtool (2.4.6-13) ...
Setting up liblist-moreutils-perl (0.416-1+b5) ...
Setting up libreadline8:amd64 (8.0-3) ...
Setting up libldap-2.4-2:amd64 (2.4.49+dfsg-1) ...
Setting up m4 (1.4.18-4) ...
Setting up gsoap (2.8.91-2) ...
Setting up libldap2-dev:amd64 (2.4.49+dfsg-1) ...
Setting up libxml2-dev:amd64 (2.9.10+dfsg-3) ...
Setting up libunbound8:amd64 (1.9.6-2) ...
Setting up libgsoap-dev:amd64 (2.8.91-2) ...
Setting up libdb-dev:amd64 (5.3.1+nmu1) ...
Setting up libgssapi-krb5-2:amd64 (1.17-6) ...
Setting up libcroco3:amd64 (0.6.13-1) ...
Setting up ucf (3.0038+nmu1) ...
Setting up gir1.2-glib-2.0:amd64 (1.62.0-5) ...
Setting up autoconf (2.69-11.1) ...
Setting up dh-strip-nondeterminism (1.6.3-2) ...
Setting up dwz (0.13-5) ...
Setting up groff-base (1.22.4-4) ...
Setting up xml2 (0.5-3) ...
Setting up xml-core (0.18+nmu1) ...
Setting up libncurses5-dev:amd64 (6.1+20191019-1) ...
Setting up libxslt1.1:amd64 (1.1.34-3) ...
Setting up bison (2:3.5.1+dfsg-1) ...
update-alternatives: using /usr/bin/bison.yacc to provide /usr/bin/yacc (yacc) in auto mode
Setting up libcurl4:amd64 (7.68.0-1) ...
Setting up libxml2-utils (2.9.10+dfsg-3) ...
Setting up automake (1:1.16.1-4) ...
update-alternatives: using /usr/bin/automake-1.16 to provide /usr/bin/automake (automake) in auto mode
Setting up libgnutls-dane0:amd64 (3.6.12-2) ...
Setting up libpython3.7-stdlib:amd64 (3.7.6-1+b1) ...
Setting up flex (2.6.4-6.2) ...
Setting up gettext (0.19.8.1-10) ...
Setting up php7.4-common (7.4.3-4) ...

Creating config file /etc/php/7.4/mods-available/calendar.ini with new version

Creating config file /etc/php/7.4/mods-available/ctype.ini with new version

Creating config file /etc/php/7.4/mods-available/exif.ini with new version

Creating config file /etc/php/7.4/mods-available/fileinfo.ini with new version

Creating config file /etc/php/7.4/mods-available/ffi.ini with new version

Creating config file /etc/php/7.4/mods-available/ftp.ini with new version

Creating config file /etc/php/7.4/mods-available/gettext.ini with new version

Creating config file /etc/php/7.4/mods-available/iconv.ini with new version

Creating config file /etc/php/7.4/mods-available/pdo.ini with new version

Creating config file /etc/php/7.4/mods-available/phar.ini with new version

Creating config file /etc/php/7.4/mods-available/posix.ini with new version

Creating config file /etc/php/7.4/mods-available/shmop.ini with new version

Creating config file /etc/php/7.4/mods-available/sockets.ini with new version

Creating config file /etc/php/7.4/mods-available/sysvmsg.ini with new version

Creating config file /etc/php/7.4/mods-available/sysvsem.ini with new version

Creating config file /etc/php/7.4/mods-available/sysvshm.ini with new version

Creating config file /etc/php/7.4/mods-available/tokenizer.ini with new version
Setting up libpython3.7:amd64 (3.7.6-1+b1) ...
Setting up libpython3.7-dev:amd64 (3.7.6-1+b1) ...
Setting up xsltproc (1.1.34-3) ...
Setting up libgsasl7:amd64 (1.8.1-1) ...
Setting up php7.4-readline (7.4.3-4) ...

Creating config file /etc/php/7.4/mods-available/readline.ini with new version
Setting up man-db (2.9.0-2) ...
Not building database; man-db/auto-update is not 'true'.
Setting up gir1.2-ical-3.0:amd64 (3.0.7-2) ...
Setting up intltool-debian (0.35.0+20060710.5) ...
Setting up libgssrpc4:amd64 (1.17-6) ...
Setting up libcurl4-openssl-dev:amd64 (7.68.0-1) ...
Setting up libkdb5-9:amd64 (1.17-6) ...
Setting up php7.4-opcache (7.4.3-4) ...

Creating config file /etc/php/7.4/mods-available/opcache.ini with new version
Setting up libkadm5srv-mit11:amd64 (1.17-6) ...
Setting up libvmime1:amd64 (0.9.2-5+b2) ...
Setting up libpython3-stdlib:amd64 (3.7.5-3) ...
Setting up libgnutls28-dev:amd64 (3.6.12-2) ...
Setting up libkadm5clnt-mit11:amd64 (1.17-6) ...
Setting up python3.7 (3.7.6-1+b1) ...
Setting up php7.4-json (7.4.3-4) ...

Creating config file /etc/php/7.4/mods-available/json.ini with new version
Setting up libpython3-dev:amd64 (3.7.5-3) ...
Setting up po-debconf (1.0.21) ...
Setting up python3 (3.7.5-3) ...
Setting up php7.4-cli (7.4.3-4) ...
update-alternatives: using /usr/bin/php7.4 to provide /usr/bin/php (php) in auto mode
update-alternatives: using /usr/bin/phar7.4 to provide /usr/bin/phar (phar) in auto mode
update-alternatives: using /usr/bin/phar.phar7.4 to provide /usr/bin/phar.phar (phar.phar) in auto mode

Creating config file /etc/php/7.4/cli/php.ini with new version
Setting up python3.7-dev (3.7.6-1+b1) ...
Setting up libical-dev:amd64 (3.0.7-2) ...
Setting up php7.4-dev (7.4.3-4) ...
update-alternatives: using /usr/bin/php-config7.4 to provide /usr/bin/php-config (php-config) in auto mode
update-alternatives: using /usr/bin/phpize7.4 to provide /usr/bin/phpize (phpize) in auto mode
Setting up libmariadb-dev (1:10.3.22-1) ...
Setting up python3-lib2to3 (3.8.0-1) ...
Setting up krb5-multidev:amd64 (1.17-6) ...
Setting up python3-pkg-resources (44.0.0-1) ...
Setting up python3-distutils (3.8.0-1) ...
Setting up dh-python (4.20191017) ...
Setting up libmariadb-dev-compat:amd64 (1:10.3.22-1) ...
Setting up python3-setuptools (44.0.0-1) ...
Setting up php-dev (2:7.4+73) ...
Setting up libkrb5-dev:amd64 (1.17-6) ...
Setting up python3-dev (3.7.5-3) ...
Setting up libgsasl7-dev:amd64 (1.8.1-1) ...
Setting up default-libmysqlclient-dev:amd64 (1.0.5) ...
Setting up libvmime-dev (0.9.2-5+b2) ...
Setting up dh-autoreconf (19) ...
Setting up debhelper (12.9) ...
Setting up dh-exec (0.23.2) ...
Setting up dh-php (0.35) ...
Processing triggers for libc-bin (2.29-10) ...
Processing triggers for sgml-base (1.29.1) ...
Setting up docbook-xsl (1.79.1+dfsg-2) ...
Setting up sgml-data (2.0.11) ...
Processing triggers for sgml-base (1.29.1) ...
Setting up docbook-xml (4.5-9) ...
Processing triggers for sgml-base (1.29.1) ...
Setting up xmlto (0.0.28-2.1) ...
Setting up sbuild-build-depends-main-dummy (0.invalid.0) ...
Processing triggers for php7.4-cli (7.4.3-4) ...

+------------------------------------------------------------------------------+
| Check architectures                                                          |
+------------------------------------------------------------------------------+

Arch check ok (amd64 included in any all)

+------------------------------------------------------------------------------+
| Build environment                                                            |
+------------------------------------------------------------------------------+

Kernel: Linux 4.19.0-6-cloud-amd64 #1 SMP Debian 4.19.67-2+deb10u2 (2019-11-11) amd64 (x86_64)
Toolchain package versions: binutils_2.34-3 dpkg-dev_1.19.7 g++-9_9.2.1-30 gcc-9_9.2.1-30 libc6-dev_2.29-10 libstdc++-8-dev_8.3.0-29 libstdc++-9-dev_9.2.1-30 libstdc++6_10-20200222-1 linux-libc-dev_5.4.19-1
Package versions: adduser_3.118 apt_1.8.4 autoconf_2.69-11.1 automake_1:1.16.1-4 autopoint_0.19.8.1-10 autotools-dev_20180224.1 base-files_11 base-passwd_3.5.47 bash_5.0-5 binutils_2.34-3 binutils-common_2.34-3 binutils-x86-64-linux-gnu_2.34-3 bison_2:3.5.1+dfsg-1 bsdmainutils_11.1.2+b1 bsdutils_1:2.34-0.1 build-essential_12.8 bzip2_1.0.8-2 clang-8_1:8.0.1-7 comerr-dev_2.1-1.45.5-2 coreutils_8.30-3+b1 cpp_4:9.2.1-3.1 cpp-9_9.2.1-30 dash_0.5.10.2-6 debconf_1.5.73 debhelper_12.9 debian-archive-keyring_2019.1 debianutils_4.9.1 default-libmysqlclient-dev_1.0.5 dh-apparmor_2.13.3-7 dh-autoreconf_19 dh-exec_0.23.2 dh-php_0.35 dh-python_4.20191017 dh-strip-nondeterminism_1.6.3-2 diffutils_1:3.7-3 docbook-xml_4.5-9 docbook-xsl_1.79.1+dfsg-2 dpkg_1.19.7 dpkg-dev_1.19.7 dwz_0.13-5 e2fsprogs_1.45.5-2 fakeroot_1.24-1 fdisk_2.34-0.1 file_1:5.38-4 findutils_4.7.0-1 flex_2.6.4-6.2 g++_4:9.2.1-3.1 g++-9_9.2.1-30 gcc_4:9.2.1-3.1 gcc-10-base_10-20200222-1 gcc-8-base_8.3.0-29 gcc-9_9.2.1-30 gcc-9-base_9.2.1-30 gettext_0.19.8.1-10 gettext-base_0.19.8.1-10 gir1.2-glib-2.0_1.62.0-5 gir1.2-ical-3.0_3.0.7-2 gpgv_2.2.19-1 grep_3.4-1 groff-base_1.22.4-4 gsoap_2.8.91-2 gzip_1.9-3+b1 hostname_3.23 icu-devtools_63.2-2 init-system-helpers_1.57 intltool-debian_0.35.0+20060710.5 krb5-multidev_1.17-6 lib32gcc-s1_10-20200222-1 lib32gcc1_1:10-20200222-1 lib32stdc++6_10-20200222-1 libacl1_2.2.53-5 libapt-pkg5.0_1.8.4 libarchive-zip-perl_1.67-1 libargon2-1_0~20171227-0.2 libasan5_9.2.1-30 libatomic1_10-20200222-1 libattr1_1:2.4.48-5 libaudit-common_1:2.8.5-2 libaudit1_1:2.8.5-2+b1 libbinutils_2.34-3 libblkid1_2.34-0.1 libbrotli1_1.0.7-6 libbsd0_0.10.0-1 libbz2-1.0_1.0.8-2 libc-bin_2.29-10 libc-dev-bin_2.29-10 libc6_2.29-10 libc6-dev_2.29-10 libc6-i386_2.29-10 libcap-ng0_0.7.9-2.1+b1 libcc1-0_10-20200222-1 libclang-common-8-dev_1:8.0.1-7 libclang1-8_1:8.0.1-7 libcom-err2_1.45.5-2 libcroco3_0.6.13-1 libcrypt-dev_1:4.4.10-10 libcrypt1_1:4.4.10-10 libctf-nobfd0_2.34-3 libctf0_2.34-3 libcurl4_7.68.0-1 libcurl4-openssl-dev_7.68.0-1 libdb-dev_5.3.1+nmu1 libdb5.3_5.3.28+dfsg1-0.6 libdb5.3-dev_5.3.28+dfsg1-0.6 libdebconfclient0_0.251 libdebhelper-perl_12.9 libdpkg-perl_1.19.7 libedit2_3.1-20191231-1 libelf1_0.176-1.1 libevent-2.1-7_2.1.11-stable-1 libexpat1_2.2.9-1 libexpat1-dev_2.2.9-1 libexporter-tiny-perl_1.002001-1 libext2fs2_1.45.5-2 libfakeroot_1.24-1 libfdisk1_2.34-0.1 libffi7_3.3-3 libfile-stripnondeterminism-perl_1.6.3-2 libgc1c2_1:7.6.4-0.4 libgcc-8-dev_8.3.0-29 libgcc-9-dev_9.2.1-30 libgcc-s1_10-20200222-1 libgcc1_1:10-20200222-1 libgcrypt20_1.8.5-5 libgdbm-compat4_1.18.1-5 libgdbm6_1.18.1-5 libgirepository-1.0-1_1.62.0-5 libglib2.0-0_2.62.4-2 libgmp-dev_2:6.2.0+dfsg-4 libgmp10_2:6.2.0+dfsg-4 libgmpxx4ldbl_2:6.2.0+dfsg-4 libgnutls-dane0_3.6.12-2 libgnutls-openssl27_3.6.12-2 libgnutls28-dev_3.6.12-2 libgnutls30_3.6.12-2 libgnutlsxx28_3.6.12-2 libgomp1_10-20200222-1 libgpg-error0_1.37-1 libgsasl7_1.8.1-1 libgsasl7-dev_1.8.1-1 libgsoap-2.8.91_2.8.91-2 libgsoap-dev_2.8.91-2 libgssapi-krb5-2_1.17-6 libgssrpc4_1.17-6 libhogweed5_3.5.1+really3.5.1-2 libhx-dev_3.24-1 libhx28_3.24-1 libical-dev_3.0.7-2 libical3_3.0.7-2 libicu-dev_63.2-2 libicu63_63.2-2 libidn11_1.33-2.2 libidn11-dev_1.33-2.2 libidn2-0_2.2.0-2 libidn2-dev_2.2.0-2 libisl22_0.22.1-1 libitm1_10-20200222-1 libjsoncpp-dev_1.7.4-3.1 libjsoncpp1_1.7.4-3.1 libk5crypto3_1.17-6 libkadm5clnt-mit11_1.17-6 libkadm5srv-mit11_1.17-6 libkdb5-9_1.17-6 libkeyutils1_1.6.1-2 libkrb5-3_1.17-6 libkrb5-dev_1.17-6 libkrb5support0_1.17-6 libldap-2.4-2_2.4.49+dfsg-1 libldap-common_2.4.49+dfsg-1 libldap2-dev_2.4.49+dfsg-1 liblist-moreutils-perl_0.416-1+b5 libllvm8_1:8.0.1-7 liblsan0_10-20200222-1 liblz4-1_1.9.2-2 liblzma5_5.2.4-1+b1 libmagic-mgc_1:5.38-4 libmagic1_1:5.38-4 libmariadb-dev_1:10.3.22-1 libmariadb-dev-compat_1:10.3.22-1 libmariadb3_1:10.3.22-1 libmount1_2.34-0.1 libmpc3_1.1.0-1 libmpdec2_2.4.2-2 libmpfr6_4.0.2-1 libmpx2_8.3.0-29 libncurses-dev_6.1+20191019-1 libncurses5-dev_6.1+20191019-1 libncurses6_6.1+20191019-1 libncursesw6_6.1+20191019-1 libnettle7_3.5.1+really3.5.1-2 libnghttp2-14_1.40.0-1 libntlm0_1.5-2 libntlm0-dev_1.5-2 libobjc-8-dev_8.3.0-29 libobjc-9-dev_9.2.1-30 libobjc4_10-20200222-1 libomp-8-dev_1:8.0.1-7 libomp5-8_1:8.0.1-7 libp11-kit-dev_0.23.20-1 libp11-kit0_0.23.20-1 libpam-modules_1.3.1-5 libpam-modules-bin_1.3.1-5 libpam-runtime_1.3.1-5 libpam0g_1.3.1-5 libpam0g-dev_1.3.1-5 libpcre2-16-0_10.34-7 libpcre2-32-0_10.34-7 libpcre2-8-0_10.34-7 libpcre2-dev_10.34-7 libpcre2-posix2_10.34-7 libpcre3_2:8.39-12+b1 libperl5.30_5.30.0-9 libpipeline1_1.5.2-2 libpsl5_0.20.2-2 libpython3-dev_3.7.5-3 libpython3-stdlib_3.7.5-3 libpython3.7_3.7.6-1+b1 libpython3.7-dev_3.7.6-1+b1 libpython3.7-minimal_3.7.6-1+b1 libpython3.7-stdlib_3.7.6-1+b1 libquadmath0_10-20200222-1 libreadline8_8.0-3 librtmp1_2.4+20151223.gitfa8646d.1-2+b1 libsasl2-2_2.1.27+dfsg-2 libsasl2-modules-db_2.1.27+dfsg-2 libseccomp2_2.4.2-2 libselinux1_3.0-1+b1 libsemanage-common_3.0-1 libsemanage1_3.0-1+b1 libsepol1_3.0-1 libsigsegv2_2.12-2 libsmartcols1_2.34-0.1 libsodium23_1.0.18-1 libsqlite3-0_3.31.1-3 libss2_1.45.5-2 libssh2-1_1.8.0-2.1 libssl-dev_1.1.1d-2 libssl1.1_1.1.1d-2 libstdc++-8-dev_8.3.0-29 libstdc++-9-dev_9.2.1-30 libstdc++6_10-20200222-1 libsub-override-perl_0.09-2 libsystemd0_244.3-1 libtasn1-6_4.16.0-2 libtasn1-6-dev_4.16.0-2 libtinfo6_6.1+20191019-1 libtool_2.4.6-13 libtsan0_10-20200222-1 libubsan1_10-20200222-1 libuchardet0_0.0.6-3 libudev1_244.3-1 libunbound8_1.9.6-2 libunistring2_0.9.10-2 libuuid1_2.34-0.1 libvmime-dev_0.9.2-5+b2 libvmime1_0.9.2-5+b2 libxml2_2.9.10+dfsg-3 libxml2-dev_2.9.10+dfsg-3 libxml2-utils_2.9.10+dfsg-3 libxslt1.1_1.1.34-3 libzstd1_1.4.4+dfsg-3 linux-libc-dev_5.4.19-1 login_1:4.8.1-1 logsave_1.45.5-2 lsb-base_11.1.0 m4_1.4.18-4 make_4.2.1-1.2 man-db_2.9.0-2 mariadb-common_1:10.3.22-1 mawk_1.3.4.20200120-2 mime-support_3.64 mount_2.34-0.1 mysql-common_5.8+1.0.5 ncurses-base_6.1+20191019-1 ncurses-bin_6.1+20191019-1 nettle-dev_3.5.1+really3.5.1-2 passwd_1:4.8.1-1 patch_2.7.6-6 perl_5.30.0-9 perl-base_5.30.0-9 perl-modules-5.30_5.30.0-9 php-common_2:73 php-dev_2:7.4+73 php7.4-cli_7.4.3-4 php7.4-common_7.4.3-4 php7.4-dev_7.4.3-4 php7.4-json_7.4.3-4 php7.4-opcache_7.4.3-4 php7.4-readline_7.4.3-4 pkg-config_0.29-6 po-debconf_1.0.21 psmisc_23.3-1 python3_3.7.5-3 python3-dev_3.7.5-3 python3-distutils_3.8.0-1 python3-lib2to3_3.8.0-1 python3-minimal_3.7.5-3 python3-pkg-resources_44.0.0-1 python3-setuptools_44.0.0-1 python3.7_3.7.6-1+b1 python3.7-dev_3.7.6-1+b1 python3.7-minimal_3.7.6-1+b1 readline-common_8.0-3 sbuild-build-depends-main-dummy_0.invalid.0 sed_4.7-1 sensible-utils_0.0.12+nmu1 sgml-base_1.29.1 sgml-data_2.0.11 shtool_2.0.8-10 swig_4.0.1-5 swig4.0_4.0.1-5 sysvinit-utils_2.96-2.1 tar_1.30+dfsg-6+b1 tzdata_2019c-3 ucf_3.0038+nmu1 util-linux_2.34-0.1 uuid-dev_2.34-0.1 xml-core_0.18+nmu1 xml2_0.5-3 xmlto_0.0.28-2.1 xsltproc_1.1.34-3 xz-utils_5.2.4-1+b1 zlib1g_1:1.2.11.dfsg-2 zlib1g-dev_1:1.2.11.dfsg-2

+------------------------------------------------------------------------------+
| Build                                                                        |
+------------------------------------------------------------------------------+


Unpack source
-------------

-----BEGIN PGP SIGNED MESSAGE-----
Hash: SHA512

Format: 3.0 (quilt)
Source: kopanocore
Binary: kopano-libs, kopano-core, kopano-archiver, kopano-backup, kopano-common, kopano-contacts, kopano-dev, kopano-dagent, kopano-gateway, kopano-ical, kopano-l10n, kopano-monitor, kopano-presence, kopano-search, kopano-server, kopano-spamd, kopano-spooler, kopano-utils, python3-mapi, python3-kopano, php-mapi
Architecture: any all
Version: 8.7.0-6
Maintainer: Giraffe Maintainers <pkg-giraffe-maintainers@alioth-lists.debian.net>
Uploaders: Carsten Schoenert <c.schoenert@t-online.de>, Matthias Geerdsen <matthias@vorlons.info>, Simon Eisenmann <s.eisenmann@kopano.com>, Guido Gnther <agx@sigxcpu.org>
Homepage: https://download.kopano.io/community/
Standards-Version: 4.5.0
Vcs-Browser: https://salsa.debian.org/giraffe-team/kopanocore
Vcs-Git: https://salsa.debian.org/giraffe-team/kopanocore.git
Testsuite: autopkgtest
Testsuite-Triggers: python3-nose
Build-Depends: autoconf (>= 2.59), automake (>= 1:1.9), binutils (>= 2.12.90.0.9), bison, debhelper (>= 12~), default-libmysqlclient-dev, dh-apparmor, dh-exec, dh-php, dh-python, dpkg-dev (>= 1.16.1~), flex, gettext, gsoap (>= 2.8.49), libcurl4-openssl-dev, libgsoap-dev (>= 2.8.49), libhx-dev, libical-dev, libicu-dev, libjsoncpp-dev (>= 1.4.0~), libkrb5-dev, libldap2-dev, libncurses5-dev, libncursesw5-dev, libpam0g-dev, libssl-dev, libtool (>= 1.5), libvmime-dev (>= 0.9.2-4), libxml2-dev, m4, php-dev, pkg-config (>= 0.18), python3-dev, python3-setuptools, swig, uuid-dev, xmlto, zlib1g-dev
Package-List:
 kopano-archiver deb mail optional arch=any
 kopano-backup deb mail optional arch=all
 kopano-common deb mail optional arch=all
 kopano-contacts deb mail optional arch=any
 kopano-core deb mail optional arch=all
 kopano-dagent deb mail optional arch=any
 kopano-dev deb mail optional arch=any
 kopano-gateway deb mail optional arch=any
 kopano-ical deb mail optional arch=any
 kopano-l10n deb localization optional arch=all
 kopano-libs deb mail optional arch=any
 kopano-monitor deb mail optional arch=any
 kopano-presence deb mail optional arch=all
 kopano-search deb mail optional arch=all
 kopano-server deb mail optional arch=any
 kopano-spamd deb mail optional arch=all
 kopano-spooler deb mail optional arch=any
 kopano-utils deb mail optional arch=any
 php-mapi deb php optional arch=any
 python3-kopano deb python optional arch=all
 python3-mapi deb python optional arch=any
Checksums-Sha1:
 4da41e49b5ca5d5ca9ce99c16f8da99fe2d5dfdf 1819108 kopanocore_8.7.0.orig.tar.xz
 17cbffb9ca2930d7d36223917baa66dab31d0e19 64596 kopanocore_8.7.0-6.debian.tar.xz
Checksums-Sha256:
 3b5b0543efdf19a6bdee966af63ed8a981fa34a4b070664b1f328eb291b058fc 1819108 kopanocore_8.7.0.orig.tar.xz
 606168fbdb86110152210be4d247b106adad4ca000c182880a9505ae13b06faa 64596 kopanocore_8.7.0-6.debian.tar.xz
Files:
 bf07cd642b5fbae436b82cbd97769ca9 1819108 kopanocore_8.7.0.orig.tar.xz
 a081e5fd331e645108d7d038b0001183 64596 kopanocore_8.7.0-6.debian.tar.xz

-----BEGIN PGP SIGNATURE-----

iQJMBAEBCgA2FiEEtw38bxNP7PwBHmKqgwFgFCUdHbAFAl42vwwYHGMuc2Nob2Vu
ZXJ0QHQtb25saW5lLmRlAAoJEIMBYBQlHR2w9dMP/2bKHpTi50UtwiF6Nbbjwvie
zYPEwSe5u5AX/UoJafGsQFLCVYxV03ALMRUhTX9wSEqIZcquf0oSw4sEym3Zk75A
9adxT+oy7fLzaFrdMTMuoeb1M8epcrkCvPT422kvDRO4yGRXp33rQVJIYHWbKif2
Ise4StPbLOXZexK06jhoQFZDXoFI7gYEepTDYFFTRBjTgfIdhne25tlON/+02x72
eKG7LTW0gW3DRiEI1I13iZI2Fm7kMFAu+3OCEYlwcik7SjADup6na9yIe3mZ60u1
K08SJpYh5/9VtFmnXdWYhh8ftObKhwe4eO6i7G1kwa3HiyKBKhwl7k6afjmBh6XF
TLRl1CaY//85qI2KjfpHgHpsyuW4UHe3a41B9jv7lM/ZOLkfUU0Jb1xW5+6nTZ6L
8T47o66cYBNM+X7cbSgNLJVhhPIlA5hPGDNolBuxGQL02rOAQCXFeElKj7JhU+0L
e8c/hexaDnG7QkWvaIf6QN6idOxfUs3seKhrQXARIWxp4oKtASB/tApNdks8a4Am
sAOg+DaSW6NIP0jqoZ3UxVNb/wpykI/6as4Q4cF1d/Z2tjZIZJ0Vn/cU7PXGlVI8
13ngUXwkq4qVWuSi3IowhVyOQ7NZIjnb6ra3NiVZPkrzwXH7gUPDvDkoPcTLuItu
mfXToTgDyW3MIGfp3Noy
=cM7O
-----END PGP SIGNATURE-----

gpgv: unknown type of key resource 'trustedkeys.kbx'
gpgv: keyblock resource '/sbuild-nonexistent/.gnupg/trustedkeys.kbx': General error
gpgv: Signature made Sun Feb  2 12:22:36 2020 UTC
gpgv:                using RSA key B70DFC6F134FECFC011E62AA83016014251D1DB0
gpgv:                issuer "c.schoenert@t-online.de"
gpgv: Can't check signature: No public key
dpkg-source: warning: failed to verify signature on ./kopanocore_8.7.0-6.dsc
dpkg-source: info: extracting kopanocore in /<<PKGBUILDDIR>>
dpkg-source: info: unpacking kopanocore_8.7.0.orig.tar.xz
dpkg-source: info: unpacking kopanocore_8.7.0-6.debian.tar.xz
dpkg-source: info: using patch list from debian/patches/series
dpkg-source: info: applying debian/Add-include-for-database-configuration.patch
dpkg-source: info: applying debian/Run-deamons-as-user-group-kopano.patch
dpkg-source: info: applying Use-install-layout-deb.patch
dpkg-source: info: applying Use-python3-everywhere.patch
dpkg-source: info: applying apparmor-Be-less-strict-on-the-Python-binary.patch
dpkg-source: info: applying debian/tmpfiles.conf-don-t-add-var-run-kopano.patch
dpkg-source: info: applying spelling-fix-seperated-separated.patch
dpkg-source: info: applying spelling-accomodate-accommodate.patch
dpkg-source: info: applying spelling-allows-to-allows-one-to.patch
dpkg-source: info: applying server-check-for-NULL-SSL-context-before-calling-soap_ssl.patch
dpkg-source: info: applying server-cure-use-after-free-crash-on-shutdown.patch
dpkg-source: info: applying z-push/Decrease-ICS-processing-batch-size.patch
dpkg-source: info: applying common-the-SSL-proto-list-string-is-TLSv1-not-TLSv1.0.patch
dpkg-source: info: applying server-recognize-TLSv1.0-for-backward-compat.patch
dpkg-source: info: applying gateway-avoid-uncaught-exception-when-client-disconnects-.patch
dpkg-source: info: applying Partially-revert-libserver-implement-object-caching-by-us.patch
dpkg-source: info: applying libserver-remove-constant-5th-argument-to-GetCell.patch
dpkg-source: info: applying libserver-turn-GetCell-bool-params-into-a-flags-argument.patch
dpkg-source: info: applying libserver-only-return-PT_NULL-cacheentry-info-when-so-req.patch
dpkg-source: info: applying libserver-reduce-indent-in-SOT-QueryRowByColumn.patch
dpkg-source: info: applying libserver-shorten-common-subexpression-with-alias-ECStore.patch
dpkg-source: info: applying libserver-stop-caching-truncated-tproperties-data.patch
dpkg-source: info: applying libserver-add-option-to-disable-cell-read-cache.patch
dpkg-source: info: applying m4lcommon-have-HrGetAllProps-preserve-MAPI_W_ERRORS_RETUR.patch
dpkg-source: info: applying m4lcommon-factor-out-HrGetAllProp-s-large-property-post-l.patch
dpkg-source: info: applying m4lcommon-add-new-helper-for-loading-large-properties-tra.patch
dpkg-source: info: applying treewide-read-large-properties-using-HrGetFullProp.patch
dpkg-source: info: applying client-fix-a-comment-about-gratitious-property-sizes.patch
dpkg-source: info: applying libserver-restore-tproperties-synchronization-for-read-fl.patch
dpkg-source: info: applying libserver-add-missing-space-before-LOCK-SHARE.patch
dpkg-source: info: applying dbadm-pass-shared_ptr-KDatabase-consistently.patch
dpkg-source: info: applying dbadm-add-corrective-procedure-for-bug-KC-1444.patch
dpkg-source: info: applying freebusy-avoid-out-of-bounds-access-in-HrAddFBBlock.patch

Check disk space
----------------

Sufficient free space for build

User Environment
----------------

APT_CONFIG=/var/lib/sbuild/apt.conf
HOME=/sbuild-nonexistent
LANG=C.UTF-8
LC_ALL=C.UTF-8
LOGNAME=user42
PATH=/usr/local/sbin:/usr/local/bin:/usr/sbin:/usr/bin:/sbin:/bin:/usr/games
SCHROOT_ALIAS_NAME=unstable
SCHROOT_CHROOT_NAME=sid-amd64-sbuild
SCHROOT_COMMAND=env
SCHROOT_GID=1001
SCHROOT_GROUP=user42
SCHROOT_SESSION_ID=sid-amd64-sbuild-2b675179-740d-479b-bb5a-a4d75f275467
SCHROOT_UID=1001
SCHROOT_USER=user42
SHELL=/bin/sh
USER=user42

dpkg-buildpackage
-----------------

Command: dpkg-buildpackage -us -uc -b -rfakeroot
dpkg-buildpackage: info: source package kopanocore
dpkg-buildpackage: info: source version 8.7.0-6
dpkg-buildpackage: info: source distribution unstable
dpkg-buildpackage: info: source changed by Carsten Schoenert <c.schoenert@t-online.de>
 dpkg-source --before-build .
dpkg-buildpackage: info: host architecture amd64
dpkg-source: info: using options from kopanocore-8.7.0/debian/source/options: --extend-diff-ignore=^\.travis\.yml$
 fakeroot debian/rules clean
dh clean --builddirectory=debian/build --with php,python3
   debian/rules override_dh_auto_clean
make[1]: Entering directory '/<<PKGBUILDDIR>>'
rm -rf debian/build
rm -f revision
[ ! -f Makefile ] || dh_auto_clean
make[1]: Leaving directory '/<<PKGBUILDDIR>>'
   dh_autoreconf_clean -O--builddirectory=debian/build
   dh_clean -O--builddirectory=debian/build
 debian/rules build
dh build --builddirectory=debian/build --with php,python3
   dh_update_autotools_config -O--builddirectory=debian/build
   dh_autoreconf -O--builddirectory=debian/build
libtoolize: putting auxiliary files in AC_CONFIG_AUX_DIR, 'autoconf'.
libtoolize: copying file 'autoconf/ltmain.sh'
libtoolize: putting macros in AC_CONFIG_MACRO_DIRS, 'autoconf'.
libtoolize: copying file 'autoconf/libtool.m4'
libtoolize: copying file 'autoconf/ltoptions.m4'
libtoolize: copying file 'autoconf/ltsugar.m4'
libtoolize: copying file 'autoconf/ltversion.m4'
libtoolize: copying file 'autoconf/lt~obsolete.m4'
configure.ac:23: installing 'autoconf/compile'
configure.ac:23: installing 'autoconf/config.guess'
configure.ac:23: installing 'autoconf/config.sub'
configure.ac:15: installing 'autoconf/install-sh'
configure.ac:15: installing 'autoconf/missing'
Makefile.am: installing 'autoconf/depcomp'
   debian/rules override_dh_auto_configure
make[1]: Entering directory '/<<PKGBUILDDIR>>'
sed -e 's/@DEB_HOST_MULTIARCH@/x86_64-linux-gnu/g' \
	-e 's/@PHP_VERSION@/7.4/g' \
	debian/kopano-libs.install.in > debian/kopano-libs.install
sed -e 's/@DEB_HOST_MULTIARCH@/x86_64-linux-gnu/g' \
	-e 's/@PHP_VERSION@/7.4/g' \
	debian/kopano-server.install.in > debian/kopano-server.install
sed -e 's/@DEB_HOST_MULTIARCH@/x86_64-linux-gnu/g' \
	-e 's/@PHP_VERSION@/7.4/g' \
	debian/kopano-dev.install.in > debian/kopano-dev.install
sed -e 's/@DEB_HOST_MULTIARCH@/x86_64-linux-gnu/g' \
	-e 's/@PHP_VERSION@/7.4/g' \
	debian/kopano-contacts.install.in > debian/kopano-contacts.install
sed -e 's/@DEB_HOST_MULTIARCH@/x86_64-linux-gnu/g' \
	-e 's/@PHP_VERSION@/7.4/g' \
	debian/php-mapi.postrm.in > debian/php-mapi.postrm
sed -e 's/@DEB_HOST_MULTIARCH@/x86_64-linux-gnu/g' \
	-e 's/@PHP_VERSION@/7.4/g' \
	debian/php-mapi.install.in > debian/php-mapi.install
echo 8.7.0-6 > /<<PKGBUILDDIR>>/revision
[ -x ./bootstrap.sh ] && ./bootstrap.sh || true
autoreconf: Entering directory `.'
autoreconf: configure.ac: not using Gettext
autoreconf: running: aclocal --force -I autoconf
autoreconf: configure.ac: tracing
autoreconf: running: libtoolize --copy --force
libtoolize: putting auxiliary files in AC_CONFIG_AUX_DIR, 'autoconf'.
libtoolize: copying file 'autoconf/ltmain.sh'
libtoolize: putting macros in AC_CONFIG_MACRO_DIRS, 'autoconf'.
libtoolize: copying file 'autoconf/libtool.m4'
libtoolize: copying file 'autoconf/ltoptions.m4'
libtoolize: copying file 'autoconf/ltsugar.m4'
libtoolize: copying file 'autoconf/ltversion.m4'
libtoolize: copying file 'autoconf/lt~obsolete.m4'
autoreconf: running: /usr/bin/autoconf --force
autoreconf: running: /usr/bin/autoheader --force
autoreconf: running: automake --add-missing --copy --force-missing
configure.ac:23: installing 'autoconf/compile'
configure.ac:15: installing 'autoconf/missing'
Makefile.am: installing 'autoconf/depcomp'
autoreconf: Leaving directory `.'
dh_auto_configure -- --host=x86_64-linux-gnu --build=x86_64-linux-gnu --prefix=/usr --localstatedir=/var --sysconfdir=/etc --with-systemunitdir=/usr/lib/systemd/system --mandir=\${prefix}/share/man --infodir=\${prefix}/share/info --with-php-config=/usr/bin/php-config --with-quotatemplate-prefix=/etc/kopano/quotamail --disable-static --enable-epoll --with-distro=debian --enable-python PYTHON="python3" "--enable-release" 
	cd debian/build && ../../configure --build=x86_64-linux-gnu --prefix=/usr --includedir=\${prefix}/include --mandir=\${prefix}/share/man --infodir=\${prefix}/share/info --sysconfdir=/etc --localstatedir=/var --disable-silent-rules --libdir=\${prefix}/lib/x86_64-linux-gnu --runstatedir=/run --disable-maintainer-mode --disable-dependency-tracking --host=x86_64-linux-gnu --build=x86_64-linux-gnu --prefix=/usr --localstatedir=/var --sysconfdir=/etc --with-systemunitdir=/usr/lib/systemd/system --mandir=\${prefix}/share/man --infodir=\${prefix}/share/info --with-php-config=/usr/bin/php-config --with-quotatemplate-prefix=/etc/kopano/quotamail --disable-static --enable-epoll --with-distro=debian --enable-python PYTHON=python3 --enable-release
configure: WARNING: unrecognized options: --disable-maintainer-mode, --with-distro
checking for a BSD-compatible install... /usr/bin/install -c
checking whether build environment is sane... yes
checking for a thread-safe mkdir -p... /bin/mkdir -p
checking for gawk... no
checking for mawk... mawk
checking whether make sets $(MAKE)... yes
checking whether make supports nested variables... yes
checking whether make supports nested variables... (cached) yes
checking build system type... x86_64-pc-linux-gnu
checking host system type... x86_64-pc-linux-gnu
checking how to print strings... printf
checking whether make supports the include directive... yes (GNU style)
checking for x86_64-linux-gnu-gcc... x86_64-linux-gnu-gcc
checking whether the C compiler works... yes
checking for C compiler default output file name... a.out
checking for suffix of executables... 
checking whether we are cross compiling... no
checking for suffix of object files... o
checking whether we are using the GNU C compiler... yes
checking whether x86_64-linux-gnu-gcc accepts -g... yes
checking for x86_64-linux-gnu-gcc option to accept ISO C89... none needed
checking whether x86_64-linux-gnu-gcc understands -c and -o together... yes
checking dependency style of x86_64-linux-gnu-gcc... none
checking for a sed that does not truncate output... /bin/sed
checking for grep that handles long lines and -e... /bin/grep
checking for egrep... /bin/grep -E
checking for fgrep... /bin/grep -F
checking for ld used by x86_64-linux-gnu-gcc... /usr/bin/x86_64-linux-gnu-ld
checking if the linker (/usr/bin/x86_64-linux-gnu-ld) is GNU ld... yes
checking for BSD- or MS-compatible name lister (nm)... /usr/bin/x86_64-linux-gnu-nm -B
checking the name lister (/usr/bin/x86_64-linux-gnu-nm -B) interface... BSD nm
checking whether ln -s works... yes
checking the maximum length of command line arguments... 1572864
checking how to convert x86_64-pc-linux-gnu file names to x86_64-pc-linux-gnu format... func_convert_file_noop
checking how to convert x86_64-pc-linux-gnu file names to toolchain format... func_convert_file_noop
checking for /usr/bin/x86_64-linux-gnu-ld option to reload object files... -r
checking for x86_64-linux-gnu-objdump... x86_64-linux-gnu-objdump
checking how to recognize dependent libraries... pass_all
checking for x86_64-linux-gnu-dlltool... no
checking for dlltool... no
checking how to associate runtime and link libraries... printf %s\n
checking for x86_64-linux-gnu-ar... x86_64-linux-gnu-ar
checking for archiver @FILE support... @
checking for x86_64-linux-gnu-strip... x86_64-linux-gnu-strip
checking for x86_64-linux-gnu-ranlib... x86_64-linux-gnu-ranlib
checking command to parse /usr/bin/x86_64-linux-gnu-nm -B output from x86_64-linux-gnu-gcc object... ok
checking for sysroot... no
checking for a working dd... /bin/dd
checking how to truncate binary pipes... /bin/dd bs=4096 count=1
checking for x86_64-linux-gnu-mt... no
checking for mt... no
checking if : is a manifest tool... no
checking how to run the C preprocessor... x86_64-linux-gnu-gcc -E
checking for ANSI C header files... yes
checking for sys/types.h... yes
checking for sys/stat.h... yes
checking for stdlib.h... yes
checking for string.h... yes
checking for memory.h... yes
checking for strings.h... yes
checking for inttypes.h... yes
checking for stdint.h... yes
checking for unistd.h... yes
checking for dlfcn.h... yes
checking for objdir... .libs
checking if x86_64-linux-gnu-gcc supports -fno-rtti -fno-exceptions... yes
checking for x86_64-linux-gnu-gcc option to produce PIC... -fPIC -DPIC
checking if x86_64-linux-gnu-gcc PIC flag -fPIC -DPIC works... yes
checking if x86_64-linux-gnu-gcc static flag -static works... yes
checking if x86_64-linux-gnu-gcc supports -c -o file.o... yes
checking if x86_64-linux-gnu-gcc supports -c -o file.o... (cached) yes
checking whether the x86_64-linux-gnu-gcc linker (/usr/bin/x86_64-linux-gnu-ld -m elf_x86_64) supports shared libraries... yes
checking whether -lc should be explicitly linked in... no
checking dynamic linker characteristics... GNU/Linux ld.so
checking how to hardcode library paths into programs... immediate
checking whether stripping libraries is possible... yes
checking if libtool supports shared libraries... yes
checking whether to build shared libraries... yes
checking whether to build static libraries... no
checking for x86_64-linux-gnu-gcc... (cached) x86_64-linux-gnu-gcc
checking whether we are using the GNU C compiler... (cached) yes
checking whether x86_64-linux-gnu-gcc accepts -g... (cached) yes
checking for x86_64-linux-gnu-gcc option to accept ISO C89... (cached) none needed
checking whether x86_64-linux-gnu-gcc understands -c and -o together... (cached) yes
checking dependency style of x86_64-linux-gnu-gcc... (cached) none
checking for x86_64-linux-gnu-g++... x86_64-linux-gnu-g++
checking whether we are using the GNU C++ compiler... yes
checking whether x86_64-linux-gnu-g++ accepts -g... yes
checking dependency style of x86_64-linux-gnu-g++... none
checking how to run the C++ preprocessor... x86_64-linux-gnu-g++ -E
checking for ld used by x86_64-linux-gnu-g++... /usr/bin/x86_64-linux-gnu-ld -m elf_x86_64
checking if the linker (/usr/bin/x86_64-linux-gnu-ld -m elf_x86_64) is GNU ld... yes
checking whether the x86_64-linux-gnu-g++ linker (/usr/bin/x86_64-linux-gnu-ld -m elf_x86_64) supports shared libraries... yes
checking for x86_64-linux-gnu-g++ option to produce PIC... -fPIC -DPIC
checking if x86_64-linux-gnu-g++ PIC flag -fPIC -DPIC works... yes
checking if x86_64-linux-gnu-g++ static flag -static works... yes
checking if x86_64-linux-gnu-g++ supports -c -o file.o... yes
checking if x86_64-linux-gnu-g++ supports -c -o file.o... (cached) yes
checking whether the x86_64-linux-gnu-g++ linker (/usr/bin/x86_64-linux-gnu-ld -m elf_x86_64) supports shared libraries... yes
checking dynamic linker characteristics... (cached) GNU/Linux ld.so
checking how to hardcode library paths into programs... immediate
checking for a sed that does not truncate output... (cached) /bin/sed
checking for x86_64-linux-gnu-pkg-config... /usr/bin/x86_64-linux-gnu-pkg-config
checking pkg-config is at least version 0.9.0... yes
checking available C++ standard... c++17
checking whether C++ compiler understands -Wno-variadic-macros option... yes
checking for ncursesw6-config... ncursesw6-config
checking ncurses.h usability... yes
checking ncurses.h presence... yes
checking for ncurses.h... yes
checking syslog.h usability... yes
checking syslog.h presence... yes
checking for syslog.h... yes
checking sys/un.h usability... yes
checking sys/un.h presence... yes
checking for sys/un.h... yes
checking for sys/stat.h... (cached) yes
checking malloc.h usability... yes
checking malloc.h presence... yes
checking for malloc.h... yes
checking for mallinfo... yes
checking for timegm... yes
checking for getpeereid... no
checking for getpwnam_r... yes
checking for vsyslog... yes
checking for vsnprintf_l... no
checking for siginfo_t.si_fd siginfo_t.si_utime... no
checking for sockpeercred.uid... no
checking for PHP... checking for PHP includes... -I/usr/include/php/20190902 -I/usr/include/php/20190902/main -I/usr/include/php/20190902/TSRM -I/usr/include/php/20190902/Zend -I/usr/include/php/20190902/ext -I/usr/include/php/20190902/ext/date/lib
checking for PHP extension directory... /usr/lib/php/20190902
checking for PHP config scan directory... /etc/php/7.4/cli/conf.d
checking acquired PHP settings... configure: error: broken
	cd debian/build && tail -v -n \+0 config.log
==> config.log <==
This file contains any messages produced by compilers while
running configure, to aid debugging if configure makes a mistake.

It was created by kopano configure 8.7.0, which was
generated by GNU Autoconf 2.69.  Invocation command line was

  $ ../../configure --build=x86_64-linux-gnu --prefix=/usr --includedir=${prefix}/include --mandir=${prefix}/share/man --infodir=${prefix}/share/info --sysconfdir=/etc --localstatedir=/var --disable-silent-rules --libdir=${prefix}/lib/x86_64-linux-gnu --runstatedir=/run --disable-maintainer-mode --disable-dependency-tracking --host=x86_64-linux-gnu --build=x86_64-linux-gnu --prefix=/usr --localstatedir=/var --sysconfdir=/etc --with-systemunitdir=/usr/lib/systemd/system --mandir=${prefix}/share/man --infodir=${prefix}/share/info --with-php-config=/usr/bin/php-config --with-quotatemplate-prefix=/etc/kopano/quotamail --disable-static --enable-epoll --with-distro=debian --enable-python PYTHON=python3 --enable-release

## --------- ##
## Platform. ##
## --------- ##

hostname = ip-172-31-1-11
uname -m = x86_64
uname -r = 4.19.0-6-cloud-amd64
uname -s = Linux
uname -v = #1 SMP Debian 4.19.67-2+deb10u2 (2019-11-11)

/usr/bin/uname -p = unknown
/bin/uname -X     = unknown

/bin/arch              = unknown
/usr/bin/arch -k       = unknown
/usr/convex/getsysinfo = unknown
/usr/bin/hostinfo      = unknown
/bin/machine           = unknown
/usr/bin/oslevel       = unknown
/bin/universe          = unknown

PATH: /usr/local/sbin
PATH: /usr/local/bin
PATH: /usr/sbin
PATH: /usr/bin
PATH: /sbin
PATH: /bin
PATH: /usr/games


## ----------- ##
## Core tests. ##
## ----------- ##

configure:2764: checking for a BSD-compatible install
configure:2832: result: /usr/bin/install -c
configure:2843: checking whether build environment is sane
configure:2898: result: yes
configure:3047: checking for a thread-safe mkdir -p
configure:3086: result: /bin/mkdir -p
configure:3093: checking for gawk
configure:3123: result: no
configure:3093: checking for mawk
configure:3109: found /usr/bin/mawk
configure:3120: result: mawk
configure:3131: checking whether make sets $(MAKE)
configure:3153: result: yes
configure:3182: checking whether make supports nested variables
configure:3199: result: yes
configure:3336: checking whether make supports nested variables
configure:3353: result: yes
configure:3428: checking build system type
configure:3442: result: x86_64-pc-linux-gnu
configure:3462: checking host system type
configure:3475: result: x86_64-pc-linux-gnu
configure:3516: checking how to print strings
configure:3543: result: printf
configure:3568: checking whether make supports the include directive
configure:3583: make -f confmf.GNU && cat confinc.out
make[2]: Entering directory '/<<PKGBUILDDIR>>/debian/build'
make[2]: Leaving directory '/<<PKGBUILDDIR>>/debian/build'
this is the am__doit target
configure:3586: $? = 0
configure:3605: result: yes (GNU style)
configure:3635: checking for x86_64-linux-gnu-gcc
configure:3651: found /usr/bin/x86_64-linux-gnu-gcc
configure:3662: result: x86_64-linux-gnu-gcc
configure:3931: checking for C compiler version
configure:3940: x86_64-linux-gnu-gcc --version >&5
clang version 8.0.1-7 (tags/RELEASE_801/final)
Target: x86_64-unknown-linux-gnu
Thread model: posix
InstalledDir: /usr/bin
configure:3951: $? = 0
configure:3940: x86_64-linux-gnu-gcc -v >&5
clang version 8.0.1-7 (tags/RELEASE_801/final)
Target: x86_64-unknown-linux-gnu
Thread model: posix
InstalledDir: /usr/bin
Found candidate GCC installation: /usr/bin/../lib/gcc/x86_64-linux-gnu/10
Found candidate GCC installation: /usr/bin/../lib/gcc/x86_64-linux-gnu/8
Found candidate GCC installation: /usr/bin/../lib/gcc/x86_64-linux-gnu/9
Found candidate GCC installation: /usr/lib/gcc/x86_64-linux-gnu/10
Found candidate GCC installation: /usr/lib/gcc/x86_64-linux-gnu/8
Found candidate GCC installation: /usr/lib/gcc/x86_64-linux-gnu/9
... rest of stderr output deleted ...
configure:3951: $? = 0
configure:3940: x86_64-linux-gnu-gcc -V >&5
clang: error: argument to '-V' is missing (expected 1 value)
clang: error: no input files
configure:3951: $? = 1
configure:3940: x86_64-linux-gnu-gcc -qversion >&5
clang: error: unknown argument '-qversion', did you mean '--version'?
clang: error: no input files
configure:3951: $? = 1
configure:3971: checking whether the C compiler works
configure:3993: x86_64-linux-gnu-gcc -g -O2 -fdebug-prefix-map=/<<PKGBUILDDIR>>=. -fstack-protector-strong -Wformat -Werror=format-security -Wdate-time -D_FORTIFY_SOURCE=2 -Wl,-z,relro -Wl,-z,now conftest.c  >&5
configure:3997: $? = 0
configure:4045: result: yes
configure:4048: checking for C compiler default output file name
configure:4050: result: a.out
configure:4056: checking for suffix of executables
configure:4063: x86_64-linux-gnu-gcc -o conftest -g -O2 -fdebug-prefix-map=/<<PKGBUILDDIR>>=. -fstack-protector-strong -Wformat -Werror=format-security -Wdate-time -D_FORTIFY_SOURCE=2 -Wl,-z,relro -Wl,-z,now conftest.c  >&5
configure:4067: $? = 0
configure:4089: result: 
configure:4111: checking whether we are cross compiling
configure:4119: x86_64-linux-gnu-gcc -o conftest -g -O2 -fdebug-prefix-map=/<<PKGBUILDDIR>>=. -fstack-protector-strong -Wformat -Werror=format-security -Wdate-time -D_FORTIFY_SOURCE=2 -Wl,-z,relro -Wl,-z,now conftest.c  >&5
configure:4123: $? = 0
configure:4130: ./conftest
configure:4134: $? = 0
configure:4122: result: no
configure:4127: checking for suffix of object files
configure:4149: x86_64-linux-gnu-gcc -c -g -O2 -fdebug-prefix-map=/<<PKGBUILDDIR>>=. -fstack-protector-strong -Wformat -Werror=format-security -Wdate-time -D_FORTIFY_SOURCE=2 conftest.c >&5
configure:4153: $? = 0
configure:4174: result: o
configure:4178: checking whether we are using the GNU C compiler
configure:4197: x86_64-linux-gnu-gcc -c -g -O2 -fdebug-prefix-map=/<<PKGBUILDDIR>>=. -fstack-protector-strong -Wformat -Werror=format-security -Wdate-time -D_FORTIFY_SOURCE=2 conftest.c >&5
configure:4197: $? = 0
configure:4206: result: yes
configure:4215: checking whether x86_64-linux-gnu-gcc accepts -g
configure:4235: x86_64-linux-gnu-gcc -c -g -Wdate-time -D_FORTIFY_SOURCE=2 conftest.c >&5
configure:4235: $? = 0
configure:4276: result: yes
configure:4293: checking for x86_64-linux-gnu-gcc option to accept ISO C89
configure:4356: x86_64-linux-gnu-gcc  -c -g -O2 -fdebug-prefix-map=/<<PKGBUILDDIR>>=. -fstack-protector-strong -Wformat -Werror=format-security -Wdate-time -D_FORTIFY_SOURCE=2 conftest.c >&5
configure:4356: $? = 0
configure:4369: result: none needed
configure:4394: checking whether x86_64-linux-gnu-gcc understands -c and -o together
configure:4416: x86_64-linux-gnu-gcc -c conftest.c -o conftest2.o
configure:4419: $? = 0
configure:4416: x86_64-linux-gnu-gcc -c conftest.c -o conftest2.o
configure:4419: $? = 0
configure:4431: result: yes
configure:4450: checking dependency style of x86_64-linux-gnu-gcc
configure:4561: result: none
configure:4576: checking for a sed that does not truncate output
configure:4640: result: /bin/sed
configure:4658: checking for grep that handles long lines and -e
configure:4716: result: /bin/grep
configure:4721: checking for egrep
configure:4783: result: /bin/grep -E
configure:4788: checking for fgrep
configure:4850: result: /bin/grep -F
configure:4885: checking for ld used by x86_64-linux-gnu-gcc
configure:4952: result: /usr/bin/x86_64-linux-gnu-ld
configure:4959: checking if the linker (/usr/bin/x86_64-linux-gnu-ld) is GNU ld
configure:4974: result: yes
configure:4986: checking for BSD- or MS-compatible name lister (nm)
configure:5040: result: /usr/bin/x86_64-linux-gnu-nm -B
configure:5170: checking the name lister (/usr/bin/x86_64-linux-gnu-nm -B) interface
configure:5177: x86_64-linux-gnu-gcc -c -g -O2 -fdebug-prefix-map=/<<PKGBUILDDIR>>=. -fstack-protector-strong -Wformat -Werror=format-security -Wdate-time -D_FORTIFY_SOURCE=2 conftest.c >&5
configure:5180: /usr/bin/x86_64-linux-gnu-nm -B "conftest.o"
configure:5183: output
0000000000000000 B some_variable
configure:5184: result: BSD nm
configure:5187: checking whether ln -s works
configure:5191: result: yes
configure:5199: checking the maximum length of command line arguments
configure:5330: result: 1572864
configure:5378: checking how to convert x86_64-pc-linux-gnu file names to x86_64-pc-linux-gnu format
configure:5418: result: func_convert_file_noop
configure:5425: checking how to convert x86_64-pc-linux-gnu file names to toolchain format
configure:5445: result: func_convert_file_noop
configure:5452: checking for /usr/bin/x86_64-linux-gnu-ld option to reload object files
configure:5459: result: -r
configure:5493: checking for x86_64-linux-gnu-objdump
configure:5509: found /usr/bin/x86_64-linux-gnu-objdump
configure:5520: result: x86_64-linux-gnu-objdump
configure:5592: checking how to recognize dependent libraries
configure:5792: result: pass_all
configure:5837: checking for x86_64-linux-gnu-dlltool
configure:5867: result: no
configure:5877: checking for dlltool
configure:5907: result: no
configure:5937: checking how to associate runtime and link libraries
configure:5964: result: printf %s\n
configure:5981: checking for x86_64-linux-gnu-ar
configure:5997: found /usr/bin/x86_64-linux-gnu-ar
configure:6008: result: x86_64-linux-gnu-ar
configure:6089: checking for archiver @FILE support
configure:6106: x86_64-linux-gnu-gcc -c -g -O2 -fdebug-prefix-map=/<<PKGBUILDDIR>>=. -fstack-protector-strong -Wformat -Werror=format-security -Wdate-time -D_FORTIFY_SOURCE=2 conftest.c >&5
configure:6106: $? = 0
configure:6109: x86_64-linux-gnu-ar cr libconftest.a @conftest.lst >&5
configure:6112: $? = 0
configure:6117: x86_64-linux-gnu-ar cr libconftest.a @conftest.lst >&5
x86_64-linux-gnu-ar: conftest.o: No such file or directory
configure:6120: $? = 1
configure:6119: result: @
configure:6137: checking for x86_64-linux-gnu-strip
configure:6153: found /usr/bin/x86_64-linux-gnu-strip
configure:6164: result: x86_64-linux-gnu-strip
configure:6236: checking for x86_64-linux-gnu-ranlib
configure:6252: found /usr/bin/x86_64-linux-gnu-ranlib
configure:6263: result: x86_64-linux-gnu-ranlib
configure:6405: checking command to parse /usr/bin/x86_64-linux-gnu-nm -B output from x86_64-linux-gnu-gcc object
configure:6558: x86_64-linux-gnu-gcc -c -g -O2 -fdebug-prefix-map=/<<PKGBUILDDIR>>=. -fstack-protector-strong -Wformat -Werror=format-security -Wdate-time -D_FORTIFY_SOURCE=2 conftest.c >&5
configure:6561: $? = 0
configure:6565: /usr/bin/x86_64-linux-gnu-nm -B conftest.o | sed -n -e 's/^.*[	 ]\([ABCDGIRSTW][ABCDGIRSTW]*\)[	 ][	 ]*\([_A-Za-z][_A-Za-z0-9]*\)$/\1 \2 \2/p' | sed '/ __gnu_lto/d' > conftest.nm
configure:6631: x86_64-linux-gnu-gcc -o conftest -g -O2 -fdebug-prefix-map=/<<PKGBUILDDIR>>=. -fstack-protector-strong -Wformat -Werror=format-security -Wdate-time -D_FORTIFY_SOURCE=2 -Wl,-z,relro -Wl,-z,now conftest.c conftstm.o >&5
configure:6634: $? = 0
configure:6672: result: ok
configure:6719: checking for sysroot
configure:6749: result: no
configure:6756: checking for a working dd
configure:6794: result: /bin/dd
configure:6798: checking how to truncate binary pipes
configure:6813: result: /bin/dd bs=4096 count=1
configure:6949: x86_64-linux-gnu-gcc -c -g -O2 -fdebug-prefix-map=/<<PKGBUILDDIR>>=. -fstack-protector-strong -Wformat -Werror=format-security -Wdate-time -D_FORTIFY_SOURCE=2 conftest.c >&5
configure:6952: $? = 0
configure:7102: checking for x86_64-linux-gnu-mt
configure:7132: result: no
configure:7142: checking for mt
configure:7172: result: no
configure:7192: checking if : is a manifest tool
configure:7198: : '-?'
configure:7206: result: no
configure:7883: checking how to run the C preprocessor
configure:7914: x86_64-linux-gnu-gcc -E -Wdate-time -D_FORTIFY_SOURCE=2 conftest.c
configure:7914: $? = 0
configure:7928: x86_64-linux-gnu-gcc -E -Wdate-time -D_FORTIFY_SOURCE=2 conftest.c
conftest.c:11:10: fatal error: 'ac_nonexistent.h' file not found
#include <ac_nonexistent.h>
         ^~~~~~~~~~~~~~~~~~
1 error generated.
configure:7928: $? = 1
configure: failed program was:
| /* confdefs.h */
| #define PACKAGE_NAME "kopano"
| #define PACKAGE_TARNAME "kopano"
| #define PACKAGE_VERSION "8.7.0"
| #define PACKAGE_STRING "kopano 8.7.0"
| #define PACKAGE_BUGREPORT "development@kopano.io"
| #define PACKAGE_URL ""
| #define PACKAGE "kopano"
| #define VERSION "8.7.0"
| /* end confdefs.h.  */
| #include <ac_nonexistent.h>
configure:7953: result: x86_64-linux-gnu-gcc -E
configure:7973: x86_64-linux-gnu-gcc -E -Wdate-time -D_FORTIFY_SOURCE=2 conftest.c
configure:7973: $? = 0
configure:7987: x86_64-linux-gnu-gcc -E -Wdate-time -D_FORTIFY_SOURCE=2 conftest.c
conftest.c:11:10: fatal error: 'ac_nonexistent.h' file not found
#include <ac_nonexistent.h>
         ^~~~~~~~~~~~~~~~~~
1 error generated.
configure:7987: $? = 1
configure: failed program was:
| /* confdefs.h */
| #define PACKAGE_NAME "kopano"
| #define PACKAGE_TARNAME "kopano"
| #define PACKAGE_VERSION "8.7.0"
| #define PACKAGE_STRING "kopano 8.7.0"
| #define PACKAGE_BUGREPORT "development@kopano.io"
| #define PACKAGE_URL ""
| #define PACKAGE "kopano"
| #define VERSION "8.7.0"
| /* end confdefs.h.  */
| #include <ac_nonexistent.h>
configure:8016: checking for ANSI C header files
configure:8036: x86_64-linux-gnu-gcc -c -g -O2 -fdebug-prefix-map=/<<PKGBUILDDIR>>=. -fstack-protector-strong -Wformat -Werror=format-security -Wdate-time -D_FORTIFY_SOURCE=2 conftest.c >&5
configure:8036: $? = 0
configure:8109: x86_64-linux-gnu-gcc -o conftest -g -O2 -fdebug-prefix-map=/<<PKGBUILDDIR>>=. -fstack-protector-strong -Wformat -Werror=format-security -Wdate-time -D_FORTIFY_SOURCE=2 -Wl,-z,relro -Wl,-z,now conftest.c  >&5
configure:8109: $? = 0
configure:8109: ./conftest
configure:8109: $? = 0
configure:8120: result: yes
configure:8133: checking for sys/types.h
configure:8133: x86_64-linux-gnu-gcc -c -g -O2 -fdebug-prefix-map=/<<PKGBUILDDIR>>=. -fstack-protector-strong -Wformat -Werror=format-security -Wdate-time -D_FORTIFY_SOURCE=2 conftest.c >&5
configure:8133: $? = 0
configure:8133: result: yes
configure:8133: checking for sys/stat.h
configure:8133: x86_64-linux-gnu-gcc -c -g -O2 -fdebug-prefix-map=/<<PKGBUILDDIR>>=. -fstack-protector-strong -Wformat -Werror=format-security -Wdate-time -D_FORTIFY_SOURCE=2 conftest.c >&5
configure:8133: $? = 0
configure:8133: result: yes
configure:8133: checking for stdlib.h
configure:8133: x86_64-linux-gnu-gcc -c -g -O2 -fdebug-prefix-map=/<<PKGBUILDDIR>>=. -fstack-protector-strong -Wformat -Werror=format-security -Wdate-time -D_FORTIFY_SOURCE=2 conftest.c >&5
configure:8133: $? = 0
configure:8133: result: yes
configure:8133: checking for string.h
configure:8133: x86_64-linux-gnu-gcc -c -g -O2 -fdebug-prefix-map=/<<PKGBUILDDIR>>=. -fstack-protector-strong -Wformat -Werror=format-security -Wdate-time -D_FORTIFY_SOURCE=2 conftest.c >&5
configure:8133: $? = 0
configure:8133: result: yes
configure:8133: checking for memory.h
configure:8133: x86_64-linux-gnu-gcc -c -g -O2 -fdebug-prefix-map=/<<PKGBUILDDIR>>=. -fstack-protector-strong -Wformat -Werror=format-security -Wdate-time -D_FORTIFY_SOURCE=2 conftest.c >&5
configure:8133: $? = 0
configure:8133: result: yes
configure:8133: checking for strings.h
configure:8133: x86_64-linux-gnu-gcc -c -g -O2 -fdebug-prefix-map=/<<PKGBUILDDIR>>=. -fstack-protector-strong -Wformat -Werror=format-security -Wdate-time -D_FORTIFY_SOURCE=2 conftest.c >&5
configure:8133: $? = 0
configure:8133: result: yes
configure:8133: checking for inttypes.h
configure:8133: x86_64-linux-gnu-gcc -c -g -O2 -fdebug-prefix-map=/<<PKGBUILDDIR>>=. -fstack-protector-strong -Wformat -Werror=format-security -Wdate-time -D_FORTIFY_SOURCE=2 conftest.c >&5
configure:8133: $? = 0
configure:8133: result: yes
configure:8133: checking for stdint.h
configure:8133: x86_64-linux-gnu-gcc -c -g -O2 -fdebug-prefix-map=/<<PKGBUILDDIR>>=. -fstack-protector-strong -Wformat -Werror=format-security -Wdate-time -D_FORTIFY_SOURCE=2 conftest.c >&5
configure:8133: $? = 0
configure:8133: result: yes
configure:8133: checking for unistd.h
configure:8133: x86_64-linux-gnu-gcc -c -g -O2 -fdebug-prefix-map=/<<PKGBUILDDIR>>=. -fstack-protector-strong -Wformat -Werror=format-security -Wdate-time -D_FORTIFY_SOURCE=2 conftest.c >&5
configure:8133: $? = 0
configure:8133: result: yes
configure:8147: checking for dlfcn.h
configure:8147: x86_64-linux-gnu-gcc -c -g -O2 -fdebug-prefix-map=/<<PKGBUILDDIR>>=. -fstack-protector-strong -Wformat -Werror=format-security -Wdate-time -D_FORTIFY_SOURCE=2 conftest.c >&5
configure:8147: $? = 0
configure:8147: result: yes
configure:8373: checking for objdir
configure:8388: result: .libs
configure:8652: checking if x86_64-linux-gnu-gcc supports -fno-rtti -fno-exceptions
configure:8670: x86_64-linux-gnu-gcc -c -g -O2 -fdebug-prefix-map=/<<PKGBUILDDIR>>=. -fstack-protector-strong -Wformat -Werror=format-security -Wdate-time -D_FORTIFY_SOURCE=2 -fno-rtti -fno-exceptions conftest.c >&5
configure:8674: $? = 0
configure:8687: result: yes
configure:9051: checking for x86_64-linux-gnu-gcc option to produce PIC
configure:9058: result: -fPIC -DPIC
configure:9066: checking if x86_64-linux-gnu-gcc PIC flag -fPIC -DPIC works
configure:9084: x86_64-linux-gnu-gcc -c -g -O2 -fdebug-prefix-map=/<<PKGBUILDDIR>>=. -fstack-protector-strong -Wformat -Werror=format-security -Wdate-time -D_FORTIFY_SOURCE=2 -fPIC -DPIC -DPIC conftest.c >&5
configure:9088: $? = 0
configure:9101: result: yes
configure:9130: checking if x86_64-linux-gnu-gcc static flag -static works
configure:9158: result: yes
configure:9173: checking if x86_64-linux-gnu-gcc supports -c -o file.o
configure:9194: x86_64-linux-gnu-gcc -c -g -O2 -fdebug-prefix-map=/<<PKGBUILDDIR>>=. -fstack-protector-strong -Wformat -Werror=format-security -Wdate-time -D_FORTIFY_SOURCE=2 -o out/conftest2.o conftest.c >&5
configure:9198: $? = 0
configure:9220: result: yes
configure:9228: checking if x86_64-linux-gnu-gcc supports -c -o file.o
configure:9275: result: yes
configure:9308: checking whether the x86_64-linux-gnu-gcc linker (/usr/bin/x86_64-linux-gnu-ld -m elf_x86_64) supports shared libraries
configure:10571: result: yes
configure:10608: checking whether -lc should be explicitly linked in
configure:10616: x86_64-linux-gnu-gcc -c -g -O2 -fdebug-prefix-map=/<<PKGBUILDDIR>>=. -fstack-protector-strong -Wformat -Werror=format-security -Wdate-time -D_FORTIFY_SOURCE=2 conftest.c >&5
configure:10619: $? = 0
configure:10634: x86_64-linux-gnu-gcc -shared  -fPIC -DPIC conftest.o  -v -Wl,-soname -Wl,conftest -o conftest 2\>\&1 \| /bin/grep  -lc  \>/dev/null 2\>\&1
configure:10637: $? = 0
configure:10651: result: no
configure:10811: checking dynamic linker characteristics
configure:11392: x86_64-linux-gnu-gcc -o conftest -g -O2 -fdebug-prefix-map=/<<PKGBUILDDIR>>=. -fstack-protector-strong -Wformat -Werror=format-security -Wdate-time -D_FORTIFY_SOURCE=2 -Wl,-z,relro -Wl,-z,now -Wl,-rpath -Wl,/foo conftest.c  >&5
configure:11392: $? = 0
configure:11641: result: GNU/Linux ld.so
configure:11763: checking how to hardcode library paths into programs
configure:11788: result: immediate
configure:12336: checking whether stripping libraries is possible
configure:12341: result: yes
configure:12376: checking if libtool supports shared libraries
configure:12378: result: yes
configure:12381: checking whether to build shared libraries
configure:12406: result: yes
configure:12409: checking whether to build static libraries
configure:12413: result: no
configure:9234: checking for x86_64-linux-gnu-gcc
configure:9261: result: x86_64-linux-gnu-gcc
configure:9530: checking for C compiler version
configure:9539: x86_64-linux-gnu-gcc --version >&5
clang version 8.0.1-7 (tags/RELEASE_801/final)
Target: x86_64-unknown-linux-gnu
Thread model: posix
InstalledDir: /usr/bin
configure:9550: $? = 0
configure:9539: x86_64-linux-gnu-gcc -v >&5
clang version 8.0.1-7 (tags/RELEASE_801/final)
Target: x86_64-unknown-linux-gnu
Thread model: posix
InstalledDir: /usr/bin
Found candidate GCC installation: /usr/bin/../lib/gcc/x86_64-linux-gnu/10
Found candidate GCC installation: /usr/bin/../lib/gcc/x86_64-linux-gnu/8
Found candidate GCC installation: /usr/bin/../lib/gcc/x86_64-linux-gnu/9
Found candidate GCC installation: /usr/lib/gcc/x86_64-linux-gnu/10
Found candidate GCC installation: /usr/lib/gcc/x86_64-linux-gnu/8
Found candidate GCC installation: /usr/lib/gcc/x86_64-linux-gnu/9
... rest of stderr output deleted ...
configure:9550: $? = 0
configure:9539: x86_64-linux-gnu-gcc -V >&5
clang: error: argument to '-V' is missing (expected 1 value)
clang: error: no input files
configure:9550: $? = 1
configure:9539: x86_64-linux-gnu-gcc -qversion >&5
clang: error: unknown argument '-qversion', did you mean '--version'?
clang: error: no input files
configure:9550: $? = 1
configure:9554: checking whether we are using the GNU C compiler
configure:9582: result: yes
configure:9591: checking whether x86_64-linux-gnu-gcc accepts -g
configure:9652: result: yes
configure:9669: checking for x86_64-linux-gnu-gcc option to accept ISO C89
configure:9745: result: none needed
configure:9770: checking whether x86_64-linux-gnu-gcc understands -c and -o together
configure:9807: result: yes
configure:9826: checking dependency style of x86_64-linux-gnu-gcc
configure:9937: result: none
configure:9967: checking for x86_64-linux-gnu-g++
configure:9983: found /usr/bin/x86_64-linux-gnu-g++
configure:9994: result: x86_64-linux-gnu-g++
configure:10065: checking for C++ compiler version
configure:10074: x86_64-linux-gnu-g++ --version >&5
clang version 8.0.1-7 (tags/RELEASE_801/final)
Target: x86_64-unknown-linux-gnu
Thread model: posix
InstalledDir: /usr/bin
configure:10085: $? = 0
configure:10074: x86_64-linux-gnu-g++ -v >&5
clang version 8.0.1-7 (tags/RELEASE_801/final)
Target: x86_64-unknown-linux-gnu
Thread model: posix
InstalledDir: /usr/bin
Found candidate GCC installation: /usr/bin/../lib/gcc/x86_64-linux-gnu/10
Found candidate GCC installation: /usr/bin/../lib/gcc/x86_64-linux-gnu/8
Found candidate GCC installation: /usr/bin/../lib/gcc/x86_64-linux-gnu/9
Found candidate GCC installation: /usr/lib/gcc/x86_64-linux-gnu/10
Found candidate GCC installation: /usr/lib/gcc/x86_64-linux-gnu/8
Found candidate GCC installation: /usr/lib/gcc/x86_64-linux-gnu/9
... rest of stderr output deleted ...
configure:10085: $? = 0
configure:10074: x86_64-linux-gnu-g++ -V >&5
clang: error: argument to '-V' is missing (expected 1 value)
clang: error: no input files
configure:10085: $? = 1
configure:10074: x86_64-linux-gnu-g++ -qversion >&5
clang: error: unknown argument '-qversion', did you mean '--version'?
clang: error: no input files
configure:10085: $? = 1
configure:10089: checking whether we are using the GNU C++ compiler
configure:10108: x86_64-linux-gnu-g++ -c -g -O2 -fdebug-prefix-map=/<<PKGBUILDDIR>>=. -fstack-protector-strong -Wformat -Werror=format-security -Wdate-time -D_FORTIFY_SOURCE=2 conftest.cpp >&5
configure:10108: $? = 0
configure:10117: result: yes
configure:10126: checking whether x86_64-linux-gnu-g++ accepts -g
configure:10146: x86_64-linux-gnu-g++ -c -g -Wdate-time -D_FORTIFY_SOURCE=2 conftest.cpp >&5
configure:10146: $? = 0
configure:10187: result: yes
configure:10212: checking dependency style of x86_64-linux-gnu-g++
configure:10323: result: none
configure:10356: checking how to run the C++ preprocessor
configure:10383: x86_64-linux-gnu-g++ -E -Wdate-time -D_FORTIFY_SOURCE=2 conftest.cpp
configure:10383: $? = 0
configure:10397: x86_64-linux-gnu-g++ -E -Wdate-time -D_FORTIFY_SOURCE=2 conftest.cpp
conftest.cpp:23:10: fatal error: 'ac_nonexistent.h' file not found
#include <ac_nonexistent.h>
         ^~~~~~~~~~~~~~~~~~
1 error generated.
configure:10397: $? = 1
configure: failed program was:
| /* confdefs.h */
| #define PACKAGE_NAME "kopano"
| #define PACKAGE_TARNAME "kopano"
| #define PACKAGE_VERSION "8.7.0"
| #define PACKAGE_STRING "kopano 8.7.0"
| #define PACKAGE_BUGREPORT "development@kopano.io"
| #define PACKAGE_URL ""
| #define PACKAGE "kopano"
| #define VERSION "8.7.0"
| #define STDC_HEADERS 1
| #define HAVE_SYS_TYPES_H 1
| #define HAVE_SYS_STAT_H 1
| #define HAVE_STDLIB_H 1
| #define HAVE_STRING_H 1
| #define HAVE_MEMORY_H 1
| #define HAVE_STRINGS_H 1
| #define HAVE_INTTYPES_H 1
| #define HAVE_STDINT_H 1
| #define HAVE_UNISTD_H 1
| #define HAVE_DLFCN_H 1
| #define LT_OBJDIR ".libs/"
| /* end confdefs.h.  */
| #include <ac_nonexistent.h>
configure:10422: result: x86_64-linux-gnu-g++ -E
configure:10442: x86_64-linux-gnu-g++ -E -Wdate-time -D_FORTIFY_SOURCE=2 conftest.cpp
configure:10442: $? = 0
configure:10456: x86_64-linux-gnu-g++ -E -Wdate-time -D_FORTIFY_SOURCE=2 conftest.cpp
conftest.cpp:23:10: fatal error: 'ac_nonexistent.h' file not found
#include <ac_nonexistent.h>
         ^~~~~~~~~~~~~~~~~~
1 error generated.
configure:10456: $? = 1
configure: failed program was:
| /* confdefs.h */
| #define PACKAGE_NAME "kopano"
| #define PACKAGE_TARNAME "kopano"
| #define PACKAGE_VERSION "8.7.0"
| #define PACKAGE_STRING "kopano 8.7.0"
| #define PACKAGE_BUGREPORT "development@kopano.io"
| #define PACKAGE_URL ""
| #define PACKAGE "kopano"
| #define VERSION "8.7.0"
| #define STDC_HEADERS 1
| #define HAVE_SYS_TYPES_H 1
| #define HAVE_SYS_STAT_H 1
| #define HAVE_STDLIB_H 1
| #define HAVE_STRING_H 1
| #define HAVE_MEMORY_H 1
| #define HAVE_STRINGS_H 1
| #define HAVE_INTTYPES_H 1
| #define HAVE_STDINT_H 1
| #define HAVE_UNISTD_H 1
| #define HAVE_DLFCN_H 1
| #define LT_OBJDIR ".libs/"
| /* end confdefs.h.  */
| #include <ac_nonexistent.h>
configure:10618: checking for ld used by x86_64-linux-gnu-g++
configure:10685: result: /usr/bin/x86_64-linux-gnu-ld -m elf_x86_64
configure:10692: checking if the linker (/usr/bin/x86_64-linux-gnu-ld -m elf_x86_64) is GNU ld
configure:10707: result: yes
configure:10762: checking whether the x86_64-linux-gnu-g++ linker (/usr/bin/x86_64-linux-gnu-ld -m elf_x86_64) supports shared libraries
configure:11835: result: yes
configure:11871: x86_64-linux-gnu-g++ -c -g -O2 -fdebug-prefix-map=/<<PKGBUILDDIR>>=. -fstack-protector-strong -Wformat -Werror=format-security -Wdate-time -D_FORTIFY_SOURCE=2 conftest.cpp >&5
configure:11874: $? = 0
configure:12355: checking for x86_64-linux-gnu-g++ option to produce PIC
configure:12362: result: -fPIC -DPIC
configure:12370: checking if x86_64-linux-gnu-g++ PIC flag -fPIC -DPIC works
configure:12388: x86_64-linux-gnu-g++ -c -g -O2 -fdebug-prefix-map=/<<PKGBUILDDIR>>=. -fstack-protector-strong -Wformat -Werror=format-security -Wdate-time -D_FORTIFY_SOURCE=2 -fPIC -DPIC -DPIC conftest.cpp >&5
configure:12392: $? = 0
configure:12405: result: yes
configure:12428: checking if x86_64-linux-gnu-g++ static flag -static works
configure:12456: result: yes
configure:12468: checking if x86_64-linux-gnu-g++ supports -c -o file.o
configure:12489: x86_64-linux-gnu-g++ -c -g -O2 -fdebug-prefix-map=/<<PKGBUILDDIR>>=. -fstack-protector-strong -Wformat -Werror=format-security -Wdate-time -D_FORTIFY_SOURCE=2 -o out/conftest2.o conftest.cpp >&5
configure:12493: $? = 0
configure:12515: result: yes
configure:12520: checking if x86_64-linux-gnu-g++ supports -c -o file.o
configure:12567: result: yes
configure:12597: checking whether the x86_64-linux-gnu-g++ linker (/usr/bin/x86_64-linux-gnu-ld -m elf_x86_64) supports shared libraries
configure:12640: result: yes
configure:12781: checking dynamic linker characteristics
configure:13538: result: GNU/Linux ld.so
configure:13603: checking how to hardcode library paths into programs
configure:13628: result: immediate
configure:12500: checking for a sed that does not truncate output
configure:12564: result: /bin/sed
configure:12580: checking for x86_64-linux-gnu-pkg-config
configure:12598: found /usr/bin/x86_64-linux-gnu-pkg-config
configure:12610: result: /usr/bin/x86_64-linux-gnu-pkg-config
configure:12678: checking pkg-config is at least version 0.9.0
configure:12681: result: yes
configure:12758: checking available C++ standard
configure:12767: x86_64-linux-gnu-g++ -c -g -O2 -fdebug-prefix-map=/<<PKGBUILDDIR>>=. -fstack-protector-strong -Wformat -Werror=format-security -std=c++17 -Wdate-time -D_FORTIFY_SOURCE=2 conftest.cpp >&5
configure:12767: $? = 0
configure:12779: result: c++17
configure:12785: checking whether C++ compiler understands -Wno-variadic-macros option
configure:12788: result: yes
configure:12943: checking for ncursesw6-config
configure:12959: found /usr/bin/ncursesw6-config
configure:12970: result: ncursesw6-config
configure:12995: checking ncurses.h usability
configure:12995: x86_64-linux-gnu-g++ -c -g -O2 -fdebug-prefix-map=/<<PKGBUILDDIR>>=. -fstack-protector-strong -Wformat -Werror=format-security -Wdate-time -D_FORTIFY_SOURCE=2 conftest.cpp >&5
configure:12995: $? = 0
configure:12995: result: yes
configure:12995: checking ncurses.h presence
configure:12995: x86_64-linux-gnu-g++ -E -Wdate-time -D_FORTIFY_SOURCE=2 conftest.cpp
configure:12995: $? = 0
configure:12995: result: yes
configure:12995: checking for ncurses.h
configure:12995: result: yes
configure:13015: checking syslog.h usability
configure:13015: x86_64-linux-gnu-g++ -c -g -O2 -fdebug-prefix-map=/<<PKGBUILDDIR>>=. -fstack-protector-strong -Wformat -Werror=format-security -Wdate-time -D_FORTIFY_SOURCE=2 conftest.cpp >&5
configure:13015: $? = 0
configure:13015: result: yes
configure:13015: checking syslog.h presence
configure:13015: x86_64-linux-gnu-g++ -E -Wdate-time -D_FORTIFY_SOURCE=2 conftest.cpp
configure:13015: $? = 0
configure:13015: result: yes
configure:13015: checking for syslog.h
configure:13015: result: yes
configure:13015: checking sys/un.h usability
configure:13015: x86_64-linux-gnu-g++ -c -g -O2 -fdebug-prefix-map=/<<PKGBUILDDIR>>=. -fstack-protector-strong -Wformat -Werror=format-security -Wdate-time -D_FORTIFY_SOURCE=2 conftest.cpp >&5
configure:13015: $? = 0
configure:13015: result: yes
configure:13015: checking sys/un.h presence
configure:13015: x86_64-linux-gnu-g++ -E -Wdate-time -D_FORTIFY_SOURCE=2 conftest.cpp
configure:13015: $? = 0
configure:13015: result: yes
configure:13015: checking for sys/un.h
configure:13015: result: yes
configure:13015: checking for sys/stat.h
configure:13015: result: yes
configure:13015: checking malloc.h usability
configure:13015: x86_64-linux-gnu-g++ -c -g -O2 -fdebug-prefix-map=/<<PKGBUILDDIR>>=. -fstack-protector-strong -Wformat -Werror=format-security -Wdate-time -D_FORTIFY_SOURCE=2 conftest.cpp >&5
configure:13015: $? = 0
configure:13015: result: yes
configure:13015: checking malloc.h presence
configure:13015: x86_64-linux-gnu-g++ -E -Wdate-time -D_FORTIFY_SOURCE=2 conftest.cpp
configure:13015: $? = 0
configure:13015: result: yes
configure:13015: checking for malloc.h
configure:13015: result: yes
configure:13028: checking for mallinfo
configure:13028: x86_64-linux-gnu-g++ -o conftest -g -O2 -fdebug-prefix-map=/<<PKGBUILDDIR>>=. -fstack-protector-strong -Wformat -Werror=format-security -Wdate-time -D_FORTIFY_SOURCE=2 -Wl,-z,relro -Wl,-z,now conftest.cpp  >&5
configure:13028: $? = 0
configure:13028: result: yes
configure:13028: checking for timegm
configure:13028: x86_64-linux-gnu-g++ -o conftest -g -O2 -fdebug-prefix-map=/<<PKGBUILDDIR>>=. -fstack-protector-strong -Wformat -Werror=format-security -Wdate-time -D_FORTIFY_SOURCE=2 -Wl,-z,relro -Wl,-z,now conftest.cpp  >&5
configure:13028: $? = 0
configure:13028: result: yes
configure:13028: checking for getpeereid
configure:13028: x86_64-linux-gnu-g++ -o conftest -g -O2 -fdebug-prefix-map=/<<PKGBUILDDIR>>=. -fstack-protector-strong -Wformat -Werror=format-security -Wdate-time -D_FORTIFY_SOURCE=2 -Wl,-z,relro -Wl,-z,now conftest.cpp  >&5
/usr/bin/x86_64-linux-gnu-ld: /tmp/conftest-816621.o: in function `main':
./debian/build/conftest.cpp:64: undefined reference to `getpeereid'
clang: error: linker command failed with exit code 1 (use -v to see invocation)
configure:13028: $? = 1
configure: failed program was:
| /* confdefs.h */
| #define PACKAGE_NAME "kopano"
| #define PACKAGE_TARNAME "kopano"
| #define PACKAGE_VERSION "8.7.0"
| #define PACKAGE_STRING "kopano 8.7.0"
| #define PACKAGE_BUGREPORT "development@kopano.io"
| #define PACKAGE_URL ""
| #define PACKAGE "kopano"
| #define VERSION "8.7.0"
| #define STDC_HEADERS 1
| #define HAVE_SYS_TYPES_H 1
| #define HAVE_SYS_STAT_H 1
| #define HAVE_STDLIB_H 1
| #define HAVE_STRING_H 1
| #define HAVE_MEMORY_H 1
| #define HAVE_STRINGS_H 1
| #define HAVE_INTTYPES_H 1
| #define HAVE_STDINT_H 1
| #define HAVE_UNISTD_H 1
| #define HAVE_DLFCN_H 1
| #define LT_OBJDIR ".libs/"
| #define HAVE_NCURSES_H 1
| #define HAVE_SYSLOG_H 1
| #define HAVE_SYS_UN_H 1
| #define HAVE_SYS_STAT_H 1
| #define HAVE_MALLOC_H 1
| #define HAVE_MALLINFO 1
| #define HAVE_TIMEGM 1
| /* end confdefs.h.  */
| /* Define getpeereid to an innocuous variant, in case <limits.h> declares getpeereid.
|    For example, HP-UX 11i <limits.h> declares gettimeofday.  */
| #define getpeereid innocuous_getpeereid
| 
| /* System header to define __stub macros and hopefully few prototypes,
|     which can conflict with char getpeereid (); below.
|     Prefer <limits.h> to <assert.h> if __STDC__ is defined, since
|     <limits.h> exists even on freestanding compilers.  */
| 
| #ifdef __STDC__
| # include <limits.h>
| #else
| # include <assert.h>
| #endif
| 
| #undef getpeereid
| 
| /* Override any GCC internal prototype to avoid an error.
|    Use char because int might match the return type of a GCC
|    builtin and then its argument prototype would still apply.  */
| #ifdef __cplusplus
| extern "C"
| #endif
| char getpeereid ();
| /* The GNU C library defines this for functions which it implements
|     to always fail with ENOSYS.  Some functions are actually named
|     something starting with __ and the normal name is an alias.  */
| #if defined __stub_getpeereid || defined __stub___getpeereid
| choke me
| #endif
| 
| int
| main ()
| {
| return getpeereid ();
|   ;
|   return 0;
| }
configure:13028: result: no
configure:13028: checking for getpwnam_r
configure:13028: x86_64-linux-gnu-g++ -o conftest -g -O2 -fdebug-prefix-map=/<<PKGBUILDDIR>>=. -fstack-protector-strong -Wformat -Werror=format-security -Wdate-time -D_FORTIFY_SOURCE=2 -Wl,-z,relro -Wl,-z,now conftest.cpp  >&5
configure:13028: $? = 0
configure:13028: result: yes
configure:13028: checking for vsyslog
configure:13028: x86_64-linux-gnu-g++ -o conftest -g -O2 -fdebug-prefix-map=/<<PKGBUILDDIR>>=. -fstack-protector-strong -Wformat -Werror=format-security -Wdate-time -D_FORTIFY_SOURCE=2 -Wl,-z,relro -Wl,-z,now conftest.cpp  >&5
configure:13028: $? = 0
configure:13028: result: yes
configure:13028: checking for vsnprintf_l
configure:13028: x86_64-linux-gnu-g++ -o conftest -g -O2 -fdebug-prefix-map=/<<PKGBUILDDIR>>=. -fstack-protector-strong -Wformat -Werror=format-security -Wdate-time -D_FORTIFY_SOURCE=2 -Wl,-z,relro -Wl,-z,now conftest.cpp  >&5
/usr/bin/x86_64-linux-gnu-ld: /tmp/conftest-92c89c.o: in function `main':
./debian/build/conftest.cpp:66: undefined reference to `vsnprintf_l'
clang: error: linker command failed with exit code 1 (use -v to see invocation)
configure:13028: $? = 1
configure: failed program was:
| /* confdefs.h */
| #define PACKAGE_NAME "kopano"
| #define PACKAGE_TARNAME "kopano"
| #define PACKAGE_VERSION "8.7.0"
| #define PACKAGE_STRING "kopano 8.7.0"
| #define PACKAGE_BUGREPORT "development@kopano.io"
| #define PACKAGE_URL ""
| #define PACKAGE "kopano"
| #define VERSION "8.7.0"
| #define STDC_HEADERS 1
| #define HAVE_SYS_TYPES_H 1
| #define HAVE_SYS_STAT_H 1
| #define HAVE_STDLIB_H 1
| #define HAVE_STRING_H 1
| #define HAVE_MEMORY_H 1
| #define HAVE_STRINGS_H 1
| #define HAVE_INTTYPES_H 1
| #define HAVE_STDINT_H 1
| #define HAVE_UNISTD_H 1
| #define HAVE_DLFCN_H 1
| #define LT_OBJDIR ".libs/"
| #define HAVE_NCURSES_H 1
| #define HAVE_SYSLOG_H 1
| #define HAVE_SYS_UN_H 1
| #define HAVE_SYS_STAT_H 1
| #define HAVE_MALLOC_H 1
| #define HAVE_MALLINFO 1
| #define HAVE_TIMEGM 1
| #define HAVE_GETPWNAM_R 1
| #define HAVE_VSYSLOG 1
| /* end confdefs.h.  */
| /* Define vsnprintf_l to an innocuous variant, in case <limits.h> declares vsnprintf_l.
|    For example, HP-UX 11i <limits.h> declares gettimeofday.  */
| #define vsnprintf_l innocuous_vsnprintf_l
| 
| /* System header to define __stub macros and hopefully few prototypes,
|     which can conflict with char vsnprintf_l (); below.
|     Prefer <limits.h> to <assert.h> if __STDC__ is defined, since
|     <limits.h> exists even on freestanding compilers.  */
| 
| #ifdef __STDC__
| # include <limits.h>
| #else
| # include <assert.h>
| #endif
| 
| #undef vsnprintf_l
| 
| /* Override any GCC internal prototype to avoid an error.
|    Use char because int might match the return type of a GCC
|    builtin and then its argument prototype would still apply.  */
| #ifdef __cplusplus
| extern "C"
| #endif
| char vsnprintf_l ();
| /* The GNU C library defines this for functions which it implements
|     to always fail with ENOSYS.  Some functions are actually named
|     something starting with __ and the normal name is an alias.  */
| #if defined __stub_vsnprintf_l || defined __stub___vsnprintf_l
| choke me
| #endif
| 
| int
| main ()
| {
| return vsnprintf_l ();
|   ;
|   return 0;
| }
configure:13028: result: no
configure:13037: checking for siginfo_t.si_fd siginfo_t.si_utime
configure:13037: x86_64-linux-gnu-g++ -c -g -O2 -fdebug-prefix-map=/<<PKGBUILDDIR>>=. -fstack-protector-strong -Wformat -Werror=format-security -Wdate-time -D_FORTIFY_SOURCE=2 conftest.cpp >&5
conftest.cpp:38:19: error: expected ')'
if (ac_aggr.si_fd siginfo_t.si_utime)
                  ^
conftest.cpp:38:4: note: to match this '('
if (ac_aggr.si_fd siginfo_t.si_utime)
   ^
1 error generated.
configure:13037: $? = 1
configure: failed program was:
| /* confdefs.h */
| #define PACKAGE_NAME "kopano"
| #define PACKAGE_TARNAME "kopano"
| #define PACKAGE_VERSION "8.7.0"
| #define PACKAGE_STRING "kopano 8.7.0"
| #define PACKAGE_BUGREPORT "development@kopano.io"
| #define PACKAGE_URL ""
| #define PACKAGE "kopano"
| #define VERSION "8.7.0"
| #define STDC_HEADERS 1
| #define HAVE_SYS_TYPES_H 1
| #define HAVE_SYS_STAT_H 1
| #define HAVE_STDLIB_H 1
| #define HAVE_STRING_H 1
| #define HAVE_MEMORY_H 1
| #define HAVE_STRINGS_H 1
| #define HAVE_INTTYPES_H 1
| #define HAVE_STDINT_H 1
| #define HAVE_UNISTD_H 1
| #define HAVE_DLFCN_H 1
| #define LT_OBJDIR ".libs/"
| #define HAVE_NCURSES_H 1
| #define HAVE_SYSLOG_H 1
| #define HAVE_SYS_UN_H 1
| #define HAVE_SYS_STAT_H 1
| #define HAVE_MALLOC_H 1
| #define HAVE_MALLINFO 1
| #define HAVE_TIMEGM 1
| #define HAVE_GETPWNAM_R 1
| #define HAVE_VSYSLOG 1
| /* end confdefs.h.  */
| #include <csignal>
| 
| int
| main ()
| {
| static siginfo_t ac_aggr;
| if (ac_aggr.si_fd siginfo_t.si_utime)
| return 0;
|   ;
|   return 0;
| }
configure:13037: x86_64-linux-gnu-g++ -c -g -O2 -fdebug-prefix-map=/<<PKGBUILDDIR>>=. -fstack-protector-strong -Wformat -Werror=format-security -Wdate-time -D_FORTIFY_SOURCE=2 conftest.cpp >&5
conftest.cpp:38:26: error: expected ')'
if (sizeof ac_aggr.si_fd siginfo_t.si_utime)
                         ^
conftest.cpp:38:4: note: to match this '('
if (sizeof ac_aggr.si_fd siginfo_t.si_utime)
   ^
1 error generated.
configure:13037: $? = 1
configure: failed program was:
| /* confdefs.h */
| #define PACKAGE_NAME "kopano"
| #define PACKAGE_TARNAME "kopano"
| #define PACKAGE_VERSION "8.7.0"
| #define PACKAGE_STRING "kopano 8.7.0"
| #define PACKAGE_BUGREPORT "development@kopano.io"
| #define PACKAGE_URL ""
| #define PACKAGE "kopano"
| #define VERSION "8.7.0"
| #define STDC_HEADERS 1
| #define HAVE_SYS_TYPES_H 1
| #define HAVE_SYS_STAT_H 1
| #define HAVE_STDLIB_H 1
| #define HAVE_STRING_H 1
| #define HAVE_MEMORY_H 1
| #define HAVE_STRINGS_H 1
| #define HAVE_INTTYPES_H 1
| #define HAVE_STDINT_H 1
| #define HAVE_UNISTD_H 1
| #define HAVE_DLFCN_H 1
| #define LT_OBJDIR ".libs/"
| #define HAVE_NCURSES_H 1
| #define HAVE_SYSLOG_H 1
| #define HAVE_SYS_UN_H 1
| #define HAVE_SYS_STAT_H 1
| #define HAVE_MALLOC_H 1
| #define HAVE_MALLINFO 1
| #define HAVE_TIMEGM 1
| #define HAVE_GETPWNAM_R 1
| #define HAVE_VSYSLOG 1
| /* end confdefs.h.  */
| #include <csignal>
| 
| int
| main ()
| {
| static siginfo_t ac_aggr;
| if (sizeof ac_aggr.si_fd siginfo_t.si_utime)
| return 0;
|   ;
|   return 0;
| }
configure:13037: result: no
configure:13048: checking for sockpeercred.uid
configure:13048: x86_64-linux-gnu-g++ -c -g -O2 -fdebug-prefix-map=/<<PKGBUILDDIR>>=. -fstack-protector-strong -Wformat -Werror=format-security -Wdate-time -D_FORTIFY_SOURCE=2 conftest.cpp >&5
conftest.cpp:37:8: error: unknown type name 'sockpeercred'
static sockpeercred ac_aggr;
       ^
1 error generated.
configure:13048: $? = 1
configure: failed program was:
| /* confdefs.h */
| #define PACKAGE_NAME "kopano"
| #define PACKAGE_TARNAME "kopano"
| #define PACKAGE_VERSION "8.7.0"
| #define PACKAGE_STRING "kopano 8.7.0"
| #define PACKAGE_BUGREPORT "development@kopano.io"
| #define PACKAGE_URL ""
| #define PACKAGE "kopano"
| #define VERSION "8.7.0"
| #define STDC_HEADERS 1
| #define HAVE_SYS_TYPES_H 1
| #define HAVE_SYS_STAT_H 1
| #define HAVE_STDLIB_H 1
| #define HAVE_STRING_H 1
| #define HAVE_MEMORY_H 1
| #define HAVE_STRINGS_H 1
| #define HAVE_INTTYPES_H 1
| #define HAVE_STDINT_H 1
| #define HAVE_UNISTD_H 1
| #define HAVE_DLFCN_H 1
| #define LT_OBJDIR ".libs/"
| #define HAVE_NCURSES_H 1
| #define HAVE_SYSLOG_H 1
| #define HAVE_SYS_UN_H 1
| #define HAVE_SYS_STAT_H 1
| #define HAVE_MALLOC_H 1
| #define HAVE_MALLINFO 1
| #define HAVE_TIMEGM 1
| #define HAVE_GETPWNAM_R 1
| #define HAVE_VSYSLOG 1
| /* end confdefs.h.  */
| #include <sys/socket.h>
| 
| int
| main ()
| {
| static sockpeercred ac_aggr;
| if (ac_aggr.uid)
| return 0;
|   ;
|   return 0;
| }
configure:13048: x86_64-linux-gnu-g++ -c -g -O2 -fdebug-prefix-map=/<<PKGBUILDDIR>>=. -fstack-protector-strong -Wformat -Werror=format-security -Wdate-time -D_FORTIFY_SOURCE=2 conftest.cpp >&5
conftest.cpp:37:8: error: unknown type name 'sockpeercred'
static sockpeercred ac_aggr;
       ^
1 error generated.
configure:13048: $? = 1
configure: failed program was:
| /* confdefs.h */
| #define PACKAGE_NAME "kopano"
| #define PACKAGE_TARNAME "kopano"
| #define PACKAGE_VERSION "8.7.0"
| #define PACKAGE_STRING "kopano 8.7.0"
| #define PACKAGE_BUGREPORT "development@kopano.io"
| #define PACKAGE_URL ""
| #define PACKAGE "kopano"
| #define VERSION "8.7.0"
| #define STDC_HEADERS 1
| #define HAVE_SYS_TYPES_H 1
| #define HAVE_SYS_STAT_H 1
| #define HAVE_STDLIB_H 1
| #define HAVE_STRING_H 1
| #define HAVE_MEMORY_H 1
| #define HAVE_STRINGS_H 1
| #define HAVE_INTTYPES_H 1
| #define HAVE_STDINT_H 1
| #define HAVE_UNISTD_H 1
| #define HAVE_DLFCN_H 1
| #define LT_OBJDIR ".libs/"
| #define HAVE_NCURSES_H 1
| #define HAVE_SYSLOG_H 1
| #define HAVE_SYS_UN_H 1
| #define HAVE_SYS_STAT_H 1
| #define HAVE_MALLOC_H 1
| #define HAVE_MALLINFO 1
| #define HAVE_TIMEGM 1
| #define HAVE_GETPWNAM_R 1
| #define HAVE_VSYSLOG 1
| /* end confdefs.h.  */
| #include <sys/socket.h>
| 
| int
| main ()
| {
| static sockpeercred ac_aggr;
| if (sizeof ac_aggr.uid)
| return 0;
|   ;
|   return 0;
| }
configure:13048: result: no
configure:13084: checking for PHP
configure:13133: checking for PHP includes
configure:13135: result: -I/usr/include/php/20190902 -I/usr/include/php/20190902/main -I/usr/include/php/20190902/TSRM -I/usr/include/php/20190902/Zend -I/usr/include/php/20190902/ext -I/usr/include/php/20190902/ext/date/lib
configure:13137: checking for PHP extension directory
configure:13139: result: /usr/lib/php/20190902
configure:13141: checking for PHP config scan directory
configure:13143: result: /etc/php/7.4/cli/conf.d
configure:13148: checking acquired PHP settings
configure:13160: x86_64-linux-gnu-g++ -o conftest -g -O2 -fdebug-prefix-map=/<<PKGBUILDDIR>>=. -fstack-protector-strong -Wformat -Werror=format-security -I/usr/include/php/20190902 -I/usr/include/php/20190902/main -I/usr/include/php/20190902/TSRM -I/usr/include/php/20190902/Zend -I/usr/include/php/20190902/ext -I/usr/include/php/20190902/ext/date/lib -Wdate-time -D_FORTIFY_SOURCE=2 -Wl,-z,relro -Wl,-z,now conftest.cpp  >&5
In file included from conftest.cpp:34:
In file included from /usr/include/php/20190902/main/php.h:34:
In file included from /usr/include/php/20190902/Zend/zend.h:353:
/usr/include/php/20190902/Zend/zend_operators.h:517:10: error: 'asm goto' constructs are not supported yet
        __asm__ goto(
                ^
/usr/include/php/20190902/Zend/zend_operators.h:580:10: error: 'asm goto' constructs are not supported yet
        __asm__ goto(
                ^
/usr/include/php/20190902/Zend/zend_operators.h:650:10: error: 'asm goto' constructs are not supported yet
        __asm__ goto(
                ^
/usr/include/php/20190902/Zend/zend_operators.h:760:10: error: 'asm goto' constructs are not supported yet
        __asm__ goto(
                ^
4 errors generated.
configure:13160: $? = 1
configure: failed program was:
| /* confdefs.h */
| #define PACKAGE_NAME "kopano"
| #define PACKAGE_TARNAME "kopano"
| #define PACKAGE_VERSION "8.7.0"
| #define PACKAGE_STRING "kopano 8.7.0"
| #define PACKAGE_BUGREPORT "development@kopano.io"
| #define PACKAGE_URL ""
| #define PACKAGE "kopano"
| #define VERSION "8.7.0"
| #define STDC_HEADERS 1
| #define HAVE_SYS_TYPES_H 1
| #define HAVE_SYS_STAT_H 1
| #define HAVE_STDLIB_H 1
| #define HAVE_STRING_H 1
| #define HAVE_MEMORY_H 1
| #define HAVE_STRINGS_H 1
| #define HAVE_INTTYPES_H 1
| #define HAVE_STDINT_H 1
| #define HAVE_UNISTD_H 1
| #define HAVE_DLFCN_H 1
| #define LT_OBJDIR ".libs/"
| #define HAVE_NCURSES_H 1
| #define HAVE_SYSLOG_H 1
| #define HAVE_SYS_UN_H 1
| #define HAVE_SYS_STAT_H 1
| #define HAVE_MALLOC_H 1
| #define HAVE_MALLINFO 1
| #define HAVE_TIMEGM 1
| #define HAVE_GETPWNAM_R 1
| #define HAVE_VSYSLOG 1
| /* end confdefs.h.  */
| 
| 
| #include <php.h>
| int main() {
| 	zval *ptr = NULL;
| }
| 
configure:13164: error: broken

## ---------------- ##
## Cache variables. ##
## ---------------- ##

ac_cv_build=x86_64-pc-linux-gnu
ac_cv_c_compiler_gnu=yes
ac_cv_cxx_compiler_gnu=yes
ac_cv_env_CCC_set=
ac_cv_env_CCC_value=
ac_cv_env_CC_set=
ac_cv_env_CC_value=
ac_cv_env_CFLAGS_set=set
ac_cv_env_CFLAGS_value='-g -O2 -fdebug-prefix-map=/<<PKGBUILDDIR>>=. -fstack-protector-strong -Wformat -Werror=format-security'
ac_cv_env_CPPFLAGS_set=set
ac_cv_env_CPPFLAGS_value='-Wdate-time -D_FORTIFY_SOURCE=2'
ac_cv_env_CPP_set=
ac_cv_env_CPP_value=
ac_cv_env_CRYPTO_CFLAGS_set=
ac_cv_env_CRYPTO_CFLAGS_value=
ac_cv_env_CRYPTO_LIBS_set=
ac_cv_env_CRYPTO_LIBS_value=
ac_cv_env_CXXCPP_set=
ac_cv_env_CXXCPP_value=
ac_cv_env_CXXFLAGS_set=set
ac_cv_env_CXXFLAGS_value='-g -O2 -fdebug-prefix-map=/<<PKGBUILDDIR>>=. -fstack-protector-strong -Wformat -Werror=format-security'
ac_cv_env_CXX_set=
ac_cv_env_CXX_value=
ac_cv_env_ICAL_CFLAGS_set=
ac_cv_env_ICAL_CFLAGS_value=
ac_cv_env_ICAL_LIBS_set=
ac_cv_env_ICAL_LIBS_value=
ac_cv_env_LDFLAGS_set=set
ac_cv_env_LDFLAGS_value='-Wl,-z,relro -Wl,-z,now'
ac_cv_env_LIBS_set=
ac_cv_env_LIBS_value=
ac_cv_env_LT_SYS_LIBRARY_PATH_set=
ac_cv_env_LT_SYS_LIBRARY_PATH_value=
ac_cv_env_PKG_CONFIG_LIBDIR_set=
ac_cv_env_PKG_CONFIG_LIBDIR_value=
ac_cv_env_PKG_CONFIG_PATH_set=
ac_cv_env_PKG_CONFIG_PATH_value=
ac_cv_env_PKG_CONFIG_set=
ac_cv_env_PKG_CONFIG_value=
ac_cv_env_PYTHON_CFLAGS_set=
ac_cv_env_PYTHON_CFLAGS_value=
ac_cv_env_PYTHON_LIBS_set=
ac_cv_env_PYTHON_LIBS_value=
ac_cv_env_PYTHON_set=set
ac_cv_env_PYTHON_value=python3
ac_cv_env_SSL_CFLAGS_set=
ac_cv_env_SSL_CFLAGS_value=
ac_cv_env_SSL_LIBS_set=
ac_cv_env_SSL_LIBS_value=
ac_cv_env_TCMALLOC_CFLAGS_set=
ac_cv_env_TCMALLOC_CFLAGS_value=
ac_cv_env_TCMALLOC_LIBS_set=
ac_cv_env_TCMALLOC_LIBS_value=
ac_cv_env_VMIME_CFLAGS_set=
ac_cv_env_VMIME_CFLAGS_value=
ac_cv_env_VMIME_LIBS_set=
ac_cv_env_VMIME_LIBS_value=
ac_cv_env_XML2_CFLAGS_set=
ac_cv_env_XML2_CFLAGS_value=
ac_cv_env_XML2_LIBS_set=
ac_cv_env_XML2_LIBS_value=
ac_cv_env_build_alias_set=set
ac_cv_env_build_alias_value=x86_64-linux-gnu
ac_cv_env_curl_CFLAGS_set=
ac_cv_env_curl_CFLAGS_value=
ac_cv_env_curl_LIBS_set=
ac_cv_env_curl_LIBS_value=
ac_cv_env_host_alias_set=set
ac_cv_env_host_alias_value=x86_64-linux-gnu
ac_cv_env_icu_i18n_CFLAGS_set=
ac_cv_env_icu_i18n_CFLAGS_value=
ac_cv_env_icu_i18n_LIBS_set=
ac_cv_env_icu_i18n_LIBS_value=
ac_cv_env_icu_uc_CFLAGS_set=
ac_cv_env_icu_uc_CFLAGS_value=
ac_cv_env_icu_uc_LIBS_set=
ac_cv_env_icu_uc_LIBS_value=
ac_cv_env_jsoncpp_CFLAGS_set=
ac_cv_env_jsoncpp_CFLAGS_value=
ac_cv_env_jsoncpp_LIBS_set=
ac_cv_env_jsoncpp_LIBS_value=
ac_cv_env_libHX_CFLAGS_set=
ac_cv_env_libHX_CFLAGS_value=
ac_cv_env_libHX_LIBS_set=
ac_cv_env_libHX_LIBS_value=
ac_cv_env_mhttpd_CFLAGS_set=
ac_cv_env_mhttpd_CFLAGS_value=
ac_cv_env_mhttpd_LIBS_set=
ac_cv_env_mhttpd_LIBS_value=
ac_cv_env_rrd_CFLAGS_set=
ac_cv_env_rrd_CFLAGS_value=
ac_cv_env_rrd_LIBS_set=
ac_cv_env_rrd_LIBS_value=
ac_cv_env_target_alias_set=
ac_cv_env_target_alias_value=
ac_cv_func_getpeereid=no
ac_cv_func_getpwnam_r=yes
ac_cv_func_mallinfo=yes
ac_cv_func_timegm=yes
ac_cv_func_vsnprintf_l=no
ac_cv_func_vsyslog=yes
ac_cv_header_dlfcn_h=yes
ac_cv_header_inttypes_h=yes
ac_cv_header_malloc_h=yes
ac_cv_header_memory_h=yes
ac_cv_header_ncurses_h=yes
ac_cv_header_stdc=yes
ac_cv_header_stdint_h=yes
ac_cv_header_stdlib_h=yes
ac_cv_header_string_h=yes
ac_cv_header_strings_h=yes
ac_cv_header_sys_stat_h=yes
ac_cv_header_sys_types_h=yes
ac_cv_header_sys_un_h=yes
ac_cv_header_syslog_h=yes
ac_cv_header_unistd_h=yes
ac_cv_host=x86_64-pc-linux-gnu
ac_cv_member_siginfo_t_si_fd_siginfo_t_si_utime=no
ac_cv_member_sockpeercred_uid=no
ac_cv_objext=o
ac_cv_path_EGREP='/bin/grep -E'
ac_cv_path_FGREP='/bin/grep -F'
ac_cv_path_GREP=/bin/grep
ac_cv_path_PKG_CONFIG=/usr/bin/x86_64-linux-gnu-pkg-config
ac_cv_path_SED=/bin/sed
ac_cv_path_install='/usr/bin/install -c'
ac_cv_path_lt_DD=/bin/dd
ac_cv_path_mkdir=/bin/mkdir
ac_cv_prog_AR=x86_64-linux-gnu-ar
ac_cv_prog_AWK=mawk
ac_cv_prog_CC=x86_64-linux-gnu-gcc
ac_cv_prog_CPP='x86_64-linux-gnu-gcc -E'
ac_cv_prog_CXX=x86_64-linux-gnu-g++
ac_cv_prog_CXXCPP='x86_64-linux-gnu-g++ -E'
ac_cv_prog_NCURSES_CONFIG=ncursesw6-config
ac_cv_prog_OBJDUMP=x86_64-linux-gnu-objdump
ac_cv_prog_RANLIB=x86_64-linux-gnu-ranlib
ac_cv_prog_STRIP=x86_64-linux-gnu-strip
ac_cv_prog_cc_c89=
ac_cv_prog_cc_g=yes
ac_cv_prog_cxx_g=yes
ac_cv_prog_make_make_set=yes
am_cv_CC_dependencies_compiler_type=none
am_cv_CXX_dependencies_compiler_type=none
am_cv_make_support_nested_variables=yes
am_cv_prog_cc_c_o=yes
lt_cv_ar_at_file=@
lt_cv_archive_cmds_need_lc=no
lt_cv_deplibs_check_method=pass_all
lt_cv_file_magic_cmd='$MAGIC_CMD'
lt_cv_file_magic_test_file=
lt_cv_ld_reload_flag=-r
lt_cv_nm_interface='BSD nm'
lt_cv_objdir=.libs
lt_cv_path_LD=/usr/bin/x86_64-linux-gnu-ld
lt_cv_path_LDCXX='/usr/bin/x86_64-linux-gnu-ld -m elf_x86_64'
lt_cv_path_NM='/usr/bin/x86_64-linux-gnu-nm -B'
lt_cv_path_mainfest_tool=no
lt_cv_prog_compiler_c_o=yes
lt_cv_prog_compiler_c_o_CXX=yes
lt_cv_prog_compiler_pic='-fPIC -DPIC'
lt_cv_prog_compiler_pic_CXX='-fPIC -DPIC'
lt_cv_prog_compiler_pic_works=yes
lt_cv_prog_compiler_pic_works_CXX=yes
lt_cv_prog_compiler_rtti_exceptions=yes
lt_cv_prog_compiler_static_works=yes
lt_cv_prog_compiler_static_works_CXX=yes
lt_cv_prog_gnu_ld=yes
lt_cv_prog_gnu_ldcxx=yes
lt_cv_sharedlib_from_linklib_cmd='printf %s\n'
lt_cv_shlibpath_overrides_runpath=yes
lt_cv_sys_global_symbol_pipe='sed -n -e '\''s/^.*[	 ]\([ABCDGIRSTW][ABCDGIRSTW]*\)[	 ][	 ]*\([_A-Za-z][_A-Za-z0-9]*\)$/\1 \2 \2/p'\'' | sed '\''/ __gnu_lto/d'\'''
lt_cv_sys_global_symbol_to_c_name_address='sed -n -e '\''s/^: \(.*\) .*$/  {"\1", (void *) 0},/p'\'' -e '\''s/^[ABCDGIRSTW][ABCDGIRSTW]* .* \(.*\)$/  {"\1", (void *) \&\1},/p'\'''
lt_cv_sys_global_symbol_to_c_name_address_lib_prefix='sed -n -e '\''s/^: \(.*\) .*$/  {"\1", (void *) 0},/p'\'' -e '\''s/^[ABCDGIRSTW][ABCDGIRSTW]* .* \(lib.*\)$/  {"\1", (void *) \&\1},/p'\'' -e '\''s/^[ABCDGIRSTW][ABCDGIRSTW]* .* \(.*\)$/  {"lib\1", (void *) \&\1},/p'\'''
lt_cv_sys_global_symbol_to_cdecl='sed -n -e '\''s/^T .* \(.*\)$/extern int \1();/p'\'' -e '\''s/^[ABCDGIRSTW][ABCDGIRSTW]* .* \(.*\)$/extern char \1;/p'\'''
lt_cv_sys_global_symbol_to_import=
lt_cv_sys_max_cmd_len=1572864
lt_cv_to_host_file_cmd=func_convert_file_noop
lt_cv_to_tool_file_cmd=func_convert_file_noop
lt_cv_truncate_bin='/bin/dd bs=4096 count=1'

## ----------------- ##
## Output variables. ##
## ----------------- ##

ACLOCAL='${SHELL} /<<PKGBUILDDIR>>/autoconf/missing aclocal-1.16'
AMDEPBACKSLASH=''
AMDEP_FALSE=''
AMDEP_TRUE='#'
AMTAR='$${TAR-tar}'
AM_BACKSLASH='\'
AM_CXXFLAGS=''
AM_DEFAULT_V='$(AM_DEFAULT_VERBOSITY)'
AM_DEFAULT_VERBOSITY='1'
AM_LDFLAGS=''
AM_V='$(V)'
AR='x86_64-linux-gnu-ar'
AUTOCONF='${SHELL} /<<PKGBUILDDIR>>/autoconf/missing autoconf'
AUTOHEADER='${SHELL} /<<PKGBUILDDIR>>/autoconf/missing autoheader'
AUTOMAKE='${SHELL} /<<PKGBUILDDIR>>/autoconf/missing automake-1.16'
AWK='mawk'
CC='x86_64-linux-gnu-gcc'
CCDEPMODE='depmode=none'
CFLAGS=''
CPP='x86_64-linux-gnu-gcc -E'
CPPFLAGS='-Wdate-time -D_FORTIFY_SOURCE=2'
CRYPTO_CFLAGS=''
CRYPTO_LIBS=''
CRYPT_LIBS=''
CXX='x86_64-linux-gnu-g++'
CXXCPP='x86_64-linux-gnu-g++ -E'
CXXDEPMODE='depmode=none'
CXXFLAGS='-g -O2 -fdebug-prefix-map=/<<PKGBUILDDIR>>=. -fstack-protector-strong -Wformat -Werror=format-security -I/usr/include/php/20190902 -I/usr/include/php/20190902/main -I/usr/include/php/20190902/TSRM -I/usr/include/php/20190902/Zend -I/usr/include/php/20190902/ext -I/usr/include/php/20190902/ext/date/lib'
CYGPATH_W='echo'
DEFS=''
DEPDIR='.deps'
DLLTOOL='false'
DL_LIBS=''
DSYMUTIL=''
DUMPBIN=''
ECCLIENT_LIBRARY_VERSION='1:0:0'
ECHO_C=''
ECHO_N='-n'
ECHO_T=''
EGREP='/bin/grep -E'
ENABLE_PYTHON_FALSE=''
ENABLE_PYTHON_TRUE=''
EXEEXT=''
FGREP='/bin/grep -F'
GREP='/bin/grep'
GSOAP_CFLAGS=''
GSOAP_LIBS=''
GZ_LIBS=''
HAVE_MHTTPD_FALSE=''
HAVE_MHTTPD_TRUE=''
HAVE_RRD_FALSE=''
HAVE_RRD_TRUE=''
HAVE_TIDY_FALSE=''
HAVE_TIDY_TRUE=''
ICAL_CFLAGS=''
ICAL_LIBS=''
ICONV_LIBS=''
INSTALL_DATA='${INSTALL} -m 644'
INSTALL_PROGRAM='${INSTALL}'
INSTALL_SCRIPT='${INSTALL}'
INSTALL_STRIP_PROGRAM='$(install_sh) -c -s'
INTL_LIBS=''
KRB5_CFLAGS=''
KRB5_LIBS=''
LD='/usr/bin/x86_64-linux-gnu-ld -m elf_x86_64'
LDAP_FLAGS=''
LDAP_LIBS=''
LDFLAGS='-Wl,-z,relro -Wl,-z,now'
LIBOBJS=''
LIBS=''
LIBTOOL='$(SHELL) $(top_builddir)/libtool'
LIPO=''
LN_S='ln -s'
LTLIBOBJS=''
LT_SYS_LIBRARY_PATH=''
MAKEINFO='${SHELL} /<<PKGBUILDDIR>>/autoconf/missing makeinfo'
MANIFEST_TOOL=':'
MKDIR_P='/bin/mkdir -p'
MYSQL_CONFIG=''
MYSQL_INCLUDES=''
MYSQL_LIBS=''
MYSQL_VERSION=''
NCURSES_CONFIG='ncursesw6-config'
NCURSES_FLAGS='-D_DEFAULT_SOURCE -D_XOPEN_SOURCE=600'
NCURSES_LIBS='-lncursesw -ltinfo'
NM='/usr/bin/x86_64-linux-gnu-nm -B'
NMEDIT=''
NO_VSYM=''
OBJDUMP='x86_64-linux-gnu-objdump'
OBJEXT='o'
OTOOL64=''
OTOOL=''
PACKAGE='kopano'
PACKAGE_ABI='8.7'
PACKAGE_BUGREPORT='development@kopano.io'
PACKAGE_NAME='kopano'
PACKAGE_STRING='kopano 8.7.0'
PACKAGE_TARNAME='kopano'
PACKAGE_URL=''
PACKAGE_VERSION='8.7.0'
PAM_LIBS=''
PATH_SEPARATOR=':'
PHP_EXTENSION_DIR='/usr/lib/php/20190902'
PHP_INCLUDES='-I/usr/include/php/20190902 -I/usr/include/php/20190902/main -I/usr/include/php/20190902/TSRM -I/usr/include/php/20190902/Zend -I/usr/include/php/20190902/ext -I/usr/include/php/20190902/ext/date/lib'
PHP_LDFLAGS='-L/usr/lib/php/20190902'
PHP_SYSCONF_DIR='/etc/php/7.4/cli/conf.d'
PHP_VERSION='7.4.3'
PKG_CONFIG='/usr/bin/x86_64-linux-gnu-pkg-config'
PKG_CONFIG_LIBDIR=''
PKG_CONFIG_PATH=''
PYTHON='python3'
PYTHON_CFLAGS=''
PYTHON_EXEC_PREFIX=''
PYTHON_LIBS=''
PYTHON_PLATFORM=''
PYTHON_PREFIX=''
PYTHON_VERSION=''
QUOTATEMPLATEDIR='/etc/kopano/quotamail'
RANLIB='x86_64-linux-gnu-ranlib'
SEARCHSCRIPTSDIR='${sysconfdir}/kopano/searchscripts'
SED='/bin/sed'
SET_MAKE=''
SHELL='/bin/bash'
SSL_CFLAGS=''
SSL_LIBS=''
STRIP='x86_64-linux-gnu-strip'
SWIG_EXEC=''
SWIG_FLAGS='-DUNICODE '
TCMALLOC_CFLAGS=''
TCMALLOC_LIBS=''
UUID_LIBS=''
VERSION='8.7.0'
VMIME_CFLAGS=''
VMIME_LIBS=''
WITH_EPOLL_FALSE=''
WITH_EPOLL_TRUE=''
WITH_KRB5_FALSE=''
WITH_KRB5_TRUE=''
WITH_LDAP_FALSE=''
WITH_LDAP_TRUE=''
WITH_PAM_FALSE=''
WITH_PAM_TRUE=''
WITH_PHP5_FALSE=''
WITH_PHP5_TRUE=''
WITH_PHP7_FALSE=''
WITH_PHP7_TRUE=''
WITH_PYTHON2_FALSE=''
WITH_PYTHON2_TRUE=''
WITH_PYTHON3_FALSE=''
WITH_PYTHON3_TRUE=''
WITH_UNIX_FALSE=''
WITH_UNIX_TRUE=''
XML2_CFLAGS=''
XML2_LIBS=''
ZCPPFLAGS=' -DLINUX 	-I${top_builddir}/common/include 	-I${top_srcdir}/common/include 	-I${top_srcdir}/m4lcommon/include 	-I${top_srcdir}/mapi4linux/include 	-I${top_srcdir}/provider/common/include 	-I${top_srcdir}/provider/libserver/include 	-I${top_srcdir}/ECtools/archiver/include 	-I${top_srcdir}/inetmapi/include 	-I${top_srcdir}/swig/include 	-I${top_srcdir}/swig/python/include 	-I${top_srcdir}  -DNDEBUG -DUNICODE'
ZCXXFLAGS='-Wall -Wmissing-declarations -std=c++17 -Wno-variadic-macros -O2 -fno-strict-aliasing -fvisibility=hidden -fvisibility-inlines-hidden'
ZPHPCXXFLAGS='-Wno-narrowing'
ac_ct_AR=''
ac_ct_CC=''
ac_ct_CXX=''
ac_ct_DUMPBIN=''
am__EXEEXT_FALSE=''
am__EXEEXT_TRUE=''
am__fastdepCC_FALSE=''
am__fastdepCC_TRUE='#'
am__fastdepCXX_FALSE=''
am__fastdepCXX_TRUE='#'
am__include='include'
am__isrc=' -I$(srcdir)'
am__leading_dot='.'
am__nodep=''
am__quote=''
am__tar='$${TAR-tar} chof - "$$tardir"'
am__untar='$${TAR-tar} xf -'
bindir='${exec_prefix}/bin'
build='x86_64-pc-linux-gnu'
build_alias='x86_64-linux-gnu'
build_cpu='x86_64'
build_os='linux-gnu'
build_vendor='pc'
clock_LIBS=''
curl_CFLAGS=''
curl_LIBS=''
datadir='${datarootdir}'
datarootdir='${prefix}/share'
dcprefix=''
docdir='${datarootdir}/doc/${PACKAGE_TARNAME}'
dvidir='${docdir}'
exec_prefix='NONE'
host='x86_64-pc-linux-gnu'
host_alias='x86_64-linux-gnu'
host_cpu='x86_64'
host_os='linux-gnu'
host_vendor='pc'
htmldir='${docdir}'
icu_i18n_CFLAGS=''
icu_i18n_LIBS=''
icu_uc_CFLAGS=''
icu_uc_LIBS=''
includedir='${prefix}/include'
infodir='${prefix}/share/info'
install_sh='${SHELL} /<<PKGBUILDDIR>>/autoconf/install-sh'
jsoncpp_CFLAGS=''
jsoncpp_LIBS=''
kcoidc_LIBS=''
libHX_CFLAGS=''
libHX_LIBS=''
libdir='${prefix}/lib/x86_64-linux-gnu'
libexecdir='${exec_prefix}/libexec'
localedir='${datarootdir}/locale'
localstatedir='/var'
mandir='${prefix}/share/man'
mhttpd_CFLAGS=''
mhttpd_LIBS=''
mkdir_p='$(MKDIR_P)'
oldincludedir='/usr/include'
pdfdir='${docdir}'
pkgpyexecdir=''
pkgpythondir=''
prefix='/usr'
program_transform_name='s,x,x,'
psdir='${docdir}'
pyexecdir=''
pythondir=''
rrd_CFLAGS=''
rrd_LIBS=''
runstatedir='/run'
s3_LIBS=''
sbindir='${exec_prefix}/sbin'
sharedstatedir='${prefix}/com'
sysconfdir='/etc'
systemunitdir='/usr/lib/systemd/system'
sysusersdir='${prefix}/lib/sysusers.d'
target_alias=''
tidy_CPPFLAGS=''
tmpfilesdir='${prefix}/lib/tmpfiles.d'
uscriptconfdir='${sysconfdir}/kopano/userscripts'
uscriptlibdir='${prefix}/lib/kopano/userscripts'

## ----------- ##
## confdefs.h. ##
## ----------- ##

/* confdefs.h */
#define PACKAGE_NAME "kopano"
#define PACKAGE_TARNAME "kopano"
#define PACKAGE_VERSION "8.7.0"
#define PACKAGE_STRING "kopano 8.7.0"
#define PACKAGE_BUGREPORT "development@kopano.io"
#define PACKAGE_URL ""
#define PACKAGE "kopano"
#define VERSION "8.7.0"
#define STDC_HEADERS 1
#define HAVE_SYS_TYPES_H 1
#define HAVE_SYS_STAT_H 1
#define HAVE_STDLIB_H 1
#define HAVE_STRING_H 1
#define HAVE_MEMORY_H 1
#define HAVE_STRINGS_H 1
#define HAVE_INTTYPES_H 1
#define HAVE_STDINT_H 1
#define HAVE_UNISTD_H 1
#define HAVE_DLFCN_H 1
#define LT_OBJDIR ".libs/"
#define HAVE_NCURSES_H 1
#define HAVE_SYSLOG_H 1
#define HAVE_SYS_UN_H 1
#define HAVE_SYS_STAT_H 1
#define HAVE_MALLOC_H 1
#define HAVE_MALLINFO 1
#define HAVE_TIMEGM 1
#define HAVE_GETPWNAM_R 1
#define HAVE_VSYSLOG 1

configure: exit 1
dh_auto_configure: error: cd debian/build && ../../configure --build=x86_64-linux-gnu --prefix=/usr --includedir=\${prefix}/include --mandir=\${prefix}/share/man --infodir=\${prefix}/share/info --sysconfdir=/etc --localstatedir=/var --disable-silent-rules --libdir=\${prefix}/lib/x86_64-linux-gnu --runstatedir=/run --disable-maintainer-mode --disable-dependency-tracking --host=x86_64-linux-gnu --build=x86_64-linux-gnu --prefix=/usr --localstatedir=/var --sysconfdir=/etc --with-systemunitdir=/usr/lib/systemd/system --mandir=\${prefix}/share/man --infodir=\${prefix}/share/info --with-php-config=/usr/bin/php-config --with-quotatemplate-prefix=/etc/kopano/quotamail --disable-static --enable-epoll --with-distro=debian --enable-python PYTHON=python3 --enable-release returned exit code 1
make[1]: *** [debian/rules:59: override_dh_auto_configure] Error 25
make[1]: Leaving directory '/<<PKGBUILDDIR>>'
make: *** [debian/rules:54: build] Error 2
dpkg-buildpackage: error: debian/rules build subprocess returned exit status 2
--------------------------------------------------------------------------------
Build finished at 2020-02-25T13:39:33Z

Finished
--------


+------------------------------------------------------------------------------+
| Cleanup                                                                      |
+------------------------------------------------------------------------------+

Purging /<<BUILDDIR>>
Not cleaning session: cloned chroot in use
E: Build failure (dpkg-buildpackage died)

+------------------------------------------------------------------------------+
| Summary                                                                      |
+------------------------------------------------------------------------------+

Build Architecture: amd64
Build Type: binary
Build-Space: 26124
Build-Time: 18
Distribution: unstable
Fail-Stage: build
Host Architecture: amd64
Install-Time: 22
Job: kopanocore_8.7.0-6
Machine Architecture: amd64
Package: kopanocore
Package-Time: 56
Source-Version: 8.7.0-6
Space: 26124
Status: attempted
Version: 8.7.0-6
--------------------------------------------------------------------------------
Finished at 2020-02-25T13:39:33Z
Build needed 00:00:56, 26124k disk space
E: Build failure (dpkg-buildpackage died)
DC-Status: Failed 57.824923269s
DC-Time-Estimation: 57.824923269 versus expected 544 (r/m: 8.407708116953765 ; m: 57.824923269)
