DC-Build-Header: chasen 2.4.5-33 / 2017-03-01 06:09:31 +0000
DC-Task: type:rebuild-binarch-only source:chasen version:2.4.5-33 chroot:unstable esttime:234 logfile:/tmp/chasen_2.4.5-33_unstable_clang4.0.log modes:clang:binarch-only
DC-Sbuild-call: su user42 -c 'sbuild -n --arch-any --apt-update -d unstable -v  --chroot-setup-commands=/tmp/clang chasen_2.4.5-33'
sbuild (Debian sbuild) 0.72.0 (25 Oct 2016) on ip-172-31-25-158.eu-central-1.compute.internal

+==============================================================================+
| chasen 2.4.5-33 (amd64)                      Wed, 01 Mar 2017 06:09:31 +0000 |
+==============================================================================+

Package: chasen
Version: 2.4.5-33
Source Version: 2.4.5-33
Distribution: unstable
Machine Architecture: amd64
Host Architecture: amd64
Build Architecture: amd64

I: NOTICE: Log filtering will replace 'var/lib/schroot/mount/unstable-amd64-sbuild-5991982e-f47a-4f6d-9d6e-203bd5f912cd' with '<<CHROOT>>'

+------------------------------------------------------------------------------+
| Chroot Setup Commands                                                        |
+------------------------------------------------------------------------------+


/tmp/clang
----------

+ echo 'Entering customization script...'
Entering customization script...
+ CLANG_VERSION=4.0
+ echo 'Install of clang-4.0'
Install of clang-4.0
+ apt-get update
Get:1 http://127.0.0.1:9999/debian unstable InRelease [231 kB]
Get:2 http://127.0.0.1:9999/debian unstable/main Sources.diff/Index [27.9 kB]
Get:3 http://127.0.0.1:9999/debian unstable/main amd64 Packages.diff/Index [27.9 kB]
Get:4 http://127.0.0.1:9999/debian unstable/main Sources 2017-02-28-0825.37.pdiff [2103 B]
Get:4 http://127.0.0.1:9999/debian unstable/main Sources 2017-02-28-0825.37.pdiff [2103 B]
Get:5 http://127.0.0.1:9999/debian unstable/main amd64 Packages 2017-02-28-0825.37.pdiff [2528 B]
Get:5 http://127.0.0.1:9999/debian unstable/main amd64 Packages 2017-02-28-0825.37.pdiff [2528 B]
Get:6 http://127.0.0.1:9999/debian unstable/main Translation-en [5646 kB]
Fetched 5938 kB in 1s (3239 kB/s)
Reading package lists...
W: No sandbox user '_apt' on the system, can not drop privileges
+ apt-get install --yes --no-install-recommends --force-yes clang-4.0
Reading package lists...
Building dependency tree...
Reading state information...
The following additional packages will be installed:
  libbsd0 libclang-common-4.0-dev libclang1-4.0 libedit2 libffi6 libjsoncpp1
  libllvm4.0 libncurses5 libobjc-6-dev libobjc4
Suggested packages:
  gnustep gnustep-devel clang-4.0-doc
Recommended packages:
  llvm-4.0-dev python libgpm2
The following NEW packages will be installed:
  clang-4.0 libbsd0 libclang-common-4.0-dev libclang1-4.0 libedit2 libffi6
  libjsoncpp1 libllvm4.0 libncurses5 libobjc-6-dev libobjc4
0 upgraded, 11 newly installed, 0 to remove and 0 not upgraded.
Need to get 74.7 MB of archives.
After this operation, 321 MB of additional disk space will be used.
Get:1 http://127.0.0.1:9999/debian unstable/main amd64 libbsd0 amd64 0.8.3-1 [83.0 kB]
Get:2 http://127.0.0.1:9999/debian unstable/main amd64 libncurses5 amd64 6.0+20161126-1 [93.4 kB]
Get:3 http://127.0.0.1:9999/debian unstable/main amd64 libedit2 amd64 3.1-20160903-3 [84.8 kB]
Get:4 http://127.0.0.1:9999/debian unstable/main amd64 libffi6 amd64 3.2.1-6 [20.4 kB]
Get:5 http://127.0.0.1:9999/debian unstable/main amd64 libllvm4.0 amd64 1:4.0~+rc2-1 [12.3 MB]
Get:6 http://127.0.0.1:9999/debian unstable/main amd64 libclang1-4.0 amd64 1:4.0~+rc2-1 [6358 kB]
Get:7 http://127.0.0.1:9999/debian unstable/main amd64 libjsoncpp1 amd64 1.7.4-3 [75.6 kB]
Get:8 http://127.0.0.1:9999/debian unstable/main amd64 libobjc4 amd64 6.3.0-8 [49.4 kB]
Get:9 http://127.0.0.1:9999/debian unstable/main amd64 libobjc-6-dev amd64 6.3.0-8 [197 kB]
Get:10 http://127.0.0.1:9999/debian unstable/main amd64 libclang-common-4.0-dev amd64 1:4.0~+rc2-1 [2767 kB]
Get:11 http://127.0.0.1:9999/debian unstable/main amd64 clang-4.0 amd64 1:4.0~+rc2-1 [52.7 MB]
debconf: delaying package configuration, since apt-utils is not installed
Fetched 74.7 MB in 0s (93.7 MB/s)
Selecting previously unselected package libbsd0:amd64.
(Reading database ... (Reading database ... 5%(Reading database ... 10%(Reading database ... 15%(Reading database ... 20%(Reading database ... 25%(Reading database ... 30%(Reading database ... 35%(Reading database ... 40%(Reading database ... 45%(Reading database ... 50%(Reading database ... 55%(Reading database ... 60%(Reading database ... 65%(Reading database ... 70%(Reading database ... 75%(Reading database ... 80%(Reading database ... 85%(Reading database ... 90%(Reading database ... 95%(Reading database ... 100%(Reading database ... 9584 files and directories currently installed.)
Preparing to unpack .../00-libbsd0_0.8.3-1_amd64.deb ...
Unpacking libbsd0:amd64 (0.8.3-1) ...
Selecting previously unselected package libncurses5:amd64.
Preparing to unpack .../01-libncurses5_6.0+20161126-1_amd64.deb ...
Unpacking libncurses5:amd64 (6.0+20161126-1) ...
Selecting previously unselected package libedit2:amd64.
Preparing to unpack .../02-libedit2_3.1-20160903-3_amd64.deb ...
Unpacking libedit2:amd64 (3.1-20160903-3) ...
Selecting previously unselected package libffi6:amd64.
Preparing to unpack .../03-libffi6_3.2.1-6_amd64.deb ...
Unpacking libffi6:amd64 (3.2.1-6) ...
Selecting previously unselected package libllvm4.0:amd64.
Preparing to unpack .../04-libllvm4.0_1%3a4.0~+rc2-1_amd64.deb ...
Unpacking libllvm4.0:amd64 (1:4.0~+rc2-1) ...
Selecting previously unselected package libclang1-4.0:amd64.
Preparing to unpack .../05-libclang1-4.0_1%3a4.0~+rc2-1_amd64.deb ...
Unpacking libclang1-4.0:amd64 (1:4.0~+rc2-1) ...
Selecting previously unselected package libjsoncpp1:amd64.
Preparing to unpack .../06-libjsoncpp1_1.7.4-3_amd64.deb ...
Unpacking libjsoncpp1:amd64 (1.7.4-3) ...
Selecting previously unselected package libobjc4:amd64.
Preparing to unpack .../07-libobjc4_6.3.0-8_amd64.deb ...
Unpacking libobjc4:amd64 (6.3.0-8) ...
Selecting previously unselected package libobjc-6-dev:amd64.
Preparing to unpack .../08-libobjc-6-dev_6.3.0-8_amd64.deb ...
Unpacking libobjc-6-dev:amd64 (6.3.0-8) ...
Selecting previously unselected package libclang-common-4.0-dev.
Preparing to unpack .../09-libclang-common-4.0-dev_1%3a4.0~+rc2-1_amd64.deb ...
Unpacking libclang-common-4.0-dev (1:4.0~+rc2-1) ...
Selecting previously unselected package clang-4.0.
Preparing to unpack .../10-clang-4.0_1%3a4.0~+rc2-1_amd64.deb ...
Unpacking clang-4.0 (1:4.0~+rc2-1) ...
Setting up libncurses5:amd64 (6.0+20161126-1) ...
Setting up libobjc4:amd64 (6.3.0-8) ...
Setting up libbsd0:amd64 (0.8.3-1) ...
Processing triggers for libc-bin (2.24-9) ...
Setting up libobjc-6-dev:amd64 (6.3.0-8) ...
Setting up libffi6:amd64 (3.2.1-6) ...
Setting up libjsoncpp1:amd64 (1.7.4-3) ...
Setting up libedit2:amd64 (3.1-20160903-3) ...
Setting up libllvm4.0:amd64 (1:4.0~+rc2-1) ...
Setting up libclang1-4.0:amd64 (1:4.0~+rc2-1) ...
Setting up libclang-common-4.0-dev (1:4.0~+rc2-1) ...
Setting up clang-4.0 (1:4.0~+rc2-1) ...
Processing triggers for libc-bin (2.24-9) ...
W: --force-yes is deprecated, use one of the options starting with --allow instead.
W: No sandbox user '_apt' on the system, can not drop privileges
+ echo 'Replace gcc, g++ & cpp by clang'
Replace gcc, g++ & cpp by clang
+ VERSIONS='4.6 4.7 4.8 4.9 5 6'
+ cd /usr/bin
+ for VERSION in $VERSIONS
+ rm -f g++-4.6 gcc-4.6 cpp-4.6 gcc
+ ln -s clang++-4.0 g++-4.6
+ ln -s clang-4.0 gcc-4.6
+ ln -s clang-4.0 cpp-4.6
+ ln -s clang-4.0 gcc
+ echo 'gcc-4.6 hold'
+ dpkg --set-selections
dpkg: warning: package not in status nor available database at line 1: gcc-4.6
dpkg: warning: found unknown packages; this might mean the available database
is outdated, and needs to be updated through a frontend method;
please see the FAQ <https://wiki.debian.org/Teams/Dpkg/FAQ>
+ echo 'g++-4.6 hold'
+ dpkg --set-selections
dpkg: warning: package not in status nor available database at line 1: g++-4.6
dpkg: warning: found unknown packages; this might mean the available database
is outdated, and needs to be updated through a frontend method;
please see the FAQ <https://wiki.debian.org/Teams/Dpkg/FAQ>
+ for VERSION in $VERSIONS
+ rm -f g++-4.7 gcc-4.7 cpp-4.7 gcc
+ ln -s clang++-4.0 g++-4.7
+ ln -s clang-4.0 gcc-4.7
+ ln -s clang-4.0 cpp-4.7
+ ln -s clang-4.0 gcc
+ echo 'gcc-4.7 hold'
+ dpkg --set-selections
dpkg: warning: package not in status nor available database at line 1: gcc-4.7
dpkg: warning: found unknown packages; this might mean the available database
is outdated, and needs to be updated through a frontend method;
please see the FAQ <https://wiki.debian.org/Teams/Dpkg/FAQ>
+ echo 'g++-4.7 hold'
+ dpkg --set-selections
dpkg: warning: package not in status nor available database at line 1: g++-4.7
dpkg: warning: found unknown packages; this might mean the available database
is outdated, and needs to be updated through a frontend method;
please see the FAQ <https://wiki.debian.org/Teams/Dpkg/FAQ>
+ for VERSION in $VERSIONS
+ rm -f g++-4.8 gcc-4.8 cpp-4.8 gcc
+ ln -s clang++-4.0 g++-4.8
+ ln -s clang-4.0 gcc-4.8
+ ln -s clang-4.0 cpp-4.8
+ ln -s clang-4.0 gcc
+ echo 'gcc-4.8 hold'
+ dpkg --set-selections
dpkg: warning: package not in status nor available database at line 1: gcc-4.8
dpkg: warning: found unknown packages; this might mean the available database
is outdated, and needs to be updated through a frontend method;
please see the FAQ <https://wiki.debian.org/Teams/Dpkg/FAQ>
+ echo 'g++-4.8 hold'
+ dpkg --set-selections
dpkg: warning: package not in status nor available database at line 1: g++-4.8
dpkg: warning: found unknown packages; this might mean the available database
is outdated, and needs to be updated through a frontend method;
please see the FAQ <https://wiki.debian.org/Teams/Dpkg/FAQ>
+ for VERSION in $VERSIONS
+ rm -f g++-4.9 gcc-4.9 cpp-4.9 gcc
+ ln -s clang++-4.0 g++-4.9
+ ln -s clang-4.0 gcc-4.9
+ ln -s clang-4.0 cpp-4.9
+ ln -s clang-4.0 gcc
+ echo 'gcc-4.9 hold'
+ dpkg --set-selections
dpkg: warning: package not in status nor available database at line 1: gcc-4.9
dpkg: warning: found unknown packages; this might mean the available database
is outdated, and needs to be updated through a frontend method;
please see the FAQ <https://wiki.debian.org/Teams/Dpkg/FAQ>
+ echo 'g++-4.9 hold'
+ dpkg --set-selections
dpkg: warning: package not in status nor available database at line 1: g++-4.9
dpkg: warning: found unknown packages; this might mean the available database
is outdated, and needs to be updated through a frontend method;
please see the FAQ <https://wiki.debian.org/Teams/Dpkg/FAQ>
+ for VERSION in $VERSIONS
+ rm -f g++-5 gcc-5 cpp-5 gcc
+ ln -s clang++-4.0 g++-5
+ ln -s clang-4.0 gcc-5
+ ln -s clang-4.0 cpp-5
+ ln -s clang-4.0 gcc
+ echo 'gcc-5 hold'
+ dpkg --set-selections
+ echo 'g++-5 hold'
+ dpkg --set-selections
+ for VERSION in $VERSIONS
+ rm -f g++-6 gcc-6 cpp-6 gcc
+ ln -s clang++-4.0 g++-6
+ ln -s clang-4.0 gcc-6
+ ln -s clang-4.0 cpp-6
+ ln -s clang-4.0 gcc
+ echo 'gcc-6 hold'
+ dpkg --set-selections
+ echo 'g++-6 hold'
+ dpkg --set-selections
+ cd -
/build/chasen-tLtZmn
+ echo 'Check if gcc, g++ & cpp are actually clang'
Check if gcc, g++ & cpp are actually clang
+ gcc --version
+ grep clang
+ cpp --version
+ grep clang
+ g++ --version
+ grep clang

I: Finished running '/tmp/clang'.

Finished processing commands.
--------------------------------------------------------------------------------

+------------------------------------------------------------------------------+
| Update chroot                                                                |
+------------------------------------------------------------------------------+

Hit:1 http://127.0.0.1:9999/debian unstable InRelease
Reading package lists...
W: No sandbox user '_apt' on the system, can not drop privileges
Reading package lists...
Building dependency tree...
Reading state information...
Calculating upgrade...
0 upgraded, 0 newly installed, 0 to remove and 0 not upgraded.

+------------------------------------------------------------------------------+
| Fetch source files                                                           |
+------------------------------------------------------------------------------+


Check APT
---------

Checking available source versions...

Download source files with APT
------------------------------

Reading package lists...
NOTICE: 'chasen' packaging is maintained in the 'Git' version control system at:
git://anonscm.debian.org/pkg-nlp-ja/chasen.git
Please use:
git clone git://anonscm.debian.org/pkg-nlp-ja/chasen.git
to retrieve the latest (possibly unreleased) updates to the package.
Need to get 685 kB of source archives.
Get:1 http://127.0.0.1:9999/debian unstable/main chasen 2.4.5-33 (dsc) [2139 B]
Get:2 http://127.0.0.1:9999/debian unstable/main chasen 2.4.5-33 (tar) [671 kB]
Get:3 http://127.0.0.1:9999/debian unstable/main chasen 2.4.5-33 (diff) [11.5 kB]
Fetched 685 kB in 0s (5504 kB/s)
Download complete and in download only mode
I: NOTICE: Log filtering will replace 'build/chasen-tLtZmn/chasen-2.4.5' with '<<PKGBUILDDIR>>'
I: NOTICE: Log filtering will replace 'build/chasen-tLtZmn' with '<<BUILDDIR>>'

+------------------------------------------------------------------------------+
| Install build-essential                                                      |
+------------------------------------------------------------------------------+


Setup apt archive
-----------------

Merged Build-Depends: build-essential, fakeroot
Filtered Build-Depends: build-essential, fakeroot
dpkg-deb: building package 'sbuild-build-depends-core-dummy' in '/<<BUILDDIR>>/resolver-xEKSpF/apt_archive/sbuild-build-depends-core-dummy.deb'.
dpkg-scanpackages: warning: Packages in archive but missing from override file:
dpkg-scanpackages: warning:   sbuild-build-depends-core-dummy
dpkg-scanpackages: info: Wrote 1 entries to output Packages file.
Ign:1 copy:/<<BUILDDIR>>/resolver-xEKSpF/apt_archive ./ InRelease
Get:2 copy:/<<BUILDDIR>>/resolver-xEKSpF/apt_archive ./ Release [957 B]
Ign:3 copy:/<<BUILDDIR>>/resolver-xEKSpF/apt_archive ./ Release.gpg
Get:4 copy:/<<BUILDDIR>>/resolver-xEKSpF/apt_archive ./ Sources [349 B]
Get:5 copy:/<<BUILDDIR>>/resolver-xEKSpF/apt_archive ./ Packages [430 B]
Fetched 1736 B in 0s (0 B/s)
Reading package lists...
W: No sandbox user '_apt' on the system, can not drop privileges
Reading package lists...

Install core build dependencies (apt-based resolver)
----------------------------------------------------

Installing build dependencies
Reading package lists...
Building dependency tree...
Reading state information...
The following NEW packages will be installed:
  sbuild-build-depends-core-dummy
0 upgraded, 1 newly installed, 0 to remove and 0 not upgraded.
Need to get 784 B of archives.
After this operation, 0 B of additional disk space will be used.
Get:1 copy:/<<BUILDDIR>>/resolver-xEKSpF/apt_archive ./ sbuild-build-depends-core-dummy 0.invalid.0 [784 B]
debconf: delaying package configuration, since apt-utils is not installed
Fetched 784 B in 0s (0 B/s)
Selecting previously unselected package sbuild-build-depends-core-dummy.
(Reading database ... 10086 files and directories currently installed.)
Preparing to unpack .../sbuild-build-depends-core-dummy_0.invalid.0_amd64.deb ...
Unpacking sbuild-build-depends-core-dummy (0.invalid.0) ...
Setting up sbuild-build-depends-core-dummy (0.invalid.0) ...
W: No sandbox user '_apt' on the system, can not drop privileges

+------------------------------------------------------------------------------+
| Check architectures                                                          |
+------------------------------------------------------------------------------+

Arch check ok (amd64 included in any)

+------------------------------------------------------------------------------+
| Install package build dependencies                                           |
+------------------------------------------------------------------------------+


Setup apt archive
-----------------

Merged Build-Depends: debhelper (>= 9), darts (>= 0.3.2), dh-autoreconf, perl
Filtered Build-Depends: debhelper (>= 9), darts (>= 0.3.2), dh-autoreconf, perl
dpkg-deb: building package 'sbuild-build-depends-chasen-dummy' in '/<<BUILDDIR>>/resolver-xEKSpF/apt_archive/sbuild-build-depends-chasen-dummy.deb'.
dpkg-scanpackages: warning: Packages in archive but missing from override file:
dpkg-scanpackages: warning:   sbuild-build-depends-chasen-dummy sbuild-build-depends-core-dummy
dpkg-scanpackages: info: Wrote 2 entries to output Packages file.
Ign:1 copy:/<<BUILDDIR>>/resolver-xEKSpF/apt_archive ./ InRelease
Get:2 copy:/<<BUILDDIR>>/resolver-xEKSpF/apt_archive ./ Release [963 B]
Ign:3 copy:/<<BUILDDIR>>/resolver-xEKSpF/apt_archive ./ Release.gpg
Get:4 copy:/<<BUILDDIR>>/resolver-xEKSpF/apt_archive ./ Sources [508 B]
Get:5 copy:/<<BUILDDIR>>/resolver-xEKSpF/apt_archive ./ Packages [590 B]
Fetched 2061 B in 0s (0 B/s)
Reading package lists...
W: No sandbox user '_apt' on the system, can not drop privileges
Reading package lists...

Install chasen build dependencies (apt-based resolver)
------------------------------------------------------

Installing build dependencies
Reading package lists...
Building dependency tree...
Reading state information...
The following additional packages will be installed:
  autoconf automake autopoint autotools-dev bsdmainutils darts debhelper
  dh-autoreconf dh-strip-nondeterminism file gettext gettext-base groff-base
  intltool-debian libarchive-zip-perl libcroco3
  libfile-stripnondeterminism-perl libglib2.0-0 libicu57 libmagic-mgc
  libmagic1 libpipeline1 libsigsegv2 libtimedate-perl libtool libunistring0
  libxml2 m4 man-db po-debconf
Suggested packages:
  autoconf-archive gnu-standards autoconf-doc wamerican | wordlist whois
  vacation dh-make gettext-doc libasprintf-dev libgettextpo-dev groff
  libtool-doc gfortran | fortran95-compiler gcj-jdk m4-doc less www-browser
  libmail-box-perl
Recommended packages:
  curl | wget | lynx-cur libglib2.0-data shared-mime-info xdg-user-dirs
  libltdl-dev xml-core libmail-sendmail-perl
The following NEW packages will be installed:
  autoconf automake autopoint autotools-dev bsdmainutils darts debhelper
  dh-autoreconf dh-strip-nondeterminism file gettext gettext-base groff-base
  intltool-debian libarchive-zip-perl libcroco3
  libfile-stripnondeterminism-perl libglib2.0-0 libicu57 libmagic-mgc
  libmagic1 libpipeline1 libsigsegv2 libtimedate-perl libtool libunistring0
  libxml2 m4 man-db po-debconf sbuild-build-depends-chasen-dummy
0 upgraded, 31 newly installed, 0 to remove and 0 not upgraded.
Need to get 20.0 MB of archives.
After this operation, 67.7 MB of additional disk space will be used.
Get:1 copy:/<<BUILDDIR>>/resolver-xEKSpF/apt_archive ./ sbuild-build-depends-chasen-dummy 0.invalid.0 [806 B]
Get:2 http://127.0.0.1:9999/debian unstable/main amd64 groff-base amd64 1.22.3-9 [1160 kB]
Get:3 http://127.0.0.1:9999/debian unstable/main amd64 bsdmainutils amd64 9.0.12 [185 kB]
Get:4 http://127.0.0.1:9999/debian unstable/main amd64 libpipeline1 amd64 1.4.1-2 [27.6 kB]
Get:5 http://127.0.0.1:9999/debian unstable/main amd64 man-db amd64 2.7.6.1-2 [1044 kB]
Get:6 http://127.0.0.1:9999/debian unstable/main amd64 libmagic-mgc amd64 1:5.29-3 [221 kB]
Get:7 http://127.0.0.1:9999/debian unstable/main amd64 libmagic1 amd64 1:5.29-3 [110 kB]
Get:8 http://127.0.0.1:9999/debian unstable/main amd64 file amd64 1:5.29-3 [63.7 kB]
Get:9 http://127.0.0.1:9999/debian unstable/main amd64 gettext-base amd64 0.19.8.1-2 [121 kB]
Get:10 http://127.0.0.1:9999/debian unstable/main amd64 libicu57 amd64 57.1-5 [7700 kB]
Get:11 http://127.0.0.1:9999/debian unstable/main amd64 libxml2 amd64 2.9.4+dfsg1-2.2 [919 kB]
Get:12 http://127.0.0.1:9999/debian unstable/main amd64 libsigsegv2 amd64 2.10-5 [28.9 kB]
Get:13 http://127.0.0.1:9999/debian unstable/main amd64 m4 amd64 1.4.18-1 [202 kB]
Get:14 http://127.0.0.1:9999/debian unstable/main amd64 autoconf all 2.69-10 [338 kB]
Get:15 http://127.0.0.1:9999/debian unstable/main amd64 autotools-dev all 20161112.1 [73.4 kB]
Get:16 http://127.0.0.1:9999/debian unstable/main amd64 automake all 1:1.15-6 [733 kB]
Get:17 http://127.0.0.1:9999/debian unstable/main amd64 autopoint all 0.19.8.1-2 [433 kB]
Get:18 http://127.0.0.1:9999/debian unstable/main amd64 darts amd64 0.32-14+b1 [26.4 kB]
Get:19 http://127.0.0.1:9999/debian unstable/main amd64 libtool all 2.4.6-2 [545 kB]
Get:20 http://127.0.0.1:9999/debian unstable/main amd64 dh-autoreconf all 13 [15.8 kB]
Get:21 http://127.0.0.1:9999/debian unstable/main amd64 libarchive-zip-perl all 1.59-1 [95.5 kB]
Get:22 http://127.0.0.1:9999/debian unstable/main amd64 libfile-stripnondeterminism-perl all 0.031-1 [15.7 kB]
Get:23 http://127.0.0.1:9999/debian unstable/main amd64 libtimedate-perl all 2.3000-2 [42.2 kB]
Get:24 http://127.0.0.1:9999/debian unstable/main amd64 dh-strip-nondeterminism all 0.031-1 [9736 B]
Get:25 http://127.0.0.1:9999/debian unstable/main amd64 libglib2.0-0 amd64 2.50.3-1 [2691 kB]
Get:26 http://127.0.0.1:9999/debian unstable/main amd64 libcroco3 amd64 0.6.11-2 [143 kB]
Get:27 http://127.0.0.1:9999/debian unstable/main amd64 libunistring0 amd64 0.9.6+really0.9.3-0.1 [279 kB]
Get:28 http://127.0.0.1:9999/debian unstable/main amd64 gettext amd64 0.19.8.1-2 [1495 kB]
Get:29 http://127.0.0.1:9999/debian unstable/main amd64 intltool-debian all 0.35.0+20060710.4 [26.3 kB]
Get:30 http://127.0.0.1:9999/debian unstable/main amd64 po-debconf all 1.0.20 [247 kB]
Get:31 http://127.0.0.1:9999/debian unstable/main amd64 debhelper all 10.2.5 [961 kB]
debconf: delaying package configuration, since apt-utils is not installed
Fetched 20.0 MB in 0s (100 MB/s)
Selecting previously unselected package groff-base.
(Reading database ... 10086 files and directories currently installed.)
Preparing to unpack .../00-groff-base_1.22.3-9_amd64.deb ...
Unpacking groff-base (1.22.3-9) ...
Selecting previously unselected package bsdmainutils.
Preparing to unpack .../01-bsdmainutils_9.0.12_amd64.deb ...
Unpacking bsdmainutils (9.0.12) ...
Selecting previously unselected package libpipeline1:amd64.
Preparing to unpack .../02-libpipeline1_1.4.1-2_amd64.deb ...
Unpacking libpipeline1:amd64 (1.4.1-2) ...
Selecting previously unselected package man-db.
Preparing to unpack .../03-man-db_2.7.6.1-2_amd64.deb ...
Unpacking man-db (2.7.6.1-2) ...
Selecting previously unselected package libmagic-mgc.
Preparing to unpack .../04-libmagic-mgc_1%3a5.29-3_amd64.deb ...
Unpacking libmagic-mgc (1:5.29-3) ...
Selecting previously unselected package libmagic1:amd64.
Preparing to unpack .../05-libmagic1_1%3a5.29-3_amd64.deb ...
Unpacking libmagic1:amd64 (1:5.29-3) ...
Selecting previously unselected package file.
Preparing to unpack .../06-file_1%3a5.29-3_amd64.deb ...
Unpacking file (1:5.29-3) ...
Selecting previously unselected package gettext-base.
Preparing to unpack .../07-gettext-base_0.19.8.1-2_amd64.deb ...
Unpacking gettext-base (0.19.8.1-2) ...
Selecting previously unselected package libicu57:amd64.
Preparing to unpack .../08-libicu57_57.1-5_amd64.deb ...
Unpacking libicu57:amd64 (57.1-5) ...
Selecting previously unselected package libxml2:amd64.
Preparing to unpack .../09-libxml2_2.9.4+dfsg1-2.2_amd64.deb ...
Unpacking libxml2:amd64 (2.9.4+dfsg1-2.2) ...
Selecting previously unselected package libsigsegv2:amd64.
Preparing to unpack .../10-libsigsegv2_2.10-5_amd64.deb ...
Unpacking libsigsegv2:amd64 (2.10-5) ...
Selecting previously unselected package m4.
Preparing to unpack .../11-m4_1.4.18-1_amd64.deb ...
Unpacking m4 (1.4.18-1) ...
Selecting previously unselected package autoconf.
Preparing to unpack .../12-autoconf_2.69-10_all.deb ...
Unpacking autoconf (2.69-10) ...
Selecting previously unselected package autotools-dev.
Preparing to unpack .../13-autotools-dev_20161112.1_all.deb ...
Unpacking autotools-dev (20161112.1) ...
Selecting previously unselected package automake.
Preparing to unpack .../14-automake_1%3a1.15-6_all.deb ...
Unpacking automake (1:1.15-6) ...
Selecting previously unselected package autopoint.
Preparing to unpack .../15-autopoint_0.19.8.1-2_all.deb ...
Unpacking autopoint (0.19.8.1-2) ...
Selecting previously unselected package darts.
Preparing to unpack .../16-darts_0.32-14+b1_amd64.deb ...
Unpacking darts (0.32-14+b1) ...
Selecting previously unselected package libtool.
Preparing to unpack .../17-libtool_2.4.6-2_all.deb ...
Unpacking libtool (2.4.6-2) ...
Selecting previously unselected package dh-autoreconf.
Preparing to unpack .../18-dh-autoreconf_13_all.deb ...
Unpacking dh-autoreconf (13) ...
Selecting previously unselected package libarchive-zip-perl.
Preparing to unpack .../19-libarchive-zip-perl_1.59-1_all.deb ...
Unpacking libarchive-zip-perl (1.59-1) ...
Selecting previously unselected package libfile-stripnondeterminism-perl.
Preparing to unpack .../20-libfile-stripnondeterminism-perl_0.031-1_all.deb ...
Unpacking libfile-stripnondeterminism-perl (0.031-1) ...
Selecting previously unselected package libtimedate-perl.
Preparing to unpack .../21-libtimedate-perl_2.3000-2_all.deb ...
Unpacking libtimedate-perl (2.3000-2) ...
Selecting previously unselected package dh-strip-nondeterminism.
Preparing to unpack .../22-dh-strip-nondeterminism_0.031-1_all.deb ...
Unpacking dh-strip-nondeterminism (0.031-1) ...
Selecting previously unselected package libglib2.0-0:amd64.
Preparing to unpack .../23-libglib2.0-0_2.50.3-1_amd64.deb ...
Unpacking libglib2.0-0:amd64 (2.50.3-1) ...
Selecting previously unselected package libcroco3:amd64.
Preparing to unpack .../24-libcroco3_0.6.11-2_amd64.deb ...
Unpacking libcroco3:amd64 (0.6.11-2) ...
Selecting previously unselected package libunistring0:amd64.
Preparing to unpack .../25-libunistring0_0.9.6+really0.9.3-0.1_amd64.deb ...
Unpacking libunistring0:amd64 (0.9.6+really0.9.3-0.1) ...
Selecting previously unselected package gettext.
Preparing to unpack .../26-gettext_0.19.8.1-2_amd64.deb ...
Unpacking gettext (0.19.8.1-2) ...
Selecting previously unselected package intltool-debian.
Preparing to unpack .../27-intltool-debian_0.35.0+20060710.4_all.deb ...
Unpacking intltool-debian (0.35.0+20060710.4) ...
Selecting previously unselected package po-debconf.
Preparing to unpack .../28-po-debconf_1.0.20_all.deb ...
Unpacking po-debconf (1.0.20) ...
Selecting previously unselected package debhelper.
Preparing to unpack .../29-debhelper_10.2.5_all.deb ...
Unpacking debhelper (10.2.5) ...
Selecting previously unselected package sbuild-build-depends-chasen-dummy.
Preparing to unpack .../30-sbuild-build-depends-chasen-dummy_0.invalid.0_amd64.deb ...
Unpacking sbuild-build-depends-chasen-dummy (0.invalid.0) ...
Setting up libarchive-zip-perl (1.59-1) ...
Setting up libtimedate-perl (2.3000-2) ...
Setting up libsigsegv2:amd64 (2.10-5) ...
Setting up groff-base (1.22.3-9) ...
Setting up libglib2.0-0:amd64 (2.50.3-1) ...
No schema files found: doing nothing.
Setting up gettext-base (0.19.8.1-2) ...
Setting up libpipeline1:amd64 (1.4.1-2) ...
Setting up m4 (1.4.18-1) ...
Setting up darts (0.32-14+b1) ...
Setting up libicu57:amd64 (57.1-5) ...
Setting up libxml2:amd64 (2.9.4+dfsg1-2.2) ...
Setting up libmagic-mgc (1:5.29-3) ...
Setting up libmagic1:amd64 (1:5.29-3) ...
Setting up libcroco3:amd64 (0.6.11-2) ...
Processing triggers for libc-bin (2.24-9) ...
Setting up autotools-dev (20161112.1) ...
Setting up libunistring0:amd64 (0.9.6+really0.9.3-0.1) ...
Setting up bsdmainutils (9.0.12) ...
update-alternatives: using /usr/bin/bsd-write to provide /usr/bin/write (write) in auto mode
update-alternatives: using /usr/bin/bsd-from to provide /usr/bin/from (from) in auto mode
Setting up autopoint (0.19.8.1-2) ...
Setting up libfile-stripnondeterminism-perl (0.031-1) ...
Setting up gettext (0.19.8.1-2) ...
Setting up autoconf (2.69-10) ...
Setting up file (1:5.29-3) ...
Setting up intltool-debian (0.35.0+20060710.4) ...
Setting up automake (1:1.15-6) ...
update-alternatives: using /usr/bin/automake-1.15 to provide /usr/bin/automake (automake) in auto mode
Setting up man-db (2.7.6.1-2) ...
Not building database; man-db/auto-update is not 'true'.
Setting up libtool (2.4.6-2) ...
Setting up po-debconf (1.0.20) ...
Setting up dh-autoreconf (13) ...
Setting up dh-strip-nondeterminism (0.031-1) ...
Setting up debhelper (10.2.5) ...
Setting up sbuild-build-depends-chasen-dummy (0.invalid.0) ...
Processing triggers for libc-bin (2.24-9) ...
W: No sandbox user '_apt' on the system, can not drop privileges

+------------------------------------------------------------------------------+
| Build environment                                                            |
+------------------------------------------------------------------------------+

Kernel: Linux 3.16.0-4-amd64 amd64 (x86_64)
Toolchain package versions: binutils_2.27.90.20170221-1 dpkg-dev_1.18.22 g++-6_6.3.0-8 gcc-6_6.3.0-8 libc6-dev_2.24-9 libstdc++-6-dev_6.3.0-8 libstdc++6_6.3.0-8 linux-libc-dev_4.9.13-1
Package versions: adduser_3.115 apt_1.4~rc2 autoconf_2.69-10 automake_1:1.15-6 autopoint_0.19.8.1-2 autotools-dev_20161112.1 base-files_9.8 base-passwd_3.5.43 bash_4.4-4 binutils_2.27.90.20170221-1 bsdmainutils_9.0.12 bsdutils_1:2.29.1-1 build-essential_12.3 bzip2_1.0.6-8.1 clang-4.0_1:4.0~+rc2-1 coreutils_8.26-3 cpp_4:6.3.0-1 cpp-6_6.3.0-8 darts_0.32-14+b1 dash_0.5.8-2.4 debconf_1.5.60 debfoster_2.7-2.1 debhelper_10.2.5 debian-archive-keyring_2014.3 debianutils_4.8.1 dh-autoreconf_13 dh-strip-nondeterminism_0.031-1 diffutils_1:3.5-3 dpkg_1.18.22 dpkg-dev_1.18.22 e2fslibs_1.43.4-2 e2fsprogs_1.43.4-2 eatmydata_105-5 fakeroot_1.21-3.1 file_1:5.29-3 findutils_4.6.0+git+20161106-2 g++_4:6.3.0-1 g++-6_6.3.0-8 gcc_4:6.3.0-1 gcc-6_6.3.0-8 gcc-6-base_6.3.0-8 gettext_0.19.8.1-2 gettext-base_0.19.8.1-2 gpgv_2.1.18-6 grep_2.27-2 groff-base_1.22.3-9 gzip_1.6-5 hostname_3.18 init-system-helpers_1.47 intltool-debian_0.35.0+20060710.4 libacl1_2.2.52-3+b1 libapt-pkg5.0_1.4~rc2 libarchive-zip-perl_1.59-1 libasan3_6.3.0-8 libatomic1_6.3.0-8 libattr1_1:2.4.47-2+b2 libaudit-common_1:2.6.7-1 libaudit1_1:2.6.7-1 libblkid1_2.29.1-1 libbsd0_0.8.3-1 libbz2-1.0_1.0.6-8.1 libc-bin_2.24-9 libc-dev-bin_2.24-9 libc6_2.24-9 libc6-dev_2.24-9 libcap-ng0_0.7.7-3+b1 libcc1-0_6.3.0-8 libcilkrts5_6.3.0-8 libclang-common-4.0-dev_1:4.0~+rc2-1 libclang1-4.0_1:4.0~+rc2-1 libcomerr2_1.43.4-2 libcroco3_0.6.11-2 libdb5.3_5.3.28-12+b1 libdebconfclient0_0.224 libdpkg-perl_1.18.22 libeatmydata1_105-5 libedit2_3.1-20160903-3 libfakeroot_1.21-3.1 libfdisk1_2.29.1-1 libffi6_3.2.1-6 libfile-stripnondeterminism-perl_0.031-1 libgc1c2_1:7.4.2-8 libgcc-6-dev_6.3.0-8 libgcc1_1:6.3.0-8 libgcrypt20_1.7.6-1 libgdbm3_1.8.3-14 libglib2.0-0_2.50.3-1 libgmp10_2:6.1.2+dfsg-1 libgomp1_6.3.0-8 libgpg-error0_1.26-2 libicu57_57.1-5 libisl15_0.18-1 libitm1_6.3.0-8 libjsoncpp1_1.7.4-3 libllvm4.0_1:4.0~+rc2-1 liblsan0_6.3.0-8 liblz4-1_0.0~r131-2+b1 liblzma5_5.2.2-1.2+b1 libmagic-mgc_1:5.29-3 libmagic1_1:5.29-3 libmount1_2.29.1-1 libmpc3_1.0.3-1 libmpfr4_3.1.5-1 libmpx2_6.3.0-8 libncurses5_6.0+20161126-1 libncursesw5_6.0+20161126-1 libobjc-6-dev_6.3.0-8 libobjc4_6.3.0-8 libpam-modules_1.1.8-3.5 libpam-modules-bin_1.1.8-3.5 libpam-runtime_1.1.8-3.5 libpam0g_1.1.8-3.5 libpcre3_2:8.39-2.1 libperl5.24_5.24.1-1 libpipeline1_1.4.1-2 libquadmath0_6.3.0-8 libselinux1_2.6-3 libsemanage-common_2.6-2 libsemanage1_2.6-2 libsepol1_2.6-2 libsigsegv2_2.10-5 libsmartcols1_2.29.1-1 libss2_1.43.4-2 libstdc++-6-dev_6.3.0-8 libstdc++6_6.3.0-8 libsystemd0_232-18 libtimedate-perl_2.3000-2 libtinfo5_6.0+20161126-1 libtool_2.4.6-2 libtsan0_6.3.0-8 libubsan0_6.3.0-8 libudev1_232-18 libunistring0_0.9.6+really0.9.3-0.1 libustr-1.0-1_1.0.4-6 libuuid1_2.29.1-1 libxml2_2.9.4+dfsg1-2.2 linux-libc-dev_4.9.13-1 login_1:4.4-4 m4_1.4.18-1 make_4.1-9.1 man-db_2.7.6.1-2 mawk_1.3.3-17 mount_2.29.1-1 multiarch-support_2.24-9 ncurses-base_6.0+20161126-1 ncurses-bin_6.0+20161126-1 passwd_1:4.4-4 patch_2.7.5-1 perl_5.24.1-1 perl-base_5.24.1-1 perl-modules-5.24_5.24.1-1 po-debconf_1.0.20 sbuild-build-depends-chasen-dummy_0.invalid.0 sbuild-build-depends-core-dummy_0.invalid.0 sed_4.4-1 sensible-utils_0.0.9 sysvinit-utils_2.88dsf-59.9 tar_1.29b-1.1 util-linux_2.29.1-1 xz-utils_5.2.2-1.2+b1 zlib1g_1:1.2.8.dfsg-5

+------------------------------------------------------------------------------+
| Build                                                                        |
+------------------------------------------------------------------------------+


Unpack source
-------------

gpgv: unknown type of key resource 'trustedkeys.kbx'
gpgv: keyblock resource '/sbuild-nonexistent/.gnupg/trustedkeys.kbx': General error
gpgv: Signature made Wed Feb  1 04:14:38 2017 UTC
gpgv:                using RSA key B06662EC9C0C1404
gpgv: Can't check signature: No public key
dpkg-source: warning: failed to verify signature on ./chasen_2.4.5-33.dsc
dpkg-source: info: extracting chasen in /<<PKGBUILDDIR>>
dpkg-source: info: unpacking chasen_2.4.5.orig.tar.xz
dpkg-source: info: unpacking chasen_2.4.5-33.debian.tar.xz
dpkg-source: info: applying chasen-config.patch
dpkg-source: info: applying hurd_support
dpkg-source: info: applying 0003-hide-darts-instance-symbols.patch
dpkg-source: info: applying 0004-hide-cpp-symbols.patch

Check disk space
----------------

Sufficient free space for build

User Environment
----------------

APT_CONFIG=/var/lib/sbuild/apt.conf
HOME=/sbuild-nonexistent
LC_ALL=POSIX
LOGNAME=user42
PATH=/usr/local/sbin:/usr/local/bin:/usr/sbin:/usr/bin:/sbin:/bin:/usr/games
SCHROOT_ALIAS_NAME=unstable-amd64-sbuild
SCHROOT_CHROOT_NAME=unstable-amd64-sbuild
SCHROOT_COMMAND=env
SCHROOT_GID=1001
SCHROOT_GROUP=user42
SCHROOT_SESSION_ID=unstable-amd64-sbuild-5991982e-f47a-4f6d-9d6e-203bd5f912cd
SCHROOT_UID=1001
SCHROOT_USER=user42
SHELL=/bin/sh
USER=user42

dpkg-buildpackage
-----------------

dpkg-buildpackage: info: source package chasen
dpkg-buildpackage: info: source version 2.4.5-33
dpkg-buildpackage: info: source distribution unstable
dpkg-buildpackage: info: source changed by NOKUBI Takatsugu <knok@daionet.gr.jp>
 dpkg-source --before-build chasen-2.4.5
dpkg-buildpackage: info: host architecture amd64
 fakeroot debian/rules clean
dh clean --with autoreconf
   dh_testdir
   dh_auto_clean
   dh_autoreconf_clean
   dh_clean
 debian/rules build-arch
dh build-arch --with autoreconf
   dh_testdir -a
   dh_update_autotools_config -a
   dh_autoreconf -a
aclocal: warning: autoconf input should be named 'configure.ac', not 'configure.in'
configure.in:83: warning: underquoted definition of cl_VAR_ICONV_ARG
configure.in:83:   run info Automake 'Extending aclocal'
configure.in:83:   or see http://www.gnu.org/software/automake/manual/automake.html#Extending-aclocal
libtoolize: putting auxiliary files in '.'.
libtoolize: copying file './ltmain.sh'
libtoolize: Consider adding 'AC_CONFIG_MACRO_DIRS([m4])' to configure.in,
libtoolize: and rerunning libtoolize and aclocal.
libtoolize: Consider adding '-I m4' to ACLOCAL_AMFLAGS in Makefile.am.
aclocal: warning: autoconf input should be named 'configure.ac', not 'configure.in'
configure.in:83: warning: underquoted definition of cl_VAR_ICONV_ARG
configure.in:83:   run info Automake 'Extending aclocal'
configure.in:83:   or see http://www.gnu.org/software/automake/manual/automake.html#Extending-aclocal
autoheader: WARNING: Using auxiliary files such as `acconfig.h', `config.h.bot'
autoheader: WARNING: and `config.h.top', to define templates for `config.h.in'
autoheader: WARNING: is deprecated and discouraged.
autoheader: 
autoheader: WARNING: Using the third argument of `AC_DEFINE' and
autoheader: WARNING: `AC_DEFINE_UNQUOTED' allows one to define a template without
autoheader: WARNING: `acconfig.h':
autoheader: 
autoheader: WARNING:   AC_DEFINE([NEED_FUNC_MAIN], 1,
autoheader: 		[Define if a function `main' is needed.])
autoheader: 
autoheader: WARNING: More sophisticated templates can also be produced, see the
autoheader: WARNING: documentation.
automake: warning: autoconf input should be named 'configure.ac', not 'configure.in'
configure.in:3: warning: AM_INIT_AUTOMAKE: two- and three-arguments forms are deprecated.  For more info, see:
configure.in:3: http://www.gnu.org/software/automake/manual/automake.html#Modernize-AM_005fINIT_005fAUTOMAKE-invocation
configure.in:7: installing './compile'
configure.in:3: installing './missing'
chasen/Makefile.am:3: warning: 'INCLUDES' is the old name for 'AM_CPPFLAGS' (or '*_CPPFLAGS')
chasen/Makefile.am: installing './depcomp'
automake: warning: autoconf input should be named 'configure.ac', not 'configure.in'
lib/Makefile.am:12: warning: 'INCLUDES' is the old name for 'AM_CPPFLAGS' (or '*_CPPFLAGS')
mkchadic/Makefile.am:1: warning: 'INCLUDES' is the old name for 'AM_CPPFLAGS' (or '*_CPPFLAGS')
parallel-tests: installing './test-driver'
   debian/rules override_dh_auto_configure
make[1]: Entering directory '/<<PKGBUILDDIR>>'
dh_auto_configure -- --sysconfdir=/etc --with-darts=/usr/include
	./configure --build=x86_64-linux-gnu --prefix=/usr --includedir=\${prefix}/include --mandir=\${prefix}/share/man --infodir=\${prefix}/share/info --sysconfdir=/etc --localstatedir=/var --disable-silent-rules --libdir=\${prefix}/lib/x86_64-linux-gnu --libexecdir=\${prefix}/lib/x86_64-linux-gnu --disable-maintainer-mode --disable-dependency-tracking --sysconfdir=/etc --with-darts=/usr/include
checking for a BSD-compatible install... /usr/bin/install -c
checking whether build environment is sane... yes
checking for a thread-safe mkdir -p... /bin/mkdir -p
checking for gawk... no
checking for mawk... mawk
checking whether make sets $(MAKE)... yes
checking whether make supports nested variables... yes
checking whether to enable maintainer-specific portions of Makefiles... no
checking for gcc... gcc
checking whether the C compiler works... yes
checking for C compiler default output file name... a.out
checking for suffix of executables... 
checking whether we are cross compiling... no
checking for suffix of object files... o
checking whether we are using the GNU C compiler... yes
checking whether gcc accepts -g... yes
checking for gcc option to accept ISO C89... none needed
checking whether gcc understands -c and -o together... yes
checking for style of include used by make... GNU
checking dependency style of gcc... none
checking for g++... g++
checking whether we are using the GNU C++ compiler... yes
checking whether g++ accepts -g... yes
checking dependency style of g++... none
checking build system type... x86_64-pc-linux-gnu
checking host system type... x86_64-pc-linux-gnu
checking how to print strings... printf
checking for a sed that does not truncate output... /bin/sed
checking for grep that handles long lines and -e... /bin/grep
checking for egrep... /bin/grep -E
checking for fgrep... /bin/grep -F
checking for ld used by gcc... /usr/bin/ld
checking if the linker (/usr/bin/ld) is GNU ld... yes
checking for BSD- or MS-compatible name lister (nm)... /usr/bin/nm -B
checking the name lister (/usr/bin/nm -B) interface... BSD nm
checking whether ln -s works... yes
checking the maximum length of command line arguments... 1572864
checking how to convert x86_64-pc-linux-gnu file names to x86_64-pc-linux-gnu format... func_convert_file_noop
checking how to convert x86_64-pc-linux-gnu file names to toolchain format... func_convert_file_noop
checking for /usr/bin/ld option to reload object files... -r
checking for objdump... objdump
checking how to recognize dependent libraries... pass_all
checking for dlltool... no
checking how to associate runtime and link libraries... printf %s\n
checking for ar... ar
checking for archiver @FILE support... @
checking for strip... strip
checking for ranlib... ranlib
checking command to parse /usr/bin/nm -B output from gcc object... ok
checking for sysroot... no
checking for a working dd... /bin/dd
checking how to truncate binary pipes... /bin/dd bs=4096 count=1
checking for mt... no
checking if : is a manifest tool... no
checking how to run the C preprocessor... gcc -E
checking for ANSI C header files... yes
checking for sys/types.h... yes
checking for sys/stat.h... yes
checking for stdlib.h... yes
checking for string.h... yes
checking for memory.h... yes
checking for strings.h... yes
checking for inttypes.h... yes
checking for stdint.h... yes
checking for unistd.h... yes
checking for dlfcn.h... yes
checking for objdir... .libs
checking if gcc supports -fno-rtti -fno-exceptions... yes
checking for gcc option to produce PIC... -fPIC -DPIC
checking if gcc PIC flag -fPIC -DPIC works... yes
checking if gcc static flag -static works... yes
checking if gcc supports -c -o file.o... yes
checking if gcc supports -c -o file.o... (cached) yes
checking whether the gcc linker (/usr/bin/ld -m elf_x86_64) supports shared libraries... yes
checking whether -lc should be explicitly linked in... no
checking dynamic linker characteristics... GNU/Linux ld.so
checking how to hardcode library paths into programs... immediate
checking whether stripping libraries is possible... yes
checking if libtool supports shared libraries... yes
checking whether to build shared libraries... yes
checking whether to build static libraries... yes
checking how to run the C++ preprocessor... g++ -E
checking for ld used by g++... /usr/bin/ld -m elf_x86_64
checking if the linker (/usr/bin/ld -m elf_x86_64) is GNU ld... yes
checking whether the g++ linker (/usr/bin/ld -m elf_x86_64) supports shared libraries... yes
checking for g++ option to produce PIC... -fPIC -DPIC
checking if g++ PIC flag -fPIC -DPIC works... yes
checking if g++ static flag -static works... yes
checking if g++ supports -c -o file.o... yes
checking if g++ supports -c -o file.o... (cached) yes
checking whether the g++ linker (/usr/bin/ld -m elf_x86_64) supports shared libraries... yes
checking dynamic linker characteristics... (cached) GNU/Linux ld.so
checking how to hardcode library paths into programs... immediate
checking how to run the C preprocessor... gcc -E
checking for flex... no
checking for lex... no
checking whether ln -s works... yes
checking whether make sets $(MAKE)... (cached) yes
checking for library containing strerror... none required
checking whether make sets $(MAKE)... (cached) yes
checking for ANSI C header files... (cached) yes
checking fcntl.h usability... yes
checking fcntl.h presence... yes
checking for fcntl.h... yes
checking limits.h usability... yes
checking limits.h presence... yes
checking for limits.h... yes
checking for stdlib.h... (cached) yes
checking for string.h... (cached) yes
checking sys/param.h usability... yes
checking sys/param.h presence... yes
checking for sys/param.h... yes
checking for unistd.h... (cached) yes
checking for sys/param.h... (cached) yes
checking for sys/types.h... (cached) yes
checking netinet/in.h usability... yes
checking netinet/in.h presence... yes
checking for netinet/in.h... yes
checking io.h usability... no
checking io.h presence... no
checking for io.h... no
checking windows.h usability... no
checking windows.h presence... no
checking for windows.h... no
checking for an ANSI C-conforming const... yes
checking for off_t... yes
checking for size_t... yes
checking for stdlib.h... (cached) yes
checking for GNU libc compatible malloc... yes
checking for working memcmp... yes
checking for stdlib.h... (cached) yes
checking for unistd.h... (cached) yes
checking for sys/param.h... (cached) yes
checking for getpagesize... yes
checking for working mmap... yes
checking for stdlib.h... (cached) yes
checking for GNU libc compatible realloc... yes
checking for vprintf... yes
checking for _doprnt... no
checking for mblen... yes
checking for memset... yes
checking for munmap... yes
checking for strchr... yes
checking for strpbrk... yes
checking for strrchr... yes
checking for darts.h... yes
checking for iconv in -liconv... no
checking iconv.h usability... yes
checking iconv.h presence... yes
checking for iconv.h... yes
checking iconv args... EUC-JP SHIFT_JIS ISO-8859-1
checking for off_t... (cached) yes
checking for size_t... (cached) yes
checking for working memcmp... (cached) yes
checking for getpagesize... (cached) yes
checking for working mmap... (cached) yes
checking that generated files are newer than configure... done
configure: creating ./config.status
config.status: creating Makefile
config.status: creating chasen-config
config.status: creating chasen/Makefile
config.status: creating mkchadic/Makefile
config.status: creating doc/Makefile
config.status: creating lib/Makefile
config.status: creating tests/Makefile
config.status: creating chasen.spec
config.status: creating config.h
config.status: executing depfiles commands
config.status: executing libtool commands
config.status: executing default commands
make[1]: Leaving directory '/<<PKGBUILDDIR>>'
   dh_auto_build -a
	make -j1
make[1]: Entering directory '/<<PKGBUILDDIR>>'
make  all-recursive
make[2]: Entering directory '/<<PKGBUILDDIR>>'
Making all in doc
make[3]: Entering directory '/<<PKGBUILDDIR>>/doc'
make[3]: Nothing to be done for 'all'.
make[3]: Leaving directory '/<<PKGBUILDDIR>>/doc'
Making all in lib
make[3]: Entering directory '/<<PKGBUILDDIR>>/lib'
/bin/bash ../libtool  --tag=CC   --mode=compile gcc -DRCPATH="\"/etc/chasenrc\"" -DHAVE_CONFIG_H -I. -I.. -I.. -I/usr/include   -Wdate-time -D_FORTIFY_SOURCE=2  -g -O2 -fdebug-prefix-map=/<<PKGBUILDDIR>>=. -specs=/usr/share/dpkg/no-pie-compile.specs -fstack-protector-strong -Wformat -Werror=format-security -Wall -c -o block.lo block.c
libtool: compile:  gcc -DRCPATH=\"/etc/chasenrc\" -DHAVE_CONFIG_H -I. -I.. -I.. -I/usr/include -Wdate-time -D_FORTIFY_SOURCE=2 -g -O2 -fdebug-prefix-map=/<<PKGBUILDDIR>>=. -specs=/usr/share/dpkg/no-pie-compile.specs -fstack-protector-strong -Wformat -Werror=format-security -Wall -c block.c  -fPIC -DPIC -o .libs/block.o
clang: warning: argument unused during compilation: '-specs=/usr/share/dpkg/no-pie-compile.specs' [-Wunused-command-line-argument]
libtool: compile:  gcc -DRCPATH=\"/etc/chasenrc\" -DHAVE_CONFIG_H -I. -I.. -I.. -I/usr/include -Wdate-time -D_FORTIFY_SOURCE=2 -g -O2 -fdebug-prefix-map=/<<PKGBUILDDIR>>=. -specs=/usr/share/dpkg/no-pie-compile.specs -fstack-protector-strong -Wformat -Werror=format-security -Wall -c block.c -o block.o >/dev/null 2>&1
/bin/bash ../libtool  --tag=CC   --mode=compile gcc -DRCPATH="\"/etc/chasenrc\"" -DHAVE_CONFIG_H -I. -I.. -I.. -I/usr/include   -Wdate-time -D_FORTIFY_SOURCE=2  -g -O2 -fdebug-prefix-map=/<<PKGBUILDDIR>>=. -specs=/usr/share/dpkg/no-pie-compile.specs -fstack-protector-strong -Wformat -Werror=format-security -Wall -c -o chalib.lo chalib.c
libtool: compile:  gcc -DRCPATH=\"/etc/chasenrc\" -DHAVE_CONFIG_H -I. -I.. -I.. -I/usr/include -Wdate-time -D_FORTIFY_SOURCE=2 -g -O2 -fdebug-prefix-map=/<<PKGBUILDDIR>>=. -specs=/usr/share/dpkg/no-pie-compile.specs -fstack-protector-strong -Wformat -Werror=format-security -Wall -c chalib.c  -fPIC -DPIC -o .libs/chalib.o
clang: warning: argument unused during compilation: '-specs=/usr/share/dpkg/no-pie-compile.specs' [-Wunused-command-line-argument]
chalib.c:331:15: warning: assigning to 'unsigned char *' from 'char *' converts between pointers to integer types with different sign [-Wpointer-sign]
            seg.text = input + cursor;
                     ^ ~~~~~~~~~~~~~~
chalib.c:386:18: warning: passing 'char *' to parameter of type 'unsigned char *' converts between pointers to integer types with different sign [-Wpointer-sign]
    cha_jistoeuc(str_in, euc_str);
                 ^~~~~~
./chalib.h:171:32: note: passing argument to parameter here
int cha_jistoeuc(unsigned char*, unsigned char*);
                               ^
chalib.c:386:26: warning: passing 'char *' to parameter of type 'unsigned char *' converts between pointers to integer types with different sign [-Wpointer-sign]
    cha_jistoeuc(str_in, euc_str);
                         ^~~~~~~
./chalib.h:171:48: note: passing argument to parameter here
int cha_jistoeuc(unsigned char*, unsigned char*);
                                               ^
chalib.c:429:16: warning: passing 'unsigned char *' to parameter of type 'const char *' converts between pointers to integer types with different sign [-Wpointer-sign]
    if (strcmp(line, STR_UNSPECIFIED) == 0) {
               ^~~~
/usr/include/x86_64-linux-gnu/bits/string2.h:111:40: note: expanded from macro 'strcmp'
      && (__s1_len = __builtin_strlen (s1), __s2_len = __builtin_strlen (s2), \
                                       ^~
chalib.c:429:16: warning: passing 'unsigned char *' to parameter of type 'const char *' converts between pointers to integer types with different sign [-Wpointer-sign]
    if (strcmp(line, STR_UNSPECIFIED) == 0) {
               ^~~~
/usr/include/x86_64-linux-gnu/bits/string2.h:114:27: note: expanded from macro 'strcmp'
      ? __builtin_strcmp (s1, s2)                                             \
                          ^~
chalib.c:429:16: warning: passing 'unsigned char *' to parameter of type 'const char *' converts between pointers to integer types with different sign [-Wpointer-sign]
    if (strcmp(line, STR_UNSPECIFIED) == 0) {
               ^~~~
/usr/include/x86_64-linux-gnu/bits/string2.h:116:36: note: expanded from macro 'strcmp'
         && (__s1_len = __builtin_strlen (s1), __s1_len < 4)                  \
                                          ^~
chalib.c:429:16: warning: passing 'unsigned char *' to parameter of type 'const char *' converts between pointers to integer types with different sign [-Wpointer-sign]
    if (strcmp(line, STR_UNSPECIFIED) == 0) {
               ^~~~
/usr/include/x86_64-linux-gnu/bits/string2.h:118:26: note: expanded from macro 'strcmp'
            ? __builtin_strcmp (s1, s2)                                       \
                                ^~
chalib.c:429:16: warning: passing 'unsigned char *' to parameter of type 'const char *' converts between pointers to integer types with different sign [-Wpointer-sign]
    if (strcmp(line, STR_UNSPECIFIED) == 0) {
               ^~~~
/usr/include/x86_64-linux-gnu/bits/string2.h:123:29: note: expanded from macro 'strcmp'
               ? __builtin_strcmp (s1, s2)                                    \
                                   ^~
chalib.c:429:16: warning: passing 'unsigned char *' to parameter of type 'const char *' converts between pointers to integer types with different sign [-Wpointer-sign]
    if (strcmp(line, STR_UNSPECIFIED) == 0) {
               ^~~~
/usr/include/x86_64-linux-gnu/bits/string2.h:125:33: note: expanded from macro 'strcmp'
            : __builtin_strcmp (s1, s2)))); })
                                ^~
chalib.c:432:23: warning: passing 'unsigned char *' to parameter of type 'const char *' converts between pointers to integer types with different sign [-Wpointer-sign]
    } else if (strcmp(line, STR_ANNOTATION) == 0) {
                      ^~~~
/usr/include/x86_64-linux-gnu/bits/string2.h:111:40: note: expanded from macro 'strcmp'
      && (__s1_len = __builtin_strlen (s1), __s2_len = __builtin_strlen (s2), \
                                       ^~
chalib.c:432:23: warning: passing 'unsigned char *' to parameter of type 'const char *' converts between pointers to integer types with different sign [-Wpointer-sign]
    } else if (strcmp(line, STR_ANNOTATION) == 0) {
                      ^~~~
/usr/include/x86_64-linux-gnu/bits/string2.h:114:27: note: expanded from macro 'strcmp'
      ? __builtin_strcmp (s1, s2)                                             \
                          ^~
chalib.c:432:23: warning: passing 'unsigned char *' to parameter of type 'const char *' converts between pointers to integer types with different sign [-Wpointer-sign]
    } else if (strcmp(line, STR_ANNOTATION) == 0) {
                      ^~~~
/usr/include/x86_64-linux-gnu/bits/string2.h:116:36: note: expanded from macro 'strcmp'
         && (__s1_len = __builtin_strlen (s1), __s1_len < 4)                  \
                                          ^~
chalib.c:432:23: warning: passing 'unsigned char *' to parameter of type 'const char *' converts between pointers to integer types with different sign [-Wpointer-sign]
    } else if (strcmp(line, STR_ANNOTATION) == 0) {
                      ^~~~
/usr/include/x86_64-linux-gnu/bits/string2.h:118:26: note: expanded from macro 'strcmp'
            ? __builtin_strcmp (s1, s2)                                       \
                                ^~
chalib.c:432:23: warning: passing 'unsigned char *' to parameter of type 'const char *' converts between pointers to integer types with different sign [-Wpointer-sign]
    } else if (strcmp(line, STR_ANNOTATION) == 0) {
                      ^~~~
/usr/include/x86_64-linux-gnu/bits/string2.h:123:29: note: expanded from macro 'strcmp'
               ? __builtin_strcmp (s1, s2)                                    \
                                   ^~
chalib.c:432:23: warning: passing 'unsigned char *' to parameter of type 'const char *' converts between pointers to integer types with different sign [-Wpointer-sign]
    } else if (strcmp(line, STR_ANNOTATION) == 0) {
                      ^~~~
/usr/include/x86_64-linux-gnu/bits/string2.h:125:33: note: expanded from macro 'strcmp'
            : __builtin_strcmp (s1, s2)))); })
                                ^~
chalib.c:439:8: warning: initializing 'char *' with an expression of type 'unsigned char *' converts between pointers to integer types with different sign [-Wpointer-sign]
        char *l = line;
              ^   ~~~~
chalib.c:456:15: warning: assigning to 'char *' from 'unsigned char *' converts between pointers to integer types with different sign [-Wpointer-sign]
        pos[i++] = l = line;
                     ^ ~~~~
chalib.c:477:22: warning: passing 'unsigned char *' to parameter of type 'const char *' converts between pointers to integer types with different sign [-Wpointer-sign]
    int len = strlen(s);
                     ^
/usr/include/string.h:394:35: note: passing argument to parameter '__s' here
extern size_t strlen (const char *__s)
                                  ^
chalib.c:504:18: warning: passing 'unsigned char [8192]' to parameter of type 'char *' converts between pointers to integer types with different sign [-Wpointer-sign]
    while (fgets(buf, CHA_INPUT_SIZE, input) != NULL) {
                 ^~~
/usr/include/x86_64-linux-gnu/bits/stdio2.h:253:25: note: passing argument to parameter '__s' here
fgets (char *__restrict __s, int __n, FILE *__restrict __stream)
                        ^
chalib.c:511:30: warning: passing 'unsigned char [8192]' to parameter of type 'const char *' converts between pointers to integer types with different sign [-Wpointer-sign]
        if (!buf[0] || cha_litmatch(buf, 2, STR_EOS, STR_BOS_EOS)) {
                                    ^~~
./literal.h:28:30: note: passing argument to parameter here
int cha_litmatch(const char *, int, ...);
                             ^
chalib.c:566:18: warning: passing 'char *' to parameter of type 'unsigned char *' converts between pointers to integer types with different sign [-Wpointer-sign]
    cha_jistoeuc(str_in, euc_str);
                 ^~~~~~
./chalib.h:171:32: note: passing argument to parameter here
int cha_jistoeuc(unsigned char*, unsigned char*);
                               ^
chalib.c:566:26: warning: passing 'char *' to parameter of type 'unsigned char *' converts between pointers to integer types with different sign [-Wpointer-sign]
    cha_jistoeuc(str_in, euc_str);
                         ^~~~~~~
./chalib.h:171:48: note: passing argument to parameter here
int cha_jistoeuc(unsigned char*, unsigned char*);
                                               ^
22 warnings generated.
libtool: compile:  gcc -DRCPATH=\"/etc/chasenrc\" -DHAVE_CONFIG_H -I. -I.. -I.. -I/usr/include -Wdate-time -D_FORTIFY_SOURCE=2 -g -O2 -fdebug-prefix-map=/<<PKGBUILDDIR>>=. -specs=/usr/share/dpkg/no-pie-compile.specs -fstack-protector-strong -Wformat -Werror=format-security -Wall -c chalib.c -o chalib.o >/dev/null 2>&1
/bin/bash ../libtool  --tag=CC   --mode=compile gcc -DRCPATH="\"/etc/chasenrc\"" -DHAVE_CONFIG_H -I. -I.. -I.. -I/usr/include   -Wdate-time -D_FORTIFY_SOURCE=2  -g -O2 -fdebug-prefix-map=/<<PKGBUILDDIR>>=. -specs=/usr/share/dpkg/no-pie-compile.specs -fstack-protector-strong -Wformat -Werror=format-security -Wall -c -o connect.lo connect.c
libtool: compile:  gcc -DRCPATH=\"/etc/chasenrc\" -DHAVE_CONFIG_H -I. -I.. -I.. -I/usr/include -Wdate-time -D_FORTIFY_SOURCE=2 -g -O2 -fdebug-prefix-map=/<<PKGBUILDDIR>>=. -specs=/usr/share/dpkg/no-pie-compile.specs -fstack-protector-strong -Wformat -Werror=format-security -Wall -c connect.c  -fPIC -DPIC -o .libs/connect.o
clang: warning: argument unused during compilation: '-specs=/usr/share/dpkg/no-pie-compile.specs' [-Wunused-command-line-argument]
connect.c:126:5: warning: ignoring return value of function declared with 'warn_unused_result' attribute [-Wunused-result]
    fscanf(fp, "%d\n", &cell_num);
    ^~~~~~ ~~~~~~~~~~~~~~~~~~~~~
connect.c:261:5: warning: ignoring return value of function declared with 'warn_unused_result' attribute [-Wunused-result]
    fscanf(fp, "%d %d\n", &i_num, &j_num);
    ^~~~~~ ~~~~~~~~~~~~~~~~~~~~~~~~~~~~~
2 warnings generated.
libtool: compile:  gcc -DRCPATH=\"/etc/chasenrc\" -DHAVE_CONFIG_H -I. -I.. -I.. -I/usr/include -Wdate-time -D_FORTIFY_SOURCE=2 -g -O2 -fdebug-prefix-map=/<<PKGBUILDDIR>>=. -specs=/usr/share/dpkg/no-pie-compile.specs -fstack-protector-strong -Wformat -Werror=format-security -Wall -c connect.c -o connect.o >/dev/null 2>&1
/bin/bash ../libtool  --tag=CXX   --mode=compile g++ -DRCPATH="\"/etc/chasenrc\"" -DHAVE_CONFIG_H -I. -I.. -I.. -I/usr/include   -Wdate-time -D_FORTIFY_SOURCE=2  -g -O2 -fdebug-prefix-map=/<<PKGBUILDDIR>>=. -specs=/usr/share/dpkg/no-pie-compile.specs -fstack-protector-strong -Wformat -Werror=format-security -I/usr/include -c -o dartsdic.lo dartsdic.cpp
libtool: compile:  g++ -DRCPATH=\"/etc/chasenrc\" -DHAVE_CONFIG_H -I. -I.. -I.. -I/usr/include -Wdate-time -D_FORTIFY_SOURCE=2 -g -O2 -fdebug-prefix-map=/<<PKGBUILDDIR>>=. -specs=/usr/share/dpkg/no-pie-compile.specs -fstack-protector-strong -Wformat -Werror=format-security -I/usr/include -c dartsdic.cpp  -fPIC -DPIC -o .libs/dartsdic.o
clang: warning: argument unused during compilation: '-specs=/usr/share/dpkg/no-pie-compile.specs' [-Wunused-command-line-argument]
dartsdic.cpp:149:24: warning: expected identifier in '#pragma visibility' - ignored [-Wignored-pragmas]
#pragma GCC visibility popd
                       ^
dartsdic.cpp:197:22: warning: conversion from string literal to 'char *' is deprecated [-Wc++11-compat-deprecated-writable-strings]
            cha_exit_perror("build darts file");
                            ^
2 warnings generated.
libtool: compile:  g++ -DRCPATH=\"/etc/chasenrc\" -DHAVE_CONFIG_H -I. -I.. -I.. -I/usr/include -Wdate-time -D_FORTIFY_SOURCE=2 -g -O2 -fdebug-prefix-map=/<<PKGBUILDDIR>>=. -specs=/usr/share/dpkg/no-pie-compile.specs -fstack-protector-strong -Wformat -Werror=format-security -I/usr/include -c dartsdic.cpp -o dartsdic.o >/dev/null 2>&1
/bin/bash ../libtool  --tag=CC   --mode=compile gcc -DRCPATH="\"/etc/chasenrc\"" -DHAVE_CONFIG_H -I. -I.. -I.. -I/usr/include   -Wdate-time -D_FORTIFY_SOURCE=2  -g -O2 -fdebug-prefix-map=/<<PKGBUILDDIR>>=. -specs=/usr/share/dpkg/no-pie-compile.specs -fstack-protector-strong -Wformat -Werror=format-security -Wall -c -o getid.lo getid.c
libtool: compile:  gcc -DRCPATH=\"/etc/chasenrc\" -DHAVE_CONFIG_H -I. -I.. -I.. -I/usr/include -Wdate-time -D_FORTIFY_SOURCE=2 -g -O2 -fdebug-prefix-map=/<<PKGBUILDDIR>>=. -specs=/usr/share/dpkg/no-pie-compile.specs -fstack-protector-strong -Wformat -Werror=format-security -Wall -c getid.c  -fPIC -DPIC -o .libs/getid.o
clang: warning: argument unused during compilation: '-specs=/usr/share/dpkg/no-pie-compile.specs' [-Wunused-command-line-argument]
libtool: compile:  gcc -DRCPATH=\"/etc/chasenrc\" -DHAVE_CONFIG_H -I. -I.. -I.. -I/usr/include -Wdate-time -D_FORTIFY_SOURCE=2 -g -O2 -fdebug-prefix-map=/<<PKGBUILDDIR>>=. -specs=/usr/share/dpkg/no-pie-compile.specs -fstack-protector-strong -Wformat -Werror=format-security -Wall -c getid.c -o getid.o >/dev/null 2>&1
/bin/bash ../libtool  --tag=CC   --mode=compile gcc -DRCPATH="\"/etc/chasenrc\"" -DHAVE_CONFIG_H -I. -I.. -I.. -I/usr/include   -Wdate-time -D_FORTIFY_SOURCE=2  -g -O2 -fdebug-prefix-map=/<<PKGBUILDDIR>>=. -specs=/usr/share/dpkg/no-pie-compile.specs -fstack-protector-strong -Wformat -Werror=format-security -Wall -c -o getopt.lo getopt.c
libtool: compile:  gcc -DRCPATH=\"/etc/chasenrc\" -DHAVE_CONFIG_H -I. -I.. -I.. -I/usr/include -Wdate-time -D_FORTIFY_SOURCE=2 -g -O2 -fdebug-prefix-map=/<<PKGBUILDDIR>>=. -specs=/usr/share/dpkg/no-pie-compile.specs -fstack-protector-strong -Wformat -Werror=format-security -Wall -c getopt.c  -fPIC -DPIC -o .libs/getopt.o
clang: warning: argument unused during compilation: '-specs=/usr/share/dpkg/no-pie-compile.specs' [-Wunused-command-line-argument]
libtool: compile:  gcc -DRCPATH=\"/etc/chasenrc\" -DHAVE_CONFIG_H -I. -I.. -I.. -I/usr/include -Wdate-time -D_FORTIFY_SOURCE=2 -g -O2 -fdebug-prefix-map=/<<PKGBUILDDIR>>=. -specs=/usr/share/dpkg/no-pie-compile.specs -fstack-protector-strong -Wformat -Werror=format-security -Wall -c getopt.c -o getopt.o >/dev/null 2>&1
/bin/bash ../libtool  --tag=CC   --mode=compile gcc -DRCPATH="\"/etc/chasenrc\"" -DHAVE_CONFIG_H -I. -I.. -I.. -I/usr/include   -Wdate-time -D_FORTIFY_SOURCE=2  -g -O2 -fdebug-prefix-map=/<<PKGBUILDDIR>>=. -specs=/usr/share/dpkg/no-pie-compile.specs -fstack-protector-strong -Wformat -Werror=format-security -Wall -c -o grammar.lo grammar.c
libtool: compile:  gcc -DRCPATH=\"/etc/chasenrc\" -DHAVE_CONFIG_H -I. -I.. -I.. -I/usr/include -Wdate-time -D_FORTIFY_SOURCE=2 -g -O2 -fdebug-prefix-map=/<<PKGBUILDDIR>>=. -specs=/usr/share/dpkg/no-pie-compile.specs -fstack-protector-strong -Wformat -Werror=format-security -Wall -c grammar.c  -fPIC -DPIC -o .libs/grammar.o
clang: warning: argument unused during compilation: '-specs=/usr/share/dpkg/no-pie-compile.specs' [-Wunused-command-line-argument]
libtool: compile:  gcc -DRCPATH=\"/etc/chasenrc\" -DHAVE_CONFIG_H -I. -I.. -I.. -I/usr/include -Wdate-time -D_FORTIFY_SOURCE=2 -g -O2 -fdebug-prefix-map=/<<PKGBUILDDIR>>=. -specs=/usr/share/dpkg/no-pie-compile.specs -fstack-protector-strong -Wformat -Werror=format-security -Wall -c grammar.c -o grammar.o >/dev/null 2>&1
/bin/bash ../libtool  --tag=CC   --mode=compile gcc -DRCPATH="\"/etc/chasenrc\"" -DHAVE_CONFIG_H -I. -I.. -I.. -I/usr/include   -Wdate-time -D_FORTIFY_SOURCE=2  -g -O2 -fdebug-prefix-map=/<<PKGBUILDDIR>>=. -specs=/usr/share/dpkg/no-pie-compile.specs -fstack-protector-strong -Wformat -Werror=format-security -Wall -c -o init.lo init.c
libtool: compile:  gcc -DRCPATH=\"/etc/chasenrc\" -DHAVE_CONFIG_H -I. -I.. -I.. -I/usr/include -Wdate-time -D_FORTIFY_SOURCE=2 -g -O2 -fdebug-prefix-map=/<<PKGBUILDDIR>>=. -specs=/usr/share/dpkg/no-pie-compile.specs -fstack-protector-strong -Wformat -Werror=format-security -Wall -c init.c  -fPIC -DPIC -o .libs/init.o
clang: warning: argument unused during compilation: '-specs=/usr/share/dpkg/no-pie-compile.specs' [-Wunused-command-line-argument]
libtool: compile:  gcc -DRCPATH=\"/etc/chasenrc\" -DHAVE_CONFIG_H -I. -I.. -I.. -I/usr/include -Wdate-time -D_FORTIFY_SOURCE=2 -g -O2 -fdebug-prefix-map=/<<PKGBUILDDIR>>=. -specs=/usr/share/dpkg/no-pie-compile.specs -fstack-protector-strong -Wformat -Werror=format-security -Wall -c init.c -o init.o >/dev/null 2>&1
/bin/bash ../libtool  --tag=CC   --mode=compile gcc -DRCPATH="\"/etc/chasenrc\"" -DHAVE_CONFIG_H -I. -I.. -I.. -I/usr/include   -Wdate-time -D_FORTIFY_SOURCE=2  -g -O2 -fdebug-prefix-map=/<<PKGBUILDDIR>>=. -specs=/usr/share/dpkg/no-pie-compile.specs -fstack-protector-strong -Wformat -Werror=format-security -Wall -c -o iotool.lo iotool.c
libtool: compile:  gcc -DRCPATH=\"/etc/chasenrc\" -DHAVE_CONFIG_H -I. -I.. -I.. -I/usr/include -Wdate-time -D_FORTIFY_SOURCE=2 -g -O2 -fdebug-prefix-map=/<<PKGBUILDDIR>>=. -specs=/usr/share/dpkg/no-pie-compile.specs -fstack-protector-strong -Wformat -Werror=format-security -Wall -c iotool.c  -fPIC -DPIC -o .libs/iotool.o
clang: warning: argument unused during compilation: '-specs=/usr/share/dpkg/no-pie-compile.specs' [-Wunused-command-line-argument]
iotool.c:303:9: warning: address of array 'progpath' will always evaluate to 'true' [-Wpointer-bool-conversion]
    if (progpath)
    ~~  ^~~~~~~~
iotool.c:329:9: warning: address of array 'progpath' will always evaluate to 'true' [-Wpointer-bool-conversion]
    if (progpath)
    ~~  ^~~~~~~~
2 warnings generated.
libtool: compile:  gcc -DRCPATH=\"/etc/chasenrc\" -DHAVE_CONFIG_H -I. -I.. -I.. -I/usr/include -Wdate-time -D_FORTIFY_SOURCE=2 -g -O2 -fdebug-prefix-map=/<<PKGBUILDDIR>>=. -specs=/usr/share/dpkg/no-pie-compile.specs -fstack-protector-strong -Wformat -Werror=format-security -Wall -c iotool.c -o iotool.o >/dev/null 2>&1
/bin/bash ../libtool  --tag=CC   --mode=compile gcc -DRCPATH="\"/etc/chasenrc\"" -DHAVE_CONFIG_H -I. -I.. -I.. -I/usr/include   -Wdate-time -D_FORTIFY_SOURCE=2  -g -O2 -fdebug-prefix-map=/<<PKGBUILDDIR>>=. -specs=/usr/share/dpkg/no-pie-compile.specs -fstack-protector-strong -Wformat -Werror=format-security -Wall -c -o jfgets.lo jfgets.c
libtool: compile:  gcc -DRCPATH=\"/etc/chasenrc\" -DHAVE_CONFIG_H -I. -I.. -I.. -I/usr/include -Wdate-time -D_FORTIFY_SOURCE=2 -g -O2 -fdebug-prefix-map=/<<PKGBUILDDIR>>=. -specs=/usr/share/dpkg/no-pie-compile.specs -fstack-protector-strong -Wformat -Werror=format-security -Wall -c jfgets.c  -fPIC -DPIC -o .libs/jfgets.o
clang: warning: argument unused during compilation: '-specs=/usr/share/dpkg/no-pie-compile.specs' [-Wunused-command-line-argument]
jfgets.c:45:38: warning: illegal character encoding in string literal [-Winvalid-source-encoding]
static char jfgets_delimiter[256] = "<A1><A5><A1><A3><A1><AA><A1><A9>";
                                     ^~~~~~~~~~~~~~~~~~~~~~~~~~~~~~~~
jfgets.c:169:15: warning: passing 'unsigned char [8192]' to parameter of type 'char *' converts between pointers to integer types with different sign [-Wpointer-sign]
    if (fgets(tmp_buf, bufsize, stream) == NULL)
              ^~~~~~~
/usr/include/x86_64-linux-gnu/bits/stdio2.h:253:25: note: passing argument to parameter '__s' here
fgets (char *__restrict __s, int __n, FILE *__restrict __stream)
                        ^
jfgets.c:175:19: warning: passing 'unsigned char [8192]' to parameter of type 'const char *' converts between pointers to integer types with different sign [-Wpointer-sign]
    last = strlen(tmp_buf) - 1;
                  ^~~~~~~
/usr/include/string.h:394:35: note: passing argument to parameter '__s' here
extern size_t strlen (const char *__s)
                                  ^
jfgets.c:188:27: warning: passing 'char *' to parameter of type 'unsigned char *' converts between pointers to integer types with different sign [-Wpointer-sign]
    cha_jistoeuc(tmp_buf, buffer);
                          ^~~~~~
jfgets.c:54:53: note: passing argument to parameter 'obuffer' here
cha_jistoeuc(unsigned char *ibuffer, unsigned char *obuffer)
                                                    ^
jfgets.c:208:23: warning: passing 'unsigned char [8192]' to parameter of type 'char *' converts between pointers to integer types with different sign [-Wpointer-sign]
        (pos = cha_fget_line(ibuf, sizeof(ibuf), stream)) == NULL)
                             ^~~~
jfgets.c:164:21: note: passing argument to parameter 'buffer' here
cha_fget_line(char *buffer, int bufsize, FILE * stream)
                    ^
jfgets.c:208:7: warning: assigning to 'unsigned char *' from 'char *' converts between pointers to integer types with different sign [-Wpointer-sign]
        (pos = cha_fget_line(ibuf, sizeof(ibuf), stream)) == NULL)
             ^ ~~~~~~~~~~~~~~~~~~~~~~~~~~~~~~~~~~~~~~~~~
jfgets.c:220:31: warning: passing 'unsigned char [8192]' to parameter of type 'char *' converts between pointers to integer types with different sign [-Wpointer-sign]
            if ((pos = cha_fget_line(ibuf, sizeof(ibuf), stream)) == NULL)
                                     ^~~~
jfgets.c:164:21: note: passing argument to parameter 'buffer' here
cha_fget_line(char *buffer, int bufsize, FILE * stream)
                    ^
jfgets.c:220:15: warning: assigning to 'unsigned char *' from 'char *' converts between pointers to integer types with different sign [-Wpointer-sign]
            if ((pos = cha_fget_line(ibuf, sizeof(ibuf), stream)) == NULL)
                     ^ ~~~~~~~~~~~~~~~~~~~~~~~~~~~~~~~~~~~~~~~~~
jfgets.c:237:32: warning: passing 'char [256]' to parameter of type 'unsigned char *' converts between pointers to integer types with different sign [-Wpointer-sign]
            if (isterminator(pos - 2, jfgets_delimiter)) {
                                      ^~~~~~~~~~~~~~~~
jfgets.c:125:52: note: passing argument to parameter 'termlist' here
isterminator(unsigned char *target, unsigned char *termlist)
                                                   ^
jfgets.c:259:22: warning: passing 'unsigned char [8192]' to parameter of type 'char *' converts between pointers to integer types with different sign [-Wpointer-sign]
                     cha_fget_line(ibuf, sizeof(ibuf), stream)) == NULL)
                                   ^~~~
jfgets.c:164:21: note: passing argument to parameter 'buffer' here
cha_fget_line(char *buffer, int bufsize, FILE * stream)
                    ^
jfgets.c:258:12: warning: assigning to 'unsigned char *' from 'char *' converts between pointers to integer types with different sign [-Wpointer-sign]
                if ((pos =
                         ^
jfgets.c:293:29: warning: passing 'char [256]' to parameter of type 'unsigned char *' converts between pointers to integer types with different sign [-Wpointer-sign]
                if (isterminator(pos - 1, jfgets_delimiter)) {
                                          ^~~~~~~~~~~~~~~~
jfgets.c:125:52: note: passing argument to parameter 'termlist' here
isterminator(unsigned char *target, unsigned char *termlist)
                                                   ^
12 warnings generated.
libtool: compile:  gcc -DRCPATH=\"/etc/chasenrc\" -DHAVE_CONFIG_H -I. -I.. -I.. -I/usr/include -Wdate-time -D_FORTIFY_SOURCE=2 -g -O2 -fdebug-prefix-map=/<<PKGBUILDDIR>>=. -specs=/usr/share/dpkg/no-pie-compile.specs -fstack-protector-strong -Wformat -Werror=format-security -Wall -c jfgets.c -o jfgets.o >/dev/null 2>&1
/bin/bash ../libtool  --tag=CC   --mode=compile gcc -DRCPATH="\"/etc/chasenrc\"" -DHAVE_CONFIG_H -I. -I.. -I.. -I/usr/include   -Wdate-time -D_FORTIFY_SOURCE=2  -g -O2 -fdebug-prefix-map=/<<PKGBUILDDIR>>=. -specs=/usr/share/dpkg/no-pie-compile.specs -fstack-protector-strong -Wformat -Werror=format-security -Wall -c -o katuyou.lo katuyou.c
libtool: compile:  gcc -DRCPATH=\"/etc/chasenrc\" -DHAVE_CONFIG_H -I. -I.. -I.. -I/usr/include -Wdate-time -D_FORTIFY_SOURCE=2 -g -O2 -fdebug-prefix-map=/<<PKGBUILDDIR>>=. -specs=/usr/share/dpkg/no-pie-compile.specs -fstack-protector-strong -Wformat -Werror=format-security -Wall -c katuyou.c  -fPIC -DPIC -o .libs/katuyou.o
clang: warning: argument unused during compilation: '-specs=/usr/share/dpkg/no-pie-compile.specs' [-Wunused-command-line-argument]
libtool: compile:  gcc -DRCPATH=\"/etc/chasenrc\" -DHAVE_CONFIG_H -I. -I.. -I.. -I/usr/include -Wdate-time -D_FORTIFY_SOURCE=2 -g -O2 -fdebug-prefix-map=/<<PKGBUILDDIR>>=. -specs=/usr/share/dpkg/no-pie-compile.specs -fstack-protector-strong -Wformat -Werror=format-security -Wall -c katuyou.c -o katuyou.o >/dev/null 2>&1
/bin/bash ../libtool  --tag=CC   --mode=compile gcc -DRCPATH="\"/etc/chasenrc\"" -DHAVE_CONFIG_H -I. -I.. -I.. -I/usr/include   -Wdate-time -D_FORTIFY_SOURCE=2  -g -O2 -fdebug-prefix-map=/<<PKGBUILDDIR>>=. -specs=/usr/share/dpkg/no-pie-compile.specs -fstack-protector-strong -Wformat -Werror=format-security -Wall -c -o lisp.lo lisp.c
libtool: compile:  gcc -DRCPATH=\"/etc/chasenrc\" -DHAVE_CONFIG_H -I. -I.. -I.. -I/usr/include -Wdate-time -D_FORTIFY_SOURCE=2 -g -O2 -fdebug-prefix-map=/<<PKGBUILDDIR>>=. -specs=/usr/share/dpkg/no-pie-compile.specs -fstack-protector-strong -Wformat -Werror=format-security -Wall -c lisp.c  -fPIC -DPIC -o .libs/lisp.o
clang: warning: argument unused during compilation: '-specs=/usr/share/dpkg/no-pie-compile.specs' [-Wunused-command-line-argument]
libtool: compile:  gcc -DRCPATH=\"/etc/chasenrc\" -DHAVE_CONFIG_H -I. -I.. -I.. -I/usr/include -Wdate-time -D_FORTIFY_SOURCE=2 -g -O2 -fdebug-prefix-map=/<<PKGBUILDDIR>>=. -specs=/usr/share/dpkg/no-pie-compile.specs -fstack-protector-strong -Wformat -Werror=format-security -Wall -c lisp.c -o lisp.o >/dev/null 2>&1
/bin/bash ../libtool  --tag=CC   --mode=compile gcc -DRCPATH="\"/etc/chasenrc\"" -DHAVE_CONFIG_H -I. -I.. -I.. -I/usr/include   -Wdate-time -D_FORTIFY_SOURCE=2  -g -O2 -fdebug-prefix-map=/<<PKGBUILDDIR>>=. -specs=/usr/share/dpkg/no-pie-compile.specs -fstack-protector-strong -Wformat -Werror=format-security -Wall -c -o literal.lo literal.c
libtool: compile:  gcc -DRCPATH=\"/etc/chasenrc\" -DHAVE_CONFIG_H -I. -I.. -I.. -I/usr/include -Wdate-time -D_FORTIFY_SOURCE=2 -g -O2 -fdebug-prefix-map=/<<PKGBUILDDIR>>=. -specs=/usr/share/dpkg/no-pie-compile.specs -fstack-protector-strong -Wformat -Werror=format-security -Wall -c literal.c  -fPIC -DPIC -o .libs/literal.o
clang: warning: argument unused during compilation: '-specs=/usr/share/dpkg/no-pie-compile.specs' [-Wunused-command-line-argument]
literal.c:127:7: warning: illegal character encoding in string literal [-Winvalid-source-encoding]
    { JSTR_EOS, ESTR_EOS, NULL },
      ^
literal.c:42:33: note: expanded from macro 'JSTR_EOS'
#define JSTR_EOS             "<CB><F6>"
                               ^~~~~~~~
literal.c:129:7: warning: illegal character encoding in string literal [-Winvalid-source-encoding]
    { JSTR_BASE_FORM_STR, ESTR_BASE_FORM_STR1, NULL },
      ^
literal.c:47:31: note: expanded from macro 'JSTR_BASE_FORM_STR'
#define JSTR_BASE_FORM_STR   "<B4><F0><CB><C1>"
                              ^~~~~~~~~~~~~~~~
literal.c:130:7: warning: illegal character encoding in string literal [-Winvalid-source-encoding]
    { JSTR_BASE_FORM_STR, ESTR_BASE_FORM_STR2, NULL },
      ^
literal.c:47:31: note: expanded from macro 'JSTR_BASE_FORM_STR'
#define JSTR_BASE_FORM_STR   "<B4><F0><CB><C1>"
                              ^~~~~~~~~~~~~~~~
literal.c:131:7: warning: illegal character encoding in string literal [-Winvalid-source-encoding]
    { JSTR_BASE_FORM, ESTR_BASE_FORM1, NULL },
      ^
literal.c:50:31: note: expanded from macro 'JSTR_BASE_FORM'
#define JSTR_BASE_FORM       "<B4><F0><CB><C1>"
                              ^~~~~~~~~~~~~~~~
literal.c:132:7: warning: illegal character encoding in string literal [-Winvalid-source-encoding]
    { JSTR_BASE_FORM, ESTR_BASE_FORM2, NULL },
      ^
literal.c:50:31: note: expanded from macro 'JSTR_BASE_FORM'
#define JSTR_BASE_FORM       "<B4><F0><CB><C1>"
                              ^~~~~~~~~~~~~~~~
literal.c:133:7: warning: illegal character encoding in string literal [-Winvalid-source-encoding]
    { JSTR_DEF_POS_COST, ESTR_DEF_POS_COST, NULL },
      ^
literal.c:55:29: note: expanded from macro 'JSTR_DEF_POS_COST'
#define JSTR_DEF_POS_COST  "<A5><A9><A5><EB><A5><C8><C9><A5><B9><A5><C8>"
                            ^~~~  ~~~~~~~~~~~~~~~~~~~~~~~~   ~~~~~~~~~~~~~~~~
literal.c:134:7: warning: illegal character encoding in string literal [-Winvalid-source-encoding]
    { JSTR_MRPH, ESTR_MRPH, NULL },
      ^
literal.c:57:29: note: expanded from macro 'JSTR_MRPH'
#define JSTR_MRPH          "<B7><C1><C2><D6><C1><C7>"
                            ^~~~~~~~~~~~~~~~~~~~~~~~
literal.c:135:7: warning: illegal character encoding in string literal [-Winvalid-source-encoding]
    { JSTR_POS, ESTR_POS, NULL },
      ^
literal.c:59:29: note: expanded from macro 'JSTR_POS'
#define JSTR_POS           "<C9><EC>"
                            ^~~~ ~~~~
literal.c:136:7: warning: illegal character encoding in string literal [-Winvalid-source-encoding]
    { JSTR_WORD, ESTR_WORD, NULL },
      ^
literal.c:61:29: note: expanded from macro 'JSTR_WORD'
#define JSTR_WORD          "<B8><AB><BD><B7><B8><EC>"
                            ^~~~~~~~~~~~ ~~~~~~~~~~~~
literal.c:137:7: warning: illegal character encoding in string literal [-Winvalid-source-encoding]
    { JSTR_READING, ESTR_READING, NULL },
      ^
literal.c:63:29: note: expanded from macro 'JSTR_READING'
#define JSTR_READING       "<C6><DF>"
                            ^~~~ ~~~~
literal.c:138:7: warning: illegal character encoding in string literal [-Winvalid-source-encoding]
    { JSTR_BASE, ESTR_BASE, NULL },
      ^
literal.c:65:29: note: expanded from macro 'JSTR_BASE'
#define JSTR_BASE          "<B8><B6><B7><C1>"
                            ^~~~~~~~~~~~~~~~
literal.c:139:7: warning: illegal character encoding in string literal [-Winvalid-source-encoding]
    { JSTR_PRON, ESTR_PRON, NULL },
      ^
literal.c:67:31: note: expanded from macro 'JSTR_PRON'
#define JSTR_PRON          "<B2><BB>"
                             ^~~~~~~~
literal.c:140:7: warning: illegal character encoding in string literal [-Winvalid-source-encoding]
    { JSTR_CTYPE, ESTR_CTYPE, NULL },
      ^
literal.c:69:29: note: expanded from macro 'JSTR_CTYPE'
#define JSTR_CTYPE         "<B3><E8><CD><BF>"
                            ^~~~~~~~~~~~ ~~~~
literal.c:141:7: warning: illegal character encoding in string literal [-Winvalid-source-encoding]
    { JSTR_CFORM, ESTR_CFORM, NULL },
      ^
literal.c:71:29: note: expanded from macro 'JSTR_CFORM'
#define JSTR_CFORM         "<B3><E8><CD><C1>"
                            ^~~~~~~~~~~~ ~~~~
literal.c:142:7: warning: illegal character encoding in string literal [-Winvalid-source-encoding]
    { JSTR_INFO1, ESTR_INFO, NULL },
      ^
literal.c:73:29: note: expanded from macro 'JSTR_INFO1'
#define JSTR_INFO1         "<C9><F0><CA><F3>"
                            ^~~~  ~~~~~~~~~~~~
literal.c:143:7: warning: illegal character encoding in string literal [-Winvalid-source-encoding]
    { JSTR_INFO2, ESTR_INFO, NULL },
      ^
literal.c:74:29: note: expanded from macro 'JSTR_INFO2'
#define JSTR_INFO2         "<B0><D5><BE><F0><CA><F3>"
                            ^~~~~~~~~~~~~~~~~~~~~~~~
literal.c:144:7: warning: illegal character encoding in string literal [-Winvalid-source-encoding]
    { JSTR_COMPOUND, ESTR_COMPOUND, NULL },
      ^
literal.c:76:31: note: expanded from macro 'JSTR_COMPOUND'
#define JSTR_COMPOUND      "<B9><E7><B8><EC>"
                             ^~~~~~~~~~~~~~~~
literal.c:145:7: warning: illegal character encoding in string literal [-Winvalid-source-encoding]
    { JSTR_SEG, ESTR_SEG, NULL },
      ^
literal.c:78:29: note: expanded from macro 'JSTR_SEG'
#define JSTR_SEG           "<B9><BD><C0><AE><B8><EC>"
                            ^~~~~~~~~~~~~~~~~~~~~~~~
literal.c:146:7: warning: illegal character encoding in string literal [-Winvalid-source-encoding]
    { JSTR_CONN_ATTR, "", NULL },
      ^
literal.c:80:31: note: expanded from macro 'JSTR_CONN_ATTR'
#define JSTR_CONN_ATTR     "<C0><DC><C0><AD>"
                             ^~~~~~~~ ~~~~~~~~
literal.c:148:7: warning: illegal character encoding in string literal [-Winvalid-source-encoding]
    { JSTR_GRAM_FILE, ESTR_GRAM_FILE, NULL },
      ^
literal.c:84:34: note: expanded from macro 'JSTR_GRAM_FILE'
#define JSTR_GRAM_FILE      "<A5><A1><A5><A4><A5><EB>"
                               ^~~~ ~~~~~~~~~~~~~~~~~~~~
literal.c:149:7: warning: illegal character encoding in string literal [-Winvalid-source-encoding]
    { JSTR_UNKNOWN_WORD1, ESTR_UNKNOWN_WORD, NULL },
      ^
literal.c:86:32: note: expanded from macro 'JSTR_UNKNOWN_WORD1'
#define JSTR_UNKNOWN_WORD1  "<C3><EC>"
                             ^~~~ ~~~~
literal.c:150:7: warning: illegal character encoding in string literal [-Winvalid-source-encoding]
    { JSTR_UNKNOWN_WORD1, ESTR_UNKNOWN_WORD, NULL },
      ^
literal.c:86:32: note: expanded from macro 'JSTR_UNKNOWN_WORD1'
#define JSTR_UNKNOWN_WORD1  "<C3><EC>"
                             ^~~~ ~~~~
literal.c:151:7: warning: illegal character encoding in string literal [-Winvalid-source-encoding]
    { JSTR_UNKNOWN_WORD2, ESTR_UNKNOWN_WORD, NULL },
      ^
literal.c:87:32: note: expanded from macro 'JSTR_UNKNOWN_WORD2'
#define JSTR_UNKNOWN_WORD2  "<C4><EA><B5><C1><B8><EC>"
                             ^~~~~~~~~~~~~~~~~~~~~~~~
literal.c:152:7: warning: illegal character encoding in string literal [-Winvalid-source-encoding]
    { JSTR_UNKNOWN_POS1, ESTR_UNKNOWN_POS, NULL },
      ^
literal.c:90:32: note: expanded from macro 'JSTR_UNKNOWN_POS1'
#define JSTR_UNKNOWN_POS1   "<C3><EC><C9><EC>"
                             ^~~~ ~~~~~~~~ ~~~~
literal.c:153:7: warning: illegal character encoding in string literal [-Winvalid-source-encoding]
    { JSTR_UNKNOWN_POS2, ESTR_UNKNOWN_POS, NULL },
      ^
literal.c:91:32: note: expanded from macro 'JSTR_UNKNOWN_POS2'
#define JSTR_UNKNOWN_POS2   "<C4><EA><B5><C1><B8><EC><C9><EC>"
                             ^~~~~~~~~~~~~~~~~~~~~~~~~~~~ ~~~~
literal.c:154:7: warning: illegal character encoding in string literal [-Winvalid-source-encoding]
    { JSTR_SPACE_POS, ESTR_SPACE_POS, NULL },
      ^
literal.c:93:30: note: expanded from macro 'JSTR_SPACE_POS'
#define JSTR_SPACE_POS      "<B6><F5><C7><F2><C9><EC>"
                             ^~~~~~~~~~~~~~~~~~~~ ~~~~
literal.c:155:7: warning: illegal character encoding in string literal [-Winvalid-source-encoding]
    { JSTR_ANNOTATION, ESTR_ANNOTATION, NULL },
      ^
literal.c:95:30: note: expanded from macro 'JSTR_ANNOTATION'
#define JSTR_ANNOTATION     "<C3><ED><BC><E1>"
                             ^~~~~~~~~~~~~~~~
literal.c:156:7: warning: illegal character encoding in string literal [-Winvalid-source-encoding]
    { JSTR_POS_COST, ESTR_POS_COST, NULL },
      ^
literal.c:97:30: note: expanded from macro 'JSTR_POS_COST'
#define JSTR_POS_COST       "<C9><A5><B9><A5><C8>"
                             ^~~~   ~~~~~~~~~~~~~~~~
literal.c:157:7: warning: illegal character encoding in string literal [-Winvalid-source-encoding]
    { JSTR_CONN_WEIGHT, ESTR_CONN_WEIGHT, NULL },
      ^
literal.c:99:32: note: expanded from macro 'JSTR_CONN_WEIGHT'
#define JSTR_CONN_WEIGHT    "<C0><B3><A5><B9><A5><DF>"
                              ^~~~ ~~~~~~~~~~~~~~~~  ~~~~
literal.c:158:7: warning: illegal character encoding in string literal [-Winvalid-source-encoding]
    { JSTR_MRPH_WEIGHT, ESTR_MRPH_WEIGHT, NULL },
      ^
literal.c:101:30: note: expanded from macro 'JSTR_MRPH_WEIGHT'
#define JSTR_MRPH_WEIGHT    "<B7><C1><C2><D6><C1><B3><A5><B9><A5><DF>"
                             ^~~~~~~~~~~~~~~~~~~~ ~~~~~~~~~~~~~~~~  ~~~~
literal.c:159:7: warning: illegal character encoding in string literal [-Winvalid-source-encoding]
    { JSTR_COST_WIDTH, ESTR_COST_WIDTH, NULL },
      ^
literal.c:103:30: note: expanded from macro 'JSTR_COST_WIDTH'
#define JSTR_COST_WIDTH     "<A5><B3><A5><B9><A5><C8><C9><FD>"
                             ^~~~~~~~~~~~~~~~~~~~~~~~~~~~~~~~
literal.c:160:7: warning: illegal character encoding in string literal [-Winvalid-source-encoding]
    { JSTR_DEF_CONN_COST, ESTR_DEF_CONN_COST, NULL },
      ^
literal.c:105:32: note: expanded from macro 'JSTR_DEF_CONN_COST'
#define JSTR_DEF_CONN_COST  "<C4><EA><B5><C1><C0><B3><A5><B9><A5><C8>"
                             ^~~~~~~~~~~~~~~~ ~~~~ ~~~~~~~~~~~~~~~~~~~~
literal.c:161:7: warning: illegal character encoding in string literal [-Winvalid-source-encoding]
    { JSTR_COMPOSIT_POS, ESTR_COMPOSIT_POS, NULL },
      ^
literal.c:107:35: note: expanded from macro 'JSTR_COMPOSIT_POS'
#define JSTR_COMPOSIT_POS      "<B7><EB><C9><EC>"
                                 ^~~~~~~~~~~~ ~~~~
literal.c:162:7: warning: illegal character encoding in string literal [-Winvalid-source-encoding]
    { JSTR_OUTPUT_COMPOUND, ESTR_OUTPUT_COMPOUND, NULL },
      ^
literal.c:109:35: note: expanded from macro 'JSTR_OUTPUT_COMPOUND'
#define JSTR_OUTPUT_COMPOUND   "<B9><E7><B8><EC><BD><D0><CE><CF>"
                                 ^~~~~~~~~~~~~~~~~~~~~~~~~~~~~~~~
literal.c:164:7: warning: illegal character encoding in string literal [-Winvalid-source-encoding]
    { JSTR_OUTPUT_FORMAT, ESTR_OUTPUT_FORMAT, NULL },
      ^
literal.c:112:30: note: expanded from macro 'JSTR_OUTPUT_FORMAT'
#define JSTR_OUTPUT_FORMAT  "<BD><D0><CE><A9><A1><BC><A5><C8>"
                             ^~~~~~~~~~~~  ~~~~~~~~~~~~~~~~  ~~~~
literal.c:165:7: warning: illegal character encoding in string literal [-Winvalid-source-encoding]
    { JSTR_LANG, ESTR_LANG, NULL },
      ^
literal.c:114:30: note: expanded from macro 'JSTR_LANG'
#define JSTR_LANG           "<B8><C0><B8><EC>"
                             ^~~~~~~~~~~~~~~~
literal.c:166:7: warning: illegal character encoding in string literal [-Winvalid-source-encoding]
    { JSTR_DELIMITER, ESTR_DELIMITER, NULL },
      ^
literal.c:116:30: note: expanded from macro 'JSTR_DELIMITER'
#define JSTR_DELIMITER      "<B6><E8><C0><EA><BB><FA>"
                             ^~~~~~~~~~~~ ~~~~ ~~~~~~~~
literal.c:167:7: warning: illegal character encoding in string literal [-Winvalid-source-encoding]
    { JSTR_BOS_STR, ESTR_BOS_STR, NULL },
      ^
literal.c:118:35: note: expanded from macro 'JSTR_BOS_STR'
#define JSTR_BOS_STR        "BOS<BB><FA><CE><F3>"
                                 ^~~~~~~~~~~~~~~~
literal.c:168:7: warning: illegal character encoding in string literal [-Winvalid-source-encoding]
    { JSTR_EOS_STR, ESTR_EOS_STR, NULL },
      ^
literal.c:120:35: note: expanded from macro 'JSTR_EOS_STR'
#define JSTR_EOS_STR        "EOS<BB><FA><CE><F3>"
                                 ^~~~~~~~~~~~~~~~
39 warnings generated.
libtool: compile:  gcc -DRCPATH=\"/etc/chasenrc\" -DHAVE_CONFIG_H -I. -I.. -I.. -I/usr/include -Wdate-time -D_FORTIFY_SOURCE=2 -g -O2 -fdebug-prefix-map=/<<PKGBUILDDIR>>=. -specs=/usr/share/dpkg/no-pie-compile.specs -fstack-protector-strong -Wformat -Werror=format-security -Wall -c literal.c -o literal.o >/dev/null 2>&1
/bin/bash ../libtool  --tag=CC   --mode=compile gcc -DRCPATH="\"/etc/chasenrc\"" -DHAVE_CONFIG_H -I. -I.. -I.. -I/usr/include   -Wdate-time -D_FORTIFY_SOURCE=2  -g -O2 -fdebug-prefix-map=/<<PKGBUILDDIR>>=. -specs=/usr/share/dpkg/no-pie-compile.specs -fstack-protector-strong -Wformat -Werror=format-security -Wall -c -o mmap.lo mmap.c
libtool: compile:  gcc -DRCPATH=\"/etc/chasenrc\" -DHAVE_CONFIG_H -I. -I.. -I.. -I/usr/include -Wdate-time -D_FORTIFY_SOURCE=2 -g -O2 -fdebug-prefix-map=/<<PKGBUILDDIR>>=. -specs=/usr/share/dpkg/no-pie-compile.specs -fstack-protector-strong -Wformat -Werror=format-security -Wall -c mmap.c  -fPIC -DPIC -o .libs/mmap.o
clang: warning: argument unused during compilation: '-specs=/usr/share/dpkg/no-pie-compile.specs' [-Wunused-command-line-argument]
libtool: compile:  gcc -DRCPATH=\"/etc/chasenrc\" -DHAVE_CONFIG_H -I. -I.. -I.. -I/usr/include -Wdate-time -D_FORTIFY_SOURCE=2 -g -O2 -fdebug-prefix-map=/<<PKGBUILDDIR>>=. -specs=/usr/share/dpkg/no-pie-compile.specs -fstack-protector-strong -Wformat -Werror=format-security -Wall -c mmap.c -o mmap.o >/dev/null 2>&1
/bin/bash ../libtool  --tag=CC   --mode=compile gcc -DRCPATH="\"/etc/chasenrc\"" -DHAVE_CONFIG_H -I. -I.. -I.. -I/usr/include   -Wdate-time -D_FORTIFY_SOURCE=2  -g -O2 -fdebug-prefix-map=/<<PKGBUILDDIR>>=. -specs=/usr/share/dpkg/no-pie-compile.specs -fstack-protector-strong -Wformat -Werror=format-security -Wall -c -o parse.lo parse.c
libtool: compile:  gcc -DRCPATH=\"/etc/chasenrc\" -DHAVE_CONFIG_H -I. -I.. -I.. -I/usr/include -Wdate-time -D_FORTIFY_SOURCE=2 -g -O2 -fdebug-prefix-map=/<<PKGBUILDDIR>>=. -specs=/usr/share/dpkg/no-pie-compile.specs -fstack-protector-strong -Wformat -Werror=format-security -Wall -c parse.c  -fPIC -DPIC -o .libs/parse.o
clang: warning: argument unused during compilation: '-specs=/usr/share/dpkg/no-pie-compile.specs' [-Wunused-command-line-argument]
parse.c:417:43: warning: passing 'unsigned char *' to parameter of type 'char *' converts between pointers to integer types with different sign [-Wpointer-sign]
             da_exact_lookup(Da_dicfile[dic_no], text, seg->len)) < 0)
                                                 ^~~~
./dartsdic.h:34:37: note: passing argument to parameter here
long da_exact_lookup(darts_t*, char*, int);
                                    ^
parse.c:426:18: warning: assigning to 'char *' from 'unsigned char *' converts between pointers to integer types with different sign [-Wpointer-sign]
                mrph->headword = text;
                               ^ ~~~~
parse.c:440:17: warning: assigning to 'char *' from 'unsigned char *' converts between pointers to integer types with different sign [-Wpointer-sign]
        mrph->headword = text;
                       ^ ~~~~
parse.c:464:20: warning: assigning to 'char *' from 'unsigned char *' converts between pointers to integer types with different sign [-Wpointer-sign]
    mrph->headword = lat->text + lat->offset;
                   ^ ~~~~~~~~~~~~~~~~~~~~~~~
parse.c:537:10: warning: assigning to 'char *' from 'unsigned char *' converts between pointers to integer types with different sign [-Wpointer-sign]
    text = lat->text + lat->offset;
         ^ ~~~~~~~~~~~~~~~~~~~~~~~
parse.c:567:8: warning: assigning to 'unsigned char *' from 'char *' converts between pointers to integer types with different sign [-Wpointer-sign]
            t = text + l;
              ^ ~~~~~~~~
parse.c:569:33: warning: passing 'unsigned char *' to parameter of type 'char *' converts between pointers to integer types with different sign [-Wpointer-sign]
            last_idx = lookup_dic(lat, t, seg->len - l);
                                       ^
parse.c:313:34: note: passing argument to parameter 'string' here
lookup_dic(cha_lat_t *lat, char *string, int len)
                                 ^
parse.c:570:38: warning: passing 'unsigned char *' to parameter of type 'char *' converts between pointers to integer types with different sign [-Wpointer-sign]
            last_idx = set_unknownword(lat, t, seg->char_type[l],
                                            ^
parse.c:367:39: note: passing argument to parameter 'string' here
set_unknownword(cha_lat_t *lat, char *string, int len,
                                      ^
8 warnings generated.
libtool: compile:  gcc -DRCPATH=\"/etc/chasenrc\" -DHAVE_CONFIG_H -I. -I.. -I.. -I/usr/include -Wdate-time -D_FORTIFY_SOURCE=2 -g -O2 -fdebug-prefix-map=/<<PKGBUILDDIR>>=. -specs=/usr/share/dpkg/no-pie-compile.specs -fstack-protector-strong -Wformat -Werror=format-security -Wall -c parse.c -o parse.o >/dev/null 2>&1
/bin/bash ../libtool  --tag=CC   --mode=compile gcc -DRCPATH="\"/etc/chasenrc\"" -DHAVE_CONFIG_H -I. -I.. -I.. -I/usr/include   -Wdate-time -D_FORTIFY_SOURCE=2  -g -O2 -fdebug-prefix-map=/<<PKGBUILDDIR>>=. -specs=/usr/share/dpkg/no-pie-compile.specs -fstack-protector-strong -Wformat -Werror=format-security -Wall -c -o print.lo print.c
libtool: compile:  gcc -DRCPATH=\"/etc/chasenrc\" -DHAVE_CONFIG_H -I. -I.. -I.. -I/usr/include -Wdate-time -D_FORTIFY_SOURCE=2 -g -O2 -fdebug-prefix-map=/<<PKGBUILDDIR>>=. -specs=/usr/share/dpkg/no-pie-compile.specs -fstack-protector-strong -Wformat -Werror=format-security -Wall -c print.c  -fPIC -DPIC -o .libs/print.o
clang: warning: argument unused during compilation: '-specs=/usr/share/dpkg/no-pie-compile.specs' [-Wunused-command-line-argument]
print.c:186:16: error: expected parameter declarator
    extern int fprintf(FILE *, const char *, ...);
               ^
/usr/include/x86_64-linux-gnu/bits/stdio2.h:110:26: note: expanded from macro 'fprintf'
  __fprintf_chk (stream, __USE_FORTIFY_LEVEL - 1, __VA_ARGS__)
                         ^
/usr/include/features.h:332:31: note: expanded from macro '__USE_FORTIFY_LEVEL'
#  define __USE_FORTIFY_LEVEL 2
                              ^
print.c:186:16: error: expected ')'
/usr/include/x86_64-linux-gnu/bits/stdio2.h:110:26: note: expanded from macro 'fprintf'
  __fprintf_chk (stream, __USE_FORTIFY_LEVEL - 1, __VA_ARGS__)
                         ^
/usr/include/features.h:332:31: note: expanded from macro '__USE_FORTIFY_LEVEL'
#  define __USE_FORTIFY_LEVEL 2
                              ^
print.c:186:16: note: to match this '('
/usr/include/x86_64-linux-gnu/bits/stdio2.h:110:17: note: expanded from macro 'fprintf'
  __fprintf_chk (stream, __USE_FORTIFY_LEVEL - 1, __VA_ARGS__)
                ^
print.c:186:16: error: conflicting types for '__fprintf_chk'
    extern int fprintf(FILE *, const char *, ...);
               ^
/usr/include/x86_64-linux-gnu/bits/stdio2.h:110:3: note: expanded from macro 'fprintf'
  __fprintf_chk (stream, __USE_FORTIFY_LEVEL - 1, __VA_ARGS__)
  ^
/usr/include/x86_64-linux-gnu/bits/stdio2.h:85:12: note: previous declaration is here
extern int __fprintf_chk (FILE *__restrict __stream, int __flag,
           ^
print.c:314:37: warning: passing 'char *' to parameter of type 'unsigned char *' converts between pointers to integer types with different sign [-Wpointer-sign]
        len = cha_tok_mblen(Cha_tokenizer, s1, 4 /* XXX */);
                                           ^~
./tokenizer.h:32:47: note: passing argument to parameter here
int cha_tok_mblen(chasen_tok_t*,unsigned char*,int);
                                              ^
print.c:343:47: warning: passing 'char *' to parameter of type 'unsigned char *' converts between pointers to integer types with different sign [-Wpointer-sign]
        for (; *y; y += cha_tok_mblen(Cha_tokenizer, y, 4 /* XXX */)) {
                                                     ^
./tokenizer.h:32:47: note: passing argument to parameter here
int cha_tok_mblen(chasen_tok_t*,unsigned char*,int);
                                              ^
print.c:356:37: warning: passing 'char *' to parameter of type 'unsigned char *' converts between pointers to integer types with different sign [-Wpointer-sign]
                m += cha_tok_mblen(Cha_tokenizer, m, 4 /* XXX */);
                                                  ^
./tokenizer.h:32:47: note: passing argument to parameter here
int cha_tok_mblen(chasen_tok_t*,unsigned char*,int);
                                              ^
print.c:367:37: warning: passing 'char *' to parameter of type 'unsigned char *' converts between pointers to integer types with different sign [-Wpointer-sign]
                m += cha_tok_mblen(Cha_tokenizer, m, 4 /* XXX */);
                                                  ^
./tokenizer.h:32:47: note: passing argument to parameter here
int cha_tok_mblen(chasen_tok_t*,unsigned char*,int);
                                              ^
print.c:591:41: warning: passing 'char *' to parameter of type 'unsigned char *' converts between pointers to integer types with different sign [-Wpointer-sign]
        int len = cha_tok_mblen(Cha_tokenizer, (s), 4 /* XXX */);
                                               ^~~
./tokenizer.h:32:47: note: passing argument to parameter here
int cha_tok_mblen(chasen_tok_t*,unsigned char*,int);
                                              ^
5 warnings and 3 errors generated.
Makefile:480: recipe for target 'print.lo' failed
make[3]: *** [print.lo] Error 1
make[3]: Leaving directory '/<<PKGBUILDDIR>>/lib'
Makefile:479: recipe for target 'all-recursive' failed
make[2]: *** [all-recursive] Error 1
make[2]: Leaving directory '/<<PKGBUILDDIR>>'
Makefile:372: recipe for target 'all' failed
make[1]: *** [all] Error 2
make[1]: Leaving directory '/<<PKGBUILDDIR>>'
dh_auto_build: make -j1 returned exit code 2
debian/rules:7: recipe for target 'build-arch' failed
make: *** [build-arch] Error 2
dpkg-buildpackage: error: debian/rules build-arch gave error exit status 2
--------------------------------------------------------------------------------
Build finished at 2017-03-01T06:10:08Z

Finished
--------


+------------------------------------------------------------------------------+
| Cleanup                                                                      |
+------------------------------------------------------------------------------+

Purging /<<BUILDDIR>>
Not cleaning session: cloned chroot in use
E: Build failure (dpkg-buildpackage died)

+------------------------------------------------------------------------------+
| Summary                                                                      |
+------------------------------------------------------------------------------+

Build Architecture: amd64
Build-Space: 6340
Build-Time: 15
Distribution: unstable
Fail-Stage: build
Host Architecture: amd64
Install-Time: 5
Job: chasen_2.4.5-33
Machine Architecture: amd64
Package: chasen
Package-Time: 37
Source-Version: 2.4.5-33
Space: 6340
Status: attempted
Version: 2.4.5-33
--------------------------------------------------------------------------------
Finished at 2017-03-01T06:10:08Z
Build needed 00:00:37, 6340k disk space
E: Build failure (dpkg-buildpackage died)
DC-Status: Failed 37.924053471s
DC-Time-Estimation: 37.924053471 versus expected 234 (r/m: 5.1702265075366105 ; m: 37.924053471)
