DC-Build-Header: dvbcut 0.7.1-1 / 2017-03-01 05:38:13 +0000
DC-Task: type:rebuild-binarch-only source:dvbcut version:0.7.1-1 chroot:unstable esttime:526 logfile:/tmp/dvbcut_0.7.1-1_unstable_clang4.0.log modes:clang:binarch-only
DC-Sbuild-call: su user42 -c 'sbuild -n --arch-any --apt-update -d unstable -v  --chroot-setup-commands=/tmp/clang dvbcut_0.7.1-1'
sbuild (Debian sbuild) 0.72.0 (25 Oct 2016) on ip-172-31-20-230.eu-central-1.compute.internal

+==============================================================================+
| dvbcut 0.7.1-1 (amd64)                       Wed, 01 Mar 2017 05:38:13 +0000 |
+==============================================================================+

Package: dvbcut
Version: 0.7.1-1
Source Version: 0.7.1-1
Distribution: unstable
Machine Architecture: amd64
Host Architecture: amd64
Build Architecture: amd64

I: NOTICE: Log filtering will replace 'var/lib/schroot/mount/unstable-amd64-sbuild-e79e11e3-996b-4631-a994-558b572e20d5' with '<<CHROOT>>'

+------------------------------------------------------------------------------+
| Chroot Setup Commands                                                        |
+------------------------------------------------------------------------------+


/tmp/clang
----------

+ echo 'Entering customization script...'
Entering customization script...
+ CLANG_VERSION=4.0
+ echo 'Install of clang-4.0'
Install of clang-4.0
+ apt-get update
Get:1 http://127.0.0.1:9999/debian unstable InRelease [231 kB]
Get:2 http://127.0.0.1:9999/debian unstable/main Sources.diff/Index [27.9 kB]
Get:3 http://127.0.0.1:9999/debian unstable/main amd64 Packages.diff/Index [27.9 kB]
Get:4 http://127.0.0.1:9999/debian unstable/main Sources 2017-02-28-0825.37.pdiff [2103 B]
Get:4 http://127.0.0.1:9999/debian unstable/main Sources 2017-02-28-0825.37.pdiff [2103 B]
Get:5 http://127.0.0.1:9999/debian unstable/main amd64 Packages 2017-02-28-0825.37.pdiff [2528 B]
Get:5 http://127.0.0.1:9999/debian unstable/main amd64 Packages 2017-02-28-0825.37.pdiff [2528 B]
Get:6 http://127.0.0.1:9999/debian unstable/main Translation-en [5646 kB]
Fetched 5938 kB in 1s (3202 kB/s)
Reading package lists...
W: No sandbox user '_apt' on the system, can not drop privileges
+ apt-get install --yes --no-install-recommends --force-yes clang-4.0
Reading package lists...
Building dependency tree...
Reading state information...
The following additional packages will be installed:
  libbsd0 libclang-common-4.0-dev libclang1-4.0 libedit2 libffi6 libjsoncpp1
  libllvm4.0 libncurses5 libobjc-6-dev libobjc4
Suggested packages:
  gnustep gnustep-devel clang-4.0-doc
Recommended packages:
  llvm-4.0-dev python libgpm2
The following NEW packages will be installed:
  clang-4.0 libbsd0 libclang-common-4.0-dev libclang1-4.0 libedit2 libffi6
  libjsoncpp1 libllvm4.0 libncurses5 libobjc-6-dev libobjc4
0 upgraded, 11 newly installed, 0 to remove and 0 not upgraded.
Need to get 74.7 MB of archives.
After this operation, 321 MB of additional disk space will be used.
Get:1 http://127.0.0.1:9999/debian unstable/main amd64 libbsd0 amd64 0.8.3-1 [83.0 kB]
Get:2 http://127.0.0.1:9999/debian unstable/main amd64 libncurses5 amd64 6.0+20161126-1 [93.4 kB]
Get:3 http://127.0.0.1:9999/debian unstable/main amd64 libedit2 amd64 3.1-20160903-3 [84.8 kB]
Get:4 http://127.0.0.1:9999/debian unstable/main amd64 libffi6 amd64 3.2.1-6 [20.4 kB]
Get:5 http://127.0.0.1:9999/debian unstable/main amd64 libllvm4.0 amd64 1:4.0~+rc2-1 [12.3 MB]
Get:6 http://127.0.0.1:9999/debian unstable/main amd64 libclang1-4.0 amd64 1:4.0~+rc2-1 [6358 kB]
Get:7 http://127.0.0.1:9999/debian unstable/main amd64 libjsoncpp1 amd64 1.7.4-3 [75.6 kB]
Get:8 http://127.0.0.1:9999/debian unstable/main amd64 libobjc4 amd64 6.3.0-8 [49.4 kB]
Get:9 http://127.0.0.1:9999/debian unstable/main amd64 libobjc-6-dev amd64 6.3.0-8 [197 kB]
Get:10 http://127.0.0.1:9999/debian unstable/main amd64 libclang-common-4.0-dev amd64 1:4.0~+rc2-1 [2767 kB]
Get:11 http://127.0.0.1:9999/debian unstable/main amd64 clang-4.0 amd64 1:4.0~+rc2-1 [52.7 MB]
debconf: delaying package configuration, since apt-utils is not installed
Fetched 74.7 MB in 0s (95.3 MB/s)
Selecting previously unselected package libbsd0:amd64.
(Reading database ... (Reading database ... 5%(Reading database ... 10%(Reading database ... 15%(Reading database ... 20%(Reading database ... 25%(Reading database ... 30%(Reading database ... 35%(Reading database ... 40%(Reading database ... 45%(Reading database ... 50%(Reading database ... 55%(Reading database ... 60%(Reading database ... 65%(Reading database ... 70%(Reading database ... 75%(Reading database ... 80%(Reading database ... 85%(Reading database ... 90%(Reading database ... 95%(Reading database ... 100%(Reading database ... 9584 files and directories currently installed.)
Preparing to unpack .../00-libbsd0_0.8.3-1_amd64.deb ...
Unpacking libbsd0:amd64 (0.8.3-1) ...
Selecting previously unselected package libncurses5:amd64.
Preparing to unpack .../01-libncurses5_6.0+20161126-1_amd64.deb ...
Unpacking libncurses5:amd64 (6.0+20161126-1) ...
Selecting previously unselected package libedit2:amd64.
Preparing to unpack .../02-libedit2_3.1-20160903-3_amd64.deb ...
Unpacking libedit2:amd64 (3.1-20160903-3) ...
Selecting previously unselected package libffi6:amd64.
Preparing to unpack .../03-libffi6_3.2.1-6_amd64.deb ...
Unpacking libffi6:amd64 (3.2.1-6) ...
Selecting previously unselected package libllvm4.0:amd64.
Preparing to unpack .../04-libllvm4.0_1%3a4.0~+rc2-1_amd64.deb ...
Unpacking libllvm4.0:amd64 (1:4.0~+rc2-1) ...
Selecting previously unselected package libclang1-4.0:amd64.
Preparing to unpack .../05-libclang1-4.0_1%3a4.0~+rc2-1_amd64.deb ...
Unpacking libclang1-4.0:amd64 (1:4.0~+rc2-1) ...
Selecting previously unselected package libjsoncpp1:amd64.
Preparing to unpack .../06-libjsoncpp1_1.7.4-3_amd64.deb ...
Unpacking libjsoncpp1:amd64 (1.7.4-3) ...
Selecting previously unselected package libobjc4:amd64.
Preparing to unpack .../07-libobjc4_6.3.0-8_amd64.deb ...
Unpacking libobjc4:amd64 (6.3.0-8) ...
Selecting previously unselected package libobjc-6-dev:amd64.
Preparing to unpack .../08-libobjc-6-dev_6.3.0-8_amd64.deb ...
Unpacking libobjc-6-dev:amd64 (6.3.0-8) ...
Selecting previously unselected package libclang-common-4.0-dev.
Preparing to unpack .../09-libclang-common-4.0-dev_1%3a4.0~+rc2-1_amd64.deb ...
Unpacking libclang-common-4.0-dev (1:4.0~+rc2-1) ...
Selecting previously unselected package clang-4.0.
Preparing to unpack .../10-clang-4.0_1%3a4.0~+rc2-1_amd64.deb ...
Unpacking clang-4.0 (1:4.0~+rc2-1) ...
Setting up libncurses5:amd64 (6.0+20161126-1) ...
Setting up libobjc4:amd64 (6.3.0-8) ...
Setting up libbsd0:amd64 (0.8.3-1) ...
Processing triggers for libc-bin (2.24-9) ...
Setting up libobjc-6-dev:amd64 (6.3.0-8) ...
Setting up libffi6:amd64 (3.2.1-6) ...
Setting up libjsoncpp1:amd64 (1.7.4-3) ...
Setting up libedit2:amd64 (3.1-20160903-3) ...
Setting up libllvm4.0:amd64 (1:4.0~+rc2-1) ...
Setting up libclang1-4.0:amd64 (1:4.0~+rc2-1) ...
Setting up libclang-common-4.0-dev (1:4.0~+rc2-1) ...
Setting up clang-4.0 (1:4.0~+rc2-1) ...
Processing triggers for libc-bin (2.24-9) ...
W: --force-yes is deprecated, use one of the options starting with --allow instead.
W: No sandbox user '_apt' on the system, can not drop privileges
+ echo 'Replace gcc, g++ & cpp by clang'
Replace gcc, g++ & cpp by clang
+ VERSIONS='4.6 4.7 4.8 4.9 5 6'
+ cd /usr/bin
+ for VERSION in $VERSIONS
+ rm -f g++-4.6 gcc-4.6 cpp-4.6 gcc
+ ln -s clang++-4.0 g++-4.6
+ ln -s clang-4.0 gcc-4.6
+ ln -s clang-4.0 cpp-4.6
+ ln -s clang-4.0 gcc
+ echo 'gcc-4.6 hold'
+ dpkg --set-selections
dpkg: warning: package not in status nor available database at line 1: gcc-4.6
dpkg: warning: found unknown packages; this might mean the available database
is outdated, and needs to be updated through a frontend method;
please see the FAQ <https://wiki.debian.org/Teams/Dpkg/FAQ>
+ echo 'g++-4.6 hold'
+ dpkg --set-selections
dpkg: warning: package not in status nor available database at line 1: g++-4.6
dpkg: warning: found unknown packages; this might mean the available database
is outdated, and needs to be updated through a frontend method;
please see the FAQ <https://wiki.debian.org/Teams/Dpkg/FAQ>
+ for VERSION in $VERSIONS
+ rm -f g++-4.7 gcc-4.7 cpp-4.7 gcc
+ ln -s clang++-4.0 g++-4.7
+ ln -s clang-4.0 gcc-4.7
+ ln -s clang-4.0 cpp-4.7
+ ln -s clang-4.0 gcc
+ echo 'gcc-4.7 hold'
+ dpkg --set-selections
dpkg: warning: package not in status nor available database at line 1: gcc-4.7
dpkg: warning: found unknown packages; this might mean the available database
is outdated, and needs to be updated through a frontend method;
please see the FAQ <https://wiki.debian.org/Teams/Dpkg/FAQ>
+ echo 'g++-4.7 hold'
+ dpkg --set-selections
dpkg: warning: package not in status nor available database at line 1: g++-4.7
dpkg: warning: found unknown packages; this might mean the available database
is outdated, and needs to be updated through a frontend method;
please see the FAQ <https://wiki.debian.org/Teams/Dpkg/FAQ>
+ for VERSION in $VERSIONS
+ rm -f g++-4.8 gcc-4.8 cpp-4.8 gcc
+ ln -s clang++-4.0 g++-4.8
+ ln -s clang-4.0 gcc-4.8
+ ln -s clang-4.0 cpp-4.8
+ ln -s clang-4.0 gcc
+ echo 'gcc-4.8 hold'
+ dpkg --set-selections
dpkg: warning: package not in status nor available database at line 1: gcc-4.8
dpkg: warning: found unknown packages; this might mean the available database
is outdated, and needs to be updated through a frontend method;
please see the FAQ <https://wiki.debian.org/Teams/Dpkg/FAQ>
+ echo 'g++-4.8 hold'
+ dpkg --set-selections
dpkg: warning: package not in status nor available database at line 1: g++-4.8
dpkg: warning: found unknown packages; this might mean the available database
is outdated, and needs to be updated through a frontend method;
please see the FAQ <https://wiki.debian.org/Teams/Dpkg/FAQ>
+ for VERSION in $VERSIONS
+ rm -f g++-4.9 gcc-4.9 cpp-4.9 gcc
+ ln -s clang++-4.0 g++-4.9
+ ln -s clang-4.0 gcc-4.9
+ ln -s clang-4.0 cpp-4.9
+ ln -s clang-4.0 gcc
+ echo 'gcc-4.9 hold'
+ dpkg --set-selections
dpkg: warning: package not in status nor available database at line 1: gcc-4.9
dpkg: warning: found unknown packages; this might mean the available database
is outdated, and needs to be updated through a frontend method;
please see the FAQ <https://wiki.debian.org/Teams/Dpkg/FAQ>
+ echo 'g++-4.9 hold'
+ dpkg --set-selections
dpkg: warning: package not in status nor available database at line 1: g++-4.9
dpkg: warning: found unknown packages; this might mean the available database
is outdated, and needs to be updated through a frontend method;
please see the FAQ <https://wiki.debian.org/Teams/Dpkg/FAQ>
+ for VERSION in $VERSIONS
+ rm -f g++-5 gcc-5 cpp-5 gcc
+ ln -s clang++-4.0 g++-5
+ ln -s clang-4.0 gcc-5
+ ln -s clang-4.0 cpp-5
+ ln -s clang-4.0 gcc
+ echo 'gcc-5 hold'
+ dpkg --set-selections
+ echo 'g++-5 hold'
+ dpkg --set-selections
+ for VERSION in $VERSIONS
+ rm -f g++-6 gcc-6 cpp-6 gcc
+ ln -s clang++-4.0 g++-6
+ ln -s clang-4.0 gcc-6
+ ln -s clang-4.0 cpp-6
+ ln -s clang-4.0 gcc
+ echo 'gcc-6 hold'
+ dpkg --set-selections
+ echo 'g++-6 hold'
+ dpkg --set-selections
+ cd -
/build/dvbcut-NdvXo2
+ echo 'Check if gcc, g++ & cpp are actually clang'
Check if gcc, g++ & cpp are actually clang
+ gcc --version
+ grep clang
+ cpp --version
+ grep clang
+ g++ --version
+ grep clang

I: Finished running '/tmp/clang'.

Finished processing commands.
--------------------------------------------------------------------------------

+------------------------------------------------------------------------------+
| Update chroot                                                                |
+------------------------------------------------------------------------------+

Hit:1 http://127.0.0.1:9999/debian unstable InRelease
Reading package lists...
W: No sandbox user '_apt' on the system, can not drop privileges
Reading package lists...
Building dependency tree...
Reading state information...
Calculating upgrade...
0 upgraded, 0 newly installed, 0 to remove and 0 not upgraded.

+------------------------------------------------------------------------------+
| Fetch source files                                                           |
+------------------------------------------------------------------------------+


Check APT
---------

Checking available source versions...

Download source files with APT
------------------------------

Reading package lists...
NOTICE: 'dvbcut' packaging is maintained in the 'Git' version control system at:
https://github.com/bernhardu/dvbcut-deb.git
Please use:
git clone https://github.com/bernhardu/dvbcut-deb.git
to retrieve the latest (possibly unreleased) updates to the package.
Need to get 191 kB of source archives.
Get:1 http://127.0.0.1:9999/debian unstable/main dvbcut 0.7.1-1 (dsc) [2054 B]
Get:2 http://127.0.0.1:9999/debian unstable/main dvbcut 0.7.1-1 (tar) [184 kB]
Get:3 http://127.0.0.1:9999/debian unstable/main dvbcut 0.7.1-1 (diff) [5324 B]
Fetched 191 kB in 0s (1106 kB/s)
Download complete and in download only mode
I: NOTICE: Log filtering will replace 'build/dvbcut-NdvXo2/dvbcut-0.7.1' with '<<PKGBUILDDIR>>'
I: NOTICE: Log filtering will replace 'build/dvbcut-NdvXo2' with '<<BUILDDIR>>'

+------------------------------------------------------------------------------+
| Install build-essential                                                      |
+------------------------------------------------------------------------------+


Setup apt archive
-----------------

Merged Build-Depends: build-essential, fakeroot
Filtered Build-Depends: build-essential, fakeroot
dpkg-deb: building package 'sbuild-build-depends-core-dummy' in '/<<BUILDDIR>>/resolver-DR65ir/apt_archive/sbuild-build-depends-core-dummy.deb'.
dpkg-scanpackages: warning: Packages in archive but missing from override file:
dpkg-scanpackages: warning:   sbuild-build-depends-core-dummy
dpkg-scanpackages: info: Wrote 1 entries to output Packages file.
Ign:1 copy:/<<BUILDDIR>>/resolver-DR65ir/apt_archive ./ InRelease
Get:2 copy:/<<BUILDDIR>>/resolver-DR65ir/apt_archive ./ Release [957 B]
Ign:3 copy:/<<BUILDDIR>>/resolver-DR65ir/apt_archive ./ Release.gpg
Get:4 copy:/<<BUILDDIR>>/resolver-DR65ir/apt_archive ./ Sources [349 B]
Get:5 copy:/<<BUILDDIR>>/resolver-DR65ir/apt_archive ./ Packages [433 B]
Fetched 1739 B in 0s (0 B/s)
Reading package lists...
W: No sandbox user '_apt' on the system, can not drop privileges
Reading package lists...

Install core build dependencies (apt-based resolver)
----------------------------------------------------

Installing build dependencies
Reading package lists...
Building dependency tree...
Reading state information...
The following NEW packages will be installed:
  sbuild-build-depends-core-dummy
0 upgraded, 1 newly installed, 0 to remove and 0 not upgraded.
Need to get 782 B of archives.
After this operation, 0 B of additional disk space will be used.
Get:1 copy:/<<BUILDDIR>>/resolver-DR65ir/apt_archive ./ sbuild-build-depends-core-dummy 0.invalid.0 [782 B]
debconf: delaying package configuration, since apt-utils is not installed
Fetched 782 B in 0s (0 B/s)
Selecting previously unselected package sbuild-build-depends-core-dummy.
(Reading database ... 10086 files and directories currently installed.)
Preparing to unpack .../sbuild-build-depends-core-dummy_0.invalid.0_amd64.deb ...
Unpacking sbuild-build-depends-core-dummy (0.invalid.0) ...
Setting up sbuild-build-depends-core-dummy (0.invalid.0) ...
W: No sandbox user '_apt' on the system, can not drop privileges

+------------------------------------------------------------------------------+
| Check architectures                                                          |
+------------------------------------------------------------------------------+

Arch check ok (amd64 included in any)

+------------------------------------------------------------------------------+
| Install package build dependencies                                           |
+------------------------------------------------------------------------------+


Setup apt archive
-----------------

Merged Build-Depends: debhelper (>= 9), autotools-dev, dh-autoreconf, liba52-0.7.4-dev, libao-dev, libavcodec-dev (>> 6:11~), libavformat-dev (>> 6:11~), libavutil-dev (>> 6:11~), libmad0-dev, libswscale-dev (>> 6:11~), pkg-config, qt5-qmake, qtbase5-dev, qtbase5-dev-tools, qttools5-dev-tools
Filtered Build-Depends: debhelper (>= 9), autotools-dev, dh-autoreconf, liba52-0.7.4-dev, libao-dev, libavcodec-dev (>> 6:11~), libavformat-dev (>> 6:11~), libavutil-dev (>> 6:11~), libmad0-dev, libswscale-dev (>> 6:11~), pkg-config, qt5-qmake, qtbase5-dev, qtbase5-dev-tools, qttools5-dev-tools
dpkg-deb: building package 'sbuild-build-depends-dvbcut-dummy' in '/<<BUILDDIR>>/resolver-DR65ir/apt_archive/sbuild-build-depends-dvbcut-dummy.deb'.
dpkg-scanpackages: warning: Packages in archive but missing from override file:
dpkg-scanpackages: warning:   sbuild-build-depends-core-dummy sbuild-build-depends-dvbcut-dummy
dpkg-scanpackages: info: Wrote 2 entries to output Packages file.
Ign:1 copy:/<<BUILDDIR>>/resolver-DR65ir/apt_archive ./ InRelease
Get:2 copy:/<<BUILDDIR>>/resolver-DR65ir/apt_archive ./ Release [963 B]
Ign:3 copy:/<<BUILDDIR>>/resolver-DR65ir/apt_archive ./ Release.gpg
Get:4 copy:/<<BUILDDIR>>/resolver-DR65ir/apt_archive ./ Sources [592 B]
Get:5 copy:/<<BUILDDIR>>/resolver-DR65ir/apt_archive ./ Packages [674 B]
Fetched 2229 B in 0s (0 B/s)
Reading package lists...
W: No sandbox user '_apt' on the system, can not drop privileges
Reading package lists...

Install dvbcut build dependencies (apt-based resolver)
------------------------------------------------------

Installing build dependencies
Reading package lists...
Building dependency tree...
Reading state information...
The following additional packages will be installed:
  autoconf automake autopoint autotools-dev bsdmainutils debhelper
  dh-autoreconf dh-strip-nondeterminism file fontconfig fontconfig-config
  fonts-dejavu-core gettext gettext-base groff-base intltool-debian iso-codes
  liba52-0.7.4 liba52-0.7.4-dev libao-common libao-dev libao4
  libarchive-zip-perl libavahi-client3 libavahi-common-data libavahi-common3
  libavcodec-dev libavcodec57 libavformat-dev libavformat57 libavutil-dev
  libavutil55 libbluray1 libcairo2 libcap2 libcap2-bin libchromaprint1
  libcroco3 libcrystalhd3 libcups2 libdbus-1-3 libdouble-conversion1
  libdrm-amdgpu1 libdrm-dev libdrm-intel1 libdrm-nouveau2 libdrm-radeon1
  libdrm2 libegl1-mesa libevdev2 libexpat1 libfile-stripnondeterminism-perl
  libfontconfig1 libfreetype6 libgbm1 libgl1-mesa-dev libgl1-mesa-glx
  libglapi-mesa libglib2.0-0 libglu1-mesa libglu1-mesa-dev libgme0 libgnutls30
  libgraphite2-3 libgsm1 libgssapi-krb5-2 libgstreamer-plugins-base1.0-0
  libgstreamer1.0-0 libgudev-1.0-0 libharfbuzz0b libhogweed4 libice6 libicu57
  libidn11 libinput-bin libinput10 libjpeg62-turbo libk5crypto3 libkeyutils1
  libkrb5-3 libkrb5support0 libmad0 libmad0-dev libmagic-mgc libmagic1
  libmp3lame0 libmpg123-0 libmtdev1 libnettle6 libnuma1 libogg0 libopenjp2-7
  libopenmpt0 libopus0 liborc-0.4-0 libp11-kit0 libpciaccess0 libpcre16-3
  libpipeline1 libpixman-1-0 libpng16-16 libproxy1v5 libpthread-stubs0-dev
  libqt5clucene5 libqt5concurrent5 libqt5core5a libqt5dbus5 libqt5designer5
  libqt5designercomponents5 libqt5gui5 libqt5help5 libqt5network5
  libqt5opengl5 libqt5printsupport5 libqt5qml5 libqt5quick5
  libqt5quickwidgets5 libqt5sql5 libqt5test5 libqt5webkit5 libqt5widgets5
  libqt5xml5 libshine3 libsigsegv2 libsm6 libsnappy1v5 libsoxr0 libspeex1
  libsqlite3-0 libssh-gcrypt-4 libssl1.0.2 libswresample-dev libswresample2
  libswscale-dev libswscale4 libtasn1-6 libtheora0 libtimedate-perl libtool
  libtwolame0 libunistring0 libva-drm1 libva-x11-1 libva1 libvdpau1
  libvorbis0a libvorbisenc2 libvorbisfile3 libvpx4 libwacom-common libwacom2
  libwavpack1 libwayland-client0 libwayland-server0 libwebp6 libwebpmux2
  libx11-6 libx11-data libx11-dev libx11-xcb-dev libx11-xcb1 libx264-148
  libx265-95 libxau-dev libxau6 libxcb-dri2-0 libxcb-dri2-0-dev libxcb-dri3-0
  libxcb-dri3-dev libxcb-glx0 libxcb-glx0-dev libxcb-icccm4 libxcb-image0
  libxcb-keysyms1 libxcb-present-dev libxcb-present0 libxcb-randr0
  libxcb-randr0-dev libxcb-render-util0 libxcb-render0 libxcb-render0-dev
  libxcb-shape0 libxcb-shape0-dev libxcb-shm0 libxcb-sync-dev libxcb-sync1
  libxcb-util0 libxcb-xfixes0 libxcb-xfixes0-dev libxcb-xinerama0 libxcb-xkb1
  libxcb1 libxcb1-dev libxcomposite1 libxdamage-dev libxdamage1 libxdmcp-dev
  libxdmcp6 libxext-dev libxext6 libxfixes-dev libxfixes3 libxi6
  libxkbcommon-x11-0 libxkbcommon0 libxml2 libxrender1 libxshmfence-dev
  libxshmfence1 libxslt1.1 libxvidcore4 libxxf86vm-dev libxxf86vm1
  libzvbi-common libzvbi0 lsb-base m4 man-db mesa-common-dev pkg-config
  po-debconf qt5-qmake qtbase5-dev qtbase5-dev-tools qtchooser
  qttools5-dev-tools ucf x11-common x11proto-core-dev x11proto-damage-dev
  x11proto-dri2-dev x11proto-fixes-dev x11proto-gl-dev x11proto-input-dev
  x11proto-kb-dev x11proto-xext-dev x11proto-xf86vidmode-dev xkb-data
  xorg-sgml-doctools xtrans-dev
Suggested packages:
  autoconf-archive gnu-standards autoconf-doc wamerican | wordlist whois
  vacation dh-make gettext-doc libasprintf-dev libgettextpo-dev groff isoquery
  libasound2 libaudio2 libesd0 | libesd-alsa0 libpulse0 libsndio6.1
  libbluray-bdj firmware-crystalhd cups-common gnutls-bin krb5-doc krb5-user
  libvisual-0.4-plugins gstreamer1.0-tools opus-tools pciutils libthai0
  qt5-image-formats-plugins qtwayland5 qt5-qmltooling-plugins speex
  libtool-doc gfortran | fortran95-compiler gcj-jdk libxcb-doc libxext-doc
  m4-doc less www-browser libmail-box-perl default-libmysqlclient-dev
  firebird-dev libegl1-mesa-dev libpq-dev libsqlite3-dev unixodbc-dev
Recommended packages:
  curl | wget | lynx-cur libaacs0 libpam-cap dbus libgl1-mesa-dri
  libglib2.0-data shared-mime-info xdg-user-dirs gstreamer1.0-plugins-base
  krb5-locales qttranslations5-l10n libqt5svg5 mesa-utils
  qt5-gtk-platformtheme libqt5sql5-sqlite | libqt5sql5-mysql | libqt5sql5-odbc
  | libqt5sql5-psql | libqt5sql5-tds | libqt5sql5-ibase libltdl-dev
  va-driver-all | va-driver vdpau-driver-all | vdpau-driver libwacom-bin
  libx11-doc xml-core libmail-sendmail-perl libqt5opengl5-dev
  libqt5sql5-sqlite
The following NEW packages will be installed:
  autoconf automake autopoint autotools-dev bsdmainutils debhelper
  dh-autoreconf dh-strip-nondeterminism file fontconfig fontconfig-config
  fonts-dejavu-core gettext gettext-base groff-base intltool-debian iso-codes
  liba52-0.7.4 liba52-0.7.4-dev libao-common libao-dev libao4
  libarchive-zip-perl libavahi-client3 libavahi-common-data libavahi-common3
  libavcodec-dev libavcodec57 libavformat-dev libavformat57 libavutil-dev
  libavutil55 libbluray1 libcairo2 libcap2 libcap2-bin libchromaprint1
  libcroco3 libcrystalhd3 libcups2 libdbus-1-3 libdouble-conversion1
  libdrm-amdgpu1 libdrm-dev libdrm-intel1 libdrm-nouveau2 libdrm-radeon1
  libdrm2 libegl1-mesa libevdev2 libexpat1 libfile-stripnondeterminism-perl
  libfontconfig1 libfreetype6 libgbm1 libgl1-mesa-dev libgl1-mesa-glx
  libglapi-mesa libglib2.0-0 libglu1-mesa libglu1-mesa-dev libgme0 libgnutls30
  libgraphite2-3 libgsm1 libgssapi-krb5-2 libgstreamer-plugins-base1.0-0
  libgstreamer1.0-0 libgudev-1.0-0 libharfbuzz0b libhogweed4 libice6 libicu57
  libidn11 libinput-bin libinput10 libjpeg62-turbo libk5crypto3 libkeyutils1
  libkrb5-3 libkrb5support0 libmad0 libmad0-dev libmagic-mgc libmagic1
  libmp3lame0 libmpg123-0 libmtdev1 libnettle6 libnuma1 libogg0 libopenjp2-7
  libopenmpt0 libopus0 liborc-0.4-0 libp11-kit0 libpciaccess0 libpcre16-3
  libpipeline1 libpixman-1-0 libpng16-16 libproxy1v5 libpthread-stubs0-dev
  libqt5clucene5 libqt5concurrent5 libqt5core5a libqt5dbus5 libqt5designer5
  libqt5designercomponents5 libqt5gui5 libqt5help5 libqt5network5
  libqt5opengl5 libqt5printsupport5 libqt5qml5 libqt5quick5
  libqt5quickwidgets5 libqt5sql5 libqt5test5 libqt5webkit5 libqt5widgets5
  libqt5xml5 libshine3 libsigsegv2 libsm6 libsnappy1v5 libsoxr0 libspeex1
  libsqlite3-0 libssh-gcrypt-4 libssl1.0.2 libswresample-dev libswresample2
  libswscale-dev libswscale4 libtasn1-6 libtheora0 libtimedate-perl libtool
  libtwolame0 libunistring0 libva-drm1 libva-x11-1 libva1 libvdpau1
  libvorbis0a libvorbisenc2 libvorbisfile3 libvpx4 libwacom-common libwacom2
  libwavpack1 libwayland-client0 libwayland-server0 libwebp6 libwebpmux2
  libx11-6 libx11-data libx11-dev libx11-xcb-dev libx11-xcb1 libx264-148
  libx265-95 libxau-dev libxau6 libxcb-dri2-0 libxcb-dri2-0-dev libxcb-dri3-0
  libxcb-dri3-dev libxcb-glx0 libxcb-glx0-dev libxcb-icccm4 libxcb-image0
  libxcb-keysyms1 libxcb-present-dev libxcb-present0 libxcb-randr0
  libxcb-randr0-dev libxcb-render-util0 libxcb-render0 libxcb-render0-dev
  libxcb-shape0 libxcb-shape0-dev libxcb-shm0 libxcb-sync-dev libxcb-sync1
  libxcb-util0 libxcb-xfixes0 libxcb-xfixes0-dev libxcb-xinerama0 libxcb-xkb1
  libxcb1 libxcb1-dev libxcomposite1 libxdamage-dev libxdamage1 libxdmcp-dev
  libxdmcp6 libxext-dev libxext6 libxfixes-dev libxfixes3 libxi6
  libxkbcommon-x11-0 libxkbcommon0 libxml2 libxrender1 libxshmfence-dev
  libxshmfence1 libxslt1.1 libxvidcore4 libxxf86vm-dev libxxf86vm1
  libzvbi-common libzvbi0 lsb-base m4 man-db mesa-common-dev pkg-config
  po-debconf qt5-qmake qtbase5-dev qtbase5-dev-tools qtchooser
  qttools5-dev-tools sbuild-build-depends-dvbcut-dummy ucf x11-common
  x11proto-core-dev x11proto-damage-dev x11proto-dri2-dev x11proto-fixes-dev
  x11proto-gl-dev x11proto-input-dev x11proto-kb-dev x11proto-xext-dev
  x11proto-xf86vidmode-dev xkb-data xorg-sgml-doctools xtrans-dev
0 upgraded, 241 newly installed, 0 to remove and 0 not upgraded.
Need to get 94.2 MB of archives.
After this operation, 340 MB of additional disk space will be used.
Get:1 copy:/<<BUILDDIR>>/resolver-DR65ir/apt_archive ./ sbuild-build-depends-dvbcut-dummy 0.invalid.0 [894 B]
Get:2 http://127.0.0.1:9999/debian unstable/main amd64 groff-base amd64 1.22.3-9 [1160 kB]
Get:3 http://127.0.0.1:9999/debian unstable/main amd64 bsdmainutils amd64 9.0.12 [185 kB]
Get:4 http://127.0.0.1:9999/debian unstable/main amd64 libpipeline1 amd64 1.4.1-2 [27.6 kB]
Get:5 http://127.0.0.1:9999/debian unstable/main amd64 man-db amd64 2.7.6.1-2 [1044 kB]
Get:6 http://127.0.0.1:9999/debian unstable/main amd64 libexpat1 amd64 2.2.0-2 [83.3 kB]
Get:7 http://127.0.0.1:9999/debian unstable/main amd64 libpng16-16 amd64 1.6.28-1 [280 kB]
Get:8 http://127.0.0.1:9999/debian unstable/main amd64 libfreetype6 amd64 2.6.3-3+b2 [437 kB]
Get:9 http://127.0.0.1:9999/debian unstable/main amd64 ucf all 3.0036 [70.2 kB]
Get:10 http://127.0.0.1:9999/debian unstable/main amd64 fonts-dejavu-core all 2.37-1 [1068 kB]
Get:11 http://127.0.0.1:9999/debian unstable/main amd64 fontconfig-config all 2.11.0-6.7 [271 kB]
Get:12 http://127.0.0.1:9999/debian unstable/main amd64 libfontconfig1 amd64 2.11.0-6.7+b1 [331 kB]
Get:13 http://127.0.0.1:9999/debian unstable/main amd64 fontconfig amd64 2.11.0-6.7+b1 [404 kB]
Get:14 http://127.0.0.1:9999/debian unstable/main amd64 lsb-base all 9.20161125 [27.9 kB]
Get:15 http://127.0.0.1:9999/debian unstable/main amd64 x11-common all 1:7.7+18 [251 kB]
Get:16 http://127.0.0.1:9999/debian unstable/main amd64 libice6 amd64 2:1.0.9-1+b1 [58.8 kB]
Get:17 http://127.0.0.1:9999/debian unstable/main amd64 libmad0 amd64 0.15.1b-8 [78.4 kB]
Get:18 http://127.0.0.1:9999/debian unstable/main amd64 libogg0 amd64 1.3.2-1 [19.9 kB]
Get:19 http://127.0.0.1:9999/debian unstable/main amd64 libdrm2 amd64 2.4.74-1 [36.2 kB]
Get:20 http://127.0.0.1:9999/debian unstable/main amd64 libglapi-mesa amd64 13.0.5-1 [58.5 kB]
Get:21 http://127.0.0.1:9999/debian unstable/main amd64 libxau6 amd64 1:1.0.8-1 [20.7 kB]
Get:22 http://127.0.0.1:9999/debian unstable/main amd64 libxdmcp6 amd64 1:1.1.2-1.1 [26.2 kB]
Get:23 http://127.0.0.1:9999/debian unstable/main amd64 libxcb1 amd64 1.12-1 [133 kB]
Get:24 http://127.0.0.1:9999/debian unstable/main amd64 libx11-data all 2:1.6.4-3 [290 kB]
Get:25 http://127.0.0.1:9999/debian unstable/main amd64 libx11-6 amd64 2:1.6.4-3 [747 kB]
Get:26 http://127.0.0.1:9999/debian unstable/main amd64 libx11-xcb1 amd64 2:1.6.4-3 [183 kB]
Get:27 http://127.0.0.1:9999/debian unstable/main amd64 libxcb-dri2-0 amd64 1.12-1 [97.2 kB]
Get:28 http://127.0.0.1:9999/debian unstable/main amd64 libxcb-dri3-0 amd64 1.12-1 [95.6 kB]
Get:29 http://127.0.0.1:9999/debian unstable/main amd64 libxcb-glx0 amd64 1.12-1 [113 kB]
Get:30 http://127.0.0.1:9999/debian unstable/main amd64 libxcb-present0 amd64 1.12-1 [95.8 kB]
Get:31 http://127.0.0.1:9999/debian unstable/main amd64 libxcb-sync1 amd64 1.12-1 [99.2 kB]
Get:32 http://127.0.0.1:9999/debian unstable/main amd64 libxfixes3 amd64 1:5.0.3-1 [21.9 kB]
Get:33 http://127.0.0.1:9999/debian unstable/main amd64 libxdamage1 amd64 1:1.1.4-2+b1 [14.7 kB]
Get:34 http://127.0.0.1:9999/debian unstable/main amd64 libxext6 amd64 2:1.3.3-1 [52.7 kB]
Get:35 http://127.0.0.1:9999/debian unstable/main amd64 libxshmfence1 amd64 1.2-1 [7836 B]
Get:36 http://127.0.0.1:9999/debian unstable/main amd64 libxxf86vm1 amd64 1:1.1.4-1 [20.9 kB]
Get:37 http://127.0.0.1:9999/debian unstable/main amd64 libgl1-mesa-glx amd64 13.0.5-1 [166 kB]
Get:38 http://127.0.0.1:9999/debian unstable/main amd64 libglib2.0-0 amd64 2.50.3-1 [2691 kB]
Get:39 http://127.0.0.1:9999/debian unstable/main amd64 libcap2 amd64 1:2.25-1 [16.8 kB]
Get:40 http://127.0.0.1:9999/debian unstable/main amd64 libcap2-bin amd64 1:2.25-1 [26.5 kB]
Get:41 http://127.0.0.1:9999/debian unstable/main amd64 libgstreamer1.0-0 amd64 1.10.4-1 [1962 kB]
Get:42 http://127.0.0.1:9999/debian unstable/main amd64 liborc-0.4-0 amd64 1:0.4.26-2 [140 kB]
Get:43 http://127.0.0.1:9999/debian unstable/main amd64 iso-codes all 3.74-1 [2330 kB]
Get:44 http://127.0.0.1:9999/debian unstable/main amd64 libgstreamer-plugins-base1.0-0 amd64 1.10.4-1 [1646 kB]
Get:45 http://127.0.0.1:9999/debian unstable/main amd64 libicu57 amd64 57.1-5 [7700 kB]
Get:46 http://127.0.0.1:9999/debian unstable/main amd64 libjpeg62-turbo amd64 1:1.5.1-2 [134 kB]
Get:47 http://127.0.0.1:9999/debian unstable/main amd64 libdouble-conversion1 amd64 2.0.1-4 [33.7 kB]
Get:48 http://127.0.0.1:9999/debian unstable/main amd64 libpcre16-3 amd64 2:8.39-2.1 [258 kB]
Get:49 http://127.0.0.1:9999/debian unstable/main amd64 libqt5core5a amd64 5.7.1+dfsg-3+b1 [1836 kB]
Get:50 http://127.0.0.1:9999/debian unstable/main amd64 libwayland-client0 amd64 1.12.0-1 [24.8 kB]
Get:51 http://127.0.0.1:9999/debian unstable/main amd64 libwayland-server0 amd64 1.12.0-1 [30.4 kB]
Get:52 http://127.0.0.1:9999/debian unstable/main amd64 libgbm1 amd64 13.0.5-1 [59.0 kB]
Get:53 http://127.0.0.1:9999/debian unstable/main amd64 libxcb-xfixes0 amd64 1.12-1 [99.6 kB]
Get:54 http://127.0.0.1:9999/debian unstable/main amd64 libegl1-mesa amd64 13.0.5-1 [112 kB]
Get:55 http://127.0.0.1:9999/debian unstable/main amd64 libgraphite2-3 amd64 1.3.9-4 [83.8 kB]
Get:56 http://127.0.0.1:9999/debian unstable/main amd64 libharfbuzz0b amd64 1.4.2-1 [671 kB]
Get:57 http://127.0.0.1:9999/debian unstable/main amd64 libevdev2 amd64 1.5.6+dfsg-1 [30.0 kB]
Get:58 http://127.0.0.1:9999/debian unstable/main amd64 libmtdev1 amd64 1.1.5-1+b1 [22.3 kB]
Get:59 http://127.0.0.1:9999/debian unstable/main amd64 libgudev-1.0-0 amd64 230-3 [12.9 kB]
Get:60 http://127.0.0.1:9999/debian unstable/main amd64 libwacom-common all 0.22-1 [31.3 kB]
Get:61 http://127.0.0.1:9999/debian unstable/main amd64 libwacom2 amd64 0.22-1+b1 [18.0 kB]
Get:62 http://127.0.0.1:9999/debian unstable/main amd64 libinput-bin amd64 1.6.2-1 [11.1 kB]
Get:63 http://127.0.0.1:9999/debian unstable/main amd64 libinput10 amd64 1.6.2-1 [75.7 kB]
Get:64 http://127.0.0.1:9999/debian unstable/main amd64 libdbus-1-3 amd64 1.10.16-1 [192 kB]
Get:65 http://127.0.0.1:9999/debian unstable/main amd64 libqt5dbus5 amd64 5.7.1+dfsg-3+b1 [217 kB]
Get:66 http://127.0.0.1:9999/debian unstable/main amd64 libssl1.0.2 amd64 1.0.2k-1 [1294 kB]
Get:67 http://127.0.0.1:9999/debian unstable/main amd64 libproxy1v5 amd64 0.4.14-2 [57.4 kB]
Get:68 http://127.0.0.1:9999/debian unstable/main amd64 libqt5network5 amd64 5.7.1+dfsg-3+b1 [594 kB]
Get:69 http://127.0.0.1:9999/debian unstable/main amd64 libsm6 amd64 2:1.2.2-1+b1 [33.6 kB]
Get:70 http://127.0.0.1:9999/debian unstable/main amd64 libxcb-icccm4 amd64 0.4.1-1 [27.0 kB]
Get:71 http://127.0.0.1:9999/debian unstable/main amd64 libxcb-shm0 amd64 1.12-1 [95.9 kB]
Get:72 http://127.0.0.1:9999/debian unstable/main amd64 libxcb-util0 amd64 0.3.8-3 [22.9 kB]
Get:73 http://127.0.0.1:9999/debian unstable/main amd64 libxcb-image0 amd64 0.4.0-1 [24.3 kB]
Get:74 http://127.0.0.1:9999/debian unstable/main amd64 libxcb-keysyms1 amd64 0.4.0-1 [16.3 kB]
Get:75 http://127.0.0.1:9999/debian unstable/main amd64 libxcb-randr0 amd64 1.12-1 [107 kB]
Get:76 http://127.0.0.1:9999/debian unstable/main amd64 libxcb-render0 amd64 1.12-1 [105 kB]
Get:77 http://127.0.0.1:9999/debian unstable/main amd64 libxcb-render-util0 amd64 0.3.9-1 [18.0 kB]
Get:78 http://127.0.0.1:9999/debian unstable/main amd64 libxcb-shape0 amd64 1.12-1 [96.2 kB]
Get:79 http://127.0.0.1:9999/debian unstable/main amd64 libxcb-xinerama0 amd64 1.12-1 [95.5 kB]
Get:80 http://127.0.0.1:9999/debian unstable/main amd64 libxcb-xkb1 amd64 1.12-1 [120 kB]
Get:81 http://127.0.0.1:9999/debian unstable/main amd64 libxi6 amd64 2:1.7.9-1 [82.6 kB]
Get:82 http://127.0.0.1:9999/debian unstable/main amd64 xkb-data all 2.19-1 [648 kB]
Get:83 http://127.0.0.1:9999/debian unstable/main amd64 libxkbcommon0 amd64 0.7.1-1 [122 kB]
Get:84 http://127.0.0.1:9999/debian unstable/main amd64 libxkbcommon-x11-0 amd64 0.7.1-1 [39.0 kB]
Get:85 http://127.0.0.1:9999/debian unstable/main amd64 libqt5gui5 amd64 5.7.1+dfsg-3+b1 [2450 kB]
Get:86 http://127.0.0.1:9999/debian unstable/main amd64 libqt5widgets5 amd64 5.7.1+dfsg-3+b1 [2244 kB]
Get:87 http://127.0.0.1:9999/debian unstable/main amd64 libqt5opengl5 amd64 5.7.1+dfsg-3+b1 [154 kB]
Get:88 http://127.0.0.1:9999/debian unstable/main amd64 libavahi-common-data amd64 0.6.32-2 [118 kB]
Get:89 http://127.0.0.1:9999/debian unstable/main amd64 libavahi-common3 amd64 0.6.32-2 [52.0 kB]
Get:90 http://127.0.0.1:9999/debian unstable/main amd64 libavahi-client3 amd64 0.6.32-2 [55.3 kB]
Get:91 http://127.0.0.1:9999/debian unstable/main amd64 libnettle6 amd64 3.3-1+b1 [191 kB]
Get:92 http://127.0.0.1:9999/debian unstable/main amd64 libhogweed4 amd64 3.3-1+b1 [136 kB]
Get:93 http://127.0.0.1:9999/debian unstable/main amd64 libidn11 amd64 1.33-1 [115 kB]
Get:94 http://127.0.0.1:9999/debian unstable/main amd64 libp11-kit0 amd64 0.23.3-5 [112 kB]
Get:95 http://127.0.0.1:9999/debian unstable/main amd64 libtasn1-6 amd64 4.10-1 [50.3 kB]
Get:96 http://127.0.0.1:9999/debian unstable/main amd64 libgnutls30 amd64 3.5.8-3 [894 kB]
Get:97 http://127.0.0.1:9999/debian unstable/main amd64 libkeyutils1 amd64 1.5.9-9 [12.4 kB]
Get:98 http://127.0.0.1:9999/debian unstable/main amd64 libkrb5support0 amd64 1.15-1 [61.7 kB]
Get:99 http://127.0.0.1:9999/debian unstable/main amd64 libk5crypto3 amd64 1.15-1 [119 kB]
Get:100 http://127.0.0.1:9999/debian unstable/main amd64 libkrb5-3 amd64 1.15-1 [311 kB]
Get:101 http://127.0.0.1:9999/debian unstable/main amd64 libgssapi-krb5-2 amd64 1.15-1 [154 kB]
Get:102 http://127.0.0.1:9999/debian unstable/main amd64 libcups2 amd64 2.2.1-8 [306 kB]
Get:103 http://127.0.0.1:9999/debian unstable/main amd64 libqt5printsupport5 amd64 5.7.1+dfsg-3+b1 [198 kB]
Get:104 http://127.0.0.1:9999/debian unstable/main amd64 libqt5qml5 amd64 5.7.1-2 [1215 kB]
Get:105 http://127.0.0.1:9999/debian unstable/main amd64 libqt5quick5 amd64 5.7.1-2 [1094 kB]
Get:106 http://127.0.0.1:9999/debian unstable/main amd64 libqt5sql5 amd64 5.7.1+dfsg-3+b1 [136 kB]
Get:107 http://127.0.0.1:9999/debian unstable/main amd64 libsqlite3-0 amd64 3.16.2-3 [572 kB]
Get:108 http://127.0.0.1:9999/debian unstable/main amd64 libwebp6 amd64 0.5.2-1 [235 kB]
Get:109 http://127.0.0.1:9999/debian unstable/main amd64 libxcomposite1 amd64 1:0.4.4-2 [16.5 kB]
Get:110 http://127.0.0.1:9999/debian unstable/main amd64 libxml2 amd64 2.9.4+dfsg1-2.2 [919 kB]
Get:111 http://127.0.0.1:9999/debian unstable/main amd64 libxrender1 amd64 1:0.9.10-1 [33.0 kB]
Get:112 http://127.0.0.1:9999/debian unstable/main amd64 libxslt1.1 amd64 1.1.29-2 [233 kB]
Get:113 http://127.0.0.1:9999/debian unstable/main amd64 libqt5webkit5 amd64 5.7.1+dfsg-1 [9176 kB]
Get:114 http://127.0.0.1:9999/debian unstable/main amd64 libmagic-mgc amd64 1:5.29-3 [221 kB]
Get:115 http://127.0.0.1:9999/debian unstable/main amd64 libmagic1 amd64 1:5.29-3 [110 kB]
Get:116 http://127.0.0.1:9999/debian unstable/main amd64 file amd64 1:5.29-3 [63.7 kB]
Get:117 http://127.0.0.1:9999/debian unstable/main amd64 gettext-base amd64 0.19.8.1-2 [121 kB]
Get:118 http://127.0.0.1:9999/debian unstable/main amd64 libsigsegv2 amd64 2.10-5 [28.9 kB]
Get:119 http://127.0.0.1:9999/debian unstable/main amd64 m4 amd64 1.4.18-1 [202 kB]
Get:120 http://127.0.0.1:9999/debian unstable/main amd64 autoconf all 2.69-10 [338 kB]
Get:121 http://127.0.0.1:9999/debian unstable/main amd64 autotools-dev all 20161112.1 [73.4 kB]
Get:122 http://127.0.0.1:9999/debian unstable/main amd64 automake all 1:1.15-6 [733 kB]
Get:123 http://127.0.0.1:9999/debian unstable/main amd64 autopoint all 0.19.8.1-2 [433 kB]
Get:124 http://127.0.0.1:9999/debian unstable/main amd64 libtool all 2.4.6-2 [545 kB]
Get:125 http://127.0.0.1:9999/debian unstable/main amd64 dh-autoreconf all 13 [15.8 kB]
Get:126 http://127.0.0.1:9999/debian unstable/main amd64 libarchive-zip-perl all 1.59-1 [95.5 kB]
Get:127 http://127.0.0.1:9999/debian unstable/main amd64 libfile-stripnondeterminism-perl all 0.031-1 [15.7 kB]
Get:128 http://127.0.0.1:9999/debian unstable/main amd64 libtimedate-perl all 2.3000-2 [42.2 kB]
Get:129 http://127.0.0.1:9999/debian unstable/main amd64 dh-strip-nondeterminism all 0.031-1 [9736 B]
Get:130 http://127.0.0.1:9999/debian unstable/main amd64 libcroco3 amd64 0.6.11-2 [143 kB]
Get:131 http://127.0.0.1:9999/debian unstable/main amd64 libunistring0 amd64 0.9.6+really0.9.3-0.1 [279 kB]
Get:132 http://127.0.0.1:9999/debian unstable/main amd64 gettext amd64 0.19.8.1-2 [1495 kB]
Get:133 http://127.0.0.1:9999/debian unstable/main amd64 intltool-debian all 0.35.0+20060710.4 [26.3 kB]
Get:134 http://127.0.0.1:9999/debian unstable/main amd64 po-debconf all 1.0.20 [247 kB]
Get:135 http://127.0.0.1:9999/debian unstable/main amd64 debhelper all 10.2.5 [961 kB]
Get:136 http://127.0.0.1:9999/debian unstable/main amd64 liba52-0.7.4 amd64 0.7.4-19 [38.1 kB]
Get:137 http://127.0.0.1:9999/debian unstable/main amd64 liba52-0.7.4-dev amd64 0.7.4-19 [53.7 kB]
Get:138 http://127.0.0.1:9999/debian unstable/main amd64 libao-common amd64 1.2.2-1 [11.3 kB]
Get:139 http://127.0.0.1:9999/debian unstable/main amd64 libao4 amd64 1.2.2-1 [41.0 kB]
Get:140 http://127.0.0.1:9999/debian unstable/main amd64 libao-dev amd64 1.2.2-1 [28.6 kB]
Get:141 http://127.0.0.1:9999/debian unstable/main amd64 libva1 amd64 1.7.3-2 [52.1 kB]
Get:142 http://127.0.0.1:9999/debian unstable/main amd64 libva-drm1 amd64 1.7.3-2 [15.0 kB]
Get:143 http://127.0.0.1:9999/debian unstable/main amd64 libva-x11-1 amd64 1.7.3-2 [19.5 kB]
Get:144 http://127.0.0.1:9999/debian unstable/main amd64 libvdpau1 amd64 1.1.1-6 [41.2 kB]
Get:145 http://127.0.0.1:9999/debian unstable/main amd64 libavutil55 amd64 7:3.2.4-1 [208 kB]
Get:146 http://127.0.0.1:9999/debian unstable/main amd64 libcrystalhd3 amd64 1:0.0~git20110715.fdd2f19-11+b1 [45.8 kB]
Get:147 http://127.0.0.1:9999/debian unstable/main amd64 libgsm1 amd64 1.0.13-4+b2 [24.3 kB]
Get:148 http://127.0.0.1:9999/debian unstable/main amd64 libmp3lame0 amd64 3.99.5+repack1-9+b2 [354 kB]
Get:149 http://127.0.0.1:9999/debian unstable/main amd64 libopenjp2-7 amd64 2.1.2-1.1 [121 kB]
Get:150 http://127.0.0.1:9999/debian unstable/main amd64 libopus0 amd64 1.2~alpha2-1 [171 kB]
Get:151 http://127.0.0.1:9999/debian unstable/main amd64 libshine3 amd64 3.1.0-5 [26.2 kB]
Get:152 http://127.0.0.1:9999/debian unstable/main amd64 libsnappy1v5 amd64 1.1.4-1 [51.2 kB]
Get:153 http://127.0.0.1:9999/debian unstable/main amd64 libspeex1 amd64 1.2~rc1.2-1+b2 [54.8 kB]
Get:154 http://127.0.0.1:9999/debian unstable/main amd64 libsoxr0 amd64 0.1.2-2 [64.7 kB]
Get:155 http://127.0.0.1:9999/debian unstable/main amd64 libswresample2 amd64 7:3.2.4-1 [87.3 kB]
Get:156 http://127.0.0.1:9999/debian unstable/main amd64 libpixman-1-0 amd64 0.34.0-1 [530 kB]
Get:157 http://127.0.0.1:9999/debian unstable/main amd64 libcairo2 amd64 1.14.8-1 [771 kB]
Get:158 http://127.0.0.1:9999/debian unstable/main amd64 libtheora0 amd64 1.1.1+dfsg.1-14+b1 [177 kB]
Get:159 http://127.0.0.1:9999/debian unstable/main amd64 libtwolame0 amd64 0.3.13-2 [48.8 kB]
Get:160 http://127.0.0.1:9999/debian unstable/main amd64 libvorbis0a amd64 1.3.5-4 [91.6 kB]
Get:161 http://127.0.0.1:9999/debian unstable/main amd64 libvorbisenc2 amd64 1.3.5-4 [79.0 kB]
Get:162 http://127.0.0.1:9999/debian unstable/main amd64 libvpx4 amd64 1.6.1-2 [775 kB]
Get:163 http://127.0.0.1:9999/debian unstable/main amd64 libwavpack1 amd64 5.0.0-2 [85.7 kB]
Get:164 http://127.0.0.1:9999/debian unstable/main amd64 libwebpmux2 amd64 0.5.2-1 [83.9 kB]
Get:165 http://127.0.0.1:9999/debian unstable/main amd64 libx264-148 amd64 2:0.148.2748+git97eaef2-1 [611 kB]
Get:166 http://127.0.0.1:9999/debian unstable/main amd64 libnuma1 amd64 2.0.11-2.1 [33.3 kB]
Get:167 http://127.0.0.1:9999/debian unstable/main amd64 libx265-95 amd64 2.1-2+b2 [986 kB]
Get:168 http://127.0.0.1:9999/debian unstable/main amd64 libxvidcore4 amd64 2:1.3.4-1 [246 kB]
Get:169 http://127.0.0.1:9999/debian unstable/main amd64 libzvbi-common all 0.2.35-13 [63.7 kB]
Get:170 http://127.0.0.1:9999/debian unstable/main amd64 libzvbi0 amd64 0.2.35-13 [268 kB]
Get:171 http://127.0.0.1:9999/debian unstable/main amd64 libavcodec57 amd64 7:3.2.4-1 [4431 kB]
Get:172 http://127.0.0.1:9999/debian unstable/main amd64 libavutil-dev amd64 7:3.2.4-1 [324 kB]
Get:173 http://127.0.0.1:9999/debian unstable/main amd64 libswresample-dev amd64 7:3.2.4-1 [103 kB]
Get:174 http://127.0.0.1:9999/debian unstable/main amd64 libavcodec-dev amd64 7:3.2.4-1 [4919 kB]
Get:175 http://127.0.0.1:9999/debian unstable/main amd64 libbluray1 amd64 1:0.9.3-3 [137 kB]
Get:176 http://127.0.0.1:9999/debian unstable/main amd64 libchromaprint1 amd64 1.4.2-1 [39.9 kB]
Get:177 http://127.0.0.1:9999/debian unstable/main amd64 libgme0 amd64 0.6.1-1 [127 kB]
Get:178 http://127.0.0.1:9999/debian unstable/main amd64 libmpg123-0 amd64 1.23.8-1+b1 [137 kB]
Get:179 http://127.0.0.1:9999/debian unstable/main amd64 libvorbisfile3 amd64 1.3.5-4 [24.3 kB]
Get:180 http://127.0.0.1:9999/debian unstable/main amd64 libopenmpt0 amd64 0.2.7386~beta20.3-3 [480 kB]
Get:181 http://127.0.0.1:9999/debian unstable/main amd64 libssh-gcrypt-4 amd64 0.7.3-2 [170 kB]
Get:182 http://127.0.0.1:9999/debian unstable/main amd64 libavformat57 amd64 7:3.2.4-1 [925 kB]
Get:183 http://127.0.0.1:9999/debian unstable/main amd64 libavformat-dev amd64 7:3.2.4-1 [1116 kB]
Get:184 http://127.0.0.1:9999/debian unstable/main amd64 libdrm-amdgpu1 amd64 2.4.74-1 [26.4 kB]
Get:185 http://127.0.0.1:9999/debian unstable/main amd64 libpciaccess0 amd64 0.13.4-1 [49.8 kB]
Get:186 http://127.0.0.1:9999/debian unstable/main amd64 libdrm-intel1 amd64 2.4.74-1 [68.7 kB]
Get:187 http://127.0.0.1:9999/debian unstable/main amd64 libdrm-radeon1 amd64 2.4.74-1 [30.2 kB]
Get:188 http://127.0.0.1:9999/debian unstable/main amd64 libdrm-nouveau2 amd64 2.4.74-1 [25.1 kB]
Get:189 http://127.0.0.1:9999/debian unstable/main amd64 libdrm-dev amd64 2.4.74-1 [232 kB]
Get:190 http://127.0.0.1:9999/debian unstable/main amd64 xorg-sgml-doctools all 1:1.11-1 [21.9 kB]
Get:191 http://127.0.0.1:9999/debian unstable/main amd64 x11proto-core-dev all 7.0.31-1 [728 kB]
Get:192 http://127.0.0.1:9999/debian unstable/main amd64 libxau-dev amd64 1:1.0.8-1 [23.6 kB]
Get:193 http://127.0.0.1:9999/debian unstable/main amd64 libxdmcp-dev amd64 1:1.1.2-1.1 [42.0 kB]
Get:194 http://127.0.0.1:9999/debian unstable/main amd64 x11proto-input-dev all 2.3.2-1 [158 kB]
Get:195 http://127.0.0.1:9999/debian unstable/main amd64 x11proto-kb-dev all 1.0.7-1 [233 kB]
Get:196 http://127.0.0.1:9999/debian unstable/main amd64 xtrans-dev all 1.3.5-1 [100 kB]
Get:197 http://127.0.0.1:9999/debian unstable/main amd64 libpthread-stubs0-dev amd64 0.3-4 [3866 B]
Get:198 http://127.0.0.1:9999/debian unstable/main amd64 libxcb1-dev amd64 1.12-1 [169 kB]
Get:199 http://127.0.0.1:9999/debian unstable/main amd64 libx11-dev amd64 2:1.6.4-3 [815 kB]
Get:200 http://127.0.0.1:9999/debian unstable/main amd64 mesa-common-dev amd64 13.0.5-1 [514 kB]
Get:201 http://127.0.0.1:9999/debian unstable/main amd64 libx11-xcb-dev amd64 2:1.6.4-3 [185 kB]
Get:202 http://127.0.0.1:9999/debian unstable/main amd64 libxcb-dri3-dev amd64 1.12-1 [96.1 kB]
Get:203 http://127.0.0.1:9999/debian unstable/main amd64 libxcb-render0-dev amd64 1.12-1 [109 kB]
Get:204 http://127.0.0.1:9999/debian unstable/main amd64 libxcb-randr0-dev amd64 1.12-1 [110 kB]
Get:205 http://127.0.0.1:9999/debian unstable/main amd64 libxcb-shape0-dev amd64 1.12-1 [97.4 kB]
Get:206 http://127.0.0.1:9999/debian unstable/main amd64 libxcb-xfixes0-dev amd64 1.12-1 [102 kB]
Get:207 http://127.0.0.1:9999/debian unstable/main amd64 libxcb-sync-dev amd64 1.12-1 [101 kB]
Get:208 http://127.0.0.1:9999/debian unstable/main amd64 libxcb-present-dev amd64 1.12-1 [97.2 kB]
Get:209 http://127.0.0.1:9999/debian unstable/main amd64 libxshmfence-dev amd64 1.2-1 [7242 B]
Get:210 http://127.0.0.1:9999/debian unstable/main amd64 libxcb-dri2-0-dev amd64 1.12-1 [98.8 kB]
Get:211 http://127.0.0.1:9999/debian unstable/main amd64 libxcb-glx0-dev amd64 1.12-1 [118 kB]
Get:212 http://127.0.0.1:9999/debian unstable/main amd64 x11proto-xext-dev all 7.3.0-1 [212 kB]
Get:213 http://127.0.0.1:9999/debian unstable/main amd64 x11proto-fixes-dev all 1:5.0-2 [19.2 kB]
Get:214 http://127.0.0.1:9999/debian unstable/main amd64 libxfixes-dev amd64 1:5.0.3-1 [23.8 kB]
Get:215 http://127.0.0.1:9999/debian unstable/main amd64 x11proto-damage-dev all 1:1.2.1-2 [11.8 kB]
Get:216 http://127.0.0.1:9999/debian unstable/main amd64 libxdamage-dev amd64 1:1.1.4-2+b1 [14.4 kB]
Get:217 http://127.0.0.1:9999/debian unstable/main amd64 libxext-dev amd64 2:1.3.3-1 [107 kB]
Get:218 http://127.0.0.1:9999/debian unstable/main amd64 x11proto-xf86vidmode-dev all 2.3.1-2 [6114 B]
Get:219 http://127.0.0.1:9999/debian unstable/main amd64 libxxf86vm-dev amd64 1:1.1.4-1 [25.4 kB]
Get:220 http://127.0.0.1:9999/debian unstable/main amd64 x11proto-dri2-dev all 2.8-2 [18.2 kB]
Get:221 http://127.0.0.1:9999/debian unstable/main amd64 x11proto-gl-dev all 1.4.17-1 [28.0 kB]
Get:222 http://127.0.0.1:9999/debian unstable/main amd64 libgl1-mesa-dev amd64 13.0.5-1 [41.2 kB]
Get:223 http://127.0.0.1:9999/debian unstable/main amd64 libglu1-mesa amd64 9.0.0-2.1 [168 kB]
Get:224 http://127.0.0.1:9999/debian unstable/main amd64 libglu1-mesa-dev amd64 9.0.0-2.1 [202 kB]
Get:225 http://127.0.0.1:9999/debian unstable/main amd64 libmad0-dev amd64 0.15.1b-8 [90.5 kB]
Get:226 http://127.0.0.1:9999/debian unstable/main amd64 libqt5clucene5 amd64 5.7.1-1 [271 kB]
Get:227 http://127.0.0.1:9999/debian unstable/main amd64 libqt5concurrent5 amd64 5.7.1+dfsg-3+b1 [52.6 kB]
Get:228 http://127.0.0.1:9999/debian unstable/main amd64 libqt5xml5 amd64 5.7.1+dfsg-3+b1 [120 kB]
Get:229 http://127.0.0.1:9999/debian unstable/main amd64 libqt5designer5 amd64 5.7.1-1 [2769 kB]
Get:230 http://127.0.0.1:9999/debian unstable/main amd64 libqt5designercomponents5 amd64 5.7.1-1 [694 kB]
Get:231 http://127.0.0.1:9999/debian unstable/main amd64 libqt5help5 amd64 5.7.1-1 [200 kB]
Get:232 http://127.0.0.1:9999/debian unstable/main amd64 libqt5quickwidgets5 amd64 5.7.1-2 [42.4 kB]
Get:233 http://127.0.0.1:9999/debian unstable/main amd64 libqt5test5 amd64 5.7.1+dfsg-3+b1 [120 kB]
Get:234 http://127.0.0.1:9999/debian unstable/main amd64 libswscale4 amd64 7:3.2.4-1 [182 kB]
Get:235 http://127.0.0.1:9999/debian unstable/main amd64 libswscale-dev amd64 7:3.2.4-1 [201 kB]
Get:236 http://127.0.0.1:9999/debian unstable/main amd64 pkg-config amd64 0.29-4 [62.5 kB]
Get:237 http://127.0.0.1:9999/debian unstable/main amd64 qtchooser amd64 63-g13a3d08-1 [25.2 kB]
Get:238 http://127.0.0.1:9999/debian unstable/main amd64 qt5-qmake amd64 5.7.1+dfsg-3+b1 [1193 kB]
Get:239 http://127.0.0.1:9999/debian unstable/main amd64 qtbase5-dev-tools amd64 5.7.1+dfsg-3+b1 [757 kB]
Get:240 http://127.0.0.1:9999/debian unstable/main amd64 qtbase5-dev amd64 5.7.1+dfsg-3+b1 [1061 kB]
Get:241 http://127.0.0.1:9999/debian unstable/main amd64 qttools5-dev-tools amd64 5.7.1-1 [2081 kB]
debconf: delaying package configuration, since apt-utils is not installed
Fetched 94.2 MB in 0s (98.1 MB/s)
Selecting previously unselected package groff-base.
(Reading database ... 10086 files and directories currently installed.)
Preparing to unpack .../000-groff-base_1.22.3-9_amd64.deb ...
Unpacking groff-base (1.22.3-9) ...
Selecting previously unselected package bsdmainutils.
Preparing to unpack .../001-bsdmainutils_9.0.12_amd64.deb ...
Unpacking bsdmainutils (9.0.12) ...
Selecting previously unselected package libpipeline1:amd64.
Preparing to unpack .../002-libpipeline1_1.4.1-2_amd64.deb ...
Unpacking libpipeline1:amd64 (1.4.1-2) ...
Selecting previously unselected package man-db.
Preparing to unpack .../003-man-db_2.7.6.1-2_amd64.deb ...
Unpacking man-db (2.7.6.1-2) ...
Selecting previously unselected package libexpat1:amd64.
Preparing to unpack .../004-libexpat1_2.2.0-2_amd64.deb ...
Unpacking libexpat1:amd64 (2.2.0-2) ...
Selecting previously unselected package libpng16-16:amd64.
Preparing to unpack .../005-libpng16-16_1.6.28-1_amd64.deb ...
Unpacking libpng16-16:amd64 (1.6.28-1) ...
Selecting previously unselected package libfreetype6:amd64.
Preparing to unpack .../006-libfreetype6_2.6.3-3+b2_amd64.deb ...
Unpacking libfreetype6:amd64 (2.6.3-3+b2) ...
Selecting previously unselected package ucf.
Preparing to unpack .../007-ucf_3.0036_all.deb ...
Moving old data out of the way
Unpacking ucf (3.0036) ...
Selecting previously unselected package fonts-dejavu-core.
Preparing to unpack .../008-fonts-dejavu-core_2.37-1_all.deb ...
Unpacking fonts-dejavu-core (2.37-1) ...
Selecting previously unselected package fontconfig-config.
Preparing to unpack .../009-fontconfig-config_2.11.0-6.7_all.deb ...
Unpacking fontconfig-config (2.11.0-6.7) ...
Selecting previously unselected package libfontconfig1:amd64.
Preparing to unpack .../010-libfontconfig1_2.11.0-6.7+b1_amd64.deb ...
Unpacking libfontconfig1:amd64 (2.11.0-6.7+b1) ...
Selecting previously unselected package fontconfig.
Preparing to unpack .../011-fontconfig_2.11.0-6.7+b1_amd64.deb ...
Unpacking fontconfig (2.11.0-6.7+b1) ...
Selecting previously unselected package lsb-base.
Preparing to unpack .../012-lsb-base_9.20161125_all.deb ...
Unpacking lsb-base (9.20161125) ...
Selecting previously unselected package x11-common.
Preparing to unpack .../013-x11-common_1%3a7.7+18_all.deb ...
Unpacking x11-common (1:7.7+18) ...
Selecting previously unselected package libice6:amd64.
Preparing to unpack .../014-libice6_2%3a1.0.9-1+b1_amd64.deb ...
Unpacking libice6:amd64 (2:1.0.9-1+b1) ...
Selecting previously unselected package libmad0:amd64.
Preparing to unpack .../015-libmad0_0.15.1b-8_amd64.deb ...
Unpacking libmad0:amd64 (0.15.1b-8) ...
Selecting previously unselected package libogg0:amd64.
Preparing to unpack .../016-libogg0_1.3.2-1_amd64.deb ...
Unpacking libogg0:amd64 (1.3.2-1) ...
Selecting previously unselected package libdrm2:amd64.
Preparing to unpack .../017-libdrm2_2.4.74-1_amd64.deb ...
Unpacking libdrm2:amd64 (2.4.74-1) ...
Selecting previously unselected package libglapi-mesa:amd64.
Preparing to unpack .../018-libglapi-mesa_13.0.5-1_amd64.deb ...
Unpacking libglapi-mesa:amd64 (13.0.5-1) ...
Selecting previously unselected package libxau6:amd64.
Preparing to unpack .../019-libxau6_1%3a1.0.8-1_amd64.deb ...
Unpacking libxau6:amd64 (1:1.0.8-1) ...
Selecting previously unselected package libxdmcp6:amd64.
Preparing to unpack .../020-libxdmcp6_1%3a1.1.2-1.1_amd64.deb ...
Unpacking libxdmcp6:amd64 (1:1.1.2-1.1) ...
Selecting previously unselected package libxcb1:amd64.
Preparing to unpack .../021-libxcb1_1.12-1_amd64.deb ...
Unpacking libxcb1:amd64 (1.12-1) ...
Selecting previously unselected package libx11-data.
Preparing to unpack .../022-libx11-data_2%3a1.6.4-3_all.deb ...
Unpacking libx11-data (2:1.6.4-3) ...
Selecting previously unselected package libx11-6:amd64.
Preparing to unpack .../023-libx11-6_2%3a1.6.4-3_amd64.deb ...
Unpacking libx11-6:amd64 (2:1.6.4-3) ...
Selecting previously unselected package libx11-xcb1:amd64.
Preparing to unpack .../024-libx11-xcb1_2%3a1.6.4-3_amd64.deb ...
Unpacking libx11-xcb1:amd64 (2:1.6.4-3) ...
Selecting previously unselected package libxcb-dri2-0:amd64.
Preparing to unpack .../025-libxcb-dri2-0_1.12-1_amd64.deb ...
Unpacking libxcb-dri2-0:amd64 (1.12-1) ...
Selecting previously unselected package libxcb-dri3-0:amd64.
Preparing to unpack .../026-libxcb-dri3-0_1.12-1_amd64.deb ...
Unpacking libxcb-dri3-0:amd64 (1.12-1) ...
Selecting previously unselected package libxcb-glx0:amd64.
Preparing to unpack .../027-libxcb-glx0_1.12-1_amd64.deb ...
Unpacking libxcb-glx0:amd64 (1.12-1) ...
Selecting previously unselected package libxcb-present0:amd64.
Preparing to unpack .../028-libxcb-present0_1.12-1_amd64.deb ...
Unpacking libxcb-present0:amd64 (1.12-1) ...
Selecting previously unselected package libxcb-sync1:amd64.
Preparing to unpack .../029-libxcb-sync1_1.12-1_amd64.deb ...
Unpacking libxcb-sync1:amd64 (1.12-1) ...
Selecting previously unselected package libxfixes3:amd64.
Preparing to unpack .../030-libxfixes3_1%3a5.0.3-1_amd64.deb ...
Unpacking libxfixes3:amd64 (1:5.0.3-1) ...
Selecting previously unselected package libxdamage1:amd64.
Preparing to unpack .../031-libxdamage1_1%3a1.1.4-2+b1_amd64.deb ...
Unpacking libxdamage1:amd64 (1:1.1.4-2+b1) ...
Selecting previously unselected package libxext6:amd64.
Preparing to unpack .../032-libxext6_2%3a1.3.3-1_amd64.deb ...
Unpacking libxext6:amd64 (2:1.3.3-1) ...
Selecting previously unselected package libxshmfence1:amd64.
Preparing to unpack .../033-libxshmfence1_1.2-1_amd64.deb ...
Unpacking libxshmfence1:amd64 (1.2-1) ...
Selecting previously unselected package libxxf86vm1:amd64.
Preparing to unpack .../034-libxxf86vm1_1%3a1.1.4-1_amd64.deb ...
Unpacking libxxf86vm1:amd64 (1:1.1.4-1) ...
Selecting previously unselected package libgl1-mesa-glx:amd64.
Preparing to unpack .../035-libgl1-mesa-glx_13.0.5-1_amd64.deb ...
Unpacking libgl1-mesa-glx:amd64 (13.0.5-1) ...
Selecting previously unselected package libglib2.0-0:amd64.
Preparing to unpack .../036-libglib2.0-0_2.50.3-1_amd64.deb ...
Unpacking libglib2.0-0:amd64 (2.50.3-1) ...
Selecting previously unselected package libcap2:amd64.
Preparing to unpack .../037-libcap2_1%3a2.25-1_amd64.deb ...
Unpacking libcap2:amd64 (1:2.25-1) ...
Selecting previously unselected package libcap2-bin.
Preparing to unpack .../038-libcap2-bin_1%3a2.25-1_amd64.deb ...
Unpacking libcap2-bin (1:2.25-1) ...
Selecting previously unselected package libgstreamer1.0-0:amd64.
Preparing to unpack .../039-libgstreamer1.0-0_1.10.4-1_amd64.deb ...
Unpacking libgstreamer1.0-0:amd64 (1.10.4-1) ...
Selecting previously unselected package liborc-0.4-0:amd64.
Preparing to unpack .../040-liborc-0.4-0_1%3a0.4.26-2_amd64.deb ...
Unpacking liborc-0.4-0:amd64 (1:0.4.26-2) ...
Selecting previously unselected package iso-codes.
Preparing to unpack .../041-iso-codes_3.74-1_all.deb ...
Unpacking iso-codes (3.74-1) ...
Selecting previously unselected package libgstreamer-plugins-base1.0-0:amd64.
Preparing to unpack .../042-libgstreamer-plugins-base1.0-0_1.10.4-1_amd64.deb ...
Unpacking libgstreamer-plugins-base1.0-0:amd64 (1.10.4-1) ...
Selecting previously unselected package libicu57:amd64.
Preparing to unpack .../043-libicu57_57.1-5_amd64.deb ...
Unpacking libicu57:amd64 (57.1-5) ...
Selecting previously unselected package libjpeg62-turbo:amd64.
Preparing to unpack .../044-libjpeg62-turbo_1%3a1.5.1-2_amd64.deb ...
Unpacking libjpeg62-turbo:amd64 (1:1.5.1-2) ...
Selecting previously unselected package libdouble-conversion1:amd64.
Preparing to unpack .../045-libdouble-conversion1_2.0.1-4_amd64.deb ...
Unpacking libdouble-conversion1:amd64 (2.0.1-4) ...
Selecting previously unselected package libpcre16-3:amd64.
Preparing to unpack .../046-libpcre16-3_2%3a8.39-2.1_amd64.deb ...
Unpacking libpcre16-3:amd64 (2:8.39-2.1) ...
Selecting previously unselected package libqt5core5a:amd64.
Preparing to unpack .../047-libqt5core5a_5.7.1+dfsg-3+b1_amd64.deb ...
Unpacking libqt5core5a:amd64 (5.7.1+dfsg-3+b1) ...
Selecting previously unselected package libwayland-client0:amd64.
Preparing to unpack .../048-libwayland-client0_1.12.0-1_amd64.deb ...
Unpacking libwayland-client0:amd64 (1.12.0-1) ...
Selecting previously unselected package libwayland-server0:amd64.
Preparing to unpack .../049-libwayland-server0_1.12.0-1_amd64.deb ...
Unpacking libwayland-server0:amd64 (1.12.0-1) ...
Selecting previously unselected package libgbm1:amd64.
Preparing to unpack .../050-libgbm1_13.0.5-1_amd64.deb ...
Unpacking libgbm1:amd64 (13.0.5-1) ...
Selecting previously unselected package libxcb-xfixes0:amd64.
Preparing to unpack .../051-libxcb-xfixes0_1.12-1_amd64.deb ...
Unpacking libxcb-xfixes0:amd64 (1.12-1) ...
Selecting previously unselected package libegl1-mesa:amd64.
Preparing to unpack .../052-libegl1-mesa_13.0.5-1_amd64.deb ...
Unpacking libegl1-mesa:amd64 (13.0.5-1) ...
Selecting previously unselected package libgraphite2-3:amd64.
Preparing to unpack .../053-libgraphite2-3_1.3.9-4_amd64.deb ...
Unpacking libgraphite2-3:amd64 (1.3.9-4) ...
Selecting previously unselected package libharfbuzz0b:amd64.
Preparing to unpack .../054-libharfbuzz0b_1.4.2-1_amd64.deb ...
Unpacking libharfbuzz0b:amd64 (1.4.2-1) ...
Selecting previously unselected package libevdev2:amd64.
Preparing to unpack .../055-libevdev2_1.5.6+dfsg-1_amd64.deb ...
Unpacking libevdev2:amd64 (1.5.6+dfsg-1) ...
Selecting previously unselected package libmtdev1:amd64.
Preparing to unpack .../056-libmtdev1_1.1.5-1+b1_amd64.deb ...
Unpacking libmtdev1:amd64 (1.1.5-1+b1) ...
Selecting previously unselected package libgudev-1.0-0:amd64.
Preparing to unpack .../057-libgudev-1.0-0_230-3_amd64.deb ...
Unpacking libgudev-1.0-0:amd64 (230-3) ...
Selecting previously unselected package libwacom-common.
Preparing to unpack .../058-libwacom-common_0.22-1_all.deb ...
Unpacking libwacom-common (0.22-1) ...
Selecting previously unselected package libwacom2:amd64.
Preparing to unpack .../059-libwacom2_0.22-1+b1_amd64.deb ...
Unpacking libwacom2:amd64 (0.22-1+b1) ...
Selecting previously unselected package libinput-bin.
Preparing to unpack .../060-libinput-bin_1.6.2-1_amd64.deb ...
Unpacking libinput-bin (1.6.2-1) ...
Selecting previously unselected package libinput10:amd64.
Preparing to unpack .../061-libinput10_1.6.2-1_amd64.deb ...
Unpacking libinput10:amd64 (1.6.2-1) ...
Selecting previously unselected package libdbus-1-3:amd64.
Preparing to unpack .../062-libdbus-1-3_1.10.16-1_amd64.deb ...
Unpacking libdbus-1-3:amd64 (1.10.16-1) ...
Selecting previously unselected package libqt5dbus5:amd64.
Preparing to unpack .../063-libqt5dbus5_5.7.1+dfsg-3+b1_amd64.deb ...
Unpacking libqt5dbus5:amd64 (5.7.1+dfsg-3+b1) ...
Selecting previously unselected package libssl1.0.2:amd64.
Preparing to unpack .../064-libssl1.0.2_1.0.2k-1_amd64.deb ...
Unpacking libssl1.0.2:amd64 (1.0.2k-1) ...
Selecting previously unselected package libproxy1v5:amd64.
Preparing to unpack .../065-libproxy1v5_0.4.14-2_amd64.deb ...
Unpacking libproxy1v5:amd64 (0.4.14-2) ...
Selecting previously unselected package libqt5network5:amd64.
Preparing to unpack .../066-libqt5network5_5.7.1+dfsg-3+b1_amd64.deb ...
Unpacking libqt5network5:amd64 (5.7.1+dfsg-3+b1) ...
Selecting previously unselected package libsm6:amd64.
Preparing to unpack .../067-libsm6_2%3a1.2.2-1+b1_amd64.deb ...
Unpacking libsm6:amd64 (2:1.2.2-1+b1) ...
Selecting previously unselected package libxcb-icccm4:amd64.
Preparing to unpack .../068-libxcb-icccm4_0.4.1-1_amd64.deb ...
Unpacking libxcb-icccm4:amd64 (0.4.1-1) ...
Selecting previously unselected package libxcb-shm0:amd64.
Preparing to unpack .../069-libxcb-shm0_1.12-1_amd64.deb ...
Unpacking libxcb-shm0:amd64 (1.12-1) ...
Selecting previously unselected package libxcb-util0:amd64.
Preparing to unpack .../070-libxcb-util0_0.3.8-3_amd64.deb ...
Unpacking libxcb-util0:amd64 (0.3.8-3) ...
Selecting previously unselected package libxcb-image0:amd64.
Preparing to unpack .../071-libxcb-image0_0.4.0-1_amd64.deb ...
Unpacking libxcb-image0:amd64 (0.4.0-1) ...
Selecting previously unselected package libxcb-keysyms1:amd64.
Preparing to unpack .../072-libxcb-keysyms1_0.4.0-1_amd64.deb ...
Unpacking libxcb-keysyms1:amd64 (0.4.0-1) ...
Selecting previously unselected package libxcb-randr0:amd64.
Preparing to unpack .../073-libxcb-randr0_1.12-1_amd64.deb ...
Unpacking libxcb-randr0:amd64 (1.12-1) ...
Selecting previously unselected package libxcb-render0:amd64.
Preparing to unpack .../074-libxcb-render0_1.12-1_amd64.deb ...
Unpacking libxcb-render0:amd64 (1.12-1) ...
Selecting previously unselected package libxcb-render-util0:amd64.
Preparing to unpack .../075-libxcb-render-util0_0.3.9-1_amd64.deb ...
Unpacking libxcb-render-util0:amd64 (0.3.9-1) ...
Selecting previously unselected package libxcb-shape0:amd64.
Preparing to unpack .../076-libxcb-shape0_1.12-1_amd64.deb ...
Unpacking libxcb-shape0:amd64 (1.12-1) ...
Selecting previously unselected package libxcb-xinerama0:amd64.
Preparing to unpack .../077-libxcb-xinerama0_1.12-1_amd64.deb ...
Unpacking libxcb-xinerama0:amd64 (1.12-1) ...
Selecting previously unselected package libxcb-xkb1:amd64.
Preparing to unpack .../078-libxcb-xkb1_1.12-1_amd64.deb ...
Unpacking libxcb-xkb1:amd64 (1.12-1) ...
Selecting previously unselected package libxi6:amd64.
Preparing to unpack .../079-libxi6_2%3a1.7.9-1_amd64.deb ...
Unpacking libxi6:amd64 (2:1.7.9-1) ...
Selecting previously unselected package xkb-data.
Preparing to unpack .../080-xkb-data_2.19-1_all.deb ...
Unpacking xkb-data (2.19-1) ...
Selecting previously unselected package libxkbcommon0:amd64.
Preparing to unpack .../081-libxkbcommon0_0.7.1-1_amd64.deb ...
Unpacking libxkbcommon0:amd64 (0.7.1-1) ...
Selecting previously unselected package libxkbcommon-x11-0:amd64.
Preparing to unpack .../082-libxkbcommon-x11-0_0.7.1-1_amd64.deb ...
Unpacking libxkbcommon-x11-0:amd64 (0.7.1-1) ...
Selecting previously unselected package libqt5gui5:amd64.
Preparing to unpack .../083-libqt5gui5_5.7.1+dfsg-3+b1_amd64.deb ...
Unpacking libqt5gui5:amd64 (5.7.1+dfsg-3+b1) ...
Selecting previously unselected package libqt5widgets5:amd64.
Preparing to unpack .../084-libqt5widgets5_5.7.1+dfsg-3+b1_amd64.deb ...
Unpacking libqt5widgets5:amd64 (5.7.1+dfsg-3+b1) ...
Selecting previously unselected package libqt5opengl5:amd64.
Preparing to unpack .../085-libqt5opengl5_5.7.1+dfsg-3+b1_amd64.deb ...
Unpacking libqt5opengl5:amd64 (5.7.1+dfsg-3+b1) ...
Selecting previously unselected package libavahi-common-data:amd64.
Preparing to unpack .../086-libavahi-common-data_0.6.32-2_amd64.deb ...
Unpacking libavahi-common-data:amd64 (0.6.32-2) ...
Selecting previously unselected package libavahi-common3:amd64.
Preparing to unpack .../087-libavahi-common3_0.6.32-2_amd64.deb ...
Unpacking libavahi-common3:amd64 (0.6.32-2) ...
Selecting previously unselected package libavahi-client3:amd64.
Preparing to unpack .../088-libavahi-client3_0.6.32-2_amd64.deb ...
Unpacking libavahi-client3:amd64 (0.6.32-2) ...
Selecting previously unselected package libnettle6:amd64.
Preparing to unpack .../089-libnettle6_3.3-1+b1_amd64.deb ...
Unpacking libnettle6:amd64 (3.3-1+b1) ...
Selecting previously unselected package libhogweed4:amd64.
Preparing to unpack .../090-libhogweed4_3.3-1+b1_amd64.deb ...
Unpacking libhogweed4:amd64 (3.3-1+b1) ...
Selecting previously unselected package libidn11:amd64.
Preparing to unpack .../091-libidn11_1.33-1_amd64.deb ...
Unpacking libidn11:amd64 (1.33-1) ...
Selecting previously unselected package libp11-kit0:amd64.
Preparing to unpack .../092-libp11-kit0_0.23.3-5_amd64.deb ...
Unpacking libp11-kit0:amd64 (0.23.3-5) ...
Selecting previously unselected package libtasn1-6:amd64.
Preparing to unpack .../093-libtasn1-6_4.10-1_amd64.deb ...
Unpacking libtasn1-6:amd64 (4.10-1) ...
Selecting previously unselected package libgnutls30:amd64.
Preparing to unpack .../094-libgnutls30_3.5.8-3_amd64.deb ...
Unpacking libgnutls30:amd64 (3.5.8-3) ...
Selecting previously unselected package libkeyutils1:amd64.
Preparing to unpack .../095-libkeyutils1_1.5.9-9_amd64.deb ...
Unpacking libkeyutils1:amd64 (1.5.9-9) ...
Selecting previously unselected package libkrb5support0:amd64.
Preparing to unpack .../096-libkrb5support0_1.15-1_amd64.deb ...
Unpacking libkrb5support0:amd64 (1.15-1) ...
Selecting previously unselected package libk5crypto3:amd64.
Preparing to unpack .../097-libk5crypto3_1.15-1_amd64.deb ...
Unpacking libk5crypto3:amd64 (1.15-1) ...
Selecting previously unselected package libkrb5-3:amd64.
Preparing to unpack .../098-libkrb5-3_1.15-1_amd64.deb ...
Unpacking libkrb5-3:amd64 (1.15-1) ...
Selecting previously unselected package libgssapi-krb5-2:amd64.
Preparing to unpack .../099-libgssapi-krb5-2_1.15-1_amd64.deb ...
Unpacking libgssapi-krb5-2:amd64 (1.15-1) ...
Selecting previously unselected package libcups2:amd64.
Preparing to unpack .../100-libcups2_2.2.1-8_amd64.deb ...
Unpacking libcups2:amd64 (2.2.1-8) ...
Selecting previously unselected package libqt5printsupport5:amd64.
Preparing to unpack .../101-libqt5printsupport5_5.7.1+dfsg-3+b1_amd64.deb ...
Unpacking libqt5printsupport5:amd64 (5.7.1+dfsg-3+b1) ...
Selecting previously unselected package libqt5qml5:amd64.
Preparing to unpack .../102-libqt5qml5_5.7.1-2_amd64.deb ...
Unpacking libqt5qml5:amd64 (5.7.1-2) ...
Selecting previously unselected package libqt5quick5:amd64.
Preparing to unpack .../103-libqt5quick5_5.7.1-2_amd64.deb ...
Unpacking libqt5quick5:amd64 (5.7.1-2) ...
Selecting previously unselected package libqt5sql5:amd64.
Preparing to unpack .../104-libqt5sql5_5.7.1+dfsg-3+b1_amd64.deb ...
Unpacking libqt5sql5:amd64 (5.7.1+dfsg-3+b1) ...
Selecting previously unselected package libsqlite3-0:amd64.
Preparing to unpack .../105-libsqlite3-0_3.16.2-3_amd64.deb ...
Unpacking libsqlite3-0:amd64 (3.16.2-3) ...
Selecting previously unselected package libwebp6:amd64.
Preparing to unpack .../106-libwebp6_0.5.2-1_amd64.deb ...
Unpacking libwebp6:amd64 (0.5.2-1) ...
Selecting previously unselected package libxcomposite1:amd64.
Preparing to unpack .../107-libxcomposite1_1%3a0.4.4-2_amd64.deb ...
Unpacking libxcomposite1:amd64 (1:0.4.4-2) ...
Selecting previously unselected package libxml2:amd64.
Preparing to unpack .../108-libxml2_2.9.4+dfsg1-2.2_amd64.deb ...
Unpacking libxml2:amd64 (2.9.4+dfsg1-2.2) ...
Selecting previously unselected package libxrender1:amd64.
Preparing to unpack .../109-libxrender1_1%3a0.9.10-1_amd64.deb ...
Unpacking libxrender1:amd64 (1:0.9.10-1) ...
Selecting previously unselected package libxslt1.1:amd64.
Preparing to unpack .../110-libxslt1.1_1.1.29-2_amd64.deb ...
Unpacking libxslt1.1:amd64 (1.1.29-2) ...
Selecting previously unselected package libqt5webkit5:amd64.
Preparing to unpack .../111-libqt5webkit5_5.7.1+dfsg-1_amd64.deb ...
Unpacking libqt5webkit5:amd64 (5.7.1+dfsg-1) ...
Selecting previously unselected package libmagic-mgc.
Preparing to unpack .../112-libmagic-mgc_1%3a5.29-3_amd64.deb ...
Unpacking libmagic-mgc (1:5.29-3) ...
Selecting previously unselected package libmagic1:amd64.
Preparing to unpack .../113-libmagic1_1%3a5.29-3_amd64.deb ...
Unpacking libmagic1:amd64 (1:5.29-3) ...
Selecting previously unselected package file.
Preparing to unpack .../114-file_1%3a5.29-3_amd64.deb ...
Unpacking file (1:5.29-3) ...
Selecting previously unselected package gettext-base.
Preparing to unpack .../115-gettext-base_0.19.8.1-2_amd64.deb ...
Unpacking gettext-base (0.19.8.1-2) ...
Selecting previously unselected package libsigsegv2:amd64.
Preparing to unpack .../116-libsigsegv2_2.10-5_amd64.deb ...
Unpacking libsigsegv2:amd64 (2.10-5) ...
Selecting previously unselected package m4.
Preparing to unpack .../117-m4_1.4.18-1_amd64.deb ...
Unpacking m4 (1.4.18-1) ...
Selecting previously unselected package autoconf.
Preparing to unpack .../118-autoconf_2.69-10_all.deb ...
Unpacking autoconf (2.69-10) ...
Selecting previously unselected package autotools-dev.
Preparing to unpack .../119-autotools-dev_20161112.1_all.deb ...
Unpacking autotools-dev (20161112.1) ...
Selecting previously unselected package automake.
Preparing to unpack .../120-automake_1%3a1.15-6_all.deb ...
Unpacking automake (1:1.15-6) ...
Selecting previously unselected package autopoint.
Preparing to unpack .../121-autopoint_0.19.8.1-2_all.deb ...
Unpacking autopoint (0.19.8.1-2) ...
Selecting previously unselected package libtool.
Preparing to unpack .../122-libtool_2.4.6-2_all.deb ...
Unpacking libtool (2.4.6-2) ...
Selecting previously unselected package dh-autoreconf.
Preparing to unpack .../123-dh-autoreconf_13_all.deb ...
Unpacking dh-autoreconf (13) ...
Selecting previously unselected package libarchive-zip-perl.
Preparing to unpack .../124-libarchive-zip-perl_1.59-1_all.deb ...
Unpacking libarchive-zip-perl (1.59-1) ...
Selecting previously unselected package libfile-stripnondeterminism-perl.
Preparing to unpack .../125-libfile-stripnondeterminism-perl_0.031-1_all.deb ...
Unpacking libfile-stripnondeterminism-perl (0.031-1) ...
Selecting previously unselected package libtimedate-perl.
Preparing to unpack .../126-libtimedate-perl_2.3000-2_all.deb ...
Unpacking libtimedate-perl (2.3000-2) ...
Selecting previously unselected package dh-strip-nondeterminism.
Preparing to unpack .../127-dh-strip-nondeterminism_0.031-1_all.deb ...
Unpacking dh-strip-nondeterminism (0.031-1) ...
Selecting previously unselected package libcroco3:amd64.
Preparing to unpack .../128-libcroco3_0.6.11-2_amd64.deb ...
Unpacking libcroco3:amd64 (0.6.11-2) ...
Selecting previously unselected package libunistring0:amd64.
Preparing to unpack .../129-libunistring0_0.9.6+really0.9.3-0.1_amd64.deb ...
Unpacking libunistring0:amd64 (0.9.6+really0.9.3-0.1) ...
Selecting previously unselected package gettext.
Preparing to unpack .../130-gettext_0.19.8.1-2_amd64.deb ...
Unpacking gettext (0.19.8.1-2) ...
Selecting previously unselected package intltool-debian.
Preparing to unpack .../131-intltool-debian_0.35.0+20060710.4_all.deb ...
Unpacking intltool-debian (0.35.0+20060710.4) ...
Selecting previously unselected package po-debconf.
Preparing to unpack .../132-po-debconf_1.0.20_all.deb ...
Unpacking po-debconf (1.0.20) ...
Selecting previously unselected package debhelper.
Preparing to unpack .../133-debhelper_10.2.5_all.deb ...
Unpacking debhelper (10.2.5) ...
Selecting previously unselected package liba52-0.7.4:amd64.
Preparing to unpack .../134-liba52-0.7.4_0.7.4-19_amd64.deb ...
Unpacking liba52-0.7.4:amd64 (0.7.4-19) ...
Selecting previously unselected package liba52-0.7.4-dev.
Preparing to unpack .../135-liba52-0.7.4-dev_0.7.4-19_amd64.deb ...
Unpacking liba52-0.7.4-dev (0.7.4-19) ...
Selecting previously unselected package libao-common.
Preparing to unpack .../136-libao-common_1.2.2-1_amd64.deb ...
Unpacking libao-common (1.2.2-1) ...
Selecting previously unselected package libao4.
Preparing to unpack .../137-libao4_1.2.2-1_amd64.deb ...
Unpacking libao4 (1.2.2-1) ...
Selecting previously unselected package libao-dev.
Preparing to unpack .../138-libao-dev_1.2.2-1_amd64.deb ...
Unpacking libao-dev (1.2.2-1) ...
Selecting previously unselected package libva1:amd64.
Preparing to unpack .../139-libva1_1.7.3-2_amd64.deb ...
Unpacking libva1:amd64 (1.7.3-2) ...
Selecting previously unselected package libva-drm1:amd64.
Preparing to unpack .../140-libva-drm1_1.7.3-2_amd64.deb ...
Unpacking libva-drm1:amd64 (1.7.3-2) ...
Selecting previously unselected package libva-x11-1:amd64.
Preparing to unpack .../141-libva-x11-1_1.7.3-2_amd64.deb ...
Unpacking libva-x11-1:amd64 (1.7.3-2) ...
Selecting previously unselected package libvdpau1:amd64.
Preparing to unpack .../142-libvdpau1_1.1.1-6_amd64.deb ...
Unpacking libvdpau1:amd64 (1.1.1-6) ...
Selecting previously unselected package libavutil55:amd64.
Preparing to unpack .../143-libavutil55_7%3a3.2.4-1_amd64.deb ...
Unpacking libavutil55:amd64 (7:3.2.4-1) ...
Selecting previously unselected package libcrystalhd3:amd64.
Preparing to unpack .../144-libcrystalhd3_1%3a0.0~git20110715.fdd2f19-11+b1_amd64.deb ...
Unpacking libcrystalhd3:amd64 (1:0.0~git20110715.fdd2f19-11+b1) ...
Selecting previously unselected package libgsm1:amd64.
Preparing to unpack .../145-libgsm1_1.0.13-4+b2_amd64.deb ...
Unpacking libgsm1:amd64 (1.0.13-4+b2) ...
Selecting previously unselected package libmp3lame0:amd64.
Preparing to unpack .../146-libmp3lame0_3.99.5+repack1-9+b2_amd64.deb ...
Unpacking libmp3lame0:amd64 (3.99.5+repack1-9+b2) ...
Selecting previously unselected package libopenjp2-7:amd64.
Preparing to unpack .../147-libopenjp2-7_2.1.2-1.1_amd64.deb ...
Unpacking libopenjp2-7:amd64 (2.1.2-1.1) ...
Selecting previously unselected package libopus0:amd64.
Preparing to unpack .../148-libopus0_1.2~alpha2-1_amd64.deb ...
Unpacking libopus0:amd64 (1.2~alpha2-1) ...
Selecting previously unselected package libshine3:amd64.
Preparing to unpack .../149-libshine3_3.1.0-5_amd64.deb ...
Unpacking libshine3:amd64 (3.1.0-5) ...
Selecting previously unselected package libsnappy1v5:amd64.
Preparing to unpack .../150-libsnappy1v5_1.1.4-1_amd64.deb ...
Unpacking libsnappy1v5:amd64 (1.1.4-1) ...
Selecting previously unselected package libspeex1:amd64.
Preparing to unpack .../151-libspeex1_1.2~rc1.2-1+b2_amd64.deb ...
Unpacking libspeex1:amd64 (1.2~rc1.2-1+b2) ...
Selecting previously unselected package libsoxr0:amd64.
Preparing to unpack .../152-libsoxr0_0.1.2-2_amd64.deb ...
Unpacking libsoxr0:amd64 (0.1.2-2) ...
Selecting previously unselected package libswresample2:amd64.
Preparing to unpack .../153-libswresample2_7%3a3.2.4-1_amd64.deb ...
Unpacking libswresample2:amd64 (7:3.2.4-1) ...
Selecting previously unselected package libpixman-1-0:amd64.
Preparing to unpack .../154-libpixman-1-0_0.34.0-1_amd64.deb ...
Unpacking libpixman-1-0:amd64 (0.34.0-1) ...
Selecting previously unselected package libcairo2:amd64.
Preparing to unpack .../155-libcairo2_1.14.8-1_amd64.deb ...
Unpacking libcairo2:amd64 (1.14.8-1) ...
Selecting previously unselected package libtheora0:amd64.
Preparing to unpack .../156-libtheora0_1.1.1+dfsg.1-14+b1_amd64.deb ...
Unpacking libtheora0:amd64 (1.1.1+dfsg.1-14+b1) ...
Selecting previously unselected package libtwolame0:amd64.
Preparing to unpack .../157-libtwolame0_0.3.13-2_amd64.deb ...
Unpacking libtwolame0:amd64 (0.3.13-2) ...
Selecting previously unselected package libvorbis0a:amd64.
Preparing to unpack .../158-libvorbis0a_1.3.5-4_amd64.deb ...
Unpacking libvorbis0a:amd64 (1.3.5-4) ...
Selecting previously unselected package libvorbisenc2:amd64.
Preparing to unpack .../159-libvorbisenc2_1.3.5-4_amd64.deb ...
Unpacking libvorbisenc2:amd64 (1.3.5-4) ...
Selecting previously unselected package libvpx4:amd64.
Preparing to unpack .../160-libvpx4_1.6.1-2_amd64.deb ...
Unpacking libvpx4:amd64 (1.6.1-2) ...
Selecting previously unselected package libwavpack1:amd64.
Preparing to unpack .../161-libwavpack1_5.0.0-2_amd64.deb ...
Unpacking libwavpack1:amd64 (5.0.0-2) ...
Selecting previously unselected package libwebpmux2:amd64.
Preparing to unpack .../162-libwebpmux2_0.5.2-1_amd64.deb ...
Unpacking libwebpmux2:amd64 (0.5.2-1) ...
Selecting previously unselected package libx264-148:amd64.
Preparing to unpack .../163-libx264-148_2%3a0.148.2748+git97eaef2-1_amd64.deb ...
Unpacking libx264-148:amd64 (2:0.148.2748+git97eaef2-1) ...
Selecting previously unselected package libnuma1:amd64.
Preparing to unpack .../164-libnuma1_2.0.11-2.1_amd64.deb ...
Unpacking libnuma1:amd64 (2.0.11-2.1) ...
Selecting previously unselected package libx265-95:amd64.
Preparing to unpack .../165-libx265-95_2.1-2+b2_amd64.deb ...
Unpacking libx265-95:amd64 (2.1-2+b2) ...
Selecting previously unselected package libxvidcore4:amd64.
Preparing to unpack .../166-libxvidcore4_2%3a1.3.4-1_amd64.deb ...
Unpacking libxvidcore4:amd64 (2:1.3.4-1) ...
Selecting previously unselected package libzvbi-common.
Preparing to unpack .../167-libzvbi-common_0.2.35-13_all.deb ...
Unpacking libzvbi-common (0.2.35-13) ...
Selecting previously unselected package libzvbi0:amd64.
Preparing to unpack .../168-libzvbi0_0.2.35-13_amd64.deb ...
Unpacking libzvbi0:amd64 (0.2.35-13) ...
Selecting previously unselected package libavcodec57:amd64.
Preparing to unpack .../169-libavcodec57_7%3a3.2.4-1_amd64.deb ...
Unpacking libavcodec57:amd64 (7:3.2.4-1) ...
Selecting previously unselected package libavutil-dev:amd64.
Preparing to unpack .../170-libavutil-dev_7%3a3.2.4-1_amd64.deb ...
Unpacking libavutil-dev:amd64 (7:3.2.4-1) ...
Selecting previously unselected package libswresample-dev:amd64.
Preparing to unpack .../171-libswresample-dev_7%3a3.2.4-1_amd64.deb ...
Unpacking libswresample-dev:amd64 (7:3.2.4-1) ...
Selecting previously unselected package libavcodec-dev:amd64.
Preparing to unpack .../172-libavcodec-dev_7%3a3.2.4-1_amd64.deb ...
Unpacking libavcodec-dev:amd64 (7:3.2.4-1) ...
Selecting previously unselected package libbluray1:amd64.
Preparing to unpack .../173-libbluray1_1%3a0.9.3-3_amd64.deb ...
Unpacking libbluray1:amd64 (1:0.9.3-3) ...
Selecting previously unselected package libchromaprint1:amd64.
Preparing to unpack .../174-libchromaprint1_1.4.2-1_amd64.deb ...
Unpacking libchromaprint1:amd64 (1.4.2-1) ...
Selecting previously unselected package libgme0:amd64.
Preparing to unpack .../175-libgme0_0.6.1-1_amd64.deb ...
Unpacking libgme0:amd64 (0.6.1-1) ...
Selecting previously unselected package libmpg123-0:amd64.
Preparing to unpack .../176-libmpg123-0_1.23.8-1+b1_amd64.deb ...
Unpacking libmpg123-0:amd64 (1.23.8-1+b1) ...
Selecting previously unselected package libvorbisfile3:amd64.
Preparing to unpack .../177-libvorbisfile3_1.3.5-4_amd64.deb ...
Unpacking libvorbisfile3:amd64 (1.3.5-4) ...
Selecting previously unselected package libopenmpt0:amd64.
Preparing to unpack .../178-libopenmpt0_0.2.7386~beta20.3-3_amd64.deb ...
Unpacking libopenmpt0:amd64 (0.2.7386~beta20.3-3) ...
Selecting previously unselected package libssh-gcrypt-4:amd64.
Preparing to unpack .../179-libssh-gcrypt-4_0.7.3-2_amd64.deb ...
Unpacking libssh-gcrypt-4:amd64 (0.7.3-2) ...
Selecting previously unselected package libavformat57:amd64.
Preparing to unpack .../180-libavformat57_7%3a3.2.4-1_amd64.deb ...
Unpacking libavformat57:amd64 (7:3.2.4-1) ...
Selecting previously unselected package libavformat-dev:amd64.
Preparing to unpack .../181-libavformat-dev_7%3a3.2.4-1_amd64.deb ...
Unpacking libavformat-dev:amd64 (7:3.2.4-1) ...
Selecting previously unselected package libdrm-amdgpu1:amd64.
Preparing to unpack .../182-libdrm-amdgpu1_2.4.74-1_amd64.deb ...
Unpacking libdrm-amdgpu1:amd64 (2.4.74-1) ...
Selecting previously unselected package libpciaccess0:amd64.
Preparing to unpack .../183-libpciaccess0_0.13.4-1_amd64.deb ...
Unpacking libpciaccess0:amd64 (0.13.4-1) ...
Selecting previously unselected package libdrm-intel1:amd64.
Preparing to unpack .../184-libdrm-intel1_2.4.74-1_amd64.deb ...
Unpacking libdrm-intel1:amd64 (2.4.74-1) ...
Selecting previously unselected package libdrm-radeon1:amd64.
Preparing to unpack .../185-libdrm-radeon1_2.4.74-1_amd64.deb ...
Unpacking libdrm-radeon1:amd64 (2.4.74-1) ...
Selecting previously unselected package libdrm-nouveau2:amd64.
Preparing to unpack .../186-libdrm-nouveau2_2.4.74-1_amd64.deb ...
Unpacking libdrm-nouveau2:amd64 (2.4.74-1) ...
Selecting previously unselected package libdrm-dev:amd64.
Preparing to unpack .../187-libdrm-dev_2.4.74-1_amd64.deb ...
Unpacking libdrm-dev:amd64 (2.4.74-1) ...
Selecting previously unselected package xorg-sgml-doctools.
Preparing to unpack .../188-xorg-sgml-doctools_1%3a1.11-1_all.deb ...
Unpacking xorg-sgml-doctools (1:1.11-1) ...
Selecting previously unselected package x11proto-core-dev.
Preparing to unpack .../189-x11proto-core-dev_7.0.31-1_all.deb ...
Unpacking x11proto-core-dev (7.0.31-1) ...
Selecting previously unselected package libxau-dev:amd64.
Preparing to unpack .../190-libxau-dev_1%3a1.0.8-1_amd64.deb ...
Unpacking libxau-dev:amd64 (1:1.0.8-1) ...
Selecting previously unselected package libxdmcp-dev:amd64.
Preparing to unpack .../191-libxdmcp-dev_1%3a1.1.2-1.1_amd64.deb ...
Unpacking libxdmcp-dev:amd64 (1:1.1.2-1.1) ...
Selecting previously unselected package x11proto-input-dev.
Preparing to unpack .../192-x11proto-input-dev_2.3.2-1_all.deb ...
Unpacking x11proto-input-dev (2.3.2-1) ...
Selecting previously unselected package x11proto-kb-dev.
Preparing to unpack .../193-x11proto-kb-dev_1.0.7-1_all.deb ...
Unpacking x11proto-kb-dev (1.0.7-1) ...
Selecting previously unselected package xtrans-dev.
Preparing to unpack .../194-xtrans-dev_1.3.5-1_all.deb ...
Unpacking xtrans-dev (1.3.5-1) ...
Selecting previously unselected package libpthread-stubs0-dev:amd64.
Preparing to unpack .../195-libpthread-stubs0-dev_0.3-4_amd64.deb ...
Unpacking libpthread-stubs0-dev:amd64 (0.3-4) ...
Selecting previously unselected package libxcb1-dev:amd64.
Preparing to unpack .../196-libxcb1-dev_1.12-1_amd64.deb ...
Unpacking libxcb1-dev:amd64 (1.12-1) ...
Selecting previously unselected package libx11-dev:amd64.
Preparing to unpack .../197-libx11-dev_2%3a1.6.4-3_amd64.deb ...
Unpacking libx11-dev:amd64 (2:1.6.4-3) ...
Selecting previously unselected package mesa-common-dev:amd64.
Preparing to unpack .../198-mesa-common-dev_13.0.5-1_amd64.deb ...
Unpacking mesa-common-dev:amd64 (13.0.5-1) ...
Selecting previously unselected package libx11-xcb-dev:amd64.
Preparing to unpack .../199-libx11-xcb-dev_2%3a1.6.4-3_amd64.deb ...
Unpacking libx11-xcb-dev:amd64 (2:1.6.4-3) ...
Selecting previously unselected package libxcb-dri3-dev:amd64.
Preparing to unpack .../200-libxcb-dri3-dev_1.12-1_amd64.deb ...
Unpacking libxcb-dri3-dev:amd64 (1.12-1) ...
Selecting previously unselected package libxcb-render0-dev:amd64.
Preparing to unpack .../201-libxcb-render0-dev_1.12-1_amd64.deb ...
Unpacking libxcb-render0-dev:amd64 (1.12-1) ...
Selecting previously unselected package libxcb-randr0-dev:amd64.
Preparing to unpack .../202-libxcb-randr0-dev_1.12-1_amd64.deb ...
Unpacking libxcb-randr0-dev:amd64 (1.12-1) ...
Selecting previously unselected package libxcb-shape0-dev:amd64.
Preparing to unpack .../203-libxcb-shape0-dev_1.12-1_amd64.deb ...
Unpacking libxcb-shape0-dev:amd64 (1.12-1) ...
Selecting previously unselected package libxcb-xfixes0-dev:amd64.
Preparing to unpack .../204-libxcb-xfixes0-dev_1.12-1_amd64.deb ...
Unpacking libxcb-xfixes0-dev:amd64 (1.12-1) ...
Selecting previously unselected package libxcb-sync-dev:amd64.
Preparing to unpack .../205-libxcb-sync-dev_1.12-1_amd64.deb ...
Unpacking libxcb-sync-dev:amd64 (1.12-1) ...
Selecting previously unselected package libxcb-present-dev:amd64.
Preparing to unpack .../206-libxcb-present-dev_1.12-1_amd64.deb ...
Unpacking libxcb-present-dev:amd64 (1.12-1) ...
Selecting previously unselected package libxshmfence-dev:amd64.
Preparing to unpack .../207-libxshmfence-dev_1.2-1_amd64.deb ...
Unpacking libxshmfence-dev:amd64 (1.2-1) ...
Selecting previously unselected package libxcb-dri2-0-dev:amd64.
Preparing to unpack .../208-libxcb-dri2-0-dev_1.12-1_amd64.deb ...
Unpacking libxcb-dri2-0-dev:amd64 (1.12-1) ...
Selecting previously unselected package libxcb-glx0-dev:amd64.
Preparing to unpack .../209-libxcb-glx0-dev_1.12-1_amd64.deb ...
Unpacking libxcb-glx0-dev:amd64 (1.12-1) ...
Selecting previously unselected package x11proto-xext-dev.
Preparing to unpack .../210-x11proto-xext-dev_7.3.0-1_all.deb ...
Unpacking x11proto-xext-dev (7.3.0-1) ...
Selecting previously unselected package x11proto-fixes-dev.
Preparing to unpack .../211-x11proto-fixes-dev_1%3a5.0-2_all.deb ...
Unpacking x11proto-fixes-dev (1:5.0-2) ...
Selecting previously unselected package libxfixes-dev:amd64.
Preparing to unpack .../212-libxfixes-dev_1%3a5.0.3-1_amd64.deb ...
Unpacking libxfixes-dev:amd64 (1:5.0.3-1) ...
Selecting previously unselected package x11proto-damage-dev.
Preparing to unpack .../213-x11proto-damage-dev_1%3a1.2.1-2_all.deb ...
Unpacking x11proto-damage-dev (1:1.2.1-2) ...
Selecting previously unselected package libxdamage-dev:amd64.
Preparing to unpack .../214-libxdamage-dev_1%3a1.1.4-2+b1_amd64.deb ...
Unpacking libxdamage-dev:amd64 (1:1.1.4-2+b1) ...
Selecting previously unselected package libxext-dev:amd64.
Preparing to unpack .../215-libxext-dev_2%3a1.3.3-1_amd64.deb ...
Unpacking libxext-dev:amd64 (2:1.3.3-1) ...
Selecting previously unselected package x11proto-xf86vidmode-dev.
Preparing to unpack .../216-x11proto-xf86vidmode-dev_2.3.1-2_all.deb ...
Unpacking x11proto-xf86vidmode-dev (2.3.1-2) ...
Selecting previously unselected package libxxf86vm-dev:amd64.
Preparing to unpack .../217-libxxf86vm-dev_1%3a1.1.4-1_amd64.deb ...
Unpacking libxxf86vm-dev:amd64 (1:1.1.4-1) ...
Selecting previously unselected package x11proto-dri2-dev.
Preparing to unpack .../218-x11proto-dri2-dev_2.8-2_all.deb ...
Unpacking x11proto-dri2-dev (2.8-2) ...
Selecting previously unselected package x11proto-gl-dev.
Preparing to unpack .../219-x11proto-gl-dev_1.4.17-1_all.deb ...
Unpacking x11proto-gl-dev (1.4.17-1) ...
Selecting previously unselected package libgl1-mesa-dev:amd64.
Preparing to unpack .../220-libgl1-mesa-dev_13.0.5-1_amd64.deb ...
Unpacking libgl1-mesa-dev:amd64 (13.0.5-1) ...
Selecting previously unselected package libglu1-mesa:amd64.
Preparing to unpack .../221-libglu1-mesa_9.0.0-2.1_amd64.deb ...
Unpacking libglu1-mesa:amd64 (9.0.0-2.1) ...
Selecting previously unselected package libglu1-mesa-dev:amd64.
Preparing to unpack .../222-libglu1-mesa-dev_9.0.0-2.1_amd64.deb ...
Unpacking libglu1-mesa-dev:amd64 (9.0.0-2.1) ...
Selecting previously unselected package libmad0-dev.
Preparing to unpack .../223-libmad0-dev_0.15.1b-8_amd64.deb ...
Unpacking libmad0-dev (0.15.1b-8) ...
Selecting previously unselected package libqt5clucene5:amd64.
Preparing to unpack .../224-libqt5clucene5_5.7.1-1_amd64.deb ...
Unpacking libqt5clucene5:amd64 (5.7.1-1) ...
Selecting previously unselected package libqt5concurrent5:amd64.
Preparing to unpack .../225-libqt5concurrent5_5.7.1+dfsg-3+b1_amd64.deb ...
Unpacking libqt5concurrent5:amd64 (5.7.1+dfsg-3+b1) ...
Selecting previously unselected package libqt5xml5:amd64.
Preparing to unpack .../226-libqt5xml5_5.7.1+dfsg-3+b1_amd64.deb ...
Unpacking libqt5xml5:amd64 (5.7.1+dfsg-3+b1) ...
Selecting previously unselected package libqt5designer5:amd64.
Preparing to unpack .../227-libqt5designer5_5.7.1-1_amd64.deb ...
Unpacking libqt5designer5:amd64 (5.7.1-1) ...
Selecting previously unselected package libqt5designercomponents5:amd64.
Preparing to unpack .../228-libqt5designercomponents5_5.7.1-1_amd64.deb ...
Unpacking libqt5designercomponents5:amd64 (5.7.1-1) ...
Selecting previously unselected package libqt5help5:amd64.
Preparing to unpack .../229-libqt5help5_5.7.1-1_amd64.deb ...
Unpacking libqt5help5:amd64 (5.7.1-1) ...
Selecting previously unselected package libqt5quickwidgets5:amd64.
Preparing to unpack .../230-libqt5quickwidgets5_5.7.1-2_amd64.deb ...
Unpacking libqt5quickwidgets5:amd64 (5.7.1-2) ...
Selecting previously unselected package libqt5test5:amd64.
Preparing to unpack .../231-libqt5test5_5.7.1+dfsg-3+b1_amd64.deb ...
Unpacking libqt5test5:amd64 (5.7.1+dfsg-3+b1) ...
Selecting previously unselected package libswscale4:amd64.
Preparing to unpack .../232-libswscale4_7%3a3.2.4-1_amd64.deb ...
Unpacking libswscale4:amd64 (7:3.2.4-1) ...
Selecting previously unselected package libswscale-dev:amd64.
Preparing to unpack .../233-libswscale-dev_7%3a3.2.4-1_amd64.deb ...
Unpacking libswscale-dev:amd64 (7:3.2.4-1) ...
Selecting previously unselected package pkg-config.
Preparing to unpack .../234-pkg-config_0.29-4_amd64.deb ...
Unpacking pkg-config (0.29-4) ...
Selecting previously unselected package qtchooser.
Preparing to unpack .../235-qtchooser_63-g13a3d08-1_amd64.deb ...
Unpacking qtchooser (63-g13a3d08-1) ...
Selecting previously unselected package qt5-qmake:amd64.
Preparing to unpack .../236-qt5-qmake_5.7.1+dfsg-3+b1_amd64.deb ...
Unpacking qt5-qmake:amd64 (5.7.1+dfsg-3+b1) ...
Selecting previously unselected package qtbase5-dev-tools.
Preparing to unpack .../237-qtbase5-dev-tools_5.7.1+dfsg-3+b1_amd64.deb ...
Unpacking qtbase5-dev-tools (5.7.1+dfsg-3+b1) ...
Selecting previously unselected package qtbase5-dev:amd64.
Preparing to unpack .../238-qtbase5-dev_5.7.1+dfsg-3+b1_amd64.deb ...
Unpacking qtbase5-dev:amd64 (5.7.1+dfsg-3+b1) ...
Selecting previously unselected package qttools5-dev-tools:amd64.
Preparing to unpack .../239-qttools5-dev-tools_5.7.1-1_amd64.deb ...
Unpacking qttools5-dev-tools:amd64 (5.7.1-1) ...
Selecting previously unselected package sbuild-build-depends-dvbcut-dummy.
Preparing to unpack .../240-sbuild-build-depends-dvbcut-dummy_0.invalid.0_amd64.deb ...
Unpacking sbuild-build-depends-dvbcut-dummy (0.invalid.0) ...
Setting up x11proto-dri2-dev (2.8-2) ...
Setting up libnettle6:amd64 (3.3-1+b1) ...
Setting up libexpat1:amd64 (2.2.0-2) ...
Setting up libtwolame0:amd64 (0.3.13-2) ...
Setting up libopenjp2-7:amd64 (2.1.2-1.1) ...
Setting up libx264-148:amd64 (2:0.148.2748+git97eaef2-1) ...
Setting up libjpeg62-turbo:amd64 (1:1.5.1-2) ...
Setting up libarchive-zip-perl (1.59-1) ...
Setting up libwacom-common (0.22-1) ...
Setting up libdouble-conversion1:amd64 (2.0.1-4) ...
Setting up libevdev2:amd64 (1.5.6+dfsg-1) ...
Setting up iso-codes (3.74-1) ...
Setting up libpng16-16:amd64 (1.6.28-1) ...
Setting up libtimedate-perl (2.3000-2) ...
Setting up libwavpack1:amd64 (5.0.0-2) ...
Setting up libsigsegv2:amd64 (2.10-5) ...
Setting up libpthread-stubs0-dev:amd64 (0.3-4) ...
Setting up fonts-dejavu-core (2.37-1) ...
Setting up libnuma1:amd64 (2.0.11-2.1) ...
Setting up groff-base (1.22.3-9) ...
Setting up libsoxr0:amd64 (0.1.2-2) ...
Setting up libglib2.0-0:amd64 (2.50.3-1) ...
No schema files found: doing nothing.
Setting up libxshmfence1:amd64 (1.2-1) ...
Setting up xorg-sgml-doctools (1:1.11-1) ...
Setting up libcap2:amd64 (1:2.25-1) ...
Setting up libwayland-client0:amd64 (1.12.0-1) ...
Setting up xkb-data (2.19-1) ...
Setting up qtchooser (63-g13a3d08-1) ...
Setting up libproxy1v5:amd64 (0.4.14-2) ...
Setting up libao-common (1.2.2-1) ...
Setting up x11proto-xf86vidmode-dev (2.3.1-2) ...
Setting up gettext-base (0.19.8.1-2) ...
Setting up libshine3:amd64 (3.1.0-5) ...
Setting up libpipeline1:amd64 (1.4.1-2) ...
Setting up x11proto-kb-dev (1.0.7-1) ...
Setting up libglapi-mesa:amd64 (13.0.5-1) ...
Setting up libspeex1:amd64 (1.2~rc1.2-1+b2) ...
Setting up m4 (1.4.18-1) ...
Setting up libxvidcore4:amd64 (2:1.3.4-1) ...
Setting up libicu57:amd64 (57.1-5) ...
Setting up ucf (3.0036) ...
Setting up libvpx4:amd64 (1.6.1-2) ...
Setting up libxml2:amd64 (2.9.4+dfsg1-2.2) ...
Setting up libopus0:amd64 (1.2~alpha2-1) ...
Setting up libfreetype6:amd64 (2.6.3-3+b2) ...
Setting up libtasn1-6:amd64 (4.10-1) ...
Setting up libmagic-mgc (1:5.29-3) ...
Setting up libva1:amd64 (1.7.3-2) ...
Setting up libdrm2:amd64 (2.4.74-1) ...
Setting up libmagic1:amd64 (1:5.29-3) ...
Setting up libhogweed4:amd64 (3.3-1+b1) ...
Setting up lsb-base (9.20161125) ...
Setting up libgraphite2-3:amd64 (1.3.9-4) ...
Setting up libcroco3:amd64 (0.6.11-2) ...
Setting up libxslt1.1:amd64 (1.1.29-2) ...
Setting up libogg0:amd64 (1.3.2-1) ...
Setting up libssl1.0.2:amd64 (1.0.2k-1) ...
Setting up liba52-0.7.4:amd64 (0.7.4-19) ...
Setting up pkg-config (0.29-4) ...
Setting up libx11-xcb1:amd64 (2:1.6.4-3) ...
Setting up libpixman-1-0:amd64 (0.34.0-1) ...
Setting up xtrans-dev (1.3.5-1) ...
Setting up libmp3lame0:amd64 (3.99.5+repack1-9+b2) ...
Setting up qt5-qmake:amd64 (5.7.1+dfsg-3+b1) ...
Setting up libcrystalhd3:amd64 (1:0.0~git20110715.fdd2f19-11+b1) ...
Processing triggers for libc-bin (2.24-9) ...
Setting up autotools-dev (20161112.1) ...
Setting up libunistring0:amd64 (0.9.6+really0.9.3-0.1) ...
Setting up libsnappy1v5:amd64 (1.1.4-1) ...
Setting up libp11-kit0:amd64 (0.23.3-5) ...
Setting up x11proto-gl-dev (1.4.17-1) ...
Setting up libmtdev1:amd64 (1.1.5-1+b1) ...
Setting up libsqlite3-0:amd64 (3.16.2-3) ...
Setting up liba52-0.7.4-dev (0.7.4-19) ...
Setting up libzvbi-common (0.2.35-13) ...
Setting up libpciaccess0:amd64 (0.13.4-1) ...
Setting up libxkbcommon0:amd64 (0.7.1-1) ...
Setting up libgudev-1.0-0:amd64 (230-3) ...
Setting up libva-drm1:amd64 (1.7.3-2) ...
Setting up libdrm-radeon1:amd64 (2.4.74-1) ...
Setting up liborc-0.4-0:amd64 (1:0.4.26-2) ...
Setting up libpcre16-3:amd64 (2:8.39-2.1) ...
Setting up libgme0:amd64 (0.6.1-1) ...
Setting up libxdmcp6:amd64 (1:1.1.2-1.1) ...
Setting up libmad0:amd64 (0.15.1b-8) ...
Setting up libzvbi0:amd64 (0.2.35-13) ...
Setting up libkeyutils1:amd64 (1.5.9-9) ...
Setting up libdrm-nouveau2:amd64 (2.4.74-1) ...
Setting up bsdmainutils (9.0.12) ...
update-alternatives: using /usr/bin/bsd-write to provide /usr/bin/write (write) in auto mode
update-alternatives: using /usr/bin/bsd-from to provide /usr/bin/from (from) in auto mode
Setting up libvorbis0a:amd64 (1.3.5-4) ...
Setting up x11-common (1:7.7+18) ...
update-rc.d: warning: start and stop actions are no longer supported; falling back to defaults
invoke-rc.d: could not determine current runlevel
All runlevel operations denied by policy
invoke-rc.d: policy-rc.d denied execution of start.
Setting up libmpg123-0:amd64 (1.23.8-1+b1) ...
Setting up libgsm1:amd64 (1.0.13-4+b2) ...
Setting up libx11-data (2:1.6.4-3) ...
Setting up libxau6:amd64 (1:1.0.8-1) ...
Setting up autopoint (0.19.8.1-2) ...
Setting up libidn11:amd64 (1.33-1) ...
Setting up libdbus-1-3:amd64 (1.10.16-1) ...
Setting up libavahi-common-data:amd64 (0.6.32-2) ...
Setting up libwayland-server0:amd64 (1.12.0-1) ...
Setting up libwebp6:amd64 (0.5.2-1) ...
Setting up libfile-stripnondeterminism-perl (0.031-1) ...
Setting up libvorbisfile3:amd64 (1.3.5-4) ...
Setting up libqt5core5a:amd64 (5.7.1+dfsg-3+b1) ...
Setting up libmad0-dev (0.15.1b-8) ...
Setting up libx265-95:amd64 (2.1-2+b2) ...
Setting up libqt5dbus5:amd64 (5.7.1+dfsg-3+b1) ...
Setting up fontconfig-config (2.11.0-6.7) ...
Setting up libqt5network5:amd64 (5.7.1+dfsg-3+b1) ...
Setting up x11proto-core-dev (7.0.31-1) ...
Setting up libwacom2:amd64 (0.22-1+b1) ...
Setting up libdrm-amdgpu1:amd64 (2.4.74-1) ...
Setting up libxshmfence-dev:amd64 (1.2-1) ...
Setting up gettext (0.19.8.1-2) ...
Setting up libopenmpt0:amd64 (0.2.7386~beta20.3-3) ...
Setting up libcap2-bin (1:2.25-1) ...
Setting up libao4 (1.2.2-1) ...
Setting up libgbm1:amd64 (13.0.5-1) ...
Setting up libgnutls30:amd64 (3.5.8-3) ...
Setting up libqt5test5:amd64 (5.7.1+dfsg-3+b1) ...
Setting up libwebpmux2:amd64 (0.5.2-1) ...
Setting up libharfbuzz0b:amd64 (1.4.2-1) ...
Setting up libxau-dev:amd64 (1:1.0.8-1) ...
Setting up autoconf (2.69-10) ...
Setting up file (1:5.29-3) ...
Setting up libinput-bin (1.6.2-1) ...
Setting up libkrb5support0:amd64 (1.15-1) ...
Setting up intltool-debian (0.35.0+20060710.4) ...
Setting up libdrm-intel1:amd64 (2.4.74-1) ...
Setting up libxdmcp-dev:amd64 (1:1.1.2-1.1) ...
Setting up libqt5clucene5:amd64 (5.7.1-1) ...
Setting up libqt5xml5:amd64 (5.7.1+dfsg-3+b1) ...
Setting up automake (1:1.15-6) ...
update-alternatives: using /usr/bin/automake-1.15 to provide /usr/bin/automake (automake) in auto mode
Setting up libqt5sql5:amd64 (5.7.1+dfsg-3+b1) ...
Setting up libao-dev (1.2.2-1) ...
Setting up libice6:amd64 (2:1.0.9-1+b1) ...
Setting up man-db (2.7.6.1-2) ...
Not building database; man-db/auto-update is not 'true'.
Setting up libavahi-common3:amd64 (0.6.32-2) ...
Setting up libvorbisenc2:amd64 (1.3.5-4) ...
Setting up libxcb1:amd64 (1.12-1) ...
Setting up x11proto-input-dev (2.3.2-1) ...
Setting up libqt5concurrent5:amd64 (5.7.1+dfsg-3+b1) ...
Setting up libxcb-xkb1:amd64 (1.12-1) ...
Setting up libqt5qml5:amd64 (5.7.1-2) ...
Setting up libtool (2.4.6-2) ...
Setting up libxcb-xinerama0:amd64 (1.12-1) ...
Setting up libxcb-present0:amd64 (1.12-1) ...
Setting up libfontconfig1:amd64 (2.11.0-6.7+b1) ...
Setting up qtbase5-dev-tools (5.7.1+dfsg-3+b1) ...
Setting up libxcb-dri2-0:amd64 (1.12-1) ...
Setting up libsm6:amd64 (2:1.2.2-1+b1) ...
Setting up libxcb-dri3-0:amd64 (1.12-1) ...
Setting up libk5crypto3:amd64 (1.15-1) ...
Setting up libxcb-glx0:amd64 (1.12-1) ...
Setting up libxcb-randr0:amd64 (1.12-1) ...
Setting up libxcb-xfixes0:amd64 (1.12-1) ...
Setting up libxcb-icccm4:amd64 (0.4.1-1) ...
Setting up libxcb-render0:amd64 (1.12-1) ...
Setting up libxcb-util0:amd64 (0.3.8-3) ...
Setting up libgstreamer1.0-0:amd64 (1.10.4-1) ...
Setcap worked! gst-ptp-helper is not suid!
Setting up po-debconf (1.0.20) ...
Setting up libdrm-dev:amd64 (2.4.74-1) ...
Setting up libx11-6:amd64 (2:1.6.4-3) ...
Setting up libinput10:amd64 (1.6.2-1) ...
Setting up libxkbcommon-x11-0:amd64 (0.7.1-1) ...
Setting up libxcb-sync1:amd64 (1.12-1) ...
Setting up x11proto-xext-dev (7.3.0-1) ...
Setting up libbluray1:amd64 (1:0.9.3-3) ...
Setting up libxcomposite1:amd64 (1:0.4.4-2) ...
Setting up libxcb-shm0:amd64 (1.12-1) ...
Setting up libxcb-shape0:amd64 (1.12-1) ...
Setting up libxrender1:amd64 (1:0.9.10-1) ...
Setting up libxcb1-dev:amd64 (1.12-1) ...
Setting up libxcb-glx0-dev:amd64 (1.12-1) ...
Setting up libavahi-client3:amd64 (0.6.32-2) ...
Setting up libxcb-keysyms1:amd64 (0.4.0-1) ...
Setting up libkrb5-3:amd64 (1.15-1) ...
Setting up libx11-dev:amd64 (2:1.6.4-3) ...
Setting up libxcb-sync-dev:amd64 (1.12-1) ...
Setting up fontconfig (2.11.0-6.7+b1) ...
Regenerating fonts cache... done.
Setting up libegl1-mesa:amd64 (13.0.5-1) ...
Setting up libx11-xcb-dev:amd64 (2:1.6.4-3) ...
Setting up libgstreamer-plugins-base1.0-0:amd64 (1.10.4-1) ...
Setting up libxcb-render-util0:amd64 (0.3.9-1) ...
Setting up libxcb-image0:amd64 (0.4.0-1) ...
Setting up mesa-common-dev:amd64 (13.0.5-1) ...
Setting up libxext6:amd64 (2:1.3.3-1) ...
Setting up libxfixes3:amd64 (1:5.0.3-1) ...
Setting up x11proto-fixes-dev (1:5.0-2) ...
Setting up libvdpau1:amd64 (1.1.1-6) ...
Setting up libgssapi-krb5-2:amd64 (1.15-1) ...
Setting up libxcb-dri2-0-dev:amd64 (1.12-1) ...
Setting up libxcb-render0-dev:amd64 (1.12-1) ...
Setting up x11proto-damage-dev (1:1.2.1-2) ...
Setting up libxcb-dri3-dev:amd64 (1.12-1) ...
Setting up libxext-dev:amd64 (2:1.3.3-1) ...
Setting up libxcb-shape0-dev:amd64 (1.12-1) ...
Setting up libxxf86vm1:amd64 (1:1.1.4-1) ...
Setting up libxxf86vm-dev:amd64 (1:1.1.4-1) ...
Setting up libxfixes-dev:amd64 (1:5.0.3-1) ...
Setting up libva-x11-1:amd64 (1.7.3-2) ...
Setting up libcups2:amd64 (2.2.1-8) ...
Setting up libxi6:amd64 (2:1.7.9-1) ...
Setting up libcairo2:amd64 (1.14.8-1) ...
Setting up libxcb-randr0-dev:amd64 (1.12-1) ...
Setting up libxdamage1:amd64 (1:1.1.4-2+b1) ...
Setting up libavutil55:amd64 (7:3.2.4-1) ...
Setting up libxcb-xfixes0-dev:amd64 (1.12-1) ...
Setting up libssh-gcrypt-4:amd64 (0.7.3-2) ...
Setting up libxdamage-dev:amd64 (1:1.1.4-2+b1) ...
Setting up libswresample2:amd64 (7:3.2.4-1) ...
Setting up libgl1-mesa-glx:amd64 (13.0.5-1) ...
Setting up libswscale4:amd64 (7:3.2.4-1) ...
Setting up libqt5gui5:amd64 (5.7.1+dfsg-3+b1) ...
Setting up libglu1-mesa:amd64 (9.0.0-2.1) ...
Setting up libxcb-present-dev:amd64 (1.12-1) ...
Setting up libtheora0:amd64 (1.1.1+dfsg.1-14+b1) ...
Setting up libqt5quick5:amd64 (5.7.1-2) ...
Setting up libavutil-dev:amd64 (7:3.2.4-1) ...
Setting up libqt5widgets5:amd64 (5.7.1+dfsg-3+b1) ...
Setting up libavcodec57:amd64 (7:3.2.4-1) ...
Setting up libqt5printsupport5:amd64 (5.7.1+dfsg-3+b1) ...
Setting up libqt5help5:amd64 (5.7.1-1) ...
Setting up libqt5opengl5:amd64 (5.7.1+dfsg-3+b1) ...
Setting up libswscale-dev:amd64 (7:3.2.4-1) ...
Setting up libgl1-mesa-dev:amd64 (13.0.5-1) ...
Setting up libswresample-dev:amd64 (7:3.2.4-1) ...
Setting up libqt5designer5:amd64 (5.7.1-1) ...
Setting up libglu1-mesa-dev:amd64 (9.0.0-2.1) ...
Setting up libchromaprint1:amd64 (1.4.2-1) ...
Setting up libqt5quickwidgets5:amd64 (5.7.1-2) ...
Setting up libqt5webkit5:amd64 (5.7.1+dfsg-1) ...
Setting up qtbase5-dev:amd64 (5.7.1+dfsg-3+b1) ...
Setting up libqt5designercomponents5:amd64 (5.7.1-1) ...
Setting up libavcodec-dev:amd64 (7:3.2.4-1) ...
Setting up qttools5-dev-tools:amd64 (5.7.1-1) ...
Setting up libavformat57:amd64 (7:3.2.4-1) ...
Setting up libavformat-dev:amd64 (7:3.2.4-1) ...
Setting up debhelper (10.2.5) ...
Setting up dh-autoreconf (13) ...
Setting up dh-strip-nondeterminism (0.031-1) ...
Setting up sbuild-build-depends-dvbcut-dummy (0.invalid.0) ...
Processing triggers for libc-bin (2.24-9) ...
W: No sandbox user '_apt' on the system, can not drop privileges

+------------------------------------------------------------------------------+
| Build environment                                                            |
+------------------------------------------------------------------------------+

Kernel: Linux 3.16.0-4-amd64 amd64 (x86_64)
Toolchain package versions: binutils_2.27.90.20170221-1 dpkg-dev_1.18.22 g++-6_6.3.0-8 gcc-6_6.3.0-8 libc6-dev_2.24-9 libstdc++-6-dev_6.3.0-8 libstdc++6_6.3.0-8 linux-libc-dev_4.9.13-1
Package versions: adduser_3.115 apt_1.4~rc2 autoconf_2.69-10 automake_1:1.15-6 autopoint_0.19.8.1-2 autotools-dev_20161112.1 base-files_9.8 base-passwd_3.5.43 bash_4.4-4 binutils_2.27.90.20170221-1 bsdmainutils_9.0.12 bsdutils_1:2.29.1-1 build-essential_12.3 bzip2_1.0.6-8.1 clang-4.0_1:4.0~+rc2-1 coreutils_8.26-3 cpp_4:6.3.0-1 cpp-6_6.3.0-8 dash_0.5.8-2.4 debconf_1.5.60 debfoster_2.7-2.1 debhelper_10.2.5 debian-archive-keyring_2014.3 debianutils_4.8.1 dh-autoreconf_13 dh-strip-nondeterminism_0.031-1 diffutils_1:3.5-3 dpkg_1.18.22 dpkg-dev_1.18.22 e2fslibs_1.43.4-2 e2fsprogs_1.43.4-2 eatmydata_105-5 fakeroot_1.21-3.1 file_1:5.29-3 findutils_4.6.0+git+20161106-2 fontconfig_2.11.0-6.7+b1 fontconfig-config_2.11.0-6.7 fonts-dejavu-core_2.37-1 g++_4:6.3.0-1 g++-6_6.3.0-8 gcc_4:6.3.0-1 gcc-6_6.3.0-8 gcc-6-base_6.3.0-8 gettext_0.19.8.1-2 gettext-base_0.19.8.1-2 gpgv_2.1.18-6 grep_2.27-2 groff-base_1.22.3-9 gzip_1.6-5 hostname_3.18 init-system-helpers_1.47 intltool-debian_0.35.0+20060710.4 iso-codes_3.74-1 liba52-0.7.4_0.7.4-19 liba52-0.7.4-dev_0.7.4-19 libacl1_2.2.52-3+b1 libao-common_1.2.2-1 libao-dev_1.2.2-1 libao4_1.2.2-1 libapt-pkg5.0_1.4~rc2 libarchive-zip-perl_1.59-1 libasan3_6.3.0-8 libatomic1_6.3.0-8 libattr1_1:2.4.47-2+b2 libaudit-common_1:2.6.7-1 libaudit1_1:2.6.7-1 libavahi-client3_0.6.32-2 libavahi-common-data_0.6.32-2 libavahi-common3_0.6.32-2 libavcodec-dev_7:3.2.4-1 libavcodec57_7:3.2.4-1 libavformat-dev_7:3.2.4-1 libavformat57_7:3.2.4-1 libavutil-dev_7:3.2.4-1 libavutil55_7:3.2.4-1 libblkid1_2.29.1-1 libbluray1_1:0.9.3-3 libbsd0_0.8.3-1 libbz2-1.0_1.0.6-8.1 libc-bin_2.24-9 libc-dev-bin_2.24-9 libc6_2.24-9 libc6-dev_2.24-9 libcairo2_1.14.8-1 libcap-ng0_0.7.7-3+b1 libcap2_1:2.25-1 libcap2-bin_1:2.25-1 libcc1-0_6.3.0-8 libchromaprint1_1.4.2-1 libcilkrts5_6.3.0-8 libclang-common-4.0-dev_1:4.0~+rc2-1 libclang1-4.0_1:4.0~+rc2-1 libcomerr2_1.43.4-2 libcroco3_0.6.11-2 libcrystalhd3_1:0.0~git20110715.fdd2f19-11+b1 libcups2_2.2.1-8 libdb5.3_5.3.28-12+b1 libdbus-1-3_1.10.16-1 libdebconfclient0_0.224 libdouble-conversion1_2.0.1-4 libdpkg-perl_1.18.22 libdrm-amdgpu1_2.4.74-1 libdrm-dev_2.4.74-1 libdrm-intel1_2.4.74-1 libdrm-nouveau2_2.4.74-1 libdrm-radeon1_2.4.74-1 libdrm2_2.4.74-1 libeatmydata1_105-5 libedit2_3.1-20160903-3 libegl1-mesa_13.0.5-1 libevdev2_1.5.6+dfsg-1 libexpat1_2.2.0-2 libfakeroot_1.21-3.1 libfdisk1_2.29.1-1 libffi6_3.2.1-6 libfile-stripnondeterminism-perl_0.031-1 libfontconfig1_2.11.0-6.7+b1 libfreetype6_2.6.3-3+b2 libgbm1_13.0.5-1 libgc1c2_1:7.4.2-8 libgcc-6-dev_6.3.0-8 libgcc1_1:6.3.0-8 libgcrypt20_1.7.6-1 libgdbm3_1.8.3-14 libgl1-mesa-dev_13.0.5-1 libgl1-mesa-glx_13.0.5-1 libglapi-mesa_13.0.5-1 libglib2.0-0_2.50.3-1 libglu1-mesa_9.0.0-2.1 libglu1-mesa-dev_9.0.0-2.1 libgme0_0.6.1-1 libgmp10_2:6.1.2+dfsg-1 libgnutls30_3.5.8-3 libgomp1_6.3.0-8 libgpg-error0_1.26-2 libgraphite2-3_1.3.9-4 libgsm1_1.0.13-4+b2 libgssapi-krb5-2_1.15-1 libgstreamer-plugins-base1.0-0_1.10.4-1 libgstreamer1.0-0_1.10.4-1 libgudev-1.0-0_230-3 libharfbuzz0b_1.4.2-1 libhogweed4_3.3-1+b1 libice6_2:1.0.9-1+b1 libicu57_57.1-5 libidn11_1.33-1 libinput-bin_1.6.2-1 libinput10_1.6.2-1 libisl15_0.18-1 libitm1_6.3.0-8 libjpeg62-turbo_1:1.5.1-2 libjsoncpp1_1.7.4-3 libk5crypto3_1.15-1 libkeyutils1_1.5.9-9 libkrb5-3_1.15-1 libkrb5support0_1.15-1 libllvm4.0_1:4.0~+rc2-1 liblsan0_6.3.0-8 liblz4-1_0.0~r131-2+b1 liblzma5_5.2.2-1.2+b1 libmad0_0.15.1b-8 libmad0-dev_0.15.1b-8 libmagic-mgc_1:5.29-3 libmagic1_1:5.29-3 libmount1_2.29.1-1 libmp3lame0_3.99.5+repack1-9+b2 libmpc3_1.0.3-1 libmpfr4_3.1.5-1 libmpg123-0_1.23.8-1+b1 libmpx2_6.3.0-8 libmtdev1_1.1.5-1+b1 libncurses5_6.0+20161126-1 libncursesw5_6.0+20161126-1 libnettle6_3.3-1+b1 libnuma1_2.0.11-2.1 libobjc-6-dev_6.3.0-8 libobjc4_6.3.0-8 libogg0_1.3.2-1 libopenjp2-7_2.1.2-1.1 libopenmpt0_0.2.7386~beta20.3-3 libopus0_1.2~alpha2-1 liborc-0.4-0_1:0.4.26-2 libp11-kit0_0.23.3-5 libpam-modules_1.1.8-3.5 libpam-modules-bin_1.1.8-3.5 libpam-runtime_1.1.8-3.5 libpam0g_1.1.8-3.5 libpciaccess0_0.13.4-1 libpcre16-3_2:8.39-2.1 libpcre3_2:8.39-2.1 libperl5.24_5.24.1-1 libpipeline1_1.4.1-2 libpixman-1-0_0.34.0-1 libpng16-16_1.6.28-1 libproxy1v5_0.4.14-2 libpthread-stubs0-dev_0.3-4 libqt5clucene5_5.7.1-1 libqt5concurrent5_5.7.1+dfsg-3+b1 libqt5core5a_5.7.1+dfsg-3+b1 libqt5dbus5_5.7.1+dfsg-3+b1 libqt5designer5_5.7.1-1 libqt5designercomponents5_5.7.1-1 libqt5gui5_5.7.1+dfsg-3+b1 libqt5help5_5.7.1-1 libqt5network5_5.7.1+dfsg-3+b1 libqt5opengl5_5.7.1+dfsg-3+b1 libqt5printsupport5_5.7.1+dfsg-3+b1 libqt5qml5_5.7.1-2 libqt5quick5_5.7.1-2 libqt5quickwidgets5_5.7.1-2 libqt5sql5_5.7.1+dfsg-3+b1 libqt5test5_5.7.1+dfsg-3+b1 libqt5webkit5_5.7.1+dfsg-1 libqt5widgets5_5.7.1+dfsg-3+b1 libqt5xml5_5.7.1+dfsg-3+b1 libquadmath0_6.3.0-8 libselinux1_2.6-3 libsemanage-common_2.6-2 libsemanage1_2.6-2 libsepol1_2.6-2 libshine3_3.1.0-5 libsigsegv2_2.10-5 libsm6_2:1.2.2-1+b1 libsmartcols1_2.29.1-1 libsnappy1v5_1.1.4-1 libsoxr0_0.1.2-2 libspeex1_1.2~rc1.2-1+b2 libsqlite3-0_3.16.2-3 libss2_1.43.4-2 libssh-gcrypt-4_0.7.3-2 libssl1.0.2_1.0.2k-1 libstdc++-6-dev_6.3.0-8 libstdc++6_6.3.0-8 libswresample-dev_7:3.2.4-1 libswresample2_7:3.2.4-1 libswscale-dev_7:3.2.4-1 libswscale4_7:3.2.4-1 libsystemd0_232-18 libtasn1-6_4.10-1 libtheora0_1.1.1+dfsg.1-14+b1 libtimedate-perl_2.3000-2 libtinfo5_6.0+20161126-1 libtool_2.4.6-2 libtsan0_6.3.0-8 libtwolame0_0.3.13-2 libubsan0_6.3.0-8 libudev1_232-18 libunistring0_0.9.6+really0.9.3-0.1 libustr-1.0-1_1.0.4-6 libuuid1_2.29.1-1 libva-drm1_1.7.3-2 libva-x11-1_1.7.3-2 libva1_1.7.3-2 libvdpau1_1.1.1-6 libvorbis0a_1.3.5-4 libvorbisenc2_1.3.5-4 libvorbisfile3_1.3.5-4 libvpx4_1.6.1-2 libwacom-common_0.22-1 libwacom2_0.22-1+b1 libwavpack1_5.0.0-2 libwayland-client0_1.12.0-1 libwayland-server0_1.12.0-1 libwebp6_0.5.2-1 libwebpmux2_0.5.2-1 libx11-6_2:1.6.4-3 libx11-data_2:1.6.4-3 libx11-dev_2:1.6.4-3 libx11-xcb-dev_2:1.6.4-3 libx11-xcb1_2:1.6.4-3 libx264-148_2:0.148.2748+git97eaef2-1 libx265-95_2.1-2+b2 libxau-dev_1:1.0.8-1 libxau6_1:1.0.8-1 libxcb-dri2-0_1.12-1 libxcb-dri2-0-dev_1.12-1 libxcb-dri3-0_1.12-1 libxcb-dri3-dev_1.12-1 libxcb-glx0_1.12-1 libxcb-glx0-dev_1.12-1 libxcb-icccm4_0.4.1-1 libxcb-image0_0.4.0-1 libxcb-keysyms1_0.4.0-1 libxcb-present-dev_1.12-1 libxcb-present0_1.12-1 libxcb-randr0_1.12-1 libxcb-randr0-dev_1.12-1 libxcb-render-util0_0.3.9-1 libxcb-render0_1.12-1 libxcb-render0-dev_1.12-1 libxcb-shape0_1.12-1 libxcb-shape0-dev_1.12-1 libxcb-shm0_1.12-1 libxcb-sync-dev_1.12-1 libxcb-sync1_1.12-1 libxcb-util0_0.3.8-3 libxcb-xfixes0_1.12-1 libxcb-xfixes0-dev_1.12-1 libxcb-xinerama0_1.12-1 libxcb-xkb1_1.12-1 libxcb1_1.12-1 libxcb1-dev_1.12-1 libxcomposite1_1:0.4.4-2 libxdamage-dev_1:1.1.4-2+b1 libxdamage1_1:1.1.4-2+b1 libxdmcp-dev_1:1.1.2-1.1 libxdmcp6_1:1.1.2-1.1 libxext-dev_2:1.3.3-1 libxext6_2:1.3.3-1 libxfixes-dev_1:5.0.3-1 libxfixes3_1:5.0.3-1 libxi6_2:1.7.9-1 libxkbcommon-x11-0_0.7.1-1 libxkbcommon0_0.7.1-1 libxml2_2.9.4+dfsg1-2.2 libxrender1_1:0.9.10-1 libxshmfence-dev_1.2-1 libxshmfence1_1.2-1 libxslt1.1_1.1.29-2 libxvidcore4_2:1.3.4-1 libxxf86vm-dev_1:1.1.4-1 libxxf86vm1_1:1.1.4-1 libzvbi-common_0.2.35-13 libzvbi0_0.2.35-13 linux-libc-dev_4.9.13-1 login_1:4.4-4 lsb-base_9.20161125 m4_1.4.18-1 make_4.1-9.1 man-db_2.7.6.1-2 mawk_1.3.3-17 mesa-common-dev_13.0.5-1 mount_2.29.1-1 multiarch-support_2.24-9 ncurses-base_6.0+20161126-1 ncurses-bin_6.0+20161126-1 passwd_1:4.4-4 patch_2.7.5-1 perl_5.24.1-1 perl-base_5.24.1-1 perl-modules-5.24_5.24.1-1 pkg-config_0.29-4 po-debconf_1.0.20 qt5-qmake_5.7.1+dfsg-3+b1 qtbase5-dev_5.7.1+dfsg-3+b1 qtbase5-dev-tools_5.7.1+dfsg-3+b1 qtchooser_63-g13a3d08-1 qttools5-dev-tools_5.7.1-1 sbuild-build-depends-core-dummy_0.invalid.0 sbuild-build-depends-dvbcut-dummy_0.invalid.0 sed_4.4-1 sensible-utils_0.0.9 sysvinit-utils_2.88dsf-59.9 tar_1.29b-1.1 ucf_3.0036 util-linux_2.29.1-1 x11-common_1:7.7+18 x11proto-core-dev_7.0.31-1 x11proto-damage-dev_1:1.2.1-2 x11proto-dri2-dev_2.8-2 x11proto-fixes-dev_1:5.0-2 x11proto-gl-dev_1.4.17-1 x11proto-input-dev_2.3.2-1 x11proto-kb-dev_1.0.7-1 x11proto-xext-dev_7.3.0-1 x11proto-xf86vidmode-dev_2.3.1-2 xkb-data_2.19-1 xorg-sgml-doctools_1:1.11-1 xtrans-dev_1.3.5-1 xz-utils_5.2.2-1.2+b1 zlib1g_1:1.2.8.dfsg-5

+------------------------------------------------------------------------------+
| Build                                                                        |
+------------------------------------------------------------------------------+


Unpack source
-------------

gpgv: unknown type of key resource 'trustedkeys.kbx'
gpgv: keyblock resource '/sbuild-nonexistent/.gnupg/trustedkeys.kbx': General error
gpgv: Signature made Fri Nov 18 16:38:35 2016 UTC
gpgv:                using RSA key F34F09744E9F5DD9
gpgv: Can't check signature: No public key
dpkg-source: warning: failed to verify signature on ./dvbcut_0.7.1-1.dsc
dpkg-source: info: extracting dvbcut in /<<PKGBUILDDIR>>
dpkg-source: info: unpacking dvbcut_0.7.1.orig.tar.gz
dpkg-source: info: unpacking dvbcut_0.7.1-1.debian.tar.xz

Check disk space
----------------

Sufficient free space for build

User Environment
----------------

APT_CONFIG=/var/lib/sbuild/apt.conf
HOME=/sbuild-nonexistent
LC_ALL=POSIX
LOGNAME=user42
PATH=/usr/local/sbin:/usr/local/bin:/usr/sbin:/usr/bin:/sbin:/bin:/usr/games
SCHROOT_ALIAS_NAME=unstable-amd64-sbuild
SCHROOT_CHROOT_NAME=unstable-amd64-sbuild
SCHROOT_COMMAND=env
SCHROOT_GID=1001
SCHROOT_GROUP=user42
SCHROOT_SESSION_ID=unstable-amd64-sbuild-e79e11e3-996b-4631-a994-558b572e20d5
SCHROOT_UID=1001
SCHROOT_USER=user42
SHELL=/bin/sh
USER=user42

dpkg-buildpackage
-----------------

dpkg-buildpackage: info: source package dvbcut
dpkg-buildpackage: info: source version 0.7.1-1
dpkg-buildpackage: info: source distribution unstable
dpkg-buildpackage: info: source changed by Bernhard belacker <bernhardu@mailbox.org>
 dpkg-source --before-build dvbcut-0.7.1
dpkg-buildpackage: info: host architecture amd64
 fakeroot debian/rules clean
dh clean --buildsystem=autoconf --with=autoreconf,autotools-dev --parallel
   dh_testdir -O--buildsystem=autoconf -O--parallel
   debian/rules override_dh_auto_clean
make[1]: Entering directory '/<<PKGBUILDDIR>>'
[ ! -f Makefile ] || make -f Makefile distclean
dh_clean dvbcut.desktop src/Makefile configure
dh_clean
dh_auto_clean
make[1]: Leaving directory '/<<PKGBUILDDIR>>'
   dh_autoreconf_clean -O--buildsystem=autoconf -O--parallel
   dh_autotools-dev_restoreconfig -O--buildsystem=autoconf -O--parallel
   dh_clean -O--buildsystem=autoconf -O--parallel
 debian/rules build-arch
dh build-arch --buildsystem=autoconf --with=autoreconf,autotools-dev --parallel
   dh_testdir -a -O--buildsystem=autoconf -O--parallel
   dh_update_autotools_config -a -O--buildsystem=autoconf -O--parallel
   dh_autoreconf -a -O--buildsystem=autoconf -O--parallel
   dh_autotools-dev_updateconfig -a -O--buildsystem=autoconf -O--parallel
   dh_auto_configure -a -O--buildsystem=autoconf -O--parallel
	./configure --build=x86_64-linux-gnu --prefix=/usr --includedir=\${prefix}/include --mandir=\${prefix}/share/man --infodir=\${prefix}/share/info --sysconfdir=/etc --localstatedir=/var --disable-silent-rules --libdir=\${prefix}/lib/x86_64-linux-gnu --libexecdir=\${prefix}/lib/x86_64-linux-gnu --disable-maintainer-mode --disable-dependency-tracking
configure: WARNING: unrecognized options: --disable-silent-rules, --disable-maintainer-mode, --disable-dependency-tracking
checking build system type... x86_64-pc-linux-gnu
checking host system type... x86_64-pc-linux-gnu
checking target system type... x86_64-pc-linux-gnu
checking whether make sets $(MAKE)... yes
checking for gcc... gcc
checking whether the C compiler works... yes
checking for C compiler default output file name... a.out
checking for suffix of executables... 
checking whether we are cross compiling... no
checking for suffix of object files... o
checking whether we are using the GNU C compiler... yes
checking whether gcc accepts -g... yes
checking for gcc option to accept ISO C89... none needed
checking for g++... g++
checking whether we are using the GNU C++ compiler... yes
checking whether g++ accepts -g... yes
checking for a BSD-compatible install... /usr/bin/install -c
checking for strip... strip
checking for pkg-config... pkg-config
checking for main in -lswscale... yes
checking for mad_decoder_init in -lmad... yes
checking for a52_init in -la52... yes
checking for ao_initialize in -lao... yes
checking how to run the C preprocessor... gcc -E
checking for grep that handles long lines and -e... /bin/grep
checking for egrep... /bin/grep -E
checking for ANSI C header files... yes
checking for sys/types.h... yes
checking for sys/stat.h... yes
checking for stdlib.h... yes
checking for string.h... yes
checking for memory.h... yes
checking for strings.h... yes
checking for inttypes.h... yes
checking for stdint.h... yes
checking for unistd.h... yes
checking ao/ao.h usability... yes
checking ao/ao.h presence... yes
checking for ao/ao.h... yes
checking mad.h usability... yes
checking mad.h presence... yes
checking for mad.h... yes
checking for stdint.h... (cached) yes
checking a52dec/a52.h usability... yes
checking a52dec/a52.h presence... yes
checking for a52dec/a52.h... yes
checking for an ANSI C-conforming const... yes
checking for off_t... yes
checking for size_t... yes
checking for stdlib.h... (cached) yes
checking for unistd.h... (cached) yes
checking for sys/param.h... yes
checking for getpagesize... yes
checking for working mmap... yes
checking for main in -lQt5Core... yes
checking for main in -lQt5Gui... yes
checking for main in -lQt5Xml... yes
checking for main in -lQt5Widgets... yes
configure: creating ./config.status
config.status: creating Makefile
config.status: creating src/Makefile
config.status: creating dvbcut.desktop
configure: WARNING: unrecognized options: --disable-silent-rules, --disable-maintainer-mode, --disable-dependency-tracking
   dh_auto_build -a -O--buildsystem=autoconf -O--parallel
	make -j16
make[1]: Entering directory '/<<PKGBUILDDIR>>'
make -C src all
make[2]: Entering directory '/<<PKGBUILDDIR>>/src'
mkdir ../bin
moc -o moc_dvbcut.cpp dvbcut.h
moc -o moc_exportdialog.cpp exportdialog.h
moc -o moc_mplayererrorbase.cpp mplayererrorbase.h
moc -o moc_progressstatusbar.cpp progressstatusbar.h
moc -o moc_progresswindow.cpp progresswindow.h
rcc -name icons -o qrc_icons.cpp ../icons/icons.qrc
uic -o ui_dvbcutbase.h dvbcutbase.ui
uic -o ui_exportdialogbase.h exportdialogbase.ui
uic -o ui_mplayererrorbase.h mplayererrorbase.ui
uic -o ui_progresswindowbase.h progresswindowbase.ui
g++ -g -O2 -fdebug-prefix-map=/<<PKGBUILDDIR>>=. -fstack-protector-strong -Wformat -Werror=format-security -Wall -Wcast-align -DPACKAGE_NAME=\"\" -DPACKAGE_TARNAME=\"\" -DPACKAGE_VERSION=\"\" -DPACKAGE_STRING=\"\" -DPACKAGE_BUGREPORT=\"\" -DPACKAGE_URL=\"\" -DHAVE_LIB_SWSCALE=1 -DHAVE_LIB_MAD=1 -DHAVE_LIB_A52=1 -DHAVE_LIB_AO=1 -DSTDC_HEADERS=1 -DHAVE_SYS_TYPES_H=1 -DHAVE_SYS_STAT_H=1 -DHAVE_STDLIB_H=1 -DHAVE_STRING_H=1 -DHAVE_MEMORY_H=1 -DHAVE_STRINGS_H=1 -DHAVE_INTTYPES_H=1 -DHAVE_STDINT_H=1 -DHAVE_UNISTD_H=1 -DHAVE_AO_AO_H=1 -DHAVE_MAD_H=1 -DHAVE_STDINT_H=1 -DHAVE_A52DEC_A52_H=1 -DHAVE_STDLIB_H=1 -DHAVE_UNISTD_H=1 -DHAVE_SYS_PARAM_H=1 -DHAVE_GETPAGESIZE=1 -DHAVE_MMAP=1 -D__STDC_LIMIT_MACROS=1 -D__STDC_CONSTANT_MACROS=1 -D_FILE_OFFSET_BITS=64 -Wdate-time -D_FORTIFY_SOURCE=2 -DDVBCUT_VERSION=\"0.7.1-1\" -I/include -I/include/ffmpeg -I/include -fPIC -I/usr/include/x86_64-linux-gnu/qt5/QtXml -I/usr/include/x86_64-linux-gnu/qt5 -I/usr/include/x86_64-linux-gnu/qt5/QtWidgets -I/usr/include/x86_64-linux-gnu/qt5 -I/usr/include/x86_64-linux-gnu/qt5/QtGui -I/usr/include/x86_64-linux-gnu/qt5 -I/usr/include/x86_64-linux-gnu/qt5/QtCore -I/usr/include/x86_64-linux-gnu/qt5 -I. -Wdate-time -D_FORTIFY_SOURCE=2 -DDVBCUT_VERSION=\"0.7.1-1\" -I/include -I/include/ffmpeg -I/include -fPIC -I/usr/include/x86_64-linux-gnu/qt5/QtXml -I/usr/include/x86_64-linux-gnu/qt5 -I/usr/include/x86_64-linux-gnu/qt5/QtWidgets -I/usr/include/x86_64-linux-gnu/qt5 -I/usr/include/x86_64-linux-gnu/qt5/QtGui -I/usr/include/x86_64-linux-gnu/qt5 -I/usr/include/x86_64-linux-gnu/qt5/QtCore -I/usr/include/x86_64-linux-gnu/qt5 -I.  -c -o avframe.o avframe.cpp
g++ -g -O2 -fdebug-prefix-map=/<<PKGBUILDDIR>>=. -fstack-protector-strong -Wformat -Werror=format-security -Wall -Wcast-align -DPACKAGE_NAME=\"\" -DPACKAGE_TARNAME=\"\" -DPACKAGE_VERSION=\"\" -DPACKAGE_STRING=\"\" -DPACKAGE_BUGREPORT=\"\" -DPACKAGE_URL=\"\" -DHAVE_LIB_SWSCALE=1 -DHAVE_LIB_MAD=1 -DHAVE_LIB_A52=1 -DHAVE_LIB_AO=1 -DSTDC_HEADERS=1 -DHAVE_SYS_TYPES_H=1 -DHAVE_SYS_STAT_H=1 -DHAVE_STDLIB_H=1 -DHAVE_STRING_H=1 -DHAVE_MEMORY_H=1 -DHAVE_STRINGS_H=1 -DHAVE_INTTYPES_H=1 -DHAVE_STDINT_H=1 -DHAVE_UNISTD_H=1 -DHAVE_AO_AO_H=1 -DHAVE_MAD_H=1 -DHAVE_STDINT_H=1 -DHAVE_A52DEC_A52_H=1 -DHAVE_STDLIB_H=1 -DHAVE_UNISTD_H=1 -DHAVE_SYS_PARAM_H=1 -DHAVE_GETPAGESIZE=1 -DHAVE_MMAP=1 -D__STDC_LIMIT_MACROS=1 -D__STDC_CONSTANT_MACROS=1 -D_FILE_OFFSET_BITS=64 -Wdate-time -D_FORTIFY_SOURCE=2 -DDVBCUT_VERSION=\"0.7.1-1\" -I/include -I/include/ffmpeg -I/include -fPIC -I/usr/include/x86_64-linux-gnu/qt5/QtXml -I/usr/include/x86_64-linux-gnu/qt5 -I/usr/include/x86_64-linux-gnu/qt5/QtWidgets -I/usr/include/x86_64-linux-gnu/qt5 -I/usr/include/x86_64-linux-gnu/qt5/QtGui -I/usr/include/x86_64-linux-gnu/qt5 -I/usr/include/x86_64-linux-gnu/qt5/QtCore -I/usr/include/x86_64-linux-gnu/qt5 -I. -Wdate-time -D_FORTIFY_SOURCE=2 -DDVBCUT_VERSION=\"0.7.1-1\" -I/include -I/include/ffmpeg -I/include -fPIC -I/usr/include/x86_64-linux-gnu/qt5/QtXml -I/usr/include/x86_64-linux-gnu/qt5 -I/usr/include/x86_64-linux-gnu/qt5/QtWidgets -I/usr/include/x86_64-linux-gnu/qt5 -I/usr/include/x86_64-linux-gnu/qt5/QtGui -I/usr/include/x86_64-linux-gnu/qt5 -I/usr/include/x86_64-linux-gnu/qt5/QtCore -I/usr/include/x86_64-linux-gnu/qt5 -I.  -c -o differenceimageprovider.o differenceimageprovider.cpp
g++ -g -O2 -fdebug-prefix-map=/<<PKGBUILDDIR>>=. -fstack-protector-strong -Wformat -Werror=format-security -Wall -Wcast-align -DPACKAGE_NAME=\"\" -DPACKAGE_TARNAME=\"\" -DPACKAGE_VERSION=\"\" -DPACKAGE_STRING=\"\" -DPACKAGE_BUGREPORT=\"\" -DPACKAGE_URL=\"\" -DHAVE_LIB_SWSCALE=1 -DHAVE_LIB_MAD=1 -DHAVE_LIB_A52=1 -DHAVE_LIB_AO=1 -DSTDC_HEADERS=1 -DHAVE_SYS_TYPES_H=1 -DHAVE_SYS_STAT_H=1 -DHAVE_STDLIB_H=1 -DHAVE_STRING_H=1 -DHAVE_MEMORY_H=1 -DHAVE_STRINGS_H=1 -DHAVE_INTTYPES_H=1 -DHAVE_STDINT_H=1 -DHAVE_UNISTD_H=1 -DHAVE_AO_AO_H=1 -DHAVE_MAD_H=1 -DHAVE_STDINT_H=1 -DHAVE_A52DEC_A52_H=1 -DHAVE_STDLIB_H=1 -DHAVE_UNISTD_H=1 -DHAVE_SYS_PARAM_H=1 -DHAVE_GETPAGESIZE=1 -DHAVE_MMAP=1 -D__STDC_LIMIT_MACROS=1 -D__STDC_CONSTANT_MACROS=1 -D_FILE_OFFSET_BITS=64 -Wdate-time -D_FORTIFY_SOURCE=2 -DDVBCUT_VERSION=\"0.7.1-1\" -I/include -I/include/ffmpeg -I/include -fPIC -I/usr/include/x86_64-linux-gnu/qt5/QtXml -I/usr/include/x86_64-linux-gnu/qt5 -I/usr/include/x86_64-linux-gnu/qt5/QtWidgets -I/usr/include/x86_64-linux-gnu/qt5 -I/usr/include/x86_64-linux-gnu/qt5/QtGui -I/usr/include/x86_64-linux-gnu/qt5 -I/usr/include/x86_64-linux-gnu/qt5/QtCore -I/usr/include/x86_64-linux-gnu/qt5 -I. -Wdate-time -D_FORTIFY_SOURCE=2 -DDVBCUT_VERSION=\"0.7.1-1\" -I/include -I/include/ffmpeg -I/include -fPIC -I/usr/include/x86_64-linux-gnu/qt5/QtXml -I/usr/include/x86_64-linux-gnu/qt5 -I/usr/include/x86_64-linux-gnu/qt5/QtWidgets -I/usr/include/x86_64-linux-gnu/qt5 -I/usr/include/x86_64-linux-gnu/qt5/QtGui -I/usr/include/x86_64-linux-gnu/qt5 -I/usr/include/x86_64-linux-gnu/qt5/QtCore -I/usr/include/x86_64-linux-gnu/qt5 -I.  -c -o buffer.o buffer.cpp
g++ -g -O2 -fdebug-prefix-map=/<<PKGBUILDDIR>>=. -fstack-protector-strong -Wformat -Werror=format-security -Wall -Wcast-align -DPACKAGE_NAME=\"\" -DPACKAGE_TARNAME=\"\" -DPACKAGE_VERSION=\"\" -DPACKAGE_STRING=\"\" -DPACKAGE_BUGREPORT=\"\" -DPACKAGE_URL=\"\" -DHAVE_LIB_SWSCALE=1 -DHAVE_LIB_MAD=1 -DHAVE_LIB_A52=1 -DHAVE_LIB_AO=1 -DSTDC_HEADERS=1 -DHAVE_SYS_TYPES_H=1 -DHAVE_SYS_STAT_H=1 -DHAVE_STDLIB_H=1 -DHAVE_STRING_H=1 -DHAVE_MEMORY_H=1 -DHAVE_STRINGS_H=1 -DHAVE_INTTYPES_H=1 -DHAVE_STDINT_H=1 -DHAVE_UNISTD_H=1 -DHAVE_AO_AO_H=1 -DHAVE_MAD_H=1 -DHAVE_STDINT_H=1 -DHAVE_A52DEC_A52_H=1 -DHAVE_STDLIB_H=1 -DHAVE_UNISTD_H=1 -DHAVE_SYS_PARAM_H=1 -DHAVE_GETPAGESIZE=1 -DHAVE_MMAP=1 -D__STDC_LIMIT_MACROS=1 -D__STDC_CONSTANT_MACROS=1 -D_FILE_OFFSET_BITS=64 -Wdate-time -D_FORTIFY_SOURCE=2 -DDVBCUT_VERSION=\"0.7.1-1\" -I/include -I/include/ffmpeg -I/include -fPIC -I/usr/include/x86_64-linux-gnu/qt5/QtXml -I/usr/include/x86_64-linux-gnu/qt5 -I/usr/include/x86_64-linux-gnu/qt5/QtWidgets -I/usr/include/x86_64-linux-gnu/qt5 -I/usr/include/x86_64-linux-gnu/qt5/QtGui -I/usr/include/x86_64-linux-gnu/qt5 -I/usr/include/x86_64-linux-gnu/qt5/QtCore -I/usr/include/x86_64-linux-gnu/qt5 -I. -Wdate-time -D_FORTIFY_SOURCE=2 -DDVBCUT_VERSION=\"0.7.1-1\" -I/include -I/include/ffmpeg -I/include -fPIC -I/usr/include/x86_64-linux-gnu/qt5/QtXml -I/usr/include/x86_64-linux-gnu/qt5 -I/usr/include/x86_64-linux-gnu/qt5/QtWidgets -I/usr/include/x86_64-linux-gnu/qt5 -I/usr/include/x86_64-linux-gnu/qt5/QtGui -I/usr/include/x86_64-linux-gnu/qt5 -I/usr/include/x86_64-linux-gnu/qt5/QtCore -I/usr/include/x86_64-linux-gnu/qt5 -I.  -c -o dvbcut.o dvbcut.cpp
g++ -g -O2 -fdebug-prefix-map=/<<PKGBUILDDIR>>=. -fstack-protector-strong -Wformat -Werror=format-security -Wall -Wcast-align -DPACKAGE_NAME=\"\" -DPACKAGE_TARNAME=\"\" -DPACKAGE_VERSION=\"\" -DPACKAGE_STRING=\"\" -DPACKAGE_BUGREPORT=\"\" -DPACKAGE_URL=\"\" -DHAVE_LIB_SWSCALE=1 -DHAVE_LIB_MAD=1 -DHAVE_LIB_A52=1 -DHAVE_LIB_AO=1 -DSTDC_HEADERS=1 -DHAVE_SYS_TYPES_H=1 -DHAVE_SYS_STAT_H=1 -DHAVE_STDLIB_H=1 -DHAVE_STRING_H=1 -DHAVE_MEMORY_H=1 -DHAVE_STRINGS_H=1 -DHAVE_INTTYPES_H=1 -DHAVE_STDINT_H=1 -DHAVE_UNISTD_H=1 -DHAVE_AO_AO_H=1 -DHAVE_MAD_H=1 -DHAVE_STDINT_H=1 -DHAVE_A52DEC_A52_H=1 -DHAVE_STDLIB_H=1 -DHAVE_UNISTD_H=1 -DHAVE_SYS_PARAM_H=1 -DHAVE_GETPAGESIZE=1 -DHAVE_MMAP=1 -D__STDC_LIMIT_MACROS=1 -D__STDC_CONSTANT_MACROS=1 -D_FILE_OFFSET_BITS=64 -Wdate-time -D_FORTIFY_SOURCE=2 -DDVBCUT_VERSION=\"0.7.1-1\" -I/include -I/include/ffmpeg -I/include -fPIC -I/usr/include/x86_64-linux-gnu/qt5/QtXml -I/usr/include/x86_64-linux-gnu/qt5 -I/usr/include/x86_64-linux-gnu/qt5/QtWidgets -I/usr/include/x86_64-linux-gnu/qt5 -I/usr/include/x86_64-linux-gnu/qt5/QtGui -I/usr/include/x86_64-linux-gnu/qt5 -I/usr/include/x86_64-linux-gnu/qt5/QtCore -I/usr/include/x86_64-linux-gnu/qt5 -I. -Wdate-time -D_FORTIFY_SOURCE=2 -DDVBCUT_VERSION=\"0.7.1-1\" -I/include -I/include/ffmpeg -I/include -fPIC -I/usr/include/x86_64-linux-gnu/qt5/QtXml -I/usr/include/x86_64-linux-gnu/qt5 -I/usr/include/x86_64-linux-gnu/qt5/QtWidgets -I/usr/include/x86_64-linux-gnu/qt5 -I/usr/include/x86_64-linux-gnu/qt5/QtGui -I/usr/include/x86_64-linux-gnu/qt5 -I/usr/include/x86_64-linux-gnu/qt5/QtCore -I/usr/include/x86_64-linux-gnu/qt5 -I.  -c -o eventlistitem.o eventlistitem.cpp
g++ -g -O2 -fdebug-prefix-map=/<<PKGBUILDDIR>>=. -fstack-protector-strong -Wformat -Werror=format-security -Wall -Wcast-align -DPACKAGE_NAME=\"\" -DPACKAGE_TARNAME=\"\" -DPACKAGE_VERSION=\"\" -DPACKAGE_STRING=\"\" -DPACKAGE_BUGREPORT=\"\" -DPACKAGE_URL=\"\" -DHAVE_LIB_SWSCALE=1 -DHAVE_LIB_MAD=1 -DHAVE_LIB_A52=1 -DHAVE_LIB_AO=1 -DSTDC_HEADERS=1 -DHAVE_SYS_TYPES_H=1 -DHAVE_SYS_STAT_H=1 -DHAVE_STDLIB_H=1 -DHAVE_STRING_H=1 -DHAVE_MEMORY_H=1 -DHAVE_STRINGS_H=1 -DHAVE_INTTYPES_H=1 -DHAVE_STDINT_H=1 -DHAVE_UNISTD_H=1 -DHAVE_AO_AO_H=1 -DHAVE_MAD_H=1 -DHAVE_STDINT_H=1 -DHAVE_A52DEC_A52_H=1 -DHAVE_STDLIB_H=1 -DHAVE_UNISTD_H=1 -DHAVE_SYS_PARAM_H=1 -DHAVE_GETPAGESIZE=1 -DHAVE_MMAP=1 -D__STDC_LIMIT_MACROS=1 -D__STDC_CONSTANT_MACROS=1 -D_FILE_OFFSET_BITS=64 -Wdate-time -D_FORTIFY_SOURCE=2 -DDVBCUT_VERSION=\"0.7.1-1\" -I/include -I/include/ffmpeg -I/include -fPIC -I/usr/include/x86_64-linux-gnu/qt5/QtXml -I/usr/include/x86_64-linux-gnu/qt5 -I/usr/include/x86_64-linux-gnu/qt5/QtWidgets -I/usr/include/x86_64-linux-gnu/qt5 -I/usr/include/x86_64-linux-gnu/qt5/QtGui -I/usr/include/x86_64-linux-gnu/qt5 -I/usr/include/x86_64-linux-gnu/qt5/QtCore -I/usr/include/x86_64-linux-gnu/qt5 -I. -Wdate-time -D_FORTIFY_SOURCE=2 -DDVBCUT_VERSION=\"0.7.1-1\" -I/include -I/include/ffmpeg -I/include -fPIC -I/usr/include/x86_64-linux-gnu/qt5/QtXml -I/usr/include/x86_64-linux-gnu/qt5 -I/usr/include/x86_64-linux-gnu/qt5/QtWidgets -I/usr/include/x86_64-linux-gnu/qt5 -I/usr/include/x86_64-linux-gnu/qt5/QtGui -I/usr/include/x86_64-linux-gnu/qt5 -I/usr/include/x86_64-linux-gnu/qt5/QtCore -I/usr/include/x86_64-linux-gnu/qt5 -I.  -c -o exception.o exception.cpp
g++ -g -O2 -fdebug-prefix-map=/<<PKGBUILDDIR>>=. -fstack-protector-strong -Wformat -Werror=format-security -Wall -Wcast-align -DPACKAGE_NAME=\"\" -DPACKAGE_TARNAME=\"\" -DPACKAGE_VERSION=\"\" -DPACKAGE_STRING=\"\" -DPACKAGE_BUGREPORT=\"\" -DPACKAGE_URL=\"\" -DHAVE_LIB_SWSCALE=1 -DHAVE_LIB_MAD=1 -DHAVE_LIB_A52=1 -DHAVE_LIB_AO=1 -DSTDC_HEADERS=1 -DHAVE_SYS_TYPES_H=1 -DHAVE_SYS_STAT_H=1 -DHAVE_STDLIB_H=1 -DHAVE_STRING_H=1 -DHAVE_MEMORY_H=1 -DHAVE_STRINGS_H=1 -DHAVE_INTTYPES_H=1 -DHAVE_STDINT_H=1 -DHAVE_UNISTD_H=1 -DHAVE_AO_AO_H=1 -DHAVE_MAD_H=1 -DHAVE_STDINT_H=1 -DHAVE_A52DEC_A52_H=1 -DHAVE_STDLIB_H=1 -DHAVE_UNISTD_H=1 -DHAVE_SYS_PARAM_H=1 -DHAVE_GETPAGESIZE=1 -DHAVE_MMAP=1 -D__STDC_LIMIT_MACROS=1 -D__STDC_CONSTANT_MACROS=1 -D_FILE_OFFSET_BITS=64 -Wdate-time -D_FORTIFY_SOURCE=2 -DDVBCUT_VERSION=\"0.7.1-1\" -I/include -I/include/ffmpeg -I/include -fPIC -I/usr/include/x86_64-linux-gnu/qt5/QtXml -I/usr/include/x86_64-linux-gnu/qt5 -I/usr/include/x86_64-linux-gnu/qt5/QtWidgets -I/usr/include/x86_64-linux-gnu/qt5 -I/usr/include/x86_64-linux-gnu/qt5/QtGui -I/usr/include/x86_64-linux-gnu/qt5 -I/usr/include/x86_64-linux-gnu/qt5/QtCore -I/usr/include/x86_64-linux-gnu/qt5 -I. -Wdate-time -D_FORTIFY_SOURCE=2 -DDVBCUT_VERSION=\"0.7.1-1\" -I/include -I/include/ffmpeg -I/include -fPIC -I/usr/include/x86_64-linux-gnu/qt5/QtXml -I/usr/include/x86_64-linux-gnu/qt5 -I/usr/include/x86_64-linux-gnu/qt5/QtWidgets -I/usr/include/x86_64-linux-gnu/qt5 -I/usr/include/x86_64-linux-gnu/qt5/QtGui -I/usr/include/x86_64-linux-gnu/qt5 -I/usr/include/x86_64-linux-gnu/qt5/QtCore -I/usr/include/x86_64-linux-gnu/qt5 -I.  -c -o exportdialog.o exportdialog.cpp
g++ -g -O2 -fdebug-prefix-map=/<<PKGBUILDDIR>>=. -fstack-protector-strong -Wformat -Werror=format-security -Wall -Wcast-align -DPACKAGE_NAME=\"\" -DPACKAGE_TARNAME=\"\" -DPACKAGE_VERSION=\"\" -DPACKAGE_STRING=\"\" -DPACKAGE_BUGREPORT=\"\" -DPACKAGE_URL=\"\" -DHAVE_LIB_SWSCALE=1 -DHAVE_LIB_MAD=1 -DHAVE_LIB_A52=1 -DHAVE_LIB_AO=1 -DSTDC_HEADERS=1 -DHAVE_SYS_TYPES_H=1 -DHAVE_SYS_STAT_H=1 -DHAVE_STDLIB_H=1 -DHAVE_STRING_H=1 -DHAVE_MEMORY_H=1 -DHAVE_STRINGS_H=1 -DHAVE_INTTYPES_H=1 -DHAVE_STDINT_H=1 -DHAVE_UNISTD_H=1 -DHAVE_AO_AO_H=1 -DHAVE_MAD_H=1 -DHAVE_STDINT_H=1 -DHAVE_A52DEC_A52_H=1 -DHAVE_STDLIB_H=1 -DHAVE_UNISTD_H=1 -DHAVE_SYS_PARAM_H=1 -DHAVE_GETPAGESIZE=1 -DHAVE_MMAP=1 -D__STDC_LIMIT_MACROS=1 -D__STDC_CONSTANT_MACROS=1 -D_FILE_OFFSET_BITS=64 -Wdate-time -D_FORTIFY_SOURCE=2 -DDVBCUT_VERSION=\"0.7.1-1\" -I/include -I/include/ffmpeg -I/include -fPIC -I/usr/include/x86_64-linux-gnu/qt5/QtXml -I/usr/include/x86_64-linux-gnu/qt5 -I/usr/include/x86_64-linux-gnu/qt5/QtWidgets -I/usr/include/x86_64-linux-gnu/qt5 -I/usr/include/x86_64-linux-gnu/qt5/QtGui -I/usr/include/x86_64-linux-gnu/qt5 -I/usr/include/x86_64-linux-gnu/qt5/QtCore -I/usr/include/x86_64-linux-gnu/qt5 -I. -Wdate-time -D_FORTIFY_SOURCE=2 -DDVBCUT_VERSION=\"0.7.1-1\" -I/include -I/include/ffmpeg -I/include -fPIC -I/usr/include/x86_64-linux-gnu/qt5/QtXml -I/usr/include/x86_64-linux-gnu/qt5 -I/usr/include/x86_64-linux-gnu/qt5/QtWidgets -I/usr/include/x86_64-linux-gnu/qt5 -I/usr/include/x86_64-linux-gnu/qt5/QtGui -I/usr/include/x86_64-linux-gnu/qt5 -I/usr/include/x86_64-linux-gnu/qt5/QtCore -I/usr/include/x86_64-linux-gnu/qt5 -I.  -c -o imageprovider.o imageprovider.cpp
g++ -g -O2 -fdebug-prefix-map=/<<PKGBUILDDIR>>=. -fstack-protector-strong -Wformat -Werror=format-security -Wall -Wcast-align -DPACKAGE_NAME=\"\" -DPACKAGE_TARNAME=\"\" -DPACKAGE_VERSION=\"\" -DPACKAGE_STRING=\"\" -DPACKAGE_BUGREPORT=\"\" -DPACKAGE_URL=\"\" -DHAVE_LIB_SWSCALE=1 -DHAVE_LIB_MAD=1 -DHAVE_LIB_A52=1 -DHAVE_LIB_AO=1 -DSTDC_HEADERS=1 -DHAVE_SYS_TYPES_H=1 -DHAVE_SYS_STAT_H=1 -DHAVE_STDLIB_H=1 -DHAVE_STRING_H=1 -DHAVE_MEMORY_H=1 -DHAVE_STRINGS_H=1 -DHAVE_INTTYPES_H=1 -DHAVE_STDINT_H=1 -DHAVE_UNISTD_H=1 -DHAVE_AO_AO_H=1 -DHAVE_MAD_H=1 -DHAVE_STDINT_H=1 -DHAVE_A52DEC_A52_H=1 -DHAVE_STDLIB_H=1 -DHAVE_UNISTD_H=1 -DHAVE_SYS_PARAM_H=1 -DHAVE_GETPAGESIZE=1 -DHAVE_MMAP=1 -D__STDC_LIMIT_MACROS=1 -D__STDC_CONSTANT_MACROS=1 -D_FILE_OFFSET_BITS=64 -Wdate-time -D_FORTIFY_SOURCE=2 -DDVBCUT_VERSION=\"0.7.1-1\" -I/include -I/include/ffmpeg -I/include -fPIC -I/usr/include/x86_64-linux-gnu/qt5/QtXml -I/usr/include/x86_64-linux-gnu/qt5 -I/usr/include/x86_64-linux-gnu/qt5/QtWidgets -I/usr/include/x86_64-linux-gnu/qt5 -I/usr/include/x86_64-linux-gnu/qt5/QtGui -I/usr/include/x86_64-linux-gnu/qt5 -I/usr/include/x86_64-linux-gnu/qt5/QtCore -I/usr/include/x86_64-linux-gnu/qt5 -I. -Wdate-time -D_FORTIFY_SOURCE=2 -DDVBCUT_VERSION=\"0.7.1-1\" -I/include -I/include/ffmpeg -I/include -fPIC -I/usr/include/x86_64-linux-gnu/qt5/QtXml -I/usr/include/x86_64-linux-gnu/qt5 -I/usr/include/x86_64-linux-gnu/qt5/QtWidgets -I/usr/include/x86_64-linux-gnu/qt5 -I/usr/include/x86_64-linux-gnu/qt5/QtGui -I/usr/include/x86_64-linux-gnu/qt5 -I/usr/include/x86_64-linux-gnu/qt5/QtCore -I/usr/include/x86_64-linux-gnu/qt5 -I.  -c -o index.o index.cpp
g++ -g -O2 -fdebug-prefix-map=/<<PKGBUILDDIR>>=. -fstack-protector-strong -Wformat -Werror=format-security -Wall -Wcast-align -DPACKAGE_NAME=\"\" -DPACKAGE_TARNAME=\"\" -DPACKAGE_VERSION=\"\" -DPACKAGE_STRING=\"\" -DPACKAGE_BUGREPORT=\"\" -DPACKAGE_URL=\"\" -DHAVE_LIB_SWSCALE=1 -DHAVE_LIB_MAD=1 -DHAVE_LIB_A52=1 -DHAVE_LIB_AO=1 -DSTDC_HEADERS=1 -DHAVE_SYS_TYPES_H=1 -DHAVE_SYS_STAT_H=1 -DHAVE_STDLIB_H=1 -DHAVE_STRING_H=1 -DHAVE_MEMORY_H=1 -DHAVE_STRINGS_H=1 -DHAVE_INTTYPES_H=1 -DHAVE_STDINT_H=1 -DHAVE_UNISTD_H=1 -DHAVE_AO_AO_H=1 -DHAVE_MAD_H=1 -DHAVE_STDINT_H=1 -DHAVE_A52DEC_A52_H=1 -DHAVE_STDLIB_H=1 -DHAVE_UNISTD_H=1 -DHAVE_SYS_PARAM_H=1 -DHAVE_GETPAGESIZE=1 -DHAVE_MMAP=1 -D__STDC_LIMIT_MACROS=1 -D__STDC_CONSTANT_MACROS=1 -D_FILE_OFFSET_BITS=64 -Wdate-time -D_FORTIFY_SOURCE=2 -DDVBCUT_VERSION=\"0.7.1-1\" -I/include -I/include/ffmpeg -I/include -fPIC -I/usr/include/x86_64-linux-gnu/qt5/QtXml -I/usr/include/x86_64-linux-gnu/qt5 -I/usr/include/x86_64-linux-gnu/qt5/QtWidgets -I/usr/include/x86_64-linux-gnu/qt5 -I/usr/include/x86_64-linux-gnu/qt5/QtGui -I/usr/include/x86_64-linux-gnu/qt5 -I/usr/include/x86_64-linux-gnu/qt5/QtCore -I/usr/include/x86_64-linux-gnu/qt5 -I. -Wdate-time -D_FORTIFY_SOURCE=2 -DDVBCUT_VERSION=\"0.7.1-1\" -I/include -I/include/ffmpeg -I/include -fPIC -I/usr/include/x86_64-linux-gnu/qt5/QtXml -I/usr/include/x86_64-linux-gnu/qt5 -I/usr/include/x86_64-linux-gnu/qt5/QtWidgets -I/usr/include/x86_64-linux-gnu/qt5 -I/usr/include/x86_64-linux-gnu/qt5/QtGui -I/usr/include/x86_64-linux-gnu/qt5 -I/usr/include/x86_64-linux-gnu/qt5/QtCore -I/usr/include/x86_64-linux-gnu/qt5 -I.  -c -o lavfmuxer.o lavfmuxer.cpp
g++ -g -O2 -fdebug-prefix-map=/<<PKGBUILDDIR>>=. -fstack-protector-strong -Wformat -Werror=format-security -Wall -Wcast-align -DPACKAGE_NAME=\"\" -DPACKAGE_TARNAME=\"\" -DPACKAGE_VERSION=\"\" -DPACKAGE_STRING=\"\" -DPACKAGE_BUGREPORT=\"\" -DPACKAGE_URL=\"\" -DHAVE_LIB_SWSCALE=1 -DHAVE_LIB_MAD=1 -DHAVE_LIB_A52=1 -DHAVE_LIB_AO=1 -DSTDC_HEADERS=1 -DHAVE_SYS_TYPES_H=1 -DHAVE_SYS_STAT_H=1 -DHAVE_STDLIB_H=1 -DHAVE_STRING_H=1 -DHAVE_MEMORY_H=1 -DHAVE_STRINGS_H=1 -DHAVE_INTTYPES_H=1 -DHAVE_STDINT_H=1 -DHAVE_UNISTD_H=1 -DHAVE_AO_AO_H=1 -DHAVE_MAD_H=1 -DHAVE_STDINT_H=1 -DHAVE_A52DEC_A52_H=1 -DHAVE_STDLIB_H=1 -DHAVE_UNISTD_H=1 -DHAVE_SYS_PARAM_H=1 -DHAVE_GETPAGESIZE=1 -DHAVE_MMAP=1 -D__STDC_LIMIT_MACROS=1 -D__STDC_CONSTANT_MACROS=1 -D_FILE_OFFSET_BITS=64 -Wdate-time -D_FORTIFY_SOURCE=2 -DDVBCUT_VERSION=\"0.7.1-1\" -I/include -I/include/ffmpeg -I/include -fPIC -I/usr/include/x86_64-linux-gnu/qt5/QtXml -I/usr/include/x86_64-linux-gnu/qt5 -I/usr/include/x86_64-linux-gnu/qt5/QtWidgets -I/usr/include/x86_64-linux-gnu/qt5 -I/usr/include/x86_64-linux-gnu/qt5/QtGui -I/usr/include/x86_64-linux-gnu/qt5 -I/usr/include/x86_64-linux-gnu/qt5/QtCore -I/usr/include/x86_64-linux-gnu/qt5 -I. -Wdate-time -D_FORTIFY_SOURCE=2 -DDVBCUT_VERSION=\"0.7.1-1\" -I/include -I/include/ffmpeg -I/include -fPIC -I/usr/include/x86_64-linux-gnu/qt5/QtXml -I/usr/include/x86_64-linux-gnu/qt5 -I/usr/include/x86_64-linux-gnu/qt5/QtWidgets -I/usr/include/x86_64-linux-gnu/qt5 -I/usr/include/x86_64-linux-gnu/qt5/QtGui -I/usr/include/x86_64-linux-gnu/qt5 -I/usr/include/x86_64-linux-gnu/qt5/QtCore -I/usr/include/x86_64-linux-gnu/qt5 -I.  -c -o logoutput.o logoutput.cpp
g++ -g -O2 -fdebug-prefix-map=/<<PKGBUILDDIR>>=. -fstack-protector-strong -Wformat -Werror=format-security -Wall -Wcast-align -DPACKAGE_NAME=\"\" -DPACKAGE_TARNAME=\"\" -DPACKAGE_VERSION=\"\" -DPACKAGE_STRING=\"\" -DPACKAGE_BUGREPORT=\"\" -DPACKAGE_URL=\"\" -DHAVE_LIB_SWSCALE=1 -DHAVE_LIB_MAD=1 -DHAVE_LIB_A52=1 -DHAVE_LIB_AO=1 -DSTDC_HEADERS=1 -DHAVE_SYS_TYPES_H=1 -DHAVE_SYS_STAT_H=1 -DHAVE_STDLIB_H=1 -DHAVE_STRING_H=1 -DHAVE_MEMORY_H=1 -DHAVE_STRINGS_H=1 -DHAVE_INTTYPES_H=1 -DHAVE_STDINT_H=1 -DHAVE_UNISTD_H=1 -DHAVE_AO_AO_H=1 -DHAVE_MAD_H=1 -DHAVE_STDINT_H=1 -DHAVE_A52DEC_A52_H=1 -DHAVE_STDLIB_H=1 -DHAVE_UNISTD_H=1 -DHAVE_SYS_PARAM_H=1 -DHAVE_GETPAGESIZE=1 -DHAVE_MMAP=1 -D__STDC_LIMIT_MACROS=1 -D__STDC_CONSTANT_MACROS=1 -D_FILE_OFFSET_BITS=64 -Wdate-time -D_FORTIFY_SOURCE=2 -DDVBCUT_VERSION=\"0.7.1-1\" -I/include -I/include/ffmpeg -I/include -fPIC -I/usr/include/x86_64-linux-gnu/qt5/QtXml -I/usr/include/x86_64-linux-gnu/qt5 -I/usr/include/x86_64-linux-gnu/qt5/QtWidgets -I/usr/include/x86_64-linux-gnu/qt5 -I/usr/include/x86_64-linux-gnu/qt5/QtGui -I/usr/include/x86_64-linux-gnu/qt5 -I/usr/include/x86_64-linux-gnu/qt5/QtCore -I/usr/include/x86_64-linux-gnu/qt5 -I. -Wdate-time -D_FORTIFY_SOURCE=2 -DDVBCUT_VERSION=\"0.7.1-1\" -I/include -I/include/ffmpeg -I/include -fPIC -I/usr/include/x86_64-linux-gnu/qt5/QtXml -I/usr/include/x86_64-linux-gnu/qt5 -I/usr/include/x86_64-linux-gnu/qt5/QtWidgets -I/usr/include/x86_64-linux-gnu/qt5 -I/usr/include/x86_64-linux-gnu/qt5/QtGui -I/usr/include/x86_64-linux-gnu/qt5 -I/usr/include/x86_64-linux-gnu/qt5/QtCore -I/usr/include/x86_64-linux-gnu/qt5 -I.  -c -o main.o main.cpp
g++ -g -O2 -fdebug-prefix-map=/<<PKGBUILDDIR>>=. -fstack-protector-strong -Wformat -Werror=format-security -Wall -Wcast-align -DPACKAGE_NAME=\"\" -DPACKAGE_TARNAME=\"\" -DPACKAGE_VERSION=\"\" -DPACKAGE_STRING=\"\" -DPACKAGE_BUGREPORT=\"\" -DPACKAGE_URL=\"\" -DHAVE_LIB_SWSCALE=1 -DHAVE_LIB_MAD=1 -DHAVE_LIB_A52=1 -DHAVE_LIB_AO=1 -DSTDC_HEADERS=1 -DHAVE_SYS_TYPES_H=1 -DHAVE_SYS_STAT_H=1 -DHAVE_STDLIB_H=1 -DHAVE_STRING_H=1 -DHAVE_MEMORY_H=1 -DHAVE_STRINGS_H=1 -DHAVE_INTTYPES_H=1 -DHAVE_STDINT_H=1 -DHAVE_UNISTD_H=1 -DHAVE_AO_AO_H=1 -DHAVE_MAD_H=1 -DHAVE_STDINT_H=1 -DHAVE_A52DEC_A52_H=1 -DHAVE_STDLIB_H=1 -DHAVE_UNISTD_H=1 -DHAVE_SYS_PARAM_H=1 -DHAVE_GETPAGESIZE=1 -DHAVE_MMAP=1 -D__STDC_LIMIT_MACROS=1 -D__STDC_CONSTANT_MACROS=1 -D_FILE_OFFSET_BITS=64 -Wdate-time -D_FORTIFY_SOURCE=2 -DDVBCUT_VERSION=\"0.7.1-1\" -I/include -I/include/ffmpeg -I/include -fPIC -I/usr/include/x86_64-linux-gnu/qt5/QtXml -I/usr/include/x86_64-linux-gnu/qt5 -I/usr/include/x86_64-linux-gnu/qt5/QtWidgets -I/usr/include/x86_64-linux-gnu/qt5 -I/usr/include/x86_64-linux-gnu/qt5/QtGui -I/usr/include/x86_64-linux-gnu/qt5 -I/usr/include/x86_64-linux-gnu/qt5/QtCore -I/usr/include/x86_64-linux-gnu/qt5 -I. -Wdate-time -D_FORTIFY_SOURCE=2 -DDVBCUT_VERSION=\"0.7.1-1\" -I/include -I/include/ffmpeg -I/include -fPIC -I/usr/include/x86_64-linux-gnu/qt5/QtXml -I/usr/include/x86_64-linux-gnu/qt5 -I/usr/include/x86_64-linux-gnu/qt5/QtWidgets -I/usr/include/x86_64-linux-gnu/qt5 -I/usr/include/x86_64-linux-gnu/qt5/QtGui -I/usr/include/x86_64-linux-gnu/qt5 -I/usr/include/x86_64-linux-gnu/qt5/QtCore -I/usr/include/x86_64-linux-gnu/qt5 -I.  -c -o mpegmuxer.o mpegmuxer.cpp
g++ -g -O2 -fdebug-prefix-map=/<<PKGBUILDDIR>>=. -fstack-protector-strong -Wformat -Werror=format-security -Wall -Wcast-align -DPACKAGE_NAME=\"\" -DPACKAGE_TARNAME=\"\" -DPACKAGE_VERSION=\"\" -DPACKAGE_STRING=\"\" -DPACKAGE_BUGREPORT=\"\" -DPACKAGE_URL=\"\" -DHAVE_LIB_SWSCALE=1 -DHAVE_LIB_MAD=1 -DHAVE_LIB_A52=1 -DHAVE_LIB_AO=1 -DSTDC_HEADERS=1 -DHAVE_SYS_TYPES_H=1 -DHAVE_SYS_STAT_H=1 -DHAVE_STDLIB_H=1 -DHAVE_STRING_H=1 -DHAVE_MEMORY_H=1 -DHAVE_STRINGS_H=1 -DHAVE_INTTYPES_H=1 -DHAVE_STDINT_H=1 -DHAVE_UNISTD_H=1 -DHAVE_AO_AO_H=1 -DHAVE_MAD_H=1 -DHAVE_STDINT_H=1 -DHAVE_A52DEC_A52_H=1 -DHAVE_STDLIB_H=1 -DHAVE_UNISTD_H=1 -DHAVE_SYS_PARAM_H=1 -DHAVE_GETPAGESIZE=1 -DHAVE_MMAP=1 -D__STDC_LIMIT_MACROS=1 -D__STDC_CONSTANT_MACROS=1 -D_FILE_OFFSET_BITS=64 -Wdate-time -D_FORTIFY_SOURCE=2 -DDVBCUT_VERSION=\"0.7.1-1\" -I/include -I/include/ffmpeg -I/include -fPIC -I/usr/include/x86_64-linux-gnu/qt5/QtXml -I/usr/include/x86_64-linux-gnu/qt5 -I/usr/include/x86_64-linux-gnu/qt5/QtWidgets -I/usr/include/x86_64-linux-gnu/qt5 -I/usr/include/x86_64-linux-gnu/qt5/QtGui -I/usr/include/x86_64-linux-gnu/qt5 -I/usr/include/x86_64-linux-gnu/qt5/QtCore -I/usr/include/x86_64-linux-gnu/qt5 -I. -Wdate-time -D_FORTIFY_SOURCE=2 -DDVBCUT_VERSION=\"0.7.1-1\" -I/include -I/include/ffmpeg -I/include -fPIC -I/usr/include/x86_64-linux-gnu/qt5/QtXml -I/usr/include/x86_64-linux-gnu/qt5 -I/usr/include/x86_64-linux-gnu/qt5/QtWidgets -I/usr/include/x86_64-linux-gnu/qt5 -I/usr/include/x86_64-linux-gnu/qt5/QtGui -I/usr/include/x86_64-linux-gnu/qt5 -I/usr/include/x86_64-linux-gnu/qt5/QtCore -I/usr/include/x86_64-linux-gnu/qt5 -I.  -c -o mpgfile.o mpgfile.cpp
g++ -g -O2 -fdebug-prefix-map=/<<PKGBUILDDIR>>=. -fstack-protector-strong -Wformat -Werror=format-security -Wall -Wcast-align -DPACKAGE_NAME=\"\" -DPACKAGE_TARNAME=\"\" -DPACKAGE_VERSION=\"\" -DPACKAGE_STRING=\"\" -DPACKAGE_BUGREPORT=\"\" -DPACKAGE_URL=\"\" -DHAVE_LIB_SWSCALE=1 -DHAVE_LIB_MAD=1 -DHAVE_LIB_A52=1 -DHAVE_LIB_AO=1 -DSTDC_HEADERS=1 -DHAVE_SYS_TYPES_H=1 -DHAVE_SYS_STAT_H=1 -DHAVE_STDLIB_H=1 -DHAVE_STRING_H=1 -DHAVE_MEMORY_H=1 -DHAVE_STRINGS_H=1 -DHAVE_INTTYPES_H=1 -DHAVE_STDINT_H=1 -DHAVE_UNISTD_H=1 -DHAVE_AO_AO_H=1 -DHAVE_MAD_H=1 -DHAVE_STDINT_H=1 -DHAVE_A52DEC_A52_H=1 -DHAVE_STDLIB_H=1 -DHAVE_UNISTD_H=1 -DHAVE_SYS_PARAM_H=1 -DHAVE_GETPAGESIZE=1 -DHAVE_MMAP=1 -D__STDC_LIMIT_MACROS=1 -D__STDC_CONSTANT_MACROS=1 -D_FILE_OFFSET_BITS=64 -Wdate-time -D_FORTIFY_SOURCE=2 -DDVBCUT_VERSION=\"0.7.1-1\" -I/include -I/include/ffmpeg -I/include -fPIC -I/usr/include/x86_64-linux-gnu/qt5/QtXml -I/usr/include/x86_64-linux-gnu/qt5 -I/usr/include/x86_64-linux-gnu/qt5/QtWidgets -I/usr/include/x86_64-linux-gnu/qt5 -I/usr/include/x86_64-linux-gnu/qt5/QtGui -I/usr/include/x86_64-linux-gnu/qt5 -I/usr/include/x86_64-linux-gnu/qt5/QtCore -I/usr/include/x86_64-linux-gnu/qt5 -I. -Wdate-time -D_FORTIFY_SOURCE=2 -DDVBCUT_VERSION=\"0.7.1-1\" -I/include -I/include/ffmpeg -I/include -fPIC -I/usr/include/x86_64-linux-gnu/qt5/QtXml -I/usr/include/x86_64-linux-gnu/qt5 -I/usr/include/x86_64-linux-gnu/qt5/QtWidgets -I/usr/include/x86_64-linux-gnu/qt5 -I/usr/include/x86_64-linux-gnu/qt5/QtGui -I/usr/include/x86_64-linux-gnu/qt5 -I/usr/include/x86_64-linux-gnu/qt5/QtCore -I/usr/include/x86_64-linux-gnu/qt5 -I.  -c -o mplayererrorbase.o mplayererrorbase.cpp
g++ -g -O2 -fdebug-prefix-map=/<<PKGBUILDDIR>>=. -fstack-protector-strong -Wformat -Werror=format-security -Wall -Wcast-align -DPACKAGE_NAME=\"\" -DPACKAGE_TARNAME=\"\" -DPACKAGE_VERSION=\"\" -DPACKAGE_STRING=\"\" -DPACKAGE_BUGREPORT=\"\" -DPACKAGE_URL=\"\" -DHAVE_LIB_SWSCALE=1 -DHAVE_LIB_MAD=1 -DHAVE_LIB_A52=1 -DHAVE_LIB_AO=1 -DSTDC_HEADERS=1 -DHAVE_SYS_TYPES_H=1 -DHAVE_SYS_STAT_H=1 -DHAVE_STDLIB_H=1 -DHAVE_STRING_H=1 -DHAVE_MEMORY_H=1 -DHAVE_STRINGS_H=1 -DHAVE_INTTYPES_H=1 -DHAVE_STDINT_H=1 -DHAVE_UNISTD_H=1 -DHAVE_AO_AO_H=1 -DHAVE_MAD_H=1 -DHAVE_STDINT_H=1 -DHAVE_A52DEC_A52_H=1 -DHAVE_STDLIB_H=1 -DHAVE_UNISTD_H=1 -DHAVE_SYS_PARAM_H=1 -DHAVE_GETPAGESIZE=1 -DHAVE_MMAP=1 -D__STDC_LIMIT_MACROS=1 -D__STDC_CONSTANT_MACROS=1 -D_FILE_OFFSET_BITS=64 -Wdate-time -D_FORTIFY_SOURCE=2 -DDVBCUT_VERSION=\"0.7.1-1\" -I/include -I/include/ffmpeg -I/include -fPIC -I/usr/include/x86_64-linux-gnu/qt5/QtXml -I/usr/include/x86_64-linux-gnu/qt5 -I/usr/include/x86_64-linux-gnu/qt5/QtWidgets -I/usr/include/x86_64-linux-gnu/qt5 -I/usr/include/x86_64-linux-gnu/qt5/QtGui -I/usr/include/x86_64-linux-gnu/qt5 -I/usr/include/x86_64-linux-gnu/qt5/QtCore -I/usr/include/x86_64-linux-gnu/qt5 -I. -Wdate-time -D_FORTIFY_SOURCE=2 -DDVBCUT_VERSION=\"0.7.1-1\" -I/include -I/include/ffmpeg -I/include -fPIC -I/usr/include/x86_64-linux-gnu/qt5/QtXml -I/usr/include/x86_64-linux-gnu/qt5 -I/usr/include/x86_64-linux-gnu/qt5/QtWidgets -I/usr/include/x86_64-linux-gnu/qt5 -I/usr/include/x86_64-linux-gnu/qt5/QtGui -I/usr/include/x86_64-linux-gnu/qt5 -I/usr/include/x86_64-linux-gnu/qt5/QtCore -I/usr/include/x86_64-linux-gnu/qt5 -I.  -c -o playaudio.o playaudio.cpp
In file included from In file included from exportdialog.cpp:21:
In file included from /usr/include/x86_64-linux-gnu/qt5/QtWidgets/qlineedit.h:43:
In file included from /usr/include/x86_64-linux-gnu/qt5/QtWidgets/qframe.h:43:
In file included from /usr/include/x86_64-linux-gnu/qt5/QtWidgets/qwidget.h:43:
In file included from /usr/include/x86_64-linux-gnu/qt5/QtGui/qwindowdefs.h:43:
In file included from /usr/include/x86_64-linux-gnu/qt5/QtCore/qglobal.h:83:
/usr/include/x86_64-linux-gnu/qt5/QtCore/qcompilerdetection.h:562:6: error: Qt requires a C++11 compiler and yours does not seem to be that.
#    error Qt requires a C++11 compiler and yours does not seem to be that.
     ^
differenceimageprovider.cpp:21:
In file included from /usr/include/x86_64-linux-gnu/qt5/QtGui/qcolor.h:43:
In file included from /usr/include/x86_64-linux-gnu/qt5/QtGui/qrgb.h:43:
In file included from /usr/include/x86_64-linux-gnu/qt5/QtCore/qglobal.h:83:
/usr/include/x86_64-linux-gnu/qt5/QtCore/qcompilerdetection.h:562:6: error: Qt requires a C++11 compiler and yours does not seem to be that.
#    error Qt requires a C++11 compiler and yours does not seem to be that.
     ^
In file included from imageprovider.cpp:21:
In file included from ./imageprovider.h:25:
In file included from /usr/include/x86_64-linux-gnu/qt5/QtGui/qimage.h:43:
In file included from /usr/include/x86_64-linux-gnu/qt5/QtGui/qcolor.h:43:
In file included from /usr/include/x86_64-linux-gnu/qt5/QtGui/qrgb.h:43:
In file included from /usr/include/x86_64-linux-gnu/qt5/QtCore/qglobal.h:83:
/usr/include/x86_64-linux-gnu/qt5/QtCore/qcompilerdetection.h:562:6: In file included from mplayererrorbase.cpp:19:
In file included from /usr/include/x86_64-linux-gnu/qt5/QtWidgets/qlineedit.h:43:
In file included from /usr/include/x86_64-linux-gnu/qt5/QtWidgets/qframe.h:43:
In file included from /usr/include/x86_64-linux-gnu/qt5/QtWidgets/qwidget.h:43:
In file included from /usr/include/x86_64-linux-gnu/qt5/QtGui/qwindowdefs.h:43:
In file included from /usr/include/x86_64-linux-gnu/qt5/QtCore/qglobal.h:83:
/usr/include/x86_64-linux-gnu/qt5/QtCore/qcompilerdetection.h:562:6: error: Qt requires a C++11 compiler and yours does not seem to be that.
#    error Qt requires a C++11 compiler and yours does not seem to be that.
     ^
error: Qt requires a C++11 compiler and yours does not seem to be that.
#    error Qt requires a C++11 compiler and yours does not seem to be that.
     ^
In file included from eventlistitem.cpp:21:
In file included from In file included from /usr/include/x86_64-linux-gnu/qt5/QtWidgets/qlabel.h:43:
In file included from /usr/include/x86_64-linux-gnu/qt5/QtWidgets/qframe.h:43:
In file included from /usr/include/x86_64-linux-gnu/qt5/QtWidgets/qwidget.h:43:
In file included from /usr/include/x86_64-linux-gnu/qt5/QtGui/qwindowdefs.h:43:
In file included from /usr/include/x86_64-linux-gnu/qt5/QtCore/qglobal.h:83:
/usr/include/x86_64-linux-gnu/qt5/QtCore/qcompilerdetection.h:562:6: error: Qt requires a C++11 compiler and yours does not seem to be that.
#    error Qt requires a C++11 compiler and yours does not seem to be that.
     ^
avframe.cpp:21:
In file included from /usr/include/x86_64-linux-gnu/qt5/QtGui/qimage.h:43:
In file included from /usr/include/x86_64-linux-gnu/qt5/QtGui/qcolor.h:43:
In file included from /usr/include/x86_64-linux-gnu/qt5/QtGui/qrgb.h:43:
In file included from /usr/include/x86_64-linux-gnu/qt5/QtCore/qglobal.h:83:
/usr/include/x86_64-linux-gnu/qt5/QtCore/qcompilerdetection.h:562:6: error: Qt requires a C++11 compiler and yours does not seem to be that.
#    error Qt requires a C++11 compiler and yours does not seem to be that.
     ^
In file included from logoutput.cpp:28:
In file included from /usr/include/x86_64-linux-gnu/qt5/QtCore/QString:1:
In file included from /usr/include/x86_64-linux-gnu/qt5/QtCore/qstring.h:48:
In file included from /usr/include/x86_64-linux-gnu/qt5/QtCore/qchar.h:43:
In file included from /usr/include/x86_64-linux-gnu/qt5/QtCore/qglobal.h:83:
/usr/include/x86_64-linux-gnu/qt5/QtCore/qcompilerdetection.h:562:6: error: Qt requires a C++11 compiler and yours does not seem to be that.
#    error Qt requires a C++11 compiler and yours does not seem to be that.
     ^
In file included from imageprovider.cpp:21:
In file included from ./imageprovider.h:25:
In file included from /usr/include/x86_64-linux-gnu/qt5/QtGui/qimage.h:43:
In file included from /usr/include/x86_64-linux-gnu/qt5/QtGui/qcolor.h:43:
In file included from differenceimageprovider.cpp:21:
In file included from /usr/include/x86_64-linux-gnu/qt5/QtGui/qcolor.h:43:
In file included from /usr/include/x86_64-linux-gnu/qt5/QtGui/qrgb.h:43:
/usr/include/x86_64-linux-gnu/qt5/QtCore/qglobal.h:1133:23: warning: rvalue references are a C++11 extension [-Wc++11-extensions]
void qAsConst(const T &&) Q_DECL_EQ_DELETE;
                      ^
In file included from /usr/include/x86_64-linux-gnu/qt5/QtGui/qrgb.h:43:
/usr/include/x86_64-linux-gnu/qt5/QtCore/qglobal.h:1133:23: warning: rvalue references are a C++11 extension [-Wc++11-extensions]
void qAsConst(const T &&) Q_DECL_EQ_DELETE;
                      ^
In file included from mplayererrorbase.cpp:19:
In file included from /usr/include/x86_64-linux-gnu/qt5/QtWidgets/qlineedit.h:43:
In file included from /usr/include/x86_64-linux-gnu/qt5/QtWidgets/qframe.h:43:
In file included from /usr/include/x86_64-linux-gnu/qt5/QtWidgets/qwidget.h:43:
In file included from exportdialog.cpp:21:
In file included from /usr/include/x86_64-linux-gnu/qt5/QtWidgets/qlineedit.h:43:
In file included from /usr/include/x86_64-linux-gnu/qt5/QtWidgets/qframe.h:43:
In file included from /usr/include/x86_64-linux-gnu/qt5/QtWidgets/qwidget.h:43:
In file included from /usr/include/x86_64-linux-gnu/qt5/QtGui/qwindowdefs.h:43:
/usr/include/x86_64-linux-gnu/qt5/QtCore/qglobal.h:1133:23: warning: rvalue references are a C++11 extension [-Wc++11-extensions]
void qAsConst(const T &&) Q_DECL_EQ_DELETE;
                      ^
In file included from /usr/include/x86_64-linux-gnu/qt5/QtGui/qwindowdefs.h:43:
/usr/include/x86_64-linux-gnu/qt5/QtCore/qglobal.h:1133:23: warning: rvalue references are a C++11 extension [-Wc++11-extensions]
void qAsConst(const T &&) Q_DECL_EQ_DELETE;
                      ^
In file included from eventlistitem.cpp:21:
In file included from /usr/include/x86_64-linux-gnu/qt5/QtWidgets/qlabel.h:43:
In file included from /usr/include/x86_64-linux-gnu/qt5/QtWidgets/qframe.h:43:
In file included from /usr/include/x86_64-linux-gnu/qt5/QtWidgets/qwidget.h:43:
In file included from /usr/include/x86_64-linux-gnu/qt5/QtGui/qwindowdefs.h:43:
In file included from /usr/include/x86_64-linux-gnu/qt5/QtCore/qglobal.havframe.cpp:21:
In file included from /usr/include/x86_64-linux-gnu/qt5/QtGui/qimage.h:43:
In file included from /usr/include/x86_64-linux-gnu/qt5/QtGui/qcolor.h:43:
In file included from /usr/include/x86_64-linux-gnu/qt5/QtGui/qrgb.h:43:
/usr/include/x86_64-linux-gnu/qt5/QtCore/qglobal.h:1133:23: warning: rvalue references are a C++11 extension [-Wc++11-extensions]
void qAsConst(const T &&) Q_DECL_EQ_DELETE;
                      ^
:1133:23: warning: rvalue references are a C++11 extension [-Wc++11-extensions]
void qAsConst(const T &&) Q_DECL_EQ_DELETE;
                      ^
In file included from logoutput.cpp:28:
In file included from /usr/include/x86_64-linux-gnu/qt5/QtCore/QString:1:
In file included from /usr/include/x86_64-linux-gnu/qt5/QtCore/qstring.h:48:
In file included from /usr/include/x86_64-linux-gnu/qt5/QtCore/qchar.h:43:
/usr/include/x86_64-linux-gnu/qt5/QtCore/qglobal.h:1133:23: warning: rvalue references are a C++11 extension [-Wc++11-extensions]
void qAsConst(const T &&) Q_DECL_EQ_DELETE;
                      ^
In file included from mpgfile.cpp:30:
In file included from /usr/include/x86_64-linux-gnu/qt5/QtCore/QCoreApplication:1:
In file included from /usr/include/x86_64-linux-gnu/qt5/QtCore/qcoreapplication.h:43:
In file included from /usr/include/x86_64-linux-gnu/qt5/QtCore/qglobal.h:83:
/usr/include/x86_64-linux-gnu/qt5/QtCore/qcompilerdetection.h:562:6: error: Qt requires a C++11 compiler and yours does not seem to be that.
#    error Qt requires a C++11 compiler and yours does not seem to be that.
     ^
In file included from differenceimageprovider.cpp:21:
In file included from /usr/include/x86_64-linux-gnu/qt5/QtGui/qcolor.h:43:
In file included from imageprovider.cpp:21:
In file included from ./imageprovider.h:25:
In file included from /usr/include/x86_64-linux-gnu/qt5/QtGui/qimage.h:43:
In file included from /usr/include/x86_64-linux-gnu/qt5/QtGui/qcolor.h:43:
In file included from /usr/include/x86_64-linux-gnu/qt5/QtGui/qrgb.h:43:
In file included from /usr/include/x86_64-linux-gnu/qt5/QtCore/qglobal.h:1145:
In file included from /usr/include/x86_64-linux-gnu/qt5/QtCore/qatomic.h:46:
/usr/include/x86_64-linux-gnu/qt5/QtCore/qbasicatomic.h:61:4: error: "Qt requires C++11 support"
#  error "Qt requires C++11 support"
   ^
In file included from /usr/include/x86_64-linux-gnu/qt5/QtGui/qrgb.h:43:
In file included from /usr/include/x86_64-linux-gnu/qt5/QtCore/qglobal.h:1145:
In file included from /usr/include/x86_64-linux-gnu/qt5/QtCore/qatomic.h:46:
/usr/include/x86_64-linux-gnu/qt5/QtCore/qbasicatomic.h:61:4: error: "Qt requires C++11 support"
#  error "Qt requires C++11 support"
   ^
/usr/include/x86_64-linux-gnu/qt5/QtCore/qbasicatomic.h:90:13: error: unknown type name 'QAtomicOps'
    typedef QAtomicOps<T> Ops;
            ^
/usr/include/x86_64-linux-gnu/qt5/QtCore/qbasicatomic.h:90:23In file included from : error: expected member name or ';' after declaration specifiers
    typedef QAtomicOps<T> Ops;
    ~~~~~~~~~~~~~~~~~~^
In file included from exportdialog.cpp:21:
mplayererrorbase.cpp:19:
In file included from /usr/include/x86_64-linux-gnu/qt5/QtWidgets/qlineedit.h:43:
In file included from /usr/include/x86_64-linux-gnu/qt5/QtWidgets/qframe.h:43:
In file included from /usr/include/x86_64-linux-gnu/qt5/QtWidgets/qwidget.h:43:
In file included from /usr/include/x86_64-linux-gnu/qt5/QtGui/qwindowdefs.h:43:
In file included from /usr/include/x86_64-linux-gnu/qt5/QtCore/qglobal.h:1145:
In file included from /usr/include/x86_64-linux-gnu/qt5/QtCore/qatomic.h:46:
/usr/include/x86_64-linux-gnu/qt5/QtCore/qbasicatomic.h:61:4: error: "Qt requires C++11 support"
#  error "Qt requires C++11 support"
   ^
In file included from /usr/include/x86_64-linux-gnu/qt5/QtWidgets/qlineedit.hIn file included from exception.cpp:22:
In file included from /usr/include/x86_64-linux-gnu/qt5/QtCore/qstring.h:48:
In file included from /usr/include/x86_64-linux-gnu/qt5/QtCore/qchar.h:43:
In file included from /usr/include/x86_64-linux-gnu/qt5/QtCore/qglobal.h:83:
/usr/include/x86_64-linux-gnu/qt5/QtCore/qbasicatomic.h/usr/include/x86_64-linux-gnu/qt5/QtCore/qcompilerdetection.h::562:906::13 :error : error: Qt requires a C++11 compiler and yours does not seem to be that.
unknown type name 'QAtomicOps'
    typedef QAtomicOps<T> Ops;
            ^
/usr/include/x86_64-linux-gnu/qt5/QtCore/qbasicatomic.h:90:23: error: expected member name or ';' after declaration specifiers
#    error Qt requires a C++11 compiler and yours does not seem to be that.
     ^
    typedef QAtomicOps<T> Ops;
    ~~~~~~~~~~~~~~~~~~^
:43:
In file included from /usr/include/x86_64-linux-gnu/qt5/QtWidgets/qframe.h:43:
In file included from /usr/include/x86_64-linux-gnu/qt5/QtWidgets/qwidget.h:43:
In file included from /usr/include/x86_64-linux-gnu/qt5/QtGui/qwindowdefs.h:43:
In file included from /usr/include/x86_64-linux-gnu/qt5/QtCore/qglobal.h:1145:
In file included from /usr/include/x86_64-linux-gnu/qt5/QtCore/qatomic.h:46:
/usr/include/x86_64-linux-gnu/qt5/QtCore/qbasicatomic.h:61:4: error: "Qt requires C++11 support"
#  error "Qt requires C++11 support"
   ^
/usr/include/x86_64-linux-gnu/qt5/QtCore/qbasicatomic.h:90:13: error: unknown type name 'QAtomicOps'
    typedef QAtomicOps<T> Ops;
            ^
/usr/include/x86_64-linux-gnu/qt5/QtCore/qbasicatomic.h:90:23: error: expected member name or ';' after declaration specifiers
    typedef QAtomicOps<T> Ops;
    ~~~~~~~~~~~~~~~~~~^
/usr/include/x86_64-linux-gnu/qt5/QtCore/qbasicatomic.h:93:23: error: use of undeclared identifier 'QAtomicOpsSupport'
    Q_STATIC_ASSERT_X(QAtomicOpsSupport<sizeof(T)>::IsSupported, "template parameter is an integral of a size not supported on this platform");
                      ^
/usr/include/x86_64-linux-gnu/qt5/QtCore/qbasicatomic.h:90:/usr/include/x86_64-linux-gnu/qt5/QtCore/qbasicatomic.h:93:23: error: use of undeclared identifier 'QAtomicOpsSupport'
    Q_STATIC_ASSERT_X(QAtomicOpsSupport<sizeof(T)>::IsSupported, "template parameter is an integral of a size not supported on this platform");13: error: unknown type name 'QAtomicOps'
    typedef QAtomicOps<T> Ops;
            ^
/usr/include/x86_64-linux-gnu/qt5/QtCore/qbasicatomic.h:90:23: error: expected member name or ';' after declaration specifiers
    typedef QAtomicOps<T> Ops;
    ~~~~~~~~~~~~~~~~~~^

                      ^
/usr/include/x86_64-linux-gnu/qt5/QtCore/qbasicatomic.h:93:53: error: no member named 'IsSupported' in the global namespace
    Q_STATIC_ASSERT_X(QAtomicOpsSupport<sizeof(T)>::IsSupported, "template parameter is an integral of a size not supported on this platform");
                                                  ~~^
/usr/include/x86_64-linux-gnu/qt5/QtCore/qglobal.h:761:63: note: expanded from macro 'Q_STATIC_ASSERT_X'/usr/include/x86_64-linux-gnu/qt5/QtCore/qbasicatomic.h
:93:23:#define Q_STATIC_ASSERT_X(Condition, Message) Q_STATIC_ASSERT(Condition)
                                                              ^~~~~~~~~
/usr/include/x86_64-linux-gnu/qt5/QtCore/qglobal.h error: use of undeclared identifier 'QAtomicOpsSupport'/usr/include/x86_64-linux-gnu/qt5/QtCore/qbasicatomic.h:93:53: error: no member named 'IsSupported' in the global namespace

    Q_STATIC_ASSERT_X(QAtomicOpsSupport<sizeof(T)>::IsSupported, "template parameter is an integral of a size not supported on this platform");:756:110: note: expanded from macro 'Q_STATIC_ASSERT'
    Q_STATIC_ASSERT_X(QAtomicOpsSupport<sizeof(T)>::IsSupported, "template parameter is an integral of a size not supported on this platform");
                      ^

                                                  ~~^
/usr/include/x86_64-linux-gnu/qt5/QtCore/qglobal.hIn file included from eventlistitem.cpp:21:
In file included from /usr/include/x86_64-linux-gnu/qt5/QtWidgets/qlabel.h:43:
In file included from /usr/include/x86_64-linux-gnu/qt5/QtWidgets/qframe.h:43:
In file included from /usr/include/x86_64-linux-gnu/qt5/QtWidgets/qwidget.h:43:
In file included from /usr/include/x86_64-linux-gnu/qt5/QtGui/qwindowdefs.h:43:
In file included from /usr/include/x86_64-linux-gnu/qt5/QtCore/qglobal.h:1145:
In file included from /usr/include/x86_64-linux-gnu/qt5/QtCore/qatomic.h:46:
/usr/include/x86_64-linux-gnu/qt5/QtCore/qbasicatomic.h:61:4: error: "Qt requires C++11 support"
#  error "Qt requires C++11 support"
   ^
:In file included from 761:63: note: expanded from macro 'Q_STATIC_ASSERT_X'
avframe.cpp#define Q_STATIC_ASSERT_X(Condition, Message) Q_STATIC_ASSERT(Condition)
                                                              ^~~~~~~~~
/usr/include/x86_64-linux-gnu/qt5/QtCore/qglobal.h:756:110: note: expanded from macro 'Q_STATIC_ASSERT'
:21:
In file included from     enum {Q_STATIC_ASSERT_PRIVATE_JOIN(q_static_assert_result, __COUNTER__) = sizeof(QStaticAssertFailure<!!(Condition)>)}
                                                                                                             ^~~~~~~~~
In file included from differenceimageprovider.cpp:21:
In file included from /usr/include/x86_64-linux-gnu/qt5/QtGui/qcolor.h:43:
In file included from /usr/include/x86_64-linux-gnu/qt5/QtGui/qrgb.h:43:
In file included from /usr/include/x86_64-linux-gnu/qt5/QtCore/qglobal.h:1145:
In file included from /usr/include/x86_64-linux-gnu/qt5/QtCore/qatomic.h:46:
/usr/include/x86_64-linux-gnu/qt5/QtCore/qbasicatomic.h:93:5: error: type name requires a specifier or qualifier
/usr/include/x86_64-linux-gnu/qt5/QtGui/qimage.h:43:
    Q_STATIC_ASSERT_X(QAtomicOpsSupport<sizeof(T)>::IsSupported, "template parameter is an integral of a size not supported on this platform");
    ^
/usr/include/x86_64-linux-gnu/qt5/QtCore/qglobal.h:761:47: note: expanded from macro 'Q_STATIC_ASSERT_X'
In file included from #define Q_STATIC_ASSERT_X(Condition, Message) Q_STATIC_ASSERT(Condition)
                                              ^
/usr/include/x86_64-linux-gnu/qt5/QtCore/qglobal.h:756:121: note: expanded from macro 'Q_STATIC_ASSERT'
/usr/include/x86_64-linux-gnu/qt5/QtGui/qcolor.h:43:
    enum {Q_STATIC_ASSERT_PRIVATE_JOIN(q_static_assert_result, __COUNTER__) = sizeof(QStaticAssertFailure<!!(Condition)>)}
                                                                                                                        ^
In file included from /usr/include/x86_64-linux-gnu/qt5/QtGui/qrgb.h:43:
In file included from /usr/include/x86_64-linux-gnu/qt5/QtCore/qglobal.h:1145:
In file included from /usr/include/x86_64-linux-gnu/qt5/QtCore/qatomic.h:46:
/usr/include/x86_64-linux-gnu/qt5/QtCore/qbasicatomic.h:61:4: error: "Qt requires C++11 support"
#  error "Qt requires C++11 support"
   ^
In file included from differenceimageprovider.cpp:21:
In file included from /usr/include/x86_64-linux-gnu/qt5/QtCore/qbasicatomic.h:93:23: error: use of undeclared identifier 'QAtomicOpsSupport'
/usr/include/x86_64-linux-gnu/qt5/QtGui/qcolor.h:43:
    Q_STATIC_ASSERT_X(QAtomicOpsSupport<sizeof(T)>::IsSupported, "template parameter is an integral of a size not supported on this platform");
                      ^
In file included from /usr/include/x86_64-linux-gnu/qt5/QtGui/qrgb.h:43:
In file included from /usr/include/x86_64-linux-gnu/qt5/QtCore/qglobal.h:1145:
/usr/include/x86_64-linux-gnu/qt5/QtCore/qbasicatomic.h:93:53: error: no member named 'IsSupported' in the global namespace
In file included from /usr/include/x86_64-linux-gnu/qt5/QtCore/qatomic.h:46:
    Q_STATIC_ASSERT_X(QAtomicOpsSupport<sizeof(T)>::IsSupported, "template parameter is an integral of a size not supported on this platform");
                                                  ~~^
/usr/include/x86_64-linux-gnu/qt5/QtCore/qglobal.h:761:63: note: expanded from macro 'Q_STATIC_ASSERT_X'
/usr/include/x86_64-linux-gnu/qt5/QtCore/qbasicatomic.h:#define Q_STATIC_ASSERT_X(Condition, Message) Q_STATIC_ASSERT(Condition)
                                                              ^~~~~~~~~
/usr/include/x86_64-linux-gnu/qt5/QtCore/qglobal.h:756:110: note: expanded from macro 'Q_STATIC_ASSERT'
95:14:    enum {Q_STATIC_ASSERT_PRIVATE_JOIN(q_static_assert_result, __COUNTER__) = sizeof(QStaticAssertFailure<!!(Condition)>)}
                                                                                                             ^~~~~~~~~
In file included from mplayererrorbase.cpp:19:
In file included from /usr/include/x86_64-linux-gnu/qt5/QtWidgets/qlineedit.h:43:
In file included from /usr/include/x86_64-linux-gnu/qt5/QtWidgets/qframe.h:43:
In file included from /usr/include/x86_64-linux-gnu/qt5/QtWidgets/qwidget.h:43:
In file included from /usr/include/x86_64-linux-gnu/qt5/QtGui/qwindowdefs.h:43:
In file included from /usr/include/x86_64-linux-gnu/qt5/QtCore/qglobal.h:1145:
In file included from /usr/include/x86_64-linux-gnu/qt5/QtCore/qatomic.h:46:
/usr/include/x86_64-linux-gnu/qt5/QtCore/qbasicatomic.h:93:5: error: type name requires a specifier or qualifier
 error:     Q_STATIC_ASSERT_X(QAtomicOpsSupport<sizeof(T)>::IsSupported, "template parameter is an integral of a size not supported on this platform");
    ^
/usr/include/x86_64-linux-gnu/qt5/QtCore/qglobal.h:761:47: note: expanded from macro 'Q_STATIC_ASSERT_X'
use of undeclared identifier 'Ops'#define Q_STATIC_ASSERT_X(Condition, Message) Q_STATIC_ASSERT(Condition)
    typename Ops::Type _q_value;
             ^
/usr/include/x86_64-linux-gnu/qt5/QtCore/qbasicatomic.h:95:19: error: expected a qualified name after 'typename'
/usr/include/x86_64-linux-gnu/qt5/QtCore/qbasicatomic.h:90:13: error: unknown type name 'QAtomicOps'
    typename Ops::Type _q_value;
                  ^
    typedef QAtomicOps<T> Ops;
            ^
/usr/include/x86_64-linux-gnu/qt5/QtCore/qbasicatomic.h:90:23: error: expected member name or ';' after declaration specifiers
    typedef QAtomicOps<T> Ops;
                                              ^
/usr/include/x86_64-linux-gnu/qt5/QtCore/qglobal.h:756:121: note: expanded from macro 'Q_STATIC_ASSERT'

    ~~~~~~~~~~~~~~~~~~^    enum {Q_STATIC_ASSERT_PRIVATE_JOIN(q_static_assert_result, __COUNTER__) = sizeof(QStaticAssertFailure<!!(Condition)>)}
                                                                                                                        ^

/usr/include/x86_64-linux-gnu/qt5/QtCore/qbasicatomic.h:95:23: error: expected ';' at end of declaration list
    typename Ops::Type _q_value;
                      ^
                      ;
In file included from mplayererrorbase.cpp:19:
In file included from /usr/include/x86_64-linux-gnu/qt5/QtWidgets/qlineedit.h:43:
In file included from /usr/include/x86_64-linux-gnu/qt5/QtWidgets/qframe.h:43:
In file included from /usr/include/x86_64-linux-gnu/qt5/QtCore/qbasicatomic.h:93:53: error: no member named 'IsSupported' in the global namespace
/usr/include/x86_64-linux-gnu/qt5/QtCore/qbasicatomic.h:90:13: error: unknown type name 'QAtomicOps'
    typedef QAtomicOps<T> Ops;/usr/include/x86_64-linux-gnu/qt5/QtWidgets/qwidget.h:43:
In file included from /usr/include/x86_64-linux-gnu/qt5/QtGui/qwindowdefs.h:43:
In file included from /usr/include/x86_64-linux-gnu/qt5/QtCore/qglobal.h:1145:
In file included from /usr/include/x86_64-linux-gnu/qt5/QtCore/qatomic.h:46:
/usr/include/x86_64-linux-gnu/qt5/QtCore/qbasicatomic.h:95:14: error: use of undeclared identifier 'Ops'
    typename Ops::Type _q_value;
             ^
    Q_STATIC_ASSERT_X(QAtomicOpsSupport<sizeof(T)>::IsSupported, "template parameter is an integral of a size not supported on this platform");
                                                  ~~^
/usr/include/x86_64-linux-gnu/qt5/QtCore/qbasicatomic.h:95:19: error: expected a qualified name after 'typename'
/usr/include/x86_64-linux-gnu/qt5/QtCore/qglobal.h:761:63: note: expanded from macro 'Q_STATIC_ASSERT_X'
    typename Ops::Type _q_value;
                  ^
#define Q_STATIC_ASSERT_X(Condition, Message) Q_STATIC_ASSERT(Condition)
            ^
/usr/include/x86_64-linux-gnu/qt5/QtCore/qbasicatomic.h:90:23: error: expected member name or ';' after declaration specifiers
    typedef QAtomicOps<T> Ops;
    ~~~~~~~~~~~~~~~~~~^

                                                              ^~~~~~~~~
/usr/include/x86_64-linux-gnu/qt5/QtCore/qglobal.h:756:110/usr/include/x86_64-linux-gnu/qt5/QtCore/qbasicatomic.h: note: expanded from macro 'Q_STATIC_ASSERT'
:95    enum {Q_STATIC_ASSERT_PRIVATE_JOIN(q_static_assert_result, __COUNTER__) = sizeof(QStaticAssertFailure<!!(Condition)>)}:23: error: expected ';' at end of declaration list

    typename Ops::Type _q_value;
                      ^
                      ;
                                                                                                             ^~~~~~~~~
In file included from exportdialog.cpp:21:
In file included from /usr/include/x86_64-linux-gnu/qt5/QtWidgets/qlineedit.h:43:
In file included from /usr/include/x86_64-linux-gnu/qt5/QtWidgets/qframe.h:43:
In file included from /usr/include/x86_64-linux-gnu/qt5/QtWidgets/qwidget.h:43:
In file included from /usr/include/x86_64-linux-gnu/qt5/QtGui/qwindowdefs.h:43:
In file included from /usr/include/x86_64-linux-gnu/qt5/QtCore/qglobal.h:1145:
In file included from /usr/include/x86_64-linux-gnu/qt5/QtCore/qatomic.h:46:
/usr/include/x86_64-linux-gnu/qt5/QtCore/qbasicatomic.h:93:5: error: type name requires a specifier or qualifier
    Q_STATIC_ASSERT_X(QAtomicOpsSupport<sizeof(T)>::IsSupported, "template parameter is an integral of a size not supported on this platform");
    ^
/usr/include/x86_64-linux-gnu/qt5/QtCore/qglobal.h:761:47: note:     enum {Q_STATIC_ASSERT_PRIVATE_JOIN(q_static_assert_result, __COUNTER__) = sizeof(QStaticAssertFailure<!!(Condition)>)}
                                                                                                             ^~~~~~~~~
expanded from macro 'Q_STATIC_ASSERT_X'
#define Q_STATIC_ASSERT_X(Condition, Message) Q_STATIC_ASSERT(Condition)
                                              ^/usr/include/x86_64-linux-gnu/qt5/QtCore/qbasicatomic.h:99:44: error: use of undeclared identifier 'Ops'

/usr/include/x86_64-linux-gnu/qt5/QtCore/qglobal.h    T load() const Q_DECL_NOTHROW { return Ops::load(_q_value); }
                                           ^
:756:121: note: expanded from macro 'Q_STATIC_ASSERT'
In file included from     enum {Q_STATIC_ASSERT_PRIVATE_JOIN(q_static_assert_result, __COUNTER__) = sizeof(QStaticAssertFailure<!!(Condition)>)}
                                                                                                                        ^
imageprovider.cpp:21:
In file included from ./imageprovider.h:25:
In file included from /usr/include/x86_64-linux-gnu/qt5/QtGui/qimage.h:43:
In file included from /usr/include/x86_64-linux-gnu/qt5/QtGui/qcolor.h:In file included from exportdialog.cpp:21:
In file included from /usr/include/x86_64-linux-gnu/qt5/QtWidgets/qlineedit.h:43:
In file included from /usr/include/x86_64-linux-gnu/qt5/QtWidgets/qframe.h:43:
In file included from /usr/include/x86_64-linux-gnu/qt5/QtWidgets/qwidget.h/usr/include/x86_64-linux-gnu/qt5/QtCore/qbasicatomic.h:43::
In file included from 99/usr/include/x86_64-linux-gnu/qt5/QtGui/qwindowdefs.h::4344:
:In file included from  /usr/include/x86_64-linux-gnu/qt5/QtCore/qglobal.herror:: 1145:
use of undeclared identifier 'Ops'In file included from 
/usr/include/x86_64-linux-gnu/qt5/QtCore/qatomic.h:46:
/usr/include/x86_64-linux-gnu/qt5/QtCore/qbasicatomic.h:95:14: error: use of undeclared identifier 'Ops'
    typename Ops::Type _q_value;
             ^
    T load() const Q_DECL_NOTHROW { return Ops::load(_q_value); }
/usr/include/x86_64-linux-gnu/qt5/QtCore/qbasicatomic.h                                           ^:
95:19: error: expected a qualified name after 'typename'
    typename Ops::Type _q_value;
                  ^
/usr/include/x86_64-linux-gnu/qt5/QtCore/qbasicatomic.h/usr/include/x86_64-linux-gnu/qt5/QtCore/qbasicatomic.h:95:23: error: expected ';' at end of declaration list
    typename Ops::Type _q_value;
                      ^
                      ;
:99/usr/include/x86_64-linux-gnu/qt5/QtCore/qbasicatomic.h:93:23: error: use of undeclared identifier 'QAtomicOpsSupport'
:54: error    Q_STATIC_ASSERT_X(QAtomicOpsSupport<sizeof(T)>::IsSupported, "template parameter is an integral of a size not supported on this platform");
                      ^
: use of undeclared identifier '_q_value'
    T load() const Q_DECL_NOTHROW { return Ops::load(_q_value); }
                                                     ^
43:
In file included from /usr/include/x86_64-linux-gnu/qt5/QtGui/qrgb.h:43:
/usr/include/x86_64-linux-gnu/qt5/QtCore/qbasicatomic.h:99:54: error: use of undeclared identifier '_q_value'
    T load() const Q_DECL_NOTHROW { return Ops::load(_q_value); }
                                                     ^/usr/include/x86_64-linux-gnu/qt5/QtCore/qbasicatomic.h:100:45: error: use of undeclared identifier 'Ops'

    void store(T newValue) Q_DECL_NOTHROW { Ops::store(_q_value, newValue); }/usr/include/x86_64-linux-gnu/qt5/QtCore/qbasicatomic.h:93:23: error: use of undeclared identifier 'QAtomicOpsSupport'

                                            ^    Q_STATIC_ASSERT_X(QAtomicOpsSupport<sizeof(T)>::IsSupported, "template parameter is an integral of a size not supported on this platform");
                      ^

In file included from /usr/include/x86_64-linux-gnu/qt5/QtCore/qglobal.h:1145:
In file included from /usr/include/x86_64-linux-gnu/qt5/QtCore/qatomic.h:46:
/usr/include/x86_64-linux-gnu/qt5/QtCore/qbasicatomic.h:93:/usr/include/x86_64-linux-gnu/qt5/QtCore/qbasicatomic.h:100:45: error: use of undeclared identifier 'Ops'
    void store(T newValue) Q_DECL_NOTHROW { Ops::store(_q_value, newValue); }5
                                            ^
/usr/include/x86_64-linux-gnu/qt5/QtCore/qbasicatomic.h:99:44: error: use of undeclared identifier 'Ops'
    T load() const Q_DECL_NOTHROW { return Ops::load(_q_value); }
                                           ^
/usr/include/x86_64-linux-gnu/qt5/QtCore/qbasicatomic.h:93: error: type name requires a specifier or qualifier
:53: error: no member named 'IsSupported' in the global namespace
    Q_STATIC_ASSERT_X(QAtomicOpsSupport<sizeof(T)>::IsSupported, "template parameter is an integral of a size not supported on this platform");    Q_STATIC_ASSERT_X(QAtomicOpsSupport<sizeof(T)>::IsSupported, "template parameter is an integral of a size not supported on this platform");
                                                  ~~^
/usr/include/x86_64-linux-gnu/qt5/QtCore/qglobal.h:761:63: note: expanded from macro 'Q_STATIC_ASSERT_X'
#define Q_STATIC_ASSERT_X(Condition, Message) Q_STATIC_ASSERT(Condition)
                                                              ^~~~~~~~~
/usr/include/x86_64-linux-gnu/qt5/QtCore/qbasicatomic.h:100:56: error: use of undeclared identifier '_q_value'
/usr/include/x86_64-linux-gnu/qt5/QtCore/qglobal.h:    void store(T newValue) Q_DECL_NOTHROW { Ops::store(_q_value, newValue); }
                                                       ^
756:110: note: expanded from macro 'Q_STATIC_ASSERT'
    enum {Q_STATIC_ASSERT_PRIVATE_JOIN(q_static_assert_result, __COUNTER__) = sizeof(QStaticAssertFailure<!!(Condition)>)}
    ^
/usr/include/x86_64-linux-gnu/qt5/QtCore/qglobal.h:761:47: note: expanded from macro 'Q_STATIC_ASSERT_X'

                                                                                                             ^~~~~~~~~#define Q_STATIC_ASSERT_X(Condition, Message) Q_STATIC_ASSERT(Condition)
                                              ^
/usr/include/x86_64-linux-gnu/qt5/QtCore/qglobal.h:756:121: note: expanded from macro 'Q_STATIC_ASSERT'

In file included from     enum {Q_STATIC_ASSERT_PRIVATE_JOIN(q_static_assert_result, __COUNTER__) = sizeof(QStaticAssertFailure<!!(Condition)>)}
                                                                                                                        ^
eventlistitem.cpp:21:
In file included from /usr/include/x86_64-linux-gnu/qt5/QtWidgets/qlabel.h/usr/include/x86_64-linux-gnu/qt5/QtCore/qbasicatomic.h:93:53: error: no member named 'IsSupported' in the global namespace
/usr/include/x86_64-linux-gnu/qt5/QtCore/qbasicatomic.h:100:56: error: use of undeclared identifier '_q_value'
:43:
    void store(T newValue) Q_DECL_NOTHROW { Ops::store(_q_value, newValue); }
                                                       ^
    Q_STATIC_ASSERT_X(QAtomicOpsSupport<sizeof(T)>::IsSupported, "template parameter is an integral of a size not supported on this platform");
                                                  ~~^
/usr/include/x86_64-linux-gnu/qt5/QtCore/qbasicatomic.h:102:51:/usr/include/x86_64-linux-gnu/qt5/QtCore/qglobal.h :error761: :use of undeclared identifier 'Ops'63
: note: expanded from macro 'Q_STATIC_ASSERT_X'
In file included from /usr/include/x86_64-linux-gnu/qt5/QtWidgets/qframe.h    T loadAcquire() const Q_DECL_NOTHROW { return Ops::loadAcquire(_q_value); }#define Q_STATIC_ASSERT_X(Condition, Message) Q_STATIC_ASSERT(Condition)

                                                              ^~~~~~~~~                                                  ^

/usr/include/x86_64-linux-gnu/qt5/QtCore/qglobal.h:756:110: note: expanded from macro 'Q_STATIC_ASSERT'
/usr/include/x86_64-linux-gnu/qt5/QtCore/qbasicatomic.h:99:54: error: use of undeclared identifier '_q_value'
:43    T load() const Q_DECL_NOTHROW { return Ops::load(_q_value); }:
    enum {Q_STATIC_ASSERT_PRIVATE_JOIN(q_static_assert_result, __COUNTER__) = sizeof(QStaticAssertFailure<!!(Condition)>)}
In file included from                                                                                                              ^~~~~~~~~/usr/include/x86_64-linux-gnu/qt5/QtWidgets/qwidget.h
:43:
In file included from /usr/include/x86_64-linux-gnu/qt5/QtGui/qwindowdefs.h:43:
In file included from /usr/include/x86_64-linux-gnu/qt5/QtCore/qglobal.h:1145:
In file included from /usr/include/x86_64-linux-gnu/qt5/QtCore/qatomic.h:46:
/usr/include/x86_64-linux-gnu/qt5/QtCore/qbasicatomic.h:93:5: In file included from erroravframe.cpp: :21type name requires a specifier or qualifier:

In file included from /usr/include/x86_64-linux-gnu/qt5/QtGui/qimage.h:43:
In file included from /usr/include/x86_64-linux-gnu/qt5/QtGui/qcolor.h:43:
In file included from /usr/include/x86_64-linux-gnu/qt5/QtGui/qrgb.h:43:
In file included from /usr/include/x86_64-linux-gnu/qt5/QtCore/qglobal.h:1145:
In file included from /usr/include/x86_64-linux-gnu/qt5/QtCore/qatomic.h:46:
/usr/include/x86_64-linux-gnu/qt5/QtCore/qbasicatomic.h:93:5: error: type name requires a specifier or qualifier
    Q_STATIC_ASSERT_X(QAtomicOpsSupport<sizeof(T)>::IsSupported, "template parameter is an integral of a size not supported on this platform");
    ^
/usr/include/x86_64-linux-gnu/qt5/QtCore/qglobal.h:761:47: note    Q_STATIC_ASSERT_X(QAtomicOpsSupport<sizeof(T)>::IsSupported, "template parameter is an integral of a size not supported on this platform");: 
expanded from macro 'Q_STATIC_ASSERT_X'    ^

/usr/include/x86_64-linux-gnu/qt5/QtCore/qglobal.h:761:47: note: expanded from macro 'Q_STATIC_ASSERT_X'
#define Q_STATIC_ASSERT_X(Condition, Message) Q_STATIC_ASSERT(Condition)
                                                     ^
#define Q_STATIC_ASSERT_X(Condition, Message) Q_STATIC_ASSERT(Condition)
                                              ^
/usr/include/x86_64-linux-gnu/qt5/QtCore/qglobal.h:756:121: note: expanded from macro 'Q_STATIC_ASSERT'
In file included from logoutput.cpp:28:
In file included from /usr/include/x86_64-linux-gnu/qt5/QtCore/QString:1:
In file included from /usr/include/x86_64-linux-gnu/qt5/QtCore/qstring.h:48:
In file included from /usr/include/x86_64-linux-gnu/qt5/QtCore/qchar.h:43:
In file included from /usr/include/x86_64-linux-gnu/qt5/QtCore/qglobal.h:1145:
In file included from /usr/include/x86_64-linux-gnu/qt5/QtCore/qatomic.h:46:
/usr/include/x86_64-linux-gnu/qt5/QtCore/qbasicatomic.h:61:4: error: "Qt requires C++11 support"
    enum {Q_STATIC_ASSERT_PRIVATE_JOIN(q_static_assert_result, __COUNTER__) = sizeof(QStaticAssertFailure<!!(Condition)>)}
                                                                                                                        ^
#  error "Qt requires C++11 support"
   ^

In file included from imageprovider.cpp:21:
In file included from ./imageprovider.h:25:
In file included from /usr/include/x86_64-linux-gnu/qt5/QtGui/qimage.h:43:
In file included from /usr/include/x86_64-linux-gnu/qt5/QtGui/qcolor.h:43:
In file included from /usr/include/x86_64-linux-gnu/qt5/QtGui/qrgb.h:43:
In file included from /usr/include/x86_64-linux-gnu/qt5/QtCore/qglobal.h:1145:
In file included from /usr/include/x86_64-linux-gnu/qt5/QtCore/qatomic.h:46:
/usr/include/x86_64-linux-gnu/qt5/QtCore/qbasicatomic.h:95:14: error: use of undeclared identifier 'Ops'
    typename Ops::Type _q_value;
             ^
/usr/include/x86_64-linux-gnu/qt5/QtCore/qbasicatomic.h:95:19: error: expected a qualified name after 'typename'
/usr/include/x86_64-linux-gnu/qt5/QtCore/qbasicatomic.h:102:51: error: use of undeclared identifier 'Ops'
    typename Ops::Type _q_value;
                  ^
                                              ^    T loadAcquire() const Q_DECL_NOTHROW { return Ops::loadAcquire(_q_value); }
/usr/include/x86_64-linux-gnu/qt5/QtCore/qglobal.h:756:121: note: expanded from macro 'Q_STATIC_ASSERT'

    enum {Q_STATIC_ASSERT_PRIVATE_JOIN(q_static_assert_result, __COUNTER__) = sizeof(QStaticAssertFailure<!!(Condition)>)}
                                                                                                                        ^
                                                  ^
In file included from dvbcut.cpp:31:
In file included from /usr/include/x86_64-linux-gnu/qt5/QtWidgets/qlabel.h:43:
In file included from /usr/include/x86_64-linux-gnu/qt5/QtWidgets/qframe.h:43:
In file included from /usr/include/x86_64-linux-gnu/qt5/QtWidgets/qwidget.h:43:
In file included from /usr/include/x86_64-linux-gnu/qt5/QtGui/qwindowdefs.h:43:
In file included from /usr/include/x86_64-linux-gnu/qt5/QtCore/qglobal.h:83:
/usr/include/x86_64-linux-gnu/qt5/QtCore/qcompilerdetection.h:562:6: error: Qt requires a C++11 compiler and yours does not seem to be that.
/usr/include/x86_64-linux-gnu/qt5/QtCore/qbasicatomic.h:95:23: error: expected ';' at end of declaration list
    typename Ops::Type _q_value;
                      ^
                      ;
#    error Qt requires a C++11 compiler and yours does not seem to be that.
     ^
/usr/include/x86_64-linux-gnu/qt5/QtCore/qbasicatomic.h:100:45:In file included from avframe.cpp:21:
In file included from /usr/include/x86_64-linux-gnu/qt5/QtGui/qimage.h:43:
In file included from /usr/include/x86_64-linux-gnu/qt5/QtGui/qcolor.h:43:
In file included from /usr/include/x86_64-linux-gnu/qt5/QtGui/qrgb.h:43:
In file included from /usr/include/x86_64-linux-gnu/qt5/QtCore/qglobal.h:1145:
In file included from /usr/include/x86_64-linux-gnu/qt5/QtCore/qatomic.h:46:
/usr/include/x86_64-linux-gnu/qt5/QtCore/qbasicatomic.h:95:14: error: use of undeclared identifier 'Ops'
    typename Ops::Type _q_value;
             ^
/usr/include/x86_64-linux-gnu/qt5/QtCore/qbasicatomic.h:95:19: error: expected a qualified name after 'typename'
    typename Ops::Type _q_value;
                  ^
 error: use of undeclared identifier 'Ops'
/usr/include/x86_64-linux-gnu/qt5/QtCore/qbasicatomic.h    void store(T newValue) Q_DECL_NOTHROW { Ops::store(_q_value, newValue); }:102:68: error: use of undeclared identifier '_q_value'

                                            ^    T loadAcquire() const Q_DECL_NOTHROW { return Ops::loadAcquire(_q_value); }
                                                                   ^
In file included from eventlistitem.cpp:21:
In file included from /usr/include/x86_64-linux-gnu/qt5/QtWidgets/qlabel.h:43:
In file included from /usr/include/x86_64-linux-gnu/qt5/QtWidgets/qframe.h:43:
In file included from /usr/include/x86_64-linux-gnu/qt5/QtWidgets/qwidget.h:43:
/usr/include/x86_64-linux-gnu/qt5/QtCore/qbasicatomic.hIn file included from /usr/include/x86_64-linux-gnu/qt5/QtGui/qwindowdefs.h::4395:
:In file included from 23/usr/include/x86_64-linux-gnu/qt5/QtCore/qglobal.h:: 1145error:
: In file included from expected ';' at end of declaration list/usr/include/x86_64-linux-gnu/qt5/QtCore/qatomic.h
:46:
/usr/include/x86_64-linux-gnu/qt5/QtCore/qbasicatomic.h:95:14: error: use of undeclared identifier 'Ops'
    typename Ops::Type _q_value;
                      ^
                      ;
    typename Ops::Type _q_value;
             ^
/usr/include/x86_64-linux-gnu/qt5/QtCore/qbasicatomic.h:95:19: error: expected a qualified name after 'typename'
    typename Ops::Type _q_value;
                  ^

/usr/include/x86_64-linux-gnu/qt5/QtCore/qbasicatomic.h:95:23: error: expected ';' at end of declaration list
    typename Ops::Type _q_value;
                      ^
                      ;/usr/include/x86_64-linux-gnu/qt5/QtCore/qbasicatomic.h:103:52: error: use of undeclared identifier 'Ops'

    void storeRelease(T newValue) Q_DECL_NOTHROW { Ops::storeRelease(_q_value, newValue); }
                                                   ^
/usr/include/x86_64-linux-gnu/qt5/QtCore/qbasicatomic.h:102:68: error: use of undeclared identifier '_q_value'
    T loadAcquire() const Q_DECL_NOTHROW { return Ops::loadAcquire(_q_value); }
                                                                   ^
/usr/include/x86_64-linux-gnu/qt5/QtCore/qbasicatomic.h:90:/usr/include/x86_64-linux-gnu/qt5/QtCore/qbasicatomic.h13: error: unknown type name 'QAtomicOps'
    typedef QAtomicOps<T> Ops;
            ^
/usr/include/x86_64-linux-gnu/qt5/QtCore/qbasicatomic.h:90:23: error: expected member name or ';' after declaration specifiers
    typedef QAtomicOps<T> Ops;
    ~~~~~~~~~~~~~~~~~~^
:100:/usr/include/x86_64-linux-gnu/qt5/QtCore/qbasicatomic.h:103:52: error: use of undeclared identifier 'Ops'
/usr/include/x86_64-linux-gnu/qt5/QtCore/qbasicatomic.h:99:44: error: use of undeclared identifier 'Ops'
56    T load() const Q_DECL_NOTHROW { return Ops::load(_q_value); }    void storeRelease(T newValue) Q_DECL_NOTHROW { Ops::storeRelease(_q_value, newValue); }:

                                           ^                                                   ^

 error: use of undeclared identifier '_q_value'
/usr/include/x86_64-linux-gnu/qt5/QtCore/qbasicatomic.h:    void store(T newValue) Q_DECL_NOTHROW { Ops::store(_q_value, newValue); }99:44: error: use of undeclared identifier 'Ops'

    T load() const Q_DECL_NOTHROW { return Ops::load(_q_value); }
                                           ^
                                                       ^
/usr/include/x86_64-linux-gnu/qt5/QtCore/qbasicatomic.h:103:70: error: use of undeclared identifier '_q_value'
    void storeRelease(T newValue) Q_DECL_NOTHROW { Ops::storeRelease(_q_value, newValue); }
                                                                     ^
/usr/include/x86_64-linux-gnu/qt5/QtCore/qbasicatomic.h:/usr/include/x86_64-linux-gnu/qt5/QtCore/qbasicatomic.h:99:44: error: use of undeclared identifier 'Ops'
102:    T load() const Q_DECL_NOTHROW { return Ops::load(_q_value); }
                                           ^
51: error: use of undeclared identifier 'Ops'
/usr/include/x86_64-linux-gnu/qt5/QtCore/qbasicatomic.h/usr/include/x86_64-linux-gnu/qt5/QtCore/qbasicatomic.h::10399::7054::  errorerror: : use of undeclared identifier '_q_value'use of undeclared identifier '_q_value'

    T load() const Q_DECL_NOTHROW { return Ops::load(_q_value); }    T loadAcquire() const Q_DECL_NOTHROW { return Ops::loadAcquire(_q_value); }
    void storeRelease(T newValue) Q_DECL_NOTHROW { Ops::storeRelease(_q_value, newValue); }                                                     ^

                                                                     ^

                                                  ^
/usr/include/x86_64-linux-gnu/qt5/QtCore/qbasicatomic.h:107:86: /usr/include/x86_64-linux-gnu/qt5/QtCore/qbasicatomic.h:99:54: error: use of undeclared identifier '_q_value'
error    T load() const Q_DECL_NOTHROW { return Ops::load(_q_value); }
                                                     ^
: use of undeclared identifier 'Ops'
    static Q_DECL_CONSTEXPR bool isReferenceCountingNative() Q_DECL_NOTHROW { return Ops::isReferenceCountingNative(); }
                                                                                     ^
/usr/include/x86_64-linux-gnu/qt5/QtCore/qbasicatomic.h:100:45: error: use of undeclared identifier 'Ops'
/usr/include/x86_64-linux-gnu/qt5/QtCore/qbasicatomic.h:107:86: error: use of undeclared identifier 'Ops'
    void store(T newValue) Q_DECL_NOTHROW { Ops::store(_q_value, newValue); }
                                            ^
    static Q_DECL_CONSTEXPR bool isReferenceCountingNative() Q_DECL_NOTHROW { return Ops::isReferenceCountingNative(); }
                                                                                     ^
/usr/include/x86_64-linux-gnu/qt5/QtCore/qbasicatomic.h:100:45: error: use of undeclared identifier 'Ops'/usr/include/x86_64-linux-gnu/qt5/QtCore/qbasicatomic.h:99:54: error: use of undeclared identifier '_q_value'

    T load() const Q_DECL_NOTHROW { return Ops::load(_q_value); }
                                                     ^
    void store(T newValue) Q_DECL_NOTHROW { Ops::store(_q_value, newValue); }
                                            ^
fatal error: /usr/include/x86_64-linux-gnu/qt5/QtCore/qbasicatomic.h:102:68: error: use of undeclared identifier '_q_value'
too many errors emitted, stopping now [-ferror-limit=]
    T loadAcquire() const Q_DECL_NOTHROW { return Ops::loadAcquire(_q_value); }
                                                                   ^
fatal error: too many errors emitted, stopping now [-ferror-limit=]
/usr/include/x86_64-linux-gnu/qt5/QtCore/qbasicatomic.h:100:45: error: use of undeclared identifier 'Ops'
/usr/include/x86_64-linux-gnu/qt5/QtCore/qbasicatomic.h:100:56: error: use of undeclared identifier '_q_value'
    void store(T newValue) Q_DECL_NOTHROW { Ops::store(_q_value, newValue); }    void store(T newValue) Q_DECL_NOTHROW { Ops::store(_q_value, newValue); }
                                                       ^

                                            ^/usr/include/x86_64-linux-gnu/qt5/QtCore/qbasicatomic.h:103:52: error: use of undeclared identifier 'Ops'

    void storeRelease(T newValue) Q_DECL_NOTHROW { Ops::storeRelease(_q_value, newValue); }
                                                   ^
/usr/include/x86_64-linux-gnu/qt5/QtCore/qbasicatomic.h:100:56: /usr/include/x86_64-linux-gnu/qt5/QtCore/qbasicatomic.h:102:51: error: use of undeclared identifier 'Ops'
error:     T loadAcquire() const Q_DECL_NOTHROW { return Ops::loadAcquire(_q_value); }
                                                  ^
use of undeclared identifier '_q_value'
/usr/include/x86_64-linux-gnu/qt5/QtCore/qbasicatomic.h:93:23: error: use of undeclared identifier 'QAtomicOpsSupport'
    void store(T newValue) Q_DECL_NOTHROW { Ops::store(_q_value, newValue); }
    Q_STATIC_ASSERT_X(QAtomicOpsSupport<sizeof(T)>::IsSupported, "template parameter is an integral of a size not supported on this platform");
                      ^
                                                       ^
/usr/include/x86_64-linux-gnu/qt5/QtCore/qbasicatomic.h:100:56: /usr/include/x86_64-linux-gnu/qt5/QtCore/qbasicatomic.h:103:70: error: use of undeclared identifier '_q_value'
error: /usr/include/x86_64-linux-gnu/qt5/QtCore/qbasicatomic.h:102:51: error: use of undeclared identifier 'Ops'
    void storeRelease(T newValue) Q_DECL_NOTHROW { Ops::storeRelease(_q_value, newValue); }
                                                                     ^
use of undeclared identifier '_q_value'    T loadAcquire() const Q_DECL_NOTHROW { return Ops::loadAcquire(_q_value); }
                                                  ^

    void store(T newValue) Q_DECL_NOTHROW { Ops::store(_q_value, newValue); }
                                                       ^
/usr/include/x86_64-linux-gnu/qt5/QtCore/qbasicatomic.h:102:68: error: use of undeclared identifier '_q_value'
    T loadAcquire() const Q_DECL_NOTHROW { return Ops::loadAcquire(_q_value); }
                                                                   ^
In file included from dvbcut.cpp:31:
In file included from /usr/include/x86_64-linux-gnu/qt5/QtWidgets/qlabel.h:43:
In file included from /usr/include/x86_64-linux-gnu/qt5/QtWidgets/qframe.h:/usr/include/x86_64-linux-gnu/qt5/QtCore/qbasicatomic.h:107:86: error: use of undeclared identifier 'Ops'
43:
In file included from     static Q_DECL_CONSTEXPR bool isReferenceCountingNative() Q_DECL_NOTHROW { return Ops::isReferenceCountingNative(); }
                                                                                     ^
/usr/include/x86_64-linux-gnu/qt5/QtWidgets/qwidget.h:43:
In file included from /usr/include/x86_64-linux-gnu/qt5/QtGui/qwindowdefs.h:43:
/usr/include/x86_64-linux-gnu/qt5/QtCore/qbasicatomic.h:102:51: error: use of undeclared identifier 'Ops'
/usr/include/x86_64-linux-gnu/qt5/QtCore/qglobal.h:/usr/include/x86_64-linux-gnu/qt5/QtCore/qbasicatomic.h:103:52: error: use of undeclared identifier 'Ops'
    T loadAcquire() const Q_DECL_NOTHROW { return Ops::loadAcquire(_q_value); }
                                                  ^
1133    void storeRelease(T newValue) Q_DECL_NOTHROW { Ops::storeRelease(_q_value, newValue); }
                                                   ^
:23: warning: rvalue references are a C++11 extension [-Wc++11-extensions]
void qAsConst(const T &&) Q_DECL_EQ_DELETE;
                      ^/usr/include/x86_64-linux-gnu/qt5/QtCore/qbasicatomic.h:102:68: error: use of undeclared identifier '_q_value'

    T loadAcquire() const Q_DECL_NOTHROW { return Ops::loadAcquire(_q_value); }
/usr/include/x86_64-linux-gnu/qt5/QtCore/qbasicatomic.hfatal error:: 93:too many errors emitted, stopping now [-ferror-limit=]53
: error: no member named 'IsSupported' in the global namespace
                                                                   ^
    Q_STATIC_ASSERT_X(QAtomicOpsSupport<sizeof(T)>::IsSupported, "template parameter is an integral of a size not supported on this platform");
                                                  ~~^
/usr/include/x86_64-linux-gnu/qt5/QtCore/qglobal.h:761:63: note: expanded from macro 'Q_STATIC_ASSERT_X'
#define Q_STATIC_ASSERT_X(Condition, Message) Q_STATIC_ASSERT(Condition)
                                                              ^~~~~~~~~
/usr/include/x86_64-linux-gnu/qt5/QtCore/qglobal.h:756:110: note: expanded from macro 'Q_STATIC_ASSERT'
/usr/include/x86_64-linux-gnu/qt5/QtCore/qbasicatomic.h    enum {Q_STATIC_ASSERT_PRIVATE_JOIN(q_static_assert_result, __COUNTER__) = sizeof(QStaticAssertFailure<!!(Condition)>)}
                                                                                                             ^~~~~~~~~
In file included from logoutput.cpp:28:
In file included from /usr/include/x86_64-linux-gnu/qt5/QtCore/QString:1:
In file included from /usr/include/x86_64-linux-gnu/qt5/QtCore/qstring.h:48:
In file included from /usr/include/x86_64-linux-gnu/qt5/QtCore/qchar.h:43:
In file included from /usr/include/x86_64-linux-gnu/qt5/QtCore/qglobal.h:1145:
In file included from /usr/include/x86_64-linux-gnu/qt5/QtCore/qatomic.h:46:
/usr/include/x86_64-linux-gnu/qt5/QtCore/qbasicatomic.h:93:5: error: type name requires a specifier or qualifier
:103:/usr/include/x86_64-linux-gnu/qt5/QtCore/qbasicatomic.h    Q_STATIC_ASSERT_X(QAtomicOpsSupport<sizeof(T)>::IsSupported, "template parameter is an integral of a size not supported on this platform");:
    ^102
:68: error: /usr/include/x86_64-linux-gnu/qt5/QtCore/qbasicatomic.huse of undeclared identifier '_q_value'
:/usr/include/x86_64-linux-gnu/qt5/QtCore/qglobal.h:103761::7047::  errornote: : use of undeclared identifier '_q_value'expanded from macro 'Q_STATIC_ASSERT_X'

52    T loadAcquire() const Q_DECL_NOTHROW { return Ops::loadAcquire(_q_value); }
                                                                   ^
#define Q_STATIC_ASSERT_X(Condition, Message) Q_STATIC_ASSERT(Condition)
                                              ^
/usr/include/x86_64-linux-gnu/qt5/QtCore/qglobal.h:756:    void storeRelease(T newValue) Q_DECL_NOTHROW { Ops::storeRelease(_q_value, newValue); }121
:                                                                      ^note
: expanded from macro 'Q_STATIC_ASSERT'
: error    enum {Q_STATIC_ASSERT_PRIVATE_JOIN(q_static_assert_result, __COUNTER__) = sizeof(QStaticAssertFailure<!!(Condition)>)}: use of undeclared identifier 'Ops'

                                                                                                                        ^    void storeRelease(T newValue) Q_DECL_NOTHROW { Ops::storeRelease(_q_value, newValue); }
                                                   ^

/usr/include/x86_64-linux-gnu/qt5/QtCore/qbasicatomic.h/usr/include/x86_64-linux-gnu/qt5/QtCore/qbasicatomic.h::107:86: error: use of undeclared identifier 'Ops'
103:    static Q_DECL_CONSTEXPR bool isReferenceCountingNative() Q_DECL_NOTHROW { return Ops::isReferenceCountingNative(); }
                                                                                     ^
52: error: In file included from use of undeclared identifier 'Ops'
logoutput.cpp:    void storeRelease(T newValue) Q_DECL_NOTHROW { Ops::storeRelease(_q_value, newValue); }
                                                   ^
28:
In file included from /usr/include/x86_64-linux-gnu/qt5/QtCore/QString:1:
In file included from /usr/include/x86_64-linux-gnu/qt5/QtCore/qstring.h:48:
In file included from /usr/include/x86_64-linux-gnu/qt5/QtCore/qchar.h:43:
In file included from /usr/include/x86_64-linux-gnu/qt5/QtCore/qglobal.h:1145:
In file included from /usr/include/x86_64-linux-gnu/qt5/QtCore/qatomic.h:46:
/usr/include/x86_64-linux-gnu/qt5/QtCore/qbasicatomic.hfatal error: too many errors emitted, stopping now [-ferror-limit=]
:/usr/include/x86_64-linux-gnu/qt5/QtCore/qbasicatomic.h:103:70: error: use of undeclared identifier '_q_value'
95:14:    void storeRelease(T newValue) Q_DECL_NOTHROW { Ops::storeRelease(_q_value, newValue); }
                                                                     ^
 error: use of undeclared identifier 'Ops'
    typename Ops::Type _q_value;
             ^
/usr/include/x86_64-linux-gnu/qt5/QtCore/qbasicatomic.h:95:19: error: expected a qualified name after 'typename'
    typename Ops::Type _q_value;
                  ^
/usr/include/x86_64-linux-gnu/qt5/QtCore/qbasicatomic.h/usr/include/x86_64-linux-gnu/qt5/QtCore/qbasicatomic.h:/usr/include/x86_64-linux-gnu/qt5/QtCore/qbasicatomic.h107::10386::70 :error : error: use of undeclared identifier 'Ops'
use of undeclared identifier '_q_value'
:95    void storeRelease(T newValue) Q_DECL_NOTHROW { Ops::storeRelease(_q_value, newValue); }
                                                                     ^
    static Q_DECL_CONSTEXPR bool isReferenceCountingNative() Q_DECL_NOTHROW { return Ops::isReferenceCountingNative(); }
                                                                                     ^
:23: error: expected ';' at end of declaration list
    typename Ops::Type _q_value;
                      ^
                      ;
fatal error/usr/include/x86_64-linux-gnu/qt5/QtCore/qbasicatomic.h:107:86: error: use of undeclared identifier 'Ops'
: too many errors emitted, stopping now [-ferror-limit=]
    static Q_DECL_CONSTEXPR bool isReferenceCountingNative() Q_DECL_NOTHROW { return Ops::isReferenceCountingNative(); }
                                                                                     ^
fatal error: too many errors emitted, stopping now [-ferror-limit=]
/usr/include/x86_64-linux-gnu/qt5/QtCore/qbasicatomic.h:99:44: error: use of undeclared identifier 'Ops'
    T load() const Q_DECL_NOTHROW { return Ops::load(_q_value); }
                                           ^
/usr/include/x86_64-linux-gnu/qt5/QtCore/qbasicatomic.h:99:54: error: use of undeclared identifier '_q_value'
    T load() const Q_DECL_NOTHROW { return Ops::load(_q_value); }
                                                     ^
/usr/include/x86_64-linux-gnu/qt5/QtCore/qbasicatomic.h:100:45: error: use of undeclared identifier 'Ops'
    void store(T newValue) Q_DECL_NOTHROW { Ops::store(_q_value, newValue); }
                                            ^
In file included from mpgfile.cpp:30:
In file included from /usr/include/x86_64-linux-gnu/qt5/QtCore/QCoreApplication:1:
In file included from /usr/include/x86_64-linux-gnu/qt5/QtCore/qcoreapplication.h:43:
/usr/include/x86_64-linux-gnu/qt5/QtCore/qglobal.h:1133:/usr/include/x86_64-linux-gnu/qt5/QtCore/qbasicatomic.h:100:56: error: use of undeclared identifier '_q_value'
23:    void store(T newValue) Q_DECL_NOTHROW { Ops::store(_q_value, newValue); }
                                                       ^
 warning: rvalue references are a C++11 extension [-Wc++11-extensions]
void qAsConst(const T &&) Q_DECL_EQ_DELETE;
                      ^
/usr/include/x86_64-linux-gnu/qt5/QtCore/qbasicatomic.h:102:51: error: use of undeclared identifier 'Ops'
    T loadAcquire() const Q_DECL_NOTHROW { return Ops::loadAcquire(_q_value); }
                                                  ^
/usr/include/x86_64-linux-gnu/qt5/QtCore/qbasicatomic.h:102:68: error: use of undeclared identifier '_q_value'
    T loadAcquire() const Q_DECL_NOTHROW { return Ops::loadAcquire(_q_value); }
                                                                   ^
/usr/include/x86_64-linux-gnu/qt5/QtCore/qbasicatomic.h:103:52: error: use of undeclared identifier 'Ops'
    void storeRelease(T newValue) Q_DECL_NOTHROW { Ops::storeRelease(_q_value, newValue); }
                                                   ^
/usr/include/x86_64-linux-gnu/qt5/QtCore/qbasicatomic.h:103:70: error: use of undeclared identifier '_q_value'
    void storeRelease(T newValue) Q_DECL_NOTHROW { Ops::storeRelease(_q_value, newValue); }
                                                                     ^
/usr/include/x86_64-linux-gnu/qt5/QtCore/qbasicatomic.h:107:86: error: use of undeclared identifier 'Ops'
    static Q_DECL_CONSTEXPR bool isReferenceCountingNative() Q_DECL_NOTHROW { return Ops::isReferenceCountingNative(); }
                                                                                     ^
fatal error: too many errors emitted, stopping now [-ferror-limit=]
In file included from exception.cpp:22:
In file included from /usr/include/x86_64-linux-gnu/qt5/QtCore/qstring.h:48:
In file included from In file included from dvbcut.cpp:31:
In file included from /usr/include/x86_64-linux-gnu/qt5/QtWidgets/qlabel.h:43:
In file included from /usr/include/x86_64-linux-gnu/qt5/QtWidgets/qframe.h:43:
In file included from /usr/include/x86_64-linux-gnu/qt5/QtWidgets/qwidget.h:43:
In file included from /usr/include/x86_64-linux-gnu/qt5/QtGui/qwindowdefs.h:43:
In file included from /usr/include/x86_64-linux-gnu/qt5/QtCore/qglobal.h:1145:
In file included from /usr/include/x86_64-linux-gnu/qt5/QtCore/qatomic.h:46:
/usr/include/x86_64-linux-gnu/qt5/QtCore/qbasicatomic.h:61:4: error: "Qt requires C++11 support"
#  error "Qt requires C++11 support"
   ^
/usr/include/x86_64-linux-gnu/qt5/QtCore/qchar.h:43:
/usr/include/x86_64-linux-gnu/qt5/QtCore/qglobal.h:1133:23: warning: rvalue references are a C++11 extension [-Wc++11-extensions]
void qAsConst(const T &&) Q_DECL_EQ_DELETE;
                      ^
/usr/include/x86_64-linux-gnu/qt5/QtCore/qbasicatomic.h:90:13: error: unknown type name 'QAtomicOps'
    typedef QAtomicOps<T> Ops;
            ^
/usr/include/x86_64-linux-gnu/qt5/QtCore/qbasicatomic.h:90:23: error: expected member name or ';' after declaration specifiers
    typedef QAtomicOps<T> Ops;
    ~~~~~~~~~~~~~~~~~~^
/usr/include/x86_64-linux-gnu/qt5/QtCore/qbasicatomic.h:93:23: error: use of undeclared identifier 'QAtomicOpsSupport'
    Q_STATIC_ASSERT_X(QAtomicOpsSupport<sizeof(T)>::IsSupported, "template parameter is an integral of a size not supported on this platform");
                      ^
In file included from main.cpp:35:
In file included from /usr/include/x86_64-linux-gnu/qt5/QtWidgets/qapplication.h:43:
In file included from /usr/include/x86_64-linux-gnu/qt5/QtCore/qcoreapplication.h:43:
In file included from /usr/include/x86_64-linux-gnu/qt5/QtCore/qglobal.h:83:
/usr/include/x86_64-linux-gnu/qt5/QtCore/qcompilerdetection.h:562:6: error: Qt requires a C++11 compiler and yours does not seem to be that.
#    error Qt requires a C++11 compiler and yours does not seem to be that.
     ^
In file included from mpgfile.cpp:30:
In file included from /usr/include/x86_64-linux-gnu/qt5/QtCore/QCoreApplication:1:
In file included from /usr/include/x86_64-linux-gnu/qt5/QtCore/qcoreapplication.h:43:
In file included from /usr/include/x86_64-linux-gnu/qt5/QtCore/qglobal.h:1145:
In file included from /usr/include/x86_64-linux-gnu/qt5/QtCore/qatomic.h:46:
/usr/include/x86_64-linux-gnu/qt5/QtCore/qbasicatomic.h:61:4: error: "Qt requires C++11 support"
/usr/include/x86_64-linux-gnu/qt5/QtCore/qbasicatomic.h#  error "Qt requires C++11 support"
   ^
:93:53: error: no member named 'IsSupported' in the global namespace
    Q_STATIC_ASSERT_X(QAtomicOpsSupport<sizeof(T)>::IsSupported, "template parameter is an integral of a size not supported on this platform");
                                                  ~~^
/usr/include/x86_64-linux-gnu/qt5/QtCore/qglobal.h:761:63: note: expanded from macro 'Q_STATIC_ASSERT_X'
#define Q_STATIC_ASSERT_X(Condition, Message) Q_STATIC_ASSERT(Condition)
                                                              ^~~~~~~~~
/usr/include/x86_64-linux-gnu/qt5/QtCore/qglobal.h:756:110: note: expanded from macro 'Q_STATIC_ASSERT'
    enum {Q_STATIC_ASSERT_PRIVATE_JOIN(q_static_assert_result, __COUNTER__) = sizeof(QStaticAssertFailure<!!(Condition)>)}
                                                                                                             ^~~~~~~~~
In file included from dvbcut.cpp:31:
In file included from /usr/include/x86_64-linux-gnu/qt5/QtWidgets/qlabel.h:43:
In file included from /usr/include/x86_64-linux-gnu/qt5/QtWidgets/qframe.h:43:
In file included from /usr/include/x86_64-linux-gnu/qt5/QtWidgets/qwidget.h:43:
In file included from /usr/include/x86_64-linux-gnu/qt5/QtGui/qwindowdefs.h:43:
In file included from /usr/include/x86_64-linux-gnu/qt5/QtCore/qglobal.h:1145:
In file included from /usr/include/x86_64-linux-gnu/qt5/QtCore/qatomic.h:46:
/usr/include/x86_64-linux-gnu/qt5/QtCore/qbasicatomic.h:93:5: error: type name requires a specifier or qualifier
    Q_STATIC_ASSERT_X(QAtomicOpsSupport<sizeof(T)>::IsSupported, "template parameter is an integral of a size not supported on this platform");
    ^
/usr/include/x86_64-linux-gnu/qt5/QtCore/qglobal.h:761:47: note: expanded from macro 'Q_STATIC_ASSERT_X'
#define Q_STATIC_ASSERT_X(Condition, Message) Q_STATIC_ASSERT(Condition)
                                              ^
/usr/include/x86_64-linux-gnu/qt5/QtCore/qglobal.h:756:121: note: expanded from macro 'Q_STATIC_ASSERT'/usr/include/x86_64-linux-gnu/qt5/QtCore/qbasicatomic.h:90:13: error: unknown type name 'QAtomicOps'
    typedef QAtomicOps<T> Ops;
            ^
/usr/include/x86_64-linux-gnu/qt5/QtCore/qbasicatomic.h:90:23: error: expected member name or ';' after declaration specifiers
    typedef QAtomicOps<T> Ops;
    ~~~~~~~~~~~~~~~~~~^

    enum {Q_STATIC_ASSERT_PRIVATE_JOIN(q_static_assert_result, __COUNTER__) = sizeof(QStaticAssertFailure<!!(Condition)>)}
                                                                                                                        ^
In file included from dvbcut.cpp:31:
In file included from /usr/include/x86_64-linux-gnu/qt5/QtWidgets/qlabel.h:43:
In file included from /usr/include/x86_64-linux-gnu/qt5/QtWidgets/qframe.h:43:
In file included from /usr/include/x86_64-linux-gnu/qt5/QtWidgets/qwidget.h:43:
In file included from /usr/include/x86_64-linux-gnu/qt5/QtGui/qwindowdefs.h:43:
In file included from /usr/include/x86_64-linux-gnu/qt5/QtCore/qglobal.h:1145:
In file included from /usr/include/x86_64-linux-gnu/qt5/QtCore/qatomic.h:46:
/usr/include/x86_64-linux-gnu/qt5/QtCore/qbasicatomic.h:95:14: error: use of undeclared identifier 'Ops'
    typename Ops::Type _q_value;
             ^
/usr/include/x86_64-linux-gnu/qt5/QtCore/qbasicatomic.h:95:19: error: expected a qualified name after 'typename'
    typename Ops::Type _q_value;
                  ^
/usr/include/x86_64-linux-gnu/qt5/QtCore/qbasicatomic.h:95:23: error: expected ';' at end of declaration list
    typename Ops::Type _q_value;
                      ^
                      ;
/usr/include/x86_64-linux-gnu/qt5/QtCore/qbasicatomic.h:93:23: error: use of undeclared identifier 'QAtomicOpsSupport'
    Q_STATIC_ASSERT_X(QAtomicOpsSupport<sizeof(T)>::IsSupported, "template parameter is an integral of a size not supported on this platform");
                      ^
/usr/include/x86_64-linux-gnu/qt5/QtCore/qbasicatomic.h:99:44: error: use of undeclared identifier 'Ops'
    T load() const Q_DECL_NOTHROW { return Ops::load(_q_value); }
                                           ^
/usr/include/x86_64-linux-gnu/qt5/QtCore/qbasicatomic.h:99:54: error: use of undeclared identifier '_q_value'
    T load() const Q_DECL_NOTHROW { return Ops::load(_q_value); }
                                                     ^
/usr/include/x86_64-linux-gnu/qt5/QtCore/qbasicatomic.h:93:53:/usr/include/x86_64-linux-gnu/qt5/QtCore/qbasicatomic.h:100:45: error: use of undeclared identifier 'Ops'
     void store(T newValue) Q_DECL_NOTHROW { Ops::store(_q_value, newValue); }
                                            ^
error: no member named 'IsSupported' in the global namespace
    Q_STATIC_ASSERT_X(QAtomicOpsSupport<sizeof(T)>::IsSupported, "template parameter is an integral of a size not supported on this platform");
                                                  ~~^
/usr/include/x86_64-linux-gnu/qt5/QtCore/qglobal.h:761:63: note: expanded from macro 'Q_STATIC_ASSERT_X'
#define Q_STATIC_ASSERT_X(Condition, Message) Q_STATIC_ASSERT(Condition)
                                                              ^~~~~~~~~
/usr/include/x86_64-linux-gnu/qt5/QtCore/qglobal.h:756:110: note: expanded from macro 'Q_STATIC_ASSERT'
    enum {Q_STATIC_ASSERT_PRIVATE_JOIN(q_static_assert_result, __COUNTER__) = sizeof(QStaticAssertFailure<!!(Condition)>)}
                                                                                                             ^~~~~~~~~
In file included from mpgfile.cpp:30:
In file included from /usr/include/x86_64-linux-gnu/qt5/QtCore/QCoreApplication:1:
In file included from /usr/include/x86_64-linux-gnu/qt5/QtCore/qcoreapplication.h:43:
In file included from /usr/include/x86_64-linux-gnu/qt5/QtCore/qglobal.h:1145:
In file included from /usr/include/x86_64-linux-gnu/qt5/QtCore/qatomic.h:46:
/usr/include/x86_64-linux-gnu/qt5/QtCore/qbasicatomic.h:93:5: error/usr/include/x86_64-linux-gnu/qt5/QtCore/qbasicatomic.h: type name requires a specifier or qualifier
:100    Q_STATIC_ASSERT_X(QAtomicOpsSupport<sizeof(T)>::IsSupported, "template parameter is an integral of a size not supported on this platform");
    ^
/usr/include/x86_64-linux-gnu/qt5/QtCore/qglobal.h:761:47: note: expanded from macro 'Q_STATIC_ASSERT_X'
:#define Q_STATIC_ASSERT_X(Condition, Message) Q_STATIC_ASSERT(Condition)
                                              ^
/usr/include/x86_64-linux-gnu/qt5/QtCore/qglobal.h:756:121: note: expanded from macro 'Q_STATIC_ASSERT'
56: error    enum {Q_STATIC_ASSERT_PRIVATE_JOIN(q_static_assert_result, __COUNTER__) = sizeof(QStaticAssertFailure<!!(Condition)>)}
                                                                                                                        ^
: use of undeclared identifier '_q_value'
    void store(T newValue) Q_DECL_NOTHROW { Ops::store(_q_value, newValue); }
                                                       ^
In file included from mpgfile.cpp:30:
In file included from /usr/include/x86_64-linux-gnu/qt5/QtCore/QCoreApplication:1:
/usr/include/x86_64-linux-gnu/qt5/QtCore/qbasicatomic.h:102:51: error: use of undeclared identifier 'Ops'
In file included from /usr/include/x86_64-linux-gnu/qt5/QtCore/qcoreapplication.h    T loadAcquire() const Q_DECL_NOTHROW { return Ops::loadAcquire(_q_value); }
                                                  ^
:43:
In file included from /usr/include/x86_64-linux-gnu/qt5/QtCore/qglobal.h:1145:
In file included from /usr/include/x86_64-linux-gnu/qt5/QtCore/qatomic.h:46:
/usr/include/x86_64-linux-gnu/qt5/QtCore/qbasicatomic.h:95:14: error: use of undeclared identifier 'Ops'
    typename Ops::Type _q_value;
             ^
/usr/include/x86_64-linux-gnu/qt5/QtCore/qbasicatomic.h:95:19: error: expected a qualified name after 'typename'
    typename Ops::Type _q_value;
                  ^
/usr/include/x86_64-linux-gnu/qt5/QtCore/qbasicatomic.h:95:23: error: expected ';' at end of declaration list
    typename Ops::Type _q_value;
                      ^
                      ;
/usr/include/x86_64-linux-gnu/qt5/QtCore/qbasicatomic.h:102:68: error: use of undeclared identifier '_q_value'
    T loadAcquire() const Q_DECL_NOTHROW { return Ops::loadAcquire(_q_value); }
                                                                   ^
/usr/include/x86_64-linux-gnu/qt5/QtCore/qbasicatomic.h:103:52: error: use of undeclared identifier 'Ops'
    void storeRelease(T newValue) Q_DECL_NOTHROW { Ops::storeRelease(_q_value, newValue); }
                                                   ^
/usr/include/x86_64-linux-gnu/qt5/QtCore/qbasicatomic.h:99:44: error: use of undeclared identifier 'Ops'
    T load() const Q_DECL_NOTHROW { return Ops::load(_q_value); }
                                           ^
/usr/include/x86_64-linux-gnu/qt5/QtCore/qbasicatomic.h:103:70: error: use of undeclared identifier '_q_value'
    void storeRelease(T newValue) Q_DECL_NOTHROW { Ops::storeRelease(_q_value, newValue); }
                                                                     ^
/usr/include/x86_64-linux-gnu/qt5/QtCore/qbasicatomic.h:99:54: /usr/include/x86_64-linux-gnu/qt5/QtCore/qbasicatomic.h:107:86: error: use of undeclared identifier 'Ops'
error: use of undeclared identifier '_q_value'    static Q_DECL_CONSTEXPR bool isReferenceCountingNative() Q_DECL_NOTHROW { return Ops::isReferenceCountingNative(); }
                                                                                     ^

    T load() const Q_DECL_NOTHROW { return Ops::load(_q_value); }
                                                     ^
fatal error: too many errors emitted, stopping now [-ferror-limit=]
/usr/include/x86_64-linux-gnu/qt5/QtCore/qbasicatomic.h:100:45: error: use of undeclared identifier 'Ops'
    void store(T newValue) Q_DECL_NOTHROW { Ops::store(_q_value, newValue); }
                                            ^
/usr/include/x86_64-linux-gnu/qt5/QtCore/qbasicatomic.h:100:56: error: use of undeclared identifier '_q_value'
    void store(T newValue) Q_DECL_NOTHROW { Ops::store(_q_value, newValue); }
                                                       ^
/usr/include/x86_64-linux-gnu/qt5/QtCore/qbasicatomic.h:102:51: error: use of undeclared identifier 'Ops'
    T loadAcquire() const Q_DECL_NOTHROW { return Ops::loadAcquire(_q_value); }
                                                  ^
/usr/include/x86_64-linux-gnu/qt5/QtCore/qbasicatomic.h:102:68: error: use of undeclared identifier '_q_value'
    T loadAcquire() const Q_DECL_NOTHROW { return Ops::loadAcquire(_q_value); }
                                                                   ^
/usr/include/x86_64-linux-gnu/qt5/QtCore/qbasicatomic.h:103:52: error: use of undeclared identifier 'Ops'
    void storeRelease(T newValue) Q_DECL_NOTHROW { Ops::storeRelease(_q_value, newValue); }
                                                   ^
/usr/include/x86_64-linux-gnu/qt5/QtCore/qbasicatomic.h:103:70: error: use of undeclared identifier '_q_value'
    void storeRelease(T newValue) Q_DECL_NOTHROW { Ops::storeRelease(_q_value, newValue); }
                                                                     ^
/usr/include/x86_64-linux-gnu/qt5/QtCore/qbasicatomic.h:107:86: error: use of undeclared identifier 'Ops'
    static Q_DECL_CONSTEXPR bool isReferenceCountingNative() Q_DECL_NOTHROW { return Ops::isReferenceCountingNative(); }
                                                                                     ^
fatal error: too many errors emitted, stopping now [-ferror-limit=]
In file included from exception.cpp:22:
In file included from /usr/include/x86_64-linux-gnu/qt5/QtCore/qstring.h:48:
In file included from /usr/include/x86_64-linux-gnu/qt5/QtCore/qchar.h:43:
In file included from /usr/include/x86_64-linux-gnu/qt5/QtCore/qglobal.h:1145:
In file included from /usr/include/x86_64-linux-gnu/qt5/QtCore/qatomic.h:46:
/usr/include/x86_64-linux-gnu/qt5/QtCore/qbasicatomic.h:61:4: error: "Qt requires C++11 support"
#  error "Qt requires C++11 support"
   ^
/usr/include/x86_64-linux-gnu/qt5/QtCore/qbasicatomic.h:90:13: error: unknown type name 'QAtomicOps'
    typedef QAtomicOps<T> Ops;
            ^
/usr/include/x86_64-linux-gnu/qt5/QtCore/qbasicatomic.h:90:23: error: expected member name or ';' after declaration specifiers
    typedef QAtomicOps<T> Ops;
    ~~~~~~~~~~~~~~~~~~^
/usr/include/x86_64-linux-gnu/qt5/QtCore/qbasicatomic.h:93:23: error: use of undeclared identifier 'QAtomicOpsSupport'
    Q_STATIC_ASSERT_X(QAtomicOpsSupport<sizeof(T)>::IsSupported, "template parameter is an integral of a size not supported on this platform");
                      ^
/usr/include/x86_64-linux-gnu/qt5/QtCore/qbasicatomic.h:93:53: error: no member named 'IsSupported' in the global namespace
    Q_STATIC_ASSERT_X(QAtomicOpsSupport<sizeof(T)>::IsSupported, "template parameter is an integral of a size not supported on this platform");
                                                  ~~^
/usr/include/x86_64-linux-gnu/qt5/QtCore/qglobal.h:761:63: note: expanded from macro 'Q_STATIC_ASSERT_X'
#define Q_STATIC_ASSERT_X(Condition, Message) Q_STATIC_ASSERT(Condition)
                                                              ^~~~~~~~~
/usr/include/x86_64-linux-gnu/qt5/QtCore/qglobal.h:756:110: note: expanded from macro 'Q_STATIC_ASSERT'
    enum {Q_STATIC_ASSERT_PRIVATE_JOIN(q_static_assert_result, __COUNTER__) = sizeof(QStaticAssertFailure<!!(Condition)>)}
                                                                                                             ^~~~~~~~~
In file included from exception.cpp:22:
In file included from /usr/include/x86_64-linux-gnu/qt5/QtCore/qstring.hIn file included from main.cpp:35:
In file included from /usr/include/x86_64-linux-gnu/qt5/QtWidgets/qapplication.h:43:
In file included from /usr/include/x86_64-linux-gnu/qt5/QtCore/qcoreapplication.h:43:
/usr/include/x86_64-linux-gnu/qt5/QtCore/qglobal.h:1133:23: warning: rvalue references are a C++11 extension [-Wc++11-extensions]
void qAsConst(const T &&) Q_DECL_EQ_DELETE;
                      ^
:48:
In file included from /usr/include/x86_64-linux-gnu/qt5/QtCore/qchar.h:43:
In file included from /usr/include/x86_64-linux-gnu/qt5/QtCore/qglobal.h:1145:
In file included from /usr/include/x86_64-linux-gnu/qt5/QtCore/qatomic.h:46:
/usr/include/x86_64-linux-gnu/qt5/QtCore/qbasicatomic.h:93:5: error: type name requires a specifier or qualifier
    Q_STATIC_ASSERT_X(QAtomicOpsSupport<sizeof(T)>::IsSupported, "template parameter is an integral of a size not supported on this platform");
    ^
/usr/include/x86_64-linux-gnu/qt5/QtCore/qglobal.h:761:47: note: expanded from macro 'Q_STATIC_ASSERT_X'
#define Q_STATIC_ASSERT_X(Condition, Message) Q_STATIC_ASSERT(Condition)
                                              ^
/usr/include/x86_64-linux-gnu/qt5/QtCore/qglobal.h:756:121: note: expanded from macro 'Q_STATIC_ASSERT'
    enum {Q_STATIC_ASSERT_PRIVATE_JOIN(q_static_assert_result, __COUNTER__) = sizeof(QStaticAssertFailure<!!(Condition)>)}
                                                                                                                        ^
In file included from exception.cpp:22:
In file included from /usr/include/x86_64-linux-gnu/qt5/QtCore/qstring.h:48:
In file included from /usr/include/x86_64-linux-gnu/qt5/QtCore/qchar.h:43:
In file included from /usr/include/x86_64-linux-gnu/qt5/QtCore/qglobal.h:1145:
In file included from /usr/include/x86_64-linux-gnu/qt5/QtCore/qatomic.h:46:
/usr/include/x86_64-linux-gnu/qt5/QtCore/qbasicatomic.h:95:14: error: use of undeclared identifier 'Ops'
    typename Ops::Type _q_value;
             ^
/usr/include/x86_64-linux-gnu/qt5/QtCore/qbasicatomic.h:95:19: error: expected a qualified name after 'typename'
    typename Ops::Type _q_value;
                  ^
/usr/include/x86_64-linux-gnu/qt5/QtCore/qbasicatomic.h:95:23: error: expected ';' at end of declaration list
    typename Ops::Type _q_value;
                      ^
                      ;
/usr/include/x86_64-linux-gnu/qt5/QtCore/qbasicatomic.h:99:44: error: use of undeclared identifier 'Ops'
    T load() const Q_DECL_NOTHROW { return Ops::load(_q_value); }
                                           ^
/usr/include/x86_64-linux-gnu/qt5/QtCore/qbasicatomic.h:99:54: error: use of undeclared identifier '_q_value'
    T load() const Q_DECL_NOTHROW { return Ops::load(_q_value); }
                                                     ^
/usr/include/x86_64-linux-gnu/qt5/QtCore/qbasicatomic.h:100:45: error: use of undeclared identifier 'Ops'
    void store(T newValue) Q_DECL_NOTHROW { Ops::store(_q_value, newValue); }
                                            ^
/usr/include/x86_64-linux-gnu/qt5/QtCore/qbasicatomic.h:100:56: error: use of undeclared identifier '_q_value'
    void store(T newValue) Q_DECL_NOTHROW { Ops::store(_q_value, newValue); }
                                                       ^
/usr/include/x86_64-linux-gnu/qt5/QtCore/qbasicatomic.h:102:51: error: use of undeclared identifier 'Ops'
    T loadAcquire() const Q_DECL_NOTHROW { return Ops::loadAcquire(_q_value); }
                                                  ^
/usr/include/x86_64-linux-gnu/qt5/QtCore/qbasicatomic.h:102:68: error: use of undeclared identifier '_q_value'
    T loadAcquire() const Q_DECL_NOTHROW { return Ops::loadAcquire(_q_value); }
                                                                   ^
/usr/include/x86_64-linux-gnu/qt5/QtCore/qbasicatomic.h:103:52: error: use of undeclared identifier 'Ops'
    void storeRelease(T newValue) Q_DECL_NOTHROW { Ops::storeRelease(_q_value, newValue); }
                                                   ^
/usr/include/x86_64-linux-gnu/qt5/QtCore/qbasicatomic.h:103:70: error: use of undeclared identifier '_q_value'
    void storeRelease(T newValue) Q_DECL_NOTHROW { Ops::storeRelease(_q_value, newValue); }
                                                                     ^
/usr/include/x86_64-linux-gnu/qt5/QtCore/qbasicatomic.h:107:86: error: use of undeclared identifier 'Ops'
    static Q_DECL_CONSTEXPR bool isReferenceCountingNative() Q_DECL_NOTHROW { return Ops::isReferenceCountingNative(); }
                                                                                     ^
fatal error: too many errors emitted, stopping now [-ferror-limit=]
In file included from index.cpp:33:
In file included from /usr/include/x86_64-linux-gnu/qt5/QtCore/QCoreApplication:1:
In file included from /usr/include/x86_64-linux-gnu/qt5/QtCore/qcoreapplication.h:43:
In file included from /usr/include/x86_64-linux-gnu/qt5/QtCore/qglobal.h:83:
/usr/include/x86_64-linux-gnu/qt5/QtCore/qcompilerdetection.h:562:6: error: Qt requires a C++11 compiler and yours does not seem to be that.
#    error Qt requires a C++11 compiler and yours does not seem to be that.
     ^
In file included from main.cpp:35:
In file included from /usr/include/x86_64-linux-gnu/qt5/QtWidgets/qapplication.h:43:
In file included from /usr/include/x86_64-linux-gnu/qt5/QtCore/qcoreapplication.h:43:
In file included from /usr/include/x86_64-linux-gnu/qt5/QtCore/qglobal.h:1145:
In file included from /usr/include/x86_64-linux-gnu/qt5/QtCore/qatomic.h:46:
/usr/include/x86_64-linux-gnu/qt5/QtCore/qbasicatomic.h:61:4: error: "Qt requires C++11 support"
#  error "Qt requires C++11 support"
   ^
/usr/include/x86_64-linux-gnu/qt5/QtCore/qbasicatomic.h:90:13: error: unknown type name 'QAtomicOps'
    typedef QAtomicOps<T> Ops;
            ^
/usr/include/x86_64-linux-gnu/qt5/QtCore/qbasicatomic.h:90:23: error: expected member name or ';' after declaration specifiers
    typedef QAtomicOps<T> Ops;
    ~~~~~~~~~~~~~~~~~~^
/usr/include/x86_64-linux-gnu/qt5/QtCore/qbasicatomic.h:93:23: error: use of undeclared identifier 'QAtomicOpsSupport'
    Q_STATIC_ASSERT_X(QAtomicOpsSupport<sizeof(T)>::IsSupported, "template parameter is an integral of a size not supported on this platform");
                      ^
/usr/include/x86_64-linux-gnu/qt5/QtCore/qbasicatomic.h:93:53: error: no member named 'IsSupported' in the global namespace
    Q_STATIC_ASSERT_X(QAtomicOpsSupport<sizeof(T)>::IsSupported, "template parameter is an integral of a size not supported on this platform");
                                                  ~~^
/usr/include/x86_64-linux-gnu/qt5/QtCore/qglobal.h:761:63: note: expanded from macro 'Q_STATIC_ASSERT_X'
#define Q_STATIC_ASSERT_X(Condition, Message) Q_STATIC_ASSERT(Condition)
                                                              ^~~~~~~~~
/usr/include/x86_64-linux-gnu/qt5/QtCore/qglobal.h:756:110: note: expanded from macro 'Q_STATIC_ASSERT'
    enum {Q_STATIC_ASSERT_PRIVATE_JOIN(q_static_assert_result, __COUNTER__) = sizeof(QStaticAssertFailure<!!(Condition)>)}
                                                                                                             ^~~~~~~~~
In file included from main.cpp:35:
In file included from /usr/include/x86_64-linux-gnu/qt5/QtWidgets/qapplication.h:43:
In file included from /usr/include/x86_64-linux-gnu/qt5/QtCore/qcoreapplication.h:43:
In file included from /usr/include/x86_64-linux-gnu/qt5/QtCore/qglobal.h:1145:
In file included from /usr/include/x86_64-linux-gnu/qt5/QtCore/qatomic.h:46:
/usr/include/x86_64-linux-gnu/qt5/QtCore/qbasicatomic.h:93:5: error: type name requires a specifier or qualifier
    Q_STATIC_ASSERT_X(QAtomicOpsSupport<sizeof(T)>::IsSupported, "template parameter is an integral of a size not supported on this platform");
    ^
/usr/include/x86_64-linux-gnu/qt5/QtCore/qglobal.h:761:47: note: expanded from macro 'Q_STATIC_ASSERT_X'
#define Q_STATIC_ASSERT_X(Condition, Message) Q_STATIC_ASSERT(Condition)
                                              ^
/usr/include/x86_64-linux-gnu/qt5/QtCore/qglobal.h:756:121: note: expanded from macro 'Q_STATIC_ASSERT'
    enum {Q_STATIC_ASSERT_PRIVATE_JOIN(q_static_assert_result, __COUNTER__) = sizeof(QStaticAssertFailure<!!(Condition)>)}
                                                                                                                        ^
In file included from main.cpp:35:
In file included from /usr/include/x86_64-linux-gnu/qt5/QtWidgets/qapplication.h:43:
In file included from /usr/include/x86_64-linux-gnu/qt5/QtCore/qcoreapplication.h:43:
In file included from /usr/include/x86_64-linux-gnu/qt5/QtCore/qglobal.h:1145:
In file included from /usr/include/x86_64-linux-gnu/qt5/QtCore/qatomic.h:46:
/usr/include/x86_64-linux-gnu/qt5/QtCore/qbasicatomic.h:95:14: error: use of undeclared identifier 'Ops'
    typename Ops::Type _q_value;
             ^
/usr/include/x86_64-linux-gnu/qt5/QtCore/qbasicatomic.h:95:19: error: expected a qualified name after 'typename'
    typename Ops::Type _q_value;
                  ^
/usr/include/x86_64-linux-gnu/qt5/QtCore/qbasicatomic.h:95:23: error: expected ';' at end of declaration list
    typename Ops::Type _q_value;
                      ^
                      ;
/usr/include/x86_64-linux-gnu/qt5/QtCore/qbasicatomic.h:99:44: error: use of undeclared identifier 'Ops'
    T load() const Q_DECL_NOTHROW { return Ops::load(_q_value); }
                                           ^
/usr/include/x86_64-linux-gnu/qt5/QtCore/qbasicatomic.h:99:54: error: use of undeclared identifier '_q_value'
    T load() const Q_DECL_NOTHROW { return Ops::load(_q_value); }
                                                     ^
/usr/include/x86_64-linux-gnu/qt5/QtCore/qbasicatomic.h:100:45: error: use of undeclared identifier 'Ops'
    void store(T newValue) Q_DECL_NOTHROW { Ops::store(_q_value, newValue); }
                                            ^
/usr/include/x86_64-linux-gnu/qt5/QtCore/qbasicatomic.h:100:56: error: use of undeclared identifier '_q_value'
    void store(T newValue) Q_DECL_NOTHROW { Ops::store(_q_value, newValue); }
                                                       ^
/usr/include/x86_64-linux-gnu/qt5/QtCore/qbasicatomic.h:102:51: error: use of undeclared identifier 'Ops'
In file included from index.cpp:33:
In file included from /usr/include/x86_64-linux-gnu/qt5/QtCore/QCoreApplication:1:
In file included from /usr/include/x86_64-linux-gnu/qt5/QtCore/qcoreapplication.h:43:
/usr/include/x86_64-linux-gnu/qt5/QtCore/qglobal.h:1133:23: warning: rvalue references are a C++11 extension [-Wc++11-extensions]
void qAsConst(const T &&) Q_DECL_EQ_DELETE;
                      ^
    T loadAcquire() const Q_DECL_NOTHROW { return Ops::loadAcquire(_q_value); }
                                                  ^
/usr/include/x86_64-linux-gnu/qt5/QtCore/qbasicatomic.h:102:68: error: use of undeclared identifier '_q_value'
    T loadAcquire() const Q_DECL_NOTHROW { return Ops::loadAcquire(_q_value); }
                                                                   ^
/usr/include/x86_64-linux-gnu/qt5/QtCore/qbasicatomic.h:103:52: error: use of undeclared identifier 'Ops'
    void storeRelease(T newValue) Q_DECL_NOTHROW { Ops::storeRelease(_q_value, newValue); }
                                                   ^
/usr/include/x86_64-linux-gnu/qt5/QtCore/qbasicatomic.h:103:70: error: use of undeclared identifier '_q_value'
    void storeRelease(T newValue) Q_DECL_NOTHROW { Ops::storeRelease(_q_value, newValue); }
                                                                     ^
/usr/include/x86_64-linux-gnu/qt5/QtCore/qbasicatomic.h:107:86: error: use of undeclared identifier 'Ops'
    static Q_DECL_CONSTEXPR bool isReferenceCountingNative() Q_DECL_NOTHROW { return Ops::isReferenceCountingNative(); }
                                                                                     ^
fatal error: too many errors emitted, stopping now [-ferror-limit=]
In file included from index.cpp:33:
In file included from /usr/include/x86_64-linux-gnu/qt5/QtCore/QCoreApplication:1:
In file included from /usr/include/x86_64-linux-gnu/qt5/QtCore/qcoreapplication.h:43:
In file included from /usr/include/x86_64-linux-gnu/qt5/QtCore/qglobal.h:1145:
In file included from /usr/include/x86_64-linux-gnu/qt5/QtCore/qatomic.h:46:
/usr/include/x86_64-linux-gnu/qt5/QtCore/qbasicatomic.h:61:4: error: "Qt requires C++11 support"
#  error "Qt requires C++11 support"
   ^
/usr/include/x86_64-linux-gnu/qt5/QtCore/qbasicatomic.h:90:13: error: unknown type name 'QAtomicOps'
    typedef QAtomicOps<T> Ops;
            ^
/usr/include/x86_64-linux-gnu/qt5/QtCore/qbasicatomic.h:90:23: error: expected member name or ';' after declaration specifiers
    typedef QAtomicOps<T> Ops;
    ~~~~~~~~~~~~~~~~~~^
/usr/include/x86_64-linux-gnu/qt5/QtCore/qbasicatomic.h:93:23: error: use of undeclared identifier 'QAtomicOpsSupport'
    Q_STATIC_ASSERT_X(QAtomicOpsSupport<sizeof(T)>::IsSupported, "template parameter is an integral of a size not supported on this platform");
                      ^
/usr/include/x86_64-linux-gnu/qt5/QtCore/qbasicatomic.h:93:53: error: no member named 'IsSupported' in the global namespace
    Q_STATIC_ASSERT_X(QAtomicOpsSupport<sizeof(T)>::IsSupported, "template parameter is an integral of a size not supported on this platform");
                                                  ~~^
/usr/include/x86_64-linux-gnu/qt5/QtCore/qglobal.h:761:63: note: expanded from macro 'Q_STATIC_ASSERT_X'
#define Q_STATIC_ASSERT_X(Condition, Message) Q_STATIC_ASSERT(Condition)
                                                              ^~~~~~~~~
/usr/include/x86_64-linux-gnu/qt5/QtCore/qglobal.h:756:110: note: expanded from macro 'Q_STATIC_ASSERT'
    enum {Q_STATIC_ASSERT_PRIVATE_JOIN(q_static_assert_result, __COUNTER__) = sizeof(QStaticAssertFailure<!!(Condition)>)}
                                                                                                             ^~~~~~~~~
In file included from index.cpp:33:
In file included from /usr/include/x86_64-linux-gnu/qt5/QtCore/QCoreApplication:1:
In file included from /usr/include/x86_64-linux-gnu/qt5/QtCore/qcoreapplication.h:43:
In file included from /usr/include/x86_64-linux-gnu/qt5/QtCore/qglobal.h:1145:
In file included from /usr/include/x86_64-linux-gnu/qt5/QtCore/qatomic.h:46:
/usr/include/x86_64-linux-gnu/qt5/QtCore/qbasicatomic.h:93:5: error: type name requires a specifier or qualifier
    Q_STATIC_ASSERT_X(QAtomicOpsSupport<sizeof(T)>::IsSupported, "template parameter is an integral of a size not supported on this platform");
    ^
/usr/include/x86_64-linux-gnu/qt5/QtCore/qglobal.h:761:47: note: expanded from macro 'Q_STATIC_ASSERT_X'
#define Q_STATIC_ASSERT_X(Condition, Message) Q_STATIC_ASSERT(Condition)
                                              ^
/usr/include/x86_64-linux-gnu/qt5/QtCore/qglobal.h:756:121: note: expanded from macro 'Q_STATIC_ASSERT'
    enum {Q_STATIC_ASSERT_PRIVATE_JOIN(q_static_assert_result, __COUNTER__) = sizeof(QStaticAssertFailure<!!(Condition)>)}
                                                                                                                        ^
In file included from index.cpp:33:
In file included from /usr/include/x86_64-linux-gnu/qt5/QtCore/QCoreApplication:1:
In file included from /usr/include/x86_64-linux-gnu/qt5/QtCore/qcoreapplication.h:43:
In file included from /usr/include/x86_64-linux-gnu/qt5/QtCore/qglobal.h:1145:
In file included from /usr/include/x86_64-linux-gnu/qt5/QtCore/qatomic.h:46:
/usr/include/x86_64-linux-gnu/qt5/QtCore/qbasicatomic.h:95:14: error: use of undeclared identifier 'Ops'
    typename Ops::Type _q_value;
             ^
/usr/include/x86_64-linux-gnu/qt5/QtCore/qbasicatomic.h:95:19: error: expected a qualified name after 'typename'
    typename Ops::Type _q_value;
                  ^
/usr/include/x86_64-linux-gnu/qt5/QtCore/qbasicatomic.h:95:23: error: expected ';' at end of declaration list
    typename Ops::Type _q_value;
                      ^
                      ;
/usr/include/x86_64-linux-gnu/qt5/QtCore/qbasicatomic.h:99:44: error: use of undeclared identifier 'Ops'
    T load() const Q_DECL_NOTHROW { return Ops::load(_q_value); }
                                           ^
/usr/include/x86_64-linux-gnu/qt5/QtCore/qbasicatomic.h:99:54: error: use of undeclared identifier '_q_value'
    T load() const Q_DECL_NOTHROW { return Ops::load(_q_value); }
                                                     ^
/usr/include/x86_64-linux-gnu/qt5/QtCore/qbasicatomic.h:100:45: error: use of undeclared identifier 'Ops'
    void store(T newValue) Q_DECL_NOTHROW { Ops::store(_q_value, newValue); }
                                            ^
/usr/include/x86_64-linux-gnu/qt5/QtCore/qbasicatomic.h:100:56: error: use of undeclared identifier '_q_value'
    void store(T newValue) Q_DECL_NOTHROW { Ops::store(_q_value, newValue); }
                                                       ^
/usr/include/x86_64-linux-gnu/qt5/QtCore/qbasicatomic.h:102:51: error: use of undeclared identifier 'Ops'
    T loadAcquire() const Q_DECL_NOTHROW { return Ops::loadAcquire(_q_value); }
                                                  ^
/usr/include/x86_64-linux-gnu/qt5/QtCore/qbasicatomic.h:102:68: error: use of undeclared identifier '_q_value'
    T loadAcquire() const Q_DECL_NOTHROW { return Ops::loadAcquire(_q_value); }
                                                                   ^
/usr/include/x86_64-linux-gnu/qt5/QtCore/qbasicatomic.h:103:52: error: use of undeclared identifier 'Ops'
    void storeRelease(T newValue) Q_DECL_NOTHROW { Ops::storeRelease(_q_value, newValue); }
                                                   ^
/usr/include/x86_64-linux-gnu/qt5/QtCore/qbasicatomic.h:103:70: error: use of undeclared identifier '_q_value'
    void storeRelease(T newValue) Q_DECL_NOTHROW { Ops::storeRelease(_q_value, newValue); }
                                                                     ^
In file included from lavfmuxer.cpp:30:
./streamhandle.h:28:1: warning: 'streamhandle' defined as a struct here but previously declared as a class [-Wmismatched-tags]
struct streamhandle
^
./mpgfile.h:62:28: note: did you mean struct here?
  virtual int streamreader(class streamhandle &s)=0;
                           ^~~~~
                           struct
/usr/include/x86_64-linux-gnu/qt5/QtCore/qbasicatomic.h:107:86: error: use of undeclared identifier 'Ops'
    static Q_DECL_CONSTEXPR bool isReferenceCountingNative() Q_DECL_NOTHROW { return Ops::isReferenceCountingNative(); }
                                                                                     ^
fatal error: too many errors emitted, stopping now [-ferror-limit=]
lavfmuxer.cpp:60:14: warning: 'codec' is deprecated [-Wdeprecated-declarations]
  av_free(s->codec);
             ^
/usr/include/x86_64-linux-gnu/libavformat/avformat.h:893:21: note: 'codec' has been explicitly marked deprecated here
    AVCodecContext *codec;
                    ^
lavfmuxer.cpp:62:6: warning: 'codec' is deprecated [-Wdeprecated-declarations]
  s->codec=mpg.getavcc(VIDEOSTREAM);
     ^
/usr/include/x86_64-linux-gnu/libavformat/avformat.h:893:21: note: 'codec' has been explicitly marked deprecated here
    AVCodecContext *codec;
                    ^
lavfmuxer.cpp:63:6: warning: 'codec' is deprecated [-Wdeprecated-declarations]
mpegmuxer.cpp  s->codec->rc_buffer_size = 224*1024*8;
     ^
/usr/include/x86_64-linux-gnu/libavformat/avformat.h:893:21: note: 'codec' has been explicitly marked deprecated here
    AVCodecContext *codec;
                    ^
lavfmuxer.cpp:64:31: warning: 'codec' is deprecated [-Wdeprecated-declarations]
:  s->sample_aspect_ratio = s->codec->sample_aspect_ratio;
                              ^
/usr/include/x86_64-linux-gnu/libavformat/avformat.h:893:21: note: 'codec' has been explicitly marked deprecated here
    AVCodecContext *codec;
                    ^
130:6: warning: lavfmuxer.cpp:65:21: warning: 'codec' is deprecated [-Wdeprecated-declarations]
cast from 'char *' to 'uint32_t *' (aka 'unsigned int *') increases required alignment from 1 to 4 [-Wcast-align]  s->time_base = s->codec->time_base;
                    ^
/usr/include/x86_64-linux-gnu/libavformat/avformat.h:893:21: note: 'codec' has been explicitly marked deprecated here
    AVCodecContext *codec;
                    ^

    *(uint32_t*)((char*)systemhdr+24)=mbo32(0x000001bf);
     ^~~~~~~~~~~~~~~~~~~~~~~~~~~~~~~~
mpegmuxer.cpplavfmuxer.cpp:74:14: warning: 'codec' is deprecated [-Wdeprecated-declarations]
      if (s->codec)
             ^
/usr/include/x86_64-linux-gnu/libavformat/avformat.h:893:21: note: 'codec' has been explicitly marked deprecated here
    AVCodecContext *codec;
                    ^
:lavfmuxer.cpp:75:20: warning: 'codec' is deprecated [-Wdeprecated-declarations]
        av_free(s->codec);
                   ^
/usr/include/x86_64-linux-gnu/libavformat/avformat.h:893:21: note: 'codec' has been explicitly marked deprecated here
    AVCodecContext *codec;
                    ^
131:6lavfmuxer.cpp:76:10: warning: 'codec' is deprecated [-Wdeprecated-declarations]
:      s->codec = avcodec_alloc_context3(NULL);
         ^
/usr/include/x86_64-linux-gnu/libavformat/avformat.h:893:21: note: 'codec' has been explicitly marked deprecated here
    AVCodecContext *codec;
                    ^
 warning: cast from 'char *' to 'uint16_t *' (aka 'unsigned short *') increases required alignment from 1 to 2 [-Wcast-align]lavfmuxer.cpp
    *(uint16_t*)((char*)systemhdr+28)=mbo16(980);
     ^~~~~~~~~~~~~~~~~~~~~~~~~~~~~~~~
:77:40: warning: 'codec' is deprecated [-Wdeprecated-declarations]
mpegmuxer.cpp:132:6: warning: cast from 'char *' to 'uint32_t *' (aka 'unsigned int *') increases required alignment from 1 to 4 [-Wcast-align]
    *(uint32_t*)((char*)systemhdr+1010)=mbo32(0x000001bf);      avcodec_get_context_defaults3(s->codec, NULL);
                                       ^
/usr/include/x86_64-linux-gnu/libavformat/avformat.h:893:21: note: 'codec' has been explicitly marked deprecated here
    AVCodecContext *codec;
                    ^

     ^~~~~~~~~~~~~~~~~~~~~~~~~~~~~~~~~~lavfmuxer.cpp:78:10: warning: 'codec' is deprecated [-Wdeprecated-declarations]

      s->codec->codec_type=AVMEDIA_TYPE_AUDIO;
         ^
/usr/include/x86_64-linux-gnu/libavformat/avformat.h:893:21: note: 'codec' has been explicitly marked deprecated here
    AVCodecContext *codec;
                    ^
mpegmuxer.cpp:133:6: warning: cast from 'char *' to 'uint16_t *' (aka 'unsigned short *') increases required alignment from 1 to 2 [-Wcast-align]
    *(uint16_t*)((char*)systemhdr+1014)=mbo16(1018);
     ^~~~~~~~~~~~~~~~~~~~~~~~~~~~~~~~~~
lavfmuxer.cpp:79:10: warning: 'codec' is deprecated [-Wdeprecated-declarations]
      s->codec->codec_id = (mpg.getstreamtype(astr)==streamtype::ac3audio) ?
         ^
/usr/include/x86_64-linux-gnu/libavformat/avformat.h:893:21: note: 'codec' has been explicitly marked deprecated here
    AVCodecContext *codec;
                    ^
lavfmuxer.cpp:81:10: warning: 'codec' is deprecated [-Wdeprecated-declarations]
      s->codec->rc_buffer_size = 224*1024*8;
         ^
/usr/include/x86_64-linux-gnu/libavformat/avformat.h:893:21: note: 'codec' has been explicitly marked deprecated here
    AVCodecContext *codec;
                    ^
lavfmuxer.cpp:92:26: warning: 'codec' is deprecated [-Wdeprecated-declarations]
          if (!avcodec_open2(s->codec,
                                ^
/usr/include/x86_64-linux-gnu/libavformat/avformat.h:893:21: note: 'codec' has been explicitly marked deprecated here
    AVCodecContext *codec;
                    ^
lavfmuxer.cpp:93:33: warning: 'codec' is deprecated [-Wdeprecated-declarations]
                             avcodec_find_decoder(s->codec->codec_id), NULL)) {
                                                     ^
/usr/include/x86_64-linux-gnu/libavformat/avformat.h:893:21: note: 'codec' has been explicitly marked deprecated here
    AVCodecContext *codec;
                    ^
lavfmuxer.cpp:102:38: warning: 'codec' is deprecated [-Wdeprecated-declarations]
            avcodec_decode_audio4(s->codec, frame, &got_output, &pkt);
                                     ^
/usr/include/x86_64-linux-gnu/libavformat/avformat.h:893:21: note: 'codec' has been explicitly marked deprecated here
    AVCodecContext *codec;
                    ^
lavfmuxer.cpp:102:13: warning: 'avcodec_decode_audio4' is deprecated [-Wdeprecated-declarations]
            avcodec_decode_audio4(s->codec, frame, &got_output, &pkt);
            ^
/usr/include/x86_64-linux-gnu/libavcodec/avcodec.h:4763:5: note: 'avcodec_decode_audio4' has been explicitly marked deprecated here
int avcodec_decode_audio4(AVCodecContext *avctx, AVFrame *frame,
    ^
lavfmuxer.cpp:105:23: warning: 'codec' is deprecated [-Wdeprecated-declarations]
            avcodec_close(s->codec);
                             ^
/usr/include/x86_64-linux-gnu/libavformat/avformat.h:893:21: note: 'codec' has been explicitly marked deprecated here
    AVCodecContext *codec;
                    ^
lavfmuxer.cpp:110:25: warning: 'codec' is deprecated [-Wdeprecated-declarations]
      s->time_base = s->codec->time_base;
                        ^
/usr/include/x86_64-linux-gnu/libavformat/avformat.h:893:21: note: 'codec' has been explicitly marked deprecated here
    AVCodecContext *codec;
                    ^
mpegmuxer.cpp:185:16: warning: cast from 'uint8_t *' (aka 'unsigned char *') to 'u_int32_t *' (aka 'unsigned int *') increases required alignment from 1 to 4 [-Wcast-align]
        if (((*(u_int32_t*)&d[0])&mbo32(0xffffff00))==mbo32(0x00000100)) {
               ^~~~~~~~~~~~~~~~~
mpegmuxer.cpp:521:8: warning: cast from 'char *' to 'uint32_t *' (aka 'unsigned int *') increases required alignment from 1 to 4 [-Wcast-align]
      *(uint32_t*)data=s->getstartcode();
       ^~~~~~~~~~~~~~~
mpegmuxer.cpp:523:8: warning: cast from 'char *' to 'uint16_t *' (aka 'unsigned short *') increases required alignment from 1 to 2 [-Wcast-align]
      *(uint16_t*)data=pespacket_setlength ? htom16(plen) : 0;
       ^~~~~~~~~~~~~~~
mpegmuxer.cpp:576:10: warning: cast from 'char *' to 'uint16_t *' (aka 'unsigned short *') increases required alignment from 1 to 2 [-Wcast-align]
        *(uint16_t*)data=s->getpstdbuffer();
         ^~~~~~~~~~~~~~~
mpegmuxer.cpp:602:26: warning: cast from 'char *' to 'uint16_t *' (aka 'unsigned short *') increases required alignment from 1 to 2 [-Wcast-align]
        framestartoffset=(uint16_t*)data;
                         ^~~~~~~~~~~~~~~
mpegmuxer.cpp:694:4: warning: cast from 'char *' to 'uint32_t *' (aka 'unsigned int *') increases required alignment from 1 to 4 [-Wcast-align]
  *(uint32_t*)((char*)data+10)=htom32((muxrate<<10)|0x00000300|(payloadpos-14)); // program_mux_rate and pack_stuffing_length
   ^~~~~~~~~~~~~~~~~~~~~~~~~~~
mpegmuxer.cpp:711:6: warning: cast from 'char *' to 'uint16_t *' (aka 'unsigned short *') increases required alignment from 1 to 2 [-Wcast-align]
    *(uint16_t*)((char*)pad+4)=htom16(padlen);
     ^~~~~~~~~~~~~~~~~~~~~~~~~
1 warning and 20 errors generated.
<builtin>: recipe for target 'logoutput.o' failed
make[2]: *** [logoutput.o] Error 1
make[2]: *** Waiting for unfinished jobs....
19 warnings generated.
1 warning and 20 errors generated.
<builtin>: recipe for target 'mpgfile.o' failed
make[2]: *** [mpgfile.o] Error 1
1 warning and 20 errors generated.
1 warning and 20 errors generated.
<builtin>: recipe for target 'index.o' failed
make[2]: *** [index.o] Error 1
<builtin>: recipe for target 'avframe.o' failed
make[2]: *** [avframe.o] Error 1
1 warning and 20 errors generated.
<builtin>: recipe for target 'differenceimageprovider.o' failed
make[2]: *** [differenceimageprovider.o] Error 1
1 warning and 20 errors generated.
<builtin>: recipe for target 'imageprovider.o' failed
make[2]: *** [imageprovider.o] Error 1
1 warning and 20 errors generated.
<builtin>: recipe for target 'exception.o' failed
make[2]: *** [exception.o] Error 1
1 warning and 20 errors generated.
<builtin>: recipe for target 'mplayererrorbase.o' failed
make[2]: *** [mplayererrorbase.o] Error 1
11 warnings generated.
1 warning and 20 errors generated.
<builtin>: recipe for target 'main.o' failed
make[2]: *** [main.o] Error 1
1 warning and 20 errors generated.
<builtin>: recipe for target 'eventlistitem.o' failed
make[2]: *** [eventlistitem.o] Error 1
1 warning and 20 errors generated.
<builtin>: recipe for target 'exportdialog.o' failed
make[2]: *** [exportdialog.o] Error 1
1 warning and 20 errors generated.
<builtin>: recipe for target 'dvbcut.o' failed
make[2]: *** [dvbcut.o] Error 1
make[2]: Leaving directory '/<<PKGBUILDDIR>>/src'
Makefile:42: recipe for target 'all' failed
make[1]: *** [all] Error 2
make[1]: Leaving directory '/<<PKGBUILDDIR>>'
dh_auto_build: make -j16 returned exit code 2
debian/rules:15: recipe for target 'build-arch' failed
make: *** [build-arch] Error 2
dpkg-buildpackage: error: debian/rules build-arch gave error exit status 2
--------------------------------------------------------------------------------
Build finished at 2017-03-01T05:38:55Z

Finished
--------


+------------------------------------------------------------------------------+
| Cleanup                                                                      |
+------------------------------------------------------------------------------+

Purging /<<BUILDDIR>>
Not cleaning session: cloned chroot in use
E: Build failure (dpkg-buildpackage died)

+------------------------------------------------------------------------------+
| Summary                                                                      |
+------------------------------------------------------------------------------+

Build Architecture: amd64
Build-Space: 2752
Build-Time: 9
Distribution: unstable
Fail-Stage: build
Host Architecture: amd64
Install-Time: 17
Job: dvbcut_0.7.1-1
Machine Architecture: amd64
Package: dvbcut
Package-Time: 42
Source-Version: 0.7.1-1
Space: 2752
Status: attempted
Version: 0.7.1-1
--------------------------------------------------------------------------------
Finished at 2017-03-01T05:38:55Z
Build needed 00:00:42, 2752k disk space
E: Build failure (dpkg-buildpackage died)
DC-Status: Failed 43.549028598s
DC-Time-Estimation: 43.549028598 versus expected 526 (r/m: 11.078340595274648 ; m: 43.549028598)
