DC-Build-Header: gst-plugins-espeak 0.4.0-2 / 2017-03-01 06:17:57 +0000
DC-Task: type:rebuild-binarch-only source:gst-plugins-espeak version:0.4.0-2 chroot:unstable esttime:55 logfile:/tmp/gst-plugins-espeak_0.4.0-2_unstable_clang4.0.log modes:clang:binarch-only
DC-Sbuild-call: su user42 -c 'sbuild -n --arch-any --apt-update -d unstable -v  --chroot-setup-commands=/tmp/clang gst-plugins-espeak_0.4.0-2'
sbuild (Debian sbuild) 0.72.0 (25 Oct 2016) on ip-172-31-31-219.eu-central-1.compute.internal

+==============================================================================+
| gst-plugins-espeak 0.4.0-2 (amd64)           Wed, 01 Mar 2017 06:17:57 +0000 |
+==============================================================================+

Package: gst-plugins-espeak
Version: 0.4.0-2
Source Version: 0.4.0-2
Distribution: unstable
Machine Architecture: amd64
Host Architecture: amd64
Build Architecture: amd64

I: NOTICE: Log filtering will replace 'var/lib/schroot/mount/unstable-amd64-sbuild-e5a87caf-2b8b-4910-a9e4-0a4182df6c9b' with '<<CHROOT>>'

+------------------------------------------------------------------------------+
| Chroot Setup Commands                                                        |
+------------------------------------------------------------------------------+


/tmp/clang
----------

+ echo 'Entering customization script...'
Entering customization script...
+ CLANG_VERSION=4.0
+ echo 'Install of clang-4.0'
Install of clang-4.0
+ apt-get update
Get:1 http://127.0.0.1:9999/debian unstable InRelease [231 kB]
Get:2 http://127.0.0.1:9999/debian unstable/main Sources.diff/Index [27.9 kB]
Get:3 http://127.0.0.1:9999/debian unstable/main amd64 Packages.diff/Index [27.9 kB]
Get:4 http://127.0.0.1:9999/debian unstable/main Sources 2017-02-28-0825.37.pdiff [2103 B]
Get:4 http://127.0.0.1:9999/debian unstable/main Sources 2017-02-28-0825.37.pdiff [2103 B]
Get:5 http://127.0.0.1:9999/debian unstable/main amd64 Packages 2017-02-28-0825.37.pdiff [2528 B]
Get:5 http://127.0.0.1:9999/debian unstable/main amd64 Packages 2017-02-28-0825.37.pdiff [2528 B]
Get:6 http://127.0.0.1:9999/debian unstable/main Translation-en [5646 kB]
Fetched 5938 kB in 1s (3279 kB/s)
Reading package lists...
W: No sandbox user '_apt' on the system, can not drop privileges
+ apt-get install --yes --no-install-recommends --force-yes clang-4.0
Reading package lists...
Building dependency tree...
Reading state information...
The following additional packages will be installed:
  libbsd0 libclang-common-4.0-dev libclang1-4.0 libedit2 libffi6 libjsoncpp1
  libllvm4.0 libncurses5 libobjc-6-dev libobjc4
Suggested packages:
  gnustep gnustep-devel clang-4.0-doc
Recommended packages:
  llvm-4.0-dev python libgpm2
The following NEW packages will be installed:
  clang-4.0 libbsd0 libclang-common-4.0-dev libclang1-4.0 libedit2 libffi6
  libjsoncpp1 libllvm4.0 libncurses5 libobjc-6-dev libobjc4
0 upgraded, 11 newly installed, 0 to remove and 0 not upgraded.
Need to get 74.7 MB of archives.
After this operation, 321 MB of additional disk space will be used.
Get:1 http://127.0.0.1:9999/debian unstable/main amd64 libbsd0 amd64 0.8.3-1 [83.0 kB]
Get:2 http://127.0.0.1:9999/debian unstable/main amd64 libncurses5 amd64 6.0+20161126-1 [93.4 kB]
Get:3 http://127.0.0.1:9999/debian unstable/main amd64 libedit2 amd64 3.1-20160903-3 [84.8 kB]
Get:4 http://127.0.0.1:9999/debian unstable/main amd64 libffi6 amd64 3.2.1-6 [20.4 kB]
Get:5 http://127.0.0.1:9999/debian unstable/main amd64 libllvm4.0 amd64 1:4.0~+rc2-1 [12.3 MB]
Get:6 http://127.0.0.1:9999/debian unstable/main amd64 libclang1-4.0 amd64 1:4.0~+rc2-1 [6358 kB]
Get:7 http://127.0.0.1:9999/debian unstable/main amd64 libjsoncpp1 amd64 1.7.4-3 [75.6 kB]
Get:8 http://127.0.0.1:9999/debian unstable/main amd64 libobjc4 amd64 6.3.0-8 [49.4 kB]
Get:9 http://127.0.0.1:9999/debian unstable/main amd64 libobjc-6-dev amd64 6.3.0-8 [197 kB]
Get:10 http://127.0.0.1:9999/debian unstable/main amd64 libclang-common-4.0-dev amd64 1:4.0~+rc2-1 [2767 kB]
Get:11 http://127.0.0.1:9999/debian unstable/main amd64 clang-4.0 amd64 1:4.0~+rc2-1 [52.7 MB]
debconf: delaying package configuration, since apt-utils is not installed
Fetched 74.7 MB in 0s (96.3 MB/s)
Selecting previously unselected package libbsd0:amd64.
(Reading database ... (Reading database ... 5%(Reading database ... 10%(Reading database ... 15%(Reading database ... 20%(Reading database ... 25%(Reading database ... 30%(Reading database ... 35%(Reading database ... 40%(Reading database ... 45%(Reading database ... 50%(Reading database ... 55%(Reading database ... 60%(Reading database ... 65%(Reading database ... 70%(Reading database ... 75%(Reading database ... 80%(Reading database ... 85%(Reading database ... 90%(Reading database ... 95%(Reading database ... 100%(Reading database ... 9584 files and directories currently installed.)
Preparing to unpack .../00-libbsd0_0.8.3-1_amd64.deb ...
Unpacking libbsd0:amd64 (0.8.3-1) ...
Selecting previously unselected package libncurses5:amd64.
Preparing to unpack .../01-libncurses5_6.0+20161126-1_amd64.deb ...
Unpacking libncurses5:amd64 (6.0+20161126-1) ...
Selecting previously unselected package libedit2:amd64.
Preparing to unpack .../02-libedit2_3.1-20160903-3_amd64.deb ...
Unpacking libedit2:amd64 (3.1-20160903-3) ...
Selecting previously unselected package libffi6:amd64.
Preparing to unpack .../03-libffi6_3.2.1-6_amd64.deb ...
Unpacking libffi6:amd64 (3.2.1-6) ...
Selecting previously unselected package libllvm4.0:amd64.
Preparing to unpack .../04-libllvm4.0_1%3a4.0~+rc2-1_amd64.deb ...
Unpacking libllvm4.0:amd64 (1:4.0~+rc2-1) ...
Selecting previously unselected package libclang1-4.0:amd64.
Preparing to unpack .../05-libclang1-4.0_1%3a4.0~+rc2-1_amd64.deb ...
Unpacking libclang1-4.0:amd64 (1:4.0~+rc2-1) ...
Selecting previously unselected package libjsoncpp1:amd64.
Preparing to unpack .../06-libjsoncpp1_1.7.4-3_amd64.deb ...
Unpacking libjsoncpp1:amd64 (1.7.4-3) ...
Selecting previously unselected package libobjc4:amd64.
Preparing to unpack .../07-libobjc4_6.3.0-8_amd64.deb ...
Unpacking libobjc4:amd64 (6.3.0-8) ...
Selecting previously unselected package libobjc-6-dev:amd64.
Preparing to unpack .../08-libobjc-6-dev_6.3.0-8_amd64.deb ...
Unpacking libobjc-6-dev:amd64 (6.3.0-8) ...
Selecting previously unselected package libclang-common-4.0-dev.
Preparing to unpack .../09-libclang-common-4.0-dev_1%3a4.0~+rc2-1_amd64.deb ...
Unpacking libclang-common-4.0-dev (1:4.0~+rc2-1) ...
Selecting previously unselected package clang-4.0.
Preparing to unpack .../10-clang-4.0_1%3a4.0~+rc2-1_amd64.deb ...
Unpacking clang-4.0 (1:4.0~+rc2-1) ...
Setting up libncurses5:amd64 (6.0+20161126-1) ...
Setting up libobjc4:amd64 (6.3.0-8) ...
Setting up libbsd0:amd64 (0.8.3-1) ...
Processing triggers for libc-bin (2.24-9) ...
Setting up libobjc-6-dev:amd64 (6.3.0-8) ...
Setting up libffi6:amd64 (3.2.1-6) ...
Setting up libjsoncpp1:amd64 (1.7.4-3) ...
Setting up libedit2:amd64 (3.1-20160903-3) ...
Setting up libllvm4.0:amd64 (1:4.0~+rc2-1) ...
Setting up libclang1-4.0:amd64 (1:4.0~+rc2-1) ...
Setting up libclang-common-4.0-dev (1:4.0~+rc2-1) ...
Setting up clang-4.0 (1:4.0~+rc2-1) ...
Processing triggers for libc-bin (2.24-9) ...
W: --force-yes is deprecated, use one of the options starting with --allow instead.
W: No sandbox user '_apt' on the system, can not drop privileges
+ echo 'Replace gcc, g++ & cpp by clang'
Replace gcc, g++ & cpp by clang
+ VERSIONS='4.6 4.7 4.8 4.9 5 6'
+ cd /usr/bin
+ for VERSION in $VERSIONS
+ rm -f g++-4.6 gcc-4.6 cpp-4.6 gcc
+ ln -s clang++-4.0 g++-4.6
+ ln -s clang-4.0 gcc-4.6
+ ln -s clang-4.0 cpp-4.6
+ ln -s clang-4.0 gcc
+ echo 'gcc-4.6 hold'
+ dpkg --set-selections
dpkg: warning: package not in status nor available database at line 1: gcc-4.6
dpkg: warning: found unknown packages; this might mean the available database
is outdated, and needs to be updated through a frontend method;
please see the FAQ <https://wiki.debian.org/Teams/Dpkg/FAQ>
+ echo 'g++-4.6 hold'
+ dpkg --set-selections
dpkg: warning: package not in status nor available database at line 1: g++-4.6
dpkg: warning: found unknown packages; this might mean the available database
is outdated, and needs to be updated through a frontend method;
please see the FAQ <https://wiki.debian.org/Teams/Dpkg/FAQ>
+ for VERSION in $VERSIONS
+ rm -f g++-4.7 gcc-4.7 cpp-4.7 gcc
+ ln -s clang++-4.0 g++-4.7
+ ln -s clang-4.0 gcc-4.7
+ ln -s clang-4.0 cpp-4.7
+ ln -s clang-4.0 gcc
+ echo 'gcc-4.7 hold'
+ dpkg --set-selections
dpkg: warning: package not in status nor available database at line 1: gcc-4.7
dpkg: warning: found unknown packages; this might mean the available database
is outdated, and needs to be updated through a frontend method;
please see the FAQ <https://wiki.debian.org/Teams/Dpkg/FAQ>
+ echo 'g++-4.7 hold'
+ dpkg --set-selections
dpkg: warning: package not in status nor available database at line 1: g++-4.7
dpkg: warning: found unknown packages; this might mean the available database
is outdated, and needs to be updated through a frontend method;
please see the FAQ <https://wiki.debian.org/Teams/Dpkg/FAQ>
+ for VERSION in $VERSIONS
+ rm -f g++-4.8 gcc-4.8 cpp-4.8 gcc
+ ln -s clang++-4.0 g++-4.8
+ ln -s clang-4.0 gcc-4.8
+ ln -s clang-4.0 cpp-4.8
+ ln -s clang-4.0 gcc
+ echo 'gcc-4.8 hold'
+ dpkg --set-selections
dpkg: warning: package not in status nor available database at line 1: gcc-4.8
dpkg: warning: found unknown packages; this might mean the available database
is outdated, and needs to be updated through a frontend method;
please see the FAQ <https://wiki.debian.org/Teams/Dpkg/FAQ>
+ echo 'g++-4.8 hold'
+ dpkg --set-selections
dpkg: warning: package not in status nor available database at line 1: g++-4.8
dpkg: warning: found unknown packages; this might mean the available database
is outdated, and needs to be updated through a frontend method;
please see the FAQ <https://wiki.debian.org/Teams/Dpkg/FAQ>
+ for VERSION in $VERSIONS
+ rm -f g++-4.9 gcc-4.9 cpp-4.9 gcc
+ ln -s clang++-4.0 g++-4.9
+ ln -s clang-4.0 gcc-4.9
+ ln -s clang-4.0 cpp-4.9
+ ln -s clang-4.0 gcc
+ echo 'gcc-4.9 hold'
+ dpkg --set-selections
dpkg: warning: package not in status nor available database at line 1: gcc-4.9
dpkg: warning: found unknown packages; this might mean the available database
is outdated, and needs to be updated through a frontend method;
please see the FAQ <https://wiki.debian.org/Teams/Dpkg/FAQ>
+ echo 'g++-4.9 hold'
+ dpkg --set-selections
dpkg: warning: package not in status nor available database at line 1: g++-4.9
dpkg: warning: found unknown packages; this might mean the available database
is outdated, and needs to be updated through a frontend method;
please see the FAQ <https://wiki.debian.org/Teams/Dpkg/FAQ>
+ for VERSION in $VERSIONS
+ rm -f g++-5 gcc-5 cpp-5 gcc
+ ln -s clang++-4.0 g++-5
+ ln -s clang-4.0 gcc-5
+ ln -s clang-4.0 cpp-5
+ ln -s clang-4.0 gcc
+ echo 'gcc-5 hold'
+ dpkg --set-selections
+ echo 'g++-5 hold'
+ dpkg --set-selections
+ for VERSION in $VERSIONS
+ rm -f g++-6 gcc-6 cpp-6 gcc
+ ln -s clang++-4.0 g++-6
+ ln -s clang-4.0 gcc-6
+ ln -s clang-4.0 cpp-6
+ ln -s clang-4.0 gcc
+ echo 'gcc-6 hold'
+ dpkg --set-selections
+ echo 'g++-6 hold'
+ dpkg --set-selections
+ cd -
/build/gst-plugins-espeak-AksGI9
+ echo 'Check if gcc, g++ & cpp are actually clang'
Check if gcc, g++ & cpp are actually clang
+ gcc --version
+ grep clang
+ cpp --version
+ grep clang
+ g++ --version
+ grep clang

I: Finished running '/tmp/clang'.

Finished processing commands.
--------------------------------------------------------------------------------

+------------------------------------------------------------------------------+
| Update chroot                                                                |
+------------------------------------------------------------------------------+

Hit:1 http://127.0.0.1:9999/debian unstable InRelease
Reading package lists...
W: No sandbox user '_apt' on the system, can not drop privileges
Reading package lists...
Building dependency tree...
Reading state information...
Calculating upgrade...
0 upgraded, 0 newly installed, 0 to remove and 0 not upgraded.

+------------------------------------------------------------------------------+
| Fetch source files                                                           |
+------------------------------------------------------------------------------+


Check APT
---------

Checking available source versions...

Download source files with APT
------------------------------

Reading package lists...
NOTICE: 'gst-plugins-espeak' packaging is maintained in the 'Git' version control system at:
git://anonscm.debian.org/pkg-sugar/gst-plugins-espeak.git
Please use:
git clone git://anonscm.debian.org/pkg-sugar/gst-plugins-espeak.git
to retrieve the latest (possibly unreleased) updates to the package.
Need to get 330 kB of source archives.
Get:1 http://127.0.0.1:9999/debian unstable/main gst-plugins-espeak 0.4.0-2 (dsc) [2185 B]
Get:2 http://127.0.0.1:9999/debian unstable/main gst-plugins-espeak 0.4.0-2 (tar) [323 kB]
Get:3 http://127.0.0.1:9999/debian unstable/main gst-plugins-espeak 0.4.0-2 (diff) [4680 B]
Fetched 330 kB in 0s (2920 kB/s)
Download complete and in download only mode
I: NOTICE: Log filtering will replace 'build/gst-plugins-espeak-AksGI9/gst-plugins-espeak-0.4.0' with '<<PKGBUILDDIR>>'
I: NOTICE: Log filtering will replace 'build/gst-plugins-espeak-AksGI9' with '<<BUILDDIR>>'

+------------------------------------------------------------------------------+
| Install build-essential                                                      |
+------------------------------------------------------------------------------+


Setup apt archive
-----------------

Merged Build-Depends: build-essential, fakeroot
Filtered Build-Depends: build-essential, fakeroot
dpkg-deb: building package 'sbuild-build-depends-core-dummy' in '/<<BUILDDIR>>/resolver-zd6MZJ/apt_archive/sbuild-build-depends-core-dummy.deb'.
dpkg-scanpackages: warning: Packages in archive but missing from override file:
dpkg-scanpackages: warning:   sbuild-build-depends-core-dummy
dpkg-scanpackages: info: Wrote 1 entries to output Packages file.
Ign:1 copy:/<<BUILDDIR>>/resolver-zd6MZJ/apt_archive ./ InRelease
Get:2 copy:/<<BUILDDIR>>/resolver-zd6MZJ/apt_archive ./ Release [957 B]
Ign:3 copy:/<<BUILDDIR>>/resolver-zd6MZJ/apt_archive ./ Release.gpg
Get:4 copy:/<<BUILDDIR>>/resolver-zd6MZJ/apt_archive ./ Sources [349 B]
Get:5 copy:/<<BUILDDIR>>/resolver-zd6MZJ/apt_archive ./ Packages [433 B]
Fetched 1739 B in 0s (0 B/s)
Reading package lists...
W: No sandbox user '_apt' on the system, can not drop privileges
Reading package lists...

Install core build dependencies (apt-based resolver)
----------------------------------------------------

Installing build dependencies
Reading package lists...
Building dependency tree...
Reading state information...
The following NEW packages will be installed:
  sbuild-build-depends-core-dummy
0 upgraded, 1 newly installed, 0 to remove and 0 not upgraded.
Need to get 782 B of archives.
After this operation, 0 B of additional disk space will be used.
Get:1 copy:/<<BUILDDIR>>/resolver-zd6MZJ/apt_archive ./ sbuild-build-depends-core-dummy 0.invalid.0 [782 B]
debconf: delaying package configuration, since apt-utils is not installed
Fetched 782 B in 0s (0 B/s)
Selecting previously unselected package sbuild-build-depends-core-dummy.
(Reading database ... 10086 files and directories currently installed.)
Preparing to unpack .../sbuild-build-depends-core-dummy_0.invalid.0_amd64.deb ...
Unpacking sbuild-build-depends-core-dummy (0.invalid.0) ...
Setting up sbuild-build-depends-core-dummy (0.invalid.0) ...
W: No sandbox user '_apt' on the system, can not drop privileges

+------------------------------------------------------------------------------+
| Check architectures                                                          |
+------------------------------------------------------------------------------+

Arch check ok (amd64 included in any)

+------------------------------------------------------------------------------+
| Install package build dependencies                                           |
+------------------------------------------------------------------------------+


Setup apt archive
-----------------

Merged Build-Depends: cdbs, autotools-dev, licensecheck, debhelper, dh-buildinfo, autoconf-archive, dh-autoreconf, libgstreamer1.0-dev, libgstreamer-plugins-base1.0-dev, libespeak-ng-libespeak-dev | libespeak-dev
Filtered Build-Depends: cdbs, autotools-dev, licensecheck, debhelper, dh-buildinfo, autoconf-archive, dh-autoreconf, libgstreamer1.0-dev, libgstreamer-plugins-base1.0-dev, libespeak-ng-libespeak-dev
dpkg-deb: building package 'sbuild-build-depends-gst-plugins-espeak-dummy' in '/<<BUILDDIR>>/resolver-zd6MZJ/apt_archive/sbuild-build-depends-gst-plugins-espeak-dummy.deb'.
dpkg-scanpackages: warning: Packages in archive but missing from override file:
dpkg-scanpackages: warning:   sbuild-build-depends-core-dummy sbuild-build-depends-gst-plugins-espeak-dummy
dpkg-scanpackages: info: Wrote 2 entries to output Packages file.
Ign:1 copy:/<<BUILDDIR>>/resolver-zd6MZJ/apt_archive ./ InRelease
Get:2 copy:/<<BUILDDIR>>/resolver-zd6MZJ/apt_archive ./ Release [963 B]
Ign:3 copy:/<<BUILDDIR>>/resolver-zd6MZJ/apt_archive ./ Release.gpg
Get:4 copy:/<<BUILDDIR>>/resolver-zd6MZJ/apt_archive ./ Sources [566 B]
Get:5 copy:/<<BUILDDIR>>/resolver-zd6MZJ/apt_archive ./ Packages [643 B]
Fetched 2172 B in 0s (0 B/s)
Reading package lists...
W: No sandbox user '_apt' on the system, can not drop privileges
Reading package lists...

Install gst-plugins-espeak build dependencies (apt-based resolver)
------------------------------------------------------------------

Installing build dependencies
Reading package lists...
Building dependency tree...
Reading state information...
The following additional packages will be installed:
  autoconf autoconf-archive automake autopoint autotools-dev bsdmainutils cdbs
  debhelper dh-autoreconf dh-buildinfo dh-python dh-strip-nondeterminism
  espeak-ng-data file gettext gettext-base gir1.2-glib-2.0
  gir1.2-gst-plugins-base-1.0 gir1.2-gstreamer-1.0 groff-base icu-devtools
  intltool-debian iso-codes libarchive-zip-perl libasound2 libasound2-data
  libasyncns0 libb-hooks-endofscope-perl libcap2 libcap2-bin
  libclass-method-modifiers-perl libcroco3 libdata-optlist-perl libdbus-1-3
  libdevel-globaldestruction-perl libelf1 libespeak-ng-dev
  libespeak-ng-libespeak-dev libespeak-ng1 libexpat1 libexporter-tiny-perl
  libfile-stripnondeterminism-perl libflac8 libgetopt-long-descriptive-perl
  libgirepository-1.0-1 libglib2.0-0 libglib2.0-bin libglib2.0-data
  libglib2.0-dev libgstreamer-plugins-base1.0-0
  libgstreamer-plugins-base1.0-dev libgstreamer1.0-0 libgstreamer1.0-dev
  libice6 libicu-dev libicu57 libimport-into-perl libio-stringy-perl
  libmagic-mgc libmagic1 libmodule-implementation-perl libmodule-runtime-perl
  libmoo-perl libmpdec2 libnamespace-clean-perl libnumber-compare-perl
  libnumber-range-perl libogg0 liborc-0.4-0 libpackage-stash-perl
  libparams-classify-perl libparams-util-perl libparams-validate-perl
  libpath-iterator-rule-perl libpath-tiny-perl libpcaudio0 libpcre16-3
  libpcre3-dev libpcre32-3 libpcrecpp0v5 libpipeline1 libpod-constants-perl
  libpulse0 libpython3-stdlib libpython3.5-minimal libpython3.5-stdlib
  libreadline7 librole-tiny-perl libscalar-list-utils-perl libsigsegv2 libsm6
  libsndfile1 libsonic0 libsort-key-perl libsqlite3-0 libssl1.1
  libstrictures-perl libstring-copyright-perl libstring-escape-perl
  libsub-exporter-perl libsub-exporter-progressive-perl libsub-identify-perl
  libsub-install-perl libsub-name-perl libtext-glob-perl libtimedate-perl
  libtool libtry-tiny-perl libunistring0 libvariable-magic-perl libvorbis0a
  libvorbisenc2 libwrap0 libx11-6 libx11-data libx11-xcb1 libxau6 libxcb1
  libxdmcp6 libxext6 libxi6 libxml2 libxml2-dev libxtst6 licensecheck lsb-base
  m4 man-db mime-support pkg-config po-debconf python3 python3-minimal
  python3.5 python3.5-minimal readline-common x11-common zlib1g-dev
Suggested packages:
  gnu-standards autoconf-doc wamerican | wordlist whois vacation devscripts
  dh-make gettext-doc libasprintf-dev libgettextpo-dev groff isoquery
  libasound2-plugins alsa-utils libglib2.0-doc libvisual-0.4-plugins
  gstreamer1.0-tools gstreamer1.0-doc icu-doc libscalar-number-perl pulseaudio
  libbareword-filehandles-perl libindirect-perl libmultidimensional-perl
  libtool-doc gfortran | fortran95-compiler gcj-jdk m4-doc less www-browser
  libmail-box-perl python3-doc python3-tk python3-venv python3.5-venv
  python3.5-doc binfmt-support readline-doc
Recommended packages:
  curl | wget | lynx-cur libpam-cap dbus shared-mime-info xdg-user-dirs
  gstreamer1.0-plugins-base libclass-xsaccessor-perl libpackage-stash-xs-perl
  libunicode-utf8-perl libltdl-dev tcpd xml-core bash-completion
  libmail-sendmail-perl
The following NEW packages will be installed:
  autoconf autoconf-archive automake autopoint autotools-dev bsdmainutils cdbs
  debhelper dh-autoreconf dh-buildinfo dh-python dh-strip-nondeterminism
  espeak-ng-data file gettext gettext-base gir1.2-glib-2.0
  gir1.2-gst-plugins-base-1.0 gir1.2-gstreamer-1.0 groff-base icu-devtools
  intltool-debian iso-codes libarchive-zip-perl libasound2 libasound2-data
  libasyncns0 libb-hooks-endofscope-perl libcap2 libcap2-bin
  libclass-method-modifiers-perl libcroco3 libdata-optlist-perl libdbus-1-3
  libdevel-globaldestruction-perl libelf1 libespeak-ng-dev
  libespeak-ng-libespeak-dev libespeak-ng1 libexpat1 libexporter-tiny-perl
  libfile-stripnondeterminism-perl libflac8 libgetopt-long-descriptive-perl
  libgirepository-1.0-1 libglib2.0-0 libglib2.0-bin libglib2.0-data
  libglib2.0-dev libgstreamer-plugins-base1.0-0
  libgstreamer-plugins-base1.0-dev libgstreamer1.0-0 libgstreamer1.0-dev
  libice6 libicu-dev libicu57 libimport-into-perl libio-stringy-perl
  libmagic-mgc libmagic1 libmodule-implementation-perl libmodule-runtime-perl
  libmoo-perl libmpdec2 libnamespace-clean-perl libnumber-compare-perl
  libnumber-range-perl libogg0 liborc-0.4-0 libpackage-stash-perl
  libparams-classify-perl libparams-util-perl libparams-validate-perl
  libpath-iterator-rule-perl libpath-tiny-perl libpcaudio0 libpcre16-3
  libpcre3-dev libpcre32-3 libpcrecpp0v5 libpipeline1 libpod-constants-perl
  libpulse0 libpython3-stdlib libpython3.5-minimal libpython3.5-stdlib
  libreadline7 librole-tiny-perl libscalar-list-utils-perl libsigsegv2 libsm6
  libsndfile1 libsonic0 libsort-key-perl libsqlite3-0 libssl1.1
  libstrictures-perl libstring-copyright-perl libstring-escape-perl
  libsub-exporter-perl libsub-exporter-progressive-perl libsub-identify-perl
  libsub-install-perl libsub-name-perl libtext-glob-perl libtimedate-perl
  libtool libtry-tiny-perl libunistring0 libvariable-magic-perl libvorbis0a
  libvorbisenc2 libwrap0 libx11-6 libx11-data libx11-xcb1 libxau6 libxcb1
  libxdmcp6 libxext6 libxi6 libxml2 libxml2-dev libxtst6 licensecheck lsb-base
  m4 man-db mime-support pkg-config po-debconf python3 python3-minimal
  python3.5 python3.5-minimal readline-common
  sbuild-build-depends-gst-plugins-espeak-dummy x11-common zlib1g-dev
0 upgraded, 139 newly installed, 0 to remove and 0 not upgraded.
Need to get 72.8 MB of archives.
After this operation, 289 MB of additional disk space will be used.
Get:1 copy:/<<BUILDDIR>>/resolver-zd6MZJ/apt_archive ./ sbuild-build-depends-gst-plugins-espeak-dummy 0.invalid.0 [860 B]
Get:2 http://127.0.0.1:9999/debian unstable/main amd64 groff-base amd64 1.22.3-9 [1160 kB]
Get:3 http://127.0.0.1:9999/debian unstable/main amd64 bsdmainutils amd64 9.0.12 [185 kB]
Get:4 http://127.0.0.1:9999/debian unstable/main amd64 libpipeline1 amd64 1.4.1-2 [27.6 kB]
Get:5 http://127.0.0.1:9999/debian unstable/main amd64 man-db amd64 2.7.6.1-2 [1044 kB]
Get:6 http://127.0.0.1:9999/debian unstable/main amd64 autoconf-archive all 20160916-1 [716 kB]
Get:7 http://127.0.0.1:9999/debian unstable/main amd64 lsb-base all 9.20161125 [27.9 kB]
Get:8 http://127.0.0.1:9999/debian unstable/main amd64 x11-common all 1:7.7+18 [251 kB]
Get:9 http://127.0.0.1:9999/debian unstable/main amd64 libice6 amd64 2:1.0.9-1+b1 [58.8 kB]
Get:10 http://127.0.0.1:9999/debian unstable/main amd64 libogg0 amd64 1.3.2-1 [19.9 kB]
Get:11 http://127.0.0.1:9999/debian unstable/main amd64 libpcrecpp0v5 amd64 2:8.39-2.1 [151 kB]
Get:12 http://127.0.0.1:9999/debian unstable/main amd64 libsm6 amd64 2:1.2.2-1+b1 [33.6 kB]
Get:13 http://127.0.0.1:9999/debian unstable/main amd64 libxau6 amd64 1:1.0.8-1 [20.7 kB]
Get:14 http://127.0.0.1:9999/debian unstable/main amd64 libxdmcp6 amd64 1:1.1.2-1.1 [26.2 kB]
Get:15 http://127.0.0.1:9999/debian unstable/main amd64 libxcb1 amd64 1.12-1 [133 kB]
Get:16 http://127.0.0.1:9999/debian unstable/main amd64 libx11-data all 2:1.6.4-3 [290 kB]
Get:17 http://127.0.0.1:9999/debian unstable/main amd64 libx11-6 amd64 2:1.6.4-3 [747 kB]
Get:18 http://127.0.0.1:9999/debian unstable/main amd64 libxext6 amd64 2:1.3.3-1 [52.7 kB]
Get:19 http://127.0.0.1:9999/debian unstable/main amd64 libssl1.1 amd64 1.1.0e-1 [1341 kB]
Get:20 http://127.0.0.1:9999/debian unstable/main amd64 libpython3.5-minimal amd64 3.5.3-1 [573 kB]
Get:21 http://127.0.0.1:9999/debian unstable/main amd64 libexpat1 amd64 2.2.0-2 [83.3 kB]
Get:22 http://127.0.0.1:9999/debian unstable/main amd64 python3.5-minimal amd64 3.5.3-1 [1688 kB]
Get:23 http://127.0.0.1:9999/debian unstable/main amd64 python3-minimal amd64 3.5.3-1 [35.3 kB]
Get:24 http://127.0.0.1:9999/debian unstable/main amd64 mime-support all 3.60 [36.7 kB]
Get:25 http://127.0.0.1:9999/debian unstable/main amd64 libmpdec2 amd64 2.4.2-1 [85.2 kB]
Get:26 http://127.0.0.1:9999/debian unstable/main amd64 readline-common all 7.0-2 [70.4 kB]
Get:27 http://127.0.0.1:9999/debian unstable/main amd64 libreadline7 amd64 7.0-2 [151 kB]
Get:28 http://127.0.0.1:9999/debian unstable/main amd64 libsqlite3-0 amd64 3.16.2-3 [572 kB]
Get:29 http://127.0.0.1:9999/debian unstable/main amd64 libpython3.5-stdlib amd64 3.5.3-1 [2166 kB]
Get:30 http://127.0.0.1:9999/debian unstable/main amd64 python3.5 amd64 3.5.3-1 [229 kB]
Get:31 http://127.0.0.1:9999/debian unstable/main amd64 libpython3-stdlib amd64 3.5.3-1 [18.6 kB]
Get:32 http://127.0.0.1:9999/debian unstable/main amd64 dh-python all 2.20170125 [86.8 kB]
Get:33 http://127.0.0.1:9999/debian unstable/main amd64 python3 amd64 3.5.3-1 [21.6 kB]
Get:34 http://127.0.0.1:9999/debian unstable/main amd64 libmagic-mgc amd64 1:5.29-3 [221 kB]
Get:35 http://127.0.0.1:9999/debian unstable/main amd64 libmagic1 amd64 1:5.29-3 [110 kB]
Get:36 http://127.0.0.1:9999/debian unstable/main amd64 file amd64 1:5.29-3 [63.7 kB]
Get:37 http://127.0.0.1:9999/debian unstable/main amd64 gettext-base amd64 0.19.8.1-2 [121 kB]
Get:38 http://127.0.0.1:9999/debian unstable/main amd64 libcap2 amd64 1:2.25-1 [16.8 kB]
Get:39 http://127.0.0.1:9999/debian unstable/main amd64 libwrap0 amd64 7.6.q-26 [58.2 kB]
Get:40 http://127.0.0.1:9999/debian unstable/main amd64 libicu57 amd64 57.1-5 [7700 kB]
Get:41 http://127.0.0.1:9999/debian unstable/main amd64 libxml2 amd64 2.9.4+dfsg1-2.2 [919 kB]
Get:42 http://127.0.0.1:9999/debian unstable/main amd64 libsigsegv2 amd64 2.10-5 [28.9 kB]
Get:43 http://127.0.0.1:9999/debian unstable/main amd64 m4 amd64 1.4.18-1 [202 kB]
Get:44 http://127.0.0.1:9999/debian unstable/main amd64 autoconf all 2.69-10 [338 kB]
Get:45 http://127.0.0.1:9999/debian unstable/main amd64 autotools-dev all 20161112.1 [73.4 kB]
Get:46 http://127.0.0.1:9999/debian unstable/main amd64 automake all 1:1.15-6 [733 kB]
Get:47 http://127.0.0.1:9999/debian unstable/main amd64 autopoint all 0.19.8.1-2 [433 kB]
Get:48 http://127.0.0.1:9999/debian unstable/main amd64 cdbs all 0.4.150 [82.6 kB]
Get:49 http://127.0.0.1:9999/debian unstable/main amd64 libtool all 2.4.6-2 [545 kB]
Get:50 http://127.0.0.1:9999/debian unstable/main amd64 dh-autoreconf all 13 [15.8 kB]
Get:51 http://127.0.0.1:9999/debian unstable/main amd64 libarchive-zip-perl all 1.59-1 [95.5 kB]
Get:52 http://127.0.0.1:9999/debian unstable/main amd64 libfile-stripnondeterminism-perl all 0.031-1 [15.7 kB]
Get:53 http://127.0.0.1:9999/debian unstable/main amd64 libtimedate-perl all 2.3000-2 [42.2 kB]
Get:54 http://127.0.0.1:9999/debian unstable/main amd64 dh-strip-nondeterminism all 0.031-1 [9736 B]
Get:55 http://127.0.0.1:9999/debian unstable/main amd64 libglib2.0-0 amd64 2.50.3-1 [2691 kB]
Get:56 http://127.0.0.1:9999/debian unstable/main amd64 libcroco3 amd64 0.6.11-2 [143 kB]
Get:57 http://127.0.0.1:9999/debian unstable/main amd64 libunistring0 amd64 0.9.6+really0.9.3-0.1 [279 kB]
Get:58 http://127.0.0.1:9999/debian unstable/main amd64 gettext amd64 0.19.8.1-2 [1495 kB]
Get:59 http://127.0.0.1:9999/debian unstable/main amd64 intltool-debian all 0.35.0+20060710.4 [26.3 kB]
Get:60 http://127.0.0.1:9999/debian unstable/main amd64 po-debconf all 1.0.20 [247 kB]
Get:61 http://127.0.0.1:9999/debian unstable/main amd64 debhelper all 10.2.5 [961 kB]
Get:62 http://127.0.0.1:9999/debian unstable/main amd64 dh-buildinfo all 0.11+nmu1 [18.1 kB]
Get:63 http://127.0.0.1:9999/debian unstable/main amd64 espeak-ng-data amd64 1.49.0+dfsg-7 [2463 kB]
Get:64 http://127.0.0.1:9999/debian unstable/main amd64 libgirepository-1.0-1 amd64 1.50.0-1+b1 [89.0 kB]
Get:65 http://127.0.0.1:9999/debian unstable/main amd64 gir1.2-glib-2.0 amd64 1.50.0-1+b1 [139 kB]
Get:66 http://127.0.0.1:9999/debian unstable/main amd64 libcap2-bin amd64 1:2.25-1 [26.5 kB]
Get:67 http://127.0.0.1:9999/debian unstable/main amd64 libgstreamer1.0-0 amd64 1.10.4-1 [1962 kB]
Get:68 http://127.0.0.1:9999/debian unstable/main amd64 gir1.2-gstreamer-1.0 amd64 1.10.4-1 [1055 kB]
Get:69 http://127.0.0.1:9999/debian unstable/main amd64 liborc-0.4-0 amd64 1:0.4.26-2 [140 kB]
Get:70 http://127.0.0.1:9999/debian unstable/main amd64 iso-codes all 3.74-1 [2330 kB]
Get:71 http://127.0.0.1:9999/debian unstable/main amd64 libgstreamer-plugins-base1.0-0 amd64 1.10.4-1 [1646 kB]
Get:72 http://127.0.0.1:9999/debian unstable/main amd64 gir1.2-gst-plugins-base-1.0 amd64 1.10.4-1 [1019 kB]
Get:73 http://127.0.0.1:9999/debian unstable/main amd64 icu-devtools amd64 57.1-5 [177 kB]
Get:74 http://127.0.0.1:9999/debian unstable/main amd64 libasound2-data all 1.1.3-5 [173 kB]
Get:75 http://127.0.0.1:9999/debian unstable/main amd64 libasound2 amd64 1.1.3-5 [497 kB]
Get:76 http://127.0.0.1:9999/debian unstable/main amd64 libasyncns0 amd64 0.8-6 [12.5 kB]
Get:77 http://127.0.0.1:9999/debian unstable/main amd64 libparams-classify-perl amd64 0.013-6+b1 [24.4 kB]
Get:78 http://127.0.0.1:9999/debian unstable/main amd64 libmodule-runtime-perl all 0.014-2 [18.0 kB]
Get:79 http://127.0.0.1:9999/debian unstable/main amd64 libtry-tiny-perl all 0.28-1 [22.7 kB]
Get:80 http://127.0.0.1:9999/debian unstable/main amd64 libmodule-implementation-perl all 0.09-1 [12.9 kB]
Get:81 http://127.0.0.1:9999/debian unstable/main amd64 libsub-exporter-progressive-perl all 0.001013-1 [7588 B]
Get:82 http://127.0.0.1:9999/debian unstable/main amd64 libvariable-magic-perl amd64 0.61-1 [45.1 kB]
Get:83 http://127.0.0.1:9999/debian unstable/main amd64 libb-hooks-endofscope-perl all 0.21-1 [16.3 kB]
Get:84 http://127.0.0.1:9999/debian unstable/main amd64 libclass-method-modifiers-perl all 2.12-1 [18.6 kB]
Get:85 http://127.0.0.1:9999/debian unstable/main amd64 libparams-util-perl amd64 1.07-3+b1 [22.7 kB]
Get:86 http://127.0.0.1:9999/debian unstable/main amd64 libsub-install-perl all 0.928-1 [11.4 kB]
Get:87 http://127.0.0.1:9999/debian unstable/main amd64 libdata-optlist-perl all 0.110-1 [10.6 kB]
Get:88 http://127.0.0.1:9999/debian unstable/main amd64 libdbus-1-3 amd64 1.10.16-1 [192 kB]
Get:89 http://127.0.0.1:9999/debian unstable/main amd64 libdevel-globaldestruction-perl all 0.14-1 [8084 B]
Get:90 http://127.0.0.1:9999/debian unstable/main amd64 libelf1 amd64 0.168-0.2 [156 kB]
Get:91 http://127.0.0.1:9999/debian unstable/main amd64 libflac8 amd64 1.3.2-1 [221 kB]
Get:92 http://127.0.0.1:9999/debian unstable/main amd64 libvorbis0a amd64 1.3.5-4 [91.6 kB]
Get:93 http://127.0.0.1:9999/debian unstable/main amd64 libvorbisenc2 amd64 1.3.5-4 [79.0 kB]
Get:94 http://127.0.0.1:9999/debian unstable/main amd64 libsndfile1 amd64 1.0.27-1+b1 [247 kB]
Get:95 http://127.0.0.1:9999/debian unstable/main amd64 libx11-xcb1 amd64 2:1.6.4-3 [183 kB]
Get:96 http://127.0.0.1:9999/debian unstable/main amd64 libxi6 amd64 2:1.7.9-1 [82.6 kB]
Get:97 http://127.0.0.1:9999/debian unstable/main amd64 libxtst6 amd64 2:1.2.3-1 [27.8 kB]
Get:98 http://127.0.0.1:9999/debian unstable/main amd64 libpulse0 amd64 10.0-1 [283 kB]
Get:99 http://127.0.0.1:9999/debian unstable/main amd64 libpcaudio0 amd64 1.0-1 [6798 B]
Get:100 http://127.0.0.1:9999/debian unstable/main amd64 libsonic0 amd64 0.2.0-4+b1 [13.6 kB]
Get:101 http://127.0.0.1:9999/debian unstable/main amd64 libespeak-ng1 amd64 1.49.0+dfsg-7 [167 kB]
Get:102 http://127.0.0.1:9999/debian unstable/main amd64 libespeak-ng-dev amd64 1.49.0+dfsg-7 [200 kB]
Get:103 http://127.0.0.1:9999/debian unstable/main amd64 libespeak-ng-libespeak-dev amd64 1.49.0+dfsg-7 [16.6 kB]
Get:104 http://127.0.0.1:9999/debian unstable/main amd64 libexporter-tiny-perl all 0.042-1 [32.4 kB]
Get:105 http://127.0.0.1:9999/debian unstable/main amd64 libio-stringy-perl all 2.111-2 [61.2 kB]
Get:106 http://127.0.0.1:9999/debian unstable/main amd64 libparams-validate-perl amd64 1.26-1 [66.0 kB]
Get:107 http://127.0.0.1:9999/debian unstable/main amd64 libsub-exporter-perl all 0.986-1 [49.9 kB]
Get:108 http://127.0.0.1:9999/debian unstable/main amd64 libgetopt-long-descriptive-perl all 0.100-1 [26.9 kB]
Get:109 http://127.0.0.1:9999/debian unstable/main amd64 libglib2.0-data all 2.50.3-1 [2518 kB]
Get:110 http://127.0.0.1:9999/debian unstable/main amd64 libglib2.0-bin amd64 2.50.3-1 [1614 kB]
Get:111 http://127.0.0.1:9999/debian unstable/main amd64 libpcre16-3 amd64 2:8.39-2.1 [258 kB]
Get:112 http://127.0.0.1:9999/debian unstable/main amd64 libpcre32-3 amd64 2:8.39-2.1 [249 kB]
Get:113 http://127.0.0.1:9999/debian unstable/main amd64 libpcre3-dev amd64 2:8.39-2.1 [645 kB]
Get:114 http://127.0.0.1:9999/debian unstable/main amd64 pkg-config amd64 0.29-4 [62.5 kB]
Get:115 http://127.0.0.1:9999/debian unstable/main amd64 zlib1g-dev amd64 1:1.2.8.dfsg-5 [205 kB]
Get:116 http://127.0.0.1:9999/debian unstable/main amd64 libglib2.0-dev amd64 2.50.3-1 [2983 kB]
Get:117 http://127.0.0.1:9999/debian unstable/main amd64 libgstreamer1.0-dev amd64 1.10.4-1 [1369 kB]
Get:118 http://127.0.0.1:9999/debian unstable/main amd64 libicu-dev amd64 57.1-5 [16.5 MB]
Get:119 http://127.0.0.1:9999/debian unstable/main amd64 libxml2-dev amd64 2.9.4+dfsg1-2.2 [811 kB]
Get:120 http://127.0.0.1:9999/debian unstable/main amd64 libgstreamer-plugins-base1.0-dev amd64 1.10.4-1 [1198 kB]
Get:121 http://127.0.0.1:9999/debian unstable/main amd64 libimport-into-perl all 1.002005-1 [11.6 kB]
Get:122 http://127.0.0.1:9999/debian unstable/main amd64 librole-tiny-perl all 2.000005-1 [19.0 kB]
Get:123 http://127.0.0.1:9999/debian unstable/main amd64 libstrictures-perl all 2.000003-1 [18.1 kB]
Get:124 http://127.0.0.1:9999/debian unstable/main amd64 libmoo-perl all 2.002005-1 [67.0 kB]
Get:125 http://127.0.0.1:9999/debian unstable/main amd64 libpackage-stash-perl all 0.37-1 [20.8 kB]
Get:126 http://127.0.0.1:9999/debian unstable/main amd64 libsub-identify-perl amd64 0.12-2+b1 [11.5 kB]
Get:127 http://127.0.0.1:9999/debian unstable/main amd64 libsub-name-perl amd64 0.21-1 [13.1 kB]
Get:128 http://127.0.0.1:9999/debian unstable/main amd64 libnamespace-clean-perl all 0.27-1 [17.3 kB]
Get:129 http://127.0.0.1:9999/debian unstable/main amd64 libnumber-compare-perl all 0.03-1 [7642 B]
Get:130 http://127.0.0.1:9999/debian unstable/main amd64 libnumber-range-perl all 0.12-1 [9274 B]
Get:131 http://127.0.0.1:9999/debian unstable/main amd64 libtext-glob-perl all 0.10-1 [8362 B]
Get:132 http://127.0.0.1:9999/debian unstable/main amd64 libpath-iterator-rule-perl all 1.009-1 [53.8 kB]
Get:133 http://127.0.0.1:9999/debian unstable/main amd64 libpath-tiny-perl all 0.100-1 [66.0 kB]
Get:134 http://127.0.0.1:9999/debian unstable/main amd64 libpod-constants-perl all 0.19-1 [16.9 kB]
Get:135 http://127.0.0.1:9999/debian unstable/main amd64 libscalar-list-utils-perl amd64 1:1.47-1 [54.4 kB]
Get:136 http://127.0.0.1:9999/debian unstable/main amd64 libsort-key-perl amd64 1.33-1+b3 [36.6 kB]
Get:137 http://127.0.0.1:9999/debian unstable/main amd64 libstring-copyright-perl all 0.003005-1 [14.4 kB]
Get:138 http://127.0.0.1:9999/debian unstable/main amd64 libstring-escape-perl all 2010.002-1 [20.5 kB]
Get:139 http://127.0.0.1:9999/debian unstable/main amd64 licensecheck all 3.0.29-1 [41.3 kB]
debconf: delaying package configuration, since apt-utils is not installed
Fetched 72.8 MB in 0s (78.4 MB/s)
Selecting previously unselected package groff-base.
(Reading database ... 10086 files and directories currently installed.)
Preparing to unpack .../00-groff-base_1.22.3-9_amd64.deb ...
Unpacking groff-base (1.22.3-9) ...
Selecting previously unselected package bsdmainutils.
Preparing to unpack .../01-bsdmainutils_9.0.12_amd64.deb ...
Unpacking bsdmainutils (9.0.12) ...
Selecting previously unselected package libpipeline1:amd64.
Preparing to unpack .../02-libpipeline1_1.4.1-2_amd64.deb ...
Unpacking libpipeline1:amd64 (1.4.1-2) ...
Selecting previously unselected package man-db.
Preparing to unpack .../03-man-db_2.7.6.1-2_amd64.deb ...
Unpacking man-db (2.7.6.1-2) ...
Selecting previously unselected package autoconf-archive.
Preparing to unpack .../04-autoconf-archive_20160916-1_all.deb ...
Unpacking autoconf-archive (20160916-1) ...
Selecting previously unselected package lsb-base.
Preparing to unpack .../05-lsb-base_9.20161125_all.deb ...
Unpacking lsb-base (9.20161125) ...
Selecting previously unselected package x11-common.
Preparing to unpack .../06-x11-common_1%3a7.7+18_all.deb ...
Unpacking x11-common (1:7.7+18) ...
Selecting previously unselected package libice6:amd64.
Preparing to unpack .../07-libice6_2%3a1.0.9-1+b1_amd64.deb ...
Unpacking libice6:amd64 (2:1.0.9-1+b1) ...
Selecting previously unselected package libogg0:amd64.
Preparing to unpack .../08-libogg0_1.3.2-1_amd64.deb ...
Unpacking libogg0:amd64 (1.3.2-1) ...
Selecting previously unselected package libpcrecpp0v5:amd64.
Preparing to unpack .../09-libpcrecpp0v5_2%3a8.39-2.1_amd64.deb ...
Unpacking libpcrecpp0v5:amd64 (2:8.39-2.1) ...
Selecting previously unselected package libsm6:amd64.
Preparing to unpack .../10-libsm6_2%3a1.2.2-1+b1_amd64.deb ...
Unpacking libsm6:amd64 (2:1.2.2-1+b1) ...
Selecting previously unselected package libxau6:amd64.
Preparing to unpack .../11-libxau6_1%3a1.0.8-1_amd64.deb ...
Unpacking libxau6:amd64 (1:1.0.8-1) ...
Selecting previously unselected package libxdmcp6:amd64.
Preparing to unpack .../12-libxdmcp6_1%3a1.1.2-1.1_amd64.deb ...
Unpacking libxdmcp6:amd64 (1:1.1.2-1.1) ...
Selecting previously unselected package libxcb1:amd64.
Preparing to unpack .../13-libxcb1_1.12-1_amd64.deb ...
Unpacking libxcb1:amd64 (1.12-1) ...
Selecting previously unselected package libx11-data.
Preparing to unpack .../14-libx11-data_2%3a1.6.4-3_all.deb ...
Unpacking libx11-data (2:1.6.4-3) ...
Selecting previously unselected package libx11-6:amd64.
Preparing to unpack .../15-libx11-6_2%3a1.6.4-3_amd64.deb ...
Unpacking libx11-6:amd64 (2:1.6.4-3) ...
Selecting previously unselected package libxext6:amd64.
Preparing to unpack .../16-libxext6_2%3a1.3.3-1_amd64.deb ...
Unpacking libxext6:amd64 (2:1.3.3-1) ...
Selecting previously unselected package libssl1.1:amd64.
Preparing to unpack .../17-libssl1.1_1.1.0e-1_amd64.deb ...
Unpacking libssl1.1:amd64 (1.1.0e-1) ...
Selecting previously unselected package libpython3.5-minimal:amd64.
Preparing to unpack .../18-libpython3.5-minimal_3.5.3-1_amd64.deb ...
Unpacking libpython3.5-minimal:amd64 (3.5.3-1) ...
Selecting previously unselected package libexpat1:amd64.
Preparing to unpack .../19-libexpat1_2.2.0-2_amd64.deb ...
Unpacking libexpat1:amd64 (2.2.0-2) ...
Selecting previously unselected package python3.5-minimal.
Preparing to unpack .../20-python3.5-minimal_3.5.3-1_amd64.deb ...
Unpacking python3.5-minimal (3.5.3-1) ...
Selecting previously unselected package python3-minimal.
Preparing to unpack .../21-python3-minimal_3.5.3-1_amd64.deb ...
Unpacking python3-minimal (3.5.3-1) ...
Selecting previously unselected package mime-support.
Preparing to unpack .../22-mime-support_3.60_all.deb ...
Unpacking mime-support (3.60) ...
Selecting previously unselected package libmpdec2:amd64.
Preparing to unpack .../23-libmpdec2_2.4.2-1_amd64.deb ...
Unpacking libmpdec2:amd64 (2.4.2-1) ...
Selecting previously unselected package readline-common.
Preparing to unpack .../24-readline-common_7.0-2_all.deb ...
Unpacking readline-common (7.0-2) ...
Selecting previously unselected package libreadline7:amd64.
Preparing to unpack .../25-libreadline7_7.0-2_amd64.deb ...
Unpacking libreadline7:amd64 (7.0-2) ...
Selecting previously unselected package libsqlite3-0:amd64.
Preparing to unpack .../26-libsqlite3-0_3.16.2-3_amd64.deb ...
Unpacking libsqlite3-0:amd64 (3.16.2-3) ...
Selecting previously unselected package libpython3.5-stdlib:amd64.
Preparing to unpack .../27-libpython3.5-stdlib_3.5.3-1_amd64.deb ...
Unpacking libpython3.5-stdlib:amd64 (3.5.3-1) ...
Selecting previously unselected package python3.5.
Preparing to unpack .../28-python3.5_3.5.3-1_amd64.deb ...
Unpacking python3.5 (3.5.3-1) ...
Selecting previously unselected package libpython3-stdlib:amd64.
Preparing to unpack .../29-libpython3-stdlib_3.5.3-1_amd64.deb ...
Unpacking libpython3-stdlib:amd64 (3.5.3-1) ...
Selecting previously unselected package dh-python.
Preparing to unpack .../30-dh-python_2.20170125_all.deb ...
Unpacking dh-python (2.20170125) ...
Setting up libssl1.1:amd64 (1.1.0e-1) ...
Setting up libpython3.5-minimal:amd64 (3.5.3-1) ...
Setting up libexpat1:amd64 (2.2.0-2) ...
Setting up python3.5-minimal (3.5.3-1) ...
Setting up python3-minimal (3.5.3-1) ...
Selecting previously unselected package python3.
(Reading database ... 13146 files and directories currently installed.)
Preparing to unpack .../000-python3_3.5.3-1_amd64.deb ...
Unpacking python3 (3.5.3-1) ...
Selecting previously unselected package libmagic-mgc.
Preparing to unpack .../001-libmagic-mgc_1%3a5.29-3_amd64.deb ...
Unpacking libmagic-mgc (1:5.29-3) ...
Selecting previously unselected package libmagic1:amd64.
Preparing to unpack .../002-libmagic1_1%3a5.29-3_amd64.deb ...
Unpacking libmagic1:amd64 (1:5.29-3) ...
Selecting previously unselected package file.
Preparing to unpack .../003-file_1%3a5.29-3_amd64.deb ...
Unpacking file (1:5.29-3) ...
Selecting previously unselected package gettext-base.
Preparing to unpack .../004-gettext-base_0.19.8.1-2_amd64.deb ...
Unpacking gettext-base (0.19.8.1-2) ...
Selecting previously unselected package libcap2:amd64.
Preparing to unpack .../005-libcap2_1%3a2.25-1_amd64.deb ...
Unpacking libcap2:amd64 (1:2.25-1) ...
Selecting previously unselected package libwrap0:amd64.
Preparing to unpack .../006-libwrap0_7.6.q-26_amd64.deb ...
Unpacking libwrap0:amd64 (7.6.q-26) ...
Selecting previously unselected package libicu57:amd64.
Preparing to unpack .../007-libicu57_57.1-5_amd64.deb ...
Unpacking libicu57:amd64 (57.1-5) ...
Selecting previously unselected package libxml2:amd64.
Preparing to unpack .../008-libxml2_2.9.4+dfsg1-2.2_amd64.deb ...
Unpacking libxml2:amd64 (2.9.4+dfsg1-2.2) ...
Selecting previously unselected package libsigsegv2:amd64.
Preparing to unpack .../009-libsigsegv2_2.10-5_amd64.deb ...
Unpacking libsigsegv2:amd64 (2.10-5) ...
Selecting previously unselected package m4.
Preparing to unpack .../010-m4_1.4.18-1_amd64.deb ...
Unpacking m4 (1.4.18-1) ...
Selecting previously unselected package autoconf.
Preparing to unpack .../011-autoconf_2.69-10_all.deb ...
Unpacking autoconf (2.69-10) ...
Selecting previously unselected package autotools-dev.
Preparing to unpack .../012-autotools-dev_20161112.1_all.deb ...
Unpacking autotools-dev (20161112.1) ...
Selecting previously unselected package automake.
Preparing to unpack .../013-automake_1%3a1.15-6_all.deb ...
Unpacking automake (1:1.15-6) ...
Selecting previously unselected package autopoint.
Preparing to unpack .../014-autopoint_0.19.8.1-2_all.deb ...
Unpacking autopoint (0.19.8.1-2) ...
Selecting previously unselected package cdbs.
Preparing to unpack .../015-cdbs_0.4.150_all.deb ...
Unpacking cdbs (0.4.150) ...
Selecting previously unselected package libtool.
Preparing to unpack .../016-libtool_2.4.6-2_all.deb ...
Unpacking libtool (2.4.6-2) ...
Selecting previously unselected package dh-autoreconf.
Preparing to unpack .../017-dh-autoreconf_13_all.deb ...
Unpacking dh-autoreconf (13) ...
Selecting previously unselected package libarchive-zip-perl.
Preparing to unpack .../018-libarchive-zip-perl_1.59-1_all.deb ...
Unpacking libarchive-zip-perl (1.59-1) ...
Selecting previously unselected package libfile-stripnondeterminism-perl.
Preparing to unpack .../019-libfile-stripnondeterminism-perl_0.031-1_all.deb ...
Unpacking libfile-stripnondeterminism-perl (0.031-1) ...
Selecting previously unselected package libtimedate-perl.
Preparing to unpack .../020-libtimedate-perl_2.3000-2_all.deb ...
Unpacking libtimedate-perl (2.3000-2) ...
Selecting previously unselected package dh-strip-nondeterminism.
Preparing to unpack .../021-dh-strip-nondeterminism_0.031-1_all.deb ...
Unpacking dh-strip-nondeterminism (0.031-1) ...
Selecting previously unselected package libglib2.0-0:amd64.
Preparing to unpack .../022-libglib2.0-0_2.50.3-1_amd64.deb ...
Unpacking libglib2.0-0:amd64 (2.50.3-1) ...
Selecting previously unselected package libcroco3:amd64.
Preparing to unpack .../023-libcroco3_0.6.11-2_amd64.deb ...
Unpacking libcroco3:amd64 (0.6.11-2) ...
Selecting previously unselected package libunistring0:amd64.
Preparing to unpack .../024-libunistring0_0.9.6+really0.9.3-0.1_amd64.deb ...
Unpacking libunistring0:amd64 (0.9.6+really0.9.3-0.1) ...
Selecting previously unselected package gettext.
Preparing to unpack .../025-gettext_0.19.8.1-2_amd64.deb ...
Unpacking gettext (0.19.8.1-2) ...
Selecting previously unselected package intltool-debian.
Preparing to unpack .../026-intltool-debian_0.35.0+20060710.4_all.deb ...
Unpacking intltool-debian (0.35.0+20060710.4) ...
Selecting previously unselected package po-debconf.
Preparing to unpack .../027-po-debconf_1.0.20_all.deb ...
Unpacking po-debconf (1.0.20) ...
Selecting previously unselected package debhelper.
Preparing to unpack .../028-debhelper_10.2.5_all.deb ...
Unpacking debhelper (10.2.5) ...
Selecting previously unselected package dh-buildinfo.
Preparing to unpack .../029-dh-buildinfo_0.11+nmu1_all.deb ...
Unpacking dh-buildinfo (0.11+nmu1) ...
Selecting previously unselected package espeak-ng-data:amd64.
Preparing to unpack .../030-espeak-ng-data_1.49.0+dfsg-7_amd64.deb ...
Unpacking espeak-ng-data:amd64 (1.49.0+dfsg-7) ...
Selecting previously unselected package libgirepository-1.0-1:amd64.
Preparing to unpack .../031-libgirepository-1.0-1_1.50.0-1+b1_amd64.deb ...
Unpacking libgirepository-1.0-1:amd64 (1.50.0-1+b1) ...
Selecting previously unselected package gir1.2-glib-2.0:amd64.
Preparing to unpack .../032-gir1.2-glib-2.0_1.50.0-1+b1_amd64.deb ...
Unpacking gir1.2-glib-2.0:amd64 (1.50.0-1+b1) ...
Selecting previously unselected package libcap2-bin.
Preparing to unpack .../033-libcap2-bin_1%3a2.25-1_amd64.deb ...
Unpacking libcap2-bin (1:2.25-1) ...
Selecting previously unselected package libgstreamer1.0-0:amd64.
Preparing to unpack .../034-libgstreamer1.0-0_1.10.4-1_amd64.deb ...
Unpacking libgstreamer1.0-0:amd64 (1.10.4-1) ...
Selecting previously unselected package gir1.2-gstreamer-1.0.
Preparing to unpack .../035-gir1.2-gstreamer-1.0_1.10.4-1_amd64.deb ...
Unpacking gir1.2-gstreamer-1.0 (1.10.4-1) ...
Selecting previously unselected package liborc-0.4-0:amd64.
Preparing to unpack .../036-liborc-0.4-0_1%3a0.4.26-2_amd64.deb ...
Unpacking liborc-0.4-0:amd64 (1:0.4.26-2) ...
Selecting previously unselected package iso-codes.
Preparing to unpack .../037-iso-codes_3.74-1_all.deb ...
Unpacking iso-codes (3.74-1) ...
Selecting previously unselected package libgstreamer-plugins-base1.0-0:amd64.
Preparing to unpack .../038-libgstreamer-plugins-base1.0-0_1.10.4-1_amd64.deb ...
Unpacking libgstreamer-plugins-base1.0-0:amd64 (1.10.4-1) ...
Selecting previously unselected package gir1.2-gst-plugins-base-1.0.
Preparing to unpack .../039-gir1.2-gst-plugins-base-1.0_1.10.4-1_amd64.deb ...
Unpacking gir1.2-gst-plugins-base-1.0 (1.10.4-1) ...
Selecting previously unselected package icu-devtools.
Preparing to unpack .../040-icu-devtools_57.1-5_amd64.deb ...
Unpacking icu-devtools (57.1-5) ...
Selecting previously unselected package libasound2-data.
Preparing to unpack .../041-libasound2-data_1.1.3-5_all.deb ...
Unpacking libasound2-data (1.1.3-5) ...
Selecting previously unselected package libasound2:amd64.
Preparing to unpack .../042-libasound2_1.1.3-5_amd64.deb ...
Unpacking libasound2:amd64 (1.1.3-5) ...
Selecting previously unselected package libasyncns0:amd64.
Preparing to unpack .../043-libasyncns0_0.8-6_amd64.deb ...
Unpacking libasyncns0:amd64 (0.8-6) ...
Selecting previously unselected package libparams-classify-perl.
Preparing to unpack .../044-libparams-classify-perl_0.013-6+b1_amd64.deb ...
Unpacking libparams-classify-perl (0.013-6+b1) ...
Selecting previously unselected package libmodule-runtime-perl.
Preparing to unpack .../045-libmodule-runtime-perl_0.014-2_all.deb ...
Unpacking libmodule-runtime-perl (0.014-2) ...
Selecting previously unselected package libtry-tiny-perl.
Preparing to unpack .../046-libtry-tiny-perl_0.28-1_all.deb ...
Unpacking libtry-tiny-perl (0.28-1) ...
Selecting previously unselected package libmodule-implementation-perl.
Preparing to unpack .../047-libmodule-implementation-perl_0.09-1_all.deb ...
Unpacking libmodule-implementation-perl (0.09-1) ...
Selecting previously unselected package libsub-exporter-progressive-perl.
Preparing to unpack .../048-libsub-exporter-progressive-perl_0.001013-1_all.deb ...
Unpacking libsub-exporter-progressive-perl (0.001013-1) ...
Selecting previously unselected package libvariable-magic-perl.
Preparing to unpack .../049-libvariable-magic-perl_0.61-1_amd64.deb ...
Unpacking libvariable-magic-perl (0.61-1) ...
Selecting previously unselected package libb-hooks-endofscope-perl.
Preparing to unpack .../050-libb-hooks-endofscope-perl_0.21-1_all.deb ...
Unpacking libb-hooks-endofscope-perl (0.21-1) ...
Selecting previously unselected package libclass-method-modifiers-perl.
Preparing to unpack .../051-libclass-method-modifiers-perl_2.12-1_all.deb ...
Unpacking libclass-method-modifiers-perl (2.12-1) ...
Selecting previously unselected package libparams-util-perl.
Preparing to unpack .../052-libparams-util-perl_1.07-3+b1_amd64.deb ...
Unpacking libparams-util-perl (1.07-3+b1) ...
Selecting previously unselected package libsub-install-perl.
Preparing to unpack .../053-libsub-install-perl_0.928-1_all.deb ...
Unpacking libsub-install-perl (0.928-1) ...
Selecting previously unselected package libdata-optlist-perl.
Preparing to unpack .../054-libdata-optlist-perl_0.110-1_all.deb ...
Unpacking libdata-optlist-perl (0.110-1) ...
Selecting previously unselected package libdbus-1-3:amd64.
Preparing to unpack .../055-libdbus-1-3_1.10.16-1_amd64.deb ...
Unpacking libdbus-1-3:amd64 (1.10.16-1) ...
Selecting previously unselected package libdevel-globaldestruction-perl.
Preparing to unpack .../056-libdevel-globaldestruction-perl_0.14-1_all.deb ...
Unpacking libdevel-globaldestruction-perl (0.14-1) ...
Selecting previously unselected package libelf1:amd64.
Preparing to unpack .../057-libelf1_0.168-0.2_amd64.deb ...
Unpacking libelf1:amd64 (0.168-0.2) ...
Selecting previously unselected package libflac8:amd64.
Preparing to unpack .../058-libflac8_1.3.2-1_amd64.deb ...
Unpacking libflac8:amd64 (1.3.2-1) ...
Selecting previously unselected package libvorbis0a:amd64.
Preparing to unpack .../059-libvorbis0a_1.3.5-4_amd64.deb ...
Unpacking libvorbis0a:amd64 (1.3.5-4) ...
Selecting previously unselected package libvorbisenc2:amd64.
Preparing to unpack .../060-libvorbisenc2_1.3.5-4_amd64.deb ...
Unpacking libvorbisenc2:amd64 (1.3.5-4) ...
Selecting previously unselected package libsndfile1:amd64.
Preparing to unpack .../061-libsndfile1_1.0.27-1+b1_amd64.deb ...
Unpacking libsndfile1:amd64 (1.0.27-1+b1) ...
Selecting previously unselected package libx11-xcb1:amd64.
Preparing to unpack .../062-libx11-xcb1_2%3a1.6.4-3_amd64.deb ...
Unpacking libx11-xcb1:amd64 (2:1.6.4-3) ...
Selecting previously unselected package libxi6:amd64.
Preparing to unpack .../063-libxi6_2%3a1.7.9-1_amd64.deb ...
Unpacking libxi6:amd64 (2:1.7.9-1) ...
Selecting previously unselected package libxtst6:amd64.
Preparing to unpack .../064-libxtst6_2%3a1.2.3-1_amd64.deb ...
Unpacking libxtst6:amd64 (2:1.2.3-1) ...
Selecting previously unselected package libpulse0:amd64.
Preparing to unpack .../065-libpulse0_10.0-1_amd64.deb ...
Unpacking libpulse0:amd64 (10.0-1) ...
Selecting previously unselected package libpcaudio0.
Preparing to unpack .../066-libpcaudio0_1.0-1_amd64.deb ...
Unpacking libpcaudio0 (1.0-1) ...
Selecting previously unselected package libsonic0:amd64.
Preparing to unpack .../067-libsonic0_0.2.0-4+b1_amd64.deb ...
Unpacking libsonic0:amd64 (0.2.0-4+b1) ...
Selecting previously unselected package libespeak-ng1:amd64.
Preparing to unpack .../068-libespeak-ng1_1.49.0+dfsg-7_amd64.deb ...
Unpacking libespeak-ng1:amd64 (1.49.0+dfsg-7) ...
Selecting previously unselected package libespeak-ng-dev:amd64.
Preparing to unpack .../069-libespeak-ng-dev_1.49.0+dfsg-7_amd64.deb ...
Unpacking libespeak-ng-dev:amd64 (1.49.0+dfsg-7) ...
Selecting previously unselected package libespeak-ng-libespeak-dev:amd64.
Preparing to unpack .../070-libespeak-ng-libespeak-dev_1.49.0+dfsg-7_amd64.deb ...
Unpacking libespeak-ng-libespeak-dev:amd64 (1.49.0+dfsg-7) ...
Selecting previously unselected package libexporter-tiny-perl.
Preparing to unpack .../071-libexporter-tiny-perl_0.042-1_all.deb ...
Unpacking libexporter-tiny-perl (0.042-1) ...
Selecting previously unselected package libio-stringy-perl.
Preparing to unpack .../072-libio-stringy-perl_2.111-2_all.deb ...
Unpacking libio-stringy-perl (2.111-2) ...
Selecting previously unselected package libparams-validate-perl.
Preparing to unpack .../073-libparams-validate-perl_1.26-1_amd64.deb ...
Unpacking libparams-validate-perl (1.26-1) ...
Selecting previously unselected package libsub-exporter-perl.
Preparing to unpack .../074-libsub-exporter-perl_0.986-1_all.deb ...
Unpacking libsub-exporter-perl (0.986-1) ...
Selecting previously unselected package libgetopt-long-descriptive-perl.
Preparing to unpack .../075-libgetopt-long-descriptive-perl_0.100-1_all.deb ...
Unpacking libgetopt-long-descriptive-perl (0.100-1) ...
Selecting previously unselected package libglib2.0-data.
Preparing to unpack .../076-libglib2.0-data_2.50.3-1_all.deb ...
Unpacking libglib2.0-data (2.50.3-1) ...
Selecting previously unselected package libglib2.0-bin.
Preparing to unpack .../077-libglib2.0-bin_2.50.3-1_amd64.deb ...
Unpacking libglib2.0-bin (2.50.3-1) ...
Selecting previously unselected package libpcre16-3:amd64.
Preparing to unpack .../078-libpcre16-3_2%3a8.39-2.1_amd64.deb ...
Unpacking libpcre16-3:amd64 (2:8.39-2.1) ...
Selecting previously unselected package libpcre32-3:amd64.
Preparing to unpack .../079-libpcre32-3_2%3a8.39-2.1_amd64.deb ...
Unpacking libpcre32-3:amd64 (2:8.39-2.1) ...
Selecting previously unselected package libpcre3-dev:amd64.
Preparing to unpack .../080-libpcre3-dev_2%3a8.39-2.1_amd64.deb ...
Unpacking libpcre3-dev:amd64 (2:8.39-2.1) ...
Selecting previously unselected package pkg-config.
Preparing to unpack .../081-pkg-config_0.29-4_amd64.deb ...
Unpacking pkg-config (0.29-4) ...
Selecting previously unselected package zlib1g-dev:amd64.
Preparing to unpack .../082-zlib1g-dev_1%3a1.2.8.dfsg-5_amd64.deb ...
Unpacking zlib1g-dev:amd64 (1:1.2.8.dfsg-5) ...
Selecting previously unselected package libglib2.0-dev.
Preparing to unpack .../083-libglib2.0-dev_2.50.3-1_amd64.deb ...
Unpacking libglib2.0-dev (2.50.3-1) ...
Selecting previously unselected package libgstreamer1.0-dev.
Preparing to unpack .../084-libgstreamer1.0-dev_1.10.4-1_amd64.deb ...
Adding 'diversion of /usr/bin/dh_gstscancodecs to /usr/bin/dh_gstscancodecs-gst0.10 by libgstreamer1.0-dev'
Adding 'diversion of /usr/share/man/man1/dh_gstscancodecs.1.gz to /usr/share/man/man1/dh_gstscancodecs.1.gz-gst0.10 by libgstreamer1.0-dev'
Unpacking libgstreamer1.0-dev (1.10.4-1) ...
Selecting previously unselected package libicu-dev.
Preparing to unpack .../085-libicu-dev_57.1-5_amd64.deb ...
Unpacking libicu-dev (57.1-5) ...
Selecting previously unselected package libxml2-dev:amd64.
Preparing to unpack .../086-libxml2-dev_2.9.4+dfsg1-2.2_amd64.deb ...
Unpacking libxml2-dev:amd64 (2.9.4+dfsg1-2.2) ...
Selecting previously unselected package libgstreamer-plugins-base1.0-dev.
Preparing to unpack .../087-libgstreamer-plugins-base1.0-dev_1.10.4-1_amd64.deb ...
Unpacking libgstreamer-plugins-base1.0-dev (1.10.4-1) ...
Selecting previously unselected package libimport-into-perl.
Preparing to unpack .../088-libimport-into-perl_1.002005-1_all.deb ...
Unpacking libimport-into-perl (1.002005-1) ...
Selecting previously unselected package librole-tiny-perl.
Preparing to unpack .../089-librole-tiny-perl_2.000005-1_all.deb ...
Unpacking librole-tiny-perl (2.000005-1) ...
Selecting previously unselected package libstrictures-perl.
Preparing to unpack .../090-libstrictures-perl_2.000003-1_all.deb ...
Unpacking libstrictures-perl (2.000003-1) ...
Selecting previously unselected package libmoo-perl.
Preparing to unpack .../091-libmoo-perl_2.002005-1_all.deb ...
Unpacking libmoo-perl (2.002005-1) ...
Selecting previously unselected package libpackage-stash-perl.
Preparing to unpack .../092-libpackage-stash-perl_0.37-1_all.deb ...
Unpacking libpackage-stash-perl (0.37-1) ...
Selecting previously unselected package libsub-identify-perl.
Preparing to unpack .../093-libsub-identify-perl_0.12-2+b1_amd64.deb ...
Unpacking libsub-identify-perl (0.12-2+b1) ...
Selecting previously unselected package libsub-name-perl.
Preparing to unpack .../094-libsub-name-perl_0.21-1_amd64.deb ...
Unpacking libsub-name-perl (0.21-1) ...
Selecting previously unselected package libnamespace-clean-perl.
Preparing to unpack .../095-libnamespace-clean-perl_0.27-1_all.deb ...
Unpacking libnamespace-clean-perl (0.27-1) ...
Selecting previously unselected package libnumber-compare-perl.
Preparing to unpack .../096-libnumber-compare-perl_0.03-1_all.deb ...
Unpacking libnumber-compare-perl (0.03-1) ...
Selecting previously unselected package libnumber-range-perl.
Preparing to unpack .../097-libnumber-range-perl_0.12-1_all.deb ...
Unpacking libnumber-range-perl (0.12-1) ...
Selecting previously unselected package libtext-glob-perl.
Preparing to unpack .../098-libtext-glob-perl_0.10-1_all.deb ...
Unpacking libtext-glob-perl (0.10-1) ...
Selecting previously unselected package libpath-iterator-rule-perl.
Preparing to unpack .../099-libpath-iterator-rule-perl_1.009-1_all.deb ...
Unpacking libpath-iterator-rule-perl (1.009-1) ...
Selecting previously unselected package libpath-tiny-perl.
Preparing to unpack .../100-libpath-tiny-perl_0.100-1_all.deb ...
Unpacking libpath-tiny-perl (0.100-1) ...
Selecting previously unselected package libpod-constants-perl.
Preparing to unpack .../101-libpod-constants-perl_0.19-1_all.deb ...
Unpacking libpod-constants-perl (0.19-1) ...
Selecting previously unselected package libscalar-list-utils-perl.
Preparing to unpack .../102-libscalar-list-utils-perl_1%3a1.47-1_amd64.deb ...
Unpacking libscalar-list-utils-perl (1:1.47-1) ...
Selecting previously unselected package libsort-key-perl.
Preparing to unpack .../103-libsort-key-perl_1.33-1+b3_amd64.deb ...
Unpacking libsort-key-perl (1.33-1+b3) ...
Selecting previously unselected package libstring-copyright-perl.
Preparing to unpack .../104-libstring-copyright-perl_0.003005-1_all.deb ...
Unpacking libstring-copyright-perl (0.003005-1) ...
Selecting previously unselected package libstring-escape-perl.
Preparing to unpack .../105-libstring-escape-perl_2010.002-1_all.deb ...
Unpacking libstring-escape-perl (2010.002-1) ...
Selecting previously unselected package licensecheck.
Preparing to unpack .../106-licensecheck_3.0.29-1_all.deb ...
Unpacking licensecheck (3.0.29-1) ...
Selecting previously unselected package sbuild-build-depends-gst-plugins-espeak-dummy.
Preparing to unpack .../107-sbuild-build-depends-gst-plugins-espeak-dummy_0.invalid.0_amd64.deb ...
Unpacking sbuild-build-depends-gst-plugins-espeak-dummy (0.invalid.0) ...
Setting up cdbs (0.4.150) ...
Setting up libpath-tiny-perl (0.100-1) ...
Setting up libsub-install-perl (0.928-1) ...
Setting up readline-common (7.0-2) ...
Setting up libio-stringy-perl (2.111-2) ...
Setting up libsub-exporter-progressive-perl (0.001013-1) ...
Setting up libtry-tiny-perl (0.28-1) ...
Setting up libclass-method-modifiers-perl (2.12-1) ...
Setting up libasyncns0:amd64 (0.8-6) ...
Setting up libarchive-zip-perl (1.59-1) ...
Setting up mime-support (3.60) ...
Setting up iso-codes (3.74-1) ...
Setting up libvariable-magic-perl (0.61-1) ...
Setting up libtimedate-perl (2.3000-2) ...
Setting up libsigsegv2:amd64 (2.10-5) ...
Setting up librole-tiny-perl (2.000005-1) ...
Setting up libreadline7:amd64 (7.0-2) ...
Setting up libelf1:amd64 (0.168-0.2) ...
Setting up libstring-escape-perl (2010.002-1) ...
Setting up groff-base (1.22.3-9) ...
Setting up libglib2.0-0:amd64 (2.50.3-1) ...
No schema files found: doing nothing.
Setting up libasound2-data (1.1.3-5) ...
Setting up libcap2:amd64 (1:2.25-1) ...
Setting up libexporter-tiny-perl (0.042-1) ...
Setting up libnumber-range-perl (0.12-1) ...
Setting up gettext-base (0.19.8.1-2) ...
Setting up libpipeline1:amd64 (1.4.1-2) ...
Setting up m4 (1.4.18-1) ...
Setting up libsub-identify-perl (0.12-2+b1) ...
Setting up libicu57:amd64 (57.1-5) ...
Setting up libpod-constants-perl (0.19-1) ...
Setting up libgirepository-1.0-1:amd64 (1.50.0-1+b1) ...
Setting up libxml2:amd64 (2.9.4+dfsg1-2.2) ...
Setting up libsonic0:amd64 (0.2.0-4+b1) ...
Setting up libmagic-mgc (1:5.29-3) ...
Setting up libasound2:amd64 (1.1.3-5) ...
Setting up libmagic1:amd64 (1:5.29-3) ...
Setting up lsb-base (9.20161125) ...
Setting up libcroco3:amd64 (0.6.11-2) ...
Setting up libogg0:amd64 (1.3.2-1) ...
Setting up libtext-glob-perl (0.10-1) ...
Setting up pkg-config (0.29-4) ...
Setting up libstrictures-perl (2.000003-1) ...
Setting up libx11-xcb1:amd64 (2:1.6.4-3) ...
Setting up autoconf-archive (20160916-1) ...
Setting up gir1.2-glib-2.0:amd64 (1.50.0-1+b1) ...
Setting up libglib2.0-data (2.50.3-1) ...
Processing triggers for libc-bin (2.24-9) ...
Setting up autotools-dev (20161112.1) ...
Setting up libunistring0:amd64 (0.9.6+really0.9.3-0.1) ...
Setting up espeak-ng-data:amd64 (1.49.0+dfsg-7) ...
Setting up libscalar-list-utils-perl (1:1.47-1) ...
Setting up libstring-copyright-perl (0.003005-1) ...
Setting up libdevel-globaldestruction-perl (0.14-1) ...
Setting up libsqlite3-0:amd64 (3.16.2-3) ...
Setting up libpcrecpp0v5:amd64 (2:8.39-2.1) ...
Setting up libpcre32-3:amd64 (2:8.39-2.1) ...
Setting up libnumber-compare-perl (0.03-1) ...
Setting up icu-devtools (57.1-5) ...
Setting up liborc-0.4-0:amd64 (1:0.4.26-2) ...
Setting up libpcre16-3:amd64 (2:8.39-2.1) ...
Setting up libxdmcp6:amd64 (1:1.1.2-1.1) ...
Setting up bsdmainutils (9.0.12) ...
update-alternatives: using /usr/bin/bsd-write to provide /usr/bin/write (write) in auto mode
update-alternatives: using /usr/bin/bsd-from to provide /usr/bin/from (from) in auto mode
Setting up libparams-util-perl (1.07-3+b1) ...
Setting up libvorbis0a:amd64 (1.3.5-4) ...
Setting up x11-common (1:7.7+18) ...
update-rc.d: warning: start and stop actions are no longer supported; falling back to defaults
invoke-rc.d: could not determine current runlevel
All runlevel operations denied by policy
invoke-rc.d: policy-rc.d denied execution of start.
Setting up libsub-name-perl (0.21-1) ...
Setting up libglib2.0-bin (2.50.3-1) ...
Setting up libparams-classify-perl (0.013-6+b1) ...
Setting up libx11-data (2:1.6.4-3) ...
Setting up libxau6:amd64 (1:1.0.8-1) ...
Setting up autopoint (0.19.8.1-2) ...
Setting up libmpdec2:amd64 (2.4.2-1) ...
Setting up libdbus-1-3:amd64 (1.10.16-1) ...
Setting up libsort-key-perl (1.33-1+b3) ...
Setting up libwrap0:amd64 (7.6.q-26) ...
Setting up zlib1g-dev:amd64 (1:1.2.8.dfsg-5) ...
Setting up libfile-stripnondeterminism-perl (0.031-1) ...
Setting up libdata-optlist-perl (0.110-1) ...
Setting up libpcre3-dev:amd64 (2:8.39-2.1) ...
Setting up gettext (0.19.8.1-2) ...
Setting up libcap2-bin (1:2.25-1) ...
Setting up libmodule-runtime-perl (0.014-2) ...
Setting up libpython3.5-stdlib:amd64 (3.5.3-1) ...
Setting up libflac8:amd64 (1.3.2-1) ...
Setting up autoconf (2.69-10) ...
Setting up libpath-iterator-rule-perl (1.009-1) ...
Setting up libicu-dev (57.1-5) ...
Setting up file (1:5.29-3) ...
Setting up libxml2-dev:amd64 (2.9.4+dfsg1-2.2) ...
Setting up libsub-exporter-perl (0.986-1) ...
Setting up intltool-debian (0.35.0+20060710.4) ...
Setting up automake (1:1.15-6) ...
update-alternatives: using /usr/bin/automake-1.15 to provide /usr/bin/automake (automake) in auto mode
Setting up libice6:amd64 (2:1.0.9-1+b1) ...
Setting up man-db (2.7.6.1-2) ...
Not building database; man-db/auto-update is not 'true'.
Setting up libvorbisenc2:amd64 (1.3.5-4) ...
Setting up libxcb1:amd64 (1.12-1) ...
Setting up libtool (2.4.6-2) ...
Setting up python3.5 (3.5.3-1) ...
Setting up libpython3-stdlib:amd64 (3.5.3-1) ...
Setting up libsm6:amd64 (2:1.2.2-1+b1) ...
Setting up libimport-into-perl (1.002005-1) ...
Setting up libgstreamer1.0-0:amd64 (1.10.4-1) ...
Setcap worked! gst-ptp-helper is not suid!
Setting up libmodule-implementation-perl (0.09-1) ...
Setting up po-debconf (1.0.20) ...
Setting up libx11-6:amd64 (2:1.6.4-3) ...
Setting up libparams-validate-perl (1.26-1) ...
Setting up libsndfile1:amd64 (1.0.27-1+b1) ...
Setting up libmoo-perl (2.002005-1) ...
Setting up libb-hooks-endofscope-perl (0.21-1) ...
Setting up gir1.2-gstreamer-1.0 (1.10.4-1) ...
Setting up libpackage-stash-perl (0.37-1) ...
Setting up libgstreamer-plugins-base1.0-0:amd64 (1.10.4-1) ...
Setting up libgetopt-long-descriptive-perl (0.100-1) ...
Setting up libxext6:amd64 (2:1.3.3-1) ...
Setting up gir1.2-gst-plugins-base-1.0 (1.10.4-1) ...
Setting up libnamespace-clean-perl (0.27-1) ...
Setting up libxi6:amd64 (2:1.7.9-1) ...
Setting up licensecheck (3.0.29-1) ...
Setting up libxtst6:amd64 (2:1.2.3-1) ...
Setting up libpulse0:amd64 (10.0-1) ...
Setting up libpcaudio0 (1.0-1) ...
Setting up libespeak-ng1:amd64 (1.49.0+dfsg-7) ...
Setting up libespeak-ng-dev:amd64 (1.49.0+dfsg-7) ...
Setting up libespeak-ng-libespeak-dev:amd64 (1.49.0+dfsg-7) ...
Setting up dh-autoreconf (13) ...
Setting up python3 (3.5.3-1) ...
Setting up libglib2.0-dev (2.50.3-1) ...
Setting up dh-strip-nondeterminism (0.031-1) ...
Setting up dh-python (2.20170125) ...
Setting up libgstreamer1.0-dev (1.10.4-1) ...
Setting up debhelper (10.2.5) ...
Setting up libgstreamer-plugins-base1.0-dev (1.10.4-1) ...
Setting up dh-buildinfo (0.11+nmu1) ...
Setting up sbuild-build-depends-gst-plugins-espeak-dummy (0.invalid.0) ...
Processing triggers for libc-bin (2.24-9) ...
W: No sandbox user '_apt' on the system, can not drop privileges

+------------------------------------------------------------------------------+
| Build environment                                                            |
+------------------------------------------------------------------------------+

Kernel: Linux 3.16.0-4-amd64 amd64 (x86_64)
Toolchain package versions: binutils_2.27.90.20170221-1 dpkg-dev_1.18.22 g++-6_6.3.0-8 gcc-6_6.3.0-8 libc6-dev_2.24-9 libstdc++-6-dev_6.3.0-8 libstdc++6_6.3.0-8 linux-libc-dev_4.9.13-1
Package versions: adduser_3.115 apt_1.4~rc2 autoconf_2.69-10 autoconf-archive_20160916-1 automake_1:1.15-6 autopoint_0.19.8.1-2 autotools-dev_20161112.1 base-files_9.8 base-passwd_3.5.43 bash_4.4-4 binutils_2.27.90.20170221-1 bsdmainutils_9.0.12 bsdutils_1:2.29.1-1 build-essential_12.3 bzip2_1.0.6-8.1 cdbs_0.4.150 clang-4.0_1:4.0~+rc2-1 coreutils_8.26-3 cpp_4:6.3.0-1 cpp-6_6.3.0-8 dash_0.5.8-2.4 debconf_1.5.60 debfoster_2.7-2.1 debhelper_10.2.5 debian-archive-keyring_2014.3 debianutils_4.8.1 dh-autoreconf_13 dh-buildinfo_0.11+nmu1 dh-python_2.20170125 dh-strip-nondeterminism_0.031-1 diffutils_1:3.5-3 dpkg_1.18.22 dpkg-dev_1.18.22 e2fslibs_1.43.4-2 e2fsprogs_1.43.4-2 eatmydata_105-5 espeak-ng-data_1.49.0+dfsg-7 fakeroot_1.21-3.1 file_1:5.29-3 findutils_4.6.0+git+20161106-2 g++_4:6.3.0-1 g++-6_6.3.0-8 gcc_4:6.3.0-1 gcc-6_6.3.0-8 gcc-6-base_6.3.0-8 gettext_0.19.8.1-2 gettext-base_0.19.8.1-2 gir1.2-glib-2.0_1.50.0-1+b1 gir1.2-gst-plugins-base-1.0_1.10.4-1 gir1.2-gstreamer-1.0_1.10.4-1 gpgv_2.1.18-6 grep_2.27-2 groff-base_1.22.3-9 gzip_1.6-5 hostname_3.18 icu-devtools_57.1-5 init-system-helpers_1.47 intltool-debian_0.35.0+20060710.4 iso-codes_3.74-1 libacl1_2.2.52-3+b1 libapt-pkg5.0_1.4~rc2 libarchive-zip-perl_1.59-1 libasan3_6.3.0-8 libasound2_1.1.3-5 libasound2-data_1.1.3-5 libasyncns0_0.8-6 libatomic1_6.3.0-8 libattr1_1:2.4.47-2+b2 libaudit-common_1:2.6.7-1 libaudit1_1:2.6.7-1 libb-hooks-endofscope-perl_0.21-1 libblkid1_2.29.1-1 libbsd0_0.8.3-1 libbz2-1.0_1.0.6-8.1 libc-bin_2.24-9 libc-dev-bin_2.24-9 libc6_2.24-9 libc6-dev_2.24-9 libcap-ng0_0.7.7-3+b1 libcap2_1:2.25-1 libcap2-bin_1:2.25-1 libcc1-0_6.3.0-8 libcilkrts5_6.3.0-8 libclang-common-4.0-dev_1:4.0~+rc2-1 libclang1-4.0_1:4.0~+rc2-1 libclass-method-modifiers-perl_2.12-1 libcomerr2_1.43.4-2 libcroco3_0.6.11-2 libdata-optlist-perl_0.110-1 libdb5.3_5.3.28-12+b1 libdbus-1-3_1.10.16-1 libdebconfclient0_0.224 libdevel-globaldestruction-perl_0.14-1 libdpkg-perl_1.18.22 libeatmydata1_105-5 libedit2_3.1-20160903-3 libelf1_0.168-0.2 libespeak-ng-dev_1.49.0+dfsg-7 libespeak-ng-libespeak-dev_1.49.0+dfsg-7 libespeak-ng1_1.49.0+dfsg-7 libexpat1_2.2.0-2 libexporter-tiny-perl_0.042-1 libfakeroot_1.21-3.1 libfdisk1_2.29.1-1 libffi6_3.2.1-6 libfile-stripnondeterminism-perl_0.031-1 libflac8_1.3.2-1 libgc1c2_1:7.4.2-8 libgcc-6-dev_6.3.0-8 libgcc1_1:6.3.0-8 libgcrypt20_1.7.6-1 libgdbm3_1.8.3-14 libgetopt-long-descriptive-perl_0.100-1 libgirepository-1.0-1_1.50.0-1+b1 libglib2.0-0_2.50.3-1 libglib2.0-bin_2.50.3-1 libglib2.0-data_2.50.3-1 libglib2.0-dev_2.50.3-1 libgmp10_2:6.1.2+dfsg-1 libgomp1_6.3.0-8 libgpg-error0_1.26-2 libgstreamer-plugins-base1.0-0_1.10.4-1 libgstreamer-plugins-base1.0-dev_1.10.4-1 libgstreamer1.0-0_1.10.4-1 libgstreamer1.0-dev_1.10.4-1 libice6_2:1.0.9-1+b1 libicu-dev_57.1-5 libicu57_57.1-5 libimport-into-perl_1.002005-1 libio-stringy-perl_2.111-2 libisl15_0.18-1 libitm1_6.3.0-8 libjsoncpp1_1.7.4-3 libllvm4.0_1:4.0~+rc2-1 liblsan0_6.3.0-8 liblz4-1_0.0~r131-2+b1 liblzma5_5.2.2-1.2+b1 libmagic-mgc_1:5.29-3 libmagic1_1:5.29-3 libmodule-implementation-perl_0.09-1 libmodule-runtime-perl_0.014-2 libmoo-perl_2.002005-1 libmount1_2.29.1-1 libmpc3_1.0.3-1 libmpdec2_2.4.2-1 libmpfr4_3.1.5-1 libmpx2_6.3.0-8 libnamespace-clean-perl_0.27-1 libncurses5_6.0+20161126-1 libncursesw5_6.0+20161126-1 libnumber-compare-perl_0.03-1 libnumber-range-perl_0.12-1 libobjc-6-dev_6.3.0-8 libobjc4_6.3.0-8 libogg0_1.3.2-1 liborc-0.4-0_1:0.4.26-2 libpackage-stash-perl_0.37-1 libpam-modules_1.1.8-3.5 libpam-modules-bin_1.1.8-3.5 libpam-runtime_1.1.8-3.5 libpam0g_1.1.8-3.5 libparams-classify-perl_0.013-6+b1 libparams-util-perl_1.07-3+b1 libparams-validate-perl_1.26-1 libpath-iterator-rule-perl_1.009-1 libpath-tiny-perl_0.100-1 libpcaudio0_1.0-1 libpcre16-3_2:8.39-2.1 libpcre3_2:8.39-2.1 libpcre3-dev_2:8.39-2.1 libpcre32-3_2:8.39-2.1 libpcrecpp0v5_2:8.39-2.1 libperl5.24_5.24.1-1 libpipeline1_1.4.1-2 libpod-constants-perl_0.19-1 libpulse0_10.0-1 libpython3-stdlib_3.5.3-1 libpython3.5-minimal_3.5.3-1 libpython3.5-stdlib_3.5.3-1 libquadmath0_6.3.0-8 libreadline7_7.0-2 librole-tiny-perl_2.000005-1 libscalar-list-utils-perl_1:1.47-1 libselinux1_2.6-3 libsemanage-common_2.6-2 libsemanage1_2.6-2 libsepol1_2.6-2 libsigsegv2_2.10-5 libsm6_2:1.2.2-1+b1 libsmartcols1_2.29.1-1 libsndfile1_1.0.27-1+b1 libsonic0_0.2.0-4+b1 libsort-key-perl_1.33-1+b3 libsqlite3-0_3.16.2-3 libss2_1.43.4-2 libssl1.1_1.1.0e-1 libstdc++-6-dev_6.3.0-8 libstdc++6_6.3.0-8 libstrictures-perl_2.000003-1 libstring-copyright-perl_0.003005-1 libstring-escape-perl_2010.002-1 libsub-exporter-perl_0.986-1 libsub-exporter-progressive-perl_0.001013-1 libsub-identify-perl_0.12-2+b1 libsub-install-perl_0.928-1 libsub-name-perl_0.21-1 libsystemd0_232-18 libtext-glob-perl_0.10-1 libtimedate-perl_2.3000-2 libtinfo5_6.0+20161126-1 libtool_2.4.6-2 libtry-tiny-perl_0.28-1 libtsan0_6.3.0-8 libubsan0_6.3.0-8 libudev1_232-18 libunistring0_0.9.6+really0.9.3-0.1 libustr-1.0-1_1.0.4-6 libuuid1_2.29.1-1 libvariable-magic-perl_0.61-1 libvorbis0a_1.3.5-4 libvorbisenc2_1.3.5-4 libwrap0_7.6.q-26 libx11-6_2:1.6.4-3 libx11-data_2:1.6.4-3 libx11-xcb1_2:1.6.4-3 libxau6_1:1.0.8-1 libxcb1_1.12-1 libxdmcp6_1:1.1.2-1.1 libxext6_2:1.3.3-1 libxi6_2:1.7.9-1 libxml2_2.9.4+dfsg1-2.2 libxml2-dev_2.9.4+dfsg1-2.2 libxtst6_2:1.2.3-1 licensecheck_3.0.29-1 linux-libc-dev_4.9.13-1 login_1:4.4-4 lsb-base_9.20161125 m4_1.4.18-1 make_4.1-9.1 man-db_2.7.6.1-2 mawk_1.3.3-17 mime-support_3.60 mount_2.29.1-1 multiarch-support_2.24-9 ncurses-base_6.0+20161126-1 ncurses-bin_6.0+20161126-1 passwd_1:4.4-4 patch_2.7.5-1 perl_5.24.1-1 perl-base_5.24.1-1 perl-modules-5.24_5.24.1-1 pkg-config_0.29-4 po-debconf_1.0.20 python3_3.5.3-1 python3-minimal_3.5.3-1 python3.5_3.5.3-1 python3.5-minimal_3.5.3-1 readline-common_7.0-2 sbuild-build-depends-core-dummy_0.invalid.0 sbuild-build-depends-gst-plugins-espeak-dummy_0.invalid.0 sed_4.4-1 sensible-utils_0.0.9 sysvinit-utils_2.88dsf-59.9 tar_1.29b-1.1 util-linux_2.29.1-1 x11-common_1:7.7+18 xz-utils_5.2.2-1.2+b1 zlib1g_1:1.2.8.dfsg-5 zlib1g-dev_1:1.2.8.dfsg-5

+------------------------------------------------------------------------------+
| Build                                                                        |
+------------------------------------------------------------------------------+


Unpack source
-------------

gpgv: unknown type of key resource 'trustedkeys.kbx'
gpgv: keyblock resource '/sbuild-nonexistent/.gnupg/trustedkeys.kbx': General error
gpgv: Signature made Tue Dec 13 23:26:35 2016 UTC
gpgv:                using RSA key 2C7C3146C1A00121
gpgv: Can't check signature: No public key
dpkg-source: warning: failed to verify signature on ./gst-plugins-espeak_0.4.0-2.dsc
dpkg-source: info: extracting gst-plugins-espeak in /<<PKGBUILDDIR>>
dpkg-source: info: unpacking gst-plugins-espeak_0.4.0.orig.tar.gz
dpkg-source: info: unpacking gst-plugins-espeak_0.4.0-2.debian.tar.xz

Check disk space
----------------

Sufficient free space for build

User Environment
----------------

APT_CONFIG=/var/lib/sbuild/apt.conf
HOME=/sbuild-nonexistent
LC_ALL=POSIX
LOGNAME=user42
PATH=/usr/local/sbin:/usr/local/bin:/usr/sbin:/usr/bin:/sbin:/bin:/usr/games
SCHROOT_ALIAS_NAME=unstable-amd64-sbuild
SCHROOT_CHROOT_NAME=unstable-amd64-sbuild
SCHROOT_COMMAND=env
SCHROOT_GID=1001
SCHROOT_GROUP=user42
SCHROOT_SESSION_ID=unstable-amd64-sbuild-e5a87caf-2b8b-4910-a9e4-0a4182df6c9b
SCHROOT_UID=1001
SCHROOT_USER=user42
SHELL=/bin/sh
USER=user42

dpkg-buildpackage
-----------------

dpkg-buildpackage: info: source package gst-plugins-espeak
dpkg-buildpackage: info: source version 0.4.0-2
dpkg-buildpackage: info: source distribution unstable
dpkg-buildpackage: info: source changed by Jonas Smedegaard <dr@jones.dk>
 dpkg-source --before-build gst-plugins-espeak-0.4.0
dpkg-buildpackage: info: host architecture amd64
 fakeroot debian/rules clean
test -x debian/rules
rm -f debian/stamp-makefile-build debian/stamp-makefile-install
/usr/bin/make -C . -k distclean
make[1]: Entering directory '/<<PKGBUILDDIR>>'
make[1]: *** No rule to make target 'distclean'.
make[1]: Leaving directory '/<<PKGBUILDDIR>>'
/usr/share/cdbs/1/class/makefile.mk:91: recipe for target 'makefile-clean' failed
make: [makefile-clean] Error 2 (ignored)
rm -f debian/stamp-autotools
rmdir --ignore-fail-on-non-empty .
rmdir: failed to remove '.': Invalid argument
/usr/share/cdbs/1/class/autotools.mk:64: recipe for target 'makefile-clean' failed
make: [makefile-clean] Error 1 (ignored)
set -e;    
if test -e debian/autoreconf.before; then \
	dh_autoreconf_clean ; \
fi
rm -f debian/copyright_newhints
rm -f debian/cdbs-install-list debian/cdbs-package-list debian/stamp-copyright-check
rm -rf "debian/upstream-cruft"
rm -f debian/stamp-upstream-cruft
rm -f debian/stamp-autotools-files
dh_clean 
 debian/rules build-arch
test -x debian/rules
mkdir -p "."

Scanning upstream source for new/changed copyright notices...

set -e; LC_ALL=C.UTF-8 /usr/bin/licensecheck --check '.*' --recursive --copyright --deb-fmt --ignore '^(debian/(changelog|copyright(|_hints|_newhints)))$' --lines 0 * | /usr/lib/cdbs/licensecheck2dep5 > debian/copyright_newhints
14 combinations of copyright and licensing found.
WARNING: 			New or changed notices discovered:

Files: configure
Copyright: 1992-1996, 1998-2012, Free Software Foundation, 
  1996-2001, 2003-2011, Free Software
  2012, Free Software Foundation, Inc.
License: FSFUL and/or GPL-2+
 FIXME

To fix the situation please do the following:
  1) Examine debian/copyright_* and referenced files
  2) Update debian/copyright as needed
  3) Replace debian/copyright_hints with debian/copyright_newhints
touch debian/stamp-copyright-check
touch debian/stamp-upstream-cruft
set -e;   mv ./config.guess ./config.guess.cdbs-orig; cp --remove-destination /usr/share/misc/config.guess ./config.guess;
set -e;   mv ./config.sub ./config.sub.cdbs-orig; cp --remove-destination /usr/share/misc/config.sub ./config.sub;
dh_autoreconf 
libtoolize: putting auxiliary files in '.'.
libtoolize: copying file './ltmain.sh'
libtoolize: putting macros in AC_CONFIG_MACRO_DIRS, 'm4'.
libtoolize: copying file 'm4/libtool.m4'
libtoolize: copying file 'm4/ltoptions.m4'
libtoolize: copying file 'm4/ltsugar.m4'
libtoolize: copying file 'm4/ltversion.m4'
libtoolize: copying file 'm4/lt~obsolete.m4'
libtoolize: Consider adding '-I m4' to ACLOCAL_AMFLAGS in Makefile.am.
configure.ac:10: installing './compile'
configure.ac:4: installing './missing'
src/Makefile.am: installing './depcomp'
touch debian/stamp-autotools-files
chmod a+x /<<PKGBUILDDIR>>/./configure
mkdir -p .
cd . && CFLAGS="-g -O2 -fdebug-prefix-map=/<<PKGBUILDDIR>>=. -fstack-protector-strong -Wformat -Werror=format-security" CXXFLAGS="-g -O2 -fdebug-prefix-map=/<<PKGBUILDDIR>>=. -fstack-protector-strong -Wformat -Werror=format-security" CPPFLAGS="-Wdate-time -D_FORTIFY_SOURCE=2" LDFLAGS="-Wl,-z,relro -Wl,-O1 -Wl,-z,defs -Wl,--as-needed" /<<PKGBUILDDIR>>/./configure --build=x86_64-linux-gnu --prefix=/usr --includedir="\${prefix}/include" --mandir="\${prefix}/share/man" --infodir="\${prefix}/share/info" --sysconfdir=/etc --localstatedir=/var --libexecdir="\${prefix}/lib/gst-plugins-espeak" --srcdir=. --disable-maintainer-mode --disable-dependency-tracking --disable-silent-rules --libdir=\${prefix}/lib/x86_64-linux-gnu
checking for a BSD-compatible install... /usr/bin/install -c
checking whether build environment is sane... yes
checking for a thread-safe mkdir -p... /bin/mkdir -p
checking for gawk... no
checking for mawk... mawk
checking whether make sets $(MAKE)... yes
checking whether make supports nested variables... yes
checking whether to enable maintainer-specific portions of Makefiles... no
checking whether make supports nested variables... (cached) yes
checking for gcc... gcc
checking whether the C compiler works... yes
checking for C compiler default output file name... a.out
checking for suffix of executables... 
checking whether we are cross compiling... no
checking for suffix of object files... o
checking whether we are using the GNU C compiler... yes
checking whether gcc accepts -g... yes
checking for gcc option to accept ISO C89... none needed
checking whether gcc understands -c and -o together... yes
checking for style of include used by make... GNU
checking dependency style of gcc... none
checking build system type... x86_64-pc-linux-gnu
checking host system type... x86_64-pc-linux-gnu
checking how to print strings... printf
checking for a sed that does not truncate output... /bin/sed
checking for grep that handles long lines and -e... /bin/grep
checking for egrep... /bin/grep -E
checking for fgrep... /bin/grep -F
checking for ld used by gcc... /usr/bin/ld
checking if the linker (/usr/bin/ld) is GNU ld... yes
checking for BSD- or MS-compatible name lister (nm)... /usr/bin/nm -B
checking the name lister (/usr/bin/nm -B) interface... BSD nm
checking whether ln -s works... yes
checking the maximum length of command line arguments... 1572864
checking how to convert x86_64-pc-linux-gnu file names to x86_64-pc-linux-gnu format... func_convert_file_noop
checking how to convert x86_64-pc-linux-gnu file names to toolchain format... func_convert_file_noop
checking for /usr/bin/ld option to reload object files... -r
checking for objdump... objdump
checking how to recognize dependent libraries... pass_all
checking for dlltool... no
checking how to associate runtime and link libraries... printf %s\n
checking for ar... ar
checking for archiver @FILE support... @
checking for strip... strip
checking for ranlib... ranlib
checking command to parse /usr/bin/nm -B output from gcc object... ok
checking for sysroot... no
checking for a working dd... /bin/dd
checking how to truncate binary pipes... /bin/dd bs=4096 count=1
checking for mt... no
checking if : is a manifest tool... no
checking how to run the C preprocessor... gcc -E
checking for ANSI C header files... yes
checking for sys/types.h... yes
checking for sys/stat.h... yes
checking for stdlib.h... yes
checking for string.h... yes
checking for memory.h... yes
checking for strings.h... yes
checking for inttypes.h... yes
checking for stdint.h... yes
checking for unistd.h... yes
checking for dlfcn.h... yes
checking for objdir... .libs
checking if gcc supports -fno-rtti -fno-exceptions... yes
checking for gcc option to produce PIC... -fPIC -DPIC
checking if gcc PIC flag -fPIC -DPIC works... yes
checking if gcc static flag -static works... yes
checking if gcc supports -c -o file.o... yes
checking if gcc supports -c -o file.o... (cached) yes
checking whether the gcc linker (/usr/bin/ld -m elf_x86_64) supports shared libraries... yes
checking whether -lc should be explicitly linked in... no
checking dynamic linker characteristics... GNU/Linux ld.so
checking how to hardcode library paths into programs... immediate
checking whether stripping libraries is possible... yes
checking if libtool supports shared libraries... yes
checking whether to build shared libraries... yes
checking whether to build static libraries... yes
checking for pkg-config... /usr/bin/pkg-config
checking pkg-config is at least version 0.9.0... yes
checking for GST... yes
checking for GST_AUDIO... yes
checking for espeak_Initialize in -lespeak... yes
checking that generated files are newer than configure... done
configure: creating ./config.status
config.status: creating Makefile
config.status: creating m4/Makefile
config.status: creating src/Makefile
config.status: creating config.h
config.status: executing depfiles commands
config.status: executing libtool commands
touch debian/stamp-autotools
/usr/bin/make -C . 
make[1]: Entering directory '/<<PKGBUILDDIR>>'
/usr/bin/make  all-recursive
make[2]: Entering directory '/<<PKGBUILDDIR>>'
Making all in m4
make[3]: Entering directory '/<<PKGBUILDDIR>>/m4'
make[3]: Nothing to be done for 'all'.
make[3]: Leaving directory '/<<PKGBUILDDIR>>/m4'
Making all in src
make[3]: Entering directory '/<<PKGBUILDDIR>>/src'
/bin/bash ../libtool  --tag=CC --tag=disable-static  --mode=compile gcc -DHAVE_CONFIG_H -I. -I..   -Wdate-time -D_FORTIFY_SOURCE=2 -pthread -I/usr/include/gstreamer-1.0 -I/usr/include/glib-2.0 -I/usr/lib/x86_64-linux-gnu/glib-2.0/include -pthread -I/usr/include/gstreamer-1.0 -I/usr/include/glib-2.0 -I/usr/lib/x86_64-linux-gnu/glib-2.0/include  -g -O2 -fdebug-prefix-map=/<<PKGBUILDDIR>>=. -fstack-protector-strong -Wformat -Werror=format-security -c -o libgstespeak_la-espeak.lo `test -f 'espeak.c' || echo './'`espeak.c
libtool: compile:  gcc -DHAVE_CONFIG_H -I. -I.. -Wdate-time -D_FORTIFY_SOURCE=2 -pthread -I/usr/include/gstreamer-1.0 -I/usr/include/glib-2.0 -I/usr/lib/x86_64-linux-gnu/glib-2.0/include -pthread -I/usr/include/gstreamer-1.0 -I/usr/include/glib-2.0 -I/usr/lib/x86_64-linux-gnu/glib-2.0/include -g -O2 -fdebug-prefix-map=/<<PKGBUILDDIR>>=. -fstack-protector-strong -Wformat -Werror=format-security -c espeak.c  -fPIC -DPIC -o .libs/libgstespeak_la-espeak.o
espeak.c:203:59: error: function definition is not allowed here
    inline gsize whole (Espin * spin, gsize size_to_play) {
                                                          ^
espeak.c:214:77: error: function definition is not allowed here
    inline gsize events (Econtext * self, Espin * spin, gsize size_to_play) {
                                                                            ^
espeak.c:252:24: warning: implicit declaration of function 'events' is invalid in C99 [-Wimplicit-function-declaration]
        size_to_play = events (self, spin, size_to_play);
                       ^
espeak.c:255:24: warning: implicit declaration of function 'whole' is invalid in C99 [-Wimplicit-function-declaration]
        size_to_play = whole (spin, size_to_play);
                       ^
espeak.c:287:46: warning: format specifies type 'int' but the argument has type 'gsize' (aka 'unsigned long') [-Wformat]
    GST_DEBUG ("[%p] size_to_play=%d", self, size_to_play);
                                  ~~         ^~~~~~~~~~~~
                                  %lu
/usr/include/gstreamer-1.0/gst/gstinfo.h:887:87: note: expanded from macro 'GST_DEBUG'
#define GST_DEBUG(...)                  GST_CAT_LEVEL_LOG (GST_CAT_DEFAULT, GST_LEVEL_DEBUG,   NULL, __VA_ARGS__)
                                                                                                     ^~~~~~~~~~~
/usr/include/gstreamer-1.0/gst/gstinfo.h:559:31: note: expanded from macro 'GST_CAT_LEVEL_LOG'
        (GObject *) (object), __VA_ARGS__);                             \
                              ^~~~~~~~~~~
espeak.c:445:12: warning: 'g_value_array_copy' is deprecated [-Wdeprecated-declarations]
    return g_value_array_copy (espeak_voices);
           ^
/usr/include/glib-2.0/gobject/gvaluearray.h:73:14: note: 'g_value_array_copy' has been explicitly marked deprecated here
GValueArray*    g_value_array_copy           (const GValueArray *value_array);
                ^
espeak.c:501:30: warning: format specifies type 'int' but the argument has type 'gsize' (aka 'unsigned long') [-Wformat]
                    context, context->text_offset, context->text_len);
                             ^~~~~~~~~~~~~~~~~~~~
/usr/include/gstreamer-1.0/gst/gstinfo.h:887:87: note: expanded from macro 'GST_DEBUG'
#define GST_DEBUG(...)                  GST_CAT_LEVEL_LOG (GST_CAT_DEFAULT, GST_LEVEL_DEBUG,   NULL, __VA_ARGS__)
                                                                                                     ^~~~~~~~~~~
/usr/include/gstreamer-1.0/gst/gstinfo.h:559:31: note: expanded from macro 'GST_CAT_LEVEL_LOG'
        (GObject *) (object), __VA_ARGS__);                             \
                              ^~~~~~~~~~~
espeak.c:501:52: warning: format specifies type 'int' but the argument has type 'gsize' (aka 'unsigned long') [-Wformat]
                    context, context->text_offset, context->text_len);
                                                   ^~~~~~~~~~~~~~~~~
/usr/include/gstreamer-1.0/gst/gstinfo.h:887:87: note: expanded from macro 'GST_DEBUG'
#define GST_DEBUG(...)                  GST_CAT_LEVEL_LOG (GST_CAT_DEFAULT, GST_LEVEL_DEBUG,   NULL, __VA_ARGS__)
                                                                                                     ^~~~~~~~~~~
/usr/include/gstreamer-1.0/gst/gstinfo.h:559:31: note: expanded from macro 'GST_CAT_LEVEL_LOG'
        (GObject *) (object), __VA_ARGS__);                             \
                              ^~~~~~~~~~~
espeak.c:566:24: warning: 'g_mutex_new' is deprecated [-Wdeprecated-declarations]
        process_lock = g_mutex_new ();
                       ^
/usr/include/glib-2.0/glib/deprecated/gthread.h:277:17: note: 'g_mutex_new' has been explicitly marked deprecated here
GMutex *        g_mutex_new             (void);
                ^
espeak.c:567:24: warning: 'g_cond_new' is deprecated [-Wdeprecated-declarations]
        process_cond = g_cond_new ();
                       ^
/usr/include/glib-2.0/glib/deprecated/gthread.h:281:17: note: 'g_cond_new' has been explicitly marked deprecated here
GCond *         g_cond_new              (void);
                ^
espeak.c:568:23: warning: 'g_thread_create' is deprecated [-Wdeprecated-declarations]
        process_tid = g_thread_create (process, NULL, FALSE, NULL);
                      ^
/usr/include/glib-2.0/glib/deprecated/gthread.h:104:10: note: 'g_thread_create' has been explicitly marked deprecated here
GThread *g_thread_create       (GThreadFunc       func,
         ^
espeak.c:583:25: warning: 'g_value_array_new' is deprecated [-Wdeprecated-declarations]
        espeak_voices = g_value_array_new (count);
                        ^
/usr/include/glib-2.0/gobject/gvaluearray.h:67:14: note: 'g_value_array_new' has been explicitly marked deprecated here
GValueArray*    g_value_array_new            (guint              n_prealloced);
                ^
espeak.c:586:34: warning: 'g_value_array_new' is deprecated [-Wdeprecated-declarations]
            GValueArray *voice = g_value_array_new (2);
                                 ^
/usr/include/glib-2.0/gobject/gvaluearray.h:67:14: note: 'g_value_array_new' has been explicitly marked deprecated here
GValueArray*    g_value_array_new            (guint              n_prealloced);
                ^
espeak.c:591:13: warning: 'g_value_array_append' is deprecated [-Wdeprecated-declarations]
            g_value_array_append (voice, &name);
            ^
/usr/include/glib-2.0/gobject/gvaluearray.h:80:14: note: 'g_value_array_append' has been explicitly marked deprecated here
GValueArray*    g_value_array_append         (GValueArray       *value_array,
                ^
espeak.c:600:13: warning: 'g_value_array_append' is deprecated [-Wdeprecated-declarations]
            g_value_array_append (voice, &lang);
            ^
/usr/include/glib-2.0/gobject/gvaluearray.h:80:14: note: 'g_value_array_append' has been explicitly marked deprecated here
GValueArray*    g_value_array_append         (GValueArray       *value_array,
                ^
espeak.c:606:13: warning: 'g_value_array_append' is deprecated [-Wdeprecated-declarations]
            g_value_array_append (voice, &dialect);
            ^
/usr/include/glib-2.0/gobject/gvaluearray.h:80:14: note: 'g_value_array_append' has been explicitly marked deprecated here
GValueArray*    g_value_array_append         (GValueArray       *value_array,
                ^
espeak.c:609:41: warning: 'g_value_array_get_type' is deprecated [-Wdeprecated-declarations]
            g_value_init (&voice_value, G_TYPE_VALUE_ARRAY);
                                        ^
/usr/include/glib-2.0/gobject/gvaluearray.h:38:29: note: expanded from macro 'G_TYPE_VALUE_ARRAY'
#define G_TYPE_VALUE_ARRAY (g_value_array_get_type ())
                            ^
/usr/include/glib-2.0/gobject/gvaluearray.h:60:17: note: 'g_value_array_get_type' has been explicitly marked deprecated here
GType           g_value_array_get_type       (void) G_GNUC_CONST;
                ^
espeak.c:611:13: warning: 'g_value_array_append' is deprecated [-Wdeprecated-declarations]
            g_value_array_append (espeak_voices, &voice_value);
            ^
/usr/include/glib-2.0/gobject/gvaluearray.h:80:14: note: 'g_value_array_append' has been explicitly marked deprecated here
GValueArray*    g_value_array_append         (GValueArray       *value_array,
                ^
16 warnings and 2 errors generated.
Makefile:457: recipe for target 'libgstespeak_la-espeak.lo' failed
make[3]: *** [libgstespeak_la-espeak.lo] Error 1
make[3]: Leaving directory '/<<PKGBUILDDIR>>/src'
Makefile:407: recipe for target 'all-recursive' failed
make[2]: *** [all-recursive] Error 1
make[2]: Leaving directory '/<<PKGBUILDDIR>>'
Makefile:339: recipe for target 'all' failed
make[1]: *** [all] Error 2
make[1]: Leaving directory '/<<PKGBUILDDIR>>'
/usr/share/cdbs/1/class/makefile.mk:77: recipe for target 'debian/stamp-makefile-build' failed
make: *** [debian/stamp-makefile-build] Error 2
dpkg-buildpackage: error: debian/rules build-arch gave error exit status 2
--------------------------------------------------------------------------------
Build finished at 2017-03-01T06:18:43Z

Finished
--------


+------------------------------------------------------------------------------+
| Cleanup                                                                      |
+------------------------------------------------------------------------------+

Purging /<<BUILDDIR>>
Not cleaning session: cloned chroot in use
E: Build failure (dpkg-buildpackage died)

+------------------------------------------------------------------------------+
| Summary                                                                      |
+------------------------------------------------------------------------------+

Build Architecture: amd64
Build-Space: 3736
Build-Time: 16
Distribution: unstable
Fail-Stage: build
Host Architecture: amd64
Install-Time: 13
Job: gst-plugins-espeak_0.4.0-2
Machine Architecture: amd64
Package: gst-plugins-espeak
Package-Time: 46
Source-Version: 0.4.0-2
Space: 3736
Status: attempted
Version: 0.4.0-2
--------------------------------------------------------------------------------
Finished at 2017-03-01T06:18:43Z
Build needed 00:00:46, 3736k disk space
E: Build failure (dpkg-buildpackage died)
DC-Status: Failed 47.265075643s
