DC-Build-Header: libdbi-drivers 0.9.0-5 / 2017-03-01 05:29:33 +0000
DC-Task: type:rebuild-binarch-only source:libdbi-drivers version:0.9.0-5 chroot:unstable esttime:607 logfile:/tmp/libdbi-drivers_0.9.0-5_unstable_clang4.0.log modes:clang:binarch-only
DC-Sbuild-call: su user42 -c 'sbuild -n --arch-any --apt-update -d unstable -v  --chroot-setup-commands=/tmp/clang libdbi-drivers_0.9.0-5'
sbuild (Debian sbuild) 0.72.0 (25 Oct 2016) on ip-172-31-15-16.eu-central-1.compute.internal

+==============================================================================+
| libdbi-drivers 0.9.0-5 (amd64)               Wed, 01 Mar 2017 05:29:33 +0000 |
+==============================================================================+

Package: libdbi-drivers
Version: 0.9.0-5
Source Version: 0.9.0-5
Distribution: unstable
Machine Architecture: amd64
Host Architecture: amd64
Build Architecture: amd64

I: NOTICE: Log filtering will replace 'var/lib/schroot/mount/unstable-amd64-sbuild-daa0f2d3-c8a9-4ed7-956c-a020b30bbbd4' with '<<CHROOT>>'

+------------------------------------------------------------------------------+
| Chroot Setup Commands                                                        |
+------------------------------------------------------------------------------+


/tmp/clang
----------

+ echo 'Entering customization script...'
Entering customization script...
+ CLANG_VERSION=4.0
+ echo 'Install of clang-4.0'
Install of clang-4.0
+ apt-get update
Get:1 http://127.0.0.1:9999/debian unstable InRelease [231 kB]
Get:2 http://127.0.0.1:9999/debian unstable/main Sources.diff/Index [27.9 kB]
Get:3 http://127.0.0.1:9999/debian unstable/main amd64 Packages.diff/Index [27.9 kB]
Get:4 http://127.0.0.1:9999/debian unstable/main Sources 2017-02-28-0825.37.pdiff [2103 B]
Get:4 http://127.0.0.1:9999/debian unstable/main Sources 2017-02-28-0825.37.pdiff [2103 B]
Get:5 http://127.0.0.1:9999/debian unstable/main amd64 Packages 2017-02-28-0825.37.pdiff [2528 B]
Get:5 http://127.0.0.1:9999/debian unstable/main amd64 Packages 2017-02-28-0825.37.pdiff [2528 B]
Get:6 http://127.0.0.1:9999/debian unstable/main Translation-en [5646 kB]
Fetched 5938 kB in 1s (3299 kB/s)
Reading package lists...
W: No sandbox user '_apt' on the system, can not drop privileges
+ apt-get install --yes --no-install-recommends --force-yes clang-4.0
Reading package lists...
Building dependency tree...
Reading state information...
The following additional packages will be installed:
  libbsd0 libclang-common-4.0-dev libclang1-4.0 libedit2 libffi6 libjsoncpp1
  libllvm4.0 libncurses5 libobjc-6-dev libobjc4
Suggested packages:
  gnustep gnustep-devel clang-4.0-doc
Recommended packages:
  llvm-4.0-dev python libgpm2
The following NEW packages will be installed:
  clang-4.0 libbsd0 libclang-common-4.0-dev libclang1-4.0 libedit2 libffi6
  libjsoncpp1 libllvm4.0 libncurses5 libobjc-6-dev libobjc4
0 upgraded, 11 newly installed, 0 to remove and 0 not upgraded.
Need to get 74.7 MB of archives.
After this operation, 321 MB of additional disk space will be used.
Get:1 http://127.0.0.1:9999/debian unstable/main amd64 libbsd0 amd64 0.8.3-1 [83.0 kB]
Get:2 http://127.0.0.1:9999/debian unstable/main amd64 libncurses5 amd64 6.0+20161126-1 [93.4 kB]
Get:3 http://127.0.0.1:9999/debian unstable/main amd64 libedit2 amd64 3.1-20160903-3 [84.8 kB]
Get:4 http://127.0.0.1:9999/debian unstable/main amd64 libffi6 amd64 3.2.1-6 [20.4 kB]
Get:5 http://127.0.0.1:9999/debian unstable/main amd64 libllvm4.0 amd64 1:4.0~+rc2-1 [12.3 MB]
Get:6 http://127.0.0.1:9999/debian unstable/main amd64 libclang1-4.0 amd64 1:4.0~+rc2-1 [6358 kB]
Get:7 http://127.0.0.1:9999/debian unstable/main amd64 libjsoncpp1 amd64 1.7.4-3 [75.6 kB]
Get:8 http://127.0.0.1:9999/debian unstable/main amd64 libobjc4 amd64 6.3.0-8 [49.4 kB]
Get:9 http://127.0.0.1:9999/debian unstable/main amd64 libobjc-6-dev amd64 6.3.0-8 [197 kB]
Get:10 http://127.0.0.1:9999/debian unstable/main amd64 libclang-common-4.0-dev amd64 1:4.0~+rc2-1 [2767 kB]
Get:11 http://127.0.0.1:9999/debian unstable/main amd64 clang-4.0 amd64 1:4.0~+rc2-1 [52.7 MB]
debconf: delaying package configuration, since apt-utils is not installed
Fetched 74.7 MB in 0s (94.1 MB/s)
Selecting previously unselected package libbsd0:amd64.
(Reading database ... (Reading database ... 5%(Reading database ... 10%(Reading database ... 15%(Reading database ... 20%(Reading database ... 25%(Reading database ... 30%(Reading database ... 35%(Reading database ... 40%(Reading database ... 45%(Reading database ... 50%(Reading database ... 55%(Reading database ... 60%(Reading database ... 65%(Reading database ... 70%(Reading database ... 75%(Reading database ... 80%(Reading database ... 85%(Reading database ... 90%(Reading database ... 95%(Reading database ... 100%(Reading database ... 9584 files and directories currently installed.)
Preparing to unpack .../00-libbsd0_0.8.3-1_amd64.deb ...
Unpacking libbsd0:amd64 (0.8.3-1) ...
Selecting previously unselected package libncurses5:amd64.
Preparing to unpack .../01-libncurses5_6.0+20161126-1_amd64.deb ...
Unpacking libncurses5:amd64 (6.0+20161126-1) ...
Selecting previously unselected package libedit2:amd64.
Preparing to unpack .../02-libedit2_3.1-20160903-3_amd64.deb ...
Unpacking libedit2:amd64 (3.1-20160903-3) ...
Selecting previously unselected package libffi6:amd64.
Preparing to unpack .../03-libffi6_3.2.1-6_amd64.deb ...
Unpacking libffi6:amd64 (3.2.1-6) ...
Selecting previously unselected package libllvm4.0:amd64.
Preparing to unpack .../04-libllvm4.0_1%3a4.0~+rc2-1_amd64.deb ...
Unpacking libllvm4.0:amd64 (1:4.0~+rc2-1) ...
Selecting previously unselected package libclang1-4.0:amd64.
Preparing to unpack .../05-libclang1-4.0_1%3a4.0~+rc2-1_amd64.deb ...
Unpacking libclang1-4.0:amd64 (1:4.0~+rc2-1) ...
Selecting previously unselected package libjsoncpp1:amd64.
Preparing to unpack .../06-libjsoncpp1_1.7.4-3_amd64.deb ...
Unpacking libjsoncpp1:amd64 (1.7.4-3) ...
Selecting previously unselected package libobjc4:amd64.
Preparing to unpack .../07-libobjc4_6.3.0-8_amd64.deb ...
Unpacking libobjc4:amd64 (6.3.0-8) ...
Selecting previously unselected package libobjc-6-dev:amd64.
Preparing to unpack .../08-libobjc-6-dev_6.3.0-8_amd64.deb ...
Unpacking libobjc-6-dev:amd64 (6.3.0-8) ...
Selecting previously unselected package libclang-common-4.0-dev.
Preparing to unpack .../09-libclang-common-4.0-dev_1%3a4.0~+rc2-1_amd64.deb ...
Unpacking libclang-common-4.0-dev (1:4.0~+rc2-1) ...
Selecting previously unselected package clang-4.0.
Preparing to unpack .../10-clang-4.0_1%3a4.0~+rc2-1_amd64.deb ...
Unpacking clang-4.0 (1:4.0~+rc2-1) ...
Setting up libncurses5:amd64 (6.0+20161126-1) ...
Setting up libobjc4:amd64 (6.3.0-8) ...
Setting up libbsd0:amd64 (0.8.3-1) ...
Processing triggers for libc-bin (2.24-9) ...
Setting up libobjc-6-dev:amd64 (6.3.0-8) ...
Setting up libffi6:amd64 (3.2.1-6) ...
Setting up libjsoncpp1:amd64 (1.7.4-3) ...
Setting up libedit2:amd64 (3.1-20160903-3) ...
Setting up libllvm4.0:amd64 (1:4.0~+rc2-1) ...
Setting up libclang1-4.0:amd64 (1:4.0~+rc2-1) ...
Setting up libclang-common-4.0-dev (1:4.0~+rc2-1) ...
Setting up clang-4.0 (1:4.0~+rc2-1) ...
Processing triggers for libc-bin (2.24-9) ...
W: --force-yes is deprecated, use one of the options starting with --allow instead.
W: No sandbox user '_apt' on the system, can not drop privileges
+ echo 'Replace gcc, g++ & cpp by clang'
Replace gcc, g++ & cpp by clang
+ VERSIONS='4.6 4.7 4.8 4.9 5 6'
+ cd /usr/bin
+ for VERSION in $VERSIONS
+ rm -f g++-4.6 gcc-4.6 cpp-4.6 gcc
+ ln -s clang++-4.0 g++-4.6
+ ln -s clang-4.0 gcc-4.6
+ ln -s clang-4.0 cpp-4.6
+ ln -s clang-4.0 gcc
+ echo 'gcc-4.6 hold'
+ dpkg --set-selections
dpkg: warning: package not in status nor available database at line 1: gcc-4.6
dpkg: warning: found unknown packages; this might mean the available database
is outdated, and needs to be updated through a frontend method;
please see the FAQ <https://wiki.debian.org/Teams/Dpkg/FAQ>
+ echo 'g++-4.6 hold'
+ dpkg --set-selections
dpkg: warning: package not in status nor available database at line 1: g++-4.6
dpkg: warning: found unknown packages; this might mean the available database
is outdated, and needs to be updated through a frontend method;
please see the FAQ <https://wiki.debian.org/Teams/Dpkg/FAQ>
+ for VERSION in $VERSIONS
+ rm -f g++-4.7 gcc-4.7 cpp-4.7 gcc
+ ln -s clang++-4.0 g++-4.7
+ ln -s clang-4.0 gcc-4.7
+ ln -s clang-4.0 cpp-4.7
+ ln -s clang-4.0 gcc
+ echo 'gcc-4.7 hold'
+ dpkg --set-selections
dpkg: warning: package not in status nor available database at line 1: gcc-4.7
dpkg: warning: found unknown packages; this might mean the available database
is outdated, and needs to be updated through a frontend method;
please see the FAQ <https://wiki.debian.org/Teams/Dpkg/FAQ>
+ echo 'g++-4.7 hold'
+ dpkg --set-selections
dpkg: warning: package not in status nor available database at line 1: g++-4.7
dpkg: warning: found unknown packages; this might mean the available database
is outdated, and needs to be updated through a frontend method;
please see the FAQ <https://wiki.debian.org/Teams/Dpkg/FAQ>
+ for VERSION in $VERSIONS
+ rm -f g++-4.8 gcc-4.8 cpp-4.8 gcc
+ ln -s clang++-4.0 g++-4.8
+ ln -s clang-4.0 gcc-4.8
+ ln -s clang-4.0 cpp-4.8
+ ln -s clang-4.0 gcc
+ echo 'gcc-4.8 hold'
+ dpkg --set-selections
dpkg: warning: package not in status nor available database at line 1: gcc-4.8
dpkg: warning: found unknown packages; this might mean the available database
is outdated, and needs to be updated through a frontend method;
please see the FAQ <https://wiki.debian.org/Teams/Dpkg/FAQ>
+ echo 'g++-4.8 hold'
+ dpkg --set-selections
dpkg: warning: package not in status nor available database at line 1: g++-4.8
dpkg: warning: found unknown packages; this might mean the available database
is outdated, and needs to be updated through a frontend method;
please see the FAQ <https://wiki.debian.org/Teams/Dpkg/FAQ>
+ for VERSION in $VERSIONS
+ rm -f g++-4.9 gcc-4.9 cpp-4.9 gcc
+ ln -s clang++-4.0 g++-4.9
+ ln -s clang-4.0 gcc-4.9
+ ln -s clang-4.0 cpp-4.9
+ ln -s clang-4.0 gcc
+ echo 'gcc-4.9 hold'
+ dpkg --set-selections
dpkg: warning: package not in status nor available database at line 1: gcc-4.9
dpkg: warning: found unknown packages; this might mean the available database
is outdated, and needs to be updated through a frontend method;
please see the FAQ <https://wiki.debian.org/Teams/Dpkg/FAQ>
+ echo 'g++-4.9 hold'
+ dpkg --set-selections
dpkg: warning: package not in status nor available database at line 1: g++-4.9
dpkg: warning: found unknown packages; this might mean the available database
is outdated, and needs to be updated through a frontend method;
please see the FAQ <https://wiki.debian.org/Teams/Dpkg/FAQ>
+ for VERSION in $VERSIONS
+ rm -f g++-5 gcc-5 cpp-5 gcc
+ ln -s clang++-4.0 g++-5
+ ln -s clang-4.0 gcc-5
+ ln -s clang-4.0 cpp-5
+ ln -s clang-4.0 gcc
+ echo 'gcc-5 hold'
+ dpkg --set-selections
+ echo 'g++-5 hold'
+ dpkg --set-selections
+ for VERSION in $VERSIONS
+ rm -f g++-6 gcc-6 cpp-6 gcc
+ ln -s clang++-4.0 g++-6
+ ln -s clang-4.0 gcc-6
+ ln -s clang-4.0 cpp-6
+ ln -s clang-4.0 gcc
+ echo 'gcc-6 hold'
+ dpkg --set-selections
+ echo 'g++-6 hold'
+ dpkg --set-selections
+ cd -
/build/libdbi-drivers-mdSljW
+ echo 'Check if gcc, g++ & cpp are actually clang'
Check if gcc, g++ & cpp are actually clang
+ gcc --version
+ grep clang
+ cpp --version
+ grep clang
+ g++ --version
+ grep clang

I: Finished running '/tmp/clang'.

Finished processing commands.
--------------------------------------------------------------------------------

+------------------------------------------------------------------------------+
| Update chroot                                                                |
+------------------------------------------------------------------------------+

Hit:1 http://127.0.0.1:9999/debian unstable InRelease
Reading package lists...
W: No sandbox user '_apt' on the system, can not drop privileges
Reading package lists...
Building dependency tree...
Reading state information...
Calculating upgrade...
0 upgraded, 0 newly installed, 0 to remove and 0 not upgraded.

+------------------------------------------------------------------------------+
| Fetch source files                                                           |
+------------------------------------------------------------------------------+


Check APT
---------

Checking available source versions...

Download source files with APT
------------------------------

Reading package lists...
NOTICE: 'libdbi-drivers' packaging is maintained in the 'Git' version control system at:
git://anonscm.debian.org/collab-maint/libdbi-drivers.git
Please use:
git clone git://anonscm.debian.org/collab-maint/libdbi-drivers.git
to retrieve the latest (possibly unreleased) updates to the package.
Need to get 1843 kB of source archives.
Get:1 http://127.0.0.1:9999/debian unstable/main libdbi-drivers 0.9.0-5 (dsc) [2498 B]
Get:2 http://127.0.0.1:9999/debian unstable/main libdbi-drivers 0.9.0-5 (tar) [1830 kB]
Get:3 http://127.0.0.1:9999/debian unstable/main libdbi-drivers 0.9.0-5 (diff) [10.5 kB]
Fetched 1843 kB in 0s (8979 kB/s)
Download complete and in download only mode
I: NOTICE: Log filtering will replace 'build/libdbi-drivers-mdSljW/libdbi-drivers-0.9.0' with '<<PKGBUILDDIR>>'
I: NOTICE: Log filtering will replace 'build/libdbi-drivers-mdSljW' with '<<BUILDDIR>>'

+------------------------------------------------------------------------------+
| Install build-essential                                                      |
+------------------------------------------------------------------------------+


Setup apt archive
-----------------

Merged Build-Depends: build-essential, fakeroot
Filtered Build-Depends: build-essential, fakeroot
dpkg-deb: building package 'sbuild-build-depends-core-dummy' in '/<<BUILDDIR>>/resolver-evikeB/apt_archive/sbuild-build-depends-core-dummy.deb'.
dpkg-scanpackages: warning: Packages in archive but missing from override file:
dpkg-scanpackages: warning:   sbuild-build-depends-core-dummy
dpkg-scanpackages: info: Wrote 1 entries to output Packages file.
Ign:1 copy:/<<BUILDDIR>>/resolver-evikeB/apt_archive ./ InRelease
Get:2 copy:/<<BUILDDIR>>/resolver-evikeB/apt_archive ./ Release [957 B]
Ign:3 copy:/<<BUILDDIR>>/resolver-evikeB/apt_archive ./ Release.gpg
Get:4 copy:/<<BUILDDIR>>/resolver-evikeB/apt_archive ./ Sources [349 B]
Get:5 copy:/<<BUILDDIR>>/resolver-evikeB/apt_archive ./ Packages [433 B]
Fetched 1739 B in 0s (0 B/s)
Reading package lists...
W: No sandbox user '_apt' on the system, can not drop privileges
Reading package lists...

Install core build dependencies (apt-based resolver)
----------------------------------------------------

Installing build dependencies
Reading package lists...
Building dependency tree...
Reading state information...
The following NEW packages will be installed:
  sbuild-build-depends-core-dummy
0 upgraded, 1 newly installed, 0 to remove and 0 not upgraded.
Need to get 778 B of archives.
After this operation, 0 B of additional disk space will be used.
Get:1 copy:/<<BUILDDIR>>/resolver-evikeB/apt_archive ./ sbuild-build-depends-core-dummy 0.invalid.0 [778 B]
debconf: delaying package configuration, since apt-utils is not installed
Fetched 778 B in 0s (0 B/s)
Selecting previously unselected package sbuild-build-depends-core-dummy.
(Reading database ... 10086 files and directories currently installed.)
Preparing to unpack .../sbuild-build-depends-core-dummy_0.invalid.0_amd64.deb ...
Unpacking sbuild-build-depends-core-dummy (0.invalid.0) ...
Setting up sbuild-build-depends-core-dummy (0.invalid.0) ...
W: No sandbox user '_apt' on the system, can not drop privileges

+------------------------------------------------------------------------------+
| Check architectures                                                          |
+------------------------------------------------------------------------------+

Arch check ok (amd64 included in any)

+------------------------------------------------------------------------------+
| Install package build dependencies                                           |
+------------------------------------------------------------------------------+


Setup apt archive
-----------------

Merged Build-Depends: automake, autotools-dev, debhelper (>= 9), dh-autoreconf, docbook-dsssl, freetds-dev, libdbi-dev (>= 0.9.0), default-libmysqlclient-dev, libpq-dev (>= 8.3~rc2-1+b1), libsqlite0-dev, libsqlite3-dev, libtool, locales-all | language-pack-en, default-mysql-client, default-mysql-server, openjade, postgresql, postgresql-client
Filtered Build-Depends: automake, autotools-dev, debhelper (>= 9), dh-autoreconf, docbook-dsssl, freetds-dev, libdbi-dev (>= 0.9.0), default-libmysqlclient-dev, libpq-dev (>= 8.3~rc2-1+b1), libsqlite0-dev, libsqlite3-dev, libtool, locales-all, default-mysql-client, default-mysql-server, openjade, postgresql, postgresql-client
dpkg-deb: building package 'sbuild-build-depends-libdbi-drivers-dummy' in '/<<BUILDDIR>>/resolver-evikeB/apt_archive/sbuild-build-depends-libdbi-drivers-dummy.deb'.
dpkg-scanpackages: warning: Packages in archive but missing from override file:
dpkg-scanpackages: warning:   sbuild-build-depends-core-dummy sbuild-build-depends-libdbi-drivers-dummy
dpkg-scanpackages: info: Wrote 2 entries to output Packages file.
Ign:1 copy:/<<BUILDDIR>>/resolver-evikeB/apt_archive ./ InRelease
Get:2 copy:/<<BUILDDIR>>/resolver-evikeB/apt_archive ./ Release [963 B]
Ign:3 copy:/<<BUILDDIR>>/resolver-evikeB/apt_archive ./ Release.gpg
Get:4 copy:/<<BUILDDIR>>/resolver-evikeB/apt_archive ./ Sources [643 B]
Get:5 copy:/<<BUILDDIR>>/resolver-evikeB/apt_archive ./ Packages [709 B]
Fetched 2315 B in 0s (0 B/s)
Reading package lists...
W: No sandbox user '_apt' on the system, can not drop privileges
Reading package lists...

Install libdbi-drivers build dependencies (apt-based resolver)
--------------------------------------------------------------

Installing build dependencies
Reading package lists...
Building dependency tree...
Reading state information...
The following additional packages will be installed:
  autoconf automake autopoint autotools-dev bsdmainutils debhelper
  default-libmysqlclient-dev default-mysql-client default-mysql-server
  dh-autoreconf dh-strip-nondeterminism docbook docbook-dsssl file
  freetds-common freetds-dev galera-3 gawk gettext gettext-base groff-base
  intltool-debian iproute2 libaio1 libarchive-zip-perl libc-l10n libcroco3
  libct4 libdbi-dev libdbi-perl libdbi1 libelf1
  libfile-stripnondeterminism-perl libglib2.0-0 libgnutls30 libgssapi-krb5-2
  libhogweed4 libicu57 libidn11 libjemalloc1 libk5crypto3 libkeyutils1
  libkrb5-3 libkrb5support0 libldap-2.4-2 libldap-common libmagic-mgc
  libmagic1 libmariadbclient-dev libmariadbclient-dev-compat
  libmariadbclient18 libmnl0 libnettle6 libosp5 libostyle1c2 libp11-kit0
  libpipeline1 libpopt0 libpq-dev libpq5 libprocps6 libreadline5 libreadline7
  libsasl2-2 libsasl2-modules-db libsigsegv2 libsqlite0 libsqlite0-dev
  libsqlite3-0 libsqlite3-dev libssl1.1 libsybdb5 libtasn1-6 libtimedate-perl
  libtool libunistring0 libwrap0 libxml2 locales locales-all lsb-base lsof m4
  man-db mariadb-client-10.1 mariadb-client-core-10.1 mariadb-common
  mariadb-server-10.1 mariadb-server-core-10.1 mysql-common netbase openjade
  openssl po-debconf postgresql postgresql-9.6 postgresql-client-9.6
  postgresql-client-common postgresql-common procps psmisc readline-common
  rsync sgml-base sgml-data socat ssl-cert tzdata ucf xml-core zlib1g-dev
Suggested packages:
  autoconf-archive gnu-standards autoconf-doc wamerican | wordlist whois
  vacation dh-make docbook-defguide docbook-xml psgml jadetex
  docbook-dsssl-doc gawk-doc gettext-doc libasprintf-dev libgettextpo-dev
  groff iproute2-doc libclone-perl libmldbm-perl libnet-daemon-perl
  libsql-statement-perl gnutls-bin krb5-doc krb5-user postgresql-doc-9.6
  sqlite-doc sqlite3-doc libtool-doc gfortran | fortran95-compiler gcj-jdk
  m4-doc less www-browser mailx mariadb-test netcat-openbsd tinyca doc-base
  ca-certificates libmail-box-perl postgresql-doc readline-doc openssh-client
  openssh-server sgml-base-doc perlsgml w3-recs opensp libxml2-utils
  openssl-blacklist
Recommended packages:
  curl | wget | lynx-cur libatm1 libxtables12 libglib2.0-data shared-mime-info
  xdg-user-dirs krb5-locales libsasl2-modules libltdl-dev tcpd
  libdbd-mysql-perl libterm-readkey-perl libhtml-template-perl
  libmail-sendmail-perl postgresql-contrib-9.6 sysstat lsb-release logrotate
The following NEW packages will be installed:
  autoconf automake autopoint autotools-dev bsdmainutils debhelper
  default-libmysqlclient-dev default-mysql-client default-mysql-server
  dh-autoreconf dh-strip-nondeterminism docbook docbook-dsssl file
  freetds-common freetds-dev galera-3 gawk gettext gettext-base groff-base
  intltool-debian iproute2 libaio1 libarchive-zip-perl libc-l10n libcroco3
  libct4 libdbi-dev libdbi-perl libdbi1 libelf1
  libfile-stripnondeterminism-perl libglib2.0-0 libgnutls30 libgssapi-krb5-2
  libhogweed4 libicu57 libidn11 libjemalloc1 libk5crypto3 libkeyutils1
  libkrb5-3 libkrb5support0 libldap-2.4-2 libldap-common libmagic-mgc
  libmagic1 libmariadbclient-dev libmariadbclient-dev-compat
  libmariadbclient18 libmnl0 libnettle6 libosp5 libostyle1c2 libp11-kit0
  libpipeline1 libpopt0 libpq-dev libpq5 libprocps6 libreadline5 libreadline7
  libsasl2-2 libsasl2-modules-db libsigsegv2 libsqlite0 libsqlite0-dev
  libsqlite3-0 libsqlite3-dev libssl1.1 libsybdb5 libtasn1-6 libtimedate-perl
  libtool libunistring0 libwrap0 libxml2 locales locales-all lsb-base lsof m4
  man-db mariadb-client-10.1 mariadb-client-core-10.1 mariadb-common
  mariadb-server-10.1 mariadb-server-core-10.1 mysql-common netbase openjade
  openssl po-debconf postgresql postgresql-9.6 postgresql-client-9.6
  postgresql-client-common postgresql-common procps psmisc readline-common
  rsync sbuild-build-depends-libdbi-drivers-dummy sgml-base sgml-data socat
  ssl-cert tzdata ucf xml-core zlib1g-dev
0 upgraded, 112 newly installed, 0 to remove and 0 not upgraded.
Need to get 63.3 MB of archives.
After this operation, 441 MB of additional disk space will be used.
Get:1 copy:/<<BUILDDIR>>/resolver-evikeB/apt_archive ./ sbuild-build-depends-libdbi-drivers-dummy 0.invalid.0 [926 B]
Get:2 http://127.0.0.1:9999/debian unstable/main amd64 libpopt0 amd64 1.16-10 [49.2 kB]
Get:3 http://127.0.0.1:9999/debian unstable/main amd64 groff-base amd64 1.22.3-9 [1160 kB]
Get:4 http://127.0.0.1:9999/debian unstable/main amd64 bsdmainutils amd64 9.0.12 [185 kB]
Get:5 http://127.0.0.1:9999/debian unstable/main amd64 libpipeline1 amd64 1.4.1-2 [27.6 kB]
Get:6 http://127.0.0.1:9999/debian unstable/main amd64 man-db amd64 2.7.6.1-2 [1044 kB]
Get:7 http://127.0.0.1:9999/debian unstable/main amd64 readline-common all 7.0-2 [70.4 kB]
Get:8 http://127.0.0.1:9999/debian unstable/main amd64 libreadline7 amd64 7.0-2 [151 kB]
Get:9 http://127.0.0.1:9999/debian unstable/main amd64 libsigsegv2 amd64 2.10-5 [28.9 kB]
Get:10 http://127.0.0.1:9999/debian unstable/main amd64 gawk amd64 1:4.1.4+dfsg-1 [571 kB]
Get:11 http://127.0.0.1:9999/debian unstable/main amd64 mysql-common all 5.8+1.0.2 [5608 B]
Get:12 http://127.0.0.1:9999/debian unstable/main amd64 mariadb-common all 10.1.21-5 [24.8 kB]
Get:13 http://127.0.0.1:9999/debian unstable/main amd64 libssl1.1 amd64 1.1.0e-1 [1341 kB]
Get:14 http://127.0.0.1:9999/debian unstable/main amd64 galera-3 amd64 25.3.19-2 [955 kB]
Get:15 http://127.0.0.1:9999/debian unstable/main amd64 libelf1 amd64 0.168-0.2 [156 kB]
Get:16 http://127.0.0.1:9999/debian unstable/main amd64 libmnl0 amd64 1.0.4-2 [12.2 kB]
Get:17 http://127.0.0.1:9999/debian unstable/main amd64 iproute2 amd64 4.9.0-1 [634 kB]
Get:18 http://127.0.0.1:9999/debian unstable/main amd64 libdbi-perl amd64 1.636-1+b1 [766 kB]
Get:19 http://127.0.0.1:9999/debian unstable/main amd64 lsb-base all 9.20161125 [27.9 kB]
Get:20 http://127.0.0.1:9999/debian unstable/main amd64 lsof amd64 4.89+dfsg-0.1 [313 kB]
Get:21 http://127.0.0.1:9999/debian unstable/main amd64 libreadline5 amd64 5.2+dfsg-3+b1 [119 kB]
Get:22 http://127.0.0.1:9999/debian unstable/main amd64 mariadb-client-core-10.1 amd64 10.1.21-5+b1 [862 kB]
Get:23 http://127.0.0.1:9999/debian unstable/main amd64 mariadb-client-10.1 amd64 10.1.21-5+b1 [1245 kB]
Get:24 http://127.0.0.1:9999/debian unstable/main amd64 libaio1 amd64 0.3.110-3 [9412 B]
Get:25 http://127.0.0.1:9999/debian unstable/main amd64 libjemalloc1 amd64 3.6.0-9.1 [89.8 kB]
Get:26 http://127.0.0.1:9999/debian unstable/main amd64 mariadb-server-core-10.1 amd64 10.1.21-5+b1 [5128 kB]
Get:27 http://127.0.0.1:9999/debian unstable/main amd64 psmisc amd64 22.21-2.1+b1 [121 kB]
Get:28 http://127.0.0.1:9999/debian unstable/main amd64 rsync amd64 3.1.2-1 [393 kB]
Get:29 http://127.0.0.1:9999/debian unstable/main amd64 libwrap0 amd64 7.6.q-26 [58.2 kB]
Get:30 http://127.0.0.1:9999/debian unstable/main amd64 socat amd64 1.7.3.1-2 [353 kB]
Get:31 http://127.0.0.1:9999/debian unstable/main amd64 mariadb-server-10.1 amd64 10.1.21-5+b1 [5283 kB]
Get:32 http://127.0.0.1:9999/debian unstable/main amd64 sgml-base all 1.29 [14.8 kB]
Get:33 http://127.0.0.1:9999/debian unstable/main amd64 tzdata all 2016j-2 [259 kB]
Get:34 http://127.0.0.1:9999/debian unstable/main amd64 libprocps6 amd64 2:3.3.12-3 [58.1 kB]
Get:35 http://127.0.0.1:9999/debian unstable/main amd64 netbase all 5.4 [19.1 kB]
Get:36 http://127.0.0.1:9999/debian unstable/main amd64 procps amd64 2:3.3.12-3 [249 kB]
Get:37 http://127.0.0.1:9999/debian unstable/main amd64 libmagic-mgc amd64 1:5.29-3 [221 kB]
Get:38 http://127.0.0.1:9999/debian unstable/main amd64 libmagic1 amd64 1:5.29-3 [110 kB]
Get:39 http://127.0.0.1:9999/debian unstable/main amd64 file amd64 1:5.29-3 [63.7 kB]
Get:40 http://127.0.0.1:9999/debian unstable/main amd64 gettext-base amd64 0.19.8.1-2 [121 kB]
Get:41 http://127.0.0.1:9999/debian unstable/main amd64 libc-l10n all 2.24-9 [818 kB]
Get:42 http://127.0.0.1:9999/debian unstable/main amd64 libnettle6 amd64 3.3-1+b1 [191 kB]
Get:43 http://127.0.0.1:9999/debian unstable/main amd64 libhogweed4 amd64 3.3-1+b1 [136 kB]
Get:44 http://127.0.0.1:9999/debian unstable/main amd64 libidn11 amd64 1.33-1 [115 kB]
Get:45 http://127.0.0.1:9999/debian unstable/main amd64 libp11-kit0 amd64 0.23.3-5 [112 kB]
Get:46 http://127.0.0.1:9999/debian unstable/main amd64 libtasn1-6 amd64 4.10-1 [50.3 kB]
Get:47 http://127.0.0.1:9999/debian unstable/main amd64 libgnutls30 amd64 3.5.8-3 [894 kB]
Get:48 http://127.0.0.1:9999/debian unstable/main amd64 libkeyutils1 amd64 1.5.9-9 [12.4 kB]
Get:49 http://127.0.0.1:9999/debian unstable/main amd64 libkrb5support0 amd64 1.15-1 [61.7 kB]
Get:50 http://127.0.0.1:9999/debian unstable/main amd64 libk5crypto3 amd64 1.15-1 [119 kB]
Get:51 http://127.0.0.1:9999/debian unstable/main amd64 libkrb5-3 amd64 1.15-1 [311 kB]
Get:52 http://127.0.0.1:9999/debian unstable/main amd64 libgssapi-krb5-2 amd64 1.15-1 [154 kB]
Get:53 http://127.0.0.1:9999/debian unstable/main amd64 libsasl2-modules-db amd64 2.1.27~101-g0780600+dfsg-2 [68.1 kB]
Get:54 http://127.0.0.1:9999/debian unstable/main amd64 libsasl2-2 amd64 2.1.27~101-g0780600+dfsg-2 [105 kB]
Get:55 http://127.0.0.1:9999/debian unstable/main amd64 libldap-common all 2.4.44+dfsg-3 [84.5 kB]
Get:56 http://127.0.0.1:9999/debian unstable/main amd64 libldap-2.4-2 amd64 2.4.44+dfsg-3 [218 kB]
Get:57 http://127.0.0.1:9999/debian unstable/main amd64 libsqlite3-0 amd64 3.16.2-3 [572 kB]
Get:58 http://127.0.0.1:9999/debian unstable/main amd64 libicu57 amd64 57.1-5 [7700 kB]
Get:59 http://127.0.0.1:9999/debian unstable/main amd64 libxml2 amd64 2.9.4+dfsg1-2.2 [919 kB]
Get:60 http://127.0.0.1:9999/debian unstable/main amd64 locales all 2.24-9 [3286 kB]
Get:61 http://127.0.0.1:9999/debian unstable/main amd64 ucf all 3.0036 [70.2 kB]
Get:62 http://127.0.0.1:9999/debian unstable/main amd64 m4 amd64 1.4.18-1 [202 kB]
Get:63 http://127.0.0.1:9999/debian unstable/main amd64 autoconf all 2.69-10 [338 kB]
Get:64 http://127.0.0.1:9999/debian unstable/main amd64 autotools-dev all 20161112.1 [73.4 kB]
Get:65 http://127.0.0.1:9999/debian unstable/main amd64 automake all 1:1.15-6 [733 kB]
Get:66 http://127.0.0.1:9999/debian unstable/main amd64 autopoint all 0.19.8.1-2 [433 kB]
Get:67 http://127.0.0.1:9999/debian unstable/main amd64 libtool all 2.4.6-2 [545 kB]
Get:68 http://127.0.0.1:9999/debian unstable/main amd64 dh-autoreconf all 13 [15.8 kB]
Get:69 http://127.0.0.1:9999/debian unstable/main amd64 libarchive-zip-perl all 1.59-1 [95.5 kB]
Get:70 http://127.0.0.1:9999/debian unstable/main amd64 libfile-stripnondeterminism-perl all 0.031-1 [15.7 kB]
Get:71 http://127.0.0.1:9999/debian unstable/main amd64 libtimedate-perl all 2.3000-2 [42.2 kB]
Get:72 http://127.0.0.1:9999/debian unstable/main amd64 dh-strip-nondeterminism all 0.031-1 [9736 B]
Get:73 http://127.0.0.1:9999/debian unstable/main amd64 libglib2.0-0 amd64 2.50.3-1 [2691 kB]
Get:74 http://127.0.0.1:9999/debian unstable/main amd64 libcroco3 amd64 0.6.11-2 [143 kB]
Get:75 http://127.0.0.1:9999/debian unstable/main amd64 libunistring0 amd64 0.9.6+really0.9.3-0.1 [279 kB]
Get:76 http://127.0.0.1:9999/debian unstable/main amd64 gettext amd64 0.19.8.1-2 [1495 kB]
Get:77 http://127.0.0.1:9999/debian unstable/main amd64 intltool-debian all 0.35.0+20060710.4 [26.3 kB]
Get:78 http://127.0.0.1:9999/debian unstable/main amd64 po-debconf all 1.0.20 [247 kB]
Get:79 http://127.0.0.1:9999/debian unstable/main amd64 debhelper all 10.2.5 [961 kB]
Get:80 http://127.0.0.1:9999/debian unstable/main amd64 libmariadbclient18 amd64 10.1.21-5+b1 [735 kB]
Get:81 http://127.0.0.1:9999/debian unstable/main amd64 zlib1g-dev amd64 1:1.2.8.dfsg-5 [205 kB]
Get:82 http://127.0.0.1:9999/debian unstable/main amd64 libmariadbclient-dev amd64 10.1.21-5+b1 [1061 kB]
Get:83 http://127.0.0.1:9999/debian unstable/main amd64 libmariadbclient-dev-compat amd64 10.1.21-5+b1 [24.2 kB]
Get:84 http://127.0.0.1:9999/debian unstable/main amd64 default-libmysqlclient-dev amd64 1.0.2 [3272 B]
Get:85 http://127.0.0.1:9999/debian unstable/main amd64 default-mysql-client all 1.0.2 [3050 B]
Get:86 http://127.0.0.1:9999/debian unstable/main amd64 default-mysql-server all 1.0.2 [3048 B]
Get:87 http://127.0.0.1:9999/debian unstable/main amd64 xml-core all 0.17 [23.2 kB]
Get:88 http://127.0.0.1:9999/debian unstable/main amd64 sgml-data all 2.0.10 [181 kB]
Get:89 http://127.0.0.1:9999/debian unstable/main amd64 docbook all 4.5-6 [129 kB]
Get:90 http://127.0.0.1:9999/debian unstable/main amd64 libosp5 amd64 1.5.2-13 [964 kB]
Get:91 http://127.0.0.1:9999/debian unstable/main amd64 libostyle1c2 amd64 1.4devel1-21.3 [619 kB]
Get:92 http://127.0.0.1:9999/debian unstable/main amd64 openjade amd64 1.4devel1-21.3 [257 kB]
Get:93 http://127.0.0.1:9999/debian unstable/main amd64 docbook-dsssl all 1.79-9.1 [234 kB]
Get:94 http://127.0.0.1:9999/debian unstable/main amd64 freetds-common all 0.91-6.1 [58.0 kB]
Get:95 http://127.0.0.1:9999/debian unstable/main amd64 libct4 amd64 0.91-6.1+b4 [177 kB]
Get:96 http://127.0.0.1:9999/debian unstable/main amd64 libsybdb5 amd64 0.91-6.1+b4 [199 kB]
Get:97 http://127.0.0.1:9999/debian unstable/main amd64 freetds-dev amd64 0.91-6.1+b4 [281 kB]
Get:98 http://127.0.0.1:9999/debian unstable/main amd64 libdbi1 amd64 0.9.0-4 [32.3 kB]
Get:99 http://127.0.0.1:9999/debian unstable/main amd64 libdbi-dev amd64 0.9.0-4 [34.8 kB]
Get:100 http://127.0.0.1:9999/debian unstable/main amd64 libpq5 amd64 9.6.2-1 [128 kB]
Get:101 http://127.0.0.1:9999/debian unstable/main amd64 libpq-dev amd64 9.6.2-1 [211 kB]
Get:102 http://127.0.0.1:9999/debian unstable/main amd64 libsqlite0 amd64 2.8.17-14 [164 kB]
Get:103 http://127.0.0.1:9999/debian unstable/main amd64 libsqlite0-dev amd64 2.8.17-14 [192 kB]
Get:104 http://127.0.0.1:9999/debian unstable/main amd64 libsqlite3-dev amd64 3.16.2-3 [703 kB]
Get:105 http://127.0.0.1:9999/debian unstable/main amd64 openssl amd64 1.1.0e-1 [739 kB]
Get:106 http://127.0.0.1:9999/debian unstable/main amd64 postgresql-client-common all 179 [78.8 kB]
Get:107 http://127.0.0.1:9999/debian unstable/main amd64 postgresql-client-9.6 amd64 9.6.2-1 [1212 kB]
Get:108 http://127.0.0.1:9999/debian unstable/main amd64 ssl-cert all 1.0.38 [20.7 kB]
Get:109 http://127.0.0.1:9999/debian unstable/main amd64 postgresql-common all 179 [216 kB]
Get:110 http://127.0.0.1:9999/debian unstable/main amd64 postgresql-9.6 amd64 9.6.2-1 [4111 kB]
Get:111 http://127.0.0.1:9999/debian unstable/main amd64 postgresql all 9.6+179 [55.4 kB]
Get:112 http://127.0.0.1:9999/debian unstable/main amd64 locales-all amd64 2.24-9 [3598 kB]
debconf: delaying package configuration, since apt-utils is not installed
Fetched 63.3 MB in 1s (53.3 MB/s)
Selecting previously unselected package libpopt0:amd64.
(Reading database ... 10086 files and directories currently installed.)
Preparing to unpack .../0-libpopt0_1.16-10_amd64.deb ...
Unpacking libpopt0:amd64 (1.16-10) ...
Selecting previously unselected package groff-base.
Preparing to unpack .../1-groff-base_1.22.3-9_amd64.deb ...
Unpacking groff-base (1.22.3-9) ...
Selecting previously unselected package bsdmainutils.
Preparing to unpack .../2-bsdmainutils_9.0.12_amd64.deb ...
Unpacking bsdmainutils (9.0.12) ...
Selecting previously unselected package libpipeline1:amd64.
Preparing to unpack .../3-libpipeline1_1.4.1-2_amd64.deb ...
Unpacking libpipeline1:amd64 (1.4.1-2) ...
Selecting previously unselected package man-db.
Preparing to unpack .../4-man-db_2.7.6.1-2_amd64.deb ...
Unpacking man-db (2.7.6.1-2) ...
Selecting previously unselected package readline-common.
Preparing to unpack .../5-readline-common_7.0-2_all.deb ...
Unpacking readline-common (7.0-2) ...
Selecting previously unselected package libreadline7:amd64.
Preparing to unpack .../6-libreadline7_7.0-2_amd64.deb ...
Unpacking libreadline7:amd64 (7.0-2) ...
Selecting previously unselected package libsigsegv2:amd64.
Preparing to unpack .../7-libsigsegv2_2.10-5_amd64.deb ...
Unpacking libsigsegv2:amd64 (2.10-5) ...
Setting up readline-common (7.0-2) ...
Setting up libreadline7:amd64 (7.0-2) ...
Setting up libsigsegv2:amd64 (2.10-5) ...
Selecting previously unselected package gawk.
(Reading database ... 10722 files and directories currently installed.)
Preparing to unpack .../00-gawk_1%3a4.1.4+dfsg-1_amd64.deb ...
Unpacking gawk (1:4.1.4+dfsg-1) ...
Selecting previously unselected package mysql-common.
Preparing to unpack .../01-mysql-common_5.8+1.0.2_all.deb ...
Unpacking mysql-common (5.8+1.0.2) ...
Selecting previously unselected package mariadb-common.
Preparing to unpack .../02-mariadb-common_10.1.21-5_all.deb ...
Unpacking mariadb-common (10.1.21-5) ...
Selecting previously unselected package libssl1.1:amd64.
Preparing to unpack .../03-libssl1.1_1.1.0e-1_amd64.deb ...
Unpacking libssl1.1:amd64 (1.1.0e-1) ...
Selecting previously unselected package galera-3.
Preparing to unpack .../04-galera-3_25.3.19-2_amd64.deb ...
Unpacking galera-3 (25.3.19-2) ...
Selecting previously unselected package libelf1:amd64.
Preparing to unpack .../05-libelf1_0.168-0.2_amd64.deb ...
Unpacking libelf1:amd64 (0.168-0.2) ...
Selecting previously unselected package libmnl0:amd64.
Preparing to unpack .../06-libmnl0_1.0.4-2_amd64.deb ...
Unpacking libmnl0:amd64 (1.0.4-2) ...
Selecting previously unselected package iproute2.
Preparing to unpack .../07-iproute2_4.9.0-1_amd64.deb ...
Unpacking iproute2 (4.9.0-1) ...
Selecting previously unselected package libdbi-perl.
Preparing to unpack .../08-libdbi-perl_1.636-1+b1_amd64.deb ...
Unpacking libdbi-perl (1.636-1+b1) ...
Selecting previously unselected package lsb-base.
Preparing to unpack .../09-lsb-base_9.20161125_all.deb ...
Unpacking lsb-base (9.20161125) ...
Selecting previously unselected package lsof.
Preparing to unpack .../10-lsof_4.89+dfsg-0.1_amd64.deb ...
Unpacking lsof (4.89+dfsg-0.1) ...
Selecting previously unselected package libreadline5:amd64.
Preparing to unpack .../11-libreadline5_5.2+dfsg-3+b1_amd64.deb ...
Unpacking libreadline5:amd64 (5.2+dfsg-3+b1) ...
Selecting previously unselected package mariadb-client-core-10.1.
Preparing to unpack .../12-mariadb-client-core-10.1_10.1.21-5+b1_amd64.deb ...
Unpacking mariadb-client-core-10.1 (10.1.21-5+b1) ...
Selecting previously unselected package mariadb-client-10.1.
Preparing to unpack .../13-mariadb-client-10.1_10.1.21-5+b1_amd64.deb ...
Unpacking mariadb-client-10.1 (10.1.21-5+b1) ...
Selecting previously unselected package libaio1:amd64.
Preparing to unpack .../14-libaio1_0.3.110-3_amd64.deb ...
Unpacking libaio1:amd64 (0.3.110-3) ...
Selecting previously unselected package libjemalloc1.
Preparing to unpack .../15-libjemalloc1_3.6.0-9.1_amd64.deb ...
Unpacking libjemalloc1 (3.6.0-9.1) ...
Selecting previously unselected package mariadb-server-core-10.1.
Preparing to unpack .../16-mariadb-server-core-10.1_10.1.21-5+b1_amd64.deb ...
Unpacking mariadb-server-core-10.1 (10.1.21-5+b1) ...
Selecting previously unselected package psmisc.
Preparing to unpack .../17-psmisc_22.21-2.1+b1_amd64.deb ...
Unpacking psmisc (22.21-2.1+b1) ...
Selecting previously unselected package rsync.
Preparing to unpack .../18-rsync_3.1.2-1_amd64.deb ...
Unpacking rsync (3.1.2-1) ...
Selecting previously unselected package libwrap0:amd64.
Preparing to unpack .../19-libwrap0_7.6.q-26_amd64.deb ...
Unpacking libwrap0:amd64 (7.6.q-26) ...
Selecting previously unselected package socat.
Preparing to unpack .../20-socat_1.7.3.1-2_amd64.deb ...
Unpacking socat (1.7.3.1-2) ...
Setting up mysql-common (5.8+1.0.2) ...
update-alternatives: using /etc/mysql/my.cnf.fallback to provide /etc/mysql/my.cnf (my.cnf) in auto mode
Setting up mariadb-common (10.1.21-5) ...
update-alternatives: using /etc/mysql/mariadb.cnf to provide /etc/mysql/my.cnf (my.cnf) in auto mode
Selecting previously unselected package mariadb-server-10.1.
(Reading database ... 11561 files and directories currently installed.)
Preparing to unpack .../00-mariadb-server-10.1_10.1.21-5+b1_amd64.deb ...
ERROR: ld.so: object 'libeatmydata.so' from LD_PRELOAD cannot be preloaded (cannot open shared object file): ignored.
Unpacking mariadb-server-10.1 (10.1.21-5+b1) ...
Selecting previously unselected package sgml-base.
Preparing to unpack .../01-sgml-base_1.29_all.deb ...
Unpacking sgml-base (1.29) ...
Selecting previously unselected package tzdata.
Preparing to unpack .../02-tzdata_2016j-2_all.deb ...
Unpacking tzdata (2016j-2) ...
Selecting previously unselected package libprocps6:amd64.
Preparing to unpack .../03-libprocps6_2%3a3.3.12-3_amd64.deb ...
Unpacking libprocps6:amd64 (2:3.3.12-3) ...
Selecting previously unselected package netbase.
Preparing to unpack .../04-netbase_5.4_all.deb ...
Unpacking netbase (5.4) ...
Selecting previously unselected package procps.
Preparing to unpack .../05-procps_2%3a3.3.12-3_amd64.deb ...
Unpacking procps (2:3.3.12-3) ...
Selecting previously unselected package libmagic-mgc.
Preparing to unpack .../06-libmagic-mgc_1%3a5.29-3_amd64.deb ...
Unpacking libmagic-mgc (1:5.29-3) ...
Selecting previously unselected package libmagic1:amd64.
Preparing to unpack .../07-libmagic1_1%3a5.29-3_amd64.deb ...
Unpacking libmagic1:amd64 (1:5.29-3) ...
Selecting previously unselected package file.
Preparing to unpack .../08-file_1%3a5.29-3_amd64.deb ...
Unpacking file (1:5.29-3) ...
Selecting previously unselected package gettext-base.
Preparing to unpack .../09-gettext-base_0.19.8.1-2_amd64.deb ...
Unpacking gettext-base (0.19.8.1-2) ...
Selecting previously unselected package libc-l10n.
Preparing to unpack .../10-libc-l10n_2.24-9_all.deb ...
Unpacking libc-l10n (2.24-9) ...
Selecting previously unselected package libnettle6:amd64.
Preparing to unpack .../11-libnettle6_3.3-1+b1_amd64.deb ...
Unpacking libnettle6:amd64 (3.3-1+b1) ...
Selecting previously unselected package libhogweed4:amd64.
Preparing to unpack .../12-libhogweed4_3.3-1+b1_amd64.deb ...
Unpacking libhogweed4:amd64 (3.3-1+b1) ...
Selecting previously unselected package libidn11:amd64.
Preparing to unpack .../13-libidn11_1.33-1_amd64.deb ...
Unpacking libidn11:amd64 (1.33-1) ...
Selecting previously unselected package libp11-kit0:amd64.
Preparing to unpack .../14-libp11-kit0_0.23.3-5_amd64.deb ...
Unpacking libp11-kit0:amd64 (0.23.3-5) ...
Selecting previously unselected package libtasn1-6:amd64.
Preparing to unpack .../15-libtasn1-6_4.10-1_amd64.deb ...
Unpacking libtasn1-6:amd64 (4.10-1) ...
Selecting previously unselected package libgnutls30:amd64.
Preparing to unpack .../16-libgnutls30_3.5.8-3_amd64.deb ...
Unpacking libgnutls30:amd64 (3.5.8-3) ...
Selecting previously unselected package libkeyutils1:amd64.
Preparing to unpack .../17-libkeyutils1_1.5.9-9_amd64.deb ...
Unpacking libkeyutils1:amd64 (1.5.9-9) ...
Selecting previously unselected package libkrb5support0:amd64.
Preparing to unpack .../18-libkrb5support0_1.15-1_amd64.deb ...
Unpacking libkrb5support0:amd64 (1.15-1) ...
Selecting previously unselected package libk5crypto3:amd64.
Preparing to unpack .../19-libk5crypto3_1.15-1_amd64.deb ...
Unpacking libk5crypto3:amd64 (1.15-1) ...
Selecting previously unselected package libkrb5-3:amd64.
Preparing to unpack .../20-libkrb5-3_1.15-1_amd64.deb ...
Unpacking libkrb5-3:amd64 (1.15-1) ...
Selecting previously unselected package libgssapi-krb5-2:amd64.
Preparing to unpack .../21-libgssapi-krb5-2_1.15-1_amd64.deb ...
Unpacking libgssapi-krb5-2:amd64 (1.15-1) ...
Selecting previously unselected package libsasl2-modules-db:amd64.
Preparing to unpack .../22-libsasl2-modules-db_2.1.27~101-g0780600+dfsg-2_amd64.deb ...
Unpacking libsasl2-modules-db:amd64 (2.1.27~101-g0780600+dfsg-2) ...
Selecting previously unselected package libsasl2-2:amd64.
Preparing to unpack .../23-libsasl2-2_2.1.27~101-g0780600+dfsg-2_amd64.deb ...
Unpacking libsasl2-2:amd64 (2.1.27~101-g0780600+dfsg-2) ...
Selecting previously unselected package libldap-common.
Preparing to unpack .../24-libldap-common_2.4.44+dfsg-3_all.deb ...
Unpacking libldap-common (2.4.44+dfsg-3) ...
Selecting previously unselected package libldap-2.4-2:amd64.
Preparing to unpack .../25-libldap-2.4-2_2.4.44+dfsg-3_amd64.deb ...
Unpacking libldap-2.4-2:amd64 (2.4.44+dfsg-3) ...
Selecting previously unselected package libsqlite3-0:amd64.
Preparing to unpack .../26-libsqlite3-0_3.16.2-3_amd64.deb ...
Unpacking libsqlite3-0:amd64 (3.16.2-3) ...
Selecting previously unselected package libicu57:amd64.
Preparing to unpack .../27-libicu57_57.1-5_amd64.deb ...
Unpacking libicu57:amd64 (57.1-5) ...
Selecting previously unselected package libxml2:amd64.
Preparing to unpack .../28-libxml2_2.9.4+dfsg1-2.2_amd64.deb ...
Unpacking libxml2:amd64 (2.9.4+dfsg1-2.2) ...
Selecting previously unselected package locales.
Preparing to unpack .../29-locales_2.24-9_all.deb ...
Unpacking locales (2.24-9) ...
Selecting previously unselected package ucf.
Preparing to unpack .../30-ucf_3.0036_all.deb ...
Moving old data out of the way
Unpacking ucf (3.0036) ...
Selecting previously unselected package m4.
Preparing to unpack .../31-m4_1.4.18-1_amd64.deb ...
Unpacking m4 (1.4.18-1) ...
Selecting previously unselected package autoconf.
Preparing to unpack .../32-autoconf_2.69-10_all.deb ...
Unpacking autoconf (2.69-10) ...
Selecting previously unselected package autotools-dev.
Preparing to unpack .../33-autotools-dev_20161112.1_all.deb ...
Unpacking autotools-dev (20161112.1) ...
Selecting previously unselected package automake.
Preparing to unpack .../34-automake_1%3a1.15-6_all.deb ...
Unpacking automake (1:1.15-6) ...
Selecting previously unselected package autopoint.
Preparing to unpack .../35-autopoint_0.19.8.1-2_all.deb ...
Unpacking autopoint (0.19.8.1-2) ...
Selecting previously unselected package libtool.
Preparing to unpack .../36-libtool_2.4.6-2_all.deb ...
Unpacking libtool (2.4.6-2) ...
Selecting previously unselected package dh-autoreconf.
Preparing to unpack .../37-dh-autoreconf_13_all.deb ...
Unpacking dh-autoreconf (13) ...
Selecting previously unselected package libarchive-zip-perl.
Preparing to unpack .../38-libarchive-zip-perl_1.59-1_all.deb ...
Unpacking libarchive-zip-perl (1.59-1) ...
Selecting previously unselected package libfile-stripnondeterminism-perl.
Preparing to unpack .../39-libfile-stripnondeterminism-perl_0.031-1_all.deb ...
Unpacking libfile-stripnondeterminism-perl (0.031-1) ...
Selecting previously unselected package libtimedate-perl.
Preparing to unpack .../40-libtimedate-perl_2.3000-2_all.deb ...
Unpacking libtimedate-perl (2.3000-2) ...
Selecting previously unselected package dh-strip-nondeterminism.
Preparing to unpack .../41-dh-strip-nondeterminism_0.031-1_all.deb ...
Unpacking dh-strip-nondeterminism (0.031-1) ...
Selecting previously unselected package libglib2.0-0:amd64.
Preparing to unpack .../42-libglib2.0-0_2.50.3-1_amd64.deb ...
Unpacking libglib2.0-0:amd64 (2.50.3-1) ...
Selecting previously unselected package libcroco3:amd64.
Preparing to unpack .../43-libcroco3_0.6.11-2_amd64.deb ...
Unpacking libcroco3:amd64 (0.6.11-2) ...
Selecting previously unselected package libunistring0:amd64.
Preparing to unpack .../44-libunistring0_0.9.6+really0.9.3-0.1_amd64.deb ...
Unpacking libunistring0:amd64 (0.9.6+really0.9.3-0.1) ...
Selecting previously unselected package gettext.
Preparing to unpack .../45-gettext_0.19.8.1-2_amd64.deb ...
Unpacking gettext (0.19.8.1-2) ...
Selecting previously unselected package intltool-debian.
Preparing to unpack .../46-intltool-debian_0.35.0+20060710.4_all.deb ...
Unpacking intltool-debian (0.35.0+20060710.4) ...
Selecting previously unselected package po-debconf.
Preparing to unpack .../47-po-debconf_1.0.20_all.deb ...
Unpacking po-debconf (1.0.20) ...
Selecting previously unselected package debhelper.
Preparing to unpack .../48-debhelper_10.2.5_all.deb ...
Unpacking debhelper (10.2.5) ...
Selecting previously unselected package libmariadbclient18:amd64.
Preparing to unpack .../49-libmariadbclient18_10.1.21-5+b1_amd64.deb ...
Unpacking libmariadbclient18:amd64 (10.1.21-5+b1) ...
Selecting previously unselected package zlib1g-dev:amd64.
Preparing to unpack .../50-zlib1g-dev_1%3a1.2.8.dfsg-5_amd64.deb ...
Unpacking zlib1g-dev:amd64 (1:1.2.8.dfsg-5) ...
Selecting previously unselected package libmariadbclient-dev.
Preparing to unpack .../51-libmariadbclient-dev_10.1.21-5+b1_amd64.deb ...
Unpacking libmariadbclient-dev (10.1.21-5+b1) ...
Selecting previously unselected package libmariadbclient-dev-compat:amd64.
Preparing to unpack .../52-libmariadbclient-dev-compat_10.1.21-5+b1_amd64.deb ...
Unpacking libmariadbclient-dev-compat:amd64 (10.1.21-5+b1) ...
Selecting previously unselected package default-libmysqlclient-dev:amd64.
Preparing to unpack .../53-default-libmysqlclient-dev_1.0.2_amd64.deb ...
Unpacking default-libmysqlclient-dev:amd64 (1.0.2) ...
Selecting previously unselected package default-mysql-client.
Preparing to unpack .../54-default-mysql-client_1.0.2_all.deb ...
Unpacking default-mysql-client (1.0.2) ...
Selecting previously unselected package default-mysql-server.
Preparing to unpack .../55-default-mysql-server_1.0.2_all.deb ...
Unpacking default-mysql-server (1.0.2) ...
Selecting previously unselected package xml-core.
Preparing to unpack .../56-xml-core_0.17_all.deb ...
Unpacking xml-core (0.17) ...
Selecting previously unselected package sgml-data.
Preparing to unpack .../57-sgml-data_2.0.10_all.deb ...
Unpacking sgml-data (2.0.10) ...
Selecting previously unselected package docbook.
Preparing to unpack .../58-docbook_4.5-6_all.deb ...
Unpacking docbook (4.5-6) ...
Selecting previously unselected package libosp5.
Preparing to unpack .../59-libosp5_1.5.2-13_amd64.deb ...
Unpacking libosp5 (1.5.2-13) ...
Selecting previously unselected package libostyle1c2.
Preparing to unpack .../60-libostyle1c2_1.4devel1-21.3_amd64.deb ...
Unpacking libostyle1c2 (1.4devel1-21.3) ...
Selecting previously unselected package openjade.
Preparing to unpack .../61-openjade_1.4devel1-21.3_amd64.deb ...
Unpacking openjade (1.4devel1-21.3) ...
Selecting previously unselected package docbook-dsssl.
Preparing to unpack .../62-docbook-dsssl_1.79-9.1_all.deb ...
Unpacking docbook-dsssl (1.79-9.1) ...
Selecting previously unselected package freetds-common.
Preparing to unpack .../63-freetds-common_0.91-6.1_all.deb ...
Unpacking freetds-common (0.91-6.1) ...
Selecting previously unselected package libct4:amd64.
Preparing to unpack .../64-libct4_0.91-6.1+b4_amd64.deb ...
Unpacking libct4:amd64 (0.91-6.1+b4) ...
Selecting previously unselected package libsybdb5:amd64.
Preparing to unpack .../65-libsybdb5_0.91-6.1+b4_amd64.deb ...
Unpacking libsybdb5:amd64 (0.91-6.1+b4) ...
Selecting previously unselected package freetds-dev.
Preparing to unpack .../66-freetds-dev_0.91-6.1+b4_amd64.deb ...
Unpacking freetds-dev (0.91-6.1+b4) ...
Selecting previously unselected package libdbi1:amd64.
Preparing to unpack .../67-libdbi1_0.9.0-4_amd64.deb ...
Unpacking libdbi1:amd64 (0.9.0-4) ...
Selecting previously unselected package libdbi-dev.
Preparing to unpack .../68-libdbi-dev_0.9.0-4_amd64.deb ...
Unpacking libdbi-dev (0.9.0-4) ...
Selecting previously unselected package libpq5:amd64.
Preparing to unpack .../69-libpq5_9.6.2-1_amd64.deb ...
Unpacking libpq5:amd64 (9.6.2-1) ...
Selecting previously unselected package libpq-dev.
Preparing to unpack .../70-libpq-dev_9.6.2-1_amd64.deb ...
Unpacking libpq-dev (9.6.2-1) ...
Selecting previously unselected package libsqlite0.
Preparing to unpack .../71-libsqlite0_2.8.17-14_amd64.deb ...
Unpacking libsqlite0 (2.8.17-14) ...
Selecting previously unselected package libsqlite0-dev.
Preparing to unpack .../72-libsqlite0-dev_2.8.17-14_amd64.deb ...
Unpacking libsqlite0-dev (2.8.17-14) ...
Selecting previously unselected package libsqlite3-dev:amd64.
Preparing to unpack .../73-libsqlite3-dev_3.16.2-3_amd64.deb ...
Unpacking libsqlite3-dev:amd64 (3.16.2-3) ...
Selecting previously unselected package openssl.
Preparing to unpack .../74-openssl_1.1.0e-1_amd64.deb ...
Unpacking openssl (1.1.0e-1) ...
Selecting previously unselected package postgresql-client-common.
Preparing to unpack .../75-postgresql-client-common_179_all.deb ...
Unpacking postgresql-client-common (179) ...
Selecting previously unselected package postgresql-client-9.6.
Preparing to unpack .../76-postgresql-client-9.6_9.6.2-1_amd64.deb ...
Unpacking postgresql-client-9.6 (9.6.2-1) ...
Selecting previously unselected package ssl-cert.
Preparing to unpack .../77-ssl-cert_1.0.38_all.deb ...
Unpacking ssl-cert (1.0.38) ...
Selecting previously unselected package postgresql-common.
Preparing to unpack .../78-postgresql-common_179_all.deb ...
Adding 'diversion of /usr/bin/pg_config to /usr/bin/pg_config.libpq-dev by postgresql-common'
Unpacking postgresql-common (179) ...
Selecting previously unselected package postgresql-9.6.
Preparing to unpack .../79-postgresql-9.6_9.6.2-1_amd64.deb ...
Unpacking postgresql-9.6 (9.6.2-1) ...
Selecting previously unselected package postgresql.
Preparing to unpack .../80-postgresql_9.6+179_all.deb ...
Unpacking postgresql (9.6+179) ...
Selecting previously unselected package locales-all.
Preparing to unpack .../81-locales-all_2.24-9_amd64.deb ...
Unpacking locales-all (2.24-9) ...
Selecting previously unselected package sbuild-build-depends-libdbi-drivers-dummy.
Preparing to unpack .../82-sbuild-build-depends-libdbi-drivers-dummy_0.invalid.0_amd64.deb ...
Unpacking sbuild-build-depends-libdbi-drivers-dummy (0.invalid.0) ...
Setting up libnettle6:amd64 (3.3-1+b1) ...
Setting up libpopt0:amd64 (1.16-10) ...
Setting up libdbi1:amd64 (0.9.0-4) ...
Setting up libarchive-zip-perl (1.59-1) ...
Setting up psmisc (22.21-2.1+b1) ...
Setting up libjemalloc1 (3.6.0-9.1) ...
Setting up libtimedate-perl (2.3000-2) ...
Setting up libldap-common (2.4.44+dfsg-3) ...
Setting up lsof (4.89+dfsg-0.1) ...
Setting up tzdata (2016j-2) ...

Current default time zone: 'Etc/UTC'
Local time is now:      Wed Mar  1 05:30:01 UTC 2017.
Universal Time is now:  Wed Mar  1 05:30:01 UTC 2017.
Run 'dpkg-reconfigure tzdata' if you wish to change it.

Setting up libelf1:amd64 (0.168-0.2) ...
Setting up groff-base (1.22.3-9) ...
Setting up libglib2.0-0:amd64 (2.50.3-1) ...
No schema files found: doing nothing.
Setting up libsasl2-modules-db:amd64 (2.1.27~101-g0780600+dfsg-2) ...
Setting up libsasl2-2:amd64 (2.1.27~101-g0780600+dfsg-2) ...
Setting up libosp5 (1.5.2-13) ...
Setting up gettext-base (0.19.8.1-2) ...
Setting up libpipeline1:amd64 (1.4.1-2) ...
Setting up freetds-common (0.91-6.1) ...
Setting up libmariadbclient18:amd64 (10.1.21-5+b1) ...
Setting up m4 (1.4.18-1) ...
Setting up sgml-base (1.29) ...
Setting up gawk (1:4.1.4+dfsg-1) ...
Setting up libicu57:amd64 (57.1-5) ...
Setting up libprocps6:amd64 (2:3.3.12-3) ...
Setting up ucf (3.0036) ...
Setting up libxml2:amd64 (2.9.4+dfsg1-2.2) ...
Setting up libtasn1-6:amd64 (4.10-1) ...
Setting up libmagic-mgc (1:5.29-3) ...
Setting up libmagic1:amd64 (1:5.29-3) ...
Setting up libhogweed4:amd64 (3.3-1+b1) ...
Setting up lsb-base (9.20161125) ...
Setting up rsync (3.1.2-1) ...
invoke-rc.d: could not determine current runlevel
All runlevel operations denied by policy
invoke-rc.d: policy-rc.d denied execution of restart.
Setting up procps (2:3.3.12-3) ...
update-alternatives: using /usr/bin/w.procps to provide /usr/bin/w (w) in auto mode
Setting up libcroco3:amd64 (0.6.11-2) ...
Setting up libdbi-dev (0.9.0-4) ...
Processing triggers for libc-bin (2.24-9) ...
Setting up libaio1:amd64 (0.3.110-3) ...
Setting up libostyle1c2 (1.4devel1-21.3) ...
Setting up autotools-dev (20161112.1) ...
Setting up libunistring0:amd64 (0.9.6+really0.9.3-0.1) ...
Setting up libssl1.1:amd64 (1.1.0e-1) ...
Setting up libc-l10n (2.24-9) ...
Setting up libp11-kit0:amd64 (0.23.3-5) ...
Setting up openjade (1.4devel1-21.3) ...
Setting up openssl (1.1.0e-1) ...
Setting up libsqlite3-0:amd64 (3.16.2-3) ...
Setting up xml-core (0.17) ...
Setting up libkeyutils1:amd64 (1.5.9-9) ...
Setting up libreadline5:amd64 (5.2+dfsg-3+b1) ...
Setting up bsdmainutils (9.0.12) ...
update-alternatives: using /usr/bin/bsd-write to provide /usr/bin/write (write) in auto mode
update-alternatives: using /usr/bin/bsd-from to provide /usr/bin/from (from) in auto mode
Setting up libmnl0:amd64 (1.0.4-2) ...
Setting up libsqlite0 (2.8.17-14) ...
Setting up locales (2.24-9) ...
Generating locales (this might take a while)...
Generation complete.
Setting up libdbi-perl (1.636-1+b1) ...
Setting up autopoint (0.19.8.1-2) ...
Setting up libidn11:amd64 (1.33-1) ...
Setting up libwrap0:amd64 (7.6.q-26) ...
Setting up netbase (5.4) ...
Setting up zlib1g-dev:amd64 (1:1.2.8.dfsg-5) ...
Setting up libfile-stripnondeterminism-perl (0.031-1) ...
Setting up libmariadbclient-dev (10.1.21-5+b1) ...
Setting up mariadb-server-core-10.1 (10.1.21-5+b1) ...
Setting up gettext (0.19.8.1-2) ...
Setting up libsqlite3-dev:amd64 (3.16.2-3) ...
Setting up socat (1.7.3.1-2) ...
Setting up libmariadbclient-dev-compat:amd64 (10.1.21-5+b1) ...
Setting up mariadb-client-core-10.1 (10.1.21-5+b1) ...
Setting up libgnutls30:amd64 (3.5.8-3) ...
Setting up ssl-cert (1.0.38) ...
Setting up autoconf (2.69-10) ...
Setting up file (1:5.29-3) ...
Setting up iproute2 (4.9.0-1) ...
Setting up libkrb5support0:amd64 (1.15-1) ...
Setting up libsqlite0-dev (2.8.17-14) ...
Setting up intltool-debian (0.35.0+20060710.4) ...
Setting up locales-all (2.24-9) ...
Setting up galera-3 (25.3.19-2) ...
Setting up libldap-2.4-2:amd64 (2.4.44+dfsg-3) ...
Setting up postgresql-client-common (179) ...
Setting up postgresql-common (179) ...
ERROR: ld.so: object 'libeatmydata.so' from LD_PRELOAD cannot be preloaded (cannot open shared object file): ignored.
Adding user postgres to group ssl-cert

Creating config file /etc/postgresql-common/createcluster.conf with new version
Building PostgreSQL dictionaries from installed myspell/hunspell packages...
Removing obsolete dictionary files:
invoke-rc.d: could not determine current runlevel
All runlevel operations denied by policy
invoke-rc.d: policy-rc.d denied execution of start.
Setting up automake (1:1.15-6) ...
update-alternatives: using /usr/bin/automake-1.15 to provide /usr/bin/automake (automake) in auto mode
Setting up man-db (2.7.6.1-2) ...
Not building database; man-db/auto-update is not 'true'.
Setting up default-libmysqlclient-dev:amd64 (1.0.2) ...
Setting up libtool (2.4.6-2) ...
Setting up libk5crypto3:amd64 (1.15-1) ...
Setting up mariadb-client-10.1 (10.1.21-5+b1) ...
Setting up po-debconf (1.0.20) ...
Setting up libkrb5-3:amd64 (1.15-1) ...
Setting up mariadb-server-10.1 (10.1.21-5+b1) ...
invoke-rc.d: could not determine current runlevel
All runlevel operations denied by policy
invoke-rc.d: policy-rc.d denied execution of stop.
invoke-rc.d: could not determine current runlevel
All runlevel operations denied by policy
invoke-rc.d: policy-rc.d denied execution of start.
Setting up default-mysql-client (1.0.2) ...
Setting up default-mysql-server (1.0.2) ...
Setting up libgssapi-krb5-2:amd64 (1.15-1) ...
Setting up libpq5:amd64 (9.6.2-1) ...
Setting up libsybdb5:amd64 (0.91-6.1+b4) ...
Setting up libct4:amd64 (0.91-6.1+b4) ...
Setting up libpq-dev (9.6.2-1) ...
Setting up postgresql-client-9.6 (9.6.2-1) ...
update-alternatives: using /usr/share/postgresql/9.6/man/man1/psql.1.gz to provide /usr/share/man/man1/psql.1.gz (psql.1.gz) in auto mode
Setting up freetds-dev (0.91-6.1+b4) ...
Setting up postgresql-9.6 (9.6.2-1) ...
Creating new cluster 9.6/main ...
  config /etc/postgresql/9.6/main
  data   /var/lib/postgresql/9.6/main
  locale C.UTF-8
  socket /var/run/postgresql
  port   5432
update-alternatives: using /usr/share/postgresql/9.6/man/man1/postmaster.1.gz to provide /usr/share/man/man1/postmaster.1.gz (postmaster.1.gz) in auto mode
invoke-rc.d: could not determine current runlevel
All runlevel operations denied by policy
invoke-rc.d: policy-rc.d denied execution of start.
Setting up postgresql (9.6+179) ...
Processing triggers for sgml-base (1.29) ...
Setting up sgml-data (2.0.10) ...
Processing triggers for sgml-base (1.29) ...
Setting up docbook (4.5-6) ...
Processing triggers for sgml-base (1.29) ...
Setting up docbook-dsssl (1.79-9.1) ...
Processing triggers for sgml-base (1.29) ...
Setting up dh-autoreconf (13) ...
Setting up dh-strip-nondeterminism (0.031-1) ...
Setting up debhelper (10.2.5) ...
Setting up sbuild-build-depends-libdbi-drivers-dummy (0.invalid.0) ...
Processing triggers for libc-bin (2.24-9) ...
W: No sandbox user '_apt' on the system, can not drop privileges

+------------------------------------------------------------------------------+
| Build environment                                                            |
+------------------------------------------------------------------------------+

Kernel: Linux 3.16.0-4-amd64 amd64 (x86_64)
Toolchain package versions: binutils_2.27.90.20170221-1 dpkg-dev_1.18.22 g++-6_6.3.0-8 gcc-6_6.3.0-8 libc6-dev_2.24-9 libstdc++-6-dev_6.3.0-8 libstdc++6_6.3.0-8 linux-libc-dev_4.9.13-1
Package versions: adduser_3.115 apt_1.4~rc2 autoconf_2.69-10 automake_1:1.15-6 autopoint_0.19.8.1-2 autotools-dev_20161112.1 base-files_9.8 base-passwd_3.5.43 bash_4.4-4 binutils_2.27.90.20170221-1 bsdmainutils_9.0.12 bsdutils_1:2.29.1-1 build-essential_12.3 bzip2_1.0.6-8.1 clang-4.0_1:4.0~+rc2-1 coreutils_8.26-3 cpp_4:6.3.0-1 cpp-6_6.3.0-8 dash_0.5.8-2.4 debconf_1.5.60 debfoster_2.7-2.1 debhelper_10.2.5 debian-archive-keyring_2014.3 debianutils_4.8.1 default-libmysqlclient-dev_1.0.2 default-mysql-client_1.0.2 default-mysql-server_1.0.2 dh-autoreconf_13 dh-strip-nondeterminism_0.031-1 diffutils_1:3.5-3 docbook_4.5-6 docbook-dsssl_1.79-9.1 dpkg_1.18.22 dpkg-dev_1.18.22 e2fslibs_1.43.4-2 e2fsprogs_1.43.4-2 eatmydata_105-5 fakeroot_1.21-3.1 file_1:5.29-3 findutils_4.6.0+git+20161106-2 freetds-common_0.91-6.1 freetds-dev_0.91-6.1+b4 g++_4:6.3.0-1 g++-6_6.3.0-8 galera-3_25.3.19-2 gawk_1:4.1.4+dfsg-1 gcc_4:6.3.0-1 gcc-6_6.3.0-8 gcc-6-base_6.3.0-8 gettext_0.19.8.1-2 gettext-base_0.19.8.1-2 gpgv_2.1.18-6 grep_2.27-2 groff-base_1.22.3-9 gzip_1.6-5 hostname_3.18 init-system-helpers_1.47 intltool-debian_0.35.0+20060710.4 iproute2_4.9.0-1 libacl1_2.2.52-3+b1 libaio1_0.3.110-3 libapt-pkg5.0_1.4~rc2 libarchive-zip-perl_1.59-1 libasan3_6.3.0-8 libatomic1_6.3.0-8 libattr1_1:2.4.47-2+b2 libaudit-common_1:2.6.7-1 libaudit1_1:2.6.7-1 libblkid1_2.29.1-1 libbsd0_0.8.3-1 libbz2-1.0_1.0.6-8.1 libc-bin_2.24-9 libc-dev-bin_2.24-9 libc-l10n_2.24-9 libc6_2.24-9 libc6-dev_2.24-9 libcap-ng0_0.7.7-3+b1 libcc1-0_6.3.0-8 libcilkrts5_6.3.0-8 libclang-common-4.0-dev_1:4.0~+rc2-1 libclang1-4.0_1:4.0~+rc2-1 libcomerr2_1.43.4-2 libcroco3_0.6.11-2 libct4_0.91-6.1+b4 libdb5.3_5.3.28-12+b1 libdbi-dev_0.9.0-4 libdbi-perl_1.636-1+b1 libdbi1_0.9.0-4 libdebconfclient0_0.224 libdpkg-perl_1.18.22 libeatmydata1_105-5 libedit2_3.1-20160903-3 libelf1_0.168-0.2 libfakeroot_1.21-3.1 libfdisk1_2.29.1-1 libffi6_3.2.1-6 libfile-stripnondeterminism-perl_0.031-1 libgc1c2_1:7.4.2-8 libgcc-6-dev_6.3.0-8 libgcc1_1:6.3.0-8 libgcrypt20_1.7.6-1 libgdbm3_1.8.3-14 libglib2.0-0_2.50.3-1 libgmp10_2:6.1.2+dfsg-1 libgnutls30_3.5.8-3 libgomp1_6.3.0-8 libgpg-error0_1.26-2 libgssapi-krb5-2_1.15-1 libhogweed4_3.3-1+b1 libicu57_57.1-5 libidn11_1.33-1 libisl15_0.18-1 libitm1_6.3.0-8 libjemalloc1_3.6.0-9.1 libjsoncpp1_1.7.4-3 libk5crypto3_1.15-1 libkeyutils1_1.5.9-9 libkrb5-3_1.15-1 libkrb5support0_1.15-1 libldap-2.4-2_2.4.44+dfsg-3 libldap-common_2.4.44+dfsg-3 libllvm4.0_1:4.0~+rc2-1 liblsan0_6.3.0-8 liblz4-1_0.0~r131-2+b1 liblzma5_5.2.2-1.2+b1 libmagic-mgc_1:5.29-3 libmagic1_1:5.29-3 libmariadbclient-dev_10.1.21-5+b1 libmariadbclient-dev-compat_10.1.21-5+b1 libmariadbclient18_10.1.21-5+b1 libmnl0_1.0.4-2 libmount1_2.29.1-1 libmpc3_1.0.3-1 libmpfr4_3.1.5-1 libmpx2_6.3.0-8 libncurses5_6.0+20161126-1 libncursesw5_6.0+20161126-1 libnettle6_3.3-1+b1 libobjc-6-dev_6.3.0-8 libobjc4_6.3.0-8 libosp5_1.5.2-13 libostyle1c2_1.4devel1-21.3 libp11-kit0_0.23.3-5 libpam-modules_1.1.8-3.5 libpam-modules-bin_1.1.8-3.5 libpam-runtime_1.1.8-3.5 libpam0g_1.1.8-3.5 libpcre3_2:8.39-2.1 libperl5.24_5.24.1-1 libpipeline1_1.4.1-2 libpopt0_1.16-10 libpq-dev_9.6.2-1 libpq5_9.6.2-1 libprocps6_2:3.3.12-3 libquadmath0_6.3.0-8 libreadline5_5.2+dfsg-3+b1 libreadline7_7.0-2 libsasl2-2_2.1.27~101-g0780600+dfsg-2 libsasl2-modules-db_2.1.27~101-g0780600+dfsg-2 libselinux1_2.6-3 libsemanage-common_2.6-2 libsemanage1_2.6-2 libsepol1_2.6-2 libsigsegv2_2.10-5 libsmartcols1_2.29.1-1 libsqlite0_2.8.17-14 libsqlite0-dev_2.8.17-14 libsqlite3-0_3.16.2-3 libsqlite3-dev_3.16.2-3 libss2_1.43.4-2 libssl1.1_1.1.0e-1 libstdc++-6-dev_6.3.0-8 libstdc++6_6.3.0-8 libsybdb5_0.91-6.1+b4 libsystemd0_232-18 libtasn1-6_4.10-1 libtimedate-perl_2.3000-2 libtinfo5_6.0+20161126-1 libtool_2.4.6-2 libtsan0_6.3.0-8 libubsan0_6.3.0-8 libudev1_232-18 libunistring0_0.9.6+really0.9.3-0.1 libustr-1.0-1_1.0.4-6 libuuid1_2.29.1-1 libwrap0_7.6.q-26 libxml2_2.9.4+dfsg1-2.2 linux-libc-dev_4.9.13-1 locales_2.24-9 locales-all_2.24-9 login_1:4.4-4 lsb-base_9.20161125 lsof_4.89+dfsg-0.1 m4_1.4.18-1 make_4.1-9.1 man-db_2.7.6.1-2 mariadb-client-10.1_10.1.21-5+b1 mariadb-client-core-10.1_10.1.21-5+b1 mariadb-common_10.1.21-5 mariadb-server-10.1_10.1.21-5+b1 mariadb-server-core-10.1_10.1.21-5+b1 mawk_1.3.3-17 mount_2.29.1-1 multiarch-support_2.24-9 mysql-common_5.8+1.0.2 ncurses-base_6.0+20161126-1 ncurses-bin_6.0+20161126-1 netbase_5.4 openjade_1.4devel1-21.3 openssl_1.1.0e-1 passwd_1:4.4-4 patch_2.7.5-1 perl_5.24.1-1 perl-base_5.24.1-1 perl-modules-5.24_5.24.1-1 po-debconf_1.0.20 postgresql_9.6+179 postgresql-9.6_9.6.2-1 postgresql-client-9.6_9.6.2-1 postgresql-client-common_179 postgresql-common_179 procps_2:3.3.12-3 psmisc_22.21-2.1+b1 readline-common_7.0-2 rsync_3.1.2-1 sbuild-build-depends-core-dummy_0.invalid.0 sbuild-build-depends-libdbi-drivers-dummy_0.invalid.0 sed_4.4-1 sensible-utils_0.0.9 sgml-base_1.29 sgml-data_2.0.10 socat_1.7.3.1-2 ssl-cert_1.0.38 sysvinit-utils_2.88dsf-59.9 tar_1.29b-1.1 tzdata_2016j-2 ucf_3.0036 util-linux_2.29.1-1 xml-core_0.17 xz-utils_5.2.2-1.2+b1 zlib1g_1:1.2.8.dfsg-5 zlib1g-dev_1:1.2.8.dfsg-5

+------------------------------------------------------------------------------+
| Build                                                                        |
+------------------------------------------------------------------------------+


Unpack source
-------------

gpgv: unknown type of key resource 'trustedkeys.kbx'
gpgv: keyblock resource '/sbuild-nonexistent/.gnupg/trustedkeys.kbx': General error
gpgv: Signature made Sun Nov 27 11:41:35 2016 UTC
gpgv:                using RSA key 7D887DC8BA7BBBA7B835E3BADCE310E7864CC8BF
gpgv: Can't check signature: No public key
dpkg-source: warning: failed to verify signature on ./libdbi-drivers_0.9.0-5.dsc
dpkg-source: info: extracting libdbi-drivers in /<<PKGBUILDDIR>>
dpkg-source: info: unpacking libdbi-drivers_0.9.0.orig.tar.gz
dpkg-source: info: unpacking libdbi-drivers_0.9.0-5.debian.tar.xz
dpkg-source: info: applying mysql_h_path.patch
dpkg-source: info: applying fix_sqlite3_lib_name.patch
dpkg-source: info: applying disable_some_tests_for_sqlite3.patch
dpkg-source: info: applying fix_ftbfs_on_hurd.patch
dpkg-source: info: applying dbd_sqlite3_resolve_a_stack_buffer_overflow.patch

Check disk space
----------------

Sufficient free space for build

User Environment
----------------

APT_CONFIG=/var/lib/sbuild/apt.conf
HOME=/sbuild-nonexistent
LC_ALL=POSIX
LOGNAME=user42
PATH=/usr/local/sbin:/usr/local/bin:/usr/sbin:/usr/bin:/sbin:/bin:/usr/games
SCHROOT_ALIAS_NAME=unstable-amd64-sbuild
SCHROOT_CHROOT_NAME=unstable-amd64-sbuild
SCHROOT_COMMAND=env
SCHROOT_GID=1001
SCHROOT_GROUP=user42
SCHROOT_SESSION_ID=unstable-amd64-sbuild-daa0f2d3-c8a9-4ed7-956c-a020b30bbbd4
SCHROOT_UID=1001
SCHROOT_USER=user42
SHELL=/bin/sh
USER=user42

dpkg-buildpackage
-----------------

dpkg-buildpackage: info: source package libdbi-drivers
dpkg-buildpackage: info: source version 0.9.0-5
dpkg-buildpackage: info: source distribution unstable
dpkg-buildpackage: info: source changed by Laszlo Boszormenyi (GCS) <gcs@debian.org>
 dpkg-source --before-build libdbi-drivers-0.9.0
dpkg-buildpackage: info: host architecture amd64
 fakeroot debian/rules clean
dh_testdir
dh_testroot
rm -f build-stamp test-stamp
rm -f libdbd-sqlite3.debhelper.log
[ ! -f Makefile ] || /usr/bin/make distclean
if [ -d debian/upstream-config-sub-and-guess ] ; then \
	cp debian/upstream-config-sub-and-guess/config.sub . ; \
	cp debian/upstream-config-sub-and-guess/config.guess . ; \
	rm -rf debian/upstream-config-sub-and-guess ; \
fi
rm -f config.log doc/include/Makefile doc/Makefile
dh_clean
dh_autoreconf_clean
# We need to deapply-all here, because of dh_autoreconf_clean that
# might do the opposite work as expected.
rm -f debian/*.log
 debian/rules build-arch
dh_testdir
dh_autoreconf
aclocal: warning: autoconf input should be named 'configure.ac', not 'configure.in'
libtoolize: putting auxiliary files in '.'.
libtoolize: copying file './ltmain.sh'
libtoolize: putting macros in AC_CONFIG_MACRO_DIRS, 'm4'.
libtoolize: copying file 'm4/libtool.m4'
libtoolize: copying file 'm4/ltoptions.m4'
libtoolize: copying file 'm4/ltsugar.m4'
libtoolize: copying file 'm4/ltversion.m4'
libtoolize: copying file 'm4/lt~obsolete.m4'
aclocal: warning: autoconf input should be named 'configure.ac', not 'configure.in'
automake: warning: autoconf input should be named 'configure.ac', not 'configure.in'
configure.in:5: warning: AM_INIT_AUTOMAKE: two- and three-arguments forms are deprecated.  For more info, see:
configure.in:5: http://www.gnu.org/software/automake/manual/automake.html#Modernize-AM_005fINIT_005fAUTOMAKE-invocation
configure.in:34: installing './compile'
configure.in:5: installing './missing'
drivers/db2/Makefile.am:33: warning: 'INCLUDES' is the old name for 'AM_CPPFLAGS' (or '*_CPPFLAGS')
automake: warning: autoconf input should be named 'configure.ac', not 'configure.in'
drivers/db2/Makefile.am: installing './depcomp'
drivers/firebird/Makefile.am:33: warning: 'INCLUDES' is the old name for 'AM_CPPFLAGS' (or '*_CPPFLAGS')
drivers/freetds/Makefile.am:32: warning: 'INCLUDES' is the old name for 'AM_CPPFLAGS' (or '*_CPPFLAGS')
drivers/ingres/Makefile.am:33: warning: 'INCLUDES' is the old name for 'AM_CPPFLAGS' (or '*_CPPFLAGS')
drivers/msql/Makefile.am:35: warning: 'INCLUDES' is the old name for 'AM_CPPFLAGS' (or '*_CPPFLAGS')
drivers/mysql/Makefile.am:37: warning: 'INCLUDES' is the old name for 'AM_CPPFLAGS' (or '*_CPPFLAGS')
drivers/oracle/Makefile.am:35: warning: 'INCLUDES' is the old name for 'AM_CPPFLAGS' (or '*_CPPFLAGS')
drivers/pgsql/Makefile.am:35: warning: 'INCLUDES' is the old name for 'AM_CPPFLAGS' (or '*_CPPFLAGS')
drivers/sqlite/Makefile.am:35: warning: 'INCLUDES' is the old name for 'AM_CPPFLAGS' (or '*_CPPFLAGS')
drivers/sqlite3/Makefile.am:35: warning: 'INCLUDES' is the old name for 'AM_CPPFLAGS' (or '*_CPPFLAGS')
tests/Makefile.am:17: warning: 'INCLUDES' is the old name for 'AM_CPPFLAGS' (or '*_CPPFLAGS')
parallel-tests: installing './test-driver'
tests/cgreen/Makefile.am:7: warning: 'INCLUDES' is the old name for 'AM_CPPFLAGS' (or '*_CPPFLAGS')
tests/cgreen/Makefile.am:9: warning: source file 'src/unit.c' is in a subdirectory,
tests/cgreen/Makefile.am:9: but option 'subdir-objects' is disabled
automake: warning: possible forward-incompatibility.
automake: At least a source file is in a subdirectory, but the 'subdir-objects'
automake: automake option hasn't been enabled.  For now, the corresponding output
automake: object file(s) will be placed in the top-level directory.  However,
automake: this behaviour will change in future Automake versions: they will
automake: unconditionally cause object files to be placed in the same subdirectory
automake: of the corresponding sources.
automake: You are advised to start using 'subdir-objects' option throughout your
automake: project, to avoid future incompatibilities.
tests/cgreen/Makefile.am:9: warning: source file 'src/messaging.c' is in a subdirectory,
tests/cgreen/Makefile.am:9: but option 'subdir-objects' is disabled
tests/cgreen/Makefile.am:9: warning: source file 'src/breadcrumb.c' is in a subdirectory,
tests/cgreen/Makefile.am:9: but option 'subdir-objects' is disabled
tests/cgreen/Makefile.am:9: warning: source file 'src/reporter.c' is in a subdirectory,
tests/cgreen/Makefile.am:9: but option 'subdir-objects' is disabled
tests/cgreen/Makefile.am:9: warning: source file 'src/assertions.c' is in a subdirectory,
tests/cgreen/Makefile.am:9: but option 'subdir-objects' is disabled
tests/cgreen/Makefile.am:9: warning: source file 'src/vector.c' is in a subdirectory,
tests/cgreen/Makefile.am:9: but option 'subdir-objects' is disabled
tests/cgreen/Makefile.am:9: warning: source file 'src/mocks.c' is in a subdirectory,
tests/cgreen/Makefile.am:9: but option 'subdir-objects' is disabled
tests/cgreen/Makefile.am:9: warning: source file 'src/constraint.c' is in a subdirectory,
tests/cgreen/Makefile.am:9: but option 'subdir-objects' is disabled
tests/cgreen/Makefile.am:9: warning: source file 'src/parameters.c' is in a subdirectory,
tests/cgreen/Makefile.am:9: but option 'subdir-objects' is disabled
tests/cgreen/Makefile.am:9: warning: source file 'src/text_reporter.c' is in a subdirectory,
tests/cgreen/Makefile.am:9: but option 'subdir-objects' is disabled
tests/cgreen/Makefile.am:9: warning: source file 'src/cdash_reporter.c' is in a subdirectory,
tests/cgreen/Makefile.am:9: but option 'subdir-objects' is disabled
if [ ! -d debian/upstream-config-sub-and-guess ] ; then \
	mkdir debian/upstream-config-sub-and-guess ; \
	cp config.sub debian/upstream-config-sub-and-guess ; \
	cp config.guess debian/upstream-config-sub-and-guess ; \
fi
# upgrade to more recent version before starting the configure process
cp /usr/share/misc/config.sub .
cp /usr/share/misc/config.guess .
./autogen.sh
libtoolize: putting auxiliary files in '.'.
libtoolize: copying file './ltmain.sh'
libtoolize: putting macros in AC_CONFIG_MACRO_DIRS, 'm4'.
libtoolize: copying file 'm4/libtool.m4'
libtoolize: copying file 'm4/ltoptions.m4'
libtoolize: copying file 'm4/ltsugar.m4'
libtoolize: copying file 'm4/ltversion.m4'
libtoolize: copying file 'm4/lt~obsolete.m4'
aclocal: warning: autoconf input should be named 'configure.ac', not 'configure.in'
automake: warning: autoconf input should be named 'configure.ac', not 'configure.in'
configure.in:5: warning: AM_INIT_AUTOMAKE: two- and three-arguments forms are deprecated.  For more info, see:
configure.in:5: http://www.gnu.org/software/automake/manual/automake.html#Modernize-AM_005fINIT_005fAUTOMAKE-invocation
configure.in:34: installing './compile'
configure.in:5: installing './missing'
drivers/db2/Makefile.am:33: warning: 'INCLUDES' is the old name for 'AM_CPPFLAGS' (or '*_CPPFLAGS')
automake: warning: autoconf input should be named 'configure.ac', not 'configure.in'
drivers/db2/Makefile.am: installing './depcomp'
drivers/firebird/Makefile.am:33: warning: 'INCLUDES' is the old name for 'AM_CPPFLAGS' (or '*_CPPFLAGS')
drivers/freetds/Makefile.am:32: warning: 'INCLUDES' is the old name for 'AM_CPPFLAGS' (or '*_CPPFLAGS')
drivers/ingres/Makefile.am:33: warning: 'INCLUDES' is the old name for 'AM_CPPFLAGS' (or '*_CPPFLAGS')
drivers/msql/Makefile.am:35: warning: 'INCLUDES' is the old name for 'AM_CPPFLAGS' (or '*_CPPFLAGS')
drivers/mysql/Makefile.am:37: warning: 'INCLUDES' is the old name for 'AM_CPPFLAGS' (or '*_CPPFLAGS')
drivers/oracle/Makefile.am:35: warning: 'INCLUDES' is the old name for 'AM_CPPFLAGS' (or '*_CPPFLAGS')
drivers/pgsql/Makefile.am:35: warning: 'INCLUDES' is the old name for 'AM_CPPFLAGS' (or '*_CPPFLAGS')
drivers/sqlite/Makefile.am:35: warning: 'INCLUDES' is the old name for 'AM_CPPFLAGS' (or '*_CPPFLAGS')
drivers/sqlite3/Makefile.am:35: warning: 'INCLUDES' is the old name for 'AM_CPPFLAGS' (or '*_CPPFLAGS')
tests/Makefile.am:17: warning: 'INCLUDES' is the old name for 'AM_CPPFLAGS' (or '*_CPPFLAGS')
tests/cgreen/Makefile.am:7: warning: 'INCLUDES' is the old name for 'AM_CPPFLAGS' (or '*_CPPFLAGS')
tests/cgreen/Makefile.am:9: warning: source file 'src/unit.c' is in a subdirectory,
tests/cgreen/Makefile.am:9: but option 'subdir-objects' is disabled
automake: warning: possible forward-incompatibility.
automake: At least a source file is in a subdirectory, but the 'subdir-objects'
automake: automake option hasn't been enabled.  For now, the corresponding output
automake: object file(s) will be placed in the top-level directory.  However,
automake: this behaviour will change in future Automake versions: they will
automake: unconditionally cause object files to be placed in the same subdirectory
automake: of the corresponding sources.
automake: You are advised to start using 'subdir-objects' option throughout your
automake: project, to avoid future incompatibilities.
tests/cgreen/Makefile.am:9: warning: source file 'src/messaging.c' is in a subdirectory,
tests/cgreen/Makefile.am:9: but option 'subdir-objects' is disabled
tests/cgreen/Makefile.am:9: warning: source file 'src/breadcrumb.c' is in a subdirectory,
tests/cgreen/Makefile.am:9: but option 'subdir-objects' is disabled
tests/cgreen/Makefile.am:9: warning: source file 'src/reporter.c' is in a subdirectory,
tests/cgreen/Makefile.am:9: but option 'subdir-objects' is disabled
tests/cgreen/Makefile.am:9: warning: source file 'src/assertions.c' is in a subdirectory,
tests/cgreen/Makefile.am:9: but option 'subdir-objects' is disabled
tests/cgreen/Makefile.am:9: warning: source file 'src/vector.c' is in a subdirectory,
tests/cgreen/Makefile.am:9: but option 'subdir-objects' is disabled
tests/cgreen/Makefile.am:9: warning: source file 'src/mocks.c' is in a subdirectory,
tests/cgreen/Makefile.am:9: but option 'subdir-objects' is disabled
tests/cgreen/Makefile.am:9: warning: source file 'src/constraint.c' is in a subdirectory,
tests/cgreen/Makefile.am:9: but option 'subdir-objects' is disabled
tests/cgreen/Makefile.am:9: warning: source file 'src/parameters.c' is in a subdirectory,
tests/cgreen/Makefile.am:9: but option 'subdir-objects' is disabled
tests/cgreen/Makefile.am:9: warning: source file 'src/text_reporter.c' is in a subdirectory,
tests/cgreen/Makefile.am:9: but option 'subdir-objects' is disabled
tests/cgreen/Makefile.am:9: warning: source file 'src/cdash_reporter.c' is in a subdirectory,
tests/cgreen/Makefile.am:9: but option 'subdir-objects' is disabled

Using autoconf (GNU Autoconf) 2.69
Copyright (C) 2012 Free Software Foundation, Inc.
License GPLv3+/Autoconf: GNU GPL version 3 or later
<http://gnu.org/licenses/gpl.html>, <http://gnu.org/licenses/exceptions.html>
This is free software: you are free to change and redistribute it.
There is NO WARRANTY, to the extent permitted by law.

Written by David J. MacKenzie and Akim Demaille., if you have problems
while building then set the environemnt variable AUTOCONF
to a different autoconf version and rerun ./autogen.sh

./configure --host=x86_64-linux-gnu --build=x86_64-linux-gnu \
	--with-dbi-libdir=/usr/lib/x86_64-linux-gnu \
	--prefix=/usr \
	--libdir=/usr/lib/x86_64-linux-gnu/ \
	--with-pgsql \
	--with-mysql \
	--with-mysql-incdir=/usr/include/x86_64-linux-gnu \
	--with-mysql-libdir=/usr/lib/x86_64-linux-gnu \
	--with-sqlite \
	--with-sqlite-incdir=/usr/include/x86_64-linux-gnu \
	--with-sqlite-libdir=/usr/lib/x86_64-linux-gnu \
	--with-sqlite3 \
	--with-sqlite3-incdir=/usr/include/x86_64-linux-gnu \
	--with-sqlite3-libdir=/usr/lib/x86_64-linux-gnu \
	--with-freetds \
	-with-freetds-dir=/usr \
	--enable-docs
configure: WARNING: unrecognized options: --with-freetds-dir
checking whether to enable maintainer-specific portions of Makefiles... no
checking for a BSD-compatible install... /usr/bin/install -c
checking whether build environment is sane... yes
checking for a thread-safe mkdir -p... /bin/mkdir -p
checking for gawk... gawk
checking whether make sets $(MAKE)... yes
checking whether make supports nested variables... yes
checking build system type... x86_64-pc-linux-gnu
checking host system type... x86_64-pc-linux-gnu
checking for x86_64-linux-gnu-gcc... x86_64-linux-gnu-gcc
checking whether the C compiler works... yes
checking for C compiler default output file name... a.out
checking for suffix of executables... 
checking whether we are cross compiling... no
checking for suffix of object files... o
checking whether we are using the GNU C compiler... yes
checking whether x86_64-linux-gnu-gcc accepts -g... yes
checking for x86_64-linux-gnu-gcc option to accept ISO C89... none needed
checking whether x86_64-linux-gnu-gcc understands -c and -o together... yes
checking for style of include used by make... GNU
checking dependency style of x86_64-linux-gnu-gcc... gcc3
checking for a sed that does not truncate output... /bin/sed
checking for grep that handles long lines and -e... /bin/grep
checking for egrep... /bin/grep -E
checking for fgrep... /bin/grep -F
checking how to print strings... printf
checking for ld used by x86_64-linux-gnu-gcc... /usr/bin/x86_64-linux-gnu-ld
checking if the linker (/usr/bin/x86_64-linux-gnu-ld) is GNU ld... yes
checking for BSD- or MS-compatible name lister (nm)... /usr/bin/x86_64-linux-gnu-nm -B
checking the name lister (/usr/bin/x86_64-linux-gnu-nm -B) interface... BSD nm
checking whether ln -s works... yes
checking the maximum length of command line arguments... 1572864
checking how to convert x86_64-pc-linux-gnu file names to x86_64-pc-linux-gnu format... func_convert_file_noop
checking how to convert x86_64-pc-linux-gnu file names to toolchain format... func_convert_file_noop
checking for /usr/bin/x86_64-linux-gnu-ld option to reload object files... -r
checking for x86_64-linux-gnu-objdump... objdump
checking how to recognize dependent libraries... pass_all
checking for x86_64-linux-gnu-dlltool... dlltool
checking how to associate runtime and link libraries... printf %s\n
checking for x86_64-linux-gnu-ar... x86_64-linux-gnu-ar
checking for archiver @FILE support... @
checking for x86_64-linux-gnu-strip... x86_64-linux-gnu-strip
checking for x86_64-linux-gnu-ranlib... x86_64-linux-gnu-ranlib
checking command to parse /usr/bin/x86_64-linux-gnu-nm -B output from x86_64-linux-gnu-gcc object... ok
checking for sysroot... no
checking for a working dd... /bin/dd
checking how to truncate binary pipes... /bin/dd bs=4096 count=1
checking for x86_64-linux-gnu-mt... no
checking for mt... no
checking if : is a manifest tool... no
checking how to run the C preprocessor... x86_64-linux-gnu-gcc -E
checking for ANSI C header files... yes
checking for sys/types.h... yes
checking for sys/stat.h... yes
checking for stdlib.h... yes
checking for string.h... yes
checking for memory.h... yes
checking for strings.h... yes
checking for inttypes.h... yes
checking for stdint.h... yes
checking for unistd.h... yes
checking for dlfcn.h... yes
checking for objdir... .libs
checking if x86_64-linux-gnu-gcc supports -fno-rtti -fno-exceptions... yes
checking for x86_64-linux-gnu-gcc option to produce PIC... -fPIC -DPIC
checking if x86_64-linux-gnu-gcc PIC flag -fPIC -DPIC works... yes
checking if x86_64-linux-gnu-gcc static flag -static works... yes
checking if x86_64-linux-gnu-gcc supports -c -o file.o... yes
checking if x86_64-linux-gnu-gcc supports -c -o file.o... (cached) yes
checking whether the x86_64-linux-gnu-gcc linker (/usr/bin/x86_64-linux-gnu-ld -m elf_x86_64) supports shared libraries... yes
checking whether -lc should be explicitly linked in... no
checking dynamic linker characteristics... GNU/Linux ld.so
checking how to hardcode library paths into programs... immediate
checking whether stripping libraries is possible... yes
checking if libtool supports shared libraries... yes
checking whether to build shared libraries... yes
checking whether to build static libraries... yes
checking how to run the C preprocessor... x86_64-linux-gnu-gcc -E
checking for libdbi framework... checking dbi/dbi.h usability... yes
checking dbi/dbi.h presence... yes
checking for dbi/dbi.h... yes
checking for MySQL support... yes
checking for MySQL includes... -I/usr/include/x86_64-linux-gnu
checking for MySQL libraries... 
checking for PostgreSQL support... yes
checking for pg_config... yes
checking for PostgreSQL includes... -I/usr/include/postgresql
checking for PostgreSQL libraries... /usr/lib/x86_64-linux-gnu
checking for SQLite support... yes
checking for SQLite3 support... yes
checking for Msql support... no
checking for Oracle support... no
checking for Firebird/Interbase support... no
checking for Freetds support... yes
checking tds.h usability... no
checking tds.h presence... no
checking for tds.h... no
checking for library containing ct_command... -lct
checking for Ingres support... no
checking for IBM DB2 support... no
checking for strtoll... yes
checking for atoll... yes
checking for vasprintf... yes
checking for asprintf... yes
checking for libdbi library... yes: libs in /usr/lib/x86_64-linux-gnu
checking for string.h... (cached) yes
checking for strings.h... (cached) yes
checking that generated files are newer than configure... done
configure: creating ./config.status
config.status: creating libdbi-drivers.spec
config.status: creating Makefile
config.status: creating doc/Makefile
config.status: creating doc/include/Makefile
config.status: creating drivers/Makefile
config.status: creating drivers/mysql/Makefile
config.status: creating drivers/pgsql/Makefile
config.status: creating drivers/sqlite/Makefile
config.status: creating drivers/sqlite3/Makefile
config.status: creating drivers/msql/Makefile
config.status: creating drivers/oracle/Makefile
config.status: creating drivers/firebird/Makefile
config.status: creating drivers/freetds/Makefile
config.status: creating drivers/ingres/Makefile
config.status: creating drivers/db2/Makefile
config.status: creating tests/Makefile
config.status: creating tests/cgreen/Makefile
config.status: creating tests/test_dbi.cfg
config.status: creating tests/plugin_settings.sh
config.status: creating config.h
config.status: executing depfiles commands
config.status: executing libtool commands
configure: WARNING: unrecognized options: --with-freetds-dir
dh_testdir
/usr/bin/make
make[1]: Entering directory '/<<PKGBUILDDIR>>'
/usr/bin/make  all-recursive
make[2]: Entering directory '/<<PKGBUILDDIR>>'
Making all in drivers
make[3]: Entering directory '/<<PKGBUILDDIR>>/drivers'
Making all in mysql
make[4]: Entering directory '/<<PKGBUILDDIR>>/drivers/mysql'
/bin/bash ../../libtool  --tag=CC   --mode=compile x86_64-linux-gnu-gcc -DHAVE_CONFIG_H -I. -I../.. -I../.. -I../../include  -I/usr/include/x86_64-linux-gnu  -Wdate-time -D_FORTIFY_SOURCE=2  -std=gnu99 -g -O2 -fdebug-prefix-map=/<<PKGBUILDDIR>>=. -fstack-protector-strong -Wformat -Werror=format-security -g -Wall -MT dbd_mysql.lo -MD -MP -MF .deps/dbd_mysql.Tpo -c -o dbd_mysql.lo dbd_mysql.c
libtool: compile:  x86_64-linux-gnu-gcc -DHAVE_CONFIG_H -I. -I../.. -I../.. -I../../include -I/usr/include/x86_64-linux-gnu -Wdate-time -D_FORTIFY_SOURCE=2 -std=gnu99 -g -O2 -fdebug-prefix-map=/<<PKGBUILDDIR>>=. -fstack-protector-strong -Wformat -Werror=format-security -g -Wall -MT dbd_mysql.lo -MD -MP -MF .deps/dbd_mysql.Tpo -c dbd_mysql.c  -fPIC -DPIC -o .libs/dbd_mysql.o
dbd_mysql.c:63:2: warning: expansion of date or time macro is not reproducible [-Wdate-time]
        __DATE__
        ^
dbd_mysql.c:231:8: warning: ignoring return value of function declared with 'warn_unused_result' attribute [-Wunused-result]
              asprintf(&sql_cmd, "SET NAMES '%s'", dbd_encoding_from_iana(encoding));
              ^~~~~~~~~~~~~~~~~~~~~~~~~~~~~~~~~~~~~~~~~~~~~~~~~~~~~~~~~~~~~~~~~~~~~~
/usr/include/x86_64-linux-gnu/bits/stdio2.h:199:3: note: expanded from macro 'asprintf'
  __asprintf_chk (ptr, __USE_FORTIFY_LEVEL - 1, __VA_ARGS__)
  ^~~~~~~~~~~~~~  ~~~~~~~~~~~~~~~~~~~~~~~~~~~~~~~~~~~~~~~~~
dbd_mysql.c:238:6: warning: ignoring return value of function declared with 'warn_unused_result' attribute [-Wunused-result]
            asprintf(&sql_cmd, "SET NAMES '%s'", dbd_encoding_from_iana(encoding));
            ^~~~~~~~~~~~~~~~~~~~~~~~~~~~~~~~~~~~~~~~~~~~~~~~~~~~~~~~~~~~~~~~~~~~~~
/usr/include/x86_64-linux-gnu/bits/stdio2.h:199:3: note: expanded from macro 'asprintf'
  __asprintf_chk (ptr, __USE_FORTIFY_LEVEL - 1, __VA_ARGS__)
  ^~~~~~~~~~~~~~  ~~~~~~~~~~~~~~~~~~~~~~~~~~~~~~~~~~~~~~~~~
dbd_mysql.c:323:21: warning: assigning to 'const char *' from 'const unsigned char *' converts between pointers to integer types with different sign [-Wpointer-sign]
              schemastring = dbi_result_get_binary_idx(dbires, 2);
                           ^ ~~~~~~~~~~~~~~~~~~~~~~~~~~~~~~~~~~~~
dbd_mysql.c:312:4: warning: ignoring return value of function declared with 'warn_unused_result' attribute [-Wunused-result]
          asprintf(&sql_cmd, "SHOW CREATE DATABASE %s", conn->current_db);
          ^~~~~~~~~~~~~~~~~~~~~~~~~~~~~~~~~~~~~~~~~~~~~~~~~~~~~~~~~~~~~~~
/usr/include/x86_64-linux-gnu/bits/stdio2.h:199:3: note: expanded from macro 'asprintf'
  __asprintf_chk (ptr, __USE_FORTIFY_LEVEL - 1, __VA_ARGS__)
  ^~~~~~~~~~~~~~  ~~~~~~~~~~~~~~~~~~~~~~~~~~~~~~~~~~~~~~~~~
dbd_mysql.c:347:15: warning: assigning to 'const char *' from 'const unsigned char *' converts between pointers to integer types with different sign [-Wpointer-sign]
              my_enc = dbi_result_get_binary_idx(dbires1, 2);
                     ^ ~~~~~~~~~~~~~~~~~~~~~~~~~~~~~~~~~~~~~
dbd_mysql.c:366:10: warning: assigning to 'const char *' from 'const unsigned char *' converts between pointers to integer types with different sign [-Wpointer-sign]
                my_enc = dbi_result_get_binary_idx(dbires2, 2);
                       ^ ~~~~~~~~~~~~~~~~~~~~~~~~~~~~~~~~~~~~~
dbd_mysql.c:355:6: warning: ignoring return value of function declared with 'warn_unused_result' attribute [-Wunused-result]
            asprintf(&sql_cmd, "SHOW VARIABLES LIKE '%s'", "character_set");
            ^~~~~~~~~~~~~~~~~~~~~~~~~~~~~~~~~~~~~~~~~~~~~~~~~~~~~~~~~~~~~~~
/usr/include/x86_64-linux-gnu/bits/stdio2.h:199:3: note: expanded from macro 'asprintf'
  __asprintf_chk (ptr, __USE_FORTIFY_LEVEL - 1, __VA_ARGS__)
  ^~~~~~~~~~~~~~  ~~~~~~~~~~~~~~~~~~~~~~~~~~~~~~~~~~~~~~~~~
dbd_mysql.c:337:4: warning: ignoring return value of function declared with 'warn_unused_result' attribute [-Wunused-result]
          asprintf(&sql_cmd, "SHOW VARIABLES LIKE '%s'", "character_set_connection");
          ^~~~~~~~~~~~~~~~~~~~~~~~~~~~~~~~~~~~~~~~~~~~~~~~~~~~~~~~~~~~~~~~~~~~~~~~~~
/usr/include/x86_64-linux-gnu/bits/stdio2.h:199:3: note: expanded from macro 'asprintf'
  __asprintf_chk (ptr, __USE_FORTIFY_LEVEL - 1, __VA_ARGS__)
  ^~~~~~~~~~~~~~  ~~~~~~~~~~~~~~~~~~~~~~~~~~~~~~~~~~~~~~~~~
dbd_mysql.c:466:3: warning: ignoring return value of function declared with 'warn_unused_result' attribute [-Wunused-result]
                asprintf(&sql_cmd, "SHOW DATABASES LIKE '%s'", pattern);
                ^~~~~~~~~~~~~~~~~~~~~~~~~~~~~~~~~~~~~~~~~~~~~~~~~~~~~~~
/usr/include/x86_64-linux-gnu/bits/stdio2.h:199:3: note: expanded from macro 'asprintf'
  __asprintf_chk (ptr, __USE_FORTIFY_LEVEL - 1, __VA_ARGS__)
  ^~~~~~~~~~~~~~  ~~~~~~~~~~~~~~~~~~~~~~~~~~~~~~~~~~~~~~~~~
dbd_mysql.c:482:3: warning: ignoring return value of function declared with 'warn_unused_result' attribute [-Wunused-result]
                asprintf(&sql_cmd, "SHOW TABLES FROM %s", db);
                ^~~~~~~~~~~~~~~~~~~~~~~~~~~~~~~~~~~~~~~~~~~~~
/usr/include/x86_64-linux-gnu/bits/stdio2.h:199:3: note: expanded from macro 'asprintf'
  __asprintf_chk (ptr, __USE_FORTIFY_LEVEL - 1, __VA_ARGS__)
  ^~~~~~~~~~~~~~  ~~~~~~~~~~~~~~~~~~~~~~~~~~~~~~~~~~~~~~~~~
dbd_mysql.c:488:3: warning: ignoring return value of function declared with 'warn_unused_result' attribute [-Wunused-result]
                asprintf(&sql_cmd, "SHOW TABLES FROM %s LIKE '%s'", db, pattern);
                ^~~~~~~~~~~~~~~~~~~~~~~~~~~~~~~~~~~~~~~~~~~~~~~~~~~~~~~~~~~~~~~~
/usr/include/x86_64-linux-gnu/bits/stdio2.h:199:3: note: expanded from macro 'asprintf'
  __asprintf_chk (ptr, __USE_FORTIFY_LEVEL - 1, __VA_ARGS__)
  ^~~~~~~~~~~~~~  ~~~~~~~~~~~~~~~~~~~~~~~~~~~~~~~~~~~~~~~~~
dbd_mysql.c:631:3: warning: ignoring return value of function declared with 'warn_unused_result' attribute [-Wunused-result]
  asprintf(&query, "SAVEPOINT %s", savepoint);
  ^~~~~~~~~~~~~~~~~~~~~~~~~~~~~~~~~~~~~~~~~~~
/usr/include/x86_64-linux-gnu/bits/stdio2.h:199:3: note: expanded from macro 'asprintf'
  __asprintf_chk (ptr, __USE_FORTIFY_LEVEL - 1, __VA_ARGS__)
  ^~~~~~~~~~~~~~  ~~~~~~~~~~~~~~~~~~~~~~~~~~~~~~~~~~~~~~~~~
dbd_mysql.c:650:3: warning: ignoring return value of function declared with 'warn_unused_result' attribute [-Wunused-result]
  asprintf(&query, "ROLLBACK TO SAVEPOINT %s", savepoint);
  ^~~~~~~~~~~~~~~~~~~~~~~~~~~~~~~~~~~~~~~~~~~~~~~~~~~~~~~
/usr/include/x86_64-linux-gnu/bits/stdio2.h:199:3: note: expanded from macro 'asprintf'
  __asprintf_chk (ptr, __USE_FORTIFY_LEVEL - 1, __VA_ARGS__)
  ^~~~~~~~~~~~~~  ~~~~~~~~~~~~~~~~~~~~~~~~~~~~~~~~~~~~~~~~~
dbd_mysql.c:669:3: warning: ignoring return value of function declared with 'warn_unused_result' attribute [-Wunused-result]
  asprintf(&query, "RELEASE SAVEPOINT %s", savepoint);
  ^~~~~~~~~~~~~~~~~~~~~~~~~~~~~~~~~~~~~~~~~~~~~~~~~~~
/usr/include/x86_64-linux-gnu/bits/stdio2.h:199:3: note: expanded from macro 'asprintf'
  __asprintf_chk (ptr, __USE_FORTIFY_LEVEL - 1, __VA_ARGS__)
  ^~~~~~~~~~~~~~  ~~~~~~~~~~~~~~~~~~~~~~~~~~~~~~~~~~~~~~~~~
15 warnings generated.
libtool: compile:  x86_64-linux-gnu-gcc -DHAVE_CONFIG_H -I. -I../.. -I../.. -I../../include -I/usr/include/x86_64-linux-gnu -Wdate-time -D_FORTIFY_SOURCE=2 -std=gnu99 -g -O2 -fdebug-prefix-map=/<<PKGBUILDDIR>>=. -fstack-protector-strong -Wformat -Werror=format-security -g -Wall -MT dbd_mysql.lo -MD -MP -MF .deps/dbd_mysql.Tpo -c dbd_mysql.c -o dbd_mysql.o >/dev/null 2>&1
mv -f .deps/dbd_mysql.Tpo .deps/dbd_mysql.Plo
/bin/bash ../../libtool  --tag=CC   --mode=link x86_64-linux-gnu-gcc  -std=gnu99 -g -O2 -fdebug-prefix-map=/<<PKGBUILDDIR>>=. -fstack-protector-strong -Wformat -Werror=format-security -g -Wall -module -avoid-version  -L/usr/lib/x86_64-linux-gnu -lmysqlclient -no-undefined -ldbi -L/usr/lib/x86_64-linux-gnu -Wl,-z,relro -o libdbdmysql.la -rpath /usr/lib/x86_64-linux-gnu/dbd dbd_mysql.lo  
libtool: link: x86_64-linux-gnu-gcc -shared  -fPIC -DPIC  .libs/dbd_mysql.o   -L/usr/lib/x86_64-linux-gnu -lmysqlclient -ldbi  -g -O2 -fstack-protector-strong -g -Wl,-z -Wl,relro   -Wl,-soname -Wl,libdbdmysql.so -o .libs/libdbdmysql.so
libtool: link: x86_64-linux-gnu-ar cru .libs/libdbdmysql.a  dbd_mysql.o
x86_64-linux-gnu-ar: `u' modifier ignored since `D' is the default (see `U')
libtool: link: x86_64-linux-gnu-ranlib .libs/libdbdmysql.a
libtool: link: ( cd ".libs" && rm -f "libdbdmysql.la" && ln -s "../libdbdmysql.la" "libdbdmysql.la" )
Converting dbd_mysql.sgml to HTML...
mkdir -p dbd_mysql && cd dbd_mysql && openjade -t sgml -d ../../../doc/include/doc-html.dsl ../dbd_mysql.sgml
Converting dbd_mysql.sgml to HTML...
mkdir -p dbd_mysql && cd dbd_mysql && openjade -t sgml -d ../../../doc/include/doc-html.dsl ../dbd_mysql.sgml
Converting dbd_mysql.sgml to HTML...
mkdir -p dbd_mysql && cd dbd_mysql && openjade -t sgml -d ../../../doc/include/doc-html.dsl ../dbd_mysql.sgml
Converting dbd_mysql.sgml to HTML...
mkdir -p dbd_mysql && cd dbd_mysql && openjade -t sgml -d ../../../doc/include/doc-html.dsl ../dbd_mysql.sgml
Converting dbd_mysql.sgml to HTML...
mkdir -p dbd_mysql && cd dbd_mysql && openjade -t sgml -d ../../../doc/include/doc-html.dsl ../dbd_mysql.sgml
Converting dbd_mysql.sgml to HTML...
mkdir -p dbd_mysql && cd dbd_mysql && openjade -t sgml -d ../../../doc/include/doc-html.dsl ../dbd_mysql.sgml
Converting dbd_mysql.sgml to HTML...
mkdir -p dbd_mysql && cd dbd_mysql && openjade -t sgml -d ../../../doc/include/doc-html.dsl ../dbd_mysql.sgml
Converting dbd_mysql.sgml to HTML...
mkdir -p dbd_mysql && cd dbd_mysql && openjade -t sgml -d ../../../doc/include/doc-html.dsl ../dbd_mysql.sgml
make[4]: Leaving directory '/<<PKGBUILDDIR>>/drivers/mysql'
Making all in pgsql
make[4]: Entering directory '/<<PKGBUILDDIR>>/drivers/pgsql'
/bin/bash ../../libtool  --tag=CC   --mode=compile x86_64-linux-gnu-gcc -DHAVE_CONFIG_H -I. -I../.. -I../.. -I../../include  -I/usr/include/postgresql  -Wdate-time -D_FORTIFY_SOURCE=2  -std=gnu99 -g -O2 -fdebug-prefix-map=/<<PKGBUILDDIR>>=. -fstack-protector-strong -Wformat -Werror=format-security -g -Wall -MT dbd_pgsql.lo -MD -MP -MF .deps/dbd_pgsql.Tpo -c -o dbd_pgsql.lo dbd_pgsql.c
libtool: compile:  x86_64-linux-gnu-gcc -DHAVE_CONFIG_H -I. -I../.. -I../.. -I../../include -I/usr/include/postgresql -Wdate-time -D_FORTIFY_SOURCE=2 -std=gnu99 -g -O2 -fdebug-prefix-map=/<<PKGBUILDDIR>>=. -fstack-protector-strong -Wformat -Werror=format-security -g -Wall -MT dbd_pgsql.lo -MD -MP -MF .deps/dbd_pgsql.Tpo -c dbd_pgsql.c  -fPIC -DPIC -o .libs/dbd_pgsql.o
dbd_pgsql.c:65:2: warning: expansion of date or time macro is not reproducible [-Wdate-time]
        __DATE__
        ^
dbd_pgsql.c:246:6: warning: ignoring return value of function declared with 'warn_unused_result' attribute [-Wunused-result]
            CONNINFO_APPEND_ESCAPED( conninfo, "%s='%s'", pgopt, optval );
            ^~~~~~~~~~~~~~~~~~~~~~~~~~~~~~~~~~~~~~~~~~~~~~~~~~~~~~~~~~~~~
dbd_pgsql.c:118:9: note: expanded from macro 'CONNINFO_APPEND_ESCAPED'
        CONNINFO_APPEND( conninfo, fmt, key, value_escaped );        \
        ^~~~~~~~~~~~~~~~~~~~~~~~~~~~~~~~~~~~~~~~~~~~~~~~~~~~
dbd_pgsql.c:126:13: note: expanded from macro 'CONNINFO_APPEND'
            asprintf( &conninfo, "%s " fmt, tmp, key, value );       \
            ^~~~~~~~~~~~~~~~~~~~~~~~~~~~~~~~~~~~~~~~~~~~~~~~~
/usr/include/x86_64-linux-gnu/bits/stdio2.h:199:3: note: expanded from macro 'asprintf'
  __asprintf_chk (ptr, __USE_FORTIFY_LEVEL - 1, __VA_ARGS__)
  ^~~~~~~~~~~~~~  ~~~~~~~~~~~~~~~~~~~~~~~~~~~~~~~~~~~~~~~~~
dbd_pgsql.c:246:6: warning: ignoring return value of function declared with 'warn_unused_result' attribute [-Wunused-result]
            CONNINFO_APPEND_ESCAPED( conninfo, "%s='%s'", pgopt, optval );
            ^~~~~~~~~~~~~~~~~~~~~~~~~~~~~~~~~~~~~~~~~~~~~~~~~~~~~~~~~~~~~
dbd_pgsql.c:118:9: note: expanded from macro 'CONNINFO_APPEND_ESCAPED'
        CONNINFO_APPEND( conninfo, fmt, key, value_escaped );        \
        ^~~~~~~~~~~~~~~~~~~~~~~~~~~~~~~~~~~~~~~~~~~~~~~~~~~~
dbd_pgsql.c:130:13: note: expanded from macro 'CONNINFO_APPEND'
            asprintf( &conninfo, fmt, key, value );                  \
            ^~~~~~~~~~~~~~~~~~~~~~~~~~~~~~~~~~~~~~
/usr/include/x86_64-linux-gnu/bits/stdio2.h:199:3: note: expanded from macro 'asprintf'
  __asprintf_chk (ptr, __USE_FORTIFY_LEVEL - 1, __VA_ARGS__)
  ^~~~~~~~~~~~~~  ~~~~~~~~~~~~~~~~~~~~~~~~~~~~~~~~~~~~~~~~~
dbd_pgsql.c:249:6: warning: ignoring return value of function declared with 'warn_unused_result' attribute [-Wunused-result]
            CONNINFO_APPEND( conninfo, "%s='%d'", pgopt, optval_num );
            ^~~~~~~~~~~~~~~~~~~~~~~~~~~~~~~~~~~~~~~~~~~~~~~~~~~~~~~~~
dbd_pgsql.c:126:13: note: expanded from macro 'CONNINFO_APPEND'
            asprintf( &conninfo, "%s " fmt, tmp, key, value );       \
            ^~~~~~~~~~~~~~~~~~~~~~~~~~~~~~~~~~~~~~~~~~~~~~~~~
/usr/include/x86_64-linux-gnu/bits/stdio2.h:199:3: note: expanded from macro 'asprintf'
  __asprintf_chk (ptr, __USE_FORTIFY_LEVEL - 1, __VA_ARGS__)
  ^~~~~~~~~~~~~~  ~~~~~~~~~~~~~~~~~~~~~~~~~~~~~~~~~~~~~~~~~
dbd_pgsql.c:249:6: warning: ignoring return value of function declared with 'warn_unused_result' attribute [-Wunused-result]
            CONNINFO_APPEND( conninfo, "%s='%d'", pgopt, optval_num );
            ^~~~~~~~~~~~~~~~~~~~~~~~~~~~~~~~~~~~~~~~~~~~~~~~~~~~~~~~~
dbd_pgsql.c:130:13: note: expanded from macro 'CONNINFO_APPEND'
            asprintf( &conninfo, fmt, key, value );                  \
            ^~~~~~~~~~~~~~~~~~~~~~~~~~~~~~~~~~~~~~
/usr/include/x86_64-linux-gnu/bits/stdio2.h:199:3: note: expanded from macro 'asprintf'
  __asprintf_chk (ptr, __USE_FORTIFY_LEVEL - 1, __VA_ARGS__)
  ^~~~~~~~~~~~~~  ~~~~~~~~~~~~~~~~~~~~~~~~~~~~~~~~~~~~~~~~~
dbd_pgsql.c:261:3: warning: ignoring return value of function declared with 'warn_unused_result' attribute [-Wunused-result]
                CONNINFO_APPEND_ESCAPED( conninfo, "%s='%s'", "dbname", dbname );
                ^~~~~~~~~~~~~~~~~~~~~~~~~~~~~~~~~~~~~~~~~~~~~~~~~~~~~~~~~~~~~~~~
dbd_pgsql.c:118:9: note: expanded from macro 'CONNINFO_APPEND_ESCAPED'
        CONNINFO_APPEND( conninfo, fmt, key, value_escaped );        \
        ^~~~~~~~~~~~~~~~~~~~~~~~~~~~~~~~~~~~~~~~~~~~~~~~~~~~
dbd_pgsql.c:126:13: note: expanded from macro 'CONNINFO_APPEND'
            asprintf( &conninfo, "%s " fmt, tmp, key, value );       \
            ^~~~~~~~~~~~~~~~~~~~~~~~~~~~~~~~~~~~~~~~~~~~~~~~~
/usr/include/x86_64-linux-gnu/bits/stdio2.h:199:3: note: expanded from macro 'asprintf'
  __asprintf_chk (ptr, __USE_FORTIFY_LEVEL - 1, __VA_ARGS__)
  ^~~~~~~~~~~~~~  ~~~~~~~~~~~~~~~~~~~~~~~~~~~~~~~~~~~~~~~~~
dbd_pgsql.c:261:3: warning: ignoring return value of function declared with 'warn_unused_result' attribute [-Wunused-result]
                CONNINFO_APPEND_ESCAPED( conninfo, "%s='%s'", "dbname", dbname );
                ^~~~~~~~~~~~~~~~~~~~~~~~~~~~~~~~~~~~~~~~~~~~~~~~~~~~~~~~~~~~~~~~
dbd_pgsql.c:118:9: note: expanded from macro 'CONNINFO_APPEND_ESCAPED'
        CONNINFO_APPEND( conninfo, fmt, key, value_escaped );        \
        ^~~~~~~~~~~~~~~~~~~~~~~~~~~~~~~~~~~~~~~~~~~~~~~~~~~~
dbd_pgsql.c:130:13: note: expanded from macro 'CONNINFO_APPEND'
            asprintf( &conninfo, fmt, key, value );                  \
            ^~~~~~~~~~~~~~~~~~~~~~~~~~~~~~~~~~~~~~
/usr/include/x86_64-linux-gnu/bits/stdio2.h:199:3: note: expanded from macro 'asprintf'
  __asprintf_chk (ptr, __USE_FORTIFY_LEVEL - 1, __VA_ARGS__)
  ^~~~~~~~~~~~~~  ~~~~~~~~~~~~~~~~~~~~~~~~~~~~~~~~~~~~~~~~~
dbd_pgsql.c:265:6: warning: ignoring return value of function declared with 'warn_unused_result' attribute [-Wunused-result]
            CONNINFO_APPEND( conninfo, "%s='%d'", "port", 5432 );
            ^~~~~~~~~~~~~~~~~~~~~~~~~~~~~~~~~~~~~~~~~~~~~~~~~~~~
dbd_pgsql.c:126:13: note: expanded from macro 'CONNINFO_APPEND'
            asprintf( &conninfo, "%s " fmt, tmp, key, value );       \
            ^~~~~~~~~~~~~~~~~~~~~~~~~~~~~~~~~~~~~~~~~~~~~~~~~
/usr/include/x86_64-linux-gnu/bits/stdio2.h:199:3: note: expanded from macro 'asprintf'
  __asprintf_chk (ptr, __USE_FORTIFY_LEVEL - 1, __VA_ARGS__)
  ^~~~~~~~~~~~~~  ~~~~~~~~~~~~~~~~~~~~~~~~~~~~~~~~~~~~~~~~~
dbd_pgsql.c:265:6: warning: ignoring return value of function declared with 'warn_unused_result' attribute [-Wunused-result]
            CONNINFO_APPEND( conninfo, "%s='%d'", "port", 5432 );
            ^~~~~~~~~~~~~~~~~~~~~~~~~~~~~~~~~~~~~~~~~~~~~~~~~~~~
dbd_pgsql.c:130:13: note: expanded from macro 'CONNINFO_APPEND'
            asprintf( &conninfo, fmt, key, value );                  \
            ^~~~~~~~~~~~~~~~~~~~~~~~~~~~~~~~~~~~~~
/usr/include/x86_64-linux-gnu/bits/stdio2.h:199:3: note: expanded from macro 'asprintf'
  __asprintf_chk (ptr, __USE_FORTIFY_LEVEL - 1, __VA_ARGS__)
  ^~~~~~~~~~~~~~  ~~~~~~~~~~~~~~~~~~~~~~~~~~~~~~~~~~~~~~~~~
dbd_pgsql.c:368:4: warning: ignoring return value of function declared with 'warn_unused_result' attribute [-Wunused-result]
          asprintf(&sql_cmd, "SELECT encoding FROM pg_database WHERE datname='%s'", conn->current_db);
          ^~~~~~~~~~~~~~~~~~~~~~~~~~~~~~~~~~~~~~~~~~~~~~~~~~~~~~~~~~~~~~~~~~~~~~~~~~~~~~~~~~~~~~~~~~~
/usr/include/x86_64-linux-gnu/bits/stdio2.h:199:3: note: expanded from macro 'asprintf'
  __asprintf_chk (ptr, __USE_FORTIFY_LEVEL - 1, __VA_ARGS__)
  ^~~~~~~~~~~~~~  ~~~~~~~~~~~~~~~~~~~~~~~~~~~~~~~~~~~~~~~~~
dbd_pgsql.c:373:8: warning: variable 'my_enc' is used uninitialized whenever 'if' condition is false [-Wsometimes-uninitialized]
          if (dbires && dbi_result_next_row(dbires)) {
              ^~~~~~~~~~~~~~~~~~~~~~~~~~~~~~~~~~~~~
dbd_pgsql.c:380:7: note: uninitialized use occurs here
        if (!my_enc) {
             ^~~~~~
dbd_pgsql.c:373:4: note: remove the 'if' if its condition is always true
          if (dbires && dbi_result_next_row(dbires)) {
          ^~~~~~~~~~~~~~~~~~~~~~~~~~~~~~~~~~~~~~~~~~~
dbd_pgsql.c:373:8: warning: variable 'my_enc' is used uninitialized whenever '&&' condition is false [-Wsometimes-uninitialized]
          if (dbires && dbi_result_next_row(dbires)) {
              ^~~~~~
dbd_pgsql.c:380:7: note: uninitialized use occurs here
        if (!my_enc) {
             ^~~~~~
dbd_pgsql.c:373:8: note: remove the '&&' if its condition is always true
          if (dbires && dbi_result_next_row(dbires)) {
              ^~~~~~~~~
dbd_pgsql.c:342:20: note: initialize the variable 'my_enc' to silence this warning
        const char* my_enc;
                          ^
                           = NULL
dbd_pgsql.c:433:3: warning: ignoring return value of function declared with 'warn_unused_result' attribute [-Wunused-result]
                asprintf(&sql_cmd, "SELECT datname FROM pg_database WHERE datname LIKE '%s'", pattern);
                ^~~~~~~~~~~~~~~~~~~~~~~~~~~~~~~~~~~~~~~~~~~~~~~~~~~~~~~~~~~~~~~~~~~~~~~~~~~~~~~~~~~~~~
/usr/include/x86_64-linux-gnu/bits/stdio2.h:199:3: note: expanded from macro 'asprintf'
  __asprintf_chk (ptr, __USE_FORTIFY_LEVEL - 1, __VA_ARGS__)
  ^~~~~~~~~~~~~~  ~~~~~~~~~~~~~~~~~~~~~~~~~~~~~~~~~~~~~~~~~
dbd_pgsql.c:562:3: warning: ignoring return value of function declared with 'warn_unused_result' attribute [-Wunused-result]
  asprintf(&query, "SAVEPOINT %s", savepoint);
  ^~~~~~~~~~~~~~~~~~~~~~~~~~~~~~~~~~~~~~~~~~~
/usr/include/x86_64-linux-gnu/bits/stdio2.h:199:3: note: expanded from macro 'asprintf'
  __asprintf_chk (ptr, __USE_FORTIFY_LEVEL - 1, __VA_ARGS__)
  ^~~~~~~~~~~~~~  ~~~~~~~~~~~~~~~~~~~~~~~~~~~~~~~~~~~~~~~~~
dbd_pgsql.c:581:3: warning: ignoring return value of function declared with 'warn_unused_result' attribute [-Wunused-result]
  asprintf(&query, "ROLLBACK TO SAVEPOINT %s", savepoint);
  ^~~~~~~~~~~~~~~~~~~~~~~~~~~~~~~~~~~~~~~~~~~~~~~~~~~~~~~
/usr/include/x86_64-linux-gnu/bits/stdio2.h:199:3: note: expanded from macro 'asprintf'
  __asprintf_chk (ptr, __USE_FORTIFY_LEVEL - 1, __VA_ARGS__)
  ^~~~~~~~~~~~~~  ~~~~~~~~~~~~~~~~~~~~~~~~~~~~~~~~~~~~~~~~~
dbd_pgsql.c:600:3: warning: ignoring return value of function declared with 'warn_unused_result' attribute [-Wunused-result]
  asprintf(&query, "RELEASE SAVEPOINT %s", savepoint);
  ^~~~~~~~~~~~~~~~~~~~~~~~~~~~~~~~~~~~~~~~~~~~~~~~~~~
/usr/include/x86_64-linux-gnu/bits/stdio2.h:199:3: note: expanded from macro 'asprintf'
  __asprintf_chk (ptr, __USE_FORTIFY_LEVEL - 1, __VA_ARGS__)
  ^~~~~~~~~~~~~~  ~~~~~~~~~~~~~~~~~~~~~~~~~~~~~~~~~~~~~~~~~
dbd_pgsql.c:646:2: warning: ignoring return value of function declared with 'warn_unused_result' attribute [-Wunused-result]
        asprintf(&sql_cmd, "SELECT currval('%s')", sequence);
        ^~~~~~~~~~~~~~~~~~~~~~~~~~~~~~~~~~~~~~~~~~~~~~~~~~~~
/usr/include/x86_64-linux-gnu/bits/stdio2.h:199:3: note: expanded from macro 'asprintf'
  __asprintf_chk (ptr, __USE_FORTIFY_LEVEL - 1, __VA_ARGS__)
  ^~~~~~~~~~~~~~  ~~~~~~~~~~~~~~~~~~~~~~~~~~~~~~~~~~~~~~~~~
dbd_pgsql.c:668:2: warning: ignoring return value of function declared with 'warn_unused_result' attribute [-Wunused-result]
        asprintf(&sql_cmd, "SELECT nextval('%s')", sequence);
        ^~~~~~~~~~~~~~~~~~~~~~~~~~~~~~~~~~~~~~~~~~~~~~~~~~~~
/usr/include/x86_64-linux-gnu/bits/stdio2.h:199:3: note: expanded from macro 'asprintf'
  __asprintf_chk (ptr, __USE_FORTIFY_LEVEL - 1, __VA_ARGS__)
  ^~~~~~~~~~~~~~  ~~~~~~~~~~~~~~~~~~~~~~~~~~~~~~~~~~~~~~~~~
18 warnings generated.
libtool: compile:  x86_64-linux-gnu-gcc -DHAVE_CONFIG_H -I. -I../.. -I../.. -I../../include -I/usr/include/postgresql -Wdate-time -D_FORTIFY_SOURCE=2 -std=gnu99 -g -O2 -fdebug-prefix-map=/<<PKGBUILDDIR>>=. -fstack-protector-strong -Wformat -Werror=format-security -g -Wall -MT dbd_pgsql.lo -MD -MP -MF .deps/dbd_pgsql.Tpo -c dbd_pgsql.c -o dbd_pgsql.o >/dev/null 2>&1
mv -f .deps/dbd_pgsql.Tpo .deps/dbd_pgsql.Plo
/bin/bash ../../libtool  --tag=CC   --mode=link x86_64-linux-gnu-gcc  -std=gnu99 -g -O2 -fdebug-prefix-map=/<<PKGBUILDDIR>>=. -fstack-protector-strong -Wformat -Werror=format-security -g -Wall -module -avoid-version /usr/lib/x86_64-linux-gnu -lpq -no-undefined -ldbi -L/usr/lib/x86_64-linux-gnu -Wl,-z,relro -o libdbdpgsql.la -rpath /usr/lib/x86_64-linux-gnu/dbd dbd_pgsql.lo  
libtool: link: x86_64-linux-gnu-gcc -shared  -fPIC -DPIC  .libs/dbd_pgsql.o   -lpq -ldbi -L/usr/lib/x86_64-linux-gnu  -g -O2 -fstack-protector-strong -g -Wl,-z -Wl,relro   -Wl,-soname -Wl,libdbdpgsql.so -o .libs/libdbdpgsql.so
libtool: link: x86_64-linux-gnu-ar cru .libs/libdbdpgsql.a  dbd_pgsql.o
x86_64-linux-gnu-ar: `u' modifier ignored since `D' is the default (see `U')
libtool: link: x86_64-linux-gnu-ranlib .libs/libdbdpgsql.a
libtool: link: ( cd ".libs" && rm -f "libdbdpgsql.la" && ln -s "../libdbdpgsql.la" "libdbdpgsql.la" )
make[4]: Leaving directory '/<<PKGBUILDDIR>>/drivers/pgsql'
Making all in sqlite
make[4]: Entering directory '/<<PKGBUILDDIR>>/drivers/sqlite'
/bin/bash ../../libtool  --tag=CC   --mode=compile x86_64-linux-gnu-gcc -DHAVE_CONFIG_H -I. -I../.. -I../.. -I../../include  -I/usr/include/x86_64-linux-gnu -DDBDIR=\"/usr/var/lib/libdbi/sqlite\" -Wdate-time -D_FORTIFY_SOURCE=2  -std=gnu99 -g -O2 -fdebug-prefix-map=/<<PKGBUILDDIR>>=. -fstack-protector-strong -Wformat -Werror=format-security -g -Wall -MT dbd_sqlite.lo -MD -MP -MF .deps/dbd_sqlite.Tpo -c -o dbd_sqlite.lo dbd_sqlite.c
libtool: compile:  x86_64-linux-gnu-gcc -DHAVE_CONFIG_H -I. -I../.. -I../.. -I../../include -I/usr/include/x86_64-linux-gnu -DDBDIR=\"/usr/var/lib/libdbi/sqlite\" -Wdate-time -D_FORTIFY_SOURCE=2 -std=gnu99 -g -O2 -fdebug-prefix-map=/<<PKGBUILDDIR>>=. -fstack-protector-strong -Wformat -Werror=format-security -g -Wall -MT dbd_sqlite.lo -MD -MP -MF .deps/dbd_sqlite.Tpo -c dbd_sqlite.c  -fPIC -DPIC -o .libs/dbd_sqlite.o
dbd_sqlite.c:69:3: warning: expansion of date or time macro is not reproducible [-Wdate-time]
  __DATE__
  ^
dbd_sqlite.c:382:14: warning: 'readdir_r' is deprecated [-Wdeprecated-declarations]
    retval = readdir_r(dp, entry, &result);
             ^
/usr/include/dirent.h:183:12: note: 'readdir_r' has been explicitly marked deprecated here
extern int readdir_r (DIR *__restrict __dirp,
           ^
dbd_sqlite.c:377:3: warning: ignoring return value of function declared with 'warn_unused_result' attribute [-Wunused-result]
  getcwd(old_cwd, _POSIX_PATH_MAX);
  ^~~~~~ ~~~~~~~~~~~~~~~~~~~~~~~~
dbd_sqlite.c:378:3: warning: ignoring return value of function declared with 'warn_unused_result' attribute [-Wunused-result]
  chdir(sq_datadir);
  ^~~~~ ~~~~~~~~~~
dbd_sqlite.c:447:3: warning: ignoring return value of function declared with 'warn_unused_result' attribute [-Wunused-result]
  chdir(old_cwd);
  ^~~~~ ~~~~~~~
dbd_sqlite.c:359:7: warning: variable 'dp' is used uninitialized whenever '&&' condition is false [-Wsometimes-uninitialized]
  if (sq_datadir && (dp = opendir(sq_datadir)) == NULL) {
      ^~~~~~~~~~
dbd_sqlite.c:365:33: note: uninitialized use occurs here
  entry_size = _dirent_buf_size(dp);
                                ^~
dbd_sqlite.c:359:7: note: remove the '&&' if its condition is always true
  if (sq_datadir && (dp = opendir(sq_datadir)) == NULL) {
      ^~~~~~~~~~~~~
dbd_sqlite.c:335:10: note: initialize the variable 'dp' to silence this warning
  DIR *dp;
         ^
          = NULL
dbd_sqlite.c:493:5: warning: ignoring return value of function declared with 'warn_unused_result' attribute [-Wunused-result]
    asprintf(&sql_cmd, "SELECT name FROM sqlite_master WHERE type='table' ORDER BY name");
    ^~~~~~~~~~~~~~~~~~~~~~~~~~~~~~~~~~~~~~~~~~~~~~~~~~~~~~~~~~~~~~~~~~~~~~~~~~~~~~~~~~~~~
/usr/include/x86_64-linux-gnu/bits/stdio2.h:199:3: note: expanded from macro 'asprintf'
  __asprintf_chk (ptr, __USE_FORTIFY_LEVEL - 1, __VA_ARGS__)
  ^~~~~~~~~~~~~~  ~~~~~~~~~~~~~~~~~~~~~~~~~~~~~~~~~~~~~~~~~
dbd_sqlite.c:496:5: warning: ignoring return value of function declared with 'warn_unused_result' attribute [-Wunused-result]
    asprintf(&sql_cmd, "SELECT name FROM sqlite_master WHERE type='table' AND name LIKE '%s' ORDER BY name", pattern);
    ^~~~~~~~~~~~~~~~~~~~~~~~~~~~~~~~~~~~~~~~~~~~~~~~~~~~~~~~~~~~~~~~~~~~~~~~~~~~~~~~~~~~~~~~~~~~~~~~~~~~~~~~~~~~~~~~~
/usr/include/x86_64-linux-gnu/bits/stdio2.h:199:3: note: expanded from macro 'asprintf'
  __asprintf_chk (ptr, __USE_FORTIFY_LEVEL - 1, __VA_ARGS__)
  ^~~~~~~~~~~~~~  ~~~~~~~~~~~~~~~~~~~~~~~~~~~~~~~~~~~~~~~~~
dbd_sqlite.c:573:18: warning: unused variable 'errflag' [-Wunused-variable]
  dbi_error_flag errflag = 0;
                 ^
dbd_sqlite.c:654:3: warning: ignoring return value of function declared with 'warn_unused_result' attribute [-Wunused-result]
  asprintf(&query, "SAVEPOINT %s", savepoint);
  ^~~~~~~~~~~~~~~~~~~~~~~~~~~~~~~~~~~~~~~~~~~
/usr/include/x86_64-linux-gnu/bits/stdio2.h:199:3: note: expanded from macro 'asprintf'
  __asprintf_chk (ptr, __USE_FORTIFY_LEVEL - 1, __VA_ARGS__)
  ^~~~~~~~~~~~~~  ~~~~~~~~~~~~~~~~~~~~~~~~~~~~~~~~~~~~~~~~~
dbd_sqlite.c:673:3: warning: ignoring return value of function declared with 'warn_unused_result' attribute [-Wunused-result]
  asprintf(&query, "ROLLBACK TO SAVEPOINT %s", savepoint);
  ^~~~~~~~~~~~~~~~~~~~~~~~~~~~~~~~~~~~~~~~~~~~~~~~~~~~~~~
/usr/include/x86_64-linux-gnu/bits/stdio2.h:199:3: note: expanded from macro 'asprintf'
  __asprintf_chk (ptr, __USE_FORTIFY_LEVEL - 1, __VA_ARGS__)
  ^~~~~~~~~~~~~~  ~~~~~~~~~~~~~~~~~~~~~~~~~~~~~~~~~~~~~~~~~
dbd_sqlite.c:692:3: warning: ignoring return value of function declared with 'warn_unused_result' attribute [-Wunused-result]
  asprintf(&query, "RELEASE SAVEPOINT %s", savepoint);
  ^~~~~~~~~~~~~~~~~~~~~~~~~~~~~~~~~~~~~~~~~~~~~~~~~~~
/usr/include/x86_64-linux-gnu/bits/stdio2.h:199:3: note: expanded from macro 'asprintf'
  __asprintf_chk (ptr, __USE_FORTIFY_LEVEL - 1, __VA_ARGS__)
  ^~~~~~~~~~~~~~  ~~~~~~~~~~~~~~~~~~~~~~~~~~~~~~~~~~~~~~~~~
dbd_sqlite.c:741:18: warning: unused variable 'errflag' [-Wunused-variable]
  dbi_error_flag errflag = 0;
                 ^
dbd_sqlite.c:1282:55: warning: passing 'char *' to parameter of type 'const unsigned char *' converts between pointers to integer types with different sign [-Wpointer-sign]
      row->field_sizes[curfield] = _dbd_decode_binary(data->d_string, data->d_string);
                                                      ^~~~~~~~~~~~~~
/usr/include/dbi/dbd.h:81:48: note: passing argument to parameter 'in' here
size_t _dbd_decode_binary(const unsigned char *in, unsigned char *out);
                                               ^
dbd_sqlite.c:1282:71: warning: passing 'char *' to parameter of type 'unsigned char *' converts between pointers to integer types with different sign [-Wpointer-sign]
      row->field_sizes[curfield] = _dbd_decode_binary(data->d_string, data->d_string);
                                                                      ^~~~~~~~~~~~~~
/usr/include/dbi/dbd.h:81:67: note: passing argument to parameter 'out' here
size_t _dbd_decode_binary(const unsigned char *in, unsigned char *out);
                                                                  ^
15 warnings generated.
libtool: compile:  x86_64-linux-gnu-gcc -DHAVE_CONFIG_H -I. -I../.. -I../.. -I../../include -I/usr/include/x86_64-linux-gnu -DDBDIR=\"/usr/var/lib/libdbi/sqlite\" -Wdate-time -D_FORTIFY_SOURCE=2 -std=gnu99 -g -O2 -fdebug-prefix-map=/<<PKGBUILDDIR>>=. -fstack-protector-strong -Wformat -Werror=format-security -g -Wall -MT dbd_sqlite.lo -MD -MP -MF .deps/dbd_sqlite.Tpo -c dbd_sqlite.c -o dbd_sqlite.o >/dev/null 2>&1
mv -f .deps/dbd_sqlite.Tpo .deps/dbd_sqlite.Plo
/bin/bash ../../libtool  --tag=CC   --mode=link x86_64-linux-gnu-gcc  -std=gnu99 -g -O2 -fdebug-prefix-map=/<<PKGBUILDDIR>>=. -fstack-protector-strong -Wformat -Werror=format-security -g -Wall -module -avoid-version -L/usr/lib/x86_64-linux-gnu -lsqlite -no-undefined -ldbi -L/usr/lib/x86_64-linux-gnu -Wl,-z,relro -o libdbdsqlite.la -rpath /usr/lib/x86_64-linux-gnu/dbd dbd_sqlite.lo  
libtool: link: x86_64-linux-gnu-gcc -shared  -fPIC -DPIC  .libs/dbd_sqlite.o   -L/usr/lib/x86_64-linux-gnu /usr/lib/libsqlite.so -ldbi  -g -O2 -fstack-protector-strong -g -Wl,-z -Wl,relro   -Wl,-soname -Wl,libdbdsqlite.so -o .libs/libdbdsqlite.so
libtool: link: x86_64-linux-gnu-ar cru .libs/libdbdsqlite.a  dbd_sqlite.o
x86_64-linux-gnu-ar: `u' modifier ignored since `D' is the default (see `U')
libtool: link: x86_64-linux-gnu-ranlib .libs/libdbdsqlite.a
libtool: link: ( cd ".libs" && rm -f "libdbdsqlite.la" && ln -s "../libdbdsqlite.la" "libdbdsqlite.la" )
make[4]: Leaving directory '/<<PKGBUILDDIR>>/drivers/sqlite'
Making all in sqlite3
make[4]: Entering directory '/<<PKGBUILDDIR>>/drivers/sqlite3'
/bin/bash ../../libtool  --tag=CC   --mode=compile x86_64-linux-gnu-gcc -DHAVE_CONFIG_H -I. -I../.. -I../.. -I../../include  -I/usr/include/x86_64-linux-gnu -DDBDIR=\"/usr/var/lib/libdbi/sqlite3\" -Wdate-time -D_FORTIFY_SOURCE=2  -std=gnu99 -g -O2 -fdebug-prefix-map=/<<PKGBUILDDIR>>=. -fstack-protector-strong -Wformat -Werror=format-security -g -Wall -MT dbd_sqlite3.lo -MD -MP -MF .deps/dbd_sqlite3.Tpo -c -o dbd_sqlite3.lo dbd_sqlite3.c
libtool: compile:  x86_64-linux-gnu-gcc -DHAVE_CONFIG_H -I. -I../.. -I../.. -I../../include -I/usr/include/x86_64-linux-gnu -DDBDIR=\"/usr/var/lib/libdbi/sqlite3\" -Wdate-time -D_FORTIFY_SOURCE=2 -std=gnu99 -g -O2 -fdebug-prefix-map=/<<PKGBUILDDIR>>=. -fstack-protector-strong -Wformat -Werror=format-security -g -Wall -MT dbd_sqlite3.lo -MD -MP -MF .deps/dbd_sqlite3.Tpo -c dbd_sqlite3.c  -fPIC -DPIC -o .libs/dbd_sqlite3.o
dbd_sqlite3.c:69:3: warning: expansion of date or time macro is not reproducible [-Wdate-time]
  __DATE__
  ^
dbd_sqlite3.c:426:14: warning: 'readdir_r' is deprecated [-Wdeprecated-declarations]
    retval = readdir_r(dp, entry, &result);
             ^
/usr/include/dirent.h:183:12: note: 'readdir_r' has been explicitly marked deprecated here
extern int readdir_r (DIR *__restrict __dirp,
           ^
dbd_sqlite3.c:421:3: warning: ignoring return value of function declared with 'warn_unused_result' attribute [-Wunused-result]
  getcwd(old_cwd, _POSIX_PATH_MAX);
  ^~~~~~ ~~~~~~~~~~~~~~~~~~~~~~~~
dbd_sqlite3.c:422:3: warning: ignoring return value of function declared with 'warn_unused_result' attribute [-Wunused-result]
  chdir(sq_datadir);
  ^~~~~ ~~~~~~~~~~
dbd_sqlite3.c:491:3: warning: ignoring return value of function declared with 'warn_unused_result' attribute [-Wunused-result]
  chdir(old_cwd);
  ^~~~~ ~~~~~~~
dbd_sqlite3.c:403:7: warning: variable 'dp' is used uninitialized whenever '&&' condition is false [-Wsometimes-uninitialized]
  if (sq_datadir && (dp = opendir(sq_datadir)) == NULL) {
      ^~~~~~~~~~
dbd_sqlite3.c:409:33: note: uninitialized use occurs here
  entry_size = _dirent_buf_size(dp);
                                ^~
dbd_sqlite3.c:403:7: note: remove the '&&' if its condition is always true
  if (sq_datadir && (dp = opendir(sq_datadir)) == NULL) {
      ^~~~~~~~~~~~~
dbd_sqlite3.c:379:10: note: initialize the variable 'dp' to silence this warning
  DIR *dp;
         ^
          = NULL
dbd_sqlite3.c:537:5: warning: ignoring return value of function declared with 'warn_unused_result' attribute [-Wunused-result]
    asprintf(&sql_cmd, "SELECT name FROM sqlite_master WHERE type='table' ORDER BY name");
    ^~~~~~~~~~~~~~~~~~~~~~~~~~~~~~~~~~~~~~~~~~~~~~~~~~~~~~~~~~~~~~~~~~~~~~~~~~~~~~~~~~~~~
/usr/include/x86_64-linux-gnu/bits/stdio2.h:199:3: note: expanded from macro 'asprintf'
  __asprintf_chk (ptr, __USE_FORTIFY_LEVEL - 1, __VA_ARGS__)
  ^~~~~~~~~~~~~~  ~~~~~~~~~~~~~~~~~~~~~~~~~~~~~~~~~~~~~~~~~
dbd_sqlite3.c:540:5: warning: ignoring return value of function declared with 'warn_unused_result' attribute [-Wunused-result]
    asprintf(&sql_cmd, "SELECT name FROM sqlite_master WHERE type='table' AND name LIKE '%s' ORDER BY name", pattern);
    ^~~~~~~~~~~~~~~~~~~~~~~~~~~~~~~~~~~~~~~~~~~~~~~~~~~~~~~~~~~~~~~~~~~~~~~~~~~~~~~~~~~~~~~~~~~~~~~~~~~~~~~~~~~~~~~~~
/usr/include/x86_64-linux-gnu/bits/stdio2.h:199:3: note: expanded from macro 'asprintf'
  __asprintf_chk (ptr, __USE_FORTIFY_LEVEL - 1, __VA_ARGS__)
  ^~~~~~~~~~~~~~  ~~~~~~~~~~~~~~~~~~~~~~~~~~~~~~~~~~~~~~~~~
dbd_sqlite3.c:547:7: warning: ignoring return value of function declared with 'warn_unused_result' attribute [-Wunused-result]
      asprintf(&sql_cmd, "INSERT INTO libdbi_tablenames VALUES ('%s')", dbi_result_get_string(dbi_result, "name"));
      ^~~~~~~~~~~~~~~~~~~~~~~~~~~~~~~~~~~~~~~~~~~~~~~~~~~~~~~~~~~~~~~~~~~~~~~~~~~~~~~~~~~~~~~~~~~~~~~~~~~~~~~~~~~~
/usr/include/x86_64-linux-gnu/bits/stdio2.h:199:3: note: expanded from macro 'asprintf'
  __asprintf_chk (ptr, __USE_FORTIFY_LEVEL - 1, __VA_ARGS__)
  ^~~~~~~~~~~~~~  ~~~~~~~~~~~~~~~~~~~~~~~~~~~~~~~~~~~~~~~~~
dbd_sqlite3.c:616:18: warning: unused variable 'errflag' [-Wunused-variable]
  dbi_error_flag errflag = 0;
                 ^
dbd_sqlite3.c:673:18: warning: unused variable 'errflag' [-Wunused-variable]
  dbi_error_flag errflag = 0;
                 ^
dbd_sqlite3.c:757:3: warning: ignoring return value of function declared with 'warn_unused_result' attribute [-Wunused-result]
  asprintf(&query, "SAVEPOINT %s", savepoint);
  ^~~~~~~~~~~~~~~~~~~~~~~~~~~~~~~~~~~~~~~~~~~
/usr/include/x86_64-linux-gnu/bits/stdio2.h:199:3: note: expanded from macro 'asprintf'
  __asprintf_chk (ptr, __USE_FORTIFY_LEVEL - 1, __VA_ARGS__)
  ^~~~~~~~~~~~~~  ~~~~~~~~~~~~~~~~~~~~~~~~~~~~~~~~~~~~~~~~~
dbd_sqlite3.c:776:3: warning: ignoring return value of function declared with 'warn_unused_result' attribute [-Wunused-result]
  asprintf(&query, "ROLLBACK TO SAVEPOINT %s", savepoint);
  ^~~~~~~~~~~~~~~~~~~~~~~~~~~~~~~~~~~~~~~~~~~~~~~~~~~~~~~
/usr/include/x86_64-linux-gnu/bits/stdio2.h:199:3: note: expanded from macro 'asprintf'
  __asprintf_chk (ptr, __USE_FORTIFY_LEVEL - 1, __VA_ARGS__)
  ^~~~~~~~~~~~~~  ~~~~~~~~~~~~~~~~~~~~~~~~~~~~~~~~~~~~~~~~~
dbd_sqlite3.c:795:3: warning: ignoring return value of function declared with 'warn_unused_result' attribute [-Wunused-result]
  asprintf(&query, "RELEASE SAVEPOINT %s", savepoint);
  ^~~~~~~~~~~~~~~~~~~~~~~~~~~~~~~~~~~~~~~~~~~~~~~~~~~
/usr/include/x86_64-linux-gnu/bits/stdio2.h:199:3: note: expanded from macro 'asprintf'
  __asprintf_chk (ptr, __USE_FORTIFY_LEVEL - 1, __VA_ARGS__)
  ^~~~~~~~~~~~~~  ~~~~~~~~~~~~~~~~~~~~~~~~~~~~~~~~~~~~~~~~~
dbd_sqlite3.c:830:7: warning: unused variable 'curr_table_index' [-Wunused-variable]
  int curr_table_index;
      ^
dbd_sqlite3.c:1116:18: warning: unused variable 'errflag' [-Wunused-variable]
  dbi_error_flag errflag = 0;
                 ^
dbd_sqlite3.c:1741:55: warning: passing 'char *' to parameter of type 'const unsigned char *' converts between pointers to integer types with different sign [-Wpointer-sign]
      row->field_sizes[curfield] = _dbd_decode_binary(data->d_string, data->d_string);
                                                      ^~~~~~~~~~~~~~
/usr/include/dbi/dbd.h:81:48: note: passing argument to parameter 'in' here
size_t _dbd_decode_binary(const unsigned char *in, unsigned char *out);
                                               ^
dbd_sqlite3.c:1741:71: warning: passing 'char *' to parameter of type 'unsigned char *' converts between pointers to integer types with different sign [-Wpointer-sign]
      row->field_sizes[curfield] = _dbd_decode_binary(data->d_string, data->d_string);
                                                                      ^~~~~~~~~~~~~~
/usr/include/dbi/dbd.h:81:67: note: passing argument to parameter 'out' here
size_t _dbd_decode_binary(const unsigned char *in, unsigned char *out);
                                                                  ^
dbd_sqlite3.c:78:19: warning: unused variable 'sqlite3_encoding_UTF16' [-Wunused-const-variable]
static const char sqlite3_encoding_UTF16[] = "UTF-16";
                  ^
19 warnings generated.
libtool: compile:  x86_64-linux-gnu-gcc -DHAVE_CONFIG_H -I. -I../.. -I../.. -I../../include -I/usr/include/x86_64-linux-gnu -DDBDIR=\"/usr/var/lib/libdbi/sqlite3\" -Wdate-time -D_FORTIFY_SOURCE=2 -std=gnu99 -g -O2 -fdebug-prefix-map=/<<PKGBUILDDIR>>=. -fstack-protector-strong -Wformat -Werror=format-security -g -Wall -MT dbd_sqlite3.lo -MD -MP -MF .deps/dbd_sqlite3.Tpo -c dbd_sqlite3.c -o dbd_sqlite3.o >/dev/null 2>&1
mv -f .deps/dbd_sqlite3.Tpo .deps/dbd_sqlite3.Plo
/bin/bash ../../libtool  --tag=CC   --mode=link x86_64-linux-gnu-gcc  -std=gnu99 -g -O2 -fdebug-prefix-map=/<<PKGBUILDDIR>>=. -fstack-protector-strong -Wformat -Werror=format-security -g -Wall -module -avoid-version -L/usr/lib/x86_64-linux-gnu -lsqlite3 -no-undefined -ldbi -L/usr/lib/x86_64-linux-gnu -Wl,-z,relro -o libdbdsqlite3.la -rpath /usr/lib/x86_64-linux-gnu/dbd dbd_sqlite3.lo  
libtool: link: x86_64-linux-gnu-gcc -shared  -fPIC -DPIC  .libs/dbd_sqlite3.o   -L/usr/lib/x86_64-linux-gnu /usr/lib/x86_64-linux-gnu/libsqlite3.so -ldbi  -g -O2 -fstack-protector-strong -g -Wl,-z -Wl,relro   -Wl,-soname -Wl,libdbdsqlite3.so -o .libs/libdbdsqlite3.so
libtool: link: x86_64-linux-gnu-ar cru .libs/libdbdsqlite3.a  dbd_sqlite3.o
x86_64-linux-gnu-ar: `u' modifier ignored since `D' is the default (see `U')
libtool: link: x86_64-linux-gnu-ranlib .libs/libdbdsqlite3.a
libtool: link: ( cd ".libs" && rm -f "libdbdsqlite3.la" && ln -s "../libdbdsqlite3.la" "libdbdsqlite3.la" )
make[4]: Leaving directory '/<<PKGBUILDDIR>>/drivers/sqlite3'
Making all in msql
make[4]: Entering directory '/<<PKGBUILDDIR>>/drivers/msql'
make[4]: Nothing to be done for 'all'.
make[4]: Leaving directory '/<<PKGBUILDDIR>>/drivers/msql'
Making all in oracle
make[4]: Entering directory '/<<PKGBUILDDIR>>/drivers/oracle'
make[4]: Nothing to be done for 'all'.
make[4]: Leaving directory '/<<PKGBUILDDIR>>/drivers/oracle'
Making all in firebird
make[4]: Entering directory '/<<PKGBUILDDIR>>/drivers/firebird'
make[4]: Nothing to be done for 'all'.
make[4]: Leaving directory '/<<PKGBUILDDIR>>/drivers/firebird'
Making all in freetds
make[4]: Entering directory '/<<PKGBUILDDIR>>/drivers/freetds'
/bin/bash ../../libtool  --tag=CC   --mode=compile x86_64-linux-gnu-gcc -DHAVE_CONFIG_H -I. -I../.. -I../.. -I../../include    -Wdate-time -D_FORTIFY_SOURCE=2  -std=gnu99 -g -O2 -fdebug-prefix-map=/<<PKGBUILDDIR>>=. -fstack-protector-strong -Wformat -Werror=format-security -g -Wall -MT dbd_freetds.lo -MD -MP -MF .deps/dbd_freetds.Tpo -c -o dbd_freetds.lo dbd_freetds.c
libtool: compile:  x86_64-linux-gnu-gcc -DHAVE_CONFIG_H -I. -I../.. -I../.. -I../../include -Wdate-time -D_FORTIFY_SOURCE=2 -std=gnu99 -g -O2 -fdebug-prefix-map=/<<PKGBUILDDIR>>=. -fstack-protector-strong -Wformat -Werror=format-security -g -Wall -MT dbd_freetds.lo -MD -MP -MF .deps/dbd_freetds.Tpo -c dbd_freetds.c  -fPIC -DPIC -o .libs/dbd_freetds.o
dbd_freetds.c:67:5: warning: expansion of date or time macro is not reproducible [-Wdate-time]
    __DATE__
    ^
dbd_freetds.c:459:2: warning: ignoring return value of function declared with 'warn_unused_result' attribute [-Wunused-result]
        asprintf(&sql_cmd,
        ^~~~~~~~~~~~~~~~~~
/usr/include/x86_64-linux-gnu/bits/stdio2.h:199:3: note: expanded from macro 'asprintf'
  __asprintf_chk (ptr, __USE_FORTIFY_LEVEL - 1, __VA_ARGS__)
  ^~~~~~~~~~~~~~  ~~~~~~~~~~~~~~~~~~~~~~~~~~~~~~~~~~~~~~~~~
dbd_freetds.c:492:2: warning: ignoring return value of function declared with 'warn_unused_result' attribute [-Wunused-result]
        asprintf(&sql_cmd, "create table #t (\n"
        ^~~~~~~~~~~~~~~~~~~~~~~~~~~~~~~~~~~~~~~~
/usr/include/x86_64-linux-gnu/bits/stdio2.h:199:3: note: expanded from macro 'asprintf'
  __asprintf_chk (ptr, __USE_FORTIFY_LEVEL - 1, __VA_ARGS__)
  ^~~~~~~~~~~~~~  ~~~~~~~~~~~~~~~~~~~~~~~~~~~~~~~~~~~~~~~~~
dbd_freetds.c:504:2: warning: ignoring return value of function declared with 'warn_unused_result' attribute [-Wunused-result]
        asprintf(&sql_cmd, "create table #t (\n"
        ^~~~~~~~~~~~~~~~~~~~~~~~~~~~~~~~~~~~~~~~
/usr/include/x86_64-linux-gnu/bits/stdio2.h:199:3: note: expanded from macro 'asprintf'
  __asprintf_chk (ptr, __USE_FORTIFY_LEVEL - 1, __VA_ARGS__)
  ^~~~~~~~~~~~~~  ~~~~~~~~~~~~~~~~~~~~~~~~~~~~~~~~~~~~~~~~~
dbd_freetds.c:773:3: warning: ignoring return value of function declared with 'warn_unused_result' attribute [-Wunused-result]
  asprintf(&query, "SAVE TRANSACTION %s", savepoint);
  ^~~~~~~~~~~~~~~~~~~~~~~~~~~~~~~~~~~~~~~~~~~~~~~~~~
/usr/include/x86_64-linux-gnu/bits/stdio2.h:199:3: note: expanded from macro 'asprintf'
  __asprintf_chk (ptr, __USE_FORTIFY_LEVEL - 1, __VA_ARGS__)
  ^~~~~~~~~~~~~~  ~~~~~~~~~~~~~~~~~~~~~~~~~~~~~~~~~~~~~~~~~
dbd_freetds.c:792:3: warning: ignoring return value of function declared with 'warn_unused_result' attribute [-Wunused-result]
  asprintf(&query, "ROLLBACK TRANSACTION %s", savepoint);
  ^~~~~~~~~~~~~~~~~~~~~~~~~~~~~~~~~~~~~~~~~~~~~~~~~~~~~~
/usr/include/x86_64-linux-gnu/bits/stdio2.h:199:3: note: expanded from macro 'asprintf'
  __asprintf_chk (ptr, __USE_FORTIFY_LEVEL - 1, __VA_ARGS__)
  ^~~~~~~~~~~~~~  ~~~~~~~~~~~~~~~~~~~~~~~~~~~~~~~~~~~~~~~~~
dbd_freetds.c:814:5: warning: ignoring return value of function declared with 'warn_unused_result' attribute [-Wunused-result]
    asprintf(&sql_cmd, "USE %s ", db);
    ^~~~~~~~~~~~~~~~~~~~~~~~~~~~~~~~~
/usr/include/x86_64-linux-gnu/bits/stdio2.h:199:3: note: expanded from macro 'asprintf'
  __asprintf_chk (ptr, __USE_FORTIFY_LEVEL - 1, __VA_ARGS__)
  ^~~~~~~~~~~~~~  ~~~~~~~~~~~~~~~~~~~~~~~~~~~~~~~~~~~~~~~~~
dbd_freetds.c:1049:26: warning: passing 'char *' to parameter of type 'const unsigned char *' converts between pointers to integer types with different sign [-Wpointer-sign]
                    _dbd_decode_binary(((dbi_row_t *) addr)->field_values[idx].d_string,
                                       ^~~~~~~~~~~~~~~~~~~~~~~~~~~~~~~~~~~~~~~~~~~~~~~~
/usr/include/dbi/dbd.h:81:48: note: passing argument to parameter 'in' here
size_t _dbd_decode_binary(const unsigned char *in, unsigned char *out);
                                               ^
dbd_freetds.c:1050:12: warning: passing 'char *' to parameter of type 'unsigned char *' converts between pointers to integer types with different sign [-Wpointer-sign]
                                       ((dbi_row_t *) addr)->field_values[idx].d_string);
                                       ^~~~~~~~~~~~~~~~~~~~~~~~~~~~~~~~~~~~~~~~~~~~~~~~
/usr/include/dbi/dbd.h:81:67: note: passing argument to parameter 'out' here
size_t _dbd_decode_binary(const unsigned char *in, unsigned char *out);
                                                                  ^
dbd_freetds.c:70:19: warning: unused variable 'APP_NAME' [-Wunused-const-variable]
static const char APP_NAME[] = "libdbi-freetds-driver";
                  ^
10 warnings generated.
libtool: compile:  x86_64-linux-gnu-gcc -DHAVE_CONFIG_H -I. -I../.. -I../.. -I../../include -Wdate-time -D_FORTIFY_SOURCE=2 -std=gnu99 -g -O2 -fdebug-prefix-map=/<<PKGBUILDDIR>>=. -fstack-protector-strong -Wformat -Werror=format-security -g -Wall -MT dbd_freetds.lo -MD -MP -MF .deps/dbd_freetds.Tpo -c dbd_freetds.c -o dbd_freetds.o >/dev/null 2>&1
mv -f .deps/dbd_freetds.Tpo .deps/dbd_freetds.Plo
/bin/bash ../../libtool  --tag=CC   --mode=link x86_64-linux-gnu-gcc  -std=gnu99 -g -O2 -fdebug-prefix-map=/<<PKGBUILDDIR>>=. -fstack-protector-strong -Wformat -Werror=format-security -g -Wall -module -avoid-version   -lct -no-undefined -ldbi -L/usr/lib/x86_64-linux-gnu -Wl,-z,relro -o libdbdfreetds.la -rpath /usr/lib/x86_64-linux-gnu/dbd dbd_freetds.lo  
libtool: link: x86_64-linux-gnu-gcc -shared  -fPIC -DPIC  .libs/dbd_freetds.o   -lct -ldbi -L/usr/lib/x86_64-linux-gnu  -g -O2 -fstack-protector-strong -g -Wl,-z -Wl,relro   -Wl,-soname -Wl,libdbdfreetds.so -o .libs/libdbdfreetds.so
libtool: link: x86_64-linux-gnu-ar cru .libs/libdbdfreetds.a  dbd_freetds.o
x86_64-linux-gnu-ar: `u' modifier ignored since `D' is the default (see `U')
libtool: link: x86_64-linux-gnu-ranlib .libs/libdbdfreetds.a
libtool: link: ( cd ".libs" && rm -f "libdbdfreetds.la" && ln -s "../libdbdfreetds.la" "libdbdfreetds.la" )
make[4]: Leaving directory '/<<PKGBUILDDIR>>/drivers/freetds'
Making all in ingres
make[4]: Entering directory '/<<PKGBUILDDIR>>/drivers/ingres'
make[4]: Nothing to be done for 'all'.
make[4]: Leaving directory '/<<PKGBUILDDIR>>/drivers/ingres'
Making all in db2
make[4]: Entering directory '/<<PKGBUILDDIR>>/drivers/db2'
make[4]: Nothing to be done for 'all'.
make[4]: Leaving directory '/<<PKGBUILDDIR>>/drivers/db2'
make[4]: Entering directory '/<<PKGBUILDDIR>>/drivers'
make[4]: Nothing to be done for 'all-am'.
make[4]: Leaving directory '/<<PKGBUILDDIR>>/drivers'
make[3]: Leaving directory '/<<PKGBUILDDIR>>/drivers'
Making all in tests
make[3]: Entering directory '/<<PKGBUILDDIR>>/tests'
Making all in cgreen
make[4]: Entering directory '/<<PKGBUILDDIR>>/tests/cgreen'
x86_64-linux-gnu-gcc -DHAVE_CONFIG_H -I. -I../.. -Iinclude  -Wdate-time -D_FORTIFY_SOURCE=2  -std=gnu99 -g -O2 -fdebug-prefix-map=/<<PKGBUILDDIR>>=. -fstack-protector-strong -Wformat -Werror=format-security -g -Wall -MT unit.o -MD -MP -MF .deps/unit.Tpo -c -o unit.o `test -f 'src/unit.c' || echo './'`src/unit.c
src/unit.c:229:5: warning: implicit declaration of function 'wait' is invalid in C99 [-Wimplicit-function-declaration]
    wait(&status);
    ^
src/unit.c:254:13: warning: unused function 'tally_counter' [-Wunused-function]
static void tally_counter(const char *file, int line, int expected, int actual, void *abstract_reporter) {
            ^
2 warnings generated.
mv -f .deps/unit.Tpo .deps/unit.Po
x86_64-linux-gnu-gcc -DHAVE_CONFIG_H -I. -I../.. -Iinclude  -Wdate-time -D_FORTIFY_SOURCE=2  -std=gnu99 -g -O2 -fdebug-prefix-map=/<<PKGBUILDDIR>>=. -fstack-protector-strong -Wformat -Werror=format-security -g -Wall -MT messaging.o -MD -MP -MF .deps/messaging.Tpo -c -o messaging.o `test -f 'src/messaging.c' || echo './'`src/messaging.c
src/messaging.c:40:5: warning: ignoring return value of function declared with 'warn_unused_result' attribute [-Wunused-result]
    pipe(pipes);
    ^~~~ ~~~~~
src/messaging.c:56:5: warning: ignoring return value of function declared with 'warn_unused_result' attribute [-Wunused-result]
    write(queues[messaging].writepipe, message, sizeof(CgreenMessage));
    ^~~~~ ~~~~~~~~~~~~~~~~~~~~~~~~~~~~~~~~~~~~~~~~~~~~~~~~~~~~~~~~~~~
2 warnings generated.
mv -f .deps/messaging.Tpo .deps/messaging.Po
x86_64-linux-gnu-gcc -DHAVE_CONFIG_H -I. -I../.. -Iinclude  -Wdate-time -D_FORTIFY_SOURCE=2  -std=gnu99 -g -O2 -fdebug-prefix-map=/<<PKGBUILDDIR>>=. -fstack-protector-strong -Wformat -Werror=format-security -g -Wall -MT breadcrumb.o -MD -MP -MF .deps/breadcrumb.Tpo -c -o breadcrumb.o `test -f 'src/breadcrumb.c' || echo './'`src/breadcrumb.c
mv -f .deps/breadcrumb.Tpo .deps/breadcrumb.Po
x86_64-linux-gnu-gcc -DHAVE_CONFIG_H -I. -I../.. -Iinclude  -Wdate-time -D_FORTIFY_SOURCE=2  -std=gnu99 -g -O2 -fdebug-prefix-map=/<<PKGBUILDDIR>>=. -fstack-protector-strong -Wformat -Werror=format-security -g -Wall -MT reporter.o -MD -MP -MF .deps/reporter.Tpo -c -o reporter.o `test -f 'src/reporter.c' || echo './'`src/reporter.c
mv -f .deps/reporter.Tpo .deps/reporter.Po
x86_64-linux-gnu-gcc -DHAVE_CONFIG_H -I. -I../.. -Iinclude  -Wdate-time -D_FORTIFY_SOURCE=2  -std=gnu99 -g -O2 -fdebug-prefix-map=/<<PKGBUILDDIR>>=. -fstack-protector-strong -Wformat -Werror=format-security -g -Wall -MT assertions.o -MD -MP -MF .deps/assertions.Tpo -c -o assertions.o `test -f 'src/assertions.c' || echo './'`src/assertions.c
mv -f .deps/assertions.Tpo .deps/assertions.Po
x86_64-linux-gnu-gcc -DHAVE_CONFIG_H -I. -I../.. -Iinclude  -Wdate-time -D_FORTIFY_SOURCE=2  -std=gnu99 -g -O2 -fdebug-prefix-map=/<<PKGBUILDDIR>>=. -fstack-protector-strong -Wformat -Werror=format-security -g -Wall -MT vector.o -MD -MP -MF .deps/vector.Tpo -c -o vector.o `test -f 'src/vector.c' || echo './'`src/vector.c
mv -f .deps/vector.Tpo .deps/vector.Po
x86_64-linux-gnu-gcc -DHAVE_CONFIG_H -I. -I../.. -Iinclude  -Wdate-time -D_FORTIFY_SOURCE=2  -std=gnu99 -g -O2 -fdebug-prefix-map=/<<PKGBUILDDIR>>=. -fstack-protector-strong -Wformat -Werror=format-security -g -Wall -MT mocks.o -MD -MP -MF .deps/mocks.Tpo -c -o mocks.o `test -f 'src/mocks.c' || echo './'`src/mocks.c
mv -f .deps/mocks.Tpo .deps/mocks.Po
x86_64-linux-gnu-gcc -DHAVE_CONFIG_H -I. -I../.. -Iinclude  -Wdate-time -D_FORTIFY_SOURCE=2  -std=gnu99 -g -O2 -fdebug-prefix-map=/<<PKGBUILDDIR>>=. -fstack-protector-strong -Wformat -Werror=format-security -g -Wall -MT constraint.o -MD -MP -MF .deps/constraint.Tpo -c -o constraint.o `test -f 'src/constraint.c' || echo './'`src/constraint.c
src/constraint.c:104:22: warning: incompatible function pointer types assigning to 'void (*)(Constraint *, const char *, intptr_t, const char *, int, TestReporter *)' (aka 'void (*)(struct Constraint_ *, const char *, long, const char *, int, struct TestReporter_ *)') from 'void (*)(Constraint *, const char *, const char *, intptr_t, const char *, int, TestReporter *)' (aka 'void (*)(struct Constraint_ *, const char *, const char *, long, const char *, int, struct TestReporter_ *)') [-Wincompatible-function-pointer-types]
    constraint->test = &test_with_matcher;
                     ^ ~~~~~~~~~~~~~~~~~~
src/constraint.c:167:8: warning: incompatible integer to pointer conversion initializing 'int (*)(const void *)' with an expression of type 'intptr_t' (aka 'long') [-Wint-conversion]
        int (*matches)(const void*) = constraint->expected;
              ^                       ~~~~~~~~~~~~~~~~~~~~
src/constraint.c:168:20: warning: incompatible integer to pointer conversion passing 'intptr_t' (aka 'long') to parameter of type 'const void *' [-Wint-conversion]
    return matches(actual);
                   ^~~~~~
3 warnings generated.
mv -f .deps/constraint.Tpo .deps/constraint.Po
x86_64-linux-gnu-gcc -DHAVE_CONFIG_H -I. -I../.. -Iinclude  -Wdate-time -D_FORTIFY_SOURCE=2  -std=gnu99 -g -O2 -fdebug-prefix-map=/<<PKGBUILDDIR>>=. -fstack-protector-strong -Wformat -Werror=format-security -g -Wall -MT parameters.o -MD -MP -MF .deps/parameters.Tpo -c -o parameters.o `test -f 'src/parameters.c' || echo './'`src/parameters.c
mv -f .deps/parameters.Tpo .deps/parameters.Po
x86_64-linux-gnu-gcc -DHAVE_CONFIG_H -I. -I../.. -Iinclude  -Wdate-time -D_FORTIFY_SOURCE=2  -std=gnu99 -g -O2 -fdebug-prefix-map=/<<PKGBUILDDIR>>=. -fstack-protector-strong -Wformat -Werror=format-security -g -Wall -MT text_reporter.o -MD -MP -MF .deps/text_reporter.Tpo -c -o text_reporter.o `test -f 'src/text_reporter.c' || echo './'`src/text_reporter.c
mv -f .deps/text_reporter.Tpo .deps/text_reporter.Po
x86_64-linux-gnu-gcc -DHAVE_CONFIG_H -I. -I../.. -Iinclude  -Wdate-time -D_FORTIFY_SOURCE=2  -std=gnu99 -g -O2 -fdebug-prefix-map=/<<PKGBUILDDIR>>=. -fstack-protector-strong -Wformat -Werror=format-security -g -Wall -MT cdash_reporter.o -MD -MP -MF .deps/cdash_reporter.Tpo -c -o cdash_reporter.o `test -f 'src/cdash_reporter.c' || echo './'`src/cdash_reporter.c
mv -f .deps/cdash_reporter.Tpo .deps/cdash_reporter.Po
rm -f libcgreen.a
x86_64-linux-gnu-ar cru libcgreen.a unit.o messaging.o breadcrumb.o reporter.o assertions.o vector.o mocks.o constraint.o parameters.o text_reporter.o cdash_reporter.o 
x86_64-linux-gnu-ar: `u' modifier ignored since `D' is the default (see `U')
x86_64-linux-gnu-ranlib libcgreen.a
make[4]: Leaving directory '/<<PKGBUILDDIR>>/tests/cgreen'
make[4]: Entering directory '/<<PKGBUILDDIR>>/tests'
make[4]: Nothing to be done for 'all-am'.
make[4]: Leaving directory '/<<PKGBUILDDIR>>/tests'
make[3]: Leaving directory '/<<PKGBUILDDIR>>/tests'
Making all in doc
make[3]: Entering directory '/<<PKGBUILDDIR>>/doc'
Making all in include
make[4]: Entering directory '/<<PKGBUILDDIR>>/doc/include'
make[4]: Nothing to be done for 'all'.
make[4]: Leaving directory '/<<PKGBUILDDIR>>/doc/include'
make[4]: Entering directory '/<<PKGBUILDDIR>>/doc'
make[4]: Nothing to be done for 'all-am'.
make[4]: Leaving directory '/<<PKGBUILDDIR>>/doc'
make[3]: Leaving directory '/<<PKGBUILDDIR>>/doc'
make[3]: Entering directory '/<<PKGBUILDDIR>>'
make[3]: Leaving directory '/<<PKGBUILDDIR>>'
make[2]: Leaving directory '/<<PKGBUILDDIR>>'
make[1]: Leaving directory '/<<PKGBUILDDIR>>'
touch build-stamp
/usr/bin/make -C tests test_dbi
make[1]: Entering directory '/<<PKGBUILDDIR>>/tests'
x86_64-linux-gnu-gcc -DHAVE_CONFIG_H -I. -I.. -I.. -I../include -I../tests/cgreen/include -I/usr/include -DDBDIR=\"/usr/var/lib/libdbi\"  -Wdate-time -D_FORTIFY_SOURCE=2  -DDBI_DRIVER_DIR=\"/usr/lib/x86_64-linux-gnu/dbd\"  -g -MT test_dbi.o -MD -MP -MF .deps/test_dbi.Tpo -c -o test_dbi.o test_dbi.c
test_dbi.c:131:68: warning: integer literal is too large to be represented in a signed integer type, interpreting as unsigned [-Wimplicitly-unsigned-literal]
      {"the_float", 2, 2, 0, 0, .expect_val.double_val = 3.4E+37, -9223372036854775808, "3.400000e+37"}, /* DBI_DECIMAL_SIZE4 */
                                                                   ^
test_dbi.c:132:70: warning: integer literal is too large to be represented in a signed integer type, interpreting as unsigned [-Wimplicitly-unsigned-literal]
      {"the_double", 2, 4, 0, 0, .expect_val.double_val = 1.7E+307, -9223372036854775808, "1.700000e+307"}, /* DBI_DECIMAL_SIZE8 */
                                                                     ^
test_dbi.c:160:75: warning: implicit conversion from 'double' to 'long long' changes value from 3.402823466E+38 to 9223372036854775807 [-Wliteral-conversion]
      {"the_float", 2, 2, 0, 0, .expect_val.double_val = 3.402823466E+38, 3.402823466E+38, "3.40280E+38"}, /* DBI_DECIMAL_SIZE4 */
      ~                                                                   ^~~~~~~~~~~~~~~
test_dbi.c:161:69: warning: implicit conversion from 'double' to 'long long' changes value from 1.7E+307 to 9223372036854775807 [-Wliteral-conversion]
      {"the_double", 2, 4, 0, 0, .expect_val.double_val = 1.7E+307, 1.7E+307, "1.797693e+307"}, /* DBI_DECIMAL_SIZE8 */
      ~                                                             ^~~~~~~~
test_dbi.c:188:75: warning: implicit conversion from 'double' to 'long long' changes value from 3.402823466E+38 to 9223372036854775807 [-Wliteral-conversion]
      {"the_float", 2, 2, 0, 0, .expect_val.double_val = 3.402823466E+38, 3.402823466E+38, "3.40280E+38"}, /* DBI_DECIMAL_SIZE4 */
      ~                                                                   ^~~~~~~~~~~~~~~
test_dbi.c:189:69: warning: implicit conversion from 'double' to 'long long' changes value from 1.7E+307 to 9223372036854775807 [-Wliteral-conversion]
      {"the_double", 2, 4, 0, 0, .expect_val.double_val = 1.7E+307, 1.7E+307, "1.797693e+307"}, /* DBI_DECIMAL_SIZE8 */
      ~                                                             ^~~~~~~~
test_dbi.c:190:71: warning: implicit conversion from 'double' to 'long long' changes value from 1234.5678 to 1234 [-Wliteral-conversion]
      {"the_decimal", 3, 0, 0, 0, .expect_val.double_val = 1234.5678, 1234.5678, "1234.5678"}, /* string */
      ~                                                               ^~~~~~~~~
test_dbi.c:191:66: warning: implicit conversion from 'double' to 'long long' changes value from 567.89 to 567 [-Wliteral-conversion]
      {"the_money", 3, 0, 0, 0, .expect_val.double_val = 567.89, 567.89, "$567.89"},  /* string */
      ~                                                          ^~~~~~
test_dbi.c:219:75: warning: implicit conversion from 'double' to 'long long' changes value from 3.402823466E+38 to 9223372036854775807 [-Wliteral-conversion]
      {"the_float", 2, 2, 0, 0, .expect_val.double_val = 3.402823466E+38, 3.402823466E+38, "3.40280E+38"}, /* DBI_DECIMAL_SIZE4 */
      ~                                                                   ^~~~~~~~~~~~~~~
test_dbi.c:244:76: warning: integer literal is too large to be represented in a signed integer type, interpreting as unsigned [-Wimplicitly-unsigned-literal]
      {"the_float", 2, 2, 0, 5, .expect_val.double_val = 3.402823466E+38, -9223372036854775808, "3.402820e+38"}, /* DBI_DECIMAL_SIZE4 */
                                                                           ^
test_dbi.c:245:75: warning: integer literal is too large to be represented in a signed integer type, interpreting as unsigned [-Wimplicitly-unsigned-literal]
      {"the_double", 2, 4, 0, 7, .expect_val.double_val = 1.797693E+307, -9223372036854775808, "1.797693e+307"}, /* DBI_DECIMAL_SIZE8 */
                                                                          ^
test_dbi.c:275:76: warning: integer literal is too large to be represented in a signed integer type, interpreting as unsigned [-Wimplicitly-unsigned-literal]
      {"the_float", 2, 2, 0, 5, .expect_val.double_val = 3.402823466E+38, -9223372036854775808, "3.402820e+38"}, /* DBI_DECIMAL_SIZE4 */
                                                                           ^
test_dbi.c:276:76: warning: integer literal is too large to be represented in a signed integer type, interpreting as unsigned [-Wimplicitly-unsigned-literal]
      {"the_double", 2, 4, 0, 7, .expect_val.double_val =  1.797693e+307, -9223372036854775808, " 1.797693e+307"}, /* DBI_DECIMAL_SIZE8 */
                                                                           ^
test_dbi.c:306:75: warning: implicit conversion from 'double' to 'long long' changes value from 3.402823466E+38 to 9223372036854775807 [-Wliteral-conversion]
      {"the_float", 2, 2, 0, 7, .expect_val.double_val = 3.402823466E+38, 3.402823466E+38, "3.40280E+38"}, /* DBI_DECIMAL_SIZE4 */
      ~                                                                   ^~~~~~~~~~~~~~~
test_dbi.c:307:69: warning: implicit conversion from 'double' to 'long long' changes value from 1.7E+307 to 9223372036854775807 [-Wliteral-conversion]
      {"the_double", 2, 4, 0, 7, .expect_val.double_val = 1.7E+307, 1.7E+307, "1.797693e+307"}, /* DBI_DECIMAL_SIZE8 */
      ~                                                             ^~~~~~~~
test_dbi.c:335:76: warning: integer literal is too large to be represented in a signed integer type, interpreting as unsigned [-Wimplicitly-unsigned-literal]
      {"the_float", 2, 2, 0, 7, .expect_val.double_val = 3.402823466E+38, -9223372036854775808, "3.402823e+38"}, /* DBI_DECIMAL_SIZE4 */
                                                                           ^
test_dbi.c:336:75: warning: integer literal is too large to be represented in a signed integer type, interpreting as unsigned [-Wimplicitly-unsigned-literal]
      {"the_double", 2, 4, 0, 7, .expect_val.double_val = 1.797693e+307, -9223372036854775808, "1.797693e+307"}, /* DBI_DECIMAL_SIZE8 */
                                                                          ^
test_dbi.c:2203:17: warning: address of array 'cinfo.encoding' will always evaluate to 'true' [-Wpointer-bool-conversion]
      if (cinfo.encoding && *(cinfo.encoding)) {
          ~~~~~~^~~~~~~~ ~~
test_dbi.c:2404:14: warning: 'dbi_initialize' is deprecated [-Wdeprecated-declarations]
      return dbi_initialize(driverdir);
             ^
/usr/include/dbi/dbi.h:169:27: note: 'dbi_initialize' has been explicitly marked deprecated here
int LIBDBI_API_DEPRECATED dbi_initialize(const char *driverdir);
                          ^
test_dbi.c:2413:7: warning: 'dbi_shutdown' is deprecated [-Wdeprecated-declarations]
      dbi_shutdown();
      ^
/usr/include/dbi/dbi.h:171:28: note: 'dbi_shutdown' has been explicitly marked deprecated here
void LIBDBI_API_DEPRECATED dbi_shutdown();
                           ^
test_dbi.c:2422:14: warning: 'dbi_driver_list' is deprecated [-Wdeprecated-declarations]
      return dbi_driver_list(Current);
             ^
/usr/include/dbi/dbi.h:178:34: note: 'dbi_driver_list' has been explicitly marked deprecated here
dbi_driver LIBDBI_API_DEPRECATED dbi_driver_list(dbi_driver Current); /* returns next driver. if current is NULL, return first driver. */
                                 ^
test_dbi.c:2431:14: warning: 'dbi_conn_new' is deprecated [-Wdeprecated-declarations]
      return dbi_conn_new(name);
             ^
/usr/include/dbi/dbi.h:199:32: note: 'dbi_conn_new' has been explicitly marked deprecated here
dbi_conn LIBDBI_API_DEPRECATED dbi_conn_new(const char *name); /* shortcut for dbi_conn_open(dbi_driver_open("foo")) */
                               ^
test_dbi.c:2540:1: warning: control may reach end of non-void function [-Wreturn-type]
}
^
test_dbi.c:2651:61: warning: format specifies type 'int' but the argument has type 'unsigned long long' [-Wformat]
      printf("\tGot result, %d rows, try to access rows\n", dbi_result_get_numrows(result));
                            ~~                              ^~~~~~~~~~~~~~~~~~~~~~~~~~~~~~
                            %llu
test_dbi.c:2681:16: warning: format specifies type 'int' but the argument has type 'long' [-Wformat]
               the_long_one,
               ^~~~~~~~~~~~
test_dbi.c:2682:16: warning: format specifies type 'int' but the argument has type 'long' [-Wformat]
               the_long_two,
               ^~~~~~~~~~~~
test_dbi.c:4602:19: warning: incompatible pointer to integer conversion assigning to 'time_t' (aka 'long') from 'const char *' [-Wint-conversion]
         the_date = dbi_result_get_string(result, "the_date");
                  ^ ~~~~~~~~~~~~~~~~~~~~~~~~~~~~~~~~~~~~~~~~~
test_dbi.c:4603:30: warning: incompatible integer to pointer conversion passing 'time_t' (aka 'long') to parameter of type 'const char *' [-Wint-conversion]
         assert_string_equal(the_date, "11-jul-1977");
                             ^~~~~~~~
../tests/cgreen/include/cgreen/assertions.h:19:87: note: expanded from macro 'assert_string_equal'
#define assert_string_equal(tried, expected) assert_string_equal_(__FILE__, __LINE__, tried, expected)
                                                                                      ^~~~~
../tests/cgreen/include/cgreen/assertions.h:35:67: note: passing argument to parameter 'tried' here
void assert_string_equal_(const char *file, int line, const char *tried, const char *expected);
                                                                  ^
test_dbi.c:4605:19: warning: incompatible pointer to integer conversion assigning to 'time_t' (aka 'long') from 'const char *' [-Wint-conversion]
         the_time = dbi_result_get_string(result, "the_time");
                  ^ ~~~~~~~~~~~~~~~~~~~~~~~~~~~~~~~~~~~~~~~~~
test_dbi.c:4606:30: warning: incompatible integer to pointer conversion passing 'time_t' (aka 'long') to parameter of type 'const char *' [-Wint-conversion]
         assert_string_equal(the_time, "23:59:59");
                             ^~~~~~~~
../tests/cgreen/include/cgreen/assertions.h:19:87: note: expanded from macro 'assert_string_equal'
#define assert_string_equal(tried, expected) assert_string_equal_(__FILE__, __LINE__, tried, expected)
                                                                                      ^~~~~
../tests/cgreen/include/cgreen/assertions.h:35:67: note: passing argument to parameter 'tried' here
void assert_string_equal_(const char *file, int line, const char *tried, const char *expected);
                                                                  ^
test_dbi.c:4787:56: warning: passing 'signed char *' to parameter of type 'char *' converts between pointers to integer types with different sign [-Wpointer-sign]
       bind = dbi_result_bind_char(result, "the_char", &the_char);
                                                       ^~~~~~~~~
/usr/include/dbi/dbi.h:302:74: note: passing argument to parameter 'bindto' here
int dbi_result_bind_char(dbi_result Result, const char *fieldname, char *bindto);
                                                                         ^
test_dbi.c:5747:1: warning: control reaches end of non-void function [-Wreturn-type]
}
^
test_dbi.c:5755:1: warning: control reaches end of non-void function [-Wreturn-type]
}
^
test_dbi.c:5792:1: warning: control reaches end of non-void function [-Wreturn-type]
}
^
test_dbi.c:5803:1: warning: control reaches end of non-void function [-Wreturn-type]
}
^
test_dbi.c:5880:1: warning: control reaches end of non-void function [-Wreturn-type]
}
^
test_dbi.c:5956:1: warning: control reaches end of non-void function [-Wreturn-type]
}
^
test_dbi.c:5990:1: warning: control reaches end of non-void function [-Wreturn-type]
}
^
38 warnings generated.
mv -f .deps/test_dbi.Tpo .deps/test_dbi.Po
/bin/bash ../libtool  --tag=CC   --mode=link x86_64-linux-gnu-gcc  -DDBI_DRIVER_DIR=\"/usr/lib/x86_64-linux-gnu/dbd\"  -g  -Wl,-z,relro -o test_dbi test_dbi.o ../tests/cgreen/libcgreen.a -L/usr/lib/x86_64-linux-gnu -lm -ldbi -lpthread -no-undefined -ldbi -L/usr/lib/x86_64-linux-gnu 
libtool: link: x86_64-linux-gnu-gcc -DDBI_DRIVER_DIR=\"/usr/lib/x86_64-linux-gnu/dbd\" -g -Wl,-z -Wl,relro -o test_dbi test_dbi.o  ../tests/cgreen/libcgreen.a -L/usr/lib/x86_64-linux-gnu -lm -lpthread -ldbi
make[1]: Leaving directory '/<<PKGBUILDDIR>>/tests'
# Testing sqlite and sqlite3
mkdir -p /<<PKGBUILDDIR>>/debian/sqlite3tests
( echo i; \
	echo n; \
	echo ./drivers/sqlite3/.libs; \
	echo sqlite3; \
	echo /<<PKGBUILDDIR>>/debian/sqlite3tests; \
	echo libdbitest; ) | ./tests/test_dbi

libdbi-drivers test program: $Id: test_dbi.c,v 1.72 2013/02/24 15:06:57 mhoenicka Exp $

test instance-based (i) or legacy (l) libdbi interface? [i] log query (y|n)? [n] libdbi driver directory? [/usr/lib/x86_64-linux-gnu/dbd] 1 drivers available: sqlite3 
test which driver? database directory? [DEFAULT] database name? [libdbitest] encoding? [] 
Connection information:
--------------------
	Legacy mode:           0
	Log query:             0
	Driverdir:             ./drivers/sqlite3/.libs
	Drivername:            sqlite3
	Dbdir:                 /<<PKGBUILDDIR>>/debian/sqlite3tests
	Initial Database:      libdbitest
	Database:              libdbitest
	Username:              
	Password:              
	Hostname:              
	Version:               
	Initial tables schema: CREATE TABLE test_datatypes ( the_char CHAR,the_uchar CHAR,the_short SMALLINT,the_ushort SMALLINT,the_long INT,the_ulong INT,the_longlong BIGINT,the_ulonglong BIGINT,the_float FLOAT4,the_double FLOAT8,the_driver_string VARCHAR(255),the_conn_quoted_string VARCHAR(255),the_conn_quoted_string_copy VARCHAR(255),the_conn_escaped_string VARCHAR(255),the_conn_escaped_string_copy VARCHAR(255),the_numstring VARCHAR(255),the_empty_string VARCHAR(255),the_null_string VARCHAR(255),the_binary_quoted_string BLOB,the_binary_escaped_string BLOB,the_datetime DATETIME,the_datetime_tz DATETIME,the_date DATE,the_time TIME,the_time_tz TIME,id INTEGER AUTO INCREMENT)
	Initial sub schema:
	  0: 
	  1: 
	  2: 
	  3: 
	  4: 
	Initial data schema:   INSERT INTO test_datatypes (the_char,the_uchar,the_short,the_ushort,the_long,the_ulong,the_longlong,the_ulonglong,the_float,the_double,the_conn_quoted_string,the_conn_quoted_string_copy,the_conn_escaped_string,the_conn_escaped_string_copy,the_numstring,the_empty_string,the_null_string,the_binary_quoted_string,the_binary_escaped_string,the_datetime,the_datetime_tz,the_date,the_time,the_time_tz) VALUES (-127,127,-32768,32767,-2147483648,2147483647,-9223372036854775807,9223372036854775807,3.402823466E+38,1.7976931348623157E+307,'Can ''we'' "quote" this properly?','Can ''we'' "quote" this properly?','Can ''we'' "escape" this properly?','Can ''we'' "escape" this properly?','-54321','',NULL,'@AB&C','@AB&C','2001-12-31 23:59:59','2001-12-31 23:59:59 -10:00','2001-12-31','23:59:59','23:59:59-10:00')

Begin tests:
--------------------
Running "libdbi framework test"...
Running "libdbi framework test"...
Running "libdbi framework test"...
Running "libdbi framework test"...
Running "libdbi framework test"...
Running "libdbi framework test"...
Running "libdbi framework test"...
Running "libdbi framework test"...
Running "libdbi framework test"...
Running "libdbi framework test"...
Running "libdbi framework test"...
Running "libdbi framework test"...
Running "libdbi framework test"...
Running "libdbi framework test"...
Running "libdbi framework test"...
Running "libdbi framework test"...
Running "libdbi framework test"...
Running "libdbi framework test"...
Running "libdbi framework test"...
Running "libdbi framework test"...
Running "libdbi framework test"...
Running "libdbi framework test"...
Running "libdbi framework test"...
Running "libdbi framework test"...
Running "libdbi framework test"...
Running "libdbi framework test"...
Running "libdbi framework test"...
Running "libdbi framework test"...
*** Error in `./tests/test_dbi': free(): invalid pointer: 0x000000000062d559 ***
======= Backtrace: =========
/lib/x86_64-linux-gnu/libc.so.6(+0x70bcb)[0x7efd49c56bcb]
/lib/x86_64-linux-gnu/libc.so.6(+0x76f96)[0x7efd49c5cf96]
/lib/x86_64-linux-gnu/libc.so.6(+0x7778e)[0x7efd49c5d78e]
./tests/test_dbi[0x417340]
./tests/test_dbi[0x417340]
./tests/test_dbi[0x4176a4]
./tests/test_dbi[0x40482f]
/lib/x86_64-linux-gnu/libc.so.6(__libc_start_main+0xf1)[0x7efd49c062b1]
./tests/test_dbi[0x40410a]
======= Memory map: ========
00400000-00424000 r-xp 00000000 ca:02 3937488                            /<<PKGBUILDDIR>>/tests/test_dbi
00623000-00624000 r--p 00023000 ca:02 3937488                            /<<PKGBUILDDIR>>/tests/test_dbi
00624000-0062c000 rw-p 00024000 ca:02 3937488                            /<<PKGBUILDDIR>>/tests/test_dbi
0062c000-00630000 rw-p 00000000 00:00 0 
0091a000-0093c000 rw-p 00000000 00:00 0                                  [heap]
7efd44000000-7efd44021000 rw-p 00000000 00:00 0 
7efd44021000-7efd48000000 ---p 00000000 00:00 0 
7efd497cb000-7efd497e1000 r-xp 00000000 ca:02 3672752                    /lib/x86_64-linux-gnu/libgcc_s.so.1
7efd497e1000-7efd499e0000 ---p 00016000 ca:02 3672752                    /lib/x86_64-linux-gnu/libgcc_s.so.1
7efd499e0000-7efd499e1000 r--p 00015000 ca:02 3672752                    /lib/x86_64-linux-gnu/libgcc_s.so.1
7efd499e1000-7efd499e2000 rw-p 00016000 ca:02 3672752                    /lib/x86_64-linux-gnu/libgcc_s.so.1
7efd499e2000-7efd499e4000 r-xp 00000000 ca:02 3672741                    /lib/x86_64-linux-gnu/libdl-2.24.so
7efd499e4000-7efd49be4000 ---p 00002000 ca:02 3672741                    /lib/x86_64-linux-gnu/libdl-2.24.so
7efd49be4000-7efd49be5000 r--p 00002000 ca:02 3672741                    /lib/x86_64-linux-gnu/libdl-2.24.so
7efd49be5000-7efd49be6000 rw-p 00003000 ca:02 3672741                    /lib/x86_64-linux-gnu/libdl-2.24.so
7efd49be6000-7efd49d7b000 r-xp 00000000 ca:02 3672706                    /lib/x86_64-linux-gnu/libc-2.24.so
7efd49d7b000-7efd49f7a000 ---p 00195000 ca:02 3672706                    /lib/x86_64-linux-gnu/libc-2.24.so
7efd49f7a000-7efd49f7e000 r--p 00194000 ca:02 3672706                    /lib/x86_64-linux-gnu/libc-2.24.so
7efd49f7e000-7efd49f80000 rw-p 00198000 ca:02 3672706                    /lib/x86_64-linux-gnu/libc-2.24.so
7efd49f80000-7efd49f84000 rw-p 00000000 00:00 0 
7efd49f84000-7efd49f94000 r-xp 00000000 ca:02 3547722                    /usr/lib/x86_64-linux-gnu/libdbi.so.1.1.0
7efd49f94000-7efd4a193000 ---p 00010000 ca:02 3547722                    /usr/lib/x86_64-linux-gnu/libdbi.so.1.1.0
7efd4a193000-7efd4a194000 r--p 0000f000 ca:02 3547722                    /usr/lib/x86_64-linux-gnu/libdbi.so.1.1.0
7efd4a194000-7efd4a195000 rw-p 00010000 ca:02 3547722                    /usr/lib/x86_64-linux-gnu/libdbi.so.1.1.0
7efd4a195000-7efd4a1ad000 r-xp 00000000 ca:02 3672733                    /lib/x86_64-linux-gnu/libpthread-2.24.so
7efd4a1ad000-7efd4a3ac000 ---p 00018000 ca:02 3672733                    /lib/x86_64-linux-gnu/libpthread-2.24.so
7efd4a3ac000-7efd4a3ad000 r--p 00017000 ca:02 3672733                    /lib/x86_64-linux-gnu/libpthread-2.24.so
7efd4a3ad000-7efd4a3ae000 rw-p 00018000 ca:02 3672733                    /lib/x86_64-linux-gnu/libpthread-2.24.so
7efd4a3ae000-7efd4a3b2000 rw-p 00000000 00:00 0 
7efd4a3b2000-7efd4a4b5000 r-xp 00000000 ca:02 3672756                    /lib/x86_64-linux-gnu/libm-2.24.so
7efd4a4b5000-7efd4a6b4000 ---p 00103000 ca:02 3672756                    /lib/x86_64-linux-gnu/libm-2.24.so
7efd4a6b4000-7efd4a6b5000 r--p 00102000 ca:02 3672756                    /lib/x86_64-linux-gnu/libm-2.24.so
7efd4a6b5000-7efd4a6b6000 rw-p 00103000 ca:02 3672756                    /lib/x86_64-linux-gnu/libm-2.24.so
7efd4a6b6000-7efd4a6d9000 r-xp 00000000 ca:02 3672715                    /lib/x86_64-linux-gnu/ld-2.24.so
7efd4a8cf000-7efd4a8d1000 rw-p 00000000 00:00 0 
7efd4a8d5000-7efd4a8d9000 rw-p 00000000 00:00 0 
7efd4a8d9000-7efd4a8da000 r--p 00023000 ca:02 3672715                    /lib/x86_64-linux-gnu/ld-2.24.so
7efd4a8da000-7efd4a8db000 rw-p 00024000 ca:02 3672715                    /lib/x86_64-linux-gnu/ld-2.24.so
7efd4a8db000-7efd4a8dc000 rw-p 00000000 00:00 0 
7fff4aa67000-7fff4aa88000 rw-p 00000000 00:00 0                          [stack]
7fff4ab96000-7fff4ab98000 r-xp 00000000 00:00 0                          [vdso]
7fff4ab98000-7fff4ab9a000 r--p 00000000 00:00 0                          [vvar]
ffffffffff600000-ffffffffff601000 r-xp 00000000 00:00 0                  [vsyscall]
Running "libdbi framework test"...
Completed "libdbi framework test": 211 passes, 0 failures, 0 exceptions.
Aborted
debian/rules:73: recipe for target 'test-stamp' failed
make: *** [test-stamp] Error 134
dpkg-buildpackage: error: debian/rules build-arch gave error exit status 2
--------------------------------------------------------------------------------
Build finished at 2017-03-01T05:30:45Z

Finished
--------


+------------------------------------------------------------------------------+
| Cleanup                                                                      |
+------------------------------------------------------------------------------+

Purging /<<BUILDDIR>>
Not cleaning session: cloned chroot in use
E: Build failure (dpkg-buildpackage died)

+------------------------------------------------------------------------------+
| Summary                                                                      |
+------------------------------------------------------------------------------+

Build Architecture: amd64
Build-Space: 11744
Build-Time: 25
Distribution: unstable
Fail-Stage: build
Host Architecture: amd64
Install-Time: 31
Job: libdbi-drivers_0.9.0-5
Machine Architecture: amd64
Package: libdbi-drivers
Package-Time: 72
Source-Version: 0.9.0-5
Space: 11744
Status: attempted
Version: 0.9.0-5
--------------------------------------------------------------------------------
Finished at 2017-03-01T05:30:45Z
Build needed 00:01:12, 11744k disk space
E: Build failure (dpkg-buildpackage died)
DC-Status: Failed 73.571624533s
DC-Time-Estimation: 73.571624533 versus expected 607 (r/m: 7.250463461327195 ; m: 73.571624533)
