DC-Build-Header: mariadb-10.1 10.1.21-5 / 2017-03-01 04:43:33 +0000
DC-Task: type:rebuild-binarch-only source:mariadb-10.1 version:10.1.21-5 chroot:unstable esttime: logfile:/tmp/mariadb-10.1_10.1.21-5_unstable_clang4.0.log modes:clang:binarch-only
DC-Sbuild-call: su user42 -c 'sbuild -n --arch-any --apt-update -d unstable -v  --chroot-setup-commands=/tmp/clang mariadb-10.1_10.1.21-5'
sbuild (Debian sbuild) 0.72.0 (25 Oct 2016) on ip-172-31-23-53.eu-central-1.compute.internal

+==============================================================================+
| mariadb-10.1 10.1.21-5 (amd64)               Wed, 01 Mar 2017 04:43:33 +0000 |
+==============================================================================+

Package: mariadb-10.1
Version: 10.1.21-5
Source Version: 10.1.21-5
Distribution: unstable
Machine Architecture: amd64
Host Architecture: amd64
Build Architecture: amd64

I: NOTICE: Log filtering will replace 'var/lib/schroot/mount/unstable-amd64-sbuild-9c81e52a-750b-4f9c-a5da-4a8575c99915' with '<<CHROOT>>'

+------------------------------------------------------------------------------+
| Chroot Setup Commands                                                        |
+------------------------------------------------------------------------------+


/tmp/clang
----------

+ echo 'Entering customization script...'
Entering customization script...
+ CLANG_VERSION=4.0
+ echo 'Install of clang-4.0'
Install of clang-4.0
+ apt-get update
Get:1 http://127.0.0.1:9999/debian unstable InRelease [231 kB]
Get:2 http://127.0.0.1:9999/debian unstable/main Sources.diff/Index [27.9 kB]
Get:3 http://127.0.0.1:9999/debian unstable/main amd64 Packages.diff/Index [27.9 kB]
Get:4 http://127.0.0.1:9999/debian unstable/main Sources 2017-02-28-0825.37.pdiff [2103 B]
Get:4 http://127.0.0.1:9999/debian unstable/main Sources 2017-02-28-0825.37.pdiff [2103 B]
Get:5 http://127.0.0.1:9999/debian unstable/main amd64 Packages 2017-02-28-0825.37.pdiff [2528 B]
Get:5 http://127.0.0.1:9999/debian unstable/main amd64 Packages 2017-02-28-0825.37.pdiff [2528 B]
Get:6 http://127.0.0.1:9999/debian unstable/main Translation-en [5646 kB]
Fetched 5938 kB in 2s (2948 kB/s)
Reading package lists...
W: No sandbox user '_apt' on the system, can not drop privileges
+ apt-get install --yes --no-install-recommends --force-yes clang-4.0
Reading package lists...
Building dependency tree...
Reading state information...
The following additional packages will be installed:
  libbsd0 libclang-common-4.0-dev libclang1-4.0 libedit2 libffi6 libjsoncpp1
  libllvm4.0 libncurses5 libobjc-6-dev libobjc4
Suggested packages:
  gnustep gnustep-devel clang-4.0-doc
Recommended packages:
  llvm-4.0-dev python libgpm2
The following NEW packages will be installed:
  clang-4.0 libbsd0 libclang-common-4.0-dev libclang1-4.0 libedit2 libffi6
  libjsoncpp1 libllvm4.0 libncurses5 libobjc-6-dev libobjc4
0 upgraded, 11 newly installed, 0 to remove and 0 not upgraded.
Need to get 74.7 MB of archives.
After this operation, 321 MB of additional disk space will be used.
Get:1 http://127.0.0.1:9999/debian unstable/main amd64 libbsd0 amd64 0.8.3-1 [83.0 kB]
Get:2 http://127.0.0.1:9999/debian unstable/main amd64 libncurses5 amd64 6.0+20161126-1 [93.4 kB]
Get:3 http://127.0.0.1:9999/debian unstable/main amd64 libedit2 amd64 3.1-20160903-3 [84.8 kB]
Get:4 http://127.0.0.1:9999/debian unstable/main amd64 libffi6 amd64 3.2.1-6 [20.4 kB]
Get:5 http://127.0.0.1:9999/debian unstable/main amd64 libllvm4.0 amd64 1:4.0~+rc2-1 [12.3 MB]
Get:6 http://127.0.0.1:9999/debian unstable/main amd64 libclang1-4.0 amd64 1:4.0~+rc2-1 [6358 kB]
Get:7 http://127.0.0.1:9999/debian unstable/main amd64 libjsoncpp1 amd64 1.7.4-3 [75.6 kB]
Get:8 http://127.0.0.1:9999/debian unstable/main amd64 libobjc4 amd64 6.3.0-8 [49.4 kB]
Get:9 http://127.0.0.1:9999/debian unstable/main amd64 libobjc-6-dev amd64 6.3.0-8 [197 kB]
Get:10 http://127.0.0.1:9999/debian unstable/main amd64 libclang-common-4.0-dev amd64 1:4.0~+rc2-1 [2767 kB]
Get:11 http://127.0.0.1:9999/debian unstable/main amd64 clang-4.0 amd64 1:4.0~+rc2-1 [52.7 MB]
debconf: delaying package configuration, since apt-utils is not installed
Fetched 74.7 MB in 0s (99.2 MB/s)
Selecting previously unselected package libbsd0:amd64.
(Reading database ... (Reading database ... 5%(Reading database ... 10%(Reading database ... 15%(Reading database ... 20%(Reading database ... 25%(Reading database ... 30%(Reading database ... 35%(Reading database ... 40%(Reading database ... 45%(Reading database ... 50%(Reading database ... 55%(Reading database ... 60%(Reading database ... 65%(Reading database ... 70%(Reading database ... 75%(Reading database ... 80%(Reading database ... 85%(Reading database ... 90%(Reading database ... 95%(Reading database ... 100%(Reading database ... 9584 files and directories currently installed.)
Preparing to unpack .../00-libbsd0_0.8.3-1_amd64.deb ...
Unpacking libbsd0:amd64 (0.8.3-1) ...
Selecting previously unselected package libncurses5:amd64.
Preparing to unpack .../01-libncurses5_6.0+20161126-1_amd64.deb ...
Unpacking libncurses5:amd64 (6.0+20161126-1) ...
Selecting previously unselected package libedit2:amd64.
Preparing to unpack .../02-libedit2_3.1-20160903-3_amd64.deb ...
Unpacking libedit2:amd64 (3.1-20160903-3) ...
Selecting previously unselected package libffi6:amd64.
Preparing to unpack .../03-libffi6_3.2.1-6_amd64.deb ...
Unpacking libffi6:amd64 (3.2.1-6) ...
Selecting previously unselected package libllvm4.0:amd64.
Preparing to unpack .../04-libllvm4.0_1%3a4.0~+rc2-1_amd64.deb ...
Unpacking libllvm4.0:amd64 (1:4.0~+rc2-1) ...
Selecting previously unselected package libclang1-4.0:amd64.
Preparing to unpack .../05-libclang1-4.0_1%3a4.0~+rc2-1_amd64.deb ...
Unpacking libclang1-4.0:amd64 (1:4.0~+rc2-1) ...
Selecting previously unselected package libjsoncpp1:amd64.
Preparing to unpack .../06-libjsoncpp1_1.7.4-3_amd64.deb ...
Unpacking libjsoncpp1:amd64 (1.7.4-3) ...
Selecting previously unselected package libobjc4:amd64.
Preparing to unpack .../07-libobjc4_6.3.0-8_amd64.deb ...
Unpacking libobjc4:amd64 (6.3.0-8) ...
Selecting previously unselected package libobjc-6-dev:amd64.
Preparing to unpack .../08-libobjc-6-dev_6.3.0-8_amd64.deb ...
Unpacking libobjc-6-dev:amd64 (6.3.0-8) ...
Selecting previously unselected package libclang-common-4.0-dev.
Preparing to unpack .../09-libclang-common-4.0-dev_1%3a4.0~+rc2-1_amd64.deb ...
Unpacking libclang-common-4.0-dev (1:4.0~+rc2-1) ...
Selecting previously unselected package clang-4.0.
Preparing to unpack .../10-clang-4.0_1%3a4.0~+rc2-1_amd64.deb ...
Unpacking clang-4.0 (1:4.0~+rc2-1) ...
Setting up libncurses5:amd64 (6.0+20161126-1) ...
Setting up libobjc4:amd64 (6.3.0-8) ...
Setting up libbsd0:amd64 (0.8.3-1) ...
Processing triggers for libc-bin (2.24-9) ...
Setting up libobjc-6-dev:amd64 (6.3.0-8) ...
Setting up libffi6:amd64 (3.2.1-6) ...
Setting up libjsoncpp1:amd64 (1.7.4-3) ...
Setting up libedit2:amd64 (3.1-20160903-3) ...
Setting up libllvm4.0:amd64 (1:4.0~+rc2-1) ...
Setting up libclang1-4.0:amd64 (1:4.0~+rc2-1) ...
Setting up libclang-common-4.0-dev (1:4.0~+rc2-1) ...
Setting up clang-4.0 (1:4.0~+rc2-1) ...
Processing triggers for libc-bin (2.24-9) ...
W: --force-yes is deprecated, use one of the options starting with --allow instead.
W: No sandbox user '_apt' on the system, can not drop privileges
+ echo 'Replace gcc, g++ & cpp by clang'
Replace gcc, g++ & cpp by clang
+ VERSIONS='4.6 4.7 4.8 4.9 5 6'
+ cd /usr/bin
+ for VERSION in $VERSIONS
+ rm -f g++-4.6 gcc-4.6 cpp-4.6 gcc
+ ln -s clang++-4.0 g++-4.6
+ ln -s clang-4.0 gcc-4.6
+ ln -s clang-4.0 cpp-4.6
+ ln -s clang-4.0 gcc
+ echo 'gcc-4.6 hold'
+ dpkg --set-selections
dpkg: warning: package not in status nor available database at line 1: gcc-4.6
dpkg: warning: found unknown packages; this might mean the available database
is outdated, and needs to be updated through a frontend method;
please see the FAQ <https://wiki.debian.org/Teams/Dpkg/FAQ>
+ dpkg --set-selections
+ echo 'g++-4.6 hold'
dpkg: warning: package not in status nor available database at line 1: g++-4.6
dpkg: warning: found unknown packages; this might mean the available database
is outdated, and needs to be updated through a frontend method;
please see the FAQ <https://wiki.debian.org/Teams/Dpkg/FAQ>
+ for VERSION in $VERSIONS
+ rm -f g++-4.7 gcc-4.7 cpp-4.7 gcc
+ ln -s clang++-4.0 g++-4.7
+ ln -s clang-4.0 gcc-4.7
+ ln -s clang-4.0 cpp-4.7
+ ln -s clang-4.0 gcc
+ dpkg --set-selections
+ echo 'gcc-4.7 hold'
dpkg: warning: package not in status nor available database at line 1: gcc-4.7
dpkg: warning: found unknown packages; this might mean the available database
is outdated, and needs to be updated through a frontend method;
please see the FAQ <https://wiki.debian.org/Teams/Dpkg/FAQ>
+ echo 'g++-4.7 hold'
+ dpkg --set-selections
dpkg: warning: package not in status nor available database at line 1: g++-4.7
dpkg: warning: found unknown packages; this might mean the available database
is outdated, and needs to be updated through a frontend method;
please see the FAQ <https://wiki.debian.org/Teams/Dpkg/FAQ>
+ for VERSION in $VERSIONS
+ rm -f g++-4.8 gcc-4.8 cpp-4.8 gcc
+ ln -s clang++-4.0 g++-4.8
+ ln -s clang-4.0 gcc-4.8
+ ln -s clang-4.0 cpp-4.8
+ ln -s clang-4.0 gcc
+ echo 'gcc-4.8 hold'
+ dpkg --set-selections
dpkg: warning: package not in status nor available database at line 1: gcc-4.8
dpkg: warning: found unknown packages; this might mean the available database
is outdated, and needs to be updated through a frontend method;
please see the FAQ <https://wiki.debian.org/Teams/Dpkg/FAQ>
+ echo 'g++-4.8 hold'
+ dpkg --set-selections
dpkg: warning: package not in status nor available database at line 1: g++-4.8
dpkg: warning: found unknown packages; this might mean the available database
is outdated, and needs to be updated through a frontend method;
please see the FAQ <https://wiki.debian.org/Teams/Dpkg/FAQ>
+ for VERSION in $VERSIONS
+ rm -f g++-4.9 gcc-4.9 cpp-4.9 gcc
+ ln -s clang++-4.0 g++-4.9
+ ln -s clang-4.0 gcc-4.9
+ ln -s clang-4.0 cpp-4.9
+ ln -s clang-4.0 gcc
+ echo 'gcc-4.9 hold'
+ dpkg --set-selections
dpkg: warning: package not in status nor available database at line 1: gcc-4.9
dpkg: warning: found unknown packages; this might mean the available database
is outdated, and needs to be updated through a frontend method;
please see the FAQ <https://wiki.debian.org/Teams/Dpkg/FAQ>
+ echo 'g++-4.9 hold'
+ dpkg --set-selections
dpkg: warning: package not in status nor available database at line 1: g++-4.9
dpkg: warning: found unknown packages; this might mean the available database
is outdated, and needs to be updated through a frontend method;
please see the FAQ <https://wiki.debian.org/Teams/Dpkg/FAQ>
+ for VERSION in $VERSIONS
+ rm -f g++-5 gcc-5 cpp-5 gcc
+ ln -s clang++-4.0 g++-5
+ ln -s clang-4.0 gcc-5
+ ln -s clang-4.0 cpp-5
+ ln -s clang-4.0 gcc
+ echo 'gcc-5 hold'
+ dpkg --set-selections
+ echo 'g++-5 hold'
+ dpkg --set-selections
+ for VERSION in $VERSIONS
+ rm -f g++-6 gcc-6 cpp-6 gcc
+ ln -s clang++-4.0 g++-6
+ ln -s clang-4.0 gcc-6
+ ln -s clang-4.0 cpp-6
+ ln -s clang-4.0 gcc
+ echo 'gcc-6 hold'
+ dpkg --set-selections
+ echo 'g++-6 hold'
+ dpkg --set-selections
+ cd -
/build/mariadb-10.1-0xR1HF
+ echo 'Check if gcc, g++ & cpp are actually clang'
Check if gcc, g++ & cpp are actually clang
+ gcc --version
+ grep clang
+ cpp --version
+ grep clang
+ g++ --version
+ grep clang

I: Finished running '/tmp/clang'.

Finished processing commands.
--------------------------------------------------------------------------------

+------------------------------------------------------------------------------+
| Update chroot                                                                |
+------------------------------------------------------------------------------+

Hit:1 http://127.0.0.1:9999/debian unstable InRelease
Reading package lists...
W: No sandbox user '_apt' on the system, can not drop privileges
Reading package lists...
Building dependency tree...
Reading state information...
Calculating upgrade...
0 upgraded, 0 newly installed, 0 to remove and 0 not upgraded.

+------------------------------------------------------------------------------+
| Fetch source files                                                           |
+------------------------------------------------------------------------------+


Check APT
---------

Checking available source versions...

Download source files with APT
------------------------------

Reading package lists...
NOTICE: 'mariadb-10.1' packaging is maintained in the 'Git' version control system at:
https://anonscm.debian.org/git/pkg-mysql/mariadb-10.1.git
Please use:
git clone https://anonscm.debian.org/git/pkg-mysql/mariadb-10.1.git
to retrieve the latest (possibly unreleased) updates to the package.
Need to get 61.6 MB of source archives.
Get:1 http://127.0.0.1:9999/debian unstable/main mariadb-10.1 10.1.21-5 (dsc) [4218 B]
Get:2 http://127.0.0.1:9999/debian unstable/main mariadb-10.1 10.1.21-5 (tar) [61.4 MB]
Get:3 http://127.0.0.1:9999/debian unstable/main mariadb-10.1 10.1.21-5 (diff) [214 kB]
Fetched 61.6 MB in 0s (93.9 MB/s)
Download complete and in download only mode
I: NOTICE: Log filtering will replace 'build/mariadb-10.1-0xR1HF/mariadb-10.1-10.1.21' with '<<PKGBUILDDIR>>'
I: NOTICE: Log filtering will replace 'build/mariadb-10.1-0xR1HF' with '<<BUILDDIR>>'

+------------------------------------------------------------------------------+
| Install build-essential                                                      |
+------------------------------------------------------------------------------+


Setup apt archive
-----------------

Merged Build-Depends: build-essential, fakeroot
Filtered Build-Depends: build-essential, fakeroot
dpkg-deb: building package 'sbuild-build-depends-core-dummy' in '/<<BUILDDIR>>/resolver-O7az5m/apt_archive/sbuild-build-depends-core-dummy.deb'.
dpkg-scanpackages: warning: Packages in archive but missing from override file:
dpkg-scanpackages: warning:   sbuild-build-depends-core-dummy
dpkg-scanpackages: info: Wrote 1 entries to output Packages file.
Ign:1 copy:/<<BUILDDIR>>/resolver-O7az5m/apt_archive ./ InRelease
Get:2 copy:/<<BUILDDIR>>/resolver-O7az5m/apt_archive ./ Release [957 B]
Ign:3 copy:/<<BUILDDIR>>/resolver-O7az5m/apt_archive ./ Release.gpg
Get:4 copy:/<<BUILDDIR>>/resolver-O7az5m/apt_archive ./ Sources [349 B]
Get:5 copy:/<<BUILDDIR>>/resolver-O7az5m/apt_archive ./ Packages [432 B]
Fetched 1738 B in 0s (0 B/s)
Reading package lists...
W: No sandbox user '_apt' on the system, can not drop privileges
Reading package lists...

Install core build dependencies (apt-based resolver)
----------------------------------------------------

Installing build dependencies
Reading package lists...
Building dependency tree...
Reading state information...
The following NEW packages will be installed:
  sbuild-build-depends-core-dummy
0 upgraded, 1 newly installed, 0 to remove and 0 not upgraded.
Need to get 778 B of archives.
After this operation, 0 B of additional disk space will be used.
Get:1 copy:/<<BUILDDIR>>/resolver-O7az5m/apt_archive ./ sbuild-build-depends-core-dummy 0.invalid.0 [778 B]
debconf: delaying package configuration, since apt-utils is not installed
Fetched 778 B in 0s (0 B/s)
Selecting previously unselected package sbuild-build-depends-core-dummy.
(Reading database ... 10086 files and directories currently installed.)
Preparing to unpack .../sbuild-build-depends-core-dummy_0.invalid.0_amd64.deb ...
Unpacking sbuild-build-depends-core-dummy (0.invalid.0) ...
Setting up sbuild-build-depends-core-dummy (0.invalid.0) ...
W: No sandbox user '_apt' on the system, can not drop privileges

+------------------------------------------------------------------------------+
| Check architectures                                                          |
+------------------------------------------------------------------------------+

Arch check ok (amd64 included in any all)

+------------------------------------------------------------------------------+
| Install package build dependencies                                           |
+------------------------------------------------------------------------------+


Setup apt archive
-----------------

Merged Build-Depends: bison, chrpath, cmake, debhelper (>= 9), dh-apparmor, dh-exec, dh-systemd, gdb, libaio-dev, libboost-dev, libcrack2-dev (>= 2.9.0), libjemalloc-dev, libjudy-dev, libkrb5-dev, libncurses5-dev (>= 5.0-6~), libpam0g-dev, libpcre3-dev (>= 2:8.35-3.2~), libreadline-gplv2-dev, libsystemd-dev, libxml2-dev, lsb-release, perl, po-debconf, psmisc, unixodbc-dev, zlib1g-dev (>= 1:1.1.3-5~)
Filtered Build-Depends: bison, chrpath, cmake, debhelper (>= 9), dh-apparmor, dh-exec, dh-systemd, gdb, libaio-dev, libboost-dev, libcrack2-dev (>= 2.9.0), libjemalloc-dev, libjudy-dev, libkrb5-dev, libncurses5-dev (>= 5.0-6~), libpam0g-dev, libpcre3-dev (>= 2:8.35-3.2~), libreadline-gplv2-dev, libsystemd-dev, libxml2-dev, lsb-release, perl, po-debconf, psmisc, unixodbc-dev, zlib1g-dev (>= 1:1.1.3-5~)
dpkg-deb: building package 'sbuild-build-depends-mariadb-10.1-dummy' in '/<<BUILDDIR>>/resolver-O7az5m/apt_archive/sbuild-build-depends-mariadb-10.1-dummy.deb'.
dpkg-scanpackages: warning: Packages in archive but missing from override file:
dpkg-scanpackages: warning:   sbuild-build-depends-core-dummy sbuild-build-depends-mariadb-10.1-dummy
dpkg-scanpackages: info: Wrote 2 entries to output Packages file.
Ign:1 copy:/<<BUILDDIR>>/resolver-O7az5m/apt_archive ./ InRelease
Get:2 copy:/<<BUILDDIR>>/resolver-O7az5m/apt_archive ./ Release [963 B]
Ign:3 copy:/<<BUILDDIR>>/resolver-O7az5m/apt_archive ./ Release.gpg
Get:4 copy:/<<BUILDDIR>>/resolver-O7az5m/apt_archive ./ Sources [690 B]
Get:5 copy:/<<BUILDDIR>>/resolver-O7az5m/apt_archive ./ Packages [757 B]
Fetched 2410 B in 0s (223 kB/s)
Reading package lists...
W: No sandbox user '_apt' on the system, can not drop privileges
Reading package lists...

Install mariadb-10.1 build dependencies (apt-based resolver)
------------------------------------------------------------

Installing build dependencies
Reading package lists...
Building dependency tree...
Reading state information...
The following additional packages will be installed:
  autoconf automake autopoint autotools-dev bison bsdmainutils chrpath cmake
  cmake-data comerr-dev debhelper dh-apparmor dh-autoreconf dh-exec dh-python
  dh-strip-nondeterminism dh-systemd distro-info-data dmsetup file gdb gettext
  gettext-base groff-base icu-devtools intltool-debian krb5-multidev
  libaio-dev libaio1 libapparmor1 libarchive-zip-perl libarchive13
  libbabeltrace-ctf1 libbabeltrace1 libbison-dev libboost-dev libboost1.62-dev
  libcap2 libcrack2 libcrack2-dev libcroco3 libcryptsetup4 libcurl3
  libdbus-1-3 libdevmapper1.02.1 libdw1 libelf1 libexpat1
  libfile-stripnondeterminism-perl libglib2.0-0 libgnutls30 libgssapi-krb5-2
  libgssrpc4 libhogweed4 libicu-dev libicu57 libidn11 libidn2-0 libip4tc0
  libjemalloc-dev libjemalloc1 libjudy-dev libjudydebian1 libk5crypto3
  libkadm5clnt-mit11 libkadm5srv-mit11 libkdb5-8 libkeyutils1 libkmod2
  libkrb5-3 libkrb5-dev libkrb5support0 libldap-2.4-2 libldap-common
  libltdl-dev libltdl7 liblzo2-2 libmagic-mgc libmagic1 libmpdec2
  libncurses5-dev libnettle6 libnghttp2-14 libodbc1 libp11-kit0 libpam0g-dev
  libpcre16-3 libpcre3-dev libpcre32-3 libpcrecpp0v5 libpipeline1 libpopt0
  libprocps6 libpsl5 libpython3-stdlib libpython3.5 libpython3.5-minimal
  libpython3.5-stdlib libreadline-gplv2-dev libreadline5 libreadline7 librtmp1
  libsasl2-2 libsasl2-modules-db libseccomp2 libsigsegv2 libsqlite3-0
  libssh2-1 libssl1.0.2 libssl1.1 libsystemd-dev libtasn1-6 libtimedate-perl
  libtinfo-dev libtool libunistring0 libuv1 libxml2 libxml2-dev lsb-base
  lsb-release m4 man-db mime-support odbcinst odbcinst1debian2 po-debconf
  procps psmisc python3 python3-minimal python3.5 python3.5-minimal
  readline-common systemd unixodbc-dev zlib1g-dev
Suggested packages:
  autoconf-archive gnu-standards autoconf-doc bison-doc wamerican | wordlist
  whois vacation codeblocks eclipse ninja-build doc-base dh-make
  apparmor-easyprof gdb-doc gdbserver gettext-doc libasprintf-dev
  libgettextpo-dev groff krb5-doc lrzip libboost-doc libboost1.62-doc
  libboost-atomic1.62-dev libboost-chrono1.62-dev libboost-context1.62-dev
  libboost-coroutine1.62-dev libboost-date-time1.62-dev
  libboost-exception1.62-dev libboost-fiber1.62-dev
  libboost-filesystem1.62-dev libboost-graph1.62-dev
  libboost-graph-parallel1.62-dev libboost-iostreams1.62-dev
  libboost-locale1.62-dev libboost-log1.62-dev libboost-math1.62-dev
  libboost-mpi1.62-dev libboost-mpi-python1.62-dev
  libboost-program-options1.62-dev libboost-python1.62-dev
  libboost-random1.62-dev libboost-regex1.62-dev
  libboost-serialization1.62-dev libboost-signals1.62-dev
  libboost-system1.62-dev libboost-test1.62-dev libboost-thread1.62-dev
  libboost-timer1.62-dev libboost-type-erasure1.62-dev libboost-wave1.62-dev
  libboost1.62-tools-dev libmpfrc++-dev libntl-dev gnutls-bin krb5-user
  icu-doc libtool-doc ncurses-doc libmyodbc odbc-postgresql tdsodbc
  unixodbc-bin gfortran | fortran95-compiler gcj-jdk pkg-config lsb m4-doc
  less www-browser libmail-box-perl python3-doc python3-tk python3-venv
  python3.5-venv python3.5-doc binfmt-support readline-doc systemd-ui
  systemd-container policykit-1
Recommended packages:
  libc-dbg curl | wget | lynx-cur cracklib-runtime ca-certificates dbus
  libglib2.0-data shared-mime-info xdg-user-dirs krb5-locales publicsuffix
  libsasl2-modules xml-core libmail-sendmail-perl libpam-systemd
The following NEW packages will be installed:
  autoconf automake autopoint autotools-dev bison bsdmainutils chrpath cmake
  cmake-data comerr-dev debhelper dh-apparmor dh-autoreconf dh-exec dh-python
  dh-strip-nondeterminism dh-systemd distro-info-data dmsetup file gdb gettext
  gettext-base groff-base icu-devtools intltool-debian krb5-multidev
  libaio-dev libaio1 libapparmor1 libarchive-zip-perl libarchive13
  libbabeltrace-ctf1 libbabeltrace1 libbison-dev libboost-dev libboost1.62-dev
  libcap2 libcrack2 libcrack2-dev libcroco3 libcryptsetup4 libcurl3
  libdbus-1-3 libdevmapper1.02.1 libdw1 libelf1 libexpat1
  libfile-stripnondeterminism-perl libglib2.0-0 libgnutls30 libgssapi-krb5-2
  libgssrpc4 libhogweed4 libicu-dev libicu57 libidn11 libidn2-0 libip4tc0
  libjemalloc-dev libjemalloc1 libjudy-dev libjudydebian1 libk5crypto3
  libkadm5clnt-mit11 libkadm5srv-mit11 libkdb5-8 libkeyutils1 libkmod2
  libkrb5-3 libkrb5-dev libkrb5support0 libldap-2.4-2 libldap-common
  libltdl-dev libltdl7 liblzo2-2 libmagic-mgc libmagic1 libmpdec2
  libncurses5-dev libnettle6 libnghttp2-14 libodbc1 libp11-kit0 libpam0g-dev
  libpcre16-3 libpcre3-dev libpcre32-3 libpcrecpp0v5 libpipeline1 libpopt0
  libprocps6 libpsl5 libpython3-stdlib libpython3.5 libpython3.5-minimal
  libpython3.5-stdlib libreadline-gplv2-dev libreadline5 libreadline7 librtmp1
  libsasl2-2 libsasl2-modules-db libseccomp2 libsigsegv2 libsqlite3-0
  libssh2-1 libssl1.0.2 libssl1.1 libsystemd-dev libtasn1-6 libtimedate-perl
  libtinfo-dev libtool libunistring0 libuv1 libxml2 libxml2-dev lsb-base
  lsb-release m4 man-db mime-support odbcinst odbcinst1debian2 po-debconf
  procps psmisc python3 python3-minimal python3.5 python3.5-minimal
  readline-common sbuild-build-depends-mariadb-10.1-dummy systemd unixodbc-dev
  zlib1g-dev
0 upgraded, 138 newly installed, 0 to remove and 0 not upgraded.
Need to get 77.2 MB of archives.
After this operation, 408 MB of additional disk space will be used.
Get:1 copy:/<<BUILDDIR>>/resolver-O7az5m/apt_archive ./ sbuild-build-depends-mariadb-10.1-dummy 0.invalid.0 [972 B]
Get:2 http://127.0.0.1:9999/debian unstable/main amd64 libpopt0 amd64 1.16-10 [49.2 kB]
Get:3 http://127.0.0.1:9999/debian unstable/main amd64 libapparmor1 amd64 2.11.0-2 [78.4 kB]
Get:4 http://127.0.0.1:9999/debian unstable/main amd64 libcap2 amd64 1:2.25-1 [16.8 kB]
Get:5 http://127.0.0.1:9999/debian unstable/main amd64 dmsetup amd64 2:1.02.137-1 [107 kB]
Get:6 http://127.0.0.1:9999/debian unstable/main amd64 libdevmapper1.02.1 amd64 2:1.02.137-1 [170 kB]
Get:7 http://127.0.0.1:9999/debian unstable/main amd64 libcryptsetup4 amd64 2:1.7.3-3 [108 kB]
Get:8 http://127.0.0.1:9999/debian unstable/main amd64 libidn11 amd64 1.33-1 [115 kB]
Get:9 http://127.0.0.1:9999/debian unstable/main amd64 libip4tc0 amd64 1.6.0+snapshot20161117-5 [67.7 kB]
Get:10 http://127.0.0.1:9999/debian unstable/main amd64 libkmod2 amd64 24-1 [48.5 kB]
Get:11 http://127.0.0.1:9999/debian unstable/main amd64 libseccomp2 amd64 2.3.1-2.1 [39.5 kB]
Get:12 http://127.0.0.1:9999/debian unstable/main amd64 systemd amd64 232-18 [2462 kB]
Get:13 http://127.0.0.1:9999/debian unstable/main amd64 groff-base amd64 1.22.3-9 [1160 kB]
Get:14 http://127.0.0.1:9999/debian unstable/main amd64 bsdmainutils amd64 9.0.12 [185 kB]
Get:15 http://127.0.0.1:9999/debian unstable/main amd64 libpipeline1 amd64 1.4.1-2 [27.6 kB]
Get:16 http://127.0.0.1:9999/debian unstable/main amd64 man-db amd64 2.7.6.1-2 [1044 kB]
Get:17 http://127.0.0.1:9999/debian unstable/main amd64 cmake-data all 3.7.2-1 [1216 kB]
Get:18 http://127.0.0.1:9999/debian unstable/main amd64 libprocps6 amd64 2:3.3.12-3 [58.1 kB]
Get:19 http://127.0.0.1:9999/debian unstable/main amd64 lsb-base all 9.20161125 [27.9 kB]
Get:20 http://127.0.0.1:9999/debian unstable/main amd64 procps amd64 2:3.3.12-3 [249 kB]
Get:21 http://127.0.0.1:9999/debian unstable/main amd64 liblzo2-2 amd64 2.08-1.2 [54.6 kB]
Get:22 http://127.0.0.1:9999/debian unstable/main amd64 libnettle6 amd64 3.3-1+b1 [191 kB]
Get:23 http://127.0.0.1:9999/debian unstable/main amd64 libicu57 amd64 57.1-5 [7700 kB]
Get:24 http://127.0.0.1:9999/debian unstable/main amd64 libxml2 amd64 2.9.4+dfsg1-2.2 [919 kB]
Get:25 http://127.0.0.1:9999/debian unstable/main amd64 libarchive13 amd64 3.2.1-6 [293 kB]
Get:26 http://127.0.0.1:9999/debian unstable/main amd64 libkeyutils1 amd64 1.5.9-9 [12.4 kB]
Get:27 http://127.0.0.1:9999/debian unstable/main amd64 libkrb5support0 amd64 1.15-1 [61.7 kB]
Get:28 http://127.0.0.1:9999/debian unstable/main amd64 libk5crypto3 amd64 1.15-1 [119 kB]
Get:29 http://127.0.0.1:9999/debian unstable/main amd64 libkrb5-3 amd64 1.15-1 [311 kB]
Get:30 http://127.0.0.1:9999/debian unstable/main amd64 libgssapi-krb5-2 amd64 1.15-1 [154 kB]
Get:31 http://127.0.0.1:9999/debian unstable/main amd64 libunistring0 amd64 0.9.6+really0.9.3-0.1 [279 kB]
Get:32 http://127.0.0.1:9999/debian unstable/main amd64 libidn2-0 amd64 0.16-1 [60.6 kB]
Get:33 http://127.0.0.1:9999/debian unstable/main amd64 libhogweed4 amd64 3.3-1+b1 [136 kB]
Get:34 http://127.0.0.1:9999/debian unstable/main amd64 libp11-kit0 amd64 0.23.3-5 [112 kB]
Get:35 http://127.0.0.1:9999/debian unstable/main amd64 libtasn1-6 amd64 4.10-1 [50.3 kB]
Get:36 http://127.0.0.1:9999/debian unstable/main amd64 libgnutls30 amd64 3.5.8-3 [894 kB]
Get:37 http://127.0.0.1:9999/debian unstable/main amd64 libsasl2-modules-db amd64 2.1.27~101-g0780600+dfsg-2 [68.1 kB]
Get:38 http://127.0.0.1:9999/debian unstable/main amd64 libsasl2-2 amd64 2.1.27~101-g0780600+dfsg-2 [105 kB]
Get:39 http://127.0.0.1:9999/debian unstable/main amd64 libldap-common all 2.4.44+dfsg-3 [84.5 kB]
Get:40 http://127.0.0.1:9999/debian unstable/main amd64 libldap-2.4-2 amd64 2.4.44+dfsg-3 [218 kB]
Get:41 http://127.0.0.1:9999/debian unstable/main amd64 libnghttp2-14 amd64 1.19.0-2 [84.2 kB]
Get:42 http://127.0.0.1:9999/debian unstable/main amd64 libpsl5 amd64 0.17.0-4 [41.8 kB]
Get:43 http://127.0.0.1:9999/debian unstable/main amd64 librtmp1 amd64 2.4+20151223.gitfa8646d.1-1+b1 [60.4 kB]
Get:44 http://127.0.0.1:9999/debian unstable/main amd64 libssh2-1 amd64 1.7.0-1 [138 kB]
Get:45 http://127.0.0.1:9999/debian unstable/main amd64 libssl1.0.2 amd64 1.0.2k-1 [1294 kB]
Get:46 http://127.0.0.1:9999/debian unstable/main amd64 libcurl3 amd64 7.52.1-3 [290 kB]
Get:47 http://127.0.0.1:9999/debian unstable/main amd64 libexpat1 amd64 2.2.0-2 [83.3 kB]
Get:48 http://127.0.0.1:9999/debian unstable/main amd64 libuv1 amd64 1.9.1-3 [84.4 kB]
Get:49 http://127.0.0.1:9999/debian unstable/main amd64 cmake amd64 3.7.2-1 [3038 kB]
Get:50 http://127.0.0.1:9999/debian unstable/main amd64 libpcrecpp0v5 amd64 2:8.39-2.1 [151 kB]
Get:51 http://127.0.0.1:9999/debian unstable/main amd64 libssl1.1 amd64 1.1.0e-1 [1341 kB]
Get:52 http://127.0.0.1:9999/debian unstable/main amd64 libpython3.5-minimal amd64 3.5.3-1 [573 kB]
Get:53 http://127.0.0.1:9999/debian unstable/main amd64 python3.5-minimal amd64 3.5.3-1 [1688 kB]
Get:54 http://127.0.0.1:9999/debian unstable/main amd64 python3-minimal amd64 3.5.3-1 [35.3 kB]
Get:55 http://127.0.0.1:9999/debian unstable/main amd64 mime-support all 3.60 [36.7 kB]
Get:56 http://127.0.0.1:9999/debian unstable/main amd64 libmpdec2 amd64 2.4.2-1 [85.2 kB]
Get:57 http://127.0.0.1:9999/debian unstable/main amd64 readline-common all 7.0-2 [70.4 kB]
Get:58 http://127.0.0.1:9999/debian unstable/main amd64 libreadline7 amd64 7.0-2 [151 kB]
Get:59 http://127.0.0.1:9999/debian unstable/main amd64 libsqlite3-0 amd64 3.16.2-3 [572 kB]
Get:60 http://127.0.0.1:9999/debian unstable/main amd64 libpython3.5-stdlib amd64 3.5.3-1 [2166 kB]
Get:61 http://127.0.0.1:9999/debian unstable/main amd64 python3.5 amd64 3.5.3-1 [229 kB]
Get:62 http://127.0.0.1:9999/debian unstable/main amd64 libpython3-stdlib amd64 3.5.3-1 [18.6 kB]
Get:63 http://127.0.0.1:9999/debian unstable/main amd64 dh-python all 2.20170125 [86.8 kB]
Get:64 http://127.0.0.1:9999/debian unstable/main amd64 python3 amd64 3.5.3-1 [21.6 kB]
Get:65 http://127.0.0.1:9999/debian unstable/main amd64 libmagic-mgc amd64 1:5.29-3 [221 kB]
Get:66 http://127.0.0.1:9999/debian unstable/main amd64 libmagic1 amd64 1:5.29-3 [110 kB]
Get:67 http://127.0.0.1:9999/debian unstable/main amd64 file amd64 1:5.29-3 [63.7 kB]
Get:68 http://127.0.0.1:9999/debian unstable/main amd64 gettext-base amd64 0.19.8.1-2 [121 kB]
Get:69 http://127.0.0.1:9999/debian unstable/main amd64 libgssrpc4 amd64 1.15-1 [89.0 kB]
Get:70 http://127.0.0.1:9999/debian unstable/main amd64 libkadm5clnt-mit11 amd64 1.15-1 [71.8 kB]
Get:71 http://127.0.0.1:9999/debian unstable/main amd64 libkdb5-8 amd64 1.15-1 [71.0 kB]
Get:72 http://127.0.0.1:9999/debian unstable/main amd64 libkadm5srv-mit11 amd64 1.15-1 [86.2 kB]
Get:73 http://127.0.0.1:9999/debian unstable/main amd64 libsigsegv2 amd64 2.10-5 [28.9 kB]
Get:74 http://127.0.0.1:9999/debian unstable/main amd64 m4 amd64 1.4.18-1 [202 kB]
Get:75 http://127.0.0.1:9999/debian unstable/main amd64 autoconf all 2.69-10 [338 kB]
Get:76 http://127.0.0.1:9999/debian unstable/main amd64 autotools-dev all 20161112.1 [73.4 kB]
Get:77 http://127.0.0.1:9999/debian unstable/main amd64 automake all 1:1.15-6 [733 kB]
Get:78 http://127.0.0.1:9999/debian unstable/main amd64 autopoint all 0.19.8.1-2 [433 kB]
Get:79 http://127.0.0.1:9999/debian unstable/main amd64 libbison-dev amd64 2:3.0.4.dfsg-1+b1 [433 kB]
Get:80 http://127.0.0.1:9999/debian unstable/main amd64 bison amd64 2:3.0.4.dfsg-1+b1 [786 kB]
Get:81 http://127.0.0.1:9999/debian unstable/main amd64 chrpath amd64 0.16-2 [16.7 kB]
Get:82 http://127.0.0.1:9999/debian unstable/main amd64 libtool all 2.4.6-2 [545 kB]
Get:83 http://127.0.0.1:9999/debian unstable/main amd64 dh-autoreconf all 13 [15.8 kB]
Get:84 http://127.0.0.1:9999/debian unstable/main amd64 libarchive-zip-perl all 1.59-1 [95.5 kB]
Get:85 http://127.0.0.1:9999/debian unstable/main amd64 libfile-stripnondeterminism-perl all 0.031-1 [15.7 kB]
Get:86 http://127.0.0.1:9999/debian unstable/main amd64 libtimedate-perl all 2.3000-2 [42.2 kB]
Get:87 http://127.0.0.1:9999/debian unstable/main amd64 dh-strip-nondeterminism all 0.031-1 [9736 B]
Get:88 http://127.0.0.1:9999/debian unstable/main amd64 libglib2.0-0 amd64 2.50.3-1 [2691 kB]
Get:89 http://127.0.0.1:9999/debian unstable/main amd64 libcroco3 amd64 0.6.11-2 [143 kB]
Get:90 http://127.0.0.1:9999/debian unstable/main amd64 gettext amd64 0.19.8.1-2 [1495 kB]
Get:91 http://127.0.0.1:9999/debian unstable/main amd64 intltool-debian all 0.35.0+20060710.4 [26.3 kB]
Get:92 http://127.0.0.1:9999/debian unstable/main amd64 po-debconf all 1.0.20 [247 kB]
Get:93 http://127.0.0.1:9999/debian unstable/main amd64 debhelper all 10.2.5 [961 kB]
Get:94 http://127.0.0.1:9999/debian unstable/main amd64 distro-info-data all 0.33 [5588 B]
Get:95 http://127.0.0.1:9999/debian unstable/main amd64 libelf1 amd64 0.168-0.2 [156 kB]
Get:96 http://127.0.0.1:9999/debian unstable/main amd64 libdw1 amd64 0.168-0.2 [205 kB]
Get:97 http://127.0.0.1:9999/debian unstable/main amd64 libbabeltrace1 amd64 1.5.2-1 [50.5 kB]
Get:98 http://127.0.0.1:9999/debian unstable/main amd64 libbabeltrace-ctf1 amd64 1.5.2-1 [141 kB]
Get:99 http://127.0.0.1:9999/debian unstable/main amd64 libpython3.5 amd64 3.5.3-1 [1371 kB]
Get:100 http://127.0.0.1:9999/debian unstable/main amd64 gdb amd64 7.12-6 [2722 kB]
Get:101 http://127.0.0.1:9999/debian unstable/main amd64 icu-devtools amd64 57.1-5 [177 kB]
Get:102 http://127.0.0.1:9999/debian unstable/main amd64 comerr-dev amd64 2.1-1.43.4-2 [38.4 kB]
Get:103 http://127.0.0.1:9999/debian unstable/main amd64 krb5-multidev amd64 1.15-1 [150 kB]
Get:104 http://127.0.0.1:9999/debian unstable/main amd64 libaio1 amd64 0.3.110-3 [9412 B]
Get:105 http://127.0.0.1:9999/debian unstable/main amd64 libaio-dev amd64 0.3.110-3 [18.3 kB]
Get:106 http://127.0.0.1:9999/debian unstable/main amd64 libboost1.62-dev amd64 1.62.0+dfsg-4 [7053 kB]
Get:107 http://127.0.0.1:9999/debian unstable/main amd64 libboost-dev amd64 1.62.0.1 [3632 B]
Get:108 http://127.0.0.1:9999/debian unstable/main amd64 libcrack2 amd64 2.9.2-3+b1 [54.9 kB]
Get:109 http://127.0.0.1:9999/debian unstable/main amd64 libdbus-1-3 amd64 1.10.16-1 [192 kB]
Get:110 http://127.0.0.1:9999/debian unstable/main amd64 libicu-dev amd64 57.1-5 [16.5 MB]
Get:111 http://127.0.0.1:9999/debian unstable/main amd64 libjudydebian1 amd64 1.0.5-5 [97.5 kB]
Get:112 http://127.0.0.1:9999/debian unstable/main amd64 libjudy-dev amd64 1.0.5-5 [137 kB]
Get:113 http://127.0.0.1:9999/debian unstable/main amd64 libltdl7 amd64 2.4.6-2 [389 kB]
Get:114 http://127.0.0.1:9999/debian unstable/main amd64 libltdl-dev amd64 2.4.6-2 [161 kB]
Get:115 http://127.0.0.1:9999/debian unstable/main amd64 libtinfo-dev amd64 6.0+20161126-1 [78.8 kB]
Get:116 http://127.0.0.1:9999/debian unstable/main amd64 libncurses5-dev amd64 6.0+20161126-1 [175 kB]
Get:117 http://127.0.0.1:9999/debian unstable/main amd64 libodbc1 amd64 2.3.4-1 [214 kB]
Get:118 http://127.0.0.1:9999/debian unstable/main amd64 libpam0g-dev amd64 1.1.8-3.5 [184 kB]
Get:119 http://127.0.0.1:9999/debian unstable/main amd64 libpcre16-3 amd64 2:8.39-2.1 [258 kB]
Get:120 http://127.0.0.1:9999/debian unstable/main amd64 libpcre32-3 amd64 2:8.39-2.1 [249 kB]
Get:121 http://127.0.0.1:9999/debian unstable/main amd64 libpcre3-dev amd64 2:8.39-2.1 [645 kB]
Get:122 http://127.0.0.1:9999/debian unstable/main amd64 libreadline5 amd64 5.2+dfsg-3+b1 [119 kB]
Get:123 http://127.0.0.1:9999/debian unstable/main amd64 libsystemd-dev amd64 232-18 [1957 kB]
Get:124 http://127.0.0.1:9999/debian unstable/main amd64 libxml2-dev amd64 2.9.4+dfsg1-2.2 [811 kB]
Get:125 http://127.0.0.1:9999/debian unstable/main amd64 lsb-release all 9.20161125 [27.1 kB]
Get:126 http://127.0.0.1:9999/debian unstable/main amd64 odbcinst1debian2 amd64 2.3.4-1 [75.2 kB]
Get:127 http://127.0.0.1:9999/debian unstable/main amd64 odbcinst amd64 2.3.4-1 [43.5 kB]
Get:128 http://127.0.0.1:9999/debian unstable/main amd64 psmisc amd64 22.21-2.1+b1 [121 kB]
Get:129 http://127.0.0.1:9999/debian unstable/main amd64 zlib1g-dev amd64 1:1.2.8.dfsg-5 [205 kB]
Get:130 http://127.0.0.1:9999/debian unstable/main amd64 dh-apparmor all 2.11.0-2 [58.2 kB]
Get:131 http://127.0.0.1:9999/debian unstable/main amd64 dh-exec amd64 0.23 [26.2 kB]
Get:132 http://127.0.0.1:9999/debian unstable/main amd64 dh-systemd all 10.2.5 [99.7 kB]
Get:133 http://127.0.0.1:9999/debian unstable/main amd64 libcrack2-dev amd64 2.9.2-3+b1 [32.1 kB]
Get:134 http://127.0.0.1:9999/debian unstable/main amd64 libjemalloc1 amd64 3.6.0-9.1 [89.8 kB]
Get:135 http://127.0.0.1:9999/debian unstable/main amd64 libjemalloc-dev amd64 3.6.0-9.1 [167 kB]
Get:136 http://127.0.0.1:9999/debian unstable/main amd64 libkrb5-dev amd64 1.15-1 [45.5 kB]
Get:137 http://127.0.0.1:9999/debian unstable/main amd64 libreadline-gplv2-dev amd64 5.2+dfsg-3+b1 [122 kB]
Get:138 http://127.0.0.1:9999/debian unstable/main amd64 unixodbc-dev amd64 2.3.4-1 [249 kB]
debconf: delaying package configuration, since apt-utils is not installed
Fetched 77.2 MB in 0s (102 MB/s)
Selecting previously unselected package libpopt0:amd64.
(Reading database ... 10086 files and directories currently installed.)
Preparing to unpack .../00-libpopt0_1.16-10_amd64.deb ...
Unpacking libpopt0:amd64 (1.16-10) ...
Selecting previously unselected package libapparmor1:amd64.
Preparing to unpack .../01-libapparmor1_2.11.0-2_amd64.deb ...
Unpacking libapparmor1:amd64 (2.11.0-2) ...
Selecting previously unselected package libcap2:amd64.
Preparing to unpack .../02-libcap2_1%3a2.25-1_amd64.deb ...
Unpacking libcap2:amd64 (1:2.25-1) ...
Selecting previously unselected package dmsetup.
Preparing to unpack .../03-dmsetup_2%3a1.02.137-1_amd64.deb ...
Unpacking dmsetup (2:1.02.137-1) ...
Selecting previously unselected package libdevmapper1.02.1:amd64.
Preparing to unpack .../04-libdevmapper1.02.1_2%3a1.02.137-1_amd64.deb ...
Unpacking libdevmapper1.02.1:amd64 (2:1.02.137-1) ...
Selecting previously unselected package libcryptsetup4:amd64.
Preparing to unpack .../05-libcryptsetup4_2%3a1.7.3-3_amd64.deb ...
Unpacking libcryptsetup4:amd64 (2:1.7.3-3) ...
Selecting previously unselected package libidn11:amd64.
Preparing to unpack .../06-libidn11_1.33-1_amd64.deb ...
Unpacking libidn11:amd64 (1.33-1) ...
Selecting previously unselected package libip4tc0:amd64.
Preparing to unpack .../07-libip4tc0_1.6.0+snapshot20161117-5_amd64.deb ...
Unpacking libip4tc0:amd64 (1.6.0+snapshot20161117-5) ...
Selecting previously unselected package libkmod2:amd64.
Preparing to unpack .../08-libkmod2_24-1_amd64.deb ...
Unpacking libkmod2:amd64 (24-1) ...
Selecting previously unselected package libseccomp2:amd64.
Preparing to unpack .../09-libseccomp2_2.3.1-2.1_amd64.deb ...
Unpacking libseccomp2:amd64 (2.3.1-2.1) ...
Selecting previously unselected package systemd.
Preparing to unpack .../10-systemd_232-18_amd64.deb ...
Unpacking systemd (232-18) ...
Selecting previously unselected package groff-base.
Preparing to unpack .../11-groff-base_1.22.3-9_amd64.deb ...
Unpacking groff-base (1.22.3-9) ...
Selecting previously unselected package bsdmainutils.
Preparing to unpack .../12-bsdmainutils_9.0.12_amd64.deb ...
Unpacking bsdmainutils (9.0.12) ...
Selecting previously unselected package libpipeline1:amd64.
Preparing to unpack .../13-libpipeline1_1.4.1-2_amd64.deb ...
Unpacking libpipeline1:amd64 (1.4.1-2) ...
Selecting previously unselected package man-db.
Preparing to unpack .../14-man-db_2.7.6.1-2_amd64.deb ...
Unpacking man-db (2.7.6.1-2) ...
Selecting previously unselected package cmake-data.
Preparing to unpack .../15-cmake-data_3.7.2-1_all.deb ...
Unpacking cmake-data (3.7.2-1) ...
Selecting previously unselected package libprocps6:amd64.
Preparing to unpack .../16-libprocps6_2%3a3.3.12-3_amd64.deb ...
Unpacking libprocps6:amd64 (2:3.3.12-3) ...
Selecting previously unselected package lsb-base.
Preparing to unpack .../17-lsb-base_9.20161125_all.deb ...
Unpacking lsb-base (9.20161125) ...
Selecting previously unselected package procps.
Preparing to unpack .../18-procps_2%3a3.3.12-3_amd64.deb ...
Unpacking procps (2:3.3.12-3) ...
Selecting previously unselected package liblzo2-2:amd64.
Preparing to unpack .../19-liblzo2-2_2.08-1.2_amd64.deb ...
Unpacking liblzo2-2:amd64 (2.08-1.2) ...
Selecting previously unselected package libnettle6:amd64.
Preparing to unpack .../20-libnettle6_3.3-1+b1_amd64.deb ...
Unpacking libnettle6:amd64 (3.3-1+b1) ...
Selecting previously unselected package libicu57:amd64.
Preparing to unpack .../21-libicu57_57.1-5_amd64.deb ...
Unpacking libicu57:amd64 (57.1-5) ...
Selecting previously unselected package libxml2:amd64.
Preparing to unpack .../22-libxml2_2.9.4+dfsg1-2.2_amd64.deb ...
Unpacking libxml2:amd64 (2.9.4+dfsg1-2.2) ...
Selecting previously unselected package libarchive13:amd64.
Preparing to unpack .../23-libarchive13_3.2.1-6_amd64.deb ...
Unpacking libarchive13:amd64 (3.2.1-6) ...
Selecting previously unselected package libkeyutils1:amd64.
Preparing to unpack .../24-libkeyutils1_1.5.9-9_amd64.deb ...
Unpacking libkeyutils1:amd64 (1.5.9-9) ...
Selecting previously unselected package libkrb5support0:amd64.
Preparing to unpack .../25-libkrb5support0_1.15-1_amd64.deb ...
Unpacking libkrb5support0:amd64 (1.15-1) ...
Selecting previously unselected package libk5crypto3:amd64.
Preparing to unpack .../26-libk5crypto3_1.15-1_amd64.deb ...
Unpacking libk5crypto3:amd64 (1.15-1) ...
Selecting previously unselected package libkrb5-3:amd64.
Preparing to unpack .../27-libkrb5-3_1.15-1_amd64.deb ...
Unpacking libkrb5-3:amd64 (1.15-1) ...
Selecting previously unselected package libgssapi-krb5-2:amd64.
Preparing to unpack .../28-libgssapi-krb5-2_1.15-1_amd64.deb ...
Unpacking libgssapi-krb5-2:amd64 (1.15-1) ...
Selecting previously unselected package libunistring0:amd64.
Preparing to unpack .../29-libunistring0_0.9.6+really0.9.3-0.1_amd64.deb ...
Unpacking libunistring0:amd64 (0.9.6+really0.9.3-0.1) ...
Selecting previously unselected package libidn2-0:amd64.
Preparing to unpack .../30-libidn2-0_0.16-1_amd64.deb ...
Unpacking libidn2-0:amd64 (0.16-1) ...
Selecting previously unselected package libhogweed4:amd64.
Preparing to unpack .../31-libhogweed4_3.3-1+b1_amd64.deb ...
Unpacking libhogweed4:amd64 (3.3-1+b1) ...
Selecting previously unselected package libp11-kit0:amd64.
Preparing to unpack .../32-libp11-kit0_0.23.3-5_amd64.deb ...
Unpacking libp11-kit0:amd64 (0.23.3-5) ...
Selecting previously unselected package libtasn1-6:amd64.
Preparing to unpack .../33-libtasn1-6_4.10-1_amd64.deb ...
Unpacking libtasn1-6:amd64 (4.10-1) ...
Selecting previously unselected package libgnutls30:amd64.
Preparing to unpack .../34-libgnutls30_3.5.8-3_amd64.deb ...
Unpacking libgnutls30:amd64 (3.5.8-3) ...
Selecting previously unselected package libsasl2-modules-db:amd64.
Preparing to unpack .../35-libsasl2-modules-db_2.1.27~101-g0780600+dfsg-2_amd64.deb ...
Unpacking libsasl2-modules-db:amd64 (2.1.27~101-g0780600+dfsg-2) ...
Selecting previously unselected package libsasl2-2:amd64.
Preparing to unpack .../36-libsasl2-2_2.1.27~101-g0780600+dfsg-2_amd64.deb ...
Unpacking libsasl2-2:amd64 (2.1.27~101-g0780600+dfsg-2) ...
Selecting previously unselected package libldap-common.
Preparing to unpack .../37-libldap-common_2.4.44+dfsg-3_all.deb ...
Unpacking libldap-common (2.4.44+dfsg-3) ...
Selecting previously unselected package libldap-2.4-2:amd64.
Preparing to unpack .../38-libldap-2.4-2_2.4.44+dfsg-3_amd64.deb ...
Unpacking libldap-2.4-2:amd64 (2.4.44+dfsg-3) ...
Selecting previously unselected package libnghttp2-14:amd64.
Preparing to unpack .../39-libnghttp2-14_1.19.0-2_amd64.deb ...
Unpacking libnghttp2-14:amd64 (1.19.0-2) ...
Selecting previously unselected package libpsl5:amd64.
Preparing to unpack .../40-libpsl5_0.17.0-4_amd64.deb ...
Unpacking libpsl5:amd64 (0.17.0-4) ...
Selecting previously unselected package librtmp1:amd64.
Preparing to unpack .../41-librtmp1_2.4+20151223.gitfa8646d.1-1+b1_amd64.deb ...
Unpacking librtmp1:amd64 (2.4+20151223.gitfa8646d.1-1+b1) ...
Selecting previously unselected package libssh2-1:amd64.
Preparing to unpack .../42-libssh2-1_1.7.0-1_amd64.deb ...
Unpacking libssh2-1:amd64 (1.7.0-1) ...
Selecting previously unselected package libssl1.0.2:amd64.
Preparing to unpack .../43-libssl1.0.2_1.0.2k-1_amd64.deb ...
Unpacking libssl1.0.2:amd64 (1.0.2k-1) ...
Selecting previously unselected package libcurl3:amd64.
Preparing to unpack .../44-libcurl3_7.52.1-3_amd64.deb ...
Unpacking libcurl3:amd64 (7.52.1-3) ...
Selecting previously unselected package libexpat1:amd64.
Preparing to unpack .../45-libexpat1_2.2.0-2_amd64.deb ...
Unpacking libexpat1:amd64 (2.2.0-2) ...
Selecting previously unselected package libuv1:amd64.
Preparing to unpack .../46-libuv1_1.9.1-3_amd64.deb ...
Unpacking libuv1:amd64 (1.9.1-3) ...
Selecting previously unselected package cmake.
Preparing to unpack .../47-cmake_3.7.2-1_amd64.deb ...
Unpacking cmake (3.7.2-1) ...
Selecting previously unselected package libpcrecpp0v5:amd64.
Preparing to unpack .../48-libpcrecpp0v5_2%3a8.39-2.1_amd64.deb ...
Unpacking libpcrecpp0v5:amd64 (2:8.39-2.1) ...
Selecting previously unselected package libssl1.1:amd64.
Preparing to unpack .../49-libssl1.1_1.1.0e-1_amd64.deb ...
Unpacking libssl1.1:amd64 (1.1.0e-1) ...
Selecting previously unselected package libpython3.5-minimal:amd64.
Preparing to unpack .../50-libpython3.5-minimal_3.5.3-1_amd64.deb ...
Unpacking libpython3.5-minimal:amd64 (3.5.3-1) ...
Selecting previously unselected package python3.5-minimal.
Preparing to unpack .../51-python3.5-minimal_3.5.3-1_amd64.deb ...
Unpacking python3.5-minimal (3.5.3-1) ...
Selecting previously unselected package python3-minimal.
Preparing to unpack .../52-python3-minimal_3.5.3-1_amd64.deb ...
Unpacking python3-minimal (3.5.3-1) ...
Selecting previously unselected package mime-support.
Preparing to unpack .../53-mime-support_3.60_all.deb ...
Unpacking mime-support (3.60) ...
Selecting previously unselected package libmpdec2:amd64.
Preparing to unpack .../54-libmpdec2_2.4.2-1_amd64.deb ...
Unpacking libmpdec2:amd64 (2.4.2-1) ...
Selecting previously unselected package readline-common.
Preparing to unpack .../55-readline-common_7.0-2_all.deb ...
Unpacking readline-common (7.0-2) ...
Selecting previously unselected package libreadline7:amd64.
Preparing to unpack .../56-libreadline7_7.0-2_amd64.deb ...
Unpacking libreadline7:amd64 (7.0-2) ...
Selecting previously unselected package libsqlite3-0:amd64.
Preparing to unpack .../57-libsqlite3-0_3.16.2-3_amd64.deb ...
Unpacking libsqlite3-0:amd64 (3.16.2-3) ...
Selecting previously unselected package libpython3.5-stdlib:amd64.
Preparing to unpack .../58-libpython3.5-stdlib_3.5.3-1_amd64.deb ...
Unpacking libpython3.5-stdlib:amd64 (3.5.3-1) ...
Selecting previously unselected package python3.5.
Preparing to unpack .../59-python3.5_3.5.3-1_amd64.deb ...
Unpacking python3.5 (3.5.3-1) ...
Selecting previously unselected package libpython3-stdlib:amd64.
Preparing to unpack .../60-libpython3-stdlib_3.5.3-1_amd64.deb ...
Unpacking libpython3-stdlib:amd64 (3.5.3-1) ...
Selecting previously unselected package dh-python.
Preparing to unpack .../61-dh-python_2.20170125_all.deb ...
Unpacking dh-python (2.20170125) ...
Setting up libssl1.1:amd64 (1.1.0e-1) ...
Setting up libpython3.5-minimal:amd64 (3.5.3-1) ...
Setting up libexpat1:amd64 (2.2.0-2) ...
Setting up python3.5-minimal (3.5.3-1) ...
Setting up python3-minimal (3.5.3-1) ...
Selecting previously unselected package python3.
(Reading database ... 14966 files and directories currently installed.)
Preparing to unpack .../00-python3_3.5.3-1_amd64.deb ...
Unpacking python3 (3.5.3-1) ...
Selecting previously unselected package libmagic-mgc.
Preparing to unpack .../01-libmagic-mgc_1%3a5.29-3_amd64.deb ...
Unpacking libmagic-mgc (1:5.29-3) ...
Selecting previously unselected package libmagic1:amd64.
Preparing to unpack .../02-libmagic1_1%3a5.29-3_amd64.deb ...
Unpacking libmagic1:amd64 (1:5.29-3) ...
Selecting previously unselected package file.
Preparing to unpack .../03-file_1%3a5.29-3_amd64.deb ...
Unpacking file (1:5.29-3) ...
Selecting previously unselected package gettext-base.
Preparing to unpack .../04-gettext-base_0.19.8.1-2_amd64.deb ...
Unpacking gettext-base (0.19.8.1-2) ...
Selecting previously unselected package libgssrpc4:amd64.
Preparing to unpack .../05-libgssrpc4_1.15-1_amd64.deb ...
Unpacking libgssrpc4:amd64 (1.15-1) ...
Selecting previously unselected package libkadm5clnt-mit11:amd64.
Preparing to unpack .../06-libkadm5clnt-mit11_1.15-1_amd64.deb ...
Unpacking libkadm5clnt-mit11:amd64 (1.15-1) ...
Selecting previously unselected package libkdb5-8:amd64.
Preparing to unpack .../07-libkdb5-8_1.15-1_amd64.deb ...
Unpacking libkdb5-8:amd64 (1.15-1) ...
Selecting previously unselected package libkadm5srv-mit11:amd64.
Preparing to unpack .../08-libkadm5srv-mit11_1.15-1_amd64.deb ...
Unpacking libkadm5srv-mit11:amd64 (1.15-1) ...
Selecting previously unselected package libsigsegv2:amd64.
Preparing to unpack .../09-libsigsegv2_2.10-5_amd64.deb ...
Unpacking libsigsegv2:amd64 (2.10-5) ...
Selecting previously unselected package m4.
Preparing to unpack .../10-m4_1.4.18-1_amd64.deb ...
Unpacking m4 (1.4.18-1) ...
Selecting previously unselected package autoconf.
Preparing to unpack .../11-autoconf_2.69-10_all.deb ...
Unpacking autoconf (2.69-10) ...
Selecting previously unselected package autotools-dev.
Preparing to unpack .../12-autotools-dev_20161112.1_all.deb ...
Unpacking autotools-dev (20161112.1) ...
Selecting previously unselected package automake.
Preparing to unpack .../13-automake_1%3a1.15-6_all.deb ...
Unpacking automake (1:1.15-6) ...
Selecting previously unselected package autopoint.
Preparing to unpack .../14-autopoint_0.19.8.1-2_all.deb ...
Unpacking autopoint (0.19.8.1-2) ...
Selecting previously unselected package libbison-dev:amd64.
Preparing to unpack .../15-libbison-dev_2%3a3.0.4.dfsg-1+b1_amd64.deb ...
Unpacking libbison-dev:amd64 (2:3.0.4.dfsg-1+b1) ...
Selecting previously unselected package bison.
Preparing to unpack .../16-bison_2%3a3.0.4.dfsg-1+b1_amd64.deb ...
Unpacking bison (2:3.0.4.dfsg-1+b1) ...
Selecting previously unselected package chrpath.
Preparing to unpack .../17-chrpath_0.16-2_amd64.deb ...
Unpacking chrpath (0.16-2) ...
Selecting previously unselected package libtool.
Preparing to unpack .../18-libtool_2.4.6-2_all.deb ...
Unpacking libtool (2.4.6-2) ...
Selecting previously unselected package dh-autoreconf.
Preparing to unpack .../19-dh-autoreconf_13_all.deb ...
Unpacking dh-autoreconf (13) ...
Selecting previously unselected package libarchive-zip-perl.
Preparing to unpack .../20-libarchive-zip-perl_1.59-1_all.deb ...
Unpacking libarchive-zip-perl (1.59-1) ...
Selecting previously unselected package libfile-stripnondeterminism-perl.
Preparing to unpack .../21-libfile-stripnondeterminism-perl_0.031-1_all.deb ...
Unpacking libfile-stripnondeterminism-perl (0.031-1) ...
Selecting previously unselected package libtimedate-perl.
Preparing to unpack .../22-libtimedate-perl_2.3000-2_all.deb ...
Unpacking libtimedate-perl (2.3000-2) ...
Selecting previously unselected package dh-strip-nondeterminism.
Preparing to unpack .../23-dh-strip-nondeterminism_0.031-1_all.deb ...
Unpacking dh-strip-nondeterminism (0.031-1) ...
Selecting previously unselected package libglib2.0-0:amd64.
Preparing to unpack .../24-libglib2.0-0_2.50.3-1_amd64.deb ...
Unpacking libglib2.0-0:amd64 (2.50.3-1) ...
Selecting previously unselected package libcroco3:amd64.
Preparing to unpack .../25-libcroco3_0.6.11-2_amd64.deb ...
Unpacking libcroco3:amd64 (0.6.11-2) ...
Selecting previously unselected package gettext.
Preparing to unpack .../26-gettext_0.19.8.1-2_amd64.deb ...
Unpacking gettext (0.19.8.1-2) ...
Selecting previously unselected package intltool-debian.
Preparing to unpack .../27-intltool-debian_0.35.0+20060710.4_all.deb ...
Unpacking intltool-debian (0.35.0+20060710.4) ...
Selecting previously unselected package po-debconf.
Preparing to unpack .../28-po-debconf_1.0.20_all.deb ...
Unpacking po-debconf (1.0.20) ...
Selecting previously unselected package debhelper.
Preparing to unpack .../29-debhelper_10.2.5_all.deb ...
Unpacking debhelper (10.2.5) ...
Selecting previously unselected package distro-info-data.
Preparing to unpack .../30-distro-info-data_0.33_all.deb ...
Unpacking distro-info-data (0.33) ...
Selecting previously unselected package libelf1:amd64.
Preparing to unpack .../31-libelf1_0.168-0.2_amd64.deb ...
Unpacking libelf1:amd64 (0.168-0.2) ...
Selecting previously unselected package libdw1:amd64.
Preparing to unpack .../32-libdw1_0.168-0.2_amd64.deb ...
Unpacking libdw1:amd64 (0.168-0.2) ...
Selecting previously unselected package libbabeltrace1:amd64.
Preparing to unpack .../33-libbabeltrace1_1.5.2-1_amd64.deb ...
Unpacking libbabeltrace1:amd64 (1.5.2-1) ...
Selecting previously unselected package libbabeltrace-ctf1:amd64.
Preparing to unpack .../34-libbabeltrace-ctf1_1.5.2-1_amd64.deb ...
Unpacking libbabeltrace-ctf1:amd64 (1.5.2-1) ...
Selecting previously unselected package libpython3.5:amd64.
Preparing to unpack .../35-libpython3.5_3.5.3-1_amd64.deb ...
Unpacking libpython3.5:amd64 (3.5.3-1) ...
Selecting previously unselected package gdb.
Preparing to unpack .../36-gdb_7.12-6_amd64.deb ...
Unpacking gdb (7.12-6) ...
Selecting previously unselected package icu-devtools.
Preparing to unpack .../37-icu-devtools_57.1-5_amd64.deb ...
Unpacking icu-devtools (57.1-5) ...
Selecting previously unselected package comerr-dev.
Preparing to unpack .../38-comerr-dev_2.1-1.43.4-2_amd64.deb ...
Unpacking comerr-dev (2.1-1.43.4-2) ...
Selecting previously unselected package krb5-multidev.
Preparing to unpack .../39-krb5-multidev_1.15-1_amd64.deb ...
Unpacking krb5-multidev (1.15-1) ...
Selecting previously unselected package libaio1:amd64.
Preparing to unpack .../40-libaio1_0.3.110-3_amd64.deb ...
Unpacking libaio1:amd64 (0.3.110-3) ...
Selecting previously unselected package libaio-dev.
Preparing to unpack .../41-libaio-dev_0.3.110-3_amd64.deb ...
Unpacking libaio-dev (0.3.110-3) ...
Selecting previously unselected package libboost1.62-dev:amd64.
Preparing to unpack .../42-libboost1.62-dev_1.62.0+dfsg-4_amd64.deb ...
Unpacking libboost1.62-dev:amd64 (1.62.0+dfsg-4) ...
Selecting previously unselected package libboost-dev:amd64.
Preparing to unpack .../43-libboost-dev_1.62.0.1_amd64.deb ...
Unpacking libboost-dev:amd64 (1.62.0.1) ...
Selecting previously unselected package libcrack2:amd64.
Preparing to unpack .../44-libcrack2_2.9.2-3+b1_amd64.deb ...
Unpacking libcrack2:amd64 (2.9.2-3+b1) ...
Selecting previously unselected package libdbus-1-3:amd64.
Preparing to unpack .../45-libdbus-1-3_1.10.16-1_amd64.deb ...
Unpacking libdbus-1-3:amd64 (1.10.16-1) ...
Selecting previously unselected package libicu-dev.
Preparing to unpack .../46-libicu-dev_57.1-5_amd64.deb ...
Unpacking libicu-dev (57.1-5) ...
Selecting previously unselected package libjudydebian1.
Preparing to unpack .../47-libjudydebian1_1.0.5-5_amd64.deb ...
Unpacking libjudydebian1 (1.0.5-5) ...
Selecting previously unselected package libjudy-dev.
Preparing to unpack .../48-libjudy-dev_1.0.5-5_amd64.deb ...
Unpacking libjudy-dev (1.0.5-5) ...
Selecting previously unselected package libltdl7:amd64.
Preparing to unpack .../49-libltdl7_2.4.6-2_amd64.deb ...
Unpacking libltdl7:amd64 (2.4.6-2) ...
Selecting previously unselected package libltdl-dev:amd64.
Preparing to unpack .../50-libltdl-dev_2.4.6-2_amd64.deb ...
Unpacking libltdl-dev:amd64 (2.4.6-2) ...
Selecting previously unselected package libtinfo-dev:amd64.
Preparing to unpack .../51-libtinfo-dev_6.0+20161126-1_amd64.deb ...
Unpacking libtinfo-dev:amd64 (6.0+20161126-1) ...
Selecting previously unselected package libncurses5-dev:amd64.
Preparing to unpack .../52-libncurses5-dev_6.0+20161126-1_amd64.deb ...
Unpacking libncurses5-dev:amd64 (6.0+20161126-1) ...
Selecting previously unselected package libodbc1:amd64.
Preparing to unpack .../53-libodbc1_2.3.4-1_amd64.deb ...
Unpacking libodbc1:amd64 (2.3.4-1) ...
Selecting previously unselected package libpam0g-dev:amd64.
Preparing to unpack .../54-libpam0g-dev_1.1.8-3.5_amd64.deb ...
Unpacking libpam0g-dev:amd64 (1.1.8-3.5) ...
Selecting previously unselected package libpcre16-3:amd64.
Preparing to unpack .../55-libpcre16-3_2%3a8.39-2.1_amd64.deb ...
Unpacking libpcre16-3:amd64 (2:8.39-2.1) ...
Selecting previously unselected package libpcre32-3:amd64.
Preparing to unpack .../56-libpcre32-3_2%3a8.39-2.1_amd64.deb ...
Unpacking libpcre32-3:amd64 (2:8.39-2.1) ...
Selecting previously unselected package libpcre3-dev:amd64.
Preparing to unpack .../57-libpcre3-dev_2%3a8.39-2.1_amd64.deb ...
Unpacking libpcre3-dev:amd64 (2:8.39-2.1) ...
Selecting previously unselected package libreadline5:amd64.
Preparing to unpack .../58-libreadline5_5.2+dfsg-3+b1_amd64.deb ...
Unpacking libreadline5:amd64 (5.2+dfsg-3+b1) ...
Selecting previously unselected package libsystemd-dev:amd64.
Preparing to unpack .../59-libsystemd-dev_232-18_amd64.deb ...
Unpacking libsystemd-dev:amd64 (232-18) ...
Selecting previously unselected package libxml2-dev:amd64.
Preparing to unpack .../60-libxml2-dev_2.9.4+dfsg1-2.2_amd64.deb ...
Unpacking libxml2-dev:amd64 (2.9.4+dfsg1-2.2) ...
Selecting previously unselected package lsb-release.
Preparing to unpack .../61-lsb-release_9.20161125_all.deb ...
Unpacking lsb-release (9.20161125) ...
Selecting previously unselected package odbcinst1debian2:amd64.
Preparing to unpack .../62-odbcinst1debian2_2.3.4-1_amd64.deb ...
Unpacking odbcinst1debian2:amd64 (2.3.4-1) ...
Selecting previously unselected package odbcinst.
Preparing to unpack .../63-odbcinst_2.3.4-1_amd64.deb ...
Unpacking odbcinst (2.3.4-1) ...
Selecting previously unselected package psmisc.
Preparing to unpack .../64-psmisc_22.21-2.1+b1_amd64.deb ...
Unpacking psmisc (22.21-2.1+b1) ...
Selecting previously unselected package zlib1g-dev:amd64.
Preparing to unpack .../65-zlib1g-dev_1%3a1.2.8.dfsg-5_amd64.deb ...
Unpacking zlib1g-dev:amd64 (1:1.2.8.dfsg-5) ...
Selecting previously unselected package dh-apparmor.
Preparing to unpack .../66-dh-apparmor_2.11.0-2_all.deb ...
Unpacking dh-apparmor (2.11.0-2) ...
Selecting previously unselected package dh-exec.
Preparing to unpack .../67-dh-exec_0.23_amd64.deb ...
Unpacking dh-exec (0.23) ...
Selecting previously unselected package dh-systemd.
Preparing to unpack .../68-dh-systemd_10.2.5_all.deb ...
Unpacking dh-systemd (10.2.5) ...
Selecting previously unselected package libcrack2-dev.
Preparing to unpack .../69-libcrack2-dev_2.9.2-3+b1_amd64.deb ...
Unpacking libcrack2-dev (2.9.2-3+b1) ...
Selecting previously unselected package libjemalloc1.
Preparing to unpack .../70-libjemalloc1_3.6.0-9.1_amd64.deb ...
Unpacking libjemalloc1 (3.6.0-9.1) ...
Selecting previously unselected package libjemalloc-dev.
Preparing to unpack .../71-libjemalloc-dev_3.6.0-9.1_amd64.deb ...
Unpacking libjemalloc-dev (3.6.0-9.1) ...
Selecting previously unselected package libkrb5-dev.
Preparing to unpack .../72-libkrb5-dev_1.15-1_amd64.deb ...
Unpacking libkrb5-dev (1.15-1) ...
Selecting previously unselected package libreadline-gplv2-dev:amd64.
Preparing to unpack .../73-libreadline-gplv2-dev_5.2+dfsg-3+b1_amd64.deb ...
Unpacking libreadline-gplv2-dev:amd64 (5.2+dfsg-3+b1) ...
Selecting previously unselected package unixodbc-dev.
Preparing to unpack .../74-unixodbc-dev_2.3.4-1_amd64.deb ...
Unpacking unixodbc-dev (2.3.4-1) ...
Selecting previously unselected package sbuild-build-depends-mariadb-10.1-dummy.
Preparing to unpack .../75-sbuild-build-depends-mariadb-10.1-dummy_0.invalid.0_amd64.deb ...
Unpacking sbuild-build-depends-mariadb-10.1-dummy (0.invalid.0) ...
Setting up chrpath (0.16-2) ...
Setting up readline-common (7.0-2) ...
Setting up libpam0g-dev:amd64 (1.1.8-3.5) ...
Setting up libnettle6:amd64 (3.3-1+b1) ...
Setting up libpopt0:amd64 (1.16-10) ...
Setting up libip4tc0:amd64 (1.6.0+snapshot20161117-5) ...
Setting up libarchive-zip-perl (1.59-1) ...
Setting up psmisc (22.21-2.1+b1) ...
Setting up libnghttp2-14:amd64 (1.19.0-2) ...
Setting up comerr-dev (2.1-1.43.4-2) ...
Setting up mime-support (3.60) ...
Setting up libboost1.62-dev:amd64 (1.62.0+dfsg-4) ...
Setting up libjemalloc1 (3.6.0-9.1) ...
Setting up libtimedate-perl (2.3000-2) ...
Setting up libsigsegv2:amd64 (2.10-5) ...
Setting up libldap-common (2.4.44+dfsg-3) ...
Setting up libuv1:amd64 (1.9.1-3) ...
Setting up libreadline7:amd64 (7.0-2) ...
Setting up libelf1:amd64 (0.168-0.2) ...
Setting up groff-base (1.22.3-9) ...
Setting up libglib2.0-0:amd64 (2.50.3-1) ...
No schema files found: doing nothing.
Setting up libcap2:amd64 (1:2.25-1) ...
Setting up libsasl2-modules-db:amd64 (2.1.27~101-g0780600+dfsg-2) ...
Setting up libsasl2-2:amd64 (2.1.27~101-g0780600+dfsg-2) ...
Setting up libtinfo-dev:amd64 (6.0+20161126-1) ...
Setting up distro-info-data (0.33) ...
Setting up gettext-base (0.19.8.1-2) ...
Setting up cmake-data (3.7.2-1) ...
Setting up libpipeline1:amd64 (1.4.1-2) ...
Setting up m4 (1.4.18-1) ...
Setting up libicu57:amd64 (57.1-5) ...
Setting up libjemalloc-dev (3.6.0-9.1) ...
Setting up libprocps6:amd64 (2:3.3.12-3) ...
Setting up libkmod2:amd64 (24-1) ...
Setting up libxml2:amd64 (2.9.4+dfsg1-2.2) ...
Setting up libtasn1-6:amd64 (4.10-1) ...
Setting up libmagic-mgc (1:5.29-3) ...
Setting up libmagic1:amd64 (1:5.29-3) ...
Setting up libhogweed4:amd64 (3.3-1+b1) ...
Setting up lsb-base (9.20161125) ...
Setting up procps (2:3.3.12-3) ...
update-alternatives: using /usr/bin/w.procps to provide /usr/bin/w (w) in auto mode
Setting up libcroco3:amd64 (0.6.11-2) ...
Setting up libncurses5-dev:amd64 (6.0+20161126-1) ...
Setting up libssl1.0.2:amd64 (1.0.2k-1) ...
Setting up libssh2-1:amd64 (1.7.0-1) ...
Processing triggers for libc-bin (2.24-9) ...
Setting up libaio1:amd64 (0.3.110-3) ...
Setting up libseccomp2:amd64 (2.3.1-2.1) ...
Setting up autotools-dev (20161112.1) ...
Setting up libunistring0:amd64 (0.9.6+really0.9.3-0.1) ...
Setting up libapparmor1:amd64 (2.11.0-2) ...
Setting up dh-apparmor (2.11.0-2) ...
Setting up libp11-kit0:amd64 (0.23.3-5) ...
Setting up libltdl7:amd64 (2.4.6-2) ...
Setting up libsqlite3-0:amd64 (3.16.2-3) ...
Setting up libbison-dev:amd64 (2:3.0.4.dfsg-1+b1) ...
Setting up libcrack2:amd64 (2.9.2-3+b1) ...
Setting up libpcrecpp0v5:amd64 (2:8.39-2.1) ...
Setting up libpcre32-3:amd64 (2:8.39-2.1) ...
Setting up icu-devtools (57.1-5) ...
Setting up libjudydebian1 (1.0.5-5) ...
Setting up libpcre16-3:amd64 (2:8.39-2.1) ...
Setting up libboost-dev:amd64 (1.62.0.1) ...
Setting up bison (2:3.0.4.dfsg-1+b1) ...
update-alternatives: using /usr/bin/bison.yacc to provide /usr/bin/yacc (yacc) in auto mode
Setting up libaio-dev (0.3.110-3) ...
Setting up libkeyutils1:amd64 (1.5.9-9) ...
Setting up libreadline5:amd64 (5.2+dfsg-3+b1) ...
Setting up bsdmainutils (9.0.12) ...
update-alternatives: using /usr/bin/bsd-write to provide /usr/bin/write (write) in auto mode
update-alternatives: using /usr/bin/bsd-from to provide /usr/bin/from (from) in auto mode
Setting up autopoint (0.19.8.1-2) ...
Setting up libidn11:amd64 (1.33-1) ...
Setting up libmpdec2:amd64 (2.4.2-1) ...
Setting up libdbus-1-3:amd64 (1.10.16-1) ...
Setting up libjudy-dev (1.0.5-5) ...
Setting up liblzo2-2:amd64 (2.08-1.2) ...
Setting up libcrack2-dev (2.9.2-3+b1) ...
Setting up zlib1g-dev:amd64 (1:1.2.8.dfsg-5) ...
Setting up libfile-stripnondeterminism-perl (0.031-1) ...
Setting up libpcre3-dev:amd64 (2:8.39-2.1) ...
Setting up libidn2-0:amd64 (0.16-1) ...
Setting up libodbc1:amd64 (2.3.4-1) ...
Setting up libltdl-dev:amd64 (2.4.6-2) ...
Setting up libdw1:amd64 (0.168-0.2) ...
Setting up gettext (0.19.8.1-2) ...
Setting up libarchive13:amd64 (3.2.1-6) ...
Setting up libpsl5:amd64 (0.17.0-4) ...
Setting up libreadline-gplv2-dev:amd64 (5.2+dfsg-3+b1) ...
Setting up libpython3.5-stdlib:amd64 (3.5.3-1) ...
Setting up libgnutls30:amd64 (3.5.8-3) ...
Setting up autoconf (2.69-10) ...
Setting up librtmp1:amd64 (2.4+20151223.gitfa8646d.1-1+b1) ...
Setting up libicu-dev (57.1-5) ...
Setting up file (1:5.29-3) ...
Setting up libkrb5support0:amd64 (1.15-1) ...
Setting up libxml2-dev:amd64 (2.9.4+dfsg1-2.2) ...
Setting up intltool-debian (0.35.0+20060710.4) ...
Setting up libldap-2.4-2:amd64 (2.4.44+dfsg-3) ...
Setting up automake (1:1.15-6) ...
update-alternatives: using /usr/bin/automake-1.15 to provide /usr/bin/automake (automake) in auto mode
Setting up man-db (2.7.6.1-2) ...
Not building database; man-db/auto-update is not 'true'.
Setting up libtool (2.4.6-2) ...
Setting up python3.5 (3.5.3-1) ...
Setting up libpython3-stdlib:amd64 (3.5.3-1) ...
Setting up libk5crypto3:amd64 (1.15-1) ...
Setting up po-debconf (1.0.20) ...
Setting up libpython3.5:amd64 (3.5.3-1) ...
Setting up libkrb5-3:amd64 (1.15-1) ...
Setting up libgssapi-krb5-2:amd64 (1.15-1) ...
Setting up libgssrpc4:amd64 (1.15-1) ...
Setting up libcurl3:amd64 (7.52.1-3) ...
Setting up libkdb5-8:amd64 (1.15-1) ...
Setting up libkadm5clnt-mit11:amd64 (1.15-1) ...
Setting up cmake (3.7.2-1) ...
Setting up libkadm5srv-mit11:amd64 (1.15-1) ...
Setting up krb5-multidev (1.15-1) ...
Setting up libkrb5-dev (1.15-1) ...
Setting up libdevmapper1.02.1:amd64 (2:1.02.137-1) ...
Setting up dmsetup (2:1.02.137-1) ...
Setting up odbcinst1debian2:amd64 (2.3.4-1) ...
Setting up libbabeltrace1:amd64 (1.5.2-1) ...
Setting up libcryptsetup4:amd64 (2:1.7.3-3) ...
Setting up unixodbc-dev (2.3.4-1) ...
Setting up dh-autoreconf (13) ...
Setting up python3 (3.5.3-1) ...
Setting up odbcinst (2.3.4-1) ...
Setting up lsb-release (9.20161125) ...
Setting up dh-strip-nondeterminism (0.031-1) ...
Setting up systemd (232-18) ...
Created symlink /etc/systemd/system/getty.target.wants/getty@tty1.service -> /lib/systemd/system/getty@.service.
Created symlink /etc/systemd/system/multi-user.target.wants/remote-fs.target -> /lib/systemd/system/remote-fs.target.
Created symlink /etc/systemd/system/sysinit.target.wants/systemd-timesyncd.service -> /lib/systemd/system/systemd-timesyncd.service.
Initializing machine ID from random generator.
addgroup: The group `systemd-journal' already exists as a system group. Exiting.
Setting up libsystemd-dev:amd64 (232-18) ...
Setting up dh-python (2.20170125) ...
Setting up libbabeltrace-ctf1:amd64 (1.5.2-1) ...
Setting up debhelper (10.2.5) ...
Setting up dh-systemd (10.2.5) ...
Setting up dh-exec (0.23) ...
Setting up gdb (7.12-6) ...
Setting up sbuild-build-depends-mariadb-10.1-dummy (0.invalid.0) ...
Processing triggers for libc-bin (2.24-9) ...
W: No sandbox user '_apt' on the system, can not drop privileges

+------------------------------------------------------------------------------+
| Build environment                                                            |
+------------------------------------------------------------------------------+

Kernel: Linux 3.16.0-4-amd64 amd64 (x86_64)
Toolchain package versions: binutils_2.27.90.20170221-1 dpkg-dev_1.18.22 g++-6_6.3.0-8 gcc-6_6.3.0-8 libc6-dev_2.24-9 libstdc++-6-dev_6.3.0-8 libstdc++6_6.3.0-8 linux-libc-dev_4.9.13-1
Package versions: adduser_3.115 apt_1.4~rc2 autoconf_2.69-10 automake_1:1.15-6 autopoint_0.19.8.1-2 autotools-dev_20161112.1 base-files_9.8 base-passwd_3.5.43 bash_4.4-4 binutils_2.27.90.20170221-1 bison_2:3.0.4.dfsg-1+b1 bsdmainutils_9.0.12 bsdutils_1:2.29.1-1 build-essential_12.3 bzip2_1.0.6-8.1 chrpath_0.16-2 clang-4.0_1:4.0~+rc2-1 cmake_3.7.2-1 cmake-data_3.7.2-1 comerr-dev_2.1-1.43.4-2 coreutils_8.26-3 cpp_4:6.3.0-1 cpp-6_6.3.0-8 dash_0.5.8-2.4 debconf_1.5.60 debfoster_2.7-2.1 debhelper_10.2.5 debian-archive-keyring_2014.3 debianutils_4.8.1 dh-apparmor_2.11.0-2 dh-autoreconf_13 dh-exec_0.23 dh-python_2.20170125 dh-strip-nondeterminism_0.031-1 dh-systemd_10.2.5 diffutils_1:3.5-3 distro-info-data_0.33 dmsetup_2:1.02.137-1 dpkg_1.18.22 dpkg-dev_1.18.22 e2fslibs_1.43.4-2 e2fsprogs_1.43.4-2 eatmydata_105-5 fakeroot_1.21-3.1 file_1:5.29-3 findutils_4.6.0+git+20161106-2 g++_4:6.3.0-1 g++-6_6.3.0-8 gcc_4:6.3.0-1 gcc-6_6.3.0-8 gcc-6-base_6.3.0-8 gdb_7.12-6 gettext_0.19.8.1-2 gettext-base_0.19.8.1-2 gpgv_2.1.18-6 grep_2.27-2 groff-base_1.22.3-9 gzip_1.6-5 hostname_3.18 icu-devtools_57.1-5 init-system-helpers_1.47 intltool-debian_0.35.0+20060710.4 krb5-multidev_1.15-1 libacl1_2.2.52-3+b1 libaio-dev_0.3.110-3 libaio1_0.3.110-3 libapparmor1_2.11.0-2 libapt-pkg5.0_1.4~rc2 libarchive-zip-perl_1.59-1 libarchive13_3.2.1-6 libasan3_6.3.0-8 libatomic1_6.3.0-8 libattr1_1:2.4.47-2+b2 libaudit-common_1:2.6.7-1 libaudit1_1:2.6.7-1 libbabeltrace-ctf1_1.5.2-1 libbabeltrace1_1.5.2-1 libbison-dev_2:3.0.4.dfsg-1+b1 libblkid1_2.29.1-1 libboost-dev_1.62.0.1 libboost1.62-dev_1.62.0+dfsg-4 libbsd0_0.8.3-1 libbz2-1.0_1.0.6-8.1 libc-bin_2.24-9 libc-dev-bin_2.24-9 libc6_2.24-9 libc6-dev_2.24-9 libcap-ng0_0.7.7-3+b1 libcap2_1:2.25-1 libcc1-0_6.3.0-8 libcilkrts5_6.3.0-8 libclang-common-4.0-dev_1:4.0~+rc2-1 libclang1-4.0_1:4.0~+rc2-1 libcomerr2_1.43.4-2 libcrack2_2.9.2-3+b1 libcrack2-dev_2.9.2-3+b1 libcroco3_0.6.11-2 libcryptsetup4_2:1.7.3-3 libcurl3_7.52.1-3 libdb5.3_5.3.28-12+b1 libdbus-1-3_1.10.16-1 libdebconfclient0_0.224 libdevmapper1.02.1_2:1.02.137-1 libdpkg-perl_1.18.22 libdw1_0.168-0.2 libeatmydata1_105-5 libedit2_3.1-20160903-3 libelf1_0.168-0.2 libexpat1_2.2.0-2 libfakeroot_1.21-3.1 libfdisk1_2.29.1-1 libffi6_3.2.1-6 libfile-stripnondeterminism-perl_0.031-1 libgc1c2_1:7.4.2-8 libgcc-6-dev_6.3.0-8 libgcc1_1:6.3.0-8 libgcrypt20_1.7.6-1 libgdbm3_1.8.3-14 libglib2.0-0_2.50.3-1 libgmp10_2:6.1.2+dfsg-1 libgnutls30_3.5.8-3 libgomp1_6.3.0-8 libgpg-error0_1.26-2 libgssapi-krb5-2_1.15-1 libgssrpc4_1.15-1 libhogweed4_3.3-1+b1 libicu-dev_57.1-5 libicu57_57.1-5 libidn11_1.33-1 libidn2-0_0.16-1 libip4tc0_1.6.0+snapshot20161117-5 libisl15_0.18-1 libitm1_6.3.0-8 libjemalloc-dev_3.6.0-9.1 libjemalloc1_3.6.0-9.1 libjsoncpp1_1.7.4-3 libjudy-dev_1.0.5-5 libjudydebian1_1.0.5-5 libk5crypto3_1.15-1 libkadm5clnt-mit11_1.15-1 libkadm5srv-mit11_1.15-1 libkdb5-8_1.15-1 libkeyutils1_1.5.9-9 libkmod2_24-1 libkrb5-3_1.15-1 libkrb5-dev_1.15-1 libkrb5support0_1.15-1 libldap-2.4-2_2.4.44+dfsg-3 libldap-common_2.4.44+dfsg-3 libllvm4.0_1:4.0~+rc2-1 liblsan0_6.3.0-8 libltdl-dev_2.4.6-2 libltdl7_2.4.6-2 liblz4-1_0.0~r131-2+b1 liblzma5_5.2.2-1.2+b1 liblzo2-2_2.08-1.2 libmagic-mgc_1:5.29-3 libmagic1_1:5.29-3 libmount1_2.29.1-1 libmpc3_1.0.3-1 libmpdec2_2.4.2-1 libmpfr4_3.1.5-1 libmpx2_6.3.0-8 libncurses5_6.0+20161126-1 libncurses5-dev_6.0+20161126-1 libncursesw5_6.0+20161126-1 libnettle6_3.3-1+b1 libnghttp2-14_1.19.0-2 libobjc-6-dev_6.3.0-8 libobjc4_6.3.0-8 libodbc1_2.3.4-1 libp11-kit0_0.23.3-5 libpam-modules_1.1.8-3.5 libpam-modules-bin_1.1.8-3.5 libpam-runtime_1.1.8-3.5 libpam0g_1.1.8-3.5 libpam0g-dev_1.1.8-3.5 libpcre16-3_2:8.39-2.1 libpcre3_2:8.39-2.1 libpcre3-dev_2:8.39-2.1 libpcre32-3_2:8.39-2.1 libpcrecpp0v5_2:8.39-2.1 libperl5.24_5.24.1-1 libpipeline1_1.4.1-2 libpopt0_1.16-10 libprocps6_2:3.3.12-3 libpsl5_0.17.0-4 libpython3-stdlib_3.5.3-1 libpython3.5_3.5.3-1 libpython3.5-minimal_3.5.3-1 libpython3.5-stdlib_3.5.3-1 libquadmath0_6.3.0-8 libreadline-gplv2-dev_5.2+dfsg-3+b1 libreadline5_5.2+dfsg-3+b1 libreadline7_7.0-2 librtmp1_2.4+20151223.gitfa8646d.1-1+b1 libsasl2-2_2.1.27~101-g0780600+dfsg-2 libsasl2-modules-db_2.1.27~101-g0780600+dfsg-2 libseccomp2_2.3.1-2.1 libselinux1_2.6-3 libsemanage-common_2.6-2 libsemanage1_2.6-2 libsepol1_2.6-2 libsigsegv2_2.10-5 libsmartcols1_2.29.1-1 libsqlite3-0_3.16.2-3 libss2_1.43.4-2 libssh2-1_1.7.0-1 libssl1.0.2_1.0.2k-1 libssl1.1_1.1.0e-1 libstdc++-6-dev_6.3.0-8 libstdc++6_6.3.0-8 libsystemd-dev_232-18 libsystemd0_232-18 libtasn1-6_4.10-1 libtimedate-perl_2.3000-2 libtinfo-dev_6.0+20161126-1 libtinfo5_6.0+20161126-1 libtool_2.4.6-2 libtsan0_6.3.0-8 libubsan0_6.3.0-8 libudev1_232-18 libunistring0_0.9.6+really0.9.3-0.1 libustr-1.0-1_1.0.4-6 libuuid1_2.29.1-1 libuv1_1.9.1-3 libxml2_2.9.4+dfsg1-2.2 libxml2-dev_2.9.4+dfsg1-2.2 linux-libc-dev_4.9.13-1 login_1:4.4-4 lsb-base_9.20161125 lsb-release_9.20161125 m4_1.4.18-1 make_4.1-9.1 man-db_2.7.6.1-2 mawk_1.3.3-17 mime-support_3.60 mount_2.29.1-1 multiarch-support_2.24-9 ncurses-base_6.0+20161126-1 ncurses-bin_6.0+20161126-1 odbcinst_2.3.4-1 odbcinst1debian2_2.3.4-1 passwd_1:4.4-4 patch_2.7.5-1 perl_5.24.1-1 perl-base_5.24.1-1 perl-modules-5.24_5.24.1-1 po-debconf_1.0.20 procps_2:3.3.12-3 psmisc_22.21-2.1+b1 python3_3.5.3-1 python3-minimal_3.5.3-1 python3.5_3.5.3-1 python3.5-minimal_3.5.3-1 readline-common_7.0-2 sbuild-build-depends-core-dummy_0.invalid.0 sbuild-build-depends-mariadb-10.1-dummy_0.invalid.0 sed_4.4-1 sensible-utils_0.0.9 systemd_232-18 sysvinit-utils_2.88dsf-59.9 tar_1.29b-1.1 unixodbc-dev_2.3.4-1 util-linux_2.29.1-1 xz-utils_5.2.2-1.2+b1 zlib1g_1:1.2.8.dfsg-5 zlib1g-dev_1:1.2.8.dfsg-5

+------------------------------------------------------------------------------+
| Build                                                                        |
+------------------------------------------------------------------------------+


Unpack source
-------------

gpgv: unknown type of key resource 'trustedkeys.kbx'
gpgv: keyblock resource '/sbuild-nonexistent/.gnupg/trustedkeys.kbx': General error
gpgv: Signature made Fri Jan 27 20:16:35 2017 UTC
gpgv:                using RSA key BED8449FCEE8DA88
gpgv: Can't check signature: No public key
dpkg-source: warning: failed to verify signature on ./mariadb-10.1_10.1.21-5.dsc
dpkg-source: info: extracting mariadb-10.1 in /<<PKGBUILDDIR>>
dpkg-source: info: unpacking mariadb-10.1_10.1.21.orig.tar.gz
dpkg-source: info: unpacking mariadb-10.1_10.1.21-5.debian.tar.xz
dpkg-source: info: applying libmariadbclient-rename.patch
dpkg-source: info: applying scripts__mysql_create_system_tables__no_test.patch
dpkg-source: info: applying scripts__mysqld_safe.sh__signals.patch
dpkg-source: info: applying scripts__mysql_install_db.sh__no_test.patch
dpkg-source: info: applying mysql-test__db_test.patch
dpkg-source: info: applying replace_dash_with_bash_mbug675185.patch
dpkg-source: info: applying extend_default_test_timeout_for_tokudb.patch
dpkg-source: info: applying remove_rename_mariadb-server_files_in.patch
dpkg-source: info: applying innodb_simulate_comp_test_speedup.patch
dpkg-source: info: applying mysqld_multi_confd.patch
dpkg-source: info: applying mysqld_multi.server_lsb-header.patch
dpkg-source: info: applying man_page_tokuftdump.patch
dpkg-source: info: applying man_pages_wsrep.patch
dpkg-source: info: applying mips-groonga-atomic.patch
dpkg-source: info: applying mips-connect-unaligned.patch
dpkg-source: info: applying mips-machine.patch
dpkg-source: info: applying mips-unstable-tests.patch
dpkg-source: info: applying hurd_socket.patch
dpkg-source: info: applying armhf_mroonga_storage_fail.patch
dpkg-source: info: applying c11_atomics.patch
dpkg-source: info: applying remove-systemd-obsolete-target.patch

Check disk space
----------------

Sufficient free space for build

User Environment
----------------

APT_CONFIG=/var/lib/sbuild/apt.conf
HOME=/sbuild-nonexistent
LC_ALL=POSIX
LOGNAME=user42
PATH=/usr/local/sbin:/usr/local/bin:/usr/sbin:/usr/bin:/sbin:/bin:/usr/games
SCHROOT_ALIAS_NAME=unstable-amd64-sbuild
SCHROOT_CHROOT_NAME=unstable-amd64-sbuild
SCHROOT_COMMAND=env
SCHROOT_GID=1001
SCHROOT_GROUP=user42
SCHROOT_SESSION_ID=unstable-amd64-sbuild-9c81e52a-750b-4f9c-a5da-4a8575c99915
SCHROOT_UID=1001
SCHROOT_USER=user42
SHELL=/bin/sh
USER=user42

dpkg-buildpackage
-----------------

dpkg-buildpackage: info: source package mariadb-10.1
dpkg-buildpackage: info: source version 10.1.21-5
dpkg-buildpackage: info: source distribution unstable
dpkg-buildpackage: info: source changed by Otto Keklinen <otto@debian.org>
 dpkg-source --before-build mariadb-10.1-10.1.21
dpkg-buildpackage: info: host architecture amd64
 fakeroot debian/rules clean
dh clean --parallel --with systemd
   dh_testdir -O--parallel
   debian/rules override_dh_auto_clean
make[1]: Entering directory '/<<PKGBUILDDIR>>'
RULES.override_dh_auto_clean
dh_testdir
dh_testroot
[ ! -d mysql-test/var ] || rm -rf mysql-test/var
[ ! -f storage/mroonga/mysql-test/mroonga/storage/r/information_schema_plugins.result ] || \
    rm -f storage/mroonga/mysql-test/mroonga/storage/r/information_schema_plugins.result
[ ! -f storage/mroonga/mysql-test/mroonga/storage/r/variable_version.result ] || \
    rm -f storage/mroonga/mysql-test/mroonga/storage/r/variable_version.result
[ ! -f debian/libmariadbclient18.symbols.disabled ] || \
    mv debian/libmariadbclient18.symbols.disabled debian/libmariadbclient18.symbols
[ ! -f debian/mariadb-server-10.1.mariadb.service ] || \
    rm -f debian/mariadb-server-10.1.mariadb.service
[ ! -f debian/mariadb-server-10.1.mariadb@.service ] || \
    rm -f debian/mariadb-server-10.1.mariadb@.service
[ ! -f debian/mysql-test-unstable-tests.orig ] || \
    mv debian/mysql-test-unstable-tests.orig mysql-test/unstable-tests
rm -rf builddir
debconf-updatepo # Update po-files when clean runs before each build
make[1]: Leaving directory '/<<PKGBUILDDIR>>'
   dh_clean -O--parallel
	rm -f debian/debhelper-build-stamp
	rm -f debian/libmariadbclient18.substvars
	rm -f debian/libmariadbclient18.*.debhelper
	rm -rf debian/libmariadbclient18/
	rm -f debian/libmariadbclient-dev.substvars
	rm -f debian/libmariadbclient-dev.*.debhelper
	rm -rf debian/libmariadbclient-dev/
	rm -f debian/libmariadbclient-dev-compat.substvars
	rm -f debian/libmariadbclient-dev-compat.*.debhelper
	rm -rf debian/libmariadbclient-dev-compat/
	rm -f debian/libmariadbd18.substvars
	rm -f debian/libmariadbd18.*.debhelper
	rm -rf debian/libmariadbd18/
	rm -f debian/libmariadbd-dev.substvars
	rm -f debian/libmariadbd-dev.*.debhelper
	rm -rf debian/libmariadbd-dev/
	rm -f debian/mariadb-common.substvars
	rm -f debian/mariadb-common.*.debhelper
	rm -rf debian/mariadb-common/
	rm -f debian/mariadb-client-core-10.1.substvars
	rm -f debian/mariadb-client-core-10.1.*.debhelper
	rm -rf debian/mariadb-client-core-10.1/
	rm -f debian/mariadb-client-10.1.substvars
	rm -f debian/mariadb-client-10.1.*.debhelper
	rm -rf debian/mariadb-client-10.1/
	rm -f debian/mariadb-server-core-10.1.substvars
	rm -f debian/mariadb-server-core-10.1.*.debhelper
	rm -rf debian/mariadb-server-core-10.1/
	rm -f debian/mariadb-server-10.1.substvars
	rm -f debian/mariadb-server-10.1.*.debhelper
	rm -rf debian/mariadb-server-10.1/
	rm -f debian/mariadb-server.substvars
	rm -f debian/mariadb-server.*.debhelper
	rm -rf debian/mariadb-server/
	rm -f debian/mariadb-client.substvars
	rm -f debian/mariadb-client.*.debhelper
	rm -rf debian/mariadb-client/
	rm -f debian/mariadb-plugin-connect.substvars
	rm -f debian/mariadb-plugin-connect.*.debhelper
	rm -rf debian/mariadb-plugin-connect/
	rm -f debian/mariadb-plugin-oqgraph.substvars
	rm -f debian/mariadb-plugin-oqgraph.*.debhelper
	rm -rf debian/mariadb-plugin-oqgraph/
	rm -f debian/mariadb-plugin-tokudb.substvars
	rm -f debian/mariadb-plugin-tokudb.*.debhelper
	rm -rf debian/mariadb-plugin-tokudb/
	rm -f debian/mariadb-plugin-mroonga.substvars
	rm -f debian/mariadb-plugin-mroonga.*.debhelper
	rm -rf debian/mariadb-plugin-mroonga/
	rm -f debian/mariadb-plugin-spider.substvars
	rm -f debian/mariadb-plugin-spider.*.debhelper
	rm -rf debian/mariadb-plugin-spider/
	rm -f debian/mariadb-plugin-gssapi-server.substvars
	rm -f debian/mariadb-plugin-gssapi-server.*.debhelper
	rm -rf debian/mariadb-plugin-gssapi-server/
	rm -f debian/mariadb-plugin-gssapi-client.substvars
	rm -f debian/mariadb-plugin-gssapi-client.*.debhelper
	rm -rf debian/mariadb-plugin-gssapi-client/
	rm -f debian/mariadb-plugin-cracklib-password-check.substvars
	rm -f debian/mariadb-plugin-cracklib-password-check.*.debhelper
	rm -rf debian/mariadb-plugin-cracklib-password-check/
	rm -f debian/mariadb-test.substvars
	rm -f debian/mariadb-test.*.debhelper
	rm -rf debian/mariadb-test/
	rm -f debian/mariadb-test-data.substvars
	rm -f debian/mariadb-test-data.*.debhelper
	rm -rf debian/mariadb-test-data/
	rm -rf debian/.debhelper/
	rm -f debian/*.debhelper.log
	rm -f debian/files
	find .  \( \( \
		\( -path .\*/.git -o -path .\*/.svn -o -path .\*/.bzr -o -path .\*/.hg -o -path .\*/CVS \) -prune -o -type f -a \
	        \( -name '#*#' -o -name '.*~' -o -name '*~' -o -name DEADJOE \
		 -o -name '*.orig' -o -name '*.rej' -o -name '*.bak' \
		 -o -name '.*.orig' -o -name .*.rej -o -name '.SUMS' \
		 -o -name TAGS -o \( -path '*/.deps/*' -a -name '*.P' \) \
		\) -exec rm -f {} + \) -o \
		\( -type d -a -name autom4te.cache -prune -exec rm -rf {} + \) \)
	rm -f *-stamp
 debian/rules build-arch
dh build-arch --parallel --with systemd
   dh_testdir -a -O--parallel
   dh_update_autotools_config -a -O--parallel
	install -d debian/.debhelper/bucket/files
	cp -an --reflink=auto storage/tokudb/PerconaFT/third_party/xz-4.999.9beta/build-aux/config.guess debian/.debhelper/bucket/files/3df32ef991961a94549cea40a11847d94e99bca10d2d9535899e0b158d8f184d.tmp
	mv -f debian/.debhelper/bucket/files/3df32ef991961a94549cea40a11847d94e99bca10d2d9535899e0b158d8f184d.tmp debian/.debhelper/bucket/files/3df32ef991961a94549cea40a11847d94e99bca10d2d9535899e0b158d8f184d
	cp -f /usr/share/misc/config.guess ./storage/tokudb/PerconaFT/third_party/xz-4.999.9beta/build-aux/config.guess
	cp -an --reflink=auto storage/tokudb/PerconaFT/third_party/snappy-1.1.2/config.guess debian/.debhelper/bucket/files/9be3de218833c076786b919dc34aab691611f4cd73316e7705f2673e2c41921b.tmp
	mv -f debian/.debhelper/bucket/files/9be3de218833c076786b919dc34aab691611f4cd73316e7705f2673e2c41921b.tmp debian/.debhelper/bucket/files/9be3de218833c076786b919dc34aab691611f4cd73316e7705f2673e2c41921b
	cp -f /usr/share/misc/config.guess ./storage/tokudb/PerconaFT/third_party/snappy-1.1.2/config.guess
	cp -an --reflink=auto storage/tokudb/PerconaFT/third_party/xz-4.999.9beta/build-aux/config.sub debian/.debhelper/bucket/files/1df181e8e701c16ff55f06ab1b3af5f2223005fa56f946c5eedebff92ed99605.tmp
	mv -f debian/.debhelper/bucket/files/1df181e8e701c16ff55f06ab1b3af5f2223005fa56f946c5eedebff92ed99605.tmp debian/.debhelper/bucket/files/1df181e8e701c16ff55f06ab1b3af5f2223005fa56f946c5eedebff92ed99605
	cp -f /usr/share/misc/config.sub ./storage/tokudb/PerconaFT/third_party/xz-4.999.9beta/build-aux/config.sub
	cp -an --reflink=auto storage/tokudb/PerconaFT/third_party/snappy-1.1.2/config.sub debian/.debhelper/bucket/files/e308ae7f7f524bd790f8d4457c7c0a30f8403ffff4dd0b7d4388daca24275db4.tmp
	mv -f debian/.debhelper/bucket/files/e308ae7f7f524bd790f8d4457c7c0a30f8403ffff4dd0b7d4388daca24275db4.tmp debian/.debhelper/bucket/files/e308ae7f7f524bd790f8d4457c7c0a30f8403ffff4dd0b7d4388daca24275db4
	cp -f /usr/share/misc/config.sub ./storage/tokudb/PerconaFT/third_party/snappy-1.1.2/config.sub
   debian/rules override_dh_auto_configure
make[1]: Entering directory '/<<PKGBUILDDIR>>'
RULES.override_dh_auto_configure
dh_testdir
# Versioned symbols are only available on Linux.
# Remove symbols file on kFreeBSD and Hurd builds so that
# dpkg-gensymbols will not fail the build.
mkdir -p builddir && cd builddir && \
sh -c  'PATH=${MYSQL_BUILD_PATH:-"/usr/local/bin:/usr/bin:/bin"} \
    	CC=x86_64-linux-gnu-gcc \
    	CXX=x86_64-linux-gnu-g++ \
    cmake -DCMAKE_INSTALL_PREFIX=/usr \
     \
    -DWITH_SSL=bundled \
    -DCOMPILATION_COMMENT="Debian 9.0" \
    -DMYSQL_SERVER_SUFFIX="-5" \
    -DSYSTEM_TYPE="debian-linux-gnu" \
    -DCMAKE_SYSTEM_PROCESSOR=amd64 \
    -DBUILD_CONFIG=mysql_release \
    -DINSTALL_LIBDIR=lib/x86_64-linux-gnu \
    -DINSTALL_PLUGINDIR=lib/x86_64-linux-gnu/mariadb18/plugin \
    -DINSTALL_MYSQLTESTDIR=share/mysql/mysql-test \
    -DPLUGIN_AUTH_SOCKET=STATIC \
    -DDEB=Debian ..'
Re-run cmake no build system arguments
-- Running cmake version 3.7.2
-- The C compiler identification is Clang 4.0.0
-- The CXX compiler identification is Clang 4.0.0
-- Check for working C compiler: /usr/bin/x86_64-linux-gnu-gcc
-- Check for working C compiler: /usr/bin/x86_64-linux-gnu-gcc -- works
-- Detecting C compiler ABI info
-- Detecting C compiler ABI info - done
-- Detecting C compile features
-- Detecting C compile features - done
-- Check for working CXX compiler: /usr/bin/x86_64-linux-gnu-g++
-- Check for working CXX compiler: /usr/bin/x86_64-linux-gnu-g++ -- works
-- Detecting CXX compiler ABI info
-- Detecting CXX compiler ABI info - done
-- Detecting CXX compile features
-- Detecting CXX compile features - done
-- Looking for sys/types.h
-- Looking for sys/types.h - found
-- Looking for stdint.h
-- Looking for stdint.h - found
-- Looking for stddef.h
-- Looking for stddef.h - found
-- Check size of void *
-- Check size of void * - done
-- Looking for include file libaio.h
-- Looking for include file libaio.h - found
-- Looking for io_queue_init in aio
-- Looking for io_queue_init in aio - found
-- Looking for SHM_HUGETLB
-- Looking for SHM_HUGETLB - found
-- MariaDB 10.1.21
-- Packaging as: mariadb-5-10.1.21-Linux-x86_64
-- Performing Test HAVE_VISIBILITY_HIDDEN
-- Performing Test HAVE_VISIBILITY_HIDDEN - Success
-- Could NOT find PkgConfig (missing:  PKG_CONFIG_EXECUTABLE) 
-- Performing Test HAVE_C__ggdb3
-- Performing Test HAVE_C__ggdb3 - Failed
-- Performing Test HAVE_CXX__ggdb3
-- Performing Test HAVE_CXX__ggdb3 - Failed
-- Looking for floor
-- Looking for floor - not found
-- Looking for floor in m
-- Looking for floor in m - found
-- Looking for gethostbyname_r
-- Looking for gethostbyname_r - found
-- Looking for bind
-- Looking for bind - found
-- Looking for crypt
-- Looking for crypt - not found
-- Looking for crypt in crypt
-- Looking for crypt in crypt - found
-- Looking for setsockopt
-- Looking for setsockopt - found
-- Looking for dlopen
-- Looking for dlopen - not found
-- Looking for dlopen in dl
-- Looking for dlopen in dl - found
-- Looking for sched_yield
-- Looking for sched_yield - found
-- Looking for clock_gettime
-- Looking for clock_gettime - found
-- Looking for pthread.h
-- Looking for pthread.h - found
-- Looking for pthread_create
-- Looking for pthread_create - not found
-- Looking for pthread_create in pthreads
-- Looking for pthread_create in pthreads - not found
-- Looking for pthread_create in pthread
-- Looking for pthread_create in pthread - found
-- Found Threads: TRUE  
-- Looking for 4 include files stdlib.h, ..., float.h
-- Looking for 4 include files stdlib.h, ..., float.h - found
-- Looking for include file alloca.h
-- Looking for include file alloca.h - found
-- Looking for include file aio.h
-- Looking for include file aio.h - found
-- Looking for include file arpa/inet.h
-- Looking for include file arpa/inet.h - found
-- Looking for include file crypt.h
-- Looking for include file crypt.h - found
-- Looking for include file dirent.h
-- Looking for include file dirent.h - found
-- Looking for include file dlfcn.h
-- Looking for include file dlfcn.h - found
-- Looking for include file execinfo.h
-- Looking for include file execinfo.h - found
-- Looking for include file fcntl.h
-- Looking for include file fcntl.h - found
-- Looking for include file fenv.h
-- Looking for include file fenv.h - found
-- Looking for include file float.h
-- Looking for include file float.h - found
-- Looking for include file floatingpoint.h
-- Looking for include file floatingpoint.h - not found
-- Looking for include file fpu_control.h
-- Looking for include file fpu_control.h - found
-- Looking for include file grp.h
-- Looking for include file grp.h - found
-- Looking for include file ieeefp.h
-- Looking for include file ieeefp.h - not found
-- Looking for include file inttypes.h
-- Looking for include file inttypes.h - found
-- Looking for include file langinfo.h
-- Looking for include file langinfo.h - found
-- Looking for include file link.h
-- Looking for include file link.h - found
-- Looking for include file linux/unistd.h
-- Looking for include file linux/unistd.h - found
-- Looking for include file linux/falloc.h
-- Looking for include file linux/falloc.h - found
-- Looking for include file limits.h
-- Looking for include file limits.h - found
-- Looking for include file locale.h
-- Looking for include file locale.h - found
-- Looking for include file malloc.h
-- Looking for include file malloc.h - found
-- Looking for include file memory.h
-- Looking for include file memory.h - found
-- Looking for include file ndir.h
-- Looking for include file ndir.h - not found
-- Looking for include file netinet/in.h
-- Looking for include file netinet/in.h - found
-- Looking for include file paths.h
-- Looking for include file paths.h - found
-- Looking for include file port.h
-- Looking for include file port.h - not found
-- Looking for include file poll.h
-- Looking for include file poll.h - found
-- Looking for include file sys/poll.h
-- Looking for include file sys/poll.h - found
-- Looking for include file pwd.h
-- Looking for include file pwd.h - found
-- Looking for include file sched.h
-- Looking for include file sched.h - found
-- Looking for include file select.h
-- Looking for include file select.h - not found
-- Looking for include file semaphore.h
-- Looking for include file semaphore.h - found
-- Looking for include files sys/types.h, sys/dir.h
-- Looking for include files sys/types.h, sys/dir.h - found
-- Looking for include files sys/types.h, sys/event.h
-- Looking for include files sys/types.h, sys/event.h - not found
-- Looking for include file sys/ndir.h
-- Looking for include file sys/ndir.h - not found
-- Looking for include file sys/pte.h
-- Looking for include file sys/pte.h - not found
-- Looking for include file stdlib.h
-- Looking for include file stdlib.h - found
-- Looking for include file strings.h
-- Looking for include file strings.h - found
-- Looking for include file string.h
-- Looking for include file string.h - found
-- Looking for include file synch.h
-- Looking for include file synch.h - not found
-- Looking for include file sysent.h
-- Looking for include file sysent.h - not found
-- Looking for include file sys/cdefs.h
-- Looking for include file sys/cdefs.h - found
-- Looking for include file sys/file.h
-- Looking for include file sys/file.h - found
-- Looking for include file sys/fpu.h
-- Looking for include file sys/fpu.h - not found
-- Looking for include file sys/ioctl.h
-- Looking for include file sys/ioctl.h - found
-- Looking for include files sys/types.h, sys/ipc.h
-- Looking for include files sys/types.h, sys/ipc.h - found
-- Looking for include files sys/types.h, sys/malloc.h
-- Looking for include files sys/types.h, sys/malloc.h - not found
-- Looking for include file sys/mman.h
-- Looking for include file sys/mman.h - found
-- Looking for include file sys/prctl.h
-- Looking for include file sys/prctl.h - found
-- Looking for include file sys/resource.h
-- Looking for include file sys/resource.h - found
-- Looking for include file sys/select.h
-- Looking for include file sys/select.h - found
-- Looking for include files sys/types.h, sys/shm.h
-- Looking for include files sys/types.h, sys/shm.h - found
-- Looking for include file sys/socket.h
-- Looking for include file sys/socket.h - found
-- Looking for include file sys/stat.h
-- Looking for include file sys/stat.h - found
-- Looking for include file sys/stream.h
-- Looking for include file sys/stream.h - not found
-- Looking for include file sys/syscall.h
-- Looking for include file sys/syscall.h - found
-- Looking for include file sys/termcap.h
-- Looking for include file sys/termcap.h - not found
-- Looking for include file asm/termbits.h
-- Looking for include file asm/termbits.h - found
-- Looking for include file termbits.h
-- Looking for include file termbits.h - not found
-- Looking for include file termios.h
-- Looking for include file termios.h - found
-- Looking for include file termio.h
-- Looking for include file termio.h - found
-- Looking for include file termcap.h
-- Looking for include file termcap.h - found
-- Looking for include file unistd.h
-- Looking for include file unistd.h - found
-- Looking for include file utime.h
-- Looking for include file utime.h - found
-- Looking for include file varargs.h
-- Looking for include file varargs.h - not found
-- Looking for include file sys/time.h
-- Looking for include file sys/time.h - found
-- Looking for include file sys/utime.h
-- Looking for include file sys/utime.h - not found
-- Looking for include file sys/wait.h
-- Looking for include file sys/wait.h - found
-- Looking for include file sys/param.h
-- Looking for include file sys/param.h - found
-- Looking for include file sys/vadvise.h
-- Looking for include file sys/vadvise.h - not found
-- Looking for include file fnmatch.h
-- Looking for include file fnmatch.h - found
-- Looking for include file stdarg.h
-- Looking for include file stdarg.h - found
-- Looking for include files stdlib.h, sys/un.h
-- Looking for include files stdlib.h, sys/un.h - found
-- Looking for include file vis.h
-- Looking for include file vis.h - not found
-- Looking for include file wchar.h
-- Looking for include file wchar.h - found
-- Looking for include file wctype.h
-- Looking for include file wctype.h - found
-- Looking for include file sys/sockio.h
-- Looking for include file sys/sockio.h - not found
-- Looking for include file sys/utsname.h
-- Looking for include file sys/utsname.h - found
-- Looking for include file sys/statvfs.h
-- Looking for include file sys/statvfs.h - found
-- Looking for include file bfd.h
-- Looking for include file bfd.h - not found
-- Looking for include file sys/ptem.h
-- Looking for include file sys/ptem.h - not found
-- Performing Test HAVE_C__Werror
-- Performing Test HAVE_C__Werror - Failed
-- Looking for accept4
-- Looking for accept4 - found
-- Looking for access
-- Looking for access - found
-- Looking for aio_read
-- Looking for aio_read - not found
-- Looking for alarm
-- Looking for alarm - found
-- Looking for backtrace
-- Looking for backtrace - found
-- Looking for backtrace_symbols
-- Looking for backtrace_symbols - found
-- Looking for backtrace_symbols_fd
-- Looking for backtrace_symbols_fd - found
-- Looking for printstack
-- Looking for printstack - not found
-- Looking for bfill
-- Looking for bfill - not found
-- Looking for bmove
-- Looking for bmove - not found
-- Looking for bsearch
-- Looking for bsearch - found
-- Looking for index
-- Looking for index - found
-- Looking for bzero
-- Looking for bzero - found
-- Looking for clock_gettime
-- Looking for clock_gettime - found
-- Looking for cuserid
-- Looking for cuserid - found
-- Looking for directio
-- Looking for directio - not found
-- Looking for _doprnt
-- Looking for _doprnt - not found
-- Looking for flockfile
-- Looking for flockfile - found
-- Looking for ftruncate
-- Looking for ftruncate - found
-- Looking for getline
-- Looking for getline - found
-- Looking for compress
-- Looking for compress - not found
-- Looking for crypt
-- Looking for crypt - found
-- Looking for dlerror
-- Looking for dlerror - found
-- Looking for dlopen
-- Looking for dlopen - found
-- Looking for fchmod
-- Looking for fchmod - found
-- Looking for fcntl
-- Looking for fcntl - found
-- Looking for fconvert
-- Looking for fconvert - not found
-- Looking for fdatasync
-- Looking for fdatasync - found
-- Looking for fdatasync
-- Looking for fdatasync - found
-- Looking for fesetround
-- Looking for fesetround - found
-- Looking for fedisableexcept
-- Looking for fedisableexcept - found
-- Looking for fpsetmask
-- Looking for fpsetmask - not found
-- Looking for fseeko
-- Looking for fseeko - found
-- Looking for fsync
-- Looking for fsync - found
-- Looking for getcwd
-- Looking for getcwd - found
-- Looking for gethostbyaddr_r
-- Looking for gethostbyaddr_r - found
-- Looking for gethrtime
-- Looking for gethrtime - not found
-- Looking for getnameinfo
-- Looking for getnameinfo - found
-- Looking for getpass
-- Looking for getpass - found
-- Looking for getpassphrase
-- Looking for getpassphrase - not found
-- Looking for getpwnam
-- Looking for getpwnam - found
-- Looking for getpwuid
-- Looking for getpwuid - found
-- Looking for getrlimit
-- Looking for getrlimit - found
-- Looking for getifaddrs
-- Looking for getifaddrs - found
-- Looking for getrusage
-- Looking for getrusage - found
-- Looking for getwd
-- Looking for getwd - found
-- Looking for gmtime_r
-- Looking for gmtime_r - found
-- Looking for initgroups
-- Looking for initgroups - found
-- Looking for issetugid
-- Looking for issetugid - not found
-- Looking for getuid
-- Looking for getuid - found
-- Looking for geteuid
-- Looking for geteuid - found
-- Looking for getgid
-- Looking for getgid - found
-- Looking for getegid
-- Looking for getegid - found
-- Looking for ldiv
-- Looking for ldiv - found
-- Looking for localtime_r
-- Looking for localtime_r - found
-- Looking for longjmp
-- Looking for longjmp - found
-- Looking for lstat
-- Looking for lstat - found
-- Looking for madvise
-- Looking for madvise - found
-- Looking for mallinfo
-- Looking for mallinfo - found
-- Looking for memcpy
-- Looking for memcpy - found
-- Looking for memmove
-- Looking for memmove - found
-- Looking for mkstemp
-- Looking for mkstemp - found
-- Looking for mlock
-- Looking for mlock - found
-- Looking for mlockall
-- Looking for mlockall - found
-- Looking for mmap
-- Looking for mmap - found
-- Looking for mmap64
-- Looking for mmap64 - found
-- Looking for perror
-- Looking for perror - found
-- Looking for poll
-- Looking for poll - found
-- Looking for port_create
-- Looking for port_create - not found
-- Looking for posix_fallocate
-- Looking for posix_fallocate - found
-- Looking for fallocate
-- Looking for fallocate - found
-- Looking for pread
-- Looking for pread - found
-- Looking for pthread_attr_create
-- Looking for pthread_attr_create - not found
-- Looking for pthread_attr_getstacksize
-- Looking for pthread_attr_getstacksize - found
-- Looking for pthread_attr_setscope
-- Looking for pthread_attr_setscope - found
-- Looking for pthread_attr_getguardsize
-- Looking for pthread_attr_getguardsize - found
-- Looking for pthread_attr_setstacksize
-- Looking for pthread_attr_setstacksize - found
-- Looking for pthread_condattr_create
-- Looking for pthread_condattr_create - not found
-- Looking for pthread_condattr_setclock
-- Looking for pthread_condattr_setclock - found
-- Looking for pthread_key_delete
-- Looking for pthread_key_delete - found
-- Looking for pthread_rwlock_rdlock
-- Looking for pthread_rwlock_rdlock - found
-- Looking for pthread_sigmask
-- Looking for pthread_sigmask - found
-- Looking for pthread_threadmask
-- Looking for pthread_threadmask - not found
-- Looking for pthread_yield_np
-- Looking for pthread_yield_np - not found
-- Looking for putenv
-- Looking for putenv - found
-- Looking for readdir_r
-- Looking for readdir_r - found
-- Looking for readlink
-- Looking for readlink - found
-- Looking for re_comp
-- Looking for re_comp - found
-- Looking for regcomp
-- Looking for regcomp - found
-- Looking for realpath
-- Looking for realpath - found
-- Looking for rename
-- Looking for rename - found
-- Looking for rwlock_init
-- Looking for rwlock_init - not found
-- Looking for sched_yield
-- Looking for sched_yield - found
-- Looking for setenv
-- Looking for setenv - found
-- Looking for setlocale
-- Looking for setlocale - found
-- Looking for setfd
-- Looking for setfd - not found
-- Looking for sigaction
-- Looking for sigaction - found
-- Looking for sigthreadmask
-- Looking for sigthreadmask - not found
-- Looking for sigwait
-- Looking for sigwait - found
-- Looking for sigaddset
-- Looking for sigaddset - found
-- Looking for sigemptyset
-- Looking for sigemptyset - found
-- Looking for sighold
-- Looking for sighold - found
-- Looking for sigset
-- Looking for sigset - found
-- Looking for sleep
-- Looking for sleep - found
-- Looking for snprintf
-- Looking for snprintf - found
-- Looking for stpcpy
-- Looking for stpcpy - found
-- Looking for strcoll
-- Looking for strcoll - found
-- Looking for strerror
-- Looking for strerror - found
-- Looking for strlcpy
-- Looking for strlcpy - not found
-- Looking for strnlen
-- Looking for strnlen - found
-- Looking for strlcat
-- Looking for strlcat - not found
-- Looking for strsignal
-- Looking for strsignal - found
-- Looking for fgetln
-- Looking for fgetln - not found
-- Looking for strpbrk
-- Looking for strpbrk - found
-- Looking for strstr
-- Looking for strstr - found
-- Looking for strtok_r
-- Looking for strtok_r - found
-- Looking for strtol
-- Looking for strtol - found
-- Looking for strtoll
-- Looking for strtoll - found
-- Looking for strtoul
-- Looking for strtoul - found
-- Looking for strtoull
-- Looking for strtoull - found
-- Looking for strcasecmp
-- Looking for strcasecmp - found
-- Looking for strncasecmp
-- Looking for strncasecmp - found
-- Looking for strdup
-- Looking for strdup - found
-- Looking for shmat
-- Looking for shmat - found
-- Looking for shmctl
-- Looking for shmctl - found
-- Looking for shmdt
-- Looking for shmdt - found
-- Looking for shmget
-- Looking for shmget - found
-- Looking for tell
-- Looking for tell - not found
-- Looking for tempnam
-- Looking for tempnam - found
-- Looking for thr_setconcurrency
-- Looking for thr_setconcurrency - not found
-- Looking for thr_yield
-- Looking for thr_yield - not found
-- Looking for vasprintf
-- Looking for vasprintf - found
-- Looking for vsnprintf
-- Looking for vsnprintf - found
-- Looking for vprintf
-- Looking for vprintf - found
-- Looking for valloc
-- Looking for valloc - found
-- Looking for memalign
-- Looking for memalign - found
-- Looking for chown
-- Looking for chown - found
-- Looking for nl_langinfo
-- Looking for nl_langinfo - found
-- Looking for include file time.h
-- Looking for include file time.h - found
-- Looking for include file sys/times.h
-- Looking for include file sys/times.h - found
-- Looking for include file asm/msr.h
-- Looking for include file asm/msr.h - found
-- Looking for include file ia64intrin.h
-- Looking for include file ia64intrin.h - not found
-- Looking for times
-- Looking for times - found
-- Looking for gettimeofday
-- Looking for gettimeofday - found
-- Looking for read_real_time
-- Looking for read_real_time - not found
-- Looking for ftime
-- Looking for ftime - found
-- Looking for time
-- Looking for time - found
-- Looking for rdtscll
-- Looking for rdtscll - not found
-- Looking for madvise
-- Looking for madvise - found
-- Looking for tzname
-- Looking for tzname - found
-- Looking for lrand48
-- Looking for lrand48 - found
-- Looking for getpagesize
-- Looking for getpagesize - found
-- Looking for TIOCGWINSZ
-- Looking for TIOCGWINSZ - found
-- Looking for FIONREAD
-- Looking for FIONREAD - found
-- Looking for TIOCSTAT
-- Looking for TIOCSTAT - not found
-- Looking for FIONREAD
-- Looking for FIONREAD - not found
-- Looking for finite
-- Looking for finite - found
-- Looking for log2
-- Looking for log2 - found
-- Looking for isnan
-- Looking for isnan - found
-- Looking for rint
-- Looking for rint - found
-- Performing Test HAVE_ISINF
-- Performing Test HAVE_ISINF - Success
-- Check if the system is big endian
-- Searching 16 bit integer
-- Check size of unsigned short
-- Check size of unsigned short - done
-- Using unsigned short
-- Check if the system is big endian - little endian
-- Check size of sigset_t
-- Check size of sigset_t - done
-- Check size of mode_t
-- Check size of mode_t - done
-- Check size of sighandler_t
-- Check size of sighandler_t - done
-- Check size of in_addr_t
-- Check size of in_addr_t - done
-- Check size of char *
-- Check size of char * - done
-- Check size of long
-- Check size of long - done
-- Check size of size_t
-- Check size of size_t - done
-- Check size of char
-- Check size of char - done
-- Check size of short
-- Check size of short - done
-- Check size of int
-- Check size of int - done
-- Check size of long long
-- Check size of long long - done
-- Check size of off_t
-- Check size of off_t - done
-- Check size of uchar
-- Check size of uchar - failed
-- Check size of uint
-- Check size of uint - done
-- Check size of ulong
-- Check size of ulong - done
-- Check size of int8
-- Check size of int8 - failed
-- Check size of uint8
-- Check size of uint8 - failed
-- Check size of int16
-- Check size of int16 - failed
-- Check size of uint16
-- Check size of uint16 - failed
-- Check size of int32
-- Check size of int32 - failed
-- Check size of uint32
-- Check size of uint32 - failed
-- Check size of u_int32_t
-- Check size of u_int32_t - done
-- Check size of int64
-- Check size of int64 - failed
-- Check size of uint64
-- Check size of uint64 - failed
-- Check size of time_t
-- Check size of time_t - done
-- Check size of bool
-- Check size of bool - failed
-- Check size of socklen_t
-- Check size of socklen_t - done
-- Performing Test TIME_T_UNSIGNED
-- Performing Test TIME_T_UNSIGNED - Failed
-- Performing Test HAVE_GETADDRINFO
-- Performing Test HAVE_GETADDRINFO - Success
-- Performing Test HAVE_SELECT
-- Performing Test HAVE_SELECT - Success
-- Performing Test HAVE_TIMESPEC_TS_SEC
-- Performing Test HAVE_TIMESPEC_TS_SEC - Failed
-- Performing Test QSORT_TYPE_IS_VOID
-- Performing Test QSORT_TYPE_IS_VOID - Success
-- Performing Test HAVE_SOCKET_SIZE_T_AS_socklen_t
-- Performing Test HAVE_SOCKET_SIZE_T_AS_socklen_t - Success
-- Performing Test HAVE_PTHREAD_YIELD_ZERO_ARG
-- Performing Test HAVE_PTHREAD_YIELD_ZERO_ARG - Success
-- Checking stack direction : -1
-- Performing Test SIGNAL_RETURN_TYPE_IS_VOID
-- Performing Test SIGNAL_RETURN_TYPE_IS_VOID - Success
-- Looking for include files time.h, sys/time.h
-- Looking for include files time.h, sys/time.h - found
-- Looking for O_NONBLOCK
-- Looking for O_NONBLOCK - found
-- Performing Test C_HAS_inline
-- Performing Test C_HAS_inline - Success
-- Performing Test HAVE_PAUSE_INSTRUCTION
-- Performing Test HAVE_PAUSE_INSTRUCTION - Success
-- Looking for tcgetattr
-- Looking for tcgetattr - found
-- Performing Test HAVE_POSIX_SIGNALS
-- Performing Test HAVE_POSIX_SIGNALS - Success
-- Performing Test HAVE_ABI_CXA_DEMANGLE
-- Performing Test HAVE_ABI_CXA_DEMANGLE - Success
-- Performing Test HAVE_BSS_START
-- Performing Test HAVE_BSS_START - Success
-- Performing Test HAVE_WEAK_SYMBOL
-- Performing Test HAVE_WEAK_SYMBOL - Success
-- Performing Test HAVE_ATTRIBUTE_CLEANUP
-- Performing Test HAVE_ATTRIBUTE_CLEANUP - Success
-- Performing Test HAVE_CXX_NEW
-- Performing Test HAVE_CXX_NEW - Success
-- Performing Test HAVE_SOLARIS_STYLE_GETHOST
-- Performing Test HAVE_SOLARIS_STYLE_GETHOST - Failed
-- Performing Test HAVE_GCC_ATOMIC_BUILTINS
-- Performing Test HAVE_GCC_ATOMIC_BUILTINS - Success
-- Performing Test HAVE_GCC_C11_ATOMICS_WITHOUT_LIBATOMIC
-- Performing Test HAVE_GCC_C11_ATOMICS_WITHOUT_LIBATOMIC - Success
-- Looking for include files valgrind/memcheck.h, valgrind/valgrind.h
-- Looking for include files valgrind/memcheck.h, valgrind/valgrind.h - not found
-- Looking for netinet/in6.h
-- Looking for netinet/in6.h - not found
-- Check size of struct sockaddr_in6
-- Check size of struct sockaddr_in6 - done
-- Check size of struct in6_addr
-- Check size of struct in6_addr - done
-- Performing Test HAVE_SOCKADDR_STORAGE_SS_FAMILY
-- Performing Test HAVE_SOCKADDR_STORAGE_SS_FAMILY - Success
-- Performing Test HAVE_SOCKADDR_IN_SIN_LEN
-- Performing Test HAVE_SOCKADDR_IN_SIN_LEN - Failed
-- Performing Test HAVE_SOCKADDR_IN6_SIN6_LEN
-- Performing Test HAVE_SOCKADDR_IN6_SIN6_LEN - Failed
-- Performing Test STRUCT_DIRENT_HAS_D_INO
-- Performing Test STRUCT_DIRENT_HAS_D_INO - Success
-- Performing Test STRUCT_DIRENT_HAS_D_NAMLEN
-- Performing Test STRUCT_DIRENT_HAS_D_NAMLEN - Failed
-- Looking for ucontext.h
-- Looking for ucontext.h - found
-- Performing Test STRUCT_TIMESPEC_HAS_TV_SEC
-- Performing Test STRUCT_TIMESPEC_HAS_TV_SEC - Success
-- Performing Test STRUCT_TIMESPEC_HAS_TV_NSEC
-- Performing Test STRUCT_TIMESPEC_HAS_TV_NSEC - Success
-- Performing Test HAVE_FALLOC_PUNCH_HOLE_AND_KEEP_SIZE
-- Performing Test HAVE_FALLOC_PUNCH_HOLE_AND_KEEP_SIZE - Success
-- Found ZLIB: /usr/lib/x86_64-linux-gnu/libz.so (found version "1.2.8") 
-- Looking for crc32
-- Looking for crc32 - found
-- Looking for compressBound
-- Looking for compressBound - found
-- Looking for deflateBound
-- Looking for deflateBound - found
-- Check size of mbstate_t
-- Check size of mbstate_t - done
-- Performing Test HAVE_LANGINFO_CODESET
-- Performing Test HAVE_LANGINFO_CODESET - Success
-- Looking for mbrlen
-- Looking for mbrlen - found
-- Looking for mbscmp
-- Looking for mbscmp - not found
-- Looking for mbsrtowcs
-- Looking for mbsrtowcs - found
-- Looking for wcrtomb
-- Looking for wcrtomb - found
-- Looking for mbrtowc
-- Looking for mbrtowc - found
-- Looking for wcscoll
-- Looking for wcscoll - found
-- Looking for wcsdup
-- Looking for wcsdup - found
-- Looking for wcwidth
-- Looking for wcwidth - found
-- Looking for wctype
-- Looking for wctype - found
-- Looking for iswlower
-- Looking for iswlower - found
-- Looking for iswupper
-- Looking for iswupper - found
-- Looking for towlower
-- Looking for towlower - found
-- Looking for towupper
-- Looking for towupper - found
-- Looking for iswctype
-- Looking for iswctype - found
-- Check size of wchar_t
-- Check size of wchar_t - done
-- Check size of wctype_t
-- Check size of wctype_t - done
-- Check size of wint_t
-- Check size of wint_t - done
-- Found Curses: /usr/lib/x86_64-linux-gnu/libcurses.so  
-- Looking for tputs in /usr/lib/x86_64-linux-gnu/libcurses.so
-- Looking for tputs in /usr/lib/x86_64-linux-gnu/libcurses.so - found
-- Looking for setupterm in /usr/lib/x86_64-linux-gnu/libcurses.so
-- Looking for setupterm in /usr/lib/x86_64-linux-gnu/libcurses.so - found
-- Looking for vidattr in /usr/lib/x86_64-linux-gnu/libcurses.so
-- Looking for vidattr in /usr/lib/x86_64-linux-gnu/libcurses.so - found
-- Performing Test NEW_READLINE_INTERFACE
-- Performing Test NEW_READLINE_INTERFACE - Success
-- Performing Test READLINE_V5
-- Performing Test READLINE_V5 - Success
-- Performing Test HAVE_HIST_ENTRY
-- Performing Test HAVE_HIST_ENTRY - Failed
-- Looking for include files curses.h, term.h
-- Looking for include files curses.h, term.h - found
-- Looking for malloc_stats_print in jemalloc
-- Looking for malloc_stats_print in jemalloc - found
-- Looking for pcre_stack_guard in pcre
-- Looking for pcre_stack_guard in pcre - found
-- Performing Test HAVE_SYSTEMD
-- Performing Test HAVE_SYSTEMD - Success
-- Looking for include file systemd/sd-daemon.h
-- Looking for include file systemd/sd-daemon.h - found
-- Looking for sd_listen_fds
-- Looking for sd_listen_fds - found
-- Looking for sd_notify
-- Looking for sd_notify - found
-- Looking for sd_notifyf
-- Looking for sd_notifyf - found
-- Systemd features enabled
-- Performing Test HAVE_C__Wvla
-- Performing Test HAVE_C__Wvla - Failed
-- Found LibXml2: /usr/lib/x86_64-linux-gnu/libxml2.so (found version "2.9.4") 
-- Performing Test ODBC_OK
-- Performing Test ODBC_OK - Success
-- Could NOT find Java (missing:  Java_JAVA_EXECUTABLE Java_JAR_EXECUTABLE Java_JAVAC_EXECUTABLE Java_JAVAH_EXECUTABLE Java_JAVADOC_EXECUTABLE) (Required is at least version "1.6")
-- Could NOT find JNI (missing:  JAVA_AWT_LIBRARY JAVA_JVM_LIBRARY JAVA_INCLUDE_PATH JAVA_INCLUDE_PATH2 JAVA_AWT_INCLUDE_PATH) 
-- Looking for include file lz4.h
-- Looking for include file lz4.h - not found
-- Looking for LZ4_compress_limitedOutput in lz4
-- Looking for LZ4_compress_limitedOutput in lz4 - not found
-- Looking for include file lzo/lzo1x.h
-- Looking for include file lzo/lzo1x.h - not found
-- Looking for lzo1x_1_compress in lzo2
-- Looking for lzo1x_1_compress in lzo2 - not found
-- Looking for include file lzma.h
-- Looking for include file lzma.h - not found
-- Looking for lzma_stream_buffer_decode in lzma
-- Looking for lzma_stream_buffer_decode in lzma - not found
-- Looking for lzma_easy_buffer_encode in lzma
-- Looking for lzma_easy_buffer_encode in lzma - not found
-- Looking for include file bzlib.h
-- Looking for include file bzlib.h - not found
-- Looking for BZ2_bzBuffToBuffCompress in bz2
-- Looking for BZ2_bzBuffToBuffCompress in bz2 - not found
-- Looking for BZ2_bzBuffToBuffDecompress in bz2
-- Looking for BZ2_bzBuffToBuffDecompress in bz2 - not found
-- Looking for include file snappy-c.h
-- Looking for include file snappy-c.h - not found
-- Looking for snappy_uncompress in snappy
-- Looking for snappy_uncompress in snappy - not found
-- Looking for sched_getcpu
-- Looking for sched_getcpu - found
-- Performing Test HAVE_IB_GCC_ATOMIC_BUILTINS
-- Performing Test HAVE_IB_GCC_ATOMIC_BUILTINS - Success
-- Performing Test HAVE_IB_GCC_ATOMIC_BUILTINS_BYTE
-- Performing Test HAVE_IB_GCC_ATOMIC_BUILTINS_BYTE - Success
-- Performing Test HAVE_IB_GCC_ATOMIC_BUILTINS_64
-- Performing Test HAVE_IB_GCC_ATOMIC_BUILTINS_64 - Success
-- Performing Test HAVE_IB_GCC_SYNC_SYNCHRONISE
-- Performing Test HAVE_IB_GCC_SYNC_SYNCHRONISE - Success
-- Performing Test HAVE_IB_GCC_ATOMIC_THREAD_FENCE
-- Performing Test HAVE_IB_GCC_ATOMIC_THREAD_FENCE - Success
-- Performing Test HAVE_IB_GCC_ATOMIC_TEST_AND_SET
-- Performing Test HAVE_IB_GCC_ATOMIC_TEST_AND_SET - Success
-- Performing Test HAVE_IB_ATOMIC_PTHREAD_T_GCC
-- Performing Test HAVE_IB_ATOMIC_PTHREAD_T_GCC - Success
-- Performing Test HAVE_C99_INITIALIZERS
-- Performing Test HAVE_C99_INITIALIZERS - Success
-- Looking for asprintf
-- Looking for asprintf - found
-- Check size of pthread_t
-- Check size of pthread_t - done
-- Check if the system is big endian
-- Searching 16 bit integer
-- Using unsigned short
-- Check if the system is big endian - little endian
-- Could NOT find PkgConfig (missing:  PKG_CONFIG_EXECUTABLE) 
-- Performing Test HAVE_C__Wall
-- Performing Test HAVE_C__Wall - Failed
-- Performing Test HAVE_CXX__Wall
-- Performing Test HAVE_CXX__Wall - Failed
-- Performing Test HAVE_C__Wextra
-- Performing Test HAVE_C__Wextra - Failed
-- Performing Test HAVE_CXX__Wextra
-- Performing Test HAVE_CXX__Wextra - Failed
-- Performing Test HAVE_C__Wno_unused_but_set_variable
-- Performing Test HAVE_C__Wno_unused_but_set_variable - Failed
-- Performing Test HAVE_CXX__Wno_unused_but_set_variable
-- Performing Test HAVE_CXX__Wno_unused_but_set_variable - Failed
-- Performing Test HAVE_C__Wno_unused_parameter
-- Performing Test HAVE_C__Wno_unused_parameter - Failed
-- Performing Test HAVE_CXX__Wno_unused_parameter
-- Performing Test HAVE_CXX__Wno_unused_parameter - Failed
-- Performing Test HAVE_C__Wno_sign_compare
-- Performing Test HAVE_C__Wno_sign_compare - Failed
-- Performing Test HAVE_CXX__Wno_sign_compare
-- Performing Test HAVE_CXX__Wno_sign_compare - Failed
-- Performing Test HAVE_C__Wno_pointer_sign
-- Performing Test HAVE_C__Wno_pointer_sign - Failed
-- Performing Test HAVE_CXX__Wno_pointer_sign
-- Performing Test HAVE_CXX__Wno_pointer_sign - Failed
-- Performing Test HAVE_C__Wno_missing_field_initializers
-- Performing Test HAVE_C__Wno_missing_field_initializers - Failed
-- Performing Test HAVE_CXX__Wno_missing_field_initializers
-- Performing Test HAVE_CXX__Wno_missing_field_initializers - Failed
-- Performing Test HAVE_C__Wformat_2
-- Performing Test HAVE_C__Wformat_2 - Failed
-- Performing Test HAVE_CXX__Wformat_2
-- Performing Test HAVE_CXX__Wformat_2 - Failed
-- Performing Test HAVE_C__Wstrict_aliasing_2
-- Performing Test HAVE_C__Wstrict_aliasing_2 - Failed
-- Performing Test HAVE_CXX__Wstrict_aliasing_2
-- Performing Test HAVE_CXX__Wstrict_aliasing_2 - Failed
-- Performing Test HAVE_C__fno_strict_aliasing
-- Performing Test HAVE_C__fno_strict_aliasing - Failed
-- Performing Test HAVE_CXX__fno_strict_aliasing
-- Performing Test HAVE_CXX__fno_strict_aliasing - Failed
-- Performing Test HAVE_C__Wdisabled_optimization
-- Performing Test HAVE_C__Wdisabled_optimization - Failed
-- Performing Test HAVE_CXX__Wdisabled_optimization
-- Performing Test HAVE_CXX__Wdisabled_optimization - Failed
-- Performing Test HAVE_C__Wfloat_equal
-- Performing Test HAVE_C__Wfloat_equal - Failed
-- Performing Test HAVE_CXX__Wfloat_equal
-- Performing Test HAVE_CXX__Wfloat_equal - Failed
-- Performing Test HAVE_C__Wpointer_arith
-- Performing Test HAVE_C__Wpointer_arith - Failed
-- Performing Test HAVE_CXX__Wpointer_arith
-- Performing Test HAVE_CXX__Wpointer_arith - Failed
-- Performing Test HAVE_C__Wdeclaration_after_statement
-- Performing Test HAVE_C__Wdeclaration_after_statement - Failed
-- Performing Test HAVE_CXX__Wdeclaration_after_statement
-- Performing Test HAVE_CXX__Wdeclaration_after_statement - Failed
-- Performing Test HAVE_C__Wbad_function_cast
-- Performing Test HAVE_C__Wbad_function_cast - Failed
-- Performing Test HAVE_CXX__Wbad_function_cast
-- Performing Test HAVE_CXX__Wbad_function_cast - Failed
-- Performing Test HAVE_C__Wcast_align
-- Performing Test HAVE_C__Wcast_align - Failed
-- Performing Test HAVE_CXX__Wcast_align
-- Performing Test HAVE_CXX__Wcast_align - Failed
-- Performing Test HAVE_C__Wwrite_strings
-- Performing Test HAVE_C__Wwrite_strings - Failed
-- Performing Test HAVE_CXX__Wwrite_strings
-- Performing Test HAVE_CXX__Wwrite_strings - Failed
-- Performing Test HAVE_C__fexceptions
-- Performing Test HAVE_C__fexceptions - Failed
-- Performing Test HAVE_CXX__fexceptions
-- Performing Test HAVE_CXX__fexceptions - Failed
-- Performing Test HAVE_C__fimplicit_templates
-- Performing Test HAVE_C__fimplicit_templates - Failed
-- Performing Test HAVE_CXX__fimplicit_templates
-- Performing Test HAVE_CXX__fimplicit_templates - Failed
-- Performing Test HAVE_C__Wno_clobbered
-- Performing Test HAVE_C__Wno_clobbered - Failed
-- Performing Test HAVE_CXX__Wno_clobbered
-- Performing Test HAVE_CXX__Wno_clobbered - Failed
-- Looking for errno.h
-- Looking for errno.h - found
-- Looking for netdb.h
-- Looking for netdb.h - found
-- Looking for signal.h
-- Looking for signal.h - found
-- Looking for sys/sysctl.h
-- Looking for sys/sysctl.h - found
-- Looking for _gmtime64_s
-- Looking for _gmtime64_s - not found
-- Looking for _localtime64_s
-- Looking for _localtime64_s - not found
-- Looking for _stricmp
-- Looking for _stricmp - not found
-- Looking for _strnicmp
-- Looking for _strnicmp - not found
-- Looking for _strtoui64
-- Looking for _strtoui64 - not found
-- Looking for __atomic_store_8 in atomic
-- Looking for __atomic_store_8 in atomic - found
-- Looking for fpclassify
-- Looking for fpclassify - found
-- Looking for backtrace in execinfo
-- Looking for backtrace in execinfo - not found
-- Looking for clock_gettime in rt
-- Looking for clock_gettime in rt - found
-- Looking for __cxa_begin_catch in stdc++
-- Looking for __cxa_begin_catch in stdc++ - found
-- Looking for pthread.h
-- Looking for pthread.h - found
-- Looking for pthread_mutex_init in pthread
-- Looking for pthread_mutex_init in pthread - found
-- Looking for pthread_mutexattr_setpshared
-- Looking for pthread_mutexattr_setpshared - not found
-- Looking for pthread_condattr_setpshared
-- Looking for pthread_condattr_setpshared - not found
-- Looking for sys/epoll.h
-- Looking for sys/epoll.h - found
-- Looking for epoll_create
-- Looking for epoll_create - found
-- Looking for compress in z
-- Looking for compress in z - found
-- Looking for libstemmer.h
-- Looking for libstemmer.h - not found
-- Looking for sb_stemmer_list in stemmer
-- Looking for sb_stemmer_list in stemmer - not found
-- Looking for event_init in event
-- Looking for event_init in event - not found
-- Looking for msgpack_version in msgpack
-- Looking for msgpack_version in msgpack - not found
-- Configuring OQGraph
-- Boost version: 1.62.0
-- Found libjudy: /usr/lib/x86_64-linux-gnu/libJudy.so
-- Performing Test OQGRAPH_OK
-- Performing Test OQGRAPH_OK - Success
-- Performing Test HAVE_C__Wno_write_strings
-- Performing Test HAVE_C__Wno_write_strings - Failed
-- Performing Test HAVE_CXX__Wno_write_strings
-- Performing Test HAVE_CXX__Wno_write_strings - Failed
-- Performing Test HAVE_C__Wno_vla
-- Performing Test HAVE_C__Wno_vla - Failed
-- Performing Test HAVE_CXX__Wno_vla
-- Performing Test HAVE_CXX__Wno_vla - Failed
-- Performing Test TOKUDB_OK
-- Performing Test TOKUDB_OK - Success
-- Performing Test HAVE_C__std_c__11
-- Performing Test HAVE_C__std_c__11 - Failed
-- Performing Test HAVE_CXX__std_c__11
-- Performing Test HAVE_CXX__std_c__11 - Failed
-- Looking for include file bits/functexcept.h
-- Looking for include file bits/functexcept.h - not found
-- Looking for include file byteswap.h
-- Looking for include file byteswap.h - found
-- Looking for include file endian.h
-- Looking for include file endian.h - found
-- Looking for include file libkern/OSAtomic.h
-- Looking for include file libkern/OSAtomic.h - not found
-- Looking for include file libkern/OSByteOrder.h
-- Looking for include file libkern/OSByteOrder.h - not found
-- Looking for include file machine/endian.h
-- Looking for include file machine/endian.h - not found
-- Looking for include file malloc/malloc.h
-- Looking for include file malloc/malloc.h - not found
-- Looking for include file malloc_np.h
-- Looking for include file malloc_np.h - not found
-- Looking for include file pthread_np.h
-- Looking for include file pthread_np.h - not found
-- Looking for include file syscall.h
-- Looking for include file syscall.h - found
-- Looking for include file sys/endian.h
-- Looking for include file sys/endian.h - not found
-- Looking for include file sys/syslimits.h
-- Looking for include file sys/syslimits.h - not found
-- Looking for M_MMAP_THRESHOLD
-- Looking for M_MMAP_THRESHOLD - found
-- Looking for CLOCK_REALTIME
-- Looking for CLOCK_REALTIME - found
-- Looking for O_DIRECT
-- Looking for O_DIRECT - found
-- Looking for F_NOCACHE
-- Looking for F_NOCACHE - not found
-- Looking for MAP_ANONYMOUS
-- Looking for MAP_ANONYMOUS - found
-- Looking for PR_SET_PTRACER
-- Looking for PR_SET_PTRACER - found
-- Looking for PR_SET_PTRACER_ANY
-- Looking for PR_SET_PTRACER_ANY - found
-- Looking for malloc_size
-- Looking for malloc_size - not found
-- Looking for malloc_usable_size
-- Looking for malloc_usable_size - found
-- Looking for nrand48
-- Looking for nrand48 - found
-- Looking for random_r
-- Looking for random_r - found
-- Looking for mincore
-- Looking for mincore - found
-- Looking for dlsym
-- Looking for dlsym - not found
-- Looking for dlsym
-- Looking for dlsym - found
-- Looking for backtrace
-- Looking for backtrace - found
-- Looking for pthread_rwlockattr_setkind_np
-- Looking for pthread_rwlockattr_setkind_np - found
-- Looking for pthread_yield
-- Looking for pthread_yield - found
-- Looking for pthread_threadid_np
-- Looking for pthread_threadid_np - not found
-- Looking for pthread_getthreadid_np
-- Looking for pthread_getthreadid_np - not found
-- Checking prototype pthread_yield for PTHREAD_YIELD_RETURNS_VOID - False
-- Performing Test PTHREAD_YIELD_RETURNS_INT
-- Performing Test PTHREAD_YIELD_RETURNS_INT - Success
-- Performing Test HAVE_GNU_TLS
-- Performing Test HAVE_GNU_TLS - Success
-- Performing Test HAVE_C__Wstrict_null_sentinel
-- Performing Test HAVE_C__Wstrict_null_sentinel - Failed
-- Performing Test HAVE_CXX__Wstrict_null_sentinel
-- Performing Test HAVE_CXX__Wstrict_null_sentinel - Failed
-- Performing Test HAVE_C__Winit_self
-- Performing Test HAVE_C__Winit_self - Failed
-- Performing Test HAVE_CXX__Winit_self
-- Performing Test HAVE_CXX__Winit_self - Failed
-- Performing Test HAVE_C__Wswitch
-- Performing Test HAVE_C__Wswitch - Failed
-- Performing Test HAVE_CXX__Wswitch
-- Performing Test HAVE_CXX__Wswitch - Failed
-- Performing Test HAVE_C__Wtrampolines
-- Performing Test HAVE_C__Wtrampolines - Failed
-- Performing Test HAVE_CXX__Wtrampolines
-- Performing Test HAVE_CXX__Wtrampolines - Failed
-- Performing Test HAVE_C__Wlogical_op
-- Performing Test HAVE_C__Wlogical_op - Failed
-- Performing Test HAVE_CXX__Wlogical_op
-- Performing Test HAVE_CXX__Wlogical_op - Failed
-- Performing Test HAVE_C__Wmissing_format_attribute
-- Performing Test HAVE_C__Wmissing_format_attribute - Failed
-- Performing Test HAVE_CXX__Wmissing_format_attribute
-- Performing Test HAVE_CXX__Wmissing_format_attribute - Failed
-- Performing Test HAVE_C__Wno_error_missing_format_attribute
-- Performing Test HAVE_C__Wno_error_missing_format_attribute - Failed
-- Performing Test HAVE_CXX__Wno_error_missing_format_attribute
-- Performing Test HAVE_CXX__Wno_error_missing_format_attribute - Failed
-- Performing Test HAVE_C__Wno_error_address_of_array_temporary
-- Performing Test HAVE_C__Wno_error_address_of_array_temporary - Failed
-- Performing Test HAVE_CXX__Wno_error_address_of_array_temporary
-- Performing Test HAVE_CXX__Wno_error_address_of_array_temporary - Failed
-- Performing Test HAVE_C__Wno_error_tautological_constant_out_of_range_compare
-- Performing Test HAVE_C__Wno_error_tautological_constant_out_of_range_compare - Failed
-- Performing Test HAVE_CXX__Wno_error_tautological_constant_out_of_range_compare
-- Performing Test HAVE_CXX__Wno_error_tautological_constant_out_of_range_compare - Failed
-- Performing Test HAVE_C__Wno_error_maybe_uninitialized
-- Performing Test HAVE_C__Wno_error_maybe_uninitialized - Failed
-- Performing Test HAVE_CXX__Wno_error_maybe_uninitialized
-- Performing Test HAVE_CXX__Wno_error_maybe_uninitialized - Failed
-- Performing Test HAVE_C__Wno_error_extern_c_compat
-- Performing Test HAVE_C__Wno_error_extern_c_compat - Failed
-- Performing Test HAVE_CXX__Wno_error_extern_c_compat
-- Performing Test HAVE_CXX__Wno_error_extern_c_compat - Failed
-- Performing Test HAVE_C__fno_rtti
-- Performing Test HAVE_C__fno_rtti - Failed
-- Performing Test HAVE_CXX__fno_rtti
-- Performing Test HAVE_CXX__fno_rtti - Failed
-- Performing Test HAVE_C__fno_exceptions
-- Performing Test HAVE_C__fno_exceptions - Failed
-- Performing Test HAVE_CXX__fno_exceptions
-- Performing Test HAVE_CXX__fno_exceptions - Failed
-- Performing Test HAVE_C__Wno_error_nonnull_compare
-- Performing Test HAVE_C__Wno_error_nonnull_compare - Failed
-- Performing Test HAVE_CXX__Wno_error_nonnull_compare
-- Performing Test HAVE_CXX__Wno_error_nonnull_compare - Failed
-- Performing Test HAVE_C__fno_omit_frame_pointer
-- Performing Test HAVE_C__fno_omit_frame_pointer - Failed
-- Performing Test HAVE_CXX__fno_omit_frame_pointer
-- Performing Test HAVE_CXX__fno_omit_frame_pointer - Failed
-- Performing Test HAVE_C__Wno_error_strict_overflow
-- Performing Test HAVE_C__Wno_error_strict_overflow - Failed
-- Performing Test HAVE_CXX__Wno_error_strict_overflow
-- Performing Test HAVE_CXX__Wno_error_strict_overflow - Failed
-- Performing Test HAVE_C__Wno_missing_noreturn
-- Performing Test HAVE_C__Wno_missing_noreturn - Failed
-- Performing Test HAVE_CXX__Wno_missing_noreturn
-- Performing Test HAVE_CXX__Wno_missing_noreturn - Failed
-- Performing Test HAVE_C__Wstrict_prototypes
-- Performing Test HAVE_C__Wstrict_prototypes - Failed
-- Performing Test HAVE_CXX__Wstrict_prototypes
-- Performing Test HAVE_CXX__Wstrict_prototypes - Failed
-- Performing Test HAVE_C__Wmissing_prototypes
-- Performing Test HAVE_C__Wmissing_prototypes - Failed
-- Performing Test HAVE_CXX__Wmissing_prototypes
-- Performing Test HAVE_CXX__Wmissing_prototypes - Failed
-- Performing Test HAVE_C__Wmissing_declarations
-- Performing Test HAVE_C__Wmissing_declarations - Failed
-- Performing Test HAVE_CXX__Wmissing_declarations
-- Performing Test HAVE_CXX__Wmissing_declarations - Failed
-- Performing Test HAVE_C__Wshadow
-- Performing Test HAVE_C__Wshadow - Failed
-- Performing Test HAVE_CXX__Wshadow
-- Performing Test HAVE_CXX__Wshadow - Failed
-- Performing Test HAVE_STDCXX11
-- Performing Test HAVE_STDCXX11 - Failed
-- Performing Test HAVE_STDCXX0X
-- Performing Test HAVE_STDCXX0X - Failed
CMake Error at storage/tokudb/PerconaFT/cmake_modules/TokuSetupCompiler.cmake:177 (message):
  /usr/bin/x86_64-linux-gnu-g++ doesn't support -std=c++11 or -std=c++0x, you
  need one that does.
Call Stack (most recent call first):
  storage/tokudb/PerconaFT/CMakeLists.txt:38 (include)


-- Configuring incomplete, errors occurred!
See also "/<<PKGBUILDDIR>>/builddir/CMakeFiles/CMakeOutput.log".
See also "/<<PKGBUILDDIR>>/builddir/CMakeFiles/CMakeError.log".
debian/rules:87: recipe for target 'override_dh_auto_configure' failed
make[1]: *** [override_dh_auto_configure] Error 1
make[1]: Leaving directory '/<<PKGBUILDDIR>>'
debian/rules:179: recipe for target 'build-arch' failed
make: *** [build-arch] Error 2
dpkg-buildpackage: error: debian/rules build-arch gave error exit status 2
--------------------------------------------------------------------------------
Build finished at 2017-03-01T04:45:20Z

Finished
--------


+------------------------------------------------------------------------------+
| Cleanup                                                                      |
+------------------------------------------------------------------------------+

Purging /<<BUILDDIR>>
Not cleaning session: cloned chroot in use
E: Build failure (dpkg-buildpackage died)

+------------------------------------------------------------------------------+
| Summary                                                                      |
+------------------------------------------------------------------------------+

Build Architecture: amd64
Build-Space: 472040
Build-Time: 64
Distribution: unstable
Fail-Stage: build
Host Architecture: amd64
Install-Time: 21
Job: mariadb-10.1_10.1.21-5
Machine Architecture: amd64
Package: mariadb-10.1
Package-Time: 107
Source-Version: 10.1.21-5
Space: 472040
Status: attempted
Version: 10.1.21-5
--------------------------------------------------------------------------------
Finished at 2017-03-01T04:45:20Z
Build needed 00:01:47, 472040k disk space
E: Build failure (dpkg-buildpackage died)
DC-Status: Failed 108.7748967s
DC-Time-Estimation: 108.7748967 versus expected 1 (r/m: 107.7748967 ; m: 1.0)
