DC-Build-Header: pyfai 0.13.0+dfsg-1 / 2017-03-01 04:46:58 +0000
DC-Task: type:rebuild-binarch-only source:pyfai version:0.13.0+dfsg-1 chroot:unstable esttime: logfile:/tmp/pyfai_0.13.0+dfsg-1_unstable_clang4.0.log modes:clang:binarch-only
DC-Sbuild-call: su user42 -c 'sbuild -n --arch-any --apt-update -d unstable -v  --chroot-setup-commands=/tmp/clang pyfai_0.13.0+dfsg-1'
sbuild (Debian sbuild) 0.72.0 (25 Oct 2016) on ip-172-31-1-238.eu-central-1.compute.internal

+==============================================================================+
| pyfai 0.13.0+dfsg-1 (amd64)                  Wed, 01 Mar 2017 04:46:58 +0000 |
+==============================================================================+

Package: pyfai
Version: 0.13.0+dfsg-1
Source Version: 0.13.0+dfsg-1
Distribution: unstable
Machine Architecture: amd64
Host Architecture: amd64
Build Architecture: amd64

I: NOTICE: Log filtering will replace 'var/lib/schroot/mount/unstable-amd64-sbuild-6f2008a4-90b8-409b-a6ad-1f1d7131a368' with '<<CHROOT>>'

+------------------------------------------------------------------------------+
| Chroot Setup Commands                                                        |
+------------------------------------------------------------------------------+


/tmp/clang
----------

+ echo 'Entering customization script...'
Entering customization script...
+ CLANG_VERSION=4.0
+ echo 'Install of clang-4.0'
Install of clang-4.0
+ apt-get update
Get:1 http://127.0.0.1:9999/debian unstable InRelease [231 kB]
Get:2 http://127.0.0.1:9999/debian unstable/main Sources.diff/Index [27.9 kB]
Get:3 http://127.0.0.1:9999/debian unstable/main amd64 Packages.diff/Index [27.9 kB]
Get:4 http://127.0.0.1:9999/debian unstable/main Sources 2017-02-28-0825.37.pdiff [2103 B]
Get:4 http://127.0.0.1:9999/debian unstable/main Sources 2017-02-28-0825.37.pdiff [2103 B]
Get:5 http://127.0.0.1:9999/debian unstable/main amd64 Packages 2017-02-28-0825.37.pdiff [2528 B]
Get:5 http://127.0.0.1:9999/debian unstable/main amd64 Packages 2017-02-28-0825.37.pdiff [2528 B]
Get:6 http://127.0.0.1:9999/debian unstable/main Translation-en [5646 kB]
Fetched 5938 kB in 1s (3105 kB/s)
Reading package lists...
W: No sandbox user '_apt' on the system, can not drop privileges
+ apt-get install --yes --no-install-recommends --force-yes clang-4.0
Reading package lists...
Building dependency tree...
Reading state information...
The following additional packages will be installed:
  libbsd0 libclang-common-4.0-dev libclang1-4.0 libedit2 libffi6 libjsoncpp1
  libllvm4.0 libncurses5 libobjc-6-dev libobjc4
Suggested packages:
  gnustep gnustep-devel clang-4.0-doc
Recommended packages:
  llvm-4.0-dev python libgpm2
The following NEW packages will be installed:
  clang-4.0 libbsd0 libclang-common-4.0-dev libclang1-4.0 libedit2 libffi6
  libjsoncpp1 libllvm4.0 libncurses5 libobjc-6-dev libobjc4
0 upgraded, 11 newly installed, 0 to remove and 0 not upgraded.
Need to get 74.7 MB of archives.
After this operation, 321 MB of additional disk space will be used.
Get:1 http://127.0.0.1:9999/debian unstable/main amd64 libbsd0 amd64 0.8.3-1 [83.0 kB]
Get:2 http://127.0.0.1:9999/debian unstable/main amd64 libncurses5 amd64 6.0+20161126-1 [93.4 kB]
Get:3 http://127.0.0.1:9999/debian unstable/main amd64 libedit2 amd64 3.1-20160903-3 [84.8 kB]
Get:4 http://127.0.0.1:9999/debian unstable/main amd64 libffi6 amd64 3.2.1-6 [20.4 kB]
Get:5 http://127.0.0.1:9999/debian unstable/main amd64 libllvm4.0 amd64 1:4.0~+rc2-1 [12.3 MB]
Get:6 http://127.0.0.1:9999/debian unstable/main amd64 libclang1-4.0 amd64 1:4.0~+rc2-1 [6358 kB]
Get:7 http://127.0.0.1:9999/debian unstable/main amd64 libjsoncpp1 amd64 1.7.4-3 [75.6 kB]
Get:8 http://127.0.0.1:9999/debian unstable/main amd64 libobjc4 amd64 6.3.0-8 [49.4 kB]
Get:9 http://127.0.0.1:9999/debian unstable/main amd64 libobjc-6-dev amd64 6.3.0-8 [197 kB]
Get:10 http://127.0.0.1:9999/debian unstable/main amd64 libclang-common-4.0-dev amd64 1:4.0~+rc2-1 [2767 kB]
Get:11 http://127.0.0.1:9999/debian unstable/main amd64 clang-4.0 amd64 1:4.0~+rc2-1 [52.7 MB]
debconf: delaying package configuration, since apt-utils is not installed
Fetched 74.7 MB in 0s (92.0 MB/s)
Selecting previously unselected package libbsd0:amd64.
(Reading database ... (Reading database ... 5%(Reading database ... 10%(Reading database ... 15%(Reading database ... 20%(Reading database ... 25%(Reading database ... 30%(Reading database ... 35%(Reading database ... 40%(Reading database ... 45%(Reading database ... 50%(Reading database ... 55%(Reading database ... 60%(Reading database ... 65%(Reading database ... 70%(Reading database ... 75%(Reading database ... 80%(Reading database ... 85%(Reading database ... 90%(Reading database ... 95%(Reading database ... 100%(Reading database ... 9584 files and directories currently installed.)
Preparing to unpack .../00-libbsd0_0.8.3-1_amd64.deb ...
Unpacking libbsd0:amd64 (0.8.3-1) ...
Selecting previously unselected package libncurses5:amd64.
Preparing to unpack .../01-libncurses5_6.0+20161126-1_amd64.deb ...
Unpacking libncurses5:amd64 (6.0+20161126-1) ...
Selecting previously unselected package libedit2:amd64.
Preparing to unpack .../02-libedit2_3.1-20160903-3_amd64.deb ...
Unpacking libedit2:amd64 (3.1-20160903-3) ...
Selecting previously unselected package libffi6:amd64.
Preparing to unpack .../03-libffi6_3.2.1-6_amd64.deb ...
Unpacking libffi6:amd64 (3.2.1-6) ...
Selecting previously unselected package libllvm4.0:amd64.
Preparing to unpack .../04-libllvm4.0_1%3a4.0~+rc2-1_amd64.deb ...
Unpacking libllvm4.0:amd64 (1:4.0~+rc2-1) ...
Selecting previously unselected package libclang1-4.0:amd64.
Preparing to unpack .../05-libclang1-4.0_1%3a4.0~+rc2-1_amd64.deb ...
Unpacking libclang1-4.0:amd64 (1:4.0~+rc2-1) ...
Selecting previously unselected package libjsoncpp1:amd64.
Preparing to unpack .../06-libjsoncpp1_1.7.4-3_amd64.deb ...
Unpacking libjsoncpp1:amd64 (1.7.4-3) ...
Selecting previously unselected package libobjc4:amd64.
Preparing to unpack .../07-libobjc4_6.3.0-8_amd64.deb ...
Unpacking libobjc4:amd64 (6.3.0-8) ...
Selecting previously unselected package libobjc-6-dev:amd64.
Preparing to unpack .../08-libobjc-6-dev_6.3.0-8_amd64.deb ...
Unpacking libobjc-6-dev:amd64 (6.3.0-8) ...
Selecting previously unselected package libclang-common-4.0-dev.
Preparing to unpack .../09-libclang-common-4.0-dev_1%3a4.0~+rc2-1_amd64.deb ...
Unpacking libclang-common-4.0-dev (1:4.0~+rc2-1) ...
Selecting previously unselected package clang-4.0.
Preparing to unpack .../10-clang-4.0_1%3a4.0~+rc2-1_amd64.deb ...
Unpacking clang-4.0 (1:4.0~+rc2-1) ...
Setting up libncurses5:amd64 (6.0+20161126-1) ...
Setting up libobjc4:amd64 (6.3.0-8) ...
Setting up libbsd0:amd64 (0.8.3-1) ...
Processing triggers for libc-bin (2.24-9) ...
Setting up libobjc-6-dev:amd64 (6.3.0-8) ...
Setting up libffi6:amd64 (3.2.1-6) ...
Setting up libjsoncpp1:amd64 (1.7.4-3) ...
Setting up libedit2:amd64 (3.1-20160903-3) ...
Setting up libllvm4.0:amd64 (1:4.0~+rc2-1) ...
Setting up libclang1-4.0:amd64 (1:4.0~+rc2-1) ...
Setting up libclang-common-4.0-dev (1:4.0~+rc2-1) ...
Setting up clang-4.0 (1:4.0~+rc2-1) ...
Processing triggers for libc-bin (2.24-9) ...
W: --force-yes is deprecated, use one of the options starting with --allow instead.
W: No sandbox user '_apt' on the system, can not drop privileges
+ echo 'Replace gcc, g++ & cpp by clang'
Replace gcc, g++ & cpp by clang
+ VERSIONS='4.6 4.7 4.8 4.9 5 6'
+ cd /usr/bin
+ for VERSION in $VERSIONS
+ rm -f g++-4.6 gcc-4.6 cpp-4.6 gcc
+ ln -s clang++-4.0 g++-4.6
+ ln -s clang-4.0 gcc-4.6
+ ln -s clang-4.0 cpp-4.6
+ ln -s clang-4.0 gcc
+ echo 'gcc-4.6 hold'
+ dpkg --set-selections
dpkg: warning: package not in status nor available database at line 1: gcc-4.6
dpkg: warning: found unknown packages; this might mean the available database
is outdated, and needs to be updated through a frontend method;
please see the FAQ <https://wiki.debian.org/Teams/Dpkg/FAQ>
+ echo 'g++-4.6 hold'
+ dpkg --set-selections
dpkg: warning: package not in status nor available database at line 1: g++-4.6
dpkg: warning: found unknown packages; this might mean the available database
is outdated, and needs to be updated through a frontend method;
please see the FAQ <https://wiki.debian.org/Teams/Dpkg/FAQ>
+ for VERSION in $VERSIONS
+ rm -f g++-4.7 gcc-4.7 cpp-4.7 gcc
+ ln -s clang++-4.0 g++-4.7
+ ln -s clang-4.0 gcc-4.7
+ ln -s clang-4.0 cpp-4.7
+ ln -s clang-4.0 gcc
+ echo 'gcc-4.7 hold'
+ dpkg --set-selections
dpkg: warning: package not in status nor available database at line 1: gcc-4.7
dpkg: warning: found unknown packages; this might mean the available database
is outdated, and needs to be updated through a frontend method;
please see the FAQ <https://wiki.debian.org/Teams/Dpkg/FAQ>
+ echo 'g++-4.7 hold'
+ dpkg --set-selections
dpkg: warning: package not in status nor available database at line 1: g++-4.7
dpkg: warning: found unknown packages; this might mean the available database
is outdated, and needs to be updated through a frontend method;
please see the FAQ <https://wiki.debian.org/Teams/Dpkg/FAQ>
+ for VERSION in $VERSIONS
+ rm -f g++-4.8 gcc-4.8 cpp-4.8 gcc
+ ln -s clang++-4.0 g++-4.8
+ ln -s clang-4.0 gcc-4.8
+ ln -s clang-4.0 cpp-4.8
+ ln -s clang-4.0 gcc
+ echo 'gcc-4.8 hold'
+ dpkg --set-selections
dpkg: warning: package not in status nor available database at line 1: gcc-4.8
dpkg: warning: found unknown packages; this might mean the available database
is outdated, and needs to be updated through a frontend method;
please see the FAQ <https://wiki.debian.org/Teams/Dpkg/FAQ>
+ echo 'g++-4.8 hold'
+ dpkg --set-selections
dpkg: warning: package not in status nor available database at line 1: g++-4.8
dpkg: warning: found unknown packages; this might mean the available database
is outdated, and needs to be updated through a frontend method;
please see the FAQ <https://wiki.debian.org/Teams/Dpkg/FAQ>
+ for VERSION in $VERSIONS
+ rm -f g++-4.9 gcc-4.9 cpp-4.9 gcc
+ ln -s clang++-4.0 g++-4.9
+ ln -s clang-4.0 gcc-4.9
+ ln -s clang-4.0 cpp-4.9
+ ln -s clang-4.0 gcc
+ echo 'gcc-4.9 hold'
+ dpkg --set-selections
dpkg: warning: package not in status nor available database at line 1: gcc-4.9
dpkg: warning: found unknown packages; this might mean the available database
is outdated, and needs to be updated through a frontend method;
please see the FAQ <https://wiki.debian.org/Teams/Dpkg/FAQ>
+ echo 'g++-4.9 hold'
+ dpkg --set-selections
dpkg: warning: package not in status nor available database at line 1: g++-4.9
dpkg: warning: found unknown packages; this might mean the available database
is outdated, and needs to be updated through a frontend method;
please see the FAQ <https://wiki.debian.org/Teams/Dpkg/FAQ>
+ for VERSION in $VERSIONS
+ rm -f g++-5 gcc-5 cpp-5 gcc
+ ln -s clang++-4.0 g++-5
+ ln -s clang-4.0 gcc-5
+ ln -s clang-4.0 cpp-5
+ ln -s clang-4.0 gcc
+ echo 'gcc-5 hold'
+ dpkg --set-selections
+ echo 'g++-5 hold'
+ dpkg --set-selections
+ for VERSION in $VERSIONS
+ rm -f g++-6 gcc-6 cpp-6 gcc
+ ln -s clang++-4.0 g++-6
+ ln -s clang-4.0 gcc-6
+ ln -s clang-4.0 cpp-6
+ ln -s clang-4.0 gcc
+ echo 'gcc-6 hold'
+ dpkg --set-selections
+ echo 'g++-6 hold'
+ dpkg --set-selections
+ cd -
/build/pyfai-g1SM3a
+ echo 'Check if gcc, g++ & cpp are actually clang'
Check if gcc, g++ & cpp are actually clang
+ gcc --version
+ grep clang
+ cpp --version
+ grep clang
+ g++ --version
+ grep clang

I: Finished running '/tmp/clang'.

Finished processing commands.
--------------------------------------------------------------------------------

+------------------------------------------------------------------------------+
| Update chroot                                                                |
+------------------------------------------------------------------------------+

Hit:1 http://127.0.0.1:9999/debian unstable InRelease
Reading package lists...
W: No sandbox user '_apt' on the system, can not drop privileges
Reading package lists...
Building dependency tree...
Reading state information...
Calculating upgrade...
0 upgraded, 0 newly installed, 0 to remove and 0 not upgraded.

+------------------------------------------------------------------------------+
| Fetch source files                                                           |
+------------------------------------------------------------------------------+


Check APT
---------

Checking available source versions...

Download source files with APT
------------------------------

Reading package lists...
NOTICE: 'pyfai' packaging is maintained in the 'Git' version control system at:
https://anonscm.debian.org/git/debian-science/packages/pyfai.git
Please use:
git clone https://anonscm.debian.org/git/debian-science/packages/pyfai.git
to retrieve the latest (possibly unreleased) updates to the package.
Need to get 29.6 MB of source archives.
Get:1 http://127.0.0.1:9999/debian unstable/main pyfai 0.13.0+dfsg-1 (dsc) [3243 B]
Get:2 http://127.0.0.1:9999/debian unstable/main pyfai 0.13.0+dfsg-1 (tar) [29.6 MB]
Get:3 http://127.0.0.1:9999/debian unstable/main pyfai 0.13.0+dfsg-1 (diff) [6612 B]
Fetched 29.6 MB in 0s (96.4 MB/s)
Download complete and in download only mode
I: NOTICE: Log filtering will replace 'build/pyfai-g1SM3a/pyfai-0.13.0+dfsg' with '<<PKGBUILDDIR>>'
I: NOTICE: Log filtering will replace 'build/pyfai-g1SM3a' with '<<BUILDDIR>>'

+------------------------------------------------------------------------------+
| Install build-essential                                                      |
+------------------------------------------------------------------------------+


Setup apt archive
-----------------

Merged Build-Depends: build-essential, fakeroot
Filtered Build-Depends: build-essential, fakeroot
dpkg-deb: building package 'sbuild-build-depends-core-dummy' in '/<<BUILDDIR>>/resolver-e63uW7/apt_archive/sbuild-build-depends-core-dummy.deb'.
dpkg-scanpackages: warning: Packages in archive but missing from override file:
dpkg-scanpackages: warning:   sbuild-build-depends-core-dummy
dpkg-scanpackages: info: Wrote 1 entries to output Packages file.
Ign:1 copy:/<<BUILDDIR>>/resolver-e63uW7/apt_archive ./ InRelease
Get:2 copy:/<<BUILDDIR>>/resolver-e63uW7/apt_archive ./ Release [957 B]
Ign:3 copy:/<<BUILDDIR>>/resolver-e63uW7/apt_archive ./ Release.gpg
Get:4 copy:/<<BUILDDIR>>/resolver-e63uW7/apt_archive ./ Sources [349 B]
Get:5 copy:/<<BUILDDIR>>/resolver-e63uW7/apt_archive ./ Packages [429 B]
Fetched 1735 B in 0s (0 B/s)
Reading package lists...
W: No sandbox user '_apt' on the system, can not drop privileges
Reading package lists...

Install core build dependencies (apt-based resolver)
----------------------------------------------------

Installing build dependencies
Reading package lists...
Building dependency tree...
Reading state information...
The following NEW packages will be installed:
  sbuild-build-depends-core-dummy
0 upgraded, 1 newly installed, 0 to remove and 0 not upgraded.
Need to get 784 B of archives.
After this operation, 0 B of additional disk space will be used.
Get:1 copy:/<<BUILDDIR>>/resolver-e63uW7/apt_archive ./ sbuild-build-depends-core-dummy 0.invalid.0 [784 B]
debconf: delaying package configuration, since apt-utils is not installed
Fetched 784 B in 0s (0 B/s)
Selecting previously unselected package sbuild-build-depends-core-dummy.
(Reading database ... 10086 files and directories currently installed.)
Preparing to unpack .../sbuild-build-depends-core-dummy_0.invalid.0_amd64.deb ...
Unpacking sbuild-build-depends-core-dummy (0.invalid.0) ...
Setting up sbuild-build-depends-core-dummy (0.invalid.0) ...
W: No sandbox user '_apt' on the system, can not drop privileges

+------------------------------------------------------------------------------+
| Check architectures                                                          |
+------------------------------------------------------------------------------+

Arch check ok (amd64 included in any all)

+------------------------------------------------------------------------------+
| Install package build dependencies                                           |
+------------------------------------------------------------------------------+


Setup apt archive
-----------------

Merged Build-Depends: cython, cython-dbg, cython3, cython3-dbg, debhelper (>= 9), dh-python, libjs-mathjax, python-all-dev, python-all-dbg, python-fabio (>= 0.3.0+dfsg-1~), python-fabio-dbg (>= 0.3.0+dfsg-1~), python-h5py, python-lxml, python-lxml-dbg, python-matplotlib, python-matplotlib-dbg, python-numpy, python-numpy-dbg, python-qt4, python-qt4-dbg, python-scipy, python-scipy-dbg, python-setuptools, python-sphinx, python-sphinxcontrib.programoutput, python-tk, python-tk-dbg, python3-all-dev, python3-all-dbg, python3-fabio (>= 0.4.0+dfsg-2~), python3-fabio-dbg (>= 0.4.0+dfsg-2~), python3-lxml, python3-lxml-dbg, python3-matplotlib, python3-matplotlib-dbg, python3-numpy, python3-numpy-dbg, python3-pyqt4, python3-pyqt4-dbg, python3-scipy, python3-scipy-dbg, python3-setuptools, python3-sphinx, python3-sphinxcontrib.programoutput, python3-tk, python3-tk-dbg
Filtered Build-Depends: cython, cython-dbg, cython3, cython3-dbg, debhelper (>= 9), dh-python, libjs-mathjax, python-all-dev, python-all-dbg, python-fabio (>= 0.3.0+dfsg-1~), python-fabio-dbg (>= 0.3.0+dfsg-1~), python-h5py, python-lxml, python-lxml-dbg, python-matplotlib, python-matplotlib-dbg, python-numpy, python-numpy-dbg, python-qt4, python-qt4-dbg, python-scipy, python-scipy-dbg, python-setuptools, python-sphinx, python-sphinxcontrib.programoutput, python-tk, python-tk-dbg, python3-all-dev, python3-all-dbg, python3-fabio (>= 0.4.0+dfsg-2~), python3-fabio-dbg (>= 0.4.0+dfsg-2~), python3-lxml, python3-lxml-dbg, python3-matplotlib, python3-matplotlib-dbg, python3-numpy, python3-numpy-dbg, python3-pyqt4, python3-pyqt4-dbg, python3-scipy, python3-scipy-dbg, python3-setuptools, python3-sphinx, python3-sphinxcontrib.programoutput, python3-tk, python3-tk-dbg
dpkg-deb: building package 'sbuild-build-depends-pyfai-dummy' in '/<<BUILDDIR>>/resolver-e63uW7/apt_archive/sbuild-build-depends-pyfai-dummy.deb'.
dpkg-scanpackages: warning: Packages in archive but missing from override file:
dpkg-scanpackages: warning:   sbuild-build-depends-core-dummy sbuild-build-depends-pyfai-dummy
dpkg-scanpackages: info: Wrote 2 entries to output Packages file.
Ign:1 copy:/<<BUILDDIR>>/resolver-e63uW7/apt_archive ./ InRelease
Get:2 copy:/<<BUILDDIR>>/resolver-e63uW7/apt_archive ./ Release [963 B]
Ign:3 copy:/<<BUILDDIR>>/resolver-e63uW7/apt_archive ./ Release.gpg
Get:4 copy:/<<BUILDDIR>>/resolver-e63uW7/apt_archive ./ Sources [708 B]
Get:5 copy:/<<BUILDDIR>>/resolver-e63uW7/apt_archive ./ Packages [794 B]
Fetched 2465 B in 0s (0 B/s)
Reading package lists...
W: No sandbox user '_apt' on the system, can not drop privileges
Reading package lists...

Install pyfai build dependencies (apt-based resolver)
-----------------------------------------------------

Installing build dependencies
Reading package lists...
Building dependency tree...
Reading state information...
The following additional packages will be installed:
  autoconf automake autopoint autotools-dev blt bsdmainutils cython cython-dbg
  cython3 cython3-dbg debhelper dh-autoreconf dh-python
  dh-strip-nondeterminism docutils-common file fontconfig fontconfig-config
  fonts-lyx fonts-mathjax gettext gettext-base gnome-icon-theme groff-base
  gtk-update-icon-cache hicolor-icon-theme intltool-debian libaec0
  libarchive-zip-perl libatk1.0-0 libatk1.0-data libaudio2 libavahi-client3
  libavahi-common-data libavahi-common3 libblas-common libblas3 libcairo2
  libcroco3 libcups2 libdatrie1 libdbus-1-3 libexpat1 libexpat1-dev
  libfile-stripnondeterminism-perl libfontconfig1 libfreetype6
  libgdk-pixbuf2.0-0 libgdk-pixbuf2.0-common libgfortran3 libglib2.0-0
  libgnutls30 libgraphite2-3 libgssapi-krb5-2 libgtk2.0-0 libgtk2.0-common
  libharfbuzz0b libhdf5-100 libhogweed4 libice6 libicu57 libidn11 libjbig0
  libjpeg62-turbo libjs-jquery libjs-jquery-ui libjs-mathjax libjs-sphinxdoc
  libjs-underscore libk5crypto3 libkeyutils1 libkrb5-3 libkrb5support0
  liblapack3 liblcms2-2 libmagic-mgc libmagic1 libmng1 libmpdec2 libnettle6
  libp11-kit0 libpango-1.0-0 libpangocairo-1.0-0 libpangoft2-1.0-0
  libpipeline1 libpixman-1-0 libpng16-16 libpython-all-dbg libpython-all-dev
  libpython-dbg libpython-dev libpython-stdlib libpython2.7 libpython2.7-dbg
  libpython2.7-dev libpython2.7-minimal libpython2.7-stdlib libpython3-all-dbg
  libpython3-all-dev libpython3-dbg libpython3-dev libpython3-stdlib
  libpython3.5 libpython3.5-dbg libpython3.5-dev libpython3.5-minimal
  libpython3.5-stdlib libqt4-dbus libqt4-declarative libqt4-designer
  libqt4-help libqt4-network libqt4-script libqt4-scripttools libqt4-sql
  libqt4-svg libqt4-test libqt4-xml libqt4-xmlpatterns libqtassistantclient4
  libqtcore4 libqtdbus4 libqtgui4 libreadline7 librsvg2-2 librsvg2-common
  libsigsegv2 libsm6 libsqlite3-0 libssl1.1 libsz2 libtasn1-6 libtcl8.6
  libthai-data libthai0 libtiff5 libtimedate-perl libtk8.6 libtool
  libunistring0 libx11-6 libx11-data libxau6 libxcb-render0 libxcb-shm0
  libxcb1 libxcomposite1 libxcursor1 libxdamage1 libxdmcp6 libxext6 libxfixes3
  libxft2 libxi6 libxinerama1 libxml2 libxrandr2 libxrender1 libxslt1.1
  libxss1 libxt6 lsb-base m4 man-db mime-support po-debconf python
  python-alabaster python-all python-all-dbg python-all-dev python-babel
  python-babel-localedata python-cycler python-dateutil python-dbg
  python-decorator python-dev python-docutils python-fabio python-fabio-dbg
  python-functools32 python-h5py python-imagesize python-jinja2 python-lxml
  python-lxml-dbg python-markupsafe python-matplotlib python-matplotlib-data
  python-matplotlib-dbg python-minimal python-numpy python-numpy-dbg
  python-pkg-resources python-pygments python-pyparsing python-qt4
  python-qt4-dbg python-roman python-scipy python-scipy-dbg python-setuptools
  python-sip python-sip-dbg python-six python-sphinx
  python-sphinxcontrib.programoutput python-subprocess32 python-tk
  python-tk-dbg python-tz python2.7 python2.7-dbg python2.7-dev
  python2.7-minimal python3 python3-alabaster python3-all python3-all-dbg
  python3-all-dev python3-babel python3-cycler python3-dateutil python3-dbg
  python3-decorator python3-dev python3-docutils python3-fabio
  python3-fabio-dbg python3-imagesize python3-jinja2 python3-lxml
  python3-lxml-dbg python3-markupsafe python3-matplotlib
  python3-matplotlib-dbg python3-minimal python3-numpy python3-numpy-dbg
  python3-pkg-resources python3-pygments python3-pyparsing python3-pyqt4
  python3-pyqt4-dbg python3-roman python3-scipy python3-scipy-dbg
  python3-setuptools python3-sip python3-sip-dbg python3-six python3-sphinx
  python3-sphinxcontrib.programoutput python3-tk python3-tk-dbg python3-tz
  python3.5 python3.5-dbg python3.5-dev python3.5-minimal qdbus qtchooser
  qtcore4-l10n readline-common sgml-base shared-mime-info sphinx-common
  tk8.6-blt2.5 ttf-bitstream-vera tzdata ucf x11-common xml-core
Suggested packages:
  autoconf-archive gnu-standards autoconf-doc blt-demo wamerican | wordlist
  whois vacation cython-doc dh-make gettext-doc libasprintf-dev
  libgettextpo-dev groff nas cups-common gnutls-bin krb5-doc krb5-user gvfs
  libjs-jquery-ui-docs fonts-mathjax-extras fonts-stix libjs-mathjax-doc
  liblcms2-utils python2.7-gdbm-dbg python2.7-tk-dbg
  libqt4-declarative-folderlistmodel libqt4-declarative-gestures
  libqt4-declarative-particles libqt4-declarative-shaders qt4-qmlviewer
  libqt4-dev qt4-qtconfig librsvg2-bin tcl8.6 tk8.6 libtool-doc gfortran
  | fortran95-compiler gcj-jdk m4-doc less www-browser libmail-box-perl
  python-doc python-cycler-doc fonts-linuxlibertine | ttf-linux-libertine
  texlive-lang-french texlive-latex-base texlive-latex-recommended pyfai
  python-fabio-doc python-h5py-doc python-jinja2-doc python-lxml-doc dvipng
  ffmpeg gir1.2-gtk-3.0 ghostscript inkscape ipython python-cairocffi
  python-configobj python-excelerator python-gobject python-gtk2
  python-matplotlib-doc python-nose python-tornado python-traits
  python-wxgtk3.0 texlive-extra-utils texlive-latex-extra ttf-staypuft
  gfortran python-numpy-doc python-pyparsing-doc python-scipy-doc
  python-setuptools-doc python-sphinx-rtd-theme texlive-fonts-recommended
  texlive-generic-extra sphinx-doc tix python2.7-doc python-gdbm-dbg
  binfmt-support python3-doc python3-venv docutils-doc ipython3
  python3-cairocffi python3-gi python3-gi-cairo python3-gobject python3-nose
  python3-tornado python3-sphinx-rtd-theme python3.5-venv python3.5-doc
  python3-gdbm-dbg readline-doc sgml-base-doc
Recommended packages:
  curl | wget | lynx-cur dbus libglib2.0-data xdg-user-dirs libgail-common
  libgtk2.0-bin javascript-common krb5-locales ca-certificates
  libqt4-sql-mysql | libqt4-sql-odbc | libqt4-sql-psql | libqt4-sql-sqlite
  | libqt4-sql-sqlite2 | libqt4-sql-ibase qt-at-spi libltdl-dev
  libmail-sendmail-perl docutils-doc libpaper-utils python-pil fabio-viewer
  python-imaging python-imaging-dbg python-bs4 python-html5lib python-glade2
  python-chardet python3-pil python3-pil-dbg python3-bs4 python3-html5lib gdb
The following NEW packages will be installed:
  autoconf automake autopoint autotools-dev blt bsdmainutils cython cython-dbg
  cython3 cython3-dbg debhelper dh-autoreconf dh-python
  dh-strip-nondeterminism docutils-common file fontconfig fontconfig-config
  fonts-lyx fonts-mathjax gettext gettext-base gnome-icon-theme groff-base
  gtk-update-icon-cache hicolor-icon-theme intltool-debian libaec0
  libarchive-zip-perl libatk1.0-0 libatk1.0-data libaudio2 libavahi-client3
  libavahi-common-data libavahi-common3 libblas-common libblas3 libcairo2
  libcroco3 libcups2 libdatrie1 libdbus-1-3 libexpat1 libexpat1-dev
  libfile-stripnondeterminism-perl libfontconfig1 libfreetype6
  libgdk-pixbuf2.0-0 libgdk-pixbuf2.0-common libgfortran3 libglib2.0-0
  libgnutls30 libgraphite2-3 libgssapi-krb5-2 libgtk2.0-0 libgtk2.0-common
  libharfbuzz0b libhdf5-100 libhogweed4 libice6 libicu57 libidn11 libjbig0
  libjpeg62-turbo libjs-jquery libjs-jquery-ui libjs-mathjax libjs-sphinxdoc
  libjs-underscore libk5crypto3 libkeyutils1 libkrb5-3 libkrb5support0
  liblapack3 liblcms2-2 libmagic-mgc libmagic1 libmng1 libmpdec2 libnettle6
  libp11-kit0 libpango-1.0-0 libpangocairo-1.0-0 libpangoft2-1.0-0
  libpipeline1 libpixman-1-0 libpng16-16 libpython-all-dbg libpython-all-dev
  libpython-dbg libpython-dev libpython-stdlib libpython2.7 libpython2.7-dbg
  libpython2.7-dev libpython2.7-minimal libpython2.7-stdlib libpython3-all-dbg
  libpython3-all-dev libpython3-dbg libpython3-dev libpython3-stdlib
  libpython3.5 libpython3.5-dbg libpython3.5-dev libpython3.5-minimal
  libpython3.5-stdlib libqt4-dbus libqt4-declarative libqt4-designer
  libqt4-help libqt4-network libqt4-script libqt4-scripttools libqt4-sql
  libqt4-svg libqt4-test libqt4-xml libqt4-xmlpatterns libqtassistantclient4
  libqtcore4 libqtdbus4 libqtgui4 libreadline7 librsvg2-2 librsvg2-common
  libsigsegv2 libsm6 libsqlite3-0 libssl1.1 libsz2 libtasn1-6 libtcl8.6
  libthai-data libthai0 libtiff5 libtimedate-perl libtk8.6 libtool
  libunistring0 libx11-6 libx11-data libxau6 libxcb-render0 libxcb-shm0
  libxcb1 libxcomposite1 libxcursor1 libxdamage1 libxdmcp6 libxext6 libxfixes3
  libxft2 libxi6 libxinerama1 libxml2 libxrandr2 libxrender1 libxslt1.1
  libxss1 libxt6 lsb-base m4 man-db mime-support po-debconf python
  python-alabaster python-all python-all-dbg python-all-dev python-babel
  python-babel-localedata python-cycler python-dateutil python-dbg
  python-decorator python-dev python-docutils python-fabio python-fabio-dbg
  python-functools32 python-h5py python-imagesize python-jinja2 python-lxml
  python-lxml-dbg python-markupsafe python-matplotlib python-matplotlib-data
  python-matplotlib-dbg python-minimal python-numpy python-numpy-dbg
  python-pkg-resources python-pygments python-pyparsing python-qt4
  python-qt4-dbg python-roman python-scipy python-scipy-dbg python-setuptools
  python-sip python-sip-dbg python-six python-sphinx
  python-sphinxcontrib.programoutput python-subprocess32 python-tk
  python-tk-dbg python-tz python2.7 python2.7-dbg python2.7-dev
  python2.7-minimal python3 python3-alabaster python3-all python3-all-dbg
  python3-all-dev python3-babel python3-cycler python3-dateutil python3-dbg
  python3-decorator python3-dev python3-docutils python3-fabio
  python3-fabio-dbg python3-imagesize python3-jinja2 python3-lxml
  python3-lxml-dbg python3-markupsafe python3-matplotlib
  python3-matplotlib-dbg python3-minimal python3-numpy python3-numpy-dbg
  python3-pkg-resources python3-pygments python3-pyparsing python3-pyqt4
  python3-pyqt4-dbg python3-roman python3-scipy python3-scipy-dbg
  python3-setuptools python3-sip python3-sip-dbg python3-six python3-sphinx
  python3-sphinxcontrib.programoutput python3-tk python3-tk-dbg python3-tz
  python3.5 python3.5-dbg python3.5-dev python3.5-minimal qdbus qtchooser
  qtcore4-l10n readline-common sbuild-build-depends-pyfai-dummy sgml-base
  shared-mime-info sphinx-common tk8.6-blt2.5 ttf-bitstream-vera tzdata ucf
  x11-common xml-core
0 upgraded, 275 newly installed, 0 to remove and 0 not upgraded.
Need to get 374 MB of archives.
After this operation, 1512 MB of additional disk space will be used.
Get:1 copy:/<<BUILDDIR>>/resolver-e63uW7/apt_archive ./ sbuild-build-depends-pyfai-dummy 0.invalid.0 [1008 B]
Get:2 http://127.0.0.1:9999/debian unstable/main amd64 groff-base amd64 1.22.3-9 [1160 kB]
Get:3 http://127.0.0.1:9999/debian unstable/main amd64 bsdmainutils amd64 9.0.12 [185 kB]
Get:4 http://127.0.0.1:9999/debian unstable/main amd64 libpipeline1 amd64 1.4.1-2 [27.6 kB]
Get:5 http://127.0.0.1:9999/debian unstable/main amd64 man-db amd64 2.7.6.1-2 [1044 kB]
Get:6 http://127.0.0.1:9999/debian unstable/main amd64 libpython2.7-minimal amd64 2.7.13-2 [389 kB]
Get:7 http://127.0.0.1:9999/debian unstable/main amd64 python2.7-minimal amd64 2.7.13-2 [1383 kB]
Get:8 http://127.0.0.1:9999/debian unstable/main amd64 python-minimal amd64 2.7.13-2 [40.5 kB]
Get:9 http://127.0.0.1:9999/debian unstable/main amd64 mime-support all 3.60 [36.7 kB]
Get:10 http://127.0.0.1:9999/debian unstable/main amd64 libexpat1 amd64 2.2.0-2 [83.3 kB]
Get:11 http://127.0.0.1:9999/debian unstable/main amd64 readline-common all 7.0-2 [70.4 kB]
Get:12 http://127.0.0.1:9999/debian unstable/main amd64 libreadline7 amd64 7.0-2 [151 kB]
Get:13 http://127.0.0.1:9999/debian unstable/main amd64 libsqlite3-0 amd64 3.16.2-3 [572 kB]
Get:14 http://127.0.0.1:9999/debian unstable/main amd64 libssl1.1 amd64 1.1.0e-1 [1341 kB]
Get:15 http://127.0.0.1:9999/debian unstable/main amd64 libpython2.7-stdlib amd64 2.7.13-2 [1895 kB]
Get:16 http://127.0.0.1:9999/debian unstable/main amd64 python2.7 amd64 2.7.13-2 [285 kB]
Get:17 http://127.0.0.1:9999/debian unstable/main amd64 libpython-stdlib amd64 2.7.13-2 [20.0 kB]
Get:18 http://127.0.0.1:9999/debian unstable/main amd64 python amd64 2.7.13-2 [154 kB]
Get:19 http://127.0.0.1:9999/debian unstable/main amd64 libpng16-16 amd64 1.6.28-1 [280 kB]
Get:20 http://127.0.0.1:9999/debian unstable/main amd64 libfreetype6 amd64 2.6.3-3+b2 [437 kB]
Get:21 http://127.0.0.1:9999/debian unstable/main amd64 ucf all 3.0036 [70.2 kB]
Get:22 http://127.0.0.1:9999/debian unstable/main amd64 ttf-bitstream-vera all 1.10-8 [352 kB]
Get:23 http://127.0.0.1:9999/debian unstable/main amd64 fontconfig-config all 2.11.0-6.7 [271 kB]
Get:24 http://127.0.0.1:9999/debian unstable/main amd64 libfontconfig1 amd64 2.11.0-6.7+b1 [331 kB]
Get:25 http://127.0.0.1:9999/debian unstable/main amd64 fontconfig amd64 2.11.0-6.7+b1 [404 kB]
Get:26 http://127.0.0.1:9999/debian unstable/main amd64 libxau6 amd64 1:1.0.8-1 [20.7 kB]
Get:27 http://127.0.0.1:9999/debian unstable/main amd64 lsb-base all 9.20161125 [27.9 kB]
Get:28 http://127.0.0.1:9999/debian unstable/main amd64 x11-common all 1:7.7+18 [251 kB]
Get:29 http://127.0.0.1:9999/debian unstable/main amd64 libice6 amd64 2:1.0.9-1+b1 [58.8 kB]
Get:30 http://127.0.0.1:9999/debian unstable/main amd64 libsm6 amd64 2:1.2.2-1+b1 [33.6 kB]
Get:31 http://127.0.0.1:9999/debian unstable/main amd64 libxdmcp6 amd64 1:1.1.2-1.1 [26.2 kB]
Get:32 http://127.0.0.1:9999/debian unstable/main amd64 libxcb1 amd64 1.12-1 [133 kB]
Get:33 http://127.0.0.1:9999/debian unstable/main amd64 libx11-data all 2:1.6.4-3 [290 kB]
Get:34 http://127.0.0.1:9999/debian unstable/main amd64 libx11-6 amd64 2:1.6.4-3 [747 kB]
Get:35 http://127.0.0.1:9999/debian unstable/main amd64 libxt6 amd64 1:1.1.5-1 [188 kB]
Get:36 http://127.0.0.1:9999/debian unstable/main amd64 libaudio2 amd64 1.9.4-5+b1 [79.9 kB]
Get:37 http://127.0.0.1:9999/debian unstable/main amd64 libjpeg62-turbo amd64 1:1.5.1-2 [134 kB]
Get:38 http://127.0.0.1:9999/debian unstable/main amd64 liblcms2-2 amd64 2.8-4 [143 kB]
Get:39 http://127.0.0.1:9999/debian unstable/main amd64 libmng1 amd64 1.0.10+dfsg-3.1+b3 [217 kB]
Get:40 http://127.0.0.1:9999/debian unstable/main amd64 libxfixes3 amd64 1:5.0.3-1 [21.9 kB]
Get:41 http://127.0.0.1:9999/debian unstable/main amd64 libxrender1 amd64 1:0.9.10-1 [33.0 kB]
Get:42 http://127.0.0.1:9999/debian unstable/main amd64 libxcursor1 amd64 1:1.1.14-1+b1 [35.1 kB]
Get:43 http://127.0.0.1:9999/debian unstable/main amd64 libxdamage1 amd64 1:1.1.4-2+b1 [14.7 kB]
Get:44 http://127.0.0.1:9999/debian unstable/main amd64 libxext6 amd64 2:1.3.3-1 [52.7 kB]
Get:45 http://127.0.0.1:9999/debian unstable/main amd64 libxft2 amd64 2.3.2-1 [55.4 kB]
Get:46 http://127.0.0.1:9999/debian unstable/main amd64 libxinerama1 amd64 2:1.1.3-1+b1 [16.9 kB]
Get:47 http://127.0.0.1:9999/debian unstable/main amd64 libxss1 amd64 1:1.2.2-1 [17.5 kB]
Get:48 http://127.0.0.1:9999/debian unstable/main amd64 python-alabaster all 0.7.8-1 [18.4 kB]
Get:49 http://127.0.0.1:9999/debian unstable/main amd64 python-babel-localedata all 2.3.4+dfsg.1-2 [3402 kB]
Get:50 http://127.0.0.1:9999/debian unstable/main amd64 python-pkg-resources all 33.1.1-1 [166 kB]
Get:51 http://127.0.0.1:9999/debian unstable/main amd64 tzdata all 2016j-2 [259 kB]
Get:52 http://127.0.0.1:9999/debian unstable/main amd64 python-tz all 2016.7-0.2 [33.5 kB]
Get:53 http://127.0.0.1:9999/debian unstable/main amd64 python-babel all 2.3.4+dfsg.1-2 [82.5 kB]
Get:54 http://127.0.0.1:9999/debian unstable/main amd64 sgml-base all 1.29 [14.8 kB]
Get:55 http://127.0.0.1:9999/debian unstable/main amd64 xml-core all 0.17 [23.2 kB]
Get:56 http://127.0.0.1:9999/debian unstable/main amd64 docutils-common all 0.13.1+dfsg-2 [200 kB]
Get:57 http://127.0.0.1:9999/debian unstable/main amd64 python-roman all 2.0.0-2 [8130 B]
Get:58 http://127.0.0.1:9999/debian unstable/main amd64 python-docutils all 0.13.1+dfsg-2 [373 kB]
Get:59 http://127.0.0.1:9999/debian unstable/main amd64 python-imagesize all 0.7.1-1 [3814 B]
Get:60 http://127.0.0.1:9999/debian unstable/main amd64 python-markupsafe amd64 0.23-3 [14.4 kB]
Get:61 http://127.0.0.1:9999/debian unstable/main amd64 python-jinja2 all 2.9.5-1 [109 kB]
Get:62 http://127.0.0.1:9999/debian unstable/main amd64 python-pygments all 2.2.0+dfsg-1 [590 kB]
Get:63 http://127.0.0.1:9999/debian unstable/main amd64 python-six all 1.10.0-4 [14.4 kB]
Get:64 http://127.0.0.1:9999/debian unstable/main amd64 libjs-jquery all 3.1.1-2 [154 kB]
Get:65 http://127.0.0.1:9999/debian unstable/main amd64 libjs-underscore all 1.8.3~dfsg-1 [63.8 kB]
Get:66 http://127.0.0.1:9999/debian unstable/main amd64 libjs-sphinxdoc all 1.4.9-2 [69.5 kB]
Get:67 http://127.0.0.1:9999/debian unstable/main amd64 sphinx-common all 1.4.9-2 [350 kB]
Get:68 http://127.0.0.1:9999/debian unstable/main amd64 python-sphinx all 1.4.9-2 [434 kB]
Get:69 http://127.0.0.1:9999/debian unstable/main amd64 python-sphinxcontrib.programoutput all 0.8-5 [12.7 kB]
Get:70 http://127.0.0.1:9999/debian unstable/main amd64 libpython3.5-minimal amd64 3.5.3-1 [573 kB]
Get:71 http://127.0.0.1:9999/debian unstable/main amd64 python3.5-minimal amd64 3.5.3-1 [1688 kB]
Get:72 http://127.0.0.1:9999/debian unstable/main amd64 python3-minimal amd64 3.5.3-1 [35.3 kB]
Get:73 http://127.0.0.1:9999/debian unstable/main amd64 libmpdec2 amd64 2.4.2-1 [85.2 kB]
Get:74 http://127.0.0.1:9999/debian unstable/main amd64 libpython3.5-stdlib amd64 3.5.3-1 [2166 kB]
Get:75 http://127.0.0.1:9999/debian unstable/main amd64 python3.5 amd64 3.5.3-1 [229 kB]
Get:76 http://127.0.0.1:9999/debian unstable/main amd64 libpython3-stdlib amd64 3.5.3-1 [18.6 kB]
Get:77 http://127.0.0.1:9999/debian unstable/main amd64 dh-python all 2.20170125 [86.8 kB]
Get:78 http://127.0.0.1:9999/debian unstable/main amd64 python3 amd64 3.5.3-1 [21.6 kB]
Get:79 http://127.0.0.1:9999/debian unstable/main amd64 python3-six all 1.10.0-4 [14.5 kB]
Get:80 http://127.0.0.1:9999/debian unstable/main amd64 python3-roman all 2.0.0-2 [8226 B]
Get:81 http://127.0.0.1:9999/debian unstable/main amd64 python3-docutils all 0.13.1+dfsg-2 [371 kB]
Get:82 http://127.0.0.1:9999/debian unstable/main amd64 python3-pygments all 2.2.0+dfsg-1 [588 kB]
Get:83 http://127.0.0.1:9999/debian unstable/main amd64 python3-markupsafe amd64 0.23-3 [14.8 kB]
Get:84 http://127.0.0.1:9999/debian unstable/main amd64 python3-jinja2 all 2.9.5-1 [107 kB]
Get:85 http://127.0.0.1:9999/debian unstable/main amd64 python3-pkg-resources all 33.1.1-1 [137 kB]
Get:86 http://127.0.0.1:9999/debian unstable/main amd64 python3-tz all 2016.7-0.2 [27.0 kB]
Get:87 http://127.0.0.1:9999/debian unstable/main amd64 python3-babel all 2.3.4+dfsg.1-2 [82.0 kB]
Get:88 http://127.0.0.1:9999/debian unstable/main amd64 python3-alabaster all 0.7.8-1 [18.4 kB]
Get:89 http://127.0.0.1:9999/debian unstable/main amd64 python3-imagesize all 0.7.1-1 [3886 B]
Get:90 http://127.0.0.1:9999/debian unstable/main amd64 python3-sphinx all 1.4.9-2 [433 kB]
Get:91 http://127.0.0.1:9999/debian unstable/main amd64 python3-sphinxcontrib.programoutput all 0.8-5 [12.7 kB]
Get:92 http://127.0.0.1:9999/debian unstable/main amd64 libmagic-mgc amd64 1:5.29-3 [221 kB]
Get:93 http://127.0.0.1:9999/debian unstable/main amd64 libmagic1 amd64 1:5.29-3 [110 kB]
Get:94 http://127.0.0.1:9999/debian unstable/main amd64 file amd64 1:5.29-3 [63.7 kB]
Get:95 http://127.0.0.1:9999/debian unstable/main amd64 gettext-base amd64 0.19.8.1-2 [121 kB]
Get:96 http://127.0.0.1:9999/debian unstable/main amd64 libnettle6 amd64 3.3-1+b1 [191 kB]
Get:97 http://127.0.0.1:9999/debian unstable/main amd64 libhogweed4 amd64 3.3-1+b1 [136 kB]
Get:98 http://127.0.0.1:9999/debian unstable/main amd64 libidn11 amd64 1.33-1 [115 kB]
Get:99 http://127.0.0.1:9999/debian unstable/main amd64 libp11-kit0 amd64 0.23.3-5 [112 kB]
Get:100 http://127.0.0.1:9999/debian unstable/main amd64 libtasn1-6 amd64 4.10-1 [50.3 kB]
Get:101 http://127.0.0.1:9999/debian unstable/main amd64 libgnutls30 amd64 3.5.8-3 [894 kB]
Get:102 http://127.0.0.1:9999/debian unstable/main amd64 libkeyutils1 amd64 1.5.9-9 [12.4 kB]
Get:103 http://127.0.0.1:9999/debian unstable/main amd64 libkrb5support0 amd64 1.15-1 [61.7 kB]
Get:104 http://127.0.0.1:9999/debian unstable/main amd64 libk5crypto3 amd64 1.15-1 [119 kB]
Get:105 http://127.0.0.1:9999/debian unstable/main amd64 libkrb5-3 amd64 1.15-1 [311 kB]
Get:106 http://127.0.0.1:9999/debian unstable/main amd64 libgssapi-krb5-2 amd64 1.15-1 [154 kB]
Get:107 http://127.0.0.1:9999/debian unstable/main amd64 libicu57 amd64 57.1-5 [7700 kB]
Get:108 http://127.0.0.1:9999/debian unstable/main amd64 libxml2 amd64 2.9.4+dfsg1-2.2 [919 kB]
Get:109 http://127.0.0.1:9999/debian unstable/main amd64 libsigsegv2 amd64 2.10-5 [28.9 kB]
Get:110 http://127.0.0.1:9999/debian unstable/main amd64 m4 amd64 1.4.18-1 [202 kB]
Get:111 http://127.0.0.1:9999/debian unstable/main amd64 autoconf all 2.69-10 [338 kB]
Get:112 http://127.0.0.1:9999/debian unstable/main amd64 autotools-dev all 20161112.1 [73.4 kB]
Get:113 http://127.0.0.1:9999/debian unstable/main amd64 automake all 1:1.15-6 [733 kB]
Get:114 http://127.0.0.1:9999/debian unstable/main amd64 autopoint all 0.19.8.1-2 [433 kB]
Get:115 http://127.0.0.1:9999/debian unstable/main amd64 libtcl8.6 amd64 8.6.6+dfsg-1+b1 [985 kB]
Get:116 http://127.0.0.1:9999/debian unstable/main amd64 libtk8.6 amd64 8.6.6-1+b1 [754 kB]
Get:117 http://127.0.0.1:9999/debian unstable/main amd64 tk8.6-blt2.5 amd64 2.5.3+dfsg-3 [585 kB]
Get:118 http://127.0.0.1:9999/debian unstable/main amd64 blt amd64 2.5.3+dfsg-3 [14.6 kB]
Get:119 http://127.0.0.1:9999/debian unstable/main amd64 cython amd64 0.25.2-1 [1863 kB]
Get:120 http://127.0.0.1:9999/debian unstable/main amd64 cython3 amd64 0.25.2-1 [1870 kB]
Get:121 http://127.0.0.1:9999/debian unstable/main amd64 libtool all 2.4.6-2 [545 kB]
Get:122 http://127.0.0.1:9999/debian unstable/main amd64 dh-autoreconf all 13 [15.8 kB]
Get:123 http://127.0.0.1:9999/debian unstable/main amd64 libarchive-zip-perl all 1.59-1 [95.5 kB]
Get:124 http://127.0.0.1:9999/debian unstable/main amd64 libfile-stripnondeterminism-perl all 0.031-1 [15.7 kB]
Get:125 http://127.0.0.1:9999/debian unstable/main amd64 libtimedate-perl all 2.3000-2 [42.2 kB]
Get:126 http://127.0.0.1:9999/debian unstable/main amd64 dh-strip-nondeterminism all 0.031-1 [9736 B]
Get:127 http://127.0.0.1:9999/debian unstable/main amd64 libglib2.0-0 amd64 2.50.3-1 [2691 kB]
Get:128 http://127.0.0.1:9999/debian unstable/main amd64 libcroco3 amd64 0.6.11-2 [143 kB]
Get:129 http://127.0.0.1:9999/debian unstable/main amd64 libunistring0 amd64 0.9.6+really0.9.3-0.1 [279 kB]
Get:130 http://127.0.0.1:9999/debian unstable/main amd64 gettext amd64 0.19.8.1-2 [1495 kB]
Get:131 http://127.0.0.1:9999/debian unstable/main amd64 intltool-debian all 0.35.0+20060710.4 [26.3 kB]
Get:132 http://127.0.0.1:9999/debian unstable/main amd64 po-debconf all 1.0.20 [247 kB]
Get:133 http://127.0.0.1:9999/debian unstable/main amd64 debhelper all 10.2.5 [961 kB]
Get:134 http://127.0.0.1:9999/debian unstable/main amd64 fonts-lyx all 2.2.2-1 [197 kB]
Get:135 http://127.0.0.1:9999/debian unstable/main amd64 fonts-mathjax all 2.7.0-1 [960 kB]
Get:136 http://127.0.0.1:9999/debian unstable/main amd64 hicolor-icon-theme all 0.15-1 [9550 B]
Get:137 http://127.0.0.1:9999/debian unstable/main amd64 libjbig0 amd64 2.1-3.1+b2 [31.0 kB]
Get:138 http://127.0.0.1:9999/debian unstable/main amd64 libtiff5 amd64 4.0.7-5 [230 kB]
Get:139 http://127.0.0.1:9999/debian unstable/main amd64 shared-mime-info amd64 1.8-1 [731 kB]
Get:140 http://127.0.0.1:9999/debian unstable/main amd64 libgdk-pixbuf2.0-common all 2.36.5-2 [310 kB]
Get:141 http://127.0.0.1:9999/debian unstable/main amd64 libgdk-pixbuf2.0-0 amd64 2.36.5-2 [169 kB]
Get:142 http://127.0.0.1:9999/debian unstable/main amd64 gtk-update-icon-cache amd64 3.22.8-1 [76.4 kB]
Get:143 http://127.0.0.1:9999/debian unstable/main amd64 libpixman-1-0 amd64 0.34.0-1 [530 kB]
Get:144 http://127.0.0.1:9999/debian unstable/main amd64 libxcb-render0 amd64 1.12-1 [105 kB]
Get:145 http://127.0.0.1:9999/debian unstable/main amd64 libxcb-shm0 amd64 1.12-1 [95.9 kB]
Get:146 http://127.0.0.1:9999/debian unstable/main amd64 libcairo2 amd64 1.14.8-1 [771 kB]
Get:147 http://127.0.0.1:9999/debian unstable/main amd64 libthai-data all 0.1.26-1 [166 kB]
Get:148 http://127.0.0.1:9999/debian unstable/main amd64 libdatrie1 amd64 0.2.10-4+b1 [36.4 kB]
Get:149 http://127.0.0.1:9999/debian unstable/main amd64 libthai0 amd64 0.1.26-1 [52.1 kB]
Get:150 http://127.0.0.1:9999/debian unstable/main amd64 libpango-1.0-0 amd64 1.40.3-3 [314 kB]
Get:151 http://127.0.0.1:9999/debian unstable/main amd64 libgraphite2-3 amd64 1.3.9-4 [83.8 kB]
Get:152 http://127.0.0.1:9999/debian unstable/main amd64 libharfbuzz0b amd64 1.4.2-1 [671 kB]
Get:153 http://127.0.0.1:9999/debian unstable/main amd64 libpangoft2-1.0-0 amd64 1.40.3-3 [200 kB]
Get:154 http://127.0.0.1:9999/debian unstable/main amd64 libpangocairo-1.0-0 amd64 1.40.3-3 [188 kB]
Get:155 http://127.0.0.1:9999/debian unstable/main amd64 librsvg2-2 amd64 2.40.16-1+b1 [281 kB]
Get:156 http://127.0.0.1:9999/debian unstable/main amd64 librsvg2-common amd64 2.40.16-1+b1 [194 kB]
Get:157 http://127.0.0.1:9999/debian unstable/main amd64 gnome-icon-theme all 3.12.0-2 [9890 kB]
Get:158 http://127.0.0.1:9999/debian unstable/main amd64 libaec0 amd64 0.3.2-1 [18.5 kB]
Get:159 http://127.0.0.1:9999/debian unstable/main amd64 libatk1.0-data all 2.22.0-1 [172 kB]
Get:160 http://127.0.0.1:9999/debian unstable/main amd64 libatk1.0-0 amd64 2.22.0-1 [78.4 kB]
Get:161 http://127.0.0.1:9999/debian unstable/main amd64 libavahi-common-data amd64 0.6.32-2 [118 kB]
Get:162 http://127.0.0.1:9999/debian unstable/main amd64 libavahi-common3 amd64 0.6.32-2 [52.0 kB]
Get:163 http://127.0.0.1:9999/debian unstable/main amd64 libdbus-1-3 amd64 1.10.16-1 [192 kB]
Get:164 http://127.0.0.1:9999/debian unstable/main amd64 libavahi-client3 amd64 0.6.32-2 [55.3 kB]
Get:165 http://127.0.0.1:9999/debian unstable/main amd64 libblas-common amd64 3.7.0-1 [14.0 kB]
Get:166 http://127.0.0.1:9999/debian unstable/main amd64 libgfortran3 amd64 6.3.0-8 [265 kB]
Get:167 http://127.0.0.1:9999/debian unstable/main amd64 libblas3 amd64 3.7.0-1 [155 kB]
Get:168 http://127.0.0.1:9999/debian unstable/main amd64 libcups2 amd64 2.2.1-8 [306 kB]
Get:169 http://127.0.0.1:9999/debian unstable/main amd64 libexpat1-dev amd64 2.2.0-2 [134 kB]
Get:170 http://127.0.0.1:9999/debian unstable/main amd64 libgtk2.0-common all 2.24.31-2 [2693 kB]
Get:171 http://127.0.0.1:9999/debian unstable/main amd64 libxcomposite1 amd64 1:0.4.4-2 [16.5 kB]
Get:172 http://127.0.0.1:9999/debian unstable/main amd64 libxi6 amd64 2:1.7.9-1 [82.6 kB]
Get:173 http://127.0.0.1:9999/debian unstable/main amd64 libxrandr2 amd64 2:1.5.1-1 [37.5 kB]
Get:174 http://127.0.0.1:9999/debian unstable/main amd64 libgtk2.0-0 amd64 2.24.31-2 [1800 kB]
Get:175 http://127.0.0.1:9999/debian unstable/main amd64 libsz2 amd64 0.3.2-1 [5730 B]
Get:176 http://127.0.0.1:9999/debian unstable/main amd64 libhdf5-100 amd64 1.10.0-patch1+docs-3 [1284 kB]
Get:177 http://127.0.0.1:9999/debian unstable/main amd64 libjs-jquery-ui all 1.12.1+dfsg-4 [232 kB]
Get:178 http://127.0.0.1:9999/debian unstable/main amd64 liblapack3 amd64 3.7.0-1 [2141 kB]
Get:179 http://127.0.0.1:9999/debian unstable/main amd64 libpython2.7 amd64 2.7.13-2 [1072 kB]
Get:180 http://127.0.0.1:9999/debian unstable/main amd64 libpython2.7-dev amd64 2.7.13-2 [28.2 MB]
Get:181 http://127.0.0.1:9999/debian unstable/main amd64 libpython-dev amd64 2.7.13-2 [20.1 kB]
Get:182 http://127.0.0.1:9999/debian unstable/main amd64 libpython-all-dev amd64 2.7.13-2 [960 B]
Get:183 http://127.0.0.1:9999/debian unstable/main amd64 libpython3.5 amd64 3.5.3-1 [1371 kB]
Get:184 http://127.0.0.1:9999/debian unstable/main amd64 libpython3.5-dev amd64 3.5.3-1 [37.7 MB]
Get:185 http://127.0.0.1:9999/debian unstable/main amd64 libpython3-dev amd64 3.5.3-1 [18.7 kB]
Get:186 http://127.0.0.1:9999/debian unstable/main amd64 libpython3-all-dev amd64 3.5.3-1 [960 B]
Get:187 http://127.0.0.1:9999/debian unstable/main amd64 qtcore4-l10n all 4:4.8.7+dfsg-11 [662 kB]
Get:188 http://127.0.0.1:9999/debian unstable/main amd64 libqtcore4 amd64 4:4.8.7+dfsg-11 [1598 kB]
Get:189 http://127.0.0.1:9999/debian unstable/main amd64 libqt4-xml amd64 4:4.8.7+dfsg-11 [143 kB]
Get:190 http://127.0.0.1:9999/debian unstable/main amd64 libqtdbus4 amd64 4:4.8.7+dfsg-11 [232 kB]
Get:191 http://127.0.0.1:9999/debian unstable/main amd64 qtchooser amd64 63-g13a3d08-1 [25.2 kB]
Get:192 http://127.0.0.1:9999/debian unstable/main amd64 qdbus amd64 4:4.8.7+dfsg-11 [76.8 kB]
Get:193 http://127.0.0.1:9999/debian unstable/main amd64 libqt4-dbus amd64 4:4.8.7+dfsg-11 [52.7 kB]
Get:194 http://127.0.0.1:9999/debian unstable/main amd64 libqt4-network amd64 4:4.8.7+dfsg-11 [606 kB]
Get:195 http://127.0.0.1:9999/debian unstable/main amd64 libqt4-script amd64 4:4.8.7+dfsg-11 [861 kB]
Get:196 http://127.0.0.1:9999/debian unstable/main amd64 libqt4-sql amd64 4:4.8.7+dfsg-11 [145 kB]
Get:197 http://127.0.0.1:9999/debian unstable/main amd64 libqt4-xmlpatterns amd64 4:4.8.7+dfsg-11 [1138 kB]
Get:198 http://127.0.0.1:9999/debian unstable/main amd64 libqtgui4 amd64 4:4.8.7+dfsg-11 [4150 kB]
Get:199 http://127.0.0.1:9999/debian unstable/main amd64 libqt4-declarative amd64 4:4.8.7+dfsg-11 [1131 kB]
Get:200 http://127.0.0.1:9999/debian unstable/main amd64 libqt4-designer amd64 4:4.8.7+dfsg-11 [3679 kB]
Get:201 http://127.0.0.1:9999/debian unstable/main amd64 libqt4-help amd64 4:4.8.7+dfsg-11 [252 kB]
Get:202 http://127.0.0.1:9999/debian unstable/main amd64 libqt4-scripttools amd64 4:4.8.7+dfsg-11 [270 kB]
Get:203 http://127.0.0.1:9999/debian unstable/main amd64 libqt4-svg amd64 4:4.8.7+dfsg-11 [185 kB]
Get:204 http://127.0.0.1:9999/debian unstable/main amd64 libqt4-test amd64 4:4.8.7+dfsg-11 [107 kB]
Get:205 http://127.0.0.1:9999/debian unstable/main amd64 libqtassistantclient4 amd64 4.6.3-7+b1 [12.9 kB]
Get:206 http://127.0.0.1:9999/debian unstable/main amd64 libxslt1.1 amd64 1.1.29-2 [233 kB]
Get:207 http://127.0.0.1:9999/debian unstable/main amd64 python-all amd64 2.7.13-2 [942 B]
Get:208 http://127.0.0.1:9999/debian unstable/main amd64 python2.7-dev amd64 2.7.13-2 [281 kB]
Get:209 http://127.0.0.1:9999/debian unstable/main amd64 python-dev amd64 2.7.13-2 [1126 B]
Get:210 http://127.0.0.1:9999/debian unstable/main amd64 python-all-dev amd64 2.7.13-2 [962 B]
Get:211 http://127.0.0.1:9999/debian unstable/main amd64 python-cycler all 0.10.0-1 [7448 B]
Get:212 http://127.0.0.1:9999/debian unstable/main amd64 python-dateutil all 2.5.3-2 [51.3 kB]
Get:213 http://127.0.0.1:9999/debian unstable/main amd64 python-decorator all 4.0.11-1 [13.3 kB]
Get:214 http://127.0.0.1:9999/debian unstable/main amd64 python-numpy amd64 1:1.12.0-2 [1934 kB]
Get:215 http://127.0.0.1:9999/debian unstable/main amd64 python-fabio amd64 0.4.0+dfsg-2 [255 kB]
Get:216 http://127.0.0.1:9999/debian unstable/main amd64 python-functools32 all 3.2.3.2-3 [11.0 kB]
Get:217 http://127.0.0.1:9999/debian unstable/main amd64 python-h5py amd64 2.7.0~rc3-1 [635 kB]
Get:218 http://127.0.0.1:9999/debian unstable/main amd64 python-lxml amd64 3.7.3-1 [906 kB]
Get:219 http://127.0.0.1:9999/debian unstable/main amd64 python-matplotlib-data all 2.0.0+dfsg1-2 [4414 kB]
Get:220 http://127.0.0.1:9999/debian unstable/main amd64 python-pyparsing all 2.1.10+dfsg1-1 [88.5 kB]
Get:221 http://127.0.0.1:9999/debian unstable/main amd64 python-subprocess32 amd64 3.2.7-2 [28.9 kB]
Get:222 http://127.0.0.1:9999/debian unstable/main amd64 python-matplotlib amd64 2.0.0+dfsg1-2 [1598 kB]
Get:223 http://127.0.0.1:9999/debian unstable/main amd64 python-sip amd64 4.18.1+dfsg-1 [88.5 kB]
Get:224 http://127.0.0.1:9999/debian unstable/main amd64 python-qt4 amd64 4.11.4+dfsg-2 [2242 kB]
Get:225 http://127.0.0.1:9999/debian unstable/main amd64 python-setuptools all 33.1.1-1 [297 kB]
Get:226 http://127.0.0.1:9999/debian unstable/main amd64 python-tk amd64 2.7.13-1 [27.4 kB]
Get:227 http://127.0.0.1:9999/debian unstable/main amd64 python3-all amd64 3.5.3-1 [934 B]
Get:228 http://127.0.0.1:9999/debian unstable/main amd64 python3.5-dev amd64 3.5.3-1 [413 kB]
Get:229 http://127.0.0.1:9999/debian unstable/main amd64 python3-dev amd64 3.5.3-1 [1154 B]
Get:230 http://127.0.0.1:9999/debian unstable/main amd64 python3-all-dev amd64 3.5.3-1 [962 B]
Get:231 http://127.0.0.1:9999/debian unstable/main amd64 python3-cycler all 0.10.0-1 [7556 B]
Get:232 http://127.0.0.1:9999/debian unstable/main amd64 python3-dateutil all 2.5.3-2 [45.2 kB]
Get:233 http://127.0.0.1:9999/debian unstable/main amd64 python3-decorator all 4.0.11-1 [13.3 kB]
Get:234 http://127.0.0.1:9999/debian unstable/main amd64 python3-lxml amd64 3.7.3-1 [902 kB]
Get:235 http://127.0.0.1:9999/debian unstable/main amd64 python3-pyparsing all 2.1.10+dfsg1-1 [88.6 kB]
Get:236 http://127.0.0.1:9999/debian unstable/main amd64 python3-numpy amd64 1:1.12.0-2 [1934 kB]
Get:237 http://127.0.0.1:9999/debian unstable/main amd64 python3-matplotlib amd64 2.0.0+dfsg1-2 [1590 kB]
Get:238 http://127.0.0.1:9999/debian unstable/main amd64 python3-sip amd64 4.18.1+dfsg-1 [88.0 kB]
Get:239 http://127.0.0.1:9999/debian unstable/main amd64 python3-pyqt4 amd64 4.11.4+dfsg-2 [2232 kB]
Get:240 http://127.0.0.1:9999/debian unstable/main amd64 python3-setuptools all 33.1.1-1 [215 kB]
Get:241 http://127.0.0.1:9999/debian unstable/main amd64 python3-tk amd64 3.5.3-1 [26.7 kB]
Get:242 http://127.0.0.1:9999/debian unstable/main amd64 cython-dbg amd64 0.25.2-1 [4186 kB]
Get:243 http://127.0.0.1:9999/debian unstable/main amd64 cython3-dbg amd64 0.25.2-1 [7395 kB]
Get:244 http://127.0.0.1:9999/debian unstable/main amd64 libjs-mathjax all 2.7.0-1 [5551 kB]
Get:245 http://127.0.0.1:9999/debian unstable/main amd64 libpython2.7-dbg amd64 2.7.13-2 [4663 kB]
Get:246 http://127.0.0.1:9999/debian unstable/main amd64 libpython-dbg amd64 2.7.13-2 [20.0 kB]
Get:247 http://127.0.0.1:9999/debian unstable/main amd64 libpython-all-dbg amd64 2.7.13-2 [1078 B]
Get:248 http://127.0.0.1:9999/debian unstable/main amd64 libpython3.5-dbg amd64 3.5.3-1 [9447 kB]
Get:249 http://127.0.0.1:9999/debian unstable/main amd64 libpython3-dbg amd64 3.5.3-1 [18.7 kB]
Get:250 http://127.0.0.1:9999/debian unstable/main amd64 libpython3-all-dbg amd64 3.5.3-1 [958 B]
Get:251 http://127.0.0.1:9999/debian unstable/main amd64 python2.7-dbg amd64 2.7.13-2 [7875 kB]
Get:252 http://127.0.0.1:9999/debian unstable/main amd64 python-dbg amd64 2.7.13-2 [1206 B]
Get:253 http://127.0.0.1:9999/debian unstable/main amd64 python-all-dbg amd64 2.7.13-2 [964 B]
Get:254 http://127.0.0.1:9999/debian unstable/main amd64 python-fabio-dbg amd64 0.4.0+dfsg-2 [179 kB]
Get:255 http://127.0.0.1:9999/debian unstable/main amd64 python-lxml-dbg amd64 3.7.3-1 [3225 kB]
Get:256 http://127.0.0.1:9999/debian unstable/main amd64 python-matplotlib-dbg amd64 2.0.0+dfsg1-2 [6951 kB]
Get:257 http://127.0.0.1:9999/debian unstable/main amd64 python-numpy-dbg amd64 1:1.12.0-2 [4555 kB]
Get:258 http://127.0.0.1:9999/debian unstable/main amd64 python-sip-dbg amd64 4.18.1+dfsg-1 [326 kB]
Get:259 http://127.0.0.1:9999/debian unstable/main amd64 python-qt4-dbg amd64 4.11.4+dfsg-2 [22.0 MB]
Get:260 http://127.0.0.1:9999/debian unstable/main amd64 python-scipy amd64 0.18.1-2 [8933 kB]
Get:261 http://127.0.0.1:9999/debian unstable/main amd64 python-scipy-dbg amd64 0.18.1-2 [20.2 MB]
Get:262 http://127.0.0.1:9999/debian unstable/main amd64 python-tk-dbg amd64 2.7.13-1 [195 kB]
Get:263 http://127.0.0.1:9999/debian unstable/main amd64 python3.5-dbg amd64 3.5.3-1 [10.8 MB]
Get:264 http://127.0.0.1:9999/debian unstable/main amd64 python3-dbg amd64 3.5.3-1 [1204 B]
Get:265 http://127.0.0.1:9999/debian unstable/main amd64 python3-all-dbg amd64 3.5.3-1 [962 B]
Get:266 http://127.0.0.1:9999/debian unstable/main amd64 python3-fabio amd64 0.4.0+dfsg-2 [238 kB]
Get:267 http://127.0.0.1:9999/debian unstable/main amd64 python3-fabio-dbg amd64 0.4.0+dfsg-2 [162 kB]
Get:268 http://127.0.0.1:9999/debian unstable/main amd64 python3-lxml-dbg amd64 3.7.3-1 [5153 kB]
Get:269 http://127.0.0.1:9999/debian unstable/main amd64 python3-matplotlib-dbg amd64 2.0.0+dfsg1-2 [530 kB]
Get:270 http://127.0.0.1:9999/debian unstable/main amd64 python3-numpy-dbg amd64 1:1.12.0-2 [10.2 MB]
Get:271 http://127.0.0.1:9999/debian unstable/main amd64 python3-sip-dbg amd64 4.18.1+dfsg-1 [334 kB]
Get:272 http://127.0.0.1:9999/debian unstable/main amd64 python3-pyqt4-dbg amd64 4.11.4+dfsg-2 [22.1 MB]
Get:273 http://127.0.0.1:9999/debian unstable/main amd64 python3-scipy amd64 0.18.1-2 [8534 kB]
Get:274 http://127.0.0.1:9999/debian unstable/main amd64 python3-scipy-dbg amd64 0.18.1-2 [27.4 MB]
Get:275 http://127.0.0.1:9999/debian unstable/main amd64 python3-tk-dbg amd64 3.5.3-1 [220 kB]
debconf: delaying package configuration, since apt-utils is not installed
Fetched 374 MB in 3s (98.1 MB/s)
Selecting previously unselected package groff-base.
(Reading database ... 10086 files and directories currently installed.)
Preparing to unpack .../00-groff-base_1.22.3-9_amd64.deb ...
Unpacking groff-base (1.22.3-9) ...
Selecting previously unselected package bsdmainutils.
Preparing to unpack .../01-bsdmainutils_9.0.12_amd64.deb ...
Unpacking bsdmainutils (9.0.12) ...
Selecting previously unselected package libpipeline1:amd64.
Preparing to unpack .../02-libpipeline1_1.4.1-2_amd64.deb ...
Unpacking libpipeline1:amd64 (1.4.1-2) ...
Selecting previously unselected package man-db.
Preparing to unpack .../03-man-db_2.7.6.1-2_amd64.deb ...
Unpacking man-db (2.7.6.1-2) ...
Selecting previously unselected package libpython2.7-minimal:amd64.
Preparing to unpack .../04-libpython2.7-minimal_2.7.13-2_amd64.deb ...
Unpacking libpython2.7-minimal:amd64 (2.7.13-2) ...
Selecting previously unselected package python2.7-minimal.
Preparing to unpack .../05-python2.7-minimal_2.7.13-2_amd64.deb ...
Unpacking python2.7-minimal (2.7.13-2) ...
Selecting previously unselected package python-minimal.
Preparing to unpack .../06-python-minimal_2.7.13-2_amd64.deb ...
Unpacking python-minimal (2.7.13-2) ...
Selecting previously unselected package mime-support.
Preparing to unpack .../07-mime-support_3.60_all.deb ...
Unpacking mime-support (3.60) ...
Selecting previously unselected package libexpat1:amd64.
Preparing to unpack .../08-libexpat1_2.2.0-2_amd64.deb ...
Unpacking libexpat1:amd64 (2.2.0-2) ...
Selecting previously unselected package readline-common.
Preparing to unpack .../09-readline-common_7.0-2_all.deb ...
Unpacking readline-common (7.0-2) ...
Selecting previously unselected package libreadline7:amd64.
Preparing to unpack .../10-libreadline7_7.0-2_amd64.deb ...
Unpacking libreadline7:amd64 (7.0-2) ...
Selecting previously unselected package libsqlite3-0:amd64.
Preparing to unpack .../11-libsqlite3-0_3.16.2-3_amd64.deb ...
Unpacking libsqlite3-0:amd64 (3.16.2-3) ...
Selecting previously unselected package libssl1.1:amd64.
Preparing to unpack .../12-libssl1.1_1.1.0e-1_amd64.deb ...
Unpacking libssl1.1:amd64 (1.1.0e-1) ...
Selecting previously unselected package libpython2.7-stdlib:amd64.
Preparing to unpack .../13-libpython2.7-stdlib_2.7.13-2_amd64.deb ...
Unpacking libpython2.7-stdlib:amd64 (2.7.13-2) ...
Selecting previously unselected package python2.7.
Preparing to unpack .../14-python2.7_2.7.13-2_amd64.deb ...
Unpacking python2.7 (2.7.13-2) ...
Selecting previously unselected package libpython-stdlib:amd64.
Preparing to unpack .../15-libpython-stdlib_2.7.13-2_amd64.deb ...
Unpacking libpython-stdlib:amd64 (2.7.13-2) ...
Setting up libpython2.7-minimal:amd64 (2.7.13-2) ...
Setting up python2.7-minimal (2.7.13-2) ...
Setting up python-minimal (2.7.13-2) ...
Selecting previously unselected package python.
(Reading database ... 11466 files and directories currently installed.)
Preparing to unpack .../00-python_2.7.13-2_amd64.deb ...
Unpacking python (2.7.13-2) ...
Selecting previously unselected package libpng16-16:amd64.
Preparing to unpack .../01-libpng16-16_1.6.28-1_amd64.deb ...
Unpacking libpng16-16:amd64 (1.6.28-1) ...
Selecting previously unselected package libfreetype6:amd64.
Preparing to unpack .../02-libfreetype6_2.6.3-3+b2_amd64.deb ...
Unpacking libfreetype6:amd64 (2.6.3-3+b2) ...
Selecting previously unselected package ucf.
Preparing to unpack .../03-ucf_3.0036_all.deb ...
Moving old data out of the way
Unpacking ucf (3.0036) ...
Selecting previously unselected package ttf-bitstream-vera.
Preparing to unpack .../04-ttf-bitstream-vera_1.10-8_all.deb ...
Unpacking ttf-bitstream-vera (1.10-8) ...
Selecting previously unselected package fontconfig-config.
Preparing to unpack .../05-fontconfig-config_2.11.0-6.7_all.deb ...
Unpacking fontconfig-config (2.11.0-6.7) ...
Selecting previously unselected package libfontconfig1:amd64.
Preparing to unpack .../06-libfontconfig1_2.11.0-6.7+b1_amd64.deb ...
Unpacking libfontconfig1:amd64 (2.11.0-6.7+b1) ...
Selecting previously unselected package fontconfig.
Preparing to unpack .../07-fontconfig_2.11.0-6.7+b1_amd64.deb ...
Unpacking fontconfig (2.11.0-6.7+b1) ...
Selecting previously unselected package libxau6:amd64.
Preparing to unpack .../08-libxau6_1%3a1.0.8-1_amd64.deb ...
Unpacking libxau6:amd64 (1:1.0.8-1) ...
Selecting previously unselected package lsb-base.
Preparing to unpack .../09-lsb-base_9.20161125_all.deb ...
Unpacking lsb-base (9.20161125) ...
Selecting previously unselected package x11-common.
Preparing to unpack .../10-x11-common_1%3a7.7+18_all.deb ...
Unpacking x11-common (1:7.7+18) ...
Selecting previously unselected package libice6:amd64.
Preparing to unpack .../11-libice6_2%3a1.0.9-1+b1_amd64.deb ...
Unpacking libice6:amd64 (2:1.0.9-1+b1) ...
Selecting previously unselected package libsm6:amd64.
Preparing to unpack .../12-libsm6_2%3a1.2.2-1+b1_amd64.deb ...
Unpacking libsm6:amd64 (2:1.2.2-1+b1) ...
Selecting previously unselected package libxdmcp6:amd64.
Preparing to unpack .../13-libxdmcp6_1%3a1.1.2-1.1_amd64.deb ...
Unpacking libxdmcp6:amd64 (1:1.1.2-1.1) ...
Selecting previously unselected package libxcb1:amd64.
Preparing to unpack .../14-libxcb1_1.12-1_amd64.deb ...
Unpacking libxcb1:amd64 (1.12-1) ...
Selecting previously unselected package libx11-data.
Preparing to unpack .../15-libx11-data_2%3a1.6.4-3_all.deb ...
Unpacking libx11-data (2:1.6.4-3) ...
Selecting previously unselected package libx11-6:amd64.
Preparing to unpack .../16-libx11-6_2%3a1.6.4-3_amd64.deb ...
Unpacking libx11-6:amd64 (2:1.6.4-3) ...
Selecting previously unselected package libxt6:amd64.
Preparing to unpack .../17-libxt6_1%3a1.1.5-1_amd64.deb ...
Unpacking libxt6:amd64 (1:1.1.5-1) ...
Selecting previously unselected package libaudio2:amd64.
Preparing to unpack .../18-libaudio2_1.9.4-5+b1_amd64.deb ...
Unpacking libaudio2:amd64 (1.9.4-5+b1) ...
Selecting previously unselected package libjpeg62-turbo:amd64.
Preparing to unpack .../19-libjpeg62-turbo_1%3a1.5.1-2_amd64.deb ...
Unpacking libjpeg62-turbo:amd64 (1:1.5.1-2) ...
Selecting previously unselected package liblcms2-2:amd64.
Preparing to unpack .../20-liblcms2-2_2.8-4_amd64.deb ...
Unpacking liblcms2-2:amd64 (2.8-4) ...
Selecting previously unselected package libmng1:amd64.
Preparing to unpack .../21-libmng1_1.0.10+dfsg-3.1+b3_amd64.deb ...
Unpacking libmng1:amd64 (1.0.10+dfsg-3.1+b3) ...
Selecting previously unselected package libxfixes3:amd64.
Preparing to unpack .../22-libxfixes3_1%3a5.0.3-1_amd64.deb ...
Unpacking libxfixes3:amd64 (1:5.0.3-1) ...
Selecting previously unselected package libxrender1:amd64.
Preparing to unpack .../23-libxrender1_1%3a0.9.10-1_amd64.deb ...
Unpacking libxrender1:amd64 (1:0.9.10-1) ...
Selecting previously unselected package libxcursor1:amd64.
Preparing to unpack .../24-libxcursor1_1%3a1.1.14-1+b1_amd64.deb ...
Unpacking libxcursor1:amd64 (1:1.1.14-1+b1) ...
Selecting previously unselected package libxdamage1:amd64.
Preparing to unpack .../25-libxdamage1_1%3a1.1.4-2+b1_amd64.deb ...
Unpacking libxdamage1:amd64 (1:1.1.4-2+b1) ...
Selecting previously unselected package libxext6:amd64.
Preparing to unpack .../26-libxext6_2%3a1.3.3-1_amd64.deb ...
Unpacking libxext6:amd64 (2:1.3.3-1) ...
Selecting previously unselected package libxft2:amd64.
Preparing to unpack .../27-libxft2_2.3.2-1_amd64.deb ...
Unpacking libxft2:amd64 (2.3.2-1) ...
Selecting previously unselected package libxinerama1:amd64.
Preparing to unpack .../28-libxinerama1_2%3a1.1.3-1+b1_amd64.deb ...
Unpacking libxinerama1:amd64 (2:1.1.3-1+b1) ...
Selecting previously unselected package libxss1:amd64.
Preparing to unpack .../29-libxss1_1%3a1.2.2-1_amd64.deb ...
Unpacking libxss1:amd64 (1:1.2.2-1) ...
Selecting previously unselected package python-alabaster.
Preparing to unpack .../30-python-alabaster_0.7.8-1_all.deb ...
Unpacking python-alabaster (0.7.8-1) ...
Selecting previously unselected package python-babel-localedata.
Preparing to unpack .../31-python-babel-localedata_2.3.4+dfsg.1-2_all.deb ...
Unpacking python-babel-localedata (2.3.4+dfsg.1-2) ...
Selecting previously unselected package python-pkg-resources.
Preparing to unpack .../32-python-pkg-resources_33.1.1-1_all.deb ...
Unpacking python-pkg-resources (33.1.1-1) ...
Selecting previously unselected package tzdata.
Preparing to unpack .../33-tzdata_2016j-2_all.deb ...
Unpacking tzdata (2016j-2) ...
Selecting previously unselected package python-tz.
Preparing to unpack .../34-python-tz_2016.7-0.2_all.deb ...
Unpacking python-tz (2016.7-0.2) ...
Selecting previously unselected package python-babel.
Preparing to unpack .../35-python-babel_2.3.4+dfsg.1-2_all.deb ...
Unpacking python-babel (2.3.4+dfsg.1-2) ...
Selecting previously unselected package sgml-base.
Preparing to unpack .../36-sgml-base_1.29_all.deb ...
Unpacking sgml-base (1.29) ...
Selecting previously unselected package xml-core.
Preparing to unpack .../37-xml-core_0.17_all.deb ...
Unpacking xml-core (0.17) ...
Selecting previously unselected package docutils-common.
Preparing to unpack .../38-docutils-common_0.13.1+dfsg-2_all.deb ...
Unpacking docutils-common (0.13.1+dfsg-2) ...
Selecting previously unselected package python-roman.
Preparing to unpack .../39-python-roman_2.0.0-2_all.deb ...
Unpacking python-roman (2.0.0-2) ...
Selecting previously unselected package python-docutils.
Preparing to unpack .../40-python-docutils_0.13.1+dfsg-2_all.deb ...
Unpacking python-docutils (0.13.1+dfsg-2) ...
Selecting previously unselected package python-imagesize.
Preparing to unpack .../41-python-imagesize_0.7.1-1_all.deb ...
Unpacking python-imagesize (0.7.1-1) ...
Selecting previously unselected package python-markupsafe.
Preparing to unpack .../42-python-markupsafe_0.23-3_amd64.deb ...
Unpacking python-markupsafe (0.23-3) ...
Selecting previously unselected package python-jinja2.
Preparing to unpack .../43-python-jinja2_2.9.5-1_all.deb ...
Unpacking python-jinja2 (2.9.5-1) ...
Selecting previously unselected package python-pygments.
Preparing to unpack .../44-python-pygments_2.2.0+dfsg-1_all.deb ...
Unpacking python-pygments (2.2.0+dfsg-1) ...
Selecting previously unselected package python-six.
Preparing to unpack .../45-python-six_1.10.0-4_all.deb ...
Unpacking python-six (1.10.0-4) ...
Selecting previously unselected package libjs-jquery.
Preparing to unpack .../46-libjs-jquery_3.1.1-2_all.deb ...
Unpacking libjs-jquery (3.1.1-2) ...
Selecting previously unselected package libjs-underscore.
Preparing to unpack .../47-libjs-underscore_1.8.3~dfsg-1_all.deb ...
Unpacking libjs-underscore (1.8.3~dfsg-1) ...
Selecting previously unselected package libjs-sphinxdoc.
Preparing to unpack .../48-libjs-sphinxdoc_1.4.9-2_all.deb ...
Unpacking libjs-sphinxdoc (1.4.9-2) ...
Selecting previously unselected package sphinx-common.
Preparing to unpack .../49-sphinx-common_1.4.9-2_all.deb ...
Unpacking sphinx-common (1.4.9-2) ...
Selecting previously unselected package python-sphinx.
Preparing to unpack .../50-python-sphinx_1.4.9-2_all.deb ...
Unpacking python-sphinx (1.4.9-2) ...
Selecting previously unselected package python-sphinxcontrib.programoutput.
Preparing to unpack .../51-python-sphinxcontrib.programoutput_0.8-5_all.deb ...
Unpacking python-sphinxcontrib.programoutput (0.8-5) ...
Selecting previously unselected package libpython3.5-minimal:amd64.
Preparing to unpack .../52-libpython3.5-minimal_3.5.3-1_amd64.deb ...
Unpacking libpython3.5-minimal:amd64 (3.5.3-1) ...
Selecting previously unselected package python3.5-minimal.
Preparing to unpack .../53-python3.5-minimal_3.5.3-1_amd64.deb ...
Unpacking python3.5-minimal (3.5.3-1) ...
Selecting previously unselected package python3-minimal.
Preparing to unpack .../54-python3-minimal_3.5.3-1_amd64.deb ...
Unpacking python3-minimal (3.5.3-1) ...
Selecting previously unselected package libmpdec2:amd64.
Preparing to unpack .../55-libmpdec2_2.4.2-1_amd64.deb ...
Unpacking libmpdec2:amd64 (2.4.2-1) ...
Selecting previously unselected package libpython3.5-stdlib:amd64.
Preparing to unpack .../56-libpython3.5-stdlib_3.5.3-1_amd64.deb ...
Unpacking libpython3.5-stdlib:amd64 (3.5.3-1) ...
Selecting previously unselected package python3.5.
Preparing to unpack .../57-python3.5_3.5.3-1_amd64.deb ...
Unpacking python3.5 (3.5.3-1) ...
Selecting previously unselected package libpython3-stdlib:amd64.
Preparing to unpack .../58-libpython3-stdlib_3.5.3-1_amd64.deb ...
Unpacking libpython3-stdlib:amd64 (3.5.3-1) ...
Selecting previously unselected package dh-python.
Preparing to unpack .../59-dh-python_2.20170125_all.deb ...
Unpacking dh-python (2.20170125) ...
Setting up libssl1.1:amd64 (1.1.0e-1) ...
Setting up libpython3.5-minimal:amd64 (3.5.3-1) ...
Setting up libexpat1:amd64 (2.2.0-2) ...
Setting up python3.5-minimal (3.5.3-1) ...
Setting up python3-minimal (3.5.3-1) ...
Selecting previously unselected package python3.
(Reading database ... 16946 files and directories currently installed.)
Preparing to unpack .../000-python3_3.5.3-1_amd64.deb ...
Unpacking python3 (3.5.3-1) ...
Selecting previously unselected package python3-six.
Preparing to unpack .../001-python3-six_1.10.0-4_all.deb ...
Unpacking python3-six (1.10.0-4) ...
Selecting previously unselected package python3-roman.
Preparing to unpack .../002-python3-roman_2.0.0-2_all.deb ...
Unpacking python3-roman (2.0.0-2) ...
Selecting previously unselected package python3-docutils.
Preparing to unpack .../003-python3-docutils_0.13.1+dfsg-2_all.deb ...
Unpacking python3-docutils (0.13.1+dfsg-2) ...
Selecting previously unselected package python3-pygments.
Preparing to unpack .../004-python3-pygments_2.2.0+dfsg-1_all.deb ...
Unpacking python3-pygments (2.2.0+dfsg-1) ...
Selecting previously unselected package python3-markupsafe.
Preparing to unpack .../005-python3-markupsafe_0.23-3_amd64.deb ...
Unpacking python3-markupsafe (0.23-3) ...
Selecting previously unselected package python3-jinja2.
Preparing to unpack .../006-python3-jinja2_2.9.5-1_all.deb ...
Unpacking python3-jinja2 (2.9.5-1) ...
Selecting previously unselected package python3-pkg-resources.
Preparing to unpack .../007-python3-pkg-resources_33.1.1-1_all.deb ...
Unpacking python3-pkg-resources (33.1.1-1) ...
Selecting previously unselected package python3-tz.
Preparing to unpack .../008-python3-tz_2016.7-0.2_all.deb ...
Unpacking python3-tz (2016.7-0.2) ...
Selecting previously unselected package python3-babel.
Preparing to unpack .../009-python3-babel_2.3.4+dfsg.1-2_all.deb ...
Unpacking python3-babel (2.3.4+dfsg.1-2) ...
Selecting previously unselected package python3-alabaster.
Preparing to unpack .../010-python3-alabaster_0.7.8-1_all.deb ...
Unpacking python3-alabaster (0.7.8-1) ...
Selecting previously unselected package python3-imagesize.
Preparing to unpack .../011-python3-imagesize_0.7.1-1_all.deb ...
Unpacking python3-imagesize (0.7.1-1) ...
Selecting previously unselected package python3-sphinx.
Preparing to unpack .../012-python3-sphinx_1.4.9-2_all.deb ...
Unpacking python3-sphinx (1.4.9-2) ...
Selecting previously unselected package python3-sphinxcontrib.programoutput.
Preparing to unpack .../013-python3-sphinxcontrib.programoutput_0.8-5_all.deb ...
Unpacking python3-sphinxcontrib.programoutput (0.8-5) ...
Selecting previously unselected package libmagic-mgc.
Preparing to unpack .../014-libmagic-mgc_1%3a5.29-3_amd64.deb ...
Unpacking libmagic-mgc (1:5.29-3) ...
Selecting previously unselected package libmagic1:amd64.
Preparing to unpack .../015-libmagic1_1%3a5.29-3_amd64.deb ...
Unpacking libmagic1:amd64 (1:5.29-3) ...
Selecting previously unselected package file.
Preparing to unpack .../016-file_1%3a5.29-3_amd64.deb ...
Unpacking file (1:5.29-3) ...
Selecting previously unselected package gettext-base.
Preparing to unpack .../017-gettext-base_0.19.8.1-2_amd64.deb ...
Unpacking gettext-base (0.19.8.1-2) ...
Selecting previously unselected package libnettle6:amd64.
Preparing to unpack .../018-libnettle6_3.3-1+b1_amd64.deb ...
Unpacking libnettle6:amd64 (3.3-1+b1) ...
Selecting previously unselected package libhogweed4:amd64.
Preparing to unpack .../019-libhogweed4_3.3-1+b1_amd64.deb ...
Unpacking libhogweed4:amd64 (3.3-1+b1) ...
Selecting previously unselected package libidn11:amd64.
Preparing to unpack .../020-libidn11_1.33-1_amd64.deb ...
Unpacking libidn11:amd64 (1.33-1) ...
Selecting previously unselected package libp11-kit0:amd64.
Preparing to unpack .../021-libp11-kit0_0.23.3-5_amd64.deb ...
Unpacking libp11-kit0:amd64 (0.23.3-5) ...
Selecting previously unselected package libtasn1-6:amd64.
Preparing to unpack .../022-libtasn1-6_4.10-1_amd64.deb ...
Unpacking libtasn1-6:amd64 (4.10-1) ...
Selecting previously unselected package libgnutls30:amd64.
Preparing to unpack .../023-libgnutls30_3.5.8-3_amd64.deb ...
Unpacking libgnutls30:amd64 (3.5.8-3) ...
Selecting previously unselected package libkeyutils1:amd64.
Preparing to unpack .../024-libkeyutils1_1.5.9-9_amd64.deb ...
Unpacking libkeyutils1:amd64 (1.5.9-9) ...
Selecting previously unselected package libkrb5support0:amd64.
Preparing to unpack .../025-libkrb5support0_1.15-1_amd64.deb ...
Unpacking libkrb5support0:amd64 (1.15-1) ...
Selecting previously unselected package libk5crypto3:amd64.
Preparing to unpack .../026-libk5crypto3_1.15-1_amd64.deb ...
Unpacking libk5crypto3:amd64 (1.15-1) ...
Selecting previously unselected package libkrb5-3:amd64.
Preparing to unpack .../027-libkrb5-3_1.15-1_amd64.deb ...
Unpacking libkrb5-3:amd64 (1.15-1) ...
Selecting previously unselected package libgssapi-krb5-2:amd64.
Preparing to unpack .../028-libgssapi-krb5-2_1.15-1_amd64.deb ...
Unpacking libgssapi-krb5-2:amd64 (1.15-1) ...
Selecting previously unselected package libicu57:amd64.
Preparing to unpack .../029-libicu57_57.1-5_amd64.deb ...
Unpacking libicu57:amd64 (57.1-5) ...
Selecting previously unselected package libxml2:amd64.
Preparing to unpack .../030-libxml2_2.9.4+dfsg1-2.2_amd64.deb ...
Unpacking libxml2:amd64 (2.9.4+dfsg1-2.2) ...
Selecting previously unselected package libsigsegv2:amd64.
Preparing to unpack .../031-libsigsegv2_2.10-5_amd64.deb ...
Unpacking libsigsegv2:amd64 (2.10-5) ...
Selecting previously unselected package m4.
Preparing to unpack .../032-m4_1.4.18-1_amd64.deb ...
Unpacking m4 (1.4.18-1) ...
Selecting previously unselected package autoconf.
Preparing to unpack .../033-autoconf_2.69-10_all.deb ...
Unpacking autoconf (2.69-10) ...
Selecting previously unselected package autotools-dev.
Preparing to unpack .../034-autotools-dev_20161112.1_all.deb ...
Unpacking autotools-dev (20161112.1) ...
Selecting previously unselected package automake.
Preparing to unpack .../035-automake_1%3a1.15-6_all.deb ...
Unpacking automake (1:1.15-6) ...
Selecting previously unselected package autopoint.
Preparing to unpack .../036-autopoint_0.19.8.1-2_all.deb ...
Unpacking autopoint (0.19.8.1-2) ...
Selecting previously unselected package libtcl8.6:amd64.
Preparing to unpack .../037-libtcl8.6_8.6.6+dfsg-1+b1_amd64.deb ...
Unpacking libtcl8.6:amd64 (8.6.6+dfsg-1+b1) ...
Selecting previously unselected package libtk8.6:amd64.
Preparing to unpack .../038-libtk8.6_8.6.6-1+b1_amd64.deb ...
Unpacking libtk8.6:amd64 (8.6.6-1+b1) ...
Selecting previously unselected package tk8.6-blt2.5.
Preparing to unpack .../039-tk8.6-blt2.5_2.5.3+dfsg-3_amd64.deb ...
Unpacking tk8.6-blt2.5 (2.5.3+dfsg-3) ...
Selecting previously unselected package blt.
Preparing to unpack .../040-blt_2.5.3+dfsg-3_amd64.deb ...
Unpacking blt (2.5.3+dfsg-3) ...
Selecting previously unselected package cython.
Preparing to unpack .../041-cython_0.25.2-1_amd64.deb ...
Unpacking cython (0.25.2-1) ...
Selecting previously unselected package cython3.
Preparing to unpack .../042-cython3_0.25.2-1_amd64.deb ...
Unpacking cython3 (0.25.2-1) ...
Selecting previously unselected package libtool.
Preparing to unpack .../043-libtool_2.4.6-2_all.deb ...
Unpacking libtool (2.4.6-2) ...
Selecting previously unselected package dh-autoreconf.
Preparing to unpack .../044-dh-autoreconf_13_all.deb ...
Unpacking dh-autoreconf (13) ...
Selecting previously unselected package libarchive-zip-perl.
Preparing to unpack .../045-libarchive-zip-perl_1.59-1_all.deb ...
Unpacking libarchive-zip-perl (1.59-1) ...
Selecting previously unselected package libfile-stripnondeterminism-perl.
Preparing to unpack .../046-libfile-stripnondeterminism-perl_0.031-1_all.deb ...
Unpacking libfile-stripnondeterminism-perl (0.031-1) ...
Selecting previously unselected package libtimedate-perl.
Preparing to unpack .../047-libtimedate-perl_2.3000-2_all.deb ...
Unpacking libtimedate-perl (2.3000-2) ...
Selecting previously unselected package dh-strip-nondeterminism.
Preparing to unpack .../048-dh-strip-nondeterminism_0.031-1_all.deb ...
Unpacking dh-strip-nondeterminism (0.031-1) ...
Selecting previously unselected package libglib2.0-0:amd64.
Preparing to unpack .../049-libglib2.0-0_2.50.3-1_amd64.deb ...
Unpacking libglib2.0-0:amd64 (2.50.3-1) ...
Selecting previously unselected package libcroco3:amd64.
Preparing to unpack .../050-libcroco3_0.6.11-2_amd64.deb ...
Unpacking libcroco3:amd64 (0.6.11-2) ...
Selecting previously unselected package libunistring0:amd64.
Preparing to unpack .../051-libunistring0_0.9.6+really0.9.3-0.1_amd64.deb ...
Unpacking libunistring0:amd64 (0.9.6+really0.9.3-0.1) ...
Selecting previously unselected package gettext.
Preparing to unpack .../052-gettext_0.19.8.1-2_amd64.deb ...
Unpacking gettext (0.19.8.1-2) ...
Selecting previously unselected package intltool-debian.
Preparing to unpack .../053-intltool-debian_0.35.0+20060710.4_all.deb ...
Unpacking intltool-debian (0.35.0+20060710.4) ...
Selecting previously unselected package po-debconf.
Preparing to unpack .../054-po-debconf_1.0.20_all.deb ...
Unpacking po-debconf (1.0.20) ...
Selecting previously unselected package debhelper.
Preparing to unpack .../055-debhelper_10.2.5_all.deb ...
Unpacking debhelper (10.2.5) ...
Selecting previously unselected package fonts-lyx.
Preparing to unpack .../056-fonts-lyx_2.2.2-1_all.deb ...
Unpacking fonts-lyx (2.2.2-1) ...
Selecting previously unselected package fonts-mathjax.
Preparing to unpack .../057-fonts-mathjax_2.7.0-1_all.deb ...
Unpacking fonts-mathjax (2.7.0-1) ...
Selecting previously unselected package hicolor-icon-theme.
Preparing to unpack .../058-hicolor-icon-theme_0.15-1_all.deb ...
Unpacking hicolor-icon-theme (0.15-1) ...
Selecting previously unselected package libjbig0:amd64.
Preparing to unpack .../059-libjbig0_2.1-3.1+b2_amd64.deb ...
Unpacking libjbig0:amd64 (2.1-3.1+b2) ...
Selecting previously unselected package libtiff5:amd64.
Preparing to unpack .../060-libtiff5_4.0.7-5_amd64.deb ...
Unpacking libtiff5:amd64 (4.0.7-5) ...
Selecting previously unselected package shared-mime-info.
Preparing to unpack .../061-shared-mime-info_1.8-1_amd64.deb ...
Unpacking shared-mime-info (1.8-1) ...
Selecting previously unselected package libgdk-pixbuf2.0-common.
Preparing to unpack .../062-libgdk-pixbuf2.0-common_2.36.5-2_all.deb ...
Unpacking libgdk-pixbuf2.0-common (2.36.5-2) ...
Selecting previously unselected package libgdk-pixbuf2.0-0:amd64.
Preparing to unpack .../063-libgdk-pixbuf2.0-0_2.36.5-2_amd64.deb ...
Unpacking libgdk-pixbuf2.0-0:amd64 (2.36.5-2) ...
Selecting previously unselected package gtk-update-icon-cache.
Preparing to unpack .../064-gtk-update-icon-cache_3.22.8-1_amd64.deb ...
No diversion 'diversion of /usr/sbin/update-icon-caches to /usr/sbin/update-icon-caches.gtk2 by libgtk-3-bin', none removed.
No diversion 'diversion of /usr/share/man/man8/update-icon-caches.8.gz to /usr/share/man/man8/update-icon-caches.gtk2.8.gz by libgtk-3-bin', none removed.
Unpacking gtk-update-icon-cache (3.22.8-1) ...
Selecting previously unselected package libpixman-1-0:amd64.
Preparing to unpack .../065-libpixman-1-0_0.34.0-1_amd64.deb ...
Unpacking libpixman-1-0:amd64 (0.34.0-1) ...
Selecting previously unselected package libxcb-render0:amd64.
Preparing to unpack .../066-libxcb-render0_1.12-1_amd64.deb ...
Unpacking libxcb-render0:amd64 (1.12-1) ...
Selecting previously unselected package libxcb-shm0:amd64.
Preparing to unpack .../067-libxcb-shm0_1.12-1_amd64.deb ...
Unpacking libxcb-shm0:amd64 (1.12-1) ...
Selecting previously unselected package libcairo2:amd64.
Preparing to unpack .../068-libcairo2_1.14.8-1_amd64.deb ...
Unpacking libcairo2:amd64 (1.14.8-1) ...
Selecting previously unselected package libthai-data.
Preparing to unpack .../069-libthai-data_0.1.26-1_all.deb ...
Unpacking libthai-data (0.1.26-1) ...
Selecting previously unselected package libdatrie1:amd64.
Preparing to unpack .../070-libdatrie1_0.2.10-4+b1_amd64.deb ...
Unpacking libdatrie1:amd64 (0.2.10-4+b1) ...
Selecting previously unselected package libthai0:amd64.
Preparing to unpack .../071-libthai0_0.1.26-1_amd64.deb ...
Unpacking libthai0:amd64 (0.1.26-1) ...
Selecting previously unselected package libpango-1.0-0:amd64.
Preparing to unpack .../072-libpango-1.0-0_1.40.3-3_amd64.deb ...
Unpacking libpango-1.0-0:amd64 (1.40.3-3) ...
Selecting previously unselected package libgraphite2-3:amd64.
Preparing to unpack .../073-libgraphite2-3_1.3.9-4_amd64.deb ...
Unpacking libgraphite2-3:amd64 (1.3.9-4) ...
Selecting previously unselected package libharfbuzz0b:amd64.
Preparing to unpack .../074-libharfbuzz0b_1.4.2-1_amd64.deb ...
Unpacking libharfbuzz0b:amd64 (1.4.2-1) ...
Selecting previously unselected package libpangoft2-1.0-0:amd64.
Preparing to unpack .../075-libpangoft2-1.0-0_1.40.3-3_amd64.deb ...
Unpacking libpangoft2-1.0-0:amd64 (1.40.3-3) ...
Selecting previously unselected package libpangocairo-1.0-0:amd64.
Preparing to unpack .../076-libpangocairo-1.0-0_1.40.3-3_amd64.deb ...
Unpacking libpangocairo-1.0-0:amd64 (1.40.3-3) ...
Selecting previously unselected package librsvg2-2:amd64.
Preparing to unpack .../077-librsvg2-2_2.40.16-1+b1_amd64.deb ...
Unpacking librsvg2-2:amd64 (2.40.16-1+b1) ...
Selecting previously unselected package librsvg2-common:amd64.
Preparing to unpack .../078-librsvg2-common_2.40.16-1+b1_amd64.deb ...
Unpacking librsvg2-common:amd64 (2.40.16-1+b1) ...
Selecting previously unselected package gnome-icon-theme.
Preparing to unpack .../079-gnome-icon-theme_3.12.0-2_all.deb ...
Unpacking gnome-icon-theme (3.12.0-2) ...
Selecting previously unselected package libaec0:amd64.
Preparing to unpack .../080-libaec0_0.3.2-1_amd64.deb ...
Unpacking libaec0:amd64 (0.3.2-1) ...
Selecting previously unselected package libatk1.0-data.
Preparing to unpack .../081-libatk1.0-data_2.22.0-1_all.deb ...
Unpacking libatk1.0-data (2.22.0-1) ...
Selecting previously unselected package libatk1.0-0:amd64.
Preparing to unpack .../082-libatk1.0-0_2.22.0-1_amd64.deb ...
Unpacking libatk1.0-0:amd64 (2.22.0-1) ...
Selecting previously unselected package libavahi-common-data:amd64.
Preparing to unpack .../083-libavahi-common-data_0.6.32-2_amd64.deb ...
Unpacking libavahi-common-data:amd64 (0.6.32-2) ...
Selecting previously unselected package libavahi-common3:amd64.
Preparing to unpack .../084-libavahi-common3_0.6.32-2_amd64.deb ...
Unpacking libavahi-common3:amd64 (0.6.32-2) ...
Selecting previously unselected package libdbus-1-3:amd64.
Preparing to unpack .../085-libdbus-1-3_1.10.16-1_amd64.deb ...
Unpacking libdbus-1-3:amd64 (1.10.16-1) ...
Selecting previously unselected package libavahi-client3:amd64.
Preparing to unpack .../086-libavahi-client3_0.6.32-2_amd64.deb ...
Unpacking libavahi-client3:amd64 (0.6.32-2) ...
Selecting previously unselected package libblas-common.
Preparing to unpack .../087-libblas-common_3.7.0-1_amd64.deb ...
Unpacking libblas-common (3.7.0-1) ...
Selecting previously unselected package libgfortran3:amd64.
Preparing to unpack .../088-libgfortran3_6.3.0-8_amd64.deb ...
Unpacking libgfortran3:amd64 (6.3.0-8) ...
Selecting previously unselected package libblas3.
Preparing to unpack .../089-libblas3_3.7.0-1_amd64.deb ...
Unpacking libblas3 (3.7.0-1) ...
Selecting previously unselected package libcups2:amd64.
Preparing to unpack .../090-libcups2_2.2.1-8_amd64.deb ...
Unpacking libcups2:amd64 (2.2.1-8) ...
Selecting previously unselected package libexpat1-dev:amd64.
Preparing to unpack .../091-libexpat1-dev_2.2.0-2_amd64.deb ...
Unpacking libexpat1-dev:amd64 (2.2.0-2) ...
Selecting previously unselected package libgtk2.0-common.
Preparing to unpack .../092-libgtk2.0-common_2.24.31-2_all.deb ...
Unpacking libgtk2.0-common (2.24.31-2) ...
Selecting previously unselected package libxcomposite1:amd64.
Preparing to unpack .../093-libxcomposite1_1%3a0.4.4-2_amd64.deb ...
Unpacking libxcomposite1:amd64 (1:0.4.4-2) ...
Selecting previously unselected package libxi6:amd64.
Preparing to unpack .../094-libxi6_2%3a1.7.9-1_amd64.deb ...
Unpacking libxi6:amd64 (2:1.7.9-1) ...
Selecting previously unselected package libxrandr2:amd64.
Preparing to unpack .../095-libxrandr2_2%3a1.5.1-1_amd64.deb ...
Unpacking libxrandr2:amd64 (2:1.5.1-1) ...
Selecting previously unselected package libgtk2.0-0:amd64.
Preparing to unpack .../096-libgtk2.0-0_2.24.31-2_amd64.deb ...
Unpacking libgtk2.0-0:amd64 (2.24.31-2) ...
Selecting previously unselected package libsz2:amd64.
Preparing to unpack .../097-libsz2_0.3.2-1_amd64.deb ...
Unpacking libsz2:amd64 (0.3.2-1) ...
Selecting previously unselected package libhdf5-100:amd64.
Preparing to unpack .../098-libhdf5-100_1.10.0-patch1+docs-3_amd64.deb ...
Unpacking libhdf5-100:amd64 (1.10.0-patch1+docs-3) ...
Selecting previously unselected package libjs-jquery-ui.
Preparing to unpack .../099-libjs-jquery-ui_1.12.1+dfsg-4_all.deb ...
Unpacking libjs-jquery-ui (1.12.1+dfsg-4) ...
Selecting previously unselected package liblapack3.
Preparing to unpack .../100-liblapack3_3.7.0-1_amd64.deb ...
Unpacking liblapack3 (3.7.0-1) ...
Selecting previously unselected package libpython2.7:amd64.
Preparing to unpack .../101-libpython2.7_2.7.13-2_amd64.deb ...
Unpacking libpython2.7:amd64 (2.7.13-2) ...
Selecting previously unselected package libpython2.7-dev:amd64.
Preparing to unpack .../102-libpython2.7-dev_2.7.13-2_amd64.deb ...
Unpacking libpython2.7-dev:amd64 (2.7.13-2) ...
Selecting previously unselected package libpython-dev:amd64.
Preparing to unpack .../103-libpython-dev_2.7.13-2_amd64.deb ...
Unpacking libpython-dev:amd64 (2.7.13-2) ...
Selecting previously unselected package libpython-all-dev:amd64.
Preparing to unpack .../104-libpython-all-dev_2.7.13-2_amd64.deb ...
Unpacking libpython-all-dev:amd64 (2.7.13-2) ...
Selecting previously unselected package libpython3.5:amd64.
Preparing to unpack .../105-libpython3.5_3.5.3-1_amd64.deb ...
Unpacking libpython3.5:amd64 (3.5.3-1) ...
Selecting previously unselected package libpython3.5-dev:amd64.
Preparing to unpack .../106-libpython3.5-dev_3.5.3-1_amd64.deb ...
Unpacking libpython3.5-dev:amd64 (3.5.3-1) ...
Selecting previously unselected package libpython3-dev:amd64.
Preparing to unpack .../107-libpython3-dev_3.5.3-1_amd64.deb ...
Unpacking libpython3-dev:amd64 (3.5.3-1) ...
Selecting previously unselected package libpython3-all-dev:amd64.
Preparing to unpack .../108-libpython3-all-dev_3.5.3-1_amd64.deb ...
Unpacking libpython3-all-dev:amd64 (3.5.3-1) ...
Selecting previously unselected package qtcore4-l10n.
Preparing to unpack .../109-qtcore4-l10n_4%3a4.8.7+dfsg-11_all.deb ...
Unpacking qtcore4-l10n (4:4.8.7+dfsg-11) ...
Selecting previously unselected package libqtcore4:amd64.
Preparing to unpack .../110-libqtcore4_4%3a4.8.7+dfsg-11_amd64.deb ...
Unpacking libqtcore4:amd64 (4:4.8.7+dfsg-11) ...
Selecting previously unselected package libqt4-xml:amd64.
Preparing to unpack .../111-libqt4-xml_4%3a4.8.7+dfsg-11_amd64.deb ...
Unpacking libqt4-xml:amd64 (4:4.8.7+dfsg-11) ...
Selecting previously unselected package libqtdbus4:amd64.
Preparing to unpack .../112-libqtdbus4_4%3a4.8.7+dfsg-11_amd64.deb ...
Unpacking libqtdbus4:amd64 (4:4.8.7+dfsg-11) ...
Selecting previously unselected package qtchooser.
Preparing to unpack .../113-qtchooser_63-g13a3d08-1_amd64.deb ...
Unpacking qtchooser (63-g13a3d08-1) ...
Selecting previously unselected package qdbus.
Preparing to unpack .../114-qdbus_4%3a4.8.7+dfsg-11_amd64.deb ...
Unpacking qdbus (4:4.8.7+dfsg-11) ...
Selecting previously unselected package libqt4-dbus:amd64.
Preparing to unpack .../115-libqt4-dbus_4%3a4.8.7+dfsg-11_amd64.deb ...
Unpacking libqt4-dbus:amd64 (4:4.8.7+dfsg-11) ...
Selecting previously unselected package libqt4-network:amd64.
Preparing to unpack .../116-libqt4-network_4%3a4.8.7+dfsg-11_amd64.deb ...
Unpacking libqt4-network:amd64 (4:4.8.7+dfsg-11) ...
Selecting previously unselected package libqt4-script:amd64.
Preparing to unpack .../117-libqt4-script_4%3a4.8.7+dfsg-11_amd64.deb ...
Unpacking libqt4-script:amd64 (4:4.8.7+dfsg-11) ...
Selecting previously unselected package libqt4-sql:amd64.
Preparing to unpack .../118-libqt4-sql_4%3a4.8.7+dfsg-11_amd64.deb ...
Unpacking libqt4-sql:amd64 (4:4.8.7+dfsg-11) ...
Selecting previously unselected package libqt4-xmlpatterns:amd64.
Preparing to unpack .../119-libqt4-xmlpatterns_4%3a4.8.7+dfsg-11_amd64.deb ...
Unpacking libqt4-xmlpatterns:amd64 (4:4.8.7+dfsg-11) ...
Selecting previously unselected package libqtgui4:amd64.
Preparing to unpack .../120-libqtgui4_4%3a4.8.7+dfsg-11_amd64.deb ...
Unpacking libqtgui4:amd64 (4:4.8.7+dfsg-11) ...
Selecting previously unselected package libqt4-declarative:amd64.
Preparing to unpack .../121-libqt4-declarative_4%3a4.8.7+dfsg-11_amd64.deb ...
Unpacking libqt4-declarative:amd64 (4:4.8.7+dfsg-11) ...
Selecting previously unselected package libqt4-designer:amd64.
Preparing to unpack .../122-libqt4-designer_4%3a4.8.7+dfsg-11_amd64.deb ...
Unpacking libqt4-designer:amd64 (4:4.8.7+dfsg-11) ...
Selecting previously unselected package libqt4-help:amd64.
Preparing to unpack .../123-libqt4-help_4%3a4.8.7+dfsg-11_amd64.deb ...
Unpacking libqt4-help:amd64 (4:4.8.7+dfsg-11) ...
Selecting previously unselected package libqt4-scripttools:amd64.
Preparing to unpack .../124-libqt4-scripttools_4%3a4.8.7+dfsg-11_amd64.deb ...
Unpacking libqt4-scripttools:amd64 (4:4.8.7+dfsg-11) ...
Selecting previously unselected package libqt4-svg:amd64.
Preparing to unpack .../125-libqt4-svg_4%3a4.8.7+dfsg-11_amd64.deb ...
Unpacking libqt4-svg:amd64 (4:4.8.7+dfsg-11) ...
Selecting previously unselected package libqt4-test:amd64.
Preparing to unpack .../126-libqt4-test_4%3a4.8.7+dfsg-11_amd64.deb ...
Unpacking libqt4-test:amd64 (4:4.8.7+dfsg-11) ...
Selecting previously unselected package libqtassistantclient4:amd64.
Preparing to unpack .../127-libqtassistantclient4_4.6.3-7+b1_amd64.deb ...
Unpacking libqtassistantclient4:amd64 (4.6.3-7+b1) ...
Selecting previously unselected package libxslt1.1:amd64.
Preparing to unpack .../128-libxslt1.1_1.1.29-2_amd64.deb ...
Unpacking libxslt1.1:amd64 (1.1.29-2) ...
Selecting previously unselected package python-all.
Preparing to unpack .../129-python-all_2.7.13-2_amd64.deb ...
Unpacking python-all (2.7.13-2) ...
Selecting previously unselected package python2.7-dev.
Preparing to unpack .../130-python2.7-dev_2.7.13-2_amd64.deb ...
Unpacking python2.7-dev (2.7.13-2) ...
Selecting previously unselected package python-dev.
Preparing to unpack .../131-python-dev_2.7.13-2_amd64.deb ...
Unpacking python-dev (2.7.13-2) ...
Selecting previously unselected package python-all-dev.
Preparing to unpack .../132-python-all-dev_2.7.13-2_amd64.deb ...
Unpacking python-all-dev (2.7.13-2) ...
Selecting previously unselected package python-cycler.
Preparing to unpack .../133-python-cycler_0.10.0-1_all.deb ...
Unpacking python-cycler (0.10.0-1) ...
Selecting previously unselected package python-dateutil.
Preparing to unpack .../134-python-dateutil_2.5.3-2_all.deb ...
Unpacking python-dateutil (2.5.3-2) ...
Selecting previously unselected package python-decorator.
Preparing to unpack .../135-python-decorator_4.0.11-1_all.deb ...
Unpacking python-decorator (4.0.11-1) ...
Selecting previously unselected package python-numpy.
Preparing to unpack .../136-python-numpy_1%3a1.12.0-2_amd64.deb ...
Unpacking python-numpy (1:1.12.0-2) ...
Selecting previously unselected package python-fabio.
Preparing to unpack .../137-python-fabio_0.4.0+dfsg-2_amd64.deb ...
Unpacking python-fabio (0.4.0+dfsg-2) ...
Selecting previously unselected package python-functools32.
Preparing to unpack .../138-python-functools32_3.2.3.2-3_all.deb ...
Unpacking python-functools32 (3.2.3.2-3) ...
Selecting previously unselected package python-h5py.
Preparing to unpack .../139-python-h5py_2.7.0~rc3-1_amd64.deb ...
Unpacking python-h5py (2.7.0~rc3-1) ...
Selecting previously unselected package python-lxml.
Preparing to unpack .../140-python-lxml_3.7.3-1_amd64.deb ...
Unpacking python-lxml (3.7.3-1) ...
Selecting previously unselected package python-matplotlib-data.
Preparing to unpack .../141-python-matplotlib-data_2.0.0+dfsg1-2_all.deb ...
Unpacking python-matplotlib-data (2.0.0+dfsg1-2) ...
Selecting previously unselected package python-pyparsing.
Preparing to unpack .../142-python-pyparsing_2.1.10+dfsg1-1_all.deb ...
Unpacking python-pyparsing (2.1.10+dfsg1-1) ...
Selecting previously unselected package python-subprocess32.
Preparing to unpack .../143-python-subprocess32_3.2.7-2_amd64.deb ...
Unpacking python-subprocess32 (3.2.7-2) ...
Selecting previously unselected package python-matplotlib.
Preparing to unpack .../144-python-matplotlib_2.0.0+dfsg1-2_amd64.deb ...
Unpacking python-matplotlib (2.0.0+dfsg1-2) ...
Selecting previously unselected package python-sip.
Preparing to unpack .../145-python-sip_4.18.1+dfsg-1_amd64.deb ...
Unpacking python-sip (4.18.1+dfsg-1) ...
Selecting previously unselected package python-qt4.
Preparing to unpack .../146-python-qt4_4.11.4+dfsg-2_amd64.deb ...
Unpacking python-qt4 (4.11.4+dfsg-2) ...
Selecting previously unselected package python-setuptools.
Preparing to unpack .../147-python-setuptools_33.1.1-1_all.deb ...
Unpacking python-setuptools (33.1.1-1) ...
Selecting previously unselected package python-tk.
Preparing to unpack .../148-python-tk_2.7.13-1_amd64.deb ...
Unpacking python-tk (2.7.13-1) ...
Selecting previously unselected package python3-all.
Preparing to unpack .../149-python3-all_3.5.3-1_amd64.deb ...
Unpacking python3-all (3.5.3-1) ...
Selecting previously unselected package python3.5-dev.
Preparing to unpack .../150-python3.5-dev_3.5.3-1_amd64.deb ...
Unpacking python3.5-dev (3.5.3-1) ...
Selecting previously unselected package python3-dev.
Preparing to unpack .../151-python3-dev_3.5.3-1_amd64.deb ...
Unpacking python3-dev (3.5.3-1) ...
Selecting previously unselected package python3-all-dev.
Preparing to unpack .../152-python3-all-dev_3.5.3-1_amd64.deb ...
Unpacking python3-all-dev (3.5.3-1) ...
Selecting previously unselected package python3-cycler.
Preparing to unpack .../153-python3-cycler_0.10.0-1_all.deb ...
Unpacking python3-cycler (0.10.0-1) ...
Selecting previously unselected package python3-dateutil.
Preparing to unpack .../154-python3-dateutil_2.5.3-2_all.deb ...
Unpacking python3-dateutil (2.5.3-2) ...
Selecting previously unselected package python3-decorator.
Preparing to unpack .../155-python3-decorator_4.0.11-1_all.deb ...
Unpacking python3-decorator (4.0.11-1) ...
Selecting previously unselected package python3-lxml.
Preparing to unpack .../156-python3-lxml_3.7.3-1_amd64.deb ...
Unpacking python3-lxml (3.7.3-1) ...
Selecting previously unselected package python3-pyparsing.
Preparing to unpack .../157-python3-pyparsing_2.1.10+dfsg1-1_all.deb ...
Unpacking python3-pyparsing (2.1.10+dfsg1-1) ...
Selecting previously unselected package python3-numpy.
Preparing to unpack .../158-python3-numpy_1%3a1.12.0-2_amd64.deb ...
Unpacking python3-numpy (1:1.12.0-2) ...
Selecting previously unselected package python3-matplotlib.
Preparing to unpack .../159-python3-matplotlib_2.0.0+dfsg1-2_amd64.deb ...
Unpacking python3-matplotlib (2.0.0+dfsg1-2) ...
Selecting previously unselected package python3-sip.
Preparing to unpack .../160-python3-sip_4.18.1+dfsg-1_amd64.deb ...
Unpacking python3-sip (4.18.1+dfsg-1) ...
Selecting previously unselected package python3-pyqt4.
Preparing to unpack .../161-python3-pyqt4_4.11.4+dfsg-2_amd64.deb ...
Unpacking python3-pyqt4 (4.11.4+dfsg-2) ...
Selecting previously unselected package python3-setuptools.
Preparing to unpack .../162-python3-setuptools_33.1.1-1_all.deb ...
Unpacking python3-setuptools (33.1.1-1) ...
Selecting previously unselected package python3-tk:amd64.
Preparing to unpack .../163-python3-tk_3.5.3-1_amd64.deb ...
Unpacking python3-tk:amd64 (3.5.3-1) ...
Selecting previously unselected package cython-dbg.
Preparing to unpack .../164-cython-dbg_0.25.2-1_amd64.deb ...
Unpacking cython-dbg (0.25.2-1) ...
Selecting previously unselected package cython3-dbg.
Preparing to unpack .../165-cython3-dbg_0.25.2-1_amd64.deb ...
Unpacking cython3-dbg (0.25.2-1) ...
Selecting previously unselected package libjs-mathjax.
Preparing to unpack .../166-libjs-mathjax_2.7.0-1_all.deb ...
Unpacking libjs-mathjax (2.7.0-1) ...
Selecting previously unselected package libpython2.7-dbg:amd64.
Preparing to unpack .../167-libpython2.7-dbg_2.7.13-2_amd64.deb ...
Unpacking libpython2.7-dbg:amd64 (2.7.13-2) ...
Selecting previously unselected package libpython-dbg:amd64.
Preparing to unpack .../168-libpython-dbg_2.7.13-2_amd64.deb ...
Unpacking libpython-dbg:amd64 (2.7.13-2) ...
Selecting previously unselected package libpython-all-dbg:amd64.
Preparing to unpack .../169-libpython-all-dbg_2.7.13-2_amd64.deb ...
Unpacking libpython-all-dbg:amd64 (2.7.13-2) ...
Selecting previously unselected package libpython3.5-dbg:amd64.
Preparing to unpack .../170-libpython3.5-dbg_3.5.3-1_amd64.deb ...
Unpacking libpython3.5-dbg:amd64 (3.5.3-1) ...
Selecting previously unselected package libpython3-dbg:amd64.
Preparing to unpack .../171-libpython3-dbg_3.5.3-1_amd64.deb ...
Unpacking libpython3-dbg:amd64 (3.5.3-1) ...
Selecting previously unselected package libpython3-all-dbg:amd64.
Preparing to unpack .../172-libpython3-all-dbg_3.5.3-1_amd64.deb ...
Unpacking libpython3-all-dbg:amd64 (3.5.3-1) ...
Selecting previously unselected package python2.7-dbg.
Preparing to unpack .../173-python2.7-dbg_2.7.13-2_amd64.deb ...
Unpacking python2.7-dbg (2.7.13-2) ...
Selecting previously unselected package python-dbg.
Preparing to unpack .../174-python-dbg_2.7.13-2_amd64.deb ...
Unpacking python-dbg (2.7.13-2) ...
Selecting previously unselected package python-all-dbg.
Preparing to unpack .../175-python-all-dbg_2.7.13-2_amd64.deb ...
Unpacking python-all-dbg (2.7.13-2) ...
Selecting previously unselected package python-fabio-dbg.
Preparing to unpack .../176-python-fabio-dbg_0.4.0+dfsg-2_amd64.deb ...
Unpacking python-fabio-dbg (0.4.0+dfsg-2) ...
Selecting previously unselected package python-lxml-dbg.
Preparing to unpack .../177-python-lxml-dbg_3.7.3-1_amd64.deb ...
Unpacking python-lxml-dbg (3.7.3-1) ...
Selecting previously unselected package python-matplotlib-dbg.
Preparing to unpack .../178-python-matplotlib-dbg_2.0.0+dfsg1-2_amd64.deb ...
Unpacking python-matplotlib-dbg (2.0.0+dfsg1-2) ...
Selecting previously unselected package python-numpy-dbg.
Preparing to unpack .../179-python-numpy-dbg_1%3a1.12.0-2_amd64.deb ...
Unpacking python-numpy-dbg (1:1.12.0-2) ...
Selecting previously unselected package python-sip-dbg.
Preparing to unpack .../180-python-sip-dbg_4.18.1+dfsg-1_amd64.deb ...
Unpacking python-sip-dbg (4.18.1+dfsg-1) ...
Selecting previously unselected package python-qt4-dbg.
Preparing to unpack .../181-python-qt4-dbg_4.11.4+dfsg-2_amd64.deb ...
Unpacking python-qt4-dbg (4.11.4+dfsg-2) ...
Selecting previously unselected package python-scipy.
Preparing to unpack .../182-python-scipy_0.18.1-2_amd64.deb ...
Unpacking python-scipy (0.18.1-2) ...
Selecting previously unselected package python-scipy-dbg.
Preparing to unpack .../183-python-scipy-dbg_0.18.1-2_amd64.deb ...
Unpacking python-scipy-dbg (0.18.1-2) ...
Selecting previously unselected package python-tk-dbg.
Preparing to unpack .../184-python-tk-dbg_2.7.13-1_amd64.deb ...
Unpacking python-tk-dbg (2.7.13-1) ...
Selecting previously unselected package python3.5-dbg.
Preparing to unpack .../185-python3.5-dbg_3.5.3-1_amd64.deb ...
Unpacking python3.5-dbg (3.5.3-1) ...
Selecting previously unselected package python3-dbg.
Preparing to unpack .../186-python3-dbg_3.5.3-1_amd64.deb ...
Unpacking python3-dbg (3.5.3-1) ...
Selecting previously unselected package python3-all-dbg.
Preparing to unpack .../187-python3-all-dbg_3.5.3-1_amd64.deb ...
Unpacking python3-all-dbg (3.5.3-1) ...
Selecting previously unselected package python3-fabio.
Preparing to unpack .../188-python3-fabio_0.4.0+dfsg-2_amd64.deb ...
Unpacking python3-fabio (0.4.0+dfsg-2) ...
Selecting previously unselected package python3-fabio-dbg.
Preparing to unpack .../189-python3-fabio-dbg_0.4.0+dfsg-2_amd64.deb ...
Unpacking python3-fabio-dbg (0.4.0+dfsg-2) ...
Selecting previously unselected package python3-lxml-dbg.
Preparing to unpack .../190-python3-lxml-dbg_3.7.3-1_amd64.deb ...
Unpacking python3-lxml-dbg (3.7.3-1) ...
Selecting previously unselected package python3-matplotlib-dbg.
Preparing to unpack .../191-python3-matplotlib-dbg_2.0.0+dfsg1-2_amd64.deb ...
Unpacking python3-matplotlib-dbg (2.0.0+dfsg1-2) ...
Selecting previously unselected package python3-numpy-dbg.
Preparing to unpack .../192-python3-numpy-dbg_1%3a1.12.0-2_amd64.deb ...
Unpacking python3-numpy-dbg (1:1.12.0-2) ...
Selecting previously unselected package python3-sip-dbg.
Preparing to unpack .../193-python3-sip-dbg_4.18.1+dfsg-1_amd64.deb ...
Unpacking python3-sip-dbg (4.18.1+dfsg-1) ...
Selecting previously unselected package python3-pyqt4-dbg.
Preparing to unpack .../194-python3-pyqt4-dbg_4.11.4+dfsg-2_amd64.deb ...
Unpacking python3-pyqt4-dbg (4.11.4+dfsg-2) ...
Selecting previously unselected package python3-scipy.
Preparing to unpack .../195-python3-scipy_0.18.1-2_amd64.deb ...
Unpacking python3-scipy (0.18.1-2) ...
Selecting previously unselected package python3-scipy-dbg.
Preparing to unpack .../196-python3-scipy-dbg_0.18.1-2_amd64.deb ...
Unpacking python3-scipy-dbg (0.18.1-2) ...
Selecting previously unselected package python3-tk-dbg:amd64.
Preparing to unpack .../197-python3-tk-dbg_3.5.3-1_amd64.deb ...
Unpacking python3-tk-dbg:amd64 (3.5.3-1) ...
Selecting previously unselected package sbuild-build-depends-pyfai-dummy.
Preparing to unpack .../198-sbuild-build-depends-pyfai-dummy_0.invalid.0_amd64.deb ...
Unpacking sbuild-build-depends-pyfai-dummy (0.invalid.0) ...
Setting up libjs-jquery (3.1.1-2) ...
Setting up readline-common (7.0-2) ...
Setting up libnettle6:amd64 (3.3-1+b1) ...
Setting up fonts-mathjax (2.7.0-1) ...
Setting up libaec0:amd64 (0.3.2-1) ...
Setting up libgtk2.0-common (2.24.31-2) ...
Setting up libjpeg62-turbo:amd64 (1:1.5.1-2) ...
Setting up libarchive-zip-perl (1.59-1) ...
Setting up libjs-underscore (1.8.3~dfsg-1) ...
Setting up mime-support (3.60) ...
Setting up libjs-mathjax (2.7.0-1) ...
Setting up libpng16-16:amd64 (1.6.28-1) ...
Setting up libtimedate-perl (2.3000-2) ...
Setting up liblcms2-2:amd64 (2.8-4) ...
Setting up libjbig0:amd64 (2.1-3.1+b2) ...
Setting up libsigsegv2:amd64 (2.10-5) ...
Setting up libreadline7:amd64 (7.0-2) ...
Setting up libblas-common (3.7.0-1) ...
Setting up tzdata (2016j-2) ...

Current default time zone: 'Etc/UTC'
Local time is now:      Wed Mar  1 04:47:58 UTC 2017.
Universal Time is now:  Wed Mar  1 04:47:58 UTC 2017.
Run 'dpkg-reconfigure tzdata' if you wish to change it.

Setting up qtcore4-l10n (4:4.8.7+dfsg-11) ...
Setting up libgfortran3:amd64 (6.3.0-8) ...
Setting up groff-base (1.22.3-9) ...
Setting up libglib2.0-0:amd64 (2.50.3-1) ...
No schema files found: doing nothing.
Setting up qtchooser (63-g13a3d08-1) ...
Setting up libjs-sphinxdoc (1.4.9-2) ...
Setting up libgdk-pixbuf2.0-common (2.36.5-2) ...
Setting up libdatrie1:amd64 (0.2.10-4+b1) ...
Setting up libtiff5:amd64 (4.0.7-5) ...
Setting up gettext-base (0.19.8.1-2) ...
Setting up libpipeline1:amd64 (1.4.1-2) ...
Setting up m4 (1.4.18-1) ...
Setting up sgml-base (1.29) ...
Setting up libicu57:amd64 (57.1-5) ...
Setting up ucf (3.0036) ...
Setting up libxml2:amd64 (2.9.4+dfsg1-2.2) ...
Setting up libfreetype6:amd64 (2.6.3-3+b2) ...
Setting up libtasn1-6:amd64 (4.10-1) ...
Setting up libmagic-mgc (1:5.29-3) ...
Setting up libmagic1:amd64 (1:5.29-3) ...
Setting up libhogweed4:amd64 (3.3-1+b1) ...
Setting up lsb-base (9.20161125) ...
Setting up libgraphite2-3:amd64 (1.3.9-4) ...
Setting up libcroco3:amd64 (0.6.11-2) ...
Setting up libxslt1.1:amd64 (1.1.29-2) ...
Setting up libatk1.0-data (2.22.0-1) ...
Setting up libpixman-1-0:amd64 (0.34.0-1) ...
Setting up libblas3 (3.7.0-1) ...
update-alternatives: using /usr/lib/libblas/libblas.so.3 to provide /usr/lib/libblas.so.3 (libblas.so.3) in auto mode
Processing triggers for libc-bin (2.24-9) ...
Setting up libqtcore4:amd64 (4:4.8.7+dfsg-11) ...
Setting up autotools-dev (20161112.1) ...
Setting up libunistring0:amd64 (0.9.6+really0.9.3-0.1) ...
Setting up libatk1.0-0:amd64 (2.22.0-1) ...
Setting up libp11-kit0:amd64 (0.23.3-5) ...
Setting up python-babel-localedata (2.3.4+dfsg.1-2) ...
Setting up libjs-jquery-ui (1.12.1+dfsg-4) ...
Setting up sphinx-common (1.4.9-2) ...
Setting up libsqlite3-0:amd64 (3.16.2-3) ...
Setting up libexpat1-dev:amd64 (2.2.0-2) ...
Setting up ttf-bitstream-vera (1.10-8) ...
Setting up shared-mime-info (1.8-1) ...
Setting up libtcl8.6:amd64 (8.6.6+dfsg-1+b1) ...
Setting up libthai-data (0.1.26-1) ...
Setting up libxdmcp6:amd64 (1:1.1.2-1.1) ...
Setting up xml-core (0.17) ...
Setting up libkeyutils1:amd64 (1.5.9-9) ...
Setting up bsdmainutils (9.0.12) ...
update-alternatives: using /usr/bin/bsd-write to provide /usr/bin/write (write) in auto mode
update-alternatives: using /usr/bin/bsd-from to provide /usr/bin/from (from) in auto mode
Setting up x11-common (1:7.7+18) ...
update-rc.d: warning: start and stop actions are no longer supported; falling back to defaults
invoke-rc.d: could not determine current runlevel
All runlevel operations denied by policy
invoke-rc.d: policy-rc.d denied execution of start.
Setting up libqt4-test:amd64 (4:4.8.7+dfsg-11) ...
Setting up hicolor-icon-theme (0.15-1) ...
Setting up libx11-data (2:1.6.4-3) ...
Setting up libpython2.7-stdlib:amd64 (2.7.13-2) ...
Setting up libqt4-xml:amd64 (4:4.8.7+dfsg-11) ...
Setting up libxau6:amd64 (1:1.0.8-1) ...
Setting up autopoint (0.19.8.1-2) ...
Setting up libidn11:amd64 (1.33-1) ...
Setting up libmpdec2:amd64 (2.4.2-1) ...
Setting up libdbus-1-3:amd64 (1.10.16-1) ...
Setting up libavahi-common-data:amd64 (0.6.32-2) ...
Setting up fonts-lyx (2.2.2-1) ...
Setting up libsz2:amd64 (0.3.2-1) ...
Setting up libfile-stripnondeterminism-perl (0.031-1) ...
Setting up fontconfig-config (2.11.0-6.7) ...
Setting up libhdf5-100:amd64 (1.10.0-patch1+docs-3) ...
Setting up libmng1:amd64 (1.0.10+dfsg-3.1+b3) ...
Setting up python-matplotlib-data (2.0.0+dfsg1-2) ...
Setting up gettext (0.19.8.1-2) ...
Setting up liblapack3 (3.7.0-1) ...
update-alternatives: using /usr/lib/lapack/liblapack.so.3 to provide /usr/lib/liblapack.so.3 (liblapack.so.3) in auto mode
Setting up libpython3.5-stdlib:amd64 (3.5.3-1) ...
Setting up libgnutls30:amd64 (3.5.8-3) ...
Setting up python2.7 (2.7.13-2) ...
Setting up libharfbuzz0b:amd64 (1.4.2-1) ...
Setting up libpython2.7-dbg:amd64 (2.7.13-2) ...
Setting up autoconf (2.69-10) ...
Setting up libthai0:amd64 (0.1.26-1) ...
Setting up libqt4-sql:amd64 (4:4.8.7+dfsg-11) ...
Setting up file (1:5.29-3) ...
Setting up libkrb5support0:amd64 (1.15-1) ...
Setting up libpython-stdlib:amd64 (2.7.13-2) ...
Setting up intltool-debian (0.35.0+20060710.4) ...
Setting up libpython3.5-dbg:amd64 (3.5.3-1) ...
Setting up python2.7-dbg (2.7.13-2) ...
Setting up libpython2.7:amd64 (2.7.13-2) ...
Setting up automake (1:1.15-6) ...
update-alternatives: using /usr/bin/automake-1.15 to provide /usr/bin/automake (automake) in auto mode
Setting up libice6:amd64 (2:1.0.9-1+b1) ...
Setting up man-db (2.7.6.1-2) ...
Not building database; man-db/auto-update is not 'true'.
Setting up libpython-dbg:amd64 (2.7.13-2) ...
Setting up libpython2.7-dev:amd64 (2.7.13-2) ...
Setting up libavahi-common3:amd64 (0.6.32-2) ...
Setting up python2.7-dev (2.7.13-2) ...
Setting up libqtdbus4:amd64 (4:4.8.7+dfsg-11) ...
Setting up libxcb1:amd64 (1.12-1) ...
Setting up libpython-all-dbg:amd64 (2.7.13-2) ...
Setting up python (2.7.13-2) ...
Setting up python-sip (4.18.1+dfsg-1) ...
Setting up python-pyparsing (2.1.10+dfsg1-1) ...
Setting up libtool (2.4.6-2) ...
Setting up python3.5 (3.5.3-1) ...
Setting up libpython3-stdlib:amd64 (3.5.3-1) ...
Setting up libpython-dev:amd64 (2.7.13-2) ...
Setting up libfontconfig1:amd64 (2.11.0-6.7+b1) ...
Setting up libsm6:amd64 (2:1.2.2-1+b1) ...
Setting up libk5crypto3:amd64 (1.15-1) ...
Setting up python-functools32 (3.2.3.2-3) ...
Setting up libxcb-render0:amd64 (1.12-1) ...
Setting up po-debconf (1.0.20) ...
Setting up libqt4-script:amd64 (4:4.8.7+dfsg-11) ...
Setting up libpython3.5:amd64 (3.5.3-1) ...
Setting up python-dev (2.7.13-2) ...
Setting up python-tz (2016.7-0.2) ...
Setting up libx11-6:amd64 (2:1.6.4-3) ...
Setting up libpython-all-dev:amd64 (2.7.13-2) ...
Setting up python-imagesize (0.7.1-1) ...
Setting up python-alabaster (0.7.8-1) ...
Setting up libpython3-dbg:amd64 (3.5.3-1) ...
Setting up python-pkg-resources (33.1.1-1) ...
Setting up python-roman (2.0.0-2) ...
Setting up libpython3.5-dev:amd64 (3.5.3-1) ...
Setting up python-markupsafe (0.23-3) ...
Setting up python-numpy (1:1.12.0-2) ...
Setting up cython (0.25.2-1) ...
Setting up libpython3-all-dbg:amd64 (3.5.3-1) ...
Setting up qdbus (4:4.8.7+dfsg-11) ...
Setting up python-six (1.10.0-4) ...
Setting up python-pygments (2.2.0+dfsg-1) ...
Setting up python3.5-dbg (3.5.3-1) ...
Setting up python-lxml (3.7.3-1) ...
Setting up python-dbg (2.7.13-2) ...
Setting up libxcomposite1:amd64 (1:0.4.4-2) ...
Setting up libxcb-shm0:amd64 (1.12-1) ...
Setting up libxt6:amd64 (1:1.1.5-1) ...
Setting up libxrender1:amd64 (1:0.9.10-1) ...
Setting up python-lxml-dbg (3.7.3-1) ...
Setting up libavahi-client3:amd64 (0.6.32-2) ...
Setting up libkrb5-3:amd64 (1.15-1) ...
Setting up python-decorator (4.0.11-1) ...
Setting up python-subprocess32 (3.2.7-2) ...
Setting up libxft2:amd64 (2.3.2-1) ...
Setting up libqt4-dbus:amd64 (4:4.8.7+dfsg-11) ...
Setting up python3.5-dev (3.5.3-1) ...
Setting up python-all (2.7.13-2) ...
Setting up libqt4-network:amd64 (4:4.8.7+dfsg-11) ...
Setting up libaudio2:amd64 (1.9.4-5+b1) ...
Setting up fontconfig (2.11.0-6.7+b1) ...
Regenerating fonts cache... done.
Setting up libpython3-dev:amd64 (3.5.3-1) ...
Setting up python-setuptools (33.1.1-1) ...
Setting up python-h5py (2.7.0~rc3-1) ...
Setting up libxext6:amd64 (2:1.3.3-1) ...
Setting up libxfixes3:amd64 (1:5.0.3-1) ...
Setting up python-scipy (0.18.1-2) ...
Setting up python-numpy-dbg (1:1.12.0-2) ...
Setting up python-jinja2 (2.9.5-1) ...
Setting up python-fabio (0.4.0+dfsg-2) ...
Setting up python-babel (2.3.4+dfsg.1-2) ...
update-alternatives: using /usr/bin/pybabel-python2 to provide /usr/bin/pybabel (pybabel) in auto mode
Setting up libxss1:amd64 (1:1.2.2-1) ...
Setting up python-sip-dbg (4.18.1+dfsg-1) ...
Setting up libgdk-pixbuf2.0-0:amd64 (2.36.5-2) ...
Setting up cython-dbg (0.25.2-1) ...
Setting up python-fabio-dbg (0.4.0+dfsg-2) ...
Setting up libqt4-xmlpatterns:amd64 (4:4.8.7+dfsg-11) ...
Setting up libqtassistantclient4:amd64 (4.6.3-7+b1) ...
Setting up python-cycler (0.10.0-1) ...
Setting up python-all-dbg (2.7.13-2) ...
Setting up libgssapi-krb5-2:amd64 (1.15-1) ...
Setting up python-dateutil (2.5.3-2) ...
Setting up gtk-update-icon-cache (3.22.8-1) ...
Setting up libxcursor1:amd64 (1:1.1.14-1+b1) ...
Setting up python-all-dev (2.7.13-2) ...
Setting up libpython3-all-dev:amd64 (3.5.3-1) ...
Setting up libpango-1.0-0:amd64 (1.40.3-3) ...
Setting up libxrandr2:amd64 (2:1.5.1-1) ...
Setting up libcups2:amd64 (2.2.1-8) ...
Setting up python-scipy-dbg (0.18.1-2) ...
Setting up libxi6:amd64 (2:1.7.9-1) ...
Setting up libcairo2:amd64 (1.14.8-1) ...
Setting up libxinerama1:amd64 (2:1.1.3-1+b1) ...
Setting up libqtgui4:amd64 (4:4.8.7+dfsg-11) ...
Setting up libxdamage1:amd64 (1:1.1.4-2+b1) ...
Setting up libqt4-designer:amd64 (4:4.8.7+dfsg-11) ...
Setting up libtk8.6:amd64 (8.6.6-1+b1) ...
Setting up libqt4-help:amd64 (4:4.8.7+dfsg-11) ...
Setting up libpangoft2-1.0-0:amd64 (1.40.3-3) ...
Setting up tk8.6-blt2.5 (2.5.3+dfsg-3) ...
Setting up libqt4-svg:amd64 (4:4.8.7+dfsg-11) ...
Setting up blt (2.5.3+dfsg-3) ...
Setting up libqt4-scripttools:amd64 (4:4.8.7+dfsg-11) ...
Setting up libqt4-declarative:amd64 (4:4.8.7+dfsg-11) ...
Setting up libpangocairo-1.0-0:amd64 (1.40.3-3) ...
Setting up python-tk (2.7.13-1) ...
Setting up python-qt4 (4.11.4+dfsg-2) ...
Setting up librsvg2-2:amd64 (2.40.16-1+b1) ...
Setting up python-qt4-dbg (4.11.4+dfsg-2) ...
Setting up librsvg2-common:amd64 (2.40.16-1+b1) ...
Setting up python-tk-dbg (2.7.13-1) ...
Setting up gnome-icon-theme (3.12.0-2) ...
update-alternatives: using /usr/share/icons/gnome/scalable/places/debian-swirl.svg to provide /usr/share/icons/gnome/scalable/places/start-here.svg (start-here.svg) in auto mode
Setting up libgtk2.0-0:amd64 (2.24.31-2) ...
Setting up python-matplotlib (2.0.0+dfsg1-2) ...
Setting up python-matplotlib-dbg (2.0.0+dfsg1-2) ...
Processing triggers for sgml-base (1.29) ...
Setting up docutils-common (0.13.1+dfsg-2) ...
Processing triggers for sgml-base (1.29) ...
Setting up python-docutils (0.13.1+dfsg-2) ...
update-alternatives: using /usr/share/docutils/scripts/python2/rst-buildhtml to provide /usr/bin/rst-buildhtml (rst-buildhtml) in auto mode
update-alternatives: using /usr/share/docutils/scripts/python2/rst2html to provide /usr/bin/rst2html (rst2html) in auto mode
update-alternatives: using /usr/share/docutils/scripts/python2/rst2html4 to provide /usr/bin/rst2html4 (rst2html4) in auto mode
update-alternatives: using /usr/share/docutils/scripts/python2/rst2html5 to provide /usr/bin/rst2html5 (rst2html5) in auto mode
update-alternatives: using /usr/share/docutils/scripts/python2/rst2latex to provide /usr/bin/rst2latex (rst2latex) in auto mode
update-alternatives: using /usr/share/docutils/scripts/python2/rst2man to provide /usr/bin/rst2man (rst2man) in auto mode
update-alternatives: using /usr/share/docutils/scripts/python2/rst2odt to provide /usr/bin/rst2odt (rst2odt) in auto mode
update-alternatives: using /usr/share/docutils/scripts/python2/rst2odt_prepstyles to provide /usr/bin/rst2odt_prepstyles (rst2odt_prepstyles) in auto mode
update-alternatives: using /usr/share/docutils/scripts/python2/rst2pseudoxml to provide /usr/bin/rst2pseudoxml (rst2pseudoxml) in auto mode
update-alternatives: using /usr/share/docutils/scripts/python2/rst2s5 to provide /usr/bin/rst2s5 (rst2s5) in auto mode
update-alternatives: using /usr/share/docutils/scripts/python2/rst2xetex to provide /usr/bin/rst2xetex (rst2xetex) in auto mode
update-alternatives: using /usr/share/docutils/scripts/python2/rst2xml to provide /usr/bin/rst2xml (rst2xml) in auto mode
update-alternatives: using /usr/share/docutils/scripts/python2/rstpep2html to provide /usr/bin/rstpep2html (rstpep2html) in auto mode
Setting up python-sphinx (1.4.9-2) ...
Setting up python-sphinxcontrib.programoutput (0.8-5) ...
Setting up dh-autoreconf (13) ...
Setting up python3 (3.5.3-1) ...
Setting up python3-lxml (3.7.3-1) ...
Setting up python3-numpy (1:1.12.0-2) ...
Setting up python3-alabaster (0.7.8-1) ...
Setting up python3-six (1.10.0-4) ...
Setting up python3-pyparsing (2.1.10+dfsg1-1) ...
Setting up python3-cycler (0.10.0-1) ...
Setting up python3-dev (3.5.3-1) ...
Setting up python3-pkg-resources (33.1.1-1) ...
Setting up python3-markupsafe (0.23-3) ...
Setting up dh-strip-nondeterminism (0.031-1) ...
Setting up python3-fabio (0.4.0+dfsg-2) ...
Setting up python3-all (3.5.3-1) ...
Setting up python3-jinja2 (2.9.5-1) ...
Setting up python3-sip (4.18.1+dfsg-1) ...
Setting up python3-dbg (3.5.3-1) ...
Setting up cython3 (0.25.2-1) ...
Setting up python3-tk:amd64 (3.5.3-1) ...
Setting up python3-setuptools (33.1.1-1) ...
Setting up dh-python (2.20170125) ...
Setting up python3-decorator (4.0.11-1) ...
Setting up python3-tz (2016.7-0.2) ...
Setting up python3-dateutil (2.5.3-2) ...
Setting up python3-pygments (2.2.0+dfsg-1) ...
Setting up debhelper (10.2.5) ...
Setting up python3-roman (2.0.0-2) ...
Setting up python3-lxml-dbg (3.7.3-1) ...
Setting up python3-scipy (0.18.1-2) ...
Setting up python3-imagesize (0.7.1-1) ...
Setting up python3-fabio-dbg (0.4.0+dfsg-2) ...
Setting up python3-numpy-dbg (1:1.12.0-2) ...
Setting up cython3-dbg (0.25.2-1) ...
Setting up python3-all-dev (3.5.3-1) ...
Setting up python3-sip-dbg (4.18.1+dfsg-1) ...
Setting up python3-tk-dbg:amd64 (3.5.3-1) ...
Setting up python3-all-dbg (3.5.3-1) ...
Setting up python3-babel (2.3.4+dfsg.1-2) ...
Setting up python3-pyqt4 (4.11.4+dfsg-2) ...
Setting up python3-docutils (0.13.1+dfsg-2) ...
Setting up python3-matplotlib (2.0.0+dfsg1-2) ...
Setting up python3-scipy-dbg (0.18.1-2) ...
Setting up python3-pyqt4-dbg (4.11.4+dfsg-2) ...
Setting up python3-matplotlib-dbg (2.0.0+dfsg1-2) ...
Setting up python3-sphinx (1.4.9-2) ...
Setting up python3-sphinxcontrib.programoutput (0.8-5) ...
Setting up sbuild-build-depends-pyfai-dummy (0.invalid.0) ...
Processing triggers for libc-bin (2.24-9) ...
Processing triggers for libgdk-pixbuf2.0-0:amd64 (2.36.5-2) ...
W: No sandbox user '_apt' on the system, can not drop privileges

+------------------------------------------------------------------------------+
| Build environment                                                            |
+------------------------------------------------------------------------------+

Kernel: Linux 3.16.0-4-amd64 amd64 (x86_64)
Toolchain package versions: binutils_2.27.90.20170221-1 dpkg-dev_1.18.22 g++-6_6.3.0-8 gcc-6_6.3.0-8 libc6-dev_2.24-9 libstdc++-6-dev_6.3.0-8 libstdc++6_6.3.0-8 linux-libc-dev_4.9.13-1
Package versions: adduser_3.115 apt_1.4~rc2 autoconf_2.69-10 automake_1:1.15-6 autopoint_0.19.8.1-2 autotools-dev_20161112.1 base-files_9.8 base-passwd_3.5.43 bash_4.4-4 binutils_2.27.90.20170221-1 blt_2.5.3+dfsg-3 bsdmainutils_9.0.12 bsdutils_1:2.29.1-1 build-essential_12.3 bzip2_1.0.6-8.1 clang-4.0_1:4.0~+rc2-1 coreutils_8.26-3 cpp_4:6.3.0-1 cpp-6_6.3.0-8 cython_0.25.2-1 cython-dbg_0.25.2-1 cython3_0.25.2-1 cython3-dbg_0.25.2-1 dash_0.5.8-2.4 debconf_1.5.60 debfoster_2.7-2.1 debhelper_10.2.5 debian-archive-keyring_2014.3 debianutils_4.8.1 dh-autoreconf_13 dh-python_2.20170125 dh-strip-nondeterminism_0.031-1 diffutils_1:3.5-3 docutils-common_0.13.1+dfsg-2 dpkg_1.18.22 dpkg-dev_1.18.22 e2fslibs_1.43.4-2 e2fsprogs_1.43.4-2 eatmydata_105-5 fakeroot_1.21-3.1 file_1:5.29-3 findutils_4.6.0+git+20161106-2 fontconfig_2.11.0-6.7+b1 fontconfig-config_2.11.0-6.7 fonts-lyx_2.2.2-1 fonts-mathjax_2.7.0-1 g++_4:6.3.0-1 g++-6_6.3.0-8 gcc_4:6.3.0-1 gcc-6_6.3.0-8 gcc-6-base_6.3.0-8 gettext_0.19.8.1-2 gettext-base_0.19.8.1-2 gnome-icon-theme_3.12.0-2 gpgv_2.1.18-6 grep_2.27-2 groff-base_1.22.3-9 gtk-update-icon-cache_3.22.8-1 gzip_1.6-5 hicolor-icon-theme_0.15-1 hostname_3.18 init-system-helpers_1.47 intltool-debian_0.35.0+20060710.4 libacl1_2.2.52-3+b1 libaec0_0.3.2-1 libapt-pkg5.0_1.4~rc2 libarchive-zip-perl_1.59-1 libasan3_6.3.0-8 libatk1.0-0_2.22.0-1 libatk1.0-data_2.22.0-1 libatomic1_6.3.0-8 libattr1_1:2.4.47-2+b2 libaudio2_1.9.4-5+b1 libaudit-common_1:2.6.7-1 libaudit1_1:2.6.7-1 libavahi-client3_0.6.32-2 libavahi-common-data_0.6.32-2 libavahi-common3_0.6.32-2 libblas-common_3.7.0-1 libblas3_3.7.0-1 libblkid1_2.29.1-1 libbsd0_0.8.3-1 libbz2-1.0_1.0.6-8.1 libc-bin_2.24-9 libc-dev-bin_2.24-9 libc6_2.24-9 libc6-dev_2.24-9 libcairo2_1.14.8-1 libcap-ng0_0.7.7-3+b1 libcc1-0_6.3.0-8 libcilkrts5_6.3.0-8 libclang-common-4.0-dev_1:4.0~+rc2-1 libclang1-4.0_1:4.0~+rc2-1 libcomerr2_1.43.4-2 libcroco3_0.6.11-2 libcups2_2.2.1-8 libdatrie1_0.2.10-4+b1 libdb5.3_5.3.28-12+b1 libdbus-1-3_1.10.16-1 libdebconfclient0_0.224 libdpkg-perl_1.18.22 libeatmydata1_105-5 libedit2_3.1-20160903-3 libexpat1_2.2.0-2 libexpat1-dev_2.2.0-2 libfakeroot_1.21-3.1 libfdisk1_2.29.1-1 libffi6_3.2.1-6 libfile-stripnondeterminism-perl_0.031-1 libfontconfig1_2.11.0-6.7+b1 libfreetype6_2.6.3-3+b2 libgc1c2_1:7.4.2-8 libgcc-6-dev_6.3.0-8 libgcc1_1:6.3.0-8 libgcrypt20_1.7.6-1 libgdbm3_1.8.3-14 libgdk-pixbuf2.0-0_2.36.5-2 libgdk-pixbuf2.0-common_2.36.5-2 libgfortran3_6.3.0-8 libglib2.0-0_2.50.3-1 libgmp10_2:6.1.2+dfsg-1 libgnutls30_3.5.8-3 libgomp1_6.3.0-8 libgpg-error0_1.26-2 libgraphite2-3_1.3.9-4 libgssapi-krb5-2_1.15-1 libgtk2.0-0_2.24.31-2 libgtk2.0-common_2.24.31-2 libharfbuzz0b_1.4.2-1 libhdf5-100_1.10.0-patch1+docs-3 libhogweed4_3.3-1+b1 libice6_2:1.0.9-1+b1 libicu57_57.1-5 libidn11_1.33-1 libisl15_0.18-1 libitm1_6.3.0-8 libjbig0_2.1-3.1+b2 libjpeg62-turbo_1:1.5.1-2 libjs-jquery_3.1.1-2 libjs-jquery-ui_1.12.1+dfsg-4 libjs-mathjax_2.7.0-1 libjs-sphinxdoc_1.4.9-2 libjs-underscore_1.8.3~dfsg-1 libjsoncpp1_1.7.4-3 libk5crypto3_1.15-1 libkeyutils1_1.5.9-9 libkrb5-3_1.15-1 libkrb5support0_1.15-1 liblapack3_3.7.0-1 liblcms2-2_2.8-4 libllvm4.0_1:4.0~+rc2-1 liblsan0_6.3.0-8 liblz4-1_0.0~r131-2+b1 liblzma5_5.2.2-1.2+b1 libmagic-mgc_1:5.29-3 libmagic1_1:5.29-3 libmng1_1.0.10+dfsg-3.1+b3 libmount1_2.29.1-1 libmpc3_1.0.3-1 libmpdec2_2.4.2-1 libmpfr4_3.1.5-1 libmpx2_6.3.0-8 libncurses5_6.0+20161126-1 libncursesw5_6.0+20161126-1 libnettle6_3.3-1+b1 libobjc-6-dev_6.3.0-8 libobjc4_6.3.0-8 libp11-kit0_0.23.3-5 libpam-modules_1.1.8-3.5 libpam-modules-bin_1.1.8-3.5 libpam-runtime_1.1.8-3.5 libpam0g_1.1.8-3.5 libpango-1.0-0_1.40.3-3 libpangocairo-1.0-0_1.40.3-3 libpangoft2-1.0-0_1.40.3-3 libpcre3_2:8.39-2.1 libperl5.24_5.24.1-1 libpipeline1_1.4.1-2 libpixman-1-0_0.34.0-1 libpng16-16_1.6.28-1 libpython-all-dbg_2.7.13-2 libpython-all-dev_2.7.13-2 libpython-dbg_2.7.13-2 libpython-dev_2.7.13-2 libpython-stdlib_2.7.13-2 libpython2.7_2.7.13-2 libpython2.7-dbg_2.7.13-2 libpython2.7-dev_2.7.13-2 libpython2.7-minimal_2.7.13-2 libpython2.7-stdlib_2.7.13-2 libpython3-all-dbg_3.5.3-1 libpython3-all-dev_3.5.3-1 libpython3-dbg_3.5.3-1 libpython3-dev_3.5.3-1 libpython3-stdlib_3.5.3-1 libpython3.5_3.5.3-1 libpython3.5-dbg_3.5.3-1 libpython3.5-dev_3.5.3-1 libpython3.5-minimal_3.5.3-1 libpython3.5-stdlib_3.5.3-1 libqt4-dbus_4:4.8.7+dfsg-11 libqt4-declarative_4:4.8.7+dfsg-11 libqt4-designer_4:4.8.7+dfsg-11 libqt4-help_4:4.8.7+dfsg-11 libqt4-network_4:4.8.7+dfsg-11 libqt4-script_4:4.8.7+dfsg-11 libqt4-scripttools_4:4.8.7+dfsg-11 libqt4-sql_4:4.8.7+dfsg-11 libqt4-svg_4:4.8.7+dfsg-11 libqt4-test_4:4.8.7+dfsg-11 libqt4-xml_4:4.8.7+dfsg-11 libqt4-xmlpatterns_4:4.8.7+dfsg-11 libqtassistantclient4_4.6.3-7+b1 libqtcore4_4:4.8.7+dfsg-11 libqtdbus4_4:4.8.7+dfsg-11 libqtgui4_4:4.8.7+dfsg-11 libquadmath0_6.3.0-8 libreadline7_7.0-2 librsvg2-2_2.40.16-1+b1 librsvg2-common_2.40.16-1+b1 libselinux1_2.6-3 libsemanage-common_2.6-2 libsemanage1_2.6-2 libsepol1_2.6-2 libsigsegv2_2.10-5 libsm6_2:1.2.2-1+b1 libsmartcols1_2.29.1-1 libsqlite3-0_3.16.2-3 libss2_1.43.4-2 libssl1.1_1.1.0e-1 libstdc++-6-dev_6.3.0-8 libstdc++6_6.3.0-8 libsystemd0_232-18 libsz2_0.3.2-1 libtasn1-6_4.10-1 libtcl8.6_8.6.6+dfsg-1+b1 libthai-data_0.1.26-1 libthai0_0.1.26-1 libtiff5_4.0.7-5 libtimedate-perl_2.3000-2 libtinfo5_6.0+20161126-1 libtk8.6_8.6.6-1+b1 libtool_2.4.6-2 libtsan0_6.3.0-8 libubsan0_6.3.0-8 libudev1_232-18 libunistring0_0.9.6+really0.9.3-0.1 libustr-1.0-1_1.0.4-6 libuuid1_2.29.1-1 libx11-6_2:1.6.4-3 libx11-data_2:1.6.4-3 libxau6_1:1.0.8-1 libxcb-render0_1.12-1 libxcb-shm0_1.12-1 libxcb1_1.12-1 libxcomposite1_1:0.4.4-2 libxcursor1_1:1.1.14-1+b1 libxdamage1_1:1.1.4-2+b1 libxdmcp6_1:1.1.2-1.1 libxext6_2:1.3.3-1 libxfixes3_1:5.0.3-1 libxft2_2.3.2-1 libxi6_2:1.7.9-1 libxinerama1_2:1.1.3-1+b1 libxml2_2.9.4+dfsg1-2.2 libxrandr2_2:1.5.1-1 libxrender1_1:0.9.10-1 libxslt1.1_1.1.29-2 libxss1_1:1.2.2-1 libxt6_1:1.1.5-1 linux-libc-dev_4.9.13-1 login_1:4.4-4 lsb-base_9.20161125 m4_1.4.18-1 make_4.1-9.1 man-db_2.7.6.1-2 mawk_1.3.3-17 mime-support_3.60 mount_2.29.1-1 multiarch-support_2.24-9 ncurses-base_6.0+20161126-1 ncurses-bin_6.0+20161126-1 passwd_1:4.4-4 patch_2.7.5-1 perl_5.24.1-1 perl-base_5.24.1-1 perl-modules-5.24_5.24.1-1 po-debconf_1.0.20 python_2.7.13-2 python-alabaster_0.7.8-1 python-all_2.7.13-2 python-all-dbg_2.7.13-2 python-all-dev_2.7.13-2 python-babel_2.3.4+dfsg.1-2 python-babel-localedata_2.3.4+dfsg.1-2 python-cycler_0.10.0-1 python-dateutil_2.5.3-2 python-dbg_2.7.13-2 python-decorator_4.0.11-1 python-dev_2.7.13-2 python-docutils_0.13.1+dfsg-2 python-fabio_0.4.0+dfsg-2 python-fabio-dbg_0.4.0+dfsg-2 python-functools32_3.2.3.2-3 python-h5py_2.7.0~rc3-1 python-imagesize_0.7.1-1 python-jinja2_2.9.5-1 python-lxml_3.7.3-1 python-lxml-dbg_3.7.3-1 python-markupsafe_0.23-3 python-matplotlib_2.0.0+dfsg1-2 python-matplotlib-data_2.0.0+dfsg1-2 python-matplotlib-dbg_2.0.0+dfsg1-2 python-minimal_2.7.13-2 python-numpy_1:1.12.0-2 python-numpy-dbg_1:1.12.0-2 python-pkg-resources_33.1.1-1 python-pygments_2.2.0+dfsg-1 python-pyparsing_2.1.10+dfsg1-1 python-qt4_4.11.4+dfsg-2 python-qt4-dbg_4.11.4+dfsg-2 python-roman_2.0.0-2 python-scipy_0.18.1-2 python-scipy-dbg_0.18.1-2 python-setuptools_33.1.1-1 python-sip_4.18.1+dfsg-1 python-sip-dbg_4.18.1+dfsg-1 python-six_1.10.0-4 python-sphinx_1.4.9-2 python-sphinxcontrib.programoutput_0.8-5 python-subprocess32_3.2.7-2 python-tk_2.7.13-1 python-tk-dbg_2.7.13-1 python-tz_2016.7-0.2 python2.7_2.7.13-2 python2.7-dbg_2.7.13-2 python2.7-dev_2.7.13-2 python2.7-minimal_2.7.13-2 python3_3.5.3-1 python3-alabaster_0.7.8-1 python3-all_3.5.3-1 python3-all-dbg_3.5.3-1 python3-all-dev_3.5.3-1 python3-babel_2.3.4+dfsg.1-2 python3-cycler_0.10.0-1 python3-dateutil_2.5.3-2 python3-dbg_3.5.3-1 python3-decorator_4.0.11-1 python3-dev_3.5.3-1 python3-docutils_0.13.1+dfsg-2 python3-fabio_0.4.0+dfsg-2 python3-fabio-dbg_0.4.0+dfsg-2 python3-imagesize_0.7.1-1 python3-jinja2_2.9.5-1 python3-lxml_3.7.3-1 python3-lxml-dbg_3.7.3-1 python3-markupsafe_0.23-3 python3-matplotlib_2.0.0+dfsg1-2 python3-matplotlib-dbg_2.0.0+dfsg1-2 python3-minimal_3.5.3-1 python3-numpy_1:1.12.0-2 python3-numpy-dbg_1:1.12.0-2 python3-pkg-resources_33.1.1-1 python3-pygments_2.2.0+dfsg-1 python3-pyparsing_2.1.10+dfsg1-1 python3-pyqt4_4.11.4+dfsg-2 python3-pyqt4-dbg_4.11.4+dfsg-2 python3-roman_2.0.0-2 python3-scipy_0.18.1-2 python3-scipy-dbg_0.18.1-2 python3-setuptools_33.1.1-1 python3-sip_4.18.1+dfsg-1 python3-sip-dbg_4.18.1+dfsg-1 python3-six_1.10.0-4 python3-sphinx_1.4.9-2 python3-sphinxcontrib.programoutput_0.8-5 python3-tk_3.5.3-1 python3-tk-dbg_3.5.3-1 python3-tz_2016.7-0.2 python3.5_3.5.3-1 python3.5-dbg_3.5.3-1 python3.5-dev_3.5.3-1 python3.5-minimal_3.5.3-1 qdbus_4:4.8.7+dfsg-11 qtchooser_63-g13a3d08-1 qtcore4-l10n_4:4.8.7+dfsg-11 readline-common_7.0-2 sbuild-build-depends-core-dummy_0.invalid.0 sbuild-build-depends-pyfai-dummy_0.invalid.0 sed_4.4-1 sensible-utils_0.0.9 sgml-base_1.29 shared-mime-info_1.8-1 sphinx-common_1.4.9-2 sysvinit-utils_2.88dsf-59.9 tar_1.29b-1.1 tk8.6-blt2.5_2.5.3+dfsg-3 ttf-bitstream-vera_1.10-8 tzdata_2016j-2 ucf_3.0036 util-linux_2.29.1-1 x11-common_1:7.7+18 xml-core_0.17 xz-utils_5.2.2-1.2+b1 zlib1g_1:1.2.8.dfsg-5

+------------------------------------------------------------------------------+
| Build                                                                        |
+------------------------------------------------------------------------------+


Unpack source
-------------

gpgv: unknown type of key resource 'trustedkeys.kbx'
gpgv: keyblock resource '/sbuild-nonexistent/.gnupg/trustedkeys.kbx': General error
gpgv: Signature made Sun Jan  1 09:38:42 2017 UTC
gpgv:                using RSA key E92E7E6E9E9DA6B1AA3139DC5632906F4696E015
gpgv: Can't check signature: No public key
dpkg-source: warning: failed to verify signature on ./pyfai_0.13.0+dfsg-1.dsc
dpkg-source: info: extracting pyfai in /<<BUILDDIR>>/pyfai-0.13.0+dfsg
dpkg-source: info: unpacking pyfai_0.13.0+dfsg.orig.tar.gz
dpkg-source: info: unpacking pyfai_0.13.0+dfsg-1.debian.tar.xz
dpkg-source: info: applying 0003-use-the-system-mathjax.patch

Check disk space
----------------

Sufficient free space for build

User Environment
----------------

APT_CONFIG=/var/lib/sbuild/apt.conf
HOME=/sbuild-nonexistent
LC_ALL=POSIX
LOGNAME=user42
PATH=/usr/local/sbin:/usr/local/bin:/usr/sbin:/usr/bin:/sbin:/bin:/usr/games
SCHROOT_ALIAS_NAME=unstable-amd64-sbuild
SCHROOT_CHROOT_NAME=unstable-amd64-sbuild
SCHROOT_COMMAND=env
SCHROOT_GID=1001
SCHROOT_GROUP=user42
SCHROOT_SESSION_ID=unstable-amd64-sbuild-6f2008a4-90b8-409b-a6ad-1f1d7131a368
SCHROOT_UID=1001
SCHROOT_USER=user42
SHELL=/bin/sh
USER=user42

dpkg-buildpackage
-----------------

dpkg-buildpackage: info: source package pyfai
dpkg-buildpackage: info: source version 0.13.0+dfsg-1
dpkg-buildpackage: info: source distribution unstable
dpkg-buildpackage: info: source changed by Picca Frdric-Emmanuel <picca@debian.org>
 dpkg-source --before-build pyfai-0.13.0+dfsg
dpkg-buildpackage: info: host architecture amd64
 fakeroot debian/rules clean
dh clean --with python2,python3,sphinxdoc --buildsystem=pybuild
   dh_testdir -O--buildsystem=pybuild
   dh_auto_clean -O--buildsystem=pybuild
I: pybuild base:184: python2.7 setup.py clean 
Compiling pyFAI/ext/_geometry.pyx because it depends on /usr/lib/python2.7/dist-packages/Cython/Includes/numpy/__init__.pxd.
[1/1] Cythonizing pyFAI/ext/_geometry.pyx
Compiling pyFAI/ext/reconstruct.pyx because it depends on /usr/lib/python2.7/dist-packages/Cython/Includes/numpy/__init__.pxd.
[1/1] Cythonizing pyFAI/ext/reconstruct.pyx
Compiling pyFAI/ext/splitPixel.pyx because it depends on /usr/lib/python2.7/dist-packages/Cython/Includes/numpy/__init__.pxd.
[1/1] Cythonizing pyFAI/ext/splitPixel.pyx
Compiling pyFAI/ext/splitPixelFull.pyx because it depends on /usr/lib/python2.7/dist-packages/Cython/Includes/numpy/__init__.pxd.
[1/1] Cythonizing pyFAI/ext/splitPixelFull.pyx
Compiling pyFAI/ext/splitPixelFullLUT.pyx because it depends on /usr/lib/python2.7/dist-packages/Cython/Includes/numpy/__init__.pxd.
[1/1] Cythonizing pyFAI/ext/splitPixelFullLUT.pyx
Compiling pyFAI/ext/splitPixelFullLUT_double.pyx because it depends on /usr/lib/python2.7/dist-packages/Cython/Includes/numpy/__init__.pxd.
[1/1] Cythonizing pyFAI/ext/splitPixelFullLUT_double.pyx
Compiling pyFAI/ext/splitBBox.pyx because it depends on /usr/lib/python2.7/dist-packages/Cython/Includes/numpy/__init__.pxd.
[1/1] Cythonizing pyFAI/ext/splitBBox.pyx
Compiling pyFAI/ext/histogram.pyx because it depends on /usr/lib/python2.7/dist-packages/Cython/Includes/openmp.pxd.
[1/1] Cythonizing pyFAI/ext/histogram.pyx
Compiling pyFAI/ext/splitBBoxLUT.pyx because it depends on /usr/lib/python2.7/dist-packages/Cython/Includes/numpy/__init__.pxd.
[1/1] Cythonizing pyFAI/ext/splitBBoxLUT.pyx
Compiling pyFAI/ext/splitBBoxCSR.pyx because it depends on /usr/lib/python2.7/dist-packages/Cython/Includes/numpy/__init__.pxd.
[1/1] Cythonizing pyFAI/ext/splitBBoxCSR.pyx
Compiling pyFAI/ext/splitPixelFullCSR.pyx because it depends on /usr/lib/python2.7/dist-packages/Cython/Includes/numpy/__init__.pxd.
[1/1] Cythonizing pyFAI/ext/splitPixelFullCSR.pyx
Compiling pyFAI/ext/relabel.pyx because it depends on /usr/lib/python2.7/dist-packages/Cython/Includes/numpy/__init__.pxd.
[1/1] Cythonizing pyFAI/ext/relabel.pyx
Compiling pyFAI/ext/bilinear.pyx because it depends on /usr/lib/python2.7/dist-packages/Cython/Includes/numpy/__init__.pxd.
[1/1] Cythonizing pyFAI/ext/bilinear.pyx
Compiling pyFAI/ext/_distortion.pyx because it depends on /usr/lib/python2.7/dist-packages/Cython/Includes/numpy/__init__.pxd.
[1/1] Cythonizing pyFAI/ext/_distortion.pyx
Compiling pyFAI/ext/_bispev.pyx because it depends on /usr/lib/python2.7/dist-packages/Cython/Includes/numpy/__init__.pxd.
[1/1] Cythonizing pyFAI/ext/_bispev.pyx
Compiling pyFAI/ext/_convolution.pyx because it depends on /usr/lib/python2.7/dist-packages/Cython/Includes/numpy/__init__.pxd.
[1/1] Cythonizing pyFAI/ext/_convolution.pyx
Compiling pyFAI/ext/_blob.pyx because it depends on /usr/lib/python2.7/dist-packages/Cython/Includes/numpy/__init__.pxd.
[1/1] Cythonizing pyFAI/ext/_blob.pyx
Compiling pyFAI/ext/morphology.pyx because it depends on /usr/lib/python2.7/dist-packages/Cython/Includes/numpy/__init__.pxd.
[1/1] Cythonizing pyFAI/ext/morphology.pyx
Compiling pyFAI/ext/marchingsquares.pyx because it depends on /usr/lib/python2.7/dist-packages/Cython/Includes/numpy/__init__.pxd.
[1/1] Cythonizing pyFAI/ext/marchingsquares.pyx
Compiling pyFAI/ext/watershed.pyx because it depends on /usr/lib/python2.7/dist-packages/Cython/Includes/numpy/__init__.pxd.
[1/1] Cythonizing pyFAI/ext/watershed.pyx
Compiling pyFAI/ext/preproc.pyx because it depends on /usr/lib/python2.7/dist-packages/Cython/Includes/numpy/__init__.pxd.
[1/1] Cythonizing pyFAI/ext/preproc.pyx
Compiling pyFAI/ext/fastcrc.pyx because it depends on /usr/lib/python2.7/dist-packages/Cython/Includes/numpy/__init__.pxd.
[1/1] Cythonizing pyFAI/ext/fastcrc.pyx
running clean
removing '/<<BUILDDIR>>/pyfai-0.13.0+dfsg/.pybuild/pythonX.Y_2.7/build' (and everything under it)
'build/bdist.linux-amd64' does not exist -- can't clean it
'build/scripts-2.7' does not exist -- can't clean it
I: pybuild base:184: python2.7-dbg setup.py clean 
running clean
removing '/<<BUILDDIR>>/pyfai-0.13.0+dfsg/.pybuild/pythonX.Y-dbg_2.7/build' (and everything under it)
'build/bdist.linux-amd64' does not exist -- can't clean it
'build/scripts-2.7' does not exist -- can't clean it
[418005 refs]
I: pybuild base:184: python3.5 setup.py clean 
running clean
removing '/<<BUILDDIR>>/pyfai-0.13.0+dfsg/.pybuild/pythonX.Y_3.5/build' (and everything under it)
'build/bdist.linux-amd64' does not exist -- can't clean it
'build/scripts-3.5' does not exist -- can't clean it
I: pybuild base:184: python3.5-dbg setup.py clean 
running clean
removing '/<<BUILDDIR>>/pyfai-0.13.0+dfsg/.pybuild/pythonX.Y-dbg_3.5/build' (and everything under it)
'build/bdist.linux-amd64' does not exist -- can't clean it
'build/scripts-3.5' does not exist -- can't clean it
   debian/rules override_dh_clean
make[1]: Entering directory '/<<BUILDDIR>>/pyfai-0.13.0+dfsg'
dh_clean
rm -f pyFAI/ext/sparse_utils.c pyFAI/ext/_convolution.c pyFAI/ext/_distortion.c pyFAI/ext/_geometry.c pyFAI/ext/fastcrc.c pyFAI/ext/_blob.c pyFAI/ext/splitPixelFull.c pyFAI/ext/_bispev.c pyFAI/ext/morphology.c pyFAI/ext/splitPixelFullLUT_double.c pyFAI/ext/_tree.c pyFAI/ext/splitBBoxLUT.c pyFAI/ext/bilinear.c pyFAI/ext/splitBBoxCSR.c pyFAI/ext/splitPixelFullLUT.c pyFAI/ext/marchingsquares.c pyFAI/ext/splitBBox.c pyFAI/ext/splitPixelFullCSR.c pyFAI/ext/preproc.c pyFAI/ext/histogram.c pyFAI/ext/splitPixel.c pyFAI/ext/watershed.c pyFAI/ext/reconstruct.c pyFAI/ext/relabel.c
rm -rf doc/build/html
rm -rf *.egg-info
rm -f all_testimage.json fai_cfg.json lima_cfg.json profile.log
make[1]: Leaving directory '/<<BUILDDIR>>/pyfai-0.13.0+dfsg'
 debian/rules build-arch
dh build-arch --with python2,python3,sphinxdoc --buildsystem=pybuild
   dh_testdir -a -O--buildsystem=pybuild
   dh_update_autotools_config -a -O--buildsystem=pybuild
   dh_auto_configure -a -O--buildsystem=pybuild
I: pybuild base:184: python2.7 setup.py config 
Compiling pyFAI/ext/_geometry.pyx because it changed.
[1/1] Cythonizing pyFAI/ext/_geometry.pyx
Compiling pyFAI/ext/reconstruct.pyx because it changed.
[1/1] Cythonizing pyFAI/ext/reconstruct.pyx
Compiling pyFAI/ext/splitPixel.pyx because it changed.
[1/1] Cythonizing pyFAI/ext/splitPixel.pyx
Compiling pyFAI/ext/splitPixelFull.pyx because it changed.
[1/1] Cythonizing pyFAI/ext/splitPixelFull.pyx
Compiling pyFAI/ext/splitPixelFullLUT.pyx because it changed.
[1/1] Cythonizing pyFAI/ext/splitPixelFullLUT.pyx
Compiling pyFAI/ext/splitPixelFullLUT_double.pyx because it changed.
[1/1] Cythonizing pyFAI/ext/splitPixelFullLUT_double.pyx
Compiling pyFAI/ext/splitBBox.pyx because it changed.
[1/1] Cythonizing pyFAI/ext/splitBBox.pyx
Compiling pyFAI/ext/histogram.pyx because it changed.
[1/1] Cythonizing pyFAI/ext/histogram.pyx
Compiling pyFAI/ext/splitBBoxLUT.pyx because it changed.
[1/1] Cythonizing pyFAI/ext/splitBBoxLUT.pyx
Compiling pyFAI/ext/splitBBoxCSR.pyx because it changed.
[1/1] Cythonizing pyFAI/ext/splitBBoxCSR.pyx
Compiling pyFAI/ext/splitPixelFullCSR.pyx because it changed.
[1/1] Cythonizing pyFAI/ext/splitPixelFullCSR.pyx
Compiling pyFAI/ext/relabel.pyx because it changed.
[1/1] Cythonizing pyFAI/ext/relabel.pyx
Compiling pyFAI/ext/bilinear.pyx because it changed.
[1/1] Cythonizing pyFAI/ext/bilinear.pyx
Compiling pyFAI/ext/_distortion.pyx because it changed.
[1/1] Cythonizing pyFAI/ext/_distortion.pyx
Compiling pyFAI/ext/_bispev.pyx because it changed.
[1/1] Cythonizing pyFAI/ext/_bispev.pyx
Compiling pyFAI/ext/_convolution.pyx because it changed.
[1/1] Cythonizing pyFAI/ext/_convolution.pyx
Compiling pyFAI/ext/_blob.pyx because it changed.
[1/1] Cythonizing pyFAI/ext/_blob.pyx
Compiling pyFAI/ext/morphology.pyx because it changed.
[1/1] Cythonizing pyFAI/ext/morphology.pyx
Compiling pyFAI/ext/marchingsquares.pyx because it changed.
[1/1] Cythonizing pyFAI/ext/marchingsquares.pyx
Compiling pyFAI/ext/watershed.pyx because it changed.
[1/1] Cythonizing pyFAI/ext/watershed.pyx
Compiling pyFAI/ext/_tree.pyx because it changed.
[1/1] Cythonizing pyFAI/ext/_tree.pyx
Compiling pyFAI/ext/sparse_utils.pyx because it changed.
[1/1] Cythonizing pyFAI/ext/sparse_utils.pyx
Compiling pyFAI/ext/preproc.pyx because it changed.
[1/1] Cythonizing pyFAI/ext/preproc.pyx
Compiling pyFAI/ext/fastcrc.pyx because it changed.
[1/1] Cythonizing pyFAI/ext/fastcrc.pyx
running config
I: pybuild base:184: python2.7-dbg setup.py config 
running config
[417878 refs]
I: pybuild base:184: python3.5 setup.py config 
running config
I: pybuild base:184: python3.5-dbg setup.py config 
running config
   dh_auto_build -a -O--buildsystem=pybuild
I: pybuild base:184: /usr/bin/python setup.py build 
running build
running build_py
creating /<<BUILDDIR>>/pyfai-0.13.0+dfsg/.pybuild/pythonX.Y_2.7/build/pyFAI
copying pyFAI/ocl_azim_csr.py -> /<<BUILDDIR>>/pyfai-0.13.0+dfsg/.pybuild/pythonX.Y_2.7/build/pyFAI
copying pyFAI/decorators.py -> /<<BUILDDIR>>/pyfai-0.13.0+dfsg/.pybuild/pythonX.Y_2.7/build/pyFAI
copying pyFAI/opencl.py -> /<<BUILDDIR>>/pyfai-0.13.0+dfsg/.pybuild/pythonX.Y_2.7/build/pyFAI
copying pyFAI/io.py -> /<<BUILDDIR>>/pyfai-0.13.0+dfsg/.pybuild/pythonX.Y_2.7/build/pyFAI
copying pyFAI/ocl_azim_csr_dis.py -> /<<BUILDDIR>>/pyfai-0.13.0+dfsg/.pybuild/pythonX.Y_2.7/build/pyFAI
copying pyFAI/peak_picker.py -> /<<BUILDDIR>>/pyfai-0.13.0+dfsg/.pybuild/pythonX.Y_2.7/build/pyFAI
copying pyFAI/blob_detection.py -> /<<BUILDDIR>>/pyfai-0.13.0+dfsg/.pybuild/pythonX.Y_2.7/build/pyFAI
copying pyFAI/detectors.py -> /<<BUILDDIR>>/pyfai-0.13.0+dfsg/.pybuild/pythonX.Y_2.7/build/pyFAI
copying pyFAI/massif.py -> /<<BUILDDIR>>/pyfai-0.13.0+dfsg/.pybuild/pythonX.Y_2.7/build/pyFAI
copying pyFAI/worker.py -> /<<BUILDDIR>>/pyfai-0.13.0+dfsg/.pybuild/pythonX.Y_2.7/build/pyFAI
copying pyFAI/multi_geometry.py -> /<<BUILDDIR>>/pyfai-0.13.0+dfsg/.pybuild/pythonX.Y_2.7/build/pyFAI
copying pyFAI/ocl_hist_pixelsplit.py -> /<<BUILDDIR>>/pyfai-0.13.0+dfsg/.pybuild/pythonX.Y_2.7/build/pyFAI
copying pyFAI/directories.py -> /<<BUILDDIR>>/pyfai-0.13.0+dfsg/.pybuild/pythonX.Y_2.7/build/pyFAI
copying pyFAI/integrate_widget.py -> /<<BUILDDIR>>/pyfai-0.13.0+dfsg/.pybuild/pythonX.Y_2.7/build/pyFAI
copying pyFAI/geometryRefinement.py -> /<<BUILDDIR>>/pyfai-0.13.0+dfsg/.pybuild/pythonX.Y_2.7/build/pyFAI
copying pyFAI/ocl_azim_lut.py -> /<<BUILDDIR>>/pyfai-0.13.0+dfsg/.pybuild/pythonX.Y_2.7/build/pyFAI
copying pyFAI/ocl_azim.py -> /<<BUILDDIR>>/pyfai-0.13.0+dfsg/.pybuild/pythonX.Y_2.7/build/pyFAI
copying pyFAI/distortion.py -> /<<BUILDDIR>>/pyfai-0.13.0+dfsg/.pybuild/pythonX.Y_2.7/build/pyFAI
copying pyFAI/calibration.py -> /<<BUILDDIR>>/pyfai-0.13.0+dfsg/.pybuild/pythonX.Y_2.7/build/pyFAI
copying pyFAI/spline.py -> /<<BUILDDIR>>/pyfai-0.13.0+dfsg/.pybuild/pythonX.Y_2.7/build/pyFAI
copying pyFAI/__init__.py -> /<<BUILDDIR>>/pyfai-0.13.0+dfsg/.pybuild/pythonX.Y_2.7/build/pyFAI
copying pyFAI/OCLFullSplit.py -> /<<BUILDDIR>>/pyfai-0.13.0+dfsg/.pybuild/pythonX.Y_2.7/build/pyFAI
copying pyFAI/tree.py -> /<<BUILDDIR>>/pyfai-0.13.0+dfsg/.pybuild/pythonX.Y_2.7/build/pyFAI
copying pyFAI/diffmap.py -> /<<BUILDDIR>>/pyfai-0.13.0+dfsg/.pybuild/pythonX.Y_2.7/build/pyFAI
copying pyFAI/diffmap_widget.py -> /<<BUILDDIR>>/pyfai-0.13.0+dfsg/.pybuild/pythonX.Y_2.7/build/pyFAI
copying pyFAI/geometry.py -> /<<BUILDDIR>>/pyfai-0.13.0+dfsg/.pybuild/pythonX.Y_2.7/build/pyFAI
copying pyFAI/ocl_sort.py -> /<<BUILDDIR>>/pyfai-0.13.0+dfsg/.pybuild/pythonX.Y_2.7/build/pyFAI
copying pyFAI/azimuthalIntegrator.py -> /<<BUILDDIR>>/pyfai-0.13.0+dfsg/.pybuild/pythonX.Y_2.7/build/pyFAI
copying pyFAI/average.py -> /<<BUILDDIR>>/pyfai-0.13.0+dfsg/.pybuild/pythonX.Y_2.7/build/pyFAI
copying pyFAI/grid.py -> /<<BUILDDIR>>/pyfai-0.13.0+dfsg/.pybuild/pythonX.Y_2.7/build/pyFAI
copying pyFAI/orderedset.py -> /<<BUILDDIR>>/pyfai-0.13.0+dfsg/.pybuild/pythonX.Y_2.7/build/pyFAI
copying pyFAI/calibrant.py -> /<<BUILDDIR>>/pyfai-0.13.0+dfsg/.pybuild/pythonX.Y_2.7/build/pyFAI
copying pyFAI/containers.py -> /<<BUILDDIR>>/pyfai-0.13.0+dfsg/.pybuild/pythonX.Y_2.7/build/pyFAI
copying pyFAI/units.py -> /<<BUILDDIR>>/pyfai-0.13.0+dfsg/.pybuild/pythonX.Y_2.7/build/pyFAI
copying version.py -> /<<BUILDDIR>>/pyfai-0.13.0+dfsg/.pybuild/pythonX.Y_2.7/build/pyFAI/_version.py
creating /<<BUILDDIR>>/pyfai-0.13.0+dfsg/.pybuild/pythonX.Y_2.7/build/pyFAI/ext
copying pyFAI/ext/__init__.py -> /<<BUILDDIR>>/pyfai-0.13.0+dfsg/.pybuild/pythonX.Y_2.7/build/pyFAI/ext
creating /<<BUILDDIR>>/pyfai-0.13.0+dfsg/.pybuild/pythonX.Y_2.7/build/pyFAI/gui
copying pyFAI/gui/utils.py -> /<<BUILDDIR>>/pyfai-0.13.0+dfsg/.pybuild/pythonX.Y_2.7/build/pyFAI/gui
copying pyFAI/gui/_pyside_dynamic.py -> /<<BUILDDIR>>/pyfai-0.13.0+dfsg/.pybuild/pythonX.Y_2.7/build/pyFAI/gui
copying pyFAI/gui/matplotlib.py -> /<<BUILDDIR>>/pyfai-0.13.0+dfsg/.pybuild/pythonX.Y_2.7/build/pyFAI/gui
copying pyFAI/gui/qt.py -> /<<BUILDDIR>>/pyfai-0.13.0+dfsg/.pybuild/pythonX.Y_2.7/build/pyFAI/gui
copying pyFAI/gui/__init__.py -> /<<BUILDDIR>>/pyfai-0.13.0+dfsg/.pybuild/pythonX.Y_2.7/build/pyFAI/gui
creating /<<BUILDDIR>>/pyfai-0.13.0+dfsg/.pybuild/pythonX.Y_2.7/build/pyFAI/utils
copying pyFAI/utils/shell.py -> /<<BUILDDIR>>/pyfai-0.13.0+dfsg/.pybuild/pythonX.Y_2.7/build/pyFAI/utils
copying pyFAI/utils/stringutil.py -> /<<BUILDDIR>>/pyfai-0.13.0+dfsg/.pybuild/pythonX.Y_2.7/build/pyFAI/utils
copying pyFAI/utils/__init__.py -> /<<BUILDDIR>>/pyfai-0.13.0+dfsg/.pybuild/pythonX.Y_2.7/build/pyFAI/utils
copying pyFAI/utils/bayes.py -> /<<BUILDDIR>>/pyfai-0.13.0+dfsg/.pybuild/pythonX.Y_2.7/build/pyFAI/utils
creating /<<BUILDDIR>>/pyfai-0.13.0+dfsg/.pybuild/pythonX.Y_2.7/build/pyFAI/test
copying pyFAI/test/test_worker.py -> /<<BUILDDIR>>/pyfai-0.13.0+dfsg/.pybuild/pythonX.Y_2.7/build/pyFAI/test
copying pyFAI/test/test_average.py -> /<<BUILDDIR>>/pyfai-0.13.0+dfsg/.pybuild/pythonX.Y_2.7/build/pyFAI/test
copying pyFAI/test/test_mask.py -> /<<BUILDDIR>>/pyfai-0.13.0+dfsg/.pybuild/pythonX.Y_2.7/build/pyFAI/test
copying pyFAI/test/test_bispev.py -> /<<BUILDDIR>>/pyfai-0.13.0+dfsg/.pybuild/pythonX.Y_2.7/build/pyFAI/test
copying pyFAI/test/test_convolution.py -> /<<BUILDDIR>>/pyfai-0.13.0+dfsg/.pybuild/pythonX.Y_2.7/build/pyFAI/test
copying pyFAI/test/test_csr.py -> /<<BUILDDIR>>/pyfai-0.13.0+dfsg/.pybuild/pythonX.Y_2.7/build/pyFAI/test
copying pyFAI/test/test_detector.py -> /<<BUILDDIR>>/pyfai-0.13.0+dfsg/.pybuild/pythonX.Y_2.7/build/pyFAI/test
copying pyFAI/test/test_bug_regression.py -> /<<BUILDDIR>>/pyfai-0.13.0+dfsg/.pybuild/pythonX.Y_2.7/build/pyFAI/test
copying pyFAI/test/test_utils_shell.py -> /<<BUILDDIR>>/pyfai-0.13.0+dfsg/.pybuild/pythonX.Y_2.7/build/pyFAI/test
copying pyFAI/test/test_utils.py -> /<<BUILDDIR>>/pyfai-0.13.0+dfsg/.pybuild/pythonX.Y_2.7/build/pyFAI/test
copying pyFAI/test/test_multi_geometry.py -> /<<BUILDDIR>>/pyfai-0.13.0+dfsg/.pybuild/pythonX.Y_2.7/build/pyFAI/test
copying pyFAI/test/test_geometry_refinement.py -> /<<BUILDDIR>>/pyfai-0.13.0+dfsg/.pybuild/pythonX.Y_2.7/build/pyFAI/test
copying pyFAI/test/test_integrate_widget.py -> /<<BUILDDIR>>/pyfai-0.13.0+dfsg/.pybuild/pythonX.Y_2.7/build/pyFAI/test
copying pyFAI/test/test_saxs.py -> /<<BUILDDIR>>/pyfai-0.13.0+dfsg/.pybuild/pythonX.Y_2.7/build/pyFAI/test
copying pyFAI/test/test_geometry.py -> /<<BUILDDIR>>/pyfai-0.13.0+dfsg/.pybuild/pythonX.Y_2.7/build/pyFAI/test
copying pyFAI/test/test_sparse.py -> /<<BUILDDIR>>/pyfai-0.13.0+dfsg/.pybuild/pythonX.Y_2.7/build/pyFAI/test
copying pyFAI/test/test_polarization.py -> /<<BUILDDIR>>/pyfai-0.13.0+dfsg/.pybuild/pythonX.Y_2.7/build/pyFAI/test
copying pyFAI/test/test_split_pixel.py -> /<<BUILDDIR>>/pyfai-0.13.0+dfsg/.pybuild/pythonX.Y_2.7/build/pyFAI/test
copying pyFAI/test/test_flat.py -> /<<BUILDDIR>>/pyfai-0.13.0+dfsg/.pybuild/pythonX.Y_2.7/build/pyFAI/test
copying pyFAI/test/test_bilinear.py -> /<<BUILDDIR>>/pyfai-0.13.0+dfsg/.pybuild/pythonX.Y_2.7/build/pyFAI/test
copying pyFAI/test/test_integrate.py -> /<<BUILDDIR>>/pyfai-0.13.0+dfsg/.pybuild/pythonX.Y_2.7/build/pyFAI/test
copying pyFAI/test/test_ocl_sort.py -> /<<BUILDDIR>>/pyfai-0.13.0+dfsg/.pybuild/pythonX.Y_2.7/build/pyFAI/test
copying pyFAI/test/test_watershed.py -> /<<BUILDDIR>>/pyfai-0.13.0+dfsg/.pybuild/pythonX.Y_2.7/build/pyFAI/test
copying pyFAI/test/test_peak_picking.py -> /<<BUILDDIR>>/pyfai-0.13.0+dfsg/.pybuild/pythonX.Y_2.7/build/pyFAI/test
copying pyFAI/test/test_preproc.py -> /<<BUILDDIR>>/pyfai-0.13.0+dfsg/.pybuild/pythonX.Y_2.7/build/pyFAI/test
copying pyFAI/test/test_all.py -> /<<BUILDDIR>>/pyfai-0.13.0+dfsg/.pybuild/pythonX.Y_2.7/build/pyFAI/test
copying pyFAI/test/test_scripts.py -> /<<BUILDDIR>>/pyfai-0.13.0+dfsg/.pybuild/pythonX.Y_2.7/build/pyFAI/test
copying pyFAI/test/__init__.py -> /<<BUILDDIR>>/pyfai-0.13.0+dfsg/.pybuild/pythonX.Y_2.7/build/pyFAI/test
copying pyFAI/test/test_marchingsquares.py -> /<<BUILDDIR>>/pyfai-0.13.0+dfsg/.pybuild/pythonX.Y_2.7/build/pyFAI/test
copying pyFAI/test/test_blob_detection.py -> /<<BUILDDIR>>/pyfai-0.13.0+dfsg/.pybuild/pythonX.Y_2.7/build/pyFAI/test
copying pyFAI/test/test_histogram.py -> /<<BUILDDIR>>/pyfai-0.13.0+dfsg/.pybuild/pythonX.Y_2.7/build/pyFAI/test
copying pyFAI/test/test_utils_stringutil.py -> /<<BUILDDIR>>/pyfai-0.13.0+dfsg/.pybuild/pythonX.Y_2.7/build/pyFAI/test
copying pyFAI/test/test_dummy.py -> /<<BUILDDIR>>/pyfai-0.13.0+dfsg/.pybuild/pythonX.Y_2.7/build/pyFAI/test
copying pyFAI/test/utilstest.py -> /<<BUILDDIR>>/pyfai-0.13.0+dfsg/.pybuild/pythonX.Y_2.7/build/pyFAI/test
copying pyFAI/test/test_openCL.py -> /<<BUILDDIR>>/pyfai-0.13.0+dfsg/.pybuild/pythonX.Y_2.7/build/pyFAI/test
copying pyFAI/test/test_export.py -> /<<BUILDDIR>>/pyfai-0.13.0+dfsg/.pybuild/pythonX.Y_2.7/build/pyFAI/test
copying pyFAI/test/test_bayes.py -> /<<BUILDDIR>>/pyfai-0.13.0+dfsg/.pybuild/pythonX.Y_2.7/build/pyFAI/test
copying pyFAI/test/test_calibrant.py -> /<<BUILDDIR>>/pyfai-0.13.0+dfsg/.pybuild/pythonX.Y_2.7/build/pyFAI/test
copying pyFAI/test/test_io.py -> /<<BUILDDIR>>/pyfai-0.13.0+dfsg/.pybuild/pythonX.Y_2.7/build/pyFAI/test
copying pyFAI/test/test_distortion.py -> /<<BUILDDIR>>/pyfai-0.13.0+dfsg/.pybuild/pythonX.Y_2.7/build/pyFAI/test
copying pyFAI/test/test_azimuthal_integrator.py -> /<<BUILDDIR>>/pyfai-0.13.0+dfsg/.pybuild/pythonX.Y_2.7/build/pyFAI/test
creating /<<BUILDDIR>>/pyfai-0.13.0+dfsg/.pybuild/pythonX.Y_2.7/build/pyFAI/benchmark
copying pyFAI/benchmark/__init__.py -> /<<BUILDDIR>>/pyfai-0.13.0+dfsg/.pybuild/pythonX.Y_2.7/build/pyFAI/benchmark
creating /<<BUILDDIR>>/pyfai-0.13.0+dfsg/.pybuild/pythonX.Y_2.7/build/pyFAI/resources
copying pyFAI/resources/__init__.py -> /<<BUILDDIR>>/pyfai-0.13.0+dfsg/.pybuild/pythonX.Y_2.7/build/pyFAI/resources
creating /<<BUILDDIR>>/pyfai-0.13.0+dfsg/.pybuild/pythonX.Y_2.7/build/pyFAI/resources/calibration
copying pyFAI/resources/calibration/Au.D -> /<<BUILDDIR>>/pyfai-0.13.0+dfsg/.pybuild/pythonX.Y_2.7/build/pyFAI/resources/calibration
copying pyFAI/resources/calibration/CuO.D -> /<<BUILDDIR>>/pyfai-0.13.0+dfsg/.pybuild/pythonX.Y_2.7/build/pyFAI/resources/calibration
copying pyFAI/resources/calibration/LaB6_SRM660a.D -> /<<BUILDDIR>>/pyfai-0.13.0+dfsg/.pybuild/pythonX.Y_2.7/build/pyFAI/resources/calibration
copying pyFAI/resources/calibration/AgBh.D -> /<<BUILDDIR>>/pyfai-0.13.0+dfsg/.pybuild/pythonX.Y_2.7/build/pyFAI/resources/calibration
copying pyFAI/resources/calibration/Cr2O3.D -> /<<BUILDDIR>>/pyfai-0.13.0+dfsg/.pybuild/pythonX.Y_2.7/build/pyFAI/resources/calibration
copying pyFAI/resources/calibration/Si.D -> /<<BUILDDIR>>/pyfai-0.13.0+dfsg/.pybuild/pythonX.Y_2.7/build/pyFAI/resources/calibration
copying pyFAI/resources/calibration/TiO2.D -> /<<BUILDDIR>>/pyfai-0.13.0+dfsg/.pybuild/pythonX.Y_2.7/build/pyFAI/resources/calibration
copying pyFAI/resources/calibration/ZnO.D -> /<<BUILDDIR>>/pyfai-0.13.0+dfsg/.pybuild/pythonX.Y_2.7/build/pyFAI/resources/calibration
copying pyFAI/resources/calibration/Si_SRM640c.D -> /<<BUILDDIR>>/pyfai-0.13.0+dfsg/.pybuild/pythonX.Y_2.7/build/pyFAI/resources/calibration
copying pyFAI/resources/calibration/CrOx.D -> /<<BUILDDIR>>/pyfai-0.13.0+dfsg/.pybuild/pythonX.Y_2.7/build/pyFAI/resources/calibration
copying pyFAI/resources/calibration/alpha_Al2O3.D -> /<<BUILDDIR>>/pyfai-0.13.0+dfsg/.pybuild/pythonX.Y_2.7/build/pyFAI/resources/calibration
copying pyFAI/resources/calibration/Si_SRM640b.D -> /<<BUILDDIR>>/pyfai-0.13.0+dfsg/.pybuild/pythonX.Y_2.7/build/pyFAI/resources/calibration
copying pyFAI/resources/calibration/C14H30O.D -> /<<BUILDDIR>>/pyfai-0.13.0+dfsg/.pybuild/pythonX.Y_2.7/build/pyFAI/resources/calibration
copying pyFAI/resources/calibration/LaB6_SRM660c.D -> /<<BUILDDIR>>/pyfai-0.13.0+dfsg/.pybuild/pythonX.Y_2.7/build/pyFAI/resources/calibration
copying pyFAI/resources/calibration/Si_SRM640e.D -> /<<BUILDDIR>>/pyfai-0.13.0+dfsg/.pybuild/pythonX.Y_2.7/build/pyFAI/resources/calibration
copying pyFAI/resources/calibration/Si_SRM640a.D -> /<<BUILDDIR>>/pyfai-0.13.0+dfsg/.pybuild/pythonX.Y_2.7/build/pyFAI/resources/calibration
copying pyFAI/resources/calibration/LaB6_SRM660b.D -> /<<BUILDDIR>>/pyfai-0.13.0+dfsg/.pybuild/pythonX.Y_2.7/build/pyFAI/resources/calibration
copying pyFAI/resources/calibration/NaCl.D -> /<<BUILDDIR>>/pyfai-0.13.0+dfsg/.pybuild/pythonX.Y_2.7/build/pyFAI/resources/calibration
copying pyFAI/resources/calibration/PBBA.D -> /<<BUILDDIR>>/pyfai-0.13.0+dfsg/.pybuild/pythonX.Y_2.7/build/pyFAI/resources/calibration
copying pyFAI/resources/calibration/quartz.D -> /<<BUILDDIR>>/pyfai-0.13.0+dfsg/.pybuild/pythonX.Y_2.7/build/pyFAI/resources/calibration
copying pyFAI/resources/calibration/cristobaltite.D -> /<<BUILDDIR>>/pyfai-0.13.0+dfsg/.pybuild/pythonX.Y_2.7/build/pyFAI/resources/calibration
copying pyFAI/resources/calibration/CeO2.D -> /<<BUILDDIR>>/pyfai-0.13.0+dfsg/.pybuild/pythonX.Y_2.7/build/pyFAI/resources/calibration
copying pyFAI/resources/calibration/Ni.D -> /<<BUILDDIR>>/pyfai-0.13.0+dfsg/.pybuild/pythonX.Y_2.7/build/pyFAI/resources/calibration
copying pyFAI/resources/calibration/LaB6.D -> /<<BUILDDIR>>/pyfai-0.13.0+dfsg/.pybuild/pythonX.Y_2.7/build/pyFAI/resources/calibration
copying pyFAI/resources/calibration/mock.D -> /<<BUILDDIR>>/pyfai-0.13.0+dfsg/.pybuild/pythonX.Y_2.7/build/pyFAI/resources/calibration
copying pyFAI/resources/calibration/Al.D -> /<<BUILDDIR>>/pyfai-0.13.0+dfsg/.pybuild/pythonX.Y_2.7/build/pyFAI/resources/calibration
copying pyFAI/resources/calibration/Si_SRM640.D -> /<<BUILDDIR>>/pyfai-0.13.0+dfsg/.pybuild/pythonX.Y_2.7/build/pyFAI/resources/calibration
copying pyFAI/resources/calibration/Si_SRM640d.D -> /<<BUILDDIR>>/pyfai-0.13.0+dfsg/.pybuild/pythonX.Y_2.7/build/pyFAI/resources/calibration
creating /<<BUILDDIR>>/pyfai-0.13.0+dfsg/.pybuild/pythonX.Y_2.7/build/pyFAI/resources/gui
copying pyFAI/resources/gui/integration.ui -> /<<BUILDDIR>>/pyfai-0.13.0+dfsg/.pybuild/pythonX.Y_2.7/build/pyFAI/resources/gui
copying pyFAI/resources/gui/refine-6param.ui -> /<<BUILDDIR>>/pyfai-0.13.0+dfsg/.pybuild/pythonX.Y_2.7/build/pyFAI/resources/gui
copying pyFAI/resources/gui/diffmap.ui -> /<<BUILDDIR>>/pyfai-0.13.0+dfsg/.pybuild/pythonX.Y_2.7/build/pyFAI/resources/gui
creating /<<BUILDDIR>>/pyfai-0.13.0+dfsg/.pybuild/pythonX.Y_2.7/build/pyFAI/resources/openCL
copying pyFAI/resources/openCL/ocl_lut_pixelsplit.cl -> /<<BUILDDIR>>/pyfai-0.13.0+dfsg/.pybuild/pythonX.Y_2.7/build/pyFAI/resources/openCL
copying pyFAI/resources/openCL/reduction_test4.cl -> /<<BUILDDIR>>/pyfai-0.13.0+dfsg/.pybuild/pythonX.Y_2.7/build/pyFAI/resources/openCL
copying pyFAI/resources/openCL/ocl_bispev.cl -> /<<BUILDDIR>>/pyfai-0.13.0+dfsg/.pybuild/pythonX.Y_2.7/build/pyFAI/resources/openCL
copying pyFAI/resources/openCL/preprocess.cl -> /<<BUILDDIR>>/pyfai-0.13.0+dfsg/.pybuild/pythonX.Y_2.7/build/pyFAI/resources/openCL
copying pyFAI/resources/openCL/ocl_azim_kernel_2.cl -> /<<BUILDDIR>>/pyfai-0.13.0+dfsg/.pybuild/pythonX.Y_2.7/build/pyFAI/resources/openCL
copying pyFAI/resources/openCL/bitonic.cl -> /<<BUILDDIR>>/pyfai-0.13.0+dfsg/.pybuild/pythonX.Y_2.7/build/pyFAI/resources/openCL
copying pyFAI/resources/openCL/ocl_azim_CSR.cl -> /<<BUILDDIR>>/pyfai-0.13.0+dfsg/.pybuild/pythonX.Y_2.7/build/pyFAI/resources/openCL
copying pyFAI/resources/openCL/ocl_lut_pixelsplit_test.cl -> /<<BUILDDIR>>/pyfai-0.13.0+dfsg/.pybuild/pythonX.Y_2.7/build/pyFAI/resources/openCL
copying pyFAI/resources/openCL/ocl_lut_pixelsplit3.cl -> /<<BUILDDIR>>/pyfai-0.13.0+dfsg/.pybuild/pythonX.Y_2.7/build/pyFAI/resources/openCL
copying pyFAI/resources/openCL/ocl_lut_pixelsplit2.cl -> /<<BUILDDIR>>/pyfai-0.13.0+dfsg/.pybuild/pythonX.Y_2.7/build/pyFAI/resources/openCL
copying pyFAI/resources/openCL/ocl_azim_kernel2d_2.cl -> /<<BUILDDIR>>/pyfai-0.13.0+dfsg/.pybuild/pythonX.Y_2.7/build/pyFAI/resources/openCL
copying pyFAI/resources/openCL/reduction_test.cl -> /<<BUILDDIR>>/pyfai-0.13.0+dfsg/.pybuild/pythonX.Y_2.7/build/pyFAI/resources/openCL
copying pyFAI/resources/openCL/ocl_azim_LUT.cl -> /<<BUILDDIR>>/pyfai-0.13.0+dfsg/.pybuild/pythonX.Y_2.7/build/pyFAI/resources/openCL
copying pyFAI/resources/openCL/ocl_lut.cl -> /<<BUILDDIR>>/pyfai-0.13.0+dfsg/.pybuild/pythonX.Y_2.7/build/pyFAI/resources/openCL
copying pyFAI/resources/openCL/ocl_hist_pixelsplit.cl -> /<<BUILDDIR>>/pyfai-0.13.0+dfsg/.pybuild/pythonX.Y_2.7/build/pyFAI/resources/openCL
copying pyFAI/resources/openCL/separate.cl -> /<<BUILDDIR>>/pyfai-0.13.0+dfsg/.pybuild/pythonX.Y_2.7/build/pyFAI/resources/openCL
running build_ext
building 'pyFAI.ext._geometry' extension
C compiler: x86_64-linux-gnu-gcc -pthread -DNDEBUG -g -fwrapv -O2 -Wall -Wstrict-prototypes -fno-strict-aliasing -g -O2 -fdebug-prefix-map=/<<BUILDDIR>>/pyfai-0.13.0+dfsg=. -fstack-protector-strong -Wformat -Werror=format-security -Wdate-time -D_FORTIFY_SOURCE=2 -fPIC

creating build
creating build/temp.linux-amd64-2.7
creating build/temp.linux-amd64-2.7/pyFAI
creating build/temp.linux-amd64-2.7/pyFAI/ext
compile options: '-IpyFAI/ext/include -IpyFAI/ext -I/usr/lib/python2.7/dist-packages/numpy/core/include -I/usr/include/python2.7 -c'
extra options: '-fopenmp'
x86_64-linux-gnu-gcc: pyFAI/ext/_geometry.c
In file included from pyFAI/ext/_geometry.c:458:
In file included from /usr/lib/python2.7/dist-packages/numpy/core/include/numpy/arrayobject.h:4:
In file included from /usr/lib/python2.7/dist-packages/numpy/core/include/numpy/ndarrayobject.h:18:
In file included from /usr/lib/python2.7/dist-packages/numpy/core/include/numpy/ndarraytypes.h:1788:
/usr/lib/python2.7/dist-packages/numpy/core/include/numpy/npy_1_7_deprecated_api.h:15:2: warning: "Using deprecated NumPy API, disable it by "          "#defining NPY_NO_DEPRECATED_API NPY_1_7_API_VERSION" [-W#warnings]
#warning "Using deprecated NumPy API, disable it by " \
 ^
pyFAI/ext/_geometry.c:464:10: fatal error: 'omp.h' file not found
#include <omp.h>
         ^~~~~~~
1 warning and 1 error generated.
In file included from pyFAI/ext/_geometry.c:458:
In file included from /usr/lib/python2.7/dist-packages/numpy/core/include/numpy/arrayobject.h:4:
In file included from /usr/lib/python2.7/dist-packages/numpy/core/include/numpy/ndarrayobject.h:18:
In file included from /usr/lib/python2.7/dist-packages/numpy/core/include/numpy/ndarraytypes.h:1788:
/usr/lib/python2.7/dist-packages/numpy/core/include/numpy/npy_1_7_deprecated_api.h:15:2: warning: "Using deprecated NumPy API, disable it by "          "#defining NPY_NO_DEPRECATED_API NPY_1_7_API_VERSION" [-W#warnings]
#warning "Using deprecated NumPy API, disable it by " \
 ^
pyFAI/ext/_geometry.c:464:10: fatal error: 'omp.h' file not found
#include <omp.h>
         ^~~~~~~
1 warning and 1 error generated.
error: Command "x86_64-linux-gnu-gcc -pthread -DNDEBUG -g -fwrapv -O2 -Wall -Wstrict-prototypes -fno-strict-aliasing -g -O2 -fdebug-prefix-map=/<<BUILDDIR>>/pyfai-0.13.0+dfsg=. -fstack-protector-strong -Wformat -Werror=format-security -Wdate-time -D_FORTIFY_SOURCE=2 -fPIC -IpyFAI/ext/include -IpyFAI/ext -I/usr/lib/python2.7/dist-packages/numpy/core/include -I/usr/include/python2.7 -c pyFAI/ext/_geometry.c -o build/temp.linux-amd64-2.7/pyFAI/ext/_geometry.o -fopenmp" failed with exit status 1
E: pybuild pybuild:283: build: plugin distutils failed with: exit code=1: /usr/bin/python setup.py build 
dh_auto_build: pybuild --build -i python{version} -p 2.7 returned exit code 13
debian/rules:7: recipe for target 'build-arch' failed
make: *** [build-arch] Error 25
dpkg-buildpackage: error: debian/rules build-arch gave error exit status 2
--------------------------------------------------------------------------------
Build finished at 2017-03-01T04:49:36Z

Finished
--------


+------------------------------------------------------------------------------+
| Cleanup                                                                      |
+------------------------------------------------------------------------------+

Purging /<<BUILDDIR>>
Not cleaning session: cloned chroot in use
E: Build failure (dpkg-buildpackage died)

+------------------------------------------------------------------------------+
| Summary                                                                      |
+------------------------------------------------------------------------------+

Build Architecture: amd64
Build-Space: 66232
Build-Time: 77
Distribution: unstable
Fail-Stage: build
Host Architecture: amd64
Install-Time: 64
Job: pyfai_0.13.0+dfsg-1
Machine Architecture: amd64
Package: pyfai
Package-Time: 158
Source-Version: 0.13.0+dfsg-1
Space: 66232
Status: attempted
Version: 0.13.0+dfsg-1
--------------------------------------------------------------------------------
Finished at 2017-03-01T04:49:36Z
Build needed 00:02:38, 66232k disk space
E: Build failure (dpkg-buildpackage died)
DC-Status: Failed 159.946140603s
DC-Time-Estimation: 159.946140603 versus expected 1 (r/m: 158.946140603 ; m: 1.0)
