DC-Build-Header: ruby-rmagick 2.16.0-2 / 2017-03-01 06:15:23 +0000
DC-Task: type:rebuild-binarch-only source:ruby-rmagick version:2.16.0-2 chroot:unstable esttime:100 logfile:/tmp/ruby-rmagick_2.16.0-2_unstable_clang4.0.log modes:clang:binarch-only
DC-Sbuild-call: su user42 -c 'sbuild -n --arch-any --apt-update -d unstable -v  --chroot-setup-commands=/tmp/clang ruby-rmagick_2.16.0-2'
sbuild (Debian sbuild) 0.72.0 (25 Oct 2016) on ip-172-31-19-168.eu-central-1.compute.internal

+==============================================================================+
| ruby-rmagick 2.16.0-2 (amd64)                Wed, 01 Mar 2017 06:15:24 +0000 |
+==============================================================================+

Package: ruby-rmagick
Version: 2.16.0-2
Source Version: 2.16.0-2
Distribution: unstable
Machine Architecture: amd64
Host Architecture: amd64
Build Architecture: amd64

I: NOTICE: Log filtering will replace 'var/lib/schroot/mount/unstable-amd64-sbuild-16848ac5-0ee9-4b68-9a46-cfdcb3753e8b' with '<<CHROOT>>'

+------------------------------------------------------------------------------+
| Chroot Setup Commands                                                        |
+------------------------------------------------------------------------------+


/tmp/clang
----------

+ echo 'Entering customization script...'
Entering customization script...
+ CLANG_VERSION=4.0
+ echo 'Install of clang-4.0'
Install of clang-4.0
+ apt-get update
Get:1 http://127.0.0.1:9999/debian unstable InRelease [231 kB]
Get:2 http://127.0.0.1:9999/debian unstable/main Sources.diff/Index [27.9 kB]
Get:3 http://127.0.0.1:9999/debian unstable/main amd64 Packages.diff/Index [27.9 kB]
Get:4 http://127.0.0.1:9999/debian unstable/main Sources 2017-02-28-0825.37.pdiff [2103 B]
Get:4 http://127.0.0.1:9999/debian unstable/main Sources 2017-02-28-0825.37.pdiff [2103 B]
Get:5 http://127.0.0.1:9999/debian unstable/main amd64 Packages 2017-02-28-0825.37.pdiff [2528 B]
Get:5 http://127.0.0.1:9999/debian unstable/main amd64 Packages 2017-02-28-0825.37.pdiff [2528 B]
Get:6 http://127.0.0.1:9999/debian unstable/main Translation-en [5646 kB]
Fetched 5938 kB in 2s (2846 kB/s)
Reading package lists...
W: No sandbox user '_apt' on the system, can not drop privileges
+ apt-get install --yes --no-install-recommends --force-yes clang-4.0
Reading package lists...
Building dependency tree...
Reading state information...
The following additional packages will be installed:
  libbsd0 libclang-common-4.0-dev libclang1-4.0 libedit2 libffi6 libjsoncpp1
  libllvm4.0 libncurses5 libobjc-6-dev libobjc4
Suggested packages:
  gnustep gnustep-devel clang-4.0-doc
Recommended packages:
  llvm-4.0-dev python libgpm2
The following NEW packages will be installed:
  clang-4.0 libbsd0 libclang-common-4.0-dev libclang1-4.0 libedit2 libffi6
  libjsoncpp1 libllvm4.0 libncurses5 libobjc-6-dev libobjc4
0 upgraded, 11 newly installed, 0 to remove and 0 not upgraded.
Need to get 74.7 MB of archives.
After this operation, 321 MB of additional disk space will be used.
Get:1 http://127.0.0.1:9999/debian unstable/main amd64 libbsd0 amd64 0.8.3-1 [83.0 kB]
Get:2 http://127.0.0.1:9999/debian unstable/main amd64 libncurses5 amd64 6.0+20161126-1 [93.4 kB]
Get:3 http://127.0.0.1:9999/debian unstable/main amd64 libedit2 amd64 3.1-20160903-3 [84.8 kB]
Get:4 http://127.0.0.1:9999/debian unstable/main amd64 libffi6 amd64 3.2.1-6 [20.4 kB]
Get:5 http://127.0.0.1:9999/debian unstable/main amd64 libllvm4.0 amd64 1:4.0~+rc2-1 [12.3 MB]
Get:6 http://127.0.0.1:9999/debian unstable/main amd64 libclang1-4.0 amd64 1:4.0~+rc2-1 [6358 kB]
Get:7 http://127.0.0.1:9999/debian unstable/main amd64 libjsoncpp1 amd64 1.7.4-3 [75.6 kB]
Get:8 http://127.0.0.1:9999/debian unstable/main amd64 libobjc4 amd64 6.3.0-8 [49.4 kB]
Get:9 http://127.0.0.1:9999/debian unstable/main amd64 libobjc-6-dev amd64 6.3.0-8 [197 kB]
Get:10 http://127.0.0.1:9999/debian unstable/main amd64 libclang-common-4.0-dev amd64 1:4.0~+rc2-1 [2767 kB]
Get:11 http://127.0.0.1:9999/debian unstable/main amd64 clang-4.0 amd64 1:4.0~+rc2-1 [52.7 MB]
debconf: delaying package configuration, since apt-utils is not installed
Fetched 74.7 MB in 0s (98.3 MB/s)
Selecting previously unselected package libbsd0:amd64.
(Reading database ... (Reading database ... 5%(Reading database ... 10%(Reading database ... 15%(Reading database ... 20%(Reading database ... 25%(Reading database ... 30%(Reading database ... 35%(Reading database ... 40%(Reading database ... 45%(Reading database ... 50%(Reading database ... 55%(Reading database ... 60%(Reading database ... 65%(Reading database ... 70%(Reading database ... 75%(Reading database ... 80%(Reading database ... 85%(Reading database ... 90%(Reading database ... 95%(Reading database ... 100%(Reading database ... 9584 files and directories currently installed.)
Preparing to unpack .../00-libbsd0_0.8.3-1_amd64.deb ...
Unpacking libbsd0:amd64 (0.8.3-1) ...
Selecting previously unselected package libncurses5:amd64.
Preparing to unpack .../01-libncurses5_6.0+20161126-1_amd64.deb ...
Unpacking libncurses5:amd64 (6.0+20161126-1) ...
Selecting previously unselected package libedit2:amd64.
Preparing to unpack .../02-libedit2_3.1-20160903-3_amd64.deb ...
Unpacking libedit2:amd64 (3.1-20160903-3) ...
Selecting previously unselected package libffi6:amd64.
Preparing to unpack .../03-libffi6_3.2.1-6_amd64.deb ...
Unpacking libffi6:amd64 (3.2.1-6) ...
Selecting previously unselected package libllvm4.0:amd64.
Preparing to unpack .../04-libllvm4.0_1%3a4.0~+rc2-1_amd64.deb ...
Unpacking libllvm4.0:amd64 (1:4.0~+rc2-1) ...
Selecting previously unselected package libclang1-4.0:amd64.
Preparing to unpack .../05-libclang1-4.0_1%3a4.0~+rc2-1_amd64.deb ...
Unpacking libclang1-4.0:amd64 (1:4.0~+rc2-1) ...
Selecting previously unselected package libjsoncpp1:amd64.
Preparing to unpack .../06-libjsoncpp1_1.7.4-3_amd64.deb ...
Unpacking libjsoncpp1:amd64 (1.7.4-3) ...
Selecting previously unselected package libobjc4:amd64.
Preparing to unpack .../07-libobjc4_6.3.0-8_amd64.deb ...
Unpacking libobjc4:amd64 (6.3.0-8) ...
Selecting previously unselected package libobjc-6-dev:amd64.
Preparing to unpack .../08-libobjc-6-dev_6.3.0-8_amd64.deb ...
Unpacking libobjc-6-dev:amd64 (6.3.0-8) ...
Selecting previously unselected package libclang-common-4.0-dev.
Preparing to unpack .../09-libclang-common-4.0-dev_1%3a4.0~+rc2-1_amd64.deb ...
Unpacking libclang-common-4.0-dev (1:4.0~+rc2-1) ...
Selecting previously unselected package clang-4.0.
Preparing to unpack .../10-clang-4.0_1%3a4.0~+rc2-1_amd64.deb ...
Unpacking clang-4.0 (1:4.0~+rc2-1) ...
Setting up libncurses5:amd64 (6.0+20161126-1) ...
Setting up libobjc4:amd64 (6.3.0-8) ...
Setting up libbsd0:amd64 (0.8.3-1) ...
Processing triggers for libc-bin (2.24-9) ...
Setting up libobjc-6-dev:amd64 (6.3.0-8) ...
Setting up libffi6:amd64 (3.2.1-6) ...
Setting up libjsoncpp1:amd64 (1.7.4-3) ...
Setting up libedit2:amd64 (3.1-20160903-3) ...
Setting up libllvm4.0:amd64 (1:4.0~+rc2-1) ...
Setting up libclang1-4.0:amd64 (1:4.0~+rc2-1) ...
Setting up libclang-common-4.0-dev (1:4.0~+rc2-1) ...
Setting up clang-4.0 (1:4.0~+rc2-1) ...
Processing triggers for libc-bin (2.24-9) ...
W: --force-yes is deprecated, use one of the options starting with --allow instead.
W: No sandbox user '_apt' on the system, can not drop privileges
+ echo 'Replace gcc, g++ & cpp by clang'
Replace gcc, g++ & cpp by clang
+ VERSIONS='4.6 4.7 4.8 4.9 5 6'
+ cd /usr/bin
+ for VERSION in $VERSIONS
+ rm -f g++-4.6 gcc-4.6 cpp-4.6 gcc
+ ln -s clang++-4.0 g++-4.6
+ ln -s clang-4.0 gcc-4.6
+ ln -s clang-4.0 cpp-4.6
+ ln -s clang-4.0 gcc
+ echo 'gcc-4.6 hold'
+ dpkg --set-selections
dpkg: warning: package not in status nor available database at line 1: gcc-4.6
dpkg: warning: found unknown packages; this might mean the available database
is outdated, and needs to be updated through a frontend method;
please see the FAQ <https://wiki.debian.org/Teams/Dpkg/FAQ>
+ echo 'g++-4.6 hold'
+ dpkg --set-selections
dpkg: warning: package not in status nor available database at line 1: g++-4.6
dpkg: warning: found unknown packages; this might mean the available database
is outdated, and needs to be updated through a frontend method;
please see the FAQ <https://wiki.debian.org/Teams/Dpkg/FAQ>
+ for VERSION in $VERSIONS
+ rm -f g++-4.7 gcc-4.7 cpp-4.7 gcc
+ ln -s clang++-4.0 g++-4.7
+ ln -s clang-4.0 gcc-4.7
+ ln -s clang-4.0 cpp-4.7
+ ln -s clang-4.0 gcc
+ echo 'gcc-4.7 hold'
+ dpkg --set-selections
dpkg: warning: package not in status nor available database at line 1: gcc-4.7
dpkg: warning: found unknown packages; this might mean the available database
is outdated, and needs to be updated through a frontend method;
please see the FAQ <https://wiki.debian.org/Teams/Dpkg/FAQ>
+ echo 'g++-4.7 hold'
+ dpkg --set-selections
dpkg: warning: package not in status nor available database at line 1: g++-4.7
dpkg: warning: found unknown packages; this might mean the available database
is outdated, and needs to be updated through a frontend method;
please see the FAQ <https://wiki.debian.org/Teams/Dpkg/FAQ>
+ for VERSION in $VERSIONS
+ rm -f g++-4.8 gcc-4.8 cpp-4.8 gcc
+ ln -s clang++-4.0 g++-4.8
+ ln -s clang-4.0 gcc-4.8
+ ln -s clang-4.0 cpp-4.8
+ ln -s clang-4.0 gcc
+ dpkg --set-selections
+ echo 'gcc-4.8 hold'
dpkg: warning: package not in status nor available database at line 1: gcc-4.8
dpkg: warning: found unknown packages; this might mean the available database
is outdated, and needs to be updated through a frontend method;
please see the FAQ <https://wiki.debian.org/Teams/Dpkg/FAQ>
+ dpkg --set-selections
+ echo 'g++-4.8 hold'
dpkg: warning: package not in status nor available database at line 1: g++-4.8
dpkg: warning: found unknown packages; this might mean the available database
is outdated, and needs to be updated through a frontend method;
please see the FAQ <https://wiki.debian.org/Teams/Dpkg/FAQ>
+ for VERSION in $VERSIONS
+ rm -f g++-4.9 gcc-4.9 cpp-4.9 gcc
+ ln -s clang++-4.0 g++-4.9
+ ln -s clang-4.0 gcc-4.9
+ ln -s clang-4.0 cpp-4.9
+ ln -s clang-4.0 gcc
+ dpkg --set-selections
+ echo 'gcc-4.9 hold'
dpkg: warning: package not in status nor available database at line 1: gcc-4.9
dpkg: warning: found unknown packages; this might mean the available database
is outdated, and needs to be updated through a frontend method;
please see the FAQ <https://wiki.debian.org/Teams/Dpkg/FAQ>
+ echo 'g++-4.9 hold'
+ dpkg --set-selections
dpkg: warning: package not in status nor available database at line 1: g++-4.9
dpkg: warning: found unknown packages; this might mean the available database
is outdated, and needs to be updated through a frontend method;
please see the FAQ <https://wiki.debian.org/Teams/Dpkg/FAQ>
+ for VERSION in $VERSIONS
+ rm -f g++-5 gcc-5 cpp-5 gcc
+ ln -s clang++-4.0 g++-5
+ ln -s clang-4.0 gcc-5
+ ln -s clang-4.0 cpp-5
+ ln -s clang-4.0 gcc
+ echo 'gcc-5 hold'
+ dpkg --set-selections
+ echo 'g++-5 hold'
+ dpkg --set-selections
+ for VERSION in $VERSIONS
+ rm -f g++-6 gcc-6 cpp-6 gcc
+ ln -s clang++-4.0 g++-6
+ ln -s clang-4.0 gcc-6
+ ln -s clang-4.0 cpp-6
+ ln -s clang-4.0 gcc
+ echo 'gcc-6 hold'
+ dpkg --set-selections
+ echo 'g++-6 hold'
+ dpkg --set-selections
+ cd -
/build/ruby-rmagick-wFHZvP
+ echo 'Check if gcc, g++ & cpp are actually clang'
Check if gcc, g++ & cpp are actually clang
+ gcc --version
+ grep clang
+ cpp --version
+ grep clang
+ g++ --version
+ grep clang

I: Finished running '/tmp/clang'.

Finished processing commands.
--------------------------------------------------------------------------------

+------------------------------------------------------------------------------+
| Update chroot                                                                |
+------------------------------------------------------------------------------+

Hit:1 http://127.0.0.1:9999/debian unstable InRelease
Reading package lists...
W: No sandbox user '_apt' on the system, can not drop privileges
Reading package lists...
Building dependency tree...
Reading state information...
Calculating upgrade...
0 upgraded, 0 newly installed, 0 to remove and 0 not upgraded.

+------------------------------------------------------------------------------+
| Fetch source files                                                           |
+------------------------------------------------------------------------------+


Check APT
---------

Checking available source versions...

Download source files with APT
------------------------------

Reading package lists...
NOTICE: 'ruby-rmagick' packaging is maintained in the 'Git' version control system at:
https://anonscm.debian.org/git/pkg-ruby-extras/ruby-rmagick.git
Please use:
git clone https://anonscm.debian.org/git/pkg-ruby-extras/ruby-rmagick.git
to retrieve the latest (possibly unreleased) updates to the package.
Need to get 1569 kB of source archives.
Get:1 http://127.0.0.1:9999/debian unstable/main ruby-rmagick 2.16.0-2 (dsc) [2350 B]
Get:2 http://127.0.0.1:9999/debian unstable/main ruby-rmagick 2.16.0-2 (tar) [1557 kB]
Get:3 http://127.0.0.1:9999/debian unstable/main ruby-rmagick 2.16.0-2 (diff) [9960 B]
Fetched 1569 kB in 0s (66.2 MB/s)
Download complete and in download only mode
I: NOTICE: Log filtering will replace 'build/ruby-rmagick-wFHZvP/ruby-rmagick-2.16.0' with '<<PKGBUILDDIR>>'
I: NOTICE: Log filtering will replace 'build/ruby-rmagick-wFHZvP' with '<<BUILDDIR>>'

+------------------------------------------------------------------------------+
| Install build-essential                                                      |
+------------------------------------------------------------------------------+


Setup apt archive
-----------------

Merged Build-Depends: build-essential, fakeroot
Filtered Build-Depends: build-essential, fakeroot
dpkg-deb: building package 'sbuild-build-depends-core-dummy' in '/<<BUILDDIR>>/resolver-Q7U5bS/apt_archive/sbuild-build-depends-core-dummy.deb'.
dpkg-scanpackages: warning: Packages in archive but missing from override file:
dpkg-scanpackages: warning:   sbuild-build-depends-core-dummy
dpkg-scanpackages: info: Wrote 1 entries to output Packages file.
Ign:1 copy:/<<BUILDDIR>>/resolver-Q7U5bS/apt_archive ./ InRelease
Get:2 copy:/<<BUILDDIR>>/resolver-Q7U5bS/apt_archive ./ Release [957 B]
Ign:3 copy:/<<BUILDDIR>>/resolver-Q7U5bS/apt_archive ./ Release.gpg
Get:4 copy:/<<BUILDDIR>>/resolver-Q7U5bS/apt_archive ./ Sources [349 B]
Get:5 copy:/<<BUILDDIR>>/resolver-Q7U5bS/apt_archive ./ Packages [433 B]
Fetched 1739 B in 0s (149 kB/s)
Reading package lists...
W: No sandbox user '_apt' on the system, can not drop privileges
Reading package lists...

Install core build dependencies (apt-based resolver)
----------------------------------------------------

Installing build dependencies
Reading package lists...
Building dependency tree...
Reading state information...
The following NEW packages will be installed:
  sbuild-build-depends-core-dummy
0 upgraded, 1 newly installed, 0 to remove and 0 not upgraded.
Need to get 782 B of archives.
After this operation, 0 B of additional disk space will be used.
Get:1 copy:/<<BUILDDIR>>/resolver-Q7U5bS/apt_archive ./ sbuild-build-depends-core-dummy 0.invalid.0 [782 B]
debconf: delaying package configuration, since apt-utils is not installed
Fetched 782 B in 0s (0 B/s)
Selecting previously unselected package sbuild-build-depends-core-dummy.
(Reading database ... 10086 files and directories currently installed.)
Preparing to unpack .../sbuild-build-depends-core-dummy_0.invalid.0_amd64.deb ...
Unpacking sbuild-build-depends-core-dummy (0.invalid.0) ...
Setting up sbuild-build-depends-core-dummy (0.invalid.0) ...
W: No sandbox user '_apt' on the system, can not drop privileges

+------------------------------------------------------------------------------+
| Check architectures                                                          |
+------------------------------------------------------------------------------+

Arch check ok (amd64 included in any all)

+------------------------------------------------------------------------------+
| Install package build dependencies                                           |
+------------------------------------------------------------------------------+


Setup apt archive
-----------------

Merged Build-Depends: debhelper (>= 9~), dpkg-dev (>= 1.16.1~), gem2deb, ghostscript, gsfonts, libmagickcore-dev (>= 7:6.6.0.4-2~), libmagickwand-dev, libwmf-bin, rake, ruby-rspec, ruby-simplecov
Filtered Build-Depends: debhelper (>= 9~), dpkg-dev (>= 1.16.1~), gem2deb, ghostscript, gsfonts, libmagickcore-dev (>= 7:6.6.0.4-2~), libmagickwand-dev, libwmf-bin, rake, ruby-rspec, ruby-simplecov
dpkg-deb: building package 'sbuild-build-depends-ruby-rmagick-dummy' in '/<<BUILDDIR>>/resolver-Q7U5bS/apt_archive/sbuild-build-depends-ruby-rmagick-dummy.deb'.
dpkg-scanpackages: warning: Packages in archive but missing from override file:
dpkg-scanpackages: warning:   sbuild-build-depends-core-dummy sbuild-build-depends-ruby-rmagick-dummy
dpkg-scanpackages: info: Wrote 2 entries to output Packages file.
Ign:1 copy:/<<BUILDDIR>>/resolver-Q7U5bS/apt_archive ./ InRelease
Get:2 copy:/<<BUILDDIR>>/resolver-Q7U5bS/apt_archive ./ Release [963 B]
Ign:3 copy:/<<BUILDDIR>>/resolver-Q7U5bS/apt_archive ./ Release.gpg
Get:4 copy:/<<BUILDDIR>>/resolver-Q7U5bS/apt_archive ./ Sources [582 B]
Get:5 copy:/<<BUILDDIR>>/resolver-Q7U5bS/apt_archive ./ Packages [661 B]
Fetched 2206 B in 0s (190 kB/s)
Reading package lists...
W: No sandbox user '_apt' on the system, can not drop privileges
Reading package lists...

Install ruby-rmagick build dependencies (apt-based resolver)
------------------------------------------------------------

Installing build dependencies
Reading package lists...
Building dependency tree...
Reading state information...
The following additional packages will be installed:
  autoconf automake autopoint autotools-dev bsdmainutils ca-certificates
  debhelper devscripts dh-autoreconf dh-python dh-strip-nondeterminism file
  fontconfig fontconfig-config fonts-dejavu-core gem2deb gem2deb-test-runner
  gettext gettext-base ghostscript gir1.2-freedesktop gir1.2-gdkpixbuf-2.0
  gir1.2-glib-2.0 gir1.2-rsvg-2.0 gnome-icon-theme groff-base gsfonts
  gtk-update-icon-cache hicolor-icon-theme icu-devtools imagemagick-6-common
  intltool-debian libarchive-zip-perl libatk1.0-0 libatk1.0-data
  libavahi-client3 libavahi-common-data libavahi-common3 libbz2-dev
  libcairo-gobject2 libcairo-script-interpreter2 libcairo2 libcairo2-dev
  libcdt5 libcgraph6 libcroco3 libcups2 libcupsimage2 libdatrie1 libdbus-1-3
  libdjvulibre-dev libdjvulibre-text libdjvulibre21 libelf1 libexif-dev
  libexif12 libexpat1 libexpat1-dev libfftw3-double3
  libfile-stripnondeterminism-perl libfontconfig1 libfontconfig1-dev
  libfreetype6 libfreetype6-dev libgd3 libgdk-pixbuf2.0-0
  libgdk-pixbuf2.0-common libgdk-pixbuf2.0-dev libgirepository-1.0-1
  libglib2.0-0 libglib2.0-bin libglib2.0-data libglib2.0-dev libgmp-dev
  libgmpxx4ldbl libgnutls30 libgraphite2-3 libgraphviz-dev libgs9
  libgs9-common libgssapi-krb5-2 libgtk2.0-0 libgtk2.0-common libgts-0.7-5
  libgvc6 libgvc6-plugins-gtk libgvpr2 libharfbuzz0b libhogweed4 libice-dev
  libice6 libicu-dev libicu57 libidn11 libijs-0.35 libilmbase-dev libilmbase12
  libjbig-dev libjbig0 libjbig2dec0 libjpeg-dev libjpeg62-turbo
  libjpeg62-turbo-dev libjs-jquery libjs-jquery-easing libjs-jquery-fancybox
  libjs-jquery-mousewheel libjs-jquery-ui libk5crypto3 libkeyutils1 libkrb5-3
  libkrb5support0 liblcms2-2 liblcms2-dev liblqr-1-0 liblqr-1-0-dev
  libltdl-dev libltdl7 liblzma-dev liblzo2-2 libmagic-mgc libmagic1
  libmagickcore-6-arch-config libmagickcore-6-headers libmagickcore-6.q16-3
  libmagickcore-6.q16-3-extra libmagickcore-6.q16-dev libmagickcore-dev
  libmagickwand-6-headers libmagickwand-6.q16-3 libmagickwand-6.q16-dev
  libmagickwand-dev libmpdec2 libnettle6 libopenexr-dev libopenexr22
  libopenjp2-7 libopenjp2-7-dev libp11-kit0 libpango-1.0-0 libpangocairo-1.0-0
  libpangoft2-1.0-0 libpaper1 libpathplan4 libpcre16-3 libpcre3-dev
  libpcre32-3 libpcrecpp0v5 libpipeline1 libpixman-1-0 libpixman-1-dev
  libpng-dev libpng16-16 libpthread-stubs0-dev libpython3-stdlib
  libpython3.5-minimal libpython3.5-stdlib libreadline7 librsvg2-2
  librsvg2-common librsvg2-dev libruby2.3 libsigsegv2 libsm-dev libsm6
  libsqlite3-0 libssl1.0.2 libssl1.1 libtasn1-6 libthai-data libthai0 libtiff5
  libtiff5-dev libtiffxx5 libtimedate-perl libtool libunistring0 libwebp6
  libwmf-bin libwmf-dev libwmf0.2-7 libx11-6 libx11-data libx11-dev libxau-dev
  libxau6 libxcb-render0 libxcb-render0-dev libxcb-shm0 libxcb-shm0-dev
  libxcb1 libxcb1-dev libxcomposite1 libxcursor1 libxdamage1 libxdmcp-dev
  libxdmcp6 libxdot4 libxext-dev libxext6 libxfixes3 libxi6 libxinerama1
  libxml2 libxml2-dev libxpm4 libxrandr2 libxrender-dev libxrender1 libxt-dev
  libxt6 libyaml-0-2 lsb-base m4 man-db mime-support openssl pkg-config
  po-debconf poppler-data python3 python3-minimal python3.5 python3.5-minimal
  rake readline-common ruby ruby-all-dev ruby-did-you-mean ruby-diff-lcs
  ruby-docile ruby-json ruby-minitest ruby-net-telnet ruby-power-assert
  ruby-rspec ruby-rspec-core ruby-rspec-expectations ruby-rspec-mocks
  ruby-rspec-support ruby-setup ruby-simplecov ruby-simplecov-html
  ruby-test-unit ruby-thread-order ruby2.3 ruby2.3-dev rubygems-integration
  shared-mime-info ucf x11-common x11proto-core-dev x11proto-input-dev
  x11proto-kb-dev x11proto-render-dev x11proto-xext-dev xorg-sgml-doctools
  xtrans-dev zlib1g-dev
Suggested packages:
  autoconf-archive gnu-standards autoconf-doc wamerican | wordlist whois
  vacation dh-make adequate autopkgtest bls-standalone bsd-mailx | mailx
  check-all-the-things cvs-buildpackage devscripts-el diffoscope disorderfs
  dose-extra duck faketime gnuplot how-can-i-help libauthen-sasl-perl
  libfile-desktopentry-perl libnet-smtps-perl libterm-size-perl
  libyaml-syck-perl mozilla-devscripts mutt piuparts ratt reprotest ssh-client
  svn-buildpackage w3m gettext-doc libasprintf-dev libgettextpo-dev
  ghostscript-x groff libcairo2-doc cups-common libfftw3-bin libfftw3-dev
  libgd-tools libglib2.0-doc gmp-doc libgmp10-doc libmpfr-dev gnutls-bin
  krb5-doc krb5-user gvfs libice-doc icu-doc libjs-jquery-ui-docs
  liblcms2-utils libtool-doc liblzma-doc inkscape librsvg2-bin librsvg2-doc
  libsm-doc gfortran | fortran95-compiler gcj-jdk libwmf-doc libxcb-doc
  libxext-doc libxt-doc m4-doc less www-browser libmail-box-perl poppler-utils
  fonts-japanese-mincho | fonts-ipafont-mincho fonts-japanese-gothic
  | fonts-ipafont-gothic fonts-arphic-ukai fonts-arphic-uming fonts-nanum
  python3-doc python3-tk python3-venv python3.5-venv python3.5-doc
  binfmt-support readline-doc ri ruby-dev bundler
Recommended packages:
  at dctrl-tools dput | dupload gnupg | gnupg2 libdistro-info-perl
  libencode-locale-perl libgit-wrapper-perl liblist-compare-perl liburi-perl
  libwww-perl licensecheck lintian patchutils python3-debian python3-magic
  strace unzip wdiff wget | curl debian-keyring equivs
  liblwp-protocol-https-perl libsoap-lite-perl apt-file curl | wget | lynx-cur
  bzip2-doc libcupsfilters1 dbus xdg-user-dirs fonts-droid-fallback
  libgail-common libgtk2.0-bin libgts-bin javascript-common krb5-locales
  libjxr-tools libpaper-utils libpng-tools libx11-doc xml-core
  libmail-sendmail-perl zip fonts-lato
The following NEW packages will be installed:
  autoconf automake autopoint autotools-dev bsdmainutils ca-certificates
  debhelper devscripts dh-autoreconf dh-python dh-strip-nondeterminism file
  fontconfig fontconfig-config fonts-dejavu-core gem2deb gem2deb-test-runner
  gettext gettext-base ghostscript gir1.2-freedesktop gir1.2-gdkpixbuf-2.0
  gir1.2-glib-2.0 gir1.2-rsvg-2.0 gnome-icon-theme groff-base gsfonts
  gtk-update-icon-cache hicolor-icon-theme icu-devtools imagemagick-6-common
  intltool-debian libarchive-zip-perl libatk1.0-0 libatk1.0-data
  libavahi-client3 libavahi-common-data libavahi-common3 libbz2-dev
  libcairo-gobject2 libcairo-script-interpreter2 libcairo2 libcairo2-dev
  libcdt5 libcgraph6 libcroco3 libcups2 libcupsimage2 libdatrie1 libdbus-1-3
  libdjvulibre-dev libdjvulibre-text libdjvulibre21 libelf1 libexif-dev
  libexif12 libexpat1 libexpat1-dev libfftw3-double3
  libfile-stripnondeterminism-perl libfontconfig1 libfontconfig1-dev
  libfreetype6 libfreetype6-dev libgd3 libgdk-pixbuf2.0-0
  libgdk-pixbuf2.0-common libgdk-pixbuf2.0-dev libgirepository-1.0-1
  libglib2.0-0 libglib2.0-bin libglib2.0-data libglib2.0-dev libgmp-dev
  libgmpxx4ldbl libgnutls30 libgraphite2-3 libgraphviz-dev libgs9
  libgs9-common libgssapi-krb5-2 libgtk2.0-0 libgtk2.0-common libgts-0.7-5
  libgvc6 libgvc6-plugins-gtk libgvpr2 libharfbuzz0b libhogweed4 libice-dev
  libice6 libicu-dev libicu57 libidn11 libijs-0.35 libilmbase-dev libilmbase12
  libjbig-dev libjbig0 libjbig2dec0 libjpeg-dev libjpeg62-turbo
  libjpeg62-turbo-dev libjs-jquery libjs-jquery-easing libjs-jquery-fancybox
  libjs-jquery-mousewheel libjs-jquery-ui libk5crypto3 libkeyutils1 libkrb5-3
  libkrb5support0 liblcms2-2 liblcms2-dev liblqr-1-0 liblqr-1-0-dev
  libltdl-dev libltdl7 liblzma-dev liblzo2-2 libmagic-mgc libmagic1
  libmagickcore-6-arch-config libmagickcore-6-headers libmagickcore-6.q16-3
  libmagickcore-6.q16-3-extra libmagickcore-6.q16-dev libmagickcore-dev
  libmagickwand-6-headers libmagickwand-6.q16-3 libmagickwand-6.q16-dev
  libmagickwand-dev libmpdec2 libnettle6 libopenexr-dev libopenexr22
  libopenjp2-7 libopenjp2-7-dev libp11-kit0 libpango-1.0-0 libpangocairo-1.0-0
  libpangoft2-1.0-0 libpaper1 libpathplan4 libpcre16-3 libpcre3-dev
  libpcre32-3 libpcrecpp0v5 libpipeline1 libpixman-1-0 libpixman-1-dev
  libpng-dev libpng16-16 libpthread-stubs0-dev libpython3-stdlib
  libpython3.5-minimal libpython3.5-stdlib libreadline7 librsvg2-2
  librsvg2-common librsvg2-dev libruby2.3 libsigsegv2 libsm-dev libsm6
  libsqlite3-0 libssl1.0.2 libssl1.1 libtasn1-6 libthai-data libthai0 libtiff5
  libtiff5-dev libtiffxx5 libtimedate-perl libtool libunistring0 libwebp6
  libwmf-bin libwmf-dev libwmf0.2-7 libx11-6 libx11-data libx11-dev libxau-dev
  libxau6 libxcb-render0 libxcb-render0-dev libxcb-shm0 libxcb-shm0-dev
  libxcb1 libxcb1-dev libxcomposite1 libxcursor1 libxdamage1 libxdmcp-dev
  libxdmcp6 libxdot4 libxext-dev libxext6 libxfixes3 libxi6 libxinerama1
  libxml2 libxml2-dev libxpm4 libxrandr2 libxrender-dev libxrender1 libxt-dev
  libxt6 libyaml-0-2 lsb-base m4 man-db mime-support openssl pkg-config
  po-debconf poppler-data python3 python3-minimal python3.5 python3.5-minimal
  rake readline-common ruby ruby-all-dev ruby-did-you-mean ruby-diff-lcs
  ruby-docile ruby-json ruby-minitest ruby-net-telnet ruby-power-assert
  ruby-rspec ruby-rspec-core ruby-rspec-expectations ruby-rspec-mocks
  ruby-rspec-support ruby-setup ruby-simplecov ruby-simplecov-html
  ruby-test-unit ruby-thread-order ruby2.3 ruby2.3-dev rubygems-integration
  sbuild-build-depends-ruby-rmagick-dummy shared-mime-info ucf x11-common
  x11proto-core-dev x11proto-input-dev x11proto-kb-dev x11proto-render-dev
  x11proto-xext-dev xorg-sgml-doctools xtrans-dev zlib1g-dev
0 upgraded, 260 newly installed, 0 to remove and 0 not upgraded.
Need to get 136 MB of archives.
After this operation, 470 MB of additional disk space will be used.
Get:1 copy:/<<BUILDDIR>>/resolver-Q7U5bS/apt_archive ./ sbuild-build-depends-ruby-rmagick-dummy 0.invalid.0 [870 B]
Get:2 http://127.0.0.1:9999/debian unstable/main amd64 groff-base amd64 1.22.3-9 [1160 kB]
Get:3 http://127.0.0.1:9999/debian unstable/main amd64 bsdmainutils amd64 9.0.12 [185 kB]
Get:4 http://127.0.0.1:9999/debian unstable/main amd64 libpipeline1 amd64 1.4.1-2 [27.6 kB]
Get:5 http://127.0.0.1:9999/debian unstable/main amd64 man-db amd64 2.7.6.1-2 [1044 kB]
Get:6 http://127.0.0.1:9999/debian unstable/main amd64 libexpat1 amd64 2.2.0-2 [83.3 kB]
Get:7 http://127.0.0.1:9999/debian unstable/main amd64 libpng16-16 amd64 1.6.28-1 [280 kB]
Get:8 http://127.0.0.1:9999/debian unstable/main amd64 libfreetype6 amd64 2.6.3-3+b2 [437 kB]
Get:9 http://127.0.0.1:9999/debian unstable/main amd64 ucf all 3.0036 [70.2 kB]
Get:10 http://127.0.0.1:9999/debian unstable/main amd64 fonts-dejavu-core all 2.37-1 [1068 kB]
Get:11 http://127.0.0.1:9999/debian unstable/main amd64 fontconfig-config all 2.11.0-6.7 [271 kB]
Get:12 http://127.0.0.1:9999/debian unstable/main amd64 libfontconfig1 amd64 2.11.0-6.7+b1 [331 kB]
Get:13 http://127.0.0.1:9999/debian unstable/main amd64 fontconfig amd64 2.11.0-6.7+b1 [404 kB]
Get:14 http://127.0.0.1:9999/debian unstable/main amd64 libexif12 amd64 0.6.21-2 [324 kB]
Get:15 http://127.0.0.1:9999/debian unstable/main amd64 lsb-base all 9.20161125 [27.9 kB]
Get:16 http://127.0.0.1:9999/debian unstable/main amd64 x11-common all 1:7.7+18 [251 kB]
Get:17 http://127.0.0.1:9999/debian unstable/main amd64 libice6 amd64 2:1.0.9-1+b1 [58.8 kB]
Get:18 http://127.0.0.1:9999/debian unstable/main amd64 libglib2.0-0 amd64 2.50.3-1 [2691 kB]
Get:19 http://127.0.0.1:9999/debian unstable/main amd64 liblqr-1-0 amd64 0.4.2-2 [24.6 kB]
Get:20 http://127.0.0.1:9999/debian unstable/main amd64 liblzo2-2 amd64 2.08-1.2 [54.6 kB]
Get:21 http://127.0.0.1:9999/debian unstable/main amd64 imagemagick-6-common all 8:6.9.7.4+dfsg-1 [181 kB]
Get:22 http://127.0.0.1:9999/debian unstable/main amd64 libmagickcore-6-arch-config amd64 8:6.9.7.4+dfsg-1 [145 kB]
Get:23 http://127.0.0.1:9999/debian unstable/main amd64 libmagickcore-6-headers all 8:6.9.7.4+dfsg-1 [46.9 kB]
Get:24 http://127.0.0.1:9999/debian unstable/main amd64 libfftw3-double3 amd64 3.3.5-3 [731 kB]
Get:25 http://127.0.0.1:9999/debian unstable/main amd64 libjbig0 amd64 2.1-3.1+b2 [31.0 kB]
Get:26 http://127.0.0.1:9999/debian unstable/main amd64 libjpeg62-turbo amd64 1:1.5.1-2 [134 kB]
Get:27 http://127.0.0.1:9999/debian unstable/main amd64 liblcms2-2 amd64 2.8-4 [143 kB]
Get:28 http://127.0.0.1:9999/debian unstable/main amd64 libltdl7 amd64 2.4.6-2 [389 kB]
Get:29 http://127.0.0.1:9999/debian unstable/main amd64 libopenjp2-7 amd64 2.1.2-1.1 [121 kB]
Get:30 http://127.0.0.1:9999/debian unstable/main amd64 libtiff5 amd64 4.0.7-5 [230 kB]
Get:31 http://127.0.0.1:9999/debian unstable/main amd64 libxau6 amd64 1:1.0.8-1 [20.7 kB]
Get:32 http://127.0.0.1:9999/debian unstable/main amd64 libxdmcp6 amd64 1:1.1.2-1.1 [26.2 kB]
Get:33 http://127.0.0.1:9999/debian unstable/main amd64 libxcb1 amd64 1.12-1 [133 kB]
Get:34 http://127.0.0.1:9999/debian unstable/main amd64 libx11-data all 2:1.6.4-3 [290 kB]
Get:35 http://127.0.0.1:9999/debian unstable/main amd64 libx11-6 amd64 2:1.6.4-3 [747 kB]
Get:36 http://127.0.0.1:9999/debian unstable/main amd64 libxext6 amd64 2:1.3.3-1 [52.7 kB]
Get:37 http://127.0.0.1:9999/debian unstable/main amd64 libicu57 amd64 57.1-5 [7700 kB]
Get:38 http://127.0.0.1:9999/debian unstable/main amd64 libxml2 amd64 2.9.4+dfsg1-2.2 [919 kB]
Get:39 http://127.0.0.1:9999/debian unstable/main amd64 libmagickcore-6.q16-3 amd64 8:6.9.7.4+dfsg-1 [1736 kB]
Get:40 http://127.0.0.1:9999/debian unstable/main amd64 libpixman-1-0 amd64 0.34.0-1 [530 kB]
Get:41 http://127.0.0.1:9999/debian unstable/main amd64 libxcb-render0 amd64 1.12-1 [105 kB]
Get:42 http://127.0.0.1:9999/debian unstable/main amd64 libxcb-shm0 amd64 1.12-1 [95.9 kB]
Get:43 http://127.0.0.1:9999/debian unstable/main amd64 libxrender1 amd64 1:0.9.10-1 [33.0 kB]
Get:44 http://127.0.0.1:9999/debian unstable/main amd64 libcairo2 amd64 1.14.8-1 [771 kB]
Get:45 http://127.0.0.1:9999/debian unstable/main amd64 libdjvulibre-text all 3.5.27.1-7 [60.7 kB]
Get:46 http://127.0.0.1:9999/debian unstable/main amd64 libdjvulibre21 amd64 3.5.27.1-7 [568 kB]
Get:47 http://127.0.0.1:9999/debian unstable/main amd64 libmagickwand-6.q16-3 amd64 8:6.9.7.4+dfsg-1 [417 kB]
Get:48 http://127.0.0.1:9999/debian unstable/main amd64 libilmbase12 amd64 2.2.0-12 [85.3 kB]
Get:49 http://127.0.0.1:9999/debian unstable/main amd64 libopenexr22 amd64 2.2.0-11+b1 [577 kB]
Get:50 http://127.0.0.1:9999/debian unstable/main amd64 libthai-data all 0.1.26-1 [166 kB]
Get:51 http://127.0.0.1:9999/debian unstable/main amd64 libdatrie1 amd64 0.2.10-4+b1 [36.4 kB]
Get:52 http://127.0.0.1:9999/debian unstable/main amd64 libthai0 amd64 0.1.26-1 [52.1 kB]
Get:53 http://127.0.0.1:9999/debian unstable/main amd64 libpango-1.0-0 amd64 1.40.3-3 [314 kB]
Get:54 http://127.0.0.1:9999/debian unstable/main amd64 libgraphite2-3 amd64 1.3.9-4 [83.8 kB]
Get:55 http://127.0.0.1:9999/debian unstable/main amd64 libharfbuzz0b amd64 1.4.2-1 [671 kB]
Get:56 http://127.0.0.1:9999/debian unstable/main amd64 libpangoft2-1.0-0 amd64 1.40.3-3 [200 kB]
Get:57 http://127.0.0.1:9999/debian unstable/main amd64 libpangocairo-1.0-0 amd64 1.40.3-3 [188 kB]
Get:58 http://127.0.0.1:9999/debian unstable/main amd64 shared-mime-info amd64 1.8-1 [731 kB]
Get:59 http://127.0.0.1:9999/debian unstable/main amd64 libgdk-pixbuf2.0-common all 2.36.5-2 [310 kB]
Get:60 http://127.0.0.1:9999/debian unstable/main amd64 libgdk-pixbuf2.0-0 amd64 2.36.5-2 [169 kB]
Get:61 http://127.0.0.1:9999/debian unstable/main amd64 libwmf0.2-7 amd64 0.2.8.4-10.6 [167 kB]
Get:62 http://127.0.0.1:9999/debian unstable/main amd64 libmagickcore-6.q16-3-extra amd64 8:6.9.7.4+dfsg-1 [186 kB]
Get:63 http://127.0.0.1:9999/debian unstable/main amd64 libbz2-dev amd64 1.0.6-8.1 [29.4 kB]
Get:64 http://127.0.0.1:9999/debian unstable/main amd64 libjpeg62-turbo-dev amd64 1:1.5.1-2 [210 kB]
Get:65 http://127.0.0.1:9999/debian unstable/main amd64 libjpeg-dev all 1:1.5.1-2 [56.1 kB]
Get:66 http://127.0.0.1:9999/debian unstable/main amd64 libdjvulibre-dev amd64 3.5.27.1-7 [2375 kB]
Get:67 http://127.0.0.1:9999/debian unstable/main amd64 libjs-jquery all 3.1.1-2 [154 kB]
Get:68 http://127.0.0.1:9999/debian unstable/main amd64 libexif-dev amd64 0.6.21-2 [398 kB]
Get:69 http://127.0.0.1:9999/debian unstable/main amd64 zlib1g-dev amd64 1:1.2.8.dfsg-5 [205 kB]
Get:70 http://127.0.0.1:9999/debian unstable/main amd64 libpng-dev amd64 1.6.28-1 [250 kB]
Get:71 http://127.0.0.1:9999/debian unstable/main amd64 libfreetype6-dev amd64 2.6.3-3+b2 [5815 kB]
Get:72 http://127.0.0.1:9999/debian unstable/main amd64 libcdt5 amd64 2.38.0-17 [59.6 kB]
Get:73 http://127.0.0.1:9999/debian unstable/main amd64 libcgraph6 amd64 2.38.0-17 [82.2 kB]
Get:74 http://127.0.0.1:9999/debian unstable/main amd64 libwebp6 amd64 0.5.2-1 [235 kB]
Get:75 http://127.0.0.1:9999/debian unstable/main amd64 libxpm4 amd64 1:3.5.12-1 [49.1 kB]
Get:76 http://127.0.0.1:9999/debian unstable/main amd64 libgd3 amd64 2.2.4-2 [132 kB]
Get:77 http://127.0.0.1:9999/debian unstable/main amd64 libgts-0.7-5 amd64 0.7.6+darcs121130-4 [158 kB]
Get:78 http://127.0.0.1:9999/debian unstable/main amd64 libpathplan4 amd64 2.38.0-17 [62.8 kB]
Get:79 http://127.0.0.1:9999/debian unstable/main amd64 libxdot4 amd64 2.38.0-17 [55.6 kB]
Get:80 http://127.0.0.1:9999/debian unstable/main amd64 libgvc6 amd64 2.38.0-17 [639 kB]
Get:81 http://127.0.0.1:9999/debian unstable/main amd64 libgvpr2 amd64 2.38.0-17 [211 kB]
Get:82 http://127.0.0.1:9999/debian unstable/main amd64 libatk1.0-data all 2.22.0-1 [172 kB]
Get:83 http://127.0.0.1:9999/debian unstable/main amd64 libatk1.0-0 amd64 2.22.0-1 [78.4 kB]
Get:84 http://127.0.0.1:9999/debian unstable/main amd64 libgtk2.0-common all 2.24.31-2 [2693 kB]
Get:85 http://127.0.0.1:9999/debian unstable/main amd64 libavahi-common-data amd64 0.6.32-2 [118 kB]
Get:86 http://127.0.0.1:9999/debian unstable/main amd64 libavahi-common3 amd64 0.6.32-2 [52.0 kB]
Get:87 http://127.0.0.1:9999/debian unstable/main amd64 libdbus-1-3 amd64 1.10.16-1 [192 kB]
Get:88 http://127.0.0.1:9999/debian unstable/main amd64 libavahi-client3 amd64 0.6.32-2 [55.3 kB]
Get:89 http://127.0.0.1:9999/debian unstable/main amd64 libnettle6 amd64 3.3-1+b1 [191 kB]
Get:90 http://127.0.0.1:9999/debian unstable/main amd64 libhogweed4 amd64 3.3-1+b1 [136 kB]
Get:91 http://127.0.0.1:9999/debian unstable/main amd64 libidn11 amd64 1.33-1 [115 kB]
Get:92 http://127.0.0.1:9999/debian unstable/main amd64 libp11-kit0 amd64 0.23.3-5 [112 kB]
Get:93 http://127.0.0.1:9999/debian unstable/main amd64 libtasn1-6 amd64 4.10-1 [50.3 kB]
Get:94 http://127.0.0.1:9999/debian unstable/main amd64 libgnutls30 amd64 3.5.8-3 [894 kB]
Get:95 http://127.0.0.1:9999/debian unstable/main amd64 libkeyutils1 amd64 1.5.9-9 [12.4 kB]
Get:96 http://127.0.0.1:9999/debian unstable/main amd64 libkrb5support0 amd64 1.15-1 [61.7 kB]
Get:97 http://127.0.0.1:9999/debian unstable/main amd64 libk5crypto3 amd64 1.15-1 [119 kB]
Get:98 http://127.0.0.1:9999/debian unstable/main amd64 libkrb5-3 amd64 1.15-1 [311 kB]
Get:99 http://127.0.0.1:9999/debian unstable/main amd64 libgssapi-krb5-2 amd64 1.15-1 [154 kB]
Get:100 http://127.0.0.1:9999/debian unstable/main amd64 libcups2 amd64 2.2.1-8 [306 kB]
Get:101 http://127.0.0.1:9999/debian unstable/main amd64 libxcomposite1 amd64 1:0.4.4-2 [16.5 kB]
Get:102 http://127.0.0.1:9999/debian unstable/main amd64 libxfixes3 amd64 1:5.0.3-1 [21.9 kB]
Get:103 http://127.0.0.1:9999/debian unstable/main amd64 libxcursor1 amd64 1:1.1.14-1+b1 [35.1 kB]
Get:104 http://127.0.0.1:9999/debian unstable/main amd64 libxdamage1 amd64 1:1.1.4-2+b1 [14.7 kB]
Get:105 http://127.0.0.1:9999/debian unstable/main amd64 libxi6 amd64 2:1.7.9-1 [82.6 kB]
Get:106 http://127.0.0.1:9999/debian unstable/main amd64 libxinerama1 amd64 2:1.1.3-1+b1 [16.9 kB]
Get:107 http://127.0.0.1:9999/debian unstable/main amd64 libxrandr2 amd64 2:1.5.1-1 [37.5 kB]
Get:108 http://127.0.0.1:9999/debian unstable/main amd64 hicolor-icon-theme all 0.15-1 [9550 B]
Get:109 http://127.0.0.1:9999/debian unstable/main amd64 gtk-update-icon-cache amd64 3.22.8-1 [76.4 kB]
Get:110 http://127.0.0.1:9999/debian unstable/main amd64 libcroco3 amd64 0.6.11-2 [143 kB]
Get:111 http://127.0.0.1:9999/debian unstable/main amd64 librsvg2-2 amd64 2.40.16-1+b1 [281 kB]
Get:112 http://127.0.0.1:9999/debian unstable/main amd64 librsvg2-common amd64 2.40.16-1+b1 [194 kB]
Get:113 http://127.0.0.1:9999/debian unstable/main amd64 gnome-icon-theme all 3.12.0-2 [9890 kB]
Get:114 http://127.0.0.1:9999/debian unstable/main amd64 libgtk2.0-0 amd64 2.24.31-2 [1800 kB]
Get:115 http://127.0.0.1:9999/debian unstable/main amd64 libgvc6-plugins-gtk amd64 2.38.0-17 [59.7 kB]
Get:116 http://127.0.0.1:9999/debian unstable/main amd64 libexpat1-dev amd64 2.2.0-2 [134 kB]
Get:117 http://127.0.0.1:9999/debian unstable/main amd64 libltdl-dev amd64 2.4.6-2 [161 kB]
Get:118 http://127.0.0.1:9999/debian unstable/main amd64 libgraphviz-dev amd64 2.38.0-17 [98.8 kB]
Get:119 http://127.0.0.1:9999/debian unstable/main amd64 libopenjp2-7-dev amd64 2.1.2-1.1 [37.9 kB]
Get:120 http://127.0.0.1:9999/debian unstable/main amd64 liblcms2-dev amd64 2.8-4 [4866 kB]
Get:121 http://127.0.0.1:9999/debian unstable/main amd64 liblqr-1-0-dev amd64 0.4.2-2 [74.2 kB]
Get:122 http://127.0.0.1:9999/debian unstable/main amd64 libilmbase-dev amd64 2.2.0-12 [76.7 kB]
Get:123 http://127.0.0.1:9999/debian unstable/main amd64 libopenexr-dev amd64 2.2.0-11+b1 [701 kB]
Get:124 http://127.0.0.1:9999/debian unstable/main amd64 libgirepository-1.0-1 amd64 1.50.0-1+b1 [89.0 kB]
Get:125 http://127.0.0.1:9999/debian unstable/main amd64 gir1.2-glib-2.0 amd64 1.50.0-1+b1 [139 kB]
Get:126 http://127.0.0.1:9999/debian unstable/main amd64 libcairo-gobject2 amd64 1.14.8-1 [336 kB]
Get:127 http://127.0.0.1:9999/debian unstable/main amd64 gir1.2-freedesktop amd64 1.50.0-1+b1 [15.4 kB]
Get:128 http://127.0.0.1:9999/debian unstable/main amd64 gir1.2-gdkpixbuf-2.0 amd64 2.36.5-2 [15.2 kB]
Get:129 http://127.0.0.1:9999/debian unstable/main amd64 gir1.2-rsvg-2.0 amd64 2.40.16-1+b1 [192 kB]
Get:130 http://127.0.0.1:9999/debian unstable/main amd64 libssl1.1 amd64 1.1.0e-1 [1341 kB]
Get:131 http://127.0.0.1:9999/debian unstable/main amd64 libpython3.5-minimal amd64 3.5.3-1 [573 kB]
Get:132 http://127.0.0.1:9999/debian unstable/main amd64 python3.5-minimal amd64 3.5.3-1 [1688 kB]
Get:133 http://127.0.0.1:9999/debian unstable/main amd64 python3-minimal amd64 3.5.3-1 [35.3 kB]
Get:134 http://127.0.0.1:9999/debian unstable/main amd64 mime-support all 3.60 [36.7 kB]
Get:135 http://127.0.0.1:9999/debian unstable/main amd64 libmpdec2 amd64 2.4.2-1 [85.2 kB]
Get:136 http://127.0.0.1:9999/debian unstable/main amd64 readline-common all 7.0-2 [70.4 kB]
Get:137 http://127.0.0.1:9999/debian unstable/main amd64 libreadline7 amd64 7.0-2 [151 kB]
Get:138 http://127.0.0.1:9999/debian unstable/main amd64 libsqlite3-0 amd64 3.16.2-3 [572 kB]
Get:139 http://127.0.0.1:9999/debian unstable/main amd64 libpython3.5-stdlib amd64 3.5.3-1 [2166 kB]
Get:140 http://127.0.0.1:9999/debian unstable/main amd64 python3.5 amd64 3.5.3-1 [229 kB]
Get:141 http://127.0.0.1:9999/debian unstable/main amd64 libpython3-stdlib amd64 3.5.3-1 [18.6 kB]
Get:142 http://127.0.0.1:9999/debian unstable/main amd64 dh-python all 2.20170125 [86.8 kB]
Get:143 http://127.0.0.1:9999/debian unstable/main amd64 python3 amd64 3.5.3-1 [21.6 kB]
Get:144 http://127.0.0.1:9999/debian unstable/main amd64 libelf1 amd64 0.168-0.2 [156 kB]
Get:145 http://127.0.0.1:9999/debian unstable/main amd64 libglib2.0-data all 2.50.3-1 [2518 kB]
Get:146 http://127.0.0.1:9999/debian unstable/main amd64 libglib2.0-bin amd64 2.50.3-1 [1614 kB]
Get:147 http://127.0.0.1:9999/debian unstable/main amd64 libpcre16-3 amd64 2:8.39-2.1 [258 kB]
Get:148 http://127.0.0.1:9999/debian unstable/main amd64 libpcre32-3 amd64 2:8.39-2.1 [249 kB]
Get:149 http://127.0.0.1:9999/debian unstable/main amd64 libpcrecpp0v5 amd64 2:8.39-2.1 [151 kB]
Get:150 http://127.0.0.1:9999/debian unstable/main amd64 libpcre3-dev amd64 2:8.39-2.1 [645 kB]
Get:151 http://127.0.0.1:9999/debian unstable/main amd64 pkg-config amd64 0.29-4 [62.5 kB]
Get:152 http://127.0.0.1:9999/debian unstable/main amd64 libglib2.0-dev amd64 2.50.3-1 [2983 kB]
Get:153 http://127.0.0.1:9999/debian unstable/main amd64 xorg-sgml-doctools all 1:1.11-1 [21.9 kB]
Get:154 http://127.0.0.1:9999/debian unstable/main amd64 x11proto-core-dev all 7.0.31-1 [728 kB]
Get:155 http://127.0.0.1:9999/debian unstable/main amd64 libxau-dev amd64 1:1.0.8-1 [23.6 kB]
Get:156 http://127.0.0.1:9999/debian unstable/main amd64 libxdmcp-dev amd64 1:1.1.2-1.1 [42.0 kB]
Get:157 http://127.0.0.1:9999/debian unstable/main amd64 x11proto-input-dev all 2.3.2-1 [158 kB]
Get:158 http://127.0.0.1:9999/debian unstable/main amd64 x11proto-kb-dev all 1.0.7-1 [233 kB]
Get:159 http://127.0.0.1:9999/debian unstable/main amd64 xtrans-dev all 1.3.5-1 [100 kB]
Get:160 http://127.0.0.1:9999/debian unstable/main amd64 libpthread-stubs0-dev amd64 0.3-4 [3866 B]
Get:161 http://127.0.0.1:9999/debian unstable/main amd64 libxcb1-dev amd64 1.12-1 [169 kB]
Get:162 http://127.0.0.1:9999/debian unstable/main amd64 libx11-dev amd64 2:1.6.4-3 [815 kB]
Get:163 http://127.0.0.1:9999/debian unstable/main amd64 libgdk-pixbuf2.0-dev amd64 2.36.5-2 [54.2 kB]
Get:164 http://127.0.0.1:9999/debian unstable/main amd64 libcairo-script-interpreter2 amd64 1.14.8-1 [373 kB]
Get:165 http://127.0.0.1:9999/debian unstable/main amd64 libfontconfig1-dev amd64 2.11.0-6.7+b1 [897 kB]
Get:166 http://127.0.0.1:9999/debian unstable/main amd64 x11proto-render-dev all 2:0.11.1-2 [20.8 kB]
Get:167 http://127.0.0.1:9999/debian unstable/main amd64 libxrender-dev amd64 1:0.9.10-1 [40.8 kB]
Get:168 http://127.0.0.1:9999/debian unstable/main amd64 x11proto-xext-dev all 7.3.0-1 [212 kB]
Get:169 http://127.0.0.1:9999/debian unstable/main amd64 libxext-dev amd64 2:1.3.3-1 [107 kB]
Get:170 http://127.0.0.1:9999/debian unstable/main amd64 libsm6 amd64 2:1.2.2-1+b1 [33.6 kB]
Get:171 http://127.0.0.1:9999/debian unstable/main amd64 libice-dev amd64 2:1.0.9-1+b1 [66.3 kB]
Get:172 http://127.0.0.1:9999/debian unstable/main amd64 libsm-dev amd64 2:1.2.2-1+b1 [35.8 kB]
Get:173 http://127.0.0.1:9999/debian unstable/main amd64 libpixman-1-dev amd64 0.34.0-1 [547 kB]
Get:174 http://127.0.0.1:9999/debian unstable/main amd64 libxcb-render0-dev amd64 1.12-1 [109 kB]
Get:175 http://127.0.0.1:9999/debian unstable/main amd64 libxcb-shm0-dev amd64 1.12-1 [96.9 kB]
Get:176 http://127.0.0.1:9999/debian unstable/main amd64 libcairo2-dev amd64 1.14.8-1 [919 kB]
Get:177 http://127.0.0.1:9999/debian unstable/main amd64 librsvg2-dev amd64 2.40.16-1+b1 [293 kB]
Get:178 http://127.0.0.1:9999/debian unstable/main amd64 libjbig-dev amd64 2.1-3.1+b2 [30.5 kB]
Get:179 http://127.0.0.1:9999/debian unstable/main amd64 liblzma-dev amd64 5.2.2-1.2+b1 [292 kB]
Get:180 http://127.0.0.1:9999/debian unstable/main amd64 libtiffxx5 amd64 4.0.7-5 [91.2 kB]
Get:181 http://127.0.0.1:9999/debian unstable/main amd64 libtiff5-dev amd64 4.0.7-5 [352 kB]
Get:182 http://127.0.0.1:9999/debian unstable/main amd64 libwmf-dev amd64 0.2.8.4-10.6 [189 kB]
Get:183 http://127.0.0.1:9999/debian unstable/main amd64 icu-devtools amd64 57.1-5 [177 kB]
Get:184 http://127.0.0.1:9999/debian unstable/main amd64 libicu-dev amd64 57.1-5 [16.5 MB]
Get:185 http://127.0.0.1:9999/debian unstable/main amd64 libxml2-dev amd64 2.9.4+dfsg1-2.2 [811 kB]
Get:186 http://127.0.0.1:9999/debian unstable/main amd64 libxt6 amd64 1:1.1.5-1 [188 kB]
Get:187 http://127.0.0.1:9999/debian unstable/main amd64 libxt-dev amd64 1:1.1.5-1 [423 kB]
Get:188 http://127.0.0.1:9999/debian unstable/main amd64 libmagickcore-6.q16-dev amd64 8:6.9.7.4+dfsg-1 [1088 kB]
Get:189 http://127.0.0.1:9999/debian unstable/main amd64 libmagickcore-dev all 8:6.9.7.4+dfsg-1 [1254 B]
Get:190 http://127.0.0.1:9999/debian unstable/main amd64 libmagickwand-6-headers all 8:6.9.7.4+dfsg-1 [10.5 kB]
Get:191 http://127.0.0.1:9999/debian unstable/main amd64 libmagickwand-6.q16-dev amd64 8:6.9.7.4+dfsg-1 [415 kB]
Get:192 http://127.0.0.1:9999/debian unstable/main amd64 libmagickwand-dev all 8:6.9.7.4+dfsg-1 [1244 B]
Get:193 http://127.0.0.1:9999/debian unstable/main amd64 poppler-data all 0.4.7-8 [1451 kB]
Get:194 http://127.0.0.1:9999/debian unstable/main amd64 libssl1.0.2 amd64 1.0.2k-1 [1294 kB]
Get:195 http://127.0.0.1:9999/debian unstable/main amd64 libmagic-mgc amd64 1:5.29-3 [221 kB]
Get:196 http://127.0.0.1:9999/debian unstable/main amd64 libmagic1 amd64 1:5.29-3 [110 kB]
Get:197 http://127.0.0.1:9999/debian unstable/main amd64 file amd64 1:5.29-3 [63.7 kB]
Get:198 http://127.0.0.1:9999/debian unstable/main amd64 gettext-base amd64 0.19.8.1-2 [121 kB]
Get:199 http://127.0.0.1:9999/debian unstable/main amd64 libsigsegv2 amd64 2.10-5 [28.9 kB]
Get:200 http://127.0.0.1:9999/debian unstable/main amd64 m4 amd64 1.4.18-1 [202 kB]
Get:201 http://127.0.0.1:9999/debian unstable/main amd64 autoconf all 2.69-10 [338 kB]
Get:202 http://127.0.0.1:9999/debian unstable/main amd64 autotools-dev all 20161112.1 [73.4 kB]
Get:203 http://127.0.0.1:9999/debian unstable/main amd64 automake all 1:1.15-6 [733 kB]
Get:204 http://127.0.0.1:9999/debian unstable/main amd64 autopoint all 0.19.8.1-2 [433 kB]
Get:205 http://127.0.0.1:9999/debian unstable/main amd64 openssl amd64 1.1.0e-1 [739 kB]
Get:206 http://127.0.0.1:9999/debian unstable/main amd64 ca-certificates all 20161130 [203 kB]
Get:207 http://127.0.0.1:9999/debian unstable/main amd64 libtool all 2.4.6-2 [545 kB]
Get:208 http://127.0.0.1:9999/debian unstable/main amd64 dh-autoreconf all 13 [15.8 kB]
Get:209 http://127.0.0.1:9999/debian unstable/main amd64 libarchive-zip-perl all 1.59-1 [95.5 kB]
Get:210 http://127.0.0.1:9999/debian unstable/main amd64 libfile-stripnondeterminism-perl all 0.031-1 [15.7 kB]
Get:211 http://127.0.0.1:9999/debian unstable/main amd64 libtimedate-perl all 2.3000-2 [42.2 kB]
Get:212 http://127.0.0.1:9999/debian unstable/main amd64 dh-strip-nondeterminism all 0.031-1 [9736 B]
Get:213 http://127.0.0.1:9999/debian unstable/main amd64 libunistring0 amd64 0.9.6+really0.9.3-0.1 [279 kB]
Get:214 http://127.0.0.1:9999/debian unstable/main amd64 gettext amd64 0.19.8.1-2 [1495 kB]
Get:215 http://127.0.0.1:9999/debian unstable/main amd64 intltool-debian all 0.35.0+20060710.4 [26.3 kB]
Get:216 http://127.0.0.1:9999/debian unstable/main amd64 po-debconf all 1.0.20 [247 kB]
Get:217 http://127.0.0.1:9999/debian unstable/main amd64 debhelper all 10.2.5 [961 kB]
Get:218 http://127.0.0.1:9999/debian unstable/main amd64 devscripts amd64 2.17.1 [935 kB]
Get:219 http://127.0.0.1:9999/debian unstable/main amd64 rubygems-integration all 1.11 [4994 B]
Get:220 http://127.0.0.1:9999/debian unstable/main amd64 ruby-did-you-mean all 1.0.0-2 [11.2 kB]
Get:221 http://127.0.0.1:9999/debian unstable/main amd64 ruby-minitest all 5.9.0-1 [51.1 kB]
Get:222 http://127.0.0.1:9999/debian unstable/main amd64 ruby-net-telnet all 0.1.1-2 [12.5 kB]
Get:223 http://127.0.0.1:9999/debian unstable/main amd64 ruby-power-assert all 0.3.0-1 [7902 B]
Get:224 http://127.0.0.1:9999/debian unstable/main amd64 ruby-test-unit all 3.1.7-2 [69.6 kB]
Get:225 http://127.0.0.1:9999/debian unstable/main amd64 libyaml-0-2 amd64 0.1.7-2 [47.6 kB]
Get:226 http://127.0.0.1:9999/debian unstable/main amd64 libruby2.3 amd64 2.3.3-1 [3104 kB]
Get:227 http://127.0.0.1:9999/debian unstable/main amd64 ruby2.3 amd64 2.3.3-1 [186 kB]
Get:228 http://127.0.0.1:9999/debian unstable/main amd64 ruby amd64 1:2.3.3 [10.8 kB]
Get:229 http://127.0.0.1:9999/debian unstable/main amd64 rake all 10.5.0-2 [49.4 kB]
Get:230 http://127.0.0.1:9999/debian unstable/main amd64 gem2deb-test-runner amd64 0.33.1 [20.4 kB]
Get:231 http://127.0.0.1:9999/debian unstable/main amd64 libgmpxx4ldbl amd64 2:6.1.2+dfsg-1 [22.2 kB]
Get:232 http://127.0.0.1:9999/debian unstable/main amd64 libgmp-dev amd64 2:6.1.2+dfsg-1 [631 kB]
Get:233 http://127.0.0.1:9999/debian unstable/main amd64 ruby2.3-dev amd64 2.3.3-1 [1179 kB]
Get:234 http://127.0.0.1:9999/debian unstable/main amd64 ruby-all-dev amd64 1:2.3.3 [10.2 kB]
Get:235 http://127.0.0.1:9999/debian unstable/main amd64 ruby-setup all 3.4.1-9 [34.2 kB]
Get:236 http://127.0.0.1:9999/debian unstable/main amd64 gem2deb amd64 0.33.1 [56.9 kB]
Get:237 http://127.0.0.1:9999/debian unstable/main amd64 libcupsimage2 amd64 2.2.1-8 [121 kB]
Get:238 http://127.0.0.1:9999/debian unstable/main amd64 libijs-0.35 amd64 0.35-12 [18.4 kB]
Get:239 http://127.0.0.1:9999/debian unstable/main amd64 libjbig2dec0 amd64 0.13-4 [59.8 kB]
Get:240 http://127.0.0.1:9999/debian unstable/main amd64 libpaper1 amd64 1.1.24+nmu5 [21.6 kB]
Get:241 http://127.0.0.1:9999/debian unstable/main amd64 libgs9-common all 9.20~dfsg-2 [5160 kB]
Get:242 http://127.0.0.1:9999/debian unstable/main amd64 libgs9 amd64 9.20~dfsg-2 [2066 kB]
Get:243 http://127.0.0.1:9999/debian unstable/main amd64 ghostscript amd64 9.20~dfsg-2 [97.1 kB]
Get:244 http://127.0.0.1:9999/debian unstable/main amd64 gsfonts all 1:8.11+urwcyr1.0.7~pre44-4.3 [3126 kB]
Get:245 http://127.0.0.1:9999/debian unstable/main amd64 libjs-jquery-easing all 11-3 [7516 B]
Get:246 http://127.0.0.1:9999/debian unstable/main amd64 libjs-jquery-mousewheel all 11-3 [10.1 kB]
Get:247 http://127.0.0.1:9999/debian unstable/main amd64 libjs-jquery-fancybox all 11-3 [51.2 kB]
Get:248 http://127.0.0.1:9999/debian unstable/main amd64 libjs-jquery-ui all 1.12.1+dfsg-4 [232 kB]
Get:249 http://127.0.0.1:9999/debian unstable/main amd64 libwmf-bin amd64 0.2.8.4-10.6 [33.6 kB]
Get:250 http://127.0.0.1:9999/debian unstable/main amd64 ruby-diff-lcs all 1.2.5-2 [26.7 kB]
Get:251 http://127.0.0.1:9999/debian unstable/main amd64 ruby-docile all 1.1.5-2 [6584 B]
Get:252 http://127.0.0.1:9999/debian unstable/main amd64 ruby-json amd64 2.0.1+dfsg-3 [51.4 kB]
Get:253 http://127.0.0.1:9999/debian unstable/main amd64 ruby-rspec-support all 3.5.0c3e0m0s0-1 [28.2 kB]
Get:254 http://127.0.0.1:9999/debian unstable/main amd64 ruby-rspec-expectations all 3.5.0c3e0m0s0-1 [97.5 kB]
Get:255 http://127.0.0.1:9999/debian unstable/main amd64 ruby-rspec-mocks all 3.5.0c3e0m0s0-1 [92.4 kB]
Get:256 http://127.0.0.1:9999/debian unstable/main amd64 ruby-thread-order all 1.1.0-1 [5096 B]
Get:257 http://127.0.0.1:9999/debian unstable/main amd64 ruby-rspec-core all 3.5.0c3e0m0s0-1 [184 kB]
Get:258 http://127.0.0.1:9999/debian unstable/main amd64 ruby-rspec all 3.5.0c3e0m0s0-1 [7122 B]
Get:259 http://127.0.0.1:9999/debian unstable/main amd64 ruby-simplecov-html all 0.10.0-1 [296 kB]
Get:260 http://127.0.0.1:9999/debian unstable/main amd64 ruby-simplecov all 0.11.1-1 [33.4 kB]
debconf: delaying package configuration, since apt-utils is not installed
Fetched 136 MB in 1s (86.4 MB/s)
Selecting previously unselected package groff-base.
(Reading database ... 10086 files and directories currently installed.)
Preparing to unpack .../000-groff-base_1.22.3-9_amd64.deb ...
Unpacking groff-base (1.22.3-9) ...
Selecting previously unselected package bsdmainutils.
Preparing to unpack .../001-bsdmainutils_9.0.12_amd64.deb ...
Unpacking bsdmainutils (9.0.12) ...
Selecting previously unselected package libpipeline1:amd64.
Preparing to unpack .../002-libpipeline1_1.4.1-2_amd64.deb ...
Unpacking libpipeline1:amd64 (1.4.1-2) ...
Selecting previously unselected package man-db.
Preparing to unpack .../003-man-db_2.7.6.1-2_amd64.deb ...
Unpacking man-db (2.7.6.1-2) ...
Selecting previously unselected package libexpat1:amd64.
Preparing to unpack .../004-libexpat1_2.2.0-2_amd64.deb ...
Unpacking libexpat1:amd64 (2.2.0-2) ...
Selecting previously unselected package libpng16-16:amd64.
Preparing to unpack .../005-libpng16-16_1.6.28-1_amd64.deb ...
Unpacking libpng16-16:amd64 (1.6.28-1) ...
Selecting previously unselected package libfreetype6:amd64.
Preparing to unpack .../006-libfreetype6_2.6.3-3+b2_amd64.deb ...
Unpacking libfreetype6:amd64 (2.6.3-3+b2) ...
Selecting previously unselected package ucf.
Preparing to unpack .../007-ucf_3.0036_all.deb ...
Moving old data out of the way
Unpacking ucf (3.0036) ...
Selecting previously unselected package fonts-dejavu-core.
Preparing to unpack .../008-fonts-dejavu-core_2.37-1_all.deb ...
Unpacking fonts-dejavu-core (2.37-1) ...
Selecting previously unselected package fontconfig-config.
Preparing to unpack .../009-fontconfig-config_2.11.0-6.7_all.deb ...
Unpacking fontconfig-config (2.11.0-6.7) ...
Selecting previously unselected package libfontconfig1:amd64.
Preparing to unpack .../010-libfontconfig1_2.11.0-6.7+b1_amd64.deb ...
Unpacking libfontconfig1:amd64 (2.11.0-6.7+b1) ...
Selecting previously unselected package fontconfig.
Preparing to unpack .../011-fontconfig_2.11.0-6.7+b1_amd64.deb ...
Unpacking fontconfig (2.11.0-6.7+b1) ...
Selecting previously unselected package libexif12:amd64.
Preparing to unpack .../012-libexif12_0.6.21-2_amd64.deb ...
Unpacking libexif12:amd64 (0.6.21-2) ...
Selecting previously unselected package lsb-base.
Preparing to unpack .../013-lsb-base_9.20161125_all.deb ...
Unpacking lsb-base (9.20161125) ...
Selecting previously unselected package x11-common.
Preparing to unpack .../014-x11-common_1%3a7.7+18_all.deb ...
Unpacking x11-common (1:7.7+18) ...
Selecting previously unselected package libice6:amd64.
Preparing to unpack .../015-libice6_2%3a1.0.9-1+b1_amd64.deb ...
Unpacking libice6:amd64 (2:1.0.9-1+b1) ...
Selecting previously unselected package libglib2.0-0:amd64.
Preparing to unpack .../016-libglib2.0-0_2.50.3-1_amd64.deb ...
Unpacking libglib2.0-0:amd64 (2.50.3-1) ...
Selecting previously unselected package liblqr-1-0:amd64.
Preparing to unpack .../017-liblqr-1-0_0.4.2-2_amd64.deb ...
Unpacking liblqr-1-0:amd64 (0.4.2-2) ...
Selecting previously unselected package liblzo2-2:amd64.
Preparing to unpack .../018-liblzo2-2_2.08-1.2_amd64.deb ...
Unpacking liblzo2-2:amd64 (2.08-1.2) ...
Selecting previously unselected package imagemagick-6-common.
Preparing to unpack .../019-imagemagick-6-common_8%3a6.9.7.4+dfsg-1_all.deb ...
Unpacking imagemagick-6-common (8:6.9.7.4+dfsg-1) ...
Selecting previously unselected package libmagickcore-6-arch-config:amd64.
Preparing to unpack .../020-libmagickcore-6-arch-config_8%3a6.9.7.4+dfsg-1_amd64.deb ...
Unpacking libmagickcore-6-arch-config:amd64 (8:6.9.7.4+dfsg-1) ...
Selecting previously unselected package libmagickcore-6-headers.
Preparing to unpack .../021-libmagickcore-6-headers_8%3a6.9.7.4+dfsg-1_all.deb ...
Unpacking libmagickcore-6-headers (8:6.9.7.4+dfsg-1) ...
Selecting previously unselected package libfftw3-double3:amd64.
Preparing to unpack .../022-libfftw3-double3_3.3.5-3_amd64.deb ...
Unpacking libfftw3-double3:amd64 (3.3.5-3) ...
Selecting previously unselected package libjbig0:amd64.
Preparing to unpack .../023-libjbig0_2.1-3.1+b2_amd64.deb ...
Unpacking libjbig0:amd64 (2.1-3.1+b2) ...
Selecting previously unselected package libjpeg62-turbo:amd64.
Preparing to unpack .../024-libjpeg62-turbo_1%3a1.5.1-2_amd64.deb ...
Unpacking libjpeg62-turbo:amd64 (1:1.5.1-2) ...
Selecting previously unselected package liblcms2-2:amd64.
Preparing to unpack .../025-liblcms2-2_2.8-4_amd64.deb ...
Unpacking liblcms2-2:amd64 (2.8-4) ...
Selecting previously unselected package libltdl7:amd64.
Preparing to unpack .../026-libltdl7_2.4.6-2_amd64.deb ...
Unpacking libltdl7:amd64 (2.4.6-2) ...
Selecting previously unselected package libopenjp2-7:amd64.
Preparing to unpack .../027-libopenjp2-7_2.1.2-1.1_amd64.deb ...
Unpacking libopenjp2-7:amd64 (2.1.2-1.1) ...
Selecting previously unselected package libtiff5:amd64.
Preparing to unpack .../028-libtiff5_4.0.7-5_amd64.deb ...
Unpacking libtiff5:amd64 (4.0.7-5) ...
Selecting previously unselected package libxau6:amd64.
Preparing to unpack .../029-libxau6_1%3a1.0.8-1_amd64.deb ...
Unpacking libxau6:amd64 (1:1.0.8-1) ...
Selecting previously unselected package libxdmcp6:amd64.
Preparing to unpack .../030-libxdmcp6_1%3a1.1.2-1.1_amd64.deb ...
Unpacking libxdmcp6:amd64 (1:1.1.2-1.1) ...
Selecting previously unselected package libxcb1:amd64.
Preparing to unpack .../031-libxcb1_1.12-1_amd64.deb ...
Unpacking libxcb1:amd64 (1.12-1) ...
Selecting previously unselected package libx11-data.
Preparing to unpack .../032-libx11-data_2%3a1.6.4-3_all.deb ...
Unpacking libx11-data (2:1.6.4-3) ...
Selecting previously unselected package libx11-6:amd64.
Preparing to unpack .../033-libx11-6_2%3a1.6.4-3_amd64.deb ...
Unpacking libx11-6:amd64 (2:1.6.4-3) ...
Selecting previously unselected package libxext6:amd64.
Preparing to unpack .../034-libxext6_2%3a1.3.3-1_amd64.deb ...
Unpacking libxext6:amd64 (2:1.3.3-1) ...
Selecting previously unselected package libicu57:amd64.
Preparing to unpack .../035-libicu57_57.1-5_amd64.deb ...
Unpacking libicu57:amd64 (57.1-5) ...
Selecting previously unselected package libxml2:amd64.
Preparing to unpack .../036-libxml2_2.9.4+dfsg1-2.2_amd64.deb ...
Unpacking libxml2:amd64 (2.9.4+dfsg1-2.2) ...
Selecting previously unselected package libmagickcore-6.q16-3:amd64.
Preparing to unpack .../037-libmagickcore-6.q16-3_8%3a6.9.7.4+dfsg-1_amd64.deb ...
Unpacking libmagickcore-6.q16-3:amd64 (8:6.9.7.4+dfsg-1) ...
Selecting previously unselected package libpixman-1-0:amd64.
Preparing to unpack .../038-libpixman-1-0_0.34.0-1_amd64.deb ...
Unpacking libpixman-1-0:amd64 (0.34.0-1) ...
Selecting previously unselected package libxcb-render0:amd64.
Preparing to unpack .../039-libxcb-render0_1.12-1_amd64.deb ...
Unpacking libxcb-render0:amd64 (1.12-1) ...
Selecting previously unselected package libxcb-shm0:amd64.
Preparing to unpack .../040-libxcb-shm0_1.12-1_amd64.deb ...
Unpacking libxcb-shm0:amd64 (1.12-1) ...
Selecting previously unselected package libxrender1:amd64.
Preparing to unpack .../041-libxrender1_1%3a0.9.10-1_amd64.deb ...
Unpacking libxrender1:amd64 (1:0.9.10-1) ...
Selecting previously unselected package libcairo2:amd64.
Preparing to unpack .../042-libcairo2_1.14.8-1_amd64.deb ...
Unpacking libcairo2:amd64 (1.14.8-1) ...
Selecting previously unselected package libdjvulibre-text.
Preparing to unpack .../043-libdjvulibre-text_3.5.27.1-7_all.deb ...
Unpacking libdjvulibre-text (3.5.27.1-7) ...
Selecting previously unselected package libdjvulibre21:amd64.
Preparing to unpack .../044-libdjvulibre21_3.5.27.1-7_amd64.deb ...
Unpacking libdjvulibre21:amd64 (3.5.27.1-7) ...
Selecting previously unselected package libmagickwand-6.q16-3:amd64.
Preparing to unpack .../045-libmagickwand-6.q16-3_8%3a6.9.7.4+dfsg-1_amd64.deb ...
Unpacking libmagickwand-6.q16-3:amd64 (8:6.9.7.4+dfsg-1) ...
Selecting previously unselected package libilmbase12:amd64.
Preparing to unpack .../046-libilmbase12_2.2.0-12_amd64.deb ...
Unpacking libilmbase12:amd64 (2.2.0-12) ...
Selecting previously unselected package libopenexr22:amd64.
Preparing to unpack .../047-libopenexr22_2.2.0-11+b1_amd64.deb ...
Unpacking libopenexr22:amd64 (2.2.0-11+b1) ...
Selecting previously unselected package libthai-data.
Preparing to unpack .../048-libthai-data_0.1.26-1_all.deb ...
Unpacking libthai-data (0.1.26-1) ...
Selecting previously unselected package libdatrie1:amd64.
Preparing to unpack .../049-libdatrie1_0.2.10-4+b1_amd64.deb ...
Unpacking libdatrie1:amd64 (0.2.10-4+b1) ...
Selecting previously unselected package libthai0:amd64.
Preparing to unpack .../050-libthai0_0.1.26-1_amd64.deb ...
Unpacking libthai0:amd64 (0.1.26-1) ...
Selecting previously unselected package libpango-1.0-0:amd64.
Preparing to unpack .../051-libpango-1.0-0_1.40.3-3_amd64.deb ...
Unpacking libpango-1.0-0:amd64 (1.40.3-3) ...
Selecting previously unselected package libgraphite2-3:amd64.
Preparing to unpack .../052-libgraphite2-3_1.3.9-4_amd64.deb ...
Unpacking libgraphite2-3:amd64 (1.3.9-4) ...
Selecting previously unselected package libharfbuzz0b:amd64.
Preparing to unpack .../053-libharfbuzz0b_1.4.2-1_amd64.deb ...
Unpacking libharfbuzz0b:amd64 (1.4.2-1) ...
Selecting previously unselected package libpangoft2-1.0-0:amd64.
Preparing to unpack .../054-libpangoft2-1.0-0_1.40.3-3_amd64.deb ...
Unpacking libpangoft2-1.0-0:amd64 (1.40.3-3) ...
Selecting previously unselected package libpangocairo-1.0-0:amd64.
Preparing to unpack .../055-libpangocairo-1.0-0_1.40.3-3_amd64.deb ...
Unpacking libpangocairo-1.0-0:amd64 (1.40.3-3) ...
Selecting previously unselected package shared-mime-info.
Preparing to unpack .../056-shared-mime-info_1.8-1_amd64.deb ...
Unpacking shared-mime-info (1.8-1) ...
Selecting previously unselected package libgdk-pixbuf2.0-common.
Preparing to unpack .../057-libgdk-pixbuf2.0-common_2.36.5-2_all.deb ...
Unpacking libgdk-pixbuf2.0-common (2.36.5-2) ...
Selecting previously unselected package libgdk-pixbuf2.0-0:amd64.
Preparing to unpack .../058-libgdk-pixbuf2.0-0_2.36.5-2_amd64.deb ...
Unpacking libgdk-pixbuf2.0-0:amd64 (2.36.5-2) ...
Selecting previously unselected package libwmf0.2-7:amd64.
Preparing to unpack .../059-libwmf0.2-7_0.2.8.4-10.6_amd64.deb ...
Unpacking libwmf0.2-7:amd64 (0.2.8.4-10.6) ...
Selecting previously unselected package libmagickcore-6.q16-3-extra:amd64.
Preparing to unpack .../060-libmagickcore-6.q16-3-extra_8%3a6.9.7.4+dfsg-1_amd64.deb ...
Unpacking libmagickcore-6.q16-3-extra:amd64 (8:6.9.7.4+dfsg-1) ...
Selecting previously unselected package libbz2-dev:amd64.
Preparing to unpack .../061-libbz2-dev_1.0.6-8.1_amd64.deb ...
Unpacking libbz2-dev:amd64 (1.0.6-8.1) ...
Selecting previously unselected package libjpeg62-turbo-dev:amd64.
Preparing to unpack .../062-libjpeg62-turbo-dev_1%3a1.5.1-2_amd64.deb ...
Unpacking libjpeg62-turbo-dev:amd64 (1:1.5.1-2) ...
Selecting previously unselected package libjpeg-dev.
Preparing to unpack .../063-libjpeg-dev_1%3a1.5.1-2_all.deb ...
Unpacking libjpeg-dev (1:1.5.1-2) ...
Selecting previously unselected package libdjvulibre-dev:amd64.
Preparing to unpack .../064-libdjvulibre-dev_3.5.27.1-7_amd64.deb ...
Unpacking libdjvulibre-dev:amd64 (3.5.27.1-7) ...
Selecting previously unselected package libjs-jquery.
Preparing to unpack .../065-libjs-jquery_3.1.1-2_all.deb ...
Unpacking libjs-jquery (3.1.1-2) ...
Selecting previously unselected package libexif-dev.
Preparing to unpack .../066-libexif-dev_0.6.21-2_amd64.deb ...
Unpacking libexif-dev (0.6.21-2) ...
Selecting previously unselected package zlib1g-dev:amd64.
Preparing to unpack .../067-zlib1g-dev_1%3a1.2.8.dfsg-5_amd64.deb ...
Unpacking zlib1g-dev:amd64 (1:1.2.8.dfsg-5) ...
Selecting previously unselected package libpng-dev:amd64.
Preparing to unpack .../068-libpng-dev_1.6.28-1_amd64.deb ...
Unpacking libpng-dev:amd64 (1.6.28-1) ...
Selecting previously unselected package libfreetype6-dev.
Preparing to unpack .../069-libfreetype6-dev_2.6.3-3+b2_amd64.deb ...
Unpacking libfreetype6-dev (2.6.3-3+b2) ...
Selecting previously unselected package libcdt5.
Preparing to unpack .../070-libcdt5_2.38.0-17_amd64.deb ...
Unpacking libcdt5 (2.38.0-17) ...
Selecting previously unselected package libcgraph6.
Preparing to unpack .../071-libcgraph6_2.38.0-17_amd64.deb ...
Unpacking libcgraph6 (2.38.0-17) ...
Selecting previously unselected package libwebp6:amd64.
Preparing to unpack .../072-libwebp6_0.5.2-1_amd64.deb ...
Unpacking libwebp6:amd64 (0.5.2-1) ...
Selecting previously unselected package libxpm4:amd64.
Preparing to unpack .../073-libxpm4_1%3a3.5.12-1_amd64.deb ...
Unpacking libxpm4:amd64 (1:3.5.12-1) ...
Selecting previously unselected package libgd3:amd64.
Preparing to unpack .../074-libgd3_2.2.4-2_amd64.deb ...
Unpacking libgd3:amd64 (2.2.4-2) ...
Selecting previously unselected package libgts-0.7-5:amd64.
Preparing to unpack .../075-libgts-0.7-5_0.7.6+darcs121130-4_amd64.deb ...
Unpacking libgts-0.7-5:amd64 (0.7.6+darcs121130-4) ...
Selecting previously unselected package libpathplan4.
Preparing to unpack .../076-libpathplan4_2.38.0-17_amd64.deb ...
Unpacking libpathplan4 (2.38.0-17) ...
Selecting previously unselected package libxdot4.
Preparing to unpack .../077-libxdot4_2.38.0-17_amd64.deb ...
Unpacking libxdot4 (2.38.0-17) ...
Selecting previously unselected package libgvc6.
Preparing to unpack .../078-libgvc6_2.38.0-17_amd64.deb ...
Unpacking libgvc6 (2.38.0-17) ...
Selecting previously unselected package libgvpr2.
Preparing to unpack .../079-libgvpr2_2.38.0-17_amd64.deb ...
Unpacking libgvpr2 (2.38.0-17) ...
Selecting previously unselected package libatk1.0-data.
Preparing to unpack .../080-libatk1.0-data_2.22.0-1_all.deb ...
Unpacking libatk1.0-data (2.22.0-1) ...
Selecting previously unselected package libatk1.0-0:amd64.
Preparing to unpack .../081-libatk1.0-0_2.22.0-1_amd64.deb ...
Unpacking libatk1.0-0:amd64 (2.22.0-1) ...
Selecting previously unselected package libgtk2.0-common.
Preparing to unpack .../082-libgtk2.0-common_2.24.31-2_all.deb ...
Unpacking libgtk2.0-common (2.24.31-2) ...
Selecting previously unselected package libavahi-common-data:amd64.
Preparing to unpack .../083-libavahi-common-data_0.6.32-2_amd64.deb ...
Unpacking libavahi-common-data:amd64 (0.6.32-2) ...
Selecting previously unselected package libavahi-common3:amd64.
Preparing to unpack .../084-libavahi-common3_0.6.32-2_amd64.deb ...
Unpacking libavahi-common3:amd64 (0.6.32-2) ...
Selecting previously unselected package libdbus-1-3:amd64.
Preparing to unpack .../085-libdbus-1-3_1.10.16-1_amd64.deb ...
Unpacking libdbus-1-3:amd64 (1.10.16-1) ...
Selecting previously unselected package libavahi-client3:amd64.
Preparing to unpack .../086-libavahi-client3_0.6.32-2_amd64.deb ...
Unpacking libavahi-client3:amd64 (0.6.32-2) ...
Selecting previously unselected package libnettle6:amd64.
Preparing to unpack .../087-libnettle6_3.3-1+b1_amd64.deb ...
Unpacking libnettle6:amd64 (3.3-1+b1) ...
Selecting previously unselected package libhogweed4:amd64.
Preparing to unpack .../088-libhogweed4_3.3-1+b1_amd64.deb ...
Unpacking libhogweed4:amd64 (3.3-1+b1) ...
Selecting previously unselected package libidn11:amd64.
Preparing to unpack .../089-libidn11_1.33-1_amd64.deb ...
Unpacking libidn11:amd64 (1.33-1) ...
Selecting previously unselected package libp11-kit0:amd64.
Preparing to unpack .../090-libp11-kit0_0.23.3-5_amd64.deb ...
Unpacking libp11-kit0:amd64 (0.23.3-5) ...
Selecting previously unselected package libtasn1-6:amd64.
Preparing to unpack .../091-libtasn1-6_4.10-1_amd64.deb ...
Unpacking libtasn1-6:amd64 (4.10-1) ...
Selecting previously unselected package libgnutls30:amd64.
Preparing to unpack .../092-libgnutls30_3.5.8-3_amd64.deb ...
Unpacking libgnutls30:amd64 (3.5.8-3) ...
Selecting previously unselected package libkeyutils1:amd64.
Preparing to unpack .../093-libkeyutils1_1.5.9-9_amd64.deb ...
Unpacking libkeyutils1:amd64 (1.5.9-9) ...
Selecting previously unselected package libkrb5support0:amd64.
Preparing to unpack .../094-libkrb5support0_1.15-1_amd64.deb ...
Unpacking libkrb5support0:amd64 (1.15-1) ...
Selecting previously unselected package libk5crypto3:amd64.
Preparing to unpack .../095-libk5crypto3_1.15-1_amd64.deb ...
Unpacking libk5crypto3:amd64 (1.15-1) ...
Selecting previously unselected package libkrb5-3:amd64.
Preparing to unpack .../096-libkrb5-3_1.15-1_amd64.deb ...
Unpacking libkrb5-3:amd64 (1.15-1) ...
Selecting previously unselected package libgssapi-krb5-2:amd64.
Preparing to unpack .../097-libgssapi-krb5-2_1.15-1_amd64.deb ...
Unpacking libgssapi-krb5-2:amd64 (1.15-1) ...
Selecting previously unselected package libcups2:amd64.
Preparing to unpack .../098-libcups2_2.2.1-8_amd64.deb ...
Unpacking libcups2:amd64 (2.2.1-8) ...
Selecting previously unselected package libxcomposite1:amd64.
Preparing to unpack .../099-libxcomposite1_1%3a0.4.4-2_amd64.deb ...
Unpacking libxcomposite1:amd64 (1:0.4.4-2) ...
Selecting previously unselected package libxfixes3:amd64.
Preparing to unpack .../100-libxfixes3_1%3a5.0.3-1_amd64.deb ...
Unpacking libxfixes3:amd64 (1:5.0.3-1) ...
Selecting previously unselected package libxcursor1:amd64.
Preparing to unpack .../101-libxcursor1_1%3a1.1.14-1+b1_amd64.deb ...
Unpacking libxcursor1:amd64 (1:1.1.14-1+b1) ...
Selecting previously unselected package libxdamage1:amd64.
Preparing to unpack .../102-libxdamage1_1%3a1.1.4-2+b1_amd64.deb ...
Unpacking libxdamage1:amd64 (1:1.1.4-2+b1) ...
Selecting previously unselected package libxi6:amd64.
Preparing to unpack .../103-libxi6_2%3a1.7.9-1_amd64.deb ...
Unpacking libxi6:amd64 (2:1.7.9-1) ...
Selecting previously unselected package libxinerama1:amd64.
Preparing to unpack .../104-libxinerama1_2%3a1.1.3-1+b1_amd64.deb ...
Unpacking libxinerama1:amd64 (2:1.1.3-1+b1) ...
Selecting previously unselected package libxrandr2:amd64.
Preparing to unpack .../105-libxrandr2_2%3a1.5.1-1_amd64.deb ...
Unpacking libxrandr2:amd64 (2:1.5.1-1) ...
Selecting previously unselected package hicolor-icon-theme.
Preparing to unpack .../106-hicolor-icon-theme_0.15-1_all.deb ...
Unpacking hicolor-icon-theme (0.15-1) ...
Selecting previously unselected package gtk-update-icon-cache.
Preparing to unpack .../107-gtk-update-icon-cache_3.22.8-1_amd64.deb ...
No diversion 'diversion of /usr/sbin/update-icon-caches to /usr/sbin/update-icon-caches.gtk2 by libgtk-3-bin', none removed.
No diversion 'diversion of /usr/share/man/man8/update-icon-caches.8.gz to /usr/share/man/man8/update-icon-caches.gtk2.8.gz by libgtk-3-bin', none removed.
Unpacking gtk-update-icon-cache (3.22.8-1) ...
Selecting previously unselected package libcroco3:amd64.
Preparing to unpack .../108-libcroco3_0.6.11-2_amd64.deb ...
Unpacking libcroco3:amd64 (0.6.11-2) ...
Selecting previously unselected package librsvg2-2:amd64.
Preparing to unpack .../109-librsvg2-2_2.40.16-1+b1_amd64.deb ...
Unpacking librsvg2-2:amd64 (2.40.16-1+b1) ...
Selecting previously unselected package librsvg2-common:amd64.
Preparing to unpack .../110-librsvg2-common_2.40.16-1+b1_amd64.deb ...
Unpacking librsvg2-common:amd64 (2.40.16-1+b1) ...
Selecting previously unselected package gnome-icon-theme.
Preparing to unpack .../111-gnome-icon-theme_3.12.0-2_all.deb ...
Unpacking gnome-icon-theme (3.12.0-2) ...
Selecting previously unselected package libgtk2.0-0:amd64.
Preparing to unpack .../112-libgtk2.0-0_2.24.31-2_amd64.deb ...
Unpacking libgtk2.0-0:amd64 (2.24.31-2) ...
Selecting previously unselected package libgvc6-plugins-gtk.
Preparing to unpack .../113-libgvc6-plugins-gtk_2.38.0-17_amd64.deb ...
Unpacking libgvc6-plugins-gtk (2.38.0-17) ...
Selecting previously unselected package libexpat1-dev:amd64.
Preparing to unpack .../114-libexpat1-dev_2.2.0-2_amd64.deb ...
Unpacking libexpat1-dev:amd64 (2.2.0-2) ...
Selecting previously unselected package libltdl-dev:amd64.
Preparing to unpack .../115-libltdl-dev_2.4.6-2_amd64.deb ...
Unpacking libltdl-dev:amd64 (2.4.6-2) ...
Selecting previously unselected package libgraphviz-dev.
Preparing to unpack .../116-libgraphviz-dev_2.38.0-17_amd64.deb ...
Unpacking libgraphviz-dev (2.38.0-17) ...
Selecting previously unselected package libopenjp2-7-dev.
Preparing to unpack .../117-libopenjp2-7-dev_2.1.2-1.1_amd64.deb ...
Unpacking libopenjp2-7-dev (2.1.2-1.1) ...
Selecting previously unselected package liblcms2-dev:amd64.
Preparing to unpack .../118-liblcms2-dev_2.8-4_amd64.deb ...
Unpacking liblcms2-dev:amd64 (2.8-4) ...
Selecting previously unselected package liblqr-1-0-dev.
Preparing to unpack .../119-liblqr-1-0-dev_0.4.2-2_amd64.deb ...
Unpacking liblqr-1-0-dev (0.4.2-2) ...
Selecting previously unselected package libilmbase-dev.
Preparing to unpack .../120-libilmbase-dev_2.2.0-12_amd64.deb ...
Unpacking libilmbase-dev (2.2.0-12) ...
Selecting previously unselected package libopenexr-dev.
Preparing to unpack .../121-libopenexr-dev_2.2.0-11+b1_amd64.deb ...
Unpacking libopenexr-dev (2.2.0-11+b1) ...
Selecting previously unselected package libgirepository-1.0-1:amd64.
Preparing to unpack .../122-libgirepository-1.0-1_1.50.0-1+b1_amd64.deb ...
Unpacking libgirepository-1.0-1:amd64 (1.50.0-1+b1) ...
Selecting previously unselected package gir1.2-glib-2.0:amd64.
Preparing to unpack .../123-gir1.2-glib-2.0_1.50.0-1+b1_amd64.deb ...
Unpacking gir1.2-glib-2.0:amd64 (1.50.0-1+b1) ...
Selecting previously unselected package libcairo-gobject2:amd64.
Preparing to unpack .../124-libcairo-gobject2_1.14.8-1_amd64.deb ...
Unpacking libcairo-gobject2:amd64 (1.14.8-1) ...
Selecting previously unselected package gir1.2-freedesktop:amd64.
Preparing to unpack .../125-gir1.2-freedesktop_1.50.0-1+b1_amd64.deb ...
Unpacking gir1.2-freedesktop:amd64 (1.50.0-1+b1) ...
Selecting previously unselected package gir1.2-gdkpixbuf-2.0:amd64.
Preparing to unpack .../126-gir1.2-gdkpixbuf-2.0_2.36.5-2_amd64.deb ...
Unpacking gir1.2-gdkpixbuf-2.0:amd64 (2.36.5-2) ...
Selecting previously unselected package gir1.2-rsvg-2.0:amd64.
Preparing to unpack .../127-gir1.2-rsvg-2.0_2.40.16-1+b1_amd64.deb ...
Unpacking gir1.2-rsvg-2.0:amd64 (2.40.16-1+b1) ...
Selecting previously unselected package libssl1.1:amd64.
Preparing to unpack .../128-libssl1.1_1.1.0e-1_amd64.deb ...
Unpacking libssl1.1:amd64 (1.1.0e-1) ...
Selecting previously unselected package libpython3.5-minimal:amd64.
Preparing to unpack .../129-libpython3.5-minimal_3.5.3-1_amd64.deb ...
Unpacking libpython3.5-minimal:amd64 (3.5.3-1) ...
Selecting previously unselected package python3.5-minimal.
Preparing to unpack .../130-python3.5-minimal_3.5.3-1_amd64.deb ...
Unpacking python3.5-minimal (3.5.3-1) ...
Selecting previously unselected package python3-minimal.
Preparing to unpack .../131-python3-minimal_3.5.3-1_amd64.deb ...
Unpacking python3-minimal (3.5.3-1) ...
Selecting previously unselected package mime-support.
Preparing to unpack .../132-mime-support_3.60_all.deb ...
Unpacking mime-support (3.60) ...
Selecting previously unselected package libmpdec2:amd64.
Preparing to unpack .../133-libmpdec2_2.4.2-1_amd64.deb ...
Unpacking libmpdec2:amd64 (2.4.2-1) ...
Selecting previously unselected package readline-common.
Preparing to unpack .../134-readline-common_7.0-2_all.deb ...
Unpacking readline-common (7.0-2) ...
Selecting previously unselected package libreadline7:amd64.
Preparing to unpack .../135-libreadline7_7.0-2_amd64.deb ...
Unpacking libreadline7:amd64 (7.0-2) ...
Selecting previously unselected package libsqlite3-0:amd64.
Preparing to unpack .../136-libsqlite3-0_3.16.2-3_amd64.deb ...
Unpacking libsqlite3-0:amd64 (3.16.2-3) ...
Selecting previously unselected package libpython3.5-stdlib:amd64.
Preparing to unpack .../137-libpython3.5-stdlib_3.5.3-1_amd64.deb ...
Unpacking libpython3.5-stdlib:amd64 (3.5.3-1) ...
Selecting previously unselected package python3.5.
Preparing to unpack .../138-python3.5_3.5.3-1_amd64.deb ...
Unpacking python3.5 (3.5.3-1) ...
Selecting previously unselected package libpython3-stdlib:amd64.
Preparing to unpack .../139-libpython3-stdlib_3.5.3-1_amd64.deb ...
Unpacking libpython3-stdlib:amd64 (3.5.3-1) ...
Selecting previously unselected package dh-python.
Preparing to unpack .../140-dh-python_2.20170125_all.deb ...
Unpacking dh-python (2.20170125) ...
Setting up libssl1.1:amd64 (1.1.0e-1) ...
Setting up libpython3.5-minimal:amd64 (3.5.3-1) ...
Setting up libexpat1:amd64 (2.2.0-2) ...
Setting up python3.5-minimal (3.5.3-1) ...
Setting up python3-minimal (3.5.3-1) ...
Selecting previously unselected package python3.
(Reading database ... 21372 files and directories currently installed.)
Preparing to unpack .../000-python3_3.5.3-1_amd64.deb ...
Unpacking python3 (3.5.3-1) ...
Selecting previously unselected package libelf1:amd64.
Preparing to unpack .../001-libelf1_0.168-0.2_amd64.deb ...
Unpacking libelf1:amd64 (0.168-0.2) ...
Selecting previously unselected package libglib2.0-data.
Preparing to unpack .../002-libglib2.0-data_2.50.3-1_all.deb ...
Unpacking libglib2.0-data (2.50.3-1) ...
Selecting previously unselected package libglib2.0-bin.
Preparing to unpack .../003-libglib2.0-bin_2.50.3-1_amd64.deb ...
Unpacking libglib2.0-bin (2.50.3-1) ...
Selecting previously unselected package libpcre16-3:amd64.
Preparing to unpack .../004-libpcre16-3_2%3a8.39-2.1_amd64.deb ...
Unpacking libpcre16-3:amd64 (2:8.39-2.1) ...
Selecting previously unselected package libpcre32-3:amd64.
Preparing to unpack .../005-libpcre32-3_2%3a8.39-2.1_amd64.deb ...
Unpacking libpcre32-3:amd64 (2:8.39-2.1) ...
Selecting previously unselected package libpcrecpp0v5:amd64.
Preparing to unpack .../006-libpcrecpp0v5_2%3a8.39-2.1_amd64.deb ...
Unpacking libpcrecpp0v5:amd64 (2:8.39-2.1) ...
Selecting previously unselected package libpcre3-dev:amd64.
Preparing to unpack .../007-libpcre3-dev_2%3a8.39-2.1_amd64.deb ...
Unpacking libpcre3-dev:amd64 (2:8.39-2.1) ...
Selecting previously unselected package pkg-config.
Preparing to unpack .../008-pkg-config_0.29-4_amd64.deb ...
Unpacking pkg-config (0.29-4) ...
Selecting previously unselected package libglib2.0-dev.
Preparing to unpack .../009-libglib2.0-dev_2.50.3-1_amd64.deb ...
Unpacking libglib2.0-dev (2.50.3-1) ...
Selecting previously unselected package xorg-sgml-doctools.
Preparing to unpack .../010-xorg-sgml-doctools_1%3a1.11-1_all.deb ...
Unpacking xorg-sgml-doctools (1:1.11-1) ...
Selecting previously unselected package x11proto-core-dev.
Preparing to unpack .../011-x11proto-core-dev_7.0.31-1_all.deb ...
Unpacking x11proto-core-dev (7.0.31-1) ...
Selecting previously unselected package libxau-dev:amd64.
Preparing to unpack .../012-libxau-dev_1%3a1.0.8-1_amd64.deb ...
Unpacking libxau-dev:amd64 (1:1.0.8-1) ...
Selecting previously unselected package libxdmcp-dev:amd64.
Preparing to unpack .../013-libxdmcp-dev_1%3a1.1.2-1.1_amd64.deb ...
Unpacking libxdmcp-dev:amd64 (1:1.1.2-1.1) ...
Selecting previously unselected package x11proto-input-dev.
Preparing to unpack .../014-x11proto-input-dev_2.3.2-1_all.deb ...
Unpacking x11proto-input-dev (2.3.2-1) ...
Selecting previously unselected package x11proto-kb-dev.
Preparing to unpack .../015-x11proto-kb-dev_1.0.7-1_all.deb ...
Unpacking x11proto-kb-dev (1.0.7-1) ...
Selecting previously unselected package xtrans-dev.
Preparing to unpack .../016-xtrans-dev_1.3.5-1_all.deb ...
Unpacking xtrans-dev (1.3.5-1) ...
Selecting previously unselected package libpthread-stubs0-dev:amd64.
Preparing to unpack .../017-libpthread-stubs0-dev_0.3-4_amd64.deb ...
Unpacking libpthread-stubs0-dev:amd64 (0.3-4) ...
Selecting previously unselected package libxcb1-dev:amd64.
Preparing to unpack .../018-libxcb1-dev_1.12-1_amd64.deb ...
Unpacking libxcb1-dev:amd64 (1.12-1) ...
Selecting previously unselected package libx11-dev:amd64.
Preparing to unpack .../019-libx11-dev_2%3a1.6.4-3_amd64.deb ...
Unpacking libx11-dev:amd64 (2:1.6.4-3) ...
Selecting previously unselected package libgdk-pixbuf2.0-dev.
Preparing to unpack .../020-libgdk-pixbuf2.0-dev_2.36.5-2_amd64.deb ...
Unpacking libgdk-pixbuf2.0-dev (2.36.5-2) ...
Selecting previously unselected package libcairo-script-interpreter2:amd64.
Preparing to unpack .../021-libcairo-script-interpreter2_1.14.8-1_amd64.deb ...
Unpacking libcairo-script-interpreter2:amd64 (1.14.8-1) ...
Selecting previously unselected package libfontconfig1-dev:amd64.
Preparing to unpack .../022-libfontconfig1-dev_2.11.0-6.7+b1_amd64.deb ...
Unpacking libfontconfig1-dev:amd64 (2.11.0-6.7+b1) ...
Selecting previously unselected package x11proto-render-dev.
Preparing to unpack .../023-x11proto-render-dev_2%3a0.11.1-2_all.deb ...
Unpacking x11proto-render-dev (2:0.11.1-2) ...
Selecting previously unselected package libxrender-dev:amd64.
Preparing to unpack .../024-libxrender-dev_1%3a0.9.10-1_amd64.deb ...
Unpacking libxrender-dev:amd64 (1:0.9.10-1) ...
Selecting previously unselected package x11proto-xext-dev.
Preparing to unpack .../025-x11proto-xext-dev_7.3.0-1_all.deb ...
Unpacking x11proto-xext-dev (7.3.0-1) ...
Selecting previously unselected package libxext-dev:amd64.
Preparing to unpack .../026-libxext-dev_2%3a1.3.3-1_amd64.deb ...
Unpacking libxext-dev:amd64 (2:1.3.3-1) ...
Selecting previously unselected package libsm6:amd64.
Preparing to unpack .../027-libsm6_2%3a1.2.2-1+b1_amd64.deb ...
Unpacking libsm6:amd64 (2:1.2.2-1+b1) ...
Selecting previously unselected package libice-dev:amd64.
Preparing to unpack .../028-libice-dev_2%3a1.0.9-1+b1_amd64.deb ...
Unpacking libice-dev:amd64 (2:1.0.9-1+b1) ...
Selecting previously unselected package libsm-dev:amd64.
Preparing to unpack .../029-libsm-dev_2%3a1.2.2-1+b1_amd64.deb ...
Unpacking libsm-dev:amd64 (2:1.2.2-1+b1) ...
Selecting previously unselected package libpixman-1-dev.
Preparing to unpack .../030-libpixman-1-dev_0.34.0-1_amd64.deb ...
Unpacking libpixman-1-dev (0.34.0-1) ...
Selecting previously unselected package libxcb-render0-dev:amd64.
Preparing to unpack .../031-libxcb-render0-dev_1.12-1_amd64.deb ...
Unpacking libxcb-render0-dev:amd64 (1.12-1) ...
Selecting previously unselected package libxcb-shm0-dev:amd64.
Preparing to unpack .../032-libxcb-shm0-dev_1.12-1_amd64.deb ...
Unpacking libxcb-shm0-dev:amd64 (1.12-1) ...
Selecting previously unselected package libcairo2-dev.
Preparing to unpack .../033-libcairo2-dev_1.14.8-1_amd64.deb ...
Unpacking libcairo2-dev (1.14.8-1) ...
Selecting previously unselected package librsvg2-dev:amd64.
Preparing to unpack .../034-librsvg2-dev_2.40.16-1+b1_amd64.deb ...
Unpacking librsvg2-dev:amd64 (2.40.16-1+b1) ...
Selecting previously unselected package libjbig-dev:amd64.
Preparing to unpack .../035-libjbig-dev_2.1-3.1+b2_amd64.deb ...
Unpacking libjbig-dev:amd64 (2.1-3.1+b2) ...
Selecting previously unselected package liblzma-dev:amd64.
Preparing to unpack .../036-liblzma-dev_5.2.2-1.2+b1_amd64.deb ...
Unpacking liblzma-dev:amd64 (5.2.2-1.2+b1) ...
Selecting previously unselected package libtiffxx5:amd64.
Preparing to unpack .../037-libtiffxx5_4.0.7-5_amd64.deb ...
Unpacking libtiffxx5:amd64 (4.0.7-5) ...
Selecting previously unselected package libtiff5-dev:amd64.
Preparing to unpack .../038-libtiff5-dev_4.0.7-5_amd64.deb ...
Unpacking libtiff5-dev:amd64 (4.0.7-5) ...
Selecting previously unselected package libwmf-dev.
Preparing to unpack .../039-libwmf-dev_0.2.8.4-10.6_amd64.deb ...
Unpacking libwmf-dev (0.2.8.4-10.6) ...
Selecting previously unselected package icu-devtools.
Preparing to unpack .../040-icu-devtools_57.1-5_amd64.deb ...
Unpacking icu-devtools (57.1-5) ...
Selecting previously unselected package libicu-dev.
Preparing to unpack .../041-libicu-dev_57.1-5_amd64.deb ...
Unpacking libicu-dev (57.1-5) ...
Selecting previously unselected package libxml2-dev:amd64.
Preparing to unpack .../042-libxml2-dev_2.9.4+dfsg1-2.2_amd64.deb ...
Unpacking libxml2-dev:amd64 (2.9.4+dfsg1-2.2) ...
Selecting previously unselected package libxt6:amd64.
Preparing to unpack .../043-libxt6_1%3a1.1.5-1_amd64.deb ...
Unpacking libxt6:amd64 (1:1.1.5-1) ...
Selecting previously unselected package libxt-dev:amd64.
Preparing to unpack .../044-libxt-dev_1%3a1.1.5-1_amd64.deb ...
Unpacking libxt-dev:amd64 (1:1.1.5-1) ...
Selecting previously unselected package libmagickcore-6.q16-dev:amd64.
Preparing to unpack .../045-libmagickcore-6.q16-dev_8%3a6.9.7.4+dfsg-1_amd64.deb ...
Unpacking libmagickcore-6.q16-dev:amd64 (8:6.9.7.4+dfsg-1) ...
Selecting previously unselected package libmagickcore-dev.
Preparing to unpack .../046-libmagickcore-dev_8%3a6.9.7.4+dfsg-1_all.deb ...
Unpacking libmagickcore-dev (8:6.9.7.4+dfsg-1) ...
Selecting previously unselected package libmagickwand-6-headers.
Preparing to unpack .../047-libmagickwand-6-headers_8%3a6.9.7.4+dfsg-1_all.deb ...
Unpacking libmagickwand-6-headers (8:6.9.7.4+dfsg-1) ...
Selecting previously unselected package libmagickwand-6.q16-dev:amd64.
Preparing to unpack .../048-libmagickwand-6.q16-dev_8%3a6.9.7.4+dfsg-1_amd64.deb ...
Unpacking libmagickwand-6.q16-dev:amd64 (8:6.9.7.4+dfsg-1) ...
Selecting previously unselected package libmagickwand-dev.
Preparing to unpack .../049-libmagickwand-dev_8%3a6.9.7.4+dfsg-1_all.deb ...
Unpacking libmagickwand-dev (8:6.9.7.4+dfsg-1) ...
Selecting previously unselected package poppler-data.
Preparing to unpack .../050-poppler-data_0.4.7-8_all.deb ...
Unpacking poppler-data (0.4.7-8) ...
Selecting previously unselected package libssl1.0.2:amd64.
Preparing to unpack .../051-libssl1.0.2_1.0.2k-1_amd64.deb ...
Unpacking libssl1.0.2:amd64 (1.0.2k-1) ...
Selecting previously unselected package libmagic-mgc.
Preparing to unpack .../052-libmagic-mgc_1%3a5.29-3_amd64.deb ...
Unpacking libmagic-mgc (1:5.29-3) ...
Selecting previously unselected package libmagic1:amd64.
Preparing to unpack .../053-libmagic1_1%3a5.29-3_amd64.deb ...
Unpacking libmagic1:amd64 (1:5.29-3) ...
Selecting previously unselected package file.
Preparing to unpack .../054-file_1%3a5.29-3_amd64.deb ...
Unpacking file (1:5.29-3) ...
Selecting previously unselected package gettext-base.
Preparing to unpack .../055-gettext-base_0.19.8.1-2_amd64.deb ...
Unpacking gettext-base (0.19.8.1-2) ...
Selecting previously unselected package libsigsegv2:amd64.
Preparing to unpack .../056-libsigsegv2_2.10-5_amd64.deb ...
Unpacking libsigsegv2:amd64 (2.10-5) ...
Selecting previously unselected package m4.
Preparing to unpack .../057-m4_1.4.18-1_amd64.deb ...
Unpacking m4 (1.4.18-1) ...
Selecting previously unselected package autoconf.
Preparing to unpack .../058-autoconf_2.69-10_all.deb ...
Unpacking autoconf (2.69-10) ...
Selecting previously unselected package autotools-dev.
Preparing to unpack .../059-autotools-dev_20161112.1_all.deb ...
Unpacking autotools-dev (20161112.1) ...
Selecting previously unselected package automake.
Preparing to unpack .../060-automake_1%3a1.15-6_all.deb ...
Unpacking automake (1:1.15-6) ...
Selecting previously unselected package autopoint.
Preparing to unpack .../061-autopoint_0.19.8.1-2_all.deb ...
Unpacking autopoint (0.19.8.1-2) ...
Selecting previously unselected package openssl.
Preparing to unpack .../062-openssl_1.1.0e-1_amd64.deb ...
Unpacking openssl (1.1.0e-1) ...
Selecting previously unselected package ca-certificates.
Preparing to unpack .../063-ca-certificates_20161130_all.deb ...
Unpacking ca-certificates (20161130) ...
Selecting previously unselected package libtool.
Preparing to unpack .../064-libtool_2.4.6-2_all.deb ...
Unpacking libtool (2.4.6-2) ...
Selecting previously unselected package dh-autoreconf.
Preparing to unpack .../065-dh-autoreconf_13_all.deb ...
Unpacking dh-autoreconf (13) ...
Selecting previously unselected package libarchive-zip-perl.
Preparing to unpack .../066-libarchive-zip-perl_1.59-1_all.deb ...
Unpacking libarchive-zip-perl (1.59-1) ...
Selecting previously unselected package libfile-stripnondeterminism-perl.
Preparing to unpack .../067-libfile-stripnondeterminism-perl_0.031-1_all.deb ...
Unpacking libfile-stripnondeterminism-perl (0.031-1) ...
Selecting previously unselected package libtimedate-perl.
Preparing to unpack .../068-libtimedate-perl_2.3000-2_all.deb ...
Unpacking libtimedate-perl (2.3000-2) ...
Selecting previously unselected package dh-strip-nondeterminism.
Preparing to unpack .../069-dh-strip-nondeterminism_0.031-1_all.deb ...
Unpacking dh-strip-nondeterminism (0.031-1) ...
Selecting previously unselected package libunistring0:amd64.
Preparing to unpack .../070-libunistring0_0.9.6+really0.9.3-0.1_amd64.deb ...
Unpacking libunistring0:amd64 (0.9.6+really0.9.3-0.1) ...
Selecting previously unselected package gettext.
Preparing to unpack .../071-gettext_0.19.8.1-2_amd64.deb ...
Unpacking gettext (0.19.8.1-2) ...
Selecting previously unselected package intltool-debian.
Preparing to unpack .../072-intltool-debian_0.35.0+20060710.4_all.deb ...
Unpacking intltool-debian (0.35.0+20060710.4) ...
Selecting previously unselected package po-debconf.
Preparing to unpack .../073-po-debconf_1.0.20_all.deb ...
Unpacking po-debconf (1.0.20) ...
Selecting previously unselected package debhelper.
Preparing to unpack .../074-debhelper_10.2.5_all.deb ...
Unpacking debhelper (10.2.5) ...
Selecting previously unselected package devscripts.
Preparing to unpack .../075-devscripts_2.17.1_amd64.deb ...
Unpacking devscripts (2.17.1) ...
Selecting previously unselected package rubygems-integration.
Preparing to unpack .../076-rubygems-integration_1.11_all.deb ...
Unpacking rubygems-integration (1.11) ...
Selecting previously unselected package ruby-did-you-mean.
Preparing to unpack .../077-ruby-did-you-mean_1.0.0-2_all.deb ...
Unpacking ruby-did-you-mean (1.0.0-2) ...
Selecting previously unselected package ruby-minitest.
Preparing to unpack .../078-ruby-minitest_5.9.0-1_all.deb ...
Unpacking ruby-minitest (5.9.0-1) ...
Selecting previously unselected package ruby-net-telnet.
Preparing to unpack .../079-ruby-net-telnet_0.1.1-2_all.deb ...
Unpacking ruby-net-telnet (0.1.1-2) ...
Selecting previously unselected package ruby-power-assert.
Preparing to unpack .../080-ruby-power-assert_0.3.0-1_all.deb ...
Unpacking ruby-power-assert (0.3.0-1) ...
Selecting previously unselected package ruby-test-unit.
Preparing to unpack .../081-ruby-test-unit_3.1.7-2_all.deb ...
Unpacking ruby-test-unit (3.1.7-2) ...
Selecting previously unselected package libyaml-0-2:amd64.
Preparing to unpack .../082-libyaml-0-2_0.1.7-2_amd64.deb ...
Unpacking libyaml-0-2:amd64 (0.1.7-2) ...
Selecting previously unselected package libruby2.3:amd64.
Preparing to unpack .../083-libruby2.3_2.3.3-1_amd64.deb ...
Unpacking libruby2.3:amd64 (2.3.3-1) ...
Selecting previously unselected package ruby2.3.
Preparing to unpack .../084-ruby2.3_2.3.3-1_amd64.deb ...
Unpacking ruby2.3 (2.3.3-1) ...
Selecting previously unselected package ruby.
Preparing to unpack .../085-ruby_1%3a2.3.3_amd64.deb ...
Unpacking ruby (1:2.3.3) ...
Selecting previously unselected package rake.
Preparing to unpack .../086-rake_10.5.0-2_all.deb ...
Unpacking rake (10.5.0-2) ...
Selecting previously unselected package gem2deb-test-runner.
Preparing to unpack .../087-gem2deb-test-runner_0.33.1_amd64.deb ...
Unpacking gem2deb-test-runner (0.33.1) ...
Selecting previously unselected package libgmpxx4ldbl:amd64.
Preparing to unpack .../088-libgmpxx4ldbl_2%3a6.1.2+dfsg-1_amd64.deb ...
Unpacking libgmpxx4ldbl:amd64 (2:6.1.2+dfsg-1) ...
Selecting previously unselected package libgmp-dev:amd64.
Preparing to unpack .../089-libgmp-dev_2%3a6.1.2+dfsg-1_amd64.deb ...
Unpacking libgmp-dev:amd64 (2:6.1.2+dfsg-1) ...
Selecting previously unselected package ruby2.3-dev:amd64.
Preparing to unpack .../090-ruby2.3-dev_2.3.3-1_amd64.deb ...
Unpacking ruby2.3-dev:amd64 (2.3.3-1) ...
Selecting previously unselected package ruby-all-dev:amd64.
Preparing to unpack .../091-ruby-all-dev_1%3a2.3.3_amd64.deb ...
Unpacking ruby-all-dev:amd64 (1:2.3.3) ...
Selecting previously unselected package ruby-setup.
Preparing to unpack .../092-ruby-setup_3.4.1-9_all.deb ...
Unpacking ruby-setup (3.4.1-9) ...
Selecting previously unselected package gem2deb.
Preparing to unpack .../093-gem2deb_0.33.1_amd64.deb ...
Unpacking gem2deb (0.33.1) ...
Selecting previously unselected package libcupsimage2:amd64.
Preparing to unpack .../094-libcupsimage2_2.2.1-8_amd64.deb ...
Unpacking libcupsimage2:amd64 (2.2.1-8) ...
Selecting previously unselected package libijs-0.35:amd64.
Preparing to unpack .../095-libijs-0.35_0.35-12_amd64.deb ...
Unpacking libijs-0.35:amd64 (0.35-12) ...
Selecting previously unselected package libjbig2dec0:amd64.
Preparing to unpack .../096-libjbig2dec0_0.13-4_amd64.deb ...
Unpacking libjbig2dec0:amd64 (0.13-4) ...
Selecting previously unselected package libpaper1:amd64.
Preparing to unpack .../097-libpaper1_1.1.24+nmu5_amd64.deb ...
Unpacking libpaper1:amd64 (1.1.24+nmu5) ...
Selecting previously unselected package libgs9-common.
Preparing to unpack .../098-libgs9-common_9.20~dfsg-2_all.deb ...
Unpacking libgs9-common (9.20~dfsg-2) ...
Selecting previously unselected package libgs9:amd64.
Preparing to unpack .../099-libgs9_9.20~dfsg-2_amd64.deb ...
Unpacking libgs9:amd64 (9.20~dfsg-2) ...
Selecting previously unselected package ghostscript.
Preparing to unpack .../100-ghostscript_9.20~dfsg-2_amd64.deb ...
Unpacking ghostscript (9.20~dfsg-2) ...
Selecting previously unselected package gsfonts.
Preparing to unpack .../101-gsfonts_1%3a8.11+urwcyr1.0.7~pre44-4.3_all.deb ...
Unpacking gsfonts (1:8.11+urwcyr1.0.7~pre44-4.3) ...
Selecting previously unselected package libjs-jquery-easing.
Preparing to unpack .../102-libjs-jquery-easing_11-3_all.deb ...
Unpacking libjs-jquery-easing (11-3) ...
Selecting previously unselected package libjs-jquery-mousewheel.
Preparing to unpack .../103-libjs-jquery-mousewheel_11-3_all.deb ...
Unpacking libjs-jquery-mousewheel (11-3) ...
Selecting previously unselected package libjs-jquery-fancybox.
Preparing to unpack .../104-libjs-jquery-fancybox_11-3_all.deb ...
Unpacking libjs-jquery-fancybox (11-3) ...
Selecting previously unselected package libjs-jquery-ui.
Preparing to unpack .../105-libjs-jquery-ui_1.12.1+dfsg-4_all.deb ...
Unpacking libjs-jquery-ui (1.12.1+dfsg-4) ...
Selecting previously unselected package libwmf-bin.
Preparing to unpack .../106-libwmf-bin_0.2.8.4-10.6_amd64.deb ...
Unpacking libwmf-bin (0.2.8.4-10.6) ...
Selecting previously unselected package ruby-diff-lcs.
Preparing to unpack .../107-ruby-diff-lcs_1.2.5-2_all.deb ...
Unpacking ruby-diff-lcs (1.2.5-2) ...
Selecting previously unselected package ruby-docile.
Preparing to unpack .../108-ruby-docile_1.1.5-2_all.deb ...
Unpacking ruby-docile (1.1.5-2) ...
Selecting previously unselected package ruby-json.
Preparing to unpack .../109-ruby-json_2.0.1+dfsg-3_amd64.deb ...
Unpacking ruby-json (2.0.1+dfsg-3) ...
Selecting previously unselected package ruby-rspec-support.
Preparing to unpack .../110-ruby-rspec-support_3.5.0c3e0m0s0-1_all.deb ...
Unpacking ruby-rspec-support (3.5.0c3e0m0s0-1) ...
Selecting previously unselected package ruby-rspec-expectations.
Preparing to unpack .../111-ruby-rspec-expectations_3.5.0c3e0m0s0-1_all.deb ...
Unpacking ruby-rspec-expectations (3.5.0c3e0m0s0-1) ...
Selecting previously unselected package ruby-rspec-mocks.
Preparing to unpack .../112-ruby-rspec-mocks_3.5.0c3e0m0s0-1_all.deb ...
Unpacking ruby-rspec-mocks (3.5.0c3e0m0s0-1) ...
Selecting previously unselected package ruby-thread-order.
Preparing to unpack .../113-ruby-thread-order_1.1.0-1_all.deb ...
Unpacking ruby-thread-order (1.1.0-1) ...
Selecting previously unselected package ruby-rspec-core.
Preparing to unpack .../114-ruby-rspec-core_3.5.0c3e0m0s0-1_all.deb ...
Unpacking ruby-rspec-core (3.5.0c3e0m0s0-1) ...
Selecting previously unselected package ruby-rspec.
Preparing to unpack .../115-ruby-rspec_3.5.0c3e0m0s0-1_all.deb ...
Unpacking ruby-rspec (3.5.0c3e0m0s0-1) ...
Selecting previously unselected package ruby-simplecov-html.
Preparing to unpack .../116-ruby-simplecov-html_0.10.0-1_all.deb ...
Unpacking ruby-simplecov-html (0.10.0-1) ...
Selecting previously unselected package ruby-simplecov.
Preparing to unpack .../117-ruby-simplecov_0.11.1-1_all.deb ...
Unpacking ruby-simplecov (0.11.1-1) ...
Selecting previously unselected package sbuild-build-depends-ruby-rmagick-dummy.
Preparing to unpack .../118-sbuild-build-depends-ruby-rmagick-dummy_0.invalid.0_amd64.deb ...
Unpacking sbuild-build-depends-ruby-rmagick-dummy (0.invalid.0) ...
Setting up libgs9-common (9.20~dfsg-2) ...
Setting up libjs-jquery (3.1.1-2) ...
Setting up imagemagick-6-common (8:6.9.7.4+dfsg-1) ...
Setting up readline-common (7.0-2) ...
Setting up libnettle6:amd64 (3.3-1+b1) ...
Setting up libpathplan4 (2.38.0-17) ...
Setting up libgtk2.0-common (2.24.31-2) ...
Setting up libbz2-dev:amd64 (1.0.6-8.1) ...
Setting up libopenjp2-7:amd64 (2.1.2-1.1) ...
Setting up libxdot4 (2.38.0-17) ...
Setting up libjpeg62-turbo:amd64 (1:1.5.1-2) ...
Setting up libarchive-zip-perl (1.59-1) ...
Setting up mime-support (3.60) ...
Setting up gsfonts (1:8.11+urwcyr1.0.7~pre44-4.3) ...
Setting up libpng16-16:amd64 (1.6.28-1) ...
Setting up libtimedate-perl (2.3000-2) ...
Setting up liblcms2-2:amd64 (2.8-4) ...
Setting up libjbig0:amd64 (2.1-3.1+b2) ...
Setting up libsigsegv2:amd64 (2.10-5) ...
Setting up libpthread-stubs0-dev:amd64 (0.3-4) ...
Setting up fonts-dejavu-core (2.37-1) ...
Setting up poppler-data (0.4.7-8) ...
Setting up libdjvulibre-text (3.5.27.1-7) ...
Setting up libreadline7:amd64 (7.0-2) ...
Setting up libelf1:amd64 (0.168-0.2) ...
Setting up groff-base (1.22.3-9) ...
Setting up libglib2.0-0:amd64 (2.50.3-1) ...
No schema files found: doing nothing.
Setting up xorg-sgml-doctools (1:1.11-1) ...
Setting up libmagickcore-6-arch-config:amd64 (8:6.9.7.4+dfsg-1) ...
Setting up libgdk-pixbuf2.0-common (2.36.5-2) ...
Setting up libopenjp2-7-dev (2.1.2-1.1) ...
Setting up libdatrie1:amd64 (0.2.10-4+b1) ...
Setting up libtiff5:amd64 (4.0.7-5) ...
Setting up gettext-base (0.19.8.1-2) ...
Setting up libpipeline1:amd64 (1.4.1-2) ...
Setting up x11proto-kb-dev (1.0.7-1) ...
Setting up m4 (1.4.18-1) ...
Setting up libfftw3-double3:amd64 (3.3.5-3) ...
Setting up libicu57:amd64 (57.1-5) ...
Setting up ucf (3.0036) ...
Setting up libgirepository-1.0-1:amd64 (1.50.0-1+b1) ...
Setting up libxml2:amd64 (2.9.4+dfsg1-2.2) ...
Setting up libfreetype6:amd64 (2.6.3-3+b2) ...
Setting up libtasn1-6:amd64 (4.10-1) ...
Setting up libmagic-mgc (1:5.29-3) ...
Setting up libmagic1:amd64 (1:5.29-3) ...
Setting up libhogweed4:amd64 (3.3-1+b1) ...
Setting up lsb-base (9.20161125) ...
Setting up libgraphite2-3:amd64 (1.3.9-4) ...
Setting up libjbig-dev:amd64 (2.1-3.1+b2) ...
Setting up libcroco3:amd64 (0.6.11-2) ...
Setting up libssl1.0.2:amd64 (1.0.2k-1) ...
Setting up libilmbase12:amd64 (2.2.0-12) ...
Setting up libatk1.0-data (2.22.0-1) ...
Setting up pkg-config (0.29-4) ...
Setting up liblqr-1-0:amd64 (0.4.2-2) ...
Setting up libjbig2dec0:amd64 (0.13-4) ...
Setting up ruby-did-you-mean (1.0.0-2) ...
Setting up libyaml-0-2:amd64 (0.1.7-2) ...
Setting up libpixman-1-0:amd64 (0.34.0-1) ...
Setting up xtrans-dev (1.3.5-1) ...
Setting up gir1.2-glib-2.0:amd64 (1.50.0-1+b1) ...
Setting up libglib2.0-data (2.50.3-1) ...
Processing triggers for libc-bin (2.24-9) ...
Setting up autotools-dev (20161112.1) ...
Setting up libunistring0:amd64 (0.9.6+really0.9.3-0.1) ...
Setting up libpixman-1-dev (0.34.0-1) ...
Setting up libatk1.0-0:amd64 (2.22.0-1) ...
Setting up libjs-jquery-easing (11-3) ...
Setting up libp11-kit0:amd64 (0.23.3-5) ...
Setting up libjs-jquery-ui (1.12.1+dfsg-4) ...
Setting up libltdl7:amd64 (2.4.6-2) ...
Setting up libjs-jquery-mousewheel (11-3) ...
Setting up openssl (1.1.0e-1) ...
Setting up ruby-net-telnet (0.1.1-2) ...
Setting up libijs-0.35:amd64 (0.35-12) ...
Setting up libsqlite3-0:amd64 (3.16.2-3) ...
Setting up libtiffxx5:amd64 (4.0.7-5) ...
Setting up libexpat1-dev:amd64 (2.2.0-2) ...
Setting up libmagickcore-6-headers (8:6.9.7.4+dfsg-1) ...
Setting up shared-mime-info (1.8-1) ...
Setting up libpcrecpp0v5:amd64 (2:8.39-2.1) ...
Setting up libpcre32-3:amd64 (2:8.39-2.1) ...
Setting up icu-devtools (57.1-5) ...
Setting up libpcre16-3:amd64 (2:8.39-2.1) ...
Setting up libthai-data (0.1.26-1) ...
Setting up libjpeg62-turbo-dev:amd64 (1:1.5.1-2) ...
Setting up liblzma-dev:amd64 (5.2.2-1.2+b1) ...
Setting up libxdmcp6:amd64 (1:1.1.2-1.1) ...
Setting up libkeyutils1:amd64 (1.5.9-9) ...
Setting up bsdmainutils (9.0.12) ...
update-alternatives: using /usr/bin/bsd-write to provide /usr/bin/write (write) in auto mode
update-alternatives: using /usr/bin/bsd-from to provide /usr/bin/from (from) in auto mode
Setting up libgmpxx4ldbl:amd64 (2:6.1.2+dfsg-1) ...
Setting up libjs-jquery-fancybox (11-3) ...
Setting up ruby-minitest (5.9.0-1) ...
Setting up x11-common (1:7.7+18) ...
update-rc.d: warning: start and stop actions are no longer supported; falling back to defaults
invoke-rc.d: could not determine current runlevel
All runlevel operations denied by policy
invoke-rc.d: policy-rc.d denied execution of start.
Setting up ca-certificates (20161130) ...
Updating certificates in /etc/ssl/certs...
173 added, 0 removed; done.
Setting up hicolor-icon-theme (0.15-1) ...
Setting up libglib2.0-bin (2.50.3-1) ...
Setting up libexif12:amd64 (0.6.21-2) ...
Setting up libcdt5 (2.38.0-17) ...
Setting up libx11-data (2:1.6.4-3) ...
Setting up libxau6:amd64 (1:1.0.8-1) ...
Setting up autopoint (0.19.8.1-2) ...
Setting up libidn11:amd64 (1.33-1) ...
Setting up libmpdec2:amd64 (2.4.2-1) ...
Setting up libdbus-1-3:amd64 (1.10.16-1) ...
Setting up liblzo2-2:amd64 (2.08-1.2) ...
Setting up ruby-power-assert (0.3.0-1) ...
Setting up libavahi-common-data:amd64 (0.6.32-2) ...
Setting up libcgraph6 (2.38.0-17) ...
Setting up libwebp6:amd64 (0.5.2-1) ...
Setting up zlib1g-dev:amd64 (1:1.2.8.dfsg-5) ...
Setting up libfile-stripnondeterminism-perl (0.031-1) ...
Setting up libgmp-dev:amd64 (2:6.1.2+dfsg-1) ...
Setting up libpaper1:amd64 (1.1.24+nmu5) ...

Creating config file /etc/papersize with new version
Setting up libgts-0.7-5:amd64 (0.7.6+darcs121130-4) ...
Setting up libpcre3-dev:amd64 (2:8.39-2.1) ...
Setting up fontconfig-config (2.11.0-6.7) ...
Setting up x11proto-core-dev (7.0.31-1) ...
Setting up liblqr-1-0-dev (0.4.2-2) ...
Setting up liblcms2-dev:amd64 (2.8-4) ...
Setting up libltdl-dev:amd64 (2.4.6-2) ...
Setting up libilmbase-dev (2.2.0-12) ...
Setting up ruby-test-unit (3.1.7-2) ...
Setting up libdjvulibre21:amd64 (3.5.27.1-7) ...
Setting up gettext (0.19.8.1-2) ...
Setting up libmagickwand-6-headers (8:6.9.7.4+dfsg-1) ...
Setting up libgvpr2 (2.38.0-17) ...
Setting up libdjvulibre-dev:amd64 (3.5.27.1-7) ...
Setting up libpython3.5-stdlib:amd64 (3.5.3-1) ...
Setting up libtiff5-dev:amd64 (4.0.7-5) ...
Setting up libgnutls30:amd64 (3.5.8-3) ...
Setting up libharfbuzz0b:amd64 (1.4.2-1) ...
Setting up libxau-dev:amd64 (1:1.0.8-1) ...
Setting up autoconf (2.69-10) ...
Setting up libthai0:amd64 (0.1.26-1) ...
Setting up libicu-dev (57.1-5) ...
Setting up libopenexr22:amd64 (2.2.0-11+b1) ...
Setting up file (1:5.29-3) ...
Setting up libkrb5support0:amd64 (1.15-1) ...
Setting up libxml2-dev:amd64 (2.9.4+dfsg1-2.2) ...
Setting up intltool-debian (0.35.0+20060710.4) ...
Setting up libxdmcp-dev:amd64 (1:1.1.2-1.1) ...
Setting up libjpeg-dev (1:1.5.1-2) ...
Setting up libexif-dev (0.6.21-2) ...
Setting up automake (1:1.15-6) ...
update-alternatives: using /usr/bin/automake-1.15 to provide /usr/bin/automake (automake) in auto mode
Setting up libice6:amd64 (2:1.0.9-1+b1) ...
Setting up rubygems-integration (1.11) ...
Setting up libopenexr-dev (2.2.0-11+b1) ...
Setting up man-db (2.7.6.1-2) ...
Not building database; man-db/auto-update is not 'true'.
Setting up libavahi-common3:amd64 (0.6.32-2) ...
Setting up libpng-dev:amd64 (1.6.28-1) ...
Setting up x11proto-render-dev (2:0.11.1-2) ...
Setting up libxcb1:amd64 (1.12-1) ...
Setting up x11proto-input-dev (2.3.2-1) ...
Setting up libtool (2.4.6-2) ...
Setting up python3.5 (3.5.3-1) ...
Setting up libpython3-stdlib:amd64 (3.5.3-1) ...
Setting up libfontconfig1:amd64 (2.11.0-6.7+b1) ...
Setting up libsm6:amd64 (2:1.2.2-1+b1) ...
Setting up libk5crypto3:amd64 (1.15-1) ...
Setting up libxcb-render0:amd64 (1.12-1) ...
Setting up po-debconf (1.0.20) ...
Setting up libx11-6:amd64 (2:1.6.4-3) ...
Setting up x11proto-xext-dev (7.3.0-1) ...
Setting up libfreetype6-dev (2.6.3-3+b2) ...
Setting up libice-dev:amd64 (2:1.0.9-1+b1) ...
Setting up libxcomposite1:amd64 (1:0.4.4-2) ...
Setting up libxcb-shm0:amd64 (1.12-1) ...
Setting up libxpm4:amd64 (1:3.5.12-1) ...
Setting up libxt6:amd64 (1:1.1.5-1) ...
Setting up libxrender1:amd64 (1:0.9.10-1) ...
Setting up libxcb1-dev:amd64 (1.12-1) ...
Setting up libavahi-client3:amd64 (0.6.32-2) ...
Setting up libkrb5-3:amd64 (1.15-1) ...
Setting up libx11-dev:amd64 (2:1.6.4-3) ...
Setting up fontconfig (2.11.0-6.7+b1) ...
Regenerating fonts cache... done.
Setting up libfontconfig1-dev:amd64 (2.11.0-6.7+b1) ...
Setting up libsm-dev:amd64 (2:1.2.2-1+b1) ...
Setting up libxext6:amd64 (2:1.3.3-1) ...
Setting up libxfixes3:amd64 (1:5.0.3-1) ...
Setting up libgdk-pixbuf2.0-0:amd64 (2.36.5-2) ...
Setting up libxcb-shm0-dev:amd64 (1.12-1) ...
Setting up libgd3:amd64 (2.2.4-2) ...
Setting up gir1.2-gdkpixbuf-2.0:amd64 (2.36.5-2) ...
Setting up libxrender-dev:amd64 (1:0.9.10-1) ...
Setting up libgssapi-krb5-2:amd64 (1.15-1) ...
Setting up libxcb-render0-dev:amd64 (1.12-1) ...
Setting up gtk-update-icon-cache (3.22.8-1) ...
Setting up libxcursor1:amd64 (1:1.1.14-1+b1) ...
Setting up libxext-dev:amd64 (2:1.3.3-1) ...
Setting up libpango-1.0-0:amd64 (1.40.3-3) ...
Setting up libwmf0.2-7:amd64 (0.2.8.4-10.6) ...
Setting up libxrandr2:amd64 (2:1.5.1-1) ...
Setting up libcups2:amd64 (2.2.1-8) ...
Setting up libxi6:amd64 (2:1.7.9-1) ...
Setting up libwmf-dev (0.2.8.4-10.6) ...
Setting up libcairo2:amd64 (1.14.8-1) ...
Setting up libxinerama1:amd64 (2:1.1.3-1+b1) ...
Setting up libxt-dev:amd64 (1:1.1.5-1) ...
Setting up libmagickcore-6.q16-3:amd64 (8:6.9.7.4+dfsg-1) ...
Setting up libxdamage1:amd64 (1:1.1.4-2+b1) ...
Setting up libcairo-script-interpreter2:amd64 (1.14.8-1) ...
Setting up libcairo-gobject2:amd64 (1.14.8-1) ...
Setting up libwmf-bin (0.2.8.4-10.6) ...
Setting up libpangoft2-1.0-0:amd64 (1.40.3-3) ...
Setting up libcupsimage2:amd64 (2.2.1-8) ...
Setting up libmagickwand-6.q16-3:amd64 (8:6.9.7.4+dfsg-1) ...
Setting up libgs9:amd64 (9.20~dfsg-2) ...
Setting up gir1.2-freedesktop:amd64 (1.50.0-1+b1) ...
Setting up libpangocairo-1.0-0:amd64 (1.40.3-3) ...
Setting up ghostscript (9.20~dfsg-2) ...
Setting up libmagickcore-6.q16-3-extra:amd64 (8:6.9.7.4+dfsg-1) ...
Setting up libgvc6 (2.38.0-17) ...
Setting up librsvg2-2:amd64 (2.40.16-1+b1) ...
Setting up librsvg2-common:amd64 (2.40.16-1+b1) ...
Setting up gir1.2-rsvg-2.0:amd64 (2.40.16-1+b1) ...
Setting up gnome-icon-theme (3.12.0-2) ...
update-alternatives: using /usr/share/icons/gnome/scalable/places/debian-swirl.svg to provide /usr/share/icons/gnome/scalable/places/start-here.svg (start-here.svg) in auto mode
Setting up libgtk2.0-0:amd64 (2.24.31-2) ...
Setting up libgvc6-plugins-gtk (2.38.0-17) ...
Setting up libgraphviz-dev (2.38.0-17) ...
Setting up dh-autoreconf (13) ...
Setting up python3 (3.5.3-1) ...
Setting up devscripts (2.17.1) ...
Setting up ruby2.3 (2.3.3-1) ...
Setting up libglib2.0-dev (2.50.3-1) ...
Setting up dh-strip-nondeterminism (0.031-1) ...
Setting up libgdk-pixbuf2.0-dev (2.36.5-2) ...
Setting up ruby (1:2.3.3) ...
Setting up dh-python (2.20170125) ...
Setting up ruby-diff-lcs (1.2.5-2) ...
Setting up ruby-simplecov-html (0.10.0-1) ...
Setting up debhelper (10.2.5) ...
Setting up ruby-docile (1.1.5-2) ...
Setting up libcairo2-dev (1.14.8-1) ...
Setting up rake (10.5.0-2) ...
Setting up ruby-thread-order (1.1.0-1) ...
Setting up ruby-rspec-support (3.5.0c3e0m0s0-1) ...
Setting up librsvg2-dev:amd64 (2.40.16-1+b1) ...
Setting up ruby-setup (3.4.1-9) ...
Setting up libmagickcore-6.q16-dev:amd64 (8:6.9.7.4+dfsg-1) ...
Setting up libruby2.3:amd64 (2.3.3-1) ...
Setting up gem2deb-test-runner (0.33.1) ...
Setting up ruby-json (2.0.1+dfsg-3) ...
Setting up ruby-rspec-expectations (3.5.0c3e0m0s0-1) ...
Setting up libmagickcore-dev (8:6.9.7.4+dfsg-1) ...
Setting up ruby-rspec-mocks (3.5.0c3e0m0s0-1) ...
Setting up ruby-rspec-core (3.5.0c3e0m0s0-1) ...
Setting up libmagickwand-6.q16-dev:amd64 (8:6.9.7.4+dfsg-1) ...
Setting up ruby2.3-dev:amd64 (2.3.3-1) ...
Setting up ruby-simplecov (0.11.1-1) ...
Setting up ruby-all-dev:amd64 (1:2.3.3) ...
Setting up ruby-rspec (3.5.0c3e0m0s0-1) ...
Setting up libmagickwand-dev (8:6.9.7.4+dfsg-1) ...
Setting up gem2deb (0.33.1) ...
Setting up sbuild-build-depends-ruby-rmagick-dummy (0.invalid.0) ...
Processing triggers for libc-bin (2.24-9) ...
Processing triggers for ca-certificates (20161130) ...
Updating certificates in /etc/ssl/certs...
0 added, 0 removed; done.
Running hooks in /etc/ca-certificates/update.d...
done.
Processing triggers for libgdk-pixbuf2.0-0:amd64 (2.36.5-2) ...
W: No sandbox user '_apt' on the system, can not drop privileges

+------------------------------------------------------------------------------+
| Build environment                                                            |
+------------------------------------------------------------------------------+

Kernel: Linux 3.16.0-4-amd64 amd64 (x86_64)
Toolchain package versions: binutils_2.27.90.20170221-1 dpkg-dev_1.18.22 g++-6_6.3.0-8 gcc-6_6.3.0-8 libc6-dev_2.24-9 libstdc++-6-dev_6.3.0-8 libstdc++6_6.3.0-8 linux-libc-dev_4.9.13-1
Package versions: adduser_3.115 apt_1.4~rc2 autoconf_2.69-10 automake_1:1.15-6 autopoint_0.19.8.1-2 autotools-dev_20161112.1 base-files_9.8 base-passwd_3.5.43 bash_4.4-4 binutils_2.27.90.20170221-1 bsdmainutils_9.0.12 bsdutils_1:2.29.1-1 build-essential_12.3 bzip2_1.0.6-8.1 ca-certificates_20161130 clang-4.0_1:4.0~+rc2-1 coreutils_8.26-3 cpp_4:6.3.0-1 cpp-6_6.3.0-8 dash_0.5.8-2.4 debconf_1.5.60 debfoster_2.7-2.1 debhelper_10.2.5 debian-archive-keyring_2014.3 debianutils_4.8.1 devscripts_2.17.1 dh-autoreconf_13 dh-python_2.20170125 dh-strip-nondeterminism_0.031-1 diffutils_1:3.5-3 dpkg_1.18.22 dpkg-dev_1.18.22 e2fslibs_1.43.4-2 e2fsprogs_1.43.4-2 eatmydata_105-5 fakeroot_1.21-3.1 file_1:5.29-3 findutils_4.6.0+git+20161106-2 fontconfig_2.11.0-6.7+b1 fontconfig-config_2.11.0-6.7 fonts-dejavu-core_2.37-1 g++_4:6.3.0-1 g++-6_6.3.0-8 gcc_4:6.3.0-1 gcc-6_6.3.0-8 gcc-6-base_6.3.0-8 gem2deb_0.33.1 gem2deb-test-runner_0.33.1 gettext_0.19.8.1-2 gettext-base_0.19.8.1-2 ghostscript_9.20~dfsg-2 gir1.2-freedesktop_1.50.0-1+b1 gir1.2-gdkpixbuf-2.0_2.36.5-2 gir1.2-glib-2.0_1.50.0-1+b1 gir1.2-rsvg-2.0_2.40.16-1+b1 gnome-icon-theme_3.12.0-2 gpgv_2.1.18-6 grep_2.27-2 groff-base_1.22.3-9 gsfonts_1:8.11+urwcyr1.0.7~pre44-4.3 gtk-update-icon-cache_3.22.8-1 gzip_1.6-5 hicolor-icon-theme_0.15-1 hostname_3.18 icu-devtools_57.1-5 imagemagick-6-common_8:6.9.7.4+dfsg-1 init-system-helpers_1.47 intltool-debian_0.35.0+20060710.4 libacl1_2.2.52-3+b1 libapt-pkg5.0_1.4~rc2 libarchive-zip-perl_1.59-1 libasan3_6.3.0-8 libatk1.0-0_2.22.0-1 libatk1.0-data_2.22.0-1 libatomic1_6.3.0-8 libattr1_1:2.4.47-2+b2 libaudit-common_1:2.6.7-1 libaudit1_1:2.6.7-1 libavahi-client3_0.6.32-2 libavahi-common-data_0.6.32-2 libavahi-common3_0.6.32-2 libblkid1_2.29.1-1 libbsd0_0.8.3-1 libbz2-1.0_1.0.6-8.1 libbz2-dev_1.0.6-8.1 libc-bin_2.24-9 libc-dev-bin_2.24-9 libc6_2.24-9 libc6-dev_2.24-9 libcairo-gobject2_1.14.8-1 libcairo-script-interpreter2_1.14.8-1 libcairo2_1.14.8-1 libcairo2-dev_1.14.8-1 libcap-ng0_0.7.7-3+b1 libcc1-0_6.3.0-8 libcdt5_2.38.0-17 libcgraph6_2.38.0-17 libcilkrts5_6.3.0-8 libclang-common-4.0-dev_1:4.0~+rc2-1 libclang1-4.0_1:4.0~+rc2-1 libcomerr2_1.43.4-2 libcroco3_0.6.11-2 libcups2_2.2.1-8 libcupsimage2_2.2.1-8 libdatrie1_0.2.10-4+b1 libdb5.3_5.3.28-12+b1 libdbus-1-3_1.10.16-1 libdebconfclient0_0.224 libdjvulibre-dev_3.5.27.1-7 libdjvulibre-text_3.5.27.1-7 libdjvulibre21_3.5.27.1-7 libdpkg-perl_1.18.22 libeatmydata1_105-5 libedit2_3.1-20160903-3 libelf1_0.168-0.2 libexif-dev_0.6.21-2 libexif12_0.6.21-2 libexpat1_2.2.0-2 libexpat1-dev_2.2.0-2 libfakeroot_1.21-3.1 libfdisk1_2.29.1-1 libffi6_3.2.1-6 libfftw3-double3_3.3.5-3 libfile-stripnondeterminism-perl_0.031-1 libfontconfig1_2.11.0-6.7+b1 libfontconfig1-dev_2.11.0-6.7+b1 libfreetype6_2.6.3-3+b2 libfreetype6-dev_2.6.3-3+b2 libgc1c2_1:7.4.2-8 libgcc-6-dev_6.3.0-8 libgcc1_1:6.3.0-8 libgcrypt20_1.7.6-1 libgd3_2.2.4-2 libgdbm3_1.8.3-14 libgdk-pixbuf2.0-0_2.36.5-2 libgdk-pixbuf2.0-common_2.36.5-2 libgdk-pixbuf2.0-dev_2.36.5-2 libgirepository-1.0-1_1.50.0-1+b1 libglib2.0-0_2.50.3-1 libglib2.0-bin_2.50.3-1 libglib2.0-data_2.50.3-1 libglib2.0-dev_2.50.3-1 libgmp-dev_2:6.1.2+dfsg-1 libgmp10_2:6.1.2+dfsg-1 libgmpxx4ldbl_2:6.1.2+dfsg-1 libgnutls30_3.5.8-3 libgomp1_6.3.0-8 libgpg-error0_1.26-2 libgraphite2-3_1.3.9-4 libgraphviz-dev_2.38.0-17 libgs9_9.20~dfsg-2 libgs9-common_9.20~dfsg-2 libgssapi-krb5-2_1.15-1 libgtk2.0-0_2.24.31-2 libgtk2.0-common_2.24.31-2 libgts-0.7-5_0.7.6+darcs121130-4 libgvc6_2.38.0-17 libgvc6-plugins-gtk_2.38.0-17 libgvpr2_2.38.0-17 libharfbuzz0b_1.4.2-1 libhogweed4_3.3-1+b1 libice-dev_2:1.0.9-1+b1 libice6_2:1.0.9-1+b1 libicu-dev_57.1-5 libicu57_57.1-5 libidn11_1.33-1 libijs-0.35_0.35-12 libilmbase-dev_2.2.0-12 libilmbase12_2.2.0-12 libisl15_0.18-1 libitm1_6.3.0-8 libjbig-dev_2.1-3.1+b2 libjbig0_2.1-3.1+b2 libjbig2dec0_0.13-4 libjpeg-dev_1:1.5.1-2 libjpeg62-turbo_1:1.5.1-2 libjpeg62-turbo-dev_1:1.5.1-2 libjs-jquery_3.1.1-2 libjs-jquery-easing_11-3 libjs-jquery-fancybox_11-3 libjs-jquery-mousewheel_11-3 libjs-jquery-ui_1.12.1+dfsg-4 libjsoncpp1_1.7.4-3 libk5crypto3_1.15-1 libkeyutils1_1.5.9-9 libkrb5-3_1.15-1 libkrb5support0_1.15-1 liblcms2-2_2.8-4 liblcms2-dev_2.8-4 libllvm4.0_1:4.0~+rc2-1 liblqr-1-0_0.4.2-2 liblqr-1-0-dev_0.4.2-2 liblsan0_6.3.0-8 libltdl-dev_2.4.6-2 libltdl7_2.4.6-2 liblz4-1_0.0~r131-2+b1 liblzma-dev_5.2.2-1.2+b1 liblzma5_5.2.2-1.2+b1 liblzo2-2_2.08-1.2 libmagic-mgc_1:5.29-3 libmagic1_1:5.29-3 libmagickcore-6-arch-config_8:6.9.7.4+dfsg-1 libmagickcore-6-headers_8:6.9.7.4+dfsg-1 libmagickcore-6.q16-3_8:6.9.7.4+dfsg-1 libmagickcore-6.q16-3-extra_8:6.9.7.4+dfsg-1 libmagickcore-6.q16-dev_8:6.9.7.4+dfsg-1 libmagickcore-dev_8:6.9.7.4+dfsg-1 libmagickwand-6-headers_8:6.9.7.4+dfsg-1 libmagickwand-6.q16-3_8:6.9.7.4+dfsg-1 libmagickwand-6.q16-dev_8:6.9.7.4+dfsg-1 libmagickwand-dev_8:6.9.7.4+dfsg-1 libmount1_2.29.1-1 libmpc3_1.0.3-1 libmpdec2_2.4.2-1 libmpfr4_3.1.5-1 libmpx2_6.3.0-8 libncurses5_6.0+20161126-1 libncursesw5_6.0+20161126-1 libnettle6_3.3-1+b1 libobjc-6-dev_6.3.0-8 libobjc4_6.3.0-8 libopenexr-dev_2.2.0-11+b1 libopenexr22_2.2.0-11+b1 libopenjp2-7_2.1.2-1.1 libopenjp2-7-dev_2.1.2-1.1 libp11-kit0_0.23.3-5 libpam-modules_1.1.8-3.5 libpam-modules-bin_1.1.8-3.5 libpam-runtime_1.1.8-3.5 libpam0g_1.1.8-3.5 libpango-1.0-0_1.40.3-3 libpangocairo-1.0-0_1.40.3-3 libpangoft2-1.0-0_1.40.3-3 libpaper1_1.1.24+nmu5 libpathplan4_2.38.0-17 libpcre16-3_2:8.39-2.1 libpcre3_2:8.39-2.1 libpcre3-dev_2:8.39-2.1 libpcre32-3_2:8.39-2.1 libpcrecpp0v5_2:8.39-2.1 libperl5.24_5.24.1-1 libpipeline1_1.4.1-2 libpixman-1-0_0.34.0-1 libpixman-1-dev_0.34.0-1 libpng-dev_1.6.28-1 libpng16-16_1.6.28-1 libpthread-stubs0-dev_0.3-4 libpython3-stdlib_3.5.3-1 libpython3.5-minimal_3.5.3-1 libpython3.5-stdlib_3.5.3-1 libquadmath0_6.3.0-8 libreadline7_7.0-2 librsvg2-2_2.40.16-1+b1 librsvg2-common_2.40.16-1+b1 librsvg2-dev_2.40.16-1+b1 libruby2.3_2.3.3-1 libselinux1_2.6-3 libsemanage-common_2.6-2 libsemanage1_2.6-2 libsepol1_2.6-2 libsigsegv2_2.10-5 libsm-dev_2:1.2.2-1+b1 libsm6_2:1.2.2-1+b1 libsmartcols1_2.29.1-1 libsqlite3-0_3.16.2-3 libss2_1.43.4-2 libssl1.0.2_1.0.2k-1 libssl1.1_1.1.0e-1 libstdc++-6-dev_6.3.0-8 libstdc++6_6.3.0-8 libsystemd0_232-18 libtasn1-6_4.10-1 libthai-data_0.1.26-1 libthai0_0.1.26-1 libtiff5_4.0.7-5 libtiff5-dev_4.0.7-5 libtiffxx5_4.0.7-5 libtimedate-perl_2.3000-2 libtinfo5_6.0+20161126-1 libtool_2.4.6-2 libtsan0_6.3.0-8 libubsan0_6.3.0-8 libudev1_232-18 libunistring0_0.9.6+really0.9.3-0.1 libustr-1.0-1_1.0.4-6 libuuid1_2.29.1-1 libwebp6_0.5.2-1 libwmf-bin_0.2.8.4-10.6 libwmf-dev_0.2.8.4-10.6 libwmf0.2-7_0.2.8.4-10.6 libx11-6_2:1.6.4-3 libx11-data_2:1.6.4-3 libx11-dev_2:1.6.4-3 libxau-dev_1:1.0.8-1 libxau6_1:1.0.8-1 libxcb-render0_1.12-1 libxcb-render0-dev_1.12-1 libxcb-shm0_1.12-1 libxcb-shm0-dev_1.12-1 libxcb1_1.12-1 libxcb1-dev_1.12-1 libxcomposite1_1:0.4.4-2 libxcursor1_1:1.1.14-1+b1 libxdamage1_1:1.1.4-2+b1 libxdmcp-dev_1:1.1.2-1.1 libxdmcp6_1:1.1.2-1.1 libxdot4_2.38.0-17 libxext-dev_2:1.3.3-1 libxext6_2:1.3.3-1 libxfixes3_1:5.0.3-1 libxi6_2:1.7.9-1 libxinerama1_2:1.1.3-1+b1 libxml2_2.9.4+dfsg1-2.2 libxml2-dev_2.9.4+dfsg1-2.2 libxpm4_1:3.5.12-1 libxrandr2_2:1.5.1-1 libxrender-dev_1:0.9.10-1 libxrender1_1:0.9.10-1 libxt-dev_1:1.1.5-1 libxt6_1:1.1.5-1 libyaml-0-2_0.1.7-2 linux-libc-dev_4.9.13-1 login_1:4.4-4 lsb-base_9.20161125 m4_1.4.18-1 make_4.1-9.1 man-db_2.7.6.1-2 mawk_1.3.3-17 mime-support_3.60 mount_2.29.1-1 multiarch-support_2.24-9 ncurses-base_6.0+20161126-1 ncurses-bin_6.0+20161126-1 openssl_1.1.0e-1 passwd_1:4.4-4 patch_2.7.5-1 perl_5.24.1-1 perl-base_5.24.1-1 perl-modules-5.24_5.24.1-1 pkg-config_0.29-4 po-debconf_1.0.20 poppler-data_0.4.7-8 python3_3.5.3-1 python3-minimal_3.5.3-1 python3.5_3.5.3-1 python3.5-minimal_3.5.3-1 rake_10.5.0-2 readline-common_7.0-2 ruby_1:2.3.3 ruby-all-dev_1:2.3.3 ruby-did-you-mean_1.0.0-2 ruby-diff-lcs_1.2.5-2 ruby-docile_1.1.5-2 ruby-json_2.0.1+dfsg-3 ruby-minitest_5.9.0-1 ruby-net-telnet_0.1.1-2 ruby-power-assert_0.3.0-1 ruby-rspec_3.5.0c3e0m0s0-1 ruby-rspec-core_3.5.0c3e0m0s0-1 ruby-rspec-expectations_3.5.0c3e0m0s0-1 ruby-rspec-mocks_3.5.0c3e0m0s0-1 ruby-rspec-support_3.5.0c3e0m0s0-1 ruby-setup_3.4.1-9 ruby-simplecov_0.11.1-1 ruby-simplecov-html_0.10.0-1 ruby-test-unit_3.1.7-2 ruby-thread-order_1.1.0-1 ruby2.3_2.3.3-1 ruby2.3-dev_2.3.3-1 rubygems-integration_1.11 sbuild-build-depends-core-dummy_0.invalid.0 sbuild-build-depends-ruby-rmagick-dummy_0.invalid.0 sed_4.4-1 sensible-utils_0.0.9 shared-mime-info_1.8-1 sysvinit-utils_2.88dsf-59.9 tar_1.29b-1.1 ucf_3.0036 util-linux_2.29.1-1 x11-common_1:7.7+18 x11proto-core-dev_7.0.31-1 x11proto-input-dev_2.3.2-1 x11proto-kb-dev_1.0.7-1 x11proto-render-dev_2:0.11.1-2 x11proto-xext-dev_7.3.0-1 xorg-sgml-doctools_1:1.11-1 xtrans-dev_1.3.5-1 xz-utils_5.2.2-1.2+b1 zlib1g_1:1.2.8.dfsg-5 zlib1g-dev_1:1.2.8.dfsg-5

+------------------------------------------------------------------------------+
| Build                                                                        |
+------------------------------------------------------------------------------+


Unpack source
-------------

gpgv: unknown type of key resource 'trustedkeys.kbx'
gpgv: keyblock resource '/sbuild-nonexistent/.gnupg/trustedkeys.kbx': General error
gpgv: Signature made Sun Dec  4 18:03:12 2016 UTC
gpgv:                using RSA key B2DEE66036C40829FCD0F10CFC0DB1BBCD460BDE
gpgv: Can't check signature: No public key
dpkg-source: warning: failed to verify signature on ./ruby-rmagick_2.16.0-2.dsc
dpkg-source: info: extracting ruby-rmagick in /<<PKGBUILDDIR>>
dpkg-source: info: unpacking ruby-rmagick_2.16.0.orig.tar.gz
dpkg-source: info: unpacking ruby-rmagick_2.16.0-2.debian.tar.xz
dpkg-source: info: applying 0001-Bypass-version-check.patch
dpkg-source: info: applying 0002-Ignore-removed-srgb.icm-file-in-tests.patch
dpkg-source: info: applying 0003-Use-deterministic-label-for-image.patch
dpkg-source: info: applying 0004-Seed-RNG-to-0-during-builds.patch
dpkg-source: info: applying 0005-gemspec-fix-error-when-loading.patch
dpkg-source: info: applying 0006-gemspec-drop-git-usage.patch
dpkg-source: info: applying 0007-Skip-failing-tests.patch

Check disk space
----------------

Sufficient free space for build

User Environment
----------------

APT_CONFIG=/var/lib/sbuild/apt.conf
HOME=/sbuild-nonexistent
LC_ALL=POSIX
LOGNAME=user42
PATH=/usr/local/sbin:/usr/local/bin:/usr/sbin:/usr/bin:/sbin:/bin:/usr/games
SCHROOT_ALIAS_NAME=unstable-amd64-sbuild
SCHROOT_CHROOT_NAME=unstable-amd64-sbuild
SCHROOT_COMMAND=env
SCHROOT_GID=1001
SCHROOT_GROUP=user42
SCHROOT_SESSION_ID=unstable-amd64-sbuild-16848ac5-0ee9-4b68-9a46-cfdcb3753e8b
SCHROOT_UID=1001
SCHROOT_USER=user42
SHELL=/bin/sh
USER=user42

dpkg-buildpackage
-----------------

dpkg-buildpackage: info: source package ruby-rmagick
dpkg-buildpackage: info: source version 2.16.0-2
dpkg-buildpackage: info: source distribution unstable
dpkg-buildpackage: info: source changed by Antonio Terceiro <terceiro@debian.org>
 dpkg-source --before-build ruby-rmagick-2.16.0
dpkg-buildpackage: info: host architecture amd64
 fakeroot debian/rules clean
dh clean --buildsystem=ruby --with ruby
   dh_testdir -O--buildsystem=ruby
   debian/rules override_dh_auto_clean
make[1]: Entering directory '/<<PKGBUILDDIR>>'
DH_RUBY_GEMSPEC=/dev/null dh_auto_clean
	dh_ruby --clean
   dh_ruby --clean
make[1]: Leaving directory '/<<PKGBUILDDIR>>'
   dh_clean -O--buildsystem=ruby
 debian/rules build-arch
dh build-arch --buildsystem=ruby --with ruby
   dh_testdir -a -O--buildsystem=ruby
   dh_update_autotools_config -a -O--buildsystem=ruby
   dh_auto_configure -a -O--buildsystem=ruby
	dh_ruby --configure
   dh_auto_build -a -O--buildsystem=ruby
	dh_ruby --build
   dh_ruby --build
   dh_auto_test -a -O--buildsystem=ruby
	dh_ruby --test
   create-stamp debian/debhelper-build-stamp
 fakeroot debian/rules binary-arch
dh binary-arch --buildsystem=ruby --with ruby
   create-stamp debian/debhelper-build-stamp
   dh_testroot -a -O--buildsystem=ruby
   dh_prep -a -O--buildsystem=ruby
   dh_auto_install -a -O--buildsystem=ruby
	dh_ruby --install /<<PKGBUILDDIR>>/debian/tmp
   dh_ruby --install


 Install files                                                                


install -d /<<PKGBUILDDIR>>/debian/ruby-rmagick/usr/lib/ruby/vendor_ruby
install -D -m644 /<<PKGBUILDDIR>>/lib/rmagick.rb /<<PKGBUILDDIR>>/debian/ruby-rmagick/usr/lib/ruby/vendor_ruby/rmagick.rb
install -D -m644 /<<PKGBUILDDIR>>/lib/rmagick/version.rb /<<PKGBUILDDIR>>/debian/ruby-rmagick/usr/lib/ruby/vendor_ruby/rmagick/version.rb
install -D -m644 /<<PKGBUILDDIR>>/lib/rmagick_internal.rb /<<PKGBUILDDIR>>/debian/ruby-rmagick/usr/lib/ruby/vendor_ruby/rmagick_internal.rb
install -D -m644 /<<PKGBUILDDIR>>/lib/rvg/deep_equal.rb /<<PKGBUILDDIR>>/debian/ruby-rmagick/usr/lib/ruby/vendor_ruby/rvg/deep_equal.rb
install -D -m644 /<<PKGBUILDDIR>>/lib/rvg/container.rb /<<PKGBUILDDIR>>/debian/ruby-rmagick/usr/lib/ruby/vendor_ruby/rvg/container.rb
install -D -m644 /<<PKGBUILDDIR>>/lib/rvg/stretchable.rb /<<PKGBUILDDIR>>/debian/ruby-rmagick/usr/lib/ruby/vendor_ruby/rvg/stretchable.rb
install -D -m644 /<<PKGBUILDDIR>>/lib/rvg/units.rb /<<PKGBUILDDIR>>/debian/ruby-rmagick/usr/lib/ruby/vendor_ruby/rvg/units.rb
install -D -m644 /<<PKGBUILDDIR>>/lib/rvg/stylable.rb /<<PKGBUILDDIR>>/debian/ruby-rmagick/usr/lib/ruby/vendor_ruby/rvg/stylable.rb
install -D -m644 /<<PKGBUILDDIR>>/lib/rvg/describable.rb /<<PKGBUILDDIR>>/debian/ruby-rmagick/usr/lib/ruby/vendor_ruby/rvg/describable.rb
install -D -m644 /<<PKGBUILDDIR>>/lib/rvg/embellishable.rb /<<PKGBUILDDIR>>/debian/ruby-rmagick/usr/lib/ruby/vendor_ruby/rvg/embellishable.rb
install -D -m644 /<<PKGBUILDDIR>>/lib/rvg/clippath.rb /<<PKGBUILDDIR>>/debian/ruby-rmagick/usr/lib/ruby/vendor_ruby/rvg/clippath.rb
install -D -m644 /<<PKGBUILDDIR>>/lib/rvg/paint.rb /<<PKGBUILDDIR>>/debian/ruby-rmagick/usr/lib/ruby/vendor_ruby/rvg/paint.rb
install -D -m644 /<<PKGBUILDDIR>>/lib/rvg/text.rb /<<PKGBUILDDIR>>/debian/ruby-rmagick/usr/lib/ruby/vendor_ruby/rvg/text.rb
install -D -m644 /<<PKGBUILDDIR>>/lib/rvg/pathdata.rb /<<PKGBUILDDIR>>/debian/ruby-rmagick/usr/lib/ruby/vendor_ruby/rvg/pathdata.rb
install -D -m644 /<<PKGBUILDDIR>>/lib/rvg/rvg.rb /<<PKGBUILDDIR>>/debian/ruby-rmagick/usr/lib/ruby/vendor_ruby/rvg/rvg.rb
install -D -m644 /<<PKGBUILDDIR>>/lib/rvg/transformable.rb /<<PKGBUILDDIR>>/debian/ruby-rmagick/usr/lib/ruby/vendor_ruby/rvg/transformable.rb
install -D -m644 /<<PKGBUILDDIR>>/lib/rvg/misc.rb /<<PKGBUILDDIR>>/debian/ruby-rmagick/usr/lib/ruby/vendor_ruby/rvg/misc.rb


 Build native extensions for ruby2.3                                          


/usr/bin/ruby2.3 /usr/lib/ruby/vendor_ruby/gem2deb/extension_builder.rb /<<PKGBUILDDIR>> debian/ruby-rmagick
current directory: /<<PKGBUILDDIR>>/ext/RMagick
/usr/bin/ruby2.3 -r ./siteconf20170301-47180-2ykzid.rb extconf.rb
checking for gcc... yes
checking for Magick-config... no
checking for pkg-config... yes
checking for outdated ImageMagick version (<= 6.4.9)... no
checking for presence of MagickWand API (ImageMagick version >= 6.9.0)... no
checking for Ruby version >= 1.8.5... yes
checking for stdint.h... *** extconf.rb failed ***
Could not create Makefile due to some reason, probably lack of necessary
libraries and/or headers.  Check the mkmf.log file for more details.  You may
need configuration options.

Provided configuration options:
	--with-opt-dir
	--without-opt-dir
	--with-opt-include
	--without-opt-include=${opt-dir}/include
	--with-opt-lib
	--without-opt-lib=${opt-dir}/lib
	--with-make-prog
	--without-make-prog
	--srcdir=.
	--curdir
	--ruby=/usr/bin/$(RUBY_BASE_NAME)2.3
/usr/lib/ruby/2.3.0/mkmf.rb:456:in `try_do': The compiler failed to generate an executable file. (RuntimeError)
You have to install development tools first.
	from /usr/lib/ruby/2.3.0/mkmf.rb:587:in `try_cpp'
	from /usr/lib/ruby/2.3.0/mkmf.rb:1091:in `block in have_header'
	from /usr/lib/ruby/2.3.0/mkmf.rb:942:in `block in checking_for'
	from /usr/lib/ruby/2.3.0/mkmf.rb:350:in `block (2 levels) in postpone'
	from /usr/lib/ruby/2.3.0/mkmf.rb:320:in `open'
	from /usr/lib/ruby/2.3.0/mkmf.rb:350:in `block in postpone'
	from /usr/lib/ruby/2.3.0/mkmf.rb:320:in `open'
	from /usr/lib/ruby/2.3.0/mkmf.rb:346:in `postpone'
	from /usr/lib/ruby/2.3.0/mkmf.rb:941:in `checking_for'
	from /usr/lib/ruby/2.3.0/mkmf.rb:1090:in `have_header'
	from extconf.rb:39:in `configure_headers'
	from extconf.rb:18:in `initialize'
	from extconf.rb:548:in `new'
	from extconf.rb:548:in `<main>'
~~~~~~~~~~~~~~~~~~~~~  mkmf.log ~~~~~~~~~~~~~~~~~~~~~
cat: mkmf.log: No such file or directory
/usr/lib/ruby/2.3.0/rubygems/ext/builder.rb:92:in `run': extconf failed, exit code 1 (Gem::InstallError)
	from /usr/lib/ruby/2.3.0/rubygems/ext/ext_conf_builder.rb:48:in `block in build'
	from /usr/lib/ruby/2.3.0/tempfile.rb:295:in `open'
	from /usr/lib/ruby/2.3.0/rubygems/ext/ext_conf_builder.rb:31:in `build'
	from /usr/lib/ruby/vendor_ruby/gem2deb/extension_builder.rb:76:in `block in build_and_install'
	from /usr/lib/ruby/vendor_ruby/gem2deb/extension_builder.rb:70:in `chdir'
	from /usr/lib/ruby/vendor_ruby/gem2deb/extension_builder.rb:70:in `build_and_install'
	from /usr/lib/ruby/vendor_ruby/gem2deb/extension_builder.rb:108:in `block in build_all_extensions'
	from /usr/lib/ruby/vendor_ruby/gem2deb/extension_builder.rb:105:in `each'
	from /usr/lib/ruby/vendor_ruby/gem2deb/extension_builder.rb:105:in `build_all_extensions'
	from /usr/lib/ruby/vendor_ruby/gem2deb/extension_builder.rb:121:in `<main>'
~~~~~~~~~~~~~~~~~~~~~  mkmf.log ~~~~~~~~~~~~~~~~~~~~~
/usr/lib/ruby/vendor_ruby/gem2deb.rb:56:in `run': /usr/bin/ruby2.3 /usr/lib/ruby/vendor_ruby/gem2deb/extension_builder.rb /<<PKGBUILDDIR>> debian/ruby-rmagick (Gem2Deb::CommandFailed)
	from /usr/lib/ruby/vendor_ruby/gem2deb.rb:67:in `run_ruby'
	from /usr/lib/ruby/vendor_ruby/gem2deb/installer.rb:37:in `block in install_files_and_build_extensions'
	from /usr/lib/ruby/vendor_ruby/gem2deb/installer.rb:34:in `each'
	from /usr/lib/ruby/vendor_ruby/gem2deb/installer.rb:34:in `install_files_and_build_extensions'
	from /usr/lib/ruby/vendor_ruby/gem2deb/dh_ruby.rb:84:in `block in install'
	from /usr/lib/ruby/vendor_ruby/gem2deb/dh_ruby.rb:82:in `each'
	from /usr/lib/ruby/vendor_ruby/gem2deb/dh_ruby.rb:82:in `install'
	from /usr/bin/dh_ruby:94:in `<main>'
dh_auto_install: dh_ruby --install /<<PKGBUILDDIR>>/debian/tmp returned exit code 1
debian/rules:6: recipe for target 'binary-arch' failed
make: *** [binary-arch] Error 1
dpkg-buildpackage: error: fakeroot debian/rules binary-arch gave error exit status 2
--------------------------------------------------------------------------------
Build finished at 2017-03-01T06:16:20Z

Finished
--------


+------------------------------------------------------------------------------+
| Cleanup                                                                      |
+------------------------------------------------------------------------------+

Purging /<<BUILDDIR>>
Not cleaning session: cloned chroot in use
E: Build failure (dpkg-buildpackage died)

+------------------------------------------------------------------------------+
| Summary                                                                      |
+------------------------------------------------------------------------------+

Build Architecture: amd64
Build-Space: 5732
Build-Time: 3
Distribution: unstable
Fail-Stage: build
Host Architecture: amd64
Install-Time: 36
Job: ruby-rmagick_2.16.0-2
Machine Architecture: amd64
Package: ruby-rmagick
Package-Time: 56
Source-Version: 2.16.0-2
Space: 5732
Status: attempted
Version: 2.16.0-2
--------------------------------------------------------------------------------
Finished at 2017-03-01T06:16:20Z
Build needed 00:00:56, 5732k disk space
E: Build failure (dpkg-buildpackage died)
DC-Status: Failed 57.402434323s
