DC-Build-Header: smbc 1.2.2-4 / 2017-03-01 05:49:57 +0000
DC-Task: type:rebuild-binarch-only source:smbc version:1.2.2-4 chroot:unstable esttime:403 logfile:/tmp/smbc_1.2.2-4_unstable_clang4.0.log modes:clang:binarch-only
DC-Sbuild-call: su user42 -c 'sbuild -n --arch-any --apt-update -d unstable -v  --chroot-setup-commands=/tmp/clang smbc_1.2.2-4'
sbuild (Debian sbuild) 0.72.0 (25 Oct 2016) on ip-172-31-15-16.eu-central-1.compute.internal

+==============================================================================+
| smbc 1.2.2-4 (amd64)                         Wed, 01 Mar 2017 05:49:57 +0000 |
+==============================================================================+

Package: smbc
Version: 1.2.2-4
Source Version: 1.2.2-4
Distribution: unstable
Machine Architecture: amd64
Host Architecture: amd64
Build Architecture: amd64

I: NOTICE: Log filtering will replace 'var/lib/schroot/mount/unstable-amd64-sbuild-219f519e-9ff9-4388-a832-9a8002fec4fb' with '<<CHROOT>>'

+------------------------------------------------------------------------------+
| Chroot Setup Commands                                                        |
+------------------------------------------------------------------------------+


/tmp/clang
----------

+ echo 'Entering customization script...'
Entering customization script...
+ CLANG_VERSION=4.0
+ echo 'Install of clang-4.0'
Install of clang-4.0
+ apt-get update
Get:1 http://127.0.0.1:9999/debian unstable InRelease [231 kB]
Get:2 http://127.0.0.1:9999/debian unstable/main Sources.diff/Index [27.9 kB]
Get:3 http://127.0.0.1:9999/debian unstable/main amd64 Packages.diff/Index [27.9 kB]
Get:4 http://127.0.0.1:9999/debian unstable/main Sources 2017-02-28-0825.37.pdiff [2103 B]
Get:4 http://127.0.0.1:9999/debian unstable/main Sources 2017-02-28-0825.37.pdiff [2103 B]
Get:5 http://127.0.0.1:9999/debian unstable/main amd64 Packages 2017-02-28-0825.37.pdiff [2528 B]
Get:5 http://127.0.0.1:9999/debian unstable/main amd64 Packages 2017-02-28-0825.37.pdiff [2528 B]
Get:6 http://127.0.0.1:9999/debian unstable/main Translation-en [5646 kB]
Fetched 5938 kB in 1s (3319 kB/s)
Reading package lists...
W: No sandbox user '_apt' on the system, can not drop privileges
+ apt-get install --yes --no-install-recommends --force-yes clang-4.0
Reading package lists...
Building dependency tree...
Reading state information...
The following additional packages will be installed:
  libbsd0 libclang-common-4.0-dev libclang1-4.0 libedit2 libffi6 libjsoncpp1
  libllvm4.0 libncurses5 libobjc-6-dev libobjc4
Suggested packages:
  gnustep gnustep-devel clang-4.0-doc
Recommended packages:
  llvm-4.0-dev python libgpm2
The following NEW packages will be installed:
  clang-4.0 libbsd0 libclang-common-4.0-dev libclang1-4.0 libedit2 libffi6
  libjsoncpp1 libllvm4.0 libncurses5 libobjc-6-dev libobjc4
0 upgraded, 11 newly installed, 0 to remove and 0 not upgraded.
Need to get 74.7 MB of archives.
After this operation, 321 MB of additional disk space will be used.
Get:1 http://127.0.0.1:9999/debian unstable/main amd64 libbsd0 amd64 0.8.3-1 [83.0 kB]
Get:2 http://127.0.0.1:9999/debian unstable/main amd64 libncurses5 amd64 6.0+20161126-1 [93.4 kB]
Get:3 http://127.0.0.1:9999/debian unstable/main amd64 libedit2 amd64 3.1-20160903-3 [84.8 kB]
Get:4 http://127.0.0.1:9999/debian unstable/main amd64 libffi6 amd64 3.2.1-6 [20.4 kB]
Get:5 http://127.0.0.1:9999/debian unstable/main amd64 libllvm4.0 amd64 1:4.0~+rc2-1 [12.3 MB]
Get:6 http://127.0.0.1:9999/debian unstable/main amd64 libclang1-4.0 amd64 1:4.0~+rc2-1 [6358 kB]
Get:7 http://127.0.0.1:9999/debian unstable/main amd64 libjsoncpp1 amd64 1.7.4-3 [75.6 kB]
Get:8 http://127.0.0.1:9999/debian unstable/main amd64 libobjc4 amd64 6.3.0-8 [49.4 kB]
Get:9 http://127.0.0.1:9999/debian unstable/main amd64 libobjc-6-dev amd64 6.3.0-8 [197 kB]
Get:10 http://127.0.0.1:9999/debian unstable/main amd64 libclang-common-4.0-dev amd64 1:4.0~+rc2-1 [2767 kB]
Get:11 http://127.0.0.1:9999/debian unstable/main amd64 clang-4.0 amd64 1:4.0~+rc2-1 [52.7 MB]
debconf: delaying package configuration, since apt-utils is not installed
Fetched 74.7 MB in 0s (95.5 MB/s)
Selecting previously unselected package libbsd0:amd64.
(Reading database ... (Reading database ... 5%(Reading database ... 10%(Reading database ... 15%(Reading database ... 20%(Reading database ... 25%(Reading database ... 30%(Reading database ... 35%(Reading database ... 40%(Reading database ... 45%(Reading database ... 50%(Reading database ... 55%(Reading database ... 60%(Reading database ... 65%(Reading database ... 70%(Reading database ... 75%(Reading database ... 80%(Reading database ... 85%(Reading database ... 90%(Reading database ... 95%(Reading database ... 100%(Reading database ... 9584 files and directories currently installed.)
Preparing to unpack .../00-libbsd0_0.8.3-1_amd64.deb ...
Unpacking libbsd0:amd64 (0.8.3-1) ...
Selecting previously unselected package libncurses5:amd64.
Preparing to unpack .../01-libncurses5_6.0+20161126-1_amd64.deb ...
Unpacking libncurses5:amd64 (6.0+20161126-1) ...
Selecting previously unselected package libedit2:amd64.
Preparing to unpack .../02-libedit2_3.1-20160903-3_amd64.deb ...
Unpacking libedit2:amd64 (3.1-20160903-3) ...
Selecting previously unselected package libffi6:amd64.
Preparing to unpack .../03-libffi6_3.2.1-6_amd64.deb ...
Unpacking libffi6:amd64 (3.2.1-6) ...
Selecting previously unselected package libllvm4.0:amd64.
Preparing to unpack .../04-libllvm4.0_1%3a4.0~+rc2-1_amd64.deb ...
Unpacking libllvm4.0:amd64 (1:4.0~+rc2-1) ...
Selecting previously unselected package libclang1-4.0:amd64.
Preparing to unpack .../05-libclang1-4.0_1%3a4.0~+rc2-1_amd64.deb ...
Unpacking libclang1-4.0:amd64 (1:4.0~+rc2-1) ...
Selecting previously unselected package libjsoncpp1:amd64.
Preparing to unpack .../06-libjsoncpp1_1.7.4-3_amd64.deb ...
Unpacking libjsoncpp1:amd64 (1.7.4-3) ...
Selecting previously unselected package libobjc4:amd64.
Preparing to unpack .../07-libobjc4_6.3.0-8_amd64.deb ...
Unpacking libobjc4:amd64 (6.3.0-8) ...
Selecting previously unselected package libobjc-6-dev:amd64.
Preparing to unpack .../08-libobjc-6-dev_6.3.0-8_amd64.deb ...
Unpacking libobjc-6-dev:amd64 (6.3.0-8) ...
Selecting previously unselected package libclang-common-4.0-dev.
Preparing to unpack .../09-libclang-common-4.0-dev_1%3a4.0~+rc2-1_amd64.deb ...
Unpacking libclang-common-4.0-dev (1:4.0~+rc2-1) ...
Selecting previously unselected package clang-4.0.
Preparing to unpack .../10-clang-4.0_1%3a4.0~+rc2-1_amd64.deb ...
Unpacking clang-4.0 (1:4.0~+rc2-1) ...
Setting up libncurses5:amd64 (6.0+20161126-1) ...
Setting up libobjc4:amd64 (6.3.0-8) ...
Setting up libbsd0:amd64 (0.8.3-1) ...
Processing triggers for libc-bin (2.24-9) ...
Setting up libobjc-6-dev:amd64 (6.3.0-8) ...
Setting up libffi6:amd64 (3.2.1-6) ...
Setting up libjsoncpp1:amd64 (1.7.4-3) ...
Setting up libedit2:amd64 (3.1-20160903-3) ...
Setting up libllvm4.0:amd64 (1:4.0~+rc2-1) ...
Setting up libclang1-4.0:amd64 (1:4.0~+rc2-1) ...
Setting up libclang-common-4.0-dev (1:4.0~+rc2-1) ...
Setting up clang-4.0 (1:4.0~+rc2-1) ...
Processing triggers for libc-bin (2.24-9) ...
W: --force-yes is deprecated, use one of the options starting with --allow instead.
W: No sandbox user '_apt' on the system, can not drop privileges
+ echo 'Replace gcc, g++ & cpp by clang'
Replace gcc, g++ & cpp by clang
+ VERSIONS='4.6 4.7 4.8 4.9 5 6'
+ cd /usr/bin
+ for VERSION in $VERSIONS
+ rm -f g++-4.6 gcc-4.6 cpp-4.6 gcc
+ ln -s clang++-4.0 g++-4.6
+ ln -s clang-4.0 gcc-4.6
+ ln -s clang-4.0 cpp-4.6
+ ln -s clang-4.0 gcc
+ echo 'gcc-4.6 hold'
+ dpkg --set-selections
dpkg: warning: package not in status nor available database at line 1: gcc-4.6
dpkg: warning: found unknown packages; this might mean the available database
is outdated, and needs to be updated through a frontend method;
please see the FAQ <https://wiki.debian.org/Teams/Dpkg/FAQ>
+ echo 'g++-4.6 hold'
+ dpkg --set-selections
dpkg: warning: package not in status nor available database at line 1: g++-4.6
dpkg: warning: found unknown packages; this might mean the available database
is outdated, and needs to be updated through a frontend method;
please see the FAQ <https://wiki.debian.org/Teams/Dpkg/FAQ>
+ for VERSION in $VERSIONS
+ rm -f g++-4.7 gcc-4.7 cpp-4.7 gcc
+ ln -s clang++-4.0 g++-4.7
+ ln -s clang-4.0 gcc-4.7
+ ln -s clang-4.0 cpp-4.7
+ ln -s clang-4.0 gcc
+ echo 'gcc-4.7 hold'
+ dpkg --set-selections
dpkg: warning: package not in status nor available database at line 1: gcc-4.7
dpkg: warning: found unknown packages; this might mean the available database
is outdated, and needs to be updated through a frontend method;
please see the FAQ <https://wiki.debian.org/Teams/Dpkg/FAQ>
+ echo 'g++-4.7 hold'
+ dpkg --set-selections
dpkg: warning: package not in status nor available database at line 1: g++-4.7
dpkg: warning: found unknown packages; this might mean the available database
is outdated, and needs to be updated through a frontend method;
please see the FAQ <https://wiki.debian.org/Teams/Dpkg/FAQ>
+ for VERSION in $VERSIONS
+ rm -f g++-4.8 gcc-4.8 cpp-4.8 gcc
+ ln -s clang++-4.0 g++-4.8
+ ln -s clang-4.0 gcc-4.8
+ ln -s clang-4.0 cpp-4.8
+ ln -s clang-4.0 gcc
+ echo 'gcc-4.8 hold'
+ dpkg --set-selections
dpkg: warning: package not in status nor available database at line 1: gcc-4.8
dpkg: warning: found unknown packages; this might mean the available database
is outdated, and needs to be updated through a frontend method;
please see the FAQ <https://wiki.debian.org/Teams/Dpkg/FAQ>
+ echo 'g++-4.8 hold'
+ dpkg --set-selections
dpkg: warning: package not in status nor available database at line 1: g++-4.8
dpkg: warning: found unknown packages; this might mean the available database
is outdated, and needs to be updated through a frontend method;
please see the FAQ <https://wiki.debian.org/Teams/Dpkg/FAQ>
+ for VERSION in $VERSIONS
+ rm -f g++-4.9 gcc-4.9 cpp-4.9 gcc
+ ln -s clang++-4.0 g++-4.9
+ ln -s clang-4.0 gcc-4.9
+ ln -s clang-4.0 cpp-4.9
+ ln -s clang-4.0 gcc
+ echo 'gcc-4.9 hold'
+ dpkg --set-selections
dpkg: warning: package not in status nor available database at line 1: gcc-4.9
dpkg: warning: found unknown packages; this might mean the available database
is outdated, and needs to be updated through a frontend method;
please see the FAQ <https://wiki.debian.org/Teams/Dpkg/FAQ>
+ echo 'g++-4.9 hold'
+ dpkg --set-selections
dpkg: warning: package not in status nor available database at line 1: g++-4.9
dpkg: warning: found unknown packages; this might mean the available database
is outdated, and needs to be updated through a frontend method;
please see the FAQ <https://wiki.debian.org/Teams/Dpkg/FAQ>
+ for VERSION in $VERSIONS
+ rm -f g++-5 gcc-5 cpp-5 gcc
+ ln -s clang++-4.0 g++-5
+ ln -s clang-4.0 gcc-5
+ ln -s clang-4.0 cpp-5
+ ln -s clang-4.0 gcc
+ echo 'gcc-5 hold'
+ dpkg --set-selections
+ echo 'g++-5 hold'
+ dpkg --set-selections
+ for VERSION in $VERSIONS
+ rm -f g++-6 gcc-6 cpp-6 gcc
+ ln -s clang++-4.0 g++-6
+ ln -s clang-4.0 gcc-6
+ ln -s clang-4.0 cpp-6
+ ln -s clang-4.0 gcc
+ echo 'gcc-6 hold'
+ dpkg --set-selections
+ echo 'g++-6 hold'
+ dpkg --set-selections
+ cd -
/build/smbc-hE4KHX
+ echo 'Check if gcc, g++ & cpp are actually clang'
Check if gcc, g++ & cpp are actually clang
+ gcc --version
+ grep clang
+ cpp --version
+ grep clang
+ g++ --version
+ grep clang

I: Finished running '/tmp/clang'.

Finished processing commands.
--------------------------------------------------------------------------------

+------------------------------------------------------------------------------+
| Update chroot                                                                |
+------------------------------------------------------------------------------+

Hit:1 http://127.0.0.1:9999/debian unstable InRelease
Reading package lists...
W: No sandbox user '_apt' on the system, can not drop privileges
Reading package lists...
Building dependency tree...
Reading state information...
Calculating upgrade...
0 upgraded, 0 newly installed, 0 to remove and 0 not upgraded.

+------------------------------------------------------------------------------+
| Fetch source files                                                           |
+------------------------------------------------------------------------------+


Check APT
---------

Checking available source versions...

Download source files with APT
------------------------------

Reading package lists...
Need to get 1033 kB of source archives.
Get:1 http://127.0.0.1:9999/debian unstable/main smbc 1.2.2-4 (dsc) [1701 B]
Get:2 http://127.0.0.1:9999/debian unstable/main smbc 1.2.2-4 (tar) [978 kB]
Get:3 http://127.0.0.1:9999/debian unstable/main smbc 1.2.2-4 (diff) [53.3 kB]
Fetched 1033 kB in 0s (6813 kB/s)
Download complete and in download only mode
I: NOTICE: Log filtering will replace 'build/smbc-hE4KHX/smbc-1.2.2' with '<<PKGBUILDDIR>>'
I: NOTICE: Log filtering will replace 'build/smbc-hE4KHX' with '<<BUILDDIR>>'

+------------------------------------------------------------------------------+
| Install build-essential                                                      |
+------------------------------------------------------------------------------+


Setup apt archive
-----------------

Merged Build-Depends: build-essential, fakeroot
Filtered Build-Depends: build-essential, fakeroot
dpkg-deb: building package 'sbuild-build-depends-core-dummy' in '/<<BUILDDIR>>/resolver-hNX96e/apt_archive/sbuild-build-depends-core-dummy.deb'.
dpkg-scanpackages: warning: Packages in archive but missing from override file:
dpkg-scanpackages: warning:   sbuild-build-depends-core-dummy
dpkg-scanpackages: info: Wrote 1 entries to output Packages file.
Ign:1 copy:/<<BUILDDIR>>/resolver-hNX96e/apt_archive ./ InRelease
Get:2 copy:/<<BUILDDIR>>/resolver-hNX96e/apt_archive ./ Release [957 B]
Ign:3 copy:/<<BUILDDIR>>/resolver-hNX96e/apt_archive ./ Release.gpg
Get:4 copy:/<<BUILDDIR>>/resolver-hNX96e/apt_archive ./ Sources [349 B]
Get:5 copy:/<<BUILDDIR>>/resolver-hNX96e/apt_archive ./ Packages [433 B]
Fetched 1739 B in 0s (0 B/s)
Reading package lists...
W: No sandbox user '_apt' on the system, can not drop privileges
Reading package lists...

Install core build dependencies (apt-based resolver)
----------------------------------------------------

Installing build dependencies
Reading package lists...
Building dependency tree...
Reading state information...
The following NEW packages will be installed:
  sbuild-build-depends-core-dummy
0 upgraded, 1 newly installed, 0 to remove and 0 not upgraded.
Need to get 782 B of archives.
After this operation, 0 B of additional disk space will be used.
Get:1 copy:/<<BUILDDIR>>/resolver-hNX96e/apt_archive ./ sbuild-build-depends-core-dummy 0.invalid.0 [782 B]
debconf: delaying package configuration, since apt-utils is not installed
Fetched 782 B in 0s (0 B/s)
Selecting previously unselected package sbuild-build-depends-core-dummy.
(Reading database ... 10086 files and directories currently installed.)
Preparing to unpack .../sbuild-build-depends-core-dummy_0.invalid.0_amd64.deb ...
Unpacking sbuild-build-depends-core-dummy (0.invalid.0) ...
Setting up sbuild-build-depends-core-dummy (0.invalid.0) ...
W: No sandbox user '_apt' on the system, can not drop privileges

+------------------------------------------------------------------------------+
| Check architectures                                                          |
+------------------------------------------------------------------------------+

Arch check ok (amd64 included in any)

+------------------------------------------------------------------------------+
| Install package build dependencies                                           |
+------------------------------------------------------------------------------+


Setup apt archive
-----------------

Merged Build-Depends: debhelper (>= 4.0.0), gawk, gettext, libsmbclient-dev (>> 3.0.0), libncurses5-dev, libpopt-dev
Filtered Build-Depends: debhelper (>= 4.0.0), gawk, gettext, libsmbclient-dev (>> 3.0.0), libncurses5-dev, libpopt-dev
dpkg-deb: building package 'sbuild-build-depends-smbc-dummy' in '/<<BUILDDIR>>/resolver-hNX96e/apt_archive/sbuild-build-depends-smbc-dummy.deb'.
dpkg-scanpackages: warning: Packages in archive but missing from override file:
dpkg-scanpackages: warning:   sbuild-build-depends-core-dummy sbuild-build-depends-smbc-dummy
dpkg-scanpackages: info: Wrote 2 entries to output Packages file.
Ign:1 copy:/<<BUILDDIR>>/resolver-hNX96e/apt_archive ./ InRelease
Get:2 copy:/<<BUILDDIR>>/resolver-hNX96e/apt_archive ./ Release [963 B]
Ign:3 copy:/<<BUILDDIR>>/resolver-hNX96e/apt_archive ./ Release.gpg
Get:4 copy:/<<BUILDDIR>>/resolver-hNX96e/apt_archive ./ Sources [526 B]
Get:5 copy:/<<BUILDDIR>>/resolver-hNX96e/apt_archive ./ Packages [611 B]
Fetched 2100 B in 0s (0 B/s)
Reading package lists...
W: No sandbox user '_apt' on the system, can not drop privileges
Reading package lists...

Install smbc build dependencies (apt-based resolver)
----------------------------------------------------

Installing build dependencies
Reading package lists...
Building dependency tree...
Reading state information...
The following additional packages will be installed:
  autoconf automake autopoint autotools-dev bsdmainutils debhelper
  dh-autoreconf dh-strip-nondeterminism file gawk gettext gettext-base
  groff-base intltool-debian libarchive-zip-perl libavahi-client3
  libavahi-common-data libavahi-common3 libcap2 libcroco3 libcups2 libdbus-1-3
  libexpat1 libfile-stripnondeterminism-perl libglib2.0-0 libgnutls30
  libgssapi-krb5-2 libhogweed4 libicu57 libidn11 libk5crypto3 libkeyutils1
  libkrb5-3 libkrb5support0 libldap-2.4-2 libldap-common libldb1 libmagic-mgc
  libmagic1 libncurses5-dev libnettle6 libp11-kit0 libpipeline1 libpopt-dev
  libpopt0 libpython-stdlib libpython2.7 libpython2.7-minimal
  libpython2.7-stdlib libreadline7 libsasl2-2 libsasl2-modules-db libsigsegv2
  libsmbclient libsmbclient-dev libsqlite3-0 libssl1.1 libtalloc2 libtasn1-6
  libtdb1 libtevent0 libtimedate-perl libtinfo-dev libtool libunistring0
  libwbclient0 libxml2 m4 man-db mime-support po-debconf python python-minimal
  python-talloc python2.7 python2.7-minimal readline-common samba-libs
Suggested packages:
  autoconf-archive gnu-standards autoconf-doc wamerican | wordlist whois
  vacation dh-make gawk-doc gettext-doc libasprintf-dev libgettextpo-dev groff
  cups-common gnutls-bin krb5-doc krb5-user ncurses-doc libtool-doc gfortran
  | fortran95-compiler gcj-jdk m4-doc less www-browser libmail-box-perl
  python-doc python-tk python2.7-doc binfmt-support readline-doc
Recommended packages:
  curl | wget | lynx-cur dbus libglib2.0-data shared-mime-info xdg-user-dirs
  krb5-locales libsasl2-modules libltdl-dev xml-core libmail-sendmail-perl
The following NEW packages will be installed:
  autoconf automake autopoint autotools-dev bsdmainutils debhelper
  dh-autoreconf dh-strip-nondeterminism file gawk gettext gettext-base
  groff-base intltool-debian libarchive-zip-perl libavahi-client3
  libavahi-common-data libavahi-common3 libcap2 libcroco3 libcups2 libdbus-1-3
  libexpat1 libfile-stripnondeterminism-perl libglib2.0-0 libgnutls30
  libgssapi-krb5-2 libhogweed4 libicu57 libidn11 libk5crypto3 libkeyutils1
  libkrb5-3 libkrb5support0 libldap-2.4-2 libldap-common libldb1 libmagic-mgc
  libmagic1 libncurses5-dev libnettle6 libp11-kit0 libpipeline1 libpopt-dev
  libpopt0 libpython-stdlib libpython2.7 libpython2.7-minimal
  libpython2.7-stdlib libreadline7 libsasl2-2 libsasl2-modules-db libsigsegv2
  libsmbclient libsmbclient-dev libsqlite3-0 libssl1.1 libtalloc2 libtasn1-6
  libtdb1 libtevent0 libtimedate-perl libtinfo-dev libtool libunistring0
  libwbclient0 libxml2 m4 man-db mime-support po-debconf python python-minimal
  python-talloc python2.7 python2.7-minimal readline-common samba-libs
  sbuild-build-depends-smbc-dummy
0 upgraded, 79 newly installed, 0 to remove and 0 not upgraded.
Need to get 37.6 MB of archives.
After this operation, 131 MB of additional disk space will be used.
Get:1 copy:/<<BUILDDIR>>/resolver-hNX96e/apt_archive ./ sbuild-build-depends-smbc-dummy 0.invalid.0 [826 B]
Get:2 http://127.0.0.1:9999/debian unstable/main amd64 libpopt0 amd64 1.16-10 [49.2 kB]
Get:3 http://127.0.0.1:9999/debian unstable/main amd64 groff-base amd64 1.22.3-9 [1160 kB]
Get:4 http://127.0.0.1:9999/debian unstable/main amd64 bsdmainutils amd64 9.0.12 [185 kB]
Get:5 http://127.0.0.1:9999/debian unstable/main amd64 libpipeline1 amd64 1.4.1-2 [27.6 kB]
Get:6 http://127.0.0.1:9999/debian unstable/main amd64 man-db amd64 2.7.6.1-2 [1044 kB]
Get:7 http://127.0.0.1:9999/debian unstable/main amd64 libpython2.7-minimal amd64 2.7.13-2 [389 kB]
Get:8 http://127.0.0.1:9999/debian unstable/main amd64 python2.7-minimal amd64 2.7.13-2 [1383 kB]
Get:9 http://127.0.0.1:9999/debian unstable/main amd64 python-minimal amd64 2.7.13-2 [40.5 kB]
Get:10 http://127.0.0.1:9999/debian unstable/main amd64 mime-support all 3.60 [36.7 kB]
Get:11 http://127.0.0.1:9999/debian unstable/main amd64 libexpat1 amd64 2.2.0-2 [83.3 kB]
Get:12 http://127.0.0.1:9999/debian unstable/main amd64 readline-common all 7.0-2 [70.4 kB]
Get:13 http://127.0.0.1:9999/debian unstable/main amd64 libreadline7 amd64 7.0-2 [151 kB]
Get:14 http://127.0.0.1:9999/debian unstable/main amd64 libsqlite3-0 amd64 3.16.2-3 [572 kB]
Get:15 http://127.0.0.1:9999/debian unstable/main amd64 libssl1.1 amd64 1.1.0e-1 [1341 kB]
Get:16 http://127.0.0.1:9999/debian unstable/main amd64 libpython2.7-stdlib amd64 2.7.13-2 [1895 kB]
Get:17 http://127.0.0.1:9999/debian unstable/main amd64 python2.7 amd64 2.7.13-2 [285 kB]
Get:18 http://127.0.0.1:9999/debian unstable/main amd64 libpython-stdlib amd64 2.7.13-2 [20.0 kB]
Get:19 http://127.0.0.1:9999/debian unstable/main amd64 python amd64 2.7.13-2 [154 kB]
Get:20 http://127.0.0.1:9999/debian unstable/main amd64 libsigsegv2 amd64 2.10-5 [28.9 kB]
Get:21 http://127.0.0.1:9999/debian unstable/main amd64 gawk amd64 1:4.1.4+dfsg-1 [571 kB]
Get:22 http://127.0.0.1:9999/debian unstable/main amd64 libtalloc2 amd64 2.1.8-1 [36.3 kB]
Get:23 http://127.0.0.1:9999/debian unstable/main amd64 libtevent0 amd64 0.9.31-1 [29.3 kB]
Get:24 http://127.0.0.1:9999/debian unstable/main amd64 libcap2 amd64 1:2.25-1 [16.8 kB]
Get:25 http://127.0.0.1:9999/debian unstable/main amd64 libavahi-common-data amd64 0.6.32-2 [118 kB]
Get:26 http://127.0.0.1:9999/debian unstable/main amd64 libavahi-common3 amd64 0.6.32-2 [52.0 kB]
Get:27 http://127.0.0.1:9999/debian unstable/main amd64 libdbus-1-3 amd64 1.10.16-1 [192 kB]
Get:28 http://127.0.0.1:9999/debian unstable/main amd64 libavahi-client3 amd64 0.6.32-2 [55.3 kB]
Get:29 http://127.0.0.1:9999/debian unstable/main amd64 libnettle6 amd64 3.3-1+b1 [191 kB]
Get:30 http://127.0.0.1:9999/debian unstable/main amd64 libhogweed4 amd64 3.3-1+b1 [136 kB]
Get:31 http://127.0.0.1:9999/debian unstable/main amd64 libidn11 amd64 1.33-1 [115 kB]
Get:32 http://127.0.0.1:9999/debian unstable/main amd64 libp11-kit0 amd64 0.23.3-5 [112 kB]
Get:33 http://127.0.0.1:9999/debian unstable/main amd64 libtasn1-6 amd64 4.10-1 [50.3 kB]
Get:34 http://127.0.0.1:9999/debian unstable/main amd64 libgnutls30 amd64 3.5.8-3 [894 kB]
Get:35 http://127.0.0.1:9999/debian unstable/main amd64 libkeyutils1 amd64 1.5.9-9 [12.4 kB]
Get:36 http://127.0.0.1:9999/debian unstable/main amd64 libkrb5support0 amd64 1.15-1 [61.7 kB]
Get:37 http://127.0.0.1:9999/debian unstable/main amd64 libk5crypto3 amd64 1.15-1 [119 kB]
Get:38 http://127.0.0.1:9999/debian unstable/main amd64 libkrb5-3 amd64 1.15-1 [311 kB]
Get:39 http://127.0.0.1:9999/debian unstable/main amd64 libgssapi-krb5-2 amd64 1.15-1 [154 kB]
Get:40 http://127.0.0.1:9999/debian unstable/main amd64 libcups2 amd64 2.2.1-8 [306 kB]
Get:41 http://127.0.0.1:9999/debian unstable/main amd64 libsasl2-modules-db amd64 2.1.27~101-g0780600+dfsg-2 [68.1 kB]
Get:42 http://127.0.0.1:9999/debian unstable/main amd64 libsasl2-2 amd64 2.1.27~101-g0780600+dfsg-2 [105 kB]
Get:43 http://127.0.0.1:9999/debian unstable/main amd64 libldap-common all 2.4.44+dfsg-3 [84.5 kB]
Get:44 http://127.0.0.1:9999/debian unstable/main amd64 libldap-2.4-2 amd64 2.4.44+dfsg-3 [218 kB]
Get:45 http://127.0.0.1:9999/debian unstable/main amd64 libtdb1 amd64 1.3.11-2 [43.2 kB]
Get:46 http://127.0.0.1:9999/debian unstable/main amd64 libldb1 amd64 2:1.1.27-1+b1 [114 kB]
Get:47 http://127.0.0.1:9999/debian unstable/main amd64 libpython2.7 amd64 2.7.13-2 [1072 kB]
Get:48 http://127.0.0.1:9999/debian unstable/main amd64 libwbclient0 amd64 2:4.5.4+dfsg-1 [123 kB]
Get:49 http://127.0.0.1:9999/debian unstable/main amd64 python-talloc amd64 2.1.8-1 [11.9 kB]
Get:50 http://127.0.0.1:9999/debian unstable/main amd64 samba-libs amd64 2:4.5.4+dfsg-1 [5202 kB]
Get:51 http://127.0.0.1:9999/debian unstable/main amd64 libsmbclient amd64 2:4.5.4+dfsg-1 [149 kB]
Get:52 http://127.0.0.1:9999/debian unstable/main amd64 libsmbclient-dev amd64 2:4.5.4+dfsg-1 [137 kB]
Get:53 http://127.0.0.1:9999/debian unstable/main amd64 libmagic-mgc amd64 1:5.29-3 [221 kB]
Get:54 http://127.0.0.1:9999/debian unstable/main amd64 libmagic1 amd64 1:5.29-3 [110 kB]
Get:55 http://127.0.0.1:9999/debian unstable/main amd64 file amd64 1:5.29-3 [63.7 kB]
Get:56 http://127.0.0.1:9999/debian unstable/main amd64 gettext-base amd64 0.19.8.1-2 [121 kB]
Get:57 http://127.0.0.1:9999/debian unstable/main amd64 libicu57 amd64 57.1-5 [7700 kB]
Get:58 http://127.0.0.1:9999/debian unstable/main amd64 libxml2 amd64 2.9.4+dfsg1-2.2 [919 kB]
Get:59 http://127.0.0.1:9999/debian unstable/main amd64 m4 amd64 1.4.18-1 [202 kB]
Get:60 http://127.0.0.1:9999/debian unstable/main amd64 autoconf all 2.69-10 [338 kB]
Get:61 http://127.0.0.1:9999/debian unstable/main amd64 autotools-dev all 20161112.1 [73.4 kB]
Get:62 http://127.0.0.1:9999/debian unstable/main amd64 automake all 1:1.15-6 [733 kB]
Get:63 http://127.0.0.1:9999/debian unstable/main amd64 autopoint all 0.19.8.1-2 [433 kB]
Get:64 http://127.0.0.1:9999/debian unstable/main amd64 libtool all 2.4.6-2 [545 kB]
Get:65 http://127.0.0.1:9999/debian unstable/main amd64 dh-autoreconf all 13 [15.8 kB]
Get:66 http://127.0.0.1:9999/debian unstable/main amd64 libarchive-zip-perl all 1.59-1 [95.5 kB]
Get:67 http://127.0.0.1:9999/debian unstable/main amd64 libfile-stripnondeterminism-perl all 0.031-1 [15.7 kB]
Get:68 http://127.0.0.1:9999/debian unstable/main amd64 libtimedate-perl all 2.3000-2 [42.2 kB]
Get:69 http://127.0.0.1:9999/debian unstable/main amd64 dh-strip-nondeterminism all 0.031-1 [9736 B]
Get:70 http://127.0.0.1:9999/debian unstable/main amd64 libglib2.0-0 amd64 2.50.3-1 [2691 kB]
Get:71 http://127.0.0.1:9999/debian unstable/main amd64 libcroco3 amd64 0.6.11-2 [143 kB]
Get:72 http://127.0.0.1:9999/debian unstable/main amd64 libunistring0 amd64 0.9.6+really0.9.3-0.1 [279 kB]
Get:73 http://127.0.0.1:9999/debian unstable/main amd64 gettext amd64 0.19.8.1-2 [1495 kB]
Get:74 http://127.0.0.1:9999/debian unstable/main amd64 intltool-debian all 0.35.0+20060710.4 [26.3 kB]
Get:75 http://127.0.0.1:9999/debian unstable/main amd64 po-debconf all 1.0.20 [247 kB]
Get:76 http://127.0.0.1:9999/debian unstable/main amd64 debhelper all 10.2.5 [961 kB]
Get:77 http://127.0.0.1:9999/debian unstable/main amd64 libtinfo-dev amd64 6.0+20161126-1 [78.8 kB]
Get:78 http://127.0.0.1:9999/debian unstable/main amd64 libncurses5-dev amd64 6.0+20161126-1 [175 kB]
Get:79 http://127.0.0.1:9999/debian unstable/main amd64 libpopt-dev amd64 1.16-10 [50.6 kB]
debconf: delaying package configuration, since apt-utils is not installed
Fetched 37.6 MB in 0s (91.0 MB/s)
Selecting previously unselected package libpopt0:amd64.
(Reading database ... 10086 files and directories currently installed.)
Preparing to unpack .../00-libpopt0_1.16-10_amd64.deb ...
Unpacking libpopt0:amd64 (1.16-10) ...
Selecting previously unselected package groff-base.
Preparing to unpack .../01-groff-base_1.22.3-9_amd64.deb ...
Unpacking groff-base (1.22.3-9) ...
Selecting previously unselected package bsdmainutils.
Preparing to unpack .../02-bsdmainutils_9.0.12_amd64.deb ...
Unpacking bsdmainutils (9.0.12) ...
Selecting previously unselected package libpipeline1:amd64.
Preparing to unpack .../03-libpipeline1_1.4.1-2_amd64.deb ...
Unpacking libpipeline1:amd64 (1.4.1-2) ...
Selecting previously unselected package man-db.
Preparing to unpack .../04-man-db_2.7.6.1-2_amd64.deb ...
Unpacking man-db (2.7.6.1-2) ...
Selecting previously unselected package libpython2.7-minimal:amd64.
Preparing to unpack .../05-libpython2.7-minimal_2.7.13-2_amd64.deb ...
Unpacking libpython2.7-minimal:amd64 (2.7.13-2) ...
Selecting previously unselected package python2.7-minimal.
Preparing to unpack .../06-python2.7-minimal_2.7.13-2_amd64.deb ...
Unpacking python2.7-minimal (2.7.13-2) ...
Selecting previously unselected package python-minimal.
Preparing to unpack .../07-python-minimal_2.7.13-2_amd64.deb ...
Unpacking python-minimal (2.7.13-2) ...
Selecting previously unselected package mime-support.
Preparing to unpack .../08-mime-support_3.60_all.deb ...
Unpacking mime-support (3.60) ...
Selecting previously unselected package libexpat1:amd64.
Preparing to unpack .../09-libexpat1_2.2.0-2_amd64.deb ...
Unpacking libexpat1:amd64 (2.2.0-2) ...
Selecting previously unselected package readline-common.
Preparing to unpack .../10-readline-common_7.0-2_all.deb ...
Unpacking readline-common (7.0-2) ...
Selecting previously unselected package libreadline7:amd64.
Preparing to unpack .../11-libreadline7_7.0-2_amd64.deb ...
Unpacking libreadline7:amd64 (7.0-2) ...
Selecting previously unselected package libsqlite3-0:amd64.
Preparing to unpack .../12-libsqlite3-0_3.16.2-3_amd64.deb ...
Unpacking libsqlite3-0:amd64 (3.16.2-3) ...
Selecting previously unselected package libssl1.1:amd64.
Preparing to unpack .../13-libssl1.1_1.1.0e-1_amd64.deb ...
Unpacking libssl1.1:amd64 (1.1.0e-1) ...
Selecting previously unselected package libpython2.7-stdlib:amd64.
Preparing to unpack .../14-libpython2.7-stdlib_2.7.13-2_amd64.deb ...
Unpacking libpython2.7-stdlib:amd64 (2.7.13-2) ...
Selecting previously unselected package python2.7.
Preparing to unpack .../15-python2.7_2.7.13-2_amd64.deb ...
Unpacking python2.7 (2.7.13-2) ...
Selecting previously unselected package libpython-stdlib:amd64.
Preparing to unpack .../16-libpython-stdlib_2.7.13-2_amd64.deb ...
Unpacking libpython-stdlib:amd64 (2.7.13-2) ...
Setting up libpython2.7-minimal:amd64 (2.7.13-2) ...
Setting up python2.7-minimal (2.7.13-2) ...
Setting up python-minimal (2.7.13-2) ...
Selecting previously unselected package python.
(Reading database ... 11509 files and directories currently installed.)
Preparing to unpack .../python_2.7.13-2_amd64.deb ...
Unpacking python (2.7.13-2) ...
Selecting previously unselected package libsigsegv2:amd64.
Preparing to unpack .../libsigsegv2_2.10-5_amd64.deb ...
Unpacking libsigsegv2:amd64 (2.10-5) ...
Setting up readline-common (7.0-2) ...
Setting up libreadline7:amd64 (7.0-2) ...
Setting up libsigsegv2:amd64 (2.10-5) ...
Selecting previously unselected package gawk.
(Reading database ... 11580 files and directories currently installed.)
Preparing to unpack .../00-gawk_1%3a4.1.4+dfsg-1_amd64.deb ...
Unpacking gawk (1:4.1.4+dfsg-1) ...
Selecting previously unselected package libtalloc2:amd64.
Preparing to unpack .../01-libtalloc2_2.1.8-1_amd64.deb ...
Unpacking libtalloc2:amd64 (2.1.8-1) ...
Selecting previously unselected package libtevent0:amd64.
Preparing to unpack .../02-libtevent0_0.9.31-1_amd64.deb ...
Unpacking libtevent0:amd64 (0.9.31-1) ...
Selecting previously unselected package libcap2:amd64.
Preparing to unpack .../03-libcap2_1%3a2.25-1_amd64.deb ...
Unpacking libcap2:amd64 (1:2.25-1) ...
Selecting previously unselected package libavahi-common-data:amd64.
Preparing to unpack .../04-libavahi-common-data_0.6.32-2_amd64.deb ...
Unpacking libavahi-common-data:amd64 (0.6.32-2) ...
Selecting previously unselected package libavahi-common3:amd64.
Preparing to unpack .../05-libavahi-common3_0.6.32-2_amd64.deb ...
Unpacking libavahi-common3:amd64 (0.6.32-2) ...
Selecting previously unselected package libdbus-1-3:amd64.
Preparing to unpack .../06-libdbus-1-3_1.10.16-1_amd64.deb ...
Unpacking libdbus-1-3:amd64 (1.10.16-1) ...
Selecting previously unselected package libavahi-client3:amd64.
Preparing to unpack .../07-libavahi-client3_0.6.32-2_amd64.deb ...
Unpacking libavahi-client3:amd64 (0.6.32-2) ...
Selecting previously unselected package libnettle6:amd64.
Preparing to unpack .../08-libnettle6_3.3-1+b1_amd64.deb ...
Unpacking libnettle6:amd64 (3.3-1+b1) ...
Selecting previously unselected package libhogweed4:amd64.
Preparing to unpack .../09-libhogweed4_3.3-1+b1_amd64.deb ...
Unpacking libhogweed4:amd64 (3.3-1+b1) ...
Selecting previously unselected package libidn11:amd64.
Preparing to unpack .../10-libidn11_1.33-1_amd64.deb ...
Unpacking libidn11:amd64 (1.33-1) ...
Selecting previously unselected package libp11-kit0:amd64.
Preparing to unpack .../11-libp11-kit0_0.23.3-5_amd64.deb ...
Unpacking libp11-kit0:amd64 (0.23.3-5) ...
Selecting previously unselected package libtasn1-6:amd64.
Preparing to unpack .../12-libtasn1-6_4.10-1_amd64.deb ...
Unpacking libtasn1-6:amd64 (4.10-1) ...
Selecting previously unselected package libgnutls30:amd64.
Preparing to unpack .../13-libgnutls30_3.5.8-3_amd64.deb ...
Unpacking libgnutls30:amd64 (3.5.8-3) ...
Selecting previously unselected package libkeyutils1:amd64.
Preparing to unpack .../14-libkeyutils1_1.5.9-9_amd64.deb ...
Unpacking libkeyutils1:amd64 (1.5.9-9) ...
Selecting previously unselected package libkrb5support0:amd64.
Preparing to unpack .../15-libkrb5support0_1.15-1_amd64.deb ...
Unpacking libkrb5support0:amd64 (1.15-1) ...
Selecting previously unselected package libk5crypto3:amd64.
Preparing to unpack .../16-libk5crypto3_1.15-1_amd64.deb ...
Unpacking libk5crypto3:amd64 (1.15-1) ...
Selecting previously unselected package libkrb5-3:amd64.
Preparing to unpack .../17-libkrb5-3_1.15-1_amd64.deb ...
Unpacking libkrb5-3:amd64 (1.15-1) ...
Selecting previously unselected package libgssapi-krb5-2:amd64.
Preparing to unpack .../18-libgssapi-krb5-2_1.15-1_amd64.deb ...
Unpacking libgssapi-krb5-2:amd64 (1.15-1) ...
Selecting previously unselected package libcups2:amd64.
Preparing to unpack .../19-libcups2_2.2.1-8_amd64.deb ...
Unpacking libcups2:amd64 (2.2.1-8) ...
Selecting previously unselected package libsasl2-modules-db:amd64.
Preparing to unpack .../20-libsasl2-modules-db_2.1.27~101-g0780600+dfsg-2_amd64.deb ...
Unpacking libsasl2-modules-db:amd64 (2.1.27~101-g0780600+dfsg-2) ...
Selecting previously unselected package libsasl2-2:amd64.
Preparing to unpack .../21-libsasl2-2_2.1.27~101-g0780600+dfsg-2_amd64.deb ...
Unpacking libsasl2-2:amd64 (2.1.27~101-g0780600+dfsg-2) ...
Selecting previously unselected package libldap-common.
Preparing to unpack .../22-libldap-common_2.4.44+dfsg-3_all.deb ...
Unpacking libldap-common (2.4.44+dfsg-3) ...
Selecting previously unselected package libldap-2.4-2:amd64.
Preparing to unpack .../23-libldap-2.4-2_2.4.44+dfsg-3_amd64.deb ...
Unpacking libldap-2.4-2:amd64 (2.4.44+dfsg-3) ...
Selecting previously unselected package libtdb1:amd64.
Preparing to unpack .../24-libtdb1_1.3.11-2_amd64.deb ...
Unpacking libtdb1:amd64 (1.3.11-2) ...
Selecting previously unselected package libldb1:amd64.
Preparing to unpack .../25-libldb1_2%3a1.1.27-1+b1_amd64.deb ...
Unpacking libldb1:amd64 (2:1.1.27-1+b1) ...
Selecting previously unselected package libpython2.7:amd64.
Preparing to unpack .../26-libpython2.7_2.7.13-2_amd64.deb ...
Unpacking libpython2.7:amd64 (2.7.13-2) ...
Selecting previously unselected package libwbclient0:amd64.
Preparing to unpack .../27-libwbclient0_2%3a4.5.4+dfsg-1_amd64.deb ...
Unpacking libwbclient0:amd64 (2:4.5.4+dfsg-1) ...
Selecting previously unselected package python-talloc.
Preparing to unpack .../28-python-talloc_2.1.8-1_amd64.deb ...
Unpacking python-talloc (2.1.8-1) ...
Selecting previously unselected package samba-libs:amd64.
Preparing to unpack .../29-samba-libs_2%3a4.5.4+dfsg-1_amd64.deb ...
Unpacking samba-libs:amd64 (2:4.5.4+dfsg-1) ...
Selecting previously unselected package libsmbclient:amd64.
Preparing to unpack .../30-libsmbclient_2%3a4.5.4+dfsg-1_amd64.deb ...
Unpacking libsmbclient:amd64 (2:4.5.4+dfsg-1) ...
Selecting previously unselected package libsmbclient-dev:amd64.
Preparing to unpack .../31-libsmbclient-dev_2%3a4.5.4+dfsg-1_amd64.deb ...
Unpacking libsmbclient-dev:amd64 (2:4.5.4+dfsg-1) ...
Selecting previously unselected package libmagic-mgc.
Preparing to unpack .../32-libmagic-mgc_1%3a5.29-3_amd64.deb ...
Unpacking libmagic-mgc (1:5.29-3) ...
Selecting previously unselected package libmagic1:amd64.
Preparing to unpack .../33-libmagic1_1%3a5.29-3_amd64.deb ...
Unpacking libmagic1:amd64 (1:5.29-3) ...
Selecting previously unselected package file.
Preparing to unpack .../34-file_1%3a5.29-3_amd64.deb ...
Unpacking file (1:5.29-3) ...
Selecting previously unselected package gettext-base.
Preparing to unpack .../35-gettext-base_0.19.8.1-2_amd64.deb ...
Unpacking gettext-base (0.19.8.1-2) ...
Selecting previously unselected package libicu57:amd64.
Preparing to unpack .../36-libicu57_57.1-5_amd64.deb ...
Unpacking libicu57:amd64 (57.1-5) ...
Selecting previously unselected package libxml2:amd64.
Preparing to unpack .../37-libxml2_2.9.4+dfsg1-2.2_amd64.deb ...
Unpacking libxml2:amd64 (2.9.4+dfsg1-2.2) ...
Selecting previously unselected package m4.
Preparing to unpack .../38-m4_1.4.18-1_amd64.deb ...
Unpacking m4 (1.4.18-1) ...
Selecting previously unselected package autoconf.
Preparing to unpack .../39-autoconf_2.69-10_all.deb ...
Unpacking autoconf (2.69-10) ...
Selecting previously unselected package autotools-dev.
Preparing to unpack .../40-autotools-dev_20161112.1_all.deb ...
Unpacking autotools-dev (20161112.1) ...
Selecting previously unselected package automake.
Preparing to unpack .../41-automake_1%3a1.15-6_all.deb ...
Unpacking automake (1:1.15-6) ...
Selecting previously unselected package autopoint.
Preparing to unpack .../42-autopoint_0.19.8.1-2_all.deb ...
Unpacking autopoint (0.19.8.1-2) ...
Selecting previously unselected package libtool.
Preparing to unpack .../43-libtool_2.4.6-2_all.deb ...
Unpacking libtool (2.4.6-2) ...
Selecting previously unselected package dh-autoreconf.
Preparing to unpack .../44-dh-autoreconf_13_all.deb ...
Unpacking dh-autoreconf (13) ...
Selecting previously unselected package libarchive-zip-perl.
Preparing to unpack .../45-libarchive-zip-perl_1.59-1_all.deb ...
Unpacking libarchive-zip-perl (1.59-1) ...
Selecting previously unselected package libfile-stripnondeterminism-perl.
Preparing to unpack .../46-libfile-stripnondeterminism-perl_0.031-1_all.deb ...
Unpacking libfile-stripnondeterminism-perl (0.031-1) ...
Selecting previously unselected package libtimedate-perl.
Preparing to unpack .../47-libtimedate-perl_2.3000-2_all.deb ...
Unpacking libtimedate-perl (2.3000-2) ...
Selecting previously unselected package dh-strip-nondeterminism.
Preparing to unpack .../48-dh-strip-nondeterminism_0.031-1_all.deb ...
Unpacking dh-strip-nondeterminism (0.031-1) ...
Selecting previously unselected package libglib2.0-0:amd64.
Preparing to unpack .../49-libglib2.0-0_2.50.3-1_amd64.deb ...
Unpacking libglib2.0-0:amd64 (2.50.3-1) ...
Selecting previously unselected package libcroco3:amd64.
Preparing to unpack .../50-libcroco3_0.6.11-2_amd64.deb ...
Unpacking libcroco3:amd64 (0.6.11-2) ...
Selecting previously unselected package libunistring0:amd64.
Preparing to unpack .../51-libunistring0_0.9.6+really0.9.3-0.1_amd64.deb ...
Unpacking libunistring0:amd64 (0.9.6+really0.9.3-0.1) ...
Selecting previously unselected package gettext.
Preparing to unpack .../52-gettext_0.19.8.1-2_amd64.deb ...
Unpacking gettext (0.19.8.1-2) ...
Selecting previously unselected package intltool-debian.
Preparing to unpack .../53-intltool-debian_0.35.0+20060710.4_all.deb ...
Unpacking intltool-debian (0.35.0+20060710.4) ...
Selecting previously unselected package po-debconf.
Preparing to unpack .../54-po-debconf_1.0.20_all.deb ...
Unpacking po-debconf (1.0.20) ...
Selecting previously unselected package debhelper.
Preparing to unpack .../55-debhelper_10.2.5_all.deb ...
Unpacking debhelper (10.2.5) ...
Selecting previously unselected package libtinfo-dev:amd64.
Preparing to unpack .../56-libtinfo-dev_6.0+20161126-1_amd64.deb ...
Unpacking libtinfo-dev:amd64 (6.0+20161126-1) ...
Selecting previously unselected package libncurses5-dev:amd64.
Preparing to unpack .../57-libncurses5-dev_6.0+20161126-1_amd64.deb ...
Unpacking libncurses5-dev:amd64 (6.0+20161126-1) ...
Selecting previously unselected package libpopt-dev:amd64.
Preparing to unpack .../58-libpopt-dev_1.16-10_amd64.deb ...
Unpacking libpopt-dev:amd64 (1.16-10) ...
Selecting previously unselected package sbuild-build-depends-smbc-dummy.
Preparing to unpack .../59-sbuild-build-depends-smbc-dummy_0.invalid.0_amd64.deb ...
Unpacking sbuild-build-depends-smbc-dummy (0.invalid.0) ...
Setting up libnettle6:amd64 (3.3-1+b1) ...
Setting up libtdb1:amd64 (1.3.11-2) ...
Setting up libpopt0:amd64 (1.16-10) ...
Setting up libwbclient0:amd64 (2:4.5.4+dfsg-1) ...
Setting up libexpat1:amd64 (2.2.0-2) ...
Setting up libpopt-dev:amd64 (1.16-10) ...
Setting up libarchive-zip-perl (1.59-1) ...
Setting up mime-support (3.60) ...
Setting up libtimedate-perl (2.3000-2) ...
Setting up libldap-common (2.4.44+dfsg-3) ...
Setting up groff-base (1.22.3-9) ...
Setting up libglib2.0-0:amd64 (2.50.3-1) ...
No schema files found: doing nothing.
Setting up libcap2:amd64 (1:2.25-1) ...
Setting up libsasl2-modules-db:amd64 (2.1.27~101-g0780600+dfsg-2) ...
Setting up libsasl2-2:amd64 (2.1.27~101-g0780600+dfsg-2) ...
Setting up libtinfo-dev:amd64 (6.0+20161126-1) ...
Setting up gettext-base (0.19.8.1-2) ...
Setting up libpipeline1:amd64 (1.4.1-2) ...
Setting up m4 (1.4.18-1) ...
Setting up gawk (1:4.1.4+dfsg-1) ...
Setting up libicu57:amd64 (57.1-5) ...
Setting up libxml2:amd64 (2.9.4+dfsg1-2.2) ...
Setting up libtasn1-6:amd64 (4.10-1) ...
Setting up libmagic-mgc (1:5.29-3) ...
Setting up libmagic1:amd64 (1:5.29-3) ...
Setting up libhogweed4:amd64 (3.3-1+b1) ...
Setting up libcroco3:amd64 (0.6.11-2) ...
Setting up libncurses5-dev:amd64 (6.0+20161126-1) ...
Processing triggers for libc-bin (2.24-9) ...
Setting up autotools-dev (20161112.1) ...
Setting up libunistring0:amd64 (0.9.6+really0.9.3-0.1) ...
Setting up libssl1.1:amd64 (1.1.0e-1) ...
Setting up libp11-kit0:amd64 (0.23.3-5) ...
Setting up libsqlite3-0:amd64 (3.16.2-3) ...
Setting up libtalloc2:amd64 (2.1.8-1) ...
Setting up libkeyutils1:amd64 (1.5.9-9) ...
Setting up bsdmainutils (9.0.12) ...
update-alternatives: using /usr/bin/bsd-write to provide /usr/bin/write (write) in auto mode
update-alternatives: using /usr/bin/bsd-from to provide /usr/bin/from (from) in auto mode
Setting up libpython2.7-stdlib:amd64 (2.7.13-2) ...
Setting up autopoint (0.19.8.1-2) ...
Setting up libidn11:amd64 (1.33-1) ...
Setting up libdbus-1-3:amd64 (1.10.16-1) ...
Setting up libavahi-common-data:amd64 (0.6.32-2) ...
Setting up libfile-stripnondeterminism-perl (0.031-1) ...
Setting up gettext (0.19.8.1-2) ...
Setting up libgnutls30:amd64 (3.5.8-3) ...
Setting up python2.7 (2.7.13-2) ...
Setting up autoconf (2.69-10) ...
Setting up file (1:5.29-3) ...
Setting up libkrb5support0:amd64 (1.15-1) ...
Setting up libpython-stdlib:amd64 (2.7.13-2) ...
Setting up libtevent0:amd64 (0.9.31-1) ...
Setting up intltool-debian (0.35.0+20060710.4) ...
Setting up libldap-2.4-2:amd64 (2.4.44+dfsg-3) ...
Setting up libpython2.7:amd64 (2.7.13-2) ...
Setting up automake (1:1.15-6) ...
update-alternatives: using /usr/bin/automake-1.15 to provide /usr/bin/automake (automake) in auto mode
Setting up man-db (2.7.6.1-2) ...
Not building database; man-db/auto-update is not 'true'.
Setting up libavahi-common3:amd64 (0.6.32-2) ...
Setting up python (2.7.13-2) ...
Setting up python-talloc (2.1.8-1) ...
Setting up libtool (2.4.6-2) ...
Setting up libk5crypto3:amd64 (1.15-1) ...
Setting up po-debconf (1.0.20) ...
Setting up libldb1:amd64 (2:1.1.27-1+b1) ...
Setting up libavahi-client3:amd64 (0.6.32-2) ...
Setting up libkrb5-3:amd64 (1.15-1) ...
Setting up libgssapi-krb5-2:amd64 (1.15-1) ...
Setting up libcups2:amd64 (2.2.1-8) ...
Setting up samba-libs:amd64 (2:4.5.4+dfsg-1) ...
Setting up libsmbclient:amd64 (2:4.5.4+dfsg-1) ...
Setting up libsmbclient-dev:amd64 (2:4.5.4+dfsg-1) ...
Setting up dh-autoreconf (13) ...
Setting up dh-strip-nondeterminism (0.031-1) ...
Setting up debhelper (10.2.5) ...
Setting up sbuild-build-depends-smbc-dummy (0.invalid.0) ...
Processing triggers for libc-bin (2.24-9) ...
W: No sandbox user '_apt' on the system, can not drop privileges

+------------------------------------------------------------------------------+
| Build environment                                                            |
+------------------------------------------------------------------------------+

Kernel: Linux 3.16.0-4-amd64 amd64 (x86_64)
Toolchain package versions: binutils_2.27.90.20170221-1 dpkg-dev_1.18.22 g++-6_6.3.0-8 gcc-6_6.3.0-8 libc6-dev_2.24-9 libstdc++-6-dev_6.3.0-8 libstdc++6_6.3.0-8 linux-libc-dev_4.9.13-1
Package versions: adduser_3.115 apt_1.4~rc2 autoconf_2.69-10 automake_1:1.15-6 autopoint_0.19.8.1-2 autotools-dev_20161112.1 base-files_9.8 base-passwd_3.5.43 bash_4.4-4 binutils_2.27.90.20170221-1 bsdmainutils_9.0.12 bsdutils_1:2.29.1-1 build-essential_12.3 bzip2_1.0.6-8.1 clang-4.0_1:4.0~+rc2-1 coreutils_8.26-3 cpp_4:6.3.0-1 cpp-6_6.3.0-8 dash_0.5.8-2.4 debconf_1.5.60 debfoster_2.7-2.1 debhelper_10.2.5 debian-archive-keyring_2014.3 debianutils_4.8.1 dh-autoreconf_13 dh-strip-nondeterminism_0.031-1 diffutils_1:3.5-3 dpkg_1.18.22 dpkg-dev_1.18.22 e2fslibs_1.43.4-2 e2fsprogs_1.43.4-2 eatmydata_105-5 fakeroot_1.21-3.1 file_1:5.29-3 findutils_4.6.0+git+20161106-2 g++_4:6.3.0-1 g++-6_6.3.0-8 gawk_1:4.1.4+dfsg-1 gcc_4:6.3.0-1 gcc-6_6.3.0-8 gcc-6-base_6.3.0-8 gettext_0.19.8.1-2 gettext-base_0.19.8.1-2 gpgv_2.1.18-6 grep_2.27-2 groff-base_1.22.3-9 gzip_1.6-5 hostname_3.18 init-system-helpers_1.47 intltool-debian_0.35.0+20060710.4 libacl1_2.2.52-3+b1 libapt-pkg5.0_1.4~rc2 libarchive-zip-perl_1.59-1 libasan3_6.3.0-8 libatomic1_6.3.0-8 libattr1_1:2.4.47-2+b2 libaudit-common_1:2.6.7-1 libaudit1_1:2.6.7-1 libavahi-client3_0.6.32-2 libavahi-common-data_0.6.32-2 libavahi-common3_0.6.32-2 libblkid1_2.29.1-1 libbsd0_0.8.3-1 libbz2-1.0_1.0.6-8.1 libc-bin_2.24-9 libc-dev-bin_2.24-9 libc6_2.24-9 libc6-dev_2.24-9 libcap-ng0_0.7.7-3+b1 libcap2_1:2.25-1 libcc1-0_6.3.0-8 libcilkrts5_6.3.0-8 libclang-common-4.0-dev_1:4.0~+rc2-1 libclang1-4.0_1:4.0~+rc2-1 libcomerr2_1.43.4-2 libcroco3_0.6.11-2 libcups2_2.2.1-8 libdb5.3_5.3.28-12+b1 libdbus-1-3_1.10.16-1 libdebconfclient0_0.224 libdpkg-perl_1.18.22 libeatmydata1_105-5 libedit2_3.1-20160903-3 libexpat1_2.2.0-2 libfakeroot_1.21-3.1 libfdisk1_2.29.1-1 libffi6_3.2.1-6 libfile-stripnondeterminism-perl_0.031-1 libgc1c2_1:7.4.2-8 libgcc-6-dev_6.3.0-8 libgcc1_1:6.3.0-8 libgcrypt20_1.7.6-1 libgdbm3_1.8.3-14 libglib2.0-0_2.50.3-1 libgmp10_2:6.1.2+dfsg-1 libgnutls30_3.5.8-3 libgomp1_6.3.0-8 libgpg-error0_1.26-2 libgssapi-krb5-2_1.15-1 libhogweed4_3.3-1+b1 libicu57_57.1-5 libidn11_1.33-1 libisl15_0.18-1 libitm1_6.3.0-8 libjsoncpp1_1.7.4-3 libk5crypto3_1.15-1 libkeyutils1_1.5.9-9 libkrb5-3_1.15-1 libkrb5support0_1.15-1 libldap-2.4-2_2.4.44+dfsg-3 libldap-common_2.4.44+dfsg-3 libldb1_2:1.1.27-1+b1 libllvm4.0_1:4.0~+rc2-1 liblsan0_6.3.0-8 liblz4-1_0.0~r131-2+b1 liblzma5_5.2.2-1.2+b1 libmagic-mgc_1:5.29-3 libmagic1_1:5.29-3 libmount1_2.29.1-1 libmpc3_1.0.3-1 libmpfr4_3.1.5-1 libmpx2_6.3.0-8 libncurses5_6.0+20161126-1 libncurses5-dev_6.0+20161126-1 libncursesw5_6.0+20161126-1 libnettle6_3.3-1+b1 libobjc-6-dev_6.3.0-8 libobjc4_6.3.0-8 libp11-kit0_0.23.3-5 libpam-modules_1.1.8-3.5 libpam-modules-bin_1.1.8-3.5 libpam-runtime_1.1.8-3.5 libpam0g_1.1.8-3.5 libpcre3_2:8.39-2.1 libperl5.24_5.24.1-1 libpipeline1_1.4.1-2 libpopt-dev_1.16-10 libpopt0_1.16-10 libpython-stdlib_2.7.13-2 libpython2.7_2.7.13-2 libpython2.7-minimal_2.7.13-2 libpython2.7-stdlib_2.7.13-2 libquadmath0_6.3.0-8 libreadline7_7.0-2 libsasl2-2_2.1.27~101-g0780600+dfsg-2 libsasl2-modules-db_2.1.27~101-g0780600+dfsg-2 libselinux1_2.6-3 libsemanage-common_2.6-2 libsemanage1_2.6-2 libsepol1_2.6-2 libsigsegv2_2.10-5 libsmartcols1_2.29.1-1 libsmbclient_2:4.5.4+dfsg-1 libsmbclient-dev_2:4.5.4+dfsg-1 libsqlite3-0_3.16.2-3 libss2_1.43.4-2 libssl1.1_1.1.0e-1 libstdc++-6-dev_6.3.0-8 libstdc++6_6.3.0-8 libsystemd0_232-18 libtalloc2_2.1.8-1 libtasn1-6_4.10-1 libtdb1_1.3.11-2 libtevent0_0.9.31-1 libtimedate-perl_2.3000-2 libtinfo-dev_6.0+20161126-1 libtinfo5_6.0+20161126-1 libtool_2.4.6-2 libtsan0_6.3.0-8 libubsan0_6.3.0-8 libudev1_232-18 libunistring0_0.9.6+really0.9.3-0.1 libustr-1.0-1_1.0.4-6 libuuid1_2.29.1-1 libwbclient0_2:4.5.4+dfsg-1 libxml2_2.9.4+dfsg1-2.2 linux-libc-dev_4.9.13-1 login_1:4.4-4 m4_1.4.18-1 make_4.1-9.1 man-db_2.7.6.1-2 mawk_1.3.3-17 mime-support_3.60 mount_2.29.1-1 multiarch-support_2.24-9 ncurses-base_6.0+20161126-1 ncurses-bin_6.0+20161126-1 passwd_1:4.4-4 patch_2.7.5-1 perl_5.24.1-1 perl-base_5.24.1-1 perl-modules-5.24_5.24.1-1 po-debconf_1.0.20 python_2.7.13-2 python-minimal_2.7.13-2 python-talloc_2.1.8-1 python2.7_2.7.13-2 python2.7-minimal_2.7.13-2 readline-common_7.0-2 samba-libs_2:4.5.4+dfsg-1 sbuild-build-depends-core-dummy_0.invalid.0 sbuild-build-depends-smbc-dummy_0.invalid.0 sed_4.4-1 sensible-utils_0.0.9 sysvinit-utils_2.88dsf-59.9 tar_1.29b-1.1 util-linux_2.29.1-1 xz-utils_5.2.2-1.2+b1 zlib1g_1:1.2.8.dfsg-5

+------------------------------------------------------------------------------+
| Build                                                                        |
+------------------------------------------------------------------------------+


Unpack source
-------------

gpgv: unknown type of key resource 'trustedkeys.kbx'
gpgv: keyblock resource '/sbuild-nonexistent/.gnupg/trustedkeys.kbx': General error
gpgv: Signature made Mon Aug 25 19:19:20 2014 UTC
gpgv:                using RSA key 68C078BE88F80CDA
gpgv: Can't check signature: No public key
dpkg-source: warning: failed to verify signature on ./smbc_1.2.2-4.dsc
dpkg-source: info: extracting smbc in /<<PKGBUILDDIR>>
dpkg-source: info: unpacking smbc_1.2.2.orig.tar.gz
dpkg-source: info: applying smbc_1.2.2-4.diff.gz
dpkg-source: info: upstream files that have been modified: 
 /<<PKGBUILDDIR>>/config.guess
 /<<PKGBUILDDIR>>/config.sub
 /<<PKGBUILDDIR>>/config/config.guess
 /<<PKGBUILDDIR>>/config/config.sub
 /<<PKGBUILDDIR>>/doc/smbc.1
 /<<PKGBUILDDIR>>/doc/smbc.texi
 /<<PKGBUILDDIR>>/doc/smbcrc.1
 /<<PKGBUILDDIR>>/po/de.po
 /<<PKGBUILDDIR>>/src/bookmarks.c
 /<<PKGBUILDDIR>>/src/convert.c
 /<<PKGBUILDDIR>>/src/dulist.c
 /<<PKGBUILDDIR>>/src/find-index-manage.c
 /<<PKGBUILDDIR>>/src/fnet.c
 /<<PKGBUILDDIR>>/src/smb-pack.c
 /<<PKGBUILDDIR>>/src/smb-pack.h
 /<<PKGBUILDDIR>>/src/smbc.c
 /<<PKGBUILDDIR>>/src/ttlist.c
 /<<PKGBUILDDIR>>/src/winpopup.c

Check disk space
----------------

Sufficient free space for build

User Environment
----------------

APT_CONFIG=/var/lib/sbuild/apt.conf
HOME=/sbuild-nonexistent
LC_ALL=POSIX
LOGNAME=user42
PATH=/usr/local/sbin:/usr/local/bin:/usr/sbin:/usr/bin:/sbin:/bin:/usr/games
SCHROOT_ALIAS_NAME=unstable-amd64-sbuild
SCHROOT_CHROOT_NAME=unstable-amd64-sbuild
SCHROOT_COMMAND=env
SCHROOT_GID=1001
SCHROOT_GROUP=user42
SCHROOT_SESSION_ID=unstable-amd64-sbuild-219f519e-9ff9-4388-a832-9a8002fec4fb
SCHROOT_UID=1001
SCHROOT_USER=user42
SHELL=/bin/sh
USER=user42

dpkg-buildpackage
-----------------

dpkg-buildpackage: info: source package smbc
dpkg-buildpackage: info: source version 1.2.2-4
dpkg-buildpackage: info: source distribution unstable
dpkg-buildpackage: info: source changed by Nol Kthe <noel@debian.org>
 dpkg-source --before-build smbc-1.2.2
dpkg-buildpackage: info: host architecture amd64
 fakeroot debian/rules clean
dh_testdir
dh_testroot
rm -f build-stamp 
rm -f po/ru.gmo
# Add here commands to clean up after the build process.
[ ! -f Makefile ] || /usr/bin/make distclean
make[1]: Entering directory '/<<PKGBUILDDIR>>'
Making distclean in doc
make[2]: Entering directory '/<<PKGBUILDDIR>>/doc'
rm -rf smbc.aux smbc.cp smbc.cps smbc.fn smbc.fns smbc.ky smbc.kys smbc.log \
  smbc.pg smbc.pgs smbc.tmp smbc.toc smbc.tp smbc.tps smbc.vr \
  smbc.vrs smbc.dvi smbc.pdf smbc.ps smbc.html
rm -f vti.tmp
test -z "" || rm -f 
rm -f Makefile
make[2]: Leaving directory '/<<PKGBUILDDIR>>/doc'
Making distclean in src
make[2]: Entering directory '/<<PKGBUILDDIR>>/src'
test -z "smbc" || rm -f smbc
rm -f *.o
rm -f *.tab.c
test -z "" || rm -f 
rm -f TAGS ID GTAGS GRTAGS GSYMS GPATH tags
rm -rf ./.deps
rm -f Makefile
make[2]: Leaving directory '/<<PKGBUILDDIR>>/src'
Making distclean in po
make[2]: Entering directory '/<<PKGBUILDDIR>>/po'
rm -f *.insert-header
rm -f core core.* *.pox smbc.po *.old.po cat-id-tbl.tmp
rm -fr *.o
rm -f Makefile Makefile.in POTFILES *.mo *.msg *.cat *.cat.m
make[2]: Leaving directory '/<<PKGBUILDDIR>>/po'
Making distclean in intl
make[2]: Entering directory '/<<PKGBUILDDIR>>/intl'
rm -f *.a *.la *.o *.obj *.lo core core.*
rm -f libgnuintl.h libintl.h charset.alias ref-add.sed ref-del.sed
rm -f -r .libs _libs
rm -f Makefile ID TAGS
if test "smbc" = "gettext-runtime" || test "smbc" = "gettext-tools"; then \
  rm -f ChangeLog.inst VERSION; \
else \
  : ; \
fi
make[2]: Leaving directory '/<<PKGBUILDDIR>>/intl'
Making distclean in m4
make[2]: Entering directory '/<<PKGBUILDDIR>>/m4'
test -z "" || rm -f 
rm -f Makefile
make[2]: Leaving directory '/<<PKGBUILDDIR>>/m4'
Making distclean in .
make[2]: Entering directory '/<<PKGBUILDDIR>>'
test -z "intl/Makefile" || rm -f intl/Makefile
rm -f config.h stamp-h1
rm -f TAGS ID GTAGS GRTAGS GSYMS GPATH tags
make[2]: Leaving directory '/<<PKGBUILDDIR>>'
rm -f config.status config.cache config.log configure.lineno configure.status.lineno
rm -f Makefile
make[1]: Leaving directory '/<<PKGBUILDDIR>>'
cp -f /usr/share/misc/config.sub config.sub
cp -f /usr/share/misc/config.guess config.guess
rm -f po/pl.gmo
dh_clean 
dh_clean: Compatibility levels before 9 are deprecated (level 5 in use)
dpkg-buildpackage: warning: debian/rules must be updated to support the 'build-arch' and 'build-indep' targets (at least 'build-arch' seems to be missing)
 debian/rules build
dh_testdir
# Add here commands to configure the package.
CFLAGS="-Wall -g -O2" ./configure --host=x86_64-linux-gnu \
				--build=x86_64-linux-gnu \
				--prefix=/usr \
				--mandir=\${prefix}/share/man

Samba Commander version 1.2.2
Configuring...

checking for x86_64-linux-gnu-gcc... x86_64-linux-gnu-gcc
checking for C compiler default output file name... a.out
checking whether the C compiler works... yes
checking whether we are cross compiling... no
checking for suffix of executables... 
checking for suffix of object files... o
checking whether we are using the GNU C compiler... yes
checking whether x86_64-linux-gnu-gcc accepts -g... yes
checking for x86_64-linux-gnu-gcc option to accept ANSI C... none needed
checking for library containing strerror... none required
checking for a BSD-compatible install... /usr/bin/install -c
checking whether build environment is sane... yes
checking for gawk... gawk
checking whether make sets $(MAKE)... yes
checking for style of include used by make... GNU
checking dependency style of x86_64-linux-gnu-gcc... gcc3
checking for a BSD-compatible install... /usr/bin/install -c
checking for dirent.h that defines DIR... yes
checking for library containing opendir... none required
checking how to run the C preprocessor... x86_64-linux-gnu-gcc -E
checking for egrep... grep -E
checking for ANSI C header files... yes
checking for sys/wait.h that is POSIX.1 compatible... yes
checking for ANSI C header files... (cached) yes
checking for sys/types.h... yes
checking for sys/stat.h... yes
checking for stdlib.h... yes
checking for string.h... yes
checking for memory.h... yes
checking for strings.h... yes
checking for inttypes.h... yes
checking for stdint.h... yes
checking for unistd.h... yes
checking libsmbclient.h usability... no
checking libsmbclient.h presence... no
checking for libsmbclient.h... no
checking sys/socket.h usability... yes
checking sys/socket.h presence... yes
checking for sys/socket.h... yes
checking sys/param.h usability... yes
checking sys/param.h presence... yes
checking for sys/param.h... yes
checking sys/file.h usability... yes
checking sys/file.h presence... yes
checking for sys/file.h... yes
checking sys/time.h usability... yes
checking sys/time.h presence... yes
checking for sys/time.h... yes
checking arpa/inet.h usability... yes
checking arpa/inet.h presence... yes
checking for arpa/inet.h... yes
checking netinet/in.h usability... yes
checking netinet/in.h presence... yes
checking for netinet/in.h... yes
checking fcntl.h usability... yes
checking fcntl.h presence... yes
checking for fcntl.h... yes
checking libintl.h usability... yes
checking libintl.h presence... yes
checking for libintl.h... yes
checking popt.h usability... yes
checking popt.h presence... yes
checking for popt.h... yes
checking errno.h usability... yes
checking errno.h presence... yes
checking for errno.h... yes
checking time.h usability... yes
checking time.h presence... yes
checking for time.h... yes
checking termios.h usability... yes
checking termios.h presence... yes
checking for termios.h... yes
checking curses.h usability... yes
checking curses.h presence... yes
checking for curses.h... yes
checking dirent.h usability... yes
checking dirent.h presence... yes
checking for dirent.h... yes
checking signal.h usability... yes
checking signal.h presence... yes
checking for signal.h... yes
checking stdio.h usability... yes
checking stdio.h presence... yes
checking for stdio.h... yes
checking ctype.h usability... yes
checking ctype.h presence... yes
checking for ctype.h... yes
checking stdbool.h usability... yes
checking stdbool.h presence... yes
checking for stdbool.h... yes
checking iconv.h usability... yes
checking iconv.h presence... yes
checking for iconv.h... yes
checking whether NLS is requested... yes
checking for msgfmt... /usr/bin/msgfmt
checking for gmsgfmt... /usr/bin/msgfmt
checking for xgettext... /usr/bin/xgettext
checking for msgmerge... /usr/bin/msgmerge
checking build system type... x86_64-pc-linux-gnu
checking host system type... x86_64-pc-linux-gnu
checking for x86_64-linux-gnu-ranlib... x86_64-linux-gnu-ranlib
checking for an ANSI C-conforming const... yes
checking for signed... yes
checking for inline... inline
checking for off_t... yes
checking for size_t... yes
checking for long long... yes
checking for long double... yes
checking for wchar_t... yes
checking for wint_t... yes
checking for inttypes.h... yes
checking for stdint.h... yes
checking for intmax_t... yes
checking whether printf() supports POSIX/XSI format strings... yes
checking for working alloca.h... yes
checking for alloca... yes
checking for stdlib.h... (cached) yes
checking for unistd.h... (cached) yes
checking for getpagesize... yes
checking for working mmap... yes
checking whether we are using the GNU C Library 2.1 or newer... yes
checking whether integer division by zero raises SIGFPE... no
checking for unsigned long long... yes
checking for inttypes.h... yes
checking whether the inttypes.h PRIxNN macros are broken... no
checking for stdint.h... (cached) yes
checking for SIZE_MAX... yes
checking for stdint.h... (cached) yes
checking for ld used by GCC... /usr/bin/x86_64-linux-gnu-ld
checking if the linker (/usr/bin/x86_64-linux-gnu-ld) is GNU ld... yes
checking for shared library run path origin... /bin/bash: config/config.rpath: No such file or directory
done
checking for ptrdiff_t... yes
checking argz.h usability... yes
checking argz.h presence... yes
checking for argz.h... yes
checking limits.h usability... yes
checking limits.h presence... yes
checking for limits.h... yes
checking locale.h usability... yes
checking locale.h presence... yes
checking for locale.h... yes
checking nl_types.h usability... yes
checking nl_types.h presence... yes
checking for nl_types.h... yes
checking malloc.h usability... yes
checking malloc.h presence... yes
checking for malloc.h... yes
checking stddef.h usability... yes
checking stddef.h presence... yes
checking for stddef.h... yes
checking for stdlib.h... (cached) yes
checking for string.h... (cached) yes
checking for unistd.h... (cached) yes
checking for sys/param.h... (cached) yes
checking for asprintf... yes
checking for fwprintf... yes
checking for getcwd... yes
checking for getegid... yes
checking for geteuid... yes
checking for getgid... yes
checking for getuid... yes
checking for mempcpy... yes
checking for munmap... yes
checking for putenv... yes
checking for setenv... yes
checking for setlocale... yes
checking for snprintf... yes
checking for stpcpy... yes
checking for strcasecmp... yes
checking for strdup... yes
checking for strtoul... yes
checking for tsearch... yes
checking for wcslen... yes
checking for __argz_count... yes
checking for __argz_stringify... yes
checking for __argz_next... yes
checking for __fsetlocking... yes
checking whether _snprintf is declared... no
checking whether _snwprintf is declared... no
checking whether feof_unlocked is declared... yes
checking whether fgets_unlocked is declared... no
checking whether getc_unlocked is declared... yes
checking for iconv... yes
checking for iconv declaration... 
         extern size_t iconv (iconv_t cd, char * *inbuf, size_t *inbytesleft, char * *outbuf, size_t *outbytesleft);
checking for nl_langinfo and CODESET... yes
checking for LC_MESSAGES... yes
checking for bison... no
checking whether NLS is requested... yes
checking whether included gettext is requested... no
checking for GNU gettext in libc... yes
checking whether to use NLS... yes
checking where the gettext function comes from... libc
checking for an ANSI C-conforming const... (cached) yes
checking for mode_t... yes
checking for off_t... (cached) yes
checking for size_t... (cached) yes
checking whether closedir returns void... no
checking for pid_t... yes
checking for unistd.h... (cached) yes
checking vfork.h usability... no
checking vfork.h presence... no
checking for vfork.h... no
checking for fork... yes
checking for vfork... yes
checking for working fork... yes
checking for working vfork... (cached) yes
checking for stdlib.h... (cached) yes
checking for GNU libc compatible malloc... yes
checking for working memcmp... yes
checking for stdlib.h... (cached) yes
checking for GNU libc compatible realloc... yes
checking return type of signal handlers... void
checking whether lstat dereferences a symlink specified with a trailing slash... yes
checking whether stat accepts an empty string... no
checking for alarm... yes
checking for dup2... yes
checking for mkdir... yes
checking for rmdir... yes
checking for setlocale... (cached) yes
checking for strdup... (cached) yes
checking for strstr... yes
checking for main in -lm... yes
checking for main in -lpopt... yes
checking for main in -lncurses... yes
checking for main in -lsmbclient... yes
checking for smbc_set_context in -lsmbclient... yes
checking for smbc_new_context in -lsmbclient... yes
configure: creating ./config.status
config.status: creating Makefile
config.status: creating src/Makefile
config.status: creating po/Makefile.in
config.status: creating intl/Makefile
config.status: creating m4/Makefile
config.status: creating doc/Makefile
config.status: creating config.h
config.status: executing depfiles commands
config.status: executing default-1 commands
config.status: creating po/POTFILES
config.status: creating po/Makefile

Configure finished.
*** setting ****************************************
Install prefix           : /usr
smbc_set_context         : yes
smbc_new_context         : yes
****************************************************

*** for developers *********************************
debug message            : no
compile for ggdb message : no
****************************************************
Now you can run
make

dh_testdir
# Add here commands to compile the package.
/usr/bin/make
make[1]: Entering directory '/<<PKGBUILDDIR>>'
/usr/bin/make  all-recursive
make[2]: Entering directory '/<<PKGBUILDDIR>>'
Making all in m4
make[3]: Entering directory '/<<PKGBUILDDIR>>/m4'
make[3]: Nothing to be done for 'all'.
make[3]: Leaving directory '/<<PKGBUILDDIR>>/m4'
Making all in intl
make[3]: Entering directory '/<<PKGBUILDDIR>>/intl'
make[3]: Nothing to be done for 'all'.
make[3]: Leaving directory '/<<PKGBUILDDIR>>/intl'
Making all in po
make[3]: Entering directory '/<<PKGBUILDDIR>>/po'
file=./`echo pl | sed 's,.*/,,'`.gmo \
  && rm -f $file && /usr/bin/msgfmt -o $file pl.po
file=./`echo ru | sed 's,.*/,,'`.gmo \
  && rm -f $file && /usr/bin/msgfmt -o $file ru.po
make[3]: Leaving directory '/<<PKGBUILDDIR>>/po'
Making all in src
make[3]: Entering directory '/<<PKGBUILDDIR>>/src'
if x86_64-linux-gnu-gcc -DHAVE_CONFIG_H -I. -I. -I.. -I../intl -DLOCALEDIR=\"/usr/share/locale\"   -D_FILE_OFFSET_BITS=64 -D_LARGEFILE_SOURCE -Wall  -O3 -MT smbc-smbc.o -MD -MP -MF ".deps/smbc-smbc.Tpo" -c -o smbc-smbc.o `test -f 'smbc.c' || echo './'`smbc.c; \
then mv -f ".deps/smbc-smbc.Tpo" ".deps/smbc-smbc.Po"; else rm -f ".deps/smbc-smbc.Tpo"; exit 1; fi
smbc.c:316:2: error: function definition is not allowed here
 {
 ^
smbc.c:580:15: warning: implicit declaration of function 'Rpaint' is invalid in C99 [-Wimplicit-function-declaration]
              Rpaint(Rt1,0,7);
              ^
smbc.c:1182:3: error: function definition is not allowed here
  {
  ^
smbc.c:1300:3: error: function definition is not allowed here
  {
  ^
smbc.c:1346:3: error: function definition is not allowed here
  {
  ^
smbc.c:1358:3: error: function definition is not allowed here
  {
  ^
smbc.c:1371:3: warning: implicit declaration of function 'RmanageListCreateWindow' is invalid in C99 [-Wimplicit-function-declaration]
  RmanageListCreateWindow();
  ^
smbc.c:1373:3: warning: implicit declaration of function 'RpaintList' is invalid in C99 [-Wimplicit-function-declaration]
  RpaintList(RlFirst, RlSelect);
  ^
smbc.c:1375:37: error: use of undeclared identifier 'RsigAlarmManageWindow'
  RpreviousAction = signal(SIGALRM, RsigAlarmManageWindow);
                                    ^
smbc.c:1709:3: error: function definition is not allowed here
  {
  ^
smbc.c:1760:7: warning: implicit declaration of function 'RretryAgain' is invalid in C99 [-Wimplicit-function-declaration]
      RretryAgain();
      ^
smbc.c:1806:3: error: function definition is not allowed here
  {
  ^
smbc.c:1904:3: error: function definition is not allowed here
  {
  ^
smbc.c:2307:3: error: function definition is not allowed here
  {
  ^
smbc.c:2361:3: error: function definition is not allowed here
  {
  ^
smbc.c:2380:3: error: function definition is not allowed here
  {
  ^
smbc.c:2421:3: warning: implicit declaration of function 'RpreSort' is invalid in C99 [-Wimplicit-function-declaration]
  RpreSort((*RlistI)->next, RdoGroup, RsortMethodI);
  ^
smbc.c:2860:3: error: function definition is not allowed here
  {
  ^
smbc.c:2881:3: error: function definition is not allowed here
  {
  ^
smbc.c:3302:21: warning: implicit declaration of function 'Rchoice' is invalid in C99 [-Wimplicit-function-declaration]
               if (!Rchoice(RaskRetry == 1?
                    ^
smbc.c:3368:15: warning: implicit declaration of function 'RremoveActFromListAndCloseFiles' is invalid in C99 [-Wimplicit-function-declaration]
         else RremoveActFromListAndCloseFiles();
              ^
smbc.c:3388:3: error: function definition is not allowed here
  {
  ^
smbc.c:3416:3: error: function definition is not allowed here
  {
  ^
smbc.c:3465:5: warning: implicit declaration of function 'RsmbDownloadDir' is invalid in C99 [-Wimplicit-function-declaration]
    RsmbDownloadDir(RstrLocalCF);
    ^
smbc.c:3469:5: warning: implicit declaration of function 'RsmbDownloadFile' is invalid in C99 [-Wimplicit-function-declaration]
    RsmbDownloadFile(RadirR, Rfilename); 
    ^
smbc.c:3485:3: error: function definition is not allowed here
  {
  ^
smbc.c:3512:3: error: function definition is not allowed here
  {
  ^
smbc.c:3619:12: warning: format string is not a string literal (potentially insecure) [-Wformat-security]
    printf(Rm243);
           ^~~~~
smbc.c:3619:12: note: treat the string as an argument to avoid this
    printf(Rm243);
           ^
           "%s", 
smbc.c:3620:12: warning: format string is not a string literal (potentially insecure) [-Wformat-security]
    printf(Rm244);
           ^~~~~
smbc.c:3620:12: note: treat the string as an argument to avoid this
    printf(Rm244);
           ^
           "%s", 
smbc.c:4033:3: error: function definition is not allowed here
  {
  ^
smbc.c:4142:3: warning: implicit declaration of function 'Rrefresh' is invalid in C99 [-Wimplicit-function-declaration]
  Rrefresh(Rxb, Rrol);
  ^
fatal error: too many errors emitted, stopping now [-ferror-limit=]
12 warnings and 20 errors generated.
Makefile:322: recipe for target 'smbc-smbc.o' failed
make[3]: *** [smbc-smbc.o] Error 1
make[3]: Leaving directory '/<<PKGBUILDDIR>>/src'
Makefile:298: recipe for target 'all-recursive' failed
make[2]: *** [all-recursive] Error 1
make[2]: Leaving directory '/<<PKGBUILDDIR>>'
Makefile:217: recipe for target 'all' failed
make[1]: *** [all] Error 2
make[1]: Leaving directory '/<<PKGBUILDDIR>>'
debian/rules:37: recipe for target 'build-stamp' failed
make: *** [build-stamp] Error 2
dpkg-buildpackage: error: debian/rules build gave error exit status 2
--------------------------------------------------------------------------------
Build finished at 2017-03-01T05:50:31Z

Finished
--------


+------------------------------------------------------------------------------+
| Cleanup                                                                      |
+------------------------------------------------------------------------------+

Purging /<<BUILDDIR>>
Not cleaning session: cloned chroot in use
E: Build failure (dpkg-buildpackage died)

+------------------------------------------------------------------------------+
| Summary                                                                      |
+------------------------------------------------------------------------------+

Build Architecture: amd64
Build-Space: 3484
Build-Time: 9
Distribution: unstable
Fail-Stage: build
Host Architecture: amd64
Install-Time: 8
Job: smbc_1.2.2-4
Machine Architecture: amd64
Package: smbc
Package-Time: 34
Source-Version: 1.2.2-4
Space: 3484
Status: attempted
Version: 1.2.2-4
--------------------------------------------------------------------------------
Finished at 2017-03-01T05:50:31Z
Build needed 00:00:34, 3484k disk space
E: Build failure (dpkg-buildpackage died)
DC-Status: Failed 35.918706202s
DC-Time-Estimation: 35.918706202 versus expected 403 (r/m: 10.219780515857233 ; m: 35.918706202)
