DC-Build-Header: sord 0.16.0~dfsg0-1 / 2017-03-01 05:48:09 +0000
DC-Task: type:rebuild-binarch-only source:sord version:0.16.0~dfsg0-1 chroot:unstable esttime:420 logfile:/tmp/sord_0.16.0~dfsg0-1_unstable_clang4.0.log modes:clang:binarch-only
DC-Sbuild-call: su user42 -c 'sbuild -n --arch-any --apt-update -d unstable -v  --chroot-setup-commands=/tmp/clang sord_0.16.0~dfsg0-1'
sbuild (Debian sbuild) 0.72.0 (25 Oct 2016) on ip-172-31-1-99.eu-central-1.compute.internal

+==============================================================================+
| sord 0.16.0~dfsg0-1 (amd64)                  Wed, 01 Mar 2017 05:48:09 +0000 |
+==============================================================================+

Package: sord
Version: 0.16.0~dfsg0-1
Source Version: 0.16.0~dfsg0-1
Distribution: unstable
Machine Architecture: amd64
Host Architecture: amd64
Build Architecture: amd64

I: NOTICE: Log filtering will replace 'var/lib/schroot/mount/unstable-amd64-sbuild-1ac3e96d-6efe-4a05-82bd-9fa685b05dc7' with '<<CHROOT>>'

+------------------------------------------------------------------------------+
| Chroot Setup Commands                                                        |
+------------------------------------------------------------------------------+


/tmp/clang
----------

+ echo 'Entering customization script...'
Entering customization script...
+ CLANG_VERSION=4.0
+ echo 'Install of clang-4.0'
Install of clang-4.0
+ apt-get update
Get:1 http://127.0.0.1:9999/debian unstable InRelease [231 kB]
Get:2 http://127.0.0.1:9999/debian unstable/main Sources.diff/Index [27.9 kB]
Get:3 http://127.0.0.1:9999/debian unstable/main amd64 Packages.diff/Index [27.9 kB]
Get:4 http://127.0.0.1:9999/debian unstable/main Sources 2017-02-28-0825.37.pdiff [2103 B]
Get:4 http://127.0.0.1:9999/debian unstable/main Sources 2017-02-28-0825.37.pdiff [2103 B]
Get:5 http://127.0.0.1:9999/debian unstable/main amd64 Packages 2017-02-28-0825.37.pdiff [2528 B]
Get:5 http://127.0.0.1:9999/debian unstable/main amd64 Packages 2017-02-28-0825.37.pdiff [2528 B]
Get:6 http://127.0.0.1:9999/debian unstable/main Translation-en [5646 kB]
Fetched 5938 kB in 1s (3134 kB/s)
Reading package lists...
W: No sandbox user '_apt' on the system, can not drop privileges
+ apt-get install --yes --no-install-recommends --force-yes clang-4.0
Reading package lists...
Building dependency tree...
Reading state information...
The following additional packages will be installed:
  libbsd0 libclang-common-4.0-dev libclang1-4.0 libedit2 libffi6 libjsoncpp1
  libllvm4.0 libncurses5 libobjc-6-dev libobjc4
Suggested packages:
  gnustep gnustep-devel clang-4.0-doc
Recommended packages:
  llvm-4.0-dev python libgpm2
The following NEW packages will be installed:
  clang-4.0 libbsd0 libclang-common-4.0-dev libclang1-4.0 libedit2 libffi6
  libjsoncpp1 libllvm4.0 libncurses5 libobjc-6-dev libobjc4
0 upgraded, 11 newly installed, 0 to remove and 0 not upgraded.
Need to get 74.7 MB of archives.
After this operation, 321 MB of additional disk space will be used.
Get:1 http://127.0.0.1:9999/debian unstable/main amd64 libbsd0 amd64 0.8.3-1 [83.0 kB]
Get:2 http://127.0.0.1:9999/debian unstable/main amd64 libncurses5 amd64 6.0+20161126-1 [93.4 kB]
Get:3 http://127.0.0.1:9999/debian unstable/main amd64 libedit2 amd64 3.1-20160903-3 [84.8 kB]
Get:4 http://127.0.0.1:9999/debian unstable/main amd64 libffi6 amd64 3.2.1-6 [20.4 kB]
Get:5 http://127.0.0.1:9999/debian unstable/main amd64 libllvm4.0 amd64 1:4.0~+rc2-1 [12.3 MB]
Get:6 http://127.0.0.1:9999/debian unstable/main amd64 libclang1-4.0 amd64 1:4.0~+rc2-1 [6358 kB]
Get:7 http://127.0.0.1:9999/debian unstable/main amd64 libjsoncpp1 amd64 1.7.4-3 [75.6 kB]
Get:8 http://127.0.0.1:9999/debian unstable/main amd64 libobjc4 amd64 6.3.0-8 [49.4 kB]
Get:9 http://127.0.0.1:9999/debian unstable/main amd64 libobjc-6-dev amd64 6.3.0-8 [197 kB]
Get:10 http://127.0.0.1:9999/debian unstable/main amd64 libclang-common-4.0-dev amd64 1:4.0~+rc2-1 [2767 kB]
Get:11 http://127.0.0.1:9999/debian unstable/main amd64 clang-4.0 amd64 1:4.0~+rc2-1 [52.7 MB]
debconf: delaying package configuration, since apt-utils is not installed
Fetched 74.7 MB in 0s (94.9 MB/s)
Selecting previously unselected package libbsd0:amd64.
(Reading database ... (Reading database ... 5%(Reading database ... 10%(Reading database ... 15%(Reading database ... 20%(Reading database ... 25%(Reading database ... 30%(Reading database ... 35%(Reading database ... 40%(Reading database ... 45%(Reading database ... 50%(Reading database ... 55%(Reading database ... 60%(Reading database ... 65%(Reading database ... 70%(Reading database ... 75%(Reading database ... 80%(Reading database ... 85%(Reading database ... 90%(Reading database ... 95%(Reading database ... 100%(Reading database ... 9584 files and directories currently installed.)
Preparing to unpack .../00-libbsd0_0.8.3-1_amd64.deb ...
Unpacking libbsd0:amd64 (0.8.3-1) ...
Selecting previously unselected package libncurses5:amd64.
Preparing to unpack .../01-libncurses5_6.0+20161126-1_amd64.deb ...
Unpacking libncurses5:amd64 (6.0+20161126-1) ...
Selecting previously unselected package libedit2:amd64.
Preparing to unpack .../02-libedit2_3.1-20160903-3_amd64.deb ...
Unpacking libedit2:amd64 (3.1-20160903-3) ...
Selecting previously unselected package libffi6:amd64.
Preparing to unpack .../03-libffi6_3.2.1-6_amd64.deb ...
Unpacking libffi6:amd64 (3.2.1-6) ...
Selecting previously unselected package libllvm4.0:amd64.
Preparing to unpack .../04-libllvm4.0_1%3a4.0~+rc2-1_amd64.deb ...
Unpacking libllvm4.0:amd64 (1:4.0~+rc2-1) ...
Selecting previously unselected package libclang1-4.0:amd64.
Preparing to unpack .../05-libclang1-4.0_1%3a4.0~+rc2-1_amd64.deb ...
Unpacking libclang1-4.0:amd64 (1:4.0~+rc2-1) ...
Selecting previously unselected package libjsoncpp1:amd64.
Preparing to unpack .../06-libjsoncpp1_1.7.4-3_amd64.deb ...
Unpacking libjsoncpp1:amd64 (1.7.4-3) ...
Selecting previously unselected package libobjc4:amd64.
Preparing to unpack .../07-libobjc4_6.3.0-8_amd64.deb ...
Unpacking libobjc4:amd64 (6.3.0-8) ...
Selecting previously unselected package libobjc-6-dev:amd64.
Preparing to unpack .../08-libobjc-6-dev_6.3.0-8_amd64.deb ...
Unpacking libobjc-6-dev:amd64 (6.3.0-8) ...
Selecting previously unselected package libclang-common-4.0-dev.
Preparing to unpack .../09-libclang-common-4.0-dev_1%3a4.0~+rc2-1_amd64.deb ...
Unpacking libclang-common-4.0-dev (1:4.0~+rc2-1) ...
Selecting previously unselected package clang-4.0.
Preparing to unpack .../10-clang-4.0_1%3a4.0~+rc2-1_amd64.deb ...
Unpacking clang-4.0 (1:4.0~+rc2-1) ...
Setting up libncurses5:amd64 (6.0+20161126-1) ...
Setting up libobjc4:amd64 (6.3.0-8) ...
Setting up libbsd0:amd64 (0.8.3-1) ...
Processing triggers for libc-bin (2.24-9) ...
Setting up libobjc-6-dev:amd64 (6.3.0-8) ...
Setting up libffi6:amd64 (3.2.1-6) ...
Setting up libjsoncpp1:amd64 (1.7.4-3) ...
Setting up libedit2:amd64 (3.1-20160903-3) ...
Setting up libllvm4.0:amd64 (1:4.0~+rc2-1) ...
Setting up libclang1-4.0:amd64 (1:4.0~+rc2-1) ...
Setting up libclang-common-4.0-dev (1:4.0~+rc2-1) ...
Setting up clang-4.0 (1:4.0~+rc2-1) ...
Processing triggers for libc-bin (2.24-9) ...
W: --force-yes is deprecated, use one of the options starting with --allow instead.
W: No sandbox user '_apt' on the system, can not drop privileges
+ echo 'Replace gcc, g++ & cpp by clang'
Replace gcc, g++ & cpp by clang
+ VERSIONS='4.6 4.7 4.8 4.9 5 6'
+ cd /usr/bin
+ for VERSION in $VERSIONS
+ rm -f g++-4.6 gcc-4.6 cpp-4.6 gcc
+ ln -s clang++-4.0 g++-4.6
+ ln -s clang-4.0 gcc-4.6
+ ln -s clang-4.0 cpp-4.6
+ ln -s clang-4.0 gcc
+ echo 'gcc-4.6 hold'
+ dpkg --set-selections
dpkg: warning: package not in status nor available database at line 1: gcc-4.6
dpkg: warning: found unknown packages; this might mean the available database
is outdated, and needs to be updated through a frontend method;
please see the FAQ <https://wiki.debian.org/Teams/Dpkg/FAQ>
+ echo 'g++-4.6 hold'
+ dpkg --set-selections
dpkg: warning: package not in status nor available database at line 1: g++-4.6
dpkg: warning: found unknown packages; this might mean the available database
is outdated, and needs to be updated through a frontend method;
please see the FAQ <https://wiki.debian.org/Teams/Dpkg/FAQ>
+ for VERSION in $VERSIONS
+ rm -f g++-4.7 gcc-4.7 cpp-4.7 gcc
+ ln -s clang++-4.0 g++-4.7
+ ln -s clang-4.0 gcc-4.7
+ ln -s clang-4.0 cpp-4.7
+ ln -s clang-4.0 gcc
+ echo 'gcc-4.7 hold'
+ dpkg --set-selections
dpkg: warning: package not in status nor available database at line 1: gcc-4.7
dpkg: warning: found unknown packages; this might mean the available database
is outdated, and needs to be updated through a frontend method;
please see the FAQ <https://wiki.debian.org/Teams/Dpkg/FAQ>
+ echo 'g++-4.7 hold'
+ dpkg --set-selections
dpkg: warning: package not in status nor available database at line 1: g++-4.7
dpkg: warning: found unknown packages; this might mean the available database
is outdated, and needs to be updated through a frontend method;
please see the FAQ <https://wiki.debian.org/Teams/Dpkg/FAQ>
+ for VERSION in $VERSIONS
+ rm -f g++-4.8 gcc-4.8 cpp-4.8 gcc
+ ln -s clang++-4.0 g++-4.8
+ ln -s clang-4.0 gcc-4.8
+ ln -s clang-4.0 cpp-4.8
+ ln -s clang-4.0 gcc
+ echo 'gcc-4.8 hold'
+ dpkg --set-selections
dpkg: warning: package not in status nor available database at line 1: gcc-4.8
dpkg: warning: found unknown packages; this might mean the available database
is outdated, and needs to be updated through a frontend method;
please see the FAQ <https://wiki.debian.org/Teams/Dpkg/FAQ>
+ echo 'g++-4.8 hold'
+ dpkg --set-selections
dpkg: warning: package not in status nor available database at line 1: g++-4.8
dpkg: warning: found unknown packages; this might mean the available database
is outdated, and needs to be updated through a frontend method;
please see the FAQ <https://wiki.debian.org/Teams/Dpkg/FAQ>
+ for VERSION in $VERSIONS
+ rm -f g++-4.9 gcc-4.9 cpp-4.9 gcc
+ ln -s clang++-4.0 g++-4.9
+ ln -s clang-4.0 gcc-4.9
+ ln -s clang-4.0 cpp-4.9
+ ln -s clang-4.0 gcc
+ echo 'gcc-4.9 hold'
+ dpkg --set-selections
dpkg: warning: package not in status nor available database at line 1: gcc-4.9
dpkg: warning: found unknown packages; this might mean the available database
is outdated, and needs to be updated through a frontend method;
please see the FAQ <https://wiki.debian.org/Teams/Dpkg/FAQ>
+ echo 'g++-4.9 hold'
+ dpkg --set-selections
dpkg: warning: package not in status nor available database at line 1: g++-4.9
dpkg: warning: found unknown packages; this might mean the available database
is outdated, and needs to be updated through a frontend method;
please see the FAQ <https://wiki.debian.org/Teams/Dpkg/FAQ>
+ for VERSION in $VERSIONS
+ rm -f g++-5 gcc-5 cpp-5 gcc
+ ln -s clang++-4.0 g++-5
+ ln -s clang-4.0 gcc-5
+ ln -s clang-4.0 cpp-5
+ ln -s clang-4.0 gcc
+ echo 'gcc-5 hold'
+ dpkg --set-selections
+ echo 'g++-5 hold'
+ dpkg --set-selections
+ for VERSION in $VERSIONS
+ rm -f g++-6 gcc-6 cpp-6 gcc
+ ln -s clang++-4.0 g++-6
+ ln -s clang-4.0 gcc-6
+ ln -s clang-4.0 cpp-6
+ ln -s clang-4.0 gcc
+ echo 'gcc-6 hold'
+ dpkg --set-selections
+ echo 'g++-6 hold'
+ dpkg --set-selections
+ cd -
/build/sord-S7RcS8
+ echo 'Check if gcc, g++ & cpp are actually clang'
Check if gcc, g++ & cpp are actually clang
+ gcc --version
+ grep clang
+ cpp --version
+ grep clang
+ g++ --version
+ grep clang

I: Finished running '/tmp/clang'.

Finished processing commands.
--------------------------------------------------------------------------------

+------------------------------------------------------------------------------+
| Update chroot                                                                |
+------------------------------------------------------------------------------+

Hit:1 http://127.0.0.1:9999/debian unstable InRelease
Reading package lists...
W: No sandbox user '_apt' on the system, can not drop privileges
Reading package lists...
Building dependency tree...
Reading state information...
Calculating upgrade...
0 upgraded, 0 newly installed, 0 to remove and 0 not upgraded.

+------------------------------------------------------------------------------+
| Fetch source files                                                           |
+------------------------------------------------------------------------------+


Check APT
---------

Checking available source versions...

Download source files with APT
------------------------------

Reading package lists...
NOTICE: 'sord' packaging is maintained in the 'Git' version control system at:
https://anonscm.debian.org/git/pkg-multimedia/sord.git
Please use:
git clone https://anonscm.debian.org/git/pkg-multimedia/sord.git
to retrieve the latest (possibly unreleased) updates to the package.
Need to get 214 kB of source archives.
Get:1 http://127.0.0.1:9999/debian unstable/main sord 0.16.0~dfsg0-1 (dsc) [2228 B]
Get:2 http://127.0.0.1:9999/debian unstable/main sord 0.16.0~dfsg0-1 (tar) [207 kB]
Get:3 http://127.0.0.1:9999/debian unstable/main sord 0.16.0~dfsg0-1 (diff) [5092 B]
Fetched 214 kB in 0s (1419 kB/s)
Download complete and in download only mode
I: NOTICE: Log filtering will replace 'build/sord-S7RcS8/sord-0.16.0~dfsg0' with '<<PKGBUILDDIR>>'
I: NOTICE: Log filtering will replace 'build/sord-S7RcS8' with '<<BUILDDIR>>'

+------------------------------------------------------------------------------+
| Install build-essential                                                      |
+------------------------------------------------------------------------------+


Setup apt archive
-----------------

Merged Build-Depends: build-essential, fakeroot
Filtered Build-Depends: build-essential, fakeroot
dpkg-deb: building package 'sbuild-build-depends-core-dummy' in '/<<BUILDDIR>>/resolver-xS5rTq/apt_archive/sbuild-build-depends-core-dummy.deb'.
dpkg-scanpackages: warning: Packages in archive but missing from override file:
dpkg-scanpackages: warning:   sbuild-build-depends-core-dummy
dpkg-scanpackages: info: Wrote 1 entries to output Packages file.
Ign:1 copy:/<<BUILDDIR>>/resolver-xS5rTq/apt_archive ./ InRelease
Get:2 copy:/<<BUILDDIR>>/resolver-xS5rTq/apt_archive ./ Release [957 B]
Ign:3 copy:/<<BUILDDIR>>/resolver-xS5rTq/apt_archive ./ Release.gpg
Get:4 copy:/<<BUILDDIR>>/resolver-xS5rTq/apt_archive ./ Sources [349 B]
Get:5 copy:/<<BUILDDIR>>/resolver-xS5rTq/apt_archive ./ Packages [433 B]
Fetched 1739 B in 0s (0 B/s)
Reading package lists...
W: No sandbox user '_apt' on the system, can not drop privileges
Reading package lists...

Install core build dependencies (apt-based resolver)
----------------------------------------------------

Installing build dependencies
Reading package lists...
Building dependency tree...
Reading state information...
The following NEW packages will be installed:
  sbuild-build-depends-core-dummy
0 upgraded, 1 newly installed, 0 to remove and 0 not upgraded.
Need to get 784 B of archives.
After this operation, 0 B of additional disk space will be used.
Get:1 copy:/<<BUILDDIR>>/resolver-xS5rTq/apt_archive ./ sbuild-build-depends-core-dummy 0.invalid.0 [784 B]
debconf: delaying package configuration, since apt-utils is not installed
Fetched 784 B in 0s (0 B/s)
Selecting previously unselected package sbuild-build-depends-core-dummy.
(Reading database ... 10086 files and directories currently installed.)
Preparing to unpack .../sbuild-build-depends-core-dummy_0.invalid.0_amd64.deb ...
Unpacking sbuild-build-depends-core-dummy (0.invalid.0) ...
Setting up sbuild-build-depends-core-dummy (0.invalid.0) ...
W: No sandbox user '_apt' on the system, can not drop privileges

+------------------------------------------------------------------------------+
| Check architectures                                                          |
+------------------------------------------------------------------------------+

Arch check ok (amd64 included in any all)

+------------------------------------------------------------------------------+
| Install package build dependencies                                           |
+------------------------------------------------------------------------------+


Setup apt archive
-----------------

Merged Build-Depends: debhelper (>= 9), doxygen, graphviz, libserd-dev (>= 0.24.0~dfsg0), libpcre++-dev, pkg-config, python
Filtered Build-Depends: debhelper (>= 9), doxygen, graphviz, libserd-dev (>= 0.24.0~dfsg0), libpcre++-dev, pkg-config, python
dpkg-deb: building package 'sbuild-build-depends-sord-dummy' in '/<<BUILDDIR>>/resolver-xS5rTq/apt_archive/sbuild-build-depends-sord-dummy.deb'.
dpkg-scanpackages: warning: Packages in archive but missing from override file:
dpkg-scanpackages: warning:   sbuild-build-depends-core-dummy sbuild-build-depends-sord-dummy
dpkg-scanpackages: info: Wrote 2 entries to output Packages file.
Ign:1 copy:/<<BUILDDIR>>/resolver-xS5rTq/apt_archive ./ InRelease
Get:2 copy:/<<BUILDDIR>>/resolver-xS5rTq/apt_archive ./ Release [963 B]
Ign:3 copy:/<<BUILDDIR>>/resolver-xS5rTq/apt_archive ./ Release.gpg
Get:4 copy:/<<BUILDDIR>>/resolver-xS5rTq/apt_archive ./ Sources [544 B]
Get:5 copy:/<<BUILDDIR>>/resolver-xS5rTq/apt_archive ./ Packages [626 B]
Fetched 2133 B in 0s (0 B/s)
Reading package lists...
W: No sandbox user '_apt' on the system, can not drop privileges
Reading package lists...

Install sord build dependencies (apt-based resolver)
----------------------------------------------------

Installing build dependencies
Reading package lists...
Building dependency tree...
Reading state information...
The following additional packages will be installed:
  autoconf automake autopoint autotools-dev bsdmainutils debhelper
  dh-autoreconf dh-strip-nondeterminism doxygen file fontconfig
  fontconfig-config fonts-dejavu-core gettext gettext-base graphviz groff-base
  intltool-debian libann0 libarchive-zip-perl libcairo2 libcdt5 libcgraph6
  libclang1-3.9 libcroco3 libdatrie1 libexpat1
  libfile-stripnondeterminism-perl libfontconfig1 libfreetype6 libgd3
  libglib2.0-0 libgraphite2-3 libgts-0.7-5 libgvc6 libgvpr2 libharfbuzz0b
  libice6 libicu57 libjbig0 libjpeg62-turbo libllvm3.9 libltdl7 libmagic-mgc
  libmagic1 libpango-1.0-0 libpangocairo-1.0-0 libpangoft2-1.0-0 libpathplan4
  libpcre++-dev libpcre++0v5 libpcre16-3 libpcre3-dev libpcre32-3
  libpcrecpp0v5 libpipeline1 libpixman-1-0 libpng16-16 libpython-stdlib
  libpython2.7-minimal libpython2.7-stdlib libreadline7 libserd-0-0
  libserd-dev libsigsegv2 libsm6 libsqlite3-0 libssl1.1 libthai-data libthai0
  libtiff5 libtimedate-perl libtool libunistring0 libwebp6 libx11-6
  libx11-data libxapian30 libxau6 libxaw7 libxcb-render0 libxcb-shm0 libxcb1
  libxdmcp6 libxdot4 libxext6 libxml2 libxmu6 libxpm4 libxrender1 libxt6
  lsb-base m4 man-db mime-support pkg-config po-debconf python python-minimal
  python2.7 python2.7-minimal readline-common ucf x11-common
Suggested packages:
  autoconf-archive gnu-standards autoconf-doc wamerican | wordlist whois
  vacation dh-make doxygen-latex doxygen-doc doxygen-gui gettext-doc
  libasprintf-dev libgettextpo-dev gsfonts graphviz-doc groff libgd-tools
  serdi libserd-doc libtool-doc gfortran | fortran95-compiler gcj-jdk
  xapian-tools m4-doc less www-browser libmail-box-perl python-doc python-tk
  python2.7-doc binfmt-support readline-doc
Recommended packages:
  curl | wget | lynx-cur fonts-liberation libglib2.0-data shared-mime-info
  xdg-user-dirs libgts-bin libltdl-dev xml-core libmail-sendmail-perl
The following NEW packages will be installed:
  autoconf automake autopoint autotools-dev bsdmainutils debhelper
  dh-autoreconf dh-strip-nondeterminism doxygen file fontconfig
  fontconfig-config fonts-dejavu-core gettext gettext-base graphviz groff-base
  intltool-debian libann0 libarchive-zip-perl libcairo2 libcdt5 libcgraph6
  libclang1-3.9 libcroco3 libdatrie1 libexpat1
  libfile-stripnondeterminism-perl libfontconfig1 libfreetype6 libgd3
  libglib2.0-0 libgraphite2-3 libgts-0.7-5 libgvc6 libgvpr2 libharfbuzz0b
  libice6 libicu57 libjbig0 libjpeg62-turbo libllvm3.9 libltdl7 libmagic-mgc
  libmagic1 libpango-1.0-0 libpangocairo-1.0-0 libpangoft2-1.0-0 libpathplan4
  libpcre++-dev libpcre++0v5 libpcre16-3 libpcre3-dev libpcre32-3
  libpcrecpp0v5 libpipeline1 libpixman-1-0 libpng16-16 libpython-stdlib
  libpython2.7-minimal libpython2.7-stdlib libreadline7 libserd-0-0
  libserd-dev libsigsegv2 libsm6 libsqlite3-0 libssl1.1 libthai-data libthai0
  libtiff5 libtimedate-perl libtool libunistring0 libwebp6 libx11-6
  libx11-data libxapian30 libxau6 libxaw7 libxcb-render0 libxcb-shm0 libxcb1
  libxdmcp6 libxdot4 libxext6 libxml2 libxmu6 libxpm4 libxrender1 libxt6
  lsb-base m4 man-db mime-support pkg-config po-debconf python python-minimal
  python2.7 python2.7-minimal readline-common sbuild-build-depends-sord-dummy
  ucf x11-common
0 upgraded, 105 newly installed, 0 to remove and 0 not upgraded.
Need to get 61.6 MB of archives.
After this operation, 216 MB of additional disk space will be used.
Get:1 copy:/<<BUILDDIR>>/resolver-xS5rTq/apt_archive ./ sbuild-build-depends-sord-dummy 0.invalid.0 [840 B]
Get:2 http://127.0.0.1:9999/debian unstable/main amd64 groff-base amd64 1.22.3-9 [1160 kB]
Get:3 http://127.0.0.1:9999/debian unstable/main amd64 bsdmainutils amd64 9.0.12 [185 kB]
Get:4 http://127.0.0.1:9999/debian unstable/main amd64 libpipeline1 amd64 1.4.1-2 [27.6 kB]
Get:5 http://127.0.0.1:9999/debian unstable/main amd64 man-db amd64 2.7.6.1-2 [1044 kB]
Get:6 http://127.0.0.1:9999/debian unstable/main amd64 libpython2.7-minimal amd64 2.7.13-2 [389 kB]
Get:7 http://127.0.0.1:9999/debian unstable/main amd64 python2.7-minimal amd64 2.7.13-2 [1383 kB]
Get:8 http://127.0.0.1:9999/debian unstable/main amd64 python-minimal amd64 2.7.13-2 [40.5 kB]
Get:9 http://127.0.0.1:9999/debian unstable/main amd64 mime-support all 3.60 [36.7 kB]
Get:10 http://127.0.0.1:9999/debian unstable/main amd64 libexpat1 amd64 2.2.0-2 [83.3 kB]
Get:11 http://127.0.0.1:9999/debian unstable/main amd64 readline-common all 7.0-2 [70.4 kB]
Get:12 http://127.0.0.1:9999/debian unstable/main amd64 libreadline7 amd64 7.0-2 [151 kB]
Get:13 http://127.0.0.1:9999/debian unstable/main amd64 libsqlite3-0 amd64 3.16.2-3 [572 kB]
Get:14 http://127.0.0.1:9999/debian unstable/main amd64 libssl1.1 amd64 1.1.0e-1 [1341 kB]
Get:15 http://127.0.0.1:9999/debian unstable/main amd64 libpython2.7-stdlib amd64 2.7.13-2 [1895 kB]
Get:16 http://127.0.0.1:9999/debian unstable/main amd64 python2.7 amd64 2.7.13-2 [285 kB]
Get:17 http://127.0.0.1:9999/debian unstable/main amd64 libpython-stdlib amd64 2.7.13-2 [20.0 kB]
Get:18 http://127.0.0.1:9999/debian unstable/main amd64 python amd64 2.7.13-2 [154 kB]
Get:19 http://127.0.0.1:9999/debian unstable/main amd64 libpng16-16 amd64 1.6.28-1 [280 kB]
Get:20 http://127.0.0.1:9999/debian unstable/main amd64 libfreetype6 amd64 2.6.3-3+b2 [437 kB]
Get:21 http://127.0.0.1:9999/debian unstable/main amd64 ucf all 3.0036 [70.2 kB]
Get:22 http://127.0.0.1:9999/debian unstable/main amd64 fonts-dejavu-core all 2.37-1 [1068 kB]
Get:23 http://127.0.0.1:9999/debian unstable/main amd64 fontconfig-config all 2.11.0-6.7 [271 kB]
Get:24 http://127.0.0.1:9999/debian unstable/main amd64 libfontconfig1 amd64 2.11.0-6.7+b1 [331 kB]
Get:25 http://127.0.0.1:9999/debian unstable/main amd64 fontconfig amd64 2.11.0-6.7+b1 [404 kB]
Get:26 http://127.0.0.1:9999/debian unstable/main amd64 lsb-base all 9.20161125 [27.9 kB]
Get:27 http://127.0.0.1:9999/debian unstable/main amd64 x11-common all 1:7.7+18 [251 kB]
Get:28 http://127.0.0.1:9999/debian unstable/main amd64 libice6 amd64 2:1.0.9-1+b1 [58.8 kB]
Get:29 http://127.0.0.1:9999/debian unstable/main amd64 libpcrecpp0v5 amd64 2:8.39-2.1 [151 kB]
Get:30 http://127.0.0.1:9999/debian unstable/main amd64 libsm6 amd64 2:1.2.2-1+b1 [33.6 kB]
Get:31 http://127.0.0.1:9999/debian unstable/main amd64 libxau6 amd64 1:1.0.8-1 [20.7 kB]
Get:32 http://127.0.0.1:9999/debian unstable/main amd64 libxdmcp6 amd64 1:1.1.2-1.1 [26.2 kB]
Get:33 http://127.0.0.1:9999/debian unstable/main amd64 libxcb1 amd64 1.12-1 [133 kB]
Get:34 http://127.0.0.1:9999/debian unstable/main amd64 libx11-data all 2:1.6.4-3 [290 kB]
Get:35 http://127.0.0.1:9999/debian unstable/main amd64 libx11-6 amd64 2:1.6.4-3 [747 kB]
Get:36 http://127.0.0.1:9999/debian unstable/main amd64 libxext6 amd64 2:1.3.3-1 [52.7 kB]
Get:37 http://127.0.0.1:9999/debian unstable/main amd64 libxapian30 amd64 1.4.3-1 [1067 kB]
Get:38 http://127.0.0.1:9999/debian unstable/main amd64 libmagic-mgc amd64 1:5.29-3 [221 kB]
Get:39 http://127.0.0.1:9999/debian unstable/main amd64 libmagic1 amd64 1:5.29-3 [110 kB]
Get:40 http://127.0.0.1:9999/debian unstable/main amd64 file amd64 1:5.29-3 [63.7 kB]
Get:41 http://127.0.0.1:9999/debian unstable/main amd64 gettext-base amd64 0.19.8.1-2 [121 kB]
Get:42 http://127.0.0.1:9999/debian unstable/main amd64 libicu57 amd64 57.1-5 [7700 kB]
Get:43 http://127.0.0.1:9999/debian unstable/main amd64 libxml2 amd64 2.9.4+dfsg1-2.2 [919 kB]
Get:44 http://127.0.0.1:9999/debian unstable/main amd64 libsigsegv2 amd64 2.10-5 [28.9 kB]
Get:45 http://127.0.0.1:9999/debian unstable/main amd64 m4 amd64 1.4.18-1 [202 kB]
Get:46 http://127.0.0.1:9999/debian unstable/main amd64 autoconf all 2.69-10 [338 kB]
Get:47 http://127.0.0.1:9999/debian unstable/main amd64 autotools-dev all 20161112.1 [73.4 kB]
Get:48 http://127.0.0.1:9999/debian unstable/main amd64 automake all 1:1.15-6 [733 kB]
Get:49 http://127.0.0.1:9999/debian unstable/main amd64 autopoint all 0.19.8.1-2 [433 kB]
Get:50 http://127.0.0.1:9999/debian unstable/main amd64 libtool all 2.4.6-2 [545 kB]
Get:51 http://127.0.0.1:9999/debian unstable/main amd64 dh-autoreconf all 13 [15.8 kB]
Get:52 http://127.0.0.1:9999/debian unstable/main amd64 libarchive-zip-perl all 1.59-1 [95.5 kB]
Get:53 http://127.0.0.1:9999/debian unstable/main amd64 libfile-stripnondeterminism-perl all 0.031-1 [15.7 kB]
Get:54 http://127.0.0.1:9999/debian unstable/main amd64 libtimedate-perl all 2.3000-2 [42.2 kB]
Get:55 http://127.0.0.1:9999/debian unstable/main amd64 dh-strip-nondeterminism all 0.031-1 [9736 B]
Get:56 http://127.0.0.1:9999/debian unstable/main amd64 libglib2.0-0 amd64 2.50.3-1 [2691 kB]
Get:57 http://127.0.0.1:9999/debian unstable/main amd64 libcroco3 amd64 0.6.11-2 [143 kB]
Get:58 http://127.0.0.1:9999/debian unstable/main amd64 libunistring0 amd64 0.9.6+really0.9.3-0.1 [279 kB]
Get:59 http://127.0.0.1:9999/debian unstable/main amd64 gettext amd64 0.19.8.1-2 [1495 kB]
Get:60 http://127.0.0.1:9999/debian unstable/main amd64 intltool-debian all 0.35.0+20060710.4 [26.3 kB]
Get:61 http://127.0.0.1:9999/debian unstable/main amd64 po-debconf all 1.0.20 [247 kB]
Get:62 http://127.0.0.1:9999/debian unstable/main amd64 debhelper all 10.2.5 [961 kB]
Get:63 http://127.0.0.1:9999/debian unstable/main amd64 libllvm3.9 amd64 1:3.9.1-4 [11.3 MB]
Get:64 http://127.0.0.1:9999/debian unstable/main amd64 libclang1-3.9 amd64 1:3.9.1-4 [5870 kB]
Get:65 http://127.0.0.1:9999/debian unstable/main amd64 doxygen amd64 1.8.13-4 [4067 kB]
Get:66 http://127.0.0.1:9999/debian unstable/main amd64 libann0 amd64 1.1.2+doc-6 [24.9 kB]
Get:67 http://127.0.0.1:9999/debian unstable/main amd64 libcdt5 amd64 2.38.0-17 [59.6 kB]
Get:68 http://127.0.0.1:9999/debian unstable/main amd64 libcgraph6 amd64 2.38.0-17 [82.2 kB]
Get:69 http://127.0.0.1:9999/debian unstable/main amd64 libjpeg62-turbo amd64 1:1.5.1-2 [134 kB]
Get:70 http://127.0.0.1:9999/debian unstable/main amd64 libjbig0 amd64 2.1-3.1+b2 [31.0 kB]
Get:71 http://127.0.0.1:9999/debian unstable/main amd64 libtiff5 amd64 4.0.7-5 [230 kB]
Get:72 http://127.0.0.1:9999/debian unstable/main amd64 libwebp6 amd64 0.5.2-1 [235 kB]
Get:73 http://127.0.0.1:9999/debian unstable/main amd64 libxpm4 amd64 1:3.5.12-1 [49.1 kB]
Get:74 http://127.0.0.1:9999/debian unstable/main amd64 libgd3 amd64 2.2.4-2 [132 kB]
Get:75 http://127.0.0.1:9999/debian unstable/main amd64 libgts-0.7-5 amd64 0.7.6+darcs121130-4 [158 kB]
Get:76 http://127.0.0.1:9999/debian unstable/main amd64 libpixman-1-0 amd64 0.34.0-1 [530 kB]
Get:77 http://127.0.0.1:9999/debian unstable/main amd64 libxcb-render0 amd64 1.12-1 [105 kB]
Get:78 http://127.0.0.1:9999/debian unstable/main amd64 libxcb-shm0 amd64 1.12-1 [95.9 kB]
Get:79 http://127.0.0.1:9999/debian unstable/main amd64 libxrender1 amd64 1:0.9.10-1 [33.0 kB]
Get:80 http://127.0.0.1:9999/debian unstable/main amd64 libcairo2 amd64 1.14.8-1 [771 kB]
Get:81 http://127.0.0.1:9999/debian unstable/main amd64 libltdl7 amd64 2.4.6-2 [389 kB]
Get:82 http://127.0.0.1:9999/debian unstable/main amd64 libthai-data all 0.1.26-1 [166 kB]
Get:83 http://127.0.0.1:9999/debian unstable/main amd64 libdatrie1 amd64 0.2.10-4+b1 [36.4 kB]
Get:84 http://127.0.0.1:9999/debian unstable/main amd64 libthai0 amd64 0.1.26-1 [52.1 kB]
Get:85 http://127.0.0.1:9999/debian unstable/main amd64 libpango-1.0-0 amd64 1.40.3-3 [314 kB]
Get:86 http://127.0.0.1:9999/debian unstable/main amd64 libgraphite2-3 amd64 1.3.9-4 [83.8 kB]
Get:87 http://127.0.0.1:9999/debian unstable/main amd64 libharfbuzz0b amd64 1.4.2-1 [671 kB]
Get:88 http://127.0.0.1:9999/debian unstable/main amd64 libpangoft2-1.0-0 amd64 1.40.3-3 [200 kB]
Get:89 http://127.0.0.1:9999/debian unstable/main amd64 libpangocairo-1.0-0 amd64 1.40.3-3 [188 kB]
Get:90 http://127.0.0.1:9999/debian unstable/main amd64 libpathplan4 amd64 2.38.0-17 [62.8 kB]
Get:91 http://127.0.0.1:9999/debian unstable/main amd64 libxdot4 amd64 2.38.0-17 [55.6 kB]
Get:92 http://127.0.0.1:9999/debian unstable/main amd64 libgvc6 amd64 2.38.0-17 [639 kB]
Get:93 http://127.0.0.1:9999/debian unstable/main amd64 libgvpr2 amd64 2.38.0-17 [211 kB]
Get:94 http://127.0.0.1:9999/debian unstable/main amd64 libxt6 amd64 1:1.1.5-1 [188 kB]
Get:95 http://127.0.0.1:9999/debian unstable/main amd64 libxmu6 amd64 2:1.1.2-2 [60.3 kB]
Get:96 http://127.0.0.1:9999/debian unstable/main amd64 libxaw7 amd64 2:1.0.13-1 [200 kB]
Get:97 http://127.0.0.1:9999/debian unstable/main amd64 graphviz amd64 2.38.0-17 [802 kB]
Get:98 http://127.0.0.1:9999/debian unstable/main amd64 libpcre16-3 amd64 2:8.39-2.1 [258 kB]
Get:99 http://127.0.0.1:9999/debian unstable/main amd64 libpcre32-3 amd64 2:8.39-2.1 [249 kB]
Get:100 http://127.0.0.1:9999/debian unstable/main amd64 libpcre3-dev amd64 2:8.39-2.1 [645 kB]
Get:101 http://127.0.0.1:9999/debian unstable/main amd64 libserd-0-0 amd64 0.26.0~dfsg0-1 [45.3 kB]
Get:102 http://127.0.0.1:9999/debian unstable/main amd64 libserd-dev amd64 0.26.0~dfsg0-1 [14.4 kB]
Get:103 http://127.0.0.1:9999/debian unstable/main amd64 pkg-config amd64 0.29-4 [62.5 kB]
Get:104 http://127.0.0.1:9999/debian unstable/main amd64 libpcre++0v5 amd64 0.9.5-6.1 [18.3 kB]
Get:105 http://127.0.0.1:9999/debian unstable/main amd64 libpcre++-dev amd64 0.9.5-6.1 [52.8 kB]
debconf: delaying package configuration, since apt-utils is not installed
Fetched 61.6 MB in 0s (85.7 MB/s)
Selecting previously unselected package groff-base.
(Reading database ... 10086 files and directories currently installed.)
Preparing to unpack .../00-groff-base_1.22.3-9_amd64.deb ...
Unpacking groff-base (1.22.3-9) ...
Selecting previously unselected package bsdmainutils.
Preparing to unpack .../01-bsdmainutils_9.0.12_amd64.deb ...
Unpacking bsdmainutils (9.0.12) ...
Selecting previously unselected package libpipeline1:amd64.
Preparing to unpack .../02-libpipeline1_1.4.1-2_amd64.deb ...
Unpacking libpipeline1:amd64 (1.4.1-2) ...
Selecting previously unselected package man-db.
Preparing to unpack .../03-man-db_2.7.6.1-2_amd64.deb ...
Unpacking man-db (2.7.6.1-2) ...
Selecting previously unselected package libpython2.7-minimal:amd64.
Preparing to unpack .../04-libpython2.7-minimal_2.7.13-2_amd64.deb ...
Unpacking libpython2.7-minimal:amd64 (2.7.13-2) ...
Selecting previously unselected package python2.7-minimal.
Preparing to unpack .../05-python2.7-minimal_2.7.13-2_amd64.deb ...
Unpacking python2.7-minimal (2.7.13-2) ...
Selecting previously unselected package python-minimal.
Preparing to unpack .../06-python-minimal_2.7.13-2_amd64.deb ...
Unpacking python-minimal (2.7.13-2) ...
Selecting previously unselected package mime-support.
Preparing to unpack .../07-mime-support_3.60_all.deb ...
Unpacking mime-support (3.60) ...
Selecting previously unselected package libexpat1:amd64.
Preparing to unpack .../08-libexpat1_2.2.0-2_amd64.deb ...
Unpacking libexpat1:amd64 (2.2.0-2) ...
Selecting previously unselected package readline-common.
Preparing to unpack .../09-readline-common_7.0-2_all.deb ...
Unpacking readline-common (7.0-2) ...
Selecting previously unselected package libreadline7:amd64.
Preparing to unpack .../10-libreadline7_7.0-2_amd64.deb ...
Unpacking libreadline7:amd64 (7.0-2) ...
Selecting previously unselected package libsqlite3-0:amd64.
Preparing to unpack .../11-libsqlite3-0_3.16.2-3_amd64.deb ...
Unpacking libsqlite3-0:amd64 (3.16.2-3) ...
Selecting previously unselected package libssl1.1:amd64.
Preparing to unpack .../12-libssl1.1_1.1.0e-1_amd64.deb ...
Unpacking libssl1.1:amd64 (1.1.0e-1) ...
Selecting previously unselected package libpython2.7-stdlib:amd64.
Preparing to unpack .../13-libpython2.7-stdlib_2.7.13-2_amd64.deb ...
Unpacking libpython2.7-stdlib:amd64 (2.7.13-2) ...
Selecting previously unselected package python2.7.
Preparing to unpack .../14-python2.7_2.7.13-2_amd64.deb ...
Unpacking python2.7 (2.7.13-2) ...
Selecting previously unselected package libpython-stdlib:amd64.
Preparing to unpack .../15-libpython-stdlib_2.7.13-2_amd64.deb ...
Unpacking libpython-stdlib:amd64 (2.7.13-2) ...
Setting up libpython2.7-minimal:amd64 (2.7.13-2) ...
Setting up python2.7-minimal (2.7.13-2) ...
Setting up python-minimal (2.7.13-2) ...
Selecting previously unselected package python.
(Reading database ... 11466 files and directories currently installed.)
Preparing to unpack .../00-python_2.7.13-2_amd64.deb ...
Unpacking python (2.7.13-2) ...
Selecting previously unselected package libpng16-16:amd64.
Preparing to unpack .../01-libpng16-16_1.6.28-1_amd64.deb ...
Unpacking libpng16-16:amd64 (1.6.28-1) ...
Selecting previously unselected package libfreetype6:amd64.
Preparing to unpack .../02-libfreetype6_2.6.3-3+b2_amd64.deb ...
Unpacking libfreetype6:amd64 (2.6.3-3+b2) ...
Selecting previously unselected package ucf.
Preparing to unpack .../03-ucf_3.0036_all.deb ...
Moving old data out of the way
Unpacking ucf (3.0036) ...
Selecting previously unselected package fonts-dejavu-core.
Preparing to unpack .../04-fonts-dejavu-core_2.37-1_all.deb ...
Unpacking fonts-dejavu-core (2.37-1) ...
Selecting previously unselected package fontconfig-config.
Preparing to unpack .../05-fontconfig-config_2.11.0-6.7_all.deb ...
Unpacking fontconfig-config (2.11.0-6.7) ...
Selecting previously unselected package libfontconfig1:amd64.
Preparing to unpack .../06-libfontconfig1_2.11.0-6.7+b1_amd64.deb ...
Unpacking libfontconfig1:amd64 (2.11.0-6.7+b1) ...
Selecting previously unselected package fontconfig.
Preparing to unpack .../07-fontconfig_2.11.0-6.7+b1_amd64.deb ...
Unpacking fontconfig (2.11.0-6.7+b1) ...
Selecting previously unselected package lsb-base.
Preparing to unpack .../08-lsb-base_9.20161125_all.deb ...
Unpacking lsb-base (9.20161125) ...
Selecting previously unselected package x11-common.
Preparing to unpack .../09-x11-common_1%3a7.7+18_all.deb ...
Unpacking x11-common (1:7.7+18) ...
Selecting previously unselected package libice6:amd64.
Preparing to unpack .../10-libice6_2%3a1.0.9-1+b1_amd64.deb ...
Unpacking libice6:amd64 (2:1.0.9-1+b1) ...
Selecting previously unselected package libpcrecpp0v5:amd64.
Preparing to unpack .../11-libpcrecpp0v5_2%3a8.39-2.1_amd64.deb ...
Unpacking libpcrecpp0v5:amd64 (2:8.39-2.1) ...
Selecting previously unselected package libsm6:amd64.
Preparing to unpack .../12-libsm6_2%3a1.2.2-1+b1_amd64.deb ...
Unpacking libsm6:amd64 (2:1.2.2-1+b1) ...
Selecting previously unselected package libxau6:amd64.
Preparing to unpack .../13-libxau6_1%3a1.0.8-1_amd64.deb ...
Unpacking libxau6:amd64 (1:1.0.8-1) ...
Selecting previously unselected package libxdmcp6:amd64.
Preparing to unpack .../14-libxdmcp6_1%3a1.1.2-1.1_amd64.deb ...
Unpacking libxdmcp6:amd64 (1:1.1.2-1.1) ...
Selecting previously unselected package libxcb1:amd64.
Preparing to unpack .../15-libxcb1_1.12-1_amd64.deb ...
Unpacking libxcb1:amd64 (1.12-1) ...
Selecting previously unselected package libx11-data.
Preparing to unpack .../16-libx11-data_2%3a1.6.4-3_all.deb ...
Unpacking libx11-data (2:1.6.4-3) ...
Selecting previously unselected package libx11-6:amd64.
Preparing to unpack .../17-libx11-6_2%3a1.6.4-3_amd64.deb ...
Unpacking libx11-6:amd64 (2:1.6.4-3) ...
Selecting previously unselected package libxext6:amd64.
Preparing to unpack .../18-libxext6_2%3a1.3.3-1_amd64.deb ...
Unpacking libxext6:amd64 (2:1.3.3-1) ...
Selecting previously unselected package libxapian30:amd64.
Preparing to unpack .../19-libxapian30_1.4.3-1_amd64.deb ...
Unpacking libxapian30:amd64 (1.4.3-1) ...
Selecting previously unselected package libmagic-mgc.
Preparing to unpack .../20-libmagic-mgc_1%3a5.29-3_amd64.deb ...
Unpacking libmagic-mgc (1:5.29-3) ...
Selecting previously unselected package libmagic1:amd64.
Preparing to unpack .../21-libmagic1_1%3a5.29-3_amd64.deb ...
Unpacking libmagic1:amd64 (1:5.29-3) ...
Selecting previously unselected package file.
Preparing to unpack .../22-file_1%3a5.29-3_amd64.deb ...
Unpacking file (1:5.29-3) ...
Selecting previously unselected package gettext-base.
Preparing to unpack .../23-gettext-base_0.19.8.1-2_amd64.deb ...
Unpacking gettext-base (0.19.8.1-2) ...
Selecting previously unselected package libicu57:amd64.
Preparing to unpack .../24-libicu57_57.1-5_amd64.deb ...
Unpacking libicu57:amd64 (57.1-5) ...
Selecting previously unselected package libxml2:amd64.
Preparing to unpack .../25-libxml2_2.9.4+dfsg1-2.2_amd64.deb ...
Unpacking libxml2:amd64 (2.9.4+dfsg1-2.2) ...
Selecting previously unselected package libsigsegv2:amd64.
Preparing to unpack .../26-libsigsegv2_2.10-5_amd64.deb ...
Unpacking libsigsegv2:amd64 (2.10-5) ...
Selecting previously unselected package m4.
Preparing to unpack .../27-m4_1.4.18-1_amd64.deb ...
Unpacking m4 (1.4.18-1) ...
Selecting previously unselected package autoconf.
Preparing to unpack .../28-autoconf_2.69-10_all.deb ...
Unpacking autoconf (2.69-10) ...
Selecting previously unselected package autotools-dev.
Preparing to unpack .../29-autotools-dev_20161112.1_all.deb ...
Unpacking autotools-dev (20161112.1) ...
Selecting previously unselected package automake.
Preparing to unpack .../30-automake_1%3a1.15-6_all.deb ...
Unpacking automake (1:1.15-6) ...
Selecting previously unselected package autopoint.
Preparing to unpack .../31-autopoint_0.19.8.1-2_all.deb ...
Unpacking autopoint (0.19.8.1-2) ...
Selecting previously unselected package libtool.
Preparing to unpack .../32-libtool_2.4.6-2_all.deb ...
Unpacking libtool (2.4.6-2) ...
Selecting previously unselected package dh-autoreconf.
Preparing to unpack .../33-dh-autoreconf_13_all.deb ...
Unpacking dh-autoreconf (13) ...
Selecting previously unselected package libarchive-zip-perl.
Preparing to unpack .../34-libarchive-zip-perl_1.59-1_all.deb ...
Unpacking libarchive-zip-perl (1.59-1) ...
Selecting previously unselected package libfile-stripnondeterminism-perl.
Preparing to unpack .../35-libfile-stripnondeterminism-perl_0.031-1_all.deb ...
Unpacking libfile-stripnondeterminism-perl (0.031-1) ...
Selecting previously unselected package libtimedate-perl.
Preparing to unpack .../36-libtimedate-perl_2.3000-2_all.deb ...
Unpacking libtimedate-perl (2.3000-2) ...
Selecting previously unselected package dh-strip-nondeterminism.
Preparing to unpack .../37-dh-strip-nondeterminism_0.031-1_all.deb ...
Unpacking dh-strip-nondeterminism (0.031-1) ...
Selecting previously unselected package libglib2.0-0:amd64.
Preparing to unpack .../38-libglib2.0-0_2.50.3-1_amd64.deb ...
Unpacking libglib2.0-0:amd64 (2.50.3-1) ...
Selecting previously unselected package libcroco3:amd64.
Preparing to unpack .../39-libcroco3_0.6.11-2_amd64.deb ...
Unpacking libcroco3:amd64 (0.6.11-2) ...
Selecting previously unselected package libunistring0:amd64.
Preparing to unpack .../40-libunistring0_0.9.6+really0.9.3-0.1_amd64.deb ...
Unpacking libunistring0:amd64 (0.9.6+really0.9.3-0.1) ...
Selecting previously unselected package gettext.
Preparing to unpack .../41-gettext_0.19.8.1-2_amd64.deb ...
Unpacking gettext (0.19.8.1-2) ...
Selecting previously unselected package intltool-debian.
Preparing to unpack .../42-intltool-debian_0.35.0+20060710.4_all.deb ...
Unpacking intltool-debian (0.35.0+20060710.4) ...
Selecting previously unselected package po-debconf.
Preparing to unpack .../43-po-debconf_1.0.20_all.deb ...
Unpacking po-debconf (1.0.20) ...
Selecting previously unselected package debhelper.
Preparing to unpack .../44-debhelper_10.2.5_all.deb ...
Unpacking debhelper (10.2.5) ...
Selecting previously unselected package libllvm3.9:amd64.
Preparing to unpack .../45-libllvm3.9_1%3a3.9.1-4_amd64.deb ...
Unpacking libllvm3.9:amd64 (1:3.9.1-4) ...
Selecting previously unselected package libclang1-3.9:amd64.
Preparing to unpack .../46-libclang1-3.9_1%3a3.9.1-4_amd64.deb ...
Unpacking libclang1-3.9:amd64 (1:3.9.1-4) ...
Selecting previously unselected package doxygen.
Preparing to unpack .../47-doxygen_1.8.13-4_amd64.deb ...
Unpacking doxygen (1.8.13-4) ...
Selecting previously unselected package libann0.
Preparing to unpack .../48-libann0_1.1.2+doc-6_amd64.deb ...
Unpacking libann0 (1.1.2+doc-6) ...
Selecting previously unselected package libcdt5.
Preparing to unpack .../49-libcdt5_2.38.0-17_amd64.deb ...
Unpacking libcdt5 (2.38.0-17) ...
Selecting previously unselected package libcgraph6.
Preparing to unpack .../50-libcgraph6_2.38.0-17_amd64.deb ...
Unpacking libcgraph6 (2.38.0-17) ...
Selecting previously unselected package libjpeg62-turbo:amd64.
Preparing to unpack .../51-libjpeg62-turbo_1%3a1.5.1-2_amd64.deb ...
Unpacking libjpeg62-turbo:amd64 (1:1.5.1-2) ...
Selecting previously unselected package libjbig0:amd64.
Preparing to unpack .../52-libjbig0_2.1-3.1+b2_amd64.deb ...
Unpacking libjbig0:amd64 (2.1-3.1+b2) ...
Selecting previously unselected package libtiff5:amd64.
Preparing to unpack .../53-libtiff5_4.0.7-5_amd64.deb ...
Unpacking libtiff5:amd64 (4.0.7-5) ...
Selecting previously unselected package libwebp6:amd64.
Preparing to unpack .../54-libwebp6_0.5.2-1_amd64.deb ...
Unpacking libwebp6:amd64 (0.5.2-1) ...
Selecting previously unselected package libxpm4:amd64.
Preparing to unpack .../55-libxpm4_1%3a3.5.12-1_amd64.deb ...
Unpacking libxpm4:amd64 (1:3.5.12-1) ...
Selecting previously unselected package libgd3:amd64.
Preparing to unpack .../56-libgd3_2.2.4-2_amd64.deb ...
Unpacking libgd3:amd64 (2.2.4-2) ...
Selecting previously unselected package libgts-0.7-5:amd64.
Preparing to unpack .../57-libgts-0.7-5_0.7.6+darcs121130-4_amd64.deb ...
Unpacking libgts-0.7-5:amd64 (0.7.6+darcs121130-4) ...
Selecting previously unselected package libpixman-1-0:amd64.
Preparing to unpack .../58-libpixman-1-0_0.34.0-1_amd64.deb ...
Unpacking libpixman-1-0:amd64 (0.34.0-1) ...
Selecting previously unselected package libxcb-render0:amd64.
Preparing to unpack .../59-libxcb-render0_1.12-1_amd64.deb ...
Unpacking libxcb-render0:amd64 (1.12-1) ...
Selecting previously unselected package libxcb-shm0:amd64.
Preparing to unpack .../60-libxcb-shm0_1.12-1_amd64.deb ...
Unpacking libxcb-shm0:amd64 (1.12-1) ...
Selecting previously unselected package libxrender1:amd64.
Preparing to unpack .../61-libxrender1_1%3a0.9.10-1_amd64.deb ...
Unpacking libxrender1:amd64 (1:0.9.10-1) ...
Selecting previously unselected package libcairo2:amd64.
Preparing to unpack .../62-libcairo2_1.14.8-1_amd64.deb ...
Unpacking libcairo2:amd64 (1.14.8-1) ...
Selecting previously unselected package libltdl7:amd64.
Preparing to unpack .../63-libltdl7_2.4.6-2_amd64.deb ...
Unpacking libltdl7:amd64 (2.4.6-2) ...
Selecting previously unselected package libthai-data.
Preparing to unpack .../64-libthai-data_0.1.26-1_all.deb ...
Unpacking libthai-data (0.1.26-1) ...
Selecting previously unselected package libdatrie1:amd64.
Preparing to unpack .../65-libdatrie1_0.2.10-4+b1_amd64.deb ...
Unpacking libdatrie1:amd64 (0.2.10-4+b1) ...
Selecting previously unselected package libthai0:amd64.
Preparing to unpack .../66-libthai0_0.1.26-1_amd64.deb ...
Unpacking libthai0:amd64 (0.1.26-1) ...
Selecting previously unselected package libpango-1.0-0:amd64.
Preparing to unpack .../67-libpango-1.0-0_1.40.3-3_amd64.deb ...
Unpacking libpango-1.0-0:amd64 (1.40.3-3) ...
Selecting previously unselected package libgraphite2-3:amd64.
Preparing to unpack .../68-libgraphite2-3_1.3.9-4_amd64.deb ...
Unpacking libgraphite2-3:amd64 (1.3.9-4) ...
Selecting previously unselected package libharfbuzz0b:amd64.
Preparing to unpack .../69-libharfbuzz0b_1.4.2-1_amd64.deb ...
Unpacking libharfbuzz0b:amd64 (1.4.2-1) ...
Selecting previously unselected package libpangoft2-1.0-0:amd64.
Preparing to unpack .../70-libpangoft2-1.0-0_1.40.3-3_amd64.deb ...
Unpacking libpangoft2-1.0-0:amd64 (1.40.3-3) ...
Selecting previously unselected package libpangocairo-1.0-0:amd64.
Preparing to unpack .../71-libpangocairo-1.0-0_1.40.3-3_amd64.deb ...
Unpacking libpangocairo-1.0-0:amd64 (1.40.3-3) ...
Selecting previously unselected package libpathplan4.
Preparing to unpack .../72-libpathplan4_2.38.0-17_amd64.deb ...
Unpacking libpathplan4 (2.38.0-17) ...
Selecting previously unselected package libxdot4.
Preparing to unpack .../73-libxdot4_2.38.0-17_amd64.deb ...
Unpacking libxdot4 (2.38.0-17) ...
Selecting previously unselected package libgvc6.
Preparing to unpack .../74-libgvc6_2.38.0-17_amd64.deb ...
Unpacking libgvc6 (2.38.0-17) ...
Selecting previously unselected package libgvpr2.
Preparing to unpack .../75-libgvpr2_2.38.0-17_amd64.deb ...
Unpacking libgvpr2 (2.38.0-17) ...
Selecting previously unselected package libxt6:amd64.
Preparing to unpack .../76-libxt6_1%3a1.1.5-1_amd64.deb ...
Unpacking libxt6:amd64 (1:1.1.5-1) ...
Selecting previously unselected package libxmu6:amd64.
Preparing to unpack .../77-libxmu6_2%3a1.1.2-2_amd64.deb ...
Unpacking libxmu6:amd64 (2:1.1.2-2) ...
Selecting previously unselected package libxaw7:amd64.
Preparing to unpack .../78-libxaw7_2%3a1.0.13-1_amd64.deb ...
Unpacking libxaw7:amd64 (2:1.0.13-1) ...
Selecting previously unselected package graphviz.
Preparing to unpack .../79-graphviz_2.38.0-17_amd64.deb ...
Unpacking graphviz (2.38.0-17) ...
Selecting previously unselected package libpcre16-3:amd64.
Preparing to unpack .../80-libpcre16-3_2%3a8.39-2.1_amd64.deb ...
Unpacking libpcre16-3:amd64 (2:8.39-2.1) ...
Selecting previously unselected package libpcre32-3:amd64.
Preparing to unpack .../81-libpcre32-3_2%3a8.39-2.1_amd64.deb ...
Unpacking libpcre32-3:amd64 (2:8.39-2.1) ...
Selecting previously unselected package libpcre3-dev:amd64.
Preparing to unpack .../82-libpcre3-dev_2%3a8.39-2.1_amd64.deb ...
Unpacking libpcre3-dev:amd64 (2:8.39-2.1) ...
Selecting previously unselected package libserd-0-0:amd64.
Preparing to unpack .../83-libserd-0-0_0.26.0~dfsg0-1_amd64.deb ...
Unpacking libserd-0-0:amd64 (0.26.0~dfsg0-1) ...
Selecting previously unselected package libserd-dev:amd64.
Preparing to unpack .../84-libserd-dev_0.26.0~dfsg0-1_amd64.deb ...
Unpacking libserd-dev:amd64 (0.26.0~dfsg0-1) ...
Selecting previously unselected package pkg-config.
Preparing to unpack .../85-pkg-config_0.29-4_amd64.deb ...
Unpacking pkg-config (0.29-4) ...
Selecting previously unselected package libpcre++0v5:amd64.
Preparing to unpack .../86-libpcre++0v5_0.9.5-6.1_amd64.deb ...
Unpacking libpcre++0v5:amd64 (0.9.5-6.1) ...
Selecting previously unselected package libpcre++-dev.
Preparing to unpack .../87-libpcre++-dev_0.9.5-6.1_amd64.deb ...
Unpacking libpcre++-dev (0.9.5-6.1) ...
Selecting previously unselected package sbuild-build-depends-sord-dummy.
Preparing to unpack .../88-sbuild-build-depends-sord-dummy_0.invalid.0_amd64.deb ...
Unpacking sbuild-build-depends-sord-dummy (0.invalid.0) ...
Setting up readline-common (7.0-2) ...
Setting up libxapian30:amd64 (1.4.3-1) ...
Setting up libpcre++0v5:amd64 (0.9.5-6.1) ...
Setting up libpathplan4 (2.38.0-17) ...
Setting up libexpat1:amd64 (2.2.0-2) ...
Setting up libxdot4 (2.38.0-17) ...
Setting up libjpeg62-turbo:amd64 (1:1.5.1-2) ...
Setting up libarchive-zip-perl (1.59-1) ...
Setting up mime-support (3.60) ...
Setting up libpng16-16:amd64 (1.6.28-1) ...
Setting up libtimedate-perl (2.3000-2) ...
Setting up libjbig0:amd64 (2.1-3.1+b2) ...
Setting up libsigsegv2:amd64 (2.10-5) ...
Setting up fonts-dejavu-core (2.37-1) ...
Setting up libreadline7:amd64 (7.0-2) ...
Setting up groff-base (1.22.3-9) ...
Setting up libglib2.0-0:amd64 (2.50.3-1) ...
No schema files found: doing nothing.
Setting up libllvm3.9:amd64 (1:3.9.1-4) ...
Setting up libdatrie1:amd64 (0.2.10-4+b1) ...
Setting up libtiff5:amd64 (4.0.7-5) ...
Setting up gettext-base (0.19.8.1-2) ...
Setting up libpipeline1:amd64 (1.4.1-2) ...
Setting up m4 (1.4.18-1) ...
Setting up libicu57:amd64 (57.1-5) ...
Setting up ucf (3.0036) ...
Setting up libxml2:amd64 (2.9.4+dfsg1-2.2) ...
Setting up libfreetype6:amd64 (2.6.3-3+b2) ...
Setting up libmagic-mgc (1:5.29-3) ...
Setting up libmagic1:amd64 (1:5.29-3) ...
Setting up lsb-base (9.20161125) ...
Setting up libgraphite2-3:amd64 (1.3.9-4) ...
Setting up libcroco3:amd64 (0.6.11-2) ...
Setting up pkg-config (0.29-4) ...
Setting up libpixman-1-0:amd64 (0.34.0-1) ...
Processing triggers for libc-bin (2.24-9) ...
Setting up autotools-dev (20161112.1) ...
Setting up libunistring0:amd64 (0.9.6+really0.9.3-0.1) ...
Setting up libclang1-3.9:amd64 (1:3.9.1-4) ...
Setting up libssl1.1:amd64 (1.1.0e-1) ...
Setting up libltdl7:amd64 (2.4.6-2) ...
Setting up libsqlite3-0:amd64 (3.16.2-3) ...
Setting up libann0 (1.1.2+doc-6) ...
Setting up libpcrecpp0v5:amd64 (2:8.39-2.1) ...
Setting up libpcre32-3:amd64 (2:8.39-2.1) ...
Setting up libpcre16-3:amd64 (2:8.39-2.1) ...
Setting up libthai-data (0.1.26-1) ...
Setting up libxdmcp6:amd64 (1:1.1.2-1.1) ...
Setting up bsdmainutils (9.0.12) ...
update-alternatives: using /usr/bin/bsd-write to provide /usr/bin/write (write) in auto mode
update-alternatives: using /usr/bin/bsd-from to provide /usr/bin/from (from) in auto mode
Setting up libserd-0-0:amd64 (0.26.0~dfsg0-1) ...
Setting up x11-common (1:7.7+18) ...
update-rc.d: warning: start and stop actions are no longer supported; falling back to defaults
invoke-rc.d: could not determine current runlevel
All runlevel operations denied by policy
invoke-rc.d: policy-rc.d denied execution of start.
Setting up libcdt5 (2.38.0-17) ...
Setting up libx11-data (2:1.6.4-3) ...
Setting up libpython2.7-stdlib:amd64 (2.7.13-2) ...
Setting up libxau6:amd64 (1:1.0.8-1) ...
Setting up autopoint (0.19.8.1-2) ...
Setting up libcgraph6 (2.38.0-17) ...
Setting up libwebp6:amd64 (0.5.2-1) ...
Setting up libfile-stripnondeterminism-perl (0.031-1) ...
Setting up libserd-dev:amd64 (0.26.0~dfsg0-1) ...
Setting up libgts-0.7-5:amd64 (0.7.6+darcs121130-4) ...
Setting up libpcre3-dev:amd64 (2:8.39-2.1) ...
Setting up fontconfig-config (2.11.0-6.7) ...
Setting up gettext (0.19.8.1-2) ...
Setting up libgvpr2 (2.38.0-17) ...
Setting up doxygen (1.8.13-4) ...
Setting up python2.7 (2.7.13-2) ...
Setting up libharfbuzz0b:amd64 (1.4.2-1) ...
Setting up autoconf (2.69-10) ...
Setting up libthai0:amd64 (0.1.26-1) ...
Setting up file (1:5.29-3) ...
Setting up libpcre++-dev (0.9.5-6.1) ...
Setting up libpython-stdlib:amd64 (2.7.13-2) ...
Setting up intltool-debian (0.35.0+20060710.4) ...
Setting up automake (1:1.15-6) ...
update-alternatives: using /usr/bin/automake-1.15 to provide /usr/bin/automake (automake) in auto mode
Setting up libice6:amd64 (2:1.0.9-1+b1) ...
Setting up man-db (2.7.6.1-2) ...
Not building database; man-db/auto-update is not 'true'.
Setting up libxcb1:amd64 (1.12-1) ...
Setting up python (2.7.13-2) ...
Setting up libtool (2.4.6-2) ...
Setting up libfontconfig1:amd64 (2.11.0-6.7+b1) ...
Setting up libsm6:amd64 (2:1.2.2-1+b1) ...
Setting up libxcb-render0:amd64 (1.12-1) ...
Setting up po-debconf (1.0.20) ...
Setting up libx11-6:amd64 (2:1.6.4-3) ...
Setting up libxcb-shm0:amd64 (1.12-1) ...
Setting up libxpm4:amd64 (1:3.5.12-1) ...
Setting up libxt6:amd64 (1:1.1.5-1) ...
Setting up libxrender1:amd64 (1:0.9.10-1) ...
Setting up fontconfig (2.11.0-6.7+b1) ...
Regenerating fonts cache... done.
Setting up libxext6:amd64 (2:1.3.3-1) ...
Setting up libgd3:amd64 (2.2.4-2) ...
Setting up libxmu6:amd64 (2:1.1.2-2) ...
Setting up libpango-1.0-0:amd64 (1.40.3-3) ...
Setting up libxaw7:amd64 (2:1.0.13-1) ...
Setting up libcairo2:amd64 (1.14.8-1) ...
Setting up libpangoft2-1.0-0:amd64 (1.40.3-3) ...
Setting up libpangocairo-1.0-0:amd64 (1.40.3-3) ...
Setting up libgvc6 (2.38.0-17) ...
Setting up graphviz (2.38.0-17) ...
Setting up dh-strip-nondeterminism (0.031-1) ...
Setting up debhelper (10.2.5) ...
Setting up dh-autoreconf (13) ...
Setting up sbuild-build-depends-sord-dummy (0.invalid.0) ...
Processing triggers for libc-bin (2.24-9) ...
W: No sandbox user '_apt' on the system, can not drop privileges

+------------------------------------------------------------------------------+
| Build environment                                                            |
+------------------------------------------------------------------------------+

Kernel: Linux 3.16.0-4-amd64 amd64 (x86_64)
Toolchain package versions: binutils_2.27.90.20170221-1 dpkg-dev_1.18.22 g++-6_6.3.0-8 gcc-6_6.3.0-8 libc6-dev_2.24-9 libstdc++-6-dev_6.3.0-8 libstdc++6_6.3.0-8 linux-libc-dev_4.9.13-1
Package versions: adduser_3.115 apt_1.4~rc2 autoconf_2.69-10 automake_1:1.15-6 autopoint_0.19.8.1-2 autotools-dev_20161112.1 base-files_9.8 base-passwd_3.5.43 bash_4.4-4 binutils_2.27.90.20170221-1 bsdmainutils_9.0.12 bsdutils_1:2.29.1-1 build-essential_12.3 bzip2_1.0.6-8.1 clang-4.0_1:4.0~+rc2-1 coreutils_8.26-3 cpp_4:6.3.0-1 cpp-6_6.3.0-8 dash_0.5.8-2.4 debconf_1.5.60 debfoster_2.7-2.1 debhelper_10.2.5 debian-archive-keyring_2014.3 debianutils_4.8.1 dh-autoreconf_13 dh-strip-nondeterminism_0.031-1 diffutils_1:3.5-3 doxygen_1.8.13-4 dpkg_1.18.22 dpkg-dev_1.18.22 e2fslibs_1.43.4-2 e2fsprogs_1.43.4-2 eatmydata_105-5 fakeroot_1.21-3.1 file_1:5.29-3 findutils_4.6.0+git+20161106-2 fontconfig_2.11.0-6.7+b1 fontconfig-config_2.11.0-6.7 fonts-dejavu-core_2.37-1 g++_4:6.3.0-1 g++-6_6.3.0-8 gcc_4:6.3.0-1 gcc-6_6.3.0-8 gcc-6-base_6.3.0-8 gettext_0.19.8.1-2 gettext-base_0.19.8.1-2 gpgv_2.1.18-6 graphviz_2.38.0-17 grep_2.27-2 groff-base_1.22.3-9 gzip_1.6-5 hostname_3.18 init-system-helpers_1.47 intltool-debian_0.35.0+20060710.4 libacl1_2.2.52-3+b1 libann0_1.1.2+doc-6 libapt-pkg5.0_1.4~rc2 libarchive-zip-perl_1.59-1 libasan3_6.3.0-8 libatomic1_6.3.0-8 libattr1_1:2.4.47-2+b2 libaudit-common_1:2.6.7-1 libaudit1_1:2.6.7-1 libblkid1_2.29.1-1 libbsd0_0.8.3-1 libbz2-1.0_1.0.6-8.1 libc-bin_2.24-9 libc-dev-bin_2.24-9 libc6_2.24-9 libc6-dev_2.24-9 libcairo2_1.14.8-1 libcap-ng0_0.7.7-3+b1 libcc1-0_6.3.0-8 libcdt5_2.38.0-17 libcgraph6_2.38.0-17 libcilkrts5_6.3.0-8 libclang-common-4.0-dev_1:4.0~+rc2-1 libclang1-3.9_1:3.9.1-4 libclang1-4.0_1:4.0~+rc2-1 libcomerr2_1.43.4-2 libcroco3_0.6.11-2 libdatrie1_0.2.10-4+b1 libdb5.3_5.3.28-12+b1 libdebconfclient0_0.224 libdpkg-perl_1.18.22 libeatmydata1_105-5 libedit2_3.1-20160903-3 libexpat1_2.2.0-2 libfakeroot_1.21-3.1 libfdisk1_2.29.1-1 libffi6_3.2.1-6 libfile-stripnondeterminism-perl_0.031-1 libfontconfig1_2.11.0-6.7+b1 libfreetype6_2.6.3-3+b2 libgc1c2_1:7.4.2-8 libgcc-6-dev_6.3.0-8 libgcc1_1:6.3.0-8 libgcrypt20_1.7.6-1 libgd3_2.2.4-2 libgdbm3_1.8.3-14 libglib2.0-0_2.50.3-1 libgmp10_2:6.1.2+dfsg-1 libgomp1_6.3.0-8 libgpg-error0_1.26-2 libgraphite2-3_1.3.9-4 libgts-0.7-5_0.7.6+darcs121130-4 libgvc6_2.38.0-17 libgvpr2_2.38.0-17 libharfbuzz0b_1.4.2-1 libice6_2:1.0.9-1+b1 libicu57_57.1-5 libisl15_0.18-1 libitm1_6.3.0-8 libjbig0_2.1-3.1+b2 libjpeg62-turbo_1:1.5.1-2 libjsoncpp1_1.7.4-3 libllvm3.9_1:3.9.1-4 libllvm4.0_1:4.0~+rc2-1 liblsan0_6.3.0-8 libltdl7_2.4.6-2 liblz4-1_0.0~r131-2+b1 liblzma5_5.2.2-1.2+b1 libmagic-mgc_1:5.29-3 libmagic1_1:5.29-3 libmount1_2.29.1-1 libmpc3_1.0.3-1 libmpfr4_3.1.5-1 libmpx2_6.3.0-8 libncurses5_6.0+20161126-1 libncursesw5_6.0+20161126-1 libobjc-6-dev_6.3.0-8 libobjc4_6.3.0-8 libpam-modules_1.1.8-3.5 libpam-modules-bin_1.1.8-3.5 libpam-runtime_1.1.8-3.5 libpam0g_1.1.8-3.5 libpango-1.0-0_1.40.3-3 libpangocairo-1.0-0_1.40.3-3 libpangoft2-1.0-0_1.40.3-3 libpathplan4_2.38.0-17 libpcre++-dev_0.9.5-6.1 libpcre++0v5_0.9.5-6.1 libpcre16-3_2:8.39-2.1 libpcre3_2:8.39-2.1 libpcre3-dev_2:8.39-2.1 libpcre32-3_2:8.39-2.1 libpcrecpp0v5_2:8.39-2.1 libperl5.24_5.24.1-1 libpipeline1_1.4.1-2 libpixman-1-0_0.34.0-1 libpng16-16_1.6.28-1 libpython-stdlib_2.7.13-2 libpython2.7-minimal_2.7.13-2 libpython2.7-stdlib_2.7.13-2 libquadmath0_6.3.0-8 libreadline7_7.0-2 libselinux1_2.6-3 libsemanage-common_2.6-2 libsemanage1_2.6-2 libsepol1_2.6-2 libserd-0-0_0.26.0~dfsg0-1 libserd-dev_0.26.0~dfsg0-1 libsigsegv2_2.10-5 libsm6_2:1.2.2-1+b1 libsmartcols1_2.29.1-1 libsqlite3-0_3.16.2-3 libss2_1.43.4-2 libssl1.1_1.1.0e-1 libstdc++-6-dev_6.3.0-8 libstdc++6_6.3.0-8 libsystemd0_232-18 libthai-data_0.1.26-1 libthai0_0.1.26-1 libtiff5_4.0.7-5 libtimedate-perl_2.3000-2 libtinfo5_6.0+20161126-1 libtool_2.4.6-2 libtsan0_6.3.0-8 libubsan0_6.3.0-8 libudev1_232-18 libunistring0_0.9.6+really0.9.3-0.1 libustr-1.0-1_1.0.4-6 libuuid1_2.29.1-1 libwebp6_0.5.2-1 libx11-6_2:1.6.4-3 libx11-data_2:1.6.4-3 libxapian30_1.4.3-1 libxau6_1:1.0.8-1 libxaw7_2:1.0.13-1 libxcb-render0_1.12-1 libxcb-shm0_1.12-1 libxcb1_1.12-1 libxdmcp6_1:1.1.2-1.1 libxdot4_2.38.0-17 libxext6_2:1.3.3-1 libxml2_2.9.4+dfsg1-2.2 libxmu6_2:1.1.2-2 libxpm4_1:3.5.12-1 libxrender1_1:0.9.10-1 libxt6_1:1.1.5-1 linux-libc-dev_4.9.13-1 login_1:4.4-4 lsb-base_9.20161125 m4_1.4.18-1 make_4.1-9.1 man-db_2.7.6.1-2 mawk_1.3.3-17 mime-support_3.60 mount_2.29.1-1 multiarch-support_2.24-9 ncurses-base_6.0+20161126-1 ncurses-bin_6.0+20161126-1 passwd_1:4.4-4 patch_2.7.5-1 perl_5.24.1-1 perl-base_5.24.1-1 perl-modules-5.24_5.24.1-1 pkg-config_0.29-4 po-debconf_1.0.20 python_2.7.13-2 python-minimal_2.7.13-2 python2.7_2.7.13-2 python2.7-minimal_2.7.13-2 readline-common_7.0-2 sbuild-build-depends-core-dummy_0.invalid.0 sbuild-build-depends-sord-dummy_0.invalid.0 sed_4.4-1 sensible-utils_0.0.9 sysvinit-utils_2.88dsf-59.9 tar_1.29b-1.1 ucf_3.0036 util-linux_2.29.1-1 x11-common_1:7.7+18 xz-utils_5.2.2-1.2+b1 zlib1g_1:1.2.8.dfsg-5

+------------------------------------------------------------------------------+
| Build                                                                        |
+------------------------------------------------------------------------------+


Unpack source
-------------

gpgv: unknown type of key resource 'trustedkeys.kbx'
gpgv: keyblock resource '/sbuild-nonexistent/.gnupg/trustedkeys.kbx': General error
gpgv: Signature made Fri Sep 23 00:39:56 2016 UTC
gpgv:                using RSA key 5B019455E2B84FA5
gpgv: Can't check signature: No public key
dpkg-source: warning: failed to verify signature on ./sord_0.16.0~dfsg0-1.dsc
dpkg-source: info: extracting sord in /<<PKGBUILDDIR>>
dpkg-source: info: unpacking sord_0.16.0~dfsg0.orig.tar.xz
dpkg-source: info: unpacking sord_0.16.0~dfsg0-1.debian.tar.xz
dpkg-source: info: applying 1001-dont_run_ldconfig.patch

Check disk space
----------------

Sufficient free space for build

User Environment
----------------

APT_CONFIG=/var/lib/sbuild/apt.conf
HOME=/sbuild-nonexistent
LC_ALL=POSIX
LOGNAME=user42
PATH=/usr/local/sbin:/usr/local/bin:/usr/sbin:/usr/bin:/sbin:/bin:/usr/games
SCHROOT_ALIAS_NAME=unstable-amd64-sbuild
SCHROOT_CHROOT_NAME=unstable-amd64-sbuild
SCHROOT_COMMAND=env
SCHROOT_GID=1001
SCHROOT_GROUP=user42
SCHROOT_SESSION_ID=unstable-amd64-sbuild-1ac3e96d-6efe-4a05-82bd-9fa685b05dc7
SCHROOT_UID=1001
SCHROOT_USER=user42
SHELL=/bin/sh
USER=user42

dpkg-buildpackage
-----------------

dpkg-buildpackage: info: source package sord
dpkg-buildpackage: info: source version 0.16.0~dfsg0-1
dpkg-buildpackage: info: source distribution unstable
dpkg-buildpackage: info: source changed by Jaromr Mike <mira.mikes@seznam.cz>
 dpkg-source --before-build sord-0.16.0~dfsg0
dpkg-buildpackage: info: host architecture amd64
 fakeroot debian/rules clean
dh clean --parallel
   dh_testdir -O--parallel
   debian/rules override_dh_auto_clean
make[1]: Entering directory '/<<PKGBUILDDIR>>'
./waf clean || true
The project was not configured: run "waf configure" first!
find -name "*.pyc" -delete
dh_auto_clean
make[1]: Leaving directory '/<<PKGBUILDDIR>>'
   dh_clean -O--parallel
 debian/rules build-arch
dh build-arch --parallel
   dh_testdir -a -O--parallel
   dh_update_autotools_config -a -O--parallel
   debian/rules override_dh_auto_configure
make[1]: Entering directory '/<<PKGBUILDDIR>>'
./waf configure \
	--prefix=/usr \
	--mandir=/usr/share/man \
	--libdir=/usr/lib/x86_64-linux-gnu \
	--strict \
	--docs
Setting top to                           : /<<PKGBUILDDIR>> 
Setting out to                           : /<<PKGBUILDDIR>>/build 
Checking for 'gcc' (C compiler)          : not found 
Checking for 'clang' (C compiler)        : not found 
Checking for 'icc' (C compiler)          : not found 
could not configure a C compiler!
(complete log in /<<PKGBUILDDIR>>/build/config.log)
debian/rules:17: recipe for target 'override_dh_auto_configure' failed
make[1]: *** [override_dh_auto_configure] Error 1
make[1]: Leaving directory '/<<PKGBUILDDIR>>'
debian/rules:14: recipe for target 'build-arch' failed
make: *** [build-arch] Error 2
dpkg-buildpackage: error: debian/rules build-arch gave error exit status 2
--------------------------------------------------------------------------------
Build finished at 2017-03-01T05:48:41Z

Finished
--------


+------------------------------------------------------------------------------+
| Cleanup                                                                      |
+------------------------------------------------------------------------------+

Purging /<<BUILDDIR>>
Not cleaning session: cloned chroot in use
E: Build failure (dpkg-buildpackage died)

+------------------------------------------------------------------------------+
| Summary                                                                      |
+------------------------------------------------------------------------------+

Build Architecture: amd64
Build-Space: 4904
Build-Time: 1
Distribution: unstable
Fail-Stage: build
Host Architecture: amd64
Install-Time: 13
Job: sord_0.16.0~dfsg0-1
Machine Architecture: amd64
Package: sord
Package-Time: 32
Source-Version: 0.16.0~dfsg0-1
Space: 4904
Status: attempted
Version: 0.16.0~dfsg0-1
--------------------------------------------------------------------------------
Finished at 2017-03-01T05:48:41Z
Build needed 00:00:32, 4904k disk space
E: Build failure (dpkg-buildpackage died)
DC-Status: Failed 32.919681298s
DC-Time-Estimation: 32.919681298 versus expected 420 (r/m: 11.758325215788666 ; m: 32.919681298)
