DC-Build-Header: libdbi-drivers 0.9.0-3 / 2015-01-24 11:40:52 +0000
DC-Task: source:libdbi-drivers version:0.9.0-3 architecture:any chroot:unstable esttime:438 logfile:/tmp/libdbi-drivers_0.9.0-3_unstable_clang.log modes:binary-only:parallel:clang
DC-Sbuild-call: su user -c 'sbuild -n --apt-update -d unstable -v  --chroot-setup-commands=/tmp/clang libdbi-drivers_0.9.0-3'
sbuild (Debian sbuild) 0.63.2 (18 Aug 2012) on ip-172-31-1-129.us-west-2.compute.internal

╔══════════════════════════════════════════════════════════════════════════════╗
║ libdbi-drivers 0.9.0-3 (amd64)                             24 Jan 2015 11:40 ║
╚══════════════════════════════════════════════════════════════════════════════╝

Package: libdbi-drivers
Version: 0.9.0-3
Source Version: 0.9.0-3
Distribution: unstable
Machine Architecture: amd64
Host Architecture: amd64
Build Architecture: amd64

I: NOTICE: Log filtering will replace 'build/libdbi-drivers-ryNvQX/libdbi-drivers-0.9.0' with '«PKGBUILDDIR»'
I: NOTICE: Log filtering will replace 'build/libdbi-drivers-ryNvQX' with '«BUILDDIR»'
I: NOTICE: Log filtering will replace 'var/lib/schroot/mount/unstable-amd64-sbuild-e057bfe2-ad52-4180-bd4b-6b141ee5051b' with '«CHROOT»'

┌──────────────────────────────────────────────────────────────────────────────┐
│ Update chroot                                                                │
└──────────────────────────────────────────────────────────────────────────────┘

Get:1 http://localhost:9999 unstable InRelease [249 kB]
Get:2 http://localhost:9999 unstable/main Sources/DiffIndex [7876 B]
Get:3 http://localhost:9999 unstable/main amd64 Packages/DiffIndex [7876 B]
Get:4 http://localhost:9999 unstable/main Translation-en/DiffIndex [7876 B]
Get:5 http://localhost:9999 unstable/main 2015-01-23-2042.47.pdiff [3754 B]
Get:6 http://localhost:9999 unstable/main 2015-01-24-0242.27.pdiff [509 B]
Get:7 http://localhost:9999 unstable/main 2015-01-24-0842.35.pdiff [1589 B]
Get:8 http://localhost:9999 unstable/main 2015-01-24-0842.35.pdiff [1589 B]
Get:9 http://localhost:9999 unstable/main amd64 2015-01-23-2042.47.pdiff [1709 B]
Get:10 http://localhost:9999 unstable/main amd64 2015-01-24-0242.27.pdiff [1814 B]
Get:11 http://localhost:9999 unstable/main amd64 2015-01-24-0842.35.pdiff [776 B]
Get:12 http://localhost:9999 unstable/main 2015-01-23-2042.47.pdiff [139 B]
Get:13 http://localhost:9999 unstable/main 2015-01-24-0842.35.pdiff [317 B]
Get:14 http://localhost:9999 unstable/main amd64 2015-01-24-0842.35.pdiff [776 B]
Get:15 http://localhost:9999 unstable/main 2015-01-24-0842.35.pdiff [317 B]
Fetched 284 kB in 5s (53.3 kB/s)
Reading package lists...
Reading package lists...
Building dependency tree...
Reading state information...
0 upgraded, 0 newly installed, 0 to remove and 0 not upgraded.

┌──────────────────────────────────────────────────────────────────────────────┐
│ Fetch source files                                                           │
└──────────────────────────────────────────────────────────────────────────────┘


Check APT
─────────

Checking available source versions...

Download source files with APT
──────────────────────────────

Reading package lists...
Building dependency tree...
Reading state information...
NOTICE: 'libdbi-drivers' packaging is maintained in the 'Git' version control system at:
git://anonscm.debian.org/collab-maint/libdbi-drivers.git
Need to get 1842 kB of source archives.
Get:1 http://localhost:9999/debian/ unstable/main libdbi-drivers 0.9.0-3 (dsc) [2443 B]
Get:2 http://localhost:9999/debian/ unstable/main libdbi-drivers 0.9.0-3 (tar) [1830 kB]
Get:3 http://localhost:9999/debian/ unstable/main libdbi-drivers 0.9.0-3 (diff) [9896 B]
Fetched 1842 kB in 0s (6076 kB/s)
Download complete and in download only mode

Check arch
──────────


┌──────────────────────────────────────────────────────────────────────────────┐
│ Chroot Setup Commands                                                        │
└──────────────────────────────────────────────────────────────────────────────┘


/tmp/clang
──────────

+ echo 'Entering customization script...'
Entering customization script...
+ CLANG_VERSION=3.6
+ echo 'Install of clang-3.6'
Install of clang-3.6
+ apt-get update
Hit http://localhost:9999 unstable InRelease
Get:1 http://localhost:9999 unstable/main Sources/DiffIndex [7876 B]
Get:2 http://localhost:9999 unstable/main amd64 Packages/DiffIndex [7876 B]
Get:3 http://localhost:9999 unstable/main Translation-en/DiffIndex [7876 B]
Fetched 23.6 kB in 2s (9890 B/s)
Reading package lists...
+ apt-get install --yes --no-install-recommends --force-yes clang-3.6
Reading package lists...
Building dependency tree...
Reading state information...
The following extra packages will be installed:
  libbsd0 libclang-common-3.6-dev libclang1-3.6 libedit2 libffi6 libllvm3.6
  libobjc-4.9-dev libobjc4
Suggested packages:
  gnustep gnustep-devel clang-3.6-doc
Recommended packages:
  llvm-3.6-dev python
The following NEW packages will be installed:
  clang-3.6 libbsd0 libclang-common-3.6-dev libclang1-3.6 libedit2 libffi6
  libllvm3.6 libobjc-4.9-dev libobjc4
0 upgraded, 9 newly installed, 0 to remove and 0 not upgraded.
Need to get 39.2 MB of archives.
After this operation, 153 MB of additional disk space will be used.
Get:1 http://localhost:9999/debian/ unstable/main libbsd0 amd64 0.7.0-2 [67.9 kB]
Get:2 http://localhost:9999/debian/ unstable/main libedit2 amd64 3.1-20140620-2 [85.1 kB]
Get:3 http://localhost:9999/debian/ unstable/main libffi6 amd64 3.1-2+b2 [20.1 kB]
Get:4 http://localhost:9999/debian/ unstable/main libllvm3.6 amd64 1:3.6~+rc1-1 [8134 kB]
Get:5 http://localhost:9999/debian/ unstable/main libobjc4 amd64 4.9.2-10 [112 kB]
Get:6 http://localhost:9999/debian/ unstable/main libobjc-4.9-dev amd64 4.9.2-10 [372 kB]
Get:7 http://localhost:9999/debian/ unstable/main libclang1-3.6 amd64 1:3.6~+rc1-1 [3838 kB]
Get:8 http://localhost:9999/debian/ unstable/main libclang-common-3.6-dev amd64 1:3.6~+rc1-1 [714 kB]
Get:9 http://localhost:9999/debian/ unstable/main clang-3.6 amd64 1:3.6~+rc1-1 [25.8 MB]
debconf: unable to initialize frontend: Dialog
debconf: (Dialog frontend will not work on a dumb terminal, an emacs shell buffer, or without a controlling terminal.)
debconf: falling back to frontend: Readline
debconf: unable to initialize frontend: Readline
debconf: (This frontend requires a controlling tty.)
debconf: falling back to frontend: Teletype
dpkg-preconfigure: unable to re-open stdin: 
Fetched 39.2 MB in 1s (34.6 MB/s)
Selecting previously unselected package libbsd0:amd64.
(Reading database ... (Reading database ... 5%(Reading database ... 10%(Reading database ... 15%(Reading database ... 20%(Reading database ... 25%(Reading database ... 30%(Reading database ... 35%(Reading database ... 40%(Reading database ... 45%(Reading database ... 50%(Reading database ... 55%(Reading database ... 60%(Reading database ... 65%(Reading database ... 70%(Reading database ... 75%(Reading database ... 80%(Reading database ... 85%(Reading database ... 90%(Reading database ... 95%(Reading database ... 100%(Reading database ... 11972 files and directories currently installed.)
Preparing to unpack .../libbsd0_0.7.0-2_amd64.deb ...
Unpacking libbsd0:amd64 (0.7.0-2) ...
Selecting previously unselected package libedit2:amd64.
Preparing to unpack .../libedit2_3.1-20140620-2_amd64.deb ...
Unpacking libedit2:amd64 (3.1-20140620-2) ...
Selecting previously unselected package libffi6:amd64.
Preparing to unpack .../libffi6_3.1-2+b2_amd64.deb ...
Unpacking libffi6:amd64 (3.1-2+b2) ...
Selecting previously unselected package libllvm3.6:amd64.
Preparing to unpack .../libllvm3.6_1%3a3.6~+rc1-1_amd64.deb ...
Unpacking libllvm3.6:amd64 (1:3.6~+rc1-1) ...
Selecting previously unselected package libobjc4:amd64.
Preparing to unpack .../libobjc4_4.9.2-10_amd64.deb ...
Unpacking libobjc4:amd64 (4.9.2-10) ...
Selecting previously unselected package libobjc-4.9-dev:amd64.
Preparing to unpack .../libobjc-4.9-dev_4.9.2-10_amd64.deb ...
Unpacking libobjc-4.9-dev:amd64 (4.9.2-10) ...
Selecting previously unselected package libclang1-3.6:amd64.
Preparing to unpack .../libclang1-3.6_1%3a3.6~+rc1-1_amd64.deb ...
Unpacking libclang1-3.6:amd64 (1:3.6~+rc1-1) ...
Selecting previously unselected package libclang-common-3.6-dev.
Preparing to unpack .../libclang-common-3.6-dev_1%3a3.6~+rc1-1_amd64.deb ...
Unpacking libclang-common-3.6-dev (1:3.6~+rc1-1) ...
Selecting previously unselected package clang-3.6.
Preparing to unpack .../clang-3.6_1%3a3.6~+rc1-1_amd64.deb ...
Unpacking clang-3.6 (1:3.6~+rc1-1) ...
Setting up libbsd0:amd64 (0.7.0-2) ...
Setting up libedit2:amd64 (3.1-20140620-2) ...
Setting up libffi6:amd64 (3.1-2+b2) ...
Setting up libllvm3.6:amd64 (1:3.6~+rc1-1) ...
Setting up libobjc4:amd64 (4.9.2-10) ...
Setting up libobjc-4.9-dev:amd64 (4.9.2-10) ...
Setting up libclang1-3.6:amd64 (1:3.6~+rc1-1) ...
Setting up libclang-common-3.6-dev (1:3.6~+rc1-1) ...
Setting up clang-3.6 (1:3.6~+rc1-1) ...
Processing triggers for libc-bin (2.19-13) ...
+ echo 'Replace gcc, g++ & cpp by clang'
Replace gcc, g++ & cpp by clang
+ VERSIONS='4.6 4.7 4.8 4.9'
+ cd /usr/bin
+ for VERSION in '$VERSIONS'
+ rm -f g++-4.6 gcc-4.6 cpp-4.6 gcc
+ ln -s clang++-3.6 g++-4.6
+ ln -s clang-3.6 gcc-4.6
+ ln -s clang-3.6 cpp-4.6
+ ln -s clang-3.6 gcc
+ echo 'gcc-4.6 hold'
+ dpkg --set-selections
+ echo 'g++-4.6 hold'
+ dpkg --set-selections
+ for VERSION in '$VERSIONS'
+ rm -f g++-4.7 gcc-4.7 cpp-4.7 gcc
+ ln -s clang++-3.6 g++-4.7
+ ln -s clang-3.6 gcc-4.7
+ ln -s clang-3.6 cpp-4.7
+ ln -s clang-3.6 gcc
+ echo 'gcc-4.7 hold'
+ dpkg --set-selections
+ echo 'g++-4.7 hold'
+ dpkg --set-selections
+ for VERSION in '$VERSIONS'
+ rm -f g++-4.8 gcc-4.8 cpp-4.8 gcc
+ ln -s clang++-3.6 g++-4.8
+ ln -s clang-3.6 gcc-4.8
+ ln -s clang-3.6 cpp-4.8
+ ln -s clang-3.6 gcc
+ echo 'gcc-4.8 hold'
+ dpkg --set-selections
dpkg: warning: package not in database at line 1: gcc-4.8
dpkg: warning: found unknown packages; this might mean the available database
is outdated, and needs to be updated through a frontend method
+ echo 'g++-4.8 hold'
+ dpkg --set-selections
dpkg: warning: package not in database at line 1: g++-4.8
dpkg: warning: found unknown packages; this might mean the available database
is outdated, and needs to be updated through a frontend method
+ for VERSION in '$VERSIONS'
+ rm -f g++-4.9 gcc-4.9 cpp-4.9 gcc
+ ln -s clang++-3.6 g++-4.9
+ ln -s clang-3.6 gcc-4.9
+ ln -s clang-3.6 cpp-4.9
+ ln -s clang-3.6 gcc
+ echo 'gcc-4.9 hold'
+ dpkg --set-selections
+ echo 'g++-4.9 hold'
+ dpkg --set-selections
+ cd -
/«BUILDDIR»
+ echo 'Check if gcc, g++ & cpp are actually clang'
Check if gcc, g++ & cpp are actually clang
+ gcc --version
+ grep clang
+ cpp --version
+ grep clang
+ g++ --version
+ grep clang

I: Finished running '/tmp/clang'.

Finished processing commands.
────────────────────────────────────────────────────────────────────────────────
Merged Build-Depends: build-essential, fakeroot
Filtered Build-Depends: build-essential, fakeroot
dpkg-deb: building package `sbuild-build-depends-core-dummy' in `/«BUILDDIR»/resolver-11sGWg/apt_archive/sbuild-build-depends-core-dummy.deb'.
OK
Reading package lists...

┌──────────────────────────────────────────────────────────────────────────────┐
│ Install core build dependencies (apt-based resolver)                         │
└──────────────────────────────────────────────────────────────────────────────┘

Installing build dependencies
Reading package lists...
Building dependency tree...
Reading state information...
The following NEW packages will be installed:
  sbuild-build-depends-core-dummy
0 upgraded, 1 newly installed, 0 to remove and 0 not upgraded.
Need to get 0 B/816 B of archives.
After this operation, 0 B of additional disk space will be used.
Selecting previously unselected package sbuild-build-depends-core-dummy.
(Reading database ... (Reading database ... 5%(Reading database ... 10%(Reading database ... 15%(Reading database ... 20%(Reading database ... 25%(Reading database ... 30%(Reading database ... 35%(Reading database ... 40%(Reading database ... 45%(Reading database ... 50%(Reading database ... 55%(Reading database ... 60%(Reading database ... 65%(Reading database ... 70%(Reading database ... 75%(Reading database ... 80%(Reading database ... 85%(Reading database ... 90%(Reading database ... 95%(Reading database ... 100%(Reading database ... 12192 files and directories currently installed.)
Preparing to unpack .../sbuild-build-depends-core-dummy.deb ...
Unpacking sbuild-build-depends-core-dummy (0.invalid.0) ...
Setting up sbuild-build-depends-core-dummy (0.invalid.0) ...
Merged Build-Depends: base-files, base-passwd, bash, bsdutils, coreutils, dash, debianutils, diffutils, dpkg, e2fsprogs, findutils, grep, gzip, hostname, init, libc-bin, login, mount, ncurses-base, ncurses-bin, perl-base, sed, sysvinit-utils, tar, util-linux, libc6-dev | libc-dev, gcc (>= 4:4.9.1), g++ (>= 4:4.9.1), make, dpkg-dev (>= 1.17.11), automake, autotools-dev, debhelper (>= 9), dh-autoreconf, docbook-dsssl, freetds-dev, libdbi-dev (>= 0.9.0), libmysqlclient-dev (>= 5.5), libpq-dev (>= 8.3~rc2-1+b1), libsqlite0-dev, libsqlite3-dev, libtool, locales-all | language-pack-en, mysql-client (>= 5.5), mysql-server (>= 5.5), openjade, postgresql, postgresql-client
Filtered Build-Depends: base-files, base-passwd, bash, bsdutils, coreutils, dash, debianutils, diffutils, dpkg, e2fsprogs, findutils, grep, gzip, hostname, init, libc-bin, login, mount, ncurses-base, ncurses-bin, perl-base, sed, sysvinit-utils, tar, util-linux, libc6-dev, gcc (>= 4:4.9.1), g++ (>= 4:4.9.1), make, dpkg-dev (>= 1.17.11), automake, autotools-dev, debhelper (>= 9), dh-autoreconf, docbook-dsssl, freetds-dev, libdbi-dev (>= 0.9.0), libmysqlclient-dev (>= 5.5), libpq-dev (>= 8.3~rc2-1+b1), libsqlite0-dev, libsqlite3-dev, libtool, locales-all, mysql-client (>= 5.5), mysql-server (>= 5.5), openjade, postgresql, postgresql-client
dpkg-deb: building package `sbuild-build-depends-libdbi-drivers-dummy' in `/«BUILDDIR»/resolver-vWwbI6/apt_archive/sbuild-build-depends-libdbi-drivers-dummy.deb'.
OK
Reading package lists...

┌──────────────────────────────────────────────────────────────────────────────┐
│ Install libdbi-drivers build dependencies (apt-based resolver)               │
└──────────────────────────────────────────────────────────────────────────────┘

Installing build dependencies
Reading package lists...
Building dependency tree...
Reading state information...
The following extra packages will be installed:
  autoconf automake autopoint autotools-dev bsdmainutils comerr-dev debhelper
  dh-autoreconf docbook docbook-dsssl file freetds-common freetds-dev gettext
  gettext-base groff-base init-system-helpers intltool-debian krb5-multidev
  libaio1 libasprintf0c2 libcroco3 libct4 libdbd-mysql-perl libdbi-dev
  libdbi-perl libdbi1 libglib2.0-0 libgnutls-deb0-28 libgssapi-krb5-2
  libgssrpc4 libhogweed2 libk5crypto3 libkadm5clnt-mit9 libkadm5srv-mit9
  libkdb5-7 libkeyutils1 libkrb5-3 libkrb5support0 libldap-2.4-2 libmagic1
  libmysqlclient-dev libmysqlclient18 libnettle4 libosp5 libostyle1c2
  libp11-kit0 libpipeline1 libpq-dev libpq5 libsasl2-2 libsasl2-modules-db
  libsigsegv2 libsqlite0 libsqlite0-dev libsqlite3-0 libsqlite3-dev libssl-dev
  libssl1.0.0 libsybdb5 libtasn1-6 libterm-readkey-perl libtool libunistring0
  libwrap0 libxml2 locales-all m4 man-db mysql-client mysql-client-5.5
  mysql-common mysql-server mysql-server-5.5 mysql-server-core-5.5 netbase
  openjade openssl po-debconf postgresql postgresql-9.4 postgresql-client-9.4
  postgresql-client-common postgresql-common psmisc sgml-base sgml-data
  ssl-cert ucf xml-core zlib1g-dev
Suggested packages:
  autoconf-archive gnu-standards autoconf-doc wamerican wordlist whois
  vacation doc-base dh-make docbook-defguide docbook-xml psgml jadetex
  docbook-dsssl-doc gettext-doc groff krb5-doc libclone-perl libmldbm-perl
  libnet-daemon-perl libsql-statement-perl gnutls-bin krb5-user
  postgresql-doc-9.4 sqlite-doc sqlite3-doc libtool-doc automaken gfortran
  fortran95-compiler gcj-jdk www-browser mailx tinyca ca-certificates
  libmail-box-perl postgresql-doc oidentd ident-server sgml-base-doc perlsgml
  w3-recs opensp libxml2-utils openssl-blacklist
Recommended packages:
  curl wget lynx-cur libasprintf-dev libgettextpo-dev libglib2.0-data
  shared-mime-info xdg-user-dirs krb5-locales libsasl2-modules libssl-doc
  libltdl-dev tcpd libhtml-template-perl ifupdown libmail-sendmail-perl
  lsb-release logrotate
The following NEW packages will be installed:
  autoconf automake autopoint autotools-dev bsdmainutils comerr-dev debhelper
  dh-autoreconf docbook docbook-dsssl file freetds-common freetds-dev gettext
  gettext-base groff-base init-system-helpers intltool-debian krb5-multidev
  libaio1 libasprintf0c2 libcroco3 libct4 libdbd-mysql-perl libdbi-dev
  libdbi-perl libdbi1 libglib2.0-0 libgnutls-deb0-28 libgssapi-krb5-2
  libgssrpc4 libhogweed2 libk5crypto3 libkadm5clnt-mit9 libkadm5srv-mit9
  libkdb5-7 libkeyutils1 libkrb5-3 libkrb5support0 libldap-2.4-2 libmagic1
  libmysqlclient-dev libmysqlclient18 libnettle4 libosp5 libostyle1c2
  libp11-kit0 libpipeline1 libpq-dev libpq5 libsasl2-2 libsasl2-modules-db
  libsigsegv2 libsqlite0 libsqlite0-dev libsqlite3-0 libsqlite3-dev libssl-dev
  libssl1.0.0 libsybdb5 libtasn1-6 libterm-readkey-perl libtool libunistring0
  libwrap0 libxml2 locales-all m4 man-db mysql-client mysql-client-5.5
  mysql-common mysql-server mysql-server-5.5 mysql-server-core-5.5 netbase
  openjade openssl po-debconf postgresql postgresql-9.4 postgresql-client-9.4
  postgresql-client-common postgresql-common psmisc
  sbuild-build-depends-libdbi-drivers-dummy sgml-base sgml-data ssl-cert ucf
  xml-core zlib1g-dev
0 upgraded, 92 newly installed, 0 to remove and 0 not upgraded.
Need to get 40.9 MB/40.9 MB of archives.
After this operation, 319 MB of additional disk space will be used.
Get:1 http://localhost:9999/debian/ unstable/main libpipeline1 amd64 1.4.0-1 [27.9 kB]
Get:2 http://localhost:9999/debian/ unstable/main libssl1.0.0 amd64 1.0.1k-1 [1037 kB]
Get:3 http://localhost:9999/debian/ unstable/main groff-base amd64 1.22.3-1 [1205 kB]
Get:4 http://localhost:9999/debian/ unstable/main bsdmainutils amd64 9.0.6 [183 kB]
Get:5 http://localhost:9999/debian/ unstable/main man-db amd64 2.7.0.2-5 [1000 kB]
Get:6 http://localhost:9999/debian/ unstable/main libasprintf0c2 amd64 0.19.3-2 [31.3 kB]
Get:7 http://localhost:9999/debian/ unstable/main libnettle4 amd64 2.7.1-5 [176 kB]
Get:8 http://localhost:9999/debian/ unstable/main libhogweed2 amd64 2.7.1-5 [125 kB]
Get:9 http://localhost:9999/debian/ unstable/main libp11-kit0 amd64 0.20.7-1 [81.2 kB]
Get:10 http://localhost:9999/debian/ unstable/main libtasn1-6 amd64 4.2-2 [48.6 kB]
Get:11 http://localhost:9999/debian/ unstable/main libgnutls-deb0-28 amd64 3.3.8-5 [694 kB]
Get:12 http://localhost:9999/debian/ unstable/main libkeyutils1 amd64 1.5.9-5+b1 [12.0 kB]
Get:13 http://localhost:9999/debian/ unstable/main libkrb5support0 amd64 1.12.1+dfsg-16 [58.3 kB]
Get:14 http://localhost:9999/debian/ unstable/main libk5crypto3 amd64 1.12.1+dfsg-16 [114 kB]
Get:15 http://localhost:9999/debian/ unstable/main libkrb5-3 amd64 1.12.1+dfsg-16 [302 kB]
Get:16 http://localhost:9999/debian/ unstable/main libgssapi-krb5-2 amd64 1.12.1+dfsg-16 [150 kB]
Get:17 http://localhost:9999/debian/ unstable/main libgssrpc4 amd64 1.12.1+dfsg-16 [85.6 kB]
Get:18 http://localhost:9999/debian/ unstable/main libkadm5clnt-mit9 amd64 1.12.1+dfsg-16 [67.7 kB]
Get:19 http://localhost:9999/debian/ unstable/main libkdb5-7 amd64 1.12.1+dfsg-16 [67.8 kB]
Get:20 http://localhost:9999/debian/ unstable/main libkadm5srv-mit9 amd64 1.12.1+dfsg-16 [82.3 kB]
Get:21 http://localhost:9999/debian/ unstable/main libsasl2-modules-db amd64 2.1.26.dfsg1-12 [66.9 kB]
Get:22 http://localhost:9999/debian/ unstable/main libsasl2-2 amd64 2.1.26.dfsg1-12 [104 kB]
Get:23 http://localhost:9999/debian/ unstable/main libldap-2.4-2 amd64 2.4.40-3 [218 kB]
Get:24 http://localhost:9999/debian/ unstable/main libmagic1 amd64 1:5.22+15-1 [249 kB]
Get:25 http://localhost:9999/debian/ unstable/main libsqlite3-0 amd64 3.8.7.4-1 [439 kB]
Get:26 http://localhost:9999/debian/ unstable/main libwrap0 amd64 7.6.q-25 [58.5 kB]
Get:27 http://localhost:9999/debian/ unstable/main libxml2 amd64 2.9.2+dfsg1-1+b1 [934 kB]
Get:28 http://localhost:9999/debian/ unstable/main libaio1 amd64 0.3.110-1 [9312 B]
Get:29 http://localhost:9999/debian/ unstable/main libglib2.0-0 amd64 2.42.1-1 [2401 kB]
Get:30 http://localhost:9999/debian/ unstable/main libcroco3 amd64 0.6.8-3+b1 [135 kB]
Get:31 http://localhost:9999/debian/ unstable/main freetds-common all 0.91-6 [57.9 kB]
Get:32 http://localhost:9999/debian/ unstable/main libct4 amd64 0.91-6+b1 [174 kB]
Get:33 http://localhost:9999/debian/ unstable/main mysql-common all 5.5.40-1 [76.3 kB]
Get:34 http://localhost:9999/debian/ unstable/main libmysqlclient18 amd64 5.5.40-1 [669 kB]
Get:35 http://localhost:9999/debian/ unstable/main libpq5 amd64 9.4.0-1 [120 kB]
Get:36 http://localhost:9999/debian/ unstable/main libsigsegv2 amd64 2.10-4+b1 [29.2 kB]
Get:37 http://localhost:9999/debian/ unstable/main libsybdb5 amd64 0.91-6+b1 [197 kB]
Get:38 http://localhost:9999/debian/ unstable/main libunistring0 amd64 0.9.3-5.2+b1 [288 kB]
Get:39 http://localhost:9999/debian/ unstable/main libdbi-perl amd64 1.631-3+b1 [816 kB]
Get:40 http://localhost:9999/debian/ unstable/main libdbd-mysql-perl amd64 4.028-2+b1 [119 kB]
Get:41 http://localhost:9999/debian/ unstable/main libterm-readkey-perl amd64 2.32-1+b1 [28.0 kB]
Get:42 http://localhost:9999/debian/ unstable/main mysql-client-5.5 amd64 5.5.40-1 [1819 kB]
Get:43 http://localhost:9999/debian/ unstable/main mysql-server-core-5.5 amd64 5.5.40-1 [3724 kB]
Get:44 http://localhost:9999/debian/ unstable/main psmisc amd64 22.21-2 [119 kB]
Get:45 http://localhost:9999/debian/ unstable/main mysql-server-5.5 amd64 5.5.40-1 [2009 kB]
Get:46 http://localhost:9999/debian/ unstable/main sgml-base all 1.26+nmu4 [14.6 kB]
Get:47 http://localhost:9999/debian/ unstable/main init-system-helpers all 1.22 [14.0 kB]
Get:48 http://localhost:9999/debian/ unstable/main netbase all 5.3 [19.0 kB]
Get:49 http://localhost:9999/debian/ unstable/main file amd64 1:5.22+15-1 [60.1 kB]
Get:50 http://localhost:9999/debian/ unstable/main gettext-base amd64 0.19.3-2 [121 kB]
Get:51 http://localhost:9999/debian/ unstable/main m4 amd64 1.4.17-4 [254 kB]
Get:52 http://localhost:9999/debian/ unstable/main ucf all 3.0030 [69.7 kB]
Get:53 http://localhost:9999/debian/ unstable/main autoconf all 2.69-8 [340 kB]
Get:54 http://localhost:9999/debian/ unstable/main autotools-dev all 20140911.1 [70.5 kB]
Get:55 http://localhost:9999/debian/ unstable/main automake all 1:1.14.1-4 [725 kB]
Get:56 http://localhost:9999/debian/ unstable/main autopoint all 0.19.3-2 [413 kB]
Get:57 http://localhost:9999/debian/ unstable/main gettext amd64 0.19.3-2 [1240 kB]
Get:58 http://localhost:9999/debian/ unstable/main intltool-debian all 0.35.0+20060710.1 [30.8 kB]
Get:59 http://localhost:9999/debian/ unstable/main po-debconf all 1.0.16+nmu3 [220 kB]
Get:60 http://localhost:9999/debian/ unstable/main debhelper all 9.20150101 [813 kB]
Get:61 http://localhost:9999/debian/ unstable/main libtool all 2.4.2-1.11 [190 kB]
Get:62 http://localhost:9999/debian/ unstable/main dh-autoreconf all 10 [15.2 kB]
Get:63 http://localhost:9999/debian/ unstable/main xml-core all 0.13+nmu2 [24.2 kB]
Get:64 http://localhost:9999/debian/ unstable/main sgml-data all 2.0.10 [181 kB]
Get:65 http://localhost:9999/debian/ unstable/main docbook all 4.5-5.1 [453 kB]
Get:66 http://localhost:9999/debian/ unstable/main libosp5 amd64 1.5.2-11.1 [963 kB]
Get:67 http://localhost:9999/debian/ unstable/main libostyle1c2 amd64 1.4devel1-21.1 [615 kB]
Get:68 http://localhost:9999/debian/ unstable/main openjade amd64 1.4devel1-21.1 [267 kB]
Get:69 http://localhost:9999/debian/ unstable/main docbook-dsssl all 1.79-7 [374 kB]
Get:70 http://localhost:9999/debian/ unstable/main freetds-dev amd64 0.91-6+b1 [273 kB]
Get:71 http://localhost:9999/debian/ unstable/main comerr-dev amd64 2.1-1.42.12-1 [38.4 kB]
Get:72 http://localhost:9999/debian/ unstable/main krb5-multidev amd64 1.12.1+dfsg-16 [144 kB]
Get:73 http://localhost:9999/debian/ unstable/main libdbi1 amd64 0.9.0-4 [32.3 kB]
Get:74 http://localhost:9999/debian/ unstable/main libdbi-dev amd64 0.9.0-4 [34.8 kB]
Get:75 http://localhost:9999/debian/ unstable/main zlib1g-dev amd64 1:1.2.8.dfsg-2+b1 [206 kB]
Get:76 http://localhost:9999/debian/ unstable/main libmysqlclient-dev amd64 5.5.40-1 [946 kB]
Get:77 http://localhost:9999/debian/ unstable/main libssl-dev amd64 1.0.1k-1 [1271 kB]
Get:78 http://localhost:9999/debian/ unstable/main libpq-dev amd64 9.4.0-1 [160 kB]
Get:79 http://localhost:9999/debian/ unstable/main libsqlite0 amd64 2.8.17-12 [140 kB]
Get:80 http://localhost:9999/debian/ unstable/main libsqlite0-dev amd64 2.8.17-12 [160 kB]
Get:81 http://localhost:9999/debian/ unstable/main libsqlite3-dev amd64 3.8.7.4-1 [538 kB]
Get:82 http://localhost:9999/debian/ unstable/main mysql-client all 5.5.40-1 [74.4 kB]
Get:83 http://localhost:9999/debian/ unstable/main mysql-server all 5.5.40-1 [74.5 kB]
Get:84 http://localhost:9999/debian/ unstable/main openssl amd64 1.0.1k-1 [677 kB]
Get:85 http://localhost:9999/debian/ unstable/main postgresql-client-common all 165 [73.3 kB]
Get:86 http://localhost:9999/debian/ unstable/main postgresql-client-9.4 amd64 9.4.0-1 [1070 kB]
Get:87 http://localhost:9999/debian/ unstable/main ssl-cert all 1.0.35 [20.9 kB]
Get:88 http://localhost:9999/debian/ unstable/main postgresql-common all 165 [202 kB]
Get:89 http://localhost:9999/debian/ unstable/main locales-all amd64 2.19-13 [3227 kB]
Get:90 http://localhost:9999/debian/ unstable/main postgresql-9.4 amd64 9.4.0-1 [3592 kB]
Get:91 http://localhost:9999/debian/ unstable/main postgresql all 9.4+165 [51.7 kB]
Extracting templates from packages: 32%Extracting templates from packages: 65%Extracting templates from packages: 97%Extracting templates from packages: 100%
Preconfiguring packages ...
Fetched 40.9 MB in 2s (14.1 MB/s)
Selecting previously unselected package libpipeline1:amd64.
(Reading database ... (Reading database ... 5%(Reading database ... 10%(Reading database ... 15%(Reading database ... 20%(Reading database ... 25%(Reading database ... 30%(Reading database ... 35%(Reading database ... 40%(Reading database ... 45%(Reading database ... 50%(Reading database ... 55%(Reading database ... 60%(Reading database ... 65%(Reading database ... 70%(Reading database ... 75%(Reading database ... 80%(Reading database ... 85%(Reading database ... 90%(Reading database ... 95%(Reading database ... 100%(Reading database ... 12192 files and directories currently installed.)
Preparing to unpack .../libpipeline1_1.4.0-1_amd64.deb ...
Unpacking libpipeline1:amd64 (1.4.0-1) ...
Selecting previously unselected package libssl1.0.0:amd64.
Preparing to unpack .../libssl1.0.0_1.0.1k-1_amd64.deb ...
Unpacking libssl1.0.0:amd64 (1.0.1k-1) ...
Selecting previously unselected package groff-base.
Preparing to unpack .../groff-base_1.22.3-1_amd64.deb ...
Unpacking groff-base (1.22.3-1) ...
Selecting previously unselected package bsdmainutils.
Preparing to unpack .../bsdmainutils_9.0.6_amd64.deb ...
Unpacking bsdmainutils (9.0.6) ...
Selecting previously unselected package man-db.
Preparing to unpack .../man-db_2.7.0.2-5_amd64.deb ...
Unpacking man-db (2.7.0.2-5) ...
Selecting previously unselected package libasprintf0c2:amd64.
Preparing to unpack .../libasprintf0c2_0.19.3-2_amd64.deb ...
Unpacking libasprintf0c2:amd64 (0.19.3-2) ...
Selecting previously unselected package libnettle4:amd64.
Preparing to unpack .../libnettle4_2.7.1-5_amd64.deb ...
Unpacking libnettle4:amd64 (2.7.1-5) ...
Selecting previously unselected package libhogweed2:amd64.
Preparing to unpack .../libhogweed2_2.7.1-5_amd64.deb ...
Unpacking libhogweed2:amd64 (2.7.1-5) ...
Selecting previously unselected package libp11-kit0:amd64.
Preparing to unpack .../libp11-kit0_0.20.7-1_amd64.deb ...
Unpacking libp11-kit0:amd64 (0.20.7-1) ...
Selecting previously unselected package libtasn1-6:amd64.
Preparing to unpack .../libtasn1-6_4.2-2_amd64.deb ...
Unpacking libtasn1-6:amd64 (4.2-2) ...
Selecting previously unselected package libgnutls-deb0-28:amd64.
Preparing to unpack .../libgnutls-deb0-28_3.3.8-5_amd64.deb ...
Unpacking libgnutls-deb0-28:amd64 (3.3.8-5) ...
Selecting previously unselected package libkeyutils1:amd64.
Preparing to unpack .../libkeyutils1_1.5.9-5+b1_amd64.deb ...
Unpacking libkeyutils1:amd64 (1.5.9-5+b1) ...
Selecting previously unselected package libkrb5support0:amd64.
Preparing to unpack .../libkrb5support0_1.12.1+dfsg-16_amd64.deb ...
Unpacking libkrb5support0:amd64 (1.12.1+dfsg-16) ...
Selecting previously unselected package libk5crypto3:amd64.
Preparing to unpack .../libk5crypto3_1.12.1+dfsg-16_amd64.deb ...
Unpacking libk5crypto3:amd64 (1.12.1+dfsg-16) ...
Selecting previously unselected package libkrb5-3:amd64.
Preparing to unpack .../libkrb5-3_1.12.1+dfsg-16_amd64.deb ...
Unpacking libkrb5-3:amd64 (1.12.1+dfsg-16) ...
Selecting previously unselected package libgssapi-krb5-2:amd64.
Preparing to unpack .../libgssapi-krb5-2_1.12.1+dfsg-16_amd64.deb ...
Unpacking libgssapi-krb5-2:amd64 (1.12.1+dfsg-16) ...
Selecting previously unselected package libgssrpc4:amd64.
Preparing to unpack .../libgssrpc4_1.12.1+dfsg-16_amd64.deb ...
Unpacking libgssrpc4:amd64 (1.12.1+dfsg-16) ...
Selecting previously unselected package libkadm5clnt-mit9:amd64.
Preparing to unpack .../libkadm5clnt-mit9_1.12.1+dfsg-16_amd64.deb ...
Unpacking libkadm5clnt-mit9:amd64 (1.12.1+dfsg-16) ...
Selecting previously unselected package libkdb5-7:amd64.
Preparing to unpack .../libkdb5-7_1.12.1+dfsg-16_amd64.deb ...
Unpacking libkdb5-7:amd64 (1.12.1+dfsg-16) ...
Selecting previously unselected package libkadm5srv-mit9:amd64.
Preparing to unpack .../libkadm5srv-mit9_1.12.1+dfsg-16_amd64.deb ...
Unpacking libkadm5srv-mit9:amd64 (1.12.1+dfsg-16) ...
Selecting previously unselected package libsasl2-modules-db:amd64.
Preparing to unpack .../libsasl2-modules-db_2.1.26.dfsg1-12_amd64.deb ...
Unpacking libsasl2-modules-db:amd64 (2.1.26.dfsg1-12) ...
Selecting previously unselected package libsasl2-2:amd64.
Preparing to unpack .../libsasl2-2_2.1.26.dfsg1-12_amd64.deb ...
Unpacking libsasl2-2:amd64 (2.1.26.dfsg1-12) ...
Selecting previously unselected package libldap-2.4-2:amd64.
Preparing to unpack .../libldap-2.4-2_2.4.40-3_amd64.deb ...
Unpacking libldap-2.4-2:amd64 (2.4.40-3) ...
Selecting previously unselected package libmagic1:amd64.
Preparing to unpack .../libmagic1_1%3a5.22+15-1_amd64.deb ...
Unpacking libmagic1:amd64 (1:5.22+15-1) ...
Selecting previously unselected package libsqlite3-0:amd64.
Preparing to unpack .../libsqlite3-0_3.8.7.4-1_amd64.deb ...
Unpacking libsqlite3-0:amd64 (3.8.7.4-1) ...
Selecting previously unselected package libwrap0:amd64.
Preparing to unpack .../libwrap0_7.6.q-25_amd64.deb ...
Unpacking libwrap0:amd64 (7.6.q-25) ...
Selecting previously unselected package libxml2:amd64.
Preparing to unpack .../libxml2_2.9.2+dfsg1-1+b1_amd64.deb ...
Unpacking libxml2:amd64 (2.9.2+dfsg1-1+b1) ...
Selecting previously unselected package libaio1:amd64.
Preparing to unpack .../libaio1_0.3.110-1_amd64.deb ...
Unpacking libaio1:amd64 (0.3.110-1) ...
Selecting previously unselected package libglib2.0-0:amd64.
Preparing to unpack .../libglib2.0-0_2.42.1-1_amd64.deb ...
Unpacking libglib2.0-0:amd64 (2.42.1-1) ...
Selecting previously unselected package libcroco3:amd64.
Preparing to unpack .../libcroco3_0.6.8-3+b1_amd64.deb ...
Unpacking libcroco3:amd64 (0.6.8-3+b1) ...
Selecting previously unselected package freetds-common.
Preparing to unpack .../freetds-common_0.91-6_all.deb ...
Unpacking freetds-common (0.91-6) ...
Selecting previously unselected package libct4:amd64.
Preparing to unpack .../libct4_0.91-6+b1_amd64.deb ...
Unpacking libct4:amd64 (0.91-6+b1) ...
Selecting previously unselected package mysql-common.
Preparing to unpack .../mysql-common_5.5.40-1_all.deb ...
Unpacking mysql-common (5.5.40-1) ...
Selecting previously unselected package libmysqlclient18:amd64.
Preparing to unpack .../libmysqlclient18_5.5.40-1_amd64.deb ...
Unpacking libmysqlclient18:amd64 (5.5.40-1) ...
Selecting previously unselected package libpq5:amd64.
Preparing to unpack .../libpq5_9.4.0-1_amd64.deb ...
Unpacking libpq5:amd64 (9.4.0-1) ...
Selecting previously unselected package libsigsegv2:amd64.
Preparing to unpack .../libsigsegv2_2.10-4+b1_amd64.deb ...
Unpacking libsigsegv2:amd64 (2.10-4+b1) ...
Selecting previously unselected package libsybdb5:amd64.
Preparing to unpack .../libsybdb5_0.91-6+b1_amd64.deb ...
Unpacking libsybdb5:amd64 (0.91-6+b1) ...
Selecting previously unselected package libunistring0:amd64.
Preparing to unpack .../libunistring0_0.9.3-5.2+b1_amd64.deb ...
Unpacking libunistring0:amd64 (0.9.3-5.2+b1) ...
Selecting previously unselected package libdbi-perl.
Preparing to unpack .../libdbi-perl_1.631-3+b1_amd64.deb ...
Unpacking libdbi-perl (1.631-3+b1) ...
Selecting previously unselected package libdbd-mysql-perl.
Preparing to unpack .../libdbd-mysql-perl_4.028-2+b1_amd64.deb ...
Unpacking libdbd-mysql-perl (4.028-2+b1) ...
Selecting previously unselected package libterm-readkey-perl.
Preparing to unpack .../libterm-readkey-perl_2.32-1+b1_amd64.deb ...
Unpacking libterm-readkey-perl (2.32-1+b1) ...
Selecting previously unselected package mysql-client-5.5.
Preparing to unpack .../mysql-client-5.5_5.5.40-1_amd64.deb ...
Unpacking mysql-client-5.5 (5.5.40-1) ...
Selecting previously unselected package mysql-server-core-5.5.
Preparing to unpack .../mysql-server-core-5.5_5.5.40-1_amd64.deb ...
Unpacking mysql-server-core-5.5 (5.5.40-1) ...
Selecting previously unselected package psmisc.
Preparing to unpack .../psmisc_22.21-2_amd64.deb ...
Unpacking psmisc (22.21-2) ...
Setting up mysql-common (5.5.40-1) ...
Selecting previously unselected package mysql-server-5.5.
(Reading database ... (Reading database ... 5%(Reading database ... 10%(Reading database ... 15%(Reading database ... 20%(Reading database ... 25%(Reading database ... 30%(Reading database ... 35%(Reading database ... 40%(Reading database ... 45%(Reading database ... 50%(Reading database ... 55%(Reading database ... 60%(Reading database ... 65%(Reading database ... 70%(Reading database ... 75%(Reading database ... 80%(Reading database ... 85%(Reading database ... 90%(Reading database ... 95%(Reading database ... 100%(Reading database ... 13503 files and directories currently installed.)
Preparing to unpack .../mysql-server-5.5_5.5.40-1_amd64.deb ...
df: Warning: cannot read table of mounted file systems: No such file or directory
Unpacking mysql-server-5.5 (5.5.40-1) ...
Selecting previously unselected package sgml-base.
Preparing to unpack .../sgml-base_1.26+nmu4_all.deb ...
Unpacking sgml-base (1.26+nmu4) ...
Selecting previously unselected package init-system-helpers.
Preparing to unpack .../init-system-helpers_1.22_all.deb ...
Unpacking init-system-helpers (1.22) ...
Selecting previously unselected package netbase.
Preparing to unpack .../archives/netbase_5.3_all.deb ...
Unpacking netbase (5.3) ...
Selecting previously unselected package file.
Preparing to unpack .../file_1%3a5.22+15-1_amd64.deb ...
Unpacking file (1:5.22+15-1) ...
Selecting previously unselected package gettext-base.
Preparing to unpack .../gettext-base_0.19.3-2_amd64.deb ...
Unpacking gettext-base (0.19.3-2) ...
Selecting previously unselected package m4.
Preparing to unpack .../archives/m4_1.4.17-4_amd64.deb ...
Unpacking m4 (1.4.17-4) ...
Selecting previously unselected package ucf.
Preparing to unpack .../archives/ucf_3.0030_all.deb ...
Moving old data out of the way
Unpacking ucf (3.0030) ...
Selecting previously unselected package autoconf.
Preparing to unpack .../autoconf_2.69-8_all.deb ...
Unpacking autoconf (2.69-8) ...
Selecting previously unselected package autotools-dev.
Preparing to unpack .../autotools-dev_20140911.1_all.deb ...
Unpacking autotools-dev (20140911.1) ...
Selecting previously unselected package automake.
Preparing to unpack .../automake_1%3a1.14.1-4_all.deb ...
Unpacking automake (1:1.14.1-4) ...
Selecting previously unselected package autopoint.
Preparing to unpack .../autopoint_0.19.3-2_all.deb ...
Unpacking autopoint (0.19.3-2) ...
Selecting previously unselected package gettext.
Preparing to unpack .../gettext_0.19.3-2_amd64.deb ...
Unpacking gettext (0.19.3-2) ...
Selecting previously unselected package intltool-debian.
Preparing to unpack .../intltool-debian_0.35.0+20060710.1_all.deb ...
Unpacking intltool-debian (0.35.0+20060710.1) ...
Selecting previously unselected package po-debconf.
Preparing to unpack .../po-debconf_1.0.16+nmu3_all.deb ...
Unpacking po-debconf (1.0.16+nmu3) ...
Selecting previously unselected package debhelper.
Preparing to unpack .../debhelper_9.20150101_all.deb ...
Unpacking debhelper (9.20150101) ...
Selecting previously unselected package libtool.
Preparing to unpack .../libtool_2.4.2-1.11_all.deb ...
Unpacking libtool (2.4.2-1.11) ...
Selecting previously unselected package dh-autoreconf.
Preparing to unpack .../dh-autoreconf_10_all.deb ...
Unpacking dh-autoreconf (10) ...
Selecting previously unselected package xml-core.
Preparing to unpack .../xml-core_0.13+nmu2_all.deb ...
Unpacking xml-core (0.13+nmu2) ...
Selecting previously unselected package sgml-data.
Preparing to unpack .../sgml-data_2.0.10_all.deb ...
Unpacking sgml-data (2.0.10) ...
Selecting previously unselected package docbook.
Preparing to unpack .../docbook_4.5-5.1_all.deb ...
Unpacking docbook (4.5-5.1) ...
Selecting previously unselected package libosp5.
Preparing to unpack .../libosp5_1.5.2-11.1_amd64.deb ...
Unpacking libosp5 (1.5.2-11.1) ...
Selecting previously unselected package libostyle1c2.
Preparing to unpack .../libostyle1c2_1.4devel1-21.1_amd64.deb ...
Unpacking libostyle1c2 (1.4devel1-21.1) ...
Selecting previously unselected package openjade.
Preparing to unpack .../openjade_1.4devel1-21.1_amd64.deb ...
Unpacking openjade (1.4devel1-21.1) ...
Selecting previously unselected package docbook-dsssl.
Preparing to unpack .../docbook-dsssl_1.79-7_all.deb ...
Unpacking docbook-dsssl (1.79-7) ...
Selecting previously unselected package freetds-dev.
Preparing to unpack .../freetds-dev_0.91-6+b1_amd64.deb ...
Unpacking freetds-dev (0.91-6+b1) ...
Selecting previously unselected package comerr-dev.
Preparing to unpack .../comerr-dev_2.1-1.42.12-1_amd64.deb ...
Unpacking comerr-dev (2.1-1.42.12-1) ...
Selecting previously unselected package krb5-multidev.
Preparing to unpack .../krb5-multidev_1.12.1+dfsg-16_amd64.deb ...
Unpacking krb5-multidev (1.12.1+dfsg-16) ...
Selecting previously unselected package libdbi1:amd64.
Preparing to unpack .../libdbi1_0.9.0-4_amd64.deb ...
Unpacking libdbi1:amd64 (0.9.0-4) ...
Selecting previously unselected package libdbi-dev.
Preparing to unpack .../libdbi-dev_0.9.0-4_amd64.deb ...
Unpacking libdbi-dev (0.9.0-4) ...
Selecting previously unselected package zlib1g-dev:amd64.
Preparing to unpack .../zlib1g-dev_1%3a1.2.8.dfsg-2+b1_amd64.deb ...
Unpacking zlib1g-dev:amd64 (1:1.2.8.dfsg-2+b1) ...
Selecting previously unselected package libmysqlclient-dev.
Preparing to unpack .../libmysqlclient-dev_5.5.40-1_amd64.deb ...
Unpacking libmysqlclient-dev (5.5.40-1) ...
Selecting previously unselected package libssl-dev:amd64.
Preparing to unpack .../libssl-dev_1.0.1k-1_amd64.deb ...
Unpacking libssl-dev:amd64 (1.0.1k-1) ...
Selecting previously unselected package libpq-dev.
Preparing to unpack .../libpq-dev_9.4.0-1_amd64.deb ...
Unpacking libpq-dev (9.4.0-1) ...
Selecting previously unselected package libsqlite0.
Preparing to unpack .../libsqlite0_2.8.17-12_amd64.deb ...
Unpacking libsqlite0 (2.8.17-12) ...
Selecting previously unselected package libsqlite0-dev.
Preparing to unpack .../libsqlite0-dev_2.8.17-12_amd64.deb ...
Unpacking libsqlite0-dev (2.8.17-12) ...
Selecting previously unselected package libsqlite3-dev:amd64.
Preparing to unpack .../libsqlite3-dev_3.8.7.4-1_amd64.deb ...
Unpacking libsqlite3-dev:amd64 (3.8.7.4-1) ...
Selecting previously unselected package mysql-client.
Preparing to unpack .../mysql-client_5.5.40-1_all.deb ...
Unpacking mysql-client (5.5.40-1) ...
Selecting previously unselected package mysql-server.
Preparing to unpack .../mysql-server_5.5.40-1_all.deb ...
Unpacking mysql-server (5.5.40-1) ...
Selecting previously unselected package openssl.
Preparing to unpack .../openssl_1.0.1k-1_amd64.deb ...
Unpacking openssl (1.0.1k-1) ...
Selecting previously unselected package postgresql-client-common.
Preparing to unpack .../postgresql-client-common_165_all.deb ...
Unpacking postgresql-client-common (165) ...
Selecting previously unselected package postgresql-client-9.4.
Preparing to unpack .../postgresql-client-9.4_9.4.0-1_amd64.deb ...
Unpacking postgresql-client-9.4 (9.4.0-1) ...
Selecting previously unselected package ssl-cert.
Preparing to unpack .../ssl-cert_1.0.35_all.deb ...
Unpacking ssl-cert (1.0.35) ...
Selecting previously unselected package postgresql-common.
Preparing to unpack .../postgresql-common_165_all.deb ...
Adding 'diversion of /usr/bin/pg_config to /usr/bin/pg_config.libpq-dev by postgresql-common'
Unpacking postgresql-common (165) ...
Selecting previously unselected package locales-all.
Preparing to unpack .../locales-all_2.19-13_amd64.deb ...
Unpacking locales-all (2.19-13) ...
Selecting previously unselected package postgresql-9.4.
Preparing to unpack .../postgresql-9.4_9.4.0-1_amd64.deb ...
Unpacking postgresql-9.4 (9.4.0-1) ...
Selecting previously unselected package postgresql.
Preparing to unpack .../postgresql_9.4+165_all.deb ...
Unpacking postgresql (9.4+165) ...
Selecting previously unselected package sbuild-build-depends-libdbi-drivers-dummy.
Preparing to unpack .../sbuild-build-depends-libdbi-drivers-dummy.deb ...
Unpacking sbuild-build-depends-libdbi-drivers-dummy (0.invalid.0) ...
Setting up libpipeline1:amd64 (1.4.0-1) ...
Setting up libssl1.0.0:amd64 (1.0.1k-1) ...
Setting up groff-base (1.22.3-1) ...
Setting up bsdmainutils (9.0.6) ...
update-alternatives: using /usr/bin/bsd-write to provide /usr/bin/write (write) in auto mode
update-alternatives: using /usr/bin/bsd-from to provide /usr/bin/from (from) in auto mode
Setting up man-db (2.7.0.2-5) ...
Not building database; man-db/auto-update is not 'true'.
Setting up libasprintf0c2:amd64 (0.19.3-2) ...
Setting up libnettle4:amd64 (2.7.1-5) ...
Setting up libhogweed2:amd64 (2.7.1-5) ...
Setting up libp11-kit0:amd64 (0.20.7-1) ...
Setting up libtasn1-6:amd64 (4.2-2) ...
Setting up libgnutls-deb0-28:amd64 (3.3.8-5) ...
Setting up libkeyutils1:amd64 (1.5.9-5+b1) ...
Setting up libkrb5support0:amd64 (1.12.1+dfsg-16) ...
Setting up libk5crypto3:amd64 (1.12.1+dfsg-16) ...
Setting up libkrb5-3:amd64 (1.12.1+dfsg-16) ...
Setting up libgssapi-krb5-2:amd64 (1.12.1+dfsg-16) ...
Setting up libgssrpc4:amd64 (1.12.1+dfsg-16) ...
Setting up libkadm5clnt-mit9:amd64 (1.12.1+dfsg-16) ...
Setting up libkdb5-7:amd64 (1.12.1+dfsg-16) ...
Setting up libkadm5srv-mit9:amd64 (1.12.1+dfsg-16) ...
Setting up libsasl2-modules-db:amd64 (2.1.26.dfsg1-12) ...
Setting up libsasl2-2:amd64 (2.1.26.dfsg1-12) ...
Setting up libldap-2.4-2:amd64 (2.4.40-3) ...
Setting up libmagic1:amd64 (1:5.22+15-1) ...
Setting up libsqlite3-0:amd64 (3.8.7.4-1) ...
Setting up libwrap0:amd64 (7.6.q-25) ...
Setting up libxml2:amd64 (2.9.2+dfsg1-1+b1) ...
Setting up libaio1:amd64 (0.3.110-1) ...
Setting up libglib2.0-0:amd64 (2.42.1-1) ...
No schema files found: doing nothing.
Setting up libcroco3:amd64 (0.6.8-3+b1) ...
Setting up freetds-common (0.91-6) ...
Setting up libct4:amd64 (0.91-6+b1) ...
Setting up libmysqlclient18:amd64 (5.5.40-1) ...
Setting up libpq5:amd64 (9.4.0-1) ...
Setting up libsigsegv2:amd64 (2.10-4+b1) ...
Setting up libsybdb5:amd64 (0.91-6+b1) ...
Setting up libunistring0:amd64 (0.9.3-5.2+b1) ...
Setting up libdbi-perl (1.631-3+b1) ...
Setting up libdbd-mysql-perl (4.028-2+b1) ...
Setting up libterm-readkey-perl (2.32-1+b1) ...
Setting up mysql-client-5.5 (5.5.40-1) ...
Setting up mysql-server-core-5.5 (5.5.40-1) ...
Setting up psmisc (22.21-2) ...
Setting up mysql-server-5.5 (5.5.40-1) ...
All runlevel operations denied by policy
invoke-rc.d: policy-rc.d denied execution of stop.
All runlevel operations denied by policy
invoke-rc.d: policy-rc.d denied execution of start.
Setting up sgml-base (1.26+nmu4) ...
Setting up init-system-helpers (1.22) ...
Setting up netbase (5.3) ...
Setting up file (1:5.22+15-1) ...
Setting up gettext-base (0.19.3-2) ...
Setting up m4 (1.4.17-4) ...
Setting up ucf (3.0030) ...
Setting up autoconf (2.69-8) ...
Setting up autotools-dev (20140911.1) ...
Setting up automake (1:1.14.1-4) ...
update-alternatives: using /usr/bin/automake-1.14 to provide /usr/bin/automake (automake) in auto mode
Setting up autopoint (0.19.3-2) ...
Setting up gettext (0.19.3-2) ...
Setting up intltool-debian (0.35.0+20060710.1) ...
Setting up po-debconf (1.0.16+nmu3) ...
Setting up debhelper (9.20150101) ...
Setting up libtool (2.4.2-1.11) ...
Setting up dh-autoreconf (10) ...
Setting up xml-core (0.13+nmu2) ...
Setting up libosp5 (1.5.2-11.1) ...
Setting up libostyle1c2 (1.4devel1-21.1) ...
Setting up openjade (1.4devel1-21.1) ...
Setting up freetds-dev (0.91-6+b1) ...
Setting up comerr-dev (2.1-1.42.12-1) ...
Setting up krb5-multidev (1.12.1+dfsg-16) ...
Setting up libdbi1:amd64 (0.9.0-4) ...
Setting up libdbi-dev (0.9.0-4) ...
Setting up zlib1g-dev:amd64 (1:1.2.8.dfsg-2+b1) ...
Setting up libmysqlclient-dev (5.5.40-1) ...
Setting up libssl-dev:amd64 (1.0.1k-1) ...
Setting up libpq-dev (9.4.0-1) ...
Setting up libsqlite0 (2.8.17-12) ...
Setting up libsqlite0-dev (2.8.17-12) ...
Setting up libsqlite3-dev:amd64 (3.8.7.4-1) ...
Setting up mysql-client (5.5.40-1) ...
Setting up mysql-server (5.5.40-1) ...
Setting up openssl (1.0.1k-1) ...
Setting up postgresql-client-common (165) ...
Setting up postgresql-client-9.4 (9.4.0-1) ...
update-alternatives: using /usr/share/postgresql/9.4/man/man1/psql.1.gz to provide /usr/share/man/man1/psql.1.gz (psql.1.gz) in auto mode
Setting up ssl-cert (1.0.35) ...
Setting up postgresql-common (165) ...
Adding user postgres to group ssl-cert

Creating config file /etc/postgresql-common/createcluster.conf with new version
Building PostgreSQL dictionaries from installed myspell/hunspell packages...
Removing obsolete dictionary files:
All runlevel operations denied by policy
invoke-rc.d: policy-rc.d denied execution of start.
Setting up locales-all (2.19-13) ...
Setting up postgresql-9.4 (9.4.0-1) ...
Creating new cluster 9.4/main ...
  config /etc/postgresql/9.4/main
  data   /var/lib/postgresql/9.4/main
  locale C
  port   5432
update-alternatives: using /usr/share/postgresql/9.4/man/man1/postmaster.1.gz to provide /usr/share/man/man1/postmaster.1.gz (postmaster.1.gz) in auto mode
All runlevel operations denied by policy
invoke-rc.d: policy-rc.d denied execution of start.
Setting up postgresql (9.4+165) ...
Processing triggers for sgml-base (1.26+nmu4) ...
Setting up sgml-data (2.0.10) ...
Processing triggers for sgml-base (1.26+nmu4) ...
Setting up docbook (4.5-5.1) ...
Processing triggers for sgml-base (1.26+nmu4) ...
Setting up docbook-dsssl (1.79-7) ...
Processing triggers for sgml-base (1.26+nmu4) ...
Setting up sbuild-build-depends-libdbi-drivers-dummy (0.invalid.0) ...
Processing triggers for libc-bin (2.19-13) ...

┌──────────────────────────────────────────────────────────────────────────────┐
│ Build environment                                                            │
└──────────────────────────────────────────────────────────────────────────────┘

Kernel: Linux 3.2.0-4-amd64 amd64 (x86_64)
Toolchain package versions: binutils_2.25-4 dpkg-dev_1.17.23 g++-4.9_4.9.2-10 gcc-4.9_4.9.2-10 libc6-dev_2.19-13 libstdc++-4.9-dev_4.9.2-10 libstdc++6_4.9.2-10 linux-libc-dev_3.16.7-ckt4-1
Package versions: acl_2.2.52-2 adduser_3.113+nmu3 apt_1.0.9.6 apt-utils_1.0.9.6 autoconf_2.69-8 automake_1:1.14.1-4 autopoint_0.19.3-2 autotools-dev_20140911.1 base-files_8 base-passwd_3.5.37 bash_4.3-11+b1 binutils_2.25-4 bsdmainutils_9.0.6 bsdutils_1:2.25.2-4.1 build-essential_11.7 bzip2_1.0.6-7+b2 clang-3.6_1:3.6~+rc1-1 comerr-dev_2.1-1.42.12-1 coreutils_8.23-3 cpp_4:4.9.2-1 cpp-4.9_4.9.2-10 dash_0.5.7-4+b1 debconf_1.5.55 debfoster_2.7-2 debhelper_9.20150101 debian-archive-keyring_2014.3 debianutils_4.4+b1 dh-autoreconf_10 diffutils_1:3.3-1+b1 dmsetup_2:1.02.90-2 docbook_4.5-5.1 docbook-dsssl_1.79-7 dpkg_1.17.23 dpkg-dev_1.17.23 e2fslibs_1.42.12-1 e2fsprogs_1.42.12-1 fakeroot_1.20.2-1 file_1:5.22+15-1 findutils_4.4.2-9+b1 freetds-common_0.91-6 freetds-dev_0.91-6+b1 g++_4:4.9.2-1 g++-4.9_4.9.2-10 gcc_4:4.9.2-1 gcc-4.9_4.9.2-10 gcc-4.9-base_4.9.2-10 gettext_0.19.3-2 gettext-base_0.19.3-2 gnupg_1.4.18-6 gpgv_1.4.18-6 grep_2.20-4 groff-base_1.22.3-1 gzip_1.6-4 hostname_3.15 init_1.22 init-system-helpers_1.22 initscripts_2.88dsf-58 insserv_1.14.0-5 intltool-debian_0.35.0+20060710.1 krb5-multidev_1.12.1+dfsg-16 less_458-3 libacl1_2.2.52-2 libaio1_0.3.110-1 libapt-inst1.5_1.0.9.6 libapt-pkg4.12_1.0.9.6 libasan1_4.9.2-10 libasprintf0c2_0.19.3-2 libatomic1_4.9.2-10 libattr1_1:2.4.47-2 libaudit-common_1:2.4-1 libaudit1_1:2.4-1+b1 libblkid1_2.25.2-4.1 libbsd0_0.7.0-2 libbz2-1.0_1.0.6-7+b2 libc-bin_2.19-13 libc-dev-bin_2.19-13 libc6_2.19-13 libc6-dev_2.19-13 libcap2_1:2.24-6 libcap2-bin_1:2.24-6 libcilkrts5_4.9.2-10 libclang-common-3.6-dev_1:3.6~+rc1-1 libclang1-3.6_1:3.6~+rc1-1 libcloog-isl4_0.18.2-1+b2 libcomerr2_1.42.12-1 libcroco3_0.6.8-3+b1 libcryptsetup4_2:1.6.6-5 libct4_0.91-6+b1 libdb5.3_5.3.28-9 libdbd-mysql-perl_4.028-2+b1 libdbi-dev_0.9.0-4 libdbi-perl_1.631-3+b1 libdbi1_0.9.0-4 libdebconfclient0_0.192 libdevmapper1.02.1_2:1.02.90-2 libdpkg-perl_1.17.23 libedit2_3.1-20140620-2 libfakeroot_1.20.2-1 libffi6_3.1-2+b2 libgc1c2_1:7.2d-6.4 libgcc-4.9-dev_4.9.2-10 libgcc1_1:4.9.2-10 libgcrypt20_1.6.2-4+b1 libgdbm3_1.8.3-13.1 libglib2.0-0_2.42.1-1 libgmp10_2:6.0.0+dfsg-6 libgnutls-deb0-28_3.3.8-5 libgomp1_4.9.2-10 libgpg-error0_1.17-3 libgssapi-krb5-2_1.12.1+dfsg-16 libgssrpc4_1.12.1+dfsg-16 libhogweed2_2.7.1-5 libisl10_0.12.2-2 libitm1_4.9.2-10 libk5crypto3_1.12.1+dfsg-16 libkadm5clnt-mit9_1.12.1+dfsg-16 libkadm5srv-mit9_1.12.1+dfsg-16 libkdb5-7_1.12.1+dfsg-16 libkeyutils1_1.5.9-5+b1 libkmod2_18-3 libkrb5-3_1.12.1+dfsg-16 libkrb5support0_1.12.1+dfsg-16 libldap-2.4-2_2.4.40-3 libllvm3.6_1:3.6~+rc1-1 liblsan0_4.9.2-10 liblzma5_5.1.1alpha+20120614-2+b3 libmagic1_1:5.22+15-1 libmount1_2.25.2-4.1 libmpc3_1.0.2-2 libmpfr4_3.1.2-2 libmysqlclient-dev_5.5.40-1 libmysqlclient18_5.5.40-1 libncurses5_5.9+20140913-1+b1 libncursesw5_5.9+20140913-1+b1 libnettle4_2.7.1-5 libobjc-4.9-dev_4.9.2-10 libobjc4_4.9.2-10 libosp5_1.5.2-11.1 libostyle1c2_1.4devel1-21.1 libp11-kit0_0.20.7-1 libpam-modules_1.1.8-3.1 libpam-modules-bin_1.1.8-3.1 libpam-runtime_1.1.8-3.1 libpam0g_1.1.8-3.1 libpcre3_2:8.35-3.3 libpipeline1_1.4.0-1 libpq-dev_9.4.0-1 libpq5_9.4.0-1 libprocps3_2:3.3.9-8 libquadmath0_4.9.2-10 libreadline6_6.3-8+b3 libsasl2-2_2.1.26.dfsg1-12 libsasl2-modules-db_2.1.26.dfsg1-12 libselinux1_2.3-2 libsemanage-common_2.3-1 libsemanage1_2.3-1+b1 libsepol1_2.3-2 libsigsegv2_2.10-4+b1 libslang2_2.3.0-2 libsmartcols1_2.25.2-4.1 libsqlite0_2.8.17-12 libsqlite0-dev_2.8.17-12 libsqlite3-0_3.8.7.4-1 libsqlite3-dev_3.8.7.4-1 libss2_1.42.12-1 libssl-dev_1.0.1k-1 libssl1.0.0_1.0.1k-1 libstdc++-4.9-dev_4.9.2-10 libstdc++6_4.9.2-10 libsybdb5_0.91-6+b1 libsystemd0_215-10 libtasn1-6_4.2-2 libterm-readkey-perl_2.32-1+b1 libtimedate-perl_2.3000-2 libtinfo5_5.9+20140913-1+b1 libtool_2.4.2-1.11 libtsan0_4.9.2-10 libubsan0_4.9.2-10 libudev1_215-10 libunistring0_0.9.3-5.2+b1 libusb-0.1-4_2:0.1.12-25 libustr-1.0-1_1.0.4-3+b2 libuuid1_2.25.2-4.1 libwrap0_7.6.q-25 libxml2_2.9.2+dfsg1-1+b1 linux-libc-dev_3.16.7-ckt4-1 locales-all_2.19-13 login_1:4.2-3 lsb-base_4.1+Debian13+nmu1 m4_1.4.17-4 make_4.0-8.1 man-db_2.7.0.2-5 mawk_1.3.3-17 mount_2.25.2-4.1 multiarch-support_2.19-13 mysql-client_5.5.40-1 mysql-client-5.5_5.5.40-1 mysql-common_5.5.40-1 mysql-server_5.5.40-1 mysql-server-5.5_5.5.40-1 mysql-server-core-5.5_5.5.40-1 ncurses-base_5.9+20140913-1 ncurses-bin_5.9+20140913-1+b1 netbase_5.3 nvi_1.81.6-11+b1 openjade_1.4devel1-21.1 openssl_1.0.1k-1 passwd_1:4.2-3 patch_2.7.1-7 perl_5.20.1-4 perl-base_5.20.1-4 perl-modules_5.20.1-4 po-debconf_1.0.16+nmu3 postgresql_9.4+165 postgresql-9.4_9.4.0-1 postgresql-client-9.4_9.4.0-1 postgresql-client-common_165 postgresql-common_165 procps_2:3.3.9-8 psmisc_22.21-2 readline-common_6.3-8 sbuild-build-depends-core-dummy_0.invalid.0 sbuild-build-depends-libdbi-drivers-dummy_0.invalid.0 sed_4.2.2-4+b1 sensible-utils_0.0.9 sgml-base_1.26+nmu4 sgml-data_2.0.10 ssl-cert_1.0.35 startpar_0.59-3 sudo_1.8.11p2-1.1 systemd_215-10 systemd-sysv_215-10 sysv-rc_2.88dsf-58 sysvinit-utils_2.88dsf-58 tar_1.27.1-2+b1 tzdata_2014j-1 ucf_3.0030 udev_215-10 util-linux_2.25.2-4.1 xml-core_0.13+nmu2 xz-utils_5.1.1alpha+20120614-2+b3 zlib1g_1:1.2.8.dfsg-2+b1 zlib1g-dev_1:1.2.8.dfsg-2+b1

┌──────────────────────────────────────────────────────────────────────────────┐
│ Build                                                                        │
└──────────────────────────────────────────────────────────────────────────────┘


Unpack source
─────────────

gpgv: keyblock resource `/sbuild-nonexistent/.gnupg/trustedkeys.gpg': file open error
gpgv: Signature made Fri Apr  4 16:01:58 2014 UTC using RSA key ID 864CC8BF
gpgv: Can't check signature: public key not found
dpkg-source: warning: failed to verify signature on ./libdbi-drivers_0.9.0-3.dsc
dpkg-source: info: extracting libdbi-drivers in libdbi-drivers-0.9.0
dpkg-source: info: unpacking libdbi-drivers_0.9.0.orig.tar.gz
dpkg-source: info: unpacking libdbi-drivers_0.9.0-3.debian.tar.xz
dpkg-source: info: applying mysql_h_path.patch
dpkg-source: info: applying fix_sqlite3_lib_name.patch
dpkg-source: info: applying disable_some_tests_for_sqlite3.patch
dpkg-source: info: applying fix_ftbfs_on_hurd.patch

Check disc space
────────────────

Sufficient free space for build

User Environment
────────────────

DEB_BUILD_OPTIONS=parallel=10
HOME=/sbuild-nonexistent
LOGNAME=user
PATH=/usr/local/sbin:/usr/local/bin:/usr/sbin:/usr/bin:/sbin:/bin:/usr/games
SCHROOT_ALIAS_NAME=unstable-amd64-sbuild
SCHROOT_CHROOT_NAME=unstable-amd64-sbuild
SCHROOT_COMMAND=env
SCHROOT_GID=1001
SCHROOT_GROUP=user
SCHROOT_SESSION_ID=unstable-amd64-sbuild-e057bfe2-ad52-4180-bd4b-6b141ee5051b
SCHROOT_UID=1001
SCHROOT_USER=user
SHELL=/bin/sh
USER=user

dpkg-buildpackage
─────────────────

dpkg-buildpackage: source package libdbi-drivers
dpkg-buildpackage: source version 0.9.0-3
dpkg-buildpackage: source distribution unstable
dpkg-buildpackage: source changed by Prach Pongpanich <prachpub@gmail.com>
 dpkg-source --before-build libdbi-drivers-0.9.0
dpkg-buildpackage: host architecture amd64
 fakeroot debian/rules clean
dh_testdir
dh_testroot
rm -f build-stamp test-stamp
rm -f libdbd-sqlite3.debhelper.log
[ ! -f Makefile ] || /usr/bin/make distclean
if [ -d debian/upstream-config-sub-and-guess ] ; then \
	cp debian/upstream-config-sub-and-guess/config.sub . ; \
	cp debian/upstream-config-sub-and-guess/config.guess . ; \
	rm -rf debian/upstream-config-sub-and-guess ; \
fi
rm -f config.log doc/include/Makefile doc/Makefile
dh_clean
dh_autoreconf_clean
# We need to deapply-all here, because of dh_autoreconf_clean that
# might do the opposite work as expected.
rm -f debian/*.log
 debian/rules build-arch
dh_testdir
dh_autoreconf
aclocal: warning: autoconf input should be named 'configure.ac', not 'configure.in'
libtoolize: putting auxiliary files in `.'.
libtoolize: copying file `./ltmain.sh'
libtoolize: putting macros in AC_CONFIG_MACRO_DIR, `m4'.
libtoolize: copying file `m4/libtool.m4'
libtoolize: copying file `m4/ltoptions.m4'
libtoolize: copying file `m4/ltsugar.m4'
libtoolize: copying file `m4/ltversion.m4'
libtoolize: copying file `m4/lt~obsolete.m4'
aclocal: warning: autoconf input should be named 'configure.ac', not 'configure.in'
automake: warning: autoconf input should be named 'configure.ac', not 'configure.in'
configure.in:5: warning: AM_INIT_AUTOMAKE: two- and three-arguments forms are deprecated.  For more info, see:
configure.in:5: http://www.gnu.org/software/automake/manual/automake.html#Modernize-AM_005fINIT_005fAUTOMAKE-invocation
configure.in:34: installing './compile'
drivers/db2/Makefile.am:33: warning: 'INCLUDES' is the old name for 'AM_CPPFLAGS' (or '*_CPPFLAGS')
automake: warning: autoconf input should be named 'configure.ac', not 'configure.in'
drivers/firebird/Makefile.am:33: warning: 'INCLUDES' is the old name for 'AM_CPPFLAGS' (or '*_CPPFLAGS')
drivers/freetds/Makefile.am:32: warning: 'INCLUDES' is the old name for 'AM_CPPFLAGS' (or '*_CPPFLAGS')
drivers/ingres/Makefile.am:33: warning: 'INCLUDES' is the old name for 'AM_CPPFLAGS' (or '*_CPPFLAGS')
drivers/msql/Makefile.am:35: warning: 'INCLUDES' is the old name for 'AM_CPPFLAGS' (or '*_CPPFLAGS')
drivers/mysql/Makefile.am:37: warning: 'INCLUDES' is the old name for 'AM_CPPFLAGS' (or '*_CPPFLAGS')
drivers/oracle/Makefile.am:35: warning: 'INCLUDES' is the old name for 'AM_CPPFLAGS' (or '*_CPPFLAGS')
drivers/pgsql/Makefile.am:35: warning: 'INCLUDES' is the old name for 'AM_CPPFLAGS' (or '*_CPPFLAGS')
drivers/sqlite/Makefile.am:35: warning: 'INCLUDES' is the old name for 'AM_CPPFLAGS' (or '*_CPPFLAGS')
drivers/sqlite3/Makefile.am:35: warning: 'INCLUDES' is the old name for 'AM_CPPFLAGS' (or '*_CPPFLAGS')
tests/Makefile.am:17: warning: 'INCLUDES' is the old name for 'AM_CPPFLAGS' (or '*_CPPFLAGS')
parallel-tests: installing './test-driver'
tests/cgreen/Makefile.am:7: warning: 'INCLUDES' is the old name for 'AM_CPPFLAGS' (or '*_CPPFLAGS')
tests/cgreen/Makefile.am:9: warning: source file 'src/unit.c' is in a subdirectory,
tests/cgreen/Makefile.am:9: but option 'subdir-objects' is disabled
automake: warning: possible forward-incompatibility.
automake: At least a source file is in a subdirectory, but the 'subdir-objects'
automake: automake option hasn't been enabled.  For now, the corresponding output
automake: object file(s) will be placed in the top-level directory.  However,
automake: this behaviour will change in future Automake versions: they will
automake: unconditionally cause object files to be placed in the same subdirectory
automake: of the corresponding sources.
automake: You are advised to start using 'subdir-objects' option throughout your
automake: project, to avoid future incompatibilities.
tests/cgreen/Makefile.am:9: warning: source file 'src/messaging.c' is in a subdirectory,
tests/cgreen/Makefile.am:9: but option 'subdir-objects' is disabled
tests/cgreen/Makefile.am:9: warning: source file 'src/breadcrumb.c' is in a subdirectory,
tests/cgreen/Makefile.am:9: but option 'subdir-objects' is disabled
tests/cgreen/Makefile.am:9: warning: source file 'src/reporter.c' is in a subdirectory,
tests/cgreen/Makefile.am:9: but option 'subdir-objects' is disabled
tests/cgreen/Makefile.am:9: warning: source file 'src/assertions.c' is in a subdirectory,
tests/cgreen/Makefile.am:9: but option 'subdir-objects' is disabled
tests/cgreen/Makefile.am:9: warning: source file 'src/vector.c' is in a subdirectory,
tests/cgreen/Makefile.am:9: but option 'subdir-objects' is disabled
tests/cgreen/Makefile.am:9: warning: source file 'src/mocks.c' is in a subdirectory,
tests/cgreen/Makefile.am:9: but option 'subdir-objects' is disabled
tests/cgreen/Makefile.am:9: warning: source file 'src/constraint.c' is in a subdirectory,
tests/cgreen/Makefile.am:9: but option 'subdir-objects' is disabled
tests/cgreen/Makefile.am:9: warning: source file 'src/parameters.c' is in a subdirectory,
tests/cgreen/Makefile.am:9: but option 'subdir-objects' is disabled
tests/cgreen/Makefile.am:9: warning: source file 'src/text_reporter.c' is in a subdirectory,
tests/cgreen/Makefile.am:9: but option 'subdir-objects' is disabled
tests/cgreen/Makefile.am:9: warning: source file 'src/cdash_reporter.c' is in a subdirectory,
tests/cgreen/Makefile.am:9: but option 'subdir-objects' is disabled
if [ ! -d debian/upstream-config-sub-and-guess ] ; then \
	mkdir debian/upstream-config-sub-and-guess ; \
	cp config.sub debian/upstream-config-sub-and-guess ; \
	cp config.guess debian/upstream-config-sub-and-guess ; \
fi
# upgrade to more recent version before starting the configure process
cp /usr/share/misc/config.sub .
cp /usr/share/misc/config.guess .
./autogen.sh
libtoolize: putting auxiliary files in `.'.
libtoolize: copying file `./ltmain.sh'
libtoolize: putting macros in AC_CONFIG_MACRO_DIR, `m4'.
libtoolize: copying file `m4/libtool.m4'
libtoolize: copying file `m4/ltoptions.m4'
libtoolize: copying file `m4/ltsugar.m4'
libtoolize: copying file `m4/ltversion.m4'
libtoolize: copying file `m4/lt~obsolete.m4'
aclocal: warning: autoconf input should be named 'configure.ac', not 'configure.in'
automake: warning: autoconf input should be named 'configure.ac', not 'configure.in'
configure.in:5: warning: AM_INIT_AUTOMAKE: two- and three-arguments forms are deprecated.  For more info, see:
configure.in:5: http://www.gnu.org/software/automake/manual/automake.html#Modernize-AM_005fINIT_005fAUTOMAKE-invocation
drivers/db2/Makefile.am:33: warning: 'INCLUDES' is the old name for 'AM_CPPFLAGS' (or '*_CPPFLAGS')
automake: warning: autoconf input should be named 'configure.ac', not 'configure.in'
drivers/firebird/Makefile.am:33: warning: 'INCLUDES' is the old name for 'AM_CPPFLAGS' (or '*_CPPFLAGS')
drivers/freetds/Makefile.am:32: warning: 'INCLUDES' is the old name for 'AM_CPPFLAGS' (or '*_CPPFLAGS')
drivers/ingres/Makefile.am:33: warning: 'INCLUDES' is the old name for 'AM_CPPFLAGS' (or '*_CPPFLAGS')
drivers/msql/Makefile.am:35: warning: 'INCLUDES' is the old name for 'AM_CPPFLAGS' (or '*_CPPFLAGS')
drivers/mysql/Makefile.am:37: warning: 'INCLUDES' is the old name for 'AM_CPPFLAGS' (or '*_CPPFLAGS')
drivers/oracle/Makefile.am:35: warning: 'INCLUDES' is the old name for 'AM_CPPFLAGS' (or '*_CPPFLAGS')
drivers/pgsql/Makefile.am:35: warning: 'INCLUDES' is the old name for 'AM_CPPFLAGS' (or '*_CPPFLAGS')
drivers/sqlite/Makefile.am:35: warning: 'INCLUDES' is the old name for 'AM_CPPFLAGS' (or '*_CPPFLAGS')
drivers/sqlite3/Makefile.am:35: warning: 'INCLUDES' is the old name for 'AM_CPPFLAGS' (or '*_CPPFLAGS')
tests/Makefile.am:17: warning: 'INCLUDES' is the old name for 'AM_CPPFLAGS' (or '*_CPPFLAGS')
tests/cgreen/Makefile.am:7: warning: 'INCLUDES' is the old name for 'AM_CPPFLAGS' (or '*_CPPFLAGS')
tests/cgreen/Makefile.am:9: warning: source file 'src/unit.c' is in a subdirectory,
tests/cgreen/Makefile.am:9: but option 'subdir-objects' is disabled
automake: warning: possible forward-incompatibility.
automake: At least a source file is in a subdirectory, but the 'subdir-objects'
automake: automake option hasn't been enabled.  For now, the corresponding output
automake: object file(s) will be placed in the top-level directory.  However,
automake: this behaviour will change in future Automake versions: they will
automake: unconditionally cause object files to be placed in the same subdirectory
automake: of the corresponding sources.
automake: You are advised to start using 'subdir-objects' option throughout your
automake: project, to avoid future incompatibilities.
tests/cgreen/Makefile.am:9: warning: source file 'src/messaging.c' is in a subdirectory,
tests/cgreen/Makefile.am:9: but option 'subdir-objects' is disabled
tests/cgreen/Makefile.am:9: warning: source file 'src/breadcrumb.c' is in a subdirectory,
tests/cgreen/Makefile.am:9: but option 'subdir-objects' is disabled
tests/cgreen/Makefile.am:9: warning: source file 'src/reporter.c' is in a subdirectory,
tests/cgreen/Makefile.am:9: but option 'subdir-objects' is disabled
tests/cgreen/Makefile.am:9: warning: source file 'src/assertions.c' is in a subdirectory,
tests/cgreen/Makefile.am:9: but option 'subdir-objects' is disabled
tests/cgreen/Makefile.am:9: warning: source file 'src/vector.c' is in a subdirectory,
tests/cgreen/Makefile.am:9: but option 'subdir-objects' is disabled
tests/cgreen/Makefile.am:9: warning: source file 'src/mocks.c' is in a subdirectory,
tests/cgreen/Makefile.am:9: but option 'subdir-objects' is disabled
tests/cgreen/Makefile.am:9: warning: source file 'src/constraint.c' is in a subdirectory,
tests/cgreen/Makefile.am:9: but option 'subdir-objects' is disabled
tests/cgreen/Makefile.am:9: warning: source file 'src/parameters.c' is in a subdirectory,
tests/cgreen/Makefile.am:9: but option 'subdir-objects' is disabled
tests/cgreen/Makefile.am:9: warning: source file 'src/text_reporter.c' is in a subdirectory,
tests/cgreen/Makefile.am:9: but option 'subdir-objects' is disabled
tests/cgreen/Makefile.am:9: warning: source file 'src/cdash_reporter.c' is in a subdirectory,
tests/cgreen/Makefile.am:9: but option 'subdir-objects' is disabled

Using autoconf (GNU Autoconf) 2.69
Copyright (C) 2012 Free Software Foundation, Inc.
License GPLv3+/Autoconf: GNU GPL version 3 or later
<http://gnu.org/licenses/gpl.html>, <http://gnu.org/licenses/exceptions.html>
This is free software: you are free to change and redistribute it.
There is NO WARRANTY, to the extent permitted by law.

Written by David J. MacKenzie and Akim Demaille., if you have problems
while building then set the environemnt variable AUTOCONF
to a different autoconf version and rerun ./autogen.sh

./configure --host=x86_64-linux-gnu --build=x86_64-linux-gnu \
	--with-dbi-libdir=/usr/lib/x86_64-linux-gnu \
	--prefix=/usr \
	--libdir=/usr/lib/x86_64-linux-gnu/ \
	--with-pgsql \
	--with-mysql \
	--with-mysql-incdir=/usr/include/x86_64-linux-gnu \
	--with-mysql-libdir=/usr/lib/x86_64-linux-gnu \
	--with-sqlite \
	--with-sqlite-incdir=/usr/include/x86_64-linux-gnu \
	--with-sqlite-libdir=/usr/lib/x86_64-linux-gnu \
	--with-sqlite3 \
	--with-sqlite3-incdir=/usr/include/x86_64-linux-gnu \
	--with-sqlite3-libdir=/usr/lib/x86_64-linux-gnu \
	--with-freetds \
	-with-freetds-dir=/usr \
	--enable-docs
configure: WARNING: unrecognized options: --with-freetds-dir
checking whether to enable maintainer-specific portions of Makefiles... no
checking for a BSD-compatible install... /usr/bin/install -c
checking whether build environment is sane... yes
checking for a thread-safe mkdir -p... /bin/mkdir -p
checking for gawk... no
checking for mawk... mawk
checking whether make sets $(MAKE)... yes
checking whether make supports nested variables... yes
checking build system type... x86_64-pc-linux-gnu
checking host system type... x86_64-pc-linux-gnu
checking for x86_64-linux-gnu-gcc... x86_64-linux-gnu-gcc
checking whether the C compiler works... yes
checking for C compiler default output file name... a.out
checking for suffix of executables... 
checking whether we are cross compiling... no
checking for suffix of object files... o
checking whether we are using the GNU C compiler... yes
checking whether x86_64-linux-gnu-gcc accepts -g... yes
checking for x86_64-linux-gnu-gcc option to accept ISO C89... none needed
checking whether x86_64-linux-gnu-gcc understands -c and -o together... yes
checking for style of include used by make... GNU
checking dependency style of x86_64-linux-gnu-gcc... gcc3
checking for a sed that does not truncate output... /bin/sed
checking for grep that handles long lines and -e... /bin/grep
checking for egrep... /bin/grep -E
checking for fgrep... /bin/grep -F
checking how to print strings... printf
checking for ld used by x86_64-linux-gnu-gcc... /usr/bin/x86_64-linux-gnu-ld
checking if the linker (/usr/bin/x86_64-linux-gnu-ld) is GNU ld... yes
checking for BSD- or MS-compatible name lister (nm)... /usr/bin/nm -B
checking the name lister (/usr/bin/nm -B) interface... BSD nm
checking whether ln -s works... yes
checking the maximum length of command line arguments... 1572864
checking whether the shell understands some XSI constructs... yes
checking whether the shell understands "+="... yes
checking how to convert x86_64-pc-linux-gnu file names to x86_64-pc-linux-gnu format... func_convert_file_noop
checking how to convert x86_64-pc-linux-gnu file names to toolchain format... func_convert_file_noop
checking for /usr/bin/x86_64-linux-gnu-ld option to reload object files... -r
checking for x86_64-linux-gnu-objdump... objdump
checking how to recognize dependent libraries... pass_all
checking for x86_64-linux-gnu-dlltool... dlltool
checking how to associate runtime and link libraries... printf %s\n
checking for x86_64-linux-gnu-ar... x86_64-linux-gnu-ar
checking for archiver @FILE support... @
checking for x86_64-linux-gnu-strip... x86_64-linux-gnu-strip
checking for x86_64-linux-gnu-ranlib... x86_64-linux-gnu-ranlib
checking command to parse /usr/bin/nm -B output from x86_64-linux-gnu-gcc object... ok
checking for sysroot... no
checking for x86_64-linux-gnu-mt... no
checking for mt... no
checking if : is a manifest tool... no
checking how to run the C preprocessor... x86_64-linux-gnu-gcc -E
checking for ANSI C header files... yes
checking for sys/types.h... yes
checking for sys/stat.h... yes
checking for stdlib.h... yes
checking for string.h... yes
checking for memory.h... yes
checking for strings.h... yes
checking for inttypes.h... yes
checking for stdint.h... yes
checking for unistd.h... yes
checking for dlfcn.h... yes
checking for objdir... .libs
checking if x86_64-linux-gnu-gcc supports -fno-rtti -fno-exceptions... yes
checking for x86_64-linux-gnu-gcc option to produce PIC... -fPIC -DPIC
checking if x86_64-linux-gnu-gcc PIC flag -fPIC -DPIC works... yes
checking if x86_64-linux-gnu-gcc static flag -static works... yes
checking if x86_64-linux-gnu-gcc supports -c -o file.o... yes
checking if x86_64-linux-gnu-gcc supports -c -o file.o... (cached) yes
checking whether the x86_64-linux-gnu-gcc linker (/usr/bin/x86_64-linux-gnu-ld -m elf_x86_64) supports shared libraries... yes
checking whether -lc should be explicitly linked in... no
checking dynamic linker characteristics... GNU/Linux ld.so
checking how to hardcode library paths into programs... immediate
checking whether stripping libraries is possible... yes
checking if libtool supports shared libraries... yes
checking whether to build shared libraries... yes
checking whether to build static libraries... yes
checking how to run the C preprocessor... x86_64-linux-gnu-gcc -E
checking for libdbi framework... checking dbi/dbi.h usability... yes
checking dbi/dbi.h presence... yes
checking for dbi/dbi.h... yes
checking for MySQL support... yes
checking for MySQL includes... -I/usr/include/x86_64-linux-gnu
checking for MySQL libraries... 
checking for PostgreSQL support... yes
checking for pg_config... yes
checking for PostgreSQL includes... -I/usr/include/postgresql
checking for PostgreSQL libraries... /usr/lib/x86_64-linux-gnu
checking for SQLite support... yes
checking for SQLite3 support... yes
checking for Msql support... no
checking for Oracle support... no
checking for Firebird/Interbase support... no
checking for Freetds support... yes
checking tds.h usability... no
checking tds.h presence... no
checking for tds.h... no
checking for library containing ct_command... -lct
checking for Ingres support... no
checking for IBM DB2 support... no
checking for strtoll... yes
checking for atoll... yes
checking for vasprintf... yes
checking for asprintf... yes
checking for libdbi library... yes: libs in /usr/lib/x86_64-linux-gnu
checking for string.h... (cached) yes
checking for strings.h... (cached) yes
checking that generated files are newer than configure... done
configure: creating ./config.status
config.status: creating libdbi-drivers.spec
config.status: creating Makefile
config.status: creating doc/Makefile
config.status: creating doc/include/Makefile
config.status: creating drivers/Makefile
config.status: creating drivers/mysql/Makefile
config.status: creating drivers/pgsql/Makefile
config.status: creating drivers/sqlite/Makefile
config.status: creating drivers/sqlite3/Makefile
config.status: creating drivers/msql/Makefile
config.status: creating drivers/oracle/Makefile
config.status: creating drivers/firebird/Makefile
config.status: creating drivers/freetds/Makefile
config.status: creating drivers/ingres/Makefile
config.status: creating drivers/db2/Makefile
config.status: creating tests/Makefile
config.status: creating tests/cgreen/Makefile
config.status: creating tests/test_dbi.cfg
config.status: creating tests/plugin_settings.sh
config.status: creating config.h
config.status: executing depfiles commands
config.status: executing libtool commands
configure: WARNING: unrecognized options: --with-freetds-dir
dh_testdir
/usr/bin/make
make[1]: Entering directory '/«PKGBUILDDIR»'
/usr/bin/make  all-recursive
make[2]: Entering directory '/«PKGBUILDDIR»'
Making all in drivers
make[3]: Entering directory '/«PKGBUILDDIR»/drivers'
Making all in mysql
make[4]: Entering directory '/«PKGBUILDDIR»/drivers/mysql'
/bin/bash ../../libtool  --tag=CC   --mode=compile x86_64-linux-gnu-gcc -DHAVE_CONFIG_H -I. -I../.. -I../.. -I../../include  -I/usr/include/x86_64-linux-gnu  -D_FORTIFY_SOURCE=2  -std=gnu99 -g -O2 -fstack-protector-strong -Wformat -Werror=format-security -g -Wall -MT dbd_mysql.lo -MD -MP -MF .deps/dbd_mysql.Tpo -c -o dbd_mysql.lo dbd_mysql.c
libtool: compile:  x86_64-linux-gnu-gcc -DHAVE_CONFIG_H -I. -I../.. -I../.. -I../../include -I/usr/include/x86_64-linux-gnu -D_FORTIFY_SOURCE=2 -std=gnu99 -g -O2 -fstack-protector-strong -Wformat -Werror=format-security -g -Wall -MT dbd_mysql.lo -MD -MP -MF .deps/dbd_mysql.Tpo -c dbd_mysql.c  -fPIC -DPIC -o .libs/dbd_mysql.o
dbd_mysql.c:231:8: warning: ignoring return value of function declared with warn_unused_result attribute [-Wunused-result]
              asprintf(&sql_cmd, "SET NAMES '%s'", dbd_encoding_from_iana(encoding));
              ^~~~~~~~~~~~~~~~~~~~~~~~~~~~~~~~~~~~~~~~~~~~~~~~~~~~~~~~~~~~~~~~~~~~~~
/usr/include/x86_64-linux-gnu/bits/stdio2.h:199:3: note: expanded from macro 'asprintf'
  __asprintf_chk (ptr, __USE_FORTIFY_LEVEL - 1, __VA_ARGS__)
  ^~~~~~~~~~~~~~  ~~~~~~~~~~~~~~~~~~~~~~~~~~~~~~~~~~~~~~~~~
dbd_mysql.c:238:6: warning: ignoring return value of function declared with warn_unused_result attribute [-Wunused-result]
            asprintf(&sql_cmd, "SET NAMES '%s'", dbd_encoding_from_iana(encoding));
            ^~~~~~~~~~~~~~~~~~~~~~~~~~~~~~~~~~~~~~~~~~~~~~~~~~~~~~~~~~~~~~~~~~~~~~
/usr/include/x86_64-linux-gnu/bits/stdio2.h:199:3: note: expanded from macro 'asprintf'
  __asprintf_chk (ptr, __USE_FORTIFY_LEVEL - 1, __VA_ARGS__)
  ^~~~~~~~~~~~~~  ~~~~~~~~~~~~~~~~~~~~~~~~~~~~~~~~~~~~~~~~~
dbd_mysql.c:323:21: warning: assigning to 'const char *' from 'const unsigned char *' converts between pointers to integer types with different sign [-Wpointer-sign]
              schemastring = dbi_result_get_binary_idx(dbires, 2);
                           ^ ~~~~~~~~~~~~~~~~~~~~~~~~~~~~~~~~~~~~
dbd_mysql.c:312:4: warning: ignoring return value of function declared with warn_unused_result attribute [-Wunused-result]
          asprintf(&sql_cmd, "SHOW CREATE DATABASE %s", conn->current_db);
          ^~~~~~~~~~~~~~~~~~~~~~~~~~~~~~~~~~~~~~~~~~~~~~~~~~~~~~~~~~~~~~~
/usr/include/x86_64-linux-gnu/bits/stdio2.h:199:3: note: expanded from macro 'asprintf'
  __asprintf_chk (ptr, __USE_FORTIFY_LEVEL - 1, __VA_ARGS__)
  ^~~~~~~~~~~~~~  ~~~~~~~~~~~~~~~~~~~~~~~~~~~~~~~~~~~~~~~~~
dbd_mysql.c:347:15: warning: assigning to 'const char *' from 'const unsigned char *' converts between pointers to integer types with different sign [-Wpointer-sign]
              my_enc = dbi_result_get_binary_idx(dbires1, 2);
                     ^ ~~~~~~~~~~~~~~~~~~~~~~~~~~~~~~~~~~~~~
dbd_mysql.c:366:10: warning: assigning to 'const char *' from 'const unsigned char *' converts between pointers to integer types with different sign [-Wpointer-sign]
                my_enc = dbi_result_get_binary_idx(dbires2, 2);
                       ^ ~~~~~~~~~~~~~~~~~~~~~~~~~~~~~~~~~~~~~
dbd_mysql.c:355:6: warning: ignoring return value of function declared with warn_unused_result attribute [-Wunused-result]
            asprintf(&sql_cmd, "SHOW VARIABLES LIKE '%s'", "character_set");
            ^~~~~~~~~~~~~~~~~~~~~~~~~~~~~~~~~~~~~~~~~~~~~~~~~~~~~~~~~~~~~~~
/usr/include/x86_64-linux-gnu/bits/stdio2.h:199:3: note: expanded from macro 'asprintf'
  __asprintf_chk (ptr, __USE_FORTIFY_LEVEL - 1, __VA_ARGS__)
  ^~~~~~~~~~~~~~  ~~~~~~~~~~~~~~~~~~~~~~~~~~~~~~~~~~~~~~~~~
dbd_mysql.c:337:4: warning: ignoring return value of function declared with warn_unused_result attribute [-Wunused-result]
          asprintf(&sql_cmd, "SHOW VARIABLES LIKE '%s'", "character_set_connection");
          ^~~~~~~~~~~~~~~~~~~~~~~~~~~~~~~~~~~~~~~~~~~~~~~~~~~~~~~~~~~~~~~~~~~~~~~~~~
/usr/include/x86_64-linux-gnu/bits/stdio2.h:199:3: note: expanded from macro 'asprintf'
  __asprintf_chk (ptr, __USE_FORTIFY_LEVEL - 1, __VA_ARGS__)
  ^~~~~~~~~~~~~~  ~~~~~~~~~~~~~~~~~~~~~~~~~~~~~~~~~~~~~~~~~
dbd_mysql.c:466:3: warning: ignoring return value of function declared with warn_unused_result attribute [-Wunused-result]
                asprintf(&sql_cmd, "SHOW DATABASES LIKE '%s'", pattern);
                ^~~~~~~~~~~~~~~~~~~~~~~~~~~~~~~~~~~~~~~~~~~~~~~~~~~~~~~
/usr/include/x86_64-linux-gnu/bits/stdio2.h:199:3: note: expanded from macro 'asprintf'
  __asprintf_chk (ptr, __USE_FORTIFY_LEVEL - 1, __VA_ARGS__)
  ^~~~~~~~~~~~~~  ~~~~~~~~~~~~~~~~~~~~~~~~~~~~~~~~~~~~~~~~~
dbd_mysql.c:482:3: warning: ignoring return value of function declared with warn_unused_result attribute [-Wunused-result]
                asprintf(&sql_cmd, "SHOW TABLES FROM %s", db);
                ^~~~~~~~~~~~~~~~~~~~~~~~~~~~~~~~~~~~~~~~~~~~~
/usr/include/x86_64-linux-gnu/bits/stdio2.h:199:3: note: expanded from macro 'asprintf'
  __asprintf_chk (ptr, __USE_FORTIFY_LEVEL - 1, __VA_ARGS__)
  ^~~~~~~~~~~~~~  ~~~~~~~~~~~~~~~~~~~~~~~~~~~~~~~~~~~~~~~~~
dbd_mysql.c:488:3: warning: ignoring return value of function declared with warn_unused_result attribute [-Wunused-result]
                asprintf(&sql_cmd, "SHOW TABLES FROM %s LIKE '%s'", db, pattern);
                ^~~~~~~~~~~~~~~~~~~~~~~~~~~~~~~~~~~~~~~~~~~~~~~~~~~~~~~~~~~~~~~~
/usr/include/x86_64-linux-gnu/bits/stdio2.h:199:3: note: expanded from macro 'asprintf'
  __asprintf_chk (ptr, __USE_FORTIFY_LEVEL - 1, __VA_ARGS__)
  ^~~~~~~~~~~~~~  ~~~~~~~~~~~~~~~~~~~~~~~~~~~~~~~~~~~~~~~~~
dbd_mysql.c:631:3: warning: ignoring return value of function declared with warn_unused_result attribute [-Wunused-result]
  asprintf(&query, "SAVEPOINT %s", savepoint);
  ^~~~~~~~~~~~~~~~~~~~~~~~~~~~~~~~~~~~~~~~~~~
/usr/include/x86_64-linux-gnu/bits/stdio2.h:199:3: note: expanded from macro 'asprintf'
  __asprintf_chk (ptr, __USE_FORTIFY_LEVEL - 1, __VA_ARGS__)
  ^~~~~~~~~~~~~~  ~~~~~~~~~~~~~~~~~~~~~~~~~~~~~~~~~~~~~~~~~
dbd_mysql.c:650:3: warning: ignoring return value of function declared with warn_unused_result attribute [-Wunused-result]
  asprintf(&query, "ROLLBACK TO SAVEPOINT %s", savepoint);
  ^~~~~~~~~~~~~~~~~~~~~~~~~~~~~~~~~~~~~~~~~~~~~~~~~~~~~~~
/usr/include/x86_64-linux-gnu/bits/stdio2.h:199:3: note: expanded from macro 'asprintf'
  __asprintf_chk (ptr, __USE_FORTIFY_LEVEL - 1, __VA_ARGS__)
  ^~~~~~~~~~~~~~  ~~~~~~~~~~~~~~~~~~~~~~~~~~~~~~~~~~~~~~~~~
dbd_mysql.c:669:3: warning: ignoring return value of function declared with warn_unused_result attribute [-Wunused-result]
  asprintf(&query, "RELEASE SAVEPOINT %s", savepoint);
  ^~~~~~~~~~~~~~~~~~~~~~~~~~~~~~~~~~~~~~~~~~~~~~~~~~~
/usr/include/x86_64-linux-gnu/bits/stdio2.h:199:3: note: expanded from macro 'asprintf'
  __asprintf_chk (ptr, __USE_FORTIFY_LEVEL - 1, __VA_ARGS__)
  ^~~~~~~~~~~~~~  ~~~~~~~~~~~~~~~~~~~~~~~~~~~~~~~~~~~~~~~~~
14 warnings generated.
libtool: compile:  x86_64-linux-gnu-gcc -DHAVE_CONFIG_H -I. -I../.. -I../.. -I../../include -I/usr/include/x86_64-linux-gnu -D_FORTIFY_SOURCE=2 -std=gnu99 -g -O2 -fstack-protector-strong -Wformat -Werror=format-security -g -Wall -MT dbd_mysql.lo -MD -MP -MF .deps/dbd_mysql.Tpo -c dbd_mysql.c -o dbd_mysql.o >/dev/null 2>&1
mv -f .deps/dbd_mysql.Tpo .deps/dbd_mysql.Plo
/bin/bash ../../libtool  --tag=CC   --mode=link x86_64-linux-gnu-gcc  -std=gnu99 -g -O2 -fstack-protector-strong -Wformat -Werror=format-security -g -Wall -module -avoid-version  -L/usr/lib/x86_64-linux-gnu -lmysqlclient -no-undefined -ldbi -L/usr/lib/x86_64-linux-gnu -Wl,-z,relro -o libdbdmysql.la -rpath /usr/lib/x86_64-linux-gnu/dbd dbd_mysql.lo  
libtool: link: x86_64-linux-gnu-gcc -shared  -fPIC -DPIC  .libs/dbd_mysql.o   -L/usr/lib/x86_64-linux-gnu -lmysqlclient -ldbi  -O2 -Wl,-z -Wl,relro   -Wl,-soname -Wl,libdbdmysql.so -o .libs/libdbdmysql.so
libtool: link: x86_64-linux-gnu-ar cru .libs/libdbdmysql.a  dbd_mysql.o
libtool: link: x86_64-linux-gnu-ranlib .libs/libdbdmysql.a
libtool: link: ( cd ".libs" && rm -f "libdbdmysql.la" && ln -s "../libdbdmysql.la" "libdbdmysql.la" )
Converting dbd_mysql.sgml to HTML...
mkdir -p dbd_mysql && cd dbd_mysql && openjade -t sgml -d ../../../doc/include/doc-html.dsl ../dbd_mysql.sgml
Converting dbd_mysql.sgml to HTML...
mkdir -p dbd_mysql && cd dbd_mysql && openjade -t sgml -d ../../../doc/include/doc-html.dsl ../dbd_mysql.sgml
Converting dbd_mysql.sgml to HTML...
mkdir -p dbd_mysql && cd dbd_mysql && openjade -t sgml -d ../../../doc/include/doc-html.dsl ../dbd_mysql.sgml
Converting dbd_mysql.sgml to HTML...
mkdir -p dbd_mysql && cd dbd_mysql && openjade -t sgml -d ../../../doc/include/doc-html.dsl ../dbd_mysql.sgml
Converting dbd_mysql.sgml to HTML...
mkdir -p dbd_mysql && cd dbd_mysql && openjade -t sgml -d ../../../doc/include/doc-html.dsl ../dbd_mysql.sgml
Converting dbd_mysql.sgml to HTML...
mkdir -p dbd_mysql && cd dbd_mysql && openjade -t sgml -d ../../../doc/include/doc-html.dsl ../dbd_mysql.sgml
Converting dbd_mysql.sgml to HTML...
mkdir -p dbd_mysql && cd dbd_mysql && openjade -t sgml -d ../../../doc/include/doc-html.dsl ../dbd_mysql.sgml
Converting dbd_mysql.sgml to HTML...
mkdir -p dbd_mysql && cd dbd_mysql && openjade -t sgml -d ../../../doc/include/doc-html.dsl ../dbd_mysql.sgml
make[4]: Leaving directory '/«PKGBUILDDIR»/drivers/mysql'
Making all in pgsql
make[4]: Entering directory '/«PKGBUILDDIR»/drivers/pgsql'
/bin/bash ../../libtool  --tag=CC   --mode=compile x86_64-linux-gnu-gcc -DHAVE_CONFIG_H -I. -I../.. -I../.. -I../../include  -I/usr/include/postgresql  -D_FORTIFY_SOURCE=2  -std=gnu99 -g -O2 -fstack-protector-strong -Wformat -Werror=format-security -g -Wall -MT dbd_pgsql.lo -MD -MP -MF .deps/dbd_pgsql.Tpo -c -o dbd_pgsql.lo dbd_pgsql.c
libtool: compile:  x86_64-linux-gnu-gcc -DHAVE_CONFIG_H -I. -I../.. -I../.. -I../../include -I/usr/include/postgresql -D_FORTIFY_SOURCE=2 -std=gnu99 -g -O2 -fstack-protector-strong -Wformat -Werror=format-security -g -Wall -MT dbd_pgsql.lo -MD -MP -MF .deps/dbd_pgsql.Tpo -c dbd_pgsql.c  -fPIC -DPIC -o .libs/dbd_pgsql.o
dbd_pgsql.c:246:6: warning: ignoring return value of function declared with warn_unused_result attribute [-Wunused-result]
            CONNINFO_APPEND_ESCAPED( conninfo, "%s='%s'", pgopt, optval );
            ^~~~~~~~~~~~~~~~~~~~~~~~~~~~~~~~~~~~~~~~~~~~~~~~~~~~~~~~~~~~~
dbd_pgsql.c:118:9: note: expanded from macro 'CONNINFO_APPEND_ESCAPED'
        CONNINFO_APPEND( conninfo, fmt, key, value_escaped );        \
        ^~~~~~~~~~~~~~~~~~~~~~~~~~~~~~~~~~~~~~~~~~~~~~~~~~~~
dbd_pgsql.c:126:13: note: expanded from macro 'CONNINFO_APPEND'
            asprintf( &conninfo, "%s " fmt, tmp, key, value );       \
            ^~~~~~~~~~~~~~~~~~~~~~~~~~~~~~~~~~~~~~~~~~~~~~~~~
/usr/include/x86_64-linux-gnu/bits/stdio2.h:199:3: note: expanded from macro 'asprintf'
  __asprintf_chk (ptr, __USE_FORTIFY_LEVEL - 1, __VA_ARGS__)
  ^~~~~~~~~~~~~~  ~~~~~~~~~~~~~~~~~~~~~~~~~~~~~~~~~~~~~~~~~
dbd_pgsql.c:246:6: warning: ignoring return value of function declared with warn_unused_result attribute [-Wunused-result]
            CONNINFO_APPEND_ESCAPED( conninfo, "%s='%s'", pgopt, optval );
            ^~~~~~~~~~~~~~~~~~~~~~~~~~~~~~~~~~~~~~~~~~~~~~~~~~~~~~~~~~~~~
dbd_pgsql.c:118:9: note: expanded from macro 'CONNINFO_APPEND_ESCAPED'
        CONNINFO_APPEND( conninfo, fmt, key, value_escaped );        \
        ^~~~~~~~~~~~~~~~~~~~~~~~~~~~~~~~~~~~~~~~~~~~~~~~~~~~
dbd_pgsql.c:130:13: note: expanded from macro 'CONNINFO_APPEND'
            asprintf( &conninfo, fmt, key, value );                  \
            ^~~~~~~~~~~~~~~~~~~~~~~~~~~~~~~~~~~~~~
/usr/include/x86_64-linux-gnu/bits/stdio2.h:199:3: note: expanded from macro 'asprintf'
  __asprintf_chk (ptr, __USE_FORTIFY_LEVEL - 1, __VA_ARGS__)
  ^~~~~~~~~~~~~~  ~~~~~~~~~~~~~~~~~~~~~~~~~~~~~~~~~~~~~~~~~
dbd_pgsql.c:249:6: warning: ignoring return value of function declared with warn_unused_result attribute [-Wunused-result]
            CONNINFO_APPEND( conninfo, "%s='%d'", pgopt, optval_num );
            ^~~~~~~~~~~~~~~~~~~~~~~~~~~~~~~~~~~~~~~~~~~~~~~~~~~~~~~~~
dbd_pgsql.c:126:13: note: expanded from macro 'CONNINFO_APPEND'
            asprintf( &conninfo, "%s " fmt, tmp, key, value );       \
            ^~~~~~~~~~~~~~~~~~~~~~~~~~~~~~~~~~~~~~~~~~~~~~~~~
/usr/include/x86_64-linux-gnu/bits/stdio2.h:199:3: note: expanded from macro 'asprintf'
  __asprintf_chk (ptr, __USE_FORTIFY_LEVEL - 1, __VA_ARGS__)
  ^~~~~~~~~~~~~~  ~~~~~~~~~~~~~~~~~~~~~~~~~~~~~~~~~~~~~~~~~
dbd_pgsql.c:249:6: warning: ignoring return value of function declared with warn_unused_result attribute [-Wunused-result]
            CONNINFO_APPEND( conninfo, "%s='%d'", pgopt, optval_num );
            ^~~~~~~~~~~~~~~~~~~~~~~~~~~~~~~~~~~~~~~~~~~~~~~~~~~~~~~~~
dbd_pgsql.c:130:13: note: expanded from macro 'CONNINFO_APPEND'
            asprintf( &conninfo, fmt, key, value );                  \
            ^~~~~~~~~~~~~~~~~~~~~~~~~~~~~~~~~~~~~~
/usr/include/x86_64-linux-gnu/bits/stdio2.h:199:3: note: expanded from macro 'asprintf'
  __asprintf_chk (ptr, __USE_FORTIFY_LEVEL - 1, __VA_ARGS__)
  ^~~~~~~~~~~~~~  ~~~~~~~~~~~~~~~~~~~~~~~~~~~~~~~~~~~~~~~~~
dbd_pgsql.c:261:3: warning: ignoring return value of function declared with warn_unused_result attribute [-Wunused-result]
                CONNINFO_APPEND_ESCAPED( conninfo, "%s='%s'", "dbname", dbname );
                ^~~~~~~~~~~~~~~~~~~~~~~~~~~~~~~~~~~~~~~~~~~~~~~~~~~~~~~~~~~~~~~~
dbd_pgsql.c:118:9: note: expanded from macro 'CONNINFO_APPEND_ESCAPED'
        CONNINFO_APPEND( conninfo, fmt, key, value_escaped );        \
        ^~~~~~~~~~~~~~~~~~~~~~~~~~~~~~~~~~~~~~~~~~~~~~~~~~~~
dbd_pgsql.c:126:13: note: expanded from macro 'CONNINFO_APPEND'
            asprintf( &conninfo, "%s " fmt, tmp, key, value );       \
            ^~~~~~~~~~~~~~~~~~~~~~~~~~~~~~~~~~~~~~~~~~~~~~~~~
/usr/include/x86_64-linux-gnu/bits/stdio2.h:199:3: note: expanded from macro 'asprintf'
  __asprintf_chk (ptr, __USE_FORTIFY_LEVEL - 1, __VA_ARGS__)
  ^~~~~~~~~~~~~~  ~~~~~~~~~~~~~~~~~~~~~~~~~~~~~~~~~~~~~~~~~
dbd_pgsql.c:261:3: warning: ignoring return value of function declared with warn_unused_result attribute [-Wunused-result]
                CONNINFO_APPEND_ESCAPED( conninfo, "%s='%s'", "dbname", dbname );
                ^~~~~~~~~~~~~~~~~~~~~~~~~~~~~~~~~~~~~~~~~~~~~~~~~~~~~~~~~~~~~~~~
dbd_pgsql.c:118:9: note: expanded from macro 'CONNINFO_APPEND_ESCAPED'
        CONNINFO_APPEND( conninfo, fmt, key, value_escaped );        \
        ^~~~~~~~~~~~~~~~~~~~~~~~~~~~~~~~~~~~~~~~~~~~~~~~~~~~
dbd_pgsql.c:130:13: note: expanded from macro 'CONNINFO_APPEND'
            asprintf( &conninfo, fmt, key, value );                  \
            ^~~~~~~~~~~~~~~~~~~~~~~~~~~~~~~~~~~~~~
/usr/include/x86_64-linux-gnu/bits/stdio2.h:199:3: note: expanded from macro 'asprintf'
  __asprintf_chk (ptr, __USE_FORTIFY_LEVEL - 1, __VA_ARGS__)
  ^~~~~~~~~~~~~~  ~~~~~~~~~~~~~~~~~~~~~~~~~~~~~~~~~~~~~~~~~
dbd_pgsql.c:265:6: warning: ignoring return value of function declared with warn_unused_result attribute [-Wunused-result]
            CONNINFO_APPEND( conninfo, "%s='%d'", "port", 5432 );
            ^~~~~~~~~~~~~~~~~~~~~~~~~~~~~~~~~~~~~~~~~~~~~~~~~~~~
dbd_pgsql.c:126:13: note: expanded from macro 'CONNINFO_APPEND'
            asprintf( &conninfo, "%s " fmt, tmp, key, value );       \
            ^~~~~~~~~~~~~~~~~~~~~~~~~~~~~~~~~~~~~~~~~~~~~~~~~
/usr/include/x86_64-linux-gnu/bits/stdio2.h:199:3: note: expanded from macro 'asprintf'
  __asprintf_chk (ptr, __USE_FORTIFY_LEVEL - 1, __VA_ARGS__)
  ^~~~~~~~~~~~~~  ~~~~~~~~~~~~~~~~~~~~~~~~~~~~~~~~~~~~~~~~~
dbd_pgsql.c:265:6: warning: ignoring return value of function declared with warn_unused_result attribute [-Wunused-result]
            CONNINFO_APPEND( conninfo, "%s='%d'", "port", 5432 );
            ^~~~~~~~~~~~~~~~~~~~~~~~~~~~~~~~~~~~~~~~~~~~~~~~~~~~
dbd_pgsql.c:130:13: note: expanded from macro 'CONNINFO_APPEND'
            asprintf( &conninfo, fmt, key, value );                  \
            ^~~~~~~~~~~~~~~~~~~~~~~~~~~~~~~~~~~~~~
/usr/include/x86_64-linux-gnu/bits/stdio2.h:199:3: note: expanded from macro 'asprintf'
  __asprintf_chk (ptr, __USE_FORTIFY_LEVEL - 1, __VA_ARGS__)
  ^~~~~~~~~~~~~~  ~~~~~~~~~~~~~~~~~~~~~~~~~~~~~~~~~~~~~~~~~
dbd_pgsql.c:368:4: warning: ignoring return value of function declared with warn_unused_result attribute [-Wunused-result]
          asprintf(&sql_cmd, "SELECT encoding FROM pg_database WHERE datname='%s'", conn->current_db);
          ^~~~~~~~~~~~~~~~~~~~~~~~~~~~~~~~~~~~~~~~~~~~~~~~~~~~~~~~~~~~~~~~~~~~~~~~~~~~~~~~~~~~~~~~~~~
/usr/include/x86_64-linux-gnu/bits/stdio2.h:199:3: note: expanded from macro 'asprintf'
  __asprintf_chk (ptr, __USE_FORTIFY_LEVEL - 1, __VA_ARGS__)
  ^~~~~~~~~~~~~~  ~~~~~~~~~~~~~~~~~~~~~~~~~~~~~~~~~~~~~~~~~
dbd_pgsql.c:373:8: warning: variable 'my_enc' is used uninitialized whenever 'if' condition is false [-Wsometimes-uninitialized]
          if (dbires && dbi_result_next_row(dbires)) {
              ^~~~~~~~~~~~~~~~~~~~~~~~~~~~~~~~~~~~~
dbd_pgsql.c:380:7: note: uninitialized use occurs here
        if (!my_enc) {
             ^~~~~~
dbd_pgsql.c:373:4: note: remove the 'if' if its condition is always true
          if (dbires && dbi_result_next_row(dbires)) {
          ^~~~~~~~~~~~~~~~~~~~~~~~~~~~~~~~~~~~~~~~~~~
dbd_pgsql.c:373:8: warning: variable 'my_enc' is used uninitialized whenever '&&' condition is false [-Wsometimes-uninitialized]
          if (dbires && dbi_result_next_row(dbires)) {
              ^~~~~~
dbd_pgsql.c:380:7: note: uninitialized use occurs here
        if (!my_enc) {
             ^~~~~~
dbd_pgsql.c:373:8: note: remove the '&&' if its condition is always true
          if (dbires && dbi_result_next_row(dbires)) {
              ^~~~~~~~~
dbd_pgsql.c:342:20: note: initialize the variable 'my_enc' to silence this warning
        const char* my_enc;
                          ^
                           = NULL
dbd_pgsql.c:433:3: warning: ignoring return value of function declared with warn_unused_result attribute [-Wunused-result]
                asprintf(&sql_cmd, "SELECT datname FROM pg_database WHERE datname LIKE '%s'", pattern);
                ^~~~~~~~~~~~~~~~~~~~~~~~~~~~~~~~~~~~~~~~~~~~~~~~~~~~~~~~~~~~~~~~~~~~~~~~~~~~~~~~~~~~~~
/usr/include/x86_64-linux-gnu/bits/stdio2.h:199:3: note: expanded from macro 'asprintf'
  __asprintf_chk (ptr, __USE_FORTIFY_LEVEL - 1, __VA_ARGS__)
  ^~~~~~~~~~~~~~  ~~~~~~~~~~~~~~~~~~~~~~~~~~~~~~~~~~~~~~~~~
dbd_pgsql.c:562:3: warning: ignoring return value of function declared with warn_unused_result attribute [-Wunused-result]
  asprintf(&query, "SAVEPOINT %s", savepoint);
  ^~~~~~~~~~~~~~~~~~~~~~~~~~~~~~~~~~~~~~~~~~~
/usr/include/x86_64-linux-gnu/bits/stdio2.h:199:3: note: expanded from macro 'asprintf'
  __asprintf_chk (ptr, __USE_FORTIFY_LEVEL - 1, __VA_ARGS__)
  ^~~~~~~~~~~~~~  ~~~~~~~~~~~~~~~~~~~~~~~~~~~~~~~~~~~~~~~~~
dbd_pgsql.c:581:3: warning: ignoring return value of function declared with warn_unused_result attribute [-Wunused-result]
  asprintf(&query, "ROLLBACK TO SAVEPOINT %s", savepoint);
  ^~~~~~~~~~~~~~~~~~~~~~~~~~~~~~~~~~~~~~~~~~~~~~~~~~~~~~~
/usr/include/x86_64-linux-gnu/bits/stdio2.h:199:3: note: expanded from macro 'asprintf'
  __asprintf_chk (ptr, __USE_FORTIFY_LEVEL - 1, __VA_ARGS__)
  ^~~~~~~~~~~~~~  ~~~~~~~~~~~~~~~~~~~~~~~~~~~~~~~~~~~~~~~~~
dbd_pgsql.c:600:3: warning: ignoring return value of function declared with warn_unused_result attribute [-Wunused-result]
  asprintf(&query, "RELEASE SAVEPOINT %s", savepoint);
  ^~~~~~~~~~~~~~~~~~~~~~~~~~~~~~~~~~~~~~~~~~~~~~~~~~~
/usr/include/x86_64-linux-gnu/bits/stdio2.h:199:3: note: expanded from macro 'asprintf'
  __asprintf_chk (ptr, __USE_FORTIFY_LEVEL - 1, __VA_ARGS__)
  ^~~~~~~~~~~~~~  ~~~~~~~~~~~~~~~~~~~~~~~~~~~~~~~~~~~~~~~~~
dbd_pgsql.c:646:2: warning: ignoring return value of function declared with warn_unused_result attribute [-Wunused-result]
        asprintf(&sql_cmd, "SELECT currval('%s')", sequence);
        ^~~~~~~~~~~~~~~~~~~~~~~~~~~~~~~~~~~~~~~~~~~~~~~~~~~~
/usr/include/x86_64-linux-gnu/bits/stdio2.h:199:3: note: expanded from macro 'asprintf'
  __asprintf_chk (ptr, __USE_FORTIFY_LEVEL - 1, __VA_ARGS__)
  ^~~~~~~~~~~~~~  ~~~~~~~~~~~~~~~~~~~~~~~~~~~~~~~~~~~~~~~~~
dbd_pgsql.c:668:2: warning: ignoring return value of function declared with warn_unused_result attribute [-Wunused-result]
        asprintf(&sql_cmd, "SELECT nextval('%s')", sequence);
        ^~~~~~~~~~~~~~~~~~~~~~~~~~~~~~~~~~~~~~~~~~~~~~~~~~~~
/usr/include/x86_64-linux-gnu/bits/stdio2.h:199:3: note: expanded from macro 'asprintf'
  __asprintf_chk (ptr, __USE_FORTIFY_LEVEL - 1, __VA_ARGS__)
  ^~~~~~~~~~~~~~  ~~~~~~~~~~~~~~~~~~~~~~~~~~~~~~~~~~~~~~~~~
17 warnings generated.
libtool: compile:  x86_64-linux-gnu-gcc -DHAVE_CONFIG_H -I. -I../.. -I../.. -I../../include -I/usr/include/postgresql -D_FORTIFY_SOURCE=2 -std=gnu99 -g -O2 -fstack-protector-strong -Wformat -Werror=format-security -g -Wall -MT dbd_pgsql.lo -MD -MP -MF .deps/dbd_pgsql.Tpo -c dbd_pgsql.c -o dbd_pgsql.o >/dev/null 2>&1
mv -f .deps/dbd_pgsql.Tpo .deps/dbd_pgsql.Plo
/bin/bash ../../libtool  --tag=CC   --mode=link x86_64-linux-gnu-gcc  -std=gnu99 -g -O2 -fstack-protector-strong -Wformat -Werror=format-security -g -Wall -module -avoid-version /usr/lib/x86_64-linux-gnu -lpq -no-undefined -ldbi -L/usr/lib/x86_64-linux-gnu -Wl,-z,relro -o libdbdpgsql.la -rpath /usr/lib/x86_64-linux-gnu/dbd dbd_pgsql.lo  
libtool: link: x86_64-linux-gnu-gcc -shared  -fPIC -DPIC  .libs/dbd_pgsql.o   -lpq -ldbi -L/usr/lib/x86_64-linux-gnu  -O2 -Wl,-z -Wl,relro   -Wl,-soname -Wl,libdbdpgsql.so -o .libs/libdbdpgsql.so
libtool: link: x86_64-linux-gnu-ar cru .libs/libdbdpgsql.a  dbd_pgsql.o
libtool: link: x86_64-linux-gnu-ranlib .libs/libdbdpgsql.a
libtool: link: ( cd ".libs" && rm -f "libdbdpgsql.la" && ln -s "../libdbdpgsql.la" "libdbdpgsql.la" )
make[4]: Leaving directory '/«PKGBUILDDIR»/drivers/pgsql'
Making all in sqlite
make[4]: Entering directory '/«PKGBUILDDIR»/drivers/sqlite'
/bin/bash ../../libtool  --tag=CC   --mode=compile x86_64-linux-gnu-gcc -DHAVE_CONFIG_H -I. -I../.. -I../.. -I../../include  -I/usr/include/x86_64-linux-gnu -DDBDIR=\"/usr/var/lib/libdbi/sqlite\" -D_FORTIFY_SOURCE=2  -std=gnu99 -g -O2 -fstack-protector-strong -Wformat -Werror=format-security -g -Wall -MT dbd_sqlite.lo -MD -MP -MF .deps/dbd_sqlite.Tpo -c -o dbd_sqlite.lo dbd_sqlite.c
libtool: compile:  x86_64-linux-gnu-gcc -DHAVE_CONFIG_H -I. -I../.. -I../.. -I../../include -I/usr/include/x86_64-linux-gnu -DDBDIR=\"/usr/var/lib/libdbi/sqlite\" -D_FORTIFY_SOURCE=2 -std=gnu99 -g -O2 -fstack-protector-strong -Wformat -Werror=format-security -g -Wall -MT dbd_sqlite.lo -MD -MP -MF .deps/dbd_sqlite.Tpo -c dbd_sqlite.c  -fPIC -DPIC -o .libs/dbd_sqlite.o
dbd_sqlite.c:377:3: warning: ignoring return value of function declared with warn_unused_result attribute [-Wunused-result]
  getcwd(old_cwd, _POSIX_PATH_MAX);
  ^~~~~~ ~~~~~~~~~~~~~~~~~~~~~~~~
dbd_sqlite.c:378:3: warning: ignoring return value of function declared with warn_unused_result attribute [-Wunused-result]
  chdir(sq_datadir);
  ^~~~~ ~~~~~~~~~~
dbd_sqlite.c:447:3: warning: ignoring return value of function declared with warn_unused_result attribute [-Wunused-result]
  chdir(old_cwd);
  ^~~~~ ~~~~~~~
dbd_sqlite.c:359:7: warning: variable 'dp' is used uninitialized whenever '&&' condition is false [-Wsometimes-uninitialized]
  if (sq_datadir && (dp = opendir(sq_datadir)) == NULL) {
      ^~~~~~~~~~
dbd_sqlite.c:365:33: note: uninitialized use occurs here
  entry_size = _dirent_buf_size(dp);
                                ^~
dbd_sqlite.c:359:7: note: remove the '&&' if its condition is always true
  if (sq_datadir && (dp = opendir(sq_datadir)) == NULL) {
      ^~~~~~~~~~~~~
dbd_sqlite.c:335:10: note: initialize the variable 'dp' to silence this warning
  DIR *dp;
         ^
          = NULL
dbd_sqlite.c:493:5: warning: ignoring return value of function declared with warn_unused_result attribute [-Wunused-result]
    asprintf(&sql_cmd, "SELECT name FROM sqlite_master WHERE type='table' ORDER BY name");
    ^~~~~~~~~~~~~~~~~~~~~~~~~~~~~~~~~~~~~~~~~~~~~~~~~~~~~~~~~~~~~~~~~~~~~~~~~~~~~~~~~~~~~
/usr/include/x86_64-linux-gnu/bits/stdio2.h:199:3: note: expanded from macro 'asprintf'
  __asprintf_chk (ptr, __USE_FORTIFY_LEVEL - 1, __VA_ARGS__)
  ^~~~~~~~~~~~~~  ~~~~~~~~~~~~~~~~~~~~~~~~~~~~~~~~~~~~~~~~~
dbd_sqlite.c:496:5: warning: ignoring return value of function declared with warn_unused_result attribute [-Wunused-result]
    asprintf(&sql_cmd, "SELECT name FROM sqlite_master WHERE type='table' AND name LIKE '%s' ORDER BY name", pattern);
    ^~~~~~~~~~~~~~~~~~~~~~~~~~~~~~~~~~~~~~~~~~~~~~~~~~~~~~~~~~~~~~~~~~~~~~~~~~~~~~~~~~~~~~~~~~~~~~~~~~~~~~~~~~~~~~~~~
/usr/include/x86_64-linux-gnu/bits/stdio2.h:199:3: note: expanded from macro 'asprintf'
  __asprintf_chk (ptr, __USE_FORTIFY_LEVEL - 1, __VA_ARGS__)
  ^~~~~~~~~~~~~~  ~~~~~~~~~~~~~~~~~~~~~~~~~~~~~~~~~~~~~~~~~
dbd_sqlite.c:573:18: warning: unused variable 'errflag' [-Wunused-variable]
  dbi_error_flag errflag = 0;
                 ^
dbd_sqlite.c:654:3: warning: ignoring return value of function declared with warn_unused_result attribute [-Wunused-result]
  asprintf(&query, "SAVEPOINT %s", savepoint);
  ^~~~~~~~~~~~~~~~~~~~~~~~~~~~~~~~~~~~~~~~~~~
/usr/include/x86_64-linux-gnu/bits/stdio2.h:199:3: note: expanded from macro 'asprintf'
  __asprintf_chk (ptr, __USE_FORTIFY_LEVEL - 1, __VA_ARGS__)
  ^~~~~~~~~~~~~~  ~~~~~~~~~~~~~~~~~~~~~~~~~~~~~~~~~~~~~~~~~
dbd_sqlite.c:673:3: warning: ignoring return value of function declared with warn_unused_result attribute [-Wunused-result]
  asprintf(&query, "ROLLBACK TO SAVEPOINT %s", savepoint);
  ^~~~~~~~~~~~~~~~~~~~~~~~~~~~~~~~~~~~~~~~~~~~~~~~~~~~~~~
/usr/include/x86_64-linux-gnu/bits/stdio2.h:199:3: note: expanded from macro 'asprintf'
  __asprintf_chk (ptr, __USE_FORTIFY_LEVEL - 1, __VA_ARGS__)
  ^~~~~~~~~~~~~~  ~~~~~~~~~~~~~~~~~~~~~~~~~~~~~~~~~~~~~~~~~
dbd_sqlite.c:692:3: warning: ignoring return value of function declared with warn_unused_result attribute [-Wunused-result]
  asprintf(&query, "RELEASE SAVEPOINT %s", savepoint);
  ^~~~~~~~~~~~~~~~~~~~~~~~~~~~~~~~~~~~~~~~~~~~~~~~~~~
/usr/include/x86_64-linux-gnu/bits/stdio2.h:199:3: note: expanded from macro 'asprintf'
  __asprintf_chk (ptr, __USE_FORTIFY_LEVEL - 1, __VA_ARGS__)
  ^~~~~~~~~~~~~~  ~~~~~~~~~~~~~~~~~~~~~~~~~~~~~~~~~~~~~~~~~
dbd_sqlite.c:741:18: warning: unused variable 'errflag' [-Wunused-variable]
  dbi_error_flag errflag = 0;
                 ^
dbd_sqlite.c:1282:55: warning: passing 'char *' to parameter of type 'const unsigned char *' converts between pointers to integer types with different sign [-Wpointer-sign]
      row->field_sizes[curfield] = _dbd_decode_binary(data->d_string, data->d_string);
                                                      ^~~~~~~~~~~~~~
/usr/include/dbi/dbd.h:81:48: note: passing argument to parameter 'in' here
size_t _dbd_decode_binary(const unsigned char *in, unsigned char *out);
                                               ^
dbd_sqlite.c:1282:71: warning: passing 'char *' to parameter of type 'unsigned char *' converts between pointers to integer types with different sign [-Wpointer-sign]
      row->field_sizes[curfield] = _dbd_decode_binary(data->d_string, data->d_string);
                                                                      ^~~~~~~~~~~~~~
/usr/include/dbi/dbd.h:81:67: note: passing argument to parameter 'out' here
size_t _dbd_decode_binary(const unsigned char *in, unsigned char *out);
                                                                  ^
13 warnings generated.
libtool: compile:  x86_64-linux-gnu-gcc -DHAVE_CONFIG_H -I. -I../.. -I../.. -I../../include -I/usr/include/x86_64-linux-gnu -DDBDIR=\"/usr/var/lib/libdbi/sqlite\" -D_FORTIFY_SOURCE=2 -std=gnu99 -g -O2 -fstack-protector-strong -Wformat -Werror=format-security -g -Wall -MT dbd_sqlite.lo -MD -MP -MF .deps/dbd_sqlite.Tpo -c dbd_sqlite.c -o dbd_sqlite.o >/dev/null 2>&1
mv -f .deps/dbd_sqlite.Tpo .deps/dbd_sqlite.Plo
/bin/bash ../../libtool  --tag=CC   --mode=link x86_64-linux-gnu-gcc  -std=gnu99 -g -O2 -fstack-protector-strong -Wformat -Werror=format-security -g -Wall -module -avoid-version -L/usr/lib/x86_64-linux-gnu -lsqlite -no-undefined -ldbi -L/usr/lib/x86_64-linux-gnu -Wl,-z,relro -o libdbdsqlite.la -rpath /usr/lib/x86_64-linux-gnu/dbd dbd_sqlite.lo  
libtool: link: x86_64-linux-gnu-gcc -shared  -fPIC -DPIC  .libs/dbd_sqlite.o   -L/usr/lib/x86_64-linux-gnu /usr/lib/libsqlite.so -ldbi  -O2 -Wl,-z -Wl,relro   -Wl,-soname -Wl,libdbdsqlite.so -o .libs/libdbdsqlite.so
libtool: link: x86_64-linux-gnu-ar cru .libs/libdbdsqlite.a  dbd_sqlite.o
libtool: link: x86_64-linux-gnu-ranlib .libs/libdbdsqlite.a
libtool: link: ( cd ".libs" && rm -f "libdbdsqlite.la" && ln -s "../libdbdsqlite.la" "libdbdsqlite.la" )
make[4]: Leaving directory '/«PKGBUILDDIR»/drivers/sqlite'
Making all in sqlite3
make[4]: Entering directory '/«PKGBUILDDIR»/drivers/sqlite3'
/bin/bash ../../libtool  --tag=CC   --mode=compile x86_64-linux-gnu-gcc -DHAVE_CONFIG_H -I. -I../.. -I../.. -I../../include  -I/usr/include/x86_64-linux-gnu -DDBDIR=\"/usr/var/lib/libdbi/sqlite3\" -D_FORTIFY_SOURCE=2  -std=gnu99 -g -O2 -fstack-protector-strong -Wformat -Werror=format-security -g -Wall -MT dbd_sqlite3.lo -MD -MP -MF .deps/dbd_sqlite3.Tpo -c -o dbd_sqlite3.lo dbd_sqlite3.c
libtool: compile:  x86_64-linux-gnu-gcc -DHAVE_CONFIG_H -I. -I../.. -I../.. -I../../include -I/usr/include/x86_64-linux-gnu -DDBDIR=\"/usr/var/lib/libdbi/sqlite3\" -D_FORTIFY_SOURCE=2 -std=gnu99 -g -O2 -fstack-protector-strong -Wformat -Werror=format-security -g -Wall -MT dbd_sqlite3.lo -MD -MP -MF .deps/dbd_sqlite3.Tpo -c dbd_sqlite3.c  -fPIC -DPIC -o .libs/dbd_sqlite3.o
dbd_sqlite3.c:421:3: warning: ignoring return value of function declared with warn_unused_result attribute [-Wunused-result]
  getcwd(old_cwd, _POSIX_PATH_MAX);
  ^~~~~~ ~~~~~~~~~~~~~~~~~~~~~~~~
dbd_sqlite3.c:422:3: warning: ignoring return value of function declared with warn_unused_result attribute [-Wunused-result]
  chdir(sq_datadir);
  ^~~~~ ~~~~~~~~~~
dbd_sqlite3.c:491:3: warning: ignoring return value of function declared with warn_unused_result attribute [-Wunused-result]
  chdir(old_cwd);
  ^~~~~ ~~~~~~~
dbd_sqlite3.c:403:7: warning: variable 'dp' is used uninitialized whenever '&&' condition is false [-Wsometimes-uninitialized]
  if (sq_datadir && (dp = opendir(sq_datadir)) == NULL) {
      ^~~~~~~~~~
dbd_sqlite3.c:409:33: note: uninitialized use occurs here
  entry_size = _dirent_buf_size(dp);
                                ^~
dbd_sqlite3.c:403:7: note: remove the '&&' if its condition is always true
  if (sq_datadir && (dp = opendir(sq_datadir)) == NULL) {
      ^~~~~~~~~~~~~
dbd_sqlite3.c:379:10: note: initialize the variable 'dp' to silence this warning
  DIR *dp;
         ^
          = NULL
dbd_sqlite3.c:537:5: warning: ignoring return value of function declared with warn_unused_result attribute [-Wunused-result]
    asprintf(&sql_cmd, "SELECT name FROM sqlite_master WHERE type='table' ORDER BY name");
    ^~~~~~~~~~~~~~~~~~~~~~~~~~~~~~~~~~~~~~~~~~~~~~~~~~~~~~~~~~~~~~~~~~~~~~~~~~~~~~~~~~~~~
/usr/include/x86_64-linux-gnu/bits/stdio2.h:199:3: note: expanded from macro 'asprintf'
  __asprintf_chk (ptr, __USE_FORTIFY_LEVEL - 1, __VA_ARGS__)
  ^~~~~~~~~~~~~~  ~~~~~~~~~~~~~~~~~~~~~~~~~~~~~~~~~~~~~~~~~
dbd_sqlite3.c:540:5: warning: ignoring return value of function declared with warn_unused_result attribute [-Wunused-result]
    asprintf(&sql_cmd, "SELECT name FROM sqlite_master WHERE type='table' AND name LIKE '%s' ORDER BY name", pattern);
    ^~~~~~~~~~~~~~~~~~~~~~~~~~~~~~~~~~~~~~~~~~~~~~~~~~~~~~~~~~~~~~~~~~~~~~~~~~~~~~~~~~~~~~~~~~~~~~~~~~~~~~~~~~~~~~~~~
/usr/include/x86_64-linux-gnu/bits/stdio2.h:199:3: note: expanded from macro 'asprintf'
  __asprintf_chk (ptr, __USE_FORTIFY_LEVEL - 1, __VA_ARGS__)
  ^~~~~~~~~~~~~~  ~~~~~~~~~~~~~~~~~~~~~~~~~~~~~~~~~~~~~~~~~
dbd_sqlite3.c:547:7: warning: ignoring return value of function declared with warn_unused_result attribute [-Wunused-result]
      asprintf(&sql_cmd, "INSERT INTO libdbi_tablenames VALUES ('%s')", dbi_result_get_string(dbi_result, "name"));
      ^~~~~~~~~~~~~~~~~~~~~~~~~~~~~~~~~~~~~~~~~~~~~~~~~~~~~~~~~~~~~~~~~~~~~~~~~~~~~~~~~~~~~~~~~~~~~~~~~~~~~~~~~~~~
/usr/include/x86_64-linux-gnu/bits/stdio2.h:199:3: note: expanded from macro 'asprintf'
  __asprintf_chk (ptr, __USE_FORTIFY_LEVEL - 1, __VA_ARGS__)
  ^~~~~~~~~~~~~~  ~~~~~~~~~~~~~~~~~~~~~~~~~~~~~~~~~~~~~~~~~
dbd_sqlite3.c:616:18: warning: unused variable 'errflag' [-Wunused-variable]
  dbi_error_flag errflag = 0;
                 ^
dbd_sqlite3.c:673:18: warning: unused variable 'errflag' [-Wunused-variable]
  dbi_error_flag errflag = 0;
                 ^
dbd_sqlite3.c:757:3: warning: ignoring return value of function declared with warn_unused_result attribute [-Wunused-result]
  asprintf(&query, "SAVEPOINT %s", savepoint);
  ^~~~~~~~~~~~~~~~~~~~~~~~~~~~~~~~~~~~~~~~~~~
/usr/include/x86_64-linux-gnu/bits/stdio2.h:199:3: note: expanded from macro 'asprintf'
  __asprintf_chk (ptr, __USE_FORTIFY_LEVEL - 1, __VA_ARGS__)
  ^~~~~~~~~~~~~~  ~~~~~~~~~~~~~~~~~~~~~~~~~~~~~~~~~~~~~~~~~
dbd_sqlite3.c:776:3: warning: ignoring return value of function declared with warn_unused_result attribute [-Wunused-result]
  asprintf(&query, "ROLLBACK TO SAVEPOINT %s", savepoint);
  ^~~~~~~~~~~~~~~~~~~~~~~~~~~~~~~~~~~~~~~~~~~~~~~~~~~~~~~
/usr/include/x86_64-linux-gnu/bits/stdio2.h:199:3: note: expanded from macro 'asprintf'
  __asprintf_chk (ptr, __USE_FORTIFY_LEVEL - 1, __VA_ARGS__)
  ^~~~~~~~~~~~~~  ~~~~~~~~~~~~~~~~~~~~~~~~~~~~~~~~~~~~~~~~~
dbd_sqlite3.c:795:3: warning: ignoring return value of function declared with warn_unused_result attribute [-Wunused-result]
  asprintf(&query, "RELEASE SAVEPOINT %s", savepoint);
  ^~~~~~~~~~~~~~~~~~~~~~~~~~~~~~~~~~~~~~~~~~~~~~~~~~~
/usr/include/x86_64-linux-gnu/bits/stdio2.h:199:3: note: expanded from macro 'asprintf'
  __asprintf_chk (ptr, __USE_FORTIFY_LEVEL - 1, __VA_ARGS__)
  ^~~~~~~~~~~~~~  ~~~~~~~~~~~~~~~~~~~~~~~~~~~~~~~~~~~~~~~~~
dbd_sqlite3.c:830:7: warning: unused variable 'curr_table_index' [-Wunused-variable]
  int curr_table_index;
      ^
dbd_sqlite3.c:1116:18: warning: unused variable 'errflag' [-Wunused-variable]
  dbi_error_flag errflag = 0;
                 ^
dbd_sqlite3.c:1454:28: warning: expression result unused [-Wunused-value]
                  word_lower[item-start+1];
                  ~~~~~~~~~~ ~~~~~~~~~~~~^
dbd_sqlite3.c:1741:55: warning: passing 'char *' to parameter of type 'const unsigned char *' converts between pointers to integer types with different sign [-Wpointer-sign]
      row->field_sizes[curfield] = _dbd_decode_binary(data->d_string, data->d_string);
                                                      ^~~~~~~~~~~~~~
/usr/include/dbi/dbd.h:81:48: note: passing argument to parameter 'in' here
size_t _dbd_decode_binary(const unsigned char *in, unsigned char *out);
                                               ^
dbd_sqlite3.c:1741:71: warning: passing 'char *' to parameter of type 'unsigned char *' converts between pointers to integer types with different sign [-Wpointer-sign]
      row->field_sizes[curfield] = _dbd_decode_binary(data->d_string, data->d_string);
                                                                      ^~~~~~~~~~~~~~
/usr/include/dbi/dbd.h:81:67: note: passing argument to parameter 'out' here
size_t _dbd_decode_binary(const unsigned char *in, unsigned char *out);
                                                                  ^
dbd_sqlite3.c:78:19: warning: unused variable 'sqlite3_encoding_UTF16' [-Wunused-const-variable]
static const char sqlite3_encoding_UTF16[] = "UTF-16";
                  ^
18 warnings generated.
libtool: compile:  x86_64-linux-gnu-gcc -DHAVE_CONFIG_H -I. -I../.. -I../.. -I../../include -I/usr/include/x86_64-linux-gnu -DDBDIR=\"/usr/var/lib/libdbi/sqlite3\" -D_FORTIFY_SOURCE=2 -std=gnu99 -g -O2 -fstack-protector-strong -Wformat -Werror=format-security -g -Wall -MT dbd_sqlite3.lo -MD -MP -MF .deps/dbd_sqlite3.Tpo -c dbd_sqlite3.c -o dbd_sqlite3.o >/dev/null 2>&1
mv -f .deps/dbd_sqlite3.Tpo .deps/dbd_sqlite3.Plo
/bin/bash ../../libtool  --tag=CC   --mode=link x86_64-linux-gnu-gcc  -std=gnu99 -g -O2 -fstack-protector-strong -Wformat -Werror=format-security -g -Wall -module -avoid-version -L/usr/lib/x86_64-linux-gnu -lsqlite3 -no-undefined -ldbi -L/usr/lib/x86_64-linux-gnu -Wl,-z,relro -o libdbdsqlite3.la -rpath /usr/lib/x86_64-linux-gnu/dbd dbd_sqlite3.lo  
libtool: link: x86_64-linux-gnu-gcc -shared  -fPIC -DPIC  .libs/dbd_sqlite3.o   -L/usr/lib/x86_64-linux-gnu /usr/lib/x86_64-linux-gnu/libsqlite3.so -ldbi  -O2 -Wl,-z -Wl,relro   -Wl,-soname -Wl,libdbdsqlite3.so -o .libs/libdbdsqlite3.so
libtool: link: x86_64-linux-gnu-ar cru .libs/libdbdsqlite3.a  dbd_sqlite3.o
libtool: link: x86_64-linux-gnu-ranlib .libs/libdbdsqlite3.a
libtool: link: ( cd ".libs" && rm -f "libdbdsqlite3.la" && ln -s "../libdbdsqlite3.la" "libdbdsqlite3.la" )
make[4]: Leaving directory '/«PKGBUILDDIR»/drivers/sqlite3'
Making all in msql
make[4]: Entering directory '/«PKGBUILDDIR»/drivers/msql'
make[4]: Nothing to be done for 'all'.
make[4]: Leaving directory '/«PKGBUILDDIR»/drivers/msql'
Making all in oracle
make[4]: Entering directory '/«PKGBUILDDIR»/drivers/oracle'
make[4]: Nothing to be done for 'all'.
make[4]: Leaving directory '/«PKGBUILDDIR»/drivers/oracle'
Making all in firebird
make[4]: Entering directory '/«PKGBUILDDIR»/drivers/firebird'
make[4]: Nothing to be done for 'all'.
make[4]: Leaving directory '/«PKGBUILDDIR»/drivers/firebird'
Making all in freetds
make[4]: Entering directory '/«PKGBUILDDIR»/drivers/freetds'
/bin/bash ../../libtool  --tag=CC   --mode=compile x86_64-linux-gnu-gcc -DHAVE_CONFIG_H -I. -I../.. -I../.. -I../../include    -D_FORTIFY_SOURCE=2  -std=gnu99 -g -O2 -fstack-protector-strong -Wformat -Werror=format-security -g -Wall -MT dbd_freetds.lo -MD -MP -MF .deps/dbd_freetds.Tpo -c -o dbd_freetds.lo dbd_freetds.c
libtool: compile:  x86_64-linux-gnu-gcc -DHAVE_CONFIG_H -I. -I../.. -I../.. -I../../include -D_FORTIFY_SOURCE=2 -std=gnu99 -g -O2 -fstack-protector-strong -Wformat -Werror=format-security -g -Wall -MT dbd_freetds.lo -MD -MP -MF .deps/dbd_freetds.Tpo -c dbd_freetds.c  -fPIC -DPIC -o .libs/dbd_freetds.o
dbd_freetds.c:459:2: warning: ignoring return value of function declared with warn_unused_result attribute [-Wunused-result]
        asprintf(&sql_cmd,
        ^~~~~~~~~~~~~~~~~~
/usr/include/x86_64-linux-gnu/bits/stdio2.h:199:3: note: expanded from macro 'asprintf'
  __asprintf_chk (ptr, __USE_FORTIFY_LEVEL - 1, __VA_ARGS__)
  ^~~~~~~~~~~~~~  ~~~~~~~~~~~~~~~~~~~~~~~~~~~~~~~~~~~~~~~~~
dbd_freetds.c:492:2: warning: ignoring return value of function declared with warn_unused_result attribute [-Wunused-result]
        asprintf(&sql_cmd, "create table #t (\n"
        ^~~~~~~~~~~~~~~~~~~~~~~~~~~~~~~~~~~~~~~~
/usr/include/x86_64-linux-gnu/bits/stdio2.h:199:3: note: expanded from macro 'asprintf'
  __asprintf_chk (ptr, __USE_FORTIFY_LEVEL - 1, __VA_ARGS__)
  ^~~~~~~~~~~~~~  ~~~~~~~~~~~~~~~~~~~~~~~~~~~~~~~~~~~~~~~~~
dbd_freetds.c:504:2: warning: ignoring return value of function declared with warn_unused_result attribute [-Wunused-result]
        asprintf(&sql_cmd, "create table #t (\n"
        ^~~~~~~~~~~~~~~~~~~~~~~~~~~~~~~~~~~~~~~~
/usr/include/x86_64-linux-gnu/bits/stdio2.h:199:3: note: expanded from macro 'asprintf'
  __asprintf_chk (ptr, __USE_FORTIFY_LEVEL - 1, __VA_ARGS__)
  ^~~~~~~~~~~~~~  ~~~~~~~~~~~~~~~~~~~~~~~~~~~~~~~~~~~~~~~~~
dbd_freetds.c:773:3: warning: ignoring return value of function declared with warn_unused_result attribute [-Wunused-result]
  asprintf(&query, "SAVE TRANSACTION %s", savepoint);
  ^~~~~~~~~~~~~~~~~~~~~~~~~~~~~~~~~~~~~~~~~~~~~~~~~~
/usr/include/x86_64-linux-gnu/bits/stdio2.h:199:3: note: expanded from macro 'asprintf'
  __asprintf_chk (ptr, __USE_FORTIFY_LEVEL - 1, __VA_ARGS__)
  ^~~~~~~~~~~~~~  ~~~~~~~~~~~~~~~~~~~~~~~~~~~~~~~~~~~~~~~~~
dbd_freetds.c:792:3: warning: ignoring return value of function declared with warn_unused_result attribute [-Wunused-result]
  asprintf(&query, "ROLLBACK TRANSACTION %s", savepoint);
  ^~~~~~~~~~~~~~~~~~~~~~~~~~~~~~~~~~~~~~~~~~~~~~~~~~~~~~
/usr/include/x86_64-linux-gnu/bits/stdio2.h:199:3: note: expanded from macro 'asprintf'
  __asprintf_chk (ptr, __USE_FORTIFY_LEVEL - 1, __VA_ARGS__)
  ^~~~~~~~~~~~~~  ~~~~~~~~~~~~~~~~~~~~~~~~~~~~~~~~~~~~~~~~~
dbd_freetds.c:814:5: warning: ignoring return value of function declared with warn_unused_result attribute [-Wunused-result]
    asprintf(&sql_cmd, "USE %s ", db);
    ^~~~~~~~~~~~~~~~~~~~~~~~~~~~~~~~~
/usr/include/x86_64-linux-gnu/bits/stdio2.h:199:3: note: expanded from macro 'asprintf'
  __asprintf_chk (ptr, __USE_FORTIFY_LEVEL - 1, __VA_ARGS__)
  ^~~~~~~~~~~~~~  ~~~~~~~~~~~~~~~~~~~~~~~~~~~~~~~~~~~~~~~~~
dbd_freetds.c:1049:26: warning: passing 'char *' to parameter of type 'const unsigned char *' converts between pointers to integer types with different sign [-Wpointer-sign]
                    _dbd_decode_binary(((dbi_row_t *) addr)->field_values[idx].d_string,
                                       ^~~~~~~~~~~~~~~~~~~~~~~~~~~~~~~~~~~~~~~~~~~~~~~~
/usr/include/dbi/dbd.h:81:48: note: passing argument to parameter 'in' here
size_t _dbd_decode_binary(const unsigned char *in, unsigned char *out);
                                               ^
dbd_freetds.c:1050:12: warning: passing 'char *' to parameter of type 'unsigned char *' converts between pointers to integer types with different sign [-Wpointer-sign]
                                       ((dbi_row_t *) addr)->field_values[idx].d_string);
                                       ^~~~~~~~~~~~~~~~~~~~~~~~~~~~~~~~~~~~~~~~~~~~~~~~
/usr/include/dbi/dbd.h:81:67: note: passing argument to parameter 'out' here
size_t _dbd_decode_binary(const unsigned char *in, unsigned char *out);
                                                                  ^
dbd_freetds.c:70:19: warning: unused variable 'APP_NAME' [-Wunused-const-variable]
static const char APP_NAME[] = "libdbi-freetds-driver";
                  ^
9 warnings generated.
libtool: compile:  x86_64-linux-gnu-gcc -DHAVE_CONFIG_H -I. -I../.. -I../.. -I../../include -D_FORTIFY_SOURCE=2 -std=gnu99 -g -O2 -fstack-protector-strong -Wformat -Werror=format-security -g -Wall -MT dbd_freetds.lo -MD -MP -MF .deps/dbd_freetds.Tpo -c dbd_freetds.c -o dbd_freetds.o >/dev/null 2>&1
mv -f .deps/dbd_freetds.Tpo .deps/dbd_freetds.Plo
/bin/bash ../../libtool  --tag=CC   --mode=link x86_64-linux-gnu-gcc  -std=gnu99 -g -O2 -fstack-protector-strong -Wformat -Werror=format-security -g -Wall -module -avoid-version   -lct -no-undefined -ldbi -L/usr/lib/x86_64-linux-gnu -Wl,-z,relro -o libdbdfreetds.la -rpath /usr/lib/x86_64-linux-gnu/dbd dbd_freetds.lo  
libtool: link: x86_64-linux-gnu-gcc -shared  -fPIC -DPIC  .libs/dbd_freetds.o   -lct -ldbi -L/usr/lib/x86_64-linux-gnu  -O2 -Wl,-z -Wl,relro   -Wl,-soname -Wl,libdbdfreetds.so -o .libs/libdbdfreetds.so
libtool: link: x86_64-linux-gnu-ar cru .libs/libdbdfreetds.a  dbd_freetds.o
libtool: link: x86_64-linux-gnu-ranlib .libs/libdbdfreetds.a
libtool: link: ( cd ".libs" && rm -f "libdbdfreetds.la" && ln -s "../libdbdfreetds.la" "libdbdfreetds.la" )
make[4]: Leaving directory '/«PKGBUILDDIR»/drivers/freetds'
Making all in ingres
make[4]: Entering directory '/«PKGBUILDDIR»/drivers/ingres'
make[4]: Nothing to be done for 'all'.
make[4]: Leaving directory '/«PKGBUILDDIR»/drivers/ingres'
Making all in db2
make[4]: Entering directory '/«PKGBUILDDIR»/drivers/db2'
make[4]: Nothing to be done for 'all'.
make[4]: Leaving directory '/«PKGBUILDDIR»/drivers/db2'
make[4]: Entering directory '/«PKGBUILDDIR»/drivers'
make[4]: Nothing to be done for 'all-am'.
make[4]: Leaving directory '/«PKGBUILDDIR»/drivers'
make[3]: Leaving directory '/«PKGBUILDDIR»/drivers'
Making all in tests
make[3]: Entering directory '/«PKGBUILDDIR»/tests'
Making all in cgreen
make[4]: Entering directory '/«PKGBUILDDIR»/tests/cgreen'
x86_64-linux-gnu-gcc -DHAVE_CONFIG_H -I. -I../.. -Iinclude  -D_FORTIFY_SOURCE=2  -std=gnu99 -g -O2 -fstack-protector-strong -Wformat -Werror=format-security -g -Wall -MT unit.o -MD -MP -MF .deps/unit.Tpo -c -o unit.o `test -f 'src/unit.c' || echo './'`src/unit.c
src/unit.c:229:5: warning: implicit declaration of function 'wait' is invalid in C99 [-Wimplicit-function-declaration]
    wait(&status);
    ^
src/unit.c:254:13: warning: unused function 'tally_counter' [-Wunused-function]
static void tally_counter(const char *file, int line, int expected, int actual, void *abstract_reporter) {
            ^
2 warnings generated.
mv -f .deps/unit.Tpo .deps/unit.Po
x86_64-linux-gnu-gcc -DHAVE_CONFIG_H -I. -I../.. -Iinclude  -D_FORTIFY_SOURCE=2  -std=gnu99 -g -O2 -fstack-protector-strong -Wformat -Werror=format-security -g -Wall -MT messaging.o -MD -MP -MF .deps/messaging.Tpo -c -o messaging.o `test -f 'src/messaging.c' || echo './'`src/messaging.c
src/messaging.c:40:5: warning: ignoring return value of function declared with warn_unused_result attribute [-Wunused-result]
    pipe(pipes);
    ^~~~ ~~~~~
src/messaging.c:56:5: warning: ignoring return value of function declared with warn_unused_result attribute [-Wunused-result]
    write(queues[messaging].writepipe, message, sizeof(CgreenMessage));
    ^~~~~ ~~~~~~~~~~~~~~~~~~~~~~~~~~~~~~~~~~~~~~~~~~~~~~~~~~~~~~~~~~~
2 warnings generated.
mv -f .deps/messaging.Tpo .deps/messaging.Po
x86_64-linux-gnu-gcc -DHAVE_CONFIG_H -I. -I../.. -Iinclude  -D_FORTIFY_SOURCE=2  -std=gnu99 -g -O2 -fstack-protector-strong -Wformat -Werror=format-security -g -Wall -MT breadcrumb.o -MD -MP -MF .deps/breadcrumb.Tpo -c -o breadcrumb.o `test -f 'src/breadcrumb.c' || echo './'`src/breadcrumb.c
mv -f .deps/breadcrumb.Tpo .deps/breadcrumb.Po
x86_64-linux-gnu-gcc -DHAVE_CONFIG_H -I. -I../.. -Iinclude  -D_FORTIFY_SOURCE=2  -std=gnu99 -g -O2 -fstack-protector-strong -Wformat -Werror=format-security -g -Wall -MT reporter.o -MD -MP -MF .deps/reporter.Tpo -c -o reporter.o `test -f 'src/reporter.c' || echo './'`src/reporter.c
mv -f .deps/reporter.Tpo .deps/reporter.Po
x86_64-linux-gnu-gcc -DHAVE_CONFIG_H -I. -I../.. -Iinclude  -D_FORTIFY_SOURCE=2  -std=gnu99 -g -O2 -fstack-protector-strong -Wformat -Werror=format-security -g -Wall -MT assertions.o -MD -MP -MF .deps/assertions.Tpo -c -o assertions.o `test -f 'src/assertions.c' || echo './'`src/assertions.c
mv -f .deps/assertions.Tpo .deps/assertions.Po
x86_64-linux-gnu-gcc -DHAVE_CONFIG_H -I. -I../.. -Iinclude  -D_FORTIFY_SOURCE=2  -std=gnu99 -g -O2 -fstack-protector-strong -Wformat -Werror=format-security -g -Wall -MT vector.o -MD -MP -MF .deps/vector.Tpo -c -o vector.o `test -f 'src/vector.c' || echo './'`src/vector.c
mv -f .deps/vector.Tpo .deps/vector.Po
x86_64-linux-gnu-gcc -DHAVE_CONFIG_H -I. -I../.. -Iinclude  -D_FORTIFY_SOURCE=2  -std=gnu99 -g -O2 -fstack-protector-strong -Wformat -Werror=format-security -g -Wall -MT mocks.o -MD -MP -MF .deps/mocks.Tpo -c -o mocks.o `test -f 'src/mocks.c' || echo './'`src/mocks.c
mv -f .deps/mocks.Tpo .deps/mocks.Po
x86_64-linux-gnu-gcc -DHAVE_CONFIG_H -I. -I../.. -Iinclude  -D_FORTIFY_SOURCE=2  -std=gnu99 -g -O2 -fstack-protector-strong -Wformat -Werror=format-security -g -Wall -MT constraint.o -MD -MP -MF .deps/constraint.Tpo -c -o constraint.o `test -f 'src/constraint.c' || echo './'`src/constraint.c
src/constraint.c:104:22: warning: incompatible pointer types assigning to 'void (*)(Constraint *, const char *, intptr_t, const char *, int, TestReporter *)' from 'void (*)(Constraint *, const char *, const char *, intptr_t, const char *, int, TestReporter *)' [-Wincompatible-pointer-types]
    constraint->test = &test_with_matcher;
                     ^ ~~~~~~~~~~~~~~~~~~
src/constraint.c:167:8: warning: incompatible integer to pointer conversion initializing 'int (*)(const void *)' with an expression of type 'intptr_t' (aka 'long') [-Wint-conversion]
        int (*matches)(const void*) = constraint->expected;
              ^                       ~~~~~~~~~~~~~~~~~~~~
src/constraint.c:168:20: warning: incompatible integer to pointer conversion passing 'intptr_t' (aka 'long') to parameter of type 'const void *' [-Wint-conversion]
    return matches(actual);
                   ^~~~~~
3 warnings generated.
mv -f .deps/constraint.Tpo .deps/constraint.Po
x86_64-linux-gnu-gcc -DHAVE_CONFIG_H -I. -I../.. -Iinclude  -D_FORTIFY_SOURCE=2  -std=gnu99 -g -O2 -fstack-protector-strong -Wformat -Werror=format-security -g -Wall -MT parameters.o -MD -MP -MF .deps/parameters.Tpo -c -o parameters.o `test -f 'src/parameters.c' || echo './'`src/parameters.c
mv -f .deps/parameters.Tpo .deps/parameters.Po
x86_64-linux-gnu-gcc -DHAVE_CONFIG_H -I. -I../.. -Iinclude  -D_FORTIFY_SOURCE=2  -std=gnu99 -g -O2 -fstack-protector-strong -Wformat -Werror=format-security -g -Wall -MT text_reporter.o -MD -MP -MF .deps/text_reporter.Tpo -c -o text_reporter.o `test -f 'src/text_reporter.c' || echo './'`src/text_reporter.c
mv -f .deps/text_reporter.Tpo .deps/text_reporter.Po
x86_64-linux-gnu-gcc -DHAVE_CONFIG_H -I. -I../.. -Iinclude  -D_FORTIFY_SOURCE=2  -std=gnu99 -g -O2 -fstack-protector-strong -Wformat -Werror=format-security -g -Wall -MT cdash_reporter.o -MD -MP -MF .deps/cdash_reporter.Tpo -c -o cdash_reporter.o `test -f 'src/cdash_reporter.c' || echo './'`src/cdash_reporter.c
mv -f .deps/cdash_reporter.Tpo .deps/cdash_reporter.Po
rm -f libcgreen.a
x86_64-linux-gnu-ar cru libcgreen.a unit.o messaging.o breadcrumb.o reporter.o assertions.o vector.o mocks.o constraint.o parameters.o text_reporter.o cdash_reporter.o 
x86_64-linux-gnu-ranlib libcgreen.a
make[4]: Leaving directory '/«PKGBUILDDIR»/tests/cgreen'
make[4]: Entering directory '/«PKGBUILDDIR»/tests'
make[4]: Nothing to be done for 'all-am'.
make[4]: Leaving directory '/«PKGBUILDDIR»/tests'
make[3]: Leaving directory '/«PKGBUILDDIR»/tests'
Making all in doc
make[3]: Entering directory '/«PKGBUILDDIR»/doc'
Making all in include
make[4]: Entering directory '/«PKGBUILDDIR»/doc/include'
make[4]: Nothing to be done for 'all'.
make[4]: Leaving directory '/«PKGBUILDDIR»/doc/include'
make[4]: Entering directory '/«PKGBUILDDIR»/doc'
make[4]: Nothing to be done for 'all-am'.
make[4]: Leaving directory '/«PKGBUILDDIR»/doc'
make[3]: Leaving directory '/«PKGBUILDDIR»/doc'
make[3]: Entering directory '/«PKGBUILDDIR»'
make[3]: Leaving directory '/«PKGBUILDDIR»'
make[2]: Leaving directory '/«PKGBUILDDIR»'
make[1]: Leaving directory '/«PKGBUILDDIR»'
touch build-stamp
/usr/bin/make -C tests test_dbi
make[1]: Entering directory '/«PKGBUILDDIR»/tests'
x86_64-linux-gnu-gcc -DHAVE_CONFIG_H -I. -I.. -I.. -I../include -I../tests/cgreen/include -I/usr/include -DDBDIR=\"/usr/var/lib/libdbi\"  -D_FORTIFY_SOURCE=2  -DDBI_DRIVER_DIR=\"/usr/lib/x86_64-linux-gnu/dbd\"  -g -MT test_dbi.o -MD -MP -MF .deps/test_dbi.Tpo -c -o test_dbi.o test_dbi.c
test_dbi.c:131:68: warning: integer literal is too large to be represented in a signed integer type, interpreting as unsigned [-Wimplicitly-unsigned-literal]
      {"the_float", 2, 2, 0, 0, .expect_val.double_val = 3.4E+37, -9223372036854775808, "3.400000e+37"}, /* DBI_DECIMAL_SIZE4 */
                                                                   ^
test_dbi.c:132:70: warning: integer literal is too large to be represented in a signed integer type, interpreting as unsigned [-Wimplicitly-unsigned-literal]
      {"the_double", 2, 4, 0, 0, .expect_val.double_val = 1.7E+307, -9223372036854775808, "1.700000e+307"}, /* DBI_DECIMAL_SIZE8 */
                                                                     ^
test_dbi.c:160:75: warning: implicit conversion from 'double' to 'long long' changes value from 3.402823466E+38 to 9223372036854775807 [-Wliteral-conversion]
      {"the_float", 2, 2, 0, 0, .expect_val.double_val = 3.402823466E+38, 3.402823466E+38, "3.40280E+38"}, /* DBI_DECIMAL_SIZE4 */
      ~                                                                   ^~~~~~~~~~~~~~~
test_dbi.c:161:69: warning: implicit conversion from 'double' to 'long long' changes value from 1.7E+307 to 9223372036854775807 [-Wliteral-conversion]
      {"the_double", 2, 4, 0, 0, .expect_val.double_val = 1.7E+307, 1.7E+307, "1.797693e+307"}, /* DBI_DECIMAL_SIZE8 */
      ~                                                             ^~~~~~~~
test_dbi.c:188:75: warning: implicit conversion from 'double' to 'long long' changes value from 3.402823466E+38 to 9223372036854775807 [-Wliteral-conversion]
      {"the_float", 2, 2, 0, 0, .expect_val.double_val = 3.402823466E+38, 3.402823466E+38, "3.40280E+38"}, /* DBI_DECIMAL_SIZE4 */
      ~                                                                   ^~~~~~~~~~~~~~~
test_dbi.c:189:69: warning: implicit conversion from 'double' to 'long long' changes value from 1.7E+307 to 9223372036854775807 [-Wliteral-conversion]
      {"the_double", 2, 4, 0, 0, .expect_val.double_val = 1.7E+307, 1.7E+307, "1.797693e+307"}, /* DBI_DECIMAL_SIZE8 */
      ~                                                             ^~~~~~~~
test_dbi.c:190:71: warning: implicit conversion from 'double' to 'long long' changes value from 1234.5678 to 1234 [-Wliteral-conversion]
      {"the_decimal", 3, 0, 0, 0, .expect_val.double_val = 1234.5678, 1234.5678, "1234.5678"}, /* string */
      ~                                                               ^~~~~~~~~
test_dbi.c:191:66: warning: implicit conversion from 'double' to 'long long' changes value from 567.89 to 567 [-Wliteral-conversion]
      {"the_money", 3, 0, 0, 0, .expect_val.double_val = 567.89, 567.89, "$567.89"},  /* string */
      ~                                                          ^~~~~~
test_dbi.c:219:75: warning: implicit conversion from 'double' to 'long long' changes value from 3.402823466E+38 to 9223372036854775807 [-Wliteral-conversion]
      {"the_float", 2, 2, 0, 0, .expect_val.double_val = 3.402823466E+38, 3.402823466E+38, "3.40280E+38"}, /* DBI_DECIMAL_SIZE4 */
      ~                                                                   ^~~~~~~~~~~~~~~
test_dbi.c:244:76: warning: integer literal is too large to be represented in a signed integer type, interpreting as unsigned [-Wimplicitly-unsigned-literal]
      {"the_float", 2, 2, 0, 5, .expect_val.double_val = 3.402823466E+38, -9223372036854775808, "3.402820e+38"}, /* DBI_DECIMAL_SIZE4 */
                                                                           ^
test_dbi.c:245:75: warning: integer literal is too large to be represented in a signed integer type, interpreting as unsigned [-Wimplicitly-unsigned-literal]
      {"the_double", 2, 4, 0, 7, .expect_val.double_val = 1.797693E+307, -9223372036854775808, "1.797693e+307"}, /* DBI_DECIMAL_SIZE8 */
                                                                          ^
test_dbi.c:275:76: warning: integer literal is too large to be represented in a signed integer type, interpreting as unsigned [-Wimplicitly-unsigned-literal]
      {"the_float", 2, 2, 0, 5, .expect_val.double_val = 3.402823466E+38, -9223372036854775808, "3.402820e+38"}, /* DBI_DECIMAL_SIZE4 */
                                                                           ^
test_dbi.c:276:76: warning: integer literal is too large to be represented in a signed integer type, interpreting as unsigned [-Wimplicitly-unsigned-literal]
      {"the_double", 2, 4, 0, 7, .expect_val.double_val =  1.797693e+307, -9223372036854775808, " 1.797693e+307"}, /* DBI_DECIMAL_SIZE8 */
                                                                           ^
test_dbi.c:306:75: warning: implicit conversion from 'double' to 'long long' changes value from 3.402823466E+38 to 9223372036854775807 [-Wliteral-conversion]
      {"the_float", 2, 2, 0, 7, .expect_val.double_val = 3.402823466E+38, 3.402823466E+38, "3.40280E+38"}, /* DBI_DECIMAL_SIZE4 */
      ~                                                                   ^~~~~~~~~~~~~~~
test_dbi.c:307:69: warning: implicit conversion from 'double' to 'long long' changes value from 1.7E+307 to 9223372036854775807 [-Wliteral-conversion]
      {"the_double", 2, 4, 0, 7, .expect_val.double_val = 1.7E+307, 1.7E+307, "1.797693e+307"}, /* DBI_DECIMAL_SIZE8 */
      ~                                                             ^~~~~~~~
test_dbi.c:335:76: warning: integer literal is too large to be represented in a signed integer type, interpreting as unsigned [-Wimplicitly-unsigned-literal]
      {"the_float", 2, 2, 0, 7, .expect_val.double_val = 3.402823466E+38, -9223372036854775808, "3.402823e+38"}, /* DBI_DECIMAL_SIZE4 */
                                                                           ^
test_dbi.c:336:75: warning: integer literal is too large to be represented in a signed integer type, interpreting as unsigned [-Wimplicitly-unsigned-literal]
      {"the_double", 2, 4, 0, 7, .expect_val.double_val = 1.797693e+307, -9223372036854775808, "1.797693e+307"}, /* DBI_DECIMAL_SIZE8 */
                                                                          ^
test_dbi.c:2203:17: warning: address of array 'cinfo.encoding' will always evaluate to 'true' [-Wpointer-bool-conversion]
      if (cinfo.encoding && *(cinfo.encoding)) {
          ~~~~~~^~~~~~~~ ~~
test_dbi.c:2404:14: warning: 'dbi_initialize' is deprecated [-Wdeprecated-declarations]
      return dbi_initialize(driverdir);
             ^
/usr/include/dbi/dbi.h:169:27: note: 'dbi_initialize' has been explicitly marked deprecated here
int LIBDBI_API_DEPRECATED dbi_initialize(const char *driverdir);
                          ^
test_dbi.c:2413:7: warning: 'dbi_shutdown' is deprecated [-Wdeprecated-declarations]
      dbi_shutdown();
      ^
/usr/include/dbi/dbi.h:171:28: note: 'dbi_shutdown' has been explicitly marked deprecated here
void LIBDBI_API_DEPRECATED dbi_shutdown();
                           ^
test_dbi.c:2422:14: warning: 'dbi_driver_list' is deprecated [-Wdeprecated-declarations]
      return dbi_driver_list(Current);
             ^
/usr/include/dbi/dbi.h:178:34: note: 'dbi_driver_list' has been explicitly marked deprecated here
dbi_driver LIBDBI_API_DEPRECATED dbi_driver_list(dbi_driver Current); /* returns next driver. if current is NULL, return first driver. */
                                 ^
test_dbi.c:2431:14: warning: 'dbi_conn_new' is deprecated [-Wdeprecated-declarations]
      return dbi_conn_new(name);
             ^
/usr/include/dbi/dbi.h:199:32: note: 'dbi_conn_new' has been explicitly marked deprecated here
dbi_conn LIBDBI_API_DEPRECATED dbi_conn_new(const char *name); /* shortcut for dbi_conn_open(dbi_driver_open("foo")) */
                               ^
test_dbi.c:2540:1: warning: control may reach end of non-void function [-Wreturn-type]
}
^
test_dbi.c:2651:61: warning: format specifies type 'int' but the argument has type 'unsigned long long' [-Wformat]
      printf("\tGot result, %d rows, try to access rows\n", dbi_result_get_numrows(result));
                            ~~                              ^~~~~~~~~~~~~~~~~~~~~~~~~~~~~~
                            %llu
test_dbi.c:2681:16: warning: format specifies type 'int' but the argument has type 'long' [-Wformat]
               the_long_one,
               ^~~~~~~~~~~~
test_dbi.c:2682:16: warning: format specifies type 'int' but the argument has type 'long' [-Wformat]
               the_long_two,
               ^~~~~~~~~~~~
test_dbi.c:4602:19: warning: incompatible pointer to integer conversion assigning to 'time_t' (aka 'long') from 'const char *' [-Wint-conversion]
         the_date = dbi_result_get_string(result, "the_date");
                  ^ ~~~~~~~~~~~~~~~~~~~~~~~~~~~~~~~~~~~~~~~~~
test_dbi.c:4603:30: warning: incompatible integer to pointer conversion passing 'time_t' (aka 'long') to parameter of type 'const char *' [-Wint-conversion]
         assert_string_equal(the_date, "11-jul-1977");
                             ^~~~~~~~
../tests/cgreen/include/cgreen/assertions.h:19:87: note: expanded from macro 'assert_string_equal'
#define assert_string_equal(tried, expected) assert_string_equal_(__FILE__, __LINE__, tried, expected)
                                                                                      ^
../tests/cgreen/include/cgreen/assertions.h:35:67: note: passing argument to parameter 'tried' here
void assert_string_equal_(const char *file, int line, const char *tried, const char *expected);
                                                                  ^
test_dbi.c:4605:19: warning: incompatible pointer to integer conversion assigning to 'time_t' (aka 'long') from 'const char *' [-Wint-conversion]
         the_time = dbi_result_get_string(result, "the_time");
                  ^ ~~~~~~~~~~~~~~~~~~~~~~~~~~~~~~~~~~~~~~~~~
test_dbi.c:4606:30: warning: incompatible integer to pointer conversion passing 'time_t' (aka 'long') to parameter of type 'const char *' [-Wint-conversion]
         assert_string_equal(the_time, "23:59:59");
                             ^~~~~~~~
../tests/cgreen/include/cgreen/assertions.h:19:87: note: expanded from macro 'assert_string_equal'
#define assert_string_equal(tried, expected) assert_string_equal_(__FILE__, __LINE__, tried, expected)
                                                                                      ^
../tests/cgreen/include/cgreen/assertions.h:35:67: note: passing argument to parameter 'tried' here
void assert_string_equal_(const char *file, int line, const char *tried, const char *expected);
                                                                  ^
test_dbi.c:4787:56: warning: passing 'signed char *' to parameter of type 'char *' converts between pointers to integer types with different sign [-Wpointer-sign]
       bind = dbi_result_bind_char(result, "the_char", &the_char);
                                                       ^~~~~~~~~
/usr/include/dbi/dbi.h:302:74: note: passing argument to parameter 'bindto' here
int dbi_result_bind_char(dbi_result Result, const char *fieldname, char *bindto);
                                                                         ^
test_dbi.c:5747:1: warning: control reaches end of non-void function [-Wreturn-type]
}
^
test_dbi.c:5755:1: warning: control reaches end of non-void function [-Wreturn-type]
}
^
test_dbi.c:5792:1: warning: control reaches end of non-void function [-Wreturn-type]
}
^
test_dbi.c:5803:1: warning: control reaches end of non-void function [-Wreturn-type]
}
^
test_dbi.c:5880:1: warning: control reaches end of non-void function [-Wreturn-type]
}
^
test_dbi.c:5956:1: warning: control reaches end of non-void function [-Wreturn-type]
}
^
test_dbi.c:5990:1: warning: control reaches end of non-void function [-Wreturn-type]
}
^
38 warnings generated.
mv -f .deps/test_dbi.Tpo .deps/test_dbi.Po
/bin/bash ../libtool  --tag=CC   --mode=link x86_64-linux-gnu-gcc  -DDBI_DRIVER_DIR=\"/usr/lib/x86_64-linux-gnu/dbd\"  -g  -Wl,-z,relro -o test_dbi test_dbi.o ../tests/cgreen/libcgreen.a -L/usr/lib/x86_64-linux-gnu -lm -ldbi -lpthread -no-undefined -ldbi -L/usr/lib/x86_64-linux-gnu 
libtool: link: x86_64-linux-gnu-gcc -DDBI_DRIVER_DIR=\"/usr/lib/x86_64-linux-gnu/dbd\" -g -Wl,-z -Wl,relro -o test_dbi test_dbi.o  ../tests/cgreen/libcgreen.a -L/usr/lib/x86_64-linux-gnu -lm -lpthread -ldbi
make[1]: Leaving directory '/«PKGBUILDDIR»/tests'
# Testing sqlite and sqlite3
mkdir -p /«PKGBUILDDIR»/debian/sqlite3tests
( echo i; \
	echo n; \
	echo ./drivers/sqlite3/.libs; \
	echo sqlite3; \
	echo /«PKGBUILDDIR»/debian/sqlite3tests; \
	echo libdbitest; ) | ./tests/test_dbi

libdbi-drivers test program: $Id: test_dbi.c,v 1.72 2013/02/24 15:06:57 mhoenicka Exp $

test instance-based (i) or legacy (l) libdbi interface? [i] log query (y|n)? [n] libdbi driver directory? [/usr/lib/x86_64-linux-gnu/dbd] 1 drivers available: sqlite3 
test which driver? database directory? [DEFAULT] database name? [libdbitest] encoding? [] 
Connection information:
--------------------
	Legacy mode:           0
	Log query:             0
	Driverdir:             ./drivers/sqlite3/.libs
	Drivername:            sqlite3
	Dbdir:                 /«PKGBUILDDIR»/debian/sqlite3tests
	Initial Database:      libdbitest
	Database:              libdbitest
	Username:              
	Password:              
	Hostname:              
	Version:               
	Initial tables schema: CREATE TABLE test_datatypes ( the_char CHAR,the_uchar CHAR,the_short SMALLINT,the_ushort SMALLINT,the_long INT,the_ulong INT,the_longlong BIGINT,the_ulonglong BIGINT,the_float FLOAT4,the_double FLOAT8,the_driver_string VARCHAR(255),the_conn_quoted_string VARCHAR(255),the_conn_quoted_string_copy VARCHAR(255),the_conn_escaped_string VARCHAR(255),the_conn_escaped_string_copy VARCHAR(255),the_numstring VARCHAR(255),the_empty_string VARCHAR(255),the_null_string VARCHAR(255),the_binary_quoted_string BLOB,the_binary_escaped_string BLOB,the_datetime DATETIME,the_datetime_tz DATETIME,the_date DATE,the_time TIME,the_time_tz TIME,id INTEGER AUTO INCREMENT)
	Initial sub schema:
	  0: 
	  1: 
	  2: 
	  3: 
	  4: 
	Initial data schema:   INSERT INTO test_datatypes (the_char,the_uchar,the_short,the_ushort,the_long,the_ulong,the_longlong,the_ulonglong,the_float,the_double,the_conn_quoted_string,the_conn_quoted_string_copy,the_conn_escaped_string,the_conn_escaped_string_copy,the_numstring,the_empty_string,the_null_string,the_binary_quoted_string,the_binary_escaped_string,the_datetime,the_datetime_tz,the_date,the_time,the_time_tz) VALUES (-127,127,-32768,32767,-2147483648,2147483647,-9223372036854775807,9223372036854775807,3.402823466E+38,1.7976931348623157E+307,'Can ''we'' "quote" this properly?','Can ''we'' "quote" this properly?','Can ''we'' "escape" this properly?','Can ''we'' "escape" this properly?','-54321','',NULL,'@AB&C','@AB&C','2001-12-31 23:59:59','2001-12-31 23:59:59 -10:00','2001-12-31','23:59:59','23:59:59-10:00')

Begin tests:
--------------------
Running "libdbi framework test"...
Running "libdbi framework test"...
Running "libdbi framework test"...
Running "libdbi framework test"...
Running "libdbi framework test"...
Running "libdbi framework test"...
Running "libdbi framework test"...
Running "libdbi framework test"...
Running "libdbi framework test"...
Running "libdbi framework test"...
Running "libdbi framework test"...
Running "libdbi framework test"...
Running "libdbi framework test"...
Running "libdbi framework test"...
Running "libdbi framework test"...
Running "libdbi framework test"...
Running "libdbi framework test"...
Running "libdbi framework test"...
Running "libdbi framework test"...
Running "libdbi framework test"...
Running "libdbi framework test"...
Running "libdbi framework test"...
Running "libdbi framework test"...
Running "libdbi framework test"...
Running "libdbi framework test"...
Running "libdbi framework test"...
Running "libdbi framework test"...
Running "libdbi framework test"...
*** Error in `./tests/test_dbi': free(): invalid pointer: 0x000000000062d549 ***
Running "libdbi framework test"...
Completed "libdbi framework test": 211 passes, 0 failures, 0 exceptions.
Aborted
make: *** [test-stamp] Error 134
debian/rules:73: recipe for target 'test-stamp' failed
dpkg-buildpackage: error: debian/rules build-arch gave error exit status 2
────────────────────────────────────────────────────────────────────────────────
Build finished at 20150124-1142

Finished
────────

E: Build failure (dpkg-buildpackage died)

┌──────────────────────────────────────────────────────────────────────────────┐
│ Cleanup                                                                      │
└──────────────────────────────────────────────────────────────────────────────┘

Purging /«BUILDDIR»
Not cleaning session: cloned chroot in use

┌──────────────────────────────────────────────────────────────────────────────┐
│ Summary                                                                      │
└──────────────────────────────────────────────────────────────────────────────┘

Build Architecture: amd64
Build-Space: 11164
Build-Time: 54
Distribution: unstable
Fail-Stage: build
Host Architecture: amd64
Install-Time: 38
Job: libdbi-drivers_0.9.0-3
Machine Architecture: amd64
Package: libdbi-drivers
Package-Time: 121
Source-Version: 0.9.0-3
Space: 11164
Status: attempted
Version: 0.9.0-3
────────────────────────────────────────────────────────────────────────────────
Finished at 20150124-1142
Build needed 00:02:01, 11164k disc space
DC-Status: Failed 121.873827205s
DC-Time-Estimation: 121.873827205 versus expected 438 (r/m: 2.593880737520899 ; m: 121.873827205)
