DC-Build-Header: grub 0.97-72 / 2018-02-07 21:05:15 +0000
DC-Task: type:rebuild-binarch-only source:grub version:0.97-72 chroot:unstable esttime:58 logfile:/tmp/grub_0.97-72_unstable_clang60.log modes:clang60:binarch-only
DC-Sbuild-call: su user42 -c 'sbuild -n --arch-any --apt-update -d unstable -v  --chroot-setup-commands=/tmp/clang60 grub_0.97-72'
sbuild (Debian sbuild) 0.73.0 (23 Dec 2016) on ip-172-31-3-206.eu-central-1.compute.internal

+==============================================================================+
| grub 0.97-72 (amd64)                         Wed, 07 Feb 2018 21:05:15 +0000 |
+==============================================================================+

Package: grub
Version: 0.97-72
Source Version: 0.97-72
Distribution: unstable
Machine Architecture: amd64
Host Architecture: amd64
Build Architecture: amd64
Build Type: any

I: NOTICE: Log filtering will replace 'var/run/schroot/mount/unstable-amd64-sbuild-53739622-7a69-4a72-9285-e04fbef43214' with '<<CHROOT>>'

+------------------------------------------------------------------------------+
| Chroot Setup Commands                                                        |
+------------------------------------------------------------------------------+


/tmp/clang60
------------

+ echo 'Entering customization script...'
Entering customization script...
+ CLANG_VERSION=6.0
+ echo 'Install of clang-6.0'
Install of clang-6.0
+ apt-get update
Get:1 http://127.0.0.1:9999/debian unstable InRelease [241 kB]
Get:2 http://127.0.0.1:9999/debian unstable/main Sources.diff/Index [27.9 kB]
Get:3 http://127.0.0.1:9999/debian unstable/main amd64 Packages.diff/Index [27.9 kB]
Get:4 http://127.0.0.1:9999/debian unstable/main Sources 2018-02-07-1427.34.pdiff [9180 B]
Get:4 http://127.0.0.1:9999/debian unstable/main Sources 2018-02-07-1427.34.pdiff [9180 B]
Get:5 http://127.0.0.1:9999/debian unstable/main amd64 Packages 2018-02-07-1427.34.pdiff [14.2 kB]
Get:5 http://127.0.0.1:9999/debian unstable/main amd64 Packages 2018-02-07-1427.34.pdiff [14.2 kB]
Get:6 http://127.0.0.1:9999/debian unstable/main Translation-en [5980 kB]
Fetched 6300 kB in 2s (3497 kB/s)
Reading package lists...
+ apt-get install --yes --no-install-recommends --force-yes clang-6.0
Reading package lists...
Building dependency tree...
Reading state information...
The following additional packages will be installed:
  lib32gcc1 lib32stdc++6 libbsd0 libc6-i386 libclang-common-6.0-dev
  libclang1-6.0 libedit2 libjsoncpp1 libllvm6.0 libncurses5 libobjc-7-dev
  libobjc4
Suggested packages:
  gnustep gnustep-devel clang-6.0-doc
Recommended packages:
  llvm-6.0-dev python libomp-dev libgpm2
The following NEW packages will be installed:
  clang-6.0 lib32gcc1 lib32stdc++6 libbsd0 libc6-i386 libclang-common-6.0-dev
  libclang1-6.0 libedit2 libjsoncpp1 libllvm6.0 libncurses5 libobjc-7-dev
  libobjc4
0 upgraded, 13 newly installed, 0 to remove and 1 not upgraded.
Need to get 37.6 MB of archives.
After this operation, 187 MB of additional disk space will be used.
Get:1 http://127.0.0.1:9999/debian unstable/main amd64 libjsoncpp1 amd64 1.7.4-3 [75.6 kB]
Get:2 http://127.0.0.1:9999/debian unstable/main amd64 libbsd0 amd64 0.8.7-1 [92.1 kB]
Get:3 http://127.0.0.1:9999/debian unstable/main amd64 libncurses5 amd64 6.0+20171125-1 [95.7 kB]
Get:4 http://127.0.0.1:9999/debian unstable/main amd64 libedit2 amd64 3.1-20170329-1 [85.2 kB]
Get:5 http://127.0.0.1:9999/debian unstable/main amd64 libllvm6.0 amd64 1:6.0~+rc1-1 [14.5 MB]
Get:6 http://127.0.0.1:9999/debian unstable/main amd64 libobjc4 amd64 7.3.0-1 [51.2 kB]
Get:7 http://127.0.0.1:9999/debian unstable/main amd64 libobjc-7-dev amd64 7.3.0-1 [203 kB]
Get:8 http://127.0.0.1:9999/debian unstable/main amd64 libc6-i386 amd64 2.26-6 [2836 kB]
Get:9 http://127.0.0.1:9999/debian unstable/main amd64 lib32gcc1 amd64 1:7.3.0-1 [46.8 kB]
Get:10 http://127.0.0.1:9999/debian unstable/main amd64 lib32stdc++6 amd64 7.3.0-1 [405 kB]
Get:11 http://127.0.0.1:9999/debian unstable/main amd64 libclang-common-6.0-dev amd64 1:6.0~+rc1-1 [3097 kB]
Get:12 http://127.0.0.1:9999/debian unstable/main amd64 libclang1-6.0 amd64 1:6.0~+rc1-1 [6983 kB]
Get:13 http://127.0.0.1:9999/debian unstable/main amd64 clang-6.0 amd64 1:6.0~+rc1-1 [9171 kB]
debconf: delaying package configuration, since apt-utils is not installed
Fetched 37.6 MB in 0s (96.6 MB/s)
Selecting previously unselected package libjsoncpp1:amd64.
(Reading database ... (Reading database ... 5%(Reading database ... 10%(Reading database ... 15%(Reading database ... 20%(Reading database ... 25%(Reading database ... 30%(Reading database ... 35%(Reading database ... 40%(Reading database ... 45%(Reading database ... 50%(Reading database ... 55%(Reading database ... 60%(Reading database ... 65%(Reading database ... 70%(Reading database ... 75%(Reading database ... 80%(Reading database ... 85%(Reading database ... 90%(Reading database ... 95%(Reading database ... 100%(Reading database ... 9974 files and directories currently installed.)
Preparing to unpack .../00-libjsoncpp1_1.7.4-3_amd64.deb ...
Unpacking libjsoncpp1:amd64 (1.7.4-3) ...
Selecting previously unselected package libbsd0:amd64.
Preparing to unpack .../01-libbsd0_0.8.7-1_amd64.deb ...
Unpacking libbsd0:amd64 (0.8.7-1) ...
Selecting previously unselected package libncurses5:amd64.
Preparing to unpack .../02-libncurses5_6.0+20171125-1_amd64.deb ...
Unpacking libncurses5:amd64 (6.0+20171125-1) ...
Selecting previously unselected package libedit2:amd64.
Preparing to unpack .../03-libedit2_3.1-20170329-1_amd64.deb ...
Unpacking libedit2:amd64 (3.1-20170329-1) ...
Selecting previously unselected package libllvm6.0:amd64.
Preparing to unpack .../04-libllvm6.0_1%3a6.0~+rc1-1_amd64.deb ...
Unpacking libllvm6.0:amd64 (1:6.0~+rc1-1) ...
Selecting previously unselected package libobjc4:amd64.
Preparing to unpack .../05-libobjc4_7.3.0-1_amd64.deb ...
Unpacking libobjc4:amd64 (7.3.0-1) ...
Selecting previously unselected package libobjc-7-dev:amd64.
Preparing to unpack .../06-libobjc-7-dev_7.3.0-1_amd64.deb ...
Unpacking libobjc-7-dev:amd64 (7.3.0-1) ...
Selecting previously unselected package libc6-i386.
Preparing to unpack .../07-libc6-i386_2.26-6_amd64.deb ...
Unpacking libc6-i386 (2.26-6) ...
Selecting previously unselected package lib32gcc1.
Preparing to unpack .../08-lib32gcc1_1%3a7.3.0-1_amd64.deb ...
Unpacking lib32gcc1 (1:7.3.0-1) ...
Selecting previously unselected package lib32stdc++6.
Preparing to unpack .../09-lib32stdc++6_7.3.0-1_amd64.deb ...
Unpacking lib32stdc++6 (7.3.0-1) ...
Selecting previously unselected package libclang-common-6.0-dev.
Preparing to unpack .../10-libclang-common-6.0-dev_1%3a6.0~+rc1-1_amd64.deb ...
Unpacking libclang-common-6.0-dev (1:6.0~+rc1-1) ...
Selecting previously unselected package libclang1-6.0:amd64.
Preparing to unpack .../11-libclang1-6.0_1%3a6.0~+rc1-1_amd64.deb ...
Unpacking libclang1-6.0:amd64 (1:6.0~+rc1-1) ...
Selecting previously unselected package clang-6.0.
Preparing to unpack .../12-clang-6.0_1%3a6.0~+rc1-1_amd64.deb ...
Unpacking clang-6.0 (1:6.0~+rc1-1) ...
Setting up libncurses5:amd64 (6.0+20171125-1) ...
Setting up libobjc4:amd64 (7.3.0-1) ...
Setting up libc6-i386 (2.26-6) ...
Setting up libbsd0:amd64 (0.8.7-1) ...
Setting up libobjc-7-dev:amd64 (7.3.0-1) ...
Processing triggers for libc-bin (2.26-6) ...
Setting up lib32gcc1 (1:7.3.0-1) ...
Setting up libjsoncpp1:amd64 (1.7.4-3) ...
Setting up libedit2:amd64 (3.1-20170329-1) ...
Setting up libllvm6.0:amd64 (1:6.0~+rc1-1) ...
Setting up libclang1-6.0:amd64 (1:6.0~+rc1-1) ...
Setting up lib32stdc++6 (7.3.0-1) ...
Setting up libclang-common-6.0-dev (1:6.0~+rc1-1) ...
Setting up clang-6.0 (1:6.0~+rc1-1) ...
Processing triggers for libc-bin (2.26-6) ...
W: --force-yes is deprecated, use one of the options starting with --allow instead.
+ echo 'Replace gcc, g++ & cpp by clang'
Replace gcc, g++ & cpp by clang
+ VERSIONS='4.6 4.7 4.8 4.9 5 6 7 8'
+ cd /usr/bin
+ for VERSION in $VERSIONS
+ rm -f g++-4.6 gcc-4.6 cpp-4.6 gcc
+ ln -s clang++-6.0 g++-4.6
+ ln -s clang-6.0 gcc-4.6
+ ln -s clang-6.0 cpp-4.6
+ ln -s clang-6.0 gcc
+ echo 'gcc-4.6 hold'
+ dpkg --set-selections
dpkg: warning: package not in status nor available database at line 1: gcc-4.6
dpkg: warning: found unknown packages; this might mean the available database
is outdated, and needs to be updated through a frontend method;
please see the FAQ <https://wiki.debian.org/Teams/Dpkg/FAQ>
+ echo 'g++-4.6 hold'
+ dpkg --set-selections
dpkg: warning: package not in status nor available database at line 1: g++-4.6
dpkg: warning: found unknown packages; this might mean the available database
is outdated, and needs to be updated through a frontend method;
please see the FAQ <https://wiki.debian.org/Teams/Dpkg/FAQ>
+ for VERSION in $VERSIONS
+ rm -f g++-4.7 gcc-4.7 cpp-4.7 gcc
+ ln -s clang++-6.0 g++-4.7
+ ln -s clang-6.0 gcc-4.7
+ ln -s clang-6.0 cpp-4.7
+ ln -s clang-6.0 gcc
+ echo 'gcc-4.7 hold'
+ dpkg --set-selections
dpkg: warning: package not in status nor available database at line 1: gcc-4.7
dpkg: warning: found unknown packages; this might mean the available database
is outdated, and needs to be updated through a frontend method;
please see the FAQ <https://wiki.debian.org/Teams/Dpkg/FAQ>
+ echo 'g++-4.7 hold'
+ dpkg --set-selections
dpkg: warning: package not in status nor available database at line 1: g++-4.7
dpkg: warning: found unknown packages; this might mean the available database
is outdated, and needs to be updated through a frontend method;
please see the FAQ <https://wiki.debian.org/Teams/Dpkg/FAQ>
+ for VERSION in $VERSIONS
+ rm -f g++-4.8 gcc-4.8 cpp-4.8 gcc
+ ln -s clang++-6.0 g++-4.8
+ ln -s clang-6.0 gcc-4.8
+ ln -s clang-6.0 cpp-4.8
+ ln -s clang-6.0 gcc
+ echo 'gcc-4.8 hold'
+ dpkg --set-selections
dpkg: warning: package not in status nor available database at line 1: gcc-4.8
dpkg: warning: found unknown packages; this might mean the available database
is outdated, and needs to be updated through a frontend method;
please see the FAQ <https://wiki.debian.org/Teams/Dpkg/FAQ>
+ echo 'g++-4.8 hold'
+ dpkg --set-selections
dpkg: warning: package not in status nor available database at line 1: g++-4.8
dpkg: warning: found unknown packages; this might mean the available database
is outdated, and needs to be updated through a frontend method;
please see the FAQ <https://wiki.debian.org/Teams/Dpkg/FAQ>
+ for VERSION in $VERSIONS
+ rm -f g++-4.9 gcc-4.9 cpp-4.9 gcc
+ ln -s clang++-6.0 g++-4.9
+ ln -s clang-6.0 gcc-4.9
+ ln -s clang-6.0 cpp-4.9
+ ln -s clang-6.0 gcc
+ echo 'gcc-4.9 hold'
+ dpkg --set-selections
dpkg: warning: package not in status nor available database at line 1: gcc-4.9
dpkg: warning: found unknown packages; this might mean the available database
is outdated, and needs to be updated through a frontend method;
please see the FAQ <https://wiki.debian.org/Teams/Dpkg/FAQ>
+ echo 'g++-4.9 hold'
+ dpkg --set-selections
dpkg: warning: package not in status nor available database at line 1: g++-4.9
dpkg: warning: found unknown packages; this might mean the available database
is outdated, and needs to be updated through a frontend method;
please see the FAQ <https://wiki.debian.org/Teams/Dpkg/FAQ>
+ for VERSION in $VERSIONS
+ rm -f g++-5 gcc-5 cpp-5 gcc
+ ln -s clang++-6.0 g++-5
+ ln -s clang-6.0 gcc-5
+ ln -s clang-6.0 cpp-5
+ ln -s clang-6.0 gcc
+ echo 'gcc-5 hold'
+ dpkg --set-selections
+ echo 'g++-5 hold'
+ dpkg --set-selections
+ for VERSION in $VERSIONS
+ rm -f g++-6 gcc-6 cpp-6 gcc
+ ln -s clang++-6.0 g++-6
+ ln -s clang-6.0 gcc-6
+ ln -s clang-6.0 cpp-6
+ ln -s clang-6.0 gcc
+ echo 'gcc-6 hold'
+ dpkg --set-selections
dpkg: warning: package not in status nor available database at line 1: gcc-6
dpkg: warning: found unknown packages; this might mean the available database
is outdated, and needs to be updated through a frontend method;
please see the FAQ <https://wiki.debian.org/Teams/Dpkg/FAQ>
+ echo 'g++-6 hold'
+ dpkg --set-selections
dpkg: warning: package not in status nor available database at line 1: g++-6
dpkg: warning: found unknown packages; this might mean the available database
is outdated, and needs to be updated through a frontend method;
please see the FAQ <https://wiki.debian.org/Teams/Dpkg/FAQ>
+ for VERSION in $VERSIONS
+ rm -f g++-7 gcc-7 cpp-7 gcc
+ ln -s clang++-6.0 g++-7
+ ln -s clang-6.0 gcc-7
+ ln -s clang-6.0 cpp-7
+ ln -s clang-6.0 gcc
+ echo 'gcc-7 hold'
+ dpkg --set-selections
+ echo 'g++-7 hold'
+ dpkg --set-selections
+ for VERSION in $VERSIONS
+ rm -f g++-8 gcc-8 cpp-8 gcc
+ ln -s clang++-6.0 g++-8
+ ln -s clang-6.0 gcc-8
+ ln -s clang-6.0 cpp-8
+ ln -s clang-6.0 gcc
+ echo 'gcc-8 hold'
+ dpkg --set-selections
dpkg: warning: package not in status nor available database at line 1: gcc-8
dpkg: warning: found unknown packages; this might mean the available database
is outdated, and needs to be updated through a frontend method;
please see the FAQ <https://wiki.debian.org/Teams/Dpkg/FAQ>
+ echo 'g++-8 hold'
+ dpkg --set-selections
dpkg: warning: package not in status nor available database at line 1: g++-8
dpkg: warning: found unknown packages; this might mean the available database
is outdated, and needs to be updated through a frontend method;
please see the FAQ <https://wiki.debian.org/Teams/Dpkg/FAQ>
+ cd -
/build/grub-PYBDsu
+ echo 'Check if gcc, g++ & cpp are actually clang'
Check if gcc, g++ & cpp are actually clang
+ gcc --version
+ grep clang
+ cpp --version
+ grep clang
+ g++ --version
+ grep clang

I: Finished running '/tmp/clang60'.

Finished processing commands.
--------------------------------------------------------------------------------

+------------------------------------------------------------------------------+
| Update chroot                                                                |
+------------------------------------------------------------------------------+

Hit:1 http://127.0.0.1:9999/debian unstable InRelease
Reading package lists...
Reading package lists...
Building dependency tree...
Reading state information...
Calculating upgrade...
The following packages will be upgraded:
  libdebconfclient0
1 upgraded, 0 newly installed, 0 to remove and 0 not upgraded.
Need to get 48.3 kB of archives.
After this operation, 0 B of additional disk space will be used.
Get:1 http://127.0.0.1:9999/debian unstable/main amd64 libdebconfclient0 amd64 0.240 [48.3 kB]
debconf: delaying package configuration, since apt-utils is not installed
Fetched 48.3 kB in 0s (3932 kB/s)
(Reading database ... (Reading database ... 5%(Reading database ... 10%(Reading database ... 15%(Reading database ... 20%(Reading database ... 25%(Reading database ... 30%(Reading database ... 35%(Reading database ... 40%(Reading database ... 45%(Reading database ... 50%(Reading database ... 55%(Reading database ... 60%(Reading database ... 65%(Reading database ... 70%(Reading database ... 75%(Reading database ... 80%(Reading database ... 85%(Reading database ... 90%(Reading database ... 95%(Reading database ... 100%(Reading database ... 10722 files and directories currently installed.)
Preparing to unpack .../libdebconfclient0_0.240_amd64.deb ...
Unpacking libdebconfclient0:amd64 (0.240) over (0.239) ...
Setting up libdebconfclient0:amd64 (0.240) ...
Processing triggers for libc-bin (2.26-6) ...

+------------------------------------------------------------------------------+
| Fetch source files                                                           |
+------------------------------------------------------------------------------+


Check APT
---------

Checking available source versions...

Download source files with APT
------------------------------

Reading package lists...
NOTICE: 'grub' packaging is maintained in the 'Bzr' version control system at:
http://anonscm.debian.org/bzr/pkg-grub/trunk/grub-legacy/
Please use:
bzr branch http://anonscm.debian.org/bzr/pkg-grub/trunk/grub-legacy/
to retrieve the latest (possibly unreleased) updates to the package.
Need to get 1045 kB of source archives.
Get:1 http://127.0.0.1:9999/debian unstable/main grub 0.97-72 (dsc) [2380 B]
Get:2 http://127.0.0.1:9999/debian unstable/main grub 0.97-72 (tar) [972 kB]
Get:3 http://127.0.0.1:9999/debian unstable/main grub 0.97-72 (diff) [70.4 kB]
Fetched 1045 kB in 0s (5607 kB/s)
Download complete and in download only mode
I: NOTICE: Log filtering will replace 'build/grub-PYBDsu/grub-0.97' with '<<PKGBUILDDIR>>'
I: NOTICE: Log filtering will replace 'build/grub-PYBDsu' with '<<BUILDDIR>>'

+------------------------------------------------------------------------------+
| Install build-essential                                                      |
+------------------------------------------------------------------------------+


Setup apt archive
-----------------

Merged Build-Depends: build-essential, fakeroot
Filtered Build-Depends: build-essential, fakeroot
dpkg-deb: building package 'sbuild-build-depends-core-dummy' in '/<<BUILDDIR>>/resolver-tl9nVz/apt_archive/sbuild-build-depends-core-dummy.deb'.
dpkg-scanpackages: warning: Packages in archive but missing from override file:
dpkg-scanpackages: warning:   sbuild-build-depends-core-dummy
dpkg-scanpackages: info: Wrote 1 entries to output Packages file.
Ign:1 copy:/<<BUILDDIR>>/resolver-tl9nVz/apt_archive ./ InRelease
Get:2 copy:/<<BUILDDIR>>/resolver-tl9nVz/apt_archive ./ Release [957 B]
Ign:3 copy:/<<BUILDDIR>>/resolver-tl9nVz/apt_archive ./ Release.gpg
Get:4 copy:/<<BUILDDIR>>/resolver-tl9nVz/apt_archive ./ Sources [349 B]
Get:5 copy:/<<BUILDDIR>>/resolver-tl9nVz/apt_archive ./ Packages [432 B]
Fetched 1738 B in 0s (119 kB/s)
Reading package lists...
Reading package lists...

Install core build dependencies (apt-based resolver)
----------------------------------------------------

Installing build dependencies
Reading package lists...
Building dependency tree...
Reading state information...
The following NEW packages will be installed:
  sbuild-build-depends-core-dummy
0 upgraded, 1 newly installed, 0 to remove and 0 not upgraded.
Need to get 852 B of archives.
After this operation, 0 B of additional disk space will be used.
Get:1 copy:/<<BUILDDIR>>/resolver-tl9nVz/apt_archive ./ sbuild-build-depends-core-dummy 0.invalid.0 [852 B]
debconf: delaying package configuration, since apt-utils is not installed
Fetched 852 B in 0s (0 B/s)
Selecting previously unselected package sbuild-build-depends-core-dummy.
(Reading database ... 10722 files and directories currently installed.)
Preparing to unpack .../sbuild-build-depends-core-dummy_0.invalid.0_amd64.deb ...
Unpacking sbuild-build-depends-core-dummy (0.invalid.0) ...
Setting up sbuild-build-depends-core-dummy (0.invalid.0) ...

+------------------------------------------------------------------------------+
| Check architectures                                                          |
+------------------------------------------------------------------------------+

Arch check ok (amd64 included in i386 hurd-i386 amd64 all)

+------------------------------------------------------------------------------+
| Install package build dependencies                                           |
+------------------------------------------------------------------------------+


Setup apt archive
-----------------

Merged Build-Depends: debhelper (>= 9.20151116~), dh-autoreconf, dh-exec, texinfo, libncurses5-dev | libncurses-dev, lib32ncurses5-dev, gcc-multilib
Filtered Build-Depends: debhelper (>= 9.20151116~), dh-autoreconf, dh-exec, texinfo, libncurses5-dev, lib32ncurses5-dev, gcc-multilib
dpkg-deb: building package 'sbuild-build-depends-grub-dummy' in '/<<BUILDDIR>>/resolver-tl9nVz/apt_archive/sbuild-build-depends-grub-dummy.deb'.
dpkg-scanpackages: warning: Packages in archive but missing from override file:
dpkg-scanpackages: warning:   sbuild-build-depends-core-dummy sbuild-build-depends-grub-dummy
dpkg-scanpackages: info: Wrote 2 entries to output Packages file.
Ign:1 copy:/<<BUILDDIR>>/resolver-tl9nVz/apt_archive ./ InRelease
Get:2 copy:/<<BUILDDIR>>/resolver-tl9nVz/apt_archive ./ Release [963 B]
Ign:3 copy:/<<BUILDDIR>>/resolver-tl9nVz/apt_archive ./ Release.gpg
Get:4 copy:/<<BUILDDIR>>/resolver-tl9nVz/apt_archive ./ Sources [556 B]
Get:5 copy:/<<BUILDDIR>>/resolver-tl9nVz/apt_archive ./ Packages [621 B]
Fetched 2140 B in 0s (146 kB/s)
Reading package lists...
Reading package lists...

Install grub build dependencies (apt-based resolver)
----------------------------------------------------

Installing build dependencies
Reading package lists...
Building dependency tree...
Reading state information...
The following additional packages will be installed:
  autoconf automake autopoint autotools-dev bsdmainutils debhelper
  dh-autoreconf dh-exec dh-strip-nondeterminism file gcc-7-multilib
  gcc-multilib gettext gettext-base groff-base intltool-debian lib32asan4
  lib32atomic1 lib32cilkrts5 lib32gcc-7-dev lib32gomp1 lib32itm1 lib32mpx2
  lib32ncurses5 lib32ncurses5-dev lib32quadmath0 lib32tinfo-dev lib32tinfo5
  lib32ubsan0 libarchive-zip-perl libc6-dev-i386 libc6-dev-x32 libc6-x32
  libcroco3 libfile-stripnondeterminism-perl libglib2.0-0 libicu57
  libmagic-mgc libmagic1 libncurses5-dev libpipeline1 libsigsegv2
  libtext-unidecode-perl libtimedate-perl libtinfo-dev libtool libx32asan4
  libx32atomic1 libx32cilkrts5 libx32gcc-7-dev libx32gcc1 libx32gomp1
  libx32itm1 libx32quadmath0 libx32stdc++6 libx32ubsan0 libxml-libxml-perl
  libxml-namespacesupport-perl libxml-sax-base-perl libxml-sax-perl libxml2 m4
  man-db po-debconf tex-common texinfo ucf
Suggested packages:
  autoconf-archive gnu-standards autoconf-doc wamerican | wordlist whois
  vacation dh-make dwz gettext-doc libasprintf-dev libgettextpo-dev groff
  ncurses-doc libtool-doc gfortran | fortran95-compiler gcj-jdk m4-doc less
  www-browser apparmor libmail-box-perl texlive-base texlive-latex-base
  texlive-generic-recommended texinfo-doc-nonfree texlive-fonts-recommended
Recommended packages:
  curl | wget | lynx-cur libarchive-cpio-perl libglib2.0-data shared-mime-info
  xdg-user-dirs libltdl-dev libxml-sax-expat-perl libmail-sendmail-perl
The following NEW packages will be installed:
  autoconf automake autopoint autotools-dev bsdmainutils debhelper
  dh-autoreconf dh-exec dh-strip-nondeterminism file gcc-7-multilib
  gcc-multilib gettext gettext-base groff-base intltool-debian lib32asan4
  lib32atomic1 lib32cilkrts5 lib32gcc-7-dev lib32gomp1 lib32itm1 lib32mpx2
  lib32ncurses5 lib32ncurses5-dev lib32quadmath0 lib32tinfo-dev lib32tinfo5
  lib32ubsan0 libarchive-zip-perl libc6-dev-i386 libc6-dev-x32 libc6-x32
  libcroco3 libfile-stripnondeterminism-perl libglib2.0-0 libicu57
  libmagic-mgc libmagic1 libncurses5-dev libpipeline1 libsigsegv2
  libtext-unidecode-perl libtimedate-perl libtinfo-dev libtool libx32asan4
  libx32atomic1 libx32cilkrts5 libx32gcc-7-dev libx32gcc1 libx32gomp1
  libx32itm1 libx32quadmath0 libx32stdc++6 libx32ubsan0 libxml-libxml-perl
  libxml-namespacesupport-perl libxml-sax-base-perl libxml-sax-perl libxml2 m4
  man-db po-debconf sbuild-build-depends-grub-dummy tex-common texinfo ucf
0 upgraded, 68 newly installed, 0 to remove and 0 not upgraded.
Need to get 35.8 MB of archives.
After this operation, 139 MB of additional disk space will be used.
Get:1 copy:/<<BUILDDIR>>/resolver-tl9nVz/apt_archive ./ sbuild-build-depends-grub-dummy 0.invalid.0 [912 B]
Get:2 http://127.0.0.1:9999/debian unstable/main amd64 groff-base amd64 1.22.3-9 [1160 kB]
Get:3 http://127.0.0.1:9999/debian unstable/main amd64 bsdmainutils amd64 11.1.2 [190 kB]
Get:4 http://127.0.0.1:9999/debian unstable/main amd64 libpipeline1 amd64 1.5.0-1 [29.0 kB]
Get:5 http://127.0.0.1:9999/debian unstable/main amd64 man-db amd64 2.8.0-2 [1170 kB]
Get:6 http://127.0.0.1:9999/debian unstable/main amd64 ucf all 3.0036 [70.2 kB]
Get:7 http://127.0.0.1:9999/debian unstable/main amd64 tex-common all 6.09 [53.2 kB]
Get:8 http://127.0.0.1:9999/debian unstable/main amd64 libmagic-mgc amd64 1:5.32-1 [225 kB]
Get:9 http://127.0.0.1:9999/debian unstable/main amd64 libmagic1 amd64 1:5.32-1 [111 kB]
Get:10 http://127.0.0.1:9999/debian unstable/main amd64 file amd64 1:5.32-1 [64.4 kB]
Get:11 http://127.0.0.1:9999/debian unstable/main amd64 gettext-base amd64 0.19.8.1-4 [122 kB]
Get:12 http://127.0.0.1:9999/debian unstable/main amd64 libsigsegv2 amd64 2.12-1 [32.7 kB]
Get:13 http://127.0.0.1:9999/debian unstable/main amd64 m4 amd64 1.4.18-1 [202 kB]
Get:14 http://127.0.0.1:9999/debian unstable/main amd64 autoconf all 2.69-11 [341 kB]
Get:15 http://127.0.0.1:9999/debian unstable/main amd64 autotools-dev all 20171216.1 [75.9 kB]
Get:16 http://127.0.0.1:9999/debian unstable/main amd64 automake all 1:1.15.1-3 [736 kB]
Get:17 http://127.0.0.1:9999/debian unstable/main amd64 autopoint all 0.19.8.1-4 [434 kB]
Get:18 http://127.0.0.1:9999/debian unstable/main amd64 libtool all 2.4.6-2 [545 kB]
Get:19 http://127.0.0.1:9999/debian unstable/main amd64 dh-autoreconf all 16 [16.3 kB]
Get:20 http://127.0.0.1:9999/debian unstable/main amd64 libarchive-zip-perl all 1.60-1 [95.6 kB]
Get:21 http://127.0.0.1:9999/debian unstable/main amd64 libfile-stripnondeterminism-perl all 0.040-1 [18.4 kB]
Get:22 http://127.0.0.1:9999/debian unstable/main amd64 libtimedate-perl all 2.3000-2 [42.2 kB]
Get:23 http://127.0.0.1:9999/debian unstable/main amd64 dh-strip-nondeterminism all 0.040-1 [11.8 kB]
Get:24 http://127.0.0.1:9999/debian unstable/main amd64 libglib2.0-0 amd64 2.54.3-2 [2822 kB]
Get:25 http://127.0.0.1:9999/debian unstable/main amd64 libicu57 amd64 57.1-8 [7699 kB]
Get:26 http://127.0.0.1:9999/debian unstable/main amd64 libxml2 amd64 2.9.4+dfsg1-6.1 [725 kB]
Get:27 http://127.0.0.1:9999/debian unstable/main amd64 libcroco3 amd64 0.6.12-2 [144 kB]
Get:28 http://127.0.0.1:9999/debian unstable/main amd64 gettext amd64 0.19.8.1-4 [1302 kB]
Get:29 http://127.0.0.1:9999/debian unstable/main amd64 intltool-debian all 0.35.0+20060710.4 [26.3 kB]
Get:30 http://127.0.0.1:9999/debian unstable/main amd64 po-debconf all 1.0.20 [247 kB]
Get:31 http://127.0.0.1:9999/debian unstable/main amd64 debhelper all 11.1.4 [1005 kB]
Get:32 http://127.0.0.1:9999/debian unstable/main amd64 dh-exec amd64 0.23+b1 [26.7 kB]
Get:33 http://127.0.0.1:9999/debian unstable/main amd64 libc6-dev-i386 amd64 2.26-6 [1904 kB]
Get:34 http://127.0.0.1:9999/debian unstable/main amd64 libc6-x32 amd64 2.26-6 [3014 kB]
Get:35 http://127.0.0.1:9999/debian unstable/main amd64 libc6-dev-x32 amd64 2.26-6 [2172 kB]
Get:36 http://127.0.0.1:9999/debian unstable/main amd64 libx32gcc1 amd64 1:7.3.0-1 [39.4 kB]
Get:37 http://127.0.0.1:9999/debian unstable/main amd64 lib32gomp1 amd64 7.3.0-1 [81.7 kB]
Get:38 http://127.0.0.1:9999/debian unstable/main amd64 libx32gomp1 amd64 7.3.0-1 [77.9 kB]
Get:39 http://127.0.0.1:9999/debian unstable/main amd64 lib32itm1 amd64 7.3.0-1 [29.1 kB]
Get:40 http://127.0.0.1:9999/debian unstable/main amd64 libx32itm1 amd64 7.3.0-1 [27.7 kB]
Get:41 http://127.0.0.1:9999/debian unstable/main amd64 lib32atomic1 amd64 7.3.0-1 [8392 B]
Get:42 http://127.0.0.1:9999/debian unstable/main amd64 libx32atomic1 amd64 7.3.0-1 [8860 B]
Get:43 http://127.0.0.1:9999/debian unstable/main amd64 lib32asan4 amd64 7.3.0-1 [354 kB]
Get:44 http://127.0.0.1:9999/debian unstable/main amd64 libx32stdc++6 amd64 7.3.0-1 [381 kB]
Get:45 http://127.0.0.1:9999/debian unstable/main amd64 libx32asan4 amd64 7.3.0-1 [346 kB]
Get:46 http://127.0.0.1:9999/debian unstable/main amd64 lib32ubsan0 amd64 7.3.0-1 [137 kB]
Get:47 http://127.0.0.1:9999/debian unstable/main amd64 libx32ubsan0 amd64 7.3.0-1 [125 kB]
Get:48 http://127.0.0.1:9999/debian unstable/main amd64 lib32cilkrts5 amd64 7.3.0-1 [46.6 kB]
Get:49 http://127.0.0.1:9999/debian unstable/main amd64 libx32cilkrts5 amd64 7.3.0-1 [42.5 kB]
Get:50 http://127.0.0.1:9999/debian unstable/main amd64 lib32mpx2 amd64 7.3.0-1 [12.8 kB]
Get:51 http://127.0.0.1:9999/debian unstable/main amd64 lib32quadmath0 amd64 7.3.0-1 [201 kB]
Get:52 http://127.0.0.1:9999/debian unstable/main amd64 libx32quadmath0 amd64 7.3.0-1 [134 kB]
Get:53 http://127.0.0.1:9999/debian unstable/main amd64 lib32gcc-7-dev amd64 7.3.0-1 [2195 kB]
Get:54 http://127.0.0.1:9999/debian unstable/main amd64 libx32gcc-7-dev amd64 7.3.0-1 [1990 kB]
Get:55 http://127.0.0.1:9999/debian unstable/main amd64 gcc-7-multilib amd64 7.3.0-1 [992 B]
Get:56 http://127.0.0.1:9999/debian unstable/main amd64 gcc-multilib amd64 4:7.2.0-1d1 [1262 B]
Get:57 http://127.0.0.1:9999/debian unstable/main amd64 lib32tinfo5 amd64 6.0+20171125-1 [312 kB]
Get:58 http://127.0.0.1:9999/debian unstable/main amd64 lib32ncurses5 amd64 6.0+20171125-1 [101 kB]
Get:59 http://127.0.0.1:9999/debian unstable/main amd64 lib32tinfo-dev amd64 6.0+20171125-1 [82.8 kB]
Get:60 http://127.0.0.1:9999/debian unstable/main amd64 libtinfo-dev amd64 6.0+20171125-1 [80.8 kB]
Get:61 http://127.0.0.1:9999/debian unstable/main amd64 libncurses5-dev amd64 6.0+20171125-1 [174 kB]
Get:62 http://127.0.0.1:9999/debian unstable/main amd64 lib32ncurses5-dev amd64 6.0+20171125-1 [130 kB]
Get:63 http://127.0.0.1:9999/debian unstable/main amd64 libtext-unidecode-perl all 1.30-1 [103 kB]
Get:64 http://127.0.0.1:9999/debian unstable/main amd64 libxml-namespacesupport-perl all 1.12-1 [14.8 kB]
Get:65 http://127.0.0.1:9999/debian unstable/main amd64 libxml-sax-base-perl all 1.09-1 [20.4 kB]
Get:66 http://127.0.0.1:9999/debian unstable/main amd64 libxml-sax-perl all 0.99+dfsg-2 [68.3 kB]
Get:67 http://127.0.0.1:9999/debian unstable/main amd64 libxml-libxml-perl amd64 2.0128+dfsg-5 [340 kB]
Get:68 http://127.0.0.1:9999/debian unstable/main amd64 texinfo amd64 6.5.0.dfsg.1-2 [1334 kB]
debconf: delaying package configuration, since apt-utils is not installed
Fetched 35.8 MB in 0s (75.8 MB/s)
Selecting previously unselected package groff-base.
(Reading database ... 10722 files and directories currently installed.)
Preparing to unpack .../00-groff-base_1.22.3-9_amd64.deb ...
Unpacking groff-base (1.22.3-9) ...
Selecting previously unselected package bsdmainutils.
Preparing to unpack .../01-bsdmainutils_11.1.2_amd64.deb ...
Unpacking bsdmainutils (11.1.2) ...
Selecting previously unselected package libpipeline1:amd64.
Preparing to unpack .../02-libpipeline1_1.5.0-1_amd64.deb ...
Unpacking libpipeline1:amd64 (1.5.0-1) ...
Selecting previously unselected package man-db.
Preparing to unpack .../03-man-db_2.8.0-2_amd64.deb ...
Unpacking man-db (2.8.0-2) ...
Selecting previously unselected package ucf.
Preparing to unpack .../04-ucf_3.0036_all.deb ...
Moving old data out of the way
Unpacking ucf (3.0036) ...
Selecting previously unselected package tex-common.
Preparing to unpack .../05-tex-common_6.09_all.deb ...
Unpacking tex-common (6.09) ...
Selecting previously unselected package libmagic-mgc.
Preparing to unpack .../06-libmagic-mgc_1%3a5.32-1_amd64.deb ...
Unpacking libmagic-mgc (1:5.32-1) ...
Selecting previously unselected package libmagic1:amd64.
Preparing to unpack .../07-libmagic1_1%3a5.32-1_amd64.deb ...
Unpacking libmagic1:amd64 (1:5.32-1) ...
Selecting previously unselected package file.
Preparing to unpack .../08-file_1%3a5.32-1_amd64.deb ...
Unpacking file (1:5.32-1) ...
Selecting previously unselected package gettext-base.
Preparing to unpack .../09-gettext-base_0.19.8.1-4_amd64.deb ...
Unpacking gettext-base (0.19.8.1-4) ...
Selecting previously unselected package libsigsegv2:amd64.
Preparing to unpack .../10-libsigsegv2_2.12-1_amd64.deb ...
Unpacking libsigsegv2:amd64 (2.12-1) ...
Selecting previously unselected package m4.
Preparing to unpack .../11-m4_1.4.18-1_amd64.deb ...
Unpacking m4 (1.4.18-1) ...
Selecting previously unselected package autoconf.
Preparing to unpack .../12-autoconf_2.69-11_all.deb ...
Unpacking autoconf (2.69-11) ...
Selecting previously unselected package autotools-dev.
Preparing to unpack .../13-autotools-dev_20171216.1_all.deb ...
Unpacking autotools-dev (20171216.1) ...
Selecting previously unselected package automake.
Preparing to unpack .../14-automake_1%3a1.15.1-3_all.deb ...
Unpacking automake (1:1.15.1-3) ...
Selecting previously unselected package autopoint.
Preparing to unpack .../15-autopoint_0.19.8.1-4_all.deb ...
Unpacking autopoint (0.19.8.1-4) ...
Selecting previously unselected package libtool.
Preparing to unpack .../16-libtool_2.4.6-2_all.deb ...
Unpacking libtool (2.4.6-2) ...
Selecting previously unselected package dh-autoreconf.
Preparing to unpack .../17-dh-autoreconf_16_all.deb ...
Unpacking dh-autoreconf (16) ...
Selecting previously unselected package libarchive-zip-perl.
Preparing to unpack .../18-libarchive-zip-perl_1.60-1_all.deb ...
Unpacking libarchive-zip-perl (1.60-1) ...
Selecting previously unselected package libfile-stripnondeterminism-perl.
Preparing to unpack .../19-libfile-stripnondeterminism-perl_0.040-1_all.deb ...
Unpacking libfile-stripnondeterminism-perl (0.040-1) ...
Selecting previously unselected package libtimedate-perl.
Preparing to unpack .../20-libtimedate-perl_2.3000-2_all.deb ...
Unpacking libtimedate-perl (2.3000-2) ...
Selecting previously unselected package dh-strip-nondeterminism.
Preparing to unpack .../21-dh-strip-nondeterminism_0.040-1_all.deb ...
Unpacking dh-strip-nondeterminism (0.040-1) ...
Selecting previously unselected package libglib2.0-0:amd64.
Preparing to unpack .../22-libglib2.0-0_2.54.3-2_amd64.deb ...
Unpacking libglib2.0-0:amd64 (2.54.3-2) ...
Selecting previously unselected package libicu57:amd64.
Preparing to unpack .../23-libicu57_57.1-8_amd64.deb ...
Unpacking libicu57:amd64 (57.1-8) ...
Selecting previously unselected package libxml2:amd64.
Preparing to unpack .../24-libxml2_2.9.4+dfsg1-6.1_amd64.deb ...
Unpacking libxml2:amd64 (2.9.4+dfsg1-6.1) ...
Selecting previously unselected package libcroco3:amd64.
Preparing to unpack .../25-libcroco3_0.6.12-2_amd64.deb ...
Unpacking libcroco3:amd64 (0.6.12-2) ...
Selecting previously unselected package gettext.
Preparing to unpack .../26-gettext_0.19.8.1-4_amd64.deb ...
Unpacking gettext (0.19.8.1-4) ...
Selecting previously unselected package intltool-debian.
Preparing to unpack .../27-intltool-debian_0.35.0+20060710.4_all.deb ...
Unpacking intltool-debian (0.35.0+20060710.4) ...
Selecting previously unselected package po-debconf.
Preparing to unpack .../28-po-debconf_1.0.20_all.deb ...
Unpacking po-debconf (1.0.20) ...
Selecting previously unselected package debhelper.
Preparing to unpack .../29-debhelper_11.1.4_all.deb ...
Unpacking debhelper (11.1.4) ...
Selecting previously unselected package dh-exec.
Preparing to unpack .../30-dh-exec_0.23+b1_amd64.deb ...
Unpacking dh-exec (0.23+b1) ...
Selecting previously unselected package libc6-dev-i386.
Preparing to unpack .../31-libc6-dev-i386_2.26-6_amd64.deb ...
Unpacking libc6-dev-i386 (2.26-6) ...
Selecting previously unselected package libc6-x32.
Preparing to unpack .../32-libc6-x32_2.26-6_amd64.deb ...
Unpacking libc6-x32 (2.26-6) ...
Selecting previously unselected package libc6-dev-x32.
Preparing to unpack .../33-libc6-dev-x32_2.26-6_amd64.deb ...
Unpacking libc6-dev-x32 (2.26-6) ...
Selecting previously unselected package libx32gcc1.
Preparing to unpack .../34-libx32gcc1_1%3a7.3.0-1_amd64.deb ...
Unpacking libx32gcc1 (1:7.3.0-1) ...
Selecting previously unselected package lib32gomp1.
Preparing to unpack .../35-lib32gomp1_7.3.0-1_amd64.deb ...
Unpacking lib32gomp1 (7.3.0-1) ...
Selecting previously unselected package libx32gomp1.
Preparing to unpack .../36-libx32gomp1_7.3.0-1_amd64.deb ...
Unpacking libx32gomp1 (7.3.0-1) ...
Selecting previously unselected package lib32itm1.
Preparing to unpack .../37-lib32itm1_7.3.0-1_amd64.deb ...
Unpacking lib32itm1 (7.3.0-1) ...
Selecting previously unselected package libx32itm1.
Preparing to unpack .../38-libx32itm1_7.3.0-1_amd64.deb ...
Unpacking libx32itm1 (7.3.0-1) ...
Selecting previously unselected package lib32atomic1.
Preparing to unpack .../39-lib32atomic1_7.3.0-1_amd64.deb ...
Unpacking lib32atomic1 (7.3.0-1) ...
Selecting previously unselected package libx32atomic1.
Preparing to unpack .../40-libx32atomic1_7.3.0-1_amd64.deb ...
Unpacking libx32atomic1 (7.3.0-1) ...
Selecting previously unselected package lib32asan4.
Preparing to unpack .../41-lib32asan4_7.3.0-1_amd64.deb ...
Unpacking lib32asan4 (7.3.0-1) ...
Selecting previously unselected package libx32stdc++6.
Preparing to unpack .../42-libx32stdc++6_7.3.0-1_amd64.deb ...
Unpacking libx32stdc++6 (7.3.0-1) ...
Selecting previously unselected package libx32asan4.
Preparing to unpack .../43-libx32asan4_7.3.0-1_amd64.deb ...
Unpacking libx32asan4 (7.3.0-1) ...
Selecting previously unselected package lib32ubsan0.
Preparing to unpack .../44-lib32ubsan0_7.3.0-1_amd64.deb ...
Unpacking lib32ubsan0 (7.3.0-1) ...
Selecting previously unselected package libx32ubsan0.
Preparing to unpack .../45-libx32ubsan0_7.3.0-1_amd64.deb ...
Unpacking libx32ubsan0 (7.3.0-1) ...
Selecting previously unselected package lib32cilkrts5.
Preparing to unpack .../46-lib32cilkrts5_7.3.0-1_amd64.deb ...
Unpacking lib32cilkrts5 (7.3.0-1) ...
Selecting previously unselected package libx32cilkrts5.
Preparing to unpack .../47-libx32cilkrts5_7.3.0-1_amd64.deb ...
Unpacking libx32cilkrts5 (7.3.0-1) ...
Selecting previously unselected package lib32mpx2.
Preparing to unpack .../48-lib32mpx2_7.3.0-1_amd64.deb ...
Unpacking lib32mpx2 (7.3.0-1) ...
Selecting previously unselected package lib32quadmath0.
Preparing to unpack .../49-lib32quadmath0_7.3.0-1_amd64.deb ...
Unpacking lib32quadmath0 (7.3.0-1) ...
Selecting previously unselected package libx32quadmath0.
Preparing to unpack .../50-libx32quadmath0_7.3.0-1_amd64.deb ...
Unpacking libx32quadmath0 (7.3.0-1) ...
Selecting previously unselected package lib32gcc-7-dev.
Preparing to unpack .../51-lib32gcc-7-dev_7.3.0-1_amd64.deb ...
Unpacking lib32gcc-7-dev (7.3.0-1) ...
Selecting previously unselected package libx32gcc-7-dev.
Preparing to unpack .../52-libx32gcc-7-dev_7.3.0-1_amd64.deb ...
Unpacking libx32gcc-7-dev (7.3.0-1) ...
Selecting previously unselected package gcc-7-multilib.
Preparing to unpack .../53-gcc-7-multilib_7.3.0-1_amd64.deb ...
Unpacking gcc-7-multilib (7.3.0-1) ...
Selecting previously unselected package gcc-multilib.
Preparing to unpack .../54-gcc-multilib_4%3a7.2.0-1d1_amd64.deb ...
Unpacking gcc-multilib (4:7.2.0-1d1) ...
Selecting previously unselected package lib32tinfo5.
Preparing to unpack .../55-lib32tinfo5_6.0+20171125-1_amd64.deb ...
Unpacking lib32tinfo5 (6.0+20171125-1) ...
Selecting previously unselected package lib32ncurses5.
Preparing to unpack .../56-lib32ncurses5_6.0+20171125-1_amd64.deb ...
Unpacking lib32ncurses5 (6.0+20171125-1) ...
Selecting previously unselected package lib32tinfo-dev.
Preparing to unpack .../57-lib32tinfo-dev_6.0+20171125-1_amd64.deb ...
Unpacking lib32tinfo-dev (6.0+20171125-1) ...
Selecting previously unselected package libtinfo-dev:amd64.
Preparing to unpack .../58-libtinfo-dev_6.0+20171125-1_amd64.deb ...
Unpacking libtinfo-dev:amd64 (6.0+20171125-1) ...
Selecting previously unselected package libncurses5-dev:amd64.
Preparing to unpack .../59-libncurses5-dev_6.0+20171125-1_amd64.deb ...
Unpacking libncurses5-dev:amd64 (6.0+20171125-1) ...
Selecting previously unselected package lib32ncurses5-dev.
Preparing to unpack .../60-lib32ncurses5-dev_6.0+20171125-1_amd64.deb ...
Unpacking lib32ncurses5-dev (6.0+20171125-1) ...
Selecting previously unselected package libtext-unidecode-perl.
Preparing to unpack .../61-libtext-unidecode-perl_1.30-1_all.deb ...
Unpacking libtext-unidecode-perl (1.30-1) ...
Selecting previously unselected package libxml-namespacesupport-perl.
Preparing to unpack .../62-libxml-namespacesupport-perl_1.12-1_all.deb ...
Unpacking libxml-namespacesupport-perl (1.12-1) ...
Selecting previously unselected package libxml-sax-base-perl.
Preparing to unpack .../63-libxml-sax-base-perl_1.09-1_all.deb ...
Unpacking libxml-sax-base-perl (1.09-1) ...
Selecting previously unselected package libxml-sax-perl.
Preparing to unpack .../64-libxml-sax-perl_0.99+dfsg-2_all.deb ...
Unpacking libxml-sax-perl (0.99+dfsg-2) ...
Selecting previously unselected package libxml-libxml-perl.
Preparing to unpack .../65-libxml-libxml-perl_2.0128+dfsg-5_amd64.deb ...
Unpacking libxml-libxml-perl (2.0128+dfsg-5) ...
Selecting previously unselected package texinfo.
Preparing to unpack .../66-texinfo_6.5.0.dfsg.1-2_amd64.deb ...
Unpacking texinfo (6.5.0.dfsg.1-2) ...
Selecting previously unselected package sbuild-build-depends-grub-dummy.
Preparing to unpack .../67-sbuild-build-depends-grub-dummy_0.invalid.0_amd64.deb ...
Unpacking sbuild-build-depends-grub-dummy (0.invalid.0) ...
Setting up libc6-x32 (2.26-6) ...
Setting up libx32gcc1 (1:7.3.0-1) ...
Setting up libarchive-zip-perl (1.60-1) ...
Setting up libxml-namespacesupport-perl (1.12-1) ...
Setting up lib32gomp1 (7.3.0-1) ...
Setting up libtimedate-perl (2.3000-2) ...
Setting up libsigsegv2:amd64 (2.12-1) ...
Setting up groff-base (1.22.3-9) ...
Setting up lib32asan4 (7.3.0-1) ...
Setting up libglib2.0-0:amd64 (2.54.3-2) ...
No schema files found: doing nothing.
Setting up lib32mpx2 (7.3.0-1) ...
Setting up libtext-unidecode-perl (1.30-1) ...
Setting up libtinfo-dev:amd64 (6.0+20171125-1) ...
Setting up lib32tinfo5 (6.0+20171125-1) ...
Setting up gettext-base (0.19.8.1-4) ...
Setting up libpipeline1:amd64 (1.5.0-1) ...
Setting up m4 (1.4.18-1) ...
Setting up lib32ncurses5 (6.0+20171125-1) ...
Setting up libicu57:amd64 (57.1-8) ...
Setting up ucf (3.0036) ...
Setting up libxml2:amd64 (2.9.4+dfsg1-6.1) ...
Setting up libx32stdc++6 (7.3.0-1) ...
Setting up libmagic-mgc (1:5.32-1) ...
Setting up lib32atomic1 (7.3.0-1) ...
Setting up libx32atomic1 (7.3.0-1) ...
Setting up libmagic1:amd64 (1:5.32-1) ...
Setting up libcroco3:amd64 (0.6.12-2) ...
Setting up libx32gomp1 (7.3.0-1) ...
Setting up libncurses5-dev:amd64 (6.0+20171125-1) ...
Setting up libxml-sax-base-perl (1.09-1) ...
Processing triggers for libc-bin (2.26-6) ...
Setting up autotools-dev (20171216.1) ...
Setting up libx32itm1 (7.3.0-1) ...
Setting up bsdmainutils (11.1.2) ...
update-alternatives: using /usr/bin/bsd-write to provide /usr/bin/write (write) in auto mode
update-alternatives: using /usr/bin/bsd-from to provide /usr/bin/from (from) in auto mode
Setting up lib32ubsan0 (7.3.0-1) ...
Setting up lib32quadmath0 (7.3.0-1) ...
Setting up lib32cilkrts5 (7.3.0-1) ...
Setting up libc6-dev-i386 (2.26-6) ...
Setting up libc6-dev-x32 (2.26-6) ...
Setting up lib32itm1 (7.3.0-1) ...
Setting up autopoint (0.19.8.1-4) ...
Setting up libx32quadmath0 (7.3.0-1) ...
Setting up libfile-stripnondeterminism-perl (0.040-1) ...
Setting up libxml-sax-perl (0.99+dfsg-2) ...
update-perl-sax-parsers: Registering Perl SAX parser XML::SAX::PurePerl with priority 10...
update-perl-sax-parsers: Updating overall Perl SAX parser modules info file...

Creating config file /etc/perl/XML/SAX/ParserDetails.ini with new version
Setting up libx32asan4 (7.3.0-1) ...
Setting up tex-common (6.09) ...
update-language: texlive-base not installed and configured, doing nothing!
Setting up libx32cilkrts5 (7.3.0-1) ...
Setting up gettext (0.19.8.1-4) ...
Setting up libx32ubsan0 (7.3.0-1) ...
Setting up autoconf (2.69-11) ...
Setting up file (1:5.32-1) ...
Setting up libx32gcc-7-dev (7.3.0-1) ...
Setting up intltool-debian (0.35.0+20060710.4) ...
Setting up automake (1:1.15.1-3) ...
update-alternatives: using /usr/bin/automake-1.15 to provide /usr/bin/automake (automake) in auto mode
Setting up lib32gcc-7-dev (7.3.0-1) ...
Setting up man-db (2.8.0-2) ...
Not building database; man-db/auto-update is not 'true'.
Setting up libxml-libxml-perl (2.0128+dfsg-5) ...
update-perl-sax-parsers: Registering Perl SAX parser XML::LibXML::SAX::Parser with priority 50...
update-perl-sax-parsers: Registering Perl SAX parser XML::LibXML::SAX with priority 50...
update-perl-sax-parsers: Updating overall Perl SAX parser modules info file...
Replacing config file /etc/perl/XML/SAX/ParserDetails.ini with new version
Setting up lib32tinfo-dev (6.0+20171125-1) ...
Setting up libtool (2.4.6-2) ...
Setting up po-debconf (1.0.20) ...
Setting up gcc-7-multilib (7.3.0-1) ...
Setting up lib32ncurses5-dev (6.0+20171125-1) ...
Setting up texinfo (6.5.0.dfsg.1-2) ...
Setting up gcc-multilib (4:7.2.0-1d1) ...
Setting up dh-autoreconf (16) ...
Setting up dh-strip-nondeterminism (0.040-1) ...
Setting up debhelper (11.1.4) ...
Setting up dh-exec (0.23+b1) ...
Setting up sbuild-build-depends-grub-dummy (0.invalid.0) ...
Processing triggers for libc-bin (2.26-6) ...

+------------------------------------------------------------------------------+
| Build environment                                                            |
+------------------------------------------------------------------------------+

Kernel: Linux 4.9.0-2-amd64 amd64 (x86_64)
Toolchain package versions: binutils_2.30-2 dpkg-dev_1.19.0.5 g++-7_7.3.0-1 gcc-7_7.3.0-1 libc6-dev_2.26-6 libstdc++-7-dev_7.3.0-1 libstdc++6_7.3.0-1 linux-libc-dev_4.14.13-1
Package versions: adduser_3.117 apt_1.6~alpha7 autoconf_2.69-11 automake_1:1.15.1-3 autopoint_0.19.8.1-4 autotools-dev_20171216.1 base-files_10.1 base-passwd_3.5.44 bash_4.4.18-1 binutils_2.30-2 binutils-common_2.30-2 binutils-x86-64-linux-gnu_2.30-2 bsdmainutils_11.1.2 bsdutils_1:2.30.2-0.3 build-essential_12.4 bzip2_1.0.6-8.1 clang-6.0_1:6.0~+rc1-1 coreutils_8.28-1 cpp_4:7.2.0-1d1 cpp-7_7.3.0-1 dash_0.5.8-2.10 debconf_1.5.65 debfoster_2.7-2.1+b1 debhelper_11.1.4 debian-archive-keyring_2017.7 debianutils_4.8.4 dh-autoreconf_16 dh-exec_0.23+b1 dh-strip-nondeterminism_0.040-1 diffutils_1:3.6-1 dpkg_1.19.0.5 dpkg-dev_1.19.0.5 e2fslibs_1.43.8-2 e2fsprogs_1.43.8-2 eatmydata_105-5 fakeroot_1.22-2 fdisk_2.30.2-0.3 file_1:5.32-1 findutils_4.6.0+git+20170828-2 g++_4:7.2.0-1d1 g++-7_7.3.0-1 gcc_4:7.2.0-1d1 gcc-6-base_6.4.0-12 gcc-7_7.3.0-1 gcc-7-base_7.3.0-1 gcc-7-multilib_7.3.0-1 gcc-multilib_4:7.2.0-1d1 gettext_0.19.8.1-4 gettext-base_0.19.8.1-4 gpgv_2.2.4-2 grep_3.1-2 groff-base_1.22.3-9 gzip_1.6-5+b1 hostname_3.20 init-system-helpers_1.51 intltool-debian_0.35.0+20060710.4 lib32asan4_7.3.0-1 lib32atomic1_7.3.0-1 lib32cilkrts5_7.3.0-1 lib32gcc-7-dev_7.3.0-1 lib32gcc1_1:7.3.0-1 lib32gomp1_7.3.0-1 lib32itm1_7.3.0-1 lib32mpx2_7.3.0-1 lib32ncurses5_6.0+20171125-1 lib32ncurses5-dev_6.0+20171125-1 lib32quadmath0_7.3.0-1 lib32stdc++6_7.3.0-1 lib32tinfo-dev_6.0+20171125-1 lib32tinfo5_6.0+20171125-1 lib32ubsan0_7.3.0-1 libacl1_2.2.52-3+b1 libapt-pkg5.0_1.6~alpha7 libarchive-zip-perl_1.60-1 libasan4_7.3.0-1 libatomic1_7.3.0-1 libattr1_1:2.4.47-2+b2 libaudit-common_1:2.8.2-1 libaudit1_1:2.8.2-1 libbinutils_2.30-2 libblkid1_2.30.2-0.3 libbsd0_0.8.7-1 libbz2-1.0_1.0.6-8.1 libc-bin_2.26-6 libc-dev-bin_2.26-6 libc6_2.26-6 libc6-dev_2.26-6 libc6-dev-i386_2.26-6 libc6-dev-x32_2.26-6 libc6-i386_2.26-6 libc6-x32_2.26-6 libcap-ng0_0.7.7-3.1+b1 libcc1-0_7.3.0-1 libcilkrts5_7.3.0-1 libclang-common-6.0-dev_1:6.0~+rc1-1 libclang1-6.0_1:6.0~+rc1-1 libcomerr2_1.43.8-2 libcroco3_0.6.12-2 libdb5.3_5.3.28-13.1+b1 libdebconfclient0_0.240 libdpkg-perl_1.19.0.5 libeatmydata1_105-5 libedit2_3.1-20170329-1 libfakeroot_1.22-2 libfdisk1_2.30.2-0.3 libffi6_3.2.1-8 libfile-stripnondeterminism-perl_0.040-1 libgc1c2_1:7.4.2-8.1 libgcc-7-dev_7.3.0-1 libgcc1_1:7.3.0-1 libgcrypt20_1.8.1-4 libgdbm3_1.8.3-14 libgdbm5_1.14.1-2 libglib2.0-0_2.54.3-2 libgmp10_2:6.1.2+dfsg-2 libgnutls30_3.5.17-1 libgomp1_7.3.0-1 libgpg-error0_1.27-6 libhogweed4_3.4-1 libicu57_57.1-8 libidn2-0_2.0.4-1.1 libisl15_0.18-1 libitm1_7.3.0-1 libjsoncpp1_1.7.4-3 libllvm6.0_1:6.0~+rc1-1 liblsan0_7.3.0-1 liblz4-1_0.0~r131-2+b1 liblzma5_5.2.2-1.3 libmagic-mgc_1:5.32-1 libmagic1_1:5.32-1 libmount1_2.30.2-0.3 libmpc3_1.1.0-1 libmpfr4_3.1.6-1 libmpfr6_4.0.1~rc2-1 libmpx2_7.3.0-1 libncurses5_6.0+20171125-1 libncurses5-dev_6.0+20171125-1 libncursesw5_6.0+20171125-1 libnettle6_3.4-1 libobjc-7-dev_7.3.0-1 libobjc4_7.3.0-1 libp11-kit0_0.23.9-2 libpam-modules_1.1.8-3.6 libpam-modules-bin_1.1.8-3.6 libpam-runtime_1.1.8-3.6 libpam0g_1.1.8-3.6 libpcre3_2:8.39-9 libperl5.26_5.26.1-4+b1 libpipeline1_1.5.0-1 libquadmath0_7.3.0-1 libseccomp2_2.3.1-2.1 libselinux1_2.7-2+b1 libsemanage-common_2.7-2 libsemanage1_2.7-2+b1 libsepol1_2.7-1 libsigsegv2_2.12-1 libsmartcols1_2.30.2-0.3 libss2_1.43.8-2 libstdc++-7-dev_7.3.0-1 libstdc++6_7.3.0-1 libsystemd0_237-1 libtasn1-6_4.13-2 libtext-unidecode-perl_1.30-1 libtimedate-perl_2.3000-2 libtinfo-dev_6.0+20171125-1 libtinfo5_6.0+20171125-1 libtool_2.4.6-2 libtsan0_7.3.0-1 libubsan0_7.3.0-1 libudev1_237-1 libunistring2_0.9.8-1 libustr-1.0-1_1.0.4-6 libuuid1_2.30.2-0.3 libx32asan4_7.3.0-1 libx32atomic1_7.3.0-1 libx32cilkrts5_7.3.0-1 libx32gcc-7-dev_7.3.0-1 libx32gcc1_1:7.3.0-1 libx32gomp1_7.3.0-1 libx32itm1_7.3.0-1 libx32quadmath0_7.3.0-1 libx32stdc++6_7.3.0-1 libx32ubsan0_7.3.0-1 libxml-libxml-perl_2.0128+dfsg-5 libxml-namespacesupport-perl_1.12-1 libxml-sax-base-perl_1.09-1 libxml-sax-perl_0.99+dfsg-2 libxml2_2.9.4+dfsg1-6.1 linux-libc-dev_4.14.13-1 login_1:4.5-1 m4_1.4.18-1 make_4.1-9.1 man-db_2.8.0-2 mawk_1.3.3-17+b3 mount_2.30.2-0.3 multiarch-support_2.26-6 ncurses-base_6.0+20171125-1 ncurses-bin_6.0+20171125-1 passwd_1:4.5-1 patch_2.7.5-1+b2 perl_5.26.1-4+b1 perl-base_5.26.1-4+b1 perl-modules-5.26_5.26.1-4 po-debconf_1.0.20 sbuild-build-depends-core-dummy_0.invalid.0 sbuild-build-depends-grub-dummy_0.invalid.0 sed_4.4-2 sensible-utils_0.0.11 sysvinit-utils_2.88dsf-59.10 tar_1.29b-2 tex-common_6.09 texinfo_6.5.0.dfsg.1-2 ucf_3.0036 util-linux_2.30.2-0.3 xz-utils_5.2.2-1.3 zlib1g_1:1.2.8.dfsg-5

+------------------------------------------------------------------------------+
| Build                                                                        |
+------------------------------------------------------------------------------+


Unpack source
-------------

gpgv: unknown type of key resource 'trustedkeys.kbx'
gpgv: keyblock resource '/sbuild-nonexistent/.gnupg/trustedkeys.kbx': General error
gpgv: Signature made Sun Oct  9 13:15:33 2016 UTC
gpgv:                using RSA key 393587D97D86500B
gpgv: Can't check signature: No public key
dpkg-source: warning: failed to verify signature on ./grub_0.97-72.dsc
dpkg-source: info: extracting grub in /<<PKGBUILDDIR>>
dpkg-source: info: unpacking grub_0.97.orig.tar.gz
dpkg-source: info: unpacking grub_0.97-72.debian.tar.xz
dpkg-source: info: applying snapshot.patch
dpkg-source: info: applying menu.lst_gnu-hurd.patch
dpkg-source: info: applying graphics.patch
dpkg-source: info: applying raid.patch
dpkg-source: info: applying raid_cciss.patch
dpkg-source: info: applying xfs_freeze.patch
dpkg-source: info: applying 2gb_limit.patch
dpkg-source: info: applying grub-special_device_names.patch
dpkg-source: info: applying grub-xvd_drives.patch
dpkg-source: info: applying initrd_max_address.patch
dpkg-source: info: applying splashimage_help.patch
dpkg-source: info: applying grub-install_addsyncs.patch
dpkg-source: info: applying grub-install_regexp.patch
dpkg-source: info: applying grub-install_aoe_support.patch
dpkg-source: info: applying grub-install_xvd.patch
dpkg-source: info: applying geometry-26kernel.patch
dpkg-source: info: applying print_func.patch
dpkg-source: info: applying mprotect.patch
dpkg-source: info: applying savedefault.patch
dpkg-source: info: applying find-grub-dir.patch
dpkg-source: info: applying intelmac.patch
dpkg-source: info: applying crossreference_manpages.patch
dpkg-source: info: applying ext3_256byte_inode.patch
dpkg-source: info: applying use_grub-probe_in_grub-install.patch
dpkg-source: info: applying objcopy-absolute.patch
dpkg-source: info: applying no-reorder-functions.patch
dpkg-source: info: applying modern-automake.patch
dpkg-source: info: applying no-combine-stack-adjustments.patch
dpkg-source: info: applying no-pie.patch

Check disk space
----------------

Sufficient free space for build

User Environment
----------------

APT_CONFIG=/var/lib/sbuild/apt.conf
HOME=/sbuild-nonexistent
LANG=en_US.UTF-8
LC_ALL=POSIX
LOGNAME=user42
PATH=/usr/local/sbin:/usr/local/bin:/usr/sbin:/usr/bin:/sbin:/bin:/usr/games
SCHROOT_ALIAS_NAME=unstable-amd64-sbuild
SCHROOT_CHROOT_NAME=unstable-amd64-sbuild
SCHROOT_COMMAND=env
SCHROOT_GID=1001
SCHROOT_GROUP=user42
SCHROOT_SESSION_ID=unstable-amd64-sbuild-53739622-7a69-4a72-9285-e04fbef43214
SCHROOT_UID=1001
SCHROOT_USER=user42
SHELL=/bin/sh
USER=user42

dpkg-buildpackage
-----------------

dpkg-buildpackage: info: source package grub
dpkg-buildpackage: info: source version 0.97-72
dpkg-buildpackage: info: source distribution unstable
dpkg-buildpackage: info: source changed by Colin Watson <cjwatson@debian.org>
 dpkg-source --before-build grub-0.97
dpkg-buildpackage: info: host architecture amd64
dpkg-source: warning: unknown information field 'Dm-Upload-Allowed' in input data in general section of control info file
 fakeroot debian/rules clean
dh clean --with=autoreconf
   debian/rules override_dh_clean
make[1]: Entering directory '/<<PKGBUILDDIR>>'
dh_clean
chmod +x debian/script debian/kernel/*
make[1]: Leaving directory '/<<PKGBUILDDIR>>'
 debian/rules build-arch
dh build-arch --with=autoreconf
   dh_update_autotools_config -a
   dh_autoreconf -a
configure.ac:117: warning: AC_CACHE_VAL(no_reorder_functions_flag, ...): suspicious cache-id, must contain _cv_ to be cached
../../lib/autoconf/general.m4:2042: AC_CACHE_VAL is expanded from...
../../lib/autoconf/general.m4:2063: AC_CACHE_CHECK is expanded from...
configure.ac:117: the top level
configure.ac:133: warning: AC_CACHE_VAL(no_combine_stack_adjustments_flag, ...): suspicious cache-id, must contain _cv_ to be cached
../../lib/autoconf/general.m4:2042: AC_CACHE_VAL is expanded from...
../../lib/autoconf/general.m4:2063: AC_CACHE_CHECK is expanded from...
configure.ac:133: the top level
configure.ac:147: warning: AC_CACHE_VAL(no_pie_flag, ...): suspicious cache-id, must contain _cv_ to be cached
../../lib/autoconf/general.m4:2042: AC_CACHE_VAL is expanded from...
../../lib/autoconf/general.m4:2063: AC_CACHE_CHECK is expanded from...
configure.ac:147: the top level
configure.ac:158: warning: AC_CACHE_VAL(no_pie_linker_flag, ...): suspicious cache-id, must contain _cv_ to be cached
../../lib/autoconf/general.m4:2042: AC_CACHE_VAL is expanded from...
../../lib/autoconf/general.m4:2063: AC_CACHE_CHECK is expanded from...
configure.ac:158: the top level
configure.ac:117: warning: AC_CACHE_VAL(no_reorder_functions_flag, ...): suspicious cache-id, must contain _cv_ to be cached
../../lib/autoconf/general.m4:2042: AC_CACHE_VAL is expanded from...
../../lib/autoconf/general.m4:2063: AC_CACHE_CHECK is expanded from...
configure.ac:117: the top level
configure.ac:133: warning: AC_CACHE_VAL(no_combine_stack_adjustments_flag, ...): suspicious cache-id, must contain _cv_ to be cached
../../lib/autoconf/general.m4:2042: AC_CACHE_VAL is expanded from...
../../lib/autoconf/general.m4:2063: AC_CACHE_CHECK is expanded from...
configure.ac:133: the top level
configure.ac:147: warning: AC_CACHE_VAL(no_pie_flag, ...): suspicious cache-id, must contain _cv_ to be cached
../../lib/autoconf/general.m4:2042: AC_CACHE_VAL is expanded from...
../../lib/autoconf/general.m4:2063: AC_CACHE_CHECK is expanded from...
configure.ac:147: the top level
configure.ac:158: warning: AC_CACHE_VAL(no_pie_linker_flag, ...): suspicious cache-id, must contain _cv_ to be cached
../../lib/autoconf/general.m4:2042: AC_CACHE_VAL is expanded from...
../../lib/autoconf/general.m4:2063: AC_CACHE_CHECK is expanded from...
configure.ac:158: the top level
configure.ac:117: warning: AC_CACHE_VAL(no_reorder_functions_flag, ...): suspicious cache-id, must contain _cv_ to be cached
../../lib/autoconf/general.m4:2042: AC_CACHE_VAL is expanded from...
../../lib/autoconf/general.m4:2063: AC_CACHE_CHECK is expanded from...
configure.ac:117: the top level
configure.ac:133: warning: AC_CACHE_VAL(no_combine_stack_adjustments_flag, ...): suspicious cache-id, must contain _cv_ to be cached
../../lib/autoconf/general.m4:2042: AC_CACHE_VAL is expanded from...
../../lib/autoconf/general.m4:2063: AC_CACHE_CHECK is expanded from...
configure.ac:133: the top level
configure.ac:147: warning: AC_CACHE_VAL(no_pie_flag, ...): suspicious cache-id, must contain _cv_ to be cached
../../lib/autoconf/general.m4:2042: AC_CACHE_VAL is expanded from...
../../lib/autoconf/general.m4:2063: AC_CACHE_CHECK is expanded from...
configure.ac:147: the top level
configure.ac:158: warning: AC_CACHE_VAL(no_pie_linker_flag, ...): suspicious cache-id, must contain _cv_ to be cached
../../lib/autoconf/general.m4:2042: AC_CACHE_VAL is expanded from...
../../lib/autoconf/general.m4:2063: AC_CACHE_CHECK is expanded from...
configure.ac:158: the top level
configure.ac:117: warning: AC_CACHE_VAL(no_reorder_functions_flag, ...): suspicious cache-id, must contain _cv_ to be cached
../../lib/autoconf/general.m4:2042: AC_CACHE_VAL is expanded from...
../../lib/autoconf/general.m4:2063: AC_CACHE_CHECK is expanded from...
configure.ac:117: the top level
configure.ac:133: warning: AC_CACHE_VAL(no_combine_stack_adjustments_flag, ...): suspicious cache-id, must contain _cv_ to be cached
../../lib/autoconf/general.m4:2042: AC_CACHE_VAL is expanded from...
../../lib/autoconf/general.m4:2063: AC_CACHE_CHECK is expanded from...
configure.ac:133: the top level
configure.ac:147: warning: AC_CACHE_VAL(no_pie_flag, ...): suspicious cache-id, must contain _cv_ to be cached
../../lib/autoconf/general.m4:2042: AC_CACHE_VAL is expanded from...
../../lib/autoconf/general.m4:2063: AC_CACHE_CHECK is expanded from...
configure.ac:147: the top level
configure.ac:158: warning: AC_CACHE_VAL(no_pie_linker_flag, ...): suspicious cache-id, must contain _cv_ to be cached
../../lib/autoconf/general.m4:2042: AC_CACHE_VAL is expanded from...
../../lib/autoconf/general.m4:2063: AC_CACHE_CHECK is expanded from...
configure.ac:158: the top level
configure.ac:117: warning: AC_CACHE_VAL(no_reorder_functions_flag, ...): suspicious cache-id, must contain _cv_ to be cached
../../lib/autoconf/general.m4:2042: AC_CACHE_VAL is expanded from...
../../lib/autoconf/general.m4:2063: AC_CACHE_CHECK is expanded from...
configure.ac:117: the top level
configure.ac:133: warning: AC_CACHE_VAL(no_combine_stack_adjustments_flag, ...): suspicious cache-id, must contain _cv_ to be cached
../../lib/autoconf/general.m4:2042: AC_CACHE_VAL is expanded from...
../../lib/autoconf/general.m4:2063: AC_CACHE_CHECK is expanded from...
configure.ac:133: the top level
configure.ac:147: warning: AC_CACHE_VAL(no_pie_flag, ...): suspicious cache-id, must contain _cv_ to be cached
../../lib/autoconf/general.m4:2042: AC_CACHE_VAL is expanded from...
../../lib/autoconf/general.m4:2063: AC_CACHE_CHECK is expanded from...
configure.ac:147: the top level
configure.ac:158: warning: AC_CACHE_VAL(no_pie_linker_flag, ...): suspicious cache-id, must contain _cv_ to be cached
../../lib/autoconf/general.m4:2042: AC_CACHE_VAL is expanded from...
../../lib/autoconf/general.m4:2063: AC_CACHE_CHECK is expanded from...
configure.ac:158: the top level
docs/Makefile.am:30: warning: '%'-style pattern rules are a GNU make extension
docs/Makefile.am:33: warning: '%'-style pattern rules are a GNU make extension
docs/Makefile.am:36: warning: '%'-style pattern rules are a GNU make extension
netboot/Makefile.am:2: warning: 'INCLUDES' is the old name for 'AM_CPPFLAGS' (or '*_CPPFLAGS')
stage2/Makefile.am:14: warning: 'INCLUDES' is the old name for 'AM_CPPFLAGS' (or '*_CPPFLAGS')
parallel-tests: installing './test-driver'
   debian/rules override_dh_auto_configure
make[1]: Entering directory '/<<PKGBUILDDIR>>'
CFLAGS= LDFLAGS= dh_auto_configure -- \
	--libdir=\${prefix}/lib --disable-auto-linux-mem-opt
	./configure --build=x86_64-linux-gnu --prefix=/usr --includedir=\${prefix}/include --mandir=\${prefix}/share/man --infodir=\${prefix}/share/info --sysconfdir=/etc --localstatedir=/var --disable-silent-rules --libdir=\${prefix}/lib/x86_64-linux-gnu --libexecdir=\${prefix}/lib/x86_64-linux-gnu --disable-maintainer-mode --disable-dependency-tracking --libdir=\${prefix}/lib --disable-auto-linux-mem-opt
checking for a BSD-compatible install... /usr/bin/install -c
checking whether build environment is sane... yes
checking for a thread-safe mkdir -p... /bin/mkdir -p
checking for gawk... no
checking for mawk... mawk
checking whether make sets $(MAKE)... yes
checking whether make supports nested variables... yes
checking build system type... x86_64-pc-linux-gnu
checking host system type... x86_64-pc-linux-gnu
checking whether to enable maintainer-specific portions of Makefiles... no
checking for gcc... gcc
checking for gcc... (cached) gcc
checking whether the C compiler works... yes
checking for C compiler default output file name... a.out
checking for suffix of executables... 
checking whether we are cross compiling... no
checking for suffix of object files... o
checking whether we are using the GNU C compiler... yes
checking whether gcc accepts -g... yes
checking for gcc option to accept ISO C89... none needed
checking whether gcc understands -c and -o together... yes
checking for style of include used by make... GNU
checking dependency style of gcc... none
checking dependency style of gcc... (cached) none
checking dependency style of gcc... none
checking for ranlib... ranlib
checking whether optimization for size works... yes
checking whether gcc has -fno-stack-protector... yes
checking whether gcc has -fno-reorder-functions... no
checking whether gcc has -fno-combine-stack-adjustments... no
checking whether gcc has -fno-PIE... yes
checking whether gcc has -no-pie... yes
checking whether -Wundef works... yes
checking whether -falign-loops works... yes
checking whether linker accepts `--build-id=none'... yes
checking for objcopy... objcopy
checking if C symbols get an underscore after compilation... no
checking whether objcopy works for absolute addresses... yes
checking whether addr32 must be in the same line as the instruction... no
checking for .code16 addr32 assembler support... no
configure: error: GRUB requires GAS .code16 addr32 support; upgrade your binutils
	tail -v -n \+0 config.log
==> config.log <==
This file contains any messages produced by compilers while
running configure, to aid debugging if configure makes a mistake.

It was created by GRUB configure 0.97, which was
generated by GNU Autoconf 2.69.  Invocation command line was

  $ ./configure --build=x86_64-linux-gnu --prefix=/usr --includedir=${prefix}/include --mandir=${prefix}/share/man --infodir=${prefix}/share/info --sysconfdir=/etc --localstatedir=/var --disable-silent-rules --libdir=${prefix}/lib/x86_64-linux-gnu --libexecdir=${prefix}/lib/x86_64-linux-gnu --disable-maintainer-mode --disable-dependency-tracking --libdir=${prefix}/lib --disable-auto-linux-mem-opt

## --------- ##
## Platform. ##
## --------- ##

hostname = ip-172-31-3-206
uname -m = x86_64
uname -r = 4.9.0-2-amd64
uname -s = Linux
uname -v = #1 SMP Debian 4.9.18-1 (2017-03-30)

/usr/bin/uname -p = unknown
/bin/uname -X     = unknown

/bin/arch              = unknown
/usr/bin/arch -k       = unknown
/usr/convex/getsysinfo = unknown
/usr/bin/hostinfo      = unknown
/bin/machine           = unknown
/usr/bin/oslevel       = unknown
/bin/universe          = unknown

PATH: /usr/local/sbin
PATH: /usr/local/bin
PATH: /usr/sbin
PATH: /usr/bin
PATH: /sbin
PATH: /bin
PATH: /usr/games


## ----------- ##
## Core tests. ##
## ----------- ##

configure:2325: checking for a BSD-compatible install
configure:2393: result: /usr/bin/install -c
configure:2404: checking whether build environment is sane
configure:2459: result: yes
configure:2610: checking for a thread-safe mkdir -p
configure:2649: result: /bin/mkdir -p
configure:2656: checking for gawk
configure:2686: result: no
configure:2656: checking for mawk
configure:2672: found /usr/bin/mawk
configure:2683: result: mawk
configure:2694: checking whether make sets $(MAKE)
configure:2716: result: yes
configure:2745: checking whether make supports nested variables
configure:2762: result: yes
configure:2893: checking build system type
configure:2907: result: x86_64-pc-linux-gnu
configure:2927: checking host system type
configure:2940: result: x86_64-pc-linux-gnu
configure:2975: checking whether to enable maintainer-specific portions of Makefiles
configure:2984: result: no
configure:3099: checking for gcc
configure:3115: found /usr/bin/gcc
configure:3126: result: gcc
configure:3196: checking for gcc
configure:3223: result: gcc
configure:3452: checking for C compiler version
configure:3461: gcc --version >&5
clang version 6.0.0-+rc1-1 (tags/RELEASE_600/rc1)
Target: x86_64-pc-linux-gnu
Thread model: posix
InstalledDir: /usr/bin
configure:3472: $? = 0
configure:3461: gcc -v >&5
clang version 6.0.0-+rc1-1 (tags/RELEASE_600/rc1)
Target: x86_64-pc-linux-gnu
Thread model: posix
InstalledDir: /usr/bin
Found candidate GCC installation: /usr/bin/../lib/gcc/x86_64-linux-gnu/6
Found candidate GCC installation: /usr/bin/../lib/gcc/x86_64-linux-gnu/6.4.0
Found candidate GCC installation: /usr/bin/../lib/gcc/x86_64-linux-gnu/7
Found candidate GCC installation: /usr/bin/../lib/gcc/x86_64-linux-gnu/7.3.0
Found candidate GCC installation: /usr/lib/gcc/x86_64-linux-gnu/6
Found candidate GCC installation: /usr/lib/gcc/x86_64-linux-gnu/6.4.0
... rest of stderr output deleted ...
configure:3472: $? = 0
configure:3461: gcc -V >&5
clang: error: argument to '-V' is missing (expected 1 value)
clang: error: no input files
configure:3472: $? = 1
configure:3461: gcc -qversion >&5
clang: error: unknown argument: '-qversion'
clang: error: no input files
configure:3472: $? = 1
configure:3492: checking whether the C compiler works
configure:3514: gcc -m32  -Wdate-time  conftest.c  >&5
configure:3518: $? = 0
configure:3566: result: yes
configure:3569: checking for C compiler default output file name
configure:3571: result: a.out
configure:3577: checking for suffix of executables
configure:3584: gcc -o conftest -m32  -Wdate-time  conftest.c  >&5
configure:3588: $? = 0
configure:3610: result: 
configure:3632: checking whether we are cross compiling
configure:3640: gcc -o conftest -m32  -Wdate-time  conftest.c  >&5
configure:3644: $? = 0
configure:3651: ./conftest
configure:3655: $? = 0
configure:3670: result: no
configure:3675: checking for suffix of object files
configure:3697: gcc -c -m32  -Wdate-time conftest.c >&5
configure:3701: $? = 0
configure:3722: result: o
configure:3726: checking whether we are using the GNU C compiler
configure:3745: gcc -c -m32  -Wdate-time conftest.c >&5
configure:3745: $? = 0
configure:3754: result: yes
configure:3763: checking whether gcc accepts -g
configure:3783: gcc -c -g -Wdate-time conftest.c >&5
configure:3783: $? = 0
configure:3824: result: yes
configure:3841: checking for gcc option to accept ISO C89
configure:3904: gcc  -c -m32  -Wdate-time conftest.c >&5
configure:3904: $? = 0
configure:3917: result: none needed
configure:3942: checking whether gcc understands -c and -o together
configure:3964: gcc -c conftest.c -o conftest2.o
configure:3967: $? = 0
configure:3964: gcc -c conftest.c -o conftest2.o
configure:3967: $? = 0
configure:3979: result: yes
configure:4007: checking for style of include used by make
configure:4035: result: GNU
configure:4061: checking dependency style of gcc
configure:4172: result: none
configure:4191: checking dependency style of gcc
configure:4302: result: none
configure:4327: checking dependency style of gcc
configure:4436: result: none
configure:4546: checking for ranlib
configure:4562: found /usr/bin/ranlib
configure:4573: result: ranlib
configure:4609: checking whether optimization for size works
configure:4628: gcc -c -Os -g -Wdate-time conftest.c >&5
configure:4628: $? = 0
configure:4637: result: yes
configure:4646: checking whether gcc has -fno-stack-protector
configure:4665: gcc -c -fno-stack-protector -Wdate-time conftest.c >&5
configure:4665: $? = 0
configure:4674: result: yes
configure:4682: checking whether gcc has -fno-reorder-functions
configure:4701: gcc -c -fno-reorder-functions -Wdate-time conftest.c >&5
clang: error: unknown argument: '-fno-reorder-functions'
configure:4701: $? = 1
configure: failed program was:
| /* confdefs.h */
| #define PACKAGE_NAME "GRUB"
| #define PACKAGE_TARNAME "grub"
| #define PACKAGE_VERSION "0.97"
| #define PACKAGE_STRING "GRUB 0.97"
| #define PACKAGE_BUGREPORT "bug-grub@gnu.org"
| #define PACKAGE_URL ""
| #define PACKAGE "grub"
| #define VERSION "0.97"
| /* end confdefs.h.  */
| 
| int
| main ()
| {
| 
|   ;
|   return 0;
| }
configure:4710: result: no
configure:4718: checking whether gcc has -fno-combine-stack-adjustments
configure:4737: gcc -c -fno-combine-stack-adjustments -Wdate-time conftest.c >&5
clang: error: unknown argument: '-fno-combine-stack-adjustments'
configure:4737: $? = 1
configure: failed program was:
| /* confdefs.h */
| #define PACKAGE_NAME "GRUB"
| #define PACKAGE_TARNAME "grub"
| #define PACKAGE_VERSION "0.97"
| #define PACKAGE_STRING "GRUB 0.97"
| #define PACKAGE_BUGREPORT "bug-grub@gnu.org"
| #define PACKAGE_URL ""
| #define PACKAGE "grub"
| #define VERSION "0.97"
| /* end confdefs.h.  */
| 
| int
| main ()
| {
| 
|   ;
|   return 0;
| }
configure:4746: result: no
configure:4752: checking whether gcc has -fno-PIE
configure:4771: gcc -c -fno-PIE -Wdate-time conftest.c >&5
configure:4771: $? = 0
configure:4780: result: yes
configure:4786: checking whether gcc has -no-pie
configure:4805: gcc -o conftest -m32 -g -Wdate-time -no-pie conftest.c  >&5
configure:4805: $? = 0
configure:4815: result: yes
configure:4831: checking whether -Wundef works
configure:4850: gcc -c -m32 -g -Wundef conftest.c >&5
configure:4850: $? = 0
configure:4859: result: yes
configure:4864: checking whether -falign-loops works
configure:4883: gcc -c -m32 -g -falign-loops=1 conftest.c >&5
clang: warning: optimization flag '-falign-loops=1' is not supported [-Wignored-optimization-argument]
configure:4883: $? = 0
configure:4892: result: yes
configure:4907: checking whether linker accepts `--build-id=none'
configure:4922: gcc -o conftest -m32 -g -Wdate-time -Wall -Wmissing-prototypes -Wunused -Wshadow -Wpointer-arith -falign-jumps=1 -falign-loops=1 -falign-functions=1 -Wundef  -no-pie -Wl,--build-id=none conftest.c  >&5
clang: warning: optimization flag '-falign-jumps=1' is not supported [-Wignored-optimization-argument]
clang: warning: optimization flag '-falign-loops=1' is not supported [-Wignored-optimization-argument]
clang: warning: optimization flag '-falign-functions=1' is not supported [-Wignored-optimization-argument]
configure:4922: $? = 0
configure:4929: result: yes
configure:5022: checking for objcopy
configure:5038: found /usr/bin/objcopy
configure:5049: result: objcopy
configure:5075: checking if C symbols get an underscore after compilation
configure:5090: gcc -m32 -g -S conftest.c
configure:5093: $? = 0
configure:5118: result: no
configure:5121: checking whether objcopy works for absolute addresses
configure:5134: gcc -c -m32 -g -Wdate-time -Wall -Wmissing-prototypes -Wunused -Wshadow -Wpointer-arith -falign-jumps=1 -falign-loops=1 -falign-functions=1 -Wundef conftest.c >&5
clang: warning: optimization flag '-falign-jumps=1' is not supported [-Wignored-optimization-argument]
clang: warning: optimization flag '-falign-loops=1' is not supported [-Wignored-optimization-argument]
clang: warning: optimization flag '-falign-functions=1' is not supported [-Wignored-optimization-argument]
conftest.c:2:1: warning: no previous prototype for function 'cmain' [-Wmissing-prototypes]
cmain (void)
^
1 warning generated.
configure:5137: $? = 0
configure:5145: gcc -m32 -g  -no-pie -Wl,--build-id=none -nostdlib -Wl,-N -Wl,-Ttext -Wl,2000 conftest.o -o conftest.exec
/usr/bin/ld: warning: cannot find entry symbol _start; defaulting to 0000000000002000
configure:5148: $? = 0
configure:5154: objcopy --only-section=.text -O binary conftest.exec conftest
configure:5157: $? = 0
configure:5145: gcc -m32 -g  -no-pie -Wl,--build-id=none -nostdlib -Wl,-N -Wl,-Ttext -Wl,8000 conftest.o -o conftest.exec
/usr/bin/ld: warning: cannot find entry symbol _start; defaulting to 0000000000008000
configure:5148: $? = 0
configure:5154: objcopy --only-section=.text -O binary conftest.exec conftest
configure:5157: $? = 0
configure:5163: cmp -s conftest.old conftest
configure:5166: $? = 0
configure:5145: gcc -m32 -g  -no-pie -Wl,--build-id=none -nostdlib -Wl,-N -Wl,-Ttext -Wl,7C00 conftest.o -o conftest.exec
/usr/bin/ld: warning: cannot find entry symbol _start; defaulting to 0000000000007c00
configure:5148: $? = 0
configure:5154: objcopy --only-section=.text -O binary conftest.exec conftest
configure:5157: $? = 0
configure:5163: cmp -s conftest.old conftest
configure:5166: $? = 0
configure:5177: result: yes
configure:5184: checking whether addr32 must be in the same line as the instruction
configure:5195: gcc -m32 -g -c conftest.s
conftest.s:2:5: error: invalid instruction mnemonic 'addr32'
l1:     addr32  movb    %al, l1
        ^~~~~~
configure:5198: $? = 1
configure:5228: result: no
configure:5233: checking for .code16 addr32 assembler support
configure:5250: gcc -m32 -g -c conftest.s
conftest.s:2:5: error: invalid instruction mnemonic 'addr32'
l1:     addr32; movb    %al, l1
        ^~~~~~
configure:5253: $? = 1
configure:5264: result: no
configure:5267: error: GRUB requires GAS .code16 addr32 support; upgrade your binutils

## ---------------- ##
## Cache variables. ##
## ---------------- ##

ac_cv_build=x86_64-pc-linux-gnu
ac_cv_c_compiler_gnu=yes
ac_cv_env_CCASFLAGS_set=
ac_cv_env_CCASFLAGS_value=
ac_cv_env_CCAS_set=
ac_cv_env_CCAS_value=
ac_cv_env_CC_set=
ac_cv_env_CC_value=
ac_cv_env_CFLAGS_set=set
ac_cv_env_CFLAGS_value=
ac_cv_env_CPPFLAGS_set=set
ac_cv_env_CPPFLAGS_value=-Wdate-time
ac_cv_env_CPP_set=
ac_cv_env_CPP_value=
ac_cv_env_LDFLAGS_set=set
ac_cv_env_LDFLAGS_value=
ac_cv_env_LIBS_set=
ac_cv_env_LIBS_value=
ac_cv_env_build_alias_set=set
ac_cv_env_build_alias_value=x86_64-linux-gnu
ac_cv_env_host_alias_set=
ac_cv_env_host_alias_value=
ac_cv_env_target_alias_set=
ac_cv_env_target_alias_value=
ac_cv_host=x86_64-pc-linux-gnu
ac_cv_objext=o
ac_cv_path_install='/usr/bin/install -c'
ac_cv_path_mkdir=/bin/mkdir
ac_cv_prog_AWK=mawk
ac_cv_prog_ac_ct_CC=gcc
ac_cv_prog_ac_ct_OBJCOPY=objcopy
ac_cv_prog_ac_ct_RANLIB=ranlib
ac_cv_prog_cc_c89=
ac_cv_prog_cc_g=yes
ac_cv_prog_make_make_set=yes
am_cv_CCAS_dependencies_compiler_type=none
am_cv_CC_dependencies_compiler_type=none
am_cv_make_support_nested_variables=yes
am_cv_prog_cc_c_o=yes
grub_cv_asm_addr32=no
grub_cv_asm_prefix_requirement=no
grub_cv_asm_uscore=no
grub_cv_cc_Os=yes
grub_cv_cc_Wundef=yes
grub_cv_cc_falign_loop=yes
grub_cv_cc_no_stack_protector=yes
grub_cv_prog_objcopy_absolute=yes

## ----------------- ##
## Output variables. ##
## ----------------- ##

ACLOCAL='${SHELL} /<<PKGBUILDDIR>>/missing aclocal-1.15'
AMDEPBACKSLASH=''
AMDEP_FALSE=''
AMDEP_TRUE='#'
AMTAR='$${TAR-tar}'
AM_BACKSLASH='\'
AM_DEFAULT_V='$(AM_DEFAULT_VERBOSITY)'
AM_DEFAULT_VERBOSITY='1'
AM_V='$(V)'
AUTOCONF='${SHELL} /<<PKGBUILDDIR>>/missing autoconf'
AUTOHEADER='${SHELL} /<<PKGBUILDDIR>>/missing autoheader'
AUTOMAKE='${SHELL} /<<PKGBUILDDIR>>/missing automake-1.15'
AWK='mawk'
BUILD_EXAMPLE_KERNEL_FALSE=''
BUILD_EXAMPLE_KERNEL_TRUE=''
CC='gcc'
CCAS='gcc'
CCASDEPMODE='depmode=none'
CCASFLAGS='-m32 '
CCDEPMODE='depmode=none'
CFLAGS='-m32 -g'
CPP=''
CPPFLAGS='-Wdate-time -Wall -Wmissing-prototypes -Wunused -Wshadow -Wpointer-arith -falign-jumps=1 -falign-loops=1 -falign-functions=1 -Wundef'
CYGPATH_W='echo'
DEFS=''
DEPDIR='.deps'
DISKLESS_SUPPORT_FALSE=''
DISKLESS_SUPPORT_TRUE=''
ECHO_C=''
ECHO_N='-n'
ECHO_T=''
EGREP=''
EXEEXT=''
FSYS_CFLAGS=''
GRAPHICS_SUPPORT_FALSE=''
GRAPHICS_SUPPORT_TRUE=''
GREP=''
GRUB_CFLAGS='-O2'
GRUB_LIBS=''
HERCULES_SUPPORT_FALSE=''
HERCULES_SUPPORT_TRUE=''
INSTALL_DATA='${INSTALL} -m 644'
INSTALL_PROGRAM='${INSTALL}'
INSTALL_SCRIPT='${INSTALL}'
INSTALL_STRIP_PROGRAM='$(install_sh) -c -s'
LDFLAGS=' -no-pie -Wl,--build-id=none'
LIBOBJS=''
LIBS=''
LTLIBOBJS=''
MAINT='#'
MAINTAINER_MODE_FALSE=''
MAINTAINER_MODE_TRUE='#'
MAKEINFO='${SHELL} /<<PKGBUILDDIR>>/missing makeinfo'
MKDIR_P='/bin/mkdir -p'
NETBOOT_DRIVERS=''
NETBOOT_SUPPORT_FALSE=''
NETBOOT_SUPPORT_TRUE=''
NET_CFLAGS=''
NET_EXTRAFLAGS=''
OBJCOPY='objcopy'
OBJEXT='o'
PACKAGE='grub'
PACKAGE_BUGREPORT='bug-grub@gnu.org'
PACKAGE_NAME='GRUB'
PACKAGE_STRING='GRUB 0.97'
PACKAGE_TARNAME='grub'
PACKAGE_URL=''
PACKAGE_VERSION='0.97'
PATH_SEPARATOR=':'
PERL=''
RANLIB='ranlib'
SERIAL_SPEED_SIMULATION_FALSE=''
SERIAL_SPEED_SIMULATION_TRUE=''
SERIAL_SUPPORT_FALSE=''
SERIAL_SUPPORT_TRUE=''
SET_MAKE=''
SHELL='/bin/bash'
STAGE1_CFLAGS='-O2 -fno-PIE'
STAGE2_CFLAGS='-Os -fno-stack-protector -fno-PIE'
STRIP=''
VERSION='0.97'
ac_ct_CC='gcc'
am__EXEEXT_FALSE=''
am__EXEEXT_TRUE=''
am__fastdepCCAS_FALSE=''
am__fastdepCCAS_TRUE='#'
am__fastdepCC_FALSE=''
am__fastdepCC_TRUE='#'
am__include='include'
am__isrc=''
am__leading_dot='.'
am__nodep=''
am__quote=''
am__tar='$${TAR-tar} chof - "$$tardir"'
am__untar='$${TAR-tar} xf -'
bindir='${exec_prefix}/bin'
build='x86_64-pc-linux-gnu'
build_alias='x86_64-linux-gnu'
build_cpu='x86_64'
build_os='linux-gnu'
build_vendor='pc'
datadir='${datarootdir}'
datarootdir='${prefix}/share'
docdir='${datarootdir}/doc/${PACKAGE_TARNAME}'
dvidir='${docdir}'
exec_prefix='NONE'
host='x86_64-pc-linux-gnu'
host_alias=''
host_cpu='x86_64'
host_os='linux-gnu'
host_vendor='pc'
htmldir='${docdir}'
includedir='${prefix}/include'
infodir='${prefix}/share/info'
install_sh='${SHELL} /<<PKGBUILDDIR>>/install-sh'
libdir='${prefix}/lib'
libexecdir='${prefix}/lib/x86_64-linux-gnu'
localedir='${datarootdir}/locale'
localstatedir='/var'
mandir='${prefix}/share/man'
mkdir_p='$(MKDIR_P)'
oldincludedir='/usr/include'
pdfdir='${docdir}'
prefix='/usr'
program_transform_name='s,x,x,'
psdir='${docdir}'
runstatedir='${localstatedir}/run'
sbindir='${exec_prefix}/sbin'
sharedstatedir='${prefix}/com'
sysconfdir='/etc'
target_alias=''

## ----------- ##
## confdefs.h. ##
## ----------- ##

/* confdefs.h */
#define PACKAGE_NAME "GRUB"
#define PACKAGE_TARNAME "grub"
#define PACKAGE_VERSION "0.97"
#define PACKAGE_STRING "GRUB 0.97"
#define PACKAGE_BUGREPORT "bug-grub@gnu.org"
#define PACKAGE_URL ""
#define PACKAGE "grub"
#define VERSION "0.97"
#define ADDR32 addr32;
#define DATA32 data32;

configure: exit 1
dh_auto_configure: ./configure --build=x86_64-linux-gnu --prefix=/usr --includedir=\${prefix}/include --mandir=\${prefix}/share/man --infodir=\${prefix}/share/info --sysconfdir=/etc --localstatedir=/var --disable-silent-rules --libdir=\${prefix}/lib/x86_64-linux-gnu --libexecdir=\${prefix}/lib/x86_64-linux-gnu --disable-maintainer-mode --disable-dependency-tracking --libdir=\${prefix}/lib --disable-auto-linux-mem-opt returned exit code 1
debian/rules:11: recipe for target 'override_dh_auto_configure' failed
make[1]: *** [override_dh_auto_configure] Error 2
make[1]: Leaving directory '/<<PKGBUILDDIR>>'
debian/rules:3: recipe for target 'build-arch' failed
make: *** [build-arch] Error 2
dpkg-buildpackage: error: debian/rules build-arch subprocess returned exit status 2
--------------------------------------------------------------------------------
Build finished at 2018-02-07T21:05:43Z

Finished
--------


+------------------------------------------------------------------------------+
| Cleanup                                                                      |
+------------------------------------------------------------------------------+

Purging /<<BUILDDIR>>
Not cleaning session: cloned chroot in use
E: Build failure (dpkg-buildpackage died)

+------------------------------------------------------------------------------+
| Summary                                                                      |
+------------------------------------------------------------------------------+

Build Architecture: amd64
Build Type: any
Build-Space: 8096
Build-Time: 5
Distribution: unstable
Fail-Stage: build
Host Architecture: amd64
Install-Time: 8
Job: grub_0.97-72
Machine Architecture: amd64
Package: grub
Package-Time: 28
Source-Version: 0.97-72
Space: 8096
Status: attempted
Version: 0.97-72
--------------------------------------------------------------------------------
Finished at 2018-02-07T21:05:43Z
Build needed 00:00:28, 8096k disk space
E: Build failure (dpkg-buildpackage died)
DC-Status: Failed 28.738948446s
DC-Time-Estimation: 28.738948446 versus expected 58 (r/m: 1.0181670915684693 ; m: 28.738948446)
