DC-Build-Header: prometheus-mysqld-exporter 0.9.0+ds-3 / 2018-02-07 21:13:42 +0000
DC-Task: type:rebuild-binarch-only source:prometheus-mysqld-exporter version:0.9.0+ds-3 chroot:unstable esttime:37 logfile:/tmp/prometheus-mysqld-exporter_0.9.0+ds-3_unstable_clang60.log modes:clang60:binarch-only
DC-Sbuild-call: su user42 -c 'sbuild -n --arch-any --apt-update -d unstable -v  --chroot-setup-commands=/tmp/clang60 prometheus-mysqld-exporter_0.9.0+ds-3'
sbuild (Debian sbuild) 0.73.0 (23 Dec 2016) on ip-172-31-29-100.eu-central-1.compute.internal

+===============================================================================+
| prometheus-mysqld-exporter 0.9.0+ds-3 (amd64) Wed, 07 Feb 2018 21:13:43 +0000 |
+===============================================================================+

Package: prometheus-mysqld-exporter
Version: 0.9.0+ds-3
Source Version: 0.9.0+ds-3
Distribution: unstable
Machine Architecture: amd64
Host Architecture: amd64
Build Architecture: amd64
Build Type: any

I: NOTICE: Log filtering will replace 'var/run/schroot/mount/unstable-amd64-sbuild-d861b0f6-35a3-49ed-8693-09f8f6a03657' with '<<CHROOT>>'

+------------------------------------------------------------------------------+
| Chroot Setup Commands                                                        |
+------------------------------------------------------------------------------+


/tmp/clang60
------------

+ echo 'Entering customization script...'
Entering customization script...
+ CLANG_VERSION=6.0
+ echo 'Install of clang-6.0'
Install of clang-6.0
+ apt-get update
Get:1 http://127.0.0.1:9999/debian unstable InRelease [241 kB]
Get:2 http://127.0.0.1:9999/debian unstable/main Sources.diff/Index [27.9 kB]
Get:3 http://127.0.0.1:9999/debian unstable/main amd64 Packages.diff/Index [27.9 kB]
Get:4 http://127.0.0.1:9999/debian unstable/main Sources 2018-02-07-1427.34.pdiff [9180 B]
Get:4 http://127.0.0.1:9999/debian unstable/main Sources 2018-02-07-1427.34.pdiff [9180 B]
Get:5 http://127.0.0.1:9999/debian unstable/main amd64 Packages 2018-02-07-1427.34.pdiff [14.2 kB]
Get:5 http://127.0.0.1:9999/debian unstable/main amd64 Packages 2018-02-07-1427.34.pdiff [14.2 kB]
Get:6 http://127.0.0.1:9999/debian unstable/main Translation-en [5980 kB]
Fetched 6300 kB in 2s (3458 kB/s)
Reading package lists...
+ apt-get install --yes --no-install-recommends --force-yes clang-6.0
Reading package lists...
Building dependency tree...
Reading state information...
The following additional packages will be installed:
  lib32gcc1 lib32stdc++6 libbsd0 libc6-i386 libclang-common-6.0-dev
  libclang1-6.0 libedit2 libjsoncpp1 libllvm6.0 libncurses5 libobjc-7-dev
  libobjc4
Suggested packages:
  gnustep gnustep-devel clang-6.0-doc
Recommended packages:
  llvm-6.0-dev python libomp-dev libgpm2
The following NEW packages will be installed:
  clang-6.0 lib32gcc1 lib32stdc++6 libbsd0 libc6-i386 libclang-common-6.0-dev
  libclang1-6.0 libedit2 libjsoncpp1 libllvm6.0 libncurses5 libobjc-7-dev
  libobjc4
0 upgraded, 13 newly installed, 0 to remove and 1 not upgraded.
Need to get 37.6 MB of archives.
After this operation, 187 MB of additional disk space will be used.
Get:1 http://127.0.0.1:9999/debian unstable/main amd64 libjsoncpp1 amd64 1.7.4-3 [75.6 kB]
Get:2 http://127.0.0.1:9999/debian unstable/main amd64 libbsd0 amd64 0.8.7-1 [92.1 kB]
Get:3 http://127.0.0.1:9999/debian unstable/main amd64 libncurses5 amd64 6.0+20171125-1 [95.7 kB]
Get:4 http://127.0.0.1:9999/debian unstable/main amd64 libedit2 amd64 3.1-20170329-1 [85.2 kB]
Get:5 http://127.0.0.1:9999/debian unstable/main amd64 libllvm6.0 amd64 1:6.0~+rc1-1 [14.5 MB]
Get:6 http://127.0.0.1:9999/debian unstable/main amd64 libobjc4 amd64 7.3.0-1 [51.2 kB]
Get:7 http://127.0.0.1:9999/debian unstable/main amd64 libobjc-7-dev amd64 7.3.0-1 [203 kB]
Get:8 http://127.0.0.1:9999/debian unstable/main amd64 libc6-i386 amd64 2.26-6 [2836 kB]
Get:9 http://127.0.0.1:9999/debian unstable/main amd64 lib32gcc1 amd64 1:7.3.0-1 [46.8 kB]
Get:10 http://127.0.0.1:9999/debian unstable/main amd64 lib32stdc++6 amd64 7.3.0-1 [405 kB]
Get:11 http://127.0.0.1:9999/debian unstable/main amd64 libclang-common-6.0-dev amd64 1:6.0~+rc1-1 [3097 kB]
Get:12 http://127.0.0.1:9999/debian unstable/main amd64 libclang1-6.0 amd64 1:6.0~+rc1-1 [6983 kB]
Get:13 http://127.0.0.1:9999/debian unstable/main amd64 clang-6.0 amd64 1:6.0~+rc1-1 [9171 kB]
debconf: delaying package configuration, since apt-utils is not installed
Fetched 37.6 MB in 0s (95.2 MB/s)
Selecting previously unselected package libjsoncpp1:amd64.
(Reading database ... (Reading database ... 5%(Reading database ... 10%(Reading database ... 15%(Reading database ... 20%(Reading database ... 25%(Reading database ... 30%(Reading database ... 35%(Reading database ... 40%(Reading database ... 45%(Reading database ... 50%(Reading database ... 55%(Reading database ... 60%(Reading database ... 65%(Reading database ... 70%(Reading database ... 75%(Reading database ... 80%(Reading database ... 85%(Reading database ... 90%(Reading database ... 95%(Reading database ... 100%(Reading database ... 9974 files and directories currently installed.)
Preparing to unpack .../00-libjsoncpp1_1.7.4-3_amd64.deb ...
Unpacking libjsoncpp1:amd64 (1.7.4-3) ...
Selecting previously unselected package libbsd0:amd64.
Preparing to unpack .../01-libbsd0_0.8.7-1_amd64.deb ...
Unpacking libbsd0:amd64 (0.8.7-1) ...
Selecting previously unselected package libncurses5:amd64.
Preparing to unpack .../02-libncurses5_6.0+20171125-1_amd64.deb ...
Unpacking libncurses5:amd64 (6.0+20171125-1) ...
Selecting previously unselected package libedit2:amd64.
Preparing to unpack .../03-libedit2_3.1-20170329-1_amd64.deb ...
Unpacking libedit2:amd64 (3.1-20170329-1) ...
Selecting previously unselected package libllvm6.0:amd64.
Preparing to unpack .../04-libllvm6.0_1%3a6.0~+rc1-1_amd64.deb ...
Unpacking libllvm6.0:amd64 (1:6.0~+rc1-1) ...
Selecting previously unselected package libobjc4:amd64.
Preparing to unpack .../05-libobjc4_7.3.0-1_amd64.deb ...
Unpacking libobjc4:amd64 (7.3.0-1) ...
Selecting previously unselected package libobjc-7-dev:amd64.
Preparing to unpack .../06-libobjc-7-dev_7.3.0-1_amd64.deb ...
Unpacking libobjc-7-dev:amd64 (7.3.0-1) ...
Selecting previously unselected package libc6-i386.
Preparing to unpack .../07-libc6-i386_2.26-6_amd64.deb ...
Unpacking libc6-i386 (2.26-6) ...
Selecting previously unselected package lib32gcc1.
Preparing to unpack .../08-lib32gcc1_1%3a7.3.0-1_amd64.deb ...
Unpacking lib32gcc1 (1:7.3.0-1) ...
Selecting previously unselected package lib32stdc++6.
Preparing to unpack .../09-lib32stdc++6_7.3.0-1_amd64.deb ...
Unpacking lib32stdc++6 (7.3.0-1) ...
Selecting previously unselected package libclang-common-6.0-dev.
Preparing to unpack .../10-libclang-common-6.0-dev_1%3a6.0~+rc1-1_amd64.deb ...
Unpacking libclang-common-6.0-dev (1:6.0~+rc1-1) ...
Selecting previously unselected package libclang1-6.0:amd64.
Preparing to unpack .../11-libclang1-6.0_1%3a6.0~+rc1-1_amd64.deb ...
Unpacking libclang1-6.0:amd64 (1:6.0~+rc1-1) ...
Selecting previously unselected package clang-6.0.
Preparing to unpack .../12-clang-6.0_1%3a6.0~+rc1-1_amd64.deb ...
Unpacking clang-6.0 (1:6.0~+rc1-1) ...
Setting up libncurses5:amd64 (6.0+20171125-1) ...
Setting up libobjc4:amd64 (7.3.0-1) ...
Setting up libc6-i386 (2.26-6) ...
Setting up libbsd0:amd64 (0.8.7-1) ...
Setting up libobjc-7-dev:amd64 (7.3.0-1) ...
Processing triggers for libc-bin (2.26-6) ...
Setting up lib32gcc1 (1:7.3.0-1) ...
Setting up libjsoncpp1:amd64 (1.7.4-3) ...
Setting up libedit2:amd64 (3.1-20170329-1) ...
Setting up libllvm6.0:amd64 (1:6.0~+rc1-1) ...
Setting up libclang1-6.0:amd64 (1:6.0~+rc1-1) ...
Setting up lib32stdc++6 (7.3.0-1) ...
Setting up libclang-common-6.0-dev (1:6.0~+rc1-1) ...
Setting up clang-6.0 (1:6.0~+rc1-1) ...
Processing triggers for libc-bin (2.26-6) ...
W: --force-yes is deprecated, use one of the options starting with --allow instead.
+ echo 'Replace gcc, g++ & cpp by clang'
Replace gcc, g++ & cpp by clang
+ VERSIONS='4.6 4.7 4.8 4.9 5 6 7 8'
+ cd /usr/bin
+ for VERSION in $VERSIONS
+ rm -f g++-4.6 gcc-4.6 cpp-4.6 gcc
+ ln -s clang++-6.0 g++-4.6
+ ln -s clang-6.0 gcc-4.6
+ ln -s clang-6.0 cpp-4.6
+ ln -s clang-6.0 gcc
+ echo 'gcc-4.6 hold'
+ dpkg --set-selections
dpkg: warning: package not in status nor available database at line 1: gcc-4.6
dpkg: warning: found unknown packages; this might mean the available database
is outdated, and needs to be updated through a frontend method;
please see the FAQ <https://wiki.debian.org/Teams/Dpkg/FAQ>
+ echo 'g++-4.6 hold'
+ dpkg --set-selections
dpkg: warning: package not in status nor available database at line 1: g++-4.6
dpkg: warning: found unknown packages; this might mean the available database
is outdated, and needs to be updated through a frontend method;
please see the FAQ <https://wiki.debian.org/Teams/Dpkg/FAQ>
+ for VERSION in $VERSIONS
+ rm -f g++-4.7 gcc-4.7 cpp-4.7 gcc
+ ln -s clang++-6.0 g++-4.7
+ ln -s clang-6.0 gcc-4.7
+ ln -s clang-6.0 cpp-4.7
+ ln -s clang-6.0 gcc
+ echo 'gcc-4.7 hold'
+ dpkg --set-selections
dpkg: warning: package not in status nor available database at line 1: gcc-4.7
dpkg: warning: found unknown packages; this might mean the available database
is outdated, and needs to be updated through a frontend method;
please see the FAQ <https://wiki.debian.org/Teams/Dpkg/FAQ>
+ echo 'g++-4.7 hold'
+ dpkg --set-selections
dpkg: warning: package not in status nor available database at line 1: g++-4.7
dpkg: warning: found unknown packages; this might mean the available database
is outdated, and needs to be updated through a frontend method;
please see the FAQ <https://wiki.debian.org/Teams/Dpkg/FAQ>
+ for VERSION in $VERSIONS
+ rm -f g++-4.8 gcc-4.8 cpp-4.8 gcc
+ ln -s clang++-6.0 g++-4.8
+ ln -s clang-6.0 gcc-4.8
+ ln -s clang-6.0 cpp-4.8
+ ln -s clang-6.0 gcc
+ echo 'gcc-4.8 hold'
+ dpkg --set-selections
dpkg: warning: package not in status nor available database at line 1: gcc-4.8
dpkg: warning: found unknown packages; this might mean the available database
is outdated, and needs to be updated through a frontend method;
please see the FAQ <https://wiki.debian.org/Teams/Dpkg/FAQ>
+ echo 'g++-4.8 hold'
+ dpkg --set-selections
dpkg: warning: package not in status nor available database at line 1: g++-4.8
dpkg: warning: found unknown packages; this might mean the available database
is outdated, and needs to be updated through a frontend method;
please see the FAQ <https://wiki.debian.org/Teams/Dpkg/FAQ>
+ for VERSION in $VERSIONS
+ rm -f g++-4.9 gcc-4.9 cpp-4.9 gcc
+ ln -s clang++-6.0 g++-4.9
+ ln -s clang-6.0 gcc-4.9
+ ln -s clang-6.0 cpp-4.9
+ ln -s clang-6.0 gcc
+ echo 'gcc-4.9 hold'
+ dpkg --set-selections
dpkg: warning: package not in status nor available database at line 1: gcc-4.9
dpkg: warning: found unknown packages; this might mean the available database
is outdated, and needs to be updated through a frontend method;
please see the FAQ <https://wiki.debian.org/Teams/Dpkg/FAQ>
+ echo 'g++-4.9 hold'
+ dpkg --set-selections
dpkg: warning: package not in status nor available database at line 1: g++-4.9
dpkg: warning: found unknown packages; this might mean the available database
is outdated, and needs to be updated through a frontend method;
please see the FAQ <https://wiki.debian.org/Teams/Dpkg/FAQ>
+ for VERSION in $VERSIONS
+ rm -f g++-5 gcc-5 cpp-5 gcc
+ ln -s clang++-6.0 g++-5
+ ln -s clang-6.0 gcc-5
+ ln -s clang-6.0 cpp-5
+ ln -s clang-6.0 gcc
+ echo 'gcc-5 hold'
+ dpkg --set-selections
+ echo 'g++-5 hold'
+ dpkg --set-selections
+ for VERSION in $VERSIONS
+ rm -f g++-6 gcc-6 cpp-6 gcc
+ ln -s clang++-6.0 g++-6
+ ln -s clang-6.0 gcc-6
+ ln -s clang-6.0 cpp-6
+ ln -s clang-6.0 gcc
+ echo 'gcc-6 hold'
+ dpkg --set-selections
dpkg: warning: package not in status nor available database at line 1: gcc-6
dpkg: warning: found unknown packages; this might mean the available database
is outdated, and needs to be updated through a frontend method;
please see the FAQ <https://wiki.debian.org/Teams/Dpkg/FAQ>
+ echo 'g++-6 hold'
+ dpkg --set-selections
dpkg: warning: package not in status nor available database at line 1: g++-6
dpkg: warning: found unknown packages; this might mean the available database
is outdated, and needs to be updated through a frontend method;
please see the FAQ <https://wiki.debian.org/Teams/Dpkg/FAQ>
+ for VERSION in $VERSIONS
+ rm -f g++-7 gcc-7 cpp-7 gcc
+ ln -s clang++-6.0 g++-7
+ ln -s clang-6.0 gcc-7
+ ln -s clang-6.0 cpp-7
+ ln -s clang-6.0 gcc
+ echo 'gcc-7 hold'
+ dpkg --set-selections
+ echo 'g++-7 hold'
+ dpkg --set-selections
+ for VERSION in $VERSIONS
+ rm -f g++-8 gcc-8 cpp-8 gcc
+ ln -s clang++-6.0 g++-8
+ ln -s clang-6.0 gcc-8
+ ln -s clang-6.0 cpp-8
+ ln -s clang-6.0 gcc
+ echo 'gcc-8 hold'
+ dpkg --set-selections
dpkg: warning: package not in status nor available database at line 1: gcc-8
dpkg: warning: found unknown packages; this might mean the available database
is outdated, and needs to be updated through a frontend method;
please see the FAQ <https://wiki.debian.org/Teams/Dpkg/FAQ>
+ echo 'g++-8 hold'
+ dpkg --set-selections
dpkg: warning: package not in status nor available database at line 1: g++-8
dpkg: warning: found unknown packages; this might mean the available database
is outdated, and needs to be updated through a frontend method;
please see the FAQ <https://wiki.debian.org/Teams/Dpkg/FAQ>
+ cd -
/build/prometheus-mysqld-exporter-q1tQBD
+ echo 'Check if gcc, g++ & cpp are actually clang'
Check if gcc, g++ & cpp are actually clang
+ gcc --version
+ grep clang
+ cpp --version
+ grep clang
+ g++ --version
+ grep clang

I: Finished running '/tmp/clang60'.

Finished processing commands.
--------------------------------------------------------------------------------

+------------------------------------------------------------------------------+
| Update chroot                                                                |
+------------------------------------------------------------------------------+

Hit:1 http://127.0.0.1:9999/debian unstable InRelease
Reading package lists...
Reading package lists...
Building dependency tree...
Reading state information...
Calculating upgrade...
The following packages will be upgraded:
  libdebconfclient0
1 upgraded, 0 newly installed, 0 to remove and 0 not upgraded.
Need to get 48.3 kB of archives.
After this operation, 0 B of additional disk space will be used.
Get:1 http://127.0.0.1:9999/debian unstable/main amd64 libdebconfclient0 amd64 0.240 [48.3 kB]
debconf: delaying package configuration, since apt-utils is not installed
Fetched 48.3 kB in 0s (4005 kB/s)
(Reading database ... (Reading database ... 5%(Reading database ... 10%(Reading database ... 15%(Reading database ... 20%(Reading database ... 25%(Reading database ... 30%(Reading database ... 35%(Reading database ... 40%(Reading database ... 45%(Reading database ... 50%(Reading database ... 55%(Reading database ... 60%(Reading database ... 65%(Reading database ... 70%(Reading database ... 75%(Reading database ... 80%(Reading database ... 85%(Reading database ... 90%(Reading database ... 95%(Reading database ... 100%(Reading database ... 10722 files and directories currently installed.)
Preparing to unpack .../libdebconfclient0_0.240_amd64.deb ...
Unpacking libdebconfclient0:amd64 (0.240) over (0.239) ...
Setting up libdebconfclient0:amd64 (0.240) ...
Processing triggers for libc-bin (2.26-6) ...

+------------------------------------------------------------------------------+
| Fetch source files                                                           |
+------------------------------------------------------------------------------+


Check APT
---------

Checking available source versions...

Download source files with APT
------------------------------

Reading package lists...
NOTICE: 'prometheus-mysqld-exporter' packaging is maintained in the 'Git' version control system at:
https://anonscm.debian.org/git/pkg-go/packages/prometheus-mysqld-exporter.git
Please use:
git clone https://anonscm.debian.org/git/pkg-go/packages/prometheus-mysqld-exporter.git
to retrieve the latest (possibly unreleased) updates to the package.
Need to get 46.6 kB of source archives.
Get:1 http://127.0.0.1:9999/debian unstable/main prometheus-mysqld-exporter 0.9.0+ds-3 (dsc) [2652 B]
Get:2 http://127.0.0.1:9999/debian unstable/main prometheus-mysqld-exporter 0.9.0+ds-3 (tar) [37.4 kB]
Get:3 http://127.0.0.1:9999/debian unstable/main prometheus-mysqld-exporter 0.9.0+ds-3 (diff) [6560 B]
Fetched 46.6 kB in 0s (580 kB/s)
Download complete and in download only mode
I: NOTICE: Log filtering will replace 'build/prometheus-mysqld-exporter-q1tQBD/prometheus-mysqld-exporter-0.9.0+ds' with '<<PKGBUILDDIR>>'
I: NOTICE: Log filtering will replace 'build/prometheus-mysqld-exporter-q1tQBD' with '<<BUILDDIR>>'

+------------------------------------------------------------------------------+
| Install build-essential                                                      |
+------------------------------------------------------------------------------+


Setup apt archive
-----------------

Merged Build-Depends: build-essential, fakeroot
Filtered Build-Depends: build-essential, fakeroot
dpkg-deb: building package 'sbuild-build-depends-core-dummy' in '/<<BUILDDIR>>/resolver-qNUL4A/apt_archive/sbuild-build-depends-core-dummy.deb'.
dpkg-scanpackages: warning: Packages in archive but missing from override file:
dpkg-scanpackages: warning:   sbuild-build-depends-core-dummy
dpkg-scanpackages: info: Wrote 1 entries to output Packages file.
Ign:1 copy:/<<BUILDDIR>>/resolver-qNUL4A/apt_archive ./ InRelease
Get:2 copy:/<<BUILDDIR>>/resolver-qNUL4A/apt_archive ./ Release [957 B]
Ign:3 copy:/<<BUILDDIR>>/resolver-qNUL4A/apt_archive ./ Release.gpg
Get:4 copy:/<<BUILDDIR>>/resolver-qNUL4A/apt_archive ./ Sources [349 B]
Get:5 copy:/<<BUILDDIR>>/resolver-qNUL4A/apt_archive ./ Packages [433 B]
Fetched 1739 B in 0s (121 kB/s)
Reading package lists...
Reading package lists...

Install core build dependencies (apt-based resolver)
----------------------------------------------------

Installing build dependencies
Reading package lists...
Building dependency tree...
Reading state information...
The following NEW packages will be installed:
  sbuild-build-depends-core-dummy
0 upgraded, 1 newly installed, 0 to remove and 0 not upgraded.
Need to get 852 B of archives.
After this operation, 0 B of additional disk space will be used.
Get:1 copy:/<<BUILDDIR>>/resolver-qNUL4A/apt_archive ./ sbuild-build-depends-core-dummy 0.invalid.0 [852 B]
debconf: delaying package configuration, since apt-utils is not installed
Fetched 852 B in 0s (0 B/s)
Selecting previously unselected package sbuild-build-depends-core-dummy.
(Reading database ... 10722 files and directories currently installed.)
Preparing to unpack .../sbuild-build-depends-core-dummy_0.invalid.0_amd64.deb ...
Unpacking sbuild-build-depends-core-dummy (0.invalid.0) ...
Setting up sbuild-build-depends-core-dummy (0.invalid.0) ...

+------------------------------------------------------------------------------+
| Check architectures                                                          |
+------------------------------------------------------------------------------+

Arch check ok (amd64 included in any)

+------------------------------------------------------------------------------+
| Install package build dependencies                                           |
+------------------------------------------------------------------------------+


Setup apt archive
-----------------

Merged Build-Depends: debhelper (>= 9.0.0), dh-golang, golang-go, dh-systemd (>= 1.5), golang-github-beorn7-perks-dev, golang-github-data-dog-go-sqlmock-dev, golang-github-go-sql-driver-mysql-dev, golang-github-jtolds-gls-dev, golang-github-prometheus-common-dev, golang-github-sirupsen-logrus-dev, golang-github-smartystreets-assertions-dev, golang-github-smartystreets-goconvey-dev, golang-gopkg-ini.v1-dev, golang-goprotobuf-dev, golang-prometheus-client-dev, golang-protobuf-extensions-dev
Filtered Build-Depends: debhelper (>= 9.0.0), dh-golang, golang-go, dh-systemd (>= 1.5), golang-github-beorn7-perks-dev, golang-github-data-dog-go-sqlmock-dev, golang-github-go-sql-driver-mysql-dev, golang-github-jtolds-gls-dev, golang-github-prometheus-common-dev, golang-github-sirupsen-logrus-dev, golang-github-smartystreets-assertions-dev, golang-github-smartystreets-goconvey-dev, golang-gopkg-ini.v1-dev, golang-goprotobuf-dev, golang-prometheus-client-dev, golang-protobuf-extensions-dev
dpkg-deb: building package 'sbuild-build-depends-prometheus-mysqld-exporter-dummy' in '/<<BUILDDIR>>/resolver-qNUL4A/apt_archive/sbuild-build-depends-prometheus-mysqld-exporter-dummy.deb'.
dpkg-scanpackages: warning: Packages in archive but missing from override file:
dpkg-scanpackages: warning:   sbuild-build-depends-core-dummy sbuild-build-depends-prometheus-mysqld-exporter-dummy
dpkg-scanpackages: info: Wrote 2 entries to output Packages file.
Ign:1 copy:/<<BUILDDIR>>/resolver-qNUL4A/apt_archive ./ InRelease
Get:2 copy:/<<BUILDDIR>>/resolver-qNUL4A/apt_archive ./ Release [963 B]
Ign:3 copy:/<<BUILDDIR>>/resolver-qNUL4A/apt_archive ./ Release.gpg
Get:4 copy:/<<BUILDDIR>>/resolver-qNUL4A/apt_archive ./ Sources [667 B]
Get:5 copy:/<<BUILDDIR>>/resolver-qNUL4A/apt_archive ./ Packages [747 B]
Fetched 2377 B in 0s (168 kB/s)
Reading package lists...
Reading package lists...

Install prometheus-mysqld-exporter build dependencies (apt-based resolver)
--------------------------------------------------------------------------

Installing build dependencies
Reading package lists...
Building dependency tree...
Reading state information...
The following additional packages will be installed:
  autoconf automake autopoint autotools-dev bsdmainutils debhelper
  dh-autoreconf dh-golang dh-strip-nondeterminism dh-systemd file gettext
  gettext-base golang-1.9-go golang-1.9-src golang-github-alecthomas-units-dev
  golang-github-beorn7-perks-dev golang-github-data-dog-go-sqlmock-dev
  golang-github-davecgh-go-spew-dev golang-github-dgrijalva-jwt-go-v3-dev
  golang-github-go-kit-kit-dev golang-github-go-logfmt-logfmt-dev
  golang-github-go-sql-driver-mysql-dev golang-github-go-stack-stack-dev
  golang-github-golang-mock-dev golang-github-jacobsa-oglematchers-dev
  golang-github-jacobsa-oglemock-dev golang-github-jacobsa-ogletest-dev
  golang-github-jacobsa-reqtrace-dev golang-github-jtolds-gls-dev
  golang-github-julienschmidt-httprouter-dev
  golang-github-opentracing-opentracing-go-dev golang-github-pkg-errors-dev
  golang-github-pmezard-go-difflib-dev
  golang-github-prometheus-client-golang-dev
  golang-github-prometheus-client-model-dev
  golang-github-prometheus-common-dev golang-github-sirupsen-logrus-dev
  golang-github-smartystreets-assertions-dev
  golang-github-smartystreets-goconvey-dev golang-github-stretchr-objx-dev
  golang-github-stretchr-testify-dev golang-glog-dev golang-go
  golang-golang-x-net-dev golang-golang-x-oauth2-dev
  golang-golang-x-oauth2-google-dev golang-golang-x-sync-dev
  golang-golang-x-text-dev golang-golang-x-time-dev golang-golang-x-tools-dev
  golang-google-appengine-dev golang-google-cloud-compute-metadata-dev
  golang-google-genproto-dev golang-google-grpc-dev
  golang-gopkg-alecthomas-kingpin.v2-dev golang-gopkg-check.v1-dev
  golang-gopkg-ini.v1-dev golang-gopkg-yaml.v2-dev golang-goprotobuf-dev
  golang-procfs-dev golang-protobuf-extensions-dev golang-src
  golang-x-text-dev golang-yaml.v2-dev groff-base intltool-debian
  libarchive-zip-perl libcroco3 libfile-stripnondeterminism-perl libglib2.0-0
  libicu57 libmagic-mgc libmagic1 libpipeline1 libprotobuf10 libprotoc10
  libsigsegv2 libtimedate-perl libtool libxml2 m4 man-db po-debconf
  protobuf-compiler
Suggested packages:
  autoconf-archive gnu-standards autoconf-doc wamerican | wordlist whois
  vacation dh-make dwz gettext-doc libasprintf-dev libgettextpo-dev bzr
  ca-certificates git mercurial subversion mockgen groff libtool-doc gfortran
  | fortran95-compiler gcj-jdk m4-doc less www-browser apparmor
  libmail-box-perl
Recommended packages:
  curl | wget | lynx-cur pkg-config libarchive-cpio-perl libglib2.0-data
  shared-mime-info xdg-user-dirs libltdl-dev libmail-sendmail-perl
The following NEW packages will be installed:
  autoconf automake autopoint autotools-dev bsdmainutils debhelper
  dh-autoreconf dh-golang dh-strip-nondeterminism dh-systemd file gettext
  gettext-base golang-1.9-go golang-1.9-src golang-github-alecthomas-units-dev
  golang-github-beorn7-perks-dev golang-github-data-dog-go-sqlmock-dev
  golang-github-davecgh-go-spew-dev golang-github-dgrijalva-jwt-go-v3-dev
  golang-github-go-kit-kit-dev golang-github-go-logfmt-logfmt-dev
  golang-github-go-sql-driver-mysql-dev golang-github-go-stack-stack-dev
  golang-github-golang-mock-dev golang-github-jacobsa-oglematchers-dev
  golang-github-jacobsa-oglemock-dev golang-github-jacobsa-ogletest-dev
  golang-github-jacobsa-reqtrace-dev golang-github-jtolds-gls-dev
  golang-github-julienschmidt-httprouter-dev
  golang-github-opentracing-opentracing-go-dev golang-github-pkg-errors-dev
  golang-github-pmezard-go-difflib-dev
  golang-github-prometheus-client-golang-dev
  golang-github-prometheus-client-model-dev
  golang-github-prometheus-common-dev golang-github-sirupsen-logrus-dev
  golang-github-smartystreets-assertions-dev
  golang-github-smartystreets-goconvey-dev golang-github-stretchr-objx-dev
  golang-github-stretchr-testify-dev golang-glog-dev golang-go
  golang-golang-x-net-dev golang-golang-x-oauth2-dev
  golang-golang-x-oauth2-google-dev golang-golang-x-sync-dev
  golang-golang-x-text-dev golang-golang-x-time-dev golang-golang-x-tools-dev
  golang-google-appengine-dev golang-google-cloud-compute-metadata-dev
  golang-google-genproto-dev golang-google-grpc-dev
  golang-gopkg-alecthomas-kingpin.v2-dev golang-gopkg-check.v1-dev
  golang-gopkg-ini.v1-dev golang-gopkg-yaml.v2-dev golang-goprotobuf-dev
  golang-procfs-dev golang-protobuf-extensions-dev golang-src
  golang-x-text-dev golang-yaml.v2-dev groff-base intltool-debian
  libarchive-zip-perl libcroco3 libfile-stripnondeterminism-perl libglib2.0-0
  libicu57 libmagic-mgc libmagic1 libpipeline1 libprotobuf10 libprotoc10
  libsigsegv2 libtimedate-perl libtool libxml2 m4 man-db po-debconf
  protobuf-compiler sbuild-build-depends-prometheus-mysqld-exporter-dummy
0 upgraded, 86 newly installed, 0 to remove and 0 not upgraded.
Need to get 62.3 MB of archives.
After this operation, 302 MB of additional disk space will be used.
Get:1 copy:/<<BUILDDIR>>/resolver-qNUL4A/apt_archive ./ sbuild-build-depends-prometheus-mysqld-exporter-dummy 0.invalid.0 [1028 B]
Get:2 http://127.0.0.1:9999/debian unstable/main amd64 groff-base amd64 1.22.3-9 [1160 kB]
Get:3 http://127.0.0.1:9999/debian unstable/main amd64 bsdmainutils amd64 11.1.2 [190 kB]
Get:4 http://127.0.0.1:9999/debian unstable/main amd64 libpipeline1 amd64 1.5.0-1 [29.0 kB]
Get:5 http://127.0.0.1:9999/debian unstable/main amd64 man-db amd64 2.8.0-2 [1170 kB]
Get:6 http://127.0.0.1:9999/debian unstable/main amd64 golang-github-davecgh-go-spew-dev all 1.1.0-4 [29.7 kB]
Get:7 http://127.0.0.1:9999/debian unstable/main amd64 golang-github-pmezard-go-difflib-dev all 1.0.0-1 [11.8 kB]
Get:8 http://127.0.0.1:9999/debian unstable/main amd64 golang-github-stretchr-objx-dev all 0.0~git20150928.0.1a9d0bb-3 [20.8 kB]
Get:9 http://127.0.0.1:9999/debian unstable/main amd64 golang-github-stretchr-testify-dev all 1.1.4+git20171018.2aa2c17-1 [42.9 kB]
Get:10 http://127.0.0.1:9999/debian unstable/main amd64 golang-github-sirupsen-logrus-dev all 1.0.2-2 [31.4 kB]
Get:11 http://127.0.0.1:9999/debian unstable/main amd64 libmagic-mgc amd64 1:5.32-1 [225 kB]
Get:12 http://127.0.0.1:9999/debian unstable/main amd64 libmagic1 amd64 1:5.32-1 [111 kB]
Get:13 http://127.0.0.1:9999/debian unstable/main amd64 file amd64 1:5.32-1 [64.4 kB]
Get:14 http://127.0.0.1:9999/debian unstable/main amd64 gettext-base amd64 0.19.8.1-4 [122 kB]
Get:15 http://127.0.0.1:9999/debian unstable/main amd64 libsigsegv2 amd64 2.12-1 [32.7 kB]
Get:16 http://127.0.0.1:9999/debian unstable/main amd64 m4 amd64 1.4.18-1 [202 kB]
Get:17 http://127.0.0.1:9999/debian unstable/main amd64 autoconf all 2.69-11 [341 kB]
Get:18 http://127.0.0.1:9999/debian unstable/main amd64 autotools-dev all 20171216.1 [75.9 kB]
Get:19 http://127.0.0.1:9999/debian unstable/main amd64 automake all 1:1.15.1-3 [736 kB]
Get:20 http://127.0.0.1:9999/debian unstable/main amd64 autopoint all 0.19.8.1-4 [434 kB]
Get:21 http://127.0.0.1:9999/debian unstable/main amd64 libtool all 2.4.6-2 [545 kB]
Get:22 http://127.0.0.1:9999/debian unstable/main amd64 dh-autoreconf all 16 [16.3 kB]
Get:23 http://127.0.0.1:9999/debian unstable/main amd64 libarchive-zip-perl all 1.60-1 [95.6 kB]
Get:24 http://127.0.0.1:9999/debian unstable/main amd64 libfile-stripnondeterminism-perl all 0.040-1 [18.4 kB]
Get:25 http://127.0.0.1:9999/debian unstable/main amd64 libtimedate-perl all 2.3000-2 [42.2 kB]
Get:26 http://127.0.0.1:9999/debian unstable/main amd64 dh-strip-nondeterminism all 0.040-1 [11.8 kB]
Get:27 http://127.0.0.1:9999/debian unstable/main amd64 libglib2.0-0 amd64 2.54.3-2 [2822 kB]
Get:28 http://127.0.0.1:9999/debian unstable/main amd64 libicu57 amd64 57.1-8 [7699 kB]
Get:29 http://127.0.0.1:9999/debian unstable/main amd64 libxml2 amd64 2.9.4+dfsg1-6.1 [725 kB]
Get:30 http://127.0.0.1:9999/debian unstable/main amd64 libcroco3 amd64 0.6.12-2 [144 kB]
Get:31 http://127.0.0.1:9999/debian unstable/main amd64 gettext amd64 0.19.8.1-4 [1302 kB]
Get:32 http://127.0.0.1:9999/debian unstable/main amd64 intltool-debian all 0.35.0+20060710.4 [26.3 kB]
Get:33 http://127.0.0.1:9999/debian unstable/main amd64 po-debconf all 1.0.20 [247 kB]
Get:34 http://127.0.0.1:9999/debian unstable/main amd64 debhelper all 11.1.4 [1005 kB]
Get:35 http://127.0.0.1:9999/debian unstable/main amd64 dh-golang all 1.30 [18.0 kB]
Get:36 http://127.0.0.1:9999/debian unstable/main amd64 dh-systemd all 11.1.4 [114 kB]
Get:37 http://127.0.0.1:9999/debian unstable/main amd64 golang-1.9-src amd64 1.9.3-1 [9160 kB]
Get:38 http://127.0.0.1:9999/debian unstable/main amd64 golang-1.9-go amd64 1.9.3-1 [24.8 MB]
Get:39 http://127.0.0.1:9999/debian unstable/main amd64 golang-github-alecthomas-units-dev all 0.0~git20151022.0.2efee85-3 [5520 B]
Get:40 http://127.0.0.1:9999/debian unstable/main amd64 golang-github-beorn7-perks-dev all 0.0~git20160804.0.4c0e845-1 [11.6 kB]
Get:41 http://127.0.0.1:9999/debian unstable/main amd64 golang-github-data-dog-go-sqlmock-dev all 1.0.0-1 [15.7 kB]
Get:42 http://127.0.0.1:9999/debian unstable/main amd64 golang-github-dgrijalva-jwt-go-v3-dev all 3.0.0+v3-1 [29.1 kB]
Get:43 http://127.0.0.1:9999/debian unstable/main amd64 golang-github-go-logfmt-logfmt-dev all 0.3.0-1 [12.5 kB]
Get:44 http://127.0.0.1:9999/debian unstable/main amd64 golang-github-go-stack-stack-dev all 1.5.2-2 [6956 B]
Get:45 http://127.0.0.1:9999/debian unstable/main amd64 golang-golang-x-tools-dev all 1:0.0~git20170707.0.bce9606b+ds-1 [940 kB]
Get:46 http://127.0.0.1:9999/debian unstable/main amd64 golang-golang-x-text-dev all 0.0~git20170627.0.6353ef0-1 [2519 kB]
Get:47 http://127.0.0.1:9999/debian unstable/main amd64 golang-x-text-dev all 0.0~git20170627.0.6353ef0-1 [3094 B]
Get:48 http://127.0.0.1:9999/debian unstable/main amd64 golang-golang-x-net-dev all 1:0.0+git20170629.c81e7f2+dfsg-2 [604 kB]
Get:49 http://127.0.0.1:9999/debian unstable/main amd64 golang-github-opentracing-opentracing-go-dev all 1.0.2-1 [21.8 kB]
Get:50 http://127.0.0.1:9999/debian unstable/main amd64 golang-golang-x-time-dev all 0.0~git20161028.0.f51c127-2 [9396 B]
Get:51 http://127.0.0.1:9999/debian unstable/main amd64 golang-github-golang-mock-dev all 1.0.0-1 [24.1 kB]
Get:52 http://127.0.0.1:9999/debian unstable/main amd64 golang-glog-dev all 0.0~git20160126.23def4e-1 [17.0 kB]
Get:53 http://127.0.0.1:9999/debian unstable/main amd64 golang-golang-x-oauth2-dev all 0.0~git20170901.d89af98-1 [27.5 kB]
Get:54 http://127.0.0.1:9999/debian unstable/main amd64 libprotobuf10 amd64 3.0.0-9.1 [687 kB]
Get:55 http://127.0.0.1:9999/debian unstable/main amd64 libprotoc10 amd64 3.0.0-9.1 [600 kB]
Get:56 http://127.0.0.1:9999/debian unstable/main amd64 protobuf-compiler amd64 3.0.0-9.1 [53.0 kB]
Get:57 http://127.0.0.1:9999/debian unstable/main amd64 golang-golang-x-sync-dev all 0.0~git20171101.fd80eb9-1 [16.3 kB]
Get:58 http://127.0.0.1:9999/debian unstable/main amd64 golang-goprotobuf-dev amd64 0.0~git20170808.0.1909bc2-1 [923 kB]
Get:59 http://127.0.0.1:9999/debian unstable/main amd64 golang-google-appengine-dev all 1.0.0-3 [182 kB]
Get:60 http://127.0.0.1:9999/debian unstable/main amd64 golang-google-cloud-compute-metadata-dev all 0.9.0-3 [16.6 kB]
Get:61 http://127.0.0.1:9999/debian unstable/main amd64 golang-golang-x-oauth2-google-dev all 0.0~git20170901.d89af98-1 [11.6 kB]
Get:62 http://127.0.0.1:9999/debian unstable/main amd64 golang-google-genproto-dev all 0.0~git20171123.7f0da29-1 [806 kB]
Get:63 http://127.0.0.1:9999/debian unstable/main amd64 golang-google-grpc-dev all 1.6.0-3 [222 kB]
Get:64 http://127.0.0.1:9999/debian unstable/main amd64 golang-github-go-kit-kit-dev all 0.6.0-2 [103 kB]
Get:65 http://127.0.0.1:9999/debian unstable/main amd64 golang-github-go-sql-driver-mysql-dev all 1.3-1 [48.5 kB]
Get:66 http://127.0.0.1:9999/debian unstable/main amd64 golang-github-jacobsa-oglematchers-dev all 0.0~git20150320-2 [30.0 kB]
Get:67 http://127.0.0.1:9999/debian unstable/main amd64 golang-github-jacobsa-oglemock-dev all 0.0~git20150428-4 [25.0 kB]
Get:68 http://127.0.0.1:9999/debian unstable/main amd64 golang-github-jacobsa-reqtrace-dev all 0.0~git20150505-5 [5212 B]
Get:69 http://127.0.0.1:9999/debian unstable/main amd64 golang-github-jacobsa-ogletest-dev all 0.0~git20150610-7 [21.5 kB]
Get:70 http://127.0.0.1:9999/debian unstable/main amd64 golang-src amd64 2:1.9~2 [3900 B]
Get:71 http://127.0.0.1:9999/debian unstable/main amd64 golang-go amd64 2:1.9~2 [23.0 kB]
Get:72 http://127.0.0.1:9999/debian unstable/main amd64 golang-github-jtolds-gls-dev all 4.2.1-4 [7336 B]
Get:73 http://127.0.0.1:9999/debian unstable/main amd64 golang-github-julienschmidt-httprouter-dev all 1.1-2 [15.7 kB]
Get:74 http://127.0.0.1:9999/debian unstable/main amd64 golang-github-pkg-errors-dev all 0.8.0+git20170505.5.c605e28-1 [11.3 kB]
Get:75 http://127.0.0.1:9999/debian unstable/main amd64 golang-github-prometheus-client-model-dev all 0.0.2+git20150212.12.fa8ad6f-2 [11.5 kB]
Get:76 http://127.0.0.1:9999/debian unstable/main amd64 golang-gopkg-alecthomas-kingpin.v2-dev all 2.2.3-2 [41.5 kB]
Get:77 http://127.0.0.1:9999/debian unstable/main amd64 golang-protobuf-extensions-dev all 1.0.0-2 [7914 B]
Get:78 http://127.0.0.1:9999/debian unstable/main amd64 golang-gopkg-check.v1-dev all 0.0+git20161208.0.20d25e2-5 [30.3 kB]
Get:79 http://127.0.0.1:9999/debian unstable/main amd64 golang-gopkg-yaml.v2-dev all 0.0+git20170407.0.cd8b52f-1 [52.7 kB]
Get:80 http://127.0.0.1:9999/debian unstable/main amd64 golang-yaml.v2-dev all 0.0+git20170407.0.cd8b52f-1 [3282 B]
Get:81 http://127.0.0.1:9999/debian unstable/main amd64 golang-github-prometheus-common-dev all 0+git20180110.89604d1-1 [52.7 kB]
Get:82 http://127.0.0.1:9999/debian unstable/main amd64 golang-procfs-dev all 0+git20170703.e645f4e-1 [36.6 kB]
Get:83 http://127.0.0.1:9999/debian unstable/main amd64 golang-github-prometheus-client-golang-dev all 0.8.0-2 [61.9 kB]
Get:84 http://127.0.0.1:9999/debian unstable/main amd64 golang-github-smartystreets-assertions-dev all 1.6.0+dfsg-1 [24.2 kB]
Get:85 http://127.0.0.1:9999/debian unstable/main amd64 golang-github-smartystreets-goconvey-dev all 1.6.1-2 [48.8 kB]
Get:86 http://127.0.0.1:9999/debian unstable/main amd64 golang-gopkg-ini.v1-dev all 1.32.0-1 [39.8 kB]
debconf: delaying package configuration, since apt-utils is not installed
Fetched 62.3 MB in 1s (76.1 MB/s)
Selecting previously unselected package groff-base.
(Reading database ... 10722 files and directories currently installed.)
Preparing to unpack .../00-groff-base_1.22.3-9_amd64.deb ...
Unpacking groff-base (1.22.3-9) ...
Selecting previously unselected package bsdmainutils.
Preparing to unpack .../01-bsdmainutils_11.1.2_amd64.deb ...
Unpacking bsdmainutils (11.1.2) ...
Selecting previously unselected package libpipeline1:amd64.
Preparing to unpack .../02-libpipeline1_1.5.0-1_amd64.deb ...
Unpacking libpipeline1:amd64 (1.5.0-1) ...
Selecting previously unselected package man-db.
Preparing to unpack .../03-man-db_2.8.0-2_amd64.deb ...
Unpacking man-db (2.8.0-2) ...
Selecting previously unselected package golang-github-davecgh-go-spew-dev.
Preparing to unpack .../04-golang-github-davecgh-go-spew-dev_1.1.0-4_all.deb ...
Unpacking golang-github-davecgh-go-spew-dev (1.1.0-4) ...
Selecting previously unselected package golang-github-pmezard-go-difflib-dev.
Preparing to unpack .../05-golang-github-pmezard-go-difflib-dev_1.0.0-1_all.deb ...
Unpacking golang-github-pmezard-go-difflib-dev (1.0.0-1) ...
Selecting previously unselected package golang-github-stretchr-objx-dev.
Preparing to unpack .../06-golang-github-stretchr-objx-dev_0.0~git20150928.0.1a9d0bb-3_all.deb ...
Unpacking golang-github-stretchr-objx-dev (0.0~git20150928.0.1a9d0bb-3) ...
Selecting previously unselected package golang-github-stretchr-testify-dev.
Preparing to unpack .../07-golang-github-stretchr-testify-dev_1.1.4+git20171018.2aa2c17-1_all.deb ...
Unpacking golang-github-stretchr-testify-dev (1.1.4+git20171018.2aa2c17-1) ...
Selecting previously unselected package golang-github-sirupsen-logrus-dev.
Preparing to unpack .../08-golang-github-sirupsen-logrus-dev_1.0.2-2_all.deb ...
Unpacking golang-github-sirupsen-logrus-dev (1.0.2-2) ...
Selecting previously unselected package libmagic-mgc.
Preparing to unpack .../09-libmagic-mgc_1%3a5.32-1_amd64.deb ...
Unpacking libmagic-mgc (1:5.32-1) ...
Selecting previously unselected package libmagic1:amd64.
Preparing to unpack .../10-libmagic1_1%3a5.32-1_amd64.deb ...
Unpacking libmagic1:amd64 (1:5.32-1) ...
Selecting previously unselected package file.
Preparing to unpack .../11-file_1%3a5.32-1_amd64.deb ...
Unpacking file (1:5.32-1) ...
Selecting previously unselected package gettext-base.
Preparing to unpack .../12-gettext-base_0.19.8.1-4_amd64.deb ...
Unpacking gettext-base (0.19.8.1-4) ...
Selecting previously unselected package libsigsegv2:amd64.
Preparing to unpack .../13-libsigsegv2_2.12-1_amd64.deb ...
Unpacking libsigsegv2:amd64 (2.12-1) ...
Selecting previously unselected package m4.
Preparing to unpack .../14-m4_1.4.18-1_amd64.deb ...
Unpacking m4 (1.4.18-1) ...
Selecting previously unselected package autoconf.
Preparing to unpack .../15-autoconf_2.69-11_all.deb ...
Unpacking autoconf (2.69-11) ...
Selecting previously unselected package autotools-dev.
Preparing to unpack .../16-autotools-dev_20171216.1_all.deb ...
Unpacking autotools-dev (20171216.1) ...
Selecting previously unselected package automake.
Preparing to unpack .../17-automake_1%3a1.15.1-3_all.deb ...
Unpacking automake (1:1.15.1-3) ...
Selecting previously unselected package autopoint.
Preparing to unpack .../18-autopoint_0.19.8.1-4_all.deb ...
Unpacking autopoint (0.19.8.1-4) ...
Selecting previously unselected package libtool.
Preparing to unpack .../19-libtool_2.4.6-2_all.deb ...
Unpacking libtool (2.4.6-2) ...
Selecting previously unselected package dh-autoreconf.
Preparing to unpack .../20-dh-autoreconf_16_all.deb ...
Unpacking dh-autoreconf (16) ...
Selecting previously unselected package libarchive-zip-perl.
Preparing to unpack .../21-libarchive-zip-perl_1.60-1_all.deb ...
Unpacking libarchive-zip-perl (1.60-1) ...
Selecting previously unselected package libfile-stripnondeterminism-perl.
Preparing to unpack .../22-libfile-stripnondeterminism-perl_0.040-1_all.deb ...
Unpacking libfile-stripnondeterminism-perl (0.040-1) ...
Selecting previously unselected package libtimedate-perl.
Preparing to unpack .../23-libtimedate-perl_2.3000-2_all.deb ...
Unpacking libtimedate-perl (2.3000-2) ...
Selecting previously unselected package dh-strip-nondeterminism.
Preparing to unpack .../24-dh-strip-nondeterminism_0.040-1_all.deb ...
Unpacking dh-strip-nondeterminism (0.040-1) ...
Selecting previously unselected package libglib2.0-0:amd64.
Preparing to unpack .../25-libglib2.0-0_2.54.3-2_amd64.deb ...
Unpacking libglib2.0-0:amd64 (2.54.3-2) ...
Selecting previously unselected package libicu57:amd64.
Preparing to unpack .../26-libicu57_57.1-8_amd64.deb ...
Unpacking libicu57:amd64 (57.1-8) ...
Selecting previously unselected package libxml2:amd64.
Preparing to unpack .../27-libxml2_2.9.4+dfsg1-6.1_amd64.deb ...
Unpacking libxml2:amd64 (2.9.4+dfsg1-6.1) ...
Selecting previously unselected package libcroco3:amd64.
Preparing to unpack .../28-libcroco3_0.6.12-2_amd64.deb ...
Unpacking libcroco3:amd64 (0.6.12-2) ...
Selecting previously unselected package gettext.
Preparing to unpack .../29-gettext_0.19.8.1-4_amd64.deb ...
Unpacking gettext (0.19.8.1-4) ...
Selecting previously unselected package intltool-debian.
Preparing to unpack .../30-intltool-debian_0.35.0+20060710.4_all.deb ...
Unpacking intltool-debian (0.35.0+20060710.4) ...
Selecting previously unselected package po-debconf.
Preparing to unpack .../31-po-debconf_1.0.20_all.deb ...
Unpacking po-debconf (1.0.20) ...
Selecting previously unselected package debhelper.
Preparing to unpack .../32-debhelper_11.1.4_all.deb ...
Unpacking debhelper (11.1.4) ...
Selecting previously unselected package dh-golang.
Preparing to unpack .../33-dh-golang_1.30_all.deb ...
Unpacking dh-golang (1.30) ...
Selecting previously unselected package dh-systemd.
Preparing to unpack .../34-dh-systemd_11.1.4_all.deb ...
Unpacking dh-systemd (11.1.4) ...
Selecting previously unselected package golang-1.9-src.
Preparing to unpack .../35-golang-1.9-src_1.9.3-1_amd64.deb ...
Unpacking golang-1.9-src (1.9.3-1) ...
Selecting previously unselected package golang-1.9-go.
Preparing to unpack .../36-golang-1.9-go_1.9.3-1_amd64.deb ...
Unpacking golang-1.9-go (1.9.3-1) ...
Selecting previously unselected package golang-github-alecthomas-units-dev.
Preparing to unpack .../37-golang-github-alecthomas-units-dev_0.0~git20151022.0.2efee85-3_all.deb ...
Unpacking golang-github-alecthomas-units-dev (0.0~git20151022.0.2efee85-3) ...
Selecting previously unselected package golang-github-beorn7-perks-dev.
Preparing to unpack .../38-golang-github-beorn7-perks-dev_0.0~git20160804.0.4c0e845-1_all.deb ...
Unpacking golang-github-beorn7-perks-dev (0.0~git20160804.0.4c0e845-1) ...
Selecting previously unselected package golang-github-data-dog-go-sqlmock-dev.
Preparing to unpack .../39-golang-github-data-dog-go-sqlmock-dev_1.0.0-1_all.deb ...
Unpacking golang-github-data-dog-go-sqlmock-dev (1.0.0-1) ...
Selecting previously unselected package golang-github-dgrijalva-jwt-go-v3-dev.
Preparing to unpack .../40-golang-github-dgrijalva-jwt-go-v3-dev_3.0.0+v3-1_all.deb ...
Unpacking golang-github-dgrijalva-jwt-go-v3-dev (3.0.0+v3-1) ...
Selecting previously unselected package golang-github-go-logfmt-logfmt-dev.
Preparing to unpack .../41-golang-github-go-logfmt-logfmt-dev_0.3.0-1_all.deb ...
Unpacking golang-github-go-logfmt-logfmt-dev (0.3.0-1) ...
Selecting previously unselected package golang-github-go-stack-stack-dev.
Preparing to unpack .../42-golang-github-go-stack-stack-dev_1.5.2-2_all.deb ...
Unpacking golang-github-go-stack-stack-dev (1.5.2-2) ...
Selecting previously unselected package golang-golang-x-tools-dev.
Preparing to unpack .../43-golang-golang-x-tools-dev_1%3a0.0~git20170707.0.bce9606b+ds-1_all.deb ...
Unpacking golang-golang-x-tools-dev (1:0.0~git20170707.0.bce9606b+ds-1) ...
Selecting previously unselected package golang-golang-x-text-dev.
Preparing to unpack .../44-golang-golang-x-text-dev_0.0~git20170627.0.6353ef0-1_all.deb ...
Unpacking golang-golang-x-text-dev (0.0~git20170627.0.6353ef0-1) ...
Selecting previously unselected package golang-x-text-dev.
Preparing to unpack .../45-golang-x-text-dev_0.0~git20170627.0.6353ef0-1_all.deb ...
Unpacking golang-x-text-dev (0.0~git20170627.0.6353ef0-1) ...
Selecting previously unselected package golang-golang-x-net-dev.
Preparing to unpack .../46-golang-golang-x-net-dev_1%3a0.0+git20170629.c81e7f2+dfsg-2_all.deb ...
Unpacking golang-golang-x-net-dev (1:0.0+git20170629.c81e7f2+dfsg-2) ...
Selecting previously unselected package golang-github-opentracing-opentracing-go-dev.
Preparing to unpack .../47-golang-github-opentracing-opentracing-go-dev_1.0.2-1_all.deb ...
Unpacking golang-github-opentracing-opentracing-go-dev (1.0.2-1) ...
Selecting previously unselected package golang-golang-x-time-dev.
Preparing to unpack .../48-golang-golang-x-time-dev_0.0~git20161028.0.f51c127-2_all.deb ...
Unpacking golang-golang-x-time-dev (0.0~git20161028.0.f51c127-2) ...
Selecting previously unselected package golang-github-golang-mock-dev.
Preparing to unpack .../49-golang-github-golang-mock-dev_1.0.0-1_all.deb ...
Unpacking golang-github-golang-mock-dev (1.0.0-1) ...
Selecting previously unselected package golang-glog-dev.
Preparing to unpack .../50-golang-glog-dev_0.0~git20160126.23def4e-1_all.deb ...
Unpacking golang-glog-dev (0.0~git20160126.23def4e-1) ...
Selecting previously unselected package golang-golang-x-oauth2-dev.
Preparing to unpack .../51-golang-golang-x-oauth2-dev_0.0~git20170901.d89af98-1_all.deb ...
Unpacking golang-golang-x-oauth2-dev (0.0~git20170901.d89af98-1) ...
Selecting previously unselected package libprotobuf10:amd64.
Preparing to unpack .../52-libprotobuf10_3.0.0-9.1_amd64.deb ...
Unpacking libprotobuf10:amd64 (3.0.0-9.1) ...
Selecting previously unselected package libprotoc10:amd64.
Preparing to unpack .../53-libprotoc10_3.0.0-9.1_amd64.deb ...
Unpacking libprotoc10:amd64 (3.0.0-9.1) ...
Selecting previously unselected package protobuf-compiler.
Preparing to unpack .../54-protobuf-compiler_3.0.0-9.1_amd64.deb ...
Unpacking protobuf-compiler (3.0.0-9.1) ...
Selecting previously unselected package golang-golang-x-sync-dev.
Preparing to unpack .../55-golang-golang-x-sync-dev_0.0~git20171101.fd80eb9-1_all.deb ...
Unpacking golang-golang-x-sync-dev (0.0~git20171101.fd80eb9-1) ...
Selecting previously unselected package golang-goprotobuf-dev.
Preparing to unpack .../56-golang-goprotobuf-dev_0.0~git20170808.0.1909bc2-1_amd64.deb ...
Unpacking golang-goprotobuf-dev (0.0~git20170808.0.1909bc2-1) ...
Selecting previously unselected package golang-google-appengine-dev.
Preparing to unpack .../57-golang-google-appengine-dev_1.0.0-3_all.deb ...
Unpacking golang-google-appengine-dev (1.0.0-3) ...
Selecting previously unselected package golang-google-cloud-compute-metadata-dev.
Preparing to unpack .../58-golang-google-cloud-compute-metadata-dev_0.9.0-3_all.deb ...
Unpacking golang-google-cloud-compute-metadata-dev (0.9.0-3) ...
Selecting previously unselected package golang-golang-x-oauth2-google-dev.
Preparing to unpack .../59-golang-golang-x-oauth2-google-dev_0.0~git20170901.d89af98-1_all.deb ...
Unpacking golang-golang-x-oauth2-google-dev (0.0~git20170901.d89af98-1) ...
Selecting previously unselected package golang-google-genproto-dev.
Preparing to unpack .../60-golang-google-genproto-dev_0.0~git20171123.7f0da29-1_all.deb ...
Unpacking golang-google-genproto-dev (0.0~git20171123.7f0da29-1) ...
Selecting previously unselected package golang-google-grpc-dev.
Preparing to unpack .../61-golang-google-grpc-dev_1.6.0-3_all.deb ...
Unpacking golang-google-grpc-dev (1.6.0-3) ...
Selecting previously unselected package golang-github-go-kit-kit-dev.
Preparing to unpack .../62-golang-github-go-kit-kit-dev_0.6.0-2_all.deb ...
Unpacking golang-github-go-kit-kit-dev (0.6.0-2) ...
Selecting previously unselected package golang-github-go-sql-driver-mysql-dev.
Preparing to unpack .../63-golang-github-go-sql-driver-mysql-dev_1.3-1_all.deb ...
Unpacking golang-github-go-sql-driver-mysql-dev (1.3-1) ...
Selecting previously unselected package golang-github-jacobsa-oglematchers-dev.
Preparing to unpack .../64-golang-github-jacobsa-oglematchers-dev_0.0~git20150320-2_all.deb ...
Unpacking golang-github-jacobsa-oglematchers-dev (0.0~git20150320-2) ...
Selecting previously unselected package golang-github-jacobsa-oglemock-dev.
Preparing to unpack .../65-golang-github-jacobsa-oglemock-dev_0.0~git20150428-4_all.deb ...
Unpacking golang-github-jacobsa-oglemock-dev (0.0~git20150428-4) ...
Selecting previously unselected package golang-github-jacobsa-reqtrace-dev.
Preparing to unpack .../66-golang-github-jacobsa-reqtrace-dev_0.0~git20150505-5_all.deb ...
Unpacking golang-github-jacobsa-reqtrace-dev (0.0~git20150505-5) ...
Selecting previously unselected package golang-github-jacobsa-ogletest-dev.
Preparing to unpack .../67-golang-github-jacobsa-ogletest-dev_0.0~git20150610-7_all.deb ...
Unpacking golang-github-jacobsa-ogletest-dev (0.0~git20150610-7) ...
Selecting previously unselected package golang-src.
Preparing to unpack .../68-golang-src_2%3a1.9~2_amd64.deb ...
Unpacking golang-src (2:1.9~2) ...
Selecting previously unselected package golang-go.
Preparing to unpack .../69-golang-go_2%3a1.9~2_amd64.deb ...
Unpacking golang-go (2:1.9~2) ...
Selecting previously unselected package golang-github-jtolds-gls-dev.
Preparing to unpack .../70-golang-github-jtolds-gls-dev_4.2.1-4_all.deb ...
Unpacking golang-github-jtolds-gls-dev (4.2.1-4) ...
Selecting previously unselected package golang-github-julienschmidt-httprouter-dev.
Preparing to unpack .../71-golang-github-julienschmidt-httprouter-dev_1.1-2_all.deb ...
Unpacking golang-github-julienschmidt-httprouter-dev (1.1-2) ...
Selecting previously unselected package golang-github-pkg-errors-dev.
Preparing to unpack .../72-golang-github-pkg-errors-dev_0.8.0+git20170505.5.c605e28-1_all.deb ...
Unpacking golang-github-pkg-errors-dev (0.8.0+git20170505.5.c605e28-1) ...
Selecting previously unselected package golang-github-prometheus-client-model-dev.
Preparing to unpack .../73-golang-github-prometheus-client-model-dev_0.0.2+git20150212.12.fa8ad6f-2_all.deb ...
Unpacking golang-github-prometheus-client-model-dev (0.0.2+git20150212.12.fa8ad6f-2) ...
Selecting previously unselected package golang-gopkg-alecthomas-kingpin.v2-dev.
Preparing to unpack .../74-golang-gopkg-alecthomas-kingpin.v2-dev_2.2.3-2_all.deb ...
Unpacking golang-gopkg-alecthomas-kingpin.v2-dev (2.2.3-2) ...
Selecting previously unselected package golang-protobuf-extensions-dev.
Preparing to unpack .../75-golang-protobuf-extensions-dev_1.0.0-2_all.deb ...
Unpacking golang-protobuf-extensions-dev (1.0.0-2) ...
Selecting previously unselected package golang-gopkg-check.v1-dev.
Preparing to unpack .../76-golang-gopkg-check.v1-dev_0.0+git20161208.0.20d25e2-5_all.deb ...
Unpacking golang-gopkg-check.v1-dev (0.0+git20161208.0.20d25e2-5) ...
Selecting previously unselected package golang-gopkg-yaml.v2-dev.
Preparing to unpack .../77-golang-gopkg-yaml.v2-dev_0.0+git20170407.0.cd8b52f-1_all.deb ...
Unpacking golang-gopkg-yaml.v2-dev (0.0+git20170407.0.cd8b52f-1) ...
Selecting previously unselected package golang-yaml.v2-dev.
Preparing to unpack .../78-golang-yaml.v2-dev_0.0+git20170407.0.cd8b52f-1_all.deb ...
Unpacking golang-yaml.v2-dev (0.0+git20170407.0.cd8b52f-1) ...
Selecting previously unselected package golang-github-prometheus-common-dev.
Preparing to unpack .../79-golang-github-prometheus-common-dev_0+git20180110.89604d1-1_all.deb ...
Unpacking golang-github-prometheus-common-dev (0+git20180110.89604d1-1) ...
Selecting previously unselected package golang-procfs-dev.
Preparing to unpack .../80-golang-procfs-dev_0+git20170703.e645f4e-1_all.deb ...
Unpacking golang-procfs-dev (0+git20170703.e645f4e-1) ...
Selecting previously unselected package golang-github-prometheus-client-golang-dev.
Preparing to unpack .../81-golang-github-prometheus-client-golang-dev_0.8.0-2_all.deb ...
Unpacking golang-github-prometheus-client-golang-dev (0.8.0-2) ...
Selecting previously unselected package golang-github-smartystreets-assertions-dev.
Preparing to unpack .../82-golang-github-smartystreets-assertions-dev_1.6.0+dfsg-1_all.deb ...
Unpacking golang-github-smartystreets-assertions-dev (1.6.0+dfsg-1) ...
Selecting previously unselected package golang-github-smartystreets-goconvey-dev.
Preparing to unpack .../83-golang-github-smartystreets-goconvey-dev_1.6.1-2_all.deb ...
Unpacking golang-github-smartystreets-goconvey-dev (1.6.1-2) ...
Selecting previously unselected package golang-gopkg-ini.v1-dev.
Preparing to unpack .../84-golang-gopkg-ini.v1-dev_1.32.0-1_all.deb ...
Unpacking golang-gopkg-ini.v1-dev (1.32.0-1) ...
Selecting previously unselected package sbuild-build-depends-prometheus-mysqld-exporter-dummy.
Preparing to unpack .../85-sbuild-build-depends-prometheus-mysqld-exporter-dummy_0.invalid.0_amd64.deb ...
Unpacking sbuild-build-depends-prometheus-mysqld-exporter-dummy (0.invalid.0) ...
Setting up golang-github-pmezard-go-difflib-dev (1.0.0-1) ...
Setting up golang-github-data-dog-go-sqlmock-dev (1.0.0-1) ...
Setting up libarchive-zip-perl (1.60-1) ...
Setting up golang-github-dgrijalva-jwt-go-v3-dev (3.0.0+v3-1) ...
Setting up golang-github-go-sql-driver-mysql-dev (1.3-1) ...
Setting up libtimedate-perl (2.3000-2) ...
Setting up libsigsegv2:amd64 (2.12-1) ...
Setting up golang-glog-dev (0.0~git20160126.23def4e-1) ...
Setting up groff-base (1.22.3-9) ...
Setting up libglib2.0-0:amd64 (2.54.3-2) ...
No schema files found: doing nothing.
Setting up golang-gopkg-check.v1-dev (0.0+git20161208.0.20d25e2-5) ...
Setting up gettext-base (0.19.8.1-4) ...
Setting up golang-github-go-stack-stack-dev (1.5.2-2) ...
Setting up libpipeline1:amd64 (1.5.0-1) ...
Setting up m4 (1.4.18-1) ...
Setting up libicu57:amd64 (57.1-8) ...
Setting up libxml2:amd64 (2.9.4+dfsg1-6.1) ...
Setting up golang-github-stretchr-objx-dev (0.0~git20150928.0.1a9d0bb-3) ...
Setting up golang-github-jacobsa-oglematchers-dev (0.0~git20150320-2) ...
Setting up libmagic-mgc (1:5.32-1) ...
Setting up libmagic1:amd64 (1:5.32-1) ...
Setting up libcroco3:amd64 (0.6.12-2) ...
Setting up libprotobuf10:amd64 (3.0.0-9.1) ...
Setting up golang-github-jacobsa-oglemock-dev (0.0~git20150428-4) ...
Setting up golang-gopkg-yaml.v2-dev (0.0+git20170407.0.cd8b52f-1) ...
Setting up golang-github-golang-mock-dev (1.0.0-1) ...
Processing triggers for libc-bin (2.26-6) ...
Setting up autotools-dev (20171216.1) ...
Setting up golang-github-davecgh-go-spew-dev (1.1.0-4) ...
Setting up golang-golang-x-tools-dev (1:0.0~git20170707.0.bce9606b+ds-1) ...
Setting up golang-1.9-src (1.9.3-1) ...
Setting up golang-github-stretchr-testify-dev (1.1.4+git20171018.2aa2c17-1) ...
Setting up golang-github-go-logfmt-logfmt-dev (0.3.0-1) ...
Setting up golang-github-julienschmidt-httprouter-dev (1.1-2) ...
Setting up golang-github-pkg-errors-dev (0.8.0+git20170505.5.c605e28-1) ...
Setting up golang-procfs-dev (0+git20170703.e645f4e-1) ...
Setting up bsdmainutils (11.1.2) ...
update-alternatives: using /usr/bin/bsd-write to provide /usr/bin/write (write) in auto mode
update-alternatives: using /usr/bin/bsd-from to provide /usr/bin/from (from) in auto mode
Setting up golang-yaml.v2-dev (0.0+git20170407.0.cd8b52f-1) ...
Setting up libprotoc10:amd64 (3.0.0-9.1) ...
Setting up golang-github-beorn7-perks-dev (0.0~git20160804.0.4c0e845-1) ...
Setting up autopoint (0.19.8.1-4) ...
Setting up libfile-stripnondeterminism-perl (0.040-1) ...
Setting up golang-golang-x-text-dev (0.0~git20170627.0.6353ef0-1) ...
Setting up golang-x-text-dev (0.0~git20170627.0.6353ef0-1) ...
Setting up protobuf-compiler (3.0.0-9.1) ...
Setting up gettext (0.19.8.1-4) ...
Setting up golang-src (2:1.9~2) ...
Setting up golang-github-alecthomas-units-dev (0.0~git20151022.0.2efee85-3) ...
Setting up golang-github-sirupsen-logrus-dev (1.0.2-2) ...
Setting up golang-1.9-go (1.9.3-1) ...
Setting up autoconf (2.69-11) ...
Setting up golang-go (2:1.9~2) ...
Setting up file (1:5.32-1) ...
Setting up golang-golang-x-net-dev (1:0.0+git20170629.c81e7f2+dfsg-2) ...
Setting up golang-golang-x-oauth2-dev (0.0~git20170901.d89af98-1) ...
Setting up intltool-debian (0.35.0+20060710.4) ...
Setting up golang-github-opentracing-opentracing-go-dev (1.0.2-1) ...
Setting up golang-gopkg-alecthomas-kingpin.v2-dev (2.2.3-2) ...
Setting up automake (1:1.15.1-3) ...
update-alternatives: using /usr/bin/automake-1.15 to provide /usr/bin/automake (automake) in auto mode
Setting up golang-github-jacobsa-reqtrace-dev (0.0~git20150505-5) ...
Setting up man-db (2.8.0-2) ...
Not building database; man-db/auto-update is not 'true'.
Setting up golang-google-cloud-compute-metadata-dev (0.9.0-3) ...
Setting up golang-github-jtolds-gls-dev (4.2.1-4) ...
Setting up golang-github-jacobsa-ogletest-dev (0.0~git20150610-7) ...
Setting up libtool (2.4.6-2) ...
Setting up po-debconf (1.0.20) ...
Setting up golang-golang-x-sync-dev (0.0~git20171101.fd80eb9-1) ...
Setting up golang-golang-x-time-dev (0.0~git20161028.0.f51c127-2) ...
Setting up golang-goprotobuf-dev (0.0~git20170808.0.1909bc2-1) ...
Setting up golang-protobuf-extensions-dev (1.0.0-2) ...
Setting up golang-github-smartystreets-assertions-dev (1.6.0+dfsg-1) ...
Setting up golang-google-appengine-dev (1.0.0-3) ...
Setting up golang-github-prometheus-client-model-dev (0.0.2+git20150212.12.fa8ad6f-2) ...
Setting up golang-golang-x-oauth2-google-dev (0.0~git20170901.d89af98-1) ...
Setting up golang-github-smartystreets-goconvey-dev (1.6.1-2) ...
Setting up golang-gopkg-ini.v1-dev (1.32.0-1) ...
Setting up dh-strip-nondeterminism (0.040-1) ...
Setting up golang-google-genproto-dev (0.0~git20171123.7f0da29-1) ...
Setting up debhelper (11.1.4) ...
Setting up dh-autoreconf (16) ...
Setting up golang-github-prometheus-client-golang-dev (0.8.0-2) ...
Setting up dh-golang (1.30) ...
Setting up dh-systemd (11.1.4) ...
Setting up golang-google-grpc-dev (1.6.0-3) ...
Setting up golang-github-go-kit-kit-dev (0.6.0-2) ...
Setting up golang-github-prometheus-common-dev (0+git20180110.89604d1-1) ...
Setting up sbuild-build-depends-prometheus-mysqld-exporter-dummy (0.invalid.0) ...
Processing triggers for libc-bin (2.26-6) ...

+------------------------------------------------------------------------------+
| Build environment                                                            |
+------------------------------------------------------------------------------+

Kernel: Linux 4.9.0-2-amd64 amd64 (x86_64)
Toolchain package versions: binutils_2.30-2 dpkg-dev_1.19.0.5 g++-7_7.3.0-1 gcc-7_7.3.0-1 libc6-dev_2.26-6 libstdc++-7-dev_7.3.0-1 libstdc++6_7.3.0-1 linux-libc-dev_4.14.13-1
Package versions: adduser_3.117 apt_1.6~alpha7 autoconf_2.69-11 automake_1:1.15.1-3 autopoint_0.19.8.1-4 autotools-dev_20171216.1 base-files_10.1 base-passwd_3.5.44 bash_4.4.18-1 binutils_2.30-2 binutils-common_2.30-2 binutils-x86-64-linux-gnu_2.30-2 bsdmainutils_11.1.2 bsdutils_1:2.30.2-0.3 build-essential_12.4 bzip2_1.0.6-8.1 clang-6.0_1:6.0~+rc1-1 coreutils_8.28-1 cpp_4:7.2.0-1d1 cpp-7_7.3.0-1 dash_0.5.8-2.10 debconf_1.5.65 debfoster_2.7-2.1+b1 debhelper_11.1.4 debian-archive-keyring_2017.7 debianutils_4.8.4 dh-autoreconf_16 dh-golang_1.30 dh-strip-nondeterminism_0.040-1 dh-systemd_11.1.4 diffutils_1:3.6-1 dpkg_1.19.0.5 dpkg-dev_1.19.0.5 e2fslibs_1.43.8-2 e2fsprogs_1.43.8-2 eatmydata_105-5 fakeroot_1.22-2 fdisk_2.30.2-0.3 file_1:5.32-1 findutils_4.6.0+git+20170828-2 g++_4:7.2.0-1d1 g++-7_7.3.0-1 gcc_4:7.2.0-1d1 gcc-6-base_6.4.0-12 gcc-7_7.3.0-1 gcc-7-base_7.3.0-1 gettext_0.19.8.1-4 gettext-base_0.19.8.1-4 golang-1.9-go_1.9.3-1 golang-1.9-src_1.9.3-1 golang-github-alecthomas-units-dev_0.0~git20151022.0.2efee85-3 golang-github-beorn7-perks-dev_0.0~git20160804.0.4c0e845-1 golang-github-data-dog-go-sqlmock-dev_1.0.0-1 golang-github-davecgh-go-spew-dev_1.1.0-4 golang-github-dgrijalva-jwt-go-v3-dev_3.0.0+v3-1 golang-github-go-kit-kit-dev_0.6.0-2 golang-github-go-logfmt-logfmt-dev_0.3.0-1 golang-github-go-sql-driver-mysql-dev_1.3-1 golang-github-go-stack-stack-dev_1.5.2-2 golang-github-golang-mock-dev_1.0.0-1 golang-github-jacobsa-oglematchers-dev_0.0~git20150320-2 golang-github-jacobsa-oglemock-dev_0.0~git20150428-4 golang-github-jacobsa-ogletest-dev_0.0~git20150610-7 golang-github-jacobsa-reqtrace-dev_0.0~git20150505-5 golang-github-jtolds-gls-dev_4.2.1-4 golang-github-julienschmidt-httprouter-dev_1.1-2 golang-github-opentracing-opentracing-go-dev_1.0.2-1 golang-github-pkg-errors-dev_0.8.0+git20170505.5.c605e28-1 golang-github-pmezard-go-difflib-dev_1.0.0-1 golang-github-prometheus-client-golang-dev_0.8.0-2 golang-github-prometheus-client-model-dev_0.0.2+git20150212.12.fa8ad6f-2 golang-github-prometheus-common-dev_0+git20180110.89604d1-1 golang-github-sirupsen-logrus-dev_1.0.2-2 golang-github-smartystreets-assertions-dev_1.6.0+dfsg-1 golang-github-smartystreets-goconvey-dev_1.6.1-2 golang-github-stretchr-objx-dev_0.0~git20150928.0.1a9d0bb-3 golang-github-stretchr-testify-dev_1.1.4+git20171018.2aa2c17-1 golang-glog-dev_0.0~git20160126.23def4e-1 golang-go_2:1.9~2 golang-golang-x-net-dev_1:0.0+git20170629.c81e7f2+dfsg-2 golang-golang-x-oauth2-dev_0.0~git20170901.d89af98-1 golang-golang-x-oauth2-google-dev_0.0~git20170901.d89af98-1 golang-golang-x-sync-dev_0.0~git20171101.fd80eb9-1 golang-golang-x-text-dev_0.0~git20170627.0.6353ef0-1 golang-golang-x-time-dev_0.0~git20161028.0.f51c127-2 golang-golang-x-tools-dev_1:0.0~git20170707.0.bce9606b+ds-1 golang-google-appengine-dev_1.0.0-3 golang-google-cloud-compute-metadata-dev_0.9.0-3 golang-google-genproto-dev_0.0~git20171123.7f0da29-1 golang-google-grpc-dev_1.6.0-3 golang-gopkg-alecthomas-kingpin.v2-dev_2.2.3-2 golang-gopkg-check.v1-dev_0.0+git20161208.0.20d25e2-5 golang-gopkg-ini.v1-dev_1.32.0-1 golang-gopkg-yaml.v2-dev_0.0+git20170407.0.cd8b52f-1 golang-goprotobuf-dev_0.0~git20170808.0.1909bc2-1 golang-procfs-dev_0+git20170703.e645f4e-1 golang-protobuf-extensions-dev_1.0.0-2 golang-src_2:1.9~2 golang-x-text-dev_0.0~git20170627.0.6353ef0-1 golang-yaml.v2-dev_0.0+git20170407.0.cd8b52f-1 gpgv_2.2.4-2 grep_3.1-2 groff-base_1.22.3-9 gzip_1.6-5+b1 hostname_3.20 init-system-helpers_1.51 intltool-debian_0.35.0+20060710.4 lib32gcc1_1:7.3.0-1 lib32stdc++6_7.3.0-1 libacl1_2.2.52-3+b1 libapt-pkg5.0_1.6~alpha7 libarchive-zip-perl_1.60-1 libasan4_7.3.0-1 libatomic1_7.3.0-1 libattr1_1:2.4.47-2+b2 libaudit-common_1:2.8.2-1 libaudit1_1:2.8.2-1 libbinutils_2.30-2 libblkid1_2.30.2-0.3 libbsd0_0.8.7-1 libbz2-1.0_1.0.6-8.1 libc-bin_2.26-6 libc-dev-bin_2.26-6 libc6_2.26-6 libc6-dev_2.26-6 libc6-i386_2.26-6 libcap-ng0_0.7.7-3.1+b1 libcc1-0_7.3.0-1 libcilkrts5_7.3.0-1 libclang-common-6.0-dev_1:6.0~+rc1-1 libclang1-6.0_1:6.0~+rc1-1 libcomerr2_1.43.8-2 libcroco3_0.6.12-2 libdb5.3_5.3.28-13.1+b1 libdebconfclient0_0.240 libdpkg-perl_1.19.0.5 libeatmydata1_105-5 libedit2_3.1-20170329-1 libfakeroot_1.22-2 libfdisk1_2.30.2-0.3 libffi6_3.2.1-8 libfile-stripnondeterminism-perl_0.040-1 libgc1c2_1:7.4.2-8.1 libgcc-7-dev_7.3.0-1 libgcc1_1:7.3.0-1 libgcrypt20_1.8.1-4 libgdbm3_1.8.3-14 libgdbm5_1.14.1-2 libglib2.0-0_2.54.3-2 libgmp10_2:6.1.2+dfsg-2 libgnutls30_3.5.17-1 libgomp1_7.3.0-1 libgpg-error0_1.27-6 libhogweed4_3.4-1 libicu57_57.1-8 libidn2-0_2.0.4-1.1 libisl15_0.18-1 libitm1_7.3.0-1 libjsoncpp1_1.7.4-3 libllvm6.0_1:6.0~+rc1-1 liblsan0_7.3.0-1 liblz4-1_0.0~r131-2+b1 liblzma5_5.2.2-1.3 libmagic-mgc_1:5.32-1 libmagic1_1:5.32-1 libmount1_2.30.2-0.3 libmpc3_1.1.0-1 libmpfr4_3.1.6-1 libmpfr6_4.0.1~rc2-1 libmpx2_7.3.0-1 libncurses5_6.0+20171125-1 libncursesw5_6.0+20171125-1 libnettle6_3.4-1 libobjc-7-dev_7.3.0-1 libobjc4_7.3.0-1 libp11-kit0_0.23.9-2 libpam-modules_1.1.8-3.6 libpam-modules-bin_1.1.8-3.6 libpam-runtime_1.1.8-3.6 libpam0g_1.1.8-3.6 libpcre3_2:8.39-9 libperl5.26_5.26.1-4+b1 libpipeline1_1.5.0-1 libprotobuf10_3.0.0-9.1 libprotoc10_3.0.0-9.1 libquadmath0_7.3.0-1 libseccomp2_2.3.1-2.1 libselinux1_2.7-2+b1 libsemanage-common_2.7-2 libsemanage1_2.7-2+b1 libsepol1_2.7-1 libsigsegv2_2.12-1 libsmartcols1_2.30.2-0.3 libss2_1.43.8-2 libstdc++-7-dev_7.3.0-1 libstdc++6_7.3.0-1 libsystemd0_237-1 libtasn1-6_4.13-2 libtimedate-perl_2.3000-2 libtinfo5_6.0+20171125-1 libtool_2.4.6-2 libtsan0_7.3.0-1 libubsan0_7.3.0-1 libudev1_237-1 libunistring2_0.9.8-1 libustr-1.0-1_1.0.4-6 libuuid1_2.30.2-0.3 libxml2_2.9.4+dfsg1-6.1 linux-libc-dev_4.14.13-1 login_1:4.5-1 m4_1.4.18-1 make_4.1-9.1 man-db_2.8.0-2 mawk_1.3.3-17+b3 mount_2.30.2-0.3 multiarch-support_2.26-6 ncurses-base_6.0+20171125-1 ncurses-bin_6.0+20171125-1 passwd_1:4.5-1 patch_2.7.5-1+b2 perl_5.26.1-4+b1 perl-base_5.26.1-4+b1 perl-modules-5.26_5.26.1-4 po-debconf_1.0.20 protobuf-compiler_3.0.0-9.1 sbuild-build-depends-core-dummy_0.invalid.0 sbuild-build-depends-prometheus-mysqld-exporter-dummy_0.invalid.0 sed_4.4-2 sensible-utils_0.0.11 sysvinit-utils_2.88dsf-59.10 tar_1.29b-2 util-linux_2.30.2-0.3 xz-utils_5.2.2-1.3 zlib1g_1:1.2.8.dfsg-5

+------------------------------------------------------------------------------+
| Build                                                                        |
+------------------------------------------------------------------------------+


Unpack source
-------------

gpgv: unknown type of key resource 'trustedkeys.kbx'
gpgv: keyblock resource '/sbuild-nonexistent/.gnupg/trustedkeys.kbx': General error
gpgv: Signature made Mon Nov 21 01:38:36 2016 UTC
gpgv:                using RSA key 696672A064DC1094
gpgv: Can't check signature: No public key
dpkg-source: warning: failed to verify signature on ./prometheus-mysqld-exporter_0.9.0+ds-3.dsc
dpkg-source: info: extracting prometheus-mysqld-exporter in /<<BUILDDIR>>/prometheus-mysqld-exporter-0.9.0+ds
dpkg-source: info: unpacking prometheus-mysqld-exporter_0.9.0+ds.orig.tar.gz
dpkg-source: info: unpacking prometheus-mysqld-exporter_0.9.0+ds-3.debian.tar.xz
dpkg-source: info: applying fix_test_int_overflow.patch

Check disk space
----------------

Sufficient free space for build

User Environment
----------------

APT_CONFIG=/var/lib/sbuild/apt.conf
HOME=/sbuild-nonexistent
LANG=en_US.UTF-8
LC_ALL=POSIX
LOGNAME=user42
PATH=/usr/local/sbin:/usr/local/bin:/usr/sbin:/usr/bin:/sbin:/bin:/usr/games
SCHROOT_ALIAS_NAME=unstable-amd64-sbuild
SCHROOT_CHROOT_NAME=unstable-amd64-sbuild
SCHROOT_COMMAND=env
SCHROOT_GID=1001
SCHROOT_GROUP=user42
SCHROOT_SESSION_ID=unstable-amd64-sbuild-d861b0f6-35a3-49ed-8693-09f8f6a03657
SCHROOT_UID=1001
SCHROOT_USER=user42
SHELL=/bin/sh
USER=user42

dpkg-buildpackage
-----------------

dpkg-buildpackage: info: source package prometheus-mysqld-exporter
dpkg-buildpackage: info: source version 0.9.0+ds-3
dpkg-buildpackage: info: source distribution unstable
dpkg-buildpackage: info: source changed by Filippo Giunchedi <filippo@debian.org>
 dpkg-source --before-build prometheus-mysqld-exporter-0.9.0+ds
dpkg-buildpackage: info: host architecture amd64
 fakeroot debian/rules clean
dh clean --buildsystem=golang --with=golang,systemd
   dh_auto_clean -O--buildsystem=golang
   dh_clean -O--buildsystem=golang
	rm -f debian/debhelper-build-stamp
	rm -rf debian/.debhelper/
	rm -f -- debian/prometheus-mysqld-exporter.substvars debian/files
	rm -fr -- debian/prometheus-mysqld-exporter/ debian/tmp/
	find .  \( \( \
		\( -path .\*/.git -o -path .\*/.svn -o -path .\*/.bzr -o -path .\*/.hg -o -path .\*/CVS -o -path .\*/.pc -o -path .\*/_darcs \) -prune -o -type f -a \
	        \( -name '#*#' -o -name '.*~' -o -name '*~' -o -name DEADJOE \
		 -o -name '*.orig' -o -name '*.rej' -o -name '*.bak' \
		 -o -name '.*.orig' -o -name .*.rej -o -name '.SUMS' \
		 -o -name TAGS -o \( -path '*/.deps/*' -a -name '*.P' \) \
		\) -exec rm -f {} + \) -o \
		\( -type d -a -name autom4te.cache -prune -exec rm -rf {} + \) \)
 debian/rules build-arch
dh build-arch --buildsystem=golang --with=golang,systemd
   dh_update_autotools_config -a -O--buildsystem=golang
   dh_auto_configure -a -O--buildsystem=golang
	install -d obj-x86_64-linux-gnu
	Copy mysqld_exporter_test.go -> obj-x86_64-linux-gnu/src/github.com/prometheus/mysqld_exporter/mysqld_exporter_test.go
	Copy mysqld_exporter.go -> obj-x86_64-linux-gnu/src/github.com/prometheus/mysqld_exporter/mysqld_exporter.go
	Copy collector/global_variables_test.go -> obj-x86_64-linux-gnu/src/github.com/prometheus/mysqld_exporter/collector/global_variables_test.go
	Copy collector/perf_schema_index_io_waits.go -> obj-x86_64-linux-gnu/src/github.com/prometheus/mysqld_exporter/collector/perf_schema_index_io_waits.go
	Copy collector/global_status_test.go -> obj-x86_64-linux-gnu/src/github.com/prometheus/mysqld_exporter/collector/global_status_test.go
	Copy collector/info_schema_query_response_time.go -> obj-x86_64-linux-gnu/src/github.com/prometheus/mysqld_exporter/collector/info_schema_query_response_time.go
	Copy collector/info_schema_innodb_sys_tablespaces.go -> obj-x86_64-linux-gnu/src/github.com/prometheus/mysqld_exporter/collector/info_schema_innodb_sys_tablespaces.go
	Copy collector/perf_schema_table_lock_waits.go -> obj-x86_64-linux-gnu/src/github.com/prometheus/mysqld_exporter/collector/perf_schema_table_lock_waits.go
	Copy collector/info_schema_userstats_test.go -> obj-x86_64-linux-gnu/src/github.com/prometheus/mysqld_exporter/collector/info_schema_userstats_test.go
	Copy collector/perf_schema_file_events.go -> obj-x86_64-linux-gnu/src/github.com/prometheus/mysqld_exporter/collector/perf_schema_file_events.go
	Copy collector/engine_tokudb_test.go -> obj-x86_64-linux-gnu/src/github.com/prometheus/mysqld_exporter/collector/engine_tokudb_test.go
	Copy collector/info_schema_userstats.go -> obj-x86_64-linux-gnu/src/github.com/prometheus/mysqld_exporter/collector/info_schema_userstats.go
	Copy collector/slave_status_test.go -> obj-x86_64-linux-gnu/src/github.com/prometheus/mysqld_exporter/collector/slave_status_test.go
	Copy collector/global_variables.go -> obj-x86_64-linux-gnu/src/github.com/prometheus/mysqld_exporter/collector/global_variables.go
	Copy collector/binlog.go -> obj-x86_64-linux-gnu/src/github.com/prometheus/mysqld_exporter/collector/binlog.go
	Copy collector/engine_innodb_test.go -> obj-x86_64-linux-gnu/src/github.com/prometheus/mysqld_exporter/collector/engine_innodb_test.go
	Copy collector/info_schema_clientstats.go -> obj-x86_64-linux-gnu/src/github.com/prometheus/mysqld_exporter/collector/info_schema_clientstats.go
	Copy collector/info_schema_processlist.go -> obj-x86_64-linux-gnu/src/github.com/prometheus/mysqld_exporter/collector/info_schema_processlist.go
	Copy collector/info_schema_tablestats.go -> obj-x86_64-linux-gnu/src/github.com/prometheus/mysqld_exporter/collector/info_schema_tablestats.go
	Copy collector/perf_schema_table_io_waits.go -> obj-x86_64-linux-gnu/src/github.com/prometheus/mysqld_exporter/collector/perf_schema_table_io_waits.go
	Copy collector/perf_schema_events_waits.go -> obj-x86_64-linux-gnu/src/github.com/prometheus/mysqld_exporter/collector/perf_schema_events_waits.go
	Copy collector/info_schema_tables.go -> obj-x86_64-linux-gnu/src/github.com/prometheus/mysqld_exporter/collector/info_schema_tables.go
	Copy collector/info_schema.go -> obj-x86_64-linux-gnu/src/github.com/prometheus/mysqld_exporter/collector/info_schema.go
	Copy collector/perf_schema.go -> obj-x86_64-linux-gnu/src/github.com/prometheus/mysqld_exporter/collector/perf_schema.go
	Copy collector/engine_innodb.go -> obj-x86_64-linux-gnu/src/github.com/prometheus/mysqld_exporter/collector/engine_innodb.go
	Copy collector/info_schema_innodb_sys_tablespaces_test.go -> obj-x86_64-linux-gnu/src/github.com/prometheus/mysqld_exporter/collector/info_schema_innodb_sys_tablespaces_test.go
	Copy collector/perf_schema_index_io_waits_test.go -> obj-x86_64-linux-gnu/src/github.com/prometheus/mysqld_exporter/collector/perf_schema_index_io_waits_test.go
	Copy collector/slave_status.go -> obj-x86_64-linux-gnu/src/github.com/prometheus/mysqld_exporter/collector/slave_status.go
	Copy collector/info_schema_clientstats_test.go -> obj-x86_64-linux-gnu/src/github.com/prometheus/mysqld_exporter/collector/info_schema_clientstats_test.go
	Copy collector/info_schema_innodb_metrics.go -> obj-x86_64-linux-gnu/src/github.com/prometheus/mysqld_exporter/collector/info_schema_innodb_metrics.go
	Copy collector/collector_test.go -> obj-x86_64-linux-gnu/src/github.com/prometheus/mysqld_exporter/collector/collector_test.go
	Copy collector/engine_tokudb.go -> obj-x86_64-linux-gnu/src/github.com/prometheus/mysqld_exporter/collector/engine_tokudb.go
	Copy collector/info_schema_query_response_time_test.go -> obj-x86_64-linux-gnu/src/github.com/prometheus/mysqld_exporter/collector/info_schema_query_response_time_test.go
	Copy collector/info_schema_tablestats_test.go -> obj-x86_64-linux-gnu/src/github.com/prometheus/mysqld_exporter/collector/info_schema_tablestats_test.go
	Copy collector/info_schema_auto_increment.go -> obj-x86_64-linux-gnu/src/github.com/prometheus/mysqld_exporter/collector/info_schema_auto_increment.go
	Copy collector/binlog_test.go -> obj-x86_64-linux-gnu/src/github.com/prometheus/mysqld_exporter/collector/binlog_test.go
	Copy collector/perf_schema_events_statements.go -> obj-x86_64-linux-gnu/src/github.com/prometheus/mysqld_exporter/collector/perf_schema_events_statements.go
	Copy collector/collector.go -> obj-x86_64-linux-gnu/src/github.com/prometheus/mysqld_exporter/collector/collector.go
	Copy collector/global_status.go -> obj-x86_64-linux-gnu/src/github.com/prometheus/mysqld_exporter/collector/global_status.go
	Copy collector/info_schema_innodb_metrics_test.go -> obj-x86_64-linux-gnu/src/github.com/prometheus/mysqld_exporter/collector/info_schema_innodb_metrics_test.go
	Symlink /usr/share/gocode/src/cloud.google.com -> obj-x86_64-linux-gnu/src/cloud.google.com
	Symlink /usr/share/gocode/src/code.google.com -> obj-x86_64-linux-gnu/src/code.google.com
	Symlink /usr/share/gocode/src/github.com/alecthomas -> obj-x86_64-linux-gnu/src/github.com/alecthomas
	Symlink /usr/share/gocode/src/github.com/beorn7 -> obj-x86_64-linux-gnu/src/github.com/beorn7
	Symlink /usr/share/gocode/src/github.com/DATA-DOG -> obj-x86_64-linux-gnu/src/github.com/DATA-DOG
	Symlink /usr/share/gocode/src/github.com/davecgh -> obj-x86_64-linux-gnu/src/github.com/davecgh
	Symlink /usr/share/gocode/src/github.com/dgrijalva -> obj-x86_64-linux-gnu/src/github.com/dgrijalva
	Symlink /usr/share/gocode/src/github.com/go-check -> obj-x86_64-linux-gnu/src/github.com/go-check
	Symlink /usr/share/gocode/src/github.com/go-kit -> obj-x86_64-linux-gnu/src/github.com/go-kit
	Symlink /usr/share/gocode/src/github.com/go-logfmt -> obj-x86_64-linux-gnu/src/github.com/go-logfmt
	Symlink /usr/share/gocode/src/github.com/go-sql-driver -> obj-x86_64-linux-gnu/src/github.com/go-sql-driver
	Symlink /usr/share/gocode/src/github.com/go-stack -> obj-x86_64-linux-gnu/src/github.com/go-stack
	Symlink /usr/share/gocode/src/github.com/golang -> obj-x86_64-linux-gnu/src/github.com/golang
	Symlink /usr/share/gocode/src/github.com/jacobsa -> obj-x86_64-linux-gnu/src/github.com/jacobsa
	Symlink /usr/share/gocode/src/github.com/jtolds -> obj-x86_64-linux-gnu/src/github.com/jtolds
	Symlink /usr/share/gocode/src/github.com/julienschmidt -> obj-x86_64-linux-gnu/src/github.com/julienschmidt
	Symlink /usr/share/gocode/src/github.com/matttproud -> obj-x86_64-linux-gnu/src/github.com/matttproud
	Symlink /usr/share/gocode/src/github.com/opentracing -> obj-x86_64-linux-gnu/src/github.com/opentracing
	Symlink /usr/share/gocode/src/github.com/pkg -> obj-x86_64-linux-gnu/src/github.com/pkg
	Symlink /usr/share/gocode/src/github.com/pmezard -> obj-x86_64-linux-gnu/src/github.com/pmezard
	Symlink /usr/share/gocode/src/github.com/prometheus/client_golang -> obj-x86_64-linux-gnu/src/github.com/prometheus/client_golang
	Symlink /usr/share/gocode/src/github.com/prometheus/client_model -> obj-x86_64-linux-gnu/src/github.com/prometheus/client_model
	Symlink /usr/share/gocode/src/github.com/prometheus/common -> obj-x86_64-linux-gnu/src/github.com/prometheus/common
	Symlink /usr/share/gocode/src/github.com/prometheus/procfs -> obj-x86_64-linux-gnu/src/github.com/prometheus/procfs
	Symlink /usr/share/gocode/src/github.com/Sirupsen -> obj-x86_64-linux-gnu/src/github.com/Sirupsen
	Symlink /usr/share/gocode/src/github.com/sirupsen -> obj-x86_64-linux-gnu/src/github.com/sirupsen
	Symlink /usr/share/gocode/src/github.com/smartystreets -> obj-x86_64-linux-gnu/src/github.com/smartystreets
	Symlink /usr/share/gocode/src/github.com/stretchr -> obj-x86_64-linux-gnu/src/github.com/stretchr
	Symlink /usr/share/gocode/src/golang.org -> obj-x86_64-linux-gnu/src/golang.org
	Symlink /usr/share/gocode/src/google.golang.org -> obj-x86_64-linux-gnu/src/google.golang.org
	Symlink /usr/share/gocode/src/gopkg.in -> obj-x86_64-linux-gnu/src/gopkg.in
	Symlink /usr/share/gocode/src/launchpad.net -> obj-x86_64-linux-gnu/src/launchpad.net
   debian/rules override_dh_auto_build
make[1]: Entering directory '/<<BUILDDIR>>/prometheus-mysqld-exporter-0.9.0+ds'
dh_auto_build -O--buildsystem=golang -- -ldflags " -X github.com/prometheus/common/version.Version=0.9.0+ds -X github.com/prometheus/common/version.Revision=0.9.0+ds-3 -X github.com/prometheus/common/version.Branch=debian/sid -X github.com/prometheus/common/version.BuildUser=pkg-go-maintainers@lists.alioth.debian.org -X github.com/prometheus/common/version.BuildDate=20180207-00:00:00 -X github.com/prometheus/common/version.GoVersion=go1.9.3"
	cd obj-x86_64-linux-gnu && go install -gcflags=\"-trimpath=/<<BUILDDIR>>/prometheus-mysqld-exporter-0.9.0\+ds/obj-x86_64-linux-gnu/src\" -asmflags=\"-trimpath=/<<BUILDDIR>>/prometheus-mysqld-exporter-0.9.0\+ds/obj-x86_64-linux-gnu/src\" -v -p 1 -ldflags " -X github.com/prometheus/common/version.Version=0.9.0+ds -X github.com/prometheus/common/version.Revision=0.9.0+ds-3 -X github.com/prometheus/common/version.Branch=debian/sid -X github.com/prometheus/common/version.BuildUser=pkg-go-maintainers@lists.alioth.debian.org -X github.com/prometheus/common/version.BuildDate=20180207-00:00:00 -X github.com/prometheus/common/version.GoVersion=go1.9.3" github.com/prometheus/mysqld_exporter github.com/prometheus/mysqld_exporter/collector
github.com/go-sql-driver/mysql
github.com/beorn7/perks/quantile
github.com/golang/protobuf/proto
github.com/prometheus/client_model/go
github.com/matttproud/golang_protobuf_extensions/pbutil
github.com/prometheus/common/internal/bitbucket.org/ww/goautoneg
github.com/prometheus/common/model
github.com/prometheus/common/expfmt
github.com/prometheus/procfs/xfs
github.com/prometheus/procfs
github.com/prometheus/client_golang/prometheus
github.com/sirupsen/logrus
github.com/alecthomas/units
gopkg.in/alecthomas/kingpin.v2
github.com/prometheus/common/log
github.com/prometheus/common/version
github.com/prometheus/mysqld_exporter/collector
gopkg.in/ini.v1
github.com/prometheus/mysqld_exporter
make[1]: Leaving directory '/<<BUILDDIR>>/prometheus-mysqld-exporter-0.9.0+ds'
   dh_auto_test -a -O--buildsystem=golang
	cd obj-x86_64-linux-gnu && go test -v -p 1 github.com/prometheus/mysqld_exporter github.com/prometheus/mysqld_exporter/collector
=== RUN   TestParseMycnf

  Various .my.cnf configurations 
    Local tcp connection 
    Local tcp connection on non-default port 
    Socket connection 
    Socket connection ignoring defined host 
    Remote connection 
    Missed user 
    Missed password 
    No [client] section 
    Invalid config 


9 total assertions

--- PASS: TestParseMycnf (0.00s)
PASS
ok  	github.com/prometheus/mysqld_exporter	0.007s
=== RUN   TestScrapeBinlogSize

  Metrics comparison 


3 total assertions

--- PASS: TestScrapeBinlogSize (0.00s)
=== RUN   TestScrapeEngineInnodbStatus

  Metrics comparison 


6 total assertions

--- PASS: TestScrapeEngineInnodbStatus (0.00s)
=== RUN   TestSanitizeTokudbMetric

  Replacement tests 


11 total assertions

--- PASS: TestSanitizeTokudbMetric (0.00s)
=== RUN   TestScrapeEngineTokudbStatus

  Metrics comparison 


14 total assertions

--- PASS: TestScrapeEngineTokudbStatus (0.00s)
=== RUN   TestScrapeGlobalStatus

  Metrics comparison 


27 total assertions

--- PASS: TestScrapeGlobalStatus (0.00s)
=== RUN   TestScrapeGlobalVariables

  Metrics comparison 


36 total assertions

--- PASS: TestScrapeGlobalVariables (0.00s)
=== RUN   TestScrapeClientStat

  Metrics comparison 


58 total assertions

--- PASS: TestScrapeClientStat (0.00s)
=== RUN   TestScrapeInnodbMetrics
--- FAIL: TestScrapeInnodbMetrics (0.00s)
	info_schema_innodb_metrics_test.go:17: no such flag -log.level
=== RUN   TestScrapeInfoSchemaInnodbTablespaces

  Metrics comparison 


64 total assertions

--- PASS: TestScrapeInfoSchemaInnodbTablespaces (0.00s)
=== RUN   TestScrapeQueryResponseTime

  Metrics comparison 


78 total assertions


  Histogram comparison 


79 total assertions

--- PASS: TestScrapeQueryResponseTime (0.00s)
=== RUN   TestScrapeTableStat

  Metrics comparison 


88 total assertions

--- PASS: TestScrapeTableStat (0.00s)
=== RUN   TestScrapeUserStat

  Metrics comparison 


110 total assertions

--- PASS: TestScrapeUserStat (0.00s)
=== RUN   TestScrapePerfIndexIOWaits

  Metrics comparison 


124 total assertions

--- PASS: TestScrapePerfIndexIOWaits (0.00s)
=== RUN   TestScrapeSlaveStatus

  Metrics comparison 


128 total assertions

--- PASS: TestScrapeSlaveStatus (0.00s)
FAIL
exit status 1
FAIL	github.com/prometheus/mysqld_exporter/collector	0.012s
dh_auto_test: cd obj-x86_64-linux-gnu && go test -v -p 1 github.com/prometheus/mysqld_exporter github.com/prometheus/mysqld_exporter/collector returned exit code 1
debian/rules:29: recipe for target 'build-arch' failed
make: *** [build-arch] Error 1
dpkg-buildpackage: error: debian/rules build-arch subprocess returned exit status 2
--------------------------------------------------------------------------------
Build finished at 2018-02-07T21:14:16Z

Finished
--------


+------------------------------------------------------------------------------+
| Cleanup                                                                      |
+------------------------------------------------------------------------------+

Purging /<<BUILDDIR>>
Not cleaning session: cloned chroot in use
E: Build failure (dpkg-buildpackage died)

+------------------------------------------------------------------------------+
| Summary                                                                      |
+------------------------------------------------------------------------------+

Build Architecture: amd64
Build Type: any
Build-Space: 16452
Build-Time: 8
Distribution: unstable
Fail-Stage: build
Host Architecture: amd64
Install-Time: 12
Job: prometheus-mysqld-exporter_0.9.0+ds-3
Machine Architecture: amd64
Package: prometheus-mysqld-exporter
Package-Time: 33
Source-Version: 0.9.0+ds-3
Space: 16452
Status: attempted
Version: 0.9.0+ds-3
--------------------------------------------------------------------------------
Finished at 2018-02-07T21:14:16Z
Build needed 00:00:33, 16452k disk space
E: Build failure (dpkg-buildpackage died)
DC-Status: Failed 34.314297599s
