DC-Build-Header: ruby-dep-selector 1.0.3-2 / 2018-02-07 20:54:41 +0000
DC-Task: type:rebuild-binarch-only source:ruby-dep-selector version:1.0.3-2 chroot:unstable esttime:82 logfile:/tmp/ruby-dep-selector_1.0.3-2_unstable_clang60.log modes:clang60:binarch-only
DC-Sbuild-call: su user42 -c 'sbuild -n --arch-any --apt-update -d unstable -v  --chroot-setup-commands=/tmp/clang60 ruby-dep-selector_1.0.3-2'
sbuild (Debian sbuild) 0.73.0 (23 Dec 2016) on ip-172-31-47-245.eu-central-1.compute.internal

+==============================================================================+
| ruby-dep-selector 1.0.3-2 (amd64)            Wed, 07 Feb 2018 20:54:42 +0000 |
+==============================================================================+

Package: ruby-dep-selector
Version: 1.0.3-2
Source Version: 1.0.3-2
Distribution: unstable
Machine Architecture: amd64
Host Architecture: amd64
Build Architecture: amd64
Build Type: any

I: NOTICE: Log filtering will replace 'var/run/schroot/mount/unstable-amd64-sbuild-44d2b8d9-e9e9-4d54-a562-103a700e5946' with '<<CHROOT>>'

+------------------------------------------------------------------------------+
| Chroot Setup Commands                                                        |
+------------------------------------------------------------------------------+


/tmp/clang60
------------

+ echo 'Entering customization script...'
Entering customization script...
+ CLANG_VERSION=6.0
+ echo 'Install of clang-6.0'
Install of clang-6.0
+ apt-get update
Get:1 http://127.0.0.1:9999/debian unstable InRelease [241 kB]
Get:2 http://127.0.0.1:9999/debian unstable/main Sources.diff/Index [27.9 kB]
Get:3 http://127.0.0.1:9999/debian unstable/main amd64 Packages.diff/Index [27.9 kB]
Get:4 http://127.0.0.1:9999/debian unstable/main Sources 2018-02-07-1427.34.pdiff [9180 B]
Get:4 http://127.0.0.1:9999/debian unstable/main Sources 2018-02-07-1427.34.pdiff [9180 B]
Get:5 http://127.0.0.1:9999/debian unstable/main amd64 Packages 2018-02-07-1427.34.pdiff [14.2 kB]
Get:5 http://127.0.0.1:9999/debian unstable/main amd64 Packages 2018-02-07-1427.34.pdiff [14.2 kB]
Get:6 http://127.0.0.1:9999/debian unstable/main Translation-en [5980 kB]
Fetched 6300 kB in 2s (3499 kB/s)
Reading package lists...
+ apt-get install --yes --no-install-recommends --force-yes clang-6.0
Reading package lists...
Building dependency tree...
Reading state information...
The following additional packages will be installed:
  lib32gcc1 lib32stdc++6 libbsd0 libc6-i386 libclang-common-6.0-dev
  libclang1-6.0 libedit2 libjsoncpp1 libllvm6.0 libncurses5 libobjc-7-dev
  libobjc4
Suggested packages:
  gnustep gnustep-devel clang-6.0-doc
Recommended packages:
  llvm-6.0-dev python libomp-dev libgpm2
The following NEW packages will be installed:
  clang-6.0 lib32gcc1 lib32stdc++6 libbsd0 libc6-i386 libclang-common-6.0-dev
  libclang1-6.0 libedit2 libjsoncpp1 libllvm6.0 libncurses5 libobjc-7-dev
  libobjc4
0 upgraded, 13 newly installed, 0 to remove and 1 not upgraded.
Need to get 37.6 MB of archives.
After this operation, 187 MB of additional disk space will be used.
Get:1 http://127.0.0.1:9999/debian unstable/main amd64 libjsoncpp1 amd64 1.7.4-3 [75.6 kB]
Get:2 http://127.0.0.1:9999/debian unstable/main amd64 libbsd0 amd64 0.8.7-1 [92.1 kB]
Get:3 http://127.0.0.1:9999/debian unstable/main amd64 libncurses5 amd64 6.0+20171125-1 [95.7 kB]
Get:4 http://127.0.0.1:9999/debian unstable/main amd64 libedit2 amd64 3.1-20170329-1 [85.2 kB]
Get:5 http://127.0.0.1:9999/debian unstable/main amd64 libllvm6.0 amd64 1:6.0~+rc1-1 [14.5 MB]
Get:6 http://127.0.0.1:9999/debian unstable/main amd64 libobjc4 amd64 7.3.0-1 [51.2 kB]
Get:7 http://127.0.0.1:9999/debian unstable/main amd64 libobjc-7-dev amd64 7.3.0-1 [203 kB]
Get:8 http://127.0.0.1:9999/debian unstable/main amd64 libc6-i386 amd64 2.26-6 [2836 kB]
Get:9 http://127.0.0.1:9999/debian unstable/main amd64 lib32gcc1 amd64 1:7.3.0-1 [46.8 kB]
Get:10 http://127.0.0.1:9999/debian unstable/main amd64 lib32stdc++6 amd64 7.3.0-1 [405 kB]
Get:11 http://127.0.0.1:9999/debian unstable/main amd64 libclang-common-6.0-dev amd64 1:6.0~+rc1-1 [3097 kB]
Get:12 http://127.0.0.1:9999/debian unstable/main amd64 libclang1-6.0 amd64 1:6.0~+rc1-1 [6983 kB]
Get:13 http://127.0.0.1:9999/debian unstable/main amd64 clang-6.0 amd64 1:6.0~+rc1-1 [9171 kB]
debconf: delaying package configuration, since apt-utils is not installed
Fetched 37.6 MB in 0s (98.3 MB/s)
Selecting previously unselected package libjsoncpp1:amd64.
(Reading database ... (Reading database ... 5%(Reading database ... 10%(Reading database ... 15%(Reading database ... 20%(Reading database ... 25%(Reading database ... 30%(Reading database ... 35%(Reading database ... 40%(Reading database ... 45%(Reading database ... 50%(Reading database ... 55%(Reading database ... 60%(Reading database ... 65%(Reading database ... 70%(Reading database ... 75%(Reading database ... 80%(Reading database ... 85%(Reading database ... 90%(Reading database ... 95%(Reading database ... 100%(Reading database ... 9974 files and directories currently installed.)
Preparing to unpack .../00-libjsoncpp1_1.7.4-3_amd64.deb ...
Unpacking libjsoncpp1:amd64 (1.7.4-3) ...
Selecting previously unselected package libbsd0:amd64.
Preparing to unpack .../01-libbsd0_0.8.7-1_amd64.deb ...
Unpacking libbsd0:amd64 (0.8.7-1) ...
Selecting previously unselected package libncurses5:amd64.
Preparing to unpack .../02-libncurses5_6.0+20171125-1_amd64.deb ...
Unpacking libncurses5:amd64 (6.0+20171125-1) ...
Selecting previously unselected package libedit2:amd64.
Preparing to unpack .../03-libedit2_3.1-20170329-1_amd64.deb ...
Unpacking libedit2:amd64 (3.1-20170329-1) ...
Selecting previously unselected package libllvm6.0:amd64.
Preparing to unpack .../04-libllvm6.0_1%3a6.0~+rc1-1_amd64.deb ...
Unpacking libllvm6.0:amd64 (1:6.0~+rc1-1) ...
Selecting previously unselected package libobjc4:amd64.
Preparing to unpack .../05-libobjc4_7.3.0-1_amd64.deb ...
Unpacking libobjc4:amd64 (7.3.0-1) ...
Selecting previously unselected package libobjc-7-dev:amd64.
Preparing to unpack .../06-libobjc-7-dev_7.3.0-1_amd64.deb ...
Unpacking libobjc-7-dev:amd64 (7.3.0-1) ...
Selecting previously unselected package libc6-i386.
Preparing to unpack .../07-libc6-i386_2.26-6_amd64.deb ...
Unpacking libc6-i386 (2.26-6) ...
Selecting previously unselected package lib32gcc1.
Preparing to unpack .../08-lib32gcc1_1%3a7.3.0-1_amd64.deb ...
Unpacking lib32gcc1 (1:7.3.0-1) ...
Selecting previously unselected package lib32stdc++6.
Preparing to unpack .../09-lib32stdc++6_7.3.0-1_amd64.deb ...
Unpacking lib32stdc++6 (7.3.0-1) ...
Selecting previously unselected package libclang-common-6.0-dev.
Preparing to unpack .../10-libclang-common-6.0-dev_1%3a6.0~+rc1-1_amd64.deb ...
Unpacking libclang-common-6.0-dev (1:6.0~+rc1-1) ...
Selecting previously unselected package libclang1-6.0:amd64.
Preparing to unpack .../11-libclang1-6.0_1%3a6.0~+rc1-1_amd64.deb ...
Unpacking libclang1-6.0:amd64 (1:6.0~+rc1-1) ...
Selecting previously unselected package clang-6.0.
Preparing to unpack .../12-clang-6.0_1%3a6.0~+rc1-1_amd64.deb ...
Unpacking clang-6.0 (1:6.0~+rc1-1) ...
Setting up libncurses5:amd64 (6.0+20171125-1) ...
Setting up libobjc4:amd64 (7.3.0-1) ...
Setting up libc6-i386 (2.26-6) ...
Setting up libbsd0:amd64 (0.8.7-1) ...
Setting up libobjc-7-dev:amd64 (7.3.0-1) ...
Processing triggers for libc-bin (2.26-6) ...
Setting up lib32gcc1 (1:7.3.0-1) ...
Setting up libjsoncpp1:amd64 (1.7.4-3) ...
Setting up libedit2:amd64 (3.1-20170329-1) ...
Setting up libllvm6.0:amd64 (1:6.0~+rc1-1) ...
Setting up libclang1-6.0:amd64 (1:6.0~+rc1-1) ...
Setting up lib32stdc++6 (7.3.0-1) ...
Setting up libclang-common-6.0-dev (1:6.0~+rc1-1) ...
Setting up clang-6.0 (1:6.0~+rc1-1) ...
Processing triggers for libc-bin (2.26-6) ...
W: --force-yes is deprecated, use one of the options starting with --allow instead.
+ echo 'Replace gcc, g++ & cpp by clang'
Replace gcc, g++ & cpp by clang
+ VERSIONS='4.6 4.7 4.8 4.9 5 6 7 8'
+ cd /usr/bin
+ for VERSION in $VERSIONS
+ rm -f g++-4.6 gcc-4.6 cpp-4.6 gcc
+ ln -s clang++-6.0 g++-4.6
+ ln -s clang-6.0 gcc-4.6
+ ln -s clang-6.0 cpp-4.6
+ ln -s clang-6.0 gcc
+ echo 'gcc-4.6 hold'
+ dpkg --set-selections
dpkg: warning: package not in status nor available database at line 1: gcc-4.6
dpkg: warning: found unknown packages; this might mean the available database
is outdated, and needs to be updated through a frontend method;
please see the FAQ <https://wiki.debian.org/Teams/Dpkg/FAQ>
+ echo 'g++-4.6 hold'
+ dpkg --set-selections
dpkg: warning: package not in status nor available database at line 1: g++-4.6
dpkg: warning: found unknown packages; this might mean the available database
is outdated, and needs to be updated through a frontend method;
please see the FAQ <https://wiki.debian.org/Teams/Dpkg/FAQ>
+ for VERSION in $VERSIONS
+ rm -f g++-4.7 gcc-4.7 cpp-4.7 gcc
+ ln -s clang++-6.0 g++-4.7
+ ln -s clang-6.0 gcc-4.7
+ ln -s clang-6.0 cpp-4.7
+ ln -s clang-6.0 gcc
+ echo 'gcc-4.7 hold'
+ dpkg --set-selections
dpkg: warning: package not in status nor available database at line 1: gcc-4.7
dpkg: warning: found unknown packages; this might mean the available database
is outdated, and needs to be updated through a frontend method;
please see the FAQ <https://wiki.debian.org/Teams/Dpkg/FAQ>
+ echo 'g++-4.7 hold'
+ dpkg --set-selections
dpkg: warning: package not in status nor available database at line 1: g++-4.7
dpkg: warning: found unknown packages; this might mean the available database
is outdated, and needs to be updated through a frontend method;
please see the FAQ <https://wiki.debian.org/Teams/Dpkg/FAQ>
+ for VERSION in $VERSIONS
+ rm -f g++-4.8 gcc-4.8 cpp-4.8 gcc
+ ln -s clang++-6.0 g++-4.8
+ ln -s clang-6.0 gcc-4.8
+ ln -s clang-6.0 cpp-4.8
+ ln -s clang-6.0 gcc
+ echo 'gcc-4.8 hold'
+ dpkg --set-selections
dpkg: warning: package not in status nor available database at line 1: gcc-4.8
dpkg: warning: found unknown packages; this might mean the available database
is outdated, and needs to be updated through a frontend method;
please see the FAQ <https://wiki.debian.org/Teams/Dpkg/FAQ>
+ echo 'g++-4.8 hold'
+ dpkg --set-selections
dpkg: warning: package not in status nor available database at line 1: g++-4.8
dpkg: warning: found unknown packages; this might mean the available database
is outdated, and needs to be updated through a frontend method;
please see the FAQ <https://wiki.debian.org/Teams/Dpkg/FAQ>
+ for VERSION in $VERSIONS
+ rm -f g++-4.9 gcc-4.9 cpp-4.9 gcc
+ ln -s clang++-6.0 g++-4.9
+ ln -s clang-6.0 gcc-4.9
+ ln -s clang-6.0 cpp-4.9
+ ln -s clang-6.0 gcc
+ echo 'gcc-4.9 hold'
+ dpkg --set-selections
dpkg: warning: package not in status nor available database at line 1: gcc-4.9
dpkg: warning: found unknown packages; this might mean the available database
is outdated, and needs to be updated through a frontend method;
please see the FAQ <https://wiki.debian.org/Teams/Dpkg/FAQ>
+ echo 'g++-4.9 hold'
+ dpkg --set-selections
dpkg: warning: package not in status nor available database at line 1: g++-4.9
dpkg: warning: found unknown packages; this might mean the available database
is outdated, and needs to be updated through a frontend method;
please see the FAQ <https://wiki.debian.org/Teams/Dpkg/FAQ>
+ for VERSION in $VERSIONS
+ rm -f g++-5 gcc-5 cpp-5 gcc
+ ln -s clang++-6.0 g++-5
+ ln -s clang-6.0 gcc-5
+ ln -s clang-6.0 cpp-5
+ ln -s clang-6.0 gcc
+ echo 'gcc-5 hold'
+ dpkg --set-selections
+ echo 'g++-5 hold'
+ dpkg --set-selections
+ for VERSION in $VERSIONS
+ rm -f g++-6 gcc-6 cpp-6 gcc
+ ln -s clang++-6.0 g++-6
+ ln -s clang-6.0 gcc-6
+ ln -s clang-6.0 cpp-6
+ ln -s clang-6.0 gcc
+ echo 'gcc-6 hold'
+ dpkg --set-selections
dpkg: warning: package not in status nor available database at line 1: gcc-6
dpkg: warning: found unknown packages; this might mean the available database
is outdated, and needs to be updated through a frontend method;
please see the FAQ <https://wiki.debian.org/Teams/Dpkg/FAQ>
+ echo 'g++-6 hold'
+ dpkg --set-selections
dpkg: warning: package not in status nor available database at line 1: g++-6
dpkg: warning: found unknown packages; this might mean the available database
is outdated, and needs to be updated through a frontend method;
please see the FAQ <https://wiki.debian.org/Teams/Dpkg/FAQ>
+ for VERSION in $VERSIONS
+ rm -f g++-7 gcc-7 cpp-7 gcc
+ ln -s clang++-6.0 g++-7
+ ln -s clang-6.0 gcc-7
+ ln -s clang-6.0 cpp-7
+ ln -s clang-6.0 gcc
+ echo 'gcc-7 hold'
+ dpkg --set-selections
+ echo 'g++-7 hold'
+ dpkg --set-selections
+ for VERSION in $VERSIONS
+ rm -f g++-8 gcc-8 cpp-8 gcc
+ ln -s clang++-6.0 g++-8
+ ln -s clang-6.0 gcc-8
+ ln -s clang-6.0 cpp-8
+ ln -s clang-6.0 gcc
+ echo 'gcc-8 hold'
+ dpkg --set-selections
dpkg: warning: package not in status nor available database at line 1: gcc-8
dpkg: warning: found unknown packages; this might mean the available database
is outdated, and needs to be updated through a frontend method;
please see the FAQ <https://wiki.debian.org/Teams/Dpkg/FAQ>
+ echo 'g++-8 hold'
+ dpkg --set-selections
dpkg: warning: package not in status nor available database at line 1: g++-8
dpkg: warning: found unknown packages; this might mean the available database
is outdated, and needs to be updated through a frontend method;
please see the FAQ <https://wiki.debian.org/Teams/Dpkg/FAQ>
+ cd -
/build/ruby-dep-selector-AR1vba
+ echo 'Check if gcc, g++ & cpp are actually clang'
Check if gcc, g++ & cpp are actually clang
+ gcc --version
+ grep clang
+ cpp --version
+ grep clang
+ g++ --version
+ grep clang

I: Finished running '/tmp/clang60'.

Finished processing commands.
--------------------------------------------------------------------------------

+------------------------------------------------------------------------------+
| Update chroot                                                                |
+------------------------------------------------------------------------------+

Hit:1 http://127.0.0.1:9999/debian unstable InRelease
Reading package lists...
Reading package lists...
Building dependency tree...
Reading state information...
Calculating upgrade...
The following packages will be upgraded:
  libdebconfclient0
1 upgraded, 0 newly installed, 0 to remove and 0 not upgraded.
Need to get 48.3 kB of archives.
After this operation, 0 B of additional disk space will be used.
Get:1 http://127.0.0.1:9999/debian unstable/main amd64 libdebconfclient0 amd64 0.240 [48.3 kB]
debconf: delaying package configuration, since apt-utils is not installed
Fetched 48.3 kB in 0s (4130 kB/s)
(Reading database ... (Reading database ... 5%(Reading database ... 10%(Reading database ... 15%(Reading database ... 20%(Reading database ... 25%(Reading database ... 30%(Reading database ... 35%(Reading database ... 40%(Reading database ... 45%(Reading database ... 50%(Reading database ... 55%(Reading database ... 60%(Reading database ... 65%(Reading database ... 70%(Reading database ... 75%(Reading database ... 80%(Reading database ... 85%(Reading database ... 90%(Reading database ... 95%(Reading database ... 100%(Reading database ... 10722 files and directories currently installed.)
Preparing to unpack .../libdebconfclient0_0.240_amd64.deb ...
Unpacking libdebconfclient0:amd64 (0.240) over (0.239) ...
Setting up libdebconfclient0:amd64 (0.240) ...
Processing triggers for libc-bin (2.26-6) ...

+------------------------------------------------------------------------------+
| Fetch source files                                                           |
+------------------------------------------------------------------------------+


Check APT
---------

Checking available source versions...

Download source files with APT
------------------------------

Reading package lists...
NOTICE: 'ruby-dep-selector' packaging is maintained in the 'Git' version control system at:
git://anonscm.debian.org/pkg-ruby-extras/ruby-dep-selector.git
Please use:
git clone git://anonscm.debian.org/pkg-ruby-extras/ruby-dep-selector.git
to retrieve the latest (possibly unreleased) updates to the package.
Need to get 74.5 kB of source archives.
Get:1 http://127.0.0.1:9999/debian unstable/main ruby-dep-selector 1.0.3-2 (dsc) [1819 B]
Get:2 http://127.0.0.1:9999/debian unstable/main ruby-dep-selector 1.0.3-2 (tar) [66.2 kB]
Get:3 http://127.0.0.1:9999/debian unstable/main ruby-dep-selector 1.0.3-2 (diff) [6512 B]
Fetched 74.5 kB in 0s (916 kB/s)
Download complete and in download only mode
I: NOTICE: Log filtering will replace 'build/ruby-dep-selector-AR1vba/ruby-dep-selector-1.0.3' with '<<PKGBUILDDIR>>'
I: NOTICE: Log filtering will replace 'build/ruby-dep-selector-AR1vba' with '<<BUILDDIR>>'

+------------------------------------------------------------------------------+
| Install build-essential                                                      |
+------------------------------------------------------------------------------+


Setup apt archive
-----------------

Merged Build-Depends: build-essential, fakeroot
Filtered Build-Depends: build-essential, fakeroot
dpkg-deb: building package 'sbuild-build-depends-core-dummy' in '/<<BUILDDIR>>/resolver-ckqAq8/apt_archive/sbuild-build-depends-core-dummy.deb'.
dpkg-scanpackages: warning: Packages in archive but missing from override file:
dpkg-scanpackages: warning:   sbuild-build-depends-core-dummy
dpkg-scanpackages: info: Wrote 1 entries to output Packages file.
Ign:1 copy:/<<BUILDDIR>>/resolver-ckqAq8/apt_archive ./ InRelease
Get:2 copy:/<<BUILDDIR>>/resolver-ckqAq8/apt_archive ./ Release [957 B]
Ign:3 copy:/<<BUILDDIR>>/resolver-ckqAq8/apt_archive ./ Release.gpg
Get:4 copy:/<<BUILDDIR>>/resolver-ckqAq8/apt_archive ./ Sources [349 B]
Get:5 copy:/<<BUILDDIR>>/resolver-ckqAq8/apt_archive ./ Packages [430 B]
Fetched 1736 B in 0s (125 kB/s)
Reading package lists...
Reading package lists...

Install core build dependencies (apt-based resolver)
----------------------------------------------------

Installing build dependencies
Reading package lists...
Building dependency tree...
Reading state information...
The following NEW packages will be installed:
  sbuild-build-depends-core-dummy
0 upgraded, 1 newly installed, 0 to remove and 0 not upgraded.
Need to get 852 B of archives.
After this operation, 0 B of additional disk space will be used.
Get:1 copy:/<<BUILDDIR>>/resolver-ckqAq8/apt_archive ./ sbuild-build-depends-core-dummy 0.invalid.0 [852 B]
debconf: delaying package configuration, since apt-utils is not installed
Fetched 852 B in 0s (0 B/s)
Selecting previously unselected package sbuild-build-depends-core-dummy.
(Reading database ... 10722 files and directories currently installed.)
Preparing to unpack .../sbuild-build-depends-core-dummy_0.invalid.0_amd64.deb ...
Unpacking sbuild-build-depends-core-dummy (0.invalid.0) ...
Setting up sbuild-build-depends-core-dummy (0.invalid.0) ...

+------------------------------------------------------------------------------+
| Check architectures                                                          |
+------------------------------------------------------------------------------+

Arch check ok (amd64 included in any)

+------------------------------------------------------------------------------+
| Install package build dependencies                                           |
+------------------------------------------------------------------------------+


Setup apt archive
-----------------

Merged Build-Depends: debhelper (>= 7.0.50~), gem2deb, libgecode-dev (>= 4.0~), ruby-rspec, rake, ruby-ffi (>= 1.9), ruby-solve
Filtered Build-Depends: debhelper (>= 7.0.50~), gem2deb, libgecode-dev (>= 4.0~), ruby-rspec, rake, ruby-ffi (>= 1.9), ruby-solve
dpkg-deb: building package 'sbuild-build-depends-ruby-dep-selector-dummy' in '/<<BUILDDIR>>/resolver-ckqAq8/apt_archive/sbuild-build-depends-ruby-dep-selector-dummy.deb'.
dpkg-scanpackages: warning: Packages in archive but missing from override file:
dpkg-scanpackages: warning:   sbuild-build-depends-core-dummy sbuild-build-depends-ruby-dep-selector-dummy
dpkg-scanpackages: info: Wrote 2 entries to output Packages file.
Ign:1 copy:/<<BUILDDIR>>/resolver-ckqAq8/apt_archive ./ InRelease
Get:2 copy:/<<BUILDDIR>>/resolver-ckqAq8/apt_archive ./ Release [963 B]
Ign:3 copy:/<<BUILDDIR>>/resolver-ckqAq8/apt_archive ./ Release.gpg
Get:4 copy:/<<BUILDDIR>>/resolver-ckqAq8/apt_archive ./ Sources [539 B]
Get:5 copy:/<<BUILDDIR>>/resolver-ckqAq8/apt_archive ./ Packages [624 B]
Fetched 2126 B in 0s (153 kB/s)
Reading package lists...
Reading package lists...

Install ruby-dep-selector build dependencies (apt-based resolver)
-----------------------------------------------------------------

Installing build dependencies
Reading package lists...
Building dependency tree...
Reading state information...
The following additional packages will be installed:
  autoconf automake autopoint autotools-dev bsdmainutils ca-certificates
  debhelper devscripts dh-autoreconf dh-python dh-strip-nondeterminism file
  fontconfig fontconfig-config fonts-dejavu-core gem2deb gem2deb-test-runner
  gettext gettext-base groff-base intltool-debian libarchive-zip-perl
  libavahi-client3 libavahi-common-data libavahi-common3 libboost-dev
  libboost1.62-dev libcroco3 libcups2 libdbus-1-3 libdouble-conversion1
  libdrm-amdgpu1 libdrm-common libdrm-dev libdrm-intel1 libdrm-nouveau2
  libdrm-radeon1 libdrm2 libegl-mesa0 libegl1 libelf1 libevdev2 libexpat1
  libfile-homedir-perl libfile-stripnondeterminism-perl libfile-which-perl
  libfontconfig1 libfreetype6 libgbm1 libgecode-dev libgecode44
  libgecodeflatzinc44 libgecodegist44 libgl1 libgl1-mesa-dev libgl1-mesa-dri
  libglapi-mesa libgles2 libglib2.0-0 libglu1-mesa libglu1-mesa-dev
  libglvnd-core-dev libglvnd-dev libglvnd0 libglx-mesa0 libglx0 libgmp-dev
  libgmpxx4ldbl libgraphite2-3 libgssapi-krb5-2 libgudev-1.0-0 libharfbuzz0b
  libice6 libicu57 libinput-bin libinput10 libjpeg62-turbo libk5crypto3
  libkeyutils1 libkrb5-3 libkrb5support0 libllvm5.0 libmagic-mgc libmagic1
  libmpdec2 libmpfr-dev libmtdev1 libopengl0 libpciaccess0 libpcre2-16-0
  libpipeline1 libpng16-16 libpthread-stubs0-dev libpython3-stdlib
  libpython3.6-minimal libpython3.6-stdlib libqt5concurrent5 libqt5core5a
  libqt5dbus5 libqt5gui5 libqt5network5 libqt5printsupport5 libqt5sql5
  libqt5test5 libqt5widgets5 libqt5xml5 libreadline7 libruby2.3 libruby2.5
  libsensors4 libsigsegv2 libsm6 libsqlite3-0 libssl1.0.2 libssl1.1
  libtimedate-perl libtool libwacom-common libwacom2 libwayland-client0
  libwayland-server0 libx11-6 libx11-data libx11-dev libx11-xcb-dev
  libx11-xcb1 libxau-dev libxau6 libxcb-dri2-0 libxcb-dri2-0-dev libxcb-dri3-0
  libxcb-dri3-dev libxcb-glx0 libxcb-glx0-dev libxcb-icccm4 libxcb-image0
  libxcb-keysyms1 libxcb-present-dev libxcb-present0 libxcb-randr0
  libxcb-randr0-dev libxcb-render-util0 libxcb-render0 libxcb-render0-dev
  libxcb-shape0 libxcb-shape0-dev libxcb-shm0 libxcb-sync-dev libxcb-sync1
  libxcb-util0 libxcb-xfixes0 libxcb-xfixes0-dev libxcb-xinerama0 libxcb-xkb1
  libxcb1 libxcb1-dev libxdamage-dev libxdamage1 libxdmcp-dev libxdmcp6
  libxext-dev libxext6 libxfixes-dev libxfixes3 libxi6 libxkbcommon-x11-0
  libxkbcommon0 libxml2 libxshmfence-dev libxshmfence1 libxxf86vm-dev
  libxxf86vm1 libyaml-0-2 lsb-base m4 man-db mesa-common-dev mime-support
  openssl po-debconf python3 python3-distutils python3-lib2to3 python3-minimal
  python3.6 python3.6-minimal qt5-qmake qt5-qmake-bin qtbase5-dev
  qtbase5-dev-tools qtchooser rake readline-common ruby ruby-all-dev
  ruby-did-you-mean ruby-diff-lcs ruby-ffi ruby-minitest ruby-molinillo
  ruby-net-telnet ruby-power-assert ruby-rspec ruby-rspec-core
  ruby-rspec-expectations ruby-rspec-mocks ruby-rspec-support ruby-semverse
  ruby-setup ruby-solve ruby-test-unit ruby-thread-order ruby2.3 ruby2.3-dev
  ruby2.5 ruby2.5-dev rubygems-integration ucf x11-common x11proto-core-dev
  x11proto-damage-dev x11proto-dri2-dev x11proto-fixes-dev x11proto-gl-dev
  x11proto-input-dev x11proto-kb-dev x11proto-xext-dev
  x11proto-xf86vidmode-dev xkb-data xorg-sgml-doctools xtrans-dev
Suggested packages:
  autoconf-archive gnu-standards autoconf-doc wamerican | wordlist whois
  vacation dh-make dwz adequate autopkgtest bls-standalone bsd-mailx | mailx
  check-all-the-things cvs-buildpackage devscripts-el diffoscope disorderfs
  dose-extra duck faketime gnuplot how-can-i-help libauthen-sasl-perl
  libfile-desktopentry-perl libnet-smtps-perl libterm-size-perl
  libyaml-syck-perl mozilla-devscripts mutt piuparts postgresql-client quilt
  ratt reprotest ssh-client svn-buildpackage w3m gettext-doc libasprintf-dev
  libgettextpo-dev groff libboost-doc libboost1.62-doc libboost-atomic1.62-dev
  libboost-chrono1.62-dev libboost-context1.62-dev libboost-coroutine1.62-dev
  libboost-date-time1.62-dev libboost-exception1.62-dev libboost-fiber1.62-dev
  libboost-filesystem1.62-dev libboost-graph1.62-dev
  libboost-graph-parallel1.62-dev libboost-iostreams1.62-dev
  libboost-locale1.62-dev libboost-log1.62-dev libboost-math1.62-dev
  libboost-mpi1.62-dev libboost-mpi-python1.62-dev
  libboost-program-options1.62-dev libboost-python1.62-dev
  libboost-random1.62-dev libboost-regex1.62-dev
  libboost-serialization1.62-dev libboost-signals1.62-dev
  libboost-system1.62-dev libboost-test1.62-dev libboost-thread1.62-dev
  libboost-timer1.62-dev libboost-type-erasure1.62-dev libboost-wave1.62-dev
  libboost1.62-tools-dev libmpfrc++-dev libntl-dev cups-common libgecode-doc
  gmp-doc libgmp10-doc krb5-doc krb5-user libmpfr-doc pciutils libthai0
  qt5-image-formats-plugins qtwayland5 lm-sensors libtool-doc gfortran
  | fortran95-compiler gcj-jdk libxcb-doc libxext-doc m4-doc less www-browser
  apparmor libmail-box-perl python3-doc python3-tk python3-venv python3.6-venv
  python3.6-doc binfmt-support default-libmysqlclient-dev firebird-dev
  libegl1-mesa-dev libpq-dev libsqlite3-dev unixodbc-dev readline-doc ri
  ruby-dev bundler
Recommended packages:
  at dctrl-tools dput | dupload gnupg | gnupg2 libdistro-info-perl
  libencode-locale-perl libgit-wrapper-perl liblist-compare-perl liburi-perl
  libwww-perl licensecheck lintian patchutils python3-apt python3-debian
  python3-magic python3-requests python3-unidiff python3-xdg strace unzip
  wdiff wget | curl debian-keyring equivs liblwp-protocol-https-perl
  libsoap-lite-perl apt-file curl | wget | lynx-cur dbus libarchive-cpio-perl
  libglib2.0-data shared-mime-info xdg-user-dirs krb5-locales
  qttranslations5-l10n libqt5svg5 qt5-gtk-platformtheme libqt5sql5-sqlite
  | libqt5sql5-mysql | libqt5sql5-odbc | libqt5sql5-psql | libqt5sql5-tds
  | libqt5sql5-ibase libltdl-dev libwacom-bin libx11-doc libmail-sendmail-perl
  libqt5opengl5-dev zip ruby-dep-selector fonts-lato libjs-jquery ruby2.5-doc
The following NEW packages will be installed:
  autoconf automake autopoint autotools-dev bsdmainutils ca-certificates
  debhelper devscripts dh-autoreconf dh-python dh-strip-nondeterminism file
  fontconfig fontconfig-config fonts-dejavu-core gem2deb gem2deb-test-runner
  gettext gettext-base groff-base intltool-debian libarchive-zip-perl
  libavahi-client3 libavahi-common-data libavahi-common3 libboost-dev
  libboost1.62-dev libcroco3 libcups2 libdbus-1-3 libdouble-conversion1
  libdrm-amdgpu1 libdrm-common libdrm-dev libdrm-intel1 libdrm-nouveau2
  libdrm-radeon1 libdrm2 libegl-mesa0 libegl1 libelf1 libevdev2 libexpat1
  libfile-homedir-perl libfile-stripnondeterminism-perl libfile-which-perl
  libfontconfig1 libfreetype6 libgbm1 libgecode-dev libgecode44
  libgecodeflatzinc44 libgecodegist44 libgl1 libgl1-mesa-dev libgl1-mesa-dri
  libglapi-mesa libgles2 libglib2.0-0 libglu1-mesa libglu1-mesa-dev
  libglvnd-core-dev libglvnd-dev libglvnd0 libglx-mesa0 libglx0 libgmp-dev
  libgmpxx4ldbl libgraphite2-3 libgssapi-krb5-2 libgudev-1.0-0 libharfbuzz0b
  libice6 libicu57 libinput-bin libinput10 libjpeg62-turbo libk5crypto3
  libkeyutils1 libkrb5-3 libkrb5support0 libllvm5.0 libmagic-mgc libmagic1
  libmpdec2 libmpfr-dev libmtdev1 libopengl0 libpciaccess0 libpcre2-16-0
  libpipeline1 libpng16-16 libpthread-stubs0-dev libpython3-stdlib
  libpython3.6-minimal libpython3.6-stdlib libqt5concurrent5 libqt5core5a
  libqt5dbus5 libqt5gui5 libqt5network5 libqt5printsupport5 libqt5sql5
  libqt5test5 libqt5widgets5 libqt5xml5 libreadline7 libruby2.3 libruby2.5
  libsensors4 libsigsegv2 libsm6 libsqlite3-0 libssl1.0.2 libssl1.1
  libtimedate-perl libtool libwacom-common libwacom2 libwayland-client0
  libwayland-server0 libx11-6 libx11-data libx11-dev libx11-xcb-dev
  libx11-xcb1 libxau-dev libxau6 libxcb-dri2-0 libxcb-dri2-0-dev libxcb-dri3-0
  libxcb-dri3-dev libxcb-glx0 libxcb-glx0-dev libxcb-icccm4 libxcb-image0
  libxcb-keysyms1 libxcb-present-dev libxcb-present0 libxcb-randr0
  libxcb-randr0-dev libxcb-render-util0 libxcb-render0 libxcb-render0-dev
  libxcb-shape0 libxcb-shape0-dev libxcb-shm0 libxcb-sync-dev libxcb-sync1
  libxcb-util0 libxcb-xfixes0 libxcb-xfixes0-dev libxcb-xinerama0 libxcb-xkb1
  libxcb1 libxcb1-dev libxdamage-dev libxdamage1 libxdmcp-dev libxdmcp6
  libxext-dev libxext6 libxfixes-dev libxfixes3 libxi6 libxkbcommon-x11-0
  libxkbcommon0 libxml2 libxshmfence-dev libxshmfence1 libxxf86vm-dev
  libxxf86vm1 libyaml-0-2 lsb-base m4 man-db mesa-common-dev mime-support
  openssl po-debconf python3 python3-distutils python3-lib2to3 python3-minimal
  python3.6 python3.6-minimal qt5-qmake qt5-qmake-bin qtbase5-dev
  qtbase5-dev-tools qtchooser rake readline-common ruby ruby-all-dev
  ruby-did-you-mean ruby-diff-lcs ruby-ffi ruby-minitest ruby-molinillo
  ruby-net-telnet ruby-power-assert ruby-rspec ruby-rspec-core
  ruby-rspec-expectations ruby-rspec-mocks ruby-rspec-support ruby-semverse
  ruby-setup ruby-solve ruby-test-unit ruby-thread-order ruby2.3 ruby2.3-dev
  ruby2.5 ruby2.5-dev rubygems-integration
  sbuild-build-depends-ruby-dep-selector-dummy ucf x11-common
  x11proto-core-dev x11proto-damage-dev x11proto-dri2-dev x11proto-fixes-dev
  x11proto-gl-dev x11proto-input-dev x11proto-kb-dev x11proto-xext-dev
  x11proto-xf86vidmode-dev xkb-data xorg-sgml-doctools xtrans-dev
0 upgraded, 232 newly installed, 0 to remove and 0 not upgraded.
Need to get 97.4 MB of archives.
After this operation, 572 MB of additional disk space will be used.
Get:1 copy:/<<BUILDDIR>>/resolver-ckqAq8/apt_archive ./ sbuild-build-depends-ruby-dep-selector-dummy 0.invalid.0 [912 B]
Get:2 http://127.0.0.1:9999/debian unstable/main amd64 groff-base amd64 1.22.3-9 [1160 kB]
Get:3 http://127.0.0.1:9999/debian unstable/main amd64 bsdmainutils amd64 11.1.2 [190 kB]
Get:4 http://127.0.0.1:9999/debian unstable/main amd64 libpipeline1 amd64 1.5.0-1 [29.0 kB]
Get:5 http://127.0.0.1:9999/debian unstable/main amd64 man-db amd64 2.8.0-2 [1170 kB]
Get:6 http://127.0.0.1:9999/debian unstable/main amd64 libexpat1 amd64 2.2.5-3 [96.8 kB]
Get:7 http://127.0.0.1:9999/debian unstable/main amd64 libpng16-16 amd64 1.6.34-1 [287 kB]
Get:8 http://127.0.0.1:9999/debian unstable/main amd64 libfreetype6 amd64 2.8.1-1 [461 kB]
Get:9 http://127.0.0.1:9999/debian unstable/main amd64 ucf all 3.0036 [70.2 kB]
Get:10 http://127.0.0.1:9999/debian unstable/main amd64 fonts-dejavu-core all 2.37-1 [1068 kB]
Get:11 http://127.0.0.1:9999/debian unstable/main amd64 fontconfig-config all 2.12.6-0.1 [304 kB]
Get:12 http://127.0.0.1:9999/debian unstable/main amd64 libfontconfig1 amd64 2.12.6-0.1 [368 kB]
Get:13 http://127.0.0.1:9999/debian unstable/main amd64 fontconfig amd64 2.12.6-0.1 [439 kB]
Get:14 http://127.0.0.1:9999/debian unstable/main amd64 libssl1.1 amd64 1.1.0g-2 [1346 kB]
Get:15 http://127.0.0.1:9999/debian unstable/main amd64 libpython3.6-minimal amd64 3.6.4-3 [571 kB]
Get:16 http://127.0.0.1:9999/debian unstable/main amd64 python3.6-minimal amd64 3.6.4-3 [1465 kB]
Get:17 http://127.0.0.1:9999/debian unstable/main amd64 python3-minimal amd64 3.6.4-1 [35.8 kB]
Get:18 http://127.0.0.1:9999/debian unstable/main amd64 mime-support all 3.60 [36.7 kB]
Get:19 http://127.0.0.1:9999/debian unstable/main amd64 libmpdec2 amd64 2.4.2-1 [85.2 kB]
Get:20 http://127.0.0.1:9999/debian unstable/main amd64 readline-common all 7.0-3 [70.4 kB]
Get:21 http://127.0.0.1:9999/debian unstable/main amd64 libreadline7 amd64 7.0-3 [151 kB]
Get:22 http://127.0.0.1:9999/debian unstable/main amd64 libsqlite3-0 amd64 3.22.0-1 [595 kB]
Get:23 http://127.0.0.1:9999/debian unstable/main amd64 libpython3.6-stdlib amd64 3.6.4-3 [1644 kB]
Get:24 http://127.0.0.1:9999/debian unstable/main amd64 python3-lib2to3 all 3.6.4-3 [78.8 kB]
Get:25 http://127.0.0.1:9999/debian unstable/main amd64 python3-distutils all 3.6.4-3 [147 kB]
Get:26 http://127.0.0.1:9999/debian unstable/main amd64 python3.6 amd64 3.6.4-3 [223 kB]
Get:27 http://127.0.0.1:9999/debian unstable/main amd64 libpython3-stdlib amd64 3.6.4-1 [19.3 kB]
Get:28 http://127.0.0.1:9999/debian unstable/main amd64 dh-python all 2.20170125 [86.8 kB]
Get:29 http://127.0.0.1:9999/debian unstable/main amd64 python3 amd64 3.6.4-1 [22.3 kB]
Get:30 http://127.0.0.1:9999/debian unstable/main amd64 libmagic-mgc amd64 1:5.32-1 [225 kB]
Get:31 http://127.0.0.1:9999/debian unstable/main amd64 libmagic1 amd64 1:5.32-1 [111 kB]
Get:32 http://127.0.0.1:9999/debian unstable/main amd64 file amd64 1:5.32-1 [64.4 kB]
Get:33 http://127.0.0.1:9999/debian unstable/main amd64 gettext-base amd64 0.19.8.1-4 [122 kB]
Get:34 http://127.0.0.1:9999/debian unstable/main amd64 libsigsegv2 amd64 2.12-1 [32.7 kB]
Get:35 http://127.0.0.1:9999/debian unstable/main amd64 m4 amd64 1.4.18-1 [202 kB]
Get:36 http://127.0.0.1:9999/debian unstable/main amd64 autoconf all 2.69-11 [341 kB]
Get:37 http://127.0.0.1:9999/debian unstable/main amd64 autotools-dev all 20171216.1 [75.9 kB]
Get:38 http://127.0.0.1:9999/debian unstable/main amd64 automake all 1:1.15.1-3 [736 kB]
Get:39 http://127.0.0.1:9999/debian unstable/main amd64 autopoint all 0.19.8.1-4 [434 kB]
Get:40 http://127.0.0.1:9999/debian unstable/main amd64 openssl amd64 1.1.0g-2 [741 kB]
Get:41 http://127.0.0.1:9999/debian unstable/main amd64 ca-certificates all 20170717 [178 kB]
Get:42 http://127.0.0.1:9999/debian unstable/main amd64 libtool all 2.4.6-2 [545 kB]
Get:43 http://127.0.0.1:9999/debian unstable/main amd64 dh-autoreconf all 16 [16.3 kB]
Get:44 http://127.0.0.1:9999/debian unstable/main amd64 libarchive-zip-perl all 1.60-1 [95.6 kB]
Get:45 http://127.0.0.1:9999/debian unstable/main amd64 libfile-stripnondeterminism-perl all 0.040-1 [18.4 kB]
Get:46 http://127.0.0.1:9999/debian unstable/main amd64 libtimedate-perl all 2.3000-2 [42.2 kB]
Get:47 http://127.0.0.1:9999/debian unstable/main amd64 dh-strip-nondeterminism all 0.040-1 [11.8 kB]
Get:48 http://127.0.0.1:9999/debian unstable/main amd64 libglib2.0-0 amd64 2.54.3-2 [2822 kB]
Get:49 http://127.0.0.1:9999/debian unstable/main amd64 libicu57 amd64 57.1-8 [7699 kB]
Get:50 http://127.0.0.1:9999/debian unstable/main amd64 libxml2 amd64 2.9.4+dfsg1-6.1 [725 kB]
Get:51 http://127.0.0.1:9999/debian unstable/main amd64 libcroco3 amd64 0.6.12-2 [144 kB]
Get:52 http://127.0.0.1:9999/debian unstable/main amd64 gettext amd64 0.19.8.1-4 [1302 kB]
Get:53 http://127.0.0.1:9999/debian unstable/main amd64 intltool-debian all 0.35.0+20060710.4 [26.3 kB]
Get:54 http://127.0.0.1:9999/debian unstable/main amd64 po-debconf all 1.0.20 [247 kB]
Get:55 http://127.0.0.1:9999/debian unstable/main amd64 debhelper all 11.1.4 [1005 kB]
Get:56 http://127.0.0.1:9999/debian unstable/main amd64 libfile-which-perl all 1.21-1 [14.3 kB]
Get:57 http://127.0.0.1:9999/debian unstable/main amd64 libfile-homedir-perl all 1.002-1 [42.3 kB]
Get:58 http://127.0.0.1:9999/debian unstable/main amd64 devscripts amd64 2.17.12 [972 kB]
Get:59 http://127.0.0.1:9999/debian unstable/main amd64 rubygems-integration all 1.11 [4994 B]
Get:60 http://127.0.0.1:9999/debian unstable/main amd64 ruby-did-you-mean all 1.0.0-2 [11.2 kB]
Get:61 http://127.0.0.1:9999/debian unstable/main amd64 ruby-minitest all 5.10.3-1 [53.5 kB]
Get:62 http://127.0.0.1:9999/debian unstable/main amd64 ruby-net-telnet all 0.1.1-2 [12.5 kB]
Get:63 http://127.0.0.1:9999/debian unstable/main amd64 ruby-power-assert all 0.3.0-1 [7902 B]
Get:64 http://127.0.0.1:9999/debian unstable/main amd64 ruby-test-unit all 3.2.5-1 [71.7 kB]
Get:65 http://127.0.0.1:9999/debian unstable/main amd64 libssl1.0.2 amd64 1.0.2n-1 [1296 kB]
Get:66 http://127.0.0.1:9999/debian unstable/main amd64 libyaml-0-2 amd64 0.1.7-2 [47.6 kB]
Get:67 http://127.0.0.1:9999/debian unstable/main amd64 libruby2.3 amd64 2.3.6-2 [3134 kB]
Get:68 http://127.0.0.1:9999/debian unstable/main amd64 ruby2.3 amd64 2.3.6-2 [197 kB]
Get:69 http://127.0.0.1:9999/debian unstable/main amd64 ruby amd64 1:2.5~1 [11.0 kB]
Get:70 http://127.0.0.1:9999/debian unstable/main amd64 rake all 12.3.0-1 [46.4 kB]
Get:71 http://127.0.0.1:9999/debian unstable/main amd64 gem2deb-test-runner amd64 0.36 [20.9 kB]
Get:72 http://127.0.0.1:9999/debian unstable/main amd64 libgmpxx4ldbl amd64 2:6.1.2+dfsg-2 [22.5 kB]
Get:73 http://127.0.0.1:9999/debian unstable/main amd64 libgmp-dev amd64 2:6.1.2+dfsg-2 [632 kB]
Get:74 http://127.0.0.1:9999/debian unstable/main amd64 ruby2.3-dev amd64 2.3.6-2 [1193 kB]
Get:75 http://127.0.0.1:9999/debian unstable/main amd64 libruby2.5 amd64 2.5.0-4 [3386 kB]
Get:76 http://127.0.0.1:9999/debian unstable/main amd64 ruby2.5 amd64 2.5.0-4 [364 kB]
Get:77 http://127.0.0.1:9999/debian unstable/main amd64 ruby2.5-dev amd64 2.5.0-4 [379 kB]
Get:78 http://127.0.0.1:9999/debian unstable/main amd64 ruby-all-dev amd64 1:2.5~1 [10.5 kB]
Get:79 http://127.0.0.1:9999/debian unstable/main amd64 ruby-setup all 3.4.1-9 [34.2 kB]
Get:80 http://127.0.0.1:9999/debian unstable/main amd64 gem2deb amd64 0.36 [58.2 kB]
Get:81 http://127.0.0.1:9999/debian unstable/main amd64 libavahi-common-data amd64 0.7-3.1 [122 kB]
Get:82 http://127.0.0.1:9999/debian unstable/main amd64 libavahi-common3 amd64 0.7-3.1 [54.3 kB]
Get:83 http://127.0.0.1:9999/debian unstable/main amd64 libdbus-1-3 amd64 1.12.2-1 [208 kB]
Get:84 http://127.0.0.1:9999/debian unstable/main amd64 libavahi-client3 amd64 0.7-3.1 [57.6 kB]
Get:85 http://127.0.0.1:9999/debian unstable/main amd64 libboost1.62-dev amd64 1.62.0+dfsg-5 [7004 kB]
Get:86 http://127.0.0.1:9999/debian unstable/main amd64 libboost-dev amd64 1.62.0.1 [3632 B]
Get:87 http://127.0.0.1:9999/debian unstable/main amd64 libkeyutils1 amd64 1.5.9-9.2 [12.9 kB]
Get:88 http://127.0.0.1:9999/debian unstable/main amd64 libkrb5support0 amd64 1.16-2 [62.8 kB]
Get:89 http://127.0.0.1:9999/debian unstable/main amd64 libk5crypto3 amd64 1.16-2 [121 kB]
Get:90 http://127.0.0.1:9999/debian unstable/main amd64 libkrb5-3 amd64 1.16-2 [316 kB]
Get:91 http://127.0.0.1:9999/debian unstable/main amd64 libgssapi-krb5-2 amd64 1.16-2 [158 kB]
Get:92 http://127.0.0.1:9999/debian unstable/main amd64 libcups2 amd64 2.2.6-4 [319 kB]
Get:93 http://127.0.0.1:9999/debian unstable/main amd64 libdouble-conversion1 amd64 2.0.1-4 [33.7 kB]
Get:94 http://127.0.0.1:9999/debian unstable/main amd64 libdrm-common all 2.4.89-1 [13.4 kB]
Get:95 http://127.0.0.1:9999/debian unstable/main amd64 libdrm2 amd64 2.4.89-1 [39.8 kB]
Get:96 http://127.0.0.1:9999/debian unstable/main amd64 libdrm-amdgpu1 amd64 2.4.89-1 [28.2 kB]
Get:97 http://127.0.0.1:9999/debian unstable/main amd64 libpciaccess0 amd64 0.13.4-1+b2 [50.0 kB]
Get:98 http://127.0.0.1:9999/debian unstable/main amd64 libdrm-intel1 amd64 2.4.89-1 [69.3 kB]
Get:99 http://127.0.0.1:9999/debian unstable/main amd64 libdrm-radeon1 amd64 2.4.89-1 [31.0 kB]
Get:100 http://127.0.0.1:9999/debian unstable/main amd64 libdrm-nouveau2 amd64 2.4.89-1 [25.9 kB]
Get:101 http://127.0.0.1:9999/debian unstable/main amd64 libdrm-dev amd64 2.4.89-1 [247 kB]
Get:102 http://127.0.0.1:9999/debian unstable/main amd64 libwayland-server0 amd64 1.14.0-1+b1 [31.1 kB]
Get:103 http://127.0.0.1:9999/debian unstable/main amd64 libgbm1 amd64 17.3.3-1 [63.5 kB]
Get:104 http://127.0.0.1:9999/debian unstable/main amd64 libglapi-mesa amd64 17.3.3-1 [61.2 kB]
Get:105 http://127.0.0.1:9999/debian unstable/main amd64 libwayland-client0 amd64 1.14.0-1+b1 [25.1 kB]
Get:106 http://127.0.0.1:9999/debian unstable/main amd64 libxau6 amd64 1:1.0.8-1+b2 [19.9 kB]
Get:107 http://127.0.0.1:9999/debian unstable/main amd64 libxdmcp6 amd64 1:1.1.2-3 [26.3 kB]
Get:108 http://127.0.0.1:9999/debian unstable/main amd64 libxcb1 amd64 1.12-1 [133 kB]
Get:109 http://127.0.0.1:9999/debian unstable/main amd64 libx11-data all 2:1.6.4-3 [290 kB]
Get:110 http://127.0.0.1:9999/debian unstable/main amd64 libx11-6 amd64 2:1.6.4-3 [747 kB]
Get:111 http://127.0.0.1:9999/debian unstable/main amd64 libx11-xcb1 amd64 2:1.6.4-3 [183 kB]
Get:112 http://127.0.0.1:9999/debian unstable/main amd64 libxcb-dri2-0 amd64 1.12-1 [97.2 kB]
Get:113 http://127.0.0.1:9999/debian unstable/main amd64 libxcb-dri3-0 amd64 1.12-1 [95.6 kB]
Get:114 http://127.0.0.1:9999/debian unstable/main amd64 libxcb-present0 amd64 1.12-1 [95.8 kB]
Get:115 http://127.0.0.1:9999/debian unstable/main amd64 libxcb-sync1 amd64 1.12-1 [99.2 kB]
Get:116 http://127.0.0.1:9999/debian unstable/main amd64 libxcb-xfixes0 amd64 1.12-1 [99.6 kB]
Get:117 http://127.0.0.1:9999/debian unstable/main amd64 libxshmfence1 amd64 1.2-1+b2 [7922 B]
Get:118 http://127.0.0.1:9999/debian unstable/main amd64 libegl-mesa0 amd64 17.3.3-1 [122 kB]
Get:119 http://127.0.0.1:9999/debian unstable/main amd64 libelf1 amd64 0.170-0.3 [162 kB]
Get:120 http://127.0.0.1:9999/debian unstable/main amd64 libevdev2 amd64 1.5.8+dfsg-1 [30.4 kB]
Get:121 http://127.0.0.1:9999/debian unstable/main amd64 libgecode44 amd64 5.1.0-2+b1 [2380 kB]
Get:122 http://127.0.0.1:9999/debian unstable/main amd64 libglvnd0 amd64 1.0.0-2 [46.5 kB]
Get:123 http://127.0.0.1:9999/debian unstable/main amd64 libxext6 amd64 2:1.3.3-1+b2 [52.5 kB]
Get:124 http://127.0.0.1:9999/debian unstable/main amd64 libxcb-glx0 amd64 1.12-1 [113 kB]
Get:125 http://127.0.0.1:9999/debian unstable/main amd64 libxfixes3 amd64 1:5.0.3-1 [21.9 kB]
Get:126 http://127.0.0.1:9999/debian unstable/main amd64 libxdamage1 amd64 1:1.1.4-3 [14.4 kB]
Get:127 http://127.0.0.1:9999/debian unstable/main amd64 libxxf86vm1 amd64 1:1.1.4-1+b2 [20.8 kB]
Get:128 http://127.0.0.1:9999/debian unstable/main amd64 libllvm5.0 amd64 1:5.0.1-2 [13.7 MB]
Get:129 http://127.0.0.1:9999/debian unstable/main amd64 libsensors4 amd64 1:3.4.0-4 [53.3 kB]
Get:130 http://127.0.0.1:9999/debian unstable/main amd64 libgl1-mesa-dri amd64 17.3.3-1 [5900 kB]
Get:131 http://127.0.0.1:9999/debian unstable/main amd64 libglx-mesa0 amd64 17.3.3-1 [171 kB]
Get:132 http://127.0.0.1:9999/debian unstable/main amd64 libglx0 amd64 1.0.0-2 [29.5 kB]
Get:133 http://127.0.0.1:9999/debian unstable/main amd64 libgl1 amd64 1.0.0-2 [88.8 kB]
Get:134 http://127.0.0.1:9999/debian unstable/main amd64 libpcre2-16-0 amd64 10.22-6 [174 kB]
Get:135 http://127.0.0.1:9999/debian unstable/main amd64 libqt5core5a amd64 5.9.2+dfsg-9 [1930 kB]
Get:136 http://127.0.0.1:9999/debian unstable/main amd64 libegl1 amd64 1.0.0-2 [33.4 kB]
Get:137 http://127.0.0.1:9999/debian unstable/main amd64 libgraphite2-3 amd64 1.3.10-8 [84.2 kB]
Get:138 http://127.0.0.1:9999/debian unstable/main amd64 libharfbuzz0b amd64 1.7.2-1 [738 kB]
Get:139 http://127.0.0.1:9999/debian unstable/main amd64 lsb-base all 9.20170808 [28.1 kB]
Get:140 http://127.0.0.1:9999/debian unstable/main amd64 x11-common all 1:7.7+19 [251 kB]
Get:141 http://127.0.0.1:9999/debian unstable/main amd64 libice6 amd64 2:1.0.9-2 [58.7 kB]
Get:142 http://127.0.0.1:9999/debian unstable/main amd64 libmtdev1 amd64 1.1.5-1+b1 [22.3 kB]
Get:143 http://127.0.0.1:9999/debian unstable/main amd64 libgudev-1.0-0 amd64 232-2 [13.6 kB]
Get:144 http://127.0.0.1:9999/debian unstable/main amd64 libwacom-common all 0.26-1 [35.6 kB]
Get:145 http://127.0.0.1:9999/debian unstable/main amd64 libwacom2 amd64 0.26-1 [17.7 kB]
Get:146 http://127.0.0.1:9999/debian unstable/main amd64 libinput-bin amd64 1.9.4-2 [13.2 kB]
Get:147 http://127.0.0.1:9999/debian unstable/main amd64 libinput10 amd64 1.9.4-2 [88.0 kB]
Get:148 http://127.0.0.1:9999/debian unstable/main amd64 libjpeg62-turbo amd64 1:1.5.2-2+b1 [134 kB]
Get:149 http://127.0.0.1:9999/debian unstable/main amd64 libqt5dbus5 amd64 5.9.2+dfsg-9 [223 kB]
Get:150 http://127.0.0.1:9999/debian unstable/main amd64 libqt5network5 amd64 5.9.2+dfsg-9 [660 kB]
Get:151 http://127.0.0.1:9999/debian unstable/main amd64 libsm6 amd64 2:1.2.2-1+b3 [33.3 kB]
Get:152 http://127.0.0.1:9999/debian unstable/main amd64 libxcb-icccm4 amd64 0.4.1-1+b1 [27.4 kB]
Get:153 http://127.0.0.1:9999/debian unstable/main amd64 libxcb-shm0 amd64 1.12-1 [95.9 kB]
Get:154 http://127.0.0.1:9999/debian unstable/main amd64 libxcb-util0 amd64 0.3.8-3+b2 [23.0 kB]
Get:155 http://127.0.0.1:9999/debian unstable/main amd64 libxcb-image0 amd64 0.4.0-1+b2 [24.4 kB]
Get:156 http://127.0.0.1:9999/debian unstable/main amd64 libxcb-keysyms1 amd64 0.4.0-1+b2 [16.4 kB]
Get:157 http://127.0.0.1:9999/debian unstable/main amd64 libxcb-randr0 amd64 1.12-1 [107 kB]
Get:158 http://127.0.0.1:9999/debian unstable/main amd64 libxcb-render0 amd64 1.12-1 [105 kB]
Get:159 http://127.0.0.1:9999/debian unstable/main amd64 libxcb-render-util0 amd64 0.3.9-1+b1 [18.3 kB]
Get:160 http://127.0.0.1:9999/debian unstable/main amd64 libxcb-shape0 amd64 1.12-1 [96.2 kB]
Get:161 http://127.0.0.1:9999/debian unstable/main amd64 libxcb-xinerama0 amd64 1.12-1 [95.5 kB]
Get:162 http://127.0.0.1:9999/debian unstable/main amd64 libxcb-xkb1 amd64 1.12-1 [120 kB]
Get:163 http://127.0.0.1:9999/debian unstable/main amd64 libxi6 amd64 2:1.7.9-1 [82.6 kB]
Get:164 http://127.0.0.1:9999/debian unstable/main amd64 xkb-data all 2.23.1-1 [675 kB]
Get:165 http://127.0.0.1:9999/debian unstable/main amd64 libxkbcommon0 amd64 0.8.0-1 [123 kB]
Get:166 http://127.0.0.1:9999/debian unstable/main amd64 libxkbcommon-x11-0 amd64 0.8.0-1 [39.2 kB]
Get:167 http://127.0.0.1:9999/debian unstable/main amd64 libqt5gui5 amd64 5.9.2+dfsg-9 [2593 kB]
Get:168 http://127.0.0.1:9999/debian unstable/main amd64 libqt5widgets5 amd64 5.9.2+dfsg-9 [2231 kB]
Get:169 http://127.0.0.1:9999/debian unstable/main amd64 libqt5printsupport5 amd64 5.9.2+dfsg-9 [204 kB]
Get:170 http://127.0.0.1:9999/debian unstable/main amd64 libgecodegist44 amd64 5.1.0-2+b1 [168 kB]
Get:171 http://127.0.0.1:9999/debian unstable/main amd64 libgecodeflatzinc44 amd64 5.1.0-2+b1 [229 kB]
Get:172 http://127.0.0.1:9999/debian unstable/main amd64 xorg-sgml-doctools all 1:1.11-1 [21.9 kB]
Get:173 http://127.0.0.1:9999/debian unstable/main amd64 x11proto-core-dev all 7.0.31-1 [728 kB]
Get:174 http://127.0.0.1:9999/debian unstable/main amd64 libxau-dev amd64 1:1.0.8-1+b2 [23.1 kB]
Get:175 http://127.0.0.1:9999/debian unstable/main amd64 libxdmcp-dev amd64 1:1.1.2-3 [42.2 kB]
Get:176 http://127.0.0.1:9999/debian unstable/main amd64 x11proto-input-dev all 2.3.2-1 [158 kB]
Get:177 http://127.0.0.1:9999/debian unstable/main amd64 x11proto-kb-dev all 1.0.7-1 [233 kB]
Get:178 http://127.0.0.1:9999/debian unstable/main amd64 xtrans-dev all 1.3.5-1 [100 kB]
Get:179 http://127.0.0.1:9999/debian unstable/main amd64 libpthread-stubs0-dev amd64 0.3-4 [3866 B]
Get:180 http://127.0.0.1:9999/debian unstable/main amd64 libxcb1-dev amd64 1.12-1 [169 kB]
Get:181 http://127.0.0.1:9999/debian unstable/main amd64 libx11-dev amd64 2:1.6.4-3 [815 kB]
Get:182 http://127.0.0.1:9999/debian unstable/main amd64 mesa-common-dev amd64 17.3.3-1 [560 kB]
Get:183 http://127.0.0.1:9999/debian unstable/main amd64 libglvnd-core-dev amd64 1.0.0-2 [12.8 kB]
Get:184 http://127.0.0.1:9999/debian unstable/main amd64 libgles2 amd64 1.0.0-2 [18.7 kB]
Get:185 http://127.0.0.1:9999/debian unstable/main amd64 libopengl0 amd64 1.0.0-2 [32.5 kB]
Get:186 http://127.0.0.1:9999/debian unstable/main amd64 libglvnd-dev amd64 1.0.0-2 [4736 B]
Get:187 http://127.0.0.1:9999/debian unstable/main amd64 libx11-xcb-dev amd64 2:1.6.4-3 [185 kB]
Get:188 http://127.0.0.1:9999/debian unstable/main amd64 libxcb-dri3-dev amd64 1.12-1 [96.1 kB]
Get:189 http://127.0.0.1:9999/debian unstable/main amd64 libxcb-render0-dev amd64 1.12-1 [109 kB]
Get:190 http://127.0.0.1:9999/debian unstable/main amd64 libxcb-randr0-dev amd64 1.12-1 [110 kB]
Get:191 http://127.0.0.1:9999/debian unstable/main amd64 libxcb-shape0-dev amd64 1.12-1 [97.4 kB]
Get:192 http://127.0.0.1:9999/debian unstable/main amd64 libxcb-xfixes0-dev amd64 1.12-1 [102 kB]
Get:193 http://127.0.0.1:9999/debian unstable/main amd64 libxcb-sync-dev amd64 1.12-1 [101 kB]
Get:194 http://127.0.0.1:9999/debian unstable/main amd64 libxcb-present-dev amd64 1.12-1 [97.2 kB]
Get:195 http://127.0.0.1:9999/debian unstable/main amd64 libxshmfence-dev amd64 1.2-1+b2 [7420 B]
Get:196 http://127.0.0.1:9999/debian unstable/main amd64 libxcb-dri2-0-dev amd64 1.12-1 [98.8 kB]
Get:197 http://127.0.0.1:9999/debian unstable/main amd64 libxcb-glx0-dev amd64 1.12-1 [118 kB]
Get:198 http://127.0.0.1:9999/debian unstable/main amd64 x11proto-xext-dev all 7.3.0-1 [212 kB]
Get:199 http://127.0.0.1:9999/debian unstable/main amd64 x11proto-fixes-dev all 1:5.0-2 [19.2 kB]
Get:200 http://127.0.0.1:9999/debian unstable/main amd64 libxfixes-dev amd64 1:5.0.3-1 [23.8 kB]
Get:201 http://127.0.0.1:9999/debian unstable/main amd64 x11proto-damage-dev all 1:1.2.1-2 [11.8 kB]
Get:202 http://127.0.0.1:9999/debian unstable/main amd64 libxdamage-dev amd64 1:1.1.4-3 [14.3 kB]
Get:203 http://127.0.0.1:9999/debian unstable/main amd64 libxext-dev amd64 2:1.3.3-1+b2 [107 kB]
Get:204 http://127.0.0.1:9999/debian unstable/main amd64 x11proto-xf86vidmode-dev all 2.3.1-2 [6114 B]
Get:205 http://127.0.0.1:9999/debian unstable/main amd64 libxxf86vm-dev amd64 1:1.1.4-1+b2 [25.4 kB]
Get:206 http://127.0.0.1:9999/debian unstable/main amd64 x11proto-dri2-dev all 2.8-2 [18.2 kB]
Get:207 http://127.0.0.1:9999/debian unstable/main amd64 x11proto-gl-dev all 1.4.17-1 [28.0 kB]
Get:208 http://127.0.0.1:9999/debian unstable/main amd64 libgl1-mesa-dev amd64 17.3.3-1 [43.3 kB]
Get:209 http://127.0.0.1:9999/debian unstable/main amd64 libglu1-mesa amd64 9.0.0-2.1 [168 kB]
Get:210 http://127.0.0.1:9999/debian unstable/main amd64 libglu1-mesa-dev amd64 9.0.0-2.1 [202 kB]
Get:211 http://127.0.0.1:9999/debian unstable/main amd64 libqt5concurrent5 amd64 5.9.2+dfsg-9 [56.2 kB]
Get:212 http://127.0.0.1:9999/debian unstable/main amd64 libqt5sql5 amd64 5.9.2+dfsg-9 [141 kB]
Get:213 http://127.0.0.1:9999/debian unstable/main amd64 libqt5test5 amd64 5.9.2+dfsg-9 [125 kB]
Get:214 http://127.0.0.1:9999/debian unstable/main amd64 libqt5xml5 amd64 5.9.2+dfsg-9 [126 kB]
Get:215 http://127.0.0.1:9999/debian unstable/main amd64 qt5-qmake-bin amd64 5.9.2+dfsg-9 [963 kB]
Get:216 http://127.0.0.1:9999/debian unstable/main amd64 qtchooser amd64 64-ga1b6736-5 [25.5 kB]
Get:217 http://127.0.0.1:9999/debian unstable/main amd64 qt5-qmake amd64 5.9.2+dfsg-9 [214 kB]
Get:218 http://127.0.0.1:9999/debian unstable/main amd64 qtbase5-dev-tools amd64 5.9.2+dfsg-9 [763 kB]
Get:219 http://127.0.0.1:9999/debian unstable/main amd64 qtbase5-dev amd64 5.9.2+dfsg-9 [985 kB]
Get:220 http://127.0.0.1:9999/debian unstable/main amd64 libmpfr-dev amd64 4.0.1~rc2-1 [255 kB]
Get:221 http://127.0.0.1:9999/debian unstable/main amd64 libgecode-dev amd64 5.1.0-2+b1 [486 kB]
Get:222 http://127.0.0.1:9999/debian unstable/main amd64 ruby-diff-lcs all 1.3-1 [25.7 kB]
Get:223 http://127.0.0.1:9999/debian unstable/main amd64 ruby-ffi amd64 1.9.10debian-1+b3 [94.8 kB]
Get:224 http://127.0.0.1:9999/debian unstable/main amd64 ruby-molinillo all 0.5.0-2 [15.1 kB]
Get:225 http://127.0.0.1:9999/debian unstable/main amd64 ruby-rspec-support all 3.7.0c1e0m0s1-1 [31.0 kB]
Get:226 http://127.0.0.1:9999/debian unstable/main amd64 ruby-rspec-expectations all 3.7.0c1e0m0s1-1 [100 kB]
Get:227 http://127.0.0.1:9999/debian unstable/main amd64 ruby-rspec-mocks all 3.7.0c1e0m0s1-1 [93.6 kB]
Get:228 http://127.0.0.1:9999/debian unstable/main amd64 ruby-thread-order all 1.1.0-1 [5096 B]
Get:229 http://127.0.0.1:9999/debian unstable/main amd64 ruby-rspec-core all 3.7.0c1e0m0s1-1 [186 kB]
Get:230 http://127.0.0.1:9999/debian unstable/main amd64 ruby-rspec all 3.7.0c1e0m0s1-1 [7408 B]
Get:231 http://127.0.0.1:9999/debian unstable/main amd64 ruby-semverse all 2.0.0-1 [6818 B]
Get:232 http://127.0.0.1:9999/debian unstable/main amd64 ruby-solve all 3.0.1-1 [13.0 kB]
debconf: delaying package configuration, since apt-utils is not installed
Fetched 97.4 MB in 1s (85.0 MB/s)
Selecting previously unselected package groff-base.
(Reading database ... 10722 files and directories currently installed.)
Preparing to unpack .../00-groff-base_1.22.3-9_amd64.deb ...
Unpacking groff-base (1.22.3-9) ...
Selecting previously unselected package bsdmainutils.
Preparing to unpack .../01-bsdmainutils_11.1.2_amd64.deb ...
Unpacking bsdmainutils (11.1.2) ...
Selecting previously unselected package libpipeline1:amd64.
Preparing to unpack .../02-libpipeline1_1.5.0-1_amd64.deb ...
Unpacking libpipeline1:amd64 (1.5.0-1) ...
Selecting previously unselected package man-db.
Preparing to unpack .../03-man-db_2.8.0-2_amd64.deb ...
Unpacking man-db (2.8.0-2) ...
Selecting previously unselected package libexpat1:amd64.
Preparing to unpack .../04-libexpat1_2.2.5-3_amd64.deb ...
Unpacking libexpat1:amd64 (2.2.5-3) ...
Selecting previously unselected package libpng16-16:amd64.
Preparing to unpack .../05-libpng16-16_1.6.34-1_amd64.deb ...
Unpacking libpng16-16:amd64 (1.6.34-1) ...
Selecting previously unselected package libfreetype6:amd64.
Preparing to unpack .../06-libfreetype6_2.8.1-1_amd64.deb ...
Unpacking libfreetype6:amd64 (2.8.1-1) ...
Selecting previously unselected package ucf.
Preparing to unpack .../07-ucf_3.0036_all.deb ...
Moving old data out of the way
Unpacking ucf (3.0036) ...
Selecting previously unselected package fonts-dejavu-core.
Preparing to unpack .../08-fonts-dejavu-core_2.37-1_all.deb ...
Unpacking fonts-dejavu-core (2.37-1) ...
Selecting previously unselected package fontconfig-config.
Preparing to unpack .../09-fontconfig-config_2.12.6-0.1_all.deb ...
Unpacking fontconfig-config (2.12.6-0.1) ...
Selecting previously unselected package libfontconfig1:amd64.
Preparing to unpack .../10-libfontconfig1_2.12.6-0.1_amd64.deb ...
Unpacking libfontconfig1:amd64 (2.12.6-0.1) ...
Selecting previously unselected package fontconfig.
Preparing to unpack .../11-fontconfig_2.12.6-0.1_amd64.deb ...
Unpacking fontconfig (2.12.6-0.1) ...
Selecting previously unselected package libssl1.1:amd64.
Preparing to unpack .../12-libssl1.1_1.1.0g-2_amd64.deb ...
Unpacking libssl1.1:amd64 (1.1.0g-2) ...
Selecting previously unselected package libpython3.6-minimal:amd64.
Preparing to unpack .../13-libpython3.6-minimal_3.6.4-3_amd64.deb ...
Unpacking libpython3.6-minimal:amd64 (3.6.4-3) ...
Selecting previously unselected package python3.6-minimal.
Preparing to unpack .../14-python3.6-minimal_3.6.4-3_amd64.deb ...
Unpacking python3.6-minimal (3.6.4-3) ...
Selecting previously unselected package python3-minimal.
Preparing to unpack .../15-python3-minimal_3.6.4-1_amd64.deb ...
Unpacking python3-minimal (3.6.4-1) ...
Selecting previously unselected package mime-support.
Preparing to unpack .../16-mime-support_3.60_all.deb ...
Unpacking mime-support (3.60) ...
Selecting previously unselected package libmpdec2:amd64.
Preparing to unpack .../17-libmpdec2_2.4.2-1_amd64.deb ...
Unpacking libmpdec2:amd64 (2.4.2-1) ...
Selecting previously unselected package readline-common.
Preparing to unpack .../18-readline-common_7.0-3_all.deb ...
Unpacking readline-common (7.0-3) ...
Selecting previously unselected package libreadline7:amd64.
Preparing to unpack .../19-libreadline7_7.0-3_amd64.deb ...
Unpacking libreadline7:amd64 (7.0-3) ...
Selecting previously unselected package libsqlite3-0:amd64.
Preparing to unpack .../20-libsqlite3-0_3.22.0-1_amd64.deb ...
Unpacking libsqlite3-0:amd64 (3.22.0-1) ...
Selecting previously unselected package libpython3.6-stdlib:amd64.
Preparing to unpack .../21-libpython3.6-stdlib_3.6.4-3_amd64.deb ...
Unpacking libpython3.6-stdlib:amd64 (3.6.4-3) ...
Selecting previously unselected package python3-lib2to3.
Preparing to unpack .../22-python3-lib2to3_3.6.4-3_all.deb ...
Unpacking python3-lib2to3 (3.6.4-3) ...
Selecting previously unselected package python3-distutils.
Preparing to unpack .../23-python3-distutils_3.6.4-3_all.deb ...
Unpacking python3-distutils (3.6.4-3) ...
Selecting previously unselected package python3.6.
Preparing to unpack .../24-python3.6_3.6.4-3_amd64.deb ...
Unpacking python3.6 (3.6.4-3) ...
Selecting previously unselected package libpython3-stdlib:amd64.
Preparing to unpack .../25-libpython3-stdlib_3.6.4-1_amd64.deb ...
Unpacking libpython3-stdlib:amd64 (3.6.4-1) ...
Selecting previously unselected package dh-python.
Preparing to unpack .../26-dh-python_2.20170125_all.deb ...
Unpacking dh-python (2.20170125) ...
Setting up libssl1.1:amd64 (1.1.0g-2) ...
Setting up libpython3.6-minimal:amd64 (3.6.4-3) ...
Setting up libexpat1:amd64 (2.2.5-3) ...
Setting up python3.6-minimal (3.6.4-3) ...
Setting up python3-minimal (3.6.4-1) ...
Selecting previously unselected package python3.
(Reading database ... 12558 files and directories currently installed.)
Preparing to unpack .../000-python3_3.6.4-1_amd64.deb ...
Unpacking python3 (3.6.4-1) ...
Selecting previously unselected package libmagic-mgc.
Preparing to unpack .../001-libmagic-mgc_1%3a5.32-1_amd64.deb ...
Unpacking libmagic-mgc (1:5.32-1) ...
Selecting previously unselected package libmagic1:amd64.
Preparing to unpack .../002-libmagic1_1%3a5.32-1_amd64.deb ...
Unpacking libmagic1:amd64 (1:5.32-1) ...
Selecting previously unselected package file.
Preparing to unpack .../003-file_1%3a5.32-1_amd64.deb ...
Unpacking file (1:5.32-1) ...
Selecting previously unselected package gettext-base.
Preparing to unpack .../004-gettext-base_0.19.8.1-4_amd64.deb ...
Unpacking gettext-base (0.19.8.1-4) ...
Selecting previously unselected package libsigsegv2:amd64.
Preparing to unpack .../005-libsigsegv2_2.12-1_amd64.deb ...
Unpacking libsigsegv2:amd64 (2.12-1) ...
Selecting previously unselected package m4.
Preparing to unpack .../006-m4_1.4.18-1_amd64.deb ...
Unpacking m4 (1.4.18-1) ...
Selecting previously unselected package autoconf.
Preparing to unpack .../007-autoconf_2.69-11_all.deb ...
Unpacking autoconf (2.69-11) ...
Selecting previously unselected package autotools-dev.
Preparing to unpack .../008-autotools-dev_20171216.1_all.deb ...
Unpacking autotools-dev (20171216.1) ...
Selecting previously unselected package automake.
Preparing to unpack .../009-automake_1%3a1.15.1-3_all.deb ...
Unpacking automake (1:1.15.1-3) ...
Selecting previously unselected package autopoint.
Preparing to unpack .../010-autopoint_0.19.8.1-4_all.deb ...
Unpacking autopoint (0.19.8.1-4) ...
Selecting previously unselected package openssl.
Preparing to unpack .../011-openssl_1.1.0g-2_amd64.deb ...
Unpacking openssl (1.1.0g-2) ...
Selecting previously unselected package ca-certificates.
Preparing to unpack .../012-ca-certificates_20170717_all.deb ...
Unpacking ca-certificates (20170717) ...
Selecting previously unselected package libtool.
Preparing to unpack .../013-libtool_2.4.6-2_all.deb ...
Unpacking libtool (2.4.6-2) ...
Selecting previously unselected package dh-autoreconf.
Preparing to unpack .../014-dh-autoreconf_16_all.deb ...
Unpacking dh-autoreconf (16) ...
Selecting previously unselected package libarchive-zip-perl.
Preparing to unpack .../015-libarchive-zip-perl_1.60-1_all.deb ...
Unpacking libarchive-zip-perl (1.60-1) ...
Selecting previously unselected package libfile-stripnondeterminism-perl.
Preparing to unpack .../016-libfile-stripnondeterminism-perl_0.040-1_all.deb ...
Unpacking libfile-stripnondeterminism-perl (0.040-1) ...
Selecting previously unselected package libtimedate-perl.
Preparing to unpack .../017-libtimedate-perl_2.3000-2_all.deb ...
Unpacking libtimedate-perl (2.3000-2) ...
Selecting previously unselected package dh-strip-nondeterminism.
Preparing to unpack .../018-dh-strip-nondeterminism_0.040-1_all.deb ...
Unpacking dh-strip-nondeterminism (0.040-1) ...
Selecting previously unselected package libglib2.0-0:amd64.
Preparing to unpack .../019-libglib2.0-0_2.54.3-2_amd64.deb ...
Unpacking libglib2.0-0:amd64 (2.54.3-2) ...
Selecting previously unselected package libicu57:amd64.
Preparing to unpack .../020-libicu57_57.1-8_amd64.deb ...
Unpacking libicu57:amd64 (57.1-8) ...
Selecting previously unselected package libxml2:amd64.
Preparing to unpack .../021-libxml2_2.9.4+dfsg1-6.1_amd64.deb ...
Unpacking libxml2:amd64 (2.9.4+dfsg1-6.1) ...
Selecting previously unselected package libcroco3:amd64.
Preparing to unpack .../022-libcroco3_0.6.12-2_amd64.deb ...
Unpacking libcroco3:amd64 (0.6.12-2) ...
Selecting previously unselected package gettext.
Preparing to unpack .../023-gettext_0.19.8.1-4_amd64.deb ...
Unpacking gettext (0.19.8.1-4) ...
Selecting previously unselected package intltool-debian.
Preparing to unpack .../024-intltool-debian_0.35.0+20060710.4_all.deb ...
Unpacking intltool-debian (0.35.0+20060710.4) ...
Selecting previously unselected package po-debconf.
Preparing to unpack .../025-po-debconf_1.0.20_all.deb ...
Unpacking po-debconf (1.0.20) ...
Selecting previously unselected package debhelper.
Preparing to unpack .../026-debhelper_11.1.4_all.deb ...
Unpacking debhelper (11.1.4) ...
Selecting previously unselected package libfile-which-perl.
Preparing to unpack .../027-libfile-which-perl_1.21-1_all.deb ...
Unpacking libfile-which-perl (1.21-1) ...
Selecting previously unselected package libfile-homedir-perl.
Preparing to unpack .../028-libfile-homedir-perl_1.002-1_all.deb ...
Unpacking libfile-homedir-perl (1.002-1) ...
Selecting previously unselected package devscripts.
Preparing to unpack .../029-devscripts_2.17.12_amd64.deb ...
Unpacking devscripts (2.17.12) ...
Selecting previously unselected package rubygems-integration.
Preparing to unpack .../030-rubygems-integration_1.11_all.deb ...
Unpacking rubygems-integration (1.11) ...
Selecting previously unselected package ruby-did-you-mean.
Preparing to unpack .../031-ruby-did-you-mean_1.0.0-2_all.deb ...
Unpacking ruby-did-you-mean (1.0.0-2) ...
Selecting previously unselected package ruby-minitest.
Preparing to unpack .../032-ruby-minitest_5.10.3-1_all.deb ...
Unpacking ruby-minitest (5.10.3-1) ...
Selecting previously unselected package ruby-net-telnet.
Preparing to unpack .../033-ruby-net-telnet_0.1.1-2_all.deb ...
Unpacking ruby-net-telnet (0.1.1-2) ...
Selecting previously unselected package ruby-power-assert.
Preparing to unpack .../034-ruby-power-assert_0.3.0-1_all.deb ...
Unpacking ruby-power-assert (0.3.0-1) ...
Selecting previously unselected package ruby-test-unit.
Preparing to unpack .../035-ruby-test-unit_3.2.5-1_all.deb ...
Unpacking ruby-test-unit (3.2.5-1) ...
Selecting previously unselected package libssl1.0.2:amd64.
Preparing to unpack .../036-libssl1.0.2_1.0.2n-1_amd64.deb ...
Unpacking libssl1.0.2:amd64 (1.0.2n-1) ...
Selecting previously unselected package libyaml-0-2:amd64.
Preparing to unpack .../037-libyaml-0-2_0.1.7-2_amd64.deb ...
Unpacking libyaml-0-2:amd64 (0.1.7-2) ...
Selecting previously unselected package libruby2.3:amd64.
Preparing to unpack .../038-libruby2.3_2.3.6-2_amd64.deb ...
Unpacking libruby2.3:amd64 (2.3.6-2) ...
Selecting previously unselected package ruby2.3.
Preparing to unpack .../039-ruby2.3_2.3.6-2_amd64.deb ...
Unpacking ruby2.3 (2.3.6-2) ...
Selecting previously unselected package ruby.
Preparing to unpack .../040-ruby_1%3a2.5~1_amd64.deb ...
Unpacking ruby (1:2.5~1) ...
Selecting previously unselected package rake.
Preparing to unpack .../041-rake_12.3.0-1_all.deb ...
Unpacking rake (12.3.0-1) ...
Selecting previously unselected package gem2deb-test-runner.
Preparing to unpack .../042-gem2deb-test-runner_0.36_amd64.deb ...
Unpacking gem2deb-test-runner (0.36) ...
Selecting previously unselected package libgmpxx4ldbl:amd64.
Preparing to unpack .../043-libgmpxx4ldbl_2%3a6.1.2+dfsg-2_amd64.deb ...
Unpacking libgmpxx4ldbl:amd64 (2:6.1.2+dfsg-2) ...
Selecting previously unselected package libgmp-dev:amd64.
Preparing to unpack .../044-libgmp-dev_2%3a6.1.2+dfsg-2_amd64.deb ...
Unpacking libgmp-dev:amd64 (2:6.1.2+dfsg-2) ...
Selecting previously unselected package ruby2.3-dev:amd64.
Preparing to unpack .../045-ruby2.3-dev_2.3.6-2_amd64.deb ...
Unpacking ruby2.3-dev:amd64 (2.3.6-2) ...
Selecting previously unselected package libruby2.5:amd64.
Preparing to unpack .../046-libruby2.5_2.5.0-4_amd64.deb ...
Unpacking libruby2.5:amd64 (2.5.0-4) ...
Selecting previously unselected package ruby2.5.
Preparing to unpack .../047-ruby2.5_2.5.0-4_amd64.deb ...
Unpacking ruby2.5 (2.5.0-4) ...
Selecting previously unselected package ruby2.5-dev:amd64.
Preparing to unpack .../048-ruby2.5-dev_2.5.0-4_amd64.deb ...
Unpacking ruby2.5-dev:amd64 (2.5.0-4) ...
Selecting previously unselected package ruby-all-dev:amd64.
Preparing to unpack .../049-ruby-all-dev_1%3a2.5~1_amd64.deb ...
Unpacking ruby-all-dev:amd64 (1:2.5~1) ...
Selecting previously unselected package ruby-setup.
Preparing to unpack .../050-ruby-setup_3.4.1-9_all.deb ...
Unpacking ruby-setup (3.4.1-9) ...
Selecting previously unselected package gem2deb.
Preparing to unpack .../051-gem2deb_0.36_amd64.deb ...
Unpacking gem2deb (0.36) ...
Selecting previously unselected package libavahi-common-data:amd64.
Preparing to unpack .../052-libavahi-common-data_0.7-3.1_amd64.deb ...
Unpacking libavahi-common-data:amd64 (0.7-3.1) ...
Selecting previously unselected package libavahi-common3:amd64.
Preparing to unpack .../053-libavahi-common3_0.7-3.1_amd64.deb ...
Unpacking libavahi-common3:amd64 (0.7-3.1) ...
Selecting previously unselected package libdbus-1-3:amd64.
Preparing to unpack .../054-libdbus-1-3_1.12.2-1_amd64.deb ...
Unpacking libdbus-1-3:amd64 (1.12.2-1) ...
Selecting previously unselected package libavahi-client3:amd64.
Preparing to unpack .../055-libavahi-client3_0.7-3.1_amd64.deb ...
Unpacking libavahi-client3:amd64 (0.7-3.1) ...
Selecting previously unselected package libboost1.62-dev:amd64.
Preparing to unpack .../056-libboost1.62-dev_1.62.0+dfsg-5_amd64.deb ...
Unpacking libboost1.62-dev:amd64 (1.62.0+dfsg-5) ...
Selecting previously unselected package libboost-dev:amd64.
Preparing to unpack .../057-libboost-dev_1.62.0.1_amd64.deb ...
Unpacking libboost-dev:amd64 (1.62.0.1) ...
Selecting previously unselected package libkeyutils1:amd64.
Preparing to unpack .../058-libkeyutils1_1.5.9-9.2_amd64.deb ...
Unpacking libkeyutils1:amd64 (1.5.9-9.2) ...
Selecting previously unselected package libkrb5support0:amd64.
Preparing to unpack .../059-libkrb5support0_1.16-2_amd64.deb ...
Unpacking libkrb5support0:amd64 (1.16-2) ...
Selecting previously unselected package libk5crypto3:amd64.
Preparing to unpack .../060-libk5crypto3_1.16-2_amd64.deb ...
Unpacking libk5crypto3:amd64 (1.16-2) ...
Selecting previously unselected package libkrb5-3:amd64.
Preparing to unpack .../061-libkrb5-3_1.16-2_amd64.deb ...
Unpacking libkrb5-3:amd64 (1.16-2) ...
Selecting previously unselected package libgssapi-krb5-2:amd64.
Preparing to unpack .../062-libgssapi-krb5-2_1.16-2_amd64.deb ...
Unpacking libgssapi-krb5-2:amd64 (1.16-2) ...
Selecting previously unselected package libcups2:amd64.
Preparing to unpack .../063-libcups2_2.2.6-4_amd64.deb ...
Unpacking libcups2:amd64 (2.2.6-4) ...
Selecting previously unselected package libdouble-conversion1:amd64.
Preparing to unpack .../064-libdouble-conversion1_2.0.1-4_amd64.deb ...
Unpacking libdouble-conversion1:amd64 (2.0.1-4) ...
Selecting previously unselected package libdrm-common.
Preparing to unpack .../065-libdrm-common_2.4.89-1_all.deb ...
Unpacking libdrm-common (2.4.89-1) ...
Selecting previously unselected package libdrm2:amd64.
Preparing to unpack .../066-libdrm2_2.4.89-1_amd64.deb ...
Unpacking libdrm2:amd64 (2.4.89-1) ...
Selecting previously unselected package libdrm-amdgpu1:amd64.
Preparing to unpack .../067-libdrm-amdgpu1_2.4.89-1_amd64.deb ...
Unpacking libdrm-amdgpu1:amd64 (2.4.89-1) ...
Selecting previously unselected package libpciaccess0:amd64.
Preparing to unpack .../068-libpciaccess0_0.13.4-1+b2_amd64.deb ...
Unpacking libpciaccess0:amd64 (0.13.4-1+b2) ...
Selecting previously unselected package libdrm-intel1:amd64.
Preparing to unpack .../069-libdrm-intel1_2.4.89-1_amd64.deb ...
Unpacking libdrm-intel1:amd64 (2.4.89-1) ...
Selecting previously unselected package libdrm-radeon1:amd64.
Preparing to unpack .../070-libdrm-radeon1_2.4.89-1_amd64.deb ...
Unpacking libdrm-radeon1:amd64 (2.4.89-1) ...
Selecting previously unselected package libdrm-nouveau2:amd64.
Preparing to unpack .../071-libdrm-nouveau2_2.4.89-1_amd64.deb ...
Unpacking libdrm-nouveau2:amd64 (2.4.89-1) ...
Selecting previously unselected package libdrm-dev:amd64.
Preparing to unpack .../072-libdrm-dev_2.4.89-1_amd64.deb ...
Unpacking libdrm-dev:amd64 (2.4.89-1) ...
Selecting previously unselected package libwayland-server0:amd64.
Preparing to unpack .../073-libwayland-server0_1.14.0-1+b1_amd64.deb ...
Unpacking libwayland-server0:amd64 (1.14.0-1+b1) ...
Selecting previously unselected package libgbm1:amd64.
Preparing to unpack .../074-libgbm1_17.3.3-1_amd64.deb ...
Unpacking libgbm1:amd64 (17.3.3-1) ...
Selecting previously unselected package libglapi-mesa:amd64.
Preparing to unpack .../075-libglapi-mesa_17.3.3-1_amd64.deb ...
Unpacking libglapi-mesa:amd64 (17.3.3-1) ...
Selecting previously unselected package libwayland-client0:amd64.
Preparing to unpack .../076-libwayland-client0_1.14.0-1+b1_amd64.deb ...
Unpacking libwayland-client0:amd64 (1.14.0-1+b1) ...
Selecting previously unselected package libxau6:amd64.
Preparing to unpack .../077-libxau6_1%3a1.0.8-1+b2_amd64.deb ...
Unpacking libxau6:amd64 (1:1.0.8-1+b2) ...
Selecting previously unselected package libxdmcp6:amd64.
Preparing to unpack .../078-libxdmcp6_1%3a1.1.2-3_amd64.deb ...
Unpacking libxdmcp6:amd64 (1:1.1.2-3) ...
Selecting previously unselected package libxcb1:amd64.
Preparing to unpack .../079-libxcb1_1.12-1_amd64.deb ...
Unpacking libxcb1:amd64 (1.12-1) ...
Selecting previously unselected package libx11-data.
Preparing to unpack .../080-libx11-data_2%3a1.6.4-3_all.deb ...
Unpacking libx11-data (2:1.6.4-3) ...
Selecting previously unselected package libx11-6:amd64.
Preparing to unpack .../081-libx11-6_2%3a1.6.4-3_amd64.deb ...
Unpacking libx11-6:amd64 (2:1.6.4-3) ...
Selecting previously unselected package libx11-xcb1:amd64.
Preparing to unpack .../082-libx11-xcb1_2%3a1.6.4-3_amd64.deb ...
Unpacking libx11-xcb1:amd64 (2:1.6.4-3) ...
Selecting previously unselected package libxcb-dri2-0:amd64.
Preparing to unpack .../083-libxcb-dri2-0_1.12-1_amd64.deb ...
Unpacking libxcb-dri2-0:amd64 (1.12-1) ...
Selecting previously unselected package libxcb-dri3-0:amd64.
Preparing to unpack .../084-libxcb-dri3-0_1.12-1_amd64.deb ...
Unpacking libxcb-dri3-0:amd64 (1.12-1) ...
Selecting previously unselected package libxcb-present0:amd64.
Preparing to unpack .../085-libxcb-present0_1.12-1_amd64.deb ...
Unpacking libxcb-present0:amd64 (1.12-1) ...
Selecting previously unselected package libxcb-sync1:amd64.
Preparing to unpack .../086-libxcb-sync1_1.12-1_amd64.deb ...
Unpacking libxcb-sync1:amd64 (1.12-1) ...
Selecting previously unselected package libxcb-xfixes0:amd64.
Preparing to unpack .../087-libxcb-xfixes0_1.12-1_amd64.deb ...
Unpacking libxcb-xfixes0:amd64 (1.12-1) ...
Selecting previously unselected package libxshmfence1:amd64.
Preparing to unpack .../088-libxshmfence1_1.2-1+b2_amd64.deb ...
Unpacking libxshmfence1:amd64 (1.2-1+b2) ...
Selecting previously unselected package libegl-mesa0:amd64.
Preparing to unpack .../089-libegl-mesa0_17.3.3-1_amd64.deb ...
Unpacking libegl-mesa0:amd64 (17.3.3-1) ...
Selecting previously unselected package libelf1:amd64.
Preparing to unpack .../090-libelf1_0.170-0.3_amd64.deb ...
Unpacking libelf1:amd64 (0.170-0.3) ...
Selecting previously unselected package libevdev2:amd64.
Preparing to unpack .../091-libevdev2_1.5.8+dfsg-1_amd64.deb ...
Unpacking libevdev2:amd64 (1.5.8+dfsg-1) ...
Selecting previously unselected package libgecode44.
Preparing to unpack .../092-libgecode44_5.1.0-2+b1_amd64.deb ...
Unpacking libgecode44 (5.1.0-2+b1) ...
Selecting previously unselected package libglvnd0:amd64.
Preparing to unpack .../093-libglvnd0_1.0.0-2_amd64.deb ...
Unpacking libglvnd0:amd64 (1.0.0-2) ...
Selecting previously unselected package libxext6:amd64.
Preparing to unpack .../094-libxext6_2%3a1.3.3-1+b2_amd64.deb ...
Unpacking libxext6:amd64 (2:1.3.3-1+b2) ...
Selecting previously unselected package libxcb-glx0:amd64.
Preparing to unpack .../095-libxcb-glx0_1.12-1_amd64.deb ...
Unpacking libxcb-glx0:amd64 (1.12-1) ...
Selecting previously unselected package libxfixes3:amd64.
Preparing to unpack .../096-libxfixes3_1%3a5.0.3-1_amd64.deb ...
Unpacking libxfixes3:amd64 (1:5.0.3-1) ...
Selecting previously unselected package libxdamage1:amd64.
Preparing to unpack .../097-libxdamage1_1%3a1.1.4-3_amd64.deb ...
Unpacking libxdamage1:amd64 (1:1.1.4-3) ...
Selecting previously unselected package libxxf86vm1:amd64.
Preparing to unpack .../098-libxxf86vm1_1%3a1.1.4-1+b2_amd64.deb ...
Unpacking libxxf86vm1:amd64 (1:1.1.4-1+b2) ...
Selecting previously unselected package libllvm5.0:amd64.
Preparing to unpack .../099-libllvm5.0_1%3a5.0.1-2_amd64.deb ...
Unpacking libllvm5.0:amd64 (1:5.0.1-2) ...
Selecting previously unselected package libsensors4:amd64.
Preparing to unpack .../100-libsensors4_1%3a3.4.0-4_amd64.deb ...
Unpacking libsensors4:amd64 (1:3.4.0-4) ...
Selecting previously unselected package libgl1-mesa-dri:amd64.
Preparing to unpack .../101-libgl1-mesa-dri_17.3.3-1_amd64.deb ...
Unpacking libgl1-mesa-dri:amd64 (17.3.3-1) ...
Selecting previously unselected package libglx-mesa0:amd64.
Preparing to unpack .../102-libglx-mesa0_17.3.3-1_amd64.deb ...
Unpacking libglx-mesa0:amd64 (17.3.3-1) ...
Selecting previously unselected package libglx0:amd64.
Preparing to unpack .../103-libglx0_1.0.0-2_amd64.deb ...
Unpacking libglx0:amd64 (1.0.0-2) ...
Selecting previously unselected package libgl1:amd64.
Preparing to unpack .../104-libgl1_1.0.0-2_amd64.deb ...
Unpacking libgl1:amd64 (1.0.0-2) ...
Selecting previously unselected package libpcre2-16-0:amd64.
Preparing to unpack .../105-libpcre2-16-0_10.22-6_amd64.deb ...
Unpacking libpcre2-16-0:amd64 (10.22-6) ...
Selecting previously unselected package libqt5core5a:amd64.
Preparing to unpack .../106-libqt5core5a_5.9.2+dfsg-9_amd64.deb ...
Unpacking libqt5core5a:amd64 (5.9.2+dfsg-9) ...
Selecting previously unselected package libegl1:amd64.
Preparing to unpack .../107-libegl1_1.0.0-2_amd64.deb ...
Unpacking libegl1:amd64 (1.0.0-2) ...
Selecting previously unselected package libgraphite2-3:amd64.
Preparing to unpack .../108-libgraphite2-3_1.3.10-8_amd64.deb ...
Unpacking libgraphite2-3:amd64 (1.3.10-8) ...
Selecting previously unselected package libharfbuzz0b:amd64.
Preparing to unpack .../109-libharfbuzz0b_1.7.2-1_amd64.deb ...
Unpacking libharfbuzz0b:amd64 (1.7.2-1) ...
Selecting previously unselected package lsb-base.
Preparing to unpack .../110-lsb-base_9.20170808_all.deb ...
Unpacking lsb-base (9.20170808) ...
Selecting previously unselected package x11-common.
Preparing to unpack .../111-x11-common_1%3a7.7+19_all.deb ...
Unpacking x11-common (1:7.7+19) ...
Selecting previously unselected package libice6:amd64.
Preparing to unpack .../112-libice6_2%3a1.0.9-2_amd64.deb ...
Unpacking libice6:amd64 (2:1.0.9-2) ...
Selecting previously unselected package libmtdev1:amd64.
Preparing to unpack .../113-libmtdev1_1.1.5-1+b1_amd64.deb ...
Unpacking libmtdev1:amd64 (1.1.5-1+b1) ...
Selecting previously unselected package libgudev-1.0-0:amd64.
Preparing to unpack .../114-libgudev-1.0-0_232-2_amd64.deb ...
Unpacking libgudev-1.0-0:amd64 (232-2) ...
Selecting previously unselected package libwacom-common.
Preparing to unpack .../115-libwacom-common_0.26-1_all.deb ...
Unpacking libwacom-common (0.26-1) ...
Selecting previously unselected package libwacom2:amd64.
Preparing to unpack .../116-libwacom2_0.26-1_amd64.deb ...
Unpacking libwacom2:amd64 (0.26-1) ...
Selecting previously unselected package libinput-bin.
Preparing to unpack .../117-libinput-bin_1.9.4-2_amd64.deb ...
Unpacking libinput-bin (1.9.4-2) ...
Selecting previously unselected package libinput10:amd64.
Preparing to unpack .../118-libinput10_1.9.4-2_amd64.deb ...
Unpacking libinput10:amd64 (1.9.4-2) ...
Selecting previously unselected package libjpeg62-turbo:amd64.
Preparing to unpack .../119-libjpeg62-turbo_1%3a1.5.2-2+b1_amd64.deb ...
Unpacking libjpeg62-turbo:amd64 (1:1.5.2-2+b1) ...
Selecting previously unselected package libqt5dbus5:amd64.
Preparing to unpack .../120-libqt5dbus5_5.9.2+dfsg-9_amd64.deb ...
Unpacking libqt5dbus5:amd64 (5.9.2+dfsg-9) ...
Selecting previously unselected package libqt5network5:amd64.
Preparing to unpack .../121-libqt5network5_5.9.2+dfsg-9_amd64.deb ...
Unpacking libqt5network5:amd64 (5.9.2+dfsg-9) ...
Selecting previously unselected package libsm6:amd64.
Preparing to unpack .../122-libsm6_2%3a1.2.2-1+b3_amd64.deb ...
Unpacking libsm6:amd64 (2:1.2.2-1+b3) ...
Selecting previously unselected package libxcb-icccm4:amd64.
Preparing to unpack .../123-libxcb-icccm4_0.4.1-1+b1_amd64.deb ...
Unpacking libxcb-icccm4:amd64 (0.4.1-1+b1) ...
Selecting previously unselected package libxcb-shm0:amd64.
Preparing to unpack .../124-libxcb-shm0_1.12-1_amd64.deb ...
Unpacking libxcb-shm0:amd64 (1.12-1) ...
Selecting previously unselected package libxcb-util0:amd64.
Preparing to unpack .../125-libxcb-util0_0.3.8-3+b2_amd64.deb ...
Unpacking libxcb-util0:amd64 (0.3.8-3+b2) ...
Selecting previously unselected package libxcb-image0:amd64.
Preparing to unpack .../126-libxcb-image0_0.4.0-1+b2_amd64.deb ...
Unpacking libxcb-image0:amd64 (0.4.0-1+b2) ...
Selecting previously unselected package libxcb-keysyms1:amd64.
Preparing to unpack .../127-libxcb-keysyms1_0.4.0-1+b2_amd64.deb ...
Unpacking libxcb-keysyms1:amd64 (0.4.0-1+b2) ...
Selecting previously unselected package libxcb-randr0:amd64.
Preparing to unpack .../128-libxcb-randr0_1.12-1_amd64.deb ...
Unpacking libxcb-randr0:amd64 (1.12-1) ...
Selecting previously unselected package libxcb-render0:amd64.
Preparing to unpack .../129-libxcb-render0_1.12-1_amd64.deb ...
Unpacking libxcb-render0:amd64 (1.12-1) ...
Selecting previously unselected package libxcb-render-util0:amd64.
Preparing to unpack .../130-libxcb-render-util0_0.3.9-1+b1_amd64.deb ...
Unpacking libxcb-render-util0:amd64 (0.3.9-1+b1) ...
Selecting previously unselected package libxcb-shape0:amd64.
Preparing to unpack .../131-libxcb-shape0_1.12-1_amd64.deb ...
Unpacking libxcb-shape0:amd64 (1.12-1) ...
Selecting previously unselected package libxcb-xinerama0:amd64.
Preparing to unpack .../132-libxcb-xinerama0_1.12-1_amd64.deb ...
Unpacking libxcb-xinerama0:amd64 (1.12-1) ...
Selecting previously unselected package libxcb-xkb1:amd64.
Preparing to unpack .../133-libxcb-xkb1_1.12-1_amd64.deb ...
Unpacking libxcb-xkb1:amd64 (1.12-1) ...
Selecting previously unselected package libxi6:amd64.
Preparing to unpack .../134-libxi6_2%3a1.7.9-1_amd64.deb ...
Unpacking libxi6:amd64 (2:1.7.9-1) ...
Selecting previously unselected package xkb-data.
Preparing to unpack .../135-xkb-data_2.23.1-1_all.deb ...
Unpacking xkb-data (2.23.1-1) ...
Selecting previously unselected package libxkbcommon0:amd64.
Preparing to unpack .../136-libxkbcommon0_0.8.0-1_amd64.deb ...
Unpacking libxkbcommon0:amd64 (0.8.0-1) ...
Selecting previously unselected package libxkbcommon-x11-0:amd64.
Preparing to unpack .../137-libxkbcommon-x11-0_0.8.0-1_amd64.deb ...
Unpacking libxkbcommon-x11-0:amd64 (0.8.0-1) ...
Selecting previously unselected package libqt5gui5:amd64.
Preparing to unpack .../138-libqt5gui5_5.9.2+dfsg-9_amd64.deb ...
Unpacking libqt5gui5:amd64 (5.9.2+dfsg-9) ...
Selecting previously unselected package libqt5widgets5:amd64.
Preparing to unpack .../139-libqt5widgets5_5.9.2+dfsg-9_amd64.deb ...
Unpacking libqt5widgets5:amd64 (5.9.2+dfsg-9) ...
Selecting previously unselected package libqt5printsupport5:amd64.
Preparing to unpack .../140-libqt5printsupport5_5.9.2+dfsg-9_amd64.deb ...
Unpacking libqt5printsupport5:amd64 (5.9.2+dfsg-9) ...
Selecting previously unselected package libgecodegist44.
Preparing to unpack .../141-libgecodegist44_5.1.0-2+b1_amd64.deb ...
Unpacking libgecodegist44 (5.1.0-2+b1) ...
Selecting previously unselected package libgecodeflatzinc44.
Preparing to unpack .../142-libgecodeflatzinc44_5.1.0-2+b1_amd64.deb ...
Unpacking libgecodeflatzinc44 (5.1.0-2+b1) ...
Selecting previously unselected package xorg-sgml-doctools.
Preparing to unpack .../143-xorg-sgml-doctools_1%3a1.11-1_all.deb ...
Unpacking xorg-sgml-doctools (1:1.11-1) ...
Selecting previously unselected package x11proto-core-dev.
Preparing to unpack .../144-x11proto-core-dev_7.0.31-1_all.deb ...
Unpacking x11proto-core-dev (7.0.31-1) ...
Selecting previously unselected package libxau-dev:amd64.
Preparing to unpack .../145-libxau-dev_1%3a1.0.8-1+b2_amd64.deb ...
Unpacking libxau-dev:amd64 (1:1.0.8-1+b2) ...
Selecting previously unselected package libxdmcp-dev:amd64.
Preparing to unpack .../146-libxdmcp-dev_1%3a1.1.2-3_amd64.deb ...
Unpacking libxdmcp-dev:amd64 (1:1.1.2-3) ...
Selecting previously unselected package x11proto-input-dev.
Preparing to unpack .../147-x11proto-input-dev_2.3.2-1_all.deb ...
Unpacking x11proto-input-dev (2.3.2-1) ...
Selecting previously unselected package x11proto-kb-dev.
Preparing to unpack .../148-x11proto-kb-dev_1.0.7-1_all.deb ...
Unpacking x11proto-kb-dev (1.0.7-1) ...
Selecting previously unselected package xtrans-dev.
Preparing to unpack .../149-xtrans-dev_1.3.5-1_all.deb ...
Unpacking xtrans-dev (1.3.5-1) ...
Selecting previously unselected package libpthread-stubs0-dev:amd64.
Preparing to unpack .../150-libpthread-stubs0-dev_0.3-4_amd64.deb ...
Unpacking libpthread-stubs0-dev:amd64 (0.3-4) ...
Selecting previously unselected package libxcb1-dev:amd64.
Preparing to unpack .../151-libxcb1-dev_1.12-1_amd64.deb ...
Unpacking libxcb1-dev:amd64 (1.12-1) ...
Selecting previously unselected package libx11-dev:amd64.
Preparing to unpack .../152-libx11-dev_2%3a1.6.4-3_amd64.deb ...
Unpacking libx11-dev:amd64 (2:1.6.4-3) ...
Selecting previously unselected package mesa-common-dev:amd64.
Preparing to unpack .../153-mesa-common-dev_17.3.3-1_amd64.deb ...
Unpacking mesa-common-dev:amd64 (17.3.3-1) ...
Selecting previously unselected package libglvnd-core-dev:amd64.
Preparing to unpack .../154-libglvnd-core-dev_1.0.0-2_amd64.deb ...
Unpacking libglvnd-core-dev:amd64 (1.0.0-2) ...
Selecting previously unselected package libgles2:amd64.
Preparing to unpack .../155-libgles2_1.0.0-2_amd64.deb ...
Unpacking libgles2:amd64 (1.0.0-2) ...
Selecting previously unselected package libopengl0:amd64.
Preparing to unpack .../156-libopengl0_1.0.0-2_amd64.deb ...
Unpacking libopengl0:amd64 (1.0.0-2) ...
Selecting previously unselected package libglvnd-dev:amd64.
Preparing to unpack .../157-libglvnd-dev_1.0.0-2_amd64.deb ...
Unpacking libglvnd-dev:amd64 (1.0.0-2) ...
Selecting previously unselected package libx11-xcb-dev:amd64.
Preparing to unpack .../158-libx11-xcb-dev_2%3a1.6.4-3_amd64.deb ...
Unpacking libx11-xcb-dev:amd64 (2:1.6.4-3) ...
Selecting previously unselected package libxcb-dri3-dev:amd64.
Preparing to unpack .../159-libxcb-dri3-dev_1.12-1_amd64.deb ...
Unpacking libxcb-dri3-dev:amd64 (1.12-1) ...
Selecting previously unselected package libxcb-render0-dev:amd64.
Preparing to unpack .../160-libxcb-render0-dev_1.12-1_amd64.deb ...
Unpacking libxcb-render0-dev:amd64 (1.12-1) ...
Selecting previously unselected package libxcb-randr0-dev:amd64.
Preparing to unpack .../161-libxcb-randr0-dev_1.12-1_amd64.deb ...
Unpacking libxcb-randr0-dev:amd64 (1.12-1) ...
Selecting previously unselected package libxcb-shape0-dev:amd64.
Preparing to unpack .../162-libxcb-shape0-dev_1.12-1_amd64.deb ...
Unpacking libxcb-shape0-dev:amd64 (1.12-1) ...
Selecting previously unselected package libxcb-xfixes0-dev:amd64.
Preparing to unpack .../163-libxcb-xfixes0-dev_1.12-1_amd64.deb ...
Unpacking libxcb-xfixes0-dev:amd64 (1.12-1) ...
Selecting previously unselected package libxcb-sync-dev:amd64.
Preparing to unpack .../164-libxcb-sync-dev_1.12-1_amd64.deb ...
Unpacking libxcb-sync-dev:amd64 (1.12-1) ...
Selecting previously unselected package libxcb-present-dev:amd64.
Preparing to unpack .../165-libxcb-present-dev_1.12-1_amd64.deb ...
Unpacking libxcb-present-dev:amd64 (1.12-1) ...
Selecting previously unselected package libxshmfence-dev:amd64.
Preparing to unpack .../166-libxshmfence-dev_1.2-1+b2_amd64.deb ...
Unpacking libxshmfence-dev:amd64 (1.2-1+b2) ...
Selecting previously unselected package libxcb-dri2-0-dev:amd64.
Preparing to unpack .../167-libxcb-dri2-0-dev_1.12-1_amd64.deb ...
Unpacking libxcb-dri2-0-dev:amd64 (1.12-1) ...
Selecting previously unselected package libxcb-glx0-dev:amd64.
Preparing to unpack .../168-libxcb-glx0-dev_1.12-1_amd64.deb ...
Unpacking libxcb-glx0-dev:amd64 (1.12-1) ...
Selecting previously unselected package x11proto-xext-dev.
Preparing to unpack .../169-x11proto-xext-dev_7.3.0-1_all.deb ...
Unpacking x11proto-xext-dev (7.3.0-1) ...
Selecting previously unselected package x11proto-fixes-dev.
Preparing to unpack .../170-x11proto-fixes-dev_1%3a5.0-2_all.deb ...
Unpacking x11proto-fixes-dev (1:5.0-2) ...
Selecting previously unselected package libxfixes-dev:amd64.
Preparing to unpack .../171-libxfixes-dev_1%3a5.0.3-1_amd64.deb ...
Unpacking libxfixes-dev:amd64 (1:5.0.3-1) ...
Selecting previously unselected package x11proto-damage-dev.
Preparing to unpack .../172-x11proto-damage-dev_1%3a1.2.1-2_all.deb ...
Unpacking x11proto-damage-dev (1:1.2.1-2) ...
Selecting previously unselected package libxdamage-dev:amd64.
Preparing to unpack .../173-libxdamage-dev_1%3a1.1.4-3_amd64.deb ...
Unpacking libxdamage-dev:amd64 (1:1.1.4-3) ...
Selecting previously unselected package libxext-dev:amd64.
Preparing to unpack .../174-libxext-dev_2%3a1.3.3-1+b2_amd64.deb ...
Unpacking libxext-dev:amd64 (2:1.3.3-1+b2) ...
Selecting previously unselected package x11proto-xf86vidmode-dev.
Preparing to unpack .../175-x11proto-xf86vidmode-dev_2.3.1-2_all.deb ...
Unpacking x11proto-xf86vidmode-dev (2.3.1-2) ...
Selecting previously unselected package libxxf86vm-dev:amd64.
Preparing to unpack .../176-libxxf86vm-dev_1%3a1.1.4-1+b2_amd64.deb ...
Unpacking libxxf86vm-dev:amd64 (1:1.1.4-1+b2) ...
Selecting previously unselected package x11proto-dri2-dev.
Preparing to unpack .../177-x11proto-dri2-dev_2.8-2_all.deb ...
Unpacking x11proto-dri2-dev (2.8-2) ...
Selecting previously unselected package x11proto-gl-dev.
Preparing to unpack .../178-x11proto-gl-dev_1.4.17-1_all.deb ...
Unpacking x11proto-gl-dev (1.4.17-1) ...
Selecting previously unselected package libgl1-mesa-dev:amd64.
Preparing to unpack .../179-libgl1-mesa-dev_17.3.3-1_amd64.deb ...
Unpacking libgl1-mesa-dev:amd64 (17.3.3-1) ...
Selecting previously unselected package libglu1-mesa:amd64.
Preparing to unpack .../180-libglu1-mesa_9.0.0-2.1_amd64.deb ...
Unpacking libglu1-mesa:amd64 (9.0.0-2.1) ...
Selecting previously unselected package libglu1-mesa-dev:amd64.
Preparing to unpack .../181-libglu1-mesa-dev_9.0.0-2.1_amd64.deb ...
Unpacking libglu1-mesa-dev:amd64 (9.0.0-2.1) ...
Selecting previously unselected package libqt5concurrent5:amd64.
Preparing to unpack .../182-libqt5concurrent5_5.9.2+dfsg-9_amd64.deb ...
Unpacking libqt5concurrent5:amd64 (5.9.2+dfsg-9) ...
Selecting previously unselected package libqt5sql5:amd64.
Preparing to unpack .../183-libqt5sql5_5.9.2+dfsg-9_amd64.deb ...
Unpacking libqt5sql5:amd64 (5.9.2+dfsg-9) ...
Selecting previously unselected package libqt5test5:amd64.
Preparing to unpack .../184-libqt5test5_5.9.2+dfsg-9_amd64.deb ...
Unpacking libqt5test5:amd64 (5.9.2+dfsg-9) ...
Selecting previously unselected package libqt5xml5:amd64.
Preparing to unpack .../185-libqt5xml5_5.9.2+dfsg-9_amd64.deb ...
Unpacking libqt5xml5:amd64 (5.9.2+dfsg-9) ...
Selecting previously unselected package qt5-qmake-bin.
Preparing to unpack .../186-qt5-qmake-bin_5.9.2+dfsg-9_amd64.deb ...
Unpacking qt5-qmake-bin (5.9.2+dfsg-9) ...
Selecting previously unselected package qtchooser.
Preparing to unpack .../187-qtchooser_64-ga1b6736-5_amd64.deb ...
Unpacking qtchooser (64-ga1b6736-5) ...
Selecting previously unselected package qt5-qmake:amd64.
Preparing to unpack .../188-qt5-qmake_5.9.2+dfsg-9_amd64.deb ...
Unpacking qt5-qmake:amd64 (5.9.2+dfsg-9) ...
Selecting previously unselected package qtbase5-dev-tools.
Preparing to unpack .../189-qtbase5-dev-tools_5.9.2+dfsg-9_amd64.deb ...
Unpacking qtbase5-dev-tools (5.9.2+dfsg-9) ...
Selecting previously unselected package qtbase5-dev:amd64.
Preparing to unpack .../190-qtbase5-dev_5.9.2+dfsg-9_amd64.deb ...
Unpacking qtbase5-dev:amd64 (5.9.2+dfsg-9) ...
Selecting previously unselected package libmpfr-dev:amd64.
Preparing to unpack .../191-libmpfr-dev_4.0.1~rc2-1_amd64.deb ...
Unpacking libmpfr-dev:amd64 (4.0.1~rc2-1) ...
Selecting previously unselected package libgecode-dev.
Preparing to unpack .../192-libgecode-dev_5.1.0-2+b1_amd64.deb ...
Unpacking libgecode-dev (5.1.0-2+b1) ...
Selecting previously unselected package ruby-diff-lcs.
Preparing to unpack .../193-ruby-diff-lcs_1.3-1_all.deb ...
Unpacking ruby-diff-lcs (1.3-1) ...
Selecting previously unselected package ruby-ffi.
Preparing to unpack .../194-ruby-ffi_1.9.10debian-1+b3_amd64.deb ...
Unpacking ruby-ffi (1.9.10debian-1+b3) ...
Selecting previously unselected package ruby-molinillo.
Preparing to unpack .../195-ruby-molinillo_0.5.0-2_all.deb ...
Unpacking ruby-molinillo (0.5.0-2) ...
Selecting previously unselected package ruby-rspec-support.
Preparing to unpack .../196-ruby-rspec-support_3.7.0c1e0m0s1-1_all.deb ...
Unpacking ruby-rspec-support (3.7.0c1e0m0s1-1) ...
Selecting previously unselected package ruby-rspec-expectations.
Preparing to unpack .../197-ruby-rspec-expectations_3.7.0c1e0m0s1-1_all.deb ...
Unpacking ruby-rspec-expectations (3.7.0c1e0m0s1-1) ...
Selecting previously unselected package ruby-rspec-mocks.
Preparing to unpack .../198-ruby-rspec-mocks_3.7.0c1e0m0s1-1_all.deb ...
Unpacking ruby-rspec-mocks (3.7.0c1e0m0s1-1) ...
Selecting previously unselected package ruby-thread-order.
Preparing to unpack .../199-ruby-thread-order_1.1.0-1_all.deb ...
Unpacking ruby-thread-order (1.1.0-1) ...
Selecting previously unselected package ruby-rspec-core.
Preparing to unpack .../200-ruby-rspec-core_3.7.0c1e0m0s1-1_all.deb ...
Unpacking ruby-rspec-core (3.7.0c1e0m0s1-1) ...
Selecting previously unselected package ruby-rspec.
Preparing to unpack .../201-ruby-rspec_3.7.0c1e0m0s1-1_all.deb ...
Unpacking ruby-rspec (3.7.0c1e0m0s1-1) ...
Selecting previously unselected package ruby-semverse.
Preparing to unpack .../202-ruby-semverse_2.0.0-1_all.deb ...
Unpacking ruby-semverse (2.0.0-1) ...
Selecting previously unselected package ruby-solve.
Preparing to unpack .../203-ruby-solve_3.0.1-1_all.deb ...
Unpacking ruby-solve (3.0.1-1) ...
Selecting previously unselected package sbuild-build-depends-ruby-dep-selector-dummy.
Preparing to unpack .../204-sbuild-build-depends-ruby-dep-selector-dummy_0.invalid.0_amd64.deb ...
Unpacking sbuild-build-depends-ruby-dep-selector-dummy (0.invalid.0) ...
Setting up libglvnd0:amd64 (1.0.0-2) ...
Setting up readline-common (7.0-3) ...
Setting up x11proto-dri2-dev (2.8-2) ...
Setting up libopengl0:amd64 (1.0.0-2) ...
Setting up libjpeg62-turbo:amd64 (1:1.5.2-2+b1) ...
Setting up libarchive-zip-perl (1.60-1) ...
Setting up libwacom-common (0.26-1) ...
Setting up libdouble-conversion1:amd64 (2.0.1-4) ...
Setting up mime-support (3.60) ...
Setting up qt5-qmake-bin (5.9.2+dfsg-9) ...
Setting up libevdev2:amd64 (1.5.8+dfsg-1) ...
Setting up libfile-which-perl (1.21-1) ...
Setting up libboost1.62-dev:amd64 (1.62.0+dfsg-5) ...
Setting up libpng16-16:amd64 (1.6.34-1) ...
Setting up libtimedate-perl (2.3000-2) ...
Setting up libsigsegv2:amd64 (2.12-1) ...
Setting up libpthread-stubs0-dev:amd64 (0.3-4) ...
Setting up fonts-dejavu-core (2.37-1) ...
Setting up libreadline7:amd64 (7.0-3) ...
Setting up libfile-homedir-perl (1.002-1) ...
Setting up libelf1:amd64 (0.170-0.3) ...
Setting up groff-base (1.22.3-9) ...
Setting up libglib2.0-0:amd64 (2.54.3-2) ...
No schema files found: doing nothing.
Setting up libxshmfence1:amd64 (1.2-1+b2) ...
Setting up xorg-sgml-doctools (1:1.11-1) ...
Setting up libgecode44 (5.1.0-2+b1) ...
Setting up libwayland-client0:amd64 (1.14.0-1+b1) ...
Setting up xkb-data (2.23.1-1) ...
Setting up qtchooser (64-ga1b6736-5) ...
Setting up libllvm5.0:amd64 (1:5.0.1-2) ...
Setting up x11proto-xf86vidmode-dev (2.3.1-2) ...
Setting up gettext-base (0.19.8.1-4) ...
Setting up libpipeline1:amd64 (1.5.0-1) ...
Setting up x11proto-kb-dev (1.0.7-1) ...
Setting up libglapi-mesa:amd64 (17.3.3-1) ...
Setting up m4 (1.4.18-1) ...
Setting up libicu57:amd64 (57.1-8) ...
Setting up ucf (3.0036) ...
Setting up libxml2:amd64 (2.9.4+dfsg1-6.1) ...
Setting up libfreetype6:amd64 (2.8.1-1) ...
Setting up libmagic-mgc (1:5.32-1) ...
Setting up libmagic1:amd64 (1:5.32-1) ...
Setting up libdrm-common (2.4.89-1) ...
Setting up lsb-base (9.20170808) ...
Setting up libgraphite2-3:amd64 (1.3.10-8) ...
Setting up libcroco3:amd64 (0.6.12-2) ...
Setting up libssl1.0.2:amd64 (1.0.2n-1) ...
Setting up ruby-did-you-mean (1.0.0-2) ...
Setting up libyaml-0-2:amd64 (0.1.7-2) ...
Setting up libx11-xcb1:amd64 (2:1.6.4-3) ...
Setting up xtrans-dev (1.3.5-1) ...
Setting up qt5-qmake:amd64 (5.9.2+dfsg-9) ...
Processing triggers for libc-bin (2.26-6) ...
Setting up autotools-dev (20171216.1) ...
Setting up x11proto-gl-dev (1.4.17-1) ...
Setting up libmtdev1:amd64 (1.1.5-1+b1) ...
Setting up openssl (1.1.0g-2) ...
Setting up ruby-net-telnet (0.1.1-2) ...
Setting up libsqlite3-0:amd64 (3.22.0-1) ...
Setting up libpciaccess0:amd64 (0.13.4-1+b2) ...
Setting up libsensors4:amd64 (1:3.4.0-4) ...
Setting up libgles2:amd64 (1.0.0-2) ...
Setting up libxkbcommon0:amd64 (0.8.0-1) ...
Setting up libgudev-1.0-0:amd64 (232-2) ...
Setting up libboost-dev:amd64 (1.62.0.1) ...
Setting up libxdmcp6:amd64 (1:1.1.2-3) ...
Setting up libkeyutils1:amd64 (1.5.9-9.2) ...
Setting up bsdmainutils (11.1.2) ...
update-alternatives: using /usr/bin/bsd-write to provide /usr/bin/write (write) in auto mode
update-alternatives: using /usr/bin/bsd-from to provide /usr/bin/from (from) in auto mode
Setting up libgmpxx4ldbl:amd64 (2:6.1.2+dfsg-2) ...
Setting up ruby-minitest (5.10.3-1) ...
Setting up x11-common (1:7.7+19) ...
update-rc.d: warning: start and stop actions are no longer supported; falling back to defaults
invoke-rc.d: could not determine current runlevel
All runlevel operations denied by policy
invoke-rc.d: policy-rc.d denied execution of start.
Setting up ca-certificates (20170717) ...
Updating certificates in /etc/ssl/certs...
148 added, 0 removed; done.
Setting up libglvnd-core-dev:amd64 (1.0.0-2) ...
Setting up libpcre2-16-0:amd64 (10.22-6) ...
Setting up libx11-data (2:1.6.4-3) ...
Setting up libxau6:amd64 (1:1.0.8-1+b2) ...
Setting up autopoint (0.19.8.1-4) ...
Setting up libmpdec2:amd64 (2.4.2-1) ...
Setting up libdbus-1-3:amd64 (1.12.2-1) ...
Setting up ruby-power-assert (0.3.0-1) ...
Setting up libavahi-common-data:amd64 (0.7-3.1) ...
Setting up libwayland-server0:amd64 (1.14.0-1+b1) ...
Setting up libfile-stripnondeterminism-perl (0.040-1) ...
Setting up libgmp-dev:amd64 (2:6.1.2+dfsg-2) ...
Setting up libqt5core5a:amd64 (5.9.2+dfsg-9) ...
Setting up libpython3.6-stdlib:amd64 (3.6.4-3) ...
Setting up libqt5dbus5:amd64 (5.9.2+dfsg-9) ...
Setting up fontconfig-config (2.12.6-0.1) ...
Setting up libqt5network5:amd64 (5.9.2+dfsg-9) ...
Setting up x11proto-core-dev (7.0.31-1) ...
Setting up libwacom2:amd64 (0.26-1) ...
Setting up libxshmfence-dev:amd64 (1.2-1+b2) ...
Setting up gettext (0.19.8.1-4) ...
Setting up libqt5test5:amd64 (5.9.2+dfsg-9) ...
Setting up libharfbuzz0b:amd64 (1.7.2-1) ...
Setting up libxau-dev:amd64 (1:1.0.8-1+b2) ...
Setting up autoconf (2.69-11) ...
Setting up file (1:5.32-1) ...
Setting up libinput-bin (1.9.4-2) ...
Setting up libkrb5support0:amd64 (1.16-2) ...
Setting up libdrm2:amd64 (2.4.89-1) ...
Setting up intltool-debian (0.35.0+20060710.4) ...
Setting up libdrm-intel1:amd64 (2.4.89-1) ...
Setting up libxdmcp-dev:amd64 (1:1.1.2-3) ...
Setting up libqt5xml5:amd64 (5.9.2+dfsg-9) ...
Setting up automake (1:1.15.1-3) ...
update-alternatives: using /usr/bin/automake-1.15 to provide /usr/bin/automake (automake) in auto mode
Setting up libqt5sql5:amd64 (5.9.2+dfsg-9) ...
Setting up libice6:amd64 (2:1.0.9-2) ...
Setting up rubygems-integration (1.11) ...
Setting up man-db (2.8.0-2) ...
Not building database; man-db/auto-update is not 'true'.
Setting up libavahi-common3:amd64 (0.7-3.1) ...
Setting up libdrm-radeon1:amd64 (2.4.89-1) ...
Setting up libdrm-nouveau2:amd64 (2.4.89-1) ...
Setting up libxcb1:amd64 (1.12-1) ...
Setting up x11proto-input-dev (2.3.2-1) ...
Setting up libqt5concurrent5:amd64 (5.9.2+dfsg-9) ...
Setting up libmpfr-dev:amd64 (4.0.1~rc2-1) ...
Setting up libxcb-xkb1:amd64 (1.12-1) ...
Setting up libtool (2.4.6-2) ...
Setting up libxcb-xinerama0:amd64 (1.12-1) ...
Setting up libpython3-stdlib:amd64 (3.6.4-1) ...
Setting up libxcb-present0:amd64 (1.12-1) ...
Setting up libfontconfig1:amd64 (2.12.6-0.1) ...
Setting up qtbase5-dev-tools (5.9.2+dfsg-9) ...
Setting up libxcb-dri2-0:amd64 (1.12-1) ...
Setting up libsm6:amd64 (2:1.2.2-1+b3) ...
Setting up libxcb-dri3-0:amd64 (1.12-1) ...
Setting up libk5crypto3:amd64 (1.16-2) ...
Setting up libxcb-glx0:amd64 (1.12-1) ...
Setting up libxcb-randr0:amd64 (1.12-1) ...
Setting up libxcb-xfixes0:amd64 (1.12-1) ...
Setting up libxcb-icccm4:amd64 (0.4.1-1+b1) ...
Setting up libxcb-render0:amd64 (1.12-1) ...
Setting up libxcb-util0:amd64 (0.3.8-3+b2) ...
Setting up po-debconf (1.0.20) ...
Setting up libdrm-amdgpu1:amd64 (2.4.89-1) ...
Setting up libdrm-dev:amd64 (2.4.89-1) ...
Setting up libgbm1:amd64 (17.3.3-1) ...
Setting up libx11-6:amd64 (2:1.6.4-3) ...
Setting up libinput10:amd64 (1.9.4-2) ...
Setting up libgl1-mesa-dri:amd64 (17.3.3-1) ...
Setting up libxkbcommon-x11-0:amd64 (0.8.0-1) ...
Setting up libxcb-sync1:amd64 (1.12-1) ...
Setting up x11proto-xext-dev (7.3.0-1) ...
Setting up libxcb-shm0:amd64 (1.12-1) ...
Setting up libxcb-shape0:amd64 (1.12-1) ...
Setting up libxcb1-dev:amd64 (1.12-1) ...
Setting up libxcb-glx0-dev:amd64 (1.12-1) ...
Setting up libavahi-client3:amd64 (0.7-3.1) ...
Setting up libxcb-keysyms1:amd64 (0.4.0-1+b2) ...
Setting up libkrb5-3:amd64 (1.16-2) ...
Setting up libegl-mesa0:amd64 (17.3.3-1) ...
Setting up libx11-dev:amd64 (2:1.6.4-3) ...
Setting up libxcb-sync-dev:amd64 (1.12-1) ...
Setting up fontconfig (2.12.6-0.1) ...
Regenerating fonts cache... done.
Setting up libx11-xcb-dev:amd64 (2:1.6.4-3) ...
Setting up libxcb-render-util0:amd64 (0.3.9-1+b1) ...
Setting up libxcb-image0:amd64 (0.4.0-1+b2) ...
Setting up mesa-common-dev:amd64 (17.3.3-1) ...
Setting up libxext6:amd64 (2:1.3.3-1+b2) ...
Setting up libxfixes3:amd64 (1:5.0.3-1) ...
Setting up x11proto-fixes-dev (1:5.0-2) ...
Setting up libgssapi-krb5-2:amd64 (1.16-2) ...
Setting up libxcb-dri2-0-dev:amd64 (1.12-1) ...
Setting up libxcb-render0-dev:amd64 (1.12-1) ...
Setting up libegl1:amd64 (1.0.0-2) ...
Setting up x11proto-damage-dev (1:1.2.1-2) ...
Setting up libxcb-dri3-dev:amd64 (1.12-1) ...
Setting up libxext-dev:amd64 (2:1.3.3-1+b2) ...
Setting up libxcb-shape0-dev:amd64 (1.12-1) ...
Setting up libxxf86vm1:amd64 (1:1.1.4-1+b2) ...
Setting up libxxf86vm-dev:amd64 (1:1.1.4-1+b2) ...
Setting up libxfixes-dev:amd64 (1:5.0.3-1) ...
Setting up libcups2:amd64 (2.2.6-4) ...
Setting up libxi6:amd64 (2:1.7.9-1) ...
Setting up libxcb-randr0-dev:amd64 (1.12-1) ...
Setting up libxdamage1:amd64 (1:1.1.4-3) ...
Setting up libxcb-xfixes0-dev:amd64 (1.12-1) ...
Setting up libxdamage-dev:amd64 (1:1.1.4-3) ...
Setting up libxcb-present-dev:amd64 (1.12-1) ...
Setting up libglx-mesa0:amd64 (17.3.3-1) ...
Setting up libglx0:amd64 (1.0.0-2) ...
Setting up libgl1:amd64 (1.0.0-2) ...
Setting up libglu1-mesa:amd64 (9.0.0-2.1) ...
Setting up libglvnd-dev:amd64 (1.0.0-2) ...
Setting up libgl1-mesa-dev:amd64 (17.3.3-1) ...
Setting up libqt5gui5:amd64 (5.9.2+dfsg-9) ...
Setting up libglu1-mesa-dev:amd64 (9.0.0-2.1) ...
Setting up libqt5widgets5:amd64 (5.9.2+dfsg-9) ...
Setting up libqt5printsupport5:amd64 (5.9.2+dfsg-9) ...
Setting up libgecodegist44 (5.1.0-2+b1) ...
Setting up qtbase5-dev:amd64 (5.9.2+dfsg-9) ...
Setting up libgecodeflatzinc44 (5.1.0-2+b1) ...
Setting up libgecode-dev (5.1.0-2+b1) ...
Setting up dh-python (2.20170125) ...
Setting up dh-autoreconf (16) ...
Setting up python3 (3.6.4-1) ...
Setting up devscripts (2.17.12) ...
Setting up ruby2.3 (2.3.6-2) ...
Setting up dh-strip-nondeterminism (0.040-1) ...
Setting up python3-lib2to3 (3.6.4-3) ...
Setting up ruby (1:2.5~1) ...
Setting up ruby-diff-lcs (1.3-1) ...
Setting up python3-distutils (3.6.4-3) ...
Setting up debhelper (11.1.4) ...
Setting up python3.6 (3.6.4-3) ...
Setting up ruby-test-unit (3.2.5-1) ...
Setting up rake (12.3.0-1) ...
Setting up ruby-thread-order (1.1.0-1) ...
Setting up ruby-rspec-support (3.7.0c1e0m0s1-1) ...
Setting up ruby-setup (3.4.1-9) ...
Setting up ruby-semverse (2.0.0-1) ...
Setting up ruby-molinillo (0.5.0-2) ...
Setting up libruby2.3:amd64 (2.3.6-2) ...
Setting up gem2deb-test-runner (0.36) ...
Setting up libruby2.5:amd64 (2.5.0-4) ...
Setting up ruby-solve (3.0.1-1) ...
Setting up ruby-rspec-expectations (3.7.0c1e0m0s1-1) ...
Setting up ruby-rspec-mocks (3.7.0c1e0m0s1-1) ...
Setting up ruby-rspec-core (3.7.0c1e0m0s1-1) ...
Setting up ruby2.3-dev:amd64 (2.3.6-2) ...
Setting up ruby-ffi (1.9.10debian-1+b3) ...
Setting up ruby2.5-dev:amd64 (2.5.0-4) ...
Setting up ruby2.5 (2.5.0-4) ...
Setting up ruby-all-dev:amd64 (1:2.5~1) ...
Setting up ruby-rspec (3.7.0c1e0m0s1-1) ...
Setting up gem2deb (0.36) ...
Setting up sbuild-build-depends-ruby-dep-selector-dummy (0.invalid.0) ...
Processing triggers for libc-bin (2.26-6) ...
Processing triggers for ca-certificates (20170717) ...
Updating certificates in /etc/ssl/certs...
0 added, 0 removed; done.
Running hooks in /etc/ca-certificates/update.d...
done.

+------------------------------------------------------------------------------+
| Build environment                                                            |
+------------------------------------------------------------------------------+

Kernel: Linux 4.9.0-2-amd64 amd64 (x86_64)
Toolchain package versions: binutils_2.30-2 dpkg-dev_1.19.0.5 g++-7_7.3.0-1 gcc-7_7.3.0-1 libc6-dev_2.26-6 libstdc++-7-dev_7.3.0-1 libstdc++6_7.3.0-1 linux-libc-dev_4.14.13-1
Package versions: adduser_3.117 apt_1.6~alpha7 autoconf_2.69-11 automake_1:1.15.1-3 autopoint_0.19.8.1-4 autotools-dev_20171216.1 base-files_10.1 base-passwd_3.5.44 bash_4.4.18-1 binutils_2.30-2 binutils-common_2.30-2 binutils-x86-64-linux-gnu_2.30-2 bsdmainutils_11.1.2 bsdutils_1:2.30.2-0.3 build-essential_12.4 bzip2_1.0.6-8.1 ca-certificates_20170717 clang-6.0_1:6.0~+rc1-1 coreutils_8.28-1 cpp_4:7.2.0-1d1 cpp-7_7.3.0-1 dash_0.5.8-2.10 debconf_1.5.65 debfoster_2.7-2.1+b1 debhelper_11.1.4 debian-archive-keyring_2017.7 debianutils_4.8.4 devscripts_2.17.12 dh-autoreconf_16 dh-python_2.20170125 dh-strip-nondeterminism_0.040-1 diffutils_1:3.6-1 dpkg_1.19.0.5 dpkg-dev_1.19.0.5 e2fslibs_1.43.8-2 e2fsprogs_1.43.8-2 eatmydata_105-5 fakeroot_1.22-2 fdisk_2.30.2-0.3 file_1:5.32-1 findutils_4.6.0+git+20170828-2 fontconfig_2.12.6-0.1 fontconfig-config_2.12.6-0.1 fonts-dejavu-core_2.37-1 g++_4:7.2.0-1d1 g++-7_7.3.0-1 gcc_4:7.2.0-1d1 gcc-6-base_6.4.0-12 gcc-7_7.3.0-1 gcc-7-base_7.3.0-1 gem2deb_0.36 gem2deb-test-runner_0.36 gettext_0.19.8.1-4 gettext-base_0.19.8.1-4 gpgv_2.2.4-2 grep_3.1-2 groff-base_1.22.3-9 gzip_1.6-5+b1 hostname_3.20 init-system-helpers_1.51 intltool-debian_0.35.0+20060710.4 lib32gcc1_1:7.3.0-1 lib32stdc++6_7.3.0-1 libacl1_2.2.52-3+b1 libapt-pkg5.0_1.6~alpha7 libarchive-zip-perl_1.60-1 libasan4_7.3.0-1 libatomic1_7.3.0-1 libattr1_1:2.4.47-2+b2 libaudit-common_1:2.8.2-1 libaudit1_1:2.8.2-1 libavahi-client3_0.7-3.1 libavahi-common-data_0.7-3.1 libavahi-common3_0.7-3.1 libbinutils_2.30-2 libblkid1_2.30.2-0.3 libboost-dev_1.62.0.1 libboost1.62-dev_1.62.0+dfsg-5 libbsd0_0.8.7-1 libbz2-1.0_1.0.6-8.1 libc-bin_2.26-6 libc-dev-bin_2.26-6 libc6_2.26-6 libc6-dev_2.26-6 libc6-i386_2.26-6 libcap-ng0_0.7.7-3.1+b1 libcc1-0_7.3.0-1 libcilkrts5_7.3.0-1 libclang-common-6.0-dev_1:6.0~+rc1-1 libclang1-6.0_1:6.0~+rc1-1 libcomerr2_1.43.8-2 libcroco3_0.6.12-2 libcups2_2.2.6-4 libdb5.3_5.3.28-13.1+b1 libdbus-1-3_1.12.2-1 libdebconfclient0_0.240 libdouble-conversion1_2.0.1-4 libdpkg-perl_1.19.0.5 libdrm-amdgpu1_2.4.89-1 libdrm-common_2.4.89-1 libdrm-dev_2.4.89-1 libdrm-intel1_2.4.89-1 libdrm-nouveau2_2.4.89-1 libdrm-radeon1_2.4.89-1 libdrm2_2.4.89-1 libeatmydata1_105-5 libedit2_3.1-20170329-1 libegl-mesa0_17.3.3-1 libegl1_1.0.0-2 libelf1_0.170-0.3 libevdev2_1.5.8+dfsg-1 libexpat1_2.2.5-3 libfakeroot_1.22-2 libfdisk1_2.30.2-0.3 libffi6_3.2.1-8 libfile-homedir-perl_1.002-1 libfile-stripnondeterminism-perl_0.040-1 libfile-which-perl_1.21-1 libfontconfig1_2.12.6-0.1 libfreetype6_2.8.1-1 libgbm1_17.3.3-1 libgc1c2_1:7.4.2-8.1 libgcc-7-dev_7.3.0-1 libgcc1_1:7.3.0-1 libgcrypt20_1.8.1-4 libgdbm3_1.8.3-14 libgdbm5_1.14.1-2 libgecode-dev_5.1.0-2+b1 libgecode44_5.1.0-2+b1 libgecodeflatzinc44_5.1.0-2+b1 libgecodegist44_5.1.0-2+b1 libgl1_1.0.0-2 libgl1-mesa-dev_17.3.3-1 libgl1-mesa-dri_17.3.3-1 libglapi-mesa_17.3.3-1 libgles2_1.0.0-2 libglib2.0-0_2.54.3-2 libglu1-mesa_9.0.0-2.1 libglu1-mesa-dev_9.0.0-2.1 libglvnd-core-dev_1.0.0-2 libglvnd-dev_1.0.0-2 libglvnd0_1.0.0-2 libglx-mesa0_17.3.3-1 libglx0_1.0.0-2 libgmp-dev_2:6.1.2+dfsg-2 libgmp10_2:6.1.2+dfsg-2 libgmpxx4ldbl_2:6.1.2+dfsg-2 libgnutls30_3.5.17-1 libgomp1_7.3.0-1 libgpg-error0_1.27-6 libgraphite2-3_1.3.10-8 libgssapi-krb5-2_1.16-2 libgudev-1.0-0_232-2 libharfbuzz0b_1.7.2-1 libhogweed4_3.4-1 libice6_2:1.0.9-2 libicu57_57.1-8 libidn2-0_2.0.4-1.1 libinput-bin_1.9.4-2 libinput10_1.9.4-2 libisl15_0.18-1 libitm1_7.3.0-1 libjpeg62-turbo_1:1.5.2-2+b1 libjsoncpp1_1.7.4-3 libk5crypto3_1.16-2 libkeyutils1_1.5.9-9.2 libkrb5-3_1.16-2 libkrb5support0_1.16-2 libllvm5.0_1:5.0.1-2 libllvm6.0_1:6.0~+rc1-1 liblsan0_7.3.0-1 liblz4-1_0.0~r131-2+b1 liblzma5_5.2.2-1.3 libmagic-mgc_1:5.32-1 libmagic1_1:5.32-1 libmount1_2.30.2-0.3 libmpc3_1.1.0-1 libmpdec2_2.4.2-1 libmpfr-dev_4.0.1~rc2-1 libmpfr4_3.1.6-1 libmpfr6_4.0.1~rc2-1 libmpx2_7.3.0-1 libmtdev1_1.1.5-1+b1 libncurses5_6.0+20171125-1 libncursesw5_6.0+20171125-1 libnettle6_3.4-1 libobjc-7-dev_7.3.0-1 libobjc4_7.3.0-1 libopengl0_1.0.0-2 libp11-kit0_0.23.9-2 libpam-modules_1.1.8-3.6 libpam-modules-bin_1.1.8-3.6 libpam-runtime_1.1.8-3.6 libpam0g_1.1.8-3.6 libpciaccess0_0.13.4-1+b2 libpcre2-16-0_10.22-6 libpcre3_2:8.39-9 libperl5.26_5.26.1-4+b1 libpipeline1_1.5.0-1 libpng16-16_1.6.34-1 libpthread-stubs0-dev_0.3-4 libpython3-stdlib_3.6.4-1 libpython3.6-minimal_3.6.4-3 libpython3.6-stdlib_3.6.4-3 libqt5concurrent5_5.9.2+dfsg-9 libqt5core5a_5.9.2+dfsg-9 libqt5dbus5_5.9.2+dfsg-9 libqt5gui5_5.9.2+dfsg-9 libqt5network5_5.9.2+dfsg-9 libqt5printsupport5_5.9.2+dfsg-9 libqt5sql5_5.9.2+dfsg-9 libqt5test5_5.9.2+dfsg-9 libqt5widgets5_5.9.2+dfsg-9 libqt5xml5_5.9.2+dfsg-9 libquadmath0_7.3.0-1 libreadline7_7.0-3 libruby2.3_2.3.6-2 libruby2.5_2.5.0-4 libseccomp2_2.3.1-2.1 libselinux1_2.7-2+b1 libsemanage-common_2.7-2 libsemanage1_2.7-2+b1 libsensors4_1:3.4.0-4 libsepol1_2.7-1 libsigsegv2_2.12-1 libsm6_2:1.2.2-1+b3 libsmartcols1_2.30.2-0.3 libsqlite3-0_3.22.0-1 libss2_1.43.8-2 libssl1.0.2_1.0.2n-1 libssl1.1_1.1.0g-2 libstdc++-7-dev_7.3.0-1 libstdc++6_7.3.0-1 libsystemd0_237-1 libtasn1-6_4.13-2 libtimedate-perl_2.3000-2 libtinfo5_6.0+20171125-1 libtool_2.4.6-2 libtsan0_7.3.0-1 libubsan0_7.3.0-1 libudev1_237-1 libunistring2_0.9.8-1 libustr-1.0-1_1.0.4-6 libuuid1_2.30.2-0.3 libwacom-common_0.26-1 libwacom2_0.26-1 libwayland-client0_1.14.0-1+b1 libwayland-server0_1.14.0-1+b1 libx11-6_2:1.6.4-3 libx11-data_2:1.6.4-3 libx11-dev_2:1.6.4-3 libx11-xcb-dev_2:1.6.4-3 libx11-xcb1_2:1.6.4-3 libxau-dev_1:1.0.8-1+b2 libxau6_1:1.0.8-1+b2 libxcb-dri2-0_1.12-1 libxcb-dri2-0-dev_1.12-1 libxcb-dri3-0_1.12-1 libxcb-dri3-dev_1.12-1 libxcb-glx0_1.12-1 libxcb-glx0-dev_1.12-1 libxcb-icccm4_0.4.1-1+b1 libxcb-image0_0.4.0-1+b2 libxcb-keysyms1_0.4.0-1+b2 libxcb-present-dev_1.12-1 libxcb-present0_1.12-1 libxcb-randr0_1.12-1 libxcb-randr0-dev_1.12-1 libxcb-render-util0_0.3.9-1+b1 libxcb-render0_1.12-1 libxcb-render0-dev_1.12-1 libxcb-shape0_1.12-1 libxcb-shape0-dev_1.12-1 libxcb-shm0_1.12-1 libxcb-sync-dev_1.12-1 libxcb-sync1_1.12-1 libxcb-util0_0.3.8-3+b2 libxcb-xfixes0_1.12-1 libxcb-xfixes0-dev_1.12-1 libxcb-xinerama0_1.12-1 libxcb-xkb1_1.12-1 libxcb1_1.12-1 libxcb1-dev_1.12-1 libxdamage-dev_1:1.1.4-3 libxdamage1_1:1.1.4-3 libxdmcp-dev_1:1.1.2-3 libxdmcp6_1:1.1.2-3 libxext-dev_2:1.3.3-1+b2 libxext6_2:1.3.3-1+b2 libxfixes-dev_1:5.0.3-1 libxfixes3_1:5.0.3-1 libxi6_2:1.7.9-1 libxkbcommon-x11-0_0.8.0-1 libxkbcommon0_0.8.0-1 libxml2_2.9.4+dfsg1-6.1 libxshmfence-dev_1.2-1+b2 libxshmfence1_1.2-1+b2 libxxf86vm-dev_1:1.1.4-1+b2 libxxf86vm1_1:1.1.4-1+b2 libyaml-0-2_0.1.7-2 linux-libc-dev_4.14.13-1 login_1:4.5-1 lsb-base_9.20170808 m4_1.4.18-1 make_4.1-9.1 man-db_2.8.0-2 mawk_1.3.3-17+b3 mesa-common-dev_17.3.3-1 mime-support_3.60 mount_2.30.2-0.3 multiarch-support_2.26-6 ncurses-base_6.0+20171125-1 ncurses-bin_6.0+20171125-1 openssl_1.1.0g-2 passwd_1:4.5-1 patch_2.7.5-1+b2 perl_5.26.1-4+b1 perl-base_5.26.1-4+b1 perl-modules-5.26_5.26.1-4 po-debconf_1.0.20 python3_3.6.4-1 python3-distutils_3.6.4-3 python3-lib2to3_3.6.4-3 python3-minimal_3.6.4-1 python3.6_3.6.4-3 python3.6-minimal_3.6.4-3 qt5-qmake_5.9.2+dfsg-9 qt5-qmake-bin_5.9.2+dfsg-9 qtbase5-dev_5.9.2+dfsg-9 qtbase5-dev-tools_5.9.2+dfsg-9 qtchooser_64-ga1b6736-5 rake_12.3.0-1 readline-common_7.0-3 ruby_1:2.5~1 ruby-all-dev_1:2.5~1 ruby-did-you-mean_1.0.0-2 ruby-diff-lcs_1.3-1 ruby-ffi_1.9.10debian-1+b3 ruby-minitest_5.10.3-1 ruby-molinillo_0.5.0-2 ruby-net-telnet_0.1.1-2 ruby-power-assert_0.3.0-1 ruby-rspec_3.7.0c1e0m0s1-1 ruby-rspec-core_3.7.0c1e0m0s1-1 ruby-rspec-expectations_3.7.0c1e0m0s1-1 ruby-rspec-mocks_3.7.0c1e0m0s1-1 ruby-rspec-support_3.7.0c1e0m0s1-1 ruby-semverse_2.0.0-1 ruby-setup_3.4.1-9 ruby-solve_3.0.1-1 ruby-test-unit_3.2.5-1 ruby-thread-order_1.1.0-1 ruby2.3_2.3.6-2 ruby2.3-dev_2.3.6-2 ruby2.5_2.5.0-4 ruby2.5-dev_2.5.0-4 rubygems-integration_1.11 sbuild-build-depends-core-dummy_0.invalid.0 sbuild-build-depends-ruby-dep-selector-dummy_0.invalid.0 sed_4.4-2 sensible-utils_0.0.11 sysvinit-utils_2.88dsf-59.10 tar_1.29b-2 ucf_3.0036 util-linux_2.30.2-0.3 x11-common_1:7.7+19 x11proto-core-dev_7.0.31-1 x11proto-damage-dev_1:1.2.1-2 x11proto-dri2-dev_2.8-2 x11proto-fixes-dev_1:5.0-2 x11proto-gl-dev_1.4.17-1 x11proto-input-dev_2.3.2-1 x11proto-kb-dev_1.0.7-1 x11proto-xext-dev_7.3.0-1 x11proto-xf86vidmode-dev_2.3.1-2 xkb-data_2.23.1-1 xorg-sgml-doctools_1:1.11-1 xtrans-dev_1.3.5-1 xz-utils_5.2.2-1.3 zlib1g_1:1.2.8.dfsg-5

+------------------------------------------------------------------------------+
| Build                                                                        |
+------------------------------------------------------------------------------+


Unpack source
-------------

gpgv: unknown type of key resource 'trustedkeys.kbx'
gpgv: keyblock resource '/sbuild-nonexistent/.gnupg/trustedkeys.kbx': General error
gpgv: Signature made Mon Jul 27 04:06:02 2015 UTC
gpgv:                using RSA key 89AF82B739CD217A
gpgv: Can't check signature: No public key
dpkg-source: warning: failed to verify signature on ./ruby-dep-selector_1.0.3-2.dsc
dpkg-source: info: extracting ruby-dep-selector in /<<PKGBUILDDIR>>
dpkg-source: info: unpacking ruby-dep-selector_1.0.3.orig.tar.gz
dpkg-source: info: unpacking ruby-dep-selector_1.0.3-2.debian.tar.xz
dpkg-source: info: applying 0001-Do-not-require-dep-selector-libgecode.patch
dpkg-source: info: applying 0002-Port-to-libgecode-4.0-Closes-710104.patch
dpkg-source: info: applying 0003-Do-not-set-rpath.patch
dpkg-source: info: applying 0004-Make-it-solve-2.0-compatible.patch
dpkg-source: info: applying 0005-Make-tests-rspec3-compatible.patch
dpkg-source: info: applying 0006-Search-for-dep_gecode.so-in-vendorarchdir.patch

Check disk space
----------------

Sufficient free space for build

User Environment
----------------

APT_CONFIG=/var/lib/sbuild/apt.conf
HOME=/sbuild-nonexistent
LANG=en_US.UTF-8
LC_ALL=POSIX
LOGNAME=user42
PATH=/usr/local/sbin:/usr/local/bin:/usr/sbin:/usr/bin:/sbin:/bin:/usr/games
SCHROOT_ALIAS_NAME=unstable-amd64-sbuild
SCHROOT_CHROOT_NAME=unstable-amd64-sbuild
SCHROOT_COMMAND=env
SCHROOT_GID=1001
SCHROOT_GROUP=user42
SCHROOT_SESSION_ID=unstable-amd64-sbuild-44d2b8d9-e9e9-4d54-a562-103a700e5946
SCHROOT_UID=1001
SCHROOT_USER=user42
SHELL=/bin/sh
USER=user42

dpkg-buildpackage
-----------------

dpkg-buildpackage: info: source package ruby-dep-selector
dpkg-buildpackage: info: source version 1.0.3-2
dpkg-buildpackage: info: source distribution unstable
dpkg-buildpackage: info: source changed by Hleb Valoshka <375gnu@gmail.com>
 dpkg-source --before-build ruby-dep-selector-1.0.3
dpkg-buildpackage: info: host architecture amd64
 fakeroot debian/rules clean
dh clean --buildsystem=ruby --with ruby
dh: Compatibility levels before 9 are deprecated (level 7 in use)
   dh_auto_clean -O--buildsystem=ruby
dh_auto_clean: Compatibility levels before 9 are deprecated (level 7 in use)
	dh_ruby --clean
   dh_ruby --clean
   dh_clean -O--buildsystem=ruby
dh_clean: Compatibility levels before 9 are deprecated (level 7 in use)
 debian/rules build-arch
dh build-arch --buildsystem=ruby --with ruby
dh: Compatibility levels before 9 are deprecated (level 7 in use)
   dh_update_autotools_config -a -O--buildsystem=ruby
   dh_auto_configure -a -O--buildsystem=ruby
dh_auto_configure: Compatibility levels before 9 are deprecated (level 7 in use)
	dh_ruby --configure
   dh_auto_build -a -O--buildsystem=ruby
dh_auto_build: Compatibility levels before 9 are deprecated (level 7 in use)
	dh_ruby --build
   dh_ruby --build
   dh_auto_test -a -O--buildsystem=ruby
dh_auto_test: Compatibility levels before 9 are deprecated (level 7 in use)
	dh_ruby --test
 fakeroot debian/rules binary-arch
dh binary-arch --buildsystem=ruby --with ruby
dh: Compatibility levels before 9 are deprecated (level 7 in use)
   dh_testroot -a -O--buildsystem=ruby
   dh_prep -a -O--buildsystem=ruby
   dh_auto_install -a -O--buildsystem=ruby
dh_auto_install: Compatibility levels before 9 are deprecated (level 7 in use)
	dh_ruby --install /<<PKGBUILDDIR>>/debian/ruby-dep-selector
   dh_ruby --install


 Install files                                                                


install -d /<<PKGBUILDDIR>>/debian/ruby-dep-selector/usr/bin
install -D -m755 /<<PKGBUILDDIR>>/bin/problem_reader.rb /<<PKGBUILDDIR>>/debian/ruby-dep-selector/usr/bin/problem_reader.rb
install -d /<<PKGBUILDDIR>>/debian/ruby-dep-selector/usr/lib/ruby/vendor_ruby
install -D -m644 /<<PKGBUILDDIR>>/lib/dep_selector.rb /<<PKGBUILDDIR>>/debian/ruby-dep-selector/usr/lib/ruby/vendor_ruby/dep_selector.rb
install -D -m644 /<<PKGBUILDDIR>>/lib/dep_selector/error_reporter.rb /<<PKGBUILDDIR>>/debian/ruby-dep-selector/usr/lib/ruby/vendor_ruby/dep_selector/error_reporter.rb
install -D -m644 /<<PKGBUILDDIR>>/lib/dep_selector/package.rb /<<PKGBUILDDIR>>/debian/ruby-dep-selector/usr/lib/ruby/vendor_ruby/dep_selector/package.rb
install -D -m644 /<<PKGBUILDDIR>>/lib/dep_selector/dep_gecode.rb /<<PKGBUILDDIR>>/debian/ruby-dep-selector/usr/lib/ruby/vendor_ruby/dep_selector/dep_gecode.rb
install -D -m644 /<<PKGBUILDDIR>>/lib/dep_selector/selector.rb /<<PKGBUILDDIR>>/debian/ruby-dep-selector/usr/lib/ruby/vendor_ruby/dep_selector/selector.rb
install -D -m644 /<<PKGBUILDDIR>>/lib/dep_selector/gecode_wrapper.rb /<<PKGBUILDDIR>>/debian/ruby-dep-selector/usr/lib/ruby/vendor_ruby/dep_selector/gecode_wrapper.rb
install -D -m644 /<<PKGBUILDDIR>>/lib/dep_selector/package_version.rb /<<PKGBUILDDIR>>/debian/ruby-dep-selector/usr/lib/ruby/vendor_ruby/dep_selector/package_version.rb
install -D -m644 /<<PKGBUILDDIR>>/lib/dep_selector/version_constraint.rb /<<PKGBUILDDIR>>/debian/ruby-dep-selector/usr/lib/ruby/vendor_ruby/dep_selector/version_constraint.rb
install -D -m644 /<<PKGBUILDDIR>>/lib/dep_selector/solution_constraint.rb /<<PKGBUILDDIR>>/debian/ruby-dep-selector/usr/lib/ruby/vendor_ruby/dep_selector/solution_constraint.rb
install -D -m644 /<<PKGBUILDDIR>>/lib/dep_selector/version.rb /<<PKGBUILDDIR>>/debian/ruby-dep-selector/usr/lib/ruby/vendor_ruby/dep_selector/version.rb
install -D -m644 /<<PKGBUILDDIR>>/lib/dep_selector/exceptions.rb /<<PKGBUILDDIR>>/debian/ruby-dep-selector/usr/lib/ruby/vendor_ruby/dep_selector/exceptions.rb
install -D -m644 /<<PKGBUILDDIR>>/lib/dep_selector/dep_selector_version.rb /<<PKGBUILDDIR>>/debian/ruby-dep-selector/usr/lib/ruby/vendor_ruby/dep_selector/dep_selector_version.rb
install -D -m644 /<<PKGBUILDDIR>>/lib/dep_selector/dependency.rb /<<PKGBUILDDIR>>/debian/ruby-dep-selector/usr/lib/ruby/vendor_ruby/dep_selector/dependency.rb
install -D -m644 /<<PKGBUILDDIR>>/lib/dep_selector/densely_packed_set.rb /<<PKGBUILDDIR>>/debian/ruby-dep-selector/usr/lib/ruby/vendor_ruby/dep_selector/densely_packed_set.rb
install -D -m644 /<<PKGBUILDDIR>>/lib/dep_selector/dependency_graph.rb /<<PKGBUILDDIR>>/debian/ruby-dep-selector/usr/lib/ruby/vendor_ruby/dep_selector/dependency_graph.rb
install -D -m644 /<<PKGBUILDDIR>>/lib/dep_selector/error_reporter/simple_tree_traverser.rb /<<PKGBUILDDIR>>/debian/ruby-dep-selector/usr/lib/ruby/vendor_ruby/dep_selector/error_reporter/simple_tree_traverser.rb


 Build native extensions for ruby2.3                                          


/usr/bin/ruby2.3 /usr/lib/ruby/vendor_ruby/gem2deb/extension_builder.rb /<<PKGBUILDDIR>> debian/ruby-dep-selector
current directory: /<<PKGBUILDDIR>>/ext/dep_gecode
/usr/bin/ruby2.3 -r ./siteconf20180207-84750-1b7tdax.rb extconf.rb
checking for main() in -lgecodesupport... yes
checking for main() in -lgecodekernel... yes
checking for main() in -lgecodeint... yes
checking for main() in -lgecodeminimodel... yes
checking for main() in -lgecodesearch... yes
creating Makefile
current directory: /<<PKGBUILDDIR>>/ext/dep_gecode
make V=1 "DESTDIR=" clean
make[1]: Entering directory '/<<PKGBUILDDIR>>/ext/dep_gecode'
rm -f 
rm -f dep_gecode.so  *.o  *.bak mkmf.log .*.time
make[1]: Leaving directory '/<<PKGBUILDDIR>>/ext/dep_gecode'
current directory: /<<PKGBUILDDIR>>/ext/dep_gecode
make V=1 "DESTDIR="
make[1]: Entering directory '/<<PKGBUILDDIR>>/ext/dep_gecode'
g++ -I. -I/usr/include/x86_64-linux-gnu/ruby-2.3.0 -I/usr/include/ruby-2.3.0/ruby/backward -I/usr/include/ruby-2.3.0 -I. -I/usr/include -Wdate-time -D_FORTIFY_SOURCE=2   -fPIC -g -O2 -fdebug-prefix-map=/build/ruby2.3-KwDbD6/ruby2.3-2.3.6=. -fstack-protector-strong -Wformat -Werror=format-security  -o define_dummy_init.o -c define_dummy_init.cxx
g++ -I. -I/usr/include/x86_64-linux-gnu/ruby-2.3.0 -I/usr/include/ruby-2.3.0/ruby/backward -I/usr/include/ruby-2.3.0 -I. -I/usr/include -Wdate-time -D_FORTIFY_SOURCE=2   -fPIC -g -O2 -fdebug-prefix-map=/build/ruby2.3-KwDbD6/ruby2.3-2.3.6=. -fstack-protector-strong -Wformat -Werror=format-security  -o dep_selector_to_gecode.o -c dep_selector_to_gecode.cpp
In file included from dep_selector_to_gecode.cpp:26:
./dep_selector_to_gecode.h:162:7: error: use of class template 'DFS' requires template arguments
  RBS<DFS,VersionProblem> solver;
      ^~~
/usr/include/gecode/search.hh:739:9: note: template is declared here
  class DFS : public Search::Base<T> {
        ^
dep_selector_to_gecode.cpp:404:5: error: no matching function for call to 'branch'
    branch(*this, disabled_package_variables, INT_VAR_SIZE_MIN(), INT_VAL_MIN());
    ^~~~~~
/usr/include/gecode/int.hh:4719:3: note: candidate function not viable: no known conversion from 'Gecode::BoolVarArray' to 'const Gecode::IntVarArgs' for 2nd argument
  branch(Home home, const IntVarArgs& x,
  ^
/usr/include/gecode/int.hh:4729:3: note: candidate function not viable: no known conversion from 'Gecode::BoolVarArray' to 'const Gecode::IntVarArgs' for 2nd argument
  branch(Home home, const IntVarArgs& x,
  ^
/usr/include/gecode/int.hh:4747:3: note: candidate function not viable: no known conversion from 'Gecode::IntVarBranch' to 'Gecode::BoolVarBranch' for 3rd argument
  branch(Home home, const BoolVarArgs& x,
  ^
/usr/include/gecode/int.hh:4757:3: note: candidate function not viable: no known conversion from 'Gecode::IntVarBranch' to 'TieBreak<Gecode::BoolVarBranch>' for 3rd argument
  branch(Home home, const BoolVarArgs& x,
  ^
/usr/include/gecode/int.hh:4739:3: note: candidate function not viable: no known conversion from 'Gecode::BoolVarArray' to 'Gecode::IntVar' for 2nd argument
  branch(Home home, IntVar x, IntValBranch vals,
  ^
/usr/include/gecode/int.hh:4767:3: note: candidate function not viable: no known conversion from 'Gecode::BoolVarArray' to 'Gecode::BoolVar' for 2nd argument
  branch(Home home, BoolVar x, BoolValBranch vals,
  ^
/usr/include/gecode/set.hh:1624:3: note: candidate function not viable: no known conversion from 'Gecode::BoolVarArray' to 'const Gecode::SetVarArgs' for 2nd argument
  branch(Home home, const SetVarArgs& x,
  ^
/usr/include/gecode/set.hh:1634:3: note: candidate function not viable: no known conversion from 'Gecode::BoolVarArray' to 'const Gecode::SetVarArgs' for 2nd argument
  branch(Home home, const SetVarArgs& x,
  ^
/usr/include/gecode/set.hh:1644:3: note: candidate function not viable: no known conversion from 'Gecode::BoolVarArray' to 'Gecode::SetVar' for 2nd argument
  branch(Home home, SetVar x, SetValBranch vals,
  ^
/usr/include/gecode/float.hh:1865:3: note: candidate function not viable: no known conversion from 'Gecode::BoolVarArray' to 'const Gecode::FloatVarArgs' for 2nd argument
  branch(Home home, const FloatVarArgs& x,
  ^
/usr/include/gecode/float.hh:1875:3: note: candidate function not viable: no known conversion from 'Gecode::BoolVarArray' to 'const Gecode::FloatVarArgs' for 2nd argument
  branch(Home home, const FloatVarArgs& x,
  ^
/usr/include/gecode/float.hh:1885:3: note: candidate function not viable: no known conversion from 'Gecode::BoolVarArray' to 'Gecode::FloatVar' for 2nd argument
  branch(Home home, FloatVar x, FloatValBranch vals,
  ^
/usr/include/gecode/kernel.hh:227:3: note: candidate function not viable: requires 2 arguments, but 4 were provided
  branch(Home home, std::function<void(Space& home)> f);
  ^
/usr/include/gecode/int.hh:4931:3: note: candidate function not viable: requires at least 5 arguments, but 4 were provided
  branch(Home home, const IntVarArgs& x,
  ^
/usr/include/gecode/int.hh:4948:3: note: candidate function not viable: requires at least 5 arguments, but 4 were provided
  branch(Home home, const IntVarArgs& x,
  ^
/usr/include/gecode/int.hh:4965:3: note: candidate function not viable: requires at least 5 arguments, but 4 were provided
  branch(Home home, const BoolVarArgs& x,
  ^
/usr/include/gecode/int.hh:4982:3: note: candidate function not viable: requires at least 5 arguments, but 4 were provided
  branch(Home home, const BoolVarArgs& x,
  ^
/usr/include/gecode/set.hh:1684:3: note: candidate function not viable: requires at least 5 arguments, but 4 were provided
  branch(Home home, const SetVarArgs& x,
  ^
/usr/include/gecode/set.hh:1696:3: note: candidate function not viable: requires at least 5 arguments, but 4 were provided
  branch(Home home, const SetVarArgs& x,
  ^
dep_selector_to_gecode.cpp:410:5: error: no matching function for call to 'branch'
    branch(*this, at_latest, INT_VAR_SIZE_MIN(), INT_VAL_MAX());
    ^~~~~~
/usr/include/gecode/int.hh:4719:3: note: candidate function not viable: no known conversion from 'Gecode::BoolVarArray' to 'const Gecode::IntVarArgs' for 2nd argument
  branch(Home home, const IntVarArgs& x,
  ^
/usr/include/gecode/int.hh:4729:3: note: candidate function not viable: no known conversion from 'Gecode::BoolVarArray' to 'const Gecode::IntVarArgs' for 2nd argument
  branch(Home home, const IntVarArgs& x,
  ^
/usr/include/gecode/int.hh:4747:3: note: candidate function not viable: no known conversion from 'Gecode::IntVarBranch' to 'Gecode::BoolVarBranch' for 3rd argument
  branch(Home home, const BoolVarArgs& x,
  ^
/usr/include/gecode/int.hh:4757:3: note: candidate function not viable: no known conversion from 'Gecode::IntVarBranch' to 'TieBreak<Gecode::BoolVarBranch>' for 3rd argument
  branch(Home home, const BoolVarArgs& x,
  ^
/usr/include/gecode/int.hh:4739:3: note: candidate function not viable: no known conversion from 'Gecode::BoolVarArray' to 'Gecode::IntVar' for 2nd argument
  branch(Home home, IntVar x, IntValBranch vals,
  ^
/usr/include/gecode/int.hh:4767:3: note: candidate function not viable: no known conversion from 'Gecode::BoolVarArray' to 'Gecode::BoolVar' for 2nd argument
  branch(Home home, BoolVar x, BoolValBranch vals,
  ^
/usr/include/gecode/set.hh:1624:3: note: candidate function not viable: no known conversion from 'Gecode::BoolVarArray' to 'const Gecode::SetVarArgs' for 2nd argument
  branch(Home home, const SetVarArgs& x,
  ^
/usr/include/gecode/set.hh:1634:3: note: candidate function not viable: no known conversion from 'Gecode::BoolVarArray' to 'const Gecode::SetVarArgs' for 2nd argument
  branch(Home home, const SetVarArgs& x,
  ^
/usr/include/gecode/set.hh:1644:3: note: candidate function not viable: no known conversion from 'Gecode::BoolVarArray' to 'Gecode::SetVar' for 2nd argument
  branch(Home home, SetVar x, SetValBranch vals,
  ^
/usr/include/gecode/float.hh:1865:3: note: candidate function not viable: no known conversion from 'Gecode::BoolVarArray' to 'const Gecode::FloatVarArgs' for 2nd argument
  branch(Home home, const FloatVarArgs& x,
  ^
/usr/include/gecode/float.hh:1875:3: note: candidate function not viable: no known conversion from 'Gecode::BoolVarArray' to 'const Gecode::FloatVarArgs' for 2nd argument
  branch(Home home, const FloatVarArgs& x,
  ^
/usr/include/gecode/float.hh:1885:3: note: candidate function not viable: no known conversion from 'Gecode::BoolVarArray' to 'Gecode::FloatVar' for 2nd argument
  branch(Home home, FloatVar x, FloatValBranch vals,
  ^
/usr/include/gecode/kernel.hh:227:3: note: candidate function not viable: requires 2 arguments, but 4 were provided
  branch(Home home, std::function<void(Space& home)> f);
  ^
/usr/include/gecode/int.hh:4931:3: note: candidate function not viable: requires at least 5 arguments, but 4 were provided
  branch(Home home, const IntVarArgs& x,
  ^
/usr/include/gecode/int.hh:4948:3: note: candidate function not viable: requires at least 5 arguments, but 4 were provided
  branch(Home home, const IntVarArgs& x,
  ^
/usr/include/gecode/int.hh:4965:3: note: candidate function not viable: requires at least 5 arguments, but 4 were provided
  branch(Home home, const BoolVarArgs& x,
  ^
/usr/include/gecode/int.hh:4982:3: note: candidate function not viable: requires at least 5 arguments, but 4 were provided
  branch(Home home, const BoolVarArgs& x,
  ^
/usr/include/gecode/set.hh:1684:3: note: candidate function not viable: requires at least 5 arguments, but 4 were provided
  branch(Home home, const SetVarArgs& x,
  ^
/usr/include/gecode/set.hh:1696:3: note: candidate function not viable: requires at least 5 arguments, but 4 were provided
  branch(Home home, const SetVarArgs& x,
  ^
dep_selector_to_gecode.cpp:622:9: error: use of class template 'DFS' requires template arguments
    RBS<DFS,VersionProblem> solver(problem, o);
        ^~~
/usr/include/gecode/search.hh:739:9: note: template is declared here
  class DFS : public Search::Base<T> {
        ^
4 errors generated.
Makefile:231: recipe for target 'dep_selector_to_gecode.o' failed
make[1]: *** [dep_selector_to_gecode.o] Error 1
make[1]: Leaving directory '/<<PKGBUILDDIR>>/ext/dep_gecode'
~~~~~~~~~~~~~~~~~~~~~  mkmf.log ~~~~~~~~~~~~~~~~~~~~~
have_library: checking for main() in -lgecodesupport... -------------------- yes

"gcc -o conftest -I/usr/include/x86_64-linux-gnu/ruby-2.3.0 -I/usr/include/ruby-2.3.0/ruby/backward -I/usr/include/ruby-2.3.0 -I. -I/usr/include -Wdate-time -D_FORTIFY_SOURCE=2   -g -O2 -fdebug-prefix-map=/build/ruby2.3-KwDbD6/ruby2.3-2.3.6=. -fstack-protector-strong -Wformat -Werror=format-security -fPIC conftest.c  -L. -L/usr/lib/x86_64-linux-gnu -L. -Wl,-z,relro -Wl,-z,now -fstack-protector -rdynamic -Wl,-export-dynamic     -lruby-2.3  -lpthread -lgmp -ldl -lcrypt -lm   -lc"
In file included from conftest.c:1:
In file included from /usr/include/ruby-2.3.0/ruby.h:33:
/usr/include/ruby-2.3.0/ruby/ruby.h:929:1: warning: attribute 'deprecated' is ignored, place it after "struct" to apply attribute to type declaration [-Wignored-attributes]
DEPRECATED_TYPE(("RClass is internal use only"),
^
/usr/include/x86_64-linux-gnu/ruby-2.3.0/ruby/config.h:128:49: note: expanded from macro 'DEPRECATED_TYPE'
#define DEPRECATED_TYPE(mesg,x) __attribute__ ((deprecated mesg)) x
                                                ^
1 warning generated.
checked program was:
/* begin */
1: #include "ruby.h"
2: 
3: int main(int argc, char **argv)
4: {
5:   return 0;
6: }
/* end */

"gcc -o conftest -I/usr/include/x86_64-linux-gnu/ruby-2.3.0 -I/usr/include/ruby-2.3.0/ruby/backward -I/usr/include/ruby-2.3.0 -I. -I/usr/include -Wdate-time -D_FORTIFY_SOURCE=2   -g -O2 -fdebug-prefix-map=/build/ruby2.3-KwDbD6/ruby2.3-2.3.6=. -fstack-protector-strong -Wformat -Werror=format-security -fPIC conftest.c  -L. -L/usr/lib/x86_64-linux-gnu -L. -Wl,-z,relro -Wl,-z,now -fstack-protector -rdynamic -Wl,-export-dynamic     -lruby-2.3 -lgecodesupport  -lpthread -lgmp -ldl -lcrypt -lm   -lc"
In file included from conftest.c:1:
In file included from /usr/include/ruby-2.3.0/ruby.h:33:
/usr/include/ruby-2.3.0/ruby/ruby.h:929:1: warning: attribute 'deprecated' is ignored, place it after "struct" to apply attribute to type declaration [-Wignored-attributes]
DEPRECATED_TYPE(("RClass is internal use only"),
^
/usr/include/x86_64-linux-gnu/ruby-2.3.0/ruby/config.h:128:49: note: expanded from macro 'DEPRECATED_TYPE'
#define DEPRECATED_TYPE(mesg,x) __attribute__ ((deprecated mesg)) x
                                                ^
1 warning generated.
checked program was:
/* begin */
 1: #include "ruby.h"
 2: 
 3: /*top*/
 4: extern int t(void);
 5: int main(int argc, char **argv)
 6: {
 7:   if (argc > 1000000) {
 8:     printf("%p", &t);
 9:   }
10: 
11:   return 0;
12: }
13: int t(void) { void ((*volatile p)()); p = (void ((*)()))main; return !p; }
/* end */

--------------------

have_library: checking for main() in -lgecodekernel... -------------------- yes

"gcc -o conftest -I/usr/include/x86_64-linux-gnu/ruby-2.3.0 -I/usr/include/ruby-2.3.0/ruby/backward -I/usr/include/ruby-2.3.0 -I. -I/usr/include -Wdate-time -D_FORTIFY_SOURCE=2   -g -O2 -fdebug-prefix-map=/build/ruby2.3-KwDbD6/ruby2.3-2.3.6=. -fstack-protector-strong -Wformat -Werror=format-security -fPIC conftest.c  -L. -L/usr/lib/x86_64-linux-gnu -L. -Wl,-z,relro -Wl,-z,now -fstack-protector -rdynamic -Wl,-export-dynamic    -lgecodesupport  -lruby-2.3 -lgecodekernel -lgecodesupport  -lpthread -lgmp -ldl -lcrypt -lm   -lc"
In file included from conftest.c:1:
In file included from /usr/include/ruby-2.3.0/ruby.h:33:
/usr/include/ruby-2.3.0/ruby/ruby.h:929:1: warning: attribute 'deprecated' is ignored, place it after "struct" to apply attribute to type declaration [-Wignored-attributes]
DEPRECATED_TYPE(("RClass is internal use only"),
^
/usr/include/x86_64-linux-gnu/ruby-2.3.0/ruby/config.h:128:49: note: expanded from macro 'DEPRECATED_TYPE'
#define DEPRECATED_TYPE(mesg,x) __attribute__ ((deprecated mesg)) x
                                                ^
1 warning generated.
checked program was:
/* begin */
 1: #include "ruby.h"
 2: 
 3: /*top*/
 4: extern int t(void);
 5: int main(int argc, char **argv)
 6: {
 7:   if (argc > 1000000) {
 8:     printf("%p", &t);
 9:   }
10: 
11:   return 0;
12: }
13: int t(void) { void ((*volatile p)()); p = (void ((*)()))main; return !p; }
/* end */

--------------------

have_library: checking for main() in -lgecodeint... -------------------- yes

"gcc -o conftest -I/usr/include/x86_64-linux-gnu/ruby-2.3.0 -I/usr/include/ruby-2.3.0/ruby/backward -I/usr/include/ruby-2.3.0 -I. -I/usr/include -Wdate-time -D_FORTIFY_SOURCE=2   -g -O2 -fdebug-prefix-map=/build/ruby2.3-KwDbD6/ruby2.3-2.3.6=. -fstack-protector-strong -Wformat -Werror=format-security -fPIC conftest.c  -L. -L/usr/lib/x86_64-linux-gnu -L. -Wl,-z,relro -Wl,-z,now -fstack-protector -rdynamic -Wl,-export-dynamic    -lgecodekernel -lgecodesupport  -lruby-2.3 -lgecodeint -lgecodekernel -lgecodesupport  -lpthread -lgmp -ldl -lcrypt -lm   -lc"
In file included from conftest.c:1:
In file included from /usr/include/ruby-2.3.0/ruby.h:33:
/usr/include/ruby-2.3.0/ruby/ruby.h:929:1: warning: attribute 'deprecated' is ignored, place it after "struct" to apply attribute to type declaration [-Wignored-attributes]
DEPRECATED_TYPE(("RClass is internal use only"),
^
/usr/include/x86_64-linux-gnu/ruby-2.3.0/ruby/config.h:128:49: note: expanded from macro 'DEPRECATED_TYPE'
#define DEPRECATED_TYPE(mesg,x) __attribute__ ((deprecated mesg)) x
                                                ^
1 warning generated.
checked program was:
/* begin */
 1: #include "ruby.h"
 2: 
 3: /*top*/
 4: extern int t(void);
 5: int main(int argc, char **argv)
 6: {
 7:   if (argc > 1000000) {
 8:     printf("%p", &t);
 9:   }
10: 
11:   return 0;
12: }
13: int t(void) { void ((*volatile p)()); p = (void ((*)()))main; return !p; }
/* end */

--------------------

have_library: checking for main() in -lgecodeminimodel... -------------------- yes

"gcc -o conftest -I/usr/include/x86_64-linux-gnu/ruby-2.3.0 -I/usr/include/ruby-2.3.0/ruby/backward -I/usr/include/ruby-2.3.0 -I. -I/usr/include -Wdate-time -D_FORTIFY_SOURCE=2   -g -O2 -fdebug-prefix-map=/build/ruby2.3-KwDbD6/ruby2.3-2.3.6=. -fstack-protector-strong -Wformat -Werror=format-security -fPIC conftest.c  -L. -L/usr/lib/x86_64-linux-gnu -L. -Wl,-z,relro -Wl,-z,now -fstack-protector -rdynamic -Wl,-export-dynamic    -lgecodeint -lgecodekernel -lgecodesupport  -lruby-2.3 -lgecodeminimodel -lgecodeint -lgecodekernel -lgecodesupport  -lpthread -lgmp -ldl -lcrypt -lm   -lc"
In file included from conftest.c:1:
In file included from /usr/include/ruby-2.3.0/ruby.h:33:
/usr/include/ruby-2.3.0/ruby/ruby.h:929:1: warning: attribute 'deprecated' is ignored, place it after "struct" to apply attribute to type declaration [-Wignored-attributes]
DEPRECATED_TYPE(("RClass is internal use only"),
^
/usr/include/x86_64-linux-gnu/ruby-2.3.0/ruby/config.h:128:49: note: expanded from macro 'DEPRECATED_TYPE'
#define DEPRECATED_TYPE(mesg,x) __attribute__ ((deprecated mesg)) x
                                                ^
1 warning generated.
checked program was:
/* begin */
 1: #include "ruby.h"
 2: 
 3: /*top*/
 4: extern int t(void);
 5: int main(int argc, char **argv)
 6: {
 7:   if (argc > 1000000) {
 8:     printf("%p", &t);
 9:   }
10: 
11:   return 0;
12: }
13: int t(void) { void ((*volatile p)()); p = (void ((*)()))main; return !p; }
/* end */

--------------------

have_library: checking for main() in -lgecodesearch... -------------------- yes

"gcc -o conftest -I/usr/include/x86_64-linux-gnu/ruby-2.3.0 -I/usr/include/ruby-2.3.0/ruby/backward -I/usr/include/ruby-2.3.0 -I. -I/usr/include -Wdate-time -D_FORTIFY_SOURCE=2   -g -O2 -fdebug-prefix-map=/build/ruby2.3-KwDbD6/ruby2.3-2.3.6=. -fstack-protector-strong -Wformat -Werror=format-security -fPIC conftest.c  -L. -L/usr/lib/x86_64-linux-gnu -L. -Wl,-z,relro -Wl,-z,now -fstack-protector -rdynamic -Wl,-export-dynamic    -lgecodeminimodel -lgecodeint -lgecodekernel -lgecodesupport  -lruby-2.3 -lgecodesearch -lgecodeminimodel -lgecodeint -lgecodekernel -lgecodesupport  -lpthread -lgmp -ldl -lcrypt -lm   -lc"
In file included from conftest.c:1:
In file included from /usr/include/ruby-2.3.0/ruby.h:33:
/usr/include/ruby-2.3.0/ruby/ruby.h:929:1: warning: attribute 'deprecated' is ignored, place it after "struct" to apply attribute to type declaration [-Wignored-attributes]
DEPRECATED_TYPE(("RClass is internal use only"),
^
/usr/include/x86_64-linux-gnu/ruby-2.3.0/ruby/config.h:128:49: note: expanded from macro 'DEPRECATED_TYPE'
#define DEPRECATED_TYPE(mesg,x) __attribute__ ((deprecated mesg)) x
                                                ^
1 warning generated.
checked program was:
/* begin */
 1: #include "ruby.h"
 2: 
 3: /*top*/
 4: extern int t(void);
 5: int main(int argc, char **argv)
 6: {
 7:   if (argc > 1000000) {
 8:     printf("%p", &t);
 9:   }
10: 
11:   return 0;
12: }
13: int t(void) { void ((*volatile p)()); p = (void ((*)()))main; return !p; }
/* end */

--------------------

/usr/lib/ruby/2.3.0/rubygems/ext/builder.rb:92:in `run': make failed, exit code 2 (Gem::InstallError)
	from /usr/lib/ruby/2.3.0/rubygems/ext/builder.rb:52:in `block in make'
	from /usr/lib/ruby/2.3.0/rubygems/ext/builder.rb:44:in `each'
	from /usr/lib/ruby/2.3.0/rubygems/ext/builder.rb:44:in `make'
	from /usr/lib/ruby/2.3.0/rubygems/ext/ext_conf_builder.rb:61:in `block in build'
	from /usr/lib/ruby/2.3.0/tempfile.rb:295:in `open'
	from /usr/lib/ruby/2.3.0/rubygems/ext/ext_conf_builder.rb:31:in `build'
	from /usr/lib/ruby/vendor_ruby/gem2deb/extension_builder.rb:76:in `block in build_and_install'
	from /usr/lib/ruby/vendor_ruby/gem2deb/extension_builder.rb:70:in `chdir'
	from /usr/lib/ruby/vendor_ruby/gem2deb/extension_builder.rb:70:in `build_and_install'
	from /usr/lib/ruby/vendor_ruby/gem2deb/extension_builder.rb:108:in `block in build_all_extensions'
	from /usr/lib/ruby/vendor_ruby/gem2deb/extension_builder.rb:105:in `each'
	from /usr/lib/ruby/vendor_ruby/gem2deb/extension_builder.rb:105:in `build_all_extensions'
	from /usr/lib/ruby/vendor_ruby/gem2deb/extension_builder.rb:121:in `<main>'
~~~~~~~~~~~~~~~~~~~~~  mkmf.log ~~~~~~~~~~~~~~~~~~~~~
/usr/lib/ruby/vendor_ruby/gem2deb.rb:56:in `run': /usr/bin/ruby2.3 /usr/lib/ruby/vendor_ruby/gem2deb/extension_builder.rb /<<PKGBUILDDIR>> debian/ruby-dep-selector (Gem2Deb::CommandFailed)
	from /usr/lib/ruby/vendor_ruby/gem2deb.rb:67:in `run_ruby'
	from /usr/lib/ruby/vendor_ruby/gem2deb/installer.rb:37:in `block in install_files_and_build_extensions'
	from /usr/lib/ruby/vendor_ruby/gem2deb/installer.rb:34:in `each'
	from /usr/lib/ruby/vendor_ruby/gem2deb/installer.rb:34:in `install_files_and_build_extensions'
	from /usr/lib/ruby/vendor_ruby/gem2deb/dh_ruby.rb:84:in `block in install'
	from /usr/lib/ruby/vendor_ruby/gem2deb/dh_ruby.rb:82:in `each'
	from /usr/lib/ruby/vendor_ruby/gem2deb/dh_ruby.rb:82:in `install'
	from /usr/bin/dh_ruby:94:in `<main>'
dh_auto_install: dh_ruby --install /<<PKGBUILDDIR>>/debian/ruby-dep-selector returned exit code 1
debian/rules:15: recipe for target 'binary-arch' failed
make: *** [binary-arch] Error 1
dpkg-buildpackage: error: fakeroot debian/rules binary-arch subprocess returned exit status 2
--------------------------------------------------------------------------------
Build finished at 2018-02-07T20:55:24Z

Finished
--------


+------------------------------------------------------------------------------+
| Cleanup                                                                      |
+------------------------------------------------------------------------------+

Purging /<<BUILDDIR>>
Not cleaning session: cloned chroot in use
E: Build failure (dpkg-buildpackage died)

+------------------------------------------------------------------------------+
| Summary                                                                      |
+------------------------------------------------------------------------------+

Build Architecture: amd64
Build Type: any
Build-Space: 1076
Build-Time: 4
Distribution: unstable
Fail-Stage: build
Host Architecture: amd64
Install-Time: 24
Job: ruby-dep-selector_1.0.3-2
Machine Architecture: amd64
Package: ruby-dep-selector
Package-Time: 42
Source-Version: 1.0.3-2
Space: 1076
Status: attempted
Version: 1.0.3-2
--------------------------------------------------------------------------------
Finished at 2018-02-07T20:55:24Z
Build needed 00:00:42, 1076k disk space
E: Build failure (dpkg-buildpackage died)
DC-Status: Failed 43.165261179s
