DC-Build-Header: sexplib310 113.33.03-3 / 2018-02-07 20:57:38 +0000
DC-Task: type:rebuild-binarch-only source:sexplib310 version:113.33.03-3 chroot:unstable esttime:72 logfile:/tmp/sexplib310_113.33.03-3_unstable_clang60.log modes:clang60:binarch-only
DC-Sbuild-call: su user42 -c 'sbuild -n --arch-any --apt-update -d unstable -v  --chroot-setup-commands=/tmp/clang60 sexplib310_113.33.03-3'
sbuild (Debian sbuild) 0.73.0 (23 Dec 2016) on ip-172-31-32-179.eu-central-1.compute.internal

+==============================================================================+
| sexplib310 113.33.03-3 (amd64)               Wed, 07 Feb 2018 20:57:38 +0000 |
+==============================================================================+

Package: sexplib310
Version: 113.33.03-3
Source Version: 113.33.03-3
Distribution: unstable
Machine Architecture: amd64
Host Architecture: amd64
Build Architecture: amd64
Build Type: any

I: NOTICE: Log filtering will replace 'var/run/schroot/mount/unstable-amd64-sbuild-c62ac8b9-8131-4b81-8f65-0047b26b26e2' with '<<CHROOT>>'

+------------------------------------------------------------------------------+
| Chroot Setup Commands                                                        |
+------------------------------------------------------------------------------+


/tmp/clang60
------------

+ echo 'Entering customization script...'
Entering customization script...
+ CLANG_VERSION=6.0
+ echo 'Install of clang-6.0'
Install of clang-6.0
+ apt-get update
Get:1 http://127.0.0.1:9999/debian unstable InRelease [241 kB]
Get:2 http://127.0.0.1:9999/debian unstable/main Sources.diff/Index [27.9 kB]
Get:3 http://127.0.0.1:9999/debian unstable/main amd64 Packages.diff/Index [27.9 kB]
Get:4 http://127.0.0.1:9999/debian unstable/main Sources 2018-02-07-1427.34.pdiff [9180 B]
Get:4 http://127.0.0.1:9999/debian unstable/main Sources 2018-02-07-1427.34.pdiff [9180 B]
Get:5 http://127.0.0.1:9999/debian unstable/main amd64 Packages 2018-02-07-1427.34.pdiff [14.2 kB]
Get:5 http://127.0.0.1:9999/debian unstable/main amd64 Packages 2018-02-07-1427.34.pdiff [14.2 kB]
Get:6 http://127.0.0.1:9999/debian unstable/main Translation-en [5980 kB]
Fetched 6300 kB in 2s (3438 kB/s)
Reading package lists...
+ apt-get install --yes --no-install-recommends --force-yes clang-6.0
Reading package lists...
Building dependency tree...
Reading state information...
The following additional packages will be installed:
  lib32gcc1 lib32stdc++6 libbsd0 libc6-i386 libclang-common-6.0-dev
  libclang1-6.0 libedit2 libjsoncpp1 libllvm6.0 libncurses5 libobjc-7-dev
  libobjc4
Suggested packages:
  gnustep gnustep-devel clang-6.0-doc
Recommended packages:
  llvm-6.0-dev python libomp-dev libgpm2
The following NEW packages will be installed:
  clang-6.0 lib32gcc1 lib32stdc++6 libbsd0 libc6-i386 libclang-common-6.0-dev
  libclang1-6.0 libedit2 libjsoncpp1 libllvm6.0 libncurses5 libobjc-7-dev
  libobjc4
0 upgraded, 13 newly installed, 0 to remove and 1 not upgraded.
Need to get 37.6 MB of archives.
After this operation, 187 MB of additional disk space will be used.
Get:1 http://127.0.0.1:9999/debian unstable/main amd64 libjsoncpp1 amd64 1.7.4-3 [75.6 kB]
Get:2 http://127.0.0.1:9999/debian unstable/main amd64 libbsd0 amd64 0.8.7-1 [92.1 kB]
Get:3 http://127.0.0.1:9999/debian unstable/main amd64 libncurses5 amd64 6.0+20171125-1 [95.7 kB]
Get:4 http://127.0.0.1:9999/debian unstable/main amd64 libedit2 amd64 3.1-20170329-1 [85.2 kB]
Get:5 http://127.0.0.1:9999/debian unstable/main amd64 libllvm6.0 amd64 1:6.0~+rc1-1 [14.5 MB]
Get:6 http://127.0.0.1:9999/debian unstable/main amd64 libobjc4 amd64 7.3.0-1 [51.2 kB]
Get:7 http://127.0.0.1:9999/debian unstable/main amd64 libobjc-7-dev amd64 7.3.0-1 [203 kB]
Get:8 http://127.0.0.1:9999/debian unstable/main amd64 libc6-i386 amd64 2.26-6 [2836 kB]
Get:9 http://127.0.0.1:9999/debian unstable/main amd64 lib32gcc1 amd64 1:7.3.0-1 [46.8 kB]
Get:10 http://127.0.0.1:9999/debian unstable/main amd64 lib32stdc++6 amd64 7.3.0-1 [405 kB]
Get:11 http://127.0.0.1:9999/debian unstable/main amd64 libclang-common-6.0-dev amd64 1:6.0~+rc1-1 [3097 kB]
Get:12 http://127.0.0.1:9999/debian unstable/main amd64 libclang1-6.0 amd64 1:6.0~+rc1-1 [6983 kB]
Get:13 http://127.0.0.1:9999/debian unstable/main amd64 clang-6.0 amd64 1:6.0~+rc1-1 [9171 kB]
debconf: delaying package configuration, since apt-utils is not installed
Fetched 37.6 MB in 0s (98.3 MB/s)
Selecting previously unselected package libjsoncpp1:amd64.
(Reading database ... (Reading database ... 5%(Reading database ... 10%(Reading database ... 15%(Reading database ... 20%(Reading database ... 25%(Reading database ... 30%(Reading database ... 35%(Reading database ... 40%(Reading database ... 45%(Reading database ... 50%(Reading database ... 55%(Reading database ... 60%(Reading database ... 65%(Reading database ... 70%(Reading database ... 75%(Reading database ... 80%(Reading database ... 85%(Reading database ... 90%(Reading database ... 95%(Reading database ... 100%(Reading database ... 9974 files and directories currently installed.)
Preparing to unpack .../00-libjsoncpp1_1.7.4-3_amd64.deb ...
Unpacking libjsoncpp1:amd64 (1.7.4-3) ...
Selecting previously unselected package libbsd0:amd64.
Preparing to unpack .../01-libbsd0_0.8.7-1_amd64.deb ...
Unpacking libbsd0:amd64 (0.8.7-1) ...
Selecting previously unselected package libncurses5:amd64.
Preparing to unpack .../02-libncurses5_6.0+20171125-1_amd64.deb ...
Unpacking libncurses5:amd64 (6.0+20171125-1) ...
Selecting previously unselected package libedit2:amd64.
Preparing to unpack .../03-libedit2_3.1-20170329-1_amd64.deb ...
Unpacking libedit2:amd64 (3.1-20170329-1) ...
Selecting previously unselected package libllvm6.0:amd64.
Preparing to unpack .../04-libllvm6.0_1%3a6.0~+rc1-1_amd64.deb ...
Unpacking libllvm6.0:amd64 (1:6.0~+rc1-1) ...
Selecting previously unselected package libobjc4:amd64.
Preparing to unpack .../05-libobjc4_7.3.0-1_amd64.deb ...
Unpacking libobjc4:amd64 (7.3.0-1) ...
Selecting previously unselected package libobjc-7-dev:amd64.
Preparing to unpack .../06-libobjc-7-dev_7.3.0-1_amd64.deb ...
Unpacking libobjc-7-dev:amd64 (7.3.0-1) ...
Selecting previously unselected package libc6-i386.
Preparing to unpack .../07-libc6-i386_2.26-6_amd64.deb ...
Unpacking libc6-i386 (2.26-6) ...
Selecting previously unselected package lib32gcc1.
Preparing to unpack .../08-lib32gcc1_1%3a7.3.0-1_amd64.deb ...
Unpacking lib32gcc1 (1:7.3.0-1) ...
Selecting previously unselected package lib32stdc++6.
Preparing to unpack .../09-lib32stdc++6_7.3.0-1_amd64.deb ...
Unpacking lib32stdc++6 (7.3.0-1) ...
Selecting previously unselected package libclang-common-6.0-dev.
Preparing to unpack .../10-libclang-common-6.0-dev_1%3a6.0~+rc1-1_amd64.deb ...
Unpacking libclang-common-6.0-dev (1:6.0~+rc1-1) ...
Selecting previously unselected package libclang1-6.0:amd64.
Preparing to unpack .../11-libclang1-6.0_1%3a6.0~+rc1-1_amd64.deb ...
Unpacking libclang1-6.0:amd64 (1:6.0~+rc1-1) ...
Selecting previously unselected package clang-6.0.
Preparing to unpack .../12-clang-6.0_1%3a6.0~+rc1-1_amd64.deb ...
Unpacking clang-6.0 (1:6.0~+rc1-1) ...
Setting up libncurses5:amd64 (6.0+20171125-1) ...
Setting up libobjc4:amd64 (7.3.0-1) ...
Setting up libc6-i386 (2.26-6) ...
Setting up libbsd0:amd64 (0.8.7-1) ...
Setting up libobjc-7-dev:amd64 (7.3.0-1) ...
Processing triggers for libc-bin (2.26-6) ...
Setting up lib32gcc1 (1:7.3.0-1) ...
Setting up libjsoncpp1:amd64 (1.7.4-3) ...
Setting up libedit2:amd64 (3.1-20170329-1) ...
Setting up libllvm6.0:amd64 (1:6.0~+rc1-1) ...
Setting up libclang1-6.0:amd64 (1:6.0~+rc1-1) ...
Setting up lib32stdc++6 (7.3.0-1) ...
Setting up libclang-common-6.0-dev (1:6.0~+rc1-1) ...
Setting up clang-6.0 (1:6.0~+rc1-1) ...
Processing triggers for libc-bin (2.26-6) ...
W: --force-yes is deprecated, use one of the options starting with --allow instead.
+ echo 'Replace gcc, g++ & cpp by clang'
Replace gcc, g++ & cpp by clang
+ VERSIONS='4.6 4.7 4.8 4.9 5 6 7 8'
+ cd /usr/bin
+ for VERSION in $VERSIONS
+ rm -f g++-4.6 gcc-4.6 cpp-4.6 gcc
+ ln -s clang++-6.0 g++-4.6
+ ln -s clang-6.0 gcc-4.6
+ ln -s clang-6.0 cpp-4.6
+ ln -s clang-6.0 gcc
+ echo 'gcc-4.6 hold'
+ dpkg --set-selections
dpkg: warning: package not in status nor available database at line 1: gcc-4.6
dpkg: warning: found unknown packages; this might mean the available database
is outdated, and needs to be updated through a frontend method;
please see the FAQ <https://wiki.debian.org/Teams/Dpkg/FAQ>
+ echo 'g++-4.6 hold'
+ dpkg --set-selections
dpkg: warning: package not in status nor available database at line 1: g++-4.6
dpkg: warning: found unknown packages; this might mean the available database
is outdated, and needs to be updated through a frontend method;
please see the FAQ <https://wiki.debian.org/Teams/Dpkg/FAQ>
+ for VERSION in $VERSIONS
+ rm -f g++-4.7 gcc-4.7 cpp-4.7 gcc
+ ln -s clang++-6.0 g++-4.7
+ ln -s clang-6.0 gcc-4.7
+ ln -s clang-6.0 cpp-4.7
+ ln -s clang-6.0 gcc
+ echo 'gcc-4.7 hold'
+ dpkg --set-selections
dpkg: warning: package not in status nor available database at line 1: gcc-4.7
dpkg: warning: found unknown packages; this might mean the available database
is outdated, and needs to be updated through a frontend method;
please see the FAQ <https://wiki.debian.org/Teams/Dpkg/FAQ>
+ echo 'g++-4.7 hold'
+ dpkg --set-selections
dpkg: warning: package not in status nor available database at line 1: g++-4.7
dpkg: warning: found unknown packages; this might mean the available database
is outdated, and needs to be updated through a frontend method;
please see the FAQ <https://wiki.debian.org/Teams/Dpkg/FAQ>
+ for VERSION in $VERSIONS
+ rm -f g++-4.8 gcc-4.8 cpp-4.8 gcc
+ ln -s clang++-6.0 g++-4.8
+ ln -s clang-6.0 gcc-4.8
+ ln -s clang-6.0 cpp-4.8
+ ln -s clang-6.0 gcc
+ echo 'gcc-4.8 hold'
+ dpkg --set-selections
dpkg: warning: package not in status nor available database at line 1: gcc-4.8
dpkg: warning: found unknown packages; this might mean the available database
is outdated, and needs to be updated through a frontend method;
please see the FAQ <https://wiki.debian.org/Teams/Dpkg/FAQ>
+ echo 'g++-4.8 hold'
+ dpkg --set-selections
dpkg: warning: package not in status nor available database at line 1: g++-4.8
dpkg: warning: found unknown packages; this might mean the available database
is outdated, and needs to be updated through a frontend method;
please see the FAQ <https://wiki.debian.org/Teams/Dpkg/FAQ>
+ for VERSION in $VERSIONS
+ rm -f g++-4.9 gcc-4.9 cpp-4.9 gcc
+ ln -s clang++-6.0 g++-4.9
+ ln -s clang-6.0 gcc-4.9
+ ln -s clang-6.0 cpp-4.9
+ ln -s clang-6.0 gcc
+ echo 'gcc-4.9 hold'
+ dpkg --set-selections
dpkg: warning: package not in status nor available database at line 1: gcc-4.9
dpkg: warning: found unknown packages; this might mean the available database
is outdated, and needs to be updated through a frontend method;
please see the FAQ <https://wiki.debian.org/Teams/Dpkg/FAQ>
+ echo 'g++-4.9 hold'
+ dpkg --set-selections
dpkg: warning: package not in status nor available database at line 1: g++-4.9
dpkg: warning: found unknown packages; this might mean the available database
is outdated, and needs to be updated through a frontend method;
please see the FAQ <https://wiki.debian.org/Teams/Dpkg/FAQ>
+ for VERSION in $VERSIONS
+ rm -f g++-5 gcc-5 cpp-5 gcc
+ ln -s clang++-6.0 g++-5
+ ln -s clang-6.0 gcc-5
+ ln -s clang-6.0 cpp-5
+ ln -s clang-6.0 gcc
+ echo 'gcc-5 hold'
+ dpkg --set-selections
+ echo 'g++-5 hold'
+ dpkg --set-selections
+ for VERSION in $VERSIONS
+ rm -f g++-6 gcc-6 cpp-6 gcc
+ ln -s clang++-6.0 g++-6
+ ln -s clang-6.0 gcc-6
+ ln -s clang-6.0 cpp-6
+ ln -s clang-6.0 gcc
+ echo 'gcc-6 hold'
+ dpkg --set-selections
dpkg: warning: package not in status nor available database at line 1: gcc-6
dpkg: warning: found unknown packages; this might mean the available database
is outdated, and needs to be updated through a frontend method;
please see the FAQ <https://wiki.debian.org/Teams/Dpkg/FAQ>
+ echo 'g++-6 hold'
+ dpkg --set-selections
dpkg: warning: package not in status nor available database at line 1: g++-6
dpkg: warning: found unknown packages; this might mean the available database
is outdated, and needs to be updated through a frontend method;
please see the FAQ <https://wiki.debian.org/Teams/Dpkg/FAQ>
+ for VERSION in $VERSIONS
+ rm -f g++-7 gcc-7 cpp-7 gcc
+ ln -s clang++-6.0 g++-7
+ ln -s clang-6.0 gcc-7
+ ln -s clang-6.0 cpp-7
+ ln -s clang-6.0 gcc
+ echo 'gcc-7 hold'
+ dpkg --set-selections
+ echo 'g++-7 hold'
+ dpkg --set-selections
+ for VERSION in $VERSIONS
+ rm -f g++-8 gcc-8 cpp-8 gcc
+ ln -s clang++-6.0 g++-8
+ ln -s clang-6.0 gcc-8
+ ln -s clang-6.0 cpp-8
+ ln -s clang-6.0 gcc
+ echo 'gcc-8 hold'
+ dpkg --set-selections
dpkg: warning: package not in status nor available database at line 1: gcc-8
dpkg: warning: found unknown packages; this might mean the available database
is outdated, and needs to be updated through a frontend method;
please see the FAQ <https://wiki.debian.org/Teams/Dpkg/FAQ>
+ echo 'g++-8 hold'
+ dpkg --set-selections
dpkg: warning: package not in status nor available database at line 1: g++-8
dpkg: warning: found unknown packages; this might mean the available database
is outdated, and needs to be updated through a frontend method;
please see the FAQ <https://wiki.debian.org/Teams/Dpkg/FAQ>
+ cd -
/build/sexplib310-EStPvm
+ echo 'Check if gcc, g++ & cpp are actually clang'
Check if gcc, g++ & cpp are actually clang
+ gcc --version
+ grep clang
+ cpp --version
+ grep clang
+ g++ --version
+ grep clang

I: Finished running '/tmp/clang60'.

Finished processing commands.
--------------------------------------------------------------------------------

+------------------------------------------------------------------------------+
| Update chroot                                                                |
+------------------------------------------------------------------------------+

Hit:1 http://127.0.0.1:9999/debian unstable InRelease
Reading package lists...
Reading package lists...
Building dependency tree...
Reading state information...
Calculating upgrade...
The following packages will be upgraded:
  libdebconfclient0
1 upgraded, 0 newly installed, 0 to remove and 0 not upgraded.
Need to get 48.3 kB of archives.
After this operation, 0 B of additional disk space will be used.
Get:1 http://127.0.0.1:9999/debian unstable/main amd64 libdebconfclient0 amd64 0.240 [48.3 kB]
debconf: delaying package configuration, since apt-utils is not installed
Fetched 48.3 kB in 0s (4028 kB/s)
(Reading database ... (Reading database ... 5%(Reading database ... 10%(Reading database ... 15%(Reading database ... 20%(Reading database ... 25%(Reading database ... 30%(Reading database ... 35%(Reading database ... 40%(Reading database ... 45%(Reading database ... 50%(Reading database ... 55%(Reading database ... 60%(Reading database ... 65%(Reading database ... 70%(Reading database ... 75%(Reading database ... 80%(Reading database ... 85%(Reading database ... 90%(Reading database ... 95%(Reading database ... 100%(Reading database ... 10722 files and directories currently installed.)
Preparing to unpack .../libdebconfclient0_0.240_amd64.deb ...
Unpacking libdebconfclient0:amd64 (0.240) over (0.239) ...
Setting up libdebconfclient0:amd64 (0.240) ...
Processing triggers for libc-bin (2.26-6) ...

+------------------------------------------------------------------------------+
| Fetch source files                                                           |
+------------------------------------------------------------------------------+


Check APT
---------

Checking available source versions...

Download source files with APT
------------------------------

Reading package lists...
NOTICE: 'sexplib310' packaging is maintained in the 'Git' version control system at:
https://anonscm.debian.org/git/pkg-ocaml-maint/packages/sexplib310.git
Please use:
git clone https://anonscm.debian.org/git/pkg-ocaml-maint/packages/sexplib310.git
to retrieve the latest (possibly unreleased) updates to the package.
Need to get 73.2 kB of source archives.
Get:1 http://127.0.0.1:9999/debian unstable/main sexplib310 113.33.03-3 (dsc) [2212 B]
Get:2 http://127.0.0.1:9999/debian unstable/main sexplib310 113.33.03-3 (tar) [67.2 kB]
Get:3 http://127.0.0.1:9999/debian unstable/main sexplib310 113.33.03-3 (diff) [3728 B]
Fetched 73.2 kB in 0s (531 kB/s)
Download complete and in download only mode
I: NOTICE: Log filtering will replace 'build/sexplib310-EStPvm/sexplib310-113.33.03' with '<<PKGBUILDDIR>>'
I: NOTICE: Log filtering will replace 'build/sexplib310-EStPvm' with '<<BUILDDIR>>'

+------------------------------------------------------------------------------+
| Install build-essential                                                      |
+------------------------------------------------------------------------------+


Setup apt archive
-----------------

Merged Build-Depends: build-essential, fakeroot
Filtered Build-Depends: build-essential, fakeroot
dpkg-deb: building package 'sbuild-build-depends-core-dummy' in '/<<BUILDDIR>>/resolver-ROUHym/apt_archive/sbuild-build-depends-core-dummy.deb'.
dpkg-scanpackages: warning: Packages in archive but missing from override file:
dpkg-scanpackages: warning:   sbuild-build-depends-core-dummy
dpkg-scanpackages: info: Wrote 1 entries to output Packages file.
Ign:1 copy:/<<BUILDDIR>>/resolver-ROUHym/apt_archive ./ InRelease
Get:2 copy:/<<BUILDDIR>>/resolver-ROUHym/apt_archive ./ Release [957 B]
Ign:3 copy:/<<BUILDDIR>>/resolver-ROUHym/apt_archive ./ Release.gpg
Get:4 copy:/<<BUILDDIR>>/resolver-ROUHym/apt_archive ./ Sources [349 B]
Get:5 copy:/<<BUILDDIR>>/resolver-ROUHym/apt_archive ./ Packages [432 B]
Fetched 1738 B in 0s (123 kB/s)
Reading package lists...
Reading package lists...

Install core build dependencies (apt-based resolver)
----------------------------------------------------

Installing build dependencies
Reading package lists...
Building dependency tree...
Reading state information...
The following NEW packages will be installed:
  sbuild-build-depends-core-dummy
0 upgraded, 1 newly installed, 0 to remove and 0 not upgraded.
Need to get 856 B of archives.
After this operation, 0 B of additional disk space will be used.
Get:1 copy:/<<BUILDDIR>>/resolver-ROUHym/apt_archive ./ sbuild-build-depends-core-dummy 0.invalid.0 [856 B]
debconf: delaying package configuration, since apt-utils is not installed
Fetched 856 B in 0s (0 B/s)
Selecting previously unselected package sbuild-build-depends-core-dummy.
(Reading database ... 10722 files and directories currently installed.)
Preparing to unpack .../sbuild-build-depends-core-dummy_0.invalid.0_amd64.deb ...
Unpacking sbuild-build-depends-core-dummy (0.invalid.0) ...
Setting up sbuild-build-depends-core-dummy (0.invalid.0) ...

+------------------------------------------------------------------------------+
| Check architectures                                                          |
+------------------------------------------------------------------------------+

Arch check ok (amd64 included in any)

+------------------------------------------------------------------------------+
| Install package build dependencies                                           |
+------------------------------------------------------------------------------+


Setup apt archive
-----------------

Merged Build-Depends: debhelper (>= 9), ocaml-nox (>= 4.00.0), ocaml-findlib (>= 1.3.2), oasis, opam, libjs-build-tools-ocaml-dev, libfindlib-ocaml-dev, dh-ocaml (>= 0.9~)
Filtered Build-Depends: debhelper (>= 9), ocaml-nox (>= 4.00.0), ocaml-findlib (>= 1.3.2), oasis, opam, libjs-build-tools-ocaml-dev, libfindlib-ocaml-dev, dh-ocaml (>= 0.9~)
dpkg-deb: building package 'sbuild-build-depends-sexplib310-dummy' in '/<<BUILDDIR>>/resolver-ROUHym/apt_archive/sbuild-build-depends-sexplib310-dummy.deb'.
dpkg-scanpackages: warning: Packages in archive but missing from override file:
dpkg-scanpackages: warning:   sbuild-build-depends-core-dummy sbuild-build-depends-sexplib310-dummy
dpkg-scanpackages: info: Wrote 2 entries to output Packages file.
Ign:1 copy:/<<BUILDDIR>>/resolver-ROUHym/apt_archive ./ InRelease
Get:2 copy:/<<BUILDDIR>>/resolver-ROUHym/apt_archive ./ Release [963 B]
Ign:3 copy:/<<BUILDDIR>>/resolver-ROUHym/apt_archive ./ Release.gpg
Get:4 copy:/<<BUILDDIR>>/resolver-ROUHym/apt_archive ./ Sources [554 B]
Get:5 copy:/<<BUILDDIR>>/resolver-ROUHym/apt_archive ./ Packages [633 B]
Fetched 2150 B in 0s (153 kB/s)
Reading package lists...
Reading package lists...

Install sexplib310 build dependencies (apt-based resolver)
----------------------------------------------------------

Installing build dependencies
Reading package lists...
Building dependency tree...
Reading state information...
The following additional packages will be installed:
  autoconf automake autopoint autotools-dev bsdmainutils debhelper
  dh-autoreconf dh-ocaml dh-strip-nondeterminism file gettext gettext-base
  groff-base intltool-debian libarchive-zip-perl libcroco3
  libfile-stripnondeterminism-perl libfindlib-ocaml libfindlib-ocaml-dev
  libglib2.0-0 libicu57 libjs-build-tools-ocaml-dev libmagic-mgc libmagic1
  libncurses5-dev liboasis-ocaml liboasis-ocaml-dev libpipeline1 libpsl5
  libsigsegv2 libtimedate-perl libtinfo-dev libtool libxml2 m4 man-db oasis
  ocaml-base-nox ocaml-compiler-libs ocaml-findlib ocaml-interp ocaml-nox
  ocamlbuild opam opam-docs po-debconf unzip wget
Suggested packages:
  autoconf-archive gnu-standards autoconf-doc wamerican | wordlist whois
  vacation dh-make dwz git gettext-doc libasprintf-dev libgettextpo-dev groff
  ncurses-doc liboasis-ocaml-doc libtool-doc gfortran | fortran95-compiler
  gcj-jdk m4-doc less www-browser apparmor camlp4 ocaml-doc tuareg-mode
  | ocaml-mode libmail-box-perl zip
Recommended packages:
  libarchive-cpio-perl libglib2.0-data shared-mime-info xdg-user-dirs
  publicsuffix libltdl-dev ledit | readline-editor camlp4 aspcud ocaml git
  darcs mercurial rsync libmail-sendmail-perl ca-certificates
The following NEW packages will be installed:
  autoconf automake autopoint autotools-dev bsdmainutils debhelper
  dh-autoreconf dh-ocaml dh-strip-nondeterminism file gettext gettext-base
  groff-base intltool-debian libarchive-zip-perl libcroco3
  libfile-stripnondeterminism-perl libfindlib-ocaml libfindlib-ocaml-dev
  libglib2.0-0 libicu57 libjs-build-tools-ocaml-dev libmagic-mgc libmagic1
  libncurses5-dev liboasis-ocaml liboasis-ocaml-dev libpipeline1 libpsl5
  libsigsegv2 libtimedate-perl libtinfo-dev libtool libxml2 m4 man-db oasis
  ocaml-base-nox ocaml-compiler-libs ocaml-findlib ocaml-interp ocaml-nox
  ocamlbuild opam opam-docs po-debconf sbuild-build-depends-sexplib310-dummy
  unzip wget
0 upgraded, 49 newly installed, 0 to remove and 0 not upgraded.
Need to get 81.0 MB of archives.
After this operation, 357 MB of additional disk space will be used.
Get:1 copy:/<<BUILDDIR>>/resolver-ROUHym/apt_archive ./ sbuild-build-depends-sexplib310-dummy 0.invalid.0 [920 B]
Get:2 http://127.0.0.1:9999/debian unstable/main amd64 groff-base amd64 1.22.3-9 [1160 kB]
Get:3 http://127.0.0.1:9999/debian unstable/main amd64 bsdmainutils amd64 11.1.2 [190 kB]
Get:4 http://127.0.0.1:9999/debian unstable/main amd64 libpipeline1 amd64 1.5.0-1 [29.0 kB]
Get:5 http://127.0.0.1:9999/debian unstable/main amd64 man-db amd64 2.8.0-2 [1170 kB]
Get:6 http://127.0.0.1:9999/debian unstable/main amd64 libmagic-mgc amd64 1:5.32-1 [225 kB]
Get:7 http://127.0.0.1:9999/debian unstable/main amd64 libmagic1 amd64 1:5.32-1 [111 kB]
Get:8 http://127.0.0.1:9999/debian unstable/main amd64 file amd64 1:5.32-1 [64.4 kB]
Get:9 http://127.0.0.1:9999/debian unstable/main amd64 gettext-base amd64 0.19.8.1-4 [122 kB]
Get:10 http://127.0.0.1:9999/debian unstable/main amd64 libpsl5 amd64 0.19.1-4 [44.4 kB]
Get:11 http://127.0.0.1:9999/debian unstable/main amd64 wget amd64 1.19.4-1 [865 kB]
Get:12 http://127.0.0.1:9999/debian unstable/main amd64 libsigsegv2 amd64 2.12-1 [32.7 kB]
Get:13 http://127.0.0.1:9999/debian unstable/main amd64 m4 amd64 1.4.18-1 [202 kB]
Get:14 http://127.0.0.1:9999/debian unstable/main amd64 autoconf all 2.69-11 [341 kB]
Get:15 http://127.0.0.1:9999/debian unstable/main amd64 autotools-dev all 20171216.1 [75.9 kB]
Get:16 http://127.0.0.1:9999/debian unstable/main amd64 automake all 1:1.15.1-3 [736 kB]
Get:17 http://127.0.0.1:9999/debian unstable/main amd64 autopoint all 0.19.8.1-4 [434 kB]
Get:18 http://127.0.0.1:9999/debian unstable/main amd64 libtool all 2.4.6-2 [545 kB]
Get:19 http://127.0.0.1:9999/debian unstable/main amd64 dh-autoreconf all 16 [16.3 kB]
Get:20 http://127.0.0.1:9999/debian unstable/main amd64 libarchive-zip-perl all 1.60-1 [95.6 kB]
Get:21 http://127.0.0.1:9999/debian unstable/main amd64 libfile-stripnondeterminism-perl all 0.040-1 [18.4 kB]
Get:22 http://127.0.0.1:9999/debian unstable/main amd64 libtimedate-perl all 2.3000-2 [42.2 kB]
Get:23 http://127.0.0.1:9999/debian unstable/main amd64 dh-strip-nondeterminism all 0.040-1 [11.8 kB]
Get:24 http://127.0.0.1:9999/debian unstable/main amd64 libglib2.0-0 amd64 2.54.3-2 [2822 kB]
Get:25 http://127.0.0.1:9999/debian unstable/main amd64 libicu57 amd64 57.1-8 [7699 kB]
Get:26 http://127.0.0.1:9999/debian unstable/main amd64 libxml2 amd64 2.9.4+dfsg1-6.1 [725 kB]
Get:27 http://127.0.0.1:9999/debian unstable/main amd64 libcroco3 amd64 0.6.12-2 [144 kB]
Get:28 http://127.0.0.1:9999/debian unstable/main amd64 gettext amd64 0.19.8.1-4 [1302 kB]
Get:29 http://127.0.0.1:9999/debian unstable/main amd64 intltool-debian all 0.35.0+20060710.4 [26.3 kB]
Get:30 http://127.0.0.1:9999/debian unstable/main amd64 po-debconf all 1.0.20 [247 kB]
Get:31 http://127.0.0.1:9999/debian unstable/main amd64 debhelper all 11.1.4 [1005 kB]
Get:32 http://127.0.0.1:9999/debian unstable/main amd64 dh-ocaml all 1.1.0 [83.3 kB]
Get:33 http://127.0.0.1:9999/debian unstable/main amd64 ocaml-base-nox amd64 4.05.0-10 [655 kB]
Get:34 http://127.0.0.1:9999/debian unstable/main amd64 libfindlib-ocaml amd64 1.7.3-2 [167 kB]
Get:35 http://127.0.0.1:9999/debian unstable/main amd64 libtinfo-dev amd64 6.0+20171125-1 [80.8 kB]
Get:36 http://127.0.0.1:9999/debian unstable/main amd64 libncurses5-dev amd64 6.0+20171125-1 [174 kB]
Get:37 http://127.0.0.1:9999/debian unstable/main amd64 ocaml-compiler-libs amd64 4.05.0-10 [19.0 MB]
Get:38 http://127.0.0.1:9999/debian unstable/main amd64 ocaml-interp amd64 4.05.0-10 [3581 kB]
Get:39 http://127.0.0.1:9999/debian unstable/main amd64 ocaml-nox amd64 4.05.0-10 [27.6 MB]
Get:40 http://127.0.0.1:9999/debian unstable/main amd64 libfindlib-ocaml-dev amd64 1.7.3-2 [147 kB]
Get:41 http://127.0.0.1:9999/debian unstable/main amd64 ocaml-findlib amd64 1.7.3-2 [369 kB]
Get:42 http://127.0.0.1:9999/debian unstable/main amd64 libjs-build-tools-ocaml-dev amd64 113.33.04-2+b1 [82.3 kB]
Get:43 http://127.0.0.1:9999/debian unstable/main amd64 liboasis-ocaml amd64 0.4.10-2+b1 [1271 kB]
Get:44 http://127.0.0.1:9999/debian unstable/main amd64 ocamlbuild amd64 0.11.0-3 [740 kB]
Get:45 http://127.0.0.1:9999/debian unstable/main amd64 liboasis-ocaml-dev amd64 0.4.10-2+b1 [2536 kB]
Get:46 http://127.0.0.1:9999/debian unstable/main amd64 oasis amd64 0.4.10-2+b1 [1112 kB]
Get:47 http://127.0.0.1:9999/debian unstable/main amd64 opam-docs all 1.2.2-6 [319 kB]
Get:48 http://127.0.0.1:9999/debian unstable/main amd64 unzip amd64 6.0-21 [170 kB]
Get:49 http://127.0.0.1:9999/debian unstable/main amd64 opam amd64 1.2.2-6+b1 [2340 kB]
debconf: delaying package configuration, since apt-utils is not installed
Fetched 81.0 MB in 1s (85.0 MB/s)
Selecting previously unselected package groff-base.
(Reading database ... 10722 files and directories currently installed.)
Preparing to unpack .../00-groff-base_1.22.3-9_amd64.deb ...
Unpacking groff-base (1.22.3-9) ...
Selecting previously unselected package bsdmainutils.
Preparing to unpack .../01-bsdmainutils_11.1.2_amd64.deb ...
Unpacking bsdmainutils (11.1.2) ...
Selecting previously unselected package libpipeline1:amd64.
Preparing to unpack .../02-libpipeline1_1.5.0-1_amd64.deb ...
Unpacking libpipeline1:amd64 (1.5.0-1) ...
Selecting previously unselected package man-db.
Preparing to unpack .../03-man-db_2.8.0-2_amd64.deb ...
Unpacking man-db (2.8.0-2) ...
Selecting previously unselected package libmagic-mgc.
Preparing to unpack .../04-libmagic-mgc_1%3a5.32-1_amd64.deb ...
Unpacking libmagic-mgc (1:5.32-1) ...
Selecting previously unselected package libmagic1:amd64.
Preparing to unpack .../05-libmagic1_1%3a5.32-1_amd64.deb ...
Unpacking libmagic1:amd64 (1:5.32-1) ...
Selecting previously unselected package file.
Preparing to unpack .../06-file_1%3a5.32-1_amd64.deb ...
Unpacking file (1:5.32-1) ...
Selecting previously unselected package gettext-base.
Preparing to unpack .../07-gettext-base_0.19.8.1-4_amd64.deb ...
Unpacking gettext-base (0.19.8.1-4) ...
Selecting previously unselected package libpsl5:amd64.
Preparing to unpack .../08-libpsl5_0.19.1-4_amd64.deb ...
Unpacking libpsl5:amd64 (0.19.1-4) ...
Selecting previously unselected package wget.
Preparing to unpack .../09-wget_1.19.4-1_amd64.deb ...
Unpacking wget (1.19.4-1) ...
Selecting previously unselected package libsigsegv2:amd64.
Preparing to unpack .../10-libsigsegv2_2.12-1_amd64.deb ...
Unpacking libsigsegv2:amd64 (2.12-1) ...
Selecting previously unselected package m4.
Preparing to unpack .../11-m4_1.4.18-1_amd64.deb ...
Unpacking m4 (1.4.18-1) ...
Selecting previously unselected package autoconf.
Preparing to unpack .../12-autoconf_2.69-11_all.deb ...
Unpacking autoconf (2.69-11) ...
Selecting previously unselected package autotools-dev.
Preparing to unpack .../13-autotools-dev_20171216.1_all.deb ...
Unpacking autotools-dev (20171216.1) ...
Selecting previously unselected package automake.
Preparing to unpack .../14-automake_1%3a1.15.1-3_all.deb ...
Unpacking automake (1:1.15.1-3) ...
Selecting previously unselected package autopoint.
Preparing to unpack .../15-autopoint_0.19.8.1-4_all.deb ...
Unpacking autopoint (0.19.8.1-4) ...
Selecting previously unselected package libtool.
Preparing to unpack .../16-libtool_2.4.6-2_all.deb ...
Unpacking libtool (2.4.6-2) ...
Selecting previously unselected package dh-autoreconf.
Preparing to unpack .../17-dh-autoreconf_16_all.deb ...
Unpacking dh-autoreconf (16) ...
Selecting previously unselected package libarchive-zip-perl.
Preparing to unpack .../18-libarchive-zip-perl_1.60-1_all.deb ...
Unpacking libarchive-zip-perl (1.60-1) ...
Selecting previously unselected package libfile-stripnondeterminism-perl.
Preparing to unpack .../19-libfile-stripnondeterminism-perl_0.040-1_all.deb ...
Unpacking libfile-stripnondeterminism-perl (0.040-1) ...
Selecting previously unselected package libtimedate-perl.
Preparing to unpack .../20-libtimedate-perl_2.3000-2_all.deb ...
Unpacking libtimedate-perl (2.3000-2) ...
Selecting previously unselected package dh-strip-nondeterminism.
Preparing to unpack .../21-dh-strip-nondeterminism_0.040-1_all.deb ...
Unpacking dh-strip-nondeterminism (0.040-1) ...
Selecting previously unselected package libglib2.0-0:amd64.
Preparing to unpack .../22-libglib2.0-0_2.54.3-2_amd64.deb ...
Unpacking libglib2.0-0:amd64 (2.54.3-2) ...
Selecting previously unselected package libicu57:amd64.
Preparing to unpack .../23-libicu57_57.1-8_amd64.deb ...
Unpacking libicu57:amd64 (57.1-8) ...
Selecting previously unselected package libxml2:amd64.
Preparing to unpack .../24-libxml2_2.9.4+dfsg1-6.1_amd64.deb ...
Unpacking libxml2:amd64 (2.9.4+dfsg1-6.1) ...
Selecting previously unselected package libcroco3:amd64.
Preparing to unpack .../25-libcroco3_0.6.12-2_amd64.deb ...
Unpacking libcroco3:amd64 (0.6.12-2) ...
Selecting previously unselected package gettext.
Preparing to unpack .../26-gettext_0.19.8.1-4_amd64.deb ...
Unpacking gettext (0.19.8.1-4) ...
Selecting previously unselected package intltool-debian.
Preparing to unpack .../27-intltool-debian_0.35.0+20060710.4_all.deb ...
Unpacking intltool-debian (0.35.0+20060710.4) ...
Selecting previously unselected package po-debconf.
Preparing to unpack .../28-po-debconf_1.0.20_all.deb ...
Unpacking po-debconf (1.0.20) ...
Selecting previously unselected package debhelper.
Preparing to unpack .../29-debhelper_11.1.4_all.deb ...
Unpacking debhelper (11.1.4) ...
Selecting previously unselected package dh-ocaml.
Preparing to unpack .../30-dh-ocaml_1.1.0_all.deb ...
Unpacking dh-ocaml (1.1.0) ...
Selecting previously unselected package ocaml-base-nox.
Preparing to unpack .../31-ocaml-base-nox_4.05.0-10_amd64.deb ...
Unpacking ocaml-base-nox (4.05.0-10) ...
Selecting previously unselected package libfindlib-ocaml.
Preparing to unpack .../32-libfindlib-ocaml_1.7.3-2_amd64.deb ...
Unpacking libfindlib-ocaml (1.7.3-2) ...
Selecting previously unselected package libtinfo-dev:amd64.
Preparing to unpack .../33-libtinfo-dev_6.0+20171125-1_amd64.deb ...
Unpacking libtinfo-dev:amd64 (6.0+20171125-1) ...
Selecting previously unselected package libncurses5-dev:amd64.
Preparing to unpack .../34-libncurses5-dev_6.0+20171125-1_amd64.deb ...
Unpacking libncurses5-dev:amd64 (6.0+20171125-1) ...
Selecting previously unselected package ocaml-compiler-libs.
Preparing to unpack .../35-ocaml-compiler-libs_4.05.0-10_amd64.deb ...
Unpacking ocaml-compiler-libs (4.05.0-10) ...
Selecting previously unselected package ocaml-interp.
Preparing to unpack .../36-ocaml-interp_4.05.0-10_amd64.deb ...
Unpacking ocaml-interp (4.05.0-10) ...
Selecting previously unselected package ocaml-nox.
Preparing to unpack .../37-ocaml-nox_4.05.0-10_amd64.deb ...
Unpacking ocaml-nox (4.05.0-10) ...
Selecting previously unselected package libfindlib-ocaml-dev.
Preparing to unpack .../38-libfindlib-ocaml-dev_1.7.3-2_amd64.deb ...
Unpacking libfindlib-ocaml-dev (1.7.3-2) ...
Selecting previously unselected package ocaml-findlib.
Preparing to unpack .../39-ocaml-findlib_1.7.3-2_amd64.deb ...
Unpacking ocaml-findlib (1.7.3-2) ...
Selecting previously unselected package libjs-build-tools-ocaml-dev.
Preparing to unpack .../40-libjs-build-tools-ocaml-dev_113.33.04-2+b1_amd64.deb ...
Unpacking libjs-build-tools-ocaml-dev (113.33.04-2+b1) ...
Selecting previously unselected package liboasis-ocaml.
Preparing to unpack .../41-liboasis-ocaml_0.4.10-2+b1_amd64.deb ...
Unpacking liboasis-ocaml (0.4.10-2+b1) ...
Selecting previously unselected package ocamlbuild.
Preparing to unpack .../42-ocamlbuild_0.11.0-3_amd64.deb ...
Unpacking ocamlbuild (0.11.0-3) ...
Selecting previously unselected package liboasis-ocaml-dev.
Preparing to unpack .../43-liboasis-ocaml-dev_0.4.10-2+b1_amd64.deb ...
Unpacking liboasis-ocaml-dev (0.4.10-2+b1) ...
Selecting previously unselected package oasis.
Preparing to unpack .../44-oasis_0.4.10-2+b1_amd64.deb ...
Unpacking oasis (0.4.10-2+b1) ...
Selecting previously unselected package opam-docs.
Preparing to unpack .../45-opam-docs_1.2.2-6_all.deb ...
Unpacking opam-docs (1.2.2-6) ...
Selecting previously unselected package unzip.
Preparing to unpack .../46-unzip_6.0-21_amd64.deb ...
Unpacking unzip (6.0-21) ...
Selecting previously unselected package opam.
Preparing to unpack .../47-opam_1.2.2-6+b1_amd64.deb ...
Unpacking opam (1.2.2-6+b1) ...
Selecting previously unselected package sbuild-build-depends-sexplib310-dummy.
Preparing to unpack .../48-sbuild-build-depends-sexplib310-dummy_0.invalid.0_amd64.deb ...
Unpacking sbuild-build-depends-sexplib310-dummy (0.invalid.0) ...
Setting up opam-docs (1.2.2-6) ...
Setting up libarchive-zip-perl (1.60-1) ...
Setting up libtimedate-perl (2.3000-2) ...
Setting up libsigsegv2:amd64 (2.12-1) ...
Setting up libpsl5:amd64 (0.19.1-4) ...
Setting up groff-base (1.22.3-9) ...
Setting up libglib2.0-0:amd64 (2.54.3-2) ...
No schema files found: doing nothing.
Setting up ocaml-base-nox (4.05.0-10) ...
Setting up unzip (6.0-21) ...
Setting up libtinfo-dev:amd64 (6.0+20171125-1) ...
Setting up dh-ocaml (1.1.0) ...
Setting up gettext-base (0.19.8.1-4) ...
Setting up libpipeline1:amd64 (1.5.0-1) ...
Setting up m4 (1.4.18-1) ...
Setting up libicu57:amd64 (57.1-8) ...
Setting up libxml2:amd64 (2.9.4+dfsg1-6.1) ...
Setting up libmagic-mgc (1:5.32-1) ...
Setting up libmagic1:amd64 (1:5.32-1) ...
Setting up libcroco3:amd64 (0.6.12-2) ...
Setting up libncurses5-dev:amd64 (6.0+20171125-1) ...
Processing triggers for libc-bin (2.26-6) ...
Setting up autotools-dev (20171216.1) ...
Setting up wget (1.19.4-1) ...
Setting up bsdmainutils (11.1.2) ...
update-alternatives: using /usr/bin/bsd-write to provide /usr/bin/write (write) in auto mode
update-alternatives: using /usr/bin/bsd-from to provide /usr/bin/from (from) in auto mode
Setting up ocamlbuild (0.11.0-3) ...
Setting up libfindlib-ocaml (1.7.3-2) ...
Setting up ocaml-findlib (1.7.3-2) ...
Setting up autopoint (0.19.8.1-4) ...
Setting up libfile-stripnondeterminism-perl (0.040-1) ...
Setting up gettext (0.19.8.1-4) ...
Setting up opam (1.2.2-6+b1) ...
Setting up autoconf (2.69-11) ...
Setting up file (1:5.32-1) ...
Setting up liboasis-ocaml (0.4.10-2+b1) ...
Setting up intltool-debian (0.35.0+20060710.4) ...
Setting up automake (1:1.15.1-3) ...
update-alternatives: using /usr/bin/automake-1.15 to provide /usr/bin/automake (automake) in auto mode
Setting up man-db (2.8.0-2) ...
Not building database; man-db/auto-update is not 'true'.
Setting up libtool (2.4.6-2) ...
Setting up po-debconf (1.0.20) ...
Setting up ocaml-compiler-libs (4.05.0-10) ...
Setting up dh-autoreconf (16) ...
Setting up ocaml-interp (4.05.0-10) ...
Setting up dh-strip-nondeterminism (0.040-1) ...
Setting up debhelper (11.1.4) ...
Setting up ocaml-nox (4.05.0-10) ...
Setting up libjs-build-tools-ocaml-dev (113.33.04-2+b1) ...
Setting up libfindlib-ocaml-dev (1.7.3-2) ...
Setting up liboasis-ocaml-dev (0.4.10-2+b1) ...
Setting up oasis (0.4.10-2+b1) ...
Setting up sbuild-build-depends-sexplib310-dummy (0.invalid.0) ...
Processing triggers for libc-bin (2.26-6) ...

+------------------------------------------------------------------------------+
| Build environment                                                            |
+------------------------------------------------------------------------------+

Kernel: Linux 4.9.0-2-amd64 amd64 (x86_64)
Toolchain package versions: binutils_2.30-2 dpkg-dev_1.19.0.5 g++-7_7.3.0-1 gcc-7_7.3.0-1 libc6-dev_2.26-6 libstdc++-7-dev_7.3.0-1 libstdc++6_7.3.0-1 linux-libc-dev_4.14.13-1
Package versions: adduser_3.117 apt_1.6~alpha7 autoconf_2.69-11 automake_1:1.15.1-3 autopoint_0.19.8.1-4 autotools-dev_20171216.1 base-files_10.1 base-passwd_3.5.44 bash_4.4.18-1 binutils_2.30-2 binutils-common_2.30-2 binutils-x86-64-linux-gnu_2.30-2 bsdmainutils_11.1.2 bsdutils_1:2.30.2-0.3 build-essential_12.4 bzip2_1.0.6-8.1 clang-6.0_1:6.0~+rc1-1 coreutils_8.28-1 cpp_4:7.2.0-1d1 cpp-7_7.3.0-1 dash_0.5.8-2.10 debconf_1.5.65 debfoster_2.7-2.1+b1 debhelper_11.1.4 debian-archive-keyring_2017.7 debianutils_4.8.4 dh-autoreconf_16 dh-ocaml_1.1.0 dh-strip-nondeterminism_0.040-1 diffutils_1:3.6-1 dpkg_1.19.0.5 dpkg-dev_1.19.0.5 e2fslibs_1.43.8-2 e2fsprogs_1.43.8-2 eatmydata_105-5 fakeroot_1.22-2 fdisk_2.30.2-0.3 file_1:5.32-1 findutils_4.6.0+git+20170828-2 g++_4:7.2.0-1d1 g++-7_7.3.0-1 gcc_4:7.2.0-1d1 gcc-6-base_6.4.0-12 gcc-7_7.3.0-1 gcc-7-base_7.3.0-1 gettext_0.19.8.1-4 gettext-base_0.19.8.1-4 gpgv_2.2.4-2 grep_3.1-2 groff-base_1.22.3-9 gzip_1.6-5+b1 hostname_3.20 init-system-helpers_1.51 intltool-debian_0.35.0+20060710.4 lib32gcc1_1:7.3.0-1 lib32stdc++6_7.3.0-1 libacl1_2.2.52-3+b1 libapt-pkg5.0_1.6~alpha7 libarchive-zip-perl_1.60-1 libasan4_7.3.0-1 libatomic1_7.3.0-1 libattr1_1:2.4.47-2+b2 libaudit-common_1:2.8.2-1 libaudit1_1:2.8.2-1 libbinutils_2.30-2 libblkid1_2.30.2-0.3 libbsd0_0.8.7-1 libbz2-1.0_1.0.6-8.1 libc-bin_2.26-6 libc-dev-bin_2.26-6 libc6_2.26-6 libc6-dev_2.26-6 libc6-i386_2.26-6 libcap-ng0_0.7.7-3.1+b1 libcc1-0_7.3.0-1 libcilkrts5_7.3.0-1 libclang-common-6.0-dev_1:6.0~+rc1-1 libclang1-6.0_1:6.0~+rc1-1 libcomerr2_1.43.8-2 libcroco3_0.6.12-2 libdb5.3_5.3.28-13.1+b1 libdebconfclient0_0.240 libdpkg-perl_1.19.0.5 libeatmydata1_105-5 libedit2_3.1-20170329-1 libfakeroot_1.22-2 libfdisk1_2.30.2-0.3 libffi6_3.2.1-8 libfile-stripnondeterminism-perl_0.040-1 libfindlib-ocaml_1.7.3-2 libfindlib-ocaml-dev_1.7.3-2 libgc1c2_1:7.4.2-8.1 libgcc-7-dev_7.3.0-1 libgcc1_1:7.3.0-1 libgcrypt20_1.8.1-4 libgdbm3_1.8.3-14 libgdbm5_1.14.1-2 libglib2.0-0_2.54.3-2 libgmp10_2:6.1.2+dfsg-2 libgnutls30_3.5.17-1 libgomp1_7.3.0-1 libgpg-error0_1.27-6 libhogweed4_3.4-1 libicu57_57.1-8 libidn2-0_2.0.4-1.1 libisl15_0.18-1 libitm1_7.3.0-1 libjs-build-tools-ocaml-dev_113.33.04-2+b1 libjsoncpp1_1.7.4-3 libllvm6.0_1:6.0~+rc1-1 liblsan0_7.3.0-1 liblz4-1_0.0~r131-2+b1 liblzma5_5.2.2-1.3 libmagic-mgc_1:5.32-1 libmagic1_1:5.32-1 libmount1_2.30.2-0.3 libmpc3_1.1.0-1 libmpfr4_3.1.6-1 libmpfr6_4.0.1~rc2-1 libmpx2_7.3.0-1 libncurses5_6.0+20171125-1 libncurses5-dev_6.0+20171125-1 libncursesw5_6.0+20171125-1 libnettle6_3.4-1 liboasis-ocaml_0.4.10-2+b1 liboasis-ocaml-dev_0.4.10-2+b1 libobjc-7-dev_7.3.0-1 libobjc4_7.3.0-1 libp11-kit0_0.23.9-2 libpam-modules_1.1.8-3.6 libpam-modules-bin_1.1.8-3.6 libpam-runtime_1.1.8-3.6 libpam0g_1.1.8-3.6 libpcre3_2:8.39-9 libperl5.26_5.26.1-4+b1 libpipeline1_1.5.0-1 libpsl5_0.19.1-4 libquadmath0_7.3.0-1 libseccomp2_2.3.1-2.1 libselinux1_2.7-2+b1 libsemanage-common_2.7-2 libsemanage1_2.7-2+b1 libsepol1_2.7-1 libsigsegv2_2.12-1 libsmartcols1_2.30.2-0.3 libss2_1.43.8-2 libstdc++-7-dev_7.3.0-1 libstdc++6_7.3.0-1 libsystemd0_237-1 libtasn1-6_4.13-2 libtimedate-perl_2.3000-2 libtinfo-dev_6.0+20171125-1 libtinfo5_6.0+20171125-1 libtool_2.4.6-2 libtsan0_7.3.0-1 libubsan0_7.3.0-1 libudev1_237-1 libunistring2_0.9.8-1 libustr-1.0-1_1.0.4-6 libuuid1_2.30.2-0.3 libxml2_2.9.4+dfsg1-6.1 linux-libc-dev_4.14.13-1 login_1:4.5-1 m4_1.4.18-1 make_4.1-9.1 man-db_2.8.0-2 mawk_1.3.3-17+b3 mount_2.30.2-0.3 multiarch-support_2.26-6 ncurses-base_6.0+20171125-1 ncurses-bin_6.0+20171125-1 oasis_0.4.10-2+b1 ocaml-base-nox_4.05.0-10 ocaml-compiler-libs_4.05.0-10 ocaml-findlib_1.7.3-2 ocaml-interp_4.05.0-10 ocaml-nox_4.05.0-10 ocamlbuild_0.11.0-3 opam_1.2.2-6+b1 opam-docs_1.2.2-6 passwd_1:4.5-1 patch_2.7.5-1+b2 perl_5.26.1-4+b1 perl-base_5.26.1-4+b1 perl-modules-5.26_5.26.1-4 po-debconf_1.0.20 sbuild-build-depends-core-dummy_0.invalid.0 sbuild-build-depends-sexplib310-dummy_0.invalid.0 sed_4.4-2 sensible-utils_0.0.11 sysvinit-utils_2.88dsf-59.10 tar_1.29b-2 unzip_6.0-21 util-linux_2.30.2-0.3 wget_1.19.4-1 xz-utils_5.2.2-1.3 zlib1g_1:1.2.8.dfsg-5

+------------------------------------------------------------------------------+
| Build                                                                        |
+------------------------------------------------------------------------------+


Unpack source
-------------

gpgv: unknown type of key resource 'trustedkeys.kbx'
gpgv: keyblock resource '/sbuild-nonexistent/.gnupg/trustedkeys.kbx': General error
gpgv: Signature made Fri Aug 19 07:13:57 2016 UTC
gpgv:                using RSA key 7853DA4D49881AD3
gpgv: Can't check signature: No public key
dpkg-source: warning: failed to verify signature on ./sexplib310_113.33.03-3.dsc
dpkg-source: info: extracting sexplib310 in /<<PKGBUILDDIR>>
dpkg-source: info: unpacking sexplib310_113.33.03.orig.tar.gz
dpkg-source: info: unpacking sexplib310_113.33.03-3.debian.tar.xz

Check disk space
----------------

Sufficient free space for build

User Environment
----------------

APT_CONFIG=/var/lib/sbuild/apt.conf
HOME=/sbuild-nonexistent
LANG=en_US.UTF-8
LC_ALL=POSIX
LOGNAME=user42
PATH=/usr/local/sbin:/usr/local/bin:/usr/sbin:/usr/bin:/sbin:/bin:/usr/games
SCHROOT_ALIAS_NAME=unstable-amd64-sbuild
SCHROOT_CHROOT_NAME=unstable-amd64-sbuild
SCHROOT_COMMAND=env
SCHROOT_GID=1001
SCHROOT_GROUP=user42
SCHROOT_SESSION_ID=unstable-amd64-sbuild-c62ac8b9-8131-4b81-8f65-0047b26b26e2
SCHROOT_UID=1001
SCHROOT_USER=user42
SHELL=/bin/sh
USER=user42

dpkg-buildpackage
-----------------

dpkg-buildpackage: info: source package sexplib310
dpkg-buildpackage: info: source version 113.33.03-3
dpkg-buildpackage: info: source distribution unstable
dpkg-buildpackage: info: source changed by St√©phane Glondu <glondu@debian.org>
 dpkg-source --before-build sexplib310-113.33.03
dpkg-buildpackage: info: host architecture amd64
 fakeroot debian/rules clean
dh clean --with ocaml
   dh_auto_clean
	make -j1 distclean
make[1]: Entering directory '/<<PKGBUILDDIR>>'
ocamlfind ocamlopt -o setup.exe -linkpkg -package ocamlbuild,oasis.dynrun setup.ml || \
  ocamlfind ocamlc -o setup.exe -linkpkg -package ocamlbuild,oasis.dynrun setup.ml || true
for f in setup.*; do [ $f = setup.exe -o $f = setup.ml ] || rm -f $f; done
./setup.exe -distclean 
W: No replace section found in file Makefile
make[1]: Leaving directory '/<<PKGBUILDDIR>>'
   dh_ocamlclean
   dh_clean
 debian/rules build-arch
dh build-arch --with ocaml
   dh_update_autotools_config -a
   dh_ocamlinit -a
   dh_auto_build -a
	make -j1
make[1]: Entering directory '/<<PKGBUILDDIR>>'
ocamlfind ocamlopt -o setup.exe -linkpkg -package ocamlbuild,oasis.dynrun setup.ml || \
  ocamlfind ocamlc -o setup.exe -linkpkg -package ocamlbuild,oasis.dynrun setup.ml || true
for f in setup.*; do [ $f = setup.exe -o $f = setup.ml ] || rm -f $f; done
./setup.exe -configure 
W: No replace section found in file Makefile

Configuration:
ocamlfind: ........................................... /usr/bin/ocamlfind
ocamlc: .............................................. /usr/bin/ocamlc.opt
ocamlopt: ............................................ /usr/bin/ocamlopt.opt
ocamlbuild: .......................................... /usr/bin/ocamlbuild
Package name: ........................................ sexplib
Package version: ..................................... 113.33.03
os_type: ............................................. Unix
system: .............................................. linux
architecture: ........................................ amd64
ccomp_type: .......................................... cc
ocaml_version: ....................................... 4.05.0
standard_library_default: ............................ /usr/lib/ocaml
standard_library: .................................... /usr/lib/ocaml
standard_runtime: .................................... /usr/bin/ocamlrun
bytecomp_c_compiler: ................................. gcc -O2 -fno-strict-aliasing -fwrapv -D_FILE_OFFSET_BITS=64 -D_REENTRANT -fPIC
native_c_compiler: ................................... gcc -O2 -fno-strict-aliasing -fwrapv -D_FILE_OFFSET_BITS=64 -D_REENTRANT
model: ............................................... default
ext_obj: ............................................. .o
ext_asm: ............................................. .s
ext_lib: ............................................. .a
ext_dll: ............................................. .so
default_executable_name: ............................. a.out
systhread_supported: ................................. true
Install architecture-independent files dir: .......... /usr/local
Install architecture-dependent files in dir: ......... $prefix
User executables: .................................... $exec_prefix/bin
System admin executables: ............................ $exec_prefix/sbin
Program executables: ................................. $exec_prefix/libexec
Read-only single-machine data: ....................... $prefix/etc
Modifiable architecture-independent data: ............ $prefix/com
Modifiable single-machine data: ...................... $prefix/var
Object code libraries: ............................... $exec_prefix/lib
Read-only arch-independent data root: ................ $prefix/share
Read-only architecture-independent data: ............. $datarootdir
Info documentation: .................................. $datarootdir/info
Locale-dependent data: ............................... $datarootdir/locale
Man documentation: ................................... $datarootdir/man
Documentation root: .................................. $datarootdir/doc/$pkg_name
HTML documentation: .................................. $docdir
DVI documentation: ................................... $docdir
PDF documentation: ................................... $docdir
PS documentation: .................................... $docdir
findlib_version: ..................................... 1.7.3
is_native: ........................................... true
suffix_program: ......................................
Remove a file.: ...................................... rm -f
Remove a directory.: ................................. rm -rf
Turn ocaml debug flag on: ............................ true
Turn ocaml profile flag on: .......................... false
Compiler support generation of .cmxs.: ............... true
OCamlbuild additional flags: .........................
Create documentations: ............................... true
Compile tests executable and library and run them: ... false
pkg_bigarray: ........................................ /usr/lib/ocaml
pkg_num: ............................................. /usr/lib/ocaml
pkg_unix: ............................................ /usr/lib/ocaml

./setup.exe -build 
W: No replace section found in file Makefile
W: Cannot find source file matching module 'sexplib_unix' in library sexplib_unix.
W: Use InterfacePatterns or ImplementationPatterns to define this file with feature "source_patterns".
W: Cannot find source file matching module 'sexplib_num' in library sexplib_num.
W: Use InterfacePatterns or ImplementationPatterns to define this file with feature "source_patterns".
W: Cannot find source file matching module 'sexplib' in library sexplib.
W: Use InterfacePatterns or ImplementationPatterns to define this file with feature "source_patterns".
ocamlfind ocamlopt -package unix -package ocamlbuild -linkpkg -package js-build-tools.ocamlbuild_goodies myocamlbuild.ml /usr/lib/ocaml/ocamlbuild/ocamlbuild.cmx -o myocamlbuild
rm -f
findlib: [WARNING] cannot read directory /usr/lib/ocaml/METAS: No such file or directory
find /usr/lib/ocaml -type f > .bigarray.files
find /usr/lib/ocaml -type f > .unix.files
/usr/bin/ocamlfind ocamldep -package bigarray -predicates custom_ppx -predicates custom_ppx -modules src/conv.mli > src/conv.mli.depends
/usr/bin/ocamlfind ocamldep -package bigarray -predicates custom_ppx -predicates custom_ppx -modules src/sexp.mli > src/sexp.mli.depends
/usr/bin/ocamlfind ocamldep -package bigarray -predicates custom_ppx -predicates custom_ppx -modules src/sexp_intf.ml > src/sexp_intf.ml.depends
/usr/bin/ocamlfind ocamldep -package bigarray -pp 'cpp -undef -traditional -Isyntax -w' -predicates custom_ppx -predicates custom_ppx -modules src/pre_sexp.ml > src/pre_sexp.ml.depends
/usr/bin/ocamlfind ocamldep -package bigarray -predicates custom_ppx -predicates custom_ppx -modules src/lexer.mli > src/lexer.mli.depends
/usr/bin/ocamlyacc src/parser.mly
/usr/bin/ocamlfind ocamldep -package bigarray -predicates custom_ppx -predicates custom_ppx -modules src/parser.mli > src/parser.mli.depends
/usr/bin/ocamlfind ocamldep -package bigarray -predicates custom_ppx -predicates custom_ppx -modules src/type.ml > src/type.ml.depends
xargs stat -c '%d:%i:%Y' < .bigarray.files > .bigarray.stats
xargs stat -c '%d:%i:%Y' < .unix.files > .unix.stats
xargs md5sum < .bigarray.files > .bigarray.md5sums
xargs md5sum < .unix.files > .unix.md5sums
/usr/bin/ocamlfind ocamlc -c -g -annot -bin-annot -no-alias-deps -thread -package bigarray -for-pack Sexplib -predicates custom_ppx -w -40 -I src -o src/type.cmo src/type.ml
/usr/bin/ocamlyacc src/parser_with_layout.mly
/usr/bin/ocamlfind ocamldep -package bigarray -predicates custom_ppx -predicates custom_ppx -modules src/parser_with_layout.mli > src/parser_with_layout.mli.depends
/usr/bin/ocamlfind ocamldep -package bigarray -predicates custom_ppx -predicates custom_ppx -modules src/type_with_layout.mli > src/type_with_layout.mli.depends
/usr/bin/ocamlfind ocamldep -package bigarray -predicates custom_ppx -predicates custom_ppx -modules src/src_pos.mli > src/src_pos.mli.depends
/usr/bin/ocamlfind ocamlc -c -g -annot -bin-annot -no-alias-deps -thread -package bigarray -predicates custom_ppx -w -40 -I src -o src/src_pos.cmi src/src_pos.mli
/usr/bin/ocamlfind ocamlc -c -g -annot -bin-annot -no-alias-deps -thread -package bigarray -predicates custom_ppx -w -40 -I src -o src/type_with_layout.cmi src/type_with_layout.mli
/usr/bin/ocamlfind ocamlc -c -g -annot -bin-annot -no-alias-deps -thread -package bigarray -predicates custom_ppx -w -40 -I src -o src/parser.cmi src/parser.mli
/usr/bin/ocamlfind ocamlc -c -g -annot -bin-annot -no-alias-deps -thread -package bigarray -predicates custom_ppx -w -40 -I src -o src/parser_with_layout.cmi src/parser_with_layout.mli
/usr/bin/ocamlfind ocamlc -c -g -annot -bin-annot -no-alias-deps -thread -package bigarray -predicates custom_ppx -w -40 -I src -o src/lexer.cmi src/lexer.mli
/usr/bin/ocamlfind ocamlc -c -g -annot -bin-annot -no-alias-deps -thread -package bigarray -for-pack Sexplib -pp 'cpp -undef -traditional -Isyntax -w' -predicates custom_ppx -w -40 -I src -o src/pre_sexp.cmo src/pre_sexp.ml
/usr/bin/ocamlfind ocamlc -c -g -annot -bin-annot -no-alias-deps -thread -package bigarray -for-pack Sexplib -predicates custom_ppx -w -40 -I src -o src/sexp_intf.cmo src/sexp_intf.ml
/usr/bin/ocamlfind ocamlc -c -g -annot -bin-annot -no-alias-deps -thread -package bigarray -predicates custom_ppx -w -40 -I src -o src/sexp.cmi src/sexp.mli
/usr/bin/ocamlfind ocamlc -c -g -annot -bin-annot -no-alias-deps -thread -package bigarray -predicates custom_ppx -w -40 -I src -o src/conv.cmi src/conv.mli
/usr/bin/ocamlfind ocamldep -package bigarray -predicates custom_ppx -predicates custom_ppx -modules src/conv.ml > src/conv.ml.depends
/usr/bin/ocamlfind ocamldep -package bigarray -predicates custom_ppx -predicates custom_ppx -modules src/conv_error.ml > src/conv_error.ml.depends
/usr/bin/ocamlfind ocamldep -package bigarray -predicates custom_ppx -predicates custom_ppx -modules src/exn_magic.mli > src/exn_magic.mli.depends
/usr/bin/ocamlfind ocamlc -c -g -annot -bin-annot -no-alias-deps -thread -package bigarray -predicates custom_ppx -w -40 -I src -o src/exn_magic.cmi src/exn_magic.mli
/usr/bin/ocamlfind ocamldep -package bigarray -predicates custom_ppx -predicates custom_ppx -modules src/exn_magic.ml > src/exn_magic.ml.depends
/usr/bin/ocamllex.opt -q src/lexer.mll
/usr/bin/ocamlfind ocamldep -package bigarray -predicates custom_ppx -predicates custom_ppx -modules src/lexer.ml > src/lexer.ml.depends
/usr/bin/ocamlfind ocamldep -package bigarray -predicates custom_ppx -predicates custom_ppx -modules src/macro.mli > src/macro.mli.depends
/usr/bin/ocamlfind ocamlc -c -g -annot -bin-annot -no-alias-deps -thread -package bigarray -predicates custom_ppx -w -40 -I src -o src/macro.cmi src/macro.mli
/usr/bin/ocamlfind ocamldep -package bigarray -predicates custom_ppx -predicates custom_ppx -modules src/macro.ml > src/macro.ml.depends
/usr/bin/ocamlfind ocamldep -package bigarray -predicates custom_ppx -predicates custom_ppx -modules src/parser.ml > src/parser.ml.depends
/usr/bin/ocamlfind ocamldep -package bigarray -predicates custom_ppx -predicates custom_ppx -modules src/parser_with_layout.ml > src/parser_with_layout.ml.depends
/usr/bin/ocamlfind ocamldep -package bigarray -predicates custom_ppx -predicates custom_ppx -modules src/path.mli > src/path.mli.depends
/usr/bin/ocamlfind ocamlc -c -g -annot -bin-annot -no-alias-deps -thread -package bigarray -predicates custom_ppx -w -40 -I src -o src/path.cmi src/path.mli
/usr/bin/ocamlfind ocamldep -package bigarray -predicates custom_ppx -predicates custom_ppx -modules src/path.ml > src/path.ml.depends
/usr/bin/ocamlfind ocamldep -package bigarray -predicates custom_ppx -predicates custom_ppx -modules src/sexp.ml > src/sexp.ml.depends
/usr/bin/ocamlfind ocamldep -package bigarray -predicates custom_ppx -predicates custom_ppx -modules src/sexp_with_layout.ml > src/sexp_with_layout.ml.depends
/usr/bin/ocamlfind ocamlc -c -g -annot -bin-annot -no-alias-deps -thread -package bigarray -for-pack Sexplib -predicates custom_ppx -w -40 -I src -o src/sexp_with_layout.cmo src/sexp_with_layout.ml
/usr/bin/ocamlfind ocamldep -package bigarray -predicates custom_ppx -predicates custom_ppx -modules src/src_pos.ml > src/src_pos.ml.depends
/usr/bin/ocamlfind ocamldep -package bigarray -predicates custom_ppx -predicates custom_ppx -modules src/std.ml > src/std.ml.depends
/usr/bin/ocamlfind ocamldep -package bigarray -predicates custom_ppx -predicates custom_ppx -modules src/type_with_layout.ml > src/type_with_layout.ml.depends
/usr/bin/ocamlfind ocamlc -c -g -annot -bin-annot -no-alias-deps -thread -package bigarray -for-pack Sexplib -predicates custom_ppx -w -40 -I src -o src/conv.cmo src/conv.ml
+ /usr/bin/ocamlfind ocamlc -c -g -annot -bin-annot -no-alias-deps -thread -package bigarray -for-pack Sexplib -predicates custom_ppx -w -40 -I src -o src/conv.cmo src/conv.ml
File "src/conv.ml", line 189, characters 30-34:
Error: This expression has type Obj.t but an expression was expected of type
         extension_constructor
Command exited with code 2.
E: Failure("Command ''/usr/bin/ocamlbuild' src/sexplib.cma src/sexplib.cmxa src/sexplib.a src/sexplib.cmxs num/lib/sexplib_num.cma num/lib/sexplib_num.cmxa num/lib/sexplib_num.a num/lib/sexplib_num.cmxs unix/lib/sexplib_unix.cma unix/lib/sexplib_unix.cmxa unix/lib/sexplib_unix.a unix/lib/sexplib_unix.cmxs -use-ocamlfind -plugin-tags 'package(js-build-tools.ocamlbuild_goodies)' -tag debug' terminated with error code 10")
Makefile:16: recipe for target 'build' failed
make[1]: *** [build] Error 1
make[1]: Leaving directory '/<<PKGBUILDDIR>>'
dh_auto_build: make -j1 returned exit code 2
debian/rules:6: recipe for target 'build-arch' failed
make: *** [build-arch] Error 2
dpkg-buildpackage: error: debian/rules build-arch subprocess returned exit status 2
--------------------------------------------------------------------------------
Build finished at 2018-02-07T20:58:08Z

Finished
--------


+------------------------------------------------------------------------------+
| Cleanup                                                                      |
+------------------------------------------------------------------------------+

Purging /<<BUILDDIR>>
Not cleaning session: cloned chroot in use
E: Build failure (dpkg-buildpackage died)

+------------------------------------------------------------------------------+
| Summary                                                                      |
+------------------------------------------------------------------------------+

Build Architecture: amd64
Build Type: any
Build-Space: 12316
Build-Time: 3
Distribution: unstable
Fail-Stage: build
Host Architecture: amd64
Install-Time: 13
Job: sexplib310_113.33.03-3
Machine Architecture: amd64
Package: sexplib310
Package-Time: 30
Source-Version: 113.33.03-3
Space: 12316
Status: attempted
Version: 113.33.03-3
--------------------------------------------------------------------------------
Finished at 2018-02-07T20:58:08Z
Build needed 00:00:30, 12316k disk space
E: Build failure (dpkg-buildpackage died)
DC-Status: Failed 30.435390787s
DC-Time-Estimation: 30.435390787 versus expected 72 (r/m: 1.3656670125869936 ; m: 30.435390787)
