DC-Build-Header: ui-utilcpp 1.8.5-1 / 2018-02-07 20:27:38 +0000
DC-Task: type:rebuild-binarch-only source:ui-utilcpp version:1.8.5-1 chroot:unstable esttime:265 logfile:/tmp/ui-utilcpp_1.8.5-1_unstable_clang60.log modes:clang60:binarch-only
DC-Sbuild-call: su user42 -c 'sbuild -n --arch-any --apt-update -d unstable -v  --chroot-setup-commands=/tmp/clang60 ui-utilcpp_1.8.5-1'
sbuild (Debian sbuild) 0.73.0 (23 Dec 2016) on ip-172-31-14-230.eu-central-1.compute.internal

+==============================================================================+
| ui-utilcpp 1.8.5-1 (amd64)                   Wed, 07 Feb 2018 20:27:39 +0000 |
+==============================================================================+

Package: ui-utilcpp
Version: 1.8.5-1
Source Version: 1.8.5-1
Distribution: unstable
Machine Architecture: amd64
Host Architecture: amd64
Build Architecture: amd64
Build Type: any

I: NOTICE: Log filtering will replace 'var/run/schroot/mount/unstable-amd64-sbuild-ab8e1deb-3a9a-47de-b091-66fe8da8251c' with '<<CHROOT>>'

+------------------------------------------------------------------------------+
| Chroot Setup Commands                                                        |
+------------------------------------------------------------------------------+


/tmp/clang60
------------

+ echo 'Entering customization script...'
Entering customization script...
+ CLANG_VERSION=6.0
+ echo 'Install of clang-6.0'
Install of clang-6.0
+ apt-get update
Get:1 http://127.0.0.1:9999/debian unstable InRelease [241 kB]
Get:2 http://127.0.0.1:9999/debian unstable/main Sources.diff/Index [27.9 kB]
Get:3 http://127.0.0.1:9999/debian unstable/main amd64 Packages.diff/Index [27.9 kB]
Get:4 http://127.0.0.1:9999/debian unstable/main Sources 2018-02-07-1427.34.pdiff [9180 B]
Get:4 http://127.0.0.1:9999/debian unstable/main Sources 2018-02-07-1427.34.pdiff [9180 B]
Get:5 http://127.0.0.1:9999/debian unstable/main amd64 Packages 2018-02-07-1427.34.pdiff [14.2 kB]
Get:5 http://127.0.0.1:9999/debian unstable/main amd64 Packages 2018-02-07-1427.34.pdiff [14.2 kB]
Get:6 http://127.0.0.1:9999/debian unstable/main Translation-en [5980 kB]
Fetched 6300 kB in 2s (3415 kB/s)
Reading package lists...
+ apt-get install --yes --no-install-recommends --force-yes clang-6.0
Reading package lists...
Building dependency tree...
Reading state information...
The following additional packages will be installed:
  lib32gcc1 lib32stdc++6 libbsd0 libc6-i386 libclang-common-6.0-dev
  libclang1-6.0 libedit2 libjsoncpp1 libllvm6.0 libncurses5 libobjc-7-dev
  libobjc4
Suggested packages:
  gnustep gnustep-devel clang-6.0-doc
Recommended packages:
  llvm-6.0-dev python libomp-dev libgpm2
The following NEW packages will be installed:
  clang-6.0 lib32gcc1 lib32stdc++6 libbsd0 libc6-i386 libclang-common-6.0-dev
  libclang1-6.0 libedit2 libjsoncpp1 libllvm6.0 libncurses5 libobjc-7-dev
  libobjc4
0 upgraded, 13 newly installed, 0 to remove and 1 not upgraded.
Need to get 37.6 MB of archives.
After this operation, 187 MB of additional disk space will be used.
Get:1 http://127.0.0.1:9999/debian unstable/main amd64 libjsoncpp1 amd64 1.7.4-3 [75.6 kB]
Get:2 http://127.0.0.1:9999/debian unstable/main amd64 libbsd0 amd64 0.8.7-1 [92.1 kB]
Get:3 http://127.0.0.1:9999/debian unstable/main amd64 libncurses5 amd64 6.0+20171125-1 [95.7 kB]
Get:4 http://127.0.0.1:9999/debian unstable/main amd64 libedit2 amd64 3.1-20170329-1 [85.2 kB]
Get:5 http://127.0.0.1:9999/debian unstable/main amd64 libllvm6.0 amd64 1:6.0~+rc1-1 [14.5 MB]
Get:6 http://127.0.0.1:9999/debian unstable/main amd64 libobjc4 amd64 7.3.0-1 [51.2 kB]
Get:7 http://127.0.0.1:9999/debian unstable/main amd64 libobjc-7-dev amd64 7.3.0-1 [203 kB]
Get:8 http://127.0.0.1:9999/debian unstable/main amd64 libc6-i386 amd64 2.26-6 [2836 kB]
Get:9 http://127.0.0.1:9999/debian unstable/main amd64 lib32gcc1 amd64 1:7.3.0-1 [46.8 kB]
Get:10 http://127.0.0.1:9999/debian unstable/main amd64 lib32stdc++6 amd64 7.3.0-1 [405 kB]
Get:11 http://127.0.0.1:9999/debian unstable/main amd64 libclang-common-6.0-dev amd64 1:6.0~+rc1-1 [3097 kB]
Get:12 http://127.0.0.1:9999/debian unstable/main amd64 libclang1-6.0 amd64 1:6.0~+rc1-1 [6983 kB]
Get:13 http://127.0.0.1:9999/debian unstable/main amd64 clang-6.0 amd64 1:6.0~+rc1-1 [9171 kB]
debconf: delaying package configuration, since apt-utils is not installed
Fetched 37.6 MB in 0s (96.8 MB/s)
Selecting previously unselected package libjsoncpp1:amd64.
(Reading database ... (Reading database ... 5%(Reading database ... 10%(Reading database ... 15%(Reading database ... 20%(Reading database ... 25%(Reading database ... 30%(Reading database ... 35%(Reading database ... 40%(Reading database ... 45%(Reading database ... 50%(Reading database ... 55%(Reading database ... 60%(Reading database ... 65%(Reading database ... 70%(Reading database ... 75%(Reading database ... 80%(Reading database ... 85%(Reading database ... 90%(Reading database ... 95%(Reading database ... 100%(Reading database ... 9974 files and directories currently installed.)
Preparing to unpack .../00-libjsoncpp1_1.7.4-3_amd64.deb ...
Unpacking libjsoncpp1:amd64 (1.7.4-3) ...
Selecting previously unselected package libbsd0:amd64.
Preparing to unpack .../01-libbsd0_0.8.7-1_amd64.deb ...
Unpacking libbsd0:amd64 (0.8.7-1) ...
Selecting previously unselected package libncurses5:amd64.
Preparing to unpack .../02-libncurses5_6.0+20171125-1_amd64.deb ...
Unpacking libncurses5:amd64 (6.0+20171125-1) ...
Selecting previously unselected package libedit2:amd64.
Preparing to unpack .../03-libedit2_3.1-20170329-1_amd64.deb ...
Unpacking libedit2:amd64 (3.1-20170329-1) ...
Selecting previously unselected package libllvm6.0:amd64.
Preparing to unpack .../04-libllvm6.0_1%3a6.0~+rc1-1_amd64.deb ...
Unpacking libllvm6.0:amd64 (1:6.0~+rc1-1) ...
Selecting previously unselected package libobjc4:amd64.
Preparing to unpack .../05-libobjc4_7.3.0-1_amd64.deb ...
Unpacking libobjc4:amd64 (7.3.0-1) ...
Selecting previously unselected package libobjc-7-dev:amd64.
Preparing to unpack .../06-libobjc-7-dev_7.3.0-1_amd64.deb ...
Unpacking libobjc-7-dev:amd64 (7.3.0-1) ...
Selecting previously unselected package libc6-i386.
Preparing to unpack .../07-libc6-i386_2.26-6_amd64.deb ...
Unpacking libc6-i386 (2.26-6) ...
Selecting previously unselected package lib32gcc1.
Preparing to unpack .../08-lib32gcc1_1%3a7.3.0-1_amd64.deb ...
Unpacking lib32gcc1 (1:7.3.0-1) ...
Selecting previously unselected package lib32stdc++6.
Preparing to unpack .../09-lib32stdc++6_7.3.0-1_amd64.deb ...
Unpacking lib32stdc++6 (7.3.0-1) ...
Selecting previously unselected package libclang-common-6.0-dev.
Preparing to unpack .../10-libclang-common-6.0-dev_1%3a6.0~+rc1-1_amd64.deb ...
Unpacking libclang-common-6.0-dev (1:6.0~+rc1-1) ...
Selecting previously unselected package libclang1-6.0:amd64.
Preparing to unpack .../11-libclang1-6.0_1%3a6.0~+rc1-1_amd64.deb ...
Unpacking libclang1-6.0:amd64 (1:6.0~+rc1-1) ...
Selecting previously unselected package clang-6.0.
Preparing to unpack .../12-clang-6.0_1%3a6.0~+rc1-1_amd64.deb ...
Unpacking clang-6.0 (1:6.0~+rc1-1) ...
Setting up libncurses5:amd64 (6.0+20171125-1) ...
Setting up libobjc4:amd64 (7.3.0-1) ...
Setting up libc6-i386 (2.26-6) ...
Setting up libbsd0:amd64 (0.8.7-1) ...
Setting up libobjc-7-dev:amd64 (7.3.0-1) ...
Processing triggers for libc-bin (2.26-6) ...
Setting up lib32gcc1 (1:7.3.0-1) ...
Setting up libjsoncpp1:amd64 (1.7.4-3) ...
Setting up libedit2:amd64 (3.1-20170329-1) ...
Setting up libllvm6.0:amd64 (1:6.0~+rc1-1) ...
Setting up libclang1-6.0:amd64 (1:6.0~+rc1-1) ...
Setting up lib32stdc++6 (7.3.0-1) ...
Setting up libclang-common-6.0-dev (1:6.0~+rc1-1) ...
Setting up clang-6.0 (1:6.0~+rc1-1) ...
Processing triggers for libc-bin (2.26-6) ...
W: --force-yes is deprecated, use one of the options starting with --allow instead.
+ echo 'Replace gcc, g++ & cpp by clang'
Replace gcc, g++ & cpp by clang
+ VERSIONS='4.6 4.7 4.8 4.9 5 6 7 8'
+ cd /usr/bin
+ for VERSION in $VERSIONS
+ rm -f g++-4.6 gcc-4.6 cpp-4.6 gcc
+ ln -s clang++-6.0 g++-4.6
+ ln -s clang-6.0 gcc-4.6
+ ln -s clang-6.0 cpp-4.6
+ ln -s clang-6.0 gcc
+ echo 'gcc-4.6 hold'
+ dpkg --set-selections
dpkg: warning: package not in status nor available database at line 1: gcc-4.6
dpkg: warning: found unknown packages; this might mean the available database
is outdated, and needs to be updated through a frontend method;
please see the FAQ <https://wiki.debian.org/Teams/Dpkg/FAQ>
+ echo 'g++-4.6 hold'
+ dpkg --set-selections
dpkg: warning: package not in status nor available database at line 1: g++-4.6
dpkg: warning: found unknown packages; this might mean the available database
is outdated, and needs to be updated through a frontend method;
please see the FAQ <https://wiki.debian.org/Teams/Dpkg/FAQ>
+ for VERSION in $VERSIONS
+ rm -f g++-4.7 gcc-4.7 cpp-4.7 gcc
+ ln -s clang++-6.0 g++-4.7
+ ln -s clang-6.0 gcc-4.7
+ ln -s clang-6.0 cpp-4.7
+ ln -s clang-6.0 gcc
+ echo 'gcc-4.7 hold'
+ dpkg --set-selections
dpkg: warning: package not in status nor available database at line 1: gcc-4.7
dpkg: warning: found unknown packages; this might mean the available database
is outdated, and needs to be updated through a frontend method;
please see the FAQ <https://wiki.debian.org/Teams/Dpkg/FAQ>
+ echo 'g++-4.7 hold'
+ dpkg --set-selections
dpkg: warning: package not in status nor available database at line 1: g++-4.7
dpkg: warning: found unknown packages; this might mean the available database
is outdated, and needs to be updated through a frontend method;
please see the FAQ <https://wiki.debian.org/Teams/Dpkg/FAQ>
+ for VERSION in $VERSIONS
+ rm -f g++-4.8 gcc-4.8 cpp-4.8 gcc
+ ln -s clang++-6.0 g++-4.8
+ ln -s clang-6.0 gcc-4.8
+ ln -s clang-6.0 cpp-4.8
+ ln -s clang-6.0 gcc
+ echo 'gcc-4.8 hold'
+ dpkg --set-selections
dpkg: warning: package not in status nor available database at line 1: gcc-4.8
dpkg: warning: found unknown packages; this might mean the available database
is outdated, and needs to be updated through a frontend method;
please see the FAQ <https://wiki.debian.org/Teams/Dpkg/FAQ>
+ echo 'g++-4.8 hold'
+ dpkg --set-selections
dpkg: warning: package not in status nor available database at line 1: g++-4.8
dpkg: warning: found unknown packages; this might mean the available database
is outdated, and needs to be updated through a frontend method;
please see the FAQ <https://wiki.debian.org/Teams/Dpkg/FAQ>
+ for VERSION in $VERSIONS
+ rm -f g++-4.9 gcc-4.9 cpp-4.9 gcc
+ ln -s clang++-6.0 g++-4.9
+ ln -s clang-6.0 gcc-4.9
+ ln -s clang-6.0 cpp-4.9
+ ln -s clang-6.0 gcc
+ echo 'gcc-4.9 hold'
+ dpkg --set-selections
dpkg: warning: package not in status nor available database at line 1: gcc-4.9
dpkg: warning: found unknown packages; this might mean the available database
is outdated, and needs to be updated through a frontend method;
please see the FAQ <https://wiki.debian.org/Teams/Dpkg/FAQ>
+ echo 'g++-4.9 hold'
+ dpkg --set-selections
dpkg: warning: package not in status nor available database at line 1: g++-4.9
dpkg: warning: found unknown packages; this might mean the available database
is outdated, and needs to be updated through a frontend method;
please see the FAQ <https://wiki.debian.org/Teams/Dpkg/FAQ>
+ for VERSION in $VERSIONS
+ rm -f g++-5 gcc-5 cpp-5 gcc
+ ln -s clang++-6.0 g++-5
+ ln -s clang-6.0 gcc-5
+ ln -s clang-6.0 cpp-5
+ ln -s clang-6.0 gcc
+ echo 'gcc-5 hold'
+ dpkg --set-selections
+ echo 'g++-5 hold'
+ dpkg --set-selections
+ for VERSION in $VERSIONS
+ rm -f g++-6 gcc-6 cpp-6 gcc
+ ln -s clang++-6.0 g++-6
+ ln -s clang-6.0 gcc-6
+ ln -s clang-6.0 cpp-6
+ ln -s clang-6.0 gcc
+ echo 'gcc-6 hold'
+ dpkg --set-selections
dpkg: warning: package not in status nor available database at line 1: gcc-6
dpkg: warning: found unknown packages; this might mean the available database
is outdated, and needs to be updated through a frontend method;
please see the FAQ <https://wiki.debian.org/Teams/Dpkg/FAQ>
+ echo 'g++-6 hold'
+ dpkg --set-selections
dpkg: warning: package not in status nor available database at line 1: g++-6
dpkg: warning: found unknown packages; this might mean the available database
is outdated, and needs to be updated through a frontend method;
please see the FAQ <https://wiki.debian.org/Teams/Dpkg/FAQ>
+ for VERSION in $VERSIONS
+ rm -f g++-7 gcc-7 cpp-7 gcc
+ ln -s clang++-6.0 g++-7
+ ln -s clang-6.0 gcc-7
+ ln -s clang-6.0 cpp-7
+ ln -s clang-6.0 gcc
+ echo 'gcc-7 hold'
+ dpkg --set-selections
+ echo 'g++-7 hold'
+ dpkg --set-selections
+ for VERSION in $VERSIONS
+ rm -f g++-8 gcc-8 cpp-8 gcc
+ ln -s clang++-6.0 g++-8
+ ln -s clang-6.0 gcc-8
+ ln -s clang-6.0 cpp-8
+ ln -s clang-6.0 gcc
+ echo 'gcc-8 hold'
+ dpkg --set-selections
dpkg: warning: package not in status nor available database at line 1: gcc-8
dpkg: warning: found unknown packages; this might mean the available database
is outdated, and needs to be updated through a frontend method;
please see the FAQ <https://wiki.debian.org/Teams/Dpkg/FAQ>
+ echo 'g++-8 hold'
+ dpkg --set-selections
dpkg: warning: package not in status nor available database at line 1: g++-8
dpkg: warning: found unknown packages; this might mean the available database
is outdated, and needs to be updated through a frontend method;
please see the FAQ <https://wiki.debian.org/Teams/Dpkg/FAQ>
+ cd -
/build/ui-utilcpp-iJceUD
+ echo 'Check if gcc, g++ & cpp are actually clang'
Check if gcc, g++ & cpp are actually clang
+ gcc --version
+ grep clang
+ cpp --version
+ grep clang
+ g++ --version
+ grep clang

I: Finished running '/tmp/clang60'.

Finished processing commands.
--------------------------------------------------------------------------------

+------------------------------------------------------------------------------+
| Update chroot                                                                |
+------------------------------------------------------------------------------+

Hit:1 http://127.0.0.1:9999/debian unstable InRelease
Reading package lists...
Reading package lists...
Building dependency tree...
Reading state information...
Calculating upgrade...
The following packages will be upgraded:
  libdebconfclient0
1 upgraded, 0 newly installed, 0 to remove and 0 not upgraded.
Need to get 48.3 kB of archives.
After this operation, 0 B of additional disk space will be used.
Get:1 http://127.0.0.1:9999/debian unstable/main amd64 libdebconfclient0 amd64 0.240 [48.3 kB]
debconf: delaying package configuration, since apt-utils is not installed
Fetched 48.3 kB in 0s (4091 kB/s)
(Reading database ... (Reading database ... 5%(Reading database ... 10%(Reading database ... 15%(Reading database ... 20%(Reading database ... 25%(Reading database ... 30%(Reading database ... 35%(Reading database ... 40%(Reading database ... 45%(Reading database ... 50%(Reading database ... 55%(Reading database ... 60%(Reading database ... 65%(Reading database ... 70%(Reading database ... 75%(Reading database ... 80%(Reading database ... 85%(Reading database ... 90%(Reading database ... 95%(Reading database ... 100%(Reading database ... 10722 files and directories currently installed.)
Preparing to unpack .../libdebconfclient0_0.240_amd64.deb ...
Unpacking libdebconfclient0:amd64 (0.240) over (0.239) ...
Setting up libdebconfclient0:amd64 (0.240) ...
Processing triggers for libc-bin (2.26-6) ...

+------------------------------------------------------------------------------+
| Fetch source files                                                           |
+------------------------------------------------------------------------------+


Check APT
---------

Checking available source versions...

Download source files with APT
------------------------------

Reading package lists...
NOTICE: 'ui-utilcpp' packaging is maintained in the 'Git' version control system at:
git://anonscm.debian.org/git/collab-maint/ui-utilcpp.git
Please use:
git clone git://anonscm.debian.org/git/collab-maint/ui-utilcpp.git
to retrieve the latest (possibly unreleased) updates to the package.
Need to get 585 kB of source archives.
Get:1 http://127.0.0.1:9999/debian unstable/main ui-utilcpp 1.8.5-1 (dsc) [2169 B]
Get:2 http://127.0.0.1:9999/debian unstable/main ui-utilcpp 1.8.5-1 (tar) [572 kB]
Get:3 http://127.0.0.1:9999/debian unstable/main ui-utilcpp 1.8.5-1 (diff) [11.2 kB]
Fetched 585 kB in 0s (3011 kB/s)
Download complete and in download only mode
I: NOTICE: Log filtering will replace 'build/ui-utilcpp-iJceUD/ui-utilcpp-1.8.5' with '<<PKGBUILDDIR>>'
I: NOTICE: Log filtering will replace 'build/ui-utilcpp-iJceUD' with '<<BUILDDIR>>'

+------------------------------------------------------------------------------+
| Install build-essential                                                      |
+------------------------------------------------------------------------------+


Setup apt archive
-----------------

Merged Build-Depends: build-essential, fakeroot
Filtered Build-Depends: build-essential, fakeroot
dpkg-deb: building package 'sbuild-build-depends-core-dummy' in '/<<BUILDDIR>>/resolver-8TZ1SY/apt_archive/sbuild-build-depends-core-dummy.deb'.
dpkg-scanpackages: warning: Packages in archive but missing from override file:
dpkg-scanpackages: warning:   sbuild-build-depends-core-dummy
dpkg-scanpackages: info: Wrote 1 entries to output Packages file.
Ign:1 copy:/<<BUILDDIR>>/resolver-8TZ1SY/apt_archive ./ InRelease
Get:2 copy:/<<BUILDDIR>>/resolver-8TZ1SY/apt_archive ./ Release [957 B]
Ign:3 copy:/<<BUILDDIR>>/resolver-8TZ1SY/apt_archive ./ Release.gpg
Get:4 copy:/<<BUILDDIR>>/resolver-8TZ1SY/apt_archive ./ Sources [349 B]
Get:5 copy:/<<BUILDDIR>>/resolver-8TZ1SY/apt_archive ./ Packages [434 B]
Fetched 1740 B in 0s (122 kB/s)
Reading package lists...
Reading package lists...

Install core build dependencies (apt-based resolver)
----------------------------------------------------

Installing build dependencies
Reading package lists...
Building dependency tree...
Reading state information...
The following NEW packages will be installed:
  sbuild-build-depends-core-dummy
0 upgraded, 1 newly installed, 0 to remove and 0 not upgraded.
Need to get 856 B of archives.
After this operation, 0 B of additional disk space will be used.
Get:1 copy:/<<BUILDDIR>>/resolver-8TZ1SY/apt_archive ./ sbuild-build-depends-core-dummy 0.invalid.0 [856 B]
debconf: delaying package configuration, since apt-utils is not installed
Fetched 856 B in 0s (0 B/s)
Selecting previously unselected package sbuild-build-depends-core-dummy.
(Reading database ... 10722 files and directories currently installed.)
Preparing to unpack .../sbuild-build-depends-core-dummy_0.invalid.0_amd64.deb ...
Unpacking sbuild-build-depends-core-dummy (0.invalid.0) ...
Setting up sbuild-build-depends-core-dummy (0.invalid.0) ...

+------------------------------------------------------------------------------+
| Check architectures                                                          |
+------------------------------------------------------------------------------+

Arch check ok (amd64 included in any)

+------------------------------------------------------------------------------+
| Install package build dependencies                                           |
+------------------------------------------------------------------------------+


Setup apt archive
-----------------

Merged Build-Depends: debhelper (>= 9.20160114~), man-db (>= 2.5.1), autotools-dev (>= 20100122), libncurses5-dev, libcommoncpp2-dev, libreadline-dev, librecode-dev, libidn11-dev, libcap-dev, libboost-all-dev (>= 1.35), xfslibs-dev, doxygen (>= 1.5.6), graphviz (>= 2.20.2)
Filtered Build-Depends: debhelper (>= 9.20160114~), man-db (>= 2.5.1), autotools-dev (>= 20100122), libncurses5-dev, libcommoncpp2-dev, libreadline-dev, librecode-dev, libidn11-dev, libcap-dev, libboost-all-dev (>= 1.35), xfslibs-dev, doxygen (>= 1.5.6), graphviz (>= 2.20.2)
dpkg-deb: building package 'sbuild-build-depends-ui-utilcpp-dummy' in '/<<BUILDDIR>>/resolver-8TZ1SY/apt_archive/sbuild-build-depends-ui-utilcpp-dummy.deb'.
dpkg-scanpackages: warning: Packages in archive but missing from override file:
dpkg-scanpackages: warning:   sbuild-build-depends-core-dummy sbuild-build-depends-ui-utilcpp-dummy
dpkg-scanpackages: info: Wrote 2 entries to output Packages file.
Ign:1 copy:/<<BUILDDIR>>/resolver-8TZ1SY/apt_archive ./ InRelease
Get:2 copy:/<<BUILDDIR>>/resolver-8TZ1SY/apt_archive ./ Release [963 B]
Ign:3 copy:/<<BUILDDIR>>/resolver-8TZ1SY/apt_archive ./ Release.gpg
Get:4 copy:/<<BUILDDIR>>/resolver-8TZ1SY/apt_archive ./ Sources [607 B]
Get:5 copy:/<<BUILDDIR>>/resolver-8TZ1SY/apt_archive ./ Packages [689 B]
Fetched 2259 B in 0s (158 kB/s)
Reading package lists...
Reading package lists...

Install ui-utilcpp build dependencies (apt-based resolver)
----------------------------------------------------------

Installing build dependencies
Reading package lists...
Building dependency tree...
Reading state information...
The following additional packages will be installed:
  autoconf automake autopoint autotools-dev bsdmainutils debhelper
  dh-autoreconf dh-python dh-strip-nondeterminism doxygen file fontconfig
  fontconfig-config fonts-dejavu-core gettext gettext-base graphviz groff-base
  ibverbs-providers icu-devtools intltool-debian libann0 libarchive-zip-perl
  libboost-all-dev libboost-atomic-dev libboost-atomic1.62-dev
  libboost-atomic1.62.0 libboost-chrono-dev libboost-chrono1.62-dev
  libboost-chrono1.62.0 libboost-context-dev libboost-context1.62-dev
  libboost-context1.62.0 libboost-coroutine-dev libboost-coroutine1.62-dev
  libboost-coroutine1.62.0 libboost-date-time-dev libboost-date-time1.62-dev
  libboost-date-time1.62.0 libboost-dev libboost-exception-dev
  libboost-exception1.62-dev libboost-fiber-dev libboost-fiber1.62-dev
  libboost-fiber1.62.0 libboost-filesystem-dev libboost-filesystem1.62-dev
  libboost-filesystem1.62.0 libboost-graph-dev libboost-graph-parallel-dev
  libboost-graph-parallel1.62-dev libboost-graph-parallel1.62.0
  libboost-graph1.62-dev libboost-graph1.62.0 libboost-iostreams-dev
  libboost-iostreams1.62-dev libboost-iostreams1.62.0 libboost-locale-dev
  libboost-locale1.62-dev libboost-locale1.62.0 libboost-log-dev
  libboost-log1.62-dev libboost-log1.62.0 libboost-math-dev
  libboost-math1.62-dev libboost-math1.62.0 libboost-mpi-dev
  libboost-mpi-python-dev libboost-mpi-python1.62-dev
  libboost-mpi-python1.62.0 libboost-mpi1.62-dev libboost-mpi1.62.0
  libboost-program-options-dev libboost-program-options1.62-dev
  libboost-program-options1.62.0 libboost-python-dev libboost-python1.62-dev
  libboost-python1.62.0 libboost-random-dev libboost-random1.62-dev
  libboost-random1.62.0 libboost-regex-dev libboost-regex1.62-dev
  libboost-regex1.62.0 libboost-serialization-dev
  libboost-serialization1.62-dev libboost-serialization1.62.0
  libboost-signals-dev libboost-signals1.62-dev libboost-signals1.62.0
  libboost-system-dev libboost-system1.62-dev libboost-system1.62.0
  libboost-test-dev libboost-test1.62-dev libboost-test1.62.0
  libboost-thread-dev libboost-thread1.62-dev libboost-thread1.62.0
  libboost-timer-dev libboost-timer1.62-dev libboost-timer1.62.0
  libboost-tools-dev libboost-type-erasure-dev libboost-type-erasure1.62-dev
  libboost-type-erasure1.62.0 libboost-wave-dev libboost-wave1.62-dev
  libboost-wave1.62.0 libboost1.62-dev libboost1.62-tools-dev libcairo2
  libcap-dev libcap2 libccgnu2-1.8-0v5 libcdt5 libcgraph6 libclang1-5.0
  libcommoncpp2-dev libcroco3 libdatrie1 libevent-2.1-6 libexpat1
  libexpat1-dev libfabric1 libfile-stripnondeterminism-perl libfontconfig1
  libfreetype6 libgcrypt11-dev libgcrypt20-dev libgd3 libgfortran4
  libglib2.0-0 libgmp-dev libgmpxx4ldbl libgnutls-dane0 libgnutls-openssl27
  libgnutls28-dev libgnutlsxx28 libgpg-error-dev libgraphite2-3 libgts-0.7-5
  libgvc6 libgvpr2 libharfbuzz0b libhwloc-dev libhwloc-plugins libhwloc5
  libibverbs-dev libibverbs1 libice6 libicu-dev libicu57 libidn11 libidn11-dev
  libidn2-0-dev libidn2-dev libjbig0 libjpeg62-turbo libllvm5.0 libltdl-dev
  libltdl7 libmagic-mgc libmagic1 libmpdec2 libncurses5-dev libnl-3-200
  libnl-route-3-200 libnuma-dev libnuma1 libopenmpi-dev libopenmpi2
  libp11-kit-dev libpango-1.0-0 libpangocairo-1.0-0 libpangoft2-1.0-0
  libpathplan4 libpciaccess0 libpipeline1 libpixman-1-0 libpng16-16
  libpsm-infinipath1 libpython-dev libpython-stdlib libpython2.7
  libpython2.7-dev libpython2.7-minimal libpython2.7-stdlib libpython3-dev
  libpython3-stdlib libpython3.6 libpython3.6-dev libpython3.6-minimal
  libpython3.6-stdlib librdmacm1 libreadline-dev libreadline5 libreadline7
  librecode-dev librecode0 libsigsegv2 libsm6 libsqlite3-0 libssl1.1
  libtasn1-6-dev libthai-data libthai0 libtiff5 libtimedate-perl libtinfo-dev
  libtool libunbound2 libwebp6 libx11-6 libx11-data libxapian30 libxau6
  libxaw7 libxcb-render0 libxcb-shm0 libxcb1 libxdmcp6 libxdot4 libxext6
  libxml2 libxmu6 libxpm4 libxrender1 libxt6 lsb-base m4 man-db mime-support
  mpi-default-bin mpi-default-dev nettle-dev ocl-icd-libopencl1 openmpi-bin
  openmpi-common pkg-config po-debconf python python-dev python-minimal
  python2.7 python2.7-dev python2.7-minimal python3 python3-dev
  python3-distutils python3-lib2to3 python3-minimal python3.6 python3.6-dev
  python3.6-minimal readline-common ucf uuid-dev x11-common xfslibs-dev
  xfsprogs zlib1g-dev
Suggested packages:
  autoconf-archive gnu-standards autoconf-doc wamerican | wordlist whois
  vacation dh-make dwz doxygen-latex doxygen-doc doxygen-gui gettext-doc
  libasprintf-dev libgettextpo-dev gsfonts graphviz-doc groff libboost-doc
  libboost1.62-doc gccxml libmpfrc++-dev libntl-dev xsltproc docbook-xml
  docbook-xsl default-jdk fop manpages-dev libcommoncpp2-doc libgcrypt20-doc
  libgd-tools gmp-doc libgmp10-doc libmpfr-dev dns-root-data gnutls-doc
  gnutls-bin libhwloc-contrib-plugins icu-doc libtool-doc ncurses-doc
  openmpi-doc pciutils readline-doc gfortran | fortran95-compiler gcj-jdk
  xapian-tools m4-doc less www-browser apparmor opencl-icd gfortran
  libmail-box-perl python-doc python-tk python2.7-doc binfmt-support
  python3-doc python3-tk python3-venv python3.6-venv python3.6-doc xfsdump acl
  attr quota
Recommended packages:
  curl | wget | lynx-cur fonts-liberation libarchive-cpio-perl libglib2.0-data
  shared-mime-info xdg-user-dirs libgts-bin libtasn1-doc libmail-sendmail-perl
The following NEW packages will be installed:
  autoconf automake autopoint autotools-dev bsdmainutils debhelper
  dh-autoreconf dh-python dh-strip-nondeterminism doxygen file fontconfig
  fontconfig-config fonts-dejavu-core gettext gettext-base graphviz groff-base
  ibverbs-providers icu-devtools intltool-debian libann0 libarchive-zip-perl
  libboost-all-dev libboost-atomic-dev libboost-atomic1.62-dev
  libboost-atomic1.62.0 libboost-chrono-dev libboost-chrono1.62-dev
  libboost-chrono1.62.0 libboost-context-dev libboost-context1.62-dev
  libboost-context1.62.0 libboost-coroutine-dev libboost-coroutine1.62-dev
  libboost-coroutine1.62.0 libboost-date-time-dev libboost-date-time1.62-dev
  libboost-date-time1.62.0 libboost-dev libboost-exception-dev
  libboost-exception1.62-dev libboost-fiber-dev libboost-fiber1.62-dev
  libboost-fiber1.62.0 libboost-filesystem-dev libboost-filesystem1.62-dev
  libboost-filesystem1.62.0 libboost-graph-dev libboost-graph-parallel-dev
  libboost-graph-parallel1.62-dev libboost-graph-parallel1.62.0
  libboost-graph1.62-dev libboost-graph1.62.0 libboost-iostreams-dev
  libboost-iostreams1.62-dev libboost-iostreams1.62.0 libboost-locale-dev
  libboost-locale1.62-dev libboost-locale1.62.0 libboost-log-dev
  libboost-log1.62-dev libboost-log1.62.0 libboost-math-dev
  libboost-math1.62-dev libboost-math1.62.0 libboost-mpi-dev
  libboost-mpi-python-dev libboost-mpi-python1.62-dev
  libboost-mpi-python1.62.0 libboost-mpi1.62-dev libboost-mpi1.62.0
  libboost-program-options-dev libboost-program-options1.62-dev
  libboost-program-options1.62.0 libboost-python-dev libboost-python1.62-dev
  libboost-python1.62.0 libboost-random-dev libboost-random1.62-dev
  libboost-random1.62.0 libboost-regex-dev libboost-regex1.62-dev
  libboost-regex1.62.0 libboost-serialization-dev
  libboost-serialization1.62-dev libboost-serialization1.62.0
  libboost-signals-dev libboost-signals1.62-dev libboost-signals1.62.0
  libboost-system-dev libboost-system1.62-dev libboost-system1.62.0
  libboost-test-dev libboost-test1.62-dev libboost-test1.62.0
  libboost-thread-dev libboost-thread1.62-dev libboost-thread1.62.0
  libboost-timer-dev libboost-timer1.62-dev libboost-timer1.62.0
  libboost-tools-dev libboost-type-erasure-dev libboost-type-erasure1.62-dev
  libboost-type-erasure1.62.0 libboost-wave-dev libboost-wave1.62-dev
  libboost-wave1.62.0 libboost1.62-dev libboost1.62-tools-dev libcairo2
  libcap-dev libcap2 libccgnu2-1.8-0v5 libcdt5 libcgraph6 libclang1-5.0
  libcommoncpp2-dev libcroco3 libdatrie1 libevent-2.1-6 libexpat1
  libexpat1-dev libfabric1 libfile-stripnondeterminism-perl libfontconfig1
  libfreetype6 libgcrypt11-dev libgcrypt20-dev libgd3 libgfortran4
  libglib2.0-0 libgmp-dev libgmpxx4ldbl libgnutls-dane0 libgnutls-openssl27
  libgnutls28-dev libgnutlsxx28 libgpg-error-dev libgraphite2-3 libgts-0.7-5
  libgvc6 libgvpr2 libharfbuzz0b libhwloc-dev libhwloc-plugins libhwloc5
  libibverbs-dev libibverbs1 libice6 libicu-dev libicu57 libidn11 libidn11-dev
  libidn2-0-dev libidn2-dev libjbig0 libjpeg62-turbo libllvm5.0 libltdl-dev
  libltdl7 libmagic-mgc libmagic1 libmpdec2 libncurses5-dev libnl-3-200
  libnl-route-3-200 libnuma-dev libnuma1 libopenmpi-dev libopenmpi2
  libp11-kit-dev libpango-1.0-0 libpangocairo-1.0-0 libpangoft2-1.0-0
  libpathplan4 libpciaccess0 libpipeline1 libpixman-1-0 libpng16-16
  libpsm-infinipath1 libpython-dev libpython-stdlib libpython2.7
  libpython2.7-dev libpython2.7-minimal libpython2.7-stdlib libpython3-dev
  libpython3-stdlib libpython3.6 libpython3.6-dev libpython3.6-minimal
  libpython3.6-stdlib librdmacm1 libreadline-dev libreadline5 libreadline7
  librecode-dev librecode0 libsigsegv2 libsm6 libsqlite3-0 libssl1.1
  libtasn1-6-dev libthai-data libthai0 libtiff5 libtimedate-perl libtinfo-dev
  libtool libunbound2 libwebp6 libx11-6 libx11-data libxapian30 libxau6
  libxaw7 libxcb-render0 libxcb-shm0 libxcb1 libxdmcp6 libxdot4 libxext6
  libxml2 libxmu6 libxpm4 libxrender1 libxt6 lsb-base m4 man-db mime-support
  mpi-default-bin mpi-default-dev nettle-dev ocl-icd-libopencl1 openmpi-bin
  openmpi-common pkg-config po-debconf python python-dev python-minimal
  python2.7 python2.7-dev python2.7-minimal python3 python3-dev
  python3-distutils python3-lib2to3 python3-minimal python3.6 python3.6-dev
  python3.6-minimal readline-common sbuild-build-depends-ui-utilcpp-dummy ucf
  uuid-dev x11-common xfslibs-dev xfsprogs zlib1g-dev
0 upgraded, 263 newly installed, 0 to remove and 0 not upgraded.
Need to get 148 MB of archives.
After this operation, 639 MB of additional disk space will be used.
Get:1 copy:/<<BUILDDIR>>/resolver-8TZ1SY/apt_archive ./ sbuild-build-depends-ui-utilcpp-dummy 0.invalid.0 [980 B]
Get:2 http://127.0.0.1:9999/debian unstable/main amd64 groff-base amd64 1.22.3-9 [1160 kB]
Get:3 http://127.0.0.1:9999/debian unstable/main amd64 bsdmainutils amd64 11.1.2 [190 kB]
Get:4 http://127.0.0.1:9999/debian unstable/main amd64 libpipeline1 amd64 1.5.0-1 [29.0 kB]
Get:5 http://127.0.0.1:9999/debian unstable/main amd64 man-db amd64 2.8.0-2 [1170 kB]
Get:6 http://127.0.0.1:9999/debian unstable/main amd64 libpython2.7-minimal amd64 2.7.14-6 [393 kB]
Get:7 http://127.0.0.1:9999/debian unstable/main amd64 python2.7-minimal amd64 2.7.14-6 [1353 kB]
Get:8 http://127.0.0.1:9999/debian unstable/main amd64 python-minimal amd64 2.7.14-4 [41.0 kB]
Get:9 http://127.0.0.1:9999/debian unstable/main amd64 mime-support all 3.60 [36.7 kB]
Get:10 http://127.0.0.1:9999/debian unstable/main amd64 libexpat1 amd64 2.2.5-3 [96.8 kB]
Get:11 http://127.0.0.1:9999/debian unstable/main amd64 readline-common all 7.0-3 [70.4 kB]
Get:12 http://127.0.0.1:9999/debian unstable/main amd64 libreadline7 amd64 7.0-3 [151 kB]
Get:13 http://127.0.0.1:9999/debian unstable/main amd64 libsqlite3-0 amd64 3.22.0-1 [595 kB]
Get:14 http://127.0.0.1:9999/debian unstable/main amd64 libssl1.1 amd64 1.1.0g-2 [1346 kB]
Get:15 http://127.0.0.1:9999/debian unstable/main amd64 libpython2.7-stdlib amd64 2.7.14-6 [1912 kB]
Get:16 http://127.0.0.1:9999/debian unstable/main amd64 python2.7 amd64 2.7.14-6 [293 kB]
Get:17 http://127.0.0.1:9999/debian unstable/main amd64 libpython-stdlib amd64 2.7.14-4 [20.4 kB]
Get:18 http://127.0.0.1:9999/debian unstable/main amd64 python amd64 2.7.14-4 [155 kB]
Get:19 http://127.0.0.1:9999/debian unstable/main amd64 libpng16-16 amd64 1.6.34-1 [287 kB]
Get:20 http://127.0.0.1:9999/debian unstable/main amd64 libfreetype6 amd64 2.8.1-1 [461 kB]
Get:21 http://127.0.0.1:9999/debian unstable/main amd64 ucf all 3.0036 [70.2 kB]
Get:22 http://127.0.0.1:9999/debian unstable/main amd64 fonts-dejavu-core all 2.37-1 [1068 kB]
Get:23 http://127.0.0.1:9999/debian unstable/main amd64 fontconfig-config all 2.12.6-0.1 [304 kB]
Get:24 http://127.0.0.1:9999/debian unstable/main amd64 libfontconfig1 amd64 2.12.6-0.1 [368 kB]
Get:25 http://127.0.0.1:9999/debian unstable/main amd64 fontconfig amd64 2.12.6-0.1 [439 kB]
Get:26 http://127.0.0.1:9999/debian unstable/main amd64 libpython3.6-minimal amd64 3.6.4-3 [571 kB]
Get:27 http://127.0.0.1:9999/debian unstable/main amd64 python3.6-minimal amd64 3.6.4-3 [1465 kB]
Get:28 http://127.0.0.1:9999/debian unstable/main amd64 python3-minimal amd64 3.6.4-1 [35.8 kB]
Get:29 http://127.0.0.1:9999/debian unstable/main amd64 libmpdec2 amd64 2.4.2-1 [85.2 kB]
Get:30 http://127.0.0.1:9999/debian unstable/main amd64 libpython3.6-stdlib amd64 3.6.4-3 [1644 kB]
Get:31 http://127.0.0.1:9999/debian unstable/main amd64 python3-lib2to3 all 3.6.4-3 [78.8 kB]
Get:32 http://127.0.0.1:9999/debian unstable/main amd64 python3-distutils all 3.6.4-3 [147 kB]
Get:33 http://127.0.0.1:9999/debian unstable/main amd64 python3.6 amd64 3.6.4-3 [223 kB]
Get:34 http://127.0.0.1:9999/debian unstable/main amd64 libpython3-stdlib amd64 3.6.4-1 [19.3 kB]
Get:35 http://127.0.0.1:9999/debian unstable/main amd64 dh-python all 2.20170125 [86.8 kB]
Get:36 http://127.0.0.1:9999/debian unstable/main amd64 python3 amd64 3.6.4-1 [22.3 kB]
Get:37 http://127.0.0.1:9999/debian unstable/main amd64 libmagic-mgc amd64 1:5.32-1 [225 kB]
Get:38 http://127.0.0.1:9999/debian unstable/main amd64 libmagic1 amd64 1:5.32-1 [111 kB]
Get:39 http://127.0.0.1:9999/debian unstable/main amd64 file amd64 1:5.32-1 [64.4 kB]
Get:40 http://127.0.0.1:9999/debian unstable/main amd64 gettext-base amd64 0.19.8.1-4 [122 kB]
Get:41 http://127.0.0.1:9999/debian unstable/main amd64 libsigsegv2 amd64 2.12-1 [32.7 kB]
Get:42 http://127.0.0.1:9999/debian unstable/main amd64 m4 amd64 1.4.18-1 [202 kB]
Get:43 http://127.0.0.1:9999/debian unstable/main amd64 autoconf all 2.69-11 [341 kB]
Get:44 http://127.0.0.1:9999/debian unstable/main amd64 autotools-dev all 20171216.1 [75.9 kB]
Get:45 http://127.0.0.1:9999/debian unstable/main amd64 automake all 1:1.15.1-3 [736 kB]
Get:46 http://127.0.0.1:9999/debian unstable/main amd64 autopoint all 0.19.8.1-4 [434 kB]
Get:47 http://127.0.0.1:9999/debian unstable/main amd64 libtool all 2.4.6-2 [545 kB]
Get:48 http://127.0.0.1:9999/debian unstable/main amd64 dh-autoreconf all 16 [16.3 kB]
Get:49 http://127.0.0.1:9999/debian unstable/main amd64 libarchive-zip-perl all 1.60-1 [95.6 kB]
Get:50 http://127.0.0.1:9999/debian unstable/main amd64 libfile-stripnondeterminism-perl all 0.040-1 [18.4 kB]
Get:51 http://127.0.0.1:9999/debian unstable/main amd64 libtimedate-perl all 2.3000-2 [42.2 kB]
Get:52 http://127.0.0.1:9999/debian unstable/main amd64 dh-strip-nondeterminism all 0.040-1 [11.8 kB]
Get:53 http://127.0.0.1:9999/debian unstable/main amd64 libglib2.0-0 amd64 2.54.3-2 [2822 kB]
Get:54 http://127.0.0.1:9999/debian unstable/main amd64 libicu57 amd64 57.1-8 [7699 kB]
Get:55 http://127.0.0.1:9999/debian unstable/main amd64 libxml2 amd64 2.9.4+dfsg1-6.1 [725 kB]
Get:56 http://127.0.0.1:9999/debian unstable/main amd64 libcroco3 amd64 0.6.12-2 [144 kB]
Get:57 http://127.0.0.1:9999/debian unstable/main amd64 gettext amd64 0.19.8.1-4 [1302 kB]
Get:58 http://127.0.0.1:9999/debian unstable/main amd64 intltool-debian all 0.35.0+20060710.4 [26.3 kB]
Get:59 http://127.0.0.1:9999/debian unstable/main amd64 po-debconf all 1.0.20 [247 kB]
Get:60 http://127.0.0.1:9999/debian unstable/main amd64 debhelper all 11.1.4 [1005 kB]
Get:61 http://127.0.0.1:9999/debian unstable/main amd64 libllvm5.0 amd64 1:5.0.1-2 [13.7 MB]
Get:62 http://127.0.0.1:9999/debian unstable/main amd64 libclang1-5.0 amd64 1:5.0.1-2 [6752 kB]
Get:63 http://127.0.0.1:9999/debian unstable/main amd64 libxapian30 amd64 1.4.5-1 [1056 kB]
Get:64 http://127.0.0.1:9999/debian unstable/main amd64 doxygen amd64 1.8.13-9 [3986 kB]
Get:65 http://127.0.0.1:9999/debian unstable/main amd64 libann0 amd64 1.1.2+doc-6 [24.9 kB]
Get:66 http://127.0.0.1:9999/debian unstable/main amd64 libcdt5 amd64 2.38.0-19 [59.6 kB]
Get:67 http://127.0.0.1:9999/debian unstable/main amd64 libcgraph6 amd64 2.38.0-19 [82.3 kB]
Get:68 http://127.0.0.1:9999/debian unstable/main amd64 libjpeg62-turbo amd64 1:1.5.2-2+b1 [134 kB]
Get:69 http://127.0.0.1:9999/debian unstable/main amd64 libjbig0 amd64 2.1-3.1+b2 [31.0 kB]
Get:70 http://127.0.0.1:9999/debian unstable/main amd64 libtiff5 amd64 4.0.9-3 [245 kB]
Get:71 http://127.0.0.1:9999/debian unstable/main amd64 libwebp6 amd64 0.6.0-4 [254 kB]
Get:72 http://127.0.0.1:9999/debian unstable/main amd64 libxau6 amd64 1:1.0.8-1+b2 [19.9 kB]
Get:73 http://127.0.0.1:9999/debian unstable/main amd64 libxdmcp6 amd64 1:1.1.2-3 [26.3 kB]
Get:74 http://127.0.0.1:9999/debian unstable/main amd64 libxcb1 amd64 1.12-1 [133 kB]
Get:75 http://127.0.0.1:9999/debian unstable/main amd64 libx11-data all 2:1.6.4-3 [290 kB]
Get:76 http://127.0.0.1:9999/debian unstable/main amd64 libx11-6 amd64 2:1.6.4-3 [747 kB]
Get:77 http://127.0.0.1:9999/debian unstable/main amd64 libxpm4 amd64 1:3.5.12-1 [49.1 kB]
Get:78 http://127.0.0.1:9999/debian unstable/main amd64 libgd3 amd64 2.2.5-4 [136 kB]
Get:79 http://127.0.0.1:9999/debian unstable/main amd64 libgts-0.7-5 amd64 0.7.6+darcs121130-4 [158 kB]
Get:80 http://127.0.0.1:9999/debian unstable/main amd64 libpixman-1-0 amd64 0.34.0-2 [529 kB]
Get:81 http://127.0.0.1:9999/debian unstable/main amd64 libxcb-render0 amd64 1.12-1 [105 kB]
Get:82 http://127.0.0.1:9999/debian unstable/main amd64 libxcb-shm0 amd64 1.12-1 [95.9 kB]
Get:83 http://127.0.0.1:9999/debian unstable/main amd64 libxext6 amd64 2:1.3.3-1+b2 [52.5 kB]
Get:84 http://127.0.0.1:9999/debian unstable/main amd64 libxrender1 amd64 1:0.9.10-1 [33.0 kB]
Get:85 http://127.0.0.1:9999/debian unstable/main amd64 libcairo2 amd64 1.15.10-1 [663 kB]
Get:86 http://127.0.0.1:9999/debian unstable/main amd64 libltdl7 amd64 2.4.6-2 [389 kB]
Get:87 http://127.0.0.1:9999/debian unstable/main amd64 libthai-data all 0.1.27-1 [168 kB]
Get:88 http://127.0.0.1:9999/debian unstable/main amd64 libdatrie1 amd64 0.2.10-6 [36.5 kB]
Get:89 http://127.0.0.1:9999/debian unstable/main amd64 libthai0 amd64 0.1.27-1 [53.1 kB]
Get:90 http://127.0.0.1:9999/debian unstable/main amd64 libpango-1.0-0 amd64 1.40.14-1 [198 kB]
Get:91 http://127.0.0.1:9999/debian unstable/main amd64 libgraphite2-3 amd64 1.3.10-8 [84.2 kB]
Get:92 http://127.0.0.1:9999/debian unstable/main amd64 libharfbuzz0b amd64 1.7.2-1 [738 kB]
Get:93 http://127.0.0.1:9999/debian unstable/main amd64 libpangoft2-1.0-0 amd64 1.40.14-1 [79.1 kB]
Get:94 http://127.0.0.1:9999/debian unstable/main amd64 libpangocairo-1.0-0 amd64 1.40.14-1 [66.9 kB]
Get:95 http://127.0.0.1:9999/debian unstable/main amd64 libpathplan4 amd64 2.38.0-19 [62.8 kB]
Get:96 http://127.0.0.1:9999/debian unstable/main amd64 libxdot4 amd64 2.38.0-19 [55.8 kB]
Get:97 http://127.0.0.1:9999/debian unstable/main amd64 libgvc6 amd64 2.38.0-19 [639 kB]
Get:98 http://127.0.0.1:9999/debian unstable/main amd64 libgvpr2 amd64 2.38.0-19 [212 kB]
Get:99 http://127.0.0.1:9999/debian unstable/main amd64 lsb-base all 9.20170808 [28.1 kB]
Get:100 http://127.0.0.1:9999/debian unstable/main amd64 x11-common all 1:7.7+19 [251 kB]
Get:101 http://127.0.0.1:9999/debian unstable/main amd64 libice6 amd64 2:1.0.9-2 [58.7 kB]
Get:102 http://127.0.0.1:9999/debian unstable/main amd64 libsm6 amd64 2:1.2.2-1+b3 [33.3 kB]
Get:103 http://127.0.0.1:9999/debian unstable/main amd64 libxt6 amd64 1:1.1.5-1 [188 kB]
Get:104 http://127.0.0.1:9999/debian unstable/main amd64 libxmu6 amd64 2:1.1.2-2 [60.3 kB]
Get:105 http://127.0.0.1:9999/debian unstable/main amd64 libxaw7 amd64 2:1.0.13-1+b2 [201 kB]
Get:106 http://127.0.0.1:9999/debian unstable/main amd64 graphviz amd64 2.38.0-19 [801 kB]
Get:107 http://127.0.0.1:9999/debian unstable/main amd64 libnl-3-200 amd64 3.2.27-2 [61.5 kB]
Get:108 http://127.0.0.1:9999/debian unstable/main amd64 libnl-route-3-200 amd64 3.2.27-2 [136 kB]
Get:109 http://127.0.0.1:9999/debian unstable/main amd64 libibverbs1 amd64 16.1-2 [44.2 kB]
Get:110 http://127.0.0.1:9999/debian unstable/main amd64 ibverbs-providers amd64 16.1-2 [155 kB]
Get:111 http://127.0.0.1:9999/debian unstable/main amd64 icu-devtools amd64 57.1-8 [177 kB]
Get:112 http://127.0.0.1:9999/debian unstable/main amd64 libboost1.62-dev amd64 1.62.0+dfsg-5 [7004 kB]
Get:113 http://127.0.0.1:9999/debian unstable/main amd64 libboost-dev amd64 1.62.0.1 [3632 B]
Get:114 http://127.0.0.1:9999/debian unstable/main amd64 libboost1.62-tools-dev amd64 1.62.0+dfsg-5 [1200 kB]
Get:115 http://127.0.0.1:9999/debian unstable/main amd64 libboost-tools-dev amd64 1.62.0.1 [3592 B]
Get:116 http://127.0.0.1:9999/debian unstable/main amd64 libboost-atomic1.62.0 amd64 1.62.0+dfsg-5 [30.6 kB]
Get:117 http://127.0.0.1:9999/debian unstable/main amd64 libboost-atomic1.62-dev amd64 1.62.0+dfsg-5 [29.5 kB]
Get:118 http://127.0.0.1:9999/debian unstable/main amd64 libboost-atomic-dev amd64 1.62.0.1 [3726 B]
Get:119 http://127.0.0.1:9999/debian unstable/main amd64 libboost-system1.62.0 amd64 1.62.0+dfsg-5 [32.6 kB]
Get:120 http://127.0.0.1:9999/debian unstable/main amd64 libboost-chrono1.62.0 amd64 1.62.0+dfsg-5 [36.2 kB]
Get:121 http://127.0.0.1:9999/debian unstable/main amd64 libboost-chrono1.62-dev amd64 1.62.0+dfsg-5 [36.6 kB]
Get:122 http://127.0.0.1:9999/debian unstable/main amd64 libboost-chrono-dev amd64 1.62.0.1 [4048 B]
Get:123 http://127.0.0.1:9999/debian unstable/main amd64 libboost-context1.62.0 amd64 1.62.0+dfsg-5 [31.6 kB]
Get:124 http://127.0.0.1:9999/debian unstable/main amd64 libboost-context1.62-dev amd64 1.62.0+dfsg-5 [30.9 kB]
Get:125 http://127.0.0.1:9999/debian unstable/main amd64 libboost-context-dev amd64 1.62.0.1 [3618 B]
Get:126 http://127.0.0.1:9999/debian unstable/main amd64 libboost-thread1.62.0 amd64 1.62.0+dfsg-5 [71.9 kB]
Get:127 http://127.0.0.1:9999/debian unstable/main amd64 libboost-coroutine1.62.0 amd64 1.62.0+dfsg-5 [44.1 kB]
Get:128 http://127.0.0.1:9999/debian unstable/main amd64 libboost-coroutine1.62-dev amd64 1.62.0+dfsg-5 [44.8 kB]
Get:129 http://127.0.0.1:9999/debian unstable/main amd64 libboost-coroutine-dev amd64 1.62.0.1 [3690 B]
Get:130 http://127.0.0.1:9999/debian unstable/main amd64 libboost-date-time1.62.0 amd64 1.62.0+dfsg-5 [43.1 kB]
Get:131 http://127.0.0.1:9999/debian unstable/main amd64 libboost-serialization1.62.0 amd64 1.62.0+dfsg-5 [126 kB]
Get:132 http://127.0.0.1:9999/debian unstable/main amd64 libboost-serialization1.62-dev amd64 1.62.0+dfsg-5 [163 kB]
Get:133 http://127.0.0.1:9999/debian unstable/main amd64 libboost-date-time1.62-dev amd64 1.62.0+dfsg-5 [50.4 kB]
Get:134 http://127.0.0.1:9999/debian unstable/main amd64 libboost-date-time-dev amd64 1.62.0.1 [3418 B]
Get:135 http://127.0.0.1:9999/debian unstable/main amd64 libboost-exception1.62-dev amd64 1.62.0+dfsg-5 [28.9 kB]
Get:136 http://127.0.0.1:9999/debian unstable/main amd64 libboost-exception-dev amd64 1.62.0.1 [3410 B]
Get:137 http://127.0.0.1:9999/debian unstable/main amd64 libboost-fiber1.62.0 amd64 1.62.0+dfsg-5 [50.6 kB]
Get:138 http://127.0.0.1:9999/debian unstable/main amd64 libboost-fiber1.62-dev amd64 1.62.0+dfsg-5 [54.1 kB]
Get:139 http://127.0.0.1:9999/debian unstable/main amd64 libboost-fiber-dev amd64 1.62.0.1 [3840 B]
Get:140 http://127.0.0.1:9999/debian unstable/main amd64 libboost-filesystem1.62.0 amd64 1.62.0+dfsg-5 [63.4 kB]
Get:141 http://127.0.0.1:9999/debian unstable/main amd64 libboost-system1.62-dev amd64 1.62.0+dfsg-5 [34.1 kB]
Get:142 http://127.0.0.1:9999/debian unstable/main amd64 libboost-filesystem1.62-dev amd64 1.62.0+dfsg-5 [73.2 kB]
Get:143 http://127.0.0.1:9999/debian unstable/main amd64 libboost-filesystem-dev amd64 1.62.0.1 [3448 B]
Get:144 http://127.0.0.1:9999/debian unstable/main amd64 libboost-regex1.62.0 amd64 1.62.0+dfsg-5 [288 kB]
Get:145 http://127.0.0.1:9999/debian unstable/main amd64 libboost-graph1.62.0 amd64 1.62.0+dfsg-5 [118 kB]
Get:146 http://127.0.0.1:9999/debian unstable/main amd64 libboost-timer1.62.0 amd64 1.62.0+dfsg-5 [34.7 kB]
Get:147 http://127.0.0.1:9999/debian unstable/main amd64 libboost-test1.62.0 amd64 1.62.0+dfsg-5 [255 kB]
Get:148 http://127.0.0.1:9999/debian unstable/main amd64 libboost-test1.62-dev amd64 1.62.0+dfsg-5 [301 kB]
Get:149 http://127.0.0.1:9999/debian unstable/main amd64 libboost-graph1.62-dev amd64 1.62.0+dfsg-5 [127 kB]
Get:150 http://127.0.0.1:9999/debian unstable/main amd64 libboost-graph-dev amd64 1.62.0.1 [3510 B]
Get:151 http://127.0.0.1:9999/debian unstable/main amd64 libpsm-infinipath1 amd64 3.3+20.604758e7-5 [172 kB]
Get:152 http://127.0.0.1:9999/debian unstable/main amd64 librdmacm1 amd64 16.1-2 [57.2 kB]
Get:153 http://127.0.0.1:9999/debian unstable/main amd64 libfabric1 amd64 1.5.3-1 [303 kB]
Get:154 http://127.0.0.1:9999/debian unstable/main amd64 libgfortran4 amd64 7.3.0-1 [486 kB]
Get:155 http://127.0.0.1:9999/debian unstable/main amd64 libnuma1 amd64 2.0.11-2.1 [33.3 kB]
Get:156 http://127.0.0.1:9999/debian unstable/main amd64 libhwloc5 amd64 1.11.9-1 [109 kB]
Get:157 http://127.0.0.1:9999/debian unstable/main amd64 libpciaccess0 amd64 0.13.4-1+b2 [50.0 kB]
Get:158 http://127.0.0.1:9999/debian unstable/main amd64 ocl-icd-libopencl1 amd64 2.2.12-1 [37.1 kB]
Get:159 http://127.0.0.1:9999/debian unstable/main amd64 libhwloc-plugins amd64 1.11.9-1 [16.7 kB]
Get:160 http://127.0.0.1:9999/debian unstable/main amd64 libopenmpi2 amd64 2.1.1-8 [2080 kB]
Get:161 http://127.0.0.1:9999/debian unstable/main amd64 libboost-mpi1.62.0 amd64 1.62.0+dfsg-5 [70.9 kB]
Get:162 http://127.0.0.1:9999/debian unstable/main amd64 libboost-graph-parallel1.62.0 amd64 1.62.0+dfsg-5 [86.3 kB]
Get:163 http://127.0.0.1:9999/debian unstable/main amd64 libboost-graph-parallel1.62-dev amd64 1.62.0+dfsg-5 [88.7 kB]
Get:164 http://127.0.0.1:9999/debian unstable/main amd64 libboost-graph-parallel-dev amd64 1.62.0.1 [3546 B]
Get:165 http://127.0.0.1:9999/debian unstable/main amd64 libicu-dev amd64 57.1-8 [16.6 MB]
Get:166 http://127.0.0.1:9999/debian unstable/main amd64 libboost-regex1.62-dev amd64 1.62.0+dfsg-5 [334 kB]
Get:167 http://127.0.0.1:9999/debian unstable/main amd64 libboost-iostreams1.62.0 amd64 1.62.0+dfsg-5 [51.1 kB]
Get:168 http://127.0.0.1:9999/debian unstable/main amd64 libboost-iostreams1.62-dev amd64 1.62.0+dfsg-5 [57.3 kB]
Get:169 http://127.0.0.1:9999/debian unstable/main amd64 libboost-iostreams-dev amd64 1.62.0.1 [3408 B]
Get:170 http://127.0.0.1:9999/debian unstable/main amd64 libboost-locale1.62.0 amd64 1.62.0+dfsg-5 [263 kB]
Get:171 http://127.0.0.1:9999/debian unstable/main amd64 libboost-locale1.62-dev amd64 1.62.0+dfsg-5 [339 kB]
Get:172 http://127.0.0.1:9999/debian unstable/main amd64 libboost-locale-dev amd64 1.62.0.1 [3752 B]
Get:173 http://127.0.0.1:9999/debian unstable/main amd64 libboost-log1.62.0 amd64 1.62.0+dfsg-5 [398 kB]
Get:174 http://127.0.0.1:9999/debian unstable/main amd64 libboost-thread1.62-dev amd64 1.62.0+dfsg-5 [71.5 kB]
Get:175 http://127.0.0.1:9999/debian unstable/main amd64 libboost-log1.62-dev amd64 1.62.0+dfsg-5 [545 kB]
Get:176 http://127.0.0.1:9999/debian unstable/main amd64 libboost-log-dev amd64 1.62.0.1 [3616 B]
Get:177 http://127.0.0.1:9999/debian unstable/main amd64 libboost-math1.62.0 amd64 1.62.0+dfsg-5 [315 kB]
Get:178 http://127.0.0.1:9999/debian unstable/main amd64 libboost-math1.62-dev amd64 1.62.0+dfsg-5 [539 kB]
Get:179 http://127.0.0.1:9999/debian unstable/main amd64 libboost-math-dev amd64 1.62.0.1 [3618 B]
Get:180 http://127.0.0.1:9999/debian unstable/main amd64 openmpi-common all 2.1.1-8 [154 kB]
Get:181 http://127.0.0.1:9999/debian unstable/main amd64 libibverbs-dev amd64 16.1-2 [103 kB]
Get:182 http://127.0.0.1:9999/debian unstable/main amd64 libnuma-dev amd64 2.0.11-2.1 [46.0 kB]
Get:183 http://127.0.0.1:9999/debian unstable/main amd64 libltdl-dev amd64 2.4.6-2 [161 kB]
Get:184 http://127.0.0.1:9999/debian unstable/main amd64 libhwloc-dev amd64 1.11.9-1 [172 kB]
Get:185 http://127.0.0.1:9999/debian unstable/main amd64 libopenmpi-dev amd64 2.1.1-8 [1030 kB]
Get:186 http://127.0.0.1:9999/debian unstable/main amd64 mpi-default-dev amd64 1.10 [5180 B]
Get:187 http://127.0.0.1:9999/debian unstable/main amd64 libboost-mpi1.62-dev amd64 1.62.0+dfsg-5 [154 kB]
Get:188 http://127.0.0.1:9999/debian unstable/main amd64 libboost-mpi-dev amd64 1.62.0.1 [3500 B]
Get:189 http://127.0.0.1:9999/debian unstable/main amd64 libboost-python1.62.0 amd64 1.62.0+dfsg-5 [138 kB]
Get:190 http://127.0.0.1:9999/debian unstable/main amd64 openmpi-bin amd64 2.1.1-8 [193 kB]
Get:191 http://127.0.0.1:9999/debian unstable/main amd64 mpi-default-bin amd64 1.10 [4376 B]
Get:192 http://127.0.0.1:9999/debian unstable/main amd64 libboost-mpi-python1.62.0 amd64 1.62.0+dfsg-5 [232 kB]
Get:193 http://127.0.0.1:9999/debian unstable/main amd64 libboost-mpi-python1.62-dev amd64 1.62.0+dfsg-5 [48.8 kB]
Get:194 http://127.0.0.1:9999/debian unstable/main amd64 libboost-mpi-python-dev amd64 1.62.0.1 [3538 B]
Get:195 http://127.0.0.1:9999/debian unstable/main amd64 libboost-program-options1.62.0 amd64 1.62.0+dfsg-5 [160 kB]
Get:196 http://127.0.0.1:9999/debian unstable/main amd64 libboost-program-options1.62-dev amd64 1.62.0+dfsg-5 [184 kB]
Get:197 http://127.0.0.1:9999/debian unstable/main amd64 libboost-program-options-dev amd64 1.62.0.1 [3430 B]
Get:198 http://127.0.0.1:9999/debian unstable/main amd64 libpython2.7 amd64 2.7.14-6 [1053 kB]
Get:199 http://127.0.0.1:9999/debian unstable/main amd64 libexpat1-dev amd64 2.2.5-3 [140 kB]
Get:200 http://127.0.0.1:9999/debian unstable/main amd64 libpython2.7-dev amd64 2.7.14-6 [28.3 MB]
Get:201 http://127.0.0.1:9999/debian unstable/main amd64 libpython-dev amd64 2.7.14-4 [20.5 kB]
Get:202 http://127.0.0.1:9999/debian unstable/main amd64 python2.7-dev amd64 2.7.14-6 [282 kB]
Get:203 http://127.0.0.1:9999/debian unstable/main amd64 python-dev amd64 2.7.14-4 [1204 B]
Get:204 http://127.0.0.1:9999/debian unstable/main amd64 libpython3.6 amd64 3.6.4-3 [1446 kB]
Get:205 http://127.0.0.1:9999/debian unstable/main amd64 libpython3.6-dev amd64 3.6.4-3 [2484 kB]
Get:206 http://127.0.0.1:9999/debian unstable/main amd64 libpython3-dev amd64 3.6.4-1 [19.4 kB]
Get:207 http://127.0.0.1:9999/debian unstable/main amd64 python3.6-dev amd64 3.6.4-3 [519 kB]
Get:208 http://127.0.0.1:9999/debian unstable/main amd64 python3-dev amd64 3.6.4-1 [1228 B]
Get:209 http://127.0.0.1:9999/debian unstable/main amd64 libboost-python1.62-dev amd64 1.62.0+dfsg-5 [166 kB]
Get:210 http://127.0.0.1:9999/debian unstable/main amd64 libboost-python-dev amd64 1.62.0.1 [3802 B]
Get:211 http://127.0.0.1:9999/debian unstable/main amd64 libboost-random1.62.0 amd64 1.62.0+dfsg-5 [35.7 kB]
Get:212 http://127.0.0.1:9999/debian unstable/main amd64 libboost-random1.62-dev amd64 1.62.0+dfsg-5 [35.0 kB]
Get:213 http://127.0.0.1:9999/debian unstable/main amd64 libboost-random-dev amd64 1.62.0.1 [3420 B]
Get:214 http://127.0.0.1:9999/debian unstable/main amd64 libboost-regex-dev amd64 1.62.0.1 [3674 B]
Get:215 http://127.0.0.1:9999/debian unstable/main amd64 libboost-serialization-dev amd64 1.62.0.1 [3642 B]
Get:216 http://127.0.0.1:9999/debian unstable/main amd64 libboost-signals1.62.0 amd64 1.62.0+dfsg-5 [54.3 kB]
Get:217 http://127.0.0.1:9999/debian unstable/main amd64 libboost-signals1.62-dev amd64 1.62.0+dfsg-5 [58.0 kB]
Get:218 http://127.0.0.1:9999/debian unstable/main amd64 libboost-signals-dev amd64 1.62.0.1 [3478 B]
Get:219 http://127.0.0.1:9999/debian unstable/main amd64 libboost-system-dev amd64 1.62.0.1 [3554 B]
Get:220 http://127.0.0.1:9999/debian unstable/main amd64 libboost-test-dev amd64 1.62.0.1 [3456 B]
Get:221 http://127.0.0.1:9999/debian unstable/main amd64 libboost-thread-dev amd64 1.62.0.1 [3442 B]
Get:222 http://127.0.0.1:9999/debian unstable/main amd64 libboost-timer1.62-dev amd64 1.62.0+dfsg-5 [34.3 kB]
Get:223 http://127.0.0.1:9999/debian unstable/main amd64 libboost-timer-dev amd64 1.62.0.1 [3534 B]
Get:224 http://127.0.0.1:9999/debian unstable/main amd64 libboost-type-erasure1.62.0 amd64 1.62.0+dfsg-5 [42.6 kB]
Get:225 http://127.0.0.1:9999/debian unstable/main amd64 libboost-type-erasure1.62-dev amd64 1.62.0+dfsg-5 [41.9 kB]
Get:226 http://127.0.0.1:9999/debian unstable/main amd64 libboost-type-erasure-dev amd64 1.62.0.1 [3508 B]
Get:227 http://127.0.0.1:9999/debian unstable/main amd64 libboost-wave1.62.0 amd64 1.62.0+dfsg-5 [203 kB]
Get:228 http://127.0.0.1:9999/debian unstable/main amd64 libboost-wave1.62-dev amd64 1.62.0+dfsg-5 [252 kB]
Get:229 http://127.0.0.1:9999/debian unstable/main amd64 libboost-wave-dev amd64 1.62.0.1 [3448 B]
Get:230 http://127.0.0.1:9999/debian unstable/main amd64 libboost-all-dev amd64 1.62.0.1 [3750 B]
Get:231 http://127.0.0.1:9999/debian unstable/main amd64 libcap2 amd64 1:2.25-1.2 [17.2 kB]
Get:232 http://127.0.0.1:9999/debian unstable/main amd64 libcap-dev amd64 1:2.25-1.2 [29.7 kB]
Get:233 http://127.0.0.1:9999/debian unstable/main amd64 libccgnu2-1.8-0v5 amd64 1.8.1-6.1 [195 kB]
Get:234 http://127.0.0.1:9999/debian unstable/main amd64 libgnutls-openssl27 amd64 3.5.17-1 [204 kB]
Get:235 http://127.0.0.1:9999/debian unstable/main amd64 libgnutlsxx28 amd64 3.5.17-1 [13.7 kB]
Get:236 http://127.0.0.1:9999/debian unstable/main amd64 libevent-2.1-6 amd64 2.1.8-stable-4 [177 kB]
Get:237 http://127.0.0.1:9999/debian unstable/main amd64 libunbound2 amd64 1.6.7-1 [371 kB]
Get:238 http://127.0.0.1:9999/debian unstable/main amd64 libgnutls-dane0 amd64 3.5.17-1 [204 kB]
Get:239 http://127.0.0.1:9999/debian unstable/main amd64 libgmpxx4ldbl amd64 2:6.1.2+dfsg-2 [22.5 kB]
Get:240 http://127.0.0.1:9999/debian unstable/main amd64 libgmp-dev amd64 2:6.1.2+dfsg-2 [632 kB]
Get:241 http://127.0.0.1:9999/debian unstable/main amd64 nettle-dev amd64 3.4-1 [1070 kB]
Get:242 http://127.0.0.1:9999/debian unstable/main amd64 zlib1g-dev amd64 1:1.2.8.dfsg-5 [205 kB]
Get:243 http://127.0.0.1:9999/debian unstable/main amd64 libtasn1-6-dev amd64 4.13-2 [104 kB]
Get:244 http://127.0.0.1:9999/debian unstable/main amd64 libp11-kit-dev amd64 0.23.9-2 [68.1 kB]
Get:245 http://127.0.0.1:9999/debian unstable/main amd64 libidn2-dev amd64 2.0.4-1.1 [76.4 kB]
Get:246 http://127.0.0.1:9999/debian unstable/main amd64 libidn2-0-dev amd64 2.0.4-1.1 [17.8 kB]
Get:247 http://127.0.0.1:9999/debian unstable/main amd64 libgnutls28-dev amd64 3.5.17-1 [842 kB]
Get:248 http://127.0.0.1:9999/debian unstable/main amd64 libgpg-error-dev amd64 1.27-6 [110 kB]
Get:249 http://127.0.0.1:9999/debian unstable/main amd64 libgcrypt20-dev amd64 1.8.1-4 [602 kB]
Get:250 http://127.0.0.1:9999/debian unstable/main amd64 libgcrypt11-dev amd64 1.5.4-3+really1.8.1-4 [144 kB]
Get:251 http://127.0.0.1:9999/debian unstable/main amd64 pkg-config amd64 0.29-4+b1 [63.3 kB]
Get:252 http://127.0.0.1:9999/debian unstable/main amd64 libcommoncpp2-dev amd64 1.8.1-6.1 [293 kB]
Get:253 http://127.0.0.1:9999/debian unstable/main amd64 libidn11 amd64 1.33-2.1 [116 kB]
Get:254 http://127.0.0.1:9999/debian unstable/main amd64 libidn11-dev amd64 1.33-2.1 [594 kB]
Get:255 http://127.0.0.1:9999/debian unstable/main amd64 libtinfo-dev amd64 6.0+20171125-1 [80.8 kB]
Get:256 http://127.0.0.1:9999/debian unstable/main amd64 libncurses5-dev amd64 6.0+20171125-1 [174 kB]
Get:257 http://127.0.0.1:9999/debian unstable/main amd64 libreadline-dev amd64 7.0-3 [132 kB]
Get:258 http://127.0.0.1:9999/debian unstable/main amd64 libreadline5 amd64 5.2+dfsg-3+b1 [119 kB]
Get:259 http://127.0.0.1:9999/debian unstable/main amd64 librecode0 amd64 3.6-23 [532 kB]
Get:260 http://127.0.0.1:9999/debian unstable/main amd64 librecode-dev amd64 3.6-23 [526 kB]
Get:261 http://127.0.0.1:9999/debian unstable/main amd64 uuid-dev amd64 2.30.2-0.3 [85.2 kB]
Get:262 http://127.0.0.1:9999/debian unstable/main amd64 xfsprogs amd64 4.9.0+nmu1 [811 kB]
Get:263 http://127.0.0.1:9999/debian unstable/main amd64 xfslibs-dev amd64 4.9.0+nmu1 [58.4 kB]
debconf: delaying package configuration, since apt-utils is not installed
Fetched 148 MB in 2s (80.3 MB/s)
Selecting previously unselected package groff-base.
(Reading database ... 10722 files and directories currently installed.)
Preparing to unpack .../00-groff-base_1.22.3-9_amd64.deb ...
Unpacking groff-base (1.22.3-9) ...
Selecting previously unselected package bsdmainutils.
Preparing to unpack .../01-bsdmainutils_11.1.2_amd64.deb ...
Unpacking bsdmainutils (11.1.2) ...
Selecting previously unselected package libpipeline1:amd64.
Preparing to unpack .../02-libpipeline1_1.5.0-1_amd64.deb ...
Unpacking libpipeline1:amd64 (1.5.0-1) ...
Selecting previously unselected package man-db.
Preparing to unpack .../03-man-db_2.8.0-2_amd64.deb ...
Unpacking man-db (2.8.0-2) ...
Selecting previously unselected package libpython2.7-minimal:amd64.
Preparing to unpack .../04-libpython2.7-minimal_2.7.14-6_amd64.deb ...
Unpacking libpython2.7-minimal:amd64 (2.7.14-6) ...
Selecting previously unselected package python2.7-minimal.
Preparing to unpack .../05-python2.7-minimal_2.7.14-6_amd64.deb ...
Unpacking python2.7-minimal (2.7.14-6) ...
Selecting previously unselected package python-minimal.
Preparing to unpack .../06-python-minimal_2.7.14-4_amd64.deb ...
Unpacking python-minimal (2.7.14-4) ...
Selecting previously unselected package mime-support.
Preparing to unpack .../07-mime-support_3.60_all.deb ...
Unpacking mime-support (3.60) ...
Selecting previously unselected package libexpat1:amd64.
Preparing to unpack .../08-libexpat1_2.2.5-3_amd64.deb ...
Unpacking libexpat1:amd64 (2.2.5-3) ...
Selecting previously unselected package readline-common.
Preparing to unpack .../09-readline-common_7.0-3_all.deb ...
Unpacking readline-common (7.0-3) ...
Selecting previously unselected package libreadline7:amd64.
Preparing to unpack .../10-libreadline7_7.0-3_amd64.deb ...
Unpacking libreadline7:amd64 (7.0-3) ...
Selecting previously unselected package libsqlite3-0:amd64.
Preparing to unpack .../11-libsqlite3-0_3.22.0-1_amd64.deb ...
Unpacking libsqlite3-0:amd64 (3.22.0-1) ...
Selecting previously unselected package libssl1.1:amd64.
Preparing to unpack .../12-libssl1.1_1.1.0g-2_amd64.deb ...
Unpacking libssl1.1:amd64 (1.1.0g-2) ...
Selecting previously unselected package libpython2.7-stdlib:amd64.
Preparing to unpack .../13-libpython2.7-stdlib_2.7.14-6_amd64.deb ...
Unpacking libpython2.7-stdlib:amd64 (2.7.14-6) ...
Selecting previously unselected package python2.7.
Preparing to unpack .../14-python2.7_2.7.14-6_amd64.deb ...
Unpacking python2.7 (2.7.14-6) ...
Selecting previously unselected package libpython-stdlib:amd64.
Preparing to unpack .../15-libpython-stdlib_2.7.14-4_amd64.deb ...
Unpacking libpython-stdlib:amd64 (2.7.14-4) ...
Setting up libpython2.7-minimal:amd64 (2.7.14-6) ...
Setting up python2.7-minimal (2.7.14-6) ...
Setting up python-minimal (2.7.14-4) ...
Selecting previously unselected package python.
(Reading database ... 12152 files and directories currently installed.)
Preparing to unpack .../00-python_2.7.14-4_amd64.deb ...
Unpacking python (2.7.14-4) ...
Selecting previously unselected package libpng16-16:amd64.
Preparing to unpack .../01-libpng16-16_1.6.34-1_amd64.deb ...
Unpacking libpng16-16:amd64 (1.6.34-1) ...
Selecting previously unselected package libfreetype6:amd64.
Preparing to unpack .../02-libfreetype6_2.8.1-1_amd64.deb ...
Unpacking libfreetype6:amd64 (2.8.1-1) ...
Selecting previously unselected package ucf.
Preparing to unpack .../03-ucf_3.0036_all.deb ...
Moving old data out of the way
Unpacking ucf (3.0036) ...
Selecting previously unselected package fonts-dejavu-core.
Preparing to unpack .../04-fonts-dejavu-core_2.37-1_all.deb ...
Unpacking fonts-dejavu-core (2.37-1) ...
Selecting previously unselected package fontconfig-config.
Preparing to unpack .../05-fontconfig-config_2.12.6-0.1_all.deb ...
Unpacking fontconfig-config (2.12.6-0.1) ...
Selecting previously unselected package libfontconfig1:amd64.
Preparing to unpack .../06-libfontconfig1_2.12.6-0.1_amd64.deb ...
Unpacking libfontconfig1:amd64 (2.12.6-0.1) ...
Selecting previously unselected package fontconfig.
Preparing to unpack .../07-fontconfig_2.12.6-0.1_amd64.deb ...
Unpacking fontconfig (2.12.6-0.1) ...
Selecting previously unselected package libpython3.6-minimal:amd64.
Preparing to unpack .../08-libpython3.6-minimal_3.6.4-3_amd64.deb ...
Unpacking libpython3.6-minimal:amd64 (3.6.4-3) ...
Selecting previously unselected package python3.6-minimal.
Preparing to unpack .../09-python3.6-minimal_3.6.4-3_amd64.deb ...
Unpacking python3.6-minimal (3.6.4-3) ...
Selecting previously unselected package python3-minimal.
Preparing to unpack .../10-python3-minimal_3.6.4-1_amd64.deb ...
Unpacking python3-minimal (3.6.4-1) ...
Selecting previously unselected package libmpdec2:amd64.
Preparing to unpack .../11-libmpdec2_2.4.2-1_amd64.deb ...
Unpacking libmpdec2:amd64 (2.4.2-1) ...
Selecting previously unselected package libpython3.6-stdlib:amd64.
Preparing to unpack .../12-libpython3.6-stdlib_3.6.4-3_amd64.deb ...
Unpacking libpython3.6-stdlib:amd64 (3.6.4-3) ...
Selecting previously unselected package python3-lib2to3.
Preparing to unpack .../13-python3-lib2to3_3.6.4-3_all.deb ...
Unpacking python3-lib2to3 (3.6.4-3) ...
Selecting previously unselected package python3-distutils.
Preparing to unpack .../14-python3-distutils_3.6.4-3_all.deb ...
Unpacking python3-distutils (3.6.4-3) ...
Selecting previously unselected package python3.6.
Preparing to unpack .../15-python3.6_3.6.4-3_amd64.deb ...
Unpacking python3.6 (3.6.4-3) ...
Selecting previously unselected package libpython3-stdlib:amd64.
Preparing to unpack .../16-libpython3-stdlib_3.6.4-1_amd64.deb ...
Unpacking libpython3-stdlib:amd64 (3.6.4-1) ...
Selecting previously unselected package dh-python.
Preparing to unpack .../17-dh-python_2.20170125_all.deb ...
Unpacking dh-python (2.20170125) ...
Setting up libssl1.1:amd64 (1.1.0g-2) ...
Setting up libpython3.6-minimal:amd64 (3.6.4-3) ...
Setting up libexpat1:amd64 (2.2.5-3) ...
Setting up python3.6-minimal (3.6.4-3) ...
Setting up python3-minimal (3.6.4-1) ...
Selecting previously unselected package python3.
(Reading database ... 13363 files and directories currently installed.)
Preparing to unpack .../000-python3_3.6.4-1_amd64.deb ...
Unpacking python3 (3.6.4-1) ...
Selecting previously unselected package libmagic-mgc.
Preparing to unpack .../001-libmagic-mgc_1%3a5.32-1_amd64.deb ...
Unpacking libmagic-mgc (1:5.32-1) ...
Selecting previously unselected package libmagic1:amd64.
Preparing to unpack .../002-libmagic1_1%3a5.32-1_amd64.deb ...
Unpacking libmagic1:amd64 (1:5.32-1) ...
Selecting previously unselected package file.
Preparing to unpack .../003-file_1%3a5.32-1_amd64.deb ...
Unpacking file (1:5.32-1) ...
Selecting previously unselected package gettext-base.
Preparing to unpack .../004-gettext-base_0.19.8.1-4_amd64.deb ...
Unpacking gettext-base (0.19.8.1-4) ...
Selecting previously unselected package libsigsegv2:amd64.
Preparing to unpack .../005-libsigsegv2_2.12-1_amd64.deb ...
Unpacking libsigsegv2:amd64 (2.12-1) ...
Selecting previously unselected package m4.
Preparing to unpack .../006-m4_1.4.18-1_amd64.deb ...
Unpacking m4 (1.4.18-1) ...
Selecting previously unselected package autoconf.
Preparing to unpack .../007-autoconf_2.69-11_all.deb ...
Unpacking autoconf (2.69-11) ...
Selecting previously unselected package autotools-dev.
Preparing to unpack .../008-autotools-dev_20171216.1_all.deb ...
Unpacking autotools-dev (20171216.1) ...
Selecting previously unselected package automake.
Preparing to unpack .../009-automake_1%3a1.15.1-3_all.deb ...
Unpacking automake (1:1.15.1-3) ...
Selecting previously unselected package autopoint.
Preparing to unpack .../010-autopoint_0.19.8.1-4_all.deb ...
Unpacking autopoint (0.19.8.1-4) ...
Selecting previously unselected package libtool.
Preparing to unpack .../011-libtool_2.4.6-2_all.deb ...
Unpacking libtool (2.4.6-2) ...
Selecting previously unselected package dh-autoreconf.
Preparing to unpack .../012-dh-autoreconf_16_all.deb ...
Unpacking dh-autoreconf (16) ...
Selecting previously unselected package libarchive-zip-perl.
Preparing to unpack .../013-libarchive-zip-perl_1.60-1_all.deb ...
Unpacking libarchive-zip-perl (1.60-1) ...
Selecting previously unselected package libfile-stripnondeterminism-perl.
Preparing to unpack .../014-libfile-stripnondeterminism-perl_0.040-1_all.deb ...
Unpacking libfile-stripnondeterminism-perl (0.040-1) ...
Selecting previously unselected package libtimedate-perl.
Preparing to unpack .../015-libtimedate-perl_2.3000-2_all.deb ...
Unpacking libtimedate-perl (2.3000-2) ...
Selecting previously unselected package dh-strip-nondeterminism.
Preparing to unpack .../016-dh-strip-nondeterminism_0.040-1_all.deb ...
Unpacking dh-strip-nondeterminism (0.040-1) ...
Selecting previously unselected package libglib2.0-0:amd64.
Preparing to unpack .../017-libglib2.0-0_2.54.3-2_amd64.deb ...
Unpacking libglib2.0-0:amd64 (2.54.3-2) ...
Selecting previously unselected package libicu57:amd64.
Preparing to unpack .../018-libicu57_57.1-8_amd64.deb ...
Unpacking libicu57:amd64 (57.1-8) ...
Selecting previously unselected package libxml2:amd64.
Preparing to unpack .../019-libxml2_2.9.4+dfsg1-6.1_amd64.deb ...
Unpacking libxml2:amd64 (2.9.4+dfsg1-6.1) ...
Selecting previously unselected package libcroco3:amd64.
Preparing to unpack .../020-libcroco3_0.6.12-2_amd64.deb ...
Unpacking libcroco3:amd64 (0.6.12-2) ...
Selecting previously unselected package gettext.
Preparing to unpack .../021-gettext_0.19.8.1-4_amd64.deb ...
Unpacking gettext (0.19.8.1-4) ...
Selecting previously unselected package intltool-debian.
Preparing to unpack .../022-intltool-debian_0.35.0+20060710.4_all.deb ...
Unpacking intltool-debian (0.35.0+20060710.4) ...
Selecting previously unselected package po-debconf.
Preparing to unpack .../023-po-debconf_1.0.20_all.deb ...
Unpacking po-debconf (1.0.20) ...
Selecting previously unselected package debhelper.
Preparing to unpack .../024-debhelper_11.1.4_all.deb ...
Unpacking debhelper (11.1.4) ...
Selecting previously unselected package libllvm5.0:amd64.
Preparing to unpack .../025-libllvm5.0_1%3a5.0.1-2_amd64.deb ...
Unpacking libllvm5.0:amd64 (1:5.0.1-2) ...
Selecting previously unselected package libclang1-5.0:amd64.
Preparing to unpack .../026-libclang1-5.0_1%3a5.0.1-2_amd64.deb ...
Unpacking libclang1-5.0:amd64 (1:5.0.1-2) ...
Selecting previously unselected package libxapian30:amd64.
Preparing to unpack .../027-libxapian30_1.4.5-1_amd64.deb ...
Unpacking libxapian30:amd64 (1.4.5-1) ...
Selecting previously unselected package doxygen.
Preparing to unpack .../028-doxygen_1.8.13-9_amd64.deb ...
Unpacking doxygen (1.8.13-9) ...
Selecting previously unselected package libann0.
Preparing to unpack .../029-libann0_1.1.2+doc-6_amd64.deb ...
Unpacking libann0 (1.1.2+doc-6) ...
Selecting previously unselected package libcdt5.
Preparing to unpack .../030-libcdt5_2.38.0-19_amd64.deb ...
Unpacking libcdt5 (2.38.0-19) ...
Selecting previously unselected package libcgraph6.
Preparing to unpack .../031-libcgraph6_2.38.0-19_amd64.deb ...
Unpacking libcgraph6 (2.38.0-19) ...
Selecting previously unselected package libjpeg62-turbo:amd64.
Preparing to unpack .../032-libjpeg62-turbo_1%3a1.5.2-2+b1_amd64.deb ...
Unpacking libjpeg62-turbo:amd64 (1:1.5.2-2+b1) ...
Selecting previously unselected package libjbig0:amd64.
Preparing to unpack .../033-libjbig0_2.1-3.1+b2_amd64.deb ...
Unpacking libjbig0:amd64 (2.1-3.1+b2) ...
Selecting previously unselected package libtiff5:amd64.
Preparing to unpack .../034-libtiff5_4.0.9-3_amd64.deb ...
Unpacking libtiff5:amd64 (4.0.9-3) ...
Selecting previously unselected package libwebp6:amd64.
Preparing to unpack .../035-libwebp6_0.6.0-4_amd64.deb ...
Unpacking libwebp6:amd64 (0.6.0-4) ...
Selecting previously unselected package libxau6:amd64.
Preparing to unpack .../036-libxau6_1%3a1.0.8-1+b2_amd64.deb ...
Unpacking libxau6:amd64 (1:1.0.8-1+b2) ...
Selecting previously unselected package libxdmcp6:amd64.
Preparing to unpack .../037-libxdmcp6_1%3a1.1.2-3_amd64.deb ...
Unpacking libxdmcp6:amd64 (1:1.1.2-3) ...
Selecting previously unselected package libxcb1:amd64.
Preparing to unpack .../038-libxcb1_1.12-1_amd64.deb ...
Unpacking libxcb1:amd64 (1.12-1) ...
Selecting previously unselected package libx11-data.
Preparing to unpack .../039-libx11-data_2%3a1.6.4-3_all.deb ...
Unpacking libx11-data (2:1.6.4-3) ...
Selecting previously unselected package libx11-6:amd64.
Preparing to unpack .../040-libx11-6_2%3a1.6.4-3_amd64.deb ...
Unpacking libx11-6:amd64 (2:1.6.4-3) ...
Selecting previously unselected package libxpm4:amd64.
Preparing to unpack .../041-libxpm4_1%3a3.5.12-1_amd64.deb ...
Unpacking libxpm4:amd64 (1:3.5.12-1) ...
Selecting previously unselected package libgd3:amd64.
Preparing to unpack .../042-libgd3_2.2.5-4_amd64.deb ...
Unpacking libgd3:amd64 (2.2.5-4) ...
Selecting previously unselected package libgts-0.7-5:amd64.
Preparing to unpack .../043-libgts-0.7-5_0.7.6+darcs121130-4_amd64.deb ...
Unpacking libgts-0.7-5:amd64 (0.7.6+darcs121130-4) ...
Selecting previously unselected package libpixman-1-0:amd64.
Preparing to unpack .../044-libpixman-1-0_0.34.0-2_amd64.deb ...
Unpacking libpixman-1-0:amd64 (0.34.0-2) ...
Selecting previously unselected package libxcb-render0:amd64.
Preparing to unpack .../045-libxcb-render0_1.12-1_amd64.deb ...
Unpacking libxcb-render0:amd64 (1.12-1) ...
Selecting previously unselected package libxcb-shm0:amd64.
Preparing to unpack .../046-libxcb-shm0_1.12-1_amd64.deb ...
Unpacking libxcb-shm0:amd64 (1.12-1) ...
Selecting previously unselected package libxext6:amd64.
Preparing to unpack .../047-libxext6_2%3a1.3.3-1+b2_amd64.deb ...
Unpacking libxext6:amd64 (2:1.3.3-1+b2) ...
Selecting previously unselected package libxrender1:amd64.
Preparing to unpack .../048-libxrender1_1%3a0.9.10-1_amd64.deb ...
Unpacking libxrender1:amd64 (1:0.9.10-1) ...
Selecting previously unselected package libcairo2:amd64.
Preparing to unpack .../049-libcairo2_1.15.10-1_amd64.deb ...
Unpacking libcairo2:amd64 (1.15.10-1) ...
Selecting previously unselected package libltdl7:amd64.
Preparing to unpack .../050-libltdl7_2.4.6-2_amd64.deb ...
Unpacking libltdl7:amd64 (2.4.6-2) ...
Selecting previously unselected package libthai-data.
Preparing to unpack .../051-libthai-data_0.1.27-1_all.deb ...
Unpacking libthai-data (0.1.27-1) ...
Selecting previously unselected package libdatrie1:amd64.
Preparing to unpack .../052-libdatrie1_0.2.10-6_amd64.deb ...
Unpacking libdatrie1:amd64 (0.2.10-6) ...
Selecting previously unselected package libthai0:amd64.
Preparing to unpack .../053-libthai0_0.1.27-1_amd64.deb ...
Unpacking libthai0:amd64 (0.1.27-1) ...
Selecting previously unselected package libpango-1.0-0:amd64.
Preparing to unpack .../054-libpango-1.0-0_1.40.14-1_amd64.deb ...
Unpacking libpango-1.0-0:amd64 (1.40.14-1) ...
Selecting previously unselected package libgraphite2-3:amd64.
Preparing to unpack .../055-libgraphite2-3_1.3.10-8_amd64.deb ...
Unpacking libgraphite2-3:amd64 (1.3.10-8) ...
Selecting previously unselected package libharfbuzz0b:amd64.
Preparing to unpack .../056-libharfbuzz0b_1.7.2-1_amd64.deb ...
Unpacking libharfbuzz0b:amd64 (1.7.2-1) ...
Selecting previously unselected package libpangoft2-1.0-0:amd64.
Preparing to unpack .../057-libpangoft2-1.0-0_1.40.14-1_amd64.deb ...
Unpacking libpangoft2-1.0-0:amd64 (1.40.14-1) ...
Selecting previously unselected package libpangocairo-1.0-0:amd64.
Preparing to unpack .../058-libpangocairo-1.0-0_1.40.14-1_amd64.deb ...
Unpacking libpangocairo-1.0-0:amd64 (1.40.14-1) ...
Selecting previously unselected package libpathplan4.
Preparing to unpack .../059-libpathplan4_2.38.0-19_amd64.deb ...
Unpacking libpathplan4 (2.38.0-19) ...
Selecting previously unselected package libxdot4.
Preparing to unpack .../060-libxdot4_2.38.0-19_amd64.deb ...
Unpacking libxdot4 (2.38.0-19) ...
Selecting previously unselected package libgvc6.
Preparing to unpack .../061-libgvc6_2.38.0-19_amd64.deb ...
Unpacking libgvc6 (2.38.0-19) ...
Selecting previously unselected package libgvpr2.
Preparing to unpack .../062-libgvpr2_2.38.0-19_amd64.deb ...
Unpacking libgvpr2 (2.38.0-19) ...
Selecting previously unselected package lsb-base.
Preparing to unpack .../063-lsb-base_9.20170808_all.deb ...
Unpacking lsb-base (9.20170808) ...
Selecting previously unselected package x11-common.
Preparing to unpack .../064-x11-common_1%3a7.7+19_all.deb ...
Unpacking x11-common (1:7.7+19) ...
Selecting previously unselected package libice6:amd64.
Preparing to unpack .../065-libice6_2%3a1.0.9-2_amd64.deb ...
Unpacking libice6:amd64 (2:1.0.9-2) ...
Selecting previously unselected package libsm6:amd64.
Preparing to unpack .../066-libsm6_2%3a1.2.2-1+b3_amd64.deb ...
Unpacking libsm6:amd64 (2:1.2.2-1+b3) ...
Selecting previously unselected package libxt6:amd64.
Preparing to unpack .../067-libxt6_1%3a1.1.5-1_amd64.deb ...
Unpacking libxt6:amd64 (1:1.1.5-1) ...
Selecting previously unselected package libxmu6:amd64.
Preparing to unpack .../068-libxmu6_2%3a1.1.2-2_amd64.deb ...
Unpacking libxmu6:amd64 (2:1.1.2-2) ...
Selecting previously unselected package libxaw7:amd64.
Preparing to unpack .../069-libxaw7_2%3a1.0.13-1+b2_amd64.deb ...
Unpacking libxaw7:amd64 (2:1.0.13-1+b2) ...
Selecting previously unselected package graphviz.
Preparing to unpack .../070-graphviz_2.38.0-19_amd64.deb ...
Unpacking graphviz (2.38.0-19) ...
Selecting previously unselected package libnl-3-200:amd64.
Preparing to unpack .../071-libnl-3-200_3.2.27-2_amd64.deb ...
Unpacking libnl-3-200:amd64 (3.2.27-2) ...
Selecting previously unselected package libnl-route-3-200:amd64.
Preparing to unpack .../072-libnl-route-3-200_3.2.27-2_amd64.deb ...
Unpacking libnl-route-3-200:amd64 (3.2.27-2) ...
Selecting previously unselected package libibverbs1:amd64.
Preparing to unpack .../073-libibverbs1_16.1-2_amd64.deb ...
Unpacking libibverbs1:amd64 (16.1-2) ...
Selecting previously unselected package ibverbs-providers:amd64.
Preparing to unpack .../074-ibverbs-providers_16.1-2_amd64.deb ...
Unpacking ibverbs-providers:amd64 (16.1-2) ...
Selecting previously unselected package icu-devtools.
Preparing to unpack .../075-icu-devtools_57.1-8_amd64.deb ...
Unpacking icu-devtools (57.1-8) ...
Selecting previously unselected package libboost1.62-dev:amd64.
Preparing to unpack .../076-libboost1.62-dev_1.62.0+dfsg-5_amd64.deb ...
Unpacking libboost1.62-dev:amd64 (1.62.0+dfsg-5) ...
Selecting previously unselected package libboost-dev:amd64.
Preparing to unpack .../077-libboost-dev_1.62.0.1_amd64.deb ...
Unpacking libboost-dev:amd64 (1.62.0.1) ...
Selecting previously unselected package libboost1.62-tools-dev.
Preparing to unpack .../078-libboost1.62-tools-dev_1.62.0+dfsg-5_amd64.deb ...
Unpacking libboost1.62-tools-dev (1.62.0+dfsg-5) ...
Selecting previously unselected package libboost-tools-dev.
Preparing to unpack .../079-libboost-tools-dev_1.62.0.1_amd64.deb ...
Unpacking libboost-tools-dev (1.62.0.1) ...
Selecting previously unselected package libboost-atomic1.62.0:amd64.
Preparing to unpack .../080-libboost-atomic1.62.0_1.62.0+dfsg-5_amd64.deb ...
Unpacking libboost-atomic1.62.0:amd64 (1.62.0+dfsg-5) ...
Selecting previously unselected package libboost-atomic1.62-dev:amd64.
Preparing to unpack .../081-libboost-atomic1.62-dev_1.62.0+dfsg-5_amd64.deb ...
Unpacking libboost-atomic1.62-dev:amd64 (1.62.0+dfsg-5) ...
Selecting previously unselected package libboost-atomic-dev:amd64.
Preparing to unpack .../082-libboost-atomic-dev_1.62.0.1_amd64.deb ...
Unpacking libboost-atomic-dev:amd64 (1.62.0.1) ...
Selecting previously unselected package libboost-system1.62.0:amd64.
Preparing to unpack .../083-libboost-system1.62.0_1.62.0+dfsg-5_amd64.deb ...
Unpacking libboost-system1.62.0:amd64 (1.62.0+dfsg-5) ...
Selecting previously unselected package libboost-chrono1.62.0:amd64.
Preparing to unpack .../084-libboost-chrono1.62.0_1.62.0+dfsg-5_amd64.deb ...
Unpacking libboost-chrono1.62.0:amd64 (1.62.0+dfsg-5) ...
Selecting previously unselected package libboost-chrono1.62-dev:amd64.
Preparing to unpack .../085-libboost-chrono1.62-dev_1.62.0+dfsg-5_amd64.deb ...
Unpacking libboost-chrono1.62-dev:amd64 (1.62.0+dfsg-5) ...
Selecting previously unselected package libboost-chrono-dev:amd64.
Preparing to unpack .../086-libboost-chrono-dev_1.62.0.1_amd64.deb ...
Unpacking libboost-chrono-dev:amd64 (1.62.0.1) ...
Selecting previously unselected package libboost-context1.62.0:amd64.
Preparing to unpack .../087-libboost-context1.62.0_1.62.0+dfsg-5_amd64.deb ...
Unpacking libboost-context1.62.0:amd64 (1.62.0+dfsg-5) ...
Selecting previously unselected package libboost-context1.62-dev:amd64.
Preparing to unpack .../088-libboost-context1.62-dev_1.62.0+dfsg-5_amd64.deb ...
Unpacking libboost-context1.62-dev:amd64 (1.62.0+dfsg-5) ...
Selecting previously unselected package libboost-context-dev:amd64.
Preparing to unpack .../089-libboost-context-dev_1.62.0.1_amd64.deb ...
Unpacking libboost-context-dev:amd64 (1.62.0.1) ...
Selecting previously unselected package libboost-thread1.62.0:amd64.
Preparing to unpack .../090-libboost-thread1.62.0_1.62.0+dfsg-5_amd64.deb ...
Unpacking libboost-thread1.62.0:amd64 (1.62.0+dfsg-5) ...
Selecting previously unselected package libboost-coroutine1.62.0:amd64.
Preparing to unpack .../091-libboost-coroutine1.62.0_1.62.0+dfsg-5_amd64.deb ...
Unpacking libboost-coroutine1.62.0:amd64 (1.62.0+dfsg-5) ...
Selecting previously unselected package libboost-coroutine1.62-dev:amd64.
Preparing to unpack .../092-libboost-coroutine1.62-dev_1.62.0+dfsg-5_amd64.deb ...
Unpacking libboost-coroutine1.62-dev:amd64 (1.62.0+dfsg-5) ...
Selecting previously unselected package libboost-coroutine-dev:amd64.
Preparing to unpack .../093-libboost-coroutine-dev_1.62.0.1_amd64.deb ...
Unpacking libboost-coroutine-dev:amd64 (1.62.0.1) ...
Selecting previously unselected package libboost-date-time1.62.0:amd64.
Preparing to unpack .../094-libboost-date-time1.62.0_1.62.0+dfsg-5_amd64.deb ...
Unpacking libboost-date-time1.62.0:amd64 (1.62.0+dfsg-5) ...
Selecting previously unselected package libboost-serialization1.62.0:amd64.
Preparing to unpack .../095-libboost-serialization1.62.0_1.62.0+dfsg-5_amd64.deb ...
Unpacking libboost-serialization1.62.0:amd64 (1.62.0+dfsg-5) ...
Selecting previously unselected package libboost-serialization1.62-dev:amd64.
Preparing to unpack .../096-libboost-serialization1.62-dev_1.62.0+dfsg-5_amd64.deb ...
Unpacking libboost-serialization1.62-dev:amd64 (1.62.0+dfsg-5) ...
Selecting previously unselected package libboost-date-time1.62-dev:amd64.
Preparing to unpack .../097-libboost-date-time1.62-dev_1.62.0+dfsg-5_amd64.deb ...
Unpacking libboost-date-time1.62-dev:amd64 (1.62.0+dfsg-5) ...
Selecting previously unselected package libboost-date-time-dev:amd64.
Preparing to unpack .../098-libboost-date-time-dev_1.62.0.1_amd64.deb ...
Unpacking libboost-date-time-dev:amd64 (1.62.0.1) ...
Selecting previously unselected package libboost-exception1.62-dev:amd64.
Preparing to unpack .../099-libboost-exception1.62-dev_1.62.0+dfsg-5_amd64.deb ...
Unpacking libboost-exception1.62-dev:amd64 (1.62.0+dfsg-5) ...
Selecting previously unselected package libboost-exception-dev:amd64.
Preparing to unpack .../100-libboost-exception-dev_1.62.0.1_amd64.deb ...
Unpacking libboost-exception-dev:amd64 (1.62.0.1) ...
Selecting previously unselected package libboost-fiber1.62.0:amd64.
Preparing to unpack .../101-libboost-fiber1.62.0_1.62.0+dfsg-5_amd64.deb ...
Unpacking libboost-fiber1.62.0:amd64 (1.62.0+dfsg-5) ...
Selecting previously unselected package libboost-fiber1.62-dev:amd64.
Preparing to unpack .../102-libboost-fiber1.62-dev_1.62.0+dfsg-5_amd64.deb ...
Unpacking libboost-fiber1.62-dev:amd64 (1.62.0+dfsg-5) ...
Selecting previously unselected package libboost-fiber-dev:amd64.
Preparing to unpack .../103-libboost-fiber-dev_1.62.0.1_amd64.deb ...
Unpacking libboost-fiber-dev:amd64 (1.62.0.1) ...
Selecting previously unselected package libboost-filesystem1.62.0:amd64.
Preparing to unpack .../104-libboost-filesystem1.62.0_1.62.0+dfsg-5_amd64.deb ...
Unpacking libboost-filesystem1.62.0:amd64 (1.62.0+dfsg-5) ...
Selecting previously unselected package libboost-system1.62-dev:amd64.
Preparing to unpack .../105-libboost-system1.62-dev_1.62.0+dfsg-5_amd64.deb ...
Unpacking libboost-system1.62-dev:amd64 (1.62.0+dfsg-5) ...
Selecting previously unselected package libboost-filesystem1.62-dev:amd64.
Preparing to unpack .../106-libboost-filesystem1.62-dev_1.62.0+dfsg-5_amd64.deb ...
Unpacking libboost-filesystem1.62-dev:amd64 (1.62.0+dfsg-5) ...
Selecting previously unselected package libboost-filesystem-dev:amd64.
Preparing to unpack .../107-libboost-filesystem-dev_1.62.0.1_amd64.deb ...
Unpacking libboost-filesystem-dev:amd64 (1.62.0.1) ...
Selecting previously unselected package libboost-regex1.62.0:amd64.
Preparing to unpack .../108-libboost-regex1.62.0_1.62.0+dfsg-5_amd64.deb ...
Unpacking libboost-regex1.62.0:amd64 (1.62.0+dfsg-5) ...
Selecting previously unselected package libboost-graph1.62.0:amd64.
Preparing to unpack .../109-libboost-graph1.62.0_1.62.0+dfsg-5_amd64.deb ...
Unpacking libboost-graph1.62.0:amd64 (1.62.0+dfsg-5) ...
Selecting previously unselected package libboost-timer1.62.0:amd64.
Preparing to unpack .../110-libboost-timer1.62.0_1.62.0+dfsg-5_amd64.deb ...
Unpacking libboost-timer1.62.0:amd64 (1.62.0+dfsg-5) ...
Selecting previously unselected package libboost-test1.62.0:amd64.
Preparing to unpack .../111-libboost-test1.62.0_1.62.0+dfsg-5_amd64.deb ...
Unpacking libboost-test1.62.0:amd64 (1.62.0+dfsg-5) ...
Selecting previously unselected package libboost-test1.62-dev:amd64.
Preparing to unpack .../112-libboost-test1.62-dev_1.62.0+dfsg-5_amd64.deb ...
Unpacking libboost-test1.62-dev:amd64 (1.62.0+dfsg-5) ...
Selecting previously unselected package libboost-graph1.62-dev:amd64.
Preparing to unpack .../113-libboost-graph1.62-dev_1.62.0+dfsg-5_amd64.deb ...
Unpacking libboost-graph1.62-dev:amd64 (1.62.0+dfsg-5) ...
Selecting previously unselected package libboost-graph-dev:amd64.
Preparing to unpack .../114-libboost-graph-dev_1.62.0.1_amd64.deb ...
Unpacking libboost-graph-dev:amd64 (1.62.0.1) ...
Selecting previously unselected package libpsm-infinipath1.
Preparing to unpack .../115-libpsm-infinipath1_3.3+20.604758e7-5_amd64.deb ...
Unpacking libpsm-infinipath1 (3.3+20.604758e7-5) ...
Selecting previously unselected package librdmacm1:amd64.
Preparing to unpack .../116-librdmacm1_16.1-2_amd64.deb ...
Unpacking librdmacm1:amd64 (16.1-2) ...
Selecting previously unselected package libfabric1.
Preparing to unpack .../117-libfabric1_1.5.3-1_amd64.deb ...
Unpacking libfabric1 (1.5.3-1) ...
Selecting previously unselected package libgfortran4:amd64.
Preparing to unpack .../118-libgfortran4_7.3.0-1_amd64.deb ...
Unpacking libgfortran4:amd64 (7.3.0-1) ...
Selecting previously unselected package libnuma1:amd64.
Preparing to unpack .../119-libnuma1_2.0.11-2.1_amd64.deb ...
Unpacking libnuma1:amd64 (2.0.11-2.1) ...
Selecting previously unselected package libhwloc5:amd64.
Preparing to unpack .../120-libhwloc5_1.11.9-1_amd64.deb ...
Unpacking libhwloc5:amd64 (1.11.9-1) ...
Selecting previously unselected package libpciaccess0:amd64.
Preparing to unpack .../121-libpciaccess0_0.13.4-1+b2_amd64.deb ...
Unpacking libpciaccess0:amd64 (0.13.4-1+b2) ...
Selecting previously unselected package ocl-icd-libopencl1:amd64.
Preparing to unpack .../122-ocl-icd-libopencl1_2.2.12-1_amd64.deb ...
Unpacking ocl-icd-libopencl1:amd64 (2.2.12-1) ...
Selecting previously unselected package libhwloc-plugins.
Preparing to unpack .../123-libhwloc-plugins_1.11.9-1_amd64.deb ...
Unpacking libhwloc-plugins (1.11.9-1) ...
Selecting previously unselected package libopenmpi2:amd64.
Preparing to unpack .../124-libopenmpi2_2.1.1-8_amd64.deb ...
Unpacking libopenmpi2:amd64 (2.1.1-8) ...
Selecting previously unselected package libboost-mpi1.62.0.
Preparing to unpack .../125-libboost-mpi1.62.0_1.62.0+dfsg-5_amd64.deb ...
Unpacking libboost-mpi1.62.0 (1.62.0+dfsg-5) ...
Selecting previously unselected package libboost-graph-parallel1.62.0.
Preparing to unpack .../126-libboost-graph-parallel1.62.0_1.62.0+dfsg-5_amd64.deb ...
Unpacking libboost-graph-parallel1.62.0 (1.62.0+dfsg-5) ...
Selecting previously unselected package libboost-graph-parallel1.62-dev.
Preparing to unpack .../127-libboost-graph-parallel1.62-dev_1.62.0+dfsg-5_amd64.deb ...
Unpacking libboost-graph-parallel1.62-dev (1.62.0+dfsg-5) ...
Selecting previously unselected package libboost-graph-parallel-dev.
Preparing to unpack .../128-libboost-graph-parallel-dev_1.62.0.1_amd64.deb ...
Unpacking libboost-graph-parallel-dev (1.62.0.1) ...
Selecting previously unselected package libicu-dev.
Preparing to unpack .../129-libicu-dev_57.1-8_amd64.deb ...
Unpacking libicu-dev (57.1-8) ...
Selecting previously unselected package libboost-regex1.62-dev:amd64.
Preparing to unpack .../130-libboost-regex1.62-dev_1.62.0+dfsg-5_amd64.deb ...
Unpacking libboost-regex1.62-dev:amd64 (1.62.0+dfsg-5) ...
Selecting previously unselected package libboost-iostreams1.62.0:amd64.
Preparing to unpack .../131-libboost-iostreams1.62.0_1.62.0+dfsg-5_amd64.deb ...
Unpacking libboost-iostreams1.62.0:amd64 (1.62.0+dfsg-5) ...
Selecting previously unselected package libboost-iostreams1.62-dev:amd64.
Preparing to unpack .../132-libboost-iostreams1.62-dev_1.62.0+dfsg-5_amd64.deb ...
Unpacking libboost-iostreams1.62-dev:amd64 (1.62.0+dfsg-5) ...
Selecting previously unselected package libboost-iostreams-dev:amd64.
Preparing to unpack .../133-libboost-iostreams-dev_1.62.0.1_amd64.deb ...
Unpacking libboost-iostreams-dev:amd64 (1.62.0.1) ...
Selecting previously unselected package libboost-locale1.62.0:amd64.
Preparing to unpack .../134-libboost-locale1.62.0_1.62.0+dfsg-5_amd64.deb ...
Unpacking libboost-locale1.62.0:amd64 (1.62.0+dfsg-5) ...
Selecting previously unselected package libboost-locale1.62-dev:amd64.
Preparing to unpack .../135-libboost-locale1.62-dev_1.62.0+dfsg-5_amd64.deb ...
Unpacking libboost-locale1.62-dev:amd64 (1.62.0+dfsg-5) ...
Selecting previously unselected package libboost-locale-dev:amd64.
Preparing to unpack .../136-libboost-locale-dev_1.62.0.1_amd64.deb ...
Unpacking libboost-locale-dev:amd64 (1.62.0.1) ...
Selecting previously unselected package libboost-log1.62.0.
Preparing to unpack .../137-libboost-log1.62.0_1.62.0+dfsg-5_amd64.deb ...
Unpacking libboost-log1.62.0 (1.62.0+dfsg-5) ...
Selecting previously unselected package libboost-thread1.62-dev:amd64.
Preparing to unpack .../138-libboost-thread1.62-dev_1.62.0+dfsg-5_amd64.deb ...
Unpacking libboost-thread1.62-dev:amd64 (1.62.0+dfsg-5) ...
Selecting previously unselected package libboost-log1.62-dev.
Preparing to unpack .../139-libboost-log1.62-dev_1.62.0+dfsg-5_amd64.deb ...
Unpacking libboost-log1.62-dev (1.62.0+dfsg-5) ...
Selecting previously unselected package libboost-log-dev.
Preparing to unpack .../140-libboost-log-dev_1.62.0.1_amd64.deb ...
Unpacking libboost-log-dev (1.62.0.1) ...
Selecting previously unselected package libboost-math1.62.0:amd64.
Preparing to unpack .../141-libboost-math1.62.0_1.62.0+dfsg-5_amd64.deb ...
Unpacking libboost-math1.62.0:amd64 (1.62.0+dfsg-5) ...
Selecting previously unselected package libboost-math1.62-dev:amd64.
Preparing to unpack .../142-libboost-math1.62-dev_1.62.0+dfsg-5_amd64.deb ...
Unpacking libboost-math1.62-dev:amd64 (1.62.0+dfsg-5) ...
Selecting previously unselected package libboost-math-dev:amd64.
Preparing to unpack .../143-libboost-math-dev_1.62.0.1_amd64.deb ...
Unpacking libboost-math-dev:amd64 (1.62.0.1) ...
Selecting previously unselected package openmpi-common.
Preparing to unpack .../144-openmpi-common_2.1.1-8_all.deb ...
Unpacking openmpi-common (2.1.1-8) ...
Selecting previously unselected package libibverbs-dev:amd64.
Preparing to unpack .../145-libibverbs-dev_16.1-2_amd64.deb ...
Unpacking libibverbs-dev:amd64 (16.1-2) ...
Selecting previously unselected package libnuma-dev:amd64.
Preparing to unpack .../146-libnuma-dev_2.0.11-2.1_amd64.deb ...
Unpacking libnuma-dev:amd64 (2.0.11-2.1) ...
Selecting previously unselected package libltdl-dev:amd64.
Preparing to unpack .../147-libltdl-dev_2.4.6-2_amd64.deb ...
Unpacking libltdl-dev:amd64 (2.4.6-2) ...
Selecting previously unselected package libhwloc-dev:amd64.
Preparing to unpack .../148-libhwloc-dev_1.11.9-1_amd64.deb ...
Unpacking libhwloc-dev:amd64 (1.11.9-1) ...
Selecting previously unselected package libopenmpi-dev.
Preparing to unpack .../149-libopenmpi-dev_2.1.1-8_amd64.deb ...
Unpacking libopenmpi-dev (2.1.1-8) ...
Selecting previously unselected package mpi-default-dev.
Preparing to unpack .../150-mpi-default-dev_1.10_amd64.deb ...
Unpacking mpi-default-dev (1.10) ...
Selecting previously unselected package libboost-mpi1.62-dev.
Preparing to unpack .../151-libboost-mpi1.62-dev_1.62.0+dfsg-5_amd64.deb ...
Unpacking libboost-mpi1.62-dev (1.62.0+dfsg-5) ...
Selecting previously unselected package libboost-mpi-dev.
Preparing to unpack .../152-libboost-mpi-dev_1.62.0.1_amd64.deb ...
Unpacking libboost-mpi-dev (1.62.0.1) ...
Selecting previously unselected package libboost-python1.62.0.
Preparing to unpack .../153-libboost-python1.62.0_1.62.0+dfsg-5_amd64.deb ...
Unpacking libboost-python1.62.0 (1.62.0+dfsg-5) ...
Selecting previously unselected package openmpi-bin.
Preparing to unpack .../154-openmpi-bin_2.1.1-8_amd64.deb ...
Unpacking openmpi-bin (2.1.1-8) ...
Selecting previously unselected package mpi-default-bin.
Preparing to unpack .../155-mpi-default-bin_1.10_amd64.deb ...
Unpacking mpi-default-bin (1.10) ...
Selecting previously unselected package libboost-mpi-python1.62.0.
Preparing to unpack .../156-libboost-mpi-python1.62.0_1.62.0+dfsg-5_amd64.deb ...
Unpacking libboost-mpi-python1.62.0 (1.62.0+dfsg-5) ...
Selecting previously unselected package libboost-mpi-python1.62-dev.
Preparing to unpack .../157-libboost-mpi-python1.62-dev_1.62.0+dfsg-5_amd64.deb ...
Unpacking libboost-mpi-python1.62-dev (1.62.0+dfsg-5) ...
Selecting previously unselected package libboost-mpi-python-dev.
Preparing to unpack .../158-libboost-mpi-python-dev_1.62.0.1_amd64.deb ...
Unpacking libboost-mpi-python-dev (1.62.0.1) ...
Selecting previously unselected package libboost-program-options1.62.0:amd64.
Preparing to unpack .../159-libboost-program-options1.62.0_1.62.0+dfsg-5_amd64.deb ...
Unpacking libboost-program-options1.62.0:amd64 (1.62.0+dfsg-5) ...
Selecting previously unselected package libboost-program-options1.62-dev:amd64.
Preparing to unpack .../160-libboost-program-options1.62-dev_1.62.0+dfsg-5_amd64.deb ...
Unpacking libboost-program-options1.62-dev:amd64 (1.62.0+dfsg-5) ...
Selecting previously unselected package libboost-program-options-dev:amd64.
Preparing to unpack .../161-libboost-program-options-dev_1.62.0.1_amd64.deb ...
Unpacking libboost-program-options-dev:amd64 (1.62.0.1) ...
Selecting previously unselected package libpython2.7:amd64.
Preparing to unpack .../162-libpython2.7_2.7.14-6_amd64.deb ...
Unpacking libpython2.7:amd64 (2.7.14-6) ...
Selecting previously unselected package libexpat1-dev:amd64.
Preparing to unpack .../163-libexpat1-dev_2.2.5-3_amd64.deb ...
Unpacking libexpat1-dev:amd64 (2.2.5-3) ...
Selecting previously unselected package libpython2.7-dev:amd64.
Preparing to unpack .../164-libpython2.7-dev_2.7.14-6_amd64.deb ...
Unpacking libpython2.7-dev:amd64 (2.7.14-6) ...
Selecting previously unselected package libpython-dev:amd64.
Preparing to unpack .../165-libpython-dev_2.7.14-4_amd64.deb ...
Unpacking libpython-dev:amd64 (2.7.14-4) ...
Selecting previously unselected package python2.7-dev.
Preparing to unpack .../166-python2.7-dev_2.7.14-6_amd64.deb ...
Unpacking python2.7-dev (2.7.14-6) ...
Selecting previously unselected package python-dev.
Preparing to unpack .../167-python-dev_2.7.14-4_amd64.deb ...
Unpacking python-dev (2.7.14-4) ...
Selecting previously unselected package libpython3.6:amd64.
Preparing to unpack .../168-libpython3.6_3.6.4-3_amd64.deb ...
Unpacking libpython3.6:amd64 (3.6.4-3) ...
Selecting previously unselected package libpython3.6-dev:amd64.
Preparing to unpack .../169-libpython3.6-dev_3.6.4-3_amd64.deb ...
Unpacking libpython3.6-dev:amd64 (3.6.4-3) ...
Selecting previously unselected package libpython3-dev:amd64.
Preparing to unpack .../170-libpython3-dev_3.6.4-1_amd64.deb ...
Unpacking libpython3-dev:amd64 (3.6.4-1) ...
Selecting previously unselected package python3.6-dev.
Preparing to unpack .../171-python3.6-dev_3.6.4-3_amd64.deb ...
Unpacking python3.6-dev (3.6.4-3) ...
Selecting previously unselected package python3-dev.
Preparing to unpack .../172-python3-dev_3.6.4-1_amd64.deb ...
Unpacking python3-dev (3.6.4-1) ...
Selecting previously unselected package libboost-python1.62-dev.
Preparing to unpack .../173-libboost-python1.62-dev_1.62.0+dfsg-5_amd64.deb ...
Unpacking libboost-python1.62-dev (1.62.0+dfsg-5) ...
Selecting previously unselected package libboost-python-dev.
Preparing to unpack .../174-libboost-python-dev_1.62.0.1_amd64.deb ...
Unpacking libboost-python-dev (1.62.0.1) ...
Selecting previously unselected package libboost-random1.62.0:amd64.
Preparing to unpack .../175-libboost-random1.62.0_1.62.0+dfsg-5_amd64.deb ...
Unpacking libboost-random1.62.0:amd64 (1.62.0+dfsg-5) ...
Selecting previously unselected package libboost-random1.62-dev:amd64.
Preparing to unpack .../176-libboost-random1.62-dev_1.62.0+dfsg-5_amd64.deb ...
Unpacking libboost-random1.62-dev:amd64 (1.62.0+dfsg-5) ...
Selecting previously unselected package libboost-random-dev:amd64.
Preparing to unpack .../177-libboost-random-dev_1.62.0.1_amd64.deb ...
Unpacking libboost-random-dev:amd64 (1.62.0.1) ...
Selecting previously unselected package libboost-regex-dev:amd64.
Preparing to unpack .../178-libboost-regex-dev_1.62.0.1_amd64.deb ...
Unpacking libboost-regex-dev:amd64 (1.62.0.1) ...
Selecting previously unselected package libboost-serialization-dev:amd64.
Preparing to unpack .../179-libboost-serialization-dev_1.62.0.1_amd64.deb ...
Unpacking libboost-serialization-dev:amd64 (1.62.0.1) ...
Selecting previously unselected package libboost-signals1.62.0:amd64.
Preparing to unpack .../180-libboost-signals1.62.0_1.62.0+dfsg-5_amd64.deb ...
Unpacking libboost-signals1.62.0:amd64 (1.62.0+dfsg-5) ...
Selecting previously unselected package libboost-signals1.62-dev:amd64.
Preparing to unpack .../181-libboost-signals1.62-dev_1.62.0+dfsg-5_amd64.deb ...
Unpacking libboost-signals1.62-dev:amd64 (1.62.0+dfsg-5) ...
Selecting previously unselected package libboost-signals-dev:amd64.
Preparing to unpack .../182-libboost-signals-dev_1.62.0.1_amd64.deb ...
Unpacking libboost-signals-dev:amd64 (1.62.0.1) ...
Selecting previously unselected package libboost-system-dev:amd64.
Preparing to unpack .../183-libboost-system-dev_1.62.0.1_amd64.deb ...
Unpacking libboost-system-dev:amd64 (1.62.0.1) ...
Selecting previously unselected package libboost-test-dev:amd64.
Preparing to unpack .../184-libboost-test-dev_1.62.0.1_amd64.deb ...
Unpacking libboost-test-dev:amd64 (1.62.0.1) ...
Selecting previously unselected package libboost-thread-dev:amd64.
Preparing to unpack .../185-libboost-thread-dev_1.62.0.1_amd64.deb ...
Unpacking libboost-thread-dev:amd64 (1.62.0.1) ...
Selecting previously unselected package libboost-timer1.62-dev:amd64.
Preparing to unpack .../186-libboost-timer1.62-dev_1.62.0+dfsg-5_amd64.deb ...
Unpacking libboost-timer1.62-dev:amd64 (1.62.0+dfsg-5) ...
Selecting previously unselected package libboost-timer-dev:amd64.
Preparing to unpack .../187-libboost-timer-dev_1.62.0.1_amd64.deb ...
Unpacking libboost-timer-dev:amd64 (1.62.0.1) ...
Selecting previously unselected package libboost-type-erasure1.62.0:amd64.
Preparing to unpack .../188-libboost-type-erasure1.62.0_1.62.0+dfsg-5_amd64.deb ...
Unpacking libboost-type-erasure1.62.0:amd64 (1.62.0+dfsg-5) ...
Selecting previously unselected package libboost-type-erasure1.62-dev:amd64.
Preparing to unpack .../189-libboost-type-erasure1.62-dev_1.62.0+dfsg-5_amd64.deb ...
Unpacking libboost-type-erasure1.62-dev:amd64 (1.62.0+dfsg-5) ...
Selecting previously unselected package libboost-type-erasure-dev:amd64.
Preparing to unpack .../190-libboost-type-erasure-dev_1.62.0.1_amd64.deb ...
Unpacking libboost-type-erasure-dev:amd64 (1.62.0.1) ...
Selecting previously unselected package libboost-wave1.62.0:amd64.
Preparing to unpack .../191-libboost-wave1.62.0_1.62.0+dfsg-5_amd64.deb ...
Unpacking libboost-wave1.62.0:amd64 (1.62.0+dfsg-5) ...
Selecting previously unselected package libboost-wave1.62-dev:amd64.
Preparing to unpack .../192-libboost-wave1.62-dev_1.62.0+dfsg-5_amd64.deb ...
Unpacking libboost-wave1.62-dev:amd64 (1.62.0+dfsg-5) ...
Selecting previously unselected package libboost-wave-dev:amd64.
Preparing to unpack .../193-libboost-wave-dev_1.62.0.1_amd64.deb ...
Unpacking libboost-wave-dev:amd64 (1.62.0.1) ...
Selecting previously unselected package libboost-all-dev.
Preparing to unpack .../194-libboost-all-dev_1.62.0.1_amd64.deb ...
Unpacking libboost-all-dev (1.62.0.1) ...
Selecting previously unselected package libcap2:amd64.
Preparing to unpack .../195-libcap2_1%3a2.25-1.2_amd64.deb ...
Unpacking libcap2:amd64 (1:2.25-1.2) ...
Selecting previously unselected package libcap-dev:amd64.
Preparing to unpack .../196-libcap-dev_1%3a2.25-1.2_amd64.deb ...
Unpacking libcap-dev:amd64 (1:2.25-1.2) ...
Selecting previously unselected package libccgnu2-1.8-0v5:amd64.
Preparing to unpack .../197-libccgnu2-1.8-0v5_1.8.1-6.1_amd64.deb ...
Unpacking libccgnu2-1.8-0v5:amd64 (1.8.1-6.1) ...
Selecting previously unselected package libgnutls-openssl27:amd64.
Preparing to unpack .../198-libgnutls-openssl27_3.5.17-1_amd64.deb ...
Unpacking libgnutls-openssl27:amd64 (3.5.17-1) ...
Selecting previously unselected package libgnutlsxx28:amd64.
Preparing to unpack .../199-libgnutlsxx28_3.5.17-1_amd64.deb ...
Unpacking libgnutlsxx28:amd64 (3.5.17-1) ...
Selecting previously unselected package libevent-2.1-6:amd64.
Preparing to unpack .../200-libevent-2.1-6_2.1.8-stable-4_amd64.deb ...
Unpacking libevent-2.1-6:amd64 (2.1.8-stable-4) ...
Selecting previously unselected package libunbound2:amd64.
Preparing to unpack .../201-libunbound2_1.6.7-1_amd64.deb ...
Unpacking libunbound2:amd64 (1.6.7-1) ...
Selecting previously unselected package libgnutls-dane0:amd64.
Preparing to unpack .../202-libgnutls-dane0_3.5.17-1_amd64.deb ...
Unpacking libgnutls-dane0:amd64 (3.5.17-1) ...
Selecting previously unselected package libgmpxx4ldbl:amd64.
Preparing to unpack .../203-libgmpxx4ldbl_2%3a6.1.2+dfsg-2_amd64.deb ...
Unpacking libgmpxx4ldbl:amd64 (2:6.1.2+dfsg-2) ...
Selecting previously unselected package libgmp-dev:amd64.
Preparing to unpack .../204-libgmp-dev_2%3a6.1.2+dfsg-2_amd64.deb ...
Unpacking libgmp-dev:amd64 (2:6.1.2+dfsg-2) ...
Selecting previously unselected package nettle-dev:amd64.
Preparing to unpack .../205-nettle-dev_3.4-1_amd64.deb ...
Unpacking nettle-dev:amd64 (3.4-1) ...
Selecting previously unselected package zlib1g-dev:amd64.
Preparing to unpack .../206-zlib1g-dev_1%3a1.2.8.dfsg-5_amd64.deb ...
Unpacking zlib1g-dev:amd64 (1:1.2.8.dfsg-5) ...
Selecting previously unselected package libtasn1-6-dev:amd64.
Preparing to unpack .../207-libtasn1-6-dev_4.13-2_amd64.deb ...
Unpacking libtasn1-6-dev:amd64 (4.13-2) ...
Selecting previously unselected package libp11-kit-dev:amd64.
Preparing to unpack .../208-libp11-kit-dev_0.23.9-2_amd64.deb ...
Unpacking libp11-kit-dev:amd64 (0.23.9-2) ...
Selecting previously unselected package libidn2-dev:amd64.
Preparing to unpack .../209-libidn2-dev_2.0.4-1.1_amd64.deb ...
Unpacking libidn2-dev:amd64 (2.0.4-1.1) ...
Selecting previously unselected package libidn2-0-dev.
Preparing to unpack .../210-libidn2-0-dev_2.0.4-1.1_amd64.deb ...
Unpacking libidn2-0-dev (2.0.4-1.1) ...
Selecting previously unselected package libgnutls28-dev:amd64.
Preparing to unpack .../211-libgnutls28-dev_3.5.17-1_amd64.deb ...
Unpacking libgnutls28-dev:amd64 (3.5.17-1) ...
Selecting previously unselected package libgpg-error-dev.
Preparing to unpack .../212-libgpg-error-dev_1.27-6_amd64.deb ...
Unpacking libgpg-error-dev (1.27-6) ...
Selecting previously unselected package libgcrypt20-dev.
Preparing to unpack .../213-libgcrypt20-dev_1.8.1-4_amd64.deb ...
Unpacking libgcrypt20-dev (1.8.1-4) ...
Selecting previously unselected package libgcrypt11-dev.
Preparing to unpack .../214-libgcrypt11-dev_1.5.4-3+really1.8.1-4_amd64.deb ...
Unpacking libgcrypt11-dev (1.5.4-3+really1.8.1-4) ...
Selecting previously unselected package pkg-config.
Preparing to unpack .../215-pkg-config_0.29-4+b1_amd64.deb ...
Unpacking pkg-config (0.29-4+b1) ...
Selecting previously unselected package libcommoncpp2-dev.
Preparing to unpack .../216-libcommoncpp2-dev_1.8.1-6.1_amd64.deb ...
Unpacking libcommoncpp2-dev (1.8.1-6.1) ...
Selecting previously unselected package libidn11:amd64.
Preparing to unpack .../217-libidn11_1.33-2.1_amd64.deb ...
Unpacking libidn11:amd64 (1.33-2.1) ...
Selecting previously unselected package libidn11-dev.
Preparing to unpack .../218-libidn11-dev_1.33-2.1_amd64.deb ...
Unpacking libidn11-dev (1.33-2.1) ...
Selecting previously unselected package libtinfo-dev:amd64.
Preparing to unpack .../219-libtinfo-dev_6.0+20171125-1_amd64.deb ...
Unpacking libtinfo-dev:amd64 (6.0+20171125-1) ...
Selecting previously unselected package libncurses5-dev:amd64.
Preparing to unpack .../220-libncurses5-dev_6.0+20171125-1_amd64.deb ...
Unpacking libncurses5-dev:amd64 (6.0+20171125-1) ...
Selecting previously unselected package libreadline-dev:amd64.
Preparing to unpack .../221-libreadline-dev_7.0-3_amd64.deb ...
Unpacking libreadline-dev:amd64 (7.0-3) ...
Selecting previously unselected package libreadline5:amd64.
Preparing to unpack .../222-libreadline5_5.2+dfsg-3+b1_amd64.deb ...
Unpacking libreadline5:amd64 (5.2+dfsg-3+b1) ...
Selecting previously unselected package librecode0:amd64.
Preparing to unpack .../223-librecode0_3.6-23_amd64.deb ...
Unpacking librecode0:amd64 (3.6-23) ...
Selecting previously unselected package librecode-dev:amd64.
Preparing to unpack .../224-librecode-dev_3.6-23_amd64.deb ...
Unpacking librecode-dev:amd64 (3.6-23) ...
Selecting previously unselected package uuid-dev:amd64.
Preparing to unpack .../225-uuid-dev_2.30.2-0.3_amd64.deb ...
Unpacking uuid-dev:amd64 (2.30.2-0.3) ...
Selecting previously unselected package xfsprogs.
Preparing to unpack .../226-xfsprogs_4.9.0+nmu1_amd64.deb ...
Unpacking xfsprogs (4.9.0+nmu1) ...
Selecting previously unselected package xfslibs-dev.
Preparing to unpack .../227-xfslibs-dev_4.9.0+nmu1_amd64.deb ...
Unpacking xfslibs-dev (4.9.0+nmu1) ...
Selecting previously unselected package sbuild-build-depends-ui-utilcpp-dummy.
Preparing to unpack .../228-sbuild-build-depends-ui-utilcpp-dummy_0.invalid.0_amd64.deb ...
Unpacking sbuild-build-depends-ui-utilcpp-dummy (0.invalid.0) ...
Setting up libboost-serialization1.62.0:amd64 (1.62.0+dfsg-5) ...
Setting up readline-common (7.0-3) ...
Setting up libxapian30:amd64 (1.4.5-1) ...
Setting up libpathplan4 (2.38.0-19) ...
Setting up libevent-2.1-6:amd64 (2.1.8-stable-4) ...
Setting up libxdot4 (2.38.0-19) ...
Setting up libboost-date-time1.62.0:amd64 (1.62.0+dfsg-5) ...
Setting up libjpeg62-turbo:amd64 (1:1.5.2-2+b1) ...
Setting up libarchive-zip-perl (1.60-1) ...
Setting up mime-support (3.60) ...
Setting up libgfortran4:amd64 (7.3.0-1) ...
Setting up libboost1.62-dev:amd64 (1.62.0+dfsg-5) ...
Setting up libpng16-16:amd64 (1.6.34-1) ...
Setting up libtimedate-perl (2.3000-2) ...
Setting up libjbig0:amd64 (2.1-3.1+b2) ...
Setting up libsigsegv2:amd64 (2.12-1) ...
Setting up fonts-dejavu-core (2.37-1) ...
Setting up libboost-program-options1.62.0:amd64 (1.62.0+dfsg-5) ...
Setting up libreadline7:amd64 (7.0-3) ...
Setting up libnuma1:amd64 (2.0.11-2.1) ...
Setting up groff-base (1.22.3-9) ...
Setting up libglib2.0-0:amd64 (2.54.3-2) ...
No schema files found: doing nothing.
Setting up libcap2:amd64 (1:2.25-1.2) ...
Setting up libgpg-error-dev (1.27-6) ...
Setting up libboost-program-options1.62-dev:amd64 (1.62.0+dfsg-5) ...
Setting up uuid-dev:amd64 (2.30.2-0.3) ...
Setting up libtinfo-dev:amd64 (6.0+20171125-1) ...
Setting up libp11-kit-dev:amd64 (0.23.9-2) ...
Setting up libtasn1-6-dev:amd64 (4.13-2) ...
Setting up libllvm5.0:amd64 (1:5.0.1-2) ...
Setting up libdatrie1:amd64 (0.2.10-6) ...
Setting up libtiff5:amd64 (4.0.9-3) ...
Setting up gettext-base (0.19.8.1-4) ...
Setting up libpipeline1:amd64 (1.5.0-1) ...
Setting up m4 (1.4.18-1) ...
Setting up libicu57:amd64 (57.1-8) ...
Setting up ucf (3.0036) ...
Setting up libboost-serialization1.62-dev:amd64 (1.62.0+dfsg-5) ...
Setting up libclang1-5.0:amd64 (1:5.0.1-2) ...
Setting up libxml2:amd64 (2.9.4+dfsg1-6.1) ...
Setting up libboost-exception1.62-dev:amd64 (1.62.0+dfsg-5) ...
Setting up libfreetype6:amd64 (2.8.1-1) ...
Setting up libmagic-mgc (1:5.32-1) ...
Setting up libmagic1:amd64 (1:5.32-1) ...
Setting up lsb-base (9.20170808) ...
Setting up libgraphite2-3:amd64 (1.3.10-8) ...
Setting up libcroco3:amd64 (0.6.12-2) ...
Setting up libboost-iostreams1.62.0:amd64 (1.62.0+dfsg-5) ...
Setting up libpsm-infinipath1 (3.3+20.604758e7-5) ...
update-alternatives: using /usr/lib/libpsm1/libpsm_infinipath.so.1.16 to provide /usr/lib/x86_64-linux-gnu/libpsm_infinipath.so.1 (libpsm_infinipath.so.1) in auto mode
Setting up libncurses5-dev:amd64 (6.0+20171125-1) ...
Setting up pkg-config (0.29-4+b1) ...
Setting up libpixman-1-0:amd64 (0.34.0-2) ...
Setting up libgnutlsxx28:amd64 (3.5.17-1) ...
Setting up libboost-exception-dev:amd64 (1.62.0.1) ...
Setting up openmpi-common (2.1.1-8) ...
Processing triggers for libc-bin (2.26-6) ...
Setting up libgcrypt20-dev (1.8.1-4) ...
Setting up libccgnu2-1.8-0v5:amd64 (1.8.1-6.1) ...
Setting up autotools-dev (20171216.1) ...
Setting up librecode0:amd64 (3.6-23) ...
Setting up libgnutls-openssl27:amd64 (3.5.17-1) ...
Setting up libltdl7:amd64 (2.4.6-2) ...
Setting up libreadline-dev:amd64 (7.0-3) ...
Setting up libsqlite3-0:amd64 (3.22.0-1) ...
Setting up libcap-dev:amd64 (1:2.25-1.2) ...
Setting up libboost-atomic1.62.0:amd64 (1.62.0+dfsg-5) ...
Setting up libann0 (1.1.2+doc-6) ...
Setting up libboost-math1.62.0:amd64 (1.62.0+dfsg-5) ...
Setting up libexpat1-dev:amd64 (2.2.5-3) ...
Setting up libpciaccess0:amd64 (0.13.4-1+b2) ...
Setting up libboost-python1.62.0 (1.62.0+dfsg-5) ...
Setting up icu-devtools (57.1-8) ...
Setting up libboost-dev:amd64 (1.62.0.1) ...
Setting up libthai-data (0.1.27-1) ...
Setting up libxdmcp6:amd64 (1:1.1.2-3) ...
Setting up libnuma-dev:amd64 (2.0.11-2.1) ...
Setting up ocl-icd-libopencl1:amd64 (2.2.12-1) ...
Setting up libreadline5:amd64 (5.2+dfsg-3+b1) ...
Setting up bsdmainutils (11.1.2) ...
update-alternatives: using /usr/bin/bsd-write to provide /usr/bin/write (write) in auto mode
update-alternatives: using /usr/bin/bsd-from to provide /usr/bin/from (from) in auto mode
Setting up libgmpxx4ldbl:amd64 (2:6.1.2+dfsg-2) ...
Setting up libnl-3-200:amd64 (3.2.27-2) ...
Setting up libboost-signals1.62.0:amd64 (1.62.0+dfsg-5) ...
Setting up x11-common (1:7.7+19) ...
update-rc.d: warning: start and stop actions are no longer supported; falling back to defaults
invoke-rc.d: could not determine current runlevel
All runlevel operations denied by policy
invoke-rc.d: policy-rc.d denied execution of start.
Setting up libidn2-dev:amd64 (2.0.4-1.1) ...
Setting up libboost-context1.62.0:amd64 (1.62.0+dfsg-5) ...
Setting up libidn2-0-dev (2.0.4-1.1) ...
Setting up libcdt5 (2.38.0-19) ...
Setting up libx11-data (2:1.6.4-3) ...
Setting up libpython2.7-stdlib:amd64 (2.7.14-6) ...
Setting up libxau6:amd64 (1:1.0.8-1+b2) ...
Setting up autopoint (0.19.8.1-4) ...
Setting up libidn11:amd64 (1.33-2.1) ...
Setting up libmpdec2:amd64 (2.4.2-1) ...
Setting up libboost-system1.62.0:amd64 (1.62.0+dfsg-5) ...
Setting up libboost-program-options-dev:amd64 (1.62.0.1) ...
Setting up libcgraph6 (2.38.0-19) ...
Setting up libidn11-dev (1.33-2.1) ...
Setting up libwebp6:amd64 (0.6.0-4) ...
Setting up zlib1g-dev:amd64 (1:1.2.8.dfsg-5) ...
Setting up libfile-stripnondeterminism-perl (0.040-1) ...
Setting up libboost-atomic1.62-dev:amd64 (1.62.0+dfsg-5) ...
Setting up libgmp-dev:amd64 (2:6.1.2+dfsg-2) ...
Setting up libboost-serialization-dev:amd64 (1.62.0.1) ...
Setting up libpython3.6-stdlib:amd64 (3.6.4-3) ...
Setting up libgts-0.7-5:amd64 (0.7.6+darcs121130-4) ...
Setting up libboost-date-time1.62-dev:amd64 (1.62.0+dfsg-5) ...
Setting up libboost-context1.62-dev:amd64 (1.62.0+dfsg-5) ...
Setting up libunbound2:amd64 (1.6.7-1) ...
Setting up fontconfig-config (2.12.6-0.1) ...
Setting up librecode-dev:amd64 (3.6-23) ...
Setting up xfsprogs (4.9.0+nmu1) ...
Setting up libboost1.62-tools-dev (1.62.0+dfsg-5) ...
Setting up libltdl-dev:amd64 (2.4.6-2) ...
Setting up libboost-atomic-dev:amd64 (1.62.0.1) ...
Setting up gettext (0.19.8.1-4) ...
Setting up libgvpr2 (2.38.0-19) ...
Setting up libgcrypt11-dev (1.5.4-3+really1.8.1-4) ...
Setting up libboost-thread1.62.0:amd64 (1.62.0+dfsg-5) ...
Setting up libboost-random1.62.0:amd64 (1.62.0+dfsg-5) ...
Setting up libboost-regex1.62.0:amd64 (1.62.0+dfsg-5) ...
Setting up doxygen (1.8.13-9) ...
Setting up python2.7 (2.7.14-6) ...
Setting up libboost-fiber1.62.0:amd64 (1.62.0+dfsg-5) ...
Setting up libharfbuzz0b:amd64 (1.7.2-1) ...
Setting up libnl-route-3-200:amd64 (3.2.27-2) ...
Setting up libboost-fiber1.62-dev:amd64 (1.62.0+dfsg-5) ...
Setting up autoconf (2.69-11) ...
Setting up libthai0:amd64 (0.1.27-1) ...
Setting up libboost-fiber-dev:amd64 (1.62.0.1) ...
Setting up libicu-dev (57.1-8) ...
Setting up libboost-date-time-dev:amd64 (1.62.0.1) ...
Setting up xfslibs-dev (4.9.0+nmu1) ...
Setting up file (1:5.32-1) ...
Setting up libhwloc5:amd64 (1.11.9-1) ...
Setting up libpython-stdlib:amd64 (2.7.14-4) ...
Setting up libhwloc-plugins (1.11.9-1) ...
Setting up intltool-debian (0.35.0+20060710.4) ...
Setting up libboost-system1.62-dev:amd64 (1.62.0+dfsg-5) ...
Setting up libboost-math1.62-dev:amd64 (1.62.0+dfsg-5) ...
Setting up libgnutls-dane0:amd64 (3.5.17-1) ...
Setting up libboost-filesystem1.62.0:amd64 (1.62.0+dfsg-5) ...
Setting up libpython2.7:amd64 (2.7.14-6) ...
Setting up automake (1:1.15.1-3) ...
update-alternatives: using /usr/bin/automake-1.15 to provide /usr/bin/automake (automake) in auto mode
Setting up libice6:amd64 (2:1.0.9-2) ...
Setting up libboost-signals1.62-dev:amd64 (1.62.0+dfsg-5) ...
Setting up man-db (2.8.0-2) ...
Not building database; man-db/auto-update is not 'true'.
Setting up libboost-context-dev:amd64 (1.62.0.1) ...
Setting up nettle-dev:amd64 (3.4-1) ...
Setting up libpython2.7-dev:amd64 (2.7.14-6) ...
Setting up libboost-math-dev:amd64 (1.62.0.1) ...
Setting up python2.7-dev (2.7.14-6) ...
Setting up libxcb1:amd64 (1.12-1) ...
Setting up python (2.7.14-4) ...
Setting up libboost-chrono1.62.0:amd64 (1.62.0+dfsg-5) ...
Setting up libboost-random1.62-dev:amd64 (1.62.0+dfsg-5) ...
Setting up libpython3.6:amd64 (3.6.4-3) ...
Setting up libboost-signals-dev:amd64 (1.62.0.1) ...
Setting up libtool (2.4.6-2) ...
Setting up libpython3-stdlib:amd64 (3.6.4-1) ...
Setting up libibverbs1:amd64 (16.1-2) ...
Setting up libpython-dev:amd64 (2.7.14-4) ...
Setting up libboost-tools-dev (1.62.0.1) ...
Setting up libfontconfig1:amd64 (2.12.6-0.1) ...
Setting up libsm6:amd64 (2:1.2.2-1+b3) ...
Setting up libboost-wave1.62.0:amd64 (1.62.0+dfsg-5) ...
Setting up libxcb-render0:amd64 (1.12-1) ...
Setting up libboost-filesystem1.62-dev:amd64 (1.62.0+dfsg-5) ...
Setting up libboost-timer1.62.0:amd64 (1.62.0+dfsg-5) ...
Setting up po-debconf (1.0.20) ...
Setting up libhwloc-dev:amd64 (1.11.9-1) ...
Setting up libboost-coroutine1.62.0:amd64 (1.62.0+dfsg-5) ...
Setting up libboost-regex1.62-dev:amd64 (1.62.0+dfsg-5) ...
Setting up libboost-graph1.62.0:amd64 (1.62.0+dfsg-5) ...
Setting up python-dev (2.7.14-4) ...
Setting up libboost-system-dev:amd64 (1.62.0.1) ...
Setting up libboost-log1.62.0 (1.62.0+dfsg-5) ...
Setting up libboost-iostreams1.62-dev:amd64 (1.62.0+dfsg-5) ...
Setting up libx11-6:amd64 (2:1.6.4-3) ...
Setting up librdmacm1:amd64 (16.1-2) ...
Setting up libgnutls28-dev:amd64 (3.5.17-1) ...
Setting up libboost-filesystem-dev:amd64 (1.62.0.1) ...
Setting up libboost-chrono1.62-dev:amd64 (1.62.0+dfsg-5) ...
Setting up libpython3.6-dev:amd64 (3.6.4-3) ...
Setting up libboost-timer1.62-dev:amd64 (1.62.0+dfsg-5) ...
Setting up libboost-type-erasure1.62.0:amd64 (1.62.0+dfsg-5) ...
Setting up libboost-locale1.62.0:amd64 (1.62.0+dfsg-5) ...
Setting up libboost-random-dev:amd64 (1.62.0.1) ...
Setting up libboost-iostreams-dev:amd64 (1.62.0.1) ...
Setting up libboost-locale1.62-dev:amd64 (1.62.0+dfsg-5) ...
Setting up ibverbs-providers:amd64 (16.1-2) ...
Setting up libboost-test1.62.0:amd64 (1.62.0+dfsg-5) ...
Setting up libboost-thread1.62-dev:amd64 (1.62.0+dfsg-5) ...
Setting up libboost-wave1.62-dev:amd64 (1.62.0+dfsg-5) ...
Setting up libxcb-shm0:amd64 (1.12-1) ...
Setting up libxpm4:amd64 (1:3.5.12-1) ...
Setting up libxt6:amd64 (1:1.1.5-1) ...
Setting up libxrender1:amd64 (1:0.9.10-1) ...
Setting up libboost-coroutine1.62-dev:amd64 (1.62.0+dfsg-5) ...
Setting up libboost-regex-dev:amd64 (1.62.0.1) ...
Setting up libboost-coroutine-dev:amd64 (1.62.0.1) ...
Setting up libibverbs-dev:amd64 (16.1-2) ...
Setting up fontconfig (2.12.6-0.1) ...
Regenerating fonts cache... done.
Setting up libpython3-dev:amd64 (3.6.4-1) ...
Setting up libboost-log1.62-dev (1.62.0+dfsg-5) ...
Setting up libboost-locale-dev:amd64 (1.62.0.1) ...
Setting up libboost-thread-dev:amd64 (1.62.0.1) ...
Setting up libxext6:amd64 (2:1.3.3-1+b2) ...
Setting up libfabric1 (1.5.3-1) ...
Setting up libboost-chrono-dev:amd64 (1.62.0.1) ...
Setting up libcommoncpp2-dev (1.8.1-6.1) ...
Setting up libboost-type-erasure1.62-dev:amd64 (1.62.0+dfsg-5) ...
Setting up libboost-type-erasure-dev:amd64 (1.62.0.1) ...
Setting up libgd3:amd64 (2.2.5-4) ...
Setting up libboost-timer-dev:amd64 (1.62.0.1) ...
Setting up libboost-test1.62-dev:amd64 (1.62.0+dfsg-5) ...
Setting up libxmu6:amd64 (2:1.1.2-2) ...
Setting up libboost-log-dev (1.62.0.1) ...
Setting up libpango-1.0-0:amd64 (1.40.14-1) ...
Setting up libboost-wave-dev:amd64 (1.62.0.1) ...
Setting up libopenmpi2:amd64 (2.1.1-8) ...
Setting up libboost-test-dev:amd64 (1.62.0.1) ...
Setting up libxaw7:amd64 (2:1.0.13-1+b2) ...
Setting up libcairo2:amd64 (1.15.10-1) ...
Setting up libboost-mpi1.62.0 (1.62.0+dfsg-5) ...
Setting up libopenmpi-dev (2.1.1-8) ...
update-alternatives: using /usr/lib/x86_64-linux-gnu/openmpi/include to provide /usr/include/mpi (mpi) in auto mode
Setting up libboost-graph1.62-dev:amd64 (1.62.0+dfsg-5) ...
Setting up openmpi-bin (2.1.1-8) ...
update-alternatives: using /usr/bin/mpirun.openmpi to provide /usr/bin/mpirun (mpirun) in auto mode
Setting up mpi-default-dev (1.10) ...
Setting up libboost-graph-parallel1.62.0 (1.62.0+dfsg-5) ...
Setting up libpangoft2-1.0-0:amd64 (1.40.14-1) ...
Setting up libboost-graph-parallel1.62-dev (1.62.0+dfsg-5) ...
Setting up libboost-mpi1.62-dev (1.62.0+dfsg-5) ...
Setting up mpi-default-bin (1.10) ...
Setting up libboost-graph-dev:amd64 (1.62.0.1) ...
Setting up libpangocairo-1.0-0:amd64 (1.40.14-1) ...
Setting up libboost-graph-parallel-dev (1.62.0.1) ...
Setting up libboost-mpi-dev (1.62.0.1) ...
Setting up libgvc6 (2.38.0-19) ...
Setting up graphviz (2.38.0-19) ...
Setting up dh-autoreconf (16) ...
Setting up python3 (3.6.4-1) ...
Setting up dh-strip-nondeterminism (0.040-1) ...
Setting up python3-lib2to3 (3.6.4-3) ...
Setting up dh-python (2.20170125) ...
Setting up python3-distutils (3.6.4-3) ...
Setting up debhelper (11.1.4) ...
Setting up libboost-mpi-python1.62.0 (1.62.0+dfsg-5) ...
Setting up python3.6 (3.6.4-3) ...
Setting up python3.6-dev (3.6.4-3) ...
Setting up libboost-mpi-python1.62-dev (1.62.0+dfsg-5) ...
Setting up python3-dev (3.6.4-1) ...
Setting up libboost-mpi-python-dev (1.62.0.1) ...
Setting up libboost-python1.62-dev (1.62.0+dfsg-5) ...
Setting up libboost-python-dev (1.62.0.1) ...
Setting up libboost-all-dev (1.62.0.1) ...
Setting up sbuild-build-depends-ui-utilcpp-dummy (0.invalid.0) ...
Processing triggers for libc-bin (2.26-6) ...

+------------------------------------------------------------------------------+
| Build environment                                                            |
+------------------------------------------------------------------------------+

Kernel: Linux 4.9.0-2-amd64 amd64 (x86_64)
Toolchain package versions: binutils_2.30-2 dpkg-dev_1.19.0.5 g++-7_7.3.0-1 gcc-7_7.3.0-1 libc6-dev_2.26-6 libstdc++-7-dev_7.3.0-1 libstdc++6_7.3.0-1 linux-libc-dev_4.14.13-1
Package versions: adduser_3.117 apt_1.6~alpha7 autoconf_2.69-11 automake_1:1.15.1-3 autopoint_0.19.8.1-4 autotools-dev_20171216.1 base-files_10.1 base-passwd_3.5.44 bash_4.4.18-1 binutils_2.30-2 binutils-common_2.30-2 binutils-x86-64-linux-gnu_2.30-2 bsdmainutils_11.1.2 bsdutils_1:2.30.2-0.3 build-essential_12.4 bzip2_1.0.6-8.1 clang-6.0_1:6.0~+rc1-1 coreutils_8.28-1 cpp_4:7.2.0-1d1 cpp-7_7.3.0-1 dash_0.5.8-2.10 debconf_1.5.65 debfoster_2.7-2.1+b1 debhelper_11.1.4 debian-archive-keyring_2017.7 debianutils_4.8.4 dh-autoreconf_16 dh-python_2.20170125 dh-strip-nondeterminism_0.040-1 diffutils_1:3.6-1 doxygen_1.8.13-9 dpkg_1.19.0.5 dpkg-dev_1.19.0.5 e2fslibs_1.43.8-2 e2fsprogs_1.43.8-2 eatmydata_105-5 fakeroot_1.22-2 fdisk_2.30.2-0.3 file_1:5.32-1 findutils_4.6.0+git+20170828-2 fontconfig_2.12.6-0.1 fontconfig-config_2.12.6-0.1 fonts-dejavu-core_2.37-1 g++_4:7.2.0-1d1 g++-7_7.3.0-1 gcc_4:7.2.0-1d1 gcc-6-base_6.4.0-12 gcc-7_7.3.0-1 gcc-7-base_7.3.0-1 gettext_0.19.8.1-4 gettext-base_0.19.8.1-4 gpgv_2.2.4-2 graphviz_2.38.0-19 grep_3.1-2 groff-base_1.22.3-9 gzip_1.6-5+b1 hostname_3.20 ibverbs-providers_16.1-2 icu-devtools_57.1-8 init-system-helpers_1.51 intltool-debian_0.35.0+20060710.4 lib32gcc1_1:7.3.0-1 lib32stdc++6_7.3.0-1 libacl1_2.2.52-3+b1 libann0_1.1.2+doc-6 libapt-pkg5.0_1.6~alpha7 libarchive-zip-perl_1.60-1 libasan4_7.3.0-1 libatomic1_7.3.0-1 libattr1_1:2.4.47-2+b2 libaudit-common_1:2.8.2-1 libaudit1_1:2.8.2-1 libbinutils_2.30-2 libblkid1_2.30.2-0.3 libboost-all-dev_1.62.0.1 libboost-atomic-dev_1.62.0.1 libboost-atomic1.62-dev_1.62.0+dfsg-5 libboost-atomic1.62.0_1.62.0+dfsg-5 libboost-chrono-dev_1.62.0.1 libboost-chrono1.62-dev_1.62.0+dfsg-5 libboost-chrono1.62.0_1.62.0+dfsg-5 libboost-context-dev_1.62.0.1 libboost-context1.62-dev_1.62.0+dfsg-5 libboost-context1.62.0_1.62.0+dfsg-5 libboost-coroutine-dev_1.62.0.1 libboost-coroutine1.62-dev_1.62.0+dfsg-5 libboost-coroutine1.62.0_1.62.0+dfsg-5 libboost-date-time-dev_1.62.0.1 libboost-date-time1.62-dev_1.62.0+dfsg-5 libboost-date-time1.62.0_1.62.0+dfsg-5 libboost-dev_1.62.0.1 libboost-exception-dev_1.62.0.1 libboost-exception1.62-dev_1.62.0+dfsg-5 libboost-fiber-dev_1.62.0.1 libboost-fiber1.62-dev_1.62.0+dfsg-5 libboost-fiber1.62.0_1.62.0+dfsg-5 libboost-filesystem-dev_1.62.0.1 libboost-filesystem1.62-dev_1.62.0+dfsg-5 libboost-filesystem1.62.0_1.62.0+dfsg-5 libboost-graph-dev_1.62.0.1 libboost-graph-parallel-dev_1.62.0.1 libboost-graph-parallel1.62-dev_1.62.0+dfsg-5 libboost-graph-parallel1.62.0_1.62.0+dfsg-5 libboost-graph1.62-dev_1.62.0+dfsg-5 libboost-graph1.62.0_1.62.0+dfsg-5 libboost-iostreams-dev_1.62.0.1 libboost-iostreams1.62-dev_1.62.0+dfsg-5 libboost-iostreams1.62.0_1.62.0+dfsg-5 libboost-locale-dev_1.62.0.1 libboost-locale1.62-dev_1.62.0+dfsg-5 libboost-locale1.62.0_1.62.0+dfsg-5 libboost-log-dev_1.62.0.1 libboost-log1.62-dev_1.62.0+dfsg-5 libboost-log1.62.0_1.62.0+dfsg-5 libboost-math-dev_1.62.0.1 libboost-math1.62-dev_1.62.0+dfsg-5 libboost-math1.62.0_1.62.0+dfsg-5 libboost-mpi-dev_1.62.0.1 libboost-mpi-python-dev_1.62.0.1 libboost-mpi-python1.62-dev_1.62.0+dfsg-5 libboost-mpi-python1.62.0_1.62.0+dfsg-5 libboost-mpi1.62-dev_1.62.0+dfsg-5 libboost-mpi1.62.0_1.62.0+dfsg-5 libboost-program-options-dev_1.62.0.1 libboost-program-options1.62-dev_1.62.0+dfsg-5 libboost-program-options1.62.0_1.62.0+dfsg-5 libboost-python-dev_1.62.0.1 libboost-python1.62-dev_1.62.0+dfsg-5 libboost-python1.62.0_1.62.0+dfsg-5 libboost-random-dev_1.62.0.1 libboost-random1.62-dev_1.62.0+dfsg-5 libboost-random1.62.0_1.62.0+dfsg-5 libboost-regex-dev_1.62.0.1 libboost-regex1.62-dev_1.62.0+dfsg-5 libboost-regex1.62.0_1.62.0+dfsg-5 libboost-serialization-dev_1.62.0.1 libboost-serialization1.62-dev_1.62.0+dfsg-5 libboost-serialization1.62.0_1.62.0+dfsg-5 libboost-signals-dev_1.62.0.1 libboost-signals1.62-dev_1.62.0+dfsg-5 libboost-signals1.62.0_1.62.0+dfsg-5 libboost-system-dev_1.62.0.1 libboost-system1.62-dev_1.62.0+dfsg-5 libboost-system1.62.0_1.62.0+dfsg-5 libboost-test-dev_1.62.0.1 libboost-test1.62-dev_1.62.0+dfsg-5 libboost-test1.62.0_1.62.0+dfsg-5 libboost-thread-dev_1.62.0.1 libboost-thread1.62-dev_1.62.0+dfsg-5 libboost-thread1.62.0_1.62.0+dfsg-5 libboost-timer-dev_1.62.0.1 libboost-timer1.62-dev_1.62.0+dfsg-5 libboost-timer1.62.0_1.62.0+dfsg-5 libboost-tools-dev_1.62.0.1 libboost-type-erasure-dev_1.62.0.1 libboost-type-erasure1.62-dev_1.62.0+dfsg-5 libboost-type-erasure1.62.0_1.62.0+dfsg-5 libboost-wave-dev_1.62.0.1 libboost-wave1.62-dev_1.62.0+dfsg-5 libboost-wave1.62.0_1.62.0+dfsg-5 libboost1.62-dev_1.62.0+dfsg-5 libboost1.62-tools-dev_1.62.0+dfsg-5 libbsd0_0.8.7-1 libbz2-1.0_1.0.6-8.1 libc-bin_2.26-6 libc-dev-bin_2.26-6 libc6_2.26-6 libc6-dev_2.26-6 libc6-i386_2.26-6 libcairo2_1.15.10-1 libcap-dev_1:2.25-1.2 libcap-ng0_0.7.7-3.1+b1 libcap2_1:2.25-1.2 libcc1-0_7.3.0-1 libccgnu2-1.8-0v5_1.8.1-6.1 libcdt5_2.38.0-19 libcgraph6_2.38.0-19 libcilkrts5_7.3.0-1 libclang-common-6.0-dev_1:6.0~+rc1-1 libclang1-5.0_1:5.0.1-2 libclang1-6.0_1:6.0~+rc1-1 libcomerr2_1.43.8-2 libcommoncpp2-dev_1.8.1-6.1 libcroco3_0.6.12-2 libdatrie1_0.2.10-6 libdb5.3_5.3.28-13.1+b1 libdebconfclient0_0.240 libdpkg-perl_1.19.0.5 libeatmydata1_105-5 libedit2_3.1-20170329-1 libevent-2.1-6_2.1.8-stable-4 libexpat1_2.2.5-3 libexpat1-dev_2.2.5-3 libfabric1_1.5.3-1 libfakeroot_1.22-2 libfdisk1_2.30.2-0.3 libffi6_3.2.1-8 libfile-stripnondeterminism-perl_0.040-1 libfontconfig1_2.12.6-0.1 libfreetype6_2.8.1-1 libgc1c2_1:7.4.2-8.1 libgcc-7-dev_7.3.0-1 libgcc1_1:7.3.0-1 libgcrypt11-dev_1.5.4-3+really1.8.1-4 libgcrypt20_1.8.1-4 libgcrypt20-dev_1.8.1-4 libgd3_2.2.5-4 libgdbm3_1.8.3-14 libgdbm5_1.14.1-2 libgfortran4_7.3.0-1 libglib2.0-0_2.54.3-2 libgmp-dev_2:6.1.2+dfsg-2 libgmp10_2:6.1.2+dfsg-2 libgmpxx4ldbl_2:6.1.2+dfsg-2 libgnutls-dane0_3.5.17-1 libgnutls-openssl27_3.5.17-1 libgnutls28-dev_3.5.17-1 libgnutls30_3.5.17-1 libgnutlsxx28_3.5.17-1 libgomp1_7.3.0-1 libgpg-error-dev_1.27-6 libgpg-error0_1.27-6 libgraphite2-3_1.3.10-8 libgts-0.7-5_0.7.6+darcs121130-4 libgvc6_2.38.0-19 libgvpr2_2.38.0-19 libharfbuzz0b_1.7.2-1 libhogweed4_3.4-1 libhwloc-dev_1.11.9-1 libhwloc-plugins_1.11.9-1 libhwloc5_1.11.9-1 libibverbs-dev_16.1-2 libibverbs1_16.1-2 libice6_2:1.0.9-2 libicu-dev_57.1-8 libicu57_57.1-8 libidn11_1.33-2.1 libidn11-dev_1.33-2.1 libidn2-0_2.0.4-1.1 libidn2-0-dev_2.0.4-1.1 libidn2-dev_2.0.4-1.1 libisl15_0.18-1 libitm1_7.3.0-1 libjbig0_2.1-3.1+b2 libjpeg62-turbo_1:1.5.2-2+b1 libjsoncpp1_1.7.4-3 libllvm5.0_1:5.0.1-2 libllvm6.0_1:6.0~+rc1-1 liblsan0_7.3.0-1 libltdl-dev_2.4.6-2 libltdl7_2.4.6-2 liblz4-1_0.0~r131-2+b1 liblzma5_5.2.2-1.3 libmagic-mgc_1:5.32-1 libmagic1_1:5.32-1 libmount1_2.30.2-0.3 libmpc3_1.1.0-1 libmpdec2_2.4.2-1 libmpfr4_3.1.6-1 libmpfr6_4.0.1~rc2-1 libmpx2_7.3.0-1 libncurses5_6.0+20171125-1 libncurses5-dev_6.0+20171125-1 libncursesw5_6.0+20171125-1 libnettle6_3.4-1 libnl-3-200_3.2.27-2 libnl-route-3-200_3.2.27-2 libnuma-dev_2.0.11-2.1 libnuma1_2.0.11-2.1 libobjc-7-dev_7.3.0-1 libobjc4_7.3.0-1 libopenmpi-dev_2.1.1-8 libopenmpi2_2.1.1-8 libp11-kit-dev_0.23.9-2 libp11-kit0_0.23.9-2 libpam-modules_1.1.8-3.6 libpam-modules-bin_1.1.8-3.6 libpam-runtime_1.1.8-3.6 libpam0g_1.1.8-3.6 libpango-1.0-0_1.40.14-1 libpangocairo-1.0-0_1.40.14-1 libpangoft2-1.0-0_1.40.14-1 libpathplan4_2.38.0-19 libpciaccess0_0.13.4-1+b2 libpcre3_2:8.39-9 libperl5.26_5.26.1-4+b1 libpipeline1_1.5.0-1 libpixman-1-0_0.34.0-2 libpng16-16_1.6.34-1 libpsm-infinipath1_3.3+20.604758e7-5 libpython-dev_2.7.14-4 libpython-stdlib_2.7.14-4 libpython2.7_2.7.14-6 libpython2.7-dev_2.7.14-6 libpython2.7-minimal_2.7.14-6 libpython2.7-stdlib_2.7.14-6 libpython3-dev_3.6.4-1 libpython3-stdlib_3.6.4-1 libpython3.6_3.6.4-3 libpython3.6-dev_3.6.4-3 libpython3.6-minimal_3.6.4-3 libpython3.6-stdlib_3.6.4-3 libquadmath0_7.3.0-1 librdmacm1_16.1-2 libreadline-dev_7.0-3 libreadline5_5.2+dfsg-3+b1 libreadline7_7.0-3 librecode-dev_3.6-23 librecode0_3.6-23 libseccomp2_2.3.1-2.1 libselinux1_2.7-2+b1 libsemanage-common_2.7-2 libsemanage1_2.7-2+b1 libsepol1_2.7-1 libsigsegv2_2.12-1 libsm6_2:1.2.2-1+b3 libsmartcols1_2.30.2-0.3 libsqlite3-0_3.22.0-1 libss2_1.43.8-2 libssl1.1_1.1.0g-2 libstdc++-7-dev_7.3.0-1 libstdc++6_7.3.0-1 libsystemd0_237-1 libtasn1-6_4.13-2 libtasn1-6-dev_4.13-2 libthai-data_0.1.27-1 libthai0_0.1.27-1 libtiff5_4.0.9-3 libtimedate-perl_2.3000-2 libtinfo-dev_6.0+20171125-1 libtinfo5_6.0+20171125-1 libtool_2.4.6-2 libtsan0_7.3.0-1 libubsan0_7.3.0-1 libudev1_237-1 libunbound2_1.6.7-1 libunistring2_0.9.8-1 libustr-1.0-1_1.0.4-6 libuuid1_2.30.2-0.3 libwebp6_0.6.0-4 libx11-6_2:1.6.4-3 libx11-data_2:1.6.4-3 libxapian30_1.4.5-1 libxau6_1:1.0.8-1+b2 libxaw7_2:1.0.13-1+b2 libxcb-render0_1.12-1 libxcb-shm0_1.12-1 libxcb1_1.12-1 libxdmcp6_1:1.1.2-3 libxdot4_2.38.0-19 libxext6_2:1.3.3-1+b2 libxml2_2.9.4+dfsg1-6.1 libxmu6_2:1.1.2-2 libxpm4_1:3.5.12-1 libxrender1_1:0.9.10-1 libxt6_1:1.1.5-1 linux-libc-dev_4.14.13-1 login_1:4.5-1 lsb-base_9.20170808 m4_1.4.18-1 make_4.1-9.1 man-db_2.8.0-2 mawk_1.3.3-17+b3 mime-support_3.60 mount_2.30.2-0.3 mpi-default-bin_1.10 mpi-default-dev_1.10 multiarch-support_2.26-6 ncurses-base_6.0+20171125-1 ncurses-bin_6.0+20171125-1 nettle-dev_3.4-1 ocl-icd-libopencl1_2.2.12-1 openmpi-bin_2.1.1-8 openmpi-common_2.1.1-8 passwd_1:4.5-1 patch_2.7.5-1+b2 perl_5.26.1-4+b1 perl-base_5.26.1-4+b1 perl-modules-5.26_5.26.1-4 pkg-config_0.29-4+b1 po-debconf_1.0.20 python_2.7.14-4 python-dev_2.7.14-4 python-minimal_2.7.14-4 python2.7_2.7.14-6 python2.7-dev_2.7.14-6 python2.7-minimal_2.7.14-6 python3_3.6.4-1 python3-dev_3.6.4-1 python3-distutils_3.6.4-3 python3-lib2to3_3.6.4-3 python3-minimal_3.6.4-1 python3.6_3.6.4-3 python3.6-dev_3.6.4-3 python3.6-minimal_3.6.4-3 readline-common_7.0-3 sbuild-build-depends-core-dummy_0.invalid.0 sbuild-build-depends-ui-utilcpp-dummy_0.invalid.0 sed_4.4-2 sensible-utils_0.0.11 sysvinit-utils_2.88dsf-59.10 tar_1.29b-2 ucf_3.0036 util-linux_2.30.2-0.3 uuid-dev_2.30.2-0.3 x11-common_1:7.7+19 xfslibs-dev_4.9.0+nmu1 xfsprogs_4.9.0+nmu1 xz-utils_5.2.2-1.3 zlib1g_1:1.2.8.dfsg-5 zlib1g-dev_1:1.2.8.dfsg-5

+------------------------------------------------------------------------------+
| Build                                                                        |
+------------------------------------------------------------------------------+


Unpack source
-------------

gpgv: unknown type of key resource 'trustedkeys.kbx'
gpgv: keyblock resource '/sbuild-nonexistent/.gnupg/trustedkeys.kbx': General error
gpgv: Signature made Sat Aug  6 17:18:57 2016 UTC
gpgv:                using RSA key 066DE8017E2B61D9
gpgv: Can't check signature: No public key
dpkg-source: warning: failed to verify signature on ./ui-utilcpp_1.8.5-1.dsc
dpkg-source: info: extracting ui-utilcpp in /<<PKGBUILDDIR>>
dpkg-source: info: unpacking ui-utilcpp_1.8.5.orig.tar.gz
dpkg-source: info: unpacking ui-utilcpp_1.8.5-1.debian.tar.xz

Check disk space
----------------

Sufficient free space for build

User Environment
----------------

APT_CONFIG=/var/lib/sbuild/apt.conf
HOME=/sbuild-nonexistent
LANG=en_US.UTF-8
LC_ALL=POSIX
LOGNAME=user42
PATH=/usr/local/sbin:/usr/local/bin:/usr/sbin:/usr/bin:/sbin:/bin:/usr/games
SCHROOT_ALIAS_NAME=unstable-amd64-sbuild
SCHROOT_CHROOT_NAME=unstable-amd64-sbuild
SCHROOT_COMMAND=env
SCHROOT_GID=1001
SCHROOT_GROUP=user42
SCHROOT_SESSION_ID=unstable-amd64-sbuild-ab8e1deb-3a9a-47de-b091-66fe8da8251c
SCHROOT_UID=1001
SCHROOT_USER=user42
SHELL=/bin/sh
USER=user42

dpkg-buildpackage
-----------------

dpkg-buildpackage: info: source package ui-utilcpp
dpkg-buildpackage: info: source version 1.8.5-1
dpkg-buildpackage: info: source distribution unstable
dpkg-buildpackage: info: source changed by Stephan Srken <absurd@debian.org>
 dpkg-source --before-build ui-utilcpp-1.8.5
dpkg-buildpackage: info: host architecture amd64
 fakeroot debian/rules clean
dh clean --with autotools-dev --dbgsym-migration='libui-utilcpp9v5-dbg (<< 1.8.3-3~)'
dh: The autotools-dev sequence is deprecated and replaced by dh in debhelper (>= 9.20160115)
dh: This feature will be removed in compat 12.
   dh_auto_clean "-O--dbgsym-migration=libui-utilcpp9v5-dbg (<< 1.8.3-3~)"
   dh_autotools-dev_restoreconfig "-O--dbgsym-migration=libui-utilcpp9v5-dbg (<< 1.8.3-3~)"
dh_autotools-dev_restoreconfig: dh_autotools-dev_restoreconfig is deprecated; please see dh_autotools-dev_restoreconfig(1) for a replacement
dh_autotools-dev_restoreconfig: This feature will be removed in compat 12.
   dh_clean "-O--dbgsym-migration=libui-utilcpp9v5-dbg (<< 1.8.3-3~)"
 debian/rules build-arch
dh build-arch --with autotools-dev --dbgsym-migration='libui-utilcpp9v5-dbg (<< 1.8.3-3~)'
dh: The autotools-dev sequence is deprecated and replaced by dh in debhelper (>= 9.20160115)
dh: This feature will be removed in compat 12.
   dh_update_autotools_config -a "-O--dbgsym-migration=libui-utilcpp9v5-dbg (<< 1.8.3-3~)"
   dh_autotools-dev_updateconfig -a "-O--dbgsym-migration=libui-utilcpp9v5-dbg (<< 1.8.3-3~)"
dh_autotools-dev_updateconfig: dh_autotools-dev_updateconfig is deprecated; please see dh_autotools-dev_updateconfig(1) for a replacement
dh_autotools-dev_updateconfig: This feature will be removed in compat 12.
   dh_auto_configure -a "-O--dbgsym-migration=libui-utilcpp9v5-dbg (<< 1.8.3-3~)"
	./configure --build=x86_64-linux-gnu --prefix=/usr --includedir=\${prefix}/include --mandir=\${prefix}/share/man --infodir=\${prefix}/share/info --sysconfdir=/etc --localstatedir=/var --disable-silent-rules --libdir=\${prefix}/lib/x86_64-linux-gnu --libexecdir=\${prefix}/lib/x86_64-linux-gnu --disable-maintainer-mode --disable-dependency-tracking
configure: WARNING: unrecognized options: --disable-maintainer-mode
checking for a BSD-compatible install... /usr/bin/install -c
checking whether build environment is sane... yes
checking for a thread-safe mkdir -p... /bin/mkdir -p
checking for gawk... no
checking for mawk... mawk
checking whether make sets $(MAKE)... yes
checking whether make supports nested variables... yes
checking how to create a pax tar archive... gnutar
checking for doxygen... /usr/bin/doxygen
checking for perl... /usr/bin/perl
checking for style of include used by make... GNU
checking for g++... g++
checking whether the C++ compiler works... yes
checking for C++ compiler default output file name... a.out
checking for suffix of executables... 
checking whether we are cross compiling... no
checking for suffix of object files... o
checking whether we are using the GNU C++ compiler... yes
checking whether g++ accepts -g... yes
checking dependency style of g++... none
checking how to run the C++ preprocessor... g++ -E
checking whether ln -s works... yes
checking whether make sets $(MAKE)... (cached) yes
checking build system type... x86_64-pc-linux-gnu
checking host system type... x86_64-pc-linux-gnu
checking how to print strings... printf
checking for gcc... gcc
checking whether we are using the GNU C compiler... yes
checking whether gcc accepts -g... yes
checking for gcc option to accept ISO C89... none needed
checking whether gcc understands -c and -o together... yes
checking dependency style of gcc... none
checking for a sed that does not truncate output... /bin/sed
checking for grep that handles long lines and -e... /bin/grep
checking for egrep... /bin/grep -E
checking for fgrep... /bin/grep -F
checking for ld used by gcc... /usr/bin/ld
checking if the linker (/usr/bin/ld) is GNU ld... yes
checking for BSD- or MS-compatible name lister (nm)... /usr/bin/nm -B
checking the name lister (/usr/bin/nm -B) interface... BSD nm
checking the maximum length of command line arguments... 1572864
checking how to convert x86_64-pc-linux-gnu file names to x86_64-pc-linux-gnu format... func_convert_file_noop
checking how to convert x86_64-pc-linux-gnu file names to toolchain format... func_convert_file_noop
checking for /usr/bin/ld option to reload object files... -r
checking for objdump... objdump
checking how to recognize dependent libraries... pass_all
checking for dlltool... no
checking how to associate runtime and link libraries... printf %s\n
checking for ar... ar
checking for archiver @FILE support... @
checking for strip... strip
checking for ranlib... ranlib
checking command to parse /usr/bin/nm -B output from gcc object... ok
checking for sysroot... no
checking for a working dd... /bin/dd
checking how to truncate binary pipes... /bin/dd bs=4096 count=1
checking for mt... no
checking if : is a manifest tool... no
checking how to run the C preprocessor... gcc -E
checking for ANSI C header files... yes
checking for sys/types.h... yes
checking for sys/stat.h... yes
checking for stdlib.h... yes
checking for string.h... yes
checking for memory.h... yes
checking for strings.h... yes
checking for inttypes.h... yes
checking for stdint.h... yes
checking for unistd.h... yes
checking for dlfcn.h... yes
checking for objdir... .libs
checking if gcc supports -fno-rtti -fno-exceptions... yes
checking for gcc option to produce PIC... -fPIC -DPIC
checking if gcc PIC flag -fPIC -DPIC works... yes
checking if gcc static flag -static works... yes
checking if gcc supports -c -o file.o... yes
checking if gcc supports -c -o file.o... (cached) yes
checking whether the gcc linker (/usr/bin/ld -m elf_x86_64) supports shared libraries... yes
checking whether -lc should be explicitly linked in... no
checking dynamic linker characteristics... GNU/Linux ld.so
checking how to hardcode library paths into programs... immediate
checking whether stripping libraries is possible... yes
checking if libtool supports shared libraries... yes
checking whether to build shared libraries... yes
checking whether to build static libraries... yes
checking how to run the C++ preprocessor... g++ -E
checking for ld used by g++... /usr/bin/ld -m elf_x86_64
checking if the linker (/usr/bin/ld -m elf_x86_64) is GNU ld... yes
checking whether the g++ linker (/usr/bin/ld -m elf_x86_64) supports shared libraries... yes
checking for g++ option to produce PIC... -fPIC -DPIC
checking if g++ PIC flag -fPIC -DPIC works... yes
checking if g++ static flag -static works... yes
checking if g++ supports -c -o file.o... yes
checking if g++ supports -c -o file.o... (cached) yes
checking whether the g++ linker (/usr/bin/ld -m elf_x86_64) supports shared libraries... yes
checking dynamic linker characteristics... (cached) GNU/Linux ld.so
checking how to hardcode library paths into programs... immediate
checking for gawk... (cached) mawk
checking for special C compiler options needed for large files... no
checking for _FILE_OFFSET_BITS value needed for large files... no
checking for dlfcn.h... (cached) yes
checking for dlopen in -ldl... yes
checking for ccgnu2-config... /usr/bin/ccgnu2-config
checking for commoncpp2 version >= 1.0.0... yes
checking for curses_version in -lncurses... yes
checking for cap_init in -lcap... yes
checking for readline in -lreadline... yes
checking for recode_new_outer in -lrecode... yes
checking for idna_to_ascii_8z in -lidn... yes
checking idna.h usability... yes
checking idna.h presence... yes
checking for idna.h... yes
checking boost/test/auto_unit_test.hpp usability... yes
checking boost/test/auto_unit_test.hpp presence... yes
checking for boost/test/auto_unit_test.hpp... yes
checking boost/serialization/access.hpp usability... yes
checking boost/serialization/access.hpp presence... yes
checking for boost/serialization/access.hpp... yes
checking boost/multi_index_container.hpp usability... yes
checking boost/multi_index_container.hpp presence... yes
checking for boost/multi_index_container.hpp... yes
checking boost/date_time/date.hpp usability... yes
checking boost/date_time/date.hpp presence... yes
checking for boost/date_time/date.hpp... yes
checking boost/random.hpp usability... yes
checking boost/random.hpp presence... yes
checking for boost/random.hpp... yes
checking sys/quota.h usability... yes
checking sys/quota.h presence... yes
checking for sys/quota.h... yes
checking xfs/xqm.h usability... yes
checking xfs/xqm.h presence... yes
checking for xfs/xqm.h... yes
checking for ANSI C header files... (cached) yes
checking whether strerror_r is declared... yes
checking for strerror_r... yes
checking whether strerror_r returns char *... yes
checking for cap_compare... yes
checking for cap_clear_flag... yes
checking that generated files are newer than configure... done
configure: creating ./config.status
config.status: creating Makefile
config.status: creating Doxyfile
config.status: creating doc/Makefile
config.status: creating src/Makefile
config.status: creating src/tools/Makefile
config.status: creating src/ui-utilcpp/Makefile
config.status: creating src/ui-utilcpp/http/Makefile
config.status: creating config.h
config.status: executing depfiles commands
config.status: executing libtool commands
configure: WARNING: unrecognized options: --disable-maintainer-mode
   dh_auto_build -a "-O--dbgsym-migration=libui-utilcpp9v5-dbg (<< 1.8.3-3~)"
	make -j1
make[1]: Entering directory '/<<PKGBUILDDIR>>'
make  all-recursive
make[2]: Entering directory '/<<PKGBUILDDIR>>'
Making all in src
make[3]: Entering directory '/<<PKGBUILDDIR>>/src'
Making all in ui-utilcpp
make[4]: Entering directory '/<<PKGBUILDDIR>>/src/ui-utilcpp'
Making all in http
make[5]: Entering directory '/<<PKGBUILDDIR>>/src/ui-utilcpp/http'
/bin/bash ../../../libtool  --tag=CXX   --mode=compile g++ -DHAVE_CONFIG_H -I. -I../../..  -I../../../src -Wdate-time -D_FORTIFY_SOURCE=2 -Wall -pthread -D_GNU_SOURCE  -g -O2 -fdebug-prefix-map=/<<PKGBUILDDIR>>=. -fstack-protector-strong -Wformat -Werror=format-security -c -o Header.lo Header.cpp
libtool: compile:  g++ -DHAVE_CONFIG_H -I. -I../../.. -I../../../src -Wdate-time -D_FORTIFY_SOURCE=2 -Wall -pthread -D_GNU_SOURCE -g -O2 -fdebug-prefix-map=/<<PKGBUILDDIR>>=. -fstack-protector-strong -Wformat -Werror=format-security -c Header.cpp  -fPIC -DPIC -o .libs/Header.o
libtool: compile:  g++ -DHAVE_CONFIG_H -I. -I../../.. -I../../../src -Wdate-time -D_FORTIFY_SOURCE=2 -Wall -pthread -D_GNU_SOURCE -g -O2 -fdebug-prefix-map=/<<PKGBUILDDIR>>=. -fstack-protector-strong -Wformat -Werror=format-security -c Header.cpp -o Header.o >/dev/null 2>&1
/bin/bash ../../../libtool  --tag=CXX   --mode=compile g++ -DHAVE_CONFIG_H -I. -I../../..  -I../../../src -Wdate-time -D_FORTIFY_SOURCE=2 -Wall -pthread -D_GNU_SOURCE  -g -O2 -fdebug-prefix-map=/<<PKGBUILDDIR>>=. -fstack-protector-strong -Wformat -Werror=format-security -c -o Cookie.lo Cookie.cpp
libtool: compile:  g++ -DHAVE_CONFIG_H -I. -I../../.. -I../../../src -Wdate-time -D_FORTIFY_SOURCE=2 -Wall -pthread -D_GNU_SOURCE -g -O2 -fdebug-prefix-map=/<<PKGBUILDDIR>>=. -fstack-protector-strong -Wformat -Werror=format-security -c Cookie.cpp  -fPIC -DPIC -o .libs/Cookie.o
libtool: compile:  g++ -DHAVE_CONFIG_H -I. -I../../.. -I../../../src -Wdate-time -D_FORTIFY_SOURCE=2 -Wall -pthread -D_GNU_SOURCE -g -O2 -fdebug-prefix-map=/<<PKGBUILDDIR>>=. -fstack-protector-strong -Wformat -Werror=format-security -c Cookie.cpp -o Cookie.o >/dev/null 2>&1
/bin/bash ../../../libtool  --tag=CXX   --mode=compile g++ -DHAVE_CONFIG_H -I. -I../../..  -I../../../src -Wdate-time -D_FORTIFY_SOURCE=2 -Wall -pthread -D_GNU_SOURCE  -g -O2 -fdebug-prefix-map=/<<PKGBUILDDIR>>=. -fstack-protector-strong -Wformat -Werror=format-security -c -o Connection.lo Connection.cpp
libtool: compile:  g++ -DHAVE_CONFIG_H -I. -I../../.. -I../../../src -Wdate-time -D_FORTIFY_SOURCE=2 -Wall -pthread -D_GNU_SOURCE -g -O2 -fdebug-prefix-map=/<<PKGBUILDDIR>>=. -fstack-protector-strong -Wformat -Werror=format-security -c Connection.cpp  -fPIC -DPIC -o .libs/Connection.o
libtool: compile:  g++ -DHAVE_CONFIG_H -I. -I../../.. -I../../../src -Wdate-time -D_FORTIFY_SOURCE=2 -Wall -pthread -D_GNU_SOURCE -g -O2 -fdebug-prefix-map=/<<PKGBUILDDIR>>=. -fstack-protector-strong -Wformat -Werror=format-security -c Connection.cpp -o Connection.o >/dev/null 2>&1
/bin/bash ../../../libtool  --tag=CXX   --mode=compile g++ -DHAVE_CONFIG_H -I. -I../../..  -I../../../src -Wdate-time -D_FORTIFY_SOURCE=2 -Wall -pthread -D_GNU_SOURCE  -g -O2 -fdebug-prefix-map=/<<PKGBUILDDIR>>=. -fstack-protector-strong -Wformat -Werror=format-security -c -o URL.lo URL.cpp
libtool: compile:  g++ -DHAVE_CONFIG_H -I. -I../../.. -I../../../src -Wdate-time -D_FORTIFY_SOURCE=2 -Wall -pthread -D_GNU_SOURCE -g -O2 -fdebug-prefix-map=/<<PKGBUILDDIR>>=. -fstack-protector-strong -Wformat -Werror=format-security -c URL.cpp  -fPIC -DPIC -o .libs/URL.o
libtool: compile:  g++ -DHAVE_CONFIG_H -I. -I../../.. -I../../../src -Wdate-time -D_FORTIFY_SOURCE=2 -Wall -pthread -D_GNU_SOURCE -g -O2 -fdebug-prefix-map=/<<PKGBUILDDIR>>=. -fstack-protector-strong -Wformat -Werror=format-security -c URL.cpp -o URL.o >/dev/null 2>&1
/bin/bash ../../../libtool  --tag=CXX   --mode=link g++ -Wall -pthread -D_GNU_SOURCE  -g -O2 -fdebug-prefix-map=/<<PKGBUILDDIR>>=. -fstack-protector-strong -Wformat -Werror=format-security  -Wl,-z,relro -o libui-utilcpp-http.la  Header.lo Cookie.lo Connection.lo URL.lo  -lidn -lrecode -lreadline -lcap -lncurses -ldl 
libtool: link: ar cru .libs/libui-utilcpp-http.a .libs/Header.o .libs/Cookie.o .libs/Connection.o .libs/URL.o 
ar: `u' modifier ignored since `D' is the default (see `U')
libtool: link: ranlib .libs/libui-utilcpp-http.a
libtool: link: ( cd ".libs" && rm -f "libui-utilcpp-http.la" && ln -s "../libui-utilcpp-http.la" "libui-utilcpp-http.la" )
make[5]: Leaving directory '/<<PKGBUILDDIR>>/src/ui-utilcpp/http'
make[5]: Entering directory '/<<PKGBUILDDIR>>/src/ui-utilcpp'
/bin/bash ../../libtool  --tag=CXX   --mode=compile g++ -DHAVE_CONFIG_H -I. -I../..  -I../../src -Wdate-time -D_FORTIFY_SOURCE=2 -Wall -pthread -D_GNU_SOURCE  -g -O2 -fdebug-prefix-map=/<<PKGBUILDDIR>>=. -fstack-protector-strong -Wformat -Werror=format-security -c -o CmdLine.lo CmdLine.cpp
libtool: compile:  g++ -DHAVE_CONFIG_H -I. -I../.. -I../../src -Wdate-time -D_FORTIFY_SOURCE=2 -Wall -pthread -D_GNU_SOURCE -g -O2 -fdebug-prefix-map=/<<PKGBUILDDIR>>=. -fstack-protector-strong -Wformat -Werror=format-security -c CmdLine.cpp  -fPIC -DPIC -o .libs/CmdLine.o
libtool: compile:  g++ -DHAVE_CONFIG_H -I. -I../.. -I../../src -Wdate-time -D_FORTIFY_SOURCE=2 -Wall -pthread -D_GNU_SOURCE -g -O2 -fdebug-prefix-map=/<<PKGBUILDDIR>>=. -fstack-protector-strong -Wformat -Werror=format-security -c CmdLine.cpp -o CmdLine.o >/dev/null 2>&1
/bin/bash ../../libtool  --tag=CXX   --mode=compile g++ -DHAVE_CONFIG_H -I. -I../..  -I../../src -Wdate-time -D_FORTIFY_SOURCE=2 -Wall -pthread -D_GNU_SOURCE  -g -O2 -fdebug-prefix-map=/<<PKGBUILDDIR>>=. -fstack-protector-strong -Wformat -Werror=format-security -c -o Exception.lo Exception.cpp
libtool: compile:  g++ -DHAVE_CONFIG_H -I. -I../.. -I../../src -Wdate-time -D_FORTIFY_SOURCE=2 -Wall -pthread -D_GNU_SOURCE -g -O2 -fdebug-prefix-map=/<<PKGBUILDDIR>>=. -fstack-protector-strong -Wformat -Werror=format-security -c Exception.cpp  -fPIC -DPIC -o .libs/Exception.o
libtool: compile:  g++ -DHAVE_CONFIG_H -I. -I../.. -I../../src -Wdate-time -D_FORTIFY_SOURCE=2 -Wall -pthread -D_GNU_SOURCE -g -O2 -fdebug-prefix-map=/<<PKGBUILDDIR>>=. -fstack-protector-strong -Wformat -Werror=format-security -c Exception.cpp -o Exception.o >/dev/null 2>&1
/bin/bash ../../libtool  --tag=CXX   --mode=compile g++ -DHAVE_CONFIG_H -I. -I../..  -I../../src -Wdate-time -D_FORTIFY_SOURCE=2 -Wall -pthread -D_GNU_SOURCE  -g -O2 -fdebug-prefix-map=/<<PKGBUILDDIR>>=. -fstack-protector-strong -Wformat -Werror=format-security -c -o Sys.lo Sys.cpp
libtool: compile:  g++ -DHAVE_CONFIG_H -I. -I../.. -I../../src -Wdate-time -D_FORTIFY_SOURCE=2 -Wall -pthread -D_GNU_SOURCE -g -O2 -fdebug-prefix-map=/<<PKGBUILDDIR>>=. -fstack-protector-strong -Wformat -Werror=format-security -c Sys.cpp  -fPIC -DPIC -o .libs/Sys.o
libtool: compile:  g++ -DHAVE_CONFIG_H -I. -I../.. -I../../src -Wdate-time -D_FORTIFY_SOURCE=2 -Wall -pthread -D_GNU_SOURCE -g -O2 -fdebug-prefix-map=/<<PKGBUILDDIR>>=. -fstack-protector-strong -Wformat -Werror=format-security -c Sys.cpp -o Sys.o >/dev/null 2>&1
/bin/bash ../../libtool  --tag=CXX   --mode=compile g++ -DHAVE_CONFIG_H -I. -I../..  -I../../src -Wdate-time -D_FORTIFY_SOURCE=2 -Wall -pthread -D_GNU_SOURCE  -g -O2 -fdebug-prefix-map=/<<PKGBUILDDIR>>=. -fstack-protector-strong -Wformat -Werror=format-security -c -o File.lo File.cpp
libtool: compile:  g++ -DHAVE_CONFIG_H -I. -I../.. -I../../src -Wdate-time -D_FORTIFY_SOURCE=2 -Wall -pthread -D_GNU_SOURCE -g -O2 -fdebug-prefix-map=/<<PKGBUILDDIR>>=. -fstack-protector-strong -Wformat -Werror=format-security -c File.cpp  -fPIC -DPIC -o .libs/File.o
libtool: compile:  g++ -DHAVE_CONFIG_H -I. -I../.. -I../../src -Wdate-time -D_FORTIFY_SOURCE=2 -Wall -pthread -D_GNU_SOURCE -g -O2 -fdebug-prefix-map=/<<PKGBUILDDIR>>=. -fstack-protector-strong -Wformat -Werror=format-security -c File.cpp -o File.o >/dev/null 2>&1
/bin/bash ../../libtool  --tag=CXX   --mode=compile g++ -DHAVE_CONFIG_H -I. -I../..  -I../../src -Wdate-time -D_FORTIFY_SOURCE=2 -Wall -pthread -D_GNU_SOURCE  -g -O2 -fdebug-prefix-map=/<<PKGBUILDDIR>>=. -fstack-protector-strong -Wformat -Werror=format-security -c -o Socket.lo Socket.cpp
libtool: compile:  g++ -DHAVE_CONFIG_H -I. -I../.. -I../../src -Wdate-time -D_FORTIFY_SOURCE=2 -Wall -pthread -D_GNU_SOURCE -g -O2 -fdebug-prefix-map=/<<PKGBUILDDIR>>=. -fstack-protector-strong -Wformat -Werror=format-security -c Socket.cpp  -fPIC -DPIC -o .libs/Socket.o
libtool: compile:  g++ -DHAVE_CONFIG_H -I. -I../.. -I../../src -Wdate-time -D_FORTIFY_SOURCE=2 -Wall -pthread -D_GNU_SOURCE -g -O2 -fdebug-prefix-map=/<<PKGBUILDDIR>>=. -fstack-protector-strong -Wformat -Werror=format-security -c Socket.cpp -o Socket.o >/dev/null 2>&1
/bin/bash ../../libtool  --tag=CXX   --mode=compile g++ -DHAVE_CONFIG_H -I. -I../..  -I../../src -Wdate-time -D_FORTIFY_SOURCE=2 -Wall -pthread -D_GNU_SOURCE  -g -O2 -fdebug-prefix-map=/<<PKGBUILDDIR>>=. -fstack-protector-strong -Wformat -Werror=format-security -c -o GetOpt.lo GetOpt.cpp
libtool: compile:  g++ -DHAVE_CONFIG_H -I. -I../.. -I../../src -Wdate-time -D_FORTIFY_SOURCE=2 -Wall -pthread -D_GNU_SOURCE -g -O2 -fdebug-prefix-map=/<<PKGBUILDDIR>>=. -fstack-protector-strong -Wformat -Werror=format-security -c GetOpt.cpp  -fPIC -DPIC -o .libs/GetOpt.o
libtool: compile:  g++ -DHAVE_CONFIG_H -I. -I../.. -I../../src -Wdate-time -D_FORTIFY_SOURCE=2 -Wall -pthread -D_GNU_SOURCE -g -O2 -fdebug-prefix-map=/<<PKGBUILDDIR>>=. -fstack-protector-strong -Wformat -Werror=format-security -c GetOpt.cpp -o GetOpt.o >/dev/null 2>&1
/bin/bash ../../libtool  --tag=CXX   --mode=compile g++ -DHAVE_CONFIG_H -I. -I../..  -I../../src -Wdate-time -D_FORTIFY_SOURCE=2 -Wall -pthread -D_GNU_SOURCE  -g -O2 -fdebug-prefix-map=/<<PKGBUILDDIR>>=. -fstack-protector-strong -Wformat -Werror=format-security -c -o Misc.lo Misc.cpp
libtool: compile:  g++ -DHAVE_CONFIG_H -I. -I../.. -I../../src -Wdate-time -D_FORTIFY_SOURCE=2 -Wall -pthread -D_GNU_SOURCE -g -O2 -fdebug-prefix-map=/<<PKGBUILDDIR>>=. -fstack-protector-strong -Wformat -Werror=format-security -c Misc.cpp  -fPIC -DPIC -o .libs/Misc.o
libtool: compile:  g++ -DHAVE_CONFIG_H -I. -I../.. -I../../src -Wdate-time -D_FORTIFY_SOURCE=2 -Wall -pthread -D_GNU_SOURCE -g -O2 -fdebug-prefix-map=/<<PKGBUILDDIR>>=. -fstack-protector-strong -Wformat -Werror=format-security -c Misc.cpp -o Misc.o >/dev/null 2>&1
/bin/bash ../../libtool  --tag=CXX   --mode=compile g++ -DHAVE_CONFIG_H -I. -I../..  -I../../src -Wdate-time -D_FORTIFY_SOURCE=2 -Wall -pthread -D_GNU_SOURCE  -g -O2 -fdebug-prefix-map=/<<PKGBUILDDIR>>=. -fstack-protector-strong -Wformat -Werror=format-security -c -o QuotaInfo.lo QuotaInfo.cpp
libtool: compile:  g++ -DHAVE_CONFIG_H -I. -I../.. -I../../src -Wdate-time -D_FORTIFY_SOURCE=2 -Wall -pthread -D_GNU_SOURCE -g -O2 -fdebug-prefix-map=/<<PKGBUILDDIR>>=. -fstack-protector-strong -Wformat -Werror=format-security -c QuotaInfo.cpp  -fPIC -DPIC -o .libs/QuotaInfo.o
libtool: compile:  g++ -DHAVE_CONFIG_H -I. -I../.. -I../../src -Wdate-time -D_FORTIFY_SOURCE=2 -Wall -pthread -D_GNU_SOURCE -g -O2 -fdebug-prefix-map=/<<PKGBUILDDIR>>=. -fstack-protector-strong -Wformat -Werror=format-security -c QuotaInfo.cpp -o QuotaInfo.o >/dev/null 2>&1
/bin/bash ../../libtool  --tag=CXX   --mode=compile g++ -DHAVE_CONFIG_H -I. -I../..  -I../../src -Wdate-time -D_FORTIFY_SOURCE=2 -Wall -pthread -D_GNU_SOURCE  -g -O2 -fdebug-prefix-map=/<<PKGBUILDDIR>>=. -fstack-protector-strong -Wformat -Werror=format-security -c -o Recoder.lo Recoder.cpp
libtool: compile:  g++ -DHAVE_CONFIG_H -I. -I../.. -I../../src -Wdate-time -D_FORTIFY_SOURCE=2 -Wall -pthread -D_GNU_SOURCE -g -O2 -fdebug-prefix-map=/<<PKGBUILDDIR>>=. -fstack-protector-strong -Wformat -Werror=format-security -c Recoder.cpp  -fPIC -DPIC -o .libs/Recoder.o
In file included from Recoder.cpp:13:
In file included from /usr/include/cc++/url.h:52:
In file included from /usr/include/cc++/socket.h:49:
In file included from /usr/include/cc++/address.h:56:
In file included from /usr/include/cc++/thread.h:50:
/usr/include/cc++/string.h:734:35: error: friend declaration specifying a default argument must be a definition
    friend __EXPORT std::istream &getline(std::istream &is, String &str, char delim = '\n', size_t size = 0);
                                  ^
1 error generated.
Makefile:546: recipe for target 'Recoder.lo' failed
make[5]: *** [Recoder.lo] Error 1
make[5]: Leaving directory '/<<PKGBUILDDIR>>/src/ui-utilcpp'
Makefile:582: recipe for target 'all-recursive' failed
make[4]: *** [all-recursive] Error 1
make[4]: Leaving directory '/<<PKGBUILDDIR>>/src/ui-utilcpp'
Makefile:362: recipe for target 'all-recursive' failed
make[3]: *** [all-recursive] Error 1
make[3]: Leaving directory '/<<PKGBUILDDIR>>/src'
Makefile:466: recipe for target 'all-recursive' failed
make[2]: *** [all-recursive] Error 1
make[2]: Leaving directory '/<<PKGBUILDDIR>>'
Makefile:375: recipe for target 'all' failed
make[1]: *** [all] Error 2
make[1]: Leaving directory '/<<PKGBUILDDIR>>'
dh_auto_build: make -j1 returned exit code 2
debian/rules:4: recipe for target 'build-arch' failed
make: *** [build-arch] Error 2
dpkg-buildpackage: error: debian/rules build-arch subprocess returned exit status 2
--------------------------------------------------------------------------------
Build finished at 2018-02-07T20:29:23Z

Finished
--------


+------------------------------------------------------------------------------+
| Cleanup                                                                      |
+------------------------------------------------------------------------------+

Purging /<<BUILDDIR>>
Not cleaning session: cloned chroot in use
E: Build failure (dpkg-buildpackage died)

+------------------------------------------------------------------------------+
| Summary                                                                      |
+------------------------------------------------------------------------------+

Build Architecture: amd64
Build Type: any
Build-Space: 24000
Build-Time: 61
Distribution: unstable
Fail-Stage: build
Host Architecture: amd64
Install-Time: 30
Job: ui-utilcpp_1.8.5-1
Machine Architecture: amd64
Package: ui-utilcpp
Package-Time: 104
Source-Version: 1.8.5-1
Space: 24000
Status: attempted
Version: 1.8.5-1
--------------------------------------------------------------------------------
Finished at 2018-02-07T20:29:23Z
Build needed 00:01:44, 24000k disk space
E: Build failure (dpkg-buildpackage died)
DC-Status: Failed 105.437463995s
DC-Time-Estimation: 105.437463995 versus expected 265 (r/m: 1.5133381433810538 ; m: 105.437463995)
