DC-Build-Header: viewpdf.app 1:0.2dfsg1-6 / 2018-02-07 21:15:40 +0000
DC-Task: type:rebuild-binarch-only source:viewpdf.app version:1:0.2dfsg1-6 chroot:unstable esttime:33 logfile:/tmp/viewpdf.app_0.2dfsg1-6_unstable_clang60.log modes:clang60:binarch-only
DC-Sbuild-call: su user42 -c 'sbuild -n --arch-any --apt-update -d unstable -v  --chroot-setup-commands=/tmp/clang60 viewpdf.app_1:0.2dfsg1-6'
sbuild (Debian sbuild) 0.73.0 (23 Dec 2016) on ip-172-31-15-112.eu-central-1.compute.internal

+==============================================================================+
| viewpdf.app 1:0.2dfsg1-6 (amd64)             Wed, 07 Feb 2018 21:15:41 +0000 |
+==============================================================================+

Package: viewpdf.app
Version: 1:0.2dfsg1-6
Source Version: 1:0.2dfsg1-6
Distribution: unstable
Machine Architecture: amd64
Host Architecture: amd64
Build Architecture: amd64
Build Type: any

I: NOTICE: Log filtering will replace 'var/run/schroot/mount/unstable-amd64-sbuild-7c76ccba-af2a-4527-a46a-cb0f04715fe9' with '<<CHROOT>>'

+------------------------------------------------------------------------------+
| Chroot Setup Commands                                                        |
+------------------------------------------------------------------------------+


/tmp/clang60
------------

+ echo 'Entering customization script...'
Entering customization script...
+ CLANG_VERSION=6.0
+ echo 'Install of clang-6.0'
Install of clang-6.0
+ apt-get update
Get:1 http://127.0.0.1:9999/debian unstable InRelease [241 kB]
Get:2 http://127.0.0.1:9999/debian unstable/main Sources.diff/Index [27.9 kB]
Get:3 http://127.0.0.1:9999/debian unstable/main amd64 Packages.diff/Index [27.9 kB]
Get:4 http://127.0.0.1:9999/debian unstable/main Sources 2018-02-07-1427.34.pdiff [9180 B]
Get:4 http://127.0.0.1:9999/debian unstable/main Sources 2018-02-07-1427.34.pdiff [9180 B]
Get:5 http://127.0.0.1:9999/debian unstable/main amd64 Packages 2018-02-07-1427.34.pdiff [14.2 kB]
Get:5 http://127.0.0.1:9999/debian unstable/main amd64 Packages 2018-02-07-1427.34.pdiff [14.2 kB]
Get:6 http://127.0.0.1:9999/debian unstable/main Translation-en [5980 kB]
Fetched 6300 kB in 2s (3513 kB/s)
Reading package lists...
+ apt-get install --yes --no-install-recommends --force-yes clang-6.0
Reading package lists...
Building dependency tree...
Reading state information...
The following additional packages will be installed:
  lib32gcc1 lib32stdc++6 libbsd0 libc6-i386 libclang-common-6.0-dev
  libclang1-6.0 libedit2 libjsoncpp1 libllvm6.0 libncurses5 libobjc-7-dev
  libobjc4
Suggested packages:
  gnustep gnustep-devel clang-6.0-doc
Recommended packages:
  llvm-6.0-dev python libomp-dev libgpm2
The following NEW packages will be installed:
  clang-6.0 lib32gcc1 lib32stdc++6 libbsd0 libc6-i386 libclang-common-6.0-dev
  libclang1-6.0 libedit2 libjsoncpp1 libllvm6.0 libncurses5 libobjc-7-dev
  libobjc4
0 upgraded, 13 newly installed, 0 to remove and 1 not upgraded.
Need to get 37.6 MB of archives.
After this operation, 187 MB of additional disk space will be used.
Get:1 http://127.0.0.1:9999/debian unstable/main amd64 libjsoncpp1 amd64 1.7.4-3 [75.6 kB]
Get:2 http://127.0.0.1:9999/debian unstable/main amd64 libbsd0 amd64 0.8.7-1 [92.1 kB]
Get:3 http://127.0.0.1:9999/debian unstable/main amd64 libncurses5 amd64 6.0+20171125-1 [95.7 kB]
Get:4 http://127.0.0.1:9999/debian unstable/main amd64 libedit2 amd64 3.1-20170329-1 [85.2 kB]
Get:5 http://127.0.0.1:9999/debian unstable/main amd64 libllvm6.0 amd64 1:6.0~+rc1-1 [14.5 MB]
Get:6 http://127.0.0.1:9999/debian unstable/main amd64 libobjc4 amd64 7.3.0-1 [51.2 kB]
Get:7 http://127.0.0.1:9999/debian unstable/main amd64 libobjc-7-dev amd64 7.3.0-1 [203 kB]
Get:8 http://127.0.0.1:9999/debian unstable/main amd64 libc6-i386 amd64 2.26-6 [2836 kB]
Get:9 http://127.0.0.1:9999/debian unstable/main amd64 lib32gcc1 amd64 1:7.3.0-1 [46.8 kB]
Get:10 http://127.0.0.1:9999/debian unstable/main amd64 lib32stdc++6 amd64 7.3.0-1 [405 kB]
Get:11 http://127.0.0.1:9999/debian unstable/main amd64 libclang-common-6.0-dev amd64 1:6.0~+rc1-1 [3097 kB]
Get:12 http://127.0.0.1:9999/debian unstable/main amd64 libclang1-6.0 amd64 1:6.0~+rc1-1 [6983 kB]
Get:13 http://127.0.0.1:9999/debian unstable/main amd64 clang-6.0 amd64 1:6.0~+rc1-1 [9171 kB]
debconf: delaying package configuration, since apt-utils is not installed
Fetched 37.6 MB in 0s (98.8 MB/s)
Selecting previously unselected package libjsoncpp1:amd64.
(Reading database ... (Reading database ... 5%(Reading database ... 10%(Reading database ... 15%(Reading database ... 20%(Reading database ... 25%(Reading database ... 30%(Reading database ... 35%(Reading database ... 40%(Reading database ... 45%(Reading database ... 50%(Reading database ... 55%(Reading database ... 60%(Reading database ... 65%(Reading database ... 70%(Reading database ... 75%(Reading database ... 80%(Reading database ... 85%(Reading database ... 90%(Reading database ... 95%(Reading database ... 100%(Reading database ... 9974 files and directories currently installed.)
Preparing to unpack .../00-libjsoncpp1_1.7.4-3_amd64.deb ...
Unpacking libjsoncpp1:amd64 (1.7.4-3) ...
Selecting previously unselected package libbsd0:amd64.
Preparing to unpack .../01-libbsd0_0.8.7-1_amd64.deb ...
Unpacking libbsd0:amd64 (0.8.7-1) ...
Selecting previously unselected package libncurses5:amd64.
Preparing to unpack .../02-libncurses5_6.0+20171125-1_amd64.deb ...
Unpacking libncurses5:amd64 (6.0+20171125-1) ...
Selecting previously unselected package libedit2:amd64.
Preparing to unpack .../03-libedit2_3.1-20170329-1_amd64.deb ...
Unpacking libedit2:amd64 (3.1-20170329-1) ...
Selecting previously unselected package libllvm6.0:amd64.
Preparing to unpack .../04-libllvm6.0_1%3a6.0~+rc1-1_amd64.deb ...
Unpacking libllvm6.0:amd64 (1:6.0~+rc1-1) ...
Selecting previously unselected package libobjc4:amd64.
Preparing to unpack .../05-libobjc4_7.3.0-1_amd64.deb ...
Unpacking libobjc4:amd64 (7.3.0-1) ...
Selecting previously unselected package libobjc-7-dev:amd64.
Preparing to unpack .../06-libobjc-7-dev_7.3.0-1_amd64.deb ...
Unpacking libobjc-7-dev:amd64 (7.3.0-1) ...
Selecting previously unselected package libc6-i386.
Preparing to unpack .../07-libc6-i386_2.26-6_amd64.deb ...
Unpacking libc6-i386 (2.26-6) ...
Selecting previously unselected package lib32gcc1.
Preparing to unpack .../08-lib32gcc1_1%3a7.3.0-1_amd64.deb ...
Unpacking lib32gcc1 (1:7.3.0-1) ...
Selecting previously unselected package lib32stdc++6.
Preparing to unpack .../09-lib32stdc++6_7.3.0-1_amd64.deb ...
Unpacking lib32stdc++6 (7.3.0-1) ...
Selecting previously unselected package libclang-common-6.0-dev.
Preparing to unpack .../10-libclang-common-6.0-dev_1%3a6.0~+rc1-1_amd64.deb ...
Unpacking libclang-common-6.0-dev (1:6.0~+rc1-1) ...
Selecting previously unselected package libclang1-6.0:amd64.
Preparing to unpack .../11-libclang1-6.0_1%3a6.0~+rc1-1_amd64.deb ...
Unpacking libclang1-6.0:amd64 (1:6.0~+rc1-1) ...
Selecting previously unselected package clang-6.0.
Preparing to unpack .../12-clang-6.0_1%3a6.0~+rc1-1_amd64.deb ...
Unpacking clang-6.0 (1:6.0~+rc1-1) ...
Setting up libncurses5:amd64 (6.0+20171125-1) ...
Setting up libobjc4:amd64 (7.3.0-1) ...
Setting up libc6-i386 (2.26-6) ...
Setting up libbsd0:amd64 (0.8.7-1) ...
Setting up libobjc-7-dev:amd64 (7.3.0-1) ...
Processing triggers for libc-bin (2.26-6) ...
Setting up lib32gcc1 (1:7.3.0-1) ...
Setting up libjsoncpp1:amd64 (1.7.4-3) ...
Setting up libedit2:amd64 (3.1-20170329-1) ...
Setting up libllvm6.0:amd64 (1:6.0~+rc1-1) ...
Setting up libclang1-6.0:amd64 (1:6.0~+rc1-1) ...
Setting up lib32stdc++6 (7.3.0-1) ...
Setting up libclang-common-6.0-dev (1:6.0~+rc1-1) ...
Setting up clang-6.0 (1:6.0~+rc1-1) ...
Processing triggers for libc-bin (2.26-6) ...
W: --force-yes is deprecated, use one of the options starting with --allow instead.
+ echo 'Replace gcc, g++ & cpp by clang'
Replace gcc, g++ & cpp by clang
+ VERSIONS='4.6 4.7 4.8 4.9 5 6 7 8'
+ cd /usr/bin
+ for VERSION in $VERSIONS
+ rm -f g++-4.6 gcc-4.6 cpp-4.6 gcc
+ ln -s clang++-6.0 g++-4.6
+ ln -s clang-6.0 gcc-4.6
+ ln -s clang-6.0 cpp-4.6
+ ln -s clang-6.0 gcc
+ echo 'gcc-4.6 hold'
+ dpkg --set-selections
dpkg: warning: package not in status nor available database at line 1: gcc-4.6
dpkg: warning: found unknown packages; this might mean the available database
is outdated, and needs to be updated through a frontend method;
please see the FAQ <https://wiki.debian.org/Teams/Dpkg/FAQ>
+ echo 'g++-4.6 hold'
+ dpkg --set-selections
dpkg: warning: package not in status nor available database at line 1: g++-4.6
dpkg: warning: found unknown packages; this might mean the available database
is outdated, and needs to be updated through a frontend method;
please see the FAQ <https://wiki.debian.org/Teams/Dpkg/FAQ>
+ for VERSION in $VERSIONS
+ rm -f g++-4.7 gcc-4.7 cpp-4.7 gcc
+ ln -s clang++-6.0 g++-4.7
+ ln -s clang-6.0 gcc-4.7
+ ln -s clang-6.0 cpp-4.7
+ ln -s clang-6.0 gcc
+ echo 'gcc-4.7 hold'
+ dpkg --set-selections
dpkg: warning: package not in status nor available database at line 1: gcc-4.7
dpkg: warning: found unknown packages; this might mean the available database
is outdated, and needs to be updated through a frontend method;
please see the FAQ <https://wiki.debian.org/Teams/Dpkg/FAQ>
+ echo 'g++-4.7 hold'
+ dpkg --set-selections
dpkg: warning: package not in status nor available database at line 1: g++-4.7
dpkg: warning: found unknown packages; this might mean the available database
is outdated, and needs to be updated through a frontend method;
please see the FAQ <https://wiki.debian.org/Teams/Dpkg/FAQ>
+ for VERSION in $VERSIONS
+ rm -f g++-4.8 gcc-4.8 cpp-4.8 gcc
+ ln -s clang++-6.0 g++-4.8
+ ln -s clang-6.0 gcc-4.8
+ ln -s clang-6.0 cpp-4.8
+ ln -s clang-6.0 gcc
+ echo 'gcc-4.8 hold'
+ dpkg --set-selections
dpkg: warning: package not in status nor available database at line 1: gcc-4.8
dpkg: warning: found unknown packages; this might mean the available database
is outdated, and needs to be updated through a frontend method;
please see the FAQ <https://wiki.debian.org/Teams/Dpkg/FAQ>
+ echo 'g++-4.8 hold'
+ dpkg --set-selections
dpkg: warning: package not in status nor available database at line 1: g++-4.8
dpkg: warning: found unknown packages; this might mean the available database
is outdated, and needs to be updated through a frontend method;
please see the FAQ <https://wiki.debian.org/Teams/Dpkg/FAQ>
+ for VERSION in $VERSIONS
+ rm -f g++-4.9 gcc-4.9 cpp-4.9 gcc
+ ln -s clang++-6.0 g++-4.9
+ ln -s clang-6.0 gcc-4.9
+ ln -s clang-6.0 cpp-4.9
+ ln -s clang-6.0 gcc
+ echo 'gcc-4.9 hold'
+ dpkg --set-selections
dpkg: warning: package not in status nor available database at line 1: gcc-4.9
dpkg: warning: found unknown packages; this might mean the available database
is outdated, and needs to be updated through a frontend method;
please see the FAQ <https://wiki.debian.org/Teams/Dpkg/FAQ>
+ echo 'g++-4.9 hold'
+ dpkg --set-selections
dpkg: warning: package not in status nor available database at line 1: g++-4.9
dpkg: warning: found unknown packages; this might mean the available database
is outdated, and needs to be updated through a frontend method;
please see the FAQ <https://wiki.debian.org/Teams/Dpkg/FAQ>
+ for VERSION in $VERSIONS
+ rm -f g++-5 gcc-5 cpp-5 gcc
+ ln -s clang++-6.0 g++-5
+ ln -s clang-6.0 gcc-5
+ ln -s clang-6.0 cpp-5
+ ln -s clang-6.0 gcc
+ echo 'gcc-5 hold'
+ dpkg --set-selections
+ echo 'g++-5 hold'
+ dpkg --set-selections
+ for VERSION in $VERSIONS
+ rm -f g++-6 gcc-6 cpp-6 gcc
+ ln -s clang++-6.0 g++-6
+ ln -s clang-6.0 gcc-6
+ ln -s clang-6.0 cpp-6
+ ln -s clang-6.0 gcc
+ echo 'gcc-6 hold'
+ dpkg --set-selections
dpkg: warning: package not in status nor available database at line 1: gcc-6
dpkg: warning: found unknown packages; this might mean the available database
is outdated, and needs to be updated through a frontend method;
please see the FAQ <https://wiki.debian.org/Teams/Dpkg/FAQ>
+ echo 'g++-6 hold'
+ dpkg --set-selections
dpkg: warning: package not in status nor available database at line 1: g++-6
dpkg: warning: found unknown packages; this might mean the available database
is outdated, and needs to be updated through a frontend method;
please see the FAQ <https://wiki.debian.org/Teams/Dpkg/FAQ>
+ for VERSION in $VERSIONS
+ rm -f g++-7 gcc-7 cpp-7 gcc
+ ln -s clang++-6.0 g++-7
+ ln -s clang-6.0 gcc-7
+ ln -s clang-6.0 cpp-7
+ ln -s clang-6.0 gcc
+ echo 'gcc-7 hold'
+ dpkg --set-selections
+ echo 'g++-7 hold'
+ dpkg --set-selections
+ for VERSION in $VERSIONS
+ rm -f g++-8 gcc-8 cpp-8 gcc
+ ln -s clang++-6.0 g++-8
+ ln -s clang-6.0 gcc-8
+ ln -s clang-6.0 cpp-8
+ ln -s clang-6.0 gcc
+ echo 'gcc-8 hold'
+ dpkg --set-selections
dpkg: warning: package not in status nor available database at line 1: gcc-8
dpkg: warning: found unknown packages; this might mean the available database
is outdated, and needs to be updated through a frontend method;
please see the FAQ <https://wiki.debian.org/Teams/Dpkg/FAQ>
+ echo 'g++-8 hold'
+ dpkg --set-selections
dpkg: warning: package not in status nor available database at line 1: g++-8
dpkg: warning: found unknown packages; this might mean the available database
is outdated, and needs to be updated through a frontend method;
please see the FAQ <https://wiki.debian.org/Teams/Dpkg/FAQ>
+ cd -
/build/viewpdf.app-JxwYsz
+ echo 'Check if gcc, g++ & cpp are actually clang'
Check if gcc, g++ & cpp are actually clang
+ gcc --version
+ grep clang
+ cpp --version
+ grep clang
+ g++ --version
+ grep clang

I: Finished running '/tmp/clang60'.

Finished processing commands.
--------------------------------------------------------------------------------

+------------------------------------------------------------------------------+
| Update chroot                                                                |
+------------------------------------------------------------------------------+

Hit:1 http://127.0.0.1:9999/debian unstable InRelease
Reading package lists...
Reading package lists...
Building dependency tree...
Reading state information...
Calculating upgrade...
The following packages will be upgraded:
  libdebconfclient0
1 upgraded, 0 newly installed, 0 to remove and 0 not upgraded.
Need to get 48.3 kB of archives.
After this operation, 0 B of additional disk space will be used.
Get:1 http://127.0.0.1:9999/debian unstable/main amd64 libdebconfclient0 amd64 0.240 [48.3 kB]
debconf: delaying package configuration, since apt-utils is not installed
Fetched 48.3 kB in 0s (4256 kB/s)
(Reading database ... (Reading database ... 5%(Reading database ... 10%(Reading database ... 15%(Reading database ... 20%(Reading database ... 25%(Reading database ... 30%(Reading database ... 35%(Reading database ... 40%(Reading database ... 45%(Reading database ... 50%(Reading database ... 55%(Reading database ... 60%(Reading database ... 65%(Reading database ... 70%(Reading database ... 75%(Reading database ... 80%(Reading database ... 85%(Reading database ... 90%(Reading database ... 95%(Reading database ... 100%(Reading database ... 10722 files and directories currently installed.)
Preparing to unpack .../libdebconfclient0_0.240_amd64.deb ...
Unpacking libdebconfclient0:amd64 (0.240) over (0.239) ...
Setting up libdebconfclient0:amd64 (0.240) ...
Processing triggers for libc-bin (2.26-6) ...

+------------------------------------------------------------------------------+
| Fetch source files                                                           |
+------------------------------------------------------------------------------+


Check APT
---------

Checking available source versions...

Download source files with APT
------------------------------

Reading package lists...
NOTICE: 'viewpdf.app' packaging is maintained in the 'Git' version control system at:
git://git.debian.org/pkg-gnustep/vindaloo.app.git
Please use:
git clone git://git.debian.org/pkg-gnustep/vindaloo.app.git
to retrieve the latest (possibly unreleased) updates to the package.
Need to get 60.9 kB of source archives.
Get:1 http://127.0.0.1:9999/debian unstable/main viewpdf.app 1:0.2dfsg1-6 (dsc) [2090 B]
Get:2 http://127.0.0.1:9999/debian unstable/main viewpdf.app 1:0.2dfsg1-6 (tar) [53.2 kB]
Get:3 http://127.0.0.1:9999/debian unstable/main viewpdf.app 1:0.2dfsg1-6 (diff) [5632 B]
Fetched 60.9 kB in 0s (377 kB/s)
Download complete and in download only mode
I: NOTICE: Log filtering will replace 'build/viewpdf.app-JxwYsz/viewpdf.app-0.2dfsg1' with '<<PKGBUILDDIR>>'
I: NOTICE: Log filtering will replace 'build/viewpdf.app-JxwYsz' with '<<BUILDDIR>>'

+------------------------------------------------------------------------------+
| Install build-essential                                                      |
+------------------------------------------------------------------------------+


Setup apt archive
-----------------

Merged Build-Depends: build-essential, fakeroot
Filtered Build-Depends: build-essential, fakeroot
dpkg-deb: building package 'sbuild-build-depends-core-dummy' in '/<<BUILDDIR>>/resolver-ybQiLb/apt_archive/sbuild-build-depends-core-dummy.deb'.
dpkg-scanpackages: warning: Packages in archive but missing from override file:
dpkg-scanpackages: warning:   sbuild-build-depends-core-dummy
dpkg-scanpackages: info: Wrote 1 entries to output Packages file.
Ign:1 copy:/<<BUILDDIR>>/resolver-ybQiLb/apt_archive ./ InRelease
Get:2 copy:/<<BUILDDIR>>/resolver-ybQiLb/apt_archive ./ Release [957 B]
Ign:3 copy:/<<BUILDDIR>>/resolver-ybQiLb/apt_archive ./ Release.gpg
Get:4 copy:/<<BUILDDIR>>/resolver-ybQiLb/apt_archive ./ Sources [349 B]
Get:5 copy:/<<BUILDDIR>>/resolver-ybQiLb/apt_archive ./ Packages [432 B]
Fetched 1738 B in 0s (129 kB/s)
Reading package lists...
Reading package lists...

Install core build dependencies (apt-based resolver)
----------------------------------------------------

Installing build dependencies
Reading package lists...
Building dependency tree...
Reading state information...
The following NEW packages will be installed:
  sbuild-build-depends-core-dummy
0 upgraded, 1 newly installed, 0 to remove and 0 not upgraded.
Need to get 852 B of archives.
After this operation, 0 B of additional disk space will be used.
Get:1 copy:/<<BUILDDIR>>/resolver-ybQiLb/apt_archive ./ sbuild-build-depends-core-dummy 0.invalid.0 [852 B]
debconf: delaying package configuration, since apt-utils is not installed
Fetched 852 B in 0s (0 B/s)
Selecting previously unselected package sbuild-build-depends-core-dummy.
(Reading database ... 10722 files and directories currently installed.)
Preparing to unpack .../sbuild-build-depends-core-dummy_0.invalid.0_amd64.deb ...
Unpacking sbuild-build-depends-core-dummy (0.invalid.0) ...
Setting up sbuild-build-depends-core-dummy (0.invalid.0) ...

+------------------------------------------------------------------------------+
| Check architectures                                                          |
+------------------------------------------------------------------------------+

Arch check ok (amd64 included in any)

+------------------------------------------------------------------------------+
| Install package build dependencies                                           |
+------------------------------------------------------------------------------+


Setup apt archive
-----------------

Merged Build-Depends: debhelper (>= 11), gnustep-make, dpkg-dev (>= 1.16.1~), libgnustep-gui-dev, libpopplerkit-dev
Filtered Build-Depends: debhelper (>= 11), gnustep-make, dpkg-dev (>= 1.16.1~), libgnustep-gui-dev, libpopplerkit-dev
dpkg-deb: building package 'sbuild-build-depends-viewpdf.app-dummy' in '/<<BUILDDIR>>/resolver-ybQiLb/apt_archive/sbuild-build-depends-viewpdf.app-dummy.deb'.
dpkg-scanpackages: warning: Packages in archive but missing from override file:
dpkg-scanpackages: warning:   sbuild-build-depends-core-dummy sbuild-build-depends-viewpdf.app-dummy
dpkg-scanpackages: info: Wrote 2 entries to output Packages file.
Ign:1 copy:/<<BUILDDIR>>/resolver-ybQiLb/apt_archive ./ InRelease
Get:2 copy:/<<BUILDDIR>>/resolver-ybQiLb/apt_archive ./ Release [963 B]
Ign:3 copy:/<<BUILDDIR>>/resolver-ybQiLb/apt_archive ./ Release.gpg
Get:4 copy:/<<BUILDDIR>>/resolver-ybQiLb/apt_archive ./ Sources [535 B]
Get:5 copy:/<<BUILDDIR>>/resolver-ybQiLb/apt_archive ./ Packages [616 B]
Fetched 2114 B in 0s (161 kB/s)
Reading package lists...
Reading package lists...

Install viewpdf.app build dependencies (apt-based resolver)
-----------------------------------------------------------

Installing build dependencies
Reading package lists...
Building dependency tree...
Reading state information...
The following additional packages will be installed:
  autoconf automake autopoint autotools-dev bsdmainutils ca-certificates
  debhelper dh-autoreconf dh-strip-nondeterminism file fontconfig
  fontconfig-config fonts-dejavu-core fonts-freefont-ttf gettext gettext-base
  gnustep-back-common gnustep-back0.26 gnustep-back0.26-cairo
  gnustep-base-common gnustep-base-runtime gnustep-common gnustep-gui-common
  gnustep-gui-runtime gnustep-make gobjc gobjc-7 groff-base gsfonts
  imagemagick-6-common intltool-debian libao-common libao4 libarchive-zip-perl
  libasound2 libasound2-data libaspell15 libavahi-client3 libavahi-common-data
  libavahi-common3 libcairo2 libcroco3 libcups2 libdbus-1-3 libdrm-amdgpu1
  libdrm-common libdrm-intel1 libdrm-nouveau2 libdrm-radeon1 libdrm2 libelf1
  libexpat1 libfftw3-double3 libfile-stripnondeterminism-perl libflac8
  libflite1 libfontconfig1 libfreetype6 libgif7 libgl1 libgl1-mesa-dri
  libglapi-mesa libglib2.0-0 libglvnd0 libglx-mesa0 libglx0
  libgnustep-base-dev libgnustep-base1.25 libgnustep-gui-dev
  libgnustep-gui0.26 libgssapi-krb5-2 libice6 libicu57 libjbig0
  libjpeg62-turbo libk5crypto3 libkeyutils1 libkrb5-3 libkrb5support0
  liblcms2-2 libllvm5.0 liblqr-1-0 libltdl7 libmagic-mgc libmagic1
  libmagickcore-6.q16-3 libnspr4 libnss3 libogg0 libopenjp2-7 libpciaccess0
  libpipeline1 libpixman-1-0 libpng16-16 libpoppler72 libpopplerkit-dev
  libpopplerkit0 libsensors4 libsigsegv2 libsm6 libsndfile1 libsqlite3-0
  libssl1.1 libtiff5 libtimedate-perl libtool libvorbis0a libvorbisenc2
  libx11-6 libx11-data libx11-xcb1 libxau6 libxcb-dri2-0 libxcb-dri3-0
  libxcb-glx0 libxcb-present0 libxcb-render0 libxcb-shm0 libxcb-sync1
  libxcb-xfixes0 libxcb1 libxcursor1 libxdamage1 libxdmcp6 libxext6 libxfixes3
  libxml2 libxmu6 libxrender1 libxshmfence1 libxslt1.1 libxt6 libxxf86vm1
  lsb-base m4 man-db mknfonts.tool openssl po-debconf tzdata ucf x11-common
Suggested packages:
  autoconf-archive gnu-standards autoconf-doc wamerican | wordlist whois
  vacation dh-make dwz gettext-doc libasprintf-dev libgettextpo-dev
  fonts-dejavu | gsfonts-x11 gnustep-base-doc gnustep-make-doc gobjc-multilib
  gobjc-7-multilib gcc-7-doc libobjc4-dbg groff libaudio2 libpulse0
  libsndio6.1 libasound2-plugins alsa-utils aspell cups-common libfftw3-bin
  libfftw3-dev gnustep-gui-doc krb5-doc krb5-user liblcms2-utils
  libmagickcore-6.q16-3-extra pciutils lm-sensors libtool-doc gfortran
  | fortran95-compiler gcj-jdk m4-doc less www-browser apparmor
  libmail-box-perl
Recommended packages:
  curl | wget | lynx-cur aspell-en | aspell-dictionary | aspell6a-dictionary
  dbus libarchive-cpio-perl libglib2.0-data shared-mime-info xdg-user-dirs
  krb5-locales ghostscript poppler-data libltdl-dev libmail-sendmail-perl
The following NEW packages will be installed:
  autoconf automake autopoint autotools-dev bsdmainutils ca-certificates
  debhelper dh-autoreconf dh-strip-nondeterminism file fontconfig
  fontconfig-config fonts-dejavu-core fonts-freefont-ttf gettext gettext-base
  gnustep-back-common gnustep-back0.26 gnustep-back0.26-cairo
  gnustep-base-common gnustep-base-runtime gnustep-common gnustep-gui-common
  gnustep-gui-runtime gnustep-make gobjc gobjc-7 groff-base gsfonts
  imagemagick-6-common intltool-debian libao-common libao4 libarchive-zip-perl
  libasound2 libasound2-data libaspell15 libavahi-client3 libavahi-common-data
  libavahi-common3 libcairo2 libcroco3 libcups2 libdbus-1-3 libdrm-amdgpu1
  libdrm-common libdrm-intel1 libdrm-nouveau2 libdrm-radeon1 libdrm2 libelf1
  libexpat1 libfftw3-double3 libfile-stripnondeterminism-perl libflac8
  libflite1 libfontconfig1 libfreetype6 libgif7 libgl1 libgl1-mesa-dri
  libglapi-mesa libglib2.0-0 libglvnd0 libglx-mesa0 libglx0
  libgnustep-base-dev libgnustep-base1.25 libgnustep-gui-dev
  libgnustep-gui0.26 libgssapi-krb5-2 libice6 libicu57 libjbig0
  libjpeg62-turbo libk5crypto3 libkeyutils1 libkrb5-3 libkrb5support0
  liblcms2-2 libllvm5.0 liblqr-1-0 libltdl7 libmagic-mgc libmagic1
  libmagickcore-6.q16-3 libnspr4 libnss3 libogg0 libopenjp2-7 libpciaccess0
  libpipeline1 libpixman-1-0 libpng16-16 libpoppler72 libpopplerkit-dev
  libpopplerkit0 libsensors4 libsigsegv2 libsm6 libsndfile1 libsqlite3-0
  libssl1.1 libtiff5 libtimedate-perl libtool libvorbis0a libvorbisenc2
  libx11-6 libx11-data libx11-xcb1 libxau6 libxcb-dri2-0 libxcb-dri3-0
  libxcb-glx0 libxcb-present0 libxcb-render0 libxcb-shm0 libxcb-sync1
  libxcb-xfixes0 libxcb1 libxcursor1 libxdamage1 libxdmcp6 libxext6 libxfixes3
  libxml2 libxmu6 libxrender1 libxshmfence1 libxslt1.1 libxt6 libxxf86vm1
  lsb-base m4 man-db mknfonts.tool openssl po-debconf
  sbuild-build-depends-viewpdf.app-dummy tzdata ucf x11-common
0 upgraded, 143 newly installed, 0 to remove and 0 not upgraded.
Need to get 96.0 MB of archives.
After this operation, 432 MB of additional disk space will be used.
Get:1 copy:/<<BUILDDIR>>/resolver-ybQiLb/apt_archive ./ sbuild-build-depends-viewpdf.app-dummy 0.invalid.0 [908 B]
Get:2 http://127.0.0.1:9999/debian unstable/main amd64 groff-base amd64 1.22.3-9 [1160 kB]
Get:3 http://127.0.0.1:9999/debian unstable/main amd64 bsdmainutils amd64 11.1.2 [190 kB]
Get:4 http://127.0.0.1:9999/debian unstable/main amd64 libpipeline1 amd64 1.5.0-1 [29.0 kB]
Get:5 http://127.0.0.1:9999/debian unstable/main amd64 man-db amd64 2.8.0-2 [1170 kB]
Get:6 http://127.0.0.1:9999/debian unstable/main amd64 libexpat1 amd64 2.2.5-3 [96.8 kB]
Get:7 http://127.0.0.1:9999/debian unstable/main amd64 libpng16-16 amd64 1.6.34-1 [287 kB]
Get:8 http://127.0.0.1:9999/debian unstable/main amd64 libfreetype6 amd64 2.8.1-1 [461 kB]
Get:9 http://127.0.0.1:9999/debian unstable/main amd64 ucf all 3.0036 [70.2 kB]
Get:10 http://127.0.0.1:9999/debian unstable/main amd64 fonts-dejavu-core all 2.37-1 [1068 kB]
Get:11 http://127.0.0.1:9999/debian unstable/main amd64 fontconfig-config all 2.12.6-0.1 [304 kB]
Get:12 http://127.0.0.1:9999/debian unstable/main amd64 libfontconfig1 amd64 2.12.6-0.1 [368 kB]
Get:13 http://127.0.0.1:9999/debian unstable/main amd64 fontconfig amd64 2.12.6-0.1 [439 kB]
Get:14 http://127.0.0.1:9999/debian unstable/main amd64 libfftw3-double3 amd64 3.3.7-1 [740 kB]
Get:15 http://127.0.0.1:9999/debian unstable/main amd64 libjbig0 amd64 2.1-3.1+b2 [31.0 kB]
Get:16 http://127.0.0.1:9999/debian unstable/main amd64 libjpeg62-turbo amd64 1:1.5.2-2+b1 [134 kB]
Get:17 http://127.0.0.1:9999/debian unstable/main amd64 liblcms2-2 amd64 2.9-1 [145 kB]
Get:18 http://127.0.0.1:9999/debian unstable/main amd64 libglib2.0-0 amd64 2.54.3-2 [2822 kB]
Get:19 http://127.0.0.1:9999/debian unstable/main amd64 liblqr-1-0 amd64 0.4.2-2.1 [29.1 kB]
Get:20 http://127.0.0.1:9999/debian unstable/main amd64 libltdl7 amd64 2.4.6-2 [389 kB]
Get:21 http://127.0.0.1:9999/debian unstable/main amd64 libopenjp2-7 amd64 2.3.0-1 [163 kB]
Get:22 http://127.0.0.1:9999/debian unstable/main amd64 libtiff5 amd64 4.0.9-3 [245 kB]
Get:23 http://127.0.0.1:9999/debian unstable/main amd64 libxau6 amd64 1:1.0.8-1+b2 [19.9 kB]
Get:24 http://127.0.0.1:9999/debian unstable/main amd64 libxdmcp6 amd64 1:1.1.2-3 [26.3 kB]
Get:25 http://127.0.0.1:9999/debian unstable/main amd64 libxcb1 amd64 1.12-1 [133 kB]
Get:26 http://127.0.0.1:9999/debian unstable/main amd64 libx11-data all 2:1.6.4-3 [290 kB]
Get:27 http://127.0.0.1:9999/debian unstable/main amd64 libx11-6 amd64 2:1.6.4-3 [747 kB]
Get:28 http://127.0.0.1:9999/debian unstable/main amd64 libxext6 amd64 2:1.3.3-1+b2 [52.5 kB]
Get:29 http://127.0.0.1:9999/debian unstable/main amd64 libicu57 amd64 57.1-8 [7699 kB]
Get:30 http://127.0.0.1:9999/debian unstable/main amd64 libxml2 amd64 2.9.4+dfsg1-6.1 [725 kB]
Get:31 http://127.0.0.1:9999/debian unstable/main amd64 imagemagick-6-common all 8:6.9.7.4+dfsg-16.1 [186 kB]
Get:32 http://127.0.0.1:9999/debian unstable/main amd64 libmagickcore-6.q16-3 amd64 8:6.9.7.4+dfsg-16.1 [1744 kB]
Get:33 http://127.0.0.1:9999/debian unstable/main amd64 tzdata all 2018c-1 [250 kB]
Get:34 http://127.0.0.1:9999/debian unstable/main amd64 libmagic-mgc amd64 1:5.32-1 [225 kB]
Get:35 http://127.0.0.1:9999/debian unstable/main amd64 libmagic1 amd64 1:5.32-1 [111 kB]
Get:36 http://127.0.0.1:9999/debian unstable/main amd64 file amd64 1:5.32-1 [64.4 kB]
Get:37 http://127.0.0.1:9999/debian unstable/main amd64 gettext-base amd64 0.19.8.1-4 [122 kB]
Get:38 http://127.0.0.1:9999/debian unstable/main amd64 libsigsegv2 amd64 2.12-1 [32.7 kB]
Get:39 http://127.0.0.1:9999/debian unstable/main amd64 m4 amd64 1.4.18-1 [202 kB]
Get:40 http://127.0.0.1:9999/debian unstable/main amd64 autoconf all 2.69-11 [341 kB]
Get:41 http://127.0.0.1:9999/debian unstable/main amd64 autotools-dev all 20171216.1 [75.9 kB]
Get:42 http://127.0.0.1:9999/debian unstable/main amd64 automake all 1:1.15.1-3 [736 kB]
Get:43 http://127.0.0.1:9999/debian unstable/main amd64 autopoint all 0.19.8.1-4 [434 kB]
Get:44 http://127.0.0.1:9999/debian unstable/main amd64 libssl1.1 amd64 1.1.0g-2 [1346 kB]
Get:45 http://127.0.0.1:9999/debian unstable/main amd64 openssl amd64 1.1.0g-2 [741 kB]
Get:46 http://127.0.0.1:9999/debian unstable/main amd64 ca-certificates all 20170717 [178 kB]
Get:47 http://127.0.0.1:9999/debian unstable/main amd64 libtool all 2.4.6-2 [545 kB]
Get:48 http://127.0.0.1:9999/debian unstable/main amd64 dh-autoreconf all 16 [16.3 kB]
Get:49 http://127.0.0.1:9999/debian unstable/main amd64 libarchive-zip-perl all 1.60-1 [95.6 kB]
Get:50 http://127.0.0.1:9999/debian unstable/main amd64 libfile-stripnondeterminism-perl all 0.040-1 [18.4 kB]
Get:51 http://127.0.0.1:9999/debian unstable/main amd64 libtimedate-perl all 2.3000-2 [42.2 kB]
Get:52 http://127.0.0.1:9999/debian unstable/main amd64 dh-strip-nondeterminism all 0.040-1 [11.8 kB]
Get:53 http://127.0.0.1:9999/debian unstable/main amd64 libcroco3 amd64 0.6.12-2 [144 kB]
Get:54 http://127.0.0.1:9999/debian unstable/main amd64 gettext amd64 0.19.8.1-4 [1302 kB]
Get:55 http://127.0.0.1:9999/debian unstable/main amd64 intltool-debian all 0.35.0+20060710.4 [26.3 kB]
Get:56 http://127.0.0.1:9999/debian unstable/main amd64 po-debconf all 1.0.20 [247 kB]
Get:57 http://127.0.0.1:9999/debian unstable/main amd64 debhelper all 11.1.4 [1005 kB]
Get:58 http://127.0.0.1:9999/debian unstable/main amd64 fonts-freefont-ttf all 20120503-7 [4314 kB]
Get:59 http://127.0.0.1:9999/debian unstable/main amd64 gnustep-common amd64 2.7.0-3 [116 kB]
Get:60 http://127.0.0.1:9999/debian unstable/main amd64 gnustep-base-common all 1.25.1-1 [267 kB]
Get:61 http://127.0.0.1:9999/debian unstable/main amd64 libavahi-common-data amd64 0.7-3.1 [122 kB]
Get:62 http://127.0.0.1:9999/debian unstable/main amd64 libavahi-common3 amd64 0.7-3.1 [54.3 kB]
Get:63 http://127.0.0.1:9999/debian unstable/main amd64 libdbus-1-3 amd64 1.12.2-1 [208 kB]
Get:64 http://127.0.0.1:9999/debian unstable/main amd64 libavahi-client3 amd64 0.7-3.1 [57.6 kB]
Get:65 http://127.0.0.1:9999/debian unstable/main amd64 libxslt1.1 amd64 1.1.29-5 [236 kB]
Get:66 http://127.0.0.1:9999/debian unstable/main amd64 libgnustep-base1.25 amd64 1.25.1-1 [1512 kB]
Get:67 http://127.0.0.1:9999/debian unstable/main amd64 lsb-base all 9.20170808 [28.1 kB]
Get:68 http://127.0.0.1:9999/debian unstable/main amd64 gnustep-base-runtime amd64 1.25.1-1 [417 kB]
Get:69 http://127.0.0.1:9999/debian unstable/main amd64 mknfonts.tool amd64 0.5-11+b6 [15.1 kB]
Get:70 http://127.0.0.1:9999/debian unstable/main amd64 gnustep-gui-common all 0.26.2-2 [608 kB]
Get:71 http://127.0.0.1:9999/debian unstable/main amd64 libao-common all 1.2.2+20180113-1 [11.6 kB]
Get:72 http://127.0.0.1:9999/debian unstable/main amd64 libao4 amd64 1.2.2+20180113-1 [39.8 kB]
Get:73 http://127.0.0.1:9999/debian unstable/main amd64 libaspell15 amd64 0.60.7~20110707-4 [334 kB]
Get:74 http://127.0.0.1:9999/debian unstable/main amd64 libkeyutils1 amd64 1.5.9-9.2 [12.9 kB]
Get:75 http://127.0.0.1:9999/debian unstable/main amd64 libkrb5support0 amd64 1.16-2 [62.8 kB]
Get:76 http://127.0.0.1:9999/debian unstable/main amd64 libk5crypto3 amd64 1.16-2 [121 kB]
Get:77 http://127.0.0.1:9999/debian unstable/main amd64 libkrb5-3 amd64 1.16-2 [316 kB]
Get:78 http://127.0.0.1:9999/debian unstable/main amd64 libgssapi-krb5-2 amd64 1.16-2 [158 kB]
Get:79 http://127.0.0.1:9999/debian unstable/main amd64 libcups2 amd64 2.2.6-4 [319 kB]
Get:80 http://127.0.0.1:9999/debian unstable/main amd64 libasound2-data all 1.1.3-5 [173 kB]
Get:81 http://127.0.0.1:9999/debian unstable/main amd64 libasound2 amd64 1.1.3-5 [497 kB]
Get:82 http://127.0.0.1:9999/debian unstable/main amd64 libflite1 amd64 2.1-release-1 [12.8 MB]
Get:83 http://127.0.0.1:9999/debian unstable/main amd64 libgif7 amd64 5.1.4-1 [43.2 kB]
Get:84 http://127.0.0.1:9999/debian unstable/main amd64 libgnustep-gui0.26 amd64 0.26.2-2 [1417 kB]
Get:85 http://127.0.0.1:9999/debian unstable/main amd64 libogg0 amd64 1.3.2-1+b1 [21.3 kB]
Get:86 http://127.0.0.1:9999/debian unstable/main amd64 libflac8 amd64 1.3.2-1 [221 kB]
Get:87 http://127.0.0.1:9999/debian unstable/main amd64 libvorbis0a amd64 1.3.5-4.1 [93.2 kB]
Get:88 http://127.0.0.1:9999/debian unstable/main amd64 libvorbisenc2 amd64 1.3.5-4.1 [79.1 kB]
Get:89 http://127.0.0.1:9999/debian unstable/main amd64 libsndfile1 amd64 1.0.28-4 [252 kB]
Get:90 http://127.0.0.1:9999/debian unstable/main amd64 gnustep-gui-runtime amd64 0.26.2-2 [158 kB]
Get:91 http://127.0.0.1:9999/debian unstable/main amd64 libxfixes3 amd64 1:5.0.3-1 [21.9 kB]
Get:92 http://127.0.0.1:9999/debian unstable/main amd64 gnustep-back-common amd64 0.26.2-2 [130 kB]
Get:93 http://127.0.0.1:9999/debian unstable/main amd64 libpixman-1-0 amd64 0.34.0-2 [529 kB]
Get:94 http://127.0.0.1:9999/debian unstable/main amd64 libxcb-render0 amd64 1.12-1 [105 kB]
Get:95 http://127.0.0.1:9999/debian unstable/main amd64 libxcb-shm0 amd64 1.12-1 [95.9 kB]
Get:96 http://127.0.0.1:9999/debian unstable/main amd64 libxrender1 amd64 1:0.9.10-1 [33.0 kB]
Get:97 http://127.0.0.1:9999/debian unstable/main amd64 libcairo2 amd64 1.15.10-1 [663 kB]
Get:98 http://127.0.0.1:9999/debian unstable/main amd64 libglvnd0 amd64 1.0.0-2 [46.5 kB]
Get:99 http://127.0.0.1:9999/debian unstable/main amd64 libdrm-common all 2.4.89-1 [13.4 kB]
Get:100 http://127.0.0.1:9999/debian unstable/main amd64 libdrm2 amd64 2.4.89-1 [39.8 kB]
Get:101 http://127.0.0.1:9999/debian unstable/main amd64 libglapi-mesa amd64 17.3.3-1 [61.2 kB]
Get:102 http://127.0.0.1:9999/debian unstable/main amd64 libx11-xcb1 amd64 2:1.6.4-3 [183 kB]
Get:103 http://127.0.0.1:9999/debian unstable/main amd64 libxcb-dri2-0 amd64 1.12-1 [97.2 kB]
Get:104 http://127.0.0.1:9999/debian unstable/main amd64 libxcb-dri3-0 amd64 1.12-1 [95.6 kB]
Get:105 http://127.0.0.1:9999/debian unstable/main amd64 libxcb-glx0 amd64 1.12-1 [113 kB]
Get:106 http://127.0.0.1:9999/debian unstable/main amd64 libxcb-present0 amd64 1.12-1 [95.8 kB]
Get:107 http://127.0.0.1:9999/debian unstable/main amd64 libxcb-sync1 amd64 1.12-1 [99.2 kB]
Get:108 http://127.0.0.1:9999/debian unstable/main amd64 libxcb-xfixes0 amd64 1.12-1 [99.6 kB]
Get:109 http://127.0.0.1:9999/debian unstable/main amd64 libxdamage1 amd64 1:1.1.4-3 [14.4 kB]
Get:110 http://127.0.0.1:9999/debian unstable/main amd64 libxshmfence1 amd64 1.2-1+b2 [7922 B]
Get:111 http://127.0.0.1:9999/debian unstable/main amd64 libxxf86vm1 amd64 1:1.1.4-1+b2 [20.8 kB]
Get:112 http://127.0.0.1:9999/debian unstable/main amd64 libdrm-amdgpu1 amd64 2.4.89-1 [28.2 kB]
Get:113 http://127.0.0.1:9999/debian unstable/main amd64 libpciaccess0 amd64 0.13.4-1+b2 [50.0 kB]
Get:114 http://127.0.0.1:9999/debian unstable/main amd64 libdrm-intel1 amd64 2.4.89-1 [69.3 kB]
Get:115 http://127.0.0.1:9999/debian unstable/main amd64 libdrm-nouveau2 amd64 2.4.89-1 [25.9 kB]
Get:116 http://127.0.0.1:9999/debian unstable/main amd64 libdrm-radeon1 amd64 2.4.89-1 [31.0 kB]
Get:117 http://127.0.0.1:9999/debian unstable/main amd64 libelf1 amd64 0.170-0.3 [162 kB]
Get:118 http://127.0.0.1:9999/debian unstable/main amd64 libllvm5.0 amd64 1:5.0.1-2 [13.7 MB]
Get:119 http://127.0.0.1:9999/debian unstable/main amd64 libsensors4 amd64 1:3.4.0-4 [53.3 kB]
Get:120 http://127.0.0.1:9999/debian unstable/main amd64 libgl1-mesa-dri amd64 17.3.3-1 [5900 kB]
Get:121 http://127.0.0.1:9999/debian unstable/main amd64 libglx-mesa0 amd64 17.3.3-1 [171 kB]
Get:122 http://127.0.0.1:9999/debian unstable/main amd64 libglx0 amd64 1.0.0-2 [29.5 kB]
Get:123 http://127.0.0.1:9999/debian unstable/main amd64 libgl1 amd64 1.0.0-2 [88.8 kB]
Get:124 http://127.0.0.1:9999/debian unstable/main amd64 libxcursor1 amd64 1:1.1.15-1 [36.4 kB]
Get:125 http://127.0.0.1:9999/debian unstable/main amd64 x11-common all 1:7.7+19 [251 kB]
Get:126 http://127.0.0.1:9999/debian unstable/main amd64 libice6 amd64 2:1.0.9-2 [58.7 kB]
Get:127 http://127.0.0.1:9999/debian unstable/main amd64 libsm6 amd64 2:1.2.2-1+b3 [33.3 kB]
Get:128 http://127.0.0.1:9999/debian unstable/main amd64 libxt6 amd64 1:1.1.5-1 [188 kB]
Get:129 http://127.0.0.1:9999/debian unstable/main amd64 libxmu6 amd64 2:1.1.2-2 [60.3 kB]
Get:130 http://127.0.0.1:9999/debian unstable/main amd64 gnustep-back0.26-cairo amd64 0.26.2-2 [249 kB]
Get:131 http://127.0.0.1:9999/debian unstable/main amd64 gnustep-back0.26 all 0.26.2-2 [85.6 kB]
Get:132 http://127.0.0.1:9999/debian unstable/main amd64 gobjc-7 amd64 7.3.0-1 [6494 kB]
Get:133 http://127.0.0.1:9999/debian unstable/main amd64 gobjc amd64 4:7.2.0-1d1 [912 B]
Get:134 http://127.0.0.1:9999/debian unstable/main amd64 gnustep-make all 2.7.0-3 [211 kB]
Get:135 http://127.0.0.1:9999/debian unstable/main amd64 gsfonts all 1:8.11+urwcyr1.0.7~pre44-4.4 [3125 kB]
Get:136 http://127.0.0.1:9999/debian unstable/main amd64 libgnustep-base-dev amd64 1.25.1-1 [1911 kB]
Get:137 http://127.0.0.1:9999/debian unstable/main amd64 libgnustep-gui-dev amd64 0.26.2-2 [1817 kB]
Get:138 http://127.0.0.1:9999/debian unstable/main amd64 libnspr4 amd64 2:4.18-1 [117 kB]
Get:139 http://127.0.0.1:9999/debian unstable/main amd64 libsqlite3-0 amd64 3.22.0-1 [595 kB]
Get:140 http://127.0.0.1:9999/debian unstable/main amd64 libnss3 amd64 2:3.35-2 [1147 kB]
Get:141 http://127.0.0.1:9999/debian unstable/main amd64 libpoppler72 amd64 0.61.1-2 [1338 kB]
Get:142 http://127.0.0.1:9999/debian unstable/main amd64 libpopplerkit0 amd64 0.0.20051227svn-7.1+b12 [38.7 kB]
Get:143 http://127.0.0.1:9999/debian unstable/main amd64 libpopplerkit-dev amd64 0.0.20051227svn-7.1+b12 [7308 B]
debconf: delaying package configuration, since apt-utils is not installed
Fetched 96.0 MB in 1s (82.7 MB/s)
Selecting previously unselected package groff-base.
(Reading database ... 10722 files and directories currently installed.)
Preparing to unpack .../000-groff-base_1.22.3-9_amd64.deb ...
Unpacking groff-base (1.22.3-9) ...
Selecting previously unselected package bsdmainutils.
Preparing to unpack .../001-bsdmainutils_11.1.2_amd64.deb ...
Unpacking bsdmainutils (11.1.2) ...
Selecting previously unselected package libpipeline1:amd64.
Preparing to unpack .../002-libpipeline1_1.5.0-1_amd64.deb ...
Unpacking libpipeline1:amd64 (1.5.0-1) ...
Selecting previously unselected package man-db.
Preparing to unpack .../003-man-db_2.8.0-2_amd64.deb ...
Unpacking man-db (2.8.0-2) ...
Selecting previously unselected package libexpat1:amd64.
Preparing to unpack .../004-libexpat1_2.2.5-3_amd64.deb ...
Unpacking libexpat1:amd64 (2.2.5-3) ...
Selecting previously unselected package libpng16-16:amd64.
Preparing to unpack .../005-libpng16-16_1.6.34-1_amd64.deb ...
Unpacking libpng16-16:amd64 (1.6.34-1) ...
Selecting previously unselected package libfreetype6:amd64.
Preparing to unpack .../006-libfreetype6_2.8.1-1_amd64.deb ...
Unpacking libfreetype6:amd64 (2.8.1-1) ...
Selecting previously unselected package ucf.
Preparing to unpack .../007-ucf_3.0036_all.deb ...
Moving old data out of the way
Unpacking ucf (3.0036) ...
Selecting previously unselected package fonts-dejavu-core.
Preparing to unpack .../008-fonts-dejavu-core_2.37-1_all.deb ...
Unpacking fonts-dejavu-core (2.37-1) ...
Selecting previously unselected package fontconfig-config.
Preparing to unpack .../009-fontconfig-config_2.12.6-0.1_all.deb ...
Unpacking fontconfig-config (2.12.6-0.1) ...
Selecting previously unselected package libfontconfig1:amd64.
Preparing to unpack .../010-libfontconfig1_2.12.6-0.1_amd64.deb ...
Unpacking libfontconfig1:amd64 (2.12.6-0.1) ...
Selecting previously unselected package fontconfig.
Preparing to unpack .../011-fontconfig_2.12.6-0.1_amd64.deb ...
Unpacking fontconfig (2.12.6-0.1) ...
Selecting previously unselected package libfftw3-double3:amd64.
Preparing to unpack .../012-libfftw3-double3_3.3.7-1_amd64.deb ...
Unpacking libfftw3-double3:amd64 (3.3.7-1) ...
Selecting previously unselected package libjbig0:amd64.
Preparing to unpack .../013-libjbig0_2.1-3.1+b2_amd64.deb ...
Unpacking libjbig0:amd64 (2.1-3.1+b2) ...
Selecting previously unselected package libjpeg62-turbo:amd64.
Preparing to unpack .../014-libjpeg62-turbo_1%3a1.5.2-2+b1_amd64.deb ...
Unpacking libjpeg62-turbo:amd64 (1:1.5.2-2+b1) ...
Selecting previously unselected package liblcms2-2:amd64.
Preparing to unpack .../015-liblcms2-2_2.9-1_amd64.deb ...
Unpacking liblcms2-2:amd64 (2.9-1) ...
Selecting previously unselected package libglib2.0-0:amd64.
Preparing to unpack .../016-libglib2.0-0_2.54.3-2_amd64.deb ...
Unpacking libglib2.0-0:amd64 (2.54.3-2) ...
Selecting previously unselected package liblqr-1-0:amd64.
Preparing to unpack .../017-liblqr-1-0_0.4.2-2.1_amd64.deb ...
Unpacking liblqr-1-0:amd64 (0.4.2-2.1) ...
Selecting previously unselected package libltdl7:amd64.
Preparing to unpack .../018-libltdl7_2.4.6-2_amd64.deb ...
Unpacking libltdl7:amd64 (2.4.6-2) ...
Selecting previously unselected package libopenjp2-7:amd64.
Preparing to unpack .../019-libopenjp2-7_2.3.0-1_amd64.deb ...
Unpacking libopenjp2-7:amd64 (2.3.0-1) ...
Selecting previously unselected package libtiff5:amd64.
Preparing to unpack .../020-libtiff5_4.0.9-3_amd64.deb ...
Unpacking libtiff5:amd64 (4.0.9-3) ...
Selecting previously unselected package libxau6:amd64.
Preparing to unpack .../021-libxau6_1%3a1.0.8-1+b2_amd64.deb ...
Unpacking libxau6:amd64 (1:1.0.8-1+b2) ...
Selecting previously unselected package libxdmcp6:amd64.
Preparing to unpack .../022-libxdmcp6_1%3a1.1.2-3_amd64.deb ...
Unpacking libxdmcp6:amd64 (1:1.1.2-3) ...
Selecting previously unselected package libxcb1:amd64.
Preparing to unpack .../023-libxcb1_1.12-1_amd64.deb ...
Unpacking libxcb1:amd64 (1.12-1) ...
Selecting previously unselected package libx11-data.
Preparing to unpack .../024-libx11-data_2%3a1.6.4-3_all.deb ...
Unpacking libx11-data (2:1.6.4-3) ...
Selecting previously unselected package libx11-6:amd64.
Preparing to unpack .../025-libx11-6_2%3a1.6.4-3_amd64.deb ...
Unpacking libx11-6:amd64 (2:1.6.4-3) ...
Selecting previously unselected package libxext6:amd64.
Preparing to unpack .../026-libxext6_2%3a1.3.3-1+b2_amd64.deb ...
Unpacking libxext6:amd64 (2:1.3.3-1+b2) ...
Selecting previously unselected package libicu57:amd64.
Preparing to unpack .../027-libicu57_57.1-8_amd64.deb ...
Unpacking libicu57:amd64 (57.1-8) ...
Selecting previously unselected package libxml2:amd64.
Preparing to unpack .../028-libxml2_2.9.4+dfsg1-6.1_amd64.deb ...
Unpacking libxml2:amd64 (2.9.4+dfsg1-6.1) ...
Selecting previously unselected package imagemagick-6-common.
Preparing to unpack .../029-imagemagick-6-common_8%3a6.9.7.4+dfsg-16.1_all.deb ...
Unpacking imagemagick-6-common (8:6.9.7.4+dfsg-16.1) ...
Selecting previously unselected package libmagickcore-6.q16-3:amd64.
Preparing to unpack .../030-libmagickcore-6.q16-3_8%3a6.9.7.4+dfsg-16.1_amd64.deb ...
Unpacking libmagickcore-6.q16-3:amd64 (8:6.9.7.4+dfsg-16.1) ...
Selecting previously unselected package tzdata.
Preparing to unpack .../031-tzdata_2018c-1_all.deb ...
Unpacking tzdata (2018c-1) ...
Selecting previously unselected package libmagic-mgc.
Preparing to unpack .../032-libmagic-mgc_1%3a5.32-1_amd64.deb ...
Unpacking libmagic-mgc (1:5.32-1) ...
Selecting previously unselected package libmagic1:amd64.
Preparing to unpack .../033-libmagic1_1%3a5.32-1_amd64.deb ...
Unpacking libmagic1:amd64 (1:5.32-1) ...
Selecting previously unselected package file.
Preparing to unpack .../034-file_1%3a5.32-1_amd64.deb ...
Unpacking file (1:5.32-1) ...
Selecting previously unselected package gettext-base.
Preparing to unpack .../035-gettext-base_0.19.8.1-4_amd64.deb ...
Unpacking gettext-base (0.19.8.1-4) ...
Selecting previously unselected package libsigsegv2:amd64.
Preparing to unpack .../036-libsigsegv2_2.12-1_amd64.deb ...
Unpacking libsigsegv2:amd64 (2.12-1) ...
Selecting previously unselected package m4.
Preparing to unpack .../037-m4_1.4.18-1_amd64.deb ...
Unpacking m4 (1.4.18-1) ...
Selecting previously unselected package autoconf.
Preparing to unpack .../038-autoconf_2.69-11_all.deb ...
Unpacking autoconf (2.69-11) ...
Selecting previously unselected package autotools-dev.
Preparing to unpack .../039-autotools-dev_20171216.1_all.deb ...
Unpacking autotools-dev (20171216.1) ...
Selecting previously unselected package automake.
Preparing to unpack .../040-automake_1%3a1.15.1-3_all.deb ...
Unpacking automake (1:1.15.1-3) ...
Selecting previously unselected package autopoint.
Preparing to unpack .../041-autopoint_0.19.8.1-4_all.deb ...
Unpacking autopoint (0.19.8.1-4) ...
Selecting previously unselected package libssl1.1:amd64.
Preparing to unpack .../042-libssl1.1_1.1.0g-2_amd64.deb ...
Unpacking libssl1.1:amd64 (1.1.0g-2) ...
Selecting previously unselected package openssl.
Preparing to unpack .../043-openssl_1.1.0g-2_amd64.deb ...
Unpacking openssl (1.1.0g-2) ...
Selecting previously unselected package ca-certificates.
Preparing to unpack .../044-ca-certificates_20170717_all.deb ...
Unpacking ca-certificates (20170717) ...
Selecting previously unselected package libtool.
Preparing to unpack .../045-libtool_2.4.6-2_all.deb ...
Unpacking libtool (2.4.6-2) ...
Selecting previously unselected package dh-autoreconf.
Preparing to unpack .../046-dh-autoreconf_16_all.deb ...
Unpacking dh-autoreconf (16) ...
Selecting previously unselected package libarchive-zip-perl.
Preparing to unpack .../047-libarchive-zip-perl_1.60-1_all.deb ...
Unpacking libarchive-zip-perl (1.60-1) ...
Selecting previously unselected package libfile-stripnondeterminism-perl.
Preparing to unpack .../048-libfile-stripnondeterminism-perl_0.040-1_all.deb ...
Unpacking libfile-stripnondeterminism-perl (0.040-1) ...
Selecting previously unselected package libtimedate-perl.
Preparing to unpack .../049-libtimedate-perl_2.3000-2_all.deb ...
Unpacking libtimedate-perl (2.3000-2) ...
Selecting previously unselected package dh-strip-nondeterminism.
Preparing to unpack .../050-dh-strip-nondeterminism_0.040-1_all.deb ...
Unpacking dh-strip-nondeterminism (0.040-1) ...
Selecting previously unselected package libcroco3:amd64.
Preparing to unpack .../051-libcroco3_0.6.12-2_amd64.deb ...
Unpacking libcroco3:amd64 (0.6.12-2) ...
Selecting previously unselected package gettext.
Preparing to unpack .../052-gettext_0.19.8.1-4_amd64.deb ...
Unpacking gettext (0.19.8.1-4) ...
Selecting previously unselected package intltool-debian.
Preparing to unpack .../053-intltool-debian_0.35.0+20060710.4_all.deb ...
Unpacking intltool-debian (0.35.0+20060710.4) ...
Selecting previously unselected package po-debconf.
Preparing to unpack .../054-po-debconf_1.0.20_all.deb ...
Unpacking po-debconf (1.0.20) ...
Selecting previously unselected package debhelper.
Preparing to unpack .../055-debhelper_11.1.4_all.deb ...
Unpacking debhelper (11.1.4) ...
Selecting previously unselected package fonts-freefont-ttf.
Preparing to unpack .../056-fonts-freefont-ttf_20120503-7_all.deb ...
Unpacking fonts-freefont-ttf (20120503-7) ...
Selecting previously unselected package gnustep-common.
Preparing to unpack .../057-gnustep-common_2.7.0-3_amd64.deb ...
Unpacking gnustep-common (2.7.0-3) ...
Selecting previously unselected package gnustep-base-common.
Preparing to unpack .../058-gnustep-base-common_1.25.1-1_all.deb ...
Unpacking gnustep-base-common (1.25.1-1) ...
Selecting previously unselected package libavahi-common-data:amd64.
Preparing to unpack .../059-libavahi-common-data_0.7-3.1_amd64.deb ...
Unpacking libavahi-common-data:amd64 (0.7-3.1) ...
Selecting previously unselected package libavahi-common3:amd64.
Preparing to unpack .../060-libavahi-common3_0.7-3.1_amd64.deb ...
Unpacking libavahi-common3:amd64 (0.7-3.1) ...
Selecting previously unselected package libdbus-1-3:amd64.
Preparing to unpack .../061-libdbus-1-3_1.12.2-1_amd64.deb ...
Unpacking libdbus-1-3:amd64 (1.12.2-1) ...
Selecting previously unselected package libavahi-client3:amd64.
Preparing to unpack .../062-libavahi-client3_0.7-3.1_amd64.deb ...
Unpacking libavahi-client3:amd64 (0.7-3.1) ...
Selecting previously unselected package libxslt1.1:amd64.
Preparing to unpack .../063-libxslt1.1_1.1.29-5_amd64.deb ...
Unpacking libxslt1.1:amd64 (1.1.29-5) ...
Selecting previously unselected package libgnustep-base1.25.
Preparing to unpack .../064-libgnustep-base1.25_1.25.1-1_amd64.deb ...
Unpacking libgnustep-base1.25 (1.25.1-1) ...
Selecting previously unselected package lsb-base.
Preparing to unpack .../065-lsb-base_9.20170808_all.deb ...
Unpacking lsb-base (9.20170808) ...
Selecting previously unselected package gnustep-base-runtime.
Preparing to unpack .../066-gnustep-base-runtime_1.25.1-1_amd64.deb ...
Unpacking gnustep-base-runtime (1.25.1-1) ...
Selecting previously unselected package mknfonts.tool.
Preparing to unpack .../067-mknfonts.tool_0.5-11+b6_amd64.deb ...
Unpacking mknfonts.tool (0.5-11+b6) ...
Selecting previously unselected package gnustep-gui-common.
Preparing to unpack .../068-gnustep-gui-common_0.26.2-2_all.deb ...
Unpacking gnustep-gui-common (0.26.2-2) ...
Selecting previously unselected package libao-common.
Preparing to unpack .../069-libao-common_1.2.2+20180113-1_all.deb ...
Unpacking libao-common (1.2.2+20180113-1) ...
Selecting previously unselected package libao4:amd64.
Preparing to unpack .../070-libao4_1.2.2+20180113-1_amd64.deb ...
Unpacking libao4:amd64 (1.2.2+20180113-1) ...
Selecting previously unselected package libaspell15:amd64.
Preparing to unpack .../071-libaspell15_0.60.7~20110707-4_amd64.deb ...
Unpacking libaspell15:amd64 (0.60.7~20110707-4) ...
Selecting previously unselected package libkeyutils1:amd64.
Preparing to unpack .../072-libkeyutils1_1.5.9-9.2_amd64.deb ...
Unpacking libkeyutils1:amd64 (1.5.9-9.2) ...
Selecting previously unselected package libkrb5support0:amd64.
Preparing to unpack .../073-libkrb5support0_1.16-2_amd64.deb ...
Unpacking libkrb5support0:amd64 (1.16-2) ...
Selecting previously unselected package libk5crypto3:amd64.
Preparing to unpack .../074-libk5crypto3_1.16-2_amd64.deb ...
Unpacking libk5crypto3:amd64 (1.16-2) ...
Selecting previously unselected package libkrb5-3:amd64.
Preparing to unpack .../075-libkrb5-3_1.16-2_amd64.deb ...
Unpacking libkrb5-3:amd64 (1.16-2) ...
Selecting previously unselected package libgssapi-krb5-2:amd64.
Preparing to unpack .../076-libgssapi-krb5-2_1.16-2_amd64.deb ...
Unpacking libgssapi-krb5-2:amd64 (1.16-2) ...
Selecting previously unselected package libcups2:amd64.
Preparing to unpack .../077-libcups2_2.2.6-4_amd64.deb ...
Unpacking libcups2:amd64 (2.2.6-4) ...
Selecting previously unselected package libasound2-data.
Preparing to unpack .../078-libasound2-data_1.1.3-5_all.deb ...
Unpacking libasound2-data (1.1.3-5) ...
Selecting previously unselected package libasound2:amd64.
Preparing to unpack .../079-libasound2_1.1.3-5_amd64.deb ...
Unpacking libasound2:amd64 (1.1.3-5) ...
Selecting previously unselected package libflite1:amd64.
Preparing to unpack .../080-libflite1_2.1-release-1_amd64.deb ...
Unpacking libflite1:amd64 (2.1-release-1) ...
Selecting previously unselected package libgif7:amd64.
Preparing to unpack .../081-libgif7_5.1.4-1_amd64.deb ...
Unpacking libgif7:amd64 (5.1.4-1) ...
Selecting previously unselected package libgnustep-gui0.26.
Preparing to unpack .../082-libgnustep-gui0.26_0.26.2-2_amd64.deb ...
Unpacking libgnustep-gui0.26 (0.26.2-2) ...
Selecting previously unselected package libogg0:amd64.
Preparing to unpack .../083-libogg0_1.3.2-1+b1_amd64.deb ...
Unpacking libogg0:amd64 (1.3.2-1+b1) ...
Selecting previously unselected package libflac8:amd64.
Preparing to unpack .../084-libflac8_1.3.2-1_amd64.deb ...
Unpacking libflac8:amd64 (1.3.2-1) ...
Selecting previously unselected package libvorbis0a:amd64.
Preparing to unpack .../085-libvorbis0a_1.3.5-4.1_amd64.deb ...
Unpacking libvorbis0a:amd64 (1.3.5-4.1) ...
Selecting previously unselected package libvorbisenc2:amd64.
Preparing to unpack .../086-libvorbisenc2_1.3.5-4.1_amd64.deb ...
Unpacking libvorbisenc2:amd64 (1.3.5-4.1) ...
Selecting previously unselected package libsndfile1:amd64.
Preparing to unpack .../087-libsndfile1_1.0.28-4_amd64.deb ...
Unpacking libsndfile1:amd64 (1.0.28-4) ...
Selecting previously unselected package gnustep-gui-runtime.
Preparing to unpack .../088-gnustep-gui-runtime_0.26.2-2_amd64.deb ...
Unpacking gnustep-gui-runtime (0.26.2-2) ...
Selecting previously unselected package libxfixes3:amd64.
Preparing to unpack .../089-libxfixes3_1%3a5.0.3-1_amd64.deb ...
Unpacking libxfixes3:amd64 (1:5.0.3-1) ...
Selecting previously unselected package gnustep-back-common.
Preparing to unpack .../090-gnustep-back-common_0.26.2-2_amd64.deb ...
Unpacking gnustep-back-common (0.26.2-2) ...
Selecting previously unselected package libpixman-1-0:amd64.
Preparing to unpack .../091-libpixman-1-0_0.34.0-2_amd64.deb ...
Unpacking libpixman-1-0:amd64 (0.34.0-2) ...
Selecting previously unselected package libxcb-render0:amd64.
Preparing to unpack .../092-libxcb-render0_1.12-1_amd64.deb ...
Unpacking libxcb-render0:amd64 (1.12-1) ...
Selecting previously unselected package libxcb-shm0:amd64.
Preparing to unpack .../093-libxcb-shm0_1.12-1_amd64.deb ...
Unpacking libxcb-shm0:amd64 (1.12-1) ...
Selecting previously unselected package libxrender1:amd64.
Preparing to unpack .../094-libxrender1_1%3a0.9.10-1_amd64.deb ...
Unpacking libxrender1:amd64 (1:0.9.10-1) ...
Selecting previously unselected package libcairo2:amd64.
Preparing to unpack .../095-libcairo2_1.15.10-1_amd64.deb ...
Unpacking libcairo2:amd64 (1.15.10-1) ...
Selecting previously unselected package libglvnd0:amd64.
Preparing to unpack .../096-libglvnd0_1.0.0-2_amd64.deb ...
Unpacking libglvnd0:amd64 (1.0.0-2) ...
Selecting previously unselected package libdrm-common.
Preparing to unpack .../097-libdrm-common_2.4.89-1_all.deb ...
Unpacking libdrm-common (2.4.89-1) ...
Selecting previously unselected package libdrm2:amd64.
Preparing to unpack .../098-libdrm2_2.4.89-1_amd64.deb ...
Unpacking libdrm2:amd64 (2.4.89-1) ...
Selecting previously unselected package libglapi-mesa:amd64.
Preparing to unpack .../099-libglapi-mesa_17.3.3-1_amd64.deb ...
Unpacking libglapi-mesa:amd64 (17.3.3-1) ...
Selecting previously unselected package libx11-xcb1:amd64.
Preparing to unpack .../100-libx11-xcb1_2%3a1.6.4-3_amd64.deb ...
Unpacking libx11-xcb1:amd64 (2:1.6.4-3) ...
Selecting previously unselected package libxcb-dri2-0:amd64.
Preparing to unpack .../101-libxcb-dri2-0_1.12-1_amd64.deb ...
Unpacking libxcb-dri2-0:amd64 (1.12-1) ...
Selecting previously unselected package libxcb-dri3-0:amd64.
Preparing to unpack .../102-libxcb-dri3-0_1.12-1_amd64.deb ...
Unpacking libxcb-dri3-0:amd64 (1.12-1) ...
Selecting previously unselected package libxcb-glx0:amd64.
Preparing to unpack .../103-libxcb-glx0_1.12-1_amd64.deb ...
Unpacking libxcb-glx0:amd64 (1.12-1) ...
Selecting previously unselected package libxcb-present0:amd64.
Preparing to unpack .../104-libxcb-present0_1.12-1_amd64.deb ...
Unpacking libxcb-present0:amd64 (1.12-1) ...
Selecting previously unselected package libxcb-sync1:amd64.
Preparing to unpack .../105-libxcb-sync1_1.12-1_amd64.deb ...
Unpacking libxcb-sync1:amd64 (1.12-1) ...
Selecting previously unselected package libxcb-xfixes0:amd64.
Preparing to unpack .../106-libxcb-xfixes0_1.12-1_amd64.deb ...
Unpacking libxcb-xfixes0:amd64 (1.12-1) ...
Selecting previously unselected package libxdamage1:amd64.
Preparing to unpack .../107-libxdamage1_1%3a1.1.4-3_amd64.deb ...
Unpacking libxdamage1:amd64 (1:1.1.4-3) ...
Selecting previously unselected package libxshmfence1:amd64.
Preparing to unpack .../108-libxshmfence1_1.2-1+b2_amd64.deb ...
Unpacking libxshmfence1:amd64 (1.2-1+b2) ...
Selecting previously unselected package libxxf86vm1:amd64.
Preparing to unpack .../109-libxxf86vm1_1%3a1.1.4-1+b2_amd64.deb ...
Unpacking libxxf86vm1:amd64 (1:1.1.4-1+b2) ...
Selecting previously unselected package libdrm-amdgpu1:amd64.
Preparing to unpack .../110-libdrm-amdgpu1_2.4.89-1_amd64.deb ...
Unpacking libdrm-amdgpu1:amd64 (2.4.89-1) ...
Selecting previously unselected package libpciaccess0:amd64.
Preparing to unpack .../111-libpciaccess0_0.13.4-1+b2_amd64.deb ...
Unpacking libpciaccess0:amd64 (0.13.4-1+b2) ...
Selecting previously unselected package libdrm-intel1:amd64.
Preparing to unpack .../112-libdrm-intel1_2.4.89-1_amd64.deb ...
Unpacking libdrm-intel1:amd64 (2.4.89-1) ...
Selecting previously unselected package libdrm-nouveau2:amd64.
Preparing to unpack .../113-libdrm-nouveau2_2.4.89-1_amd64.deb ...
Unpacking libdrm-nouveau2:amd64 (2.4.89-1) ...
Selecting previously unselected package libdrm-radeon1:amd64.
Preparing to unpack .../114-libdrm-radeon1_2.4.89-1_amd64.deb ...
Unpacking libdrm-radeon1:amd64 (2.4.89-1) ...
Selecting previously unselected package libelf1:amd64.
Preparing to unpack .../115-libelf1_0.170-0.3_amd64.deb ...
Unpacking libelf1:amd64 (0.170-0.3) ...
Selecting previously unselected package libllvm5.0:amd64.
Preparing to unpack .../116-libllvm5.0_1%3a5.0.1-2_amd64.deb ...
Unpacking libllvm5.0:amd64 (1:5.0.1-2) ...
Selecting previously unselected package libsensors4:amd64.
Preparing to unpack .../117-libsensors4_1%3a3.4.0-4_amd64.deb ...
Unpacking libsensors4:amd64 (1:3.4.0-4) ...
Selecting previously unselected package libgl1-mesa-dri:amd64.
Preparing to unpack .../118-libgl1-mesa-dri_17.3.3-1_amd64.deb ...
Unpacking libgl1-mesa-dri:amd64 (17.3.3-1) ...
Selecting previously unselected package libglx-mesa0:amd64.
Preparing to unpack .../119-libglx-mesa0_17.3.3-1_amd64.deb ...
Unpacking libglx-mesa0:amd64 (17.3.3-1) ...
Selecting previously unselected package libglx0:amd64.
Preparing to unpack .../120-libglx0_1.0.0-2_amd64.deb ...
Unpacking libglx0:amd64 (1.0.0-2) ...
Selecting previously unselected package libgl1:amd64.
Preparing to unpack .../121-libgl1_1.0.0-2_amd64.deb ...
Unpacking libgl1:amd64 (1.0.0-2) ...
Selecting previously unselected package libxcursor1:amd64.
Preparing to unpack .../122-libxcursor1_1%3a1.1.15-1_amd64.deb ...
Unpacking libxcursor1:amd64 (1:1.1.15-1) ...
Selecting previously unselected package x11-common.
Preparing to unpack .../123-x11-common_1%3a7.7+19_all.deb ...
Unpacking x11-common (1:7.7+19) ...
Selecting previously unselected package libice6:amd64.
Preparing to unpack .../124-libice6_2%3a1.0.9-2_amd64.deb ...
Unpacking libice6:amd64 (2:1.0.9-2) ...
Selecting previously unselected package libsm6:amd64.
Preparing to unpack .../125-libsm6_2%3a1.2.2-1+b3_amd64.deb ...
Unpacking libsm6:amd64 (2:1.2.2-1+b3) ...
Selecting previously unselected package libxt6:amd64.
Preparing to unpack .../126-libxt6_1%3a1.1.5-1_amd64.deb ...
Unpacking libxt6:amd64 (1:1.1.5-1) ...
Selecting previously unselected package libxmu6:amd64.
Preparing to unpack .../127-libxmu6_2%3a1.1.2-2_amd64.deb ...
Unpacking libxmu6:amd64 (2:1.1.2-2) ...
Selecting previously unselected package gnustep-back0.26-cairo.
Preparing to unpack .../128-gnustep-back0.26-cairo_0.26.2-2_amd64.deb ...
Unpacking gnustep-back0.26-cairo (0.26.2-2) ...
Selecting previously unselected package gnustep-back0.26.
Preparing to unpack .../129-gnustep-back0.26_0.26.2-2_all.deb ...
Unpacking gnustep-back0.26 (0.26.2-2) ...
Selecting previously unselected package gobjc-7.
Preparing to unpack .../130-gobjc-7_7.3.0-1_amd64.deb ...
Unpacking gobjc-7 (7.3.0-1) ...
Selecting previously unselected package gobjc.
Preparing to unpack .../131-gobjc_4%3a7.2.0-1d1_amd64.deb ...
Unpacking gobjc (4:7.2.0-1d1) ...
Selecting previously unselected package gnustep-make.
Preparing to unpack .../132-gnustep-make_2.7.0-3_all.deb ...
Unpacking gnustep-make (2.7.0-3) ...
Selecting previously unselected package gsfonts.
Preparing to unpack .../133-gsfonts_1%3a8.11+urwcyr1.0.7~pre44-4.4_all.deb ...
Unpacking gsfonts (1:8.11+urwcyr1.0.7~pre44-4.4) ...
Selecting previously unselected package libgnustep-base-dev.
Preparing to unpack .../134-libgnustep-base-dev_1.25.1-1_amd64.deb ...
Unpacking libgnustep-base-dev (1.25.1-1) ...
Selecting previously unselected package libgnustep-gui-dev.
Preparing to unpack .../135-libgnustep-gui-dev_0.26.2-2_amd64.deb ...
Unpacking libgnustep-gui-dev (0.26.2-2) ...
Selecting previously unselected package libnspr4:amd64.
Preparing to unpack .../136-libnspr4_2%3a4.18-1_amd64.deb ...
Unpacking libnspr4:amd64 (2:4.18-1) ...
Selecting previously unselected package libsqlite3-0:amd64.
Preparing to unpack .../137-libsqlite3-0_3.22.0-1_amd64.deb ...
Unpacking libsqlite3-0:amd64 (3.22.0-1) ...
Selecting previously unselected package libnss3:amd64.
Preparing to unpack .../138-libnss3_2%3a3.35-2_amd64.deb ...
Unpacking libnss3:amd64 (2:3.35-2) ...
Selecting previously unselected package libpoppler72:amd64.
Preparing to unpack .../139-libpoppler72_0.61.1-2_amd64.deb ...
Unpacking libpoppler72:amd64 (0.61.1-2) ...
Selecting previously unselected package libpopplerkit0.
Preparing to unpack .../140-libpopplerkit0_0.0.20051227svn-7.1+b12_amd64.deb ...
Unpacking libpopplerkit0 (0.0.20051227svn-7.1+b12) ...
Selecting previously unselected package libpopplerkit-dev.
Preparing to unpack .../141-libpopplerkit-dev_0.0.20051227svn-7.1+b12_amd64.deb ...
Unpacking libpopplerkit-dev (0.0.20051227svn-7.1+b12) ...
Selecting previously unselected package sbuild-build-depends-viewpdf.app-dummy.
Preparing to unpack .../142-sbuild-build-depends-viewpdf.app-dummy_0.invalid.0_amd64.deb ...
Unpacking sbuild-build-depends-viewpdf.app-dummy (0.invalid.0) ...
Setting up imagemagick-6-common (8:6.9.7.4+dfsg-16.1) ...
Setting up libglvnd0:amd64 (1.0.0-2) ...
Setting up libexpat1:amd64 (2.2.5-3) ...
Setting up gobjc-7 (7.3.0-1) ...
Setting up libopenjp2-7:amd64 (2.3.0-1) ...
Setting up libjpeg62-turbo:amd64 (1:1.5.2-2+b1) ...
Setting up libarchive-zip-perl (1.60-1) ...
Setting up gsfonts (1:8.11+urwcyr1.0.7~pre44-4.4) ...
Setting up libpng16-16:amd64 (1.6.34-1) ...
Setting up libtimedate-perl (2.3000-2) ...
Setting up liblcms2-2:amd64 (2.9-1) ...
Setting up libjbig0:amd64 (2.1-3.1+b2) ...
Setting up libsigsegv2:amd64 (2.12-1) ...
Setting up libaspell15:amd64 (0.60.7~20110707-4) ...
Setting up fonts-dejavu-core (2.37-1) ...
Setting up tzdata (2018c-1) ...

Current default time zone: 'Etc/UTC'
Local time is now:      Wed Feb  7 21:16:08 UTC 2018.
Universal Time is now:  Wed Feb  7 21:16:08 UTC 2018.
Run 'dpkg-reconfigure tzdata' if you wish to change it.

Setting up libelf1:amd64 (0.170-0.3) ...
Setting up groff-base (1.22.3-9) ...
Setting up libglib2.0-0:amd64 (2.54.3-2) ...
No schema files found: doing nothing.
Setting up libasound2-data (1.1.3-5) ...
Setting up libxshmfence1:amd64 (1.2-1+b2) ...
Setting up libao-common (1.2.2+20180113-1) ...
Setting up libllvm5.0:amd64 (1:5.0.1-2) ...
Setting up libtiff5:amd64 (4.0.9-3) ...
Setting up gettext-base (0.19.8.1-4) ...
Setting up gobjc (4:7.2.0-1d1) ...
Setting up libgif7:amd64 (5.1.4-1) ...
Setting up libpipeline1:amd64 (1.5.0-1) ...
Setting up libglapi-mesa:amd64 (17.3.3-1) ...
Setting up m4 (1.4.18-1) ...
Setting up libfftw3-double3:amd64 (3.3.7-1) ...
Setting up libicu57:amd64 (57.1-8) ...
Setting up gnustep-common (2.7.0-3) ...
Setting up libnspr4:amd64 (2:4.18-1) ...
Setting up ucf (3.0036) ...
Setting up libxml2:amd64 (2.9.4+dfsg1-6.1) ...
Setting up libfreetype6:amd64 (2.8.1-1) ...
Setting up libmagic-mgc (1:5.32-1) ...
Setting up libasound2:amd64 (1.1.3-5) ...
Setting up libmagic1:amd64 (1:5.32-1) ...
Setting up libdrm-common (2.4.89-1) ...
Setting up lsb-base (9.20170808) ...
Setting up libcroco3:amd64 (0.6.12-2) ...
Setting up libxslt1.1:amd64 (1.1.29-5) ...
Setting up libogg0:amd64 (1.3.2-1+b1) ...
Setting up liblqr-1-0:amd64 (0.4.2-2.1) ...
Setting up libx11-xcb1:amd64 (2:1.6.4-3) ...
Setting up libpixman-1-0:amd64 (0.34.0-2) ...
Processing triggers for libc-bin (2.26-6) ...
Setting up autotools-dev (20171216.1) ...
Setting up libssl1.1:amd64 (1.1.0g-2) ...
Setting up gnustep-make (2.7.0-3) ...
Setting up libltdl7:amd64 (2.4.6-2) ...
Setting up openssl (1.1.0g-2) ...
Setting up libsqlite3-0:amd64 (3.22.0-1) ...
Setting up libpciaccess0:amd64 (0.13.4-1+b2) ...
Setting up libsensors4:amd64 (1:3.4.0-4) ...
Setting up libxdmcp6:amd64 (1:1.1.2-3) ...
Setting up libkeyutils1:amd64 (1.5.9-9.2) ...
Setting up bsdmainutils (11.1.2) ...
update-alternatives: using /usr/bin/bsd-write to provide /usr/bin/write (write) in auto mode
update-alternatives: using /usr/bin/bsd-from to provide /usr/bin/from (from) in auto mode
Setting up fonts-freefont-ttf (20120503-7) ...
Setting up libvorbis0a:amd64 (1.3.5-4.1) ...
Setting up x11-common (1:7.7+19) ...
update-rc.d: warning: start and stop actions are no longer supported; falling back to defaults
invoke-rc.d: could not determine current runlevel
All runlevel operations denied by policy
invoke-rc.d: policy-rc.d denied execution of start.
Setting up ca-certificates (20170717) ...
Updating certificates in /etc/ssl/certs...
148 added, 0 removed; done.
Setting up libx11-data (2:1.6.4-3) ...
Setting up libxau6:amd64 (1:1.0.8-1+b2) ...
Setting up autopoint (0.19.8.1-4) ...
Setting up libdbus-1-3:amd64 (1.12.2-1) ...
Setting up libavahi-common-data:amd64 (0.7-3.1) ...
Setting up libfile-stripnondeterminism-perl (0.040-1) ...
Setting up gnustep-base-common (1.25.1-1) ...
Setting up fontconfig-config (2.12.6-0.1) ...
Setting up gettext (0.19.8.1-4) ...
Setting up libflite1:amd64 (2.1-release-1) ...
Setting up libao4:amd64 (1.2.2+20180113-1) ...
Setting up gnustep-gui-common (0.26.2-2) ...
Setting up libflac8:amd64 (1.3.2-1) ...
Setting up libnss3:amd64 (2:3.35-2) ...
Setting up autoconf (2.69-11) ...
Setting up file (1:5.32-1) ...
Setting up libkrb5support0:amd64 (1.16-2) ...
Setting up libdrm2:amd64 (2.4.89-1) ...
Setting up intltool-debian (0.35.0+20060710.4) ...
Setting up libdrm-intel1:amd64 (2.4.89-1) ...
Setting up automake (1:1.15.1-3) ...
update-alternatives: using /usr/bin/automake-1.15 to provide /usr/bin/automake (automake) in auto mode
Setting up libice6:amd64 (2:1.0.9-2) ...
Setting up man-db (2.8.0-2) ...
Not building database; man-db/auto-update is not 'true'.
Setting up libavahi-common3:amd64 (0.7-3.1) ...
Setting up libdrm-radeon1:amd64 (2.4.89-1) ...
Setting up libvorbisenc2:amd64 (1.3.5-4.1) ...
Setting up libdrm-nouveau2:amd64 (2.4.89-1) ...
Setting up libxcb1:amd64 (1.12-1) ...
Setting up libtool (2.4.6-2) ...
Setting up libxcb-present0:amd64 (1.12-1) ...
Setting up libfontconfig1:amd64 (2.12.6-0.1) ...
Setting up libxcb-dri2-0:amd64 (1.12-1) ...
Setting up libsm6:amd64 (2:1.2.2-1+b3) ...
Setting up libxcb-dri3-0:amd64 (1.12-1) ...
Setting up libk5crypto3:amd64 (1.16-2) ...
Setting up libxcb-glx0:amd64 (1.12-1) ...
Setting up libxcb-xfixes0:amd64 (1.12-1) ...
Setting up libxcb-render0:amd64 (1.12-1) ...
Setting up po-debconf (1.0.20) ...
Setting up libdrm-amdgpu1:amd64 (2.4.89-1) ...
Setting up libx11-6:amd64 (2:1.6.4-3) ...
Setting up libgl1-mesa-dri:amd64 (17.3.3-1) ...
Setting up libxcb-sync1:amd64 (1.12-1) ...
Setting up libsndfile1:amd64 (1.0.28-4) ...
Setting up libxcb-shm0:amd64 (1.12-1) ...
Setting up libxt6:amd64 (1:1.1.5-1) ...
Setting up libxrender1:amd64 (1:0.9.10-1) ...
Setting up libavahi-client3:amd64 (0.7-3.1) ...
Setting up libkrb5-3:amd64 (1.16-2) ...
Setting up libpoppler72:amd64 (0.61.1-2) ...
Setting up fontconfig (2.12.6-0.1) ...
Regenerating fonts cache... done.
Setting up libxext6:amd64 (2:1.3.3-1+b2) ...
Setting up libxfixes3:amd64 (1:5.0.3-1) ...
Setting up libgnustep-base1.25 (1.25.1-1) ...
Setting up libxmu6:amd64 (2:1.1.2-2) ...
Setting up libgssapi-krb5-2:amd64 (1.16-2) ...
Setting up libxcursor1:amd64 (1:1.1.15-1) ...
Setting up libxxf86vm1:amd64 (1:1.1.4-1+b2) ...
Setting up libcups2:amd64 (2.2.6-4) ...
Setting up libcairo2:amd64 (1.15.10-1) ...
Setting up gnustep-base-runtime (1.25.1-1) ...
invoke-rc.d: could not determine current runlevel
All runlevel operations denied by policy
invoke-rc.d: policy-rc.d denied execution of start.
Setting up libgnustep-base-dev (1.25.1-1) ...
Setting up libmagickcore-6.q16-3:amd64 (8:6.9.7.4+dfsg-16.1) ...
Setting up libxdamage1:amd64 (1:1.1.4-3) ...
Setting up mknfonts.tool (0.5-11+b6) ...
Setting up libgnustep-gui0.26 (0.26.2-2) ...
Setting up gnustep-gui-runtime (0.26.2-2) ...
Setting up gnustep-back-common (0.26.2-2) ...
Generating GNUstep nfont descriptions... done.
Setting up libglx-mesa0:amd64 (17.3.3-1) ...
Setting up libgnustep-gui-dev (0.26.2-2) ...
Setting up libglx0:amd64 (1.0.0-2) ...
Setting up libgl1:amd64 (1.0.0-2) ...
Setting up gnustep-back0.26-cairo (0.26.2-2) ...
update-alternatives: using /usr/lib/GNUstep/Bundles/libgnustep-cairo-026.bundle to provide /usr/lib/GNUstep/Bundles/libgnustep-back-026.bundle (gnustep-back-026) in auto mode
Setting up gnustep-back0.26 (0.26.2-2) ...
Setting up libpopplerkit0 (0.0.20051227svn-7.1+b12) ...
Setting up libpopplerkit-dev (0.0.20051227svn-7.1+b12) ...
Setting up dh-autoreconf (16) ...
Setting up dh-strip-nondeterminism (0.040-1) ...
Setting up debhelper (11.1.4) ...
Setting up sbuild-build-depends-viewpdf.app-dummy (0.invalid.0) ...
Processing triggers for libc-bin (2.26-6) ...
Processing triggers for ca-certificates (20170717) ...
Updating certificates in /etc/ssl/certs...
0 added, 0 removed; done.
Running hooks in /etc/ca-certificates/update.d...
done.

+------------------------------------------------------------------------------+
| Build environment                                                            |
+------------------------------------------------------------------------------+

Kernel: Linux 4.9.0-2-amd64 amd64 (x86_64)
Toolchain package versions: binutils_2.30-2 dpkg-dev_1.19.0.5 g++-7_7.3.0-1 gcc-7_7.3.0-1 libc6-dev_2.26-6 libstdc++-7-dev_7.3.0-1 libstdc++6_7.3.0-1 linux-libc-dev_4.14.13-1
Package versions: adduser_3.117 apt_1.6~alpha7 autoconf_2.69-11 automake_1:1.15.1-3 autopoint_0.19.8.1-4 autotools-dev_20171216.1 base-files_10.1 base-passwd_3.5.44 bash_4.4.18-1 binutils_2.30-2 binutils-common_2.30-2 binutils-x86-64-linux-gnu_2.30-2 bsdmainutils_11.1.2 bsdutils_1:2.30.2-0.3 build-essential_12.4 bzip2_1.0.6-8.1 ca-certificates_20170717 clang-6.0_1:6.0~+rc1-1 coreutils_8.28-1 cpp_4:7.2.0-1d1 cpp-7_7.3.0-1 dash_0.5.8-2.10 debconf_1.5.65 debfoster_2.7-2.1+b1 debhelper_11.1.4 debian-archive-keyring_2017.7 debianutils_4.8.4 dh-autoreconf_16 dh-strip-nondeterminism_0.040-1 diffutils_1:3.6-1 dpkg_1.19.0.5 dpkg-dev_1.19.0.5 e2fslibs_1.43.8-2 e2fsprogs_1.43.8-2 eatmydata_105-5 fakeroot_1.22-2 fdisk_2.30.2-0.3 file_1:5.32-1 findutils_4.6.0+git+20170828-2 fontconfig_2.12.6-0.1 fontconfig-config_2.12.6-0.1 fonts-dejavu-core_2.37-1 fonts-freefont-ttf_20120503-7 g++_4:7.2.0-1d1 g++-7_7.3.0-1 gcc_4:7.2.0-1d1 gcc-6-base_6.4.0-12 gcc-7_7.3.0-1 gcc-7-base_7.3.0-1 gettext_0.19.8.1-4 gettext-base_0.19.8.1-4 gnustep-back-common_0.26.2-2 gnustep-back0.26_0.26.2-2 gnustep-back0.26-cairo_0.26.2-2 gnustep-base-common_1.25.1-1 gnustep-base-runtime_1.25.1-1 gnustep-common_2.7.0-3 gnustep-gui-common_0.26.2-2 gnustep-gui-runtime_0.26.2-2 gnustep-make_2.7.0-3 gobjc_4:7.2.0-1d1 gobjc-7_7.3.0-1 gpgv_2.2.4-2 grep_3.1-2 groff-base_1.22.3-9 gsfonts_1:8.11+urwcyr1.0.7~pre44-4.4 gzip_1.6-5+b1 hostname_3.20 imagemagick-6-common_8:6.9.7.4+dfsg-16.1 init-system-helpers_1.51 intltool-debian_0.35.0+20060710.4 lib32gcc1_1:7.3.0-1 lib32stdc++6_7.3.0-1 libacl1_2.2.52-3+b1 libao-common_1.2.2+20180113-1 libao4_1.2.2+20180113-1 libapt-pkg5.0_1.6~alpha7 libarchive-zip-perl_1.60-1 libasan4_7.3.0-1 libasound2_1.1.3-5 libasound2-data_1.1.3-5 libaspell15_0.60.7~20110707-4 libatomic1_7.3.0-1 libattr1_1:2.4.47-2+b2 libaudit-common_1:2.8.2-1 libaudit1_1:2.8.2-1 libavahi-client3_0.7-3.1 libavahi-common-data_0.7-3.1 libavahi-common3_0.7-3.1 libbinutils_2.30-2 libblkid1_2.30.2-0.3 libbsd0_0.8.7-1 libbz2-1.0_1.0.6-8.1 libc-bin_2.26-6 libc-dev-bin_2.26-6 libc6_2.26-6 libc6-dev_2.26-6 libc6-i386_2.26-6 libcairo2_1.15.10-1 libcap-ng0_0.7.7-3.1+b1 libcc1-0_7.3.0-1 libcilkrts5_7.3.0-1 libclang-common-6.0-dev_1:6.0~+rc1-1 libclang1-6.0_1:6.0~+rc1-1 libcomerr2_1.43.8-2 libcroco3_0.6.12-2 libcups2_2.2.6-4 libdb5.3_5.3.28-13.1+b1 libdbus-1-3_1.12.2-1 libdebconfclient0_0.240 libdpkg-perl_1.19.0.5 libdrm-amdgpu1_2.4.89-1 libdrm-common_2.4.89-1 libdrm-intel1_2.4.89-1 libdrm-nouveau2_2.4.89-1 libdrm-radeon1_2.4.89-1 libdrm2_2.4.89-1 libeatmydata1_105-5 libedit2_3.1-20170329-1 libelf1_0.170-0.3 libexpat1_2.2.5-3 libfakeroot_1.22-2 libfdisk1_2.30.2-0.3 libffi6_3.2.1-8 libfftw3-double3_3.3.7-1 libfile-stripnondeterminism-perl_0.040-1 libflac8_1.3.2-1 libflite1_2.1-release-1 libfontconfig1_2.12.6-0.1 libfreetype6_2.8.1-1 libgc1c2_1:7.4.2-8.1 libgcc-7-dev_7.3.0-1 libgcc1_1:7.3.0-1 libgcrypt20_1.8.1-4 libgdbm3_1.8.3-14 libgdbm5_1.14.1-2 libgif7_5.1.4-1 libgl1_1.0.0-2 libgl1-mesa-dri_17.3.3-1 libglapi-mesa_17.3.3-1 libglib2.0-0_2.54.3-2 libglvnd0_1.0.0-2 libglx-mesa0_17.3.3-1 libglx0_1.0.0-2 libgmp10_2:6.1.2+dfsg-2 libgnustep-base-dev_1.25.1-1 libgnustep-base1.25_1.25.1-1 libgnustep-gui-dev_0.26.2-2 libgnustep-gui0.26_0.26.2-2 libgnutls30_3.5.17-1 libgomp1_7.3.0-1 libgpg-error0_1.27-6 libgssapi-krb5-2_1.16-2 libhogweed4_3.4-1 libice6_2:1.0.9-2 libicu57_57.1-8 libidn2-0_2.0.4-1.1 libisl15_0.18-1 libitm1_7.3.0-1 libjbig0_2.1-3.1+b2 libjpeg62-turbo_1:1.5.2-2+b1 libjsoncpp1_1.7.4-3 libk5crypto3_1.16-2 libkeyutils1_1.5.9-9.2 libkrb5-3_1.16-2 libkrb5support0_1.16-2 liblcms2-2_2.9-1 libllvm5.0_1:5.0.1-2 libllvm6.0_1:6.0~+rc1-1 liblqr-1-0_0.4.2-2.1 liblsan0_7.3.0-1 libltdl7_2.4.6-2 liblz4-1_0.0~r131-2+b1 liblzma5_5.2.2-1.3 libmagic-mgc_1:5.32-1 libmagic1_1:5.32-1 libmagickcore-6.q16-3_8:6.9.7.4+dfsg-16.1 libmount1_2.30.2-0.3 libmpc3_1.1.0-1 libmpfr4_3.1.6-1 libmpfr6_4.0.1~rc2-1 libmpx2_7.3.0-1 libncurses5_6.0+20171125-1 libncursesw5_6.0+20171125-1 libnettle6_3.4-1 libnspr4_2:4.18-1 libnss3_2:3.35-2 libobjc-7-dev_7.3.0-1 libobjc4_7.3.0-1 libogg0_1.3.2-1+b1 libopenjp2-7_2.3.0-1 libp11-kit0_0.23.9-2 libpam-modules_1.1.8-3.6 libpam-modules-bin_1.1.8-3.6 libpam-runtime_1.1.8-3.6 libpam0g_1.1.8-3.6 libpciaccess0_0.13.4-1+b2 libpcre3_2:8.39-9 libperl5.26_5.26.1-4+b1 libpipeline1_1.5.0-1 libpixman-1-0_0.34.0-2 libpng16-16_1.6.34-1 libpoppler72_0.61.1-2 libpopplerkit-dev_0.0.20051227svn-7.1+b12 libpopplerkit0_0.0.20051227svn-7.1+b12 libquadmath0_7.3.0-1 libseccomp2_2.3.1-2.1 libselinux1_2.7-2+b1 libsemanage-common_2.7-2 libsemanage1_2.7-2+b1 libsensors4_1:3.4.0-4 libsepol1_2.7-1 libsigsegv2_2.12-1 libsm6_2:1.2.2-1+b3 libsmartcols1_2.30.2-0.3 libsndfile1_1.0.28-4 libsqlite3-0_3.22.0-1 libss2_1.43.8-2 libssl1.1_1.1.0g-2 libstdc++-7-dev_7.3.0-1 libstdc++6_7.3.0-1 libsystemd0_237-1 libtasn1-6_4.13-2 libtiff5_4.0.9-3 libtimedate-perl_2.3000-2 libtinfo5_6.0+20171125-1 libtool_2.4.6-2 libtsan0_7.3.0-1 libubsan0_7.3.0-1 libudev1_237-1 libunistring2_0.9.8-1 libustr-1.0-1_1.0.4-6 libuuid1_2.30.2-0.3 libvorbis0a_1.3.5-4.1 libvorbisenc2_1.3.5-4.1 libx11-6_2:1.6.4-3 libx11-data_2:1.6.4-3 libx11-xcb1_2:1.6.4-3 libxau6_1:1.0.8-1+b2 libxcb-dri2-0_1.12-1 libxcb-dri3-0_1.12-1 libxcb-glx0_1.12-1 libxcb-present0_1.12-1 libxcb-render0_1.12-1 libxcb-shm0_1.12-1 libxcb-sync1_1.12-1 libxcb-xfixes0_1.12-1 libxcb1_1.12-1 libxcursor1_1:1.1.15-1 libxdamage1_1:1.1.4-3 libxdmcp6_1:1.1.2-3 libxext6_2:1.3.3-1+b2 libxfixes3_1:5.0.3-1 libxml2_2.9.4+dfsg1-6.1 libxmu6_2:1.1.2-2 libxrender1_1:0.9.10-1 libxshmfence1_1.2-1+b2 libxslt1.1_1.1.29-5 libxt6_1:1.1.5-1 libxxf86vm1_1:1.1.4-1+b2 linux-libc-dev_4.14.13-1 login_1:4.5-1 lsb-base_9.20170808 m4_1.4.18-1 make_4.1-9.1 man-db_2.8.0-2 mawk_1.3.3-17+b3 mknfonts.tool_0.5-11+b6 mount_2.30.2-0.3 multiarch-support_2.26-6 ncurses-base_6.0+20171125-1 ncurses-bin_6.0+20171125-1 openssl_1.1.0g-2 passwd_1:4.5-1 patch_2.7.5-1+b2 perl_5.26.1-4+b1 perl-base_5.26.1-4+b1 perl-modules-5.26_5.26.1-4 po-debconf_1.0.20 sbuild-build-depends-core-dummy_0.invalid.0 sbuild-build-depends-viewpdf.app-dummy_0.invalid.0 sed_4.4-2 sensible-utils_0.0.11 sysvinit-utils_2.88dsf-59.10 tar_1.29b-2 tzdata_2018c-1 ucf_3.0036 util-linux_2.30.2-0.3 x11-common_1:7.7+19 xz-utils_5.2.2-1.3 zlib1g_1:1.2.8.dfsg-5

+------------------------------------------------------------------------------+
| Build                                                                        |
+------------------------------------------------------------------------------+


Unpack source
-------------

gpgv: unknown type of key resource 'trustedkeys.kbx'
gpgv: keyblock resource '/sbuild-nonexistent/.gnupg/trustedkeys.kbx': General error
gpgv: Signature made Tue Jan 16 18:20:39 2018 UTC
gpgv:                using RSA key 9236557B170C87F8821C0AC3C1E0D92E986F7C7E
gpgv: Can't check signature: No public key
dpkg-source: warning: failed to verify signature on ./viewpdf.app_0.2dfsg1-6.dsc
dpkg-source: info: extracting viewpdf.app in /<<PKGBUILDDIR>>
dpkg-source: info: unpacking viewpdf.app_0.2dfsg1.orig.tar.gz
dpkg-source: info: unpacking viewpdf.app_0.2dfsg1-6.debian.tar.xz
dpkg-source: info: applying fix-NSView-crash.patch
dpkg-source: info: applying rename.patch
dpkg-source: info: applying remove-NS_HANDLER

Check disk space
----------------

Sufficient free space for build

User Environment
----------------

APT_CONFIG=/var/lib/sbuild/apt.conf
HOME=/sbuild-nonexistent
LANG=en_US.UTF-8
LC_ALL=POSIX
LOGNAME=user42
PATH=/usr/local/sbin:/usr/local/bin:/usr/sbin:/usr/bin:/sbin:/bin:/usr/games
SCHROOT_ALIAS_NAME=unstable-amd64-sbuild
SCHROOT_CHROOT_NAME=unstable-amd64-sbuild
SCHROOT_COMMAND=env
SCHROOT_GID=1001
SCHROOT_GROUP=user42
SCHROOT_SESSION_ID=unstable-amd64-sbuild-7c76ccba-af2a-4527-a46a-cb0f04715fe9
SCHROOT_UID=1001
SCHROOT_USER=user42
SHELL=/bin/sh
USER=user42

dpkg-buildpackage
-----------------

dpkg-buildpackage: info: source package viewpdf.app
dpkg-buildpackage: info: source version 1:0.2dfsg1-6
dpkg-buildpackage: info: source distribution unstable
dpkg-buildpackage: info: source changed by Grkan Myczko <gurkan@phys.ethz.ch>
 dpkg-source --before-build viewpdf.app-0.2dfsg1
dpkg-buildpackage: info: host architecture amd64
 fakeroot debian/rules clean
dh clean
   dh_auto_clean
	make -j16 distclean
make[1]: Entering directory '/<<PKGBUILDDIR>>'
This is gnustep-make 2.7.0. Type 'make print-gnustep-make-help' for help.
rm -rf ./*~ ./obj
(cd .; \
rm -rf    *.app)
make[1]: Leaving directory '/<<PKGBUILDDIR>>'
   dh_clean
 debian/rules build-arch
dh build-arch
   dh_update_autotools_config -a
   dh_autoreconf -a
   dh_auto_configure -a
   debian/rules override_dh_auto_build
make[1]: Entering directory '/<<PKGBUILDDIR>>'
/usr/bin/make  messages=yes CFLAGS="-g -O2 -fdebug-prefix-map=/<<PKGBUILDDIR>>=. -fstack-protector-strong -Wformat -Werror=format-security" CPPFLAGS="-Wdate-time -D_FORTIFY_SOURCE=2" CXXFLAGS="-g -O2 -fdebug-prefix-map=/<<PKGBUILDDIR>>=. -fstack-protector-strong -Wformat -Werror=format-security" FCFLAGS="-g -O2 -fdebug-prefix-map=/<<PKGBUILDDIR>>=. -fstack-protector-strong" FFLAGS="-g -O2 -fdebug-prefix-map=/<<PKGBUILDDIR>>=. -fstack-protector-strong" GCJFLAGS="-g -O2 -fdebug-prefix-map=/<<PKGBUILDDIR>>=. -fstack-protector-strong" LDFLAGS="-Wl,-z,relro -Wl,--no-undefined -Wl,--as-needed" OBJCFLAGS="-g -O2 -fdebug-prefix-map=/<<PKGBUILDDIR>>=. -fstack-protector-strong -Wformat -Werror=format-security" OBJCXXFLAGS="-g -O2 -fdebug-prefix-map=/<<PKGBUILDDIR>>=. -fstack-protector-strong -Wformat -Werror=format-security" 
make[2]: Entering directory '/<<PKGBUILDDIR>>'
This is gnustep-make 2.7.0. Type 'make print-gnustep-make-help' for help.
cd .; \
/usr/share/GNUstep/Makefiles/mkinstalldirs ./obj
Making all for app ViewPDF...
cd .; \
/usr/share/GNUstep/Makefiles/mkinstalldirs ./obj/ViewPDF.obj/
/usr/share/GNUstep/Makefiles/mkinstalldirs ViewPDF.app/.
gcc AppDelegate.m -c \
      -MMD -MP -Wdate-time -D_FORTIFY_SOURCE=2 -DGNUSTEP -DGNUSTEP_BASE_LIBRARY=1 -DGNU_GUI_LIBRARY=1 -DGNU_RUNTIME=1 -DGNUSTEP_BASE_LIBRARY=1 -fno-strict-aliasing -fexceptions -fobjc-exceptions -D_NATIVE_OBJC_EXCEPTIONS -pthread -fPIC -Wall -DGSWARN -DGSDIAGNOSE -Wno-import -g -O2 -g -O2 -fdebug-prefix-map=/<<PKGBUILDDIR>>=. -fstack-protector-strong -Wformat -Werror=format-security -fgnu-runtime -Wall -Wno-import -DGNUSTEP -fconstant-string-class=NSConstantString -I. -I/usr/local/include/GNUstep -I/usr/include/GNUstep \
       -o obj/ViewPDF.obj/AppDelegate.m.o
In file included from AppDelegate.m:19:
In file included from ./AppDelegate.h:19:
/usr/include/GNUstep/Foundation/Foundation.h:31:9: fatal error: 'objc/objc.h' file not found
#import <objc/objc.h>
        ^~~~~~~~~~~~~
1 error generated.
/usr/share/GNUstep/Makefiles/rules.make:479: recipe for target 'obj/ViewPDF.obj/AppDelegate.m.o' failed
make[5]: *** [obj/ViewPDF.obj/AppDelegate.m.o] Error 1
/usr/share/GNUstep/Makefiles/Instance/application.make:147: recipe for target 'internal-app-run-compile-submake' failed
make[4]: *** [internal-app-run-compile-submake] Error 2
/usr/share/GNUstep/Makefiles/Master/rules.make:297: recipe for target 'ViewPDF.all.app.variables' failed
make[3]: *** [ViewPDF.all.app.variables] Error 2
/usr/share/GNUstep/Makefiles/Master/application.make:38: recipe for target 'internal-all' failed
make[2]: *** [internal-all] Error 2
make[2]: Leaving directory '/<<PKGBUILDDIR>>'
debian/rules:17: recipe for target 'override_dh_auto_build' failed
make[1]: *** [override_dh_auto_build] Error 2
make[1]: Leaving directory '/<<PKGBUILDDIR>>'
debian/rules:14: recipe for target 'build-arch' failed
make: *** [build-arch] Error 2
dpkg-buildpackage: error: debian/rules build-arch subprocess returned exit status 2
--------------------------------------------------------------------------------
Build finished at 2018-02-07T21:16:14Z

Finished
--------


+------------------------------------------------------------------------------+
| Cleanup                                                                      |
+------------------------------------------------------------------------------+

Purging /<<BUILDDIR>>
Not cleaning session: cloned chroot in use
E: Build failure (dpkg-buildpackage died)

+------------------------------------------------------------------------------+
| Summary                                                                      |
+------------------------------------------------------------------------------+

Build Architecture: amd64
Build Type: any
Build-Space: 576
Build-Time: 1
Distribution: unstable
Fail-Stage: build
Host Architecture: amd64
Install-Time: 19
Job: viewpdf.app_1:0.2dfsg1-6
Machine Architecture: amd64
Package: viewpdf.app
Package-Time: 33
Source-Version: 1:0.2dfsg1-6
Space: 576
Status: attempted
Version: 1:0.2dfsg1-6
--------------------------------------------------------------------------------
Finished at 2018-02-07T21:16:14Z
Build needed 00:00:33, 576k disk space
E: Build failure (dpkg-buildpackage died)
DC-Status: Failed 34.447763406s
