DC-Build-Header: pd-iemmatrix 0.2-1 / 2014-01-06 07:40:02 +0000
DC-Task: source:pd-iemmatrix version:0.2-1 architecture:any chroot:unstable esttime:84 logfile:/tmp/pd-iemmatrix_0.2-1_unstable_clang.log modes:binary-only:parallel:clang
DC-Sbuild-call: su user -c 'sbuild -n --apt-update -d unstable -v  --chroot-setup-commands=/tmp/switch-to-clang --append-to-version "clang1" --maintainer "Lucas Nussbaum <lucas@debian.org>" --uploader "Lucas Nussbaum <lucas@debian.org>" pd-iemmatrix_0.2-1'
sbuild (Debian sbuild) 0.63.2 (18 Aug 2012) on ip-172-31-10-204.us-west-2.compute.internal

╔══════════════════════════════════════════════════════════════════════════════╗
║ pd-iemmatrix 0.2-1clang1 (amd64)                           06 Jan 2014 07:40 ║
╚══════════════════════════════════════════════════════════════════════════════╝

Package: pd-iemmatrix
Version: 0.2-1clang1
Source Version: 0.2-1
Distribution: unstable
Machine Architecture: amd64
Host Architecture: amd64
Build Architecture: amd64

I: NOTICE: Log filtering will replace 'build/pd-iemmatrix-Jr6tTg/pd-iemmatrix-0.2' with '«PKGBUILDDIR»'
I: NOTICE: Log filtering will replace 'build/pd-iemmatrix-Jr6tTg' with '«BUILDDIR»'
I: NOTICE: Log filtering will replace 'var/lib/schroot/mount/unstable-amd64-sbuild-724efa0d-1e05-43e4-b4f7-8c448ed9a9d7' with '«CHROOT»'

┌──────────────────────────────────────────────────────────────────────────────┐
│ Update chroot                                                                │
└──────────────────────────────────────────────────────────────────────────────┘

Get:1 http://localhost:9999 unstable InRelease [206 kB]
Get:2 http://localhost:9999 unstable/main Sources/DiffIndex [7876 B]
Get:3 http://localhost:9999 unstable/main amd64 Packages/DiffIndex [7876 B]
Get:4 http://localhost:9999 unstable/main Translation-en/DiffIndex [7876 B]
Get:5 http://localhost:9999 unstable/main 2014-01-04-1439.27.pdiff [11.3 kB]
Get:6 http://localhost:9999 unstable/main 2014-01-04-1439.27.pdiff [11.3 kB]
Get:7 http://localhost:9999 unstable/main amd64 2014-01-04-1439.27.pdiff [11.8 kB]
Get:8 http://localhost:9999 unstable/main 2014-01-04-1439.27.pdiff [1898 B]
Get:9 http://localhost:9999 unstable/main amd64 2014-01-04-1439.27.pdiff [11.8 kB]
Get:10 http://localhost:9999 unstable/main 2014-01-04-2039.41.pdiff [12.3 kB]
Get:11 http://localhost:9999 unstable/main 2014-01-04-1439.27.pdiff [1898 B]
Get:12 http://localhost:9999 unstable/main amd64 2014-01-04-2039.41.pdiff [24.3 kB]
Get:13 http://localhost:9999 unstable/main 2014-01-04-2039.41.pdiff [12.3 kB]
Get:14 http://localhost:9999 unstable/main 2014-01-04-2039.41.pdiff [2358 B]
Get:15 http://localhost:9999 unstable/main amd64 2014-01-04-2039.41.pdiff [24.3 kB]
Get:16 http://localhost:9999 unstable/main 2014-01-05-0239.35.pdiff [9640 B]
Get:17 http://localhost:9999 unstable/main 2014-01-04-2039.41.pdiff [2358 B]
Get:18 http://localhost:9999 unstable/main amd64 2014-01-05-0239.35.pdiff [18.3 kB]
Get:19 http://localhost:9999 unstable/main 2014-01-05-0239.35.pdiff [9640 B]
Get:20 http://localhost:9999 unstable/main 2014-01-05-0239.35.pdiff [504 B]
Get:21 http://localhost:9999 unstable/main amd64 2014-01-05-0239.35.pdiff [18.3 kB]
Get:22 http://localhost:9999 unstable/main 2014-01-05-0840.32.pdiff [4885 B]
Get:23 http://localhost:9999 unstable/main 2014-01-05-0239.35.pdiff [504 B]
Get:24 http://localhost:9999 unstable/main amd64 2014-01-05-0840.32.pdiff [3950 B]
Get:25 http://localhost:9999 unstable/main 2014-01-05-0840.32.pdiff [4885 B]
Get:26 http://localhost:9999 unstable/main 2014-01-05-0840.32.pdiff [214 B]
Get:27 http://localhost:9999 unstable/main amd64 2014-01-05-0840.32.pdiff [3950 B]
Get:28 http://localhost:9999 unstable/main 2014-01-05-1438.24.pdiff [7183 B]
Get:29 http://localhost:9999 unstable/main 2014-01-05-0840.32.pdiff [214 B]
Get:30 http://localhost:9999 unstable/main amd64 2014-01-05-1438.24.pdiff [3882 B]
Get:31 http://localhost:9999 unstable/main 2014-01-05-1438.24.pdiff [7183 B]
Get:32 http://localhost:9999 unstable/main 2014-01-05-1438.24.pdiff [1111 B]
Get:33 http://localhost:9999 unstable/main amd64 2014-01-05-1438.24.pdiff [3882 B]
Get:34 http://localhost:9999 unstable/main 2014-01-05-2041.02.pdiff [20.2 kB]
Get:35 http://localhost:9999 unstable/main 2014-01-05-1438.24.pdiff [1111 B]
Get:36 http://localhost:9999 unstable/main amd64 2014-01-05-2041.02.pdiff [17.0 kB]
Get:37 http://localhost:9999 unstable/main 2014-01-05-2041.02.pdiff [20.2 kB]
Get:38 http://localhost:9999 unstable/main 2014-01-05-2041.02.pdiff [2166 B]
Get:39 http://localhost:9999 unstable/main amd64 2014-01-05-2041.02.pdiff [17.0 kB]
Get:40 http://localhost:9999 unstable/main 2014-01-06-0239.34.pdiff [7972 B]
Get:41 http://localhost:9999 unstable/main 2014-01-05-2041.02.pdiff [2166 B]
Get:42 http://localhost:9999 unstable/main amd64 2014-01-06-0239.34.pdiff [21.1 kB]
Get:43 http://localhost:9999 unstable/main 2014-01-06-0239.34.pdiff [7972 B]
Get:44 http://localhost:9999 unstable/main 2014-01-06-0239.34.pdiff [238 B]
Get:45 http://localhost:9999 unstable/main amd64 2014-01-06-0239.34.pdiff [21.1 kB]
Get:46 http://localhost:9999 unstable/main 2014-01-06-0239.34.pdiff [238 B]
Fetched 412 kB in 28s (14.5 kB/s)
Reading package lists...
Reading package lists...
Building dependency tree...
Reading state information...
The following packages will be upgraded:
  libterm-ui-perl
1 upgraded, 0 newly installed, 0 to remove and 0 not upgraded.
Need to get 19.1 kB of archives.
After this operation, 1024 B of additional disk space will be used.
Get:1 http://localhost:9999/debian/ unstable/main libterm-ui-perl all 0.42-1 [19.1 kB]
debconf: delaying package configuration, since apt-utils is not installed
Fetched 19.1 kB in 0s (1190 kB/s)
(Reading database ... 13944 files and directories currently installed.)
Preparing to unpack .../libterm-ui-perl_0.42-1_all.deb ...
Unpacking libterm-ui-perl (0.42-1) over (0.38-1) ...
Setting up libterm-ui-perl (0.42-1) ...

┌──────────────────────────────────────────────────────────────────────────────┐
│ Fetch source files                                                           │
└──────────────────────────────────────────────────────────────────────────────┘


Check APT
─────────

Checking available source versions...

Download source files with APT
──────────────────────────────

Reading package lists...
Building dependency tree...
Reading state information...
NOTICE: 'pd-iemmatrix' packaging is maintained in the 'Git' version control system at:
git://git.debian.org/pkg-multimedia/pd-iemmatrix
Need to get 327 kB of source archives.
Get:1 http://localhost:9999/debian/ unstable/main pd-iemmatrix 0.2-1 (dsc) [2135 B]
Get:2 http://localhost:9999/debian/ unstable/main pd-iemmatrix 0.2-1 (tar) [316 kB]
Get:3 http://localhost:9999/debian/ unstable/main pd-iemmatrix 0.2-1 (diff) [8478 B]
Fetched 327 kB in 1s (218 kB/s)
Download complete and in download only mode

Check arch
──────────


┌──────────────────────────────────────────────────────────────────────────────┐
│ Chroot Setup Commands                                                        │
└──────────────────────────────────────────────────────────────────────────────┘


/tmp/switch-to-clang
────────────────────

+ echo 'Entering customization script...'
Entering customization script...
+ echo 'Install of clang-3.4'
Install of clang-3.4
+ apt-get update
Hit http://localhost:9999 unstable InRelease
Hit http://localhost:9999 unstable/main Sources/DiffIndex
Hit http://localhost:9999 unstable/main amd64 Packages/DiffIndex
Hit http://localhost:9999 unstable/main Translation-en/DiffIndex
Reading package lists...
+ apt-get install --yes --no-install-recommends --force-yes clang-3.4
Reading package lists...
Building dependency tree...
Reading state information...
The following extra packages will be installed:
  libclang-common-3.4-dev libclang1-3.4 libffi6 libllvm3.4 libobjc-4.8-dev
  libobjc4
Recommended packages:
  llvm-3.4-dev python
The following NEW packages will be installed:
  clang-3.4 libclang-common-3.4-dev libclang1-3.4 libffi6 libllvm3.4
  libobjc-4.8-dev libobjc4
0 upgraded, 7 newly installed, 0 to remove and 0 not upgraded.
Need to get 19.9 MB of archives.
After this operation, 82.1 MB of additional disk space will be used.
Get:1 http://localhost:9999/debian/ unstable/main libffi6 amd64 3.0.13-10 [19.3 kB]
Get:2 http://localhost:9999/debian/ unstable/main libllvm3.4 amd64 1:3.4-1 [6528 kB]
Get:3 http://localhost:9999/debian/ unstable/main libobjc4 amd64 4.8.2-11 [110 kB]
Get:4 http://localhost:9999/debian/ unstable/main libobjc-4.8-dev amd64 4.8.2-11 [370 kB]
Get:5 http://localhost:9999/debian/ unstable/main libclang1-3.4 amd64 1:3.4-1 [3526 kB]
Get:6 http://localhost:9999/debian/ unstable/main libclang-common-3.4-dev amd64 1:3.4-1 [516 kB]
Get:7 http://localhost:9999/debian/ unstable/main clang-3.4 amd64 1:3.4-1 [8878 kB]
debconf: delaying package configuration, since apt-utils is not installed
Fetched 19.9 MB in 0s (25.7 MB/s)
Selecting previously unselected package libffi6:amd64.
(Reading database ... 13944 files and directories currently installed.)
Preparing to unpack .../libffi6_3.0.13-10_amd64.deb ...
Unpacking libffi6:amd64 (3.0.13-10) ...
Selecting previously unselected package libllvm3.4:amd64.
Preparing to unpack .../libllvm3.4_1%3a3.4-1_amd64.deb ...
Unpacking libllvm3.4:amd64 (1:3.4-1) ...
Selecting previously unselected package libobjc4:amd64.
Preparing to unpack .../libobjc4_4.8.2-11_amd64.deb ...
Unpacking libobjc4:amd64 (4.8.2-11) ...
Selecting previously unselected package libobjc-4.8-dev:amd64.
Preparing to unpack .../libobjc-4.8-dev_4.8.2-11_amd64.deb ...
Unpacking libobjc-4.8-dev:amd64 (4.8.2-11) ...
Selecting previously unselected package libclang1-3.4:amd64.
Preparing to unpack .../libclang1-3.4_1%3a3.4-1_amd64.deb ...
Unpacking libclang1-3.4:amd64 (1:3.4-1) ...
Selecting previously unselected package libclang-common-3.4-dev.
Preparing to unpack .../libclang-common-3.4-dev_1%3a3.4-1_amd64.deb ...
Unpacking libclang-common-3.4-dev (1:3.4-1) ...
Selecting previously unselected package clang-3.4.
Preparing to unpack .../clang-3.4_1%3a3.4-1_amd64.deb ...
Unpacking clang-3.4 (1:3.4-1) ...
Setting up libffi6:amd64 (3.0.13-10) ...
Setting up libllvm3.4:amd64 (1:3.4-1) ...
Setting up libobjc4:amd64 (4.8.2-11) ...
Setting up libobjc-4.8-dev:amd64 (4.8.2-11) ...
Setting up libclang1-3.4:amd64 (1:3.4-1) ...
Setting up libclang-common-3.4-dev (1:3.4-1) ...
Setting up clang-3.4 (1:3.4-1) ...
Processing triggers for libc-bin (2.17-97) ...
+ echo 'Replace gcc, g++ & cpp by clang'
Replace gcc, g++ & cpp by clang
+ VERSIONS='4.6 4.7 4.8'
+ cd /usr/bin
+ for VERSION in '$VERSIONS'
+ rm -f g++-4.6 gcc-4.6 cpp-4.6
+ ln -s clang++ g++-4.6
+ ln -s clang gcc-4.6
+ ln -s clang cpp-4.6
+ for VERSION in '$VERSIONS'
+ rm -f g++-4.7 gcc-4.7 cpp-4.7
+ ln -s clang++ g++-4.7
+ ln -s clang gcc-4.7
+ ln -s clang cpp-4.7
+ for VERSION in '$VERSIONS'
+ rm -f g++-4.8 gcc-4.8 cpp-4.8
+ ln -s clang++ g++-4.8
+ ln -s clang gcc-4.8
+ ln -s clang cpp-4.8
+ cd -
/«BUILDDIR»
+ echo 'Block the installation of new gcc version'
Block the installation of new gcc version
+ dpkg --set-selections
+ echo 'gcc-4.6 hold'
+ dpkg --set-selections
+ echo 'cpp-4.6 hold'
+ dpkg --set-selections
+ echo 'g++-4.6 hold'
+ dpkg --set-selections
+ echo 'gcc-4.7 hold'
+ dpkg --set-selections
+ echo 'cpp-4.7 hold'
+ dpkg --set-selections
+ echo 'g++-4.7 hold'
+ dpkg --set-selections
+ echo 'gcc-4.8 hold'
+ dpkg --set-selections
+ echo 'cpp-4.8 hold'
+ dpkg --set-selections
+ echo 'g++-4.8 hold'
+ echo 'Check if gcc, g++ & cpp are actually clang'
Check if gcc, g++ & cpp are actually clang
+ grep clang
+ gcc --version
+ grep clang
+ cpp --version
+ grep clang
+ g++ --version

I: Finished running '/tmp/switch-to-clang'.

Finished processing commands.
────────────────────────────────────────────────────────────────────────────────
Merged Build-Depends: build-essential, fakeroot
Filtered Build-Depends: build-essential, fakeroot
dpkg-deb: building package `sbuild-build-depends-core-dummy' in `/«BUILDDIR»/resolver-_oSFDC/apt_archive/sbuild-build-depends-core-dummy.deb'.
OK
Reading package lists...

┌──────────────────────────────────────────────────────────────────────────────┐
│ Install core build dependencies (apt-based resolver)                         │
└──────────────────────────────────────────────────────────────────────────────┘

Installing build dependencies
Reading package lists...
Building dependency tree...
Reading state information...
The following NEW packages will be installed:
  sbuild-build-depends-core-dummy
debconf: delaying package configuration, since apt-utils is not installed
0 upgraded, 1 newly installed, 0 to remove and 0 not upgraded.
Need to get 0 B/766 B of archives.
After this operation, 0 B of additional disk space will be used.
Selecting previously unselected package sbuild-build-depends-core-dummy.
(Reading database ... 14105 files and directories currently installed.)
Preparing to unpack .../sbuild-build-depends-core-dummy.deb ...
Unpacking sbuild-build-depends-core-dummy (0.invalid.0) ...
Setting up sbuild-build-depends-core-dummy (0.invalid.0) ...
Merged Build-Depends: base-files, base-passwd, bash, bsdutils, coreutils, dash, debianutils, diffutils, dpkg, e2fsprogs, findutils, grep, gzip, hostname, libc-bin, login, mount, ncurses-base, ncurses-bin, perl-base, sed, sysvinit, sysvinit-utils, tar, util-linux, libc6-dev | libc-dev, gcc (>= 4:4.4.3), g++ (>= 4:4.4.3), make, dpkg-dev (>= 1.13.5), debhelper (>= 7.0.1), dh-buildinfo, automake1.11, autoconf, cdbs (>= 0.4.91~), devscripts (>= 2.10.7~), puredata, libfftw3-dev, libsndfile1-dev, libgsl0-dev
Filtered Build-Depends: base-files, base-passwd, bash, bsdutils, coreutils, dash, debianutils, diffutils, dpkg, e2fsprogs, findutils, grep, gzip, hostname, libc-bin, login, mount, ncurses-base, ncurses-bin, perl-base, sed, sysvinit, sysvinit-utils, tar, util-linux, libc6-dev, gcc (>= 4:4.4.3), g++ (>= 4:4.4.3), make, dpkg-dev (>= 1.13.5), debhelper (>= 7.0.1), dh-buildinfo, automake1.11, autoconf, cdbs (>= 0.4.91~), devscripts (>= 2.10.7~), puredata, libfftw3-dev, libsndfile1-dev, libgsl0-dev
dpkg-deb: building package `sbuild-build-depends-pd-iemmatrix-dummy' in `/«BUILDDIR»/resolver-Z1HW_M/apt_archive/sbuild-build-depends-pd-iemmatrix-dummy.deb'.
OK
Reading package lists...

┌──────────────────────────────────────────────────────────────────────────────┐
│ Install pd-iemmatrix build dependencies (apt-based resolver)                 │
└──────────────────────────────────────────────────────────────────────────────┘

Installing build dependencies
Reading package lists...
Building dependency tree...
Reading state information...
The following extra packages will be installed:
  autoconf automake1.11 autotools-dev bsdmainutils cdbs debhelper devscripts
  dh-buildinfo dh-python file fontconfig-config fonts-dejavu-core gettext
  gettext-base groff-base intltool-debian libasound2 libasound2-data
  libasprintf0c2 libcroco3 libexpat1 libfftw3-bin libfftw3-dev
  libfftw3-double3 libfftw3-long3 libfftw3-quad3 libfftw3-single3 libflac-dev
  libflac8 libfontconfig1 libfreetype6 libglib2.0-0 libgsl0-dev libgsl0ldbl
  libjack-jackd2-0 libmagic1 libncursesw5 libogg-dev libogg0 libopus0
  libpipeline1 libpng12-0 libpopt0 libportaudio2 libpython3-stdlib
  libpython3.3-minimal libpython3.3-stdlib libsamplerate0 libsigsegv2
  libsndfile1 libsndfile1-dev libsqlite3-0 libssl1.0.0 libunistring0
  libvorbis-dev libvorbis0a libvorbisenc2 libvorbisfile3 libx11-6 libx11-data
  libxau6 libxcb1 libxdmcp6 libxext6 libxft2 libxml2 libxrender1 libxss1 m4
  man-db mime-support pkg-config po-debconf puredata puredata-core
  puredata-dev puredata-doc puredata-extra puredata-gui puredata-utils python3
  python3-minimal python3.3 python3.3-minimal tcl tcl8.5 tk tk8.5 x11-common
Suggested packages:
  autoconf2.13 autoconf-archive gnu-standards autoconf-doc libtool wamerican
  wordlist whois vacation dh-make bsd-mailx mailx cvs-buildpackage
  devscripts-el gnuplot libauthen-sasl-perl libfile-desktopentry-perl
  libnet-smtp-ssl-perl libterm-size-perl libyaml-syck-perl mutt ssh-client
  svn-buildpackage w3m gettext-doc groff libasound2-plugins alsa-utils
  gsl-ref-psdoc gsl-doc-pdf gsl-doc-info gsl-ref-html jackd2 opus-tools less
  www-browser libmail-box-perl pd-csound pd-pdp pd-zexy pd-aubio python3-doc
  python3-tk python3.3-doc binfmt-support tcl-tclreadline
Recommended packages:
  automake automaken at dctrl-tools dput dupload libdistro-info-perl
  libencode-locale-perl libjson-perl libparse-debcontrol-perl liburi-perl
  libwww-perl lintian patchutils python3-debian python3-magic strace unzip
  wdiff wget curl debian-keyring equivs liblwp-protocol-https-perl
  libsoap-lite-perl autopoint libasprintf-dev libgettextpo-dev libglib2.0-data
  shared-mime-info xml-core libmail-sendmail-perl gem xterm
  x-terminal-emulator
The following NEW packages will be installed:
  autoconf automake1.11 autotools-dev bsdmainutils cdbs debhelper devscripts
  dh-buildinfo dh-python file fontconfig-config fonts-dejavu-core gettext
  gettext-base groff-base intltool-debian libasound2 libasound2-data
  libasprintf0c2 libcroco3 libexpat1 libfftw3-bin libfftw3-dev
  libfftw3-double3 libfftw3-long3 libfftw3-quad3 libfftw3-single3 libflac-dev
  libflac8 libfontconfig1 libfreetype6 libglib2.0-0 libgsl0-dev libgsl0ldbl
  libjack-jackd2-0 libmagic1 libncursesw5 libogg-dev libogg0 libopus0
  libpipeline1 libpng12-0 libpopt0 libportaudio2 libpython3-stdlib
  libpython3.3-minimal libpython3.3-stdlib libsamplerate0 libsigsegv2
  libsndfile1 libsndfile1-dev libsqlite3-0 libssl1.0.0 libunistring0
  libvorbis-dev libvorbis0a libvorbisenc2 libvorbisfile3 libx11-6 libx11-data
  libxau6 libxcb1 libxdmcp6 libxext6 libxft2 libxml2 libxrender1 libxss1 m4
  man-db mime-support pkg-config po-debconf puredata puredata-core
  puredata-dev puredata-doc puredata-extra puredata-gui puredata-utils python3
  python3-minimal python3.3 python3.3-minimal
  sbuild-build-depends-pd-iemmatrix-dummy tcl tcl8.5 tk tk8.5 x11-common
0 upgraded, 90 newly installed, 0 to remove and 0 not upgraded.
Need to get 36.3 MB/36.3 MB of archives.
After this operation, 125 MB of additional disk space will be used.
Get:1 http://localhost:9999/debian/ unstable/main libncursesw5 amd64 5.9+20130608-1 [141 kB]
Get:2 http://localhost:9999/debian/ unstable/main libpipeline1 amd64 1.2.6-1 [24.8 kB]
Get:3 http://localhost:9999/debian/ unstable/main libpopt0 amd64 1.16-8 [48.9 kB]
Get:4 http://localhost:9999/debian/ unstable/main libssl1.0.0 amd64 1.0.1e-6 [1003 kB]
Get:5 http://localhost:9999/debian/ unstable/main groff-base amd64 1.22.2-3 [747 kB]
Get:6 http://localhost:9999/debian/ unstable/main bsdmainutils amd64 9.0.5 [211 kB]
Get:7 http://localhost:9999/debian/ unstable/main man-db amd64 2.6.5-3 [975 kB]
Get:8 http://localhost:9999/debian/ unstable/main libasprintf0c2 amd64 0.18.3.1-2 [29.1 kB]
Get:9 http://localhost:9999/debian/ unstable/main libmagic1 amd64 1:5.14-2 [216 kB]
Get:10 http://localhost:9999/debian/ unstable/main libsqlite3-0 amd64 3.8.2-1 [403 kB]
Get:11 http://localhost:9999/debian/ unstable/main libxml2 amd64 2.9.1+dfsg1-3 [791 kB]
Get:12 http://localhost:9999/debian/ unstable/main libasound2-data all 1.0.27.2-3 [58.7 kB]
Get:13 http://localhost:9999/debian/ unstable/main libasound2 amd64 1.0.27.2-3 [370 kB]
Get:14 http://localhost:9999/debian/ unstable/main libglib2.0-0 amd64 2.36.4-1 [2055 kB]
Get:15 http://localhost:9999/debian/ unstable/main libcroco3 amd64 0.6.8-2 [133 kB]
Get:16 http://localhost:9999/debian/ unstable/main libexpat1 amd64 2.1.0-4 [138 kB]
Get:17 http://localhost:9999/debian/ unstable/main libfftw3-double3 amd64 3.3.3-7 [707 kB]
Get:18 http://localhost:9999/debian/ unstable/main libfftw3-long3 amd64 3.3.3-7 [311 kB]
Get:19 http://localhost:9999/debian/ unstable/main libfftw3-quad3 amd64 3.3.3-7 [555 kB]
Get:20 http://localhost:9999/debian/ unstable/main libfftw3-single3 amd64 3.3.3-7 [738 kB]
Get:21 http://localhost:9999/debian/ unstable/main libogg0 amd64 1.3.1-1 [20.7 kB]
Get:22 http://localhost:9999/debian/ unstable/main libflac8 amd64 1.3.0-2 [86.6 kB]
Get:23 http://localhost:9999/debian/ unstable/main libpng12-0 amd64 1.2.49-5 [189 kB]
Get:24 http://localhost:9999/debian/ unstable/main libfreetype6 amd64 2.5.2-1 [454 kB]
Get:25 http://localhost:9999/debian/ unstable/main fonts-dejavu-core all 2.33+svn2514-3 [1042 kB]
Get:26 http://localhost:9999/debian/ unstable/main fontconfig-config all 2.11.0-2 [270 kB]
Get:27 http://localhost:9999/debian/ unstable/main libfontconfig1 amd64 2.11.0-2 [326 kB]
Get:28 http://localhost:9999/debian/ unstable/main libopus0 amd64 1.1-1 [155 kB]
Get:29 http://localhost:9999/debian/ unstable/main libsamplerate0 amd64 0.1.8-5 [1352 kB]
Get:30 http://localhost:9999/debian/ unstable/main libjack-jackd2-0 amd64 1.9.9.5+20130622git7de15e7a-1 [213 kB]
Get:31 http://localhost:9999/debian/ unstable/main libportaudio2 amd64 19+svn20111121-2 [64.0 kB]
Get:32 http://localhost:9999/debian/ unstable/main libpython3.3-minimal amd64 3.3.3-5 [422 kB]
Get:33 http://localhost:9999/debian/ unstable/main mime-support all 3.54 [36.4 kB]
Get:34 http://localhost:9999/debian/ unstable/main libpython3.3-stdlib amd64 3.3.3-5 [2054 kB]
Get:35 http://localhost:9999/debian/ unstable/main libsigsegv2 amd64 2.10-2 [29.8 kB]
Get:36 http://localhost:9999/debian/ unstable/main libvorbis0a amd64 1.3.2-1.3 [109 kB]
Get:37 http://localhost:9999/debian/ unstable/main libvorbisenc2 amd64 1.3.2-1.3 [143 kB]
Get:38 http://localhost:9999/debian/ unstable/main libsndfile1 amd64 1.0.25-7 [242 kB]
Get:39 http://localhost:9999/debian/ unstable/main libunistring0 amd64 0.9.3-5 [434 kB]
Get:40 http://localhost:9999/debian/ unstable/main libvorbisfile3 amd64 1.3.2-1.3 [24.9 kB]
Get:41 http://localhost:9999/debian/ unstable/main libxau6 amd64 1:1.0.8-1 [20.7 kB]
Get:42 http://localhost:9999/debian/ unstable/main libxdmcp6 amd64 1:1.1.1-1 [26.3 kB]
Get:43 http://localhost:9999/debian/ unstable/main libxcb1 amd64 1.10-2 [41.8 kB]
Get:44 http://localhost:9999/debian/ unstable/main libx11-data all 2:1.6.2-1 [125 kB]
Get:45 http://localhost:9999/debian/ unstable/main libx11-6 amd64 2:1.6.2-1 [716 kB]
Get:46 http://localhost:9999/debian/ unstable/main libxext6 amd64 2:1.3.2-1 [56.5 kB]
Get:47 http://localhost:9999/debian/ unstable/main libxrender1 amd64 1:0.9.8-1 [33.5 kB]
Get:48 http://localhost:9999/debian/ unstable/main libxft2 amd64 2.3.1-1 [61.0 kB]
Get:49 http://localhost:9999/debian/ unstable/main x11-common all 1:7.7+5 [282 kB]
Get:50 http://localhost:9999/debian/ unstable/main libxss1 amd64 1:1.2.2-1 [17.5 kB]
Get:51 http://localhost:9999/debian/ unstable/main python3.3-minimal amd64 3.3.3-5 [1402 kB]
Get:52 http://localhost:9999/debian/ unstable/main file amd64 1:5.14-2 [54.0 kB]
Get:53 http://localhost:9999/debian/ unstable/main gettext-base amd64 0.18.3.1-2 [116 kB]
Get:54 http://localhost:9999/debian/ unstable/main m4 amd64 1.4.17-2 [255 kB]
Get:55 http://localhost:9999/debian/ unstable/main autoconf all 2.69-2 [339 kB]
Get:56 http://localhost:9999/debian/ unstable/main autotools-dev all 20130810.1 [69.6 kB]
Get:57 http://localhost:9999/debian/ unstable/main automake1.11 all 1:1.11.6-2 [605 kB]
Get:58 http://localhost:9999/debian/ unstable/main cdbs all 0.4.122 [81.4 kB]
Get:59 http://localhost:9999/debian/ unstable/main gettext amd64 0.18.3.1-2 [1202 kB]
Get:60 http://localhost:9999/debian/ unstable/main intltool-debian all 0.35.0+20060710.1 [30.8 kB]
Get:61 http://localhost:9999/debian/ unstable/main po-debconf all 1.0.16+nmu2 [224 kB]
Get:62 http://localhost:9999/debian/ unstable/main debhelper all 9.20131227 [687 kB]
Get:63 http://localhost:9999/debian/ unstable/main python3.3 amd64 3.3.3-5 [159 kB]
Get:64 http://localhost:9999/debian/ unstable/main python3-minimal amd64 3.3.2-17 [33.9 kB]
Get:65 http://localhost:9999/debian/ unstable/main libpython3-stdlib amd64 3.3.2-17 [17.6 kB]
Get:66 http://localhost:9999/debian/ unstable/main dh-python all 1.20131021-1 [51.3 kB]
Get:67 http://localhost:9999/debian/ unstable/main python3 amd64 3.3.2-17 [20.5 kB]
Get:68 http://localhost:9999/debian/ unstable/main devscripts amd64 2.13.9 [863 kB]
Get:69 http://localhost:9999/debian/ unstable/main dh-buildinfo all 0.10 [14.9 kB]
Get:70 http://localhost:9999/debian/ unstable/main libfftw3-bin amd64 3.3.3-7 [48.4 kB]
Get:71 http://localhost:9999/debian/ unstable/main libfftw3-dev amd64 3.3.3-7 [2091 kB]
Get:72 http://localhost:9999/debian/ unstable/main libogg-dev amd64 1.3.1-1 [211 kB]
Get:73 http://localhost:9999/debian/ unstable/main libflac-dev amd64 1.3.0-2 [135 kB]
Get:74 http://localhost:9999/debian/ unstable/main libgsl0ldbl amd64 1.16+dfsg-1 [1140 kB]
Get:75 http://localhost:9999/debian/ unstable/main libgsl0-dev amd64 1.16+dfsg-1 [1444 kB]
Get:76 http://localhost:9999/debian/ unstable/main pkg-config amd64 0.26-1 [59.5 kB]
Get:77 http://localhost:9999/debian/ unstable/main libvorbis-dev amd64 1.3.2-1.3 [476 kB]
Get:78 http://localhost:9999/debian/ unstable/main libsndfile1-dev amd64 1.0.25-7 [1247 kB]
Get:79 http://localhost:9999/debian/ unstable/main puredata-core amd64 0.45.4-1 [485 kB]
Get:80 http://localhost:9999/debian/ unstable/main tcl8.5 amd64 8.5.14-2 [1639 kB]
Get:81 http://localhost:9999/debian/ unstable/main tk8.5 amd64 8.5.14-2 [1196 kB]
Get:82 http://localhost:9999/debian/ unstable/main tcl all 8.5.0-2.1 [4762 B]
Get:83 http://localhost:9999/debian/ unstable/main tk all 8.5.0-2.1 [4792 B]
Get:84 http://localhost:9999/debian/ unstable/main puredata-gui all 0.45.4-1 [92.3 kB]
Get:85 http://localhost:9999/debian/ unstable/main puredata-doc all 0.45.4-1 [854 kB]
Get:86 http://localhost:9999/debian/ unstable/main puredata-extra amd64 0.45.4-1 [163 kB]
Get:87 http://localhost:9999/debian/ unstable/main puredata-utils amd64 0.45.4-1 [23.4 kB]
Get:88 http://localhost:9999/debian/ unstable/main puredata-dev all 0.45.4-1 [35.2 kB]
Get:89 http://localhost:9999/debian/ unstable/main puredata all 0.45.4-1 [16.8 kB]
debconf: delaying package configuration, since apt-utils is not installed
Fetched 36.3 MB in 7s (5118 kB/s)
Selecting previously unselected package libncursesw5:amd64.
(Reading database ... 14105 files and directories currently installed.)
Preparing to unpack .../libncursesw5_5.9+20130608-1_amd64.deb ...
Unpacking libncursesw5:amd64 (5.9+20130608-1) ...
Selecting previously unselected package libpipeline1:amd64.
Preparing to unpack .../libpipeline1_1.2.6-1_amd64.deb ...
Unpacking libpipeline1:amd64 (1.2.6-1) ...
Selecting previously unselected package libpopt0:amd64.
Preparing to unpack .../libpopt0_1.16-8_amd64.deb ...
Unpacking libpopt0:amd64 (1.16-8) ...
Selecting previously unselected package libssl1.0.0:amd64.
Preparing to unpack .../libssl1.0.0_1.0.1e-6_amd64.deb ...
Unpacking libssl1.0.0:amd64 (1.0.1e-6) ...
Selecting previously unselected package groff-base.
Preparing to unpack .../groff-base_1.22.2-3_amd64.deb ...
Unpacking groff-base (1.22.2-3) ...
Selecting previously unselected package bsdmainutils.
Preparing to unpack .../bsdmainutils_9.0.5_amd64.deb ...
Unpacking bsdmainutils (9.0.5) ...
Selecting previously unselected package man-db.
Preparing to unpack .../man-db_2.6.5-3_amd64.deb ...
Unpacking man-db (2.6.5-3) ...
Selecting previously unselected package libasprintf0c2:amd64.
Preparing to unpack .../libasprintf0c2_0.18.3.1-2_amd64.deb ...
Unpacking libasprintf0c2:amd64 (0.18.3.1-2) ...
Selecting previously unselected package libmagic1:amd64.
Preparing to unpack .../libmagic1_1%3a5.14-2_amd64.deb ...
Unpacking libmagic1:amd64 (1:5.14-2) ...
Selecting previously unselected package libsqlite3-0:amd64.
Preparing to unpack .../libsqlite3-0_3.8.2-1_amd64.deb ...
Unpacking libsqlite3-0:amd64 (3.8.2-1) ...
Selecting previously unselected package libxml2:amd64.
Preparing to unpack .../libxml2_2.9.1+dfsg1-3_amd64.deb ...
Unpacking libxml2:amd64 (2.9.1+dfsg1-3) ...
Selecting previously unselected package libasound2-data.
Preparing to unpack .../libasound2-data_1.0.27.2-3_all.deb ...
Unpacking libasound2-data (1.0.27.2-3) ...
Selecting previously unselected package libasound2:amd64.
Preparing to unpack .../libasound2_1.0.27.2-3_amd64.deb ...
Unpacking libasound2:amd64 (1.0.27.2-3) ...
Selecting previously unselected package libglib2.0-0:amd64.
Preparing to unpack .../libglib2.0-0_2.36.4-1_amd64.deb ...
Unpacking libglib2.0-0:amd64 (2.36.4-1) ...
Selecting previously unselected package libcroco3:amd64.
Preparing to unpack .../libcroco3_0.6.8-2_amd64.deb ...
Unpacking libcroco3:amd64 (0.6.8-2) ...
Selecting previously unselected package libexpat1:amd64.
Preparing to unpack .../libexpat1_2.1.0-4_amd64.deb ...
Unpacking libexpat1:amd64 (2.1.0-4) ...
Selecting previously unselected package libfftw3-double3:amd64.
Preparing to unpack .../libfftw3-double3_3.3.3-7_amd64.deb ...
Unpacking libfftw3-double3:amd64 (3.3.3-7) ...
Selecting previously unselected package libfftw3-long3:amd64.
Preparing to unpack .../libfftw3-long3_3.3.3-7_amd64.deb ...
Unpacking libfftw3-long3:amd64 (3.3.3-7) ...
Selecting previously unselected package libfftw3-quad3:amd64.
Preparing to unpack .../libfftw3-quad3_3.3.3-7_amd64.deb ...
Unpacking libfftw3-quad3:amd64 (3.3.3-7) ...
Selecting previously unselected package libfftw3-single3:amd64.
Preparing to unpack .../libfftw3-single3_3.3.3-7_amd64.deb ...
Unpacking libfftw3-single3:amd64 (3.3.3-7) ...
Selecting previously unselected package libogg0:amd64.
Preparing to unpack .../libogg0_1.3.1-1_amd64.deb ...
Unpacking libogg0:amd64 (1.3.1-1) ...
Selecting previously unselected package libflac8:amd64.
Preparing to unpack .../libflac8_1.3.0-2_amd64.deb ...
Unpacking libflac8:amd64 (1.3.0-2) ...
Selecting previously unselected package libpng12-0:amd64.
Preparing to unpack .../libpng12-0_1.2.49-5_amd64.deb ...
Unpacking libpng12-0:amd64 (1.2.49-5) ...
Selecting previously unselected package libfreetype6:amd64.
Preparing to unpack .../libfreetype6_2.5.2-1_amd64.deb ...
Unpacking libfreetype6:amd64 (2.5.2-1) ...
Selecting previously unselected package fonts-dejavu-core.
Preparing to unpack .../fonts-dejavu-core_2.33+svn2514-3_all.deb ...
Unpacking fonts-dejavu-core (2.33+svn2514-3) ...
Selecting previously unselected package fontconfig-config.
Preparing to unpack .../fontconfig-config_2.11.0-2_all.deb ...
Unpacking fontconfig-config (2.11.0-2) ...
Selecting previously unselected package libfontconfig1:amd64.
Preparing to unpack .../libfontconfig1_2.11.0-2_amd64.deb ...
Unpacking libfontconfig1:amd64 (2.11.0-2) ...
Selecting previously unselected package libopus0:amd64.
Preparing to unpack .../libopus0_1.1-1_amd64.deb ...
Unpacking libopus0:amd64 (1.1-1) ...
Selecting previously unselected package libsamplerate0:amd64.
Preparing to unpack .../libsamplerate0_0.1.8-5_amd64.deb ...
Unpacking libsamplerate0:amd64 (0.1.8-5) ...
Selecting previously unselected package libjack-jackd2-0:amd64.
Preparing to unpack .../libjack-jackd2-0_1.9.9.5+20130622git7de15e7a-1_amd64.deb ...
Unpacking libjack-jackd2-0:amd64 (1.9.9.5+20130622git7de15e7a-1) ...
Selecting previously unselected package libportaudio2:amd64.
Preparing to unpack .../libportaudio2_19+svn20111121-2_amd64.deb ...
Unpacking libportaudio2:amd64 (19+svn20111121-2) ...
Selecting previously unselected package libpython3.3-minimal:amd64.
Preparing to unpack .../libpython3.3-minimal_3.3.3-5_amd64.deb ...
Unpacking libpython3.3-minimal:amd64 (3.3.3-5) ...
Selecting previously unselected package mime-support.
Preparing to unpack .../mime-support_3.54_all.deb ...
Unpacking mime-support (3.54) ...
Selecting previously unselected package libpython3.3-stdlib:amd64.
Preparing to unpack .../libpython3.3-stdlib_3.3.3-5_amd64.deb ...
Unpacking libpython3.3-stdlib:amd64 (3.3.3-5) ...
Selecting previously unselected package libsigsegv2:amd64.
Preparing to unpack .../libsigsegv2_2.10-2_amd64.deb ...
Unpacking libsigsegv2:amd64 (2.10-2) ...
Selecting previously unselected package libvorbis0a:amd64.
Preparing to unpack .../libvorbis0a_1.3.2-1.3_amd64.deb ...
Unpacking libvorbis0a:amd64 (1.3.2-1.3) ...
Selecting previously unselected package libvorbisenc2:amd64.
Preparing to unpack .../libvorbisenc2_1.3.2-1.3_amd64.deb ...
Unpacking libvorbisenc2:amd64 (1.3.2-1.3) ...
Selecting previously unselected package libsndfile1:amd64.
Preparing to unpack .../libsndfile1_1.0.25-7_amd64.deb ...
Unpacking libsndfile1:amd64 (1.0.25-7) ...
Selecting previously unselected package libunistring0:amd64.
Preparing to unpack .../libunistring0_0.9.3-5_amd64.deb ...
Unpacking libunistring0:amd64 (0.9.3-5) ...
Selecting previously unselected package libvorbisfile3:amd64.
Preparing to unpack .../libvorbisfile3_1.3.2-1.3_amd64.deb ...
Unpacking libvorbisfile3:amd64 (1.3.2-1.3) ...
Selecting previously unselected package libxau6:amd64.
Preparing to unpack .../libxau6_1%3a1.0.8-1_amd64.deb ...
Unpacking libxau6:amd64 (1:1.0.8-1) ...
Selecting previously unselected package libxdmcp6:amd64.
Preparing to unpack .../libxdmcp6_1%3a1.1.1-1_amd64.deb ...
Unpacking libxdmcp6:amd64 (1:1.1.1-1) ...
Selecting previously unselected package libxcb1:amd64.
Preparing to unpack .../libxcb1_1.10-2_amd64.deb ...
Unpacking libxcb1:amd64 (1.10-2) ...
Selecting previously unselected package libx11-data.
Preparing to unpack .../libx11-data_2%3a1.6.2-1_all.deb ...
Unpacking libx11-data (2:1.6.2-1) ...
Selecting previously unselected package libx11-6:amd64.
Preparing to unpack .../libx11-6_2%3a1.6.2-1_amd64.deb ...
Unpacking libx11-6:amd64 (2:1.6.2-1) ...
Selecting previously unselected package libxext6:amd64.
Preparing to unpack .../libxext6_2%3a1.3.2-1_amd64.deb ...
Unpacking libxext6:amd64 (2:1.3.2-1) ...
Selecting previously unselected package libxrender1:amd64.
Preparing to unpack .../libxrender1_1%3a0.9.8-1_amd64.deb ...
Unpacking libxrender1:amd64 (1:0.9.8-1) ...
Selecting previously unselected package libxft2:amd64.
Preparing to unpack .../libxft2_2.3.1-1_amd64.deb ...
Unpacking libxft2:amd64 (2.3.1-1) ...
Selecting previously unselected package x11-common.
Preparing to unpack .../x11-common_1%3a7.7+5_all.deb ...
Unpacking x11-common (1:7.7+5) ...
Selecting previously unselected package libxss1:amd64.
Preparing to unpack .../libxss1_1%3a1.2.2-1_amd64.deb ...
Unpacking libxss1:amd64 (1:1.2.2-1) ...
Selecting previously unselected package python3.3-minimal.
Preparing to unpack .../python3.3-minimal_3.3.3-5_amd64.deb ...
Unpacking python3.3-minimal (3.3.3-5) ...
Selecting previously unselected package file.
Preparing to unpack .../file_1%3a5.14-2_amd64.deb ...
Unpacking file (1:5.14-2) ...
Selecting previously unselected package gettext-base.
Preparing to unpack .../gettext-base_0.18.3.1-2_amd64.deb ...
Unpacking gettext-base (0.18.3.1-2) ...
Selecting previously unselected package m4.
Preparing to unpack .../archives/m4_1.4.17-2_amd64.deb ...
Unpacking m4 (1.4.17-2) ...
Selecting previously unselected package autoconf.
Preparing to unpack .../autoconf_2.69-2_all.deb ...
Unpacking autoconf (2.69-2) ...
Selecting previously unselected package autotools-dev.
Preparing to unpack .../autotools-dev_20130810.1_all.deb ...
Unpacking autotools-dev (20130810.1) ...
Selecting previously unselected package automake1.11.
Preparing to unpack .../automake1.11_1%3a1.11.6-2_all.deb ...
Unpacking automake1.11 (1:1.11.6-2) ...
Selecting previously unselected package cdbs.
Preparing to unpack .../archives/cdbs_0.4.122_all.deb ...
Unpacking cdbs (0.4.122) ...
Selecting previously unselected package gettext.
Preparing to unpack .../gettext_0.18.3.1-2_amd64.deb ...
Unpacking gettext (0.18.3.1-2) ...
Selecting previously unselected package intltool-debian.
Preparing to unpack .../intltool-debian_0.35.0+20060710.1_all.deb ...
Unpacking intltool-debian (0.35.0+20060710.1) ...
Selecting previously unselected package po-debconf.
Preparing to unpack .../po-debconf_1.0.16+nmu2_all.deb ...
Unpacking po-debconf (1.0.16+nmu2) ...
Selecting previously unselected package debhelper.
Preparing to unpack .../debhelper_9.20131227_all.deb ...
Unpacking debhelper (9.20131227) ...
Selecting previously unselected package python3.3.
Preparing to unpack .../python3.3_3.3.3-5_amd64.deb ...
Unpacking python3.3 (3.3.3-5) ...
Selecting previously unselected package python3-minimal.
Preparing to unpack .../python3-minimal_3.3.2-17_amd64.deb ...
Unpacking python3-minimal (3.3.2-17) ...
Selecting previously unselected package libpython3-stdlib:amd64.
Preparing to unpack .../libpython3-stdlib_3.3.2-17_amd64.deb ...
Unpacking libpython3-stdlib:amd64 (3.3.2-17) ...
Selecting previously unselected package dh-python.
Preparing to unpack .../dh-python_1.20131021-1_all.deb ...
Unpacking dh-python (1.20131021-1) ...
Selecting previously unselected package python3.
Preparing to unpack .../python3_3.3.2-17_amd64.deb ...
Unpacking python3 (3.3.2-17) ...
Selecting previously unselected package devscripts.
Preparing to unpack .../devscripts_2.13.9_amd64.deb ...
Unpacking devscripts (2.13.9) ...
Selecting previously unselected package dh-buildinfo.
Preparing to unpack .../dh-buildinfo_0.10_all.deb ...
Unpacking dh-buildinfo (0.10) ...
Selecting previously unselected package libfftw3-bin.
Preparing to unpack .../libfftw3-bin_3.3.3-7_amd64.deb ...
Unpacking libfftw3-bin (3.3.3-7) ...
Selecting previously unselected package libfftw3-dev:amd64.
Preparing to unpack .../libfftw3-dev_3.3.3-7_amd64.deb ...
Unpacking libfftw3-dev:amd64 (3.3.3-7) ...
Selecting previously unselected package libogg-dev:amd64.
Preparing to unpack .../libogg-dev_1.3.1-1_amd64.deb ...
Unpacking libogg-dev:amd64 (1.3.1-1) ...
Selecting previously unselected package libflac-dev:amd64.
Preparing to unpack .../libflac-dev_1.3.0-2_amd64.deb ...
Unpacking libflac-dev:amd64 (1.3.0-2) ...
Selecting previously unselected package libgsl0ldbl.
Preparing to unpack .../libgsl0ldbl_1.16+dfsg-1_amd64.deb ...
Unpacking libgsl0ldbl (1.16+dfsg-1) ...
Selecting previously unselected package libgsl0-dev.
Preparing to unpack .../libgsl0-dev_1.16+dfsg-1_amd64.deb ...
Unpacking libgsl0-dev (1.16+dfsg-1) ...
Selecting previously unselected package pkg-config.
Preparing to unpack .../pkg-config_0.26-1_amd64.deb ...
Unpacking pkg-config (0.26-1) ...
Selecting previously unselected package libvorbis-dev:amd64.
Preparing to unpack .../libvorbis-dev_1.3.2-1.3_amd64.deb ...
Unpacking libvorbis-dev:amd64 (1.3.2-1.3) ...
Selecting previously unselected package libsndfile1-dev.
Preparing to unpack .../libsndfile1-dev_1.0.25-7_amd64.deb ...
Unpacking libsndfile1-dev (1.0.25-7) ...
Selecting previously unselected package puredata-core.
Preparing to unpack .../puredata-core_0.45.4-1_amd64.deb ...
Unpacking puredata-core (0.45.4-1) ...
Selecting previously unselected package tcl8.5.
Preparing to unpack .../tcl8.5_8.5.14-2_amd64.deb ...
Unpacking tcl8.5 (8.5.14-2) ...
Selecting previously unselected package tk8.5.
Preparing to unpack .../tk8.5_8.5.14-2_amd64.deb ...
Unpacking tk8.5 (8.5.14-2) ...
Selecting previously unselected package tcl.
Preparing to unpack .../archives/tcl_8.5.0-2.1_all.deb ...
Unpacking tcl (8.5.0-2.1) ...
Selecting previously unselected package tk.
Preparing to unpack .../archives/tk_8.5.0-2.1_all.deb ...
Unpacking tk (8.5.0-2.1) ...
Selecting previously unselected package puredata-gui.
Preparing to unpack .../puredata-gui_0.45.4-1_all.deb ...
Unpacking puredata-gui (0.45.4-1) ...
Selecting previously unselected package puredata-doc.
Preparing to unpack .../puredata-doc_0.45.4-1_all.deb ...
Unpacking puredata-doc (0.45.4-1) ...
Selecting previously unselected package puredata-extra.
Preparing to unpack .../puredata-extra_0.45.4-1_amd64.deb ...
Unpacking puredata-extra (0.45.4-1) ...
Selecting previously unselected package puredata-utils.
Preparing to unpack .../puredata-utils_0.45.4-1_amd64.deb ...
Unpacking puredata-utils (0.45.4-1) ...
Selecting previously unselected package puredata-dev.
Preparing to unpack .../puredata-dev_0.45.4-1_all.deb ...
Unpacking puredata-dev (0.45.4-1) ...
Selecting previously unselected package puredata.
Preparing to unpack .../puredata_0.45.4-1_all.deb ...
Unpacking puredata (0.45.4-1) ...
Selecting previously unselected package sbuild-build-depends-pd-iemmatrix-dummy.
Preparing to unpack .../sbuild-build-depends-pd-iemmatrix-dummy.deb ...
Unpacking sbuild-build-depends-pd-iemmatrix-dummy (0.invalid.0) ...
Setting up libncursesw5:amd64 (5.9+20130608-1) ...
Setting up libpipeline1:amd64 (1.2.6-1) ...
Setting up libpopt0:amd64 (1.16-8) ...
Setting up libssl1.0.0:amd64 (1.0.1e-6) ...
Setting up groff-base (1.22.2-3) ...
Setting up bsdmainutils (9.0.5) ...
update-alternatives: using /usr/bin/bsd-write to provide /usr/bin/write (write) in auto mode
update-alternatives: using /usr/bin/bsd-from to provide /usr/bin/from (from) in auto mode
Setting up man-db (2.6.5-3) ...
Not building database; man-db/auto-update is not 'true'.
Setting up libasprintf0c2:amd64 (0.18.3.1-2) ...
Setting up libmagic1:amd64 (1:5.14-2) ...
Setting up libsqlite3-0:amd64 (3.8.2-1) ...
Setting up libxml2:amd64 (2.9.1+dfsg1-3) ...
Setting up libasound2-data (1.0.27.2-3) ...
Setting up libasound2:amd64 (1.0.27.2-3) ...
Setting up libglib2.0-0:amd64 (2.36.4-1) ...
No schema files found: doing nothing.
Setting up libcroco3:amd64 (0.6.8-2) ...
Setting up libexpat1:amd64 (2.1.0-4) ...
Setting up libfftw3-double3:amd64 (3.3.3-7) ...
Setting up libfftw3-long3:amd64 (3.3.3-7) ...
Setting up libfftw3-quad3:amd64 (3.3.3-7) ...
Setting up libfftw3-single3:amd64 (3.3.3-7) ...
Setting up libogg0:amd64 (1.3.1-1) ...
Setting up libflac8:amd64 (1.3.0-2) ...
Setting up libpng12-0:amd64 (1.2.49-5) ...
Setting up libfreetype6:amd64 (2.5.2-1) ...
Setting up fonts-dejavu-core (2.33+svn2514-3) ...
Setting up fontconfig-config (2.11.0-2) ...
Setting up libfontconfig1:amd64 (2.11.0-2) ...
Setting up libopus0:amd64 (1.1-1) ...
Setting up libsamplerate0:amd64 (0.1.8-5) ...
Setting up libjack-jackd2-0:amd64 (1.9.9.5+20130622git7de15e7a-1) ...
Setting up libportaudio2:amd64 (19+svn20111121-2) ...
Setting up libpython3.3-minimal:amd64 (3.3.3-5) ...
Setting up mime-support (3.54) ...
Setting up libpython3.3-stdlib:amd64 (3.3.3-5) ...
Setting up libsigsegv2:amd64 (2.10-2) ...
Setting up libvorbis0a:amd64 (1.3.2-1.3) ...
Setting up libvorbisenc2:amd64 (1.3.2-1.3) ...
Setting up libsndfile1:amd64 (1.0.25-7) ...
Setting up libunistring0:amd64 (0.9.3-5) ...
Setting up libvorbisfile3:amd64 (1.3.2-1.3) ...
Setting up libxau6:amd64 (1:1.0.8-1) ...
Setting up libxdmcp6:amd64 (1:1.1.1-1) ...
Setting up libxcb1:amd64 (1.10-2) ...
Setting up libx11-data (2:1.6.2-1) ...
Setting up libx11-6:amd64 (2:1.6.2-1) ...
Setting up libxext6:amd64 (2:1.3.2-1) ...
Setting up libxrender1:amd64 (1:0.9.8-1) ...
Setting up libxft2:amd64 (2.3.1-1) ...
Setting up x11-common (1:7.7+5) ...
update-rc.d: warning: start and stop actions are no longer supported; falling back to defaults
All runlevel operations denied by policy
invoke-rc.d: policy-rc.d denied execution of start.
Setting up libxss1:amd64 (1:1.2.2-1) ...
Setting up python3.3-minimal (3.3.3-5) ...
Setting up file (1:5.14-2) ...
Setting up gettext-base (0.18.3.1-2) ...
Setting up m4 (1.4.17-2) ...
Setting up autoconf (2.69-2) ...
Setting up autotools-dev (20130810.1) ...
Setting up automake1.11 (1:1.11.6-2) ...
update-alternatives: using /usr/bin/automake-1.11 to provide /usr/bin/automake (automake) in auto mode
Setting up cdbs (0.4.122) ...
Setting up gettext (0.18.3.1-2) ...
Setting up intltool-debian (0.35.0+20060710.1) ...
Setting up po-debconf (1.0.16+nmu2) ...
Setting up debhelper (9.20131227) ...
Setting up python3.3 (3.3.3-5) ...
Setting up python3-minimal (3.3.2-17) ...
Setting up libpython3-stdlib:amd64 (3.3.2-17) ...
Setting up dh-buildinfo (0.10) ...
Setting up libfftw3-bin (3.3.3-7) ...
Setting up libfftw3-dev:amd64 (3.3.3-7) ...
Setting up libogg-dev:amd64 (1.3.1-1) ...
Setting up libflac-dev:amd64 (1.3.0-2) ...
Setting up libgsl0ldbl (1.16+dfsg-1) ...
Setting up libgsl0-dev (1.16+dfsg-1) ...
Setting up pkg-config (0.26-1) ...
Setting up libvorbis-dev:amd64 (1.3.2-1.3) ...
Setting up libsndfile1-dev (1.0.25-7) ...
Setting up puredata-core (0.45.4-1) ...
update-alternatives: using /usr/bin/puredata to provide /usr/bin/pd (pd) in auto mode
Setting up tcl8.5 (8.5.14-2) ...
update-alternatives: using /usr/bin/tclsh8.5 to provide /usr/bin/tclsh (tclsh) in auto mode
Setting up tk8.5 (8.5.14-2) ...
update-alternatives: using /usr/bin/wish8.5 to provide /usr/bin/wish (wish) in auto mode
Setting up tcl (8.5.0-2.1) ...
update-alternatives: using /usr/bin/tclsh-default to provide /usr/bin/tclsh (tclsh) in auto mode
Setting up tk (8.5.0-2.1) ...
update-alternatives: using /usr/bin/wish-default to provide /usr/bin/wish (wish) in auto mode
Setting up puredata-gui (0.45.4-1) ...
Setting up puredata-doc (0.45.4-1) ...
Setting up puredata-extra (0.45.4-1) ...
Setting up puredata-utils (0.45.4-1) ...
Setting up puredata-dev (0.45.4-1) ...
Setting up puredata (0.45.4-1) ...
Setting up dh-python (1.20131021-1) ...
Setting up python3 (3.3.2-17) ...
Setting up devscripts (2.13.9) ...
Setting up sbuild-build-depends-pd-iemmatrix-dummy (0.invalid.0) ...
Processing triggers for libc-bin (2.17-97) ...

┌──────────────────────────────────────────────────────────────────────────────┐
│ Build environment                                                            │
└──────────────────────────────────────────────────────────────────────────────┘

Kernel: Linux 2.6.32-5-xen-amd64 amd64 (x86_64)
Toolchain package versions: binutils_2.24-2 dpkg-dev_1.17.5 g++-4.6_4.6.4-5 g++-4.8_4.8.2-11 gcc-4.6_4.6.4-5 gcc-4.7_4.7.3-9 gcc-4.8_4.8.2-11 libc6-dev_2.17-97 libstdc++-4.8-dev_4.8.2-11 libstdc++6_4.8.2-11 libstdc++6-4.6-dev_4.6.4-5 linux-libc-dev_3.12.6-2
Package versions: apt_0.9.14.2 autoconf_2.69-2 automake1.11_1:1.11.6-2 autotools-dev_20130810.1 base-files_7.2 base-passwd_3.5.29 bash_4.2+dfsg-1 binutils_2.24-2 bsdmainutils_9.0.5 bsdutils_1:2.20.1-5.5 build-essential_11.6 bzip2_1.0.6-5 cdbs_0.4.122 clang-3.4_1:3.4-1 coreutils_8.21-1 cpp_4:4.8.2-1 cpp-4.6_4.6.4-5 cpp-4.7_4.7.3-9 cpp-4.8_4.8.2-11 dash_0.5.7-3+nmu1 debconf_1.5.52 debconf-i18n_1.5.52 debfoster_2.7-1.2 debhelper_9.20131227 debian-archive-keyring_2012.4 debianutils_4.4 devscripts_2.13.9 dh-buildinfo_0.10 dh-python_1.20131021-1 diffutils_1:3.3-1 dpkg_1.17.5 dpkg-dev_1.17.5 e2fslibs_1.42.9-2 e2fsprogs_1.42.9-2 fakeroot_1.20-3 file_1:5.14-2 findutils_4.4.2-7 fontconfig-config_2.11.0-2 fonts-dejavu-core_2.33+svn2514-3 g++_4:4.8.2-1 g++-4.6_4.6.4-5 g++-4.8_4.8.2-11 gcc_4:4.8.2-1 gcc-4.4-base_4.4.7-6 gcc-4.5-base_4.5.4-1 gcc-4.6_4.6.4-5 gcc-4.6-base_4.6.4-5 gcc-4.7_4.7.3-9 gcc-4.7-base_4.7.3-9 gcc-4.8_4.8.2-11 gcc-4.8-base_4.8.2-11 gettext_0.18.3.1-2 gettext-base_0.18.3.1-2 gnupg_1.4.15-3 gpgv_1.4.15-3 grep_2.15-2 groff-base_1.22.2-3 gzip_1.6-3 hostname_3.15 initscripts_2.88dsf-45 insserv_1.14.0-5 intltool-debian_0.35.0+20060710.1 libacl1_2.2.52-1 libapt-pkg4.12_0.9.14.2 libarchive-extract-perl_0.70-1 libasan0_4.8.2-11 libasound2_1.0.27.2-3 libasound2-data_1.0.27.2-3 libasprintf0c2_0.18.3.1-2 libatomic1_4.8.2-11 libattr1_1:2.4.47-1 libaudit-common_1:2.3.2-3 libaudit1_1:2.3.2-3 libblkid1_2.20.1-5.5 libbz2-1.0_1.0.6-5 libc-bin_2.17-97 libc-dev-bin_2.17-97 libc6_2.17-97 libc6-dev_2.17-97 libcap2_1:2.22-1.2 libclang-common-3.4-dev_1:3.4-1 libclang1-3.4_1:3.4-1 libclass-isa-perl_0.36-5 libcloog-isl4_0.18.1-3 libcloog-ppl1_0.16.1-4 libcomerr2_1.42.9-2 libcroco3_0.6.8-2 libdb5.1_5.1.29-7 libdpkg-perl_1.17.5 libexpat1_2.1.0-4 libfakeroot_1.20-3 libffi6_3.0.13-10 libfftw3-bin_3.3.3-7 libfftw3-dev_3.3.3-7 libfftw3-double3_3.3.3-7 libfftw3-long3_3.3.3-7 libfftw3-quad3_3.3.3-7 libfftw3-single3_3.3.3-7 libfile-fcntllock-perl_0.14-2+b1 libflac-dev_1.3.0-2 libflac8_1.3.0-2 libfontconfig1_2.11.0-2 libfreetype6_2.5.2-1 libgc1c2_1:7.2d-6 libgcc-4.7-dev_4.7.3-9 libgcc-4.8-dev_4.8.2-11 libgcc1_1:4.8.2-11 libgdbm3_1.8.3-12 libglib2.0-0_2.36.4-1 libgmp10_2:5.1.3+dfsg-1 libgmpxx4ldbl_2:5.1.3+dfsg-1 libgomp1_4.8.2-11 libgpm2_1.20.4-6.1 libgsl0-dev_1.16+dfsg-1 libgsl0ldbl_1.16+dfsg-1 libisl10_0.12.1-2 libitm1_4.8.2-11 libjack-jackd2-0_1.9.9.5+20130622git7de15e7a-1 libllvm3.4_1:3.4-1 liblocale-gettext-perl_1.05-7+b2 liblog-message-simple-perl_0.10-1 liblzma5_5.1.1alpha+20120614-2 libmagic1_1:5.14-2 libmodule-pluggable-perl_4.8-1 libmount1_2.20.1-5.5 libmpc2_0.9-4 libmpc3_1.0.1-1 libmpfr4_3.1.2-1 libncurses5_5.9+20130608-1 libncursesw5_5.9+20130608-1 libobjc-4.8-dev_4.8.2-11 libobjc4_4.8.2-11 libogg-dev_1.3.1-1 libogg0_1.3.1-1 libopus0_1.1-1 libpam-modules_1.1.3-10 libpam-modules-bin_1.1.3-10 libpam-runtime_1.1.3-10 libpam0g_1.1.3-10 libpcre3_1:8.31-2 libpipeline1_1.2.6-1 libpng12-0_1.2.49-5 libpod-latex-perl_0.61-1 libpopt0_1.16-8 libportaudio2_19+svn20111121-2 libppl-c4_1:1.0-7 libppl12_1:1.0-7 libpython3-stdlib_3.3.2-17 libpython3.3-minimal_3.3.3-5 libpython3.3-stdlib_3.3.3-5 libquadmath0_4.8.2-11 libreadline6_6.2+dfsg-0.1 libsamplerate0_0.1.8-5 libselinux1_2.2.1-1 libsemanage-common_2.2-1 libsemanage1_2.2-1 libsepol1_2.2-1 libsigsegv2_2.10-2 libslang2_2.2.4-16 libsndfile1_1.0.25-7 libsndfile1-dev_1.0.25-7 libsqlite3-0_3.8.2-1 libss2_1.42.9-2 libssl1.0.0_1.0.1e-6 libstdc++-4.8-dev_4.8.2-11 libstdc++6_4.8.2-11 libstdc++6-4.6-dev_4.6.4-5 libswitch-perl_2.16-2 libterm-ui-perl_0.42-1 libtext-charwidth-perl_0.04-7+b2 libtext-iconv-perl_1.7-5+b1 libtext-soundex-perl_3.4-1+b1 libtext-wrapi18n-perl_0.06-7 libtimedate-perl_2.3000-1 libtinfo5_5.9+20130608-1 libtsan0_4.8.2-11 libunistring0_0.9.3-5 libusb-0.1-4_2:0.1.12-23.3 libustr-1.0-1_1.0.4-3 libuuid1_2.20.1-5.5 libvorbis-dev_1.3.2-1.3 libvorbis0a_1.3.2-1.3 libvorbisenc2_1.3.2-1.3 libvorbisfile3_1.3.2-1.3 libx11-6_2:1.6.2-1 libx11-data_2:1.6.2-1 libxau6_1:1.0.8-1 libxcb1_1.10-2 libxdmcp6_1:1.1.1-1 libxext6_2:1.3.2-1 libxft2_2.3.1-1 libxml2_2.9.1+dfsg1-3 libxrender1_1:0.9.8-1 libxss1_1:1.2.2-1 linux-libc-dev_3.12.6-2 login_1:4.1.5.1-1 lsb-base_4.1+Debian12 m4_1.4.17-2 make_3.81-8.3 man-db_2.6.5-3 mawk_1.3.3-17 mime-support_3.54 mount_2.20.1-5.5 multiarch-support_2.17-97 ncurses-base_5.9+20130608-1 ncurses-bin_5.9+20130608-1 passwd_1:4.1.5.1-1 patch_2.7.1-4 perl_5.18.1-5 perl-base_5.18.1-5 perl-modules_5.18.1-5 pkg-config_0.26-1 po-debconf_1.0.16+nmu2 puredata_0.45.4-1 puredata-core_0.45.4-1 puredata-dev_0.45.4-1 puredata-doc_0.45.4-1 puredata-extra_0.45.4-1 puredata-gui_0.45.4-1 puredata-utils_0.45.4-1 python3_3.3.2-17 python3-minimal_3.3.2-17 python3.3_3.3.3-5 python3.3-minimal_3.3.3-5 readline-common_6.2+dfsg-0.1 sbuild-build-depends-core-dummy_0.invalid.0 sbuild-build-depends-pd-iemmatrix-dummy_0.invalid.0 sed_4.2.2-3 sensible-utils_0.0.9 sudo_1.8.8-2 sysv-rc_2.88dsf-45 sysvinit_2.88dsf-45 sysvinit-core_2.88dsf-45 sysvinit-utils_2.88dsf-45 tar_1.27-4 tcl_8.5.0-2.1 tcl8.5_8.5.14-2 tk_8.5.0-2.1 tk8.5_8.5.14-2 tzdata_2013i-1 ucf_3.0027+nmu1 util-linux_2.20.1-5.5 vim_2:7.4.052-1 vim-common_2:7.4.052-1 vim-runtime_2:7.4.052-1 x11-common_1:7.7+5 xz-utils_5.1.1alpha+20120614-2 zlib1g_1:1.2.8.dfsg-1

┌──────────────────────────────────────────────────────────────────────────────┐
│ Build                                                                        │
└──────────────────────────────────────────────────────────────────────────────┘


Unpack source
─────────────

gpgv: keyblock resource `/sbuild-nonexistent/.gnupg/trustedkeys.gpg': file open error
gpgv: Signature made Tue Feb  8 21:32:16 2011 UTC using RSA key ID C1A00121
gpgv: Can't check signature: public key not found
dpkg-source: warning: failed to verify signature on ./pd-iemmatrix_0.2-1.dsc
dpkg-source: info: extracting pd-iemmatrix in pd-iemmatrix-0.2
dpkg-source: info: unpacking pd-iemmatrix_0.2.orig.tar.gz
dpkg-source: info: unpacking pd-iemmatrix_0.2-1.debian.tar.gz

Check disc space
────────────────

Sufficient free space for build

Hack binNMU version
───────────────────

Created changelog entry for binNMU version 0.2-1clang1

User Environment
────────────────

DEB_BUILD_OPTIONS=parallel=10
HOME=/sbuild-nonexistent
LOGNAME=user
PATH=/usr/local/sbin:/usr/local/bin:/usr/sbin:/usr/bin:/sbin:/bin:/usr/games
SCHROOT_ALIAS_NAME=unstable-amd64-sbuild
SCHROOT_CHROOT_NAME=unstable-amd64-sbuild
SCHROOT_COMMAND=env
SCHROOT_GID=1000
SCHROOT_GROUP=user
SCHROOT_SESSION_ID=unstable-amd64-sbuild-724efa0d-1e05-43e4-b4f7-8c448ed9a9d7
SCHROOT_UID=1000
SCHROOT_USER=user
SHELL=/bin/sh
USER=user

dpkg-buildpackage
─────────────────

dpkg-buildpackage: source package pd-iemmatrix
dpkg-buildpackage: source version 0.2-1clang1
dpkg-buildpackage: source distribution unstable
 dpkg-source --before-build pd-iemmatrix-0.2
dpkg-buildpackage: host architecture amd64
 fakeroot debian/rules clean
test -x debian/rules
rm -f debian/stamp-makefile-build debian/stamp-makefile-install
/usr/bin/make  -C src  -k distclean
make[1]: Entering directory `/«PKGBUILDDIR»/src'
aclocal
main::scan_file() called too early to check prototype at /usr/bin/aclocal line 643.
configure.ac:123: warning: AC_LANG_CONFTEST: no AC_LANG_SOURCE call detected in body
../../lib/autoconf/lang.m4:193: AC_LANG_CONFTEST is expanded from...
../../lib/autoconf/general.m4:2661: _AC_LINK_IFELSE is expanded from...
../../lib/autoconf/general.m4:2678: AC_LINK_IFELSE is expanded from...
acinclude.m4:97: AC_CHECK_LDFLAGS is expanded from...
acinclude.m4:116: AC_CHECK_FAT is expanded from...
configure.ac:123: the top level
configure.ac:171: warning: AC_LANG_CONFTEST: no AC_LANG_SOURCE call detected in body
../../lib/autoconf/lang.m4:193: AC_LANG_CONFTEST is expanded from...
../../lib/autoconf/general.m4:2661: _AC_LINK_IFELSE is expanded from...
../../lib/autoconf/general.m4:2678: AC_LINK_IFELSE is expanded from...
acinclude.m4:97: AC_CHECK_LDFLAGS is expanded from...
configure.ac:171: the top level
configure.ac:199: warning: AC_LANG_CONFTEST: no AC_LANG_SOURCE call detected in body
../../lib/autoconf/lang.m4:193: AC_LANG_CONFTEST is expanded from...
../../lib/autoconf/general.m4:2661: _AC_LINK_IFELSE is expanded from...
../../lib/autoconf/general.m4:2678: AC_LINK_IFELSE is expanded from...
acinclude.m4:97: AC_CHECK_LDFLAGS is expanded from...
configure.ac:199: the top level
configure.ac:209: warning: AC_LANG_CONFTEST: no AC_LANG_SOURCE call detected in body
../../lib/autoconf/lang.m4:193: AC_LANG_CONFTEST is expanded from...
../../lib/autoconf/general.m4:2661: _AC_LINK_IFELSE is expanded from...
../../lib/autoconf/general.m4:2678: AC_LINK_IFELSE is expanded from...
acinclude.m4:97: AC_CHECK_LDFLAGS is expanded from...
configure.ac:209: the top level
autoconf
configure.ac:123: warning: AC_LANG_CONFTEST: no AC_LANG_SOURCE call detected in body
../../lib/autoconf/lang.m4:193: AC_LANG_CONFTEST is expanded from...
../../lib/autoconf/general.m4:2661: _AC_LINK_IFELSE is expanded from...
../../lib/autoconf/general.m4:2678: AC_LINK_IFELSE is expanded from...
acinclude.m4:97: AC_CHECK_LDFLAGS is expanded from...
acinclude.m4:116: AC_CHECK_FAT is expanded from...
configure.ac:123: the top level
configure.ac:171: warning: AC_LANG_CONFTEST: no AC_LANG_SOURCE call detected in body
../../lib/autoconf/lang.m4:193: AC_LANG_CONFTEST is expanded from...
../../lib/autoconf/general.m4:2661: _AC_LINK_IFELSE is expanded from...
../../lib/autoconf/general.m4:2678: AC_LINK_IFELSE is expanded from...
acinclude.m4:97: AC_CHECK_LDFLAGS is expanded from...
configure.ac:171: the top level
configure.ac:199: warning: AC_LANG_CONFTEST: no AC_LANG_SOURCE call detected in body
../../lib/autoconf/lang.m4:193: AC_LANG_CONFTEST is expanded from...
../../lib/autoconf/general.m4:2661: _AC_LINK_IFELSE is expanded from...
../../lib/autoconf/general.m4:2678: AC_LINK_IFELSE is expanded from...
acinclude.m4:97: AC_CHECK_LDFLAGS is expanded from...
configure.ac:199: the top level
configure.ac:209: warning: AC_LANG_CONFTEST: no AC_LANG_SOURCE call detected in body
../../lib/autoconf/lang.m4:193: AC_LANG_CONFTEST is expanded from...
../../lib/autoconf/general.m4:2661: _AC_LINK_IFELSE is expanded from...
../../lib/autoconf/general.m4:2678: AC_LINK_IFELSE is expanded from...
acinclude.m4:97: AC_CHECK_LDFLAGS is expanded from...
configure.ac:209: the top level
./configure 
checking for gcc... gcc
checking whether the C compiler works... yes
checking for C compiler default output file name... a.out
checking for suffix of executables... 
checking whether we are cross compiling... no
checking for suffix of object files... o
checking whether we are using the GNU C compiler... yes
checking whether gcc accepts -g... yes
checking for gcc option to accept ISO C89... none needed
checking how to run the C preprocessor... gcc -E
checking whether gcc accepts "-fPIC"... yes
checking whether gcc -E accepts "-fPIC"... yes
checking for main in -lc... yes
checking for fclose in -lcrtdll... no
checking for main in -lm... yes
checking for fftw_destroy_plan in -lfftw3... yes
checking for sf_close in -lsndfile... yes
checking for cblas_dgemm in -lgslcblas... yes
checking for gsl_blas_dgemm in -lgsl... yes
checking for gsl_eigen_nonsymm in -lgsl... yes
checking for jnf in -lm... yes
checking for nullfn in -lpd... no
checking for grep that handles long lines and -e... /bin/grep
checking for egrep... /bin/grep -E
checking for ANSI C header files... yes
checking for sys/types.h... yes
checking for sys/stat.h... yes
checking for stdlib.h... yes
checking for string.h... yes
checking for memory.h... yes
checking for strings.h... yes
checking for inttypes.h... yes
checking for stdint.h... yes
checking for unistd.h... yes
checking for stdlib.h... (cached) yes
checking stdio.h usability... yes
checking stdio.h presence... yes
checking for stdio.h... yes
checking for string.h... (cached) yes
checking math.h usability... yes
checking math.h presence... yes
checking for math.h... yes
checking time.h usability... yes
checking time.h presence... yes
checking for time.h... yes
checking sys/time.h usability... yes
checking sys/time.h presence... yes
checking for sys/time.h... yes
checking fftw3.h usability... yes
checking fftw3.h presence... yes
checking for fftw3.h... yes
checking sndfile.h usability... yes
checking sndfile.h presence... yes
checking for sndfile.h... yes
checking gsl/gsl_linalg.h usability... yes
checking gsl/gsl_linalg.h presence... yes
checking for gsl/gsl_linalg.h... yes
checking whether time.h and sys/time.h may both be included... yes
checking for stdlib.h... (cached) yes
checking for unistd.h... (cached) yes
checking for sys/param.h... yes
checking for getpagesize... yes
checking for working mmap... yes
checking for select... yes
checking for socket... yes
checking for strerror... yes
checking whether gcc accepts "-mms-bitfields"... yes
checking whether gcc -E accepts "-mms-bitfields"... yes
checking whether linker accepts "-shared"... yes
checking whether linker accepts "-bundle -undefined suppress -flat_namespace"... yes
checking whether linker accepts "-shared pd.dll"... no
configure: creating ./config.status
config.status: creating Make.config
config.status: creating config.h
configure: creating ./config.status
config.status: creating Make.config
config.status: creating ../VERSION.txt
config.status: creating config.h
config.status: config.h is unchanged
configure: creating ./config.status
config.status: creating Make.config
config.status: creating ../VERSION.txt
config.status: creating ../doc/iemmatrix-meta.pd
config.status: creating config.h
config.status: config.h is unchanged
make[1]: Leaving directory `/«PKGBUILDDIR»/src'
make[1]: Entering directory `/«PKGBUILDDIR»/src'
make[1]: Leaving directory `/«PKGBUILDDIR»/src'
make[1]: Entering directory `/«PKGBUILDDIR»/src'
rm -f *.pd_linux  *.o 
rm -f *~ _* aclocal.m4 configure config.h config.log config.status
rm -f *.d *.d.*
rm -f Make.config ../*.pd_linux 
rm -f iemmatrix.exp  iemmatrix.lib  iemmatrix.ncb  \
		iemmatrix.opt  iemmatrix.plg
rm -rf autom4te.cache/
make[1]: Leaving directory `/«PKGBUILDDIR»/src'
rm -f debian/stamp-autotools
rmdir --ignore-fail-on-non-empty src
dh_clean 
rm -f debian/stamp-autotools-files
rm -f debian/copyright_newhints
rm -f debian/cdbs-install-list debian/cdbs-package-list debian/stamp-copyright-check
rm -rf "debian/upstream-cruft"
rm -f debian/stamp-upstream-cruft
rm -f VERSION.txt doc/iemmatrix-meta.pd
 debian/rules build-arch
test -x debian/rules
mkdir -p "src"

Scanning upstream source for new/changed copyright notices...

licensecheck -c '.*' -r --copyright -i '^debian/(changelog|copyright(|_hints|_newhints))' -l '99999' * | /usr/lib/cdbs/licensecheck2dep5 > debian/copyright_newhints
22 combinations of copyright and licensing found.
WARNING: The following (and possibly more) new or changed notices discovered:

Format: http://www.debian.org/doc/packaging-manuals/…
  2009, Franz Zotter
  1994-2002
  <year> <name of author>
  disclaimer" for the program, if
  interest in the program
  law:
  the software, and
  year name of author
License: GPL-ever
  2006, IOhannes m zmoelnig \, IEM KUG \, graz
Files: src/mtx_spherical_harmonics/install-sh
Copyright: 1994, X Consortium
License: Expat
 FIXME

License: GPL-2+
  2011, IOhannes m zmlnig <zmoelnig@iem.at>
License: GPL-2+
  2004-2006, thomas musil (musil AT iem DOT at)
  2005-2006, franz zotter (zotter AT iem DOT at)
  <year> <name of author>
  are not
  disclaimer" for the program, if necessary
  if you do
  law
  law, except executing it on a
  on the Program, and are irrevocable provided the stated
  on the software, and (2) offer you this License
  permission
  permission, other than the making of an
  treaty adopted on 20 December 1996, or
License: GPL-ever
  (ISLOWER ? ( | 0x40) : )
  1992-1996, 1998-2001,
  2006, Free Software Foundation, Inc
  1996-2004,
  1997, 1999-2001, 2003-2005,
  1997, 2000-2001, 2003-2006,
  1999-2005
  1999-2006,
  2001, 2003, 2005, Free Software Foundation, Inc
  2001-2003, 2005 Free Software Foundation, Inc
  2002-2003, 2005-2007, Free Software Foundation, Inc
  2003, 2005 Free Software Foundation, Inc
  2003-2006, Free Software Foundation, Inc
  2004-2005, Free Software Foundation, Inc
  2006, Free Software Foundation, Inc
  2006, IOhannes m zmlnig
  compiler accepts the ADDITIONAL-CFLAGS
  compiler accepts the ADDITIONAL-CPPFLAGS
  Thomas Musil; IEM KUG, Graz, Austria; 2001-2005,
  IOhannes m zmlnig, forum::fr::umlute
  Thomas Musil, IEM KUG Graz Austria 2000-2003

To fix the situation please do the following:
  1) Fully compare debian/copyright_hints with debian/copyright_newhints
  2) Update debian/copyright as needed
  3) Replace debian/copyright_hints with debian/copyright_newhints
touch debian/stamp-copyright-check
touch debian/stamp-upstream-cruft
cd src && aclocal-1.11 
main::scan_file() called too early to check prototype at /usr/bin/aclocal-1.11 line 643.
configure.ac:123: warning: AC_LANG_CONFTEST: no AC_LANG_SOURCE call detected in body
../../lib/autoconf/lang.m4:193: AC_LANG_CONFTEST is expanded from...
../../lib/autoconf/general.m4:2661: _AC_LINK_IFELSE is expanded from...
../../lib/autoconf/general.m4:2678: AC_LINK_IFELSE is expanded from...
acinclude.m4:97: AC_CHECK_LDFLAGS is expanded from...
acinclude.m4:116: AC_CHECK_FAT is expanded from...
configure.ac:123: the top level
configure.ac:171: warning: AC_LANG_CONFTEST: no AC_LANG_SOURCE call detected in body
../../lib/autoconf/lang.m4:193: AC_LANG_CONFTEST is expanded from...
../../lib/autoconf/general.m4:2661: _AC_LINK_IFELSE is expanded from...
../../lib/autoconf/general.m4:2678: AC_LINK_IFELSE is expanded from...
acinclude.m4:97: AC_CHECK_LDFLAGS is expanded from...
configure.ac:171: the top level
configure.ac:199: warning: AC_LANG_CONFTEST: no AC_LANG_SOURCE call detected in body
../../lib/autoconf/lang.m4:193: AC_LANG_CONFTEST is expanded from...
../../lib/autoconf/general.m4:2661: _AC_LINK_IFELSE is expanded from...
../../lib/autoconf/general.m4:2678: AC_LINK_IFELSE is expanded from...
acinclude.m4:97: AC_CHECK_LDFLAGS is expanded from...
configure.ac:199: the top level
configure.ac:209: warning: AC_LANG_CONFTEST: no AC_LANG_SOURCE call detected in body
../../lib/autoconf/lang.m4:193: AC_LANG_CONFTEST is expanded from...
../../lib/autoconf/general.m4:2661: _AC_LINK_IFELSE is expanded from...
../../lib/autoconf/general.m4:2678: AC_LINK_IFELSE is expanded from...
acinclude.m4:97: AC_CHECK_LDFLAGS is expanded from...
configure.ac:209: the top level
if [ -e src/configure.ac ] || [ -e src/configure.in ]; then cd src && `which autoconf2.61 || which autoconf`; fi
configure.ac:123: warning: AC_LANG_CONFTEST: no AC_LANG_SOURCE call detected in body
../../lib/autoconf/lang.m4:193: AC_LANG_CONFTEST is expanded from...
../../lib/autoconf/general.m4:2661: _AC_LINK_IFELSE is expanded from...
../../lib/autoconf/general.m4:2678: AC_LINK_IFELSE is expanded from...
acinclude.m4:97: AC_CHECK_LDFLAGS is expanded from...
acinclude.m4:116: AC_CHECK_FAT is expanded from...
configure.ac:123: the top level
configure.ac:171: warning: AC_LANG_CONFTEST: no AC_LANG_SOURCE call detected in body
../../lib/autoconf/lang.m4:193: AC_LANG_CONFTEST is expanded from...
../../lib/autoconf/general.m4:2661: _AC_LINK_IFELSE is expanded from...
../../lib/autoconf/general.m4:2678: AC_LINK_IFELSE is expanded from...
acinclude.m4:97: AC_CHECK_LDFLAGS is expanded from...
configure.ac:171: the top level
configure.ac:199: warning: AC_LANG_CONFTEST: no AC_LANG_SOURCE call detected in body
../../lib/autoconf/lang.m4:193: AC_LANG_CONFTEST is expanded from...
../../lib/autoconf/general.m4:2661: _AC_LINK_IFELSE is expanded from...
../../lib/autoconf/general.m4:2678: AC_LINK_IFELSE is expanded from...
acinclude.m4:97: AC_CHECK_LDFLAGS is expanded from...
configure.ac:199: the top level
configure.ac:209: warning: AC_LANG_CONFTEST: no AC_LANG_SOURCE call detected in body
../../lib/autoconf/lang.m4:193: AC_LANG_CONFTEST is expanded from...
../../lib/autoconf/general.m4:2661: _AC_LINK_IFELSE is expanded from...
../../lib/autoconf/general.m4:2678: AC_LINK_IFELSE is expanded from...
acinclude.m4:97: AC_CHECK_LDFLAGS is expanded from...
configure.ac:209: the top level
touch debian/stamp-autotools-files
chmod a+x /«PKGBUILDDIR»/src/configure
mkdir -p src
cd src &&   CFLAGS="-g -O2 -fstack-protector --param=ssp-buffer-size=4 -Wformat -Werror=format-security -Wall" CXXFLAGS="-g -O2 -fstack-protector --param=ssp-buffer-size=4 -Wformat -Werror=format-security -Wall" CPPFLAGS="-D_FORTIFY_SOURCE=2" LDFLAGS="-Wl,-z,relro" /«PKGBUILDDIR»/src/configure --build=x86_64-linux-gnu  --prefix=/usr --includedir="\${prefix}/include" --mandir="\${prefix}/share/man" --infodir="\${prefix}/share/info" --sysconfdir=/etc --localstatedir=/var --libexecdir="\${prefix}/lib/pd-iemmatrix" --srcdir=. --disable-maintainer-mode --disable-dependency-tracking --disable-silent-rules   --with-extension=pd_linux 
configure: WARNING: unrecognized options: --disable-maintainer-mode, --disable-dependency-tracking, --disable-silent-rules
checking for gcc... gcc
checking whether the C compiler works... yes
checking for C compiler default output file name... a.out
checking for suffix of executables... 
checking whether we are cross compiling... no
checking for suffix of object files... o
checking whether we are using the GNU C compiler... yes
checking whether gcc accepts -g... yes
checking for gcc option to accept ISO C89... none needed
checking how to run the C preprocessor... gcc -E
checking whether gcc accepts "-fPIC"... yes
checking whether gcc -E accepts "-fPIC"... yes
checking for main in -lc... yes
checking for fclose in -lcrtdll... no
checking for main in -lm... yes
checking for fftw_destroy_plan in -lfftw3... yes
checking for sf_close in -lsndfile... yes
checking for cblas_dgemm in -lgslcblas... yes
checking for gsl_blas_dgemm in -lgsl... yes
checking for gsl_eigen_nonsymm in -lgsl... yes
checking for jnf in -lm... yes
checking for nullfn in -lpd... no
checking for grep that handles long lines and -e... /bin/grep
checking for egrep... /bin/grep -E
checking for ANSI C header files... yes
checking for sys/types.h... yes
checking for sys/stat.h... yes
checking for stdlib.h... yes
checking for string.h... yes
checking for memory.h... yes
checking for strings.h... yes
checking for inttypes.h... yes
checking for stdint.h... yes
checking for unistd.h... yes
checking for stdlib.h... (cached) yes
checking stdio.h usability... yes
checking stdio.h presence... yes
checking for stdio.h... yes
checking for string.h... (cached) yes
checking math.h usability... yes
checking math.h presence... yes
checking for math.h... yes
checking time.h usability... yes
checking time.h presence... yes
checking for time.h... yes
checking sys/time.h usability... yes
checking sys/time.h presence... yes
checking for sys/time.h... yes
checking fftw3.h usability... yes
checking fftw3.h presence... yes
checking for fftw3.h... yes
checking sndfile.h usability... yes
checking sndfile.h presence... yes
checking for sndfile.h... yes
checking gsl/gsl_linalg.h usability... yes
checking gsl/gsl_linalg.h presence... yes
checking for gsl/gsl_linalg.h... yes
checking whether time.h and sys/time.h may both be included... yes
checking for stdlib.h... (cached) yes
checking for unistd.h... (cached) yes
checking for sys/param.h... yes
checking for getpagesize... yes
checking for working mmap... yes
checking for select... yes
checking for socket... yes
checking for strerror... yes
checking whether gcc accepts "-mms-bitfields"... yes
checking whether gcc -E accepts "-mms-bitfields"... yes
checking whether linker accepts "-shared"... yes
checking whether linker accepts "-bundle -undefined suppress -flat_namespace"... yes
checking whether linker accepts "-shared pd.dll"... no
configure: creating ./config.status
config.status: creating Make.config
config.status: creating config.h
configure: WARNING: unrecognized options: --disable-maintainer-mode, --disable-dependency-tracking, --disable-silent-rules
configure: creating ./config.status
config.status: creating Make.config
config.status: creating ../VERSION.txt
config.status: creating config.h
config.status: config.h is unchanged
configure: WARNING: unrecognized options: --disable-maintainer-mode, --disable-dependency-tracking, --disable-silent-rules
configure: creating ./config.status
config.status: creating Make.config
config.status: creating ../VERSION.txt
config.status: creating ../doc/iemmatrix-meta.pd
config.status: creating config.h
config.status: config.h is unchanged
configure: WARNING: unrecognized options: --disable-maintainer-mode, --disable-dependency-tracking, --disable-silent-rules
touch debian/stamp-autotools
/usr/bin/make  -C src  
make[1]: Entering directory `/«PKGBUILDDIR»/src'
make[1]: Leaving directory `/«PKGBUILDDIR»/src'
make[1]: Entering directory `/«PKGBUILDDIR»/src'
gcc -I.  -DHAVE_CONFIG_H -DLIBRARY -DPD  -g -O2 -fstack-protector --param=ssp-buffer-size=4 -Wformat -Werror=format-security -Wall -fPIC -mms-bitfields   -c -o iemmatrix_binops.o iemmatrix_binops.c
gcc -I.  -DHAVE_CONFIG_H -DLIBRARY -DPD  -g -O2 -fstack-protector --param=ssp-buffer-size=4 -Wformat -Werror=format-security -Wall -fPIC -mms-bitfields   -c -o iemmatrix_utility.o iemmatrix_utility.c
gcc -I.  -DHAVE_CONFIG_H -DLIBRARY -DPD  -g -O2 -fstack-protector --param=ssp-buffer-size=4 -Wformat -Werror=format-security -Wall -fPIC -mms-bitfields   -c -o matrix.o matrix.c
gcc -I.  -DHAVE_CONFIG_H -DLIBRARY -DPD  -g -O2 -fstack-protector --param=ssp-buffer-size=4 -Wformat -Werror=format-security -Wall -fPIC -mms-bitfields   -c -o mtx_abs.o mtx_abs.c
gcc -I.  -DHAVE_CONFIG_H -DLIBRARY -DPD  -g -O2 -fstack-protector --param=ssp-buffer-size=4 -Wformat -Werror=format-security -Wall -fPIC -mms-bitfields   -c -o mtx_add.o mtx_add.c
gcc -I.  -DHAVE_CONFIG_H -DLIBRARY -DPD  -g -O2 -fstack-protector --param=ssp-buffer-size=4 -Wformat -Werror=format-security -Wall -fPIC -mms-bitfields   -c -o mtx_and.o mtx_and.c
gcc -I.  -DHAVE_CONFIG_H -DLIBRARY -DPD  -g -O2 -fstack-protector --param=ssp-buffer-size=4 -Wformat -Werror=format-security -Wall -fPIC -mms-bitfields   -c -o mtx_atan.o mtx_atan.c
gcc -I.  -DHAVE_CONFIG_H -DLIBRARY -DPD  -g -O2 -fstack-protector --param=ssp-buffer-size=4 -Wformat -Werror=format-security -Wall -fPIC -mms-bitfields   -c -o mtx_bessel.o mtx_bessel.c
mtx_bessel.c:121:11: warning: unused variable 'ofs' [-Wunused-variable]
  int n,m,ofs;
          ^
1 warning generated.
gcc -I.  -DHAVE_CONFIG_H -DLIBRARY -DPD  -g -O2 -fstack-protector --param=ssp-buffer-size=4 -Wformat -Werror=format-security -Wall -fPIC -mms-bitfields   -c -o mtx_bitand.o mtx_bitand.c
gcc -I.  -DHAVE_CONFIG_H -DLIBRARY -DPD  -g -O2 -fstack-protector --param=ssp-buffer-size=4 -Wformat -Werror=format-security -Wall -fPIC -mms-bitfields   -c -o mtx_bitleft.o mtx_bitleft.c
gcc -I.  -DHAVE_CONFIG_H -DLIBRARY -DPD  -g -O2 -fstack-protector --param=ssp-buffer-size=4 -Wformat -Werror=format-security -Wall -fPIC -mms-bitfields   -c -o mtx_bitor.o mtx_bitor.c
gcc -I.  -DHAVE_CONFIG_H -DLIBRARY -DPD  -g -O2 -fstack-protector --param=ssp-buffer-size=4 -Wformat -Werror=format-security -Wall -fPIC -mms-bitfields   -c -o mtx_bitright.o mtx_bitright.c
gcc -I.  -DHAVE_CONFIG_H -DLIBRARY -DPD  -g -O2 -fstack-protector --param=ssp-buffer-size=4 -Wformat -Werror=format-security -Wall -fPIC -mms-bitfields   -c -o mtx_bspline.o mtx_bspline.c
mtx_bspline.c:157:13: warning: unused function 'mtx_bspline_list' [-Wunused-function]
static void mtx_bspline_list(t_mtx_spline *x, t_symbol *s, int argc, t_atom *argv)
            ^
1 warning generated.
gcc -I.  -DHAVE_CONFIG_H -DLIBRARY -DPD  -g -O2 -fstack-protector --param=ssp-buffer-size=4 -Wformat -Werror=format-security -Wall -fPIC -mms-bitfields   -c -o mtx_check.o mtx_check.c
gcc -I.  -DHAVE_CONFIG_H -DLIBRARY -DPD  -g -O2 -fstack-protector --param=ssp-buffer-size=4 -Wformat -Werror=format-security -Wall -fPIC -mms-bitfields   -c -o mtx_cholesky.o mtx_cholesky.c
gcc -I.  -DHAVE_CONFIG_H -DLIBRARY -DPD  -g -O2 -fstack-protector --param=ssp-buffer-size=4 -Wformat -Werror=format-security -Wall -fPIC -mms-bitfields   -c -o mtx_col.o mtx_col.c
gcc -I.  -DHAVE_CONFIG_H -DLIBRARY -DPD  -g -O2 -fstack-protector --param=ssp-buffer-size=4 -Wformat -Werror=format-security -Wall -fPIC -mms-bitfields   -c -o mtx_colon.o mtx_colon.c
gcc -I.  -DHAVE_CONFIG_H -DLIBRARY -DPD  -g -O2 -fstack-protector --param=ssp-buffer-size=4 -Wformat -Werror=format-security -Wall -fPIC -mms-bitfields   -c -o mtx_concat.o mtx_concat.c
mtx_concat.c:81:13: warning: unused function 'writeFillMatrixIntoList' [-Wunused-function]
static void writeFillMatrixIntoList (int fillrows, const int fillcols, int columns, t_atom *x, t_atom *y)
            ^
1 warning generated.
gcc -I.  -DHAVE_CONFIG_H -DLIBRARY -DPD  -g -O2 -fstack-protector --param=ssp-buffer-size=4 -Wformat -Werror=format-security -Wall -fPIC -mms-bitfields   -c -o mtx_conv.o mtx_conv.c
mtx_conv.c:57:14: warning: using the result of an assignment as a condition without parentheses [-Wparentheses]
   if (*array=ptr=(t_float *)calloc(sizeof(t_float),size)) {
       ~~~~~~^~~~~~~~~~~~~~~~~~~~~~~~~~~~~~~~~~~~~~~~~~~~
mtx_conv.c:57:14: note: place parentheses around the assignment to silence this warning
   if (*array=ptr=(t_float *)calloc(sizeof(t_float),size)) {
             ^
       (                                                 )
mtx_conv.c:57:14: note: use '==' to turn this assignment into an equality comparison
   if (*array=ptr=(t_float *)calloc(sizeof(t_float),size)) {
             ^
             ==
mtx_conv.c:58:15: warning: using the result of an assignment as a condition without parentheses [-Wparentheses]
      if (*mtx=dptr=(t_float **)calloc(sizeof(t_float *),rows)) {
          ~~~~^~~~~~~~~~~~~~~~~~~~~~~~~~~~~~~~~~~~~~~~~~~~~~~~
mtx_conv.c:58:15: note: place parentheses around the assignment to silence this warning
      if (*mtx=dptr=(t_float **)calloc(sizeof(t_float *),rows)) {
              ^
          (                                                   )
mtx_conv.c:58:15: note: use '==' to turn this assignment into an equality comparison
      if (*mtx=dptr=(t_float **)calloc(sizeof(t_float *),rows)) {
              ^
              ==
mtx_conv.c:127:13: warning: unused function 'writeFloatIntoList' [-Wunused-function]
static void writeFloatIntoList (int n, t_atom *l, t_float *f) 
            ^
mtx_conv.c:132:13: warning: unused function 'readFloatFromList' [-Wunused-function]
static void readFloatFromList (int n, t_atom *l, t_float *f) 
            ^
4 warnings generated.
gcc -I.  -DHAVE_CONFIG_H -DLIBRARY -DPD  -g -O2 -fstack-protector --param=ssp-buffer-size=4 -Wformat -Werror=format-security -Wall -fPIC -mms-bitfields   -c -o mtx_cos.o mtx_cos.c
gcc -I.  -DHAVE_CONFIG_H -DLIBRARY -DPD  -g -O2 -fstack-protector --param=ssp-buffer-size=4 -Wformat -Werror=format-security -Wall -fPIC -mms-bitfields   -c -o mtx_cumprod.o mtx_cumprod.c
gcc -I.  -DHAVE_CONFIG_H -DLIBRARY -DPD  -g -O2 -fstack-protector --param=ssp-buffer-size=4 -Wformat -Werror=format-security -Wall -fPIC -mms-bitfields   -c -o mtx_cumsum.o mtx_cumsum.c
gcc -I.  -DHAVE_CONFIG_H -DLIBRARY -DPD  -g -O2 -fstack-protector --param=ssp-buffer-size=4 -Wformat -Werror=format-security -Wall -fPIC -mms-bitfields   -c -o mtx_dbtopow.o mtx_dbtopow.c
gcc -I.  -DHAVE_CONFIG_H -DLIBRARY -DPD  -g -O2 -fstack-protector --param=ssp-buffer-size=4 -Wformat -Werror=format-security -Wall -fPIC -mms-bitfields   -c -o mtx_dbtorms.o mtx_dbtorms.c
gcc -I.  -DHAVE_CONFIG_H -DLIBRARY -DPD  -g -O2 -fstack-protector --param=ssp-buffer-size=4 -Wformat -Werror=format-security -Wall -fPIC -mms-bitfields   -c -o mtx_decay.o mtx_decay.c
gcc -I.  -DHAVE_CONFIG_H -DLIBRARY -DPD  -g -O2 -fstack-protector --param=ssp-buffer-size=4 -Wformat -Werror=format-security -Wall -fPIC -mms-bitfields   -c -o mtx_diag.o mtx_diag.c
gcc -I.  -DHAVE_CONFIG_H -DLIBRARY -DPD  -g -O2 -fstack-protector --param=ssp-buffer-size=4 -Wformat -Werror=format-security -Wall -fPIC -mms-bitfields   -c -o mtx_diegg.o mtx_diegg.c
gcc -I.  -DHAVE_CONFIG_H -DLIBRARY -DPD  -g -O2 -fstack-protector --param=ssp-buffer-size=4 -Wformat -Werror=format-security -Wall -fPIC -mms-bitfields   -c -o mtx_diff.o mtx_diff.c
gcc -I.  -DHAVE_CONFIG_H -DLIBRARY -DPD  -g -O2 -fstack-protector --param=ssp-buffer-size=4 -Wformat -Werror=format-security -Wall -fPIC -mms-bitfields   -c -o mtx_dispersive_dline.o mtx_dispersive_dline.c
mtx_dispersive_dline.c:144:8: warning: type specifier missing, defaults to 'int' [-Wimplicit-int]
static allpass_chain_cycle (t_float x, t_float *y, t_float *z, int n, t_float a) {
~~~~~~ ^
mtx_dispersive_dline.c:154:1: warning: control reaches end of non-void function [-Wreturn-type]
}
^
mtx_dispersive_dline.c:156:8: warning: type specifier missing, defaults to 'int' [-Wimplicit-int]
static mtx_dispersive_dline_matrix(t_mtx_dispersive_dline *x, t_symbol *s,
~~~~~~ ^
mtx_dispersive_dline.c:166:6: error: non-void function 'mtx_dispersive_dline_matrix' should return a value [-Wreturn-type]
     return;
     ^
3 warnings and 1 error generated.
make[1]: *** [mtx_dispersive_dline.o] Error 1
make[1]: Leaving directory `/«PKGBUILDDIR»/src'
make: *** [debian/stamp-makefile-build] Error 2
dpkg-buildpackage: error: debian/rules build-arch gave error exit status 2
────────────────────────────────────────────────────────────────────────────────
Build finished at 20140106-0741

Finished
────────

E: Build failure (dpkg-buildpackage died)

┌──────────────────────────────────────────────────────────────────────────────┐
│ Cleanup                                                                      │
└──────────────────────────────────────────────────────────────────────────────┘

Purging /«BUILDDIR»
Not cleaning session: cloned chroot in use

┌──────────────────────────────────────────────────────────────────────────────┐
│ Summary                                                                      │
└──────────────────────────────────────────────────────────────────────────────┘

Build Architecture: amd64
Build-Space: 5476
Build-Time: 36
Distribution: unstable
Fail-Stage: build
Host Architecture: amd64
Install-Time: 28
Job: pd-iemmatrix_0.2-1
Machine Architecture: amd64
Package: pd-iemmatrix
Package-Time: 116
Source-Version: 0.2-1
Space: 5476
Status: attempted
Version: 0.2-1clang1
────────────────────────────────────────────────────────────────────────────────
Finished at 20140106-0741
Build needed 00:01:56, 5476k disc space
DC-Status: Failed 116.956596525s
