DC-Build-Header: aqsis 1.8.2-12 / 2020-10-29 19:29:29 +0000
DC-Task: type:rebuild-binarch-only source:aqsis version:1.8.2-12 chroot:unstable esttime:263 logfile:/tmp/aqsis_1.8.2-12_unstable_clang11.log modes:clang11:binarch-only
DC-Sbuild-call: su user42 -c 'sbuild -n --arch-any --apt-update -d unstable -v --no-run-lintian --chroot-setup-commands=/tmp/clang11 aqsis_1.8.2-12'
sbuild (Debian sbuild) 0.78.1 (09 February 2019) on ip-172-31-5-100.eu-central-1.compute.internal

+==============================================================================+
| aqsis 1.8.2-12 (amd64)                       Thu, 29 Oct 2020 19:29:29 +0000 |
+==============================================================================+

Package: aqsis
Version: 1.8.2-12
Source Version: 1.8.2-12
Distribution: unstable
Machine Architecture: amd64
Host Architecture: amd64
Build Architecture: amd64
Build Type: binary

I: NOTICE: Log filtering will replace 'var/run/schroot/mount/sid-amd64-sbuild-2a10d158-5d6b-46ca-9c47-eb82b1335e9a' with '<<CHROOT>>'

+------------------------------------------------------------------------------+
| Chroot Setup Commands                                                        |
+------------------------------------------------------------------------------+


/tmp/clang11
------------

+ echo 'Entering customization script...'
Entering customization script...
+ CLANG_VERSION=10
+ echo 'Install of clang-10'
Install of clang-10
+ apt-get update
Get:1 http://127.0.0.1:12990/debian sid InRelease [146 kB]
Get:2 http://127.0.0.1:12990/debian sid/main Sources.diff/Index [734 B]
Ign:2 http://127.0.0.1:12990/debian sid/main Sources.diff/Index
Get:3 http://127.0.0.1:12990/debian sid/main amd64 Packages.diff/Index [734 B]
Ign:3 http://127.0.0.1:12990/debian sid/main amd64 Packages.diff/Index
Get:4 http://127.0.0.1:12990/debian sid/main Translation-en [6391 kB]
Get:5 http://127.0.0.1:12990/debian sid/main Sources [8989 kB]
Get:6 http://127.0.0.1:12990/debian sid/main amd64 Packages [8492 kB]
Fetched 24.0 MB in 3s (6903 kB/s)
Reading package lists...
+ apt-get install --yes --no-install-recommends --force-yes clang-10 libomp-10-dev libobjc-9-dev
Reading package lists...
Building dependency tree...
The following additional packages will be installed:
  lib32gcc-s1 lib32stdc++6 libasan5 libbsd0 libc6-i386 libclang-common-10-dev
  libclang-cpp10 libclang1-10 libedit2 libgc1 libgcc-9-dev libllvm10
  libobjc-10-dev libobjc4 libomp5-10 libz3-4
Suggested packages:
  clang-10-doc libomp-10-doc
Recommended packages:
  llvm-10-dev python3
The following NEW packages will be installed:
  clang-10 lib32gcc-s1 lib32stdc++6 libasan5 libbsd0 libc6-i386
  libclang-common-10-dev libclang-cpp10 libclang1-10 libedit2 libgc1
  libgcc-9-dev libllvm10 libobjc-10-dev libobjc-9-dev libobjc4 libomp-10-dev
  libomp5-10 libz3-4
0 upgraded, 19 newly installed, 0 to remove and 1 not upgraded.
Need to get 52.3 MB of archives.
After this operation, 274 MB of additional disk space will be used.
Get:1 http://127.0.0.1:12990/debian sid/main amd64 libbsd0 amd64 0.10.0-1 [107 kB]
Get:2 http://127.0.0.1:12990/debian sid/main amd64 libedit2 amd64 3.1-20191231-1 [95.4 kB]
Get:3 http://127.0.0.1:12990/debian sid/main amd64 libz3-4 amd64 4.8.9-1 [6783 kB]
Get:4 http://127.0.0.1:12990/debian sid/main amd64 libllvm10 amd64 1:10.0.1-7 [16.6 MB]
Get:5 http://127.0.0.1:12990/debian sid/main amd64 libclang-cpp10 amd64 1:10.0.1-7 [9069 kB]
Get:6 http://127.0.0.1:12990/debian sid/main amd64 libgc1 amd64 1:8.0.4-2.1 [239 kB]
Get:7 http://127.0.0.1:12990/debian sid/main amd64 libobjc4 amd64 10.2.0-15 [41.6 kB]
Get:8 http://127.0.0.1:12990/debian sid/main amd64 libobjc-10-dev amd64 10.2.0-15 [170 kB]
Get:9 http://127.0.0.1:12990/debian sid/main amd64 libc6-i386 amd64 2.31-4 [2815 kB]
Get:10 http://127.0.0.1:12990/debian sid/main amd64 lib32gcc-s1 amd64 10.2.0-15 [49.4 kB]
Get:11 http://127.0.0.1:12990/debian sid/main amd64 lib32stdc++6 amd64 10.2.0-15 [511 kB]
Get:12 http://127.0.0.1:12990/debian sid/main amd64 libclang-common-10-dev amd64 1:10.0.1-7 [5062 kB]
Get:13 http://127.0.0.1:12990/debian sid/main amd64 libclang1-10 amd64 1:10.0.1-7 [7293 kB]
Get:14 http://127.0.0.1:12990/debian sid/main amd64 clang-10 amd64 1:10.0.1-7 [106 kB]
Get:15 http://127.0.0.1:12990/debian sid/main amd64 libasan5 amd64 9.3.0-18 [390 kB]
Get:16 http://127.0.0.1:12990/debian sid/main amd64 libgcc-9-dev amd64 9.3.0-18 [2347 kB]
Get:17 http://127.0.0.1:12990/debian sid/main amd64 libobjc-9-dev amd64 9.3.0-18 [220 kB]
Get:18 http://127.0.0.1:12990/debian sid/main amd64 libomp5-10 amd64 1:10.0.1-7 [339 kB]
Get:19 http://127.0.0.1:12990/debian sid/main amd64 libomp-10-dev amd64 1:10.0.1-7 [86.6 kB]
debconf: delaying package configuration, since apt-utils is not installed
Fetched 52.3 MB in 0s (144 MB/s)
Selecting previously unselected package libbsd0:amd64.
(Reading database ... (Reading database ... 5%(Reading database ... 10%(Reading database ... 15%(Reading database ... 20%(Reading database ... 25%(Reading database ... 30%(Reading database ... 35%(Reading database ... 40%(Reading database ... 45%(Reading database ... 50%(Reading database ... 55%(Reading database ... 60%(Reading database ... 65%(Reading database ... 70%(Reading database ... 75%(Reading database ... 80%(Reading database ... 85%(Reading database ... 90%(Reading database ... 95%(Reading database ... 100%(Reading database ... 12312 files and directories currently installed.)
Preparing to unpack .../00-libbsd0_0.10.0-1_amd64.deb ...
Unpacking libbsd0:amd64 (0.10.0-1) ...
Selecting previously unselected package libedit2:amd64.
Preparing to unpack .../01-libedit2_3.1-20191231-1_amd64.deb ...
Unpacking libedit2:amd64 (3.1-20191231-1) ...
Selecting previously unselected package libz3-4:amd64.
Preparing to unpack .../02-libz3-4_4.8.9-1_amd64.deb ...
Unpacking libz3-4:amd64 (4.8.9-1) ...
Selecting previously unselected package libllvm10:amd64.
Preparing to unpack .../03-libllvm10_1%3a10.0.1-7_amd64.deb ...
Unpacking libllvm10:amd64 (1:10.0.1-7) ...
Selecting previously unselected package libclang-cpp10.
Preparing to unpack .../04-libclang-cpp10_1%3a10.0.1-7_amd64.deb ...
Unpacking libclang-cpp10 (1:10.0.1-7) ...
Selecting previously unselected package libgc1:amd64.
Preparing to unpack .../05-libgc1_1%3a8.0.4-2.1_amd64.deb ...
Unpacking libgc1:amd64 (1:8.0.4-2.1) ...
Selecting previously unselected package libobjc4:amd64.
Preparing to unpack .../06-libobjc4_10.2.0-15_amd64.deb ...
Unpacking libobjc4:amd64 (10.2.0-15) ...
Selecting previously unselected package libobjc-10-dev:amd64.
Preparing to unpack .../07-libobjc-10-dev_10.2.0-15_amd64.deb ...
Unpacking libobjc-10-dev:amd64 (10.2.0-15) ...
Selecting previously unselected package libc6-i386.
Preparing to unpack .../08-libc6-i386_2.31-4_amd64.deb ...
Unpacking libc6-i386 (2.31-4) ...
Selecting previously unselected package lib32gcc-s1.
Preparing to unpack .../09-lib32gcc-s1_10.2.0-15_amd64.deb ...
Unpacking lib32gcc-s1 (10.2.0-15) ...
Selecting previously unselected package lib32stdc++6.
Preparing to unpack .../10-lib32stdc++6_10.2.0-15_amd64.deb ...
Unpacking lib32stdc++6 (10.2.0-15) ...
Selecting previously unselected package libclang-common-10-dev.
Preparing to unpack .../11-libclang-common-10-dev_1%3a10.0.1-7_amd64.deb ...
Unpacking libclang-common-10-dev (1:10.0.1-7) ...
Selecting previously unselected package libclang1-10.
Preparing to unpack .../12-libclang1-10_1%3a10.0.1-7_amd64.deb ...
Unpacking libclang1-10 (1:10.0.1-7) ...
Selecting previously unselected package clang-10.
Preparing to unpack .../13-clang-10_1%3a10.0.1-7_amd64.deb ...
Unpacking clang-10 (1:10.0.1-7) ...
Selecting previously unselected package libasan5:amd64.
Preparing to unpack .../14-libasan5_9.3.0-18_amd64.deb ...
Unpacking libasan5:amd64 (9.3.0-18) ...
Selecting previously unselected package libgcc-9-dev:amd64.
Preparing to unpack .../15-libgcc-9-dev_9.3.0-18_amd64.deb ...
Unpacking libgcc-9-dev:amd64 (9.3.0-18) ...
Selecting previously unselected package libobjc-9-dev:amd64.
Preparing to unpack .../16-libobjc-9-dev_9.3.0-18_amd64.deb ...
Unpacking libobjc-9-dev:amd64 (9.3.0-18) ...
Selecting previously unselected package libomp5-10:amd64.
Preparing to unpack .../17-libomp5-10_1%3a10.0.1-7_amd64.deb ...
Unpacking libomp5-10:amd64 (1:10.0.1-7) ...
Selecting previously unselected package libomp-10-dev.
Preparing to unpack .../18-libomp-10-dev_1%3a10.0.1-7_amd64.deb ...
Unpacking libomp-10-dev (1:10.0.1-7) ...
Setting up libasan5:amd64 (9.3.0-18) ...
Setting up libz3-4:amd64 (4.8.9-1) ...
Setting up libgc1:amd64 (1:8.0.4-2.1) ...
Setting up libomp5-10:amd64 (1:10.0.1-7) ...
Setting up libc6-i386 (2.31-4) ...
Setting up libbsd0:amd64 (0.10.0-1) ...
Setting up libomp-10-dev (1:10.0.1-7) ...
Setting up libedit2:amd64 (3.1-20191231-1) ...
Setting up libobjc4:amd64 (10.2.0-15) ...
Setting up libllvm10:amd64 (1:10.0.1-7) ...
Setting up libgcc-9-dev:amd64 (9.3.0-18) ...
Setting up lib32gcc-s1 (10.2.0-15) ...
Setting up lib32stdc++6 (10.2.0-15) ...
Setting up libclang1-10 (1:10.0.1-7) ...
Setting up libobjc-9-dev:amd64 (9.3.0-18) ...
Setting up libobjc-10-dev:amd64 (10.2.0-15) ...
Setting up libclang-common-10-dev (1:10.0.1-7) ...
Setting up libclang-cpp10 (1:10.0.1-7) ...
Setting up clang-10 (1:10.0.1-7) ...
Processing triggers for libc-bin (2.31-4) ...
W: --force-yes is deprecated, use one of the options starting with --allow instead.
+ echo 'Replace gcc, g++ & cpp by clang'
Replace gcc, g++ & cpp by clang
+ VERSIONS='4.6 4.7 4.8 4.9 5 6 7 8 9 10'
+ cd /usr/bin
+ for VERSION in $VERSIONS
+ rm -f g++-4.6 gcc-4.6 cpp-4.6 gcc
+ ln -s clang++-10 g++-4.6
+ ln -s clang-10 gcc-4.6
+ ln -s clang-10 cpp-4.6
+ ln -s clang-10 gcc
+ echo 'gcc-4.6 hold'
+ dpkg --set-selections
dpkg: warning: package not in status nor available database at line 1: gcc-4.6
dpkg: warning: found unknown packages; this might mean the available database
is outdated, and needs to be updated through a frontend method;
please see the FAQ <https://wiki.debian.org/Teams/Dpkg/FAQ>
+ echo 'g++-4.6 hold'
+ dpkg --set-selections
dpkg: warning: package not in status nor available database at line 1: g++-4.6
dpkg: warning: found unknown packages; this might mean the available database
is outdated, and needs to be updated through a frontend method;
please see the FAQ <https://wiki.debian.org/Teams/Dpkg/FAQ>
+ for VERSION in $VERSIONS
+ rm -f g++-4.7 gcc-4.7 cpp-4.7 gcc
+ ln -s clang++-10 g++-4.7
+ ln -s clang-10 gcc-4.7
+ ln -s clang-10 cpp-4.7
+ ln -s clang-10 gcc
+ echo 'gcc-4.7 hold'
+ dpkg --set-selections
dpkg: warning: package not in status nor available database at line 1: gcc-4.7
dpkg: warning: found unknown packages; this might mean the available database
is outdated, and needs to be updated through a frontend method;
please see the FAQ <https://wiki.debian.org/Teams/Dpkg/FAQ>
+ echo 'g++-4.7 hold'
+ dpkg --set-selections
dpkg: warning: package not in status nor available database at line 1: g++-4.7
dpkg: warning: found unknown packages; this might mean the available database
is outdated, and needs to be updated through a frontend method;
please see the FAQ <https://wiki.debian.org/Teams/Dpkg/FAQ>
+ for VERSION in $VERSIONS
+ rm -f g++-4.8 gcc-4.8 cpp-4.8 gcc
+ ln -s clang++-10 g++-4.8
+ ln -s clang-10 gcc-4.8
+ ln -s clang-10 cpp-4.8
+ ln -s clang-10 gcc
+ echo 'gcc-4.8 hold'
+ dpkg --set-selections
dpkg: warning: package not in status nor available database at line 1: gcc-4.8
dpkg: warning: found unknown packages; this might mean the available database
is outdated, and needs to be updated through a frontend method;
please see the FAQ <https://wiki.debian.org/Teams/Dpkg/FAQ>
+ echo 'g++-4.8 hold'
+ dpkg --set-selections
dpkg: warning: package not in status nor available database at line 1: g++-4.8
dpkg: warning: found unknown packages; this might mean the available database
is outdated, and needs to be updated through a frontend method;
please see the FAQ <https://wiki.debian.org/Teams/Dpkg/FAQ>
+ for VERSION in $VERSIONS
+ rm -f g++-4.9 gcc-4.9 cpp-4.9 gcc
+ ln -s clang++-10 g++-4.9
+ ln -s clang-10 gcc-4.9
+ ln -s clang-10 cpp-4.9
+ ln -s clang-10 gcc
+ echo 'gcc-4.9 hold'
+ dpkg --set-selections
dpkg: warning: package not in status nor available database at line 1: gcc-4.9
dpkg: warning: found unknown packages; this might mean the available database
is outdated, and needs to be updated through a frontend method;
please see the FAQ <https://wiki.debian.org/Teams/Dpkg/FAQ>
+ echo 'g++-4.9 hold'
+ dpkg --set-selections
dpkg: warning: package not in status nor available database at line 1: g++-4.9
dpkg: warning: found unknown packages; this might mean the available database
is outdated, and needs to be updated through a frontend method;
please see the FAQ <https://wiki.debian.org/Teams/Dpkg/FAQ>
+ for VERSION in $VERSIONS
+ rm -f g++-5 gcc-5 cpp-5 gcc
+ ln -s clang++-10 g++-5
+ ln -s clang-10 gcc-5
+ ln -s clang-10 cpp-5
+ ln -s clang-10 gcc
+ echo 'gcc-5 hold'
+ dpkg --set-selections
dpkg: warning: package not in status nor available database at line 1: gcc-5
dpkg: warning: found unknown packages; this might mean the available database
is outdated, and needs to be updated through a frontend method;
please see the FAQ <https://wiki.debian.org/Teams/Dpkg/FAQ>
+ echo 'g++-5 hold'
+ dpkg --set-selections
dpkg: warning: package not in status nor available database at line 1: g++-5
dpkg: warning: found unknown packages; this might mean the available database
is outdated, and needs to be updated through a frontend method;
please see the FAQ <https://wiki.debian.org/Teams/Dpkg/FAQ>
+ for VERSION in $VERSIONS
+ rm -f g++-6 gcc-6 cpp-6 gcc
+ ln -s clang++-10 g++-6
+ ln -s clang-10 gcc-6
+ ln -s clang-10 cpp-6
+ ln -s clang-10 gcc
+ echo 'gcc-6 hold'
+ dpkg --set-selections
dpkg: warning: package not in status nor available database at line 1: gcc-6
dpkg: warning: found unknown packages; this might mean the available database
is outdated, and needs to be updated through a frontend method;
please see the FAQ <https://wiki.debian.org/Teams/Dpkg/FAQ>
+ echo 'g++-6 hold'
+ dpkg --set-selections
dpkg: warning: package not in status nor available database at line 1: g++-6
dpkg: warning: found unknown packages; this might mean the available database
is outdated, and needs to be updated through a frontend method;
please see the FAQ <https://wiki.debian.org/Teams/Dpkg/FAQ>
+ for VERSION in $VERSIONS
+ rm -f g++-7 gcc-7 cpp-7 gcc
+ ln -s clang++-10 g++-7
+ ln -s clang-10 gcc-7
+ ln -s clang-10 cpp-7
+ ln -s clang-10 gcc
+ echo 'gcc-7 hold'
+ dpkg --set-selections
dpkg: warning: package not in status nor available database at line 1: gcc-7
dpkg: warning: found unknown packages; this might mean the available database
is outdated, and needs to be updated through a frontend method;
please see the FAQ <https://wiki.debian.org/Teams/Dpkg/FAQ>
+ echo 'g++-7 hold'
+ dpkg --set-selections
dpkg: warning: package not in status nor available database at line 1: g++-7
dpkg: warning: found unknown packages; this might mean the available database
is outdated, and needs to be updated through a frontend method;
please see the FAQ <https://wiki.debian.org/Teams/Dpkg/FAQ>
+ for VERSION in $VERSIONS
+ rm -f g++-8 gcc-8 cpp-8 gcc
+ ln -s clang++-10 g++-8
+ ln -s clang-10 gcc-8
+ ln -s clang-10 cpp-8
+ ln -s clang-10 gcc
+ echo 'gcc-8 hold'
+ dpkg --set-selections
dpkg: warning: package not in status nor available database at line 1: gcc-8
dpkg: warning: found unknown packages; this might mean the available database
is outdated, and needs to be updated through a frontend method;
please see the FAQ <https://wiki.debian.org/Teams/Dpkg/FAQ>
+ echo 'g++-8 hold'
+ dpkg --set-selections
dpkg: warning: package not in status nor available database at line 1: g++-8
dpkg: warning: found unknown packages; this might mean the available database
is outdated, and needs to be updated through a frontend method;
please see the FAQ <https://wiki.debian.org/Teams/Dpkg/FAQ>
+ for VERSION in $VERSIONS
+ rm -f g++-9 gcc-9 cpp-9 gcc
+ ln -s clang++-10 g++-9
+ ln -s clang-10 gcc-9
+ ln -s clang-10 cpp-9
+ ln -s clang-10 gcc
+ echo 'gcc-9 hold'
+ dpkg --set-selections
dpkg: warning: package not in status nor available database at line 1: gcc-9
dpkg: warning: found unknown packages; this might mean the available database
is outdated, and needs to be updated through a frontend method;
please see the FAQ <https://wiki.debian.org/Teams/Dpkg/FAQ>
+ echo 'g++-9 hold'
+ dpkg --set-selections
dpkg: warning: package not in status nor available database at line 1: g++-9
dpkg: warning: found unknown packages; this might mean the available database
is outdated, and needs to be updated through a frontend method;
please see the FAQ <https://wiki.debian.org/Teams/Dpkg/FAQ>
+ for VERSION in $VERSIONS
+ rm -f g++-10 gcc-10 cpp-10 gcc
+ ln -s clang++-10 g++-10
+ ln -s clang-10 gcc-10
+ ln -s clang-10 cpp-10
+ ln -s clang-10 gcc
+ echo 'gcc-10 hold'
+ dpkg --set-selections
+ echo 'g++-10 hold'
+ dpkg --set-selections
+ cd -
/build/aqsis-vbWrFJ
+ echo 'Check if gcc, g++ & cpp are actually clang'
Check if gcc, g++ & cpp are actually clang
+ gcc --version
+ grep clang
+ cpp --version
+ grep clang
+ g++ --version
+ grep clang
+ cd /usr/bin/
+ rm -f clang++ clang
+ ln -s clang-10 clang++
+ ln -s clang-10 clang
+ clang++ --version
Debian clang version 10.0.1-7
Target: x86_64-pc-linux-gnu
Thread model: posix
InstalledDir: /usr/bin
+ clang --version
Debian clang version 10.0.1-7
Target: x86_64-pc-linux-gnu
Thread model: posix
InstalledDir: /usr/bin
+ cd -
/build/aqsis-vbWrFJ
+ apt install --yes --no-install-recommends --force-yes qt5-qmake

WARNING: apt does not have a stable CLI interface. Use with caution in scripts.

Reading package lists...
Building dependency tree...
Reading state information...
The following additional packages will be installed:
  qt5-qmake-bin qtchooser
The following NEW packages will be installed:
  qt5-qmake qt5-qmake-bin qtchooser
0 upgraded, 3 newly installed, 0 to remove and 1 not upgraded.
Need to get 1304 kB of archives.
After this operation, 4865 kB of additional disk space will be used.
Get:1 http://127.0.0.1:12990/debian sid/main amd64 qt5-qmake-bin amd64 5.14.2+dfsg-6 [1035 kB]
Get:2 http://127.0.0.1:12990/debian sid/main amd64 qtchooser amd64 66-2 [26.3 kB]
Get:3 http://127.0.0.1:12990/debian sid/main amd64 qt5-qmake amd64 5.14.2+dfsg-6 [242 kB]
debconf: delaying package configuration, since apt-utils is not installed
Fetched 1304 kB in 0s (56.2 MB/s)
Selecting previously unselected package qt5-qmake-bin.
(Reading database ... (Reading database ... 5%(Reading database ... 10%(Reading database ... 15%(Reading database ... 20%(Reading database ... 25%(Reading database ... 30%(Reading database ... 35%(Reading database ... 40%(Reading database ... 45%(Reading database ... 50%(Reading database ... 55%(Reading database ... 60%(Reading database ... 65%(Reading database ... 70%(Reading database ... 75%(Reading database ... 80%(Reading database ... 85%(Reading database ... 90%(Reading database ... 95%(Reading database ... 100%(Reading database ... 13315 files and directories currently installed.)
Preparing to unpack .../qt5-qmake-bin_5.14.2+dfsg-6_amd64.deb ...
Unpacking qt5-qmake-bin (5.14.2+dfsg-6) ...
Selecting previously unselected package qtchooser.
Preparing to unpack .../qtchooser_66-2_amd64.deb ...
Unpacking qtchooser (66-2) ...
Selecting previously unselected package qt5-qmake:amd64.
Preparing to unpack .../qt5-qmake_5.14.2+dfsg-6_amd64.deb ...
Unpacking qt5-qmake:amd64 (5.14.2+dfsg-6) ...
Setting up qt5-qmake-bin (5.14.2+dfsg-6) ...
Setting up qtchooser (66-2) ...
Setting up qt5-qmake:amd64 (5.14.2+dfsg-6) ...
W: --force-yes is deprecated, use one of the options starting with --allow instead.
+ cp /usr/lib/x86_64-linux-gnu/qt5/mkspecs/linux-clang/qmake.conf /usr/lib/x86_64-linux-gnu/qt5/mkspecs/linux-clang/qplatformdefs.h /usr/lib/x86_64-linux-gnu/qt5/mkspecs/linux-g++/
+ ls -al /usr/lib/x86_64-linux-gnu/qt5/mkspecs/linux-g++/
total 16
drwxr-xr-x  2 root root 4096 Oct 29 19:29 .
drwxr-xr-x 76 root root 4096 Oct 29 19:29 ..
-rw-r--r--  1 root root  276 Oct 29 19:29 qmake.conf
-rw-r--r--  1 root root 3218 Oct 29 19:29 qplatformdefs.h
+ cat /usr/lib/x86_64-linux-gnu/qt5/mkspecs/linux-g++/qmake.conf
#
# qmake configuration for linux-clang
#

MAKEFILE_GENERATOR = UNIX
CONFIG += incremental

QMAKE_INCREMENTAL_STYLE = sublib

include(../common/linux.conf)
include(../common/gcc-base-unix.conf)
include(../common/clang.conf)

QMAKE_LFLAGS += -ccc-gcc-name g++

load(qt_config)
+ export QMAKESPEC=/usr/lib/x86_64-linux-gnu/qt5/mkspecs/linux-clang/
+ QMAKESPEC=/usr/lib/x86_64-linux-gnu/qt5/mkspecs/linux-clang/
+ sed -i -e 's|compare_problem(2,|compare_problem(0,|g' /usr/bin/dpkg-gensymbols
+ sed -i -e 's|compare_problem(1,|compare_problem(0,|g' /usr/bin/dpkg-gensymbols
+ grep 'compare_problem(' /usr/bin/dpkg-gensymbols
        compare_problem(4, g_('new libraries appeared in the symbols file: %s'), "@libs");
        compare_problem(3, g_('some libraries disappeared in the symbols file: %s'), "@libs");
        compare_problem(0, g_('some new symbols appeared in the symbols file: %s'),
        compare_problem(0, g_('some symbols or patterns disappeared in the symbols file: %s'),

I: Finished running '/tmp/clang11'.

Finished processing commands.
--------------------------------------------------------------------------------
I: NOTICE: Log filtering will replace 'build/aqsis-vbWrFJ/resolver-fHJ98o' with '<<RESOLVERDIR>>'

+------------------------------------------------------------------------------+
| Update chroot                                                                |
+------------------------------------------------------------------------------+

Hit:1 http://127.0.0.1:12990/debian sid InRelease
Reading package lists...
Reading package lists...
Building dependency tree...
Reading state information...
Calculating upgrade...
The following packages will be upgraded:
  libdebconfclient0
1 upgraded, 0 newly installed, 0 to remove and 0 not upgraded.
Need to get 49.6 kB of archives.
After this operation, 0 B of additional disk space will be used.
Get:1 http://127.0.0.1:12990/debian sid/main amd64 libdebconfclient0 amd64 0.255 [49.6 kB]
debconf: delaying package configuration, since apt-utils is not installed
Fetched 49.6 kB in 0s (3589 kB/s)
(Reading database ... (Reading database ... 5%(Reading database ... 10%(Reading database ... 15%(Reading database ... 20%(Reading database ... 25%(Reading database ... 30%(Reading database ... 35%(Reading database ... 40%(Reading database ... 45%(Reading database ... 50%(Reading database ... 55%(Reading database ... 60%(Reading database ... 65%(Reading database ... 70%(Reading database ... 75%(Reading database ... 80%(Reading database ... 85%(Reading database ... 90%(Reading database ... 95%(Reading database ... 100%(Reading database ... 14056 files and directories currently installed.)
Preparing to unpack .../libdebconfclient0_0.255_amd64.deb ...
Unpacking libdebconfclient0:amd64 (0.255) over (0.254) ...
Setting up libdebconfclient0:amd64 (0.255) ...
Processing triggers for libc-bin (2.31-4) ...

+------------------------------------------------------------------------------+
| Fetch source files                                                           |
+------------------------------------------------------------------------------+


Check APT
---------

Checking available source versions...

Download source files with APT
------------------------------

Reading package lists...
NOTICE: 'aqsis' packaging is maintained in the 'Git' version control system at:
https://salsa.debian.org/debian/aqsis.git
Please use:
git clone https://salsa.debian.org/debian/aqsis.git
to retrieve the latest (possibly unreleased) updates to the package.
Need to get 4819 kB of source archives.
Get:1 http://127.0.0.1:12990/debian sid/main aqsis 1.8.2-12 (dsc) [2415 B]
Get:2 http://127.0.0.1:12990/debian sid/main aqsis 1.8.2-12 (tar) [4800 kB]
Get:3 http://127.0.0.1:12990/debian sid/main aqsis 1.8.2-12 (diff) [16.7 kB]
Fetched 4819 kB in 0s (38.3 MB/s)
Download complete and in download only mode
I: NOTICE: Log filtering will replace 'build/aqsis-vbWrFJ/aqsis-1.8.2' with '<<PKGBUILDDIR>>'
I: NOTICE: Log filtering will replace 'build/aqsis-vbWrFJ' with '<<BUILDDIR>>'

+------------------------------------------------------------------------------+
| Install package build dependencies                                           |
+------------------------------------------------------------------------------+


Setup apt archive
-----------------

Merged Build-Depends: debhelper (>= 11~), cmake (>= 2.6.3), flex (>= 2.5.35), bison (>= 1.35), libtiff-dev, libjpeg-dev, libpng-dev, libopenexr-dev, libilmbase-dev, libboost-filesystem-dev (>= 1.42), libboost-iostreams-dev (>= 1.42), libboost-program-options-dev (>= 1.42), libboost-wave-dev (>= 1.42), libboost-serialization-dev (>= 1.42), libboost-test-dev (>= 1.42), libboost-thread-dev (>= 1.42), libtinyxml-dev (>= 2.5), xsltproc, build-essential, fakeroot
Filtered Build-Depends: debhelper (>= 11~), cmake (>= 2.6.3), flex (>= 2.5.35), bison (>= 1.35), libtiff-dev, libjpeg-dev, libpng-dev, libopenexr-dev, libilmbase-dev, libboost-filesystem-dev (>= 1.42), libboost-iostreams-dev (>= 1.42), libboost-program-options-dev (>= 1.42), libboost-wave-dev (>= 1.42), libboost-serialization-dev (>= 1.42), libboost-test-dev (>= 1.42), libboost-thread-dev (>= 1.42), libtinyxml-dev (>= 2.5), xsltproc, build-essential, fakeroot
dpkg-deb: building package 'sbuild-build-depends-main-dummy' in '/<<RESOLVERDIR>>/apt_archive/sbuild-build-depends-main-dummy.deb'.
Ign:1 copy:/<<RESOLVERDIR>>/apt_archive ./ InRelease
Get:2 copy:/<<RESOLVERDIR>>/apt_archive ./ Release [963 B]
Ign:3 copy:/<<RESOLVERDIR>>/apt_archive ./ Release.gpg
Get:4 copy:/<<RESOLVERDIR>>/apt_archive ./ Sources [505 B]
Get:5 copy:/<<RESOLVERDIR>>/apt_archive ./ Packages [592 B]
Fetched 2060 B in 0s (0 B/s)
Reading package lists...
Reading package lists...

Install main build dependencies (apt-based resolver)
----------------------------------------------------

Installing build dependencies
Reading package lists...
Building dependency tree...
Reading state information...
The following additional packages will be installed:
  autoconf automake autopoint autotools-dev bison bsdextrautils cmake
  cmake-data debhelper dh-autoreconf dh-strip-nondeterminism dwz file flex
  gettext gettext-base groff-base icu-devtools intltool-debian
  libarchive-zip-perl libarchive13 libboost-atomic1.71-dev
  libboost-atomic1.71.0 libboost-chrono1.71-dev libboost-chrono1.71.0
  libboost-date-time1.71-dev libboost-date-time1.71.0 libboost-filesystem-dev
  libboost-filesystem1.71-dev libboost-filesystem1.71.0 libboost-iostreams-dev
  libboost-iostreams1.71-dev libboost-iostreams1.71.0
  libboost-program-options-dev libboost-program-options1.71-dev
  libboost-program-options1.71.0 libboost-regex1.71-dev libboost-regex1.71.0
  libboost-serialization-dev libboost-serialization1.71-dev
  libboost-serialization1.71.0 libboost-system1.71-dev libboost-system1.71.0
  libboost-test-dev libboost-test1.71-dev libboost-test1.71.0
  libboost-thread-dev libboost-thread1.71-dev libboost-thread1.71.0
  libboost-wave-dev libboost-wave1.71-dev libboost-wave1.71.0 libboost1.71-dev
  libbrotli1 libcroco3 libcurl4 libdebhelper-perl libelf1 libexpat1
  libfile-stripnondeterminism-perl libglib2.0-0 libicu-dev libicu67
  libilmbase-dev libilmbase25 libjbig-dev libjbig0 libjpeg-dev libjpeg62-turbo
  libjpeg62-turbo-dev libjsoncpp1 libldap-2.4-2 liblzma-dev libmagic-mgc
  libmagic1 libncurses6 libncursesw6 libnghttp2-14 libopenexr-dev libopenexr25
  libpipeline1 libpng-dev libpng16-16 libprocps8 libpsl5 librhash0 librtmp1
  libsasl2-2 libsasl2-modules-db libsigsegv2 libssh2-1 libsub-override-perl
  libtiff-dev libtiff5 libtiffxx5 libtinyxml-dev libtinyxml2.6.2v5 libtool
  libuchardet0 libuv1 libwebp6 libxml2 libxslt1.1 m4 man-db po-debconf procps
  sensible-utils xsltproc zlib1g-dev
Suggested packages:
  autoconf-archive gnu-standards autoconf-doc bison-doc cmake-doc ninja-build
  dh-make flex-doc gettext-doc libasprintf-dev libgettextpo-dev groff lrzip
  libboost1.71-doc libboost-container1.71-dev libboost-context1.71-dev
  libboost-contract1.71-dev libboost-coroutine1.71-dev
  libboost-exception1.71-dev libboost-fiber1.71-dev libboost-graph1.71-dev
  libboost-graph-parallel1.71-dev libboost-locale1.71-dev libboost-log1.71-dev
  libboost-math1.71-dev libboost-mpi1.71-dev libboost-mpi-python1.71-dev
  libboost-numpy1.71-dev libboost-python1.71-dev libboost-random1.71-dev
  libboost-stacktrace1.71-dev libboost-timer1.71-dev
  libboost-type-erasure1.71-dev libboost1.71-tools-dev libmpfrc++-dev
  libntl-dev icu-doc liblzma-doc libtinyxml-doc libtool-doc gfortran
  | fortran95-compiler gcj-jdk m4-doc apparmor less www-browser
  libmail-box-perl
Recommended packages:
  libfl-dev curl | wget | lynx ca-certificates libarchive-cpio-perl
  libglib2.0-data shared-mime-info xdg-user-dirs libldap-common libgpm2
  libpng-tools publicsuffix libsasl2-modules libltdl-dev libmail-sendmail-perl
  psmisc
The following NEW packages will be installed:
  autoconf automake autopoint autotools-dev bison bsdextrautils cmake
  cmake-data debhelper dh-autoreconf dh-strip-nondeterminism dwz file flex
  gettext gettext-base groff-base icu-devtools intltool-debian
  libarchive-zip-perl libarchive13 libboost-atomic1.71-dev
  libboost-atomic1.71.0 libboost-chrono1.71-dev libboost-chrono1.71.0
  libboost-date-time1.71-dev libboost-date-time1.71.0 libboost-filesystem-dev
  libboost-filesystem1.71-dev libboost-filesystem1.71.0 libboost-iostreams-dev
  libboost-iostreams1.71-dev libboost-iostreams1.71.0
  libboost-program-options-dev libboost-program-options1.71-dev
  libboost-program-options1.71.0 libboost-regex1.71-dev libboost-regex1.71.0
  libboost-serialization-dev libboost-serialization1.71-dev
  libboost-serialization1.71.0 libboost-system1.71-dev libboost-system1.71.0
  libboost-test-dev libboost-test1.71-dev libboost-test1.71.0
  libboost-thread-dev libboost-thread1.71-dev libboost-thread1.71.0
  libboost-wave-dev libboost-wave1.71-dev libboost-wave1.71.0 libboost1.71-dev
  libbrotli1 libcroco3 libcurl4 libdebhelper-perl libelf1 libexpat1
  libfile-stripnondeterminism-perl libglib2.0-0 libicu-dev libicu67
  libilmbase-dev libilmbase25 libjbig-dev libjbig0 libjpeg-dev libjpeg62-turbo
  libjpeg62-turbo-dev libjsoncpp1 libldap-2.4-2 liblzma-dev libmagic-mgc
  libmagic1 libncurses6 libncursesw6 libnghttp2-14 libopenexr-dev libopenexr25
  libpipeline1 libpng-dev libpng16-16 libprocps8 libpsl5 librhash0 librtmp1
  libsasl2-2 libsasl2-modules-db libsigsegv2 libssh2-1 libsub-override-perl
  libtiff-dev libtiff5 libtiffxx5 libtinyxml-dev libtinyxml2.6.2v5 libtool
  libuchardet0 libuv1 libwebp6 libxml2 libxslt1.1 m4 man-db po-debconf procps
  sbuild-build-depends-main-dummy sensible-utils xsltproc zlib1g-dev
0 upgraded, 111 newly installed, 0 to remove and 0 not upgraded.
Need to get 62.3 MB of archives.
After this operation, 385 MB of additional disk space will be used.
Get:1 copy:/<<RESOLVERDIR>>/apt_archive ./ sbuild-build-depends-main-dummy 0.invalid.0 [1016 B]
Get:2 http://127.0.0.1:12990/debian sid/main amd64 bsdextrautils amd64 2.36-3+b1 [140 kB]
Get:3 http://127.0.0.1:12990/debian sid/main amd64 libuchardet0 amd64 0.0.7-1 [67.8 kB]
Get:4 http://127.0.0.1:12990/debian sid/main amd64 groff-base amd64 1.22.4-5 [920 kB]
Get:5 http://127.0.0.1:12990/debian sid/main amd64 libpipeline1 amd64 1.5.3-1 [34.3 kB]
Get:6 http://127.0.0.1:12990/debian sid/main amd64 man-db amd64 2.9.3-2 [1314 kB]
Get:7 http://127.0.0.1:12990/debian sid/main amd64 libsigsegv2 amd64 2.12-2 [32.8 kB]
Get:8 http://127.0.0.1:12990/debian sid/main amd64 m4 amd64 1.4.18-4 [203 kB]
Get:9 http://127.0.0.1:12990/debian sid/main amd64 flex amd64 2.6.4-8 [440 kB]
Get:10 http://127.0.0.1:12990/debian sid/main amd64 libncurses6 amd64 6.2+20200918-1 [102 kB]
Get:11 http://127.0.0.1:12990/debian sid/main amd64 libncursesw6 amd64 6.2+20200918-1 [132 kB]
Get:12 http://127.0.0.1:12990/debian sid/main amd64 libprocps8 amd64 2:3.3.16-5 [62.7 kB]
Get:13 http://127.0.0.1:12990/debian sid/main amd64 procps amd64 2:3.3.16-5 [262 kB]
Get:14 http://127.0.0.1:12990/debian sid/main amd64 sensible-utils all 0.0.12+nmu1 [16.0 kB]
Get:15 http://127.0.0.1:12990/debian sid/main amd64 libmagic-mgc amd64 1:5.38-5 [262 kB]
Get:16 http://127.0.0.1:12990/debian sid/main amd64 libmagic1 amd64 1:5.38-5 [120 kB]
Get:17 http://127.0.0.1:12990/debian sid/main amd64 file amd64 1:5.38-5 [67.9 kB]
Get:18 http://127.0.0.1:12990/debian sid/main amd64 gettext-base amd64 0.19.8.1-10 [123 kB]
Get:19 http://127.0.0.1:12990/debian sid/main amd64 autoconf all 2.69-11.1 [341 kB]
Get:20 http://127.0.0.1:12990/debian sid/main amd64 autotools-dev all 20180224.1 [77.0 kB]
Get:21 http://127.0.0.1:12990/debian sid/main amd64 automake all 1:1.16.2-4 [801 kB]
Get:22 http://127.0.0.1:12990/debian sid/main amd64 autopoint all 0.19.8.1-10 [435 kB]
Get:23 http://127.0.0.1:12990/debian sid/main amd64 bison amd64 2:3.7.3+dfsg-1 [1095 kB]
Get:24 http://127.0.0.1:12990/debian sid/main amd64 cmake-data all 3.18.4-1 [1725 kB]
Get:25 http://127.0.0.1:12990/debian sid/main amd64 libicu67 amd64 67.1-4 [8624 kB]
Get:26 http://127.0.0.1:12990/debian sid/main amd64 libxml2 amd64 2.9.10+dfsg-6.1 [692 kB]
Get:27 http://127.0.0.1:12990/debian sid/main amd64 libarchive13 amd64 3.4.3-2 [342 kB]
Get:28 http://127.0.0.1:12990/debian sid/main amd64 libbrotli1 amd64 1.0.9-2+b1 [282 kB]
Get:29 http://127.0.0.1:12990/debian sid/main amd64 libsasl2-modules-db amd64 2.1.27+dfsg-2 [69.0 kB]
Get:30 http://127.0.0.1:12990/debian sid/main amd64 libsasl2-2 amd64 2.1.27+dfsg-2 [106 kB]
Get:31 http://127.0.0.1:12990/debian sid/main amd64 libldap-2.4-2 amd64 2.4.54+dfsg-1 [231 kB]
Get:32 http://127.0.0.1:12990/debian sid/main amd64 libnghttp2-14 amd64 1.41.0-3 [74.0 kB]
Get:33 http://127.0.0.1:12990/debian sid/main amd64 libpsl5 amd64 0.21.0-1.1 [55.3 kB]
Get:34 http://127.0.0.1:12990/debian sid/main amd64 librtmp1 amd64 2.4+20151223.gitfa8646d.1-2+b2 [60.8 kB]
Get:35 http://127.0.0.1:12990/debian sid/main amd64 libssh2-1 amd64 1.8.0-2.1 [140 kB]
Get:36 http://127.0.0.1:12990/debian sid/main amd64 libcurl4 amd64 7.72.0-1 [336 kB]
Get:37 http://127.0.0.1:12990/debian sid/main amd64 libexpat1 amd64 2.2.10-1 [96.9 kB]
Get:38 http://127.0.0.1:12990/debian sid/main amd64 libjsoncpp1 amd64 1.7.4-3.1 [77.6 kB]
Get:39 http://127.0.0.1:12990/debian sid/main amd64 librhash0 amd64 1.4.0-1 [124 kB]
Get:40 http://127.0.0.1:12990/debian sid/main amd64 libuv1 amd64 1.39.0-1 [131 kB]
Get:41 http://127.0.0.1:12990/debian sid/main amd64 cmake amd64 3.18.4-1 [5599 kB]
Get:42 http://127.0.0.1:12990/debian sid/main amd64 libtool all 2.4.6-14 [513 kB]
Get:43 http://127.0.0.1:12990/debian sid/main amd64 dh-autoreconf all 19 [16.9 kB]
Get:44 http://127.0.0.1:12990/debian sid/main amd64 libdebhelper-perl all 13.2.1 [188 kB]
Get:45 http://127.0.0.1:12990/debian sid/main amd64 libarchive-zip-perl all 1.68-1 [104 kB]
Get:46 http://127.0.0.1:12990/debian sid/main amd64 libsub-override-perl all 0.09-2 [10.2 kB]
Get:47 http://127.0.0.1:12990/debian sid/main amd64 libfile-stripnondeterminism-perl all 1.9.0-1 [25.5 kB]
Get:48 http://127.0.0.1:12990/debian sid/main amd64 dh-strip-nondeterminism all 1.9.0-1 [15.2 kB]
Get:49 http://127.0.0.1:12990/debian sid/main amd64 libelf1 amd64 0.181-1 [164 kB]
Get:50 http://127.0.0.1:12990/debian sid/main amd64 dwz amd64 0.13-5 [151 kB]
Get:51 http://127.0.0.1:12990/debian sid/main amd64 libglib2.0-0 amd64 2.66.1-2 [1362 kB]
Get:52 http://127.0.0.1:12990/debian sid/main amd64 libcroco3 amd64 0.6.13-1 [146 kB]
Get:53 http://127.0.0.1:12990/debian sid/main amd64 gettext amd64 0.19.8.1-10 [1303 kB]
Get:54 http://127.0.0.1:12990/debian sid/main amd64 intltool-debian all 0.35.0+20060710.5 [26.8 kB]
Get:55 http://127.0.0.1:12990/debian sid/main amd64 po-debconf all 1.0.21 [248 kB]
Get:56 http://127.0.0.1:12990/debian sid/main amd64 debhelper all 13.2.1 [1007 kB]
Get:57 http://127.0.0.1:12990/debian sid/main amd64 icu-devtools amd64 67.1-4 [201 kB]
Get:58 http://127.0.0.1:12990/debian sid/main amd64 libboost1.71-dev amd64 1.71.0-7+b1 [9100 kB]
Get:59 http://127.0.0.1:12990/debian sid/main amd64 libboost-atomic1.71.0 amd64 1.71.0-7+b1 [233 kB]
Get:60 http://127.0.0.1:12990/debian sid/main amd64 libboost-atomic1.71-dev amd64 1.71.0-7+b1 [234 kB]
Get:61 http://127.0.0.1:12990/debian sid/main amd64 libboost-chrono1.71.0 amd64 1.71.0-7+b1 [245 kB]
Get:62 http://127.0.0.1:12990/debian sid/main amd64 libboost-chrono1.71-dev amd64 1.71.0-7+b1 [254 kB]
Get:63 http://127.0.0.1:12990/debian sid/main amd64 libboost-date-time1.71.0 amd64 1.71.0-7+b1 [246 kB]
Get:64 http://127.0.0.1:12990/debian sid/main amd64 libboost-serialization1.71.0 amd64 1.71.0-7+b1 [332 kB]
Get:65 http://127.0.0.1:12990/debian sid/main amd64 libboost-serialization1.71-dev amd64 1.71.0-7+b1 [374 kB]
Get:66 http://127.0.0.1:12990/debian sid/main amd64 libboost-date-time1.71-dev amd64 1.71.0-7+b1 [258 kB]
Get:67 http://127.0.0.1:12990/debian sid/main amd64 libboost-filesystem1.71.0 amd64 1.71.0-7+b1 [270 kB]
Get:68 http://127.0.0.1:12990/debian sid/main amd64 libboost-system1.71.0 amd64 1.71.0-7+b1 [233 kB]
Get:69 http://127.0.0.1:12990/debian sid/main amd64 libboost-system1.71-dev amd64 1.71.0-7+b1 [234 kB]
Get:70 http://127.0.0.1:12990/debian sid/main amd64 libboost-filesystem1.71-dev amd64 1.71.0-7+b1 [287 kB]
Get:71 http://127.0.0.1:12990/debian sid/main amd64 libboost-filesystem-dev amd64 1.71.0.3 [4160 B]
Get:72 http://127.0.0.1:12990/debian sid/main amd64 libboost-regex1.71.0 amd64 1.71.0-7+b1 [510 kB]
Get:73 http://127.0.0.1:12990/debian sid/main amd64 libicu-dev amd64 67.1-4 [9593 kB]
Get:74 http://127.0.0.1:12990/debian sid/main amd64 libboost-regex1.71-dev amd64 1.71.0-7+b1 [598 kB]
Get:75 http://127.0.0.1:12990/debian sid/main amd64 libboost-iostreams1.71.0 amd64 1.71.0-7+b1 [263 kB]
Get:76 http://127.0.0.1:12990/debian sid/main amd64 libboost-iostreams1.71-dev amd64 1.71.0-7+b1 [276 kB]
Get:77 http://127.0.0.1:12990/debian sid/main amd64 libboost-iostreams-dev amd64 1.71.0.3 [4112 B]
Get:78 http://127.0.0.1:12990/debian sid/main amd64 libboost-program-options1.71.0 amd64 1.71.0-7+b1 [364 kB]
Get:79 http://127.0.0.1:12990/debian sid/main amd64 libboost-program-options1.71-dev amd64 1.71.0-7+b1 [403 kB]
Get:80 http://127.0.0.1:12990/debian sid/main amd64 libboost-program-options-dev amd64 1.71.0.3 [4132 B]
Get:81 http://127.0.0.1:12990/debian sid/main amd64 libboost-serialization-dev amd64 1.71.0.3 [4348 B]
Get:82 http://127.0.0.1:12990/debian sid/main amd64 libboost-test1.71.0 amd64 1.71.0-7+b1 [466 kB]
Get:83 http://127.0.0.1:12990/debian sid/main amd64 libboost-test1.71-dev amd64 1.71.0-7+b1 [545 kB]
Get:84 http://127.0.0.1:12990/debian sid/main amd64 libboost-test-dev amd64 1.71.0.3 [4160 B]
Get:85 http://127.0.0.1:12990/debian sid/main amd64 libboost-thread1.71.0 amd64 1.71.0-7+b1 [274 kB]
Get:86 http://127.0.0.1:12990/debian sid/main amd64 libboost-thread1.71-dev amd64 1.71.0-7+b1 [287 kB]
Get:87 http://127.0.0.1:12990/debian sid/main amd64 libboost-thread-dev amd64 1.71.0.3 [4156 B]
Get:88 http://127.0.0.1:12990/debian sid/main amd64 libboost-wave1.71.0 amd64 1.71.0-7+b1 [412 kB]
Get:89 http://127.0.0.1:12990/debian sid/main amd64 libboost-wave1.71-dev amd64 1.71.0-7+b1 [474 kB]
Get:90 http://127.0.0.1:12990/debian sid/main amd64 libboost-wave-dev amd64 1.71.0.3 [4156 B]
Get:91 http://127.0.0.1:12990/debian sid/main amd64 libilmbase25 amd64 2.5.3-2 [201 kB]
Get:92 http://127.0.0.1:12990/debian sid/main amd64 libilmbase-dev amd64 2.5.3-2 [158 kB]
Get:93 http://127.0.0.1:12990/debian sid/main amd64 libjbig0 amd64 2.1-3.1+b2 [31.0 kB]
Get:94 http://127.0.0.1:12990/debian sid/main amd64 libjbig-dev amd64 2.1-3.1+b2 [30.5 kB]
Get:95 http://127.0.0.1:12990/debian sid/main amd64 libjpeg62-turbo amd64 1:2.0.5-1.1 [149 kB]
Get:96 http://127.0.0.1:12990/debian sid/main amd64 libjpeg62-turbo-dev amd64 1:2.0.5-1.1 [276 kB]
Get:97 http://127.0.0.1:12990/debian sid/main amd64 libjpeg-dev all 1:2.0.5-1.1 [66.0 kB]
Get:98 http://127.0.0.1:12990/debian sid/main amd64 liblzma-dev amd64 5.2.4-1+b1 [211 kB]
Get:99 http://127.0.0.1:12990/debian sid/main amd64 libopenexr25 amd64 2.5.3-2 [688 kB]
Get:100 http://127.0.0.1:12990/debian sid/main amd64 libopenexr-dev amd64 2.5.3-2 [158 kB]
Get:101 http://127.0.0.1:12990/debian sid/main amd64 libpng16-16 amd64 1.6.37-3 [294 kB]
Get:102 http://127.0.0.1:12990/debian sid/main amd64 zlib1g-dev amd64 1:1.2.11.dfsg-2 [190 kB]
Get:103 http://127.0.0.1:12990/debian sid/main amd64 libpng-dev amd64 1.6.37-3 [298 kB]
Get:104 http://127.0.0.1:12990/debian sid/main amd64 libwebp6 amd64 0.6.1-2+b1 [261 kB]
Get:105 http://127.0.0.1:12990/debian sid/main amd64 libtiff5 amd64 4.1.0+git191117-2 [271 kB]
Get:106 http://127.0.0.1:12990/debian sid/main amd64 libtiffxx5 amd64 4.1.0+git191117-2 [117 kB]
Get:107 http://127.0.0.1:12990/debian sid/main amd64 libtiff-dev amd64 4.1.0+git191117-2 [395 kB]
Get:108 http://127.0.0.1:12990/debian sid/main amd64 libtinyxml2.6.2v5 amd64 2.6.2-4 [36.8 kB]
Get:109 http://127.0.0.1:12990/debian sid/main amd64 libtinyxml-dev amd64 2.6.2-4 [52.2 kB]
Get:110 http://127.0.0.1:12990/debian sid/main amd64 libxslt1.1 amd64 1.1.34-4 [239 kB]
Get:111 http://127.0.0.1:12990/debian sid/main amd64 xsltproc amd64 1.1.34-4 [124 kB]
debconf: delaying package configuration, since apt-utils is not installed
Fetched 62.3 MB in 0s (146 MB/s)
Selecting previously unselected package bsdextrautils.
(Reading database ... 14056 files and directories currently installed.)
Preparing to unpack .../000-bsdextrautils_2.36-3+b1_amd64.deb ...
Unpacking bsdextrautils (2.36-3+b1) ...
Selecting previously unselected package libuchardet0:amd64.
Preparing to unpack .../001-libuchardet0_0.0.7-1_amd64.deb ...
Unpacking libuchardet0:amd64 (0.0.7-1) ...
Selecting previously unselected package groff-base.
Preparing to unpack .../002-groff-base_1.22.4-5_amd64.deb ...
Unpacking groff-base (1.22.4-5) ...
Selecting previously unselected package libpipeline1:amd64.
Preparing to unpack .../003-libpipeline1_1.5.3-1_amd64.deb ...
Unpacking libpipeline1:amd64 (1.5.3-1) ...
Selecting previously unselected package man-db.
Preparing to unpack .../004-man-db_2.9.3-2_amd64.deb ...
Unpacking man-db (2.9.3-2) ...
Selecting previously unselected package libsigsegv2:amd64.
Preparing to unpack .../005-libsigsegv2_2.12-2_amd64.deb ...
Unpacking libsigsegv2:amd64 (2.12-2) ...
Selecting previously unselected package m4.
Preparing to unpack .../006-m4_1.4.18-4_amd64.deb ...
Unpacking m4 (1.4.18-4) ...
Selecting previously unselected package flex.
Preparing to unpack .../007-flex_2.6.4-8_amd64.deb ...
Unpacking flex (2.6.4-8) ...
Selecting previously unselected package libncurses6:amd64.
Preparing to unpack .../008-libncurses6_6.2+20200918-1_amd64.deb ...
Unpacking libncurses6:amd64 (6.2+20200918-1) ...
Selecting previously unselected package libncursesw6:amd64.
Preparing to unpack .../009-libncursesw6_6.2+20200918-1_amd64.deb ...
Unpacking libncursesw6:amd64 (6.2+20200918-1) ...
Selecting previously unselected package libprocps8:amd64.
Preparing to unpack .../010-libprocps8_2%3a3.3.16-5_amd64.deb ...
Unpacking libprocps8:amd64 (2:3.3.16-5) ...
Selecting previously unselected package procps.
Preparing to unpack .../011-procps_2%3a3.3.16-5_amd64.deb ...
Unpacking procps (2:3.3.16-5) ...
Selecting previously unselected package sensible-utils.
Preparing to unpack .../012-sensible-utils_0.0.12+nmu1_all.deb ...
Unpacking sensible-utils (0.0.12+nmu1) ...
Selecting previously unselected package libmagic-mgc.
Preparing to unpack .../013-libmagic-mgc_1%3a5.38-5_amd64.deb ...
Unpacking libmagic-mgc (1:5.38-5) ...
Selecting previously unselected package libmagic1:amd64.
Preparing to unpack .../014-libmagic1_1%3a5.38-5_amd64.deb ...
Unpacking libmagic1:amd64 (1:5.38-5) ...
Selecting previously unselected package file.
Preparing to unpack .../015-file_1%3a5.38-5_amd64.deb ...
Unpacking file (1:5.38-5) ...
Selecting previously unselected package gettext-base.
Preparing to unpack .../016-gettext-base_0.19.8.1-10_amd64.deb ...
Unpacking gettext-base (0.19.8.1-10) ...
Selecting previously unselected package autoconf.
Preparing to unpack .../017-autoconf_2.69-11.1_all.deb ...
Unpacking autoconf (2.69-11.1) ...
Selecting previously unselected package autotools-dev.
Preparing to unpack .../018-autotools-dev_20180224.1_all.deb ...
Unpacking autotools-dev (20180224.1) ...
Selecting previously unselected package automake.
Preparing to unpack .../019-automake_1%3a1.16.2-4_all.deb ...
Unpacking automake (1:1.16.2-4) ...
Selecting previously unselected package autopoint.
Preparing to unpack .../020-autopoint_0.19.8.1-10_all.deb ...
Unpacking autopoint (0.19.8.1-10) ...
Selecting previously unselected package bison.
Preparing to unpack .../021-bison_2%3a3.7.3+dfsg-1_amd64.deb ...
Unpacking bison (2:3.7.3+dfsg-1) ...
Selecting previously unselected package cmake-data.
Preparing to unpack .../022-cmake-data_3.18.4-1_all.deb ...
Unpacking cmake-data (3.18.4-1) ...
Selecting previously unselected package libicu67:amd64.
Preparing to unpack .../023-libicu67_67.1-4_amd64.deb ...
Unpacking libicu67:amd64 (67.1-4) ...
Selecting previously unselected package libxml2:amd64.
Preparing to unpack .../024-libxml2_2.9.10+dfsg-6.1_amd64.deb ...
Unpacking libxml2:amd64 (2.9.10+dfsg-6.1) ...
Selecting previously unselected package libarchive13:amd64.
Preparing to unpack .../025-libarchive13_3.4.3-2_amd64.deb ...
Unpacking libarchive13:amd64 (3.4.3-2) ...
Selecting previously unselected package libbrotli1:amd64.
Preparing to unpack .../026-libbrotli1_1.0.9-2+b1_amd64.deb ...
Unpacking libbrotli1:amd64 (1.0.9-2+b1) ...
Selecting previously unselected package libsasl2-modules-db:amd64.
Preparing to unpack .../027-libsasl2-modules-db_2.1.27+dfsg-2_amd64.deb ...
Unpacking libsasl2-modules-db:amd64 (2.1.27+dfsg-2) ...
Selecting previously unselected package libsasl2-2:amd64.
Preparing to unpack .../028-libsasl2-2_2.1.27+dfsg-2_amd64.deb ...
Unpacking libsasl2-2:amd64 (2.1.27+dfsg-2) ...
Selecting previously unselected package libldap-2.4-2:amd64.
Preparing to unpack .../029-libldap-2.4-2_2.4.54+dfsg-1_amd64.deb ...
Unpacking libldap-2.4-2:amd64 (2.4.54+dfsg-1) ...
Selecting previously unselected package libnghttp2-14:amd64.
Preparing to unpack .../030-libnghttp2-14_1.41.0-3_amd64.deb ...
Unpacking libnghttp2-14:amd64 (1.41.0-3) ...
Selecting previously unselected package libpsl5:amd64.
Preparing to unpack .../031-libpsl5_0.21.0-1.1_amd64.deb ...
Unpacking libpsl5:amd64 (0.21.0-1.1) ...
Selecting previously unselected package librtmp1:amd64.
Preparing to unpack .../032-librtmp1_2.4+20151223.gitfa8646d.1-2+b2_amd64.deb ...
Unpacking librtmp1:amd64 (2.4+20151223.gitfa8646d.1-2+b2) ...
Selecting previously unselected package libssh2-1:amd64.
Preparing to unpack .../033-libssh2-1_1.8.0-2.1_amd64.deb ...
Unpacking libssh2-1:amd64 (1.8.0-2.1) ...
Selecting previously unselected package libcurl4:amd64.
Preparing to unpack .../034-libcurl4_7.72.0-1_amd64.deb ...
Unpacking libcurl4:amd64 (7.72.0-1) ...
Selecting previously unselected package libexpat1:amd64.
Preparing to unpack .../035-libexpat1_2.2.10-1_amd64.deb ...
Unpacking libexpat1:amd64 (2.2.10-1) ...
Selecting previously unselected package libjsoncpp1:amd64.
Preparing to unpack .../036-libjsoncpp1_1.7.4-3.1_amd64.deb ...
Unpacking libjsoncpp1:amd64 (1.7.4-3.1) ...
Selecting previously unselected package librhash0:amd64.
Preparing to unpack .../037-librhash0_1.4.0-1_amd64.deb ...
Unpacking librhash0:amd64 (1.4.0-1) ...
Selecting previously unselected package libuv1:amd64.
Preparing to unpack .../038-libuv1_1.39.0-1_amd64.deb ...
Unpacking libuv1:amd64 (1.39.0-1) ...
Selecting previously unselected package cmake.
Preparing to unpack .../039-cmake_3.18.4-1_amd64.deb ...
Unpacking cmake (3.18.4-1) ...
Selecting previously unselected package libtool.
Preparing to unpack .../040-libtool_2.4.6-14_all.deb ...
Unpacking libtool (2.4.6-14) ...
Selecting previously unselected package dh-autoreconf.
Preparing to unpack .../041-dh-autoreconf_19_all.deb ...
Unpacking dh-autoreconf (19) ...
Selecting previously unselected package libdebhelper-perl.
Preparing to unpack .../042-libdebhelper-perl_13.2.1_all.deb ...
Unpacking libdebhelper-perl (13.2.1) ...
Selecting previously unselected package libarchive-zip-perl.
Preparing to unpack .../043-libarchive-zip-perl_1.68-1_all.deb ...
Unpacking libarchive-zip-perl (1.68-1) ...
Selecting previously unselected package libsub-override-perl.
Preparing to unpack .../044-libsub-override-perl_0.09-2_all.deb ...
Unpacking libsub-override-perl (0.09-2) ...
Selecting previously unselected package libfile-stripnondeterminism-perl.
Preparing to unpack .../045-libfile-stripnondeterminism-perl_1.9.0-1_all.deb ...
Unpacking libfile-stripnondeterminism-perl (1.9.0-1) ...
Selecting previously unselected package dh-strip-nondeterminism.
Preparing to unpack .../046-dh-strip-nondeterminism_1.9.0-1_all.deb ...
Unpacking dh-strip-nondeterminism (1.9.0-1) ...
Selecting previously unselected package libelf1:amd64.
Preparing to unpack .../047-libelf1_0.181-1_amd64.deb ...
Unpacking libelf1:amd64 (0.181-1) ...
Selecting previously unselected package dwz.
Preparing to unpack .../048-dwz_0.13-5_amd64.deb ...
Unpacking dwz (0.13-5) ...
Selecting previously unselected package libglib2.0-0:amd64.
Preparing to unpack .../049-libglib2.0-0_2.66.1-2_amd64.deb ...
Unpacking libglib2.0-0:amd64 (2.66.1-2) ...
Selecting previously unselected package libcroco3:amd64.
Preparing to unpack .../050-libcroco3_0.6.13-1_amd64.deb ...
Unpacking libcroco3:amd64 (0.6.13-1) ...
Selecting previously unselected package gettext.
Preparing to unpack .../051-gettext_0.19.8.1-10_amd64.deb ...
Unpacking gettext (0.19.8.1-10) ...
Selecting previously unselected package intltool-debian.
Preparing to unpack .../052-intltool-debian_0.35.0+20060710.5_all.deb ...
Unpacking intltool-debian (0.35.0+20060710.5) ...
Selecting previously unselected package po-debconf.
Preparing to unpack .../053-po-debconf_1.0.21_all.deb ...
Unpacking po-debconf (1.0.21) ...
Selecting previously unselected package debhelper.
Preparing to unpack .../054-debhelper_13.2.1_all.deb ...
Unpacking debhelper (13.2.1) ...
Selecting previously unselected package icu-devtools.
Preparing to unpack .../055-icu-devtools_67.1-4_amd64.deb ...
Unpacking icu-devtools (67.1-4) ...
Selecting previously unselected package libboost1.71-dev:amd64.
Preparing to unpack .../056-libboost1.71-dev_1.71.0-7+b1_amd64.deb ...
Unpacking libboost1.71-dev:amd64 (1.71.0-7+b1) ...
Selecting previously unselected package libboost-atomic1.71.0:amd64.
Preparing to unpack .../057-libboost-atomic1.71.0_1.71.0-7+b1_amd64.deb ...
Unpacking libboost-atomic1.71.0:amd64 (1.71.0-7+b1) ...
Selecting previously unselected package libboost-atomic1.71-dev:amd64.
Preparing to unpack .../058-libboost-atomic1.71-dev_1.71.0-7+b1_amd64.deb ...
Unpacking libboost-atomic1.71-dev:amd64 (1.71.0-7+b1) ...
Selecting previously unselected package libboost-chrono1.71.0:amd64.
Preparing to unpack .../059-libboost-chrono1.71.0_1.71.0-7+b1_amd64.deb ...
Unpacking libboost-chrono1.71.0:amd64 (1.71.0-7+b1) ...
Selecting previously unselected package libboost-chrono1.71-dev:amd64.
Preparing to unpack .../060-libboost-chrono1.71-dev_1.71.0-7+b1_amd64.deb ...
Unpacking libboost-chrono1.71-dev:amd64 (1.71.0-7+b1) ...
Selecting previously unselected package libboost-date-time1.71.0:amd64.
Preparing to unpack .../061-libboost-date-time1.71.0_1.71.0-7+b1_amd64.deb ...
Unpacking libboost-date-time1.71.0:amd64 (1.71.0-7+b1) ...
Selecting previously unselected package libboost-serialization1.71.0:amd64.
Preparing to unpack .../062-libboost-serialization1.71.0_1.71.0-7+b1_amd64.deb ...
Unpacking libboost-serialization1.71.0:amd64 (1.71.0-7+b1) ...
Selecting previously unselected package libboost-serialization1.71-dev:amd64.
Preparing to unpack .../063-libboost-serialization1.71-dev_1.71.0-7+b1_amd64.deb ...
Unpacking libboost-serialization1.71-dev:amd64 (1.71.0-7+b1) ...
Selecting previously unselected package libboost-date-time1.71-dev:amd64.
Preparing to unpack .../064-libboost-date-time1.71-dev_1.71.0-7+b1_amd64.deb ...
Unpacking libboost-date-time1.71-dev:amd64 (1.71.0-7+b1) ...
Selecting previously unselected package libboost-filesystem1.71.0:amd64.
Preparing to unpack .../065-libboost-filesystem1.71.0_1.71.0-7+b1_amd64.deb ...
Unpacking libboost-filesystem1.71.0:amd64 (1.71.0-7+b1) ...
Selecting previously unselected package libboost-system1.71.0:amd64.
Preparing to unpack .../066-libboost-system1.71.0_1.71.0-7+b1_amd64.deb ...
Unpacking libboost-system1.71.0:amd64 (1.71.0-7+b1) ...
Selecting previously unselected package libboost-system1.71-dev:amd64.
Preparing to unpack .../067-libboost-system1.71-dev_1.71.0-7+b1_amd64.deb ...
Unpacking libboost-system1.71-dev:amd64 (1.71.0-7+b1) ...
Selecting previously unselected package libboost-filesystem1.71-dev:amd64.
Preparing to unpack .../068-libboost-filesystem1.71-dev_1.71.0-7+b1_amd64.deb ...
Unpacking libboost-filesystem1.71-dev:amd64 (1.71.0-7+b1) ...
Selecting previously unselected package libboost-filesystem-dev:amd64.
Preparing to unpack .../069-libboost-filesystem-dev_1.71.0.3_amd64.deb ...
Unpacking libboost-filesystem-dev:amd64 (1.71.0.3) ...
Selecting previously unselected package libboost-regex1.71.0:amd64.
Preparing to unpack .../070-libboost-regex1.71.0_1.71.0-7+b1_amd64.deb ...
Unpacking libboost-regex1.71.0:amd64 (1.71.0-7+b1) ...
Selecting previously unselected package libicu-dev:amd64.
Preparing to unpack .../071-libicu-dev_67.1-4_amd64.deb ...
Unpacking libicu-dev:amd64 (67.1-4) ...
Selecting previously unselected package libboost-regex1.71-dev:amd64.
Preparing to unpack .../072-libboost-regex1.71-dev_1.71.0-7+b1_amd64.deb ...
Unpacking libboost-regex1.71-dev:amd64 (1.71.0-7+b1) ...
Selecting previously unselected package libboost-iostreams1.71.0:amd64.
Preparing to unpack .../073-libboost-iostreams1.71.0_1.71.0-7+b1_amd64.deb ...
Unpacking libboost-iostreams1.71.0:amd64 (1.71.0-7+b1) ...
Selecting previously unselected package libboost-iostreams1.71-dev:amd64.
Preparing to unpack .../074-libboost-iostreams1.71-dev_1.71.0-7+b1_amd64.deb ...
Unpacking libboost-iostreams1.71-dev:amd64 (1.71.0-7+b1) ...
Selecting previously unselected package libboost-iostreams-dev:amd64.
Preparing to unpack .../075-libboost-iostreams-dev_1.71.0.3_amd64.deb ...
Unpacking libboost-iostreams-dev:amd64 (1.71.0.3) ...
Selecting previously unselected package libboost-program-options1.71.0:amd64.
Preparing to unpack .../076-libboost-program-options1.71.0_1.71.0-7+b1_amd64.deb ...
Unpacking libboost-program-options1.71.0:amd64 (1.71.0-7+b1) ...
Selecting previously unselected package libboost-program-options1.71-dev:amd64.
Preparing to unpack .../077-libboost-program-options1.71-dev_1.71.0-7+b1_amd64.deb ...
Unpacking libboost-program-options1.71-dev:amd64 (1.71.0-7+b1) ...
Selecting previously unselected package libboost-program-options-dev:amd64.
Preparing to unpack .../078-libboost-program-options-dev_1.71.0.3_amd64.deb ...
Unpacking libboost-program-options-dev:amd64 (1.71.0.3) ...
Selecting previously unselected package libboost-serialization-dev:amd64.
Preparing to unpack .../079-libboost-serialization-dev_1.71.0.3_amd64.deb ...
Unpacking libboost-serialization-dev:amd64 (1.71.0.3) ...
Selecting previously unselected package libboost-test1.71.0:amd64.
Preparing to unpack .../080-libboost-test1.71.0_1.71.0-7+b1_amd64.deb ...
Unpacking libboost-test1.71.0:amd64 (1.71.0-7+b1) ...
Selecting previously unselected package libboost-test1.71-dev:amd64.
Preparing to unpack .../081-libboost-test1.71-dev_1.71.0-7+b1_amd64.deb ...
Unpacking libboost-test1.71-dev:amd64 (1.71.0-7+b1) ...
Selecting previously unselected package libboost-test-dev:amd64.
Preparing to unpack .../082-libboost-test-dev_1.71.0.3_amd64.deb ...
Unpacking libboost-test-dev:amd64 (1.71.0.3) ...
Selecting previously unselected package libboost-thread1.71.0:amd64.
Preparing to unpack .../083-libboost-thread1.71.0_1.71.0-7+b1_amd64.deb ...
Unpacking libboost-thread1.71.0:amd64 (1.71.0-7+b1) ...
Selecting previously unselected package libboost-thread1.71-dev:amd64.
Preparing to unpack .../084-libboost-thread1.71-dev_1.71.0-7+b1_amd64.deb ...
Unpacking libboost-thread1.71-dev:amd64 (1.71.0-7+b1) ...
Selecting previously unselected package libboost-thread-dev:amd64.
Preparing to unpack .../085-libboost-thread-dev_1.71.0.3_amd64.deb ...
Unpacking libboost-thread-dev:amd64 (1.71.0.3) ...
Selecting previously unselected package libboost-wave1.71.0:amd64.
Preparing to unpack .../086-libboost-wave1.71.0_1.71.0-7+b1_amd64.deb ...
Unpacking libboost-wave1.71.0:amd64 (1.71.0-7+b1) ...
Selecting previously unselected package libboost-wave1.71-dev:amd64.
Preparing to unpack .../087-libboost-wave1.71-dev_1.71.0-7+b1_amd64.deb ...
Unpacking libboost-wave1.71-dev:amd64 (1.71.0-7+b1) ...
Selecting previously unselected package libboost-wave-dev:amd64.
Preparing to unpack .../088-libboost-wave-dev_1.71.0.3_amd64.deb ...
Unpacking libboost-wave-dev:amd64 (1.71.0.3) ...
Selecting previously unselected package libilmbase25:amd64.
Preparing to unpack .../089-libilmbase25_2.5.3-2_amd64.deb ...
Unpacking libilmbase25:amd64 (2.5.3-2) ...
Selecting previously unselected package libilmbase-dev:amd64.
Preparing to unpack .../090-libilmbase-dev_2.5.3-2_amd64.deb ...
Unpacking libilmbase-dev:amd64 (2.5.3-2) ...
Selecting previously unselected package libjbig0:amd64.
Preparing to unpack .../091-libjbig0_2.1-3.1+b2_amd64.deb ...
Unpacking libjbig0:amd64 (2.1-3.1+b2) ...
Selecting previously unselected package libjbig-dev:amd64.
Preparing to unpack .../092-libjbig-dev_2.1-3.1+b2_amd64.deb ...
Unpacking libjbig-dev:amd64 (2.1-3.1+b2) ...
Selecting previously unselected package libjpeg62-turbo:amd64.
Preparing to unpack .../093-libjpeg62-turbo_1%3a2.0.5-1.1_amd64.deb ...
Unpacking libjpeg62-turbo:amd64 (1:2.0.5-1.1) ...
Selecting previously unselected package libjpeg62-turbo-dev:amd64.
Preparing to unpack .../094-libjpeg62-turbo-dev_1%3a2.0.5-1.1_amd64.deb ...
Unpacking libjpeg62-turbo-dev:amd64 (1:2.0.5-1.1) ...
Selecting previously unselected package libjpeg-dev.
Preparing to unpack .../095-libjpeg-dev_1%3a2.0.5-1.1_all.deb ...
Unpacking libjpeg-dev (1:2.0.5-1.1) ...
Selecting previously unselected package liblzma-dev:amd64.
Preparing to unpack .../096-liblzma-dev_5.2.4-1+b1_amd64.deb ...
Unpacking liblzma-dev:amd64 (5.2.4-1+b1) ...
Selecting previously unselected package libopenexr25:amd64.
Preparing to unpack .../097-libopenexr25_2.5.3-2_amd64.deb ...
Unpacking libopenexr25:amd64 (2.5.3-2) ...
Selecting previously unselected package libopenexr-dev.
Preparing to unpack .../098-libopenexr-dev_2.5.3-2_amd64.deb ...
Unpacking libopenexr-dev (2.5.3-2) ...
Selecting previously unselected package libpng16-16:amd64.
Preparing to unpack .../099-libpng16-16_1.6.37-3_amd64.deb ...
Unpacking libpng16-16:amd64 (1.6.37-3) ...
Selecting previously unselected package zlib1g-dev:amd64.
Preparing to unpack .../100-zlib1g-dev_1%3a1.2.11.dfsg-2_amd64.deb ...
Unpacking zlib1g-dev:amd64 (1:1.2.11.dfsg-2) ...
Selecting previously unselected package libpng-dev:amd64.
Preparing to unpack .../101-libpng-dev_1.6.37-3_amd64.deb ...
Unpacking libpng-dev:amd64 (1.6.37-3) ...
Selecting previously unselected package libwebp6:amd64.
Preparing to unpack .../102-libwebp6_0.6.1-2+b1_amd64.deb ...
Unpacking libwebp6:amd64 (0.6.1-2+b1) ...
Selecting previously unselected package libtiff5:amd64.
Preparing to unpack .../103-libtiff5_4.1.0+git191117-2_amd64.deb ...
Unpacking libtiff5:amd64 (4.1.0+git191117-2) ...
Selecting previously unselected package libtiffxx5:amd64.
Preparing to unpack .../104-libtiffxx5_4.1.0+git191117-2_amd64.deb ...
Unpacking libtiffxx5:amd64 (4.1.0+git191117-2) ...
Selecting previously unselected package libtiff-dev:amd64.
Preparing to unpack .../105-libtiff-dev_4.1.0+git191117-2_amd64.deb ...
Unpacking libtiff-dev:amd64 (4.1.0+git191117-2) ...
Selecting previously unselected package libtinyxml2.6.2v5:amd64.
Preparing to unpack .../106-libtinyxml2.6.2v5_2.6.2-4_amd64.deb ...
Unpacking libtinyxml2.6.2v5:amd64 (2.6.2-4) ...
Selecting previously unselected package libtinyxml-dev:amd64.
Preparing to unpack .../107-libtinyxml-dev_2.6.2-4_amd64.deb ...
Unpacking libtinyxml-dev:amd64 (2.6.2-4) ...
Selecting previously unselected package libxslt1.1:amd64.
Preparing to unpack .../108-libxslt1.1_1.1.34-4_amd64.deb ...
Unpacking libxslt1.1:amd64 (1.1.34-4) ...
Selecting previously unselected package xsltproc.
Preparing to unpack .../109-xsltproc_1.1.34-4_amd64.deb ...
Unpacking xsltproc (1.1.34-4) ...
Selecting previously unselected package sbuild-build-depends-main-dummy.
Preparing to unpack .../110-sbuild-build-depends-main-dummy_0.invalid.0_amd64.deb ...
Unpacking sbuild-build-depends-main-dummy (0.invalid.0) ...
Setting up libexpat1:amd64 (2.2.10-1) ...
Setting up libpipeline1:amd64 (1.5.3-1) ...
Setting up libpsl5:amd64 (0.21.0-1.1) ...
Setting up bsdextrautils (2.36-3+b1) ...
update-alternatives: using /usr/bin/write.ul to provide /usr/bin/write (write) in auto mode
Setting up libicu67:amd64 (67.1-4) ...
Setting up libmagic-mgc (1:5.38-5) ...
Setting up libarchive-zip-perl (1.68-1) ...
Setting up libglib2.0-0:amd64 (2.66.1-2) ...
No schema files found: doing nothing.
Setting up libdebhelper-perl (13.2.1) ...
Setting up libbrotli1:amd64 (1.0.9-2+b1) ...
Setting up libboost1.71-dev:amd64 (1.71.0-7+b1) ...
Setting up libboost-chrono1.71.0:amd64 (1.71.0-7+b1) ...
Setting up libnghttp2-14:amd64 (1.41.0-3) ...
Setting up libmagic1:amd64 (1:5.38-5) ...
Setting up gettext-base (0.19.8.1-10) ...
Setting up libilmbase25:amd64 (2.5.3-2) ...
Setting up file (1:5.38-5) ...
Setting up libboost-filesystem1.71.0:amd64 (1.71.0-7+b1) ...
Setting up libboost-iostreams1.71.0:amd64 (1.71.0-7+b1) ...
Setting up libjbig0:amd64 (2.1-3.1+b2) ...
Setting up libboost-date-time1.71.0:amd64 (1.71.0-7+b1) ...
Setting up libsasl2-modules-db:amd64 (2.1.27+dfsg-2) ...
Setting up libopenexr25:amd64 (2.5.3-2) ...
Setting up autotools-dev (20180224.1) ...
Setting up libuv1:amd64 (1.39.0-1) ...
Setting up libjpeg62-turbo:amd64 (1:2.0.5-1.1) ...
Setting up libjpeg62-turbo-dev:amd64 (1:2.0.5-1.1) ...
Setting up librtmp1:amd64 (2.4+20151223.gitfa8646d.1-2+b2) ...
Setting up libboost-atomic1.71.0:amd64 (1.71.0-7+b1) ...
Setting up libncurses6:amd64 (6.2+20200918-1) ...
Setting up libsigsegv2:amd64 (2.12-2) ...
Setting up libpng16-16:amd64 (1.6.37-3) ...
Setting up autopoint (0.19.8.1-10) ...
Setting up libwebp6:amd64 (0.6.1-2+b1) ...
Setting up icu-devtools (67.1-4) ...
Setting up libboost-regex1.71.0:amd64 (1.71.0-7+b1) ...
Setting up libncursesw6:amd64 (6.2+20200918-1) ...
Setting up libtinyxml2.6.2v5:amd64 (2.6.2-4) ...
Setting up libsasl2-2:amd64 (2.1.27+dfsg-2) ...
Setting up liblzma-dev:amd64 (5.2.4-1+b1) ...
Setting up zlib1g-dev:amd64 (1:1.2.11.dfsg-2) ...
Setting up sensible-utils (0.0.12+nmu1) ...
Setting up libboost-test1.71.0:amd64 (1.71.0-7+b1) ...
Setting up librhash0:amd64 (1.4.0-1) ...
Setting up libuchardet0:amd64 (0.0.7-1) ...
Setting up libboost-thread1.71.0:amd64 (1.71.0-7+b1) ...
Setting up libsub-override-perl (0.09-2) ...
Setting up libssh2-1:amd64 (1.8.0-2.1) ...
Setting up libboost-serialization1.71.0:amd64 (1.71.0-7+b1) ...
Setting up cmake-data (3.18.4-1) ...
Setting up libboost-system1.71.0:amd64 (1.71.0-7+b1) ...
Setting up libboost-atomic1.71-dev:amd64 (1.71.0-7+b1) ...
Setting up libtiff5:amd64 (4.1.0+git191117-2) ...
Setting up libboost-wave1.71.0:amd64 (1.71.0-7+b1) ...
Setting up libelf1:amd64 (0.181-1) ...
Setting up libicu-dev:amd64 (67.1-4) ...
Setting up libxml2:amd64 (2.9.10+dfsg-6.1) ...
Setting up libprocps8:amd64 (2:3.3.16-5) ...
Setting up libilmbase-dev:amd64 (2.5.3-2) ...
Setting up libjsoncpp1:amd64 (1.7.4-3.1) ...
Setting up libtiffxx5:amd64 (4.1.0+git191117-2) ...
Setting up libboost-program-options1.71.0:amd64 (1.71.0-7+b1) ...
Setting up libfile-stripnondeterminism-perl (1.9.0-1) ...
Setting up libboost-program-options1.71-dev:amd64 (1.71.0-7+b1) ...
Setting up libboost-chrono1.71-dev:amd64 (1.71.0-7+b1) ...
Setting up libtool (2.4.6-14) ...
Setting up libarchive13:amd64 (3.4.3-2) ...
Setting up libtinyxml-dev:amd64 (2.6.2-4) ...
Setting up libpng-dev:amd64 (1.6.37-3) ...
Setting up libjpeg-dev (1:2.0.5-1.1) ...
Setting up libjbig-dev:amd64 (2.1-3.1+b2) ...
Setting up libldap-2.4-2:amd64 (2.4.54+dfsg-1) ...
Setting up m4 (1.4.18-4) ...
Setting up libboost-system1.71-dev:amd64 (1.71.0-7+b1) ...
Setting up libboost-test1.71-dev:amd64 (1.71.0-7+b1) ...
Setting up libopenexr-dev (2.5.3-2) ...
Setting up libboost-program-options-dev:amd64 (1.71.0.3) ...
Setting up libtiff-dev:amd64 (4.1.0+git191117-2) ...
Setting up libboost-filesystem1.71-dev:amd64 (1.71.0-7+b1) ...
Setting up libboost-regex1.71-dev:amd64 (1.71.0-7+b1) ...
Setting up libcroco3:amd64 (0.6.13-1) ...
Setting up libboost-serialization1.71-dev:amd64 (1.71.0-7+b1) ...
Setting up libboost-serialization-dev:amd64 (1.71.0.3) ...
Setting up autoconf (2.69-11.1) ...
Setting up dh-strip-nondeterminism (1.9.0-1) ...
Setting up dwz (0.13-5) ...
Setting up libboost-date-time1.71-dev:amd64 (1.71.0-7+b1) ...
Setting up groff-base (1.22.4-5) ...
Setting up procps (2:3.3.16-5) ...
update-alternatives: using /usr/bin/w.procps to provide /usr/bin/w (w) in auto mode
Setting up libxslt1.1:amd64 (1.1.34-4) ...
Setting up bison (2:3.7.3+dfsg-1) ...
update-alternatives: using /usr/bin/bison.yacc to provide /usr/bin/yacc (yacc) in auto mode
Setting up libcurl4:amd64 (7.72.0-1) ...
Setting up libboost-filesystem-dev:amd64 (1.71.0.3) ...
Setting up libboost-iostreams1.71-dev:amd64 (1.71.0-7+b1) ...
Setting up automake (1:1.16.2-4) ...
update-alternatives: using /usr/bin/automake-1.16 to provide /usr/bin/automake (automake) in auto mode
Setting up flex (2.6.4-8) ...
Setting up gettext (0.19.8.1-10) ...
Setting up libboost-thread1.71-dev:amd64 (1.71.0-7+b1) ...
Setting up xsltproc (1.1.34-4) ...
Setting up libboost-wave1.71-dev:amd64 (1.71.0-7+b1) ...
Setting up libboost-wave-dev:amd64 (1.71.0.3) ...
Setting up libboost-iostreams-dev:amd64 (1.71.0.3) ...
Setting up man-db (2.9.3-2) ...
Not building database; man-db/auto-update is not 'true'.
Setting up intltool-debian (0.35.0+20060710.5) ...
Setting up libboost-test-dev:amd64 (1.71.0.3) ...
Setting up cmake (3.18.4-1) ...
Setting up libboost-thread-dev:amd64 (1.71.0.3) ...
Setting up po-debconf (1.0.21) ...
Setting up debhelper (13.2.1) ...
Setting up dh-autoreconf (19) ...
Setting up sbuild-build-depends-main-dummy (0.invalid.0) ...
Processing triggers for libc-bin (2.31-4) ...

+------------------------------------------------------------------------------+
| Check architectures                                                          |
+------------------------------------------------------------------------------+

Arch check ok (amd64 included in any all)

+------------------------------------------------------------------------------+
| Build environment                                                            |
+------------------------------------------------------------------------------+

Kernel: Linux 4.19.0-6-cloud-amd64 #1 SMP Debian 4.19.67-2+deb10u2 (2019-11-11) amd64 (x86_64)
Toolchain package versions: binutils_2.35.1-2 dpkg-dev_1.20.5 g++-10_10.2.0-15 gcc-10_10.2.0-15 libc6-dev_2.31-4 libstdc++-10-dev_10.2.0-15 libstdc++6_10.2.0-15 linux-libc-dev_5.9.1-1
Package versions: adduser_3.118 apt_2.1.11 autoconf_2.69-11.1 automake_1:1.16.2-4 autopoint_0.19.8.1-10 autotools-dev_20180224.1 base-files_11 base-passwd_3.5.48 bash_5.1~rc1-2 binutils_2.35.1-2 binutils-common_2.35.1-2 binutils-x86-64-linux-gnu_2.35.1-2 bison_2:3.7.3+dfsg-1 bsdextrautils_2.36-3+b1 bsdutils_1:2.36-3+b1 build-essential_12.8 bzip2_1.0.8-4 clang-10_1:10.0.1-7 cmake_3.18.4-1 cmake-data_3.18.4-1 coreutils_8.32-4+b1 cpp_4:10.2.0-1 cpp-10_10.2.0-15 dash_0.5.10.2-7 debconf_1.5.74 debhelper_13.2.1 debian-archive-keyring_2019.1 debianutils_4.11.2 dh-autoreconf_19 dh-strip-nondeterminism_1.9.0-1 diffutils_1:3.7-3 dpkg_1.20.5 dpkg-dev_1.20.5 dwz_0.13-5 e2fsprogs_1.45.6-1 fakeroot_1.25.3-1 file_1:5.38-5 findutils_4.7.0+git20201010-2 flex_2.6.4-8 g++_4:10.2.0-1 g++-10_10.2.0-15 gcc_4:10.2.0-1 gcc-10_10.2.0-15 gcc-10-base_10.2.0-15 gcc-9-base_9.3.0-18 gettext_0.19.8.1-10 gettext-base_0.19.8.1-10 gpgv_2.2.20-1 grep_3.4-1 groff-base_1.22.4-5 gzip_1.10-2 hostname_3.23 icu-devtools_67.1-4 init-system-helpers_1.58 intltool-debian_0.35.0+20060710.5 lib32gcc-s1_10.2.0-15 lib32stdc++6_10.2.0-15 libacl1_2.2.53-8 libapt-pkg6.0_2.1.11 libarchive-zip-perl_1.68-1 libarchive13_3.4.3-2 libasan5_9.3.0-18 libasan6_10.2.0-15 libatomic1_10.2.0-15 libattr1_1:2.4.48-5 libaudit-common_1:2.8.5-3.1 libaudit1_1:2.8.5-3.1 libbinutils_2.35.1-2 libblkid1_2.36-3+b1 libboost-atomic1.71-dev_1.71.0-7+b1 libboost-atomic1.71.0_1.71.0-7+b1 libboost-chrono1.71-dev_1.71.0-7+b1 libboost-chrono1.71.0_1.71.0-7+b1 libboost-date-time1.71-dev_1.71.0-7+b1 libboost-date-time1.71.0_1.71.0-7+b1 libboost-filesystem-dev_1.71.0.3 libboost-filesystem1.71-dev_1.71.0-7+b1 libboost-filesystem1.71.0_1.71.0-7+b1 libboost-iostreams-dev_1.71.0.3 libboost-iostreams1.71-dev_1.71.0-7+b1 libboost-iostreams1.71.0_1.71.0-7+b1 libboost-program-options-dev_1.71.0.3 libboost-program-options1.71-dev_1.71.0-7+b1 libboost-program-options1.71.0_1.71.0-7+b1 libboost-regex1.71-dev_1.71.0-7+b1 libboost-regex1.71.0_1.71.0-7+b1 libboost-serialization-dev_1.71.0.3 libboost-serialization1.71-dev_1.71.0-7+b1 libboost-serialization1.71.0_1.71.0-7+b1 libboost-system1.71-dev_1.71.0-7+b1 libboost-system1.71.0_1.71.0-7+b1 libboost-test-dev_1.71.0.3 libboost-test1.71-dev_1.71.0-7+b1 libboost-test1.71.0_1.71.0-7+b1 libboost-thread-dev_1.71.0.3 libboost-thread1.71-dev_1.71.0-7+b1 libboost-thread1.71.0_1.71.0-7+b1 libboost-wave-dev_1.71.0.3 libboost-wave1.71-dev_1.71.0-7+b1 libboost-wave1.71.0_1.71.0-7+b1 libboost1.71-dev_1.71.0-7+b1 libbrotli1_1.0.9-2+b1 libbsd0_0.10.0-1 libbz2-1.0_1.0.8-4 libc-bin_2.31-4 libc-dev-bin_2.31-4 libc6_2.31-4 libc6-dev_2.31-4 libc6-i386_2.31-4 libcap-ng0_0.7.9-2.2 libcc1-0_10.2.0-15 libclang-common-10-dev_1:10.0.1-7 libclang-cpp10_1:10.0.1-7 libclang1-10_1:10.0.1-7 libcom-err2_1.45.6-1 libcroco3_0.6.13-1 libcrypt-dev_1:4.4.17-1 libcrypt1_1:4.4.17-1 libctf-nobfd0_2.35.1-2 libctf0_2.35.1-2 libcurl4_7.72.0-1 libdb5.3_5.3.28+dfsg1-0.6 libdebconfclient0_0.255 libdebhelper-perl_13.2.1 libdpkg-perl_1.20.5 libedit2_3.1-20191231-1 libelf1_0.181-1 libexpat1_2.2.10-1 libext2fs2_1.45.6-1 libfakeroot_1.25.3-1 libffi7_3.3-4 libfile-stripnondeterminism-perl_1.9.0-1 libgc1_1:8.0.4-2.1 libgcc-10-dev_10.2.0-15 libgcc-9-dev_9.3.0-18 libgcc-s1_10.2.0-15 libgcrypt20_1.8.7-2 libgdbm-compat4_1.18.1-5.1 libgdbm6_1.18.1-5.1 libglib2.0-0_2.66.1-2 libgmp10_2:6.2.0+dfsg-6 libgnutls30_3.6.15-4 libgomp1_10.2.0-15 libgpg-error0_1.38-2 libgssapi-krb5-2_1.17-10 libhogweed6_3.6-2 libicu-dev_67.1-4 libicu67_67.1-4 libidn2-0_2.3.0-1 libilmbase-dev_2.5.3-2 libilmbase25_2.5.3-2 libisl22_0.22.1-1 libitm1_10.2.0-15 libjbig-dev_2.1-3.1+b2 libjbig0_2.1-3.1+b2 libjpeg-dev_1:2.0.5-1.1 libjpeg62-turbo_1:2.0.5-1.1 libjpeg62-turbo-dev_1:2.0.5-1.1 libjsoncpp1_1.7.4-3.1 libk5crypto3_1.17-10 libkeyutils1_1.6.1-2 libkrb5-3_1.17-10 libkrb5support0_1.17-10 libldap-2.4-2_2.4.54+dfsg-1 libllvm10_1:10.0.1-7 liblsan0_10.2.0-15 liblz4-1_1.9.2-2 liblzma-dev_5.2.4-1+b1 liblzma5_5.2.4-1+b1 libmagic-mgc_1:5.38-5 libmagic1_1:5.38-5 libmount1_2.36-3+b1 libmpc3_1.2.0-1 libmpfr6_4.1.0-3 libncurses6_6.2+20200918-1 libncursesw6_6.2+20200918-1 libnettle8_3.6-2 libnghttp2-14_1.41.0-3 libnsl-dev_1.3.0-2 libnsl2_1.3.0-2 libnss-nis_3.1-4 libnss-nisplus_1.3-4 libobjc-10-dev_10.2.0-15 libobjc-9-dev_9.3.0-18 libobjc4_10.2.0-15 libomp-10-dev_1:10.0.1-7 libomp5-10_1:10.0.1-7 libopenexr-dev_2.5.3-2 libopenexr25_2.5.3-2 libp11-kit0_0.23.21-2 libpam-modules_1.3.1-5 libpam-modules-bin_1.3.1-5 libpam-runtime_1.3.1-5 libpam0g_1.3.1-5 libpcre2-8-0_10.34-7 libpcre3_2:8.39-13 libperl5.30_5.30.3-4 libpipeline1_1.5.3-1 libpng-dev_1.6.37-3 libpng16-16_1.6.37-3 libprocps8_2:3.3.16-5 libpsl5_0.21.0-1.1 libquadmath0_10.2.0-15 librhash0_1.4.0-1 librtmp1_2.4+20151223.gitfa8646d.1-2+b2 libsasl2-2_2.1.27+dfsg-2 libsasl2-modules-db_2.1.27+dfsg-2 libseccomp2_2.4.4-1+b1 libselinux1_3.1-2+b1 libsemanage-common_3.1-1 libsemanage1_3.1-1+b1 libsepol1_3.1-1 libsigsegv2_2.12-2 libsmartcols1_2.36-3+b1 libss2_1.45.6-1 libssh2-1_1.8.0-2.1 libssl1.1_1.1.1h-1 libstdc++-10-dev_10.2.0-15 libstdc++6_10.2.0-15 libsub-override-perl_0.09-2 libsystemd0_246.6-2 libtasn1-6_4.16.0-2 libtiff-dev_4.1.0+git191117-2 libtiff5_4.1.0+git191117-2 libtiffxx5_4.1.0+git191117-2 libtinfo6_6.2+20200918-1 libtinyxml-dev_2.6.2-4 libtinyxml2.6.2v5_2.6.2-4 libtirpc-common_1.2.6-3 libtirpc-dev_1.2.6-3 libtirpc3_1.2.6-3 libtool_2.4.6-14 libtsan0_10.2.0-15 libubsan1_10.2.0-15 libuchardet0_0.0.7-1 libudev1_246.6-2 libunistring2_0.9.10-4 libuuid1_2.36-3+b1 libuv1_1.39.0-1 libwebp6_0.6.1-2+b1 libxml2_2.9.10+dfsg-6.1 libxslt1.1_1.1.34-4 libz3-4_4.8.9-1 libzstd1_1.4.5+dfsg-4 linux-libc-dev_5.9.1-1 login_1:4.8.1-1 logsave_1.45.6-1 lsb-base_11.1.0 m4_1.4.18-4 make_4.3-4 man-db_2.9.3-2 mawk_1.3.4.20200120-2 mount_2.36-3+b1 ncurses-base_6.2+20200918-1 ncurses-bin_6.2+20200918-1 passwd_1:4.8.1-1 patch_2.7.6-6 perl_5.30.3-4 perl-base_5.30.3-4 perl-modules-5.30_5.30.3-4 po-debconf_1.0.21 procps_2:3.3.16-5 qt5-qmake_5.14.2+dfsg-6 qt5-qmake-bin_5.14.2+dfsg-6 qtchooser_66-2 sbuild-build-depends-main-dummy_0.invalid.0 sed_4.7-1 sensible-utils_0.0.12+nmu1 sysvinit-utils_2.96-5 tar_1.30+dfsg-7 tzdata_2020d-1 util-linux_2.36-3+b1 xsltproc_1.1.34-4 xz-utils_5.2.4-1+b1 zlib1g_1:1.2.11.dfsg-2 zlib1g-dev_1:1.2.11.dfsg-2

+------------------------------------------------------------------------------+
| Build                                                                        |
+------------------------------------------------------------------------------+


Unpack source
-------------

-----BEGIN PGP SIGNED MESSAGE-----
Hash: SHA512

Format: 3.0 (quilt)
Source: aqsis
Binary: aqsis, aqsis-examples, libaqsis1, libaqsis-dev
Architecture: any all
Version: 1.8.2-12
Maintainer: Manuel A. Fernandez Montecelo <mafm@debian.org>
Homepage: http://www.aqsis.org/
Standards-Version: 4.5.0
Vcs-Browser: https://salsa.debian.org/debian/aqsis
Vcs-Git: https://salsa.debian.org/debian/aqsis.git
Testsuite: autopkgtest
Build-Depends: debhelper (>= 11~), cmake (>= 2.6.3), flex (>= 2.5.35), bison (>= 1.35), libtiff-dev, libjpeg-dev, libpng-dev, libopenexr-dev, libilmbase-dev, libboost-filesystem-dev (>= 1.42), libboost-iostreams-dev (>= 1.42), libboost-program-options-dev (>= 1.42), libboost-wave-dev (>= 1.42), libboost-serialization-dev (>= 1.42), libboost-test-dev (>= 1.42), libboost-thread-dev (>= 1.42), libtinyxml-dev (>= 2.5), xsltproc
Package-List:
 aqsis deb graphics optional arch=any
 aqsis-examples deb graphics optional arch=all
 libaqsis-dev deb libdevel optional arch=any
 libaqsis1 deb libs optional arch=any
Checksums-Sha1:
 9b4489f1f109d1edc047526c195fadf7944109ea 4799504 aqsis_1.8.2.orig.tar.xz
 ddd3ff892e38e2059269d13ca16438ca72242372 16724 aqsis_1.8.2-12.debian.tar.xz
Checksums-Sha256:
 32639ea814e7a2492d9a46319cd2b268d1452d33d55ceeeadaefc234ffb6ae76 4799504 aqsis_1.8.2.orig.tar.xz
 ca13a55de14825fc6764b3794f0993bed1f6d7d384ee2982f214168c7b9b61f1 16724 aqsis_1.8.2-12.debian.tar.xz
Files:
 b42149219bdd2569c32e8a6c8dcd4d29 4799504 aqsis_1.8.2.orig.tar.xz
 3afe9543ecd722ee7d8773f17fcff372 16724 aqsis_1.8.2-12.debian.tar.xz

-----BEGIN PGP SIGNATURE-----

iQJEBAEBCgAuFiEEKo6AUFxIYphDDdCTf3YGpEXcqA4FAl5IFQIQHG1hZm1AZGVi
aWFuLm9yZwAKCRB/dgakRdyoDnQFD/90oji40QXD4ui9bA8JFjTn5QA/Q6aerUV2
EJ9K1KuoIFD9peX1YXH/B9dfUIXnfZ5o82aVCCfZoM+usOKGuZLMlblXb+aapJ/w
o43q1EuVucdrDN1xv4b2bEF/gb3M3NKpSZk6saOtdK4Sm7o9CxrD77YrVkn6ZcUK
Mz4mt2em900cFI21YHkG+PnLaQ+KZ4tAJYk/FL7WTCbTMGAhbOpgJPzFLAKNmVra
OzXriUi7b5+Vsx/cwPtMZjnjZVGeFZoUft6bog+C9oPaV1vMwXdjeTbmyBdrR9kj
wmPobz9U3Su2KzrB4xULVuMxff5b4L4SWxXVJfsd2Aka6P5jPCc0Kd/7leQwJYOG
a3GAaMm0Mo9vAVlipHtQxNFR9/ptLNBycCL535es62CMFunLs5Qin4YOXz/3nfpf
zYE35YAos37oCjfFFskasWZE1arqLEo4Im4TGtAk/Vpg8kAz5dPwihhOabikbnVd
9Latf5h+qf1nEmjfHP2Gvb3Tk+7l1Y+ngNpw2WJ3VqCN7PRFS0ZZmJT0Dp/ksJPA
QtPGMz86A6TCktbQlEmQC4lci73sfQbrI5cZEMZZtDUtD7IWCfZeDTzMEc55AcEx
/8lA6N79T0xWS4oBLEHFutdhBHvI8RDWHPq15ikkD4FhyijHKD+S2ES5gZSS2oyG
uC+zrBfsfw==
=8zNU
-----END PGP SIGNATURE-----

gpgv: unknown type of key resource 'trustedkeys.kbx'
gpgv: keyblock resource '/tmp/dpkg-verify-sig.abj74C_8/trustedkeys.kbx': General error
gpgv: Signature made Sat Feb 15 15:57:54 2020 UTC
gpgv:                using RSA key 2A8E80505C486298430DD0937F7606A445DCA80E
gpgv:                issuer "mafm@debian.org"
gpgv: Can't check signature: No public key
dpkg-source: warning: failed to verify signature on ./aqsis_1.8.2-12.dsc
dpkg-source: info: extracting aqsis in /<<PKGBUILDDIR>>
dpkg-source: info: unpacking aqsis_1.8.2.orig.tar.xz
dpkg-source: info: unpacking aqsis_1.8.2-12.debian.tar.xz
dpkg-source: info: using patch list from debian/patches/series
dpkg-source: info: applying fix-ftbfs-qt4-moc.patch
dpkg-source: info: applying bug_ftbfs_811840.patch
dpkg-source: info: applying 0001-Fix_FTBFS_against_OpenEXR.patch
dpkg-source: info: applying missing-include.patch

Check disk space
----------------

Sufficient free space for build

User Environment
----------------

APT_CONFIG=/var/lib/sbuild/apt.conf
HOME=/sbuild-nonexistent
LANG=C.UTF-8
LC_ALL=C.UTF-8
LOGNAME=user42
PATH=/usr/local/sbin:/usr/local/bin:/usr/sbin:/usr/bin:/sbin:/bin:/usr/games
SCHROOT_ALIAS_NAME=unstable
SCHROOT_CHROOT_NAME=sid-amd64-sbuild
SCHROOT_COMMAND=env
SCHROOT_GID=1001
SCHROOT_GROUP=user42
SCHROOT_SESSION_ID=sid-amd64-sbuild-2a10d158-5d6b-46ca-9c47-eb82b1335e9a
SCHROOT_UID=1001
SCHROOT_USER=user42
SHELL=/bin/sh
USER=user42

dpkg-buildpackage
-----------------

Command: dpkg-buildpackage -us -uc -b -rfakeroot
dpkg-buildpackage: info: source package aqsis
dpkg-buildpackage: info: source version 1.8.2-12
dpkg-buildpackage: info: source distribution unstable
dpkg-buildpackage: info: source changed by Manuel A. Fernandez Montecelo <mafm@debian.org>
 dpkg-source --before-build .
dpkg-buildpackage: info: host architecture amd64
 debian/rules clean
dh clean --buildsystem=cmake
   dh_auto_clean -O--buildsystem=cmake
   dh_autoreconf_clean -O--buildsystem=cmake
   dh_clean -O--buildsystem=cmake
 debian/rules binary
dh binary --buildsystem=cmake
   dh_update_autotools_config -O--buildsystem=cmake
   dh_autoreconf -O--buildsystem=cmake
   debian/rules override_dh_auto_configure
make[1]: Entering directory '/<<PKGBUILDDIR>>'
dh_auto_configure -- \
	-DSYSCONFDIR=/etc/aqsis \
	-DAQSIS_USE_EXTERNAL_TINYXML:BOOL=ON \
	-DAQSIS_USE_PDIFF:BOOL=OFF \
	-DAQSIS_USE_RPATH:BOOL=OFF
	cd obj-x86_64-linux-gnu && cmake -DCMAKE_INSTALL_PREFIX=/usr -DCMAKE_BUILD_TYPE=None -DCMAKE_INSTALL_SYSCONFDIR=/etc -DCMAKE_INSTALL_LOCALSTATEDIR=/var -DCMAKE_EXPORT_NO_PACKAGE_REGISTRY=ON -DCMAKE_FIND_PACKAGE_NO_PACKAGE_REGISTRY=ON -DCMAKE_INSTALL_RUNSTATEDIR=/run "-GUnix Makefiles" -DCMAKE_VERBOSE_MAKEFILE=ON -DCMAKE_INSTALL_LIBDIR=lib/x86_64-linux-gnu -DSYSCONFDIR=/etc/aqsis -DAQSIS_USE_EXTERNAL_TINYXML:BOOL=ON -DAQSIS_USE_PDIFF:BOOL=OFF -DAQSIS_USE_RPATH:BOOL=OFF ..
-- The C compiler identification is Clang 10.0.1
-- The CXX compiler identification is Clang 10.0.1
-- Detecting C compiler ABI info
-- Detecting C compiler ABI info - done
-- Check for working C compiler: /usr/bin/cc - skipped
-- Detecting C compile features
-- Detecting C compile features - done
-- Detecting CXX compiler ABI info
-- Detecting CXX compiler ABI info - done
-- Check for working CXX compiler: /usr/bin/c++ - skipped
-- Detecting CXX compile features
-- Detecting CXX compile features - done
-- Found Boost: /usr/lib/x86_64-linux-gnu/cmake/Boost-1.71.0/BoostConfig.cmake (found suitable version "1.71.0", minimum required is "1.34.1")  
-- Found Boost: /usr/lib/x86_64-linux-gnu/cmake/Boost-1.71.0/BoostConfig.cmake (found suitable version "1.71.0", minimum required is "1.34.1") found components: filesystem iostreams wave unit_test_framework thread regex system program_options 
qmake: could not find a Qt installation of ''
-- Found unsuitable Qt version "" from NOTFOUND
** Qt4 not found - building without aqsis GUI tools
-- Could NOT find LATEX (missing: LATEX_COMPILER) 
-- Found Sphinx: AQSIS_SPHINX_EXECUTABLE-NOTFOUND
-- Could NOT find Doxygen (missing: DOXYGEN_EXECUTABLE) 
** Cannot find Sphinx - building without generating relevant documentation
** Cannot find Doxygen - building without generating relevant documentation
-- Looking for include file stdint.h
-- Looking for include file stdint.h - found
CMake Warning (dev) at cmake/UtilMacros.cmake:160 (get_target_property):
  Policy CMP0026 is not set: Disallow use of the LOCATION target property.
  Run "cmake --help-policy CMP0026" for policy details.  Use the cmake_policy
  command to set the policy and suppress this warning.

  The LOCATION property should not be read from target "aqsis_math".  Use the
  target name directly with add_custom_command, or use the generator
  expression $<TARGET_FILE>, as appropriate.

Call Stack (most recent call first):
  libs/math/CMakeLists.txt:28 (aqsis_add_library)
This warning is for project developers.  Use -Wno-dev to suppress it.

CMake Warning (dev) at cmake/UtilMacros.cmake:160 (get_target_property):
  Policy CMP0026 is not set: Disallow use of the LOCATION target property.
  Run "cmake --help-policy CMP0026" for policy details.  Use the cmake_policy
  command to set the policy and suppress this warning.

  The LOCATION property should not be read from target "aqsis_util".  Use the
  target name directly with add_custom_command, or use the generator
  expression $<TARGET_FILE>, as appropriate.

Call Stack (most recent call first):
  libs/util/CMakeLists.txt:48 (aqsis_add_library)
This warning is for project developers.  Use -Wno-dev to suppress it.

CMake Warning (dev) at cmake/UtilMacros.cmake:160 (get_target_property):
  Policy CMP0026 is not set: Disallow use of the LOCATION target property.
  Run "cmake --help-policy CMP0026" for policy details.  Use the cmake_policy
  command to set the policy and suppress this warning.

  The LOCATION property should not be read from target "aqsis_riutil".  Use
  the target name directly with add_custom_command, or use the generator
  expression $<TARGET_FILE>, as appropriate.

Call Stack (most recent call first):
  libs/riutil/CMakeLists.txt:46 (aqsis_add_library)
This warning is for project developers.  Use -Wno-dev to suppress it.

CMake Warning (dev) at cmake/UtilMacros.cmake:160 (get_target_property):
  Policy CMP0026 is not set: Disallow use of the LOCATION target property.
  Run "cmake --help-policy CMP0026" for policy details.  Use the cmake_policy
  command to set the policy and suppress this warning.

  The LOCATION property should not be read from target "aqsis_slcomp".  Use
  the target name directly with add_custom_command, or use the generator
  expression $<TARGET_FILE>, as appropriate.

Call Stack (most recent call first):
  libs/slcomp/CMakeLists.txt:8 (aqsis_add_library)
This warning is for project developers.  Use -Wno-dev to suppress it.

CMake Warning (dev) at cmake/UtilMacros.cmake:160 (get_target_property):
  Policy CMP0026 is not set: Disallow use of the LOCATION target property.
  Run "cmake --help-policy CMP0026" for policy details.  Use the cmake_policy
  command to set the policy and suppress this warning.

  The LOCATION property should not be read from target "aqsis_tex".  Use the
  target name directly with add_custom_command, or use the generator
  expression $<TARGET_FILE>, as appropriate.

Call Stack (most recent call first):
  libs/tex/CMakeLists.txt:33 (aqsis_add_library)
This warning is for project developers.  Use -Wno-dev to suppress it.

CMake Warning (dev) at cmake/UtilMacros.cmake:160 (get_target_property):
  Policy CMP0026 is not set: Disallow use of the LOCATION target property.
  Run "cmake --help-policy CMP0026" for policy details.  Use the cmake_policy
  command to set the policy and suppress this warning.

  The LOCATION property should not be read from target "aqsis_shadervm".  Use
  the target name directly with add_custom_command, or use the generator
  expression $<TARGET_FILE>, as appropriate.

Call Stack (most recent call first):
  libs/shadervm/CMakeLists.txt:38 (aqsis_add_library)
This warning is for project developers.  Use -Wno-dev to suppress it.

CMake Warning (dev) at cmake/UtilMacros.cmake:160 (get_target_property):
  Policy CMP0026 is not set: Disallow use of the LOCATION target property.
  Run "cmake --help-policy CMP0026" for policy details.  Use the cmake_policy
  command to set the policy and suppress this warning.

  The LOCATION property should not be read from target "aqsis_slxargs".  Use
  the target name directly with add_custom_command, or use the generator
  expression $<TARGET_FILE>, as appropriate.

Call Stack (most recent call first):
  libs/slxargs/CMakeLists.txt:8 (aqsis_add_library)
This warning is for project developers.  Use -Wno-dev to suppress it.

CMake Warning (dev) at cmake/UtilMacros.cmake:160 (get_target_property):
  Policy CMP0026 is not set: Disallow use of the LOCATION target property.
  Run "cmake --help-policy CMP0026" for policy details.  Use the cmake_policy
  command to set the policy and suppress this warning.

  The LOCATION property should not be read from target "aqsis_ri2rib".  Use
  the target name directly with add_custom_command, or use the generator
  expression $<TARGET_FILE>, as appropriate.

Call Stack (most recent call first):
  libs/ri2rib/CMakeLists.txt:9 (aqsis_add_library)
This warning is for project developers.  Use -Wno-dev to suppress it.

CMake Warning (dev) at cmake/UtilMacros.cmake:160 (get_target_property):
  Policy CMP0026 is not set: Disallow use of the LOCATION target property.
  Run "cmake --help-policy CMP0026" for policy details.  Use the cmake_policy
  command to set the policy and suppress this warning.

  The LOCATION property should not be read from target "aqsis_core".  Use the
  target name directly with add_custom_command, or use the generator
  expression $<TARGET_FILE>, as appropriate.

Call Stack (most recent call first):
  libs/core/CMakeLists.txt:114 (aqsis_add_library)
This warning is for project developers.  Use -Wno-dev to suppress it.

CMake Warning (dev) at cmake/UtilMacros.cmake:160 (get_target_property):
  Policy CMP0026 is not set: Disallow use of the LOCATION target property.
  Run "cmake --help-policy CMP0026" for policy details.  Use the cmake_policy
  command to set the policy and suppress this warning.

  The LOCATION property should not be read from target "exr_dspy".  Use the
  target name directly with add_custom_command, or use the generator
  expression $<TARGET_FILE>, as appropriate.

Call Stack (most recent call first):
  tools/displays/CMakeLists.txt:6 (aqsis_add_library)
  tools/displays/exr/CMakeLists.txt:5 (aqsis_add_display)
This warning is for project developers.  Use -Wno-dev to suppress it.

CMake Warning (dev) at tools/displays/CMakeLists.txt:7 (get_target_property):
  Policy CMP0026 is not set: Disallow use of the LOCATION target property.
  Run "cmake --help-policy CMP0026" for policy details.  Use the cmake_policy
  command to set the policy and suppress this warning.

  The LOCATION property should not be read from target "exr_dspy".  Use the
  target name directly with add_custom_command, or use the generator
  expression $<TARGET_FILE>, as appropriate.

Call Stack (most recent call first):
  tools/displays/exr/CMakeLists.txt:5 (aqsis_add_display)
This warning is for project developers.  Use -Wno-dev to suppress it.

CMake Warning (dev) at cmake/UtilMacros.cmake:160 (get_target_property):
  Policy CMP0026 is not set: Disallow use of the LOCATION target property.
  Run "cmake --help-policy CMP0026" for policy details.  Use the cmake_policy
  command to set the policy and suppress this warning.

  The LOCATION property should not be read from target "file_dspy".  Use the
  target name directly with add_custom_command, or use the generator
  expression $<TARGET_FILE>, as appropriate.

Call Stack (most recent call first):
  tools/displays/CMakeLists.txt:6 (aqsis_add_library)
  tools/displays/file/CMakeLists.txt:5 (aqsis_add_display)
This warning is for project developers.  Use -Wno-dev to suppress it.

CMake Warning (dev) at tools/displays/CMakeLists.txt:7 (get_target_property):
  Policy CMP0026 is not set: Disallow use of the LOCATION target property.
  Run "cmake --help-policy CMP0026" for policy details.  Use the cmake_policy
  command to set the policy and suppress this warning.

  The LOCATION property should not be read from target "file_dspy".  Use the
  target name directly with add_custom_command, or use the generator
  expression $<TARGET_FILE>, as appropriate.

Call Stack (most recent call first):
  tools/displays/file/CMakeLists.txt:5 (aqsis_add_display)
This warning is for project developers.  Use -Wno-dev to suppress it.

CMake Warning (dev) at cmake/UtilMacros.cmake:160 (get_target_property):
  Policy CMP0026 is not set: Disallow use of the LOCATION target property.
  Run "cmake --help-policy CMP0026" for policy details.  Use the cmake_policy
  command to set the policy and suppress this warning.

  The LOCATION property should not be read from target "piqsl_dspy".  Use the
  target name directly with add_custom_command, or use the generator
  expression $<TARGET_FILE>, as appropriate.

Call Stack (most recent call first):
  tools/displays/CMakeLists.txt:6 (aqsis_add_library)
  tools/displays/piqsl/CMakeLists.txt:4 (aqsis_add_display)
This warning is for project developers.  Use -Wno-dev to suppress it.

CMake Warning (dev) at tools/displays/CMakeLists.txt:7 (get_target_property):
  Policy CMP0026 is not set: Disallow use of the LOCATION target property.
  Run "cmake --help-policy CMP0026" for policy details.  Use the cmake_policy
  command to set the policy and suppress this warning.

  The LOCATION property should not be read from target "piqsl_dspy".  Use the
  target name directly with add_custom_command, or use the generator
  expression $<TARGET_FILE>, as appropriate.

Call Stack (most recent call first):
  tools/displays/piqsl/CMakeLists.txt:4 (aqsis_add_display)
This warning is for project developers.  Use -Wno-dev to suppress it.

CMake Warning (dev) at cmake/UtilMacros.cmake:160 (get_target_property):
  Policy CMP0026 is not set: Disallow use of the LOCATION target property.
  Run "cmake --help-policy CMP0026" for policy details.  Use the cmake_policy
  command to set the policy and suppress this warning.

  The LOCATION property should not be read from target "bmp_dspy".  Use the
  target name directly with add_custom_command, or use the generator
  expression $<TARGET_FILE>, as appropriate.

Call Stack (most recent call first):
  tools/displays/CMakeLists.txt:6 (aqsis_add_library)
  tools/displays/sdcBMP/CMakeLists.txt:1 (aqsis_add_display)
This warning is for project developers.  Use -Wno-dev to suppress it.

CMake Warning (dev) at tools/displays/CMakeLists.txt:7 (get_target_property):
  Policy CMP0026 is not set: Disallow use of the LOCATION target property.
  Run "cmake --help-policy CMP0026" for policy details.  Use the cmake_policy
  command to set the policy and suppress this warning.

  The LOCATION property should not be read from target "bmp_dspy".  Use the
  target name directly with add_custom_command, or use the generator
  expression $<TARGET_FILE>, as appropriate.

Call Stack (most recent call first):
  tools/displays/sdcBMP/CMakeLists.txt:1 (aqsis_add_display)
This warning is for project developers.  Use -Wno-dev to suppress it.

CMake Warning (dev) at cmake/UtilMacros.cmake:160 (get_target_property):
  Policy CMP0026 is not set: Disallow use of the LOCATION target property.
  Run "cmake --help-policy CMP0026" for policy details.  Use the cmake_policy
  command to set the policy and suppress this warning.

  The LOCATION property should not be read from target "xpm_dspy".  Use the
  target name directly with add_custom_command, or use the generator
  expression $<TARGET_FILE>, as appropriate.

Call Stack (most recent call first):
  tools/displays/CMakeLists.txt:6 (aqsis_add_library)
  tools/displays/xpm/CMakeLists.txt:1 (aqsis_add_display)
This warning is for project developers.  Use -Wno-dev to suppress it.

CMake Warning (dev) at tools/displays/CMakeLists.txt:7 (get_target_property):
  Policy CMP0026 is not set: Disallow use of the LOCATION target property.
  Run "cmake --help-policy CMP0026" for policy details.  Use the cmake_policy
  command to set the policy and suppress this warning.

  The LOCATION property should not be read from target "xpm_dspy".  Use the
  target name directly with add_custom_command, or use the generator
  expression $<TARGET_FILE>, as appropriate.

Call Stack (most recent call first):
  tools/displays/xpm/CMakeLists.txt:1 (aqsis_add_display)
This warning is for project developers.  Use -Wno-dev to suppress it.

CMake Warning (dev) at cmake/UtilMacros.cmake:160 (get_target_property):
  Policy CMP0026 is not set: Disallow use of the LOCATION target property.
  Run "cmake --help-policy CMP0026" for policy details.  Use the cmake_policy
  command to set the policy and suppress this warning.

  The LOCATION property should not be read from target "hairgen".  Use the
  target name directly with add_custom_command, or use the generator
  expression $<TARGET_FILE>, as appropriate.

Call Stack (most recent call first):
  tools/procedurals/hairgen/CMakeLists.txt:17 (aqsis_add_library)
This warning is for project developers.  Use -Wno-dev to suppress it.

-- Configuring done
CMake Warning (dev) at cmake/UtilMacros.cmake:172 (add_dependencies):
  Policy CMP0046 is not set: Error on non-existent dependency in
  add_dependencies.  Run "cmake --help-policy CMP0046" for policy details.
  Use the cmake_policy command to set the policy and suppress this warning.

  The dependency target "ri_inl" of target "aqsis_core" does not exist.
Call Stack (most recent call first):
  libs/core/CMakeLists.txt:114 (aqsis_add_library)
This warning is for project developers.  Use -Wno-dev to suppress it.

-- Generating done
CMake Warning:
  Manually-specified variables were not used by the project:

    CMAKE_EXPORT_NO_PACKAGE_REGISTRY
    CMAKE_INSTALL_LIBDIR
    CMAKE_INSTALL_LOCALSTATEDIR
    CMAKE_INSTALL_RUNSTATEDIR
    CMAKE_INSTALL_SYSCONFDIR


-- Build files have been written to: /<<PKGBUILDDIR>>/obj-x86_64-linux-gnu
make[1]: Leaving directory '/<<PKGBUILDDIR>>'
   dh_auto_build -O--buildsystem=cmake
	cd obj-x86_64-linux-gnu && make -j4 "INSTALL=install --strip-program=true"
make[1]: Entering directory '/<<PKGBUILDDIR>>/obj-x86_64-linux-gnu'
/usr/bin/cmake -S/<<PKGBUILDDIR>> -B/<<PKGBUILDDIR>>/obj-x86_64-linux-gnu --check-build-system CMakeFiles/Makefile.cmake 0
/usr/bin/cmake -E cmake_progress_start /<<PKGBUILDDIR>>/obj-x86_64-linux-gnu/CMakeFiles /<<PKGBUILDDIR>>/obj-x86_64-linux-gnu//CMakeFiles/progress.marks
make  -f CMakeFiles/Makefile2 all
make[2]: Entering directory '/<<PKGBUILDDIR>>/obj-x86_64-linux-gnu'
make  -f libs/math/CMakeFiles/aqsis_math.dir/build.make libs/math/CMakeFiles/aqsis_math.dir/depend
make  -f libs/util/CMakeFiles/aqsis_util.dir/build.make libs/util/CMakeFiles/aqsis_util.dir/depend
make  -f tools/displays/exr/CMakeFiles/exr_dspy.dir/build.make tools/displays/exr/CMakeFiles/exr_dspy.dir/depend
make  -f tools/displays/file/CMakeFiles/file_dspy.dir/build.make tools/displays/file/CMakeFiles/file_dspy.dir/depend
make[3]: Entering directory '/<<PKGBUILDDIR>>/obj-x86_64-linux-gnu'
cd /<<PKGBUILDDIR>>/obj-x86_64-linux-gnu && /usr/bin/cmake -E cmake_depends "Unix Makefiles" /<<PKGBUILDDIR>> /<<PKGBUILDDIR>>/libs/math /<<PKGBUILDDIR>>/obj-x86_64-linux-gnu /<<PKGBUILDDIR>>/obj-x86_64-linux-gnu/libs/math /<<PKGBUILDDIR>>/obj-x86_64-linux-gnu/libs/math/CMakeFiles/aqsis_math.dir/DependInfo.cmake --color=
make[3]: Entering directory '/<<PKGBUILDDIR>>/obj-x86_64-linux-gnu'
cd /<<PKGBUILDDIR>>/obj-x86_64-linux-gnu && /usr/bin/cmake -E cmake_depends "Unix Makefiles" /<<PKGBUILDDIR>> /<<PKGBUILDDIR>>/libs/util /<<PKGBUILDDIR>>/obj-x86_64-linux-gnu /<<PKGBUILDDIR>>/obj-x86_64-linux-gnu/libs/util /<<PKGBUILDDIR>>/obj-x86_64-linux-gnu/libs/util/CMakeFiles/aqsis_util.dir/DependInfo.cmake --color=
make[3]: Entering directory '/<<PKGBUILDDIR>>/obj-x86_64-linux-gnu'
cd /<<PKGBUILDDIR>>/obj-x86_64-linux-gnu && /usr/bin/cmake -E cmake_depends "Unix Makefiles" /<<PKGBUILDDIR>> /<<PKGBUILDDIR>>/tools/displays/exr /<<PKGBUILDDIR>>/obj-x86_64-linux-gnu /<<PKGBUILDDIR>>/obj-x86_64-linux-gnu/tools/displays/exr /<<PKGBUILDDIR>>/obj-x86_64-linux-gnu/tools/displays/exr/CMakeFiles/exr_dspy.dir/DependInfo.cmake --color=
make[3]: Entering directory '/<<PKGBUILDDIR>>/obj-x86_64-linux-gnu'
cd /<<PKGBUILDDIR>>/obj-x86_64-linux-gnu && /usr/bin/cmake -E cmake_depends "Unix Makefiles" /<<PKGBUILDDIR>> /<<PKGBUILDDIR>>/tools/displays/file /<<PKGBUILDDIR>>/obj-x86_64-linux-gnu /<<PKGBUILDDIR>>/obj-x86_64-linux-gnu/tools/displays/file /<<PKGBUILDDIR>>/obj-x86_64-linux-gnu/tools/displays/file/CMakeFiles/file_dspy.dir/DependInfo.cmake --color=
Scanning dependencies of target exr_dspy
Scanning dependencies of target file_dspy
make[3]: Leaving directory '/<<PKGBUILDDIR>>/obj-x86_64-linux-gnu'
make[3]: Leaving directory '/<<PKGBUILDDIR>>/obj-x86_64-linux-gnu'
make  -f tools/displays/exr/CMakeFiles/exr_dspy.dir/build.make tools/displays/exr/CMakeFiles/exr_dspy.dir/build
make  -f tools/displays/file/CMakeFiles/file_dspy.dir/build.make tools/displays/file/CMakeFiles/file_dspy.dir/build
make[3]: Entering directory '/<<PKGBUILDDIR>>/obj-x86_64-linux-gnu'
make[3]: Entering directory '/<<PKGBUILDDIR>>/obj-x86_64-linux-gnu'
Scanning dependencies of target aqsis_util
Scanning dependencies of target aqsis_math
make[3]: Leaving directory '/<<PKGBUILDDIR>>/obj-x86_64-linux-gnu'
make  -f libs/math/CMakeFiles/aqsis_math.dir/build.make libs/math/CMakeFiles/aqsis_math.dir/build
make[3]: Leaving directory '/<<PKGBUILDDIR>>/obj-x86_64-linux-gnu'
make  -f libs/util/CMakeFiles/aqsis_util.dir/build.make libs/util/CMakeFiles/aqsis_util.dir/build
make[3]: Entering directory '/<<PKGBUILDDIR>>/obj-x86_64-linux-gnu'
make[3]: Entering directory '/<<PKGBUILDDIR>>/obj-x86_64-linux-gnu'
[  1%] Building CXX object tools/displays/exr/CMakeFiles/exr_dspy.dir/d_exr.cpp.o
cd /<<PKGBUILDDIR>>/obj-x86_64-linux-gnu/tools/displays/exr && /usr/bin/c++ -Dexr_dspy_EXPORTS -I/<<PKGBUILDDIR>>/include -I/<<PKGBUILDDIR>>/obj-x86_64-linux-gnu/include -I/<<PKGBUILDDIR>>/tools/displays/dspyutil -I/usr/include/OpenEXR -g -O2 -fdebug-prefix-map=/<<PKGBUILDDIR>>=. -fstack-protector-strong -Wformat -Werror=format-security -pipe -Wall -Wdate-time -D_FORTIFY_SOURCE=2 -Wdate-time -D_FORTIFY_SOURCE=2 -fPIC -o CMakeFiles/exr_dspy.dir/d_exr.cpp.o -c /<<PKGBUILDDIR>>/tools/displays/exr/d_exr.cpp
[  2%] Building CXX object tools/displays/file/CMakeFiles/file_dspy.dir/display.cpp.o
cd /<<PKGBUILDDIR>>/obj-x86_64-linux-gnu/tools/displays/file && /usr/bin/c++ -Dfile_dspy_EXPORTS -I/<<PKGBUILDDIR>>/include -I/<<PKGBUILDDIR>>/obj-x86_64-linux-gnu/include -I/<<PKGBUILDDIR>>/tools/displays/dspyutil -g -O2 -fdebug-prefix-map=/<<PKGBUILDDIR>>=. -fstack-protector-strong -Wformat -Werror=format-security -pipe -Wall -Wdate-time -D_FORTIFY_SOURCE=2 -Wdate-time -D_FORTIFY_SOURCE=2 -fPIC -o CMakeFiles/file_dspy.dir/display.cpp.o -c /<<PKGBUILDDIR>>/tools/displays/file/display.cpp
[  2%] Building CXX object libs/math/CMakeFiles/aqsis_math.dir/cellnoise.cpp.o
cd /<<PKGBUILDDIR>>/obj-x86_64-linux-gnu/libs/math && /usr/bin/c++ -DAQSIS_MATH_EXPORTS -Daqsis_math_EXPORTS -I/<<PKGBUILDDIR>>/include -I/<<PKGBUILDDIR>>/obj-x86_64-linux-gnu/include -g -O2 -fdebug-prefix-map=/<<PKGBUILDDIR>>=. -fstack-protector-strong -Wformat -Werror=format-security -pipe -Wall -Wdate-time -D_FORTIFY_SOURCE=2 -Wdate-time -D_FORTIFY_SOURCE=2 -fPIC -o CMakeFiles/aqsis_math.dir/cellnoise.cpp.o -c /<<PKGBUILDDIR>>/libs/math/cellnoise.cpp
[  3%] Building CXX object libs/util/CMakeFiles/aqsis_util.dir/argparse.cpp.o
cd /<<PKGBUILDDIR>>/obj-x86_64-linux-gnu/libs/util && /usr/bin/c++ -DAQSIS_UTIL_EXPORTS -DBOOST_ALL_NO_LIB -DBOOST_FILESYSTEM_DYN_LINK -DBOOST_SYSTEM_DYN_LINK -Daqsis_util_EXPORTS -I/<<PKGBUILDDIR>>/include -I/<<PKGBUILDDIR>>/obj-x86_64-linux-gnu/include -g -O2 -fdebug-prefix-map=/<<PKGBUILDDIR>>=. -fstack-protector-strong -Wformat -Werror=format-security -pipe -Wall -Wdate-time -D_FORTIFY_SOURCE=2 -Wdate-time -D_FORTIFY_SOURCE=2 -fPIC -o CMakeFiles/aqsis_util.dir/argparse.cpp.o -c /<<PKGBUILDDIR>>/libs/util/argparse.cpp
[  4%] Building CXX object libs/math/CMakeFiles/aqsis_math.dir/color.cpp.o
cd /<<PKGBUILDDIR>>/obj-x86_64-linux-gnu/libs/math && /usr/bin/c++ -DAQSIS_MATH_EXPORTS -Daqsis_math_EXPORTS -I/<<PKGBUILDDIR>>/include -I/<<PKGBUILDDIR>>/obj-x86_64-linux-gnu/include -g -O2 -fdebug-prefix-map=/<<PKGBUILDDIR>>=. -fstack-protector-strong -Wformat -Werror=format-security -pipe -Wall -Wdate-time -D_FORTIFY_SOURCE=2 -Wdate-time -D_FORTIFY_SOURCE=2 -fPIC -o CMakeFiles/aqsis_math.dir/color.cpp.o -c /<<PKGBUILDDIR>>/libs/math/color.cpp
/<<PKGBUILDDIR>>/tools/displays/file/display.cpp:144:61: warning: expansion of date or time macro is not reproducible [-Wdate-time]
                        sprintf( version, "Aqsis %s (%s %s)", AQSIS_VERSION_STR, __DATE__, __TIME__);
                                                                                 ^
/<<PKGBUILDDIR>>/tools/displays/file/display.cpp:144:71: warning: expansion of date or time macro is not reproducible [-Wdate-time]
                        sprintf( version, "Aqsis %s (%s %s)", AQSIS_VERSION_STR, __DATE__, __TIME__);
                                                                                           ^
/<<PKGBUILDDIR>>/tools/displays/file/display.cpp:303:60: warning: expansion of date or time macro is not reproducible [-Wdate-time]
                sprintf( version, "Aqsis %s (%s %s)", AQSIS_VERSION_STR, __DATE__, __TIME__);
                                                                         ^
/<<PKGBUILDDIR>>/tools/displays/file/display.cpp:303:70: warning: expansion of date or time macro is not reproducible [-Wdate-time]
                sprintf( version, "Aqsis %s (%s %s)", AQSIS_VERSION_STR, __DATE__, __TIME__);
                                                                                   ^
4 warnings generated.
[  4%] Building C object tools/displays/file/CMakeFiles/file_dspy.dir/__/dspyutil/dspyhlpr.c.o
cd /<<PKGBUILDDIR>>/obj-x86_64-linux-gnu/tools/displays/file && /usr/bin/cc -Dfile_dspy_EXPORTS -I/<<PKGBUILDDIR>>/include -I/<<PKGBUILDDIR>>/obj-x86_64-linux-gnu/include -I/<<PKGBUILDDIR>>/tools/displays/dspyutil -g -O2 -fdebug-prefix-map=/<<PKGBUILDDIR>>=. -fstack-protector-strong -Wformat -Werror=format-security -pipe -Wall -Wdate-time -D_FORTIFY_SOURCE=2 -Wdate-time -D_FORTIFY_SOURCE=2 -fPIC -o CMakeFiles/file_dspy.dir/__/dspyutil/dspyhlpr.c.o -c /<<PKGBUILDDIR>>/tools/displays/dspyutil/dspyhlpr.c
/<<PKGBUILDDIR>>/tools/displays/exr/d_exr.cpp:286:6: warning: unused variable 'dwSize' [-Wunused-variable]
        V2i dwSize = _header.dataWindow().size();
            ^
[  5%] Linking CXX shared module file_dspy.so
cd /<<PKGBUILDDIR>>/obj-x86_64-linux-gnu/tools/displays/file && /usr/bin/cmake -E cmake_link_script CMakeFiles/file_dspy.dir/link.txt --verbose=1
/usr/bin/c++ -fPIC -g -O2 -fdebug-prefix-map=/<<PKGBUILDDIR>>=. -fstack-protector-strong -Wformat -Werror=format-security -pipe -Wall -Wdate-time -D_FORTIFY_SOURCE=2 -Wdate-time -D_FORTIFY_SOURCE=2 -Wl,-z,relro -Wl,-z,now -Wl,-Bsymbolic -Wl,--as-needed -shared  -o file_dspy.so CMakeFiles/file_dspy.dir/display.cpp.o CMakeFiles/file_dspy.dir/__/dspyutil/dspyhlpr.c.o  -ltiff 
[  5%] Building CXX object libs/math/CMakeFiles/aqsis_math.dir/lowdiscrep.cpp.o
cd /<<PKGBUILDDIR>>/obj-x86_64-linux-gnu/libs/math && /usr/bin/c++ -DAQSIS_MATH_EXPORTS -Daqsis_math_EXPORTS -I/<<PKGBUILDDIR>>/include -I/<<PKGBUILDDIR>>/obj-x86_64-linux-gnu/include -g -O2 -fdebug-prefix-map=/<<PKGBUILDDIR>>=. -fstack-protector-strong -Wformat -Werror=format-security -pipe -Wall -Wdate-time -D_FORTIFY_SOURCE=2 -Wdate-time -D_FORTIFY_SOURCE=2 -fPIC -o CMakeFiles/aqsis_math.dir/lowdiscrep.cpp.o -c /<<PKGBUILDDIR>>/libs/math/lowdiscrep.cpp
make[3]: Leaving directory '/<<PKGBUILDDIR>>/obj-x86_64-linux-gnu'
[  5%] Built target file_dspy
make  -f tools/displays/sdcBMP/CMakeFiles/bmp_dspy.dir/build.make tools/displays/sdcBMP/CMakeFiles/bmp_dspy.dir/depend
make[3]: Entering directory '/<<PKGBUILDDIR>>/obj-x86_64-linux-gnu'
cd /<<PKGBUILDDIR>>/obj-x86_64-linux-gnu && /usr/bin/cmake -E cmake_depends "Unix Makefiles" /<<PKGBUILDDIR>> /<<PKGBUILDDIR>>/tools/displays/sdcBMP /<<PKGBUILDDIR>>/obj-x86_64-linux-gnu /<<PKGBUILDDIR>>/obj-x86_64-linux-gnu/tools/displays/sdcBMP /<<PKGBUILDDIR>>/obj-x86_64-linux-gnu/tools/displays/sdcBMP/CMakeFiles/bmp_dspy.dir/DependInfo.cmake --color=
Scanning dependencies of target bmp_dspy
make[3]: Leaving directory '/<<PKGBUILDDIR>>/obj-x86_64-linux-gnu'
make  -f tools/displays/sdcBMP/CMakeFiles/bmp_dspy.dir/build.make tools/displays/sdcBMP/CMakeFiles/bmp_dspy.dir/build
make[3]: Entering directory '/<<PKGBUILDDIR>>/obj-x86_64-linux-gnu'
[  6%] Building CXX object tools/displays/sdcBMP/CMakeFiles/bmp_dspy.dir/d_sdcBMP.cpp.o
cd /<<PKGBUILDDIR>>/obj-x86_64-linux-gnu/tools/displays/sdcBMP && /usr/bin/c++ -Dbmp_dspy_EXPORTS -I/<<PKGBUILDDIR>>/include -I/<<PKGBUILDDIR>>/obj-x86_64-linux-gnu/include -g -O2 -fdebug-prefix-map=/<<PKGBUILDDIR>>=. -fstack-protector-strong -Wformat -Werror=format-security -pipe -Wall -Wdate-time -D_FORTIFY_SOURCE=2 -Wdate-time -D_FORTIFY_SOURCE=2 -fPIC -o CMakeFiles/bmp_dspy.dir/d_sdcBMP.cpp.o -c /<<PKGBUILDDIR>>/tools/displays/sdcBMP/d_sdcBMP.cpp
[  6%] Linking CXX shared module bmp_dspy.so
cd /<<PKGBUILDDIR>>/obj-x86_64-linux-gnu/tools/displays/sdcBMP && /usr/bin/cmake -E cmake_link_script CMakeFiles/bmp_dspy.dir/link.txt --verbose=1
/usr/bin/c++ -fPIC -g -O2 -fdebug-prefix-map=/<<PKGBUILDDIR>>=. -fstack-protector-strong -Wformat -Werror=format-security -pipe -Wall -Wdate-time -D_FORTIFY_SOURCE=2 -Wdate-time -D_FORTIFY_SOURCE=2 -Wl,-z,relro -Wl,-z,now -Wl,-Bsymbolic -Wl,--as-needed -shared  -o bmp_dspy.so CMakeFiles/bmp_dspy.dir/d_sdcBMP.cpp.o 
make[3]: Leaving directory '/<<PKGBUILDDIR>>/obj-x86_64-linux-gnu'
[  6%] Built target bmp_dspy
make  -f tools/displays/xpm/CMakeFiles/xpm_dspy.dir/build.make tools/displays/xpm/CMakeFiles/xpm_dspy.dir/depend
make[3]: Entering directory '/<<PKGBUILDDIR>>/obj-x86_64-linux-gnu'
cd /<<PKGBUILDDIR>>/obj-x86_64-linux-gnu && /usr/bin/cmake -E cmake_depends "Unix Makefiles" /<<PKGBUILDDIR>> /<<PKGBUILDDIR>>/tools/displays/xpm /<<PKGBUILDDIR>>/obj-x86_64-linux-gnu /<<PKGBUILDDIR>>/obj-x86_64-linux-gnu/tools/displays/xpm /<<PKGBUILDDIR>>/obj-x86_64-linux-gnu/tools/displays/xpm/CMakeFiles/xpm_dspy.dir/DependInfo.cmake --color=
Scanning dependencies of target xpm_dspy
make[3]: Leaving directory '/<<PKGBUILDDIR>>/obj-x86_64-linux-gnu'
make  -f tools/displays/xpm/CMakeFiles/xpm_dspy.dir/build.make tools/displays/xpm/CMakeFiles/xpm_dspy.dir/build
make[3]: Entering directory '/<<PKGBUILDDIR>>/obj-x86_64-linux-gnu'
[  7%] Building CXX object tools/displays/xpm/CMakeFiles/xpm_dspy.dir/xpm.cpp.o
cd /<<PKGBUILDDIR>>/obj-x86_64-linux-gnu/tools/displays/xpm && /usr/bin/c++ -Dxpm_dspy_EXPORTS -I/<<PKGBUILDDIR>>/include -I/<<PKGBUILDDIR>>/obj-x86_64-linux-gnu/include -g -O2 -fdebug-prefix-map=/<<PKGBUILDDIR>>=. -fstack-protector-strong -Wformat -Werror=format-security -pipe -Wall -Wdate-time -D_FORTIFY_SOURCE=2 -Wdate-time -D_FORTIFY_SOURCE=2 -fPIC -o CMakeFiles/xpm_dspy.dir/xpm.cpp.o -c /<<PKGBUILDDIR>>/tools/displays/xpm/xpm.cpp
In file included from /<<PKGBUILDDIR>>/libs/math/lowdiscrep.cpp:30:
/<<PKGBUILDDIR>>/include/aqsis/math/lowdiscrep.h:63:10: warning: private field 'm_NextBase' is not used [-Wunused-private-field]
                TqUint m_NextBase;
                       ^
1 warning generated.
[  8%] Building CXX object libs/math/CMakeFiles/aqsis_math.dir/matrix.cpp.o
cd /<<PKGBUILDDIR>>/obj-x86_64-linux-gnu/libs/math && /usr/bin/c++ -DAQSIS_MATH_EXPORTS -Daqsis_math_EXPORTS -I/<<PKGBUILDDIR>>/include -I/<<PKGBUILDDIR>>/obj-x86_64-linux-gnu/include -g -O2 -fdebug-prefix-map=/<<PKGBUILDDIR>>=. -fstack-protector-strong -Wformat -Werror=format-security -pipe -Wall -Wdate-time -D_FORTIFY_SOURCE=2 -Wdate-time -D_FORTIFY_SOURCE=2 -fPIC -o CMakeFiles/aqsis_math.dir/matrix.cpp.o -c /<<PKGBUILDDIR>>/libs/math/matrix.cpp
[  8%] Building CXX object tools/displays/xpm/CMakeFiles/xpm_dspy.dir/aspXpm.cpp.o
cd /<<PKGBUILDDIR>>/obj-x86_64-linux-gnu/tools/displays/xpm && /usr/bin/c++ -Dxpm_dspy_EXPORTS -I/<<PKGBUILDDIR>>/include -I/<<PKGBUILDDIR>>/obj-x86_64-linux-gnu/include -g -O2 -fdebug-prefix-map=/<<PKGBUILDDIR>>=. -fstack-protector-strong -Wformat -Werror=format-security -pipe -Wall -Wdate-time -D_FORTIFY_SOURCE=2 -Wdate-time -D_FORTIFY_SOURCE=2 -fPIC -o CMakeFiles/xpm_dspy.dir/aspXpm.cpp.o -c /<<PKGBUILDDIR>>/tools/displays/xpm/aspXpm.cpp
[  8%] Building CXX object libs/math/CMakeFiles/aqsis_math.dir/noise.cpp.o
cd /<<PKGBUILDDIR>>/obj-x86_64-linux-gnu/libs/math && /usr/bin/c++ -DAQSIS_MATH_EXPORTS -Daqsis_math_EXPORTS -I/<<PKGBUILDDIR>>/include -I/<<PKGBUILDDIR>>/obj-x86_64-linux-gnu/include -g -O2 -fdebug-prefix-map=/<<PKGBUILDDIR>>=. -fstack-protector-strong -Wformat -Werror=format-security -pipe -Wall -Wdate-time -D_FORTIFY_SOURCE=2 -Wdate-time -D_FORTIFY_SOURCE=2 -fPIC -o CMakeFiles/aqsis_math.dir/noise.cpp.o -c /<<PKGBUILDDIR>>/libs/math/noise.cpp
[  8%] Building CXX object libs/util/CMakeFiles/aqsis_util.dir/bitvector.cpp.o
cd /<<PKGBUILDDIR>>/obj-x86_64-linux-gnu/libs/util && /usr/bin/c++ -DAQSIS_UTIL_EXPORTS -DBOOST_ALL_NO_LIB -DBOOST_FILESYSTEM_DYN_LINK -DBOOST_SYSTEM_DYN_LINK -Daqsis_util_EXPORTS -I/<<PKGBUILDDIR>>/include -I/<<PKGBUILDDIR>>/obj-x86_64-linux-gnu/include -g -O2 -fdebug-prefix-map=/<<PKGBUILDDIR>>=. -fstack-protector-strong -Wformat -Werror=format-security -pipe -Wall -Wdate-time -D_FORTIFY_SOURCE=2 -Wdate-time -D_FORTIFY_SOURCE=2 -fPIC -o CMakeFiles/aqsis_util.dir/bitvector.cpp.o -c /<<PKGBUILDDIR>>/libs/util/bitvector.cpp
In file included from /<<PKGBUILDDIR>>/libs/util/bitvector.cpp:29:
/<<PKGBUILDDIR>>/include/aqsis/util/bitvector.h:138:4: warning: 'register' storage class specifier is deprecated and incompatible with C++17 [-Wdeprecated-register]
                        register TqInt i;
                        ^~~~~~~~~
/<<PKGBUILDDIR>>/include/aqsis/util/bitvector.h:148:4: warning: 'register' storage class specifier is deprecated and incompatible with C++17 [-Wdeprecated-register]
                        register TqInt i;
                        ^~~~~~~~~
/<<PKGBUILDDIR>>/libs/util/bitvector.cpp:107:2: warning: 'register' storage class specifier is deprecated and incompatible with C++17 [-Wdeprecated-register]
        register TqInt count;
        ^~~~~~~~~
/<<PKGBUILDDIR>>/libs/util/bitvector.cpp:108:2: warning: 'register' storage class specifier is deprecated and incompatible with C++17 [-Wdeprecated-register]
        register TqInt i;
        ^~~~~~~~~
[  8%] Building CXX object libs/math/CMakeFiles/aqsis_math.dir/noise1234.cpp.o
cd /<<PKGBUILDDIR>>/obj-x86_64-linux-gnu/libs/math && /usr/bin/c++ -DAQSIS_MATH_EXPORTS -Daqsis_math_EXPORTS -I/<<PKGBUILDDIR>>/include -I/<<PKGBUILDDIR>>/obj-x86_64-linux-gnu/include -g -O2 -fdebug-prefix-map=/<<PKGBUILDDIR>>=. -fstack-protector-strong -Wformat -Werror=format-security -pipe -Wall -Wdate-time -D_FORTIFY_SOURCE=2 -Wdate-time -D_FORTIFY_SOURCE=2 -fPIC -o CMakeFiles/aqsis_math.dir/noise1234.cpp.o -c /<<PKGBUILDDIR>>/libs/math/noise1234.cpp
[  9%] Linking CXX shared module xpm_dspy.so
cd /<<PKGBUILDDIR>>/obj-x86_64-linux-gnu/tools/displays/xpm && /usr/bin/cmake -E cmake_link_script CMakeFiles/xpm_dspy.dir/link.txt --verbose=1
/usr/bin/c++ -fPIC -g -O2 -fdebug-prefix-map=/<<PKGBUILDDIR>>=. -fstack-protector-strong -Wformat -Werror=format-security -pipe -Wall -Wdate-time -D_FORTIFY_SOURCE=2 -Wdate-time -D_FORTIFY_SOURCE=2 -Wl,-z,relro -Wl,-z,now -Wl,-Bsymbolic -Wl,--as-needed -shared  -o xpm_dspy.so CMakeFiles/xpm_dspy.dir/xpm.cpp.o CMakeFiles/xpm_dspy.dir/aspXpm.cpp.o 
4 warnings generated.
[ 10%] Building CXX object libs/util/CMakeFiles/aqsis_util.dir/exception.cpp.o
cd /<<PKGBUILDDIR>>/obj-x86_64-linux-gnu/libs/util && /usr/bin/c++ -DAQSIS_UTIL_EXPORTS -DBOOST_ALL_NO_LIB -DBOOST_FILESYSTEM_DYN_LINK -DBOOST_SYSTEM_DYN_LINK -Daqsis_util_EXPORTS -I/<<PKGBUILDDIR>>/include -I/<<PKGBUILDDIR>>/obj-x86_64-linux-gnu/include -g -O2 -fdebug-prefix-map=/<<PKGBUILDDIR>>=. -fstack-protector-strong -Wformat -Werror=format-security -pipe -Wall -Wdate-time -D_FORTIFY_SOURCE=2 -Wdate-time -D_FORTIFY_SOURCE=2 -fPIC -o CMakeFiles/aqsis_util.dir/exception.cpp.o -c /<<PKGBUILDDIR>>/libs/util/exception.cpp
make[3]: Leaving directory '/<<PKGBUILDDIR>>/obj-x86_64-linux-gnu'
[ 10%] Built target xpm_dspy
make  -f shaders/CMakeFiles/all_shaders.dir/build.make shaders/CMakeFiles/all_shaders.dir/depend
make[3]: Entering directory '/<<PKGBUILDDIR>>/obj-x86_64-linux-gnu'
cd /<<PKGBUILDDIR>>/obj-x86_64-linux-gnu && /usr/bin/cmake -E cmake_depends "Unix Makefiles" /<<PKGBUILDDIR>> /<<PKGBUILDDIR>>/shaders /<<PKGBUILDDIR>>/obj-x86_64-linux-gnu /<<PKGBUILDDIR>>/obj-x86_64-linux-gnu/shaders /<<PKGBUILDDIR>>/obj-x86_64-linux-gnu/shaders/CMakeFiles/all_shaders.dir/DependInfo.cmake --color=
Scanning dependencies of target all_shaders
make[3]: Leaving directory '/<<PKGBUILDDIR>>/obj-x86_64-linux-gnu'
make  -f shaders/CMakeFiles/all_shaders.dir/build.make shaders/CMakeFiles/all_shaders.dir/build
make[3]: Entering directory '/<<PKGBUILDDIR>>/obj-x86_64-linux-gnu'
make[3]: Nothing to be done for 'shaders/CMakeFiles/all_shaders.dir/build'.
make[3]: Leaving directory '/<<PKGBUILDDIR>>/obj-x86_64-linux-gnu'
[ 10%] Built target all_shaders
[ 10%] Building CXX object libs/util/CMakeFiles/aqsis_util.dir/file.cpp.o
cd /<<PKGBUILDDIR>>/obj-x86_64-linux-gnu/libs/util && /usr/bin/c++ -DAQSIS_UTIL_EXPORTS -DBOOST_ALL_NO_LIB -DBOOST_FILESYSTEM_DYN_LINK -DBOOST_SYSTEM_DYN_LINK -Daqsis_util_EXPORTS -I/<<PKGBUILDDIR>>/include -I/<<PKGBUILDDIR>>/obj-x86_64-linux-gnu/include -g -O2 -fdebug-prefix-map=/<<PKGBUILDDIR>>=. -fstack-protector-strong -Wformat -Werror=format-security -pipe -Wall -Wdate-time -D_FORTIFY_SOURCE=2 -Wdate-time -D_FORTIFY_SOURCE=2 -fPIC -o CMakeFiles/aqsis_util.dir/file.cpp.o -c /<<PKGBUILDDIR>>/libs/util/file.cpp
[ 11%] Building CXX object libs/math/CMakeFiles/aqsis_math.dir/random.cpp.o
cd /<<PKGBUILDDIR>>/obj-x86_64-linux-gnu/libs/math && /usr/bin/c++ -DAQSIS_MATH_EXPORTS -Daqsis_math_EXPORTS -I/<<PKGBUILDDIR>>/include -I/<<PKGBUILDDIR>>/obj-x86_64-linux-gnu/include -g -O2 -fdebug-prefix-map=/<<PKGBUILDDIR>>=. -fstack-protector-strong -Wformat -Werror=format-security -pipe -Wall -Wdate-time -D_FORTIFY_SOURCE=2 -Wdate-time -D_FORTIFY_SOURCE=2 -fPIC -o CMakeFiles/aqsis_math.dir/random.cpp.o -c /<<PKGBUILDDIR>>/libs/math/random.cpp
[ 11%] Building CXX object libs/math/CMakeFiles/aqsis_math.dir/spline.cpp.o
cd /<<PKGBUILDDIR>>/obj-x86_64-linux-gnu/libs/math && /usr/bin/c++ -DAQSIS_MATH_EXPORTS -Daqsis_math_EXPORTS -I/<<PKGBUILDDIR>>/include -I/<<PKGBUILDDIR>>/obj-x86_64-linux-gnu/include -g -O2 -fdebug-prefix-map=/<<PKGBUILDDIR>>=. -fstack-protector-strong -Wformat -Werror=format-security -pipe -Wall -Wdate-time -D_FORTIFY_SOURCE=2 -Wdate-time -D_FORTIFY_SOURCE=2 -fPIC -o CMakeFiles/aqsis_math.dir/spline.cpp.o -c /<<PKGBUILDDIR>>/libs/math/spline.cpp
1 warning generated.
[ 11%] Building C object tools/displays/exr/CMakeFiles/exr_dspy.dir/__/dspyutil/dspyhlpr.c.o
cd /<<PKGBUILDDIR>>/obj-x86_64-linux-gnu/tools/displays/exr && /usr/bin/cc -Dexr_dspy_EXPORTS -I/<<PKGBUILDDIR>>/include -I/<<PKGBUILDDIR>>/obj-x86_64-linux-gnu/include -I/<<PKGBUILDDIR>>/tools/displays/dspyutil -I/usr/include/OpenEXR -g -O2 -fdebug-prefix-map=/<<PKGBUILDDIR>>=. -fstack-protector-strong -Wformat -Werror=format-security -pipe -Wall -Wdate-time -D_FORTIFY_SOURCE=2 -Wdate-time -D_FORTIFY_SOURCE=2 -fPIC -o CMakeFiles/exr_dspy.dir/__/dspyutil/dspyhlpr.c.o -c /<<PKGBUILDDIR>>/tools/displays/dspyutil/dspyhlpr.c
[ 11%] Linking CXX shared module exr_dspy.so
cd /<<PKGBUILDDIR>>/obj-x86_64-linux-gnu/tools/displays/exr && /usr/bin/cmake -E cmake_link_script CMakeFiles/exr_dspy.dir/link.txt --verbose=1
/usr/bin/c++ -fPIC -g -O2 -fdebug-prefix-map=/<<PKGBUILDDIR>>=. -fstack-protector-strong -Wformat -Werror=format-security -pipe -Wall -Wdate-time -D_FORTIFY_SOURCE=2 -Wdate-time -D_FORTIFY_SOURCE=2 -Wl,-z,relro -Wl,-z,now -Wl,-Bsymbolic -Wl,--as-needed -shared  -o exr_dspy.so CMakeFiles/exr_dspy.dir/d_exr.cpp.o CMakeFiles/exr_dspy.dir/__/dspyutil/dspyhlpr.c.o  -lIlmImf -lHalf -lIex -lImath -lIlmThread -lz 
make[3]: Leaving directory '/<<PKGBUILDDIR>>/obj-x86_64-linux-gnu'
[ 11%] Built target exr_dspy
[ 11%] Building CXX object libs/util/CMakeFiles/aqsis_util.dir/logging.cpp.o
cd /<<PKGBUILDDIR>>/obj-x86_64-linux-gnu/libs/util && /usr/bin/c++ -DAQSIS_UTIL_EXPORTS -DBOOST_ALL_NO_LIB -DBOOST_FILESYSTEM_DYN_LINK -DBOOST_SYSTEM_DYN_LINK -Daqsis_util_EXPORTS -I/<<PKGBUILDDIR>>/include -I/<<PKGBUILDDIR>>/obj-x86_64-linux-gnu/include -g -O2 -fdebug-prefix-map=/<<PKGBUILDDIR>>=. -fstack-protector-strong -Wformat -Werror=format-security -pipe -Wall -Wdate-time -D_FORTIFY_SOURCE=2 -Wdate-time -D_FORTIFY_SOURCE=2 -fPIC -o CMakeFiles/aqsis_util.dir/logging.cpp.o -c /<<PKGBUILDDIR>>/libs/util/logging.cpp
[ 12%] Linking CXX shared library libaqsis_math.so
cd /<<PKGBUILDDIR>>/obj-x86_64-linux-gnu/libs/math && /usr/bin/cmake -E cmake_link_script CMakeFiles/aqsis_math.dir/link.txt --verbose=1
/usr/bin/c++ -fPIC -g -O2 -fdebug-prefix-map=/<<PKGBUILDDIR>>=. -fstack-protector-strong -Wformat -Werror=format-security -pipe -Wall -Wdate-time -D_FORTIFY_SOURCE=2 -Wdate-time -D_FORTIFY_SOURCE=2 -Wl,-z,relro -Wl,-z,now -Wl,-Bsymbolic -Wl,--as-needed -shared -Wl,-soname,libaqsis_math.so.1 -o libaqsis_math.so.1.8 CMakeFiles/aqsis_math.dir/cellnoise.cpp.o CMakeFiles/aqsis_math.dir/color.cpp.o CMakeFiles/aqsis_math.dir/lowdiscrep.cpp.o CMakeFiles/aqsis_math.dir/matrix.cpp.o CMakeFiles/aqsis_math.dir/noise.cpp.o CMakeFiles/aqsis_math.dir/noise1234.cpp.o CMakeFiles/aqsis_math.dir/random.cpp.o CMakeFiles/aqsis_math.dir/spline.cpp.o 
cd /<<PKGBUILDDIR>>/obj-x86_64-linux-gnu/libs/math && /usr/bin/cmake -E cmake_symlink_library libaqsis_math.so.1.8 libaqsis_math.so.1 libaqsis_math.so
make[3]: Leaving directory '/<<PKGBUILDDIR>>/obj-x86_64-linux-gnu'
[ 12%] Built target aqsis_math
[ 13%] Building CXX object libs/util/CMakeFiles/aqsis_util.dir/plugins.cpp.o
cd /<<PKGBUILDDIR>>/obj-x86_64-linux-gnu/libs/util && /usr/bin/c++ -DAQSIS_UTIL_EXPORTS -DBOOST_ALL_NO_LIB -DBOOST_FILESYSTEM_DYN_LINK -DBOOST_SYSTEM_DYN_LINK -Daqsis_util_EXPORTS -I/<<PKGBUILDDIR>>/include -I/<<PKGBUILDDIR>>/obj-x86_64-linux-gnu/include -g -O2 -fdebug-prefix-map=/<<PKGBUILDDIR>>=. -fstack-protector-strong -Wformat -Werror=format-security -pipe -Wall -Wdate-time -D_FORTIFY_SOURCE=2 -Wdate-time -D_FORTIFY_SOURCE=2 -fPIC -o CMakeFiles/aqsis_util.dir/plugins.cpp.o -c /<<PKGBUILDDIR>>/libs/util/plugins.cpp
[ 13%] Building CXX object libs/util/CMakeFiles/aqsis_util.dir/popen.cpp.o
cd /<<PKGBUILDDIR>>/obj-x86_64-linux-gnu/libs/util && /usr/bin/c++ -DAQSIS_UTIL_EXPORTS -DBOOST_ALL_NO_LIB -DBOOST_FILESYSTEM_DYN_LINK -DBOOST_SYSTEM_DYN_LINK -Daqsis_util_EXPORTS -I/<<PKGBUILDDIR>>/include -I/<<PKGBUILDDIR>>/obj-x86_64-linux-gnu/include -g -O2 -fdebug-prefix-map=/<<PKGBUILDDIR>>=. -fstack-protector-strong -Wformat -Werror=format-security -pipe -Wall -Wdate-time -D_FORTIFY_SOURCE=2 -Wdate-time -D_FORTIFY_SOURCE=2 -fPIC -o CMakeFiles/aqsis_util.dir/popen.cpp.o -c /<<PKGBUILDDIR>>/libs/util/popen.cpp
[ 14%] Building CXX object libs/util/CMakeFiles/aqsis_util.dir/sstring.cpp.o
cd /<<PKGBUILDDIR>>/obj-x86_64-linux-gnu/libs/util && /usr/bin/c++ -DAQSIS_UTIL_EXPORTS -DBOOST_ALL_NO_LIB -DBOOST_FILESYSTEM_DYN_LINK -DBOOST_SYSTEM_DYN_LINK -Daqsis_util_EXPORTS -I/<<PKGBUILDDIR>>/include -I/<<PKGBUILDDIR>>/obj-x86_64-linux-gnu/include -g -O2 -fdebug-prefix-map=/<<PKGBUILDDIR>>=. -fstack-protector-strong -Wformat -Werror=format-security -pipe -Wall -Wdate-time -D_FORTIFY_SOURCE=2 -Wdate-time -D_FORTIFY_SOURCE=2 -fPIC -o CMakeFiles/aqsis_util.dir/sstring.cpp.o -c /<<PKGBUILDDIR>>/libs/util/sstring.cpp
[ 14%] Building CXX object libs/util/CMakeFiles/aqsis_util.dir/posix/execute_system.cpp.o
cd /<<PKGBUILDDIR>>/obj-x86_64-linux-gnu/libs/util && /usr/bin/c++ -DAQSIS_UTIL_EXPORTS -DBOOST_ALL_NO_LIB -DBOOST_FILESYSTEM_DYN_LINK -DBOOST_SYSTEM_DYN_LINK -Daqsis_util_EXPORTS -I/<<PKGBUILDDIR>>/include -I/<<PKGBUILDDIR>>/obj-x86_64-linux-gnu/include -g -O2 -fdebug-prefix-map=/<<PKGBUILDDIR>>=. -fstack-protector-strong -Wformat -Werror=format-security -pipe -Wall -Wdate-time -D_FORTIFY_SOURCE=2 -Wdate-time -D_FORTIFY_SOURCE=2 -fPIC -o CMakeFiles/aqsis_util.dir/posix/execute_system.cpp.o -c /<<PKGBUILDDIR>>/libs/util/posix/execute_system.cpp
[ 14%] Building CXX object libs/util/CMakeFiles/aqsis_util.dir/posix/socket_system.cpp.o
cd /<<PKGBUILDDIR>>/obj-x86_64-linux-gnu/libs/util && /usr/bin/c++ -DAQSIS_UTIL_EXPORTS -DBOOST_ALL_NO_LIB -DBOOST_FILESYSTEM_DYN_LINK -DBOOST_SYSTEM_DYN_LINK -Daqsis_util_EXPORTS -I/<<PKGBUILDDIR>>/include -I/<<PKGBUILDDIR>>/obj-x86_64-linux-gnu/include -g -O2 -fdebug-prefix-map=/<<PKGBUILDDIR>>=. -fstack-protector-strong -Wformat -Werror=format-security -pipe -Wall -Wdate-time -D_FORTIFY_SOURCE=2 -Wdate-time -D_FORTIFY_SOURCE=2 -fPIC -o CMakeFiles/aqsis_util.dir/posix/socket_system.cpp.o -c /<<PKGBUILDDIR>>/libs/util/posix/socket_system.cpp
/<<PKGBUILDDIR>>/libs/util/popen.cpp:319:4: warning: ignoring return value of function declared with 'warn_unused_result' attribute [-Wunused-result]
                        ::write(errorPipeFd, errorStr.c_str(), errorStr.length());
                        ^~~~~~~ ~~~~~~~~~~~~~~~~~~~~~~~~~~~~~~~~~~~~~~~~~~~~~~~~
1 warning generated.
[ 15%] Linking CXX shared library libaqsis_util.so
cd /<<PKGBUILDDIR>>/obj-x86_64-linux-gnu/libs/util && /usr/bin/cmake -E cmake_link_script CMakeFiles/aqsis_util.dir/link.txt --verbose=1
/usr/bin/c++ -fPIC -g -O2 -fdebug-prefix-map=/<<PKGBUILDDIR>>=. -fstack-protector-strong -Wformat -Werror=format-security -pipe -Wall -Wdate-time -D_FORTIFY_SOURCE=2 -Wdate-time -D_FORTIFY_SOURCE=2 -Wl,-z,relro -Wl,-z,now -Wl,-Bsymbolic -Wl,--as-needed -shared -Wl,-soname,libaqsis_util.so.1 -o libaqsis_util.so.1.8 CMakeFiles/aqsis_util.dir/argparse.cpp.o CMakeFiles/aqsis_util.dir/bitvector.cpp.o CMakeFiles/aqsis_util.dir/exception.cpp.o CMakeFiles/aqsis_util.dir/file.cpp.o CMakeFiles/aqsis_util.dir/logging.cpp.o CMakeFiles/aqsis_util.dir/plugins.cpp.o CMakeFiles/aqsis_util.dir/popen.cpp.o CMakeFiles/aqsis_util.dir/sstring.cpp.o CMakeFiles/aqsis_util.dir/posix/execute_system.cpp.o CMakeFiles/aqsis_util.dir/posix/socket_system.cpp.o  /usr/lib/x86_64-linux-gnu/libboost_filesystem.so.1.71.0 -ldl /usr/lib/x86_64-linux-gnu/libboost_system.so.1.71.0 
cd /<<PKGBUILDDIR>>/obj-x86_64-linux-gnu/libs/util && /usr/bin/cmake -E cmake_symlink_library libaqsis_util.so.1.8 libaqsis_util.so.1 libaqsis_util.so
make[3]: Leaving directory '/<<PKGBUILDDIR>>/obj-x86_64-linux-gnu'
[ 15%] Built target aqsis_util
make  -f libs/riutil/CMakeFiles/aqsis_riutil.dir/build.make libs/riutil/CMakeFiles/aqsis_riutil.dir/depend
make  -f libs/slcomp/CMakeFiles/aqsis_slcomp.dir/build.make libs/slcomp/CMakeFiles/aqsis_slcomp.dir/depend
make  -f libs/tex/CMakeFiles/aqsis_tex.dir/build.make libs/tex/CMakeFiles/aqsis_tex.dir/depend
make[3]: Entering directory '/<<PKGBUILDDIR>>/obj-x86_64-linux-gnu'
make[3]: Entering directory '/<<PKGBUILDDIR>>/obj-x86_64-linux-gnu'
cd /<<PKGBUILDDIR>>/obj-x86_64-linux-gnu && /usr/bin/cmake -E cmake_depends "Unix Makefiles" /<<PKGBUILDDIR>> /<<PKGBUILDDIR>>/libs/riutil /<<PKGBUILDDIR>>/obj-x86_64-linux-gnu /<<PKGBUILDDIR>>/obj-x86_64-linux-gnu/libs/riutil /<<PKGBUILDDIR>>/obj-x86_64-linux-gnu/libs/riutil/CMakeFiles/aqsis_riutil.dir/DependInfo.cmake --color=
make[3]: Entering directory '/<<PKGBUILDDIR>>/obj-x86_64-linux-gnu'
cd /<<PKGBUILDDIR>>/obj-x86_64-linux-gnu && /usr/bin/cmake -E cmake_depends "Unix Makefiles" /<<PKGBUILDDIR>> /<<PKGBUILDDIR>>/libs/tex /<<PKGBUILDDIR>>/obj-x86_64-linux-gnu /<<PKGBUILDDIR>>/obj-x86_64-linux-gnu/libs/tex /<<PKGBUILDDIR>>/obj-x86_64-linux-gnu/libs/tex/CMakeFiles/aqsis_tex.dir/DependInfo.cmake --color=
[ 16%] Generating parse/parser.cpp, parse/parser.hpp
cd /<<PKGBUILDDIR>>/obj-x86_64-linux-gnu/libs/slcomp && /usr/bin/bison -d -o /<<PKGBUILDDIR>>/obj-x86_64-linux-gnu/libs/slcomp/parse/parser.cpp /<<PKGBUILDDIR>>/libs/slcomp/parse/parser.yy
Scanning dependencies of target aqsis_riutil
make[3]: Leaving directory '/<<PKGBUILDDIR>>/obj-x86_64-linux-gnu'
make  -f libs/riutil/CMakeFiles/aqsis_riutil.dir/build.make libs/riutil/CMakeFiles/aqsis_riutil.dir/build
Scanning dependencies of target aqsis_tex
make[3]: Leaving directory '/<<PKGBUILDDIR>>/obj-x86_64-linux-gnu'
make  -f libs/tex/CMakeFiles/aqsis_tex.dir/build.make libs/tex/CMakeFiles/aqsis_tex.dir/build
make[3]: Entering directory '/<<PKGBUILDDIR>>/obj-x86_64-linux-gnu'
make[3]: Entering directory '/<<PKGBUILDDIR>>/obj-x86_64-linux-gnu'
[ 17%] Building CXX object libs/tex/CMakeFiles/aqsis_tex.dir/buffers/imagechannel.cpp.o
[ 17%] Building CXX object libs/riutil/CMakeFiles/aqsis_riutil.dir/framedrop_filter.cpp.o
cd /<<PKGBUILDDIR>>/obj-x86_64-linux-gnu/libs/riutil && /usr/bin/c++ -DAQSIS_RIUTIL_EXPORTS -DBOOST_ALL_NO_LIB -DBOOST_FILESYSTEM_DYN_LINK -DBOOST_IOSTREAMS_DYN_LINK -DBOOST_SYSTEM_DYN_LINK -DUSE_GZIPPED_RIB -Daqsis_riutil_EXPORTS -I/<<PKGBUILDDIR>>/include -I/<<PKGBUILDDIR>>/obj-x86_64-linux-gnu/include -g -O2 -fdebug-prefix-map=/<<PKGBUILDDIR>>=. -fstack-protector-strong -Wformat -Werror=format-security -pipe -Wall -Wdate-time -D_FORTIFY_SOURCE=2 -Wdate-time -D_FORTIFY_SOURCE=2 -fPIC -o CMakeFiles/aqsis_riutil.dir/framedrop_filter.cpp.o -c /<<PKGBUILDDIR>>/libs/riutil/framedrop_filter.cpp
cd /<<PKGBUILDDIR>>/obj-x86_64-linux-gnu/libs/tex && /usr/bin/c++ -DAQSIS_TEX_EXPORTS -DAQSIS_USE_PNG -DBOOST_ALL_NO_LIB -DBOOST_FILESYSTEM_DYN_LINK -DBOOST_SYSTEM_DYN_LINK -DUSE_OPENEXR -Daqsis_tex_EXPORTS -I/<<PKGBUILDDIR>>/include -I/<<PKGBUILDDIR>>/obj-x86_64-linux-gnu/include -I/<<PKGBUILDDIR>>/libs/tex/filtering -I/<<PKGBUILDDIR>>/libs/tex/io -I/<<PKGBUILDDIR>>/libs/tex/maketexture -I/usr/include/OpenEXR -g -O2 -fdebug-prefix-map=/<<PKGBUILDDIR>>=. -fstack-protector-strong -Wformat -Werror=format-security -pipe -Wall -Wdate-time -D_FORTIFY_SOURCE=2 -Wdate-time -D_FORTIFY_SOURCE=2 -fPIC -o CMakeFiles/aqsis_tex.dir/buffers/imagechannel.cpp.o -c /<<PKGBUILDDIR>>/libs/tex/buffers/imagechannel.cpp
[ 17%] Building CXX object libs/riutil/CMakeFiles/aqsis_riutil.dir/renderutil_filter.cpp.o
cd /<<PKGBUILDDIR>>/obj-x86_64-linux-gnu/libs/riutil && /usr/bin/c++ -DAQSIS_RIUTIL_EXPORTS -DBOOST_ALL_NO_LIB -DBOOST_FILESYSTEM_DYN_LINK -DBOOST_IOSTREAMS_DYN_LINK -DBOOST_SYSTEM_DYN_LINK -DUSE_GZIPPED_RIB -Daqsis_riutil_EXPORTS -I/<<PKGBUILDDIR>>/include -I/<<PKGBUILDDIR>>/obj-x86_64-linux-gnu/include -g -O2 -fdebug-prefix-map=/<<PKGBUILDDIR>>=. -fstack-protector-strong -Wformat -Werror=format-security -pipe -Wall -Wdate-time -D_FORTIFY_SOURCE=2 -Wdate-time -D_FORTIFY_SOURCE=2 -fPIC -o CMakeFiles/aqsis_riutil.dir/renderutil_filter.cpp.o -c /<<PKGBUILDDIR>>/libs/riutil/renderutil_filter.cpp
[ 17%] Generating parse/scanner.cpp
cd /<<PKGBUILDDIR>>/obj-x86_64-linux-gnu/libs/slcomp && /usr/bin/flex -o/<<PKGBUILDDIR>>/obj-x86_64-linux-gnu/libs/slcomp/parse/scanner.cpp /<<PKGBUILDDIR>>/libs/slcomp/parse/scanner.ll
cd /<<PKGBUILDDIR>>/obj-x86_64-linux-gnu && /usr/bin/cmake -E cmake_depends "Unix Makefiles" /<<PKGBUILDDIR>> /<<PKGBUILDDIR>>/libs/slcomp /<<PKGBUILDDIR>>/obj-x86_64-linux-gnu /<<PKGBUILDDIR>>/obj-x86_64-linux-gnu/libs/slcomp /<<PKGBUILDDIR>>/obj-x86_64-linux-gnu/libs/slcomp/CMakeFiles/aqsis_slcomp.dir/DependInfo.cmake --color=
Scanning dependencies of target aqsis_slcomp
make[3]: Leaving directory '/<<PKGBUILDDIR>>/obj-x86_64-linux-gnu'
make  -f libs/slcomp/CMakeFiles/aqsis_slcomp.dir/build.make libs/slcomp/CMakeFiles/aqsis_slcomp.dir/build
make[3]: Entering directory '/<<PKGBUILDDIR>>/obj-x86_64-linux-gnu'
[ 17%] Building CXX object libs/slcomp/CMakeFiles/aqsis_slcomp.dir/parse/funcdef.cpp.o
cd /<<PKGBUILDDIR>>/obj-x86_64-linux-gnu/libs/slcomp && /usr/bin/c++ -DAQSIS_SLCOMP_EXPORTS -DBOOST_ALL_NO_LIB -DBOOST_FILESYSTEM_DYN_LINK -DBOOST_SYSTEM_DYN_LINK -Daqsis_slcomp_EXPORTS -I/<<PKGBUILDDIR>>/include -I/<<PKGBUILDDIR>>/obj-x86_64-linux-gnu/include -I/<<PKGBUILDDIR>>/libs/slcomp/parse -I/<<PKGBUILDDIR>>/obj-x86_64-linux-gnu/libs/slcomp/parse -g -O2 -fdebug-prefix-map=/<<PKGBUILDDIR>>=. -fstack-protector-strong -Wformat -Werror=format-security -pipe -Wall -Wdate-time -D_FORTIFY_SOURCE=2 -Wdate-time -D_FORTIFY_SOURCE=2 -fPIC -o CMakeFiles/aqsis_slcomp.dir/parse/funcdef.cpp.o -c /<<PKGBUILDDIR>>/libs/slcomp/parse/funcdef.cpp
In file included from /<<PKGBUILDDIR>>/libs/slcomp/parse/funcdef.cpp:10:
/<<PKGBUILDDIR>>/libs/slcomp/parse/parsenode.h:151:8: warning: 'Aqsis::CqParseNode::LinkAfter' hides overloaded virtual function [-Woverloaded-virtual]
                void    LinkAfter( CqParseNode* pN )
                        ^
/<<PKGBUILDDIR>>/include/aqsis/util/list.h:85:16: note: hidden overloaded virtual function 'Aqsis::CqListEntry<Aqsis::CqParseNode>::LinkAfter' declared here: type mismatch at 1st parameter ('Aqsis::CqListEntry<Aqsis::CqParseNode> *' vs 'Aqsis::CqParseNode *')
                virtual void    LinkAfter( CqListEntry* pPrevious )
                                ^
[ 17%] Building CXX object libs/riutil/CMakeFiles/aqsis_riutil.dir/tee_filter.cpp.o
cd /<<PKGBUILDDIR>>/obj-x86_64-linux-gnu/libs/riutil && /usr/bin/c++ -DAQSIS_RIUTIL_EXPORTS -DBOOST_ALL_NO_LIB -DBOOST_FILESYSTEM_DYN_LINK -DBOOST_IOSTREAMS_DYN_LINK -DBOOST_SYSTEM_DYN_LINK -DUSE_GZIPPED_RIB -Daqsis_riutil_EXPORTS -I/<<PKGBUILDDIR>>/include -I/<<PKGBUILDDIR>>/obj-x86_64-linux-gnu/include -g -O2 -fdebug-prefix-map=/<<PKGBUILDDIR>>=. -fstack-protector-strong -Wformat -Werror=format-security -pipe -Wall -Wdate-time -D_FORTIFY_SOURCE=2 -Wdate-time -D_FORTIFY_SOURCE=2 -fPIC -o CMakeFiles/aqsis_riutil.dir/tee_filter.cpp.o -c /<<PKGBUILDDIR>>/libs/riutil/tee_filter.cpp
[ 17%] Building CXX object libs/tex/CMakeFiles/aqsis_tex.dir/buffers/mixedimagebuffer.cpp.o
cd /<<PKGBUILDDIR>>/obj-x86_64-linux-gnu/libs/tex && /usr/bin/c++ -DAQSIS_TEX_EXPORTS -DAQSIS_USE_PNG -DBOOST_ALL_NO_LIB -DBOOST_FILESYSTEM_DYN_LINK -DBOOST_SYSTEM_DYN_LINK -DUSE_OPENEXR -Daqsis_tex_EXPORTS -I/<<PKGBUILDDIR>>/include -I/<<PKGBUILDDIR>>/obj-x86_64-linux-gnu/include -I/<<PKGBUILDDIR>>/libs/tex/filtering -I/<<PKGBUILDDIR>>/libs/tex/io -I/<<PKGBUILDDIR>>/libs/tex/maketexture -I/usr/include/OpenEXR -g -O2 -fdebug-prefix-map=/<<PKGBUILDDIR>>=. -fstack-protector-strong -Wformat -Werror=format-security -pipe -Wall -Wdate-time -D_FORTIFY_SOURCE=2 -Wdate-time -D_FORTIFY_SOURCE=2 -fPIC -o CMakeFiles/aqsis_tex.dir/buffers/mixedimagebuffer.cpp.o -c /<<PKGBUILDDIR>>/libs/tex/buffers/mixedimagebuffer.cpp
1 warning generated.
[ 18%] Building CXX object libs/slcomp/CMakeFiles/aqsis_slcomp.dir/parse/libslparse.cpp.o
cd /<<PKGBUILDDIR>>/obj-x86_64-linux-gnu/libs/slcomp && /usr/bin/c++ -DAQSIS_SLCOMP_EXPORTS -DBOOST_ALL_NO_LIB -DBOOST_FILESYSTEM_DYN_LINK -DBOOST_SYSTEM_DYN_LINK -Daqsis_slcomp_EXPORTS -I/<<PKGBUILDDIR>>/include -I/<<PKGBUILDDIR>>/obj-x86_64-linux-gnu/include -I/<<PKGBUILDDIR>>/libs/slcomp/parse -I/<<PKGBUILDDIR>>/obj-x86_64-linux-gnu/libs/slcomp/parse -g -O2 -fdebug-prefix-map=/<<PKGBUILDDIR>>=. -fstack-protector-strong -Wformat -Werror=format-security -pipe -Wall -Wdate-time -D_FORTIFY_SOURCE=2 -Wdate-time -D_FORTIFY_SOURCE=2 -fPIC -o CMakeFiles/aqsis_slcomp.dir/parse/libslparse.cpp.o -c /<<PKGBUILDDIR>>/libs/slcomp/parse/libslparse.cpp
[ 19%] Building CXX object libs/riutil/CMakeFiles/aqsis_riutil.dir/primvartoken.cpp.o
cd /<<PKGBUILDDIR>>/obj-x86_64-linux-gnu/libs/riutil && /usr/bin/c++ -DAQSIS_RIUTIL_EXPORTS -DBOOST_ALL_NO_LIB -DBOOST_FILESYSTEM_DYN_LINK -DBOOST_IOSTREAMS_DYN_LINK -DBOOST_SYSTEM_DYN_LINK -DUSE_GZIPPED_RIB -Daqsis_riutil_EXPORTS -I/<<PKGBUILDDIR>>/include -I/<<PKGBUILDDIR>>/obj-x86_64-linux-gnu/include -g -O2 -fdebug-prefix-map=/<<PKGBUILDDIR>>=. -fstack-protector-strong -Wformat -Werror=format-security -pipe -Wall -Wdate-time -D_FORTIFY_SOURCE=2 -Wdate-time -D_FORTIFY_SOURCE=2 -fPIC -o CMakeFiles/aqsis_riutil.dir/primvartoken.cpp.o -c /<<PKGBUILDDIR>>/libs/riutil/primvartoken.cpp
In file included from /<<PKGBUILDDIR>>/libs/slcomp/parse/libslparse.cpp:30:
/<<PKGBUILDDIR>>/libs/slcomp/parse/parsenode.h:151:8: warning: 'Aqsis::CqParseNode::LinkAfter' hides overloaded virtual function [-Woverloaded-virtual]
                void    LinkAfter( CqParseNode* pN )
                        ^
/<<PKGBUILDDIR>>/include/aqsis/util/list.h:85:16: note: hidden overloaded virtual function 'Aqsis::CqListEntry<Aqsis::CqParseNode>::LinkAfter' declared here: type mismatch at 1st parameter ('Aqsis::CqListEntry<Aqsis::CqParseNode> *' vs 'Aqsis::CqParseNode *')
                virtual void    LinkAfter( CqListEntry* pPrevious )
                                ^
1 warning generated.
[ 19%] Building CXX object libs/slcomp/CMakeFiles/aqsis_slcomp.dir/parse/optimise.cpp.o
cd /<<PKGBUILDDIR>>/obj-x86_64-linux-gnu/libs/slcomp && /usr/bin/c++ -DAQSIS_SLCOMP_EXPORTS -DBOOST_ALL_NO_LIB -DBOOST_FILESYSTEM_DYN_LINK -DBOOST_SYSTEM_DYN_LINK -Daqsis_slcomp_EXPORTS -I/<<PKGBUILDDIR>>/include -I/<<PKGBUILDDIR>>/obj-x86_64-linux-gnu/include -I/<<PKGBUILDDIR>>/libs/slcomp/parse -I/<<PKGBUILDDIR>>/obj-x86_64-linux-gnu/libs/slcomp/parse -g -O2 -fdebug-prefix-map=/<<PKGBUILDDIR>>=. -fstack-protector-strong -Wformat -Werror=format-security -pipe -Wall -Wdate-time -D_FORTIFY_SOURCE=2 -Wdate-time -D_FORTIFY_SOURCE=2 -fPIC -o CMakeFiles/aqsis_slcomp.dir/parse/optimise.cpp.o -c /<<PKGBUILDDIR>>/libs/slcomp/parse/optimise.cpp
In file included from /<<PKGBUILDDIR>>/libs/slcomp/parse/optimise.cpp:10:
/<<PKGBUILDDIR>>/libs/slcomp/parse/parsenode.h:151:8: warning: 'Aqsis::CqParseNode::LinkAfter' hides overloaded virtual function [-Woverloaded-virtual]
                void    LinkAfter( CqParseNode* pN )
                        ^
/<<PKGBUILDDIR>>/include/aqsis/util/list.h:85:16: note: hidden overloaded virtual function 'Aqsis::CqListEntry<Aqsis::CqParseNode>::LinkAfter' declared here: type mismatch at 1st parameter ('Aqsis::CqListEntry<Aqsis::CqParseNode> *' vs 'Aqsis::CqParseNode *')
                virtual void    LinkAfter( CqListEntry* pPrevious )
                                ^
1 warning generated.
[ 19%] Building CXX object libs/slcomp/CMakeFiles/aqsis_slcomp.dir/parse/parsenode.cpp.o
cd /<<PKGBUILDDIR>>/obj-x86_64-linux-gnu/libs/slcomp && /usr/bin/c++ -DAQSIS_SLCOMP_EXPORTS -DBOOST_ALL_NO_LIB -DBOOST_FILESYSTEM_DYN_LINK -DBOOST_SYSTEM_DYN_LINK -Daqsis_slcomp_EXPORTS -I/<<PKGBUILDDIR>>/include -I/<<PKGBUILDDIR>>/obj-x86_64-linux-gnu/include -I/<<PKGBUILDDIR>>/libs/slcomp/parse -I/<<PKGBUILDDIR>>/obj-x86_64-linux-gnu/libs/slcomp/parse -g -O2 -fdebug-prefix-map=/<<PKGBUILDDIR>>=. -fstack-protector-strong -Wformat -Werror=format-security -pipe -Wall -Wdate-time -D_FORTIFY_SOURCE=2 -Wdate-time -D_FORTIFY_SOURCE=2 -fPIC -o CMakeFiles/aqsis_slcomp.dir/parse/parsenode.cpp.o -c /<<PKGBUILDDIR>>/libs/slcomp/parse/parsenode.cpp
In file included from /<<PKGBUILDDIR>>/libs/slcomp/parse/parsenode.cpp:14:
/<<PKGBUILDDIR>>/libs/slcomp/parse/parsenode.h:151:8: warning: 'Aqsis::CqParseNode::LinkAfter' hides overloaded virtual function [-Woverloaded-virtual]
                void    LinkAfter( CqParseNode* pN )
                        ^
/<<PKGBUILDDIR>>/include/aqsis/util/list.h:85:16: note: hidden overloaded virtual function 'Aqsis::CqListEntry<Aqsis::CqParseNode>::LinkAfter' declared here: type mismatch at 1st parameter ('Aqsis::CqListEntry<Aqsis::CqParseNode> *' vs 'Aqsis::CqParseNode *')
                virtual void    LinkAfter( CqListEntry* pPrevious )
                                ^
[ 19%] Building CXX object libs/riutil/CMakeFiles/aqsis_riutil.dir/ribinputbuffer.cpp.o
cd /<<PKGBUILDDIR>>/obj-x86_64-linux-gnu/libs/riutil && /usr/bin/c++ -DAQSIS_RIUTIL_EXPORTS -DBOOST_ALL_NO_LIB -DBOOST_FILESYSTEM_DYN_LINK -DBOOST_IOSTREAMS_DYN_LINK -DBOOST_SYSTEM_DYN_LINK -DUSE_GZIPPED_RIB -Daqsis_riutil_EXPORTS -I/<<PKGBUILDDIR>>/include -I/<<PKGBUILDDIR>>/obj-x86_64-linux-gnu/include -g -O2 -fdebug-prefix-map=/<<PKGBUILDDIR>>=. -fstack-protector-strong -Wformat -Werror=format-security -pipe -Wall -Wdate-time -D_FORTIFY_SOURCE=2 -Wdate-time -D_FORTIFY_SOURCE=2 -fPIC -o CMakeFiles/aqsis_riutil.dir/ribinputbuffer.cpp.o -c /<<PKGBUILDDIR>>/libs/riutil/ribinputbuffer.cpp
[ 20%] Building CXX object libs/tex/CMakeFiles/aqsis_tex.dir/filtering/cachedfilter.cpp.o
cd /<<PKGBUILDDIR>>/obj-x86_64-linux-gnu/libs/tex && /usr/bin/c++ -DAQSIS_TEX_EXPORTS -DAQSIS_USE_PNG -DBOOST_ALL_NO_LIB -DBOOST_FILESYSTEM_DYN_LINK -DBOOST_SYSTEM_DYN_LINK -DUSE_OPENEXR -Daqsis_tex_EXPORTS -I/<<PKGBUILDDIR>>/include -I/<<PKGBUILDDIR>>/obj-x86_64-linux-gnu/include -I/<<PKGBUILDDIR>>/libs/tex/filtering -I/<<PKGBUILDDIR>>/libs/tex/io -I/<<PKGBUILDDIR>>/libs/tex/maketexture -I/usr/include/OpenEXR -g -O2 -fdebug-prefix-map=/<<PKGBUILDDIR>>=. -fstack-protector-strong -Wformat -Werror=format-security -pipe -Wall -Wdate-time -D_FORTIFY_SOURCE=2 -Wdate-time -D_FORTIFY_SOURCE=2 -fPIC -o CMakeFiles/aqsis_tex.dir/filtering/cachedfilter.cpp.o -c /<<PKGBUILDDIR>>/libs/tex/filtering/cachedfilter.cpp
1 warning generated.
[ 21%] Building CXX object libs/slcomp/CMakeFiles/aqsis_slcomp.dir/parse/typecheck.cpp.o
cd /<<PKGBUILDDIR>>/obj-x86_64-linux-gnu/libs/slcomp && /usr/bin/c++ -DAQSIS_SLCOMP_EXPORTS -DBOOST_ALL_NO_LIB -DBOOST_FILESYSTEM_DYN_LINK -DBOOST_SYSTEM_DYN_LINK -Daqsis_slcomp_EXPORTS -I/<<PKGBUILDDIR>>/include -I/<<PKGBUILDDIR>>/obj-x86_64-linux-gnu/include -I/<<PKGBUILDDIR>>/libs/slcomp/parse -I/<<PKGBUILDDIR>>/obj-x86_64-linux-gnu/libs/slcomp/parse -g -O2 -fdebug-prefix-map=/<<PKGBUILDDIR>>=. -fstack-protector-strong -Wformat -Werror=format-security -pipe -Wall -Wdate-time -D_FORTIFY_SOURCE=2 -Wdate-time -D_FORTIFY_SOURCE=2 -fPIC -o CMakeFiles/aqsis_slcomp.dir/parse/typecheck.cpp.o -c /<<PKGBUILDDIR>>/libs/slcomp/parse/typecheck.cpp
In file included from /<<PKGBUILDDIR>>/libs/slcomp/parse/typecheck.cpp:10:
/<<PKGBUILDDIR>>/libs/slcomp/parse/parsenode.h:151:8: warning: 'Aqsis::CqParseNode::LinkAfter' hides overloaded virtual function [-Woverloaded-virtual]
                void    LinkAfter( CqParseNode* pN )
                        ^
/<<PKGBUILDDIR>>/include/aqsis/util/list.h:85:16: note: hidden overloaded virtual function 'Aqsis::CqListEntry<Aqsis::CqParseNode>::LinkAfter' declared here: type mismatch at 1st parameter ('Aqsis::CqListEntry<Aqsis::CqParseNode> *' vs 'Aqsis::CqParseNode *')
                virtual void    LinkAfter( CqListEntry* pPrevious )
                                ^
[ 21%] Building CXX object libs/tex/CMakeFiles/aqsis_tex.dir/filtering/dummyenvironmentsampler.cpp.o
cd /<<PKGBUILDDIR>>/obj-x86_64-linux-gnu/libs/tex && /usr/bin/c++ -DAQSIS_TEX_EXPORTS -DAQSIS_USE_PNG -DBOOST_ALL_NO_LIB -DBOOST_FILESYSTEM_DYN_LINK -DBOOST_SYSTEM_DYN_LINK -DUSE_OPENEXR -Daqsis_tex_EXPORTS -I/<<PKGBUILDDIR>>/include -I/<<PKGBUILDDIR>>/obj-x86_64-linux-gnu/include -I/<<PKGBUILDDIR>>/libs/tex/filtering -I/<<PKGBUILDDIR>>/libs/tex/io -I/<<PKGBUILDDIR>>/libs/tex/maketexture -I/usr/include/OpenEXR -g -O2 -fdebug-prefix-map=/<<PKGBUILDDIR>>=. -fstack-protector-strong -Wformat -Werror=format-security -pipe -Wall -Wdate-time -D_FORTIFY_SOURCE=2 -Wdate-time -D_FORTIFY_SOURCE=2 -fPIC -o CMakeFiles/aqsis_tex.dir/filtering/dummyenvironmentsampler.cpp.o -c /<<PKGBUILDDIR>>/libs/tex/filtering/dummyenvironmentsampler.cpp
[ 22%] Building CXX object libs/riutil/CMakeFiles/aqsis_riutil.dir/riblexer.cpp.o
cd /<<PKGBUILDDIR>>/obj-x86_64-linux-gnu/libs/riutil && /usr/bin/c++ -DAQSIS_RIUTIL_EXPORTS -DBOOST_ALL_NO_LIB -DBOOST_FILESYSTEM_DYN_LINK -DBOOST_IOSTREAMS_DYN_LINK -DBOOST_SYSTEM_DYN_LINK -DUSE_GZIPPED_RIB -Daqsis_riutil_EXPORTS -I/<<PKGBUILDDIR>>/include -I/<<PKGBUILDDIR>>/obj-x86_64-linux-gnu/include -g -O2 -fdebug-prefix-map=/<<PKGBUILDDIR>>=. -fstack-protector-strong -Wformat -Werror=format-security -pipe -Wall -Wdate-time -D_FORTIFY_SOURCE=2 -Wdate-time -D_FORTIFY_SOURCE=2 -fPIC -o CMakeFiles/aqsis_riutil.dir/riblexer.cpp.o -c /<<PKGBUILDDIR>>/libs/riutil/riblexer.cpp
[ 22%] Building CXX object libs/riutil/CMakeFiles/aqsis_riutil.dir/ribparser.cpp.o
cd /<<PKGBUILDDIR>>/obj-x86_64-linux-gnu/libs/riutil && /usr/bin/c++ -DAQSIS_RIUTIL_EXPORTS -DBOOST_ALL_NO_LIB -DBOOST_FILESYSTEM_DYN_LINK -DBOOST_IOSTREAMS_DYN_LINK -DBOOST_SYSTEM_DYN_LINK -DUSE_GZIPPED_RIB -Daqsis_riutil_EXPORTS -I/<<PKGBUILDDIR>>/include -I/<<PKGBUILDDIR>>/obj-x86_64-linux-gnu/include -g -O2 -fdebug-prefix-map=/<<PKGBUILDDIR>>=. -fstack-protector-strong -Wformat -Werror=format-security -pipe -Wall -Wdate-time -D_FORTIFY_SOURCE=2 -Wdate-time -D_FORTIFY_SOURCE=2 -fPIC -o CMakeFiles/aqsis_riutil.dir/ribparser.cpp.o -c /<<PKGBUILDDIR>>/libs/riutil/ribparser.cpp
In file included from /<<PKGBUILDDIR>>/libs/tex/filtering/dummyenvironmentsampler.cpp:38:
In file included from /<<PKGBUILDDIR>>/libs/tex/filtering/dummyenvironmentsampler.h:41:
In file included from /<<PKGBUILDDIR>>/include/aqsis/tex/filtering/ienvironmentsampler.h:46:
/<<PKGBUILDDIR>>/include/aqsis/tex/filtering/texturesampleoptions.h:239:31: error: ISO C++11 does not allow access declarations; use using declarations instead
                CqTextureSampleOptionsBase::sBlur;
                                            ^
                using 
/<<PKGBUILDDIR>>/include/aqsis/tex/filtering/texturesampleoptions.h:240:31: error: ISO C++11 does not allow access declarations; use using declarations instead
                CqTextureSampleOptionsBase::tBlur;
                                            ^
                using 
/<<PKGBUILDDIR>>/include/aqsis/tex/filtering/texturesampleoptions.h:241:31: error: ISO C++11 does not allow access declarations; use using declarations instead
                CqTextureSampleOptionsBase::sWidth;
                                            ^
                using 
/<<PKGBUILDDIR>>/include/aqsis/tex/filtering/texturesampleoptions.h:242:31: error: ISO C++11 does not allow access declarations; use using declarations instead
                CqTextureSampleOptionsBase::tWidth;
                                            ^
                using 
/<<PKGBUILDDIR>>/include/aqsis/tex/filtering/texturesampleoptions.h:243:31: error: ISO C++11 does not allow access declarations; use using declarations instead
                CqTextureSampleOptionsBase::minWidth;
                                            ^
                using 
/<<PKGBUILDDIR>>/include/aqsis/tex/filtering/texturesampleoptions.h:244:31: error: ISO C++11 does not allow access declarations; use using declarations instead
                CqTextureSampleOptionsBase::truncAmount;
                                            ^
                using 
/<<PKGBUILDDIR>>/include/aqsis/tex/filtering/texturesampleoptions.h:245:31: error: ISO C++11 does not allow access declarations; use using declarations instead
                CqTextureSampleOptionsBase::logTruncAmount;
                                            ^
                using 
/<<PKGBUILDDIR>>/include/aqsis/tex/filtering/texturesampleoptions.h:246:31: error: ISO C++11 does not allow access declarations; use using declarations instead
                CqTextureSampleOptionsBase::filterType;
                                            ^
                using 
/<<PKGBUILDDIR>>/include/aqsis/tex/filtering/texturesampleoptions.h:247:31: error: ISO C++11 does not allow access declarations; use using declarations instead
                CqTextureSampleOptionsBase::startChannel;
                                            ^
                using 
/<<PKGBUILDDIR>>/include/aqsis/tex/filtering/texturesampleoptions.h:248:31: error: ISO C++11 does not allow access declarations; use using declarations instead
                CqTextureSampleOptionsBase::numChannels;
                                            ^
                using 
/<<PKGBUILDDIR>>/include/aqsis/tex/filtering/texturesampleoptions.h:249:31: error: ISO C++11 does not allow access declarations; use using declarations instead
                CqTextureSampleOptionsBase::sWrapMode;
                                            ^
                using 
/<<PKGBUILDDIR>>/include/aqsis/tex/filtering/texturesampleoptions.h:250:31: error: ISO C++11 does not allow access declarations; use using declarations instead
                CqTextureSampleOptionsBase::tWrapMode;
                                            ^
                using 
/<<PKGBUILDDIR>>/include/aqsis/tex/filtering/texturesampleoptions.h:253:31: error: ISO C++11 does not allow access declarations; use using declarations instead
                CqTextureSampleOptionsBase::setBlur;
                                            ^
                using 
/<<PKGBUILDDIR>>/include/aqsis/tex/filtering/texturesampleoptions.h:254:31: error: ISO C++11 does not allow access declarations; use using declarations instead
                CqTextureSampleOptionsBase::setSBlur;
                                            ^
                using 
/<<PKGBUILDDIR>>/include/aqsis/tex/filtering/texturesampleoptions.h:255:31: error: ISO C++11 does not allow access declarations; use using declarations instead
                CqTextureSampleOptionsBase::setTBlur;
                                            ^
                using 
/<<PKGBUILDDIR>>/include/aqsis/tex/filtering/texturesampleoptions.h:256:31: error: ISO C++11 does not allow access declarations; use using declarations instead
                CqTextureSampleOptionsBase::setWidth;
                                            ^
                using 
/<<PKGBUILDDIR>>/include/aqsis/tex/filtering/texturesampleoptions.h:257:31: error: ISO C++11 does not allow access declarations; use using declarations instead
                CqTextureSampleOptionsBase::setSWidth;
                                            ^
                using 
/<<PKGBUILDDIR>>/include/aqsis/tex/filtering/texturesampleoptions.h:258:31: error: ISO C++11 does not allow access declarations; use using declarations instead
                CqTextureSampleOptionsBase::setTWidth;
                                            ^
                using 
/<<PKGBUILDDIR>>/include/aqsis/tex/filtering/texturesampleoptions.h:259:31: error: ISO C++11 does not allow access declarations; use using declarations instead
                CqTextureSampleOptionsBase::setMinWidth;
                                            ^
                using 
fatal error: too many errors emitted, stopping now [-ferror-limit=]
20 errors generated.
make[3]: *** [libs/tex/CMakeFiles/aqsis_tex.dir/build.make:124: libs/tex/CMakeFiles/aqsis_tex.dir/filtering/dummyenvironmentsampler.cpp.o] Error 1
make[3]: Leaving directory '/<<PKGBUILDDIR>>/obj-x86_64-linux-gnu'
make[2]: *** [CMakeFiles/Makefile2:796: libs/tex/CMakeFiles/aqsis_tex.dir/all] Error 2
make[2]: *** Waiting for unfinished jobs....
[ 22%] Building CXX object libs/riutil/CMakeFiles/aqsis_riutil.dir/ribtokenizer.cpp.o
cd /<<PKGBUILDDIR>>/obj-x86_64-linux-gnu/libs/riutil && /usr/bin/c++ -DAQSIS_RIUTIL_EXPORTS -DBOOST_ALL_NO_LIB -DBOOST_FILESYSTEM_DYN_LINK -DBOOST_IOSTREAMS_DYN_LINK -DBOOST_SYSTEM_DYN_LINK -DUSE_GZIPPED_RIB -Daqsis_riutil_EXPORTS -I/<<PKGBUILDDIR>>/include -I/<<PKGBUILDDIR>>/obj-x86_64-linux-gnu/include -g -O2 -fdebug-prefix-map=/<<PKGBUILDDIR>>=. -fstack-protector-strong -Wformat -Werror=format-security -pipe -Wall -Wdate-time -D_FORTIFY_SOURCE=2 -Wdate-time -D_FORTIFY_SOURCE=2 -fPIC -o CMakeFiles/aqsis_riutil.dir/ribtokenizer.cpp.o -c /<<PKGBUILDDIR>>/libs/riutil/ribtokenizer.cpp
1 warning generated.
[ 22%] Building CXX object libs/slcomp/CMakeFiles/aqsis_slcomp.dir/parse/vardef.cpp.o
cd /<<PKGBUILDDIR>>/obj-x86_64-linux-gnu/libs/slcomp && /usr/bin/c++ -DAQSIS_SLCOMP_EXPORTS -DBOOST_ALL_NO_LIB -DBOOST_FILESYSTEM_DYN_LINK -DBOOST_SYSTEM_DYN_LINK -Daqsis_slcomp_EXPORTS -I/<<PKGBUILDDIR>>/include -I/<<PKGBUILDDIR>>/obj-x86_64-linux-gnu/include -I/<<PKGBUILDDIR>>/libs/slcomp/parse -I/<<PKGBUILDDIR>>/obj-x86_64-linux-gnu/libs/slcomp/parse -g -O2 -fdebug-prefix-map=/<<PKGBUILDDIR>>=. -fstack-protector-strong -Wformat -Werror=format-security -pipe -Wall -Wdate-time -D_FORTIFY_SOURCE=2 -Wdate-time -D_FORTIFY_SOURCE=2 -fPIC -o CMakeFiles/aqsis_slcomp.dir/parse/vardef.cpp.o -c /<<PKGBUILDDIR>>/libs/slcomp/parse/vardef.cpp
In file included from /<<PKGBUILDDIR>>/libs/slcomp/parse/vardef.cpp:10:
/<<PKGBUILDDIR>>/libs/slcomp/parse/parsenode.h:151:8: warning: 'Aqsis::CqParseNode::LinkAfter' hides overloaded virtual function [-Woverloaded-virtual]
                void    LinkAfter( CqParseNode* pN )
                        ^
/<<PKGBUILDDIR>>/include/aqsis/util/list.h:85:16: note: hidden overloaded virtual function 'Aqsis::CqListEntry<Aqsis::CqParseNode>::LinkAfter' declared here: type mismatch at 1st parameter ('Aqsis::CqListEntry<Aqsis::CqParseNode> *' vs 'Aqsis::CqParseNode *')
                virtual void    LinkAfter( CqListEntry* pPrevious )
                                ^
1 warning generated.
[ 23%] Building CXX object libs/slcomp/CMakeFiles/aqsis_slcomp.dir/parse/scanner.cpp.o
cd /<<PKGBUILDDIR>>/obj-x86_64-linux-gnu/libs/slcomp && /usr/bin/c++ -DAQSIS_SLCOMP_EXPORTS -DBOOST_ALL_NO_LIB -DBOOST_FILESYSTEM_DYN_LINK -DBOOST_SYSTEM_DYN_LINK -Daqsis_slcomp_EXPORTS -I/<<PKGBUILDDIR>>/include -I/<<PKGBUILDDIR>>/obj-x86_64-linux-gnu/include -I/<<PKGBUILDDIR>>/libs/slcomp/parse -I/<<PKGBUILDDIR>>/obj-x86_64-linux-gnu/libs/slcomp/parse -g -O2 -fdebug-prefix-map=/<<PKGBUILDDIR>>=. -fstack-protector-strong -Wformat -Werror=format-security -pipe -Wall -Wdate-time -D_FORTIFY_SOURCE=2 -Wdate-time -D_FORTIFY_SOURCE=2 -fPIC -o CMakeFiles/aqsis_slcomp.dir/parse/scanner.cpp.o -c /<<PKGBUILDDIR>>/obj-x86_64-linux-gnu/libs/slcomp/parse/scanner.cpp
In file included from /<<PKGBUILDDIR>>/libs/slcomp/parse/scanner.ll:12:
/<<PKGBUILDDIR>>/libs/slcomp/parse/parsenode.h:151:8: warning: 'Aqsis::CqParseNode::LinkAfter' hides overloaded virtual function [-Woverloaded-virtual]
                void    LinkAfter( CqParseNode* pN )
                        ^
/<<PKGBUILDDIR>>/include/aqsis/util/list.h:85:16: note: hidden overloaded virtual function 'Aqsis::CqListEntry<Aqsis::CqParseNode>::LinkAfter' declared here: type mismatch at 1st parameter ('Aqsis::CqListEntry<Aqsis::CqParseNode> *' vs 'Aqsis::CqParseNode *')
                virtual void    LinkAfter( CqListEntry* pPrevious )
                                ^
[ 24%] Building CXX object libs/riutil/CMakeFiles/aqsis_riutil.dir/ribwriter.cpp.o
cd /<<PKGBUILDDIR>>/obj-x86_64-linux-gnu/libs/riutil && /usr/bin/c++ -DAQSIS_RIUTIL_EXPORTS -DBOOST_ALL_NO_LIB -DBOOST_FILESYSTEM_DYN_LINK -DBOOST_IOSTREAMS_DYN_LINK -DBOOST_SYSTEM_DYN_LINK -DUSE_GZIPPED_RIB -Daqsis_riutil_EXPORTS -I/<<PKGBUILDDIR>>/include -I/<<PKGBUILDDIR>>/obj-x86_64-linux-gnu/include -g -O2 -fdebug-prefix-map=/<<PKGBUILDDIR>>=. -fstack-protector-strong -Wformat -Werror=format-security -pipe -Wall -Wdate-time -D_FORTIFY_SOURCE=2 -Wdate-time -D_FORTIFY_SOURCE=2 -fPIC -o CMakeFiles/aqsis_riutil.dir/ribwriter.cpp.o -c /<<PKGBUILDDIR>>/libs/riutil/ribwriter.cpp
/<<PKGBUILDDIR>>/obj-x86_64-linux-gnu/libs/slcomp/parse/scanner.cpp:1838:16: warning: function 'yyinput' is not needed and will not be emitted [-Wunneeded-internal-declaration]
    static int yyinput (void)
               ^
[ 24%] Building CXX object libs/riutil/CMakeFiles/aqsis_riutil.dir/ricxx_filter.cpp.o
cd /<<PKGBUILDDIR>>/obj-x86_64-linux-gnu/libs/riutil && /usr/bin/c++ -DAQSIS_RIUTIL_EXPORTS -DBOOST_ALL_NO_LIB -DBOOST_FILESYSTEM_DYN_LINK -DBOOST_IOSTREAMS_DYN_LINK -DBOOST_SYSTEM_DYN_LINK -DUSE_GZIPPED_RIB -Daqsis_riutil_EXPORTS -I/<<PKGBUILDDIR>>/include -I/<<PKGBUILDDIR>>/obj-x86_64-linux-gnu/include -g -O2 -fdebug-prefix-map=/<<PKGBUILDDIR>>=. -fstack-protector-strong -Wformat -Werror=format-security -pipe -Wall -Wdate-time -D_FORTIFY_SOURCE=2 -Wdate-time -D_FORTIFY_SOURCE=2 -fPIC -o CMakeFiles/aqsis_riutil.dir/ricxx_filter.cpp.o -c /<<PKGBUILDDIR>>/libs/riutil/ricxx_filter.cpp
2 warnings generated.
[ 24%] Building CXX object libs/slcomp/CMakeFiles/aqsis_slcomp.dir/parse/parser.cpp.o
cd /<<PKGBUILDDIR>>/obj-x86_64-linux-gnu/libs/slcomp && /usr/bin/c++ -DAQSIS_SLCOMP_EXPORTS -DBOOST_ALL_NO_LIB -DBOOST_FILESYSTEM_DYN_LINK -DBOOST_SYSTEM_DYN_LINK -Daqsis_slcomp_EXPORTS -I/<<PKGBUILDDIR>>/include -I/<<PKGBUILDDIR>>/obj-x86_64-linux-gnu/include -I/<<PKGBUILDDIR>>/libs/slcomp/parse -I/<<PKGBUILDDIR>>/obj-x86_64-linux-gnu/libs/slcomp/parse -g -O2 -fdebug-prefix-map=/<<PKGBUILDDIR>>=. -fstack-protector-strong -Wformat -Werror=format-security -pipe -Wall -Wdate-time -D_FORTIFY_SOURCE=2 -Wdate-time -D_FORTIFY_SOURCE=2 -fPIC -o CMakeFiles/aqsis_slcomp.dir/parse/parser.cpp.o -c /<<PKGBUILDDIR>>/obj-x86_64-linux-gnu/libs/slcomp/parse/parser.cpp
In file included from /<<PKGBUILDDIR>>/libs/slcomp/parse/parser.yy:29:
/<<PKGBUILDDIR>>/libs/slcomp/parse/parsenode.h:151:8: warning: 'Aqsis::CqParseNode::LinkAfter' hides overloaded virtual function [-Woverloaded-virtual]
                void    LinkAfter( CqParseNode* pN )
                        ^
/<<PKGBUILDDIR>>/include/aqsis/util/list.h:85:16: note: hidden overloaded virtual function 'Aqsis::CqListEntry<Aqsis::CqParseNode>::LinkAfter' declared here: type mismatch at 1st parameter ('Aqsis::CqListEntry<Aqsis::CqParseNode> *' vs 'Aqsis::CqParseNode *')
                virtual void    LinkAfter( CqListEntry* pPrevious )
                                ^
[ 24%] Building CXX object libs/riutil/CMakeFiles/aqsis_riutil.dir/ricxx_validate.cpp.o
cd /<<PKGBUILDDIR>>/obj-x86_64-linux-gnu/libs/riutil && /usr/bin/c++ -DAQSIS_RIUTIL_EXPORTS -DBOOST_ALL_NO_LIB -DBOOST_FILESYSTEM_DYN_LINK -DBOOST_IOSTREAMS_DYN_LINK -DBOOST_SYSTEM_DYN_LINK -DUSE_GZIPPED_RIB -Daqsis_riutil_EXPORTS -I/<<PKGBUILDDIR>>/include -I/<<PKGBUILDDIR>>/obj-x86_64-linux-gnu/include -g -O2 -fdebug-prefix-map=/<<PKGBUILDDIR>>=. -fstack-protector-strong -Wformat -Werror=format-security -pipe -Wall -Wdate-time -D_FORTIFY_SOURCE=2 -Wdate-time -D_FORTIFY_SOURCE=2 -fPIC -o CMakeFiles/aqsis_riutil.dir/ricxx_validate.cpp.o -c /<<PKGBUILDDIR>>/libs/riutil/ricxx_validate.cpp
[ 25%] Building CXX object libs/riutil/CMakeFiles/aqsis_riutil.dir/tokendictionary.cpp.o
cd /<<PKGBUILDDIR>>/obj-x86_64-linux-gnu/libs/riutil && /usr/bin/c++ -DAQSIS_RIUTIL_EXPORTS -DBOOST_ALL_NO_LIB -DBOOST_FILESYSTEM_DYN_LINK -DBOOST_IOSTREAMS_DYN_LINK -DBOOST_SYSTEM_DYN_LINK -DUSE_GZIPPED_RIB -Daqsis_riutil_EXPORTS -I/<<PKGBUILDDIR>>/include -I/<<PKGBUILDDIR>>/obj-x86_64-linux-gnu/include -g -O2 -fdebug-prefix-map=/<<PKGBUILDDIR>>=. -fstack-protector-strong -Wformat -Werror=format-security -pipe -Wall -Wdate-time -D_FORTIFY_SOURCE=2 -Wdate-time -D_FORTIFY_SOURCE=2 -fPIC -o CMakeFiles/aqsis_riutil.dir/tokendictionary.cpp.o -c /<<PKGBUILDDIR>>/libs/riutil/tokendictionary.cpp
[ 25%] Building CXX object libs/slcomp/CMakeFiles/aqsis_slcomp.dir/backend/codegengraphviz.cpp.o
cd /<<PKGBUILDDIR>>/obj-x86_64-linux-gnu/libs/slcomp && /usr/bin/c++ -DAQSIS_SLCOMP_EXPORTS -DBOOST_ALL_NO_LIB -DBOOST_FILESYSTEM_DYN_LINK -DBOOST_SYSTEM_DYN_LINK -Daqsis_slcomp_EXPORTS -I/<<PKGBUILDDIR>>/include -I/<<PKGBUILDDIR>>/obj-x86_64-linux-gnu/include -I/<<PKGBUILDDIR>>/libs/slcomp/parse -I/<<PKGBUILDDIR>>/obj-x86_64-linux-gnu/libs/slcomp/parse -g -O2 -fdebug-prefix-map=/<<PKGBUILDDIR>>=. -fstack-protector-strong -Wformat -Werror=format-security -pipe -Wall -Wdate-time -D_FORTIFY_SOURCE=2 -Wdate-time -D_FORTIFY_SOURCE=2 -fPIC -o CMakeFiles/aqsis_slcomp.dir/backend/codegengraphviz.cpp.o -c /<<PKGBUILDDIR>>/libs/slcomp/backend/codegengraphviz.cpp
In file included from /<<PKGBUILDDIR>>/libs/slcomp/backend/codegengraphviz.cpp:30:
In file included from /<<PKGBUILDDIR>>/libs/slcomp/backend/parsetreeviz.h:35:
In file included from /<<PKGBUILDDIR>>/include/aqsis/slcomp/iparsenode.h:33:
/<<PKGBUILDDIR>>/include/aqsis/slcomp/ifuncdef.h:34:1: warning: struct 'IqParseNode' was previously declared as a class; this is valid, but may result in linker errors under the Microsoft C++ ABI [-Wmismatched-tags]
struct IqParseNode;
^
/<<PKGBUILDDIR>>/include/aqsis/slcomp/icodegen.h:36:7: note: previous use is here
class IqParseNode;
      ^
In file included from /<<PKGBUILDDIR>>/libs/slcomp/backend/codegengraphviz.cpp:30:
In file included from /<<PKGBUILDDIR>>/libs/slcomp/backend/parsetreeviz.h:35:
/<<PKGBUILDDIR>>/include/aqsis/slcomp/iparsenode.h:225:1: warning: 'IqParseNode' defined as a struct here but previously declared as a class; this is valid, but may result in linker errors under the Microsoft C++ ABI [-Wmismatched-tags]
struct IqParseNode
^
/<<PKGBUILDDIR>>/include/aqsis/slcomp/icodegen.h:36:1: note: did you mean struct here?
class IqParseNode;
^~~~~
struct
1 warning generated.
[ 26%] Building CXX object libs/slcomp/CMakeFiles/aqsis_slcomp.dir/backend/codegenvm.cpp.o
cd /<<PKGBUILDDIR>>/obj-x86_64-linux-gnu/libs/slcomp && /usr/bin/c++ -DAQSIS_SLCOMP_EXPORTS -DBOOST_ALL_NO_LIB -DBOOST_FILESYSTEM_DYN_LINK -DBOOST_SYSTEM_DYN_LINK -Daqsis_slcomp_EXPORTS -I/<<PKGBUILDDIR>>/include -I/<<PKGBUILDDIR>>/obj-x86_64-linux-gnu/include -I/<<PKGBUILDDIR>>/libs/slcomp/parse -I/<<PKGBUILDDIR>>/obj-x86_64-linux-gnu/libs/slcomp/parse -g -O2 -fdebug-prefix-map=/<<PKGBUILDDIR>>=. -fstack-protector-strong -Wformat -Werror=format-security -pipe -Wall -Wdate-time -D_FORTIFY_SOURCE=2 -Wdate-time -D_FORTIFY_SOURCE=2 -fPIC -o CMakeFiles/aqsis_slcomp.dir/backend/codegenvm.cpp.o -c /<<PKGBUILDDIR>>/libs/slcomp/backend/codegenvm.cpp
2 warnings generated.
[ 26%] Building CXX object libs/slcomp/CMakeFiles/aqsis_slcomp.dir/backend/parsetreeviz.cpp.o
cd /<<PKGBUILDDIR>>/obj-x86_64-linux-gnu/libs/slcomp && /usr/bin/c++ -DAQSIS_SLCOMP_EXPORTS -DBOOST_ALL_NO_LIB -DBOOST_FILESYSTEM_DYN_LINK -DBOOST_SYSTEM_DYN_LINK -Daqsis_slcomp_EXPORTS -I/<<PKGBUILDDIR>>/include -I/<<PKGBUILDDIR>>/obj-x86_64-linux-gnu/include -I/<<PKGBUILDDIR>>/libs/slcomp/parse -I/<<PKGBUILDDIR>>/obj-x86_64-linux-gnu/libs/slcomp/parse -g -O2 -fdebug-prefix-map=/<<PKGBUILDDIR>>=. -fstack-protector-strong -Wformat -Werror=format-security -pipe -Wall -Wdate-time -D_FORTIFY_SOURCE=2 -Wdate-time -D_FORTIFY_SOURCE=2 -fPIC -o CMakeFiles/aqsis_slcomp.dir/backend/parsetreeviz.cpp.o -c /<<PKGBUILDDIR>>/libs/slcomp/backend/parsetreeviz.cpp
[ 27%] Building CXX object libs/slcomp/CMakeFiles/aqsis_slcomp.dir/backend/vmdatagather.cpp.o
cd /<<PKGBUILDDIR>>/obj-x86_64-linux-gnu/libs/slcomp && /usr/bin/c++ -DAQSIS_SLCOMP_EXPORTS -DBOOST_ALL_NO_LIB -DBOOST_FILESYSTEM_DYN_LINK -DBOOST_SYSTEM_DYN_LINK -Daqsis_slcomp_EXPORTS -I/<<PKGBUILDDIR>>/include -I/<<PKGBUILDDIR>>/obj-x86_64-linux-gnu/include -I/<<PKGBUILDDIR>>/libs/slcomp/parse -I/<<PKGBUILDDIR>>/obj-x86_64-linux-gnu/libs/slcomp/parse -g -O2 -fdebug-prefix-map=/<<PKGBUILDDIR>>=. -fstack-protector-strong -Wformat -Werror=format-security -pipe -Wall -Wdate-time -D_FORTIFY_SOURCE=2 -Wdate-time -D_FORTIFY_SOURCE=2 -fPIC -o CMakeFiles/aqsis_slcomp.dir/backend/vmdatagather.cpp.o -c /<<PKGBUILDDIR>>/libs/slcomp/backend/vmdatagather.cpp
In file included from /<<PKGBUILDDIR>>/libs/slcomp/backend/codegenvm.cpp:33:
In file included from /<<PKGBUILDDIR>>/libs/slcomp/backend/vmdatagather.h:36:
In file included from /<<PKGBUILDDIR>>/include/aqsis/slcomp/iparsenode.h:33:
/<<PKGBUILDDIR>>/include/aqsis/slcomp/ifuncdef.h:34:1: warning: struct 'IqParseNode' was previously declared as a class; this is valid, but may result in linker errors under the Microsoft C++ ABI [-Wmismatched-tags]
struct IqParseNode;
^
/<<PKGBUILDDIR>>/include/aqsis/slcomp/icodegen.h:36:7: note: previous use is here
class IqParseNode;
      ^
In file included from /<<PKGBUILDDIR>>/libs/slcomp/backend/codegenvm.cpp:33:
In file included from /<<PKGBUILDDIR>>/libs/slcomp/backend/vmdatagather.h:36:
/<<PKGBUILDDIR>>/include/aqsis/slcomp/iparsenode.h:225:1: warning: 'IqParseNode' defined as a struct here but previously declared as a class; this is valid, but may result in linker errors under the Microsoft C++ ABI [-Wmismatched-tags]
struct IqParseNode
^
/<<PKGBUILDDIR>>/include/aqsis/slcomp/icodegen.h:36:1: note: did you mean struct here?
class IqParseNode;
^~~~~
struct
In file included from /<<PKGBUILDDIR>>/libs/slcomp/backend/vmdatagather.cpp:38:
In file included from /<<PKGBUILDDIR>>/libs/slcomp/backend/vmdatagather.h:39:
/<<PKGBUILDDIR>>/include/aqsis/slcomp/icodegen.h:36:1: warning: class 'IqParseNode' was previously declared as a struct; this is valid, but may result in linker errors under the Microsoft C++ ABI [-Wmismatched-tags]
class IqParseNode;
^
/<<PKGBUILDDIR>>/include/aqsis/slcomp/iparsenode.h:225:8: note: previous use is here
struct IqParseNode
       ^
/<<PKGBUILDDIR>>/include/aqsis/slcomp/icodegen.h:36:1: note: did you mean struct here?
class IqParseNode;
^~~~~
struct
In file included from /<<PKGBUILDDIR>>/libs/slcomp/backend/vmdatagather.cpp:40:
/<<PKGBUILDDIR>>/libs/slcomp/parse/parsenode.h:151:8: warning: 'Aqsis::CqParseNode::LinkAfter' hides overloaded virtual function [-Woverloaded-virtual]
                void    LinkAfter( CqParseNode* pN )
                        ^
/<<PKGBUILDDIR>>/include/aqsis/util/list.h:85:16: note: hidden overloaded virtual function 'Aqsis::CqListEntry<Aqsis::CqParseNode>::LinkAfter' declared here: type mismatch at 1st parameter ('Aqsis::CqListEntry<Aqsis::CqParseNode> *' vs 'Aqsis::CqParseNode *')
                virtual void    LinkAfter( CqListEntry* pPrevious )
                                ^
In file included from /<<PKGBUILDDIR>>/libs/slcomp/backend/parsetreeviz.cpp:32:
/<<PKGBUILDDIR>>/include/aqsis/slcomp/icodegen.h:36:1: warning: class 'IqParseNode' was previously declared as a struct; this is valid, but may result in linker errors under the Microsoft C++ ABI [-Wmismatched-tags]
class IqParseNode;
^
/<<PKGBUILDDIR>>/include/aqsis/slcomp/iparsenode.h:225:8: note: previous use is here
struct IqParseNode
       ^
/<<PKGBUILDDIR>>/include/aqsis/slcomp/icodegen.h:36:1: note: did you mean struct here?
class IqParseNode;
^~~~~
struct
2 warnings generated.
[ 27%] Building CXX object libs/slcomp/CMakeFiles/aqsis_slcomp.dir/backend/vmoutput.cpp.o
cd /<<PKGBUILDDIR>>/obj-x86_64-linux-gnu/libs/slcomp && /usr/bin/c++ -DAQSIS_SLCOMP_EXPORTS -DBOOST_ALL_NO_LIB -DBOOST_FILESYSTEM_DYN_LINK -DBOOST_SYSTEM_DYN_LINK -Daqsis_slcomp_EXPORTS -I/<<PKGBUILDDIR>>/include -I/<<PKGBUILDDIR>>/obj-x86_64-linux-gnu/include -I/<<PKGBUILDDIR>>/libs/slcomp/parse -I/<<PKGBUILDDIR>>/obj-x86_64-linux-gnu/libs/slcomp/parse -g -O2 -fdebug-prefix-map=/<<PKGBUILDDIR>>=. -fstack-protector-strong -Wformat -Werror=format-security -pipe -Wall -Wdate-time -D_FORTIFY_SOURCE=2 -Wdate-time -D_FORTIFY_SOURCE=2 -fPIC -o CMakeFiles/aqsis_slcomp.dir/backend/vmoutput.cpp.o -c /<<PKGBUILDDIR>>/libs/slcomp/backend/vmoutput.cpp
2 warnings generated.
In file included from /<<PKGBUILDDIR>>/libs/slcomp/backend/vmoutput.cpp:38:
In file included from /<<PKGBUILDDIR>>/libs/slcomp/backend/vmoutput.h:40:
/<<PKGBUILDDIR>>/include/aqsis/slcomp/icodegen.h:36:1: warning: class 'IqParseNode' was previously declared as a struct; this is valid, but may result in linker errors under the Microsoft C++ ABI [-Wmismatched-tags]
class IqParseNode;
^
/<<PKGBUILDDIR>>/include/aqsis/slcomp/iparsenode.h:225:8: note: previous use is here
struct IqParseNode
       ^
/<<PKGBUILDDIR>>/include/aqsis/slcomp/icodegen.h:36:1: note: did you mean struct here?
class IqParseNode;
^~~~~
struct
In file included from /<<PKGBUILDDIR>>/libs/slcomp/backend/vmoutput.cpp:40:
/<<PKGBUILDDIR>>/libs/slcomp/parse/parsenode.h:151:8: warning: 'Aqsis::CqParseNode::LinkAfter' hides overloaded virtual function [-Woverloaded-virtual]
                void    LinkAfter( CqParseNode* pN )
                        ^
/<<PKGBUILDDIR>>/include/aqsis/util/list.h:85:16: note: hidden overloaded virtual function 'Aqsis::CqListEntry<Aqsis::CqParseNode>::LinkAfter' declared here: type mismatch at 1st parameter ('Aqsis::CqListEntry<Aqsis::CqParseNode> *' vs 'Aqsis::CqParseNode *')
                virtual void    LinkAfter( CqListEntry* pPrevious )
                                ^
[ 27%] Linking CXX shared library libaqsis_riutil.so
cd /<<PKGBUILDDIR>>/obj-x86_64-linux-gnu/libs/riutil && /usr/bin/cmake -E cmake_link_script CMakeFiles/aqsis_riutil.dir/link.txt --verbose=1
/usr/bin/c++ -fPIC -g -O2 -fdebug-prefix-map=/<<PKGBUILDDIR>>=. -fstack-protector-strong -Wformat -Werror=format-security -pipe -Wall -Wdate-time -D_FORTIFY_SOURCE=2 -Wdate-time -D_FORTIFY_SOURCE=2 -Wl,-z,relro -Wl,-z,now -Wl,-Bsymbolic -Wl,--as-needed -shared -Wl,-soname,libaqsis_riutil.so.1 -o libaqsis_riutil.so.1.8 CMakeFiles/aqsis_riutil.dir/framedrop_filter.cpp.o CMakeFiles/aqsis_riutil.dir/renderutil_filter.cpp.o CMakeFiles/aqsis_riutil.dir/tee_filter.cpp.o CMakeFiles/aqsis_riutil.dir/primvartoken.cpp.o CMakeFiles/aqsis_riutil.dir/ribinputbuffer.cpp.o CMakeFiles/aqsis_riutil.dir/riblexer.cpp.o CMakeFiles/aqsis_riutil.dir/ribparser.cpp.o CMakeFiles/aqsis_riutil.dir/ribtokenizer.cpp.o CMakeFiles/aqsis_riutil.dir/ribwriter.cpp.o CMakeFiles/aqsis_riutil.dir/ricxx_filter.cpp.o CMakeFiles/aqsis_riutil.dir/ricxx_validate.cpp.o CMakeFiles/aqsis_riutil.dir/tokendictionary.cpp.o  -Wl,-rpath,/<<PKGBUILDDIR>>/obj-x86_64-linux-gnu/libs/util: ../util/libaqsis_util.so.1.8 /usr/lib/x86_64-linux-gnu/libboost_iostreams.so.1.71.0 -lz /usr/lib/x86_64-linux-gnu/libboost_filesystem.so.1.71.0 -ldl /usr/lib/x86_64-linux-gnu/libboost_system.so.1.71.0 
cd /<<PKGBUILDDIR>>/obj-x86_64-linux-gnu/libs/riutil && /usr/bin/cmake -E cmake_symlink_library libaqsis_riutil.so.1.8 libaqsis_riutil.so.1 libaqsis_riutil.so
make[3]: Leaving directory '/<<PKGBUILDDIR>>/obj-x86_64-linux-gnu'
[ 27%] Built target aqsis_riutil
2 warnings generated.
1 warning generated.
[ 27%] Linking CXX shared library libaqsis_slcomp.so
cd /<<PKGBUILDDIR>>/obj-x86_64-linux-gnu/libs/slcomp && /usr/bin/cmake -E cmake_link_script CMakeFiles/aqsis_slcomp.dir/link.txt --verbose=1
/usr/bin/c++ -fPIC -g -O2 -fdebug-prefix-map=/<<PKGBUILDDIR>>=. -fstack-protector-strong -Wformat -Werror=format-security -pipe -Wall -Wdate-time -D_FORTIFY_SOURCE=2 -Wdate-time -D_FORTIFY_SOURCE=2 -Wl,-z,relro -Wl,-z,now -Wl,-Bsymbolic -Wl,--as-needed -shared -Wl,-soname,libaqsis_slcomp.so.1 -o libaqsis_slcomp.so.1.8 CMakeFiles/aqsis_slcomp.dir/parse/funcdef.cpp.o CMakeFiles/aqsis_slcomp.dir/parse/libslparse.cpp.o CMakeFiles/aqsis_slcomp.dir/parse/optimise.cpp.o CMakeFiles/aqsis_slcomp.dir/parse/parsenode.cpp.o CMakeFiles/aqsis_slcomp.dir/parse/typecheck.cpp.o CMakeFiles/aqsis_slcomp.dir/parse/vardef.cpp.o CMakeFiles/aqsis_slcomp.dir/parse/scanner.cpp.o CMakeFiles/aqsis_slcomp.dir/parse/parser.cpp.o CMakeFiles/aqsis_slcomp.dir/backend/codegengraphviz.cpp.o CMakeFiles/aqsis_slcomp.dir/backend/codegenvm.cpp.o CMakeFiles/aqsis_slcomp.dir/backend/parsetreeviz.cpp.o CMakeFiles/aqsis_slcomp.dir/backend/vmdatagather.cpp.o CMakeFiles/aqsis_slcomp.dir/backend/vmoutput.cpp.o  -Wl,-rpath,/<<PKGBUILDDIR>>/obj-x86_64-linux-gnu/libs/util: ../util/libaqsis_util.so.1.8 /usr/lib/x86_64-linux-gnu/libboost_filesystem.so.1.71.0 -ldl /usr/lib/x86_64-linux-gnu/libboost_system.so.1.71.0 
cd /<<PKGBUILDDIR>>/obj-x86_64-linux-gnu/libs/slcomp && /usr/bin/cmake -E cmake_symlink_library libaqsis_slcomp.so.1.8 libaqsis_slcomp.so.1 libaqsis_slcomp.so
make[3]: Leaving directory '/<<PKGBUILDDIR>>/obj-x86_64-linux-gnu'
[ 27%] Built target aqsis_slcomp
make[2]: Leaving directory '/<<PKGBUILDDIR>>/obj-x86_64-linux-gnu'
make[1]: *** [Makefile:174: all] Error 2
make[1]: Leaving directory '/<<PKGBUILDDIR>>/obj-x86_64-linux-gnu'
dh_auto_build: error: cd obj-x86_64-linux-gnu && make -j4 "INSTALL=install --strip-program=true" returned exit code 2
make: *** [debian/rules:18: binary] Error 25
dpkg-buildpackage: error: debian/rules binary subprocess returned exit status 2
--------------------------------------------------------------------------------
Build finished at 2020-10-29T19:30:32Z

Finished
--------


+------------------------------------------------------------------------------+
| Cleanup                                                                      |
+------------------------------------------------------------------------------+

Purging /<<BUILDDIR>>
Not cleaning session: cloned chroot in use
E: Build failure (dpkg-buildpackage died)

+------------------------------------------------------------------------------+
| Summary                                                                      |
+------------------------------------------------------------------------------+

Build Architecture: amd64
Build Type: binary
Build-Space: 72584
Build-Time: 31
Distribution: unstable
Fail-Stage: build
Host Architecture: amd64
Install-Time: 15
Job: aqsis_1.8.2-12
Machine Architecture: amd64
Package: aqsis
Package-Time: 63
Source-Version: 1.8.2-12
Space: 72584
Status: attempted
Version: 1.8.2-12
--------------------------------------------------------------------------------
Finished at 2020-10-29T19:30:32Z
Build needed 00:01:03, 72584k disk space
E: Build failure (dpkg-buildpackage died)
DC-Status: Failed 64.150512243s
DC-Time-Estimation: 64.150512243 versus expected 263 (r/m: 3.099733436324948 ; m: 64.150512243)
