DC-Build-Header: axc 0.3.3-1 / 2020-10-29 20:15:01 +0000
DC-Task: type:rebuild-binarch-only source:axc version:0.3.3-1 chroot:unstable esttime:21 logfile:/tmp/axc_0.3.3-1_unstable_clang11.log modes:clang11:binarch-only
DC-Sbuild-call: su user42 -c 'sbuild -n --arch-any --apt-update -d unstable -v --no-run-lintian --chroot-setup-commands=/tmp/clang11 axc_0.3.3-1'
sbuild (Debian sbuild) 0.78.1 (09 February 2019) on ip-172-31-5-127.eu-central-1.compute.internal

+==============================================================================+
| axc 0.3.3-1 (amd64)                          Thu, 29 Oct 2020 20:15:01 +0000 |
+==============================================================================+

Package: axc
Version: 0.3.3-1
Source Version: 0.3.3-1
Distribution: unstable
Machine Architecture: amd64
Host Architecture: amd64
Build Architecture: amd64
Build Type: binary

I: NOTICE: Log filtering will replace 'var/run/schroot/mount/sid-amd64-sbuild-397b9e82-7d3e-4919-aeed-94a4fb749dfc' with '<<CHROOT>>'

+------------------------------------------------------------------------------+
| Chroot Setup Commands                                                        |
+------------------------------------------------------------------------------+


/tmp/clang11
------------

+ echo 'Entering customization script...'
Entering customization script...
+ CLANG_VERSION=10
+ echo 'Install of clang-10'
Install of clang-10
+ apt-get update
Get:1 http://127.0.0.1:12990/debian sid InRelease [146 kB]
Get:2 http://127.0.0.1:12990/debian sid/main Sources.diff/Index [734 B]
Ign:2 http://127.0.0.1:12990/debian sid/main Sources.diff/Index
Get:3 http://127.0.0.1:12990/debian sid/main amd64 Packages.diff/Index [734 B]
Ign:3 http://127.0.0.1:12990/debian sid/main amd64 Packages.diff/Index
Get:4 http://127.0.0.1:12990/debian sid/main Translation-en [6391 kB]
Get:5 http://127.0.0.1:12990/debian sid/main Sources [8989 kB]
Get:6 http://127.0.0.1:12990/debian sid/main amd64 Packages [8492 kB]
Fetched 24.0 MB in 3s (6936 kB/s)
Reading package lists...
+ apt-get install --yes --no-install-recommends --force-yes clang-10 libomp-10-dev libobjc-9-dev
Reading package lists...
Building dependency tree...
The following additional packages will be installed:
  lib32gcc-s1 lib32stdc++6 libasan5 libbsd0 libc6-i386 libclang-common-10-dev
  libclang-cpp10 libclang1-10 libedit2 libgc1 libgcc-9-dev libllvm10
  libobjc-10-dev libobjc4 libomp5-10 libz3-4
Suggested packages:
  clang-10-doc libomp-10-doc
Recommended packages:
  llvm-10-dev python3
The following NEW packages will be installed:
  clang-10 lib32gcc-s1 lib32stdc++6 libasan5 libbsd0 libc6-i386
  libclang-common-10-dev libclang-cpp10 libclang1-10 libedit2 libgc1
  libgcc-9-dev libllvm10 libobjc-10-dev libobjc-9-dev libobjc4 libomp-10-dev
  libomp5-10 libz3-4
0 upgraded, 19 newly installed, 0 to remove and 1 not upgraded.
Need to get 52.3 MB of archives.
After this operation, 274 MB of additional disk space will be used.
Get:1 http://127.0.0.1:12990/debian sid/main amd64 libbsd0 amd64 0.10.0-1 [107 kB]
Get:2 http://127.0.0.1:12990/debian sid/main amd64 libedit2 amd64 3.1-20191231-1 [95.4 kB]
Get:3 http://127.0.0.1:12990/debian sid/main amd64 libz3-4 amd64 4.8.9-1 [6783 kB]
Get:4 http://127.0.0.1:12990/debian sid/main amd64 libllvm10 amd64 1:10.0.1-7 [16.6 MB]
Get:5 http://127.0.0.1:12990/debian sid/main amd64 libclang-cpp10 amd64 1:10.0.1-7 [9069 kB]
Get:6 http://127.0.0.1:12990/debian sid/main amd64 libgc1 amd64 1:8.0.4-2.1 [239 kB]
Get:7 http://127.0.0.1:12990/debian sid/main amd64 libobjc4 amd64 10.2.0-15 [41.6 kB]
Get:8 http://127.0.0.1:12990/debian sid/main amd64 libobjc-10-dev amd64 10.2.0-15 [170 kB]
Get:9 http://127.0.0.1:12990/debian sid/main amd64 libc6-i386 amd64 2.31-4 [2815 kB]
Get:10 http://127.0.0.1:12990/debian sid/main amd64 lib32gcc-s1 amd64 10.2.0-15 [49.4 kB]
Get:11 http://127.0.0.1:12990/debian sid/main amd64 lib32stdc++6 amd64 10.2.0-15 [511 kB]
Get:12 http://127.0.0.1:12990/debian sid/main amd64 libclang-common-10-dev amd64 1:10.0.1-7 [5062 kB]
Get:13 http://127.0.0.1:12990/debian sid/main amd64 libclang1-10 amd64 1:10.0.1-7 [7293 kB]
Get:14 http://127.0.0.1:12990/debian sid/main amd64 clang-10 amd64 1:10.0.1-7 [106 kB]
Get:15 http://127.0.0.1:12990/debian sid/main amd64 libasan5 amd64 9.3.0-18 [390 kB]
Get:16 http://127.0.0.1:12990/debian sid/main amd64 libgcc-9-dev amd64 9.3.0-18 [2347 kB]
Get:17 http://127.0.0.1:12990/debian sid/main amd64 libobjc-9-dev amd64 9.3.0-18 [220 kB]
Get:18 http://127.0.0.1:12990/debian sid/main amd64 libomp5-10 amd64 1:10.0.1-7 [339 kB]
Get:19 http://127.0.0.1:12990/debian sid/main amd64 libomp-10-dev amd64 1:10.0.1-7 [86.6 kB]
debconf: delaying package configuration, since apt-utils is not installed
Fetched 52.3 MB in 0s (139 MB/s)
Selecting previously unselected package libbsd0:amd64.
(Reading database ... (Reading database ... 5%(Reading database ... 10%(Reading database ... 15%(Reading database ... 20%(Reading database ... 25%(Reading database ... 30%(Reading database ... 35%(Reading database ... 40%(Reading database ... 45%(Reading database ... 50%(Reading database ... 55%(Reading database ... 60%(Reading database ... 65%(Reading database ... 70%(Reading database ... 75%(Reading database ... 80%(Reading database ... 85%(Reading database ... 90%(Reading database ... 95%(Reading database ... 100%(Reading database ... 12312 files and directories currently installed.)
Preparing to unpack .../00-libbsd0_0.10.0-1_amd64.deb ...
Unpacking libbsd0:amd64 (0.10.0-1) ...
Selecting previously unselected package libedit2:amd64.
Preparing to unpack .../01-libedit2_3.1-20191231-1_amd64.deb ...
Unpacking libedit2:amd64 (3.1-20191231-1) ...
Selecting previously unselected package libz3-4:amd64.
Preparing to unpack .../02-libz3-4_4.8.9-1_amd64.deb ...
Unpacking libz3-4:amd64 (4.8.9-1) ...
Selecting previously unselected package libllvm10:amd64.
Preparing to unpack .../03-libllvm10_1%3a10.0.1-7_amd64.deb ...
Unpacking libllvm10:amd64 (1:10.0.1-7) ...
Selecting previously unselected package libclang-cpp10.
Preparing to unpack .../04-libclang-cpp10_1%3a10.0.1-7_amd64.deb ...
Unpacking libclang-cpp10 (1:10.0.1-7) ...
Selecting previously unselected package libgc1:amd64.
Preparing to unpack .../05-libgc1_1%3a8.0.4-2.1_amd64.deb ...
Unpacking libgc1:amd64 (1:8.0.4-2.1) ...
Selecting previously unselected package libobjc4:amd64.
Preparing to unpack .../06-libobjc4_10.2.0-15_amd64.deb ...
Unpacking libobjc4:amd64 (10.2.0-15) ...
Selecting previously unselected package libobjc-10-dev:amd64.
Preparing to unpack .../07-libobjc-10-dev_10.2.0-15_amd64.deb ...
Unpacking libobjc-10-dev:amd64 (10.2.0-15) ...
Selecting previously unselected package libc6-i386.
Preparing to unpack .../08-libc6-i386_2.31-4_amd64.deb ...
Unpacking libc6-i386 (2.31-4) ...
Selecting previously unselected package lib32gcc-s1.
Preparing to unpack .../09-lib32gcc-s1_10.2.0-15_amd64.deb ...
Unpacking lib32gcc-s1 (10.2.0-15) ...
Selecting previously unselected package lib32stdc++6.
Preparing to unpack .../10-lib32stdc++6_10.2.0-15_amd64.deb ...
Unpacking lib32stdc++6 (10.2.0-15) ...
Selecting previously unselected package libclang-common-10-dev.
Preparing to unpack .../11-libclang-common-10-dev_1%3a10.0.1-7_amd64.deb ...
Unpacking libclang-common-10-dev (1:10.0.1-7) ...
Selecting previously unselected package libclang1-10.
Preparing to unpack .../12-libclang1-10_1%3a10.0.1-7_amd64.deb ...
Unpacking libclang1-10 (1:10.0.1-7) ...
Selecting previously unselected package clang-10.
Preparing to unpack .../13-clang-10_1%3a10.0.1-7_amd64.deb ...
Unpacking clang-10 (1:10.0.1-7) ...
Selecting previously unselected package libasan5:amd64.
Preparing to unpack .../14-libasan5_9.3.0-18_amd64.deb ...
Unpacking libasan5:amd64 (9.3.0-18) ...
Selecting previously unselected package libgcc-9-dev:amd64.
Preparing to unpack .../15-libgcc-9-dev_9.3.0-18_amd64.deb ...
Unpacking libgcc-9-dev:amd64 (9.3.0-18) ...
Selecting previously unselected package libobjc-9-dev:amd64.
Preparing to unpack .../16-libobjc-9-dev_9.3.0-18_amd64.deb ...
Unpacking libobjc-9-dev:amd64 (9.3.0-18) ...
Selecting previously unselected package libomp5-10:amd64.
Preparing to unpack .../17-libomp5-10_1%3a10.0.1-7_amd64.deb ...
Unpacking libomp5-10:amd64 (1:10.0.1-7) ...
Selecting previously unselected package libomp-10-dev.
Preparing to unpack .../18-libomp-10-dev_1%3a10.0.1-7_amd64.deb ...
Unpacking libomp-10-dev (1:10.0.1-7) ...
Setting up libasan5:amd64 (9.3.0-18) ...
Setting up libz3-4:amd64 (4.8.9-1) ...
Setting up libgc1:amd64 (1:8.0.4-2.1) ...
Setting up libomp5-10:amd64 (1:10.0.1-7) ...
Setting up libc6-i386 (2.31-4) ...
Setting up libbsd0:amd64 (0.10.0-1) ...
Setting up libomp-10-dev (1:10.0.1-7) ...
Setting up libedit2:amd64 (3.1-20191231-1) ...
Setting up libobjc4:amd64 (10.2.0-15) ...
Setting up libllvm10:amd64 (1:10.0.1-7) ...
Setting up libgcc-9-dev:amd64 (9.3.0-18) ...
Setting up lib32gcc-s1 (10.2.0-15) ...
Setting up lib32stdc++6 (10.2.0-15) ...
Setting up libclang1-10 (1:10.0.1-7) ...
Setting up libobjc-9-dev:amd64 (9.3.0-18) ...
Setting up libobjc-10-dev:amd64 (10.2.0-15) ...
Setting up libclang-common-10-dev (1:10.0.1-7) ...
Setting up libclang-cpp10 (1:10.0.1-7) ...
Setting up clang-10 (1:10.0.1-7) ...
Processing triggers for libc-bin (2.31-4) ...
W: --force-yes is deprecated, use one of the options starting with --allow instead.
+ echo 'Replace gcc, g++ & cpp by clang'
Replace gcc, g++ & cpp by clang
+ VERSIONS='4.6 4.7 4.8 4.9 5 6 7 8 9 10'
+ cd /usr/bin
+ for VERSION in $VERSIONS
+ rm -f g++-4.6 gcc-4.6 cpp-4.6 gcc
+ ln -s clang++-10 g++-4.6
+ ln -s clang-10 gcc-4.6
+ ln -s clang-10 cpp-4.6
+ ln -s clang-10 gcc
+ echo 'gcc-4.6 hold'
+ dpkg --set-selections
dpkg: warning: package not in status nor available database at line 1: gcc-4.6
dpkg: warning: found unknown packages; this might mean the available database
is outdated, and needs to be updated through a frontend method;
please see the FAQ <https://wiki.debian.org/Teams/Dpkg/FAQ>
+ echo 'g++-4.6 hold'
+ dpkg --set-selections
dpkg: warning: package not in status nor available database at line 1: g++-4.6
dpkg: warning: found unknown packages; this might mean the available database
is outdated, and needs to be updated through a frontend method;
please see the FAQ <https://wiki.debian.org/Teams/Dpkg/FAQ>
+ for VERSION in $VERSIONS
+ rm -f g++-4.7 gcc-4.7 cpp-4.7 gcc
+ ln -s clang++-10 g++-4.7
+ ln -s clang-10 gcc-4.7
+ ln -s clang-10 cpp-4.7
+ ln -s clang-10 gcc
+ echo 'gcc-4.7 hold'
+ dpkg --set-selections
dpkg: warning: package not in status nor available database at line 1: gcc-4.7
dpkg: warning: found unknown packages; this might mean the available database
is outdated, and needs to be updated through a frontend method;
please see the FAQ <https://wiki.debian.org/Teams/Dpkg/FAQ>
+ echo 'g++-4.7 hold'
+ dpkg --set-selections
dpkg: warning: package not in status nor available database at line 1: g++-4.7
dpkg: warning: found unknown packages; this might mean the available database
is outdated, and needs to be updated through a frontend method;
please see the FAQ <https://wiki.debian.org/Teams/Dpkg/FAQ>
+ for VERSION in $VERSIONS
+ rm -f g++-4.8 gcc-4.8 cpp-4.8 gcc
+ ln -s clang++-10 g++-4.8
+ ln -s clang-10 gcc-4.8
+ ln -s clang-10 cpp-4.8
+ ln -s clang-10 gcc
+ echo 'gcc-4.8 hold'
+ dpkg --set-selections
dpkg: warning: package not in status nor available database at line 1: gcc-4.8
dpkg: warning: found unknown packages; this might mean the available database
is outdated, and needs to be updated through a frontend method;
please see the FAQ <https://wiki.debian.org/Teams/Dpkg/FAQ>
+ echo 'g++-4.8 hold'
+ dpkg --set-selections
dpkg: warning: package not in status nor available database at line 1: g++-4.8
dpkg: warning: found unknown packages; this might mean the available database
is outdated, and needs to be updated through a frontend method;
please see the FAQ <https://wiki.debian.org/Teams/Dpkg/FAQ>
+ for VERSION in $VERSIONS
+ rm -f g++-4.9 gcc-4.9 cpp-4.9 gcc
+ ln -s clang++-10 g++-4.9
+ ln -s clang-10 gcc-4.9
+ ln -s clang-10 cpp-4.9
+ ln -s clang-10 gcc
+ echo 'gcc-4.9 hold'
+ dpkg --set-selections
dpkg: warning: package not in status nor available database at line 1: gcc-4.9
dpkg: warning: found unknown packages; this might mean the available database
is outdated, and needs to be updated through a frontend method;
please see the FAQ <https://wiki.debian.org/Teams/Dpkg/FAQ>
+ echo 'g++-4.9 hold'
+ dpkg --set-selections
dpkg: warning: package not in status nor available database at line 1: g++-4.9
dpkg: warning: found unknown packages; this might mean the available database
is outdated, and needs to be updated through a frontend method;
please see the FAQ <https://wiki.debian.org/Teams/Dpkg/FAQ>
+ for VERSION in $VERSIONS
+ rm -f g++-5 gcc-5 cpp-5 gcc
+ ln -s clang++-10 g++-5
+ ln -s clang-10 gcc-5
+ ln -s clang-10 cpp-5
+ ln -s clang-10 gcc
+ echo 'gcc-5 hold'
+ dpkg --set-selections
dpkg: warning: package not in status nor available database at line 1: gcc-5
dpkg: warning: found unknown packages; this might mean the available database
is outdated, and needs to be updated through a frontend method;
please see the FAQ <https://wiki.debian.org/Teams/Dpkg/FAQ>
+ echo 'g++-5 hold'
+ dpkg --set-selections
dpkg: warning: package not in status nor available database at line 1: g++-5
dpkg: warning: found unknown packages; this might mean the available database
is outdated, and needs to be updated through a frontend method;
please see the FAQ <https://wiki.debian.org/Teams/Dpkg/FAQ>
+ for VERSION in $VERSIONS
+ rm -f g++-6 gcc-6 cpp-6 gcc
+ ln -s clang++-10 g++-6
+ ln -s clang-10 gcc-6
+ ln -s clang-10 cpp-6
+ ln -s clang-10 gcc
+ echo 'gcc-6 hold'
+ dpkg --set-selections
dpkg: warning: package not in status nor available database at line 1: gcc-6
dpkg: warning: found unknown packages; this might mean the available database
is outdated, and needs to be updated through a frontend method;
please see the FAQ <https://wiki.debian.org/Teams/Dpkg/FAQ>
+ echo 'g++-6 hold'
+ dpkg --set-selections
dpkg: warning: package not in status nor available database at line 1: g++-6
dpkg: warning: found unknown packages; this might mean the available database
is outdated, and needs to be updated through a frontend method;
please see the FAQ <https://wiki.debian.org/Teams/Dpkg/FAQ>
+ for VERSION in $VERSIONS
+ rm -f g++-7 gcc-7 cpp-7 gcc
+ ln -s clang++-10 g++-7
+ ln -s clang-10 gcc-7
+ ln -s clang-10 cpp-7
+ ln -s clang-10 gcc
+ echo 'gcc-7 hold'
+ dpkg --set-selections
dpkg: warning: package not in status nor available database at line 1: gcc-7
dpkg: warning: found unknown packages; this might mean the available database
is outdated, and needs to be updated through a frontend method;
please see the FAQ <https://wiki.debian.org/Teams/Dpkg/FAQ>
+ echo 'g++-7 hold'
+ dpkg --set-selections
dpkg: warning: package not in status nor available database at line 1: g++-7
dpkg: warning: found unknown packages; this might mean the available database
is outdated, and needs to be updated through a frontend method;
please see the FAQ <https://wiki.debian.org/Teams/Dpkg/FAQ>
+ for VERSION in $VERSIONS
+ rm -f g++-8 gcc-8 cpp-8 gcc
+ ln -s clang++-10 g++-8
+ ln -s clang-10 gcc-8
+ ln -s clang-10 cpp-8
+ ln -s clang-10 gcc
+ echo 'gcc-8 hold'
+ dpkg --set-selections
dpkg: warning: package not in status nor available database at line 1: gcc-8
dpkg: warning: found unknown packages; this might mean the available database
is outdated, and needs to be updated through a frontend method;
please see the FAQ <https://wiki.debian.org/Teams/Dpkg/FAQ>
+ echo 'g++-8 hold'
+ dpkg --set-selections
dpkg: warning: package not in status nor available database at line 1: g++-8
dpkg: warning: found unknown packages; this might mean the available database
is outdated, and needs to be updated through a frontend method;
please see the FAQ <https://wiki.debian.org/Teams/Dpkg/FAQ>
+ for VERSION in $VERSIONS
+ rm -f g++-9 gcc-9 cpp-9 gcc
+ ln -s clang++-10 g++-9
+ ln -s clang-10 gcc-9
+ ln -s clang-10 cpp-9
+ ln -s clang-10 gcc
+ echo 'gcc-9 hold'
+ dpkg --set-selections
dpkg: warning: package not in status nor available database at line 1: gcc-9
dpkg: warning: found unknown packages; this might mean the available database
is outdated, and needs to be updated through a frontend method;
please see the FAQ <https://wiki.debian.org/Teams/Dpkg/FAQ>
+ echo 'g++-9 hold'
+ dpkg --set-selections
dpkg: warning: package not in status nor available database at line 1: g++-9
dpkg: warning: found unknown packages; this might mean the available database
is outdated, and needs to be updated through a frontend method;
please see the FAQ <https://wiki.debian.org/Teams/Dpkg/FAQ>
+ for VERSION in $VERSIONS
+ rm -f g++-10 gcc-10 cpp-10 gcc
+ ln -s clang++-10 g++-10
+ ln -s clang-10 gcc-10
+ ln -s clang-10 cpp-10
+ ln -s clang-10 gcc
+ echo 'gcc-10 hold'
+ dpkg --set-selections
+ echo 'g++-10 hold'
+ dpkg --set-selections
+ cd -
/build/axc-PudGoj
+ echo 'Check if gcc, g++ & cpp are actually clang'
Check if gcc, g++ & cpp are actually clang
+ gcc --version
+ grep clang
+ cpp --version
+ grep clang
+ g++ --version
+ grep clang
+ cd /usr/bin/
+ rm -f clang++ clang
+ ln -s clang-10 clang++
+ ln -s clang-10 clang
+ clang++ --version
Debian clang version 10.0.1-7
Target: x86_64-pc-linux-gnu
Thread model: posix
InstalledDir: /usr/bin
+ clang --version
Debian clang version 10.0.1-7
Target: x86_64-pc-linux-gnu
Thread model: posix
InstalledDir: /usr/bin
+ cd -
/build/axc-PudGoj
+ apt install --yes --no-install-recommends --force-yes qt5-qmake

WARNING: apt does not have a stable CLI interface. Use with caution in scripts.

Reading package lists...
Building dependency tree...
Reading state information...
The following additional packages will be installed:
  qt5-qmake-bin qtchooser
The following NEW packages will be installed:
  qt5-qmake qt5-qmake-bin qtchooser
0 upgraded, 3 newly installed, 0 to remove and 1 not upgraded.
Need to get 1304 kB of archives.
After this operation, 4865 kB of additional disk space will be used.
Get:1 http://127.0.0.1:12990/debian sid/main amd64 qt5-qmake-bin amd64 5.14.2+dfsg-6 [1035 kB]
Get:2 http://127.0.0.1:12990/debian sid/main amd64 qtchooser amd64 66-2 [26.3 kB]
Get:3 http://127.0.0.1:12990/debian sid/main amd64 qt5-qmake amd64 5.14.2+dfsg-6 [242 kB]
debconf: delaying package configuration, since apt-utils is not installed
Fetched 1304 kB in 0s (55.2 MB/s)
Selecting previously unselected package qt5-qmake-bin.
(Reading database ... (Reading database ... 5%(Reading database ... 10%(Reading database ... 15%(Reading database ... 20%(Reading database ... 25%(Reading database ... 30%(Reading database ... 35%(Reading database ... 40%(Reading database ... 45%(Reading database ... 50%(Reading database ... 55%(Reading database ... 60%(Reading database ... 65%(Reading database ... 70%(Reading database ... 75%(Reading database ... 80%(Reading database ... 85%(Reading database ... 90%(Reading database ... 95%(Reading database ... 100%(Reading database ... 13315 files and directories currently installed.)
Preparing to unpack .../qt5-qmake-bin_5.14.2+dfsg-6_amd64.deb ...
Unpacking qt5-qmake-bin (5.14.2+dfsg-6) ...
Selecting previously unselected package qtchooser.
Preparing to unpack .../qtchooser_66-2_amd64.deb ...
Unpacking qtchooser (66-2) ...
Selecting previously unselected package qt5-qmake:amd64.
Preparing to unpack .../qt5-qmake_5.14.2+dfsg-6_amd64.deb ...
Unpacking qt5-qmake:amd64 (5.14.2+dfsg-6) ...
Setting up qt5-qmake-bin (5.14.2+dfsg-6) ...
Setting up qtchooser (66-2) ...
Setting up qt5-qmake:amd64 (5.14.2+dfsg-6) ...
W: --force-yes is deprecated, use one of the options starting with --allow instead.
+ cp /usr/lib/x86_64-linux-gnu/qt5/mkspecs/linux-clang/qmake.conf /usr/lib/x86_64-linux-gnu/qt5/mkspecs/linux-clang/qplatformdefs.h /usr/lib/x86_64-linux-gnu/qt5/mkspecs/linux-g++/
+ ls -al /usr/lib/x86_64-linux-gnu/qt5/mkspecs/linux-g++/
total 16
drwxr-xr-x  2 root root 4096 Oct 29 20:15 .
drwxr-xr-x 76 root root 4096 Oct 29 20:15 ..
-rw-r--r--  1 root root  276 Oct 29 20:15 qmake.conf
-rw-r--r--  1 root root 3218 Oct 29 20:15 qplatformdefs.h
+ cat /usr/lib/x86_64-linux-gnu/qt5/mkspecs/linux-g++/qmake.conf
#
# qmake configuration for linux-clang
#

MAKEFILE_GENERATOR = UNIX
CONFIG += incremental

QMAKE_INCREMENTAL_STYLE = sublib

include(../common/linux.conf)
include(../common/gcc-base-unix.conf)
include(../common/clang.conf)

QMAKE_LFLAGS += -ccc-gcc-name g++

load(qt_config)
+ export QMAKESPEC=/usr/lib/x86_64-linux-gnu/qt5/mkspecs/linux-clang/
+ QMAKESPEC=/usr/lib/x86_64-linux-gnu/qt5/mkspecs/linux-clang/
+ sed -i -e 's|compare_problem(2,|compare_problem(0,|g' /usr/bin/dpkg-gensymbols
+ sed -i -e 's|compare_problem(1,|compare_problem(0,|g' /usr/bin/dpkg-gensymbols
+ grep 'compare_problem(' /usr/bin/dpkg-gensymbols
        compare_problem(4, g_('new libraries appeared in the symbols file: %s'), "@libs");
        compare_problem(3, g_('some libraries disappeared in the symbols file: %s'), "@libs");
        compare_problem(0, g_('some new symbols appeared in the symbols file: %s'),
        compare_problem(0, g_('some symbols or patterns disappeared in the symbols file: %s'),

I: Finished running '/tmp/clang11'.

Finished processing commands.
--------------------------------------------------------------------------------
I: NOTICE: Log filtering will replace 'build/axc-PudGoj/resolver-BP8Zlm' with '<<RESOLVERDIR>>'

+------------------------------------------------------------------------------+
| Update chroot                                                                |
+------------------------------------------------------------------------------+

Hit:1 http://127.0.0.1:12990/debian sid InRelease
Reading package lists...
Reading package lists...
Building dependency tree...
Reading state information...
Calculating upgrade...
The following packages will be upgraded:
  libdebconfclient0
1 upgraded, 0 newly installed, 0 to remove and 0 not upgraded.
Need to get 49.6 kB of archives.
After this operation, 0 B of additional disk space will be used.
Get:1 http://127.0.0.1:12990/debian sid/main amd64 libdebconfclient0 amd64 0.255 [49.6 kB]
debconf: delaying package configuration, since apt-utils is not installed
Fetched 49.6 kB in 0s (3577 kB/s)
(Reading database ... (Reading database ... 5%(Reading database ... 10%(Reading database ... 15%(Reading database ... 20%(Reading database ... 25%(Reading database ... 30%(Reading database ... 35%(Reading database ... 40%(Reading database ... 45%(Reading database ... 50%(Reading database ... 55%(Reading database ... 60%(Reading database ... 65%(Reading database ... 70%(Reading database ... 75%(Reading database ... 80%(Reading database ... 85%(Reading database ... 90%(Reading database ... 95%(Reading database ... 100%(Reading database ... 14056 files and directories currently installed.)
Preparing to unpack .../libdebconfclient0_0.255_amd64.deb ...
Unpacking libdebconfclient0:amd64 (0.255) over (0.254) ...
Setting up libdebconfclient0:amd64 (0.255) ...
Processing triggers for libc-bin (2.31-4) ...

+------------------------------------------------------------------------------+
| Fetch source files                                                           |
+------------------------------------------------------------------------------+


Check APT
---------

Checking available source versions...

Download source files with APT
------------------------------

Reading package lists...
NOTICE: 'axc' packaging is maintained in the 'Git' version control system at:
https://salsa.debian.org/DebianOnMobile-team/libaxc.git
Please use:
git clone https://salsa.debian.org/DebianOnMobile-team/libaxc.git
to retrieve the latest (possibly unreleased) updates to the package.
Need to get 46.0 kB of source archives.
Get:1 http://127.0.0.1:12990/debian sid/main axc 0.3.3-1 (dsc) [2055 B]
Get:2 http://127.0.0.1:12990/debian sid/main axc 0.3.3-1 (tar) [39.5 kB]
Get:3 http://127.0.0.1:12990/debian sid/main axc 0.3.3-1 (diff) [4496 B]
Fetched 46.0 kB in 0s (601 kB/s)
Download complete and in download only mode
I: NOTICE: Log filtering will replace 'build/axc-PudGoj/axc-0.3.3' with '<<PKGBUILDDIR>>'
I: NOTICE: Log filtering will replace 'build/axc-PudGoj' with '<<BUILDDIR>>'

+------------------------------------------------------------------------------+
| Install package build dependencies                                           |
+------------------------------------------------------------------------------+


Setup apt archive
-----------------

Merged Build-Depends: debhelper-compat (= 13), libcmocka-dev, libgcrypt20-dev, libglib2.0-dev, libsignal-protocol-c-dev, libsqlite3-dev, pkg-config, build-essential, fakeroot
Filtered Build-Depends: debhelper-compat (= 13), libcmocka-dev, libgcrypt20-dev, libglib2.0-dev, libsignal-protocol-c-dev, libsqlite3-dev, pkg-config, build-essential, fakeroot
dpkg-deb: building package 'sbuild-build-depends-main-dummy' in '/<<RESOLVERDIR>>/apt_archive/sbuild-build-depends-main-dummy.deb'.
Ign:1 copy:/<<RESOLVERDIR>>/apt_archive ./ InRelease
Get:2 copy:/<<RESOLVERDIR>>/apt_archive ./ Release [957 B]
Ign:3 copy:/<<RESOLVERDIR>>/apt_archive ./ Release.gpg
Get:4 copy:/<<RESOLVERDIR>>/apt_archive ./ Sources [419 B]
Get:5 copy:/<<RESOLVERDIR>>/apt_archive ./ Packages [503 B]
Fetched 1879 B in 0s (0 B/s)
Reading package lists...
Reading package lists...

Install main build dependencies (apt-based resolver)
----------------------------------------------------

Installing build dependencies
Reading package lists...
Building dependency tree...
Reading state information...
The following additional packages will be installed:
  autoconf automake autopoint autotools-dev bsdextrautils debhelper
  dh-autoreconf dh-strip-nondeterminism dwz file gettext gettext-base
  groff-base intltool-debian libarchive-zip-perl libblkid-dev libcmocka-dev
  libcmocka0 libcroco3 libdebhelper-perl libelf1 libexpat1 libffi-dev
  libfile-stripnondeterminism-perl libgcrypt20-dev libglib2.0-0 libglib2.0-bin
  libglib2.0-data libglib2.0-dev libglib2.0-dev-bin libgpg-error-dev libicu67
  libmagic-mgc libmagic1 libmount-dev libncursesw6 libpcre16-3 libpcre2-16-0
  libpcre2-32-0 libpcre2-dev libpcre2-posix2 libpcre3-dev libpcre32-3
  libpcrecpp0v5 libpipeline1 libpython3-stdlib libpython3.8-minimal
  libpython3.8-stdlib libreadline8 libselinux1-dev libsepol1-dev
  libsignal-protocol-c-dev libsignal-protocol-c2.3.2 libsigsegv2 libsqlite3-0
  libsqlite3-dev libsub-override-perl libtool libuchardet0 libxml2 m4 man-db
  mime-support pkg-config po-debconf python3 python3-distutils python3-lib2to3
  python3-minimal python3.8 python3.8-minimal readline-common sensible-utils
  uuid-dev zlib1g-dev
Suggested packages:
  autoconf-archive gnu-standards autoconf-doc dh-make gettext-doc
  libasprintf-dev libgettextpo-dev groff libgcrypt20-doc
  libgirepository1.0-dev libglib2.0-doc libgdk-pixbuf2.0-bin
  | libgdk-pixbuf2.0-dev libxml2-utils sqlite3-doc libtool-doc gfortran
  | fortran95-compiler gcj-jdk m4-doc apparmor less www-browser
  libmail-box-perl python3-doc python3-tk python3-venv python3.8-venv
  python3.8-doc binfmt-support readline-doc
Recommended packages:
  curl | wget | lynx cmocka-doc libarchive-cpio-perl shared-mime-info
  xdg-user-dirs libgpm2 libltdl-dev libmail-sendmail-perl
The following NEW packages will be installed:
  autoconf automake autopoint autotools-dev bsdextrautils debhelper
  dh-autoreconf dh-strip-nondeterminism dwz file gettext gettext-base
  groff-base intltool-debian libarchive-zip-perl libblkid-dev libcmocka-dev
  libcmocka0 libcroco3 libdebhelper-perl libelf1 libexpat1 libffi-dev
  libfile-stripnondeterminism-perl libgcrypt20-dev libglib2.0-0 libglib2.0-bin
  libglib2.0-data libglib2.0-dev libglib2.0-dev-bin libgpg-error-dev libicu67
  libmagic-mgc libmagic1 libmount-dev libncursesw6 libpcre16-3 libpcre2-16-0
  libpcre2-32-0 libpcre2-dev libpcre2-posix2 libpcre3-dev libpcre32-3
  libpcrecpp0v5 libpipeline1 libpython3-stdlib libpython3.8-minimal
  libpython3.8-stdlib libreadline8 libselinux1-dev libsepol1-dev
  libsignal-protocol-c-dev libsignal-protocol-c2.3.2 libsigsegv2 libsqlite3-0
  libsqlite3-dev libsub-override-perl libtool libuchardet0 libxml2 m4 man-db
  mime-support pkg-config po-debconf python3 python3-distutils python3-lib2to3
  python3-minimal python3.8 python3.8-minimal readline-common
  sbuild-build-depends-main-dummy sensible-utils uuid-dev zlib1g-dev
0 upgraded, 76 newly installed, 0 to remove and 0 not upgraded.
Need to get 34.6 MB of archives.
After this operation, 134 MB of additional disk space will be used.
Get:1 copy:/<<RESOLVERDIR>>/apt_archive ./ sbuild-build-depends-main-dummy 0.invalid.0 [928 B]
Get:2 http://127.0.0.1:12990/debian sid/main amd64 bsdextrautils amd64 2.36-3+b1 [140 kB]
Get:3 http://127.0.0.1:12990/debian sid/main amd64 libuchardet0 amd64 0.0.7-1 [67.8 kB]
Get:4 http://127.0.0.1:12990/debian sid/main amd64 groff-base amd64 1.22.4-5 [920 kB]
Get:5 http://127.0.0.1:12990/debian sid/main amd64 libpipeline1 amd64 1.5.3-1 [34.3 kB]
Get:6 http://127.0.0.1:12990/debian sid/main amd64 man-db amd64 2.9.3-2 [1314 kB]
Get:7 http://127.0.0.1:12990/debian sid/main amd64 libpython3.8-minimal amd64 3.8.6-1 [761 kB]
Get:8 http://127.0.0.1:12990/debian sid/main amd64 libexpat1 amd64 2.2.10-1 [96.9 kB]
Get:9 http://127.0.0.1:12990/debian sid/main amd64 python3.8-minimal amd64 3.8.6-1 [1863 kB]
Get:10 http://127.0.0.1:12990/debian sid/main amd64 python3-minimal amd64 3.8.6-1 [37.7 kB]
Get:11 http://127.0.0.1:12990/debian sid/main amd64 mime-support all 3.64 [37.8 kB]
Get:12 http://127.0.0.1:12990/debian sid/main amd64 libncursesw6 amd64 6.2+20200918-1 [132 kB]
Get:13 http://127.0.0.1:12990/debian sid/main amd64 readline-common all 8.0-4 [72.5 kB]
Get:14 http://127.0.0.1:12990/debian sid/main amd64 libreadline8 amd64 8.0-4 [160 kB]
Get:15 http://127.0.0.1:12990/debian sid/main amd64 libsqlite3-0 amd64 3.33.0-1 [790 kB]
Get:16 http://127.0.0.1:12990/debian sid/main amd64 libpython3.8-stdlib amd64 3.8.6-1 [1720 kB]
Get:17 http://127.0.0.1:12990/debian sid/main amd64 python3.8 amd64 3.8.6-1 [422 kB]
Get:18 http://127.0.0.1:12990/debian sid/main amd64 libpython3-stdlib amd64 3.8.6-1 [20.9 kB]
Get:19 http://127.0.0.1:12990/debian sid/main amd64 python3 amd64 3.8.6-1 [64.0 kB]
Get:20 http://127.0.0.1:12990/debian sid/main amd64 sensible-utils all 0.0.12+nmu1 [16.0 kB]
Get:21 http://127.0.0.1:12990/debian sid/main amd64 libmagic-mgc amd64 1:5.38-5 [262 kB]
Get:22 http://127.0.0.1:12990/debian sid/main amd64 libmagic1 amd64 1:5.38-5 [120 kB]
Get:23 http://127.0.0.1:12990/debian sid/main amd64 file amd64 1:5.38-5 [67.9 kB]
Get:24 http://127.0.0.1:12990/debian sid/main amd64 gettext-base amd64 0.19.8.1-10 [123 kB]
Get:25 http://127.0.0.1:12990/debian sid/main amd64 libsigsegv2 amd64 2.12-2 [32.8 kB]
Get:26 http://127.0.0.1:12990/debian sid/main amd64 m4 amd64 1.4.18-4 [203 kB]
Get:27 http://127.0.0.1:12990/debian sid/main amd64 autoconf all 2.69-11.1 [341 kB]
Get:28 http://127.0.0.1:12990/debian sid/main amd64 autotools-dev all 20180224.1 [77.0 kB]
Get:29 http://127.0.0.1:12990/debian sid/main amd64 automake all 1:1.16.2-4 [801 kB]
Get:30 http://127.0.0.1:12990/debian sid/main amd64 autopoint all 0.19.8.1-10 [435 kB]
Get:31 http://127.0.0.1:12990/debian sid/main amd64 libtool all 2.4.6-14 [513 kB]
Get:32 http://127.0.0.1:12990/debian sid/main amd64 dh-autoreconf all 19 [16.9 kB]
Get:33 http://127.0.0.1:12990/debian sid/main amd64 libdebhelper-perl all 13.2.1 [188 kB]
Get:34 http://127.0.0.1:12990/debian sid/main amd64 libarchive-zip-perl all 1.68-1 [104 kB]
Get:35 http://127.0.0.1:12990/debian sid/main amd64 libsub-override-perl all 0.09-2 [10.2 kB]
Get:36 http://127.0.0.1:12990/debian sid/main amd64 libfile-stripnondeterminism-perl all 1.9.0-1 [25.5 kB]
Get:37 http://127.0.0.1:12990/debian sid/main amd64 dh-strip-nondeterminism all 1.9.0-1 [15.2 kB]
Get:38 http://127.0.0.1:12990/debian sid/main amd64 libelf1 amd64 0.181-1 [164 kB]
Get:39 http://127.0.0.1:12990/debian sid/main amd64 dwz amd64 0.13-5 [151 kB]
Get:40 http://127.0.0.1:12990/debian sid/main amd64 libglib2.0-0 amd64 2.66.1-2 [1362 kB]
Get:41 http://127.0.0.1:12990/debian sid/main amd64 libicu67 amd64 67.1-4 [8624 kB]
Get:42 http://127.0.0.1:12990/debian sid/main amd64 libxml2 amd64 2.9.10+dfsg-6.1 [692 kB]
Get:43 http://127.0.0.1:12990/debian sid/main amd64 libcroco3 amd64 0.6.13-1 [146 kB]
Get:44 http://127.0.0.1:12990/debian sid/main amd64 gettext amd64 0.19.8.1-10 [1303 kB]
Get:45 http://127.0.0.1:12990/debian sid/main amd64 intltool-debian all 0.35.0+20060710.5 [26.8 kB]
Get:46 http://127.0.0.1:12990/debian sid/main amd64 po-debconf all 1.0.21 [248 kB]
Get:47 http://127.0.0.1:12990/debian sid/main amd64 debhelper all 13.2.1 [1007 kB]
Get:48 http://127.0.0.1:12990/debian sid/main amd64 uuid-dev amd64 2.36-3+b1 [98.2 kB]
Get:49 http://127.0.0.1:12990/debian sid/main amd64 libblkid-dev amd64 2.36-3+b1 [226 kB]
Get:50 http://127.0.0.1:12990/debian sid/main amd64 libcmocka0 amd64 1.1.5-2 [22.6 kB]
Get:51 http://127.0.0.1:12990/debian sid/main amd64 libcmocka-dev amd64 1.1.5-2 [19.0 kB]
Get:52 http://127.0.0.1:12990/debian sid/main amd64 libffi-dev amd64 3.3-4 [56.4 kB]
Get:53 http://127.0.0.1:12990/debian sid/main amd64 libgpg-error-dev amd64 1.38-2 [133 kB]
Get:54 http://127.0.0.1:12990/debian sid/main amd64 libgcrypt20-dev amd64 1.8.7-2 [614 kB]
Get:55 http://127.0.0.1:12990/debian sid/main amd64 libglib2.0-data all 2.66.1-2 [1161 kB]
Get:56 http://127.0.0.1:12990/debian sid/main amd64 libglib2.0-bin amd64 2.66.1-2 [138 kB]
Get:57 http://127.0.0.1:12990/debian sid/main amd64 python3-lib2to3 all 3.8.6-1 [78.4 kB]
Get:58 http://127.0.0.1:12990/debian sid/main amd64 python3-distutils all 3.8.6-1 [145 kB]
Get:59 http://127.0.0.1:12990/debian sid/main amd64 libglib2.0-dev-bin amd64 2.66.1-2 [176 kB]
Get:60 http://127.0.0.1:12990/debian sid/main amd64 libsepol1-dev amd64 3.1-1 [338 kB]
Get:61 http://127.0.0.1:12990/debian sid/main amd64 libpcre2-16-0 amd64 10.34-7 [219 kB]
Get:62 http://127.0.0.1:12990/debian sid/main amd64 libpcre2-32-0 amd64 10.34-7 [208 kB]
Get:63 http://127.0.0.1:12990/debian sid/main amd64 libpcre2-posix2 amd64 10.34-7 [45.2 kB]
Get:64 http://127.0.0.1:12990/debian sid/main amd64 libpcre2-dev amd64 10.34-7 [709 kB]
Get:65 http://127.0.0.1:12990/debian sid/main amd64 libselinux1-dev amd64 3.1-2+b1 [168 kB]
Get:66 http://127.0.0.1:12990/debian sid/main amd64 libmount-dev amd64 2.36-3+b1 [76.8 kB]
Get:67 http://127.0.0.1:12990/debian sid/main amd64 libpcre16-3 amd64 2:8.39-13 [259 kB]
Get:68 http://127.0.0.1:12990/debian sid/main amd64 libpcre32-3 amd64 2:8.39-13 [250 kB]
Get:69 http://127.0.0.1:12990/debian sid/main amd64 libpcrecpp0v5 amd64 2:8.39-13 [152 kB]
Get:70 http://127.0.0.1:12990/debian sid/main amd64 libpcre3-dev amd64 2:8.39-13 [650 kB]
Get:71 http://127.0.0.1:12990/debian sid/main amd64 pkg-config amd64 0.29.2-1 [65.1 kB]
Get:72 http://127.0.0.1:12990/debian sid/main amd64 zlib1g-dev amd64 1:1.2.11.dfsg-2 [190 kB]
Get:73 http://127.0.0.1:12990/debian sid/main amd64 libglib2.0-dev amd64 2.66.1-2 [1572 kB]
Get:74 http://127.0.0.1:12990/debian sid/main amd64 libsignal-protocol-c2.3.2 amd64 2.3.3-1 [140 kB]
Get:75 http://127.0.0.1:12990/debian sid/main amd64 libsignal-protocol-c-dev amd64 2.3.3-1 [18.0 kB]
Get:76 http://127.0.0.1:12990/debian sid/main amd64 libsqlite3-dev amd64 3.33.0-1 [956 kB]
debconf: delaying package configuration, since apt-utils is not installed
Fetched 34.6 MB in 0s (145 MB/s)
Selecting previously unselected package bsdextrautils.
(Reading database ... 14056 files and directories currently installed.)
Preparing to unpack .../0-bsdextrautils_2.36-3+b1_amd64.deb ...
Unpacking bsdextrautils (2.36-3+b1) ...
Selecting previously unselected package libuchardet0:amd64.
Preparing to unpack .../1-libuchardet0_0.0.7-1_amd64.deb ...
Unpacking libuchardet0:amd64 (0.0.7-1) ...
Selecting previously unselected package groff-base.
Preparing to unpack .../2-groff-base_1.22.4-5_amd64.deb ...
Unpacking groff-base (1.22.4-5) ...
Selecting previously unselected package libpipeline1:amd64.
Preparing to unpack .../3-libpipeline1_1.5.3-1_amd64.deb ...
Unpacking libpipeline1:amd64 (1.5.3-1) ...
Selecting previously unselected package man-db.
Preparing to unpack .../4-man-db_2.9.3-2_amd64.deb ...
Unpacking man-db (2.9.3-2) ...
Selecting previously unselected package libpython3.8-minimal:amd64.
Preparing to unpack .../5-libpython3.8-minimal_3.8.6-1_amd64.deb ...
Unpacking libpython3.8-minimal:amd64 (3.8.6-1) ...
Selecting previously unselected package libexpat1:amd64.
Preparing to unpack .../6-libexpat1_2.2.10-1_amd64.deb ...
Unpacking libexpat1:amd64 (2.2.10-1) ...
Selecting previously unselected package python3.8-minimal.
Preparing to unpack .../7-python3.8-minimal_3.8.6-1_amd64.deb ...
Unpacking python3.8-minimal (3.8.6-1) ...
Setting up libpython3.8-minimal:amd64 (3.8.6-1) ...
Setting up libexpat1:amd64 (2.2.10-1) ...
Setting up python3.8-minimal (3.8.6-1) ...
Selecting previously unselected package python3-minimal.
(Reading database ... 14903 files and directories currently installed.)
Preparing to unpack .../0-python3-minimal_3.8.6-1_amd64.deb ...
Unpacking python3-minimal (3.8.6-1) ...
Selecting previously unselected package mime-support.
Preparing to unpack .../1-mime-support_3.64_all.deb ...
Unpacking mime-support (3.64) ...
Selecting previously unselected package libncursesw6:amd64.
Preparing to unpack .../2-libncursesw6_6.2+20200918-1_amd64.deb ...
Unpacking libncursesw6:amd64 (6.2+20200918-1) ...
Selecting previously unselected package readline-common.
Preparing to unpack .../3-readline-common_8.0-4_all.deb ...
Unpacking readline-common (8.0-4) ...
Selecting previously unselected package libreadline8:amd64.
Preparing to unpack .../4-libreadline8_8.0-4_amd64.deb ...
Unpacking libreadline8:amd64 (8.0-4) ...
Selecting previously unselected package libsqlite3-0:amd64.
Preparing to unpack .../5-libsqlite3-0_3.33.0-1_amd64.deb ...
Unpacking libsqlite3-0:amd64 (3.33.0-1) ...
Selecting previously unselected package libpython3.8-stdlib:amd64.
Preparing to unpack .../6-libpython3.8-stdlib_3.8.6-1_amd64.deb ...
Unpacking libpython3.8-stdlib:amd64 (3.8.6-1) ...
Selecting previously unselected package python3.8.
Preparing to unpack .../7-python3.8_3.8.6-1_amd64.deb ...
Unpacking python3.8 (3.8.6-1) ...
Selecting previously unselected package libpython3-stdlib:amd64.
Preparing to unpack .../8-libpython3-stdlib_3.8.6-1_amd64.deb ...
Unpacking libpython3-stdlib:amd64 (3.8.6-1) ...
Setting up python3-minimal (3.8.6-1) ...
Selecting previously unselected package python3.
(Reading database ... 15340 files and directories currently installed.)
Preparing to unpack .../00-python3_3.8.6-1_amd64.deb ...
Unpacking python3 (3.8.6-1) ...
Selecting previously unselected package sensible-utils.
Preparing to unpack .../01-sensible-utils_0.0.12+nmu1_all.deb ...
Unpacking sensible-utils (0.0.12+nmu1) ...
Selecting previously unselected package libmagic-mgc.
Preparing to unpack .../02-libmagic-mgc_1%3a5.38-5_amd64.deb ...
Unpacking libmagic-mgc (1:5.38-5) ...
Selecting previously unselected package libmagic1:amd64.
Preparing to unpack .../03-libmagic1_1%3a5.38-5_amd64.deb ...
Unpacking libmagic1:amd64 (1:5.38-5) ...
Selecting previously unselected package file.
Preparing to unpack .../04-file_1%3a5.38-5_amd64.deb ...
Unpacking file (1:5.38-5) ...
Selecting previously unselected package gettext-base.
Preparing to unpack .../05-gettext-base_0.19.8.1-10_amd64.deb ...
Unpacking gettext-base (0.19.8.1-10) ...
Selecting previously unselected package libsigsegv2:amd64.
Preparing to unpack .../06-libsigsegv2_2.12-2_amd64.deb ...
Unpacking libsigsegv2:amd64 (2.12-2) ...
Selecting previously unselected package m4.
Preparing to unpack .../07-m4_1.4.18-4_amd64.deb ...
Unpacking m4 (1.4.18-4) ...
Selecting previously unselected package autoconf.
Preparing to unpack .../08-autoconf_2.69-11.1_all.deb ...
Unpacking autoconf (2.69-11.1) ...
Selecting previously unselected package autotools-dev.
Preparing to unpack .../09-autotools-dev_20180224.1_all.deb ...
Unpacking autotools-dev (20180224.1) ...
Selecting previously unselected package automake.
Preparing to unpack .../10-automake_1%3a1.16.2-4_all.deb ...
Unpacking automake (1:1.16.2-4) ...
Selecting previously unselected package autopoint.
Preparing to unpack .../11-autopoint_0.19.8.1-10_all.deb ...
Unpacking autopoint (0.19.8.1-10) ...
Selecting previously unselected package libtool.
Preparing to unpack .../12-libtool_2.4.6-14_all.deb ...
Unpacking libtool (2.4.6-14) ...
Selecting previously unselected package dh-autoreconf.
Preparing to unpack .../13-dh-autoreconf_19_all.deb ...
Unpacking dh-autoreconf (19) ...
Selecting previously unselected package libdebhelper-perl.
Preparing to unpack .../14-libdebhelper-perl_13.2.1_all.deb ...
Unpacking libdebhelper-perl (13.2.1) ...
Selecting previously unselected package libarchive-zip-perl.
Preparing to unpack .../15-libarchive-zip-perl_1.68-1_all.deb ...
Unpacking libarchive-zip-perl (1.68-1) ...
Selecting previously unselected package libsub-override-perl.
Preparing to unpack .../16-libsub-override-perl_0.09-2_all.deb ...
Unpacking libsub-override-perl (0.09-2) ...
Selecting previously unselected package libfile-stripnondeterminism-perl.
Preparing to unpack .../17-libfile-stripnondeterminism-perl_1.9.0-1_all.deb ...
Unpacking libfile-stripnondeterminism-perl (1.9.0-1) ...
Selecting previously unselected package dh-strip-nondeterminism.
Preparing to unpack .../18-dh-strip-nondeterminism_1.9.0-1_all.deb ...
Unpacking dh-strip-nondeterminism (1.9.0-1) ...
Selecting previously unselected package libelf1:amd64.
Preparing to unpack .../19-libelf1_0.181-1_amd64.deb ...
Unpacking libelf1:amd64 (0.181-1) ...
Selecting previously unselected package dwz.
Preparing to unpack .../20-dwz_0.13-5_amd64.deb ...
Unpacking dwz (0.13-5) ...
Selecting previously unselected package libglib2.0-0:amd64.
Preparing to unpack .../21-libglib2.0-0_2.66.1-2_amd64.deb ...
Unpacking libglib2.0-0:amd64 (2.66.1-2) ...
Selecting previously unselected package libicu67:amd64.
Preparing to unpack .../22-libicu67_67.1-4_amd64.deb ...
Unpacking libicu67:amd64 (67.1-4) ...
Selecting previously unselected package libxml2:amd64.
Preparing to unpack .../23-libxml2_2.9.10+dfsg-6.1_amd64.deb ...
Unpacking libxml2:amd64 (2.9.10+dfsg-6.1) ...
Selecting previously unselected package libcroco3:amd64.
Preparing to unpack .../24-libcroco3_0.6.13-1_amd64.deb ...
Unpacking libcroco3:amd64 (0.6.13-1) ...
Selecting previously unselected package gettext.
Preparing to unpack .../25-gettext_0.19.8.1-10_amd64.deb ...
Unpacking gettext (0.19.8.1-10) ...
Selecting previously unselected package intltool-debian.
Preparing to unpack .../26-intltool-debian_0.35.0+20060710.5_all.deb ...
Unpacking intltool-debian (0.35.0+20060710.5) ...
Selecting previously unselected package po-debconf.
Preparing to unpack .../27-po-debconf_1.0.21_all.deb ...
Unpacking po-debconf (1.0.21) ...
Selecting previously unselected package debhelper.
Preparing to unpack .../28-debhelper_13.2.1_all.deb ...
Unpacking debhelper (13.2.1) ...
Selecting previously unselected package uuid-dev:amd64.
Preparing to unpack .../29-uuid-dev_2.36-3+b1_amd64.deb ...
Unpacking uuid-dev:amd64 (2.36-3+b1) ...
Selecting previously unselected package libblkid-dev:amd64.
Preparing to unpack .../30-libblkid-dev_2.36-3+b1_amd64.deb ...
Unpacking libblkid-dev:amd64 (2.36-3+b1) ...
Selecting previously unselected package libcmocka0:amd64.
Preparing to unpack .../31-libcmocka0_1.1.5-2_amd64.deb ...
Unpacking libcmocka0:amd64 (1.1.5-2) ...
Selecting previously unselected package libcmocka-dev:amd64.
Preparing to unpack .../32-libcmocka-dev_1.1.5-2_amd64.deb ...
Unpacking libcmocka-dev:amd64 (1.1.5-2) ...
Selecting previously unselected package libffi-dev:amd64.
Preparing to unpack .../33-libffi-dev_3.3-4_amd64.deb ...
Unpacking libffi-dev:amd64 (3.3-4) ...
Selecting previously unselected package libgpg-error-dev.
Preparing to unpack .../34-libgpg-error-dev_1.38-2_amd64.deb ...
Unpacking libgpg-error-dev (1.38-2) ...
Selecting previously unselected package libgcrypt20-dev.
Preparing to unpack .../35-libgcrypt20-dev_1.8.7-2_amd64.deb ...
Unpacking libgcrypt20-dev (1.8.7-2) ...
Selecting previously unselected package libglib2.0-data.
Preparing to unpack .../36-libglib2.0-data_2.66.1-2_all.deb ...
Unpacking libglib2.0-data (2.66.1-2) ...
Selecting previously unselected package libglib2.0-bin.
Preparing to unpack .../37-libglib2.0-bin_2.66.1-2_amd64.deb ...
Unpacking libglib2.0-bin (2.66.1-2) ...
Selecting previously unselected package python3-lib2to3.
Preparing to unpack .../38-python3-lib2to3_3.8.6-1_all.deb ...
Unpacking python3-lib2to3 (3.8.6-1) ...
Selecting previously unselected package python3-distutils.
Preparing to unpack .../39-python3-distutils_3.8.6-1_all.deb ...
Unpacking python3-distutils (3.8.6-1) ...
Selecting previously unselected package libglib2.0-dev-bin.
Preparing to unpack .../40-libglib2.0-dev-bin_2.66.1-2_amd64.deb ...
Unpacking libglib2.0-dev-bin (2.66.1-2) ...
Selecting previously unselected package libsepol1-dev:amd64.
Preparing to unpack .../41-libsepol1-dev_3.1-1_amd64.deb ...
Unpacking libsepol1-dev:amd64 (3.1-1) ...
Selecting previously unselected package libpcre2-16-0:amd64.
Preparing to unpack .../42-libpcre2-16-0_10.34-7_amd64.deb ...
Unpacking libpcre2-16-0:amd64 (10.34-7) ...
Selecting previously unselected package libpcre2-32-0:amd64.
Preparing to unpack .../43-libpcre2-32-0_10.34-7_amd64.deb ...
Unpacking libpcre2-32-0:amd64 (10.34-7) ...
Selecting previously unselected package libpcre2-posix2:amd64.
Preparing to unpack .../44-libpcre2-posix2_10.34-7_amd64.deb ...
Unpacking libpcre2-posix2:amd64 (10.34-7) ...
Selecting previously unselected package libpcre2-dev:amd64.
Preparing to unpack .../45-libpcre2-dev_10.34-7_amd64.deb ...
Unpacking libpcre2-dev:amd64 (10.34-7) ...
Selecting previously unselected package libselinux1-dev:amd64.
Preparing to unpack .../46-libselinux1-dev_3.1-2+b1_amd64.deb ...
Unpacking libselinux1-dev:amd64 (3.1-2+b1) ...
Selecting previously unselected package libmount-dev:amd64.
Preparing to unpack .../47-libmount-dev_2.36-3+b1_amd64.deb ...
Unpacking libmount-dev:amd64 (2.36-3+b1) ...
Selecting previously unselected package libpcre16-3:amd64.
Preparing to unpack .../48-libpcre16-3_2%3a8.39-13_amd64.deb ...
Unpacking libpcre16-3:amd64 (2:8.39-13) ...
Selecting previously unselected package libpcre32-3:amd64.
Preparing to unpack .../49-libpcre32-3_2%3a8.39-13_amd64.deb ...
Unpacking libpcre32-3:amd64 (2:8.39-13) ...
Selecting previously unselected package libpcrecpp0v5:amd64.
Preparing to unpack .../50-libpcrecpp0v5_2%3a8.39-13_amd64.deb ...
Unpacking libpcrecpp0v5:amd64 (2:8.39-13) ...
Selecting previously unselected package libpcre3-dev:amd64.
Preparing to unpack .../51-libpcre3-dev_2%3a8.39-13_amd64.deb ...
Unpacking libpcre3-dev:amd64 (2:8.39-13) ...
Selecting previously unselected package pkg-config.
Preparing to unpack .../52-pkg-config_0.29.2-1_amd64.deb ...
Unpacking pkg-config (0.29.2-1) ...
Selecting previously unselected package zlib1g-dev:amd64.
Preparing to unpack .../53-zlib1g-dev_1%3a1.2.11.dfsg-2_amd64.deb ...
Unpacking zlib1g-dev:amd64 (1:1.2.11.dfsg-2) ...
Selecting previously unselected package libglib2.0-dev:amd64.
Preparing to unpack .../54-libglib2.0-dev_2.66.1-2_amd64.deb ...
Unpacking libglib2.0-dev:amd64 (2.66.1-2) ...
Selecting previously unselected package libsignal-protocol-c2.3.2:amd64.
Preparing to unpack .../55-libsignal-protocol-c2.3.2_2.3.3-1_amd64.deb ...
Unpacking libsignal-protocol-c2.3.2:amd64 (2.3.3-1) ...
Selecting previously unselected package libsignal-protocol-c-dev:amd64.
Preparing to unpack .../56-libsignal-protocol-c-dev_2.3.3-1_amd64.deb ...
Unpacking libsignal-protocol-c-dev:amd64 (2.3.3-1) ...
Selecting previously unselected package libsqlite3-dev:amd64.
Preparing to unpack .../57-libsqlite3-dev_3.33.0-1_amd64.deb ...
Unpacking libsqlite3-dev:amd64 (3.33.0-1) ...
Selecting previously unselected package sbuild-build-depends-main-dummy.
Preparing to unpack .../58-sbuild-build-depends-main-dummy_0.invalid.0_amd64.deb ...
Unpacking sbuild-build-depends-main-dummy (0.invalid.0) ...
Setting up libpcrecpp0v5:amd64 (2:8.39-13) ...
Setting up libpipeline1:amd64 (1.5.3-1) ...
Setting up mime-support (3.64) ...
Setting up bsdextrautils (2.36-3+b1) ...
update-alternatives: using /usr/bin/write.ul to provide /usr/bin/write (write) in auto mode
Setting up libpcre16-3:amd64 (2:8.39-13) ...
Setting up libicu67:amd64 (67.1-4) ...
Setting up libmagic-mgc (1:5.38-5) ...
Setting up libarchive-zip-perl (1.68-1) ...
Setting up libglib2.0-0:amd64 (2.66.1-2) ...
No schema files found: doing nothing.
Setting up libdebhelper-perl (13.2.1) ...
Setting up libsqlite3-0:amd64 (3.33.0-1) ...
Setting up libmagic1:amd64 (1:5.38-5) ...
Setting up libsepol1-dev:amd64 (3.1-1) ...
Setting up gettext-base (0.19.8.1-10) ...
Setting up file (1:5.38-5) ...
Setting up libffi-dev:amd64 (3.3-4) ...
Setting up libpcre2-16-0:amd64 (10.34-7) ...
Setting up libcmocka0:amd64 (1.1.5-2) ...
Setting up autotools-dev (20180224.1) ...
Setting up libpcre2-32-0:amd64 (10.34-7) ...
Setting up libglib2.0-data (2.66.1-2) ...
Setting up libsqlite3-dev:amd64 (3.33.0-1) ...
Setting up libgpg-error-dev (1.38-2) ...
Setting up uuid-dev:amd64 (2.36-3+b1) ...
Setting up libsigsegv2:amd64 (2.12-2) ...
Setting up libpcre32-3:amd64 (2:8.39-13) ...
Setting up autopoint (0.19.8.1-10) ...
Setting up pkg-config (0.29.2-1) ...
Setting up libpcre2-posix2:amd64 (10.34-7) ...
Setting up libncursesw6:amd64 (6.2+20200918-1) ...
Setting up libcmocka-dev:amd64 (1.1.5-2) ...
Setting up zlib1g-dev:amd64 (1:1.2.11.dfsg-2) ...
Setting up sensible-utils (0.0.12+nmu1) ...
Setting up libuchardet0:amd64 (0.0.7-1) ...
Setting up libsub-override-perl (0.09-2) ...
Setting up libelf1:amd64 (0.181-1) ...
Setting up readline-common (8.0-4) ...
Setting up libsignal-protocol-c2.3.2:amd64 (2.3.3-1) ...
Setting up libxml2:amd64 (2.9.10+dfsg-6.1) ...
Setting up libfile-stripnondeterminism-perl (1.9.0-1) ...
Setting up libblkid-dev:amd64 (2.36-3+b1) ...
Setting up libpcre2-dev:amd64 (10.34-7) ...
Setting up libtool (2.4.6-14) ...
Setting up libselinux1-dev:amd64 (3.1-2+b1) ...
Setting up libpcre3-dev:amd64 (2:8.39-13) ...
Setting up libreadline8:amd64 (8.0-4) ...
Setting up libglib2.0-bin (2.66.1-2) ...
Setting up m4 (1.4.18-4) ...
Setting up libsignal-protocol-c-dev:amd64 (2.3.3-1) ...
Setting up libgcrypt20-dev (1.8.7-2) ...
Setting up libcroco3:amd64 (0.6.13-1) ...
Setting up autoconf (2.69-11.1) ...
Setting up dh-strip-nondeterminism (1.9.0-1) ...
Setting up dwz (0.13-5) ...
Setting up groff-base (1.22.4-5) ...
Setting up libpython3.8-stdlib:amd64 (3.8.6-1) ...
Setting up python3.8 (3.8.6-1) ...
Setting up libmount-dev:amd64 (2.36-3+b1) ...
Setting up libpython3-stdlib:amd64 (3.8.6-1) ...
Setting up automake (1:1.16.2-4) ...
update-alternatives: using /usr/bin/automake-1.16 to provide /usr/bin/automake (automake) in auto mode
Setting up gettext (0.19.8.1-10) ...
Setting up python3 (3.8.6-1) ...
Setting up man-db (2.9.3-2) ...
Not building database; man-db/auto-update is not 'true'.
Setting up intltool-debian (0.35.0+20060710.5) ...
Setting up python3-lib2to3 (3.8.6-1) ...
Setting up python3-distutils (3.8.6-1) ...
Setting up libglib2.0-dev-bin (2.66.1-2) ...
Setting up po-debconf (1.0.21) ...
Setting up libglib2.0-dev:amd64 (2.66.1-2) ...
Setting up dh-autoreconf (19) ...
Setting up debhelper (13.2.1) ...
Setting up sbuild-build-depends-main-dummy (0.invalid.0) ...
Processing triggers for libc-bin (2.31-4) ...

+------------------------------------------------------------------------------+
| Check architectures                                                          |
+------------------------------------------------------------------------------+

Arch check ok (amd64 included in any)

+------------------------------------------------------------------------------+
| Build environment                                                            |
+------------------------------------------------------------------------------+

Kernel: Linux 4.19.0-6-cloud-amd64 #1 SMP Debian 4.19.67-2+deb10u2 (2019-11-11) amd64 (x86_64)
Toolchain package versions: binutils_2.35.1-2 dpkg-dev_1.20.5 g++-10_10.2.0-15 gcc-10_10.2.0-15 libc6-dev_2.31-4 libstdc++-10-dev_10.2.0-15 libstdc++6_10.2.0-15 linux-libc-dev_5.9.1-1
Package versions: adduser_3.118 apt_2.1.11 autoconf_2.69-11.1 automake_1:1.16.2-4 autopoint_0.19.8.1-10 autotools-dev_20180224.1 base-files_11 base-passwd_3.5.48 bash_5.1~rc1-2 binutils_2.35.1-2 binutils-common_2.35.1-2 binutils-x86-64-linux-gnu_2.35.1-2 bsdextrautils_2.36-3+b1 bsdutils_1:2.36-3+b1 build-essential_12.8 bzip2_1.0.8-4 clang-10_1:10.0.1-7 coreutils_8.32-4+b1 cpp_4:10.2.0-1 cpp-10_10.2.0-15 dash_0.5.10.2-7 debconf_1.5.74 debhelper_13.2.1 debian-archive-keyring_2019.1 debianutils_4.11.2 dh-autoreconf_19 dh-strip-nondeterminism_1.9.0-1 diffutils_1:3.7-3 dpkg_1.20.5 dpkg-dev_1.20.5 dwz_0.13-5 e2fsprogs_1.45.6-1 fakeroot_1.25.3-1 file_1:5.38-5 findutils_4.7.0+git20201010-2 g++_4:10.2.0-1 g++-10_10.2.0-15 gcc_4:10.2.0-1 gcc-10_10.2.0-15 gcc-10-base_10.2.0-15 gcc-9-base_9.3.0-18 gettext_0.19.8.1-10 gettext-base_0.19.8.1-10 gpgv_2.2.20-1 grep_3.4-1 groff-base_1.22.4-5 gzip_1.10-2 hostname_3.23 init-system-helpers_1.58 intltool-debian_0.35.0+20060710.5 lib32gcc-s1_10.2.0-15 lib32stdc++6_10.2.0-15 libacl1_2.2.53-8 libapt-pkg6.0_2.1.11 libarchive-zip-perl_1.68-1 libasan5_9.3.0-18 libasan6_10.2.0-15 libatomic1_10.2.0-15 libattr1_1:2.4.48-5 libaudit-common_1:2.8.5-3.1 libaudit1_1:2.8.5-3.1 libbinutils_2.35.1-2 libblkid-dev_2.36-3+b1 libblkid1_2.36-3+b1 libbsd0_0.10.0-1 libbz2-1.0_1.0.8-4 libc-bin_2.31-4 libc-dev-bin_2.31-4 libc6_2.31-4 libc6-dev_2.31-4 libc6-i386_2.31-4 libcap-ng0_0.7.9-2.2 libcc1-0_10.2.0-15 libclang-common-10-dev_1:10.0.1-7 libclang-cpp10_1:10.0.1-7 libclang1-10_1:10.0.1-7 libcmocka-dev_1.1.5-2 libcmocka0_1.1.5-2 libcom-err2_1.45.6-1 libcroco3_0.6.13-1 libcrypt-dev_1:4.4.17-1 libcrypt1_1:4.4.17-1 libctf-nobfd0_2.35.1-2 libctf0_2.35.1-2 libdb5.3_5.3.28+dfsg1-0.6 libdebconfclient0_0.255 libdebhelper-perl_13.2.1 libdpkg-perl_1.20.5 libedit2_3.1-20191231-1 libelf1_0.181-1 libexpat1_2.2.10-1 libext2fs2_1.45.6-1 libfakeroot_1.25.3-1 libffi-dev_3.3-4 libffi7_3.3-4 libfile-stripnondeterminism-perl_1.9.0-1 libgc1_1:8.0.4-2.1 libgcc-10-dev_10.2.0-15 libgcc-9-dev_9.3.0-18 libgcc-s1_10.2.0-15 libgcrypt20_1.8.7-2 libgcrypt20-dev_1.8.7-2 libgdbm-compat4_1.18.1-5.1 libgdbm6_1.18.1-5.1 libglib2.0-0_2.66.1-2 libglib2.0-bin_2.66.1-2 libglib2.0-data_2.66.1-2 libglib2.0-dev_2.66.1-2 libglib2.0-dev-bin_2.66.1-2 libgmp10_2:6.2.0+dfsg-6 libgnutls30_3.6.15-4 libgomp1_10.2.0-15 libgpg-error-dev_1.38-2 libgpg-error0_1.38-2 libgssapi-krb5-2_1.17-10 libhogweed6_3.6-2 libicu67_67.1-4 libidn2-0_2.3.0-1 libisl22_0.22.1-1 libitm1_10.2.0-15 libk5crypto3_1.17-10 libkeyutils1_1.6.1-2 libkrb5-3_1.17-10 libkrb5support0_1.17-10 libllvm10_1:10.0.1-7 liblsan0_10.2.0-15 liblz4-1_1.9.2-2 liblzma5_5.2.4-1+b1 libmagic-mgc_1:5.38-5 libmagic1_1:5.38-5 libmount-dev_2.36-3+b1 libmount1_2.36-3+b1 libmpc3_1.2.0-1 libmpfr6_4.1.0-3 libncursesw6_6.2+20200918-1 libnettle8_3.6-2 libnsl-dev_1.3.0-2 libnsl2_1.3.0-2 libnss-nis_3.1-4 libnss-nisplus_1.3-4 libobjc-10-dev_10.2.0-15 libobjc-9-dev_9.3.0-18 libobjc4_10.2.0-15 libomp-10-dev_1:10.0.1-7 libomp5-10_1:10.0.1-7 libp11-kit0_0.23.21-2 libpam-modules_1.3.1-5 libpam-modules-bin_1.3.1-5 libpam-runtime_1.3.1-5 libpam0g_1.3.1-5 libpcre16-3_2:8.39-13 libpcre2-16-0_10.34-7 libpcre2-32-0_10.34-7 libpcre2-8-0_10.34-7 libpcre2-dev_10.34-7 libpcre2-posix2_10.34-7 libpcre3_2:8.39-13 libpcre3-dev_2:8.39-13 libpcre32-3_2:8.39-13 libpcrecpp0v5_2:8.39-13 libperl5.30_5.30.3-4 libpipeline1_1.5.3-1 libpython3-stdlib_3.8.6-1 libpython3.8-minimal_3.8.6-1 libpython3.8-stdlib_3.8.6-1 libquadmath0_10.2.0-15 libreadline8_8.0-4 libseccomp2_2.4.4-1+b1 libselinux1_3.1-2+b1 libselinux1-dev_3.1-2+b1 libsemanage-common_3.1-1 libsemanage1_3.1-1+b1 libsepol1_3.1-1 libsepol1-dev_3.1-1 libsignal-protocol-c-dev_2.3.3-1 libsignal-protocol-c2.3.2_2.3.3-1 libsigsegv2_2.12-2 libsmartcols1_2.36-3+b1 libsqlite3-0_3.33.0-1 libsqlite3-dev_3.33.0-1 libss2_1.45.6-1 libssl1.1_1.1.1h-1 libstdc++-10-dev_10.2.0-15 libstdc++6_10.2.0-15 libsub-override-perl_0.09-2 libsystemd0_246.6-2 libtasn1-6_4.16.0-2 libtinfo6_6.2+20200918-1 libtirpc-common_1.2.6-3 libtirpc-dev_1.2.6-3 libtirpc3_1.2.6-3 libtool_2.4.6-14 libtsan0_10.2.0-15 libubsan1_10.2.0-15 libuchardet0_0.0.7-1 libudev1_246.6-2 libunistring2_0.9.10-4 libuuid1_2.36-3+b1 libxml2_2.9.10+dfsg-6.1 libz3-4_4.8.9-1 libzstd1_1.4.5+dfsg-4 linux-libc-dev_5.9.1-1 login_1:4.8.1-1 logsave_1.45.6-1 lsb-base_11.1.0 m4_1.4.18-4 make_4.3-4 man-db_2.9.3-2 mawk_1.3.4.20200120-2 mime-support_3.64 mount_2.36-3+b1 ncurses-base_6.2+20200918-1 ncurses-bin_6.2+20200918-1 passwd_1:4.8.1-1 patch_2.7.6-6 perl_5.30.3-4 perl-base_5.30.3-4 perl-modules-5.30_5.30.3-4 pkg-config_0.29.2-1 po-debconf_1.0.21 python3_3.8.6-1 python3-distutils_3.8.6-1 python3-lib2to3_3.8.6-1 python3-minimal_3.8.6-1 python3.8_3.8.6-1 python3.8-minimal_3.8.6-1 qt5-qmake_5.14.2+dfsg-6 qt5-qmake-bin_5.14.2+dfsg-6 qtchooser_66-2 readline-common_8.0-4 sbuild-build-depends-main-dummy_0.invalid.0 sed_4.7-1 sensible-utils_0.0.12+nmu1 sysvinit-utils_2.96-5 tar_1.30+dfsg-7 tzdata_2020d-1 util-linux_2.36-3+b1 uuid-dev_2.36-3+b1 xz-utils_5.2.4-1+b1 zlib1g_1:1.2.11.dfsg-2 zlib1g-dev_1:1.2.11.dfsg-2

+------------------------------------------------------------------------------+
| Build                                                                        |
+------------------------------------------------------------------------------+


Unpack source
-------------

-----BEGIN PGP SIGNED MESSAGE-----
Hash: SHA256

Format: 3.0 (quilt)
Source: axc
Binary: libaxc0, libaxc-dev
Architecture: any
Version: 0.3.3-1
Maintainer: DebianOnMobile Maintainers <debian-on-mobile-maintainers@alioth-lists.debian.net>
Uploaders:  Henry-Nicolas Tourneur <debian@nilux.be>,
Homepage: https://github.com/gkdr/axc
Standards-Version: 4.5.0
Vcs-Browser: https://salsa.debian.org/DebianOnMobile-team/libaxc
Vcs-Git: https://salsa.debian.org/DebianOnMobile-team/libaxc.git
Build-Depends: debhelper-compat (= 13), libcmocka-dev, libgcrypt20-dev, libglib2.0-dev, libsignal-protocol-c-dev, libsqlite3-dev, pkg-config
Package-List:
 libaxc-dev deb libdevel optional arch=any
 libaxc0 deb libs optional arch=any
Checksums-Sha1:
 0d40189f1abe9cd099b20991e4ccb10c366eb062 39497 axc_0.3.3.orig.tar.gz
 1c02ba808bc83d92a7d22f23fa12fc7837b9a1b5 4496 axc_0.3.3-1.debian.tar.xz
Checksums-Sha256:
 19b403fb684872087e2357878b78f1af31d8c893976bad8be2c4afc3cd6dc7ca 39497 axc_0.3.3.orig.tar.gz
 04f58400c7c1cb7105031833cb02467302c7dcf32fe018670d2524be920f99a0 4496 axc_0.3.3-1.debian.tar.xz
Files:
 f1662fa9759433219d6b5503d8470780 39497 axc_0.3.3.orig.tar.gz
 b561aa78b710ee72cee0f6f65ee317ed 4496 axc_0.3.3-1.debian.tar.xz

-----BEGIN PGP SIGNATURE-----

iQIzBAEBCAAdFiEEY/bM35YinQkoayrDJb+GUkr8weMFAl8ic5cACgkQJb+GUkr8
weME/g/+M3oO0JiCuU83T2rPtUqnDgXLblWEfr4XEwuXLN5oND9OKFnm6HL096RW
CqvdUPNXBeFLP0YCbDvRoSACgLMDxyOaAL5XtHK5V/7kNeHccgB8j62eqBdWzOoc
n9ytv3q2sZh7ju4/aq4S8M0/NO00UQGwqN0vlOqafSPSQk3OS1ONeB4ixBKoxazs
5lKi5TKvtLWWmY2k3FTluz8C3/pcKFF6g/VC5HhPgQUqV/+hqlIONe+VfbAg0SLp
9l/Jejav6JcprxF3pOnmiC0y3LCs+D+gknQNjl75ShEGZj2wyuX4V9lqHgClBK8F
qj2/CaiJkUAFis4/In+2DCFdIDuGdJQOY51GHBJfHuYzb4anu8jrSzPtoFDRjz++
ydzCJTdaNyRVgw8/Cq6RCardItO85kboUNps//EnpYY1ze9WmsWTY2N9GEArgLd6
Tx2mH0f9Bgi1DwYB22Dyr0mWd1tNaRiZiwwfUOrNjQ86KF2VLQka4/Grn5P5HNGe
6HEKuYfsGZIC/kgSEgKw7GUdJTff0ENllrEXJJqbOJkVIAUrbWg/Tb+k7dcZmGJr
YOT9dgHPtH0bQ72K2kdd6Oo4T7LdvvrhUnIEyNLSZh3Rf8zXlK942/f00gpsAcvV
DQBBnWOztd++a3FcIVVyNUm+FsqeUQ34Tz96HRKwkitZD7Kuvnc=
=L80g
-----END PGP SIGNATURE-----

gpgv: unknown type of key resource 'trustedkeys.kbx'
gpgv: keyblock resource '/tmp/dpkg-verify-sig.tfKGJPP3/trustedkeys.kbx': General error
gpgv: Signature made Thu Jul 30 07:15:35 2020 UTC
gpgv:                using RSA key 63F6CCDF96229D09286B2AC325BF86524AFCC1E3
gpgv: Can't check signature: No public key
dpkg-source: warning: failed to verify signature on ./axc_0.3.3-1.dsc
dpkg-source: info: extracting axc in /<<PKGBUILDDIR>>
dpkg-source: info: unpacking axc_0.3.3.orig.tar.gz
dpkg-source: info: unpacking axc_0.3.3-1.debian.tar.xz
dpkg-source: info: using patch list from debian/patches/series
dpkg-source: info: applying 001_fix_makefile.patch

Check disk space
----------------

Sufficient free space for build

User Environment
----------------

APT_CONFIG=/var/lib/sbuild/apt.conf
HOME=/sbuild-nonexistent
LANG=C.UTF-8
LC_ALL=C.UTF-8
LOGNAME=user42
PATH=/usr/local/sbin:/usr/local/bin:/usr/sbin:/usr/bin:/sbin:/bin:/usr/games
SCHROOT_ALIAS_NAME=unstable
SCHROOT_CHROOT_NAME=sid-amd64-sbuild
SCHROOT_COMMAND=env
SCHROOT_GID=1001
SCHROOT_GROUP=user42
SCHROOT_SESSION_ID=sid-amd64-sbuild-397b9e82-7d3e-4919-aeed-94a4fb749dfc
SCHROOT_UID=1001
SCHROOT_USER=user42
SHELL=/bin/sh
USER=user42

dpkg-buildpackage
-----------------

Command: dpkg-buildpackage -us -uc -b -rfakeroot
dpkg-buildpackage: info: source package axc
dpkg-buildpackage: info: source version 0.3.3-1
dpkg-buildpackage: info: source distribution unstable
dpkg-buildpackage: info: source changed by Henry-Nicolas Tourneur <debian@nilux.be>
 dpkg-source --before-build .
dpkg-buildpackage: info: host architecture amd64
 debian/rules clean
dh clean
   dh_auto_clean
	make -j4 clean
make[1]: Entering directory '/<<PKGBUILDDIR>>'
clang: error: unknown argument: '-print-multiarch'
clang: error: no input files
rm -f test/*.o
rm -f test/*.gcno test/*.gcda test/*.sqlite
make[1]: Leaving directory '/<<PKGBUILDDIR>>'
   dh_clean
 debian/rules binary
dh binary
   dh_update_autotools_config
   dh_autoreconf
   dh_auto_configure
   debian/rules override_dh_auto_build
make[1]: Entering directory '/<<PKGBUILDDIR>>'
PREFIX=/usr dh_auto_build
	make -j4 "INSTALL=install --strip-program=true"
make[2]: Entering directory '/<<PKGBUILDDIR>>'
clang: error: unknown argument: '-print-multiarch'
clang: error: no input files
mkdir -p build
cc -fPIC -g -O2 -fdebug-prefix-map=/<<PKGBUILDDIR>>=. -fstack-protector-strong -Wformat -Werror=format-security -I/usr/include/glib-2.0 -I/usr/lib/x86_64-linux-gnu/glib-2.0/include   -I/usr/include/signal -std=c11 -g -Wall -Wextra -Wpedantic -Wstrict-overflow -fno-strict-aliasing -funsigned-char -fno-builtin-memset -fstack-protector-strong -Wformat -Werror=format-security -Wdate-time -D_FORTIFY_SOURCE=2 -D_XOPEN_SOURCE=700 -D_BSD_SOURCE -D_POSIX_SOURCE -D_GNU_SOURCE -D_DEFAULT_SOURCE -c src/axc.c -o build/axc.o
cc -fPIC -g -O2 -fdebug-prefix-map=/<<PKGBUILDDIR>>=. -fstack-protector-strong -Wformat -Werror=format-security -I/usr/include/glib-2.0 -I/usr/lib/x86_64-linux-gnu/glib-2.0/include   -I/usr/include/signal -std=c11 -g -Wall -Wextra -Wpedantic -Wstrict-overflow -fno-strict-aliasing -funsigned-char -fno-builtin-memset -fstack-protector-strong -Wformat -Werror=format-security -Wdate-time -D_FORTIFY_SOURCE=2 -D_XOPEN_SOURCE=700 -D_BSD_SOURCE -D_POSIX_SOURCE -D_GNU_SOURCE -D_DEFAULT_SOURCE -c src/axc_crypto.c -o build/axc_crypto.o
cc -fPIC -g -O2 -fdebug-prefix-map=/<<PKGBUILDDIR>>=. -fstack-protector-strong -Wformat -Werror=format-security -I/usr/include/glib-2.0 -I/usr/lib/x86_64-linux-gnu/glib-2.0/include   -I/usr/include/signal -std=c11 -g -Wall -Wextra -Wpedantic -Wstrict-overflow -fno-strict-aliasing -funsigned-char -fno-builtin-memset -fstack-protector-strong -Wformat -Werror=format-security -Wdate-time -D_FORTIFY_SOURCE=2 -D_XOPEN_SOURCE=700 -D_BSD_SOURCE -D_POSIX_SOURCE -D_GNU_SOURCE -D_DEFAULT_SOURCE -c src/axc_store.c -o build/axc_store.o
src/axc.c:1074:12: warning: unused variable 'pre_key_id' [-Wunused-variable]
  uint32_t pre_key_id = 0;
           ^
cc -shared -Wl,-soname,libaxc.so.0 -o build/libaxc.so -fPIC -g -O2 -fdebug-prefix-map=/<<PKGBUILDDIR>>=. -fstack-protector-strong -Wformat -Werror=format-security -I/usr/include/glib-2.0 -I/usr/lib/x86_64-linux-gnu/glib-2.0/include   -I/usr/include/signal -std=c11 -g -Wall -Wextra -Wpedantic -Wstrict-overflow -fno-strict-aliasing -funsigned-char -fno-builtin-memset -fstack-protector-strong -Wformat -Werror=format-security src/axc.c src/axc_crypto.c src/axc_store.c -Wl,-z,relro -Wl,-z,now -pthread -ldl -lglib-2.0 -lsqlite3 -L/usr/lib/x86_64-linux-gnu -lgcrypt -lsignal-protocol-c -lm -Wdate-time -D_FORTIFY_SOURCE=2 -D_XOPEN_SOURCE=700 -D_BSD_SOURCE -D_POSIX_SOURCE -D_GNU_SOURCE -D_DEFAULT_SOURCE
echo 'prefix='/usr > build/libaxc.pc
echo 'exec_prefix=${prefix}' >> build/libaxc.pc
echo 'libdir=${prefix}/lib/' >> build/libaxc.pc
echo 'includedir=${prefix}/include' >> build/libaxc.pc
echo 'Name: libaxc' >> build/libaxc.pc
echo 'Version: 0.3.3' >> build/libaxc.pc
echo 'Description: client library for libsignal-protocol-c' >> build/libaxc.pc
echo 'Requires: libsignal-protocol-c' >> build/libaxc.pc
echo 'Cflags: -I${includedir}/axc' >> build/libaxc.pc
echo 'Libs: -L${libdir} -laxc' >> build/libaxc.pc
1 warning generated.
src/axc.c:1074:12: warning: unused variable 'pre_key_id' [-Wunused-variable]
  uint32_t pre_key_id = 0;
           ^
ar rcs build/libaxc.a build/axc.o build/axc_crypto.o build/axc_store.o
1 warning generated.
make[2]: Leaving directory '/<<PKGBUILDDIR>>'
make[1]: Leaving directory '/<<PKGBUILDDIR>>'
   debian/rules override_dh_auto_test
make[1]: Entering directory '/<<PKGBUILDDIR>>'
dh_auto_test -- -j1
	make -j4 test -j1
make[2]: Entering directory '/<<PKGBUILDDIR>>'
clang: error: unknown argument: '-print-multiarch'
clang: error: no input files
cc -I/usr/include/glib-2.0 -I/usr/lib/x86_64-linux-gnu/glib-2.0/include   -I/usr/include/signal -g -O0 --coverage -fstack-protector-strong -Wformat -Werror=format-security -o test/test_store.o  test/test_store.c src/axc_crypto.c -lcmocka -Wl,-z,relro -Wl,-z,now -pthread -ldl -lglib-2.0 -lsqlite3 -L/usr/lib/x86_64-linux-gnu -lgcrypt -lsignal-protocol-c -lm
test/test_store.c:421:40: warning: passing 'char [6]' to parameter of type 'const uint8_t *' (aka 'const unsigned char *') converts between pointers to integer types with different sign [-Wpointer-sign]
  axc_buf * msg_buf_p = axc_buf_create("hello", strlen("hello") + 1);
                                       ^~~~~~~
test/../src/axc.c:444:42: note: passing argument to parameter 'data' here
axc_buf * axc_buf_create(const uint8_t * data, size_t len) {
                                         ^
test/test_store.c:704:76: warning: passing 'int *' to parameter of type 'uint32_t *' (aka 'unsigned int *') converts between pointers to integer types with different sign [-Wpointer-sign]
  assert_int_equal(axc_db_identity_get_local_registration_id(ctx_global_p, &result), 0);
                                                                           ^~~~~~~
/usr/include/cmocka.h:1215:53: note: expanded from macro 'assert_int_equal'
    _assert_int_equal(cast_to_largest_integral_type(a), \
                                                    ^
/usr/include/cmocka.h:116:28: note: expanded from macro 'cast_to_largest_integral_type'
    ((LargestIntegralType)(value))
                           ^~~~~
test/../src/axc_store.c:1258:76: note: passing argument to parameter 'registration_id' here
int axc_db_identity_get_local_registration_id(void * user_data, uint32_t * registration_id) {
                                                                           ^
2 warnings generated.
test/test_store.o
[==========] Running 36 test(s).
[ RUN      ] test_db_conn_open_should_create_db_default_filename
[       OK ] test_db_conn_open_should_create_db_default_filename
[ RUN      ] test_db_conn_open_should_create_db
[       OK ] test_db_conn_open_should_create_db
[ RUN      ] test_db_conn_open_should_prepare_statement
[       OK ] test_db_conn_open_should_prepare_statement
[ RUN      ] test_db_conn_open_should_fail_on_null_pointer
[       OK ] test_db_conn_open_should_fail_on_null_pointer
[ RUN      ] test_db_exec_single_change_should_only_succeed_on_correct_number_of_changes
[       OK ] test_db_exec_single_change_should_only_succeed_on_correct_number_of_changes
[ RUN      ] test_db_exec_quick_should_exec
[       OK ] test_db_exec_quick_should_exec
[ RUN      ] test_db_create_should_create_necessary_tables
[       OK ] test_db_create_should_create_necessary_tables
[ RUN      ] test_db_destroy_should_drop_all_tables
[       OK ] test_db_destroy_should_drop_all_tables
[ RUN      ] test_db_property_set_should_set_property_correctly
[       OK ] test_db_property_set_should_set_property_correctly
[ RUN      ] test_db_property_get_should_get_correctly
[       OK ] test_db_property_get_should_get_correctly
[ RUN      ] test_db_property_get_should_fail_on_no_results
[       OK ] test_db_property_get_should_fail_on_no_results
[ RUN      ] test_db_init_status_set_should_work
[       OK ] test_db_init_status_set_should_work
[ RUN      ] test_db_init_status_get_should_work
[       OK ] test_db_init_status_get_should_work
[ RUN      ] test_db_session_store_should_work
[       OK ] test_db_session_store_should_work
[ RUN      ] test_db_session_load_should_find_session
[       OK ] test_db_session_load_should_find_session
[ RUN      ] test_db_session_load_should_not_find_session
[       OK ] test_db_session_load_should_not_find_session
[ RUN      ] test_db_session_get_sub_device_sessions_should_find_and_return_correct_number
[       OK ] test_db_session_get_sub_device_sessions_should_find_and_return_correct_number
[ RUN      ] test_db_session_contains_should_return_correct_values
[       OK ] test_db_session_contains_should_return_correct_values
[ RUN      ] test_db_session_delete_should_return_correct_values
[       OK ] test_db_session_delete_should_return_correct_values
[ RUN      ] test_db_session_delete_all_should_return_correct_values
[       OK ] test_db_session_delete_all_should_return_correct_values
[ RUN      ] test_db_pre_key_store_should_work
[       OK ] test_db_pre_key_store_should_work
[ RUN      ] test_db_pre_key_store_list
[       OK ] test_db_pre_key_store_list
[ RUN      ] test_db_pre_key_get_list
[       OK ] test_db_pre_key_get_list
[ RUN      ] test_db_pre_key_load_should_return_correct_values_and_key
[       OK ] test_db_pre_key_load_should_return_correct_values_and_key
[ RUN      ] test_db_pre_key_contains_should_return_correct_values
[       OK ] test_db_pre_key_contains_should_return_correct_values
[ RUN      ] test_db_pre_key_remove
[       OK ] test_db_pre_key_remove
[ RUN      ] test_db_pre_key_get_max_id
[       OK ] test_db_pre_key_get_max_id
[ RUN      ] test_db_signed_pre_key_store_should_work
[       OK ] test_db_signed_pre_key_store_should_work
[ RUN      ] test_db_signed_pre_key_load_should_return_correct_values_and_key
[       OK ] test_db_signed_pre_key_load_should_return_correct_values_and_key
[ RUN      ] test_db_signed_pre_key_contains_should_return_correct_values
[       OK ] test_db_signed_pre_key_contains_should_return_correct_values
[ RUN      ] test_db_signed_pre_key_remove
[       OK ] test_db_signed_pre_key_remove
[ RUN      ] test_db_identity_set_local_registration_id
[       OK ] test_db_identity_set_local_registration_id
[ RUN      ] test_db_identity_get_local_registration_id
[       OK ] test_db_identity_get_local_registration_id
[ RUN      ] test_db_identity_set_and_get_key_pair
[       OK ] test_db_identity_set_and_get_key_pair
[ RUN      ] test_db_identity_save
[       OK ] test_db_identity_save
[ RUN      ] test_db_identity_get_key_pair_keys_not_found
[       OK ] test_db_identity_get_key_pair_keys_not_found
[==========] 36 test(s) run.
[  PASSED  ] 36 test(s).
mv *.g* test
cc -I/usr/include/glib-2.0 -I/usr/lib/x86_64-linux-gnu/glib-2.0/include   -I/usr/include/signal -g -O0 --coverage -fstack-protector-strong -Wformat -Werror=format-security -o test/test_client.o src/axc_crypto.c test/test_client.c -lcmocka -Wl,-z,relro -Wl,-z,now -pthread -ldl -lglib-2.0 -lsqlite3 -L/usr/lib/x86_64-linux-gnu -lgcrypt -lsignal-protocol-c -lm
test/test_client.c:113:40: warning: passing 'char [6]' to parameter of type 'const uint8_t *' (aka 'const unsigned char *') converts between pointers to integer types with different sign [-Wpointer-sign]
  axc_buf * msg_buf_p = axc_buf_create("hello", strlen("hello") + 1);
                                       ^~~~~~~
test/../src/axc.c:444:42: note: passing argument to parameter 'data' here
axc_buf * axc_buf_create(const uint8_t * data, size_t len) {
                                         ^
test/test_client.c:254:76: warning: passing 'int *' to parameter of type 'uint32_t *' (aka 'unsigned int *') converts between pointers to integer types with different sign [-Wpointer-sign]
  assert_int_equal(axc_db_identity_get_local_registration_id(ctx_global_p, &reg_id_1), 0);
                                                                           ^~~~~~~~~
/usr/include/cmocka.h:1215:53: note: expanded from macro 'assert_int_equal'
    _assert_int_equal(cast_to_largest_integral_type(a), \
                                                    ^
/usr/include/cmocka.h:116:28: note: expanded from macro 'cast_to_largest_integral_type'
    ((LargestIntegralType)(value))
                           ^~~~~
test/../src/axc_store.c:1258:76: note: passing argument to parameter 'registration_id' here
int axc_db_identity_get_local_registration_id(void * user_data, uint32_t * registration_id) {
                                                                           ^
test/test_client.c:259:76: warning: passing 'int *' to parameter of type 'uint32_t *' (aka 'unsigned int *') converts between pointers to integer types with different sign [-Wpointer-sign]
  assert_int_equal(axc_db_identity_get_local_registration_id(ctx_global_p, &reg_id_2), 0);
                                                                           ^~~~~~~~~
/usr/include/cmocka.h:1215:53: note: expanded from macro 'assert_int_equal'
    _assert_int_equal(cast_to_largest_integral_type(a), \
                                                    ^
/usr/include/cmocka.h:116:28: note: expanded from macro 'cast_to_largest_integral_type'
    ((LargestIntegralType)(value))
                           ^~~~~
test/../src/axc_store.c:1258:76: note: passing argument to parameter 'registration_id' here
int axc_db_identity_get_local_registration_id(void * user_data, uint32_t * registration_id) {
                                                                           ^
test/test_client.c:270:76: warning: passing 'int *' to parameter of type 'uint32_t *' (aka 'unsigned int *') converts between pointers to integer types with different sign [-Wpointer-sign]
  assert_int_equal(axc_db_identity_get_local_registration_id(ctx_global_p, &reg_id_1), 0);
                                                                           ^~~~~~~~~
/usr/include/cmocka.h:1215:53: note: expanded from macro 'assert_int_equal'
    _assert_int_equal(cast_to_largest_integral_type(a), \
                                                    ^
/usr/include/cmocka.h:116:28: note: expanded from macro 'cast_to_largest_integral_type'
    ((LargestIntegralType)(value))
                           ^~~~~
test/../src/axc_store.c:1258:76: note: passing argument to parameter 'registration_id' here
int axc_db_identity_get_local_registration_id(void * user_data, uint32_t * registration_id) {
                                                                           ^
test/test_client.c:277:76: warning: passing 'int *' to parameter of type 'uint32_t *' (aka 'unsigned int *') converts between pointers to integer types with different sign [-Wpointer-sign]
  assert_int_equal(axc_db_identity_get_local_registration_id(ctx_global_p, &reg_id_2), 0);
                                                                           ^~~~~~~~~
/usr/include/cmocka.h:1215:53: note: expanded from macro 'assert_int_equal'
    _assert_int_equal(cast_to_largest_integral_type(a), \
                                                    ^
/usr/include/cmocka.h:116:28: note: expanded from macro 'cast_to_largest_integral_type'
    ((LargestIntegralType)(value))
                           ^~~~~
test/../src/axc_store.c:1258:76: note: passing argument to parameter 'registration_id' here
int axc_db_identity_get_local_registration_id(void * user_data, uint32_t * registration_id) {
                                                                           ^
test/test_client.c:373:40: warning: passing 'char [6]' to parameter of type 'const uint8_t *' (aka 'const unsigned char *') converts between pointers to integer types with different sign [-Wpointer-sign]
  axc_buf * msg_buf_p = axc_buf_create("hello", strlen("hello") + 1);
                                       ^~~~~~~
test/../src/axc.c:444:42: note: passing argument to parameter 'data' here
axc_buf * axc_buf_create(const uint8_t * data, size_t len) {
                                         ^
test/test_client.c:397:71: warning: passing 'int32_t *' (aka 'int *') to parameter of type 'uint32_t *' (aka 'unsigned int *') converts between pointers to integer types with different sign [-Wpointer-sign]
  assert_int_equal(axc_db_identity_get_local_registration_id(ctx_b_p, &(addr_bob.device_id)), 0);
                                                                      ^~~~~~~~~~~~~~~~~~~~~
/usr/include/cmocka.h:1215:53: note: expanded from macro 'assert_int_equal'
    _assert_int_equal(cast_to_largest_integral_type(a), \
                                                    ^
/usr/include/cmocka.h:116:28: note: expanded from macro 'cast_to_largest_integral_type'
    ((LargestIntegralType)(value))
                           ^~~~~
test/../src/axc_store.c:1258:76: note: passing argument to parameter 'registration_id' here
int axc_db_identity_get_local_registration_id(void * user_data, uint32_t * registration_id) {
                                                                           ^
test/test_client.c:517:40: warning: passing 'char [6]' to parameter of type 'const uint8_t *' (aka 'const unsigned char *') converts between pointers to integer types with different sign [-Wpointer-sign]
  axc_buf * msg_buf_p = axc_buf_create("hello", strlen("hello") + 1);
                                       ^~~~~~~
test/../src/axc.c:444:42: note: passing argument to parameter 'data' here
axc_buf * axc_buf_create(const uint8_t * data, size_t len) {
                                         ^
test/test_client.c:541:30: warning: passing 'char [10]' to parameter of type 'const uint8_t *' (aka 'const unsigned char *') converts between pointers to integer types with different sign [-Wpointer-sign]
  msg_buf_p = axc_buf_create("hello 234", strlen("hello 234") + 1);
                             ^~~~~~~~~~~
test/../src/axc.c:444:42: note: passing argument to parameter 'data' here
axc_buf * axc_buf_create(const uint8_t * data, size_t len) {
                                         ^
9 warnings generated.
test/test_client.o
[==========] Running 13 test(s).
[ RUN      ] test_init
[       OK ] test_init
[ RUN      ] test_recursive_mutex_lock
[       OK ] test_recursive_mutex_lock
[ RUN      ] test_recursive_mutex_unlock
[       OK ] test_recursive_mutex_unlock
[ RUN      ] test_install_should_generate_necessary_data
[       OK ] test_install_should_generate_necessary_data
[ RUN      ] test_install_should_not_do_anything_if_already_initialiased
[       OK ] test_install_should_not_do_anything_if_already_initialiased
[ RUN      ] test_install_should_reset_if_needed
[       OK ] test_install_should_reset_if_needed
[ RUN      ] test_message_encrypt_decrypt
axc_message_encrypt_and_serialize: axc ctx is null!
axc_message_encrypt_and_serialize: axc ctx is null!
axc_message_encrypt_and_serialize: axc ctx is null!
axc_message_decrypt_from_serialized: axc ctx is null!
axc_message_decrypt_from_serialized: axc ctx is null!
axc_message_decrypt_from_serialized: axc ctx is null!
[       OK ] test_message_encrypt_decrypt
[ RUN      ] test_session_exists_any
[       OK ] test_session_exists_any
[ RUN      ] test_session_exists_prekeys
[       OK ] test_session_exists_prekeys
[ RUN      ] test_session_from_bundle_and_handle_prekey_message
[       OK ] test_session_from_bundle_and_handle_prekey_message
[ RUN      ] test_bundle_collect
[       OK ] test_bundle_collect
[ RUN      ] test_key_load_public_own
[       OK ] test_key_load_public_own
[ RUN      ] test_key_load_public_addr
[       OK ] test_key_load_public_addr
[==========] 13 test(s) run.
[  PASSED  ] 13 test(s).
mv *.g* test
make[2]: Leaving directory '/<<PKGBUILDDIR>>'
make[1]: Leaving directory '/<<PKGBUILDDIR>>'
   create-stamp debian/debhelper-build-stamp
   dh_testroot
   dh_prep
   debian/rules override_dh_auto_install
make[1]: Entering directory '/<<PKGBUILDDIR>>'
PREFIX=/usr dh_auto_install
	make -j4 install DESTDIR=/<<PKGBUILDDIR>>/debian/tmp AM_UPDATE_INFO_DIR=no "INSTALL=install --strip-program=true"
make[2]: Entering directory '/<<PKGBUILDDIR>>'
clang: error: unknown argument: '-print-multiarch'
clang: error: no input files
install -d /<<PKGBUILDDIR>>/debian/tmp//usr/lib//pkgconfig/
install -m 644 build/libaxc.a  /<<PKGBUILDDIR>>/debian/tmp//usr/lib//libaxc.a
install -m 644 build/libaxc.so /<<PKGBUILDDIR>>/debian/tmp//usr/lib//libaxc.so.0.3.3
install -m 644 build/libaxc.pc /<<PKGBUILDDIR>>/debian/tmp//usr/lib//pkgconfig/
install -d /<<PKGBUILDDIR>>/debian/tmp//usr/include/axc/
install -m 644 src/axc.h /<<PKGBUILDDIR>>/debian/tmp//usr/include/axc/
install -m 644 src/axc_crypto.h /<<PKGBUILDDIR>>/debian/tmp//usr/include/axc/
install -m 644 src/axc_store.h /<<PKGBUILDDIR>>/debian/tmp//usr/include/axc/
make[2]: Leaving directory '/<<PKGBUILDDIR>>'
make[1]: Leaving directory '/<<PKGBUILDDIR>>'
   dh_install
dh_install: warning: Cannot find (any matches for) "usr/lib/*/libaxc.so.*" (tried in ., debian/tmp)

dh_install: warning: libaxc0 missing files: usr/lib/*/libaxc.so.*
dh_install: warning: Cannot find (any matches for) "usr/lib/*/libaxc.a" (tried in ., debian/tmp)

dh_install: warning: libaxc-dev missing files: usr/lib/*/libaxc.a
dh_install: warning: Cannot find (any matches for) "usr/lib/*/pkgconfig/libaxc.pc" (tried in ., debian/tmp)

dh_install: warning: libaxc-dev missing files: usr/lib/*/pkgconfig/libaxc.pc
dh_install: error: missing files, aborting
make: *** [debian/rules:10: binary] Error 25
dpkg-buildpackage: error: debian/rules binary subprocess returned exit status 2
--------------------------------------------------------------------------------
Build finished at 2020-10-29T20:15:33Z

Finished
--------


+------------------------------------------------------------------------------+
| Cleanup                                                                      |
+------------------------------------------------------------------------------+

Purging /<<BUILDDIR>>
Not cleaning session: cloned chroot in use
E: Build failure (dpkg-buildpackage died)

+------------------------------------------------------------------------------+
| Summary                                                                      |
+------------------------------------------------------------------------------+

Build Architecture: amd64
Build Type: binary
Build-Space: 2740
Build-Time: 5
Distribution: unstable
Fail-Stage: build
Host Architecture: amd64
Install-Time: 10
Job: axc_0.3.3-1
Machine Architecture: amd64
Package: axc
Package-Time: 32
Source-Version: 0.3.3-1
Space: 2740
Status: attempted
Version: 0.3.3-1
--------------------------------------------------------------------------------
Finished at 2020-10-29T20:15:33Z
Build needed 00:00:32, 2740k disk space
E: Build failure (dpkg-buildpackage died)
DC-Status: Failed 32.713159096s
