DC-Build-Header: facter 3.14.12-1 / 2020-10-29 19:23:18 +0000
DC-Task: type:rebuild-binarch-only source:facter version:3.14.12-1 chroot:unstable esttime:356 logfile:/tmp/facter_3.14.12-1_unstable_clang11.log modes:clang11:binarch-only
DC-Sbuild-call: su user42 -c 'sbuild -n --arch-any --apt-update -d unstable -v --no-run-lintian --chroot-setup-commands=/tmp/clang11 facter_3.14.12-1'
sbuild (Debian sbuild) 0.78.1 (09 February 2019) on ip-172-31-13-222.eu-central-1.compute.internal

+==============================================================================+
| facter 3.14.12-1 (amd64)                     Thu, 29 Oct 2020 19:23:18 +0000 |
+==============================================================================+

Package: facter
Version: 3.14.12-1
Source Version: 3.14.12-1
Distribution: unstable
Machine Architecture: amd64
Host Architecture: amd64
Build Architecture: amd64
Build Type: binary

I: NOTICE: Log filtering will replace 'var/run/schroot/mount/sid-amd64-sbuild-cf03cfca-8241-4b95-8a77-fcc9a73362c1' with '<<CHROOT>>'

+------------------------------------------------------------------------------+
| Chroot Setup Commands                                                        |
+------------------------------------------------------------------------------+


/tmp/clang11
------------

+ echo 'Entering customization script...'
Entering customization script...
+ CLANG_VERSION=10
+ echo 'Install of clang-10'
Install of clang-10
+ apt-get update
Get:1 http://127.0.0.1:12990/debian sid InRelease [146 kB]
Get:2 http://127.0.0.1:12990/debian sid/main Sources.diff/Index [734 B]
Ign:2 http://127.0.0.1:12990/debian sid/main Sources.diff/Index
Get:3 http://127.0.0.1:12990/debian sid/main amd64 Packages.diff/Index [734 B]
Ign:3 http://127.0.0.1:12990/debian sid/main amd64 Packages.diff/Index
Get:4 http://127.0.0.1:12990/debian sid/main Translation-en [6391 kB]
Get:5 http://127.0.0.1:12990/debian sid/main Sources [8989 kB]
Get:6 http://127.0.0.1:12990/debian sid/main amd64 Packages [8492 kB]
Fetched 24.0 MB in 3s (6994 kB/s)
Reading package lists...
+ apt-get install --yes --no-install-recommends --force-yes clang-10 libomp-10-dev libobjc-9-dev
Reading package lists...
Building dependency tree...
The following additional packages will be installed:
  lib32gcc-s1 lib32stdc++6 libasan5 libbsd0 libc6-i386 libclang-common-10-dev
  libclang-cpp10 libclang1-10 libedit2 libgc1 libgcc-9-dev libllvm10
  libobjc-10-dev libobjc4 libomp5-10 libz3-4
Suggested packages:
  clang-10-doc libomp-10-doc
Recommended packages:
  llvm-10-dev python3
The following NEW packages will be installed:
  clang-10 lib32gcc-s1 lib32stdc++6 libasan5 libbsd0 libc6-i386
  libclang-common-10-dev libclang-cpp10 libclang1-10 libedit2 libgc1
  libgcc-9-dev libllvm10 libobjc-10-dev libobjc-9-dev libobjc4 libomp-10-dev
  libomp5-10 libz3-4
0 upgraded, 19 newly installed, 0 to remove and 1 not upgraded.
Need to get 52.3 MB of archives.
After this operation, 274 MB of additional disk space will be used.
Get:1 http://127.0.0.1:12990/debian sid/main amd64 libbsd0 amd64 0.10.0-1 [107 kB]
Get:2 http://127.0.0.1:12990/debian sid/main amd64 libedit2 amd64 3.1-20191231-1 [95.4 kB]
Get:3 http://127.0.0.1:12990/debian sid/main amd64 libz3-4 amd64 4.8.9-1 [6783 kB]
Get:4 http://127.0.0.1:12990/debian sid/main amd64 libllvm10 amd64 1:10.0.1-7 [16.6 MB]
Get:5 http://127.0.0.1:12990/debian sid/main amd64 libclang-cpp10 amd64 1:10.0.1-7 [9069 kB]
Get:6 http://127.0.0.1:12990/debian sid/main amd64 libgc1 amd64 1:8.0.4-2.1 [239 kB]
Get:7 http://127.0.0.1:12990/debian sid/main amd64 libobjc4 amd64 10.2.0-15 [41.6 kB]
Get:8 http://127.0.0.1:12990/debian sid/main amd64 libobjc-10-dev amd64 10.2.0-15 [170 kB]
Get:9 http://127.0.0.1:12990/debian sid/main amd64 libc6-i386 amd64 2.31-4 [2815 kB]
Get:10 http://127.0.0.1:12990/debian sid/main amd64 lib32gcc-s1 amd64 10.2.0-15 [49.4 kB]
Get:11 http://127.0.0.1:12990/debian sid/main amd64 lib32stdc++6 amd64 10.2.0-15 [511 kB]
Get:12 http://127.0.0.1:12990/debian sid/main amd64 libclang-common-10-dev amd64 1:10.0.1-7 [5062 kB]
Get:13 http://127.0.0.1:12990/debian sid/main amd64 libclang1-10 amd64 1:10.0.1-7 [7293 kB]
Get:14 http://127.0.0.1:12990/debian sid/main amd64 clang-10 amd64 1:10.0.1-7 [106 kB]
Get:15 http://127.0.0.1:12990/debian sid/main amd64 libasan5 amd64 9.3.0-18 [390 kB]
Get:16 http://127.0.0.1:12990/debian sid/main amd64 libgcc-9-dev amd64 9.3.0-18 [2347 kB]
Get:17 http://127.0.0.1:12990/debian sid/main amd64 libobjc-9-dev amd64 9.3.0-18 [220 kB]
Get:18 http://127.0.0.1:12990/debian sid/main amd64 libomp5-10 amd64 1:10.0.1-7 [339 kB]
Get:19 http://127.0.0.1:12990/debian sid/main amd64 libomp-10-dev amd64 1:10.0.1-7 [86.6 kB]
debconf: delaying package configuration, since apt-utils is not installed
Fetched 52.3 MB in 0s (142 MB/s)
Selecting previously unselected package libbsd0:amd64.
(Reading database ... (Reading database ... 5%(Reading database ... 10%(Reading database ... 15%(Reading database ... 20%(Reading database ... 25%(Reading database ... 30%(Reading database ... 35%(Reading database ... 40%(Reading database ... 45%(Reading database ... 50%(Reading database ... 55%(Reading database ... 60%(Reading database ... 65%(Reading database ... 70%(Reading database ... 75%(Reading database ... 80%(Reading database ... 85%(Reading database ... 90%(Reading database ... 95%(Reading database ... 100%(Reading database ... 12312 files and directories currently installed.)
Preparing to unpack .../00-libbsd0_0.10.0-1_amd64.deb ...
Unpacking libbsd0:amd64 (0.10.0-1) ...
Selecting previously unselected package libedit2:amd64.
Preparing to unpack .../01-libedit2_3.1-20191231-1_amd64.deb ...
Unpacking libedit2:amd64 (3.1-20191231-1) ...
Selecting previously unselected package libz3-4:amd64.
Preparing to unpack .../02-libz3-4_4.8.9-1_amd64.deb ...
Unpacking libz3-4:amd64 (4.8.9-1) ...
Selecting previously unselected package libllvm10:amd64.
Preparing to unpack .../03-libllvm10_1%3a10.0.1-7_amd64.deb ...
Unpacking libllvm10:amd64 (1:10.0.1-7) ...
Selecting previously unselected package libclang-cpp10.
Preparing to unpack .../04-libclang-cpp10_1%3a10.0.1-7_amd64.deb ...
Unpacking libclang-cpp10 (1:10.0.1-7) ...
Selecting previously unselected package libgc1:amd64.
Preparing to unpack .../05-libgc1_1%3a8.0.4-2.1_amd64.deb ...
Unpacking libgc1:amd64 (1:8.0.4-2.1) ...
Selecting previously unselected package libobjc4:amd64.
Preparing to unpack .../06-libobjc4_10.2.0-15_amd64.deb ...
Unpacking libobjc4:amd64 (10.2.0-15) ...
Selecting previously unselected package libobjc-10-dev:amd64.
Preparing to unpack .../07-libobjc-10-dev_10.2.0-15_amd64.deb ...
Unpacking libobjc-10-dev:amd64 (10.2.0-15) ...
Selecting previously unselected package libc6-i386.
Preparing to unpack .../08-libc6-i386_2.31-4_amd64.deb ...
Unpacking libc6-i386 (2.31-4) ...
Selecting previously unselected package lib32gcc-s1.
Preparing to unpack .../09-lib32gcc-s1_10.2.0-15_amd64.deb ...
Unpacking lib32gcc-s1 (10.2.0-15) ...
Selecting previously unselected package lib32stdc++6.
Preparing to unpack .../10-lib32stdc++6_10.2.0-15_amd64.deb ...
Unpacking lib32stdc++6 (10.2.0-15) ...
Selecting previously unselected package libclang-common-10-dev.
Preparing to unpack .../11-libclang-common-10-dev_1%3a10.0.1-7_amd64.deb ...
Unpacking libclang-common-10-dev (1:10.0.1-7) ...
Selecting previously unselected package libclang1-10.
Preparing to unpack .../12-libclang1-10_1%3a10.0.1-7_amd64.deb ...
Unpacking libclang1-10 (1:10.0.1-7) ...
Selecting previously unselected package clang-10.
Preparing to unpack .../13-clang-10_1%3a10.0.1-7_amd64.deb ...
Unpacking clang-10 (1:10.0.1-7) ...
Selecting previously unselected package libasan5:amd64.
Preparing to unpack .../14-libasan5_9.3.0-18_amd64.deb ...
Unpacking libasan5:amd64 (9.3.0-18) ...
Selecting previously unselected package libgcc-9-dev:amd64.
Preparing to unpack .../15-libgcc-9-dev_9.3.0-18_amd64.deb ...
Unpacking libgcc-9-dev:amd64 (9.3.0-18) ...
Selecting previously unselected package libobjc-9-dev:amd64.
Preparing to unpack .../16-libobjc-9-dev_9.3.0-18_amd64.deb ...
Unpacking libobjc-9-dev:amd64 (9.3.0-18) ...
Selecting previously unselected package libomp5-10:amd64.
Preparing to unpack .../17-libomp5-10_1%3a10.0.1-7_amd64.deb ...
Unpacking libomp5-10:amd64 (1:10.0.1-7) ...
Selecting previously unselected package libomp-10-dev.
Preparing to unpack .../18-libomp-10-dev_1%3a10.0.1-7_amd64.deb ...
Unpacking libomp-10-dev (1:10.0.1-7) ...
Setting up libasan5:amd64 (9.3.0-18) ...
Setting up libz3-4:amd64 (4.8.9-1) ...
Setting up libgc1:amd64 (1:8.0.4-2.1) ...
Setting up libomp5-10:amd64 (1:10.0.1-7) ...
Setting up libc6-i386 (2.31-4) ...
Setting up libbsd0:amd64 (0.10.0-1) ...
Setting up libomp-10-dev (1:10.0.1-7) ...
Setting up libedit2:amd64 (3.1-20191231-1) ...
Setting up libobjc4:amd64 (10.2.0-15) ...
Setting up libllvm10:amd64 (1:10.0.1-7) ...
Setting up libgcc-9-dev:amd64 (9.3.0-18) ...
Setting up lib32gcc-s1 (10.2.0-15) ...
Setting up lib32stdc++6 (10.2.0-15) ...
Setting up libclang1-10 (1:10.0.1-7) ...
Setting up libobjc-9-dev:amd64 (9.3.0-18) ...
Setting up libobjc-10-dev:amd64 (10.2.0-15) ...
Setting up libclang-common-10-dev (1:10.0.1-7) ...
Setting up libclang-cpp10 (1:10.0.1-7) ...
Setting up clang-10 (1:10.0.1-7) ...
Processing triggers for libc-bin (2.31-4) ...
W: --force-yes is deprecated, use one of the options starting with --allow instead.
+ echo 'Replace gcc, g++ & cpp by clang'
Replace gcc, g++ & cpp by clang
+ VERSIONS='4.6 4.7 4.8 4.9 5 6 7 8 9 10'
+ cd /usr/bin
+ for VERSION in $VERSIONS
+ rm -f g++-4.6 gcc-4.6 cpp-4.6 gcc
+ ln -s clang++-10 g++-4.6
+ ln -s clang-10 gcc-4.6
+ ln -s clang-10 cpp-4.6
+ ln -s clang-10 gcc
+ echo 'gcc-4.6 hold'
+ dpkg --set-selections
dpkg: warning: package not in status nor available database at line 1: gcc-4.6
dpkg: warning: found unknown packages; this might mean the available database
is outdated, and needs to be updated through a frontend method;
please see the FAQ <https://wiki.debian.org/Teams/Dpkg/FAQ>
+ echo 'g++-4.6 hold'
+ dpkg --set-selections
dpkg: warning: package not in status nor available database at line 1: g++-4.6
dpkg: warning: found unknown packages; this might mean the available database
is outdated, and needs to be updated through a frontend method;
please see the FAQ <https://wiki.debian.org/Teams/Dpkg/FAQ>
+ for VERSION in $VERSIONS
+ rm -f g++-4.7 gcc-4.7 cpp-4.7 gcc
+ ln -s clang++-10 g++-4.7
+ ln -s clang-10 gcc-4.7
+ ln -s clang-10 cpp-4.7
+ ln -s clang-10 gcc
+ echo 'gcc-4.7 hold'
+ dpkg --set-selections
dpkg: warning: package not in status nor available database at line 1: gcc-4.7
dpkg: warning: found unknown packages; this might mean the available database
is outdated, and needs to be updated through a frontend method;
please see the FAQ <https://wiki.debian.org/Teams/Dpkg/FAQ>
+ echo 'g++-4.7 hold'
+ dpkg --set-selections
dpkg: warning: package not in status nor available database at line 1: g++-4.7
dpkg: warning: found unknown packages; this might mean the available database
is outdated, and needs to be updated through a frontend method;
please see the FAQ <https://wiki.debian.org/Teams/Dpkg/FAQ>
+ for VERSION in $VERSIONS
+ rm -f g++-4.8 gcc-4.8 cpp-4.8 gcc
+ ln -s clang++-10 g++-4.8
+ ln -s clang-10 gcc-4.8
+ ln -s clang-10 cpp-4.8
+ ln -s clang-10 gcc
+ echo 'gcc-4.8 hold'
+ dpkg --set-selections
dpkg: warning: package not in status nor available database at line 1: gcc-4.8
dpkg: warning: found unknown packages; this might mean the available database
is outdated, and needs to be updated through a frontend method;
please see the FAQ <https://wiki.debian.org/Teams/Dpkg/FAQ>
+ echo 'g++-4.8 hold'
+ dpkg --set-selections
dpkg: warning: package not in status nor available database at line 1: g++-4.8
dpkg: warning: found unknown packages; this might mean the available database
is outdated, and needs to be updated through a frontend method;
please see the FAQ <https://wiki.debian.org/Teams/Dpkg/FAQ>
+ for VERSION in $VERSIONS
+ rm -f g++-4.9 gcc-4.9 cpp-4.9 gcc
+ ln -s clang++-10 g++-4.9
+ ln -s clang-10 gcc-4.9
+ ln -s clang-10 cpp-4.9
+ ln -s clang-10 gcc
+ echo 'gcc-4.9 hold'
+ dpkg --set-selections
dpkg: warning: package not in status nor available database at line 1: gcc-4.9
dpkg: warning: found unknown packages; this might mean the available database
is outdated, and needs to be updated through a frontend method;
please see the FAQ <https://wiki.debian.org/Teams/Dpkg/FAQ>
+ echo 'g++-4.9 hold'
+ dpkg --set-selections
dpkg: warning: package not in status nor available database at line 1: g++-4.9
dpkg: warning: found unknown packages; this might mean the available database
is outdated, and needs to be updated through a frontend method;
please see the FAQ <https://wiki.debian.org/Teams/Dpkg/FAQ>
+ for VERSION in $VERSIONS
+ rm -f g++-5 gcc-5 cpp-5 gcc
+ ln -s clang++-10 g++-5
+ ln -s clang-10 gcc-5
+ ln -s clang-10 cpp-5
+ ln -s clang-10 gcc
+ echo 'gcc-5 hold'
+ dpkg --set-selections
dpkg: warning: package not in status nor available database at line 1: gcc-5
dpkg: warning: found unknown packages; this might mean the available database
is outdated, and needs to be updated through a frontend method;
please see the FAQ <https://wiki.debian.org/Teams/Dpkg/FAQ>
+ echo 'g++-5 hold'
+ dpkg --set-selections
dpkg: warning: package not in status nor available database at line 1: g++-5
dpkg: warning: found unknown packages; this might mean the available database
is outdated, and needs to be updated through a frontend method;
please see the FAQ <https://wiki.debian.org/Teams/Dpkg/FAQ>
+ for VERSION in $VERSIONS
+ rm -f g++-6 gcc-6 cpp-6 gcc
+ ln -s clang++-10 g++-6
+ ln -s clang-10 gcc-6
+ ln -s clang-10 cpp-6
+ ln -s clang-10 gcc
+ echo 'gcc-6 hold'
+ dpkg --set-selections
dpkg: warning: package not in status nor available database at line 1: gcc-6
dpkg: warning: found unknown packages; this might mean the available database
is outdated, and needs to be updated through a frontend method;
please see the FAQ <https://wiki.debian.org/Teams/Dpkg/FAQ>
+ echo 'g++-6 hold'
+ dpkg --set-selections
dpkg: warning: package not in status nor available database at line 1: g++-6
dpkg: warning: found unknown packages; this might mean the available database
is outdated, and needs to be updated through a frontend method;
please see the FAQ <https://wiki.debian.org/Teams/Dpkg/FAQ>
+ for VERSION in $VERSIONS
+ rm -f g++-7 gcc-7 cpp-7 gcc
+ ln -s clang++-10 g++-7
+ ln -s clang-10 gcc-7
+ ln -s clang-10 cpp-7
+ ln -s clang-10 gcc
+ echo 'gcc-7 hold'
+ dpkg --set-selections
dpkg: warning: package not in status nor available database at line 1: gcc-7
dpkg: warning: found unknown packages; this might mean the available database
is outdated, and needs to be updated through a frontend method;
please see the FAQ <https://wiki.debian.org/Teams/Dpkg/FAQ>
+ echo 'g++-7 hold'
+ dpkg --set-selections
dpkg: warning: package not in status nor available database at line 1: g++-7
dpkg: warning: found unknown packages; this might mean the available database
is outdated, and needs to be updated through a frontend method;
please see the FAQ <https://wiki.debian.org/Teams/Dpkg/FAQ>
+ for VERSION in $VERSIONS
+ rm -f g++-8 gcc-8 cpp-8 gcc
+ ln -s clang++-10 g++-8
+ ln -s clang-10 gcc-8
+ ln -s clang-10 cpp-8
+ ln -s clang-10 gcc
+ echo 'gcc-8 hold'
+ dpkg --set-selections
dpkg: warning: package not in status nor available database at line 1: gcc-8
dpkg: warning: found unknown packages; this might mean the available database
is outdated, and needs to be updated through a frontend method;
please see the FAQ <https://wiki.debian.org/Teams/Dpkg/FAQ>
+ echo 'g++-8 hold'
+ dpkg --set-selections
dpkg: warning: package not in status nor available database at line 1: g++-8
dpkg: warning: found unknown packages; this might mean the available database
is outdated, and needs to be updated through a frontend method;
please see the FAQ <https://wiki.debian.org/Teams/Dpkg/FAQ>
+ for VERSION in $VERSIONS
+ rm -f g++-9 gcc-9 cpp-9 gcc
+ ln -s clang++-10 g++-9
+ ln -s clang-10 gcc-9
+ ln -s clang-10 cpp-9
+ ln -s clang-10 gcc
+ echo 'gcc-9 hold'
+ dpkg --set-selections
dpkg: warning: package not in status nor available database at line 1: gcc-9
dpkg: warning: found unknown packages; this might mean the available database
is outdated, and needs to be updated through a frontend method;
please see the FAQ <https://wiki.debian.org/Teams/Dpkg/FAQ>
+ echo 'g++-9 hold'
+ dpkg --set-selections
dpkg: warning: package not in status nor available database at line 1: g++-9
dpkg: warning: found unknown packages; this might mean the available database
is outdated, and needs to be updated through a frontend method;
please see the FAQ <https://wiki.debian.org/Teams/Dpkg/FAQ>
+ for VERSION in $VERSIONS
+ rm -f g++-10 gcc-10 cpp-10 gcc
+ ln -s clang++-10 g++-10
+ ln -s clang-10 gcc-10
+ ln -s clang-10 cpp-10
+ ln -s clang-10 gcc
+ echo 'gcc-10 hold'
+ dpkg --set-selections
+ echo 'g++-10 hold'
+ dpkg --set-selections
+ cd -
/build/facter-D8hnbS
+ echo 'Check if gcc, g++ & cpp are actually clang'
Check if gcc, g++ & cpp are actually clang
+ gcc --version
+ grep clang
+ cpp --version
+ grep clang
+ g++ --version
+ grep clang
+ cd /usr/bin/
+ rm -f clang++ clang
+ ln -s clang-10 clang++
+ ln -s clang-10 clang
+ clang++ --version
Debian clang version 10.0.1-7
Target: x86_64-pc-linux-gnu
Thread model: posix
InstalledDir: /usr/bin
+ clang --version
Debian clang version 10.0.1-7
Target: x86_64-pc-linux-gnu
Thread model: posix
InstalledDir: /usr/bin
+ cd -
/build/facter-D8hnbS
+ apt install --yes --no-install-recommends --force-yes qt5-qmake

WARNING: apt does not have a stable CLI interface. Use with caution in scripts.

Reading package lists...
Building dependency tree...
Reading state information...
The following additional packages will be installed:
  qt5-qmake-bin qtchooser
The following NEW packages will be installed:
  qt5-qmake qt5-qmake-bin qtchooser
0 upgraded, 3 newly installed, 0 to remove and 1 not upgraded.
Need to get 1304 kB of archives.
After this operation, 4865 kB of additional disk space will be used.
Get:1 http://127.0.0.1:12990/debian sid/main amd64 qt5-qmake-bin amd64 5.14.2+dfsg-6 [1035 kB]
Get:2 http://127.0.0.1:12990/debian sid/main amd64 qtchooser amd64 66-2 [26.3 kB]
Get:3 http://127.0.0.1:12990/debian sid/main amd64 qt5-qmake amd64 5.14.2+dfsg-6 [242 kB]
debconf: delaying package configuration, since apt-utils is not installed
Fetched 1304 kB in 0s (20.8 MB/s)
Selecting previously unselected package qt5-qmake-bin.
(Reading database ... (Reading database ... 5%(Reading database ... 10%(Reading database ... 15%(Reading database ... 20%(Reading database ... 25%(Reading database ... 30%(Reading database ... 35%(Reading database ... 40%(Reading database ... 45%(Reading database ... 50%(Reading database ... 55%(Reading database ... 60%(Reading database ... 65%(Reading database ... 70%(Reading database ... 75%(Reading database ... 80%(Reading database ... 85%(Reading database ... 90%(Reading database ... 95%(Reading database ... 100%(Reading database ... 13315 files and directories currently installed.)
Preparing to unpack .../qt5-qmake-bin_5.14.2+dfsg-6_amd64.deb ...
Unpacking qt5-qmake-bin (5.14.2+dfsg-6) ...
Selecting previously unselected package qtchooser.
Preparing to unpack .../qtchooser_66-2_amd64.deb ...
Unpacking qtchooser (66-2) ...
Selecting previously unselected package qt5-qmake:amd64.
Preparing to unpack .../qt5-qmake_5.14.2+dfsg-6_amd64.deb ...
Unpacking qt5-qmake:amd64 (5.14.2+dfsg-6) ...
Setting up qt5-qmake-bin (5.14.2+dfsg-6) ...
Setting up qtchooser (66-2) ...
Setting up qt5-qmake:amd64 (5.14.2+dfsg-6) ...
W: --force-yes is deprecated, use one of the options starting with --allow instead.
+ cp /usr/lib/x86_64-linux-gnu/qt5/mkspecs/linux-clang/qmake.conf /usr/lib/x86_64-linux-gnu/qt5/mkspecs/linux-clang/qplatformdefs.h /usr/lib/x86_64-linux-gnu/qt5/mkspecs/linux-g++/
+ ls -al /usr/lib/x86_64-linux-gnu/qt5/mkspecs/linux-g++/
total 16
drwxr-xr-x  2 root root 4096 Oct 29 19:23 .
drwxr-xr-x 76 root root 4096 Oct 29 19:23 ..
-rw-r--r--  1 root root  276 Oct 29 19:23 qmake.conf
-rw-r--r--  1 root root 3218 Oct 29 19:23 qplatformdefs.h
+ cat /usr/lib/x86_64-linux-gnu/qt5/mkspecs/linux-g++/qmake.conf
#
# qmake configuration for linux-clang
#

MAKEFILE_GENERATOR = UNIX
CONFIG += incremental

QMAKE_INCREMENTAL_STYLE = sublib

include(../common/linux.conf)
include(../common/gcc-base-unix.conf)
include(../common/clang.conf)

QMAKE_LFLAGS += -ccc-gcc-name g++

load(qt_config)
+ export QMAKESPEC=/usr/lib/x86_64-linux-gnu/qt5/mkspecs/linux-clang/
+ QMAKESPEC=/usr/lib/x86_64-linux-gnu/qt5/mkspecs/linux-clang/
+ sed -i -e 's|compare_problem(2,|compare_problem(0,|g' /usr/bin/dpkg-gensymbols
+ sed -i -e 's|compare_problem(1,|compare_problem(0,|g' /usr/bin/dpkg-gensymbols
+ grep 'compare_problem(' /usr/bin/dpkg-gensymbols
        compare_problem(4, g_('new libraries appeared in the symbols file: %s'), "@libs");
        compare_problem(3, g_('some libraries disappeared in the symbols file: %s'), "@libs");
        compare_problem(0, g_('some new symbols appeared in the symbols file: %s'),
        compare_problem(0, g_('some symbols or patterns disappeared in the symbols file: %s'),

I: Finished running '/tmp/clang11'.

Finished processing commands.
--------------------------------------------------------------------------------
I: NOTICE: Log filtering will replace 'build/facter-D8hnbS/resolver-SUbGAD' with '<<RESOLVERDIR>>'

+------------------------------------------------------------------------------+
| Update chroot                                                                |
+------------------------------------------------------------------------------+

Hit:1 http://127.0.0.1:12990/debian sid InRelease
Reading package lists...
Reading package lists...
Building dependency tree...
Reading state information...
Calculating upgrade...
The following packages will be upgraded:
  libdebconfclient0
1 upgraded, 0 newly installed, 0 to remove and 0 not upgraded.
Need to get 49.6 kB of archives.
After this operation, 0 B of additional disk space will be used.
Get:1 http://127.0.0.1:12990/debian sid/main amd64 libdebconfclient0 amd64 0.255 [49.6 kB]
debconf: delaying package configuration, since apt-utils is not installed
Fetched 49.6 kB in 0s (3565 kB/s)
(Reading database ... (Reading database ... 5%(Reading database ... 10%(Reading database ... 15%(Reading database ... 20%(Reading database ... 25%(Reading database ... 30%(Reading database ... 35%(Reading database ... 40%(Reading database ... 45%(Reading database ... 50%(Reading database ... 55%(Reading database ... 60%(Reading database ... 65%(Reading database ... 70%(Reading database ... 75%(Reading database ... 80%(Reading database ... 85%(Reading database ... 90%(Reading database ... 95%(Reading database ... 100%(Reading database ... 14056 files and directories currently installed.)
Preparing to unpack .../libdebconfclient0_0.255_amd64.deb ...
Unpacking libdebconfclient0:amd64 (0.255) over (0.254) ...
Setting up libdebconfclient0:amd64 (0.255) ...
Processing triggers for libc-bin (2.31-4) ...

+------------------------------------------------------------------------------+
| Fetch source files                                                           |
+------------------------------------------------------------------------------+


Check APT
---------

Checking available source versions...

Download source files with APT
------------------------------

Reading package lists...
NOTICE: 'facter' packaging is maintained in the 'Git' version control system at:
https://salsa.debian.org/puppet-team/facter.git
Please use:
git clone https://salsa.debian.org/puppet-team/facter.git
to retrieve the latest (possibly unreleased) updates to the package.
Need to get 379 kB of source archives.
Get:1 http://127.0.0.1:12990/debian sid/main facter 3.14.12-1 (dsc) [2805 B]
Get:2 http://127.0.0.1:12990/debian sid/main facter 3.14.12-1 (tar) [362 kB]
Get:3 http://127.0.0.1:12990/debian sid/main facter 3.14.12-1 (asc) [819 B]
Get:4 http://127.0.0.1:12990/debian sid/main facter 3.14.12-1 (diff) [13.6 kB]
Fetched 379 kB in 0s (6527 kB/s)
Download complete and in download only mode
I: NOTICE: Log filtering will replace 'build/facter-D8hnbS/facter-3.14.12' with '<<PKGBUILDDIR>>'
I: NOTICE: Log filtering will replace 'build/facter-D8hnbS' with '<<BUILDDIR>>'

+------------------------------------------------------------------------------+
| Install package build dependencies                                           |
+------------------------------------------------------------------------------+


Setup apt archive
-----------------

Merged Build-Depends: debhelper-compat (= 13), cmake, catch, libblkid-dev, libboost-program-options-dev, libboost-system-dev, libboost-filesystem-dev, libboost-date-time-dev, libboost-regex-dev, libboost-thread-dev, libboost-chrono-dev, libboost-locale-dev, libboost-log-dev, libleatherman-dev, libcpp-hocon-dev, libcurl4-openssl-dev, libyaml-cpp-dev, libssl-dev, rapidjson-dev, ruby-all-dev, ruby, build-essential, fakeroot
Filtered Build-Depends: debhelper-compat (= 13), cmake, catch, libblkid-dev, libboost-program-options-dev, libboost-system-dev, libboost-filesystem-dev, libboost-date-time-dev, libboost-regex-dev, libboost-thread-dev, libboost-chrono-dev, libboost-locale-dev, libboost-log-dev, libleatherman-dev, libcpp-hocon-dev, libcurl4-openssl-dev, libyaml-cpp-dev, libssl-dev, rapidjson-dev, ruby-all-dev, ruby, build-essential, fakeroot
dpkg-deb: building package 'sbuild-build-depends-main-dummy' in '/<<RESOLVERDIR>>/apt_archive/sbuild-build-depends-main-dummy.deb'.
Ign:1 copy:/<<RESOLVERDIR>>/apt_archive ./ InRelease
Get:2 copy:/<<RESOLVERDIR>>/apt_archive ./ Release [960 B]
Ign:3 copy:/<<RESOLVERDIR>>/apt_archive ./ Release.gpg
Get:4 copy:/<<RESOLVERDIR>>/apt_archive ./ Sources [502 B]
Get:5 copy:/<<RESOLVERDIR>>/apt_archive ./ Packages [582 B]
Fetched 2044 B in 0s (0 B/s)
Reading package lists...
Reading package lists...

Install main build dependencies (apt-based resolver)
----------------------------------------------------

Installing build dependencies
Reading package lists...
Building dependency tree...
Reading state information...
The following additional packages will be installed:
  autoconf automake autopoint autotools-dev bsdextrautils ca-certificates
  catch cmake cmake-data debhelper dh-autoreconf dh-strip-nondeterminism dwz
  file gettext gettext-base groff-base icu-devtools intltool-debian
  libarchive-zip-perl libarchive13 libblkid-dev libboost-atomic1.71-dev
  libboost-atomic1.71.0 libboost-chrono-dev libboost-chrono1.71-dev
  libboost-chrono1.71.0 libboost-date-time-dev libboost-date-time1.71-dev
  libboost-date-time1.71.0 libboost-dev libboost-filesystem-dev
  libboost-filesystem1.71-dev libboost-filesystem1.71.0 libboost-locale-dev
  libboost-locale1.71-dev libboost-locale1.71.0 libboost-log-dev
  libboost-log1.71-dev libboost-log1.71.0 libboost-program-options-dev
  libboost-program-options1.71-dev libboost-program-options1.71.0
  libboost-regex-dev libboost-regex1.71-dev libboost-regex1.71.0
  libboost-serialization1.71-dev libboost-serialization1.71.0
  libboost-system-dev libboost-system1.71-dev libboost-system1.71.0
  libboost-thread-dev libboost-thread1.71-dev libboost-thread1.71.0
  libboost1.71-dev libbrotli1 libcpp-hocon-dev libcpp-hocon0.3.0 libcroco3
  libcurl4 libcurl4-openssl-dev libdebhelper-perl libelf1 libexpat1
  libfile-stripnondeterminism-perl libglib2.0-0 libgmp-dev libgmpxx4ldbl
  libicu-dev libicu67 libjsoncpp1 libldap-2.4-2 libleatherman-dev
  libleatherman1.12.1 libmagic-mgc libmagic1 libncurses6 libncursesw6
  libnghttp2-14 libpipeline1 libprocps8 libpsl5 libreadline8 librhash0
  librtmp1 libruby2.7 libsasl2-2 libsasl2-modules-db libsigsegv2 libssh2-1
  libssl-dev libsub-override-perl libtool libuchardet0 libuv1 libxml2
  libyaml-0-2 libyaml-cpp-dev libyaml-cpp0.6 m4 man-db openssl po-debconf
  procps rake rapidjson-dev readline-common ruby ruby-all-dev ruby-minitest
  ruby-net-telnet ruby-power-assert ruby-rubygems ruby-test-unit ruby-xmlrpc
  ruby2.7 ruby2.7-dev rubygems-integration sensible-utils uuid-dev
Suggested packages:
  autoconf-archive gnu-standards autoconf-doc cmake-doc ninja-build dh-make
  gettext-doc libasprintf-dev libgettextpo-dev groff lrzip libboost-doc
  libboost1.71-doc libboost-container1.71-dev libboost-context1.71-dev
  libboost-contract1.71-dev libboost-coroutine1.71-dev
  libboost-exception1.71-dev libboost-fiber1.71-dev libboost-graph1.71-dev
  libboost-graph-parallel1.71-dev libboost-iostreams1.71-dev
  libboost-math1.71-dev libboost-mpi1.71-dev libboost-mpi-python1.71-dev
  libboost-numpy1.71-dev libboost-python1.71-dev libboost-random1.71-dev
  libboost-stacktrace1.71-dev libboost-test1.71-dev libboost-timer1.71-dev
  libboost-type-erasure1.71-dev libboost-wave1.71-dev libboost1.71-tools-dev
  libmpfrc++-dev libntl-dev libcurl4-doc libidn11-dev libkrb5-dev libldap2-dev
  librtmp-dev libssh2-1-dev pkg-config zlib1g-dev gmp-doc libgmp10-doc
  libmpfr-dev icu-doc libssl-doc libtool-doc gfortran | fortran95-compiler
  gcj-jdk m4-doc apparmor less www-browser libmail-box-perl rapidjson-doc
  readline-doc ri ruby-dev bundler
Recommended packages:
  curl | wget | lynx libarchive-cpio-perl libglib2.0-data shared-mime-info
  xdg-user-dirs libldap-common libgpm2 publicsuffix libsasl2-modules
  libltdl-dev libmail-sendmail-perl psmisc zip fonts-lato libjs-jquery
  ruby2.7-doc
The following NEW packages will be installed:
  autoconf automake autopoint autotools-dev bsdextrautils ca-certificates
  catch cmake cmake-data debhelper dh-autoreconf dh-strip-nondeterminism dwz
  file gettext gettext-base groff-base icu-devtools intltool-debian
  libarchive-zip-perl libarchive13 libblkid-dev libboost-atomic1.71-dev
  libboost-atomic1.71.0 libboost-chrono-dev libboost-chrono1.71-dev
  libboost-chrono1.71.0 libboost-date-time-dev libboost-date-time1.71-dev
  libboost-date-time1.71.0 libboost-dev libboost-filesystem-dev
  libboost-filesystem1.71-dev libboost-filesystem1.71.0 libboost-locale-dev
  libboost-locale1.71-dev libboost-locale1.71.0 libboost-log-dev
  libboost-log1.71-dev libboost-log1.71.0 libboost-program-options-dev
  libboost-program-options1.71-dev libboost-program-options1.71.0
  libboost-regex-dev libboost-regex1.71-dev libboost-regex1.71.0
  libboost-serialization1.71-dev libboost-serialization1.71.0
  libboost-system-dev libboost-system1.71-dev libboost-system1.71.0
  libboost-thread-dev libboost-thread1.71-dev libboost-thread1.71.0
  libboost1.71-dev libbrotli1 libcpp-hocon-dev libcpp-hocon0.3.0 libcroco3
  libcurl4 libcurl4-openssl-dev libdebhelper-perl libelf1 libexpat1
  libfile-stripnondeterminism-perl libglib2.0-0 libgmp-dev libgmpxx4ldbl
  libicu-dev libicu67 libjsoncpp1 libldap-2.4-2 libleatherman-dev
  libleatherman1.12.1 libmagic-mgc libmagic1 libncurses6 libncursesw6
  libnghttp2-14 libpipeline1 libprocps8 libpsl5 libreadline8 librhash0
  librtmp1 libruby2.7 libsasl2-2 libsasl2-modules-db libsigsegv2 libssh2-1
  libssl-dev libsub-override-perl libtool libuchardet0 libuv1 libxml2
  libyaml-0-2 libyaml-cpp-dev libyaml-cpp0.6 m4 man-db openssl po-debconf
  procps rake rapidjson-dev readline-common ruby ruby-all-dev ruby-minitest
  ruby-net-telnet ruby-power-assert ruby-rubygems ruby-test-unit ruby-xmlrpc
  ruby2.7 ruby2.7-dev rubygems-integration sbuild-build-depends-main-dummy
  sensible-utils uuid-dev
0 upgraded, 121 newly installed, 0 to remove and 0 not upgraded.
Need to get 68.8 MB of archives.
After this operation, 411 MB of additional disk space will be used.
Get:1 copy:/<<RESOLVERDIR>>/apt_archive ./ sbuild-build-depends-main-dummy 0.invalid.0 [1008 B]
Get:2 http://127.0.0.1:12990/debian sid/main amd64 bsdextrautils amd64 2.36-3+b1 [140 kB]
Get:3 http://127.0.0.1:12990/debian sid/main amd64 libuchardet0 amd64 0.0.7-1 [67.8 kB]
Get:4 http://127.0.0.1:12990/debian sid/main amd64 groff-base amd64 1.22.4-5 [920 kB]
Get:5 http://127.0.0.1:12990/debian sid/main amd64 libpipeline1 amd64 1.5.3-1 [34.3 kB]
Get:6 http://127.0.0.1:12990/debian sid/main amd64 man-db amd64 2.9.3-2 [1314 kB]
Get:7 http://127.0.0.1:12990/debian sid/main amd64 readline-common all 8.0-4 [72.5 kB]
Get:8 http://127.0.0.1:12990/debian sid/main amd64 libreadline8 amd64 8.0-4 [160 kB]
Get:9 http://127.0.0.1:12990/debian sid/main amd64 libncurses6 amd64 6.2+20200918-1 [102 kB]
Get:10 http://127.0.0.1:12990/debian sid/main amd64 libncursesw6 amd64 6.2+20200918-1 [132 kB]
Get:11 http://127.0.0.1:12990/debian sid/main amd64 libprocps8 amd64 2:3.3.16-5 [62.7 kB]
Get:12 http://127.0.0.1:12990/debian sid/main amd64 procps amd64 2:3.3.16-5 [262 kB]
Get:13 http://127.0.0.1:12990/debian sid/main amd64 sensible-utils all 0.0.12+nmu1 [16.0 kB]
Get:14 http://127.0.0.1:12990/debian sid/main amd64 libmagic-mgc amd64 1:5.38-5 [262 kB]
Get:15 http://127.0.0.1:12990/debian sid/main amd64 libmagic1 amd64 1:5.38-5 [120 kB]
Get:16 http://127.0.0.1:12990/debian sid/main amd64 file amd64 1:5.38-5 [67.9 kB]
Get:17 http://127.0.0.1:12990/debian sid/main amd64 gettext-base amd64 0.19.8.1-10 [123 kB]
Get:18 http://127.0.0.1:12990/debian sid/main amd64 libsigsegv2 amd64 2.12-2 [32.8 kB]
Get:19 http://127.0.0.1:12990/debian sid/main amd64 m4 amd64 1.4.18-4 [203 kB]
Get:20 http://127.0.0.1:12990/debian sid/main amd64 autoconf all 2.69-11.1 [341 kB]
Get:21 http://127.0.0.1:12990/debian sid/main amd64 autotools-dev all 20180224.1 [77.0 kB]
Get:22 http://127.0.0.1:12990/debian sid/main amd64 automake all 1:1.16.2-4 [801 kB]
Get:23 http://127.0.0.1:12990/debian sid/main amd64 autopoint all 0.19.8.1-10 [435 kB]
Get:24 http://127.0.0.1:12990/debian sid/main amd64 openssl amd64 1.1.1h-1 [848 kB]
Get:25 http://127.0.0.1:12990/debian sid/main amd64 ca-certificates all 20200601 [158 kB]
Get:26 http://127.0.0.1:12990/debian sid/main amd64 catch amd64 1.12.1-1 [114 kB]
Get:27 http://127.0.0.1:12990/debian sid/main amd64 cmake-data all 3.18.4-1 [1725 kB]
Get:28 http://127.0.0.1:12990/debian sid/main amd64 libicu67 amd64 67.1-4 [8624 kB]
Get:29 http://127.0.0.1:12990/debian sid/main amd64 libxml2 amd64 2.9.10+dfsg-6.1 [692 kB]
Get:30 http://127.0.0.1:12990/debian sid/main amd64 libarchive13 amd64 3.4.3-2 [342 kB]
Get:31 http://127.0.0.1:12990/debian sid/main amd64 libbrotli1 amd64 1.0.9-2+b1 [282 kB]
Get:32 http://127.0.0.1:12990/debian sid/main amd64 libsasl2-modules-db amd64 2.1.27+dfsg-2 [69.0 kB]
Get:33 http://127.0.0.1:12990/debian sid/main amd64 libsasl2-2 amd64 2.1.27+dfsg-2 [106 kB]
Get:34 http://127.0.0.1:12990/debian sid/main amd64 libldap-2.4-2 amd64 2.4.54+dfsg-1 [231 kB]
Get:35 http://127.0.0.1:12990/debian sid/main amd64 libnghttp2-14 amd64 1.41.0-3 [74.0 kB]
Get:36 http://127.0.0.1:12990/debian sid/main amd64 libpsl5 amd64 0.21.0-1.1 [55.3 kB]
Get:37 http://127.0.0.1:12990/debian sid/main amd64 librtmp1 amd64 2.4+20151223.gitfa8646d.1-2+b2 [60.8 kB]
Get:38 http://127.0.0.1:12990/debian sid/main amd64 libssh2-1 amd64 1.8.0-2.1 [140 kB]
Get:39 http://127.0.0.1:12990/debian sid/main amd64 libcurl4 amd64 7.72.0-1 [336 kB]
Get:40 http://127.0.0.1:12990/debian sid/main amd64 libexpat1 amd64 2.2.10-1 [96.9 kB]
Get:41 http://127.0.0.1:12990/debian sid/main amd64 libjsoncpp1 amd64 1.7.4-3.1 [77.6 kB]
Get:42 http://127.0.0.1:12990/debian sid/main amd64 librhash0 amd64 1.4.0-1 [124 kB]
Get:43 http://127.0.0.1:12990/debian sid/main amd64 libuv1 amd64 1.39.0-1 [131 kB]
Get:44 http://127.0.0.1:12990/debian sid/main amd64 cmake amd64 3.18.4-1 [5599 kB]
Get:45 http://127.0.0.1:12990/debian sid/main amd64 libtool all 2.4.6-14 [513 kB]
Get:46 http://127.0.0.1:12990/debian sid/main amd64 dh-autoreconf all 19 [16.9 kB]
Get:47 http://127.0.0.1:12990/debian sid/main amd64 libdebhelper-perl all 13.2.1 [188 kB]
Get:48 http://127.0.0.1:12990/debian sid/main amd64 libarchive-zip-perl all 1.68-1 [104 kB]
Get:49 http://127.0.0.1:12990/debian sid/main amd64 libsub-override-perl all 0.09-2 [10.2 kB]
Get:50 http://127.0.0.1:12990/debian sid/main amd64 libfile-stripnondeterminism-perl all 1.9.0-1 [25.5 kB]
Get:51 http://127.0.0.1:12990/debian sid/main amd64 dh-strip-nondeterminism all 1.9.0-1 [15.2 kB]
Get:52 http://127.0.0.1:12990/debian sid/main amd64 libelf1 amd64 0.181-1 [164 kB]
Get:53 http://127.0.0.1:12990/debian sid/main amd64 dwz amd64 0.13-5 [151 kB]
Get:54 http://127.0.0.1:12990/debian sid/main amd64 libglib2.0-0 amd64 2.66.1-2 [1362 kB]
Get:55 http://127.0.0.1:12990/debian sid/main amd64 libcroco3 amd64 0.6.13-1 [146 kB]
Get:56 http://127.0.0.1:12990/debian sid/main amd64 gettext amd64 0.19.8.1-10 [1303 kB]
Get:57 http://127.0.0.1:12990/debian sid/main amd64 intltool-debian all 0.35.0+20060710.5 [26.8 kB]
Get:58 http://127.0.0.1:12990/debian sid/main amd64 po-debconf all 1.0.21 [248 kB]
Get:59 http://127.0.0.1:12990/debian sid/main amd64 debhelper all 13.2.1 [1007 kB]
Get:60 http://127.0.0.1:12990/debian sid/main amd64 icu-devtools amd64 67.1-4 [201 kB]
Get:61 http://127.0.0.1:12990/debian sid/main amd64 uuid-dev amd64 2.36-3+b1 [98.2 kB]
Get:62 http://127.0.0.1:12990/debian sid/main amd64 libblkid-dev amd64 2.36-3+b1 [226 kB]
Get:63 http://127.0.0.1:12990/debian sid/main amd64 libboost1.71-dev amd64 1.71.0-7+b1 [9100 kB]
Get:64 http://127.0.0.1:12990/debian sid/main amd64 libboost-atomic1.71.0 amd64 1.71.0-7+b1 [233 kB]
Get:65 http://127.0.0.1:12990/debian sid/main amd64 libboost-atomic1.71-dev amd64 1.71.0-7+b1 [234 kB]
Get:66 http://127.0.0.1:12990/debian sid/main amd64 libboost-chrono1.71.0 amd64 1.71.0-7+b1 [245 kB]
Get:67 http://127.0.0.1:12990/debian sid/main amd64 libboost-chrono1.71-dev amd64 1.71.0-7+b1 [254 kB]
Get:68 http://127.0.0.1:12990/debian sid/main amd64 libboost-chrono-dev amd64 1.71.0.3 [4752 B]
Get:69 http://127.0.0.1:12990/debian sid/main amd64 libboost-date-time1.71.0 amd64 1.71.0-7+b1 [246 kB]
Get:70 http://127.0.0.1:12990/debian sid/main amd64 libboost-serialization1.71.0 amd64 1.71.0-7+b1 [332 kB]
Get:71 http://127.0.0.1:12990/debian sid/main amd64 libboost-serialization1.71-dev amd64 1.71.0-7+b1 [374 kB]
Get:72 http://127.0.0.1:12990/debian sid/main amd64 libboost-date-time1.71-dev amd64 1.71.0-7+b1 [258 kB]
Get:73 http://127.0.0.1:12990/debian sid/main amd64 libboost-date-time-dev amd64 1.71.0.3 [4120 B]
Get:74 http://127.0.0.1:12990/debian sid/main amd64 libboost-dev amd64 1.71.0.3 [4340 B]
Get:75 http://127.0.0.1:12990/debian sid/main amd64 libboost-filesystem1.71.0 amd64 1.71.0-7+b1 [270 kB]
Get:76 http://127.0.0.1:12990/debian sid/main amd64 libboost-system1.71.0 amd64 1.71.0-7+b1 [233 kB]
Get:77 http://127.0.0.1:12990/debian sid/main amd64 libboost-system1.71-dev amd64 1.71.0-7+b1 [234 kB]
Get:78 http://127.0.0.1:12990/debian sid/main amd64 libboost-filesystem1.71-dev amd64 1.71.0-7+b1 [287 kB]
Get:79 http://127.0.0.1:12990/debian sid/main amd64 libboost-filesystem-dev amd64 1.71.0.3 [4160 B]
Get:80 http://127.0.0.1:12990/debian sid/main amd64 libboost-thread1.71.0 amd64 1.71.0-7+b1 [274 kB]
Get:81 http://127.0.0.1:12990/debian sid/main amd64 libboost-thread1.71-dev amd64 1.71.0-7+b1 [287 kB]
Get:82 http://127.0.0.1:12990/debian sid/main amd64 libboost-locale1.71.0 amd64 1.71.0-7+b1 [466 kB]
Get:83 http://127.0.0.1:12990/debian sid/main amd64 libboost-locale1.71-dev amd64 1.71.0-7+b1 [576 kB]
Get:84 http://127.0.0.1:12990/debian sid/main amd64 libboost-locale-dev amd64 1.71.0.3 [4452 B]
Get:85 http://127.0.0.1:12990/debian sid/main amd64 libboost-regex1.71.0 amd64 1.71.0-7+b1 [510 kB]
Get:86 http://127.0.0.1:12990/debian sid/main amd64 libboost-log1.71.0 amd64 1.71.0-7+b1 [634 kB]
Get:87 http://127.0.0.1:12990/debian sid/main amd64 libicu-dev amd64 67.1-4 [9593 kB]
Get:88 http://127.0.0.1:12990/debian sid/main amd64 libboost-regex1.71-dev amd64 1.71.0-7+b1 [598 kB]
Get:89 http://127.0.0.1:12990/debian sid/main amd64 libboost-log1.71-dev amd64 1.71.0-7+b1 [868 kB]
Get:90 http://127.0.0.1:12990/debian sid/main amd64 libboost-log-dev amd64 1.71.0.3 [4332 B]
Get:91 http://127.0.0.1:12990/debian sid/main amd64 libboost-program-options1.71.0 amd64 1.71.0-7+b1 [364 kB]
Get:92 http://127.0.0.1:12990/debian sid/main amd64 libboost-program-options1.71-dev amd64 1.71.0-7+b1 [403 kB]
Get:93 http://127.0.0.1:12990/debian sid/main amd64 libboost-program-options-dev amd64 1.71.0.3 [4132 B]
Get:94 http://127.0.0.1:12990/debian sid/main amd64 libboost-regex-dev amd64 1.71.0.3 [4392 B]
Get:95 http://127.0.0.1:12990/debian sid/main amd64 libboost-system-dev amd64 1.71.0.3 [4264 B]
Get:96 http://127.0.0.1:12990/debian sid/main amd64 libboost-thread-dev amd64 1.71.0.3 [4156 B]
Get:97 http://127.0.0.1:12990/debian sid/main amd64 libleatherman1.12.1 amd64 1.12.1+dfsg-1+b1 [387 kB]
Get:98 http://127.0.0.1:12990/debian sid/main amd64 libcpp-hocon0.3.0 amd64 0.3.0-1+b1 [398 kB]
Get:99 http://127.0.0.1:12990/debian sid/main amd64 libcpp-hocon-dev amd64 0.3.0-1+b1 [27.0 kB]
Get:100 http://127.0.0.1:12990/debian sid/main amd64 libcurl4-openssl-dev amd64 7.72.0-1 [425 kB]
Get:101 http://127.0.0.1:12990/debian sid/main amd64 libgmpxx4ldbl amd64 2:6.2.0+dfsg-6 [23.1 kB]
Get:102 http://127.0.0.1:12990/debian sid/main amd64 libgmp-dev amd64 2:6.2.0+dfsg-6 [643 kB]
Get:103 http://127.0.0.1:12990/debian sid/main amd64 libleatherman-dev amd64 1.12.1+dfsg-1+b1 [112 kB]
Get:104 http://127.0.0.1:12990/debian sid/main amd64 rubygems-integration all 1.17.2 [6384 B]
Get:105 http://127.0.0.1:12990/debian sid/main amd64 ruby2.7 amd64 2.7.2-2 [683 kB]
Get:106 http://127.0.0.1:12990/debian sid/main amd64 ruby-rubygems all 3.2.0~rc.1-1 [274 kB]
Get:107 http://127.0.0.1:12990/debian sid/main amd64 ruby amd64 1:2.7+2 [11.7 kB]
Get:108 http://127.0.0.1:12990/debian sid/main amd64 rake all 13.0.1-4 [84.7 kB]
Get:109 http://127.0.0.1:12990/debian sid/main amd64 ruby-minitest all 5.13.0-1 [57.3 kB]
Get:110 http://127.0.0.1:12990/debian sid/main amd64 ruby-net-telnet all 0.1.1-2 [12.5 kB]
Get:111 http://127.0.0.1:12990/debian sid/main amd64 ruby-power-assert all 1.1.7-1 [11.4 kB]
Get:112 http://127.0.0.1:12990/debian sid/main amd64 ruby-test-unit all 3.3.5-1 [85.3 kB]
Get:113 http://127.0.0.1:12990/debian sid/main amd64 ruby-xmlrpc all 0.3.0-2 [23.7 kB]
Get:114 http://127.0.0.1:12990/debian sid/main amd64 libyaml-0-2 amd64 0.2.2-1 [49.6 kB]
Get:115 http://127.0.0.1:12990/debian sid/main amd64 libruby2.7 amd64 2.7.2-2 [4133 kB]
Get:116 http://127.0.0.1:12990/debian sid/main amd64 libssl-dev amd64 1.1.1h-1 [1808 kB]
Get:117 http://127.0.0.1:12990/debian sid/main amd64 libyaml-cpp0.6 amd64 0.6.3-9 [125 kB]
Get:118 http://127.0.0.1:12990/debian sid/main amd64 libyaml-cpp-dev amd64 0.6.3-9 [173 kB]
Get:119 http://127.0.0.1:12990/debian sid/main amd64 rapidjson-dev all 1.1.0+dfsg2-6 [98.7 kB]
Get:120 http://127.0.0.1:12990/debian sid/main amd64 ruby2.7-dev amd64 2.7.2-2 [770 kB]
Get:121 http://127.0.0.1:12990/debian sid/main amd64 ruby-all-dev amd64 1:2.7+2 [11.7 kB]
debconf: delaying package configuration, since apt-utils is not installed
Fetched 68.8 MB in 1s (135 MB/s)
Selecting previously unselected package bsdextrautils.
(Reading database ... 14056 files and directories currently installed.)
Preparing to unpack .../000-bsdextrautils_2.36-3+b1_amd64.deb ...
Unpacking bsdextrautils (2.36-3+b1) ...
Selecting previously unselected package libuchardet0:amd64.
Preparing to unpack .../001-libuchardet0_0.0.7-1_amd64.deb ...
Unpacking libuchardet0:amd64 (0.0.7-1) ...
Selecting previously unselected package groff-base.
Preparing to unpack .../002-groff-base_1.22.4-5_amd64.deb ...
Unpacking groff-base (1.22.4-5) ...
Selecting previously unselected package libpipeline1:amd64.
Preparing to unpack .../003-libpipeline1_1.5.3-1_amd64.deb ...
Unpacking libpipeline1:amd64 (1.5.3-1) ...
Selecting previously unselected package man-db.
Preparing to unpack .../004-man-db_2.9.3-2_amd64.deb ...
Unpacking man-db (2.9.3-2) ...
Selecting previously unselected package readline-common.
Preparing to unpack .../005-readline-common_8.0-4_all.deb ...
Unpacking readline-common (8.0-4) ...
Selecting previously unselected package libreadline8:amd64.
Preparing to unpack .../006-libreadline8_8.0-4_amd64.deb ...
Unpacking libreadline8:amd64 (8.0-4) ...
Selecting previously unselected package libncurses6:amd64.
Preparing to unpack .../007-libncurses6_6.2+20200918-1_amd64.deb ...
Unpacking libncurses6:amd64 (6.2+20200918-1) ...
Selecting previously unselected package libncursesw6:amd64.
Preparing to unpack .../008-libncursesw6_6.2+20200918-1_amd64.deb ...
Unpacking libncursesw6:amd64 (6.2+20200918-1) ...
Selecting previously unselected package libprocps8:amd64.
Preparing to unpack .../009-libprocps8_2%3a3.3.16-5_amd64.deb ...
Unpacking libprocps8:amd64 (2:3.3.16-5) ...
Selecting previously unselected package procps.
Preparing to unpack .../010-procps_2%3a3.3.16-5_amd64.deb ...
Unpacking procps (2:3.3.16-5) ...
Selecting previously unselected package sensible-utils.
Preparing to unpack .../011-sensible-utils_0.0.12+nmu1_all.deb ...
Unpacking sensible-utils (0.0.12+nmu1) ...
Selecting previously unselected package libmagic-mgc.
Preparing to unpack .../012-libmagic-mgc_1%3a5.38-5_amd64.deb ...
Unpacking libmagic-mgc (1:5.38-5) ...
Selecting previously unselected package libmagic1:amd64.
Preparing to unpack .../013-libmagic1_1%3a5.38-5_amd64.deb ...
Unpacking libmagic1:amd64 (1:5.38-5) ...
Selecting previously unselected package file.
Preparing to unpack .../014-file_1%3a5.38-5_amd64.deb ...
Unpacking file (1:5.38-5) ...
Selecting previously unselected package gettext-base.
Preparing to unpack .../015-gettext-base_0.19.8.1-10_amd64.deb ...
Unpacking gettext-base (0.19.8.1-10) ...
Selecting previously unselected package libsigsegv2:amd64.
Preparing to unpack .../016-libsigsegv2_2.12-2_amd64.deb ...
Unpacking libsigsegv2:amd64 (2.12-2) ...
Selecting previously unselected package m4.
Preparing to unpack .../017-m4_1.4.18-4_amd64.deb ...
Unpacking m4 (1.4.18-4) ...
Selecting previously unselected package autoconf.
Preparing to unpack .../018-autoconf_2.69-11.1_all.deb ...
Unpacking autoconf (2.69-11.1) ...
Selecting previously unselected package autotools-dev.
Preparing to unpack .../019-autotools-dev_20180224.1_all.deb ...
Unpacking autotools-dev (20180224.1) ...
Selecting previously unselected package automake.
Preparing to unpack .../020-automake_1%3a1.16.2-4_all.deb ...
Unpacking automake (1:1.16.2-4) ...
Selecting previously unselected package autopoint.
Preparing to unpack .../021-autopoint_0.19.8.1-10_all.deb ...
Unpacking autopoint (0.19.8.1-10) ...
Selecting previously unselected package openssl.
Preparing to unpack .../022-openssl_1.1.1h-1_amd64.deb ...
Unpacking openssl (1.1.1h-1) ...
Selecting previously unselected package ca-certificates.
Preparing to unpack .../023-ca-certificates_20200601_all.deb ...
Unpacking ca-certificates (20200601) ...
Selecting previously unselected package catch.
Preparing to unpack .../024-catch_1.12.1-1_amd64.deb ...
Unpacking catch (1.12.1-1) ...
Selecting previously unselected package cmake-data.
Preparing to unpack .../025-cmake-data_3.18.4-1_all.deb ...
Unpacking cmake-data (3.18.4-1) ...
Selecting previously unselected package libicu67:amd64.
Preparing to unpack .../026-libicu67_67.1-4_amd64.deb ...
Unpacking libicu67:amd64 (67.1-4) ...
Selecting previously unselected package libxml2:amd64.
Preparing to unpack .../027-libxml2_2.9.10+dfsg-6.1_amd64.deb ...
Unpacking libxml2:amd64 (2.9.10+dfsg-6.1) ...
Selecting previously unselected package libarchive13:amd64.
Preparing to unpack .../028-libarchive13_3.4.3-2_amd64.deb ...
Unpacking libarchive13:amd64 (3.4.3-2) ...
Selecting previously unselected package libbrotli1:amd64.
Preparing to unpack .../029-libbrotli1_1.0.9-2+b1_amd64.deb ...
Unpacking libbrotli1:amd64 (1.0.9-2+b1) ...
Selecting previously unselected package libsasl2-modules-db:amd64.
Preparing to unpack .../030-libsasl2-modules-db_2.1.27+dfsg-2_amd64.deb ...
Unpacking libsasl2-modules-db:amd64 (2.1.27+dfsg-2) ...
Selecting previously unselected package libsasl2-2:amd64.
Preparing to unpack .../031-libsasl2-2_2.1.27+dfsg-2_amd64.deb ...
Unpacking libsasl2-2:amd64 (2.1.27+dfsg-2) ...
Selecting previously unselected package libldap-2.4-2:amd64.
Preparing to unpack .../032-libldap-2.4-2_2.4.54+dfsg-1_amd64.deb ...
Unpacking libldap-2.4-2:amd64 (2.4.54+dfsg-1) ...
Selecting previously unselected package libnghttp2-14:amd64.
Preparing to unpack .../033-libnghttp2-14_1.41.0-3_amd64.deb ...
Unpacking libnghttp2-14:amd64 (1.41.0-3) ...
Selecting previously unselected package libpsl5:amd64.
Preparing to unpack .../034-libpsl5_0.21.0-1.1_amd64.deb ...
Unpacking libpsl5:amd64 (0.21.0-1.1) ...
Selecting previously unselected package librtmp1:amd64.
Preparing to unpack .../035-librtmp1_2.4+20151223.gitfa8646d.1-2+b2_amd64.deb ...
Unpacking librtmp1:amd64 (2.4+20151223.gitfa8646d.1-2+b2) ...
Selecting previously unselected package libssh2-1:amd64.
Preparing to unpack .../036-libssh2-1_1.8.0-2.1_amd64.deb ...
Unpacking libssh2-1:amd64 (1.8.0-2.1) ...
Selecting previously unselected package libcurl4:amd64.
Preparing to unpack .../037-libcurl4_7.72.0-1_amd64.deb ...
Unpacking libcurl4:amd64 (7.72.0-1) ...
Selecting previously unselected package libexpat1:amd64.
Preparing to unpack .../038-libexpat1_2.2.10-1_amd64.deb ...
Unpacking libexpat1:amd64 (2.2.10-1) ...
Selecting previously unselected package libjsoncpp1:amd64.
Preparing to unpack .../039-libjsoncpp1_1.7.4-3.1_amd64.deb ...
Unpacking libjsoncpp1:amd64 (1.7.4-3.1) ...
Selecting previously unselected package librhash0:amd64.
Preparing to unpack .../040-librhash0_1.4.0-1_amd64.deb ...
Unpacking librhash0:amd64 (1.4.0-1) ...
Selecting previously unselected package libuv1:amd64.
Preparing to unpack .../041-libuv1_1.39.0-1_amd64.deb ...
Unpacking libuv1:amd64 (1.39.0-1) ...
Selecting previously unselected package cmake.
Preparing to unpack .../042-cmake_3.18.4-1_amd64.deb ...
Unpacking cmake (3.18.4-1) ...
Selecting previously unselected package libtool.
Preparing to unpack .../043-libtool_2.4.6-14_all.deb ...
Unpacking libtool (2.4.6-14) ...
Selecting previously unselected package dh-autoreconf.
Preparing to unpack .../044-dh-autoreconf_19_all.deb ...
Unpacking dh-autoreconf (19) ...
Selecting previously unselected package libdebhelper-perl.
Preparing to unpack .../045-libdebhelper-perl_13.2.1_all.deb ...
Unpacking libdebhelper-perl (13.2.1) ...
Selecting previously unselected package libarchive-zip-perl.
Preparing to unpack .../046-libarchive-zip-perl_1.68-1_all.deb ...
Unpacking libarchive-zip-perl (1.68-1) ...
Selecting previously unselected package libsub-override-perl.
Preparing to unpack .../047-libsub-override-perl_0.09-2_all.deb ...
Unpacking libsub-override-perl (0.09-2) ...
Selecting previously unselected package libfile-stripnondeterminism-perl.
Preparing to unpack .../048-libfile-stripnondeterminism-perl_1.9.0-1_all.deb ...
Unpacking libfile-stripnondeterminism-perl (1.9.0-1) ...
Selecting previously unselected package dh-strip-nondeterminism.
Preparing to unpack .../049-dh-strip-nondeterminism_1.9.0-1_all.deb ...
Unpacking dh-strip-nondeterminism (1.9.0-1) ...
Selecting previously unselected package libelf1:amd64.
Preparing to unpack .../050-libelf1_0.181-1_amd64.deb ...
Unpacking libelf1:amd64 (0.181-1) ...
Selecting previously unselected package dwz.
Preparing to unpack .../051-dwz_0.13-5_amd64.deb ...
Unpacking dwz (0.13-5) ...
Selecting previously unselected package libglib2.0-0:amd64.
Preparing to unpack .../052-libglib2.0-0_2.66.1-2_amd64.deb ...
Unpacking libglib2.0-0:amd64 (2.66.1-2) ...
Selecting previously unselected package libcroco3:amd64.
Preparing to unpack .../053-libcroco3_0.6.13-1_amd64.deb ...
Unpacking libcroco3:amd64 (0.6.13-1) ...
Selecting previously unselected package gettext.
Preparing to unpack .../054-gettext_0.19.8.1-10_amd64.deb ...
Unpacking gettext (0.19.8.1-10) ...
Selecting previously unselected package intltool-debian.
Preparing to unpack .../055-intltool-debian_0.35.0+20060710.5_all.deb ...
Unpacking intltool-debian (0.35.0+20060710.5) ...
Selecting previously unselected package po-debconf.
Preparing to unpack .../056-po-debconf_1.0.21_all.deb ...
Unpacking po-debconf (1.0.21) ...
Selecting previously unselected package debhelper.
Preparing to unpack .../057-debhelper_13.2.1_all.deb ...
Unpacking debhelper (13.2.1) ...
Selecting previously unselected package icu-devtools.
Preparing to unpack .../058-icu-devtools_67.1-4_amd64.deb ...
Unpacking icu-devtools (67.1-4) ...
Selecting previously unselected package uuid-dev:amd64.
Preparing to unpack .../059-uuid-dev_2.36-3+b1_amd64.deb ...
Unpacking uuid-dev:amd64 (2.36-3+b1) ...
Selecting previously unselected package libblkid-dev:amd64.
Preparing to unpack .../060-libblkid-dev_2.36-3+b1_amd64.deb ...
Unpacking libblkid-dev:amd64 (2.36-3+b1) ...
Selecting previously unselected package libboost1.71-dev:amd64.
Preparing to unpack .../061-libboost1.71-dev_1.71.0-7+b1_amd64.deb ...
Unpacking libboost1.71-dev:amd64 (1.71.0-7+b1) ...
Selecting previously unselected package libboost-atomic1.71.0:amd64.
Preparing to unpack .../062-libboost-atomic1.71.0_1.71.0-7+b1_amd64.deb ...
Unpacking libboost-atomic1.71.0:amd64 (1.71.0-7+b1) ...
Selecting previously unselected package libboost-atomic1.71-dev:amd64.
Preparing to unpack .../063-libboost-atomic1.71-dev_1.71.0-7+b1_amd64.deb ...
Unpacking libboost-atomic1.71-dev:amd64 (1.71.0-7+b1) ...
Selecting previously unselected package libboost-chrono1.71.0:amd64.
Preparing to unpack .../064-libboost-chrono1.71.0_1.71.0-7+b1_amd64.deb ...
Unpacking libboost-chrono1.71.0:amd64 (1.71.0-7+b1) ...
Selecting previously unselected package libboost-chrono1.71-dev:amd64.
Preparing to unpack .../065-libboost-chrono1.71-dev_1.71.0-7+b1_amd64.deb ...
Unpacking libboost-chrono1.71-dev:amd64 (1.71.0-7+b1) ...
Selecting previously unselected package libboost-chrono-dev:amd64.
Preparing to unpack .../066-libboost-chrono-dev_1.71.0.3_amd64.deb ...
Unpacking libboost-chrono-dev:amd64 (1.71.0.3) ...
Selecting previously unselected package libboost-date-time1.71.0:amd64.
Preparing to unpack .../067-libboost-date-time1.71.0_1.71.0-7+b1_amd64.deb ...
Unpacking libboost-date-time1.71.0:amd64 (1.71.0-7+b1) ...
Selecting previously unselected package libboost-serialization1.71.0:amd64.
Preparing to unpack .../068-libboost-serialization1.71.0_1.71.0-7+b1_amd64.deb ...
Unpacking libboost-serialization1.71.0:amd64 (1.71.0-7+b1) ...
Selecting previously unselected package libboost-serialization1.71-dev:amd64.
Preparing to unpack .../069-libboost-serialization1.71-dev_1.71.0-7+b1_amd64.deb ...
Unpacking libboost-serialization1.71-dev:amd64 (1.71.0-7+b1) ...
Selecting previously unselected package libboost-date-time1.71-dev:amd64.
Preparing to unpack .../070-libboost-date-time1.71-dev_1.71.0-7+b1_amd64.deb ...
Unpacking libboost-date-time1.71-dev:amd64 (1.71.0-7+b1) ...
Selecting previously unselected package libboost-date-time-dev:amd64.
Preparing to unpack .../071-libboost-date-time-dev_1.71.0.3_amd64.deb ...
Unpacking libboost-date-time-dev:amd64 (1.71.0.3) ...
Selecting previously unselected package libboost-dev:amd64.
Preparing to unpack .../072-libboost-dev_1.71.0.3_amd64.deb ...
Unpacking libboost-dev:amd64 (1.71.0.3) ...
Selecting previously unselected package libboost-filesystem1.71.0:amd64.
Preparing to unpack .../073-libboost-filesystem1.71.0_1.71.0-7+b1_amd64.deb ...
Unpacking libboost-filesystem1.71.0:amd64 (1.71.0-7+b1) ...
Selecting previously unselected package libboost-system1.71.0:amd64.
Preparing to unpack .../074-libboost-system1.71.0_1.71.0-7+b1_amd64.deb ...
Unpacking libboost-system1.71.0:amd64 (1.71.0-7+b1) ...
Selecting previously unselected package libboost-system1.71-dev:amd64.
Preparing to unpack .../075-libboost-system1.71-dev_1.71.0-7+b1_amd64.deb ...
Unpacking libboost-system1.71-dev:amd64 (1.71.0-7+b1) ...
Selecting previously unselected package libboost-filesystem1.71-dev:amd64.
Preparing to unpack .../076-libboost-filesystem1.71-dev_1.71.0-7+b1_amd64.deb ...
Unpacking libboost-filesystem1.71-dev:amd64 (1.71.0-7+b1) ...
Selecting previously unselected package libboost-filesystem-dev:amd64.
Preparing to unpack .../077-libboost-filesystem-dev_1.71.0.3_amd64.deb ...
Unpacking libboost-filesystem-dev:amd64 (1.71.0.3) ...
Selecting previously unselected package libboost-thread1.71.0:amd64.
Preparing to unpack .../078-libboost-thread1.71.0_1.71.0-7+b1_amd64.deb ...
Unpacking libboost-thread1.71.0:amd64 (1.71.0-7+b1) ...
Selecting previously unselected package libboost-thread1.71-dev:amd64.
Preparing to unpack .../079-libboost-thread1.71-dev_1.71.0-7+b1_amd64.deb ...
Unpacking libboost-thread1.71-dev:amd64 (1.71.0-7+b1) ...
Selecting previously unselected package libboost-locale1.71.0:amd64.
Preparing to unpack .../080-libboost-locale1.71.0_1.71.0-7+b1_amd64.deb ...
Unpacking libboost-locale1.71.0:amd64 (1.71.0-7+b1) ...
Selecting previously unselected package libboost-locale1.71-dev:amd64.
Preparing to unpack .../081-libboost-locale1.71-dev_1.71.0-7+b1_amd64.deb ...
Unpacking libboost-locale1.71-dev:amd64 (1.71.0-7+b1) ...
Selecting previously unselected package libboost-locale-dev:amd64.
Preparing to unpack .../082-libboost-locale-dev_1.71.0.3_amd64.deb ...
Unpacking libboost-locale-dev:amd64 (1.71.0.3) ...
Selecting previously unselected package libboost-regex1.71.0:amd64.
Preparing to unpack .../083-libboost-regex1.71.0_1.71.0-7+b1_amd64.deb ...
Unpacking libboost-regex1.71.0:amd64 (1.71.0-7+b1) ...
Selecting previously unselected package libboost-log1.71.0.
Preparing to unpack .../084-libboost-log1.71.0_1.71.0-7+b1_amd64.deb ...
Unpacking libboost-log1.71.0 (1.71.0-7+b1) ...
Selecting previously unselected package libicu-dev:amd64.
Preparing to unpack .../085-libicu-dev_67.1-4_amd64.deb ...
Unpacking libicu-dev:amd64 (67.1-4) ...
Selecting previously unselected package libboost-regex1.71-dev:amd64.
Preparing to unpack .../086-libboost-regex1.71-dev_1.71.0-7+b1_amd64.deb ...
Unpacking libboost-regex1.71-dev:amd64 (1.71.0-7+b1) ...
Selecting previously unselected package libboost-log1.71-dev.
Preparing to unpack .../087-libboost-log1.71-dev_1.71.0-7+b1_amd64.deb ...
Unpacking libboost-log1.71-dev (1.71.0-7+b1) ...
Selecting previously unselected package libboost-log-dev.
Preparing to unpack .../088-libboost-log-dev_1.71.0.3_amd64.deb ...
Unpacking libboost-log-dev (1.71.0.3) ...
Selecting previously unselected package libboost-program-options1.71.0:amd64.
Preparing to unpack .../089-libboost-program-options1.71.0_1.71.0-7+b1_amd64.deb ...
Unpacking libboost-program-options1.71.0:amd64 (1.71.0-7+b1) ...
Selecting previously unselected package libboost-program-options1.71-dev:amd64.
Preparing to unpack .../090-libboost-program-options1.71-dev_1.71.0-7+b1_amd64.deb ...
Unpacking libboost-program-options1.71-dev:amd64 (1.71.0-7+b1) ...
Selecting previously unselected package libboost-program-options-dev:amd64.
Preparing to unpack .../091-libboost-program-options-dev_1.71.0.3_amd64.deb ...
Unpacking libboost-program-options-dev:amd64 (1.71.0.3) ...
Selecting previously unselected package libboost-regex-dev:amd64.
Preparing to unpack .../092-libboost-regex-dev_1.71.0.3_amd64.deb ...
Unpacking libboost-regex-dev:amd64 (1.71.0.3) ...
Selecting previously unselected package libboost-system-dev:amd64.
Preparing to unpack .../093-libboost-system-dev_1.71.0.3_amd64.deb ...
Unpacking libboost-system-dev:amd64 (1.71.0.3) ...
Selecting previously unselected package libboost-thread-dev:amd64.
Preparing to unpack .../094-libboost-thread-dev_1.71.0.3_amd64.deb ...
Unpacking libboost-thread-dev:amd64 (1.71.0.3) ...
Selecting previously unselected package libleatherman1.12.1:amd64.
Preparing to unpack .../095-libleatherman1.12.1_1.12.1+dfsg-1+b1_amd64.deb ...
Unpacking libleatherman1.12.1:amd64 (1.12.1+dfsg-1+b1) ...
Selecting previously unselected package libcpp-hocon0.3.0:amd64.
Preparing to unpack .../096-libcpp-hocon0.3.0_0.3.0-1+b1_amd64.deb ...
Unpacking libcpp-hocon0.3.0:amd64 (0.3.0-1+b1) ...
Selecting previously unselected package libcpp-hocon-dev:amd64.
Preparing to unpack .../097-libcpp-hocon-dev_0.3.0-1+b1_amd64.deb ...
Unpacking libcpp-hocon-dev:amd64 (0.3.0-1+b1) ...
Selecting previously unselected package libcurl4-openssl-dev:amd64.
Preparing to unpack .../098-libcurl4-openssl-dev_7.72.0-1_amd64.deb ...
Unpacking libcurl4-openssl-dev:amd64 (7.72.0-1) ...
Selecting previously unselected package libgmpxx4ldbl:amd64.
Preparing to unpack .../099-libgmpxx4ldbl_2%3a6.2.0+dfsg-6_amd64.deb ...
Unpacking libgmpxx4ldbl:amd64 (2:6.2.0+dfsg-6) ...
Selecting previously unselected package libgmp-dev:amd64.
Preparing to unpack .../100-libgmp-dev_2%3a6.2.0+dfsg-6_amd64.deb ...
Unpacking libgmp-dev:amd64 (2:6.2.0+dfsg-6) ...
Selecting previously unselected package libleatherman-dev:amd64.
Preparing to unpack .../101-libleatherman-dev_1.12.1+dfsg-1+b1_amd64.deb ...
Unpacking libleatherman-dev:amd64 (1.12.1+dfsg-1+b1) ...
Selecting previously unselected package rubygems-integration.
Preparing to unpack .../102-rubygems-integration_1.17.2_all.deb ...
Unpacking rubygems-integration (1.17.2) ...
Selecting previously unselected package ruby2.7.
Preparing to unpack .../103-ruby2.7_2.7.2-2_amd64.deb ...
Unpacking ruby2.7 (2.7.2-2) ...
Selecting previously unselected package ruby-rubygems.
Preparing to unpack .../104-ruby-rubygems_3.2.0~rc.1-1_all.deb ...
Unpacking ruby-rubygems (3.2.0~rc.1-1) ...
Selecting previously unselected package ruby.
Preparing to unpack .../105-ruby_1%3a2.7+2_amd64.deb ...
Unpacking ruby (1:2.7+2) ...
Selecting previously unselected package rake.
Preparing to unpack .../106-rake_13.0.1-4_all.deb ...
Unpacking rake (13.0.1-4) ...
Selecting previously unselected package ruby-minitest.
Preparing to unpack .../107-ruby-minitest_5.13.0-1_all.deb ...
Unpacking ruby-minitest (5.13.0-1) ...
Selecting previously unselected package ruby-net-telnet.
Preparing to unpack .../108-ruby-net-telnet_0.1.1-2_all.deb ...
Unpacking ruby-net-telnet (0.1.1-2) ...
Selecting previously unselected package ruby-power-assert.
Preparing to unpack .../109-ruby-power-assert_1.1.7-1_all.deb ...
Unpacking ruby-power-assert (1.1.7-1) ...
Selecting previously unselected package ruby-test-unit.
Preparing to unpack .../110-ruby-test-unit_3.3.5-1_all.deb ...
Unpacking ruby-test-unit (3.3.5-1) ...
Selecting previously unselected package ruby-xmlrpc.
Preparing to unpack .../111-ruby-xmlrpc_0.3.0-2_all.deb ...
Unpacking ruby-xmlrpc (0.3.0-2) ...
Selecting previously unselected package libyaml-0-2:amd64.
Preparing to unpack .../112-libyaml-0-2_0.2.2-1_amd64.deb ...
Unpacking libyaml-0-2:amd64 (0.2.2-1) ...
Selecting previously unselected package libruby2.7:amd64.
Preparing to unpack .../113-libruby2.7_2.7.2-2_amd64.deb ...
Unpacking libruby2.7:amd64 (2.7.2-2) ...
Selecting previously unselected package libssl-dev:amd64.
Preparing to unpack .../114-libssl-dev_1.1.1h-1_amd64.deb ...
Unpacking libssl-dev:amd64 (1.1.1h-1) ...
Selecting previously unselected package libyaml-cpp0.6:amd64.
Preparing to unpack .../115-libyaml-cpp0.6_0.6.3-9_amd64.deb ...
Unpacking libyaml-cpp0.6:amd64 (0.6.3-9) ...
Selecting previously unselected package libyaml-cpp-dev.
Preparing to unpack .../116-libyaml-cpp-dev_0.6.3-9_amd64.deb ...
Unpacking libyaml-cpp-dev (0.6.3-9) ...
Selecting previously unselected package rapidjson-dev.
Preparing to unpack .../117-rapidjson-dev_1.1.0+dfsg2-6_all.deb ...
Unpacking rapidjson-dev (1.1.0+dfsg2-6) ...
Selecting previously unselected package ruby2.7-dev:amd64.
Preparing to unpack .../118-ruby2.7-dev_2.7.2-2_amd64.deb ...
Unpacking ruby2.7-dev:amd64 (2.7.2-2) ...
Selecting previously unselected package ruby-all-dev:amd64.
Preparing to unpack .../119-ruby-all-dev_1%3a2.7+2_amd64.deb ...
Unpacking ruby-all-dev:amd64 (1:2.7+2) ...
Selecting previously unselected package sbuild-build-depends-main-dummy.
Preparing to unpack .../120-sbuild-build-depends-main-dummy_0.invalid.0_amd64.deb ...
Unpacking sbuild-build-depends-main-dummy (0.invalid.0) ...
Setting up libexpat1:amd64 (2.2.10-1) ...
Setting up libpipeline1:amd64 (1.5.3-1) ...
Setting up libpsl5:amd64 (0.21.0-1.1) ...
Setting up bsdextrautils (2.36-3+b1) ...
update-alternatives: using /usr/bin/write.ul to provide /usr/bin/write (write) in auto mode
Setting up libicu67:amd64 (67.1-4) ...
Setting up ruby-power-assert (1.1.7-1) ...
Setting up libmagic-mgc (1:5.38-5) ...
Setting up libarchive-zip-perl (1.68-1) ...
Setting up libyaml-0-2:amd64 (0.2.2-1) ...
Setting up libglib2.0-0:amd64 (2.66.1-2) ...
No schema files found: doing nothing.
Setting up libdebhelper-perl (13.2.1) ...
Setting up libbrotli1:amd64 (1.0.9-2+b1) ...
Setting up libboost1.71-dev:amd64 (1.71.0-7+b1) ...
Setting up libboost-chrono1.71.0:amd64 (1.71.0-7+b1) ...
Setting up libnghttp2-14:amd64 (1.41.0-3) ...
Setting up libmagic1:amd64 (1:5.38-5) ...
Setting up gettext-base (0.19.8.1-10) ...
Setting up file (1:5.38-5) ...
Setting up libboost-filesystem1.71.0:amd64 (1.71.0-7+b1) ...
Setting up libboost-date-time1.71.0:amd64 (1.71.0-7+b1) ...
Setting up rapidjson-dev (1.1.0+dfsg2-6) ...
Setting up libsasl2-modules-db:amd64 (2.1.27+dfsg-2) ...
Setting up ruby-minitest (5.13.0-1) ...
Setting up autotools-dev (20180224.1) ...
Setting up libgmpxx4ldbl:amd64 (2:6.2.0+dfsg-6) ...
Setting up libuv1:amd64 (1.39.0-1) ...
Setting up ruby-test-unit (3.3.5-1) ...
Setting up librtmp1:amd64 (2.4+20151223.gitfa8646d.1-2+b2) ...
Setting up libboost-atomic1.71.0:amd64 (1.71.0-7+b1) ...
Setting up uuid-dev:amd64 (2.36-3+b1) ...
Setting up libncurses6:amd64 (6.2+20200918-1) ...
Setting up ruby-net-telnet (0.1.1-2) ...
Setting up libsigsegv2:amd64 (2.12-2) ...
Setting up libssl-dev:amd64 (1.1.1h-1) ...
Setting up libyaml-cpp0.6:amd64 (0.6.3-9) ...
Setting up autopoint (0.19.8.1-10) ...
Setting up icu-devtools (67.1-4) ...
Setting up libboost-regex1.71.0:amd64 (1.71.0-7+b1) ...
Setting up libncursesw6:amd64 (6.2+20200918-1) ...
Setting up libsasl2-2:amd64 (2.1.27+dfsg-2) ...
Setting up sensible-utils (0.0.12+nmu1) ...
Setting up librhash0:amd64 (1.4.0-1) ...
Setting up libuchardet0:amd64 (0.0.7-1) ...
Setting up libboost-thread1.71.0:amd64 (1.71.0-7+b1) ...
Setting up catch (1.12.1-1) ...
Setting up libsub-override-perl (0.09-2) ...
Setting up libssh2-1:amd64 (1.8.0-2.1) ...
Setting up libboost-serialization1.71.0:amd64 (1.71.0-7+b1) ...
Setting up cmake-data (3.18.4-1) ...
Setting up libboost-system1.71.0:amd64 (1.71.0-7+b1) ...
Setting up libboost-atomic1.71-dev:amd64 (1.71.0-7+b1) ...
Setting up libboost-dev:amd64 (1.71.0.3) ...
Setting up libboost-locale1.71.0:amd64 (1.71.0-7+b1) ...
Setting up openssl (1.1.1h-1) ...
Setting up libelf1:amd64 (0.181-1) ...
Setting up readline-common (8.0-4) ...
Setting up libicu-dev:amd64 (67.1-4) ...
Setting up ruby-xmlrpc (0.3.0-2) ...
Setting up libxml2:amd64 (2.9.10+dfsg-6.1) ...
Setting up libprocps8:amd64 (2:3.3.16-5) ...
Setting up libjsoncpp1:amd64 (1.7.4-3.1) ...
Setting up libboost-program-options1.71.0:amd64 (1.71.0-7+b1) ...
Setting up libfile-stripnondeterminism-perl (1.9.0-1) ...
Setting up libboost-program-options1.71-dev:amd64 (1.71.0-7+b1) ...
Setting up libblkid-dev:amd64 (2.36-3+b1) ...
Setting up libboost-chrono1.71-dev:amd64 (1.71.0-7+b1) ...
Setting up libgmp-dev:amd64 (2:6.2.0+dfsg-6) ...
Setting up libboost-log1.71.0 (1.71.0-7+b1) ...
Setting up libtool (2.4.6-14) ...
Setting up libarchive13:amd64 (3.4.3-2) ...
Setting up libboost-chrono-dev:amd64 (1.71.0.3) ...
Setting up libreadline8:amd64 (8.0-4) ...
Setting up libyaml-cpp-dev (0.6.3-9) ...
Setting up libldap-2.4-2:amd64 (2.4.54+dfsg-1) ...
Setting up m4 (1.4.18-4) ...
Setting up libboost-system1.71-dev:amd64 (1.71.0-7+b1) ...
Setting up ca-certificates (20200601) ...
Updating certificates in /etc/ssl/certs...
126 added, 0 removed; done.
Setting up libboost-program-options-dev:amd64 (1.71.0.3) ...
Setting up libboost-filesystem1.71-dev:amd64 (1.71.0-7+b1) ...
Setting up libboost-regex1.71-dev:amd64 (1.71.0-7+b1) ...
Setting up libcroco3:amd64 (0.6.13-1) ...
Setting up libboost-serialization1.71-dev:amd64 (1.71.0-7+b1) ...
Setting up autoconf (2.69-11.1) ...
Setting up dh-strip-nondeterminism (1.9.0-1) ...
Setting up dwz (0.13-5) ...
Setting up libboost-date-time1.71-dev:amd64 (1.71.0-7+b1) ...
Setting up groff-base (1.22.4-5) ...
Setting up procps (2:3.3.16-5) ...
update-alternatives: using /usr/bin/w.procps to provide /usr/bin/w (w) in auto mode
Setting up libcurl4:amd64 (7.72.0-1) ...
Setting up libboost-regex-dev:amd64 (1.71.0.3) ...
Setting up libboost-filesystem-dev:amd64 (1.71.0.3) ...
Setting up automake (1:1.16.2-4) ...
update-alternatives: using /usr/bin/automake-1.16 to provide /usr/bin/automake (automake) in auto mode
Setting up gettext (0.19.8.1-10) ...
Setting up libboost-thread1.71-dev:amd64 (1.71.0-7+b1) ...
Setting up libboost-system-dev:amd64 (1.71.0.3) ...
Setting up libleatherman1.12.1:amd64 (1.12.1+dfsg-1+b1) ...
Setting up rubygems-integration (1.17.2) ...
Setting up man-db (2.9.3-2) ...
Not building database; man-db/auto-update is not 'true'.
Setting up intltool-debian (0.35.0+20060710.5) ...
Setting up libcurl4-openssl-dev:amd64 (7.72.0-1) ...
Setting up libboost-date-time-dev:amd64 (1.71.0.3) ...
Setting up libcpp-hocon0.3.0:amd64 (0.3.0-1+b1) ...
Setting up cmake (3.18.4-1) ...
Setting up libboost-log1.71-dev (1.71.0-7+b1) ...
Setting up libboost-log-dev (1.71.0.3) ...
Setting up libboost-thread-dev:amd64 (1.71.0.3) ...
Setting up libboost-locale1.71-dev:amd64 (1.71.0-7+b1) ...
Setting up libcpp-hocon-dev:amd64 (0.3.0-1+b1) ...
Setting up po-debconf (1.0.21) ...
Setting up libboost-locale-dev:amd64 (1.71.0.3) ...
Setting up libleatherman-dev:amd64 (1.12.1+dfsg-1+b1) ...
Setting up dh-autoreconf (19) ...
Setting up rake (13.0.1-4) ...
Setting up debhelper (13.2.1) ...
Setting up ruby-rubygems (3.2.0~rc.1-1) ...
Setting up libruby2.7:amd64 (2.7.2-2) ...
Setting up ruby2.7-dev:amd64 (2.7.2-2) ...
Setting up ruby2.7 (2.7.2-2) ...
Setting up ruby-all-dev:amd64 (1:2.7+2) ...
Setting up ruby (1:2.7+2) ...
Setting up sbuild-build-depends-main-dummy (0.invalid.0) ...
Processing triggers for libc-bin (2.31-4) ...
Processing triggers for ca-certificates (20200601) ...
Updating certificates in /etc/ssl/certs...
0 added, 0 removed; done.
Running hooks in /etc/ca-certificates/update.d...
done.

+------------------------------------------------------------------------------+
| Check architectures                                                          |
+------------------------------------------------------------------------------+

Arch check ok (amd64 included in any)

+------------------------------------------------------------------------------+
| Build environment                                                            |
+------------------------------------------------------------------------------+

Kernel: Linux 4.19.0-6-cloud-amd64 #1 SMP Debian 4.19.67-2+deb10u2 (2019-11-11) amd64 (x86_64)
Toolchain package versions: binutils_2.35.1-2 dpkg-dev_1.20.5 g++-10_10.2.0-15 gcc-10_10.2.0-15 libc6-dev_2.31-4 libstdc++-10-dev_10.2.0-15 libstdc++6_10.2.0-15 linux-libc-dev_5.9.1-1
Package versions: adduser_3.118 apt_2.1.11 autoconf_2.69-11.1 automake_1:1.16.2-4 autopoint_0.19.8.1-10 autotools-dev_20180224.1 base-files_11 base-passwd_3.5.48 bash_5.1~rc1-2 binutils_2.35.1-2 binutils-common_2.35.1-2 binutils-x86-64-linux-gnu_2.35.1-2 bsdextrautils_2.36-3+b1 bsdutils_1:2.36-3+b1 build-essential_12.8 bzip2_1.0.8-4 ca-certificates_20200601 catch_1.12.1-1 clang-10_1:10.0.1-7 cmake_3.18.4-1 cmake-data_3.18.4-1 coreutils_8.32-4+b1 cpp_4:10.2.0-1 cpp-10_10.2.0-15 dash_0.5.10.2-7 debconf_1.5.74 debhelper_13.2.1 debian-archive-keyring_2019.1 debianutils_4.11.2 dh-autoreconf_19 dh-strip-nondeterminism_1.9.0-1 diffutils_1:3.7-3 dpkg_1.20.5 dpkg-dev_1.20.5 dwz_0.13-5 e2fsprogs_1.45.6-1 fakeroot_1.25.3-1 file_1:5.38-5 findutils_4.7.0+git20201010-2 g++_4:10.2.0-1 g++-10_10.2.0-15 gcc_4:10.2.0-1 gcc-10_10.2.0-15 gcc-10-base_10.2.0-15 gcc-9-base_9.3.0-18 gettext_0.19.8.1-10 gettext-base_0.19.8.1-10 gpgv_2.2.20-1 grep_3.4-1 groff-base_1.22.4-5 gzip_1.10-2 hostname_3.23 icu-devtools_67.1-4 init-system-helpers_1.58 intltool-debian_0.35.0+20060710.5 lib32gcc-s1_10.2.0-15 lib32stdc++6_10.2.0-15 libacl1_2.2.53-8 libapt-pkg6.0_2.1.11 libarchive-zip-perl_1.68-1 libarchive13_3.4.3-2 libasan5_9.3.0-18 libasan6_10.2.0-15 libatomic1_10.2.0-15 libattr1_1:2.4.48-5 libaudit-common_1:2.8.5-3.1 libaudit1_1:2.8.5-3.1 libbinutils_2.35.1-2 libblkid-dev_2.36-3+b1 libblkid1_2.36-3+b1 libboost-atomic1.71-dev_1.71.0-7+b1 libboost-atomic1.71.0_1.71.0-7+b1 libboost-chrono-dev_1.71.0.3 libboost-chrono1.71-dev_1.71.0-7+b1 libboost-chrono1.71.0_1.71.0-7+b1 libboost-date-time-dev_1.71.0.3 libboost-date-time1.71-dev_1.71.0-7+b1 libboost-date-time1.71.0_1.71.0-7+b1 libboost-dev_1.71.0.3 libboost-filesystem-dev_1.71.0.3 libboost-filesystem1.71-dev_1.71.0-7+b1 libboost-filesystem1.71.0_1.71.0-7+b1 libboost-locale-dev_1.71.0.3 libboost-locale1.71-dev_1.71.0-7+b1 libboost-locale1.71.0_1.71.0-7+b1 libboost-log-dev_1.71.0.3 libboost-log1.71-dev_1.71.0-7+b1 libboost-log1.71.0_1.71.0-7+b1 libboost-program-options-dev_1.71.0.3 libboost-program-options1.71-dev_1.71.0-7+b1 libboost-program-options1.71.0_1.71.0-7+b1 libboost-regex-dev_1.71.0.3 libboost-regex1.71-dev_1.71.0-7+b1 libboost-regex1.71.0_1.71.0-7+b1 libboost-serialization1.71-dev_1.71.0-7+b1 libboost-serialization1.71.0_1.71.0-7+b1 libboost-system-dev_1.71.0.3 libboost-system1.71-dev_1.71.0-7+b1 libboost-system1.71.0_1.71.0-7+b1 libboost-thread-dev_1.71.0.3 libboost-thread1.71-dev_1.71.0-7+b1 libboost-thread1.71.0_1.71.0-7+b1 libboost1.71-dev_1.71.0-7+b1 libbrotli1_1.0.9-2+b1 libbsd0_0.10.0-1 libbz2-1.0_1.0.8-4 libc-bin_2.31-4 libc-dev-bin_2.31-4 libc6_2.31-4 libc6-dev_2.31-4 libc6-i386_2.31-4 libcap-ng0_0.7.9-2.2 libcc1-0_10.2.0-15 libclang-common-10-dev_1:10.0.1-7 libclang-cpp10_1:10.0.1-7 libclang1-10_1:10.0.1-7 libcom-err2_1.45.6-1 libcpp-hocon-dev_0.3.0-1+b1 libcpp-hocon0.3.0_0.3.0-1+b1 libcroco3_0.6.13-1 libcrypt-dev_1:4.4.17-1 libcrypt1_1:4.4.17-1 libctf-nobfd0_2.35.1-2 libctf0_2.35.1-2 libcurl4_7.72.0-1 libcurl4-openssl-dev_7.72.0-1 libdb5.3_5.3.28+dfsg1-0.6 libdebconfclient0_0.255 libdebhelper-perl_13.2.1 libdpkg-perl_1.20.5 libedit2_3.1-20191231-1 libelf1_0.181-1 libexpat1_2.2.10-1 libext2fs2_1.45.6-1 libfakeroot_1.25.3-1 libffi7_3.3-4 libfile-stripnondeterminism-perl_1.9.0-1 libgc1_1:8.0.4-2.1 libgcc-10-dev_10.2.0-15 libgcc-9-dev_9.3.0-18 libgcc-s1_10.2.0-15 libgcrypt20_1.8.7-2 libgdbm-compat4_1.18.1-5.1 libgdbm6_1.18.1-5.1 libglib2.0-0_2.66.1-2 libgmp-dev_2:6.2.0+dfsg-6 libgmp10_2:6.2.0+dfsg-6 libgmpxx4ldbl_2:6.2.0+dfsg-6 libgnutls30_3.6.15-4 libgomp1_10.2.0-15 libgpg-error0_1.38-2 libgssapi-krb5-2_1.17-10 libhogweed6_3.6-2 libicu-dev_67.1-4 libicu67_67.1-4 libidn2-0_2.3.0-1 libisl22_0.22.1-1 libitm1_10.2.0-15 libjsoncpp1_1.7.4-3.1 libk5crypto3_1.17-10 libkeyutils1_1.6.1-2 libkrb5-3_1.17-10 libkrb5support0_1.17-10 libldap-2.4-2_2.4.54+dfsg-1 libleatherman-dev_1.12.1+dfsg-1+b1 libleatherman1.12.1_1.12.1+dfsg-1+b1 libllvm10_1:10.0.1-7 liblsan0_10.2.0-15 liblz4-1_1.9.2-2 liblzma5_5.2.4-1+b1 libmagic-mgc_1:5.38-5 libmagic1_1:5.38-5 libmount1_2.36-3+b1 libmpc3_1.2.0-1 libmpfr6_4.1.0-3 libncurses6_6.2+20200918-1 libncursesw6_6.2+20200918-1 libnettle8_3.6-2 libnghttp2-14_1.41.0-3 libnsl-dev_1.3.0-2 libnsl2_1.3.0-2 libnss-nis_3.1-4 libnss-nisplus_1.3-4 libobjc-10-dev_10.2.0-15 libobjc-9-dev_9.3.0-18 libobjc4_10.2.0-15 libomp-10-dev_1:10.0.1-7 libomp5-10_1:10.0.1-7 libp11-kit0_0.23.21-2 libpam-modules_1.3.1-5 libpam-modules-bin_1.3.1-5 libpam-runtime_1.3.1-5 libpam0g_1.3.1-5 libpcre2-8-0_10.34-7 libpcre3_2:8.39-13 libperl5.30_5.30.3-4 libpipeline1_1.5.3-1 libprocps8_2:3.3.16-5 libpsl5_0.21.0-1.1 libquadmath0_10.2.0-15 libreadline8_8.0-4 librhash0_1.4.0-1 librtmp1_2.4+20151223.gitfa8646d.1-2+b2 libruby2.7_2.7.2-2 libsasl2-2_2.1.27+dfsg-2 libsasl2-modules-db_2.1.27+dfsg-2 libseccomp2_2.4.4-1+b1 libselinux1_3.1-2+b1 libsemanage-common_3.1-1 libsemanage1_3.1-1+b1 libsepol1_3.1-1 libsigsegv2_2.12-2 libsmartcols1_2.36-3+b1 libss2_1.45.6-1 libssh2-1_1.8.0-2.1 libssl-dev_1.1.1h-1 libssl1.1_1.1.1h-1 libstdc++-10-dev_10.2.0-15 libstdc++6_10.2.0-15 libsub-override-perl_0.09-2 libsystemd0_246.6-2 libtasn1-6_4.16.0-2 libtinfo6_6.2+20200918-1 libtirpc-common_1.2.6-3 libtirpc-dev_1.2.6-3 libtirpc3_1.2.6-3 libtool_2.4.6-14 libtsan0_10.2.0-15 libubsan1_10.2.0-15 libuchardet0_0.0.7-1 libudev1_246.6-2 libunistring2_0.9.10-4 libuuid1_2.36-3+b1 libuv1_1.39.0-1 libxml2_2.9.10+dfsg-6.1 libyaml-0-2_0.2.2-1 libyaml-cpp-dev_0.6.3-9 libyaml-cpp0.6_0.6.3-9 libz3-4_4.8.9-1 libzstd1_1.4.5+dfsg-4 linux-libc-dev_5.9.1-1 login_1:4.8.1-1 logsave_1.45.6-1 lsb-base_11.1.0 m4_1.4.18-4 make_4.3-4 man-db_2.9.3-2 mawk_1.3.4.20200120-2 mount_2.36-3+b1 ncurses-base_6.2+20200918-1 ncurses-bin_6.2+20200918-1 openssl_1.1.1h-1 passwd_1:4.8.1-1 patch_2.7.6-6 perl_5.30.3-4 perl-base_5.30.3-4 perl-modules-5.30_5.30.3-4 po-debconf_1.0.21 procps_2:3.3.16-5 qt5-qmake_5.14.2+dfsg-6 qt5-qmake-bin_5.14.2+dfsg-6 qtchooser_66-2 rake_13.0.1-4 rapidjson-dev_1.1.0+dfsg2-6 readline-common_8.0-4 ruby_1:2.7+2 ruby-all-dev_1:2.7+2 ruby-minitest_5.13.0-1 ruby-net-telnet_0.1.1-2 ruby-power-assert_1.1.7-1 ruby-rubygems_3.2.0~rc.1-1 ruby-test-unit_3.3.5-1 ruby-xmlrpc_0.3.0-2 ruby2.7_2.7.2-2 ruby2.7-dev_2.7.2-2 rubygems-integration_1.17.2 sbuild-build-depends-main-dummy_0.invalid.0 sed_4.7-1 sensible-utils_0.0.12+nmu1 sysvinit-utils_2.96-5 tar_1.30+dfsg-7 tzdata_2020d-1 util-linux_2.36-3+b1 uuid-dev_2.36-3+b1 xz-utils_5.2.4-1+b1 zlib1g_1:1.2.11.dfsg-2

+------------------------------------------------------------------------------+
| Build                                                                        |
+------------------------------------------------------------------------------+


Unpack source
-------------

-----BEGIN PGP SIGNED MESSAGE-----
Hash: SHA256

Format: 3.0 (quilt)
Source: facter
Binary: facter, libfacter3.14.12, facter-dev
Architecture: any
Version: 3.14.12-1
Maintainer: Puppet Package Maintainers <pkg-puppet-devel@lists.alioth.debian.org>
Uploaders:  Andrew Pollock <apollock@debian.org>, Micah Anderson <micah@debian.org>, Stig Sandbeck Mathisen <ssm@debian.org>, Apollon Oikonomopoulos <apoikos@debian.org>
Homepage: https://github.com/puppetlabs/facter
Standards-Version: 4.5.0
Vcs-Browser: https://salsa.debian.org/puppet-team/facter
Vcs-Git: https://salsa.debian.org/puppet-team/facter.git
Testsuite: autopkgtest
Testsuite-Triggers: puppet, ruby
Build-Depends: debhelper-compat (= 13), cmake, catch, libblkid-dev, libboost-program-options-dev, libboost-system-dev, libboost-filesystem-dev, libboost-date-time-dev, libboost-regex-dev, libboost-thread-dev, libboost-chrono-dev, libboost-locale-dev, libboost-log-dev, libleatherman-dev, libcpp-hocon-dev, libcurl4-openssl-dev, libyaml-cpp-dev, libssl-dev, rapidjson-dev, ruby-all-dev, ruby
Package-List:
 facter deb admin optional arch=any
 facter-dev deb admin optional arch=any
 libfacter3.14.12 deb libs optional arch=any
Checksums-Sha1:
 555fccddcac3e6e688df4563cf5857f4c0fec7d3 361608 facter_3.14.12.orig.tar.gz
 140b247bd8702423cadbad7dc6301207df3ea96a 819 facter_3.14.12.orig.tar.gz.asc
 65808d972af1723b826d1c13e4c250435708ef05 13632 facter_3.14.12-1.debian.tar.xz
Checksums-Sha256:
 1a557d7f2c2e33d85e9ae8ed54bd854c2f5f163035e26f9a4320e4e417f7a7e7 361608 facter_3.14.12.orig.tar.gz
 8f8d5757fde346ac7b8b7d55f21955db3091301cedab1ceafdc9650511b24cf1 819 facter_3.14.12.orig.tar.gz.asc
 11fed30347fbe341b20f5ad4a27ecb035b77c4917afab9c422a38dfc561fa57b 13632 facter_3.14.12-1.debian.tar.xz
Files:
 6f75e211926aed5991b6a246ce474625 361608 facter_3.14.12.orig.tar.gz
 0d796451c8253abf74d62da7ee5b3f9c 819 facter_3.14.12.orig.tar.gz.asc
 b8088e0b1ab821ead2f126b5373ec674 13632 facter_3.14.12-1.debian.tar.xz

-----BEGIN PGP SIGNATURE-----

iQIzBAEBCAAdFiEEPgL9ZlYpWVIRC6uZ9RsYxyAkgiQFAl9lwfAACgkQ9RsYxyAk
giSrdRAAuZk4FM6SYdB/WtDOTfEKy7dx2ixXvRS+vM/jPzF8NnOiLUQTOo2ZwISH
P6nPnh3mercWBmQezsHCvWAIXVJ+g6Lw7oa3Gy/g585tnrVdcv++WJ1bmW9cf9L6
8gRGbOjbtEbg/GBL0BIFGP/QzfxyOOCGo7ubM/ybJyj1RRY3W6NwKK9y865pYnOl
UdyIinCFSTYVRjnDVdbZ9Kc6UdyWuW8BV5/k3g9hYTAD2YvHJuXBHNe6iPUhP+mZ
lvHeSLJi2FL4mvPNRSrbn6okK2PsWVL/m5kkv7LjymU2ghqQjGBnMz5Xg44XQjnG
wEnoA1dE2mt2wvPRscQwAe6puIhEPITVVh/wXFwxEYf+Hg025V+bICzcvxJ7Ni60
3jvT6LNgJU2gc4I94C6/vVdGggGS6WmJBz8XufjwEdICiJhC5PLyUG8FhyKHt77W
ktYrL9IvZsCrhB5OFRX9/NWMAvvW2vGYxuXyH7AV9ySbcVCSbkqX1anXADKAz/FI
Ow89A1P38zn/wCM6cvbfciNIuEqwHhOREBO4a9ta3fNGOOWZBhQOA3XIJ2tKMx6i
+mNXTIKp1elsKjx4CviwHqow5Cqb1H5I2kHtX+3uh/RV11TBakLLzf+CIQh7byWF
UVEdTmSrcrCV+cBZE7WeWSPY3VCpBzV2N5Q7FxBgM+g4KgSzo2M=
=5oR8
-----END PGP SIGNATURE-----

gpgv: unknown type of key resource 'trustedkeys.kbx'
gpgv: keyblock resource '/tmp/dpkg-verify-sig.u8K3B0hO/trustedkeys.kbx': General error
gpgv: Signature made Sat Sep 19 08:31:44 2020 UTC
gpgv:                using RSA key 3E02FD6656295952110BAB99F51B18C720248224
gpgv: Can't check signature: No public key
dpkg-source: warning: failed to verify signature on ./facter_3.14.12-1.dsc
dpkg-source: info: extracting facter in /<<PKGBUILDDIR>>
dpkg-source: info: unpacking facter_3.14.12.orig.tar.gz
dpkg-source: info: unpacking facter_3.14.12-1.debian.tar.xz
dpkg-source: info: using patch list from debian/patches/series
dpkg-source: info: applying 0001-use-shared-cpp-hocon.patch
dpkg-source: info: applying 0002-ruby-fix-library-name.patch
dpkg-source: info: applying 0003-disable-facter-smoke.patch
dpkg-source: info: applying 0004-rapidjson-1.1-compat.patch
dpkg-source: info: applying 0005-Don-t-run-rspec-via-bundler.patch
dpkg-source: info: applying 0006-fix-double-tests.patch
dpkg-source: info: applying 0007-Do-not-run-the-filesystem-fact-tests.patch

Check disk space
----------------

Sufficient free space for build

User Environment
----------------

APT_CONFIG=/var/lib/sbuild/apt.conf
HOME=/sbuild-nonexistent
LANG=C.UTF-8
LC_ALL=C.UTF-8
LOGNAME=user42
PATH=/usr/local/sbin:/usr/local/bin:/usr/sbin:/usr/bin:/sbin:/bin:/usr/games
SCHROOT_ALIAS_NAME=unstable
SCHROOT_CHROOT_NAME=sid-amd64-sbuild
SCHROOT_COMMAND=env
SCHROOT_GID=1001
SCHROOT_GROUP=user42
SCHROOT_SESSION_ID=sid-amd64-sbuild-cf03cfca-8241-4b95-8a77-fcc9a73362c1
SCHROOT_UID=1001
SCHROOT_USER=user42
SHELL=/bin/sh
USER=user42

dpkg-buildpackage
-----------------

Command: dpkg-buildpackage -us -uc -b -rfakeroot
dpkg-buildpackage: info: source package facter
dpkg-buildpackage: info: source version 3.14.12-1
dpkg-buildpackage: info: source distribution unstable
dpkg-buildpackage: info: source changed by Apollon Oikonomopoulos <apoikos@debian.org>
 dpkg-source --before-build .
dpkg-buildpackage: info: host architecture amd64
 fakeroot debian/rules clean
dh clean
   dh_clean
 debian/rules build
dh build
   dh_update_autotools_config
   dh_autoreconf
   dh_auto_configure
	cd obj-x86_64-linux-gnu && cmake -DCMAKE_INSTALL_PREFIX=/usr -DCMAKE_BUILD_TYPE=None -DCMAKE_INSTALL_SYSCONFDIR=/etc -DCMAKE_INSTALL_LOCALSTATEDIR=/var -DCMAKE_EXPORT_NO_PACKAGE_REGISTRY=ON -DCMAKE_FIND_PACKAGE_NO_PACKAGE_REGISTRY=ON -DCMAKE_INSTALL_RUNSTATEDIR=/run -DCMAKE_SKIP_INSTALL_ALL_DEPENDENCY=ON "-GUnix Makefiles" -DCMAKE_VERBOSE_MAKEFILE=ON -DCMAKE_INSTALL_LIBDIR=lib/x86_64-linux-gnu ..
-- The C compiler identification is Clang 10.0.1
-- The CXX compiler identification is Clang 10.0.1
-- Detecting C compiler ABI info
-- Detecting C compiler ABI info - done
-- Check for working C compiler: /usr/bin/cc - skipped
-- Detecting C compile features
-- Detecting C compile features - done
-- Detecting CXX compiler ABI info
-- Detecting CXX compiler ABI info - done
-- Check for working CXX compiler: /usr/bin/c++ - skipped
-- Detecting CXX compile features
-- Detecting CXX compile features - done
-- Looking for utmpx.h
-- Looking for utmpx.h - found
-- Found CURL: /usr/lib/x86_64-linux-gnu/libcurl.so (found version "7.72.0")  
-- Found Boost: /usr/lib/x86_64-linux-gnu/cmake/Boost-1.71.0/BoostConfig.cmake (found suitable version "1.71.0", minimum required is "1.54")  
-- Found Boost: /usr/lib/x86_64-linux-gnu/cmake/Boost-1.71.0/BoostConfig.cmake (found suitable version "1.71.0", minimum required is "1.54") found components: date_time chrono system 
-- Found Boost: /usr/lib/x86_64-linux-gnu/cmake/Boost-1.71.0/BoostConfig.cmake (found suitable version "1.71.0", minimum required is "1.54") found components: locale system 
-- Found Boost: /usr/lib/x86_64-linux-gnu/cmake/Boost-1.71.0/BoostConfig.cmake (found suitable version "1.71.0", minimum required is "1.54") found components: log log_setup thread date_time filesystem system chrono regex 
-- Found Threads: TRUE  
-- Found Boost: /usr/lib/x86_64-linux-gnu/cmake/Boost-1.71.0/BoostConfig.cmake (found suitable version "1.71.0", minimum required is "1.54") found components: regex 
-- Found Boost: /usr/lib/x86_64-linux-gnu/cmake/Boost-1.71.0/BoostConfig.cmake (found suitable version "1.71.0", minimum required is "1.54") found components: regex filesystem system 
-- Found Boost: /usr/lib/x86_64-linux-gnu/cmake/Boost-1.71.0/BoostConfig.cmake (found suitable version "1.71.0", minimum required is "1.54") found components: regex system filesystem 
-- Found Boost: /usr/lib/x86_64-linux-gnu/cmake/Boost-1.71.0/BoostConfig.cmake (found suitable version "1.71.0", minimum required is "1.54") found components: regex system 
-- Found Boost: /usr/lib/x86_64-linux-gnu/cmake/Boost-1.71.0/BoostConfig.cmake (found suitable version "1.71.0", minimum required is "1.54") found components: regex filesystem system 
-- Looking for closefrom in c
-- Looking for closefrom in c - not found
-- Found Boost: /usr/lib/x86_64-linux-gnu/cmake/Boost-1.71.0/BoostConfig.cmake (found suitable version "1.71.0", minimum required is "1.54") found components: locale program_options system filesystem date_time regex thread chrono 
-- Found Ruby: /usr/bin/ruby (found suitable version "2.7.2", minimum required is "1.9") 
-- Found YAMLCPP: /usr/lib/x86_64-linux-gnu/libyaml-cpp.so  
-- Found OPENSSL: /usr/lib/x86_64-linux-gnu/libcrypto.so  
-- Found BLKID: /usr/lib/x86_64-linux-gnu/libblkid.so.1  
-- Found CPPHOCON: /usr/lib/x86_64-linux-gnu/libcpp-hocon.so  
-- udev was not found. (missing: UDEV_LIBRARY UDEV_INCLUDE_DIR) 
-- whereami was not found. (missing: WHEREAMI_LIBRARY WHEREAMI_INCLUDE_DIR) 
-- Could NOT find JNI (missing: JAVA_AWT_LIBRARY JAVA_JVM_LIBRARY JAVA_INCLUDE_PATH JAVA_INCLUDE_PATH2 JAVA_AWT_INCLUDE_PATH) 
-- The following OPTIONAL packages have been found:

 * Ruby (required version >= 1.9)
 * OPENSSL, An open-source implementation of the SSL and TLS protocols, <https://www.openssl.org/>
   Enables SSH fingerprinting facts on POSIX systems.
 * BLKID, The library for the Linux blkid utility, <http://en.wikipedia.org/wiki/Util-linux>
   Enables the partitions fact on Linux.

-- The following REQUIRED packages have been found:

 * boost_atomic (required version == 1.71.0)
 * boost_log (required version == 1.71.0)
 * boost_log_setup (required version == 1.71.0)
 * CURL, A free and easy-to-use client-side URL transfer library, <http://curl.haxx.se/libcurl/>
   Enables facts that require HTTP.
 * Leatherman
 * boost_locale (required version == 1.71.0)
 * boost_headers (required version == 1.71.0)
 * boost_program_options (required version == 1.71.0)
 * boost_system (required version == 1.71.0)
 * boost_filesystem (required version == 1.71.0)
 * boost_date_time (required version == 1.71.0)
 * boost_regex (required version == 1.71.0)
 * boost_thread (required version == 1.71.0)
 * boost_chrono (required version == 1.71.0)
 * Boost (required version >= 1.54)
 * Threads
 * YAMLCPP, A YAML emitter and parser written in C++, <https://code.google.com/p/yaml-cpp/>
   Enables support for outputting facts as YAML.
 * CPPHOCON, A C++ parser for the HOCON configuration language, <https://github.com/puppetlabs/cpp-hocon>
   Allows parsing of the Facter config file.

-- The following OPTIONAL packages have not been found:

 * UDEV, A device manager for the Linux kernel, <http://www.freedesktop.org/wiki/Software/systemd>
   Reports disks serial numbers.
 * WHEREAMI, A hypervisor detection library, <https://github.com/puppetlabs/libwhereami>
   Reports hypervisors in use.
 * JNI, Java Native Interface (JNI) is a programming framework that enables Java code running in a Java Virtual Machine (JVM) to call and be called by native applications.
   Enables JRuby support in Facter.

-- CLANG_VERSION_STRING:         10.0
-- Could NOT find PythonInterp (missing: PYTHON_EXECUTABLE) 
-- Python not found; 'cpplint' target will not be available
-- Performing Test HAS_LTH_GET_INT
-- Performing Test HAS_LTH_GET_INT - Success
-- Performing Test HAS_LTH_EXPAND
-- Performing Test HAS_LTH_EXPAND - Success
-- Performing Test COMPILER_HAS_HIDDEN_VISIBILITY
-- Performing Test COMPILER_HAS_HIDDEN_VISIBILITY - Success
-- Performing Test COMPILER_HAS_HIDDEN_INLINE_VISIBILITY
-- Performing Test COMPILER_HAS_HIDDEN_INLINE_VISIBILITY - Success
-- Performing Test COMPILER_HAS_DEPRECATED_ATTR
-- Performing Test COMPILER_HAS_DEPRECATED_ATTR - Failed
-- Performing Test COMPILER_HAS_DEPRECATED
-- Performing Test COMPILER_HAS_DEPRECATED - Failed
-- Ruby 2.7.2 found.
-- "make install" will install facter.rb to /usr/lib/ruby/vendor_ruby
-- Configuring done
-- Generating done
CMake Warning:
  Manually-specified variables were not used by the project:

    CMAKE_EXPORT_NO_PACKAGE_REGISTRY


-- Build files have been written to: /<<PKGBUILDDIR>>/obj-x86_64-linux-gnu
   dh_auto_build
	cd obj-x86_64-linux-gnu && make -j4 "INSTALL=install --strip-program=true"
make[1]: Entering directory '/<<PKGBUILDDIR>>/obj-x86_64-linux-gnu'
/usr/bin/cmake -S/<<PKGBUILDDIR>> -B/<<PKGBUILDDIR>>/obj-x86_64-linux-gnu --check-build-system CMakeFiles/Makefile.cmake 0
/usr/bin/cmake -E cmake_progress_start /<<PKGBUILDDIR>>/obj-x86_64-linux-gnu/CMakeFiles /<<PKGBUILDDIR>>/obj-x86_64-linux-gnu//CMakeFiles/progress.marks
make  -f CMakeFiles/Makefile2 all
make[2]: Entering directory '/<<PKGBUILDDIR>>/obj-x86_64-linux-gnu'
make  -f lib/CMakeFiles/libfactersrc.dir/build.make lib/CMakeFiles/libfactersrc.dir/depend
make  -f locales/CMakeFiles/translations.dir/build.make locales/CMakeFiles/translations.dir/depend
make  -f locales/CMakeFiles/FACTER.pot.dir/build.make locales/CMakeFiles/FACTER.pot.dir/depend
make[3]: Entering directory '/<<PKGBUILDDIR>>/obj-x86_64-linux-gnu'
cd /<<PKGBUILDDIR>>/obj-x86_64-linux-gnu && /usr/bin/cmake -E cmake_depends "Unix Makefiles" /<<PKGBUILDDIR>> /<<PKGBUILDDIR>>/locales /<<PKGBUILDDIR>>/obj-x86_64-linux-gnu /<<PKGBUILDDIR>>/obj-x86_64-linux-gnu/locales /<<PKGBUILDDIR>>/obj-x86_64-linux-gnu/locales/CMakeFiles/translations.dir/DependInfo.cmake --color=
make[3]: Entering directory '/<<PKGBUILDDIR>>/obj-x86_64-linux-gnu'
cd /<<PKGBUILDDIR>>/obj-x86_64-linux-gnu && /usr/bin/cmake -E cmake_depends "Unix Makefiles" /<<PKGBUILDDIR>> /<<PKGBUILDDIR>>/lib /<<PKGBUILDDIR>>/obj-x86_64-linux-gnu /<<PKGBUILDDIR>>/obj-x86_64-linux-gnu/lib /<<PKGBUILDDIR>>/obj-x86_64-linux-gnu/lib/CMakeFiles/libfactersrc.dir/DependInfo.cmake --color=
make[3]: Entering directory '/<<PKGBUILDDIR>>/obj-x86_64-linux-gnu'
cd /<<PKGBUILDDIR>>/obj-x86_64-linux-gnu && /usr/bin/cmake -E cmake_depends "Unix Makefiles" /<<PKGBUILDDIR>> /<<PKGBUILDDIR>>/locales /<<PKGBUILDDIR>>/obj-x86_64-linux-gnu /<<PKGBUILDDIR>>/obj-x86_64-linux-gnu/locales /<<PKGBUILDDIR>>/obj-x86_64-linux-gnu/locales/CMakeFiles/FACTER.pot.dir/DependInfo.cmake --color=
Scanning dependencies of target translations
make[3]: Leaving directory '/<<PKGBUILDDIR>>/obj-x86_64-linux-gnu'
make  -f locales/CMakeFiles/translations.dir/build.make locales/CMakeFiles/translations.dir/build
make[3]: Entering directory '/<<PKGBUILDDIR>>/obj-x86_64-linux-gnu'
make[3]: Nothing to be done for 'locales/CMakeFiles/translations.dir/build'.
make[3]: Leaving directory '/<<PKGBUILDDIR>>/obj-x86_64-linux-gnu'
Scanning dependencies of target FACTER.pot
make[3]: Leaving directory '/<<PKGBUILDDIR>>/obj-x86_64-linux-gnu'
make  -f locales/CMakeFiles/FACTER.pot.dir/build.make locales/CMakeFiles/FACTER.pot.dir/build
make[3]: Entering directory '/<<PKGBUILDDIR>>/obj-x86_64-linux-gnu'
[  0%] Built target translations
[  0%] Generating ../../locales/FACTER.pot
cd /<<PKGBUILDDIR>>/obj-x86_64-linux-gnu/locales && /usr/bin/xgettext --sort-by-file --copyright-holder Puppet\ \<docs@puppet.com\> --package-name=FACTER --package-version=3.14.12 --msgid-bugs-address docs@puppet.com -d FACTER -o /<<PKGBUILDDIR>>/locales/FACTER.pot --keyword=LOG_DEBUG:1,\"debug\" --keyword=LOG_INFO:1,\"info\" --keyword=LOG_WARNING:1,\"warning\" --keyword=LOG_ERROR:1,\"error\" --keyword=LOG_FATAL:1,\"fatal\" --keyword=log:2,\"log\" --keyword=translate:1 --keyword=translate_n:1,2 --keyword=translate_p:1c,2 --keyword=translate_np:1c,2,3 --keyword=format:1 --keyword=format_n:1,2 --keyword=format_p:1c,2 --keyword=format_np:1c,2,3 --keyword=_:1 --keyword=n_:1,2 --keyword=p_:1c,2 --keyword=np_:1c,2,3 --add-location=file --add-comments=LOCALE /<<PKGBUILDDIR>>/exe/facter.cc /<<PKGBUILDDIR>>/lib/inc/facter/cwrapper.hpp /<<PKGBUILDDIR>>/lib/inc/facter/facts/array_value.hpp /<<PKGBUILDDIR>>/lib/inc/facter/facts/base_resolver.hpp /<<PKGBUILDDIR>>/lib/inc/facter/facts/collection.hpp /<<PKGBUILDDIR>>/lib/inc/facter/facts/external/resolver.hpp /<<PKGBUILDDIR>>/lib/inc/facter/facts/external_resolvers_factory.hpp /<<PKGBUILDDIR>>/lib/inc/facter/facts/fact.hpp /<<PKGBUILDDIR>>/lib/inc/facter/facts/map_value.hpp /<<PKGBUILDDIR>>/lib/inc/facter/facts/os.hpp /<<PKGBUILDDIR>>/lib/inc/facter/facts/os_family.hpp /<<PKGBUILDDIR>>/lib/inc/facter/facts/resolver.hpp /<<PKGBUILDDIR>>/lib/inc/facter/facts/scalar_value.hpp /<<PKGBUILDDIR>>/lib/inc/facter/facts/value.hpp /<<PKGBUILDDIR>>/lib/inc/facter/facts/vm.hpp /<<PKGBUILDDIR>>/lib/inc/facter/logging/logging.hpp /<<PKGBUILDDIR>>/lib/inc/facter/ruby/ruby.hpp /<<PKGBUILDDIR>>/lib/inc/facter/util/config.hpp /<<PKGBUILDDIR>>/lib/inc/facter/util/string.hpp /<<PKGBUILDDIR>>/lib/inc/internal/facts/aix/disk_resolver.hpp /<<PKGBUILDDIR>>/lib/inc/internal/facts/aix/filesystem_resolver.hpp /<<PKGBUILDDIR>>/lib/inc/internal/facts/aix/kernel_resolver.hpp /<<PKGBUILDDIR>>/lib/inc/internal/facts/aix/load_average_resolver.hpp /<<PKGBUILDDIR>>/lib/inc/internal/facts/aix/memory_resolver.hpp /<<PKGBUILDDIR>>/lib/inc/internal/facts/aix/networking_resolver.hpp /<<PKGBUILDDIR>>/lib/inc/internal/facts/aix/nim_resolver.hpp /<<PKGBUILDDIR>>/lib/inc/internal/facts/aix/operating_system_resolver.hpp /<<PKGBUILDDIR>>/lib/inc/internal/facts/aix/processor_resolver.hpp /<<PKGBUILDDIR>>/lib/inc/internal/facts/aix/serial_number_resolver.hpp /<<PKGBUILDDIR>>/lib/inc/internal/facts/bsd/filesystem_resolver.hpp /<<PKGBUILDDIR>>/lib/inc/internal/facts/bsd/networking_resolver.hpp /<<PKGBUILDDIR>>/lib/inc/internal/facts/bsd/uptime_resolver.hpp /<<PKGBUILDDIR>>/lib/inc/internal/facts/cache.hpp /<<PKGBUILDDIR>>/lib/inc/internal/facts/external/execution_resolver.hpp /<<PKGBUILDDIR>>/lib/inc/internal/facts/external/json_resolver.hpp /<<PKGBUILDDIR>>/lib/inc/internal/facts/external/text_resolver.hpp /<<PKGBUILDDIR>>/lib/inc/internal/facts/external/windows/powershell_resolver.hpp /<<PKGBUILDDIR>>/lib/inc/internal/facts/external/yaml_resolver.hpp /<<PKGBUILDDIR>>/lib/inc/internal/facts/freebsd/disk_resolver.hpp /<<PKGBUILDDIR>>/lib/inc/internal/facts/freebsd/dmi_resolver.hpp /<<PKGBUILDDIR>>/lib/inc/internal/facts/freebsd/filesystem_resolver.hpp /<<PKGBUILDDIR>>/lib/inc/internal/facts/freebsd/memory_resolver.hpp /<<PKGBUILDDIR>>/lib/inc/internal/facts/freebsd/networking_resolver.hpp /<<PKGBUILDDIR>>/lib/inc/internal/facts/freebsd/operating_system_resolver.hpp /<<PKGBUILDDIR>>/lib/inc/internal/facts/freebsd/processor_resolver.hpp /<<PKGBUILDDIR>>/lib/inc/internal/facts/freebsd/virtualization_resolver.hpp /<<PKGBUILDDIR>>/lib/inc/internal/facts/freebsd/zfs_resolver.hpp /<<PKGBUILDDIR>>/lib/inc/internal/facts/freebsd/zpool_resolver.hpp /<<PKGBUILDDIR>>/lib/inc/internal/facts/glib/load_average_resolver.hpp /<<PKGBUILDDIR>>/lib/inc/internal/facts/linux/disk_resolver.hpp /<<PKGBUILDDIR>>/lib/inc/internal/facts/linux/dmi_resolver.hpp /<<PKGBUILDDIR>>/lib/inc/internal/facts/linux/filesystem_resolver.hpp /<<PKGBUILDDIR>>/lib/inc/internal/facts/linux/fips_resolver.hpp /<<PKGBUILDDIR>>/lib/inc/internal/facts/linux/kernel_resolver.hpp /<<PKGBUILDDIR>>/lib/inc/internal/facts/linux/memory_resolver.hpp /<<PKGBUILDDIR>>/lib/inc/internal/facts/linux/networking_resolver.hpp /<<PKGBUILDDIR>>/lib/inc/internal/facts/linux/operating_system_resolver.hpp /<<PKGBUILDDIR>>/lib/inc/internal/facts/linux/os_cisco.hpp /<<PKGBUILDDIR>>/lib/inc/internal/facts/linux/os_linux.hpp /<<PKGBUILDDIR>>/lib/inc/internal/facts/linux/os_osrelease.hpp /<<PKGBUILDDIR>>/lib/inc/internal/facts/linux/processor_resolver.hpp /<<PKGBUILDDIR>>/lib/inc/internal/facts/linux/release_file.hpp /<<PKGBUILDDIR>>/lib/inc/internal/facts/linux/uptime_resolver.hpp /<<PKGBUILDDIR>>/lib/inc/internal/facts/linux/virtualization_resolver.hpp /<<PKGBUILDDIR>>/lib/inc/internal/facts/openbsd/dmi_resolver.hpp /<<PKGBUILDDIR>>/lib/inc/internal/facts/openbsd/memory_resolver.hpp /<<PKGBUILDDIR>>/lib/inc/internal/facts/openbsd/networking_resolver.hpp /<<PKGBUILDDIR>>/lib/inc/internal/facts/openbsd/processor_resolver.hpp /<<PKGBUILDDIR>>/lib/inc/internal/facts/openbsd/virtualization_resolver.hpp /<<PKGBUILDDIR>>/lib/inc/internal/facts/osx/dmi_resolver.hpp /<<PKGBUILDDIR>>/lib/inc/internal/facts/osx/memory_resolver.hpp /<<PKGBUILDDIR>>/lib/inc/internal/facts/osx/networking_resolver.hpp /<<PKGBUILDDIR>>/lib/inc/internal/facts/osx/operating_system_resolver.hpp /<<PKGBUILDDIR>>/lib/inc/internal/facts/osx/processor_resolver.hpp /<<PKGBUILDDIR>>/lib/inc/internal/facts/osx/system_profiler_resolver.hpp /<<PKGBUILDDIR>>/lib/inc/internal/facts/osx/virtualization_resolver.hpp /<<PKGBUILDDIR>>/lib/inc/internal/facts/posix/identity_resolver.hpp /<<PKGBUILDDIR>>/lib/inc/internal/facts/posix/kernel_resolver.hpp /<<PKGBUILDDIR>>/lib/inc/internal/facts/posix/networking_resolver.hpp /<<PKGBUILDDIR>>/lib/inc/internal/facts/posix/operating_system_resolver.hpp /<<PKGBUILDDIR>>/lib/inc/internal/facts/posix/processor_resolver.hpp /<<PKGBUILDDIR>>/lib/inc/internal/facts/posix/timezone_resolver.hpp /<<PKGBUILDDIR>>/lib/inc/internal/facts/posix/uptime_resolver.hpp /<<PKGBUILDDIR>>/lib/inc/internal/facts/posix/xen_resolver.hpp /<<PKGBUILDDIR>>/lib/inc/internal/facts/resolvers/augeas_resolver.hpp /<<PKGBUILDDIR>>/lib/inc/internal/facts/resolvers/disk_resolver.hpp /<<PKGBUILDDIR>>/lib/inc/internal/facts/resolvers/dmi_resolver.hpp /<<PKGBUILDDIR>>/lib/inc/internal/facts/resolvers/ec2_resolver.hpp /<<PKGBUILDDIR>>/lib/inc/internal/facts/resolvers/filesystem_resolver.hpp /<<PKGBUILDDIR>>/lib/inc/internal/facts/resolvers/fips_resolver.hpp /<<PKGBUILDDIR>>/lib/inc/internal/facts/resolvers/gce_resolver.hpp /<<PKGBUILDDIR>>/lib/inc/internal/facts/resolvers/hypervisors_resolver.hpp /<<PKGBUILDDIR>>/lib/inc/internal/facts/resolvers/identity_resolver.hpp /<<PKGBUILDDIR>>/lib/inc/internal/facts/resolvers/kernel_resolver.hpp /<<PKGBUILDDIR>>/lib/inc/internal/facts/resolvers/ldom_resolver.hpp /<<PKGBUILDDIR>>/lib/inc/internal/facts/resolvers/load_average_resolver.hpp /<<PKGBUILDDIR>>/lib/inc/internal/facts/resolvers/memory_resolver.hpp /<<PKGBUILDDIR>>/lib/inc/internal/facts/resolvers/networking_resolver.hpp /<<PKGBUILDDIR>>/lib/inc/internal/facts/resolvers/operating_system_resolver.hpp /<<PKGBUILDDIR>>/lib/inc/internal/facts/resolvers/path_resolver.hpp /<<PKGBUILDDIR>>/lib/inc/internal/facts/resolvers/processor_resolver.hpp /<<PKGBUILDDIR>>/lib/inc/internal/facts/resolvers/ruby_resolver.hpp /<<PKGBUILDDIR>>/lib/inc/internal/facts/resolvers/ssh_resolver.hpp /<<PKGBUILDDIR>>/lib/inc/internal/facts/resolvers/system_profiler_resolver.hpp /<<PKGBUILDDIR>>/lib/inc/internal/facts/resolvers/timezone_resolver.hpp /<<PKGBUILDDIR>>/lib/inc/internal/facts/resolvers/uptime_resolver.hpp /<<PKGBUILDDIR>>/lib/inc/internal/facts/resolvers/virtualization_resolver.hpp /<<PKGBUILDDIR>>/lib/inc/internal/facts/resolvers/xen_resolver.hpp /<<PKGBUILDDIR>>/lib/inc/internal/facts/resolvers/zfs_resolver.hpp /<<PKGBUILDDIR>>/lib/inc/internal/facts/resolvers/zone_resolver.hpp /<<PKGBUILDDIR>>/lib/inc/internal/facts/resolvers/zpool_resolver.hpp /<<PKGBUILDDIR>>/lib/inc/internal/facts/solaris/disk_resolver.hpp /<<PKGBUILDDIR>>/lib/inc/internal/facts/solaris/dmi_resolver.hpp /<<PKGBUILDDIR>>/lib/inc/internal/facts/solaris/filesystem_resolver.hpp /<<PKGBUILDDIR>>/lib/inc/internal/facts/solaris/kernel_resolver.hpp /<<PKGBUILDDIR>>/lib/inc/internal/facts/solaris/ldom_resolver.hpp /<<PKGBUILDDIR>>/lib/inc/internal/facts/solaris/memory_resolver.hpp /<<PKGBUILDDIR>>/lib/inc/internal/facts/solaris/networking_resolver.hpp /<<PKGBUILDDIR>>/lib/inc/internal/facts/solaris/operating_system_resolver.hpp /<<PKGBUILDDIR>>/lib/inc/internal/facts/solaris/processor_resolver.hpp /<<PKGBUILDDIR>>/lib/inc/internal/facts/solaris/virtualization_resolver.hpp /<<PKGBUILDDIR>>/lib/inc/internal/facts/solaris/zfs_resolver.hpp /<<PKGBUILDDIR>>/lib/inc/internal/facts/solaris/zone_resolver.hpp /<<PKGBUILDDIR>>/lib/inc/internal/facts/solaris/zpool_resolver.hpp /<<PKGBUILDDIR>>/lib/inc/internal/facts/ssh_resolver.hpp /<<PKGBUILDDIR>>/lib/inc/internal/facts/windows/dmi_resolver.hpp /<<PKGBUILDDIR>>/lib/inc/internal/facts/windows/fips_resolver.hpp /<<PKGBUILDDIR>>/lib/inc/internal/facts/windows/identity_resolver.hpp /<<PKGBUILDDIR>>/lib/inc/internal/facts/windows/kernel_resolver.hpp /<<PKGBUILDDIR>>/lib/inc/internal/facts/windows/memory_resolver.hpp /<<PKGBUILDDIR>>/lib/inc/internal/facts/windows/networking_resolver.hpp /<<PKGBUILDDIR>>/lib/inc/internal/facts/windows/operating_system_resolver.hpp /<<PKGBUILDDIR>>/lib/inc/internal/facts/windows/processor_resolver.hpp /<<PKGBUILDDIR>>/lib/inc/internal/facts/windows/timezone_resolver.hpp /<<PKGBUILDDIR>>/lib/inc/internal/facts/windows/uptime_resolver.hpp /<<PKGBUILDDIR>>/lib/inc/internal/facts/windows/virtualization_resolver.hpp /<<PKGBUILDDIR>>/lib/inc/internal/ruby/aggregate_resolution.hpp /<<PKGBUILDDIR>>/lib/inc/internal/ruby/chunk.hpp /<<PKGBUILDDIR>>/lib/inc/internal/ruby/confine.hpp /<<PKGBUILDDIR>>/lib/inc/internal/ruby/fact.hpp /<<PKGBUILDDIR>>/lib/inc/internal/ruby/module.hpp /<<PKGBUILDDIR>>/lib/inc/internal/ruby/resolution.hpp /<<PKGBUILDDIR>>/lib/inc/internal/ruby/ruby_value.hpp /<<PKGBUILDDIR>>/lib/inc/internal/ruby/simple_resolution.hpp /<<PKGBUILDDIR>>/lib/inc/internal/util/agent.hpp /<<PKGBUILDDIR>>/lib/inc/internal/util/aix/odm.hpp /<<PKGBUILDDIR>>/lib/inc/internal/util/aix/vmount.hpp /<<PKGBUILDDIR>>/lib/inc/internal/util/bsd/scoped_ifaddrs.hpp /<<PKGBUILDDIR>>/lib/inc/internal/util/freebsd/geom.hpp /<<PKGBUILDDIR>>/lib/inc/internal/util/posix/scoped_addrinfo.hpp /<<PKGBUILDDIR>>/lib/inc/internal/util/posix/scoped_descriptor.hpp /<<PKGBUILDDIR>>/lib/inc/internal/util/posix/utmpx_file.hpp /<<PKGBUILDDIR>>/lib/inc/internal/util/scoped_bio.hpp /<<PKGBUILDDIR>>/lib/inc/internal/util/scoped_file.hpp /<<PKGBUILDDIR>>/lib/inc/internal/util/solaris/k_stat.hpp /<<PKGBUILDDIR>>/lib/inc/internal/util/solaris/scoped_kstat.hpp /<<PKGBUILDDIR>>/lib/inc/internal/util/versions.hpp /<<PKGBUILDDIR>>/lib/inc/internal/util/windows/wsa.hpp /<<PKGBUILDDIR>>/lib/inc/internal/util/yaml.hpp /<<PKGBUILDDIR>>/lib/src/cwrapper.cc /<<PKGBUILDDIR>>/lib/src/facts/aix/collection.cc /<<PKGBUILDDIR>>/lib/src/facts/aix/disk_resolver.cc /<<PKGBUILDDIR>>/lib/src/facts/aix/filesystem_resolver.cc /<<PKGBUILDDIR>>/lib/src/facts/aix/kernel_resolver.cc /<<PKGBUILDDIR>>/lib/src/facts/aix/load_average_resolver.cc /<<PKGBUILDDIR>>/lib/src/facts/aix/memory_resolver.cc /<<PKGBUILDDIR>>/lib/src/facts/aix/networking_resolver.cc /<<PKGBUILDDIR>>/lib/src/facts/aix/nim_resolver.cc /<<PKGBUILDDIR>>/lib/src/facts/aix/operating_system_resolver.cc /<<PKGBUILDDIR>>/lib/src/facts/aix/processor_resolver.cc /<<PKGBUILDDIR>>/lib/src/facts/aix/serial_number_resolver.cc /<<PKGBUILDDIR>>/lib/src/facts/array_value.cc /<<PKGBUILDDIR>>/lib/src/facts/bsd/collection.cc /<<PKGBUILDDIR>>/lib/src/facts/bsd/filesystem_resolver.cc /<<PKGBUILDDIR>>/lib/src/facts/bsd/networking_resolver.cc /<<PKGBUILDDIR>>/lib/src/facts/bsd/uptime_resolver.cc /<<PKGBUILDDIR>>/lib/src/facts/cache.cc /<<PKGBUILDDIR>>/lib/src/facts/collection.cc /<<PKGBUILDDIR>>/lib/src/facts/external/execution_resolver.cc /<<PKGBUILDDIR>>/lib/src/facts/external/json_resolver.cc /<<PKGBUILDDIR>>/lib/src/facts/external/resolver.cc /<<PKGBUILDDIR>>/lib/src/facts/external/text_resolver.cc /<<PKGBUILDDIR>>/lib/src/facts/external/windows/powershell_resolver.cc /<<PKGBUILDDIR>>/lib/src/facts/external/yaml_resolver.cc /<<PKGBUILDDIR>>/lib/src/facts/external_resolvers_factory.cc /<<PKGBUILDDIR>>/lib/src/facts/freebsd/collection.cc /<<PKGBUILDDIR>>/lib/src/facts/freebsd/disk_resolver.cc /<<PKGBUILDDIR>>/lib/src/facts/freebsd/dmi_resolver.cc /<<PKGBUILDDIR>>/lib/src/facts/freebsd/filesystem_resolver.cc /<<PKGBUILDDIR>>/lib/src/facts/freebsd/memory_resolver.cc /<<PKGBUILDDIR>>/lib/src/facts/freebsd/networking_resolver.cc /<<PKGBUILDDIR>>/lib/src/facts/freebsd/operating_system_resolver.cc /<<PKGBUILDDIR>>/lib/src/facts/freebsd/processor_resolver.cc /<<PKGBUILDDIR>>/lib/src/facts/freebsd/virtualization_resolver.cc /<<PKGBUILDDIR>>/lib/src/facts/freebsd/zfs_resolver.cc /<<PKGBUILDDIR>>/lib/src/facts/freebsd/zpool_resolver.cc /<<PKGBUILDDIR>>/lib/src/facts/glib/load_average_resolver.cc /<<PKGBUILDDIR>>/lib/src/facts/linux/collection.cc /<<PKGBUILDDIR>>/lib/src/facts/linux/disk_resolver.cc /<<PKGBUILDDIR>>/lib/src/facts/linux/dmi_resolver.cc /<<PKGBUILDDIR>>/lib/src/facts/linux/filesystem_resolver.cc /<<PKGBUILDDIR>>/lib/src/facts/linux/fips_resolver.cc /<<PKGBUILDDIR>>/lib/src/facts/linux/kernel_resolver.cc /<<PKGBUILDDIR>>/lib/src/facts/linux/memory_resolver.cc /<<PKGBUILDDIR>>/lib/src/facts/linux/networking_resolver.cc /<<PKGBUILDDIR>>/lib/src/facts/linux/operating_system_resolver.cc /<<PKGBUILDDIR>>/lib/src/facts/linux/os_linux.cc /<<PKGBUILDDIR>>/lib/src/facts/linux/processor_resolver.cc /<<PKGBUILDDIR>>/lib/src/facts/linux/uptime_resolver.cc /<<PKGBUILDDIR>>/lib/src/facts/linux/virtualization_resolver.cc /<<PKGBUILDDIR>>/lib/src/facts/map_value.cc /<<PKGBUILDDIR>>/lib/src/facts/openbsd/collection.cc /<<PKGBUILDDIR>>/lib/src/facts/openbsd/dmi_resolver.cc /<<PKGBUILDDIR>>/lib/src/facts/openbsd/memory_resolver.cc /<<PKGBUILDDIR>>/lib/src/facts/openbsd/networking_resolver.cc /<<PKGBUILDDIR>>/lib/src/facts/openbsd/processor_resolver.cc /<<PKGBUILDDIR>>/lib/src/facts/openbsd/virtualization_resolver.cc /<<PKGBUILDDIR>>/lib/src/facts/osx/collection.cc /<<PKGBUILDDIR>>/lib/src/facts/osx/dmi_resolver.cc /<<PKGBUILDDIR>>/lib/src/facts/osx/memory_resolver.cc /<<PKGBUILDDIR>>/lib/src/facts/osx/networking_resolver.cc /<<PKGBUILDDIR>>/lib/src/facts/osx/operating_system_resolver.cc /<<PKGBUILDDIR>>/lib/src/facts/osx/processor_resolver.cc /<<PKGBUILDDIR>>/lib/src/facts/osx/system_profiler_resolver.cc /<<PKGBUILDDIR>>/lib/src/facts/osx/virtualization_resolver.cc /<<PKGBUILDDIR>>/lib/src/facts/posix/cache.cc /<<PKGBUILDDIR>>/lib/src/facts/posix/collection.cc /<<PKGBUILDDIR>>/lib/src/facts/posix/external_resolvers_factory.cc /<<PKGBUILDDIR>>/lib/src/facts/posix/identity_resolver.cc /<<PKGBUILDDIR>>/lib/src/facts/posix/kernel_resolver.cc /<<PKGBUILDDIR>>/lib/src/facts/posix/networking_resolver.cc /<<PKGBUILDDIR>>/lib/src/facts/posix/operatingsystem_resolver.cc /<<PKGBUILDDIR>>/lib/src/facts/posix/processor_resolver.cc /<<PKGBUILDDIR>>/lib/src/facts/posix/ssh_resolver.cc /<<PKGBUILDDIR>>/lib/src/facts/posix/timezone_resolver.cc /<<PKGBUILDDIR>>/lib/src/facts/posix/uptime_resolver.cc /<<PKGBUILDDIR>>/lib/src/facts/posix/xen_resolver.cc /<<PKGBUILDDIR>>/lib/src/facts/resolver.cc /<<PKGBUILDDIR>>/lib/src/facts/resolvers/augeas_resolver.cc /<<PKGBUILDDIR>>/lib/src/facts/resolvers/disk_resolver.cc /<<PKGBUILDDIR>>/lib/src/facts/resolvers/dmi_resolver.cc /<<PKGBUILDDIR>>/lib/src/facts/resolvers/ec2_resolver.cc /<<PKGBUILDDIR>>/lib/src/facts/resolvers/filesystem_resolver.cc /<<PKGBUILDDIR>>/lib/src/facts/resolvers/fips_resolver.cc /<<PKGBUILDDIR>>/lib/src/facts/resolvers/gce_resolver.cc /<<PKGBUILDDIR>>/lib/src/facts/resolvers/hypervisors_resolver.cc /<<PKGBUILDDIR>>/lib/src/facts/resolvers/identity_resolver.cc /<<PKGBUILDDIR>>/lib/src/facts/resolvers/kernel_resolver.cc /<<PKGBUILDDIR>>/lib/src/facts/resolvers/ldom_resolver.cc /<<PKGBUILDDIR>>/lib/src/facts/resolvers/load_average_resolver.cc /<<PKGBUILDDIR>>/lib/src/facts/resolvers/memory_resolver.cc /<<PKGBUILDDIR>>/lib/src/facts/resolvers/networking_resolver.cc /<<PKGBUILDDIR>>/lib/src/facts/resolvers/operating_system_resolver.cc /<<PKGBUILDDIR>>/lib/src/facts/resolvers/path_resolver.cc /<<PKGBUILDDIR>>/lib/src/facts/resolvers/processor_resolver.cc /<<PKGBUILDDIR>>/lib/src/facts/resolvers/ruby_resolver.cc /<<PKGBUILDDIR>>/lib/src/facts/resolvers/ssh_resolver.cc /<<PKGBUILDDIR>>/lib/src/facts/resolvers/system_profiler_resolver.cc /<<PKGBUILDDIR>>/lib/src/facts/resolvers/timezone_resolver.cc /<<PKGBUILDDIR>>/lib/src/facts/resolvers/uptime_resolver.cc /<<PKGBUILDDIR>>/lib/src/facts/resolvers/virtualization_resolver.cc /<<PKGBUILDDIR>>/lib/src/facts/resolvers/xen_resolver.cc /<<PKGBUILDDIR>>/lib/src/facts/resolvers/zfs_resolver.cc /<<PKGBUILDDIR>>/lib/src/facts/resolvers/zone_resolver.cc /<<PKGBUILDDIR>>/lib/src/facts/resolvers/zpool_resolver.cc /<<PKGBUILDDIR>>/lib/src/facts/scalar_value.cc /<<PKGBUILDDIR>>/lib/src/facts/solaris/collection.cc /<<PKGBUILDDIR>>/lib/src/facts/solaris/disk_resolver.cc /<<PKGBUILDDIR>>/lib/src/facts/solaris/dmi_resolver.cc /<<PKGBUILDDIR>>/lib/src/facts/solaris/filesystem_resolver.cc /<<PKGBUILDDIR>>/lib/src/facts/solaris/kernel_resolver.cc /<<PKGBUILDDIR>>/lib/src/facts/solaris/ldom_resolver.cc /<<PKGBUILDDIR>>/lib/src/facts/solaris/memory_resolver.cc /<<PKGBUILDDIR>>/lib/src/facts/solaris/networking_resolver.cc /<<PKGBUILDDIR>>/lib/src/facts/solaris/operating_system_resolver.cc /<<PKGBUILDDIR>>/lib/src/facts/solaris/processor_resolver.cc /<<PKGBUILDDIR>>/lib/src/facts/solaris/virtualization_resolver.cc /<<PKGBUILDDIR>>/lib/src/facts/solaris/zfs_resolver.cc /<<PKGBUILDDIR>>/lib/src/facts/solaris/zone_resolver.cc /<<PKGBUILDDIR>>/lib/src/facts/solaris/zpool_resolver.cc /<<PKGBUILDDIR>>/lib/src/facts/windows/cache.cc /<<PKGBUILDDIR>>/lib/src/facts/windows/collection.cc /<<PKGBUILDDIR>>/lib/src/facts/windows/dmi_resolver.cc /<<PKGBUILDDIR>>/lib/src/facts/windows/external_resolvers_factory.cc /<<PKGBUILDDIR>>/lib/src/facts/windows/fips_resolver.cc /<<PKGBUILDDIR>>/lib/src/facts/windows/identity_resolver.cc /<<PKGBUILDDIR>>/lib/src/facts/windows/kernel_resolver.cc /<<PKGBUILDDIR>>/lib/src/facts/windows/memory_resolver.cc /<<PKGBUILDDIR>>/lib/src/facts/windows/networking_resolver.cc /<<PKGBUILDDIR>>/lib/src/facts/windows/operating_system_resolver.cc /<<PKGBUILDDIR>>/lib/src/facts/windows/processor_resolver.cc /<<PKGBUILDDIR>>/lib/src/facts/windows/ssh_resolver.cc /<<PKGBUILDDIR>>/lib/src/facts/windows/timezone_resolver.cc /<<PKGBUILDDIR>>/lib/src/facts/windows/uptime_resolver.cc /<<PKGBUILDDIR>>/lib/src/facts/windows/virtualization_resolver.cc /<<PKGBUILDDIR>>/lib/src/java/facter.cc /<<PKGBUILDDIR>>/lib/src/logging/logging.cc /<<PKGBUILDDIR>>/lib/src/ruby/aggregate_resolution.cc /<<PKGBUILDDIR>>/lib/src/ruby/chunk.cc /<<PKGBUILDDIR>>/lib/src/ruby/confine.cc /<<PKGBUILDDIR>>/lib/src/ruby/fact.cc /<<PKGBUILDDIR>>/lib/src/ruby/module.cc /<<PKGBUILDDIR>>/lib/src/ruby/resolution.cc /<<PKGBUILDDIR>>/lib/src/ruby/ruby.cc /<<PKGBUILDDIR>>/lib/src/ruby/ruby_value.cc /<<PKGBUILDDIR>>/lib/src/ruby/simple_resolution.cc /<<PKGBUILDDIR>>/lib/src/util/bsd/scoped_ifaddrs.cc /<<PKGBUILDDIR>>/lib/src/util/config/config.cc /<<PKGBUILDDIR>>/lib/src/util/config/posix/config.cc /<<PKGBUILDDIR>>/lib/src/util/config/windows/config.cc /<<PKGBUILDDIR>>/lib/src/util/freebsd/geom.cc /<<PKGBUILDDIR>>/lib/src/util/posix/scoped_addrinfo.cc /<<PKGBUILDDIR>>/lib/src/util/posix/scoped_descriptor.cc /<<PKGBUILDDIR>>/lib/src/util/posix/utmpx_file.cc /<<PKGBUILDDIR>>/lib/src/util/scoped_bio.cc /<<PKGBUILDDIR>>/lib/src/util/scoped_file.cc /<<PKGBUILDDIR>>/lib/src/util/solaris/k_stat.cc /<<PKGBUILDDIR>>/lib/src/util/solaris/scoped_kstat.cc /<<PKGBUILDDIR>>/lib/src/util/string.cc /<<PKGBUILDDIR>>/lib/src/util/windows/wsa.cc /<<PKGBUILDDIR>>/lib/src/util/yaml.cc
Scanning dependencies of target libfactersrc
make[3]: Leaving directory '/<<PKGBUILDDIR>>/obj-x86_64-linux-gnu'
make  -f lib/CMakeFiles/libfactersrc.dir/build.make lib/CMakeFiles/libfactersrc.dir/build
make[3]: Entering directory '/<<PKGBUILDDIR>>/obj-x86_64-linux-gnu'
[  1%] Building CXX object lib/CMakeFiles/libfactersrc.dir/src/cwrapper.cc.o
[  2%] Building CXX object lib/CMakeFiles/libfactersrc.dir/src/facts/collection.cc.o
[  2%] Building CXX object lib/CMakeFiles/libfactersrc.dir/src/facts/array_value.cc.o
cd /<<PKGBUILDDIR>>/obj-x86_64-linux-gnu/lib && /usr/bin/c++ -DBOOST_ALL_DYN_LINK -DBOOST_LOG_WITHOUT_WCHAR_T -DBOOST_SYSTEM_NO_DEPRECATED -DHAS_LTH_EXPAND -DHAS_LTH_GET_INT -DLEATHERMAN_I18N -DLEATHERMAN_LOGGING_NAMESPACE=\"puppetlabs.facter\" -DLEATHERMAN_USE_LOCALES -DPROJECT_DIR=\"/<<PKGBUILDDIR>>/obj-x86_64-linux-gnu\" -DPROJECT_NAME=\"FACTER\" -DUSE_BLKID -DUSE_CPPHOCON -DUSE_CURL -DUSE_OPENSSL -DUSE_YAMLCPP -Dlibfacter_EXPORTS -I/<<PKGBUILDDIR>>/lib/inc -I/<<PKGBUILDDIR>>/../vendor/nowide/include -Wno-unused-local-typedef -Wno-deprecated-register -std=c++11 -Wall -Wextra -Wno-unused-parameter -Wno-tautological-constant-out-of-range-compare -Werror -g -O2 -fdebug-prefix-map=/<<PKGBUILDDIR>>=. -fstack-protector-strong -Wformat -Werror=format-security -Wdate-time -D_FORTIFY_SOURCE=2 -fPIC -o CMakeFiles/libfactersrc.dir/src/cwrapper.cc.o -c /<<PKGBUILDDIR>>/lib/src/cwrapper.cc
cd /<<PKGBUILDDIR>>/obj-x86_64-linux-gnu/lib && /usr/bin/c++ -DBOOST_ALL_DYN_LINK -DBOOST_LOG_WITHOUT_WCHAR_T -DBOOST_SYSTEM_NO_DEPRECATED -DHAS_LTH_EXPAND -DHAS_LTH_GET_INT -DLEATHERMAN_I18N -DLEATHERMAN_LOGGING_NAMESPACE=\"puppetlabs.facter\" -DLEATHERMAN_USE_LOCALES -DPROJECT_DIR=\"/<<PKGBUILDDIR>>/obj-x86_64-linux-gnu\" -DPROJECT_NAME=\"FACTER\" -DUSE_BLKID -DUSE_CPPHOCON -DUSE_CURL -DUSE_OPENSSL -DUSE_YAMLCPP -Dlibfacter_EXPORTS -I/<<PKGBUILDDIR>>/lib/inc -I/<<PKGBUILDDIR>>/../vendor/nowide/include -Wno-unused-local-typedef -Wno-deprecated-register -std=c++11 -Wall -Wextra -Wno-unused-parameter -Wno-tautological-constant-out-of-range-compare -Werror -g -O2 -fdebug-prefix-map=/<<PKGBUILDDIR>>=. -fstack-protector-strong -Wformat -Werror=format-security -Wdate-time -D_FORTIFY_SOURCE=2 -fPIC -o CMakeFiles/libfactersrc.dir/src/facts/collection.cc.o -c /<<PKGBUILDDIR>>/lib/src/facts/collection.cc
cd /<<PKGBUILDDIR>>/obj-x86_64-linux-gnu/lib && /usr/bin/c++ -DBOOST_ALL_DYN_LINK -DBOOST_LOG_WITHOUT_WCHAR_T -DBOOST_SYSTEM_NO_DEPRECATED -DHAS_LTH_EXPAND -DHAS_LTH_GET_INT -DLEATHERMAN_I18N -DLEATHERMAN_LOGGING_NAMESPACE=\"puppetlabs.facter\" -DLEATHERMAN_USE_LOCALES -DPROJECT_DIR=\"/<<PKGBUILDDIR>>/obj-x86_64-linux-gnu\" -DPROJECT_NAME=\"FACTER\" -DUSE_BLKID -DUSE_CPPHOCON -DUSE_CURL -DUSE_OPENSSL -DUSE_YAMLCPP -Dlibfacter_EXPORTS -I/<<PKGBUILDDIR>>/lib/inc -I/<<PKGBUILDDIR>>/../vendor/nowide/include -Wno-unused-local-typedef -Wno-deprecated-register -std=c++11 -Wall -Wextra -Wno-unused-parameter -Wno-tautological-constant-out-of-range-compare -Werror -g -O2 -fdebug-prefix-map=/<<PKGBUILDDIR>>=. -fstack-protector-strong -Wformat -Werror=format-security -Wdate-time -D_FORTIFY_SOURCE=2 -fPIC -o CMakeFiles/libfactersrc.dir/src/facts/array_value.cc.o -c /<<PKGBUILDDIR>>/lib/src/facts/array_value.cc
cd /<<PKGBUILDDIR>>/obj-x86_64-linux-gnu/locales && /usr/bin/cmake -DPOT_FILE=/<<PKGBUILDDIR>>/locales/FACTER.pot -DSOURCE_DIR=/<<PKGBUILDDIR>> -P /usr/lib/cmake/leatherman/cmake/normalize_pot.cmake
make[3]: Leaving directory '/<<PKGBUILDDIR>>/obj-x86_64-linux-gnu'
[  2%] Built target FACTER.pot
[  3%] Building CXX object lib/CMakeFiles/libfactersrc.dir/src/facts/external_resolvers_factory.cc.o
cd /<<PKGBUILDDIR>>/obj-x86_64-linux-gnu/lib && /usr/bin/c++ -DBOOST_ALL_DYN_LINK -DBOOST_LOG_WITHOUT_WCHAR_T -DBOOST_SYSTEM_NO_DEPRECATED -DHAS_LTH_EXPAND -DHAS_LTH_GET_INT -DLEATHERMAN_I18N -DLEATHERMAN_LOGGING_NAMESPACE=\"puppetlabs.facter\" -DLEATHERMAN_USE_LOCALES -DPROJECT_DIR=\"/<<PKGBUILDDIR>>/obj-x86_64-linux-gnu\" -DPROJECT_NAME=\"FACTER\" -DUSE_BLKID -DUSE_CPPHOCON -DUSE_CURL -DUSE_OPENSSL -DUSE_YAMLCPP -Dlibfacter_EXPORTS -I/<<PKGBUILDDIR>>/lib/inc -I/<<PKGBUILDDIR>>/../vendor/nowide/include -Wno-unused-local-typedef -Wno-deprecated-register -std=c++11 -Wall -Wextra -Wno-unused-parameter -Wno-tautological-constant-out-of-range-compare -Werror -g -O2 -fdebug-prefix-map=/<<PKGBUILDDIR>>=. -fstack-protector-strong -Wformat -Werror=format-security -Wdate-time -D_FORTIFY_SOURCE=2 -fPIC -o CMakeFiles/libfactersrc.dir/src/facts/external_resolvers_factory.cc.o -c /<<PKGBUILDDIR>>/lib/src/facts/external_resolvers_factory.cc
In file included from /<<PKGBUILDDIR>>/lib/src/facts/external_resolvers_factory.cc:1:
In file included from /<<PKGBUILDDIR>>/lib/inc/facter/facts/external_resolvers_factory.hpp:5:
In file included from /<<PKGBUILDDIR>>/lib/inc/facter/facts/external/resolver.hpp:7:
In file included from /usr/bin/../lib/gcc/x86_64-linux-gnu/10/../../../../include/c++/10/stdexcept:39:
In file included from /usr/bin/../lib/gcc/x86_64-linux-gnu/10/../../../../include/c++/10/string:41:
In file included from /usr/bin/../lib/gcc/x86_64-linux-gnu/10/../../../../include/c++/10/bits/allocator.h:46:
In file included from /usr/bin/../lib/gcc/x86_64-linux-gnu/10/../../../../include/x86_64-linux-gnu/c++/10/bits/c++allocator.h:33:
/usr/bin/../lib/gcc/x86_64-linux-gnu/10/../../../../include/c++/10/ext/new_allocator.h:156:4: error: destructor called on non-final 'facter::facts::external::text_resolver' that has virtual functions but non-virtual destructor [-Werror,-Wdelete-non-abstract-non-virtual-dtor]
        { __p->~_Up(); }
          ^
/usr/bin/../lib/gcc/x86_64-linux-gnu/10/../../../../include/c++/10/bits/alloc_traits.h:531:8: note: in instantiation of function template specialization '__gnu_cxx::new_allocator<facter::facts::external::text_resolver>::destroy<facter::facts::external::text_resolver>' requested here
          __a.destroy(__p);
              ^
/usr/bin/../lib/gcc/x86_64-linux-gnu/10/../../../../include/c++/10/bits/shared_ptr_base.h:560:28: note: in instantiation of function template specialization 'std::allocator_traits<std::allocator<facter::facts::external::text_resolver> >::destroy<facter::facts::external::text_resolver>' requested here
        allocator_traits<_Alloc>::destroy(_M_impl._M_alloc(), _M_ptr());
                                  ^
/usr/bin/../lib/gcc/x86_64-linux-gnu/10/../../../../include/c++/10/bits/shared_ptr_base.h:546:2: note: in instantiation of member function 'std::_Sp_counted_ptr_inplace<facter::facts::external::text_resolver, std::allocator<facter::facts::external::text_resolver>, __gnu_cxx::_S_atomic>::_M_dispose' requested here
        _Sp_counted_ptr_inplace(_Alloc __a, _Args&&... __args)
        ^
/usr/bin/../lib/gcc/x86_64-linux-gnu/10/../../../../include/c++/10/bits/shared_ptr_base.h:683:6: note: in instantiation of function template specialization 'std::_Sp_counted_ptr_inplace<facter::facts::external::text_resolver, std::allocator<facter::facts::external::text_resolver>, __gnu_cxx::_S_atomic>::_Sp_counted_ptr_inplace<const std::__cxx11::basic_string<char> &>' requested here
            _Sp_cp_type(__a._M_a, std::forward<_Args>(__args)...);
            ^
/usr/bin/../lib/gcc/x86_64-linux-gnu/10/../../../../include/c++/10/bits/shared_ptr_base.h:1371:14: note: in instantiation of function template specialization 'std::__shared_count<__gnu_cxx::_S_atomic>::__shared_count<facter::facts::external::text_resolver, std::allocator<facter::facts::external::text_resolver>, const std::__cxx11::basic_string<char> &>' requested here
        : _M_ptr(), _M_refcount(_M_ptr, __tag, std::forward<_Args>(__args)...)
                    ^
/usr/bin/../lib/gcc/x86_64-linux-gnu/10/../../../../include/c++/10/bits/shared_ptr.h:408:4: note: in instantiation of function template specialization 'std::__shared_ptr<facter::facts::external::text_resolver, __gnu_cxx::_S_atomic>::__shared_ptr<std::allocator<facter::facts::external::text_resolver>, const std::__cxx11::basic_string<char> &>' requested here
        : __shared_ptr<_Tp>(__tag, std::forward<_Args>(__args)...)
          ^
/usr/bin/../lib/gcc/x86_64-linux-gnu/10/../../../../include/c++/10/bits/shared_ptr.h:859:14: note: in instantiation of function template specialization 'std::shared_ptr<facter::facts::external::text_resolver>::shared_ptr<std::allocator<facter::facts::external::text_resolver>, const std::__cxx11::basic_string<char> &>' requested here
      return shared_ptr<_Tp>(_Sp_alloc_shared_tag<_Alloc>{__a},
             ^
/usr/bin/../lib/gcc/x86_64-linux-gnu/10/../../../../include/c++/10/bits/shared_ptr.h:875:19: note: in instantiation of function template specialization 'std::allocate_shared<facter::facts::external::text_resolver, std::allocator<facter::facts::external::text_resolver>, const std::__cxx11::basic_string<char> &>' requested here
      return std::allocate_shared<_Tp>(std::allocator<_Tp_nc>(),
                  ^
/<<PKGBUILDDIR>>/lib/src/facts/external_resolvers_factory.cc:33:16: note: in instantiation of function template specialization 'std::make_shared<facter::facts::external::text_resolver, const std::__cxx11::basic_string<char> &>' requested here
        return make_shared<external::text_resolver>(path);
               ^
/usr/bin/../lib/gcc/x86_64-linux-gnu/10/../../../../include/c++/10/ext/new_allocator.h:156:10: note: qualify call to silence this warning
        { __p->~_Up(); }
                ^
/usr/bin/../lib/gcc/x86_64-linux-gnu/10/../../../../include/c++/10/ext/new_allocator.h:156:4: error: destructor called on non-final 'facter::facts::external::json_resolver' that has virtual functions but non-virtual destructor [-Werror,-Wdelete-non-abstract-non-virtual-dtor]
        { __p->~_Up(); }
          ^
/usr/bin/../lib/gcc/x86_64-linux-gnu/10/../../../../include/c++/10/bits/alloc_traits.h:531:8: note: in instantiation of function template specialization '__gnu_cxx::new_allocator<facter::facts::external::json_resolver>::destroy<facter::facts::external::json_resolver>' requested here
          __a.destroy(__p);
              ^
/usr/bin/../lib/gcc/x86_64-linux-gnu/10/../../../../include/c++/10/bits/shared_ptr_base.h:560:28: note: in instantiation of function template specialization 'std::allocator_traits<std::allocator<facter::facts::external::json_resolver> >::destroy<facter::facts::external::json_resolver>' requested here
        allocator_traits<_Alloc>::destroy(_M_impl._M_alloc(), _M_ptr());
                                  ^
/usr/bin/../lib/gcc/x86_64-linux-gnu/10/../../../../include/c++/10/bits/shared_ptr_base.h:546:2: note: in instantiation of member function 'std::_Sp_counted_ptr_inplace<facter::facts::external::json_resolver, std::allocator<facter::facts::external::json_resolver>, __gnu_cxx::_S_atomic>::_M_dispose' requested here
        _Sp_counted_ptr_inplace(_Alloc __a, _Args&&... __args)
        ^
/usr/bin/../lib/gcc/x86_64-linux-gnu/10/../../../../include/c++/10/bits/shared_ptr_base.h:683:6: note: in instantiation of function template specialization 'std::_Sp_counted_ptr_inplace<facter::facts::external::json_resolver, std::allocator<facter::facts::external::json_resolver>, __gnu_cxx::_S_atomic>::_Sp_counted_ptr_inplace<const std::__cxx11::basic_string<char> &>' requested here
            _Sp_cp_type(__a._M_a, std::forward<_Args>(__args)...);
            ^
/usr/bin/../lib/gcc/x86_64-linux-gnu/10/../../../../include/c++/10/bits/shared_ptr_base.h:1371:14: note: in instantiation of function template specialization 'std::__shared_count<__gnu_cxx::_S_atomic>::__shared_count<facter::facts::external::json_resolver, std::allocator<facter::facts::external::json_resolver>, const std::__cxx11::basic_string<char> &>' requested here
        : _M_ptr(), _M_refcount(_M_ptr, __tag, std::forward<_Args>(__args)...)
                    ^
/usr/bin/../lib/gcc/x86_64-linux-gnu/10/../../../../include/c++/10/bits/shared_ptr.h:408:4: note: in instantiation of function template specialization 'std::__shared_ptr<facter::facts::external::json_resolver, __gnu_cxx::_S_atomic>::__shared_ptr<std::allocator<facter::facts::external::json_resolver>, const std::__cxx11::basic_string<char> &>' requested here
        : __shared_ptr<_Tp>(__tag, std::forward<_Args>(__args)...)
          ^
/usr/bin/../lib/gcc/x86_64-linux-gnu/10/../../../../include/c++/10/bits/shared_ptr.h:859:14: note: in instantiation of function template specialization 'std::shared_ptr<facter::facts::external::json_resolver>::shared_ptr<std::allocator<facter::facts::external::json_resolver>, const std::__cxx11::basic_string<char> &>' requested here
      return shared_ptr<_Tp>(_Sp_alloc_shared_tag<_Alloc>{__a},
             ^
/usr/bin/../lib/gcc/x86_64-linux-gnu/10/../../../../include/c++/10/bits/shared_ptr.h:875:19: note: in instantiation of function template specialization 'std::allocate_shared<facter::facts::external::json_resolver, std::allocator<facter::facts::external::json_resolver>, const std::__cxx11::basic_string<char> &>' requested here
      return std::allocate_shared<_Tp>(std::allocator<_Tp_nc>(),
                  ^
/<<PKGBUILDDIR>>/lib/src/facts/external_resolvers_factory.cc:36:16: note: in instantiation of function template specialization 'std::make_shared<facter::facts::external::json_resolver, const std::__cxx11::basic_string<char> &>' requested here
        return make_shared<external::json_resolver>(path);
               ^
/usr/bin/../lib/gcc/x86_64-linux-gnu/10/../../../../include/c++/10/ext/new_allocator.h:156:10: note: qualify call to silence this warning
        { __p->~_Up(); }
                ^
/usr/bin/../lib/gcc/x86_64-linux-gnu/10/../../../../include/c++/10/ext/new_allocator.h:156:4: error: destructor called on non-final 'facter::facts::external::yaml_resolver' that has virtual functions but non-virtual destructor [-Werror,-Wdelete-non-abstract-non-virtual-dtor]
        { __p->~_Up(); }
          ^
/usr/bin/../lib/gcc/x86_64-linux-gnu/10/../../../../include/c++/10/bits/alloc_traits.h:531:8: note: in instantiation of function template specialization '__gnu_cxx::new_allocator<facter::facts::external::yaml_resolver>::destroy<facter::facts::external::yaml_resolver>' requested here
          __a.destroy(__p);
              ^
/usr/bin/../lib/gcc/x86_64-linux-gnu/10/../../../../include/c++/10/bits/shared_ptr_base.h:560:28: note: in instantiation of function template specialization 'std::allocator_traits<std::allocator<facter::facts::external::yaml_resolver> >::destroy<facter::facts::external::yaml_resolver>' requested here
        allocator_traits<_Alloc>::destroy(_M_impl._M_alloc(), _M_ptr());
                                  ^
/usr/bin/../lib/gcc/x86_64-linux-gnu/10/../../../../include/c++/10/bits/shared_ptr_base.h:546:2: note: in instantiation of member function 'std::_Sp_counted_ptr_inplace<facter::facts::external::yaml_resolver, std::allocator<facter::facts::external::yaml_resolver>, __gnu_cxx::_S_atomic>::_M_dispose' requested here
        _Sp_counted_ptr_inplace(_Alloc __a, _Args&&... __args)
        ^
/usr/bin/../lib/gcc/x86_64-linux-gnu/10/../../../../include/c++/10/bits/shared_ptr_base.h:683:6: note: in instantiation of function template specialization 'std::_Sp_counted_ptr_inplace<facter::facts::external::yaml_resolver, std::allocator<facter::facts::external::yaml_resolver>, __gnu_cxx::_S_atomic>::_Sp_counted_ptr_inplace<const std::__cxx11::basic_string<char> &>' requested here
            _Sp_cp_type(__a._M_a, std::forward<_Args>(__args)...);
            ^
/usr/bin/../lib/gcc/x86_64-linux-gnu/10/../../../../include/c++/10/bits/shared_ptr_base.h:1371:14: note: in instantiation of function template specialization 'std::__shared_count<__gnu_cxx::_S_atomic>::__shared_count<facter::facts::external::yaml_resolver, std::allocator<facter::facts::external::yaml_resolver>, const std::__cxx11::basic_string<char> &>' requested here
        : _M_ptr(), _M_refcount(_M_ptr, __tag, std::forward<_Args>(__args)...)
                    ^
/usr/bin/../lib/gcc/x86_64-linux-gnu/10/../../../../include/c++/10/bits/shared_ptr.h:408:4: note: in instantiation of function template specialization 'std::__shared_ptr<facter::facts::external::yaml_resolver, __gnu_cxx::_S_atomic>::__shared_ptr<std::allocator<facter::facts::external::yaml_resolver>, const std::__cxx11::basic_string<char> &>' requested here
        : __shared_ptr<_Tp>(__tag, std::forward<_Args>(__args)...)
          ^
/usr/bin/../lib/gcc/x86_64-linux-gnu/10/../../../../include/c++/10/bits/shared_ptr.h:859:14: note: in instantiation of function template specialization 'std::shared_ptr<facter::facts::external::yaml_resolver>::shared_ptr<std::allocator<facter::facts::external::yaml_resolver>, const std::__cxx11::basic_string<char> &>' requested here
      return shared_ptr<_Tp>(_Sp_alloc_shared_tag<_Alloc>{__a},
             ^
/usr/bin/../lib/gcc/x86_64-linux-gnu/10/../../../../include/c++/10/bits/shared_ptr.h:875:19: note: in instantiation of function template specialization 'std::allocate_shared<facter::facts::external::yaml_resolver, std::allocator<facter::facts::external::yaml_resolver>, const std::__cxx11::basic_string<char> &>' requested here
      return std::allocate_shared<_Tp>(std::allocator<_Tp_nc>(),
                  ^
/<<PKGBUILDDIR>>/lib/src/facts/external_resolvers_factory.cc:39:16: note: in instantiation of function template specialization 'std::make_shared<facter::facts::external::yaml_resolver, const std::__cxx11::basic_string<char> &>' requested here
        return make_shared<external::yaml_resolver>(path);
               ^
/usr/bin/../lib/gcc/x86_64-linux-gnu/10/../../../../include/c++/10/ext/new_allocator.h:156:10: note: qualify call to silence this warning
        { __p->~_Up(); }
                ^
/usr/bin/../lib/gcc/x86_64-linux-gnu/10/../../../../include/c++/10/ext/new_allocator.h:156:4: error: destructor called on non-final 'facter::facts::external::execution_resolver' that has virtual functions but non-virtual destructor [-Werror,-Wdelete-non-abstract-non-virtual-dtor]
        { __p->~_Up(); }
          ^
/usr/bin/../lib/gcc/x86_64-linux-gnu/10/../../../../include/c++/10/bits/alloc_traits.h:531:8: note: in instantiation of function template specialization '__gnu_cxx::new_allocator<facter::facts::external::execution_resolver>::destroy<facter::facts::external::execution_resolver>' requested here
          __a.destroy(__p);
              ^
/usr/bin/../lib/gcc/x86_64-linux-gnu/10/../../../../include/c++/10/bits/shared_ptr_base.h:560:28: note: in instantiation of function template specialization 'std::allocator_traits<std::allocator<facter::facts::external::execution_resolver> >::destroy<facter::facts::external::execution_resolver>' requested here
        allocator_traits<_Alloc>::destroy(_M_impl._M_alloc(), _M_ptr());
                                  ^
/usr/bin/../lib/gcc/x86_64-linux-gnu/10/../../../../include/c++/10/bits/shared_ptr_base.h:546:2: note: in instantiation of member function 'std::_Sp_counted_ptr_inplace<facter::facts::external::execution_resolver, std::allocator<facter::facts::external::execution_resolver>, __gnu_cxx::_S_atomic>::_M_dispose' requested here
        _Sp_counted_ptr_inplace(_Alloc __a, _Args&&... __args)
        ^
/usr/bin/../lib/gcc/x86_64-linux-gnu/10/../../../../include/c++/10/bits/shared_ptr_base.h:683:6: note: in instantiation of function template specialization 'std::_Sp_counted_ptr_inplace<facter::facts::external::execution_resolver, std::allocator<facter::facts::external::execution_resolver>, __gnu_cxx::_S_atomic>::_Sp_counted_ptr_inplace<const std::__cxx11::basic_string<char> &>' requested here
            _Sp_cp_type(__a._M_a, std::forward<_Args>(__args)...);
            ^
/usr/bin/../lib/gcc/x86_64-linux-gnu/10/../../../../include/c++/10/bits/shared_ptr_base.h:1371:14: note: in instantiation of function template specialization 'std::__shared_count<__gnu_cxx::_S_atomic>::__shared_count<facter::facts::external::execution_resolver, std::allocator<facter::facts::external::execution_resolver>, const std::__cxx11::basic_string<char> &>' requested here
        : _M_ptr(), _M_refcount(_M_ptr, __tag, std::forward<_Args>(__args)...)
                    ^
/usr/bin/../lib/gcc/x86_64-linux-gnu/10/../../../../include/c++/10/bits/shared_ptr.h:408:4: note: in instantiation of function template specialization 'std::__shared_ptr<facter::facts::external::execution_resolver, __gnu_cxx::_S_atomic>::__shared_ptr<std::allocator<facter::facts::external::execution_resolver>, const std::__cxx11::basic_string<char> &>' requested here
        : __shared_ptr<_Tp>(__tag, std::forward<_Args>(__args)...)
          ^
/usr/bin/../lib/gcc/x86_64-linux-gnu/10/../../../../include/c++/10/bits/shared_ptr.h:859:14: note: in instantiation of function template specialization 'std::shared_ptr<facter::facts::external::execution_resolver>::shared_ptr<std::allocator<facter::facts::external::execution_resolver>, const std::__cxx11::basic_string<char> &>' requested here
      return shared_ptr<_Tp>(_Sp_alloc_shared_tag<_Alloc>{__a},
             ^
/usr/bin/../lib/gcc/x86_64-linux-gnu/10/../../../../include/c++/10/bits/shared_ptr.h:875:19: note: in instantiation of function template specialization 'std::allocate_shared<facter::facts::external::execution_resolver, std::allocator<facter::facts::external::execution_resolver>, const std::__cxx11::basic_string<char> &>' requested here
      return std::allocate_shared<_Tp>(std::allocator<_Tp_nc>(),
                  ^
/<<PKGBUILDDIR>>/lib/src/facts/external_resolvers_factory.cc:42:16: note: in instantiation of function template specialization 'std::make_shared<facter::facts::external::execution_resolver, const std::__cxx11::basic_string<char> &>' requested here
        return make_shared<external::execution_resolver>(path);
               ^
/usr/bin/../lib/gcc/x86_64-linux-gnu/10/../../../../include/c++/10/ext/new_allocator.h:156:10: note: qualify call to silence this warning
        { __p->~_Up(); }
                ^
4 errors generated.
make[3]: *** [lib/CMakeFiles/libfactersrc.dir/build.make:124: lib/CMakeFiles/libfactersrc.dir/src/facts/external_resolvers_factory.cc.o] Error 1
make[3]: *** Waiting for unfinished jobs....
make[3]: Leaving directory '/<<PKGBUILDDIR>>/obj-x86_64-linux-gnu'
make[2]: *** [CMakeFiles/Makefile2:237: lib/CMakeFiles/libfactersrc.dir/all] Error 2
make[2]: Leaving directory '/<<PKGBUILDDIR>>/obj-x86_64-linux-gnu'
make[1]: *** [Makefile:163: all] Error 2
make[1]: Leaving directory '/<<PKGBUILDDIR>>/obj-x86_64-linux-gnu'
dh_auto_build: error: cd obj-x86_64-linux-gnu && make -j4 "INSTALL=install --strip-program=true" returned exit code 2
make: *** [debian/rules:10: build] Error 25
dpkg-buildpackage: error: debian/rules build subprocess returned exit status 2
--------------------------------------------------------------------------------
Build finished at 2020-10-29T19:24:15Z

Finished
--------


+------------------------------------------------------------------------------+
| Cleanup                                                                      |
+------------------------------------------------------------------------------+

Purging /<<BUILDDIR>>
Not cleaning session: cloned chroot in use
E: Build failure (dpkg-buildpackage died)

+------------------------------------------------------------------------------+
| Summary                                                                      |
+------------------------------------------------------------------------------+

Build Architecture: amd64
Build Type: binary
Build-Space: 14916
Build-Time: 20
Distribution: unstable
Fail-Stage: build
Host Architecture: amd64
Install-Time: 19
Job: facter_3.14.12-1
Machine Architecture: amd64
Package: facter
Package-Time: 57
Source-Version: 3.14.12-1
Space: 14916
Status: attempted
Version: 3.14.12-1
--------------------------------------------------------------------------------
Finished at 2020-10-29T19:24:15Z
Build needed 00:00:57, 14916k disk space
E: Build failure (dpkg-buildpackage died)
DC-Status: Failed 57.783916558s
DC-Time-Estimation: 57.783916558 versus expected 356 (r/m: 5.160883879213496 ; m: 57.783916558)
