DC-Build-Header: libdevel-cover-perl 1.36-1 / 2020-10-29 20:03:46 +0000
DC-Task: type:rebuild-binarch-only source:libdevel-cover-perl version:1.36-1 chroot:unstable esttime:47 logfile:/tmp/libdevel-cover-perl_1.36-1_unstable_clang11.log modes:clang11:binarch-only
DC-Sbuild-call: su user42 -c 'sbuild -n --arch-any --apt-update -d unstable -v --no-run-lintian --chroot-setup-commands=/tmp/clang11 libdevel-cover-perl_1.36-1'
sbuild (Debian sbuild) 0.78.1 (09 February 2019) on ip-172-31-14-224.eu-central-1.compute.internal

+==============================================================================+
| libdevel-cover-perl 1.36-1 (amd64)           Thu, 29 Oct 2020 20:03:46 +0000 |
+==============================================================================+

Package: libdevel-cover-perl
Version: 1.36-1
Source Version: 1.36-1
Distribution: unstable
Machine Architecture: amd64
Host Architecture: amd64
Build Architecture: amd64
Build Type: binary

I: NOTICE: Log filtering will replace 'var/run/schroot/mount/sid-amd64-sbuild-289b8ea7-d403-4ef0-8eef-2ddd6fb3a005' with '<<CHROOT>>'

+------------------------------------------------------------------------------+
| Chroot Setup Commands                                                        |
+------------------------------------------------------------------------------+


/tmp/clang11
------------

+ echo 'Entering customization script...'
Entering customization script...
+ CLANG_VERSION=10
+ echo 'Install of clang-10'
Install of clang-10
+ apt-get update
Get:1 http://127.0.0.1:12990/debian sid InRelease [146 kB]
Get:2 http://127.0.0.1:12990/debian sid/main Sources.diff/Index [734 B]
Ign:2 http://127.0.0.1:12990/debian sid/main Sources.diff/Index
Get:3 http://127.0.0.1:12990/debian sid/main amd64 Packages.diff/Index [734 B]
Ign:3 http://127.0.0.1:12990/debian sid/main amd64 Packages.diff/Index
Get:4 http://127.0.0.1:12990/debian sid/main Translation-en [6391 kB]
Get:5 http://127.0.0.1:12990/debian sid/main Sources [8989 kB]
Get:6 http://127.0.0.1:12990/debian sid/main amd64 Packages [8492 kB]
Fetched 24.0 MB in 3s (6929 kB/s)
Reading package lists...
+ apt-get install --yes --no-install-recommends --force-yes clang-10 libomp-10-dev libobjc-9-dev
Reading package lists...
Building dependency tree...
The following additional packages will be installed:
  lib32gcc-s1 lib32stdc++6 libasan5 libbsd0 libc6-i386 libclang-common-10-dev
  libclang-cpp10 libclang1-10 libedit2 libgc1 libgcc-9-dev libllvm10
  libobjc-10-dev libobjc4 libomp5-10 libz3-4
Suggested packages:
  clang-10-doc libomp-10-doc
Recommended packages:
  llvm-10-dev python3
The following NEW packages will be installed:
  clang-10 lib32gcc-s1 lib32stdc++6 libasan5 libbsd0 libc6-i386
  libclang-common-10-dev libclang-cpp10 libclang1-10 libedit2 libgc1
  libgcc-9-dev libllvm10 libobjc-10-dev libobjc-9-dev libobjc4 libomp-10-dev
  libomp5-10 libz3-4
0 upgraded, 19 newly installed, 0 to remove and 1 not upgraded.
Need to get 52.3 MB of archives.
After this operation, 274 MB of additional disk space will be used.
Get:1 http://127.0.0.1:12990/debian sid/main amd64 libbsd0 amd64 0.10.0-1 [107 kB]
Get:2 http://127.0.0.1:12990/debian sid/main amd64 libedit2 amd64 3.1-20191231-1 [95.4 kB]
Get:3 http://127.0.0.1:12990/debian sid/main amd64 libz3-4 amd64 4.8.9-1 [6783 kB]
Get:4 http://127.0.0.1:12990/debian sid/main amd64 libllvm10 amd64 1:10.0.1-7 [16.6 MB]
Get:5 http://127.0.0.1:12990/debian sid/main amd64 libclang-cpp10 amd64 1:10.0.1-7 [9069 kB]
Get:6 http://127.0.0.1:12990/debian sid/main amd64 libgc1 amd64 1:8.0.4-2.1 [239 kB]
Get:7 http://127.0.0.1:12990/debian sid/main amd64 libobjc4 amd64 10.2.0-15 [41.6 kB]
Get:8 http://127.0.0.1:12990/debian sid/main amd64 libobjc-10-dev amd64 10.2.0-15 [170 kB]
Get:9 http://127.0.0.1:12990/debian sid/main amd64 libc6-i386 amd64 2.31-4 [2815 kB]
Get:10 http://127.0.0.1:12990/debian sid/main amd64 lib32gcc-s1 amd64 10.2.0-15 [49.4 kB]
Get:11 http://127.0.0.1:12990/debian sid/main amd64 lib32stdc++6 amd64 10.2.0-15 [511 kB]
Get:12 http://127.0.0.1:12990/debian sid/main amd64 libclang-common-10-dev amd64 1:10.0.1-7 [5062 kB]
Get:13 http://127.0.0.1:12990/debian sid/main amd64 libclang1-10 amd64 1:10.0.1-7 [7293 kB]
Get:14 http://127.0.0.1:12990/debian sid/main amd64 clang-10 amd64 1:10.0.1-7 [106 kB]
Get:15 http://127.0.0.1:12990/debian sid/main amd64 libasan5 amd64 9.3.0-18 [390 kB]
Get:16 http://127.0.0.1:12990/debian sid/main amd64 libgcc-9-dev amd64 9.3.0-18 [2347 kB]
Get:17 http://127.0.0.1:12990/debian sid/main amd64 libobjc-9-dev amd64 9.3.0-18 [220 kB]
Get:18 http://127.0.0.1:12990/debian sid/main amd64 libomp5-10 amd64 1:10.0.1-7 [339 kB]
Get:19 http://127.0.0.1:12990/debian sid/main amd64 libomp-10-dev amd64 1:10.0.1-7 [86.6 kB]
debconf: delaying package configuration, since apt-utils is not installed
Fetched 52.3 MB in 0s (144 MB/s)
Selecting previously unselected package libbsd0:amd64.
(Reading database ... (Reading database ... 5%(Reading database ... 10%(Reading database ... 15%(Reading database ... 20%(Reading database ... 25%(Reading database ... 30%(Reading database ... 35%(Reading database ... 40%(Reading database ... 45%(Reading database ... 50%(Reading database ... 55%(Reading database ... 60%(Reading database ... 65%(Reading database ... 70%(Reading database ... 75%(Reading database ... 80%(Reading database ... 85%(Reading database ... 90%(Reading database ... 95%(Reading database ... 100%(Reading database ... 12312 files and directories currently installed.)
Preparing to unpack .../00-libbsd0_0.10.0-1_amd64.deb ...
Unpacking libbsd0:amd64 (0.10.0-1) ...
Selecting previously unselected package libedit2:amd64.
Preparing to unpack .../01-libedit2_3.1-20191231-1_amd64.deb ...
Unpacking libedit2:amd64 (3.1-20191231-1) ...
Selecting previously unselected package libz3-4:amd64.
Preparing to unpack .../02-libz3-4_4.8.9-1_amd64.deb ...
Unpacking libz3-4:amd64 (4.8.9-1) ...
Selecting previously unselected package libllvm10:amd64.
Preparing to unpack .../03-libllvm10_1%3a10.0.1-7_amd64.deb ...
Unpacking libllvm10:amd64 (1:10.0.1-7) ...
Selecting previously unselected package libclang-cpp10.
Preparing to unpack .../04-libclang-cpp10_1%3a10.0.1-7_amd64.deb ...
Unpacking libclang-cpp10 (1:10.0.1-7) ...
Selecting previously unselected package libgc1:amd64.
Preparing to unpack .../05-libgc1_1%3a8.0.4-2.1_amd64.deb ...
Unpacking libgc1:amd64 (1:8.0.4-2.1) ...
Selecting previously unselected package libobjc4:amd64.
Preparing to unpack .../06-libobjc4_10.2.0-15_amd64.deb ...
Unpacking libobjc4:amd64 (10.2.0-15) ...
Selecting previously unselected package libobjc-10-dev:amd64.
Preparing to unpack .../07-libobjc-10-dev_10.2.0-15_amd64.deb ...
Unpacking libobjc-10-dev:amd64 (10.2.0-15) ...
Selecting previously unselected package libc6-i386.
Preparing to unpack .../08-libc6-i386_2.31-4_amd64.deb ...
Unpacking libc6-i386 (2.31-4) ...
Selecting previously unselected package lib32gcc-s1.
Preparing to unpack .../09-lib32gcc-s1_10.2.0-15_amd64.deb ...
Unpacking lib32gcc-s1 (10.2.0-15) ...
Selecting previously unselected package lib32stdc++6.
Preparing to unpack .../10-lib32stdc++6_10.2.0-15_amd64.deb ...
Unpacking lib32stdc++6 (10.2.0-15) ...
Selecting previously unselected package libclang-common-10-dev.
Preparing to unpack .../11-libclang-common-10-dev_1%3a10.0.1-7_amd64.deb ...
Unpacking libclang-common-10-dev (1:10.0.1-7) ...
Selecting previously unselected package libclang1-10.
Preparing to unpack .../12-libclang1-10_1%3a10.0.1-7_amd64.deb ...
Unpacking libclang1-10 (1:10.0.1-7) ...
Selecting previously unselected package clang-10.
Preparing to unpack .../13-clang-10_1%3a10.0.1-7_amd64.deb ...
Unpacking clang-10 (1:10.0.1-7) ...
Selecting previously unselected package libasan5:amd64.
Preparing to unpack .../14-libasan5_9.3.0-18_amd64.deb ...
Unpacking libasan5:amd64 (9.3.0-18) ...
Selecting previously unselected package libgcc-9-dev:amd64.
Preparing to unpack .../15-libgcc-9-dev_9.3.0-18_amd64.deb ...
Unpacking libgcc-9-dev:amd64 (9.3.0-18) ...
Selecting previously unselected package libobjc-9-dev:amd64.
Preparing to unpack .../16-libobjc-9-dev_9.3.0-18_amd64.deb ...
Unpacking libobjc-9-dev:amd64 (9.3.0-18) ...
Selecting previously unselected package libomp5-10:amd64.
Preparing to unpack .../17-libomp5-10_1%3a10.0.1-7_amd64.deb ...
Unpacking libomp5-10:amd64 (1:10.0.1-7) ...
Selecting previously unselected package libomp-10-dev.
Preparing to unpack .../18-libomp-10-dev_1%3a10.0.1-7_amd64.deb ...
Unpacking libomp-10-dev (1:10.0.1-7) ...
Setting up libasan5:amd64 (9.3.0-18) ...
Setting up libz3-4:amd64 (4.8.9-1) ...
Setting up libgc1:amd64 (1:8.0.4-2.1) ...
Setting up libomp5-10:amd64 (1:10.0.1-7) ...
Setting up libc6-i386 (2.31-4) ...
Setting up libbsd0:amd64 (0.10.0-1) ...
Setting up libomp-10-dev (1:10.0.1-7) ...
Setting up libedit2:amd64 (3.1-20191231-1) ...
Setting up libobjc4:amd64 (10.2.0-15) ...
Setting up libllvm10:amd64 (1:10.0.1-7) ...
Setting up libgcc-9-dev:amd64 (9.3.0-18) ...
Setting up lib32gcc-s1 (10.2.0-15) ...
Setting up lib32stdc++6 (10.2.0-15) ...
Setting up libclang1-10 (1:10.0.1-7) ...
Setting up libobjc-9-dev:amd64 (9.3.0-18) ...
Setting up libobjc-10-dev:amd64 (10.2.0-15) ...
Setting up libclang-common-10-dev (1:10.0.1-7) ...
Setting up libclang-cpp10 (1:10.0.1-7) ...
Setting up clang-10 (1:10.0.1-7) ...
Processing triggers for libc-bin (2.31-4) ...
W: --force-yes is deprecated, use one of the options starting with --allow instead.
+ echo 'Replace gcc, g++ & cpp by clang'
Replace gcc, g++ & cpp by clang
+ VERSIONS='4.6 4.7 4.8 4.9 5 6 7 8 9 10'
+ cd /usr/bin
+ for VERSION in $VERSIONS
+ rm -f g++-4.6 gcc-4.6 cpp-4.6 gcc
+ ln -s clang++-10 g++-4.6
+ ln -s clang-10 gcc-4.6
+ ln -s clang-10 cpp-4.6
+ ln -s clang-10 gcc
+ echo 'gcc-4.6 hold'
+ dpkg --set-selections
dpkg: warning: package not in status nor available database at line 1: gcc-4.6
dpkg: warning: found unknown packages; this might mean the available database
is outdated, and needs to be updated through a frontend method;
please see the FAQ <https://wiki.debian.org/Teams/Dpkg/FAQ>
+ echo 'g++-4.6 hold'
+ dpkg --set-selections
dpkg: warning: package not in status nor available database at line 1: g++-4.6
dpkg: warning: found unknown packages; this might mean the available database
is outdated, and needs to be updated through a frontend method;
please see the FAQ <https://wiki.debian.org/Teams/Dpkg/FAQ>
+ for VERSION in $VERSIONS
+ rm -f g++-4.7 gcc-4.7 cpp-4.7 gcc
+ ln -s clang++-10 g++-4.7
+ ln -s clang-10 gcc-4.7
+ ln -s clang-10 cpp-4.7
+ ln -s clang-10 gcc
+ echo 'gcc-4.7 hold'
+ dpkg --set-selections
dpkg: warning: package not in status nor available database at line 1: gcc-4.7
dpkg: warning: found unknown packages; this might mean the available database
is outdated, and needs to be updated through a frontend method;
please see the FAQ <https://wiki.debian.org/Teams/Dpkg/FAQ>
+ echo 'g++-4.7 hold'
+ dpkg --set-selections
dpkg: warning: package not in status nor available database at line 1: g++-4.7
dpkg: warning: found unknown packages; this might mean the available database
is outdated, and needs to be updated through a frontend method;
please see the FAQ <https://wiki.debian.org/Teams/Dpkg/FAQ>
+ for VERSION in $VERSIONS
+ rm -f g++-4.8 gcc-4.8 cpp-4.8 gcc
+ ln -s clang++-10 g++-4.8
+ ln -s clang-10 gcc-4.8
+ ln -s clang-10 cpp-4.8
+ ln -s clang-10 gcc
+ echo 'gcc-4.8 hold'
+ dpkg --set-selections
dpkg: warning: package not in status nor available database at line 1: gcc-4.8
dpkg: warning: found unknown packages; this might mean the available database
is outdated, and needs to be updated through a frontend method;
please see the FAQ <https://wiki.debian.org/Teams/Dpkg/FAQ>
+ echo 'g++-4.8 hold'
+ dpkg --set-selections
dpkg: warning: package not in status nor available database at line 1: g++-4.8
dpkg: warning: found unknown packages; this might mean the available database
is outdated, and needs to be updated through a frontend method;
please see the FAQ <https://wiki.debian.org/Teams/Dpkg/FAQ>
+ for VERSION in $VERSIONS
+ rm -f g++-4.9 gcc-4.9 cpp-4.9 gcc
+ ln -s clang++-10 g++-4.9
+ ln -s clang-10 gcc-4.9
+ ln -s clang-10 cpp-4.9
+ ln -s clang-10 gcc
+ echo 'gcc-4.9 hold'
+ dpkg --set-selections
dpkg: warning: package not in status nor available database at line 1: gcc-4.9
dpkg: warning: found unknown packages; this might mean the available database
is outdated, and needs to be updated through a frontend method;
please see the FAQ <https://wiki.debian.org/Teams/Dpkg/FAQ>
+ echo 'g++-4.9 hold'
+ dpkg --set-selections
dpkg: warning: package not in status nor available database at line 1: g++-4.9
dpkg: warning: found unknown packages; this might mean the available database
is outdated, and needs to be updated through a frontend method;
please see the FAQ <https://wiki.debian.org/Teams/Dpkg/FAQ>
+ for VERSION in $VERSIONS
+ rm -f g++-5 gcc-5 cpp-5 gcc
+ ln -s clang++-10 g++-5
+ ln -s clang-10 gcc-5
+ ln -s clang-10 cpp-5
+ ln -s clang-10 gcc
+ echo 'gcc-5 hold'
+ dpkg --set-selections
dpkg: warning: package not in status nor available database at line 1: gcc-5
dpkg: warning: found unknown packages; this might mean the available database
is outdated, and needs to be updated through a frontend method;
please see the FAQ <https://wiki.debian.org/Teams/Dpkg/FAQ>
+ echo 'g++-5 hold'
+ dpkg --set-selections
dpkg: warning: package not in status nor available database at line 1: g++-5
dpkg: warning: found unknown packages; this might mean the available database
is outdated, and needs to be updated through a frontend method;
please see the FAQ <https://wiki.debian.org/Teams/Dpkg/FAQ>
+ for VERSION in $VERSIONS
+ rm -f g++-6 gcc-6 cpp-6 gcc
+ ln -s clang++-10 g++-6
+ ln -s clang-10 gcc-6
+ ln -s clang-10 cpp-6
+ ln -s clang-10 gcc
+ echo 'gcc-6 hold'
+ dpkg --set-selections
dpkg: warning: package not in status nor available database at line 1: gcc-6
dpkg: warning: found unknown packages; this might mean the available database
is outdated, and needs to be updated through a frontend method;
please see the FAQ <https://wiki.debian.org/Teams/Dpkg/FAQ>
+ echo 'g++-6 hold'
+ dpkg --set-selections
dpkg: warning: package not in status nor available database at line 1: g++-6
dpkg: warning: found unknown packages; this might mean the available database
is outdated, and needs to be updated through a frontend method;
please see the FAQ <https://wiki.debian.org/Teams/Dpkg/FAQ>
+ for VERSION in $VERSIONS
+ rm -f g++-7 gcc-7 cpp-7 gcc
+ ln -s clang++-10 g++-7
+ ln -s clang-10 gcc-7
+ ln -s clang-10 cpp-7
+ ln -s clang-10 gcc
+ echo 'gcc-7 hold'
+ dpkg --set-selections
dpkg: warning: package not in status nor available database at line 1: gcc-7
dpkg: warning: found unknown packages; this might mean the available database
is outdated, and needs to be updated through a frontend method;
please see the FAQ <https://wiki.debian.org/Teams/Dpkg/FAQ>
+ echo 'g++-7 hold'
+ dpkg --set-selections
dpkg: warning: package not in status nor available database at line 1: g++-7
dpkg: warning: found unknown packages; this might mean the available database
is outdated, and needs to be updated through a frontend method;
please see the FAQ <https://wiki.debian.org/Teams/Dpkg/FAQ>
+ for VERSION in $VERSIONS
+ rm -f g++-8 gcc-8 cpp-8 gcc
+ ln -s clang++-10 g++-8
+ ln -s clang-10 gcc-8
+ ln -s clang-10 cpp-8
+ ln -s clang-10 gcc
+ echo 'gcc-8 hold'
+ dpkg --set-selections
dpkg: warning: package not in status nor available database at line 1: gcc-8
dpkg: warning: found unknown packages; this might mean the available database
is outdated, and needs to be updated through a frontend method;
please see the FAQ <https://wiki.debian.org/Teams/Dpkg/FAQ>
+ echo 'g++-8 hold'
+ dpkg --set-selections
dpkg: warning: package not in status nor available database at line 1: g++-8
dpkg: warning: found unknown packages; this might mean the available database
is outdated, and needs to be updated through a frontend method;
please see the FAQ <https://wiki.debian.org/Teams/Dpkg/FAQ>
+ for VERSION in $VERSIONS
+ rm -f g++-9 gcc-9 cpp-9 gcc
+ ln -s clang++-10 g++-9
+ ln -s clang-10 gcc-9
+ ln -s clang-10 cpp-9
+ ln -s clang-10 gcc
+ echo 'gcc-9 hold'
+ dpkg --set-selections
dpkg: warning: package not in status nor available database at line 1: gcc-9
dpkg: warning: found unknown packages; this might mean the available database
is outdated, and needs to be updated through a frontend method;
please see the FAQ <https://wiki.debian.org/Teams/Dpkg/FAQ>
+ echo 'g++-9 hold'
+ dpkg --set-selections
dpkg: warning: package not in status nor available database at line 1: g++-9
dpkg: warning: found unknown packages; this might mean the available database
is outdated, and needs to be updated through a frontend method;
please see the FAQ <https://wiki.debian.org/Teams/Dpkg/FAQ>
+ for VERSION in $VERSIONS
+ rm -f g++-10 gcc-10 cpp-10 gcc
+ ln -s clang++-10 g++-10
+ ln -s clang-10 gcc-10
+ ln -s clang-10 cpp-10
+ ln -s clang-10 gcc
+ echo 'gcc-10 hold'
+ dpkg --set-selections
+ echo 'g++-10 hold'
+ dpkg --set-selections
+ cd -
/build/libdevel-cover-perl-jjRVRm
+ echo 'Check if gcc, g++ & cpp are actually clang'
Check if gcc, g++ & cpp are actually clang
+ gcc --version
+ grep clang
+ cpp --version
+ grep clang
+ g++ --version
+ grep clang
+ cd /usr/bin/
+ rm -f clang++ clang
+ ln -s clang-10 clang++
+ ln -s clang-10 clang
+ clang++ --version
Debian clang version 10.0.1-7
Target: x86_64-pc-linux-gnu
Thread model: posix
InstalledDir: /usr/bin
+ clang --version
Debian clang version 10.0.1-7
Target: x86_64-pc-linux-gnu
Thread model: posix
InstalledDir: /usr/bin
+ cd -
/build/libdevel-cover-perl-jjRVRm
+ apt install --yes --no-install-recommends --force-yes qt5-qmake

WARNING: apt does not have a stable CLI interface. Use with caution in scripts.

Reading package lists...
Building dependency tree...
Reading state information...
The following additional packages will be installed:
  qt5-qmake-bin qtchooser
The following NEW packages will be installed:
  qt5-qmake qt5-qmake-bin qtchooser
0 upgraded, 3 newly installed, 0 to remove and 1 not upgraded.
Need to get 1304 kB of archives.
After this operation, 4865 kB of additional disk space will be used.
Get:1 http://127.0.0.1:12990/debian sid/main amd64 qt5-qmake-bin amd64 5.14.2+dfsg-6 [1035 kB]
Get:2 http://127.0.0.1:12990/debian sid/main amd64 qtchooser amd64 66-2 [26.3 kB]
Get:3 http://127.0.0.1:12990/debian sid/main amd64 qt5-qmake amd64 5.14.2+dfsg-6 [242 kB]
debconf: delaying package configuration, since apt-utils is not installed
Fetched 1304 kB in 0s (22.6 MB/s)
Selecting previously unselected package qt5-qmake-bin.
(Reading database ... (Reading database ... 5%(Reading database ... 10%(Reading database ... 15%(Reading database ... 20%(Reading database ... 25%(Reading database ... 30%(Reading database ... 35%(Reading database ... 40%(Reading database ... 45%(Reading database ... 50%(Reading database ... 55%(Reading database ... 60%(Reading database ... 65%(Reading database ... 70%(Reading database ... 75%(Reading database ... 80%(Reading database ... 85%(Reading database ... 90%(Reading database ... 95%(Reading database ... 100%(Reading database ... 13315 files and directories currently installed.)
Preparing to unpack .../qt5-qmake-bin_5.14.2+dfsg-6_amd64.deb ...
Unpacking qt5-qmake-bin (5.14.2+dfsg-6) ...
Selecting previously unselected package qtchooser.
Preparing to unpack .../qtchooser_66-2_amd64.deb ...
Unpacking qtchooser (66-2) ...
Selecting previously unselected package qt5-qmake:amd64.
Preparing to unpack .../qt5-qmake_5.14.2+dfsg-6_amd64.deb ...
Unpacking qt5-qmake:amd64 (5.14.2+dfsg-6) ...
Setting up qt5-qmake-bin (5.14.2+dfsg-6) ...
Setting up qtchooser (66-2) ...
Setting up qt5-qmake:amd64 (5.14.2+dfsg-6) ...
W: --force-yes is deprecated, use one of the options starting with --allow instead.
+ cp /usr/lib/x86_64-linux-gnu/qt5/mkspecs/linux-clang/qmake.conf /usr/lib/x86_64-linux-gnu/qt5/mkspecs/linux-clang/qplatformdefs.h /usr/lib/x86_64-linux-gnu/qt5/mkspecs/linux-g++/
+ ls -al /usr/lib/x86_64-linux-gnu/qt5/mkspecs/linux-g++/
total 16
drwxr-xr-x  2 root root 4096 Oct 29 20:04 .
drwxr-xr-x 76 root root 4096 Oct 29 20:04 ..
-rw-r--r--  1 root root  276 Oct 29 20:04 qmake.conf
-rw-r--r--  1 root root 3218 Oct 29 20:04 qplatformdefs.h
+ cat /usr/lib/x86_64-linux-gnu/qt5/mkspecs/linux-g++/qmake.conf
#
# qmake configuration for linux-clang
#

MAKEFILE_GENERATOR = UNIX
CONFIG += incremental

QMAKE_INCREMENTAL_STYLE = sublib

include(../common/linux.conf)
include(../common/gcc-base-unix.conf)
include(../common/clang.conf)

QMAKE_LFLAGS += -ccc-gcc-name g++

load(qt_config)
+ export QMAKESPEC=/usr/lib/x86_64-linux-gnu/qt5/mkspecs/linux-clang/
+ QMAKESPEC=/usr/lib/x86_64-linux-gnu/qt5/mkspecs/linux-clang/
+ sed -i -e 's|compare_problem(2,|compare_problem(0,|g' /usr/bin/dpkg-gensymbols
+ sed -i -e 's|compare_problem(1,|compare_problem(0,|g' /usr/bin/dpkg-gensymbols
+ grep 'compare_problem(' /usr/bin/dpkg-gensymbols
        compare_problem(4, g_('new libraries appeared in the symbols file: %s'), "@libs");
        compare_problem(3, g_('some libraries disappeared in the symbols file: %s'), "@libs");
        compare_problem(0, g_('some new symbols appeared in the symbols file: %s'),
        compare_problem(0, g_('some symbols or patterns disappeared in the symbols file: %s'),

I: Finished running '/tmp/clang11'.

Finished processing commands.
--------------------------------------------------------------------------------
I: NOTICE: Log filtering will replace 'build/libdevel-cover-perl-jjRVRm/resolver-Ncg5mY' with '<<RESOLVERDIR>>'

+------------------------------------------------------------------------------+
| Update chroot                                                                |
+------------------------------------------------------------------------------+

Hit:1 http://127.0.0.1:12990/debian sid InRelease
Reading package lists...
Reading package lists...
Building dependency tree...
Reading state information...
Calculating upgrade...
The following packages will be upgraded:
  libdebconfclient0
1 upgraded, 0 newly installed, 0 to remove and 0 not upgraded.
Need to get 49.6 kB of archives.
After this operation, 0 B of additional disk space will be used.
Get:1 http://127.0.0.1:12990/debian sid/main amd64 libdebconfclient0 amd64 0.255 [49.6 kB]
debconf: delaying package configuration, since apt-utils is not installed
Fetched 49.6 kB in 0s (3638 kB/s)
(Reading database ... (Reading database ... 5%(Reading database ... 10%(Reading database ... 15%(Reading database ... 20%(Reading database ... 25%(Reading database ... 30%(Reading database ... 35%(Reading database ... 40%(Reading database ... 45%(Reading database ... 50%(Reading database ... 55%(Reading database ... 60%(Reading database ... 65%(Reading database ... 70%(Reading database ... 75%(Reading database ... 80%(Reading database ... 85%(Reading database ... 90%(Reading database ... 95%(Reading database ... 100%(Reading database ... 14056 files and directories currently installed.)
Preparing to unpack .../libdebconfclient0_0.255_amd64.deb ...
Unpacking libdebconfclient0:amd64 (0.255) over (0.254) ...
Setting up libdebconfclient0:amd64 (0.255) ...
Processing triggers for libc-bin (2.31-4) ...

+------------------------------------------------------------------------------+
| Fetch source files                                                           |
+------------------------------------------------------------------------------+


Check APT
---------

Checking available source versions...

Download source files with APT
------------------------------

Reading package lists...
NOTICE: 'libdevel-cover-perl' packaging is maintained in the 'Git' version control system at:
https://salsa.debian.org/perl-team/modules/packages/libdevel-cover-perl.git
Please use:
git clone https://salsa.debian.org/perl-team/modules/packages/libdevel-cover-perl.git
to retrieve the latest (possibly unreleased) updates to the package.
Need to get 215 kB of source archives.
Get:1 http://127.0.0.1:12990/debian sid/main libdevel-cover-perl 1.36-1 (dsc) [2514 B]
Get:2 http://127.0.0.1:12990/debian sid/main libdevel-cover-perl 1.36-1 (tar) [205 kB]
Get:3 http://127.0.0.1:12990/debian sid/main libdevel-cover-perl 1.36-1 (diff) [7548 B]
Fetched 215 kB in 0s (2657 kB/s)
Download complete and in download only mode
I: NOTICE: Log filtering will replace 'build/libdevel-cover-perl-jjRVRm/libdevel-cover-perl-1.36' with '<<PKGBUILDDIR>>'
I: NOTICE: Log filtering will replace 'build/libdevel-cover-perl-jjRVRm' with '<<BUILDDIR>>'

+------------------------------------------------------------------------------+
| Install package build dependencies                                           |
+------------------------------------------------------------------------------+


Setup apt archive
-----------------

Merged Build-Depends: debhelper-compat (= 13), libb-debug-perl | perl (<< 5.27.3), libdbm-deep-perl, libhtml-parser-perl, libmoo-perl, libmoose-perl, libpod-coverage-perl, libppi-html-perl | perltidy, libreadonly-perl, libtemplate-perl, libtest-differences-perl, perl-xs-dev, perl, build-essential, fakeroot
Filtered Build-Depends: debhelper-compat (= 13), libb-debug-perl, libdbm-deep-perl, libhtml-parser-perl, libmoo-perl, libmoose-perl, libpod-coverage-perl, libppi-html-perl, libreadonly-perl, libtemplate-perl, libtest-differences-perl, perl-xs-dev, perl, build-essential, fakeroot
dpkg-deb: building package 'sbuild-build-depends-main-dummy' in '/<<RESOLVERDIR>>/apt_archive/sbuild-build-depends-main-dummy.deb'.
Ign:1 copy:/<<RESOLVERDIR>>/apt_archive ./ InRelease
Get:2 copy:/<<RESOLVERDIR>>/apt_archive ./ Release [957 B]
Ign:3 copy:/<<RESOLVERDIR>>/apt_archive ./ Release.gpg
Get:4 copy:/<<RESOLVERDIR>>/apt_archive ./ Sources [484 B]
Get:5 copy:/<<RESOLVERDIR>>/apt_archive ./ Packages [540 B]
Fetched 1981 B in 0s (0 B/s)
Reading package lists...
Reading package lists...

Install main build dependencies (apt-based resolver)
----------------------------------------------------

Installing build dependencies
Reading package lists...
Building dependency tree...
Reading state information...
The following additional packages will be installed:
  autoconf automake autopoint autotools-dev bsdextrautils debhelper
  dh-autoreconf dh-strip-nondeterminism dwz file gettext gettext-base
  groff-base intltool-debian libalgorithm-c3-perl libalgorithm-diff-perl
  libappconfig-perl libarchive-zip-perl libb-debug-perl
  libb-hooks-op-check-perl libcapture-tiny-perl libclass-c3-perl
  libclass-load-perl libclass-load-xs-perl libclass-method-modifiers-perl
  libclone-perl libcroco3 libcss-tiny-perl libdata-optlist-perl
  libdbm-deep-perl libdebhelper-perl libdevel-callchecker-perl
  libdevel-globaldestruction-perl libdevel-overloadinfo-perl
  libdevel-stacktrace-perl libdevel-symdump-perl libdist-checkconflicts-perl
  libdynaloader-functions-perl libelf1 libeval-closure-perl
  libexporter-tiny-perl libfile-slurp-perl libfile-stripnondeterminism-perl
  libglib2.0-0 libhtml-parser-perl libhtml-tagset-perl libicu67
  libimport-into-perl libio-string-perl liblist-moreutils-perl libmagic-mgc
  libmagic1 libmodule-implementation-perl libmodule-runtime-conflicts-perl
  libmodule-runtime-perl libmoo-perl libmoose-perl libmro-compat-perl
  libpackage-deprecationmanager-perl libpackage-stash-perl
  libpackage-stash-xs-perl libparams-classify-perl libparams-util-perl
  libperl-dev libpipeline1 libpod-coverage-perl libppi-html-perl libppi-perl
  libreadonly-perl librole-tiny-perl libsigsegv2 libstrictures-perl
  libsub-exporter-perl libsub-exporter-progressive-perl libsub-identify-perl
  libsub-install-perl libsub-name-perl libsub-override-perl libsub-quote-perl
  libtask-weaken-perl libtemplate-perl libtest-differences-perl
  libtext-diff-perl libtool libtry-tiny-perl libuchardet0 liburi-perl libxml2
  m4 man-db po-debconf sensible-utils
Suggested packages:
  autoconf-archive gnu-standards autoconf-doc dh-make gettext-doc
  libasprintf-dev libgettextpo-dev groff libdbi-perl libdbd-sqlite3-perl
  | libdbd-mysql-perl libdata-dump-perl libscalar-number-perl
  libbareword-filehandles-perl libindirect-perl libmultidimensional-perl
  libtemplate-plugin-gd-perl libtemplate-plugin-xml-perl libtool-doc gfortran
  | fortran95-compiler gcj-jdk libwww-perl m4-doc apparmor less www-browser
  libmail-box-perl
Recommended packages:
  curl | wget | lynx libalgorithm-diff-xs-perl libclass-c3-xs-perl
  libdevel-lexalias-perl libarchive-cpio-perl libglib2.0-data shared-mime-info
  xdg-user-dirs libhttp-message-perl libclass-xsaccessor-perl
  libnamespace-clean-perl libdevel-partialdump-perl libltdl-dev
  libmail-sendmail-perl
The following NEW packages will be installed:
  autoconf automake autopoint autotools-dev bsdextrautils debhelper
  dh-autoreconf dh-strip-nondeterminism dwz file gettext gettext-base
  groff-base intltool-debian libalgorithm-c3-perl libalgorithm-diff-perl
  libappconfig-perl libarchive-zip-perl libb-debug-perl
  libb-hooks-op-check-perl libcapture-tiny-perl libclass-c3-perl
  libclass-load-perl libclass-load-xs-perl libclass-method-modifiers-perl
  libclone-perl libcroco3 libcss-tiny-perl libdata-optlist-perl
  libdbm-deep-perl libdebhelper-perl libdevel-callchecker-perl
  libdevel-globaldestruction-perl libdevel-overloadinfo-perl
  libdevel-stacktrace-perl libdevel-symdump-perl libdist-checkconflicts-perl
  libdynaloader-functions-perl libelf1 libeval-closure-perl
  libexporter-tiny-perl libfile-slurp-perl libfile-stripnondeterminism-perl
  libglib2.0-0 libhtml-parser-perl libhtml-tagset-perl libicu67
  libimport-into-perl libio-string-perl liblist-moreutils-perl libmagic-mgc
  libmagic1 libmodule-implementation-perl libmodule-runtime-conflicts-perl
  libmodule-runtime-perl libmoo-perl libmoose-perl libmro-compat-perl
  libpackage-deprecationmanager-perl libpackage-stash-perl
  libpackage-stash-xs-perl libparams-classify-perl libparams-util-perl
  libperl-dev libpipeline1 libpod-coverage-perl libppi-html-perl libppi-perl
  libreadonly-perl librole-tiny-perl libsigsegv2 libstrictures-perl
  libsub-exporter-perl libsub-exporter-progressive-perl libsub-identify-perl
  libsub-install-perl libsub-name-perl libsub-override-perl libsub-quote-perl
  libtask-weaken-perl libtemplate-perl libtest-differences-perl
  libtext-diff-perl libtool libtry-tiny-perl libuchardet0 liburi-perl libxml2
  m4 man-db po-debconf sbuild-build-depends-main-dummy sensible-utils
0 upgraded, 93 newly installed, 0 to remove and 0 not upgraded.
Need to get 23.7 MB of archives.
After this operation, 85.3 MB of additional disk space will be used.
Get:1 copy:/<<RESOLVERDIR>>/apt_archive ./ sbuild-build-depends-main-dummy 0.invalid.0 [964 B]
Get:2 http://127.0.0.1:12990/debian sid/main amd64 bsdextrautils amd64 2.36-3+b1 [140 kB]
Get:3 http://127.0.0.1:12990/debian sid/main amd64 libuchardet0 amd64 0.0.7-1 [67.8 kB]
Get:4 http://127.0.0.1:12990/debian sid/main amd64 groff-base amd64 1.22.4-5 [920 kB]
Get:5 http://127.0.0.1:12990/debian sid/main amd64 libpipeline1 amd64 1.5.3-1 [34.3 kB]
Get:6 http://127.0.0.1:12990/debian sid/main amd64 man-db amd64 2.9.3-2 [1314 kB]
Get:7 http://127.0.0.1:12990/debian sid/main amd64 sensible-utils all 0.0.12+nmu1 [16.0 kB]
Get:8 http://127.0.0.1:12990/debian sid/main amd64 libmagic-mgc amd64 1:5.38-5 [262 kB]
Get:9 http://127.0.0.1:12990/debian sid/main amd64 libmagic1 amd64 1:5.38-5 [120 kB]
Get:10 http://127.0.0.1:12990/debian sid/main amd64 file amd64 1:5.38-5 [67.9 kB]
Get:11 http://127.0.0.1:12990/debian sid/main amd64 gettext-base amd64 0.19.8.1-10 [123 kB]
Get:12 http://127.0.0.1:12990/debian sid/main amd64 libsigsegv2 amd64 2.12-2 [32.8 kB]
Get:13 http://127.0.0.1:12990/debian sid/main amd64 m4 amd64 1.4.18-4 [203 kB]
Get:14 http://127.0.0.1:12990/debian sid/main amd64 autoconf all 2.69-11.1 [341 kB]
Get:15 http://127.0.0.1:12990/debian sid/main amd64 autotools-dev all 20180224.1 [77.0 kB]
Get:16 http://127.0.0.1:12990/debian sid/main amd64 automake all 1:1.16.2-4 [801 kB]
Get:17 http://127.0.0.1:12990/debian sid/main amd64 autopoint all 0.19.8.1-10 [435 kB]
Get:18 http://127.0.0.1:12990/debian sid/main amd64 libtool all 2.4.6-14 [513 kB]
Get:19 http://127.0.0.1:12990/debian sid/main amd64 dh-autoreconf all 19 [16.9 kB]
Get:20 http://127.0.0.1:12990/debian sid/main amd64 libdebhelper-perl all 13.2.1 [188 kB]
Get:21 http://127.0.0.1:12990/debian sid/main amd64 libarchive-zip-perl all 1.68-1 [104 kB]
Get:22 http://127.0.0.1:12990/debian sid/main amd64 libsub-override-perl all 0.09-2 [10.2 kB]
Get:23 http://127.0.0.1:12990/debian sid/main amd64 libfile-stripnondeterminism-perl all 1.9.0-1 [25.5 kB]
Get:24 http://127.0.0.1:12990/debian sid/main amd64 dh-strip-nondeterminism all 1.9.0-1 [15.2 kB]
Get:25 http://127.0.0.1:12990/debian sid/main amd64 libelf1 amd64 0.181-1 [164 kB]
Get:26 http://127.0.0.1:12990/debian sid/main amd64 dwz amd64 0.13-5 [151 kB]
Get:27 http://127.0.0.1:12990/debian sid/main amd64 libglib2.0-0 amd64 2.66.1-2 [1362 kB]
Get:28 http://127.0.0.1:12990/debian sid/main amd64 libicu67 amd64 67.1-4 [8624 kB]
Get:29 http://127.0.0.1:12990/debian sid/main amd64 libxml2 amd64 2.9.10+dfsg-6.1 [692 kB]
Get:30 http://127.0.0.1:12990/debian sid/main amd64 libcroco3 amd64 0.6.13-1 [146 kB]
Get:31 http://127.0.0.1:12990/debian sid/main amd64 gettext amd64 0.19.8.1-10 [1303 kB]
Get:32 http://127.0.0.1:12990/debian sid/main amd64 intltool-debian all 0.35.0+20060710.5 [26.8 kB]
Get:33 http://127.0.0.1:12990/debian sid/main amd64 po-debconf all 1.0.21 [248 kB]
Get:34 http://127.0.0.1:12990/debian sid/main amd64 debhelper all 13.2.1 [1007 kB]
Get:35 http://127.0.0.1:12990/debian sid/main amd64 libalgorithm-c3-perl all 0.10-1 [12.0 kB]
Get:36 http://127.0.0.1:12990/debian sid/main amd64 libalgorithm-diff-perl all 1.200-1 [43.1 kB]
Get:37 http://127.0.0.1:12990/debian sid/main amd64 libappconfig-perl all 1.71-2 [67.2 kB]
Get:38 http://127.0.0.1:12990/debian sid/main amd64 libb-debug-perl all 1.26-2 [11.4 kB]
Get:39 http://127.0.0.1:12990/debian sid/main amd64 libb-hooks-op-check-perl amd64 0.22-1+b2 [11.3 kB]
Get:40 http://127.0.0.1:12990/debian sid/main amd64 libcapture-tiny-perl all 0.48-1 [26.0 kB]
Get:41 http://127.0.0.1:12990/debian sid/main amd64 libclass-c3-perl all 0.34-1 [22.4 kB]
Get:42 http://127.0.0.1:12990/debian sid/main amd64 libparams-util-perl amd64 1.101-1 [25.3 kB]
Get:43 http://127.0.0.1:12990/debian sid/main amd64 libsub-install-perl all 0.928-1 [11.4 kB]
Get:44 http://127.0.0.1:12990/debian sid/main amd64 libdata-optlist-perl all 0.110-1 [10.6 kB]
Get:45 http://127.0.0.1:12990/debian sid/main amd64 libdynaloader-functions-perl all 0.003-1 [12.6 kB]
Get:46 http://127.0.0.1:12990/debian sid/main amd64 libdevel-callchecker-perl amd64 0.008-1+b1 [15.9 kB]
Get:47 http://127.0.0.1:12990/debian sid/main amd64 libparams-classify-perl amd64 0.015-1+b2 [25.6 kB]
Get:48 http://127.0.0.1:12990/debian sid/main amd64 libmodule-runtime-perl all 0.016-1 [19.4 kB]
Get:49 http://127.0.0.1:12990/debian sid/main amd64 libtry-tiny-perl all 0.30-1 [23.3 kB]
Get:50 http://127.0.0.1:12990/debian sid/main amd64 libmodule-implementation-perl all 0.09-1 [12.9 kB]
Get:51 http://127.0.0.1:12990/debian sid/main amd64 libpackage-stash-perl all 0.38-1 [21.7 kB]
Get:52 http://127.0.0.1:12990/debian sid/main amd64 libclass-load-perl all 0.25-1 [16.1 kB]
Get:53 http://127.0.0.1:12990/debian sid/main amd64 libclass-load-xs-perl amd64 0.10-1+b4 [14.8 kB]
Get:54 http://127.0.0.1:12990/debian sid/main amd64 libclass-method-modifiers-perl all 2.13-1 [19.2 kB]
Get:55 http://127.0.0.1:12990/debian sid/main amd64 libclone-perl amd64 0.45-1 [15.1 kB]
Get:56 http://127.0.0.1:12990/debian sid/main amd64 libcss-tiny-perl all 1.20-1 [12.5 kB]
Get:57 http://127.0.0.1:12990/debian sid/main amd64 libdbm-deep-perl all 2.0016-1 [115 kB]
Get:58 http://127.0.0.1:12990/debian sid/main amd64 libsub-exporter-progressive-perl all 0.001013-1 [7588 B]
Get:59 http://127.0.0.1:12990/debian sid/main amd64 libdevel-globaldestruction-perl all 0.14-1 [8084 B]
Get:60 http://127.0.0.1:12990/debian sid/main amd64 libmro-compat-perl all 0.13-1 [12.2 kB]
Get:61 http://127.0.0.1:12990/debian sid/main amd64 libsub-identify-perl amd64 0.14-1+b2 [12.0 kB]
Get:62 http://127.0.0.1:12990/debian sid/main amd64 libdevel-overloadinfo-perl all 0.005-1 [7212 B]
Get:63 http://127.0.0.1:12990/debian sid/main amd64 libdevel-stacktrace-perl all 2.0400-1 [28.6 kB]
Get:64 http://127.0.0.1:12990/debian sid/main amd64 libdevel-symdump-perl all 2.18-3 [17.3 kB]
Get:65 http://127.0.0.1:12990/debian sid/main amd64 libdist-checkconflicts-perl all 0.11-1 [10.8 kB]
Get:66 http://127.0.0.1:12990/debian sid/main amd64 libsub-exporter-perl all 0.987-1 [47.2 kB]
Get:67 http://127.0.0.1:12990/debian sid/main amd64 libeval-closure-perl all 0.14-1 [11.5 kB]
Get:68 http://127.0.0.1:12990/debian sid/main amd64 libexporter-tiny-perl all 1.002002-1 [37.8 kB]
Get:69 http://127.0.0.1:12990/debian sid/main amd64 libfile-slurp-perl all 9999.32-1 [28.1 kB]
Get:70 http://127.0.0.1:12990/debian sid/main amd64 libhtml-tagset-perl all 3.20-4 [13.0 kB]
Get:71 http://127.0.0.1:12990/debian sid/main amd64 liburi-perl all 5.05-1 [90.3 kB]
Get:72 http://127.0.0.1:12990/debian sid/main amd64 libhtml-parser-perl amd64 3.75-1 [105 kB]
Get:73 http://127.0.0.1:12990/debian sid/main amd64 libimport-into-perl all 1.002005-1 [11.6 kB]
Get:74 http://127.0.0.1:12990/debian sid/main amd64 libio-string-perl all 1.08-3 [12.3 kB]
Get:75 http://127.0.0.1:12990/debian sid/main amd64 liblist-moreutils-perl amd64 0.416-1+b5 [63.6 kB]
Get:76 http://127.0.0.1:12990/debian sid/main amd64 libmodule-runtime-conflicts-perl all 0.003-1 [6882 B]
Get:77 http://127.0.0.1:12990/debian sid/main amd64 librole-tiny-perl all 2.001004-1 [20.8 kB]
Get:78 http://127.0.0.1:12990/debian sid/main amd64 libstrictures-perl all 2.000006-1 [18.6 kB]
Get:79 http://127.0.0.1:12990/debian sid/main amd64 libsub-quote-perl all 2.006006-1 [21.0 kB]
Get:80 http://127.0.0.1:12990/debian sid/main amd64 libmoo-perl all 2.004000-1 [59.4 kB]
Get:81 http://127.0.0.1:12990/debian sid/main amd64 libsub-name-perl amd64 0.26-1 [13.5 kB]
Get:82 http://127.0.0.1:12990/debian sid/main amd64 libpackage-deprecationmanager-perl all 0.17-1 [16.4 kB]
Get:83 http://127.0.0.1:12990/debian sid/main amd64 libpackage-stash-xs-perl amd64 0.29-1+b1 [20.2 kB]
Get:84 http://127.0.0.1:12990/debian sid/main amd64 libmoose-perl amd64 2.2013-1 [804 kB]
Get:85 http://127.0.0.1:12990/debian sid/main amd64 libperl-dev amd64 5.30.3-4 [1034 kB]
Get:86 http://127.0.0.1:12990/debian sid/main amd64 libpod-coverage-perl all 0.23-2 [22.1 kB]
Get:87 http://127.0.0.1:12990/debian sid/main amd64 libtask-weaken-perl all 1.06-1 [9252 B]
Get:88 http://127.0.0.1:12990/debian sid/main amd64 libppi-perl all 1.270-1 [317 kB]
Get:89 http://127.0.0.1:12990/debian sid/main amd64 libppi-html-perl all 1.08-2 [14.7 kB]
Get:90 http://127.0.0.1:12990/debian sid/main amd64 libreadonly-perl all 2.050-2 [23.0 kB]
Get:91 http://127.0.0.1:12990/debian sid/main amd64 libtemplate-perl amd64 2.27-1+b2 [566 kB]
Get:92 http://127.0.0.1:12990/debian sid/main amd64 libtext-diff-perl all 1.45-1 [27.7 kB]
Get:93 http://127.0.0.1:12990/debian sid/main amd64 libtest-differences-perl all 0.67-1 [18.7 kB]
debconf: delaying package configuration, since apt-utils is not installed
Fetched 23.7 MB in 0s (50.3 MB/s)
Selecting previously unselected package bsdextrautils.
(Reading database ... 14056 files and directories currently installed.)
Preparing to unpack .../00-bsdextrautils_2.36-3+b1_amd64.deb ...
Unpacking bsdextrautils (2.36-3+b1) ...
Selecting previously unselected package libuchardet0:amd64.
Preparing to unpack .../01-libuchardet0_0.0.7-1_amd64.deb ...
Unpacking libuchardet0:amd64 (0.0.7-1) ...
Selecting previously unselected package groff-base.
Preparing to unpack .../02-groff-base_1.22.4-5_amd64.deb ...
Unpacking groff-base (1.22.4-5) ...
Selecting previously unselected package libpipeline1:amd64.
Preparing to unpack .../03-libpipeline1_1.5.3-1_amd64.deb ...
Unpacking libpipeline1:amd64 (1.5.3-1) ...
Selecting previously unselected package man-db.
Preparing to unpack .../04-man-db_2.9.3-2_amd64.deb ...
Unpacking man-db (2.9.3-2) ...
Selecting previously unselected package sensible-utils.
Preparing to unpack .../05-sensible-utils_0.0.12+nmu1_all.deb ...
Unpacking sensible-utils (0.0.12+nmu1) ...
Selecting previously unselected package libmagic-mgc.
Preparing to unpack .../06-libmagic-mgc_1%3a5.38-5_amd64.deb ...
Unpacking libmagic-mgc (1:5.38-5) ...
Selecting previously unselected package libmagic1:amd64.
Preparing to unpack .../07-libmagic1_1%3a5.38-5_amd64.deb ...
Unpacking libmagic1:amd64 (1:5.38-5) ...
Selecting previously unselected package file.
Preparing to unpack .../08-file_1%3a5.38-5_amd64.deb ...
Unpacking file (1:5.38-5) ...
Selecting previously unselected package gettext-base.
Preparing to unpack .../09-gettext-base_0.19.8.1-10_amd64.deb ...
Unpacking gettext-base (0.19.8.1-10) ...
Selecting previously unselected package libsigsegv2:amd64.
Preparing to unpack .../10-libsigsegv2_2.12-2_amd64.deb ...
Unpacking libsigsegv2:amd64 (2.12-2) ...
Selecting previously unselected package m4.
Preparing to unpack .../11-m4_1.4.18-4_amd64.deb ...
Unpacking m4 (1.4.18-4) ...
Selecting previously unselected package autoconf.
Preparing to unpack .../12-autoconf_2.69-11.1_all.deb ...
Unpacking autoconf (2.69-11.1) ...
Selecting previously unselected package autotools-dev.
Preparing to unpack .../13-autotools-dev_20180224.1_all.deb ...
Unpacking autotools-dev (20180224.1) ...
Selecting previously unselected package automake.
Preparing to unpack .../14-automake_1%3a1.16.2-4_all.deb ...
Unpacking automake (1:1.16.2-4) ...
Selecting previously unselected package autopoint.
Preparing to unpack .../15-autopoint_0.19.8.1-10_all.deb ...
Unpacking autopoint (0.19.8.1-10) ...
Selecting previously unselected package libtool.
Preparing to unpack .../16-libtool_2.4.6-14_all.deb ...
Unpacking libtool (2.4.6-14) ...
Selecting previously unselected package dh-autoreconf.
Preparing to unpack .../17-dh-autoreconf_19_all.deb ...
Unpacking dh-autoreconf (19) ...
Selecting previously unselected package libdebhelper-perl.
Preparing to unpack .../18-libdebhelper-perl_13.2.1_all.deb ...
Unpacking libdebhelper-perl (13.2.1) ...
Selecting previously unselected package libarchive-zip-perl.
Preparing to unpack .../19-libarchive-zip-perl_1.68-1_all.deb ...
Unpacking libarchive-zip-perl (1.68-1) ...
Selecting previously unselected package libsub-override-perl.
Preparing to unpack .../20-libsub-override-perl_0.09-2_all.deb ...
Unpacking libsub-override-perl (0.09-2) ...
Selecting previously unselected package libfile-stripnondeterminism-perl.
Preparing to unpack .../21-libfile-stripnondeterminism-perl_1.9.0-1_all.deb ...
Unpacking libfile-stripnondeterminism-perl (1.9.0-1) ...
Selecting previously unselected package dh-strip-nondeterminism.
Preparing to unpack .../22-dh-strip-nondeterminism_1.9.0-1_all.deb ...
Unpacking dh-strip-nondeterminism (1.9.0-1) ...
Selecting previously unselected package libelf1:amd64.
Preparing to unpack .../23-libelf1_0.181-1_amd64.deb ...
Unpacking libelf1:amd64 (0.181-1) ...
Selecting previously unselected package dwz.
Preparing to unpack .../24-dwz_0.13-5_amd64.deb ...
Unpacking dwz (0.13-5) ...
Selecting previously unselected package libglib2.0-0:amd64.
Preparing to unpack .../25-libglib2.0-0_2.66.1-2_amd64.deb ...
Unpacking libglib2.0-0:amd64 (2.66.1-2) ...
Selecting previously unselected package libicu67:amd64.
Preparing to unpack .../26-libicu67_67.1-4_amd64.deb ...
Unpacking libicu67:amd64 (67.1-4) ...
Selecting previously unselected package libxml2:amd64.
Preparing to unpack .../27-libxml2_2.9.10+dfsg-6.1_amd64.deb ...
Unpacking libxml2:amd64 (2.9.10+dfsg-6.1) ...
Selecting previously unselected package libcroco3:amd64.
Preparing to unpack .../28-libcroco3_0.6.13-1_amd64.deb ...
Unpacking libcroco3:amd64 (0.6.13-1) ...
Selecting previously unselected package gettext.
Preparing to unpack .../29-gettext_0.19.8.1-10_amd64.deb ...
Unpacking gettext (0.19.8.1-10) ...
Selecting previously unselected package intltool-debian.
Preparing to unpack .../30-intltool-debian_0.35.0+20060710.5_all.deb ...
Unpacking intltool-debian (0.35.0+20060710.5) ...
Selecting previously unselected package po-debconf.
Preparing to unpack .../31-po-debconf_1.0.21_all.deb ...
Unpacking po-debconf (1.0.21) ...
Selecting previously unselected package debhelper.
Preparing to unpack .../32-debhelper_13.2.1_all.deb ...
Unpacking debhelper (13.2.1) ...
Selecting previously unselected package libalgorithm-c3-perl.
Preparing to unpack .../33-libalgorithm-c3-perl_0.10-1_all.deb ...
Unpacking libalgorithm-c3-perl (0.10-1) ...
Selecting previously unselected package libalgorithm-diff-perl.
Preparing to unpack .../34-libalgorithm-diff-perl_1.200-1_all.deb ...
Unpacking libalgorithm-diff-perl (1.200-1) ...
Selecting previously unselected package libappconfig-perl.
Preparing to unpack .../35-libappconfig-perl_1.71-2_all.deb ...
Unpacking libappconfig-perl (1.71-2) ...
Selecting previously unselected package libb-debug-perl.
Preparing to unpack .../36-libb-debug-perl_1.26-2_all.deb ...
Unpacking libb-debug-perl (1.26-2) ...
Selecting previously unselected package libb-hooks-op-check-perl.
Preparing to unpack .../37-libb-hooks-op-check-perl_0.22-1+b2_amd64.deb ...
Unpacking libb-hooks-op-check-perl (0.22-1+b2) ...
Selecting previously unselected package libcapture-tiny-perl.
Preparing to unpack .../38-libcapture-tiny-perl_0.48-1_all.deb ...
Unpacking libcapture-tiny-perl (0.48-1) ...
Selecting previously unselected package libclass-c3-perl.
Preparing to unpack .../39-libclass-c3-perl_0.34-1_all.deb ...
Unpacking libclass-c3-perl (0.34-1) ...
Selecting previously unselected package libparams-util-perl.
Preparing to unpack .../40-libparams-util-perl_1.101-1_amd64.deb ...
Unpacking libparams-util-perl (1.101-1) ...
Selecting previously unselected package libsub-install-perl.
Preparing to unpack .../41-libsub-install-perl_0.928-1_all.deb ...
Unpacking libsub-install-perl (0.928-1) ...
Selecting previously unselected package libdata-optlist-perl.
Preparing to unpack .../42-libdata-optlist-perl_0.110-1_all.deb ...
Unpacking libdata-optlist-perl (0.110-1) ...
Selecting previously unselected package libdynaloader-functions-perl.
Preparing to unpack .../43-libdynaloader-functions-perl_0.003-1_all.deb ...
Unpacking libdynaloader-functions-perl (0.003-1) ...
Selecting previously unselected package libdevel-callchecker-perl.
Preparing to unpack .../44-libdevel-callchecker-perl_0.008-1+b1_amd64.deb ...
Unpacking libdevel-callchecker-perl (0.008-1+b1) ...
Selecting previously unselected package libparams-classify-perl.
Preparing to unpack .../45-libparams-classify-perl_0.015-1+b2_amd64.deb ...
Unpacking libparams-classify-perl (0.015-1+b2) ...
Selecting previously unselected package libmodule-runtime-perl.
Preparing to unpack .../46-libmodule-runtime-perl_0.016-1_all.deb ...
Unpacking libmodule-runtime-perl (0.016-1) ...
Selecting previously unselected package libtry-tiny-perl.
Preparing to unpack .../47-libtry-tiny-perl_0.30-1_all.deb ...
Unpacking libtry-tiny-perl (0.30-1) ...
Selecting previously unselected package libmodule-implementation-perl.
Preparing to unpack .../48-libmodule-implementation-perl_0.09-1_all.deb ...
Unpacking libmodule-implementation-perl (0.09-1) ...
Selecting previously unselected package libpackage-stash-perl.
Preparing to unpack .../49-libpackage-stash-perl_0.38-1_all.deb ...
Unpacking libpackage-stash-perl (0.38-1) ...
Selecting previously unselected package libclass-load-perl.
Preparing to unpack .../50-libclass-load-perl_0.25-1_all.deb ...
Unpacking libclass-load-perl (0.25-1) ...
Selecting previously unselected package libclass-load-xs-perl.
Preparing to unpack .../51-libclass-load-xs-perl_0.10-1+b4_amd64.deb ...
Unpacking libclass-load-xs-perl (0.10-1+b4) ...
Selecting previously unselected package libclass-method-modifiers-perl.
Preparing to unpack .../52-libclass-method-modifiers-perl_2.13-1_all.deb ...
Unpacking libclass-method-modifiers-perl (2.13-1) ...
Selecting previously unselected package libclone-perl.
Preparing to unpack .../53-libclone-perl_0.45-1_amd64.deb ...
Unpacking libclone-perl (0.45-1) ...
Selecting previously unselected package libcss-tiny-perl.
Preparing to unpack .../54-libcss-tiny-perl_1.20-1_all.deb ...
Unpacking libcss-tiny-perl (1.20-1) ...
Selecting previously unselected package libdbm-deep-perl.
Preparing to unpack .../55-libdbm-deep-perl_2.0016-1_all.deb ...
Unpacking libdbm-deep-perl (2.0016-1) ...
Selecting previously unselected package libsub-exporter-progressive-perl.
Preparing to unpack .../56-libsub-exporter-progressive-perl_0.001013-1_all.deb ...
Unpacking libsub-exporter-progressive-perl (0.001013-1) ...
Selecting previously unselected package libdevel-globaldestruction-perl.
Preparing to unpack .../57-libdevel-globaldestruction-perl_0.14-1_all.deb ...
Unpacking libdevel-globaldestruction-perl (0.14-1) ...
Selecting previously unselected package libmro-compat-perl.
Preparing to unpack .../58-libmro-compat-perl_0.13-1_all.deb ...
Unpacking libmro-compat-perl (0.13-1) ...
Selecting previously unselected package libsub-identify-perl.
Preparing to unpack .../59-libsub-identify-perl_0.14-1+b2_amd64.deb ...
Unpacking libsub-identify-perl (0.14-1+b2) ...
Selecting previously unselected package libdevel-overloadinfo-perl.
Preparing to unpack .../60-libdevel-overloadinfo-perl_0.005-1_all.deb ...
Unpacking libdevel-overloadinfo-perl (0.005-1) ...
Selecting previously unselected package libdevel-stacktrace-perl.
Preparing to unpack .../61-libdevel-stacktrace-perl_2.0400-1_all.deb ...
Unpacking libdevel-stacktrace-perl (2.0400-1) ...
Selecting previously unselected package libdevel-symdump-perl.
Preparing to unpack .../62-libdevel-symdump-perl_2.18-3_all.deb ...
Unpacking libdevel-symdump-perl (2.18-3) ...
Selecting previously unselected package libdist-checkconflicts-perl.
Preparing to unpack .../63-libdist-checkconflicts-perl_0.11-1_all.deb ...
Unpacking libdist-checkconflicts-perl (0.11-1) ...
Selecting previously unselected package libsub-exporter-perl.
Preparing to unpack .../64-libsub-exporter-perl_0.987-1_all.deb ...
Unpacking libsub-exporter-perl (0.987-1) ...
Selecting previously unselected package libeval-closure-perl.
Preparing to unpack .../65-libeval-closure-perl_0.14-1_all.deb ...
Unpacking libeval-closure-perl (0.14-1) ...
Selecting previously unselected package libexporter-tiny-perl.
Preparing to unpack .../66-libexporter-tiny-perl_1.002002-1_all.deb ...
Unpacking libexporter-tiny-perl (1.002002-1) ...
Selecting previously unselected package libfile-slurp-perl.
Preparing to unpack .../67-libfile-slurp-perl_9999.32-1_all.deb ...
Unpacking libfile-slurp-perl (9999.32-1) ...
Selecting previously unselected package libhtml-tagset-perl.
Preparing to unpack .../68-libhtml-tagset-perl_3.20-4_all.deb ...
Unpacking libhtml-tagset-perl (3.20-4) ...
Selecting previously unselected package liburi-perl.
Preparing to unpack .../69-liburi-perl_5.05-1_all.deb ...
Unpacking liburi-perl (5.05-1) ...
Selecting previously unselected package libhtml-parser-perl.
Preparing to unpack .../70-libhtml-parser-perl_3.75-1_amd64.deb ...
Unpacking libhtml-parser-perl (3.75-1) ...
Selecting previously unselected package libimport-into-perl.
Preparing to unpack .../71-libimport-into-perl_1.002005-1_all.deb ...
Unpacking libimport-into-perl (1.002005-1) ...
Selecting previously unselected package libio-string-perl.
Preparing to unpack .../72-libio-string-perl_1.08-3_all.deb ...
Unpacking libio-string-perl (1.08-3) ...
Selecting previously unselected package liblist-moreutils-perl.
Preparing to unpack .../73-liblist-moreutils-perl_0.416-1+b5_amd64.deb ...
Unpacking liblist-moreutils-perl (0.416-1+b5) ...
Selecting previously unselected package libmodule-runtime-conflicts-perl.
Preparing to unpack .../74-libmodule-runtime-conflicts-perl_0.003-1_all.deb ...
Unpacking libmodule-runtime-conflicts-perl (0.003-1) ...
Selecting previously unselected package librole-tiny-perl.
Preparing to unpack .../75-librole-tiny-perl_2.001004-1_all.deb ...
Unpacking librole-tiny-perl (2.001004-1) ...
Selecting previously unselected package libstrictures-perl.
Preparing to unpack .../76-libstrictures-perl_2.000006-1_all.deb ...
Unpacking libstrictures-perl (2.000006-1) ...
Selecting previously unselected package libsub-quote-perl.
Preparing to unpack .../77-libsub-quote-perl_2.006006-1_all.deb ...
Unpacking libsub-quote-perl (2.006006-1) ...
Selecting previously unselected package libmoo-perl.
Preparing to unpack .../78-libmoo-perl_2.004000-1_all.deb ...
Unpacking libmoo-perl (2.004000-1) ...
Selecting previously unselected package libsub-name-perl.
Preparing to unpack .../79-libsub-name-perl_0.26-1_amd64.deb ...
Unpacking libsub-name-perl (0.26-1) ...
Selecting previously unselected package libpackage-deprecationmanager-perl.
Preparing to unpack .../80-libpackage-deprecationmanager-perl_0.17-1_all.deb ...
Unpacking libpackage-deprecationmanager-perl (0.17-1) ...
Selecting previously unselected package libpackage-stash-xs-perl.
Preparing to unpack .../81-libpackage-stash-xs-perl_0.29-1+b1_amd64.deb ...
Unpacking libpackage-stash-xs-perl (0.29-1+b1) ...
Selecting previously unselected package libmoose-perl.
Preparing to unpack .../82-libmoose-perl_2.2013-1_amd64.deb ...
Unpacking libmoose-perl (2.2013-1) ...
Selecting previously unselected package libperl-dev:amd64.
Preparing to unpack .../83-libperl-dev_5.30.3-4_amd64.deb ...
Unpacking libperl-dev:amd64 (5.30.3-4) ...
Selecting previously unselected package libpod-coverage-perl.
Preparing to unpack .../84-libpod-coverage-perl_0.23-2_all.deb ...
Unpacking libpod-coverage-perl (0.23-2) ...
Selecting previously unselected package libtask-weaken-perl.
Preparing to unpack .../85-libtask-weaken-perl_1.06-1_all.deb ...
Unpacking libtask-weaken-perl (1.06-1) ...
Selecting previously unselected package libppi-perl.
Preparing to unpack .../86-libppi-perl_1.270-1_all.deb ...
Unpacking libppi-perl (1.270-1) ...
Selecting previously unselected package libppi-html-perl.
Preparing to unpack .../87-libppi-html-perl_1.08-2_all.deb ...
Unpacking libppi-html-perl (1.08-2) ...
Selecting previously unselected package libreadonly-perl.
Preparing to unpack .../88-libreadonly-perl_2.050-2_all.deb ...
Unpacking libreadonly-perl (2.050-2) ...
Selecting previously unselected package libtemplate-perl.
Preparing to unpack .../89-libtemplate-perl_2.27-1+b2_amd64.deb ...
Unpacking libtemplate-perl (2.27-1+b2) ...
Selecting previously unselected package libtext-diff-perl.
Preparing to unpack .../90-libtext-diff-perl_1.45-1_all.deb ...
Unpacking libtext-diff-perl (1.45-1) ...
Selecting previously unselected package libtest-differences-perl.
Preparing to unpack .../91-libtest-differences-perl_0.67-1_all.deb ...
Unpacking libtest-differences-perl (0.67-1) ...
Selecting previously unselected package sbuild-build-depends-main-dummy.
Preparing to unpack .../92-sbuild-build-depends-main-dummy_0.invalid.0_amd64.deb ...
Unpacking sbuild-build-depends-main-dummy (0.invalid.0) ...
Setting up libpipeline1:amd64 (1.5.3-1) ...
Setting up libfile-slurp-perl (9999.32-1) ...
Setting up libtask-weaken-perl (1.06-1) ...
Setting up libcss-tiny-perl (1.20-1) ...
Setting up bsdextrautils (2.36-3+b1) ...
update-alternatives: using /usr/bin/write.ul to provide /usr/bin/write (write) in auto mode
Setting up libicu67:amd64 (67.1-4) ...
Setting up libdynaloader-functions-perl (0.003-1) ...
Setting up libclass-method-modifiers-perl (2.13-1) ...
Setting up libmagic-mgc (1:5.38-5) ...
Setting up libclone-perl (0.45-1) ...
Setting up libalgorithm-diff-perl (1.200-1) ...
Setting up libarchive-zip-perl (1.68-1) ...
Setting up libsub-identify-perl (0.14-1+b2) ...
Setting up libglib2.0-0:amd64 (2.66.1-2) ...
No schema files found: doing nothing.
Setting up libhtml-tagset-perl (3.20-4) ...
Setting up libdebhelper-perl (13.2.1) ...
Setting up libtry-tiny-perl (0.30-1) ...
Setting up libmagic1:amd64 (1:5.38-5) ...
Setting up gettext-base (0.19.8.1-10) ...
Setting up libperl-dev:amd64 (5.30.3-4) ...
Setting up file (1:5.38-5) ...
Setting up libdbm-deep-perl (2.0016-1) ...
Setting up libb-debug-perl (1.26-2) ...
Setting up libsub-install-perl (0.928-1) ...
Setting up libio-string-perl (1.08-3) ...
Setting up libreadonly-perl (2.050-2) ...
Setting up libpackage-stash-xs-perl (0.29-1+b1) ...
Setting up autotools-dev (20180224.1) ...
Setting up libalgorithm-c3-perl (0.10-1) ...
Setting up libtext-diff-perl (1.45-1) ...
Setting up libsigsegv2:amd64 (2.12-2) ...
Setting up autopoint (0.19.8.1-10) ...
Setting up libb-hooks-op-check-perl (0.22-1+b2) ...
Setting up libparams-util-perl (1.101-1) ...
Setting up libsub-exporter-progressive-perl (0.001013-1) ...
Setting up libcapture-tiny-perl (0.48-1) ...
Setting up libsub-name-perl (0.26-1) ...
Setting up sensible-utils (0.0.12+nmu1) ...
Setting up libuchardet0:amd64 (0.0.7-1) ...
Setting up librole-tiny-perl (2.001004-1) ...
Setting up libsub-override-perl (0.09-2) ...
Setting up libdevel-globaldestruction-perl (0.14-1) ...
Setting up libstrictures-perl (2.000006-1) ...
Setting up libsub-quote-perl (2.006006-1) ...
Setting up libdevel-stacktrace-perl (2.0400-1) ...
Setting up libdevel-symdump-perl (2.18-3) ...
Setting up libexporter-tiny-perl (1.002002-1) ...
Setting up libelf1:amd64 (0.181-1) ...
Setting up libxml2:amd64 (2.9.10+dfsg-6.1) ...
Setting up liburi-perl (5.05-1) ...
Setting up libappconfig-perl (1.71-2) ...
Setting up libfile-stripnondeterminism-perl (1.9.0-1) ...
Setting up libtool (2.4.6-14) ...
Setting up liblist-moreutils-perl (0.416-1+b5) ...
Setting up libpod-coverage-perl (0.23-2) ...
Setting up libtest-differences-perl (0.67-1) ...
Setting up m4 (1.4.18-4) ...
Setting up libclass-c3-perl (0.34-1) ...
Setting up libdevel-callchecker-perl (0.008-1+b1) ...
Setting up libppi-perl (1.270-1) ...
Setting up libdata-optlist-perl (0.110-1) ...
Setting up libcroco3:amd64 (0.6.13-1) ...
Setting up libtemplate-perl (2.27-1+b2) ...
Setting up autoconf (2.69-11.1) ...
Setting up dh-strip-nondeterminism (1.9.0-1) ...
Setting up dwz (0.13-5) ...
Setting up groff-base (1.22.4-5) ...
Setting up libhtml-parser-perl (3.75-1) ...
Setting up libmro-compat-perl (0.13-1) ...
Setting up libsub-exporter-perl (0.987-1) ...
Setting up libeval-closure-perl (0.14-1) ...
Setting up automake (1:1.16.2-4) ...
update-alternatives: using /usr/bin/automake-1.16 to provide /usr/bin/automake (automake) in auto mode
Setting up gettext (0.19.8.1-10) ...
Setting up libparams-classify-perl (0.015-1+b2) ...
Setting up man-db (2.9.3-2) ...
Not building database; man-db/auto-update is not 'true'.
Setting up intltool-debian (0.35.0+20060710.5) ...
Setting up libmodule-runtime-perl (0.016-1) ...
Setting up libppi-html-perl (1.08-2) ...
Setting up libdist-checkconflicts-perl (0.11-1) ...
Setting up libmodule-implementation-perl (0.09-1) ...
Setting up libpackage-stash-perl (0.38-1) ...
Setting up libimport-into-perl (1.002005-1) ...
Setting up libmoo-perl (2.004000-1) ...
Setting up po-debconf (1.0.21) ...
Setting up libmodule-runtime-conflicts-perl (0.003-1) ...
Setting up libclass-load-perl (0.25-1) ...
Setting up libpackage-deprecationmanager-perl (0.17-1) ...
Setting up libdevel-overloadinfo-perl (0.005-1) ...
Setting up libclass-load-xs-perl (0.10-1+b4) ...
Setting up libmoose-perl (2.2013-1) ...
Setting up debhelper (13.2.1) ...
Setting up dh-autoreconf (19) ...
Setting up sbuild-build-depends-main-dummy (0.invalid.0) ...
Processing triggers for libc-bin (2.31-4) ...

+------------------------------------------------------------------------------+
| Check architectures                                                          |
+------------------------------------------------------------------------------+

Arch check ok (amd64 included in any)

+------------------------------------------------------------------------------+
| Build environment                                                            |
+------------------------------------------------------------------------------+

Kernel: Linux 4.19.0-6-cloud-amd64 #1 SMP Debian 4.19.67-2+deb10u2 (2019-11-11) amd64 (x86_64)
Toolchain package versions: binutils_2.35.1-2 dpkg-dev_1.20.5 g++-10_10.2.0-15 gcc-10_10.2.0-15 libc6-dev_2.31-4 libstdc++-10-dev_10.2.0-15 libstdc++6_10.2.0-15 linux-libc-dev_5.9.1-1
Package versions: adduser_3.118 apt_2.1.11 autoconf_2.69-11.1 automake_1:1.16.2-4 autopoint_0.19.8.1-10 autotools-dev_20180224.1 base-files_11 base-passwd_3.5.48 bash_5.1~rc1-2 binutils_2.35.1-2 binutils-common_2.35.1-2 binutils-x86-64-linux-gnu_2.35.1-2 bsdextrautils_2.36-3+b1 bsdutils_1:2.36-3+b1 build-essential_12.8 bzip2_1.0.8-4 clang-10_1:10.0.1-7 coreutils_8.32-4+b1 cpp_4:10.2.0-1 cpp-10_10.2.0-15 dash_0.5.10.2-7 debconf_1.5.74 debhelper_13.2.1 debian-archive-keyring_2019.1 debianutils_4.11.2 dh-autoreconf_19 dh-strip-nondeterminism_1.9.0-1 diffutils_1:3.7-3 dpkg_1.20.5 dpkg-dev_1.20.5 dwz_0.13-5 e2fsprogs_1.45.6-1 fakeroot_1.25.3-1 file_1:5.38-5 findutils_4.7.0+git20201010-2 g++_4:10.2.0-1 g++-10_10.2.0-15 gcc_4:10.2.0-1 gcc-10_10.2.0-15 gcc-10-base_10.2.0-15 gcc-9-base_9.3.0-18 gettext_0.19.8.1-10 gettext-base_0.19.8.1-10 gpgv_2.2.20-1 grep_3.4-1 groff-base_1.22.4-5 gzip_1.10-2 hostname_3.23 init-system-helpers_1.58 intltool-debian_0.35.0+20060710.5 lib32gcc-s1_10.2.0-15 lib32stdc++6_10.2.0-15 libacl1_2.2.53-8 libalgorithm-c3-perl_0.10-1 libalgorithm-diff-perl_1.200-1 libappconfig-perl_1.71-2 libapt-pkg6.0_2.1.11 libarchive-zip-perl_1.68-1 libasan5_9.3.0-18 libasan6_10.2.0-15 libatomic1_10.2.0-15 libattr1_1:2.4.48-5 libaudit-common_1:2.8.5-3.1 libaudit1_1:2.8.5-3.1 libb-debug-perl_1.26-2 libb-hooks-op-check-perl_0.22-1+b2 libbinutils_2.35.1-2 libblkid1_2.36-3+b1 libbsd0_0.10.0-1 libbz2-1.0_1.0.8-4 libc-bin_2.31-4 libc-dev-bin_2.31-4 libc6_2.31-4 libc6-dev_2.31-4 libc6-i386_2.31-4 libcap-ng0_0.7.9-2.2 libcapture-tiny-perl_0.48-1 libcc1-0_10.2.0-15 libclang-common-10-dev_1:10.0.1-7 libclang-cpp10_1:10.0.1-7 libclang1-10_1:10.0.1-7 libclass-c3-perl_0.34-1 libclass-load-perl_0.25-1 libclass-load-xs-perl_0.10-1+b4 libclass-method-modifiers-perl_2.13-1 libclone-perl_0.45-1 libcom-err2_1.45.6-1 libcroco3_0.6.13-1 libcrypt-dev_1:4.4.17-1 libcrypt1_1:4.4.17-1 libcss-tiny-perl_1.20-1 libctf-nobfd0_2.35.1-2 libctf0_2.35.1-2 libdata-optlist-perl_0.110-1 libdb5.3_5.3.28+dfsg1-0.6 libdbm-deep-perl_2.0016-1 libdebconfclient0_0.255 libdebhelper-perl_13.2.1 libdevel-callchecker-perl_0.008-1+b1 libdevel-globaldestruction-perl_0.14-1 libdevel-overloadinfo-perl_0.005-1 libdevel-stacktrace-perl_2.0400-1 libdevel-symdump-perl_2.18-3 libdist-checkconflicts-perl_0.11-1 libdpkg-perl_1.20.5 libdynaloader-functions-perl_0.003-1 libedit2_3.1-20191231-1 libelf1_0.181-1 libeval-closure-perl_0.14-1 libexporter-tiny-perl_1.002002-1 libext2fs2_1.45.6-1 libfakeroot_1.25.3-1 libffi7_3.3-4 libfile-slurp-perl_9999.32-1 libfile-stripnondeterminism-perl_1.9.0-1 libgc1_1:8.0.4-2.1 libgcc-10-dev_10.2.0-15 libgcc-9-dev_9.3.0-18 libgcc-s1_10.2.0-15 libgcrypt20_1.8.7-2 libgdbm-compat4_1.18.1-5.1 libgdbm6_1.18.1-5.1 libglib2.0-0_2.66.1-2 libgmp10_2:6.2.0+dfsg-6 libgnutls30_3.6.15-4 libgomp1_10.2.0-15 libgpg-error0_1.38-2 libgssapi-krb5-2_1.17-10 libhogweed6_3.6-2 libhtml-parser-perl_3.75-1 libhtml-tagset-perl_3.20-4 libicu67_67.1-4 libidn2-0_2.3.0-1 libimport-into-perl_1.002005-1 libio-string-perl_1.08-3 libisl22_0.22.1-1 libitm1_10.2.0-15 libk5crypto3_1.17-10 libkeyutils1_1.6.1-2 libkrb5-3_1.17-10 libkrb5support0_1.17-10 liblist-moreutils-perl_0.416-1+b5 libllvm10_1:10.0.1-7 liblsan0_10.2.0-15 liblz4-1_1.9.2-2 liblzma5_5.2.4-1+b1 libmagic-mgc_1:5.38-5 libmagic1_1:5.38-5 libmodule-implementation-perl_0.09-1 libmodule-runtime-conflicts-perl_0.003-1 libmodule-runtime-perl_0.016-1 libmoo-perl_2.004000-1 libmoose-perl_2.2013-1 libmount1_2.36-3+b1 libmpc3_1.2.0-1 libmpfr6_4.1.0-3 libmro-compat-perl_0.13-1 libnettle8_3.6-2 libnsl-dev_1.3.0-2 libnsl2_1.3.0-2 libnss-nis_3.1-4 libnss-nisplus_1.3-4 libobjc-10-dev_10.2.0-15 libobjc-9-dev_9.3.0-18 libobjc4_10.2.0-15 libomp-10-dev_1:10.0.1-7 libomp5-10_1:10.0.1-7 libp11-kit0_0.23.21-2 libpackage-deprecationmanager-perl_0.17-1 libpackage-stash-perl_0.38-1 libpackage-stash-xs-perl_0.29-1+b1 libpam-modules_1.3.1-5 libpam-modules-bin_1.3.1-5 libpam-runtime_1.3.1-5 libpam0g_1.3.1-5 libparams-classify-perl_0.015-1+b2 libparams-util-perl_1.101-1 libpcre2-8-0_10.34-7 libpcre3_2:8.39-13 libperl-dev_5.30.3-4 libperl5.30_5.30.3-4 libpipeline1_1.5.3-1 libpod-coverage-perl_0.23-2 libppi-html-perl_1.08-2 libppi-perl_1.270-1 libquadmath0_10.2.0-15 libreadonly-perl_2.050-2 librole-tiny-perl_2.001004-1 libseccomp2_2.4.4-1+b1 libselinux1_3.1-2+b1 libsemanage-common_3.1-1 libsemanage1_3.1-1+b1 libsepol1_3.1-1 libsigsegv2_2.12-2 libsmartcols1_2.36-3+b1 libss2_1.45.6-1 libssl1.1_1.1.1h-1 libstdc++-10-dev_10.2.0-15 libstdc++6_10.2.0-15 libstrictures-perl_2.000006-1 libsub-exporter-perl_0.987-1 libsub-exporter-progressive-perl_0.001013-1 libsub-identify-perl_0.14-1+b2 libsub-install-perl_0.928-1 libsub-name-perl_0.26-1 libsub-override-perl_0.09-2 libsub-quote-perl_2.006006-1 libsystemd0_246.6-2 libtask-weaken-perl_1.06-1 libtasn1-6_4.16.0-2 libtemplate-perl_2.27-1+b2 libtest-differences-perl_0.67-1 libtext-diff-perl_1.45-1 libtinfo6_6.2+20200918-1 libtirpc-common_1.2.6-3 libtirpc-dev_1.2.6-3 libtirpc3_1.2.6-3 libtool_2.4.6-14 libtry-tiny-perl_0.30-1 libtsan0_10.2.0-15 libubsan1_10.2.0-15 libuchardet0_0.0.7-1 libudev1_246.6-2 libunistring2_0.9.10-4 liburi-perl_5.05-1 libuuid1_2.36-3+b1 libxml2_2.9.10+dfsg-6.1 libz3-4_4.8.9-1 libzstd1_1.4.5+dfsg-4 linux-libc-dev_5.9.1-1 login_1:4.8.1-1 logsave_1.45.6-1 lsb-base_11.1.0 m4_1.4.18-4 make_4.3-4 man-db_2.9.3-2 mawk_1.3.4.20200120-2 mount_2.36-3+b1 ncurses-base_6.2+20200918-1 ncurses-bin_6.2+20200918-1 passwd_1:4.8.1-1 patch_2.7.6-6 perl_5.30.3-4 perl-base_5.30.3-4 perl-modules-5.30_5.30.3-4 po-debconf_1.0.21 qt5-qmake_5.14.2+dfsg-6 qt5-qmake-bin_5.14.2+dfsg-6 qtchooser_66-2 sbuild-build-depends-main-dummy_0.invalid.0 sed_4.7-1 sensible-utils_0.0.12+nmu1 sysvinit-utils_2.96-5 tar_1.30+dfsg-7 tzdata_2020d-1 util-linux_2.36-3+b1 xz-utils_5.2.4-1+b1 zlib1g_1:1.2.11.dfsg-2

+------------------------------------------------------------------------------+
| Build                                                                        |
+------------------------------------------------------------------------------+


Unpack source
-------------

-----BEGIN PGP SIGNED MESSAGE-----
Hash: SHA256

Format: 3.0 (quilt)
Source: libdevel-cover-perl
Binary: libdevel-cover-perl
Architecture: any
Version: 1.36-1
Maintainer: Debian Perl Group <pkg-perl-maintainers@lists.alioth.debian.org>
Uploaders: Damyan Ivanov <dmn@debian.org>, gregor herrmann <gregoa@debian.org>, Florian Schlichting <fsfs@debian.org>, Axel Beckert <abe@debian.org>, Dominic Hargreaves <dom@earth.li>
Homepage: https://metacpan.org/release/Devel-Cover
Standards-Version: 4.4.1
Vcs-Browser: https://salsa.debian.org/perl-team/modules/packages/libdevel-cover-perl
Vcs-Git: https://salsa.debian.org/perl-team/modules/packages/libdevel-cover-perl.git
Testsuite: autopkgtest-pkg-perl
Build-Depends: debhelper-compat (= 13), libb-debug-perl | perl (<< 5.27.3), libdbm-deep-perl <!nocheck>, libhtml-parser-perl, libmoo-perl <!nocheck>, libmoose-perl <!nocheck>, libpod-coverage-perl, libppi-html-perl | perltidy, libreadonly-perl <!nocheck>, libtemplate-perl, libtest-differences-perl, perl-xs-dev, perl:native
Package-List:
 libdevel-cover-perl deb perl optional arch=any
Checksums-Sha1:
 8bddd118d85c097c6228fafaa4a5d468b2e4bda8 205417 libdevel-cover-perl_1.36.orig.tar.gz
 f6f67a4e971f0a121dda8268f966313e95c37b7c 7548 libdevel-cover-perl_1.36-1.debian.tar.xz
Checksums-Sha256:
 54649711608c21b27a74aaaa579e766bd1636c4067f6d3cb808b954043dc2e59 205417 libdevel-cover-perl_1.36.orig.tar.gz
 b018518bd847c1943e6a7051c0d77450eb7f03365a1eec2c04b3916385c6db93 7548 libdevel-cover-perl_1.36-1.debian.tar.xz
Files:
 3430734551004b6b7e46505d1d9578a0 205417 libdevel-cover-perl_1.36.orig.tar.gz
 624c69a8f693fba0145525c612bbdf5e 7548 libdevel-cover-perl_1.36-1.debian.tar.xz

-----BEGIN PGP SIGNATURE-----

iQIzBAEBCAAdFiEEdqKOQsmBHZHoj7peLsD/s7cwGx8FAl7EAtsACgkQLsD/s7cw
Gx8img//Wx4b5gb80w0q/qTxeRcKDTQQ51jVZP4Ip5E4XcSbz7P4QETr/7twztdH
KEZ6w/NrmNg62a43baWdURWjp4uawX/Dsxpyz4gvAvsBnpxNKibCLeFloE9w1kTI
6T0hfBQDz+PqEvptNSz7IAmdaODbNYCH9bh0ngWvoLLorxjaOGcB2OZ0qp6b6307
hA8mi9KylKeAnXde6RqPOYlnqITDWON2hCv6ay3JI4W6FYTK496pHksUHdORvw+y
dioCfyidUevamvnBW5m6schezydBmwAk0SsqATN1ErO/QqY9mVsWlGE+rykM7+7e
S3hid/069CuipUOZQ2J4Iqhfb2nX1SEKsmsSLNPu2/u4IWCPgqfw95MtQfMX87pR
uth/ASRUKbuBEN/CcVX9VqpdOngcS+zhzq9mk5NhGUqxqYVo6FrSOm8pRNiftx96
6R7TnMO2CGDBwzJkGpsFAOa7iC2oYo5i1tTtN9P1yIVvLFRIkOVieIPaT5CCskLp
kWSxGLPuD+iuV+CeoOgb4gYbKigT2xerr1eIF6Nqk/Hn7ub2hhKGs3bOLIKppT6x
fooRns7O/PIhSevPgRlXSBqw4mOy6irmBEfOF6B7oHmU24g/cOruwrIE4J1doP74
73idOXVuHnyRui4195I/BQAEcROJZkMqUxY0Pua1c/GDKSayZ7s=
=ZmVP
-----END PGP SIGNATURE-----

gpgv: unknown type of key resource 'trustedkeys.kbx'
gpgv: keyblock resource '/tmp/dpkg-verify-sig.Bm27GvQZ/trustedkeys.kbx': General error
gpgv: Signature made Tue May 19 16:01:31 2020 UTC
gpgv:                using RSA key 76A28E42C9811D91E88FBA5E2EC0FFB3B7301B1F
gpgv: Can't check signature: No public key
dpkg-source: warning: failed to verify signature on ./libdevel-cover-perl_1.36-1.dsc
dpkg-source: info: extracting libdevel-cover-perl in /<<PKGBUILDDIR>>
dpkg-source: info: unpacking libdevel-cover-perl_1.36.orig.tar.gz
dpkg-source: info: unpacking libdevel-cover-perl_1.36-1.debian.tar.xz

Check disk space
----------------

Sufficient free space for build

User Environment
----------------

APT_CONFIG=/var/lib/sbuild/apt.conf
HOME=/sbuild-nonexistent
LANG=C.UTF-8
LC_ALL=C.UTF-8
LOGNAME=user42
PATH=/usr/local/sbin:/usr/local/bin:/usr/sbin:/usr/bin:/sbin:/bin:/usr/games
SCHROOT_ALIAS_NAME=unstable
SCHROOT_CHROOT_NAME=sid-amd64-sbuild
SCHROOT_COMMAND=env
SCHROOT_GID=1001
SCHROOT_GROUP=user42
SCHROOT_SESSION_ID=sid-amd64-sbuild-289b8ea7-d403-4ef0-8eef-2ddd6fb3a005
SCHROOT_UID=1001
SCHROOT_USER=user42
SHELL=/bin/sh
USER=user42

dpkg-buildpackage
-----------------

Command: dpkg-buildpackage -us -uc -b -rfakeroot
dpkg-buildpackage: info: source package libdevel-cover-perl
dpkg-buildpackage: info: source version 1.36-1
dpkg-buildpackage: info: source distribution unstable
dpkg-buildpackage: info: source changed by Niko Tyni <ntyni@debian.org>
 dpkg-source --before-build .
dpkg-buildpackage: info: host architecture amd64
 debian/rules clean
dh clean
   dh_clean
 debian/rules binary
dh binary
   dh_update_autotools_config
   dh_autoreconf
   dh_auto_configure
	perl Makefile.PL INSTALLDIRS=vendor "OPTIMIZE=-g -O2 -fdebug-prefix-map=/<<PKGBUILDDIR>>=. -fstack-protector-strong -Wformat -Werror=format-security -Wdate-time -D_FORTIFY_SOURCE=2" "LD=x86_64-linux-gnu-gcc -g -O2 -fdebug-prefix-map=/<<PKGBUILDDIR>>=. -fstack-protector-strong -Wformat -Werror=format-security -Wl,-z,relro -Wl,-z,now"
Writing tests ........ done

checking for Storable                            .... 3.15     /usr/lib/x86_64-linux-gnu/perl/5.30/Storable.pm
checking for JSON::MaybeXS                       .... not found


The coverage database can be stored in any of the Storable, JSON or Sereal
formats.  To use the Storable format, the Storable module is required.  This has
been a core module since perl-5.8.0.  To store the database in JSON format
JSON::MaybeXS can be used.  It will use the best JSON backend available, trying
first Cpanel::JSON::XS.  To use the Sereal format, the Sereal module should be
installed.  This is available on CPAN.

Sereal is used if it is available.  Otherwise JSON is used, if available.
Otherwise Storable will be used.  The Sereal and JSON formats should be portable
between all systems, whereas Storable format may not be.


checking for Sereal                              .... not found
checking for Digest::MD5                         .... 2.55     /usr/lib/x86_64-linux-gnu/perl/5.30/Digest/MD5.pm
checking for Test::More                          .... 1.302162 /usr/share/perl/5.30/Test/More.pm
checking for Template           version 2.00     .... 2.27     /usr/lib/x86_64-linux-gnu/perl5/5.30/Template.pm
checking for PPI::HTML          version 1.07     .... 1.08     /usr/share/perl5/PPI/HTML.pm
checking for Perl::Tidy         version 20060719 .... not found


One of PPI::HTML 1.07 or Perl::Tidy 20060719 is required to add syntax
highlighting to some HTML backends to cover and for cpancover.  Unless you have
specific requirements this should not be a problem, but you will not be able to
use syntax highlighting in these reports until you install PPI::HTML or
Perl::Tidy, available from the CPAN.  However, the rest of Devel::Cover will be
available as usual.


checking for Pod::Coverage      version 0.06     .... 0.23     /usr/share/perl5/Pod/Coverage.pm
checking for Pod::Coverage::CountParents         ....          /usr/share/perl5/Pod/Coverage/CountParents.pm
checking for Test::Differences                   .... 0.67     /usr/share/perl5/Test/Differences.pm
checking for Browser::Open                       .... not found


Browser::Open is used to launch a web browser when the -launch flag is specified
with HTML report formats. You can download Browser::Open from CPAN.


checking for HTML::Entities                      .... 3.75     /usr/lib/x86_64-linux-gnu/perl5/5.30/HTML/Entities.pm



Checking if your kit is complete...
Looks good
Generating a Unix-style Makefile
Writing Makefile for Devel::Cover
Writing MYMETA.yml and MYMETA.json

   dh_auto_build
	make -j4
make[1]: Entering directory '/<<PKGBUILDDIR>>'
Running Mkbootstrap for Cover ()
"/usr/bin/perl" "/usr/share/perl/5.30/ExtUtils/xsubpp"  -typemap '/usr/share/perl/5.30/ExtUtils/typemap' -typemap '/<<PKGBUILDDIR>>/utils/typemap'  Cover.xs > Cover.xsc
chmod 644 "Cover.bs"
"/usr/bin/perl" -MExtUtils::Command::MM -e 'cp_nonempty' -- Cover.bs blib/arch/auto/Devel/Cover/Cover.bs 644
cp lib/Devel/Cover/DB/Structure.pm blib/lib/Devel/Cover/DB/Structure.pm
cp lib/Devel/Cover/Html_Common.pm blib/lib/Devel/Cover/Html_Common.pm
cp lib/Devel/Cover/Criterion.pm blib/lib/Devel/Cover/Criterion.pm
cp lib/Devel/Cover/DB/IO/Storable.pm blib/lib/Devel/Cover/DB/IO/Storable.pm
cp lib/Devel/Cover/Op.pm blib/lib/Devel/Cover/Op.pm
cp lib/Devel/Cover/Condition_or_3.pm blib/lib/Devel/Cover/Condition_or_3.pm
cp lib/Devel/Cover/Branch.pm blib/lib/Devel/Cover/Branch.pm
cp lib/Devel/Cover/DB/IO/Base.pm blib/lib/Devel/Cover/DB/IO/Base.pm
cp lib/Devel/Cover.pm blib/lib/Devel/Cover.pm
cp lib/Devel/Cover/Dumper.pm blib/lib/Devel/Cover/Dumper.pm
cp lib/Devel/Cover/DB/IO.pm blib/lib/Devel/Cover/DB/IO.pm
cp lib/Devel/Cover/Report/Html_minimal.pm blib/lib/Devel/Cover/Report/Html_minimal.pm
cp lib/Devel/Cover/Report/Compilation.pm blib/lib/Devel/Cover/Report/Compilation.pm
cp lib/Devel/Cover/DB/IO/JSON.pm blib/lib/Devel/Cover/DB/IO/JSON.pm
cp lib/Devel/Cover/Condition_or_2.pm blib/lib/Devel/Cover/Condition_or_2.pm
cp lib/Devel/Cover/Report/Html.pm blib/lib/Devel/Cover/Report/Html.pm
cp lib/Devel/Cover/Report/Text.pm blib/lib/Devel/Cover/Report/Text.pm
cp lib/Devel/Cover/Pod.pm blib/lib/Devel/Cover/Pod.pm
cp lib/Devel/Cover/DB/IO/Sereal.pm blib/lib/Devel/Cover/DB/IO/Sereal.pm
cp lib/Devel/Cover/Report/Text2.pm blib/lib/Devel/Cover/Report/Text2.pm
cp lib/Devel/Cover/Report/Sort.pm blib/lib/Devel/Cover/Report/Sort.pm
cp lib/Devel/Cover/Annotation/Git.pm blib/lib/Devel/Cover/Annotation/Git.pm
cp lib/Devel/Cover/Report/Json.pm blib/lib/Devel/Cover/Report/Json.pm
cp lib/Devel/Cover/DB/Digests.pm blib/lib/Devel/Cover/DB/Digests.pm
cp lib/Devel/Cover/DB/File.pm blib/lib/Devel/Cover/DB/File.pm
cp lib/Devel/Cover/Annotation/Svk.pm blib/lib/Devel/Cover/Annotation/Svk.pm
cp lib/Devel/Cover/Condition_and_3.pm blib/lib/Devel/Cover/Condition_and_3.pm
cp lib/Devel/Cover/DB.pm blib/lib/Devel/Cover/DB.pm
cp lib/Devel/Cover/Report/Html_basic.pm blib/lib/Devel/Cover/Report/Html_basic.pm
cp lib/Devel/Cover/Condition_and_2.pm blib/lib/Devel/Cover/Condition_and_2.pm
cp lib/Devel/Cover/Report/Html_subtle.pm blib/lib/Devel/Cover/Report/Html_subtle.pm
cp lib/Devel/Cover/Inc.pm blib/lib/Devel/Cover/Inc.pm
cp lib/Devel/Cover/Condition.pm blib/lib/Devel/Cover/Condition.pm
cp lib/Devel/Cover/Condition_xor_4.pm blib/lib/Devel/Cover/Condition_xor_4.pm
cp lib/Devel/Cover/Annotation/Random.pm blib/lib/Devel/Cover/Annotation/Random.pm
cp lib/Devel/Cover/Collection.pm blib/lib/Devel/Cover/Collection.pm
mv Cover.xsc Cover.c
x86_64-linux-gnu-gcc -c   -D_REENTRANT -D_GNU_SOURCE -DDEBIAN -fwrapv -fno-strict-aliasing -pipe -I/usr/local/include -D_LARGEFILE_SOURCE -D_FILE_OFFSET_BITS=64 -g -O2 -fdebug-prefix-map=/<<PKGBUILDDIR>>=. -fstack-protector-strong -Wformat -Werror=format-security -Wdate-time -D_FORTIFY_SOURCE=2  -DPERL_EXTMALLOC_DEF -Dmalloc=Perl_malloc -Dfree=Perl_mfree -Drealloc=Perl_realloc -Dcalloc=Perl_calloc -DVERSION=\"1.36\" -DXS_VERSION=\"1.36\" -fPIC "-I/usr/lib/x86_64-linux-gnu/perl/5.30/CORE"   Cover.c
cp lib/Devel/Cover/Web.pm blib/lib/Devel/Cover/Web.pm
cp lib/Devel/Cover/Test.pm blib/lib/Devel/Cover/Test.pm
cp lib/Devel/Cover/Truth_Table.pm blib/lib/Devel/Cover/Truth_Table.pm
cp lib/Devel/Cover/Util.pm blib/lib/Devel/Cover/Util.pm
cp lib/Devel/Cover/Tutorial.pod blib/lib/Devel/Cover/Tutorial.pod
cp lib/Devel/Cover/Report/Vim.pm blib/lib/Devel/Cover/Report/Vim.pm
cp lib/Devel/Cover/Subroutine.pm blib/lib/Devel/Cover/Subroutine.pm
cp lib/Devel/Cover/Time.pm blib/lib/Devel/Cover/Time.pm
cp lib/Devel/Cover/Statement.pm blib/lib/Devel/Cover/Statement.pm
rm -f blib/arch/auto/Devel/Cover/Cover.so
x86_64-linux-gnu-gcc -g -O2 -fdebug-prefix-map=/<<PKGBUILDDIR>>=. -fstack-protector-strong -Wformat -Werror=format-security -Wl,-z,relro -Wl,-z,now  -shared -L/usr/local/lib -fstack-protector-strong  Cover.o  -o blib/arch/auto/Devel/Cover/Cover.so  \
      \
  
chmod 755 blib/arch/auto/Devel/Cover/Cover.so
cp bin/cover blib/script/cover
cp bin/cpancover blib/script/cpancover
cp bin/gcov2perl blib/script/gcov2perl
"/usr/bin/perl" -MExtUtils::MY -e 'MY->fixin(shift)' -- blib/script/cover
"/usr/bin/perl" -MExtUtils::MY -e 'MY->fixin(shift)' -- blib/script/cpancover
"/usr/bin/perl" -MExtUtils::MY -e 'MY->fixin(shift)' -- blib/script/gcov2perl
Manifying 3 pod documents
Manifying 31 pod documents
Manifying 13 pod documents
make[1]: Leaving directory '/<<PKGBUILDDIR>>'
   dh_auto_test
	make -j4 test TEST_VERBOSE=1
make[1]: Entering directory '/<<PKGBUILDDIR>>'
"/usr/bin/perl" -MExtUtils::Command::MM -e 'cp_nonempty' -- Cover.bs blib/arch/auto/Devel/Cover/Cover.bs 644
PERL_DL_NONLAZY=1 "/usr/bin/perl" "-MExtUtils::Command::MM" "-MTest::Harness" "-e" "undef *Test::Harness::Switches; test_harness(1, 'blib/lib', 'blib/arch')" t/*.t t/*/*.t
# 
# Versions for all modules listed in MYMETA.json (including optional ones):
# 
# === Configure Requires ===
# 
#     Module              Want Have Where                Howbig
#     ------------------- ---- ---- -------------------- ------
#     ExtUtils::MakeMaker  any 7.34 /usr/share/perl/5.30 108353
# 
# === Build Requires ===
# 
#     Module              Want Have Where                Howbig
#     ------------------- ---- ---- -------------------- ------
#     ExtUtils::MakeMaker  any 7.34 /usr/share/perl/5.30 108353
# 
# === Test Requires ===
# 
#     Module       Want     Have Where                Howbig
#     ------------ ---- -------- -------------------- ------
#     Math::BigInt  any 1.999816 /usr/share/perl/5.30 213537
#     Test::More   0.88 1.302162 /usr/share/perl/5.30  52691
# 
# === Test Recommends ===
# 
#     Module            Want Have Where            Howbig
#     ----------------- ---- ---- ---------------- ------
#     Test::Differences  any 0.67 /usr/share/perl5  18492
# 
# === Runtime Requires ===
# 
#     Module         Want     Have Where                                Howbig
#     -------------- ---- -------- ------------------------------------ ------
#     B::Debug        any     1.26 /usr/share/perl5                      11712
#     Digest::MD5     any     2.55 /usr/lib/x86_64-linux-gnu/perl/5.30   10941
#     HTML::Entities 3.69     3.75 /usr/lib/x86_64-linux-gnu/perl5/5.30  14963
#     Storable        any     3.15 /usr/lib/x86_64-linux-gnu/perl/5.30   49780
#     Test::More      any 1.302162 /usr/share/perl/5.30                  52691
# 
# === Runtime Recommends ===
# 
#     Module                          Want     Have Where                                Howbig
#     --------------------------- -------- -------- ------------------------------------ ------
#     Browser::Open                    any  missing                                           0
#     Capture::Tiny                    any     0.48 /usr/share/perl5                      29656
#     Class::XSAccessor                any  missing                                           0
#     HTML::Parser                     any     3.75 /usr/lib/x86_64-linux-gnu/perl5/5.30  39425
#     JSON::MaybeXS               1.003003  missing                                           0
#     Moo                              any 2.004000 /usr/share/perl5                      34419
#     PPI::HTML                       1.07     1.08 /usr/share/perl5                      12354
#     Parallel::Iterator               any  missing                                           0
#     Perl::Tidy                  20060719  missing                                           0
#     Pod::Coverage                   0.06     0.23 /usr/share/perl5                      12402
#     Pod::Coverage::CountParents      any    undef /usr/share/perl5                       1707
#     Sereal::Decoder                  any  missing                                           0
#     Sereal::Encoder                  any  missing                                           0
#     Template                        2.00     2.27 /usr/lib/x86_64-linux-gnu/perl5/5.30  25037
#     Test::Differences                any     0.67 /usr/share/perl5                      18492
#     namespace::clean                 any  missing                                           0
# 
t/00-report-prereqs.t ....... 
1..1
ok 1
ok
Cannot close /usr/bin/perl -I./ -I./blib/lib -I./blib/arch -MDevel::Cover=-db,./t/e2e/cover_db_accessor/,-select,/tests/accessor\b,-ignore,blib,Devel/Cover,-merge,0,-coverage,statement,branch,condition,subroutine ./tests/accessor :  at blib/lib/Devel/Cover/Test.pm line 208.
# Looks like your test exited with 2 before it could output anything.
t/e2e/aaccessor.t ........... 
1..1
Dubious, test returned 2 (wstat 512, 0x200)
Failed 1/1 subtests 
Cannot close /usr/bin/perl -I./ -I./blib/lib -I./blib/arch -MDevel::Cover=-db,./t/e2e/cover_db_alias/,-select,/tests/alias\b,-ignore,blib,Devel/Cover,-merge,0,-coverage,statement,branch,condition,subroutine ./tests/alias :  at blib/lib/Devel/Cover/Test.pm line 208.
# Looks like your test exited with 2 before it could output anything.
t/e2e/aalias.t .............. 
1..1
Dubious, test returned 2 (wstat 512, 0x200)
Failed 1/1 subtests 
Cannot close /usr/bin/perl -I./ -I./blib/lib -I./blib/arch -MDevel::Cover=-db,./t/e2e/cover_db_alias1/,-select,/tests/alias1\b,-ignore,blib,Devel/Cover,-merge,0,-coverage,statement,branch,condition,subroutine ./tests/alias1 :  at blib/lib/Devel/Cover/Test.pm line 208.
# Looks like your test exited with 2 before it could output anything.
t/e2e/aalias1.t ............. 
1..1
Dubious, test returned 2 (wstat 512, 0x200)
Failed 1/1 subtests 
Cannot close /usr/bin/perl -I./ -I./blib/lib -I./blib/arch -MDevel::Cover=-db,./t/e2e/cover_db_and/,-select,/tests/and\b,-ignore,blib,Devel/Cover,-merge,0,-coverage,statement,branch,condition,subroutine ./tests/and :  at blib/lib/Devel/Cover/Test.pm line 208.
# Looks like your test exited with 2 before it could output anything.
t/e2e/aand.t ................ 
1..1
Dubious, test returned 2 (wstat 512, 0x200)
Failed 1/1 subtests 
Cannot close /usr/bin/perl -I./ -I./blib/lib -I./blib/arch -MDevel::Cover=-db,./t/e2e/cover_db_bigint/,-select,/tests/bigint\b,-ignore,blib,Devel/Cover,-merge,0,-coverage,statement,branch,condition,subroutine ./tests/bigint :  at blib/lib/Devel/Cover/Test.pm line 208.
# Looks like your test exited with 2 before it could output anything.
t/e2e/abigint.t ............. 
1..1
Dubious, test returned 2 (wstat 512, 0x200)
Failed 1/1 subtests 
Cannot close /usr/bin/perl -I./ -I./blib/lib -I./blib/arch -MDevel::Cover=-db,./t/e2e/cover_db_branch_return_sub/,-select,/tests/branch_return_sub\b,-ignore,blib,Devel/Cover,-merge,0,-coverage,statement,branch,condition,subroutine ./tests/branch_return_sub :  at blib/lib/Devel/Cover/Test.pm line 208.
# Looks like your test exited with 2 before it could output anything.
t/e2e/abranch_return_sub.t .. 
1..1
Dubious, test returned 2 (wstat 512, 0x200)
Failed 1/1 subtests 
Cannot close /usr/bin/perl -I./ -I./blib/lib -I./blib/arch -MDevel::Cover=-db,./t/e2e/cover_db_circular_ref/,-select,/tests/circular_ref\b,-ignore,blib,Devel/Cover,-merge,0,-coverage,statement,branch,condition,subroutine ./tests/circular_ref :  at blib/lib/Devel/Cover/Test.pm line 208.
# Looks like your test exited with 2 before it could output anything.
t/e2e/acircular_ref.t ....... 
1..1
Dubious, test returned 2 (wstat 512, 0x200)
Failed 1/1 subtests 
Cannot close /usr/bin/perl -I./ -I./blib/lib -I./blib/arch -MDevel::Cover=-db,./t/e2e/cover_db_cond_and/,-select,/tests/cond_and\b,-ignore,blib,Devel/Cover,-merge,0,-coverage,statement,branch,condition,subroutine ./tests/cond_and :  at blib/lib/Devel/Cover/Test.pm line 208.
# Looks like your test exited with 2 before it could output anything.
t/e2e/acond_and.t ........... 
1..1
Dubious, test returned 2 (wstat 512, 0x200)
Failed 1/1 subtests 
Cannot close /usr/bin/perl -I./ -I./blib/lib -I./blib/arch -MDevel::Cover=-db,./t/e2e/cover_db_cond_branch/,-select,/tests/cond_branch\b,-ignore,blib,Devel/Cover,-merge,0,-coverage,statement,branch,condition,subroutine ./tests/cond_branch :  at blib/lib/Devel/Cover/Test.pm line 208.
# Looks like your test exited with 2 before it could output anything.
t/e2e/acond_branch.t ........ 
1..1
Dubious, test returned 2 (wstat 512, 0x200)
Failed 1/1 subtests 
Cannot close /usr/bin/perl -I./ -I./blib/lib -I./blib/arch -MDevel::Cover=-db,./t/e2e/cover_db_cond_chained/,-select,/tests/cond_chained\b,-ignore,blib,Devel/Cover,-merge,0,-coverage,statement,branch,condition,subroutine ./tests/cond_chained :  at blib/lib/Devel/Cover/Test.pm line 208.
# Looks like your test exited with 2 before it could output anything.
t/e2e/acond_chained.t ....... 
1..1
Dubious, test returned 2 (wstat 512, 0x200)
Failed 1/1 subtests 
Cannot close /usr/bin/perl -I./ -I./blib/lib -I./blib/arch -MDevel::Cover=-db,./t/e2e/cover_db_cond_or/,-select,/tests/cond_or\b,-ignore,blib,Devel/Cover,-merge,0,-coverage,statement,branch,condition,subroutine ./tests/cond_or :  at blib/lib/Devel/Cover/Test.pm line 208.
# Looks like your test exited with 2 before it could output anything.
t/e2e/acond_or.t ............ 
1..1
Dubious, test returned 2 (wstat 512, 0x200)
Failed 1/1 subtests 
Cannot close /usr/bin/perl -I./ -I./blib/lib -I./blib/arch -MDevel::Cover=-db,./t/e2e/cover_db_cond_xor/,-select,/tests/cond_xor\b,-ignore,blib,Devel/Cover,-merge,0,-coverage,statement,branch,condition,subroutine ./tests/cond_xor :  at blib/lib/Devel/Cover/Test.pm line 208.
# Looks like your test exited with 2 before it could output anything.
t/e2e/acond_xor.t ........... 
1..1
Dubious, test returned 2 (wstat 512, 0x200)
Failed 1/1 subtests 
Cannot close /usr/bin/perl -I./ -I./blib/lib -I./blib/arch -MDevel::Cover=-db,./t/e2e/cover_db_cop/,-select,/tests/cop\b,-ignore,blib,Devel/Cover,-merge,0,-coverage,statement,branch,condition,subroutine ./tests/cop :  at blib/lib/Devel/Cover/Test.pm line 208.
# Looks like your test exited with 2 before it could output anything.
t/e2e/acop.t ................ 
1..1
Dubious, test returned 2 (wstat 512, 0x200)
Failed 1/1 subtests 
Cannot close /usr/bin/perl -I./ -I./blib/lib -I./blib/arch -MDevel::Cover=-db,./t/e2e/cover_db_dbm_cond/,-select,/tests/dbm_cond\b,-ignore,blib,Devel/Cover,-merge,0,-coverage,statement,branch,condition,subroutine ./tests/dbm_cond :  at blib/lib/Devel/Cover/Test.pm line 208.
# Looks like your test exited with 2 before it could output anything.
t/e2e/adbm_cond.t ........... 
1..1
Dubious, test returned 2 (wstat 512, 0x200)
Failed 1/1 subtests 
Cannot close /usr/bin/perl -I./ -I./blib/lib -I./blib/arch -MDevel::Cover=-db,./t/e2e/cover_db_default_param/,-select,/tests/default_param\b,-ignore,blib,Devel/Cover,-merge,0,-coverage,statement,branch,condition,subroutine ./tests/default_param :  at blib/lib/Devel/Cover/Test.pm line 208.
# Looks like your test exited with 2 before it could output anything.
t/e2e/adefault_param.t ...... 
1..1
Dubious, test returned 2 (wstat 512, 0x200)
Failed 1/1 subtests 
Cannot close /usr/bin/perl -I./ -I./blib/lib -I./blib/arch -MDevel::Cover=-db,./t/e2e/cover_db_deparse/,-select,/tests/deparse\b,-ignore,blib,Devel/Cover,-merge,0,-coverage,statement,branch,condition,subroutine ./tests/deparse :  at blib/lib/Devel/Cover/Test.pm line 208.
# Looks like your test exited with 2 before it could output anything.
t/e2e/adeparse.t ............ 
1..1
Dubious, test returned 2 (wstat 512, 0x200)
Failed 1/1 subtests 
Cannot close /usr/bin/perl -I./ -I./blib/lib -I./blib/arch -MDevel::Cover=-db,./t/e2e/cover_db_destroy/,-select,/tests/destroy\b,-ignore,blib,Devel/Cover,-merge,0,-coverage,statement,branch,condition,subroutine ./tests/destroy :  at blib/lib/Devel/Cover/Test.pm line 208.
# Looks like your test exited with 2 before it could output anything.
t/e2e/adestroy.t ............ 
1..1
Dubious, test returned 2 (wstat 512, 0x200)
Failed 1/1 subtests 
Cannot close /usr/bin/perl -I./ -I./blib/lib -I./blib/arch -MDevel::Cover=-db,./t/e2e/cover_db_dynamic_subs/,-select,/tests/dynamic_subs\b,-ignore,blib,Devel/Cover,-merge,0,-coverage,statement,branch,condition,subroutine ./tests/dynamic_subs :  at blib/lib/Devel/Cover/Test.pm line 208.
# Looks like your test exited with 2 before it could output anything.
t/e2e/adynamic_subs.t ....... 
1..1
Dubious, test returned 2 (wstat 512, 0x200)
Failed 1/1 subtests 
Cannot close /usr/bin/perl -I./ -I./blib/lib -I./blib/arch -MDevel::Cover=-db,./t/e2e/cover_db_empty/,-select,/tests/empty\b,-ignore,blib,Devel/Cover,-merge,0,-coverage,statement,branch,condition,subroutine ./tests/empty :  at blib/lib/Devel/Cover/Test.pm line 208.
# Looks like your test exited with 2 before it could output anything.
t/e2e/aempty.t .............. 
1..1
Dubious, test returned 2 (wstat 512, 0x200)
Failed 1/1 subtests 
Cannot close /usr/bin/perl -I./ -I./blib/lib -I./blib/arch -MDevel::Cover=-db,./t/e2e/cover_db_end_constant/,-select,/tests/end_constant\b,-ignore,blib,Devel/Cover,-merge,0,-coverage,statement,branch,condition,subroutine ./tests/end_constant :  at blib/lib/Devel/Cover/Test.pm line 208.
# Looks like your test exited with 2 before it could output anything.
t/e2e/aend_constant.t ....... 
1..1
Dubious, test returned 2 (wstat 512, 0x200)
Failed 1/1 subtests 
Cannot close /usr/bin/perl -I./ -I./blib/lib -I./blib/arch -MDevel::Cover=-db,./t/e2e/cover_db_eval1/,-select,/tests/eval1\b,-ignore,blib,Devel/Cover,-merge,0,-coverage,statement,branch,condition,subroutine ./tests/eval1 :  at blib/lib/Devel/Cover/Test.pm line 208.
# Looks like your test exited with 2 before it could output anything.
t/e2e/aeval1.t .............. 
1..1
Dubious, test returned 2 (wstat 512, 0x200)
Failed 1/1 subtests 
Cannot close /usr/bin/perl -I./ -I./blib/lib -I./blib/arch -MDevel::Cover=-db,./t/e2e/cover_db_eval2/,-select,/tests/eval2\b,-ignore,blib,Devel/Cover,-merge,0,-coverage,statement,branch,condition,subroutine ./tests/eval2 :  at blib/lib/Devel/Cover/Test.pm line 208.
# Looks like your test exited with 2 before it could output anything.
t/e2e/aeval2.t .............. 
1..1
Dubious, test returned 2 (wstat 512, 0x200)
Failed 1/1 subtests 
Cannot close /usr/bin/perl -I./ -I./blib/lib -I./blib/arch -MDevel::Cover=-db,./t/e2e/cover_db_eval3/,-select,/tests/eval3\b,-ignore,blib,Devel/Cover,-merge,0,-coverage,statement,branch,condition,subroutine ./tests/eval3 :  at blib/lib/Devel/Cover/Test.pm line 208.
# Looks like your test exited with 2 before it could output anything.
t/e2e/aeval3.t .............. 
1..1
Dubious, test returned 2 (wstat 512, 0x200)
Failed 1/1 subtests 
Cannot close /usr/bin/perl -I./ -I./blib/lib -I./blib/arch -MDevel::Cover=-db,./t/e2e/cover_db_eval_merge/,-select,/tests/eval_merge\b,-ignore,blib,Devel/Cover,-merge,0,-coverage,statement,branch,condition,subroutine ./tests/eval_merge :  at blib/lib/Devel/Cover/Test.pm line 208.
# Looks like your test exited with 2 before it could output anything.
t/e2e/aeval_merge.t ......... 
1..1
Dubious, test returned 2 (wstat 512, 0x200)
Failed 1/1 subtests 
Cannot close /usr/bin/perl -I./ -I./blib/lib -I./blib/arch -MDevel::Cover=-db,./t/e2e/cover_db_eval_merge_0/,-select,/tests/eval_merge_0\b,-ignore,blib,Devel/Cover,-merge,0,-coverage,statement,branch,condition,subroutine ./tests/eval_merge_0 :  at blib/lib/Devel/Cover/Test.pm line 208.
# Looks like your test exited with 2 before it could output anything.
t/e2e/aeval_merge_0.t ....... 
1..1
Dubious, test returned 2 (wstat 512, 0x200)
Failed 1/1 subtests 
Cannot close /usr/bin/perl -I./ -I./blib/lib -I./blib/arch -MDevel::Cover=-db,./t/e2e/cover_db_eval_merge_1/,-select,/tests/eval_merge_1\b,-ignore,blib,Devel/Cover,-merge,0,-coverage,statement,branch,condition,subroutine ./tests/eval_merge_1 :  at blib/lib/Devel/Cover/Test.pm line 208.
# Looks like your test exited with 2 before it could output anything.
t/e2e/aeval_merge_1.t ....... 
1..1
Dubious, test returned 2 (wstat 512, 0x200)
Failed 1/1 subtests 
Cannot close /usr/bin/perl -I./ -I./blib/lib -I./blib/arch -MDevel::Cover=-db,./t/e2e/cover_db_eval_nested/,-select,/tests/eval_nested\b,-ignore,blib,Devel/Cover,-merge,0,-coverage,statement,branch,condition,subroutine ./tests/eval_nested :  at blib/lib/Devel/Cover/Test.pm line 208.
# Looks like your test exited with 2 before it could output anything.
t/e2e/aeval_nested.t ........ 
1..1
Dubious, test returned 2 (wstat 512, 0x200)
Failed 1/1 subtests 
Cannot close /usr/bin/perl -I./ -I./blib/lib -I./blib/arch -MDevel::Cover=-db,./t/e2e/cover_db_eval_string/,-select,/tests/eval_string\b,-ignore,blib,Devel/Cover,-merge,0,-coverage,statement,branch,condition,subroutine ./tests/eval_string :  at blib/lib/Devel/Cover/Test.pm line 208.
# Looks like your test exited with 2 before it could output anything.
t/e2e/aeval_string.t ........ 
1..1
Dubious, test returned 2 (wstat 512, 0x200)
Failed 1/1 subtests 
Cannot close /usr/bin/perl -I./ -I./blib/lib -I./blib/arch -MDevel::Cover=-db,./t/e2e/cover_db_exec/,-select,/tests/exec\b,-ignore,blib,Devel/Cover,-merge,0,-coverage,statement,branch,condition,subroutine ./tests/exec :  at blib/lib/Devel/Cover/Test.pm line 208.
# Looks like your test exited with 2 before it could output anything.
t/e2e/aexec.t ............... 
1..1
Dubious, test returned 2 (wstat 512, 0x200)
Failed 1/1 subtests 
Cannot close /usr/bin/perl -I./ -I./blib/lib -I./blib/arch -MDevel::Cover=-db,./t/e2e/cover_db_exec_die/,-select,/tests/exec_die\b,-ignore,blib,Devel/Cover,-merge,0,-coverage,statement,branch,condition,subroutine ./tests/exec_die :  at blib/lib/Devel/Cover/Test.pm line 208.
# Looks like your test exited with 2 before it could output anything.
t/e2e/aexec_die.t ........... 
1..1
Dubious, test returned 2 (wstat 512, 0x200)
Failed 1/1 subtests 
Cannot close /usr/bin/perl -I./ -I./blib/lib -I./blib/arch -MDevel::Cover=-db,./t/e2e/cover_db_final_op/,-select,/tests/final_op\b,-ignore,blib,Devel/Cover,-merge,0,-coverage,statement,branch,condition,subroutine ./tests/final_op :  at blib/lib/Devel/Cover/Test.pm line 208.
# Looks like your test exited with 2 before it could output anything.
t/e2e/afinal_op.t ........... 
1..1
Dubious, test returned 2 (wstat 512, 0x200)
Failed 1/1 subtests 
Cannot close /usr/bin/perl -I./ -I./blib/lib -I./blib/arch -MDevel::Cover=-db,./t/e2e/cover_db_fork/,-select,/tests/fork\b,-ignore,blib,Devel/Cover,-merge,0,-coverage,statement,branch,condition,subroutine ./tests/fork :  at blib/lib/Devel/Cover/Test.pm line 208.
# Looks like your test exited with 2 before it could output anything.
t/e2e/afork.t ............... 
1..1
Dubious, test returned 2 (wstat 512, 0x200)
Failed 1/1 subtests 
Cannot close /usr/bin/perl -I./ -I./blib/lib -I./blib/arch -MDevel::Cover=-db,./t/e2e/cover_db_if/,-select,/tests/if\b,-ignore,blib,Devel/Cover,-merge,0,-coverage,statement,branch,condition,subroutine ./tests/if :  at blib/lib/Devel/Cover/Test.pm line 208.
# Looks like your test exited with 2 before it could output anything.
t/e2e/aif.t ................. 
1..1
Dubious, test returned 2 (wstat 512, 0x200)
Failed 1/1 subtests 
t/e2e/ainc_sub.t ............ skipped: depends too much on specific installed perl
Cannot close /usr/bin/perl -I./ -I./blib/lib -I./blib/arch -MDevel::Cover=-db,./t/e2e/cover_db_module1/,-select,/tests/module1\b,-ignore,blib,Devel/Cover,-merge,0,-coverage,statement,branch,condition,subroutine ./tests/module1 :  at blib/lib/Devel/Cover/Test.pm line 208.
# Looks like your test exited with 2 before it could output anything.
t/e2e/amodule1.t ............ 
1..1
Dubious, test returned 2 (wstat 512, 0x200)
Failed 1/1 subtests 
Cannot close /usr/bin/perl -I./ -I./blib/lib -I./blib/arch -MDevel::Cover=-db,./t/e2e/cover_db_module2/,-select,/tests/module2\b,-ignore,blib,Devel/Cover,-merge,0,-coverage,statement,branch,condition,subroutine ./tests/module2 :  at blib/lib/Devel/Cover/Test.pm line 208.
# Looks like your test exited with 2 before it could output anything.
t/e2e/amodule2.t ............ 
1..1
Dubious, test returned 2 (wstat 512, 0x200)
Failed 1/1 subtests 
Cannot close /usr/bin/perl -I./ -I./blib/lib -I./blib/arch -MDevel::Cover=-db,./t/e2e/cover_db_module_ignore/,-select,/tests/module_ignore\b,-ignore,blib,Devel/Cover,Module1,-merge,0,-coverage,statement,branch,condition,subroutine ./tests/module_ignore :  at blib/lib/Devel/Cover/Test.pm line 208.
# Looks like your test exited with 2 before it could output anything.
t/e2e/amodule_ignore.t ...... 
1..1
Dubious, test returned 2 (wstat 512, 0x200)
Failed 1/1 subtests 
Cannot close /usr/bin/perl -I./ -I./blib/lib -I./blib/arch -MDevel::Cover=-db,./t/e2e/cover_db_module_import/,-select,/tests/module_import\b,-ignore,blib,Devel/Cover,-merge,0,-coverage,statement,branch,condition,subroutine ./tests/module_import :  at blib/lib/Devel/Cover/Test.pm line 208.
# Looks like your test exited with 2 before it could output anything.
t/e2e/amodule_import.t ...... 
1..1
Dubious, test returned 2 (wstat 512, 0x200)
Failed 1/1 subtests 
Cannot close /usr/bin/perl -I./ -I./blib/lib -I./blib/arch -MDevel::Cover=-db,./t/e2e/cover_db_module_relative/,-select,/tests/module_relative\b,-ignore,blib,Devel/Cover,-merge,0,-coverage,statement,branch,condition,subroutine ./tests/module_relative :  at blib/lib/Devel/Cover/Test.pm line 208.
# Looks like your test exited with 2 before it could output anything.
t/e2e/amodule_relative.t .... 
1..1
Dubious, test returned 2 (wstat 512, 0x200)
Failed 1/1 subtests 
Cannot close /usr/bin/perl -I./ -I./blib/lib -I./blib/arch -MDevel::Cover=-db,./t/e2e/cover_db_module_statements/,-select,/tests/module_statements\b,-ignore,blib,Devel/Cover,-merge,0,-coverage,statement,branch,condition,subroutine ./tests/module_statements :  at blib/lib/Devel/Cover/Test.pm line 208.
# Looks like your test exited with 2 before it could output anything.
t/e2e/amodule_statements.t .. 
1..1
Dubious, test returned 2 (wstat 512, 0x200)
Failed 1/1 subtests 
Cannot close /usr/bin/perl -I./ -I./blib/lib -I./blib/arch -MDevel::Cover=-db,./t/e2e/cover_db_moo_cond/,-select,/tests/moo_cond\b,-ignore,blib,Devel/Cover,-merge,0,-coverage,statement,branch,condition,subroutine ./tests/moo_cond :  at blib/lib/Devel/Cover/Test.pm line 208.
# Looks like your test exited with 2 before it could output anything.
t/e2e/amoo_cond.t ........... 
1..1
Dubious, test returned 2 (wstat 512, 0x200)
Failed 1/1 subtests 
Cannot close /usr/bin/perl -I./ -I./blib/lib -I./blib/arch -MDevel::Cover=-db,./t/e2e/cover_db_moose_basic/,-select,/tests/moose_basic\b,-ignore,blib,Devel/Cover,-merge,0,-coverage,statement,branch,condition,subroutine ./tests/moose_basic :  at blib/lib/Devel/Cover/Test.pm line 208.
# Looks like your test exited with 2 before it could output anything.
t/e2e/amoose_basic.t ........ 
1..1
Dubious, test returned 2 (wstat 512, 0x200)
Failed 1/1 subtests 
Cannot close /usr/bin/perl -I./ -I./blib/lib -I./blib/arch -MDevel::Cover=-db,./t/e2e/cover_db_moose_cond/,-select,/tests/moose_cond\b,-ignore,blib,Devel/Cover,-merge,0,-coverage,statement,branch,condition,subroutine ./tests/moose_cond :  at blib/lib/Devel/Cover/Test.pm line 208.
# Looks like your test exited with 2 before it could output anything.
t/e2e/amoose_cond.t ......... 
1..1
Dubious, test returned 2 (wstat 512, 0x200)
Failed 1/1 subtests 
Cannot close /usr/bin/perl -I./ -I./blib/lib -I./blib/arch -MDevel::Cover=-db,./t/e2e/cover_db_moose_constraint/,-select,/tests/moose_constraint\b,-ignore,blib,Devel/Cover,-merge,0,-coverage,statement,branch,condition,subroutine ./tests/moose_constraint :  at blib/lib/Devel/Cover/Test.pm line 208.
# Looks like your test exited with 2 before it could output anything.
t/e2e/amoose_constraint.t ... 
1..1
Dubious, test returned 2 (wstat 512, 0x200)
Failed 1/1 subtests 
Cannot close /usr/bin/perl -I./ -I./blib/lib -I./blib/arch -MDevel::Cover=-db,./t/e2e/cover_db_overload_bool/,-select,/tests/overload_bool\b,-ignore,blib,Devel/Cover,-merge,0,-coverage,statement,branch,condition,subroutine ./tests/overload_bool :  at blib/lib/Devel/Cover/Test.pm line 208.
# Looks like your test exited with 2 before it could output anything.
t/e2e/aoverload_bool.t ...... 
1..1
Dubious, test returned 2 (wstat 512, 0x200)
Failed 1/1 subtests 
Cannot close /usr/bin/perl -I./ -I./blib/lib -I./blib/arch -MDevel::Cover=-db,./t/e2e/cover_db_overload_bool2/,-select,/tests/overload_bool2\b,-ignore,blib,Devel/Cover,-merge,0,-coverage,statement,branch,condition,subroutine ./tests/overload_bool2 :  at blib/lib/Devel/Cover/Test.pm line 208.
# Looks like your test exited with 2 before it could output anything.
t/e2e/aoverload_bool2.t ..... 
1..1
Dubious, test returned 2 (wstat 512, 0x200)
Failed 1/1 subtests 
Cannot close /usr/bin/perl -I./ -I./blib/lib -I./blib/arch -MDevel::Cover=-db,./t/e2e/cover_db_overloaded/,-select,/tests/overloaded\b,-ignore,blib,Devel/Cover,-merge,0,-coverage,statement,branch,condition,subroutine ./tests/overloaded :  at blib/lib/Devel/Cover/Test.pm line 208.
# Looks like your test exited with 2 before it could output anything.
t/e2e/aoverloaded.t ......... 
1..1
Dubious, test returned 2 (wstat 512, 0x200)
Failed 1/1 subtests 
Cannot close /usr/bin/perl -I./ -I./blib/lib -I./blib/arch -MDevel::Cover=-db,./t/e2e/cover_db_padrange/,-select,/tests/padrange\b,-ignore,blib,Devel/Cover,-merge,0,-coverage,statement,branch,condition,subroutine ./tests/padrange :  at blib/lib/Devel/Cover/Test.pm line 208.
# Looks like your test exited with 2 before it could output anything.
t/e2e/apadrange.t ........... 
1..1
Dubious, test returned 2 (wstat 512, 0x200)
Failed 1/1 subtests 
Cannot close /usr/bin/perl -I./ -I./blib/lib -I./blib/arch -MDevel::Cover=-db,./t/e2e/cover_db_padrange2/,-select,/tests/padrange2\b,-ignore,blib,Devel/Cover,-merge,0,-coverage,statement,branch,condition,subroutine ./tests/padrange2 :  at blib/lib/Devel/Cover/Test.pm line 208.
# Looks like your test exited with 2 before it could output anything.
t/e2e/apadrange2.t .......... 
1..1
Dubious, test returned 2 (wstat 512, 0x200)
Failed 1/1 subtests 
Cannot close /usr/bin/perl -I./ -I./blib/lib -I./blib/arch -MDevel::Cover=-db,./t/e2e/cover_db_pod/,-select,/tests/pod\b,-ignore,blib,Devel/Cover,-merge,0,-coverage,pod-also_private-xx ./tests/pod :  at blib/lib/Devel/Cover/Test.pm line 208.
# Looks like your test exited with 2 before it could output anything.
t/e2e/apod.t ................ 
1..1
Dubious, test returned 2 (wstat 512, 0x200)
Failed 1/1 subtests 
Cannot close /usr/bin/perl -I./ -I./blib/lib -I./blib/arch -MDevel::Cover=-db,./t/e2e/cover_db_pod_nocp/,-select,/tests/pod_nocp\b,-ignore,blib,Devel/Cover,-merge,0,-coverage,pod-nocp-also_private-xx ./tests/pod_nocp :  at blib/lib/Devel/Cover/Test.pm line 208.
# Looks like your test exited with 2 before it could output anything.
t/e2e/apod_nocp.t ........... 
1..1
Dubious, test returned 2 (wstat 512, 0x200)
Failed 1/1 subtests 
Cannot close /usr/bin/perl -I./ -I./blib/lib -I./blib/arch -MDevel::Cover=-db,./t/e2e/cover_db_readonly/,-select,/tests/readonly\b,-ignore,blib,Devel/Cover,-merge,0,-coverage,statement,branch,condition,subroutine ./tests/readonly :  at blib/lib/Devel/Cover/Test.pm line 208.
# Looks like your test exited with 2 before it could output anything.
t/e2e/areadonly.t ........... 
1..1
Dubious, test returned 2 (wstat 512, 0x200)
Failed 1/1 subtests 
Cannot close /usr/bin/perl -I./ -I./blib/lib -I./blib/arch -MDevel::Cover=-db,./t/e2e/cover_db_redefine_sub/,-select,/tests/redefine_sub\b,-ignore,blib,Devel/Cover,-merge,0,-coverage,statement,branch,condition,subroutine ./tests/redefine_sub :  at blib/lib/Devel/Cover/Test.pm line 208.
# Looks like your test exited with 2 before it could output anything.
t/e2e/aredefine_sub.t ....... 
1..1
Dubious, test returned 2 (wstat 512, 0x200)
Failed 1/1 subtests 
Cannot close /usr/bin/perl -I./ -I./blib/lib -I./blib/arch -MDevel::Cover=-db,./t/e2e/cover_db_require/,-select,/tests/require\b,-ignore,blib,Devel/Cover,-merge,0,-coverage,statement,branch,condition,subroutine ./tests/require :  at blib/lib/Devel/Cover/Test.pm line 208.
# Looks like your test exited with 2 before it could output anything.
t/e2e/arequire.t ............ 
1..1
Dubious, test returned 2 (wstat 512, 0x200)
Failed 1/1 subtests 
Cannot close /usr/bin/perl -I./ -I./blib/lib -I./blib/arch -MDevel::Cover=-db,./t/e2e/cover_db_signature/,-select,/tests/signature\b,-ignore,blib,Devel/Cover,-merge,0,-coverage,statement,branch,condition,subroutine ./tests/signature :  at blib/lib/Devel/Cover/Test.pm line 208.
# Looks like your test exited with 2 before it could output anything.
t/e2e/asignature.t .......... 
1..1
Dubious, test returned 2 (wstat 512, 0x200)
Failed 1/1 subtests 
Cannot close /usr/bin/perl -I./ -I./blib/lib -I./blib/arch -MDevel::Cover=-db,./t/e2e/cover_db_skip/,-select,/tests/skip\b,-ignore,blib,Devel/Cover,-merge,0,-coverage,statement,branch,condition,subroutine ./tests/skip :  at blib/lib/Devel/Cover/Test.pm line 208.
# Looks like your test exited with 2 before it could output anything.
t/e2e/askip.t ............... 
1..1
Dubious, test returned 2 (wstat 512, 0x200)
Failed 1/1 subtests 
Cannot close /usr/bin/perl -I./ -I./blib/lib -I./blib/arch -MDevel::Cover=-db,./t/e2e/cover_db_sort/,-select,/tests/sort\b,-ignore,blib,Devel/Cover,-merge,0,-coverage,statement,branch,condition,subroutine ./tests/sort :  at blib/lib/Devel/Cover/Test.pm line 208.
# Looks like your test exited with 2 before it could output anything.
t/e2e/asort.t ............... 
1..1
Dubious, test returned 2 (wstat 512, 0x200)
Failed 1/1 subtests 
Cannot close /usr/bin/perl -I./ -I./blib/lib -I./blib/arch -MDevel::Cover=-db,./t/e2e/cover_db_special_blocks/,-select,/tests/special_blocks\b,-ignore,blib,Devel/Cover,-merge,0,-coverage,statement,branch,condition,subroutine ./tests/special_blocks :  at blib/lib/Devel/Cover/Test.pm line 208.
# Looks like your test exited with 2 before it could output anything.
t/e2e/aspecial_blocks.t ..... 
1..1
Dubious, test returned 2 (wstat 512, 0x200)
Failed 1/1 subtests 
Cannot close /usr/bin/perl -I./ -I./blib/lib -I./blib/arch -MDevel::Cover=-db,./t/e2e/cover_db_statement/,-select,/tests/statement\b,-ignore,blib,Devel/Cover,-merge,0,-coverage,statement,branch,condition,subroutine ./tests/statement :  at blib/lib/Devel/Cover/Test.pm line 208.
# Looks like your test exited with 2 before it could output anything.
t/e2e/astatement.t .......... 
1..1
Dubious, test returned 2 (wstat 512, 0x200)
Failed 1/1 subtests 
Cannot close /usr/bin/perl -I./ -I./blib/lib -I./blib/arch -MDevel::Cover=-db,./t/e2e/cover_db_subs_only/,-select,/tests/subs_only\b,-ignore,blib,Devel/Cover,-merge,0,-coverage,statement,branch,condition,subroutine,-subs_only,1 ./tests/subs_only :  at blib/lib/Devel/Cover/Test.pm line 208.
# Looks like your test exited with 2 before it could output anything.
t/e2e/asubs_only.t .......... 
1..1
Dubious, test returned 2 (wstat 512, 0x200)
Failed 1/1 subtests 
Cannot close /usr/bin/perl -I./ -I./blib/lib -I./blib/arch -MDevel::Cover=-db,./t/e2e/cover_db_t0/,-select,/tests/t0\b,-ignore,blib,Devel/Cover,-merge,0,-coverage,statement,branch,condition,subroutine ./tests/t0 :  at blib/lib/Devel/Cover/Test.pm line 208.
# Looks like your test exited with 2 before it could output anything.
t/e2e/at0.t ................. 
1..1
Dubious, test returned 2 (wstat 512, 0x200)
Failed 1/1 subtests 
Cannot close /usr/bin/perl -I./ -I./blib/lib -I./blib/arch -MDevel::Cover=-db,./t/e2e/cover_db_t1/,-select,/tests/t1\b,-ignore,blib,Devel/Cover,-merge,0,-coverage,statement,branch,condition,subroutine ./tests/t1 :  at blib/lib/Devel/Cover/Test.pm line 208.
# Looks like your test exited with 2 before it could output anything.
t/e2e/at1.t ................. 
1..1
Dubious, test returned 2 (wstat 512, 0x200)
Failed 1/1 subtests 
Cannot close /usr/bin/perl -I./ -I./blib/lib -I./blib/arch -MDevel::Cover=-db,./t/e2e/cover_db_t2/,-select,/tests/t2\b,-ignore,blib,Devel/Cover,-merge,0,-coverage,statement,branch,condition,subroutine ./tests/t2 :  at blib/lib/Devel/Cover/Test.pm line 208.
# Looks like your test exited with 2 before it could output anything.
t/e2e/at2.t ................. 
1..1
Dubious, test returned 2 (wstat 512, 0x200)
Failed 1/1 subtests 
Cannot close /usr/bin/perl -I./ -I./blib/lib -I./blib/arch -MDevel::Cover=-db,./t/e2e/cover_db_taint/,-select,/tests/taint\b,-ignore,blib,Devel/Cover,-merge,0,-coverage,statement,branch,condition,subroutine ./tests/taint :  at blib/lib/Devel/Cover/Test.pm line 208.
# Looks like your test exited with 2 before it could output anything.
t/e2e/ataint.t .............. 
1..1
Dubious, test returned 2 (wstat 512, 0x200)
Failed 1/1 subtests 
Cannot close /usr/bin/perl -I./ -I./blib/lib -I./blib/arch -MDevel::Cover=-db,./t/e2e/cover_db_trivial/,-select,/tests/trivial\b,-ignore,blib,Devel/Cover,-merge,0,-coverage,statement,branch,condition,subroutine ./tests/trivial :  at blib/lib/Devel/Cover/Test.pm line 208.
# Looks like your test exited with 2 before it could output anything.
t/e2e/atrivial.t ............ 
1..1
Dubious, test returned 2 (wstat 512, 0x200)
Failed 1/1 subtests 
Cannot close /usr/bin/perl -I./ -I./blib/lib -I./blib/arch -MDevel::Cover=-db,./t/e2e/cover_db_uncoverable/,-select,/tests/uncoverable\b,-ignore,blib,Devel/Cover,-merge,0,-coverage,statement,branch,condition,subroutine ./tests/uncoverable :  at blib/lib/Devel/Cover/Test.pm line 208.
# Looks like your test exited with 2 before it could output anything.
t/e2e/auncoverable.t ........ 
1..1
Dubious, test returned 2 (wstat 512, 0x200)
Failed 1/1 subtests 
Cannot close /usr/bin/perl -I./ -I./blib/lib -I./blib/arch -MDevel::Cover=-db,./t/e2e/cover_db_v-58x/,-select,/tests/v-58x\b,-ignore,blib,Devel/Cover,-merge,0,-coverage,statement,branch,condition,subroutine ./tests/v-58x :  at blib/lib/Devel/Cover/Test.pm line 208.
# Looks like your test exited with 2 before it could output anything.
t/e2e/av-58x.t .............. 
1..1
Dubious, test returned 2 (wstat 512, 0x200)
Failed 1/1 subtests 
Cannot close /usr/bin/perl -I./ -I./blib/lib -I./blib/arch -MDevel::Cover=-db,./t/e2e/cover_db_xor_constant_fold/,-select,/tests/xor_constant_fold\b,-ignore,blib,Devel/Cover,-merge,0,-coverage,statement,branch,condition,subroutine ./tests/xor_constant_fold :  at blib/lib/Devel/Cover/Test.pm line 208.
# Looks like your test exited with 2 before it could output anything.
t/e2e/axor_constant_fold.t .. 
1..1
Dubious, test returned 2 (wstat 512, 0x200)
Failed 1/1 subtests 
Cannot close /usr/bin/perl -I./ -I./blib/lib -I./blib/arch -MDevel::Cover=-db,./t/e2e/cover_db_complex_change/,-select,/tests/change\b,-ignore,blib,Devel/Cover,-merge,0,-coverage,statement,branch,condition,subroutine ./tests/change :  at /<<PKGBUILDDIR>>/blib/lib/Devel/Cover/Test.pm line 208.
# Looks like your test exited with 2 before it could output anything.
t/e2e/change.t .............. 
1..1
Dubious, test returned 2 (wstat 512, 0x200)
Failed 1/1 subtests 
Cannot close /usr/bin/perl -I./ -I./blib/lib -I./blib/arch -MDevel::Cover=-db,./t/e2e/cover_db_complex_eval_merge/,-select,/tests/eval_merge\b,-ignore,blib,Devel/Cover,-merge,0,-coverage,statement,branch,condition,subroutine ./tests/eval_merge 0:  at /<<PKGBUILDDIR>>/blib/lib/Devel/Cover/Test.pm line 208.
# Looks like your test exited with 2 before it could output anything.
t/e2e/eval_merge.t .......... 
1..1
Dubious, test returned 2 (wstat 512, 0x200)
Failed 1/1 subtests 
Cannot close /usr/bin/perl -I./ -I./blib/lib -I./blib/arch -MDevel::Cover=-db,./t/e2e/cover_db_complex_eval_merge_sep/,-select,/tests/eval_merge_sep\b,-ignore,blib,Devel/Cover,-merge,0,-coverage,statement,branch,condition,subroutine ./tests/eval_merge_0 :  at /<<PKGBUILDDIR>>/blib/lib/Devel/Cover/Test.pm line 208.
# Looks like your test exited with 2 before it could output anything.
t/e2e/eval_merge_sep.t ...... 
1..1
Dubious, test returned 2 (wstat 512, 0x200)
Failed 1/1 subtests 
Cannot close /usr/bin/perl -I./ -I./blib/lib -I./blib/arch -MDevel::Cover=-db,./t/e2e/cover_db_complex_eval_sub/,-select,/tests/eval3\b,-ignore,blib,Devel/Cover,-merge,0,-coverage,statement,branch,condition,subroutine ./tests/eval3 5:  at /<<PKGBUILDDIR>>/blib/lib/Devel/Cover/Test.pm line 208.
# Looks like your test exited with 2 before it could output anything.
t/e2e/eval_sub.t ............ 
1..1
Dubious, test returned 2 (wstat 512, 0x200)
Failed 1/1 subtests 
Cannot close /usr/bin/perl -I./ -I./blib/lib -I./blib/arch -MDevel::Cover=-db,./t/e2e/cover_db_complex_eval_use/,-select,/tests/eval2\b,-ignore,blib,Devel/Cover,-merge,0,-coverage,statement,branch,condition,subroutine ./tests/eval2 :  at /<<PKGBUILDDIR>>/blib/lib/Devel/Cover/Test.pm line 208.
# Looks like your test exited with 2 before it could output anything.
t/e2e/eval_use.t ............ 
1..1
Dubious, test returned 2 (wstat 512, 0x200)
Failed 1/1 subtests 
Cannot close /usr/bin/perl -I./ -I./blib/lib -I./blib/arch -MDevel::Cover=-db,./t/e2e/cover_db_complex_md5/,-select,/tests/md5\b,-ignore,blib,Devel/Cover,-merge,0,-coverage,statement,branch,condition,subroutine ./tests/md5 :  at /<<PKGBUILDDIR>>/blib/lib/Devel/Cover/Test.pm line 208.
# Looks like your test exited with 2 before it could output anything.
t/e2e/md5.t ................. 
1..1
Dubious, test returned 2 (wstat 512, 0x200)
Failed 1/1 subtests 
Can't load '/<<PKGBUILDDIR>>/blib/arch/auto/Devel/Cover/Cover.so' for module Devel::Cover: /<<PKGBUILDDIR>>/blib/arch/auto/Devel/Cover/Cover.so: undefined symbol: perl_tsa_mutex_lock at /usr/lib/x86_64-linux-gnu/perl-base/DynaLoader.pm line 187.
  at t/internal/criteria.t line 7.
t/internal/criteria.t ....... 
Dubious, test returned 2 (wstat 512, 0x200)
No subtests run 
t/internal/inc_filter.t ..... 
1..2
ok 1 - cwd_lib was left in the array four times
ok 2 - no other paths were left in the array
ok
t/internal/launch.t ......... 
1..10
ok 1 - Vim does not support launch
ok 2 - Json does not support launch
ok 3 - Html supports launch
ok 4 - Html_basic supports launch
ok 5 - Sort does not support launch
ok 6 - Text2 does not support launch
ok 7 - Html_minimal supports launch
ok 8 - Html_subtle supports launch
ok 9 - Text does not support launch
ok 10 - Compilation does not support launch
ok

#   Failed test 'test with perl -MDevel::Cover,-silent,1 -e'
#   at t/internal/subprocess.t line 18.
#          got: 'Can't load '/<<PKGBUILDDIR>>/blib/arch/auto/Devel/Cover/Cover.so' for module Devel::Cover: /<<PKGBUILDDIR>>/blib/arch/auto/Devel/Cover/Cover.so: undefined symbol: perl_tsa_mutex_lock at /usr/lib/x86_64-linux-gnu/perl-base/DynaLoader.pm line 187.
#   at -e line 0.
# BEGIN failed--compilation aborted.
# Undefined subroutine &Devel::Cover::set_first_init_and_end called at /<<PKGBUILDDIR>>/blib/lib/Devel/Cover.pm line 275.
# CHECK failed--call queue aborted.
# '
#     expected: 'Hello, world.'
# Looks like you failed 1 test of 2.
t/internal/subprocess.t ..... 
1..2
ok 1 - simple test with perl -e
not ok 2 - test with perl -MDevel::Cover,-silent,1 -e
Dubious, test returned 1 (wstat 256, 0x100)
Failed 1/2 subtests 
t/regexp/regexp_eval.t ...... 
1..1
ok 1
ok

Test Summary Report
-------------------
t/e2e/aaccessor.t         (Wstat: 512 Tests: 0 Failed: 0)
  Non-zero exit status: 2
  Parse errors: Bad plan.  You planned 1 tests but ran 0.
t/e2e/aalias.t            (Wstat: 512 Tests: 0 Failed: 0)
  Non-zero exit status: 2
  Parse errors: Bad plan.  You planned 1 tests but ran 0.
t/e2e/aalias1.t           (Wstat: 512 Tests: 0 Failed: 0)
  Non-zero exit status: 2
  Parse errors: Bad plan.  You planned 1 tests but ran 0.
t/e2e/aand.t              (Wstat: 512 Tests: 0 Failed: 0)
  Non-zero exit status: 2
  Parse errors: Bad plan.  You planned 1 tests but ran 0.
t/e2e/abigint.t           (Wstat: 512 Tests: 0 Failed: 0)
  Non-zero exit status: 2
  Parse errors: Bad plan.  You planned 1 tests but ran 0.
t/e2e/abranch_return_sub.t (Wstat: 512 Tests: 0 Failed: 0)
  Non-zero exit status: 2
  Parse errors: Bad plan.  You planned 1 tests but ran 0.
t/e2e/acircular_ref.t     (Wstat: 512 Tests: 0 Failed: 0)
  Non-zero exit status: 2
  Parse errors: Bad plan.  You planned 1 tests but ran 0.
t/e2e/acond_and.t         (Wstat: 512 Tests: 0 Failed: 0)
  Non-zero exit status: 2
  Parse errors: Bad plan.  You planned 1 tests but ran 0.
t/e2e/acond_branch.t      (Wstat: 512 Tests: 0 Failed: 0)
  Non-zero exit status: 2
  Parse errors: Bad plan.  You planned 1 tests but ran 0.
t/e2e/acond_chained.t     (Wstat: 512 Tests: 0 Failed: 0)
  Non-zero exit status: 2
  Parse errors: Bad plan.  You planned 1 tests but ran 0.
t/e2e/acond_or.t          (Wstat: 512 Tests: 0 Failed: 0)
  Non-zero exit status: 2
  Parse errors: Bad plan.  You planned 1 tests but ran 0.
t/e2e/acond_xor.t         (Wstat: 512 Tests: 0 Failed: 0)
  Non-zero exit status: 2
  Parse errors: Bad plan.  You planned 1 tests but ran 0.
t/e2e/acop.t              (Wstat: 512 Tests: 0 Failed: 0)
  Non-zero exit status: 2
  Parse errors: Bad plan.  You planned 1 tests but ran 0.
t/e2e/adbm_cond.t         (Wstat: 512 Tests: 0 Failed: 0)
  Non-zero exit status: 2
  Parse errors: Bad plan.  You planned 1 tests but ran 0.
t/e2e/adefault_param.t    (Wstat: 512 Tests: 0 Failed: 0)
  Non-zero exit status: 2
  Parse errors: Bad plan.  You planned 1 tests but ran 0.
t/e2e/adeparse.t          (Wstat: 512 Tests: 0 Failed: 0)
  Non-zero exit status: 2
  Parse errors: Bad plan.  You planned 1 tests but ran 0.
t/e2e/adestroy.t          (Wstat: 512 Tests: 0 Failed: 0)
  Non-zero exit status: 2
  Parse errors: Bad plan.  You planned 1 tests but ran 0.
t/e2e/adynamic_subs.t     (Wstat: 512 Tests: 0 Failed: 0)
  Non-zero exit status: 2
  Parse errors: Bad plan.  You planned 1 tests but ran 0.
t/e2e/aempty.t            (Wstat: 512 Tests: 0 Failed: 0)
  Non-zero exit status: 2
  Parse errors: Bad plan.  You planned 1 tests but ran 0.
t/e2e/aend_constant.t     (Wstat: 512 Tests: 0 Failed: 0)
  Non-zero exit status: 2
  Parse errors: Bad plan.  You planned 1 tests but ran 0.
t/e2e/aeval1.t            (Wstat: 512 Tests: 0 Failed: 0)
  Non-zero exit status: 2
  Parse errors: Bad plan.  You planned 1 tests but ran 0.
t/e2e/aeval2.t            (Wstat: 512 Tests: 0 Failed: 0)
  Non-zero exit status: 2
  Parse errors: Bad plan.  You planned 1 tests but ran 0.
t/e2e/aeval3.t            (Wstat: 512 Tests: 0 Failed: 0)
  Non-zero exit status: 2
  Parse errors: Bad plan.  You planned 1 tests but ran 0.
t/e2e/aeval_merge.t       (Wstat: 512 Tests: 0 Failed: 0)
  Non-zero exit status: 2
  Parse errors: Bad plan.  You planned 1 tests but ran 0.
t/e2e/aeval_merge_0.t     (Wstat: 512 Tests: 0 Failed: 0)
  Non-zero exit status: 2
  Parse errors: Bad plan.  You planned 1 tests but ran 0.
t/e2e/aeval_merge_1.t     (Wstat: 512 Tests: 0 Failed: 0)
  Non-zero exit status: 2
  Parse errors: Bad plan.  You planned 1 tests but ran 0.
t/e2e/aeval_nested.t      (Wstat: 512 Tests: 0 Failed: 0)
  Non-zero exit status: 2
  Parse errors: Bad plan.  You planned 1 tests but ran 0.
t/e2e/aeval_string.t      (Wstat: 512 Tests: 0 Failed: 0)
  Non-zero exit status: 2
  Parse errors: Bad plan.  You planned 1 tests but ran 0.
t/e2e/aexec.t             (Wstat: 512 Tests: 0 Failed: 0)
  Non-zero exit status: 2
  Parse errors: Bad plan.  You planned 1 tests but ran 0.
t/e2e/aexec_die.t         (Wstat: 512 Tests: 0 Failed: 0)
  Non-zero exit status: 2
  Parse errors: Bad plan.  You planned 1 tests but ran 0.
t/e2e/afinal_op.t         (Wstat: 512 Tests: 0 Failed: 0)
  Non-zero exit status: 2
  Parse errors: Bad plan.  You planned 1 tests but ran 0.
t/e2e/afork.t             (Wstat: 512 Tests: 0 Failed: 0)
  Non-zero exit status: 2
  Parse errors: Bad plan.  You planned 1 tests but ran 0.
t/e2e/aif.t               (Wstat: 512 Tests: 0 Failed: 0)
  Non-zero exit status: 2
  Parse errors: Bad plan.  You planned 1 tests but ran 0.
t/e2e/amodule1.t          (Wstat: 512 Tests: 0 Failed: 0)
  Non-zero exit status: 2
  Parse errors: Bad plan.  You planned 1 tests but ran 0.
t/e2e/amodule2.t          (Wstat: 512 Tests: 0 Failed: 0)
  Non-zero exit status: 2
  Parse errors: Bad plan.  You planned 1 tests but ran 0.
t/e2e/amodule_ignore.t    (Wstat: 512 Tests: 0 Failed: 0)
  Non-zero exit status: 2
  Parse errors: Bad plan.  You planned 1 tests but ran 0.
t/e2e/amodule_import.t    (Wstat: 512 Tests: 0 Failed: 0)
  Non-zero exit status: 2
  Parse errors: Bad plan.  You planned 1 tests but ran 0.
t/e2e/amodule_relative.t  (Wstat: 512 Tests: 0 Failed: 0)
  Non-zero exit status: 2
  Parse errors: Bad plan.  You planned 1 tests but ran 0.
t/e2e/amodule_statements.t (Wstat: 512 Tests: 0 Failed: 0)
  Non-zero exit status: 2
  Parse errors: Bad plan.  You planned 1 tests but ran 0.
t/e2e/amoo_cond.t         (Wstat: 512 Tests: 0 Failed: 0)
  Non-zero exit status: 2
  Parse errors: Bad plan.  You planned 1 tests but ran 0.
t/e2e/amoose_basic.t      (Wstat: 512 Tests: 0 Failed: 0)
  Non-zero exit status: 2
  Parse errors: Bad plan.  You planned 1 tests but ran 0.
t/e2e/amoose_cond.t       (Wstat: 512 Tests: 0 Failed: 0)
  Non-zero exit status: 2
  Parse errors: Bad plan.  You planned 1 tests but ran 0.
t/e2e/amoose_constraint.t (Wstat: 512 Tests: 0 Failed: 0)
  Non-zero exit status: 2
  Parse errors: Bad plan.  You planned 1 tests but ran 0.
t/e2e/aoverload_bool.t    (Wstat: 512 Tests: 0 Failed: 0)
  Non-zero exit status: 2
  Parse errors: Bad plan.  You planned 1 tests but ran 0.
t/e2e/aoverload_bool2.t   (Wstat: 512 Tests: 0 Failed: 0)
  Non-zero exit status: 2
  Parse errors: Bad plan.  You planned 1 tests but ran 0.
t/e2e/aoverloaded.t       (Wstat: 512 Tests: 0 Failed: 0)
  Non-zero exit status: 2
  Parse errors: Bad plan.  You planned 1 tests but ran 0.
t/e2e/apadrange.t         (Wstat: 512 Tests: 0 Failed: 0)
  Non-zero exit status: 2
  Parse errors: Bad plan.  You planned 1 tests but ran 0.
t/e2e/apadrange2.t        (Wstat: 512 Tests: 0 Failed: 0)
  Non-zero exit status: 2
  Parse errors: Bad plan.  You planned 1 tests but ran 0.
t/e2e/apod.t              (Wstat: 512 Tests: 0 Failed: 0)
  Non-zero exit status: 2
  Parse errors: Bad plan.  You planned 1 tests but ran 0.
t/e2e/apod_nocp.t         (Wstat: 512 Tests: 0 Failed: 0)
  Non-zero exit status: 2
  Parse errors: Bad plan.  You planned 1 tests but ran 0.
t/e2e/areadonly.t         (Wstat: 512 Tests: 0 Failed: 0)
  Non-zero exit status: 2
  Parse errors: Bad plan.  You planned 1 tests but ran 0.
t/e2e/aredefine_sub.t     (Wstat: 512 Tests: 0 Failed: 0)
  Non-zero exit status: 2
  Parse errors: Bad plan.  You planned 1 tests but ran 0.
t/e2e/arequire.t          (Wstat: 512 Tests: 0 Failed: 0)
  Non-zero exit status: 2
  Parse errors: Bad plan.  You planned 1 tests but ran 0.
t/e2e/asignature.t        (Wstat: 512 Tests: 0 Failed: 0)
  Non-zero exit status: 2
  Parse errors: Bad plan.  You planned 1 tests but ran 0.
t/e2e/askip.t             (Wstat: 512 Tests: 0 Failed: 0)
  Non-zero exit status: 2
  Parse errors: Bad plan.  You planned 1 tests but ran 0.
t/e2e/asort.t             (Wstat: 512 Tests: 0 Failed: 0)
  Non-zero exit status: 2
  Parse errors: Bad plan.  You planned 1 tests but ran 0.
t/e2e/aspecial_blocks.t   (Wstat: 512 Tests: 0 Failed: 0)
  Non-zero exit status: 2
  Parse errors: Bad plan.  You planned 1 tests but ran 0.
t/e2e/astatement.t        (Wstat: 512 Tests: 0 Failed: 0)
  Non-zero exit status: 2
  Parse errors: Bad plan.  You planned 1 tests but ran 0.
t/e2e/asubs_only.t        (Wstat: 512 Tests: 0 Failed: 0)
  Non-zero exit status: 2
  Parse errors: Bad plan.  You planned 1 tests but ran 0.
t/e2e/at0.t               (Wstat: 512 Tests: 0 Failed: 0)
  Non-zero exit status: 2
  Parse errors: Bad plan.  You planned 1 tests but ran 0.
t/e2e/at1.t               (Wstat: 512 Tests: 0 Failed: 0)
  Non-zero exit status: 2
  Parse errors: Bad plan.  You planned 1 tests but ran 0.
t/e2e/at2.t               (Wstat: 512 Tests: 0 Failed: 0)
  Non-zero exit status: 2
  Parse errors: Bad plan.  You planned 1 tests but ran 0.
t/e2e/ataint.t            (Wstat: 512 Tests: 0 Failed: 0)
  Non-zero exit status: 2
  Parse errors: Bad plan.  You planned 1 tests but ran 0.
t/e2e/atrivial.t          (Wstat: 512 Tests: 0 Failed: 0)
  Non-zero exit status: 2
  Parse errors: Bad plan.  You planned 1 tests but ran 0.
t/e2e/auncoverable.t      (Wstat: 512 Tests: 0 Failed: 0)
  Non-zero exit status: 2
  Parse errors: Bad plan.  You planned 1 tests but ran 0.
t/e2e/av-58x.t            (Wstat: 512 Tests: 0 Failed: 0)
  Non-zero exit status: 2
  Parse errors: Bad plan.  You planned 1 tests but ran 0.
t/e2e/axor_constant_fold.t (Wstat: 512 Tests: 0 Failed: 0)
  Non-zero exit status: 2
  Parse errors: Bad plan.  You planned 1 tests but ran 0.
t/e2e/change.t            (Wstat: 512 Tests: 0 Failed: 0)
  Non-zero exit status: 2
  Parse errors: Bad plan.  You planned 1 tests but ran 0.
t/e2e/eval_merge.t        (Wstat: 512 Tests: 0 Failed: 0)
  Non-zero exit status: 2
  Parse errors: Bad plan.  You planned 1 tests but ran 0.
t/e2e/eval_merge_sep.t    (Wstat: 512 Tests: 0 Failed: 0)
  Non-zero exit status: 2
  Parse errors: Bad plan.  You planned 1 tests but ran 0.
t/e2e/eval_sub.t          (Wstat: 512 Tests: 0 Failed: 0)
  Non-zero exit status: 2
  Parse errors: Bad plan.  You planned 1 tests but ran 0.
t/e2e/eval_use.t          (Wstat: 512 Tests: 0 Failed: 0)
  Non-zero exit status: 2
  Parse errors: Bad plan.  You planned 1 tests but ran 0.
t/e2e/md5.t               (Wstat: 512 Tests: 0 Failed: 0)
  Non-zero exit status: 2
  Parse errors: Bad plan.  You planned 1 tests but ran 0.
t/internal/criteria.t     (Wstat: 512 Tests: 0 Failed: 0)
  Non-zero exit status: 2
  Parse errors: No plan found in TAP output
t/internal/subprocess.t   (Wstat: 256 Tests: 2 Failed: 1)
  Failed test:  2
  Non-zero exit status: 1
Files=80, Tests=16, 13 wallclock secs ( 0.16 usr  0.05 sys + 10.74 cusr  1.83 csys = 12.78 CPU)
Result: FAIL
Failed 75/80 test programs. 1/16 subtests failed.
make[1]: *** [Makefile:1232: test_dynamic] Error 255
make[1]: Leaving directory '/<<PKGBUILDDIR>>'
dh_auto_test: error: make -j4 test TEST_VERBOSE=1 returned exit code 2
make: *** [debian/rules:9: binary] Error 25
dpkg-buildpackage: error: debian/rules binary subprocess returned exit status 2
--------------------------------------------------------------------------------
Build finished at 2020-10-29T20:04:26Z

Finished
--------


+------------------------------------------------------------------------------+
| Cleanup                                                                      |
+------------------------------------------------------------------------------+

Purging /<<BUILDDIR>>
Not cleaning session: cloned chroot in use
E: Build failure (dpkg-buildpackage died)

+------------------------------------------------------------------------------+
| Summary                                                                      |
+------------------------------------------------------------------------------+

Build Architecture: amd64
Build Type: binary
Build-Space: 3980
Build-Time: 15
Distribution: unstable
Fail-Stage: build
Host Architecture: amd64
Install-Time: 7
Job: libdevel-cover-perl_1.36-1
Machine Architecture: amd64
Package: libdevel-cover-perl
Package-Time: 40
Source-Version: 1.36-1
Space: 3980
Status: attempted
Version: 1.36-1
--------------------------------------------------------------------------------
Finished at 2020-10-29T20:04:26Z
Build needed 00:00:40, 3980k disk space
E: Build failure (dpkg-buildpackage died)
DC-Status: Failed 40.644549338s
