DC-Build-Header: libset-object-perl 1.40-1 / 2020-10-29 20:16:18 +0000
DC-Task: type:rebuild-binarch-only source:libset-object-perl version:1.40-1 chroot:unstable esttime:19 logfile:/tmp/libset-object-perl_1.40-1_unstable_clang11.log modes:clang11:binarch-only
DC-Sbuild-call: su user42 -c 'sbuild -n --arch-any --apt-update -d unstable -v --no-run-lintian --chroot-setup-commands=/tmp/clang11 libset-object-perl_1.40-1'
sbuild (Debian sbuild) 0.78.1 (09 February 2019) on ip-172-31-4-59.eu-central-1.compute.internal

+==============================================================================+
| libset-object-perl 1.40-1 (amd64)            Thu, 29 Oct 2020 20:16:19 +0000 |
+==============================================================================+

Package: libset-object-perl
Version: 1.40-1
Source Version: 1.40-1
Distribution: unstable
Machine Architecture: amd64
Host Architecture: amd64
Build Architecture: amd64
Build Type: binary

I: NOTICE: Log filtering will replace 'var/run/schroot/mount/sid-amd64-sbuild-5aba0569-d228-4819-8d92-d8d21adb3438' with '<<CHROOT>>'

+------------------------------------------------------------------------------+
| Chroot Setup Commands                                                        |
+------------------------------------------------------------------------------+


/tmp/clang11
------------

+ echo 'Entering customization script...'
Entering customization script...
+ CLANG_VERSION=10
+ echo 'Install of clang-10'
Install of clang-10
+ apt-get update
Get:1 http://127.0.0.1:12990/debian sid InRelease [146 kB]
Get:2 http://127.0.0.1:12990/debian sid/main Sources.diff/Index [734 B]
Ign:2 http://127.0.0.1:12990/debian sid/main Sources.diff/Index
Get:3 http://127.0.0.1:12990/debian sid/main amd64 Packages.diff/Index [734 B]
Ign:3 http://127.0.0.1:12990/debian sid/main amd64 Packages.diff/Index
Get:4 http://127.0.0.1:12990/debian sid/main Translation-en [6391 kB]
Get:5 http://127.0.0.1:12990/debian sid/main Sources [8989 kB]
Get:6 http://127.0.0.1:12990/debian sid/main amd64 Packages [8492 kB]
Fetched 24.0 MB in 3s (6908 kB/s)
Reading package lists...
+ apt-get install --yes --no-install-recommends --force-yes clang-10 libomp-10-dev libobjc-9-dev
Reading package lists...
Building dependency tree...
The following additional packages will be installed:
  lib32gcc-s1 lib32stdc++6 libasan5 libbsd0 libc6-i386 libclang-common-10-dev
  libclang-cpp10 libclang1-10 libedit2 libgc1 libgcc-9-dev libllvm10
  libobjc-10-dev libobjc4 libomp5-10 libz3-4
Suggested packages:
  clang-10-doc libomp-10-doc
Recommended packages:
  llvm-10-dev python3
The following NEW packages will be installed:
  clang-10 lib32gcc-s1 lib32stdc++6 libasan5 libbsd0 libc6-i386
  libclang-common-10-dev libclang-cpp10 libclang1-10 libedit2 libgc1
  libgcc-9-dev libllvm10 libobjc-10-dev libobjc-9-dev libobjc4 libomp-10-dev
  libomp5-10 libz3-4
0 upgraded, 19 newly installed, 0 to remove and 1 not upgraded.
Need to get 52.3 MB of archives.
After this operation, 274 MB of additional disk space will be used.
Get:1 http://127.0.0.1:12990/debian sid/main amd64 libbsd0 amd64 0.10.0-1 [107 kB]
Get:2 http://127.0.0.1:12990/debian sid/main amd64 libedit2 amd64 3.1-20191231-1 [95.4 kB]
Get:3 http://127.0.0.1:12990/debian sid/main amd64 libz3-4 amd64 4.8.9-1 [6783 kB]
Get:4 http://127.0.0.1:12990/debian sid/main amd64 libllvm10 amd64 1:10.0.1-7 [16.6 MB]
Get:5 http://127.0.0.1:12990/debian sid/main amd64 libclang-cpp10 amd64 1:10.0.1-7 [9069 kB]
Get:6 http://127.0.0.1:12990/debian sid/main amd64 libgc1 amd64 1:8.0.4-2.1 [239 kB]
Get:7 http://127.0.0.1:12990/debian sid/main amd64 libobjc4 amd64 10.2.0-15 [41.6 kB]
Get:8 http://127.0.0.1:12990/debian sid/main amd64 libobjc-10-dev amd64 10.2.0-15 [170 kB]
Get:9 http://127.0.0.1:12990/debian sid/main amd64 libc6-i386 amd64 2.31-4 [2815 kB]
Get:10 http://127.0.0.1:12990/debian sid/main amd64 lib32gcc-s1 amd64 10.2.0-15 [49.4 kB]
Get:11 http://127.0.0.1:12990/debian sid/main amd64 lib32stdc++6 amd64 10.2.0-15 [511 kB]
Get:12 http://127.0.0.1:12990/debian sid/main amd64 libclang-common-10-dev amd64 1:10.0.1-7 [5062 kB]
Get:13 http://127.0.0.1:12990/debian sid/main amd64 libclang1-10 amd64 1:10.0.1-7 [7293 kB]
Get:14 http://127.0.0.1:12990/debian sid/main amd64 clang-10 amd64 1:10.0.1-7 [106 kB]
Get:15 http://127.0.0.1:12990/debian sid/main amd64 libasan5 amd64 9.3.0-18 [390 kB]
Get:16 http://127.0.0.1:12990/debian sid/main amd64 libgcc-9-dev amd64 9.3.0-18 [2347 kB]
Get:17 http://127.0.0.1:12990/debian sid/main amd64 libobjc-9-dev amd64 9.3.0-18 [220 kB]
Get:18 http://127.0.0.1:12990/debian sid/main amd64 libomp5-10 amd64 1:10.0.1-7 [339 kB]
Get:19 http://127.0.0.1:12990/debian sid/main amd64 libomp-10-dev amd64 1:10.0.1-7 [86.6 kB]
debconf: delaying package configuration, since apt-utils is not installed
Fetched 52.3 MB in 0s (139 MB/s)
Selecting previously unselected package libbsd0:amd64.
(Reading database ... (Reading database ... 5%(Reading database ... 10%(Reading database ... 15%(Reading database ... 20%(Reading database ... 25%(Reading database ... 30%(Reading database ... 35%(Reading database ... 40%(Reading database ... 45%(Reading database ... 50%(Reading database ... 55%(Reading database ... 60%(Reading database ... 65%(Reading database ... 70%(Reading database ... 75%(Reading database ... 80%(Reading database ... 85%(Reading database ... 90%(Reading database ... 95%(Reading database ... 100%(Reading database ... 12312 files and directories currently installed.)
Preparing to unpack .../00-libbsd0_0.10.0-1_amd64.deb ...
Unpacking libbsd0:amd64 (0.10.0-1) ...
Selecting previously unselected package libedit2:amd64.
Preparing to unpack .../01-libedit2_3.1-20191231-1_amd64.deb ...
Unpacking libedit2:amd64 (3.1-20191231-1) ...
Selecting previously unselected package libz3-4:amd64.
Preparing to unpack .../02-libz3-4_4.8.9-1_amd64.deb ...
Unpacking libz3-4:amd64 (4.8.9-1) ...
Selecting previously unselected package libllvm10:amd64.
Preparing to unpack .../03-libllvm10_1%3a10.0.1-7_amd64.deb ...
Unpacking libllvm10:amd64 (1:10.0.1-7) ...
Selecting previously unselected package libclang-cpp10.
Preparing to unpack .../04-libclang-cpp10_1%3a10.0.1-7_amd64.deb ...
Unpacking libclang-cpp10 (1:10.0.1-7) ...
Selecting previously unselected package libgc1:amd64.
Preparing to unpack .../05-libgc1_1%3a8.0.4-2.1_amd64.deb ...
Unpacking libgc1:amd64 (1:8.0.4-2.1) ...
Selecting previously unselected package libobjc4:amd64.
Preparing to unpack .../06-libobjc4_10.2.0-15_amd64.deb ...
Unpacking libobjc4:amd64 (10.2.0-15) ...
Selecting previously unselected package libobjc-10-dev:amd64.
Preparing to unpack .../07-libobjc-10-dev_10.2.0-15_amd64.deb ...
Unpacking libobjc-10-dev:amd64 (10.2.0-15) ...
Selecting previously unselected package libc6-i386.
Preparing to unpack .../08-libc6-i386_2.31-4_amd64.deb ...
Unpacking libc6-i386 (2.31-4) ...
Selecting previously unselected package lib32gcc-s1.
Preparing to unpack .../09-lib32gcc-s1_10.2.0-15_amd64.deb ...
Unpacking lib32gcc-s1 (10.2.0-15) ...
Selecting previously unselected package lib32stdc++6.
Preparing to unpack .../10-lib32stdc++6_10.2.0-15_amd64.deb ...
Unpacking lib32stdc++6 (10.2.0-15) ...
Selecting previously unselected package libclang-common-10-dev.
Preparing to unpack .../11-libclang-common-10-dev_1%3a10.0.1-7_amd64.deb ...
Unpacking libclang-common-10-dev (1:10.0.1-7) ...
Selecting previously unselected package libclang1-10.
Preparing to unpack .../12-libclang1-10_1%3a10.0.1-7_amd64.deb ...
Unpacking libclang1-10 (1:10.0.1-7) ...
Selecting previously unselected package clang-10.
Preparing to unpack .../13-clang-10_1%3a10.0.1-7_amd64.deb ...
Unpacking clang-10 (1:10.0.1-7) ...
Selecting previously unselected package libasan5:amd64.
Preparing to unpack .../14-libasan5_9.3.0-18_amd64.deb ...
Unpacking libasan5:amd64 (9.3.0-18) ...
Selecting previously unselected package libgcc-9-dev:amd64.
Preparing to unpack .../15-libgcc-9-dev_9.3.0-18_amd64.deb ...
Unpacking libgcc-9-dev:amd64 (9.3.0-18) ...
Selecting previously unselected package libobjc-9-dev:amd64.
Preparing to unpack .../16-libobjc-9-dev_9.3.0-18_amd64.deb ...
Unpacking libobjc-9-dev:amd64 (9.3.0-18) ...
Selecting previously unselected package libomp5-10:amd64.
Preparing to unpack .../17-libomp5-10_1%3a10.0.1-7_amd64.deb ...
Unpacking libomp5-10:amd64 (1:10.0.1-7) ...
Selecting previously unselected package libomp-10-dev.
Preparing to unpack .../18-libomp-10-dev_1%3a10.0.1-7_amd64.deb ...
Unpacking libomp-10-dev (1:10.0.1-7) ...
Setting up libasan5:amd64 (9.3.0-18) ...
Setting up libz3-4:amd64 (4.8.9-1) ...
Setting up libgc1:amd64 (1:8.0.4-2.1) ...
Setting up libomp5-10:amd64 (1:10.0.1-7) ...
Setting up libc6-i386 (2.31-4) ...
Setting up libbsd0:amd64 (0.10.0-1) ...
Setting up libomp-10-dev (1:10.0.1-7) ...
Setting up libedit2:amd64 (3.1-20191231-1) ...
Setting up libobjc4:amd64 (10.2.0-15) ...
Setting up libllvm10:amd64 (1:10.0.1-7) ...
Setting up libgcc-9-dev:amd64 (9.3.0-18) ...
Setting up lib32gcc-s1 (10.2.0-15) ...
Setting up lib32stdc++6 (10.2.0-15) ...
Setting up libclang1-10 (1:10.0.1-7) ...
Setting up libobjc-9-dev:amd64 (9.3.0-18) ...
Setting up libobjc-10-dev:amd64 (10.2.0-15) ...
Setting up libclang-common-10-dev (1:10.0.1-7) ...
Setting up libclang-cpp10 (1:10.0.1-7) ...
Setting up clang-10 (1:10.0.1-7) ...
Processing triggers for libc-bin (2.31-4) ...
W: --force-yes is deprecated, use one of the options starting with --allow instead.
+ echo 'Replace gcc, g++ & cpp by clang'
Replace gcc, g++ & cpp by clang
+ VERSIONS='4.6 4.7 4.8 4.9 5 6 7 8 9 10'
+ cd /usr/bin
+ for VERSION in $VERSIONS
+ rm -f g++-4.6 gcc-4.6 cpp-4.6 gcc
+ ln -s clang++-10 g++-4.6
+ ln -s clang-10 gcc-4.6
+ ln -s clang-10 cpp-4.6
+ ln -s clang-10 gcc
+ echo 'gcc-4.6 hold'
+ dpkg --set-selections
dpkg: warning: package not in status nor available database at line 1: gcc-4.6
dpkg: warning: found unknown packages; this might mean the available database
is outdated, and needs to be updated through a frontend method;
please see the FAQ <https://wiki.debian.org/Teams/Dpkg/FAQ>
+ echo 'g++-4.6 hold'
+ dpkg --set-selections
dpkg: warning: package not in status nor available database at line 1: g++-4.6
dpkg: warning: found unknown packages; this might mean the available database
is outdated, and needs to be updated through a frontend method;
please see the FAQ <https://wiki.debian.org/Teams/Dpkg/FAQ>
+ for VERSION in $VERSIONS
+ rm -f g++-4.7 gcc-4.7 cpp-4.7 gcc
+ ln -s clang++-10 g++-4.7
+ ln -s clang-10 gcc-4.7
+ ln -s clang-10 cpp-4.7
+ ln -s clang-10 gcc
+ echo 'gcc-4.7 hold'
+ dpkg --set-selections
dpkg: warning: package not in status nor available database at line 1: gcc-4.7
dpkg: warning: found unknown packages; this might mean the available database
is outdated, and needs to be updated through a frontend method;
please see the FAQ <https://wiki.debian.org/Teams/Dpkg/FAQ>
+ echo 'g++-4.7 hold'
+ dpkg --set-selections
dpkg: warning: package not in status nor available database at line 1: g++-4.7
dpkg: warning: found unknown packages; this might mean the available database
is outdated, and needs to be updated through a frontend method;
please see the FAQ <https://wiki.debian.org/Teams/Dpkg/FAQ>
+ for VERSION in $VERSIONS
+ rm -f g++-4.8 gcc-4.8 cpp-4.8 gcc
+ ln -s clang++-10 g++-4.8
+ ln -s clang-10 gcc-4.8
+ ln -s clang-10 cpp-4.8
+ ln -s clang-10 gcc
+ echo 'gcc-4.8 hold'
+ dpkg --set-selections
dpkg: warning: package not in status nor available database at line 1: gcc-4.8
dpkg: warning: found unknown packages; this might mean the available database
is outdated, and needs to be updated through a frontend method;
please see the FAQ <https://wiki.debian.org/Teams/Dpkg/FAQ>
+ echo 'g++-4.8 hold'
+ dpkg --set-selections
dpkg: warning: package not in status nor available database at line 1: g++-4.8
dpkg: warning: found unknown packages; this might mean the available database
is outdated, and needs to be updated through a frontend method;
please see the FAQ <https://wiki.debian.org/Teams/Dpkg/FAQ>
+ for VERSION in $VERSIONS
+ rm -f g++-4.9 gcc-4.9 cpp-4.9 gcc
+ ln -s clang++-10 g++-4.9
+ ln -s clang-10 gcc-4.9
+ ln -s clang-10 cpp-4.9
+ ln -s clang-10 gcc
+ echo 'gcc-4.9 hold'
+ dpkg --set-selections
dpkg: warning: package not in status nor available database at line 1: gcc-4.9
dpkg: warning: found unknown packages; this might mean the available database
is outdated, and needs to be updated through a frontend method;
please see the FAQ <https://wiki.debian.org/Teams/Dpkg/FAQ>
+ echo 'g++-4.9 hold'
+ dpkg --set-selections
dpkg: warning: package not in status nor available database at line 1: g++-4.9
dpkg: warning: found unknown packages; this might mean the available database
is outdated, and needs to be updated through a frontend method;
please see the FAQ <https://wiki.debian.org/Teams/Dpkg/FAQ>
+ for VERSION in $VERSIONS
+ rm -f g++-5 gcc-5 cpp-5 gcc
+ ln -s clang++-10 g++-5
+ ln -s clang-10 gcc-5
+ ln -s clang-10 cpp-5
+ ln -s clang-10 gcc
+ echo 'gcc-5 hold'
+ dpkg --set-selections
dpkg: warning: package not in status nor available database at line 1: gcc-5
dpkg: warning: found unknown packages; this might mean the available database
is outdated, and needs to be updated through a frontend method;
please see the FAQ <https://wiki.debian.org/Teams/Dpkg/FAQ>
+ echo 'g++-5 hold'
+ dpkg --set-selections
dpkg: warning: package not in status nor available database at line 1: g++-5
dpkg: warning: found unknown packages; this might mean the available database
is outdated, and needs to be updated through a frontend method;
please see the FAQ <https://wiki.debian.org/Teams/Dpkg/FAQ>
+ for VERSION in $VERSIONS
+ rm -f g++-6 gcc-6 cpp-6 gcc
+ ln -s clang++-10 g++-6
+ ln -s clang-10 gcc-6
+ ln -s clang-10 cpp-6
+ ln -s clang-10 gcc
+ echo 'gcc-6 hold'
+ dpkg --set-selections
dpkg: warning: package not in status nor available database at line 1: gcc-6
dpkg: warning: found unknown packages; this might mean the available database
is outdated, and needs to be updated through a frontend method;
please see the FAQ <https://wiki.debian.org/Teams/Dpkg/FAQ>
+ echo 'g++-6 hold'
+ dpkg --set-selections
dpkg: warning: package not in status nor available database at line 1: g++-6
dpkg: warning: found unknown packages; this might mean the available database
is outdated, and needs to be updated through a frontend method;
please see the FAQ <https://wiki.debian.org/Teams/Dpkg/FAQ>
+ for VERSION in $VERSIONS
+ rm -f g++-7 gcc-7 cpp-7 gcc
+ ln -s clang++-10 g++-7
+ ln -s clang-10 gcc-7
+ ln -s clang-10 cpp-7
+ ln -s clang-10 gcc
+ echo 'gcc-7 hold'
+ dpkg --set-selections
dpkg: warning: package not in status nor available database at line 1: gcc-7
dpkg: warning: found unknown packages; this might mean the available database
is outdated, and needs to be updated through a frontend method;
please see the FAQ <https://wiki.debian.org/Teams/Dpkg/FAQ>
+ echo 'g++-7 hold'
+ dpkg --set-selections
dpkg: warning: package not in status nor available database at line 1: g++-7
dpkg: warning: found unknown packages; this might mean the available database
is outdated, and needs to be updated through a frontend method;
please see the FAQ <https://wiki.debian.org/Teams/Dpkg/FAQ>
+ for VERSION in $VERSIONS
+ rm -f g++-8 gcc-8 cpp-8 gcc
+ ln -s clang++-10 g++-8
+ ln -s clang-10 gcc-8
+ ln -s clang-10 cpp-8
+ ln -s clang-10 gcc
+ echo 'gcc-8 hold'
+ dpkg --set-selections
dpkg: warning: package not in status nor available database at line 1: gcc-8
dpkg: warning: found unknown packages; this might mean the available database
is outdated, and needs to be updated through a frontend method;
please see the FAQ <https://wiki.debian.org/Teams/Dpkg/FAQ>
+ echo 'g++-8 hold'
+ dpkg --set-selections
dpkg: warning: package not in status nor available database at line 1: g++-8
dpkg: warning: found unknown packages; this might mean the available database
is outdated, and needs to be updated through a frontend method;
please see the FAQ <https://wiki.debian.org/Teams/Dpkg/FAQ>
+ for VERSION in $VERSIONS
+ rm -f g++-9 gcc-9 cpp-9 gcc
+ ln -s clang++-10 g++-9
+ ln -s clang-10 gcc-9
+ ln -s clang-10 cpp-9
+ ln -s clang-10 gcc
+ echo 'gcc-9 hold'
+ dpkg --set-selections
dpkg: warning: package not in status nor available database at line 1: gcc-9
dpkg: warning: found unknown packages; this might mean the available database
is outdated, and needs to be updated through a frontend method;
please see the FAQ <https://wiki.debian.org/Teams/Dpkg/FAQ>
+ echo 'g++-9 hold'
+ dpkg --set-selections
dpkg: warning: package not in status nor available database at line 1: g++-9
dpkg: warning: found unknown packages; this might mean the available database
is outdated, and needs to be updated through a frontend method;
please see the FAQ <https://wiki.debian.org/Teams/Dpkg/FAQ>
+ for VERSION in $VERSIONS
+ rm -f g++-10 gcc-10 cpp-10 gcc
+ ln -s clang++-10 g++-10
+ ln -s clang-10 gcc-10
+ ln -s clang-10 cpp-10
+ ln -s clang-10 gcc
+ echo 'gcc-10 hold'
+ dpkg --set-selections
+ echo 'g++-10 hold'
+ dpkg --set-selections
+ cd -
/build/libset-object-perl-ENsh08
+ echo 'Check if gcc, g++ & cpp are actually clang'
Check if gcc, g++ & cpp are actually clang
+ gcc --version
+ grep clang
+ cpp --version
+ grep clang
+ g++ --version
+ grep clang
+ cd /usr/bin/
+ rm -f clang++ clang
+ ln -s clang-10 clang++
+ ln -s clang-10 clang
+ clang++ --version
Debian clang version 10.0.1-7
Target: x86_64-pc-linux-gnu
Thread model: posix
InstalledDir: /usr/bin
+ clang --version
Debian clang version 10.0.1-7
Target: x86_64-pc-linux-gnu
Thread model: posix
InstalledDir: /usr/bin
+ cd -
/build/libset-object-perl-ENsh08
+ apt install --yes --no-install-recommends --force-yes qt5-qmake

WARNING: apt does not have a stable CLI interface. Use with caution in scripts.

Reading package lists...
Building dependency tree...
Reading state information...
The following additional packages will be installed:
  qt5-qmake-bin qtchooser
The following NEW packages will be installed:
  qt5-qmake qt5-qmake-bin qtchooser
0 upgraded, 3 newly installed, 0 to remove and 1 not upgraded.
Need to get 1304 kB of archives.
After this operation, 4865 kB of additional disk space will be used.
Get:1 http://127.0.0.1:12990/debian sid/main amd64 qt5-qmake-bin amd64 5.14.2+dfsg-6 [1035 kB]
Get:2 http://127.0.0.1:12990/debian sid/main amd64 qtchooser amd64 66-2 [26.3 kB]
Get:3 http://127.0.0.1:12990/debian sid/main amd64 qt5-qmake amd64 5.14.2+dfsg-6 [242 kB]
debconf: delaying package configuration, since apt-utils is not installed
Fetched 1304 kB in 0s (56.1 MB/s)
Selecting previously unselected package qt5-qmake-bin.
(Reading database ... (Reading database ... 5%(Reading database ... 10%(Reading database ... 15%(Reading database ... 20%(Reading database ... 25%(Reading database ... 30%(Reading database ... 35%(Reading database ... 40%(Reading database ... 45%(Reading database ... 50%(Reading database ... 55%(Reading database ... 60%(Reading database ... 65%(Reading database ... 70%(Reading database ... 75%(Reading database ... 80%(Reading database ... 85%(Reading database ... 90%(Reading database ... 95%(Reading database ... 100%(Reading database ... 13315 files and directories currently installed.)
Preparing to unpack .../qt5-qmake-bin_5.14.2+dfsg-6_amd64.deb ...
Unpacking qt5-qmake-bin (5.14.2+dfsg-6) ...
Selecting previously unselected package qtchooser.
Preparing to unpack .../qtchooser_66-2_amd64.deb ...
Unpacking qtchooser (66-2) ...
Selecting previously unselected package qt5-qmake:amd64.
Preparing to unpack .../qt5-qmake_5.14.2+dfsg-6_amd64.deb ...
Unpacking qt5-qmake:amd64 (5.14.2+dfsg-6) ...
Setting up qt5-qmake-bin (5.14.2+dfsg-6) ...
Setting up qtchooser (66-2) ...
Setting up qt5-qmake:amd64 (5.14.2+dfsg-6) ...
W: --force-yes is deprecated, use one of the options starting with --allow instead.
+ cp /usr/lib/x86_64-linux-gnu/qt5/mkspecs/linux-clang/qmake.conf /usr/lib/x86_64-linux-gnu/qt5/mkspecs/linux-clang/qplatformdefs.h /usr/lib/x86_64-linux-gnu/qt5/mkspecs/linux-g++/
+ ls -al /usr/lib/x86_64-linux-gnu/qt5/mkspecs/linux-g++/
total 16
drwxr-xr-x  2 root root 4096 Oct 29 20:16 .
drwxr-xr-x 76 root root 4096 Oct 29 20:16 ..
-rw-r--r--  1 root root  276 Oct 29 20:16 qmake.conf
-rw-r--r--  1 root root 3218 Oct 29 20:16 qplatformdefs.h
+ cat /usr/lib/x86_64-linux-gnu/qt5/mkspecs/linux-g++/qmake.conf
#
# qmake configuration for linux-clang
#

MAKEFILE_GENERATOR = UNIX
CONFIG += incremental

QMAKE_INCREMENTAL_STYLE = sublib

include(../common/linux.conf)
include(../common/gcc-base-unix.conf)
include(../common/clang.conf)

QMAKE_LFLAGS += -ccc-gcc-name g++

load(qt_config)
+ export QMAKESPEC=/usr/lib/x86_64-linux-gnu/qt5/mkspecs/linux-clang/
+ QMAKESPEC=/usr/lib/x86_64-linux-gnu/qt5/mkspecs/linux-clang/
+ sed -i -e 's|compare_problem(2,|compare_problem(0,|g' /usr/bin/dpkg-gensymbols
+ sed -i -e 's|compare_problem(1,|compare_problem(0,|g' /usr/bin/dpkg-gensymbols
+ grep 'compare_problem(' /usr/bin/dpkg-gensymbols
        compare_problem(4, g_('new libraries appeared in the symbols file: %s'), "@libs");
        compare_problem(3, g_('some libraries disappeared in the symbols file: %s'), "@libs");
        compare_problem(0, g_('some new symbols appeared in the symbols file: %s'),
        compare_problem(0, g_('some symbols or patterns disappeared in the symbols file: %s'),

I: Finished running '/tmp/clang11'.

Finished processing commands.
--------------------------------------------------------------------------------
I: NOTICE: Log filtering will replace 'build/libset-object-perl-ENsh08/resolver-26syMl' with '<<RESOLVERDIR>>'

+------------------------------------------------------------------------------+
| Update chroot                                                                |
+------------------------------------------------------------------------------+

Hit:1 http://127.0.0.1:12990/debian sid InRelease
Reading package lists...
Reading package lists...
Building dependency tree...
Reading state information...
Calculating upgrade...
The following packages will be upgraded:
  libdebconfclient0
1 upgraded, 0 newly installed, 0 to remove and 0 not upgraded.
Need to get 49.6 kB of archives.
After this operation, 0 B of additional disk space will be used.
Get:1 http://127.0.0.1:12990/debian sid/main amd64 libdebconfclient0 amd64 0.255 [49.6 kB]
debconf: delaying package configuration, since apt-utils is not installed
Fetched 49.6 kB in 0s (3479 kB/s)
(Reading database ... (Reading database ... 5%(Reading database ... 10%(Reading database ... 15%(Reading database ... 20%(Reading database ... 25%(Reading database ... 30%(Reading database ... 35%(Reading database ... 40%(Reading database ... 45%(Reading database ... 50%(Reading database ... 55%(Reading database ... 60%(Reading database ... 65%(Reading database ... 70%(Reading database ... 75%(Reading database ... 80%(Reading database ... 85%(Reading database ... 90%(Reading database ... 95%(Reading database ... 100%(Reading database ... 14056 files and directories currently installed.)
Preparing to unpack .../libdebconfclient0_0.255_amd64.deb ...
Unpacking libdebconfclient0:amd64 (0.255) over (0.254) ...
Setting up libdebconfclient0:amd64 (0.255) ...
Processing triggers for libc-bin (2.31-4) ...

+------------------------------------------------------------------------------+
| Fetch source files                                                           |
+------------------------------------------------------------------------------+


Check APT
---------

Checking available source versions...

Download source files with APT
------------------------------

Reading package lists...
NOTICE: 'libset-object-perl' packaging is maintained in the 'Git' version control system at:
https://salsa.debian.org/perl-team/modules/packages/libset-object-perl.git
Please use:
git clone https://salsa.debian.org/perl-team/modules/packages/libset-object-perl.git
to retrieve the latest (possibly unreleased) updates to the package.
Need to get 90.6 kB of source archives.
Get:1 http://127.0.0.1:12990/debian sid/main libset-object-perl 1.40-1 (dsc) [2614 B]
Get:2 http://127.0.0.1:12990/debian sid/main libset-object-perl 1.40-1 (tar) [82.5 kB]
Get:3 http://127.0.0.1:12990/debian sid/main libset-object-perl 1.40-1 (diff) [5572 B]
Fetched 90.6 kB in 0s (1104 kB/s)
Download complete and in download only mode
I: NOTICE: Log filtering will replace 'build/libset-object-perl-ENsh08/libset-object-perl-1.40' with '<<PKGBUILDDIR>>'
I: NOTICE: Log filtering will replace 'build/libset-object-perl-ENsh08' with '<<BUILDDIR>>'

+------------------------------------------------------------------------------+
| Install package build dependencies                                           |
+------------------------------------------------------------------------------+


Setup apt archive
-----------------

Merged Build-Depends: debhelper-compat (= 12), libmoose-perl, libtest-leaktrace-perl, libtest-pod-coverage-perl, libtest-pod-perl, perl-xs-dev, perl, build-essential, fakeroot
Filtered Build-Depends: debhelper-compat (= 12), libmoose-perl, libtest-leaktrace-perl, libtest-pod-coverage-perl, libtest-pod-perl, perl-xs-dev, perl, build-essential, fakeroot
dpkg-deb: building package 'sbuild-build-depends-main-dummy' in '/<<RESOLVERDIR>>/apt_archive/sbuild-build-depends-main-dummy.deb'.
Ign:1 copy:/<<RESOLVERDIR>>/apt_archive ./ InRelease
Get:2 copy:/<<RESOLVERDIR>>/apt_archive ./ Release [957 B]
Ign:3 copy:/<<RESOLVERDIR>>/apt_archive ./ Release.gpg
Get:4 copy:/<<RESOLVERDIR>>/apt_archive ./ Sources [420 B]
Get:5 copy:/<<RESOLVERDIR>>/apt_archive ./ Packages [492 B]
Fetched 1869 B in 0s (0 B/s)
Reading package lists...
Reading package lists...

Install main build dependencies (apt-based resolver)
----------------------------------------------------

Installing build dependencies
Reading package lists...
Building dependency tree...
Reading state information...
The following additional packages will be installed:
  autoconf automake autopoint autotools-dev bsdextrautils debhelper
  dh-autoreconf dh-strip-nondeterminism dwz file gettext gettext-base
  groff-base intltool-debian libalgorithm-c3-perl libarchive-zip-perl
  libb-hooks-op-check-perl libclass-c3-perl libclass-load-perl
  libclass-load-xs-perl libcroco3 libdata-optlist-perl libdebhelper-perl
  libdevel-callchecker-perl libdevel-globaldestruction-perl
  libdevel-overloadinfo-perl libdevel-stacktrace-perl libdevel-symdump-perl
  libdist-checkconflicts-perl libdynaloader-functions-perl libelf1
  libeval-closure-perl libfile-stripnondeterminism-perl libglib2.0-0 libicu67
  libmagic-mgc libmagic1 libmodule-implementation-perl
  libmodule-runtime-conflicts-perl libmodule-runtime-perl libmoose-perl
  libmro-compat-perl libpackage-deprecationmanager-perl libpackage-stash-perl
  libpackage-stash-xs-perl libparams-classify-perl libparams-util-perl
  libperl-dev libpipeline1 libpod-coverage-perl libsigsegv2
  libsub-exporter-perl libsub-exporter-progressive-perl libsub-identify-perl
  libsub-install-perl libsub-name-perl libsub-override-perl
  libtest-leaktrace-perl libtest-pod-coverage-perl libtest-pod-perl libtool
  libtry-tiny-perl libuchardet0 libxml2 m4 man-db po-debconf sensible-utils
Suggested packages:
  autoconf-archive gnu-standards autoconf-doc dh-make gettext-doc
  libasprintf-dev libgettextpo-dev groff libscalar-number-perl libtool-doc
  gfortran | fortran95-compiler gcj-jdk m4-doc apparmor less www-browser
  libmail-box-perl
Recommended packages:
  curl | wget | lynx libclass-c3-xs-perl libdevel-lexalias-perl
  libarchive-cpio-perl libglib2.0-data shared-mime-info xdg-user-dirs
  libdevel-partialdump-perl libltdl-dev libmail-sendmail-perl
The following NEW packages will be installed:
  autoconf automake autopoint autotools-dev bsdextrautils debhelper
  dh-autoreconf dh-strip-nondeterminism dwz file gettext gettext-base
  groff-base intltool-debian libalgorithm-c3-perl libarchive-zip-perl
  libb-hooks-op-check-perl libclass-c3-perl libclass-load-perl
  libclass-load-xs-perl libcroco3 libdata-optlist-perl libdebhelper-perl
  libdevel-callchecker-perl libdevel-globaldestruction-perl
  libdevel-overloadinfo-perl libdevel-stacktrace-perl libdevel-symdump-perl
  libdist-checkconflicts-perl libdynaloader-functions-perl libelf1
  libeval-closure-perl libfile-stripnondeterminism-perl libglib2.0-0 libicu67
  libmagic-mgc libmagic1 libmodule-implementation-perl
  libmodule-runtime-conflicts-perl libmodule-runtime-perl libmoose-perl
  libmro-compat-perl libpackage-deprecationmanager-perl libpackage-stash-perl
  libpackage-stash-xs-perl libparams-classify-perl libparams-util-perl
  libperl-dev libpipeline1 libpod-coverage-perl libsigsegv2
  libsub-exporter-perl libsub-exporter-progressive-perl libsub-identify-perl
  libsub-install-perl libsub-name-perl libsub-override-perl
  libtest-leaktrace-perl libtest-pod-coverage-perl libtest-pod-perl libtool
  libtry-tiny-perl libuchardet0 libxml2 m4 man-db po-debconf
  sbuild-build-depends-main-dummy sensible-utils
0 upgraded, 69 newly installed, 0 to remove and 0 not upgraded.
Need to get 21.9 MB of archives.
After this operation, 80.8 MB of additional disk space will be used.
Get:1 copy:/<<RESOLVERDIR>>/apt_archive ./ sbuild-build-depends-main-dummy 0.invalid.0 [916 B]
Get:2 http://127.0.0.1:12990/debian sid/main amd64 bsdextrautils amd64 2.36-3+b1 [140 kB]
Get:3 http://127.0.0.1:12990/debian sid/main amd64 libuchardet0 amd64 0.0.7-1 [67.8 kB]
Get:4 http://127.0.0.1:12990/debian sid/main amd64 groff-base amd64 1.22.4-5 [920 kB]
Get:5 http://127.0.0.1:12990/debian sid/main amd64 libpipeline1 amd64 1.5.3-1 [34.3 kB]
Get:6 http://127.0.0.1:12990/debian sid/main amd64 man-db amd64 2.9.3-2 [1314 kB]
Get:7 http://127.0.0.1:12990/debian sid/main amd64 sensible-utils all 0.0.12+nmu1 [16.0 kB]
Get:8 http://127.0.0.1:12990/debian sid/main amd64 libmagic-mgc amd64 1:5.38-5 [262 kB]
Get:9 http://127.0.0.1:12990/debian sid/main amd64 libmagic1 amd64 1:5.38-5 [120 kB]
Get:10 http://127.0.0.1:12990/debian sid/main amd64 file amd64 1:5.38-5 [67.9 kB]
Get:11 http://127.0.0.1:12990/debian sid/main amd64 gettext-base amd64 0.19.8.1-10 [123 kB]
Get:12 http://127.0.0.1:12990/debian sid/main amd64 libsigsegv2 amd64 2.12-2 [32.8 kB]
Get:13 http://127.0.0.1:12990/debian sid/main amd64 m4 amd64 1.4.18-4 [203 kB]
Get:14 http://127.0.0.1:12990/debian sid/main amd64 autoconf all 2.69-11.1 [341 kB]
Get:15 http://127.0.0.1:12990/debian sid/main amd64 autotools-dev all 20180224.1 [77.0 kB]
Get:16 http://127.0.0.1:12990/debian sid/main amd64 automake all 1:1.16.2-4 [801 kB]
Get:17 http://127.0.0.1:12990/debian sid/main amd64 autopoint all 0.19.8.1-10 [435 kB]
Get:18 http://127.0.0.1:12990/debian sid/main amd64 libtool all 2.4.6-14 [513 kB]
Get:19 http://127.0.0.1:12990/debian sid/main amd64 dh-autoreconf all 19 [16.9 kB]
Get:20 http://127.0.0.1:12990/debian sid/main amd64 libdebhelper-perl all 13.2.1 [188 kB]
Get:21 http://127.0.0.1:12990/debian sid/main amd64 libarchive-zip-perl all 1.68-1 [104 kB]
Get:22 http://127.0.0.1:12990/debian sid/main amd64 libsub-override-perl all 0.09-2 [10.2 kB]
Get:23 http://127.0.0.1:12990/debian sid/main amd64 libfile-stripnondeterminism-perl all 1.9.0-1 [25.5 kB]
Get:24 http://127.0.0.1:12990/debian sid/main amd64 dh-strip-nondeterminism all 1.9.0-1 [15.2 kB]
Get:25 http://127.0.0.1:12990/debian sid/main amd64 libelf1 amd64 0.181-1 [164 kB]
Get:26 http://127.0.0.1:12990/debian sid/main amd64 dwz amd64 0.13-5 [151 kB]
Get:27 http://127.0.0.1:12990/debian sid/main amd64 libglib2.0-0 amd64 2.66.1-2 [1362 kB]
Get:28 http://127.0.0.1:12990/debian sid/main amd64 libicu67 amd64 67.1-4 [8624 kB]
Get:29 http://127.0.0.1:12990/debian sid/main amd64 libxml2 amd64 2.9.10+dfsg-6.1 [692 kB]
Get:30 http://127.0.0.1:12990/debian sid/main amd64 libcroco3 amd64 0.6.13-1 [146 kB]
Get:31 http://127.0.0.1:12990/debian sid/main amd64 gettext amd64 0.19.8.1-10 [1303 kB]
Get:32 http://127.0.0.1:12990/debian sid/main amd64 intltool-debian all 0.35.0+20060710.5 [26.8 kB]
Get:33 http://127.0.0.1:12990/debian sid/main amd64 po-debconf all 1.0.21 [248 kB]
Get:34 http://127.0.0.1:12990/debian sid/main amd64 debhelper all 13.2.1 [1007 kB]
Get:35 http://127.0.0.1:12990/debian sid/main amd64 libalgorithm-c3-perl all 0.10-1 [12.0 kB]
Get:36 http://127.0.0.1:12990/debian sid/main amd64 libb-hooks-op-check-perl amd64 0.22-1+b2 [11.3 kB]
Get:37 http://127.0.0.1:12990/debian sid/main amd64 libclass-c3-perl all 0.34-1 [22.4 kB]
Get:38 http://127.0.0.1:12990/debian sid/main amd64 libparams-util-perl amd64 1.101-1 [25.3 kB]
Get:39 http://127.0.0.1:12990/debian sid/main amd64 libsub-install-perl all 0.928-1 [11.4 kB]
Get:40 http://127.0.0.1:12990/debian sid/main amd64 libdata-optlist-perl all 0.110-1 [10.6 kB]
Get:41 http://127.0.0.1:12990/debian sid/main amd64 libdynaloader-functions-perl all 0.003-1 [12.6 kB]
Get:42 http://127.0.0.1:12990/debian sid/main amd64 libdevel-callchecker-perl amd64 0.008-1+b1 [15.9 kB]
Get:43 http://127.0.0.1:12990/debian sid/main amd64 libparams-classify-perl amd64 0.015-1+b2 [25.6 kB]
Get:44 http://127.0.0.1:12990/debian sid/main amd64 libmodule-runtime-perl all 0.016-1 [19.4 kB]
Get:45 http://127.0.0.1:12990/debian sid/main amd64 libtry-tiny-perl all 0.30-1 [23.3 kB]
Get:46 http://127.0.0.1:12990/debian sid/main amd64 libmodule-implementation-perl all 0.09-1 [12.9 kB]
Get:47 http://127.0.0.1:12990/debian sid/main amd64 libpackage-stash-perl all 0.38-1 [21.7 kB]
Get:48 http://127.0.0.1:12990/debian sid/main amd64 libclass-load-perl all 0.25-1 [16.1 kB]
Get:49 http://127.0.0.1:12990/debian sid/main amd64 libclass-load-xs-perl amd64 0.10-1+b4 [14.8 kB]
Get:50 http://127.0.0.1:12990/debian sid/main amd64 libsub-exporter-progressive-perl all 0.001013-1 [7588 B]
Get:51 http://127.0.0.1:12990/debian sid/main amd64 libdevel-globaldestruction-perl all 0.14-1 [8084 B]
Get:52 http://127.0.0.1:12990/debian sid/main amd64 libmro-compat-perl all 0.13-1 [12.2 kB]
Get:53 http://127.0.0.1:12990/debian sid/main amd64 libsub-identify-perl amd64 0.14-1+b2 [12.0 kB]
Get:54 http://127.0.0.1:12990/debian sid/main amd64 libdevel-overloadinfo-perl all 0.005-1 [7212 B]
Get:55 http://127.0.0.1:12990/debian sid/main amd64 libdevel-stacktrace-perl all 2.0400-1 [28.6 kB]
Get:56 http://127.0.0.1:12990/debian sid/main amd64 libdevel-symdump-perl all 2.18-3 [17.3 kB]
Get:57 http://127.0.0.1:12990/debian sid/main amd64 libdist-checkconflicts-perl all 0.11-1 [10.8 kB]
Get:58 http://127.0.0.1:12990/debian sid/main amd64 libsub-exporter-perl all 0.987-1 [47.2 kB]
Get:59 http://127.0.0.1:12990/debian sid/main amd64 libeval-closure-perl all 0.14-1 [11.5 kB]
Get:60 http://127.0.0.1:12990/debian sid/main amd64 libmodule-runtime-conflicts-perl all 0.003-1 [6882 B]
Get:61 http://127.0.0.1:12990/debian sid/main amd64 libsub-name-perl amd64 0.26-1 [13.5 kB]
Get:62 http://127.0.0.1:12990/debian sid/main amd64 libpackage-deprecationmanager-perl all 0.17-1 [16.4 kB]
Get:63 http://127.0.0.1:12990/debian sid/main amd64 libpackage-stash-xs-perl amd64 0.29-1+b1 [20.2 kB]
Get:64 http://127.0.0.1:12990/debian sid/main amd64 libmoose-perl amd64 2.2013-1 [804 kB]
Get:65 http://127.0.0.1:12990/debian sid/main amd64 libperl-dev amd64 5.30.3-4 [1034 kB]
Get:66 http://127.0.0.1:12990/debian sid/main amd64 libpod-coverage-perl all 0.23-2 [22.1 kB]
Get:67 http://127.0.0.1:12990/debian sid/main amd64 libtest-leaktrace-perl amd64 0.16-1+b2 [21.4 kB]
Get:68 http://127.0.0.1:12990/debian sid/main amd64 libtest-pod-coverage-perl all 1.10-2 [14.5 kB]
Get:69 http://127.0.0.1:12990/debian sid/main amd64 libtest-pod-perl all 1.52-1 [14.2 kB]
debconf: delaying package configuration, since apt-utils is not installed
Fetched 21.9 MB in 0s (64.8 MB/s)
Selecting previously unselected package bsdextrautils.
(Reading database ... 14056 files and directories currently installed.)
Preparing to unpack .../00-bsdextrautils_2.36-3+b1_amd64.deb ...
Unpacking bsdextrautils (2.36-3+b1) ...
Selecting previously unselected package libuchardet0:amd64.
Preparing to unpack .../01-libuchardet0_0.0.7-1_amd64.deb ...
Unpacking libuchardet0:amd64 (0.0.7-1) ...
Selecting previously unselected package groff-base.
Preparing to unpack .../02-groff-base_1.22.4-5_amd64.deb ...
Unpacking groff-base (1.22.4-5) ...
Selecting previously unselected package libpipeline1:amd64.
Preparing to unpack .../03-libpipeline1_1.5.3-1_amd64.deb ...
Unpacking libpipeline1:amd64 (1.5.3-1) ...
Selecting previously unselected package man-db.
Preparing to unpack .../04-man-db_2.9.3-2_amd64.deb ...
Unpacking man-db (2.9.3-2) ...
Selecting previously unselected package sensible-utils.
Preparing to unpack .../05-sensible-utils_0.0.12+nmu1_all.deb ...
Unpacking sensible-utils (0.0.12+nmu1) ...
Selecting previously unselected package libmagic-mgc.
Preparing to unpack .../06-libmagic-mgc_1%3a5.38-5_amd64.deb ...
Unpacking libmagic-mgc (1:5.38-5) ...
Selecting previously unselected package libmagic1:amd64.
Preparing to unpack .../07-libmagic1_1%3a5.38-5_amd64.deb ...
Unpacking libmagic1:amd64 (1:5.38-5) ...
Selecting previously unselected package file.
Preparing to unpack .../08-file_1%3a5.38-5_amd64.deb ...
Unpacking file (1:5.38-5) ...
Selecting previously unselected package gettext-base.
Preparing to unpack .../09-gettext-base_0.19.8.1-10_amd64.deb ...
Unpacking gettext-base (0.19.8.1-10) ...
Selecting previously unselected package libsigsegv2:amd64.
Preparing to unpack .../10-libsigsegv2_2.12-2_amd64.deb ...
Unpacking libsigsegv2:amd64 (2.12-2) ...
Selecting previously unselected package m4.
Preparing to unpack .../11-m4_1.4.18-4_amd64.deb ...
Unpacking m4 (1.4.18-4) ...
Selecting previously unselected package autoconf.
Preparing to unpack .../12-autoconf_2.69-11.1_all.deb ...
Unpacking autoconf (2.69-11.1) ...
Selecting previously unselected package autotools-dev.
Preparing to unpack .../13-autotools-dev_20180224.1_all.deb ...
Unpacking autotools-dev (20180224.1) ...
Selecting previously unselected package automake.
Preparing to unpack .../14-automake_1%3a1.16.2-4_all.deb ...
Unpacking automake (1:1.16.2-4) ...
Selecting previously unselected package autopoint.
Preparing to unpack .../15-autopoint_0.19.8.1-10_all.deb ...
Unpacking autopoint (0.19.8.1-10) ...
Selecting previously unselected package libtool.
Preparing to unpack .../16-libtool_2.4.6-14_all.deb ...
Unpacking libtool (2.4.6-14) ...
Selecting previously unselected package dh-autoreconf.
Preparing to unpack .../17-dh-autoreconf_19_all.deb ...
Unpacking dh-autoreconf (19) ...
Selecting previously unselected package libdebhelper-perl.
Preparing to unpack .../18-libdebhelper-perl_13.2.1_all.deb ...
Unpacking libdebhelper-perl (13.2.1) ...
Selecting previously unselected package libarchive-zip-perl.
Preparing to unpack .../19-libarchive-zip-perl_1.68-1_all.deb ...
Unpacking libarchive-zip-perl (1.68-1) ...
Selecting previously unselected package libsub-override-perl.
Preparing to unpack .../20-libsub-override-perl_0.09-2_all.deb ...
Unpacking libsub-override-perl (0.09-2) ...
Selecting previously unselected package libfile-stripnondeterminism-perl.
Preparing to unpack .../21-libfile-stripnondeterminism-perl_1.9.0-1_all.deb ...
Unpacking libfile-stripnondeterminism-perl (1.9.0-1) ...
Selecting previously unselected package dh-strip-nondeterminism.
Preparing to unpack .../22-dh-strip-nondeterminism_1.9.0-1_all.deb ...
Unpacking dh-strip-nondeterminism (1.9.0-1) ...
Selecting previously unselected package libelf1:amd64.
Preparing to unpack .../23-libelf1_0.181-1_amd64.deb ...
Unpacking libelf1:amd64 (0.181-1) ...
Selecting previously unselected package dwz.
Preparing to unpack .../24-dwz_0.13-5_amd64.deb ...
Unpacking dwz (0.13-5) ...
Selecting previously unselected package libglib2.0-0:amd64.
Preparing to unpack .../25-libglib2.0-0_2.66.1-2_amd64.deb ...
Unpacking libglib2.0-0:amd64 (2.66.1-2) ...
Selecting previously unselected package libicu67:amd64.
Preparing to unpack .../26-libicu67_67.1-4_amd64.deb ...
Unpacking libicu67:amd64 (67.1-4) ...
Selecting previously unselected package libxml2:amd64.
Preparing to unpack .../27-libxml2_2.9.10+dfsg-6.1_amd64.deb ...
Unpacking libxml2:amd64 (2.9.10+dfsg-6.1) ...
Selecting previously unselected package libcroco3:amd64.
Preparing to unpack .../28-libcroco3_0.6.13-1_amd64.deb ...
Unpacking libcroco3:amd64 (0.6.13-1) ...
Selecting previously unselected package gettext.
Preparing to unpack .../29-gettext_0.19.8.1-10_amd64.deb ...
Unpacking gettext (0.19.8.1-10) ...
Selecting previously unselected package intltool-debian.
Preparing to unpack .../30-intltool-debian_0.35.0+20060710.5_all.deb ...
Unpacking intltool-debian (0.35.0+20060710.5) ...
Selecting previously unselected package po-debconf.
Preparing to unpack .../31-po-debconf_1.0.21_all.deb ...
Unpacking po-debconf (1.0.21) ...
Selecting previously unselected package debhelper.
Preparing to unpack .../32-debhelper_13.2.1_all.deb ...
Unpacking debhelper (13.2.1) ...
Selecting previously unselected package libalgorithm-c3-perl.
Preparing to unpack .../33-libalgorithm-c3-perl_0.10-1_all.deb ...
Unpacking libalgorithm-c3-perl (0.10-1) ...
Selecting previously unselected package libb-hooks-op-check-perl.
Preparing to unpack .../34-libb-hooks-op-check-perl_0.22-1+b2_amd64.deb ...
Unpacking libb-hooks-op-check-perl (0.22-1+b2) ...
Selecting previously unselected package libclass-c3-perl.
Preparing to unpack .../35-libclass-c3-perl_0.34-1_all.deb ...
Unpacking libclass-c3-perl (0.34-1) ...
Selecting previously unselected package libparams-util-perl.
Preparing to unpack .../36-libparams-util-perl_1.101-1_amd64.deb ...
Unpacking libparams-util-perl (1.101-1) ...
Selecting previously unselected package libsub-install-perl.
Preparing to unpack .../37-libsub-install-perl_0.928-1_all.deb ...
Unpacking libsub-install-perl (0.928-1) ...
Selecting previously unselected package libdata-optlist-perl.
Preparing to unpack .../38-libdata-optlist-perl_0.110-1_all.deb ...
Unpacking libdata-optlist-perl (0.110-1) ...
Selecting previously unselected package libdynaloader-functions-perl.
Preparing to unpack .../39-libdynaloader-functions-perl_0.003-1_all.deb ...
Unpacking libdynaloader-functions-perl (0.003-1) ...
Selecting previously unselected package libdevel-callchecker-perl.
Preparing to unpack .../40-libdevel-callchecker-perl_0.008-1+b1_amd64.deb ...
Unpacking libdevel-callchecker-perl (0.008-1+b1) ...
Selecting previously unselected package libparams-classify-perl.
Preparing to unpack .../41-libparams-classify-perl_0.015-1+b2_amd64.deb ...
Unpacking libparams-classify-perl (0.015-1+b2) ...
Selecting previously unselected package libmodule-runtime-perl.
Preparing to unpack .../42-libmodule-runtime-perl_0.016-1_all.deb ...
Unpacking libmodule-runtime-perl (0.016-1) ...
Selecting previously unselected package libtry-tiny-perl.
Preparing to unpack .../43-libtry-tiny-perl_0.30-1_all.deb ...
Unpacking libtry-tiny-perl (0.30-1) ...
Selecting previously unselected package libmodule-implementation-perl.
Preparing to unpack .../44-libmodule-implementation-perl_0.09-1_all.deb ...
Unpacking libmodule-implementation-perl (0.09-1) ...
Selecting previously unselected package libpackage-stash-perl.
Preparing to unpack .../45-libpackage-stash-perl_0.38-1_all.deb ...
Unpacking libpackage-stash-perl (0.38-1) ...
Selecting previously unselected package libclass-load-perl.
Preparing to unpack .../46-libclass-load-perl_0.25-1_all.deb ...
Unpacking libclass-load-perl (0.25-1) ...
Selecting previously unselected package libclass-load-xs-perl.
Preparing to unpack .../47-libclass-load-xs-perl_0.10-1+b4_amd64.deb ...
Unpacking libclass-load-xs-perl (0.10-1+b4) ...
Selecting previously unselected package libsub-exporter-progressive-perl.
Preparing to unpack .../48-libsub-exporter-progressive-perl_0.001013-1_all.deb ...
Unpacking libsub-exporter-progressive-perl (0.001013-1) ...
Selecting previously unselected package libdevel-globaldestruction-perl.
Preparing to unpack .../49-libdevel-globaldestruction-perl_0.14-1_all.deb ...
Unpacking libdevel-globaldestruction-perl (0.14-1) ...
Selecting previously unselected package libmro-compat-perl.
Preparing to unpack .../50-libmro-compat-perl_0.13-1_all.deb ...
Unpacking libmro-compat-perl (0.13-1) ...
Selecting previously unselected package libsub-identify-perl.
Preparing to unpack .../51-libsub-identify-perl_0.14-1+b2_amd64.deb ...
Unpacking libsub-identify-perl (0.14-1+b2) ...
Selecting previously unselected package libdevel-overloadinfo-perl.
Preparing to unpack .../52-libdevel-overloadinfo-perl_0.005-1_all.deb ...
Unpacking libdevel-overloadinfo-perl (0.005-1) ...
Selecting previously unselected package libdevel-stacktrace-perl.
Preparing to unpack .../53-libdevel-stacktrace-perl_2.0400-1_all.deb ...
Unpacking libdevel-stacktrace-perl (2.0400-1) ...
Selecting previously unselected package libdevel-symdump-perl.
Preparing to unpack .../54-libdevel-symdump-perl_2.18-3_all.deb ...
Unpacking libdevel-symdump-perl (2.18-3) ...
Selecting previously unselected package libdist-checkconflicts-perl.
Preparing to unpack .../55-libdist-checkconflicts-perl_0.11-1_all.deb ...
Unpacking libdist-checkconflicts-perl (0.11-1) ...
Selecting previously unselected package libsub-exporter-perl.
Preparing to unpack .../56-libsub-exporter-perl_0.987-1_all.deb ...
Unpacking libsub-exporter-perl (0.987-1) ...
Selecting previously unselected package libeval-closure-perl.
Preparing to unpack .../57-libeval-closure-perl_0.14-1_all.deb ...
Unpacking libeval-closure-perl (0.14-1) ...
Selecting previously unselected package libmodule-runtime-conflicts-perl.
Preparing to unpack .../58-libmodule-runtime-conflicts-perl_0.003-1_all.deb ...
Unpacking libmodule-runtime-conflicts-perl (0.003-1) ...
Selecting previously unselected package libsub-name-perl.
Preparing to unpack .../59-libsub-name-perl_0.26-1_amd64.deb ...
Unpacking libsub-name-perl (0.26-1) ...
Selecting previously unselected package libpackage-deprecationmanager-perl.
Preparing to unpack .../60-libpackage-deprecationmanager-perl_0.17-1_all.deb ...
Unpacking libpackage-deprecationmanager-perl (0.17-1) ...
Selecting previously unselected package libpackage-stash-xs-perl.
Preparing to unpack .../61-libpackage-stash-xs-perl_0.29-1+b1_amd64.deb ...
Unpacking libpackage-stash-xs-perl (0.29-1+b1) ...
Selecting previously unselected package libmoose-perl.
Preparing to unpack .../62-libmoose-perl_2.2013-1_amd64.deb ...
Unpacking libmoose-perl (2.2013-1) ...
Selecting previously unselected package libperl-dev:amd64.
Preparing to unpack .../63-libperl-dev_5.30.3-4_amd64.deb ...
Unpacking libperl-dev:amd64 (5.30.3-4) ...
Selecting previously unselected package libpod-coverage-perl.
Preparing to unpack .../64-libpod-coverage-perl_0.23-2_all.deb ...
Unpacking libpod-coverage-perl (0.23-2) ...
Selecting previously unselected package libtest-leaktrace-perl.
Preparing to unpack .../65-libtest-leaktrace-perl_0.16-1+b2_amd64.deb ...
Unpacking libtest-leaktrace-perl (0.16-1+b2) ...
Selecting previously unselected package libtest-pod-coverage-perl.
Preparing to unpack .../66-libtest-pod-coverage-perl_1.10-2_all.deb ...
Unpacking libtest-pod-coverage-perl (1.10-2) ...
Selecting previously unselected package libtest-pod-perl.
Preparing to unpack .../67-libtest-pod-perl_1.52-1_all.deb ...
Unpacking libtest-pod-perl (1.52-1) ...
Selecting previously unselected package sbuild-build-depends-main-dummy.
Preparing to unpack .../68-sbuild-build-depends-main-dummy_0.invalid.0_amd64.deb ...
Unpacking sbuild-build-depends-main-dummy (0.invalid.0) ...
Setting up libpipeline1:amd64 (1.5.3-1) ...
Setting up bsdextrautils (2.36-3+b1) ...
update-alternatives: using /usr/bin/write.ul to provide /usr/bin/write (write) in auto mode
Setting up libicu67:amd64 (67.1-4) ...
Setting up libdynaloader-functions-perl (0.003-1) ...
Setting up libmagic-mgc (1:5.38-5) ...
Setting up libarchive-zip-perl (1.68-1) ...
Setting up libsub-identify-perl (0.14-1+b2) ...
Setting up libglib2.0-0:amd64 (2.66.1-2) ...
No schema files found: doing nothing.
Setting up libdebhelper-perl (13.2.1) ...
Setting up libtest-pod-perl (1.52-1) ...
Setting up libtry-tiny-perl (0.30-1) ...
Setting up libmagic1:amd64 (1:5.38-5) ...
Setting up gettext-base (0.19.8.1-10) ...
Setting up libperl-dev:amd64 (5.30.3-4) ...
Setting up file (1:5.38-5) ...
Setting up libsub-install-perl (0.928-1) ...
Setting up libtest-leaktrace-perl (0.16-1+b2) ...
Setting up libpackage-stash-xs-perl (0.29-1+b1) ...
Setting up autotools-dev (20180224.1) ...
Setting up libalgorithm-c3-perl (0.10-1) ...
Setting up libsigsegv2:amd64 (2.12-2) ...
Setting up autopoint (0.19.8.1-10) ...
Setting up libb-hooks-op-check-perl (0.22-1+b2) ...
Setting up libparams-util-perl (1.101-1) ...
Setting up libsub-exporter-progressive-perl (0.001013-1) ...
Setting up libsub-name-perl (0.26-1) ...
Setting up sensible-utils (0.0.12+nmu1) ...
Setting up libuchardet0:amd64 (0.0.7-1) ...
Setting up libsub-override-perl (0.09-2) ...
Setting up libdevel-globaldestruction-perl (0.14-1) ...
Setting up libdevel-stacktrace-perl (2.0400-1) ...
Setting up libdevel-symdump-perl (2.18-3) ...
Setting up libelf1:amd64 (0.181-1) ...
Setting up libxml2:amd64 (2.9.10+dfsg-6.1) ...
Setting up libfile-stripnondeterminism-perl (1.9.0-1) ...
Setting up libtool (2.4.6-14) ...
Setting up libpod-coverage-perl (0.23-2) ...
Setting up m4 (1.4.18-4) ...
Setting up libclass-c3-perl (0.34-1) ...
Setting up libdevel-callchecker-perl (0.008-1+b1) ...
Setting up libdata-optlist-perl (0.110-1) ...
Setting up libcroco3:amd64 (0.6.13-1) ...
Setting up autoconf (2.69-11.1) ...
Setting up dh-strip-nondeterminism (1.9.0-1) ...
Setting up dwz (0.13-5) ...
Setting up groff-base (1.22.4-5) ...
Setting up libmro-compat-perl (0.13-1) ...
Setting up libtest-pod-coverage-perl (1.10-2) ...
Setting up libsub-exporter-perl (0.987-1) ...
Setting up libeval-closure-perl (0.14-1) ...
Setting up automake (1:1.16.2-4) ...
update-alternatives: using /usr/bin/automake-1.16 to provide /usr/bin/automake (automake) in auto mode
Setting up gettext (0.19.8.1-10) ...
Setting up libparams-classify-perl (0.015-1+b2) ...
Setting up man-db (2.9.3-2) ...
Not building database; man-db/auto-update is not 'true'.
Setting up intltool-debian (0.35.0+20060710.5) ...
Setting up libmodule-runtime-perl (0.016-1) ...
Setting up libdist-checkconflicts-perl (0.11-1) ...
Setting up libmodule-implementation-perl (0.09-1) ...
Setting up libpackage-stash-perl (0.38-1) ...
Setting up po-debconf (1.0.21) ...
Setting up libmodule-runtime-conflicts-perl (0.003-1) ...
Setting up libclass-load-perl (0.25-1) ...
Setting up libpackage-deprecationmanager-perl (0.17-1) ...
Setting up libdevel-overloadinfo-perl (0.005-1) ...
Setting up libclass-load-xs-perl (0.10-1+b4) ...
Setting up libmoose-perl (2.2013-1) ...
Setting up debhelper (13.2.1) ...
Setting up dh-autoreconf (19) ...
Setting up sbuild-build-depends-main-dummy (0.invalid.0) ...
Processing triggers for libc-bin (2.31-4) ...

+------------------------------------------------------------------------------+
| Check architectures                                                          |
+------------------------------------------------------------------------------+

Arch check ok (amd64 included in any)

+------------------------------------------------------------------------------+
| Build environment                                                            |
+------------------------------------------------------------------------------+

Kernel: Linux 4.19.0-6-cloud-amd64 #1 SMP Debian 4.19.67-2+deb10u2 (2019-11-11) amd64 (x86_64)
Toolchain package versions: binutils_2.35.1-2 dpkg-dev_1.20.5 g++-10_10.2.0-15 gcc-10_10.2.0-15 libc6-dev_2.31-4 libstdc++-10-dev_10.2.0-15 libstdc++6_10.2.0-15 linux-libc-dev_5.9.1-1
Package versions: adduser_3.118 apt_2.1.11 autoconf_2.69-11.1 automake_1:1.16.2-4 autopoint_0.19.8.1-10 autotools-dev_20180224.1 base-files_11 base-passwd_3.5.48 bash_5.1~rc1-2 binutils_2.35.1-2 binutils-common_2.35.1-2 binutils-x86-64-linux-gnu_2.35.1-2 bsdextrautils_2.36-3+b1 bsdutils_1:2.36-3+b1 build-essential_12.8 bzip2_1.0.8-4 clang-10_1:10.0.1-7 coreutils_8.32-4+b1 cpp_4:10.2.0-1 cpp-10_10.2.0-15 dash_0.5.10.2-7 debconf_1.5.74 debhelper_13.2.1 debian-archive-keyring_2019.1 debianutils_4.11.2 dh-autoreconf_19 dh-strip-nondeterminism_1.9.0-1 diffutils_1:3.7-3 dpkg_1.20.5 dpkg-dev_1.20.5 dwz_0.13-5 e2fsprogs_1.45.6-1 fakeroot_1.25.3-1 file_1:5.38-5 findutils_4.7.0+git20201010-2 g++_4:10.2.0-1 g++-10_10.2.0-15 gcc_4:10.2.0-1 gcc-10_10.2.0-15 gcc-10-base_10.2.0-15 gcc-9-base_9.3.0-18 gettext_0.19.8.1-10 gettext-base_0.19.8.1-10 gpgv_2.2.20-1 grep_3.4-1 groff-base_1.22.4-5 gzip_1.10-2 hostname_3.23 init-system-helpers_1.58 intltool-debian_0.35.0+20060710.5 lib32gcc-s1_10.2.0-15 lib32stdc++6_10.2.0-15 libacl1_2.2.53-8 libalgorithm-c3-perl_0.10-1 libapt-pkg6.0_2.1.11 libarchive-zip-perl_1.68-1 libasan5_9.3.0-18 libasan6_10.2.0-15 libatomic1_10.2.0-15 libattr1_1:2.4.48-5 libaudit-common_1:2.8.5-3.1 libaudit1_1:2.8.5-3.1 libb-hooks-op-check-perl_0.22-1+b2 libbinutils_2.35.1-2 libblkid1_2.36-3+b1 libbsd0_0.10.0-1 libbz2-1.0_1.0.8-4 libc-bin_2.31-4 libc-dev-bin_2.31-4 libc6_2.31-4 libc6-dev_2.31-4 libc6-i386_2.31-4 libcap-ng0_0.7.9-2.2 libcc1-0_10.2.0-15 libclang-common-10-dev_1:10.0.1-7 libclang-cpp10_1:10.0.1-7 libclang1-10_1:10.0.1-7 libclass-c3-perl_0.34-1 libclass-load-perl_0.25-1 libclass-load-xs-perl_0.10-1+b4 libcom-err2_1.45.6-1 libcroco3_0.6.13-1 libcrypt-dev_1:4.4.17-1 libcrypt1_1:4.4.17-1 libctf-nobfd0_2.35.1-2 libctf0_2.35.1-2 libdata-optlist-perl_0.110-1 libdb5.3_5.3.28+dfsg1-0.6 libdebconfclient0_0.255 libdebhelper-perl_13.2.1 libdevel-callchecker-perl_0.008-1+b1 libdevel-globaldestruction-perl_0.14-1 libdevel-overloadinfo-perl_0.005-1 libdevel-stacktrace-perl_2.0400-1 libdevel-symdump-perl_2.18-3 libdist-checkconflicts-perl_0.11-1 libdpkg-perl_1.20.5 libdynaloader-functions-perl_0.003-1 libedit2_3.1-20191231-1 libelf1_0.181-1 libeval-closure-perl_0.14-1 libext2fs2_1.45.6-1 libfakeroot_1.25.3-1 libffi7_3.3-4 libfile-stripnondeterminism-perl_1.9.0-1 libgc1_1:8.0.4-2.1 libgcc-10-dev_10.2.0-15 libgcc-9-dev_9.3.0-18 libgcc-s1_10.2.0-15 libgcrypt20_1.8.7-2 libgdbm-compat4_1.18.1-5.1 libgdbm6_1.18.1-5.1 libglib2.0-0_2.66.1-2 libgmp10_2:6.2.0+dfsg-6 libgnutls30_3.6.15-4 libgomp1_10.2.0-15 libgpg-error0_1.38-2 libgssapi-krb5-2_1.17-10 libhogweed6_3.6-2 libicu67_67.1-4 libidn2-0_2.3.0-1 libisl22_0.22.1-1 libitm1_10.2.0-15 libk5crypto3_1.17-10 libkeyutils1_1.6.1-2 libkrb5-3_1.17-10 libkrb5support0_1.17-10 libllvm10_1:10.0.1-7 liblsan0_10.2.0-15 liblz4-1_1.9.2-2 liblzma5_5.2.4-1+b1 libmagic-mgc_1:5.38-5 libmagic1_1:5.38-5 libmodule-implementation-perl_0.09-1 libmodule-runtime-conflicts-perl_0.003-1 libmodule-runtime-perl_0.016-1 libmoose-perl_2.2013-1 libmount1_2.36-3+b1 libmpc3_1.2.0-1 libmpfr6_4.1.0-3 libmro-compat-perl_0.13-1 libnettle8_3.6-2 libnsl-dev_1.3.0-2 libnsl2_1.3.0-2 libnss-nis_3.1-4 libnss-nisplus_1.3-4 libobjc-10-dev_10.2.0-15 libobjc-9-dev_9.3.0-18 libobjc4_10.2.0-15 libomp-10-dev_1:10.0.1-7 libomp5-10_1:10.0.1-7 libp11-kit0_0.23.21-2 libpackage-deprecationmanager-perl_0.17-1 libpackage-stash-perl_0.38-1 libpackage-stash-xs-perl_0.29-1+b1 libpam-modules_1.3.1-5 libpam-modules-bin_1.3.1-5 libpam-runtime_1.3.1-5 libpam0g_1.3.1-5 libparams-classify-perl_0.015-1+b2 libparams-util-perl_1.101-1 libpcre2-8-0_10.34-7 libpcre3_2:8.39-13 libperl-dev_5.30.3-4 libperl5.30_5.30.3-4 libpipeline1_1.5.3-1 libpod-coverage-perl_0.23-2 libquadmath0_10.2.0-15 libseccomp2_2.4.4-1+b1 libselinux1_3.1-2+b1 libsemanage-common_3.1-1 libsemanage1_3.1-1+b1 libsepol1_3.1-1 libsigsegv2_2.12-2 libsmartcols1_2.36-3+b1 libss2_1.45.6-1 libssl1.1_1.1.1h-1 libstdc++-10-dev_10.2.0-15 libstdc++6_10.2.0-15 libsub-exporter-perl_0.987-1 libsub-exporter-progressive-perl_0.001013-1 libsub-identify-perl_0.14-1+b2 libsub-install-perl_0.928-1 libsub-name-perl_0.26-1 libsub-override-perl_0.09-2 libsystemd0_246.6-2 libtasn1-6_4.16.0-2 libtest-leaktrace-perl_0.16-1+b2 libtest-pod-coverage-perl_1.10-2 libtest-pod-perl_1.52-1 libtinfo6_6.2+20200918-1 libtirpc-common_1.2.6-3 libtirpc-dev_1.2.6-3 libtirpc3_1.2.6-3 libtool_2.4.6-14 libtry-tiny-perl_0.30-1 libtsan0_10.2.0-15 libubsan1_10.2.0-15 libuchardet0_0.0.7-1 libudev1_246.6-2 libunistring2_0.9.10-4 libuuid1_2.36-3+b1 libxml2_2.9.10+dfsg-6.1 libz3-4_4.8.9-1 libzstd1_1.4.5+dfsg-4 linux-libc-dev_5.9.1-1 login_1:4.8.1-1 logsave_1.45.6-1 lsb-base_11.1.0 m4_1.4.18-4 make_4.3-4 man-db_2.9.3-2 mawk_1.3.4.20200120-2 mount_2.36-3+b1 ncurses-base_6.2+20200918-1 ncurses-bin_6.2+20200918-1 passwd_1:4.8.1-1 patch_2.7.6-6 perl_5.30.3-4 perl-base_5.30.3-4 perl-modules-5.30_5.30.3-4 po-debconf_1.0.21 qt5-qmake_5.14.2+dfsg-6 qt5-qmake-bin_5.14.2+dfsg-6 qtchooser_66-2 sbuild-build-depends-main-dummy_0.invalid.0 sed_4.7-1 sensible-utils_0.0.12+nmu1 sysvinit-utils_2.96-5 tar_1.30+dfsg-7 tzdata_2020d-1 util-linux_2.36-3+b1 xz-utils_5.2.4-1+b1 zlib1g_1:1.2.11.dfsg-2

+------------------------------------------------------------------------------+
| Build                                                                        |
+------------------------------------------------------------------------------+


Unpack source
-------------

-----BEGIN PGP SIGNED MESSAGE-----
Hash: SHA512

Format: 3.0 (quilt)
Source: libset-object-perl
Binary: libset-object-perl
Architecture: any
Version: 1.40-1
Maintainer: Debian Perl Group <pkg-perl-maintainers@lists.alioth.debian.org>
Uploaders: gregor herrmann <gregoa@debian.org>, Niko Tyni <ntyni@iki.fi>, Damyan Ivanov <dmn@debian.org>, Ansgar Burchardt <ansgar@debian.org>, Peter Pentchev <roam@ringlet.net>
Homepage: https://metacpan.org/release/Set-Object
Standards-Version: 4.5.0
Vcs-Browser: https://salsa.debian.org/perl-team/modules/packages/libset-object-perl
Vcs-Git: https://salsa.debian.org/perl-team/modules/packages/libset-object-perl.git
Testsuite: autopkgtest-pkg-perl
Build-Depends: debhelper-compat (= 12), libmoose-perl <!nocheck>, libtest-leaktrace-perl <!nocheck>, libtest-pod-coverage-perl <!nocheck>, libtest-pod-perl <!nocheck>, perl-xs-dev, perl:native
Package-List:
 libset-object-perl deb perl optional arch=any
Checksums-Sha1:
 99eb9ca2c17d82f1d492ab28b71ccf94d638434b 82458 libset-object-perl_1.40.orig.tar.gz
 ed904b31d9ca41fdbd52b9a7679b3a4c2f183b4e 5572 libset-object-perl_1.40-1.debian.tar.xz
Checksums-Sha256:
 1c4d8464c13e6d94957cf021ce603c961b08f52db6a9eaf5a5b0d37868cd37b7 82458 libset-object-perl_1.40.orig.tar.gz
 4a68a26c157e47d4cd5a434d1dc02c9e928adca0e618df94bd614ef2ed096cab 5572 libset-object-perl_1.40-1.debian.tar.xz
Files:
 4e03375b743ca023e6ffa3b0e1700388 82458 libset-object-perl_1.40.orig.tar.gz
 16130bc91d4af1de7999ef505e20600d 5572 libset-object-perl_1.40-1.debian.tar.xz
Dgit: 8e3eb4f41785d438c4374ab31e65dd29475426ca debian archive/debian/1.40-1 https://git.dgit.debian.org/libset-object-perl

-----BEGIN PGP SIGNATURE-----

iQKTBAEBCgB9FiEE0eExbpOnYKgQTYX6uzpoAYZJqgYFAl4rU3VfFIAAAAAALgAo
aXNzdWVyLWZwckBub3RhdGlvbnMub3BlbnBncC5maWZ0aGhvcnNlbWFuLm5ldEQx
RTEzMTZFOTNBNzYwQTgxMDREODVGQUJCM0E2ODAxODY0OUFBMDYACgkQuzpoAYZJ
qgbVcxAAvHOqMartjIAIGkBAksmx7+8ri10tSvGO78CyP3cqCeZyCAdDIhBt6RAK
3W+3R6XyxSe/T1O2o4PDXElG3qHeM9D4nO6+OWn8nUxFAXLRvpWab8Cd7YBbfHtK
HSMxsV2/wFNsm2Jd1zbzFgHVN157ooGufyP82PwYS9FZFuZTYJk4AVddROw6nFWD
iGi+POJd9RGe6EgqX4eZBiygDWCDskK1Ozfhawud2SWj/ttHZWWFuqRVW3FHCJAX
SSHVVfAhS9xqAEP1UkWTL8cH9QOVirMbjSKFYxOVlSnmi7/h1IYkP8NuMxyzUKiY
giegyrjivLiJ/tsz6xqjM469aDEVyKvnuXJNgHbVFS2PQAR7vwCULar42wRC0a3u
4yOJnaKIIhmp5UvwMMzOIBLsn1pEq6TvobMkxpxNp1ztIWhJGYWt9YOoF738wNvt
qkQw41D35Tf/To1mo4kGoqTeoqP0MRkt0JLFrTdijvxeghg1sT6o1Iw401Oj6m6a
fgrGnHvIdBab37kmJPKT2zRTkzdBh5hhK7QfiRM2EHxOUBdwAtxKYd2N9Ys8Ajyb
PkRK/rxs8nyYbBUafBuNOytJwDFC4QTdyKiIUYdFUUeurQBMMObV9Fax2ZtzagwC
B+dPlbU5PL5QwGp1T9O22VwJ0xbF0Zw2Md/+ykwlqXmPB2vHgNs=
=eMZT
-----END PGP SIGNATURE-----

gpgv: unknown type of key resource 'trustedkeys.kbx'
gpgv: keyblock resource '/tmp/dpkg-verify-sig.pMfC3dz_/trustedkeys.kbx': General error
gpgv: Signature made Fri Jan 24 20:28:37 2020 UTC
gpgv:                using RSA key D1E1316E93A760A8104D85FABB3A68018649AA06
gpgv: Can't check signature: No public key
dpkg-source: warning: failed to verify signature on ./libset-object-perl_1.40-1.dsc
dpkg-source: info: extracting libset-object-perl in /<<PKGBUILDDIR>>
dpkg-source: info: unpacking libset-object-perl_1.40.orig.tar.gz
dpkg-source: info: unpacking libset-object-perl_1.40-1.debian.tar.xz
dpkg-source: info: using patch list from debian/patches/series
dpkg-source: info: applying typos.patch

Check disk space
----------------

Sufficient free space for build

User Environment
----------------

APT_CONFIG=/var/lib/sbuild/apt.conf
HOME=/sbuild-nonexistent
LANG=C.UTF-8
LC_ALL=C.UTF-8
LOGNAME=user42
PATH=/usr/local/sbin:/usr/local/bin:/usr/sbin:/usr/bin:/sbin:/bin:/usr/games
SCHROOT_ALIAS_NAME=unstable
SCHROOT_CHROOT_NAME=sid-amd64-sbuild
SCHROOT_COMMAND=env
SCHROOT_GID=1001
SCHROOT_GROUP=user42
SCHROOT_SESSION_ID=sid-amd64-sbuild-5aba0569-d228-4819-8d92-d8d21adb3438
SCHROOT_UID=1001
SCHROOT_USER=user42
SHELL=/bin/sh
USER=user42

dpkg-buildpackage
-----------------

Command: dpkg-buildpackage -us -uc -b -rfakeroot
dpkg-buildpackage: info: source package libset-object-perl
dpkg-buildpackage: info: source version 1.40-1
dpkg-buildpackage: info: source distribution unstable
dpkg-buildpackage: info: source changed by gregor herrmann <gregoa@debian.org>
 dpkg-source --before-build .
dpkg-buildpackage: info: host architecture amd64
 debian/rules clean
dh clean
   dh_clean
 debian/rules binary
dh binary
   dh_update_autotools_config
   dh_autoreconf
   dh_auto_configure
	perl Makefile.PL INSTALLDIRS=vendor "OPTIMIZE=-g -O2 -fdebug-prefix-map=/<<PKGBUILDDIR>>=. -fstack-protector-strong -Wformat -Werror=format-security -Wdate-time -D_FORTIFY_SOURCE=2" "LD=x86_64-linux-gnu-gcc -g -O2 -fdebug-prefix-map=/<<PKGBUILDDIR>>=. -fstack-protector-strong -Wformat -Werror=format-security -Wl,-z,relro -Wl,-z,now"
Checking if your kit is complete...
Looks good
Generating a Unix-style Makefile
Writing Makefile for Set::Object
Writing MYMETA.yml and MYMETA.json
   debian/rules override_dh_auto_build
make[1]: Entering directory '/<<PKGBUILDDIR>>'
dh_auto_build
	make -j4
make[2]: Entering directory '/<<PKGBUILDDIR>>'
Running Mkbootstrap for Object ()
"/usr/bin/perl" "/usr/share/perl/5.30/ExtUtils/xsubpp"  -typemap '/usr/share/perl/5.30/ExtUtils/typemap' -typemap '/<<PKGBUILDDIR>>/typemap'  Object.xs > Object.xsc
chmod 644 "Object.bs"
"/usr/bin/perl" -MExtUtils::Command::MM -e 'cp_nonempty' -- Object.bs blib/arch/auto/Set/Object/Object.bs 644
cp lib/Set/Object.pm blib/lib/Set/Object.pm
AutoSplitting blib/lib/Set/Object.pm (blib/lib/auto/Set/Object)
cp Changes.pod blib/lib/Set/Changes.pod
cp lib/Set/Object/Weak.pm blib/lib/Set/Object/Weak.pm
mv Object.xsc Object.c
x86_64-linux-gnu-gcc -c   -D_REENTRANT -D_GNU_SOURCE -DDEBIAN -fwrapv -fno-strict-aliasing -pipe -I/usr/local/include -D_LARGEFILE_SOURCE -D_FILE_OFFSET_BITS=64 -g -O2 -fdebug-prefix-map=/<<PKGBUILDDIR>>=. -fstack-protector-strong -Wformat -Werror=format-security -Wdate-time -D_FORTIFY_SOURCE=2   -DVERSION=\"1.40\" -DXS_VERSION=\"1.40\" -fPIC "-I/usr/lib/x86_64-linux-gnu/perl/5.30/CORE"   Object.c
rm -f blib/arch/auto/Set/Object/Object.so
x86_64-linux-gnu-gcc -g -O2 -fdebug-prefix-map=/<<PKGBUILDDIR>>=. -fstack-protector-strong -Wformat -Werror=format-security -Wl,-z,relro -Wl,-z,now  -shared -L/usr/local/lib -fstack-protector-strong  Object.o  -o blib/arch/auto/Set/Object/Object.so  \
      \
  
chmod 755 blib/arch/auto/Set/Object/Object.so
Manifying 3 pod documents
make[2]: Leaving directory '/<<PKGBUILDDIR>>'
pod2text Changes.pod > CHANGES
make[1]: Leaving directory '/<<PKGBUILDDIR>>'
   dh_auto_test
	make -j4 test TEST_VERBOSE=1
make[1]: Entering directory '/<<PKGBUILDDIR>>'
"/usr/bin/perl" -MExtUtils::Command::MM -e 'cp_nonempty' -- Object.bs blib/arch/auto/Set/Object/Object.bs 644
PERL_DL_NONLAZY=1 "/usr/bin/perl" "-MExtUtils::Command::MM" "-MTest::Harness" "-e" "undef *Test::Harness::Switches; test_harness(1, 'blib/lib', 'blib/arch')" t/ingy/arrayref.t t/misc/kwalitee.t t/misc/leaks.t t/misc/leaktrace.t t/misc/manifest.t t/misc/meta.t t/misc/more_leaks.t t/misc/perl_minimum_version.t t/misc/pod.t t/misc/pod_coverage.t t/misc/segfault.t t/misc/threads.t t/misc/undef.t t/object/abuse.t t/object/clear.t t/object/difference.t t/object/equal.t t/object/flags.t t/object/includes.t t/object/insert.t t/object/intersection.t t/object/magic.t t/object/members.t t/object/properties.t t/object/refcount.t t/object/remove.t t/object/set_subclass.t t/object/storable.t t/object/subsuper.t t/object/symmetric_difference.t t/object/union.t t/object/weakref.t t/scalar/basic.t t/scalar/basic_overload.t t/scalar/boolean.t t/scalar/clear.t t/scalar/compare.t t/scalar/custom_display.t t/scalar/difference.t t/scalar/each.t t/scalar/has.t t/scalar/intersection.t t/scalar/member.t t/scalar/misc.t t/scalar/rt131354.t t/scalar/set_set.t t/scalar/storable.t t/scalar/symmdiff.t t/scalar/union.t t/scalar/unique.t
Can't load '/<<PKGBUILDDIR>>/blib/arch/auto/Set/Object/Object.so' for module Set::Object: /<<PKGBUILDDIR>>/blib/arch/auto/Set/Object/Object.so: undefined symbol: perl_tsa_mutex_lock at /usr/lib/x86_64-linux-gnu/perl-base/DynaLoader.pm line 187.
  at t/ingy/arrayref.t line 3.
Compilation failed in require at t/ingy/arrayref.t line 3.
BEGIN failed--compilation aborted at t/ingy/arrayref.t line 3.
t/ingy/arrayref.t ................ 
Dubious, test returned 2 (wstat 512, 0x200)
No subtests run 
t/misc/kwalitee.t ................ skipped: This test is only run for the module author

#   Failed test 'use Set::Object;'
#   at t/misc/leaks.t line 5.
#     Tried to use 'Set::Object'.
#     Error:  Can't load '/<<PKGBUILDDIR>>/blib/arch/auto/Set/Object/Object.so' for module Set::Object: /<<PKGBUILDDIR>>/blib/arch/auto/Set/Object/Object.so: undefined symbol: perl_tsa_mutex_lock at /usr/lib/x86_64-linux-gnu/perl-base/DynaLoader.pm line 187.
#   at t/misc/leaks.t line 5.
# Compilation failed in require at t/misc/leaks.t line 5.
# BEGIN failed--compilation aborted at t/misc/leaks.t line 5.
No such method Set::Object::new at t/misc/leaks.t line 15.
# Looks like your test exited with 255 just after 1.
t/misc/leaks.t ................... 
1..9
not ok 1 - use Set::Object;
Dubious, test returned 255 (wstat 65280, 0xff00)
Failed 9/9 subtests 
Can't load '/<<PKGBUILDDIR>>/blib/arch/auto/Set/Object/Object.so' for module Set::Object: /<<PKGBUILDDIR>>/blib/arch/auto/Set/Object/Object.so: undefined symbol: perl_tsa_mutex_lock at /usr/lib/x86_64-linux-gnu/perl-base/DynaLoader.pm line 187.
  at t/misc/leaktrace.t line 8.
Compilation failed in require at t/misc/leaktrace.t line 8.
BEGIN failed--compilation aborted at t/misc/leaktrace.t line 8.
# Looks like your test exited with 2 before it could output anything.
t/misc/leaktrace.t ............... 
1..1
Dubious, test returned 2 (wstat 512, 0x200)
Failed 1/1 subtests 
t/misc/manifest.t ................ skipped: Author tests not required for installation
t/misc/meta.t .................... skipped: This test is only run for the module author
Can't load '/<<PKGBUILDDIR>>/blib/arch/auto/Set/Object/Object.so' for module Set::Object: /<<PKGBUILDDIR>>/blib/arch/auto/Set/Object/Object.so: undefined symbol: perl_tsa_mutex_lock at /usr/lib/x86_64-linux-gnu/perl-base/DynaLoader.pm line 187.
  at t/misc/more_leaks.t line 16.
Compilation failed in require at t/misc/more_leaks.t line 16.
BEGIN failed--compilation aborted at t/misc/more_leaks.t line 16.
t/misc/more_leaks.t .............. 
Dubious, test returned 2 (wstat 512, 0x200)
No subtests run 
t/misc/perl_minimum_version.t .... skipped: Author tests not required for installation
t/misc/pod.t ..................... 
1..3
ok 1 - POD test for blib/lib/Set/Object.pm
ok 2 - POD test for blib/lib/Set/Changes.pod
ok 3 - POD test for blib/lib/Set/Object/Weak.pm
ok
Can't load '/<<PKGBUILDDIR>>/blib/arch/auto/Set/Object/Object.so' for module Set::Object: /<<PKGBUILDDIR>>/blib/arch/auto/Set/Object/Object.so: undefined symbol: perl_tsa_mutex_lock at /usr/lib/x86_64-linux-gnu/perl-base/DynaLoader.pm line 187.
  at t/misc/pod_coverage.t line 13.
Compilation failed in require at t/misc/pod_coverage.t line 13.
BEGIN failed--compilation aborted at t/misc/pod_coverage.t line 13.
# Looks like your test exited with 2 before it could output anything.
t/misc/pod_coverage.t ............ 
1..2
Dubious, test returned 2 (wstat 512, 0x200)
Failed 2/2 subtests 
Can't load '/<<PKGBUILDDIR>>/blib/arch/auto/Set/Object/Object.so' for module Set::Object: /<<PKGBUILDDIR>>/blib/arch/auto/Set/Object/Object.so: undefined symbol: perl_tsa_mutex_lock at /usr/lib/x86_64-linux-gnu/perl-base/DynaLoader.pm line 187.
  at t/misc/segfault.t line 3.
Compilation failed in require at t/misc/segfault.t line 3.
BEGIN failed--compilation aborted at t/misc/segfault.t line 3.
# Looks like your test exited with 2 before it could output anything.
t/misc/segfault.t ................ 
1..1
Dubious, test returned 2 (wstat 512, 0x200)
Failed 1/1 subtests 
Can't load '/<<PKGBUILDDIR>>/blib/arch/auto/Set/Object/Object.so' for module Set::Object: /<<PKGBUILDDIR>>/blib/arch/auto/Set/Object/Object.so: undefined symbol: perl_tsa_mutex_lock at /usr/lib/x86_64-linux-gnu/perl-base/DynaLoader.pm line 187.
  at t/misc/threads.t line 17.
Compilation failed in require at t/misc/threads.t line 17.
BEGIN failed--compilation aborted at t/misc/threads.t line 17.
t/misc/threads.t ................. 
Dubious, test returned 2 (wstat 512, 0x200)
No subtests run 
Can't load '/<<PKGBUILDDIR>>/blib/arch/auto/Set/Object/Object.so' for module Set::Object: /<<PKGBUILDDIR>>/blib/arch/auto/Set/Object/Object.so: undefined symbol: perl_tsa_mutex_lock at /usr/lib/x86_64-linux-gnu/perl-base/DynaLoader.pm line 187.
  at t/misc/undef.t line 5.
Compilation failed in require at t/misc/undef.t line 5.
BEGIN failed--compilation aborted at t/misc/undef.t line 5.
t/misc/undef.t ................... skipped: (no reason given)
Can't load '/<<PKGBUILDDIR>>/blib/arch/auto/Set/Object/Object.so' for module Set::Object: /<<PKGBUILDDIR>>/blib/arch/auto/Set/Object/Object.so: undefined symbol: perl_tsa_mutex_lock at /usr/lib/x86_64-linux-gnu/perl-base/DynaLoader.pm line 187.
  at t/object/abuse.t line 5.
Compilation failed in require at t/object/abuse.t line 5.
BEGIN failed--compilation aborted at t/object/abuse.t line 5.
# Looks like your test exited with 2 before it could output anything.
t/object/abuse.t ................. 
1..20
Dubious, test returned 2 (wstat 512, 0x200)
Failed 20/20 subtests 
Can't load '/<<PKGBUILDDIR>>/blib/arch/auto/Set/Object/Object.so' for module Set::Object: /<<PKGBUILDDIR>>/blib/arch/auto/Set/Object/Object.so: undefined symbol: perl_tsa_mutex_lock at /usr/lib/x86_64-linux-gnu/perl-base/DynaLoader.pm line 187.
  at t/object/clear.t line 1.
Compilation failed in require at t/object/clear.t line 1.
BEGIN failed--compilation aborted at t/object/clear.t line 1.
t/object/clear.t ................. 
Dubious, test returned 2 (wstat 512, 0x200)
No subtests run 
Can't load '/<<PKGBUILDDIR>>/blib/arch/auto/Set/Object/Object.so' for module Set::Object: /<<PKGBUILDDIR>>/blib/arch/auto/Set/Object/Object.so: undefined symbol: perl_tsa_mutex_lock at /usr/lib/x86_64-linux-gnu/perl-base/DynaLoader.pm line 187.
  at t/object/difference.t line 1.
Compilation failed in require at t/object/difference.t line 1.
BEGIN failed--compilation aborted at t/object/difference.t line 1.
t/object/difference.t ............ 
Dubious, test returned 2 (wstat 512, 0x200)
No subtests run 
Can't load '/<<PKGBUILDDIR>>/blib/arch/auto/Set/Object/Object.so' for module Set::Object: /<<PKGBUILDDIR>>/blib/arch/auto/Set/Object/Object.so: undefined symbol: perl_tsa_mutex_lock at /usr/lib/x86_64-linux-gnu/perl-base/DynaLoader.pm line 187.
  at t/object/equal.t line 1.
Compilation failed in require at t/object/equal.t line 1.
BEGIN failed--compilation aborted at t/object/equal.t line 1.
t/object/equal.t ................. 
Dubious, test returned 2 (wstat 512, 0x200)
No subtests run 
Can't load '/<<PKGBUILDDIR>>/blib/arch/auto/Set/Object/Object.so' for module Set::Object: /<<PKGBUILDDIR>>/blib/arch/auto/Set/Object/Object.so: undefined symbol: perl_tsa_mutex_lock at /usr/lib/x86_64-linux-gnu/perl-base/DynaLoader.pm line 187.
  at t/object/flags.t line 9.
Compilation failed in require at t/object/flags.t line 9.
BEGIN failed--compilation aborted at t/object/flags.t line 9.
t/object/flags.t ................. 
Dubious, test returned 2 (wstat 512, 0x200)
No subtests run 
Can't load '/<<PKGBUILDDIR>>/blib/arch/auto/Set/Object/Object.so' for module Set::Object: /<<PKGBUILDDIR>>/blib/arch/auto/Set/Object/Object.so: undefined symbol: perl_tsa_mutex_lock at /usr/lib/x86_64-linux-gnu/perl-base/DynaLoader.pm line 187.
  at t/object/includes.t line 3.
Compilation failed in require at t/object/includes.t line 3.
BEGIN failed--compilation aborted at t/object/includes.t line 3.
t/object/includes.t .............. 
Dubious, test returned 2 (wstat 512, 0x200)
No subtests run 
Can't load '/<<PKGBUILDDIR>>/blib/arch/auto/Set/Object/Object.so' for module Set::Object: /<<PKGBUILDDIR>>/blib/arch/auto/Set/Object/Object.so: undefined symbol: perl_tsa_mutex_lock at /usr/lib/x86_64-linux-gnu/perl-base/DynaLoader.pm line 187.
  at t/object/insert.t line 3.
Compilation failed in require at t/object/insert.t line 3.
BEGIN failed--compilation aborted at t/object/insert.t line 3.
t/object/insert.t ................ 
Dubious, test returned 2 (wstat 512, 0x200)
No subtests run 
Can't load '/<<PKGBUILDDIR>>/blib/arch/auto/Set/Object/Object.so' for module Set::Object: /<<PKGBUILDDIR>>/blib/arch/auto/Set/Object/Object.so: undefined symbol: perl_tsa_mutex_lock at /usr/lib/x86_64-linux-gnu/perl-base/DynaLoader.pm line 187.
  at t/object/intersection.t line 1.
Compilation failed in require at t/object/intersection.t line 1.
BEGIN failed--compilation aborted at t/object/intersection.t line 1.
t/object/intersection.t .......... 
Dubious, test returned 2 (wstat 512, 0x200)
No subtests run 
Can't load '/<<PKGBUILDDIR>>/blib/arch/auto/Set/Object/Object.so' for module Set::Object: /<<PKGBUILDDIR>>/blib/arch/auto/Set/Object/Object.so: undefined symbol: perl_tsa_mutex_lock at /usr/lib/x86_64-linux-gnu/perl-base/DynaLoader.pm line 187.
  at t/object/magic.t line 15.
Compilation failed in require at t/object/magic.t line 15.
BEGIN failed--compilation aborted at t/object/magic.t line 15.
t/object/magic.t ................. 
Dubious, test returned 2 (wstat 512, 0x200)
No subtests run 
Can't load '/<<PKGBUILDDIR>>/blib/arch/auto/Set/Object/Object.so' for module Set::Object: /<<PKGBUILDDIR>>/blib/arch/auto/Set/Object/Object.so: undefined symbol: perl_tsa_mutex_lock at /usr/lib/x86_64-linux-gnu/perl-base/DynaLoader.pm line 187.
  at t/object/members.t line 1.
Compilation failed in require at t/object/members.t line 1.
BEGIN failed--compilation aborted at t/object/members.t line 1.
t/object/members.t ............... 
Dubious, test returned 2 (wstat 512, 0x200)
No subtests run 
Can't load '/<<PKGBUILDDIR>>/blib/arch/auto/Set/Object/Object.so' for module Set::Object: /<<PKGBUILDDIR>>/blib/arch/auto/Set/Object/Object.so: undefined symbol: perl_tsa_mutex_lock at /usr/lib/x86_64-linux-gnu/perl-base/DynaLoader.pm line 187.
  at t/object/properties.t line 6.
Compilation failed in require at t/object/properties.t line 6.
BEGIN failed--compilation aborted at t/object/properties.t line 6.
# Looks like your test exited with 2 before it could output anything.
t/object/properties.t ............ 
1..79
Dubious, test returned 2 (wstat 512, 0x200)
Failed 79/79 subtests 
Can't load '/<<PKGBUILDDIR>>/blib/arch/auto/Set/Object/Object.so' for module Set::Object: /<<PKGBUILDDIR>>/blib/arch/auto/Set/Object/Object.so: undefined symbol: perl_tsa_mutex_lock at /usr/lib/x86_64-linux-gnu/perl-base/DynaLoader.pm line 187.
  at t/object/refcount.t line 1.
Compilation failed in require at t/object/refcount.t line 1.
BEGIN failed--compilation aborted at t/object/refcount.t line 1.
t/object/refcount.t .............. 
Dubious, test returned 2 (wstat 512, 0x200)
No subtests run 
Can't load '/<<PKGBUILDDIR>>/blib/arch/auto/Set/Object/Object.so' for module Set::Object: /<<PKGBUILDDIR>>/blib/arch/auto/Set/Object/Object.so: undefined symbol: perl_tsa_mutex_lock at /usr/lib/x86_64-linux-gnu/perl-base/DynaLoader.pm line 187.
  at t/object/remove.t line 1.
Compilation failed in require at t/object/remove.t line 1.
BEGIN failed--compilation aborted at t/object/remove.t line 1.
t/object/remove.t ................ 
Dubious, test returned 2 (wstat 512, 0x200)
No subtests run 
Can't load '/<<PKGBUILDDIR>>/blib/arch/auto/Set/Object/Object.so' for module Set::Object: /<<PKGBUILDDIR>>/blib/arch/auto/Set/Object/Object.so: undefined symbol: perl_tsa_mutex_lock at /usr/lib/x86_64-linux-gnu/perl-base/DynaLoader.pm line 187.
  at /usr/lib/x86_64-linux-gnu/perl-base/base.pm line 135.
Compilation failed in require at /usr/lib/x86_64-linux-gnu/perl-base/base.pm line 135.
	...propagated at /usr/lib/x86_64-linux-gnu/perl-base/base.pm line 157.
BEGIN failed--compilation aborted at ./t/object/SetSubClass.pm line 5.
Compilation failed in require at t/object/set_subclass.t line 5.
# Looks like your test exited with 2 before it could output anything.
t/object/set_subclass.t .......... 
1..4
Dubious, test returned 2 (wstat 512, 0x200)
Failed 4/4 subtests 

#   Failed test 'use Set::Object;'
#   at t/object/storable.t line 17.
#     Tried to use 'Set::Object'.
#     Error:  Can't load '/<<PKGBUILDDIR>>/blib/arch/auto/Set/Object/Object.so' for module Set::Object: /<<PKGBUILDDIR>>/blib/arch/auto/Set/Object/Object.so: undefined symbol: perl_tsa_mutex_lock at /usr/lib/x86_64-linux-gnu/perl-base/DynaLoader.pm line 187.
#   at t/object/storable.t line 17.
# Compilation failed in require at t/object/storable.t line 17.
# BEGIN failed--compilation aborted at t/object/storable.t line 17.
No such method Set::Object::new at t/object/storable.t line 24.
# Looks like your test exited with 255 just after 2.
t/object/storable.t .............. 
1..7
not ok 1 - use Set::Object;
ok 2 - Storable works
Dubious, test returned 255 (wstat 65280, 0xff00)
Failed 6/7 subtests 
Can't load '/<<PKGBUILDDIR>>/blib/arch/auto/Set/Object/Object.so' for module Set::Object: /<<PKGBUILDDIR>>/blib/arch/auto/Set/Object/Object.so: undefined symbol: perl_tsa_mutex_lock at /usr/lib/x86_64-linux-gnu/perl-base/DynaLoader.pm line 187.
  at t/object/subsuper.t line 1.
Compilation failed in require at t/object/subsuper.t line 1.
BEGIN failed--compilation aborted at t/object/subsuper.t line 1.
t/object/subsuper.t .............. 
Dubious, test returned 2 (wstat 512, 0x200)
No subtests run 
Can't load '/<<PKGBUILDDIR>>/blib/arch/auto/Set/Object/Object.so' for module Set::Object: /<<PKGBUILDDIR>>/blib/arch/auto/Set/Object/Object.so: undefined symbol: perl_tsa_mutex_lock at /usr/lib/x86_64-linux-gnu/perl-base/DynaLoader.pm line 187.
  at t/object/symmetric_difference.t line 1.
Compilation failed in require at t/object/symmetric_difference.t line 1.
BEGIN failed--compilation aborted at t/object/symmetric_difference.t line 1.
t/object/symmetric_difference.t .. 
Dubious, test returned 2 (wstat 512, 0x200)
No subtests run 
Can't load '/<<PKGBUILDDIR>>/blib/arch/auto/Set/Object/Object.so' for module Set::Object: /<<PKGBUILDDIR>>/blib/arch/auto/Set/Object/Object.so: undefined symbol: perl_tsa_mutex_lock at /usr/lib/x86_64-linux-gnu/perl-base/DynaLoader.pm line 187.
  at t/object/union.t line 3.
Compilation failed in require at t/object/union.t line 3.
BEGIN failed--compilation aborted at t/object/union.t line 3.
t/object/union.t ................. 
Dubious, test returned 2 (wstat 512, 0x200)
No subtests run 
Can't load '/<<PKGBUILDDIR>>/blib/arch/auto/Set/Object/Object.so' for module Set::Object: /<<PKGBUILDDIR>>/blib/arch/auto/Set/Object/Object.so: undefined symbol: perl_tsa_mutex_lock at /usr/lib/x86_64-linux-gnu/perl-base/DynaLoader.pm line 187.
  at t/object/weakref.t line 4.
Compilation failed in require at t/object/weakref.t line 4.
BEGIN failed--compilation aborted at t/object/weakref.t line 4.
t/object/weakref.t ............... skipped: (no reason given)
Can't load '/<<PKGBUILDDIR>>/blib/arch/auto/Set/Object/Object.so' for module Set::Object: /<<PKGBUILDDIR>>/blib/arch/auto/Set/Object/Object.so: undefined symbol: perl_tsa_mutex_lock at /usr/lib/x86_64-linux-gnu/perl-base/DynaLoader.pm line 187.
  at t/scalar/basic.t line 2.
Compilation failed in require at t/scalar/basic.t line 2.
BEGIN failed--compilation aborted at t/scalar/basic.t line 2.
t/scalar/basic.t ................. 
Dubious, test returned 2 (wstat 512, 0x200)
No subtests run 
Can't load '/<<PKGBUILDDIR>>/blib/arch/auto/Set/Object/Object.so' for module Set::Object: /<<PKGBUILDDIR>>/blib/arch/auto/Set/Object/Object.so: undefined symbol: perl_tsa_mutex_lock at /usr/lib/x86_64-linux-gnu/perl-base/DynaLoader.pm line 187.
  at t/scalar/basic_overload.t line 2.
Compilation failed in require at t/scalar/basic_overload.t line 2.
BEGIN failed--compilation aborted at t/scalar/basic_overload.t line 2.
t/scalar/basic_overload.t ........ 
Dubious, test returned 2 (wstat 512, 0x200)
No subtests run 
Can't load '/<<PKGBUILDDIR>>/blib/arch/auto/Set/Object/Object.so' for module Set::Object: /<<PKGBUILDDIR>>/blib/arch/auto/Set/Object/Object.so: undefined symbol: perl_tsa_mutex_lock at /usr/lib/x86_64-linux-gnu/perl-base/DynaLoader.pm line 187.
  at t/scalar/boolean.t line 2.
Compilation failed in require at t/scalar/boolean.t line 2.
BEGIN failed--compilation aborted at t/scalar/boolean.t line 2.
t/scalar/boolean.t ............... 
Dubious, test returned 2 (wstat 512, 0x200)
No subtests run 
Can't load '/<<PKGBUILDDIR>>/blib/arch/auto/Set/Object/Object.so' for module Set::Object: /<<PKGBUILDDIR>>/blib/arch/auto/Set/Object/Object.so: undefined symbol: perl_tsa_mutex_lock at /usr/lib/x86_64-linux-gnu/perl-base/DynaLoader.pm line 187.
  at t/scalar/clear.t line 1.
Compilation failed in require at t/scalar/clear.t line 1.
BEGIN failed--compilation aborted at t/scalar/clear.t line 1.
t/scalar/clear.t ................. 
Dubious, test returned 2 (wstat 512, 0x200)
No subtests run 
Can't load '/<<PKGBUILDDIR>>/blib/arch/auto/Set/Object/Object.so' for module Set::Object: /<<PKGBUILDDIR>>/blib/arch/auto/Set/Object/Object.so: undefined symbol: perl_tsa_mutex_lock at /usr/lib/x86_64-linux-gnu/perl-base/DynaLoader.pm line 187.
  at t/scalar/compare.t line 2.
Compilation failed in require at t/scalar/compare.t line 2.
BEGIN failed--compilation aborted at t/scalar/compare.t line 2.
t/scalar/compare.t ............... 
Dubious, test returned 2 (wstat 512, 0x200)
No subtests run 
Can't load '/<<PKGBUILDDIR>>/blib/arch/auto/Set/Object/Object.so' for module Set::Object: /<<PKGBUILDDIR>>/blib/arch/auto/Set/Object/Object.so: undefined symbol: perl_tsa_mutex_lock at /usr/lib/x86_64-linux-gnu/perl-base/DynaLoader.pm line 187.
  at t/scalar/custom_display.t line 2.
Compilation failed in require at t/scalar/custom_display.t line 2.
BEGIN failed--compilation aborted at t/scalar/custom_display.t line 2.
t/scalar/custom_display.t ........ 
Dubious, test returned 2 (wstat 512, 0x200)
No subtests run 
Can't load '/<<PKGBUILDDIR>>/blib/arch/auto/Set/Object/Object.so' for module Set::Object: /<<PKGBUILDDIR>>/blib/arch/auto/Set/Object/Object.so: undefined symbol: perl_tsa_mutex_lock at /usr/lib/x86_64-linux-gnu/perl-base/DynaLoader.pm line 187.
  at t/scalar/difference.t line 2.
Compilation failed in require at t/scalar/difference.t line 2.
BEGIN failed--compilation aborted at t/scalar/difference.t line 2.
t/scalar/difference.t ............ 
Dubious, test returned 2 (wstat 512, 0x200)
No subtests run 
t/scalar/each.t .................. skipped: TO-DO
Can't load '/<<PKGBUILDDIR>>/blib/arch/auto/Set/Object/Object.so' for module Set::Object: /<<PKGBUILDDIR>>/blib/arch/auto/Set/Object/Object.so: undefined symbol: perl_tsa_mutex_lock at /usr/lib/x86_64-linux-gnu/perl-base/DynaLoader.pm line 187.
  at t/scalar/has.t line 2.
Compilation failed in require at t/scalar/has.t line 2.
BEGIN failed--compilation aborted at t/scalar/has.t line 2.
t/scalar/has.t ................... 
Dubious, test returned 2 (wstat 512, 0x200)
No subtests run 
Can't load '/<<PKGBUILDDIR>>/blib/arch/auto/Set/Object/Object.so' for module Set::Object: /<<PKGBUILDDIR>>/blib/arch/auto/Set/Object/Object.so: undefined symbol: perl_tsa_mutex_lock at /usr/lib/x86_64-linux-gnu/perl-base/DynaLoader.pm line 187.
  at t/scalar/intersection.t line 2.
Compilation failed in require at t/scalar/intersection.t line 2.
BEGIN failed--compilation aborted at t/scalar/intersection.t line 2.
t/scalar/intersection.t .......... 
Dubious, test returned 2 (wstat 512, 0x200)
No subtests run 
Can't load '/<<PKGBUILDDIR>>/blib/arch/auto/Set/Object/Object.so' for module Set::Object: /<<PKGBUILDDIR>>/blib/arch/auto/Set/Object/Object.so: undefined symbol: perl_tsa_mutex_lock at /usr/lib/x86_64-linux-gnu/perl-base/DynaLoader.pm line 187.
  at t/scalar/member.t line 1.
Compilation failed in require at t/scalar/member.t line 1.
BEGIN failed--compilation aborted at t/scalar/member.t line 1.
t/scalar/member.t ................ 
Dubious, test returned 2 (wstat 512, 0x200)
No subtests run 
Can't load '/<<PKGBUILDDIR>>/blib/arch/auto/Set/Object/Object.so' for module Set::Object: /<<PKGBUILDDIR>>/blib/arch/auto/Set/Object/Object.so: undefined symbol: perl_tsa_mutex_lock at /usr/lib/x86_64-linux-gnu/perl-base/DynaLoader.pm line 187.
  at t/scalar/misc.t line 1.
Compilation failed in require at t/scalar/misc.t line 1.
BEGIN failed--compilation aborted at t/scalar/misc.t line 1.
t/scalar/misc.t .................. 
Dubious, test returned 2 (wstat 512, 0x200)
No subtests run 
Can't load '/<<PKGBUILDDIR>>/blib/arch/auto/Set/Object/Object.so' for module Set::Object: /<<PKGBUILDDIR>>/blib/arch/auto/Set/Object/Object.so: undefined symbol: perl_tsa_mutex_lock at /usr/lib/x86_64-linux-gnu/perl-base/DynaLoader.pm line 187.
  at t/scalar/rt131354.t line 3.
Compilation failed in require at t/scalar/rt131354.t line 3.
BEGIN failed--compilation aborted at t/scalar/rt131354.t line 3.
t/scalar/rt131354.t .............. 
Dubious, test returned 2 (wstat 512, 0x200)
No subtests run 
Can't load '/<<PKGBUILDDIR>>/blib/arch/auto/Set/Object/Object.so' for module Set::Object: /<<PKGBUILDDIR>>/blib/arch/auto/Set/Object/Object.so: undefined symbol: perl_tsa_mutex_lock at /usr/lib/x86_64-linux-gnu/perl-base/DynaLoader.pm line 187.
  at t/scalar/set_set.t line 2.
Compilation failed in require at t/scalar/set_set.t line 2.
BEGIN failed--compilation aborted at t/scalar/set_set.t line 2.
# Looks like your test exited with 2 before it could output anything.
t/scalar/set_set.t ............... 
1..2
Dubious, test returned 2 (wstat 512, 0x200)
Failed 2/2 subtests 

#   Failed test 'use Set::Object;'
#   at t/scalar/storable.t line 17.
#     Tried to use 'Set::Object'.
#     Error:  Can't load '/<<PKGBUILDDIR>>/blib/arch/auto/Set/Object/Object.so' for module Set::Object: /<<PKGBUILDDIR>>/blib/arch/auto/Set/Object/Object.so: undefined symbol: perl_tsa_mutex_lock at /usr/lib/x86_64-linux-gnu/perl-base/DynaLoader.pm line 187.
#   at t/scalar/storable.t line 17.
# Compilation failed in require at t/scalar/storable.t line 17.
# BEGIN failed--compilation aborted at t/scalar/storable.t line 17.
No such method Set::Object::new at t/scalar/storable.t line 23.
# Looks like your test exited with 255 just after 2.
t/scalar/storable.t .............. 
1..7
not ok 1 - use Set::Object;
ok 2 - Storable works
Dubious, test returned 255 (wstat 65280, 0xff00)
Failed 6/7 subtests 
Can't load '/<<PKGBUILDDIR>>/blib/arch/auto/Set/Object/Object.so' for module Set::Object: /<<PKGBUILDDIR>>/blib/arch/auto/Set/Object/Object.so: undefined symbol: perl_tsa_mutex_lock at /usr/lib/x86_64-linux-gnu/perl-base/DynaLoader.pm line 187.
  at t/scalar/symmdiff.t line 1.
Compilation failed in require at t/scalar/symmdiff.t line 1.
BEGIN failed--compilation aborted at t/scalar/symmdiff.t line 1.
t/scalar/symmdiff.t .............. 
Dubious, test returned 2 (wstat 512, 0x200)
No subtests run 
Can't load '/<<PKGBUILDDIR>>/blib/arch/auto/Set/Object/Object.so' for module Set::Object: /<<PKGBUILDDIR>>/blib/arch/auto/Set/Object/Object.so: undefined symbol: perl_tsa_mutex_lock at /usr/lib/x86_64-linux-gnu/perl-base/DynaLoader.pm line 187.
  at t/scalar/union.t line 1.
Compilation failed in require at t/scalar/union.t line 1.
BEGIN failed--compilation aborted at t/scalar/union.t line 1.
t/scalar/union.t ................. 
Dubious, test returned 2 (wstat 512, 0x200)
No subtests run 
Can't load '/<<PKGBUILDDIR>>/blib/arch/auto/Set/Object/Object.so' for module Set::Object: /<<PKGBUILDDIR>>/blib/arch/auto/Set/Object/Object.so: undefined symbol: perl_tsa_mutex_lock at /usr/lib/x86_64-linux-gnu/perl-base/DynaLoader.pm line 187.
  at t/scalar/unique.t line 1.
Compilation failed in require at t/scalar/unique.t line 1.
BEGIN failed--compilation aborted at t/scalar/unique.t line 1.
t/scalar/unique.t ................ 
Dubious, test returned 2 (wstat 512, 0x200)
No subtests run 

Test Summary Report
-------------------
t/ingy/arrayref.t              (Wstat: 512 Tests: 0 Failed: 0)
  Non-zero exit status: 2
  Parse errors: No plan found in TAP output
t/misc/leaks.t                 (Wstat: 65280 Tests: 1 Failed: 1)
  Failed test:  1
  Non-zero exit status: 255
  Parse errors: Bad plan.  You planned 9 tests but ran 1.
t/misc/leaktrace.t             (Wstat: 512 Tests: 0 Failed: 0)
  Non-zero exit status: 2
  Parse errors: Bad plan.  You planned 1 tests but ran 0.
t/misc/more_leaks.t            (Wstat: 512 Tests: 0 Failed: 0)
  Non-zero exit status: 2
  Parse errors: No plan found in TAP output
t/misc/pod_coverage.t          (Wstat: 512 Tests: 0 Failed: 0)
  Non-zero exit status: 2
  Parse errors: Bad plan.  You planned 2 tests but ran 0.
t/misc/segfault.t              (Wstat: 512 Tests: 0 Failed: 0)
  Non-zero exit status: 2
  Parse errors: Bad plan.  You planned 1 tests but ran 0.
t/misc/threads.t               (Wstat: 512 Tests: 0 Failed: 0)
  Non-zero exit status: 2
  Parse errors: No plan found in TAP output
t/misc/undef.t                 (Wstat: 512 Tests: 0 Failed: 0)
  Non-zero exit status: 2
t/object/abuse.t               (Wstat: 512 Tests: 0 Failed: 0)
  Non-zero exit status: 2
  Parse errors: Bad plan.  You planned 20 tests but ran 0.
t/object/clear.t               (Wstat: 512 Tests: 0 Failed: 0)
  Non-zero exit status: 2
  Parse errors: No plan found in TAP output
t/object/difference.t          (Wstat: 512 Tests: 0 Failed: 0)
  Non-zero exit status: 2
  Parse errors: No plan found in TAP output
t/object/equal.t               (Wstat: 512 Tests: 0 Failed: 0)
  Non-zero exit status: 2
  Parse errors: No plan found in TAP output
t/object/flags.t               (Wstat: 512 Tests: 0 Failed: 0)
  Non-zero exit status: 2
  Parse errors: No plan found in TAP output
t/object/includes.t            (Wstat: 512 Tests: 0 Failed: 0)
  Non-zero exit status: 2
  Parse errors: No plan found in TAP output
t/object/insert.t              (Wstat: 512 Tests: 0 Failed: 0)
  Non-zero exit status: 2
  Parse errors: No plan found in TAP output
t/object/intersection.t        (Wstat: 512 Tests: 0 Failed: 0)
  Non-zero exit status: 2
  Parse errors: No plan found in TAP output
t/object/magic.t               (Wstat: 512 Tests: 0 Failed: 0)
  Non-zero exit status: 2
  Parse errors: No plan found in TAP output
t/object/members.t             (Wstat: 512 Tests: 0 Failed: 0)
  Non-zero exit status: 2
  Parse errors: No plan found in TAP output
t/object/properties.t          (Wstat: 512 Tests: 0 Failed: 0)
  Non-zero exit status: 2
  Parse errors: Bad plan.  You planned 79 tests but ran 0.
t/object/refcount.t            (Wstat: 512 Tests: 0 Failed: 0)
  Non-zero exit status: 2
  Parse errors: No plan found in TAP output
t/object/remove.t              (Wstat: 512 Tests: 0 Failed: 0)
  Non-zero exit status: 2
  Parse errors: No plan found in TAP output
t/object/set_subclass.t        (Wstat: 512 Tests: 0 Failed: 0)
  Non-zero exit status: 2
  Parse errors: Bad plan.  You planned 4 tests but ran 0.
t/object/storable.t            (Wstat: 65280 Tests: 2 Failed: 1)
  Failed test:  1
  Non-zero exit status: 255
  Parse errors: Bad plan.  You planned 7 tests but ran 2.
t/object/subsuper.t            (Wstat: 512 Tests: 0 Failed: 0)
  Non-zero exit status: 2
  Parse errors: No plan found in TAP output
t/object/symmetric_difference.t (Wstat: 512 Tests: 0 Failed: 0)
  Non-zero exit status: 2
  Parse errors: No plan found in TAP output
t/object/union.t               (Wstat: 512 Tests: 0 Failed: 0)
  Non-zero exit status: 2
  Parse errors: No plan found in TAP output
t/object/weakref.t             (Wstat: 512 Tests: 0 Failed: 0)
  Non-zero exit status: 2
t/scalar/basic.t               (Wstat: 512 Tests: 0 Failed: 0)
  Non-zero exit status: 2
  Parse errors: No plan found in TAP output
t/scalar/basic_overload.t      (Wstat: 512 Tests: 0 Failed: 0)
  Non-zero exit status: 2
  Parse errors: No plan found in TAP output
t/scalar/boolean.t             (Wstat: 512 Tests: 0 Failed: 0)
  Non-zero exit status: 2
  Parse errors: No plan found in TAP output
t/scalar/clear.t               (Wstat: 512 Tests: 0 Failed: 0)
  Non-zero exit status: 2
  Parse errors: No plan found in TAP output
t/scalar/compare.t             (Wstat: 512 Tests: 0 Failed: 0)
  Non-zero exit status: 2
  Parse errors: No plan found in TAP output
t/scalar/custom_display.t      (Wstat: 512 Tests: 0 Failed: 0)
  Non-zero exit status: 2
  Parse errors: No plan found in TAP output
t/scalar/difference.t          (Wstat: 512 Tests: 0 Failed: 0)
  Non-zero exit status: 2
  Parse errors: No plan found in TAP output
t/scalar/has.t                 (Wstat: 512 Tests: 0 Failed: 0)
  Non-zero exit status: 2
  Parse errors: No plan found in TAP output
t/scalar/intersection.t        (Wstat: 512 Tests: 0 Failed: 0)
  Non-zero exit status: 2
  Parse errors: No plan found in TAP output
t/scalar/member.t              (Wstat: 512 Tests: 0 Failed: 0)
  Non-zero exit status: 2
  Parse errors: No plan found in TAP output
t/scalar/misc.t                (Wstat: 512 Tests: 0 Failed: 0)
  Non-zero exit status: 2
  Parse errors: No plan found in TAP output
t/scalar/rt131354.t            (Wstat: 512 Tests: 0 Failed: 0)
  Non-zero exit status: 2
  Parse errors: No plan found in TAP output
t/scalar/set_set.t             (Wstat: 512 Tests: 0 Failed: 0)
  Non-zero exit status: 2
  Parse errors: Bad plan.  You planned 2 tests but ran 0.
t/scalar/storable.t            (Wstat: 65280 Tests: 2 Failed: 1)
  Failed test:  1
  Non-zero exit status: 255
  Parse errors: Bad plan.  You planned 7 tests but ran 2.
t/scalar/symmdiff.t            (Wstat: 512 Tests: 0 Failed: 0)
  Non-zero exit status: 2
  Parse errors: No plan found in TAP output
t/scalar/union.t               (Wstat: 512 Tests: 0 Failed: 0)
  Non-zero exit status: 2
  Parse errors: No plan found in TAP output
t/scalar/unique.t              (Wstat: 512 Tests: 0 Failed: 0)
  Non-zero exit status: 2
  Parse errors: No plan found in TAP output
Files=50, Tests=8,  1 wallclock secs ( 0.09 usr  0.02 sys +  1.36 cusr  0.18 csys =  1.65 CPU)
Result: FAIL
Failed 44/50 test programs. 3/8 subtests failed.
make[1]: *** [Makefile:1064: test_dynamic] Error 2
make[1]: Leaving directory '/<<PKGBUILDDIR>>'
dh_auto_test: error: make -j4 test TEST_VERBOSE=1 returned exit code 2
make: *** [debian/rules:11: binary] Error 25
dpkg-buildpackage: error: debian/rules binary subprocess returned exit status 2
--------------------------------------------------------------------------------
Build finished at 2020-10-29T20:16:47Z

Finished
--------


+------------------------------------------------------------------------------+
| Cleanup                                                                      |
+------------------------------------------------------------------------------+

Purging /<<BUILDDIR>>
Not cleaning session: cloned chroot in use
E: Build failure (dpkg-buildpackage died)

+------------------------------------------------------------------------------+
| Summary                                                                      |
+------------------------------------------------------------------------------+

Build Architecture: amd64
Build Type: binary
Build-Space: 1260
Build-Time: 4
Distribution: unstable
Fail-Stage: build
Host Architecture: amd64
Install-Time: 7
Job: libset-object-perl_1.40-1
Machine Architecture: amd64
Package: libset-object-perl
Package-Time: 28
Source-Version: 1.40-1
Space: 1260
Status: attempted
Version: 1.40-1
--------------------------------------------------------------------------------
Finished at 2020-10-29T20:16:47Z
Build needed 00:00:28, 1260k disk space
E: Build failure (dpkg-buildpackage died)
DC-Status: Failed 28.796274595s
