DC-Build-Header: libsass-python 0.20.1-1 / 2020-10-29 20:05:54 +0000
DC-Task: type:rebuild-binarch-only source:libsass-python version:0.20.1-1 chroot:unstable esttime:39 logfile:/tmp/libsass-python_0.20.1-1_unstable_clang11.log modes:clang11:binarch-only
DC-Sbuild-call: su user42 -c 'sbuild -n --arch-any --apt-update -d unstable -v --no-run-lintian --chroot-setup-commands=/tmp/clang11 libsass-python_0.20.1-1'
sbuild (Debian sbuild) 0.78.1 (09 February 2019) on ip-172-31-9-59.eu-central-1.compute.internal

+==============================================================================+
| libsass-python 0.20.1-1 (amd64)              Thu, 29 Oct 2020 20:05:54 +0000 |
+==============================================================================+

Package: libsass-python
Version: 0.20.1-1
Source Version: 0.20.1-1
Distribution: unstable
Machine Architecture: amd64
Host Architecture: amd64
Build Architecture: amd64
Build Type: binary

I: NOTICE: Log filtering will replace 'var/run/schroot/mount/sid-amd64-sbuild-77074008-1a29-4ab1-a2f8-8f67d356bb7e' with '<<CHROOT>>'

+------------------------------------------------------------------------------+
| Chroot Setup Commands                                                        |
+------------------------------------------------------------------------------+


/tmp/clang11
------------

+ echo 'Entering customization script...'
Entering customization script...
+ CLANG_VERSION=10
+ echo 'Install of clang-10'
Install of clang-10
+ apt-get update
Get:1 http://127.0.0.1:12990/debian sid InRelease [146 kB]
Get:2 http://127.0.0.1:12990/debian sid/main Sources.diff/Index [734 B]
Ign:2 http://127.0.0.1:12990/debian sid/main Sources.diff/Index
Get:3 http://127.0.0.1:12990/debian sid/main amd64 Packages.diff/Index [734 B]
Ign:3 http://127.0.0.1:12990/debian sid/main amd64 Packages.diff/Index
Get:4 http://127.0.0.1:12990/debian sid/main Translation-en [6391 kB]
Get:5 http://127.0.0.1:12990/debian sid/main Sources [8989 kB]
Get:6 http://127.0.0.1:12990/debian sid/main amd64 Packages [8492 kB]
Fetched 24.0 MB in 3s (6951 kB/s)
Reading package lists...
+ apt-get install --yes --no-install-recommends --force-yes clang-10 libomp-10-dev libobjc-9-dev
Reading package lists...
Building dependency tree...
The following additional packages will be installed:
  lib32gcc-s1 lib32stdc++6 libasan5 libbsd0 libc6-i386 libclang-common-10-dev
  libclang-cpp10 libclang1-10 libedit2 libgc1 libgcc-9-dev libllvm10
  libobjc-10-dev libobjc4 libomp5-10 libz3-4
Suggested packages:
  clang-10-doc libomp-10-doc
Recommended packages:
  llvm-10-dev python3
The following NEW packages will be installed:
  clang-10 lib32gcc-s1 lib32stdc++6 libasan5 libbsd0 libc6-i386
  libclang-common-10-dev libclang-cpp10 libclang1-10 libedit2 libgc1
  libgcc-9-dev libllvm10 libobjc-10-dev libobjc-9-dev libobjc4 libomp-10-dev
  libomp5-10 libz3-4
0 upgraded, 19 newly installed, 0 to remove and 1 not upgraded.
Need to get 52.3 MB of archives.
After this operation, 274 MB of additional disk space will be used.
Get:1 http://127.0.0.1:12990/debian sid/main amd64 libbsd0 amd64 0.10.0-1 [107 kB]
Get:2 http://127.0.0.1:12990/debian sid/main amd64 libedit2 amd64 3.1-20191231-1 [95.4 kB]
Get:3 http://127.0.0.1:12990/debian sid/main amd64 libz3-4 amd64 4.8.9-1 [6783 kB]
Get:4 http://127.0.0.1:12990/debian sid/main amd64 libllvm10 amd64 1:10.0.1-7 [16.6 MB]
Get:5 http://127.0.0.1:12990/debian sid/main amd64 libclang-cpp10 amd64 1:10.0.1-7 [9069 kB]
Get:6 http://127.0.0.1:12990/debian sid/main amd64 libgc1 amd64 1:8.0.4-2.1 [239 kB]
Get:7 http://127.0.0.1:12990/debian sid/main amd64 libobjc4 amd64 10.2.0-15 [41.6 kB]
Get:8 http://127.0.0.1:12990/debian sid/main amd64 libobjc-10-dev amd64 10.2.0-15 [170 kB]
Get:9 http://127.0.0.1:12990/debian sid/main amd64 libc6-i386 amd64 2.31-4 [2815 kB]
Get:10 http://127.0.0.1:12990/debian sid/main amd64 lib32gcc-s1 amd64 10.2.0-15 [49.4 kB]
Get:11 http://127.0.0.1:12990/debian sid/main amd64 lib32stdc++6 amd64 10.2.0-15 [511 kB]
Get:12 http://127.0.0.1:12990/debian sid/main amd64 libclang-common-10-dev amd64 1:10.0.1-7 [5062 kB]
Get:13 http://127.0.0.1:12990/debian sid/main amd64 libclang1-10 amd64 1:10.0.1-7 [7293 kB]
Get:14 http://127.0.0.1:12990/debian sid/main amd64 clang-10 amd64 1:10.0.1-7 [106 kB]
Get:15 http://127.0.0.1:12990/debian sid/main amd64 libasan5 amd64 9.3.0-18 [390 kB]
Get:16 http://127.0.0.1:12990/debian sid/main amd64 libgcc-9-dev amd64 9.3.0-18 [2347 kB]
Get:17 http://127.0.0.1:12990/debian sid/main amd64 libobjc-9-dev amd64 9.3.0-18 [220 kB]
Get:18 http://127.0.0.1:12990/debian sid/main amd64 libomp5-10 amd64 1:10.0.1-7 [339 kB]
Get:19 http://127.0.0.1:12990/debian sid/main amd64 libomp-10-dev amd64 1:10.0.1-7 [86.6 kB]
debconf: delaying package configuration, since apt-utils is not installed
Fetched 52.3 MB in 0s (144 MB/s)
Selecting previously unselected package libbsd0:amd64.
(Reading database ... (Reading database ... 5%(Reading database ... 10%(Reading database ... 15%(Reading database ... 20%(Reading database ... 25%(Reading database ... 30%(Reading database ... 35%(Reading database ... 40%(Reading database ... 45%(Reading database ... 50%(Reading database ... 55%(Reading database ... 60%(Reading database ... 65%(Reading database ... 70%(Reading database ... 75%(Reading database ... 80%(Reading database ... 85%(Reading database ... 90%(Reading database ... 95%(Reading database ... 100%(Reading database ... 12312 files and directories currently installed.)
Preparing to unpack .../00-libbsd0_0.10.0-1_amd64.deb ...
Unpacking libbsd0:amd64 (0.10.0-1) ...
Selecting previously unselected package libedit2:amd64.
Preparing to unpack .../01-libedit2_3.1-20191231-1_amd64.deb ...
Unpacking libedit2:amd64 (3.1-20191231-1) ...
Selecting previously unselected package libz3-4:amd64.
Preparing to unpack .../02-libz3-4_4.8.9-1_amd64.deb ...
Unpacking libz3-4:amd64 (4.8.9-1) ...
Selecting previously unselected package libllvm10:amd64.
Preparing to unpack .../03-libllvm10_1%3a10.0.1-7_amd64.deb ...
Unpacking libllvm10:amd64 (1:10.0.1-7) ...
Selecting previously unselected package libclang-cpp10.
Preparing to unpack .../04-libclang-cpp10_1%3a10.0.1-7_amd64.deb ...
Unpacking libclang-cpp10 (1:10.0.1-7) ...
Selecting previously unselected package libgc1:amd64.
Preparing to unpack .../05-libgc1_1%3a8.0.4-2.1_amd64.deb ...
Unpacking libgc1:amd64 (1:8.0.4-2.1) ...
Selecting previously unselected package libobjc4:amd64.
Preparing to unpack .../06-libobjc4_10.2.0-15_amd64.deb ...
Unpacking libobjc4:amd64 (10.2.0-15) ...
Selecting previously unselected package libobjc-10-dev:amd64.
Preparing to unpack .../07-libobjc-10-dev_10.2.0-15_amd64.deb ...
Unpacking libobjc-10-dev:amd64 (10.2.0-15) ...
Selecting previously unselected package libc6-i386.
Preparing to unpack .../08-libc6-i386_2.31-4_amd64.deb ...
Unpacking libc6-i386 (2.31-4) ...
Selecting previously unselected package lib32gcc-s1.
Preparing to unpack .../09-lib32gcc-s1_10.2.0-15_amd64.deb ...
Unpacking lib32gcc-s1 (10.2.0-15) ...
Selecting previously unselected package lib32stdc++6.
Preparing to unpack .../10-lib32stdc++6_10.2.0-15_amd64.deb ...
Unpacking lib32stdc++6 (10.2.0-15) ...
Selecting previously unselected package libclang-common-10-dev.
Preparing to unpack .../11-libclang-common-10-dev_1%3a10.0.1-7_amd64.deb ...
Unpacking libclang-common-10-dev (1:10.0.1-7) ...
Selecting previously unselected package libclang1-10.
Preparing to unpack .../12-libclang1-10_1%3a10.0.1-7_amd64.deb ...
Unpacking libclang1-10 (1:10.0.1-7) ...
Selecting previously unselected package clang-10.
Preparing to unpack .../13-clang-10_1%3a10.0.1-7_amd64.deb ...
Unpacking clang-10 (1:10.0.1-7) ...
Selecting previously unselected package libasan5:amd64.
Preparing to unpack .../14-libasan5_9.3.0-18_amd64.deb ...
Unpacking libasan5:amd64 (9.3.0-18) ...
Selecting previously unselected package libgcc-9-dev:amd64.
Preparing to unpack .../15-libgcc-9-dev_9.3.0-18_amd64.deb ...
Unpacking libgcc-9-dev:amd64 (9.3.0-18) ...
Selecting previously unselected package libobjc-9-dev:amd64.
Preparing to unpack .../16-libobjc-9-dev_9.3.0-18_amd64.deb ...
Unpacking libobjc-9-dev:amd64 (9.3.0-18) ...
Selecting previously unselected package libomp5-10:amd64.
Preparing to unpack .../17-libomp5-10_1%3a10.0.1-7_amd64.deb ...
Unpacking libomp5-10:amd64 (1:10.0.1-7) ...
Selecting previously unselected package libomp-10-dev.
Preparing to unpack .../18-libomp-10-dev_1%3a10.0.1-7_amd64.deb ...
Unpacking libomp-10-dev (1:10.0.1-7) ...
Setting up libasan5:amd64 (9.3.0-18) ...
Setting up libz3-4:amd64 (4.8.9-1) ...
Setting up libgc1:amd64 (1:8.0.4-2.1) ...
Setting up libomp5-10:amd64 (1:10.0.1-7) ...
Setting up libc6-i386 (2.31-4) ...
Setting up libbsd0:amd64 (0.10.0-1) ...
Setting up libomp-10-dev (1:10.0.1-7) ...
Setting up libedit2:amd64 (3.1-20191231-1) ...
Setting up libobjc4:amd64 (10.2.0-15) ...
Setting up libllvm10:amd64 (1:10.0.1-7) ...
Setting up libgcc-9-dev:amd64 (9.3.0-18) ...
Setting up lib32gcc-s1 (10.2.0-15) ...
Setting up lib32stdc++6 (10.2.0-15) ...
Setting up libclang1-10 (1:10.0.1-7) ...
Setting up libobjc-9-dev:amd64 (9.3.0-18) ...
Setting up libobjc-10-dev:amd64 (10.2.0-15) ...
Setting up libclang-common-10-dev (1:10.0.1-7) ...
Setting up libclang-cpp10 (1:10.0.1-7) ...
Setting up clang-10 (1:10.0.1-7) ...
Processing triggers for libc-bin (2.31-4) ...
W: --force-yes is deprecated, use one of the options starting with --allow instead.
+ echo 'Replace gcc, g++ & cpp by clang'
Replace gcc, g++ & cpp by clang
+ VERSIONS='4.6 4.7 4.8 4.9 5 6 7 8 9 10'
+ cd /usr/bin
+ for VERSION in $VERSIONS
+ rm -f g++-4.6 gcc-4.6 cpp-4.6 gcc
+ ln -s clang++-10 g++-4.6
+ ln -s clang-10 gcc-4.6
+ ln -s clang-10 cpp-4.6
+ ln -s clang-10 gcc
+ echo 'gcc-4.6 hold'
+ dpkg --set-selections
dpkg: warning: package not in status nor available database at line 1: gcc-4.6
dpkg: warning: found unknown packages; this might mean the available database
is outdated, and needs to be updated through a frontend method;
please see the FAQ <https://wiki.debian.org/Teams/Dpkg/FAQ>
+ echo 'g++-4.6 hold'
+ dpkg --set-selections
dpkg: warning: package not in status nor available database at line 1: g++-4.6
dpkg: warning: found unknown packages; this might mean the available database
is outdated, and needs to be updated through a frontend method;
please see the FAQ <https://wiki.debian.org/Teams/Dpkg/FAQ>
+ for VERSION in $VERSIONS
+ rm -f g++-4.7 gcc-4.7 cpp-4.7 gcc
+ ln -s clang++-10 g++-4.7
+ ln -s clang-10 gcc-4.7
+ ln -s clang-10 cpp-4.7
+ ln -s clang-10 gcc
+ echo 'gcc-4.7 hold'
+ dpkg --set-selections
dpkg: warning: package not in status nor available database at line 1: gcc-4.7
dpkg: warning: found unknown packages; this might mean the available database
is outdated, and needs to be updated through a frontend method;
please see the FAQ <https://wiki.debian.org/Teams/Dpkg/FAQ>
+ echo 'g++-4.7 hold'
+ dpkg --set-selections
dpkg: warning: package not in status nor available database at line 1: g++-4.7
dpkg: warning: found unknown packages; this might mean the available database
is outdated, and needs to be updated through a frontend method;
please see the FAQ <https://wiki.debian.org/Teams/Dpkg/FAQ>
+ for VERSION in $VERSIONS
+ rm -f g++-4.8 gcc-4.8 cpp-4.8 gcc
+ ln -s clang++-10 g++-4.8
+ ln -s clang-10 gcc-4.8
+ ln -s clang-10 cpp-4.8
+ ln -s clang-10 gcc
+ echo 'gcc-4.8 hold'
+ dpkg --set-selections
dpkg: warning: package not in status nor available database at line 1: gcc-4.8
dpkg: warning: found unknown packages; this might mean the available database
is outdated, and needs to be updated through a frontend method;
please see the FAQ <https://wiki.debian.org/Teams/Dpkg/FAQ>
+ echo 'g++-4.8 hold'
+ dpkg --set-selections
dpkg: warning: package not in status nor available database at line 1: g++-4.8
dpkg: warning: found unknown packages; this might mean the available database
is outdated, and needs to be updated through a frontend method;
please see the FAQ <https://wiki.debian.org/Teams/Dpkg/FAQ>
+ for VERSION in $VERSIONS
+ rm -f g++-4.9 gcc-4.9 cpp-4.9 gcc
+ ln -s clang++-10 g++-4.9
+ ln -s clang-10 gcc-4.9
+ ln -s clang-10 cpp-4.9
+ ln -s clang-10 gcc
+ echo 'gcc-4.9 hold'
+ dpkg --set-selections
dpkg: warning: package not in status nor available database at line 1: gcc-4.9
dpkg: warning: found unknown packages; this might mean the available database
is outdated, and needs to be updated through a frontend method;
please see the FAQ <https://wiki.debian.org/Teams/Dpkg/FAQ>
+ echo 'g++-4.9 hold'
+ dpkg --set-selections
dpkg: warning: package not in status nor available database at line 1: g++-4.9
dpkg: warning: found unknown packages; this might mean the available database
is outdated, and needs to be updated through a frontend method;
please see the FAQ <https://wiki.debian.org/Teams/Dpkg/FAQ>
+ for VERSION in $VERSIONS
+ rm -f g++-5 gcc-5 cpp-5 gcc
+ ln -s clang++-10 g++-5
+ ln -s clang-10 gcc-5
+ ln -s clang-10 cpp-5
+ ln -s clang-10 gcc
+ echo 'gcc-5 hold'
+ dpkg --set-selections
dpkg: warning: package not in status nor available database at line 1: gcc-5
dpkg: warning: found unknown packages; this might mean the available database
is outdated, and needs to be updated through a frontend method;
please see the FAQ <https://wiki.debian.org/Teams/Dpkg/FAQ>
+ echo 'g++-5 hold'
+ dpkg --set-selections
dpkg: warning: package not in status nor available database at line 1: g++-5
dpkg: warning: found unknown packages; this might mean the available database
is outdated, and needs to be updated through a frontend method;
please see the FAQ <https://wiki.debian.org/Teams/Dpkg/FAQ>
+ for VERSION in $VERSIONS
+ rm -f g++-6 gcc-6 cpp-6 gcc
+ ln -s clang++-10 g++-6
+ ln -s clang-10 gcc-6
+ ln -s clang-10 cpp-6
+ ln -s clang-10 gcc
+ echo 'gcc-6 hold'
+ dpkg --set-selections
dpkg: warning: package not in status nor available database at line 1: gcc-6
dpkg: warning: found unknown packages; this might mean the available database
is outdated, and needs to be updated through a frontend method;
please see the FAQ <https://wiki.debian.org/Teams/Dpkg/FAQ>
+ echo 'g++-6 hold'
+ dpkg --set-selections
dpkg: warning: package not in status nor available database at line 1: g++-6
dpkg: warning: found unknown packages; this might mean the available database
is outdated, and needs to be updated through a frontend method;
please see the FAQ <https://wiki.debian.org/Teams/Dpkg/FAQ>
+ for VERSION in $VERSIONS
+ rm -f g++-7 gcc-7 cpp-7 gcc
+ ln -s clang++-10 g++-7
+ ln -s clang-10 gcc-7
+ ln -s clang-10 cpp-7
+ ln -s clang-10 gcc
+ echo 'gcc-7 hold'
+ dpkg --set-selections
dpkg: warning: package not in status nor available database at line 1: gcc-7
dpkg: warning: found unknown packages; this might mean the available database
is outdated, and needs to be updated through a frontend method;
please see the FAQ <https://wiki.debian.org/Teams/Dpkg/FAQ>
+ echo 'g++-7 hold'
+ dpkg --set-selections
dpkg: warning: package not in status nor available database at line 1: g++-7
dpkg: warning: found unknown packages; this might mean the available database
is outdated, and needs to be updated through a frontend method;
please see the FAQ <https://wiki.debian.org/Teams/Dpkg/FAQ>
+ for VERSION in $VERSIONS
+ rm -f g++-8 gcc-8 cpp-8 gcc
+ ln -s clang++-10 g++-8
+ ln -s clang-10 gcc-8
+ ln -s clang-10 cpp-8
+ ln -s clang-10 gcc
+ echo 'gcc-8 hold'
+ dpkg --set-selections
dpkg: warning: package not in status nor available database at line 1: gcc-8
dpkg: warning: found unknown packages; this might mean the available database
is outdated, and needs to be updated through a frontend method;
please see the FAQ <https://wiki.debian.org/Teams/Dpkg/FAQ>
+ echo 'g++-8 hold'
+ dpkg --set-selections
dpkg: warning: package not in status nor available database at line 1: g++-8
dpkg: warning: found unknown packages; this might mean the available database
is outdated, and needs to be updated through a frontend method;
please see the FAQ <https://wiki.debian.org/Teams/Dpkg/FAQ>
+ for VERSION in $VERSIONS
+ rm -f g++-9 gcc-9 cpp-9 gcc
+ ln -s clang++-10 g++-9
+ ln -s clang-10 gcc-9
+ ln -s clang-10 cpp-9
+ ln -s clang-10 gcc
+ echo 'gcc-9 hold'
+ dpkg --set-selections
dpkg: warning: package not in status nor available database at line 1: gcc-9
dpkg: warning: found unknown packages; this might mean the available database
is outdated, and needs to be updated through a frontend method;
please see the FAQ <https://wiki.debian.org/Teams/Dpkg/FAQ>
+ echo 'g++-9 hold'
+ dpkg --set-selections
dpkg: warning: package not in status nor available database at line 1: g++-9
dpkg: warning: found unknown packages; this might mean the available database
is outdated, and needs to be updated through a frontend method;
please see the FAQ <https://wiki.debian.org/Teams/Dpkg/FAQ>
+ for VERSION in $VERSIONS
+ rm -f g++-10 gcc-10 cpp-10 gcc
+ ln -s clang++-10 g++-10
+ ln -s clang-10 gcc-10
+ ln -s clang-10 cpp-10
+ ln -s clang-10 gcc
+ echo 'gcc-10 hold'
+ dpkg --set-selections
+ echo 'g++-10 hold'
+ dpkg --set-selections
+ cd -
/build/libsass-python-MzziV7
+ echo 'Check if gcc, g++ & cpp are actually clang'
Check if gcc, g++ & cpp are actually clang
+ gcc --version
+ grep clang
+ cpp --version
+ grep clang
+ g++ --version
+ grep clang
+ cd /usr/bin/
+ rm -f clang++ clang
+ ln -s clang-10 clang++
+ ln -s clang-10 clang
+ clang++ --version
Debian clang version 10.0.1-7
Target: x86_64-pc-linux-gnu
Thread model: posix
InstalledDir: /usr/bin
+ clang --version
Debian clang version 10.0.1-7
Target: x86_64-pc-linux-gnu
Thread model: posix
InstalledDir: /usr/bin
+ cd -
/build/libsass-python-MzziV7
+ apt install --yes --no-install-recommends --force-yes qt5-qmake

WARNING: apt does not have a stable CLI interface. Use with caution in scripts.

Reading package lists...
Building dependency tree...
Reading state information...
The following additional packages will be installed:
  qt5-qmake-bin qtchooser
The following NEW packages will be installed:
  qt5-qmake qt5-qmake-bin qtchooser
0 upgraded, 3 newly installed, 0 to remove and 1 not upgraded.
Need to get 1304 kB of archives.
After this operation, 4865 kB of additional disk space will be used.
Get:1 http://127.0.0.1:12990/debian sid/main amd64 qt5-qmake-bin amd64 5.14.2+dfsg-6 [1035 kB]
Get:2 http://127.0.0.1:12990/debian sid/main amd64 qtchooser amd64 66-2 [26.3 kB]
Get:3 http://127.0.0.1:12990/debian sid/main amd64 qt5-qmake amd64 5.14.2+dfsg-6 [242 kB]
debconf: delaying package configuration, since apt-utils is not installed
Fetched 1304 kB in 0s (55.1 MB/s)
Selecting previously unselected package qt5-qmake-bin.
(Reading database ... (Reading database ... 5%(Reading database ... 10%(Reading database ... 15%(Reading database ... 20%(Reading database ... 25%(Reading database ... 30%(Reading database ... 35%(Reading database ... 40%(Reading database ... 45%(Reading database ... 50%(Reading database ... 55%(Reading database ... 60%(Reading database ... 65%(Reading database ... 70%(Reading database ... 75%(Reading database ... 80%(Reading database ... 85%(Reading database ... 90%(Reading database ... 95%(Reading database ... 100%(Reading database ... 13315 files and directories currently installed.)
Preparing to unpack .../qt5-qmake-bin_5.14.2+dfsg-6_amd64.deb ...
Unpacking qt5-qmake-bin (5.14.2+dfsg-6) ...
Selecting previously unselected package qtchooser.
Preparing to unpack .../qtchooser_66-2_amd64.deb ...
Unpacking qtchooser (66-2) ...
Selecting previously unselected package qt5-qmake:amd64.
Preparing to unpack .../qt5-qmake_5.14.2+dfsg-6_amd64.deb ...
Unpacking qt5-qmake:amd64 (5.14.2+dfsg-6) ...
Setting up qt5-qmake-bin (5.14.2+dfsg-6) ...
Setting up qtchooser (66-2) ...
Setting up qt5-qmake:amd64 (5.14.2+dfsg-6) ...
W: --force-yes is deprecated, use one of the options starting with --allow instead.
+ cp /usr/lib/x86_64-linux-gnu/qt5/mkspecs/linux-clang/qmake.conf /usr/lib/x86_64-linux-gnu/qt5/mkspecs/linux-clang/qplatformdefs.h /usr/lib/x86_64-linux-gnu/qt5/mkspecs/linux-g++/
+ ls -al /usr/lib/x86_64-linux-gnu/qt5/mkspecs/linux-g++/
total 16
drwxr-xr-x  2 root root 4096 Oct 29 20:06 .
drwxr-xr-x 76 root root 4096 Oct 29 20:06 ..
-rw-r--r--  1 root root  276 Oct 29 20:06 qmake.conf
-rw-r--r--  1 root root 3218 Oct 29 20:06 qplatformdefs.h
+ cat /usr/lib/x86_64-linux-gnu/qt5/mkspecs/linux-g++/qmake.conf
#
# qmake configuration for linux-clang
#

MAKEFILE_GENERATOR = UNIX
CONFIG += incremental

QMAKE_INCREMENTAL_STYLE = sublib

include(../common/linux.conf)
include(../common/gcc-base-unix.conf)
include(../common/clang.conf)

QMAKE_LFLAGS += -ccc-gcc-name g++

load(qt_config)
+ export QMAKESPEC=/usr/lib/x86_64-linux-gnu/qt5/mkspecs/linux-clang/
+ QMAKESPEC=/usr/lib/x86_64-linux-gnu/qt5/mkspecs/linux-clang/
+ sed -i -e 's|compare_problem(2,|compare_problem(0,|g' /usr/bin/dpkg-gensymbols
+ sed -i -e 's|compare_problem(1,|compare_problem(0,|g' /usr/bin/dpkg-gensymbols
+ grep 'compare_problem(' /usr/bin/dpkg-gensymbols
        compare_problem(4, g_('new libraries appeared in the symbols file: %s'), "@libs");
        compare_problem(3, g_('some libraries disappeared in the symbols file: %s'), "@libs");
        compare_problem(0, g_('some new symbols appeared in the symbols file: %s'),
        compare_problem(0, g_('some symbols or patterns disappeared in the symbols file: %s'),

I: Finished running '/tmp/clang11'.

Finished processing commands.
--------------------------------------------------------------------------------
I: NOTICE: Log filtering will replace 'build/libsass-python-MzziV7/resolver-lqLaBd' with '<<RESOLVERDIR>>'

+------------------------------------------------------------------------------+
| Update chroot                                                                |
+------------------------------------------------------------------------------+

Hit:1 http://127.0.0.1:12990/debian sid InRelease
Reading package lists...
Reading package lists...
Building dependency tree...
Reading state information...
Calculating upgrade...
The following packages will be upgraded:
  libdebconfclient0
1 upgraded, 0 newly installed, 0 to remove and 0 not upgraded.
Need to get 49.6 kB of archives.
After this operation, 0 B of additional disk space will be used.
Get:1 http://127.0.0.1:12990/debian sid/main amd64 libdebconfclient0 amd64 0.255 [49.6 kB]
debconf: delaying package configuration, since apt-utils is not installed
Fetched 49.6 kB in 0s (3536 kB/s)
(Reading database ... (Reading database ... 5%(Reading database ... 10%(Reading database ... 15%(Reading database ... 20%(Reading database ... 25%(Reading database ... 30%(Reading database ... 35%(Reading database ... 40%(Reading database ... 45%(Reading database ... 50%(Reading database ... 55%(Reading database ... 60%(Reading database ... 65%(Reading database ... 70%(Reading database ... 75%(Reading database ... 80%(Reading database ... 85%(Reading database ... 90%(Reading database ... 95%(Reading database ... 100%(Reading database ... 14056 files and directories currently installed.)
Preparing to unpack .../libdebconfclient0_0.255_amd64.deb ...
Unpacking libdebconfclient0:amd64 (0.255) over (0.254) ...
Setting up libdebconfclient0:amd64 (0.255) ...
Processing triggers for libc-bin (2.31-4) ...

+------------------------------------------------------------------------------+
| Fetch source files                                                           |
+------------------------------------------------------------------------------+


Check APT
---------

Checking available source versions...

Download source files with APT
------------------------------

Reading package lists...
NOTICE: 'libsass-python' packaging is maintained in the 'Git' version control system at:
https://salsa.debian.org/debian/libsass-python.git
Please use:
git clone https://salsa.debian.org/debian/libsass-python.git
to retrieve the latest (possibly unreleased) updates to the package.
Need to get 62.3 kB of source archives.
Get:1 http://127.0.0.1:12990/debian sid/main libsass-python 0.20.1-1 (dsc) [2128 B]
Get:2 http://127.0.0.1:12990/debian sid/main libsass-python 0.20.1-1 (tar) [55.6 kB]
Get:3 http://127.0.0.1:12990/debian sid/main libsass-python 0.20.1-1 (diff) [4492 B]
Fetched 62.3 kB in 0s (805 kB/s)
Download complete and in download only mode
I: NOTICE: Log filtering will replace 'build/libsass-python-MzziV7/libsass-python-0.20.1' with '<<PKGBUILDDIR>>'
I: NOTICE: Log filtering will replace 'build/libsass-python-MzziV7' with '<<BUILDDIR>>'

+------------------------------------------------------------------------------+
| Install package build dependencies                                           |
+------------------------------------------------------------------------------+


Setup apt archive
-----------------

Merged Build-Depends: debhelper-compat (= 13), dh-python, python3-all-dev, python3-setuptools, python3-six, python3-sphinx, python3-werkzeug, python3-flake8, python3-pytest, libsass-dev (>= 3.6.4), build-essential, fakeroot
Filtered Build-Depends: debhelper-compat (= 13), dh-python, python3-all-dev, python3-setuptools, python3-six, python3-sphinx, python3-werkzeug, python3-flake8, python3-pytest, libsass-dev (>= 3.6.4), build-essential, fakeroot
dpkg-deb: building package 'sbuild-build-depends-main-dummy' in '/<<RESOLVERDIR>>/apt_archive/sbuild-build-depends-main-dummy.deb'.
Ign:1 copy:/<<RESOLVERDIR>>/apt_archive ./ InRelease
Get:2 copy:/<<RESOLVERDIR>>/apt_archive ./ Release [957 B]
Ign:3 copy:/<<RESOLVERDIR>>/apt_archive ./ Release.gpg
Get:4 copy:/<<RESOLVERDIR>>/apt_archive ./ Sources [437 B]
Get:5 copy:/<<RESOLVERDIR>>/apt_archive ./ Packages [522 B]
Fetched 1916 B in 0s (191 kB/s)
Reading package lists...
Reading package lists...

Install main build dependencies (apt-based resolver)
----------------------------------------------------

Installing build dependencies
Reading package lists...
Building dependency tree...
Reading state information...
The following additional packages will be installed:
  autoconf automake autopoint autotools-dev bsdextrautils ca-certificates
  debhelper dh-autoreconf dh-python dh-strip-nondeterminism docutils-common
  dwz file gettext gettext-base groff-base intltool-debian libarchive-zip-perl
  libcroco3 libdebhelper-perl libelf1 libexpat1 libexpat1-dev
  libfile-stripnondeterminism-perl libglib2.0-0 libicu67 libjs-jquery
  libjs-sphinxdoc libjs-underscore libmagic-mgc libmagic1 libncursesw6
  libpipeline1 libpython3-all-dev libpython3-dev libpython3-stdlib
  libpython3.8 libpython3.8-dev libpython3.8-minimal libpython3.8-stdlib
  libpython3.9 libpython3.9-dev libpython3.9-minimal libpython3.9-stdlib
  libreadline8 libsass-dev libsass1 libsigsegv2 libsqlite3-0
  libsub-override-perl libtool libuchardet0 libxml2 m4 man-db mime-support
  node-jquery openssl po-debconf python-babel-localedata python3
  python3-alabaster python3-all python3-all-dev python3-atomicwrites
  python3-attr python3-babel python3-certifi python3-chardet python3-dev
  python3-distutils python3-docutils python3-flake8 python3-idna
  python3-imagesize python3-importlib-metadata python3-jinja2 python3-lib2to3
  python3-markupsafe python3-mccabe python3-minimal python3-more-itertools
  python3-packaging python3-pkg-resources python3-pluggy python3-py
  python3-pycodestyle python3-pyflakes python3-pygments python3-pyparsing
  python3-pytest python3-requests python3-roman python3-setuptools python3-six
  python3-snowballstemmer python3-sphinx python3-tz python3-urllib3
  python3-wcwidth python3-werkzeug python3-zipp python3.8 python3.8-dev
  python3.8-minimal python3.9 python3.9-dev python3.9-minimal readline-common
  sensible-utils sgml-base sphinx-common xml-core zlib1g-dev
Suggested packages:
  autoconf-archive gnu-standards autoconf-doc dh-make gettext-doc
  libasprintf-dev libgettextpo-dev groff libtool-doc gfortran
  | fortran95-compiler gcj-jdk m4-doc apparmor less www-browser
  libmail-box-perl python3-doc python3-tk python3-venv python-attr-doc
  docutils-doc fonts-linuxlibertine | ttf-linux-libertine texlive-lang-french
  texlive-latex-base texlive-latex-recommended python-jinja2-doc subversion
  python-pygments-doc ttf-bitstream-vera python-pyparsing-doc
  python3-cryptography python3-openssl python3-socks python-requests-doc
  python-setuptools-doc python3-stemmer dvipng fonts-freefont-otf
  imagemagick-6.q16 latexmk libjs-mathjax python3-sphinx-rtd-theme sphinx-doc
  texlive-fonts-recommended texlive-latex-extra texlive-plain-generic ipython3
  python-werkzeug-doc python3-lxml python3-watchdog python3.8-venv
  python3.8-doc binfmt-support python3.9-venv python3.9-doc readline-doc
  sgml-base-doc
Recommended packages:
  curl | wget | lynx libarchive-cpio-perl libglib2.0-data shared-mime-info
  xdg-user-dirs javascript-common libgpm2 libltdl-dev libmail-sendmail-perl
  libpaper-utils python3-pil pyflakes3 python3-openssl python3-pyinotify
The following NEW packages will be installed:
  autoconf automake autopoint autotools-dev bsdextrautils ca-certificates
  debhelper dh-autoreconf dh-python dh-strip-nondeterminism docutils-common
  dwz file gettext gettext-base groff-base intltool-debian libarchive-zip-perl
  libcroco3 libdebhelper-perl libelf1 libexpat1 libexpat1-dev
  libfile-stripnondeterminism-perl libglib2.0-0 libicu67 libjs-jquery
  libjs-sphinxdoc libjs-underscore libmagic-mgc libmagic1 libncursesw6
  libpipeline1 libpython3-all-dev libpython3-dev libpython3-stdlib
  libpython3.8 libpython3.8-dev libpython3.8-minimal libpython3.8-stdlib
  libpython3.9 libpython3.9-dev libpython3.9-minimal libpython3.9-stdlib
  libreadline8 libsass-dev libsass1 libsigsegv2 libsqlite3-0
  libsub-override-perl libtool libuchardet0 libxml2 m4 man-db mime-support
  node-jquery openssl po-debconf python-babel-localedata python3
  python3-alabaster python3-all python3-all-dev python3-atomicwrites
  python3-attr python3-babel python3-certifi python3-chardet python3-dev
  python3-distutils python3-docutils python3-flake8 python3-idna
  python3-imagesize python3-importlib-metadata python3-jinja2 python3-lib2to3
  python3-markupsafe python3-mccabe python3-minimal python3-more-itertools
  python3-packaging python3-pkg-resources python3-pluggy python3-py
  python3-pycodestyle python3-pyflakes python3-pygments python3-pyparsing
  python3-pytest python3-requests python3-roman python3-setuptools python3-six
  python3-snowballstemmer python3-sphinx python3-tz python3-urllib3
  python3-wcwidth python3-werkzeug python3-zipp python3.8 python3.8-dev
  python3.8-minimal python3.9 python3.9-dev python3.9-minimal readline-common
  sbuild-build-depends-main-dummy sensible-utils sgml-base sphinx-common
  xml-core zlib1g-dev
0 upgraded, 115 newly installed, 0 to remove and 0 not upgraded.
Need to get 56.5 MB of archives.
After this operation, 233 MB of additional disk space will be used.
Get:1 copy:/<<RESOLVERDIR>>/apt_archive ./ sbuild-build-depends-main-dummy 0.invalid.0 [948 B]
Get:2 http://127.0.0.1:12990/debian sid/main amd64 bsdextrautils amd64 2.36-3+b1 [140 kB]
Get:3 http://127.0.0.1:12990/debian sid/main amd64 libuchardet0 amd64 0.0.7-1 [67.8 kB]
Get:4 http://127.0.0.1:12990/debian sid/main amd64 groff-base amd64 1.22.4-5 [920 kB]
Get:5 http://127.0.0.1:12990/debian sid/main amd64 libpipeline1 amd64 1.5.3-1 [34.3 kB]
Get:6 http://127.0.0.1:12990/debian sid/main amd64 man-db amd64 2.9.3-2 [1314 kB]
Get:7 http://127.0.0.1:12990/debian sid/main amd64 libpython3.8-minimal amd64 3.8.6-1 [761 kB]
Get:8 http://127.0.0.1:12990/debian sid/main amd64 libexpat1 amd64 2.2.10-1 [96.9 kB]
Get:9 http://127.0.0.1:12990/debian sid/main amd64 python3.8-minimal amd64 3.8.6-1 [1863 kB]
Get:10 http://127.0.0.1:12990/debian sid/main amd64 python3-minimal amd64 3.8.6-1 [37.7 kB]
Get:11 http://127.0.0.1:12990/debian sid/main amd64 mime-support all 3.64 [37.8 kB]
Get:12 http://127.0.0.1:12990/debian sid/main amd64 libncursesw6 amd64 6.2+20200918-1 [132 kB]
Get:13 http://127.0.0.1:12990/debian sid/main amd64 readline-common all 8.0-4 [72.5 kB]
Get:14 http://127.0.0.1:12990/debian sid/main amd64 libreadline8 amd64 8.0-4 [160 kB]
Get:15 http://127.0.0.1:12990/debian sid/main amd64 libsqlite3-0 amd64 3.33.0-1 [790 kB]
Get:16 http://127.0.0.1:12990/debian sid/main amd64 libpython3.8-stdlib amd64 3.8.6-1 [1720 kB]
Get:17 http://127.0.0.1:12990/debian sid/main amd64 python3.8 amd64 3.8.6-1 [422 kB]
Get:18 http://127.0.0.1:12990/debian sid/main amd64 libpython3-stdlib amd64 3.8.6-1 [20.9 kB]
Get:19 http://127.0.0.1:12990/debian sid/main amd64 python3 amd64 3.8.6-1 [64.0 kB]
Get:20 http://127.0.0.1:12990/debian sid/main amd64 libpython3.9-minimal amd64 3.9.0-5 [797 kB]
Get:21 http://127.0.0.1:12990/debian sid/main amd64 python3.9-minimal amd64 3.9.0-5 [1957 kB]
Get:22 http://127.0.0.1:12990/debian sid/main amd64 sgml-base all 1.30 [15.1 kB]
Get:23 http://127.0.0.1:12990/debian sid/main amd64 sensible-utils all 0.0.12+nmu1 [16.0 kB]
Get:24 http://127.0.0.1:12990/debian sid/main amd64 libmagic-mgc amd64 1:5.38-5 [262 kB]
Get:25 http://127.0.0.1:12990/debian sid/main amd64 libmagic1 amd64 1:5.38-5 [120 kB]
Get:26 http://127.0.0.1:12990/debian sid/main amd64 file amd64 1:5.38-5 [67.9 kB]
Get:27 http://127.0.0.1:12990/debian sid/main amd64 gettext-base amd64 0.19.8.1-10 [123 kB]
Get:28 http://127.0.0.1:12990/debian sid/main amd64 libsigsegv2 amd64 2.12-2 [32.8 kB]
Get:29 http://127.0.0.1:12990/debian sid/main amd64 m4 amd64 1.4.18-4 [203 kB]
Get:30 http://127.0.0.1:12990/debian sid/main amd64 autoconf all 2.69-11.1 [341 kB]
Get:31 http://127.0.0.1:12990/debian sid/main amd64 autotools-dev all 20180224.1 [77.0 kB]
Get:32 http://127.0.0.1:12990/debian sid/main amd64 automake all 1:1.16.2-4 [801 kB]
Get:33 http://127.0.0.1:12990/debian sid/main amd64 autopoint all 0.19.8.1-10 [435 kB]
Get:34 http://127.0.0.1:12990/debian sid/main amd64 openssl amd64 1.1.1h-1 [848 kB]
Get:35 http://127.0.0.1:12990/debian sid/main amd64 ca-certificates all 20200601 [158 kB]
Get:36 http://127.0.0.1:12990/debian sid/main amd64 libtool all 2.4.6-14 [513 kB]
Get:37 http://127.0.0.1:12990/debian sid/main amd64 dh-autoreconf all 19 [16.9 kB]
Get:38 http://127.0.0.1:12990/debian sid/main amd64 libdebhelper-perl all 13.2.1 [188 kB]
Get:39 http://127.0.0.1:12990/debian sid/main amd64 libarchive-zip-perl all 1.68-1 [104 kB]
Get:40 http://127.0.0.1:12990/debian sid/main amd64 libsub-override-perl all 0.09-2 [10.2 kB]
Get:41 http://127.0.0.1:12990/debian sid/main amd64 libfile-stripnondeterminism-perl all 1.9.0-1 [25.5 kB]
Get:42 http://127.0.0.1:12990/debian sid/main amd64 dh-strip-nondeterminism all 1.9.0-1 [15.2 kB]
Get:43 http://127.0.0.1:12990/debian sid/main amd64 libelf1 amd64 0.181-1 [164 kB]
Get:44 http://127.0.0.1:12990/debian sid/main amd64 dwz amd64 0.13-5 [151 kB]
Get:45 http://127.0.0.1:12990/debian sid/main amd64 libglib2.0-0 amd64 2.66.1-2 [1362 kB]
Get:46 http://127.0.0.1:12990/debian sid/main amd64 libicu67 amd64 67.1-4 [8624 kB]
Get:47 http://127.0.0.1:12990/debian sid/main amd64 libxml2 amd64 2.9.10+dfsg-6.1 [692 kB]
Get:48 http://127.0.0.1:12990/debian sid/main amd64 libcroco3 amd64 0.6.13-1 [146 kB]
Get:49 http://127.0.0.1:12990/debian sid/main amd64 gettext amd64 0.19.8.1-10 [1303 kB]
Get:50 http://127.0.0.1:12990/debian sid/main amd64 intltool-debian all 0.35.0+20060710.5 [26.8 kB]
Get:51 http://127.0.0.1:12990/debian sid/main amd64 po-debconf all 1.0.21 [248 kB]
Get:52 http://127.0.0.1:12990/debian sid/main amd64 debhelper all 13.2.1 [1007 kB]
Get:53 http://127.0.0.1:12990/debian sid/main amd64 python3-lib2to3 all 3.8.6-1 [78.4 kB]
Get:54 http://127.0.0.1:12990/debian sid/main amd64 python3-distutils all 3.8.6-1 [145 kB]
Get:55 http://127.0.0.1:12990/debian sid/main amd64 dh-python all 4.20200925 [98.3 kB]
Get:56 http://127.0.0.1:12990/debian sid/main amd64 xml-core all 0.18+nmu1 [23.8 kB]
Get:57 http://127.0.0.1:12990/debian sid/main amd64 docutils-common all 0.16+dfsg-3 [129 kB]
Get:58 http://127.0.0.1:12990/debian sid/main amd64 libexpat1-dev amd64 2.2.10-1 [140 kB]
Get:59 http://127.0.0.1:12990/debian sid/main amd64 node-jquery all 3.5.1+dfsg-4 [309 kB]
Get:60 http://127.0.0.1:12990/debian sid/main amd64 libjs-jquery all 3.5.1+dfsg-4 [3612 B]
Get:61 http://127.0.0.1:12990/debian sid/main amd64 libjs-underscore all 1.9.1~dfsg-1 [99.4 kB]
Get:62 http://127.0.0.1:12990/debian sid/main amd64 libjs-sphinxdoc all 3.2.1-2 [122 kB]
Get:63 http://127.0.0.1:12990/debian sid/main amd64 libpython3.8 amd64 3.8.6-1 [1608 kB]
Get:64 http://127.0.0.1:12990/debian sid/main amd64 libpython3.8-dev amd64 3.8.6-1 [3840 kB]
Get:65 http://127.0.0.1:12990/debian sid/main amd64 libpython3-dev amd64 3.8.6-1 [21.1 kB]
Get:66 http://127.0.0.1:12990/debian sid/main amd64 libpython3.9-stdlib amd64 3.9.0-5 [1750 kB]
Get:67 http://127.0.0.1:12990/debian sid/main amd64 libpython3.9 amd64 3.9.0-5 [1688 kB]
Get:68 http://127.0.0.1:12990/debian sid/main amd64 libpython3.9-dev amd64 3.9.0-5 [4033 kB]
Get:69 http://127.0.0.1:12990/debian sid/main amd64 libpython3-all-dev amd64 3.8.6-1 [1072 B]
Get:70 http://127.0.0.1:12990/debian sid/main amd64 libsass1 amd64 3.6.4-3 [692 kB]
Get:71 http://127.0.0.1:12990/debian sid/main amd64 libsass-dev amd64 3.6.4-3 [796 kB]
Get:72 http://127.0.0.1:12990/debian sid/main amd64 python-babel-localedata all 2.8.0+dfsg.1-4 [4996 kB]
Get:73 http://127.0.0.1:12990/debian sid/main amd64 python3-alabaster all 0.7.8-1.1 [18.6 kB]
Get:74 http://127.0.0.1:12990/debian sid/main amd64 python3.9 amd64 3.9.0-5 [455 kB]
Get:75 http://127.0.0.1:12990/debian sid/main amd64 python3-all amd64 3.8.6-1 [1060 B]
Get:76 http://127.0.0.1:12990/debian sid/main amd64 zlib1g-dev amd64 1:1.2.11.dfsg-2 [190 kB]
Get:77 http://127.0.0.1:12990/debian sid/main amd64 python3.8-dev amd64 3.8.6-1 [515 kB]
Get:78 http://127.0.0.1:12990/debian sid/main amd64 python3-dev amd64 3.8.6-1 [1164 B]
Get:79 http://127.0.0.1:12990/debian sid/main amd64 python3.9-dev amd64 3.9.0-5 [512 kB]
Get:80 http://127.0.0.1:12990/debian sid/main amd64 python3-all-dev amd64 3.8.6-1 [1076 B]
Get:81 http://127.0.0.1:12990/debian sid/main amd64 python3-atomicwrites all 1.4.0-1 [10.2 kB]
Get:82 http://127.0.0.1:12990/debian sid/main amd64 python3-attr all 19.3.0-5 [43.4 kB]
Get:83 http://127.0.0.1:12990/debian sid/main amd64 python3-pkg-resources all 50.3.0-1 [187 kB]
Get:84 http://127.0.0.1:12990/debian sid/main amd64 python3-tz all 2020.1-2 [34.6 kB]
Get:85 http://127.0.0.1:12990/debian sid/main amd64 python3-babel all 2.8.0+dfsg.1-4 [99.9 kB]
Get:86 http://127.0.0.1:12990/debian sid/main amd64 python3-certifi all 2020.6.20-1 [151 kB]
Get:87 http://127.0.0.1:12990/debian sid/main amd64 python3-chardet all 3.0.4-7 [81.1 kB]
Get:88 http://127.0.0.1:12990/debian sid/main amd64 python3-roman all 2.0.0-5 [9064 B]
Get:89 http://127.0.0.1:12990/debian sid/main amd64 python3-docutils all 0.16+dfsg-3 [384 kB]
Get:90 http://127.0.0.1:12990/debian sid/main amd64 python3-mccabe all 0.6.1-3 [9988 B]
Get:91 http://127.0.0.1:12990/debian sid/main amd64 python3-pycodestyle all 2.6.0-1 [47.1 kB]
Get:92 http://127.0.0.1:12990/debian sid/main amd64 python3-pyflakes all 2.2.0-1 [62.0 kB]
Get:93 http://127.0.0.1:12990/debian sid/main amd64 python3-setuptools all 50.3.0-1 [511 kB]
Get:94 http://127.0.0.1:12990/debian sid/main amd64 python3-flake8 all 3.8.4-1 [69.1 kB]
Get:95 http://127.0.0.1:12990/debian sid/main amd64 python3-idna all 2.10-1 [37.4 kB]
Get:96 http://127.0.0.1:12990/debian sid/main amd64 python3-imagesize all 1.2.0-2 [5824 B]
Get:97 http://127.0.0.1:12990/debian sid/main amd64 python3-six all 1.15.0-1 [16.8 kB]
Get:98 http://127.0.0.1:12990/debian sid/main amd64 python3-more-itertools all 4.2.0-3 [42.7 kB]
Get:99 http://127.0.0.1:12990/debian sid/main amd64 python3-zipp all 1.0.0-3 [6060 B]
Get:100 http://127.0.0.1:12990/debian sid/main amd64 python3-importlib-metadata all 1.6.0-2 [10.3 kB]
Get:101 http://127.0.0.1:12990/debian sid/main amd64 python3-markupsafe amd64 1.1.1-1+b2 [15.3 kB]
Get:102 http://127.0.0.1:12990/debian sid/main amd64 python3-jinja2 all 2.11.2-1 [113 kB]
Get:103 http://127.0.0.1:12990/debian sid/main amd64 python3-pyparsing all 2.4.7-1 [109 kB]
Get:104 http://127.0.0.1:12990/debian sid/main amd64 python3-packaging all 20.4-1 [30.4 kB]
Get:105 http://127.0.0.1:12990/debian sid/main amd64 python3-pluggy all 0.13.0-5 [22.1 kB]
Get:106 http://127.0.0.1:12990/debian sid/main amd64 python3-py all 1.9.0-1 [94.0 kB]
Get:107 http://127.0.0.1:12990/debian sid/main amd64 python3-pygments all 2.7.1+dfsg-1 [656 kB]
Get:108 http://127.0.0.1:12990/debian sid/main amd64 python3-wcwidth all 0.1.9+dfsg1-2 [18.2 kB]
Get:109 http://127.0.0.1:12990/debian sid/main amd64 python3-pytest all 4.6.11-1 [268 kB]
Get:110 http://127.0.0.1:12990/debian sid/main amd64 python3-urllib3 all 1.25.9-1 [105 kB]
Get:111 http://127.0.0.1:12990/debian sid/main amd64 python3-requests all 2.24.0+dfsg-1 [71.7 kB]
Get:112 http://127.0.0.1:12990/debian sid/main amd64 python3-snowballstemmer all 2.0.0-2 [58.2 kB]
Get:113 http://127.0.0.1:12990/debian sid/main amd64 sphinx-common all 3.2.1-2 [574 kB]
Get:114 http://127.0.0.1:12990/debian sid/main amd64 python3-sphinx all 3.2.1-2 [534 kB]
Get:115 http://127.0.0.1:12990/debian sid/main amd64 python3-werkzeug all 1.0.1+dfsg1-2 [195 kB]
debconf: delaying package configuration, since apt-utils is not installed
Fetched 56.5 MB in 1s (107 MB/s)
Selecting previously unselected package bsdextrautils.
(Reading database ... 14056 files and directories currently installed.)
Preparing to unpack .../0-bsdextrautils_2.36-3+b1_amd64.deb ...
Unpacking bsdextrautils (2.36-3+b1) ...
Selecting previously unselected package libuchardet0:amd64.
Preparing to unpack .../1-libuchardet0_0.0.7-1_amd64.deb ...
Unpacking libuchardet0:amd64 (0.0.7-1) ...
Selecting previously unselected package groff-base.
Preparing to unpack .../2-groff-base_1.22.4-5_amd64.deb ...
Unpacking groff-base (1.22.4-5) ...
Selecting previously unselected package libpipeline1:amd64.
Preparing to unpack .../3-libpipeline1_1.5.3-1_amd64.deb ...
Unpacking libpipeline1:amd64 (1.5.3-1) ...
Selecting previously unselected package man-db.
Preparing to unpack .../4-man-db_2.9.3-2_amd64.deb ...
Unpacking man-db (2.9.3-2) ...
Selecting previously unselected package libpython3.8-minimal:amd64.
Preparing to unpack .../5-libpython3.8-minimal_3.8.6-1_amd64.deb ...
Unpacking libpython3.8-minimal:amd64 (3.8.6-1) ...
Selecting previously unselected package libexpat1:amd64.
Preparing to unpack .../6-libexpat1_2.2.10-1_amd64.deb ...
Unpacking libexpat1:amd64 (2.2.10-1) ...
Selecting previously unselected package python3.8-minimal.
Preparing to unpack .../7-python3.8-minimal_3.8.6-1_amd64.deb ...
Unpacking python3.8-minimal (3.8.6-1) ...
Setting up libpython3.8-minimal:amd64 (3.8.6-1) ...
Setting up libexpat1:amd64 (2.2.10-1) ...
Setting up python3.8-minimal (3.8.6-1) ...
Selecting previously unselected package python3-minimal.
(Reading database ... 14903 files and directories currently installed.)
Preparing to unpack .../0-python3-minimal_3.8.6-1_amd64.deb ...
Unpacking python3-minimal (3.8.6-1) ...
Selecting previously unselected package mime-support.
Preparing to unpack .../1-mime-support_3.64_all.deb ...
Unpacking mime-support (3.64) ...
Selecting previously unselected package libncursesw6:amd64.
Preparing to unpack .../2-libncursesw6_6.2+20200918-1_amd64.deb ...
Unpacking libncursesw6:amd64 (6.2+20200918-1) ...
Selecting previously unselected package readline-common.
Preparing to unpack .../3-readline-common_8.0-4_all.deb ...
Unpacking readline-common (8.0-4) ...
Selecting previously unselected package libreadline8:amd64.
Preparing to unpack .../4-libreadline8_8.0-4_amd64.deb ...
Unpacking libreadline8:amd64 (8.0-4) ...
Selecting previously unselected package libsqlite3-0:amd64.
Preparing to unpack .../5-libsqlite3-0_3.33.0-1_amd64.deb ...
Unpacking libsqlite3-0:amd64 (3.33.0-1) ...
Selecting previously unselected package libpython3.8-stdlib:amd64.
Preparing to unpack .../6-libpython3.8-stdlib_3.8.6-1_amd64.deb ...
Unpacking libpython3.8-stdlib:amd64 (3.8.6-1) ...
Selecting previously unselected package python3.8.
Preparing to unpack .../7-python3.8_3.8.6-1_amd64.deb ...
Unpacking python3.8 (3.8.6-1) ...
Selecting previously unselected package libpython3-stdlib:amd64.
Preparing to unpack .../8-libpython3-stdlib_3.8.6-1_amd64.deb ...
Unpacking libpython3-stdlib:amd64 (3.8.6-1) ...
Setting up python3-minimal (3.8.6-1) ...
Selecting previously unselected package python3.
(Reading database ... 15340 files and directories currently installed.)
Preparing to unpack .../00-python3_3.8.6-1_amd64.deb ...
Unpacking python3 (3.8.6-1) ...
Selecting previously unselected package libpython3.9-minimal:amd64.
Preparing to unpack .../01-libpython3.9-minimal_3.9.0-5_amd64.deb ...
Unpacking libpython3.9-minimal:amd64 (3.9.0-5) ...
Selecting previously unselected package python3.9-minimal.
Preparing to unpack .../02-python3.9-minimal_3.9.0-5_amd64.deb ...
Unpacking python3.9-minimal (3.9.0-5) ...
Selecting previously unselected package sgml-base.
Preparing to unpack .../03-sgml-base_1.30_all.deb ...
Unpacking sgml-base (1.30) ...
Selecting previously unselected package sensible-utils.
Preparing to unpack .../04-sensible-utils_0.0.12+nmu1_all.deb ...
Unpacking sensible-utils (0.0.12+nmu1) ...
Selecting previously unselected package libmagic-mgc.
Preparing to unpack .../05-libmagic-mgc_1%3a5.38-5_amd64.deb ...
Unpacking libmagic-mgc (1:5.38-5) ...
Selecting previously unselected package libmagic1:amd64.
Preparing to unpack .../06-libmagic1_1%3a5.38-5_amd64.deb ...
Unpacking libmagic1:amd64 (1:5.38-5) ...
Selecting previously unselected package file.
Preparing to unpack .../07-file_1%3a5.38-5_amd64.deb ...
Unpacking file (1:5.38-5) ...
Selecting previously unselected package gettext-base.
Preparing to unpack .../08-gettext-base_0.19.8.1-10_amd64.deb ...
Unpacking gettext-base (0.19.8.1-10) ...
Selecting previously unselected package libsigsegv2:amd64.
Preparing to unpack .../09-libsigsegv2_2.12-2_amd64.deb ...
Unpacking libsigsegv2:amd64 (2.12-2) ...
Selecting previously unselected package m4.
Preparing to unpack .../10-m4_1.4.18-4_amd64.deb ...
Unpacking m4 (1.4.18-4) ...
Selecting previously unselected package autoconf.
Preparing to unpack .../11-autoconf_2.69-11.1_all.deb ...
Unpacking autoconf (2.69-11.1) ...
Selecting previously unselected package autotools-dev.
Preparing to unpack .../12-autotools-dev_20180224.1_all.deb ...
Unpacking autotools-dev (20180224.1) ...
Selecting previously unselected package automake.
Preparing to unpack .../13-automake_1%3a1.16.2-4_all.deb ...
Unpacking automake (1:1.16.2-4) ...
Selecting previously unselected package autopoint.
Preparing to unpack .../14-autopoint_0.19.8.1-10_all.deb ...
Unpacking autopoint (0.19.8.1-10) ...
Selecting previously unselected package openssl.
Preparing to unpack .../15-openssl_1.1.1h-1_amd64.deb ...
Unpacking openssl (1.1.1h-1) ...
Selecting previously unselected package ca-certificates.
Preparing to unpack .../16-ca-certificates_20200601_all.deb ...
Unpacking ca-certificates (20200601) ...
Selecting previously unselected package libtool.
Preparing to unpack .../17-libtool_2.4.6-14_all.deb ...
Unpacking libtool (2.4.6-14) ...
Selecting previously unselected package dh-autoreconf.
Preparing to unpack .../18-dh-autoreconf_19_all.deb ...
Unpacking dh-autoreconf (19) ...
Selecting previously unselected package libdebhelper-perl.
Preparing to unpack .../19-libdebhelper-perl_13.2.1_all.deb ...
Unpacking libdebhelper-perl (13.2.1) ...
Selecting previously unselected package libarchive-zip-perl.
Preparing to unpack .../20-libarchive-zip-perl_1.68-1_all.deb ...
Unpacking libarchive-zip-perl (1.68-1) ...
Selecting previously unselected package libsub-override-perl.
Preparing to unpack .../21-libsub-override-perl_0.09-2_all.deb ...
Unpacking libsub-override-perl (0.09-2) ...
Selecting previously unselected package libfile-stripnondeterminism-perl.
Preparing to unpack .../22-libfile-stripnondeterminism-perl_1.9.0-1_all.deb ...
Unpacking libfile-stripnondeterminism-perl (1.9.0-1) ...
Selecting previously unselected package dh-strip-nondeterminism.
Preparing to unpack .../23-dh-strip-nondeterminism_1.9.0-1_all.deb ...
Unpacking dh-strip-nondeterminism (1.9.0-1) ...
Selecting previously unselected package libelf1:amd64.
Preparing to unpack .../24-libelf1_0.181-1_amd64.deb ...
Unpacking libelf1:amd64 (0.181-1) ...
Selecting previously unselected package dwz.
Preparing to unpack .../25-dwz_0.13-5_amd64.deb ...
Unpacking dwz (0.13-5) ...
Selecting previously unselected package libglib2.0-0:amd64.
Preparing to unpack .../26-libglib2.0-0_2.66.1-2_amd64.deb ...
Unpacking libglib2.0-0:amd64 (2.66.1-2) ...
Selecting previously unselected package libicu67:amd64.
Preparing to unpack .../27-libicu67_67.1-4_amd64.deb ...
Unpacking libicu67:amd64 (67.1-4) ...
Selecting previously unselected package libxml2:amd64.
Preparing to unpack .../28-libxml2_2.9.10+dfsg-6.1_amd64.deb ...
Unpacking libxml2:amd64 (2.9.10+dfsg-6.1) ...
Selecting previously unselected package libcroco3:amd64.
Preparing to unpack .../29-libcroco3_0.6.13-1_amd64.deb ...
Unpacking libcroco3:amd64 (0.6.13-1) ...
Selecting previously unselected package gettext.
Preparing to unpack .../30-gettext_0.19.8.1-10_amd64.deb ...
Unpacking gettext (0.19.8.1-10) ...
Selecting previously unselected package intltool-debian.
Preparing to unpack .../31-intltool-debian_0.35.0+20060710.5_all.deb ...
Unpacking intltool-debian (0.35.0+20060710.5) ...
Selecting previously unselected package po-debconf.
Preparing to unpack .../32-po-debconf_1.0.21_all.deb ...
Unpacking po-debconf (1.0.21) ...
Selecting previously unselected package debhelper.
Preparing to unpack .../33-debhelper_13.2.1_all.deb ...
Unpacking debhelper (13.2.1) ...
Selecting previously unselected package python3-lib2to3.
Preparing to unpack .../34-python3-lib2to3_3.8.6-1_all.deb ...
Unpacking python3-lib2to3 (3.8.6-1) ...
Selecting previously unselected package python3-distutils.
Preparing to unpack .../35-python3-distutils_3.8.6-1_all.deb ...
Unpacking python3-distutils (3.8.6-1) ...
Selecting previously unselected package dh-python.
Preparing to unpack .../36-dh-python_4.20200925_all.deb ...
Unpacking dh-python (4.20200925) ...
Selecting previously unselected package xml-core.
Preparing to unpack .../37-xml-core_0.18+nmu1_all.deb ...
Unpacking xml-core (0.18+nmu1) ...
Selecting previously unselected package docutils-common.
Preparing to unpack .../38-docutils-common_0.16+dfsg-3_all.deb ...
Unpacking docutils-common (0.16+dfsg-3) ...
Selecting previously unselected package libexpat1-dev:amd64.
Preparing to unpack .../39-libexpat1-dev_2.2.10-1_amd64.deb ...
Unpacking libexpat1-dev:amd64 (2.2.10-1) ...
Selecting previously unselected package node-jquery.
Preparing to unpack .../40-node-jquery_3.5.1+dfsg-4_all.deb ...
Unpacking node-jquery (3.5.1+dfsg-4) ...
Selecting previously unselected package libjs-jquery.
Preparing to unpack .../41-libjs-jquery_3.5.1+dfsg-4_all.deb ...
Unpacking libjs-jquery (3.5.1+dfsg-4) ...
Selecting previously unselected package libjs-underscore.
Preparing to unpack .../42-libjs-underscore_1.9.1~dfsg-1_all.deb ...
Unpacking libjs-underscore (1.9.1~dfsg-1) ...
Selecting previously unselected package libjs-sphinxdoc.
Preparing to unpack .../43-libjs-sphinxdoc_3.2.1-2_all.deb ...
Unpacking libjs-sphinxdoc (3.2.1-2) ...
Selecting previously unselected package libpython3.8:amd64.
Preparing to unpack .../44-libpython3.8_3.8.6-1_amd64.deb ...
Unpacking libpython3.8:amd64 (3.8.6-1) ...
Selecting previously unselected package libpython3.8-dev:amd64.
Preparing to unpack .../45-libpython3.8-dev_3.8.6-1_amd64.deb ...
Unpacking libpython3.8-dev:amd64 (3.8.6-1) ...
Selecting previously unselected package libpython3-dev:amd64.
Preparing to unpack .../46-libpython3-dev_3.8.6-1_amd64.deb ...
Unpacking libpython3-dev:amd64 (3.8.6-1) ...
Selecting previously unselected package libpython3.9-stdlib:amd64.
Preparing to unpack .../47-libpython3.9-stdlib_3.9.0-5_amd64.deb ...
Unpacking libpython3.9-stdlib:amd64 (3.9.0-5) ...
Selecting previously unselected package libpython3.9:amd64.
Preparing to unpack .../48-libpython3.9_3.9.0-5_amd64.deb ...
Unpacking libpython3.9:amd64 (3.9.0-5) ...
Selecting previously unselected package libpython3.9-dev:amd64.
Preparing to unpack .../49-libpython3.9-dev_3.9.0-5_amd64.deb ...
Unpacking libpython3.9-dev:amd64 (3.9.0-5) ...
Selecting previously unselected package libpython3-all-dev:amd64.
Preparing to unpack .../50-libpython3-all-dev_3.8.6-1_amd64.deb ...
Unpacking libpython3-all-dev:amd64 (3.8.6-1) ...
Selecting previously unselected package libsass1:amd64.
Preparing to unpack .../51-libsass1_3.6.4-3_amd64.deb ...
Unpacking libsass1:amd64 (3.6.4-3) ...
Selecting previously unselected package libsass-dev:amd64.
Preparing to unpack .../52-libsass-dev_3.6.4-3_amd64.deb ...
Unpacking libsass-dev:amd64 (3.6.4-3) ...
Selecting previously unselected package python-babel-localedata.
Preparing to unpack .../53-python-babel-localedata_2.8.0+dfsg.1-4_all.deb ...
Unpacking python-babel-localedata (2.8.0+dfsg.1-4) ...
Selecting previously unselected package python3-alabaster.
Preparing to unpack .../54-python3-alabaster_0.7.8-1.1_all.deb ...
Unpacking python3-alabaster (0.7.8-1.1) ...
Selecting previously unselected package python3.9.
Preparing to unpack .../55-python3.9_3.9.0-5_amd64.deb ...
Unpacking python3.9 (3.9.0-5) ...
Selecting previously unselected package python3-all.
Preparing to unpack .../56-python3-all_3.8.6-1_amd64.deb ...
Unpacking python3-all (3.8.6-1) ...
Selecting previously unselected package zlib1g-dev:amd64.
Preparing to unpack .../57-zlib1g-dev_1%3a1.2.11.dfsg-2_amd64.deb ...
Unpacking zlib1g-dev:amd64 (1:1.2.11.dfsg-2) ...
Selecting previously unselected package python3.8-dev.
Preparing to unpack .../58-python3.8-dev_3.8.6-1_amd64.deb ...
Unpacking python3.8-dev (3.8.6-1) ...
Selecting previously unselected package python3-dev.
Preparing to unpack .../59-python3-dev_3.8.6-1_amd64.deb ...
Unpacking python3-dev (3.8.6-1) ...
Selecting previously unselected package python3.9-dev.
Preparing to unpack .../60-python3.9-dev_3.9.0-5_amd64.deb ...
Unpacking python3.9-dev (3.9.0-5) ...
Selecting previously unselected package python3-all-dev.
Preparing to unpack .../61-python3-all-dev_3.8.6-1_amd64.deb ...
Unpacking python3-all-dev (3.8.6-1) ...
Selecting previously unselected package python3-atomicwrites.
Preparing to unpack .../62-python3-atomicwrites_1.4.0-1_all.deb ...
Unpacking python3-atomicwrites (1.4.0-1) ...
Selecting previously unselected package python3-attr.
Preparing to unpack .../63-python3-attr_19.3.0-5_all.deb ...
Unpacking python3-attr (19.3.0-5) ...
Selecting previously unselected package python3-pkg-resources.
Preparing to unpack .../64-python3-pkg-resources_50.3.0-1_all.deb ...
Unpacking python3-pkg-resources (50.3.0-1) ...
Selecting previously unselected package python3-tz.
Preparing to unpack .../65-python3-tz_2020.1-2_all.deb ...
Unpacking python3-tz (2020.1-2) ...
Selecting previously unselected package python3-babel.
Preparing to unpack .../66-python3-babel_2.8.0+dfsg.1-4_all.deb ...
Unpacking python3-babel (2.8.0+dfsg.1-4) ...
Selecting previously unselected package python3-certifi.
Preparing to unpack .../67-python3-certifi_2020.6.20-1_all.deb ...
Unpacking python3-certifi (2020.6.20-1) ...
Selecting previously unselected package python3-chardet.
Preparing to unpack .../68-python3-chardet_3.0.4-7_all.deb ...
Unpacking python3-chardet (3.0.4-7) ...
Selecting previously unselected package python3-roman.
Preparing to unpack .../69-python3-roman_2.0.0-5_all.deb ...
Unpacking python3-roman (2.0.0-5) ...
Selecting previously unselected package python3-docutils.
Preparing to unpack .../70-python3-docutils_0.16+dfsg-3_all.deb ...
Unpacking python3-docutils (0.16+dfsg-3) ...
Selecting previously unselected package python3-mccabe.
Preparing to unpack .../71-python3-mccabe_0.6.1-3_all.deb ...
Unpacking python3-mccabe (0.6.1-3) ...
Selecting previously unselected package python3-pycodestyle.
Preparing to unpack .../72-python3-pycodestyle_2.6.0-1_all.deb ...
Unpacking python3-pycodestyle (2.6.0-1) ...
Selecting previously unselected package python3-pyflakes.
Preparing to unpack .../73-python3-pyflakes_2.2.0-1_all.deb ...
Unpacking python3-pyflakes (2.2.0-1) ...
Selecting previously unselected package python3-setuptools.
Preparing to unpack .../74-python3-setuptools_50.3.0-1_all.deb ...
Unpacking python3-setuptools (50.3.0-1) ...
Selecting previously unselected package python3-flake8.
Preparing to unpack .../75-python3-flake8_3.8.4-1_all.deb ...
Unpacking python3-flake8 (3.8.4-1) ...
Selecting previously unselected package python3-idna.
Preparing to unpack .../76-python3-idna_2.10-1_all.deb ...
Unpacking python3-idna (2.10-1) ...
Selecting previously unselected package python3-imagesize.
Preparing to unpack .../77-python3-imagesize_1.2.0-2_all.deb ...
Unpacking python3-imagesize (1.2.0-2) ...
Selecting previously unselected package python3-six.
Preparing to unpack .../78-python3-six_1.15.0-1_all.deb ...
Unpacking python3-six (1.15.0-1) ...
Selecting previously unselected package python3-more-itertools.
Preparing to unpack .../79-python3-more-itertools_4.2.0-3_all.deb ...
Unpacking python3-more-itertools (4.2.0-3) ...
Selecting previously unselected package python3-zipp.
Preparing to unpack .../80-python3-zipp_1.0.0-3_all.deb ...
Unpacking python3-zipp (1.0.0-3) ...
Selecting previously unselected package python3-importlib-metadata.
Preparing to unpack .../81-python3-importlib-metadata_1.6.0-2_all.deb ...
Unpacking python3-importlib-metadata (1.6.0-2) ...
Selecting previously unselected package python3-markupsafe.
Preparing to unpack .../82-python3-markupsafe_1.1.1-1+b2_amd64.deb ...
Unpacking python3-markupsafe (1.1.1-1+b2) ...
Selecting previously unselected package python3-jinja2.
Preparing to unpack .../83-python3-jinja2_2.11.2-1_all.deb ...
Unpacking python3-jinja2 (2.11.2-1) ...
Selecting previously unselected package python3-pyparsing.
Preparing to unpack .../84-python3-pyparsing_2.4.7-1_all.deb ...
Unpacking python3-pyparsing (2.4.7-1) ...
Selecting previously unselected package python3-packaging.
Preparing to unpack .../85-python3-packaging_20.4-1_all.deb ...
Unpacking python3-packaging (20.4-1) ...
Selecting previously unselected package python3-pluggy.
Preparing to unpack .../86-python3-pluggy_0.13.0-5_all.deb ...
Unpacking python3-pluggy (0.13.0-5) ...
Selecting previously unselected package python3-py.
Preparing to unpack .../87-python3-py_1.9.0-1_all.deb ...
Unpacking python3-py (1.9.0-1) ...
Selecting previously unselected package python3-pygments.
Preparing to unpack .../88-python3-pygments_2.7.1+dfsg-1_all.deb ...
Unpacking python3-pygments (2.7.1+dfsg-1) ...
Selecting previously unselected package python3-wcwidth.
Preparing to unpack .../89-python3-wcwidth_0.1.9+dfsg1-2_all.deb ...
Unpacking python3-wcwidth (0.1.9+dfsg1-2) ...
Selecting previously unselected package python3-pytest.
Preparing to unpack .../90-python3-pytest_4.6.11-1_all.deb ...
Unpacking python3-pytest (4.6.11-1) ...
Selecting previously unselected package python3-urllib3.
Preparing to unpack .../91-python3-urllib3_1.25.9-1_all.deb ...
Unpacking python3-urllib3 (1.25.9-1) ...
Selecting previously unselected package python3-requests.
Preparing to unpack .../92-python3-requests_2.24.0+dfsg-1_all.deb ...
Unpacking python3-requests (2.24.0+dfsg-1) ...
Selecting previously unselected package python3-snowballstemmer.
Preparing to unpack .../93-python3-snowballstemmer_2.0.0-2_all.deb ...
Unpacking python3-snowballstemmer (2.0.0-2) ...
Selecting previously unselected package sphinx-common.
Preparing to unpack .../94-sphinx-common_3.2.1-2_all.deb ...
Unpacking sphinx-common (3.2.1-2) ...
Selecting previously unselected package python3-sphinx.
Preparing to unpack .../95-python3-sphinx_3.2.1-2_all.deb ...
Unpacking python3-sphinx (3.2.1-2) ...
Selecting previously unselected package python3-werkzeug.
Preparing to unpack .../96-python3-werkzeug_1.0.1+dfsg1-2_all.deb ...
Unpacking python3-werkzeug (1.0.1+dfsg1-2) ...
Selecting previously unselected package sbuild-build-depends-main-dummy.
Preparing to unpack .../97-sbuild-build-depends-main-dummy_0.invalid.0_amd64.deb ...
Unpacking sbuild-build-depends-main-dummy (0.invalid.0) ...
Setting up libpipeline1:amd64 (1.5.3-1) ...
Setting up mime-support (3.64) ...
Setting up bsdextrautils (2.36-3+b1) ...
update-alternatives: using /usr/bin/write.ul to provide /usr/bin/write (write) in auto mode
Setting up libicu67:amd64 (67.1-4) ...
Setting up libsass1:amd64 (3.6.4-3) ...
Setting up libmagic-mgc (1:5.38-5) ...
Setting up libarchive-zip-perl (1.68-1) ...
Setting up libglib2.0-0:amd64 (2.66.1-2) ...
No schema files found: doing nothing.
Setting up libpython3.9-minimal:amd64 (3.9.0-5) ...
Setting up libdebhelper-perl (13.2.1) ...
Setting up libsqlite3-0:amd64 (3.33.0-1) ...
Setting up libmagic1:amd64 (1:5.38-5) ...
Setting up gettext-base (0.19.8.1-10) ...
Setting up file (1:5.38-5) ...
Setting up python-babel-localedata (2.8.0+dfsg.1-4) ...
Setting up autotools-dev (20180224.1) ...
Setting up libexpat1-dev:amd64 (2.2.10-1) ...
Setting up libsigsegv2:amd64 (2.12-2) ...
Setting up autopoint (0.19.8.1-10) ...
Setting up libncursesw6:amd64 (6.2+20200918-1) ...
Setting up zlib1g-dev:amd64 (1:1.2.11.dfsg-2) ...
Setting up sensible-utils (0.0.12+nmu1) ...
Setting up libuchardet0:amd64 (0.0.7-1) ...
Setting up libsub-override-perl (0.09-2) ...
Setting up sgml-base (1.30) ...
Setting up python3.9-minimal (3.9.0-5) ...
Setting up openssl (1.1.1h-1) ...
Setting up libelf1:amd64 (0.181-1) ...
Setting up readline-common (8.0-4) ...
Setting up libxml2:amd64 (2.9.10+dfsg-6.1) ...
Setting up node-jquery (3.5.1+dfsg-4) ...
Setting up libjs-underscore (1.9.1~dfsg-1) ...
Setting up libfile-stripnondeterminism-perl (1.9.0-1) ...
Setting up libsass-dev:amd64 (3.6.4-3) ...
Setting up libtool (2.4.6-14) ...
Setting up libreadline8:amd64 (8.0-4) ...
Setting up m4 (1.4.18-4) ...
Setting up ca-certificates (20200601) ...
Updating certificates in /etc/ssl/certs...
126 added, 0 removed; done.
Setting up libcroco3:amd64 (0.6.13-1) ...
Setting up autoconf (2.69-11.1) ...
Setting up dh-strip-nondeterminism (1.9.0-1) ...
Setting up dwz (0.13-5) ...
Setting up groff-base (1.22.4-5) ...
Setting up xml-core (0.18+nmu1) ...
Setting up libjs-jquery (3.5.1+dfsg-4) ...
Setting up libpython3.8-stdlib:amd64 (3.8.6-1) ...
Setting up python3.8 (3.8.6-1) ...
Setting up libpython3.9-stdlib:amd64 (3.9.0-5) ...
Setting up libpython3-stdlib:amd64 (3.8.6-1) ...
Setting up automake (1:1.16.2-4) ...
update-alternatives: using /usr/bin/automake-1.16 to provide /usr/bin/automake (automake) in auto mode
Setting up gettext (0.19.8.1-10) ...
Setting up python3 (3.8.6-1) ...
Setting up man-db (2.9.3-2) ...
Not building database; man-db/auto-update is not 'true'.
Setting up python3-markupsafe (1.1.1-1+b2) ...
Setting up python3-tz (2020.1-2) ...
Setting up python3-atomicwrites (1.4.0-1) ...
Setting up intltool-debian (0.35.0+20060710.5) ...
Setting up python3-six (1.15.0-1) ...
Setting up python3-roman (2.0.0-5) ...
Setting up python3-pycodestyle (2.6.0-1) ...
Setting up python3-jinja2 (2.11.2-1) ...
Setting up libpython3.9:amd64 (3.9.0-5) ...
Setting up python3-wcwidth (0.1.9+dfsg1-2) ...
Setting up python3-pyparsing (2.4.7-1) ...
Setting up python3-certifi (2020.6.20-1) ...
Setting up python3-snowballstemmer (2.0.0-2) ...
Setting up python3-werkzeug (1.0.1+dfsg1-2) ...
Setting up libpython3.8:amd64 (3.8.6-1) ...
Setting up python3-idna (2.10-1) ...
Setting up libjs-sphinxdoc (3.2.1-2) ...
Setting up python3-urllib3 (1.25.9-1) ...
Setting up python3-mccabe (0.6.1-3) ...
Setting up python3-lib2to3 (3.8.6-1) ...
Setting up python3.9 (3.9.0-5) ...
Setting up python3-imagesize (1.2.0-2) ...
Setting up python3-pkg-resources (50.3.0-1) ...
Setting up python3-distutils (3.8.6-1) ...
Setting up dh-python (4.20200925) ...
Setting up python3-more-itertools (4.2.0-3) ...
Setting up python3-attr (19.3.0-5) ...
Setting up python3-setuptools (50.3.0-1) ...
Setting up python3-py (1.9.0-1) ...
Setting up python3-babel (2.8.0+dfsg.1-4) ...
update-alternatives: using /usr/bin/pybabel-python3 to provide /usr/bin/pybabel (pybabel) in auto mode
Setting up python3-alabaster (0.7.8-1.1) ...
Setting up po-debconf (1.0.21) ...
Setting up python3-pyflakes (2.2.0-1) ...
Setting up libpython3.9-dev:amd64 (3.9.0-5) ...
Setting up python3-all (3.8.6-1) ...
Setting up python3-zipp (1.0.0-3) ...
Setting up python3-flake8 (3.8.4-1) ...
Setting up python3-pygments (2.7.1+dfsg-1) ...
Setting up python3-packaging (20.4-1) ...
Setting up python3-chardet (3.0.4-7) ...
Setting up libpython3.8-dev:amd64 (3.8.6-1) ...
Setting up sphinx-common (3.2.1-2) ...
Setting up python3-requests (2.24.0+dfsg-1) ...
Setting up python3.8-dev (3.8.6-1) ...
Setting up python3.9-dev (3.9.0-5) ...
Setting up libpython3-dev:amd64 (3.8.6-1) ...
Setting up python3-importlib-metadata (1.6.0-2) ...
Setting up libpython3-all-dev:amd64 (3.8.6-1) ...
Setting up python3-dev (3.8.6-1) ...
Setting up python3-pluggy (0.13.0-5) ...
Setting up python3-all-dev (3.8.6-1) ...
Setting up python3-pytest (4.6.11-1) ...
Setting up debhelper (13.2.1) ...
Setting up dh-autoreconf (19) ...
Processing triggers for libc-bin (2.31-4) ...
Processing triggers for sgml-base (1.30) ...
Setting up docutils-common (0.16+dfsg-3) ...
Processing triggers for sgml-base (1.30) ...
Setting up python3-docutils (0.16+dfsg-3) ...
update-alternatives: using /usr/share/docutils/scripts/python3/rst-buildhtml to provide /usr/bin/rst-buildhtml (rst-buildhtml) in auto mode
update-alternatives: using /usr/share/docutils/scripts/python3/rst2html to provide /usr/bin/rst2html (rst2html) in auto mode
update-alternatives: using /usr/share/docutils/scripts/python3/rst2html4 to provide /usr/bin/rst2html4 (rst2html4) in auto mode
update-alternatives: using /usr/share/docutils/scripts/python3/rst2html5 to provide /usr/bin/rst2html5 (rst2html5) in auto mode
update-alternatives: using /usr/share/docutils/scripts/python3/rst2latex to provide /usr/bin/rst2latex (rst2latex) in auto mode
update-alternatives: using /usr/share/docutils/scripts/python3/rst2man to provide /usr/bin/rst2man (rst2man) in auto mode
update-alternatives: using /usr/share/docutils/scripts/python3/rst2odt to provide /usr/bin/rst2odt (rst2odt) in auto mode
update-alternatives: using /usr/share/docutils/scripts/python3/rst2odt_prepstyles to provide /usr/bin/rst2odt_prepstyles (rst2odt_prepstyles) in auto mode
update-alternatives: using /usr/share/docutils/scripts/python3/rst2pseudoxml to provide /usr/bin/rst2pseudoxml (rst2pseudoxml) in auto mode
update-alternatives: using /usr/share/docutils/scripts/python3/rst2s5 to provide /usr/bin/rst2s5 (rst2s5) in auto mode
update-alternatives: using /usr/share/docutils/scripts/python3/rst2xetex to provide /usr/bin/rst2xetex (rst2xetex) in auto mode
update-alternatives: using /usr/share/docutils/scripts/python3/rst2xml to provide /usr/bin/rst2xml (rst2xml) in auto mode
update-alternatives: using /usr/share/docutils/scripts/python3/rstpep2html to provide /usr/bin/rstpep2html (rstpep2html) in auto mode
Setting up python3-sphinx (3.2.1-2) ...
Setting up sbuild-build-depends-main-dummy (0.invalid.0) ...
Processing triggers for ca-certificates (20200601) ...
Updating certificates in /etc/ssl/certs...
0 added, 0 removed; done.
Running hooks in /etc/ca-certificates/update.d...
done.

+------------------------------------------------------------------------------+
| Check architectures                                                          |
+------------------------------------------------------------------------------+

Arch check ok (amd64 included in any all)

+------------------------------------------------------------------------------+
| Build environment                                                            |
+------------------------------------------------------------------------------+

Kernel: Linux 4.19.0-6-cloud-amd64 #1 SMP Debian 4.19.67-2+deb10u2 (2019-11-11) amd64 (x86_64)
Toolchain package versions: binutils_2.35.1-2 dpkg-dev_1.20.5 g++-10_10.2.0-15 gcc-10_10.2.0-15 libc6-dev_2.31-4 libstdc++-10-dev_10.2.0-15 libstdc++6_10.2.0-15 linux-libc-dev_5.9.1-1
Package versions: adduser_3.118 apt_2.1.11 autoconf_2.69-11.1 automake_1:1.16.2-4 autopoint_0.19.8.1-10 autotools-dev_20180224.1 base-files_11 base-passwd_3.5.48 bash_5.1~rc1-2 binutils_2.35.1-2 binutils-common_2.35.1-2 binutils-x86-64-linux-gnu_2.35.1-2 bsdextrautils_2.36-3+b1 bsdutils_1:2.36-3+b1 build-essential_12.8 bzip2_1.0.8-4 ca-certificates_20200601 clang-10_1:10.0.1-7 coreutils_8.32-4+b1 cpp_4:10.2.0-1 cpp-10_10.2.0-15 dash_0.5.10.2-7 debconf_1.5.74 debhelper_13.2.1 debian-archive-keyring_2019.1 debianutils_4.11.2 dh-autoreconf_19 dh-python_4.20200925 dh-strip-nondeterminism_1.9.0-1 diffutils_1:3.7-3 docutils-common_0.16+dfsg-3 dpkg_1.20.5 dpkg-dev_1.20.5 dwz_0.13-5 e2fsprogs_1.45.6-1 fakeroot_1.25.3-1 file_1:5.38-5 findutils_4.7.0+git20201010-2 g++_4:10.2.0-1 g++-10_10.2.0-15 gcc_4:10.2.0-1 gcc-10_10.2.0-15 gcc-10-base_10.2.0-15 gcc-9-base_9.3.0-18 gettext_0.19.8.1-10 gettext-base_0.19.8.1-10 gpgv_2.2.20-1 grep_3.4-1 groff-base_1.22.4-5 gzip_1.10-2 hostname_3.23 init-system-helpers_1.58 intltool-debian_0.35.0+20060710.5 lib32gcc-s1_10.2.0-15 lib32stdc++6_10.2.0-15 libacl1_2.2.53-8 libapt-pkg6.0_2.1.11 libarchive-zip-perl_1.68-1 libasan5_9.3.0-18 libasan6_10.2.0-15 libatomic1_10.2.0-15 libattr1_1:2.4.48-5 libaudit-common_1:2.8.5-3.1 libaudit1_1:2.8.5-3.1 libbinutils_2.35.1-2 libblkid1_2.36-3+b1 libbsd0_0.10.0-1 libbz2-1.0_1.0.8-4 libc-bin_2.31-4 libc-dev-bin_2.31-4 libc6_2.31-4 libc6-dev_2.31-4 libc6-i386_2.31-4 libcap-ng0_0.7.9-2.2 libcc1-0_10.2.0-15 libclang-common-10-dev_1:10.0.1-7 libclang-cpp10_1:10.0.1-7 libclang1-10_1:10.0.1-7 libcom-err2_1.45.6-1 libcroco3_0.6.13-1 libcrypt-dev_1:4.4.17-1 libcrypt1_1:4.4.17-1 libctf-nobfd0_2.35.1-2 libctf0_2.35.1-2 libdb5.3_5.3.28+dfsg1-0.6 libdebconfclient0_0.255 libdebhelper-perl_13.2.1 libdpkg-perl_1.20.5 libedit2_3.1-20191231-1 libelf1_0.181-1 libexpat1_2.2.10-1 libexpat1-dev_2.2.10-1 libext2fs2_1.45.6-1 libfakeroot_1.25.3-1 libffi7_3.3-4 libfile-stripnondeterminism-perl_1.9.0-1 libgc1_1:8.0.4-2.1 libgcc-10-dev_10.2.0-15 libgcc-9-dev_9.3.0-18 libgcc-s1_10.2.0-15 libgcrypt20_1.8.7-2 libgdbm-compat4_1.18.1-5.1 libgdbm6_1.18.1-5.1 libglib2.0-0_2.66.1-2 libgmp10_2:6.2.0+dfsg-6 libgnutls30_3.6.15-4 libgomp1_10.2.0-15 libgpg-error0_1.38-2 libgssapi-krb5-2_1.17-10 libhogweed6_3.6-2 libicu67_67.1-4 libidn2-0_2.3.0-1 libisl22_0.22.1-1 libitm1_10.2.0-15 libjs-jquery_3.5.1+dfsg-4 libjs-sphinxdoc_3.2.1-2 libjs-underscore_1.9.1~dfsg-1 libk5crypto3_1.17-10 libkeyutils1_1.6.1-2 libkrb5-3_1.17-10 libkrb5support0_1.17-10 libllvm10_1:10.0.1-7 liblsan0_10.2.0-15 liblz4-1_1.9.2-2 liblzma5_5.2.4-1+b1 libmagic-mgc_1:5.38-5 libmagic1_1:5.38-5 libmount1_2.36-3+b1 libmpc3_1.2.0-1 libmpfr6_4.1.0-3 libncursesw6_6.2+20200918-1 libnettle8_3.6-2 libnsl-dev_1.3.0-2 libnsl2_1.3.0-2 libnss-nis_3.1-4 libnss-nisplus_1.3-4 libobjc-10-dev_10.2.0-15 libobjc-9-dev_9.3.0-18 libobjc4_10.2.0-15 libomp-10-dev_1:10.0.1-7 libomp5-10_1:10.0.1-7 libp11-kit0_0.23.21-2 libpam-modules_1.3.1-5 libpam-modules-bin_1.3.1-5 libpam-runtime_1.3.1-5 libpam0g_1.3.1-5 libpcre2-8-0_10.34-7 libpcre3_2:8.39-13 libperl5.30_5.30.3-4 libpipeline1_1.5.3-1 libpython3-all-dev_3.8.6-1 libpython3-dev_3.8.6-1 libpython3-stdlib_3.8.6-1 libpython3.8_3.8.6-1 libpython3.8-dev_3.8.6-1 libpython3.8-minimal_3.8.6-1 libpython3.8-stdlib_3.8.6-1 libpython3.9_3.9.0-5 libpython3.9-dev_3.9.0-5 libpython3.9-minimal_3.9.0-5 libpython3.9-stdlib_3.9.0-5 libquadmath0_10.2.0-15 libreadline8_8.0-4 libsass-dev_3.6.4-3 libsass1_3.6.4-3 libseccomp2_2.4.4-1+b1 libselinux1_3.1-2+b1 libsemanage-common_3.1-1 libsemanage1_3.1-1+b1 libsepol1_3.1-1 libsigsegv2_2.12-2 libsmartcols1_2.36-3+b1 libsqlite3-0_3.33.0-1 libss2_1.45.6-1 libssl1.1_1.1.1h-1 libstdc++-10-dev_10.2.0-15 libstdc++6_10.2.0-15 libsub-override-perl_0.09-2 libsystemd0_246.6-2 libtasn1-6_4.16.0-2 libtinfo6_6.2+20200918-1 libtirpc-common_1.2.6-3 libtirpc-dev_1.2.6-3 libtirpc3_1.2.6-3 libtool_2.4.6-14 libtsan0_10.2.0-15 libubsan1_10.2.0-15 libuchardet0_0.0.7-1 libudev1_246.6-2 libunistring2_0.9.10-4 libuuid1_2.36-3+b1 libxml2_2.9.10+dfsg-6.1 libz3-4_4.8.9-1 libzstd1_1.4.5+dfsg-4 linux-libc-dev_5.9.1-1 login_1:4.8.1-1 logsave_1.45.6-1 lsb-base_11.1.0 m4_1.4.18-4 make_4.3-4 man-db_2.9.3-2 mawk_1.3.4.20200120-2 mime-support_3.64 mount_2.36-3+b1 ncurses-base_6.2+20200918-1 ncurses-bin_6.2+20200918-1 node-jquery_3.5.1+dfsg-4 openssl_1.1.1h-1 passwd_1:4.8.1-1 patch_2.7.6-6 perl_5.30.3-4 perl-base_5.30.3-4 perl-modules-5.30_5.30.3-4 po-debconf_1.0.21 python-babel-localedata_2.8.0+dfsg.1-4 python3_3.8.6-1 python3-alabaster_0.7.8-1.1 python3-all_3.8.6-1 python3-all-dev_3.8.6-1 python3-atomicwrites_1.4.0-1 python3-attr_19.3.0-5 python3-babel_2.8.0+dfsg.1-4 python3-certifi_2020.6.20-1 python3-chardet_3.0.4-7 python3-dev_3.8.6-1 python3-distutils_3.8.6-1 python3-docutils_0.16+dfsg-3 python3-flake8_3.8.4-1 python3-idna_2.10-1 python3-imagesize_1.2.0-2 python3-importlib-metadata_1.6.0-2 python3-jinja2_2.11.2-1 python3-lib2to3_3.8.6-1 python3-markupsafe_1.1.1-1+b2 python3-mccabe_0.6.1-3 python3-minimal_3.8.6-1 python3-more-itertools_4.2.0-3 python3-packaging_20.4-1 python3-pkg-resources_50.3.0-1 python3-pluggy_0.13.0-5 python3-py_1.9.0-1 python3-pycodestyle_2.6.0-1 python3-pyflakes_2.2.0-1 python3-pygments_2.7.1+dfsg-1 python3-pyparsing_2.4.7-1 python3-pytest_4.6.11-1 python3-requests_2.24.0+dfsg-1 python3-roman_2.0.0-5 python3-setuptools_50.3.0-1 python3-six_1.15.0-1 python3-snowballstemmer_2.0.0-2 python3-sphinx_3.2.1-2 python3-tz_2020.1-2 python3-urllib3_1.25.9-1 python3-wcwidth_0.1.9+dfsg1-2 python3-werkzeug_1.0.1+dfsg1-2 python3-zipp_1.0.0-3 python3.8_3.8.6-1 python3.8-dev_3.8.6-1 python3.8-minimal_3.8.6-1 python3.9_3.9.0-5 python3.9-dev_3.9.0-5 python3.9-minimal_3.9.0-5 qt5-qmake_5.14.2+dfsg-6 qt5-qmake-bin_5.14.2+dfsg-6 qtchooser_66-2 readline-common_8.0-4 sbuild-build-depends-main-dummy_0.invalid.0 sed_4.7-1 sensible-utils_0.0.12+nmu1 sgml-base_1.30 sphinx-common_3.2.1-2 sysvinit-utils_2.96-5 tar_1.30+dfsg-7 tzdata_2020d-1 util-linux_2.36-3+b1 xml-core_0.18+nmu1 xz-utils_5.2.4-1+b1 zlib1g_1:1.2.11.dfsg-2 zlib1g-dev_1:1.2.11.dfsg-2

+------------------------------------------------------------------------------+
| Build                                                                        |
+------------------------------------------------------------------------------+


Unpack source
-------------

-----BEGIN PGP SIGNED MESSAGE-----
Hash: SHA512

Format: 3.0 (quilt)
Source: libsass-python
Binary: python3-libsass, pysassc
Architecture: any all
Version: 0.20.1-1
Maintainer: Frdric Bonnard <frediz@debian.org>
Homepage: https://hongminhee.org/libsass-python/
Standards-Version: 4.5.0
Vcs-Browser: https://salsa.debian.org/debian/libsass-python
Vcs-Git: https://salsa.debian.org/debian/libsass-python.git
Build-Depends: debhelper-compat (= 13), dh-python, python3-all-dev, python3-setuptools, python3-six, python3-sphinx, python3-werkzeug, python3-flake8, python3-pytest, libsass-dev (>= 3.6.4)
Package-List:
 pysassc deb web optional arch=all
 python3-libsass deb python optional arch=any
Checksums-Sha1:
 89295877a0c14fe77047b0ece8f99ac7a2b325ba 55649 libsass-python_0.20.1.orig.tar.gz
 bac5cdfd0467bc5c36cb3b4436c24852cfb094a0 4492 libsass-python_0.20.1-1.debian.tar.xz
Checksums-Sha256:
 00e5fc8d1befd02c687fc1bed43865a813d21d4ef8bf99d14849420b81de2e3e 55649 libsass-python_0.20.1.orig.tar.gz
 0f3e1966521c60d4985cc64da2bb85c3917266977affc99364d3ea9fff36dded 4492 libsass-python_0.20.1-1.debian.tar.xz
Files:
 3239ebe4aa2d00a25c0ca54a42435324 55649 libsass-python_0.20.1.orig.tar.gz
 4c47280d16174817540eeb9a9b3db54e 4492 libsass-python_0.20.1-1.debian.tar.xz

-----BEGIN PGP SIGNATURE-----

iQJGBAEBCgAwFiEEh9vVdWFVIC7DiF6Ta3SY/LmzWKwFAl9XgOUSHGZyZWRpekBk
ZWJpYW4ub3JnAAoJEGt0mPy5s1isJ20P/A7xSwj34MGQz6FFWy+XBNFRUqpZ+eTj
xX961Wf+AJ/HICireSKevCRQdFV5Q0m4BA5LPiNcMpEttvIZw2ByeCe7H6w58sGf
V3n3CUAJsu16WblLLXncDwxdsy35xs76rZco8sPCNF7v3xdvvGUuY6OZVhjB3Llb
Gdlg/TOmHLJ4NFdxX5bjp9Gj3UgpEgyhx+ItH3yTu9go4WnKm5J2bdYqWCqttlwc
9vTBLYjGYoddhnE1j1vUKOs4DcVeuiRr1oRsK9rZ/v5zpcEVFePmfOj6f/MTEqO/
ugk1ShArKN6R613AGzF9PkWvoFPI7CeGcfAT/gA63uw1IeraI9dnfnvVbpuHq3ZI
F2EVIQhj7yhS1FzLAH3UGl5A6Yq0WabyfTkz+QWk+NYkMnl5lBiwzQEcsAA8OAqN
n+q8fgmZNBh71wV/tx/aU+sB4wzG1lg8IY5yEGuBS+CemkuqAWAToVYvXUZssZAz
RsWZsjSDewDJG1thYX5rhNgJwuNETvjvDAxtsbX8QVbzccnNDMiQmqSHO4Yn3h3C
YAM6wUaq7ACbqIRJdmL1Lz2sQbuHYq+49QRSJxOMuCy7Tp4jV9NAUhXyvWry2gou
sqqHGXtzP4buCdfqXFckLlvtYc/jI1RGs9qav4EmtqyiaIZfS2/NgVE/NSj8lZkU
Xakw5GH6c6z+
=BrR0
-----END PGP SIGNATURE-----

gpgv: unknown type of key resource 'trustedkeys.kbx'
gpgv: keyblock resource '/tmp/dpkg-verify-sig.Oe4GqzFw/trustedkeys.kbx': General error
gpgv: Signature made Tue Sep  8 13:02:29 2020 UTC
gpgv:                using RSA key 87DBD5756155202EC3885E936B7498FCB9B358AC
gpgv:                issuer "frediz@debian.org"
gpgv: Can't check signature: No public key
dpkg-source: warning: failed to verify signature on ./libsass-python_0.20.1-1.dsc
dpkg-source: info: extracting libsass-python in /<<PKGBUILDDIR>>
dpkg-source: info: unpacking libsass-python_0.20.1.orig.tar.gz
dpkg-source: info: unpacking libsass-python_0.20.1-1.debian.tar.xz
dpkg-source: info: using patch list from debian/patches/series
dpkg-source: info: applying pysassc-man.patch

Check disk space
----------------

Sufficient free space for build

User Environment
----------------

APT_CONFIG=/var/lib/sbuild/apt.conf
HOME=/sbuild-nonexistent
LANG=C.UTF-8
LC_ALL=C.UTF-8
LOGNAME=user42
PATH=/usr/local/sbin:/usr/local/bin:/usr/sbin:/usr/bin:/sbin:/bin:/usr/games
SCHROOT_ALIAS_NAME=unstable
SCHROOT_CHROOT_NAME=sid-amd64-sbuild
SCHROOT_COMMAND=env
SCHROOT_GID=1001
SCHROOT_GROUP=user42
SCHROOT_SESSION_ID=sid-amd64-sbuild-77074008-1a29-4ab1-a2f8-8f67d356bb7e
SCHROOT_UID=1001
SCHROOT_USER=user42
SHELL=/bin/sh
USER=user42

dpkg-buildpackage
-----------------

Command: dpkg-buildpackage -us -uc -b -rfakeroot
dpkg-buildpackage: info: source package libsass-python
dpkg-buildpackage: info: source version 0.20.1-1
dpkg-buildpackage: info: source distribution unstable
dpkg-buildpackage: info: source changed by Frdric Bonnard <frediz@debian.org>
 dpkg-source --before-build .
dpkg-buildpackage: info: host architecture amd64
 debian/rules clean
dpkg-query -f '${Version}\n' -W libsass-dev|sed 's/-.*//' > .libsass-upstream-version
dh debian/rules --with python3 --buildsystem=pybuild
dh clean --with python3 --buildsystem=pybuild
   debian/rules override_dh_auto_clean
make[1]: Entering directory '/<<PKGBUILDDIR>>'
dh debian/rules --with python3 --buildsystem=pybuild
dh_auto_clean -O--buildsystem=pybuild
	install -d /<<PKGBUILDDIR>>/debian/.debhelper/generated/_source/home
	pybuild --clean --test-pytest -i python{version} -p "3.9 3.8"
I: pybuild base:217: python3.9 setup.py clean 
running clean
removing '/<<PKGBUILDDIR>>/.pybuild/cpython3_3.9/build' (and everything under it)
'build/bdist.linux-x86_64' does not exist -- can't clean it
'build/scripts-3.9' does not exist -- can't clean it
I: pybuild base:217: python3.8 setup.py clean 
running clean
removing '/<<PKGBUILDDIR>>/.pybuild/cpython3_3.8/build' (and everything under it)
'build/bdist.linux-x86_64' does not exist -- can't clean it
'build/scripts-3.8' does not exist -- can't clean it
	rm -rf .pybuild/
	find . -name \*.pyc -exec rm {} \;
rm -fr libsass.egg-info .libsass-upstream-version
make[1]: Leaving directory '/<<PKGBUILDDIR>>'
   dh_autoreconf_clean -O--buildsystem=pybuild
   dh_clean -O--buildsystem=pybuild
	rm -f debian/debhelper-build-stamp
	rm -rf debian/.debhelper/
	rm -f -- debian/python3-libsass.substvars debian/pysassc.substvars debian/files
	rm -fr -- debian/python3-libsass/ debian/tmp/ debian/pysassc/
	find .  \( \( \
		\( -path .\*/.git -o -path .\*/.svn -o -path .\*/.bzr -o -path .\*/.hg -o -path .\*/CVS -o -path .\*/.pc -o -path .\*/_darcs \) -prune -o -type f -a \
	        \( -name '#*#' -o -name '.*~' -o -name '*~' -o -name DEADJOE \
		 -o -name '*.orig' -o -name '*.rej' -o -name '*.bak' \
		 -o -name '.*.orig' -o -name .*.rej -o -name '.SUMS' \
		 -o -name TAGS -o \( -path '*/.deps/*' -a -name '*.P' \) \
		\) -exec rm -f {} + \) -o \
		\( -type d -a -name autom4te.cache -prune -exec rm -rf {} + \) \)
 debian/rules binary
dpkg-query -f '${Version}\n' -W libsass-dev|sed 's/-.*//' > .libsass-upstream-version
dh debian/rules --with python3 --buildsystem=pybuild
dh binary --with python3 --buildsystem=pybuild
   dh_update_autotools_config -O--buildsystem=pybuild
   dh_autoreconf -O--buildsystem=pybuild
   dh_auto_configure -O--buildsystem=pybuild
	install -d /<<PKGBUILDDIR>>/debian/.debhelper/generated/_source/home
	pybuild --configure --test-pytest -i python{version} -p "3.9 3.8"
I: pybuild base:217: python3.9 setup.py config 
running config
I: pybuild base:217: python3.8 setup.py config 
running config
   debian/rules override_dh_auto_build
make[1]: Entering directory '/<<PKGBUILDDIR>>'
dh debian/rules --with python3 --buildsystem=pybuild
py3versions: no X-Python3-Version in control file, using supported versions
pybuild --build -p "3.9 3.8"
I: pybuild base:217: /usr/bin/python3.9 setup.py build 
running build
running build_py
copying pysassc.py -> /<<PKGBUILDDIR>>/.pybuild/cpython3_3.9/build
copying sass.py -> /<<PKGBUILDDIR>>/.pybuild/cpython3_3.9/build
copying sassc.py -> /<<PKGBUILDDIR>>/.pybuild/cpython3_3.9/build
copying sasstests.py -> /<<PKGBUILDDIR>>/.pybuild/cpython3_3.9/build
creating /<<PKGBUILDDIR>>/.pybuild/cpython3_3.9/build/sassutils
copying sassutils/__init__.py -> /<<PKGBUILDDIR>>/.pybuild/cpython3_3.9/build/sassutils
copying sassutils/_compat.py -> /<<PKGBUILDDIR>>/.pybuild/cpython3_3.9/build/sassutils
copying sassutils/wsgi.py -> /<<PKGBUILDDIR>>/.pybuild/cpython3_3.9/build/sassutils
copying sassutils/distutils.py -> /<<PKGBUILDDIR>>/.pybuild/cpython3_3.9/build/sassutils
copying sassutils/builder.py -> /<<PKGBUILDDIR>>/.pybuild/cpython3_3.9/build/sassutils
running build_ext
building '_sass' extension
creating build
creating build/temp.linux-x86_64-3.9
x86_64-linux-gnu-gcc -pthread -Wno-unused-result -Wsign-compare -DNDEBUG -g -fwrapv -O2 -Wall -g -fstack-protector-strong -Wformat -Werror=format-security -g -fwrapv -O2 -g -O2 -fdebug-prefix-map=/<<PKGBUILDDIR>>=. -fstack-protector-strong -Wformat -Werror=format-security -Wdate-time -D_FORTIFY_SOURCE=2 -fPIC -DPy_LIMITED_API -I/usr/include/python3.9 -c _sass.c -o build/temp.linux-x86_64-3.9/_sass.o -fPIC -std=gnu++0x -Wall -Wno-parentheses -Werror=switch
error: invalid argument '-std=gnu++0x' not allowed with 'C'
error: command '/usr/bin/x86_64-linux-gnu-gcc' failed with exit code 1
E: pybuild pybuild:352: build: plugin distutils failed with: exit code=1: /usr/bin/python3.9 setup.py build 
make[1]: *** [debian/rules:15: override_dh_auto_build] Error 13
make[1]: Leaving directory '/<<PKGBUILDDIR>>'
make: *** [debian/rules:9: binary] Error 2
dpkg-buildpackage: error: debian/rules binary subprocess returned exit status 2
--------------------------------------------------------------------------------
Build finished at 2020-10-29T20:06:38Z

Finished
--------


+------------------------------------------------------------------------------+
| Cleanup                                                                      |
+------------------------------------------------------------------------------+

Purging /<<BUILDDIR>>
Not cleaning session: cloned chroot in use
E: Build failure (dpkg-buildpackage died)

+------------------------------------------------------------------------------+
| Summary                                                                      |
+------------------------------------------------------------------------------+

Build Architecture: amd64
Build Type: binary
Build-Space: 756
Build-Time: 2
Distribution: unstable
Fail-Stage: build
Host Architecture: amd64
Install-Time: 25
Job: libsass-python_0.20.1-1
Machine Architecture: amd64
Package: libsass-python
Package-Time: 44
Source-Version: 0.20.1-1
Space: 756
Status: attempted
Version: 0.20.1-1
--------------------------------------------------------------------------------
Finished at 2020-10-29T20:06:38Z
Build needed 00:00:44, 756k disk space
E: Build failure (dpkg-buildpackage died)
DC-Status: Failed 45.42475385s
