DC-Build-Header: mmseqs2 12-113e3+ds-1 / 2020-10-29 18:43:01 +0000
DC-Task: type:rebuild-binarch-only source:mmseqs2 version:12-113e3+ds-1 chroot:unstable esttime:907 logfile:/tmp/mmseqs2_12-113e3+ds-1_unstable_clang11.log modes:clang11:binarch-only
DC-Sbuild-call: su user42 -c 'sbuild -n --arch-any --apt-update -d unstable -v --no-run-lintian --chroot-setup-commands=/tmp/clang11 mmseqs2_12-113e3+ds-1'
sbuild (Debian sbuild) 0.78.1 (09 February 2019) on ip-172-31-13-97.eu-central-1.compute.internal

+==============================================================================+
| mmseqs2 12-113e3+ds-1 (amd64)                Thu, 29 Oct 2020 18:43:01 +0000 |
+==============================================================================+

Package: mmseqs2
Version: 12-113e3+ds-1
Source Version: 12-113e3+ds-1
Distribution: unstable
Machine Architecture: amd64
Host Architecture: amd64
Build Architecture: amd64
Build Type: binary

I: NOTICE: Log filtering will replace 'var/run/schroot/mount/sid-amd64-sbuild-e788e4ed-1c3d-498a-8b65-eb70c85a7151' with '<<CHROOT>>'

+------------------------------------------------------------------------------+
| Chroot Setup Commands                                                        |
+------------------------------------------------------------------------------+


/tmp/clang11
------------

+ echo 'Entering customization script...'
Entering customization script...
+ CLANG_VERSION=10
+ echo 'Install of clang-10'
Install of clang-10
+ apt-get update
Get:1 http://127.0.0.1:12990/debian sid InRelease [146 kB]
Get:2 http://127.0.0.1:12990/debian sid/main Sources.diff/Index [734 B]
Ign:2 http://127.0.0.1:12990/debian sid/main Sources.diff/Index
Get:3 http://127.0.0.1:12990/debian sid/main amd64 Packages.diff/Index [734 B]
Ign:3 http://127.0.0.1:12990/debian sid/main amd64 Packages.diff/Index
Get:4 http://127.0.0.1:12990/debian sid/main Translation-en [6391 kB]
Get:5 http://127.0.0.1:12990/debian sid/main Sources [8989 kB]
Get:6 http://127.0.0.1:12990/debian sid/main amd64 Packages [8492 kB]
Fetched 24.0 MB in 4s (6852 kB/s)
Reading package lists...
+ apt-get install --yes --no-install-recommends --force-yes clang-10 libomp-10-dev libobjc-9-dev
Reading package lists...
Building dependency tree...
The following additional packages will be installed:
  lib32gcc-s1 lib32stdc++6 libasan5 libbsd0 libc6-i386 libclang-common-10-dev
  libclang-cpp10 libclang1-10 libedit2 libgc1 libgcc-9-dev libllvm10
  libobjc-10-dev libobjc4 libomp5-10 libz3-4
Suggested packages:
  clang-10-doc libomp-10-doc
Recommended packages:
  llvm-10-dev python3
The following NEW packages will be installed:
  clang-10 lib32gcc-s1 lib32stdc++6 libasan5 libbsd0 libc6-i386
  libclang-common-10-dev libclang-cpp10 libclang1-10 libedit2 libgc1
  libgcc-9-dev libllvm10 libobjc-10-dev libobjc-9-dev libobjc4 libomp-10-dev
  libomp5-10 libz3-4
0 upgraded, 19 newly installed, 0 to remove and 1 not upgraded.
Need to get 52.3 MB of archives.
After this operation, 274 MB of additional disk space will be used.
Get:1 http://127.0.0.1:12990/debian sid/main amd64 libbsd0 amd64 0.10.0-1 [107 kB]
Get:2 http://127.0.0.1:12990/debian sid/main amd64 libedit2 amd64 3.1-20191231-1 [95.4 kB]
Get:3 http://127.0.0.1:12990/debian sid/main amd64 libz3-4 amd64 4.8.9-1 [6783 kB]
Get:4 http://127.0.0.1:12990/debian sid/main amd64 libllvm10 amd64 1:10.0.1-7 [16.6 MB]
Get:5 http://127.0.0.1:12990/debian sid/main amd64 libclang-cpp10 amd64 1:10.0.1-7 [9069 kB]
Get:6 http://127.0.0.1:12990/debian sid/main amd64 libgc1 amd64 1:8.0.4-2.1 [239 kB]
Get:7 http://127.0.0.1:12990/debian sid/main amd64 libobjc4 amd64 10.2.0-15 [41.6 kB]
Get:8 http://127.0.0.1:12990/debian sid/main amd64 libobjc-10-dev amd64 10.2.0-15 [170 kB]
Get:9 http://127.0.0.1:12990/debian sid/main amd64 libc6-i386 amd64 2.31-4 [2815 kB]
Get:10 http://127.0.0.1:12990/debian sid/main amd64 lib32gcc-s1 amd64 10.2.0-15 [49.4 kB]
Get:11 http://127.0.0.1:12990/debian sid/main amd64 lib32stdc++6 amd64 10.2.0-15 [511 kB]
Get:12 http://127.0.0.1:12990/debian sid/main amd64 libclang-common-10-dev amd64 1:10.0.1-7 [5062 kB]
Get:13 http://127.0.0.1:12990/debian sid/main amd64 libclang1-10 amd64 1:10.0.1-7 [7293 kB]
Get:14 http://127.0.0.1:12990/debian sid/main amd64 clang-10 amd64 1:10.0.1-7 [106 kB]
Get:15 http://127.0.0.1:12990/debian sid/main amd64 libasan5 amd64 9.3.0-18 [390 kB]
Get:16 http://127.0.0.1:12990/debian sid/main amd64 libgcc-9-dev amd64 9.3.0-18 [2347 kB]
Get:17 http://127.0.0.1:12990/debian sid/main amd64 libobjc-9-dev amd64 9.3.0-18 [220 kB]
Get:18 http://127.0.0.1:12990/debian sid/main amd64 libomp5-10 amd64 1:10.0.1-7 [339 kB]
Get:19 http://127.0.0.1:12990/debian sid/main amd64 libomp-10-dev amd64 1:10.0.1-7 [86.6 kB]
debconf: delaying package configuration, since apt-utils is not installed
Fetched 52.3 MB in 0s (139 MB/s)
Selecting previously unselected package libbsd0:amd64.
(Reading database ... (Reading database ... 5%(Reading database ... 10%(Reading database ... 15%(Reading database ... 20%(Reading database ... 25%(Reading database ... 30%(Reading database ... 35%(Reading database ... 40%(Reading database ... 45%(Reading database ... 50%(Reading database ... 55%(Reading database ... 60%(Reading database ... 65%(Reading database ... 70%(Reading database ... 75%(Reading database ... 80%(Reading database ... 85%(Reading database ... 90%(Reading database ... 95%(Reading database ... 100%(Reading database ... 12312 files and directories currently installed.)
Preparing to unpack .../00-libbsd0_0.10.0-1_amd64.deb ...
Unpacking libbsd0:amd64 (0.10.0-1) ...
Selecting previously unselected package libedit2:amd64.
Preparing to unpack .../01-libedit2_3.1-20191231-1_amd64.deb ...
Unpacking libedit2:amd64 (3.1-20191231-1) ...
Selecting previously unselected package libz3-4:amd64.
Preparing to unpack .../02-libz3-4_4.8.9-1_amd64.deb ...
Unpacking libz3-4:amd64 (4.8.9-1) ...
Selecting previously unselected package libllvm10:amd64.
Preparing to unpack .../03-libllvm10_1%3a10.0.1-7_amd64.deb ...
Unpacking libllvm10:amd64 (1:10.0.1-7) ...
Selecting previously unselected package libclang-cpp10.
Preparing to unpack .../04-libclang-cpp10_1%3a10.0.1-7_amd64.deb ...
Unpacking libclang-cpp10 (1:10.0.1-7) ...
Selecting previously unselected package libgc1:amd64.
Preparing to unpack .../05-libgc1_1%3a8.0.4-2.1_amd64.deb ...
Unpacking libgc1:amd64 (1:8.0.4-2.1) ...
Selecting previously unselected package libobjc4:amd64.
Preparing to unpack .../06-libobjc4_10.2.0-15_amd64.deb ...
Unpacking libobjc4:amd64 (10.2.0-15) ...
Selecting previously unselected package libobjc-10-dev:amd64.
Preparing to unpack .../07-libobjc-10-dev_10.2.0-15_amd64.deb ...
Unpacking libobjc-10-dev:amd64 (10.2.0-15) ...
Selecting previously unselected package libc6-i386.
Preparing to unpack .../08-libc6-i386_2.31-4_amd64.deb ...
Unpacking libc6-i386 (2.31-4) ...
Selecting previously unselected package lib32gcc-s1.
Preparing to unpack .../09-lib32gcc-s1_10.2.0-15_amd64.deb ...
Unpacking lib32gcc-s1 (10.2.0-15) ...
Selecting previously unselected package lib32stdc++6.
Preparing to unpack .../10-lib32stdc++6_10.2.0-15_amd64.deb ...
Unpacking lib32stdc++6 (10.2.0-15) ...
Selecting previously unselected package libclang-common-10-dev.
Preparing to unpack .../11-libclang-common-10-dev_1%3a10.0.1-7_amd64.deb ...
Unpacking libclang-common-10-dev (1:10.0.1-7) ...
Selecting previously unselected package libclang1-10.
Preparing to unpack .../12-libclang1-10_1%3a10.0.1-7_amd64.deb ...
Unpacking libclang1-10 (1:10.0.1-7) ...
Selecting previously unselected package clang-10.
Preparing to unpack .../13-clang-10_1%3a10.0.1-7_amd64.deb ...
Unpacking clang-10 (1:10.0.1-7) ...
Selecting previously unselected package libasan5:amd64.
Preparing to unpack .../14-libasan5_9.3.0-18_amd64.deb ...
Unpacking libasan5:amd64 (9.3.0-18) ...
Selecting previously unselected package libgcc-9-dev:amd64.
Preparing to unpack .../15-libgcc-9-dev_9.3.0-18_amd64.deb ...
Unpacking libgcc-9-dev:amd64 (9.3.0-18) ...
Selecting previously unselected package libobjc-9-dev:amd64.
Preparing to unpack .../16-libobjc-9-dev_9.3.0-18_amd64.deb ...
Unpacking libobjc-9-dev:amd64 (9.3.0-18) ...
Selecting previously unselected package libomp5-10:amd64.
Preparing to unpack .../17-libomp5-10_1%3a10.0.1-7_amd64.deb ...
Unpacking libomp5-10:amd64 (1:10.0.1-7) ...
Selecting previously unselected package libomp-10-dev.
Preparing to unpack .../18-libomp-10-dev_1%3a10.0.1-7_amd64.deb ...
Unpacking libomp-10-dev (1:10.0.1-7) ...
Setting up libasan5:amd64 (9.3.0-18) ...
Setting up libz3-4:amd64 (4.8.9-1) ...
Setting up libgc1:amd64 (1:8.0.4-2.1) ...
Setting up libomp5-10:amd64 (1:10.0.1-7) ...
Setting up libc6-i386 (2.31-4) ...
Setting up libbsd0:amd64 (0.10.0-1) ...
Setting up libomp-10-dev (1:10.0.1-7) ...
Setting up libedit2:amd64 (3.1-20191231-1) ...
Setting up libobjc4:amd64 (10.2.0-15) ...
Setting up libllvm10:amd64 (1:10.0.1-7) ...
Setting up libgcc-9-dev:amd64 (9.3.0-18) ...
Setting up lib32gcc-s1 (10.2.0-15) ...
Setting up lib32stdc++6 (10.2.0-15) ...
Setting up libclang1-10 (1:10.0.1-7) ...
Setting up libobjc-9-dev:amd64 (9.3.0-18) ...
Setting up libobjc-10-dev:amd64 (10.2.0-15) ...
Setting up libclang-common-10-dev (1:10.0.1-7) ...
Setting up libclang-cpp10 (1:10.0.1-7) ...
Setting up clang-10 (1:10.0.1-7) ...
Processing triggers for libc-bin (2.31-4) ...
W: --force-yes is deprecated, use one of the options starting with --allow instead.
+ echo 'Replace gcc, g++ & cpp by clang'
Replace gcc, g++ & cpp by clang
+ VERSIONS='4.6 4.7 4.8 4.9 5 6 7 8 9 10'
+ cd /usr/bin
+ for VERSION in $VERSIONS
+ rm -f g++-4.6 gcc-4.6 cpp-4.6 gcc
+ ln -s clang++-10 g++-4.6
+ ln -s clang-10 gcc-4.6
+ ln -s clang-10 cpp-4.6
+ ln -s clang-10 gcc
+ echo 'gcc-4.6 hold'
+ dpkg --set-selections
dpkg: warning: package not in status nor available database at line 1: gcc-4.6
dpkg: warning: found unknown packages; this might mean the available database
is outdated, and needs to be updated through a frontend method;
please see the FAQ <https://wiki.debian.org/Teams/Dpkg/FAQ>
+ echo 'g++-4.6 hold'
+ dpkg --set-selections
dpkg: warning: package not in status nor available database at line 1: g++-4.6
dpkg: warning: found unknown packages; this might mean the available database
is outdated, and needs to be updated through a frontend method;
please see the FAQ <https://wiki.debian.org/Teams/Dpkg/FAQ>
+ for VERSION in $VERSIONS
+ rm -f g++-4.7 gcc-4.7 cpp-4.7 gcc
+ ln -s clang++-10 g++-4.7
+ ln -s clang-10 gcc-4.7
+ ln -s clang-10 cpp-4.7
+ ln -s clang-10 gcc
+ echo 'gcc-4.7 hold'
+ dpkg --set-selections
dpkg: warning: package not in status nor available database at line 1: gcc-4.7
dpkg: warning: found unknown packages; this might mean the available database
is outdated, and needs to be updated through a frontend method;
please see the FAQ <https://wiki.debian.org/Teams/Dpkg/FAQ>
+ echo 'g++-4.7 hold'
+ dpkg --set-selections
dpkg: warning: package not in status nor available database at line 1: g++-4.7
dpkg: warning: found unknown packages; this might mean the available database
is outdated, and needs to be updated through a frontend method;
please see the FAQ <https://wiki.debian.org/Teams/Dpkg/FAQ>
+ for VERSION in $VERSIONS
+ rm -f g++-4.8 gcc-4.8 cpp-4.8 gcc
+ ln -s clang++-10 g++-4.8
+ ln -s clang-10 gcc-4.8
+ ln -s clang-10 cpp-4.8
+ ln -s clang-10 gcc
+ echo 'gcc-4.8 hold'
+ dpkg --set-selections
dpkg: warning: package not in status nor available database at line 1: gcc-4.8
dpkg: warning: found unknown packages; this might mean the available database
is outdated, and needs to be updated through a frontend method;
please see the FAQ <https://wiki.debian.org/Teams/Dpkg/FAQ>
+ echo 'g++-4.8 hold'
+ dpkg --set-selections
dpkg: warning: package not in status nor available database at line 1: g++-4.8
dpkg: warning: found unknown packages; this might mean the available database
is outdated, and needs to be updated through a frontend method;
please see the FAQ <https://wiki.debian.org/Teams/Dpkg/FAQ>
+ for VERSION in $VERSIONS
+ rm -f g++-4.9 gcc-4.9 cpp-4.9 gcc
+ ln -s clang++-10 g++-4.9
+ ln -s clang-10 gcc-4.9
+ ln -s clang-10 cpp-4.9
+ ln -s clang-10 gcc
+ echo 'gcc-4.9 hold'
+ dpkg --set-selections
dpkg: warning: package not in status nor available database at line 1: gcc-4.9
dpkg: warning: found unknown packages; this might mean the available database
is outdated, and needs to be updated through a frontend method;
please see the FAQ <https://wiki.debian.org/Teams/Dpkg/FAQ>
+ echo 'g++-4.9 hold'
+ dpkg --set-selections
dpkg: warning: package not in status nor available database at line 1: g++-4.9
dpkg: warning: found unknown packages; this might mean the available database
is outdated, and needs to be updated through a frontend method;
please see the FAQ <https://wiki.debian.org/Teams/Dpkg/FAQ>
+ for VERSION in $VERSIONS
+ rm -f g++-5 gcc-5 cpp-5 gcc
+ ln -s clang++-10 g++-5
+ ln -s clang-10 gcc-5
+ ln -s clang-10 cpp-5
+ ln -s clang-10 gcc
+ echo 'gcc-5 hold'
+ dpkg --set-selections
dpkg: warning: package not in status nor available database at line 1: gcc-5
dpkg: warning: found unknown packages; this might mean the available database
is outdated, and needs to be updated through a frontend method;
please see the FAQ <https://wiki.debian.org/Teams/Dpkg/FAQ>
+ echo 'g++-5 hold'
+ dpkg --set-selections
dpkg: warning: package not in status nor available database at line 1: g++-5
dpkg: warning: found unknown packages; this might mean the available database
is outdated, and needs to be updated through a frontend method;
please see the FAQ <https://wiki.debian.org/Teams/Dpkg/FAQ>
+ for VERSION in $VERSIONS
+ rm -f g++-6 gcc-6 cpp-6 gcc
+ ln -s clang++-10 g++-6
+ ln -s clang-10 gcc-6
+ ln -s clang-10 cpp-6
+ ln -s clang-10 gcc
+ echo 'gcc-6 hold'
+ dpkg --set-selections
dpkg: warning: package not in status nor available database at line 1: gcc-6
dpkg: warning: found unknown packages; this might mean the available database
is outdated, and needs to be updated through a frontend method;
please see the FAQ <https://wiki.debian.org/Teams/Dpkg/FAQ>
+ echo 'g++-6 hold'
+ dpkg --set-selections
dpkg: warning: package not in status nor available database at line 1: g++-6
dpkg: warning: found unknown packages; this might mean the available database
is outdated, and needs to be updated through a frontend method;
please see the FAQ <https://wiki.debian.org/Teams/Dpkg/FAQ>
+ for VERSION in $VERSIONS
+ rm -f g++-7 gcc-7 cpp-7 gcc
+ ln -s clang++-10 g++-7
+ ln -s clang-10 gcc-7
+ ln -s clang-10 cpp-7
+ ln -s clang-10 gcc
+ echo 'gcc-7 hold'
+ dpkg --set-selections
dpkg: warning: package not in status nor available database at line 1: gcc-7
dpkg: warning: found unknown packages; this might mean the available database
is outdated, and needs to be updated through a frontend method;
please see the FAQ <https://wiki.debian.org/Teams/Dpkg/FAQ>
+ echo 'g++-7 hold'
+ dpkg --set-selections
dpkg: warning: package not in status nor available database at line 1: g++-7
dpkg: warning: found unknown packages; this might mean the available database
is outdated, and needs to be updated through a frontend method;
please see the FAQ <https://wiki.debian.org/Teams/Dpkg/FAQ>
+ for VERSION in $VERSIONS
+ rm -f g++-8 gcc-8 cpp-8 gcc
+ ln -s clang++-10 g++-8
+ ln -s clang-10 gcc-8
+ ln -s clang-10 cpp-8
+ ln -s clang-10 gcc
+ echo 'gcc-8 hold'
+ dpkg --set-selections
dpkg: warning: package not in status nor available database at line 1: gcc-8
dpkg: warning: found unknown packages; this might mean the available database
is outdated, and needs to be updated through a frontend method;
please see the FAQ <https://wiki.debian.org/Teams/Dpkg/FAQ>
+ echo 'g++-8 hold'
+ dpkg --set-selections
dpkg: warning: package not in status nor available database at line 1: g++-8
dpkg: warning: found unknown packages; this might mean the available database
is outdated, and needs to be updated through a frontend method;
please see the FAQ <https://wiki.debian.org/Teams/Dpkg/FAQ>
+ for VERSION in $VERSIONS
+ rm -f g++-9 gcc-9 cpp-9 gcc
+ ln -s clang++-10 g++-9
+ ln -s clang-10 gcc-9
+ ln -s clang-10 cpp-9
+ ln -s clang-10 gcc
+ echo 'gcc-9 hold'
+ dpkg --set-selections
dpkg: warning: package not in status nor available database at line 1: gcc-9
dpkg: warning: found unknown packages; this might mean the available database
is outdated, and needs to be updated through a frontend method;
please see the FAQ <https://wiki.debian.org/Teams/Dpkg/FAQ>
+ echo 'g++-9 hold'
+ dpkg --set-selections
dpkg: warning: package not in status nor available database at line 1: g++-9
dpkg: warning: found unknown packages; this might mean the available database
is outdated, and needs to be updated through a frontend method;
please see the FAQ <https://wiki.debian.org/Teams/Dpkg/FAQ>
+ for VERSION in $VERSIONS
+ rm -f g++-10 gcc-10 cpp-10 gcc
+ ln -s clang++-10 g++-10
+ ln -s clang-10 gcc-10
+ ln -s clang-10 cpp-10
+ ln -s clang-10 gcc
+ echo 'gcc-10 hold'
+ dpkg --set-selections
+ echo 'g++-10 hold'
+ dpkg --set-selections
+ cd -
/build/mmseqs2-CYI3XQ
+ echo 'Check if gcc, g++ & cpp are actually clang'
Check if gcc, g++ & cpp are actually clang
+ gcc --version
+ grep clang
+ cpp --version
+ grep clang
+ g++ --version
+ grep clang
+ cd /usr/bin/
+ rm -f clang++ clang
+ ln -s clang-10 clang++
+ ln -s clang-10 clang
+ clang++ --version
Debian clang version 10.0.1-7
Target: x86_64-pc-linux-gnu
Thread model: posix
InstalledDir: /usr/bin
+ clang --version
Debian clang version 10.0.1-7
Target: x86_64-pc-linux-gnu
Thread model: posix
InstalledDir: /usr/bin
+ cd -
/build/mmseqs2-CYI3XQ
+ apt install --yes --no-install-recommends --force-yes qt5-qmake

WARNING: apt does not have a stable CLI interface. Use with caution in scripts.

Reading package lists...
Building dependency tree...
Reading state information...
The following additional packages will be installed:
  qt5-qmake-bin qtchooser
The following NEW packages will be installed:
  qt5-qmake qt5-qmake-bin qtchooser
0 upgraded, 3 newly installed, 0 to remove and 1 not upgraded.
Need to get 1304 kB of archives.
After this operation, 4865 kB of additional disk space will be used.
Get:1 http://127.0.0.1:12990/debian sid/main amd64 qt5-qmake-bin amd64 5.14.2+dfsg-6 [1035 kB]
Get:2 http://127.0.0.1:12990/debian sid/main amd64 qtchooser amd64 66-2 [26.3 kB]
Get:3 http://127.0.0.1:12990/debian sid/main amd64 qt5-qmake amd64 5.14.2+dfsg-6 [242 kB]
debconf: delaying package configuration, since apt-utils is not installed
Fetched 1304 kB in 0s (55.8 MB/s)
Selecting previously unselected package qt5-qmake-bin.
(Reading database ... (Reading database ... 5%(Reading database ... 10%(Reading database ... 15%(Reading database ... 20%(Reading database ... 25%(Reading database ... 30%(Reading database ... 35%(Reading database ... 40%(Reading database ... 45%(Reading database ... 50%(Reading database ... 55%(Reading database ... 60%(Reading database ... 65%(Reading database ... 70%(Reading database ... 75%(Reading database ... 80%(Reading database ... 85%(Reading database ... 90%(Reading database ... 95%(Reading database ... 100%(Reading database ... 13315 files and directories currently installed.)
Preparing to unpack .../qt5-qmake-bin_5.14.2+dfsg-6_amd64.deb ...
Unpacking qt5-qmake-bin (5.14.2+dfsg-6) ...
Selecting previously unselected package qtchooser.
Preparing to unpack .../qtchooser_66-2_amd64.deb ...
Unpacking qtchooser (66-2) ...
Selecting previously unselected package qt5-qmake:amd64.
Preparing to unpack .../qt5-qmake_5.14.2+dfsg-6_amd64.deb ...
Unpacking qt5-qmake:amd64 (5.14.2+dfsg-6) ...
Setting up qt5-qmake-bin (5.14.2+dfsg-6) ...
Setting up qtchooser (66-2) ...
Setting up qt5-qmake:amd64 (5.14.2+dfsg-6) ...
W: --force-yes is deprecated, use one of the options starting with --allow instead.
+ cp /usr/lib/x86_64-linux-gnu/qt5/mkspecs/linux-clang/qmake.conf /usr/lib/x86_64-linux-gnu/qt5/mkspecs/linux-clang/qplatformdefs.h /usr/lib/x86_64-linux-gnu/qt5/mkspecs/linux-g++/
+ ls -al /usr/lib/x86_64-linux-gnu/qt5/mkspecs/linux-g++/
total 16
drwxr-xr-x  2 root root 4096 Oct 29 18:43 .
drwxr-xr-x 76 root root 4096 Oct 29 18:43 ..
-rw-r--r--  1 root root  276 Oct 29 18:43 qmake.conf
-rw-r--r--  1 root root 3218 Oct 29 18:43 qplatformdefs.h
+ cat /usr/lib/x86_64-linux-gnu/qt5/mkspecs/linux-g++/qmake.conf
#
# qmake configuration for linux-clang
#

MAKEFILE_GENERATOR = UNIX
CONFIG += incremental

QMAKE_INCREMENTAL_STYLE = sublib

include(../common/linux.conf)
include(../common/gcc-base-unix.conf)
include(../common/clang.conf)

QMAKE_LFLAGS += -ccc-gcc-name g++

load(qt_config)
+ export QMAKESPEC=/usr/lib/x86_64-linux-gnu/qt5/mkspecs/linux-clang/
+ QMAKESPEC=/usr/lib/x86_64-linux-gnu/qt5/mkspecs/linux-clang/
+ sed -i -e 's|compare_problem(2,|compare_problem(0,|g' /usr/bin/dpkg-gensymbols
+ sed -i -e 's|compare_problem(1,|compare_problem(0,|g' /usr/bin/dpkg-gensymbols
+ grep 'compare_problem(' /usr/bin/dpkg-gensymbols
        compare_problem(4, g_('new libraries appeared in the symbols file: %s'), "@libs");
        compare_problem(3, g_('some libraries disappeared in the symbols file: %s'), "@libs");
        compare_problem(0, g_('some new symbols appeared in the symbols file: %s'),
        compare_problem(0, g_('some symbols or patterns disappeared in the symbols file: %s'),

I: Finished running '/tmp/clang11'.

Finished processing commands.
--------------------------------------------------------------------------------
I: NOTICE: Log filtering will replace 'build/mmseqs2-CYI3XQ/resolver-wel2rY' with '<<RESOLVERDIR>>'

+------------------------------------------------------------------------------+
| Update chroot                                                                |
+------------------------------------------------------------------------------+

Hit:1 http://127.0.0.1:12990/debian sid InRelease
Reading package lists...
Reading package lists...
Building dependency tree...
Reading state information...
Calculating upgrade...
The following packages will be upgraded:
  libdebconfclient0
1 upgraded, 0 newly installed, 0 to remove and 0 not upgraded.
Need to get 49.6 kB of archives.
After this operation, 0 B of additional disk space will be used.
Get:1 http://127.0.0.1:12990/debian sid/main amd64 libdebconfclient0 amd64 0.255 [49.6 kB]
debconf: delaying package configuration, since apt-utils is not installed
Fetched 49.6 kB in 0s (3384 kB/s)
(Reading database ... (Reading database ... 5%(Reading database ... 10%(Reading database ... 15%(Reading database ... 20%(Reading database ... 25%(Reading database ... 30%(Reading database ... 35%(Reading database ... 40%(Reading database ... 45%(Reading database ... 50%(Reading database ... 55%(Reading database ... 60%(Reading database ... 65%(Reading database ... 70%(Reading database ... 75%(Reading database ... 80%(Reading database ... 85%(Reading database ... 90%(Reading database ... 95%(Reading database ... 100%(Reading database ... 14056 files and directories currently installed.)
Preparing to unpack .../libdebconfclient0_0.255_amd64.deb ...
Unpacking libdebconfclient0:amd64 (0.255) over (0.254) ...
Setting up libdebconfclient0:amd64 (0.255) ...
Processing triggers for libc-bin (2.31-4) ...

+------------------------------------------------------------------------------+
| Fetch source files                                                           |
+------------------------------------------------------------------------------+


Check APT
---------

Checking available source versions...

Download source files with APT
------------------------------

Reading package lists...
NOTICE: 'mmseqs2' packaging is maintained in the 'Git' version control system at:
https://salsa.debian.org/med-team/mmseqs2.git
Please use:
git clone https://salsa.debian.org/med-team/mmseqs2.git
to retrieve the latest (possibly unreleased) updates to the package.
Need to get 11.1 MB of source archives.
Get:1 http://127.0.0.1:12990/debian sid/main mmseqs2 12-113e3+ds-1 (dsc) [2160 B]
Get:2 http://127.0.0.1:12990/debian sid/main mmseqs2 12-113e3+ds-1 (tar) [4504 kB]
Get:3 http://127.0.0.1:12990/debian sid/main mmseqs2 12-113e3+ds-1 (diff) [6552 kB]
Fetched 11.1 MB in 0s (59.3 MB/s)
Download complete and in download only mode
I: NOTICE: Log filtering will replace 'build/mmseqs2-CYI3XQ/mmseqs2-12-113e3+ds' with '<<PKGBUILDDIR>>'
I: NOTICE: Log filtering will replace 'build/mmseqs2-CYI3XQ' with '<<BUILDDIR>>'

+------------------------------------------------------------------------------+
| Install package build dependencies                                           |
+------------------------------------------------------------------------------+


Setup apt archive
-----------------

Merged Build-Depends: debhelper-compat (= 13), build-essential, fakeroot, cmake, libgzstream-dev, libzstd-dev, zlib1g-dev, libbz2-dev, libsimde-dev (>= 0.6.0-2)
Filtered Build-Depends: debhelper-compat (= 13), build-essential, fakeroot, cmake, libgzstream-dev, libzstd-dev, zlib1g-dev, libbz2-dev, libsimde-dev (>= 0.6.0-2)
dpkg-deb: building package 'sbuild-build-depends-main-dummy' in '/<<RESOLVERDIR>>/apt_archive/sbuild-build-depends-main-dummy.deb'.
Ign:1 copy:/<<RESOLVERDIR>>/apt_archive ./ InRelease
Get:2 copy:/<<RESOLVERDIR>>/apt_archive ./ Release [957 B]
Ign:3 copy:/<<RESOLVERDIR>>/apt_archive ./ Release.gpg
Get:4 copy:/<<RESOLVERDIR>>/apt_archive ./ Sources [423 B]
Get:5 copy:/<<RESOLVERDIR>>/apt_archive ./ Packages [499 B]
Fetched 1879 B in 0s (180 kB/s)
Reading package lists...
Reading package lists...

Install main build dependencies (apt-based resolver)
----------------------------------------------------

Installing build dependencies
Reading package lists...
Building dependency tree...
Reading state information...
The following additional packages will be installed:
  autoconf automake autopoint autotools-dev bsdextrautils cmake cmake-data
  debhelper dh-autoreconf dh-strip-nondeterminism dwz file gettext
  gettext-base groff-base intltool-debian libarchive-zip-perl libarchive13
  libbrotli1 libbz2-dev libcroco3 libcurl4 libdebhelper-perl libelf1 libexpat1
  libfile-stripnondeterminism-perl libglib2.0-0 libgzstream-dev libgzstream0
  libicu67 libjsoncpp1 libldap-2.4-2 libmagic-mgc libmagic1 libncurses6
  libncursesw6 libnghttp2-14 libpipeline1 libprocps8 libpsl5 librhash0
  librtmp1 libsasl2-2 libsasl2-modules-db libsigsegv2 libsimde-dev libssh2-1
  libsub-override-perl libtool libuchardet0 libuv1 libxml2 libzstd-dev m4
  man-db po-debconf procps sensible-utils zlib1g-dev
Suggested packages:
  autoconf-archive gnu-standards autoconf-doc cmake-doc ninja-build dh-make
  gettext-doc libasprintf-dev libgettextpo-dev groff lrzip libtool-doc
  gfortran | fortran95-compiler gcj-jdk m4-doc apparmor less www-browser
  libmail-box-perl
Recommended packages:
  curl | wget | lynx bzip2-doc ca-certificates libarchive-cpio-perl
  libglib2.0-data shared-mime-info xdg-user-dirs libldap-common libgpm2
  publicsuffix libsasl2-modules libltdl-dev libmail-sendmail-perl psmisc
The following NEW packages will be installed:
  autoconf automake autopoint autotools-dev bsdextrautils cmake cmake-data
  debhelper dh-autoreconf dh-strip-nondeterminism dwz file gettext
  gettext-base groff-base intltool-debian libarchive-zip-perl libarchive13
  libbrotli1 libbz2-dev libcroco3 libcurl4 libdebhelper-perl libelf1 libexpat1
  libfile-stripnondeterminism-perl libglib2.0-0 libgzstream-dev libgzstream0
  libicu67 libjsoncpp1 libldap-2.4-2 libmagic-mgc libmagic1 libncurses6
  libncursesw6 libnghttp2-14 libpipeline1 libprocps8 libpsl5 librhash0
  librtmp1 libsasl2-2 libsasl2-modules-db libsigsegv2 libsimde-dev libssh2-1
  libsub-override-perl libtool libuchardet0 libuv1 libxml2 libzstd-dev m4
  man-db po-debconf procps sbuild-build-depends-main-dummy sensible-utils
  zlib1g-dev
0 upgraded, 60 newly installed, 0 to remove and 0 not upgraded.
Need to get 30.4 MB of archives.
After this operation, 117 MB of additional disk space will be used.
Get:1 copy:/<<RESOLVERDIR>>/apt_archive ./ sbuild-build-depends-main-dummy 0.invalid.0 [924 B]
Get:2 http://127.0.0.1:12990/debian sid/main amd64 bsdextrautils amd64 2.36-3+b1 [140 kB]
Get:3 http://127.0.0.1:12990/debian sid/main amd64 libuchardet0 amd64 0.0.7-1 [67.8 kB]
Get:4 http://127.0.0.1:12990/debian sid/main amd64 groff-base amd64 1.22.4-5 [920 kB]
Get:5 http://127.0.0.1:12990/debian sid/main amd64 libpipeline1 amd64 1.5.3-1 [34.3 kB]
Get:6 http://127.0.0.1:12990/debian sid/main amd64 man-db amd64 2.9.3-2 [1314 kB]
Get:7 http://127.0.0.1:12990/debian sid/main amd64 libncurses6 amd64 6.2+20200918-1 [102 kB]
Get:8 http://127.0.0.1:12990/debian sid/main amd64 libncursesw6 amd64 6.2+20200918-1 [132 kB]
Get:9 http://127.0.0.1:12990/debian sid/main amd64 libprocps8 amd64 2:3.3.16-5 [62.7 kB]
Get:10 http://127.0.0.1:12990/debian sid/main amd64 procps amd64 2:3.3.16-5 [262 kB]
Get:11 http://127.0.0.1:12990/debian sid/main amd64 sensible-utils all 0.0.12+nmu1 [16.0 kB]
Get:12 http://127.0.0.1:12990/debian sid/main amd64 libmagic-mgc amd64 1:5.38-5 [262 kB]
Get:13 http://127.0.0.1:12990/debian sid/main amd64 libmagic1 amd64 1:5.38-5 [120 kB]
Get:14 http://127.0.0.1:12990/debian sid/main amd64 file amd64 1:5.38-5 [67.9 kB]
Get:15 http://127.0.0.1:12990/debian sid/main amd64 gettext-base amd64 0.19.8.1-10 [123 kB]
Get:16 http://127.0.0.1:12990/debian sid/main amd64 libsigsegv2 amd64 2.12-2 [32.8 kB]
Get:17 http://127.0.0.1:12990/debian sid/main amd64 m4 amd64 1.4.18-4 [203 kB]
Get:18 http://127.0.0.1:12990/debian sid/main amd64 autoconf all 2.69-11.1 [341 kB]
Get:19 http://127.0.0.1:12990/debian sid/main amd64 autotools-dev all 20180224.1 [77.0 kB]
Get:20 http://127.0.0.1:12990/debian sid/main amd64 automake all 1:1.16.2-4 [801 kB]
Get:21 http://127.0.0.1:12990/debian sid/main amd64 autopoint all 0.19.8.1-10 [435 kB]
Get:22 http://127.0.0.1:12990/debian sid/main amd64 cmake-data all 3.18.4-1 [1725 kB]
Get:23 http://127.0.0.1:12990/debian sid/main amd64 libicu67 amd64 67.1-4 [8624 kB]
Get:24 http://127.0.0.1:12990/debian sid/main amd64 libxml2 amd64 2.9.10+dfsg-6.1 [692 kB]
Get:25 http://127.0.0.1:12990/debian sid/main amd64 libarchive13 amd64 3.4.3-2 [342 kB]
Get:26 http://127.0.0.1:12990/debian sid/main amd64 libbrotli1 amd64 1.0.9-2+b1 [282 kB]
Get:27 http://127.0.0.1:12990/debian sid/main amd64 libsasl2-modules-db amd64 2.1.27+dfsg-2 [69.0 kB]
Get:28 http://127.0.0.1:12990/debian sid/main amd64 libsasl2-2 amd64 2.1.27+dfsg-2 [106 kB]
Get:29 http://127.0.0.1:12990/debian sid/main amd64 libldap-2.4-2 amd64 2.4.54+dfsg-1 [231 kB]
Get:30 http://127.0.0.1:12990/debian sid/main amd64 libnghttp2-14 amd64 1.41.0-3 [74.0 kB]
Get:31 http://127.0.0.1:12990/debian sid/main amd64 libpsl5 amd64 0.21.0-1.1 [55.3 kB]
Get:32 http://127.0.0.1:12990/debian sid/main amd64 librtmp1 amd64 2.4+20151223.gitfa8646d.1-2+b2 [60.8 kB]
Get:33 http://127.0.0.1:12990/debian sid/main amd64 libssh2-1 amd64 1.8.0-2.1 [140 kB]
Get:34 http://127.0.0.1:12990/debian sid/main amd64 libcurl4 amd64 7.72.0-1 [336 kB]
Get:35 http://127.0.0.1:12990/debian sid/main amd64 libexpat1 amd64 2.2.10-1 [96.9 kB]
Get:36 http://127.0.0.1:12990/debian sid/main amd64 libjsoncpp1 amd64 1.7.4-3.1 [77.6 kB]
Get:37 http://127.0.0.1:12990/debian sid/main amd64 librhash0 amd64 1.4.0-1 [124 kB]
Get:38 http://127.0.0.1:12990/debian sid/main amd64 libuv1 amd64 1.39.0-1 [131 kB]
Get:39 http://127.0.0.1:12990/debian sid/main amd64 cmake amd64 3.18.4-1 [5599 kB]
Get:40 http://127.0.0.1:12990/debian sid/main amd64 libtool all 2.4.6-14 [513 kB]
Get:41 http://127.0.0.1:12990/debian sid/main amd64 dh-autoreconf all 19 [16.9 kB]
Get:42 http://127.0.0.1:12990/debian sid/main amd64 libdebhelper-perl all 13.2.1 [188 kB]
Get:43 http://127.0.0.1:12990/debian sid/main amd64 libarchive-zip-perl all 1.68-1 [104 kB]
Get:44 http://127.0.0.1:12990/debian sid/main amd64 libsub-override-perl all 0.09-2 [10.2 kB]
Get:45 http://127.0.0.1:12990/debian sid/main amd64 libfile-stripnondeterminism-perl all 1.9.0-1 [25.5 kB]
Get:46 http://127.0.0.1:12990/debian sid/main amd64 dh-strip-nondeterminism all 1.9.0-1 [15.2 kB]
Get:47 http://127.0.0.1:12990/debian sid/main amd64 libelf1 amd64 0.181-1 [164 kB]
Get:48 http://127.0.0.1:12990/debian sid/main amd64 dwz amd64 0.13-5 [151 kB]
Get:49 http://127.0.0.1:12990/debian sid/main amd64 libglib2.0-0 amd64 2.66.1-2 [1362 kB]
Get:50 http://127.0.0.1:12990/debian sid/main amd64 libcroco3 amd64 0.6.13-1 [146 kB]
Get:51 http://127.0.0.1:12990/debian sid/main amd64 gettext amd64 0.19.8.1-10 [1303 kB]
Get:52 http://127.0.0.1:12990/debian sid/main amd64 intltool-debian all 0.35.0+20060710.5 [26.8 kB]
Get:53 http://127.0.0.1:12990/debian sid/main amd64 po-debconf all 1.0.21 [248 kB]
Get:54 http://127.0.0.1:12990/debian sid/main amd64 debhelper all 13.2.1 [1007 kB]
Get:55 http://127.0.0.1:12990/debian sid/main amd64 libbz2-dev amd64 1.0.8-4 [30.1 kB]
Get:56 http://127.0.0.1:12990/debian sid/main amd64 libgzstream0 amd64 1.5+dfsg-5 [6712 B]
Get:57 http://127.0.0.1:12990/debian sid/main amd64 libgzstream-dev amd64 1.5+dfsg-5 [6876 B]
Get:58 http://127.0.0.1:12990/debian sid/main amd64 libsimde-dev all 0.6.0-3 [213 kB]
Get:59 http://127.0.0.1:12990/debian sid/main amd64 libzstd-dev amd64 1.4.5+dfsg-4 [365 kB]
Get:60 http://127.0.0.1:12990/debian sid/main amd64 zlib1g-dev amd64 1:1.2.11.dfsg-2 [190 kB]
debconf: delaying package configuration, since apt-utils is not installed
Fetched 30.4 MB in 0s (112 MB/s)
Selecting previously unselected package bsdextrautils.
(Reading database ... 14056 files and directories currently installed.)
Preparing to unpack .../00-bsdextrautils_2.36-3+b1_amd64.deb ...
Unpacking bsdextrautils (2.36-3+b1) ...
Selecting previously unselected package libuchardet0:amd64.
Preparing to unpack .../01-libuchardet0_0.0.7-1_amd64.deb ...
Unpacking libuchardet0:amd64 (0.0.7-1) ...
Selecting previously unselected package groff-base.
Preparing to unpack .../02-groff-base_1.22.4-5_amd64.deb ...
Unpacking groff-base (1.22.4-5) ...
Selecting previously unselected package libpipeline1:amd64.
Preparing to unpack .../03-libpipeline1_1.5.3-1_amd64.deb ...
Unpacking libpipeline1:amd64 (1.5.3-1) ...
Selecting previously unselected package man-db.
Preparing to unpack .../04-man-db_2.9.3-2_amd64.deb ...
Unpacking man-db (2.9.3-2) ...
Selecting previously unselected package libncurses6:amd64.
Preparing to unpack .../05-libncurses6_6.2+20200918-1_amd64.deb ...
Unpacking libncurses6:amd64 (6.2+20200918-1) ...
Selecting previously unselected package libncursesw6:amd64.
Preparing to unpack .../06-libncursesw6_6.2+20200918-1_amd64.deb ...
Unpacking libncursesw6:amd64 (6.2+20200918-1) ...
Selecting previously unselected package libprocps8:amd64.
Preparing to unpack .../07-libprocps8_2%3a3.3.16-5_amd64.deb ...
Unpacking libprocps8:amd64 (2:3.3.16-5) ...
Selecting previously unselected package procps.
Preparing to unpack .../08-procps_2%3a3.3.16-5_amd64.deb ...
Unpacking procps (2:3.3.16-5) ...
Selecting previously unselected package sensible-utils.
Preparing to unpack .../09-sensible-utils_0.0.12+nmu1_all.deb ...
Unpacking sensible-utils (0.0.12+nmu1) ...
Selecting previously unselected package libmagic-mgc.
Preparing to unpack .../10-libmagic-mgc_1%3a5.38-5_amd64.deb ...
Unpacking libmagic-mgc (1:5.38-5) ...
Selecting previously unselected package libmagic1:amd64.
Preparing to unpack .../11-libmagic1_1%3a5.38-5_amd64.deb ...
Unpacking libmagic1:amd64 (1:5.38-5) ...
Selecting previously unselected package file.
Preparing to unpack .../12-file_1%3a5.38-5_amd64.deb ...
Unpacking file (1:5.38-5) ...
Selecting previously unselected package gettext-base.
Preparing to unpack .../13-gettext-base_0.19.8.1-10_amd64.deb ...
Unpacking gettext-base (0.19.8.1-10) ...
Selecting previously unselected package libsigsegv2:amd64.
Preparing to unpack .../14-libsigsegv2_2.12-2_amd64.deb ...
Unpacking libsigsegv2:amd64 (2.12-2) ...
Selecting previously unselected package m4.
Preparing to unpack .../15-m4_1.4.18-4_amd64.deb ...
Unpacking m4 (1.4.18-4) ...
Selecting previously unselected package autoconf.
Preparing to unpack .../16-autoconf_2.69-11.1_all.deb ...
Unpacking autoconf (2.69-11.1) ...
Selecting previously unselected package autotools-dev.
Preparing to unpack .../17-autotools-dev_20180224.1_all.deb ...
Unpacking autotools-dev (20180224.1) ...
Selecting previously unselected package automake.
Preparing to unpack .../18-automake_1%3a1.16.2-4_all.deb ...
Unpacking automake (1:1.16.2-4) ...
Selecting previously unselected package autopoint.
Preparing to unpack .../19-autopoint_0.19.8.1-10_all.deb ...
Unpacking autopoint (0.19.8.1-10) ...
Selecting previously unselected package cmake-data.
Preparing to unpack .../20-cmake-data_3.18.4-1_all.deb ...
Unpacking cmake-data (3.18.4-1) ...
Selecting previously unselected package libicu67:amd64.
Preparing to unpack .../21-libicu67_67.1-4_amd64.deb ...
Unpacking libicu67:amd64 (67.1-4) ...
Selecting previously unselected package libxml2:amd64.
Preparing to unpack .../22-libxml2_2.9.10+dfsg-6.1_amd64.deb ...
Unpacking libxml2:amd64 (2.9.10+dfsg-6.1) ...
Selecting previously unselected package libarchive13:amd64.
Preparing to unpack .../23-libarchive13_3.4.3-2_amd64.deb ...
Unpacking libarchive13:amd64 (3.4.3-2) ...
Selecting previously unselected package libbrotli1:amd64.
Preparing to unpack .../24-libbrotli1_1.0.9-2+b1_amd64.deb ...
Unpacking libbrotli1:amd64 (1.0.9-2+b1) ...
Selecting previously unselected package libsasl2-modules-db:amd64.
Preparing to unpack .../25-libsasl2-modules-db_2.1.27+dfsg-2_amd64.deb ...
Unpacking libsasl2-modules-db:amd64 (2.1.27+dfsg-2) ...
Selecting previously unselected package libsasl2-2:amd64.
Preparing to unpack .../26-libsasl2-2_2.1.27+dfsg-2_amd64.deb ...
Unpacking libsasl2-2:amd64 (2.1.27+dfsg-2) ...
Selecting previously unselected package libldap-2.4-2:amd64.
Preparing to unpack .../27-libldap-2.4-2_2.4.54+dfsg-1_amd64.deb ...
Unpacking libldap-2.4-2:amd64 (2.4.54+dfsg-1) ...
Selecting previously unselected package libnghttp2-14:amd64.
Preparing to unpack .../28-libnghttp2-14_1.41.0-3_amd64.deb ...
Unpacking libnghttp2-14:amd64 (1.41.0-3) ...
Selecting previously unselected package libpsl5:amd64.
Preparing to unpack .../29-libpsl5_0.21.0-1.1_amd64.deb ...
Unpacking libpsl5:amd64 (0.21.0-1.1) ...
Selecting previously unselected package librtmp1:amd64.
Preparing to unpack .../30-librtmp1_2.4+20151223.gitfa8646d.1-2+b2_amd64.deb ...
Unpacking librtmp1:amd64 (2.4+20151223.gitfa8646d.1-2+b2) ...
Selecting previously unselected package libssh2-1:amd64.
Preparing to unpack .../31-libssh2-1_1.8.0-2.1_amd64.deb ...
Unpacking libssh2-1:amd64 (1.8.0-2.1) ...
Selecting previously unselected package libcurl4:amd64.
Preparing to unpack .../32-libcurl4_7.72.0-1_amd64.deb ...
Unpacking libcurl4:amd64 (7.72.0-1) ...
Selecting previously unselected package libexpat1:amd64.
Preparing to unpack .../33-libexpat1_2.2.10-1_amd64.deb ...
Unpacking libexpat1:amd64 (2.2.10-1) ...
Selecting previously unselected package libjsoncpp1:amd64.
Preparing to unpack .../34-libjsoncpp1_1.7.4-3.1_amd64.deb ...
Unpacking libjsoncpp1:amd64 (1.7.4-3.1) ...
Selecting previously unselected package librhash0:amd64.
Preparing to unpack .../35-librhash0_1.4.0-1_amd64.deb ...
Unpacking librhash0:amd64 (1.4.0-1) ...
Selecting previously unselected package libuv1:amd64.
Preparing to unpack .../36-libuv1_1.39.0-1_amd64.deb ...
Unpacking libuv1:amd64 (1.39.0-1) ...
Selecting previously unselected package cmake.
Preparing to unpack .../37-cmake_3.18.4-1_amd64.deb ...
Unpacking cmake (3.18.4-1) ...
Selecting previously unselected package libtool.
Preparing to unpack .../38-libtool_2.4.6-14_all.deb ...
Unpacking libtool (2.4.6-14) ...
Selecting previously unselected package dh-autoreconf.
Preparing to unpack .../39-dh-autoreconf_19_all.deb ...
Unpacking dh-autoreconf (19) ...
Selecting previously unselected package libdebhelper-perl.
Preparing to unpack .../40-libdebhelper-perl_13.2.1_all.deb ...
Unpacking libdebhelper-perl (13.2.1) ...
Selecting previously unselected package libarchive-zip-perl.
Preparing to unpack .../41-libarchive-zip-perl_1.68-1_all.deb ...
Unpacking libarchive-zip-perl (1.68-1) ...
Selecting previously unselected package libsub-override-perl.
Preparing to unpack .../42-libsub-override-perl_0.09-2_all.deb ...
Unpacking libsub-override-perl (0.09-2) ...
Selecting previously unselected package libfile-stripnondeterminism-perl.
Preparing to unpack .../43-libfile-stripnondeterminism-perl_1.9.0-1_all.deb ...
Unpacking libfile-stripnondeterminism-perl (1.9.0-1) ...
Selecting previously unselected package dh-strip-nondeterminism.
Preparing to unpack .../44-dh-strip-nondeterminism_1.9.0-1_all.deb ...
Unpacking dh-strip-nondeterminism (1.9.0-1) ...
Selecting previously unselected package libelf1:amd64.
Preparing to unpack .../45-libelf1_0.181-1_amd64.deb ...
Unpacking libelf1:amd64 (0.181-1) ...
Selecting previously unselected package dwz.
Preparing to unpack .../46-dwz_0.13-5_amd64.deb ...
Unpacking dwz (0.13-5) ...
Selecting previously unselected package libglib2.0-0:amd64.
Preparing to unpack .../47-libglib2.0-0_2.66.1-2_amd64.deb ...
Unpacking libglib2.0-0:amd64 (2.66.1-2) ...
Selecting previously unselected package libcroco3:amd64.
Preparing to unpack .../48-libcroco3_0.6.13-1_amd64.deb ...
Unpacking libcroco3:amd64 (0.6.13-1) ...
Selecting previously unselected package gettext.
Preparing to unpack .../49-gettext_0.19.8.1-10_amd64.deb ...
Unpacking gettext (0.19.8.1-10) ...
Selecting previously unselected package intltool-debian.
Preparing to unpack .../50-intltool-debian_0.35.0+20060710.5_all.deb ...
Unpacking intltool-debian (0.35.0+20060710.5) ...
Selecting previously unselected package po-debconf.
Preparing to unpack .../51-po-debconf_1.0.21_all.deb ...
Unpacking po-debconf (1.0.21) ...
Selecting previously unselected package debhelper.
Preparing to unpack .../52-debhelper_13.2.1_all.deb ...
Unpacking debhelper (13.2.1) ...
Selecting previously unselected package libbz2-dev:amd64.
Preparing to unpack .../53-libbz2-dev_1.0.8-4_amd64.deb ...
Unpacking libbz2-dev:amd64 (1.0.8-4) ...
Selecting previously unselected package libgzstream0.
Preparing to unpack .../54-libgzstream0_1.5+dfsg-5_amd64.deb ...
Unpacking libgzstream0 (1.5+dfsg-5) ...
Selecting previously unselected package libgzstream-dev.
Preparing to unpack .../55-libgzstream-dev_1.5+dfsg-5_amd64.deb ...
Unpacking libgzstream-dev (1.5+dfsg-5) ...
Selecting previously unselected package libsimde-dev.
Preparing to unpack .../56-libsimde-dev_0.6.0-3_all.deb ...
Unpacking libsimde-dev (0.6.0-3) ...
Selecting previously unselected package libzstd-dev:amd64.
Preparing to unpack .../57-libzstd-dev_1.4.5+dfsg-4_amd64.deb ...
Unpacking libzstd-dev:amd64 (1.4.5+dfsg-4) ...
Selecting previously unselected package zlib1g-dev:amd64.
Preparing to unpack .../58-zlib1g-dev_1%3a1.2.11.dfsg-2_amd64.deb ...
Unpacking zlib1g-dev:amd64 (1:1.2.11.dfsg-2) ...
Selecting previously unselected package sbuild-build-depends-main-dummy.
Preparing to unpack .../59-sbuild-build-depends-main-dummy_0.invalid.0_amd64.deb ...
Unpacking sbuild-build-depends-main-dummy (0.invalid.0) ...
Setting up libexpat1:amd64 (2.2.10-1) ...
Setting up libpipeline1:amd64 (1.5.3-1) ...
Setting up libsimde-dev (0.6.0-3) ...
Setting up libpsl5:amd64 (0.21.0-1.1) ...
Setting up libzstd-dev:amd64 (1.4.5+dfsg-4) ...
Setting up bsdextrautils (2.36-3+b1) ...
update-alternatives: using /usr/bin/write.ul to provide /usr/bin/write (write) in auto mode
Setting up libicu67:amd64 (67.1-4) ...
Setting up libmagic-mgc (1:5.38-5) ...
Setting up libarchive-zip-perl (1.68-1) ...
Setting up libglib2.0-0:amd64 (2.66.1-2) ...
No schema files found: doing nothing.
Setting up libdebhelper-perl (13.2.1) ...
Setting up libbrotli1:amd64 (1.0.9-2+b1) ...
Setting up libnghttp2-14:amd64 (1.41.0-3) ...
Setting up libmagic1:amd64 (1:5.38-5) ...
Setting up gettext-base (0.19.8.1-10) ...
Setting up file (1:5.38-5) ...
Setting up libsasl2-modules-db:amd64 (2.1.27+dfsg-2) ...
Setting up autotools-dev (20180224.1) ...
Setting up libuv1:amd64 (1.39.0-1) ...
Setting up librtmp1:amd64 (2.4+20151223.gitfa8646d.1-2+b2) ...
Setting up libncurses6:amd64 (6.2+20200918-1) ...
Setting up libsigsegv2:amd64 (2.12-2) ...
Setting up autopoint (0.19.8.1-10) ...
Setting up libncursesw6:amd64 (6.2+20200918-1) ...
Setting up libsasl2-2:amd64 (2.1.27+dfsg-2) ...
Setting up libgzstream0 (1.5+dfsg-5) ...
Setting up zlib1g-dev:amd64 (1:1.2.11.dfsg-2) ...
Setting up sensible-utils (0.0.12+nmu1) ...
Setting up librhash0:amd64 (1.4.0-1) ...
Setting up libuchardet0:amd64 (0.0.7-1) ...
Setting up libsub-override-perl (0.09-2) ...
Setting up libssh2-1:amd64 (1.8.0-2.1) ...
Setting up cmake-data (3.18.4-1) ...
Setting up libelf1:amd64 (0.181-1) ...
Setting up libxml2:amd64 (2.9.10+dfsg-6.1) ...
Setting up libprocps8:amd64 (2:3.3.16-5) ...
Setting up libjsoncpp1:amd64 (1.7.4-3.1) ...
Setting up libbz2-dev:amd64 (1.0.8-4) ...
Setting up libfile-stripnondeterminism-perl (1.9.0-1) ...
Setting up libtool (2.4.6-14) ...
Setting up libarchive13:amd64 (3.4.3-2) ...
Setting up libldap-2.4-2:amd64 (2.4.54+dfsg-1) ...
Setting up m4 (1.4.18-4) ...
Setting up libgzstream-dev (1.5+dfsg-5) ...
Setting up libcroco3:amd64 (0.6.13-1) ...
Setting up autoconf (2.69-11.1) ...
Setting up dh-strip-nondeterminism (1.9.0-1) ...
Setting up dwz (0.13-5) ...
Setting up groff-base (1.22.4-5) ...
Setting up procps (2:3.3.16-5) ...
update-alternatives: using /usr/bin/w.procps to provide /usr/bin/w (w) in auto mode
Setting up libcurl4:amd64 (7.72.0-1) ...
Setting up automake (1:1.16.2-4) ...
update-alternatives: using /usr/bin/automake-1.16 to provide /usr/bin/automake (automake) in auto mode
Setting up gettext (0.19.8.1-10) ...
Setting up man-db (2.9.3-2) ...
Not building database; man-db/auto-update is not 'true'.
Setting up intltool-debian (0.35.0+20060710.5) ...
Setting up cmake (3.18.4-1) ...
Setting up po-debconf (1.0.21) ...
Setting up debhelper (13.2.1) ...
Setting up dh-autoreconf (19) ...
Setting up sbuild-build-depends-main-dummy (0.invalid.0) ...
Processing triggers for libc-bin (2.31-4) ...

+------------------------------------------------------------------------------+
| Check architectures                                                          |
+------------------------------------------------------------------------------+

Arch check ok (amd64 included in any all)

+------------------------------------------------------------------------------+
| Build environment                                                            |
+------------------------------------------------------------------------------+

Kernel: Linux 4.19.0-6-cloud-amd64 #1 SMP Debian 4.19.67-2+deb10u2 (2019-11-11) amd64 (x86_64)
Toolchain package versions: binutils_2.35.1-2 dpkg-dev_1.20.5 g++-10_10.2.0-15 gcc-10_10.2.0-15 libc6-dev_2.31-4 libstdc++-10-dev_10.2.0-15 libstdc++6_10.2.0-15 linux-libc-dev_5.9.1-1
Package versions: adduser_3.118 apt_2.1.11 autoconf_2.69-11.1 automake_1:1.16.2-4 autopoint_0.19.8.1-10 autotools-dev_20180224.1 base-files_11 base-passwd_3.5.48 bash_5.1~rc1-2 binutils_2.35.1-2 binutils-common_2.35.1-2 binutils-x86-64-linux-gnu_2.35.1-2 bsdextrautils_2.36-3+b1 bsdutils_1:2.36-3+b1 build-essential_12.8 bzip2_1.0.8-4 clang-10_1:10.0.1-7 cmake_3.18.4-1 cmake-data_3.18.4-1 coreutils_8.32-4+b1 cpp_4:10.2.0-1 cpp-10_10.2.0-15 dash_0.5.10.2-7 debconf_1.5.74 debhelper_13.2.1 debian-archive-keyring_2019.1 debianutils_4.11.2 dh-autoreconf_19 dh-strip-nondeterminism_1.9.0-1 diffutils_1:3.7-3 dpkg_1.20.5 dpkg-dev_1.20.5 dwz_0.13-5 e2fsprogs_1.45.6-1 fakeroot_1.25.3-1 file_1:5.38-5 findutils_4.7.0+git20201010-2 g++_4:10.2.0-1 g++-10_10.2.0-15 gcc_4:10.2.0-1 gcc-10_10.2.0-15 gcc-10-base_10.2.0-15 gcc-9-base_9.3.0-18 gettext_0.19.8.1-10 gettext-base_0.19.8.1-10 gpgv_2.2.20-1 grep_3.4-1 groff-base_1.22.4-5 gzip_1.10-2 hostname_3.23 init-system-helpers_1.58 intltool-debian_0.35.0+20060710.5 lib32gcc-s1_10.2.0-15 lib32stdc++6_10.2.0-15 libacl1_2.2.53-8 libapt-pkg6.0_2.1.11 libarchive-zip-perl_1.68-1 libarchive13_3.4.3-2 libasan5_9.3.0-18 libasan6_10.2.0-15 libatomic1_10.2.0-15 libattr1_1:2.4.48-5 libaudit-common_1:2.8.5-3.1 libaudit1_1:2.8.5-3.1 libbinutils_2.35.1-2 libblkid1_2.36-3+b1 libbrotli1_1.0.9-2+b1 libbsd0_0.10.0-1 libbz2-1.0_1.0.8-4 libbz2-dev_1.0.8-4 libc-bin_2.31-4 libc-dev-bin_2.31-4 libc6_2.31-4 libc6-dev_2.31-4 libc6-i386_2.31-4 libcap-ng0_0.7.9-2.2 libcc1-0_10.2.0-15 libclang-common-10-dev_1:10.0.1-7 libclang-cpp10_1:10.0.1-7 libclang1-10_1:10.0.1-7 libcom-err2_1.45.6-1 libcroco3_0.6.13-1 libcrypt-dev_1:4.4.17-1 libcrypt1_1:4.4.17-1 libctf-nobfd0_2.35.1-2 libctf0_2.35.1-2 libcurl4_7.72.0-1 libdb5.3_5.3.28+dfsg1-0.6 libdebconfclient0_0.255 libdebhelper-perl_13.2.1 libdpkg-perl_1.20.5 libedit2_3.1-20191231-1 libelf1_0.181-1 libexpat1_2.2.10-1 libext2fs2_1.45.6-1 libfakeroot_1.25.3-1 libffi7_3.3-4 libfile-stripnondeterminism-perl_1.9.0-1 libgc1_1:8.0.4-2.1 libgcc-10-dev_10.2.0-15 libgcc-9-dev_9.3.0-18 libgcc-s1_10.2.0-15 libgcrypt20_1.8.7-2 libgdbm-compat4_1.18.1-5.1 libgdbm6_1.18.1-5.1 libglib2.0-0_2.66.1-2 libgmp10_2:6.2.0+dfsg-6 libgnutls30_3.6.15-4 libgomp1_10.2.0-15 libgpg-error0_1.38-2 libgssapi-krb5-2_1.17-10 libgzstream-dev_1.5+dfsg-5 libgzstream0_1.5+dfsg-5 libhogweed6_3.6-2 libicu67_67.1-4 libidn2-0_2.3.0-1 libisl22_0.22.1-1 libitm1_10.2.0-15 libjsoncpp1_1.7.4-3.1 libk5crypto3_1.17-10 libkeyutils1_1.6.1-2 libkrb5-3_1.17-10 libkrb5support0_1.17-10 libldap-2.4-2_2.4.54+dfsg-1 libllvm10_1:10.0.1-7 liblsan0_10.2.0-15 liblz4-1_1.9.2-2 liblzma5_5.2.4-1+b1 libmagic-mgc_1:5.38-5 libmagic1_1:5.38-5 libmount1_2.36-3+b1 libmpc3_1.2.0-1 libmpfr6_4.1.0-3 libncurses6_6.2+20200918-1 libncursesw6_6.2+20200918-1 libnettle8_3.6-2 libnghttp2-14_1.41.0-3 libnsl-dev_1.3.0-2 libnsl2_1.3.0-2 libnss-nis_3.1-4 libnss-nisplus_1.3-4 libobjc-10-dev_10.2.0-15 libobjc-9-dev_9.3.0-18 libobjc4_10.2.0-15 libomp-10-dev_1:10.0.1-7 libomp5-10_1:10.0.1-7 libp11-kit0_0.23.21-2 libpam-modules_1.3.1-5 libpam-modules-bin_1.3.1-5 libpam-runtime_1.3.1-5 libpam0g_1.3.1-5 libpcre2-8-0_10.34-7 libpcre3_2:8.39-13 libperl5.30_5.30.3-4 libpipeline1_1.5.3-1 libprocps8_2:3.3.16-5 libpsl5_0.21.0-1.1 libquadmath0_10.2.0-15 librhash0_1.4.0-1 librtmp1_2.4+20151223.gitfa8646d.1-2+b2 libsasl2-2_2.1.27+dfsg-2 libsasl2-modules-db_2.1.27+dfsg-2 libseccomp2_2.4.4-1+b1 libselinux1_3.1-2+b1 libsemanage-common_3.1-1 libsemanage1_3.1-1+b1 libsepol1_3.1-1 libsigsegv2_2.12-2 libsimde-dev_0.6.0-3 libsmartcols1_2.36-3+b1 libss2_1.45.6-1 libssh2-1_1.8.0-2.1 libssl1.1_1.1.1h-1 libstdc++-10-dev_10.2.0-15 libstdc++6_10.2.0-15 libsub-override-perl_0.09-2 libsystemd0_246.6-2 libtasn1-6_4.16.0-2 libtinfo6_6.2+20200918-1 libtirpc-common_1.2.6-3 libtirpc-dev_1.2.6-3 libtirpc3_1.2.6-3 libtool_2.4.6-14 libtsan0_10.2.0-15 libubsan1_10.2.0-15 libuchardet0_0.0.7-1 libudev1_246.6-2 libunistring2_0.9.10-4 libuuid1_2.36-3+b1 libuv1_1.39.0-1 libxml2_2.9.10+dfsg-6.1 libz3-4_4.8.9-1 libzstd-dev_1.4.5+dfsg-4 libzstd1_1.4.5+dfsg-4 linux-libc-dev_5.9.1-1 login_1:4.8.1-1 logsave_1.45.6-1 lsb-base_11.1.0 m4_1.4.18-4 make_4.3-4 man-db_2.9.3-2 mawk_1.3.4.20200120-2 mount_2.36-3+b1 ncurses-base_6.2+20200918-1 ncurses-bin_6.2+20200918-1 passwd_1:4.8.1-1 patch_2.7.6-6 perl_5.30.3-4 perl-base_5.30.3-4 perl-modules-5.30_5.30.3-4 po-debconf_1.0.21 procps_2:3.3.16-5 qt5-qmake_5.14.2+dfsg-6 qt5-qmake-bin_5.14.2+dfsg-6 qtchooser_66-2 sbuild-build-depends-main-dummy_0.invalid.0 sed_4.7-1 sensible-utils_0.0.12+nmu1 sysvinit-utils_2.96-5 tar_1.30+dfsg-7 tzdata_2020d-1 util-linux_2.36-3+b1 xz-utils_5.2.4-1+b1 zlib1g_1:1.2.11.dfsg-2 zlib1g-dev_1:1.2.11.dfsg-2

+------------------------------------------------------------------------------+
| Build                                                                        |
+------------------------------------------------------------------------------+


Unpack source
-------------

-----BEGIN PGP SIGNED MESSAGE-----
Hash: SHA512

Format: 3.0 (quilt)
Source: mmseqs2
Binary: mmseqs2, mmseqs2-examples
Architecture: any all
Version: 12-113e3+ds-1
Maintainer: Debian Med Packaging Team <debian-med-packaging@lists.alioth.debian.org>
Uploaders: Shayan Doust <hello@shayandoust.me>
Homepage: https://github.com/soedinglab/MMseqs2
Standards-Version: 4.5.0
Vcs-Browser: https://salsa.debian.org/med-team/mmseqs2
Vcs-Git: https://salsa.debian.org/med-team/mmseqs2.git
Testsuite: autopkgtest
Build-Depends: debhelper-compat (= 13)
Build-Depends-Arch: cmake, libgzstream-dev, libzstd-dev, zlib1g-dev, libbz2-dev, libsimde-dev (>= 0.6.0-2)
Package-List:
 mmseqs2 deb science optional arch=any
 mmseqs2-examples deb science optional arch=all
Checksums-Sha1:
 7b71b24b6e0e8bb82e5bdc228bd907b9ba202a5a 4503844 mmseqs2_12-113e3+ds.orig.tar.xz
 df72e3bcfd7c61e664ae3c0a86cfaee1e89a4357 6552460 mmseqs2_12-113e3+ds-1.debian.tar.xz
Checksums-Sha256:
 d4ade263b54c536a7770f260f6a87baecf6c7f4810672341c69e4a71e5dfef0e 4503844 mmseqs2_12-113e3+ds.orig.tar.xz
 79f71f57b4ba613d832a083282f2becdc9559b6477b411c28c7ab6a948daa793 6552460 mmseqs2_12-113e3+ds-1.debian.tar.xz
Files:
 6a947b808b8e0139b8c2b5025263893b 4503844 mmseqs2_12-113e3+ds.orig.tar.xz
 130a77466af9eab2e1f0956be6797828 6552460 mmseqs2_12-113e3+ds-1.debian.tar.xz

-----BEGIN PGP SIGNATURE-----

iQIzBAEBCgAdFiEEck1gkzcRPHEFUNdHPCZ2P2xn5uIFAl9Pf5IACgkQPCZ2P2xn
5uIkjg/+JQf1OhFu4/57FnwC5ESjFblCxrkUuw2Ht9CsZ73TX25qbzjBNZvKNbwU
VqtlB8az+aX+W65AtMBgt1RuSIsW6XY8hQxvCkzpWXcjvcSmB+hUSSopMpImcqmo
a+AOtaV0DKf8IRYFvXBbnGE+04k3KODm0H8L2mXEuLized3bb1+y/+mFQdWy2Zcj
KbYtcV+YobwPa99mHgIToojgU7+kPgCVZ+C0kZXib1WNaKWYF7aDYY44zN5W1ikX
nPZ5mhwmuTqeh/rfHUQDe9tU1O6NpzM5BWGFUPUjiWoypzNRYcnud0qcmht9P5Vk
hO5Eu0IiU2wIO/RiE3nVPPTG3w5JMK2pqXsYbMQWDXPca0lek4ty6EmJJaiDSPOr
dG1NZZGPCKkjLEpjvUh9ZQiUs9hY7+9dNZ0s2zRMiQhpF/3KcSSxSyw+sH8Co0v7
s89dCtOEh5/sAXHJ9qJvLpHQ8BVTLTCVZLaj9OZU9ikeOFlnNH51pQMIQNRu1KM3
kaoPek9dTA30876J+xRhuIgBVX7cz4bPLWU1Q0TJlMjnLzMpsOE73AMkJP807SV+
ZZsI1tKTd8N4nP9zGfu9Q1SFGn7PGiDeiy+I7y8ZEcFnWbjuTSXypKWHoLNT8lh4
HVDpB+BGqAHzpnkwxMafTX2xBXqW84YxsW3oOBzMX8M6J/MODNA=
=zDyp
-----END PGP SIGNATURE-----

gpgv: unknown type of key resource 'trustedkeys.kbx'
gpgv: keyblock resource '/tmp/dpkg-verify-sig.BsgiZvtc/trustedkeys.kbx': General error
gpgv: Signature made Wed Sep  2 11:18:42 2020 UTC
gpgv:                using RSA key 724D609337113C710550D7473C26763F6C67E6E2
gpgv: Can't check signature: No public key
dpkg-source: warning: failed to verify signature on ./mmseqs2_12-113e3+ds-1.dsc
dpkg-source: info: extracting mmseqs2 in /<<PKGBUILDDIR>>
dpkg-source: info: unpacking mmseqs2_12-113e3+ds.orig.tar.xz
dpkg-source: info: unpacking mmseqs2_12-113e3+ds-1.debian.tar.xz
dpkg-source: info: using patch list from debian/patches/series
dpkg-source: info: applying spelling
dpkg-source: info: applying simde_tweak
dpkg-source: info: applying fix_tests.patch
dpkg-source: info: applying fix_util_installation.patch
dpkg-source: info: applying use_system_zstd.patch
dpkg-source: info: applying use_system_gzstream.patch

Check disk space
----------------

Sufficient free space for build

User Environment
----------------

APT_CONFIG=/var/lib/sbuild/apt.conf
HOME=/sbuild-nonexistent
LANG=C.UTF-8
LC_ALL=C.UTF-8
LOGNAME=user42
PATH=/usr/local/sbin:/usr/local/bin:/usr/sbin:/usr/bin:/sbin:/bin:/usr/games
SCHROOT_ALIAS_NAME=unstable
SCHROOT_CHROOT_NAME=sid-amd64-sbuild
SCHROOT_COMMAND=env
SCHROOT_GID=1001
SCHROOT_GROUP=user42
SCHROOT_SESSION_ID=sid-amd64-sbuild-e788e4ed-1c3d-498a-8b65-eb70c85a7151
SCHROOT_UID=1001
SCHROOT_USER=user42
SHELL=/bin/sh
USER=user42

dpkg-buildpackage
-----------------

Command: dpkg-buildpackage -us -uc -b -rfakeroot
dpkg-buildpackage: info: source package mmseqs2
dpkg-buildpackage: info: source version 12-113e3+ds-1
dpkg-buildpackage: info: source distribution unstable
dpkg-buildpackage: info: source changed by Michael R. Crusoe <crusoe@debian.org>
 dpkg-source --before-build .
dpkg-buildpackage: info: host architecture amd64
 debian/rules clean
dh clean
   debian/rules override_dh_auto_clean
make[1]: Entering directory '/<<PKGBUILDDIR>>'
dh_auto_clean
rm -Rf build-*
make[1]: Leaving directory '/<<PKGBUILDDIR>>'
   dh_clean
 debian/rules binary
dh binary
   dh_update_autotools_config
   dh_autoreconf
   debian/rules override_dh_auto_configure-arch
make[1]: Entering directory '/<<PKGBUILDDIR>>'
export CXXFLAGS="-g -O2 -fdebug-prefix-map=/<<PKGBUILDDIR>>=. -fstack-protector-strong -Wformat -Werror=format-security -DSIMDE_ENABLE_OPENMP -fopenmp-simd -O3 -mavx2" && export CFLAGS="-g -O2 -fdebug-prefix-map=/<<PKGBUILDDIR>>=. -fstack-protector-strong -Wformat -Werror=format-security -DSIMDE_ENABLE_OPENMP -fopenmp-simd -O3 -mavx2" && dh_auto_configure --builddirectory build_avx2 -- -DEXE_SUFFIX=-avx2 -DVERSION_OVERRIDE=12-113e3+ds-1 -DNATIVE_ARCH=0 &&  export CXXFLAGS="-g -O2 -fdebug-prefix-map=/<<PKGBUILDDIR>>=. -fstack-protector-strong -Wformat -Werror=format-security -DSIMDE_ENABLE_OPENMP -fopenmp-simd -O3 -mavx" && export CFLAGS="-g -O2 -fdebug-prefix-map=/<<PKGBUILDDIR>>=. -fstack-protector-strong -Wformat -Werror=format-security -DSIMDE_ENABLE_OPENMP -fopenmp-simd -O3 -mavx" && dh_auto_configure --builddirectory build_avx -- -DEXE_SUFFIX=-avx -DVERSION_OVERRIDE=12-113e3+ds-1 -DNATIVE_ARCH=0 &&  export CXXFLAGS="-g -O2 -fdebug-prefix-map=/<<PKGBUILDDIR>>=. -fstack-protector-strong -Wformat -Werror=format-security -DSIMDE_ENABLE_OPENMP -fopenmp-simd -O3 -msse4.1" && export CFLAGS="-g -O2 -fdebug-prefix-map=/<<PKGBUILDDIR>>=. -fstack-protector-strong -Wformat -Werror=format-security -DSIMDE_ENABLE_OPENMP -fopenmp-simd -O3 -msse4.1" && dh_auto_configure --builddirectory build_sse4.1 -- -DEXE_SUFFIX=-sse4.1 -DVERSION_OVERRIDE=12-113e3+ds-1 -DNATIVE_ARCH=0 &&  export CXXFLAGS="-g -O2 -fdebug-prefix-map=/<<PKGBUILDDIR>>=. -fstack-protector-strong -Wformat -Werror=format-security -DSIMDE_ENABLE_OPENMP -fopenmp-simd -O3 -mssse3" && export CFLAGS="-g -O2 -fdebug-prefix-map=/<<PKGBUILDDIR>>=. -fstack-protector-strong -Wformat -Werror=format-security -DSIMDE_ENABLE_OPENMP -fopenmp-simd -O3 -mssse3" && dh_auto_configure --builddirectory build_ssse3 -- -DEXE_SUFFIX=-ssse3 -DVERSION_OVERRIDE=12-113e3+ds-1 -DNATIVE_ARCH=0 &&  export CXXFLAGS="-g -O2 -fdebug-prefix-map=/<<PKGBUILDDIR>>=. -fstack-protector-strong -Wformat -Werror=format-security -DSIMDE_ENABLE_OPENMP -fopenmp-simd -O3 -msse3" && export CFLAGS="-g -O2 -fdebug-prefix-map=/<<PKGBUILDDIR>>=. -fstack-protector-strong -Wformat -Werror=format-security -DSIMDE_ENABLE_OPENMP -fopenmp-simd -O3 -msse3" && dh_auto_configure --builddirectory build_sse3 -- -DEXE_SUFFIX=-sse3 -DVERSION_OVERRIDE=12-113e3+ds-1 -DNATIVE_ARCH=0 &&  true
	cd build_avx2 && cmake -DCMAKE_INSTALL_PREFIX=/usr -DCMAKE_BUILD_TYPE=None -DCMAKE_INSTALL_SYSCONFDIR=/etc -DCMAKE_INSTALL_LOCALSTATEDIR=/var -DCMAKE_EXPORT_NO_PACKAGE_REGISTRY=ON -DCMAKE_FIND_PACKAGE_NO_PACKAGE_REGISTRY=ON -DCMAKE_INSTALL_RUNSTATEDIR=/run -DCMAKE_SKIP_INSTALL_ALL_DEPENDENCY=ON "-GUnix Makefiles" -DCMAKE_VERBOSE_MAKEFILE=ON -DCMAKE_INSTALL_LIBDIR=lib/x86_64-linux-gnu -DEXE_SUFFIX=-avx2 -DVERSION_OVERRIDE=12-113e3\+ds-1 -DNATIVE_ARCH=0 ..
-- The CXX compiler identification is Clang 10.0.1
-- The C compiler identification is Clang 10.0.1
-- Detecting CXX compiler ABI info
-- Detecting CXX compiler ABI info - done
-- Check for working CXX compiler: /usr/bin/c++ - skipped
-- Detecting CXX compile features
-- Detecting CXX compile features - done
-- Detecting C compiler ABI info
-- Detecting C compiler ABI info - done
-- Check for working C compiler: /usr/bin/cc - skipped
-- Detecting C compile features
-- Detecting C compile features - done
-- Source Directory: /<<PKGBUILDDIR>>
-- Project Directory: /<<PKGBUILDDIR>>
-- Compiler is clang(++)
-- xxd not found, using xxdi.pl instead
-- ShellCheck disabled
-- Performing Test HAVE_POSIX_FADVISE
-- Performing Test HAVE_POSIX_FADVISE - Success
-- Performing Test HAVE_POSIX_MADVISE
-- Performing Test HAVE_POSIX_MADVISE - Success
-- Performing Test ATOMIC_LIBRARY_NATIVE
-- Performing Test ATOMIC_LIBRARY_NATIVE - Failed
-- Performing Test ATOMIC_LIBRARY_LIB
-- Performing Test ATOMIC_LIBRARY_LIB - Success
-- Found Atomic: atomic  
-- IPS4O sorting works
-- Found ZLIB
-- Performing Test HAVE_ZLIB_CHECK
-- Performing Test HAVE_ZLIB_CHECK - Success
-- ZLIB works
-- Found BZLIB
-- Performing Test HAVE_BZLIB_CHECK
-- Performing Test HAVE_BZLIB_CHECK - Success
-- BZLIB works
-- Found OpenMP
-- Configuring done
-- Generating done
CMake Warning:
  Manually-specified variables were not used by the project:

    CMAKE_EXPORT_NO_PACKAGE_REGISTRY
    CMAKE_INSTALL_LIBDIR
    CMAKE_INSTALL_LOCALSTATEDIR
    CMAKE_INSTALL_RUNSTATEDIR
    CMAKE_INSTALL_SYSCONFDIR


-- Build files have been written to: /<<PKGBUILDDIR>>/build_avx2
	cd build_avx && cmake -DCMAKE_INSTALL_PREFIX=/usr -DCMAKE_BUILD_TYPE=None -DCMAKE_INSTALL_SYSCONFDIR=/etc -DCMAKE_INSTALL_LOCALSTATEDIR=/var -DCMAKE_EXPORT_NO_PACKAGE_REGISTRY=ON -DCMAKE_FIND_PACKAGE_NO_PACKAGE_REGISTRY=ON -DCMAKE_INSTALL_RUNSTATEDIR=/run -DCMAKE_SKIP_INSTALL_ALL_DEPENDENCY=ON "-GUnix Makefiles" -DCMAKE_VERBOSE_MAKEFILE=ON -DCMAKE_INSTALL_LIBDIR=lib/x86_64-linux-gnu -DEXE_SUFFIX=-avx -DVERSION_OVERRIDE=12-113e3\+ds-1 -DNATIVE_ARCH=0 ..
-- The CXX compiler identification is Clang 10.0.1
-- The C compiler identification is Clang 10.0.1
-- Detecting CXX compiler ABI info
-- Detecting CXX compiler ABI info - done
-- Check for working CXX compiler: /usr/bin/c++ - skipped
-- Detecting CXX compile features
-- Detecting CXX compile features - done
-- Detecting C compiler ABI info
-- Detecting C compiler ABI info - done
-- Check for working C compiler: /usr/bin/cc - skipped
-- Detecting C compile features
-- Detecting C compile features - done
-- Source Directory: /<<PKGBUILDDIR>>
-- Project Directory: /<<PKGBUILDDIR>>
-- Compiler is clang(++)
-- xxd not found, using xxdi.pl instead
-- ShellCheck disabled
-- Performing Test HAVE_POSIX_FADVISE
-- Performing Test HAVE_POSIX_FADVISE - Success
-- Performing Test HAVE_POSIX_MADVISE
-- Performing Test HAVE_POSIX_MADVISE - Success
-- Performing Test ATOMIC_LIBRARY_NATIVE
-- Performing Test ATOMIC_LIBRARY_NATIVE - Failed
-- Performing Test ATOMIC_LIBRARY_LIB
-- Performing Test ATOMIC_LIBRARY_LIB - Success
-- Found Atomic: atomic  
-- IPS4O sorting works
-- Found ZLIB
-- Performing Test HAVE_ZLIB_CHECK
-- Performing Test HAVE_ZLIB_CHECK - Success
-- ZLIB works
-- Found BZLIB
-- Performing Test HAVE_BZLIB_CHECK
-- Performing Test HAVE_BZLIB_CHECK - Success
-- BZLIB works
-- Found OpenMP
-- Configuring done
-- Generating done
CMake Warning:
  Manually-specified variables were not used by the project:

    CMAKE_EXPORT_NO_PACKAGE_REGISTRY
    CMAKE_INSTALL_LIBDIR
    CMAKE_INSTALL_LOCALSTATEDIR
    CMAKE_INSTALL_RUNSTATEDIR
    CMAKE_INSTALL_SYSCONFDIR


-- Build files have been written to: /<<PKGBUILDDIR>>/build_avx
	cd build_sse4.1 && cmake -DCMAKE_INSTALL_PREFIX=/usr -DCMAKE_BUILD_TYPE=None -DCMAKE_INSTALL_SYSCONFDIR=/etc -DCMAKE_INSTALL_LOCALSTATEDIR=/var -DCMAKE_EXPORT_NO_PACKAGE_REGISTRY=ON -DCMAKE_FIND_PACKAGE_NO_PACKAGE_REGISTRY=ON -DCMAKE_INSTALL_RUNSTATEDIR=/run -DCMAKE_SKIP_INSTALL_ALL_DEPENDENCY=ON "-GUnix Makefiles" -DCMAKE_VERBOSE_MAKEFILE=ON -DCMAKE_INSTALL_LIBDIR=lib/x86_64-linux-gnu -DEXE_SUFFIX=-sse4.1 -DVERSION_OVERRIDE=12-113e3\+ds-1 -DNATIVE_ARCH=0 ..
-- The CXX compiler identification is Clang 10.0.1
-- The C compiler identification is Clang 10.0.1
-- Detecting CXX compiler ABI info
-- Detecting CXX compiler ABI info - done
-- Check for working CXX compiler: /usr/bin/c++ - skipped
-- Detecting CXX compile features
-- Detecting CXX compile features - done
-- Detecting C compiler ABI info
-- Detecting C compiler ABI info - done
-- Check for working C compiler: /usr/bin/cc - skipped
-- Detecting C compile features
-- Detecting C compile features - done
-- Source Directory: /<<PKGBUILDDIR>>
-- Project Directory: /<<PKGBUILDDIR>>
-- Compiler is clang(++)
-- xxd not found, using xxdi.pl instead
-- ShellCheck disabled
-- Performing Test HAVE_POSIX_FADVISE
-- Performing Test HAVE_POSIX_FADVISE - Success
-- Performing Test HAVE_POSIX_MADVISE
-- Performing Test HAVE_POSIX_MADVISE - Success
-- Performing Test ATOMIC_LIBRARY_NATIVE
-- Performing Test ATOMIC_LIBRARY_NATIVE - Failed
-- Performing Test ATOMIC_LIBRARY_LIB
-- Performing Test ATOMIC_LIBRARY_LIB - Success
-- Found Atomic: atomic  
-- IPS4O sorting works
-- Found ZLIB
-- Performing Test HAVE_ZLIB_CHECK
-- Performing Test HAVE_ZLIB_CHECK - Success
-- ZLIB works
-- Found BZLIB
-- Performing Test HAVE_BZLIB_CHECK
-- Performing Test HAVE_BZLIB_CHECK - Success
-- BZLIB works
-- Found OpenMP
-- Configuring done
-- Generating done
CMake Warning:
  Manually-specified variables were not used by the project:

    CMAKE_EXPORT_NO_PACKAGE_REGISTRY
    CMAKE_INSTALL_LIBDIR
    CMAKE_INSTALL_LOCALSTATEDIR
    CMAKE_INSTALL_RUNSTATEDIR
    CMAKE_INSTALL_SYSCONFDIR


-- Build files have been written to: /<<PKGBUILDDIR>>/build_sse4.1
	cd build_ssse3 && cmake -DCMAKE_INSTALL_PREFIX=/usr -DCMAKE_BUILD_TYPE=None -DCMAKE_INSTALL_SYSCONFDIR=/etc -DCMAKE_INSTALL_LOCALSTATEDIR=/var -DCMAKE_EXPORT_NO_PACKAGE_REGISTRY=ON -DCMAKE_FIND_PACKAGE_NO_PACKAGE_REGISTRY=ON -DCMAKE_INSTALL_RUNSTATEDIR=/run -DCMAKE_SKIP_INSTALL_ALL_DEPENDENCY=ON "-GUnix Makefiles" -DCMAKE_VERBOSE_MAKEFILE=ON -DCMAKE_INSTALL_LIBDIR=lib/x86_64-linux-gnu -DEXE_SUFFIX=-ssse3 -DVERSION_OVERRIDE=12-113e3\+ds-1 -DNATIVE_ARCH=0 ..
-- The CXX compiler identification is Clang 10.0.1
-- The C compiler identification is Clang 10.0.1
-- Detecting CXX compiler ABI info
-- Detecting CXX compiler ABI info - done
-- Check for working CXX compiler: /usr/bin/c++ - skipped
-- Detecting CXX compile features
-- Detecting CXX compile features - done
-- Detecting C compiler ABI info
-- Detecting C compiler ABI info - done
-- Check for working C compiler: /usr/bin/cc - skipped
-- Detecting C compile features
-- Detecting C compile features - done
-- Source Directory: /<<PKGBUILDDIR>>
-- Project Directory: /<<PKGBUILDDIR>>
-- Compiler is clang(++)
-- xxd not found, using xxdi.pl instead
-- ShellCheck disabled
-- Performing Test HAVE_POSIX_FADVISE
-- Performing Test HAVE_POSIX_FADVISE - Success
-- Performing Test HAVE_POSIX_MADVISE
-- Performing Test HAVE_POSIX_MADVISE - Success
-- Performing Test ATOMIC_LIBRARY_NATIVE
-- Performing Test ATOMIC_LIBRARY_NATIVE - Failed
-- Performing Test ATOMIC_LIBRARY_LIB
-- Performing Test ATOMIC_LIBRARY_LIB - Success
-- Found Atomic: atomic  
-- IPS4O sorting works
-- Found ZLIB
-- Performing Test HAVE_ZLIB_CHECK
-- Performing Test HAVE_ZLIB_CHECK - Success
-- ZLIB works
-- Found BZLIB
-- Performing Test HAVE_BZLIB_CHECK
-- Performing Test HAVE_BZLIB_CHECK - Success
-- BZLIB works
-- Found OpenMP
-- Configuring done
-- Generating done
CMake Warning:
  Manually-specified variables were not used by the project:

    CMAKE_EXPORT_NO_PACKAGE_REGISTRY
    CMAKE_INSTALL_LIBDIR
    CMAKE_INSTALL_LOCALSTATEDIR
    CMAKE_INSTALL_RUNSTATEDIR
    CMAKE_INSTALL_SYSCONFDIR


-- Build files have been written to: /<<PKGBUILDDIR>>/build_ssse3
	cd build_sse3 && cmake -DCMAKE_INSTALL_PREFIX=/usr -DCMAKE_BUILD_TYPE=None -DCMAKE_INSTALL_SYSCONFDIR=/etc -DCMAKE_INSTALL_LOCALSTATEDIR=/var -DCMAKE_EXPORT_NO_PACKAGE_REGISTRY=ON -DCMAKE_FIND_PACKAGE_NO_PACKAGE_REGISTRY=ON -DCMAKE_INSTALL_RUNSTATEDIR=/run -DCMAKE_SKIP_INSTALL_ALL_DEPENDENCY=ON "-GUnix Makefiles" -DCMAKE_VERBOSE_MAKEFILE=ON -DCMAKE_INSTALL_LIBDIR=lib/x86_64-linux-gnu -DEXE_SUFFIX=-sse3 -DVERSION_OVERRIDE=12-113e3\+ds-1 -DNATIVE_ARCH=0 ..
-- The CXX compiler identification is Clang 10.0.1
-- The C compiler identification is Clang 10.0.1
-- Detecting CXX compiler ABI info
-- Detecting CXX compiler ABI info - done
-- Check for working CXX compiler: /usr/bin/c++ - skipped
-- Detecting CXX compile features
-- Detecting CXX compile features - done
-- Detecting C compiler ABI info
-- Detecting C compiler ABI info - done
-- Check for working C compiler: /usr/bin/cc - skipped
-- Detecting C compile features
-- Detecting C compile features - done
-- Source Directory: /<<PKGBUILDDIR>>
-- Project Directory: /<<PKGBUILDDIR>>
-- Compiler is clang(++)
-- xxd not found, using xxdi.pl instead
-- ShellCheck disabled
-- Performing Test HAVE_POSIX_FADVISE
-- Performing Test HAVE_POSIX_FADVISE - Success
-- Performing Test HAVE_POSIX_MADVISE
-- Performing Test HAVE_POSIX_MADVISE - Success
-- Performing Test ATOMIC_LIBRARY_NATIVE
-- Performing Test ATOMIC_LIBRARY_NATIVE - Failed
-- Performing Test ATOMIC_LIBRARY_LIB
-- Performing Test ATOMIC_LIBRARY_LIB - Success
-- Found Atomic: atomic  
-- IPS4O sorting works
-- Found ZLIB
-- Performing Test HAVE_ZLIB_CHECK
-- Performing Test HAVE_ZLIB_CHECK - Success
-- ZLIB works
-- Found BZLIB
-- Performing Test HAVE_BZLIB_CHECK
-- Performing Test HAVE_BZLIB_CHECK - Success
-- BZLIB works
-- Found OpenMP
-- Configuring done
-- Generating done
CMake Warning:
  Manually-specified variables were not used by the project:

    CMAKE_EXPORT_NO_PACKAGE_REGISTRY
    CMAKE_INSTALL_LIBDIR
    CMAKE_INSTALL_LOCALSTATEDIR
    CMAKE_INSTALL_RUNSTATEDIR
    CMAKE_INSTALL_SYSCONFDIR


-- Build files have been written to: /<<PKGBUILDDIR>>/build_sse3
export CXXFLAGS="-g -O2 -fdebug-prefix-map=/<<PKGBUILDDIR>>=. -fstack-protector-strong -Wformat -Werror=format-security -DSIMDE_ENABLE_OPENMP -fopenmp-simd -O3" && export CFLAGS="-g -O2 -fdebug-prefix-map=/<<PKGBUILDDIR>>=. -fstack-protector-strong -Wformat -Werror=format-security -DSIMDE_ENABLE_OPENMP -fopenmp-simd -O3" && \
	dh_auto_configure --builddirectory build_plain -- -DEXE_SUFFIX=-plain -DVERSION_OVERRIDE=12-113e3+ds-1 -DNATIVE_ARCH=0
	cd build_plain && cmake -DCMAKE_INSTALL_PREFIX=/usr -DCMAKE_BUILD_TYPE=None -DCMAKE_INSTALL_SYSCONFDIR=/etc -DCMAKE_INSTALL_LOCALSTATEDIR=/var -DCMAKE_EXPORT_NO_PACKAGE_REGISTRY=ON -DCMAKE_FIND_PACKAGE_NO_PACKAGE_REGISTRY=ON -DCMAKE_INSTALL_RUNSTATEDIR=/run -DCMAKE_SKIP_INSTALL_ALL_DEPENDENCY=ON "-GUnix Makefiles" -DCMAKE_VERBOSE_MAKEFILE=ON -DCMAKE_INSTALL_LIBDIR=lib/x86_64-linux-gnu -DEXE_SUFFIX=-plain -DVERSION_OVERRIDE=12-113e3\+ds-1 -DNATIVE_ARCH=0 ..
-- The CXX compiler identification is Clang 10.0.1
-- The C compiler identification is Clang 10.0.1
-- Detecting CXX compiler ABI info
-- Detecting CXX compiler ABI info - done
-- Check for working CXX compiler: /usr/bin/c++ - skipped
-- Detecting CXX compile features
-- Detecting CXX compile features - done
-- Detecting C compiler ABI info
-- Detecting C compiler ABI info - done
-- Check for working C compiler: /usr/bin/cc - skipped
-- Detecting C compile features
-- Detecting C compile features - done
-- Source Directory: /<<PKGBUILDDIR>>
-- Project Directory: /<<PKGBUILDDIR>>
-- Compiler is clang(++)
-- xxd not found, using xxdi.pl instead
-- ShellCheck disabled
-- Performing Test HAVE_POSIX_FADVISE
-- Performing Test HAVE_POSIX_FADVISE - Success
-- Performing Test HAVE_POSIX_MADVISE
-- Performing Test HAVE_POSIX_MADVISE - Success
-- Performing Test ATOMIC_LIBRARY_NATIVE
-- Performing Test ATOMIC_LIBRARY_NATIVE - Failed
-- Performing Test ATOMIC_LIBRARY_LIB
-- Performing Test ATOMIC_LIBRARY_LIB - Success
-- Found Atomic: atomic  
-- IPS4O sorting works
-- Found ZLIB
-- Performing Test HAVE_ZLIB_CHECK
-- Performing Test HAVE_ZLIB_CHECK - Success
-- ZLIB works
-- Found BZLIB
-- Performing Test HAVE_BZLIB_CHECK
-- Performing Test HAVE_BZLIB_CHECK - Success
-- BZLIB works
-- Found OpenMP
-- Configuring done
-- Generating done
CMake Warning:
  Manually-specified variables were not used by the project:

    CMAKE_EXPORT_NO_PACKAGE_REGISTRY
    CMAKE_INSTALL_LIBDIR
    CMAKE_INSTALL_LOCALSTATEDIR
    CMAKE_INSTALL_RUNSTATEDIR
    CMAKE_INSTALL_SYSCONFDIR


-- Build files have been written to: /<<PKGBUILDDIR>>/build_plain
make[1]: Leaving directory '/<<PKGBUILDDIR>>'
   debian/rules override_dh_auto_build-arch
make[1]: Entering directory '/<<PKGBUILDDIR>>'
mkdir -p /<<PKGBUILDDIR>>/debian/mmseqs2/usr/bin
dh_auto_build --builddirectory build_avx2 &&  dh_auto_build --builddirectory build_avx &&  dh_auto_build --builddirectory build_sse4.1 &&  dh_auto_build --builddirectory build_ssse3 &&  dh_auto_build --builddirectory build_sse3 &&  true
	cd build_avx2 && make -j4 "INSTALL=install --strip-program=true"
make[2]: Entering directory '/<<PKGBUILDDIR>>/build_avx2'
/usr/bin/cmake -S/<<PKGBUILDDIR>> -B/<<PKGBUILDDIR>>/build_avx2 --check-build-system CMakeFiles/Makefile.cmake 0
/usr/bin/cmake -E cmake_progress_start /<<PKGBUILDDIR>>/build_avx2/CMakeFiles /<<PKGBUILDDIR>>/build_avx2//CMakeFiles/progress.marks
make  -f CMakeFiles/Makefile2 all
make[3]: Entering directory '/<<PKGBUILDDIR>>/build_avx2'
make  -f lib/microtar/CMakeFiles/microtar.dir/build.make lib/microtar/CMakeFiles/microtar.dir/depend
make  -f lib/cacode/CMakeFiles/cacode.dir/build.make lib/cacode/CMakeFiles/cacode.dir/depend
make  -f lib/alp/CMakeFiles/alp.dir/build.make lib/alp/CMakeFiles/alp.dir/depend
make  -f lib/ksw2/CMakeFiles/ksw2.dir/build.make lib/ksw2/CMakeFiles/ksw2.dir/depend
make[4]: Entering directory '/<<PKGBUILDDIR>>/build_avx2'
cd /<<PKGBUILDDIR>>/build_avx2 && /usr/bin/cmake -E cmake_depends "Unix Makefiles" /<<PKGBUILDDIR>> /<<PKGBUILDDIR>>/lib/microtar /<<PKGBUILDDIR>>/build_avx2 /<<PKGBUILDDIR>>/build_avx2/lib/microtar /<<PKGBUILDDIR>>/build_avx2/lib/microtar/CMakeFiles/microtar.dir/DependInfo.cmake --color=
make[4]: Entering directory '/<<PKGBUILDDIR>>/build_avx2'
cd /<<PKGBUILDDIR>>/build_avx2 && /usr/bin/cmake -E cmake_depends "Unix Makefiles" /<<PKGBUILDDIR>> /<<PKGBUILDDIR>>/lib/cacode /<<PKGBUILDDIR>>/build_avx2 /<<PKGBUILDDIR>>/build_avx2/lib/cacode /<<PKGBUILDDIR>>/build_avx2/lib/cacode/CMakeFiles/cacode.dir/DependInfo.cmake --color=
make[4]: Entering directory '/<<PKGBUILDDIR>>/build_avx2'
make[4]: Entering directory '/<<PKGBUILDDIR>>/build_avx2'
cd /<<PKGBUILDDIR>>/build_avx2 && /usr/bin/cmake -E cmake_depends "Unix Makefiles" /<<PKGBUILDDIR>> /<<PKGBUILDDIR>>/lib/alp /<<PKGBUILDDIR>>/build_avx2 /<<PKGBUILDDIR>>/build_avx2/lib/alp /<<PKGBUILDDIR>>/build_avx2/lib/alp/CMakeFiles/alp.dir/DependInfo.cmake --color=
cd /<<PKGBUILDDIR>>/build_avx2 && /usr/bin/cmake -E cmake_depends "Unix Makefiles" /<<PKGBUILDDIR>> /<<PKGBUILDDIR>>/lib/ksw2 /<<PKGBUILDDIR>>/build_avx2 /<<PKGBUILDDIR>>/build_avx2/lib/ksw2 /<<PKGBUILDDIR>>/build_avx2/lib/ksw2/CMakeFiles/ksw2.dir/DependInfo.cmake --color=
Scanning dependencies of target microtar
Scanning dependencies of target ksw2
Scanning dependencies of target cacode
make[4]: Leaving directory '/<<PKGBUILDDIR>>/build_avx2'
make  -f lib/microtar/CMakeFiles/microtar.dir/build.make lib/microtar/CMakeFiles/microtar.dir/build
make[4]: Leaving directory '/<<PKGBUILDDIR>>/build_avx2'
make[4]: Leaving directory '/<<PKGBUILDDIR>>/build_avx2'
make  -f lib/cacode/CMakeFiles/cacode.dir/build.make lib/cacode/CMakeFiles/cacode.dir/build
make  -f lib/ksw2/CMakeFiles/ksw2.dir/build.make lib/ksw2/CMakeFiles/ksw2.dir/build
make[4]: Entering directory '/<<PKGBUILDDIR>>/build_avx2'
make[4]: Entering directory '/<<PKGBUILDDIR>>/build_avx2'
make[4]: Entering directory '/<<PKGBUILDDIR>>/build_avx2'
[  1%] Building CXX object lib/cacode/CMakeFiles/cacode.dir/lambda_calculator.cpp.o
Scanning dependencies of target alp
[  2%] Building CXX object lib/ksw2/CMakeFiles/ksw2.dir/ksw2_extz2_sse.cpp.o
[  2%] Building C object lib/microtar/CMakeFiles/microtar.dir/microtar.c.o
cd /<<PKGBUILDDIR>>/build_avx2/lib/cacode && /usr/bin/c++  -I/<<PKGBUILDDIR>>/lib/tinyexpr -I/<<PKGBUILDDIR>>/lib/microtar -I/<<PKGBUILDDIR>>/lib/simde -I/<<PKGBUILDDIR>>/lib -I/<<PKGBUILDDIR>>/lib/simd -I/<<PKGBUILDDIR>>/lib/alp -I/<<PKGBUILDDIR>>/lib/cacode -I/<<PKGBUILDDIR>>/lib/ksw2 -I/<<PKGBUILDDIR>>/lib/xxhash -I/<<PKGBUILDDIR>>/lib/ips4o -g -O2 -fdebug-prefix-map=/<<PKGBUILDDIR>>=. -fstack-protector-strong -Wformat -Werror=format-security -DSIMDE_ENABLE_OPENMP -fopenmp-simd -O3 -mavx2 -Wdate-time -D_FORTIFY_SOURCE=2 -std=c++1y -fsigned-char -stdlib=libc++ -o CMakeFiles/cacode.dir/lambda_calculator.cpp.o -c /<<PKGBUILDDIR>>/lib/cacode/lambda_calculator.cpp
make[4]: Leaving directory '/<<PKGBUILDDIR>>/build_avx2'
make  -f lib/alp/CMakeFiles/alp.dir/build.make lib/alp/CMakeFiles/alp.dir/build
cd /<<PKGBUILDDIR>>/build_avx2/lib/microtar && /usr/bin/cc  -I/<<PKGBUILDDIR>>/lib/tinyexpr -I/<<PKGBUILDDIR>>/lib/microtar -g -O2 -fdebug-prefix-map=/<<PKGBUILDDIR>>=. -fstack-protector-strong -Wformat -Werror=format-security -DSIMDE_ENABLE_OPENMP -fopenmp-simd -O3 -mavx2 -Wdate-time -D_FORTIFY_SOURCE=2 -o CMakeFiles/microtar.dir/microtar.c.o -c /<<PKGBUILDDIR>>/lib/microtar/microtar.c
cd /<<PKGBUILDDIR>>/build_avx2/lib/ksw2 && /usr/bin/c++  -I/<<PKGBUILDDIR>>/lib/tinyexpr -I/<<PKGBUILDDIR>>/lib/microtar -I/<<PKGBUILDDIR>>/lib/simde -I/<<PKGBUILDDIR>>/lib -I/<<PKGBUILDDIR>>/lib/simd -I/<<PKGBUILDDIR>>/lib/alp -I/<<PKGBUILDDIR>>/lib/cacode -I/<<PKGBUILDDIR>>/lib/ksw2 -I/<<PKGBUILDDIR>>/lib/xxhash -I/<<PKGBUILDDIR>>/lib/ips4o -g -O2 -fdebug-prefix-map=/<<PKGBUILDDIR>>=. -fstack-protector-strong -Wformat -Werror=format-security -DSIMDE_ENABLE_OPENMP -fopenmp-simd -O3 -mavx2 -Wdate-time -D_FORTIFY_SOURCE=2 -std=c++1y -fsigned-char -stdlib=libc++ -o CMakeFiles/ksw2.dir/ksw2_extz2_sse.cpp.o -c /<<PKGBUILDDIR>>/lib/ksw2/ksw2_extz2_sse.cpp
make[4]: Entering directory '/<<PKGBUILDDIR>>/build_avx2'
[  2%] Building CXX object lib/alp/CMakeFiles/alp.dir/njn_dynprogprob.cpp.o
cd /<<PKGBUILDDIR>>/build_avx2/lib/alp && /usr/bin/c++  -I/<<PKGBUILDDIR>>/lib/tinyexpr -I/<<PKGBUILDDIR>>/lib/microtar -I/<<PKGBUILDDIR>>/lib/simde -I/<<PKGBUILDDIR>>/lib -I/<<PKGBUILDDIR>>/lib/simd -I/<<PKGBUILDDIR>>/lib/alp -I/<<PKGBUILDDIR>>/lib/cacode -I/<<PKGBUILDDIR>>/lib/ksw2 -I/<<PKGBUILDDIR>>/lib/xxhash -I/<<PKGBUILDDIR>>/lib/ips4o -g -O2 -fdebug-prefix-map=/<<PKGBUILDDIR>>=. -fstack-protector-strong -Wformat -Werror=format-security -DSIMDE_ENABLE_OPENMP -fopenmp-simd -O3 -mavx2 -Wdate-time -D_FORTIFY_SOURCE=2 -std=c++1y -fsigned-char -stdlib=libc++ -w -o CMakeFiles/alp.dir/njn_dynprogprob.cpp.o -c /<<PKGBUILDDIR>>/lib/alp/njn_dynprogprob.cpp
In file included from /<<PKGBUILDDIR>>/lib/alp/njn_dynprogprob.cpp:38:
In file included from /<<PKGBUILDDIR>>/lib/alp/njn_dynprogprob.hpp:39:
/<<PKGBUILDDIR>>/lib/alp/njn_dynprogprobproto.hpp:39:10: fatal error: 'vector' file not found
#include <vector>
         ^~~~~~~~
1 error generated.
make[4]: *** [lib/alp/CMakeFiles/alp.dir/build.make:85: lib/alp/CMakeFiles/alp.dir/njn_dynprogprob.cpp.o] Error 1
make[4]: Leaving directory '/<<PKGBUILDDIR>>/build_avx2'
make[3]: *** [CMakeFiles/Makefile2:594: lib/alp/CMakeFiles/alp.dir/all] Error 2
make[3]: *** Waiting for unfinished jobs....
[  2%] Building CXX object lib/cacode/CMakeFiles/cacode.dir/lubksb.cpp.o
cd /<<PKGBUILDDIR>>/build_avx2/lib/cacode && /usr/bin/c++  -I/<<PKGBUILDDIR>>/lib/tinyexpr -I/<<PKGBUILDDIR>>/lib/microtar -I/<<PKGBUILDDIR>>/lib/simde -I/<<PKGBUILDDIR>>/lib -I/<<PKGBUILDDIR>>/lib/simd -I/<<PKGBUILDDIR>>/lib/alp -I/<<PKGBUILDDIR>>/lib/cacode -I/<<PKGBUILDDIR>>/lib/ksw2 -I/<<PKGBUILDDIR>>/lib/xxhash -I/<<PKGBUILDDIR>>/lib/ips4o -g -O2 -fdebug-prefix-map=/<<PKGBUILDDIR>>=. -fstack-protector-strong -Wformat -Werror=format-security -DSIMDE_ENABLE_OPENMP -fopenmp-simd -O3 -mavx2 -Wdate-time -D_FORTIFY_SOURCE=2 -std=c++1y -fsigned-char -stdlib=libc++ -o CMakeFiles/cacode.dir/lubksb.cpp.o -c /<<PKGBUILDDIR>>/lib/cacode/lubksb.cpp
[  2%] Linking C static library libmicrotar.a
cd /<<PKGBUILDDIR>>/build_avx2/lib/microtar && /usr/bin/cmake -P CMakeFiles/microtar.dir/cmake_clean_target.cmake
cd /<<PKGBUILDDIR>>/build_avx2/lib/microtar && /usr/bin/cmake -E cmake_link_script CMakeFiles/microtar.dir/link.txt --verbose=1
/usr/bin/ar qc libmicrotar.a CMakeFiles/microtar.dir/microtar.c.o
/usr/bin/ranlib libmicrotar.a
make[4]: Leaving directory '/<<PKGBUILDDIR>>/build_avx2'
[  2%] Building CXX object lib/cacode/CMakeFiles/cacode.dir/ludcmp.cpp.o
cd /<<PKGBUILDDIR>>/build_avx2/lib/cacode && /usr/bin/c++  -I/<<PKGBUILDDIR>>/lib/tinyexpr -I/<<PKGBUILDDIR>>/lib/microtar -I/<<PKGBUILDDIR>>/lib/simde -I/<<PKGBUILDDIR>>/lib -I/<<PKGBUILDDIR>>/lib/simd -I/<<PKGBUILDDIR>>/lib/alp -I/<<PKGBUILDDIR>>/lib/cacode -I/<<PKGBUILDDIR>>/lib/ksw2 -I/<<PKGBUILDDIR>>/lib/xxhash -I/<<PKGBUILDDIR>>/lib/ips4o -g -O2 -fdebug-prefix-map=/<<PKGBUILDDIR>>=. -fstack-protector-strong -Wformat -Werror=format-security -DSIMDE_ENABLE_OPENMP -fopenmp-simd -O3 -mavx2 -Wdate-time -D_FORTIFY_SOURCE=2 -std=c++1y -fsigned-char -stdlib=libc++ -o CMakeFiles/cacode.dir/ludcmp.cpp.o -c /<<PKGBUILDDIR>>/lib/cacode/ludcmp.cpp
[  2%] Built target microtar
[  3%] Building CXX object lib/cacode/CMakeFiles/cacode.dir/nrutil.cpp.o
cd /<<PKGBUILDDIR>>/build_avx2/lib/cacode && /usr/bin/c++  -I/<<PKGBUILDDIR>>/lib/tinyexpr -I/<<PKGBUILDDIR>>/lib/microtar -I/<<PKGBUILDDIR>>/lib/simde -I/<<PKGBUILDDIR>>/lib -I/<<PKGBUILDDIR>>/lib/simd -I/<<PKGBUILDDIR>>/lib/alp -I/<<PKGBUILDDIR>>/lib/cacode -I/<<PKGBUILDDIR>>/lib/ksw2 -I/<<PKGBUILDDIR>>/lib/xxhash -I/<<PKGBUILDDIR>>/lib/ips4o -g -O2 -fdebug-prefix-map=/<<PKGBUILDDIR>>=. -fstack-protector-strong -Wformat -Werror=format-security -DSIMDE_ENABLE_OPENMP -fopenmp-simd -O3 -mavx2 -Wdate-time -D_FORTIFY_SOURCE=2 -std=c++1y -fsigned-char -stdlib=libc++ -o CMakeFiles/cacode.dir/nrutil.cpp.o -c /<<PKGBUILDDIR>>/lib/cacode/nrutil.cpp
make[4]: Leaving directory '/<<PKGBUILDDIR>>/build_avx2'
[  3%] Built target cacode
make[4]: Leaving directory '/<<PKGBUILDDIR>>/build_avx2'
[  3%] Built target ksw2
make[3]: Leaving directory '/<<PKGBUILDDIR>>/build_avx2'
make[2]: *** [Makefile:152: all] Error 2
make[2]: Leaving directory '/<<PKGBUILDDIR>>/build_avx2'
dh_auto_build: error: cd build_avx2 && make -j4 "INSTALL=install --strip-program=true" returned exit code 2
make[1]: *** [debian/rules:42: override_dh_auto_build-arch] Error 25
make[1]: Leaving directory '/<<PKGBUILDDIR>>'
make: *** [debian/rules:18: binary] Error 2
dpkg-buildpackage: error: debian/rules binary subprocess returned exit status 2
--------------------------------------------------------------------------------
Build finished at 2020-10-29T18:43:44Z

Finished
--------


+------------------------------------------------------------------------------+
| Cleanup                                                                      |
+------------------------------------------------------------------------------+

Purging /<<BUILDDIR>>
Not cleaning session: cloned chroot in use
E: Build failure (dpkg-buildpackage died)

+------------------------------------------------------------------------------+
| Summary                                                                      |
+------------------------------------------------------------------------------+

Build Architecture: amd64
Build Type: binary
Build-Space: 37996
Build-Time: 16
Distribution: unstable
Fail-Stage: build
Host Architecture: amd64
Install-Time: 8
Job: mmseqs2_12-113e3+ds-1
Machine Architecture: amd64
Package: mmseqs2
Package-Time: 43
Source-Version: 12-113e3+ds-1
Space: 37996
Status: attempted
Version: 12-113e3+ds-1
--------------------------------------------------------------------------------
Finished at 2020-10-29T18:43:44Z
Build needed 00:00:43, 37996k disk space
E: Build failure (dpkg-buildpackage died)
DC-Status: Failed 43.288284889s
DC-Time-Estimation: 43.288284889 versus expected 907 (r/m: 19.95255107301509 ; m: 43.288284889)
