DC-Build-Header: python-cffi 1.14.3-2 / 2020-10-29 18:15:52 +0000
DC-Task: type:rebuild-binarch-only source:python-cffi version:1.14.3-2 chroot:unstable esttime:1081 logfile:/tmp/python-cffi_1.14.3-2_unstable_clang11.log modes:clang11:binarch-only
DC-Sbuild-call: su user42 -c 'sbuild -n --arch-any --apt-update -d unstable -v --no-run-lintian --chroot-setup-commands=/tmp/clang11 python-cffi_1.14.3-2'
sbuild (Debian sbuild) 0.78.1 (09 February 2019) on ip-172-31-5-127.eu-central-1.compute.internal

+==============================================================================+
| python-cffi 1.14.3-2 (amd64)                 Thu, 29 Oct 2020 18:15:53 +0000 |
+==============================================================================+

Package: python-cffi
Version: 1.14.3-2
Source Version: 1.14.3-2
Distribution: unstable
Machine Architecture: amd64
Host Architecture: amd64
Build Architecture: amd64
Build Type: binary

I: NOTICE: Log filtering will replace 'var/run/schroot/mount/sid-amd64-sbuild-5f9a7f72-5889-43eb-a5c2-7d7c1a1b0333' with '<<CHROOT>>'

+------------------------------------------------------------------------------+
| Chroot Setup Commands                                                        |
+------------------------------------------------------------------------------+


/tmp/clang11
------------

+ echo 'Entering customization script...'
Entering customization script...
+ CLANG_VERSION=10
+ echo 'Install of clang-10'
Install of clang-10
+ apt-get update
Get:1 http://127.0.0.1:12990/debian sid InRelease [146 kB]
Get:2 http://127.0.0.1:12990/debian sid/main Sources.diff/Index [734 B]
Ign:2 http://127.0.0.1:12990/debian sid/main Sources.diff/Index
Get:3 http://127.0.0.1:12990/debian sid/main amd64 Packages.diff/Index [734 B]
Ign:3 http://127.0.0.1:12990/debian sid/main amd64 Packages.diff/Index
Get:4 http://127.0.0.1:12990/debian sid/main Translation-en [6391 kB]
Get:5 http://127.0.0.1:12990/debian sid/main Sources [8989 kB]
Get:6 http://127.0.0.1:12990/debian sid/main amd64 Packages [8492 kB]
Fetched 24.0 MB in 4s (6526 kB/s)
Reading package lists...
+ apt-get install --yes --no-install-recommends --force-yes clang-10 libomp-10-dev libobjc-9-dev
Reading package lists...
Building dependency tree...
The following additional packages will be installed:
  lib32gcc-s1 lib32stdc++6 libasan5 libbsd0 libc6-i386 libclang-common-10-dev
  libclang-cpp10 libclang1-10 libedit2 libgc1 libgcc-9-dev libllvm10
  libobjc-10-dev libobjc4 libomp5-10 libz3-4
Suggested packages:
  clang-10-doc libomp-10-doc
Recommended packages:
  llvm-10-dev python3
The following NEW packages will be installed:
  clang-10 lib32gcc-s1 lib32stdc++6 libasan5 libbsd0 libc6-i386
  libclang-common-10-dev libclang-cpp10 libclang1-10 libedit2 libgc1
  libgcc-9-dev libllvm10 libobjc-10-dev libobjc-9-dev libobjc4 libomp-10-dev
  libomp5-10 libz3-4
0 upgraded, 19 newly installed, 0 to remove and 1 not upgraded.
Need to get 52.3 MB of archives.
After this operation, 274 MB of additional disk space will be used.
Get:1 http://127.0.0.1:12990/debian sid/main amd64 libbsd0 amd64 0.10.0-1 [107 kB]
Get:2 http://127.0.0.1:12990/debian sid/main amd64 libedit2 amd64 3.1-20191231-1 [95.4 kB]
Get:3 http://127.0.0.1:12990/debian sid/main amd64 libz3-4 amd64 4.8.9-1 [6783 kB]
Get:4 http://127.0.0.1:12990/debian sid/main amd64 libllvm10 amd64 1:10.0.1-7 [16.6 MB]
Get:5 http://127.0.0.1:12990/debian sid/main amd64 libclang-cpp10 amd64 1:10.0.1-7 [9069 kB]
Get:6 http://127.0.0.1:12990/debian sid/main amd64 libgc1 amd64 1:8.0.4-2.1 [239 kB]
Get:7 http://127.0.0.1:12990/debian sid/main amd64 libobjc4 amd64 10.2.0-15 [41.6 kB]
Get:8 http://127.0.0.1:12990/debian sid/main amd64 libobjc-10-dev amd64 10.2.0-15 [170 kB]
Get:9 http://127.0.0.1:12990/debian sid/main amd64 libc6-i386 amd64 2.31-4 [2815 kB]
Get:10 http://127.0.0.1:12990/debian sid/main amd64 lib32gcc-s1 amd64 10.2.0-15 [49.4 kB]
Get:11 http://127.0.0.1:12990/debian sid/main amd64 lib32stdc++6 amd64 10.2.0-15 [511 kB]
Get:12 http://127.0.0.1:12990/debian sid/main amd64 libclang-common-10-dev amd64 1:10.0.1-7 [5062 kB]
Get:13 http://127.0.0.1:12990/debian sid/main amd64 libclang1-10 amd64 1:10.0.1-7 [7293 kB]
Get:14 http://127.0.0.1:12990/debian sid/main amd64 clang-10 amd64 1:10.0.1-7 [106 kB]
Get:15 http://127.0.0.1:12990/debian sid/main amd64 libasan5 amd64 9.3.0-18 [390 kB]
Get:16 http://127.0.0.1:12990/debian sid/main amd64 libgcc-9-dev amd64 9.3.0-18 [2347 kB]
Get:17 http://127.0.0.1:12990/debian sid/main amd64 libobjc-9-dev amd64 9.3.0-18 [220 kB]
Get:18 http://127.0.0.1:12990/debian sid/main amd64 libomp5-10 amd64 1:10.0.1-7 [339 kB]
Get:19 http://127.0.0.1:12990/debian sid/main amd64 libomp-10-dev amd64 1:10.0.1-7 [86.6 kB]
debconf: delaying package configuration, since apt-utils is not installed
Fetched 52.3 MB in 0s (134 MB/s)
Selecting previously unselected package libbsd0:amd64.
(Reading database ... (Reading database ... 5%(Reading database ... 10%(Reading database ... 15%(Reading database ... 20%(Reading database ... 25%(Reading database ... 30%(Reading database ... 35%(Reading database ... 40%(Reading database ... 45%(Reading database ... 50%(Reading database ... 55%(Reading database ... 60%(Reading database ... 65%(Reading database ... 70%(Reading database ... 75%(Reading database ... 80%(Reading database ... 85%(Reading database ... 90%(Reading database ... 95%(Reading database ... 100%(Reading database ... 12312 files and directories currently installed.)
Preparing to unpack .../00-libbsd0_0.10.0-1_amd64.deb ...
Unpacking libbsd0:amd64 (0.10.0-1) ...
Selecting previously unselected package libedit2:amd64.
Preparing to unpack .../01-libedit2_3.1-20191231-1_amd64.deb ...
Unpacking libedit2:amd64 (3.1-20191231-1) ...
Selecting previously unselected package libz3-4:amd64.
Preparing to unpack .../02-libz3-4_4.8.9-1_amd64.deb ...
Unpacking libz3-4:amd64 (4.8.9-1) ...
Selecting previously unselected package libllvm10:amd64.
Preparing to unpack .../03-libllvm10_1%3a10.0.1-7_amd64.deb ...
Unpacking libllvm10:amd64 (1:10.0.1-7) ...
Selecting previously unselected package libclang-cpp10.
Preparing to unpack .../04-libclang-cpp10_1%3a10.0.1-7_amd64.deb ...
Unpacking libclang-cpp10 (1:10.0.1-7) ...
Selecting previously unselected package libgc1:amd64.
Preparing to unpack .../05-libgc1_1%3a8.0.4-2.1_amd64.deb ...
Unpacking libgc1:amd64 (1:8.0.4-2.1) ...
Selecting previously unselected package libobjc4:amd64.
Preparing to unpack .../06-libobjc4_10.2.0-15_amd64.deb ...
Unpacking libobjc4:amd64 (10.2.0-15) ...
Selecting previously unselected package libobjc-10-dev:amd64.
Preparing to unpack .../07-libobjc-10-dev_10.2.0-15_amd64.deb ...
Unpacking libobjc-10-dev:amd64 (10.2.0-15) ...
Selecting previously unselected package libc6-i386.
Preparing to unpack .../08-libc6-i386_2.31-4_amd64.deb ...
Unpacking libc6-i386 (2.31-4) ...
Selecting previously unselected package lib32gcc-s1.
Preparing to unpack .../09-lib32gcc-s1_10.2.0-15_amd64.deb ...
Unpacking lib32gcc-s1 (10.2.0-15) ...
Selecting previously unselected package lib32stdc++6.
Preparing to unpack .../10-lib32stdc++6_10.2.0-15_amd64.deb ...
Unpacking lib32stdc++6 (10.2.0-15) ...
Selecting previously unselected package libclang-common-10-dev.
Preparing to unpack .../11-libclang-common-10-dev_1%3a10.0.1-7_amd64.deb ...
Unpacking libclang-common-10-dev (1:10.0.1-7) ...
Selecting previously unselected package libclang1-10.
Preparing to unpack .../12-libclang1-10_1%3a10.0.1-7_amd64.deb ...
Unpacking libclang1-10 (1:10.0.1-7) ...
Selecting previously unselected package clang-10.
Preparing to unpack .../13-clang-10_1%3a10.0.1-7_amd64.deb ...
Unpacking clang-10 (1:10.0.1-7) ...
Selecting previously unselected package libasan5:amd64.
Preparing to unpack .../14-libasan5_9.3.0-18_amd64.deb ...
Unpacking libasan5:amd64 (9.3.0-18) ...
Selecting previously unselected package libgcc-9-dev:amd64.
Preparing to unpack .../15-libgcc-9-dev_9.3.0-18_amd64.deb ...
Unpacking libgcc-9-dev:amd64 (9.3.0-18) ...
Selecting previously unselected package libobjc-9-dev:amd64.
Preparing to unpack .../16-libobjc-9-dev_9.3.0-18_amd64.deb ...
Unpacking libobjc-9-dev:amd64 (9.3.0-18) ...
Selecting previously unselected package libomp5-10:amd64.
Preparing to unpack .../17-libomp5-10_1%3a10.0.1-7_amd64.deb ...
Unpacking libomp5-10:amd64 (1:10.0.1-7) ...
Selecting previously unselected package libomp-10-dev.
Preparing to unpack .../18-libomp-10-dev_1%3a10.0.1-7_amd64.deb ...
Unpacking libomp-10-dev (1:10.0.1-7) ...
Setting up libasan5:amd64 (9.3.0-18) ...
Setting up libz3-4:amd64 (4.8.9-1) ...
Setting up libgc1:amd64 (1:8.0.4-2.1) ...
Setting up libomp5-10:amd64 (1:10.0.1-7) ...
Setting up libc6-i386 (2.31-4) ...
Setting up libbsd0:amd64 (0.10.0-1) ...
Setting up libomp-10-dev (1:10.0.1-7) ...
Setting up libedit2:amd64 (3.1-20191231-1) ...
Setting up libobjc4:amd64 (10.2.0-15) ...
Setting up libllvm10:amd64 (1:10.0.1-7) ...
Setting up libgcc-9-dev:amd64 (9.3.0-18) ...
Setting up lib32gcc-s1 (10.2.0-15) ...
Setting up lib32stdc++6 (10.2.0-15) ...
Setting up libclang1-10 (1:10.0.1-7) ...
Setting up libobjc-9-dev:amd64 (9.3.0-18) ...
Setting up libobjc-10-dev:amd64 (10.2.0-15) ...
Setting up libclang-common-10-dev (1:10.0.1-7) ...
Setting up libclang-cpp10 (1:10.0.1-7) ...
Setting up clang-10 (1:10.0.1-7) ...
Processing triggers for libc-bin (2.31-4) ...
W: --force-yes is deprecated, use one of the options starting with --allow instead.
+ echo 'Replace gcc, g++ & cpp by clang'
Replace gcc, g++ & cpp by clang
+ VERSIONS='4.6 4.7 4.8 4.9 5 6 7 8 9 10'
+ cd /usr/bin
+ for VERSION in $VERSIONS
+ rm -f g++-4.6 gcc-4.6 cpp-4.6 gcc
+ ln -s clang++-10 g++-4.6
+ ln -s clang-10 gcc-4.6
+ ln -s clang-10 cpp-4.6
+ ln -s clang-10 gcc
+ echo 'gcc-4.6 hold'
+ dpkg --set-selections
dpkg: warning: package not in status nor available database at line 1: gcc-4.6
dpkg: warning: found unknown packages; this might mean the available database
is outdated, and needs to be updated through a frontend method;
please see the FAQ <https://wiki.debian.org/Teams/Dpkg/FAQ>
+ echo 'g++-4.6 hold'
+ dpkg --set-selections
dpkg: warning: package not in status nor available database at line 1: g++-4.6
dpkg: warning: found unknown packages; this might mean the available database
is outdated, and needs to be updated through a frontend method;
please see the FAQ <https://wiki.debian.org/Teams/Dpkg/FAQ>
+ for VERSION in $VERSIONS
+ rm -f g++-4.7 gcc-4.7 cpp-4.7 gcc
+ ln -s clang++-10 g++-4.7
+ ln -s clang-10 gcc-4.7
+ ln -s clang-10 cpp-4.7
+ ln -s clang-10 gcc
+ echo 'gcc-4.7 hold'
+ dpkg --set-selections
dpkg: warning: package not in status nor available database at line 1: gcc-4.7
dpkg: warning: found unknown packages; this might mean the available database
is outdated, and needs to be updated through a frontend method;
please see the FAQ <https://wiki.debian.org/Teams/Dpkg/FAQ>
+ echo 'g++-4.7 hold'
+ dpkg --set-selections
dpkg: warning: package not in status nor available database at line 1: g++-4.7
dpkg: warning: found unknown packages; this might mean the available database
is outdated, and needs to be updated through a frontend method;
please see the FAQ <https://wiki.debian.org/Teams/Dpkg/FAQ>
+ for VERSION in $VERSIONS
+ rm -f g++-4.8 gcc-4.8 cpp-4.8 gcc
+ ln -s clang++-10 g++-4.8
+ ln -s clang-10 gcc-4.8
+ ln -s clang-10 cpp-4.8
+ ln -s clang-10 gcc
+ echo 'gcc-4.8 hold'
+ dpkg --set-selections
dpkg: warning: package not in status nor available database at line 1: gcc-4.8
dpkg: warning: found unknown packages; this might mean the available database
is outdated, and needs to be updated through a frontend method;
please see the FAQ <https://wiki.debian.org/Teams/Dpkg/FAQ>
+ echo 'g++-4.8 hold'
+ dpkg --set-selections
dpkg: warning: package not in status nor available database at line 1: g++-4.8
dpkg: warning: found unknown packages; this might mean the available database
is outdated, and needs to be updated through a frontend method;
please see the FAQ <https://wiki.debian.org/Teams/Dpkg/FAQ>
+ for VERSION in $VERSIONS
+ rm -f g++-4.9 gcc-4.9 cpp-4.9 gcc
+ ln -s clang++-10 g++-4.9
+ ln -s clang-10 gcc-4.9
+ ln -s clang-10 cpp-4.9
+ ln -s clang-10 gcc
+ echo 'gcc-4.9 hold'
+ dpkg --set-selections
dpkg: warning: package not in status nor available database at line 1: gcc-4.9
dpkg: warning: found unknown packages; this might mean the available database
is outdated, and needs to be updated through a frontend method;
please see the FAQ <https://wiki.debian.org/Teams/Dpkg/FAQ>
+ echo 'g++-4.9 hold'
+ dpkg --set-selections
dpkg: warning: package not in status nor available database at line 1: g++-4.9
dpkg: warning: found unknown packages; this might mean the available database
is outdated, and needs to be updated through a frontend method;
please see the FAQ <https://wiki.debian.org/Teams/Dpkg/FAQ>
+ for VERSION in $VERSIONS
+ rm -f g++-5 gcc-5 cpp-5 gcc
+ ln -s clang++-10 g++-5
+ ln -s clang-10 gcc-5
+ ln -s clang-10 cpp-5
+ ln -s clang-10 gcc
+ echo 'gcc-5 hold'
+ dpkg --set-selections
dpkg: warning: package not in status nor available database at line 1: gcc-5
dpkg: warning: found unknown packages; this might mean the available database
is outdated, and needs to be updated through a frontend method;
please see the FAQ <https://wiki.debian.org/Teams/Dpkg/FAQ>
+ echo 'g++-5 hold'
+ dpkg --set-selections
dpkg: warning: package not in status nor available database at line 1: g++-5
dpkg: warning: found unknown packages; this might mean the available database
is outdated, and needs to be updated through a frontend method;
please see the FAQ <https://wiki.debian.org/Teams/Dpkg/FAQ>
+ for VERSION in $VERSIONS
+ rm -f g++-6 gcc-6 cpp-6 gcc
+ ln -s clang++-10 g++-6
+ ln -s clang-10 gcc-6
+ ln -s clang-10 cpp-6
+ ln -s clang-10 gcc
+ echo 'gcc-6 hold'
+ dpkg --set-selections
dpkg: warning: package not in status nor available database at line 1: gcc-6
dpkg: warning: found unknown packages; this might mean the available database
is outdated, and needs to be updated through a frontend method;
please see the FAQ <https://wiki.debian.org/Teams/Dpkg/FAQ>
+ echo 'g++-6 hold'
+ dpkg --set-selections
dpkg: warning: package not in status nor available database at line 1: g++-6
dpkg: warning: found unknown packages; this might mean the available database
is outdated, and needs to be updated through a frontend method;
please see the FAQ <https://wiki.debian.org/Teams/Dpkg/FAQ>
+ for VERSION in $VERSIONS
+ rm -f g++-7 gcc-7 cpp-7 gcc
+ ln -s clang++-10 g++-7
+ ln -s clang-10 gcc-7
+ ln -s clang-10 cpp-7
+ ln -s clang-10 gcc
+ echo 'gcc-7 hold'
+ dpkg --set-selections
dpkg: warning: package not in status nor available database at line 1: gcc-7
dpkg: warning: found unknown packages; this might mean the available database
is outdated, and needs to be updated through a frontend method;
please see the FAQ <https://wiki.debian.org/Teams/Dpkg/FAQ>
+ echo 'g++-7 hold'
+ dpkg --set-selections
dpkg: warning: package not in status nor available database at line 1: g++-7
dpkg: warning: found unknown packages; this might mean the available database
is outdated, and needs to be updated through a frontend method;
please see the FAQ <https://wiki.debian.org/Teams/Dpkg/FAQ>
+ for VERSION in $VERSIONS
+ rm -f g++-8 gcc-8 cpp-8 gcc
+ ln -s clang++-10 g++-8
+ ln -s clang-10 gcc-8
+ ln -s clang-10 cpp-8
+ ln -s clang-10 gcc
+ echo 'gcc-8 hold'
+ dpkg --set-selections
dpkg: warning: package not in status nor available database at line 1: gcc-8
dpkg: warning: found unknown packages; this might mean the available database
is outdated, and needs to be updated through a frontend method;
please see the FAQ <https://wiki.debian.org/Teams/Dpkg/FAQ>
+ echo 'g++-8 hold'
+ dpkg --set-selections
dpkg: warning: package not in status nor available database at line 1: g++-8
dpkg: warning: found unknown packages; this might mean the available database
is outdated, and needs to be updated through a frontend method;
please see the FAQ <https://wiki.debian.org/Teams/Dpkg/FAQ>
+ for VERSION in $VERSIONS
+ rm -f g++-9 gcc-9 cpp-9 gcc
+ ln -s clang++-10 g++-9
+ ln -s clang-10 gcc-9
+ ln -s clang-10 cpp-9
+ ln -s clang-10 gcc
+ echo 'gcc-9 hold'
+ dpkg --set-selections
dpkg: warning: package not in status nor available database at line 1: gcc-9
dpkg: warning: found unknown packages; this might mean the available database
is outdated, and needs to be updated through a frontend method;
please see the FAQ <https://wiki.debian.org/Teams/Dpkg/FAQ>
+ echo 'g++-9 hold'
+ dpkg --set-selections
dpkg: warning: package not in status nor available database at line 1: g++-9
dpkg: warning: found unknown packages; this might mean the available database
is outdated, and needs to be updated through a frontend method;
please see the FAQ <https://wiki.debian.org/Teams/Dpkg/FAQ>
+ for VERSION in $VERSIONS
+ rm -f g++-10 gcc-10 cpp-10 gcc
+ ln -s clang++-10 g++-10
+ ln -s clang-10 gcc-10
+ ln -s clang-10 cpp-10
+ ln -s clang-10 gcc
+ echo 'gcc-10 hold'
+ dpkg --set-selections
+ echo 'g++-10 hold'
+ dpkg --set-selections
+ cd -
/build/python-cffi-wSPy4b
+ echo 'Check if gcc, g++ & cpp are actually clang'
Check if gcc, g++ & cpp are actually clang
+ gcc --version
+ grep clang
+ cpp --version
+ grep clang
+ g++ --version
+ grep clang
+ cd /usr/bin/
+ rm -f clang++ clang
+ ln -s clang-10 clang++
+ ln -s clang-10 clang
+ clang++ --version
Debian clang version 10.0.1-7
Target: x86_64-pc-linux-gnu
Thread model: posix
InstalledDir: /usr/bin
+ clang --version
Debian clang version 10.0.1-7
Target: x86_64-pc-linux-gnu
Thread model: posix
InstalledDir: /usr/bin
+ cd -
/build/python-cffi-wSPy4b
+ apt install --yes --no-install-recommends --force-yes qt5-qmake

WARNING: apt does not have a stable CLI interface. Use with caution in scripts.

Reading package lists...
Building dependency tree...
Reading state information...
The following additional packages will be installed:
  qt5-qmake-bin qtchooser
The following NEW packages will be installed:
  qt5-qmake qt5-qmake-bin qtchooser
0 upgraded, 3 newly installed, 0 to remove and 1 not upgraded.
Need to get 1304 kB of archives.
After this operation, 4865 kB of additional disk space will be used.
Get:1 http://127.0.0.1:12990/debian sid/main amd64 qt5-qmake-bin amd64 5.14.2+dfsg-6 [1035 kB]
Get:2 http://127.0.0.1:12990/debian sid/main amd64 qtchooser amd64 66-2 [26.3 kB]
Get:3 http://127.0.0.1:12990/debian sid/main amd64 qt5-qmake amd64 5.14.2+dfsg-6 [242 kB]
debconf: delaying package configuration, since apt-utils is not installed
Fetched 1304 kB in 0s (19.2 MB/s)
Selecting previously unselected package qt5-qmake-bin.
(Reading database ... (Reading database ... 5%(Reading database ... 10%(Reading database ... 15%(Reading database ... 20%(Reading database ... 25%(Reading database ... 30%(Reading database ... 35%(Reading database ... 40%(Reading database ... 45%(Reading database ... 50%(Reading database ... 55%(Reading database ... 60%(Reading database ... 65%(Reading database ... 70%(Reading database ... 75%(Reading database ... 80%(Reading database ... 85%(Reading database ... 90%(Reading database ... 95%(Reading database ... 100%(Reading database ... 13315 files and directories currently installed.)
Preparing to unpack .../qt5-qmake-bin_5.14.2+dfsg-6_amd64.deb ...
Unpacking qt5-qmake-bin (5.14.2+dfsg-6) ...
Selecting previously unselected package qtchooser.
Preparing to unpack .../qtchooser_66-2_amd64.deb ...
Unpacking qtchooser (66-2) ...
Selecting previously unselected package qt5-qmake:amd64.
Preparing to unpack .../qt5-qmake_5.14.2+dfsg-6_amd64.deb ...
Unpacking qt5-qmake:amd64 (5.14.2+dfsg-6) ...
Setting up qt5-qmake-bin (5.14.2+dfsg-6) ...
Setting up qtchooser (66-2) ...
Setting up qt5-qmake:amd64 (5.14.2+dfsg-6) ...
W: --force-yes is deprecated, use one of the options starting with --allow instead.
+ cp /usr/lib/x86_64-linux-gnu/qt5/mkspecs/linux-clang/qmake.conf /usr/lib/x86_64-linux-gnu/qt5/mkspecs/linux-clang/qplatformdefs.h /usr/lib/x86_64-linux-gnu/qt5/mkspecs/linux-g++/
+ ls -al /usr/lib/x86_64-linux-gnu/qt5/mkspecs/linux-g++/
total 16
drwxr-xr-x  2 root root 4096 Oct 29 18:16 .
drwxr-xr-x 76 root root 4096 Oct 29 18:16 ..
-rw-r--r--  1 root root  276 Oct 29 18:16 qmake.conf
-rw-r--r--  1 root root 3218 Oct 29 18:16 qplatformdefs.h
+ cat /usr/lib/x86_64-linux-gnu/qt5/mkspecs/linux-g++/qmake.conf
#
# qmake configuration for linux-clang
#

MAKEFILE_GENERATOR = UNIX
CONFIG += incremental

QMAKE_INCREMENTAL_STYLE = sublib

include(../common/linux.conf)
include(../common/gcc-base-unix.conf)
include(../common/clang.conf)

QMAKE_LFLAGS += -ccc-gcc-name g++

load(qt_config)
+ export QMAKESPEC=/usr/lib/x86_64-linux-gnu/qt5/mkspecs/linux-clang/
+ QMAKESPEC=/usr/lib/x86_64-linux-gnu/qt5/mkspecs/linux-clang/
+ sed -i -e 's|compare_problem(2,|compare_problem(0,|g' /usr/bin/dpkg-gensymbols
+ sed -i -e 's|compare_problem(1,|compare_problem(0,|g' /usr/bin/dpkg-gensymbols
+ grep 'compare_problem(' /usr/bin/dpkg-gensymbols
        compare_problem(4, g_('new libraries appeared in the symbols file: %s'), "@libs");
        compare_problem(3, g_('some libraries disappeared in the symbols file: %s'), "@libs");
        compare_problem(0, g_('some new symbols appeared in the symbols file: %s'),
        compare_problem(0, g_('some symbols or patterns disappeared in the symbols file: %s'),

I: Finished running '/tmp/clang11'.

Finished processing commands.
--------------------------------------------------------------------------------
I: NOTICE: Log filtering will replace 'build/python-cffi-wSPy4b/resolver-JyIauC' with '<<RESOLVERDIR>>'

+------------------------------------------------------------------------------+
| Update chroot                                                                |
+------------------------------------------------------------------------------+

Hit:1 http://127.0.0.1:12990/debian sid InRelease
Reading package lists...
Reading package lists...
Building dependency tree...
Reading state information...
Calculating upgrade...
The following packages will be upgraded:
  libdebconfclient0
1 upgraded, 0 newly installed, 0 to remove and 0 not upgraded.
Need to get 49.6 kB of archives.
After this operation, 0 B of additional disk space will be used.
Get:1 http://127.0.0.1:12990/debian sid/main amd64 libdebconfclient0 amd64 0.255 [49.6 kB]
debconf: delaying package configuration, since apt-utils is not installed
Fetched 49.6 kB in 0s (3206 kB/s)
(Reading database ... (Reading database ... 5%(Reading database ... 10%(Reading database ... 15%(Reading database ... 20%(Reading database ... 25%(Reading database ... 30%(Reading database ... 35%(Reading database ... 40%(Reading database ... 45%(Reading database ... 50%(Reading database ... 55%(Reading database ... 60%(Reading database ... 65%(Reading database ... 70%(Reading database ... 75%(Reading database ... 80%(Reading database ... 85%(Reading database ... 90%(Reading database ... 95%(Reading database ... 100%(Reading database ... 14056 files and directories currently installed.)
Preparing to unpack .../libdebconfclient0_0.255_amd64.deb ...
Unpacking libdebconfclient0:amd64 (0.255) over (0.254) ...
Setting up libdebconfclient0:amd64 (0.255) ...
Processing triggers for libc-bin (2.31-4) ...

+------------------------------------------------------------------------------+
| Fetch source files                                                           |
+------------------------------------------------------------------------------+


Check APT
---------

Checking available source versions...

Download source files with APT
------------------------------

Reading package lists...
NOTICE: 'python-cffi' packaging is maintained in the 'Git' version control system at:
https://salsa.debian.org/python-team/packages/python-cffi.git
Please use:
git clone https://salsa.debian.org/python-team/packages/python-cffi.git
to retrieve the latest (possibly unreleased) updates to the package.
Need to get 480 kB of source archives.
Get:1 http://127.0.0.1:12990/debian sid/main python-cffi 1.14.3-2 (dsc) [1871 B]
Get:2 http://127.0.0.1:12990/debian sid/main python-cffi 1.14.3-2 (tar) [471 kB]
Get:3 http://127.0.0.1:12990/debian sid/main python-cffi 1.14.3-2 (diff) [7496 B]
Fetched 480 kB in 0s (6087 kB/s)
Download complete and in download only mode
I: NOTICE: Log filtering will replace 'build/python-cffi-wSPy4b/python-cffi-1.14.3' with '<<PKGBUILDDIR>>'
I: NOTICE: Log filtering will replace 'build/python-cffi-wSPy4b' with '<<BUILDDIR>>'

+------------------------------------------------------------------------------+
| Install package build dependencies                                           |
+------------------------------------------------------------------------------+


Setup apt archive
-----------------

Merged Build-Depends: debhelper-compat (= 12), dh-python, libffi-dev, python3-all-dbg, python3-all-dev, python3-py, python3-pycparser, python3-pytest, python3-setuptools, python3-sphinx, virtualenv, build-essential, fakeroot
Filtered Build-Depends: debhelper-compat (= 12), dh-python, libffi-dev, python3-all-dbg, python3-all-dev, python3-py, python3-pycparser, python3-pytest, python3-setuptools, python3-sphinx, virtualenv, build-essential, fakeroot
dpkg-deb: building package 'sbuild-build-depends-main-dummy' in '/<<RESOLVERDIR>>/apt_archive/sbuild-build-depends-main-dummy.deb'.
Ign:1 copy:/<<RESOLVERDIR>>/apt_archive ./ InRelease
Get:2 copy:/<<RESOLVERDIR>>/apt_archive ./ Release [957 B]
Ign:3 copy:/<<RESOLVERDIR>>/apt_archive ./ Release.gpg
Get:4 copy:/<<RESOLVERDIR>>/apt_archive ./ Sources [434 B]
Get:5 copy:/<<RESOLVERDIR>>/apt_archive ./ Packages [518 B]
Fetched 1909 B in 0s (190 kB/s)
Reading package lists...
Reading package lists...

Install main build dependencies (apt-based resolver)
----------------------------------------------------

Installing build dependencies
Reading package lists...
Building dependency tree...
Reading state information...
The following additional packages will be installed:
  autoconf automake autopoint autotools-dev bsdextrautils ca-certificates
  debhelper dh-autoreconf dh-python dh-strip-nondeterminism docutils-common
  dwz file gettext gettext-base groff-base intltool-debian libarchive-zip-perl
  libcroco3 libdebhelper-perl libelf1 libexpat1 libexpat1-dev libffi-dev
  libfile-stripnondeterminism-perl libglib2.0-0 libicu67 libjs-jquery
  libjs-sphinxdoc libjs-underscore libmagic-mgc libmagic1 libncursesw6
  libpipeline1 libpython3-all-dbg libpython3-all-dev libpython3-dbg
  libpython3-dev libpython3-stdlib libpython3.8 libpython3.8-dbg
  libpython3.8-dev libpython3.8-minimal libpython3.8-stdlib libpython3.9
  libpython3.9-dbg libpython3.9-dev libpython3.9-minimal libpython3.9-stdlib
  libreadline8 libsigsegv2 libsqlite3-0 libsub-override-perl libtool
  libuchardet0 libxml2 m4 man-db mime-support node-jquery openssl po-debconf
  python-babel-localedata python-pip-whl python3 python3-alabaster python3-all
  python3-all-dbg python3-all-dev python3-appdirs python3-atomicwrites
  python3-attr python3-babel python3-certifi python3-chardet python3-dbg
  python3-dev python3-distlib python3-distutils python3-docutils
  python3-filelock python3-idna python3-imagesize python3-importlib-metadata
  python3-jinja2 python3-lib2to3 python3-markupsafe python3-minimal
  python3-more-itertools python3-packaging python3-pip python3-pkg-resources
  python3-pluggy python3-ply python3-py python3-pycparser python3-pygments
  python3-pyparsing python3-pytest python3-requests python3-roman
  python3-setuptools python3-six python3-snowballstemmer python3-sphinx
  python3-tz python3-urllib3 python3-virtualenv python3-wcwidth python3-wheel
  python3-zipp python3.8 python3.8-dbg python3.8-dev python3.8-minimal
  python3.9 python3.9-dbg python3.9-dev python3.9-minimal readline-common
  sensible-utils sgml-base sphinx-common virtualenv xml-core zlib1g-dev
Suggested packages:
  autoconf-archive gnu-standards autoconf-doc dh-make gettext-doc
  libasprintf-dev libgettextpo-dev groff libtool-doc gfortran
  | fortran95-compiler gcj-jdk m4-doc apparmor less www-browser
  libmail-box-perl python3-doc python3-tk python3-venv python-attr-doc
  docutils-doc fonts-linuxlibertine | ttf-linux-libertine texlive-lang-french
  texlive-latex-base texlive-latex-recommended python-jinja2-doc
  python-ply-doc subversion python-pygments-doc ttf-bitstream-vera
  python-pyparsing-doc python3-cryptography python3-openssl python3-socks
  python-requests-doc python-setuptools-doc python3-stemmer dvipng
  fonts-freefont-otf imagemagick-6.q16 latexmk libjs-mathjax
  python3-sphinx-rtd-theme sphinx-doc texlive-fonts-recommended
  texlive-latex-extra texlive-plain-generic python3.8-venv python3.8-doc
  python3-gdbm-dbg python3-tk-dbg binfmt-support python3.9-venv python3.9-doc
  readline-doc sgml-base-doc
Recommended packages:
  curl | wget | lynx libarchive-cpio-perl libglib2.0-data shared-mime-info
  xdg-user-dirs javascript-common libgpm2 libltdl-dev libmail-sendmail-perl
  libpaper-utils python3-pil gdb
The following NEW packages will be installed:
  autoconf automake autopoint autotools-dev bsdextrautils ca-certificates
  debhelper dh-autoreconf dh-python dh-strip-nondeterminism docutils-common
  dwz file gettext gettext-base groff-base intltool-debian libarchive-zip-perl
  libcroco3 libdebhelper-perl libelf1 libexpat1 libexpat1-dev libffi-dev
  libfile-stripnondeterminism-perl libglib2.0-0 libicu67 libjs-jquery
  libjs-sphinxdoc libjs-underscore libmagic-mgc libmagic1 libncursesw6
  libpipeline1 libpython3-all-dbg libpython3-all-dev libpython3-dbg
  libpython3-dev libpython3-stdlib libpython3.8 libpython3.8-dbg
  libpython3.8-dev libpython3.8-minimal libpython3.8-stdlib libpython3.9
  libpython3.9-dbg libpython3.9-dev libpython3.9-minimal libpython3.9-stdlib
  libreadline8 libsigsegv2 libsqlite3-0 libsub-override-perl libtool
  libuchardet0 libxml2 m4 man-db mime-support node-jquery openssl po-debconf
  python-babel-localedata python-pip-whl python3 python3-alabaster python3-all
  python3-all-dbg python3-all-dev python3-appdirs python3-atomicwrites
  python3-attr python3-babel python3-certifi python3-chardet python3-dbg
  python3-dev python3-distlib python3-distutils python3-docutils
  python3-filelock python3-idna python3-imagesize python3-importlib-metadata
  python3-jinja2 python3-lib2to3 python3-markupsafe python3-minimal
  python3-more-itertools python3-packaging python3-pip python3-pkg-resources
  python3-pluggy python3-ply python3-py python3-pycparser python3-pygments
  python3-pyparsing python3-pytest python3-requests python3-roman
  python3-setuptools python3-six python3-snowballstemmer python3-sphinx
  python3-tz python3-urllib3 python3-virtualenv python3-wcwidth python3-wheel
  python3-zipp python3.8 python3.8-dbg python3.8-dev python3.8-minimal
  python3.9 python3.9-dbg python3.9-dev python3.9-minimal readline-common
  sbuild-build-depends-main-dummy sensible-utils sgml-base sphinx-common
  virtualenv xml-core zlib1g-dev
0 upgraded, 127 newly installed, 0 to remove and 0 not upgraded.
Need to get 125 MB of archives.
After this operation, 456 MB of additional disk space will be used.
Get:1 copy:/<<RESOLVERDIR>>/apt_archive ./ sbuild-build-depends-main-dummy 0.invalid.0 [940 B]
Get:2 http://127.0.0.1:12990/debian sid/main amd64 bsdextrautils amd64 2.36-3+b1 [140 kB]
Get:3 http://127.0.0.1:12990/debian sid/main amd64 libuchardet0 amd64 0.0.7-1 [67.8 kB]
Get:4 http://127.0.0.1:12990/debian sid/main amd64 groff-base amd64 1.22.4-5 [920 kB]
Get:5 http://127.0.0.1:12990/debian sid/main amd64 libpipeline1 amd64 1.5.3-1 [34.3 kB]
Get:6 http://127.0.0.1:12990/debian sid/main amd64 man-db amd64 2.9.3-2 [1314 kB]
Get:7 http://127.0.0.1:12990/debian sid/main amd64 libpython3.8-minimal amd64 3.8.6-1 [761 kB]
Get:8 http://127.0.0.1:12990/debian sid/main amd64 libexpat1 amd64 2.2.10-1 [96.9 kB]
Get:9 http://127.0.0.1:12990/debian sid/main amd64 python3.8-minimal amd64 3.8.6-1 [1863 kB]
Get:10 http://127.0.0.1:12990/debian sid/main amd64 python3-minimal amd64 3.8.6-1 [37.7 kB]
Get:11 http://127.0.0.1:12990/debian sid/main amd64 mime-support all 3.64 [37.8 kB]
Get:12 http://127.0.0.1:12990/debian sid/main amd64 libncursesw6 amd64 6.2+20200918-1 [132 kB]
Get:13 http://127.0.0.1:12990/debian sid/main amd64 readline-common all 8.0-4 [72.5 kB]
Get:14 http://127.0.0.1:12990/debian sid/main amd64 libreadline8 amd64 8.0-4 [160 kB]
Get:15 http://127.0.0.1:12990/debian sid/main amd64 libsqlite3-0 amd64 3.33.0-1 [790 kB]
Get:16 http://127.0.0.1:12990/debian sid/main amd64 libpython3.8-stdlib amd64 3.8.6-1 [1720 kB]
Get:17 http://127.0.0.1:12990/debian sid/main amd64 python3.8 amd64 3.8.6-1 [422 kB]
Get:18 http://127.0.0.1:12990/debian sid/main amd64 libpython3-stdlib amd64 3.8.6-1 [20.9 kB]
Get:19 http://127.0.0.1:12990/debian sid/main amd64 python3 amd64 3.8.6-1 [64.0 kB]
Get:20 http://127.0.0.1:12990/debian sid/main amd64 libpython3.9-minimal amd64 3.9.0-5 [797 kB]
Get:21 http://127.0.0.1:12990/debian sid/main amd64 python3.9-minimal amd64 3.9.0-5 [1957 kB]
Get:22 http://127.0.0.1:12990/debian sid/main amd64 sgml-base all 1.30 [15.1 kB]
Get:23 http://127.0.0.1:12990/debian sid/main amd64 sensible-utils all 0.0.12+nmu1 [16.0 kB]
Get:24 http://127.0.0.1:12990/debian sid/main amd64 libmagic-mgc amd64 1:5.38-5 [262 kB]
Get:25 http://127.0.0.1:12990/debian sid/main amd64 libmagic1 amd64 1:5.38-5 [120 kB]
Get:26 http://127.0.0.1:12990/debian sid/main amd64 file amd64 1:5.38-5 [67.9 kB]
Get:27 http://127.0.0.1:12990/debian sid/main amd64 gettext-base amd64 0.19.8.1-10 [123 kB]
Get:28 http://127.0.0.1:12990/debian sid/main amd64 libsigsegv2 amd64 2.12-2 [32.8 kB]
Get:29 http://127.0.0.1:12990/debian sid/main amd64 m4 amd64 1.4.18-4 [203 kB]
Get:30 http://127.0.0.1:12990/debian sid/main amd64 autoconf all 2.69-11.1 [341 kB]
Get:31 http://127.0.0.1:12990/debian sid/main amd64 autotools-dev all 20180224.1 [77.0 kB]
Get:32 http://127.0.0.1:12990/debian sid/main amd64 automake all 1:1.16.2-4 [801 kB]
Get:33 http://127.0.0.1:12990/debian sid/main amd64 autopoint all 0.19.8.1-10 [435 kB]
Get:34 http://127.0.0.1:12990/debian sid/main amd64 openssl amd64 1.1.1h-1 [848 kB]
Get:35 http://127.0.0.1:12990/debian sid/main amd64 ca-certificates all 20200601 [158 kB]
Get:36 http://127.0.0.1:12990/debian sid/main amd64 libtool all 2.4.6-14 [513 kB]
Get:37 http://127.0.0.1:12990/debian sid/main amd64 dh-autoreconf all 19 [16.9 kB]
Get:38 http://127.0.0.1:12990/debian sid/main amd64 libdebhelper-perl all 13.2.1 [188 kB]
Get:39 http://127.0.0.1:12990/debian sid/main amd64 libarchive-zip-perl all 1.68-1 [104 kB]
Get:40 http://127.0.0.1:12990/debian sid/main amd64 libsub-override-perl all 0.09-2 [10.2 kB]
Get:41 http://127.0.0.1:12990/debian sid/main amd64 libfile-stripnondeterminism-perl all 1.9.0-1 [25.5 kB]
Get:42 http://127.0.0.1:12990/debian sid/main amd64 dh-strip-nondeterminism all 1.9.0-1 [15.2 kB]
Get:43 http://127.0.0.1:12990/debian sid/main amd64 libelf1 amd64 0.181-1 [164 kB]
Get:44 http://127.0.0.1:12990/debian sid/main amd64 dwz amd64 0.13-5 [151 kB]
Get:45 http://127.0.0.1:12990/debian sid/main amd64 libglib2.0-0 amd64 2.66.1-2 [1362 kB]
Get:46 http://127.0.0.1:12990/debian sid/main amd64 libicu67 amd64 67.1-4 [8624 kB]
Get:47 http://127.0.0.1:12990/debian sid/main amd64 libxml2 amd64 2.9.10+dfsg-6.1 [692 kB]
Get:48 http://127.0.0.1:12990/debian sid/main amd64 libcroco3 amd64 0.6.13-1 [146 kB]
Get:49 http://127.0.0.1:12990/debian sid/main amd64 gettext amd64 0.19.8.1-10 [1303 kB]
Get:50 http://127.0.0.1:12990/debian sid/main amd64 intltool-debian all 0.35.0+20060710.5 [26.8 kB]
Get:51 http://127.0.0.1:12990/debian sid/main amd64 po-debconf all 1.0.21 [248 kB]
Get:52 http://127.0.0.1:12990/debian sid/main amd64 debhelper all 13.2.1 [1007 kB]
Get:53 http://127.0.0.1:12990/debian sid/main amd64 python3-lib2to3 all 3.8.6-1 [78.4 kB]
Get:54 http://127.0.0.1:12990/debian sid/main amd64 python3-distutils all 3.8.6-1 [145 kB]
Get:55 http://127.0.0.1:12990/debian sid/main amd64 dh-python all 4.20200925 [98.3 kB]
Get:56 http://127.0.0.1:12990/debian sid/main amd64 xml-core all 0.18+nmu1 [23.8 kB]
Get:57 http://127.0.0.1:12990/debian sid/main amd64 docutils-common all 0.16+dfsg-3 [129 kB]
Get:58 http://127.0.0.1:12990/debian sid/main amd64 libexpat1-dev amd64 2.2.10-1 [140 kB]
Get:59 http://127.0.0.1:12990/debian sid/main amd64 libffi-dev amd64 3.3-4 [56.4 kB]
Get:60 http://127.0.0.1:12990/debian sid/main amd64 node-jquery all 3.5.1+dfsg-4 [309 kB]
Get:61 http://127.0.0.1:12990/debian sid/main amd64 libjs-jquery all 3.5.1+dfsg-4 [3612 B]
Get:62 http://127.0.0.1:12990/debian sid/main amd64 libjs-underscore all 1.9.1~dfsg-1 [99.4 kB]
Get:63 http://127.0.0.1:12990/debian sid/main amd64 libjs-sphinxdoc all 3.2.1-2 [122 kB]
Get:64 http://127.0.0.1:12990/debian sid/main amd64 libpython3.8-dbg amd64 3.8.6-1 [13.2 MB]
Get:65 http://127.0.0.1:12990/debian sid/main amd64 libpython3-dbg amd64 3.8.6-1 [21.1 kB]
Get:66 http://127.0.0.1:12990/debian sid/main amd64 libpython3.9-stdlib amd64 3.9.0-5 [1750 kB]
Get:67 http://127.0.0.1:12990/debian sid/main amd64 libpython3.9-dbg amd64 3.9.0-5 [15.2 MB]
Get:68 http://127.0.0.1:12990/debian sid/main amd64 libpython3-all-dbg amd64 3.8.6-1 [1068 B]
Get:69 http://127.0.0.1:12990/debian sid/main amd64 libpython3.8 amd64 3.8.6-1 [1608 kB]
Get:70 http://127.0.0.1:12990/debian sid/main amd64 libpython3.8-dev amd64 3.8.6-1 [3840 kB]
Get:71 http://127.0.0.1:12990/debian sid/main amd64 libpython3-dev amd64 3.8.6-1 [21.1 kB]
Get:72 http://127.0.0.1:12990/debian sid/main amd64 libpython3.9 amd64 3.9.0-5 [1688 kB]
Get:73 http://127.0.0.1:12990/debian sid/main amd64 libpython3.9-dev amd64 3.9.0-5 [4033 kB]
Get:74 http://127.0.0.1:12990/debian sid/main amd64 libpython3-all-dev amd64 3.8.6-1 [1072 B]
Get:75 http://127.0.0.1:12990/debian sid/main amd64 python-babel-localedata all 2.8.0+dfsg.1-4 [4996 kB]
Get:76 http://127.0.0.1:12990/debian sid/main amd64 python-pip-whl all 20.1.1-2 [1887 kB]
Get:77 http://127.0.0.1:12990/debian sid/main amd64 python3-alabaster all 0.7.8-1.1 [18.6 kB]
Get:78 http://127.0.0.1:12990/debian sid/main amd64 python3.9 amd64 3.9.0-5 [455 kB]
Get:79 http://127.0.0.1:12990/debian sid/main amd64 python3-all amd64 3.8.6-1 [1060 B]
Get:80 http://127.0.0.1:12990/debian sid/main amd64 python3.8-dbg amd64 3.8.6-1 [18.4 MB]
Get:81 http://127.0.0.1:12990/debian sid/main amd64 python3-dbg amd64 3.8.6-1 [1228 B]
Get:82 http://127.0.0.1:12990/debian sid/main amd64 python3.9-dbg amd64 3.9.0-5 [20.8 MB]
Get:83 http://127.0.0.1:12990/debian sid/main amd64 python3-all-dbg amd64 3.8.6-1 [1076 B]
Get:84 http://127.0.0.1:12990/debian sid/main amd64 zlib1g-dev amd64 1:1.2.11.dfsg-2 [190 kB]
Get:85 http://127.0.0.1:12990/debian sid/main amd64 python3.8-dev amd64 3.8.6-1 [515 kB]
Get:86 http://127.0.0.1:12990/debian sid/main amd64 python3-dev amd64 3.8.6-1 [1164 B]
Get:87 http://127.0.0.1:12990/debian sid/main amd64 python3.9-dev amd64 3.9.0-5 [512 kB]
Get:88 http://127.0.0.1:12990/debian sid/main amd64 python3-all-dev amd64 3.8.6-1 [1076 B]
Get:89 http://127.0.0.1:12990/debian sid/main amd64 python3-appdirs all 1.4.4-1 [12.7 kB]
Get:90 http://127.0.0.1:12990/debian sid/main amd64 python3-atomicwrites all 1.4.0-1 [10.2 kB]
Get:91 http://127.0.0.1:12990/debian sid/main amd64 python3-attr all 19.3.0-5 [43.4 kB]
Get:92 http://127.0.0.1:12990/debian sid/main amd64 python3-pkg-resources all 50.3.0-1 [187 kB]
Get:93 http://127.0.0.1:12990/debian sid/main amd64 python3-tz all 2020.1-2 [34.6 kB]
Get:94 http://127.0.0.1:12990/debian sid/main amd64 python3-babel all 2.8.0+dfsg.1-4 [99.9 kB]
Get:95 http://127.0.0.1:12990/debian sid/main amd64 python3-certifi all 2020.6.20-1 [151 kB]
Get:96 http://127.0.0.1:12990/debian sid/main amd64 python3-chardet all 3.0.4-7 [81.1 kB]
Get:97 http://127.0.0.1:12990/debian sid/main amd64 python3-distlib all 0.3.1-1 [123 kB]
Get:98 http://127.0.0.1:12990/debian sid/main amd64 python3-roman all 2.0.0-5 [9064 B]
Get:99 http://127.0.0.1:12990/debian sid/main amd64 python3-docutils all 0.16+dfsg-3 [384 kB]
Get:100 http://127.0.0.1:12990/debian sid/main amd64 python3-filelock all 3.0.12-2 [8036 B]
Get:101 http://127.0.0.1:12990/debian sid/main amd64 python3-idna all 2.10-1 [37.4 kB]
Get:102 http://127.0.0.1:12990/debian sid/main amd64 python3-imagesize all 1.2.0-2 [5824 B]
Get:103 http://127.0.0.1:12990/debian sid/main amd64 python3-six all 1.15.0-1 [16.8 kB]
Get:104 http://127.0.0.1:12990/debian sid/main amd64 python3-more-itertools all 4.2.0-3 [42.7 kB]
Get:105 http://127.0.0.1:12990/debian sid/main amd64 python3-zipp all 1.0.0-3 [6060 B]
Get:106 http://127.0.0.1:12990/debian sid/main amd64 python3-importlib-metadata all 1.6.0-2 [10.3 kB]
Get:107 http://127.0.0.1:12990/debian sid/main amd64 python3-markupsafe amd64 1.1.1-1+b2 [15.3 kB]
Get:108 http://127.0.0.1:12990/debian sid/main amd64 python3-jinja2 all 2.11.2-1 [113 kB]
Get:109 http://127.0.0.1:12990/debian sid/main amd64 python3-pyparsing all 2.4.7-1 [109 kB]
Get:110 http://127.0.0.1:12990/debian sid/main amd64 python3-packaging all 20.4-1 [30.4 kB]
Get:111 http://127.0.0.1:12990/debian sid/main amd64 python3-setuptools all 50.3.0-1 [511 kB]
Get:112 http://127.0.0.1:12990/debian sid/main amd64 python3-wheel all 0.34.2-1 [24.0 kB]
Get:113 http://127.0.0.1:12990/debian sid/main amd64 python3-pip all 20.1.1-2 [295 kB]
Get:114 http://127.0.0.1:12990/debian sid/main amd64 python3-pluggy all 0.13.0-5 [22.1 kB]
Get:115 http://127.0.0.1:12990/debian sid/main amd64 python3-ply all 3.11-4 [65.5 kB]
Get:116 http://127.0.0.1:12990/debian sid/main amd64 python3-py all 1.9.0-1 [94.0 kB]
Get:117 http://127.0.0.1:12990/debian sid/main amd64 python3-pycparser all 2.20-3 [74.5 kB]
Get:118 http://127.0.0.1:12990/debian sid/main amd64 python3-pygments all 2.7.1+dfsg-1 [656 kB]
Get:119 http://127.0.0.1:12990/debian sid/main amd64 python3-wcwidth all 0.1.9+dfsg1-2 [18.2 kB]
Get:120 http://127.0.0.1:12990/debian sid/main amd64 python3-pytest all 4.6.11-1 [268 kB]
Get:121 http://127.0.0.1:12990/debian sid/main amd64 python3-urllib3 all 1.25.9-1 [105 kB]
Get:122 http://127.0.0.1:12990/debian sid/main amd64 python3-requests all 2.24.0+dfsg-1 [71.7 kB]
Get:123 http://127.0.0.1:12990/debian sid/main amd64 python3-snowballstemmer all 2.0.0-2 [58.2 kB]
Get:124 http://127.0.0.1:12990/debian sid/main amd64 sphinx-common all 3.2.1-2 [574 kB]
Get:125 http://127.0.0.1:12990/debian sid/main amd64 python3-sphinx all 3.2.1-2 [534 kB]
Get:126 http://127.0.0.1:12990/debian sid/main amd64 python3-virtualenv all 20.0.32+ds-1 [85.7 kB]
Get:127 http://127.0.0.1:12990/debian sid/main amd64 virtualenv all 20.0.32+ds-1 [19.8 kB]
debconf: delaying package configuration, since apt-utils is not installed
Fetched 125 MB in 1s (129 MB/s)
Selecting previously unselected package bsdextrautils.
(Reading database ... 14056 files and directories currently installed.)
Preparing to unpack .../0-bsdextrautils_2.36-3+b1_amd64.deb ...
Unpacking bsdextrautils (2.36-3+b1) ...
Selecting previously unselected package libuchardet0:amd64.
Preparing to unpack .../1-libuchardet0_0.0.7-1_amd64.deb ...
Unpacking libuchardet0:amd64 (0.0.7-1) ...
Selecting previously unselected package groff-base.
Preparing to unpack .../2-groff-base_1.22.4-5_amd64.deb ...
Unpacking groff-base (1.22.4-5) ...
Selecting previously unselected package libpipeline1:amd64.
Preparing to unpack .../3-libpipeline1_1.5.3-1_amd64.deb ...
Unpacking libpipeline1:amd64 (1.5.3-1) ...
Selecting previously unselected package man-db.
Preparing to unpack .../4-man-db_2.9.3-2_amd64.deb ...
Unpacking man-db (2.9.3-2) ...
Selecting previously unselected package libpython3.8-minimal:amd64.
Preparing to unpack .../5-libpython3.8-minimal_3.8.6-1_amd64.deb ...
Unpacking libpython3.8-minimal:amd64 (3.8.6-1) ...
Selecting previously unselected package libexpat1:amd64.
Preparing to unpack .../6-libexpat1_2.2.10-1_amd64.deb ...
Unpacking libexpat1:amd64 (2.2.10-1) ...
Selecting previously unselected package python3.8-minimal.
Preparing to unpack .../7-python3.8-minimal_3.8.6-1_amd64.deb ...
Unpacking python3.8-minimal (3.8.6-1) ...
Setting up libpython3.8-minimal:amd64 (3.8.6-1) ...
Setting up libexpat1:amd64 (2.2.10-1) ...
Setting up python3.8-minimal (3.8.6-1) ...
Selecting previously unselected package python3-minimal.
(Reading database ... 14903 files and directories currently installed.)
Preparing to unpack .../0-python3-minimal_3.8.6-1_amd64.deb ...
Unpacking python3-minimal (3.8.6-1) ...
Selecting previously unselected package mime-support.
Preparing to unpack .../1-mime-support_3.64_all.deb ...
Unpacking mime-support (3.64) ...
Selecting previously unselected package libncursesw6:amd64.
Preparing to unpack .../2-libncursesw6_6.2+20200918-1_amd64.deb ...
Unpacking libncursesw6:amd64 (6.2+20200918-1) ...
Selecting previously unselected package readline-common.
Preparing to unpack .../3-readline-common_8.0-4_all.deb ...
Unpacking readline-common (8.0-4) ...
Selecting previously unselected package libreadline8:amd64.
Preparing to unpack .../4-libreadline8_8.0-4_amd64.deb ...
Unpacking libreadline8:amd64 (8.0-4) ...
Selecting previously unselected package libsqlite3-0:amd64.
Preparing to unpack .../5-libsqlite3-0_3.33.0-1_amd64.deb ...
Unpacking libsqlite3-0:amd64 (3.33.0-1) ...
Selecting previously unselected package libpython3.8-stdlib:amd64.
Preparing to unpack .../6-libpython3.8-stdlib_3.8.6-1_amd64.deb ...
Unpacking libpython3.8-stdlib:amd64 (3.8.6-1) ...
Selecting previously unselected package python3.8.
Preparing to unpack .../7-python3.8_3.8.6-1_amd64.deb ...
Unpacking python3.8 (3.8.6-1) ...
Selecting previously unselected package libpython3-stdlib:amd64.
Preparing to unpack .../8-libpython3-stdlib_3.8.6-1_amd64.deb ...
Unpacking libpython3-stdlib:amd64 (3.8.6-1) ...
Setting up python3-minimal (3.8.6-1) ...
Selecting previously unselected package python3.
(Reading database ... 15340 files and directories currently installed.)
Preparing to unpack .../000-python3_3.8.6-1_amd64.deb ...
Unpacking python3 (3.8.6-1) ...
Selecting previously unselected package libpython3.9-minimal:amd64.
Preparing to unpack .../001-libpython3.9-minimal_3.9.0-5_amd64.deb ...
Unpacking libpython3.9-minimal:amd64 (3.9.0-5) ...
Selecting previously unselected package python3.9-minimal.
Preparing to unpack .../002-python3.9-minimal_3.9.0-5_amd64.deb ...
Unpacking python3.9-minimal (3.9.0-5) ...
Selecting previously unselected package sgml-base.
Preparing to unpack .../003-sgml-base_1.30_all.deb ...
Unpacking sgml-base (1.30) ...
Selecting previously unselected package sensible-utils.
Preparing to unpack .../004-sensible-utils_0.0.12+nmu1_all.deb ...
Unpacking sensible-utils (0.0.12+nmu1) ...
Selecting previously unselected package libmagic-mgc.
Preparing to unpack .../005-libmagic-mgc_1%3a5.38-5_amd64.deb ...
Unpacking libmagic-mgc (1:5.38-5) ...
Selecting previously unselected package libmagic1:amd64.
Preparing to unpack .../006-libmagic1_1%3a5.38-5_amd64.deb ...
Unpacking libmagic1:amd64 (1:5.38-5) ...
Selecting previously unselected package file.
Preparing to unpack .../007-file_1%3a5.38-5_amd64.deb ...
Unpacking file (1:5.38-5) ...
Selecting previously unselected package gettext-base.
Preparing to unpack .../008-gettext-base_0.19.8.1-10_amd64.deb ...
Unpacking gettext-base (0.19.8.1-10) ...
Selecting previously unselected package libsigsegv2:amd64.
Preparing to unpack .../009-libsigsegv2_2.12-2_amd64.deb ...
Unpacking libsigsegv2:amd64 (2.12-2) ...
Selecting previously unselected package m4.
Preparing to unpack .../010-m4_1.4.18-4_amd64.deb ...
Unpacking m4 (1.4.18-4) ...
Selecting previously unselected package autoconf.
Preparing to unpack .../011-autoconf_2.69-11.1_all.deb ...
Unpacking autoconf (2.69-11.1) ...
Selecting previously unselected package autotools-dev.
Preparing to unpack .../012-autotools-dev_20180224.1_all.deb ...
Unpacking autotools-dev (20180224.1) ...
Selecting previously unselected package automake.
Preparing to unpack .../013-automake_1%3a1.16.2-4_all.deb ...
Unpacking automake (1:1.16.2-4) ...
Selecting previously unselected package autopoint.
Preparing to unpack .../014-autopoint_0.19.8.1-10_all.deb ...
Unpacking autopoint (0.19.8.1-10) ...
Selecting previously unselected package openssl.
Preparing to unpack .../015-openssl_1.1.1h-1_amd64.deb ...
Unpacking openssl (1.1.1h-1) ...
Selecting previously unselected package ca-certificates.
Preparing to unpack .../016-ca-certificates_20200601_all.deb ...
Unpacking ca-certificates (20200601) ...
Selecting previously unselected package libtool.
Preparing to unpack .../017-libtool_2.4.6-14_all.deb ...
Unpacking libtool (2.4.6-14) ...
Selecting previously unselected package dh-autoreconf.
Preparing to unpack .../018-dh-autoreconf_19_all.deb ...
Unpacking dh-autoreconf (19) ...
Selecting previously unselected package libdebhelper-perl.
Preparing to unpack .../019-libdebhelper-perl_13.2.1_all.deb ...
Unpacking libdebhelper-perl (13.2.1) ...
Selecting previously unselected package libarchive-zip-perl.
Preparing to unpack .../020-libarchive-zip-perl_1.68-1_all.deb ...
Unpacking libarchive-zip-perl (1.68-1) ...
Selecting previously unselected package libsub-override-perl.
Preparing to unpack .../021-libsub-override-perl_0.09-2_all.deb ...
Unpacking libsub-override-perl (0.09-2) ...
Selecting previously unselected package libfile-stripnondeterminism-perl.
Preparing to unpack .../022-libfile-stripnondeterminism-perl_1.9.0-1_all.deb ...
Unpacking libfile-stripnondeterminism-perl (1.9.0-1) ...
Selecting previously unselected package dh-strip-nondeterminism.
Preparing to unpack .../023-dh-strip-nondeterminism_1.9.0-1_all.deb ...
Unpacking dh-strip-nondeterminism (1.9.0-1) ...
Selecting previously unselected package libelf1:amd64.
Preparing to unpack .../024-libelf1_0.181-1_amd64.deb ...
Unpacking libelf1:amd64 (0.181-1) ...
Selecting previously unselected package dwz.
Preparing to unpack .../025-dwz_0.13-5_amd64.deb ...
Unpacking dwz (0.13-5) ...
Selecting previously unselected package libglib2.0-0:amd64.
Preparing to unpack .../026-libglib2.0-0_2.66.1-2_amd64.deb ...
Unpacking libglib2.0-0:amd64 (2.66.1-2) ...
Selecting previously unselected package libicu67:amd64.
Preparing to unpack .../027-libicu67_67.1-4_amd64.deb ...
Unpacking libicu67:amd64 (67.1-4) ...
Selecting previously unselected package libxml2:amd64.
Preparing to unpack .../028-libxml2_2.9.10+dfsg-6.1_amd64.deb ...
Unpacking libxml2:amd64 (2.9.10+dfsg-6.1) ...
Selecting previously unselected package libcroco3:amd64.
Preparing to unpack .../029-libcroco3_0.6.13-1_amd64.deb ...
Unpacking libcroco3:amd64 (0.6.13-1) ...
Selecting previously unselected package gettext.
Preparing to unpack .../030-gettext_0.19.8.1-10_amd64.deb ...
Unpacking gettext (0.19.8.1-10) ...
Selecting previously unselected package intltool-debian.
Preparing to unpack .../031-intltool-debian_0.35.0+20060710.5_all.deb ...
Unpacking intltool-debian (0.35.0+20060710.5) ...
Selecting previously unselected package po-debconf.
Preparing to unpack .../032-po-debconf_1.0.21_all.deb ...
Unpacking po-debconf (1.0.21) ...
Selecting previously unselected package debhelper.
Preparing to unpack .../033-debhelper_13.2.1_all.deb ...
Unpacking debhelper (13.2.1) ...
Selecting previously unselected package python3-lib2to3.
Preparing to unpack .../034-python3-lib2to3_3.8.6-1_all.deb ...
Unpacking python3-lib2to3 (3.8.6-1) ...
Selecting previously unselected package python3-distutils.
Preparing to unpack .../035-python3-distutils_3.8.6-1_all.deb ...
Unpacking python3-distutils (3.8.6-1) ...
Selecting previously unselected package dh-python.
Preparing to unpack .../036-dh-python_4.20200925_all.deb ...
Unpacking dh-python (4.20200925) ...
Selecting previously unselected package xml-core.
Preparing to unpack .../037-xml-core_0.18+nmu1_all.deb ...
Unpacking xml-core (0.18+nmu1) ...
Selecting previously unselected package docutils-common.
Preparing to unpack .../038-docutils-common_0.16+dfsg-3_all.deb ...
Unpacking docutils-common (0.16+dfsg-3) ...
Selecting previously unselected package libexpat1-dev:amd64.
Preparing to unpack .../039-libexpat1-dev_2.2.10-1_amd64.deb ...
Unpacking libexpat1-dev:amd64 (2.2.10-1) ...
Selecting previously unselected package libffi-dev:amd64.
Preparing to unpack .../040-libffi-dev_3.3-4_amd64.deb ...
Unpacking libffi-dev:amd64 (3.3-4) ...
Selecting previously unselected package node-jquery.
Preparing to unpack .../041-node-jquery_3.5.1+dfsg-4_all.deb ...
Unpacking node-jquery (3.5.1+dfsg-4) ...
Selecting previously unselected package libjs-jquery.
Preparing to unpack .../042-libjs-jquery_3.5.1+dfsg-4_all.deb ...
Unpacking libjs-jquery (3.5.1+dfsg-4) ...
Selecting previously unselected package libjs-underscore.
Preparing to unpack .../043-libjs-underscore_1.9.1~dfsg-1_all.deb ...
Unpacking libjs-underscore (1.9.1~dfsg-1) ...
Selecting previously unselected package libjs-sphinxdoc.
Preparing to unpack .../044-libjs-sphinxdoc_3.2.1-2_all.deb ...
Unpacking libjs-sphinxdoc (3.2.1-2) ...
Selecting previously unselected package libpython3.8-dbg:amd64.
Preparing to unpack .../045-libpython3.8-dbg_3.8.6-1_amd64.deb ...
Unpacking libpython3.8-dbg:amd64 (3.8.6-1) ...
Selecting previously unselected package libpython3-dbg:amd64.
Preparing to unpack .../046-libpython3-dbg_3.8.6-1_amd64.deb ...
Unpacking libpython3-dbg:amd64 (3.8.6-1) ...
Selecting previously unselected package libpython3.9-stdlib:amd64.
Preparing to unpack .../047-libpython3.9-stdlib_3.9.0-5_amd64.deb ...
Unpacking libpython3.9-stdlib:amd64 (3.9.0-5) ...
Selecting previously unselected package libpython3.9-dbg:amd64.
Preparing to unpack .../048-libpython3.9-dbg_3.9.0-5_amd64.deb ...
Unpacking libpython3.9-dbg:amd64 (3.9.0-5) ...
Selecting previously unselected package libpython3-all-dbg:amd64.
Preparing to unpack .../049-libpython3-all-dbg_3.8.6-1_amd64.deb ...
Unpacking libpython3-all-dbg:amd64 (3.8.6-1) ...
Selecting previously unselected package libpython3.8:amd64.
Preparing to unpack .../050-libpython3.8_3.8.6-1_amd64.deb ...
Unpacking libpython3.8:amd64 (3.8.6-1) ...
Selecting previously unselected package libpython3.8-dev:amd64.
Preparing to unpack .../051-libpython3.8-dev_3.8.6-1_amd64.deb ...
Unpacking libpython3.8-dev:amd64 (3.8.6-1) ...
Selecting previously unselected package libpython3-dev:amd64.
Preparing to unpack .../052-libpython3-dev_3.8.6-1_amd64.deb ...
Unpacking libpython3-dev:amd64 (3.8.6-1) ...
Selecting previously unselected package libpython3.9:amd64.
Preparing to unpack .../053-libpython3.9_3.9.0-5_amd64.deb ...
Unpacking libpython3.9:amd64 (3.9.0-5) ...
Selecting previously unselected package libpython3.9-dev:amd64.
Preparing to unpack .../054-libpython3.9-dev_3.9.0-5_amd64.deb ...
Unpacking libpython3.9-dev:amd64 (3.9.0-5) ...
Selecting previously unselected package libpython3-all-dev:amd64.
Preparing to unpack .../055-libpython3-all-dev_3.8.6-1_amd64.deb ...
Unpacking libpython3-all-dev:amd64 (3.8.6-1) ...
Selecting previously unselected package python-babel-localedata.
Preparing to unpack .../056-python-babel-localedata_2.8.0+dfsg.1-4_all.deb ...
Unpacking python-babel-localedata (2.8.0+dfsg.1-4) ...
Selecting previously unselected package python-pip-whl.
Preparing to unpack .../057-python-pip-whl_20.1.1-2_all.deb ...
Unpacking python-pip-whl (20.1.1-2) ...
Selecting previously unselected package python3-alabaster.
Preparing to unpack .../058-python3-alabaster_0.7.8-1.1_all.deb ...
Unpacking python3-alabaster (0.7.8-1.1) ...
Selecting previously unselected package python3.9.
Preparing to unpack .../059-python3.9_3.9.0-5_amd64.deb ...
Unpacking python3.9 (3.9.0-5) ...
Selecting previously unselected package python3-all.
Preparing to unpack .../060-python3-all_3.8.6-1_amd64.deb ...
Unpacking python3-all (3.8.6-1) ...
Selecting previously unselected package python3.8-dbg.
Preparing to unpack .../061-python3.8-dbg_3.8.6-1_amd64.deb ...
Unpacking python3.8-dbg (3.8.6-1) ...
Selecting previously unselected package python3-dbg.
Preparing to unpack .../062-python3-dbg_3.8.6-1_amd64.deb ...
Unpacking python3-dbg (3.8.6-1) ...
Selecting previously unselected package python3.9-dbg.
Preparing to unpack .../063-python3.9-dbg_3.9.0-5_amd64.deb ...
Unpacking python3.9-dbg (3.9.0-5) ...
Selecting previously unselected package python3-all-dbg.
Preparing to unpack .../064-python3-all-dbg_3.8.6-1_amd64.deb ...
Unpacking python3-all-dbg (3.8.6-1) ...
Selecting previously unselected package zlib1g-dev:amd64.
Preparing to unpack .../065-zlib1g-dev_1%3a1.2.11.dfsg-2_amd64.deb ...
Unpacking zlib1g-dev:amd64 (1:1.2.11.dfsg-2) ...
Selecting previously unselected package python3.8-dev.
Preparing to unpack .../066-python3.8-dev_3.8.6-1_amd64.deb ...
Unpacking python3.8-dev (3.8.6-1) ...
Selecting previously unselected package python3-dev.
Preparing to unpack .../067-python3-dev_3.8.6-1_amd64.deb ...
Unpacking python3-dev (3.8.6-1) ...
Selecting previously unselected package python3.9-dev.
Preparing to unpack .../068-python3.9-dev_3.9.0-5_amd64.deb ...
Unpacking python3.9-dev (3.9.0-5) ...
Selecting previously unselected package python3-all-dev.
Preparing to unpack .../069-python3-all-dev_3.8.6-1_amd64.deb ...
Unpacking python3-all-dev (3.8.6-1) ...
Selecting previously unselected package python3-appdirs.
Preparing to unpack .../070-python3-appdirs_1.4.4-1_all.deb ...
Unpacking python3-appdirs (1.4.4-1) ...
Selecting previously unselected package python3-atomicwrites.
Preparing to unpack .../071-python3-atomicwrites_1.4.0-1_all.deb ...
Unpacking python3-atomicwrites (1.4.0-1) ...
Selecting previously unselected package python3-attr.
Preparing to unpack .../072-python3-attr_19.3.0-5_all.deb ...
Unpacking python3-attr (19.3.0-5) ...
Selecting previously unselected package python3-pkg-resources.
Preparing to unpack .../073-python3-pkg-resources_50.3.0-1_all.deb ...
Unpacking python3-pkg-resources (50.3.0-1) ...
Selecting previously unselected package python3-tz.
Preparing to unpack .../074-python3-tz_2020.1-2_all.deb ...
Unpacking python3-tz (2020.1-2) ...
Selecting previously unselected package python3-babel.
Preparing to unpack .../075-python3-babel_2.8.0+dfsg.1-4_all.deb ...
Unpacking python3-babel (2.8.0+dfsg.1-4) ...
Selecting previously unselected package python3-certifi.
Preparing to unpack .../076-python3-certifi_2020.6.20-1_all.deb ...
Unpacking python3-certifi (2020.6.20-1) ...
Selecting previously unselected package python3-chardet.
Preparing to unpack .../077-python3-chardet_3.0.4-7_all.deb ...
Unpacking python3-chardet (3.0.4-7) ...
Selecting previously unselected package python3-distlib.
Preparing to unpack .../078-python3-distlib_0.3.1-1_all.deb ...
Unpacking python3-distlib (0.3.1-1) ...
Selecting previously unselected package python3-roman.
Preparing to unpack .../079-python3-roman_2.0.0-5_all.deb ...
Unpacking python3-roman (2.0.0-5) ...
Selecting previously unselected package python3-docutils.
Preparing to unpack .../080-python3-docutils_0.16+dfsg-3_all.deb ...
Unpacking python3-docutils (0.16+dfsg-3) ...
Selecting previously unselected package python3-filelock.
Preparing to unpack .../081-python3-filelock_3.0.12-2_all.deb ...
Unpacking python3-filelock (3.0.12-2) ...
Selecting previously unselected package python3-idna.
Preparing to unpack .../082-python3-idna_2.10-1_all.deb ...
Unpacking python3-idna (2.10-1) ...
Selecting previously unselected package python3-imagesize.
Preparing to unpack .../083-python3-imagesize_1.2.0-2_all.deb ...
Unpacking python3-imagesize (1.2.0-2) ...
Selecting previously unselected package python3-six.
Preparing to unpack .../084-python3-six_1.15.0-1_all.deb ...
Unpacking python3-six (1.15.0-1) ...
Selecting previously unselected package python3-more-itertools.
Preparing to unpack .../085-python3-more-itertools_4.2.0-3_all.deb ...
Unpacking python3-more-itertools (4.2.0-3) ...
Selecting previously unselected package python3-zipp.
Preparing to unpack .../086-python3-zipp_1.0.0-3_all.deb ...
Unpacking python3-zipp (1.0.0-3) ...
Selecting previously unselected package python3-importlib-metadata.
Preparing to unpack .../087-python3-importlib-metadata_1.6.0-2_all.deb ...
Unpacking python3-importlib-metadata (1.6.0-2) ...
Selecting previously unselected package python3-markupsafe.
Preparing to unpack .../088-python3-markupsafe_1.1.1-1+b2_amd64.deb ...
Unpacking python3-markupsafe (1.1.1-1+b2) ...
Selecting previously unselected package python3-jinja2.
Preparing to unpack .../089-python3-jinja2_2.11.2-1_all.deb ...
Unpacking python3-jinja2 (2.11.2-1) ...
Selecting previously unselected package python3-pyparsing.
Preparing to unpack .../090-python3-pyparsing_2.4.7-1_all.deb ...
Unpacking python3-pyparsing (2.4.7-1) ...
Selecting previously unselected package python3-packaging.
Preparing to unpack .../091-python3-packaging_20.4-1_all.deb ...
Unpacking python3-packaging (20.4-1) ...
Selecting previously unselected package python3-setuptools.
Preparing to unpack .../092-python3-setuptools_50.3.0-1_all.deb ...
Unpacking python3-setuptools (50.3.0-1) ...
Selecting previously unselected package python3-wheel.
Preparing to unpack .../093-python3-wheel_0.34.2-1_all.deb ...
Unpacking python3-wheel (0.34.2-1) ...
Selecting previously unselected package python3-pip.
Preparing to unpack .../094-python3-pip_20.1.1-2_all.deb ...
Unpacking python3-pip (20.1.1-2) ...
Selecting previously unselected package python3-pluggy.
Preparing to unpack .../095-python3-pluggy_0.13.0-5_all.deb ...
Unpacking python3-pluggy (0.13.0-5) ...
Selecting previously unselected package python3-ply.
Preparing to unpack .../096-python3-ply_3.11-4_all.deb ...
Unpacking python3-ply (3.11-4) ...
Selecting previously unselected package python3-py.
Preparing to unpack .../097-python3-py_1.9.0-1_all.deb ...
Unpacking python3-py (1.9.0-1) ...
Selecting previously unselected package python3-pycparser.
Preparing to unpack .../098-python3-pycparser_2.20-3_all.deb ...
Unpacking python3-pycparser (2.20-3) ...
Selecting previously unselected package python3-pygments.
Preparing to unpack .../099-python3-pygments_2.7.1+dfsg-1_all.deb ...
Unpacking python3-pygments (2.7.1+dfsg-1) ...
Selecting previously unselected package python3-wcwidth.
Preparing to unpack .../100-python3-wcwidth_0.1.9+dfsg1-2_all.deb ...
Unpacking python3-wcwidth (0.1.9+dfsg1-2) ...
Selecting previously unselected package python3-pytest.
Preparing to unpack .../101-python3-pytest_4.6.11-1_all.deb ...
Unpacking python3-pytest (4.6.11-1) ...
Selecting previously unselected package python3-urllib3.
Preparing to unpack .../102-python3-urllib3_1.25.9-1_all.deb ...
Unpacking python3-urllib3 (1.25.9-1) ...
Selecting previously unselected package python3-requests.
Preparing to unpack .../103-python3-requests_2.24.0+dfsg-1_all.deb ...
Unpacking python3-requests (2.24.0+dfsg-1) ...
Selecting previously unselected package python3-snowballstemmer.
Preparing to unpack .../104-python3-snowballstemmer_2.0.0-2_all.deb ...
Unpacking python3-snowballstemmer (2.0.0-2) ...
Selecting previously unselected package sphinx-common.
Preparing to unpack .../105-sphinx-common_3.2.1-2_all.deb ...
Unpacking sphinx-common (3.2.1-2) ...
Selecting previously unselected package python3-sphinx.
Preparing to unpack .../106-python3-sphinx_3.2.1-2_all.deb ...
Unpacking python3-sphinx (3.2.1-2) ...
Selecting previously unselected package python3-virtualenv.
Preparing to unpack .../107-python3-virtualenv_20.0.32+ds-1_all.deb ...
Unpacking python3-virtualenv (20.0.32+ds-1) ...
Selecting previously unselected package virtualenv.
Preparing to unpack .../108-virtualenv_20.0.32+ds-1_all.deb ...
Unpacking virtualenv (20.0.32+ds-1) ...
Selecting previously unselected package sbuild-build-depends-main-dummy.
Preparing to unpack .../109-sbuild-build-depends-main-dummy_0.invalid.0_amd64.deb ...
Unpacking sbuild-build-depends-main-dummy (0.invalid.0) ...
Setting up libpipeline1:amd64 (1.5.3-1) ...
Setting up mime-support (3.64) ...
Setting up bsdextrautils (2.36-3+b1) ...
update-alternatives: using /usr/bin/write.ul to provide /usr/bin/write (write) in auto mode
Setting up libicu67:amd64 (67.1-4) ...
Setting up libmagic-mgc (1:5.38-5) ...
Setting up libarchive-zip-perl (1.68-1) ...
Setting up libglib2.0-0:amd64 (2.66.1-2) ...
No schema files found: doing nothing.
Setting up libpython3.9-minimal:amd64 (3.9.0-5) ...
Setting up libdebhelper-perl (13.2.1) ...
Setting up libsqlite3-0:amd64 (3.33.0-1) ...
Setting up libmagic1:amd64 (1:5.38-5) ...
Setting up gettext-base (0.19.8.1-10) ...
Setting up file (1:5.38-5) ...
Setting up libffi-dev:amd64 (3.3-4) ...
Setting up python-babel-localedata (2.8.0+dfsg.1-4) ...
Setting up autotools-dev (20180224.1) ...
Setting up libexpat1-dev:amd64 (2.2.10-1) ...
Setting up libsigsegv2:amd64 (2.12-2) ...
Setting up autopoint (0.19.8.1-10) ...
Setting up libncursesw6:amd64 (6.2+20200918-1) ...
Setting up zlib1g-dev:amd64 (1:1.2.11.dfsg-2) ...
Setting up sensible-utils (0.0.12+nmu1) ...
Setting up libuchardet0:amd64 (0.0.7-1) ...
Setting up libsub-override-perl (0.09-2) ...
Setting up sgml-base (1.30) ...
Setting up python3.9-minimal (3.9.0-5) ...
Setting up openssl (1.1.1h-1) ...
Setting up libelf1:amd64 (0.181-1) ...
Setting up readline-common (8.0-4) ...
Setting up libxml2:amd64 (2.9.10+dfsg-6.1) ...
Setting up node-jquery (3.5.1+dfsg-4) ...
Setting up libjs-underscore (1.9.1~dfsg-1) ...
Setting up libfile-stripnondeterminism-perl (1.9.0-1) ...
Setting up libtool (2.4.6-14) ...
Setting up libreadline8:amd64 (8.0-4) ...
Setting up m4 (1.4.18-4) ...
Setting up ca-certificates (20200601) ...
Updating certificates in /etc/ssl/certs...
126 added, 0 removed; done.
Setting up libcroco3:amd64 (0.6.13-1) ...
Setting up autoconf (2.69-11.1) ...
Setting up dh-strip-nondeterminism (1.9.0-1) ...
Setting up dwz (0.13-5) ...
Setting up groff-base (1.22.4-5) ...
Setting up xml-core (0.18+nmu1) ...
Setting up python-pip-whl (20.1.1-2) ...
Setting up libjs-jquery (3.5.1+dfsg-4) ...
Setting up libpython3.8-stdlib:amd64 (3.8.6-1) ...
Setting up python3.8 (3.8.6-1) ...
Setting up libpython3.9-stdlib:amd64 (3.9.0-5) ...
Setting up libpython3-stdlib:amd64 (3.8.6-1) ...
Setting up automake (1:1.16.2-4) ...
update-alternatives: using /usr/bin/automake-1.16 to provide /usr/bin/automake (automake) in auto mode
Setting up gettext (0.19.8.1-10) ...
Setting up libpython3.9-dbg:amd64 (3.9.0-5) ...
Setting up libpython3.8-dbg:amd64 (3.8.6-1) ...
Setting up libpython3-dbg:amd64 (3.8.6-1) ...
Setting up python3 (3.8.6-1) ...
Setting up libpython3-all-dbg:amd64 (3.8.6-1) ...
Setting up python3-distlib (0.3.1-1) ...
Setting up man-db (2.9.3-2) ...
Not building database; man-db/auto-update is not 'true'.
Setting up python3-markupsafe (1.1.1-1+b2) ...
Setting up python3-wheel (0.34.2-1) ...
Setting up python3-tz (2020.1-2) ...
Setting up python3-atomicwrites (1.4.0-1) ...
Setting up intltool-debian (0.35.0+20060710.5) ...
Setting up python3-six (1.15.0-1) ...
Setting up python3-roman (2.0.0-5) ...
Setting up python3-jinja2 (2.11.2-1) ...
Setting up libpython3.9:amd64 (3.9.0-5) ...
Setting up python3-wcwidth (0.1.9+dfsg1-2) ...
Setting up python3-pyparsing (2.4.7-1) ...
Setting up python3-certifi (2020.6.20-1) ...
Setting up python3-snowballstemmer (2.0.0-2) ...
Setting up libpython3.8:amd64 (3.8.6-1) ...
Setting up python3-idna (2.10-1) ...
Setting up libjs-sphinxdoc (3.2.1-2) ...
Setting up python3-urllib3 (1.25.9-1) ...
Setting up python3-lib2to3 (3.8.6-1) ...
Setting up python3-appdirs (1.4.4-1) ...
Setting up python3.9 (3.9.0-5) ...
Setting up python3-imagesize (1.2.0-2) ...
Setting up python3-pkg-resources (50.3.0-1) ...
Setting up python3-distutils (3.8.6-1) ...
Setting up dh-python (4.20200925) ...
Setting up python3.8-dbg (3.8.6-1) ...
Setting up python3-more-itertools (4.2.0-3) ...
Setting up python3-attr (19.3.0-5) ...
Setting up python3-filelock (3.0.12-2) ...
Setting up python3-setuptools (50.3.0-1) ...
Setting up python3-py (1.9.0-1) ...
Setting up python3-babel (2.8.0+dfsg.1-4) ...
update-alternatives: using /usr/bin/pybabel-python3 to provide /usr/bin/pybabel (pybabel) in auto mode
Setting up python3-alabaster (0.7.8-1.1) ...
Setting up po-debconf (1.0.21) ...
Setting up python3-ply (3.11-4) ...
Setting up libpython3.9-dev:amd64 (3.9.0-5) ...
Setting up python3-all (3.8.6-1) ...
Setting up python3-zipp (1.0.0-3) ...
Setting up python3-pycparser (2.20-3) ...
Setting up python3.9-dbg (3.9.0-5) ...
Setting up python3-pygments (2.7.1+dfsg-1) ...
Setting up python3-packaging (20.4-1) ...
Setting up python3-chardet (3.0.4-7) ...
Setting up libpython3.8-dev:amd64 (3.8.6-1) ...
Setting up sphinx-common (3.2.1-2) ...
Setting up python3-requests (2.24.0+dfsg-1) ...
Setting up python3-pip (20.1.1-2) ...
Setting up python3.8-dev (3.8.6-1) ...
Setting up python3.9-dev (3.9.0-5) ...
Setting up python3-dbg (3.8.6-1) ...
Setting up libpython3-dev:amd64 (3.8.6-1) ...
Setting up python3-importlib-metadata (1.6.0-2) ...
Setting up python3-virtualenv (20.0.32+ds-1) ...
Setting up libpython3-all-dev:amd64 (3.8.6-1) ...
Setting up virtualenv (20.0.32+ds-1) ...
Setting up python3-dev (3.8.6-1) ...
Setting up python3-pluggy (0.13.0-5) ...
Setting up python3-all-dbg (3.8.6-1) ...
Setting up python3-all-dev (3.8.6-1) ...
Setting up python3-pytest (4.6.11-1) ...
Setting up debhelper (13.2.1) ...
Setting up dh-autoreconf (19) ...
Processing triggers for libc-bin (2.31-4) ...
Processing triggers for sgml-base (1.30) ...
Setting up docutils-common (0.16+dfsg-3) ...
Processing triggers for sgml-base (1.30) ...
Setting up python3-docutils (0.16+dfsg-3) ...
update-alternatives: using /usr/share/docutils/scripts/python3/rst-buildhtml to provide /usr/bin/rst-buildhtml (rst-buildhtml) in auto mode
update-alternatives: using /usr/share/docutils/scripts/python3/rst2html to provide /usr/bin/rst2html (rst2html) in auto mode
update-alternatives: using /usr/share/docutils/scripts/python3/rst2html4 to provide /usr/bin/rst2html4 (rst2html4) in auto mode
update-alternatives: using /usr/share/docutils/scripts/python3/rst2html5 to provide /usr/bin/rst2html5 (rst2html5) in auto mode
update-alternatives: using /usr/share/docutils/scripts/python3/rst2latex to provide /usr/bin/rst2latex (rst2latex) in auto mode
update-alternatives: using /usr/share/docutils/scripts/python3/rst2man to provide /usr/bin/rst2man (rst2man) in auto mode
update-alternatives: using /usr/share/docutils/scripts/python3/rst2odt to provide /usr/bin/rst2odt (rst2odt) in auto mode
update-alternatives: using /usr/share/docutils/scripts/python3/rst2odt_prepstyles to provide /usr/bin/rst2odt_prepstyles (rst2odt_prepstyles) in auto mode
update-alternatives: using /usr/share/docutils/scripts/python3/rst2pseudoxml to provide /usr/bin/rst2pseudoxml (rst2pseudoxml) in auto mode
update-alternatives: using /usr/share/docutils/scripts/python3/rst2s5 to provide /usr/bin/rst2s5 (rst2s5) in auto mode
update-alternatives: using /usr/share/docutils/scripts/python3/rst2xetex to provide /usr/bin/rst2xetex (rst2xetex) in auto mode
update-alternatives: using /usr/share/docutils/scripts/python3/rst2xml to provide /usr/bin/rst2xml (rst2xml) in auto mode
update-alternatives: using /usr/share/docutils/scripts/python3/rstpep2html to provide /usr/bin/rstpep2html (rstpep2html) in auto mode
Setting up python3-sphinx (3.2.1-2) ...
Setting up sbuild-build-depends-main-dummy (0.invalid.0) ...
Processing triggers for ca-certificates (20200601) ...
Updating certificates in /etc/ssl/certs...
0 added, 0 removed; done.
Running hooks in /etc/ca-certificates/update.d...
done.

+------------------------------------------------------------------------------+
| Check architectures                                                          |
+------------------------------------------------------------------------------+

Arch check ok (amd64 included in any all)

+------------------------------------------------------------------------------+
| Build environment                                                            |
+------------------------------------------------------------------------------+

Kernel: Linux 4.19.0-6-cloud-amd64 #1 SMP Debian 4.19.67-2+deb10u2 (2019-11-11) amd64 (x86_64)
Toolchain package versions: binutils_2.35.1-2 dpkg-dev_1.20.5 g++-10_10.2.0-15 gcc-10_10.2.0-15 libc6-dev_2.31-4 libstdc++-10-dev_10.2.0-15 libstdc++6_10.2.0-15 linux-libc-dev_5.9.1-1
Package versions: adduser_3.118 apt_2.1.11 autoconf_2.69-11.1 automake_1:1.16.2-4 autopoint_0.19.8.1-10 autotools-dev_20180224.1 base-files_11 base-passwd_3.5.48 bash_5.1~rc1-2 binutils_2.35.1-2 binutils-common_2.35.1-2 binutils-x86-64-linux-gnu_2.35.1-2 bsdextrautils_2.36-3+b1 bsdutils_1:2.36-3+b1 build-essential_12.8 bzip2_1.0.8-4 ca-certificates_20200601 clang-10_1:10.0.1-7 coreutils_8.32-4+b1 cpp_4:10.2.0-1 cpp-10_10.2.0-15 dash_0.5.10.2-7 debconf_1.5.74 debhelper_13.2.1 debian-archive-keyring_2019.1 debianutils_4.11.2 dh-autoreconf_19 dh-python_4.20200925 dh-strip-nondeterminism_1.9.0-1 diffutils_1:3.7-3 docutils-common_0.16+dfsg-3 dpkg_1.20.5 dpkg-dev_1.20.5 dwz_0.13-5 e2fsprogs_1.45.6-1 fakeroot_1.25.3-1 file_1:5.38-5 findutils_4.7.0+git20201010-2 g++_4:10.2.0-1 g++-10_10.2.0-15 gcc_4:10.2.0-1 gcc-10_10.2.0-15 gcc-10-base_10.2.0-15 gcc-9-base_9.3.0-18 gettext_0.19.8.1-10 gettext-base_0.19.8.1-10 gpgv_2.2.20-1 grep_3.4-1 groff-base_1.22.4-5 gzip_1.10-2 hostname_3.23 init-system-helpers_1.58 intltool-debian_0.35.0+20060710.5 lib32gcc-s1_10.2.0-15 lib32stdc++6_10.2.0-15 libacl1_2.2.53-8 libapt-pkg6.0_2.1.11 libarchive-zip-perl_1.68-1 libasan5_9.3.0-18 libasan6_10.2.0-15 libatomic1_10.2.0-15 libattr1_1:2.4.48-5 libaudit-common_1:2.8.5-3.1 libaudit1_1:2.8.5-3.1 libbinutils_2.35.1-2 libblkid1_2.36-3+b1 libbsd0_0.10.0-1 libbz2-1.0_1.0.8-4 libc-bin_2.31-4 libc-dev-bin_2.31-4 libc6_2.31-4 libc6-dev_2.31-4 libc6-i386_2.31-4 libcap-ng0_0.7.9-2.2 libcc1-0_10.2.0-15 libclang-common-10-dev_1:10.0.1-7 libclang-cpp10_1:10.0.1-7 libclang1-10_1:10.0.1-7 libcom-err2_1.45.6-1 libcroco3_0.6.13-1 libcrypt-dev_1:4.4.17-1 libcrypt1_1:4.4.17-1 libctf-nobfd0_2.35.1-2 libctf0_2.35.1-2 libdb5.3_5.3.28+dfsg1-0.6 libdebconfclient0_0.255 libdebhelper-perl_13.2.1 libdpkg-perl_1.20.5 libedit2_3.1-20191231-1 libelf1_0.181-1 libexpat1_2.2.10-1 libexpat1-dev_2.2.10-1 libext2fs2_1.45.6-1 libfakeroot_1.25.3-1 libffi-dev_3.3-4 libffi7_3.3-4 libfile-stripnondeterminism-perl_1.9.0-1 libgc1_1:8.0.4-2.1 libgcc-10-dev_10.2.0-15 libgcc-9-dev_9.3.0-18 libgcc-s1_10.2.0-15 libgcrypt20_1.8.7-2 libgdbm-compat4_1.18.1-5.1 libgdbm6_1.18.1-5.1 libglib2.0-0_2.66.1-2 libgmp10_2:6.2.0+dfsg-6 libgnutls30_3.6.15-4 libgomp1_10.2.0-15 libgpg-error0_1.38-2 libgssapi-krb5-2_1.17-10 libhogweed6_3.6-2 libicu67_67.1-4 libidn2-0_2.3.0-1 libisl22_0.22.1-1 libitm1_10.2.0-15 libjs-jquery_3.5.1+dfsg-4 libjs-sphinxdoc_3.2.1-2 libjs-underscore_1.9.1~dfsg-1 libk5crypto3_1.17-10 libkeyutils1_1.6.1-2 libkrb5-3_1.17-10 libkrb5support0_1.17-10 libllvm10_1:10.0.1-7 liblsan0_10.2.0-15 liblz4-1_1.9.2-2 liblzma5_5.2.4-1+b1 libmagic-mgc_1:5.38-5 libmagic1_1:5.38-5 libmount1_2.36-3+b1 libmpc3_1.2.0-1 libmpfr6_4.1.0-3 libncursesw6_6.2+20200918-1 libnettle8_3.6-2 libnsl-dev_1.3.0-2 libnsl2_1.3.0-2 libnss-nis_3.1-4 libnss-nisplus_1.3-4 libobjc-10-dev_10.2.0-15 libobjc-9-dev_9.3.0-18 libobjc4_10.2.0-15 libomp-10-dev_1:10.0.1-7 libomp5-10_1:10.0.1-7 libp11-kit0_0.23.21-2 libpam-modules_1.3.1-5 libpam-modules-bin_1.3.1-5 libpam-runtime_1.3.1-5 libpam0g_1.3.1-5 libpcre2-8-0_10.34-7 libpcre3_2:8.39-13 libperl5.30_5.30.3-4 libpipeline1_1.5.3-1 libpython3-all-dbg_3.8.6-1 libpython3-all-dev_3.8.6-1 libpython3-dbg_3.8.6-1 libpython3-dev_3.8.6-1 libpython3-stdlib_3.8.6-1 libpython3.8_3.8.6-1 libpython3.8-dbg_3.8.6-1 libpython3.8-dev_3.8.6-1 libpython3.8-minimal_3.8.6-1 libpython3.8-stdlib_3.8.6-1 libpython3.9_3.9.0-5 libpython3.9-dbg_3.9.0-5 libpython3.9-dev_3.9.0-5 libpython3.9-minimal_3.9.0-5 libpython3.9-stdlib_3.9.0-5 libquadmath0_10.2.0-15 libreadline8_8.0-4 libseccomp2_2.4.4-1+b1 libselinux1_3.1-2+b1 libsemanage-common_3.1-1 libsemanage1_3.1-1+b1 libsepol1_3.1-1 libsigsegv2_2.12-2 libsmartcols1_2.36-3+b1 libsqlite3-0_3.33.0-1 libss2_1.45.6-1 libssl1.1_1.1.1h-1 libstdc++-10-dev_10.2.0-15 libstdc++6_10.2.0-15 libsub-override-perl_0.09-2 libsystemd0_246.6-2 libtasn1-6_4.16.0-2 libtinfo6_6.2+20200918-1 libtirpc-common_1.2.6-3 libtirpc-dev_1.2.6-3 libtirpc3_1.2.6-3 libtool_2.4.6-14 libtsan0_10.2.0-15 libubsan1_10.2.0-15 libuchardet0_0.0.7-1 libudev1_246.6-2 libunistring2_0.9.10-4 libuuid1_2.36-3+b1 libxml2_2.9.10+dfsg-6.1 libz3-4_4.8.9-1 libzstd1_1.4.5+dfsg-4 linux-libc-dev_5.9.1-1 login_1:4.8.1-1 logsave_1.45.6-1 lsb-base_11.1.0 m4_1.4.18-4 make_4.3-4 man-db_2.9.3-2 mawk_1.3.4.20200120-2 mime-support_3.64 mount_2.36-3+b1 ncurses-base_6.2+20200918-1 ncurses-bin_6.2+20200918-1 node-jquery_3.5.1+dfsg-4 openssl_1.1.1h-1 passwd_1:4.8.1-1 patch_2.7.6-6 perl_5.30.3-4 perl-base_5.30.3-4 perl-modules-5.30_5.30.3-4 po-debconf_1.0.21 python-babel-localedata_2.8.0+dfsg.1-4 python-pip-whl_20.1.1-2 python3_3.8.6-1 python3-alabaster_0.7.8-1.1 python3-all_3.8.6-1 python3-all-dbg_3.8.6-1 python3-all-dev_3.8.6-1 python3-appdirs_1.4.4-1 python3-atomicwrites_1.4.0-1 python3-attr_19.3.0-5 python3-babel_2.8.0+dfsg.1-4 python3-certifi_2020.6.20-1 python3-chardet_3.0.4-7 python3-dbg_3.8.6-1 python3-dev_3.8.6-1 python3-distlib_0.3.1-1 python3-distutils_3.8.6-1 python3-docutils_0.16+dfsg-3 python3-filelock_3.0.12-2 python3-idna_2.10-1 python3-imagesize_1.2.0-2 python3-importlib-metadata_1.6.0-2 python3-jinja2_2.11.2-1 python3-lib2to3_3.8.6-1 python3-markupsafe_1.1.1-1+b2 python3-minimal_3.8.6-1 python3-more-itertools_4.2.0-3 python3-packaging_20.4-1 python3-pip_20.1.1-2 python3-pkg-resources_50.3.0-1 python3-pluggy_0.13.0-5 python3-ply_3.11-4 python3-py_1.9.0-1 python3-pycparser_2.20-3 python3-pygments_2.7.1+dfsg-1 python3-pyparsing_2.4.7-1 python3-pytest_4.6.11-1 python3-requests_2.24.0+dfsg-1 python3-roman_2.0.0-5 python3-setuptools_50.3.0-1 python3-six_1.15.0-1 python3-snowballstemmer_2.0.0-2 python3-sphinx_3.2.1-2 python3-tz_2020.1-2 python3-urllib3_1.25.9-1 python3-virtualenv_20.0.32+ds-1 python3-wcwidth_0.1.9+dfsg1-2 python3-wheel_0.34.2-1 python3-zipp_1.0.0-3 python3.8_3.8.6-1 python3.8-dbg_3.8.6-1 python3.8-dev_3.8.6-1 python3.8-minimal_3.8.6-1 python3.9_3.9.0-5 python3.9-dbg_3.9.0-5 python3.9-dev_3.9.0-5 python3.9-minimal_3.9.0-5 qt5-qmake_5.14.2+dfsg-6 qt5-qmake-bin_5.14.2+dfsg-6 qtchooser_66-2 readline-common_8.0-4 sbuild-build-depends-main-dummy_0.invalid.0 sed_4.7-1 sensible-utils_0.0.12+nmu1 sgml-base_1.30 sphinx-common_3.2.1-2 sysvinit-utils_2.96-5 tar_1.30+dfsg-7 tzdata_2020d-1 util-linux_2.36-3+b1 virtualenv_20.0.32+ds-1 xml-core_0.18+nmu1 xz-utils_5.2.4-1+b1 zlib1g_1:1.2.11.dfsg-2 zlib1g-dev_1:1.2.11.dfsg-2

+------------------------------------------------------------------------------+
| Build                                                                        |
+------------------------------------------------------------------------------+


Unpack source
-------------

-----BEGIN PGP SIGNED MESSAGE-----
Hash: SHA512

Format: 3.0 (quilt)
Source: python-cffi
Binary: python3-cffi, python3-cffi-backend, python3-cffi-backend-dbg, python-cffi-doc
Architecture: any all
Version: 1.14.3-2
Maintainer: Debian Python Team <team+python@tracker.debian.org>
Uploaders: Stefano Rivera <stefanor@debian.org>
Homepage: https://cffi.readthedocs.org/
Standards-Version: 4.5.0
Vcs-Browser: https://salsa.debian.org/python-team/packages/python-cffi
Vcs-Git: https://salsa.debian.org/python-team/packages/python-cffi.git
Testsuite: autopkgtest
Testsuite-Triggers: build-essential, python3-all-dbg, python3-all-dev, python3-py, python3-pytest, python3-setuptools, virtualenv
Build-Depends: debhelper-compat (= 12), dh-python, libffi-dev, python3-all-dbg, python3-all-dev, python3-py, python3-pycparser, python3-pytest, python3-setuptools, python3-sphinx, virtualenv
Package-List:
 python-cffi-doc deb doc optional arch=all
 python3-cffi deb python optional arch=all
 python3-cffi-backend deb python optional arch=any
 python3-cffi-backend-dbg deb debug optional arch=any
Checksums-Sha1:
 7199374653c1927e8d3c523b6498b149acdb6f7e 470804 python-cffi_1.14.3.orig.tar.gz
 3f6f65e469048bf5b01ebd5f57d508784cbce513 7496 python-cffi_1.14.3-2.debian.tar.xz
Checksums-Sha256:
 f92f789e4f9241cd262ad7a555ca2c648a98178a953af117ef7fad46aa1d5591 470804 python-cffi_1.14.3.orig.tar.gz
 48c3a851577d942188be6892ba92b037b0d3e2a52abc777740ac9f1b3a87a03e 7496 python-cffi_1.14.3-2.debian.tar.xz
Files:
 c2a47ffd5d183b193ac8ed3414dcfd07 470804 python-cffi_1.14.3.orig.tar.gz
 55d4df778a41f4fdeb9ad07759c13389 7496 python-cffi_1.14.3-2.debian.tar.xz

-----BEGIN PGP SIGNATURE-----

iHUEARYKAB0WIQTumtb5BSD6EfafSCRHew2wJjpU2AUCX4c0FAAKCRBHew2wJjpU
2Cf9AQC8x3t+dgWN2eB6ynw10cjWpPSdECuJBGxTqE2NPLMOWAEAoaNE6fyHGlb7
/9Sl4YfTyW7y4Q/8fvEXBdTuFw9yMAk=
=zbUv
-----END PGP SIGNATURE-----

gpgv: unknown type of key resource 'trustedkeys.kbx'
gpgv: keyblock resource '/tmp/dpkg-verify-sig.XyLSWLVd/trustedkeys.kbx': General error
gpgv: Signature made Wed Oct 14 17:23:32 2020 UTC
gpgv:                using EDDSA key EE9AD6F90520FA11F69F4824477B0DB0263A54D8
gpgv: Can't check signature: No public key
dpkg-source: warning: failed to verify signature on ./python-cffi_1.14.3-2.dsc
dpkg-source: info: extracting python-cffi in /<<PKGBUILDDIR>>
dpkg-source: info: unpacking python-cffi_1.14.3.orig.tar.gz
dpkg-source: info: unpacking python-cffi_1.14.3-2.debian.tar.xz
dpkg-source: info: using patch list from debian/patches/series
dpkg-source: info: applying python3.9-dbg-test-segfault

Check disk space
----------------

Sufficient free space for build

User Environment
----------------

APT_CONFIG=/var/lib/sbuild/apt.conf
HOME=/sbuild-nonexistent
LANG=C.UTF-8
LC_ALL=C.UTF-8
LOGNAME=user42
PATH=/usr/local/sbin:/usr/local/bin:/usr/sbin:/usr/bin:/sbin:/bin:/usr/games
SCHROOT_ALIAS_NAME=unstable
SCHROOT_CHROOT_NAME=sid-amd64-sbuild
SCHROOT_COMMAND=env
SCHROOT_GID=1001
SCHROOT_GROUP=user42
SCHROOT_SESSION_ID=sid-amd64-sbuild-5f9a7f72-5889-43eb-a5c2-7d7c1a1b0333
SCHROOT_UID=1001
SCHROOT_USER=user42
SHELL=/bin/sh
USER=user42

dpkg-buildpackage
-----------------

Command: dpkg-buildpackage -us -uc -b -rfakeroot
dpkg-buildpackage: info: source package python-cffi
dpkg-buildpackage: info: source version 1.14.3-2
dpkg-buildpackage: info: source distribution unstable
dpkg-buildpackage: info: source changed by Stefano Rivera <stefanor@debian.org>
 dpkg-source --before-build .
dpkg-buildpackage: info: host architecture amd64
 debian/rules clean
dh clean --with python3,sphinxdoc --buildsystem pybuild
   dh_auto_clean -O--buildsystem=pybuild
I: pybuild base:217: python3.9 setup.py clean 
running clean
removing '/<<PKGBUILDDIR>>/.pybuild/cpython3_3.9/build' (and everything under it)
'build/bdist.linux-x86_64' does not exist -- can't clean it
'build/scripts-3.9' does not exist -- can't clean it
I: pybuild base:217: python3.8 setup.py clean 
running clean
removing '/<<PKGBUILDDIR>>/.pybuild/cpython3_3.8/build' (and everything under it)
'build/bdist.linux-x86_64' does not exist -- can't clean it
'build/scripts-3.8' does not exist -- can't clean it
I: pybuild base:217: python3.9-dbg setup.py clean 
running clean
removing '/<<PKGBUILDDIR>>/.pybuild/cpython3_3.9_dbg/build' (and everything under it)
'build/bdist.linux-x86_64' does not exist -- can't clean it
'build/scripts-3.9' does not exist -- can't clean it
I: pybuild base:217: python3.8-dbg setup.py clean 
running clean
removing '/<<PKGBUILDDIR>>/.pybuild/cpython3_3.8_dbg/build' (and everything under it)
'build/bdist.linux-x86_64' does not exist -- can't clean it
'build/scripts-3.8' does not exist -- can't clean it
   dh_autoreconf_clean -O--buildsystem=pybuild
   debian/rules override_dh_clean
make[1]: Entering directory '/<<PKGBUILDDIR>>'
dh_clean
rm -rf 
make[1]: Leaving directory '/<<PKGBUILDDIR>>'
 debian/rules binary
dh binary --with python3,sphinxdoc --buildsystem pybuild
   dh_update_autotools_config -O--buildsystem=pybuild
   dh_autoreconf -O--buildsystem=pybuild
   dh_auto_configure -O--buildsystem=pybuild
I: pybuild base:217: python3.9 setup.py config 
running config
I: pybuild base:217: python3.8 setup.py config 
running config
I: pybuild base:217: python3.9-dbg setup.py config 
running config
I: pybuild base:217: python3.8-dbg setup.py config 
running config
   debian/rules override_dh_auto_build-indep
make[1]: Entering directory '/<<PKGBUILDDIR>>'
dh_auto_build --indep
I: pybuild base:217: /usr/bin/python3.9 setup.py build 
running build
running build_py
creating /<<PKGBUILDDIR>>/.pybuild/cpython3_3.9/build/cffi
copying cffi/error.py -> /<<PKGBUILDDIR>>/.pybuild/cpython3_3.9/build/cffi
copying cffi/verifier.py -> /<<PKGBUILDDIR>>/.pybuild/cpython3_3.9/build/cffi
copying cffi/api.py -> /<<PKGBUILDDIR>>/.pybuild/cpython3_3.9/build/cffi
copying cffi/__init__.py -> /<<PKGBUILDDIR>>/.pybuild/cpython3_3.9/build/cffi
copying cffi/lock.py -> /<<PKGBUILDDIR>>/.pybuild/cpython3_3.9/build/cffi
copying cffi/vengine_gen.py -> /<<PKGBUILDDIR>>/.pybuild/cpython3_3.9/build/cffi
copying cffi/pkgconfig.py -> /<<PKGBUILDDIR>>/.pybuild/cpython3_3.9/build/cffi
copying cffi/commontypes.py -> /<<PKGBUILDDIR>>/.pybuild/cpython3_3.9/build/cffi
copying cffi/ffiplatform.py -> /<<PKGBUILDDIR>>/.pybuild/cpython3_3.9/build/cffi
copying cffi/setuptools_ext.py -> /<<PKGBUILDDIR>>/.pybuild/cpython3_3.9/build/cffi
copying cffi/recompiler.py -> /<<PKGBUILDDIR>>/.pybuild/cpython3_3.9/build/cffi
copying cffi/backend_ctypes.py -> /<<PKGBUILDDIR>>/.pybuild/cpython3_3.9/build/cffi
copying cffi/cparser.py -> /<<PKGBUILDDIR>>/.pybuild/cpython3_3.9/build/cffi
copying cffi/model.py -> /<<PKGBUILDDIR>>/.pybuild/cpython3_3.9/build/cffi
copying cffi/cffi_opcode.py -> /<<PKGBUILDDIR>>/.pybuild/cpython3_3.9/build/cffi
copying cffi/vengine_cpy.py -> /<<PKGBUILDDIR>>/.pybuild/cpython3_3.9/build/cffi
copying cffi/_cffi_include.h -> /<<PKGBUILDDIR>>/.pybuild/cpython3_3.9/build/cffi
copying cffi/parse_c_type.h -> /<<PKGBUILDDIR>>/.pybuild/cpython3_3.9/build/cffi
copying cffi/_embedding.h -> /<<PKGBUILDDIR>>/.pybuild/cpython3_3.9/build/cffi
copying cffi/_cffi_errors.h -> /<<PKGBUILDDIR>>/.pybuild/cpython3_3.9/build/cffi
running build_ext
building '_cffi_backend' extension
creating build
creating build/temp.linux-x86_64-3.9
creating build/temp.linux-x86_64-3.9/c
x86_64-linux-gnu-gcc -pthread -Wno-unused-result -Wsign-compare -DNDEBUG -g -fwrapv -O2 -Wall -g -fstack-protector-strong -Wformat -Werror=format-security -g -fwrapv -O2 -g -O2 -fdebug-prefix-map=/<<PKGBUILDDIR>>=. -fstack-protector-strong -Wformat -Werror=format-security -Wdate-time -D_FORTIFY_SOURCE=2 -fPIC -DUSE__THREAD -DHAVE_SYNC_SYNCHRONIZE -I/usr/include/ffi -I/usr/include/libffi -I/usr/include/python3.9 -c c/_cffi_backend.c -o build/temp.linux-x86_64-3.9/c/_cffi_backend.o
c/_cffi_backend.c:6304:9: warning: 'ffi_prep_closure' is deprecated [-Wdeprecated-declarations]
    if (ffi_prep_closure(closure, &cif_descr->cif,
        ^
/usr/include/x86_64-linux-gnu/ffi.h:341:18: note: 'ffi_prep_closure' has been explicitly marked deprecated here
  __attribute__((deprecated))
                 ^
1 warning generated.
x86_64-linux-gnu-gcc -pthread -shared -Wl,-O1 -Wl,-Bsymbolic-functions -Wl,-z,relro -g -fwrapv -O2 -Wl,-z,relro -g -O2 -fdebug-prefix-map=/<<PKGBUILDDIR>>=. -fstack-protector-strong -Wformat -Werror=format-security -Wdate-time -D_FORTIFY_SOURCE=2 build/temp.linux-x86_64-3.9/c/_cffi_backend.o -lffi -o /<<PKGBUILDDIR>>/.pybuild/cpython3_3.9/build/_cffi_backend.cpython-39-x86_64-linux-gnu.so
I: pybuild base:217: /usr/bin/python3 setup.py build 
running build
running build_py
creating /<<PKGBUILDDIR>>/.pybuild/cpython3_3.8/build/cffi
copying cffi/error.py -> /<<PKGBUILDDIR>>/.pybuild/cpython3_3.8/build/cffi
copying cffi/verifier.py -> /<<PKGBUILDDIR>>/.pybuild/cpython3_3.8/build/cffi
copying cffi/api.py -> /<<PKGBUILDDIR>>/.pybuild/cpython3_3.8/build/cffi
copying cffi/__init__.py -> /<<PKGBUILDDIR>>/.pybuild/cpython3_3.8/build/cffi
copying cffi/lock.py -> /<<PKGBUILDDIR>>/.pybuild/cpython3_3.8/build/cffi
copying cffi/vengine_gen.py -> /<<PKGBUILDDIR>>/.pybuild/cpython3_3.8/build/cffi
copying cffi/pkgconfig.py -> /<<PKGBUILDDIR>>/.pybuild/cpython3_3.8/build/cffi
copying cffi/commontypes.py -> /<<PKGBUILDDIR>>/.pybuild/cpython3_3.8/build/cffi
copying cffi/ffiplatform.py -> /<<PKGBUILDDIR>>/.pybuild/cpython3_3.8/build/cffi
copying cffi/setuptools_ext.py -> /<<PKGBUILDDIR>>/.pybuild/cpython3_3.8/build/cffi
copying cffi/recompiler.py -> /<<PKGBUILDDIR>>/.pybuild/cpython3_3.8/build/cffi
copying cffi/backend_ctypes.py -> /<<PKGBUILDDIR>>/.pybuild/cpython3_3.8/build/cffi
copying cffi/cparser.py -> /<<PKGBUILDDIR>>/.pybuild/cpython3_3.8/build/cffi
copying cffi/model.py -> /<<PKGBUILDDIR>>/.pybuild/cpython3_3.8/build/cffi
copying cffi/cffi_opcode.py -> /<<PKGBUILDDIR>>/.pybuild/cpython3_3.8/build/cffi
copying cffi/vengine_cpy.py -> /<<PKGBUILDDIR>>/.pybuild/cpython3_3.8/build/cffi
copying cffi/_cffi_include.h -> /<<PKGBUILDDIR>>/.pybuild/cpython3_3.8/build/cffi
copying cffi/parse_c_type.h -> /<<PKGBUILDDIR>>/.pybuild/cpython3_3.8/build/cffi
copying cffi/_embedding.h -> /<<PKGBUILDDIR>>/.pybuild/cpython3_3.8/build/cffi
copying cffi/_cffi_errors.h -> /<<PKGBUILDDIR>>/.pybuild/cpython3_3.8/build/cffi
running build_ext
building '_cffi_backend' extension
creating build/temp.linux-x86_64-3.8
creating build/temp.linux-x86_64-3.8/c
x86_64-linux-gnu-gcc -pthread -Wno-unused-result -Wsign-compare -DNDEBUG -g -fwrapv -O2 -Wall -g -fstack-protector-strong -Wformat -Werror=format-security -g -fwrapv -O2 -g -O2 -fdebug-prefix-map=/<<PKGBUILDDIR>>=. -fstack-protector-strong -Wformat -Werror=format-security -Wdate-time -D_FORTIFY_SOURCE=2 -fPIC -DUSE__THREAD -DHAVE_SYNC_SYNCHRONIZE -I/usr/include/ffi -I/usr/include/libffi -I/usr/include/python3.8 -c c/_cffi_backend.c -o build/temp.linux-x86_64-3.8/c/_cffi_backend.o
c/_cffi_backend.c:6304:9: warning: 'ffi_prep_closure' is deprecated [-Wdeprecated-declarations]
    if (ffi_prep_closure(closure, &cif_descr->cif,
        ^
/usr/include/x86_64-linux-gnu/ffi.h:341:18: note: 'ffi_prep_closure' has been explicitly marked deprecated here
  __attribute__((deprecated))
                 ^
1 warning generated.
x86_64-linux-gnu-gcc -pthread -shared -Wl,-O1 -Wl,-Bsymbolic-functions -Wl,-z,relro -g -fwrapv -O2 -Wl,-z,relro -g -O2 -fdebug-prefix-map=/<<PKGBUILDDIR>>=. -fstack-protector-strong -Wformat -Werror=format-security -Wdate-time -D_FORTIFY_SOURCE=2 build/temp.linux-x86_64-3.8/c/_cffi_backend.o -lffi -o /<<PKGBUILDDIR>>/.pybuild/cpython3_3.8/build/_cffi_backend.cpython-38-x86_64-linux-gnu.so
I: pybuild base:217: /usr/bin/python3.9-dbg setup.py build 
running build
running build_py
/usr/lib/python3/dist-packages/setuptools/lib2to3_ex.py:10: PendingDeprecationWarning: lib2to3 package is deprecated and may not be able to parse Python 3.10+
  from lib2to3.refactor import RefactoringTool, get_fixers_from_package
creating /<<PKGBUILDDIR>>/.pybuild/cpython3_3.9_dbg/build/cffi
copying cffi/error.py -> /<<PKGBUILDDIR>>/.pybuild/cpython3_3.9_dbg/build/cffi
copying cffi/verifier.py -> /<<PKGBUILDDIR>>/.pybuild/cpython3_3.9_dbg/build/cffi
copying cffi/api.py -> /<<PKGBUILDDIR>>/.pybuild/cpython3_3.9_dbg/build/cffi
copying cffi/__init__.py -> /<<PKGBUILDDIR>>/.pybuild/cpython3_3.9_dbg/build/cffi
copying cffi/lock.py -> /<<PKGBUILDDIR>>/.pybuild/cpython3_3.9_dbg/build/cffi
copying cffi/vengine_gen.py -> /<<PKGBUILDDIR>>/.pybuild/cpython3_3.9_dbg/build/cffi
copying cffi/pkgconfig.py -> /<<PKGBUILDDIR>>/.pybuild/cpython3_3.9_dbg/build/cffi
copying cffi/commontypes.py -> /<<PKGBUILDDIR>>/.pybuild/cpython3_3.9_dbg/build/cffi
copying cffi/ffiplatform.py -> /<<PKGBUILDDIR>>/.pybuild/cpython3_3.9_dbg/build/cffi
copying cffi/setuptools_ext.py -> /<<PKGBUILDDIR>>/.pybuild/cpython3_3.9_dbg/build/cffi
copying cffi/recompiler.py -> /<<PKGBUILDDIR>>/.pybuild/cpython3_3.9_dbg/build/cffi
copying cffi/backend_ctypes.py -> /<<PKGBUILDDIR>>/.pybuild/cpython3_3.9_dbg/build/cffi
copying cffi/cparser.py -> /<<PKGBUILDDIR>>/.pybuild/cpython3_3.9_dbg/build/cffi
copying cffi/model.py -> /<<PKGBUILDDIR>>/.pybuild/cpython3_3.9_dbg/build/cffi
copying cffi/cffi_opcode.py -> /<<PKGBUILDDIR>>/.pybuild/cpython3_3.9_dbg/build/cffi
copying cffi/vengine_cpy.py -> /<<PKGBUILDDIR>>/.pybuild/cpython3_3.9_dbg/build/cffi
copying cffi/_cffi_include.h -> /<<PKGBUILDDIR>>/.pybuild/cpython3_3.9_dbg/build/cffi
copying cffi/parse_c_type.h -> /<<PKGBUILDDIR>>/.pybuild/cpython3_3.9_dbg/build/cffi
copying cffi/_embedding.h -> /<<PKGBUILDDIR>>/.pybuild/cpython3_3.9_dbg/build/cffi
copying cffi/_cffi_errors.h -> /<<PKGBUILDDIR>>/.pybuild/cpython3_3.9_dbg/build/cffi
running build_ext
building '_cffi_backend' extension
creating build/temp.linux-x86_64-3.9-pydebug
creating build/temp.linux-x86_64-3.9-pydebug/c
x86_64-linux-gnu-gcc -pthread -Wno-unused-result -Wsign-compare -g -Og -Wall -g -Og -fstack-protector-strong -Wformat -Werror=format-security -g -Og -fstack-protector-strong -Wformat -Werror=format-security -g -O2 -fdebug-prefix-map=/<<PKGBUILDDIR>>=. -fstack-protector-strong -Wformat -Werror=format-security -Wdate-time -D_FORTIFY_SOURCE=2 -fPIC -DUSE__THREAD -DHAVE_SYNC_SYNCHRONIZE -I/usr/include/ffi -I/usr/include/libffi -I/usr/include/python3.9d -c c/_cffi_backend.c -o build/temp.linux-x86_64-3.9-pydebug/c/_cffi_backend.o
c/_cffi_backend.c:6304:9: warning: 'ffi_prep_closure' is deprecated [-Wdeprecated-declarations]
    if (ffi_prep_closure(closure, &cif_descr->cif,
        ^
/usr/include/x86_64-linux-gnu/ffi.h:341:18: note: 'ffi_prep_closure' has been explicitly marked deprecated here
  __attribute__((deprecated))
                 ^
1 warning generated.
x86_64-linux-gnu-gcc -pthread -shared -Wl,-O1 -Wl,-Bsymbolic-functions -Wl,-z,relro -Wl,-z,relro -g -O2 -fdebug-prefix-map=/<<PKGBUILDDIR>>=. -fstack-protector-strong -Wformat -Werror=format-security -Wdate-time -D_FORTIFY_SOURCE=2 build/temp.linux-x86_64-3.9-pydebug/c/_cffi_backend.o -lffi -o /<<PKGBUILDDIR>>/.pybuild/cpython3_3.9_dbg/build/_cffi_backend.cpython-39d-x86_64-linux-gnu.so
I: pybuild base:217: /usr/bin/python3-dbg setup.py build 
running build
running build_py
creating /<<PKGBUILDDIR>>/.pybuild/cpython3_3.8_dbg/build/cffi
copying cffi/error.py -> /<<PKGBUILDDIR>>/.pybuild/cpython3_3.8_dbg/build/cffi
copying cffi/verifier.py -> /<<PKGBUILDDIR>>/.pybuild/cpython3_3.8_dbg/build/cffi
copying cffi/api.py -> /<<PKGBUILDDIR>>/.pybuild/cpython3_3.8_dbg/build/cffi
copying cffi/__init__.py -> /<<PKGBUILDDIR>>/.pybuild/cpython3_3.8_dbg/build/cffi
copying cffi/lock.py -> /<<PKGBUILDDIR>>/.pybuild/cpython3_3.8_dbg/build/cffi
copying cffi/vengine_gen.py -> /<<PKGBUILDDIR>>/.pybuild/cpython3_3.8_dbg/build/cffi
copying cffi/pkgconfig.py -> /<<PKGBUILDDIR>>/.pybuild/cpython3_3.8_dbg/build/cffi
copying cffi/commontypes.py -> /<<PKGBUILDDIR>>/.pybuild/cpython3_3.8_dbg/build/cffi
copying cffi/ffiplatform.py -> /<<PKGBUILDDIR>>/.pybuild/cpython3_3.8_dbg/build/cffi
copying cffi/setuptools_ext.py -> /<<PKGBUILDDIR>>/.pybuild/cpython3_3.8_dbg/build/cffi
copying cffi/recompiler.py -> /<<PKGBUILDDIR>>/.pybuild/cpython3_3.8_dbg/build/cffi
copying cffi/backend_ctypes.py -> /<<PKGBUILDDIR>>/.pybuild/cpython3_3.8_dbg/build/cffi
copying cffi/cparser.py -> /<<PKGBUILDDIR>>/.pybuild/cpython3_3.8_dbg/build/cffi
copying cffi/model.py -> /<<PKGBUILDDIR>>/.pybuild/cpython3_3.8_dbg/build/cffi
copying cffi/cffi_opcode.py -> /<<PKGBUILDDIR>>/.pybuild/cpython3_3.8_dbg/build/cffi
copying cffi/vengine_cpy.py -> /<<PKGBUILDDIR>>/.pybuild/cpython3_3.8_dbg/build/cffi
copying cffi/_cffi_include.h -> /<<PKGBUILDDIR>>/.pybuild/cpython3_3.8_dbg/build/cffi
copying cffi/parse_c_type.h -> /<<PKGBUILDDIR>>/.pybuild/cpython3_3.8_dbg/build/cffi
copying cffi/_embedding.h -> /<<PKGBUILDDIR>>/.pybuild/cpython3_3.8_dbg/build/cffi
copying cffi/_cffi_errors.h -> /<<PKGBUILDDIR>>/.pybuild/cpython3_3.8_dbg/build/cffi
running build_ext
building '_cffi_backend' extension
creating build/temp.linux-x86_64-3.8-pydebug
creating build/temp.linux-x86_64-3.8-pydebug/c
x86_64-linux-gnu-gcc -pthread -Wno-unused-result -Wsign-compare -g -Og -Wall -g -Og -fstack-protector-strong -Wformat -Werror=format-security -g -Og -fstack-protector-strong -Wformat -Werror=format-security -g -O2 -fdebug-prefix-map=/<<PKGBUILDDIR>>=. -fstack-protector-strong -Wformat -Werror=format-security -Wdate-time -D_FORTIFY_SOURCE=2 -fPIC -DUSE__THREAD -DHAVE_SYNC_SYNCHRONIZE -I/usr/include/ffi -I/usr/include/libffi -I/usr/include/python3.8d -c c/_cffi_backend.c -o build/temp.linux-x86_64-3.8-pydebug/c/_cffi_backend.o
c/_cffi_backend.c:6304:9: warning: 'ffi_prep_closure' is deprecated [-Wdeprecated-declarations]
    if (ffi_prep_closure(closure, &cif_descr->cif,
        ^
/usr/include/x86_64-linux-gnu/ffi.h:341:18: note: 'ffi_prep_closure' has been explicitly marked deprecated here
  __attribute__((deprecated))
                 ^
1 warning generated.
x86_64-linux-gnu-gcc -pthread -shared -Wl,-O1 -Wl,-Bsymbolic-functions -Wl,-z,relro -Wl,-z,relro -g -O2 -fdebug-prefix-map=/<<PKGBUILDDIR>>=. -fstack-protector-strong -Wformat -Werror=format-security -Wdate-time -D_FORTIFY_SOURCE=2 build/temp.linux-x86_64-3.8-pydebug/c/_cffi_backend.o -lffi -o /<<PKGBUILDDIR>>/.pybuild/cpython3_3.8_dbg/build/_cffi_backend.cpython-38d-x86_64-linux-gnu.so
python3 -m sphinx -b html -d doc/build/doctrees doc/source doc/build/html
Running Sphinx v3.2.1
making output directory... done
building [mo]: targets for 0 po files that are out of date
building [html]: targets for 9 source files that are out of date
updating environment: [new config] 9 added, 0 changed, 0 removed
reading sources... [ 11%] cdef
reading sources... [ 22%] embedding
reading sources... [ 33%] goals
reading sources... [ 44%] index
reading sources... [ 55%] installation
reading sources... [ 66%] overview
reading sources... [ 77%] ref
reading sources... [ 88%] using
reading sources... [100%] whatsnew

looking for now-outdated files... none found
pickling environment... done
checking consistency... done
preparing documents... done
writing output... [ 11%] cdef
writing output... [ 22%] embedding
writing output... [ 33%] goals
writing output... [ 44%] index
writing output... [ 55%] installation
writing output... [ 66%] overview
writing output... [ 77%] ref
writing output... [ 88%] using
writing output... [100%] whatsnew

generating indices...  genindexdone
writing additional pages...  searchdone
copying static files... ... done
copying extra files... done
dumping search index in English (code: en)... done
dumping object inventory... done
build succeeded.

The HTML pages are in doc/build/html.
make[1]: Leaving directory '/<<PKGBUILDDIR>>'
   dh_auto_build -O--buildsystem=pybuild -Npython3-cffi -Npython-cffi-doc
I: pybuild base:217: /usr/bin/python3.9 setup.py build 
running build
running build_py
running build_ext
I: pybuild base:217: /usr/bin/python3 setup.py build 
running build
running build_py
running build_ext
I: pybuild base:217: /usr/bin/python3.9-dbg setup.py build 
running build
running build_py
/usr/lib/python3/dist-packages/setuptools/lib2to3_ex.py:10: PendingDeprecationWarning: lib2to3 package is deprecated and may not be able to parse Python 3.10+
  from lib2to3.refactor import RefactoringTool, get_fixers_from_package
running build_ext
I: pybuild base:217: /usr/bin/python3-dbg setup.py build 
running build
running build_py
running build_ext
   debian/rules override_dh_auto_test
make[1]: Entering directory '/<<PKGBUILDDIR>>'
PYBUILD_SYSTEM=custom \
	PYBUILD_TEST_ARGS="{interpreter} -m pytest c/ testing/" \
	dh_auto_test
I: pybuild base:217: python3.9 -m pytest c/ testing/
============================= test session starts ==============================
platform linux -- Python 3.9.0+, pytest-4.6.11, py-1.9.0, pluggy-0.13.0
rootdir: /<<PKGBUILDDIR>>
collected 2040 items

c/test_c.py ............................................................ [  2%]
........................................................................ [  6%]
...........s.......................s.................................... [ 10%]
......................                                                   [ 11%]
testing/cffi0/test_cdata.py .                                            [ 11%]
testing/cffi0/test_ctypes.py ..................s...............s.s.s.... [ 13%]
...s.........................sssssss..s..s.............................. [ 16%]
...............sssssssss                                                 [ 17%]
testing/cffi0/test_ffi_backend.py ...................................... [ 19%]
.............................................s...s...................... [ 23%]
............................................s.....................ss.... [ 26%]
...............s.s...s...................                                [ 28%]
testing/cffi0/test_function.py ......s.......s.....s..ss..sss..ss        [ 30%]
testing/cffi0/test_model.py .............                                [ 31%]
testing/cffi0/test_ownlib.py ..ss...sssss                                [ 31%]
testing/cffi0/test_parsing.py .........................s..........       [ 33%]
testing/cffi0/test_platform.py ....                                      [ 33%]
testing/cffi0/test_unicode_literals.py ............                      [ 34%]
testing/cffi0/test_verify.py .........................s.....s........... [ 36%]
........................................................................ [ 39%]
..............................s...s.............ss..                     [ 42%]
testing/cffi0/test_verify2.py .........................s.....s.......... [ 44%]
........................................................................ [ 48%]
...............................s...s.............ss..                    [ 50%]
testing/cffi0/test_version.py ......                                     [ 50%]
testing/cffi0/test_vgen.py .........................s.....s............. [ 53%]
........................................................................ [ 56%]
............................s...s.............ss..                       [ 59%]
testing/cffi0/test_vgen2.py .........................s.....s............ [ 61%]
........................................................................ [ 64%]
.............................s...s.............ss..                      [ 67%]
testing/cffi0/test_zdistutils.py ......................................  [ 69%]
testing/cffi0/test_zintegration.py ........                              [ 69%]
testing/cffi1/test_cffi_binary.py .                                      [ 69%]
testing/cffi1/test_commontypes.py ...                                    [ 69%]
testing/cffi1/test_dlopen.py ...............                             [ 70%]
testing/cffi1/test_dlopen_unicode_literals.py ...............            [ 71%]
testing/cffi1/test_ffi_obj.py .............................s............ [ 73%]
.                                                                        [ 73%]
testing/cffi1/test_function_args.py s                                    [ 73%]
testing/cffi1/test_new_ffi_1.py ........................................ [ 75%]
.........................................s...s.......................... [ 78%]
...........                                                              [ 79%]
testing/cffi1/test_parse_c_type.py ..................                    [ 80%]
testing/cffi1/test_pkgconfig.py ...                                      [ 80%]
testing/cffi1/test_re_python.py .....................                    [ 81%]
testing/cffi1/test_realize_c_type.py .........                           [ 81%]
testing/cffi1/test_recompiler.py ....................................... [ 83%]
.......F..............F...s...F......................................... [ 87%]
.......................s..............................                   [ 90%]
testing/cffi1/test_unicode_literals.py .......                           [ 90%]
testing/cffi1/test_verify1.py .............................s............ [ 92%]
..............................................................s.....xxx. [ 95%]
...x......................s...s....s...s.ss                              [ 98%]
testing/cffi1/test_zdist.py .......................                      [ 99%]
testing/embedding/test_basic.py .....                                    [ 99%]
testing/embedding/test_performance.py .....                              [ 99%]
testing/embedding/test_recursive.py .                                    [ 99%]
testing/embedding/test_thread.py ....                                    [ 99%]
testing/embedding/test_tlocal.py .                                       [100%]

=================================== FAILURES ===================================
________________ test_verify_anonymous_struct_with_star_typedef ________________

self = <distutils.unixccompiler.UnixCCompiler object at 0x7f4b054dafd0>
obj = './_CFFI_test_verify_anonymous_struct_with_star_typedef.o'
src = '_CFFI_test_verify_anonymous_struct_with_star_typedef.cpp', ext = '.cpp'
cc_args = ['-UNDEBUG', '-I/usr/include/python3.9', '-c'], extra_postargs = []
pp_opts = ['-UNDEBUG', '-I/usr/include/python3.9']

    def _compile(self, obj, src, ext, cc_args, extra_postargs, pp_opts):
        compiler_so = self.compiler_so
        if sys.platform == 'darwin':
            compiler_so = _osx_support.compiler_fixup(compiler_so,
                                                    cc_args + extra_postargs)
        try:
>           self.spawn(compiler_so + cc_args + [src, '-o', obj] +
                       extra_postargs)

/usr/lib/python3.9/distutils/unixccompiler.py:117: 
_ _ _ _ _ _ _ _ _ _ _ _ _ _ _ _ _ _ _ _ _ _ _ _ _ _ _ _ _ _ _ _ _ _ _ _ _ _ _ _ 

self = <distutils.unixccompiler.UnixCCompiler object at 0x7f4b054dafd0>
cmd = ['x86_64-linux-gnu-gcc', '-pthread', '-Wno-unused-result', '-Wsign-compare', '-DNDEBUG', '-g', ...]

    def spawn(self, cmd):
>       spawn(cmd, dry_run=self.dry_run)

/usr/lib/python3.9/distutils/ccompiler.py:910: 
_ _ _ _ _ _ _ _ _ _ _ _ _ _ _ _ _ _ _ _ _ _ _ _ _ _ _ _ _ _ _ _ _ _ _ _ _ _ _ _ 

cmd = '/usr/bin/x86_64-linux-gnu-gcc', search_path = 1, verbose = 0, dry_run = 0

    def spawn(cmd, search_path=1, verbose=0, dry_run=0):
        """Run another program, specified as a command list 'cmd', in a new process.
    
        'cmd' is just the argument list for the new process, ie.
        cmd[0] is the program to run and cmd[1:] are the rest of its arguments.
        There is no way to run a program with a name different from that of its
        executable.
    
        If 'search_path' is true (the default), the system's executable
        search path will be used to find the program; otherwise, cmd[0]
        must be the exact path to the executable.  If 'dry_run' is true,
        the command will not actually be run.
    
        Raise DistutilsExecError if running the program fails in any way; just
        return on success.
        """
        # cmd is documented as a list, but just in case some code passes a tuple
        # in, protect our %-formatting code against horrible death
        cmd = list(cmd)
    
        log.info(' '.join(cmd))
        if dry_run:
            return
    
        if search_path:
            executable = find_executable(cmd[0])
            if executable is not None:
                cmd[0] = executable
    
        env = None
        if sys.platform == 'darwin':
            global _cfg_target, _cfg_target_split
            if _cfg_target is None:
                from distutils import sysconfig
                _cfg_target = sysconfig.get_config_var(
                                      'MACOSX_DEPLOYMENT_TARGET') or ''
                if _cfg_target:
                    _cfg_target_split = [int(x) for x in _cfg_target.split('.')]
            if _cfg_target:
                # ensure that the deployment target of build process is not less
                # than that used when the interpreter was built. This ensures
                # extension modules are built with correct compatibility values
                cur_target = os.environ.get('MACOSX_DEPLOYMENT_TARGET', _cfg_target)
                if _cfg_target_split > [int(x) for x in cur_target.split('.')]:
                    my_msg = ('$MACOSX_DEPLOYMENT_TARGET mismatch: '
                              'now "%s" but "%s" during configure'
                                    % (cur_target, _cfg_target))
                    raise DistutilsPlatformError(my_msg)
                env = dict(os.environ,
                           MACOSX_DEPLOYMENT_TARGET=cur_target)
    
        try:
            proc = subprocess.Popen(cmd, env=env)
            proc.wait()
            exitcode = proc.returncode
        except OSError as exc:
            if not DEBUG:
                cmd = cmd[0]
            raise DistutilsExecError(
                "command %r failed: %s" % (cmd, exc.args[-1])) from exc
    
        if exitcode:
            if not DEBUG:
                cmd = cmd[0]
>           raise DistutilsExecError(
                  "command %r failed with exit code %s" % (cmd, exitcode))
E           distutils.errors.DistutilsExecError: command '/usr/bin/x86_64-linux-gnu-gcc' failed with exit code 1

/usr/lib/python3.9/distutils/spawn.py:87: DistutilsExecError

During handling of the above exception, another exception occurred:

tmpdir = '.'
ext = <setuptools.extension.Extension('_CFFI_test_verify_anonymous_struct_with_star_typedef') at 0x7f4b04542100>
compiler_verbose = 1, debug = 0

    def _build(tmpdir, ext, compiler_verbose=0, debug=None):
        # XXX compact but horrible :-(
        from distutils.core import Distribution
        import distutils.errors, distutils.log
        #
        dist = Distribution({'ext_modules': [ext]})
        dist.parse_config_files()
        options = dist.get_option_dict('build_ext')
        if debug is None:
            debug = sys.flags.debug
        options['debug'] = ('ffiplatform', debug)
        options['force'] = ('ffiplatform', True)
        options['build_lib'] = ('ffiplatform', tmpdir)
        options['build_temp'] = ('ffiplatform', tmpdir)
        #
        try:
            old_level = distutils.log.set_threshold(0) or 0
            try:
                distutils.log.set_verbosity(compiler_verbose)
>               dist.run_command('build_ext')

cffi/ffiplatform.py:51: 
_ _ _ _ _ _ _ _ _ _ _ _ _ _ _ _ _ _ _ _ _ _ _ _ _ _ _ _ _ _ _ _ _ _ _ _ _ _ _ _ 

self = <setuptools.dist.Distribution object at 0x7f4b04542ac0>
command = 'build_ext'

    def run_command(self, command):
        """Do whatever it takes to run a command (including nothing at all,
        if the command has already been run).  Specifically: if we have
        already created and run the command named by 'command', return
        silently without doing anything.  If the command named by 'command'
        doesn't even have a command object yet, create one.  Then invoke
        'run()' on that command object (or an existing one).
        """
        # Already been here, done that? then return silently.
        if self.have_run.get(command):
            return
    
        log.info("running %s", command)
        cmd_obj = self.get_command_obj(command)
        cmd_obj.ensure_finalized()
>       cmd_obj.run()

/usr/lib/python3.9/distutils/dist.py:985: 
_ _ _ _ _ _ _ _ _ _ _ _ _ _ _ _ _ _ _ _ _ _ _ _ _ _ _ _ _ _ _ _ _ _ _ _ _ _ _ _ 

self = <setuptools.command.build_ext.build_ext object at 0x7f4b054dab80>

    def run(self):
        """Build extensions in build directory, then copy if --inplace"""
        old_inplace, self.inplace = self.inplace, 0
>       _build_ext.run(self)

/usr/lib/python3/dist-packages/setuptools/command/build_ext.py:79: 
_ _ _ _ _ _ _ _ _ _ _ _ _ _ _ _ _ _ _ _ _ _ _ _ _ _ _ _ _ _ _ _ _ _ _ _ _ _ _ _ 

self = <setuptools.command.build_ext.build_ext object at 0x7f4b054dab80>

    def run(self):
        from distutils.ccompiler import new_compiler
    
        # 'self.extensions', as supplied by setup.py, is a list of
        # Extension instances.  See the documentation for Extension (in
        # distutils.extension) for details.
        #
        # For backwards compatibility with Distutils 0.8.2 and earlier, we
        # also allow the 'extensions' list to be a list of tuples:
        #    (ext_name, build_info)
        # where build_info is a dictionary containing everything that
        # Extension instances do except the name, with a few things being
        # differently named.  We convert these 2-tuples to Extension
        # instances as needed.
    
        if not self.extensions:
            return
    
        # If we were asked to build any C/C++ libraries, make sure that the
        # directory where we put them is in the library search path for
        # linking extensions.
        if self.distribution.has_c_libraries():
            build_clib = self.get_finalized_command('build_clib')
            self.libraries.extend(build_clib.get_library_names() or [])
            self.library_dirs.append(build_clib.build_clib)
    
        # Setup the CCompiler object that we'll use to do all the
        # compiling and linking
        self.compiler = new_compiler(compiler=self.compiler,
                                     verbose=self.verbose,
                                     dry_run=self.dry_run,
                                     force=self.force)
        customize_compiler(self.compiler)
        # If we are cross-compiling, init the compiler now (if we are not
        # cross-compiling, init would not hurt, but people may rely on
        # late initialization of compiler even if they shouldn't...)
        if os.name == 'nt' and self.plat_name != get_platform():
            self.compiler.initialize(self.plat_name)
    
        # And make sure that any compile/link-related options (which might
        # come from the command-line or from the setup script) are set in
        # that CCompiler object -- that way, they automatically apply to
        # all compiling and linking done here.
        if self.include_dirs is not None:
            self.compiler.set_include_dirs(self.include_dirs)
        if self.define is not None:
            # 'define' option is a list of (name,value) tuples
            for (name, value) in self.define:
                self.compiler.define_macro(name, value)
        if self.undef is not None:
            for macro in self.undef:
                self.compiler.undefine_macro(macro)
        if self.libraries is not None:
            self.compiler.set_libraries(self.libraries)
        if self.library_dirs is not None:
            self.compiler.set_library_dirs(self.library_dirs)
        if self.rpath is not None:
            self.compiler.set_runtime_library_dirs(self.rpath)
        if self.link_objects is not None:
            self.compiler.set_link_objects(self.link_objects)
    
        # Now actually compile and link everything.
>       self.build_extensions()

/usr/lib/python3.9/distutils/command/build_ext.py:340: 
_ _ _ _ _ _ _ _ _ _ _ _ _ _ _ _ _ _ _ _ _ _ _ _ _ _ _ _ _ _ _ _ _ _ _ _ _ _ _ _ 

self = <setuptools.command.build_ext.build_ext object at 0x7f4b054dab80>

    def build_extensions(self):
        # First, sanity-check the 'extensions' list
        self.check_extensions_list(self.extensions)
        if self.parallel:
            self._build_extensions_parallel()
        else:
>           self._build_extensions_serial()

/usr/lib/python3.9/distutils/command/build_ext.py:449: 
_ _ _ _ _ _ _ _ _ _ _ _ _ _ _ _ _ _ _ _ _ _ _ _ _ _ _ _ _ _ _ _ _ _ _ _ _ _ _ _ 

self = <setuptools.command.build_ext.build_ext object at 0x7f4b054dab80>

    def _build_extensions_serial(self):
        for ext in self.extensions:
            with self._filter_build_errors(ext):
>               self.build_extension(ext)

/usr/lib/python3.9/distutils/command/build_ext.py:474: 
_ _ _ _ _ _ _ _ _ _ _ _ _ _ _ _ _ _ _ _ _ _ _ _ _ _ _ _ _ _ _ _ _ _ _ _ _ _ _ _ 

self = <setuptools.command.build_ext.build_ext object at 0x7f4b054dab80>
ext = <setuptools.extension.Extension('_CFFI_test_verify_anonymous_struct_with_star_typedef') at 0x7f4b04542100>

    def build_extension(self, ext):
        ext._convert_pyx_sources_to_lang()
        _compiler = self.compiler
        try:
            if isinstance(ext, Library):
                self.compiler = self.shlib_compiler
>           _build_ext.build_extension(self, ext)

/usr/lib/python3/dist-packages/setuptools/command/build_ext.py:196: 
_ _ _ _ _ _ _ _ _ _ _ _ _ _ _ _ _ _ _ _ _ _ _ _ _ _ _ _ _ _ _ _ _ _ _ _ _ _ _ _ 

self = <setuptools.command.build_ext.build_ext object at 0x7f4b054dab80>
ext = <setuptools.extension.Extension('_CFFI_test_verify_anonymous_struct_with_star_typedef') at 0x7f4b04542100>

    def build_extension(self, ext):
        sources = ext.sources
        if sources is None or not isinstance(sources, (list, tuple)):
            raise DistutilsSetupError(
                  "in 'ext_modules' option (extension '%s'), "
                  "'sources' must be present and must be "
                  "a list of source filenames" % ext.name)
        # sort to make the resulting .so file build reproducible
        sources = sorted(sources)
    
        ext_path = self.get_ext_fullpath(ext.name)
        depends = sources + ext.depends
        if not (self.force or newer_group(depends, ext_path, 'newer')):
            log.debug("skipping '%s' extension (up-to-date)", ext.name)
            return
        else:
            log.info("building '%s' extension", ext.name)
    
        # First, scan the sources for SWIG definition files (.i), run
        # SWIG on 'em to create .c files, and modify the sources list
        # accordingly.
        sources = self.swig_sources(sources, ext)
    
        # Next, compile the source code to object files.
    
        # XXX not honouring 'define_macros' or 'undef_macros' -- the
        # CCompiler API needs to change to accommodate this, and I
        # want to do one thing at a time!
    
        # Two possible sources for extra compiler arguments:
        #   - 'extra_compile_args' in Extension object
        #   - CFLAGS environment variable (not particularly
        #     elegant, but people seem to expect it and I
        #     guess it's useful)
        # The environment variable should take precedence, and
        # any sensible compiler will give precedence to later
        # command line args.  Hence we combine them in order:
        extra_args = ext.extra_compile_args or []
    
        macros = ext.define_macros[:]
        for undef in ext.undef_macros:
            macros.append((undef,))
    
>       objects = self.compiler.compile(sources,
                                         output_dir=self.build_temp,
                                         macros=macros,
                                         include_dirs=ext.include_dirs,
                                         debug=self.debug,
                                         extra_postargs=extra_args,
                                         depends=ext.depends)

/usr/lib/python3.9/distutils/command/build_ext.py:529: 
_ _ _ _ _ _ _ _ _ _ _ _ _ _ _ _ _ _ _ _ _ _ _ _ _ _ _ _ _ _ _ _ _ _ _ _ _ _ _ _ 

self = <distutils.unixccompiler.UnixCCompiler object at 0x7f4b054dafd0>
sources = ['_CFFI_test_verify_anonymous_struct_with_star_typedef.cpp']
output_dir = '.', macros = [('NDEBUG',)], include_dirs = [], debug = 0
extra_preargs = None, extra_postargs = [], depends = []

    def compile(self, sources, output_dir=None, macros=None,
                include_dirs=None, debug=0, extra_preargs=None,
                extra_postargs=None, depends=None):
        """Compile one or more source files.
    
        'sources' must be a list of filenames, most likely C/C++
        files, but in reality anything that can be handled by a
        particular compiler and compiler class (eg. MSVCCompiler can
        handle resource files in 'sources').  Return a list of object
        filenames, one per source filename in 'sources'.  Depending on
        the implementation, not all source files will necessarily be
        compiled, but all corresponding object filenames will be
        returned.
    
        If 'output_dir' is given, object files will be put under it, while
        retaining their original path component.  That is, "foo/bar.c"
        normally compiles to "foo/bar.o" (for a Unix implementation); if
        'output_dir' is "build", then it would compile to
        "build/foo/bar.o".
    
        'macros', if given, must be a list of macro definitions.  A macro
        definition is either a (name, value) 2-tuple or a (name,) 1-tuple.
        The former defines a macro; if the value is None, the macro is
        defined without an explicit value.  The 1-tuple case undefines a
        macro.  Later definitions/redefinitions/ undefinitions take
        precedence.
    
        'include_dirs', if given, must be a list of strings, the
        directories to add to the default include file search path for this
        compilation only.
    
        'debug' is a boolean; if true, the compiler will be instructed to
        output debug symbols in (or alongside) the object file(s).
    
        'extra_preargs' and 'extra_postargs' are implementation- dependent.
        On platforms that have the notion of a command-line (e.g. Unix,
        DOS/Windows), they are most likely lists of strings: extra
        command-line arguments to prepend/append to the compiler command
        line.  On other platforms, consult the implementation class
        documentation.  In any event, they are intended as an escape hatch
        for those occasions when the abstract compiler framework doesn't
        cut the mustard.
    
        'depends', if given, is a list of filenames that all targets
        depend on.  If a source file is older than any file in
        depends, then the source file will be recompiled.  This
        supports dependency tracking, but only at a coarse
        granularity.
    
        Raises CompileError on failure.
        """
        # A concrete compiler class can either override this method
        # entirely or implement _compile().
        macros, objects, extra_postargs, pp_opts, build = \
                self._setup_compile(output_dir, macros, include_dirs, sources,
                                    depends, extra_postargs)
        cc_args = self._get_cc_args(pp_opts, debug, extra_preargs)
    
        for obj in objects:
            try:
                src, ext = build[obj]
            except KeyError:
                continue
>           self._compile(obj, src, ext, cc_args, extra_postargs, pp_opts)

/usr/lib/python3.9/distutils/ccompiler.py:574: 
_ _ _ _ _ _ _ _ _ _ _ _ _ _ _ _ _ _ _ _ _ _ _ _ _ _ _ _ _ _ _ _ _ _ _ _ _ _ _ _ 

self = <distutils.unixccompiler.UnixCCompiler object at 0x7f4b054dafd0>
obj = './_CFFI_test_verify_anonymous_struct_with_star_typedef.o'
src = '_CFFI_test_verify_anonymous_struct_with_star_typedef.cpp', ext = '.cpp'
cc_args = ['-UNDEBUG', '-I/usr/include/python3.9', '-c'], extra_postargs = []
pp_opts = ['-UNDEBUG', '-I/usr/include/python3.9']

    def _compile(self, obj, src, ext, cc_args, extra_postargs, pp_opts):
        compiler_so = self.compiler_so
        if sys.platform == 'darwin':
            compiler_so = _osx_support.compiler_fixup(compiler_so,
                                                    cc_args + extra_postargs)
        try:
            self.spawn(compiler_so + cc_args + [src, '-o', obj] +
                       extra_postargs)
        except DistutilsExecError as msg:
>           raise CompileError(msg)
E           distutils.errors.CompileError: command '/usr/bin/x86_64-linux-gnu-gcc' failed with exit code 1

/usr/lib/python3.9/distutils/unixccompiler.py:120: CompileError

During handling of the above exception, another exception occurred:

    def test_verify_anonymous_struct_with_star_typedef():
        ffi = FFI()
        ffi.cdef("typedef struct { int a; long b; } *foo_t;")
>       verify(ffi, 'test_verify_anonymous_struct_with_star_typedef',
               "typedef struct { int a; long b; } *foo_t;")

testing/cffi1/test_recompiler.py:494: 
_ _ _ _ _ _ _ _ _ _ _ _ _ _ _ _ _ _ _ _ _ _ _ _ _ _ _ _ _ _ _ _ _ _ _ _ _ _ _ _ 
testing/cffi1/test_recompiler.py:44: in verify
    return _verify(ffi, module_name, source, *args, **kwds)
testing/support.py:76: in _verify
    outputfilename = recompile(ffi, module_name, preamble, *args, **kwds)
cffi/recompiler.py:1554: in recompile
    outputfilename = ffiplatform.compile('.', ext,
cffi/ffiplatform.py:22: in compile
    outputfilename = _build(tmpdir, ext, compiler_verbose, debug)
_ _ _ _ _ _ _ _ _ _ _ _ _ _ _ _ _ _ _ _ _ _ _ _ _ _ _ _ _ _ _ _ _ _ _ _ _ _ _ _ 

tmpdir = '.'
ext = <setuptools.extension.Extension('_CFFI_test_verify_anonymous_struct_with_star_typedef') at 0x7f4b04542100>
compiler_verbose = 1, debug = 0

    def _build(tmpdir, ext, compiler_verbose=0, debug=None):
        # XXX compact but horrible :-(
        from distutils.core import Distribution
        import distutils.errors, distutils.log
        #
        dist = Distribution({'ext_modules': [ext]})
        dist.parse_config_files()
        options = dist.get_option_dict('build_ext')
        if debug is None:
            debug = sys.flags.debug
        options['debug'] = ('ffiplatform', debug)
        options['force'] = ('ffiplatform', True)
        options['build_lib'] = ('ffiplatform', tmpdir)
        options['build_temp'] = ('ffiplatform', tmpdir)
        #
        try:
            old_level = distutils.log.set_threshold(0) or 0
            try:
                distutils.log.set_verbosity(compiler_verbose)
                dist.run_command('build_ext')
                cmd_obj = dist.get_command_obj('build_ext')
                [soname] = cmd_obj.get_outputs()
            finally:
                distutils.log.set_threshold(old_level)
        except (distutils.errors.CompileError,
                distutils.errors.LinkError) as e:
>           raise VerificationError('%s: %s' % (e.__class__.__name__, e))
E           cffi.VerificationError: CompileError: command '/usr/bin/x86_64-linux-gnu-gcc' failed with exit code 1

cffi/ffiplatform.py:58: VerificationError
----------------------------- Captured stdout call -----------------------------
generating /tmp/ffi-0/_CFFI_test_verify_anonymous_struct_with_star_typedef.cpp
setting the current directory to '/tmp/ffi-0'
running build_ext
building '_CFFI_test_verify_anonymous_struct_with_star_typedef' extension
x86_64-linux-gnu-gcc -pthread -Wno-unused-result -Wsign-compare -DNDEBUG -g -fwrapv -O2 -Wall -g -fstack-protector-strong -Wformat -Werror=format-security -g -fwrapv -O2 -g -O2 -fdebug-prefix-map=/<<PKGBUILDDIR>>=. -fstack-protector-strong -Wformat -Werror=format-security -Wdate-time -D_FORTIFY_SOURCE=2 -fPIC -UNDEBUG -I/usr/include/python3.9 -c _CFFI_test_verify_anonymous_struct_with_star_typedef.cpp -o ./_CFFI_test_verify_anonymous_struct_with_star_typedef.o
----------------------------- Captured stderr call -----------------------------
_CFFI_test_verify_anonymous_struct_with_star_typedef.cpp:583:10: error: non-constant-expression cannot be narrowed from type 'long' to 'size_t' (aka 'unsigned long') in initializer list [-Wc++11-narrowing]
  { "a", ((char *)&((foo_t)0)->a) - (char *)0,
         ^~~~~~~~~~~~~~~~~~~~~~~~~~~~~~~~~~~~
_CFFI_test_verify_anonymous_struct_with_star_typedef.cpp:583:10: note: insert an explicit cast to silence this issue
  { "a", ((char *)&((foo_t)0)->a) - (char *)0,
         ^~~~~~~~~~~~~~~~~~~~~~~~~~~~~~~~~~~~
         static_cast<size_t>(                )
_CFFI_test_verify_anonymous_struct_with_star_typedef.cpp:586:10: error: non-constant-expression cannot be narrowed from type 'long' to 'size_t' (aka 'unsigned long') in initializer list [-Wc++11-narrowing]
  { "b", ((char *)&((foo_t)0)->b) - (char *)0,
         ^~~~~~~~~~~~~~~~~~~~~~~~~~~~~~~~~~~~
_CFFI_test_verify_anonymous_struct_with_star_typedef.cpp:586:10: note: insert an explicit cast to silence this issue
  { "b", ((char *)&((foo_t)0)->b) - (char *)0,
         ^~~~~~~~~~~~~~~~~~~~~~~~~~~~~~~~~~~~
         static_cast<size_t>(                )
2 errors generated.
________________________________ test_include_5 ________________________________

self = <distutils.unixccompiler.UnixCCompiler object at 0x7f4b05b15ee0>
obj = './_CFFI_test_include_5_parent.o', src = '_CFFI_test_include_5_parent.cpp'
ext = '.cpp', cc_args = ['-UNDEBUG', '-I/usr/include/python3.9', '-c']
extra_postargs = [], pp_opts = ['-UNDEBUG', '-I/usr/include/python3.9']

    def _compile(self, obj, src, ext, cc_args, extra_postargs, pp_opts):
        compiler_so = self.compiler_so
        if sys.platform == 'darwin':
            compiler_so = _osx_support.compiler_fixup(compiler_so,
                                                    cc_args + extra_postargs)
        try:
>           self.spawn(compiler_so + cc_args + [src, '-o', obj] +
                       extra_postargs)

/usr/lib/python3.9/distutils/unixccompiler.py:117: 
_ _ _ _ _ _ _ _ _ _ _ _ _ _ _ _ _ _ _ _ _ _ _ _ _ _ _ _ _ _ _ _ _ _ _ _ _ _ _ _ 

self = <distutils.unixccompiler.UnixCCompiler object at 0x7f4b05b15ee0>
cmd = ['x86_64-linux-gnu-gcc', '-pthread', '-Wno-unused-result', '-Wsign-compare', '-DNDEBUG', '-g', ...]

    def spawn(self, cmd):
>       spawn(cmd, dry_run=self.dry_run)

/usr/lib/python3.9/distutils/ccompiler.py:910: 
_ _ _ _ _ _ _ _ _ _ _ _ _ _ _ _ _ _ _ _ _ _ _ _ _ _ _ _ _ _ _ _ _ _ _ _ _ _ _ _ 

cmd = '/usr/bin/x86_64-linux-gnu-gcc', search_path = 1, verbose = 0, dry_run = 0

    def spawn(cmd, search_path=1, verbose=0, dry_run=0):
        """Run another program, specified as a command list 'cmd', in a new process.
    
        'cmd' is just the argument list for the new process, ie.
        cmd[0] is the program to run and cmd[1:] are the rest of its arguments.
        There is no way to run a program with a name different from that of its
        executable.
    
        If 'search_path' is true (the default), the system's executable
        search path will be used to find the program; otherwise, cmd[0]
        must be the exact path to the executable.  If 'dry_run' is true,
        the command will not actually be run.
    
        Raise DistutilsExecError if running the program fails in any way; just
        return on success.
        """
        # cmd is documented as a list, but just in case some code passes a tuple
        # in, protect our %-formatting code against horrible death
        cmd = list(cmd)
    
        log.info(' '.join(cmd))
        if dry_run:
            return
    
        if search_path:
            executable = find_executable(cmd[0])
            if executable is not None:
                cmd[0] = executable
    
        env = None
        if sys.platform == 'darwin':
            global _cfg_target, _cfg_target_split
            if _cfg_target is None:
                from distutils import sysconfig
                _cfg_target = sysconfig.get_config_var(
                                      'MACOSX_DEPLOYMENT_TARGET') or ''
                if _cfg_target:
                    _cfg_target_split = [int(x) for x in _cfg_target.split('.')]
            if _cfg_target:
                # ensure that the deployment target of build process is not less
                # than that used when the interpreter was built. This ensures
                # extension modules are built with correct compatibility values
                cur_target = os.environ.get('MACOSX_DEPLOYMENT_TARGET', _cfg_target)
                if _cfg_target_split > [int(x) for x in cur_target.split('.')]:
                    my_msg = ('$MACOSX_DEPLOYMENT_TARGET mismatch: '
                              'now "%s" but "%s" during configure'
                                    % (cur_target, _cfg_target))
                    raise DistutilsPlatformError(my_msg)
                env = dict(os.environ,
                           MACOSX_DEPLOYMENT_TARGET=cur_target)
    
        try:
            proc = subprocess.Popen(cmd, env=env)
            proc.wait()
            exitcode = proc.returncode
        except OSError as exc:
            if not DEBUG:
                cmd = cmd[0]
            raise DistutilsExecError(
                "command %r failed: %s" % (cmd, exc.args[-1])) from exc
    
        if exitcode:
            if not DEBUG:
                cmd = cmd[0]
>           raise DistutilsExecError(
                  "command %r failed with exit code %s" % (cmd, exitcode))
E           distutils.errors.DistutilsExecError: command '/usr/bin/x86_64-linux-gnu-gcc' failed with exit code 1

/usr/lib/python3.9/distutils/spawn.py:87: DistutilsExecError

During handling of the above exception, another exception occurred:

tmpdir = '.'
ext = <setuptools.extension.Extension('_CFFI_test_include_5_parent') at 0x7f4b049cec40>
compiler_verbose = 1, debug = 0

    def _build(tmpdir, ext, compiler_verbose=0, debug=None):
        # XXX compact but horrible :-(
        from distutils.core import Distribution
        import distutils.errors, distutils.log
        #
        dist = Distribution({'ext_modules': [ext]})
        dist.parse_config_files()
        options = dist.get_option_dict('build_ext')
        if debug is None:
            debug = sys.flags.debug
        options['debug'] = ('ffiplatform', debug)
        options['force'] = ('ffiplatform', True)
        options['build_lib'] = ('ffiplatform', tmpdir)
        options['build_temp'] = ('ffiplatform', tmpdir)
        #
        try:
            old_level = distutils.log.set_threshold(0) or 0
            try:
                distutils.log.set_verbosity(compiler_verbose)
>               dist.run_command('build_ext')

cffi/ffiplatform.py:51: 
_ _ _ _ _ _ _ _ _ _ _ _ _ _ _ _ _ _ _ _ _ _ _ _ _ _ _ _ _ _ _ _ _ _ _ _ _ _ _ _ 

self = <setuptools.dist.Distribution object at 0x7f4b049ce7c0>
command = 'build_ext'

    def run_command(self, command):
        """Do whatever it takes to run a command (including nothing at all,
        if the command has already been run).  Specifically: if we have
        already created and run the command named by 'command', return
        silently without doing anything.  If the command named by 'command'
        doesn't even have a command object yet, create one.  Then invoke
        'run()' on that command object (or an existing one).
        """
        # Already been here, done that? then return silently.
        if self.have_run.get(command):
            return
    
        log.info("running %s", command)
        cmd_obj = self.get_command_obj(command)
        cmd_obj.ensure_finalized()
>       cmd_obj.run()

/usr/lib/python3.9/distutils/dist.py:985: 
_ _ _ _ _ _ _ _ _ _ _ _ _ _ _ _ _ _ _ _ _ _ _ _ _ _ _ _ _ _ _ _ _ _ _ _ _ _ _ _ 

self = <setuptools.command.build_ext.build_ext object at 0x7f4b05b15d00>

    def run(self):
        """Build extensions in build directory, then copy if --inplace"""
        old_inplace, self.inplace = self.inplace, 0
>       _build_ext.run(self)

/usr/lib/python3/dist-packages/setuptools/command/build_ext.py:79: 
_ _ _ _ _ _ _ _ _ _ _ _ _ _ _ _ _ _ _ _ _ _ _ _ _ _ _ _ _ _ _ _ _ _ _ _ _ _ _ _ 

self = <setuptools.command.build_ext.build_ext object at 0x7f4b05b15d00>

    def run(self):
        from distutils.ccompiler import new_compiler
    
        # 'self.extensions', as supplied by setup.py, is a list of
        # Extension instances.  See the documentation for Extension (in
        # distutils.extension) for details.
        #
        # For backwards compatibility with Distutils 0.8.2 and earlier, we
        # also allow the 'extensions' list to be a list of tuples:
        #    (ext_name, build_info)
        # where build_info is a dictionary containing everything that
        # Extension instances do except the name, with a few things being
        # differently named.  We convert these 2-tuples to Extension
        # instances as needed.
    
        if not self.extensions:
            return
    
        # If we were asked to build any C/C++ libraries, make sure that the
        # directory where we put them is in the library search path for
        # linking extensions.
        if self.distribution.has_c_libraries():
            build_clib = self.get_finalized_command('build_clib')
            self.libraries.extend(build_clib.get_library_names() or [])
            self.library_dirs.append(build_clib.build_clib)
    
        # Setup the CCompiler object that we'll use to do all the
        # compiling and linking
        self.compiler = new_compiler(compiler=self.compiler,
                                     verbose=self.verbose,
                                     dry_run=self.dry_run,
                                     force=self.force)
        customize_compiler(self.compiler)
        # If we are cross-compiling, init the compiler now (if we are not
        # cross-compiling, init would not hurt, but people may rely on
        # late initialization of compiler even if they shouldn't...)
        if os.name == 'nt' and self.plat_name != get_platform():
            self.compiler.initialize(self.plat_name)
    
        # And make sure that any compile/link-related options (which might
        # come from the command-line or from the setup script) are set in
        # that CCompiler object -- that way, they automatically apply to
        # all compiling and linking done here.
        if self.include_dirs is not None:
            self.compiler.set_include_dirs(self.include_dirs)
        if self.define is not None:
            # 'define' option is a list of (name,value) tuples
            for (name, value) in self.define:
                self.compiler.define_macro(name, value)
        if self.undef is not None:
            for macro in self.undef:
                self.compiler.undefine_macro(macro)
        if self.libraries is not None:
            self.compiler.set_libraries(self.libraries)
        if self.library_dirs is not None:
            self.compiler.set_library_dirs(self.library_dirs)
        if self.rpath is not None:
            self.compiler.set_runtime_library_dirs(self.rpath)
        if self.link_objects is not None:
            self.compiler.set_link_objects(self.link_objects)
    
        # Now actually compile and link everything.
>       self.build_extensions()

/usr/lib/python3.9/distutils/command/build_ext.py:340: 
_ _ _ _ _ _ _ _ _ _ _ _ _ _ _ _ _ _ _ _ _ _ _ _ _ _ _ _ _ _ _ _ _ _ _ _ _ _ _ _ 

self = <setuptools.command.build_ext.build_ext object at 0x7f4b05b15d00>

    def build_extensions(self):
        # First, sanity-check the 'extensions' list
        self.check_extensions_list(self.extensions)
        if self.parallel:
            self._build_extensions_parallel()
        else:
>           self._build_extensions_serial()

/usr/lib/python3.9/distutils/command/build_ext.py:449: 
_ _ _ _ _ _ _ _ _ _ _ _ _ _ _ _ _ _ _ _ _ _ _ _ _ _ _ _ _ _ _ _ _ _ _ _ _ _ _ _ 

self = <setuptools.command.build_ext.build_ext object at 0x7f4b05b15d00>

    def _build_extensions_serial(self):
        for ext in self.extensions:
            with self._filter_build_errors(ext):
>               self.build_extension(ext)

/usr/lib/python3.9/distutils/command/build_ext.py:474: 
_ _ _ _ _ _ _ _ _ _ _ _ _ _ _ _ _ _ _ _ _ _ _ _ _ _ _ _ _ _ _ _ _ _ _ _ _ _ _ _ 

self = <setuptools.command.build_ext.build_ext object at 0x7f4b05b15d00>
ext = <setuptools.extension.Extension('_CFFI_test_include_5_parent') at 0x7f4b049cec40>

    def build_extension(self, ext):
        ext._convert_pyx_sources_to_lang()
        _compiler = self.compiler
        try:
            if isinstance(ext, Library):
                self.compiler = self.shlib_compiler
>           _build_ext.build_extension(self, ext)

/usr/lib/python3/dist-packages/setuptools/command/build_ext.py:196: 
_ _ _ _ _ _ _ _ _ _ _ _ _ _ _ _ _ _ _ _ _ _ _ _ _ _ _ _ _ _ _ _ _ _ _ _ _ _ _ _ 

self = <setuptools.command.build_ext.build_ext object at 0x7f4b05b15d00>
ext = <setuptools.extension.Extension('_CFFI_test_include_5_parent') at 0x7f4b049cec40>

    def build_extension(self, ext):
        sources = ext.sources
        if sources is None or not isinstance(sources, (list, tuple)):
            raise DistutilsSetupError(
                  "in 'ext_modules' option (extension '%s'), "
                  "'sources' must be present and must be "
                  "a list of source filenames" % ext.name)
        # sort to make the resulting .so file build reproducible
        sources = sorted(sources)
    
        ext_path = self.get_ext_fullpath(ext.name)
        depends = sources + ext.depends
        if not (self.force or newer_group(depends, ext_path, 'newer')):
            log.debug("skipping '%s' extension (up-to-date)", ext.name)
            return
        else:
            log.info("building '%s' extension", ext.name)
    
        # First, scan the sources for SWIG definition files (.i), run
        # SWIG on 'em to create .c files, and modify the sources list
        # accordingly.
        sources = self.swig_sources(sources, ext)
    
        # Next, compile the source code to object files.
    
        # XXX not honouring 'define_macros' or 'undef_macros' -- the
        # CCompiler API needs to change to accommodate this, and I
        # want to do one thing at a time!
    
        # Two possible sources for extra compiler arguments:
        #   - 'extra_compile_args' in Extension object
        #   - CFLAGS environment variable (not particularly
        #     elegant, but people seem to expect it and I
        #     guess it's useful)
        # The environment variable should take precedence, and
        # any sensible compiler will give precedence to later
        # command line args.  Hence we combine them in order:
        extra_args = ext.extra_compile_args or []
    
        macros = ext.define_macros[:]
        for undef in ext.undef_macros:
            macros.append((undef,))
    
>       objects = self.compiler.compile(sources,
                                         output_dir=self.build_temp,
                                         macros=macros,
                                         include_dirs=ext.include_dirs,
                                         debug=self.debug,
                                         extra_postargs=extra_args,
                                         depends=ext.depends)

/usr/lib/python3.9/distutils/command/build_ext.py:529: 
_ _ _ _ _ _ _ _ _ _ _ _ _ _ _ _ _ _ _ _ _ _ _ _ _ _ _ _ _ _ _ _ _ _ _ _ _ _ _ _ 

self = <distutils.unixccompiler.UnixCCompiler object at 0x7f4b05b15ee0>
sources = ['_CFFI_test_include_5_parent.cpp'], output_dir = '.'
macros = [('NDEBUG',)], include_dirs = [], debug = 0, extra_preargs = None
extra_postargs = [], depends = []

    def compile(self, sources, output_dir=None, macros=None,
                include_dirs=None, debug=0, extra_preargs=None,
                extra_postargs=None, depends=None):
        """Compile one or more source files.
    
        'sources' must be a list of filenames, most likely C/C++
        files, but in reality anything that can be handled by a
        particular compiler and compiler class (eg. MSVCCompiler can
        handle resource files in 'sources').  Return a list of object
        filenames, one per source filename in 'sources'.  Depending on
        the implementation, not all source files will necessarily be
        compiled, but all corresponding object filenames will be
        returned.
    
        If 'output_dir' is given, object files will be put under it, while
        retaining their original path component.  That is, "foo/bar.c"
        normally compiles to "foo/bar.o" (for a Unix implementation); if
        'output_dir' is "build", then it would compile to
        "build/foo/bar.o".
    
        'macros', if given, must be a list of macro definitions.  A macro
        definition is either a (name, value) 2-tuple or a (name,) 1-tuple.
        The former defines a macro; if the value is None, the macro is
        defined without an explicit value.  The 1-tuple case undefines a
        macro.  Later definitions/redefinitions/ undefinitions take
        precedence.
    
        'include_dirs', if given, must be a list of strings, the
        directories to add to the default include file search path for this
        compilation only.
    
        'debug' is a boolean; if true, the compiler will be instructed to
        output debug symbols in (or alongside) the object file(s).
    
        'extra_preargs' and 'extra_postargs' are implementation- dependent.
        On platforms that have the notion of a command-line (e.g. Unix,
        DOS/Windows), they are most likely lists of strings: extra
        command-line arguments to prepend/append to the compiler command
        line.  On other platforms, consult the implementation class
        documentation.  In any event, they are intended as an escape hatch
        for those occasions when the abstract compiler framework doesn't
        cut the mustard.
    
        'depends', if given, is a list of filenames that all targets
        depend on.  If a source file is older than any file in
        depends, then the source file will be recompiled.  This
        supports dependency tracking, but only at a coarse
        granularity.
    
        Raises CompileError on failure.
        """
        # A concrete compiler class can either override this method
        # entirely or implement _compile().
        macros, objects, extra_postargs, pp_opts, build = \
                self._setup_compile(output_dir, macros, include_dirs, sources,
                                    depends, extra_postargs)
        cc_args = self._get_cc_args(pp_opts, debug, extra_preargs)
    
        for obj in objects:
            try:
                src, ext = build[obj]
            except KeyError:
                continue
>           self._compile(obj, src, ext, cc_args, extra_postargs, pp_opts)

/usr/lib/python3.9/distutils/ccompiler.py:574: 
_ _ _ _ _ _ _ _ _ _ _ _ _ _ _ _ _ _ _ _ _ _ _ _ _ _ _ _ _ _ _ _ _ _ _ _ _ _ _ _ 

self = <distutils.unixccompiler.UnixCCompiler object at 0x7f4b05b15ee0>
obj = './_CFFI_test_include_5_parent.o', src = '_CFFI_test_include_5_parent.cpp'
ext = '.cpp', cc_args = ['-UNDEBUG', '-I/usr/include/python3.9', '-c']
extra_postargs = [], pp_opts = ['-UNDEBUG', '-I/usr/include/python3.9']

    def _compile(self, obj, src, ext, cc_args, extra_postargs, pp_opts):
        compiler_so = self.compiler_so
        if sys.platform == 'darwin':
            compiler_so = _osx_support.compiler_fixup(compiler_so,
                                                    cc_args + extra_postargs)
        try:
            self.spawn(compiler_so + cc_args + [src, '-o', obj] +
                       extra_postargs)
        except DistutilsExecError as msg:
>           raise CompileError(msg)
E           distutils.errors.CompileError: command '/usr/bin/x86_64-linux-gnu-gcc' failed with exit code 1

/usr/lib/python3.9/distutils/unixccompiler.py:120: CompileError

During handling of the above exception, another exception occurred:

    def test_include_5():
        ffi1 = FFI()
        ffi1.cdef("typedef struct { int x[2]; int y; } *mystruct_p;")
>       verify(ffi1, "test_include_5_parent",
               "typedef struct { int x[2]; int y; } *mystruct_p;")

testing/cffi1/test_recompiler.py:678: 
_ _ _ _ _ _ _ _ _ _ _ _ _ _ _ _ _ _ _ _ _ _ _ _ _ _ _ _ _ _ _ _ _ _ _ _ _ _ _ _ 
testing/cffi1/test_recompiler.py:44: in verify
    return _verify(ffi, module_name, source, *args, **kwds)
testing/support.py:76: in _verify
    outputfilename = recompile(ffi, module_name, preamble, *args, **kwds)
cffi/recompiler.py:1554: in recompile
    outputfilename = ffiplatform.compile('.', ext,
cffi/ffiplatform.py:22: in compile
    outputfilename = _build(tmpdir, ext, compiler_verbose, debug)
_ _ _ _ _ _ _ _ _ _ _ _ _ _ _ _ _ _ _ _ _ _ _ _ _ _ _ _ _ _ _ _ _ _ _ _ _ _ _ _ 

tmpdir = '.'
ext = <setuptools.extension.Extension('_CFFI_test_include_5_parent') at 0x7f4b049cec40>
compiler_verbose = 1, debug = 0

    def _build(tmpdir, ext, compiler_verbose=0, debug=None):
        # XXX compact but horrible :-(
        from distutils.core import Distribution
        import distutils.errors, distutils.log
        #
        dist = Distribution({'ext_modules': [ext]})
        dist.parse_config_files()
        options = dist.get_option_dict('build_ext')
        if debug is None:
            debug = sys.flags.debug
        options['debug'] = ('ffiplatform', debug)
        options['force'] = ('ffiplatform', True)
        options['build_lib'] = ('ffiplatform', tmpdir)
        options['build_temp'] = ('ffiplatform', tmpdir)
        #
        try:
            old_level = distutils.log.set_threshold(0) or 0
            try:
                distutils.log.set_verbosity(compiler_verbose)
                dist.run_command('build_ext')
                cmd_obj = dist.get_command_obj('build_ext')
                [soname] = cmd_obj.get_outputs()
            finally:
                distutils.log.set_threshold(old_level)
        except (distutils.errors.CompileError,
                distutils.errors.LinkError) as e:
>           raise VerificationError('%s: %s' % (e.__class__.__name__, e))
E           cffi.VerificationError: CompileError: command '/usr/bin/x86_64-linux-gnu-gcc' failed with exit code 1

cffi/ffiplatform.py:58: VerificationError
----------------------------- Captured stdout call -----------------------------
generating /tmp/ffi-0/_CFFI_test_include_5_parent.cpp
setting the current directory to '/tmp/ffi-0'
running build_ext
building '_CFFI_test_include_5_parent' extension
x86_64-linux-gnu-gcc -pthread -Wno-unused-result -Wsign-compare -DNDEBUG -g -fwrapv -O2 -Wall -g -fstack-protector-strong -Wformat -Werror=format-security -g -fwrapv -O2 -g -O2 -fdebug-prefix-map=/<<PKGBUILDDIR>>=. -fstack-protector-strong -Wformat -Werror=format-security -Wdate-time -D_FORTIFY_SOURCE=2 -fPIC -UNDEBUG -I/usr/include/python3.9 -c _CFFI_test_include_5_parent.cpp -o ./_CFFI_test_include_5_parent.o
----------------------------- Captured stderr call -----------------------------
_CFFI_test_include_5_parent.cpp:584:10: error: non-constant-expression cannot be narrowed from type 'long' to 'size_t' (aka 'unsigned long') in initializer list [-Wc++11-narrowing]
  { "x", ((char *)&((mystruct_p)0)->x) - (char *)0,
         ^~~~~~~~~~~~~~~~~~~~~~~~~~~~~~~~~~~~~~~~~
_CFFI_test_include_5_parent.cpp:584:10: note: insert an explicit cast to silence this issue
  { "x", ((char *)&((mystruct_p)0)->x) - (char *)0,
         ^~~~~~~~~~~~~~~~~~~~~~~~~~~~~~~~~~~~~~~~~
         static_cast<size_t>(                     )
_CFFI_test_include_5_parent.cpp:587:10: error: non-constant-expression cannot be narrowed from type 'long' to 'size_t' (aka 'unsigned long') in initializer list [-Wc++11-narrowing]
  { "y", ((char *)&((mystruct_p)0)->y) - (char *)0,
         ^~~~~~~~~~~~~~~~~~~~~~~~~~~~~~~~~~~~~~~~~
_CFFI_test_include_5_parent.cpp:587:10: note: insert an explicit cast to silence this issue
  { "y", ((char *)&((mystruct_p)0)->y) - (char *)0,
         ^~~~~~~~~~~~~~~~~~~~~~~~~~~~~~~~~~~~~~~~~
         static_cast<size_t>(                     )
2 errors generated.
_________________________ test_name_of_unnamed_struct __________________________

self = <distutils.unixccompiler.UnixCCompiler object at 0x7f4b0442e8b0>
obj = './_CFFI_test_name_of_unnamed_struct.o'
src = '_CFFI_test_name_of_unnamed_struct.cpp', ext = '.cpp'
cc_args = ['-UNDEBUG', '-I/usr/include/python3.9', '-c'], extra_postargs = []
pp_opts = ['-UNDEBUG', '-I/usr/include/python3.9']

    def _compile(self, obj, src, ext, cc_args, extra_postargs, pp_opts):
        compiler_so = self.compiler_so
        if sys.platform == 'darwin':
            compiler_so = _osx_support.compiler_fixup(compiler_so,
                                                    cc_args + extra_postargs)
        try:
>           self.spawn(compiler_so + cc_args + [src, '-o', obj] +
                       extra_postargs)

/usr/lib/python3.9/distutils/unixccompiler.py:117: 
_ _ _ _ _ _ _ _ _ _ _ _ _ _ _ _ _ _ _ _ _ _ _ _ _ _ _ _ _ _ _ _ _ _ _ _ _ _ _ _ 

self = <distutils.unixccompiler.UnixCCompiler object at 0x7f4b0442e8b0>
cmd = ['x86_64-linux-gnu-gcc', '-pthread', '-Wno-unused-result', '-Wsign-compare', '-DNDEBUG', '-g', ...]

    def spawn(self, cmd):
>       spawn(cmd, dry_run=self.dry_run)

/usr/lib/python3.9/distutils/ccompiler.py:910: 
_ _ _ _ _ _ _ _ _ _ _ _ _ _ _ _ _ _ _ _ _ _ _ _ _ _ _ _ _ _ _ _ _ _ _ _ _ _ _ _ 

cmd = '/usr/bin/x86_64-linux-gnu-gcc', search_path = 1, verbose = 0, dry_run = 0

    def spawn(cmd, search_path=1, verbose=0, dry_run=0):
        """Run another program, specified as a command list 'cmd', in a new process.
    
        'cmd' is just the argument list for the new process, ie.
        cmd[0] is the program to run and cmd[1:] are the rest of its arguments.
        There is no way to run a program with a name different from that of its
        executable.
    
        If 'search_path' is true (the default), the system's executable
        search path will be used to find the program; otherwise, cmd[0]
        must be the exact path to the executable.  If 'dry_run' is true,
        the command will not actually be run.
    
        Raise DistutilsExecError if running the program fails in any way; just
        return on success.
        """
        # cmd is documented as a list, but just in case some code passes a tuple
        # in, protect our %-formatting code against horrible death
        cmd = list(cmd)
    
        log.info(' '.join(cmd))
        if dry_run:
            return
    
        if search_path:
            executable = find_executable(cmd[0])
            if executable is not None:
                cmd[0] = executable
    
        env = None
        if sys.platform == 'darwin':
            global _cfg_target, _cfg_target_split
            if _cfg_target is None:
                from distutils import sysconfig
                _cfg_target = sysconfig.get_config_var(
                                      'MACOSX_DEPLOYMENT_TARGET') or ''
                if _cfg_target:
                    _cfg_target_split = [int(x) for x in _cfg_target.split('.')]
            if _cfg_target:
                # ensure that the deployment target of build process is not less
                # than that used when the interpreter was built. This ensures
                # extension modules are built with correct compatibility values
                cur_target = os.environ.get('MACOSX_DEPLOYMENT_TARGET', _cfg_target)
                if _cfg_target_split > [int(x) for x in cur_target.split('.')]:
                    my_msg = ('$MACOSX_DEPLOYMENT_TARGET mismatch: '
                              'now "%s" but "%s" during configure'
                                    % (cur_target, _cfg_target))
                    raise DistutilsPlatformError(my_msg)
                env = dict(os.environ,
                           MACOSX_DEPLOYMENT_TARGET=cur_target)
    
        try:
            proc = subprocess.Popen(cmd, env=env)
            proc.wait()
            exitcode = proc.returncode
        except OSError as exc:
            if not DEBUG:
                cmd = cmd[0]
            raise DistutilsExecError(
                "command %r failed: %s" % (cmd, exc.args[-1])) from exc
    
        if exitcode:
            if not DEBUG:
                cmd = cmd[0]
>           raise DistutilsExecError(
                  "command %r failed with exit code %s" % (cmd, exitcode))
E           distutils.errors.DistutilsExecError: command '/usr/bin/x86_64-linux-gnu-gcc' failed with exit code 1

/usr/lib/python3.9/distutils/spawn.py:87: DistutilsExecError

During handling of the above exception, another exception occurred:

tmpdir = '.'
ext = <setuptools.extension.Extension('_CFFI_test_name_of_unnamed_struct') at 0x7f4b044ff7c0>
compiler_verbose = 1, debug = 0

    def _build(tmpdir, ext, compiler_verbose=0, debug=None):
        # XXX compact but horrible :-(
        from distutils.core import Distribution
        import distutils.errors, distutils.log
        #
        dist = Distribution({'ext_modules': [ext]})
        dist.parse_config_files()
        options = dist.get_option_dict('build_ext')
        if debug is None:
            debug = sys.flags.debug
        options['debug'] = ('ffiplatform', debug)
        options['force'] = ('ffiplatform', True)
        options['build_lib'] = ('ffiplatform', tmpdir)
        options['build_temp'] = ('ffiplatform', tmpdir)
        #
        try:
            old_level = distutils.log.set_threshold(0) or 0
            try:
                distutils.log.set_verbosity(compiler_verbose)
>               dist.run_command('build_ext')

cffi/ffiplatform.py:51: 
_ _ _ _ _ _ _ _ _ _ _ _ _ _ _ _ _ _ _ _ _ _ _ _ _ _ _ _ _ _ _ _ _ _ _ _ _ _ _ _ 

self = <setuptools.dist.Distribution object at 0x7f4b0442e190>
command = 'build_ext'

    def run_command(self, command):
        """Do whatever it takes to run a command (including nothing at all,
        if the command has already been run).  Specifically: if we have
        already created and run the command named by 'command', return
        silently without doing anything.  If the command named by 'command'
        doesn't even have a command object yet, create one.  Then invoke
        'run()' on that command object (or an existing one).
        """
        # Already been here, done that? then return silently.
        if self.have_run.get(command):
            return
    
        log.info("running %s", command)
        cmd_obj = self.get_command_obj(command)
        cmd_obj.ensure_finalized()
>       cmd_obj.run()

/usr/lib/python3.9/distutils/dist.py:985: 
_ _ _ _ _ _ _ _ _ _ _ _ _ _ _ _ _ _ _ _ _ _ _ _ _ _ _ _ _ _ _ _ _ _ _ _ _ _ _ _ 

self = <setuptools.command.build_ext.build_ext object at 0x7f4b0442ed30>

    def run(self):
        """Build extensions in build directory, then copy if --inplace"""
        old_inplace, self.inplace = self.inplace, 0
>       _build_ext.run(self)

/usr/lib/python3/dist-packages/setuptools/command/build_ext.py:79: 
_ _ _ _ _ _ _ _ _ _ _ _ _ _ _ _ _ _ _ _ _ _ _ _ _ _ _ _ _ _ _ _ _ _ _ _ _ _ _ _ 

self = <setuptools.command.build_ext.build_ext object at 0x7f4b0442ed30>

    def run(self):
        from distutils.ccompiler import new_compiler
    
        # 'self.extensions', as supplied by setup.py, is a list of
        # Extension instances.  See the documentation for Extension (in
        # distutils.extension) for details.
        #
        # For backwards compatibility with Distutils 0.8.2 and earlier, we
        # also allow the 'extensions' list to be a list of tuples:
        #    (ext_name, build_info)
        # where build_info is a dictionary containing everything that
        # Extension instances do except the name, with a few things being
        # differently named.  We convert these 2-tuples to Extension
        # instances as needed.
    
        if not self.extensions:
            return
    
        # If we were asked to build any C/C++ libraries, make sure that the
        # directory where we put them is in the library search path for
        # linking extensions.
        if self.distribution.has_c_libraries():
            build_clib = self.get_finalized_command('build_clib')
            self.libraries.extend(build_clib.get_library_names() or [])
            self.library_dirs.append(build_clib.build_clib)
    
        # Setup the CCompiler object that we'll use to do all the
        # compiling and linking
        self.compiler = new_compiler(compiler=self.compiler,
                                     verbose=self.verbose,
                                     dry_run=self.dry_run,
                                     force=self.force)
        customize_compiler(self.compiler)
        # If we are cross-compiling, init the compiler now (if we are not
        # cross-compiling, init would not hurt, but people may rely on
        # late initialization of compiler even if they shouldn't...)
        if os.name == 'nt' and self.plat_name != get_platform():
            self.compiler.initialize(self.plat_name)
    
        # And make sure that any compile/link-related options (which might
        # come from the command-line or from the setup script) are set in
        # that CCompiler object -- that way, they automatically apply to
        # all compiling and linking done here.
        if self.include_dirs is not None:
            self.compiler.set_include_dirs(self.include_dirs)
        if self.define is not None:
            # 'define' option is a list of (name,value) tuples
            for (name, value) in self.define:
                self.compiler.define_macro(name, value)
        if self.undef is not None:
            for macro in self.undef:
                self.compiler.undefine_macro(macro)
        if self.libraries is not None:
            self.compiler.set_libraries(self.libraries)
        if self.library_dirs is not None:
            self.compiler.set_library_dirs(self.library_dirs)
        if self.rpath is not None:
            self.compiler.set_runtime_library_dirs(self.rpath)
        if self.link_objects is not None:
            self.compiler.set_link_objects(self.link_objects)
    
        # Now actually compile and link everything.
>       self.build_extensions()

/usr/lib/python3.9/distutils/command/build_ext.py:340: 
_ _ _ _ _ _ _ _ _ _ _ _ _ _ _ _ _ _ _ _ _ _ _ _ _ _ _ _ _ _ _ _ _ _ _ _ _ _ _ _ 

self = <setuptools.command.build_ext.build_ext object at 0x7f4b0442ed30>

    def build_extensions(self):
        # First, sanity-check the 'extensions' list
        self.check_extensions_list(self.extensions)
        if self.parallel:
            self._build_extensions_parallel()
        else:
>           self._build_extensions_serial()

/usr/lib/python3.9/distutils/command/build_ext.py:449: 
_ _ _ _ _ _ _ _ _ _ _ _ _ _ _ _ _ _ _ _ _ _ _ _ _ _ _ _ _ _ _ _ _ _ _ _ _ _ _ _ 

self = <setuptools.command.build_ext.build_ext object at 0x7f4b0442ed30>

    def _build_extensions_serial(self):
        for ext in self.extensions:
            with self._filter_build_errors(ext):
>               self.build_extension(ext)

/usr/lib/python3.9/distutils/command/build_ext.py:474: 
_ _ _ _ _ _ _ _ _ _ _ _ _ _ _ _ _ _ _ _ _ _ _ _ _ _ _ _ _ _ _ _ _ _ _ _ _ _ _ _ 

self = <setuptools.command.build_ext.build_ext object at 0x7f4b0442ed30>
ext = <setuptools.extension.Extension('_CFFI_test_name_of_unnamed_struct') at 0x7f4b044ff7c0>

    def build_extension(self, ext):
        ext._convert_pyx_sources_to_lang()
        _compiler = self.compiler
        try:
            if isinstance(ext, Library):
                self.compiler = self.shlib_compiler
>           _build_ext.build_extension(self, ext)

/usr/lib/python3/dist-packages/setuptools/command/build_ext.py:196: 
_ _ _ _ _ _ _ _ _ _ _ _ _ _ _ _ _ _ _ _ _ _ _ _ _ _ _ _ _ _ _ _ _ _ _ _ _ _ _ _ 

self = <setuptools.command.build_ext.build_ext object at 0x7f4b0442ed30>
ext = <setuptools.extension.Extension('_CFFI_test_name_of_unnamed_struct') at 0x7f4b044ff7c0>

    def build_extension(self, ext):
        sources = ext.sources
        if sources is None or not isinstance(sources, (list, tuple)):
            raise DistutilsSetupError(
                  "in 'ext_modules' option (extension '%s'), "
                  "'sources' must be present and must be "
                  "a list of source filenames" % ext.name)
        # sort to make the resulting .so file build reproducible
        sources = sorted(sources)
    
        ext_path = self.get_ext_fullpath(ext.name)
        depends = sources + ext.depends
        if not (self.force or newer_group(depends, ext_path, 'newer')):
            log.debug("skipping '%s' extension (up-to-date)", ext.name)
            return
        else:
            log.info("building '%s' extension", ext.name)
    
        # First, scan the sources for SWIG definition files (.i), run
        # SWIG on 'em to create .c files, and modify the sources list
        # accordingly.
        sources = self.swig_sources(sources, ext)
    
        # Next, compile the source code to object files.
    
        # XXX not honouring 'define_macros' or 'undef_macros' -- the
        # CCompiler API needs to change to accommodate this, and I
        # want to do one thing at a time!
    
        # Two possible sources for extra compiler arguments:
        #   - 'extra_compile_args' in Extension object
        #   - CFLAGS environment variable (not particularly
        #     elegant, but people seem to expect it and I
        #     guess it's useful)
        # The environment variable should take precedence, and
        # any sensible compiler will give precedence to later
        # command line args.  Hence we combine them in order:
        extra_args = ext.extra_compile_args or []
    
        macros = ext.define_macros[:]
        for undef in ext.undef_macros:
            macros.append((undef,))
    
>       objects = self.compiler.compile(sources,
                                         output_dir=self.build_temp,
                                         macros=macros,
                                         include_dirs=ext.include_dirs,
                                         debug=self.debug,
                                         extra_postargs=extra_args,
                                         depends=ext.depends)

/usr/lib/python3.9/distutils/command/build_ext.py:529: 
_ _ _ _ _ _ _ _ _ _ _ _ _ _ _ _ _ _ _ _ _ _ _ _ _ _ _ _ _ _ _ _ _ _ _ _ _ _ _ _ 

self = <distutils.unixccompiler.UnixCCompiler object at 0x7f4b0442e8b0>
sources = ['_CFFI_test_name_of_unnamed_struct.cpp'], output_dir = '.'
macros = [('NDEBUG',)], include_dirs = [], debug = 0, extra_preargs = None
extra_postargs = [], depends = []

    def compile(self, sources, output_dir=None, macros=None,
                include_dirs=None, debug=0, extra_preargs=None,
                extra_postargs=None, depends=None):
        """Compile one or more source files.
    
        'sources' must be a list of filenames, most likely C/C++
        files, but in reality anything that can be handled by a
        particular compiler and compiler class (eg. MSVCCompiler can
        handle resource files in 'sources').  Return a list of object
        filenames, one per source filename in 'sources'.  Depending on
        the implementation, not all source files will necessarily be
        compiled, but all corresponding object filenames will be
        returned.
    
        If 'output_dir' is given, object files will be put under it, while
        retaining their original path component.  That is, "foo/bar.c"
        normally compiles to "foo/bar.o" (for a Unix implementation); if
        'output_dir' is "build", then it would compile to
        "build/foo/bar.o".
    
        'macros', if given, must be a list of macro definitions.  A macro
        definition is either a (name, value) 2-tuple or a (name,) 1-tuple.
        The former defines a macro; if the value is None, the macro is
        defined without an explicit value.  The 1-tuple case undefines a
        macro.  Later definitions/redefinitions/ undefinitions take
        precedence.
    
        'include_dirs', if given, must be a list of strings, the
        directories to add to the default include file search path for this
        compilation only.
    
        'debug' is a boolean; if true, the compiler will be instructed to
        output debug symbols in (or alongside) the object file(s).
    
        'extra_preargs' and 'extra_postargs' are implementation- dependent.
        On platforms that have the notion of a command-line (e.g. Unix,
        DOS/Windows), they are most likely lists of strings: extra
        command-line arguments to prepend/append to the compiler command
        line.  On other platforms, consult the implementation class
        documentation.  In any event, they are intended as an escape hatch
        for those occasions when the abstract compiler framework doesn't
        cut the mustard.
    
        'depends', if given, is a list of filenames that all targets
        depend on.  If a source file is older than any file in
        depends, then the source file will be recompiled.  This
        supports dependency tracking, but only at a coarse
        granularity.
    
        Raises CompileError on failure.
        """
        # A concrete compiler class can either override this method
        # entirely or implement _compile().
        macros, objects, extra_postargs, pp_opts, build = \
                self._setup_compile(output_dir, macros, include_dirs, sources,
                                    depends, extra_postargs)
        cc_args = self._get_cc_args(pp_opts, debug, extra_preargs)
    
        for obj in objects:
            try:
                src, ext = build[obj]
            except KeyError:
                continue
>           self._compile(obj, src, ext, cc_args, extra_postargs, pp_opts)

/usr/lib/python3.9/distutils/ccompiler.py:574: 
_ _ _ _ _ _ _ _ _ _ _ _ _ _ _ _ _ _ _ _ _ _ _ _ _ _ _ _ _ _ _ _ _ _ _ _ _ _ _ _ 

self = <distutils.unixccompiler.UnixCCompiler object at 0x7f4b0442e8b0>
obj = './_CFFI_test_name_of_unnamed_struct.o'
src = '_CFFI_test_name_of_unnamed_struct.cpp', ext = '.cpp'
cc_args = ['-UNDEBUG', '-I/usr/include/python3.9', '-c'], extra_postargs = []
pp_opts = ['-UNDEBUG', '-I/usr/include/python3.9']

    def _compile(self, obj, src, ext, cc_args, extra_postargs, pp_opts):
        compiler_so = self.compiler_so
        if sys.platform == 'darwin':
            compiler_so = _osx_support.compiler_fixup(compiler_so,
                                                    cc_args + extra_postargs)
        try:
            self.spawn(compiler_so + cc_args + [src, '-o', obj] +
                       extra_postargs)
        except DistutilsExecError as msg:
>           raise CompileError(msg)
E           distutils.errors.CompileError: command '/usr/bin/x86_64-linux-gnu-gcc' failed with exit code 1

/usr/lib/python3.9/distutils/unixccompiler.py:120: CompileError

During handling of the above exception, another exception occurred:

    def test_name_of_unnamed_struct():
        ffi = FFI()
        ffi.cdef("typedef struct { int x; } foo_t;\n"
                 "typedef struct { int y; } *bar_p;\n"
                 "typedef struct { int y; } **baz_pp;\n")
>       verify(ffi, "test_name_of_unnamed_struct",
                 "typedef struct { int x; } foo_t;\n"
                 "typedef struct { int y; } *bar_p;\n"
                 "typedef struct { int y; } **baz_pp;\n")

testing/cffi1/test_recompiler.py:811: 
_ _ _ _ _ _ _ _ _ _ _ _ _ _ _ _ _ _ _ _ _ _ _ _ _ _ _ _ _ _ _ _ _ _ _ _ _ _ _ _ 
testing/cffi1/test_recompiler.py:44: in verify
    return _verify(ffi, module_name, source, *args, **kwds)
testing/support.py:76: in _verify
    outputfilename = recompile(ffi, module_name, preamble, *args, **kwds)
cffi/recompiler.py:1554: in recompile
    outputfilename = ffiplatform.compile('.', ext,
cffi/ffiplatform.py:22: in compile
    outputfilename = _build(tmpdir, ext, compiler_verbose, debug)
_ _ _ _ _ _ _ _ _ _ _ _ _ _ _ _ _ _ _ _ _ _ _ _ _ _ _ _ _ _ _ _ _ _ _ _ _ _ _ _ 

tmpdir = '.'
ext = <setuptools.extension.Extension('_CFFI_test_name_of_unnamed_struct') at 0x7f4b044ff7c0>
compiler_verbose = 1, debug = 0

    def _build(tmpdir, ext, compiler_verbose=0, debug=None):
        # XXX compact but horrible :-(
        from distutils.core import Distribution
        import distutils.errors, distutils.log
        #
        dist = Distribution({'ext_modules': [ext]})
        dist.parse_config_files()
        options = dist.get_option_dict('build_ext')
        if debug is None:
            debug = sys.flags.debug
        options['debug'] = ('ffiplatform', debug)
        options['force'] = ('ffiplatform', True)
        options['build_lib'] = ('ffiplatform', tmpdir)
        options['build_temp'] = ('ffiplatform', tmpdir)
        #
        try:
            old_level = distutils.log.set_threshold(0) or 0
            try:
                distutils.log.set_verbosity(compiler_verbose)
                dist.run_command('build_ext')
                cmd_obj = dist.get_command_obj('build_ext')
                [soname] = cmd_obj.get_outputs()
            finally:
                distutils.log.set_threshold(old_level)
        except (distutils.errors.CompileError,
                distutils.errors.LinkError) as e:
>           raise VerificationError('%s: %s' % (e.__class__.__name__, e))
E           cffi.VerificationError: CompileError: command '/usr/bin/x86_64-linux-gnu-gcc' failed with exit code 1

cffi/ffiplatform.py:58: VerificationError
----------------------------- Captured stdout call -----------------------------
generating /tmp/ffi-0/_CFFI_test_name_of_unnamed_struct.cpp
setting the current directory to '/tmp/ffi-0'
running build_ext
building '_CFFI_test_name_of_unnamed_struct' extension
x86_64-linux-gnu-gcc -pthread -Wno-unused-result -Wsign-compare -DNDEBUG -g -fwrapv -O2 -Wall -g -fstack-protector-strong -Wformat -Werror=format-security -g -fwrapv -O2 -g -O2 -fdebug-prefix-map=/<<PKGBUILDDIR>>=. -fstack-protector-strong -Wformat -Werror=format-security -Wdate-time -D_FORTIFY_SOURCE=2 -fPIC -UNDEBUG -I/usr/include/python3.9 -c _CFFI_test_name_of_unnamed_struct.cpp -o ./_CFFI_test_name_of_unnamed_struct.o
----------------------------- Captured stderr call -----------------------------
_CFFI_test_name_of_unnamed_struct.cpp:601:10: error: non-constant-expression cannot be narrowed from type 'long' to 'size_t' (aka 'unsigned long') in initializer list [-Wc++11-narrowing]
  { "y", ((char *)&((bar_p)0)->y) - (char *)0,
         ^~~~~~~~~~~~~~~~~~~~~~~~~~~~~~~~~~~~
_CFFI_test_name_of_unnamed_struct.cpp:601:10: note: insert an explicit cast to silence this issue
  { "y", ((char *)&((bar_p)0)->y) - (char *)0,
         ^~~~~~~~~~~~~~~~~~~~~~~~~~~~~~~~~~~~
         static_cast<size_t>(                )
1 error generated.
=============================== warnings summary ===============================
c/test_c.py::test_cast_with_functionptr
  /<<PKGBUILDDIR>>/c/test_c.py:2175: UserWarning: implicit cast from 'char *' to a different pointer type: will be forbidden in the future (check that the types are as you expect; use an explicit ffi.cast() if they are correct)
    newp(BStructPtr, [cast(BCharP, 0)])

testing/cffi0/test_verify.py::test_bogus_ptr
testing/cffi0/test_verify2.py::test_ptr
testing/cffi0/test_verify2.py::test_bogus_ptr
  /<<PKGBUILDDIR>>/cffi/vengine_cpy.py:191: UserWarning: reimporting '_cffi__x7182b2d4x79e7dae1' might overwrite older definitions
    warnings.warn("reimporting %r might overwrite older definitions"

testing/cffi0/test_verify.py::test_nonfull_enum
testing/cffi0/test_verify2.py::test_nonfull_enum
  /<<PKGBUILDDIR>>/cffi/vengine_cpy.py:191: UserWarning: reimporting '_cffi__x86eed04xe5500f7c' might overwrite older definitions
    warnings.warn("reimporting %r might overwrite older definitions"

testing/cffi0/test_verify.py::test_keepalive_ffi
testing/cffi0/test_verify2.py::test_keepalive_lib
testing/cffi0/test_verify2.py::test_keepalive_ffi
  /<<PKGBUILDDIR>>/cffi/vengine_cpy.py:191: UserWarning: reimporting '_cffi__x7dbbefbexb0483fa0' might overwrite older definitions
    warnings.warn("reimporting %r might overwrite older definitions"

testing/cffi0/test_verify.py::test_verify_dlopen_flags
testing/cffi0/test_verify2.py::test_verify_dlopen_flags
  /<<PKGBUILDDIR>>/cffi/vengine_cpy.py:191: UserWarning: reimporting '_cffi__x9b22920dx36a3adfc' might overwrite older definitions
    warnings.warn("reimporting %r might overwrite older definitions"

testing/cffi0/test_verify2.py::test_module_type
  /<<PKGBUILDDIR>>/cffi/vengine_cpy.py:191: UserWarning: reimporting '_cffi__xb2ceb9dfx1f260726' might overwrite older definitions
    warnings.warn("reimporting %r might overwrite older definitions"

testing/cffi0/test_verify2.py::test_simple_case
  /<<PKGBUILDDIR>>/cffi/vengine_cpy.py:191: UserWarning: reimporting '_cffi__x7695c33bxe70d0f31' might overwrite older definitions
    warnings.warn("reimporting %r might overwrite older definitions"

testing/cffi0/test_verify2.py::test_Wconversion_unsigned
  /<<PKGBUILDDIR>>/cffi/vengine_cpy.py:191: UserWarning: reimporting '_cffi__xe995c92bx28b75f43' might overwrite older definitions
    warnings.warn("reimporting %r might overwrite older definitions"

testing/cffi0/test_verify2.py::test_Wconversion_integer
  /<<PKGBUILDDIR>>/cffi/vengine_cpy.py:191: UserWarning: reimporting '_cffi__x443c6881xc037442d' might overwrite older definitions
    warnings.warn("reimporting %r might overwrite older definitions"

testing/cffi0/test_verify2.py::test_Wconversion_floating
  /<<PKGBUILDDIR>>/cffi/vengine_cpy.py:191: UserWarning: reimporting '_cffi__xbaad2462xd5320603' might overwrite older definitions
    warnings.warn("reimporting %r might overwrite older definitions"

testing/cffi0/test_verify2.py::test_Wconversion_float2int
  /<<PKGBUILDDIR>>/cffi/vengine_cpy.py:191: UserWarning: reimporting '_cffi__x93a64406xfcd51a2d' might overwrite older definitions
    warnings.warn("reimporting %r might overwrite older definitions"

testing/cffi0/test_verify2.py::test_Wconversion_double2int
  /<<PKGBUILDDIR>>/cffi/vengine_cpy.py:191: UserWarning: reimporting '_cffi__x526c5de7x8b4e1b1a' might overwrite older definitions
    warnings.warn("reimporting %r might overwrite older definitions"

testing/cffi0/test_verify2.py::test_rounding_1
  /<<PKGBUILDDIR>>/cffi/vengine_cpy.py:191: UserWarning: reimporting '_cffi__xa159dbccx5fc7313f' might overwrite older definitions
    warnings.warn("reimporting %r might overwrite older definitions"

testing/cffi0/test_verify2.py::test_rounding_2
  /<<PKGBUILDDIR>>/cffi/vengine_cpy.py:191: UserWarning: reimporting '_cffi__xc77910c8x3187bf76' might overwrite older definitions
    warnings.warn("reimporting %r might overwrite older definitions"

testing/cffi0/test_verify2.py::test_strlen_exact
  /<<PKGBUILDDIR>>/cffi/vengine_cpy.py:191: UserWarning: reimporting '_cffi__x69255564x27ecd797' might overwrite older definitions
    warnings.warn("reimporting %r might overwrite older definitions"

testing/cffi0/test_verify2.py::test_strlen_approximate
  /<<PKGBUILDDIR>>/cffi/vengine_cpy.py:191: UserWarning: reimporting '_cffi__x635535d3x75104aca' might overwrite older definitions
    warnings.warn("reimporting %r might overwrite older definitions"

testing/cffi0/test_verify2.py::test_return_approximate
  /<<PKGBUILDDIR>>/cffi/vengine_cpy.py:191: UserWarning: reimporting '_cffi__x586611b6xfd63001f' might overwrite older definitions
    warnings.warn("reimporting %r might overwrite older definitions"

testing/cffi0/test_verify2.py::test_return_approximate
  /<<PKGBUILDDIR>>/cffi/vengine_cpy.py:191: UserWarning: reimporting '_cffi__xda4232e3xc290f2e2' might overwrite older definitions
    warnings.warn("reimporting %r might overwrite older definitions"

testing/cffi0/test_verify2.py::test_return_approximate
  /<<PKGBUILDDIR>>/cffi/vengine_cpy.py:191: UserWarning: reimporting '_cffi__x4a6108e0x12835045' might overwrite older definitions
    warnings.warn("reimporting %r might overwrite older definitions"

testing/cffi0/test_verify2.py::test_return_approximate
  /<<PKGBUILDDIR>>/cffi/vengine_cpy.py:191: UserWarning: reimporting '_cffi__x3c9fb752xe09e3a5' might overwrite older definitions
    warnings.warn("reimporting %r might overwrite older definitions"

testing/cffi0/test_verify2.py::test_strlen_array_of_char
  /<<PKGBUILDDIR>>/cffi/vengine_cpy.py:191: UserWarning: reimporting '_cffi__xcf9f70bex26631835' might overwrite older definitions
    warnings.warn("reimporting %r might overwrite older definitions"

testing/cffi0/test_verify2.py::test_longdouble
  /<<PKGBUILDDIR>>/cffi/vengine_cpy.py:191: UserWarning: reimporting '_cffi__x944fcf78x71a8bc50' might overwrite older definitions
    warnings.warn("reimporting %r might overwrite older definitions"

testing/cffi0/test_verify2.py::test_longdouble_precision
  /<<PKGBUILDDIR>>/cffi/vengine_cpy.py:191: UserWarning: reimporting '_cffi__xb381fcaax86d0ae4a' might overwrite older definitions
    warnings.warn("reimporting %r might overwrite older definitions"

testing/cffi0/test_verify2.py::test_all_integer_and_float_types
  /<<PKGBUILDDIR>>/cffi/vengine_cpy.py:191: UserWarning: reimporting '_cffi__x2b065310xde22e708' might overwrite older definitions
    warnings.warn("reimporting %r might overwrite older definitions"

testing/cffi0/test_verify2.py::test_var_signed_integer_types
  /<<PKGBUILDDIR>>/cffi/vengine_cpy.py:191: UserWarning: reimporting '_cffi__x75b32786xd7821f17' might overwrite older definitions
    warnings.warn("reimporting %r might overwrite older definitions"

testing/cffi0/test_verify2.py::test_var_unsigned_integer_types
  /<<PKGBUILDDIR>>/cffi/vengine_cpy.py:191: UserWarning: reimporting '_cffi__xcd649aa7xc59a6c7b' might overwrite older definitions
    warnings.warn("reimporting %r might overwrite older definitions"

testing/cffi0/test_verify2.py::test_fn_signed_integer_types
  /<<PKGBUILDDIR>>/cffi/vengine_cpy.py:191: UserWarning: reimporting '_cffi__x6fdff3d0x292c8f77' might overwrite older definitions
    warnings.warn("reimporting %r might overwrite older definitions"

testing/cffi0/test_verify2.py::test_fn_unsigned_integer_types
  /<<PKGBUILDDIR>>/cffi/vengine_cpy.py:191: UserWarning: reimporting '_cffi__x46c24596x6e2071e0' might overwrite older definitions
    warnings.warn("reimporting %r might overwrite older definitions"

testing/cffi0/test_verify2.py::test_char_type
  /<<PKGBUILDDIR>>/cffi/vengine_cpy.py:191: UserWarning: reimporting '_cffi__x4597f051x1df64979' might overwrite older definitions
    warnings.warn("reimporting %r might overwrite older definitions"

testing/cffi0/test_verify2.py::test_wchar_type
  /<<PKGBUILDDIR>>/cffi/vengine_cpy.py:191: UserWarning: reimporting '_cffi__xe41c3a86x7ff2ebfc' might overwrite older definitions
    warnings.warn("reimporting %r might overwrite older definitions"

testing/cffi0/test_verify2.py::test_no_argument
  /<<PKGBUILDDIR>>/cffi/vengine_cpy.py:191: UserWarning: reimporting '_cffi__xfa8a55dfx7ca99eea' might overwrite older definitions
    warnings.warn("reimporting %r might overwrite older definitions"

testing/cffi0/test_verify2.py::test_two_arguments
  /<<PKGBUILDDIR>>/cffi/vengine_cpy.py:191: UserWarning: reimporting '_cffi__x858bbbb2xb4c300fb' might overwrite older definitions
    warnings.warn("reimporting %r might overwrite older definitions"

testing/cffi0/test_verify2.py::test_macro
  /<<PKGBUILDDIR>>/cffi/vengine_cpy.py:191: UserWarning: reimporting '_cffi__x549cbde2x361c6235' might overwrite older definitions
    warnings.warn("reimporting %r might overwrite older definitions"

testing/cffi0/test_verify2.py::test_nondecl_struct
  /<<PKGBUILDDIR>>/cffi/vengine_cpy.py:191: UserWarning: reimporting '_cffi__x8f999e77x7f9cd2fb' might overwrite older definitions
    warnings.warn("reimporting %r might overwrite older definitions"

testing/cffi0/test_verify2.py::test_ffi_full_struct
  /<<PKGBUILDDIR>>/cffi/vengine_cpy.py:191: UserWarning: reimporting '_cffi__x5b28b03bxf91a124a' might overwrite older definitions
    warnings.warn("reimporting %r might overwrite older definitions"

testing/cffi0/test_verify2.py::test_ffi_full_struct
  /<<PKGBUILDDIR>>/cffi/vengine_cpy.py:191: UserWarning: reimporting '_cffi__xdc118e10x5915bb36' might overwrite older definitions
    warnings.warn("reimporting %r might overwrite older definitions"

testing/cffi0/test_verify2.py::test_ffi_full_struct
  /<<PKGBUILDDIR>>/cffi/vengine_cpy.py:191: UserWarning: reimporting '_cffi__xfaee37f3xa60a330c' might overwrite older definitions
    warnings.warn("reimporting %r might overwrite older definitions"

testing/cffi0/test_verify2.py::test_ffi_full_struct
  /<<PKGBUILDDIR>>/cffi/vengine_cpy.py:191: UserWarning: reimporting '_cffi__x1ad1c1a5x96b3fac3' might overwrite older definitions
    warnings.warn("reimporting %r might overwrite older definitions"

testing/cffi0/test_verify2.py::test_ffi_full_struct
  /<<PKGBUILDDIR>>/cffi/vengine_cpy.py:191: UserWarning: reimporting '_cffi__x35865510xb9ec75c9' might overwrite older definitions
    warnings.warn("reimporting %r might overwrite older definitions"

testing/cffi0/test_verify2.py::test_ffi_nonfull_struct
  /<<PKGBUILDDIR>>/cffi/vengine_cpy.py:191: UserWarning: reimporting '_cffi__xc80beec1x7c0c76df' might overwrite older definitions
    warnings.warn("reimporting %r might overwrite older definitions"

testing/cffi0/test_verify2.py::test_ffi_nonfull_alignment
  /<<PKGBUILDDIR>>/cffi/vengine_cpy.py:191: UserWarning: reimporting '_cffi__xd2f2cd1ex92b8f3e8' might overwrite older definitions
    warnings.warn("reimporting %r might overwrite older definitions"

testing/cffi0/test_verify2.py::test_struct_bad_sized_integer
  /<<PKGBUILDDIR>>/cffi/vengine_cpy.py:191: UserWarning: reimporting '_cffi__x500e2d58x94889a45' might overwrite older definitions
    warnings.warn("reimporting %r might overwrite older definitions"

testing/cffi0/test_verify2.py::test_struct_bad_sized_integer
  /<<PKGBUILDDIR>>/cffi/vengine_cpy.py:191: UserWarning: reimporting '_cffi__x3ca609d0x47c0023c' might overwrite older definitions
    warnings.warn("reimporting %r might overwrite older definitions"

testing/cffi0/test_verify2.py::test_struct_bad_sized_integer
  /<<PKGBUILDDIR>>/cffi/vengine_cpy.py:191: UserWarning: reimporting '_cffi__xab54e772x7ae562a' might overwrite older definitions
    warnings.warn("reimporting %r might overwrite older definitions"

testing/cffi0/test_verify2.py::test_struct_bad_sized_integer
  /<<PKGBUILDDIR>>/cffi/vengine_cpy.py:191: UserWarning: reimporting '_cffi__x14394b26x67f72837' might overwrite older definitions
    warnings.warn("reimporting %r might overwrite older definitions"

testing/cffi0/test_verify2.py::test_struct_bad_sized_integer
  /<<PKGBUILDDIR>>/cffi/vengine_cpy.py:191: UserWarning: reimporting '_cffi__x3609c984xd4bca307' might overwrite older definitions
    warnings.warn("reimporting %r might overwrite older definitions"

testing/cffi0/test_verify2.py::test_struct_bad_sized_integer
  /<<PKGBUILDDIR>>/cffi/vengine_cpy.py:191: UserWarning: reimporting '_cffi__x7c923092x7cc1a2ea' might overwrite older definitions
    warnings.warn("reimporting %r might overwrite older definitions"

testing/cffi0/test_verify2.py::test_struct_bad_sized_integer
  /<<PKGBUILDDIR>>/cffi/vengine_cpy.py:191: UserWarning: reimporting '_cffi__xeb60de30x885579ef' might overwrite older definitions
    warnings.warn("reimporting %r might overwrite older definitions"

testing/cffi0/test_verify2.py::test_struct_bad_sized_integer
  /<<PKGBUILDDIR>>/cffi/vengine_cpy.py:191: UserWarning: reimporting '_cffi__x540d7264xeb334c48' might overwrite older definitions
    warnings.warn("reimporting %r might overwrite older definitions"

testing/cffi0/test_verify2.py::test_struct_bad_sized_integer
  /<<PKGBUILDDIR>>/cffi/vengine_cpy.py:191: UserWarning: reimporting '_cffi__x742ccef9x20f38714' might overwrite older definitions
    warnings.warn("reimporting %r might overwrite older definitions"

testing/cffi0/test_verify2.py::test_struct_bad_sized_integer
  /<<PKGBUILDDIR>>/cffi/vengine_cpy.py:191: UserWarning: reimporting '_cffi__x88dd1481x3ee4a597' might overwrite older definitions
    warnings.warn("reimporting %r might overwrite older definitions"

testing/cffi0/test_verify2.py::test_struct_bad_sized_integer
  /<<PKGBUILDDIR>>/cffi/vengine_cpy.py:191: UserWarning: reimporting '_cffi__x1f2ffa23xca707e92' might overwrite older definitions
    warnings.warn("reimporting %r might overwrite older definitions"

testing/cffi0/test_verify2.py::test_struct_bad_sized_integer
  /<<PKGBUILDDIR>>/cffi/vengine_cpy.py:191: UserWarning: reimporting '_cffi__xa0425677xa9164b35' might overwrite older definitions
    warnings.warn("reimporting %r might overwrite older definitions"

testing/cffi0/test_verify2.py::test_struct_bad_sized_integer
  /<<PKGBUILDDIR>>/cffi/vengine_cpy.py:191: UserWarning: reimporting '_cffi__x3cccc09dx4323b22e' might overwrite older definitions
    warnings.warn("reimporting %r might overwrite older definitions"

testing/cffi0/test_verify2.py::test_struct_bad_sized_integer
  /<<PKGBUILDDIR>>/cffi/vengine_cpy.py:191: UserWarning: reimporting '_cffi__xeb0d21bbx7604abf3' might overwrite older definitions
    warnings.warn("reimporting %r might overwrite older definitions"

testing/cffi0/test_verify2.py::test_struct_bad_sized_integer
  /<<PKGBUILDDIR>>/cffi/vengine_cpy.py:191: UserWarning: reimporting '_cffi__x7cffcf19x829070f6' might overwrite older definitions
    warnings.warn("reimporting %r might overwrite older definitions"

testing/cffi0/test_verify2.py::test_struct_bad_sized_integer
  /<<PKGBUILDDIR>>/cffi/vengine_cpy.py:191: UserWarning: reimporting '_cffi__xc392634dxe1f64551' might overwrite older definitions
    warnings.warn("reimporting %r might overwrite older definitions"

testing/cffi0/test_verify2.py::test_struct_bad_sized_float
  /<<PKGBUILDDIR>>/cffi/vengine_cpy.py:191: UserWarning: reimporting '_cffi__x56932bf9x9f274dbf' might overwrite older definitions
    warnings.warn("reimporting %r might overwrite older definitions"

testing/cffi0/test_verify2.py::test_struct_bad_sized_float
  /<<PKGBUILDDIR>>/cffi/vengine_cpy.py:191: UserWarning: reimporting '_cffi__xe4a95159x5308f837' might overwrite older definitions
    warnings.warn("reimporting %r might overwrite older definitions"

testing/cffi0/test_verify2.py::test_struct_bad_sized_float
  /<<PKGBUILDDIR>>/cffi/vengine_cpy.py:191: UserWarning: reimporting '_cffi__x2ca0790ex2a54a353' might overwrite older definitions
    warnings.warn("reimporting %r might overwrite older definitions"

testing/cffi0/test_verify2.py::test_struct_signedness_ignored
  /<<PKGBUILDDIR>>/cffi/vengine_cpy.py:191: UserWarning: reimporting '_cffi__x59ecba81x2e363777' might overwrite older definitions
    warnings.warn("reimporting %r might overwrite older definitions"

testing/cffi0/test_verify2.py::test_struct_signedness_ignored
  /<<PKGBUILDDIR>>/cffi/vengine_cpy.py:191: UserWarning: reimporting '_cffi__x67f2dfcbx45581c81' might overwrite older definitions
    warnings.warn("reimporting %r might overwrite older definitions"

testing/cffi0/test_verify2.py::test_struct_array_field
  /<<PKGBUILDDIR>>/cffi/vengine_cpy.py:191: UserWarning: reimporting '_cffi__x75fd1c2exe29f35f5' might overwrite older definitions
    warnings.warn("reimporting %r might overwrite older definitions"

testing/cffi0/test_verify2.py::test_struct_array_no_length
  /<<PKGBUILDDIR>>/cffi/vengine_cpy.py:191: UserWarning: reimporting '_cffi__x9e48c07exdbfac55c' might overwrite older definitions
    warnings.warn("reimporting %r might overwrite older definitions"

testing/cffi0/test_verify2.py::test_struct_array_guess_length
  /<<PKGBUILDDIR>>/cffi/vengine_cpy.py:191: UserWarning: reimporting '_cffi__xd110f4bxba565cdc' might overwrite older definitions
    warnings.warn("reimporting %r might overwrite older definitions"

testing/cffi0/test_verify2.py::test_struct_array_c99_1
  /<<PKGBUILDDIR>>/cffi/vengine_cpy.py:191: UserWarning: reimporting '_cffi__x346afa0exbfbe5502' might overwrite older definitions
    warnings.warn("reimporting %r might overwrite older definitions"

testing/cffi0/test_verify2.py::test_struct_array_c99_2
  /<<PKGBUILDDIR>>/cffi/vengine_cpy.py:191: UserWarning: reimporting '_cffi__x2f5c7b76x8e225752' might overwrite older definitions
    warnings.warn("reimporting %r might overwrite older definitions"

testing/cffi0/test_verify2.py::test_struct_ptr_to_array_field
  /<<PKGBUILDDIR>>/cffi/vengine_cpy.py:191: UserWarning: reimporting '_cffi__x6851232ax795fcba1' might overwrite older definitions
    warnings.warn("reimporting %r might overwrite older definitions"

testing/cffi0/test_verify2.py::test_struct_with_bitfield_exact
  /<<PKGBUILDDIR>>/cffi/vengine_cpy.py:191: UserWarning: reimporting '_cffi__xb2403313x1ee65bef' might overwrite older definitions
    warnings.warn("reimporting %r might overwrite older definitions"

testing/cffi0/test_verify2.py::test_struct_with_bitfield_enum
  /<<PKGBUILDDIR>>/cffi/vengine_cpy.py:191: UserWarning: reimporting '_cffi__x4250dce1x69d49687' might overwrite older definitions
    warnings.warn("reimporting %r might overwrite older definitions"

testing/cffi0/test_verify2.py::test_global_constants
  /<<PKGBUILDDIR>>/cffi/vengine_cpy.py:191: UserWarning: reimporting '_cffi__x3f63c9f0x80491de4' might overwrite older definitions
    warnings.warn("reimporting %r might overwrite older definitions"

testing/cffi0/test_verify2.py::test_global_const_int_size
  /<<PKGBUILDDIR>>/cffi/vengine_cpy.py:191: UserWarning: reimporting '_cffi__xb3804637x215eba74' might overwrite older definitions
    warnings.warn("reimporting %r might overwrite older definitions"

testing/cffi0/test_verify2.py::test_global_const_int_size
  /<<PKGBUILDDIR>>/cffi/vengine_cpy.py:191: UserWarning: reimporting '_cffi__x1045abc9x57af234b' might overwrite older definitions
    warnings.warn("reimporting %r might overwrite older definitions"

testing/cffi0/test_verify2.py::test_global_const_int_size
  /<<PKGBUILDDIR>>/cffi/vengine_cpy.py:191: UserWarning: reimporting '_cffi__xe04f22c9xc0ce36c6' might overwrite older definitions
    warnings.warn("reimporting %r might overwrite older definitions"

testing/cffi0/test_verify2.py::test_global_const_int_size
  /<<PKGBUILDDIR>>/cffi/vengine_cpy.py:191: UserWarning: reimporting '_cffi__xbba3013xdaceb3cb' might overwrite older definitions
    warnings.warn("reimporting %r might overwrite older definitions"

testing/cffi0/test_verify2.py::test_global_const_int_size
  /<<PKGBUILDDIR>>/cffi/vengine_cpy.py:191: UserWarning: reimporting '_cffi__xbba3013xcdf7ca37' might overwrite older definitions
    warnings.warn("reimporting %r might overwrite older definitions"

testing/cffi0/test_verify2.py::test_global_const_int_size
  /<<PKGBUILDDIR>>/cffi/vengine_cpy.py:191: UserWarning: reimporting '_cffi__x38285d0bxe65e7c5b' might overwrite older definitions
    warnings.warn("reimporting %r might overwrite older definitions"

testing/cffi0/test_verify2.py::test_global_const_int_size
  /<<PKGBUILDDIR>>/cffi/vengine_cpy.py:191: UserWarning: reimporting '_cffi__x2f1124f7xe65e7c5b' might overwrite older definitions
    warnings.warn("reimporting %r might overwrite older definitions"

testing/cffi0/test_verify2.py::test_global_const_int_size
  /<<PKGBUILDDIR>>/cffi/vengine_cpy.py:191: UserWarning: reimporting '_cffi__x1edd909cxdc1c49bc' might overwrite older definitions
    warnings.warn("reimporting %r might overwrite older definitions"

testing/cffi0/test_verify2.py::test_global_const_int_size
  /<<PKGBUILDDIR>>/cffi/vengine_cpy.py:191: UserWarning: reimporting '_cffi__xc14fde7axdc1c49bc' might overwrite older definitions
    warnings.warn("reimporting %r might overwrite older definitions"

testing/cffi0/test_verify2.py::test_global_const_int_size
  /<<PKGBUILDDIR>>/cffi/vengine_cpy.py:191: UserWarning: reimporting '_cffi__x1046d936x3c392f12' might overwrite older definitions
    warnings.warn("reimporting %r might overwrite older definitions"

testing/cffi0/test_verify2.py::test_global_const_int_size
  /<<PKGBUILDDIR>>/cffi/vengine_cpy.py:191: UserWarning: reimporting '_cffi__x9d76436axffbcd1e9' might overwrite older definitions
    warnings.warn("reimporting %r might overwrite older definitions"

testing/cffi0/test_verify2.py::test_global_const_int_size
  /<<PKGBUILDDIR>>/cffi/vengine_cpy.py:191: UserWarning: reimporting '_cffi__xfd1a6533x1449e8ce' might overwrite older definitions
    warnings.warn("reimporting %r might overwrite older definitions"

testing/cffi0/test_verify2.py::test_global_constants_non_int
  /<<PKGBUILDDIR>>/cffi/vengine_cpy.py:191: UserWarning: reimporting '_cffi__xe97e94b4x8d28a637' might overwrite older definitions
    warnings.warn("reimporting %r might overwrite older definitions"

testing/cffi0/test_verify2.py::test_full_enum
  /<<PKGBUILDDIR>>/cffi/vengine_cpy.py:191: UserWarning: reimporting '_cffi__x7de3b6c8xde82d06b' might overwrite older definitions
    warnings.warn("reimporting %r might overwrite older definitions"

testing/cffi0/test_verify2.py::test_full_enum
  /<<PKGBUILDDIR>>/cffi/vengine_cpy.py:191: UserWarning: reimporting '_cffi__xd1dc9a6bx9b8cba5d' might overwrite older definitions
    warnings.warn("reimporting %r might overwrite older definitions"

testing/cffi0/test_verify2.py::test_enum_usage
  /<<PKGBUILDDIR>>/cffi/vengine_cpy.py:191: UserWarning: reimporting '_cffi__x3c353cdcx210f12f3' might overwrite older definitions
    warnings.warn("reimporting %r might overwrite older definitions"

testing/cffi0/test_verify2.py::test_anonymous_enum
  /<<PKGBUILDDIR>>/cffi/vengine_cpy.py:191: UserWarning: reimporting '_cffi__x17f013ddx2b29f059' might overwrite older definitions
    warnings.warn("reimporting %r might overwrite older definitions"

testing/cffi0/test_verify2.py::test_nonfull_anonymous_enum
  /<<PKGBUILDDIR>>/cffi/vengine_cpy.py:191: UserWarning: reimporting '_cffi__x26164c25x536bf90e' might overwrite older definitions
    warnings.warn("reimporting %r might overwrite older definitions"

testing/cffi0/test_verify2.py::test_nonfull_enum_syntax2
  /<<PKGBUILDDIR>>/cffi/vengine_cpy.py:191: UserWarning: reimporting '_cffi__xb8e6e004x44af9ae0' might overwrite older definitions
    warnings.warn("reimporting %r might overwrite older definitions"

testing/cffi0/test_verify2.py::test_nonfull_enum_syntax2
  /<<PKGBUILDDIR>>/cffi/vengine_cpy.py:191: UserWarning: reimporting '_cffi__xe54e26d4xe13e31a8' might overwrite older definitions
    warnings.warn("reimporting %r might overwrite older definitions"

testing/cffi0/test_verify2.py::test_nonfull_enum_syntax2
  /<<PKGBUILDDIR>>/cffi/vengine_cpy.py:191: UserWarning: reimporting '_cffi__x6de763d9x7127dc39' might overwrite older definitions
    warnings.warn("reimporting %r might overwrite older definitions"

testing/cffi0/test_verify2.py::test_get_set_errno
  /<<PKGBUILDDIR>>/cffi/vengine_cpy.py:191: UserWarning: reimporting '_cffi__x7557c582x3174e75f' might overwrite older definitions
    warnings.warn("reimporting %r might overwrite older definitions"

testing/cffi0/test_verify2.py::test_define_int
  /<<PKGBUILDDIR>>/cffi/vengine_cpy.py:191: UserWarning: reimporting '_cffi__x59d59638x1c1dcefe' might overwrite older definitions
    warnings.warn("reimporting %r might overwrite older definitions"

testing/cffi0/test_verify2.py::test_access_variable
  /<<PKGBUILDDIR>>/cffi/vengine_cpy.py:191: UserWarning: reimporting '_cffi__x40f7582ax65c71bf4' might overwrite older definitions
    warnings.warn("reimporting %r might overwrite older definitions"

testing/cffi0/test_verify2.py::test_access_address_of_variable
  /<<PKGBUILDDIR>>/cffi/vengine_cpy.py:191: UserWarning: reimporting '_cffi__x6ef7b903x23556e98' might overwrite older definitions
    warnings.warn("reimporting %r might overwrite older definitions"

testing/cffi0/test_verify2.py::test_access_array_variable
  /<<PKGBUILDDIR>>/cffi/vengine_cpy.py:191: UserWarning: reimporting '_cffi__x95ba6acdxefa4907' might overwrite older definitions
    warnings.warn("reimporting %r might overwrite older definitions"

testing/cffi0/test_verify2.py::test_access_array_variable_length_hidden
  /<<PKGBUILDDIR>>/cffi/vengine_cpy.py:191: UserWarning: reimporting '_cffi__x316baea0x6dc2ac7f' might overwrite older definitions
    warnings.warn("reimporting %r might overwrite older definitions"

testing/cffi0/test_verify2.py::test_access_struct_variable
  /<<PKGBUILDDIR>>/cffi/vengine_cpy.py:191: UserWarning: reimporting '_cffi__xb73038e0x1b22f850' might overwrite older definitions
    warnings.warn("reimporting %r might overwrite older definitions"

testing/cffi0/test_verify2.py::test_access_callback
  /<<PKGBUILDDIR>>/cffi/vengine_cpy.py:191: UserWarning: reimporting '_cffi__xe94ca87x605aacd' might overwrite older definitions
    warnings.warn("reimporting %r might overwrite older definitions"

testing/cffi0/test_verify2.py::test_access_callback_function_typedef
  /<<PKGBUILDDIR>>/cffi/vengine_cpy.py:191: UserWarning: reimporting '_cffi__x74edd5edx9b108621' might overwrite older definitions
    warnings.warn("reimporting %r might overwrite older definitions"

testing/cffi0/test_verify2.py::test_call_with_struct_ptr
  /<<PKGBUILDDIR>>/cffi/vengine_cpy.py:191: UserWarning: reimporting '_cffi__x7cc25570xeb1ab79a' might overwrite older definitions
    warnings.warn("reimporting %r might overwrite older definitions"

testing/cffi0/test_verify2.py::test_unknown_type
  /<<PKGBUILDDIR>>/cffi/vengine_cpy.py:191: UserWarning: reimporting '_cffi__x5c822906xc036e28f' might overwrite older definitions
    warnings.warn("reimporting %r might overwrite older definitions"

testing/cffi0/test_verify2.py::test_unknown_type_2
  /<<PKGBUILDDIR>>/cffi/vengine_cpy.py:191: UserWarning: reimporting '_cffi__xf996f80axead58ac3' might overwrite older definitions
    warnings.warn("reimporting %r might overwrite older definitions"

testing/cffi0/test_verify2.py::test_unknown_type_3
  /<<PKGBUILDDIR>>/cffi/vengine_cpy.py:191: UserWarning: reimporting '_cffi__x5180de0exb5836b76' might overwrite older definitions
    warnings.warn("reimporting %r might overwrite older definitions"

testing/cffi0/test_verify2.py::test_varargs
  /<<PKGBUILDDIR>>/cffi/vengine_cpy.py:191: UserWarning: reimporting '_cffi__xea328a81xcc826df0' might overwrite older definitions
    warnings.warn("reimporting %r might overwrite older definitions"

testing/cffi0/test_verify2.py::test_varargs_struct
  /<<PKGBUILDDIR>>/cffi/vengine_cpy.py:191: UserWarning: reimporting '_cffi__xe81492a0xd68718c5' might overwrite older definitions
    warnings.warn("reimporting %r might overwrite older definitions"

testing/cffi0/test_verify2.py::test_autofilled_struct_as_argument
  /<<PKGBUILDDIR>>/cffi/vengine_cpy.py:191: UserWarning: reimporting '_cffi__x41fe3771xac5dd6d9' might overwrite older definitions
    warnings.warn("reimporting %r might overwrite older definitions"

testing/cffi0/test_verify2.py::test_autofilled_struct_as_argument_dynamic
  /<<PKGBUILDDIR>>/cffi/vengine_cpy.py:191: UserWarning: reimporting '_cffi__x2f5c189xf650a06f' might overwrite older definitions
    warnings.warn("reimporting %r might overwrite older definitions"

testing/cffi0/test_verify2.py::test_func_returns_struct
  /<<PKGBUILDDIR>>/cffi/vengine_cpy.py:191: UserWarning: reimporting '_cffi__x8b28a0dxedcc58e0' might overwrite older definitions
    warnings.warn("reimporting %r might overwrite older definitions"

testing/cffi0/test_verify2.py::test_func_as_funcptr
  /<<PKGBUILDDIR>>/cffi/vengine_cpy.py:191: UserWarning: reimporting '_cffi__xd3e101b5xe18063c6' might overwrite older definitions
    warnings.warn("reimporting %r might overwrite older definitions"

testing/cffi0/test_verify2.py::test_funcptr_as_argument
  /<<PKGBUILDDIR>>/cffi/vengine_cpy.py:191: UserWarning: reimporting '_cffi__x827e4e68x184bc3d3' might overwrite older definitions
    warnings.warn("reimporting %r might overwrite older definitions"

testing/cffi0/test_verify2.py::test_func_as_argument
  /<<PKGBUILDDIR>>/cffi/vengine_cpy.py:191: UserWarning: reimporting '_cffi__xd668c95ax7ffcd7ef' might overwrite older definitions
    warnings.warn("reimporting %r might overwrite older definitions"

testing/cffi0/test_verify2.py::test_array_as_argument
  /<<PKGBUILDDIR>>/cffi/vengine_cpy.py:191: UserWarning: reimporting '_cffi__xbc1cf474x1ce51c40' might overwrite older definitions
    warnings.warn("reimporting %r might overwrite older definitions"

testing/cffi0/test_verify2.py::test_enum_as_argument
  /<<PKGBUILDDIR>>/cffi/vengine_cpy.py:191: UserWarning: reimporting '_cffi__x8e3633ecx52ae373b' might overwrite older definitions
    warnings.warn("reimporting %r might overwrite older definitions"

testing/cffi0/test_verify2.py::test_enum_as_function_result
  /<<PKGBUILDDIR>>/cffi/vengine_cpy.py:191: UserWarning: reimporting '_cffi__x68fc2c53x8be6610b' might overwrite older definitions
    warnings.warn("reimporting %r might overwrite older definitions"

testing/cffi0/test_verify2.py::test_enum_values
  /<<PKGBUILDDIR>>/cffi/vengine_cpy.py:191: UserWarning: reimporting '_cffi__x30cc9c52xe88ce3d0' might overwrite older definitions
    warnings.warn("reimporting %r might overwrite older definitions"

testing/cffi0/test_verify2.py::test_typedef_complete_enum
  /<<PKGBUILDDIR>>/cffi/vengine_cpy.py:191: UserWarning: reimporting '_cffi__x51cb2426x7479bd8d' might overwrite older definitions
    warnings.warn("reimporting %r might overwrite older definitions"

testing/cffi0/test_verify2.py::test_typedef_incomplete_enum
  /<<PKGBUILDDIR>>/cffi/vengine_cpy.py:191: UserWarning: reimporting '_cffi__xadc11ddex2bbde618' might overwrite older definitions
    warnings.warn("reimporting %r might overwrite older definitions"

testing/cffi0/test_verify2.py::test_typedef_enum_as_argument
  /<<PKGBUILDDIR>>/cffi/vengine_cpy.py:191: UserWarning: reimporting '_cffi__xb4707a95xd58115c8' might overwrite older definitions
    warnings.warn("reimporting %r might overwrite older definitions"

testing/cffi0/test_verify2.py::test_typedef_enum_as_function_result
  /<<PKGBUILDDIR>>/cffi/vengine_cpy.py:191: UserWarning: reimporting '_cffi__x8c091a57xe3a29ad' might overwrite older definitions
    warnings.warn("reimporting %r might overwrite older definitions"

testing/cffi0/test_verify2.py::test_function_typedef
  /<<PKGBUILDDIR>>/cffi/vengine_cpy.py:191: UserWarning: reimporting '_cffi__x6ce89412x8d92042b' might overwrite older definitions
    warnings.warn("reimporting %r might overwrite older definitions"

testing/cffi0/test_verify2.py::test_opaque_integer_as_function_result
  /<<PKGBUILDDIR>>/cffi/vengine_cpy.py:191: UserWarning: reimporting '_cffi__xecfd19c1x998ade9a' might overwrite older definitions
    warnings.warn("reimporting %r might overwrite older definitions"

testing/cffi0/test_verify2.py::test_return_partial_struct
  /<<PKGBUILDDIR>>/cffi/vengine_cpy.py:191: UserWarning: reimporting '_cffi__xbcfc80b6x1a0df92c' might overwrite older definitions
    warnings.warn("reimporting %r might overwrite older definitions"

testing/cffi0/test_verify2.py::test_take_and_return_partial_structs
  /<<PKGBUILDDIR>>/cffi/vengine_cpy.py:191: UserWarning: reimporting '_cffi__xb33743d5xfa342767' might overwrite older definitions
    warnings.warn("reimporting %r might overwrite older definitions"

testing/cffi0/test_verify2.py::test_dont_check_unnamable_fields
  /<<PKGBUILDDIR>>/cffi/vengine_cpy.py:191: UserWarning: reimporting '_cffi__x2e50ea06x1762c0b2' might overwrite older definitions
    warnings.warn("reimporting %r might overwrite older definitions"

testing/cffi0/test_verify2.py::test_nested_anonymous_struct_exact
  /<<PKGBUILDDIR>>/cffi/vengine_cpy.py:191: UserWarning: reimporting '_cffi__x8655e0d8x496c19d6' might overwrite older definitions
    warnings.warn("reimporting %r might overwrite older definitions"

testing/cffi0/test_verify2.py::test_nested_anonymous_struct_exact_error
  /<<PKGBUILDDIR>>/cffi/vengine_cpy.py:191: UserWarning: reimporting '_cffi__xbb76c057xadad4a9a' might overwrite older definitions
    warnings.warn("reimporting %r might overwrite older definitions"

testing/cffi0/test_verify2.py::test_nested_anonymous_struct_inexact_1
  /<<PKGBUILDDIR>>/cffi/vengine_cpy.py:191: UserWarning: reimporting '_cffi__x87b1de2xf9c57341' might overwrite older definitions
    warnings.warn("reimporting %r might overwrite older definitions"

testing/cffi0/test_verify2.py::test_nested_anonymous_struct_inexact_2
  /<<PKGBUILDDIR>>/cffi/vengine_cpy.py:191: UserWarning: reimporting '_cffi__xf5353f4bxc0750a9f' might overwrite older definitions
    warnings.warn("reimporting %r might overwrite older definitions"

testing/cffi0/test_verify2.py::test_ffi_union
  /<<PKGBUILDDIR>>/cffi/vengine_cpy.py:191: UserWarning: reimporting '_cffi__x554220caxe155d3d5' might overwrite older definitions
    warnings.warn("reimporting %r might overwrite older definitions"

testing/cffi0/test_verify2.py::test_ffi_union_partial
  /<<PKGBUILDDIR>>/cffi/vengine_cpy.py:191: UserWarning: reimporting '_cffi__x40dbd47x28cefa00' might overwrite older definitions
    warnings.warn("reimporting %r might overwrite older definitions"

testing/cffi0/test_verify2.py::test_ffi_union_with_partial_struct
  /<<PKGBUILDDIR>>/cffi/vengine_cpy.py:191: UserWarning: reimporting '_cffi__x2c06f56ex9ee96aa5' might overwrite older definitions
    warnings.warn("reimporting %r might overwrite older definitions"

testing/cffi0/test_verify2.py::test_ffi_union_partial_2
  /<<PKGBUILDDIR>>/cffi/vengine_cpy.py:191: UserWarning: reimporting '_cffi__xc683eaf5xbc9aaab6' might overwrite older definitions
    warnings.warn("reimporting %r might overwrite older definitions"

testing/cffi0/test_verify2.py::test_ffi_union_with_partial_struct_2
  /<<PKGBUILDDIR>>/cffi/vengine_cpy.py:191: UserWarning: reimporting '_cffi__x4de2ef45xef0ac5ef' might overwrite older definitions
    warnings.warn("reimporting %r might overwrite older definitions"

testing/cffi0/test_verify2.py::test_ffi_struct_packed
  /<<PKGBUILDDIR>>/cffi/vengine_cpy.py:191: UserWarning: reimporting '_cffi__x72e45062xfe2f01ed' might overwrite older definitions
    warnings.warn("reimporting %r might overwrite older definitions"

testing/cffi0/test_verify2.py::test_relative_to
  /<<PKGBUILDDIR>>/cffi/vengine_cpy.py:191: UserWarning: reimporting '_cffi__xe8b39393x8e32dac0' might overwrite older definitions
    warnings.warn("reimporting %r might overwrite older definitions"

testing/cffi0/test_verify2.py::test_bug1
  /<<PKGBUILDDIR>>/cffi/vengine_cpy.py:191: UserWarning: reimporting '_cffi__x6469df41xb96706b0' might overwrite older definitions
    warnings.warn("reimporting %r might overwrite older definitions"

testing/cffi0/test_verify2.py::test_bool
  /<<PKGBUILDDIR>>/cffi/vengine_cpy.py:191: UserWarning: reimporting '_cffi__x4ff7c346x7e0f260f' might overwrite older definitions
    warnings.warn("reimporting %r might overwrite older definitions"

testing/cffi0/test_verify2.py::test_bool_on_long_double
  /<<PKGBUILDDIR>>/cffi/vengine_cpy.py:191: UserWarning: reimporting '_cffi__x7c36808bx33ab9a99' might overwrite older definitions
    warnings.warn("reimporting %r might overwrite older definitions"

testing/cffi0/test_verify2.py::test_cannot_pass_float
  /<<PKGBUILDDIR>>/cffi/vengine_cpy.py:191: UserWarning: reimporting '_cffi__x46283b9ax70b66e67' might overwrite older definitions
    warnings.warn("reimporting %r might overwrite older definitions"

testing/cffi0/test_verify2.py::test_cannot_pass_float
  /<<PKGBUILDDIR>>/cffi/vengine_cpy.py:191: UserWarning: reimporting '_cffi__x58458f84x6454a180' might overwrite older definitions
    warnings.warn("reimporting %r might overwrite older definitions"

testing/cffi0/test_verify2.py::test_cannot_pass_float
  /<<PKGBUILDDIR>>/cffi/vengine_cpy.py:191: UserWarning: reimporting '_cffi__x24a96c7bx4665bf37' might overwrite older definitions
    warnings.warn("reimporting %r might overwrite older definitions"

testing/cffi0/test_verify2.py::test_cannot_pass_float
  /<<PKGBUILDDIR>>/cffi/vengine_cpy.py:191: UserWarning: reimporting '_cffi__x63079a67x51fa10cd' might overwrite older definitions
    warnings.warn("reimporting %r might overwrite older definitions"

testing/cffi0/test_verify2.py::test_cannot_pass_float
  /<<PKGBUILDDIR>>/cffi/vengine_cpy.py:191: UserWarning: reimporting '_cffi__xcae2a015x9ac57dad' might overwrite older definitions
    warnings.warn("reimporting %r might overwrite older definitions"

testing/cffi0/test_verify2.py::test_cannot_pass_float
  /<<PKGBUILDDIR>>/cffi/vengine_cpy.py:191: UserWarning: reimporting '_cffi__xa1f9351xa166b641' might overwrite older definitions
    warnings.warn("reimporting %r might overwrite older definitions"

testing/cffi0/test_verify2.py::test_cannot_pass_float
  /<<PKGBUILDDIR>>/cffi/vengine_cpy.py:191: UserWarning: reimporting '_cffi__x25bfde4cx5094834f' might overwrite older definitions
    warnings.warn("reimporting %r might overwrite older definitions"

testing/cffi0/test_verify2.py::test_cannot_pass_float
  /<<PKGBUILDDIR>>/cffi/vengine_cpy.py:191: UserWarning: reimporting '_cffi__x7b21ba5fx89e418cd' might overwrite older definitions
    warnings.warn("reimporting %r might overwrite older definitions"

testing/cffi0/test_verify2.py::test_cannot_pass_float
  /<<PKGBUILDDIR>>/cffi/vengine_cpy.py:191: UserWarning: reimporting '_cffi__x84a82995xb48fb89c' might overwrite older definitions
    warnings.warn("reimporting %r might overwrite older definitions"

testing/cffi0/test_verify2.py::test_cannot_pass_float
  /<<PKGBUILDDIR>>/cffi/vengine_cpy.py:191: UserWarning: reimporting '_cffi__xa6fb8639x8adc148a' might overwrite older definitions
    warnings.warn("reimporting %r might overwrite older definitions"

testing/cffi0/test_verify2.py::test_addressof
  /<<PKGBUILDDIR>>/cffi/vengine_cpy.py:191: UserWarning: reimporting '_cffi__x75fa25bcx9413c987' might overwrite older definitions
    warnings.warn("reimporting %r might overwrite older definitions"

testing/cffi0/test_verify2.py::test_FILE_stored_in_stdout
  /<<PKGBUILDDIR>>/cffi/vengine_cpy.py:191: UserWarning: reimporting '_cffi__x40fb7060x6ff89df0' might overwrite older definitions
    warnings.warn("reimporting %r might overwrite older definitions"

testing/cffi0/test_verify2.py::test_FILE_stored_explicitly
  /<<PKGBUILDDIR>>/cffi/vengine_cpy.py:191: UserWarning: reimporting '_cffi__xba68fc5fxfa9d4736' might overwrite older definitions
    warnings.warn("reimporting %r might overwrite older definitions"

testing/cffi0/test_verify2.py::test_global_array_with_missing_length
  /<<PKGBUILDDIR>>/cffi/vengine_cpy.py:191: UserWarning: reimporting '_cffi__xb6ffaadex23b46982' might overwrite older definitions
    warnings.warn("reimporting %r might overwrite older definitions"

testing/cffi0/test_verify2.py::test_global_array_with_dotdotdot_length
  /<<PKGBUILDDIR>>/cffi/vengine_cpy.py:191: UserWarning: reimporting '_cffi__x84da3066xf3f872b5' might overwrite older definitions
    warnings.warn("reimporting %r might overwrite older definitions"

testing/cffi0/test_verify2.py::test_struct_containing_struct
  /<<PKGBUILDDIR>>/cffi/vengine_cpy.py:191: UserWarning: reimporting '_cffi__xbbc68648xbf6964e1' might overwrite older definitions
    warnings.warn("reimporting %r might overwrite older definitions"

testing/cffi0/test_verify2.py::test_struct_containing_struct
  /<<PKGBUILDDIR>>/cffi/vengine_cpy.py:191: UserWarning: reimporting '_cffi__x66ca9829xda6d6175' might overwrite older definitions
    warnings.warn("reimporting %r might overwrite older definitions"

testing/cffi0/test_verify2.py::test_include
  /<<PKGBUILDDIR>>/cffi/vengine_cpy.py:191: UserWarning: reimporting '_cffi__x71af6f6fx388ccc31' might overwrite older definitions
    warnings.warn("reimporting %r might overwrite older definitions"

testing/cffi0/test_verify2.py::test_include
  /<<PKGBUILDDIR>>/cffi/vengine_cpy.py:191: UserWarning: reimporting '_cffi__xf9aefe22x9af41f73' might overwrite older definitions
    warnings.warn("reimporting %r might overwrite older definitions"

testing/cffi0/test_verify2.py::test_include_enum
  /<<PKGBUILDDIR>>/cffi/vengine_cpy.py:191: UserWarning: reimporting '_cffi__x4a25f2d6x3644d803' might overwrite older definitions
    warnings.warn("reimporting %r might overwrite older definitions"

testing/cffi0/test_verify2.py::test_include_enum
  /<<PKGBUILDDIR>>/cffi/vengine_cpy.py:191: UserWarning: reimporting '_cffi__x5863a969x6863efe6' might overwrite older definitions
    warnings.warn("reimporting %r might overwrite older definitions"

testing/cffi0/test_verify2.py::test_named_pointer_as_argument
  /<<PKGBUILDDIR>>/cffi/vengine_cpy.py:191: UserWarning: reimporting '_cffi__x6a120937xa884b162' might overwrite older definitions
    warnings.warn("reimporting %r might overwrite older definitions"

testing/cffi0/test_verify2.py::test_enum_size
  /<<PKGBUILDDIR>>/cffi/vengine_cpy.py:191: UserWarning: reimporting '_cffi__xf3326625x912164c6' might overwrite older definitions
    warnings.warn("reimporting %r might overwrite older definitions"

testing/cffi0/test_verify2.py::test_enum_size
  /<<PKGBUILDDIR>>/cffi/vengine_cpy.py:191: UserWarning: reimporting '_cffi__x254ceaa8xed3c9499' might overwrite older definitions
    warnings.warn("reimporting %r might overwrite older definitions"

testing/cffi0/test_verify2.py::test_enum_size
  /<<PKGBUILDDIR>>/cffi/vengine_cpy.py:191: UserWarning: reimporting '_cffi__x26f87da1x4303add7' might overwrite older definitions
    warnings.warn("reimporting %r might overwrite older definitions"

testing/cffi0/test_verify2.py::test_enum_size
  /<<PKGBUILDDIR>>/cffi/vengine_cpy.py:191: UserWarning: reimporting '_cffi__x6552f275x577dec5a' might overwrite older definitions
    warnings.warn("reimporting %r might overwrite older definitions"

testing/cffi0/test_verify2.py::test_enum_size
  /<<PKGBUILDDIR>>/cffi/vengine_cpy.py:191: UserWarning: reimporting '_cffi__x7d1abb7bx1f9db135' might overwrite older definitions
    warnings.warn("reimporting %r might overwrite older definitions"

testing/cffi0/test_verify2.py::test_enum_size
  /<<PKGBUILDDIR>>/cffi/vengine_cpy.py:191: UserWarning: reimporting '_cffi__xbc637f71xdb5c76f1' might overwrite older definitions
    warnings.warn("reimporting %r might overwrite older definitions"

testing/cffi0/test_verify2.py::test_enum_size
  /<<PKGBUILDDIR>>/cffi/vengine_cpy.py:191: UserWarning: reimporting '_cffi__x18b0fe50xc7cd945c' might overwrite older definitions
    warnings.warn("reimporting %r might overwrite older definitions"

testing/cffi0/test_verify2.py::test_enum_size
  /<<PKGBUILDDIR>>/cffi/vengine_cpy.py:191: UserWarning: reimporting '_cffi__x28e682f2x74f4c16d' might overwrite older definitions
    warnings.warn("reimporting %r might overwrite older definitions"

testing/cffi0/test_verify2.py::test_string_to_voidp_arg
  /<<PKGBUILDDIR>>/cffi/vengine_cpy.py:191: UserWarning: reimporting '_cffi__xeb31eeedxdf0e6843' might overwrite older definitions
    warnings.warn("reimporting %r might overwrite older definitions"

testing/cffi0/test_verify2.py::test_callback_indirection
  /<<PKGBUILDDIR>>/cffi/vengine_cpy.py:191: UserWarning: reimporting '_cffi__x5689a75x552dbe56' might overwrite older definitions
    warnings.warn("reimporting %r might overwrite older definitions"

testing/cffi0/test_verify2.py::test_floatstar_argument
  /<<PKGBUILDDIR>>/cffi/vengine_cpy.py:191: UserWarning: reimporting '_cffi__x653824e3x68c0b448' might overwrite older definitions
    warnings.warn("reimporting %r might overwrite older definitions"

testing/cffi0/test_verify2.py::test_charstar_argument
  /<<PKGBUILDDIR>>/cffi/vengine_cpy.py:191: UserWarning: reimporting '_cffi__x5c6f8170x9fd5a009' might overwrite older definitions
    warnings.warn("reimporting %r might overwrite older definitions"

testing/cffi0/test_verify2.py::test_passing_string_or_NULL
  /<<PKGBUILDDIR>>/cffi/vengine_cpy.py:191: UserWarning: reimporting '_cffi__xe8bf4e25x68d076' might overwrite older definitions
    warnings.warn("reimporting %r might overwrite older definitions"

testing/cffi0/test_verify2.py::test_typeof_function
  /<<PKGBUILDDIR>>/cffi/vengine_cpy.py:191: UserWarning: reimporting '_cffi__x45ef6fbfxbe6bd98c' might overwrite older definitions
    warnings.warn("reimporting %r might overwrite older definitions"

testing/cffi0/test_verify2.py::test_call_with_voidstar_arg
  /<<PKGBUILDDIR>>/cffi/vengine_cpy.py:191: UserWarning: reimporting '_cffi__x5199cf84x2e6185dc' might overwrite older definitions
    warnings.warn("reimporting %r might overwrite older definitions"

testing/cffi0/test_verify2.py::test_dir
  /<<PKGBUILDDIR>>/cffi/vengine_cpy.py:191: UserWarning: reimporting '_cffi__x1d7f0cb2x2188e523' might overwrite older definitions
    warnings.warn("reimporting %r might overwrite older definitions"

testing/cffi0/test_verify2.py::test_typeof_func_with_struct_argument
  /<<PKGBUILDDIR>>/cffi/vengine_cpy.py:191: UserWarning: reimporting '_cffi__xeef9ac24x18d079bf' might overwrite older definitions
    warnings.warn("reimporting %r might overwrite older definitions"

testing/cffi0/test_verify2.py::test_bug_const_char_ptr_array_1
  /<<PKGBUILDDIR>>/cffi/vengine_cpy.py:191: UserWarning: reimporting '_cffi__x1549d894x4d422544' might overwrite older definitions
    warnings.warn("reimporting %r might overwrite older definitions"

testing/cffi0/test_verify2.py::test_bug_const_char_ptr_array_2
  /<<PKGBUILDDIR>>/cffi/vengine_cpy.py:191: UserWarning: reimporting '_cffi__x1d8103c9x6a82585f' might overwrite older definitions
    warnings.warn("reimporting %r might overwrite older definitions"

testing/cffi0/test_verify2.py::test_various_calls_direct
  /<<PKGBUILDDIR>>/cffi/vengine_cpy.py:191: UserWarning: reimporting '_cffi__xb41d0527xe85ba87a' might overwrite older definitions
    warnings.warn("reimporting %r might overwrite older definitions"

testing/cffi0/test_verify2.py::test_various_calls_libffi
  /<<PKGBUILDDIR>>/cffi/vengine_cpy.py:191: UserWarning: reimporting '_cffi__xe1277af4x691d22b5' might overwrite older definitions
    warnings.warn("reimporting %r might overwrite older definitions"

testing/cffi0/test_verify2.py::test_ptr_to_opaque
  /<<PKGBUILDDIR>>/cffi/vengine_cpy.py:191: UserWarning: reimporting '_cffi__xf0847c7cx580793e8' might overwrite older definitions
    warnings.warn("reimporting %r might overwrite older definitions"

testing/cffi0/test_verify2.py::test_errno_working_even_with_pypys_jit
  /<<PKGBUILDDIR>>/cffi/vengine_cpy.py:191: UserWarning: reimporting '_cffi__xc1e162fx68f761c5' might overwrite older definitions
    warnings.warn("reimporting %r might overwrite older definitions"

testing/cffi0/test_verify2.py::test_verify_extra_arguments
  /<<PKGBUILDDIR>>/cffi/vengine_cpy.py:191: UserWarning: reimporting '_cffi__xbc1fcb1dxa1ba6877' might overwrite older definitions
    warnings.warn("reimporting %r might overwrite older definitions"

testing/cffi0/test_verify2.py::test_use_local_dir
  /<<PKGBUILDDIR>>/cffi/vengine_cpy.py:191: UserWarning: reimporting 'test_use_local_dir' might overwrite older definitions
    warnings.warn("reimporting %r might overwrite older definitions"

testing/cffi0/test_verify2.py::test_define_known_value
  /<<PKGBUILDDIR>>/cffi/vengine_cpy.py:191: UserWarning: reimporting '_cffi__xa131c842xc00ea2e3' might overwrite older definitions
    warnings.warn("reimporting %r might overwrite older definitions"

testing/cffi0/test_verify2.py::test_static_const_int_known_value
  /<<PKGBUILDDIR>>/cffi/vengine_cpy.py:191: UserWarning: reimporting '_cffi__xe565e016x7d873834' might overwrite older definitions
    warnings.warn("reimporting %r might overwrite older definitions"

testing/cffi0/test_verify2.py::test_const_struct_global
  /<<PKGBUILDDIR>>/cffi/vengine_cpy.py:191: UserWarning: reimporting '_cffi__xd6196dd8x1e246236' might overwrite older definitions
    warnings.warn("reimporting %r might overwrite older definitions"

testing/cffi0/test_verify2.py::test_const_fields
  /<<PKGBUILDDIR>>/cffi/vengine_cpy.py:191: UserWarning: reimporting '_cffi__xc13ebf66x55bd33c3' might overwrite older definitions
    warnings.warn("reimporting %r might overwrite older definitions"

testing/cffi0/test_verify2.py::test_win32_calling_convention_0
  /<<PKGBUILDDIR>>/cffi/vengine_cpy.py:191: UserWarning: reimporting '_cffi__x6d872a41xa42f250' might overwrite older definitions
    warnings.warn("reimporting %r might overwrite older definitions"

testing/cffi0/test_verify2.py::test_win32_calling_convention_1
  /<<PKGBUILDDIR>>/cffi/vengine_cpy.py:191: UserWarning: reimporting '_cffi__x142fb173xb10594e9' might overwrite older definitions
    warnings.warn("reimporting %r might overwrite older definitions"

testing/cffi0/test_verify2.py::test_win32_calling_convention_2
  /<<PKGBUILDDIR>>/cffi/vengine_cpy.py:191: UserWarning: reimporting '_cffi__x926e249bx714ca647' might overwrite older definitions
    warnings.warn("reimporting %r might overwrite older definitions"

testing/cffi0/test_verify2.py::test_win32_calling_convention_3
  /<<PKGBUILDDIR>>/cffi/vengine_cpy.py:191: UserWarning: reimporting '_cffi__x7a57e5b4x2f601a28' might overwrite older definitions
    warnings.warn("reimporting %r might overwrite older definitions"

testing/cffi0/test_verify2.py::test_ffi_gc_size_arg
  /<<PKGBUILDDIR>>/cffi/vengine_cpy.py:191: UserWarning: reimporting '_cffi__xef146ea5x5301af5a' might overwrite older definitions
    warnings.warn("reimporting %r might overwrite older definitions"

testing/cffi0/test_verify2.py::test_arithmetic_in_cdef
  /<<PKGBUILDDIR>>/cffi/vengine_cpy.py:191: UserWarning: reimporting '_cffi__xafdc1121x9959ece7' might overwrite older definitions
    warnings.warn("reimporting %r might overwrite older definitions"

testing/cffi0/test_verify2.py::test_arithmetic_in_cdef
  /<<PKGBUILDDIR>>/cffi/vengine_cpy.py:191: UserWarning: reimporting '_cffi__x94f3d2b2x68dfdccc' might overwrite older definitions
    warnings.warn("reimporting %r might overwrite older definitions"

testing/cffi0/test_verify2.py::test_arithmetic_in_cdef
  /<<PKGBUILDDIR>>/cffi/vengine_cpy.py:191: UserWarning: reimporting '_cffi__x12da9e4bx68dfdccc' might overwrite older definitions
    warnings.warn("reimporting %r might overwrite older definitions"

testing/cffi0/test_verify2.py::test_passing_large_list
  /<<PKGBUILDDIR>>/cffi/vengine_cpy.py:191: UserWarning: reimporting '_cffi__xd69f0bc0xd8ac7f7f' might overwrite older definitions
    warnings.warn("reimporting %r might overwrite older definitions"

testing/cffi1/test_new_ffi_1.py::TestNewFFI1::test_integer_ranges
  /usr/lib/python3/dist-packages/setuptools/lib2to3_ex.py:10: PendingDeprecationWarning: lib2to3 package is deprecated and may not be able to parse Python 3.10+
    from lib2to3.refactor import RefactoringTool, get_fixers_from_package

-- Docs: https://docs.pytest.org/en/latest/warnings.html
= 3 failed, 1944 passed, 89 skipped, 4 xfailed, 207 warnings in 294.14 seconds =
E: pybuild pybuild:352: test: plugin custom failed with: exit code=1: python3.9 -m pytest c/ testing/
dh_auto_test: error: pybuild --test --test-pytest -i python{version} -p "3.9 3.8" returned exit code 13
make[1]: *** [debian/rules:17: override_dh_auto_test] Error 25
make[1]: Leaving directory '/<<PKGBUILDDIR>>'
make: *** [debian/rules:10: binary] Error 2
dpkg-buildpackage: error: debian/rules binary subprocess returned exit status 2
--------------------------------------------------------------------------------
Build finished at 2020-10-29T18:21:58Z

Finished
--------


+------------------------------------------------------------------------------+
| Cleanup                                                                      |
+------------------------------------------------------------------------------+

Purging /<<BUILDDIR>>
Not cleaning session: cloned chroot in use
E: Build failure (dpkg-buildpackage died)

+------------------------------------------------------------------------------+
| Summary                                                                      |
+------------------------------------------------------------------------------+

Build Architecture: amd64
Build Type: binary
Build-Space: 31316
Build-Time: 314
Distribution: unstable
Fail-Stage: build
Host Architecture: amd64
Install-Time: 34
Job: python-cffi_1.14.3-2
Machine Architecture: amd64
Package: python-cffi
Package-Time: 365
Source-Version: 1.14.3-2
Space: 31316
Status: attempted
Version: 1.14.3-2
--------------------------------------------------------------------------------
Finished at 2020-10-29T18:21:58Z
Build needed 00:06:05, 31316k disk space
E: Build failure (dpkg-buildpackage died)
DC-Status: Failed 366.835380417s
DC-Time-Estimation: 366.835380417 versus expected 1081 (r/m: 1.946825899865966 ; m: 366.835380417)
