DC-Build-Header: rttr 0.9.6+dfsg1-3 / 2020-10-29 19:55:46 +0000
DC-Task: type:rebuild-binarch-only source:rttr version:0.9.6+dfsg1-3 chroot:unstable esttime:79 logfile:/tmp/rttr_0.9.6+dfsg1-3_unstable_clang11.log modes:clang11:binarch-only
DC-Sbuild-call: su user42 -c 'sbuild -n --arch-any --apt-update -d unstable -v --no-run-lintian --chroot-setup-commands=/tmp/clang11 rttr_0.9.6+dfsg1-3'
sbuild (Debian sbuild) 0.78.1 (09 February 2019) on ip-172-31-4-172.eu-central-1.compute.internal

+==============================================================================+
| rttr 0.9.6+dfsg1-3 (amd64)                   Thu, 29 Oct 2020 19:55:47 +0000 |
+==============================================================================+

Package: rttr
Version: 0.9.6+dfsg1-3
Source Version: 0.9.6+dfsg1-3
Distribution: unstable
Machine Architecture: amd64
Host Architecture: amd64
Build Architecture: amd64
Build Type: binary

I: NOTICE: Log filtering will replace 'var/run/schroot/mount/sid-amd64-sbuild-249948fb-d6df-48c4-9d71-2148677fc4f7' with '<<CHROOT>>'

+------------------------------------------------------------------------------+
| Chroot Setup Commands                                                        |
+------------------------------------------------------------------------------+


/tmp/clang11
------------

+ echo 'Entering customization script...'
Entering customization script...
+ CLANG_VERSION=10
+ echo 'Install of clang-10'
Install of clang-10
+ apt-get update
Get:1 http://127.0.0.1:12990/debian sid InRelease [146 kB]
Get:2 http://127.0.0.1:12990/debian sid/main Sources.diff/Index [734 B]
Ign:2 http://127.0.0.1:12990/debian sid/main Sources.diff/Index
Get:3 http://127.0.0.1:12990/debian sid/main amd64 Packages.diff/Index [734 B]
Ign:3 http://127.0.0.1:12990/debian sid/main amd64 Packages.diff/Index
Get:4 http://127.0.0.1:12990/debian sid/main Translation-en [6391 kB]
Get:5 http://127.0.0.1:12990/debian sid/main Sources [8989 kB]
Get:6 http://127.0.0.1:12990/debian sid/main amd64 Packages [8492 kB]
Fetched 24.0 MB in 3s (7045 kB/s)
Reading package lists...
+ apt-get install --yes --no-install-recommends --force-yes clang-10 libomp-10-dev libobjc-9-dev
Reading package lists...
Building dependency tree...
The following additional packages will be installed:
  lib32gcc-s1 lib32stdc++6 libasan5 libbsd0 libc6-i386 libclang-common-10-dev
  libclang-cpp10 libclang1-10 libedit2 libgc1 libgcc-9-dev libllvm10
  libobjc-10-dev libobjc4 libomp5-10 libz3-4
Suggested packages:
  clang-10-doc libomp-10-doc
Recommended packages:
  llvm-10-dev python3
The following NEW packages will be installed:
  clang-10 lib32gcc-s1 lib32stdc++6 libasan5 libbsd0 libc6-i386
  libclang-common-10-dev libclang-cpp10 libclang1-10 libedit2 libgc1
  libgcc-9-dev libllvm10 libobjc-10-dev libobjc-9-dev libobjc4 libomp-10-dev
  libomp5-10 libz3-4
0 upgraded, 19 newly installed, 0 to remove and 1 not upgraded.
Need to get 52.3 MB of archives.
After this operation, 274 MB of additional disk space will be used.
Get:1 http://127.0.0.1:12990/debian sid/main amd64 libbsd0 amd64 0.10.0-1 [107 kB]
Get:2 http://127.0.0.1:12990/debian sid/main amd64 libedit2 amd64 3.1-20191231-1 [95.4 kB]
Get:3 http://127.0.0.1:12990/debian sid/main amd64 libz3-4 amd64 4.8.9-1 [6783 kB]
Get:4 http://127.0.0.1:12990/debian sid/main amd64 libllvm10 amd64 1:10.0.1-7 [16.6 MB]
Get:5 http://127.0.0.1:12990/debian sid/main amd64 libclang-cpp10 amd64 1:10.0.1-7 [9069 kB]
Get:6 http://127.0.0.1:12990/debian sid/main amd64 libgc1 amd64 1:8.0.4-2.1 [239 kB]
Get:7 http://127.0.0.1:12990/debian sid/main amd64 libobjc4 amd64 10.2.0-15 [41.6 kB]
Get:8 http://127.0.0.1:12990/debian sid/main amd64 libobjc-10-dev amd64 10.2.0-15 [170 kB]
Get:9 http://127.0.0.1:12990/debian sid/main amd64 libc6-i386 amd64 2.31-4 [2815 kB]
Get:10 http://127.0.0.1:12990/debian sid/main amd64 lib32gcc-s1 amd64 10.2.0-15 [49.4 kB]
Get:11 http://127.0.0.1:12990/debian sid/main amd64 lib32stdc++6 amd64 10.2.0-15 [511 kB]
Get:12 http://127.0.0.1:12990/debian sid/main amd64 libclang-common-10-dev amd64 1:10.0.1-7 [5062 kB]
Get:13 http://127.0.0.1:12990/debian sid/main amd64 libclang1-10 amd64 1:10.0.1-7 [7293 kB]
Get:14 http://127.0.0.1:12990/debian sid/main amd64 clang-10 amd64 1:10.0.1-7 [106 kB]
Get:15 http://127.0.0.1:12990/debian sid/main amd64 libasan5 amd64 9.3.0-18 [390 kB]
Get:16 http://127.0.0.1:12990/debian sid/main amd64 libgcc-9-dev amd64 9.3.0-18 [2347 kB]
Get:17 http://127.0.0.1:12990/debian sid/main amd64 libobjc-9-dev amd64 9.3.0-18 [220 kB]
Get:18 http://127.0.0.1:12990/debian sid/main amd64 libomp5-10 amd64 1:10.0.1-7 [339 kB]
Get:19 http://127.0.0.1:12990/debian sid/main amd64 libomp-10-dev amd64 1:10.0.1-7 [86.6 kB]
debconf: delaying package configuration, since apt-utils is not installed
Fetched 52.3 MB in 0s (144 MB/s)
Selecting previously unselected package libbsd0:amd64.
(Reading database ... (Reading database ... 5%(Reading database ... 10%(Reading database ... 15%(Reading database ... 20%(Reading database ... 25%(Reading database ... 30%(Reading database ... 35%(Reading database ... 40%(Reading database ... 45%(Reading database ... 50%(Reading database ... 55%(Reading database ... 60%(Reading database ... 65%(Reading database ... 70%(Reading database ... 75%(Reading database ... 80%(Reading database ... 85%(Reading database ... 90%(Reading database ... 95%(Reading database ... 100%(Reading database ... 12312 files and directories currently installed.)
Preparing to unpack .../00-libbsd0_0.10.0-1_amd64.deb ...
Unpacking libbsd0:amd64 (0.10.0-1) ...
Selecting previously unselected package libedit2:amd64.
Preparing to unpack .../01-libedit2_3.1-20191231-1_amd64.deb ...
Unpacking libedit2:amd64 (3.1-20191231-1) ...
Selecting previously unselected package libz3-4:amd64.
Preparing to unpack .../02-libz3-4_4.8.9-1_amd64.deb ...
Unpacking libz3-4:amd64 (4.8.9-1) ...
Selecting previously unselected package libllvm10:amd64.
Preparing to unpack .../03-libllvm10_1%3a10.0.1-7_amd64.deb ...
Unpacking libllvm10:amd64 (1:10.0.1-7) ...
Selecting previously unselected package libclang-cpp10.
Preparing to unpack .../04-libclang-cpp10_1%3a10.0.1-7_amd64.deb ...
Unpacking libclang-cpp10 (1:10.0.1-7) ...
Selecting previously unselected package libgc1:amd64.
Preparing to unpack .../05-libgc1_1%3a8.0.4-2.1_amd64.deb ...
Unpacking libgc1:amd64 (1:8.0.4-2.1) ...
Selecting previously unselected package libobjc4:amd64.
Preparing to unpack .../06-libobjc4_10.2.0-15_amd64.deb ...
Unpacking libobjc4:amd64 (10.2.0-15) ...
Selecting previously unselected package libobjc-10-dev:amd64.
Preparing to unpack .../07-libobjc-10-dev_10.2.0-15_amd64.deb ...
Unpacking libobjc-10-dev:amd64 (10.2.0-15) ...
Selecting previously unselected package libc6-i386.
Preparing to unpack .../08-libc6-i386_2.31-4_amd64.deb ...
Unpacking libc6-i386 (2.31-4) ...
Selecting previously unselected package lib32gcc-s1.
Preparing to unpack .../09-lib32gcc-s1_10.2.0-15_amd64.deb ...
Unpacking lib32gcc-s1 (10.2.0-15) ...
Selecting previously unselected package lib32stdc++6.
Preparing to unpack .../10-lib32stdc++6_10.2.0-15_amd64.deb ...
Unpacking lib32stdc++6 (10.2.0-15) ...
Selecting previously unselected package libclang-common-10-dev.
Preparing to unpack .../11-libclang-common-10-dev_1%3a10.0.1-7_amd64.deb ...
Unpacking libclang-common-10-dev (1:10.0.1-7) ...
Selecting previously unselected package libclang1-10.
Preparing to unpack .../12-libclang1-10_1%3a10.0.1-7_amd64.deb ...
Unpacking libclang1-10 (1:10.0.1-7) ...
Selecting previously unselected package clang-10.
Preparing to unpack .../13-clang-10_1%3a10.0.1-7_amd64.deb ...
Unpacking clang-10 (1:10.0.1-7) ...
Selecting previously unselected package libasan5:amd64.
Preparing to unpack .../14-libasan5_9.3.0-18_amd64.deb ...
Unpacking libasan5:amd64 (9.3.0-18) ...
Selecting previously unselected package libgcc-9-dev:amd64.
Preparing to unpack .../15-libgcc-9-dev_9.3.0-18_amd64.deb ...
Unpacking libgcc-9-dev:amd64 (9.3.0-18) ...
Selecting previously unselected package libobjc-9-dev:amd64.
Preparing to unpack .../16-libobjc-9-dev_9.3.0-18_amd64.deb ...
Unpacking libobjc-9-dev:amd64 (9.3.0-18) ...
Selecting previously unselected package libomp5-10:amd64.
Preparing to unpack .../17-libomp5-10_1%3a10.0.1-7_amd64.deb ...
Unpacking libomp5-10:amd64 (1:10.0.1-7) ...
Selecting previously unselected package libomp-10-dev.
Preparing to unpack .../18-libomp-10-dev_1%3a10.0.1-7_amd64.deb ...
Unpacking libomp-10-dev (1:10.0.1-7) ...
Setting up libasan5:amd64 (9.3.0-18) ...
Setting up libz3-4:amd64 (4.8.9-1) ...
Setting up libgc1:amd64 (1:8.0.4-2.1) ...
Setting up libomp5-10:amd64 (1:10.0.1-7) ...
Setting up libc6-i386 (2.31-4) ...
Setting up libbsd0:amd64 (0.10.0-1) ...
Setting up libomp-10-dev (1:10.0.1-7) ...
Setting up libedit2:amd64 (3.1-20191231-1) ...
Setting up libobjc4:amd64 (10.2.0-15) ...
Setting up libllvm10:amd64 (1:10.0.1-7) ...
Setting up libgcc-9-dev:amd64 (9.3.0-18) ...
Setting up lib32gcc-s1 (10.2.0-15) ...
Setting up lib32stdc++6 (10.2.0-15) ...
Setting up libclang1-10 (1:10.0.1-7) ...
Setting up libobjc-9-dev:amd64 (9.3.0-18) ...
Setting up libobjc-10-dev:amd64 (10.2.0-15) ...
Setting up libclang-common-10-dev (1:10.0.1-7) ...
Setting up libclang-cpp10 (1:10.0.1-7) ...
Setting up clang-10 (1:10.0.1-7) ...
Processing triggers for libc-bin (2.31-4) ...
W: --force-yes is deprecated, use one of the options starting with --allow instead.
+ echo 'Replace gcc, g++ & cpp by clang'
Replace gcc, g++ & cpp by clang
+ VERSIONS='4.6 4.7 4.8 4.9 5 6 7 8 9 10'
+ cd /usr/bin
+ for VERSION in $VERSIONS
+ rm -f g++-4.6 gcc-4.6 cpp-4.6 gcc
+ ln -s clang++-10 g++-4.6
+ ln -s clang-10 gcc-4.6
+ ln -s clang-10 cpp-4.6
+ ln -s clang-10 gcc
+ echo 'gcc-4.6 hold'
+ dpkg --set-selections
dpkg: warning: package not in status nor available database at line 1: gcc-4.6
dpkg: warning: found unknown packages; this might mean the available database
is outdated, and needs to be updated through a frontend method;
please see the FAQ <https://wiki.debian.org/Teams/Dpkg/FAQ>
+ echo 'g++-4.6 hold'
+ dpkg --set-selections
dpkg: warning: package not in status nor available database at line 1: g++-4.6
dpkg: warning: found unknown packages; this might mean the available database
is outdated, and needs to be updated through a frontend method;
please see the FAQ <https://wiki.debian.org/Teams/Dpkg/FAQ>
+ for VERSION in $VERSIONS
+ rm -f g++-4.7 gcc-4.7 cpp-4.7 gcc
+ ln -s clang++-10 g++-4.7
+ ln -s clang-10 gcc-4.7
+ ln -s clang-10 cpp-4.7
+ ln -s clang-10 gcc
+ echo 'gcc-4.7 hold'
+ dpkg --set-selections
dpkg: warning: package not in status nor available database at line 1: gcc-4.7
dpkg: warning: found unknown packages; this might mean the available database
is outdated, and needs to be updated through a frontend method;
please see the FAQ <https://wiki.debian.org/Teams/Dpkg/FAQ>
+ echo 'g++-4.7 hold'
+ dpkg --set-selections
dpkg: warning: package not in status nor available database at line 1: g++-4.7
dpkg: warning: found unknown packages; this might mean the available database
is outdated, and needs to be updated through a frontend method;
please see the FAQ <https://wiki.debian.org/Teams/Dpkg/FAQ>
+ for VERSION in $VERSIONS
+ rm -f g++-4.8 gcc-4.8 cpp-4.8 gcc
+ ln -s clang++-10 g++-4.8
+ ln -s clang-10 gcc-4.8
+ ln -s clang-10 cpp-4.8
+ ln -s clang-10 gcc
+ echo 'gcc-4.8 hold'
+ dpkg --set-selections
dpkg: warning: package not in status nor available database at line 1: gcc-4.8
dpkg: warning: found unknown packages; this might mean the available database
is outdated, and needs to be updated through a frontend method;
please see the FAQ <https://wiki.debian.org/Teams/Dpkg/FAQ>
+ echo 'g++-4.8 hold'
+ dpkg --set-selections
dpkg: warning: package not in status nor available database at line 1: g++-4.8
dpkg: warning: found unknown packages; this might mean the available database
is outdated, and needs to be updated through a frontend method;
please see the FAQ <https://wiki.debian.org/Teams/Dpkg/FAQ>
+ for VERSION in $VERSIONS
+ rm -f g++-4.9 gcc-4.9 cpp-4.9 gcc
+ ln -s clang++-10 g++-4.9
+ ln -s clang-10 gcc-4.9
+ ln -s clang-10 cpp-4.9
+ ln -s clang-10 gcc
+ echo 'gcc-4.9 hold'
+ dpkg --set-selections
dpkg: warning: package not in status nor available database at line 1: gcc-4.9
dpkg: warning: found unknown packages; this might mean the available database
is outdated, and needs to be updated through a frontend method;
please see the FAQ <https://wiki.debian.org/Teams/Dpkg/FAQ>
+ echo 'g++-4.9 hold'
+ dpkg --set-selections
dpkg: warning: package not in status nor available database at line 1: g++-4.9
dpkg: warning: found unknown packages; this might mean the available database
is outdated, and needs to be updated through a frontend method;
please see the FAQ <https://wiki.debian.org/Teams/Dpkg/FAQ>
+ for VERSION in $VERSIONS
+ rm -f g++-5 gcc-5 cpp-5 gcc
+ ln -s clang++-10 g++-5
+ ln -s clang-10 gcc-5
+ ln -s clang-10 cpp-5
+ ln -s clang-10 gcc
+ echo 'gcc-5 hold'
+ dpkg --set-selections
dpkg: warning: package not in status nor available database at line 1: gcc-5
dpkg: warning: found unknown packages; this might mean the available database
is outdated, and needs to be updated through a frontend method;
please see the FAQ <https://wiki.debian.org/Teams/Dpkg/FAQ>
+ echo 'g++-5 hold'
+ dpkg --set-selections
dpkg: warning: package not in status nor available database at line 1: g++-5
dpkg: warning: found unknown packages; this might mean the available database
is outdated, and needs to be updated through a frontend method;
please see the FAQ <https://wiki.debian.org/Teams/Dpkg/FAQ>
+ for VERSION in $VERSIONS
+ rm -f g++-6 gcc-6 cpp-6 gcc
+ ln -s clang++-10 g++-6
+ ln -s clang-10 gcc-6
+ ln -s clang-10 cpp-6
+ ln -s clang-10 gcc
+ echo 'gcc-6 hold'
+ dpkg --set-selections
dpkg: warning: package not in status nor available database at line 1: gcc-6
dpkg: warning: found unknown packages; this might mean the available database
is outdated, and needs to be updated through a frontend method;
please see the FAQ <https://wiki.debian.org/Teams/Dpkg/FAQ>
+ echo 'g++-6 hold'
+ dpkg --set-selections
dpkg: warning: package not in status nor available database at line 1: g++-6
dpkg: warning: found unknown packages; this might mean the available database
is outdated, and needs to be updated through a frontend method;
please see the FAQ <https://wiki.debian.org/Teams/Dpkg/FAQ>
+ for VERSION in $VERSIONS
+ rm -f g++-7 gcc-7 cpp-7 gcc
+ ln -s clang++-10 g++-7
+ ln -s clang-10 gcc-7
+ ln -s clang-10 cpp-7
+ ln -s clang-10 gcc
+ echo 'gcc-7 hold'
+ dpkg --set-selections
dpkg: warning: package not in status nor available database at line 1: gcc-7
dpkg: warning: found unknown packages; this might mean the available database
is outdated, and needs to be updated through a frontend method;
please see the FAQ <https://wiki.debian.org/Teams/Dpkg/FAQ>
+ echo 'g++-7 hold'
+ dpkg --set-selections
dpkg: warning: package not in status nor available database at line 1: g++-7
dpkg: warning: found unknown packages; this might mean the available database
is outdated, and needs to be updated through a frontend method;
please see the FAQ <https://wiki.debian.org/Teams/Dpkg/FAQ>
+ for VERSION in $VERSIONS
+ rm -f g++-8 gcc-8 cpp-8 gcc
+ ln -s clang++-10 g++-8
+ ln -s clang-10 gcc-8
+ ln -s clang-10 cpp-8
+ ln -s clang-10 gcc
+ echo 'gcc-8 hold'
+ dpkg --set-selections
dpkg: warning: package not in status nor available database at line 1: gcc-8
dpkg: warning: found unknown packages; this might mean the available database
is outdated, and needs to be updated through a frontend method;
please see the FAQ <https://wiki.debian.org/Teams/Dpkg/FAQ>
+ echo 'g++-8 hold'
+ dpkg --set-selections
dpkg: warning: package not in status nor available database at line 1: g++-8
dpkg: warning: found unknown packages; this might mean the available database
is outdated, and needs to be updated through a frontend method;
please see the FAQ <https://wiki.debian.org/Teams/Dpkg/FAQ>
+ for VERSION in $VERSIONS
+ rm -f g++-9 gcc-9 cpp-9 gcc
+ ln -s clang++-10 g++-9
+ ln -s clang-10 gcc-9
+ ln -s clang-10 cpp-9
+ ln -s clang-10 gcc
+ echo 'gcc-9 hold'
+ dpkg --set-selections
dpkg: warning: package not in status nor available database at line 1: gcc-9
dpkg: warning: found unknown packages; this might mean the available database
is outdated, and needs to be updated through a frontend method;
please see the FAQ <https://wiki.debian.org/Teams/Dpkg/FAQ>
+ echo 'g++-9 hold'
+ dpkg --set-selections
dpkg: warning: package not in status nor available database at line 1: g++-9
dpkg: warning: found unknown packages; this might mean the available database
is outdated, and needs to be updated through a frontend method;
please see the FAQ <https://wiki.debian.org/Teams/Dpkg/FAQ>
+ for VERSION in $VERSIONS
+ rm -f g++-10 gcc-10 cpp-10 gcc
+ ln -s clang++-10 g++-10
+ ln -s clang-10 gcc-10
+ ln -s clang-10 cpp-10
+ ln -s clang-10 gcc
+ echo 'gcc-10 hold'
+ dpkg --set-selections
+ echo 'g++-10 hold'
+ dpkg --set-selections
+ cd -
/build/rttr-sxxoiP
+ echo 'Check if gcc, g++ & cpp are actually clang'
Check if gcc, g++ & cpp are actually clang
+ gcc --version
+ grep clang
+ cpp --version
+ grep clang
+ g++ --version
+ grep clang
+ cd /usr/bin/
+ rm -f clang++ clang
+ ln -s clang-10 clang++
+ ln -s clang-10 clang
+ clang++ --version
Debian clang version 10.0.1-7
Target: x86_64-pc-linux-gnu
Thread model: posix
InstalledDir: /usr/bin
+ clang --version
Debian clang version 10.0.1-7
Target: x86_64-pc-linux-gnu
Thread model: posix
InstalledDir: /usr/bin
+ cd -
/build/rttr-sxxoiP
+ apt install --yes --no-install-recommends --force-yes qt5-qmake

WARNING: apt does not have a stable CLI interface. Use with caution in scripts.

Reading package lists...
Building dependency tree...
Reading state information...
The following additional packages will be installed:
  qt5-qmake-bin qtchooser
The following NEW packages will be installed:
  qt5-qmake qt5-qmake-bin qtchooser
0 upgraded, 3 newly installed, 0 to remove and 1 not upgraded.
Need to get 1304 kB of archives.
After this operation, 4865 kB of additional disk space will be used.
Get:1 http://127.0.0.1:12990/debian sid/main amd64 qt5-qmake-bin amd64 5.14.2+dfsg-6 [1035 kB]
Get:2 http://127.0.0.1:12990/debian sid/main amd64 qtchooser amd64 66-2 [26.3 kB]
Get:3 http://127.0.0.1:12990/debian sid/main amd64 qt5-qmake amd64 5.14.2+dfsg-6 [242 kB]
debconf: delaying package configuration, since apt-utils is not installed
Fetched 1304 kB in 0s (20.0 MB/s)
Selecting previously unselected package qt5-qmake-bin.
(Reading database ... (Reading database ... 5%(Reading database ... 10%(Reading database ... 15%(Reading database ... 20%(Reading database ... 25%(Reading database ... 30%(Reading database ... 35%(Reading database ... 40%(Reading database ... 45%(Reading database ... 50%(Reading database ... 55%(Reading database ... 60%(Reading database ... 65%(Reading database ... 70%(Reading database ... 75%(Reading database ... 80%(Reading database ... 85%(Reading database ... 90%(Reading database ... 95%(Reading database ... 100%(Reading database ... 13315 files and directories currently installed.)
Preparing to unpack .../qt5-qmake-bin_5.14.2+dfsg-6_amd64.deb ...
Unpacking qt5-qmake-bin (5.14.2+dfsg-6) ...
Selecting previously unselected package qtchooser.
Preparing to unpack .../qtchooser_66-2_amd64.deb ...
Unpacking qtchooser (66-2) ...
Selecting previously unselected package qt5-qmake:amd64.
Preparing to unpack .../qt5-qmake_5.14.2+dfsg-6_amd64.deb ...
Unpacking qt5-qmake:amd64 (5.14.2+dfsg-6) ...
Setting up qt5-qmake-bin (5.14.2+dfsg-6) ...
Setting up qtchooser (66-2) ...
Setting up qt5-qmake:amd64 (5.14.2+dfsg-6) ...
W: --force-yes is deprecated, use one of the options starting with --allow instead.
+ cp /usr/lib/x86_64-linux-gnu/qt5/mkspecs/linux-clang/qmake.conf /usr/lib/x86_64-linux-gnu/qt5/mkspecs/linux-clang/qplatformdefs.h /usr/lib/x86_64-linux-gnu/qt5/mkspecs/linux-g++/
+ ls -al /usr/lib/x86_64-linux-gnu/qt5/mkspecs/linux-g++/
total 16
drwxr-xr-x  2 root root 4096 Oct 29 19:56 .
drwxr-xr-x 76 root root 4096 Oct 29 19:56 ..
-rw-r--r--  1 root root  276 Oct 29 19:56 qmake.conf
-rw-r--r--  1 root root 3218 Oct 29 19:56 qplatformdefs.h
+ cat /usr/lib/x86_64-linux-gnu/qt5/mkspecs/linux-g++/qmake.conf
#
# qmake configuration for linux-clang
#

MAKEFILE_GENERATOR = UNIX
CONFIG += incremental

QMAKE_INCREMENTAL_STYLE = sublib

include(../common/linux.conf)
include(../common/gcc-base-unix.conf)
include(../common/clang.conf)

QMAKE_LFLAGS += -ccc-gcc-name g++

load(qt_config)
+ export QMAKESPEC=/usr/lib/x86_64-linux-gnu/qt5/mkspecs/linux-clang/
+ QMAKESPEC=/usr/lib/x86_64-linux-gnu/qt5/mkspecs/linux-clang/
+ sed -i -e 's|compare_problem(2,|compare_problem(0,|g' /usr/bin/dpkg-gensymbols
+ sed -i -e 's|compare_problem(1,|compare_problem(0,|g' /usr/bin/dpkg-gensymbols
+ grep 'compare_problem(' /usr/bin/dpkg-gensymbols
        compare_problem(4, g_('new libraries appeared in the symbols file: %s'), "@libs");
        compare_problem(3, g_('some libraries disappeared in the symbols file: %s'), "@libs");
        compare_problem(0, g_('some new symbols appeared in the symbols file: %s'),
        compare_problem(0, g_('some symbols or patterns disappeared in the symbols file: %s'),

I: Finished running '/tmp/clang11'.

Finished processing commands.
--------------------------------------------------------------------------------
I: NOTICE: Log filtering will replace 'build/rttr-sxxoiP/resolver-OpNuaf' with '<<RESOLVERDIR>>'

+------------------------------------------------------------------------------+
| Update chroot                                                                |
+------------------------------------------------------------------------------+

Hit:1 http://127.0.0.1:12990/debian sid InRelease
Reading package lists...
Reading package lists...
Building dependency tree...
Reading state information...
Calculating upgrade...
The following packages will be upgraded:
  libdebconfclient0
1 upgraded, 0 newly installed, 0 to remove and 0 not upgraded.
Need to get 49.6 kB of archives.
After this operation, 0 B of additional disk space will be used.
Get:1 http://127.0.0.1:12990/debian sid/main amd64 libdebconfclient0 amd64 0.255 [49.6 kB]
debconf: delaying package configuration, since apt-utils is not installed
Fetched 49.6 kB in 0s (3575 kB/s)
(Reading database ... (Reading database ... 5%(Reading database ... 10%(Reading database ... 15%(Reading database ... 20%(Reading database ... 25%(Reading database ... 30%(Reading database ... 35%(Reading database ... 40%(Reading database ... 45%(Reading database ... 50%(Reading database ... 55%(Reading database ... 60%(Reading database ... 65%(Reading database ... 70%(Reading database ... 75%(Reading database ... 80%(Reading database ... 85%(Reading database ... 90%(Reading database ... 95%(Reading database ... 100%(Reading database ... 14056 files and directories currently installed.)
Preparing to unpack .../libdebconfclient0_0.255_amd64.deb ...
Unpacking libdebconfclient0:amd64 (0.255) over (0.254) ...
Setting up libdebconfclient0:amd64 (0.255) ...
Processing triggers for libc-bin (2.31-4) ...

+------------------------------------------------------------------------------+
| Fetch source files                                                           |
+------------------------------------------------------------------------------+


Check APT
---------

Checking available source versions...

Download source files with APT
------------------------------

Reading package lists...
Need to get 346 kB of source archives.
Get:1 http://127.0.0.1:12990/debian sid/main rttr 0.9.6+dfsg1-3 (dsc) [1835 B]
Get:2 http://127.0.0.1:12990/debian sid/main rttr 0.9.6+dfsg1-3 (tar) [342 kB]
Get:3 http://127.0.0.1:12990/debian sid/main rttr 0.9.6+dfsg1-3 (diff) [2476 B]
Fetched 346 kB in 0s (4093 kB/s)
Download complete and in download only mode
I: NOTICE: Log filtering will replace 'build/rttr-sxxoiP/rttr-0.9.6+dfsg1' with '<<PKGBUILDDIR>>'
I: NOTICE: Log filtering will replace 'build/rttr-sxxoiP' with '<<BUILDDIR>>'

+------------------------------------------------------------------------------+
| Install package build dependencies                                           |
+------------------------------------------------------------------------------+


Setup apt archive
-----------------

Merged Build-Depends: debhelper-compat (= 12), cmake, libboost-all-dev, rapidjson-dev, build-essential, fakeroot
Filtered Build-Depends: debhelper-compat (= 12), cmake, libboost-all-dev, rapidjson-dev, build-essential, fakeroot
dpkg-deb: building package 'sbuild-build-depends-main-dummy' in '/<<RESOLVERDIR>>/apt_archive/sbuild-build-depends-main-dummy.deb'.
Ign:1 copy:/<<RESOLVERDIR>>/apt_archive ./ InRelease
Get:2 copy:/<<RESOLVERDIR>>/apt_archive ./ Release [957 B]
Ign:3 copy:/<<RESOLVERDIR>>/apt_archive ./ Release.gpg
Get:4 copy:/<<RESOLVERDIR>>/apt_archive ./ Sources [394 B]
Get:5 copy:/<<RESOLVERDIR>>/apt_archive ./ Packages [475 B]
Fetched 1826 B in 0s (0 B/s)
Reading package lists...
Reading package lists...

Install main build dependencies (apt-based resolver)
----------------------------------------------------

Installing build dependencies
Reading package lists...
Building dependency tree...
Reading state information...
The following additional packages will be installed:
  autoconf automake autopoint autotools-dev bsdextrautils cmake cmake-data
  cpp-9 debhelper dh-autoreconf dh-strip-nondeterminism dwz file gcc-9 gettext
  gettext-base gfortran-9 groff-base ibverbs-providers icu-devtools
  intltool-debian libarchive-zip-perl libarchive13 libboost-all-dev
  libboost-atomic-dev libboost-atomic1.71-dev libboost-atomic1.71.0
  libboost-chrono-dev libboost-chrono1.71-dev libboost-chrono1.71.0
  libboost-container-dev libboost-container1.71-dev libboost-container1.71.0
  libboost-context-dev libboost-context1.71-dev libboost-context1.71.0
  libboost-coroutine-dev libboost-coroutine1.71-dev libboost-coroutine1.71.0
  libboost-date-time-dev libboost-date-time1.71-dev libboost-date-time1.71.0
  libboost-dev libboost-exception-dev libboost-exception1.71-dev
  libboost-fiber-dev libboost-fiber1.71-dev libboost-fiber1.71.0
  libboost-filesystem-dev libboost-filesystem1.71-dev
  libboost-filesystem1.71.0 libboost-graph-dev libboost-graph-parallel-dev
  libboost-graph-parallel1.71-dev libboost-graph-parallel1.71.0
  libboost-graph1.71-dev libboost-graph1.71.0 libboost-iostreams-dev
  libboost-iostreams1.71-dev libboost-iostreams1.71.0 libboost-locale-dev
  libboost-locale1.71-dev libboost-locale1.71.0 libboost-log-dev
  libboost-log1.71-dev libboost-log1.71.0 libboost-math-dev
  libboost-math1.71-dev libboost-math1.71.0 libboost-mpi-dev
  libboost-mpi-python-dev libboost-mpi-python1.71-dev
  libboost-mpi-python1.71.0 libboost-mpi1.71-dev libboost-mpi1.71.0
  libboost-numpy-dev libboost-numpy1.71-dev libboost-numpy1.71.0
  libboost-program-options-dev libboost-program-options1.71-dev
  libboost-program-options1.71.0 libboost-python-dev libboost-python1.71-dev
  libboost-python1.71.0 libboost-random-dev libboost-random1.71-dev
  libboost-random1.71.0 libboost-regex-dev libboost-regex1.71-dev
  libboost-regex1.71.0 libboost-serialization-dev
  libboost-serialization1.71-dev libboost-serialization1.71.0
  libboost-stacktrace-dev libboost-stacktrace1.71-dev
  libboost-stacktrace1.71.0 libboost-system-dev libboost-system1.71-dev
  libboost-system1.71.0 libboost-test-dev libboost-test1.71-dev
  libboost-test1.71.0 libboost-thread-dev libboost-thread1.71-dev
  libboost-thread1.71.0 libboost-timer-dev libboost-timer1.71-dev
  libboost-timer1.71.0 libboost-tools-dev libboost-type-erasure-dev
  libboost-type-erasure1.71-dev libboost-type-erasure1.71.0 libboost-wave-dev
  libboost-wave1.71-dev libboost-wave1.71.0 libboost1.71-dev
  libboost1.71-tools-dev libbrotli1 libcbor0 libcroco3 libcurl4
  libdebhelper-perl libelf1 libevent-2.1-7 libevent-core-2.1-7 libevent-dev
  libevent-extra-2.1-7 libevent-openssl-2.1-7 libevent-pthreads-2.1-7
  libexpat1 libexpat1-dev libfabric1 libfido2-1
  libfile-stripnondeterminism-perl libgfortran-9-dev libgfortran5 libglib2.0-0
  libhwloc-dev libhwloc-plugins libhwloc15 libibverbs-dev libibverbs1
  libicu-dev libicu67 libjs-jquery libjs-jquery-ui libjsoncpp1 libldap-2.4-2
  libltdl-dev libltdl7 libmagic-mgc libmagic1 libncurses6 libncursesw6
  libnghttp2-14 libnl-3-200 libnl-3-dev libnl-route-3-200 libnl-route-3-dev
  libnuma-dev libnuma1 libopenmpi-dev libopenmpi3 libpciaccess0 libpipeline1
  libpmix-dev libpmix2 libprocps8 libpsl5 libpsm-infinipath1 libpsm2-2
  libpython3-dev libpython3-stdlib libpython3.8 libpython3.8-dev
  libpython3.8-minimal libpython3.8-stdlib librdmacm1 libreadline8 librhash0
  librtmp1 libsasl2-2 libsasl2-modules-db libsigsegv2 libsqlite3-0 libssh2-1
  libsub-override-perl libtool libuchardet0 libucx0 libuv1 libx11-6
  libx11-data libxau6 libxcb1 libxdmcp6 libxext6 libxml2 libxnvctrl0 m4 man-db
  mime-support mpi-default-bin mpi-default-dev node-jquery ocl-icd-libopencl1
  openmpi-bin openmpi-common openssh-client po-debconf procps python3
  python3-dev python3-distutils python3-lib2to3 python3-minimal python3.8
  python3.8-dev python3.8-minimal rapidjson-dev readline-common sensible-utils
  zlib1g-dev
Suggested packages:
  autoconf-archive gnu-standards autoconf-doc cmake-doc ninja-build
  gcc-9-locales dh-make gcc-9-multilib gcc-9-doc gettext-doc libasprintf-dev
  libgettextpo-dev gfortran-9-multilib gfortran-9-doc libcoarrays-dev groff
  lrzip libboost-doc graphviz libboost1.71-doc gccxml
  libboost-contract1.71-dev libmpfrc++-dev libntl-dev xsltproc doxygen
  docbook-xml docbook-xsl default-jdk fop libhwloc-contrib-plugins icu-doc
  libjs-jquery-ui-docs libtool-doc openmpi-doc pciutils gcj-jdk m4-doc
  apparmor less www-browser opencl-icd gfortran | fortran-compiler keychain
  libpam-ssh monkeysphere ssh-askpass libmail-box-perl python3-doc python3-tk
  python3-venv python3.8-venv python3.8-doc binfmt-support rapidjson-doc
  readline-doc
Recommended packages:
  curl | wget | lynx ca-certificates libarchive-cpio-perl libglib2.0-data
  shared-mime-info xdg-user-dirs javascript-common libldap-common libgpm2
  libcoarrays-openmpi-dev publicsuffix libsasl2-modules xauth
  libmail-sendmail-perl psmisc
The following NEW packages will be installed:
  autoconf automake autopoint autotools-dev bsdextrautils cmake cmake-data
  cpp-9 debhelper dh-autoreconf dh-strip-nondeterminism dwz file gcc-9 gettext
  gettext-base gfortran-9 groff-base ibverbs-providers icu-devtools
  intltool-debian libarchive-zip-perl libarchive13 libboost-all-dev
  libboost-atomic-dev libboost-atomic1.71-dev libboost-atomic1.71.0
  libboost-chrono-dev libboost-chrono1.71-dev libboost-chrono1.71.0
  libboost-container-dev libboost-container1.71-dev libboost-container1.71.0
  libboost-context-dev libboost-context1.71-dev libboost-context1.71.0
  libboost-coroutine-dev libboost-coroutine1.71-dev libboost-coroutine1.71.0
  libboost-date-time-dev libboost-date-time1.71-dev libboost-date-time1.71.0
  libboost-dev libboost-exception-dev libboost-exception1.71-dev
  libboost-fiber-dev libboost-fiber1.71-dev libboost-fiber1.71.0
  libboost-filesystem-dev libboost-filesystem1.71-dev
  libboost-filesystem1.71.0 libboost-graph-dev libboost-graph-parallel-dev
  libboost-graph-parallel1.71-dev libboost-graph-parallel1.71.0
  libboost-graph1.71-dev libboost-graph1.71.0 libboost-iostreams-dev
  libboost-iostreams1.71-dev libboost-iostreams1.71.0 libboost-locale-dev
  libboost-locale1.71-dev libboost-locale1.71.0 libboost-log-dev
  libboost-log1.71-dev libboost-log1.71.0 libboost-math-dev
  libboost-math1.71-dev libboost-math1.71.0 libboost-mpi-dev
  libboost-mpi-python-dev libboost-mpi-python1.71-dev
  libboost-mpi-python1.71.0 libboost-mpi1.71-dev libboost-mpi1.71.0
  libboost-numpy-dev libboost-numpy1.71-dev libboost-numpy1.71.0
  libboost-program-options-dev libboost-program-options1.71-dev
  libboost-program-options1.71.0 libboost-python-dev libboost-python1.71-dev
  libboost-python1.71.0 libboost-random-dev libboost-random1.71-dev
  libboost-random1.71.0 libboost-regex-dev libboost-regex1.71-dev
  libboost-regex1.71.0 libboost-serialization-dev
  libboost-serialization1.71-dev libboost-serialization1.71.0
  libboost-stacktrace-dev libboost-stacktrace1.71-dev
  libboost-stacktrace1.71.0 libboost-system-dev libboost-system1.71-dev
  libboost-system1.71.0 libboost-test-dev libboost-test1.71-dev
  libboost-test1.71.0 libboost-thread-dev libboost-thread1.71-dev
  libboost-thread1.71.0 libboost-timer-dev libboost-timer1.71-dev
  libboost-timer1.71.0 libboost-tools-dev libboost-type-erasure-dev
  libboost-type-erasure1.71-dev libboost-type-erasure1.71.0 libboost-wave-dev
  libboost-wave1.71-dev libboost-wave1.71.0 libboost1.71-dev
  libboost1.71-tools-dev libbrotli1 libcbor0 libcroco3 libcurl4
  libdebhelper-perl libelf1 libevent-2.1-7 libevent-core-2.1-7 libevent-dev
  libevent-extra-2.1-7 libevent-openssl-2.1-7 libevent-pthreads-2.1-7
  libexpat1 libexpat1-dev libfabric1 libfido2-1
  libfile-stripnondeterminism-perl libgfortran-9-dev libgfortran5 libglib2.0-0
  libhwloc-dev libhwloc-plugins libhwloc15 libibverbs-dev libibverbs1
  libicu-dev libicu67 libjs-jquery libjs-jquery-ui libjsoncpp1 libldap-2.4-2
  libltdl-dev libltdl7 libmagic-mgc libmagic1 libncurses6 libncursesw6
  libnghttp2-14 libnl-3-200 libnl-3-dev libnl-route-3-200 libnl-route-3-dev
  libnuma-dev libnuma1 libopenmpi-dev libopenmpi3 libpciaccess0 libpipeline1
  libpmix-dev libpmix2 libprocps8 libpsl5 libpsm-infinipath1 libpsm2-2
  libpython3-dev libpython3-stdlib libpython3.8 libpython3.8-dev
  libpython3.8-minimal libpython3.8-stdlib librdmacm1 libreadline8 librhash0
  librtmp1 libsasl2-2 libsasl2-modules-db libsigsegv2 libsqlite3-0 libssh2-1
  libsub-override-perl libtool libuchardet0 libucx0 libuv1 libx11-6
  libx11-data libxau6 libxcb1 libxdmcp6 libxext6 libxml2 libxnvctrl0 m4 man-db
  mime-support mpi-default-bin mpi-default-dev node-jquery ocl-icd-libopencl1
  openmpi-bin openmpi-common openssh-client po-debconf procps python3
  python3-dev python3-distutils python3-lib2to3 python3-minimal python3.8
  python3.8-dev python3.8-minimal rapidjson-dev readline-common
  sbuild-build-depends-main-dummy sensible-utils zlib1g-dev
0 upgraded, 224 newly installed, 0 to remove and 0 not upgraded.
Need to get 126 MB of archives.
After this operation, 685 MB of additional disk space will be used.
Get:1 copy:/<<RESOLVERDIR>>/apt_archive ./ sbuild-build-depends-main-dummy 0.invalid.0 [904 B]
Get:2 http://127.0.0.1:12990/debian sid/main amd64 bsdextrautils amd64 2.36-3+b1 [140 kB]
Get:3 http://127.0.0.1:12990/debian sid/main amd64 libuchardet0 amd64 0.0.7-1 [67.8 kB]
Get:4 http://127.0.0.1:12990/debian sid/main amd64 groff-base amd64 1.22.4-5 [920 kB]
Get:5 http://127.0.0.1:12990/debian sid/main amd64 libpipeline1 amd64 1.5.3-1 [34.3 kB]
Get:6 http://127.0.0.1:12990/debian sid/main amd64 man-db amd64 2.9.3-2 [1314 kB]
Get:7 http://127.0.0.1:12990/debian sid/main amd64 libpython3.8-minimal amd64 3.8.6-1 [761 kB]
Get:8 http://127.0.0.1:12990/debian sid/main amd64 libexpat1 amd64 2.2.10-1 [96.9 kB]
Get:9 http://127.0.0.1:12990/debian sid/main amd64 python3.8-minimal amd64 3.8.6-1 [1863 kB]
Get:10 http://127.0.0.1:12990/debian sid/main amd64 python3-minimal amd64 3.8.6-1 [37.7 kB]
Get:11 http://127.0.0.1:12990/debian sid/main amd64 mime-support all 3.64 [37.8 kB]
Get:12 http://127.0.0.1:12990/debian sid/main amd64 libncursesw6 amd64 6.2+20200918-1 [132 kB]
Get:13 http://127.0.0.1:12990/debian sid/main amd64 readline-common all 8.0-4 [72.5 kB]
Get:14 http://127.0.0.1:12990/debian sid/main amd64 libreadline8 amd64 8.0-4 [160 kB]
Get:15 http://127.0.0.1:12990/debian sid/main amd64 libsqlite3-0 amd64 3.33.0-1 [790 kB]
Get:16 http://127.0.0.1:12990/debian sid/main amd64 libpython3.8-stdlib amd64 3.8.6-1 [1720 kB]
Get:17 http://127.0.0.1:12990/debian sid/main amd64 python3.8 amd64 3.8.6-1 [422 kB]
Get:18 http://127.0.0.1:12990/debian sid/main amd64 libpython3-stdlib amd64 3.8.6-1 [20.9 kB]
Get:19 http://127.0.0.1:12990/debian sid/main amd64 python3 amd64 3.8.6-1 [64.0 kB]
Get:20 http://127.0.0.1:12990/debian sid/main amd64 libncurses6 amd64 6.2+20200918-1 [102 kB]
Get:21 http://127.0.0.1:12990/debian sid/main amd64 libprocps8 amd64 2:3.3.16-5 [62.7 kB]
Get:22 http://127.0.0.1:12990/debian sid/main amd64 procps amd64 2:3.3.16-5 [262 kB]
Get:23 http://127.0.0.1:12990/debian sid/main amd64 sensible-utils all 0.0.12+nmu1 [16.0 kB]
Get:24 http://127.0.0.1:12990/debian sid/main amd64 libmagic-mgc amd64 1:5.38-5 [262 kB]
Get:25 http://127.0.0.1:12990/debian sid/main amd64 libmagic1 amd64 1:5.38-5 [120 kB]
Get:26 http://127.0.0.1:12990/debian sid/main amd64 file amd64 1:5.38-5 [67.9 kB]
Get:27 http://127.0.0.1:12990/debian sid/main amd64 gettext-base amd64 0.19.8.1-10 [123 kB]
Get:28 http://127.0.0.1:12990/debian sid/main amd64 libcbor0 amd64 0.5.0+dfsg-2 [24.0 kB]
Get:29 http://127.0.0.1:12990/debian sid/main amd64 libfido2-1 amd64 1.5.0-2 [52.3 kB]
Get:30 http://127.0.0.1:12990/debian sid/main amd64 openssh-client amd64 1:8.4p1-2 [928 kB]
Get:31 http://127.0.0.1:12990/debian sid/main amd64 libsigsegv2 amd64 2.12-2 [32.8 kB]
Get:32 http://127.0.0.1:12990/debian sid/main amd64 m4 amd64 1.4.18-4 [203 kB]
Get:33 http://127.0.0.1:12990/debian sid/main amd64 autoconf all 2.69-11.1 [341 kB]
Get:34 http://127.0.0.1:12990/debian sid/main amd64 autotools-dev all 20180224.1 [77.0 kB]
Get:35 http://127.0.0.1:12990/debian sid/main amd64 automake all 1:1.16.2-4 [801 kB]
Get:36 http://127.0.0.1:12990/debian sid/main amd64 autopoint all 0.19.8.1-10 [435 kB]
Get:37 http://127.0.0.1:12990/debian sid/main amd64 cmake-data all 3.18.4-1 [1725 kB]
Get:38 http://127.0.0.1:12990/debian sid/main amd64 libicu67 amd64 67.1-4 [8624 kB]
Get:39 http://127.0.0.1:12990/debian sid/main amd64 libxml2 amd64 2.9.10+dfsg-6.1 [692 kB]
Get:40 http://127.0.0.1:12990/debian sid/main amd64 libarchive13 amd64 3.4.3-2 [342 kB]
Get:41 http://127.0.0.1:12990/debian sid/main amd64 libbrotli1 amd64 1.0.9-2+b1 [282 kB]
Get:42 http://127.0.0.1:12990/debian sid/main amd64 libsasl2-modules-db amd64 2.1.27+dfsg-2 [69.0 kB]
Get:43 http://127.0.0.1:12990/debian sid/main amd64 libsasl2-2 amd64 2.1.27+dfsg-2 [106 kB]
Get:44 http://127.0.0.1:12990/debian sid/main amd64 libldap-2.4-2 amd64 2.4.54+dfsg-1 [231 kB]
Get:45 http://127.0.0.1:12990/debian sid/main amd64 libnghttp2-14 amd64 1.41.0-3 [74.0 kB]
Get:46 http://127.0.0.1:12990/debian sid/main amd64 libpsl5 amd64 0.21.0-1.1 [55.3 kB]
Get:47 http://127.0.0.1:12990/debian sid/main amd64 librtmp1 amd64 2.4+20151223.gitfa8646d.1-2+b2 [60.8 kB]
Get:48 http://127.0.0.1:12990/debian sid/main amd64 libssh2-1 amd64 1.8.0-2.1 [140 kB]
Get:49 http://127.0.0.1:12990/debian sid/main amd64 libcurl4 amd64 7.72.0-1 [336 kB]
Get:50 http://127.0.0.1:12990/debian sid/main amd64 libjsoncpp1 amd64 1.7.4-3.1 [77.6 kB]
Get:51 http://127.0.0.1:12990/debian sid/main amd64 librhash0 amd64 1.4.0-1 [124 kB]
Get:52 http://127.0.0.1:12990/debian sid/main amd64 libuv1 amd64 1.39.0-1 [131 kB]
Get:53 http://127.0.0.1:12990/debian sid/main amd64 cmake amd64 3.18.4-1 [5599 kB]
Get:54 http://127.0.0.1:12990/debian sid/main amd64 cpp-9 amd64 9.3.0-18 [9712 kB]
Get:55 http://127.0.0.1:12990/debian sid/main amd64 gcc-9 amd64 9.3.0-18 [10.0 MB]
Get:56 http://127.0.0.1:12990/debian sid/main amd64 libtool all 2.4.6-14 [513 kB]
Get:57 http://127.0.0.1:12990/debian sid/main amd64 dh-autoreconf all 19 [16.9 kB]
Get:58 http://127.0.0.1:12990/debian sid/main amd64 libdebhelper-perl all 13.2.1 [188 kB]
Get:59 http://127.0.0.1:12990/debian sid/main amd64 libarchive-zip-perl all 1.68-1 [104 kB]
Get:60 http://127.0.0.1:12990/debian sid/main amd64 libsub-override-perl all 0.09-2 [10.2 kB]
Get:61 http://127.0.0.1:12990/debian sid/main amd64 libfile-stripnondeterminism-perl all 1.9.0-1 [25.5 kB]
Get:62 http://127.0.0.1:12990/debian sid/main amd64 dh-strip-nondeterminism all 1.9.0-1 [15.2 kB]
Get:63 http://127.0.0.1:12990/debian sid/main amd64 libelf1 amd64 0.181-1 [164 kB]
Get:64 http://127.0.0.1:12990/debian sid/main amd64 dwz amd64 0.13-5 [151 kB]
Get:65 http://127.0.0.1:12990/debian sid/main amd64 libglib2.0-0 amd64 2.66.1-2 [1362 kB]
Get:66 http://127.0.0.1:12990/debian sid/main amd64 libcroco3 amd64 0.6.13-1 [146 kB]
Get:67 http://127.0.0.1:12990/debian sid/main amd64 gettext amd64 0.19.8.1-10 [1303 kB]
Get:68 http://127.0.0.1:12990/debian sid/main amd64 intltool-debian all 0.35.0+20060710.5 [26.8 kB]
Get:69 http://127.0.0.1:12990/debian sid/main amd64 po-debconf all 1.0.21 [248 kB]
Get:70 http://127.0.0.1:12990/debian sid/main amd64 debhelper all 13.2.1 [1007 kB]
Get:71 http://127.0.0.1:12990/debian sid/main amd64 libgfortran5 amd64 10.2.0-15 [728 kB]
Get:72 http://127.0.0.1:12990/debian sid/main amd64 libgfortran-9-dev amd64 9.3.0-18 [675 kB]
Get:73 http://127.0.0.1:12990/debian sid/main amd64 gfortran-9 amd64 9.3.0-18 [10.4 MB]
Get:74 http://127.0.0.1:12990/debian sid/main amd64 libnl-3-200 amd64 3.4.0-1+b1 [63.6 kB]
Get:75 http://127.0.0.1:12990/debian sid/main amd64 libnl-route-3-200 amd64 3.4.0-1+b1 [161 kB]
Get:76 http://127.0.0.1:12990/debian sid/main amd64 libibverbs1 amd64 31.0-1 [57.2 kB]
Get:77 http://127.0.0.1:12990/debian sid/main amd64 ibverbs-providers amd64 31.0-1 [239 kB]
Get:78 http://127.0.0.1:12990/debian sid/main amd64 icu-devtools amd64 67.1-4 [201 kB]
Get:79 http://127.0.0.1:12990/debian sid/main amd64 libboost1.71-dev amd64 1.71.0-7+b1 [9100 kB]
Get:80 http://127.0.0.1:12990/debian sid/main amd64 libboost-dev amd64 1.71.0.3 [4340 B]
Get:81 http://127.0.0.1:12990/debian sid/main amd64 libboost1.71-tools-dev amd64 1.71.0-7+b1 [1445 kB]
Get:82 http://127.0.0.1:12990/debian sid/main amd64 libboost-tools-dev amd64 1.71.0.3 [4300 B]
Get:83 http://127.0.0.1:12990/debian sid/main amd64 libboost-atomic1.71.0 amd64 1.71.0-7+b1 [233 kB]
Get:84 http://127.0.0.1:12990/debian sid/main amd64 libboost-atomic1.71-dev amd64 1.71.0-7+b1 [234 kB]
Get:85 http://127.0.0.1:12990/debian sid/main amd64 libboost-atomic-dev amd64 1.71.0.3 [4436 B]
Get:86 http://127.0.0.1:12990/debian sid/main amd64 libboost-chrono1.71.0 amd64 1.71.0-7+b1 [245 kB]
Get:87 http://127.0.0.1:12990/debian sid/main amd64 libboost-chrono1.71-dev amd64 1.71.0-7+b1 [254 kB]
Get:88 http://127.0.0.1:12990/debian sid/main amd64 libboost-chrono-dev amd64 1.71.0.3 [4752 B]
Get:89 http://127.0.0.1:12990/debian sid/main amd64 libboost-container1.71.0 amd64 1.71.0-7+b1 [261 kB]
Get:90 http://127.0.0.1:12990/debian sid/main amd64 libboost-container1.71-dev amd64 1.71.0-7+b1 [265 kB]
Get:91 http://127.0.0.1:12990/debian sid/main amd64 libboost-container-dev amd64 1.71.0.3 [4604 B]
Get:92 http://127.0.0.1:12990/debian sid/main amd64 libboost-date-time1.71.0 amd64 1.71.0-7+b1 [246 kB]
Get:93 http://127.0.0.1:12990/debian sid/main amd64 libboost-serialization1.71.0 amd64 1.71.0-7+b1 [332 kB]
Get:94 http://127.0.0.1:12990/debian sid/main amd64 libboost-serialization1.71-dev amd64 1.71.0-7+b1 [374 kB]
Get:95 http://127.0.0.1:12990/debian sid/main amd64 libboost-date-time1.71-dev amd64 1.71.0-7+b1 [258 kB]
Get:96 http://127.0.0.1:12990/debian sid/main amd64 libboost-system1.71.0 amd64 1.71.0-7+b1 [233 kB]
Get:97 http://127.0.0.1:12990/debian sid/main amd64 libboost-system1.71-dev amd64 1.71.0-7+b1 [234 kB]
Get:98 http://127.0.0.1:12990/debian sid/main amd64 libboost-thread1.71.0 amd64 1.71.0-7+b1 [274 kB]
Get:99 http://127.0.0.1:12990/debian sid/main amd64 libboost-thread1.71-dev amd64 1.71.0-7+b1 [287 kB]
Get:100 http://127.0.0.1:12990/debian sid/main amd64 libboost-context1.71.0 amd64 1.71.0-7+b1 [235 kB]
Get:101 http://127.0.0.1:12990/debian sid/main amd64 libboost-context1.71-dev amd64 1.71.0-7+b1 [237 kB]
Get:102 http://127.0.0.1:12990/debian sid/main amd64 libboost-context-dev amd64 1.71.0.3 [4328 B]
Get:103 http://127.0.0.1:12990/debian sid/main amd64 libboost-coroutine1.71.0 amd64 1.71.0-7+b1 [248 kB]
Get:104 http://127.0.0.1:12990/debian sid/main amd64 libboost-coroutine1.71-dev amd64 1.71.0-7+b1 [256 kB]
Get:105 http://127.0.0.1:12990/debian sid/main amd64 libboost-coroutine-dev amd64 1.71.0.3 [4400 B]
Get:106 http://127.0.0.1:12990/debian sid/main amd64 libboost-date-time-dev amd64 1.71.0.3 [4120 B]
Get:107 http://127.0.0.1:12990/debian sid/main amd64 libboost-exception1.71-dev amd64 1.71.0-7+b1 [232 kB]
Get:108 http://127.0.0.1:12990/debian sid/main amd64 libboost-exception-dev amd64 1.71.0.3 [4112 B]
Get:109 http://127.0.0.1:12990/debian sid/main amd64 libboost-filesystem1.71.0 amd64 1.71.0-7+b1 [270 kB]
Get:110 http://127.0.0.1:12990/debian sid/main amd64 libboost-filesystem1.71-dev amd64 1.71.0-7+b1 [287 kB]
Get:111 http://127.0.0.1:12990/debian sid/main amd64 libboost-fiber1.71.0 amd64 1.71.0-7+b1 [256 kB]
Get:112 http://127.0.0.1:12990/debian sid/main amd64 libboost-fiber1.71-dev amd64 1.71.0-7+b1 [266 kB]
Get:113 http://127.0.0.1:12990/debian sid/main amd64 libboost-fiber-dev amd64 1.71.0.3 [4556 B]
Get:114 http://127.0.0.1:12990/debian sid/main amd64 libboost-filesystem-dev amd64 1.71.0.3 [4160 B]
Get:115 http://127.0.0.1:12990/debian sid/main amd64 libboost-regex1.71.0 amd64 1.71.0-7+b1 [510 kB]
Get:116 http://127.0.0.1:12990/debian sid/main amd64 libboost-graph1.71.0 amd64 1.71.0-7+b1 [324 kB]
Get:117 http://127.0.0.1:12990/debian sid/main amd64 libicu-dev amd64 67.1-4 [9593 kB]
Get:118 http://127.0.0.1:12990/debian sid/main amd64 libboost-regex1.71-dev amd64 1.71.0-7+b1 [598 kB]
Get:119 http://127.0.0.1:12990/debian sid/main amd64 libboost-test1.71.0 amd64 1.71.0-7+b1 [466 kB]
Get:120 http://127.0.0.1:12990/debian sid/main amd64 libboost-test1.71-dev amd64 1.71.0-7+b1 [545 kB]
Get:121 http://127.0.0.1:12990/debian sid/main amd64 libboost-graph1.71-dev amd64 1.71.0-7+b1 [347 kB]
Get:122 http://127.0.0.1:12990/debian sid/main amd64 libboost-graph-dev amd64 1.71.0.3 [4228 B]
Get:123 http://127.0.0.1:12990/debian sid/main amd64 libevent-core-2.1-7 amd64 2.1.12-stable-1 [139 kB]
Get:124 http://127.0.0.1:12990/debian sid/main amd64 libevent-pthreads-2.1-7 amd64 2.1.12-stable-1 [57.1 kB]
Get:125 http://127.0.0.1:12990/debian sid/main amd64 libpsm-infinipath1 amd64 3.3+20.604758e7-6+b1 [169 kB]
Get:126 http://127.0.0.1:12990/debian sid/main amd64 libnuma1 amd64 2.0.12-1+b1 [26.3 kB]
Get:127 http://127.0.0.1:12990/debian sid/main amd64 libpsm2-2 amd64 11.2.185-1 [181 kB]
Get:128 http://127.0.0.1:12990/debian sid/main amd64 librdmacm1 amd64 31.0-1 [68.1 kB]
Get:129 http://127.0.0.1:12990/debian sid/main amd64 libfabric1 amd64 1.11.0-2 [521 kB]
Get:130 http://127.0.0.1:12990/debian sid/main amd64 libhwloc15 amd64 2.3.0+dfsg-2 [145 kB]
Get:131 http://127.0.0.1:12990/debian sid/main amd64 libpciaccess0 amd64 0.16-1 [53.6 kB]
Get:132 http://127.0.0.1:12990/debian sid/main amd64 libxau6 amd64 1:1.0.8-1+b2 [19.9 kB]
Get:133 http://127.0.0.1:12990/debian sid/main amd64 libxdmcp6 amd64 1:1.1.2-3 [26.3 kB]
Get:134 http://127.0.0.1:12990/debian sid/main amd64 libxcb1 amd64 1.14-2 [139 kB]
Get:135 http://127.0.0.1:12990/debian sid/main amd64 libx11-data all 2:1.6.12-1 [311 kB]
Get:136 http://127.0.0.1:12990/debian sid/main amd64 libx11-6 amd64 2:1.6.12-1 [770 kB]
Get:137 http://127.0.0.1:12990/debian sid/main amd64 libxext6 amd64 2:1.3.3-1+b2 [52.5 kB]
Get:138 http://127.0.0.1:12990/debian sid/main amd64 libxnvctrl0 amd64 450.66-1 [26.5 kB]
Get:139 http://127.0.0.1:12990/debian sid/main amd64 ocl-icd-libopencl1 amd64 2.2.12-4 [37.8 kB]
Get:140 http://127.0.0.1:12990/debian sid/main amd64 libhwloc-plugins amd64 2.3.0+dfsg-2 [20.9 kB]
Get:141 http://127.0.0.1:12990/debian sid/main amd64 libpmix2 amd64 3.2.0-1 [448 kB]
Get:142 http://127.0.0.1:12990/debian sid/main amd64 libucx0 amd64 1.9.0~rc1-2 [660 kB]
Get:143 http://127.0.0.1:12990/debian sid/main amd64 libopenmpi3 amd64 4.0.5-7 [2166 kB]
Get:144 http://127.0.0.1:12990/debian sid/main amd64 libboost-mpi1.71.0 amd64 1.71.0-7+b1 [286 kB]
Get:145 http://127.0.0.1:12990/debian sid/main amd64 libboost-graph-parallel1.71.0 amd64 1.71.0-7+b1 [297 kB]
Get:146 http://127.0.0.1:12990/debian sid/main amd64 libboost-graph-parallel1.71-dev amd64 1.71.0-7+b1 [302 kB]
Get:147 http://127.0.0.1:12990/debian sid/main amd64 libboost-graph-parallel-dev amd64 1.71.0.3 [4248 B]
Get:148 http://127.0.0.1:12990/debian sid/main amd64 libboost-iostreams1.71.0 amd64 1.71.0-7+b1 [263 kB]
Get:149 http://127.0.0.1:12990/debian sid/main amd64 libboost-iostreams1.71-dev amd64 1.71.0-7+b1 [276 kB]
Get:150 http://127.0.0.1:12990/debian sid/main amd64 libboost-iostreams-dev amd64 1.71.0.3 [4112 B]
Get:151 http://127.0.0.1:12990/debian sid/main amd64 libboost-locale1.71.0 amd64 1.71.0-7+b1 [466 kB]
Get:152 http://127.0.0.1:12990/debian sid/main amd64 libboost-locale1.71-dev amd64 1.71.0-7+b1 [576 kB]
Get:153 http://127.0.0.1:12990/debian sid/main amd64 libboost-locale-dev amd64 1.71.0.3 [4452 B]
Get:154 http://127.0.0.1:12990/debian sid/main amd64 libboost-log1.71.0 amd64 1.71.0-7+b1 [634 kB]
Get:155 http://127.0.0.1:12990/debian sid/main amd64 libboost-log1.71-dev amd64 1.71.0-7+b1 [868 kB]
Get:156 http://127.0.0.1:12990/debian sid/main amd64 libboost-log-dev amd64 1.71.0.3 [4332 B]
Get:157 http://127.0.0.1:12990/debian sid/main amd64 libboost-math1.71.0 amd64 1.71.0-7+b1 [553 kB]
Get:158 http://127.0.0.1:12990/debian sid/main amd64 libboost-math1.71-dev amd64 1.71.0-7+b1 [759 kB]
Get:159 http://127.0.0.1:12990/debian sid/main amd64 libboost-math-dev amd64 1.71.0.3 [4324 B]
Get:160 http://127.0.0.1:12990/debian sid/main amd64 openmpi-common all 4.0.5-7 [73.7 kB]
Get:161 http://127.0.0.1:12990/debian sid/main amd64 libnl-3-dev amd64 3.4.0-1+b1 [102 kB]
Get:162 http://127.0.0.1:12990/debian sid/main amd64 libnl-route-3-dev amd64 3.4.0-1+b1 [176 kB]
Get:163 http://127.0.0.1:12990/debian sid/main amd64 libibverbs-dev amd64 31.0-1 [534 kB]
Get:164 http://127.0.0.1:12990/debian sid/main amd64 libnuma-dev amd64 2.0.12-1+b1 [39.3 kB]
Get:165 http://127.0.0.1:12990/debian sid/main amd64 libltdl7 amd64 2.4.6-14 [390 kB]
Get:166 http://127.0.0.1:12990/debian sid/main amd64 libltdl-dev amd64 2.4.6-14 [162 kB]
Get:167 http://127.0.0.1:12990/debian sid/main amd64 libhwloc-dev amd64 2.3.0+dfsg-2 [223 kB]
Get:168 http://127.0.0.1:12990/debian sid/main amd64 libevent-2.1-7 amd64 2.1.12-stable-1 [188 kB]
Get:169 http://127.0.0.1:12990/debian sid/main amd64 libevent-extra-2.1-7 amd64 2.1.12-stable-1 [110 kB]
Get:170 http://127.0.0.1:12990/debian sid/main amd64 libevent-openssl-2.1-7 amd64 2.1.12-stable-1 [64.1 kB]
Get:171 http://127.0.0.1:12990/debian sid/main amd64 libevent-dev amd64 2.1.12-stable-1 [311 kB]
Get:172 http://127.0.0.1:12990/debian sid/main amd64 node-jquery all 3.5.1+dfsg-4 [309 kB]
Get:173 http://127.0.0.1:12990/debian sid/main amd64 libjs-jquery all 3.5.1+dfsg-4 [3612 B]
Get:174 http://127.0.0.1:12990/debian sid/main amd64 libjs-jquery-ui all 1.12.1+dfsg-7 [232 kB]
Get:175 http://127.0.0.1:12990/debian sid/main amd64 libpmix-dev amd64 3.2.0-1 [552 kB]
Get:176 http://127.0.0.1:12990/debian sid/main amd64 zlib1g-dev amd64 1:1.2.11.dfsg-2 [190 kB]
Get:177 http://127.0.0.1:12990/debian sid/main amd64 openmpi-bin amd64 4.0.5-7 [127 kB]
Get:178 http://127.0.0.1:12990/debian sid/main amd64 libopenmpi-dev amd64 4.0.5-7 [1090 kB]
Get:179 http://127.0.0.1:12990/debian sid/main amd64 mpi-default-dev amd64 1.13 [5476 B]
Get:180 http://127.0.0.1:12990/debian sid/main amd64 libboost-mpi1.71-dev amd64 1.71.0-7+b1 [412 kB]
Get:181 http://127.0.0.1:12990/debian sid/main amd64 libboost-mpi-dev amd64 1.71.0.3 [4212 B]
Get:182 http://127.0.0.1:12990/debian sid/main amd64 libboost-python1.71.0 amd64 1.71.0-7+b1 [314 kB]
Get:183 http://127.0.0.1:12990/debian sid/main amd64 mpi-default-bin amd64 1.13 [4672 B]
Get:184 http://127.0.0.1:12990/debian sid/main amd64 libboost-mpi-python1.71.0 amd64 1.71.0-7+b1 [376 kB]
Get:185 http://127.0.0.1:12990/debian sid/main amd64 libboost-mpi-python1.71-dev amd64 1.71.0-7+b1 [254 kB]
Get:186 http://127.0.0.1:12990/debian sid/main amd64 libboost-mpi-python-dev amd64 1.71.0.3 [4248 B]
Get:187 http://127.0.0.1:12990/debian sid/main amd64 libboost-numpy1.71.0 amd64 1.71.0-7+b1 [244 kB]
Get:188 http://127.0.0.1:12990/debian sid/main amd64 libboost-numpy1.71-dev amd64 1.71.0-7+b1 [248 kB]
Get:189 http://127.0.0.1:12990/debian sid/main amd64 libboost-numpy-dev amd64 1.71.0.3 [4164 B]
Get:190 http://127.0.0.1:12990/debian sid/main amd64 libboost-program-options1.71.0 amd64 1.71.0-7+b1 [364 kB]
Get:191 http://127.0.0.1:12990/debian sid/main amd64 libboost-program-options1.71-dev amd64 1.71.0-7+b1 [403 kB]
Get:192 http://127.0.0.1:12990/debian sid/main amd64 libboost-program-options-dev amd64 1.71.0.3 [4132 B]
Get:193 http://127.0.0.1:12990/debian sid/main amd64 libpython3.8 amd64 3.8.6-1 [1608 kB]
Get:194 http://127.0.0.1:12990/debian sid/main amd64 libexpat1-dev amd64 2.2.10-1 [140 kB]
Get:195 http://127.0.0.1:12990/debian sid/main amd64 libpython3.8-dev amd64 3.8.6-1 [3840 kB]
Get:196 http://127.0.0.1:12990/debian sid/main amd64 libpython3-dev amd64 3.8.6-1 [21.1 kB]
Get:197 http://127.0.0.1:12990/debian sid/main amd64 python3.8-dev amd64 3.8.6-1 [515 kB]
Get:198 http://127.0.0.1:12990/debian sid/main amd64 python3-lib2to3 all 3.8.6-1 [78.4 kB]
Get:199 http://127.0.0.1:12990/debian sid/main amd64 python3-distutils all 3.8.6-1 [145 kB]
Get:200 http://127.0.0.1:12990/debian sid/main amd64 python3-dev amd64 3.8.6-1 [1164 B]
Get:201 http://127.0.0.1:12990/debian sid/main amd64 libboost-python1.71-dev amd64 1.71.0-7+b1 [331 kB]
Get:202 http://127.0.0.1:12990/debian sid/main amd64 libboost-python-dev amd64 1.71.0.3 [4428 B]
Get:203 http://127.0.0.1:12990/debian sid/main amd64 libboost-random1.71.0 amd64 1.71.0-7+b1 [243 kB]
Get:204 http://127.0.0.1:12990/debian sid/main amd64 libboost-random1.71-dev amd64 1.71.0-7+b1 [247 kB]
Get:205 http://127.0.0.1:12990/debian sid/main amd64 libboost-random-dev amd64 1.71.0.3 [4124 B]
Get:206 http://127.0.0.1:12990/debian sid/main amd64 libboost-regex-dev amd64 1.71.0.3 [4392 B]
Get:207 http://127.0.0.1:12990/debian sid/main amd64 libboost-serialization-dev amd64 1.71.0.3 [4348 B]
Get:208 http://127.0.0.1:12990/debian sid/main amd64 libboost-stacktrace1.71.0 amd64 1.71.0-7+b1 [270 kB]
Get:209 http://127.0.0.1:12990/debian sid/main amd64 libboost-stacktrace1.71-dev amd64 1.71.0-7+b1 [246 kB]
Get:210 http://127.0.0.1:12990/debian sid/main amd64 libboost-stacktrace-dev amd64 1.71.0.3 [4120 B]
Get:211 http://127.0.0.1:12990/debian sid/main amd64 libboost-system-dev amd64 1.71.0.3 [4264 B]
Get:212 http://127.0.0.1:12990/debian sid/main amd64 libboost-test-dev amd64 1.71.0.3 [4160 B]
Get:213 http://127.0.0.1:12990/debian sid/main amd64 libboost-thread-dev amd64 1.71.0.3 [4156 B]
Get:214 http://127.0.0.1:12990/debian sid/main amd64 libboost-timer1.71.0 amd64 1.71.0-7+b1 [242 kB]
Get:215 http://127.0.0.1:12990/debian sid/main amd64 libboost-timer1.71-dev amd64 1.71.0-7+b1 [245 kB]
Get:216 http://127.0.0.1:12990/debian sid/main amd64 libboost-timer-dev amd64 1.71.0.3 [4248 B]
Get:217 http://127.0.0.1:12990/debian sid/main amd64 libboost-type-erasure1.71.0 amd64 1.71.0-7+b1 [251 kB]
Get:218 http://127.0.0.1:12990/debian sid/main amd64 libboost-type-erasure1.71-dev amd64 1.71.0-7+b1 [255 kB]
Get:219 http://127.0.0.1:12990/debian sid/main amd64 libboost-type-erasure-dev amd64 1.71.0.3 [4216 B]
Get:220 http://127.0.0.1:12990/debian sid/main amd64 libboost-wave1.71.0 amd64 1.71.0-7+b1 [412 kB]
Get:221 http://127.0.0.1:12990/debian sid/main amd64 libboost-wave1.71-dev amd64 1.71.0-7+b1 [474 kB]
Get:222 http://127.0.0.1:12990/debian sid/main amd64 libboost-wave-dev amd64 1.71.0.3 [4156 B]
Get:223 http://127.0.0.1:12990/debian sid/main amd64 libboost-all-dev amd64 1.71.0.3 [4468 B]
Get:224 http://127.0.0.1:12990/debian sid/main amd64 rapidjson-dev all 1.1.0+dfsg2-6 [98.7 kB]
debconf: delaying package configuration, since apt-utils is not installed
Fetched 126 MB in 1s (131 MB/s)
Selecting previously unselected package bsdextrautils.
(Reading database ... 14056 files and directories currently installed.)
Preparing to unpack .../0-bsdextrautils_2.36-3+b1_amd64.deb ...
Unpacking bsdextrautils (2.36-3+b1) ...
Selecting previously unselected package libuchardet0:amd64.
Preparing to unpack .../1-libuchardet0_0.0.7-1_amd64.deb ...
Unpacking libuchardet0:amd64 (0.0.7-1) ...
Selecting previously unselected package groff-base.
Preparing to unpack .../2-groff-base_1.22.4-5_amd64.deb ...
Unpacking groff-base (1.22.4-5) ...
Selecting previously unselected package libpipeline1:amd64.
Preparing to unpack .../3-libpipeline1_1.5.3-1_amd64.deb ...
Unpacking libpipeline1:amd64 (1.5.3-1) ...
Selecting previously unselected package man-db.
Preparing to unpack .../4-man-db_2.9.3-2_amd64.deb ...
Unpacking man-db (2.9.3-2) ...
Selecting previously unselected package libpython3.8-minimal:amd64.
Preparing to unpack .../5-libpython3.8-minimal_3.8.6-1_amd64.deb ...
Unpacking libpython3.8-minimal:amd64 (3.8.6-1) ...
Selecting previously unselected package libexpat1:amd64.
Preparing to unpack .../6-libexpat1_2.2.10-1_amd64.deb ...
Unpacking libexpat1:amd64 (2.2.10-1) ...
Selecting previously unselected package python3.8-minimal.
Preparing to unpack .../7-python3.8-minimal_3.8.6-1_amd64.deb ...
Unpacking python3.8-minimal (3.8.6-1) ...
Setting up libpython3.8-minimal:amd64 (3.8.6-1) ...
Setting up libexpat1:amd64 (2.2.10-1) ...
Setting up python3.8-minimal (3.8.6-1) ...
Selecting previously unselected package python3-minimal.
(Reading database ... 14903 files and directories currently installed.)
Preparing to unpack .../0-python3-minimal_3.8.6-1_amd64.deb ...
Unpacking python3-minimal (3.8.6-1) ...
Selecting previously unselected package mime-support.
Preparing to unpack .../1-mime-support_3.64_all.deb ...
Unpacking mime-support (3.64) ...
Selecting previously unselected package libncursesw6:amd64.
Preparing to unpack .../2-libncursesw6_6.2+20200918-1_amd64.deb ...
Unpacking libncursesw6:amd64 (6.2+20200918-1) ...
Selecting previously unselected package readline-common.
Preparing to unpack .../3-readline-common_8.0-4_all.deb ...
Unpacking readline-common (8.0-4) ...
Selecting previously unselected package libreadline8:amd64.
Preparing to unpack .../4-libreadline8_8.0-4_amd64.deb ...
Unpacking libreadline8:amd64 (8.0-4) ...
Selecting previously unselected package libsqlite3-0:amd64.
Preparing to unpack .../5-libsqlite3-0_3.33.0-1_amd64.deb ...
Unpacking libsqlite3-0:amd64 (3.33.0-1) ...
Selecting previously unselected package libpython3.8-stdlib:amd64.
Preparing to unpack .../6-libpython3.8-stdlib_3.8.6-1_amd64.deb ...
Unpacking libpython3.8-stdlib:amd64 (3.8.6-1) ...
Selecting previously unselected package python3.8.
Preparing to unpack .../7-python3.8_3.8.6-1_amd64.deb ...
Unpacking python3.8 (3.8.6-1) ...
Selecting previously unselected package libpython3-stdlib:amd64.
Preparing to unpack .../8-libpython3-stdlib_3.8.6-1_amd64.deb ...
Unpacking libpython3-stdlib:amd64 (3.8.6-1) ...
Setting up python3-minimal (3.8.6-1) ...
Selecting previously unselected package python3.
(Reading database ... 15340 files and directories currently installed.)
Preparing to unpack .../000-python3_3.8.6-1_amd64.deb ...
Unpacking python3 (3.8.6-1) ...
Selecting previously unselected package libncurses6:amd64.
Preparing to unpack .../001-libncurses6_6.2+20200918-1_amd64.deb ...
Unpacking libncurses6:amd64 (6.2+20200918-1) ...
Selecting previously unselected package libprocps8:amd64.
Preparing to unpack .../002-libprocps8_2%3a3.3.16-5_amd64.deb ...
Unpacking libprocps8:amd64 (2:3.3.16-5) ...
Selecting previously unselected package procps.
Preparing to unpack .../003-procps_2%3a3.3.16-5_amd64.deb ...
Unpacking procps (2:3.3.16-5) ...
Selecting previously unselected package sensible-utils.
Preparing to unpack .../004-sensible-utils_0.0.12+nmu1_all.deb ...
Unpacking sensible-utils (0.0.12+nmu1) ...
Selecting previously unselected package libmagic-mgc.
Preparing to unpack .../005-libmagic-mgc_1%3a5.38-5_amd64.deb ...
Unpacking libmagic-mgc (1:5.38-5) ...
Selecting previously unselected package libmagic1:amd64.
Preparing to unpack .../006-libmagic1_1%3a5.38-5_amd64.deb ...
Unpacking libmagic1:amd64 (1:5.38-5) ...
Selecting previously unselected package file.
Preparing to unpack .../007-file_1%3a5.38-5_amd64.deb ...
Unpacking file (1:5.38-5) ...
Selecting previously unselected package gettext-base.
Preparing to unpack .../008-gettext-base_0.19.8.1-10_amd64.deb ...
Unpacking gettext-base (0.19.8.1-10) ...
Selecting previously unselected package libcbor0:amd64.
Preparing to unpack .../009-libcbor0_0.5.0+dfsg-2_amd64.deb ...
Unpacking libcbor0:amd64 (0.5.0+dfsg-2) ...
Selecting previously unselected package libfido2-1:amd64.
Preparing to unpack .../010-libfido2-1_1.5.0-2_amd64.deb ...
Unpacking libfido2-1:amd64 (1.5.0-2) ...
Selecting previously unselected package openssh-client.
Preparing to unpack .../011-openssh-client_1%3a8.4p1-2_amd64.deb ...
Unpacking openssh-client (1:8.4p1-2) ...
Selecting previously unselected package libsigsegv2:amd64.
Preparing to unpack .../012-libsigsegv2_2.12-2_amd64.deb ...
Unpacking libsigsegv2:amd64 (2.12-2) ...
Selecting previously unselected package m4.
Preparing to unpack .../013-m4_1.4.18-4_amd64.deb ...
Unpacking m4 (1.4.18-4) ...
Selecting previously unselected package autoconf.
Preparing to unpack .../014-autoconf_2.69-11.1_all.deb ...
Unpacking autoconf (2.69-11.1) ...
Selecting previously unselected package autotools-dev.
Preparing to unpack .../015-autotools-dev_20180224.1_all.deb ...
Unpacking autotools-dev (20180224.1) ...
Selecting previously unselected package automake.
Preparing to unpack .../016-automake_1%3a1.16.2-4_all.deb ...
Unpacking automake (1:1.16.2-4) ...
Selecting previously unselected package autopoint.
Preparing to unpack .../017-autopoint_0.19.8.1-10_all.deb ...
Unpacking autopoint (0.19.8.1-10) ...
Selecting previously unselected package cmake-data.
Preparing to unpack .../018-cmake-data_3.18.4-1_all.deb ...
Unpacking cmake-data (3.18.4-1) ...
Selecting previously unselected package libicu67:amd64.
Preparing to unpack .../019-libicu67_67.1-4_amd64.deb ...
Unpacking libicu67:amd64 (67.1-4) ...
Selecting previously unselected package libxml2:amd64.
Preparing to unpack .../020-libxml2_2.9.10+dfsg-6.1_amd64.deb ...
Unpacking libxml2:amd64 (2.9.10+dfsg-6.1) ...
Selecting previously unselected package libarchive13:amd64.
Preparing to unpack .../021-libarchive13_3.4.3-2_amd64.deb ...
Unpacking libarchive13:amd64 (3.4.3-2) ...
Selecting previously unselected package libbrotli1:amd64.
Preparing to unpack .../022-libbrotli1_1.0.9-2+b1_amd64.deb ...
Unpacking libbrotli1:amd64 (1.0.9-2+b1) ...
Selecting previously unselected package libsasl2-modules-db:amd64.
Preparing to unpack .../023-libsasl2-modules-db_2.1.27+dfsg-2_amd64.deb ...
Unpacking libsasl2-modules-db:amd64 (2.1.27+dfsg-2) ...
Selecting previously unselected package libsasl2-2:amd64.
Preparing to unpack .../024-libsasl2-2_2.1.27+dfsg-2_amd64.deb ...
Unpacking libsasl2-2:amd64 (2.1.27+dfsg-2) ...
Selecting previously unselected package libldap-2.4-2:amd64.
Preparing to unpack .../025-libldap-2.4-2_2.4.54+dfsg-1_amd64.deb ...
Unpacking libldap-2.4-2:amd64 (2.4.54+dfsg-1) ...
Selecting previously unselected package libnghttp2-14:amd64.
Preparing to unpack .../026-libnghttp2-14_1.41.0-3_amd64.deb ...
Unpacking libnghttp2-14:amd64 (1.41.0-3) ...
Selecting previously unselected package libpsl5:amd64.
Preparing to unpack .../027-libpsl5_0.21.0-1.1_amd64.deb ...
Unpacking libpsl5:amd64 (0.21.0-1.1) ...
Selecting previously unselected package librtmp1:amd64.
Preparing to unpack .../028-librtmp1_2.4+20151223.gitfa8646d.1-2+b2_amd64.deb ...
Unpacking librtmp1:amd64 (2.4+20151223.gitfa8646d.1-2+b2) ...
Selecting previously unselected package libssh2-1:amd64.
Preparing to unpack .../029-libssh2-1_1.8.0-2.1_amd64.deb ...
Unpacking libssh2-1:amd64 (1.8.0-2.1) ...
Selecting previously unselected package libcurl4:amd64.
Preparing to unpack .../030-libcurl4_7.72.0-1_amd64.deb ...
Unpacking libcurl4:amd64 (7.72.0-1) ...
Selecting previously unselected package libjsoncpp1:amd64.
Preparing to unpack .../031-libjsoncpp1_1.7.4-3.1_amd64.deb ...
Unpacking libjsoncpp1:amd64 (1.7.4-3.1) ...
Selecting previously unselected package librhash0:amd64.
Preparing to unpack .../032-librhash0_1.4.0-1_amd64.deb ...
Unpacking librhash0:amd64 (1.4.0-1) ...
Selecting previously unselected package libuv1:amd64.
Preparing to unpack .../033-libuv1_1.39.0-1_amd64.deb ...
Unpacking libuv1:amd64 (1.39.0-1) ...
Selecting previously unselected package cmake.
Preparing to unpack .../034-cmake_3.18.4-1_amd64.deb ...
Unpacking cmake (3.18.4-1) ...
Selecting previously unselected package cpp-9.
Preparing to unpack .../035-cpp-9_9.3.0-18_amd64.deb ...
Unpacking cpp-9 (9.3.0-18) ...
Selecting previously unselected package gcc-9.
Preparing to unpack .../036-gcc-9_9.3.0-18_amd64.deb ...
Unpacking gcc-9 (9.3.0-18) ...
Selecting previously unselected package libtool.
Preparing to unpack .../037-libtool_2.4.6-14_all.deb ...
Unpacking libtool (2.4.6-14) ...
Selecting previously unselected package dh-autoreconf.
Preparing to unpack .../038-dh-autoreconf_19_all.deb ...
Unpacking dh-autoreconf (19) ...
Selecting previously unselected package libdebhelper-perl.
Preparing to unpack .../039-libdebhelper-perl_13.2.1_all.deb ...
Unpacking libdebhelper-perl (13.2.1) ...
Selecting previously unselected package libarchive-zip-perl.
Preparing to unpack .../040-libarchive-zip-perl_1.68-1_all.deb ...
Unpacking libarchive-zip-perl (1.68-1) ...
Selecting previously unselected package libsub-override-perl.
Preparing to unpack .../041-libsub-override-perl_0.09-2_all.deb ...
Unpacking libsub-override-perl (0.09-2) ...
Selecting previously unselected package libfile-stripnondeterminism-perl.
Preparing to unpack .../042-libfile-stripnondeterminism-perl_1.9.0-1_all.deb ...
Unpacking libfile-stripnondeterminism-perl (1.9.0-1) ...
Selecting previously unselected package dh-strip-nondeterminism.
Preparing to unpack .../043-dh-strip-nondeterminism_1.9.0-1_all.deb ...
Unpacking dh-strip-nondeterminism (1.9.0-1) ...
Selecting previously unselected package libelf1:amd64.
Preparing to unpack .../044-libelf1_0.181-1_amd64.deb ...
Unpacking libelf1:amd64 (0.181-1) ...
Selecting previously unselected package dwz.
Preparing to unpack .../045-dwz_0.13-5_amd64.deb ...
Unpacking dwz (0.13-5) ...
Selecting previously unselected package libglib2.0-0:amd64.
Preparing to unpack .../046-libglib2.0-0_2.66.1-2_amd64.deb ...
Unpacking libglib2.0-0:amd64 (2.66.1-2) ...
Selecting previously unselected package libcroco3:amd64.
Preparing to unpack .../047-libcroco3_0.6.13-1_amd64.deb ...
Unpacking libcroco3:amd64 (0.6.13-1) ...
Selecting previously unselected package gettext.
Preparing to unpack .../048-gettext_0.19.8.1-10_amd64.deb ...
Unpacking gettext (0.19.8.1-10) ...
Selecting previously unselected package intltool-debian.
Preparing to unpack .../049-intltool-debian_0.35.0+20060710.5_all.deb ...
Unpacking intltool-debian (0.35.0+20060710.5) ...
Selecting previously unselected package po-debconf.
Preparing to unpack .../050-po-debconf_1.0.21_all.deb ...
Unpacking po-debconf (1.0.21) ...
Selecting previously unselected package debhelper.
Preparing to unpack .../051-debhelper_13.2.1_all.deb ...
Unpacking debhelper (13.2.1) ...
Selecting previously unselected package libgfortran5:amd64.
Preparing to unpack .../052-libgfortran5_10.2.0-15_amd64.deb ...
Unpacking libgfortran5:amd64 (10.2.0-15) ...
Selecting previously unselected package libgfortran-9-dev:amd64.
Preparing to unpack .../053-libgfortran-9-dev_9.3.0-18_amd64.deb ...
Unpacking libgfortran-9-dev:amd64 (9.3.0-18) ...
Selecting previously unselected package gfortran-9.
Preparing to unpack .../054-gfortran-9_9.3.0-18_amd64.deb ...
Unpacking gfortran-9 (9.3.0-18) ...
Selecting previously unselected package libnl-3-200:amd64.
Preparing to unpack .../055-libnl-3-200_3.4.0-1+b1_amd64.deb ...
Unpacking libnl-3-200:amd64 (3.4.0-1+b1) ...
Selecting previously unselected package libnl-route-3-200:amd64.
Preparing to unpack .../056-libnl-route-3-200_3.4.0-1+b1_amd64.deb ...
Unpacking libnl-route-3-200:amd64 (3.4.0-1+b1) ...
Selecting previously unselected package libibverbs1:amd64.
Preparing to unpack .../057-libibverbs1_31.0-1_amd64.deb ...
Unpacking libibverbs1:amd64 (31.0-1) ...
Selecting previously unselected package ibverbs-providers:amd64.
Preparing to unpack .../058-ibverbs-providers_31.0-1_amd64.deb ...
Unpacking ibverbs-providers:amd64 (31.0-1) ...
Selecting previously unselected package icu-devtools.
Preparing to unpack .../059-icu-devtools_67.1-4_amd64.deb ...
Unpacking icu-devtools (67.1-4) ...
Selecting previously unselected package libboost1.71-dev:amd64.
Preparing to unpack .../060-libboost1.71-dev_1.71.0-7+b1_amd64.deb ...
Unpacking libboost1.71-dev:amd64 (1.71.0-7+b1) ...
Selecting previously unselected package libboost-dev:amd64.
Preparing to unpack .../061-libboost-dev_1.71.0.3_amd64.deb ...
Unpacking libboost-dev:amd64 (1.71.0.3) ...
Selecting previously unselected package libboost1.71-tools-dev.
Preparing to unpack .../062-libboost1.71-tools-dev_1.71.0-7+b1_amd64.deb ...
Unpacking libboost1.71-tools-dev (1.71.0-7+b1) ...
Selecting previously unselected package libboost-tools-dev.
Preparing to unpack .../063-libboost-tools-dev_1.71.0.3_amd64.deb ...
Unpacking libboost-tools-dev (1.71.0.3) ...
Selecting previously unselected package libboost-atomic1.71.0:amd64.
Preparing to unpack .../064-libboost-atomic1.71.0_1.71.0-7+b1_amd64.deb ...
Unpacking libboost-atomic1.71.0:amd64 (1.71.0-7+b1) ...
Selecting previously unselected package libboost-atomic1.71-dev:amd64.
Preparing to unpack .../065-libboost-atomic1.71-dev_1.71.0-7+b1_amd64.deb ...
Unpacking libboost-atomic1.71-dev:amd64 (1.71.0-7+b1) ...
Selecting previously unselected package libboost-atomic-dev:amd64.
Preparing to unpack .../066-libboost-atomic-dev_1.71.0.3_amd64.deb ...
Unpacking libboost-atomic-dev:amd64 (1.71.0.3) ...
Selecting previously unselected package libboost-chrono1.71.0:amd64.
Preparing to unpack .../067-libboost-chrono1.71.0_1.71.0-7+b1_amd64.deb ...
Unpacking libboost-chrono1.71.0:amd64 (1.71.0-7+b1) ...
Selecting previously unselected package libboost-chrono1.71-dev:amd64.
Preparing to unpack .../068-libboost-chrono1.71-dev_1.71.0-7+b1_amd64.deb ...
Unpacking libboost-chrono1.71-dev:amd64 (1.71.0-7+b1) ...
Selecting previously unselected package libboost-chrono-dev:amd64.
Preparing to unpack .../069-libboost-chrono-dev_1.71.0.3_amd64.deb ...
Unpacking libboost-chrono-dev:amd64 (1.71.0.3) ...
Selecting previously unselected package libboost-container1.71.0:amd64.
Preparing to unpack .../070-libboost-container1.71.0_1.71.0-7+b1_amd64.deb ...
Unpacking libboost-container1.71.0:amd64 (1.71.0-7+b1) ...
Selecting previously unselected package libboost-container1.71-dev:amd64.
Preparing to unpack .../071-libboost-container1.71-dev_1.71.0-7+b1_amd64.deb ...
Unpacking libboost-container1.71-dev:amd64 (1.71.0-7+b1) ...
Selecting previously unselected package libboost-container-dev:amd64.
Preparing to unpack .../072-libboost-container-dev_1.71.0.3_amd64.deb ...
Unpacking libboost-container-dev:amd64 (1.71.0.3) ...
Selecting previously unselected package libboost-date-time1.71.0:amd64.
Preparing to unpack .../073-libboost-date-time1.71.0_1.71.0-7+b1_amd64.deb ...
Unpacking libboost-date-time1.71.0:amd64 (1.71.0-7+b1) ...
Selecting previously unselected package libboost-serialization1.71.0:amd64.
Preparing to unpack .../074-libboost-serialization1.71.0_1.71.0-7+b1_amd64.deb ...
Unpacking libboost-serialization1.71.0:amd64 (1.71.0-7+b1) ...
Selecting previously unselected package libboost-serialization1.71-dev:amd64.
Preparing to unpack .../075-libboost-serialization1.71-dev_1.71.0-7+b1_amd64.deb ...
Unpacking libboost-serialization1.71-dev:amd64 (1.71.0-7+b1) ...
Selecting previously unselected package libboost-date-time1.71-dev:amd64.
Preparing to unpack .../076-libboost-date-time1.71-dev_1.71.0-7+b1_amd64.deb ...
Unpacking libboost-date-time1.71-dev:amd64 (1.71.0-7+b1) ...
Selecting previously unselected package libboost-system1.71.0:amd64.
Preparing to unpack .../077-libboost-system1.71.0_1.71.0-7+b1_amd64.deb ...
Unpacking libboost-system1.71.0:amd64 (1.71.0-7+b1) ...
Selecting previously unselected package libboost-system1.71-dev:amd64.
Preparing to unpack .../078-libboost-system1.71-dev_1.71.0-7+b1_amd64.deb ...
Unpacking libboost-system1.71-dev:amd64 (1.71.0-7+b1) ...
Selecting previously unselected package libboost-thread1.71.0:amd64.
Preparing to unpack .../079-libboost-thread1.71.0_1.71.0-7+b1_amd64.deb ...
Unpacking libboost-thread1.71.0:amd64 (1.71.0-7+b1) ...
Selecting previously unselected package libboost-thread1.71-dev:amd64.
Preparing to unpack .../080-libboost-thread1.71-dev_1.71.0-7+b1_amd64.deb ...
Unpacking libboost-thread1.71-dev:amd64 (1.71.0-7+b1) ...
Selecting previously unselected package libboost-context1.71.0:amd64.
Preparing to unpack .../081-libboost-context1.71.0_1.71.0-7+b1_amd64.deb ...
Unpacking libboost-context1.71.0:amd64 (1.71.0-7+b1) ...
Selecting previously unselected package libboost-context1.71-dev:amd64.
Preparing to unpack .../082-libboost-context1.71-dev_1.71.0-7+b1_amd64.deb ...
Unpacking libboost-context1.71-dev:amd64 (1.71.0-7+b1) ...
Selecting previously unselected package libboost-context-dev:amd64.
Preparing to unpack .../083-libboost-context-dev_1.71.0.3_amd64.deb ...
Unpacking libboost-context-dev:amd64 (1.71.0.3) ...
Selecting previously unselected package libboost-coroutine1.71.0:amd64.
Preparing to unpack .../084-libboost-coroutine1.71.0_1.71.0-7+b1_amd64.deb ...
Unpacking libboost-coroutine1.71.0:amd64 (1.71.0-7+b1) ...
Selecting previously unselected package libboost-coroutine1.71-dev:amd64.
Preparing to unpack .../085-libboost-coroutine1.71-dev_1.71.0-7+b1_amd64.deb ...
Unpacking libboost-coroutine1.71-dev:amd64 (1.71.0-7+b1) ...
Selecting previously unselected package libboost-coroutine-dev:amd64.
Preparing to unpack .../086-libboost-coroutine-dev_1.71.0.3_amd64.deb ...
Unpacking libboost-coroutine-dev:amd64 (1.71.0.3) ...
Selecting previously unselected package libboost-date-time-dev:amd64.
Preparing to unpack .../087-libboost-date-time-dev_1.71.0.3_amd64.deb ...
Unpacking libboost-date-time-dev:amd64 (1.71.0.3) ...
Selecting previously unselected package libboost-exception1.71-dev:amd64.
Preparing to unpack .../088-libboost-exception1.71-dev_1.71.0-7+b1_amd64.deb ...
Unpacking libboost-exception1.71-dev:amd64 (1.71.0-7+b1) ...
Selecting previously unselected package libboost-exception-dev:amd64.
Preparing to unpack .../089-libboost-exception-dev_1.71.0.3_amd64.deb ...
Unpacking libboost-exception-dev:amd64 (1.71.0.3) ...
Selecting previously unselected package libboost-filesystem1.71.0:amd64.
Preparing to unpack .../090-libboost-filesystem1.71.0_1.71.0-7+b1_amd64.deb ...
Unpacking libboost-filesystem1.71.0:amd64 (1.71.0-7+b1) ...
Selecting previously unselected package libboost-filesystem1.71-dev:amd64.
Preparing to unpack .../091-libboost-filesystem1.71-dev_1.71.0-7+b1_amd64.deb ...
Unpacking libboost-filesystem1.71-dev:amd64 (1.71.0-7+b1) ...
Selecting previously unselected package libboost-fiber1.71.0:amd64.
Preparing to unpack .../092-libboost-fiber1.71.0_1.71.0-7+b1_amd64.deb ...
Unpacking libboost-fiber1.71.0:amd64 (1.71.0-7+b1) ...
Selecting previously unselected package libboost-fiber1.71-dev:amd64.
Preparing to unpack .../093-libboost-fiber1.71-dev_1.71.0-7+b1_amd64.deb ...
Unpacking libboost-fiber1.71-dev:amd64 (1.71.0-7+b1) ...
Selecting previously unselected package libboost-fiber-dev:amd64.
Preparing to unpack .../094-libboost-fiber-dev_1.71.0.3_amd64.deb ...
Unpacking libboost-fiber-dev:amd64 (1.71.0.3) ...
Selecting previously unselected package libboost-filesystem-dev:amd64.
Preparing to unpack .../095-libboost-filesystem-dev_1.71.0.3_amd64.deb ...
Unpacking libboost-filesystem-dev:amd64 (1.71.0.3) ...
Selecting previously unselected package libboost-regex1.71.0:amd64.
Preparing to unpack .../096-libboost-regex1.71.0_1.71.0-7+b1_amd64.deb ...
Unpacking libboost-regex1.71.0:amd64 (1.71.0-7+b1) ...
Selecting previously unselected package libboost-graph1.71.0:amd64.
Preparing to unpack .../097-libboost-graph1.71.0_1.71.0-7+b1_amd64.deb ...
Unpacking libboost-graph1.71.0:amd64 (1.71.0-7+b1) ...
Selecting previously unselected package libicu-dev:amd64.
Preparing to unpack .../098-libicu-dev_67.1-4_amd64.deb ...
Unpacking libicu-dev:amd64 (67.1-4) ...
Selecting previously unselected package libboost-regex1.71-dev:amd64.
Preparing to unpack .../099-libboost-regex1.71-dev_1.71.0-7+b1_amd64.deb ...
Unpacking libboost-regex1.71-dev:amd64 (1.71.0-7+b1) ...
Selecting previously unselected package libboost-test1.71.0:amd64.
Preparing to unpack .../100-libboost-test1.71.0_1.71.0-7+b1_amd64.deb ...
Unpacking libboost-test1.71.0:amd64 (1.71.0-7+b1) ...
Selecting previously unselected package libboost-test1.71-dev:amd64.
Preparing to unpack .../101-libboost-test1.71-dev_1.71.0-7+b1_amd64.deb ...
Unpacking libboost-test1.71-dev:amd64 (1.71.0-7+b1) ...
Selecting previously unselected package libboost-graph1.71-dev:amd64.
Preparing to unpack .../102-libboost-graph1.71-dev_1.71.0-7+b1_amd64.deb ...
Unpacking libboost-graph1.71-dev:amd64 (1.71.0-7+b1) ...
Selecting previously unselected package libboost-graph-dev:amd64.
Preparing to unpack .../103-libboost-graph-dev_1.71.0.3_amd64.deb ...
Unpacking libboost-graph-dev:amd64 (1.71.0.3) ...
Selecting previously unselected package libevent-core-2.1-7:amd64.
Preparing to unpack .../104-libevent-core-2.1-7_2.1.12-stable-1_amd64.deb ...
Unpacking libevent-core-2.1-7:amd64 (2.1.12-stable-1) ...
Selecting previously unselected package libevent-pthreads-2.1-7:amd64.
Preparing to unpack .../105-libevent-pthreads-2.1-7_2.1.12-stable-1_amd64.deb ...
Unpacking libevent-pthreads-2.1-7:amd64 (2.1.12-stable-1) ...
Selecting previously unselected package libpsm-infinipath1.
Preparing to unpack .../106-libpsm-infinipath1_3.3+20.604758e7-6+b1_amd64.deb ...
Unpacking libpsm-infinipath1 (3.3+20.604758e7-6+b1) ...
Selecting previously unselected package libnuma1:amd64.
Preparing to unpack .../107-libnuma1_2.0.12-1+b1_amd64.deb ...
Unpacking libnuma1:amd64 (2.0.12-1+b1) ...
Selecting previously unselected package libpsm2-2.
Preparing to unpack .../108-libpsm2-2_11.2.185-1_amd64.deb ...
Unpacking libpsm2-2 (11.2.185-1) ...
Selecting previously unselected package librdmacm1:amd64.
Preparing to unpack .../109-librdmacm1_31.0-1_amd64.deb ...
Unpacking librdmacm1:amd64 (31.0-1) ...
Selecting previously unselected package libfabric1.
Preparing to unpack .../110-libfabric1_1.11.0-2_amd64.deb ...
Unpacking libfabric1 (1.11.0-2) ...
Selecting previously unselected package libhwloc15:amd64.
Preparing to unpack .../111-libhwloc15_2.3.0+dfsg-2_amd64.deb ...
Unpacking libhwloc15:amd64 (2.3.0+dfsg-2) ...
Selecting previously unselected package libpciaccess0:amd64.
Preparing to unpack .../112-libpciaccess0_0.16-1_amd64.deb ...
Unpacking libpciaccess0:amd64 (0.16-1) ...
Selecting previously unselected package libxau6:amd64.
Preparing to unpack .../113-libxau6_1%3a1.0.8-1+b2_amd64.deb ...
Unpacking libxau6:amd64 (1:1.0.8-1+b2) ...
Selecting previously unselected package libxdmcp6:amd64.
Preparing to unpack .../114-libxdmcp6_1%3a1.1.2-3_amd64.deb ...
Unpacking libxdmcp6:amd64 (1:1.1.2-3) ...
Selecting previously unselected package libxcb1:amd64.
Preparing to unpack .../115-libxcb1_1.14-2_amd64.deb ...
Unpacking libxcb1:amd64 (1.14-2) ...
Selecting previously unselected package libx11-data.
Preparing to unpack .../116-libx11-data_2%3a1.6.12-1_all.deb ...
Unpacking libx11-data (2:1.6.12-1) ...
Selecting previously unselected package libx11-6:amd64.
Preparing to unpack .../117-libx11-6_2%3a1.6.12-1_amd64.deb ...
Unpacking libx11-6:amd64 (2:1.6.12-1) ...
Selecting previously unselected package libxext6:amd64.
Preparing to unpack .../118-libxext6_2%3a1.3.3-1+b2_amd64.deb ...
Unpacking libxext6:amd64 (2:1.3.3-1+b2) ...
Selecting previously unselected package libxnvctrl0:amd64.
Preparing to unpack .../119-libxnvctrl0_450.66-1_amd64.deb ...
Unpacking libxnvctrl0:amd64 (450.66-1) ...
Selecting previously unselected package ocl-icd-libopencl1:amd64.
Preparing to unpack .../120-ocl-icd-libopencl1_2.2.12-4_amd64.deb ...
Unpacking ocl-icd-libopencl1:amd64 (2.2.12-4) ...
Selecting previously unselected package libhwloc-plugins:amd64.
Preparing to unpack .../121-libhwloc-plugins_2.3.0+dfsg-2_amd64.deb ...
Unpacking libhwloc-plugins:amd64 (2.3.0+dfsg-2) ...
Selecting previously unselected package libpmix2:amd64.
Preparing to unpack .../122-libpmix2_3.2.0-1_amd64.deb ...
Unpacking libpmix2:amd64 (3.2.0-1) ...
Selecting previously unselected package libucx0:amd64.
Preparing to unpack .../123-libucx0_1.9.0~rc1-2_amd64.deb ...
Unpacking libucx0:amd64 (1.9.0~rc1-2) ...
Selecting previously unselected package libopenmpi3:amd64.
Preparing to unpack .../124-libopenmpi3_4.0.5-7_amd64.deb ...
Unpacking libopenmpi3:amd64 (4.0.5-7) ...
Selecting previously unselected package libboost-mpi1.71.0.
Preparing to unpack .../125-libboost-mpi1.71.0_1.71.0-7+b1_amd64.deb ...
Unpacking libboost-mpi1.71.0 (1.71.0-7+b1) ...
Selecting previously unselected package libboost-graph-parallel1.71.0.
Preparing to unpack .../126-libboost-graph-parallel1.71.0_1.71.0-7+b1_amd64.deb ...
Unpacking libboost-graph-parallel1.71.0 (1.71.0-7+b1) ...
Selecting previously unselected package libboost-graph-parallel1.71-dev.
Preparing to unpack .../127-libboost-graph-parallel1.71-dev_1.71.0-7+b1_amd64.deb ...
Unpacking libboost-graph-parallel1.71-dev (1.71.0-7+b1) ...
Selecting previously unselected package libboost-graph-parallel-dev.
Preparing to unpack .../128-libboost-graph-parallel-dev_1.71.0.3_amd64.deb ...
Unpacking libboost-graph-parallel-dev (1.71.0.3) ...
Selecting previously unselected package libboost-iostreams1.71.0:amd64.
Preparing to unpack .../129-libboost-iostreams1.71.0_1.71.0-7+b1_amd64.deb ...
Unpacking libboost-iostreams1.71.0:amd64 (1.71.0-7+b1) ...
Selecting previously unselected package libboost-iostreams1.71-dev:amd64.
Preparing to unpack .../130-libboost-iostreams1.71-dev_1.71.0-7+b1_amd64.deb ...
Unpacking libboost-iostreams1.71-dev:amd64 (1.71.0-7+b1) ...
Selecting previously unselected package libboost-iostreams-dev:amd64.
Preparing to unpack .../131-libboost-iostreams-dev_1.71.0.3_amd64.deb ...
Unpacking libboost-iostreams-dev:amd64 (1.71.0.3) ...
Selecting previously unselected package libboost-locale1.71.0:amd64.
Preparing to unpack .../132-libboost-locale1.71.0_1.71.0-7+b1_amd64.deb ...
Unpacking libboost-locale1.71.0:amd64 (1.71.0-7+b1) ...
Selecting previously unselected package libboost-locale1.71-dev:amd64.
Preparing to unpack .../133-libboost-locale1.71-dev_1.71.0-7+b1_amd64.deb ...
Unpacking libboost-locale1.71-dev:amd64 (1.71.0-7+b1) ...
Selecting previously unselected package libboost-locale-dev:amd64.
Preparing to unpack .../134-libboost-locale-dev_1.71.0.3_amd64.deb ...
Unpacking libboost-locale-dev:amd64 (1.71.0.3) ...
Selecting previously unselected package libboost-log1.71.0.
Preparing to unpack .../135-libboost-log1.71.0_1.71.0-7+b1_amd64.deb ...
Unpacking libboost-log1.71.0 (1.71.0-7+b1) ...
Selecting previously unselected package libboost-log1.71-dev.
Preparing to unpack .../136-libboost-log1.71-dev_1.71.0-7+b1_amd64.deb ...
Unpacking libboost-log1.71-dev (1.71.0-7+b1) ...
Selecting previously unselected package libboost-log-dev.
Preparing to unpack .../137-libboost-log-dev_1.71.0.3_amd64.deb ...
Unpacking libboost-log-dev (1.71.0.3) ...
Selecting previously unselected package libboost-math1.71.0:amd64.
Preparing to unpack .../138-libboost-math1.71.0_1.71.0-7+b1_amd64.deb ...
Unpacking libboost-math1.71.0:amd64 (1.71.0-7+b1) ...
Selecting previously unselected package libboost-math1.71-dev:amd64.
Preparing to unpack .../139-libboost-math1.71-dev_1.71.0-7+b1_amd64.deb ...
Unpacking libboost-math1.71-dev:amd64 (1.71.0-7+b1) ...
Selecting previously unselected package libboost-math-dev:amd64.
Preparing to unpack .../140-libboost-math-dev_1.71.0.3_amd64.deb ...
Unpacking libboost-math-dev:amd64 (1.71.0.3) ...
Selecting previously unselected package openmpi-common.
Preparing to unpack .../141-openmpi-common_4.0.5-7_all.deb ...
Unpacking openmpi-common (4.0.5-7) ...
Selecting previously unselected package libnl-3-dev:amd64.
Preparing to unpack .../142-libnl-3-dev_3.4.0-1+b1_amd64.deb ...
Unpacking libnl-3-dev:amd64 (3.4.0-1+b1) ...
Selecting previously unselected package libnl-route-3-dev:amd64.
Preparing to unpack .../143-libnl-route-3-dev_3.4.0-1+b1_amd64.deb ...
Unpacking libnl-route-3-dev:amd64 (3.4.0-1+b1) ...
Selecting previously unselected package libibverbs-dev:amd64.
Preparing to unpack .../144-libibverbs-dev_31.0-1_amd64.deb ...
Unpacking libibverbs-dev:amd64 (31.0-1) ...
Selecting previously unselected package libnuma-dev:amd64.
Preparing to unpack .../145-libnuma-dev_2.0.12-1+b1_amd64.deb ...
Unpacking libnuma-dev:amd64 (2.0.12-1+b1) ...
Selecting previously unselected package libltdl7:amd64.
Preparing to unpack .../146-libltdl7_2.4.6-14_amd64.deb ...
Unpacking libltdl7:amd64 (2.4.6-14) ...
Selecting previously unselected package libltdl-dev:amd64.
Preparing to unpack .../147-libltdl-dev_2.4.6-14_amd64.deb ...
Unpacking libltdl-dev:amd64 (2.4.6-14) ...
Selecting previously unselected package libhwloc-dev:amd64.
Preparing to unpack .../148-libhwloc-dev_2.3.0+dfsg-2_amd64.deb ...
Unpacking libhwloc-dev:amd64 (2.3.0+dfsg-2) ...
Selecting previously unselected package libevent-2.1-7:amd64.
Preparing to unpack .../149-libevent-2.1-7_2.1.12-stable-1_amd64.deb ...
Unpacking libevent-2.1-7:amd64 (2.1.12-stable-1) ...
Selecting previously unselected package libevent-extra-2.1-7:amd64.
Preparing to unpack .../150-libevent-extra-2.1-7_2.1.12-stable-1_amd64.deb ...
Unpacking libevent-extra-2.1-7:amd64 (2.1.12-stable-1) ...
Selecting previously unselected package libevent-openssl-2.1-7:amd64.
Preparing to unpack .../151-libevent-openssl-2.1-7_2.1.12-stable-1_amd64.deb ...
Unpacking libevent-openssl-2.1-7:amd64 (2.1.12-stable-1) ...
Selecting previously unselected package libevent-dev.
Preparing to unpack .../152-libevent-dev_2.1.12-stable-1_amd64.deb ...
Unpacking libevent-dev (2.1.12-stable-1) ...
Selecting previously unselected package node-jquery.
Preparing to unpack .../153-node-jquery_3.5.1+dfsg-4_all.deb ...
Unpacking node-jquery (3.5.1+dfsg-4) ...
Selecting previously unselected package libjs-jquery.
Preparing to unpack .../154-libjs-jquery_3.5.1+dfsg-4_all.deb ...
Unpacking libjs-jquery (3.5.1+dfsg-4) ...
Selecting previously unselected package libjs-jquery-ui.
Preparing to unpack .../155-libjs-jquery-ui_1.12.1+dfsg-7_all.deb ...
Unpacking libjs-jquery-ui (1.12.1+dfsg-7) ...
Selecting previously unselected package libpmix-dev:amd64.
Preparing to unpack .../156-libpmix-dev_3.2.0-1_amd64.deb ...
Unpacking libpmix-dev:amd64 (3.2.0-1) ...
Selecting previously unselected package zlib1g-dev:amd64.
Preparing to unpack .../157-zlib1g-dev_1%3a1.2.11.dfsg-2_amd64.deb ...
Unpacking zlib1g-dev:amd64 (1:1.2.11.dfsg-2) ...
Selecting previously unselected package openmpi-bin.
Preparing to unpack .../158-openmpi-bin_4.0.5-7_amd64.deb ...
Unpacking openmpi-bin (4.0.5-7) ...
Selecting previously unselected package libopenmpi-dev:amd64.
Preparing to unpack .../159-libopenmpi-dev_4.0.5-7_amd64.deb ...
Unpacking libopenmpi-dev:amd64 (4.0.5-7) ...
Selecting previously unselected package mpi-default-dev.
Preparing to unpack .../160-mpi-default-dev_1.13_amd64.deb ...
Unpacking mpi-default-dev (1.13) ...
Selecting previously unselected package libboost-mpi1.71-dev.
Preparing to unpack .../161-libboost-mpi1.71-dev_1.71.0-7+b1_amd64.deb ...
Unpacking libboost-mpi1.71-dev (1.71.0-7+b1) ...
Selecting previously unselected package libboost-mpi-dev.
Preparing to unpack .../162-libboost-mpi-dev_1.71.0.3_amd64.deb ...
Unpacking libboost-mpi-dev (1.71.0.3) ...
Selecting previously unselected package libboost-python1.71.0.
Preparing to unpack .../163-libboost-python1.71.0_1.71.0-7+b1_amd64.deb ...
Unpacking libboost-python1.71.0 (1.71.0-7+b1) ...
Selecting previously unselected package mpi-default-bin.
Preparing to unpack .../164-mpi-default-bin_1.13_amd64.deb ...
Unpacking mpi-default-bin (1.13) ...
Selecting previously unselected package libboost-mpi-python1.71.0.
Preparing to unpack .../165-libboost-mpi-python1.71.0_1.71.0-7+b1_amd64.deb ...
Unpacking libboost-mpi-python1.71.0 (1.71.0-7+b1) ...
Selecting previously unselected package libboost-mpi-python1.71-dev.
Preparing to unpack .../166-libboost-mpi-python1.71-dev_1.71.0-7+b1_amd64.deb ...
Unpacking libboost-mpi-python1.71-dev (1.71.0-7+b1) ...
Selecting previously unselected package libboost-mpi-python-dev.
Preparing to unpack .../167-libboost-mpi-python-dev_1.71.0.3_amd64.deb ...
Unpacking libboost-mpi-python-dev (1.71.0.3) ...
Selecting previously unselected package libboost-numpy1.71.0.
Preparing to unpack .../168-libboost-numpy1.71.0_1.71.0-7+b1_amd64.deb ...
Unpacking libboost-numpy1.71.0 (1.71.0-7+b1) ...
Selecting previously unselected package libboost-numpy1.71-dev.
Preparing to unpack .../169-libboost-numpy1.71-dev_1.71.0-7+b1_amd64.deb ...
Unpacking libboost-numpy1.71-dev (1.71.0-7+b1) ...
Selecting previously unselected package libboost-numpy-dev.
Preparing to unpack .../170-libboost-numpy-dev_1.71.0.3_amd64.deb ...
Unpacking libboost-numpy-dev (1.71.0.3) ...
Selecting previously unselected package libboost-program-options1.71.0:amd64.
Preparing to unpack .../171-libboost-program-options1.71.0_1.71.0-7+b1_amd64.deb ...
Unpacking libboost-program-options1.71.0:amd64 (1.71.0-7+b1) ...
Selecting previously unselected package libboost-program-options1.71-dev:amd64.
Preparing to unpack .../172-libboost-program-options1.71-dev_1.71.0-7+b1_amd64.deb ...
Unpacking libboost-program-options1.71-dev:amd64 (1.71.0-7+b1) ...
Selecting previously unselected package libboost-program-options-dev:amd64.
Preparing to unpack .../173-libboost-program-options-dev_1.71.0.3_amd64.deb ...
Unpacking libboost-program-options-dev:amd64 (1.71.0.3) ...
Selecting previously unselected package libpython3.8:amd64.
Preparing to unpack .../174-libpython3.8_3.8.6-1_amd64.deb ...
Unpacking libpython3.8:amd64 (3.8.6-1) ...
Selecting previously unselected package libexpat1-dev:amd64.
Preparing to unpack .../175-libexpat1-dev_2.2.10-1_amd64.deb ...
Unpacking libexpat1-dev:amd64 (2.2.10-1) ...
Selecting previously unselected package libpython3.8-dev:amd64.
Preparing to unpack .../176-libpython3.8-dev_3.8.6-1_amd64.deb ...
Unpacking libpython3.8-dev:amd64 (3.8.6-1) ...
Selecting previously unselected package libpython3-dev:amd64.
Preparing to unpack .../177-libpython3-dev_3.8.6-1_amd64.deb ...
Unpacking libpython3-dev:amd64 (3.8.6-1) ...
Selecting previously unselected package python3.8-dev.
Preparing to unpack .../178-python3.8-dev_3.8.6-1_amd64.deb ...
Unpacking python3.8-dev (3.8.6-1) ...
Selecting previously unselected package python3-lib2to3.
Preparing to unpack .../179-python3-lib2to3_3.8.6-1_all.deb ...
Unpacking python3-lib2to3 (3.8.6-1) ...
Selecting previously unselected package python3-distutils.
Preparing to unpack .../180-python3-distutils_3.8.6-1_all.deb ...
Unpacking python3-distutils (3.8.6-1) ...
Selecting previously unselected package python3-dev.
Preparing to unpack .../181-python3-dev_3.8.6-1_amd64.deb ...
Unpacking python3-dev (3.8.6-1) ...
Selecting previously unselected package libboost-python1.71-dev.
Preparing to unpack .../182-libboost-python1.71-dev_1.71.0-7+b1_amd64.deb ...
Unpacking libboost-python1.71-dev (1.71.0-7+b1) ...
Selecting previously unselected package libboost-python-dev.
Preparing to unpack .../183-libboost-python-dev_1.71.0.3_amd64.deb ...
Unpacking libboost-python-dev (1.71.0.3) ...
Selecting previously unselected package libboost-random1.71.0:amd64.
Preparing to unpack .../184-libboost-random1.71.0_1.71.0-7+b1_amd64.deb ...
Unpacking libboost-random1.71.0:amd64 (1.71.0-7+b1) ...
Selecting previously unselected package libboost-random1.71-dev:amd64.
Preparing to unpack .../185-libboost-random1.71-dev_1.71.0-7+b1_amd64.deb ...
Unpacking libboost-random1.71-dev:amd64 (1.71.0-7+b1) ...
Selecting previously unselected package libboost-random-dev:amd64.
Preparing to unpack .../186-libboost-random-dev_1.71.0.3_amd64.deb ...
Unpacking libboost-random-dev:amd64 (1.71.0.3) ...
Selecting previously unselected package libboost-regex-dev:amd64.
Preparing to unpack .../187-libboost-regex-dev_1.71.0.3_amd64.deb ...
Unpacking libboost-regex-dev:amd64 (1.71.0.3) ...
Selecting previously unselected package libboost-serialization-dev:amd64.
Preparing to unpack .../188-libboost-serialization-dev_1.71.0.3_amd64.deb ...
Unpacking libboost-serialization-dev:amd64 (1.71.0.3) ...
Selecting previously unselected package libboost-stacktrace1.71.0:amd64.
Preparing to unpack .../189-libboost-stacktrace1.71.0_1.71.0-7+b1_amd64.deb ...
Unpacking libboost-stacktrace1.71.0:amd64 (1.71.0-7+b1) ...
Selecting previously unselected package libboost-stacktrace1.71-dev:amd64.
Preparing to unpack .../190-libboost-stacktrace1.71-dev_1.71.0-7+b1_amd64.deb ...
Unpacking libboost-stacktrace1.71-dev:amd64 (1.71.0-7+b1) ...
Selecting previously unselected package libboost-stacktrace-dev:amd64.
Preparing to unpack .../191-libboost-stacktrace-dev_1.71.0.3_amd64.deb ...
Unpacking libboost-stacktrace-dev:amd64 (1.71.0.3) ...
Selecting previously unselected package libboost-system-dev:amd64.
Preparing to unpack .../192-libboost-system-dev_1.71.0.3_amd64.deb ...
Unpacking libboost-system-dev:amd64 (1.71.0.3) ...
Selecting previously unselected package libboost-test-dev:amd64.
Preparing to unpack .../193-libboost-test-dev_1.71.0.3_amd64.deb ...
Unpacking libboost-test-dev:amd64 (1.71.0.3) ...
Selecting previously unselected package libboost-thread-dev:amd64.
Preparing to unpack .../194-libboost-thread-dev_1.71.0.3_amd64.deb ...
Unpacking libboost-thread-dev:amd64 (1.71.0.3) ...
Selecting previously unselected package libboost-timer1.71.0:amd64.
Preparing to unpack .../195-libboost-timer1.71.0_1.71.0-7+b1_amd64.deb ...
Unpacking libboost-timer1.71.0:amd64 (1.71.0-7+b1) ...
Selecting previously unselected package libboost-timer1.71-dev:amd64.
Preparing to unpack .../196-libboost-timer1.71-dev_1.71.0-7+b1_amd64.deb ...
Unpacking libboost-timer1.71-dev:amd64 (1.71.0-7+b1) ...
Selecting previously unselected package libboost-timer-dev:amd64.
Preparing to unpack .../197-libboost-timer-dev_1.71.0.3_amd64.deb ...
Unpacking libboost-timer-dev:amd64 (1.71.0.3) ...
Selecting previously unselected package libboost-type-erasure1.71.0:amd64.
Preparing to unpack .../198-libboost-type-erasure1.71.0_1.71.0-7+b1_amd64.deb ...
Unpacking libboost-type-erasure1.71.0:amd64 (1.71.0-7+b1) ...
Selecting previously unselected package libboost-type-erasure1.71-dev:amd64.
Preparing to unpack .../199-libboost-type-erasure1.71-dev_1.71.0-7+b1_amd64.deb ...
Unpacking libboost-type-erasure1.71-dev:amd64 (1.71.0-7+b1) ...
Selecting previously unselected package libboost-type-erasure-dev:amd64.
Preparing to unpack .../200-libboost-type-erasure-dev_1.71.0.3_amd64.deb ...
Unpacking libboost-type-erasure-dev:amd64 (1.71.0.3) ...
Selecting previously unselected package libboost-wave1.71.0:amd64.
Preparing to unpack .../201-libboost-wave1.71.0_1.71.0-7+b1_amd64.deb ...
Unpacking libboost-wave1.71.0:amd64 (1.71.0-7+b1) ...
Selecting previously unselected package libboost-wave1.71-dev:amd64.
Preparing to unpack .../202-libboost-wave1.71-dev_1.71.0-7+b1_amd64.deb ...
Unpacking libboost-wave1.71-dev:amd64 (1.71.0-7+b1) ...
Selecting previously unselected package libboost-wave-dev:amd64.
Preparing to unpack .../203-libboost-wave-dev_1.71.0.3_amd64.deb ...
Unpacking libboost-wave-dev:amd64 (1.71.0.3) ...
Selecting previously unselected package libboost-all-dev.
Preparing to unpack .../204-libboost-all-dev_1.71.0.3_amd64.deb ...
Unpacking libboost-all-dev (1.71.0.3) ...
Selecting previously unselected package rapidjson-dev.
Preparing to unpack .../205-rapidjson-dev_1.1.0+dfsg2-6_all.deb ...
Unpacking rapidjson-dev (1.1.0+dfsg2-6) ...
Selecting previously unselected package sbuild-build-depends-main-dummy.
Preparing to unpack .../206-sbuild-build-depends-main-dummy_0.invalid.0_amd64.deb ...
Unpacking sbuild-build-depends-main-dummy (0.invalid.0) ...
Setting up libboost1.71-tools-dev (1.71.0-7+b1) ...
Setting up libpipeline1:amd64 (1.5.3-1) ...
Setting up libboost-stacktrace1.71.0:amd64 (1.71.0-7+b1) ...
Setting up libpciaccess0:amd64 (0.16-1) ...
Setting up libxau6:amd64 (1:1.0.8-1+b2) ...
Setting up libxdmcp6:amd64 (1:1.1.2-3) ...
Setting up libpsl5:amd64 (0.21.0-1.1) ...
Setting up libxcb1:amd64 (1.14-2) ...
Setting up mime-support (3.64) ...
Setting up bsdextrautils (2.36-3+b1) ...
update-alternatives: using /usr/bin/write.ul to provide /usr/bin/write (write) in auto mode
Setting up libicu67:amd64 (67.1-4) ...
Setting up libmagic-mgc (1:5.38-5) ...
Setting up libboost-container1.71.0:amd64 (1.71.0-7+b1) ...
Setting up libarchive-zip-perl (1.68-1) ...
Setting up libglib2.0-0:amd64 (2.66.1-2) ...
No schema files found: doing nothing.
Setting up libdebhelper-perl (13.2.1) ...
Setting up libbrotli1:amd64 (1.0.9-2+b1) ...
Setting up libboost1.71-dev:amd64 (1.71.0-7+b1) ...
Setting up libsqlite3-0:amd64 (3.33.0-1) ...
Setting up libboost-chrono1.71.0:amd64 (1.71.0-7+b1) ...
Setting up libcbor0:amd64 (0.5.0+dfsg-2) ...
Setting up libnghttp2-14:amd64 (1.41.0-3) ...
Setting up libmagic1:amd64 (1:5.38-5) ...
Setting up gettext-base (0.19.8.1-10) ...
Setting up libboost-container1.71-dev:amd64 (1.71.0-7+b1) ...
Setting up libboost-tools-dev (1.71.0.3) ...
Setting up file (1:5.38-5) ...
Setting up libboost-filesystem1.71.0:amd64 (1.71.0-7+b1) ...
Setting up libboost-iostreams1.71.0:amd64 (1.71.0-7+b1) ...
Setting up libboost-python1.71.0 (1.71.0-7+b1) ...
Setting up libboost-date-time1.71.0:amd64 (1.71.0-7+b1) ...
Setting up libboost-container-dev:amd64 (1.71.0.3) ...
Setting up rapidjson-dev (1.1.0+dfsg2-6) ...
Setting up libsasl2-modules-db:amd64 (2.1.27+dfsg-2) ...
Setting up libboost-numpy1.71.0 (1.71.0-7+b1) ...
Setting up autotools-dev (20180224.1) ...
Setting up libuv1:amd64 (1.39.0-1) ...
Setting up libboost-math1.71.0:amd64 (1.71.0-7+b1) ...
Setting up libexpat1-dev:amd64 (2.2.10-1) ...
Setting up libx11-data (2:1.6.12-1) ...
Setting up librtmp1:amd64 (2.4+20151223.gitfa8646d.1-2+b2) ...
Setting up libboost-atomic1.71.0:amd64 (1.71.0-7+b1) ...
Setting up libncurses6:amd64 (6.2+20200918-1) ...
Setting up libsigsegv2:amd64 (2.12-2) ...
Setting up libhwloc15:amd64 (2.3.0+dfsg-2) ...
Setting up libevent-core-2.1-7:amd64 (2.1.12-stable-1) ...
Setting up libevent-2.1-7:amd64 (2.1.12-stable-1) ...
Setting up autopoint (0.19.8.1-10) ...
Setting up icu-devtools (67.1-4) ...
Setting up libboost-regex1.71.0:amd64 (1.71.0-7+b1) ...
Setting up libncursesw6:amd64 (6.2+20200918-1) ...
Setting up libboost-math1.71-dev:amd64 (1.71.0-7+b1) ...
Setting up libltdl7:amd64 (2.4.6-14) ...
Setting up libsasl2-2:amd64 (2.1.27+dfsg-2) ...
Setting up libgfortran5:amd64 (10.2.0-15) ...
Setting up zlib1g-dev:amd64 (1:1.2.11.dfsg-2) ...
Setting up libnuma1:amd64 (2.0.12-1+b1) ...
Setting up libboost-timer1.71.0:amd64 (1.71.0-7+b1) ...
Setting up sensible-utils (0.0.12+nmu1) ...
Setting up ocl-icd-libopencl1:amd64 (2.2.12-4) ...
Setting up libboost-test1.71.0:amd64 (1.71.0-7+b1) ...
Setting up librhash0:amd64 (1.4.0-1) ...
Setting up libuchardet0:amd64 (0.0.7-1) ...
Setting up libnl-3-200:amd64 (3.4.0-1+b1) ...
Setting up libboost-thread1.71.0:amd64 (1.71.0-7+b1) ...
Setting up libpsm2-2 (11.2.185-1) ...
Setting up openmpi-common (4.0.5-7) ...
Setting up cpp-9 (9.3.0-18) ...
Setting up libsub-override-perl (0.09-2) ...
Setting up libx11-6:amd64 (2:1.6.12-1) ...
Setting up libssh2-1:amd64 (1.8.0-2.1) ...
Setting up libboost-context1.71.0:amd64 (1.71.0-7+b1) ...
Setting up libboost-serialization1.71.0:amd64 (1.71.0-7+b1) ...
Setting up libboost-random1.71.0:amd64 (1.71.0-7+b1) ...
Setting up cmake-data (3.18.4-1) ...
Setting up libboost-system1.71.0:amd64 (1.71.0-7+b1) ...
Setting up libboost-atomic1.71-dev:amd64 (1.71.0-7+b1) ...
Setting up libboost-dev:amd64 (1.71.0.3) ...
Setting up libboost-fiber1.71.0:amd64 (1.71.0-7+b1) ...
Setting up libboost-locale1.71.0:amd64 (1.71.0-7+b1) ...
Setting up libpsm-infinipath1 (3.3+20.604758e7-6+b1) ...
update-alternatives: using /usr/lib/libpsm1/libpsm_infinipath.so.1.16 to provide /usr/lib/x86_64-linux-gnu/libpsm_infinipath.so.1 (libpsm_infinipath.so.1) in auto mode
Setting up libboost-graph1.71.0:amd64 (1.71.0-7+b1) ...
Setting up libfido2-1:amd64 (1.5.0-2) ...
Setting up libboost-stacktrace1.71-dev:amd64 (1.71.0-7+b1) ...
Setting up libboost-wave1.71.0:amd64 (1.71.0-7+b1) ...
Setting up libelf1:amd64 (0.181-1) ...
Setting up readline-common (8.0-4) ...
Setting up libicu-dev:amd64 (67.1-4) ...
Setting up libxml2:amd64 (2.9.10+dfsg-6.1) ...
Setting up libprocps8:amd64 (2:3.3.16-5) ...
Setting up node-jquery (3.5.1+dfsg-4) ...
Setting up libjsoncpp1:amd64 (1.7.4-3.1) ...
Setting up libevent-pthreads-2.1-7:amd64 (2.1.12-stable-1) ...
Setting up libboost-program-options1.71.0:amd64 (1.71.0-7+b1) ...
Setting up libfile-stripnondeterminism-perl (1.9.0-1) ...
Setting up libboost-program-options1.71-dev:amd64 (1.71.0-7+b1) ...
Setting up gcc-9 (9.3.0-18) ...
Setting up libboost-chrono1.71-dev:amd64 (1.71.0-7+b1) ...
Setting up libevent-extra-2.1-7:amd64 (2.1.12-stable-1) ...
Setting up libboost-exception1.71-dev:amd64 (1.71.0-7+b1) ...
Setting up libboost-log1.71.0 (1.71.0-7+b1) ...
Setting up libtool (2.4.6-14) ...
Setting up libarchive13:amd64 (3.4.3-2) ...
Setting up libboost-chrono-dev:amd64 (1.71.0.3) ...
Setting up libboost-numpy1.71-dev (1.71.0-7+b1) ...
Setting up openssh-client (1:8.4p1-2) ...
Setting up libboost-math-dev:amd64 (1.71.0.3) ...
Setting up libreadline8:amd64 (8.0-4) ...
Setting up libxext6:amd64 (2:1.3.3-1+b2) ...
Setting up libgfortran-9-dev:amd64 (9.3.0-18) ...
Setting up libevent-openssl-2.1-7:amd64 (2.1.12-stable-1) ...
Setting up libldap-2.4-2:amd64 (2.4.54+dfsg-1) ...
Setting up m4 (1.4.18-4) ...
Setting up libboost-exception-dev:amd64 (1.71.0.3) ...
Setting up libnuma-dev:amd64 (2.0.12-1+b1) ...
Setting up libboost-system1.71-dev:amd64 (1.71.0-7+b1) ...
Setting up libnl-route-3-200:amd64 (3.4.0-1+b1) ...
Setting up libxnvctrl0:amd64 (450.66-1) ...
Setting up libboost-random1.71-dev:amd64 (1.71.0-7+b1) ...
Setting up libboost-coroutine1.71.0:amd64 (1.71.0-7+b1) ...
Setting up libboost-timer1.71-dev:amd64 (1.71.0-7+b1) ...
Setting up libboost-type-erasure1.71.0:amd64 (1.71.0-7+b1) ...
Setting up libboost-test1.71-dev:amd64 (1.71.0-7+b1) ...
Setting up libboost-program-options-dev:amd64 (1.71.0.3) ...
Setting up libboost-filesystem1.71-dev:amd64 (1.71.0-7+b1) ...
Setting up libboost-numpy-dev (1.71.0.3) ...
Setting up libevent-dev (2.1.12-stable-1) ...
Setting up libboost-regex1.71-dev:amd64 (1.71.0-7+b1) ...
Setting up libcroco3:amd64 (0.6.13-1) ...
Setting up libboost-serialization1.71-dev:amd64 (1.71.0-7+b1) ...
Setting up libboost-serialization-dev:amd64 (1.71.0.3) ...
Setting up autoconf (2.69-11.1) ...
Setting up dh-strip-nondeterminism (1.9.0-1) ...
Setting up libboost-atomic-dev:amd64 (1.71.0.3) ...
Setting up dwz (0.13-5) ...
Setting up libboost-date-time1.71-dev:amd64 (1.71.0-7+b1) ...
Setting up libnl-3-dev:amd64 (3.4.0-1+b1) ...
Setting up groff-base (1.22.4-5) ...
Setting up libboost-stacktrace-dev:amd64 (1.71.0.3) ...
Setting up procps (2:3.3.16-5) ...
update-alternatives: using /usr/bin/w.procps to provide /usr/bin/w (w) in auto mode
Setting up libcurl4:amd64 (7.72.0-1) ...
Setting up libjs-jquery (3.5.1+dfsg-4) ...
Setting up libpython3.8-stdlib:amd64 (3.8.6-1) ...
Setting up python3.8 (3.8.6-1) ...
Setting up libboost-regex-dev:amd64 (1.71.0.3) ...
Setting up libboost-timer-dev:amd64 (1.71.0.3) ...
Setting up libboost-filesystem-dev:amd64 (1.71.0.3) ...
Setting up libboost-iostreams1.71-dev:amd64 (1.71.0-7+b1) ...
Setting up libpython3-stdlib:amd64 (3.8.6-1) ...
Setting up libboost-graph1.71-dev:amd64 (1.71.0-7+b1) ...
Setting up automake (1:1.16.2-4) ...
update-alternatives: using /usr/bin/automake-1.16 to provide /usr/bin/automake (automake) in auto mode
Setting up libboost-graph-dev:amd64 (1.71.0.3) ...
Setting up libibverbs1:amd64 (31.0-1) ...
Setting up gettext (0.19.8.1-10) ...
Setting up gfortran-9 (9.3.0-18) ...
Setting up ibverbs-providers:amd64 (31.0-1) ...
Setting up libboost-thread1.71-dev:amd64 (1.71.0-7+b1) ...
Setting up libboost-system-dev:amd64 (1.71.0.3) ...
Setting up libboost-context1.71-dev:amd64 (1.71.0-7+b1) ...
Setting up libboost-wave1.71-dev:amd64 (1.71.0-7+b1) ...
Setting up libboost-random-dev:amd64 (1.71.0.3) ...
Setting up python3 (3.8.6-1) ...
Setting up libboost-wave-dev:amd64 (1.71.0.3) ...
Setting up libboost-context-dev:amd64 (1.71.0.3) ...
Setting up libboost-iostreams-dev:amd64 (1.71.0.3) ...
Setting up libhwloc-plugins:amd64 (2.3.0+dfsg-2) ...
Setting up man-db (2.9.3-2) ...
Not building database; man-db/auto-update is not 'true'.
Setting up intltool-debian (0.35.0+20060710.5) ...
Setting up libboost-fiber1.71-dev:amd64 (1.71.0-7+b1) ...
Setting up libboost-test-dev:amd64 (1.71.0.3) ...
Setting up libnl-route-3-dev:amd64 (3.4.0-1+b1) ...
Setting up libltdl-dev:amd64 (2.4.6-14) ...
Setting up libjs-jquery-ui (1.12.1+dfsg-7) ...
Setting up libpython3.8:amd64 (3.8.6-1) ...
Setting up libboost-date-time-dev:amd64 (1.71.0.3) ...
Setting up libboost-type-erasure1.71-dev:amd64 (1.71.0-7+b1) ...
Setting up cmake (3.18.4-1) ...
Setting up libboost-log1.71-dev (1.71.0-7+b1) ...
Setting up libboost-coroutine1.71-dev:amd64 (1.71.0-7+b1) ...
Setting up libhwloc-dev:amd64 (2.3.0+dfsg-2) ...
Setting up libboost-coroutine-dev:amd64 (1.71.0.3) ...
Setting up python3-lib2to3 (3.8.6-1) ...
Setting up libboost-log-dev (1.71.0.3) ...
Setting up libboost-thread-dev:amd64 (1.71.0.3) ...
Setting up libboost-fiber-dev:amd64 (1.71.0.3) ...
Setting up python3-distutils (3.8.6-1) ...
Setting up librdmacm1:amd64 (31.0-1) ...
Setting up libboost-locale1.71-dev:amd64 (1.71.0-7+b1) ...
Setting up libucx0:amd64 (1.9.0~rc1-2) ...
Setting up libpmix2:amd64 (3.2.0-1) ...
Setting up po-debconf (1.0.21) ...
Setting up libboost-locale-dev:amd64 (1.71.0.3) ...
Setting up libibverbs-dev:amd64 (31.0-1) ...
Setting up libboost-type-erasure-dev:amd64 (1.71.0.3) ...
Setting up libpython3.8-dev:amd64 (3.8.6-1) ...
Setting up python3.8-dev (3.8.6-1) ...
Setting up libpmix-dev:amd64 (3.2.0-1) ...
Setting up libfabric1 (1.11.0-2) ...
Setting up libpython3-dev:amd64 (3.8.6-1) ...
Setting up libopenmpi3:amd64 (4.0.5-7) ...
Setting up libboost-mpi1.71.0 (1.71.0-7+b1) ...
Setting up python3-dev (3.8.6-1) ...
Setting up libboost-graph-parallel1.71.0 (1.71.0-7+b1) ...
Setting up openmpi-bin (4.0.5-7) ...
update-alternatives: using /usr/bin/mpirun.openmpi to provide /usr/bin/mpirun (mpirun) in auto mode
update-alternatives: using /usr/bin/mpicc.openmpi to provide /usr/bin/mpicc (mpi) in auto mode
Setting up libboost-python1.71-dev (1.71.0-7+b1) ...
Setting up mpi-default-bin (1.13) ...
Setting up libboost-python-dev (1.71.0.3) ...
Setting up libboost-graph-parallel1.71-dev (1.71.0-7+b1) ...
Setting up libopenmpi-dev:amd64 (4.0.5-7) ...
update-alternatives: using /usr/lib/x86_64-linux-gnu/openmpi/include to provide /usr/include/x86_64-linux-gnu/mpi (mpi-x86_64-linux-gnu) in auto mode
Setting up libboost-mpi-python1.71.0 (1.71.0-7+b1) ...
Setting up libboost-graph-parallel-dev (1.71.0.3) ...
Setting up mpi-default-dev (1.13) ...
Setting up libboost-mpi1.71-dev (1.71.0-7+b1) ...
Setting up libboost-mpi-python1.71-dev (1.71.0-7+b1) ...
Setting up libboost-mpi-python-dev (1.71.0.3) ...
Setting up libboost-mpi-dev (1.71.0.3) ...
Setting up libboost-all-dev (1.71.0.3) ...
Setting up dh-autoreconf (19) ...
Setting up debhelper (13.2.1) ...
Setting up sbuild-build-depends-main-dummy (0.invalid.0) ...
Processing triggers for libc-bin (2.31-4) ...

+------------------------------------------------------------------------------+
| Check architectures                                                          |
+------------------------------------------------------------------------------+

Arch check ok (amd64 included in any)

+------------------------------------------------------------------------------+
| Build environment                                                            |
+------------------------------------------------------------------------------+

Kernel: Linux 4.19.0-6-cloud-amd64 #1 SMP Debian 4.19.67-2+deb10u2 (2019-11-11) amd64 (x86_64)
Toolchain package versions: binutils_2.35.1-2 dpkg-dev_1.20.5 g++-10_10.2.0-15 gcc-10_10.2.0-15 gcc-9_9.3.0-18 libc6-dev_2.31-4 libstdc++-10-dev_10.2.0-15 libstdc++6_10.2.0-15 linux-libc-dev_5.9.1-1
Package versions: adduser_3.118 apt_2.1.11 autoconf_2.69-11.1 automake_1:1.16.2-4 autopoint_0.19.8.1-10 autotools-dev_20180224.1 base-files_11 base-passwd_3.5.48 bash_5.1~rc1-2 binutils_2.35.1-2 binutils-common_2.35.1-2 binutils-x86-64-linux-gnu_2.35.1-2 bsdextrautils_2.36-3+b1 bsdutils_1:2.36-3+b1 build-essential_12.8 bzip2_1.0.8-4 clang-10_1:10.0.1-7 cmake_3.18.4-1 cmake-data_3.18.4-1 coreutils_8.32-4+b1 cpp_4:10.2.0-1 cpp-10_10.2.0-15 cpp-9_9.3.0-18 dash_0.5.10.2-7 debconf_1.5.74 debhelper_13.2.1 debian-archive-keyring_2019.1 debianutils_4.11.2 dh-autoreconf_19 dh-strip-nondeterminism_1.9.0-1 diffutils_1:3.7-3 dpkg_1.20.5 dpkg-dev_1.20.5 dwz_0.13-5 e2fsprogs_1.45.6-1 fakeroot_1.25.3-1 file_1:5.38-5 findutils_4.7.0+git20201010-2 g++_4:10.2.0-1 g++-10_10.2.0-15 gcc_4:10.2.0-1 gcc-10_10.2.0-15 gcc-10-base_10.2.0-15 gcc-9_9.3.0-18 gcc-9-base_9.3.0-18 gettext_0.19.8.1-10 gettext-base_0.19.8.1-10 gfortran-9_9.3.0-18 gpgv_2.2.20-1 grep_3.4-1 groff-base_1.22.4-5 gzip_1.10-2 hostname_3.23 ibverbs-providers_31.0-1 icu-devtools_67.1-4 init-system-helpers_1.58 intltool-debian_0.35.0+20060710.5 lib32gcc-s1_10.2.0-15 lib32stdc++6_10.2.0-15 libacl1_2.2.53-8 libapt-pkg6.0_2.1.11 libarchive-zip-perl_1.68-1 libarchive13_3.4.3-2 libasan5_9.3.0-18 libasan6_10.2.0-15 libatomic1_10.2.0-15 libattr1_1:2.4.48-5 libaudit-common_1:2.8.5-3.1 libaudit1_1:2.8.5-3.1 libbinutils_2.35.1-2 libblkid1_2.36-3+b1 libboost-all-dev_1.71.0.3 libboost-atomic-dev_1.71.0.3 libboost-atomic1.71-dev_1.71.0-7+b1 libboost-atomic1.71.0_1.71.0-7+b1 libboost-chrono-dev_1.71.0.3 libboost-chrono1.71-dev_1.71.0-7+b1 libboost-chrono1.71.0_1.71.0-7+b1 libboost-container-dev_1.71.0.3 libboost-container1.71-dev_1.71.0-7+b1 libboost-container1.71.0_1.71.0-7+b1 libboost-context-dev_1.71.0.3 libboost-context1.71-dev_1.71.0-7+b1 libboost-context1.71.0_1.71.0-7+b1 libboost-coroutine-dev_1.71.0.3 libboost-coroutine1.71-dev_1.71.0-7+b1 libboost-coroutine1.71.0_1.71.0-7+b1 libboost-date-time-dev_1.71.0.3 libboost-date-time1.71-dev_1.71.0-7+b1 libboost-date-time1.71.0_1.71.0-7+b1 libboost-dev_1.71.0.3 libboost-exception-dev_1.71.0.3 libboost-exception1.71-dev_1.71.0-7+b1 libboost-fiber-dev_1.71.0.3 libboost-fiber1.71-dev_1.71.0-7+b1 libboost-fiber1.71.0_1.71.0-7+b1 libboost-filesystem-dev_1.71.0.3 libboost-filesystem1.71-dev_1.71.0-7+b1 libboost-filesystem1.71.0_1.71.0-7+b1 libboost-graph-dev_1.71.0.3 libboost-graph-parallel-dev_1.71.0.3 libboost-graph-parallel1.71-dev_1.71.0-7+b1 libboost-graph-parallel1.71.0_1.71.0-7+b1 libboost-graph1.71-dev_1.71.0-7+b1 libboost-graph1.71.0_1.71.0-7+b1 libboost-iostreams-dev_1.71.0.3 libboost-iostreams1.71-dev_1.71.0-7+b1 libboost-iostreams1.71.0_1.71.0-7+b1 libboost-locale-dev_1.71.0.3 libboost-locale1.71-dev_1.71.0-7+b1 libboost-locale1.71.0_1.71.0-7+b1 libboost-log-dev_1.71.0.3 libboost-log1.71-dev_1.71.0-7+b1 libboost-log1.71.0_1.71.0-7+b1 libboost-math-dev_1.71.0.3 libboost-math1.71-dev_1.71.0-7+b1 libboost-math1.71.0_1.71.0-7+b1 libboost-mpi-dev_1.71.0.3 libboost-mpi-python-dev_1.71.0.3 libboost-mpi-python1.71-dev_1.71.0-7+b1 libboost-mpi-python1.71.0_1.71.0-7+b1 libboost-mpi1.71-dev_1.71.0-7+b1 libboost-mpi1.71.0_1.71.0-7+b1 libboost-numpy-dev_1.71.0.3 libboost-numpy1.71-dev_1.71.0-7+b1 libboost-numpy1.71.0_1.71.0-7+b1 libboost-program-options-dev_1.71.0.3 libboost-program-options1.71-dev_1.71.0-7+b1 libboost-program-options1.71.0_1.71.0-7+b1 libboost-python-dev_1.71.0.3 libboost-python1.71-dev_1.71.0-7+b1 libboost-python1.71.0_1.71.0-7+b1 libboost-random-dev_1.71.0.3 libboost-random1.71-dev_1.71.0-7+b1 libboost-random1.71.0_1.71.0-7+b1 libboost-regex-dev_1.71.0.3 libboost-regex1.71-dev_1.71.0-7+b1 libboost-regex1.71.0_1.71.0-7+b1 libboost-serialization-dev_1.71.0.3 libboost-serialization1.71-dev_1.71.0-7+b1 libboost-serialization1.71.0_1.71.0-7+b1 libboost-stacktrace-dev_1.71.0.3 libboost-stacktrace1.71-dev_1.71.0-7+b1 libboost-stacktrace1.71.0_1.71.0-7+b1 libboost-system-dev_1.71.0.3 libboost-system1.71-dev_1.71.0-7+b1 libboost-system1.71.0_1.71.0-7+b1 libboost-test-dev_1.71.0.3 libboost-test1.71-dev_1.71.0-7+b1 libboost-test1.71.0_1.71.0-7+b1 libboost-thread-dev_1.71.0.3 libboost-thread1.71-dev_1.71.0-7+b1 libboost-thread1.71.0_1.71.0-7+b1 libboost-timer-dev_1.71.0.3 libboost-timer1.71-dev_1.71.0-7+b1 libboost-timer1.71.0_1.71.0-7+b1 libboost-tools-dev_1.71.0.3 libboost-type-erasure-dev_1.71.0.3 libboost-type-erasure1.71-dev_1.71.0-7+b1 libboost-type-erasure1.71.0_1.71.0-7+b1 libboost-wave-dev_1.71.0.3 libboost-wave1.71-dev_1.71.0-7+b1 libboost-wave1.71.0_1.71.0-7+b1 libboost1.71-dev_1.71.0-7+b1 libboost1.71-tools-dev_1.71.0-7+b1 libbrotli1_1.0.9-2+b1 libbsd0_0.10.0-1 libbz2-1.0_1.0.8-4 libc-bin_2.31-4 libc-dev-bin_2.31-4 libc6_2.31-4 libc6-dev_2.31-4 libc6-i386_2.31-4 libcap-ng0_0.7.9-2.2 libcbor0_0.5.0+dfsg-2 libcc1-0_10.2.0-15 libclang-common-10-dev_1:10.0.1-7 libclang-cpp10_1:10.0.1-7 libclang1-10_1:10.0.1-7 libcom-err2_1.45.6-1 libcroco3_0.6.13-1 libcrypt-dev_1:4.4.17-1 libcrypt1_1:4.4.17-1 libctf-nobfd0_2.35.1-2 libctf0_2.35.1-2 libcurl4_7.72.0-1 libdb5.3_5.3.28+dfsg1-0.6 libdebconfclient0_0.255 libdebhelper-perl_13.2.1 libdpkg-perl_1.20.5 libedit2_3.1-20191231-1 libelf1_0.181-1 libevent-2.1-7_2.1.12-stable-1 libevent-core-2.1-7_2.1.12-stable-1 libevent-dev_2.1.12-stable-1 libevent-extra-2.1-7_2.1.12-stable-1 libevent-openssl-2.1-7_2.1.12-stable-1 libevent-pthreads-2.1-7_2.1.12-stable-1 libexpat1_2.2.10-1 libexpat1-dev_2.2.10-1 libext2fs2_1.45.6-1 libfabric1_1.11.0-2 libfakeroot_1.25.3-1 libffi7_3.3-4 libfido2-1_1.5.0-2 libfile-stripnondeterminism-perl_1.9.0-1 libgc1_1:8.0.4-2.1 libgcc-10-dev_10.2.0-15 libgcc-9-dev_9.3.0-18 libgcc-s1_10.2.0-15 libgcrypt20_1.8.7-2 libgdbm-compat4_1.18.1-5.1 libgdbm6_1.18.1-5.1 libgfortran-9-dev_9.3.0-18 libgfortran5_10.2.0-15 libglib2.0-0_2.66.1-2 libgmp10_2:6.2.0+dfsg-6 libgnutls30_3.6.15-4 libgomp1_10.2.0-15 libgpg-error0_1.38-2 libgssapi-krb5-2_1.17-10 libhogweed6_3.6-2 libhwloc-dev_2.3.0+dfsg-2 libhwloc-plugins_2.3.0+dfsg-2 libhwloc15_2.3.0+dfsg-2 libibverbs-dev_31.0-1 libibverbs1_31.0-1 libicu-dev_67.1-4 libicu67_67.1-4 libidn2-0_2.3.0-1 libisl22_0.22.1-1 libitm1_10.2.0-15 libjs-jquery_3.5.1+dfsg-4 libjs-jquery-ui_1.12.1+dfsg-7 libjsoncpp1_1.7.4-3.1 libk5crypto3_1.17-10 libkeyutils1_1.6.1-2 libkrb5-3_1.17-10 libkrb5support0_1.17-10 libldap-2.4-2_2.4.54+dfsg-1 libllvm10_1:10.0.1-7 liblsan0_10.2.0-15 libltdl-dev_2.4.6-14 libltdl7_2.4.6-14 liblz4-1_1.9.2-2 liblzma5_5.2.4-1+b1 libmagic-mgc_1:5.38-5 libmagic1_1:5.38-5 libmount1_2.36-3+b1 libmpc3_1.2.0-1 libmpfr6_4.1.0-3 libncurses6_6.2+20200918-1 libncursesw6_6.2+20200918-1 libnettle8_3.6-2 libnghttp2-14_1.41.0-3 libnl-3-200_3.4.0-1+b1 libnl-3-dev_3.4.0-1+b1 libnl-route-3-200_3.4.0-1+b1 libnl-route-3-dev_3.4.0-1+b1 libnsl-dev_1.3.0-2 libnsl2_1.3.0-2 libnss-nis_3.1-4 libnss-nisplus_1.3-4 libnuma-dev_2.0.12-1+b1 libnuma1_2.0.12-1+b1 libobjc-10-dev_10.2.0-15 libobjc-9-dev_9.3.0-18 libobjc4_10.2.0-15 libomp-10-dev_1:10.0.1-7 libomp5-10_1:10.0.1-7 libopenmpi-dev_4.0.5-7 libopenmpi3_4.0.5-7 libp11-kit0_0.23.21-2 libpam-modules_1.3.1-5 libpam-modules-bin_1.3.1-5 libpam-runtime_1.3.1-5 libpam0g_1.3.1-5 libpciaccess0_0.16-1 libpcre2-8-0_10.34-7 libpcre3_2:8.39-13 libperl5.30_5.30.3-4 libpipeline1_1.5.3-1 libpmix-dev_3.2.0-1 libpmix2_3.2.0-1 libprocps8_2:3.3.16-5 libpsl5_0.21.0-1.1 libpsm-infinipath1_3.3+20.604758e7-6+b1 libpsm2-2_11.2.185-1 libpython3-dev_3.8.6-1 libpython3-stdlib_3.8.6-1 libpython3.8_3.8.6-1 libpython3.8-dev_3.8.6-1 libpython3.8-minimal_3.8.6-1 libpython3.8-stdlib_3.8.6-1 libquadmath0_10.2.0-15 librdmacm1_31.0-1 libreadline8_8.0-4 librhash0_1.4.0-1 librtmp1_2.4+20151223.gitfa8646d.1-2+b2 libsasl2-2_2.1.27+dfsg-2 libsasl2-modules-db_2.1.27+dfsg-2 libseccomp2_2.4.4-1+b1 libselinux1_3.1-2+b1 libsemanage-common_3.1-1 libsemanage1_3.1-1+b1 libsepol1_3.1-1 libsigsegv2_2.12-2 libsmartcols1_2.36-3+b1 libsqlite3-0_3.33.0-1 libss2_1.45.6-1 libssh2-1_1.8.0-2.1 libssl1.1_1.1.1h-1 libstdc++-10-dev_10.2.0-15 libstdc++6_10.2.0-15 libsub-override-perl_0.09-2 libsystemd0_246.6-2 libtasn1-6_4.16.0-2 libtinfo6_6.2+20200918-1 libtirpc-common_1.2.6-3 libtirpc-dev_1.2.6-3 libtirpc3_1.2.6-3 libtool_2.4.6-14 libtsan0_10.2.0-15 libubsan1_10.2.0-15 libuchardet0_0.0.7-1 libucx0_1.9.0~rc1-2 libudev1_246.6-2 libunistring2_0.9.10-4 libuuid1_2.36-3+b1 libuv1_1.39.0-1 libx11-6_2:1.6.12-1 libx11-data_2:1.6.12-1 libxau6_1:1.0.8-1+b2 libxcb1_1.14-2 libxdmcp6_1:1.1.2-3 libxext6_2:1.3.3-1+b2 libxml2_2.9.10+dfsg-6.1 libxnvctrl0_450.66-1 libz3-4_4.8.9-1 libzstd1_1.4.5+dfsg-4 linux-libc-dev_5.9.1-1 login_1:4.8.1-1 logsave_1.45.6-1 lsb-base_11.1.0 m4_1.4.18-4 make_4.3-4 man-db_2.9.3-2 mawk_1.3.4.20200120-2 mime-support_3.64 mount_2.36-3+b1 mpi-default-bin_1.13 mpi-default-dev_1.13 ncurses-base_6.2+20200918-1 ncurses-bin_6.2+20200918-1 node-jquery_3.5.1+dfsg-4 ocl-icd-libopencl1_2.2.12-4 openmpi-bin_4.0.5-7 openmpi-common_4.0.5-7 openssh-client_1:8.4p1-2 passwd_1:4.8.1-1 patch_2.7.6-6 perl_5.30.3-4 perl-base_5.30.3-4 perl-modules-5.30_5.30.3-4 po-debconf_1.0.21 procps_2:3.3.16-5 python3_3.8.6-1 python3-dev_3.8.6-1 python3-distutils_3.8.6-1 python3-lib2to3_3.8.6-1 python3-minimal_3.8.6-1 python3.8_3.8.6-1 python3.8-dev_3.8.6-1 python3.8-minimal_3.8.6-1 qt5-qmake_5.14.2+dfsg-6 qt5-qmake-bin_5.14.2+dfsg-6 qtchooser_66-2 rapidjson-dev_1.1.0+dfsg2-6 readline-common_8.0-4 sbuild-build-depends-main-dummy_0.invalid.0 sed_4.7-1 sensible-utils_0.0.12+nmu1 sysvinit-utils_2.96-5 tar_1.30+dfsg-7 tzdata_2020d-1 util-linux_2.36-3+b1 xz-utils_5.2.4-1+b1 zlib1g_1:1.2.11.dfsg-2 zlib1g-dev_1:1.2.11.dfsg-2

+------------------------------------------------------------------------------+
| Build                                                                        |
+------------------------------------------------------------------------------+


Unpack source
-------------

-----BEGIN PGP SIGNED MESSAGE-----
Hash: SHA256

Format: 3.0 (quilt)
Source: rttr
Binary: librttr-core0.9.6, librttr-dev
Architecture: any
Version: 0.9.6+dfsg1-3
Maintainer: Patrick Matthäi <pmatthaei@debian.org>
Homepage: https://www.rttr.org/
Standards-Version: 4.5.0
Build-Depends: debhelper-compat (= 12), cmake, libboost-all-dev, rapidjson-dev
Package-List:
 librttr-core0.9.6 deb libs optional arch=any
 librttr-dev deb libdevel optional arch=any
Checksums-Sha1:
 d3df7253974fe8d371ba88ae1f2a8eb48794402b 341543 rttr_0.9.6+dfsg1.orig.tar.gz
 ec9c001b28a8af2503ca4171816131e5edcea085 2476 rttr_0.9.6+dfsg1-3.debian.tar.xz
Checksums-Sha256:
 3e94d33dff9fc09ee256e31ace8f3842ad4ccb8975faaefdc2b60b3bb6d7b376 341543 rttr_0.9.6+dfsg1.orig.tar.gz
 a9f778745ff816c864b6dc6099329fd48896d3a92fa8effea001d500da16bd27 2476 rttr_0.9.6+dfsg1-3.debian.tar.xz
Files:
 d0d3fb5c6db13a00ed08242b0d3659aa 341543 rttr_0.9.6+dfsg1.orig.tar.gz
 39df62941563e597e86923621d0b8f63 2476 rttr_0.9.6+dfsg1-3.debian.tar.xz

-----BEGIN PGP SIGNATURE-----

iQIzBAEBCAAdFiEEWKA9xYJCWk3IuQ4TEtmwSpDL2OQFAl4p19sACgkQEtmwSpDL
2ORsFg//XwXwhzqXU4+OV5ERxE+JOP52HEfRcHDDeTbfQsIBixPuuouDsGzYPQFx
wUuBpTRldndG4XV0ypcTfDWaqrNHc+tdUzJmPG8gr8VTvg4DuRtt2JeQ9DnNPMek
BBGCkQ2FHz24SMjzQUmLbWwf2f8/X1pLljE87LbWat298V2/kMdkE5+RMUaQ2p9Z
AExUuYwhvQ78j4YGqLS9679QAJStyRFKcqgBqBltAFo1ZcKWogC3KPA/uiS3KvqK
8hYVCNl9iem6KLwgKCHohOgm2EztXsmow8BF3mImv4kshNoY1YgqeJGeZC1lZrVH
QUalZlqdLkESByljvoxyYjkawvD+jAcuZXfjvdf9g+Uu3mSGws4d2vksGKGlKDup
Yz3CsRbnTPTVEAWKZXbeXqPzNSibKq1Urh9l3AcYUcDTzmqGxbmC8N3wX00YsfdW
zPYuubBQIhX3yPbPllMTEvwHsTl4l7uZd3GYqN30ooAqgJs3Y4CmNyPKmxJdQb/a
OiRD6pws1jp7hrALoyXp8rb1aJZQjm9bW/ZXGAFoKzNA//v6zw9dbUila6sJLTn3
vNNImb6QLUM/VTbnF90qTRZHj3FE9E0NAkCV2od8+ycpYpnojLeJjcYEDOsGoAer
kGC1wPRRET/yqOLxQ+EQ1EgJNAMyA7SXSna3mNgcLIPIEOfcglI=
=yBG+
-----END PGP SIGNATURE-----

gpgv: unknown type of key resource 'trustedkeys.kbx'
gpgv: keyblock resource '/tmp/dpkg-verify-sig.m2kKWrG9/trustedkeys.kbx': General error
gpgv: Signature made Thu Jan 23 17:28:59 2020 UTC
gpgv:                using RSA key 58A03DC582425A4DC8B90E1312D9B04A90CBD8E4
gpgv: Can't check signature: No public key
dpkg-source: warning: failed to verify signature on ./rttr_0.9.6+dfsg1-3.dsc
dpkg-source: info: extracting rttr in /<<PKGBUILDDIR>>
dpkg-source: info: unpacking rttr_0.9.6+dfsg1.orig.tar.gz
dpkg-source: info: unpacking rttr_0.9.6+dfsg1-3.debian.tar.xz

Check disk space
----------------

Sufficient free space for build

User Environment
----------------

APT_CONFIG=/var/lib/sbuild/apt.conf
HOME=/sbuild-nonexistent
LANG=C.UTF-8
LC_ALL=C.UTF-8
LOGNAME=user42
PATH=/usr/local/sbin:/usr/local/bin:/usr/sbin:/usr/bin:/sbin:/bin:/usr/games
SCHROOT_ALIAS_NAME=unstable
SCHROOT_CHROOT_NAME=sid-amd64-sbuild
SCHROOT_COMMAND=env
SCHROOT_GID=1001
SCHROOT_GROUP=user42
SCHROOT_SESSION_ID=sid-amd64-sbuild-249948fb-d6df-48c4-9d71-2148677fc4f7
SCHROOT_UID=1001
SCHROOT_USER=user42
SHELL=/bin/sh
USER=user42

dpkg-buildpackage
-----------------

Command: dpkg-buildpackage -us -uc -b -rfakeroot
dpkg-buildpackage: info: source package rttr
dpkg-buildpackage: info: source version 0.9.6+dfsg1-3
dpkg-buildpackage: info: source distribution unstable
dpkg-buildpackage: info: source changed by Patrick Matthäi <pmatthaei@debian.org>
 dpkg-source --before-build .
dpkg-buildpackage: info: host architecture amd64
 debian/rules clean
dh clean
   dh_clean
 debian/rules binary
dh binary
   dh_update_autotools_config
   dh_autoreconf
   debian/rules override_dh_auto_configure
make[1]: Entering directory '/<<PKGBUILDDIR>>'
dh_auto_configure -- \
	-DCMAKE_INSTALL_PREFIX=/usr \
	-DCMAKE_BUILD_TYPE=Release -DBUILD_UNIT_TESTS=false -DUSE_PCH=false -DBUILD_BENCHMARKS=false -DBUILD_EXAMPLES=false \
	-DCMAKE_CXX_FLAGS="-g -O2 -fdebug-prefix-map=/<<PKGBUILDDIR>>=. -fstack-protector-strong -Wformat -Werror=format-security"
	cd obj-x86_64-linux-gnu && cmake -DCMAKE_INSTALL_PREFIX=/usr -DCMAKE_BUILD_TYPE=None -DCMAKE_INSTALL_SYSCONFDIR=/etc -DCMAKE_INSTALL_LOCALSTATEDIR=/var -DCMAKE_EXPORT_NO_PACKAGE_REGISTRY=ON -DCMAKE_FIND_PACKAGE_NO_PACKAGE_REGISTRY=ON -DCMAKE_INSTALL_RUNSTATEDIR=/run "-GUnix Makefiles" -DCMAKE_VERBOSE_MAKEFILE=ON -DCMAKE_INSTALL_LIBDIR=lib/x86_64-linux-gnu -DCMAKE_INSTALL_PREFIX=/usr -DCMAKE_BUILD_TYPE=Release -DBUILD_UNIT_TESTS=false -DUSE_PCH=false -DBUILD_BENCHMARKS=false -DBUILD_EXAMPLES=false "-DCMAKE_CXX_FLAGS=-g -O2 -fdebug-prefix-map=/<<PKGBUILDDIR>>=. -fstack-protector-strong -Wformat -Werror=format-security" ..
-- The CXX compiler identification is Clang 10.0.1
-- Detecting CXX compiler ABI info
-- Detecting CXX compiler ABI info - done
-- Check for working CXX compiler: /usr/bin/c++ - skipped
-- Detecting CXX compile features
-- Detecting CXX compile features - done
Project version: 0.9.6
-- Architecture: x64
-- Enabled: use of RTTI
-- Performing Test HAS_NO_EXCEPT_TYPE_SIGNATURE_SUPPORT
-- Performing Test HAS_NO_EXCEPT_TYPE_SIGNATURE_SUPPORT - Success
-- Performing Test HAS_STL_NO_EXCEPT_TYPE_SIGNATURE_SUPPORT
-- Performing Test HAS_STL_NO_EXCEPT_TYPE_SIGNATURE_SUPPORT - Success
-- Performing Test HAS_CXX_CONSTEXPR
-- Performing Test HAS_CXX_CONSTEXPR - Success
-- Performing Test HAS_PARTIAL_SPECIALIZATION_FOR_ARRAYS
-- Performing Test HAS_PARTIAL_SPECIALIZATION_FOR_ARRAYS - Success
-- using C++: 17
-- 
-- Finding 3rd party libs...
-- ===========================
-- Finished finding 3rd party libs!
-- Scanning rttr module.
-- ===========================
-- rttr directory included
-- Scanning rttr module finished!
-- 
-- Could NOT find Doxygen (missing: DOXYGEN_EXECUTABLE) 
CMake Warning at doc/CMakeLists.txt:85 (message):
  Doxygen not found - Documentation will not be generated!


-- Configuring done
-- Generating done
CMake Warning:
  Manually-specified variables were not used by the project:

    CMAKE_EXPORT_NO_PACKAGE_REGISTRY


-- Build files have been written to: /<<PKGBUILDDIR>>/obj-x86_64-linux-gnu
make[1]: Leaving directory '/<<PKGBUILDDIR>>'
   dh_auto_build
	cd obj-x86_64-linux-gnu && make -j4 "INSTALL=install --strip-program=true"
make[1]: Entering directory '/<<PKGBUILDDIR>>/obj-x86_64-linux-gnu'
/usr/bin/cmake -S/<<PKGBUILDDIR>> -B/<<PKGBUILDDIR>>/obj-x86_64-linux-gnu --check-build-system CMakeFiles/Makefile.cmake 0
/usr/bin/cmake -E cmake_progress_start /<<PKGBUILDDIR>>/obj-x86_64-linux-gnu/CMakeFiles /<<PKGBUILDDIR>>/obj-x86_64-linux-gnu//CMakeFiles/progress.marks
make  -f CMakeFiles/Makefile2 all
make[2]: Entering directory '/<<PKGBUILDDIR>>/obj-x86_64-linux-gnu'
make  -f src/rttr/CMakeFiles/rttr_core.dir/build.make src/rttr/CMakeFiles/rttr_core.dir/depend
make[3]: Entering directory '/<<PKGBUILDDIR>>/obj-x86_64-linux-gnu'
cd /<<PKGBUILDDIR>>/obj-x86_64-linux-gnu && /usr/bin/cmake -E cmake_depends "Unix Makefiles" /<<PKGBUILDDIR>> /<<PKGBUILDDIR>>/src/rttr /<<PKGBUILDDIR>>/obj-x86_64-linux-gnu /<<PKGBUILDDIR>>/obj-x86_64-linux-gnu/src/rttr /<<PKGBUILDDIR>>/obj-x86_64-linux-gnu/src/rttr/CMakeFiles/rttr_core.dir/DependInfo.cmake --color=
Scanning dependencies of target rttr_core
make[3]: Leaving directory '/<<PKGBUILDDIR>>/obj-x86_64-linux-gnu'
make  -f src/rttr/CMakeFiles/rttr_core.dir/build.make src/rttr/CMakeFiles/rttr_core.dir/build
make[3]: Entering directory '/<<PKGBUILDDIR>>/obj-x86_64-linux-gnu'
[  3%] Building CXX object src/rttr/CMakeFiles/rttr_core.dir/constructor.cpp.o
[  9%] Building CXX object src/rttr/CMakeFiles/rttr_core.dir/enumeration.cpp.o
[  9%] Building CXX object src/rttr/CMakeFiles/rttr_core.dir/destructor.cpp.o
[ 12%] Building CXX object src/rttr/CMakeFiles/rttr_core.dir/library.cpp.o
cd /<<PKGBUILDDIR>>/obj-x86_64-linux-gnu/src/rttr && /usr/bin/c++ -DRTTR_DLL -DRTTR_DLL_EXPORTS -Drttr_core_EXPORTS -I/<<PKGBUILDDIR>>/obj-x86_64-linux-gnu/src/rttr/.. -I/<<PKGBUILDDIR>>/src/rttr/.. -g -O2 -fdebug-prefix-map=/<<PKGBUILDDIR>>=. -fstack-protector-strong -Wformat -Werror=format-security -frtti -O3 -DNDEBUG -frtti -fPIC -fvisibility=hidden -fvisibility-inlines-hidden -Werror -Wall -std=c++17 -o CMakeFiles/rttr_core.dir/constructor.cpp.o -c /<<PKGBUILDDIR>>/src/rttr/constructor.cpp
cd /<<PKGBUILDDIR>>/obj-x86_64-linux-gnu/src/rttr && /usr/bin/c++ -DRTTR_DLL -DRTTR_DLL_EXPORTS -Drttr_core_EXPORTS -I/<<PKGBUILDDIR>>/obj-x86_64-linux-gnu/src/rttr/.. -I/<<PKGBUILDDIR>>/src/rttr/.. -g -O2 -fdebug-prefix-map=/<<PKGBUILDDIR>>=. -fstack-protector-strong -Wformat -Werror=format-security -frtti -O3 -DNDEBUG -frtti -fPIC -fvisibility=hidden -fvisibility-inlines-hidden -Werror -Wall -std=c++17 -o CMakeFiles/rttr_core.dir/destructor.cpp.o -c /<<PKGBUILDDIR>>/src/rttr/destructor.cpp
cd /<<PKGBUILDDIR>>/obj-x86_64-linux-gnu/src/rttr && /usr/bin/c++ -DRTTR_DLL -DRTTR_DLL_EXPORTS -Drttr_core_EXPORTS -I/<<PKGBUILDDIR>>/obj-x86_64-linux-gnu/src/rttr/.. -I/<<PKGBUILDDIR>>/src/rttr/.. -g -O2 -fdebug-prefix-map=/<<PKGBUILDDIR>>=. -fstack-protector-strong -Wformat -Werror=format-security -frtti -O3 -DNDEBUG -frtti -fPIC -fvisibility=hidden -fvisibility-inlines-hidden -Werror -Wall -std=c++17 -o CMakeFiles/rttr_core.dir/enumeration.cpp.o -c /<<PKGBUILDDIR>>/src/rttr/enumeration.cpp
cd /<<PKGBUILDDIR>>/obj-x86_64-linux-gnu/src/rttr && /usr/bin/c++ -DRTTR_DLL -DRTTR_DLL_EXPORTS -Drttr_core_EXPORTS -I/<<PKGBUILDDIR>>/obj-x86_64-linux-gnu/src/rttr/.. -I/<<PKGBUILDDIR>>/src/rttr/.. -g -O2 -fdebug-prefix-map=/<<PKGBUILDDIR>>=. -fstack-protector-strong -Wformat -Werror=format-security -frtti -O3 -DNDEBUG -frtti -fPIC -fvisibility=hidden -fvisibility-inlines-hidden -Werror -Wall -std=c++17 -o CMakeFiles/rttr_core.dir/library.cpp.o -c /<<PKGBUILDDIR>>/src/rttr/library.cpp
In file included from /<<PKGBUILDDIR>>/src/rttr/destructor.cpp:29:
In file included from /<<PKGBUILDDIR>>/src/rttr/../rttr/detail/destructor/destructor_wrapper_base.h:32:
In file included from /<<PKGBUILDDIR>>/src/rttr/../rttr/type.h:1221:
In file included from /<<PKGBUILDDIR>>/src/rttr/../rttr/detail/type/type_impl.h:36:
In file included from /<<PKGBUILDDIR>>/src/rttr/../rttr/detail/type/get_create_variant_func.h:32:
In file included from /<<PKGBUILDDIR>>/src/rttr/../rttr/variant.h:1156:
In file included from /<<PKGBUILDDIR>>/src/rttr/../rttr/detail/variant/variant_impl.h:36:
In file included from /<<PKGBUILDDIR>>/src/rttr/../rttr/detail/variant/variant_data_policy.h:36:
In file included from /<<PKGBUILDDIR>>/src/rttr/../rttr/detail/variant/variant_data_converter.h:32:
/<<PKGBUILDDIR>>/src/rttr/../rttr/detail/conversion/number_conversion.h:137:16: error: implicit conversion from 'int' to 'float' changes value from 2147483647 to 2147483648 [-Werror,-Wimplicit-int-float-conversion]
    if (from > std::numeric_limits<T>::max())
             ~ ^~~~~~~~~~~~~~~~~~~~~~~~~~~~~
/<<PKGBUILDDIR>>/src/rttr/../rttr/detail/variant/variant_data_converter.h:1060:16: note: in instantiation of function template specialization 'rttr::detail::convert_to<float, int>' requested here
        return convert_to(from, to);
               ^
In file included from /<<PKGBUILDDIR>>/src/rttr/destructor.cpp:29:
In file included from /<<PKGBUILDDIR>>/src/rttr/../rttr/detail/destructor/destructor_wrapper_base.h:32:
In file included from /<<PKGBUILDDIR>>/src/rttr/../rttr/type.h:1221:
In file included from /<<PKGBUILDDIR>>/src/rttr/../rttr/detail/type/type_impl.h:36:
In file included from /<<PKGBUILDDIR>>/src/rttr/../rttr/detail/type/get_create_variant_func.h:32:
In file included from /<<PKGBUILDDIR>>/src/rttr/../rttr/variant.h:1156:
In file included from /<<PKGBUILDDIR>>/src/rttr/../rttr/detail/variant/variant_impl.h:36:
In file included from /<<PKGBUILDDIR>>/src/rttr/../rttr/detail/variant/variant_data_policy.h:36:
In file included from /<<PKGBUILDDIR>>/src/rttr/../rttr/detail/variant/variant_data_converter.h:32:
/<<PKGBUILDDIR>>/src/rttr/../rttr/detail/conversion/number_conversion.h:139:21: error: implicit conversion from 'int' to 'float' changes value from -2147483647 to -2147483648 [-Werror,-Wimplicit-int-float-conversion]
    else if (from < -std::numeric_limits<T>::max())
                  ~ ^~~~~~~~~~~~~~~~~~~~~~~~~~~~~~
In file included from /<<PKGBUILDDIR>>/src/rttr/enumeration.cpp:28:
In file included from /<<PKGBUILDDIR>>/src/rttr/../rttr/enumeration.h:32:
/<<PKGBUILDDIR>>/src/rttr/../rttr/detail/conversion/number_conversion.h:137In file included from /<<PKGBUILDDIR>>/src/rttr/../rttr/type.h:1221:
In file included from /<<PKGBUILDDIR>>/src/rttr/../rttr/detail/type/type_impl.h:36:
In file included from /<<PKGBUILDDIR>>/src/rttr/../rttr/detail/type/get_create_variant_func.h:32:
In file included from /<<PKGBUILDDIR>>/src/rttr/../rttr/variant.h:1156:
In file included from /<<PKGBUILDDIR>>/src/rttr/../rttr/detail/variant/variant_impl.h:36:
In file included from /<<PKGBUILDDIR>>/src/rttr/../rttr/detail/variant/variant_data_policy.h:36:
In file included from /<<PKGBUILDDIR>>/src/rttr/../rttr/detail/variant/variant_data_converter.h:32:
/<<PKGBUILDDIR>>/src/rttr/../rttr/detail/conversion/number_conversion.h:137:16: error: implicit conversion from 'int' to 'float' changes value from 2147483647 to 2147483648 [-Werror,-Wimplicit-int-float-conversion]
    if (from > std::numeric_limits<T>::max())
             ~ ^~~~~~~~~~~~~~~~~~~~~~~~~~~~~
/<<PKGBUILDDIR>>/src/rttr/../rttr/detail/variant/variant_data_converter.h:1060:16: note: in instantiation of function template specialization 'rttr::detail::convert_to<float, int>' requested here
        return convert_to(from, to);
               ^
In file included from /<<PKGBUILDDIR>>/src/rttr/enumeration.cpp:28:
In file included from /<<PKGBUILDDIR>>/src/rttr/../rttr/enumeration.h:32:
In file included from /<<PKGBUILDDIR>>/src/rttr/../rttr/type.h:1221:
In file included from /<<PKGBUILDDIR>>/src/rttr/../rttr/detail/type/type_impl.h:36:
In file included from /<<PKGBUILDDIR>>/src/rttr/../rttr/detail/type/get_create_variant_func.h:32:
In file included from /<<PKGBUILDDIR>>/src/rttr/../rttr/variant.h:1156:
In file included from /<<PKGBUILDDIR>>/src/rttr/../rttr/detail/variant/variant_impl.h:36:
In file included from /<<PKGBUILDDIR>>/src/rttr/../rttr/detail/variant/variant_data_policy.h:36:
In file included from /<<PKGBUILDDIR>>/src/rttr/../rttr/detail/variant/variant_data_converter.h:32:
/<<PKGBUILDDIR>>/src/rttr/../rttr/detail/conversion/number_conversion.h:139:21::16: error: implicit conversion from 'long' to 'float' changes value from 9223372036854775807 to 9223372036854775808 [-Werror,-Wimplicit-int-float-conversion]
 error: implicit conversion from 'int' to 'float' changes value from -2147483647 to -2147483648 [-Werror,-Wimplicit-int-float-conversion]
    else if (from < -std::numeric_limits<T>::max())    if (from > std::numeric_limits<T>::max())
             ~ ^~~~~~~~~~~~~~~~~~~~~~~~~~~~~

                  ~ ^~~~~~~~~~~~~~~~~~~~~~~~~~~~~~
/<<PKGBUILDDIR>>/src/rttr/../rttr/detail/variant/variant_data_converter.h:1065:16: note: in instantiation of function template specialization 'rttr::detail::convert_to<float, long>' requested here
/<<PKGBUILDDIR>>/src/rttr/../rttr/detail/conversion/number_conversion.h:137        return convert_to(from, to);
               ^
:16: error: implicit conversion from 'long' to 'float' changes value from 9223372036854775807 to 9223372036854775808 [-Werror,-Wimplicit-int-float-conversion]
    if (from > std::numeric_limits<T>::max())In file included from /<<PKGBUILDDIR>>/src/rttr/destructor.cpp:29:
In file included from /<<PKGBUILDDIR>>/src/rttr/../rttr/detail/destructor/destructor_wrapper_base.h:32:
In file included from /<<PKGBUILDDIR>>/src/rttr/../rttr/type.h:1221:

             ~ ^~~~~~~~~~~~~~~~~~~~~~~~~~~~~
/<<PKGBUILDDIR>>/src/rttr/../rttr/detail/variant/variant_data_converter.h:1065:16: note: in instantiation of function template specialization 'rttr::detail::convert_to<float, long>' requested here
        return convert_to(from, to);
In file included from /<<PKGBUILDDIR>>/src/rttr/../rttr/detail/type/type_impl.h:36               ^
In file included from /<<PKGBUILDDIR>>/src/rttr/enumeration.cpp:
:28:
In file included from /<<PKGBUILDDIR>>/src/rttr/../rttr/enumeration.h:32:
In file included from /<<PKGBUILDDIR>>/src/rttr/../rttr/type.h:1221:
In file included from /<<PKGBUILDDIR>>/src/rttr/../rttr/detail/type/type_impl.h:36:
In file included from /<<PKGBUILDDIR>>/src/rttr/../rttr/detail/type/get_create_variant_func.h:32:
In file included from /<<PKGBUILDDIR>>/src/rttr/../rttr/variant.h:1156:
In file included from /<<PKGBUILDDIR>>/src/rttr/../rttr/detail/variant/variant_impl.h:36:
In file included from /<<PKGBUILDDIR>>/src/rttr/../rttr/detail/variant/variant_data_policy.h:36:
In file included from /<<PKGBUILDDIR>>/src/rttr/../rttr/detail/variant/variant_data_converter.h:32:
/<<PKGBUILDDIR>>/src/rttr/../rttr/detail/conversion/number_conversion.h:139:21: error: implicit conversion from 'long' to 'float' changes value from -9223372036854775807 to -9223372036854775808 [-Werror,-Wimplicit-int-float-conversion]
    else if (from < -std::numeric_limits<T>::max())
                  ~ ^~~~~~~~~~~~~~~~~~~~~~~~~~~~~~
In file included from /<<PKGBUILDDIR>>/src/rttr/../rttr/detail/type/get_create_variant_func.h:32/<<PKGBUILDDIR>>/src/rttr/../rttr/detail/conversion/number_conversion.h:154:28: error: implicit conversion from 'unsigned int' to 'float' changes value from 4294967295 to 4294967296 [-Werror,-Wimplicit-int-float-conversion]
    if (from < 0 || from > std::numeric_limits<T>::max())
                         ~ ^~~~~~~~~~~~~~~~~~~~~~~~~~~~~
/<<PKGBUILDDIR>>/src/rttr/../rttr/detail/variant/variant_data_converter.h:1080:16:
In file included from /<<PKGBUILDDIR>>/src/rttr/../rttr/variant.h:1156:
In file included from /<<PKGBUILDDIR>>/src/rttr/../rttr/detail/variant/variant_impl.h:36:
In file included from : note: in instantiation of function template specialization 'rttr::detail::convert_to<float, unsigned int>' requested here
        return convert_to(from, to);
               ^
/<<PKGBUILDDIR>>/src/rttr/../rttr/detail/variant/variant_data_policy.h:36:
In file included from /<<PKGBUILDDIR>>/src/rttr/../rttr/detail/variant/variant_data_converter.h:32:
In file included from /<<PKGBUILDDIR>>/src/rttr/enumeration.cpp:28:
In file included from /<<PKGBUILDDIR>>/src/rttr/../rttr/enumeration.h:32:
In file included from /<<PKGBUILDDIR>>/src/rttr/../rttr/type.h:1221:
In file included from /<<PKGBUILDDIR>>/src/rttr/../rttr/detail/type/type_impl.h:36:
In file included from /<<PKGBUILDDIR>>/src/rttr/../rttr/detail/type/get_create_variant_func.h:32:
In file included from /<<PKGBUILDDIR>>/src/rttr/../rttr/variant.h:1156:
In file included from /<<PKGBUILDDIR>>/src/rttr/../rttr/detail/variant/variant_impl.h:36:
In file included from /<<PKGBUILDDIR>>/src/rttr/../rttr/detail/variant/variant_data_policy.h:36:
In file included from /<<PKGBUILDDIR>>/src/rttr/../rttr/detail/variant/variant_data_converter.h:32:
/<<PKGBUILDDIR>>/src/rttr/../rttr/detail/conversion/number_conversion.h:154:28: error: implicit conversion from 'unsigned long' to 'float' changes value from 18446744073709551615 to 18446744073709551616 [-Werror,-Wimplicit-int-float-conversion]
    if (from < 0 || from > std::numeric_limits<T>::max())
                         ~ ^~~~~~~~~~~~~~~~~~~~~~~~~~~~~
/<<PKGBUILDDIR>>/src/rttr/../rttr/detail/variant/variant_data_converter.h:1085:16: note: in instantiation of function template specialization 'rttr::detail::convert_to<float, unsigned long>' requested here
        return convert_to(from, to);
               ^
/<<PKGBUILDDIR>>/src/rttr/../rttr/detail/conversion/number_conversion.h:139:21: error: implicit conversion from 'long' to 'float' changes value from -9223372036854775807 to -9223372036854775808 [-Werror,-Wimplicit-int-float-conversion]
    else if (from < -std::numeric_limits<T>::max())
                  ~ ^~~~~~~~~~~~~~~~~~~~~~~~~~~~~~
/<<PKGBUILDDIR>>/src/rttr/../rttr/detail/conversion/number_conversion.h:154:28: error: implicit conversion from 'unsigned int' to 'float' changes value from 4294967295 to 4294967296 [-Werror,-Wimplicit-int-float-conversion]
    if (from < 0 || from > std::numeric_limits<T>::max())
                         ~ ^~~~~~~~~~~~~~~~~~~~~~~~~~~~~
/<<PKGBUILDDIR>>/src/rttr/../rttr/detail/variant/variant_data_converter.h:1080:16: note: in instantiation of function template specialization 'rttr::detail::convert_to<float, unsigned int>' requested here
        return convert_to(from, to);
               ^
In file included from /<<PKGBUILDDIR>>/src/rttr/destructor.cpp:29:
In file included from /<<PKGBUILDDIR>>/src/rttr/../rttr/detail/destructor/destructor_wrapper_base.h:32:
In file included from /<<PKGBUILDDIR>>/src/rttr/../rttr/type.h:1221:
In file included from /<<PKGBUILDDIR>>/src/rttr/../rttr/detail/type/type_impl.h:36:
In file included from /<<PKGBUILDDIR>>/src/rttr/../rttr/detail/type/get_create_variant_func.h:32:
In file included from /<<PKGBUILDDIR>>/src/rttr/../rttr/variant.h:1156:
In file included from /<<PKGBUILDDIR>>/src/rttr/../rttr/detail/variant/variant_impl.h:36:
In file included from /<<PKGBUILDDIR>>/src/rttr/../rttr/detail/variant/variant_data_policy.h:36:
In file included from /<<PKGBUILDDIR>>/src/rttr/../rttr/detail/variant/variant_data_converter.h:32:
/<<PKGBUILDDIR>>/src/rttr/../rttr/detail/conversion/number_conversion.h:154:28: error: implicit conversion from 'unsigned long' to 'float' changes value from 18446744073709551615 to 18446744073709551616 [-Werror,-Wimplicit-int-float-conversion]
    if (from < 0 || from > std::numeric_limits<T>::max())
                         ~ ^~~~~~~~~~~~~~~~~~~~~~~~~~~~~
/<<PKGBUILDDIR>>/src/rttr/../rttr/detail/variant/variant_data_converter.h:1085:16: note: in instantiation of function template specialization 'rttr::detail::convert_to<float, unsigned long>' requested here
        return convert_to(from, to);
               ^
In file included from /<<PKGBUILDDIR>>/src/rttr/constructor.cpp:28:
In file included from /<<PKGBUILDDIR>>/src/rttr/../rttr/constructor.h:35:
In file included from /<<PKGBUILDDIR>>/src/rttr/../rttr/array_range.h:338:
In file included from /<<PKGBUILDDIR>>/src/rttr/../rttr/detail/impl/array_range_impl.h:33:
In file included from /<<PKGBUILDDIR>>/src/rttr/../rttr/type.h:1221:
In file included from /<<PKGBUILDDIR>>/src/rttr/../rttr/detail/type/type_impl.h:36:
In file included from /<<PKGBUILDDIR>>/src/rttr/../rttr/detail/type/get_create_variant_func.h:32:
In file included from /<<PKGBUILDDIR>>/src/rttr/../rttr/variant.h:1156:
In file included from /<<PKGBUILDDIR>>/src/rttr/../rttr/detail/variant/variant_impl.h:36:
In file included from /<<PKGBUILDDIR>>/src/rttr/../rttr/detail/variant/variant_data_policy.h:36:
In file included from /<<PKGBUILDDIR>>/src/rttr/../rttr/detail/variant/variant_data_converter.h:32:
/<<PKGBUILDDIR>>/src/rttr/../rttr/detail/conversion/number_conversion.h:137:16: error: implicit conversion from 'int' to 'float' changes value from 2147483647 to 2147483648 [-Werror,-Wimplicit-int-float-conversion]
    if (from > std::numeric_limits<T>::max())
             ~ ^~~~~~~~~~~~~~~~~~~~~~~~~~~~~
/<<PKGBUILDDIR>>/src/rttr/../rttr/detail/variant/variant_data_converter.h:1060:16: note: in instantiation of function template specialization 'rttr::detail::convert_to<float, int>' requested here
        return convert_to(from, to);
               ^
In file included from /<<PKGBUILDDIR>>/src/rttr/constructor.cpp:28:
In file included from /<<PKGBUILDDIR>>/src/rttr/../rttr/constructor.h:35:
In file included from /<<PKGBUILDDIR>>/src/rttr/../rttr/array_range.h:338:
In file included from /<<PKGBUILDDIR>>/src/rttr/../rttr/detail/impl/array_range_impl.h:33:
In file included from /<<PKGBUILDDIR>>/src/rttr/../rttr/type.h:1221:
In file included from /<<PKGBUILDDIR>>/src/rttr/../rttr/detail/type/type_impl.h:36:
In file included from /<<PKGBUILDDIR>>/src/rttr/../rttr/detail/type/get_create_variant_func.h:32:
In file included from /<<PKGBUILDDIR>>/src/rttr/../rttr/variant.h:1156:
In file included from /<<PKGBUILDDIR>>/src/rttr/../rttr/detail/variant/variant_impl.h:36:
In file included from /<<PKGBUILDDIR>>/src/rttr/../rttr/detail/variant/variant_data_policy.h:36:
In file included from /<<PKGBUILDDIR>>/src/rttr/../rttr/detail/variant/variant_data_converter.h:32:
/<<PKGBUILDDIR>>/src/rttr/../rttr/detail/conversion/number_conversion.h:139:21: error: implicit conversion from 'int' to 'float' changes value from -2147483647 to -2147483648 [-Werror,-Wimplicit-int-float-conversion]
    else if (from < -std::numeric_limits<T>::max())
                  ~ ^~~~~~~~~~~~~~~~~~~~~~~~~~~~~~
/<<PKGBUILDDIR>>/src/rttr/../rttr/detail/conversion/number_conversion.h:137:16: error: implicit conversion from 'long' to 'float' changes value from 9223372036854775807 to 9223372036854775808 [-Werror,-Wimplicit-int-float-conversion]
    if (from > std::numeric_limits<T>::max())
             ~ ^~~~~~~~~~~~~~~~~~~~~~~~~~~~~
/<<PKGBUILDDIR>>/src/rttr/../rttr/detail/variant/variant_data_converter.h:1065:16: note: in instantiation of function template specialization 'rttr::detail::convert_to<float, long>' requested here
        return convert_to(from, to);
               ^
In file included from /<<PKGBUILDDIR>>/src/rttr/constructor.cpp:28:
In file included from /<<PKGBUILDDIR>>/src/rttr/../rttr/constructor.h:35:
In file included from /<<PKGBUILDDIR>>/src/rttr/../rttr/array_range.h:338:
In file included from /<<PKGBUILDDIR>>/src/rttr/../rttr/detail/impl/array_range_impl.h:33:
In file included from /<<PKGBUILDDIR>>/src/rttr/../rttr/type.h:1221:
In file included from /<<PKGBUILDDIR>>/src/rttr/../rttr/detail/type/type_impl.h:36:
In file included from /<<PKGBUILDDIR>>/src/rttr/../rttr/detail/type/get_create_variant_func.h:32:
In file included from /<<PKGBUILDDIR>>/src/rttr/../rttr/variant.h:1156:
In file included from /<<PKGBUILDDIR>>/src/rttr/../rttr/detail/variant/variant_impl.h:36:
In file included from /<<PKGBUILDDIR>>/src/rttr/../rttr/detail/variant/variant_data_policy.h:36:
In file included from /<<PKGBUILDDIR>>/src/rttr/../rttr/detail/variant/variant_data_converter.h:32:
/<<PKGBUILDDIR>>/src/rttr/../rttr/detail/conversion/number_conversion.h:139:21: error: implicit conversion from 'long' to 'float' changes value from -9223372036854775807 to -9223372036854775808 [-Werror,-Wimplicit-int-float-conversion]
    else if (from < -std::numeric_limits<T>::max())
                  ~ ^~~~~~~~~~~~~~~~~~~~~~~~~~~~~~
/<<PKGBUILDDIR>>/src/rttr/../rttr/detail/conversion/number_conversion.h:154:28: error: implicit conversion from 'unsigned int' to 'float' changes value from 4294967295 to 4294967296 [-Werror,-Wimplicit-int-float-conversion]
    if (from < 0 || from > std::numeric_limits<T>::max())
                         ~ ^~~~~~~~~~~~~~~~~~~~~~~~~~~~~
/<<PKGBUILDDIR>>/src/rttr/../rttr/detail/variant/variant_data_converter.h:1080:16: note: in instantiation of function template specialization 'rttr::detail::convert_to<float, unsigned int>' requested here
        return convert_to(from, to);
               ^
In file included from /<<PKGBUILDDIR>>/src/rttr/constructor.cpp:28:
In file included from /<<PKGBUILDDIR>>/src/rttr/../rttr/constructor.h:35:
In file included from /<<PKGBUILDDIR>>/src/rttr/../rttr/array_range.h:338:
In file included from /<<PKGBUILDDIR>>/src/rttr/../rttr/detail/impl/array_range_impl.h:33:
In file included from /<<PKGBUILDDIR>>/src/rttr/../rttr/type.h:1221:
In file included from /<<PKGBUILDDIR>>/src/rttr/../rttr/detail/type/type_impl.h:36:
In file included from /<<PKGBUILDDIR>>/src/rttr/../rttr/detail/type/get_create_variant_func.h:32:
In file included from /<<PKGBUILDDIR>>/src/rttr/../rttr/variant.h:1156:
In file included from /<<PKGBUILDDIR>>/src/rttr/../rttr/detail/variant/variant_impl.h:36:
In file included from /<<PKGBUILDDIR>>/src/rttr/../rttr/detail/variant/variant_data_policy.h:36:
In file included from /<<PKGBUILDDIR>>/src/rttr/../rttr/detail/variant/variant_data_converter.h:32:
/<<PKGBUILDDIR>>/src/rttr/../rttr/detail/conversion/number_conversion.h:154:28: error: implicit conversion from 'unsigned long' to 'float' changes value from 18446744073709551615 to 18446744073709551616 [-Werror,-Wimplicit-int-float-conversion]
    if (from < 0 || from > std::numeric_limits<T>::max())
                         ~ ^~~~~~~~~~~~~~~~~~~~~~~~~~~~~
/<<PKGBUILDDIR>>/src/rttr/../rttr/detail/variant/variant_data_converter.h:1085:16: note: in instantiation of function template specialization 'rttr::detail::convert_to<float, unsigned long>' requested here
        return convert_to(from, to);
               ^
In file included from /<<PKGBUILDDIR>>/src/rttr/enumeration.cpp:28:
In file included from /<<PKGBUILDDIR>>/src/rttr/../rttr/enumeration.h:32:
In file included from /<<PKGBUILDDIR>>/src/rttr/../rttr/type.h:1221:
In file included from /<<PKGBUILDDIR>>/src/rttr/../rttr/detail/type/type_impl.h:36:
In file included from /<<PKGBUILDDIR>>/src/rttr/../rttr/detail/type/get_create_variant_func.h:32:
In file included from /<<PKGBUILDDIR>>/src/rttr/../rttr/variant.h:1156:
In file included from /<<PKGBUILDDIR>>/src/rttr/../rttr/detail/variant/variant_impl.h:36:
In file included from /<<PKGBUILDDIR>>/src/rttr/../rttr/detail/variant/variant_data_policy.h:36:
In file included from /<<PKGBUILDDIR>>/src/rttr/../rttr/detail/variant/variant_data_converter.h:32:
/<<PKGBUILDDIR>>/src/rttr/../rttr/detail/conversion/number_conversion.h:137:16: error: implicit conversion from 'long' to 'double' changes value from 9223372036854775807 to 9223372036854775808 [-Werror,-Wimplicit-int-float-conversion]
    if (from > std::numeric_limits<T>::max())
             ~ ^~~~~~~~~~~~~~~~~~~~~~~~~~~~~
/<<PKGBUILDDIR>>/src/rttr/../rttr/detail/variant/variant_data_converter.h:1146:16: note: in instantiation of function template specialization 'rttr::detail::convert_to<double, long>' requested here
        return convert_to(from, to);
               ^
In file included from /<<PKGBUILDDIR>>/src/rttr/enumeration.cpp:28:
In file included from /<<PKGBUILDDIR>>/src/rttr/../rttr/enumeration.h:32:
In file included from /<<PKGBUILDDIR>>/src/rttr/../rttr/type.h:1221:
In file included from /<<PKGBUILDDIR>>/src/rttr/../rttr/detail/type/type_impl.h:36:
In file included from /<<PKGBUILDDIR>>/src/rttr/../rttr/detail/type/get_create_variant_func.h:32:
In file included from /<<PKGBUILDDIR>>/src/rttr/../rttr/variant.h:1156:
In file included from /<<PKGBUILDDIR>>/src/rttr/../rttr/detail/variant/variant_impl.h:36:
In file included from /<<PKGBUILDDIR>>/src/rttr/../rttr/detail/variant/variant_data_policy.h:36:
In file included from /<<PKGBUILDDIR>>/src/rttr/../rttr/detail/variant/variant_data_converter.h:32:
/<<PKGBUILDDIR>>/src/rttr/../rttr/detail/conversion/number_conversion.h:139:21: error: implicit conversion from 'long' to 'double' changes value from -9223372036854775807 to -9223372036854775808 [-Werror,-Wimplicit-int-float-conversion]
    else if (from < -std::numeric_limits<T>::max())
                  ~ ^~~~~~~~~~~~~~~~~~~~~~~~~~~~~~
/<<PKGBUILDDIR>>/src/rttr/../rttr/detail/conversion/number_conversion.h:154:28: error: implicit conversion from 'unsigned long' to 'double' changes value from 18446744073709551615 to 18446744073709551616 [-Werror,-Wimplicit-int-float-conversion]
    if (from < 0 || from > std::numeric_limits<T>::max())
                         ~ ^~~~~~~~~~~~~~~~~~~~~~~~~~~~~
/<<PKGBUILDDIR>>/src/rttr/../rttr/detail/variant/variant_data_converter.h:1166:16: note: in instantiation of function template specialization 'rttr::detail::convert_to<double, unsigned long>' requested here
        return convert_to(from, to);
               ^
In file included from /<<PKGBUILDDIR>>/src/rttr/destructor.cpp:29:
In file included from /<<PKGBUILDDIR>>/src/rttr/../rttr/detail/destructor/destructor_wrapper_base.h:32:
In file included from /<<PKGBUILDDIR>>/src/rttr/../rttr/type.h:1221:
In file included from /<<PKGBUILDDIR>>/src/rttr/../rttr/detail/type/type_impl.h:36:
In file included from /<<PKGBUILDDIR>>/src/rttr/../rttr/detail/type/get_create_variant_func.h:32:
In file included from /<<PKGBUILDDIR>>/src/rttr/../rttr/variant.h:1156:
In file included from /<<PKGBUILDDIR>>/src/rttr/../rttr/detail/variant/variant_impl.h:36:
In file included from /<<PKGBUILDDIR>>/src/rttr/../rttr/detail/variant/variant_data_policy.h:36:
In file included from /<<PKGBUILDDIR>>/src/rttr/../rttr/detail/variant/variant_data_converter.h:32:
/<<PKGBUILDDIR>>/src/rttr/../rttr/detail/conversion/number_conversion.h:137:16: error: implicit conversion from 'long' to 'double' changes value from 9223372036854775807 to 9223372036854775808 [-Werror,-Wimplicit-int-float-conversion]
    if (from > std::numeric_limits<T>::max())
             ~ ^~~~~~~~~~~~~~~~~~~~~~~~~~~~~
/<<PKGBUILDDIR>>/src/rttr/../rttr/detail/variant/variant_data_converter.h:1146:16: note: in instantiation of function template specialization 'rttr::detail::convert_to<double, long>' requested here
        return convert_to(from, to);
               ^
In file included from /<<PKGBUILDDIR>>/src/rttr/destructor.cpp:29:
In file included from /<<PKGBUILDDIR>>/src/rttr/../rttr/detail/destructor/destructor_wrapper_base.h:32:
In file included from /<<PKGBUILDDIR>>/src/rttr/../rttr/type.h:1221:
In file included from /<<PKGBUILDDIR>>/src/rttr/../rttr/detail/type/type_impl.h:36:
In file included from /<<PKGBUILDDIR>>/src/rttr/../rttr/detail/type/get_create_variant_func.h:32:
In file included from /<<PKGBUILDDIR>>/src/rttr/../rttr/variant.h:1156:
In file included from /<<PKGBUILDDIR>>/src/rttr/../rttr/detail/variant/variant_impl.h:36:
In file included from /<<PKGBUILDDIR>>/src/rttr/../rttr/detail/variant/variant_data_policy.h:36:
In file included from /<<PKGBUILDDIR>>/src/rttr/../rttr/detail/variant/variant_data_converter.h:32:
/<<PKGBUILDDIR>>/src/rttr/../rttr/detail/conversion/number_conversion.h:139:21: error: implicit conversion from 'long' to 'double' changes value from -9223372036854775807 to -9223372036854775808 [-Werror,-Wimplicit-int-float-conversion]
    else if (from < -std::numeric_limits<T>::max())
                  ~ ^~~~~~~~~~~~~~~~~~~~~~~~~~~~~~
/<<PKGBUILDDIR>>/src/rttr/../rttr/detail/conversion/number_conversion.h:154:28: error: implicit conversion from 'unsigned long' to 'double' changes value from 18446744073709551615 to 18446744073709551616 [-Werror,-Wimplicit-int-float-conversion]
    if (from < 0 || from > std::numeric_limits<T>::max())
                         ~ ^~~~~~~~~~~~~~~~~~~~~~~~~~~~~
/<<PKGBUILDDIR>>/src/rttr/../rttr/detail/variant/variant_data_converter.h:1166:16: note: in instantiation of function template specialization 'rttr::detail::convert_to<double, unsigned long>' requested here
        return convert_to(from, to);
               ^
In file included from /<<PKGBUILDDIR>>/src/rttr/constructor.cpp:28:
In file included from /<<PKGBUILDDIR>>/src/rttr/../rttr/constructor.h:35:
In file included from /<<PKGBUILDDIR>>/src/rttr/../rttr/array_range.h:338:
In file included from /<<PKGBUILDDIR>>/src/rttr/../rttr/detail/impl/array_range_impl.h:33:
In file included from /<<PKGBUILDDIR>>/src/rttr/../rttr/type.h:1221:
In file included from /<<PKGBUILDDIR>>/src/rttr/../rttr/detail/type/type_impl.h:36:
In file included from /<<PKGBUILDDIR>>/src/rttr/../rttr/detail/type/get_create_variant_func.h:32:
In file included from /<<PKGBUILDDIR>>/src/rttr/../rttr/variant.h:1156:
In file included from /<<PKGBUILDDIR>>/src/rttr/../rttr/detail/variant/variant_impl.h:36:
In file included from /<<PKGBUILDDIR>>/src/rttr/../rttr/detail/variant/variant_data_policy.h:36:
In file included from /<<PKGBUILDDIR>>/src/rttr/../rttr/detail/variant/variant_data_converter.h:32:
/<<PKGBUILDDIR>>/src/rttr/../rttr/detail/conversion/number_conversion.h:137:16: error: implicit conversion from 'long' to 'double' changes value from 9223372036854775807 to 9223372036854775808 [-Werror,-Wimplicit-int-float-conversion]
    if (from > std::numeric_limits<T>::max())
             ~ ^~~~~~~~~~~~~~~~~~~~~~~~~~~~~
/<<PKGBUILDDIR>>/src/rttr/../rttr/detail/variant/variant_data_converter.h:1146:16: note: in instantiation of function template specialization 'rttr::detail::convert_to<double, long>' requested here
        return convert_to(from, to);
               ^
In file included from /<<PKGBUILDDIR>>/src/rttr/constructor.cpp:28:
In file included from /<<PKGBUILDDIR>>/src/rttr/../rttr/constructor.h:35:
In file included from /<<PKGBUILDDIR>>/src/rttr/../rttr/array_range.h:338:
In file included from /<<PKGBUILDDIR>>/src/rttr/../rttr/detail/impl/array_range_impl.h:33:
In file included from /<<PKGBUILDDIR>>/src/rttr/../rttr/type.h:1221:
In file included from /<<PKGBUILDDIR>>/src/rttr/../rttr/detail/type/type_impl.h:36:
In file included from /<<PKGBUILDDIR>>/src/rttr/../rttr/detail/type/get_create_variant_func.h:32:
In file included from /<<PKGBUILDDIR>>/src/rttr/../rttr/variant.h:1156:
In file included from /<<PKGBUILDDIR>>/src/rttr/../rttr/detail/variant/variant_impl.h:36:
In file included from /<<PKGBUILDDIR>>/src/rttr/../rttr/detail/variant/variant_data_policy.h:36:
In file included from /<<PKGBUILDDIR>>/src/rttr/../rttr/detail/variant/variant_data_converter.h:32:
/<<PKGBUILDDIR>>/src/rttr/../rttr/detail/conversion/number_conversion.h:139:21: error: implicit conversion from 'long' to 'double' changes value from -9223372036854775807 to -9223372036854775808 [-Werror,-Wimplicit-int-float-conversion]
    else if (from < -std::numeric_limits<T>::max())
                  ~ ^~~~~~~~~~~~~~~~~~~~~~~~~~~~~~
/<<PKGBUILDDIR>>/src/rttr/../rttr/detail/conversion/number_conversion.h:154:28: error: implicit conversion from 'unsigned long' to 'double' changes value from 18446744073709551615 to 18446744073709551616 [-Werror,-Wimplicit-int-float-conversion]
    if (from < 0 || from > std::numeric_limits<T>::max())
                         ~ ^~~~~~~~~~~~~~~~~~~~~~~~~~~~~
/<<PKGBUILDDIR>>/src/rttr/../rttr/detail/variant/variant_data_converter.h:1166:16: note: in instantiation of function template specialization 'rttr::detail::convert_to<double, unsigned long>' requested here
        return convert_to(from, to);
               ^
In file included from /<<PKGBUILDDIR>>/src/rttr/library.cpp:28:
In file included from /<<PKGBUILDDIR>>/src/rttr/../rttr/library.h:33:
In file included from /<<PKGBUILDDIR>>/src/rttr/../rttr/type.h:1221:
In file included from /<<PKGBUILDDIR>>/src/rttr/../rttr/detail/type/type_impl.h:36:
In file included from /<<PKGBUILDDIR>>/src/rttr/../rttr/detail/type/get_create_variant_func.h:32:
In file included from /<<PKGBUILDDIR>>/src/rttr/../rttr/variant.h:1156:
In file included from /<<PKGBUILDDIR>>/src/rttr/../rttr/detail/variant/variant_impl.h:36:
In file included from /<<PKGBUILDDIR>>/src/rttr/../rttr/detail/variant/variant_data_policy.h:36:
In file included from /<<PKGBUILDDIR>>/src/rttr/../rttr/detail/variant/variant_data_converter.h:32:
/<<PKGBUILDDIR>>/src/rttr/../rttr/detail/conversion/number_conversion.h:137:16: error: implicit conversion from 'int' to 'float' changes value from 2147483647 to 2147483648 [-Werror,-Wimplicit-int-float-conversion]
    if (from > std::numeric_limits<T>::max())
             ~ ^~~~~~~~~~~~~~~~~~~~~~~~~~~~~
/<<PKGBUILDDIR>>/src/rttr/../rttr/detail/variant/variant_data_converter.h:1060:16: note: in instantiation of function template specialization 'rttr::detail::convert_to<float, int>' requested here
        return convert_to(from, to);
               ^
In file included from /<<PKGBUILDDIR>>/src/rttr/library.cpp:28:
In file included from /<<PKGBUILDDIR>>/src/rttr/../rttr/library.h:33:
In file included from /<<PKGBUILDDIR>>/src/rttr/../rttr/type.h:1221:
In file included from /<<PKGBUILDDIR>>/src/rttr/../rttr/detail/type/type_impl.h:36:
In file included from /<<PKGBUILDDIR>>/src/rttr/../rttr/detail/type/get_create_variant_func.h:32:
In file included from /<<PKGBUILDDIR>>/src/rttr/../rttr/variant.h:1156:
In file included from /<<PKGBUILDDIR>>/src/rttr/../rttr/detail/variant/variant_impl.h:36:
In file included from /<<PKGBUILDDIR>>/src/rttr/../rttr/detail/variant/variant_data_policy.h:36:
In file included from /<<PKGBUILDDIR>>/src/rttr/../rttr/detail/variant/variant_data_converter.h:32:
/<<PKGBUILDDIR>>/src/rttr/../rttr/detail/conversion/number_conversion.h:139:21: error: implicit conversion from 'int' to 'float' changes value from -2147483647 to -2147483648 [-Werror,-Wimplicit-int-float-conversion]
    else if (from < -std::numeric_limits<T>::max())
                  ~ ^~~~~~~~~~~~~~~~~~~~~~~~~~~~~~
/<<PKGBUILDDIR>>/src/rttr/../rttr/detail/conversion/number_conversion.h:137:16: error: implicit conversion from 'long' to 'float' changes value from 9223372036854775807 to 9223372036854775808 [-Werror,-Wimplicit-int-float-conversion]
    if (from > std::numeric_limits<T>::max())
             ~ ^~~~~~~~~~~~~~~~~~~~~~~~~~~~~
/<<PKGBUILDDIR>>/src/rttr/../rttr/detail/variant/variant_data_converter.h:1065:16: note: in instantiation of function template specialization 'rttr::detail::convert_to<float, long>' requested here
        return convert_to(from, to);
               ^
In file included from /<<PKGBUILDDIR>>/src/rttr/library.cpp:28:
In file included from /<<PKGBUILDDIR>>/src/rttr/../rttr/library.h:33:
In file included from /<<PKGBUILDDIR>>/src/rttr/../rttr/type.h:1221:
In file included from /<<PKGBUILDDIR>>/src/rttr/../rttr/detail/type/type_impl.h:36:
In file included from /<<PKGBUILDDIR>>/src/rttr/../rttr/detail/type/get_create_variant_func.h:32:
In file included from /<<PKGBUILDDIR>>/src/rttr/../rttr/variant.h:1156:
In file included from /<<PKGBUILDDIR>>/src/rttr/../rttr/detail/variant/variant_impl.h:36:
In file included from /<<PKGBUILDDIR>>/src/rttr/../rttr/detail/variant/variant_data_policy.h:36:
In file included from /<<PKGBUILDDIR>>/src/rttr/../rttr/detail/variant/variant_data_converter.h:32:
/<<PKGBUILDDIR>>/src/rttr/../rttr/detail/conversion/number_conversion.h:139:21: error: implicit conversion from 'long' to 'float' changes value from -9223372036854775807 to -9223372036854775808 [-Werror,-Wimplicit-int-float-conversion]
    else if (from < -std::numeric_limits<T>::max())
                  ~ ^~~~~~~~~~~~~~~~~~~~~~~~~~~~~~
/<<PKGBUILDDIR>>/src/rttr/../rttr/detail/conversion/number_conversion.h:154:28: error: implicit conversion from 'unsigned int' to 'float' changes value from 4294967295 to 4294967296 [-Werror,-Wimplicit-int-float-conversion]
    if (from < 0 || from > std::numeric_limits<T>::max())
                         ~ ^~~~~~~~~~~~~~~~~~~~~~~~~~~~~
/<<PKGBUILDDIR>>/src/rttr/../rttr/detail/variant/variant_data_converter.h:1080:16: note: in instantiation of function template specialization 'rttr::detail::convert_to<float, unsigned int>' requested here
        return convert_to(from, to);
               ^
In file included from /<<PKGBUILDDIR>>/src/rttr/library.cpp:28:
In file included from /<<PKGBUILDDIR>>/src/rttr/../rttr/library.h:33:
In file included from /<<PKGBUILDDIR>>/src/rttr/../rttr/type.h:1221:
In file included from /<<PKGBUILDDIR>>/src/rttr/../rttr/detail/type/type_impl.h:36:
In file included from /<<PKGBUILDDIR>>/src/rttr/../rttr/detail/type/get_create_variant_func.h:32:
In file included from /<<PKGBUILDDIR>>/src/rttr/../rttr/variant.h:1156:
In file included from /<<PKGBUILDDIR>>/src/rttr/../rttr/detail/variant/variant_impl.h:36:
In file included from /<<PKGBUILDDIR>>/src/rttr/../rttr/detail/variant/variant_data_policy.h:36:
In file included from /<<PKGBUILDDIR>>/src/rttr/../rttr/detail/variant/variant_data_converter.h:32:
/<<PKGBUILDDIR>>/src/rttr/../rttr/detail/conversion/number_conversion.h:154:28: error: implicit conversion from 'unsigned long' to 'float' changes value from 18446744073709551615 to 18446744073709551616 [-Werror,-Wimplicit-int-float-conversion]
    if (from < 0 || from > std::numeric_limits<T>::max())
                         ~ ^~~~~~~~~~~~~~~~~~~~~~~~~~~~~
/<<PKGBUILDDIR>>/src/rttr/../rttr/detail/variant/variant_data_converter.h:1085:16: note: in instantiation of function template specialization 'rttr::detail::convert_to<float, unsigned long>' requested here
        return convert_to(from, to);
               ^
In file included from /<<PKGBUILDDIR>>/src/rttr/library.cpp:28:
In file included from /<<PKGBUILDDIR>>/src/rttr/../rttr/library.h:33:
In file included from /<<PKGBUILDDIR>>/src/rttr/../rttr/type.h:1221:
In file included from /<<PKGBUILDDIR>>/src/rttr/../rttr/detail/type/type_impl.h:36:
In file included from /<<PKGBUILDDIR>>/src/rttr/../rttr/detail/type/get_create_variant_func.h:32:
In file included from /<<PKGBUILDDIR>>/src/rttr/../rttr/variant.h:1156:
In file included from /<<PKGBUILDDIR>>/src/rttr/../rttr/detail/variant/variant_impl.h:36:
In file included from /<<PKGBUILDDIR>>/src/rttr/../rttr/detail/variant/variant_data_policy.h:36:
In file included from /<<PKGBUILDDIR>>/src/rttr/../rttr/detail/variant/variant_data_converter.h:32:
/<<PKGBUILDDIR>>/src/rttr/../rttr/detail/conversion/number_conversion.h:137:16: error: implicit conversion from 'long' to 'double' changes value from 9223372036854775807 to 9223372036854775808 [-Werror,-Wimplicit-int-float-conversion]
    if (from > std::numeric_limits<T>::max())
             ~ ^~~~~~~~~~~~~~~~~~~~~~~~~~~~~
/<<PKGBUILDDIR>>/src/rttr/../rttr/detail/variant/variant_data_converter.h:1146:16: note: in instantiation of function template specialization 'rttr::detail::convert_to<double, long>' requested here
        return convert_to(from, to);
               ^
In file included from /<<PKGBUILDDIR>>/src/rttr/library.cpp:28:
In file included from /<<PKGBUILDDIR>>/src/rttr/../rttr/library.h:33:
In file included from /<<PKGBUILDDIR>>/src/rttr/../rttr/type.h:1221:
In file included from /<<PKGBUILDDIR>>/src/rttr/../rttr/detail/type/type_impl.h:36:
In file included from /<<PKGBUILDDIR>>/src/rttr/../rttr/detail/type/get_create_variant_func.h:32:
In file included from /<<PKGBUILDDIR>>/src/rttr/../rttr/variant.h:1156:
In file included from /<<PKGBUILDDIR>>/src/rttr/../rttr/detail/variant/variant_impl.h:36:
In file included from /<<PKGBUILDDIR>>/src/rttr/../rttr/detail/variant/variant_data_policy.h:36:
In file included from /<<PKGBUILDDIR>>/src/rttr/../rttr/detail/variant/variant_data_converter.h:32:
/<<PKGBUILDDIR>>/src/rttr/../rttr/detail/conversion/number_conversion.h:139:21: error: implicit conversion from 'long' to 'double' changes value from -9223372036854775807 to -9223372036854775808 [-Werror,-Wimplicit-int-float-conversion]
    else if (from < -std::numeric_limits<T>::max())
                  ~ ^~~~~~~~~~~~~~~~~~~~~~~~~~~~~~
/<<PKGBUILDDIR>>/src/rttr/../rttr/detail/conversion/number_conversion.h:154:28: error: implicit conversion from 'unsigned long' to 'double' changes value from 18446744073709551615 to 18446744073709551616 [-Werror,-Wimplicit-int-float-conversion]
    if (from < 0 || from > std::numeric_limits<T>::max())
                         ~ ^~~~~~~~~~~~~~~~~~~~~~~~~~~~~
/<<PKGBUILDDIR>>/src/rttr/../rttr/detail/variant/variant_data_converter.h:1166:16: note: in instantiation of function template specialization 'rttr::detail::convert_to<double, unsigned long>' requested here
        return convert_to(from, to);
               ^
9 errors generated.
9 errors generated.
make[3]: *** [src/rttr/CMakeFiles/rttr_core.dir/build.make:111: src/rttr/CMakeFiles/rttr_core.dir/enumeration.cpp.o] Error 1
make[3]: *** Waiting for unfinished jobs....
9 errors generated.
make[3]: *** [src/rttr/CMakeFiles/rttr_core.dir/build.make:98: src/rttr/CMakeFiles/rttr_core.dir/destructor.cpp.o] Error 1
make[3]: *** [src/rttr/CMakeFiles/rttr_core.dir/build.make:85: src/rttr/CMakeFiles/rttr_core.dir/constructor.cpp.o] Error 1
9 errors generated.
make[3]: *** [src/rttr/CMakeFiles/rttr_core.dir/build.make:124: src/rttr/CMakeFiles/rttr_core.dir/library.cpp.o] Error 1
make[3]: Leaving directory '/<<PKGBUILDDIR>>/obj-x86_64-linux-gnu'
make[2]: *** [CMakeFiles/Makefile2:155: src/rttr/CMakeFiles/rttr_core.dir/all] Error 2
make[2]: Leaving directory '/<<PKGBUILDDIR>>/obj-x86_64-linux-gnu'
make[1]: *** [Makefile:174: all] Error 2
make[1]: Leaving directory '/<<PKGBUILDDIR>>/obj-x86_64-linux-gnu'
dh_auto_build: error: cd obj-x86_64-linux-gnu && make -j4 "INSTALL=install --strip-program=true" returned exit code 2
make: *** [debian/rules:9: binary] Error 25
dpkg-buildpackage: error: debian/rules binary subprocess returned exit status 2
--------------------------------------------------------------------------------
Build finished at 2020-10-29T19:56:37Z

Finished
--------


+------------------------------------------------------------------------------+
| Cleanup                                                                      |
+------------------------------------------------------------------------------+

Purging /<<BUILDDIR>>
Not cleaning session: cloned chroot in use
E: Build failure (dpkg-buildpackage died)

+------------------------------------------------------------------------------+
| Summary                                                                      |
+------------------------------------------------------------------------------+

Build Architecture: amd64
Build Type: binary
Build-Space: 4892
Build-Time: 4
Distribution: unstable
Fail-Stage: build
Host Architecture: amd64
Install-Time: 29
Job: rttr_0.9.6+dfsg1-3
Machine Architecture: amd64
Package: rttr
Package-Time: 50
Source-Version: 0.9.6+dfsg1-3
Space: 4892
Status: attempted
Version: 0.9.6+dfsg1-3
--------------------------------------------------------------------------------
Finished at 2020-10-29T19:56:37Z
Build needed 00:00:50, 4892k disk space
E: Build failure (dpkg-buildpackage died)
DC-Status: Failed 51.338188847s
