DC-Build-Header: ruby2.7 2.7.2-2 / 2020-10-29 18:55:37 +0000
DC-Task: type:rebuild-binarch-only source:ruby2.7 version:2.7.2-2 chroot:unstable esttime:658 logfile:/tmp/ruby2.7_2.7.2-2_unstable_clang11.log modes:clang11:binarch-only
DC-Sbuild-call: su user42 -c 'sbuild -n --arch-any --apt-update -d unstable -v --no-run-lintian --chroot-setup-commands=/tmp/clang11 ruby2.7_2.7.2-2'
sbuild (Debian sbuild) 0.78.1 (09 February 2019) on ip-172-31-9-224.eu-central-1.compute.internal

+==============================================================================+
| ruby2.7 2.7.2-2 (amd64)                      Thu, 29 Oct 2020 18:55:38 +0000 |
+==============================================================================+

Package: ruby2.7
Version: 2.7.2-2
Source Version: 2.7.2-2
Distribution: unstable
Machine Architecture: amd64
Host Architecture: amd64
Build Architecture: amd64
Build Type: binary

I: NOTICE: Log filtering will replace 'var/run/schroot/mount/sid-amd64-sbuild-00d1672d-32d1-41c7-9fcc-b95310263cdd' with '<<CHROOT>>'

+------------------------------------------------------------------------------+
| Chroot Setup Commands                                                        |
+------------------------------------------------------------------------------+


/tmp/clang11
------------

+ echo 'Entering customization script...'
Entering customization script...
+ CLANG_VERSION=10
+ echo 'Install of clang-10'
Install of clang-10
+ apt-get update
Get:1 http://127.0.0.1:12990/debian sid InRelease [146 kB]
Get:2 http://127.0.0.1:12990/debian sid/main Sources.diff/Index [734 B]
Ign:2 http://127.0.0.1:12990/debian sid/main Sources.diff/Index
Get:3 http://127.0.0.1:12990/debian sid/main amd64 Packages.diff/Index [734 B]
Ign:3 http://127.0.0.1:12990/debian sid/main amd64 Packages.diff/Index
Get:4 http://127.0.0.1:12990/debian sid/main Translation-en [6391 kB]
Get:5 http://127.0.0.1:12990/debian sid/main Sources [8989 kB]
Get:6 http://127.0.0.1:12990/debian sid/main amd64 Packages [8492 kB]
Fetched 24.0 MB in 3s (6996 kB/s)
Reading package lists...
+ apt-get install --yes --no-install-recommends --force-yes clang-10 libomp-10-dev libobjc-9-dev
Reading package lists...
Building dependency tree...
The following additional packages will be installed:
  lib32gcc-s1 lib32stdc++6 libasan5 libbsd0 libc6-i386 libclang-common-10-dev
  libclang-cpp10 libclang1-10 libedit2 libgc1 libgcc-9-dev libllvm10
  libobjc-10-dev libobjc4 libomp5-10 libz3-4
Suggested packages:
  clang-10-doc libomp-10-doc
Recommended packages:
  llvm-10-dev python3
The following NEW packages will be installed:
  clang-10 lib32gcc-s1 lib32stdc++6 libasan5 libbsd0 libc6-i386
  libclang-common-10-dev libclang-cpp10 libclang1-10 libedit2 libgc1
  libgcc-9-dev libllvm10 libobjc-10-dev libobjc-9-dev libobjc4 libomp-10-dev
  libomp5-10 libz3-4
0 upgraded, 19 newly installed, 0 to remove and 1 not upgraded.
Need to get 52.3 MB of archives.
After this operation, 274 MB of additional disk space will be used.
Get:1 http://127.0.0.1:12990/debian sid/main amd64 libbsd0 amd64 0.10.0-1 [107 kB]
Get:2 http://127.0.0.1:12990/debian sid/main amd64 libedit2 amd64 3.1-20191231-1 [95.4 kB]
Get:3 http://127.0.0.1:12990/debian sid/main amd64 libz3-4 amd64 4.8.9-1 [6783 kB]
Get:4 http://127.0.0.1:12990/debian sid/main amd64 libllvm10 amd64 1:10.0.1-7 [16.6 MB]
Get:5 http://127.0.0.1:12990/debian sid/main amd64 libclang-cpp10 amd64 1:10.0.1-7 [9069 kB]
Get:6 http://127.0.0.1:12990/debian sid/main amd64 libgc1 amd64 1:8.0.4-2.1 [239 kB]
Get:7 http://127.0.0.1:12990/debian sid/main amd64 libobjc4 amd64 10.2.0-15 [41.6 kB]
Get:8 http://127.0.0.1:12990/debian sid/main amd64 libobjc-10-dev amd64 10.2.0-15 [170 kB]
Get:9 http://127.0.0.1:12990/debian sid/main amd64 libc6-i386 amd64 2.31-4 [2815 kB]
Get:10 http://127.0.0.1:12990/debian sid/main amd64 lib32gcc-s1 amd64 10.2.0-15 [49.4 kB]
Get:11 http://127.0.0.1:12990/debian sid/main amd64 lib32stdc++6 amd64 10.2.0-15 [511 kB]
Get:12 http://127.0.0.1:12990/debian sid/main amd64 libclang-common-10-dev amd64 1:10.0.1-7 [5062 kB]
Get:13 http://127.0.0.1:12990/debian sid/main amd64 libclang1-10 amd64 1:10.0.1-7 [7293 kB]
Get:14 http://127.0.0.1:12990/debian sid/main amd64 clang-10 amd64 1:10.0.1-7 [106 kB]
Get:15 http://127.0.0.1:12990/debian sid/main amd64 libasan5 amd64 9.3.0-18 [390 kB]
Get:16 http://127.0.0.1:12990/debian sid/main amd64 libgcc-9-dev amd64 9.3.0-18 [2347 kB]
Get:17 http://127.0.0.1:12990/debian sid/main amd64 libobjc-9-dev amd64 9.3.0-18 [220 kB]
Get:18 http://127.0.0.1:12990/debian sid/main amd64 libomp5-10 amd64 1:10.0.1-7 [339 kB]
Get:19 http://127.0.0.1:12990/debian sid/main amd64 libomp-10-dev amd64 1:10.0.1-7 [86.6 kB]
debconf: delaying package configuration, since apt-utils is not installed
Fetched 52.3 MB in 0s (144 MB/s)
Selecting previously unselected package libbsd0:amd64.
(Reading database ... (Reading database ... 5%(Reading database ... 10%(Reading database ... 15%(Reading database ... 20%(Reading database ... 25%(Reading database ... 30%(Reading database ... 35%(Reading database ... 40%(Reading database ... 45%(Reading database ... 50%(Reading database ... 55%(Reading database ... 60%(Reading database ... 65%(Reading database ... 70%(Reading database ... 75%(Reading database ... 80%(Reading database ... 85%(Reading database ... 90%(Reading database ... 95%(Reading database ... 100%(Reading database ... 12312 files and directories currently installed.)
Preparing to unpack .../00-libbsd0_0.10.0-1_amd64.deb ...
Unpacking libbsd0:amd64 (0.10.0-1) ...
Selecting previously unselected package libedit2:amd64.
Preparing to unpack .../01-libedit2_3.1-20191231-1_amd64.deb ...
Unpacking libedit2:amd64 (3.1-20191231-1) ...
Selecting previously unselected package libz3-4:amd64.
Preparing to unpack .../02-libz3-4_4.8.9-1_amd64.deb ...
Unpacking libz3-4:amd64 (4.8.9-1) ...
Selecting previously unselected package libllvm10:amd64.
Preparing to unpack .../03-libllvm10_1%3a10.0.1-7_amd64.deb ...
Unpacking libllvm10:amd64 (1:10.0.1-7) ...
Selecting previously unselected package libclang-cpp10.
Preparing to unpack .../04-libclang-cpp10_1%3a10.0.1-7_amd64.deb ...
Unpacking libclang-cpp10 (1:10.0.1-7) ...
Selecting previously unselected package libgc1:amd64.
Preparing to unpack .../05-libgc1_1%3a8.0.4-2.1_amd64.deb ...
Unpacking libgc1:amd64 (1:8.0.4-2.1) ...
Selecting previously unselected package libobjc4:amd64.
Preparing to unpack .../06-libobjc4_10.2.0-15_amd64.deb ...
Unpacking libobjc4:amd64 (10.2.0-15) ...
Selecting previously unselected package libobjc-10-dev:amd64.
Preparing to unpack .../07-libobjc-10-dev_10.2.0-15_amd64.deb ...
Unpacking libobjc-10-dev:amd64 (10.2.0-15) ...
Selecting previously unselected package libc6-i386.
Preparing to unpack .../08-libc6-i386_2.31-4_amd64.deb ...
Unpacking libc6-i386 (2.31-4) ...
Selecting previously unselected package lib32gcc-s1.
Preparing to unpack .../09-lib32gcc-s1_10.2.0-15_amd64.deb ...
Unpacking lib32gcc-s1 (10.2.0-15) ...
Selecting previously unselected package lib32stdc++6.
Preparing to unpack .../10-lib32stdc++6_10.2.0-15_amd64.deb ...
Unpacking lib32stdc++6 (10.2.0-15) ...
Selecting previously unselected package libclang-common-10-dev.
Preparing to unpack .../11-libclang-common-10-dev_1%3a10.0.1-7_amd64.deb ...
Unpacking libclang-common-10-dev (1:10.0.1-7) ...
Selecting previously unselected package libclang1-10.
Preparing to unpack .../12-libclang1-10_1%3a10.0.1-7_amd64.deb ...
Unpacking libclang1-10 (1:10.0.1-7) ...
Selecting previously unselected package clang-10.
Preparing to unpack .../13-clang-10_1%3a10.0.1-7_amd64.deb ...
Unpacking clang-10 (1:10.0.1-7) ...
Selecting previously unselected package libasan5:amd64.
Preparing to unpack .../14-libasan5_9.3.0-18_amd64.deb ...
Unpacking libasan5:amd64 (9.3.0-18) ...
Selecting previously unselected package libgcc-9-dev:amd64.
Preparing to unpack .../15-libgcc-9-dev_9.3.0-18_amd64.deb ...
Unpacking libgcc-9-dev:amd64 (9.3.0-18) ...
Selecting previously unselected package libobjc-9-dev:amd64.
Preparing to unpack .../16-libobjc-9-dev_9.3.0-18_amd64.deb ...
Unpacking libobjc-9-dev:amd64 (9.3.0-18) ...
Selecting previously unselected package libomp5-10:amd64.
Preparing to unpack .../17-libomp5-10_1%3a10.0.1-7_amd64.deb ...
Unpacking libomp5-10:amd64 (1:10.0.1-7) ...
Selecting previously unselected package libomp-10-dev.
Preparing to unpack .../18-libomp-10-dev_1%3a10.0.1-7_amd64.deb ...
Unpacking libomp-10-dev (1:10.0.1-7) ...
Setting up libasan5:amd64 (9.3.0-18) ...
Setting up libz3-4:amd64 (4.8.9-1) ...
Setting up libgc1:amd64 (1:8.0.4-2.1) ...
Setting up libomp5-10:amd64 (1:10.0.1-7) ...
Setting up libc6-i386 (2.31-4) ...
Setting up libbsd0:amd64 (0.10.0-1) ...
Setting up libomp-10-dev (1:10.0.1-7) ...
Setting up libedit2:amd64 (3.1-20191231-1) ...
Setting up libobjc4:amd64 (10.2.0-15) ...
Setting up libllvm10:amd64 (1:10.0.1-7) ...
Setting up libgcc-9-dev:amd64 (9.3.0-18) ...
Setting up lib32gcc-s1 (10.2.0-15) ...
Setting up lib32stdc++6 (10.2.0-15) ...
Setting up libclang1-10 (1:10.0.1-7) ...
Setting up libobjc-9-dev:amd64 (9.3.0-18) ...
Setting up libobjc-10-dev:amd64 (10.2.0-15) ...
Setting up libclang-common-10-dev (1:10.0.1-7) ...
Setting up libclang-cpp10 (1:10.0.1-7) ...
Setting up clang-10 (1:10.0.1-7) ...
Processing triggers for libc-bin (2.31-4) ...
W: --force-yes is deprecated, use one of the options starting with --allow instead.
+ echo 'Replace gcc, g++ & cpp by clang'
Replace gcc, g++ & cpp by clang
+ VERSIONS='4.6 4.7 4.8 4.9 5 6 7 8 9 10'
+ cd /usr/bin
+ for VERSION in $VERSIONS
+ rm -f g++-4.6 gcc-4.6 cpp-4.6 gcc
+ ln -s clang++-10 g++-4.6
+ ln -s clang-10 gcc-4.6
+ ln -s clang-10 cpp-4.6
+ ln -s clang-10 gcc
+ echo 'gcc-4.6 hold'
+ dpkg --set-selections
dpkg: warning: package not in status nor available database at line 1: gcc-4.6
dpkg: warning: found unknown packages; this might mean the available database
is outdated, and needs to be updated through a frontend method;
please see the FAQ <https://wiki.debian.org/Teams/Dpkg/FAQ>
+ echo 'g++-4.6 hold'
+ dpkg --set-selections
dpkg: warning: package not in status nor available database at line 1: g++-4.6
dpkg: warning: found unknown packages; this might mean the available database
is outdated, and needs to be updated through a frontend method;
please see the FAQ <https://wiki.debian.org/Teams/Dpkg/FAQ>
+ for VERSION in $VERSIONS
+ rm -f g++-4.7 gcc-4.7 cpp-4.7 gcc
+ ln -s clang++-10 g++-4.7
+ ln -s clang-10 gcc-4.7
+ ln -s clang-10 cpp-4.7
+ ln -s clang-10 gcc
+ echo 'gcc-4.7 hold'
+ dpkg --set-selections
dpkg: warning: package not in status nor available database at line 1: gcc-4.7
dpkg: warning: found unknown packages; this might mean the available database
is outdated, and needs to be updated through a frontend method;
please see the FAQ <https://wiki.debian.org/Teams/Dpkg/FAQ>
+ echo 'g++-4.7 hold'
+ dpkg --set-selections
dpkg: warning: package not in status nor available database at line 1: g++-4.7
dpkg: warning: found unknown packages; this might mean the available database
is outdated, and needs to be updated through a frontend method;
please see the FAQ <https://wiki.debian.org/Teams/Dpkg/FAQ>
+ for VERSION in $VERSIONS
+ rm -f g++-4.8 gcc-4.8 cpp-4.8 gcc
+ ln -s clang++-10 g++-4.8
+ ln -s clang-10 gcc-4.8
+ ln -s clang-10 cpp-4.8
+ ln -s clang-10 gcc
+ echo 'gcc-4.8 hold'
+ dpkg --set-selections
dpkg: warning: package not in status nor available database at line 1: gcc-4.8
dpkg: warning: found unknown packages; this might mean the available database
is outdated, and needs to be updated through a frontend method;
please see the FAQ <https://wiki.debian.org/Teams/Dpkg/FAQ>
+ echo 'g++-4.8 hold'
+ dpkg --set-selections
dpkg: warning: package not in status nor available database at line 1: g++-4.8
dpkg: warning: found unknown packages; this might mean the available database
is outdated, and needs to be updated through a frontend method;
please see the FAQ <https://wiki.debian.org/Teams/Dpkg/FAQ>
+ for VERSION in $VERSIONS
+ rm -f g++-4.9 gcc-4.9 cpp-4.9 gcc
+ ln -s clang++-10 g++-4.9
+ ln -s clang-10 gcc-4.9
+ ln -s clang-10 cpp-4.9
+ ln -s clang-10 gcc
+ echo 'gcc-4.9 hold'
+ dpkg --set-selections
dpkg: warning: package not in status nor available database at line 1: gcc-4.9
dpkg: warning: found unknown packages; this might mean the available database
is outdated, and needs to be updated through a frontend method;
please see the FAQ <https://wiki.debian.org/Teams/Dpkg/FAQ>
+ echo 'g++-4.9 hold'
+ dpkg --set-selections
dpkg: warning: package not in status nor available database at line 1: g++-4.9
dpkg: warning: found unknown packages; this might mean the available database
is outdated, and needs to be updated through a frontend method;
please see the FAQ <https://wiki.debian.org/Teams/Dpkg/FAQ>
+ for VERSION in $VERSIONS
+ rm -f g++-5 gcc-5 cpp-5 gcc
+ ln -s clang++-10 g++-5
+ ln -s clang-10 gcc-5
+ ln -s clang-10 cpp-5
+ ln -s clang-10 gcc
+ echo 'gcc-5 hold'
+ dpkg --set-selections
dpkg: warning: package not in status nor available database at line 1: gcc-5
dpkg: warning: found unknown packages; this might mean the available database
is outdated, and needs to be updated through a frontend method;
please see the FAQ <https://wiki.debian.org/Teams/Dpkg/FAQ>
+ echo 'g++-5 hold'
+ dpkg --set-selections
dpkg: warning: package not in status nor available database at line 1: g++-5
dpkg: warning: found unknown packages; this might mean the available database
is outdated, and needs to be updated through a frontend method;
please see the FAQ <https://wiki.debian.org/Teams/Dpkg/FAQ>
+ for VERSION in $VERSIONS
+ rm -f g++-6 gcc-6 cpp-6 gcc
+ ln -s clang++-10 g++-6
+ ln -s clang-10 gcc-6
+ ln -s clang-10 cpp-6
+ ln -s clang-10 gcc
+ echo 'gcc-6 hold'
+ dpkg --set-selections
dpkg: warning: package not in status nor available database at line 1: gcc-6
dpkg: warning: found unknown packages; this might mean the available database
is outdated, and needs to be updated through a frontend method;
please see the FAQ <https://wiki.debian.org/Teams/Dpkg/FAQ>
+ echo 'g++-6 hold'
+ dpkg --set-selections
dpkg: warning: package not in status nor available database at line 1: g++-6
dpkg: warning: found unknown packages; this might mean the available database
is outdated, and needs to be updated through a frontend method;
please see the FAQ <https://wiki.debian.org/Teams/Dpkg/FAQ>
+ for VERSION in $VERSIONS
+ rm -f g++-7 gcc-7 cpp-7 gcc
+ ln -s clang++-10 g++-7
+ ln -s clang-10 gcc-7
+ ln -s clang-10 cpp-7
+ ln -s clang-10 gcc
+ echo 'gcc-7 hold'
+ dpkg --set-selections
dpkg: warning: package not in status nor available database at line 1: gcc-7
dpkg: warning: found unknown packages; this might mean the available database
is outdated, and needs to be updated through a frontend method;
please see the FAQ <https://wiki.debian.org/Teams/Dpkg/FAQ>
+ echo 'g++-7 hold'
+ dpkg --set-selections
dpkg: warning: package not in status nor available database at line 1: g++-7
dpkg: warning: found unknown packages; this might mean the available database
is outdated, and needs to be updated through a frontend method;
please see the FAQ <https://wiki.debian.org/Teams/Dpkg/FAQ>
+ for VERSION in $VERSIONS
+ rm -f g++-8 gcc-8 cpp-8 gcc
+ ln -s clang++-10 g++-8
+ ln -s clang-10 gcc-8
+ ln -s clang-10 cpp-8
+ ln -s clang-10 gcc
+ echo 'gcc-8 hold'
+ dpkg --set-selections
dpkg: warning: package not in status nor available database at line 1: gcc-8
dpkg: warning: found unknown packages; this might mean the available database
is outdated, and needs to be updated through a frontend method;
please see the FAQ <https://wiki.debian.org/Teams/Dpkg/FAQ>
+ echo 'g++-8 hold'
+ dpkg --set-selections
dpkg: warning: package not in status nor available database at line 1: g++-8
dpkg: warning: found unknown packages; this might mean the available database
is outdated, and needs to be updated through a frontend method;
please see the FAQ <https://wiki.debian.org/Teams/Dpkg/FAQ>
+ for VERSION in $VERSIONS
+ rm -f g++-9 gcc-9 cpp-9 gcc
+ ln -s clang++-10 g++-9
+ ln -s clang-10 gcc-9
+ ln -s clang-10 cpp-9
+ ln -s clang-10 gcc
+ echo 'gcc-9 hold'
+ dpkg --set-selections
dpkg: warning: package not in status nor available database at line 1: gcc-9
dpkg: warning: found unknown packages; this might mean the available database
is outdated, and needs to be updated through a frontend method;
please see the FAQ <https://wiki.debian.org/Teams/Dpkg/FAQ>
+ echo 'g++-9 hold'
+ dpkg --set-selections
dpkg: warning: package not in status nor available database at line 1: g++-9
dpkg: warning: found unknown packages; this might mean the available database
is outdated, and needs to be updated through a frontend method;
please see the FAQ <https://wiki.debian.org/Teams/Dpkg/FAQ>
+ for VERSION in $VERSIONS
+ rm -f g++-10 gcc-10 cpp-10 gcc
+ ln -s clang++-10 g++-10
+ ln -s clang-10 gcc-10
+ ln -s clang-10 cpp-10
+ ln -s clang-10 gcc
+ echo 'gcc-10 hold'
+ dpkg --set-selections
+ echo 'g++-10 hold'
+ dpkg --set-selections
+ cd -
/build/ruby2.7-4hqNab
+ echo 'Check if gcc, g++ & cpp are actually clang'
Check if gcc, g++ & cpp are actually clang
+ gcc --version
+ grep clang
+ cpp --version
+ grep clang
+ g++ --version
+ grep clang
+ cd /usr/bin/
+ rm -f clang++ clang
+ ln -s clang-10 clang++
+ ln -s clang-10 clang
+ clang++ --version
Debian clang version 10.0.1-7
Target: x86_64-pc-linux-gnu
Thread model: posix
InstalledDir: /usr/bin
+ clang --version
Debian clang version 10.0.1-7
Target: x86_64-pc-linux-gnu
Thread model: posix
InstalledDir: /usr/bin
+ cd -
/build/ruby2.7-4hqNab
+ apt install --yes --no-install-recommends --force-yes qt5-qmake

WARNING: apt does not have a stable CLI interface. Use with caution in scripts.

Reading package lists...
Building dependency tree...
Reading state information...
The following additional packages will be installed:
  qt5-qmake-bin qtchooser
The following NEW packages will be installed:
  qt5-qmake qt5-qmake-bin qtchooser
0 upgraded, 3 newly installed, 0 to remove and 1 not upgraded.
Need to get 1304 kB of archives.
After this operation, 4865 kB of additional disk space will be used.
Get:1 http://127.0.0.1:12990/debian sid/main amd64 qt5-qmake-bin amd64 5.14.2+dfsg-6 [1035 kB]
Get:2 http://127.0.0.1:12990/debian sid/main amd64 qtchooser amd64 66-2 [26.3 kB]
Get:3 http://127.0.0.1:12990/debian sid/main amd64 qt5-qmake amd64 5.14.2+dfsg-6 [242 kB]
debconf: delaying package configuration, since apt-utils is not installed
Fetched 1304 kB in 0s (20.0 MB/s)
Selecting previously unselected package qt5-qmake-bin.
(Reading database ... (Reading database ... 5%(Reading database ... 10%(Reading database ... 15%(Reading database ... 20%(Reading database ... 25%(Reading database ... 30%(Reading database ... 35%(Reading database ... 40%(Reading database ... 45%(Reading database ... 50%(Reading database ... 55%(Reading database ... 60%(Reading database ... 65%(Reading database ... 70%(Reading database ... 75%(Reading database ... 80%(Reading database ... 85%(Reading database ... 90%(Reading database ... 95%(Reading database ... 100%(Reading database ... 13315 files and directories currently installed.)
Preparing to unpack .../qt5-qmake-bin_5.14.2+dfsg-6_amd64.deb ...
Unpacking qt5-qmake-bin (5.14.2+dfsg-6) ...
Selecting previously unselected package qtchooser.
Preparing to unpack .../qtchooser_66-2_amd64.deb ...
Unpacking qtchooser (66-2) ...
Selecting previously unselected package qt5-qmake:amd64.
Preparing to unpack .../qt5-qmake_5.14.2+dfsg-6_amd64.deb ...
Unpacking qt5-qmake:amd64 (5.14.2+dfsg-6) ...
Setting up qt5-qmake-bin (5.14.2+dfsg-6) ...
Setting up qtchooser (66-2) ...
Setting up qt5-qmake:amd64 (5.14.2+dfsg-6) ...
W: --force-yes is deprecated, use one of the options starting with --allow instead.
+ cp /usr/lib/x86_64-linux-gnu/qt5/mkspecs/linux-clang/qmake.conf /usr/lib/x86_64-linux-gnu/qt5/mkspecs/linux-clang/qplatformdefs.h /usr/lib/x86_64-linux-gnu/qt5/mkspecs/linux-g++/
+ ls -al /usr/lib/x86_64-linux-gnu/qt5/mkspecs/linux-g++/
total 16
drwxr-xr-x  2 root root 4096 Oct 29 18:55 .
drwxr-xr-x 76 root root 4096 Oct 29 18:55 ..
-rw-r--r--  1 root root  276 Oct 29 18:55 qmake.conf
-rw-r--r--  1 root root 3218 Oct 29 18:55 qplatformdefs.h
+ cat /usr/lib/x86_64-linux-gnu/qt5/mkspecs/linux-g++/qmake.conf
#
# qmake configuration for linux-clang
#

MAKEFILE_GENERATOR = UNIX
CONFIG += incremental

QMAKE_INCREMENTAL_STYLE = sublib

include(../common/linux.conf)
include(../common/gcc-base-unix.conf)
include(../common/clang.conf)

QMAKE_LFLAGS += -ccc-gcc-name g++

load(qt_config)
+ export QMAKESPEC=/usr/lib/x86_64-linux-gnu/qt5/mkspecs/linux-clang/
+ QMAKESPEC=/usr/lib/x86_64-linux-gnu/qt5/mkspecs/linux-clang/
+ sed -i -e 's|compare_problem(2,|compare_problem(0,|g' /usr/bin/dpkg-gensymbols
+ sed -i -e 's|compare_problem(1,|compare_problem(0,|g' /usr/bin/dpkg-gensymbols
+ grep 'compare_problem(' /usr/bin/dpkg-gensymbols
        compare_problem(4, g_('new libraries appeared in the symbols file: %s'), "@libs");
        compare_problem(3, g_('some libraries disappeared in the symbols file: %s'), "@libs");
        compare_problem(0, g_('some new symbols appeared in the symbols file: %s'),
        compare_problem(0, g_('some symbols or patterns disappeared in the symbols file: %s'),

I: Finished running '/tmp/clang11'.

Finished processing commands.
--------------------------------------------------------------------------------
I: NOTICE: Log filtering will replace 'build/ruby2.7-4hqNab/resolver-C3sCVJ' with '<<RESOLVERDIR>>'

+------------------------------------------------------------------------------+
| Update chroot                                                                |
+------------------------------------------------------------------------------+

Hit:1 http://127.0.0.1:12990/debian sid InRelease
Reading package lists...
Reading package lists...
Building dependency tree...
Reading state information...
Calculating upgrade...
The following packages will be upgraded:
  libdebconfclient0
1 upgraded, 0 newly installed, 0 to remove and 0 not upgraded.
Need to get 49.6 kB of archives.
After this operation, 0 B of additional disk space will be used.
Get:1 http://127.0.0.1:12990/debian sid/main amd64 libdebconfclient0 amd64 0.255 [49.6 kB]
debconf: delaying package configuration, since apt-utils is not installed
Fetched 49.6 kB in 0s (3587 kB/s)
(Reading database ... (Reading database ... 5%(Reading database ... 10%(Reading database ... 15%(Reading database ... 20%(Reading database ... 25%(Reading database ... 30%(Reading database ... 35%(Reading database ... 40%(Reading database ... 45%(Reading database ... 50%(Reading database ... 55%(Reading database ... 60%(Reading database ... 65%(Reading database ... 70%(Reading database ... 75%(Reading database ... 80%(Reading database ... 85%(Reading database ... 90%(Reading database ... 95%(Reading database ... 100%(Reading database ... 14056 files and directories currently installed.)
Preparing to unpack .../libdebconfclient0_0.255_amd64.deb ...
Unpacking libdebconfclient0:amd64 (0.255) over (0.254) ...
Setting up libdebconfclient0:amd64 (0.255) ...
Processing triggers for libc-bin (2.31-4) ...

+------------------------------------------------------------------------------+
| Fetch source files                                                           |
+------------------------------------------------------------------------------+


Check APT
---------

Checking available source versions...

Download source files with APT
------------------------------

Reading package lists...
NOTICE: 'ruby2.7' packaging is maintained in the 'Git' version control system at:
https://salsa.debian.org/ruby-team/ruby.git
Please use:
git clone https://salsa.debian.org/ruby-team/ruby.git
to retrieve the latest (possibly unreleased) updates to the package.
Need to get 10.9 MB of source archives.
Get:1 http://127.0.0.1:12990/debian sid/main ruby2.7 2.7.2-2 (dsc) [2505 B]
Get:2 http://127.0.0.1:12990/debian sid/main ruby2.7 2.7.2-2 (tar) [10.8 MB]
Get:3 http://127.0.0.1:12990/debian sid/main ruby2.7 2.7.2-2 (diff) [113 kB]
Fetched 10.9 MB in 0s (83.6 MB/s)
Download complete and in download only mode
I: NOTICE: Log filtering will replace 'build/ruby2.7-4hqNab/ruby2.7-2.7.2' with '<<PKGBUILDDIR>>'
I: NOTICE: Log filtering will replace 'build/ruby2.7-4hqNab' with '<<BUILDDIR>>'

+------------------------------------------------------------------------------+
| Install package build dependencies                                           |
+------------------------------------------------------------------------------+


Setup apt archive
-----------------

Merged Build-Depends: bison, chrpath, coreutils (>= 7.5), debhelper (>= 12~), file, libffi-dev, libgdbm-compat-dev, libgdbm-dev, libgmp-dev, libncurses-dev, libreadline6-dev, libssl-dev, libyaml-dev, netbase, openssl, procps, rubygems-integration (>= 1.6), systemtap-sdt-dev, tzdata, zlib1g-dev, build-essential, fakeroot
Filtered Build-Depends: bison, chrpath, coreutils (>= 7.5), debhelper (>= 12~), file, libffi-dev, libgdbm-compat-dev, libgdbm-dev, libgmp-dev, libncurses-dev, libreadline6-dev, libssl-dev, libyaml-dev, netbase, openssl, procps, rubygems-integration (>= 1.6), systemtap-sdt-dev, tzdata, zlib1g-dev, build-essential, fakeroot
dpkg-deb: building package 'sbuild-build-depends-main-dummy' in '/<<RESOLVERDIR>>/apt_archive/sbuild-build-depends-main-dummy.deb'.
Ign:1 copy:/<<RESOLVERDIR>>/apt_archive ./ InRelease
Get:2 copy:/<<RESOLVERDIR>>/apt_archive ./ Release [957 B]
Ign:3 copy:/<<RESOLVERDIR>>/apt_archive ./ Release.gpg
Get:4 copy:/<<RESOLVERDIR>>/apt_archive ./ Sources [517 B]
Get:5 copy:/<<RESOLVERDIR>>/apt_archive ./ Packages [576 B]
Fetched 2050 B in 0s (0 B/s)
Reading package lists...
Reading package lists...

Install main build dependencies (apt-based resolver)
----------------------------------------------------

Installing build dependencies
Reading package lists...
Building dependency tree...
Reading state information...
The following additional packages will be installed:
  autoconf automake autopoint autotools-dev bison bsdextrautils
  ca-certificates chrpath debhelper dh-autoreconf dh-strip-nondeterminism dwz
  file gettext gettext-base groff-base intltool-debian libarchive-zip-perl
  libcroco3 libdebhelper-perl libelf1 libexpat1 libffi-dev
  libfile-stripnondeterminism-perl libgdbm-compat-dev libgdbm-dev libglib2.0-0
  libgmp-dev libgmpxx4ldbl libicu67 libmagic-mgc libmagic1 libncurses-dev
  libncurses6 libncursesw6 libpipeline1 libprocps8 libpython3-stdlib
  libpython3.8-minimal libpython3.8-stdlib libreadline-dev libreadline8
  libsigsegv2 libsqlite3-0 libssl-dev libsub-override-perl libtool
  libuchardet0 libxml2 libyaml-0-2 libyaml-dev m4 man-db mime-support netbase
  openssl po-debconf procps python3 python3-minimal python3.8
  python3.8-minimal readline-common rubygems-integration sensible-utils
  systemtap-sdt-dev zlib1g-dev
Suggested packages:
  autoconf-archive gnu-standards autoconf-doc bison-doc dh-make gettext-doc
  libasprintf-dev libgettextpo-dev groff gmp-doc libgmp10-doc libmpfr-dev
  ncurses-doc readline-doc libssl-doc libtool-doc gfortran
  | fortran95-compiler gcj-jdk libyaml-doc m4-doc apparmor less www-browser
  libmail-box-perl python3-doc python3-tk python3-venv python3.8-venv
  python3.8-doc binfmt-support bundler
Recommended packages:
  curl | wget | lynx libarchive-cpio-perl libglib2.0-data shared-mime-info
  xdg-user-dirs libgpm2 libltdl-dev libmail-sendmail-perl psmisc
The following NEW packages will be installed:
  autoconf automake autopoint autotools-dev bison bsdextrautils
  ca-certificates chrpath debhelper dh-autoreconf dh-strip-nondeterminism dwz
  file gettext gettext-base groff-base intltool-debian libarchive-zip-perl
  libcroco3 libdebhelper-perl libelf1 libexpat1 libffi-dev
  libfile-stripnondeterminism-perl libgdbm-compat-dev libgdbm-dev libglib2.0-0
  libgmp-dev libgmpxx4ldbl libicu67 libmagic-mgc libmagic1 libncurses-dev
  libncurses6 libncursesw6 libpipeline1 libprocps8 libpython3-stdlib
  libpython3.8-minimal libpython3.8-stdlib libreadline-dev libreadline8
  libsigsegv2 libsqlite3-0 libssl-dev libsub-override-perl libtool
  libuchardet0 libxml2 libyaml-0-2 libyaml-dev m4 man-db mime-support netbase
  openssl po-debconf procps python3 python3-minimal python3.8
  python3.8-minimal readline-common rubygems-integration
  sbuild-build-depends-main-dummy sensible-utils systemtap-sdt-dev zlib1g-dev
0 upgraded, 68 newly installed, 0 to remove and 0 not upgraded.
Need to get 31.8 MB of archives.
After this operation, 115 MB of additional disk space will be used.
Get:1 copy:/<<RESOLVERDIR>>/apt_archive ./ sbuild-build-depends-main-dummy 0.invalid.0 [1004 B]
Get:2 http://127.0.0.1:12990/debian sid/main amd64 bsdextrautils amd64 2.36-3+b1 [140 kB]
Get:3 http://127.0.0.1:12990/debian sid/main amd64 libuchardet0 amd64 0.0.7-1 [67.8 kB]
Get:4 http://127.0.0.1:12990/debian sid/main amd64 groff-base amd64 1.22.4-5 [920 kB]
Get:5 http://127.0.0.1:12990/debian sid/main amd64 libpipeline1 amd64 1.5.3-1 [34.3 kB]
Get:6 http://127.0.0.1:12990/debian sid/main amd64 man-db amd64 2.9.3-2 [1314 kB]
Get:7 http://127.0.0.1:12990/debian sid/main amd64 libpython3.8-minimal amd64 3.8.6-1 [761 kB]
Get:8 http://127.0.0.1:12990/debian sid/main amd64 libexpat1 amd64 2.2.10-1 [96.9 kB]
Get:9 http://127.0.0.1:12990/debian sid/main amd64 python3.8-minimal amd64 3.8.6-1 [1863 kB]
Get:10 http://127.0.0.1:12990/debian sid/main amd64 python3-minimal amd64 3.8.6-1 [37.7 kB]
Get:11 http://127.0.0.1:12990/debian sid/main amd64 mime-support all 3.64 [37.8 kB]
Get:12 http://127.0.0.1:12990/debian sid/main amd64 libncursesw6 amd64 6.2+20200918-1 [132 kB]
Get:13 http://127.0.0.1:12990/debian sid/main amd64 readline-common all 8.0-4 [72.5 kB]
Get:14 http://127.0.0.1:12990/debian sid/main amd64 libreadline8 amd64 8.0-4 [160 kB]
Get:15 http://127.0.0.1:12990/debian sid/main amd64 libsqlite3-0 amd64 3.33.0-1 [790 kB]
Get:16 http://127.0.0.1:12990/debian sid/main amd64 libpython3.8-stdlib amd64 3.8.6-1 [1720 kB]
Get:17 http://127.0.0.1:12990/debian sid/main amd64 python3.8 amd64 3.8.6-1 [422 kB]
Get:18 http://127.0.0.1:12990/debian sid/main amd64 libpython3-stdlib amd64 3.8.6-1 [20.9 kB]
Get:19 http://127.0.0.1:12990/debian sid/main amd64 python3 amd64 3.8.6-1 [64.0 kB]
Get:20 http://127.0.0.1:12990/debian sid/main amd64 netbase all 6.2 [19.9 kB]
Get:21 http://127.0.0.1:12990/debian sid/main amd64 libncurses6 amd64 6.2+20200918-1 [102 kB]
Get:22 http://127.0.0.1:12990/debian sid/main amd64 libprocps8 amd64 2:3.3.16-5 [62.7 kB]
Get:23 http://127.0.0.1:12990/debian sid/main amd64 procps amd64 2:3.3.16-5 [262 kB]
Get:24 http://127.0.0.1:12990/debian sid/main amd64 sensible-utils all 0.0.12+nmu1 [16.0 kB]
Get:25 http://127.0.0.1:12990/debian sid/main amd64 libmagic-mgc amd64 1:5.38-5 [262 kB]
Get:26 http://127.0.0.1:12990/debian sid/main amd64 libmagic1 amd64 1:5.38-5 [120 kB]
Get:27 http://127.0.0.1:12990/debian sid/main amd64 file amd64 1:5.38-5 [67.9 kB]
Get:28 http://127.0.0.1:12990/debian sid/main amd64 gettext-base amd64 0.19.8.1-10 [123 kB]
Get:29 http://127.0.0.1:12990/debian sid/main amd64 libsigsegv2 amd64 2.12-2 [32.8 kB]
Get:30 http://127.0.0.1:12990/debian sid/main amd64 m4 amd64 1.4.18-4 [203 kB]
Get:31 http://127.0.0.1:12990/debian sid/main amd64 autoconf all 2.69-11.1 [341 kB]
Get:32 http://127.0.0.1:12990/debian sid/main amd64 autotools-dev all 20180224.1 [77.0 kB]
Get:33 http://127.0.0.1:12990/debian sid/main amd64 automake all 1:1.16.2-4 [801 kB]
Get:34 http://127.0.0.1:12990/debian sid/main amd64 autopoint all 0.19.8.1-10 [435 kB]
Get:35 http://127.0.0.1:12990/debian sid/main amd64 bison amd64 2:3.7.3+dfsg-1 [1095 kB]
Get:36 http://127.0.0.1:12990/debian sid/main amd64 openssl amd64 1.1.1h-1 [848 kB]
Get:37 http://127.0.0.1:12990/debian sid/main amd64 ca-certificates all 20200601 [158 kB]
Get:38 http://127.0.0.1:12990/debian sid/main amd64 chrpath amd64 0.16-2+b1 [17.1 kB]
Get:39 http://127.0.0.1:12990/debian sid/main amd64 libtool all 2.4.6-14 [513 kB]
Get:40 http://127.0.0.1:12990/debian sid/main amd64 dh-autoreconf all 19 [16.9 kB]
Get:41 http://127.0.0.1:12990/debian sid/main amd64 libdebhelper-perl all 13.2.1 [188 kB]
Get:42 http://127.0.0.1:12990/debian sid/main amd64 libarchive-zip-perl all 1.68-1 [104 kB]
Get:43 http://127.0.0.1:12990/debian sid/main amd64 libsub-override-perl all 0.09-2 [10.2 kB]
Get:44 http://127.0.0.1:12990/debian sid/main amd64 libfile-stripnondeterminism-perl all 1.9.0-1 [25.5 kB]
Get:45 http://127.0.0.1:12990/debian sid/main amd64 dh-strip-nondeterminism all 1.9.0-1 [15.2 kB]
Get:46 http://127.0.0.1:12990/debian sid/main amd64 libelf1 amd64 0.181-1 [164 kB]
Get:47 http://127.0.0.1:12990/debian sid/main amd64 dwz amd64 0.13-5 [151 kB]
Get:48 http://127.0.0.1:12990/debian sid/main amd64 libglib2.0-0 amd64 2.66.1-2 [1362 kB]
Get:49 http://127.0.0.1:12990/debian sid/main amd64 libicu67 amd64 67.1-4 [8624 kB]
Get:50 http://127.0.0.1:12990/debian sid/main amd64 libxml2 amd64 2.9.10+dfsg-6.1 [692 kB]
Get:51 http://127.0.0.1:12990/debian sid/main amd64 libcroco3 amd64 0.6.13-1 [146 kB]
Get:52 http://127.0.0.1:12990/debian sid/main amd64 gettext amd64 0.19.8.1-10 [1303 kB]
Get:53 http://127.0.0.1:12990/debian sid/main amd64 intltool-debian all 0.35.0+20060710.5 [26.8 kB]
Get:54 http://127.0.0.1:12990/debian sid/main amd64 po-debconf all 1.0.21 [248 kB]
Get:55 http://127.0.0.1:12990/debian sid/main amd64 debhelper all 13.2.1 [1007 kB]
Get:56 http://127.0.0.1:12990/debian sid/main amd64 libffi-dev amd64 3.3-4 [56.4 kB]
Get:57 http://127.0.0.1:12990/debian sid/main amd64 libgdbm-compat-dev amd64 1.18.1-5.1 [41.6 kB]
Get:58 http://127.0.0.1:12990/debian sid/main amd64 libgdbm-dev amd64 1.18.1-5.1 [129 kB]
Get:59 http://127.0.0.1:12990/debian sid/main amd64 libgmpxx4ldbl amd64 2:6.2.0+dfsg-6 [23.1 kB]
Get:60 http://127.0.0.1:12990/debian sid/main amd64 libgmp-dev amd64 2:6.2.0+dfsg-6 [643 kB]
Get:61 http://127.0.0.1:12990/debian sid/main amd64 libncurses-dev amd64 6.2+20200918-1 [344 kB]
Get:62 http://127.0.0.1:12990/debian sid/main amd64 libreadline-dev amd64 8.0-4 [141 kB]
Get:63 http://127.0.0.1:12990/debian sid/main amd64 libssl-dev amd64 1.1.1h-1 [1808 kB]
Get:64 http://127.0.0.1:12990/debian sid/main amd64 libyaml-0-2 amd64 0.2.2-1 [49.6 kB]
Get:65 http://127.0.0.1:12990/debian sid/main amd64 libyaml-dev amd64 0.2.2-1 [60.1 kB]
Get:66 http://127.0.0.1:12990/debian sid/main amd64 rubygems-integration all 1.17.2 [6384 B]
Get:67 http://127.0.0.1:12990/debian sid/main amd64 systemtap-sdt-dev amd64 4.3-4 [30.9 kB]
Get:68 http://127.0.0.1:12990/debian sid/main amd64 zlib1g-dev amd64 1:1.2.11.dfsg-2 [190 kB]
debconf: delaying package configuration, since apt-utils is not installed
Fetched 31.8 MB in 0s (133 MB/s)
Selecting previously unselected package bsdextrautils.
(Reading database ... 14056 files and directories currently installed.)
Preparing to unpack .../0-bsdextrautils_2.36-3+b1_amd64.deb ...
Unpacking bsdextrautils (2.36-3+b1) ...
Selecting previously unselected package libuchardet0:amd64.
Preparing to unpack .../1-libuchardet0_0.0.7-1_amd64.deb ...
Unpacking libuchardet0:amd64 (0.0.7-1) ...
Selecting previously unselected package groff-base.
Preparing to unpack .../2-groff-base_1.22.4-5_amd64.deb ...
Unpacking groff-base (1.22.4-5) ...
Selecting previously unselected package libpipeline1:amd64.
Preparing to unpack .../3-libpipeline1_1.5.3-1_amd64.deb ...
Unpacking libpipeline1:amd64 (1.5.3-1) ...
Selecting previously unselected package man-db.
Preparing to unpack .../4-man-db_2.9.3-2_amd64.deb ...
Unpacking man-db (2.9.3-2) ...
Selecting previously unselected package libpython3.8-minimal:amd64.
Preparing to unpack .../5-libpython3.8-minimal_3.8.6-1_amd64.deb ...
Unpacking libpython3.8-minimal:amd64 (3.8.6-1) ...
Selecting previously unselected package libexpat1:amd64.
Preparing to unpack .../6-libexpat1_2.2.10-1_amd64.deb ...
Unpacking libexpat1:amd64 (2.2.10-1) ...
Selecting previously unselected package python3.8-minimal.
Preparing to unpack .../7-python3.8-minimal_3.8.6-1_amd64.deb ...
Unpacking python3.8-minimal (3.8.6-1) ...
Setting up libpython3.8-minimal:amd64 (3.8.6-1) ...
Setting up libexpat1:amd64 (2.2.10-1) ...
Setting up python3.8-minimal (3.8.6-1) ...
Selecting previously unselected package python3-minimal.
(Reading database ... 14903 files and directories currently installed.)
Preparing to unpack .../0-python3-minimal_3.8.6-1_amd64.deb ...
Unpacking python3-minimal (3.8.6-1) ...
Selecting previously unselected package mime-support.
Preparing to unpack .../1-mime-support_3.64_all.deb ...
Unpacking mime-support (3.64) ...
Selecting previously unselected package libncursesw6:amd64.
Preparing to unpack .../2-libncursesw6_6.2+20200918-1_amd64.deb ...
Unpacking libncursesw6:amd64 (6.2+20200918-1) ...
Selecting previously unselected package readline-common.
Preparing to unpack .../3-readline-common_8.0-4_all.deb ...
Unpacking readline-common (8.0-4) ...
Selecting previously unselected package libreadline8:amd64.
Preparing to unpack .../4-libreadline8_8.0-4_amd64.deb ...
Unpacking libreadline8:amd64 (8.0-4) ...
Selecting previously unselected package libsqlite3-0:amd64.
Preparing to unpack .../5-libsqlite3-0_3.33.0-1_amd64.deb ...
Unpacking libsqlite3-0:amd64 (3.33.0-1) ...
Selecting previously unselected package libpython3.8-stdlib:amd64.
Preparing to unpack .../6-libpython3.8-stdlib_3.8.6-1_amd64.deb ...
Unpacking libpython3.8-stdlib:amd64 (3.8.6-1) ...
Selecting previously unselected package python3.8.
Preparing to unpack .../7-python3.8_3.8.6-1_amd64.deb ...
Unpacking python3.8 (3.8.6-1) ...
Selecting previously unselected package libpython3-stdlib:amd64.
Preparing to unpack .../8-libpython3-stdlib_3.8.6-1_amd64.deb ...
Unpacking libpython3-stdlib:amd64 (3.8.6-1) ...
Setting up python3-minimal (3.8.6-1) ...
Selecting previously unselected package python3.
(Reading database ... 15340 files and directories currently installed.)
Preparing to unpack .../00-python3_3.8.6-1_amd64.deb ...
Unpacking python3 (3.8.6-1) ...
Selecting previously unselected package netbase.
Preparing to unpack .../01-netbase_6.2_all.deb ...
Unpacking netbase (6.2) ...
Selecting previously unselected package libncurses6:amd64.
Preparing to unpack .../02-libncurses6_6.2+20200918-1_amd64.deb ...
Unpacking libncurses6:amd64 (6.2+20200918-1) ...
Selecting previously unselected package libprocps8:amd64.
Preparing to unpack .../03-libprocps8_2%3a3.3.16-5_amd64.deb ...
Unpacking libprocps8:amd64 (2:3.3.16-5) ...
Selecting previously unselected package procps.
Preparing to unpack .../04-procps_2%3a3.3.16-5_amd64.deb ...
Unpacking procps (2:3.3.16-5) ...
Selecting previously unselected package sensible-utils.
Preparing to unpack .../05-sensible-utils_0.0.12+nmu1_all.deb ...
Unpacking sensible-utils (0.0.12+nmu1) ...
Selecting previously unselected package libmagic-mgc.
Preparing to unpack .../06-libmagic-mgc_1%3a5.38-5_amd64.deb ...
Unpacking libmagic-mgc (1:5.38-5) ...
Selecting previously unselected package libmagic1:amd64.
Preparing to unpack .../07-libmagic1_1%3a5.38-5_amd64.deb ...
Unpacking libmagic1:amd64 (1:5.38-5) ...
Selecting previously unselected package file.
Preparing to unpack .../08-file_1%3a5.38-5_amd64.deb ...
Unpacking file (1:5.38-5) ...
Selecting previously unselected package gettext-base.
Preparing to unpack .../09-gettext-base_0.19.8.1-10_amd64.deb ...
Unpacking gettext-base (0.19.8.1-10) ...
Selecting previously unselected package libsigsegv2:amd64.
Preparing to unpack .../10-libsigsegv2_2.12-2_amd64.deb ...
Unpacking libsigsegv2:amd64 (2.12-2) ...
Selecting previously unselected package m4.
Preparing to unpack .../11-m4_1.4.18-4_amd64.deb ...
Unpacking m4 (1.4.18-4) ...
Selecting previously unselected package autoconf.
Preparing to unpack .../12-autoconf_2.69-11.1_all.deb ...
Unpacking autoconf (2.69-11.1) ...
Selecting previously unselected package autotools-dev.
Preparing to unpack .../13-autotools-dev_20180224.1_all.deb ...
Unpacking autotools-dev (20180224.1) ...
Selecting previously unselected package automake.
Preparing to unpack .../14-automake_1%3a1.16.2-4_all.deb ...
Unpacking automake (1:1.16.2-4) ...
Selecting previously unselected package autopoint.
Preparing to unpack .../15-autopoint_0.19.8.1-10_all.deb ...
Unpacking autopoint (0.19.8.1-10) ...
Selecting previously unselected package bison.
Preparing to unpack .../16-bison_2%3a3.7.3+dfsg-1_amd64.deb ...
Unpacking bison (2:3.7.3+dfsg-1) ...
Selecting previously unselected package openssl.
Preparing to unpack .../17-openssl_1.1.1h-1_amd64.deb ...
Unpacking openssl (1.1.1h-1) ...
Selecting previously unselected package ca-certificates.
Preparing to unpack .../18-ca-certificates_20200601_all.deb ...
Unpacking ca-certificates (20200601) ...
Selecting previously unselected package chrpath.
Preparing to unpack .../19-chrpath_0.16-2+b1_amd64.deb ...
Unpacking chrpath (0.16-2+b1) ...
Selecting previously unselected package libtool.
Preparing to unpack .../20-libtool_2.4.6-14_all.deb ...
Unpacking libtool (2.4.6-14) ...
Selecting previously unselected package dh-autoreconf.
Preparing to unpack .../21-dh-autoreconf_19_all.deb ...
Unpacking dh-autoreconf (19) ...
Selecting previously unselected package libdebhelper-perl.
Preparing to unpack .../22-libdebhelper-perl_13.2.1_all.deb ...
Unpacking libdebhelper-perl (13.2.1) ...
Selecting previously unselected package libarchive-zip-perl.
Preparing to unpack .../23-libarchive-zip-perl_1.68-1_all.deb ...
Unpacking libarchive-zip-perl (1.68-1) ...
Selecting previously unselected package libsub-override-perl.
Preparing to unpack .../24-libsub-override-perl_0.09-2_all.deb ...
Unpacking libsub-override-perl (0.09-2) ...
Selecting previously unselected package libfile-stripnondeterminism-perl.
Preparing to unpack .../25-libfile-stripnondeterminism-perl_1.9.0-1_all.deb ...
Unpacking libfile-stripnondeterminism-perl (1.9.0-1) ...
Selecting previously unselected package dh-strip-nondeterminism.
Preparing to unpack .../26-dh-strip-nondeterminism_1.9.0-1_all.deb ...
Unpacking dh-strip-nondeterminism (1.9.0-1) ...
Selecting previously unselected package libelf1:amd64.
Preparing to unpack .../27-libelf1_0.181-1_amd64.deb ...
Unpacking libelf1:amd64 (0.181-1) ...
Selecting previously unselected package dwz.
Preparing to unpack .../28-dwz_0.13-5_amd64.deb ...
Unpacking dwz (0.13-5) ...
Selecting previously unselected package libglib2.0-0:amd64.
Preparing to unpack .../29-libglib2.0-0_2.66.1-2_amd64.deb ...
Unpacking libglib2.0-0:amd64 (2.66.1-2) ...
Selecting previously unselected package libicu67:amd64.
Preparing to unpack .../30-libicu67_67.1-4_amd64.deb ...
Unpacking libicu67:amd64 (67.1-4) ...
Selecting previously unselected package libxml2:amd64.
Preparing to unpack .../31-libxml2_2.9.10+dfsg-6.1_amd64.deb ...
Unpacking libxml2:amd64 (2.9.10+dfsg-6.1) ...
Selecting previously unselected package libcroco3:amd64.
Preparing to unpack .../32-libcroco3_0.6.13-1_amd64.deb ...
Unpacking libcroco3:amd64 (0.6.13-1) ...
Selecting previously unselected package gettext.
Preparing to unpack .../33-gettext_0.19.8.1-10_amd64.deb ...
Unpacking gettext (0.19.8.1-10) ...
Selecting previously unselected package intltool-debian.
Preparing to unpack .../34-intltool-debian_0.35.0+20060710.5_all.deb ...
Unpacking intltool-debian (0.35.0+20060710.5) ...
Selecting previously unselected package po-debconf.
Preparing to unpack .../35-po-debconf_1.0.21_all.deb ...
Unpacking po-debconf (1.0.21) ...
Selecting previously unselected package debhelper.
Preparing to unpack .../36-debhelper_13.2.1_all.deb ...
Unpacking debhelper (13.2.1) ...
Selecting previously unselected package libffi-dev:amd64.
Preparing to unpack .../37-libffi-dev_3.3-4_amd64.deb ...
Unpacking libffi-dev:amd64 (3.3-4) ...
Selecting previously unselected package libgdbm-compat-dev.
Preparing to unpack .../38-libgdbm-compat-dev_1.18.1-5.1_amd64.deb ...
Unpacking libgdbm-compat-dev (1.18.1-5.1) ...
Selecting previously unselected package libgdbm-dev:amd64.
Preparing to unpack .../39-libgdbm-dev_1.18.1-5.1_amd64.deb ...
Unpacking libgdbm-dev:amd64 (1.18.1-5.1) ...
Selecting previously unselected package libgmpxx4ldbl:amd64.
Preparing to unpack .../40-libgmpxx4ldbl_2%3a6.2.0+dfsg-6_amd64.deb ...
Unpacking libgmpxx4ldbl:amd64 (2:6.2.0+dfsg-6) ...
Selecting previously unselected package libgmp-dev:amd64.
Preparing to unpack .../41-libgmp-dev_2%3a6.2.0+dfsg-6_amd64.deb ...
Unpacking libgmp-dev:amd64 (2:6.2.0+dfsg-6) ...
Selecting previously unselected package libncurses-dev:amd64.
Preparing to unpack .../42-libncurses-dev_6.2+20200918-1_amd64.deb ...
Unpacking libncurses-dev:amd64 (6.2+20200918-1) ...
Selecting previously unselected package libreadline-dev:amd64.
Preparing to unpack .../43-libreadline-dev_8.0-4_amd64.deb ...
Unpacking libreadline-dev:amd64 (8.0-4) ...
Selecting previously unselected package libssl-dev:amd64.
Preparing to unpack .../44-libssl-dev_1.1.1h-1_amd64.deb ...
Unpacking libssl-dev:amd64 (1.1.1h-1) ...
Selecting previously unselected package libyaml-0-2:amd64.
Preparing to unpack .../45-libyaml-0-2_0.2.2-1_amd64.deb ...
Unpacking libyaml-0-2:amd64 (0.2.2-1) ...
Selecting previously unselected package libyaml-dev:amd64.
Preparing to unpack .../46-libyaml-dev_0.2.2-1_amd64.deb ...
Unpacking libyaml-dev:amd64 (0.2.2-1) ...
Selecting previously unselected package rubygems-integration.
Preparing to unpack .../47-rubygems-integration_1.17.2_all.deb ...
Unpacking rubygems-integration (1.17.2) ...
Selecting previously unselected package systemtap-sdt-dev.
Preparing to unpack .../48-systemtap-sdt-dev_4.3-4_amd64.deb ...
Unpacking systemtap-sdt-dev (4.3-4) ...
Selecting previously unselected package zlib1g-dev:amd64.
Preparing to unpack .../49-zlib1g-dev_1%3a1.2.11.dfsg-2_amd64.deb ...
Unpacking zlib1g-dev:amd64 (1:1.2.11.dfsg-2) ...
Selecting previously unselected package sbuild-build-depends-main-dummy.
Preparing to unpack .../50-sbuild-build-depends-main-dummy_0.invalid.0_amd64.deb ...
Unpacking sbuild-build-depends-main-dummy (0.invalid.0) ...
Setting up libpipeline1:amd64 (1.5.3-1) ...
Setting up mime-support (3.64) ...
Setting up bsdextrautils (2.36-3+b1) ...
update-alternatives: using /usr/bin/write.ul to provide /usr/bin/write (write) in auto mode
Setting up libicu67:amd64 (67.1-4) ...
Setting up libmagic-mgc (1:5.38-5) ...
Setting up libarchive-zip-perl (1.68-1) ...
Setting up libyaml-0-2:amd64 (0.2.2-1) ...
Setting up libglib2.0-0:amd64 (2.66.1-2) ...
No schema files found: doing nothing.
Setting up libdebhelper-perl (13.2.1) ...
Setting up libsqlite3-0:amd64 (3.33.0-1) ...
Setting up libmagic1:amd64 (1:5.38-5) ...
Setting up gettext-base (0.19.8.1-10) ...
Setting up libgdbm-compat-dev (1.18.1-5.1) ...
Setting up file (1:5.38-5) ...
Setting up libffi-dev:amd64 (3.3-4) ...
Setting up autotools-dev (20180224.1) ...
Setting up libgmpxx4ldbl:amd64 (2:6.2.0+dfsg-6) ...
Setting up libncurses6:amd64 (6.2+20200918-1) ...
Setting up libsigsegv2:amd64 (2.12-2) ...
Setting up libssl-dev:amd64 (1.1.1h-1) ...
Setting up autopoint (0.19.8.1-10) ...
Setting up libncursesw6:amd64 (6.2+20200918-1) ...
Setting up zlib1g-dev:amd64 (1:1.2.11.dfsg-2) ...
Setting up sensible-utils (0.0.12+nmu1) ...
Setting up libuchardet0:amd64 (0.0.7-1) ...
Setting up libsub-override-perl (0.09-2) ...
Setting up netbase (6.2) ...
Setting up libgdbm-dev:amd64 (1.18.1-5.1) ...
Setting up openssl (1.1.1h-1) ...
Setting up libelf1:amd64 (0.181-1) ...
Setting up readline-common (8.0-4) ...
Setting up libxml2:amd64 (2.9.10+dfsg-6.1) ...
Setting up chrpath (0.16-2+b1) ...
Setting up libprocps8:amd64 (2:3.3.16-5) ...
Setting up libfile-stripnondeterminism-perl (1.9.0-1) ...
Setting up libncurses-dev:amd64 (6.2+20200918-1) ...
Setting up libgmp-dev:amd64 (2:6.2.0+dfsg-6) ...
Setting up libyaml-dev:amd64 (0.2.2-1) ...
Setting up libtool (2.4.6-14) ...
Setting up libreadline8:amd64 (8.0-4) ...
Setting up m4 (1.4.18-4) ...
Setting up libreadline-dev:amd64 (8.0-4) ...
Setting up ca-certificates (20200601) ...
Updating certificates in /etc/ssl/certs...
126 added, 0 removed; done.
Setting up libcroco3:amd64 (0.6.13-1) ...
Setting up autoconf (2.69-11.1) ...
Setting up dh-strip-nondeterminism (1.9.0-1) ...
Setting up dwz (0.13-5) ...
Setting up groff-base (1.22.4-5) ...
Setting up procps (2:3.3.16-5) ...
update-alternatives: using /usr/bin/w.procps to provide /usr/bin/w (w) in auto mode
Setting up bison (2:3.7.3+dfsg-1) ...
update-alternatives: using /usr/bin/bison.yacc to provide /usr/bin/yacc (yacc) in auto mode
Setting up libpython3.8-stdlib:amd64 (3.8.6-1) ...
Setting up python3.8 (3.8.6-1) ...
Setting up libpython3-stdlib:amd64 (3.8.6-1) ...
Setting up automake (1:1.16.2-4) ...
update-alternatives: using /usr/bin/automake-1.16 to provide /usr/bin/automake (automake) in auto mode
Setting up gettext (0.19.8.1-10) ...
Setting up python3 (3.8.6-1) ...
Setting up rubygems-integration (1.17.2) ...
Setting up man-db (2.9.3-2) ...
Not building database; man-db/auto-update is not 'true'.
Setting up intltool-debian (0.35.0+20060710.5) ...
Setting up systemtap-sdt-dev (4.3-4) ...
Setting up po-debconf (1.0.21) ...
Setting up debhelper (13.2.1) ...
Setting up dh-autoreconf (19) ...
Setting up sbuild-build-depends-main-dummy (0.invalid.0) ...
Processing triggers for libc-bin (2.31-4) ...
Processing triggers for ca-certificates (20200601) ...
Updating certificates in /etc/ssl/certs...
0 added, 0 removed; done.
Running hooks in /etc/ca-certificates/update.d...
done.

+------------------------------------------------------------------------------+
| Check architectures                                                          |
+------------------------------------------------------------------------------+

Arch check ok (amd64 included in any all)

+------------------------------------------------------------------------------+
| Build environment                                                            |
+------------------------------------------------------------------------------+

Kernel: Linux 4.19.0-6-cloud-amd64 #1 SMP Debian 4.19.67-2+deb10u2 (2019-11-11) amd64 (x86_64)
Toolchain package versions: binutils_2.35.1-2 dpkg-dev_1.20.5 g++-10_10.2.0-15 gcc-10_10.2.0-15 libc6-dev_2.31-4 libstdc++-10-dev_10.2.0-15 libstdc++6_10.2.0-15 linux-libc-dev_5.9.1-1
Package versions: adduser_3.118 apt_2.1.11 autoconf_2.69-11.1 automake_1:1.16.2-4 autopoint_0.19.8.1-10 autotools-dev_20180224.1 base-files_11 base-passwd_3.5.48 bash_5.1~rc1-2 binutils_2.35.1-2 binutils-common_2.35.1-2 binutils-x86-64-linux-gnu_2.35.1-2 bison_2:3.7.3+dfsg-1 bsdextrautils_2.36-3+b1 bsdutils_1:2.36-3+b1 build-essential_12.8 bzip2_1.0.8-4 ca-certificates_20200601 chrpath_0.16-2+b1 clang-10_1:10.0.1-7 coreutils_8.32-4+b1 cpp_4:10.2.0-1 cpp-10_10.2.0-15 dash_0.5.10.2-7 debconf_1.5.74 debhelper_13.2.1 debian-archive-keyring_2019.1 debianutils_4.11.2 dh-autoreconf_19 dh-strip-nondeterminism_1.9.0-1 diffutils_1:3.7-3 dpkg_1.20.5 dpkg-dev_1.20.5 dwz_0.13-5 e2fsprogs_1.45.6-1 fakeroot_1.25.3-1 file_1:5.38-5 findutils_4.7.0+git20201010-2 g++_4:10.2.0-1 g++-10_10.2.0-15 gcc_4:10.2.0-1 gcc-10_10.2.0-15 gcc-10-base_10.2.0-15 gcc-9-base_9.3.0-18 gettext_0.19.8.1-10 gettext-base_0.19.8.1-10 gpgv_2.2.20-1 grep_3.4-1 groff-base_1.22.4-5 gzip_1.10-2 hostname_3.23 init-system-helpers_1.58 intltool-debian_0.35.0+20060710.5 lib32gcc-s1_10.2.0-15 lib32stdc++6_10.2.0-15 libacl1_2.2.53-8 libapt-pkg6.0_2.1.11 libarchive-zip-perl_1.68-1 libasan5_9.3.0-18 libasan6_10.2.0-15 libatomic1_10.2.0-15 libattr1_1:2.4.48-5 libaudit-common_1:2.8.5-3.1 libaudit1_1:2.8.5-3.1 libbinutils_2.35.1-2 libblkid1_2.36-3+b1 libbsd0_0.10.0-1 libbz2-1.0_1.0.8-4 libc-bin_2.31-4 libc-dev-bin_2.31-4 libc6_2.31-4 libc6-dev_2.31-4 libc6-i386_2.31-4 libcap-ng0_0.7.9-2.2 libcc1-0_10.2.0-15 libclang-common-10-dev_1:10.0.1-7 libclang-cpp10_1:10.0.1-7 libclang1-10_1:10.0.1-7 libcom-err2_1.45.6-1 libcroco3_0.6.13-1 libcrypt-dev_1:4.4.17-1 libcrypt1_1:4.4.17-1 libctf-nobfd0_2.35.1-2 libctf0_2.35.1-2 libdb5.3_5.3.28+dfsg1-0.6 libdebconfclient0_0.255 libdebhelper-perl_13.2.1 libdpkg-perl_1.20.5 libedit2_3.1-20191231-1 libelf1_0.181-1 libexpat1_2.2.10-1 libext2fs2_1.45.6-1 libfakeroot_1.25.3-1 libffi-dev_3.3-4 libffi7_3.3-4 libfile-stripnondeterminism-perl_1.9.0-1 libgc1_1:8.0.4-2.1 libgcc-10-dev_10.2.0-15 libgcc-9-dev_9.3.0-18 libgcc-s1_10.2.0-15 libgcrypt20_1.8.7-2 libgdbm-compat-dev_1.18.1-5.1 libgdbm-compat4_1.18.1-5.1 libgdbm-dev_1.18.1-5.1 libgdbm6_1.18.1-5.1 libglib2.0-0_2.66.1-2 libgmp-dev_2:6.2.0+dfsg-6 libgmp10_2:6.2.0+dfsg-6 libgmpxx4ldbl_2:6.2.0+dfsg-6 libgnutls30_3.6.15-4 libgomp1_10.2.0-15 libgpg-error0_1.38-2 libgssapi-krb5-2_1.17-10 libhogweed6_3.6-2 libicu67_67.1-4 libidn2-0_2.3.0-1 libisl22_0.22.1-1 libitm1_10.2.0-15 libk5crypto3_1.17-10 libkeyutils1_1.6.1-2 libkrb5-3_1.17-10 libkrb5support0_1.17-10 libllvm10_1:10.0.1-7 liblsan0_10.2.0-15 liblz4-1_1.9.2-2 liblzma5_5.2.4-1+b1 libmagic-mgc_1:5.38-5 libmagic1_1:5.38-5 libmount1_2.36-3+b1 libmpc3_1.2.0-1 libmpfr6_4.1.0-3 libncurses-dev_6.2+20200918-1 libncurses6_6.2+20200918-1 libncursesw6_6.2+20200918-1 libnettle8_3.6-2 libnsl-dev_1.3.0-2 libnsl2_1.3.0-2 libnss-nis_3.1-4 libnss-nisplus_1.3-4 libobjc-10-dev_10.2.0-15 libobjc-9-dev_9.3.0-18 libobjc4_10.2.0-15 libomp-10-dev_1:10.0.1-7 libomp5-10_1:10.0.1-7 libp11-kit0_0.23.21-2 libpam-modules_1.3.1-5 libpam-modules-bin_1.3.1-5 libpam-runtime_1.3.1-5 libpam0g_1.3.1-5 libpcre2-8-0_10.34-7 libpcre3_2:8.39-13 libperl5.30_5.30.3-4 libpipeline1_1.5.3-1 libprocps8_2:3.3.16-5 libpython3-stdlib_3.8.6-1 libpython3.8-minimal_3.8.6-1 libpython3.8-stdlib_3.8.6-1 libquadmath0_10.2.0-15 libreadline-dev_8.0-4 libreadline8_8.0-4 libseccomp2_2.4.4-1+b1 libselinux1_3.1-2+b1 libsemanage-common_3.1-1 libsemanage1_3.1-1+b1 libsepol1_3.1-1 libsigsegv2_2.12-2 libsmartcols1_2.36-3+b1 libsqlite3-0_3.33.0-1 libss2_1.45.6-1 libssl-dev_1.1.1h-1 libssl1.1_1.1.1h-1 libstdc++-10-dev_10.2.0-15 libstdc++6_10.2.0-15 libsub-override-perl_0.09-2 libsystemd0_246.6-2 libtasn1-6_4.16.0-2 libtinfo6_6.2+20200918-1 libtirpc-common_1.2.6-3 libtirpc-dev_1.2.6-3 libtirpc3_1.2.6-3 libtool_2.4.6-14 libtsan0_10.2.0-15 libubsan1_10.2.0-15 libuchardet0_0.0.7-1 libudev1_246.6-2 libunistring2_0.9.10-4 libuuid1_2.36-3+b1 libxml2_2.9.10+dfsg-6.1 libyaml-0-2_0.2.2-1 libyaml-dev_0.2.2-1 libz3-4_4.8.9-1 libzstd1_1.4.5+dfsg-4 linux-libc-dev_5.9.1-1 login_1:4.8.1-1 logsave_1.45.6-1 lsb-base_11.1.0 m4_1.4.18-4 make_4.3-4 man-db_2.9.3-2 mawk_1.3.4.20200120-2 mime-support_3.64 mount_2.36-3+b1 ncurses-base_6.2+20200918-1 ncurses-bin_6.2+20200918-1 netbase_6.2 openssl_1.1.1h-1 passwd_1:4.8.1-1 patch_2.7.6-6 perl_5.30.3-4 perl-base_5.30.3-4 perl-modules-5.30_5.30.3-4 po-debconf_1.0.21 procps_2:3.3.16-5 python3_3.8.6-1 python3-minimal_3.8.6-1 python3.8_3.8.6-1 python3.8-minimal_3.8.6-1 qt5-qmake_5.14.2+dfsg-6 qt5-qmake-bin_5.14.2+dfsg-6 qtchooser_66-2 readline-common_8.0-4 rubygems-integration_1.17.2 sbuild-build-depends-main-dummy_0.invalid.0 sed_4.7-1 sensible-utils_0.0.12+nmu1 systemtap-sdt-dev_4.3-4 sysvinit-utils_2.96-5 tar_1.30+dfsg-7 tzdata_2020d-1 util-linux_2.36-3+b1 xz-utils_5.2.4-1+b1 zlib1g_1:1.2.11.dfsg-2 zlib1g-dev_1:1.2.11.dfsg-2

+------------------------------------------------------------------------------+
| Build                                                                        |
+------------------------------------------------------------------------------+


Unpack source
-------------

-----BEGIN PGP SIGNED MESSAGE-----
Hash: SHA256

Format: 3.0 (quilt)
Source: ruby2.7
Binary: ruby2.7, libruby2.7, ruby2.7-dev, ruby2.7-doc
Architecture: any all
Version: 2.7.2-2
Maintainer: Debian Ruby Team <pkg-ruby-extras-maintainers@lists.alioth.debian.org>
Uploaders: Antonio Terceiro <terceiro@debian.org>, Chris Hofstaedtler <zeha@debian.org>, Lucas Kanashiro <kanashiro@debian.org>, Utkarsh Gupta <utkarsh@debian.org>
Homepage: https://www.ruby-lang.org/
Standards-Version: 4.5.0
Vcs-Browser: https://salsa.debian.org/ruby-team/ruby
Vcs-Git: https://salsa.debian.org/ruby-team/ruby.git
Testsuite: autopkgtest
Build-Depends: bison, chrpath, coreutils (>= 7.5), debhelper (>= 12~), file, libffi-dev, libgdbm-compat-dev, libgdbm-dev, libgmp-dev, libncurses-dev, libreadline6-dev, libssl-dev, libyaml-dev, netbase, openssl, procps, ruby:native <cross>, rubygems-integration (>= 1.6), systemtap-sdt-dev [linux-any], tzdata, zlib1g-dev
Package-List:
 libruby2.7 deb libs optional arch=any
 ruby2.7 deb ruby optional arch=any
 ruby2.7-dev deb ruby optional arch=any
 ruby2.7-doc deb doc optional arch=all
Checksums-Sha1:
 4c0b45a921ba1e168565efc7e01fe6aa9c388122 10780732 ruby2.7_2.7.2.orig.tar.xz
 a3b3fda80555a59f75faeb4b892da307cb44236c 112764 ruby2.7_2.7.2-2.debian.tar.xz
Checksums-Sha256:
 917d6fd1780ab426f029ed9b128430ad36210a1e3edf65c3d4858a7520bfe452 10780732 ruby2.7_2.7.2.orig.tar.xz
 3b3daac70e9076c61a3f7f511fdc065d805ff89eefcaa69883ce2280c01a9860 112764 ruby2.7_2.7.2-2.debian.tar.xz
Files:
 50b7aa326573cca42c0fc44a44a18c4b 10780732 ruby2.7_2.7.2.orig.tar.xz
 c80f8c00e5cbaf4bdbee54984259c83c 112764 ruby2.7_2.7.2-2.debian.tar.xz

-----BEGIN PGP SIGNATURE-----

iQJGBAEBCAAxFiEEbJ0QSEqa5Mw4X3xxgj6WdgbDS5YFAl+FslMTHHV0a2Fyc2hA
ZGViaWFuLm9yZwAKCRCCPpZ2BsNLlhmaD/dYWtpmVa/zrHtwonCNE4hcp4/xR/DN
LI35Phnrr9tb6TD1/EAkllhNrA0h7UiNctGBPqxRsU+BeKtxO2HD4YYvsEj4iffl
9vWwiD1QNba+shCBp57wAjPyCg/wWp0qR+vWmsgIaDGyouYkP/X6mwFDE/N/LeQn
v2BUTUaV/N/ElDA10I27bY2MbNYE5CEt1ogMuF/YAwoK//SWmxTgyDXtVXE4RVAG
jwK090llOwbYdN20O7GKXWCcOfq/+0xRQPa+34pBwXZVyXJUux+rJ+8e5DiLSiwQ
00iUcsrrKCtGWrgvT7pOGl9cTFtZ/Y7xp0tg/rSwygfKjMzDcTbfuqd2Gg9iXq34
61AGHQGNROYG1baNUg+gqX+z63eSqmphqScZpI6prlXArV+yvtW5HgSLhcR/ncSB
GrrQpfzM485xMRd6EkE4Nc6abmR/Rk52dtqA4w/wgVvwzIsbpBfmSfYQ/flv7ZCU
jO0qUDxPPWqEooKie8KFjOFO45C6SYZ5tdjH0XEkX0wJH+R+FW19pYa0u2G+7ML4
g1Y5twTSSJqUl6G1a1Q5/rBMOtx/mppepP0QyS1lwokenEMgu3rlSU7lbbpxFDzK
9Asig58phWwHZ+C2oZbkbin4TbfEsZmI/BD8ro/2jajHrMCU1IZnizCBjp1LD964
7orK2+ZZ2yKx
=NY7N
-----END PGP SIGNATURE-----

gpgv: unknown type of key resource 'trustedkeys.kbx'
gpgv: keyblock resource '/tmp/dpkg-verify-sig.f_TGYu2s/trustedkeys.kbx': General error
gpgv: Signature made Tue Oct 13 13:57:39 2020 UTC
gpgv:                using RSA key 6C9D10484A9AE4CC385F7C71823E967606C34B96
gpgv:                issuer "utkarsh@debian.org"
gpgv: Can't check signature: No public key
dpkg-source: warning: failed to verify signature on ./ruby2.7_2.7.2-2.dsc
dpkg-source: info: extracting ruby2.7 in /<<PKGBUILDDIR>>
dpkg-source: info: unpacking ruby2.7_2.7.2.orig.tar.xz
dpkg-source: info: unpacking ruby2.7_2.7.2-2.debian.tar.xz
dpkg-source: info: using patch list from debian/patches/series
dpkg-source: info: applying 0001-rdoc-build-reproducible-documentation.patch
dpkg-source: info: applying 0002-lib-mkmf.rb-sort-list-of-object-files-in-generated-M.patch
dpkg-source: info: applying 0003-Mark-Gemspec-reproducible-change-fixing-784225-too.patch
dpkg-source: info: applying 0008-Disable-tests-failing-on-Ubuntu-builders.patch
dpkg-source: info: applying 0005-Make-gemspecs-reproducible.patch
dpkg-source: info: applying 0006-Fix-FTBS-on-hurd.patch
dpkg-source: info: applying 0007-Port-to-kfreebsd-amd64.patch
dpkg-source: info: applying 0008-Fix-priority-order-of-paths-in-I-option.patch
dpkg-source: info: applying 0009-Fix-FTBFS-on-x32-misdetected-as-i386-or-amd64.patch
dpkg-source: info: applying 0010-Fix-IRBTestIRBHistory-tests.patch
dpkg-source: info: applying 0012-Dont-use-relative-path.patch
dpkg-source: info: applying 0013-Fix-getcwd-ENOENT.patch

Check disk space
----------------

Sufficient free space for build

User Environment
----------------

APT_CONFIG=/var/lib/sbuild/apt.conf
HOME=/sbuild-nonexistent
LANG=C.UTF-8
LC_ALL=C.UTF-8
LOGNAME=user42
PATH=/usr/local/sbin:/usr/local/bin:/usr/sbin:/usr/bin:/sbin:/bin:/usr/games
SCHROOT_ALIAS_NAME=unstable
SCHROOT_CHROOT_NAME=sid-amd64-sbuild
SCHROOT_COMMAND=env
SCHROOT_GID=1001
SCHROOT_GROUP=user42
SCHROOT_SESSION_ID=sid-amd64-sbuild-00d1672d-32d1-41c7-9fcc-b95310263cdd
SCHROOT_UID=1001
SCHROOT_USER=user42
SHELL=/bin/sh
USER=user42

dpkg-buildpackage
-----------------

Command: dpkg-buildpackage -us -uc -b -rfakeroot
dpkg-buildpackage: info: source package ruby2.7
dpkg-buildpackage: info: source version 2.7.2-2
dpkg-buildpackage: info: source distribution unstable
dpkg-buildpackage: info: source changed by Utkarsh Gupta <utkarsh@debian.org>
 dpkg-source --before-build .
dpkg-buildpackage: info: host architecture amd64
 debian/rules clean
dh clean
   debian/rules override_dh_auto_clean
make[1]: Entering directory '/<<PKGBUILDDIR>>'
/usr/bin/make clean || true
make[2]: Entering directory '/<<PKGBUILDDIR>>'
make[2]: *** No rule to make target 'clean'.  Stop.
make[2]: Leaving directory '/<<PKGBUILDDIR>>'
/usr/bin/make distclean-ext || true
make[2]: Entering directory '/<<PKGBUILDDIR>>'
make[2]: *** No rule to make target 'distclean-ext'.  Stop.
make[2]: Leaving directory '/<<PKGBUILDDIR>>'
rm -f tool/config.guess tool/config.sub
rm -f test/excludes/amd64
rm -f -r .ext
rm -f -r doc/capi
rm -f .installed.list GNUmakefile Makefile builtin_binary.inc \
	config.status enc.mk uncommon.mk verconf.h
make[1]: Leaving directory '/<<PKGBUILDDIR>>'
   dh_clean
	rm -f debian/debhelper-build-stamp
	rm -rf debian/.debhelper/
	rm -f -- debian/ruby2.7.substvars debian/libruby2.7.substvars debian/ruby2.7-dev.substvars debian/ruby2.7-doc.substvars debian/files
	rm -fr -- debian/ruby2.7/ debian/tmp/ debian/libruby2.7/ debian/ruby2.7-dev/ debian/ruby2.7-doc/
	find .  \( \( \
		\( -path .\*/.git -o -path .\*/.svn -o -path .\*/.bzr -o -path .\*/.hg -o -path .\*/CVS -o -path .\*/.pc -o -path .\*/_darcs \) -prune -o -type f -a \
	        \( -name '#*#' -o -name '.*~' -o -name '*~' -o -name DEADJOE \
		 -o -name '*.orig' -o -name '*.rej' -o -name '*.bak' \
		 -o -name '.*.orig' -o -name .*.rej -o -name '.SUMS' \
		 -o -name TAGS -o \( -path '*/.deps/*' -a -name '*.P' \) \
		\) -exec rm -f {} + \) -o \
		\( -type d -a -name autom4te.cache -prune -exec rm -rf {} + \) \)
 debian/rules binary
dh binary
   dh_update_autotools_config
   dh_autoreconf
	find ! -ipath "./debian/*" -a ! \( -path '*/.git/*' -o -path '*/.hg/*' -o -path '*/.bzr/*' -o -path '*/.svn/*' -o -path '*/CVS/*' \) -a  -type f -exec md5sum {} + -o -type l -printf "symlink  %p
" > debian/autoreconf.before
	grep -q ^XDT_ configure.ac
	autoreconf -f -i
	find ! -ipath "./debian/*" -a ! \( -path '*/.git/*' -o -path '*/.hg/*' -o -path '*/.bzr/*' -o -path '*/.svn/*' -o -path '*/CVS/*' \) -a  -type f -exec md5sum {} + -o -type l -printf "symlink  %p
" > debian/autoreconf.after
   debian/rules override_dh_auto_configure
make[1]: Entering directory '/<<PKGBUILDDIR>>'
cp /usr/share/misc/config.guess tool
cp /usr/share/misc/config.sub tool
./configure --prefix=/usr --enable-multiarch --target=x86_64-linux-gnu --program-suffix=2.7 --with-soname=ruby-2.7 --enable-shared --disable-rpath --with-sitedir='/usr/local/lib/site_ruby' --with-sitearchdir="/usr/local/lib/x86_64-linux-gnu/site_ruby" --runstatedir=/var/run --localstatedir=/var --sysconfdir=/etc AS=x86_64-linux-gnu-as CC=x86_64-linux-gnu-gcc CXX=x86_64-linux-gnu-g++ LD=x86_64-linux-gnu-ld --enable-ipv6 --with-dbm-type=gdbm_compat --with-compress-debug-sections=no CFLAGS="-g -O2 -fdebug-prefix-map=/<<PKGBUILDDIR>>=. -fstack-protector-strong -Wformat -Werror=format-security" CPPFLAGS="-Wdate-time -D_FORTIFY_SOURCE=2" CXXFLAGS="-g -O2 -fdebug-prefix-map=/<<PKGBUILDDIR>>=. -fstack-protector-strong -Wformat -Werror=format-security" FCFLAGS="-g -O2 -fdebug-prefix-map=/<<PKGBUILDDIR>>=. -fstack-protector-strong" FFLAGS="-g -O2 -fdebug-prefix-map=/<<PKGBUILDDIR>>=. -fstack-protector-strong" GCJFLAGS="-g -O2 -fdebug-prefix-map=/<<PKGBUILDDIR>>=. -fstack-protector-strong" LDFLAGS="-Wl,-z,relro -Wl,-z,now" OBJCFLAGS="-g -O2 -fdebug-prefix-map=/<<PKGBUILDDIR>>=. -fstack-protector-strong -Wformat -Werror=format-security" OBJCXXFLAGS="-g -O2 -fdebug-prefix-map=/<<PKGBUILDDIR>>=. -fstack-protector-strong -Wformat -Werror=format-security" 
checking for ruby... false
checking build system type... x86_64-pc-linux-gnu
checking host system type... x86_64-pc-linux-gnu
checking target system type... x86_64-pc-linux-gnu
checking whether the C compiler works... yes
checking for C compiler default output file name... a.out
checking for suffix of executables... 
checking whether we are cross compiling... no
checking for suffix of object files... o
checking whether we are using the GNU C compiler... yes
checking whether x86_64-linux-gnu-gcc accepts -g... yes
checking for x86_64-linux-gnu-gcc option to accept ISO C89... none needed
checking for x86_64-linux-gnu-gcc option to accept ISO C99... none needed
checking how to run the C preprocessor... x86_64-linux-gnu-gcc -E
checking whether we are using the GNU C++ compiler... yes
checking whether x86_64-linux-gnu-g++ accepts -g... yes
checking for grep that handles long lines and -e... /bin/grep
checking for egrep... /bin/grep -E
checking whether x86_64-linux-gnu-gcc needs -traditional... no
checking for ld... x86_64-linux-gnu-ld
checking whether the linker is GNU ld... yes
checking whether x86_64-linux-gnu-gcc -E accepts -o... yes
checking for x86_64-linux-gnu-gcc... /usr/bin/x86_64-linux-gnu-gcc
checking for ranlib... ranlib
checking for ar... ar
checking for ar flags... rcD
checking for as... x86_64-linux-gnu-as
checking for objdump... objdump
checking for objcopy... objcopy
checking for nm... nm
checking whether ln -s works... yes
checking whether make sets $(MAKE)... yes
checking for a BSD-compatible install... /usr/bin/install -c
checking for a thread-safe mkdir -p... /bin/mkdir -p
checking for dtrace... dtrace
checking for dot... no
checking for doxygen... no
checking for pkg-config... no
checking for ANSI C header files... yes
checking for sys/types.h... yes
checking for sys/stat.h... yes
checking for stdlib.h... yes
checking for string.h... yes
checking for memory.h... yes
checking for strings.h... yes
checking for inttypes.h... yes
checking for stdint.h... yes
checking for unistd.h... yes
checking minix/config.h usability... no
checking minix/config.h presence... no
checking for minix/config.h... no
checking whether it is safe to define __EXTENSIONS__... yes
checking for cd using physical directory... cd -P
checking whether CFLAGS is valid... yes
checking whether LDFLAGS is valid... yes
checking whether -Wl,-R. is accepted as LDFLAGS... yes
checking whether -Wl,-rpath,. is accepted as LDFLAGS... yes
checking whether -Wdeprecated-declarations is accepted as CFLAGS... yes
checking whether -Wdivision-by-zero is accepted as CFLAGS... yes
checking whether -Wduplicated-cond is accepted as CFLAGS... no
checking whether -Wimplicit-function-declaration is accepted as CFLAGS... yes
checking whether -Wimplicit-int is accepted as CFLAGS... yes
checking whether -Wmisleading-indentation is accepted as CFLAGS... yes
checking whether -Wpointer-arith is accepted as CFLAGS... yes
checking whether -Wshorten-64-to-32 is accepted as CFLAGS... yes
checking whether -Wwrite-strings is accepted as CFLAGS... yes
checking whether -Wimplicit-fallthrough=0 is accepted as CFLAGS... no
checking whether -Wmissing-noreturn is accepted as CFLAGS... yes
checking whether -Wno-cast-function-type is accepted as CFLAGS... no
checking whether -Wno-constant-logical-operand is accepted as CFLAGS... yes
checking whether -Wno-long-long is accepted as CFLAGS... yes
checking whether -Wno-missing-field-initializers is accepted as CFLAGS... yes
checking whether -Wno-overlength-strings is accepted as CFLAGS... yes
checking whether -Wno-packed-bitfield-compat is accepted as CFLAGS... no
checking whether -Wno-parentheses-equality is accepted as CFLAGS... yes
checking whether -Wno-self-assign is accepted as CFLAGS... yes
checking whether -Wno-tautological-compare is accepted as CFLAGS... yes
checking whether -Wno-unused-parameter is accepted as CFLAGS... yes
checking whether -Wno-unused-value is accepted as CFLAGS... yes
checking whether -Wsuggest-attribute=format is accepted as CFLAGS... no
checking whether -Wsuggest-attribute=noreturn is accepted as CFLAGS... no
checking whether -Wunused-variable is accepted as CFLAGS... yes
checking whether -diag-disable=175,188,1684,2259,2312 is accepted as CFLAGS... no
checking whether -Wextra-tokens is accepted as CFLAGS... yes
checking whether -Wall -Wextra is accepted as CFLAGS... yes
checking whether -Qunused-arguments is accepted as CFLAGS... yes
checking whether -D_FORTIFY_SOURCE=2 is accepted as CFLAGS... yes
checking whether -fstack-protector-strong is accepted as CFLAGS... yes
checking whether -fstack-protector-strong is accepted as LDFLAGS... yes
checking whether -std=gnu99 is accepted as CFLAGS... yes
checking whether -fno-strict-overflow is accepted as CFLAGS... yes
checking whether -ggdb3 is accepted as CFLAGS... yes
checking whether -fvisibility=hidden is accepted as CFLAGS... yes
checking whether -fno-fast-math is accepted as CFLAGS... yes
checking whether -fexcess-precision=standard is accepted as CFLAGS... no
checking whether -fp-model precise is accepted as CFLAGS... no
checking whether compiler has statement and declarations in expressions... yes
checking for crypt in -lcrypt... yes
checking for dlopen in -ldl... yes
checking for shl_load in -ldld... no
checking for shutdown in -lsocket... no
checking for dirent.h that defines DIR... yes
checking for library containing opendir... none required
checking for stdbool.h that conforms to C99... yes
checking for _Bool... yes
checking for sys/wait.h that is POSIX.1 compatible... yes
checking a.out.h usability... yes
checking a.out.h presence... yes
checking for a.out.h... yes
checking atomic.h usability... no
checking atomic.h presence... no
checking for atomic.h... no
checking copyfile.h usability... no
checking copyfile.h presence... no
checking for copyfile.h... no
checking direct.h usability... no
checking direct.h presence... no
checking for direct.h... no
checking grp.h usability... yes
checking grp.h presence... yes
checking for grp.h... yes
checking fcntl.h usability... yes
checking fcntl.h presence... yes
checking for fcntl.h... yes
checking float.h usability... yes
checking float.h presence... yes
checking for float.h... yes
checking ieeefp.h usability... no
checking ieeefp.h presence... no
checking for ieeefp.h... no
checking intrinsics.h usability... no
checking intrinsics.h presence... no
checking for intrinsics.h... no
checking langinfo.h usability... yes
checking langinfo.h presence... yes
checking for langinfo.h... yes
checking limits.h usability... yes
checking limits.h presence... yes
checking for limits.h... yes
checking locale.h usability... yes
checking locale.h presence... yes
checking for locale.h... yes
checking malloc.h usability... yes
checking malloc.h presence... yes
checking for malloc.h... yes
checking malloc/malloc.h usability... no
checking malloc/malloc.h presence... no
checking for malloc/malloc.h... no
checking malloc_np.h usability... no
checking malloc_np.h presence... no
checking for malloc_np.h... no
checking net/socket.h usability... no
checking net/socket.h presence... no
checking for net/socket.h... no
checking process.h usability... no
checking process.h presence... no
checking for process.h... no
checking pwd.h usability... yes
checking pwd.h presence... yes
checking for pwd.h... yes
checking sanitizer/asan_interface.h usability... yes
checking sanitizer/asan_interface.h presence... yes
checking for sanitizer/asan_interface.h... yes
checking sanitizer/msan_interface.h usability... yes
checking sanitizer/msan_interface.h presence... yes
checking for sanitizer/msan_interface.h... yes
checking setjmpex.h usability... no
checking setjmpex.h presence... no
checking for setjmpex.h... no
checking stdalign.h usability... yes
checking stdalign.h presence... yes
checking for stdalign.h... yes
checking sys/attr.h usability... no
checking sys/attr.h presence... no
checking for sys/attr.h... no
checking sys/eventfd.h usability... yes
checking sys/eventfd.h presence... yes
checking for sys/eventfd.h... yes
checking sys/fcntl.h usability... yes
checking sys/fcntl.h presence... yes
checking for sys/fcntl.h... yes
checking sys/file.h usability... yes
checking sys/file.h presence... yes
checking for sys/file.h... yes
checking sys/id.h usability... no
checking sys/id.h presence... no
checking for sys/id.h... no
checking sys/ioctl.h usability... yes
checking sys/ioctl.h presence... yes
checking for sys/ioctl.h... yes
checking sys/mkdev.h usability... no
checking sys/mkdev.h presence... no
checking for sys/mkdev.h... no
checking sys/param.h usability... yes
checking sys/param.h presence... yes
checking for sys/param.h... yes
checking sys/prctl.h usability... yes
checking sys/prctl.h presence... yes
checking for sys/prctl.h... yes
checking sys/resource.h usability... yes
checking sys/resource.h presence... yes
checking for sys/resource.h... yes
checking sys/select.h usability... yes
checking sys/select.h presence... yes
checking for sys/select.h... yes
checking sys/sendfile.h usability... yes
checking sys/sendfile.h presence... yes
checking for sys/sendfile.h... yes
checking sys/socket.h usability... yes
checking sys/socket.h presence... yes
checking for sys/socket.h... yes
checking sys/syscall.h usability... yes
checking sys/syscall.h presence... yes
checking for sys/syscall.h... yes
checking sys/sysmacros.h usability... yes
checking sys/sysmacros.h presence... yes
checking for sys/sysmacros.h... yes
checking sys/time.h usability... yes
checking sys/time.h presence... yes
checking for sys/time.h... yes
checking sys/times.h usability... yes
checking sys/times.h presence... yes
checking for sys/times.h... yes
checking sys/uio.h usability... yes
checking sys/uio.h presence... yes
checking for sys/uio.h... yes
checking sys/utime.h usability... no
checking sys/utime.h presence... no
checking for sys/utime.h... no
checking syscall.h usability... yes
checking syscall.h presence... yes
checking for syscall.h... yes
checking time.h usability... yes
checking time.h presence... yes
checking for time.h... yes
checking ucontext.h usability... yes
checking ucontext.h presence... yes
checking for ucontext.h... yes
checking utime.h usability... yes
checking utime.h presence... yes
checking for utime.h... yes
checking gmp.h usability... yes
checking gmp.h presence... yes
checking for gmp.h... yes
checking for library containing __gmpz_init... -lgmp
checking for special C compiler options needed for large files... no
checking for _FILE_OFFSET_BITS value needed for large files... no
checking whether byte ordering is bigendian... no
checking for an ANSI C-conforming const... yes
checking whether char is unsigned... no
checking for inline... inline
checking for working volatile... yes
checking for typeof syntax and keyword spelling... typeof
checking for C/C++ restrict keyword... __restrict
checking for long long... yes
checking for off_t... yes
checking char bit... 8
checking size of int... 4
checking size of short... 2
checking size of long... 8
checking size of long long... 8
checking size of __int64... 0
checking size of __int128... 16
checking size of off_t... 8
checking size of void*... 8
checking size of float... 4
checking size of double... 8
checking size of time_t... 8
checking size of clock_t... 8
checking packed struct attribute... x __attribute__((packed))
checking whether -Wno-address-of-packed-member is accepted as CFLAGS... yes
checking for printf prefix for long long... ll
checking for pid_t... yes
checking for convertible type of pid_t... INT
checking for uid_t... yes
checking for convertible type of uid_t... UINT
checking for gid_t... yes
checking for convertible type of gid_t... UINT
checking for time_t... yes
checking for convertible type of time_t... LONG
checking for dev_t... yes
checking for convertible type of dev_t... ULONG
checking for mode_t... yes
checking for convertible type of mode_t... UINT
checking for rlim_t... yes
checking for convertible type of rlim_t... ULONG
checking for off_t... (cached) yes
checking for convertible type of off_t... LONG
checking for clockid_t... yes
checking for convertible type of clockid_t... INT
checking for prototypes... yes
checking token paste string... ansi
checking stringization... #expr
checking string literal concatenation... yes
checking for variable length prototypes and stdarg.h... yes
checking for variable length macro... yes
checking for alignas() syntax... __attribute__((__aligned__(x)))
checking for alignof() syntax... alignof
checking for CONSTFUNC function attribute... __attribute__ ((__const__)) x
checking for PUREFUNC function attribute... __attribute__ ((__pure__)) x
checking for NORETURN function attribute... __attribute__ ((__noreturn__)) x
checking for DEPRECATED function attribute... __attribute__ ((__deprecated__)) x
checking for DEPRECATED_BY function attribute... __attribute__ ((__deprecated__("by "#n))) x
checking for DEPRECATED_TYPE type attribute... x __attribute__ ((__deprecated__ mesg))
checking for NOINLINE function attribute... __attribute__ ((__noinline__)) x
checking for ALWAYS_INLINE function attribute... __attribute__ ((__always_inline__)) x
checking for NO_SANITIZE function attribute... __attribute__ ((__no_sanitize__(san))) x
checking for NO_SANITIZE_ADDRESS function attribute... __attribute__ ((__no_sanitize_address__)) x
checking for NO_ADDRESS_SAFETY_ANALYSIS function attribute... __attribute__ ((__no_address_safety_analysis__)) x
checking for WARN_UNUSED_RESULT function attribute... __attribute__ ((__warn_unused_result__)) x
checking for MAYBE_UNUSED function attribute... __attribute__ ((__unused__)) x
checking for ERRORFUNC function attribute... x
checking for WARNINGFUNC function attribute... x
checking for WEAK function attribute... __attribute__ ((__weak__)) x
checking for __attribute__((__depreacted__(msg))) in C++... yes
checking for FUNC_STDCALL function attribute... x
checking for FUNC_CDECL function attribute... __attribute__ ((__cdecl__)) x
checking for FUNC_FASTCALL function attribute... x
checking for FUNC_UNOPTIMIZED function attribute... x
checking for FUNC_MINIMIZED function attribute... x
checking for function alias... alias
checking for __atomic builtins... yes
checking for __sync builtins... yes
checking for __builtin_unreachable... yes
checking for exported function attribute... __attribute__ ((__visibility__("default")))
checking for RUBY_FUNC_NONNULL function attribute... __attribute__ ((__nonnull__(n))) x
checking for function name string predefined identifier... __func__
checking if enum over int is allowed... yes
checking whether sys_nerr is declared... yes
checking whether getenv is declared... yes
checking for size_t... yes
checking size of size_t... 8
checking size of ptrdiff_t... 8
checking for printf prefix for size_t... z
checking for printf prefix for ptrdiff_t... t
checking for struct stat.st_blksize... yes
checking for struct stat.st_blocks... yes
checking for struct stat.st_rdev... yes
checking size of struct stat.st_size... SIZEOF_OFF_T
checking size of struct stat.st_blocks... SIZEOF_OFF_T
checking size of struct stat.st_ino... SIZEOF_LONG
checking for struct stat.st_atim... yes
checking for struct stat.st_atimespec... no
checking for struct stat.st_atimensec... no
checking for struct stat.st_mtim... yes
checking for struct stat.st_mtimespec... no
checking for struct stat.st_mtimensec... no
checking for struct stat.st_ctim... yes
checking for struct stat.st_ctimespec... no
checking for struct stat.st_ctimensec... no
checking for struct stat.st_birthtimespec... no
checking for struct statx.stx_btime... yes
checking for struct timeval... yes
checking size of struct timeval.tv_sec... SIZEOF_TIME_T
checking for struct timespec... yes
checking for struct timezone... yes
checking for fd_mask... yes
checking for int8_t... yes
checking size of int8_t... 1
checking for uint8_t... yes
checking size of uint8_t... 1
checking for int16_t... yes
checking size of int16_t... 2
checking for uint16_t... yes
checking size of uint16_t... 2
checking for int32_t... yes
checking size of int32_t... 4
checking for uint32_t... yes
checking size of uint32_t... 4
checking for int64_t... yes
checking size of int64_t... 8
checking for uint64_t... yes
checking size of uint64_t... 8
checking for int128_t... __int128
checking for uint128_t... unsigned __int128
checking for intptr_t... yes
checking size of intptr_t... 8
checking for uintptr_t... yes
checking size of uintptr_t... 8
checking for printf prefix for intptr_t... NONE
checking for ssize_t... yes
checking size of ssize_t... 8
checking for printf prefix for int64_t... NONE
checking for stack end address... __libc_stack_end
checking for uid_t in sys/types.h... (cached) yes
checking type of array argument to getgroups... gid_t
checking return type of signal handlers... void
checking for working alloca.h... yes
checking for alloca... yes
checking for dynamic size alloca... ok
checking for working memcmp... yes
checking for acosh... yes
checking for cbrt... yes
checking for crypt... yes
checking for dup2... yes
checking for erf... yes
checking for explicit_bzero... yes
checking for ffs... yes
checking for flock... yes
checking for hypot... yes
checking for lgamma_r... yes
checking for memmove... yes
checking for nan... yes
checking for nextafter... yes
checking for setproctitle... no
checking for strchr... yes
checking for strerror... yes
checking for strlcat... no
checking for strlcpy... no
checking for strstr... yes
checking for tgamma... yes
checking whether finite is declared... yes
checking whether isinf is declared... yes
checking whether isnan is declared... yes
checking sys/pstat.h usability... no
checking sys/pstat.h presence... no
checking for sys/pstat.h... no
checking for signbit... yes
checking for pid_t... (cached) yes
checking vfork.h usability... no
checking vfork.h presence... no
checking for vfork.h... no
checking for fork... yes
checking for vfork... yes
checking for working fork... yes
checking for working vfork... (cached) yes
checking for __syscall... no
checking for _longjmp... yes
checking for arc4random_buf... no
checking for atan2l... yes
checking for atan2f... yes
checking for chroot... yes
checking for chsize... no
checking for clock_gettime... yes
checking for copy_file_range... yes
checking for cosh... yes
checking for crypt_r... yes
checking for daemon... (cached) no
checking for dirfd... yes
checking for dl_iterate_phdr... yes
checking for dlopen... yes
checking for dladdr... yes
checking for dup... yes
checking for dup3... yes
checking for eaccess... yes
checking for endgrent... yes
checking for eventfd... yes
checking for explicit_memset... no
checking for fcopyfile... no
checking for fchmod... yes
checking for fchown... yes
checking for fcntl... yes
checking for fdatasync... yes
checking for fdopendir... yes
checking for fgetattrlist... no
checking for fmod... yes
checking for fstatat... yes
checking for fsync... yes
checking for ftruncate... yes
checking for ftruncate64... yes
checking for getattrlist... no
checking for getcwd... yes
checking for getgidx... no
checking for getgrnam... yes
checking for getgrnam_r... yes
checking for getgroups... yes
checking for getpgid... yes
checking for getpgrp... yes
checking for getpriority... yes
checking for getpwnam_r... yes
checking for getrandom... yes
checking for getresgid... yes
checking for getresuid... yes
checking for getrlimit... yes
checking for getsid... yes
checking for gettimeofday... yes
checking for getuidx... no
checking for gmtime_r... yes
checking for grantpt... yes
checking for initgroups... yes
checking for ioctl... yes
checking for isfinite... no
checking for issetugid... no
checking for killpg... yes
checking for lchmod... no
checking for lchown... yes
checking for link... yes
checking for llabs... yes
checking for lockf... yes
checking for log2... yes
checking for lstat... yes
checking for lutimes... yes
checking for malloc_usable_size... yes
checking for malloc_size... no
checking for mblen... yes
checking for memalign... yes
checking for memset_s... no
checking for writev... yes
checking for memrchr... yes
checking for memmem... yes
checking for mkfifo... yes
checking for mknod... yes
checking for mktime... yes
checking for openat... yes
checking for pipe2... yes
checking for poll... yes
checking for posix_fadvise... yes
checking for posix_memalign... yes
checking for ppoll... yes
checking for pread... yes
checking for pwrite... yes
checking for qsort_r... yes
checking for qsort_s... no
checking for readlink... yes
checking for realpath... yes
checking for round... yes
checking for sched_getaffinity... yes
checking for seekdir... yes
checking for select_large_fdset... no
checking for sendfile... yes
checking for setegid... yes
checking for setenv... yes
checking for seteuid... yes
checking for setgid... yes
checking for setgroups... yes
checking for setpgid... yes
checking for setpgrp... yes
checking for setregid... yes
checking for setresgid... yes
checking for setresuid... yes
checking for setreuid... yes
checking for setrgid... no
checking for setrlimit... yes
checking for setruid... no
checking for setsid... yes
checking for setuid... yes
checking for shutdown... yes
checking for sigaction... yes
checking for sigaltstack... yes
checking for sigprocmask... yes
checking for sinh... yes
checking for spawnv... no
checking for symlink... yes
checking for syscall... yes
checking for sysconf... yes
checking for tanh... yes
checking for telldir... yes
checking for timegm... yes
checking for times... yes
checking for truncate... yes
checking for truncate64... yes
checking for unsetenv... yes
checking for utimensat... yes
checking for utimes... yes
checking for wait4... yes
checking for waitpid... yes
checking for statx... yes
checking if getcwd allocates buffer if NULL is given... yes
checking crypt.h usability... yes
checking crypt.h presence... yes
checking for crypt.h... yes
checking for struct crypt_data.initialized... yes
checking for __builtin_alloca_with_align... yes
checking for __builtin_assume_aligned... yes
checking for __builtin_bswap16... yes
checking for __builtin_bswap32... yes
checking for __builtin_bswap64... yes
checking for __builtin_popcount... yes
checking for __builtin_popcountll... yes
checking for __builtin_clz... yes
checking for __builtin_clzl... yes
checking for __builtin_clzll... yes
checking for __builtin_ctz... yes
checking for __builtin_ctzll... yes
checking for __builtin_add_overflow... yes
checking for __builtin_sub_overflow... yes
checking for __builtin_mul_overflow... yes
checking for __builtin_mul_overflow_p... no
checking for __builtin_constant_p... yes
checking for __builtin_choose_expr... yes
checking for __builtin_choose_expr_constant_p... yes
checking for __builtin_types_compatible_p... yes
checking for __builtin_trap... yes
checking whether qsort_r is GNU version... yes
checking whether qsort_r is BSD version... no
checking whether atan2 handles Inf as C99... yes
checking for clock_getres... yes
checking for timer_create in -lrt... yes
checking for timer_settime in -lrt... yes
checking for unsetenv returns a value... yes
checking whether struct tm is in sys/time.h or time.h... time.h
checking for struct tm.tm_zone... yes
checking for struct tm.tm_gmtoff... yes
checking for external int daylight... yes
checking for negative time_t for gmtime(3)... yes
checking for localtime(3) overflow correctly... yes
checking for sig_t... yes
checking whether right shift preserve sign bit... yes
checking whether _SC_CLK_TCK is supported... yes
checking stack growing direction on x86_64... -1
checking native coroutine implementation for x86_64-linux-gnu... amd64
checking for pthread_create in -lthr... no
checking for pthread_create in -lpthread... yes
checking for pthread_np.h... no
checking whether pthread_t is scalar type... yes
checking for sched_yield... yes
checking for pthread_attr_setinheritsched... yes
checking for pthread_attr_get_np... no
checking for pthread_attr_getstack... yes
checking for pthread_attr_getguardsize... yes
checking for pthread_get_stackaddr_np... no
checking for pthread_get_stacksize_np... no
checking for thr_stksegment... no
checking for pthread_stackseg_np... no
checking for pthread_getthrds_np... no
checking for pthread_condattr_setclock... yes
checking for pthread_sigmask... yes
checking for pthread_setname_np... yes
checking for pthread_set_name_np... no
checking for pthread_getattr_np... yes
checking arguments of pthread_setname_np... (pthread_self(), name)
checking if mcontext_t is a pointer... no
checking for getcontext... yes
checking for setcontext... yes
checking if fork works with pthread... yes
checking whether ELF binaries are produced... yes
checking elf.h usability... yes
checking elf.h presence... yes
checking for elf.h... yes
checking elf_abi.h usability... no
checking elf_abi.h presence... no
checking for elf_abi.h... no
checking mach-o/loader.h usability... no
checking mach-o/loader.h presence... no
checking for mach-o/loader.h... no
checking whether OS depend dynamic link works... yes
checking for backtrace... yes
checking for broken backtrace... yes
checking valgrind/memcheck.h usability... no
checking valgrind/memcheck.h presence... no
checking for valgrind/memcheck.h... no
checking for strip... strip
checking whether -Wl,--no-undefined is accepted as LDFLAGS... yes
checking whether wrapper for LD_LIBRARY_PATH is needed... no
checking whether dtrace USDT is available... yes
checking whether dtrace needs post processing... yes
checking for __builtin_setjmp... yes with cast ((void **))
checking for _setjmpex as a macro or function... no
checking for _setjmp as a macro or function... yes
checking for sigsetjmp as a macro or function... no
checking for setjmp type... __builtin_setjmp\((void **)\)
checking for prefix of external symbols... NONE
checking pthread.h usability... yes
checking pthread.h presence... yes
checking for pthread.h... yes
checking if make is GNU make... yes
.ext/include/x86_64-linux-gnu/ruby/config.h updated
configure: ruby library version = 2.7.0
configure: creating ./config.status
config.status: creating GNUmakefile
config.status: creating Makefile
config.status: creating ruby-2.7.pc
---
Configuration summary for ruby version 2.7.2

   * Installation prefix: /usr
   * exec prefix:         ${prefix}
   * arch:                x86_64-linux-gnu
   * site arch:           ${arch}
   * RUBY_BASE_NAME:      ruby
   * enable shared:       yes
   * ruby lib prefix:     ${libdir}/${RUBY_BASE_NAME}
   * site libraries path: ${sitearchlibdir}/${RUBY_BASE_NAME}
   * vendor path:         ${rubylibprefix}/vendor_ruby
   * target OS:           linux-gnu
   * compiler:            x86_64-linux-gnu-gcc
   * with pthread:        yes
   * with coroutine:      amd64
   * enable shared libs:  yes
   * dynamic library ext: so
   * CFLAGS:              ${optflags} ${debugflags} ${warnflags}
   * LDFLAGS:             -L. -Wl,-z,relro -Wl,-z,now \
                          -fstack-protector-strong -rdynamic \
                          -Wl,-export-dynamic
   * DLDFLAGS:            -Wl,-z,relro -Wl,-z,now
   * optflags:            -O3
   * debugflags:          -ggdb3
   * warnflags:           -Wall -Wextra -Wdeprecated-declarations \
                          -Wdivision-by-zero \
                          -Wimplicit-function-declaration -Wimplicit-int \
                          -Wmisleading-indentation -Wpointer-arith \
                          -Wshorten-64-to-32 -Wwrite-strings \
                          -Wmissing-noreturn -Wno-constant-logical-operand \
                          -Wno-long-long -Wno-missing-field-initializers \
                          -Wno-overlength-strings -Wno-parentheses-equality \
                          -Wno-self-assign -Wno-tautological-compare \
                          -Wno-unused-parameter -Wno-unused-value \
                          -Wunused-variable -Wextra-tokens
   * strip command:       strip -S -x
   * install doc:         rdoc
   * JIT support:         yes
   * man page type:       doc

---
make[1]: Leaving directory '/<<PKGBUILDDIR>>'
   debian/rules override_dh_auto_build-arch
make[1]: Entering directory '/<<PKGBUILDDIR>>'
dh_auto_build -- main V=1
	make -j4 main V=1
make[2]: Entering directory '/<<PKGBUILDDIR>>'
	BASERUBY = echo executable host ruby is required.  use --with-baseruby option.; false
	CC = x86_64-linux-gnu-gcc
	LD = x86_64-linux-gnu-ld
	LDSHARED = x86_64-linux-gnu-gcc -shared
	CFLAGS = -g -O2 -fdebug-prefix-map=/<<PKGBUILDDIR>>=. -fstack-protector-strong -Wformat -Werror=format-security -fPIC 
	XCFLAGS = -D_FORTIFY_SOURCE=2 -fstack-protector-strong -fno-strict-overflow -fvisibility=hidden -DRUBY_EXPORT -DCANONICALIZATION_FOR_MATHN -I. -I.ext/include/x86_64-linux-gnu -I./include -I. -I./enc/unicode/12.1.0
	CPPFLAGS = -Wdate-time -D_FORTIFY_SOURCE=2   
	DLDFLAGS = -Wl,-z,relro -Wl,-z,now -Wl,-soname,libruby-2.7.so.2.7  -fstack-protector-strong  
	SOLIBS = -lpthread -lrt -lrt -lgmp -ldl -lcrypt -lm 
	LANG = C.UTF-8
	LC_ALL = C.UTF-8
	LC_CTYPE = 
	MFLAGS = -w -j4 --jobserver-auth=4,5
Debian clang version 10.0.1-7
Target: x86_64-unknown-linux-gnu
Thread model: posix
InstalledDir: /usr/bin
x86_64-linux-gnu-gcc  -g -O2 -fdebug-prefix-map=/<<PKGBUILDDIR>>=. -fstack-protector-strong -Wformat -Werror=format-security -fPIC  -D_FORTIFY_SOURCE=2 -fstack-protector-strong -fno-strict-overflow -fvisibility=hidden -DRUBY_EXPORT -DCANONICALIZATION_FOR_MATHN -I. -I.ext/include/x86_64-linux-gnu -I./include -I. -I./enc/unicode/12.1.0 -Wdate-time -D_FORTIFY_SOURCE=2    -o main.o -c ./main.c
x86_64-linux-gnu-gcc -g -O2 -fdebug-prefix-map=/<<PKGBUILDDIR>>=. -fstack-protector-strong -Wformat -Werror=format-security -fPIC  -D_FORTIFY_SOURCE=2 -fstack-protector-strong -fno-strict-overflow -fvisibility=hidden -DRUBY_EXPORT -DCANONICALIZATION_FOR_MATHN -I. -I.ext/include/x86_64-linux-gnu -I./include -I. -I./enc/unicode/12.1.0 -Wdate-time -D_FORTIFY_SOURCE=2    -o dmydln.o -c dmydln.c
x86_64-linux-gnu-gcc -g -O2 -fdebug-prefix-map=/<<PKGBUILDDIR>>=. -fstack-protector-strong -Wformat -Werror=format-security -fPIC  -D_FORTIFY_SOURCE=2 -fstack-protector-strong -fno-strict-overflow -fvisibility=hidden -DRUBY_EXPORT -DCANONICALIZATION_FOR_MATHN -I. -I.ext/include/x86_64-linux-gnu -I./include -I. -I./enc/unicode/12.1.0 -Wdate-time -D_FORTIFY_SOURCE=2    -o miniinit.o -c miniinit.c
x86_64-linux-gnu-gcc -g -O2 -fdebug-prefix-map=/<<PKGBUILDDIR>>=. -fstack-protector-strong -Wformat -Werror=format-security -fPIC  -D_FORTIFY_SOURCE=2 -fstack-protector-strong -fno-strict-overflow -fvisibility=hidden -DRUBY_EXPORT -DCANONICALIZATION_FOR_MATHN -I. -I.ext/include/x86_64-linux-gnu -I./include -I. -I./enc/unicode/12.1.0 -Wdate-time -D_FORTIFY_SOURCE=2    -o dmyext.o -c dmyext.c
dtrace  -o probes.h.tmp -h -C -I. -I.ext/include/x86_64-linux-gnu -I./include -I. -I./enc/unicode/12.1.0 -s probes.d
# 1 "probes.d"
# 1 "<built-in>" 1
# 1 "<built-in>" 3
# 341 "<built-in>" 3
# 1 "<command line>" 1
# 1 "<built-in>" 2
# 1 "probes.d" 2

# 1 "./vm_opts.h" 1
# 3 "probes.d" 2

provider ruby {
# 15 "probes.d"
  probe method__entry(const char *classname, const char *methodname, const char *filename, int lineno);






  probe method__return(const char *classname, const char *methodname, const char *filename, int lineno);







  probe cmethod__entry(const char *classname, const char *methodname, const char *filename, int lineno);






  probe cmethod__return(const char *classname, const char *methodname, const char *filename, int lineno);
# 49 "probes.d"
  probe require__entry(const char *rquiredfile, const char *filename, int lineno);
# 58 "probes.d"
  probe require__return(const char *requiredfile, const char *filename, int lineno);
# 72 "probes.d"
  probe find__require__entry(const char *requiredfile, const char *filename, int lineno);
# 81 "probes.d"
  probe find__require__return(const char *requiredfile, const char *filename, int lineno);







  probe load__entry(const char *loadedfile, const char *filename, int lineno);







  probe load__return(const char *loadedfile, const char *filename, int lineno);
# 108 "probes.d"
  probe raise(const char *classname, const char *filename, int lineno);
# 119 "probes.d"
  probe object__create(const char *classname, const char *filename, int lineno);
# 130 "probes.d"
  probe array__create(long length, const char *filename, int lineno);
# 141 "probes.d"
  probe hash__create(long length, const char *filename, int lineno);
# 152 "probes.d"
  probe string__create(long length, const char *filename, int lineno);
# 163 "probes.d"
  probe symbol__create(const char *str, const char *filename, int lineno);
# 173 "probes.d"
  probe parse__begin(const char *sourcefile, int lineno);
# 183 "probes.d"
  probe parse__end(const char *sourcefile, int lineno);
# 195 "probes.d"
  probe gc__mark__begin();






  probe gc__mark__end();






  probe gc__sweep__begin();






  probe gc__sweep__end();
# 227 "probes.d"
  probe method__cache__clear(const char *class, const char *filename, int lineno);
};

#pragma D attributes Stable/Evolving/Common provider ruby provider
#pragma D attributes Stable/Evolving/Common provider ruby module
#pragma D attributes Stable/Evolving/Common provider ruby function
#pragma D attributes Evolving/Evolving/Common provider ruby name
#pragma D attributes Evolving/Evolving/Common provider ruby args
# 234 "probes.d"

# 1 "/tmp/tmpgrjsoxyb.d"
# 1 "<built-in>" 1
# 1 "<built-in>" 3
# 341 "<built-in>" 3
# 1 "<command line>" 1
# 1 "<built-in>" 2
# 1 "/tmp/tmpgrjsoxyb.d" 2

x86_64-linux-gnu-gcc -g -O2 -fdebug-prefix-map=/<<PKGBUILDDIR>>=. -fstack-protector-strong -Wformat -Werror=format-security -fPIC  -D_FORTIFY_SOURCE=2 -fstack-protector-strong -fno-strict-overflow -fvisibility=hidden -DRUBY_EXPORT -DCANONICALIZATION_FOR_MATHN -I. -I.ext/include/x86_64-linux-gnu -I./include -I. -I./enc/unicode/12.1.0 -Wdate-time -D_FORTIFY_SOURCE=2    -o ast.o -c ast.c
x86_64-linux-gnu-gcc -g -O2 -fdebug-prefix-map=/<<PKGBUILDDIR>>=. -fstack-protector-strong -Wformat -Werror=format-security -fPIC  -D_FORTIFY_SOURCE=2 -fstack-protector-strong -fno-strict-overflow -fvisibility=hidden -DRUBY_EXPORT -DCANONICALIZATION_FOR_MATHN -I. -I.ext/include/x86_64-linux-gnu -I./include -I. -I./enc/unicode/12.1.0 -Wdate-time -D_FORTIFY_SOURCE=2    -o bignum.o -c bignum.c
sed -e 's/RUBY_/RUBY_DTRACE_/g' -e 's/PROBES_H_TMP/RUBY_PROBES_H/' -e 's/(char \*/(const char */g' -e 's/, char \*/, const char */g' probes.h.tmp > probes.h
rm -f probes.h.tmp
x86_64-linux-gnu-gcc -g -O2 -fdebug-prefix-map=/<<PKGBUILDDIR>>=. -fstack-protector-strong -Wformat -Werror=format-security -fPIC  -D_FORTIFY_SOURCE=2 -fstack-protector-strong -fno-strict-overflow -fvisibility=hidden -DRUBY_EXPORT -DCANONICALIZATION_FOR_MATHN -I. -I.ext/include/x86_64-linux-gnu -I./include -I. -I./enc/unicode/12.1.0 -Wdate-time -D_FORTIFY_SOURCE=2    -o class.o -c class.c
x86_64-linux-gnu-gcc -g -O2 -fdebug-prefix-map=/<<PKGBUILDDIR>>=. -fstack-protector-strong -Wformat -Werror=format-security -fPIC  -D_FORTIFY_SOURCE=2 -fstack-protector-strong -fno-strict-overflow -fvisibility=hidden -DRUBY_EXPORT -DCANONICALIZATION_FOR_MATHN -I. -I.ext/include/x86_64-linux-gnu -I./include -I. -I./enc/unicode/12.1.0 -Wdate-time -D_FORTIFY_SOURCE=2    -o compar.o -c compar.c
x86_64-linux-gnu-gcc -g -O2 -fdebug-prefix-map=/<<PKGBUILDDIR>>=. -fstack-protector-strong -Wformat -Werror=format-security -fPIC  -D_FORTIFY_SOURCE=2 -fstack-protector-strong -fno-strict-overflow -fvisibility=hidden -DRUBY_EXPORT -DCANONICALIZATION_FOR_MATHN -I. -I.ext/include/x86_64-linux-gnu -I./include -I. -I./enc/unicode/12.1.0 -Wdate-time -D_FORTIFY_SOURCE=2    -o compile.o -c compile.c
x86_64-linux-gnu-gcc -g -O2 -fdebug-prefix-map=/<<PKGBUILDDIR>>=. -fstack-protector-strong -Wformat -Werror=format-security -fPIC  -D_FORTIFY_SOURCE=2 -fstack-protector-strong -fno-strict-overflow -fvisibility=hidden -DRUBY_EXPORT -DCANONICALIZATION_FOR_MATHN -I. -I.ext/include/x86_64-linux-gnu -I./include -I. -I./enc/unicode/12.1.0 -Wdate-time -D_FORTIFY_SOURCE=2    -o complex.o -c complex.c
x86_64-linux-gnu-gcc -g -O2 -fdebug-prefix-map=/<<PKGBUILDDIR>>=. -fstack-protector-strong -Wformat -Werror=format-security -fPIC  -D_FORTIFY_SOURCE=2 -fstack-protector-strong -fno-strict-overflow -fvisibility=hidden -DRUBY_EXPORT -DCANONICALIZATION_FOR_MATHN -I. -I.ext/include/x86_64-linux-gnu -I./include -I. -I./enc/unicode/12.1.0 -Wdate-time -D_FORTIFY_SOURCE=2    -o cont.o -c cont.c
x86_64-linux-gnu-gcc -g -O2 -fdebug-prefix-map=/<<PKGBUILDDIR>>=. -fstack-protector-strong -Wformat -Werror=format-security -fPIC  -D_FORTIFY_SOURCE=2 -fstack-protector-strong -fno-strict-overflow -fvisibility=hidden -DRUBY_EXPORT -DCANONICALIZATION_FOR_MATHN -I. -I.ext/include/x86_64-linux-gnu -I./include -I. -I./enc/unicode/12.1.0 -Wdate-time -D_FORTIFY_SOURCE=2    -o debug.o -c debug.c
x86_64-linux-gnu-gcc -g -O2 -fdebug-prefix-map=/<<PKGBUILDDIR>>=. -fstack-protector-strong -Wformat -Werror=format-security -fPIC  -D_FORTIFY_SOURCE=2 -fstack-protector-strong -fno-strict-overflow -fvisibility=hidden -DRUBY_EXPORT -DCANONICALIZATION_FOR_MATHN -I. -I.ext/include/x86_64-linux-gnu -I./include -I. -I./enc/unicode/12.1.0 -Wdate-time -D_FORTIFY_SOURCE=2    -o debug_counter.o -c debug_counter.c
x86_64-linux-gnu-gcc -g -O2 -fdebug-prefix-map=/<<PKGBUILDDIR>>=. -fstack-protector-strong -Wformat -Werror=format-security -fPIC  -D_FORTIFY_SOURCE=2 -fstack-protector-strong -fno-strict-overflow -fvisibility=hidden -DRUBY_EXPORT -DCANONICALIZATION_FOR_MATHN -I. -I.ext/include/x86_64-linux-gnu -I./include -I. -I./enc/unicode/12.1.0 -Wdate-time -D_FORTIFY_SOURCE=2    -o dir.o -c dir.c
x86_64-linux-gnu-gcc -g -O2 -fdebug-prefix-map=/<<PKGBUILDDIR>>=. -fstack-protector-strong -Wformat -Werror=format-security -fPIC  -D_FORTIFY_SOURCE=2 -fstack-protector-strong -fno-strict-overflow -fvisibility=hidden -DRUBY_EXPORT -DCANONICALIZATION_FOR_MATHN -I. -I.ext/include/x86_64-linux-gnu -I./include -I. -I./enc/unicode/12.1.0 -Wdate-time -D_FORTIFY_SOURCE=2    -o dln_find.o -c dln_find.c
x86_64-linux-gnu-gcc -g -O2 -fdebug-prefix-map=/<<PKGBUILDDIR>>=. -fstack-protector-strong -Wformat -Werror=format-security -fPIC  -D_FORTIFY_SOURCE=2 -fstack-protector-strong -fno-strict-overflow -fvisibility=hidden -DRUBY_EXPORT -DCANONICALIZATION_FOR_MATHN -I. -I.ext/include/x86_64-linux-gnu -I./include -I. -I./enc/unicode/12.1.0 -Wdate-time -D_FORTIFY_SOURCE=2    -o encoding.o -c encoding.c
x86_64-linux-gnu-gcc -g -O2 -fdebug-prefix-map=/<<PKGBUILDDIR>>=. -fstack-protector-strong -Wformat -Werror=format-security -fPIC  -D_FORTIFY_SOURCE=2 -fstack-protector-strong -fno-strict-overflow -fvisibility=hidden -DRUBY_EXPORT -DCANONICALIZATION_FOR_MATHN -I. -I.ext/include/x86_64-linux-gnu -I./include -I. -I./enc/unicode/12.1.0 -Wdate-time -D_FORTIFY_SOURCE=2    -o enum.o -c enum.c
x86_64-linux-gnu-gcc -g -O2 -fdebug-prefix-map=/<<PKGBUILDDIR>>=. -fstack-protector-strong -Wformat -Werror=format-security -fPIC  -D_FORTIFY_SOURCE=2 -fstack-protector-strong -fno-strict-overflow -fvisibility=hidden -DRUBY_EXPORT -DCANONICALIZATION_FOR_MATHN -I. -I.ext/include/x86_64-linux-gnu -I./include -I. -I./enc/unicode/12.1.0 -Wdate-time -D_FORTIFY_SOURCE=2    -o enumerator.o -c enumerator.c
x86_64-linux-gnu-gcc -g -O2 -fdebug-prefix-map=/<<PKGBUILDDIR>>=. -fstack-protector-strong -Wformat -Werror=format-security -fPIC  -D_FORTIFY_SOURCE=2 -fstack-protector-strong -fno-strict-overflow -fvisibility=hidden -DRUBY_EXPORT -DCANONICALIZATION_FOR_MATHN -I. -I.ext/include/x86_64-linux-gnu -I./include -I. -I./enc/unicode/12.1.0 -Wdate-time -D_FORTIFY_SOURCE=2    -o error.o -c error.c
x86_64-linux-gnu-gcc -g -O2 -fdebug-prefix-map=/<<PKGBUILDDIR>>=. -fstack-protector-strong -Wformat -Werror=format-security -fPIC  -D_FORTIFY_SOURCE=2 -fstack-protector-strong -fno-strict-overflow -fvisibility=hidden -DRUBY_EXPORT -DCANONICALIZATION_FOR_MATHN -I. -I.ext/include/x86_64-linux-gnu -I./include -I. -I./enc/unicode/12.1.0 -Wdate-time -D_FORTIFY_SOURCE=2    -o eval.o -c eval.c
x86_64-linux-gnu-gcc -g -O2 -fdebug-prefix-map=/<<PKGBUILDDIR>>=. -fstack-protector-strong -Wformat -Werror=format-security -fPIC  -D_FORTIFY_SOURCE=2 -fstack-protector-strong -fno-strict-overflow -fvisibility=hidden -DRUBY_EXPORT -DCANONICALIZATION_FOR_MATHN -I. -I.ext/include/x86_64-linux-gnu -I./include -I. -I./enc/unicode/12.1.0 -Wdate-time -D_FORTIFY_SOURCE=2    -o file.o -c file.c
eval.c:632:2: warning: implicit declaration of function 'RUBY_DTRACE_RAISE_ENABLED' is invalid in C99 [-Wimplicit-function-declaration]
        RUBY_DTRACE_HOOK(RAISE, rb_obj_classname(ec->errinfo));
        ^
./internal.h:2594:18: note: expanded from macro 'RUBY_DTRACE_HOOK'
    if (UNLIKELY(RUBY_DTRACE_##name##_ENABLED())) { \
                 ^
<scratch space>:14:1: note: expanded from here
RUBY_DTRACE_RAISE_ENABLED
^
eval.c:632:2: warning: implicit declaration of function 'RUBY_DTRACE_RAISE' is invalid in C99 [-Wimplicit-function-declaration]
./internal.h:2598:2: note: expanded from macro 'RUBY_DTRACE_HOOK'
        RUBY_DTRACE_##name(arg, dtrace_file, dtrace_line); \
        ^
<scratch space>:15:1: note: expanded from here
RUBY_DTRACE_RAISE
^
2 warnings generated.
x86_64-linux-gnu-gcc -g -O2 -fdebug-prefix-map=/<<PKGBUILDDIR>>=. -fstack-protector-strong -Wformat -Werror=format-security -fPIC  -D_FORTIFY_SOURCE=2 -fstack-protector-strong -fno-strict-overflow -fvisibility=hidden -DRUBY_EXPORT -DCANONICALIZATION_FOR_MATHN -I. -I.ext/include/x86_64-linux-gnu -I./include -I. -I./enc/unicode/12.1.0 -Wdate-time -D_FORTIFY_SOURCE=2    -o gc.o -c gc.c
x86_64-linux-gnu-gcc -g -O2 -fdebug-prefix-map=/<<PKGBUILDDIR>>=. -fstack-protector-strong -Wformat -Werror=format-security -fPIC  -D_FORTIFY_SOURCE=2 -fstack-protector-strong -fno-strict-overflow -fvisibility=hidden -DRUBY_EXPORT -DCANONICALIZATION_FOR_MATHN -I. -I.ext/include/x86_64-linux-gnu -I./include -I. -I./enc/unicode/12.1.0 -Wdate-time -D_FORTIFY_SOURCE=2    -o hash.o -c hash.c
hash.c:1533:5: warning: implicit declaration of function 'RUBY_DTRACE_HASH_CREATE_ENABLED' is invalid in C99 [-Wimplicit-function-declaration]
    RUBY_DTRACE_CREATE_HOOK(HASH, 0);
    ^
./internal.h:2591:5: note: expanded from macro 'RUBY_DTRACE_CREATE_HOOK'
    RUBY_DTRACE_HOOK(name##_CREATE, arg)
    ^
./internal.h:2594:18: note: expanded from macro 'RUBY_DTRACE_HOOK'
    if (UNLIKELY(RUBY_DTRACE_##name##_ENABLED())) { \
                 ^
<scratch space>:293:1: note: expanded from here
RUBY_DTRACE_HASH_CREATE_ENABLED
^
hash.c:1533:5: warning: implicit declaration of function 'RUBY_DTRACE_HASH_CREATE' is invalid in C99 [-Wimplicit-function-declaration]
./internal.h:2591:5: note: expanded from macro 'RUBY_DTRACE_CREATE_HOOK'
    RUBY_DTRACE_HOOK(name##_CREATE, arg)
    ^
./internal.h:2598:2: note: expanded from macro 'RUBY_DTRACE_HOOK'
        RUBY_DTRACE_##name(arg, dtrace_file, dtrace_line); \
        ^
<scratch space>:294:1: note: expanded from here
RUBY_DTRACE_HASH_CREATE
^
gc.c:10903:5: warning: implicit declaration of function 'RUBY_DTRACE_GC_MARK_BEGIN_ENABLED' is invalid in C99 [-Wimplicit-function-declaration]
    RUBY_DTRACE_GC_HOOK(MARK_BEGIN);
    ^
gc.c:10899:13: note: expanded from macro 'RUBY_DTRACE_GC_HOOK'
    do {if (RUBY_DTRACE_GC_##name##_ENABLED()) RUBY_DTRACE_GC_##name();} while (0)
            ^
<scratch space>:47:1: note: expanded from here
RUBY_DTRACE_GC_MARK_BEGIN_ENABLED
^
gc.c:10903:5: warning: implicit declaration of function 'RUBY_DTRACE_GC_MARK_BEGIN' is invalid in C99 [-Wimplicit-function-declaration]
gc.c:10899:48: note: expanded from macro 'RUBY_DTRACE_GC_HOOK'
    do {if (RUBY_DTRACE_GC_##name##_ENABLED()) RUBY_DTRACE_GC_##name();} while (0)
                                               ^
<scratch space>:48:1: note: expanded from here
RUBY_DTRACE_GC_MARK_BEGIN
^
gc.c:10914:5: warning: implicit declaration of function 'RUBY_DTRACE_GC_MARK_END_ENABLED' is invalid in C99 [-Wimplicit-function-declaration]
    RUBY_DTRACE_GC_HOOK(MARK_END);
    ^
gc.c:10899:13: note: expanded from macro 'RUBY_DTRACE_GC_HOOK'
    do {if (RUBY_DTRACE_GC_##name##_ENABLED()) RUBY_DTRACE_GC_##name();} while (0)
            ^
<scratch space>:50:1: note: expanded from here
RUBY_DTRACE_GC_MARK_END_ENABLED
^
gc.c:10914:5: warning: implicit declaration of function 'RUBY_DTRACE_GC_MARK_END' is invalid in C99 [-Wimplicit-function-declaration]
gc.c:10899:48: note: expanded from macro 'RUBY_DTRACE_GC_HOOK'
    do {if (RUBY_DTRACE_GC_##name##_ENABLED()) RUBY_DTRACE_GC_##name();} while (0)
                                               ^
<scratch space>:51:1: note: expanded from here
RUBY_DTRACE_GC_MARK_END
^
gc.c:10926:5: warning: implicit declaration of function 'RUBY_DTRACE_GC_SWEEP_BEGIN_ENABLED' is invalid in C99 [-Wimplicit-function-declaration]
    RUBY_DTRACE_GC_HOOK(SWEEP_BEGIN);
    ^
gc.c:10899:13: note: expanded from macro 'RUBY_DTRACE_GC_HOOK'
    do {if (RUBY_DTRACE_GC_##name##_ENABLED()) RUBY_DTRACE_GC_##name();} while (0)
            ^
<scratch space>:53:1: note: expanded from here
RUBY_DTRACE_GC_SWEEP_BEGIN_ENABLED
^
gc.c:10926:5: warning: implicit declaration of function 'RUBY_DTRACE_GC_SWEEP_BEGIN' is invalid in C99 [-Wimplicit-function-declaration]
gc.c:10899:48: note: expanded from macro 'RUBY_DTRACE_GC_HOOK'
    do {if (RUBY_DTRACE_GC_##name##_ENABLED()) RUBY_DTRACE_GC_##name();} while (0)
                                               ^
<scratch space>:54:1: note: expanded from here
RUBY_DTRACE_GC_SWEEP_BEGIN
^
gc.c:10939:5: warning: implicit declaration of function 'RUBY_DTRACE_GC_SWEEP_END_ENABLED' is invalid in C99 [-Wimplicit-function-declaration]
    RUBY_DTRACE_GC_HOOK(SWEEP_END);
    ^
gc.c:10899:13: note: expanded from macro 'RUBY_DTRACE_GC_HOOK'
    do {if (RUBY_DTRACE_GC_##name##_ENABLED()) RUBY_DTRACE_GC_##name();} while (0)
            ^
<scratch space>:56:1: note: expanded from here
RUBY_DTRACE_GC_SWEEP_END_ENABLED
^
gc.c:10939:5: warning: implicit declaration of function 'RUBY_DTRACE_GC_SWEEP_END' is invalid in C99 [-Wimplicit-function-declaration]
gc.c:10899:48: note: expanded from macro 'RUBY_DTRACE_GC_HOOK'
    do {if (RUBY_DTRACE_GC_##name##_ENABLED()) RUBY_DTRACE_GC_##name();} while (0)
                                               ^
<scratch space>:57:1: note: expanded from here
RUBY_DTRACE_GC_SWEEP_END
^
x86_64-linux-gnu-gcc -g -O2 -fdebug-prefix-map=/<<PKGBUILDDIR>>=. -fstack-protector-strong -Wformat -Werror=format-security -fPIC  -D_FORTIFY_SOURCE=2 -fstack-protector-strong -fno-strict-overflow -fvisibility=hidden -DRUBY_EXPORT -DCANONICALIZATION_FOR_MATHN -I. -I.ext/include/x86_64-linux-gnu -I./include -I. -I./enc/unicode/12.1.0 -Wdate-time -D_FORTIFY_SOURCE=2    -o inits.o -c inits.c
x86_64-linux-gnu-gcc -g -O2 -fdebug-prefix-map=/<<PKGBUILDDIR>>=. -fstack-protector-strong -Wformat -Werror=format-security -fPIC  -D_FORTIFY_SOURCE=2 -fstack-protector-strong -fno-strict-overflow -fvisibility=hidden -DRUBY_EXPORT -DCANONICALIZATION_FOR_MATHN -I. -I.ext/include/x86_64-linux-gnu -I./include -I. -I./enc/unicode/12.1.0 -Wdate-time -D_FORTIFY_SOURCE=2    -o io.o -c io.c
2 warnings generated.
x86_64-linux-gnu-gcc -g -O2 -fdebug-prefix-map=/<<PKGBUILDDIR>>=. -fstack-protector-strong -Wformat -Werror=format-security -fPIC  -D_FORTIFY_SOURCE=2 -fstack-protector-strong -fno-strict-overflow -fvisibility=hidden -DRUBY_EXPORT -DCANONICALIZATION_FOR_MATHN -I. -I.ext/include/x86_64-linux-gnu -I./include -I. -I./enc/unicode/12.1.0 -Wdate-time -D_FORTIFY_SOURCE=2    -o iseq.o -c iseq.c
8 warnings generated.
x86_64-linux-gnu-gcc -g -O2 -fdebug-prefix-map=/<<PKGBUILDDIR>>=. -fstack-protector-strong -Wformat -Werror=format-security -fPIC  -D_FORTIFY_SOURCE=2 -fstack-protector-strong -fno-strict-overflow -fvisibility=hidden -DRUBY_EXPORT -DCANONICALIZATION_FOR_MATHN -I. -I.ext/include/x86_64-linux-gnu -I./include -I. -I./enc/unicode/12.1.0 -Wdate-time -D_FORTIFY_SOURCE=2    -o load.o -c load.c
load.c:693:5: warning: implicit declaration of function 'RUBY_DTRACE_LOAD_ENTRY_ENABLED' is invalid in C99 [-Wimplicit-function-declaration]
    RUBY_DTRACE_HOOK(LOAD_ENTRY, RSTRING_PTR(orig_fname));
    ^
./internal.h:2594:18: note: expanded from macro 'RUBY_DTRACE_HOOK'
    if (UNLIKELY(RUBY_DTRACE_##name##_ENABLED())) { \
                 ^
<scratch space>:179:1: note: expanded from here
RUBY_DTRACE_LOAD_ENTRY_ENABLED
^
load.c:693:5: warning: implicit declaration of function 'RUBY_DTRACE_LOAD_ENTRY' is invalid in C99 [-Wimplicit-function-declaration]
./internal.h:2598:2: note: expanded from macro 'RUBY_DTRACE_HOOK'
        RUBY_DTRACE_##name(arg, dtrace_file, dtrace_line); \
        ^
<scratch space>:180:1: note: expanded from here
RUBY_DTRACE_LOAD_ENTRY
^
load.c:703:5: warning: implicit declaration of function 'RUBY_DTRACE_LOAD_RETURN_ENABLED' is invalid in C99 [-Wimplicit-function-declaration]
    RUBY_DTRACE_HOOK(LOAD_RETURN, RSTRING_PTR(orig_fname));
    ^
./internal.h:2594:18: note: expanded from macro 'RUBY_DTRACE_HOOK'
    if (UNLIKELY(RUBY_DTRACE_##name##_ENABLED())) { \
                 ^
<scratch space>:182:1: note: expanded from here
RUBY_DTRACE_LOAD_RETURN_ENABLED
^
load.c:703:5: warning: implicit declaration of function 'RUBY_DTRACE_LOAD_RETURN' is invalid in C99 [-Wimplicit-function-declaration]
./internal.h:2598:2: note: expanded from macro 'RUBY_DTRACE_HOOK'
        RUBY_DTRACE_##name(arg, dtrace_file, dtrace_line); \
        ^
<scratch space>:183:1: note: expanded from here
RUBY_DTRACE_LOAD_RETURN
^
load.c:992:5: warning: implicit declaration of function 'RUBY_DTRACE_REQUIRE_ENTRY_ENABLED' is invalid in C99 [-Wimplicit-function-declaration]
    RUBY_DTRACE_HOOK(REQUIRE_ENTRY, RSTRING_PTR(fname));
    ^
./internal.h:2594:18: note: expanded from macro 'RUBY_DTRACE_HOOK'
    if (UNLIKELY(RUBY_DTRACE_##name##_ENABLED())) { \
                 ^
<scratch space>:187:1: note: expanded from here
RUBY_DTRACE_REQUIRE_ENTRY_ENABLED
^
load.c:992:5: warning: implicit declaration of function 'RUBY_DTRACE_REQUIRE_ENTRY' is invalid in C99 [-Wimplicit-function-declaration]
./internal.h:2598:2: note: expanded from macro 'RUBY_DTRACE_HOOK'
        RUBY_DTRACE_##name(arg, dtrace_file, dtrace_line); \
        ^
<scratch space>:188:1: note: expanded from here
RUBY_DTRACE_REQUIRE_ENTRY
^
load.c:1001:2: warning: implicit declaration of function 'RUBY_DTRACE_FIND_REQUIRE_ENTRY_ENABLED' is invalid in C99 [-Wimplicit-function-declaration]
        RUBY_DTRACE_HOOK(FIND_REQUIRE_ENTRY, RSTRING_PTR(fname));
        ^
./internal.h:2594:18: note: expanded from macro 'RUBY_DTRACE_HOOK'
    if (UNLIKELY(RUBY_DTRACE_##name##_ENABLED())) { \
                 ^
<scratch space>:190:1: note: expanded from here
RUBY_DTRACE_FIND_REQUIRE_ENTRY_ENABLED
^
load.c:1001:2: warning: implicit declaration of function 'RUBY_DTRACE_FIND_REQUIRE_ENTRY' is invalid in C99 [-Wimplicit-function-declaration]
./internal.h:2598:2: note: expanded from macro 'RUBY_DTRACE_HOOK'
        RUBY_DTRACE_##name(arg, dtrace_file, dtrace_line); \
        ^
<scratch space>:191:1: note: expanded from here
RUBY_DTRACE_FIND_REQUIRE_ENTRY
^
load.c:1003:2: warning: implicit declaration of function 'RUBY_DTRACE_FIND_REQUIRE_RETURN_ENABLED' is invalid in C99 [-Wimplicit-function-declaration]
        RUBY_DTRACE_HOOK(FIND_REQUIRE_RETURN, RSTRING_PTR(fname));
        ^
./internal.h:2594:18: note: expanded from macro 'RUBY_DTRACE_HOOK'
    if (UNLIKELY(RUBY_DTRACE_##name##_ENABLED())) { \
                 ^
<scratch space>:193:1: note: expanded from here
RUBY_DTRACE_FIND_REQUIRE_RETURN_ENABLED
^
load.c:1003:2: warning: implicit declaration of function 'RUBY_DTRACE_FIND_REQUIRE_RETURN' is invalid in C99 [-Wimplicit-function-declaration]
./internal.h:2598:2: note: expanded from macro 'RUBY_DTRACE_HOOK'
        RUBY_DTRACE_##name(arg, dtrace_file, dtrace_line); \
        ^
<scratch space>:194:1: note: expanded from here
RUBY_DTRACE_FIND_REQUIRE_RETURN
^
load.c:1060:5: warning: implicit declaration of function 'RUBY_DTRACE_REQUIRE_RETURN_ENABLED' is invalid in C99 [-Wimplicit-function-declaration]
    RUBY_DTRACE_HOOK(REQUIRE_RETURN, RSTRING_PTR(fname));
    ^
./internal.h:2594:18: note: expanded from macro 'RUBY_DTRACE_HOOK'
    if (UNLIKELY(RUBY_DTRACE_##name##_ENABLED())) { \
                 ^
<scratch space>:196:1: note: expanded from here
RUBY_DTRACE_REQUIRE_RETURN_ENABLED
^
load.c:1060:5: warning: implicit declaration of function 'RUBY_DTRACE_REQUIRE_RETURN' is invalid in C99 [-Wimplicit-function-declaration]
./internal.h:2598:2: note: expanded from macro 'RUBY_DTRACE_HOOK'
        RUBY_DTRACE_##name(arg, dtrace_file, dtrace_line); \
        ^
<scratch space>:197:1: note: expanded from here
RUBY_DTRACE_REQUIRE_RETURN
^
x86_64-linux-gnu-gcc -g -O2 -fdebug-prefix-map=/<<PKGBUILDDIR>>=. -fstack-protector-strong -Wformat -Werror=format-security -fPIC  -D_FORTIFY_SOURCE=2 -fstack-protector-strong -fno-strict-overflow -fvisibility=hidden -DRUBY_EXPORT -DCANONICALIZATION_FOR_MATHN -I. -I.ext/include/x86_64-linux-gnu -I./include -I. -I./enc/unicode/12.1.0 -Wdate-time -D_FORTIFY_SOURCE=2    -o marshal.o -c marshal.c
12 warnings generated.
x86_64-linux-gnu-gcc -g -O2 -fdebug-prefix-map=/<<PKGBUILDDIR>>=. -fstack-protector-strong -Wformat -Werror=format-security -fPIC  -D_FORTIFY_SOURCE=2 -fstack-protector-strong -fno-strict-overflow -fvisibility=hidden -DRUBY_EXPORT -DCANONICALIZATION_FOR_MATHN -I. -I.ext/include/x86_64-linux-gnu -I./include -I. -I./enc/unicode/12.1.0 -Wdate-time -D_FORTIFY_SOURCE=2    -o math.o -c math.c
+ echo #ifndef RUBY_MJIT_CONFIG_H
+ echo #define RUBY_MJIT_CONFIG_H 1
+ echo
+ sep=
+ echo #ifdef LOAD_RELATIVE
+ quote MJIT_HEADER_INSTALL_DIR /include/x86_64-linux-gnu/ruby-2.7.0
+ printf #define MJIT_HEADER_INSTALL_DIR
+ shift
+ printf  "%s" /include/x86_64-linux-gnu/ruby-2.7.0
+ echo
+ echo #else
+ quote MJIT_HEADER_INSTALL_DIR /usr/include/x86_64-linux-gnu/ruby-2.7.0
+ printf #define MJIT_HEADER_INSTALL_DIR
+ shift
+ printf  "%s" /usr/include/x86_64-linux-gnu/ruby-2.7.0
+ echo
+ echo #endif
+ quote MJIT_MIN_HEADER_NAME rb_mjit_min_header-2.7.2.h
+ printf #define MJIT_MIN_HEADER_NAME
+ shift
+ printf  "%s" rb_mjit_min_header-2.7.2.h
+ echo
+ sep=,
+ quote MJIT_CC_COMMON   /usr/bin/x86_64-linux-gnu-gcc
+ printf #define MJIT_CC_COMMON  
+ shift
+ printf  "%s", /usr/bin/x86_64-linux-gnu-gcc
+ echo
+ quote MJIT_CFLAGS      MJIT_ARCHFLAG -w
+ printf #define MJIT_CFLAGS      MJIT_ARCHFLAG
+ shift
+ printf  "%s", -w
+ echo
+ quote MJIT_OPTFLAGS    -O3
+ printf #define MJIT_OPTFLAGS   
+ shift
+ printf  "%s", -O3
+ echo
+ quote MJIT_DEBUGFLAGS  -ggdb3
+ printf #define MJIT_DEBUGFLAGS 
+ shift
+ printf  "%s", -ggdb3
+ echo
+ quote MJIT_LDSHARED    /usr/bin/x86_64-linux-gnu-gcc -shared
+ printf #define MJIT_LDSHARED   
+ shift
+ printf  "%s", /usr/bin/x86_64-linux-gnu-gcc -shared
+ echo
+ quote MJIT_DLDFLAGS    MJIT_ARCHFLAG -Wl,-z,relro -Wl,-z,now
+ printf #define MJIT_DLDFLAGS    MJIT_ARCHFLAG
+ shift
+ printf  "%s", -Wl,-z,relro -Wl,-z,now
+ echo
+ quote MJIT_LIBS        -lruby-2.7
+ printf #define MJIT_LIBS       
+ shift
+ printf  "%s", -lruby-2.7
+ echo
+ quote PRELOADENV       "LD_PRELOAD"
+ printf #define PRELOADENV       "LD_PRELOAD"
+ shift
+ 
+ echo
+ indent=
+ define_arch_flags
+ 
+ 
+ quote MJIT_ARCHFLAG    /* no flag */
+ printf #define MJIT_ARCHFLAG    /* no flag */
+ shift
+ 
+ echo
+ 
+ echo
+ echo #endif /* RUBY_MJIT_CONFIG_H */
x86_64-linux-gnu-gcc -g -O2 -fdebug-prefix-map=/<<PKGBUILDDIR>>=. -fstack-protector-strong -Wformat -Werror=format-security -fPIC  -D_FORTIFY_SOURCE=2 -fstack-protector-strong -fno-strict-overflow -fvisibility=hidden -DRUBY_EXPORT -DCANONICALIZATION_FOR_MATHN -I. -I.ext/include/x86_64-linux-gnu -I./include -I. -I./enc/unicode/12.1.0 -Wdate-time -D_FORTIFY_SOURCE=2    -o mjit_compile.o -c mjit_compile.c
x86_64-linux-gnu-gcc -g -O2 -fdebug-prefix-map=/<<PKGBUILDDIR>>=. -fstack-protector-strong -Wformat -Werror=format-security -fPIC  -D_FORTIFY_SOURCE=2 -fstack-protector-strong -fno-strict-overflow -fvisibility=hidden -DRUBY_EXPORT -DCANONICALIZATION_FOR_MATHN -I. -I.ext/include/x86_64-linux-gnu -I./include -I. -I./enc/unicode/12.1.0 -Wdate-time -D_FORTIFY_SOURCE=2    -o node.o -c node.c
x86_64-linux-gnu-gcc -g -O2 -fdebug-prefix-map=/<<PKGBUILDDIR>>=. -fstack-protector-strong -Wformat -Werror=format-security -fPIC  -D_FORTIFY_SOURCE=2 -fstack-protector-strong -fno-strict-overflow -fvisibility=hidden -DRUBY_EXPORT -DCANONICALIZATION_FOR_MATHN -I. -I.ext/include/x86_64-linux-gnu -I./include -I. -I./enc/unicode/12.1.0 -Wdate-time -D_FORTIFY_SOURCE=2    -o numeric.o -c numeric.c
x86_64-linux-gnu-gcc -g -O2 -fdebug-prefix-map=/<<PKGBUILDDIR>>=. -fstack-protector-strong -Wformat -Werror=format-security -fPIC  -D_FORTIFY_SOURCE=2 -fstack-protector-strong -fno-strict-overflow -fvisibility=hidden -DRUBY_EXPORT -DCANONICALIZATION_FOR_MATHN -I. -I.ext/include/x86_64-linux-gnu -I./include -I. -I./enc/unicode/12.1.0 -Wdate-time -D_FORTIFY_SOURCE=2    -o object.o -c object.c
object.c:2097:5: warning: implicit declaration of function 'RUBY_DTRACE_OBJECT_CREATE_ENABLED' is invalid in C99 [-Wimplicit-function-declaration]
    RUBY_DTRACE_CREATE_HOOK(OBJECT, rb_class2name(klass));
    ^
./internal.h:2591:5: note: expanded from macro 'RUBY_DTRACE_CREATE_HOOK'
    RUBY_DTRACE_HOOK(name##_CREATE, arg)
    ^
./internal.h:2594:18: note: expanded from macro 'RUBY_DTRACE_HOOK'
    if (UNLIKELY(RUBY_DTRACE_##name##_ENABLED())) { \
                 ^
<scratch space>:115:1: note: expanded from here
RUBY_DTRACE_OBJECT_CREATE_ENABLED
^
object.c:2097:5: warning: implicit declaration of function 'RUBY_DTRACE_OBJECT_CREATE' is invalid in C99 [-Wimplicit-function-declaration]
./internal.h:2591:5: note: expanded from macro 'RUBY_DTRACE_CREATE_HOOK'
    RUBY_DTRACE_HOOK(name##_CREATE, arg)
    ^
./internal.h:2598:2: note: expanded from macro 'RUBY_DTRACE_HOOK'
        RUBY_DTRACE_##name(arg, dtrace_file, dtrace_line); \
        ^
<scratch space>:116:1: note: expanded from here
RUBY_DTRACE_OBJECT_CREATE
^
x86_64-linux-gnu-gcc -g -O2 -fdebug-prefix-map=/<<PKGBUILDDIR>>=. -fstack-protector-strong -Wformat -Werror=format-security -fPIC  -D_FORTIFY_SOURCE=2 -fstack-protector-strong -fno-strict-overflow -fvisibility=hidden -DRUBY_EXPORT -DCANONICALIZATION_FOR_MATHN -I. -I.ext/include/x86_64-linux-gnu -I./include -I. -I./enc/unicode/12.1.0 -Wdate-time -D_FORTIFY_SOURCE=2    -o pack.o -c pack.c
x86_64-linux-gnu-gcc -g -O2 -fdebug-prefix-map=/<<PKGBUILDDIR>>=. -fstack-protector-strong -Wformat -Werror=format-security -fPIC  -D_FORTIFY_SOURCE=2 -fstack-protector-strong -fno-strict-overflow -fvisibility=hidden -DRUBY_EXPORT -DCANONICALIZATION_FOR_MATHN -I. -I.ext/include/x86_64-linux-gnu -I./include -I. -I./enc/unicode/12.1.0 -Wdate-time -D_FORTIFY_SOURCE=2    -o parse.o -c parse.c
2 warnings generated.
x86_64-linux-gnu-gcc -g -O2 -fdebug-prefix-map=/<<PKGBUILDDIR>>=. -fstack-protector-strong -Wformat -Werror=format-security -fPIC  -D_FORTIFY_SOURCE=2 -fstack-protector-strong -fno-strict-overflow -fvisibility=hidden -DRUBY_EXPORT -DCANONICALIZATION_FOR_MATHN -I. -I.ext/include/x86_64-linux-gnu -I./include -I. -I./enc/unicode/12.1.0 -Wdate-time -D_FORTIFY_SOURCE=2    -o proc.o -c proc.c
parse.y:5959:5: warning: implicit declaration of function 'RUBY_DTRACE_PARSE_BEGIN_ENABLED' is invalid in C99 [-Wimplicit-function-declaration]
    RUBY_DTRACE_PARSE_HOOK(BEGIN);
    ^
parse.y:5956:9: note: expanded from macro 'RUBY_DTRACE_PARSE_HOOK'
    if (RUBY_DTRACE_PARSE_##name##_ENABLED()) { \
        ^
<scratch space>:220:1: note: expanded from here
RUBY_DTRACE_PARSE_BEGIN_ENABLED
^
parse.y:5959:5: warning: implicit declaration of function 'RUBY_DTRACE_PARSE_BEGIN' is invalid in C99 [-Wimplicit-function-declaration]
parse.y:5957:2: note: expanded from macro 'RUBY_DTRACE_PARSE_HOOK'
        RUBY_DTRACE_PARSE_##name(p->ruby_sourcefile, p->ruby_sourceline); \
        ^
<scratch space>:221:1: note: expanded from here
RUBY_DTRACE_PARSE_BEGIN
^
parse.y:5961:5: warning: implicit declaration of function 'RUBY_DTRACE_PARSE_END_ENABLED' is invalid in C99 [-Wimplicit-function-declaration]
    RUBY_DTRACE_PARSE_HOOK(END);
    ^
parse.y:5956:9: note: expanded from macro 'RUBY_DTRACE_PARSE_HOOK'
    if (RUBY_DTRACE_PARSE_##name##_ENABLED()) { \
        ^
<scratch space>:223:1: note: expanded from here
RUBY_DTRACE_PARSE_END_ENABLED
^
parse.y:5961:5: warning: implicit declaration of function 'RUBY_DTRACE_PARSE_END' is invalid in C99 [-Wimplicit-function-declaration]
parse.y:5957:2: note: expanded from macro 'RUBY_DTRACE_PARSE_HOOK'
        RUBY_DTRACE_PARSE_##name(p->ruby_sourcefile, p->ruby_sourceline); \
        ^
<scratch space>:224:1: note: expanded from here
RUBY_DTRACE_PARSE_END
^
x86_64-linux-gnu-gcc -g -O2 -fdebug-prefix-map=/<<PKGBUILDDIR>>=. -fstack-protector-strong -Wformat -Werror=format-security -fPIC  -D_FORTIFY_SOURCE=2 -fstack-protector-strong -fno-strict-overflow -fvisibility=hidden -DRUBY_EXPORT -DCANONICALIZATION_FOR_MATHN -I. -I.ext/include/x86_64-linux-gnu -I./include -I. -I./enc/unicode/12.1.0 -Wdate-time -D_FORTIFY_SOURCE=2    -o process.o -c process.c
x86_64-linux-gnu-gcc -g -O2 -fdebug-prefix-map=/<<PKGBUILDDIR>>=. -fstack-protector-strong -Wformat -Werror=format-security -fPIC  -D_FORTIFY_SOURCE=2 -fstack-protector-strong -fno-strict-overflow -fvisibility=hidden -DRUBY_EXPORT -DCANONICALIZATION_FOR_MATHN -I. -I.ext/include/x86_64-linux-gnu -I./include -I. -I./enc/unicode/12.1.0 -Wdate-time -D_FORTIFY_SOURCE=2    -o random.o -c random.c
x86_64-linux-gnu-gcc -g -O2 -fdebug-prefix-map=/<<PKGBUILDDIR>>=. -fstack-protector-strong -Wformat -Werror=format-security -fPIC  -D_FORTIFY_SOURCE=2 -fstack-protector-strong -fno-strict-overflow -fvisibility=hidden -DRUBY_EXPORT -DCANONICALIZATION_FOR_MATHN -I. -I.ext/include/x86_64-linux-gnu -I./include -I. -I./enc/unicode/12.1.0 -Wdate-time -D_FORTIFY_SOURCE=2    -o range.o -c range.c
x86_64-linux-gnu-gcc -g -O2 -fdebug-prefix-map=/<<PKGBUILDDIR>>=. -fstack-protector-strong -Wformat -Werror=format-security -fPIC  -D_FORTIFY_SOURCE=2 -fstack-protector-strong -fno-strict-overflow -fvisibility=hidden -DRUBY_EXPORT -DCANONICALIZATION_FOR_MATHN -I. -I.ext/include/x86_64-linux-gnu -I./include -I. -I./enc/unicode/12.1.0 -Wdate-time -D_FORTIFY_SOURCE=2    -o rational.o -c rational.c
x86_64-linux-gnu-gcc -g -O2 -fdebug-prefix-map=/<<PKGBUILDDIR>>=. -fstack-protector-strong -Wformat -Werror=format-security -fPIC  -D_FORTIFY_SOURCE=2 -fstack-protector-strong -fno-strict-overflow -fvisibility=hidden -DRUBY_EXPORT -DCANONICALIZATION_FOR_MATHN -I. -I.ext/include/x86_64-linux-gnu -I./include -I. -I./enc/unicode/12.1.0 -Wdate-time -D_FORTIFY_SOURCE=2    -o re.o -c re.c
x86_64-linux-gnu-gcc -g -O2 -fdebug-prefix-map=/<<PKGBUILDDIR>>=. -fstack-protector-strong -Wformat -Werror=format-security -fPIC  -D_FORTIFY_SOURCE=2 -fstack-protector-strong -fno-strict-overflow -fvisibility=hidden -DRUBY_EXPORT -DCANONICALIZATION_FOR_MATHN -I. -I.ext/include/x86_64-linux-gnu -I./include -I. -I./enc/unicode/12.1.0 -Wdate-time -D_FORTIFY_SOURCE=2    -o regcomp.o -c regcomp.c
x86_64-linux-gnu-gcc -g -O2 -fdebug-prefix-map=/<<PKGBUILDDIR>>=. -fstack-protector-strong -Wformat -Werror=format-security -fPIC  -D_FORTIFY_SOURCE=2 -fstack-protector-strong -fno-strict-overflow -fvisibility=hidden -DRUBY_EXPORT -DCANONICALIZATION_FOR_MATHN -I. -I.ext/include/x86_64-linux-gnu -I./include -I. -I./enc/unicode/12.1.0 -Wdate-time -D_FORTIFY_SOURCE=2    -o regenc.o -c regenc.c
x86_64-linux-gnu-gcc -g -O2 -fdebug-prefix-map=/<<PKGBUILDDIR>>=. -fstack-protector-strong -Wformat -Werror=format-security -fPIC  -D_FORTIFY_SOURCE=2 -fstack-protector-strong -fno-strict-overflow -fvisibility=hidden -DRUBY_EXPORT -DCANONICALIZATION_FOR_MATHN -I. -I.ext/include/x86_64-linux-gnu -I./include -I. -I./enc/unicode/12.1.0 -Wdate-time -D_FORTIFY_SOURCE=2    -o regerror.o -c regerror.c
x86_64-linux-gnu-gcc -g -O2 -fdebug-prefix-map=/<<PKGBUILDDIR>>=. -fstack-protector-strong -Wformat -Werror=format-security -fPIC  -D_FORTIFY_SOURCE=2 -fstack-protector-strong -fno-strict-overflow -fvisibility=hidden -DRUBY_EXPORT -DCANONICALIZATION_FOR_MATHN -I. -I.ext/include/x86_64-linux-gnu -I./include -I. -I./enc/unicode/12.1.0 -Wdate-time -D_FORTIFY_SOURCE=2    -o regexec.o -c regexec.c
x86_64-linux-gnu-gcc -g -O2 -fdebug-prefix-map=/<<PKGBUILDDIR>>=. -fstack-protector-strong -Wformat -Werror=format-security -fPIC  -D_FORTIFY_SOURCE=2 -fstack-protector-strong -fno-strict-overflow -fvisibility=hidden -DRUBY_EXPORT -DCANONICALIZATION_FOR_MATHN -I. -I.ext/include/x86_64-linux-gnu -I./include -I. -I./enc/unicode/12.1.0 -Wdate-time -D_FORTIFY_SOURCE=2    -o regparse.o -c regparse.c
x86_64-linux-gnu-gcc -g -O2 -fdebug-prefix-map=/<<PKGBUILDDIR>>=. -fstack-protector-strong -Wformat -Werror=format-security -fPIC  -D_FORTIFY_SOURCE=2 -fstack-protector-strong -fno-strict-overflow -fvisibility=hidden -DRUBY_EXPORT -DCANONICALIZATION_FOR_MATHN -I. -I.ext/include/x86_64-linux-gnu -I./include -I. -I./enc/unicode/12.1.0 -Wdate-time -D_FORTIFY_SOURCE=2    -o regsyntax.o -c regsyntax.c
4 warnings generated.
x86_64-linux-gnu-gcc -g -O2 -fdebug-prefix-map=/<<PKGBUILDDIR>>=. -fstack-protector-strong -Wformat -Werror=format-security -fPIC  -D_FORTIFY_SOURCE=2 -fstack-protector-strong -fno-strict-overflow -fvisibility=hidden -DRUBY_EXPORT -DCANONICALIZATION_FOR_MATHN -I. -I.ext/include/x86_64-linux-gnu -I./include -I. -I./enc/unicode/12.1.0 -Wdate-time -D_FORTIFY_SOURCE=2    -o ruby.o -c ruby.c
x86_64-linux-gnu-gcc -g -O2 -fdebug-prefix-map=/<<PKGBUILDDIR>>=. -fstack-protector-strong -Wformat -Werror=format-security -fPIC  -D_FORTIFY_SOURCE=2 -fstack-protector-strong -fno-strict-overflow -fvisibility=hidden -DRUBY_EXPORT -DCANONICALIZATION_FOR_MATHN -I. -I.ext/include/x86_64-linux-gnu -I./include -I. -I./enc/unicode/12.1.0 -Wdate-time -D_FORTIFY_SOURCE=2    -o safe.o -c safe.c
x86_64-linux-gnu-gcc -g -O2 -fdebug-prefix-map=/<<PKGBUILDDIR>>=. -fstack-protector-strong -Wformat -Werror=format-security -fPIC  -D_FORTIFY_SOURCE=2 -fstack-protector-strong -fno-strict-overflow -fvisibility=hidden -DRUBY_EXPORT -DCANONICALIZATION_FOR_MATHN -I. -I.ext/include/x86_64-linux-gnu -I./include -I. -I./enc/unicode/12.1.0 -Wdate-time -D_FORTIFY_SOURCE=2    -o signal.o -c signal.c
x86_64-linux-gnu-gcc -g -O2 -fdebug-prefix-map=/<<PKGBUILDDIR>>=. -fstack-protector-strong -Wformat -Werror=format-security -fPIC  -D_FORTIFY_SOURCE=2 -fstack-protector-strong -fno-strict-overflow -fvisibility=hidden -DRUBY_EXPORT -DCANONICALIZATION_FOR_MATHN -I. -I.ext/include/x86_64-linux-gnu -I./include -I. -I./enc/unicode/12.1.0 -Wdate-time -D_FORTIFY_SOURCE=2    -o sprintf.o -c sprintf.c
x86_64-linux-gnu-gcc -g -O2 -fdebug-prefix-map=/<<PKGBUILDDIR>>=. -fstack-protector-strong -Wformat -Werror=format-security -fPIC  -D_FORTIFY_SOURCE=2 -fstack-protector-strong -fno-strict-overflow -fvisibility=hidden -DRUBY_EXPORT -DCANONICALIZATION_FOR_MATHN -I. -I.ext/include/x86_64-linux-gnu -I./include -I. -I./enc/unicode/12.1.0 -Wdate-time -D_FORTIFY_SOURCE=2    -o st.o -c st.c
x86_64-linux-gnu-gcc -g -O2 -fdebug-prefix-map=/<<PKGBUILDDIR>>=. -fstack-protector-strong -Wformat -Werror=format-security -fPIC  -D_FORTIFY_SOURCE=2 -fstack-protector-strong -fno-strict-overflow -fvisibility=hidden -DRUBY_EXPORT -DCANONICALIZATION_FOR_MATHN -I. -I.ext/include/x86_64-linux-gnu -I./include -I. -I./enc/unicode/12.1.0 -Wdate-time -D_FORTIFY_SOURCE=2    -o strftime.o -c strftime.c
x86_64-linux-gnu-gcc -g -O2 -fdebug-prefix-map=/<<PKGBUILDDIR>>=. -fstack-protector-strong -Wformat -Werror=format-security -fPIC  -D_FORTIFY_SOURCE=2 -fstack-protector-strong -fno-strict-overflow -fvisibility=hidden -DRUBY_EXPORT -DCANONICALIZATION_FOR_MATHN -I. -I.ext/include/x86_64-linux-gnu -I./include -I. -I./enc/unicode/12.1.0 -Wdate-time -D_FORTIFY_SOURCE=2    -o string.o -c string.c
string.c:735:5: warning: implicit declaration of function 'RUBY_DTRACE_STRING_CREATE_ENABLED' is invalid in C99 [-Wimplicit-function-declaration]
    RUBY_DTRACE_CREATE_HOOK(STRING, 0);
    ^
./internal.h:2591:5: note: expanded from macro 'RUBY_DTRACE_CREATE_HOOK'
    RUBY_DTRACE_HOOK(name##_CREATE, arg)
    ^
./internal.h:2594:18: note: expanded from macro 'RUBY_DTRACE_HOOK'
    if (UNLIKELY(RUBY_DTRACE_##name##_ENABLED())) { \
                 ^
<scratch space>:148:1: note: expanded from here
RUBY_DTRACE_STRING_CREATE_ENABLED
^
string.c:735:5: warning: implicit declaration of function 'RUBY_DTRACE_STRING_CREATE' is invalid in C99 [-Wimplicit-function-declaration]
./internal.h:2591:5: note: expanded from macro 'RUBY_DTRACE_CREATE_HOOK'
    RUBY_DTRACE_HOOK(name##_CREATE, arg)
    ^
./internal.h:2598:2: note: expanded from macro 'RUBY_DTRACE_HOOK'
        RUBY_DTRACE_##name(arg, dtrace_file, dtrace_line); \
        ^
<scratch space>:149:1: note: expanded from here
RUBY_DTRACE_STRING_CREATE
^
string.c:748:5: warning: implicit declaration of function 'RUBY_DTRACE_STRING_CREATE_ENABLED' is invalid in C99 [-Wimplicit-function-declaration]
    RUBY_DTRACE_CREATE_HOOK(STRING, len);
    ^
./internal.h:2591:5: note: expanded from macro 'RUBY_DTRACE_CREATE_HOOK'
    RUBY_DTRACE_HOOK(name##_CREATE, arg)
    ^
./internal.h:2594:18: note: expanded from macro 'RUBY_DTRACE_HOOK'
    if (UNLIKELY(RUBY_DTRACE_##name##_ENABLED())) { \
                 ^
<scratch space>:152:1: note: expanded from here
RUBY_DTRACE_STRING_CREATE_ENABLED
^
string.c:748:5: warning: implicit declaration of function 'RUBY_DTRACE_STRING_CREATE' is invalid in C99 [-Wimplicit-function-declaration]
./internal.h:2591:5: note: expanded from macro 'RUBY_DTRACE_CREATE_HOOK'
    RUBY_DTRACE_HOOK(name##_CREATE, arg)
    ^
./internal.h:2598:2: note: expanded from macro 'RUBY_DTRACE_HOOK'
        RUBY_DTRACE_##name(arg, dtrace_file, dtrace_line); \
        ^
<scratch space>:153:1: note: expanded from here
RUBY_DTRACE_STRING_CREATE
^
string.c:859:2: warning: implicit declaration of function 'RUBY_DTRACE_STRING_CREATE_ENABLED' is invalid in C99 [-Wimplicit-function-declaration]
        RUBY_DTRACE_CREATE_HOOK(STRING, len);
        ^
./internal.h:2591:5: note: expanded from macro 'RUBY_DTRACE_CREATE_HOOK'
    RUBY_DTRACE_HOOK(name##_CREATE, arg)
    ^
./internal.h:2594:18: note: expanded from macro 'RUBY_DTRACE_HOOK'
    if (UNLIKELY(RUBY_DTRACE_##name##_ENABLED())) { \
                 ^
<scratch space>:156:1: note: expanded from here
RUBY_DTRACE_STRING_CREATE_ENABLED
^
string.c:859:2: warning: implicit declaration of function 'RUBY_DTRACE_STRING_CREATE' is invalid in C99 [-Wimplicit-function-declaration]
./internal.h:2591:5: note: expanded from macro 'RUBY_DTRACE_CREATE_HOOK'
    RUBY_DTRACE_HOOK(name##_CREATE, arg)
    ^
./internal.h:2598:2: note: expanded from macro 'RUBY_DTRACE_HOOK'
        RUBY_DTRACE_##name(arg, dtrace_file, dtrace_line); \
        ^
<scratch space>:157:1: note: expanded from here
RUBY_DTRACE_STRING_CREATE
^
string.c:1524:5: warning: implicit declaration of function 'RUBY_DTRACE_STRING_CREATE_ENABLED' is invalid in C99 [-Wimplicit-function-declaration]
    RUBY_DTRACE_CREATE_HOOK(STRING, RSTRING_LEN(str));
    ^
./internal.h:2591:5: note: expanded from macro 'RUBY_DTRACE_CREATE_HOOK'
    RUBY_DTRACE_HOOK(name##_CREATE, arg)
    ^
./internal.h:2594:18: note: expanded from macro 'RUBY_DTRACE_HOOK'
    if (UNLIKELY(RUBY_DTRACE_##name##_ENABLED())) { \
                 ^
<scratch space>:107:1: note: expanded from here
RUBY_DTRACE_STRING_CREATE_ENABLED
^
string.c:1524:5: warning: implicit declaration of function 'RUBY_DTRACE_STRING_CREATE' is invalid in C99 [-Wimplicit-function-declaration]
./internal.h:2591:5: note: expanded from macro 'RUBY_DTRACE_CREATE_HOOK'
    RUBY_DTRACE_HOOK(name##_CREATE, arg)
    ^
./internal.h:2598:2: note: expanded from macro 'RUBY_DTRACE_HOOK'
        RUBY_DTRACE_##name(arg, dtrace_file, dtrace_line); \
        ^
<scratch space>:108:1: note: expanded from here
RUBY_DTRACE_STRING_CREATE
^
x86_64-linux-gnu-gcc -g -O2 -fdebug-prefix-map=/<<PKGBUILDDIR>>=. -fstack-protector-strong -Wformat -Werror=format-security -fPIC  -D_FORTIFY_SOURCE=2 -fstack-protector-strong -fno-strict-overflow -fvisibility=hidden -DRUBY_EXPORT -DCANONICALIZATION_FOR_MATHN -I. -I.ext/include/x86_64-linux-gnu -I./include -I. -I./enc/unicode/12.1.0 -Wdate-time -D_FORTIFY_SOURCE=2    -o struct.o -c struct.c
x86_64-linux-gnu-gcc -g -O2 -fdebug-prefix-map=/<<PKGBUILDDIR>>=. -fstack-protector-strong -Wformat -Werror=format-security -fPIC  -D_FORTIFY_SOURCE=2 -fstack-protector-strong -fno-strict-overflow -fvisibility=hidden -DRUBY_EXPORT -DCANONICALIZATION_FOR_MATHN -I. -I.ext/include/x86_64-linux-gnu -I./include -I. -I./enc/unicode/12.1.0 -Wdate-time -D_FORTIFY_SOURCE=2    -o symbol.o -c symbol.c
symbol.c:468:5: warning: implicit declaration of function 'RUBY_DTRACE_SYMBOL_CREATE_ENABLED' is invalid in C99 [-Wimplicit-function-declaration]
    RUBY_DTRACE_CREATE_HOOK(SYMBOL, RSTRING_PTR(str));
    ^
./internal.h:2591:5: note: expanded from macro 'RUBY_DTRACE_CREATE_HOOK'
    RUBY_DTRACE_HOOK(name##_CREATE, arg)
    ^
./internal.h:2594:18: note: expanded from macro 'RUBY_DTRACE_HOOK'
    if (UNLIKELY(RUBY_DTRACE_##name##_ENABLED())) { \
                 ^
<scratch space>:102:1: note: expanded from here
RUBY_DTRACE_SYMBOL_CREATE_ENABLED
^
symbol.c:468:5: warning: implicit declaration of function 'RUBY_DTRACE_SYMBOL_CREATE' is invalid in C99 [-Wimplicit-function-declaration]
./internal.h:2591:5: note: expanded from macro 'RUBY_DTRACE_CREATE_HOOK'
    RUBY_DTRACE_HOOK(name##_CREATE, arg)
    ^
./internal.h:2598:2: note: expanded from macro 'RUBY_DTRACE_HOOK'
        RUBY_DTRACE_##name(arg, dtrace_file, dtrace_line); \
        ^
<scratch space>:103:1: note: expanded from here
RUBY_DTRACE_SYMBOL_CREATE
^
symbol.c:536:5: warning: implicit declaration of function 'RUBY_DTRACE_SYMBOL_CREATE_ENABLED' is invalid in C99 [-Wimplicit-function-declaration]
    RUBY_DTRACE_CREATE_HOOK(SYMBOL, RSTRING_PTR(RSYMBOL(dsym)->fstr));
    ^
./internal.h:2591:5: note: expanded from macro 'RUBY_DTRACE_CREATE_HOOK'
    RUBY_DTRACE_HOOK(name##_CREATE, arg)
    ^
./internal.h:2594:18: note: expanded from macro 'RUBY_DTRACE_HOOK'
    if (UNLIKELY(RUBY_DTRACE_##name##_ENABLED())) { \
                 ^
<scratch space>:116:1: note: expanded from here
RUBY_DTRACE_SYMBOL_CREATE_ENABLED
^
symbol.c:536:5: warning: implicit declaration of function 'RUBY_DTRACE_SYMBOL_CREATE' is invalid in C99 [-Wimplicit-function-declaration]
./internal.h:2591:5: note: expanded from macro 'RUBY_DTRACE_CREATE_HOOK'
    RUBY_DTRACE_HOOK(name##_CREATE, arg)
    ^
./internal.h:2598:2: note: expanded from macro 'RUBY_DTRACE_HOOK'
        RUBY_DTRACE_##name(arg, dtrace_file, dtrace_line); \
        ^
<scratch space>:117:1: note: expanded from here
RUBY_DTRACE_SYMBOL_CREATE
^
x86_64-linux-gnu-gcc -g -O2 -fdebug-prefix-map=/<<PKGBUILDDIR>>=. -fstack-protector-strong -Wformat -Werror=format-security -fPIC  -D_FORTIFY_SOURCE=2 -fstack-protector-strong -fno-strict-overflow -fvisibility=hidden -DRUBY_EXPORT -DCANONICALIZATION_FOR_MATHN -I. -I.ext/include/x86_64-linux-gnu -I./include -I. -I./enc/unicode/12.1.0 -Wdate-time -D_FORTIFY_SOURCE=2    -o thread.o -c thread.c
4 warnings generated.
x86_64-linux-gnu-gcc -g -O2 -fdebug-prefix-map=/<<PKGBUILDDIR>>=. -fstack-protector-strong -Wformat -Werror=format-security -fPIC  -D_FORTIFY_SOURCE=2 -fstack-protector-strong -fno-strict-overflow -fvisibility=hidden -DRUBY_EXPORT -DCANONICALIZATION_FOR_MATHN -I. -I.ext/include/x86_64-linux-gnu -I./include -I. -I./enc/unicode/12.1.0 -Wdate-time -D_FORTIFY_SOURCE=2    -o time.o -c time.c
x86_64-linux-gnu-gcc -g -O2 -fdebug-prefix-map=/<<PKGBUILDDIR>>=. -fstack-protector-strong -Wformat -Werror=format-security -fPIC  -D_FORTIFY_SOURCE=2 -fstack-protector-strong -fno-strict-overflow -fvisibility=hidden -DRUBY_EXPORT -DCANONICALIZATION_FOR_MATHN -I. -I.ext/include/x86_64-linux-gnu -I./include -I. -I./enc/unicode/12.1.0 -Wdate-time -D_FORTIFY_SOURCE=2    -o transcode.o -c transcode.c
x86_64-linux-gnu-gcc -g -O2 -fdebug-prefix-map=/<<PKGBUILDDIR>>=. -fstack-protector-strong -Wformat -Werror=format-security -fPIC  -D_FORTIFY_SOURCE=2 -fstack-protector-strong -fno-strict-overflow -fvisibility=hidden -DRUBY_EXPORT -DCANONICALIZATION_FOR_MATHN -I. -I.ext/include/x86_64-linux-gnu -I./include -I. -I./enc/unicode/12.1.0 -Wdate-time -D_FORTIFY_SOURCE=2    -o transient_heap.o -c transient_heap.c
x86_64-linux-gnu-gcc -g -O2 -fdebug-prefix-map=/<<PKGBUILDDIR>>=. -fstack-protector-strong -Wformat -Werror=format-security -fPIC  -D_FORTIFY_SOURCE=2 -fstack-protector-strong -fno-strict-overflow -fvisibility=hidden -DRUBY_EXPORT -DCANONICALIZATION_FOR_MATHN -I. -I.ext/include/x86_64-linux-gnu -I./include -I. -I./enc/unicode/12.1.0 -Wdate-time -D_FORTIFY_SOURCE=2    -o util.o -c util.c
x86_64-linux-gnu-gcc -g -O2 -fdebug-prefix-map=/<<PKGBUILDDIR>>=. -fstack-protector-strong -Wformat -Werror=format-security -fPIC  -D_FORTIFY_SOURCE=2 -fstack-protector-strong -fno-strict-overflow -fvisibility=hidden -DRUBY_EXPORT -DCANONICALIZATION_FOR_MATHN -I. -I.ext/include/x86_64-linux-gnu -I./include -I. -I./enc/unicode/12.1.0 -Wdate-time -D_FORTIFY_SOURCE=2    -o variable.o -c variable.c
: > revision.tmp
x86_64-linux-gnu-gcc -g -O2 -fdebug-prefix-map=/<<PKGBUILDDIR>>=. -fstack-protector-strong -Wformat -Werror=format-security -fPIC  -D_FORTIFY_SOURCE=2 -fstack-protector-strong -fno-strict-overflow -fvisibility=hidden -DRUBY_EXPORT -DCANONICALIZATION_FOR_MATHN -I. -I.ext/include/x86_64-linux-gnu -I./include -I. -I./enc/unicode/12.1.0 -Wdate-time -D_FORTIFY_SOURCE=2    -o vm.o -c vm.c
In file included from vm.c:344:
./vm_insnhelper.c:2504:5: warning: implicit declaration of function 'RUBY_DTRACE_CMETHOD_ENTRY_ENABLED' is invalid in C99 [-Wimplicit-function-declaration]
    RUBY_DTRACE_CMETHOD_ENTRY_HOOK(ec, me->owner, me->def->original_id);
    ^
./probes_helper.h:37:5: note: expanded from macro 'RUBY_DTRACE_CMETHOD_ENTRY_HOOK'
    RUBY_DTRACE_METHOD_HOOK(CMETHOD_ENTRY, ec, klass, id)
    ^
./probes_helper.h:19:18: note: expanded from macro 'RUBY_DTRACE_METHOD_HOOK'
    if (UNLIKELY(RUBY_DTRACE_##name##_ENABLED())) { \
                 ^
<scratch space>:44:1: note: expanded from here
RUBY_DTRACE_CMETHOD_ENTRY_ENABLED
^
In file included from vm.c:344:
./vm_insnhelper.c:2504:5: warning: implicit declaration of function 'RUBY_DTRACE_CMETHOD_ENTRY' is invalid in C99 [-Wimplicit-function-declaration]
./probes_helper.h:37:5: note: expanded from macro 'RUBY_DTRACE_CMETHOD_ENTRY_HOOK'
    RUBY_DTRACE_METHOD_HOOK(CMETHOD_ENTRY, ec, klass, id)
    ^
./probes_helper.h:22:6: note: expanded from macro 'RUBY_DTRACE_METHOD_HOOK'
            RUBY_DTRACE_##name(args.classname, \
            ^
<scratch space>:45:1: note: expanded from here
RUBY_DTRACE_CMETHOD_ENTRY
^
In file included from vm.c:344:
./vm_insnhelper.c:2521:5: warning: implicit declaration of function 'RUBY_DTRACE_CMETHOD_RETURN_ENABLED' is invalid in C99 [-Wimplicit-function-declaration]
    RUBY_DTRACE_CMETHOD_RETURN_HOOK(ec, me->owner, me->def->original_id);
    ^
./probes_helper.h:40:5: note: expanded from macro 'RUBY_DTRACE_CMETHOD_RETURN_HOOK'
    RUBY_DTRACE_METHOD_HOOK(CMETHOD_RETURN, ec, klass, id)
    ^
./probes_helper.h:19:18: note: expanded from macro 'RUBY_DTRACE_METHOD_HOOK'
    if (UNLIKELY(RUBY_DTRACE_##name##_ENABLED())) { \
                 ^
<scratch space>:47:1: note: expanded from here
RUBY_DTRACE_CMETHOD_RETURN_ENABLED
^
In file included from vm.c:344:
./vm_insnhelper.c:2521:5: warning: implicit declaration of function 'RUBY_DTRACE_CMETHOD_RETURN' is invalid in C99 [-Wimplicit-function-declaration]
./probes_helper.h:40:5: note: expanded from macro 'RUBY_DTRACE_CMETHOD_RETURN_HOOK'
    RUBY_DTRACE_METHOD_HOOK(CMETHOD_RETURN, ec, klass, id)
    ^
./probes_helper.h:22:6: note: expanded from macro 'RUBY_DTRACE_METHOD_HOOK'
            RUBY_DTRACE_##name(args.classname, \
            ^
<scratch space>:48:1: note: expanded from here
RUBY_DTRACE_CMETHOD_RETURN
^
In file included from vm.c:344:
./vm_insnhelper.c:3728:9: warning: implicit declaration of function 'RUBY_DTRACE_METHOD_ENTRY_ENABLED' is invalid in C99 [-Wimplicit-function-declaration]
    if (RUBY_DTRACE_METHOD_ENTRY_ENABLED() ||
        ^
./vm_insnhelper.c:3729:2: warning: implicit declaration of function 'RUBY_DTRACE_METHOD_RETURN_ENABLED' is invalid in C99 [-Wimplicit-function-declaration]
        RUBY_DTRACE_METHOD_RETURN_ENABLED() ||
        ^
./vm_insnhelper.c:3730:2: warning: implicit declaration of function 'RUBY_DTRACE_CMETHOD_ENTRY_ENABLED' is invalid in C99 [-Wimplicit-function-declaration]
        RUBY_DTRACE_CMETHOD_ENTRY_ENABLED() ||
        ^
./vm_insnhelper.c:3731:2: warning: implicit declaration of function 'RUBY_DTRACE_CMETHOD_RETURN_ENABLED' is invalid in C99 [-Wimplicit-function-declaration]
        RUBY_DTRACE_CMETHOD_RETURN_ENABLED()) {
        ^
./vm_insnhelper.c:3735:6: warning: implicit declaration of function 'RUBY_DTRACE_METHOD_ENTRY' is invalid in C99 [-Wimplicit-function-declaration]
            RUBY_DTRACE_METHOD_ENTRY_HOOK(ec, 0, 0);
            ^
./probes_helper.h:31:5: note: expanded from macro 'RUBY_DTRACE_METHOD_ENTRY_HOOK'
    RUBY_DTRACE_METHOD_HOOK(METHOD_ENTRY, ec, klass, id)
    ^
./probes_helper.h:22:6: note: expanded from macro 'RUBY_DTRACE_METHOD_HOOK'
            RUBY_DTRACE_##name(args.classname, \
            ^
<scratch space>:67:1: note: expanded from here
RUBY_DTRACE_METHOD_ENTRY
^
In file included from vm.c:344:
./vm_insnhelper.c:3738:6: warning: implicit declaration of function 'RUBY_DTRACE_CMETHOD_ENTRY' is invalid in C99 [-Wimplicit-function-declaration]
            RUBY_DTRACE_CMETHOD_ENTRY_HOOK(ec, 0, 0);
            ^
./probes_helper.h:37:5: note: expanded from macro 'RUBY_DTRACE_CMETHOD_ENTRY_HOOK'
    RUBY_DTRACE_METHOD_HOOK(CMETHOD_ENTRY, ec, klass, id)
    ^
./probes_helper.h:22:6: note: expanded from macro 'RUBY_DTRACE_METHOD_HOOK'
            RUBY_DTRACE_##name(args.classname, \
            ^
<scratch space>:70:1: note: expanded from here
RUBY_DTRACE_CMETHOD_ENTRY
^
In file included from vm.c:344:
./vm_insnhelper.c:3741:6: warning: implicit declaration of function 'RUBY_DTRACE_METHOD_RETURN' is invalid in C99 [-Wimplicit-function-declaration]
            RUBY_DTRACE_METHOD_RETURN_HOOK(ec, 0, 0);
            ^
./probes_helper.h:34:5: note: expanded from macro 'RUBY_DTRACE_METHOD_RETURN_HOOK'
    RUBY_DTRACE_METHOD_HOOK(METHOD_RETURN, ec, klass, id)
    ^
./probes_helper.h:22:6: note: expanded from macro 'RUBY_DTRACE_METHOD_HOOK'
            RUBY_DTRACE_##name(args.classname, \
            ^
<scratch space>:73:1: note: expanded from here
RUBY_DTRACE_METHOD_RETURN
^
In file included from vm.c:344:
./vm_insnhelper.c:3744:6: warning: implicit declaration of function 'RUBY_DTRACE_CMETHOD_RETURN' is invalid in C99 [-Wimplicit-function-declaration]
            RUBY_DTRACE_CMETHOD_RETURN_HOOK(ec, 0, 0);
            ^
./probes_helper.h:40:5: note: expanded from macro 'RUBY_DTRACE_CMETHOD_RETURN_HOOK'
    RUBY_DTRACE_METHOD_HOOK(CMETHOD_RETURN, ec, klass, id)
    ^
./probes_helper.h:22:6: note: expanded from macro 'RUBY_DTRACE_METHOD_HOOK'
            RUBY_DTRACE_##name(args.classname, \
            ^
<scratch space>:76:1: note: expanded from here
RUBY_DTRACE_CMETHOD_RETURN
^
In file included from vm.c:348:
In file included from ./vm_exec.c:116:
insns.def:471:5: warning: implicit declaration of function 'RUBY_DTRACE_ARRAY_CREATE_ENABLED' is invalid in C99 [-Wimplicit-function-declaration]
    RUBY_DTRACE_CREATE_HOOK(ARRAY, RARRAY_LEN(ary));
    ^
./internal.h:2591:5: note: expanded from macro 'RUBY_DTRACE_CREATE_HOOK'
    RUBY_DTRACE_HOOK(name##_CREATE, arg)
    ^
./internal.h:2594:18: note: expanded from macro 'RUBY_DTRACE_HOOK'
    if (UNLIKELY(RUBY_DTRACE_##name##_ENABLED())) { \
                 ^
<scratch space>:125:1: note: expanded from here
RUBY_DTRACE_ARRAY_CREATE_ENABLED
^
In file included from vm.c:348:
In file included from ./vm_exec.c:116:
insns.def:471:5: warning: implicit declaration of function 'RUBY_DTRACE_ARRAY_CREATE' is invalid in C99 [-Wimplicit-function-declaration]
./internal.h:2591:5: note: expanded from macro 'RUBY_DTRACE_CREATE_HOOK'
    RUBY_DTRACE_HOOK(name##_CREATE, arg)
    ^
./internal.h:2598:2: note: expanded from macro 'RUBY_DTRACE_HOOK'
        RUBY_DTRACE_##name(arg, dtrace_file, dtrace_line); \
        ^
<scratch space>:126:1: note: expanded from here
RUBY_DTRACE_ARRAY_CREATE
^
In file included from vm.c:348:
In file included from ./vm_exec.c:116:
insns.def:482:5: warning: implicit declaration of function 'RUBY_DTRACE_HASH_CREATE_ENABLED' is invalid in C99 [-Wimplicit-function-declaration]
    RUBY_DTRACE_CREATE_HOOK(HASH, RHASH_SIZE(hash) << 1);
    ^
./internal.h:2591:5: note: expanded from macro 'RUBY_DTRACE_CREATE_HOOK'
    RUBY_DTRACE_HOOK(name##_CREATE, arg)
    ^
./internal.h:2594:18: note: expanded from macro 'RUBY_DTRACE_HOOK'
    if (UNLIKELY(RUBY_DTRACE_##name##_ENABLED())) { \
                 ^
<scratch space>:140:1: note: expanded from here
RUBY_DTRACE_HASH_CREATE_ENABLED
^
In file included from vm.c:348:
In file included from ./vm_exec.c:116:
insns.def:482:5: warning: implicit declaration of function 'RUBY_DTRACE_HASH_CREATE' is invalid in C99 [-Wimplicit-function-declaration]
./internal.h:2591:5: note: expanded from macro 'RUBY_DTRACE_CREATE_HOOK'
    RUBY_DTRACE_HOOK(name##_CREATE, arg)
    ^
./internal.h:2598:2: note: expanded from macro 'RUBY_DTRACE_HOOK'
        RUBY_DTRACE_##name(arg, dtrace_file, dtrace_line); \
        ^
<scratch space>:141:1: note: expanded from here
RUBY_DTRACE_HASH_CREATE
^
In file included from vm.c:348:
In file included from ./vm_exec.c:116:
insns.def:537:5: warning: implicit declaration of function 'RUBY_DTRACE_HASH_CREATE_ENABLED' is invalid in C99 [-Wimplicit-function-declaration]
    RUBY_DTRACE_CREATE_HOOK(HASH, num);
    ^
./internal.h:2591:5: note: expanded from macro 'RUBY_DTRACE_CREATE_HOOK'
    RUBY_DTRACE_HOOK(name##_CREATE, arg)
    ^
./internal.h:2594:18: note: expanded from macro 'RUBY_DTRACE_HOOK'
    if (UNLIKELY(RUBY_DTRACE_##name##_ENABLED())) { \
                 ^
<scratch space>:188:1: note: expanded from here
RUBY_DTRACE_HASH_CREATE_ENABLED
^
In file included from vm.c:348:
In file included from ./vm_exec.c:116:
insns.def:537:5: warning: implicit declaration of function 'RUBY_DTRACE_HASH_CREATE' is invalid in C99 [-Wimplicit-function-declaration]
./internal.h:2591:5: note: expanded from macro 'RUBY_DTRACE_CREATE_HOOK'
    RUBY_DTRACE_HOOK(name##_CREATE, arg)
    ^
./internal.h:2598:2: note: expanded from macro 'RUBY_DTRACE_HOOK'
        RUBY_DTRACE_##name(arg, dtrace_file, dtrace_line); \
        ^
<scratch space>:189:1: note: expanded from here
RUBY_DTRACE_HASH_CREATE
^
In file included from vm.c:350:
./vm_method.c:98:2: warning: implicit declaration of function 'RUBY_DTRACE_METHOD_CACHE_CLEAR_ENABLED' is invalid in C99 [-Wimplicit-function-declaration]
        RUBY_DTRACE_HOOK(METHOD_CACHE_CLEAR, (global ? "global" : rb_class2name(klass)));
        ^
./internal.h:2594:18: note: expanded from macro 'RUBY_DTRACE_HOOK'
    if (UNLIKELY(RUBY_DTRACE_##name##_ENABLED())) { \
                 ^
<scratch space>:93:1: note: expanded from here
RUBY_DTRACE_METHOD_CACHE_CLEAR_ENABLED
^
In file included from vm.c:350:
./vm_method.c:98:2: warning: implicit declaration of function 'RUBY_DTRACE_METHOD_CACHE_CLEAR' is invalid in C99 [-Wimplicit-function-declaration]
./internal.h:2598:2: note: expanded from macro 'RUBY_DTRACE_HOOK'
        RUBY_DTRACE_##name(arg, dtrace_file, dtrace_line); \
        ^
<scratch space>:94:1: note: expanded from here
RUBY_DTRACE_METHOD_CACHE_CLEAR
^
8 warnings generated.
x86_64-linux-gnu-gcc -g -O2 -fdebug-prefix-map=/<<PKGBUILDDIR>>=. -fstack-protector-strong -Wformat -Werror=format-security -fPIC  -D_FORTIFY_SOURCE=2 -fstack-protector-strong -fno-strict-overflow -fvisibility=hidden -DRUBY_EXPORT -DCANONICALIZATION_FOR_MATHN -I. -I.ext/include/x86_64-linux-gnu -I./include -I. -I./enc/unicode/12.1.0 -Wdate-time -D_FORTIFY_SOURCE=2    -o vm_backtrace.o -c vm_backtrace.c
In file included from vm.c:352:
./vm_eval.c:80:5: warning: implicit declaration of function 'RUBY_DTRACE_CMETHOD_ENTRY_ENABLED' is invalid in C99 [-Wimplicit-function-declaration]
    RUBY_DTRACE_CMETHOD_ENTRY_HOOK(ec, me->owner, me->def->original_id);
    ^
./probes_helper.h:37:5: note: expanded from macro 'RUBY_DTRACE_CMETHOD_ENTRY_HOOK'
    RUBY_DTRACE_METHOD_HOOK(CMETHOD_ENTRY, ec, klass, id)
    ^
./probes_helper.h:19:18: note: expanded from macro 'RUBY_DTRACE_METHOD_HOOK'
    if (UNLIKELY(RUBY_DTRACE_##name##_ENABLED())) { \
                 ^
<scratch space>:96:1: note: expanded from here
RUBY_DTRACE_CMETHOD_ENTRY_ENABLED
^
In file included from vm.c:352:
./vm_eval.c:80:5: warning: implicit declaration of function 'RUBY_DTRACE_CMETHOD_ENTRY' is invalid in C99 [-Wimplicit-function-declaration]
./probes_helper.h:37:5: note: expanded from macro 'RUBY_DTRACE_CMETHOD_ENTRY_HOOK'
    RUBY_DTRACE_METHOD_HOOK(CMETHOD_ENTRY, ec, klass, id)
    ^
./probes_helper.h:22:6: note: expanded from macro 'RUBY_DTRACE_METHOD_HOOK'
            RUBY_DTRACE_##name(args.classname, \
            ^
<scratch space>:97:1: note: expanded from here
RUBY_DTRACE_CMETHOD_ENTRY
^
In file included from vm.c:352:
./vm_eval.c:97:5: warning: implicit declaration of function 'RUBY_DTRACE_CMETHOD_RETURN_ENABLED' is invalid in C99 [-Wimplicit-function-declaration]
    RUBY_DTRACE_CMETHOD_RETURN_HOOK(ec, me->owner, me->def->original_id);
    ^
./probes_helper.h:40:5: note: expanded from macro 'RUBY_DTRACE_CMETHOD_RETURN_HOOK'
    RUBY_DTRACE_METHOD_HOOK(CMETHOD_RETURN, ec, klass, id)
    ^
./probes_helper.h:19:18: note: expanded from macro 'RUBY_DTRACE_METHOD_HOOK'
    if (UNLIKELY(RUBY_DTRACE_##name##_ENABLED())) { \
                 ^
<scratch space>:99:1: note: expanded from here
RUBY_DTRACE_CMETHOD_RETURN_ENABLED
^
In file included from vm.c:352:
./vm_eval.c:97:5: warning: implicit declaration of function 'RUBY_DTRACE_CMETHOD_RETURN' is invalid in C99 [-Wimplicit-function-declaration]
./probes_helper.h:40:5: note: expanded from macro 'RUBY_DTRACE_CMETHOD_RETURN_HOOK'
    RUBY_DTRACE_METHOD_HOOK(CMETHOD_RETURN, ec, klass, id)
    ^
./probes_helper.h:22:6: note: expanded from macro 'RUBY_DTRACE_METHOD_HOOK'
            RUBY_DTRACE_##name(args.classname, \
            ^
<scratch space>:100:1: note: expanded from here
RUBY_DTRACE_CMETHOD_RETURN
^
vm.c:597:5: warning: implicit declaration of function 'RUBY_DTRACE_CMETHOD_RETURN_ENABLED' is invalid in C99 [-Wimplicit-function-declaration]
    RUBY_DTRACE_CMETHOD_RETURN_HOOK(ec, me->owner, me->def->original_id);
    ^
./probes_helper.h:40:5: note: expanded from macro 'RUBY_DTRACE_CMETHOD_RETURN_HOOK'
    RUBY_DTRACE_METHOD_HOOK(CMETHOD_RETURN, ec, klass, id)
    ^
./probes_helper.h:19:18: note: expanded from macro 'RUBY_DTRACE_METHOD_HOOK'
    if (UNLIKELY(RUBY_DTRACE_##name##_ENABLED())) { \
                 ^
<scratch space>:143:1: note: expanded from here
RUBY_DTRACE_CMETHOD_RETURN_ENABLED
^
vm.c:597:5: warning: implicit declaration of function 'RUBY_DTRACE_CMETHOD_RETURN' is invalid in C99 [-Wimplicit-function-declaration]
./probes_helper.h:40:5: note: expanded from macro 'RUBY_DTRACE_CMETHOD_RETURN_HOOK'
    RUBY_DTRACE_METHOD_HOOK(CMETHOD_RETURN, ec, klass, id)
    ^
./probes_helper.h:22:6: note: expanded from macro 'RUBY_DTRACE_METHOD_HOOK'
            RUBY_DTRACE_##name(args.classname, \
            ^
<scratch space>:144:1: note: expanded from here
RUBY_DTRACE_CMETHOD_RETURN
^
vm.c:1065:5: warning: implicit declaration of function 'RUBY_DTRACE_METHOD_ENTRY_ENABLED' is invalid in C99 [-Wimplicit-function-declaration]
    RUBY_DTRACE_METHOD_ENTRY_HOOK(ec, me->owner, me->def->original_id);
    ^
./probes_helper.h:31:5: note: expanded from macro 'RUBY_DTRACE_METHOD_ENTRY_HOOK'
    RUBY_DTRACE_METHOD_HOOK(METHOD_ENTRY, ec, klass, id)
    ^
./probes_helper.h:19:18: note: expanded from macro 'RUBY_DTRACE_METHOD_HOOK'
    if (UNLIKELY(RUBY_DTRACE_##name##_ENABLED())) { \
                 ^
<scratch space>:28:1: note: expanded from here
RUBY_DTRACE_METHOD_ENTRY_ENABLED
^
vm.c:1065:5: warning: implicit declaration of function 'RUBY_DTRACE_METHOD_ENTRY' is invalid in C99 [-Wimplicit-function-declaration]
./probes_helper.h:31:5: note: expanded from macro 'RUBY_DTRACE_METHOD_ENTRY_HOOK'
    RUBY_DTRACE_METHOD_HOOK(METHOD_ENTRY, ec, klass, id)
    ^
./probes_helper.h:22:6: note: expanded from macro 'RUBY_DTRACE_METHOD_HOOK'
            RUBY_DTRACE_##name(args.classname, \
            ^
<scratch space>:29:1: note: expanded from here
RUBY_DTRACE_METHOD_ENTRY
^
vm.c:1082:5: warning: implicit declaration of function 'RUBY_DTRACE_METHOD_RETURN_ENABLED' is invalid in C99 [-Wimplicit-function-declaration]
    RUBY_DTRACE_METHOD_RETURN_HOOK(ec, me->owner, me->def->original_id);
    ^
./probes_helper.h:34:5: note: expanded from macro 'RUBY_DTRACE_METHOD_RETURN_HOOK'
    RUBY_DTRACE_METHOD_HOOK(METHOD_RETURN, ec, klass, id)
    ^
./probes_helper.h:19:18: note: expanded from macro 'RUBY_DTRACE_METHOD_HOOK'
    if (UNLIKELY(RUBY_DTRACE_##name##_ENABLED())) { \
                 ^
<scratch space>:31:1: note: expanded from here
RUBY_DTRACE_METHOD_RETURN_ENABLED
^
vm.c:1082:5: warning: implicit declaration of function 'RUBY_DTRACE_METHOD_RETURN' is invalid in C99 [-Wimplicit-function-declaration]
./probes_helper.h:34:5: note: expanded from macro 'RUBY_DTRACE_METHOD_RETURN_HOOK'
    RUBY_DTRACE_METHOD_HOOK(METHOD_RETURN, ec, klass, id)
    ^
./probes_helper.h:22:6: note: expanded from macro 'RUBY_DTRACE_METHOD_HOOK'
            RUBY_DTRACE_##name(args.classname, \
            ^
<scratch space>:32:1: note: expanded from here
RUBY_DTRACE_METHOD_RETURN
^
vm.c:1764:13: warning: implicit declaration of function 'RUBY_DTRACE_METHOD_RETURN_ENABLED' is invalid in C99 [-Wimplicit-function-declaration]
            RUBY_DTRACE_METHOD_RETURN_HOOK(ec, 0, 0);
            ^
./probes_helper.h:34:5: note: expanded from macro 'RUBY_DTRACE_METHOD_RETURN_HOOK'
    RUBY_DTRACE_METHOD_HOOK(METHOD_RETURN, ec, klass, id)
    ^
./probes_helper.h:19:18: note: expanded from macro 'RUBY_DTRACE_METHOD_HOOK'
    if (UNLIKELY(RUBY_DTRACE_##name##_ENABLED())) { \
                 ^
<scratch space>:148:1: note: expanded from here
RUBY_DTRACE_METHOD_RETURN_ENABLED
^
vm.c:1764:13: warning: implicit declaration of function 'RUBY_DTRACE_METHOD_RETURN' is invalid in C99 [-Wimplicit-function-declaration]
./probes_helper.h:34:5: note: expanded from macro 'RUBY_DTRACE_METHOD_RETURN_HOOK'
    RUBY_DTRACE_METHOD_HOOK(METHOD_RETURN, ec, klass, id)
    ^
./probes_helper.h:22:6: note: expanded from macro 'RUBY_DTRACE_METHOD_HOOK'
            RUBY_DTRACE_##name(args.classname, \
            ^
<scratch space>:149:1: note: expanded from here
RUBY_DTRACE_METHOD_RETURN
^
vm.c:1966:3: warning: implicit declaration of function 'RUBY_DTRACE_CMETHOD_RETURN_ENABLED' is invalid in C99 [-Wimplicit-function-declaration]
                RUBY_DTRACE_CMETHOD_RETURN_HOOK(ec,
                ^
./probes_helper.h:40:5: note: expanded from macro 'RUBY_DTRACE_CMETHOD_RETURN_HOOK'
    RUBY_DTRACE_METHOD_HOOK(CMETHOD_RETURN, ec, klass, id)
    ^
./probes_helper.h:19:18: note: expanded from macro 'RUBY_DTRACE_METHOD_HOOK'
    if (UNLIKELY(RUBY_DTRACE_##name##_ENABLED())) { \
                 ^
<scratch space>:151:1: note: expanded from here
RUBY_DTRACE_CMETHOD_RETURN_ENABLED
^
vm.c:1966:3: warning: implicit declaration of function 'RUBY_DTRACE_CMETHOD_RETURN' is invalid in C99 [-Wimplicit-function-declaration]
./probes_helper.h:40:5: note: expanded from macro 'RUBY_DTRACE_CMETHOD_RETURN_HOOK'
    RUBY_DTRACE_METHOD_HOOK(CMETHOD_RETURN, ec, klass, id)
    ^
./probes_helper.h:22:6: note: expanded from macro 'RUBY_DTRACE_METHOD_HOOK'
            RUBY_DTRACE_##name(args.classname, \
            ^
<scratch space>:152:1: note: expanded from here
RUBY_DTRACE_CMETHOD_RETURN
^
x86_64-linux-gnu-gcc -g -O2 -fdebug-prefix-map=/<<PKGBUILDDIR>>=. -fstack-protector-strong -Wformat -Werror=format-security -fPIC  -D_FORTIFY_SOURCE=2 -fstack-protector-strong -fno-strict-overflow -fvisibility=hidden -DRUBY_EXPORT -DCANONICALIZATION_FOR_MATHN -I. -I.ext/include/x86_64-linux-gnu -I./include -I. -I./enc/unicode/12.1.0 -Wdate-time -D_FORTIFY_SOURCE=2    -o vm_dump.o -c vm_dump.c
x86_64-linux-gnu-gcc -g -O2 -fdebug-prefix-map=/<<PKGBUILDDIR>>=. -fstack-protector-strong -Wformat -Werror=format-security -fPIC  -D_FORTIFY_SOURCE=2 -fstack-protector-strong -fno-strict-overflow -fvisibility=hidden -DRUBY_EXPORT -DCANONICALIZATION_FOR_MATHN -I. -I.ext/include/x86_64-linux-gnu -I./include -I. -I./enc/unicode/12.1.0 -Wdate-time -D_FORTIFY_SOURCE=2    -o vm_trace.o -c vm_trace.c
/bin/mkdir -p coroutine/amd64
rm -f probes.o
dtrace  -G -C -I. -I.ext/include/x86_64-linux-gnu -I./include -I. -I./enc/unicode/12.1.0 -s ./probes.d -o probes.o 
/bin/mkdir -p enc/trans .ext/.timestamp
x86_64-linux-gnu-gcc -g -O2 -fdebug-prefix-map=/<<PKGBUILDDIR>>=. -fstack-protector-strong -Wformat -Werror=format-security -fPIC  -D_FORTIFY_SOURCE=2 -fstack-protector-strong -fno-strict-overflow -fvisibility=hidden -DRUBY_EXPORT -DCANONICALIZATION_FOR_MATHN -I. -I.ext/include/x86_64-linux-gnu -I./include -I. -I./enc/unicode/12.1.0 -Wdate-time -D_FORTIFY_SOURCE=2    -o setproctitle.o -c ./missing/setproctitle.c
# 1 "./probes.d"
# 1 "<built-in>" 1
# 1 "<built-in>" 3
# 341 "<built-in>" 3
# 1 "<command line>" 1
# 1 "<built-in>" 2
# 1 "./probes.d" 2

# 1 "./vm_opts.h" 1
# 3 "./probes.d" 2

provider ruby {
# 15 "./probes.d"
  probe method__entry(const char *classname, const char *methodname, const char *filename, int lineno);






  probe method__return(const char *classname, const char *methodname, const char *filename, int lineno);







  probe cmethod__entry(const char *classname, const char *methodname, const char *filename, int lineno);






  probe cmethod__return(const char *classname, const char *methodname, const char *filename, int lineno);
# 49 "./probes.d"
  probe require__entry(const char *rquiredfile, const char *filename, int lineno);
# 58 "./probes.d"
  probe require__return(const char *requiredfile, const char *filename, int lineno);
# 72 "./probes.d"
  probe find__require__entry(const char *requiredfile, const char *filename, int lineno);
# 81 "./probes.d"
  probe find__require__return(const char *requiredfile, const char *filename, int lineno);







  probe load__entry(const char *loadedfile, const char *filename, int lineno);







  probe load__return(const char *loadedfile, const char *filename, int lineno);
# 108 "./probes.d"
  probe raise(const char *classname, const char *filename, int lineno);
# 119 "./probes.d"
  probe object__create(const char *classname, const char *filename, int lineno);
# 130 "./probes.d"
  probe array__create(long length, const char *filename, int lineno);
# 141 "./probes.d"
  probe hash__create(long length, const char *filename, int lineno);
# 152 "./probes.d"
  probe string__create(long length, const char *filename, int lineno);
# 163 "./probes.d"
  probe symbol__create(const char *str, const char *filename, int lineno);
# 173 "./probes.d"
  probe parse__begin(const char *sourcefile, int lineno);
# 183 "./probes.d"
  probe parse__end(const char *sourcefile, int lineno);
# 195 "./probes.d"
  probe gc__mark__begin();






  probe gc__mark__end();






  probe gc__sweep__begin();






  probe gc__sweep__end();
# 227 "./probes.d"
  probe method__cache__clear(const char *class, const char *filename, int lineno);
};

#pragma D attributes Stable/Evolving/Common provider ruby provider
#pragma D attributes Stable/Evolving/Common provider ruby module
#pragma D attributes Stable/Evolving/Common provider ruby function
#pragma D attributes Evolving/Evolving/Common provider ruby name
#pragma D attributes Evolving/Evolving/Common provider ruby args
# 234 "./probes.d"

# 1 "/tmp/tmpou96no0x.d"
# 1 "<built-in>" 1
# 1 "<built-in>" 3
# 341 "<built-in>" 3
# 1 "<command line>" 1
# 1 "<built-in>" 2
# 1 "/tmp/tmpou96no0x.d" 2

x86_64-linux-gnu-gcc -g -O2 -fdebug-prefix-map=/<<PKGBUILDDIR>>=. -fstack-protector-strong -Wformat -Werror=format-security -fPIC  -D_FORTIFY_SOURCE=2 -fstack-protector-strong -fno-strict-overflow -fvisibility=hidden -DRUBY_EXPORT -DCANONICALIZATION_FOR_MATHN -I. -I.ext/include/x86_64-linux-gnu -I./include -I. -I./enc/unicode/12.1.0 -Wdate-time -D_FORTIFY_SOURCE=2    -o strlcat.o -c ./missing/strlcat.c
x86_64-linux-gnu-gcc -g -O2 -fdebug-prefix-map=/<<PKGBUILDDIR>>=. -fstack-protector-strong -Wformat -Werror=format-security -fPIC  -D_FORTIFY_SOURCE=2 -fstack-protector-strong -fno-strict-overflow -fvisibility=hidden -DRUBY_EXPORT -DCANONICALIZATION_FOR_MATHN -I. -I.ext/include/x86_64-linux-gnu -I./include -I. -I./enc/unicode/12.1.0 -Wdate-time -D_FORTIFY_SOURCE=2    -o strlcpy.o -c ./missing/strlcpy.c
x86_64-linux-gnu-gcc -g -O2 -fdebug-prefix-map=/<<PKGBUILDDIR>>=. -fstack-protector-strong -Wformat -Werror=format-security -fPIC  -D_FORTIFY_SOURCE=2 -fstack-protector-strong -fno-strict-overflow -fvisibility=hidden -DRUBY_EXPORT -DCANONICALIZATION_FOR_MATHN -I. -I.ext/include/x86_64-linux-gnu -I./include -I. -I./enc/unicode/12.1.0 -Wdate-time -D_FORTIFY_SOURCE=2    -o addr2line.o -c addr2line.c
x86_64-linux-gnu-gcc -g -O2 -fdebug-prefix-map=/<<PKGBUILDDIR>>=. -fstack-protector-strong -Wformat -Werror=format-security -fPIC  -D_FORTIFY_SOURCE=2 -fstack-protector-strong -fno-strict-overflow -fvisibility=hidden -DRUBY_EXPORT -DCANONICALIZATION_FOR_MATHN -I. -I.ext/include/x86_64-linux-gnu -I./include -I. -I./enc/unicode/12.1.0 -Wdate-time -D_FORTIFY_SOURCE=2    -o dmyenc.o -c dmyenc.c
x86_64-linux-gnu-gcc -g -O2 -fdebug-prefix-map=/<<PKGBUILDDIR>>=. -fstack-protector-strong -Wformat -Werror=format-security -fPIC  -D_FORTIFY_SOURCE=2 -fstack-protector-strong -fno-strict-overflow -fvisibility=hidden -DRUBY_EXPORT -DCANONICALIZATION_FOR_MATHN -I. -I.ext/include/x86_64-linux-gnu -I./include -I. -I./enc/unicode/12.1.0 -Wdate-time -D_FORTIFY_SOURCE=2    -o dln.o -c dln.c
x86_64-linux-gnu-gcc -g -O2 -fdebug-prefix-map=/<<PKGBUILDDIR>>=. -fstack-protector-strong -Wformat -Werror=format-security -fPIC  -D_FORTIFY_SOURCE=2 -fstack-protector-strong -fno-strict-overflow -fvisibility=hidden -DRUBY_EXPORT -DCANONICALIZATION_FOR_MATHN -I. -I.ext/include/x86_64-linux-gnu -I./include -I. -I./enc/unicode/12.1.0 -Wdate-time -D_FORTIFY_SOURCE=2    -o localeinit.o -c localeinit.c
/bin/mkdir -p .ext/.timestamp/x86_64-linux-gnu .ext/x86_64-linux-gnu
/bin/mkdir -p .ext/.timestamp .ext/common
x86_64-linux-gnu-gcc -g -O2 -fdebug-prefix-map=/<<PKGBUILDDIR>>=. -fstack-protector-strong -Wformat -Werror=format-security -fPIC  -D_FORTIFY_SOURCE=2 -fstack-protector-strong -fno-strict-overflow -fvisibility=hidden -DRUBY_EXPORT -DCANONICALIZATION_FOR_MATHN -I. -I.ext/include/x86_64-linux-gnu -I./include -I. -I./enc/unicode/12.1.0 -Wdate-time -D_FORTIFY_SOURCE=2    -o array.o -c array.c
x86_64-linux-gnu-gcc -g -O2 -fdebug-prefix-map=/<<PKGBUILDDIR>>=. -fstack-protector-strong -Wformat -Werror=format-security -fPIC  -D_FORTIFY_SOURCE=2 -fstack-protector-strong -fno-strict-overflow -fvisibility=hidden -DRUBY_EXPORT -DCANONICALIZATION_FOR_MATHN -I. -I.ext/include/x86_64-linux-gnu -I./include -I. -I./enc/unicode/12.1.0 -Wdate-time -D_FORTIFY_SOURCE=2    -o mjit.o -c mjit.c
array.c:290:17: warning: expression result unused [-Wunused-value]
                RB_OBJ_WRITE(buff_owner_ary, &ptr[i+beg], argv[i]);
                ^~~~~~~~~~~~~~~~~~~~~~~~~~~~~~~~~~~~~~~~~~~~~~~~~~
./internal.h:2694:34: note: expanded from macro 'RB_OBJ_WRITE'
#define RB_OBJ_WRITE(a, slot, b) UNALIGNED_MEMBER_ACCESS(rb_obj_write((VALUE)(a), (VALUE *)(slot), (VALUE)(b), __FILE__, __LINE__))
                                 ^~~~~~~~~~~~~~~~~~~~~~~~~~~~~~~~~~~~~~~~~~~~~~~~~~~~~~~~~~~~~~~~~~~~~~~~~~~~~~~~~~~~~~~~~~~~~~~~~~
./internal.h:2686:5: note: expanded from macro 'UNALIGNED_MEMBER_ACCESS'
    unaligned_member_access_result; \
    ^~~~~~~~~~~~~~~~~~~~~~~~~~~~~~
./include/ruby/ruby.h:1087:5: note: expanded from macro 'RARRAY_PTR_USE_TRANSIENT'
    expr; \
    ^~~~
array.c:686:5: warning: implicit declaration of function 'RUBY_DTRACE_ARRAY_CREATE_ENABLED' is invalid in C99 [-Wimplicit-function-declaration]
    RUBY_DTRACE_CREATE_HOOK(ARRAY, 0);
    ^
./internal.h:2591:5: note: expanded from macro 'RUBY_DTRACE_CREATE_HOOK'
    RUBY_DTRACE_HOOK(name##_CREATE, arg)
    ^
./internal.h:2594:18: note: expanded from macro 'RUBY_DTRACE_HOOK'
    if (UNLIKELY(RUBY_DTRACE_##name##_ENABLED())) { \
                 ^
<scratch space>:193:1: note: expanded from here
RUBY_DTRACE_ARRAY_CREATE_ENABLED
^
array.c:686:5: warning: implicit declaration of function 'RUBY_DTRACE_ARRAY_CREATE' is invalid in C99 [-Wimplicit-function-declaration]
./internal.h:2591:5: note: expanded from macro 'RUBY_DTRACE_CREATE_HOOK'
    RUBY_DTRACE_HOOK(name##_CREATE, arg)
    ^
./internal.h:2598:2: note: expanded from macro 'RUBY_DTRACE_HOOK'
        RUBY_DTRACE_##name(arg, dtrace_file, dtrace_line); \
        ^
<scratch space>:194:1: note: expanded from here
RUBY_DTRACE_ARRAY_CREATE
^
array.c:702:5: warning: implicit declaration of function 'RUBY_DTRACE_ARRAY_CREATE_ENABLED' is invalid in C99 [-Wimplicit-function-declaration]
    RUBY_DTRACE_CREATE_HOOK(ARRAY, capa);
    ^
./internal.h:2591:5: note: expanded from macro 'RUBY_DTRACE_CREATE_HOOK'
    RUBY_DTRACE_HOOK(name##_CREATE, arg)
    ^
./internal.h:2594:18: note: expanded from macro 'RUBY_DTRACE_HOOK'
    if (UNLIKELY(RUBY_DTRACE_##name##_ENABLED())) { \
                 ^
<scratch space>:197:1: note: expanded from here
RUBY_DTRACE_ARRAY_CREATE_ENABLED
^
array.c:702:5: warning: implicit declaration of function 'RUBY_DTRACE_ARRAY_CREATE' is invalid in C99 [-Wimplicit-function-declaration]
./internal.h:2591:5: note: expanded from macro 'RUBY_DTRACE_CREATE_HOOK'
    RUBY_DTRACE_HOOK(name##_CREATE, arg)
    ^
./internal.h:2598:2: note: expanded from macro 'RUBY_DTRACE_HOOK'
        RUBY_DTRACE_##name(arg, dtrace_file, dtrace_line); \
        ^
<scratch space>:198:1: note: expanded from here
RUBY_DTRACE_ARRAY_CREATE
^
array.c:1200:2: warning: expression result unused [-Wunused-value]
        RB_OBJ_WRITE(target_ary, &ptr[idx], item);
        ^~~~~~~~~~~~~~~~~~~~~~~~~~~~~~~~~~~~~~~~~
./internal.h:2694:34: note: expanded from macro 'RB_OBJ_WRITE'
#define RB_OBJ_WRITE(a, slot, b) UNALIGNED_MEMBER_ACCESS(rb_obj_write((VALUE)(a), (VALUE *)(slot), (VALUE)(b), __FILE__, __LINE__))
                                 ^~~~~~~~~~~~~~~~~~~~~~~~~~~~~~~~~~~~~~~~~~~~~~~~~~~~~~~~~~~~~~~~~~~~~~~~~~~~~~~~~~~~~~~~~~~~~~~~~~
./internal.h:2686:5: note: expanded from macro 'UNALIGNED_MEMBER_ACCESS'
    unaligned_member_access_result; \
    ^~~~~~~~~~~~~~~~~~~~~~~~~~~~~~
./include/ruby/ruby.h:1087:5: note: expanded from macro 'RARRAY_PTR_USE_TRANSIENT'
    expr; \
    ^~~~
./tool/ifchange "--timestamp=.revision.time" "./revision.h" revision.tmp
./revision.h unchanged
x86_64-linux-gnu-gcc -I. -I.ext/include/x86_64-linux-gnu -I./include -I. -I./enc/unicode/12.1.0 -DSYMBOL_PREFIX= -o coroutine/amd64/Context.o -c coroutine/amd64/Context.S
x86_64-linux-gnu-gcc -g -O2 -fdebug-prefix-map=/<<PKGBUILDDIR>>=. -fstack-protector-strong -Wformat -Werror=format-security -fPIC  -D_FORTIFY_SOURCE=2 -fstack-protector-strong -fno-strict-overflow -fvisibility=hidden -DRUBY_EXPORT -DCANONICALIZATION_FOR_MATHN -I. -I.ext/include/x86_64-linux-gnu -I./include -I. -I./enc/unicode/12.1.0 -Wdate-time -D_FORTIFY_SOURCE=2    -o enc/ascii.o -c enc/ascii.c
x86_64-linux-gnu-gcc -g -O2 -fdebug-prefix-map=/<<PKGBUILDDIR>>=. -fstack-protector-strong -Wformat -Werror=format-security -fPIC  -D_FORTIFY_SOURCE=2 -fstack-protector-strong -fno-strict-overflow -fvisibility=hidden -DRUBY_EXPORT -DCANONICALIZATION_FOR_MATHN -I. -I.ext/include/x86_64-linux-gnu -I./include -I. -I./enc/unicode/12.1.0 -Wdate-time -D_FORTIFY_SOURCE=2    -o enc/us_ascii.o -c enc/us_ascii.c
x86_64-linux-gnu-gcc -g -O2 -fdebug-prefix-map=/<<PKGBUILDDIR>>=. -fstack-protector-strong -Wformat -Werror=format-security -fPIC  -D_FORTIFY_SOURCE=2 -fstack-protector-strong -fno-strict-overflow -fvisibility=hidden -DRUBY_EXPORT -DCANONICALIZATION_FOR_MATHN -I. -I.ext/include/x86_64-linux-gnu -I./include -I. -I./enc/unicode/12.1.0 -Wdate-time -D_FORTIFY_SOURCE=2    -o enc/unicode.o -c enc/unicode.c
x86_64-linux-gnu-gcc -g -O2 -fdebug-prefix-map=/<<PKGBUILDDIR>>=. -fstack-protector-strong -Wformat -Werror=format-security -fPIC  -D_FORTIFY_SOURCE=2 -fstack-protector-strong -fno-strict-overflow -fvisibility=hidden -DRUBY_EXPORT -DCANONICALIZATION_FOR_MATHN -I. -I.ext/include/x86_64-linux-gnu -I./include -I. -I./enc/unicode/12.1.0 -Wdate-time -D_FORTIFY_SOURCE=2    -o enc/utf_8.o -c enc/utf_8.c
x86_64-linux-gnu-gcc -g -O2 -fdebug-prefix-map=/<<PKGBUILDDIR>>=. -fstack-protector-strong -Wformat -Werror=format-security -fPIC  -D_FORTIFY_SOURCE=2 -fstack-protector-strong -fno-strict-overflow -fvisibility=hidden -DRUBY_EXPORT -DCANONICALIZATION_FOR_MATHN -I. -I.ext/include/x86_64-linux-gnu -I./include -I. -I./enc/unicode/12.1.0 -Wdate-time -D_FORTIFY_SOURCE=2    -o enc/trans/newline.o -c enc/trans/newline.c
# rm -f revision.h
# : > revision.h || : > revision.h
x86_64-linux-gnu-gcc -g -O2 -fdebug-prefix-map=/<<PKGBUILDDIR>>=. -fstack-protector-strong -Wformat -Werror=format-security -fPIC  -D_FORTIFY_SOURCE=2 -fstack-protector-strong -fno-strict-overflow -fvisibility=hidden -DRUBY_EXPORT -DCANONICALIZATION_FOR_MATHN -I. -I.ext/include/x86_64-linux-gnu -I./include -I. -I./enc/unicode/12.1.0 -Wdate-time -D_FORTIFY_SOURCE=2    -o version.o -c version.c
6 warnings generated.
34 warnings generated.
x86_64-linux-gnu-gcc -E -DMJIT_HEADER -P -dD -g -O2 -fdebug-prefix-map=/<<PKGBUILDDIR>>=. -fstack-protector-strong -Wformat -Werror=format-security -fPIC  -D_FORTIFY_SOURCE=2 -fstack-protector-strong -fno-strict-overflow -fvisibility=hidden -DRUBY_EXPORT -DCANONICALIZATION_FOR_MATHN -I. -I.ext/include/x86_64-linux-gnu -I./include -I. -I./enc/unicode/12.1.0 -Wdate-time -D_FORTIFY_SOURCE=2    ./vm.c -o rb_mjit_header.h.new
x86_64-linux-gnu-gcc -g -O2 -fdebug-prefix-map=/<<PKGBUILDDIR>>=. -fstack-protector-strong -Wformat -Werror=format-security -fPIC  -L. -Wl,-z,relro -Wl,-z,now -fstack-protector-strong -rdynamic -Wl,-export-dynamic -fstack-protector-strong  main.o dmydln.o miniinit.o dmyext.o array.o ast.o bignum.o class.o compar.o compile.o complex.o cont.o debug.o debug_counter.o dir.o dln_find.o encoding.o enum.o enumerator.o error.o eval.o file.o gc.o hash.o inits.o io.o iseq.o load.o marshal.o math.o mjit.o mjit_compile.o node.o numeric.o object.o pack.o parse.o proc.o process.o random.o range.o rational.o re.o regcomp.o regenc.o regerror.o regexec.o regparse.o regsyntax.o ruby.o safe.o signal.o sprintf.o st.o strftime.o string.o struct.o symbol.o thread.o time.o transcode.o transient_heap.o util.o variable.o version.o vm.o vm_backtrace.o vm_dump.o vm_trace.o coroutine/amd64/Context.o probes.o enc/ascii.o enc/us_ascii.o enc/unicode.o enc/utf_8.o enc/trans/newline.o setproctitle.o strlcat.o strlcpy.o addr2line.o  -lpthread -lrt -lrt -lgmp -ldl -lcrypt -lm  -lm   -o miniruby
/usr/bin/x86_64-linux-gnu-ld: array.o: in function `ary_new':
./array.c:702: undefined reference to `RUBY_DTRACE_ARRAY_CREATE_ENABLED'
/usr/bin/x86_64-linux-gnu-ld: ./array.c:702: undefined reference to `RUBY_DTRACE_ARRAY_CREATE'
/usr/bin/x86_64-linux-gnu-ld: ./array.c:702: undefined reference to `RUBY_DTRACE_ARRAY_CREATE_ENABLED'
/usr/bin/x86_64-linux-gnu-ld: ./array.c:702: undefined reference to `RUBY_DTRACE_ARRAY_CREATE'
/usr/bin/x86_64-linux-gnu-ld: ./array.c:702: undefined reference to `RUBY_DTRACE_ARRAY_CREATE_ENABLED'
/usr/bin/x86_64-linux-gnu-ld: ./array.c:702: undefined reference to `RUBY_DTRACE_ARRAY_CREATE'
/usr/bin/x86_64-linux-gnu-ld: ./array.c:702: undefined reference to `RUBY_DTRACE_ARRAY_CREATE_ENABLED'
/usr/bin/x86_64-linux-gnu-ld: ./array.c:702: undefined reference to `RUBY_DTRACE_ARRAY_CREATE'
/usr/bin/x86_64-linux-gnu-ld: ./array.c:702: undefined reference to `RUBY_DTRACE_ARRAY_CREATE_ENABLED'
/usr/bin/x86_64-linux-gnu-ld: ./array.c:702: undefined reference to `RUBY_DTRACE_ARRAY_CREATE'
/usr/bin/x86_64-linux-gnu-ld: array.o: in function `empty_ary_alloc':
./array.c:686: undefined reference to `RUBY_DTRACE_ARRAY_CREATE_ENABLED'
/usr/bin/x86_64-linux-gnu-ld: ./array.c:686: undefined reference to `RUBY_DTRACE_ARRAY_CREATE'
/usr/bin/x86_64-linux-gnu-ld: array.o: in function `ary_new':
./array.c:702: undefined reference to `RUBY_DTRACE_ARRAY_CREATE_ENABLED'
/usr/bin/x86_64-linux-gnu-ld: ./array.c:702: undefined reference to `RUBY_DTRACE_ARRAY_CREATE'
/usr/bin/x86_64-linux-gnu-ld: ./array.c:702: undefined reference to `RUBY_DTRACE_ARRAY_CREATE_ENABLED'
/usr/bin/x86_64-linux-gnu-ld: ./array.c:702: undefined reference to `RUBY_DTRACE_ARRAY_CREATE'
/usr/bin/x86_64-linux-gnu-ld: ./array.c:702: undefined reference to `RUBY_DTRACE_ARRAY_CREATE_ENABLED'
/usr/bin/x86_64-linux-gnu-ld: ./array.c:702: undefined reference to `RUBY_DTRACE_ARRAY_CREATE'
/usr/bin/x86_64-linux-gnu-ld: ./array.c:702: undefined reference to `RUBY_DTRACE_ARRAY_CREATE_ENABLED'
/usr/bin/x86_64-linux-gnu-ld: ./array.c:702: undefined reference to `RUBY_DTRACE_ARRAY_CREATE'
/usr/bin/x86_64-linux-gnu-ld: ./array.c:702: undefined reference to `RUBY_DTRACE_ARRAY_CREATE_ENABLED'
/usr/bin/x86_64-linux-gnu-ld: ./array.c:702: undefined reference to `RUBY_DTRACE_ARRAY_CREATE'
/usr/bin/x86_64-linux-gnu-ld: ./array.c:702: undefined reference to `RUBY_DTRACE_ARRAY_CREATE_ENABLED'
/usr/bin/x86_64-linux-gnu-ld: ./array.c:702: undefined reference to `RUBY_DTRACE_ARRAY_CREATE'
/usr/bin/x86_64-linux-gnu-ld: ./array.c:702: undefined reference to `RUBY_DTRACE_ARRAY_CREATE_ENABLED'
/usr/bin/x86_64-linux-gnu-ld: ./array.c:702: undefined reference to `RUBY_DTRACE_ARRAY_CREATE'
/usr/bin/x86_64-linux-gnu-ld: ./array.c:702: undefined reference to `RUBY_DTRACE_ARRAY_CREATE_ENABLED'
/usr/bin/x86_64-linux-gnu-ld: ./array.c:702: undefined reference to `RUBY_DTRACE_ARRAY_CREATE'
/usr/bin/x86_64-linux-gnu-ld: array.o: in function `rb_ary_sample':
./array.c:(.text+0xcf41): undefined reference to `RUBY_DTRACE_ARRAY_CREATE_ENABLED'
/usr/bin/x86_64-linux-gnu-ld: array.o: in function `ary_new':
./array.c:702: undefined reference to `RUBY_DTRACE_ARRAY_CREATE_ENABLED'
/usr/bin/x86_64-linux-gnu-ld: ./array.c:702: undefined reference to `RUBY_DTRACE_ARRAY_CREATE_ENABLED'
/usr/bin/x86_64-linux-gnu-ld: ./array.c:702: undefined reference to `RUBY_DTRACE_ARRAY_CREATE_ENABLED'
/usr/bin/x86_64-linux-gnu-ld: array.o: in function `rb_ary_sample':
./array.c:(.text+0xd821): undefined reference to `RUBY_DTRACE_ARRAY_CREATE'
/usr/bin/x86_64-linux-gnu-ld: array.o: in function `ary_new':
./array.c:702: undefined reference to `RUBY_DTRACE_ARRAY_CREATE'
/usr/bin/x86_64-linux-gnu-ld: ./array.c:702: undefined reference to `RUBY_DTRACE_ARRAY_CREATE'
/usr/bin/x86_64-linux-gnu-ld: ./array.c:702: undefined reference to `RUBY_DTRACE_ARRAY_CREATE'
/usr/bin/x86_64-linux-gnu-ld: ./array.c:702: undefined reference to `RUBY_DTRACE_ARRAY_CREATE_ENABLED'
/usr/bin/x86_64-linux-gnu-ld: ./array.c:702: undefined reference to `RUBY_DTRACE_ARRAY_CREATE'
/usr/bin/x86_64-linux-gnu-ld: ./array.c:702: undefined reference to `RUBY_DTRACE_ARRAY_CREATE_ENABLED'
/usr/bin/x86_64-linux-gnu-ld: ./array.c:702: undefined reference to `RUBY_DTRACE_ARRAY_CREATE'
/usr/bin/x86_64-linux-gnu-ld: ./array.c:702: undefined reference to `RUBY_DTRACE_ARRAY_CREATE_ENABLED'
/usr/bin/x86_64-linux-gnu-ld: ./array.c:702: undefined reference to `RUBY_DTRACE_ARRAY_CREATE'
/usr/bin/x86_64-linux-gnu-ld: ./array.c:702: undefined reference to `RUBY_DTRACE_ARRAY_CREATE_ENABLED'
/usr/bin/x86_64-linux-gnu-ld: ./array.c:702: undefined reference to `RUBY_DTRACE_ARRAY_CREATE'
/usr/bin/x86_64-linux-gnu-ld: ./array.c:702: undefined reference to `RUBY_DTRACE_ARRAY_CREATE_ENABLED'
/usr/bin/x86_64-linux-gnu-ld: ./array.c:702: undefined reference to `RUBY_DTRACE_ARRAY_CREATE'
/usr/bin/x86_64-linux-gnu-ld: ./array.c:702: undefined reference to `RUBY_DTRACE_ARRAY_CREATE_ENABLED'
/usr/bin/x86_64-linux-gnu-ld: ./array.c:702: undefined reference to `RUBY_DTRACE_ARRAY_CREATE'
/usr/bin/x86_64-linux-gnu-ld: ./array.c:702: undefined reference to `RUBY_DTRACE_ARRAY_CREATE_ENABLED'
/usr/bin/x86_64-linux-gnu-ld: ./array.c:702: undefined reference to `RUBY_DTRACE_ARRAY_CREATE'
/usr/bin/x86_64-linux-gnu-ld: ./array.c:702: undefined reference to `RUBY_DTRACE_ARRAY_CREATE_ENABLED'
/usr/bin/x86_64-linux-gnu-ld: ./array.c:702: undefined reference to `RUBY_DTRACE_ARRAY_CREATE'
/usr/bin/x86_64-linux-gnu-ld: ./array.c:702: undefined reference to `RUBY_DTRACE_ARRAY_CREATE_ENABLED'
/usr/bin/x86_64-linux-gnu-ld: ./array.c:702: undefined reference to `RUBY_DTRACE_ARRAY_CREATE'
/usr/bin/x86_64-linux-gnu-ld: ./array.c:702: undefined reference to `RUBY_DTRACE_ARRAY_CREATE_ENABLED'
/usr/bin/x86_64-linux-gnu-ld: ./array.c:702: undefined reference to `RUBY_DTRACE_ARRAY_CREATE'
./tool/ifchange "--timestamp=.ext/.timestamp/rb_mjit_header.time" rb_mjit_header.h rb_mjit_header.h.new
rb_mjit_header.h updated
/usr/bin/x86_64-linux-gnu-ld: eval.o: in function `setup_exception':
./eval.c:632: undefined reference to `RUBY_DTRACE_RAISE_ENABLED'
/usr/bin/x86_64-linux-gnu-ld: ./eval.c:632: undefined reference to `RUBY_DTRACE_RAISE'
/usr/bin/x86_64-linux-gnu-ld: gc.o: in function `gc_prof_mark_timer_start':
./gc.c:10903: undefined reference to `RUBY_DTRACE_GC_MARK_BEGIN_ENABLED'
/usr/bin/x86_64-linux-gnu-ld: ./gc.c:10903: undefined reference to `RUBY_DTRACE_GC_MARK_BEGIN'
/usr/bin/x86_64-linux-gnu-ld: gc.o: in function `gc_prof_mark_timer_stop':
./gc.c:10914: undefined reference to `RUBY_DTRACE_GC_MARK_END_ENABLED'
/usr/bin/x86_64-linux-gnu-ld: ./gc.c:10914: undefined reference to `RUBY_DTRACE_GC_MARK_END'
/usr/bin/x86_64-linux-gnu-ld: gc.o: in function `gc_prof_sweep_timer_start':
./gc.c:10926: undefined reference to `RUBY_DTRACE_GC_SWEEP_BEGIN_ENABLED'
/usr/bin/x86_64-linux-gnu-ld: ./gc.c:10926: undefined reference to `RUBY_DTRACE_GC_SWEEP_BEGIN'
/usr/bin/x86_64-linux-gnu-ld: gc.o: in function `gc_prof_sweep_timer_stop':
./gc.c:10939: undefined reference to `RUBY_DTRACE_GC_SWEEP_END_ENABLED'
/usr/bin/x86_64-linux-gnu-ld: ./gc.c:10939: undefined reference to `RUBY_DTRACE_GC_SWEEP_END'
/usr/bin/x86_64-linux-gnu-ld: hash.o: in function `empty_hash_alloc':
./hash.c:1533: undefined reference to `RUBY_DTRACE_HASH_CREATE_ENABLED'
/usr/bin/x86_64-linux-gnu-ld: ./hash.c:1533: undefined reference to `RUBY_DTRACE_HASH_CREATE'
/usr/bin/x86_64-linux-gnu-ld: load.o: in function `require_internal':
./load.c:992: undefined reference to `RUBY_DTRACE_REQUIRE_ENTRY_ENABLED'
/usr/bin/x86_64-linux-gnu-ld: ./load.c:1001: undefined reference to `RUBY_DTRACE_FIND_REQUIRE_ENTRY_ENABLED'
/usr/bin/x86_64-linux-gnu-ld: ./load.c:1003: undefined reference to `RUBY_DTRACE_FIND_REQUIRE_RETURN_ENABLED'
/usr/bin/x86_64-linux-gnu-ld: ./load.c:1060: undefined reference to `RUBY_DTRACE_REQUIRE_RETURN_ENABLED'
/usr/bin/x86_64-linux-gnu-ld: ./load.c:992: undefined reference to `RUBY_DTRACE_REQUIRE_ENTRY'
/usr/bin/x86_64-linux-gnu-ld: ./load.c:1001: undefined reference to `RUBY_DTRACE_FIND_REQUIRE_ENTRY'
/usr/bin/x86_64-linux-gnu-ld: ./load.c:1003: undefined reference to `RUBY_DTRACE_FIND_REQUIRE_RETURN'
/usr/bin/x86_64-linux-gnu-ld: ./load.c:1060: undefined reference to `RUBY_DTRACE_REQUIRE_RETURN'
/usr/bin/x86_64-linux-gnu-ld: load.o: in function `rb_f_load':
./load.c:693: undefined reference to `RUBY_DTRACE_LOAD_ENTRY_ENABLED'
/usr/bin/x86_64-linux-gnu-ld: ./load.c:703: undefined reference to `RUBY_DTRACE_LOAD_RETURN_ENABLED'
/usr/bin/x86_64-linux-gnu-ld: ./load.c:693: undefined reference to `RUBY_DTRACE_LOAD_ENTRY'
/usr/bin/x86_64-linux-gnu-ld: ./load.c:703: undefined reference to `RUBY_DTRACE_LOAD_RETURN'
/usr/bin/x86_64-linux-gnu-ld: object.o: in function `class_call_alloc_func':
./object.c:2097: undefined reference to `RUBY_DTRACE_OBJECT_CREATE_ENABLED'
/usr/bin/x86_64-linux-gnu-ld: ./object.c:2097: undefined reference to `RUBY_DTRACE_OBJECT_CREATE'
/usr/bin/x86_64-linux-gnu-ld: parse.o: in function `yycompile0':
./parse.y:5959: undefined reference to `RUBY_DTRACE_PARSE_BEGIN_ENABLED'
/usr/bin/x86_64-linux-gnu-ld: ./parse.y:5959: undefined reference to `RUBY_DTRACE_PARSE_BEGIN'
/usr/bin/x86_64-linux-gnu-ld: ./parse.y:5961: undefined reference to `RUBY_DTRACE_PARSE_END_ENABLED'
/usr/bin/x86_64-linux-gnu-ld: ./parse.y:5961: undefined reference to `RUBY_DTRACE_PARSE_END'
/usr/bin/x86_64-linux-gnu-ld: string.o: in function `str_new0':
./string.c:748: undefined reference to `RUBY_DTRACE_STRING_CREATE_ENABLED'
/usr/bin/x86_64-linux-gnu-ld: ./string.c:748: undefined reference to `RUBY_DTRACE_STRING_CREATE'
/usr/bin/x86_64-linux-gnu-ld: string.o: in function `str_new_static':
./string.c:859: undefined reference to `RUBY_DTRACE_STRING_CREATE_ENABLED'
/usr/bin/x86_64-linux-gnu-ld: ./string.c:859: undefined reference to `RUBY_DTRACE_STRING_CREATE'
/usr/bin/x86_64-linux-gnu-ld: string.o: in function `rb_str_resurrect':
./string.c:1524: undefined reference to `RUBY_DTRACE_STRING_CREATE_ENABLED'
/usr/bin/x86_64-linux-gnu-ld: ./string.c:1524: undefined reference to `RUBY_DTRACE_STRING_CREATE'
/usr/bin/x86_64-linux-gnu-ld: ./string.c:1524: undefined reference to `RUBY_DTRACE_STRING_CREATE_ENABLED'
/usr/bin/x86_64-linux-gnu-ld: string.o: in function `str_new0':
./string.c:748: undefined reference to `RUBY_DTRACE_STRING_CREATE_ENABLED'
/usr/bin/x86_64-linux-gnu-ld: string.o: in function `rb_str_resurrect':
./string.c:1524: undefined reference to `RUBY_DTRACE_STRING_CREATE_ENABLED'
/usr/bin/x86_64-linux-gnu-ld: ./string.c:1524: undefined reference to `RUBY_DTRACE_STRING_CREATE'
/usr/bin/x86_64-linux-gnu-ld: string.o: in function `str_new0':
./string.c:748: undefined reference to `RUBY_DTRACE_STRING_CREATE'
/usr/bin/x86_64-linux-gnu-ld: string.o: in function `rb_str_resurrect':
./string.c:1524: undefined reference to `RUBY_DTRACE_STRING_CREATE'
/usr/bin/x86_64-linux-gnu-ld: string.o: in function `empty_str_alloc':
./string.c:735: undefined reference to `RUBY_DTRACE_STRING_CREATE_ENABLED'
/usr/bin/x86_64-linux-gnu-ld: ./string.c:735: undefined reference to `RUBY_DTRACE_STRING_CREATE'
/usr/bin/x86_64-linux-gnu-ld: string.o: in function `str_new0':
./string.c:748: undefined reference to `RUBY_DTRACE_STRING_CREATE_ENABLED'
/usr/bin/x86_64-linux-gnu-ld: ./string.c:748: undefined reference to `RUBY_DTRACE_STRING_CREATE'
/usr/bin/x86_64-linux-gnu-ld: ./string.c:748: undefined reference to `RUBY_DTRACE_STRING_CREATE_ENABLED'
/usr/bin/x86_64-linux-gnu-ld: ./string.c:748: undefined reference to `RUBY_DTRACE_STRING_CREATE'
/usr/bin/x86_64-linux-gnu-ld: ./string.c:748: undefined reference to `RUBY_DTRACE_STRING_CREATE_ENABLED'
/usr/bin/x86_64-linux-gnu-ld: ./string.c:748: undefined reference to `RUBY_DTRACE_STRING_CREATE'
/usr/bin/x86_64-linux-gnu-ld: symbol.o: in function `dsymbol_alloc':
./symbol.c:536: undefined reference to `RUBY_DTRACE_SYMBOL_CREATE_ENABLED'
/usr/bin/x86_64-linux-gnu-ld: ./symbol.c:536: undefined reference to `RUBY_DTRACE_SYMBOL_CREATE'
/usr/bin/x86_64-linux-gnu-ld: symbol.o: in function `register_static_symid_str':
./symbol.c:468: undefined reference to `RUBY_DTRACE_SYMBOL_CREATE_ENABLED'
/usr/bin/x86_64-linux-gnu-ld: ./symbol.c:468: undefined reference to `RUBY_DTRACE_SYMBOL_CREATE'
/usr/bin/x86_64-linux-gnu-ld: vm.o: in function `vm_exec_core':
./insns.def:471: undefined reference to `RUBY_DTRACE_ARRAY_CREATE_ENABLED'
/usr/bin/x86_64-linux-gnu-ld: ./insns.def:471: undefined reference to `RUBY_DTRACE_ARRAY_CREATE'
/usr/bin/x86_64-linux-gnu-ld: ./insns.def:482: undefined reference to `RUBY_DTRACE_HASH_CREATE_ENABLED'
/usr/bin/x86_64-linux-gnu-ld: ./insns.def:482: undefined reference to `RUBY_DTRACE_HASH_CREATE'
/usr/bin/x86_64-linux-gnu-ld: ./insns.def:537: undefined reference to `RUBY_DTRACE_HASH_CREATE_ENABLED'
/usr/bin/x86_64-linux-gnu-ld: ./insns.def:537: undefined reference to `RUBY_DTRACE_HASH_CREATE'
/usr/bin/x86_64-linux-gnu-ld: vm.o: in function `rb_clear_method_cache_by_class':
././vm_method.c:98: undefined reference to `RUBY_DTRACE_METHOD_CACHE_CLEAR_ENABLED'
/usr/bin/x86_64-linux-gnu-ld: ././vm_method.c:98: undefined reference to `RUBY_DTRACE_METHOD_CACHE_CLEAR'
/usr/bin/x86_64-linux-gnu-ld: vm.o: in function `vm_call0_cfunc_with_frame':
././vm_eval.c:80: undefined reference to `RUBY_DTRACE_CMETHOD_ENTRY_ENABLED'
/usr/bin/x86_64-linux-gnu-ld: ././vm_eval.c:97: undefined reference to `RUBY_DTRACE_CMETHOD_RETURN_ENABLED'
/usr/bin/x86_64-linux-gnu-ld: ././vm_eval.c:97: undefined reference to `RUBY_DTRACE_CMETHOD_RETURN'
/usr/bin/x86_64-linux-gnu-ld: ././vm_eval.c:80: undefined reference to `RUBY_DTRACE_CMETHOD_ENTRY'
/usr/bin/x86_64-linux-gnu-ld: vm.o: in function `rb_vm_pop_cfunc_frame':
./vm.c:597: undefined reference to `RUBY_DTRACE_CMETHOD_RETURN_ENABLED'
/usr/bin/x86_64-linux-gnu-ld: ./vm.c:597: undefined reference to `RUBY_DTRACE_CMETHOD_RETURN'
/usr/bin/x86_64-linux-gnu-ld: vm.o: in function `invoke_bmethod':
./vm.c:1065: undefined reference to `RUBY_DTRACE_METHOD_ENTRY_ENABLED'
/usr/bin/x86_64-linux-gnu-ld: ./vm.c:1082: undefined reference to `RUBY_DTRACE_METHOD_RETURN_ENABLED'
/usr/bin/x86_64-linux-gnu-ld: ./vm.c:1065: undefined reference to `RUBY_DTRACE_METHOD_ENTRY'
/usr/bin/x86_64-linux-gnu-ld: ./vm.c:1082: undefined reference to `RUBY_DTRACE_METHOD_RETURN'
/usr/bin/x86_64-linux-gnu-ld: vm.o: in function `vm_exec_handle_exception':
./vm.c:1966: undefined reference to `RUBY_DTRACE_CMETHOD_RETURN_ENABLED'
/usr/bin/x86_64-linux-gnu-ld: ./vm.c:1966: undefined reference to `RUBY_DTRACE_CMETHOD_RETURN'
/usr/bin/x86_64-linux-gnu-ld: vm.o: in function `vm_call_cfunc_with_frame':
././vm_insnhelper.c:2504: undefined reference to `RUBY_DTRACE_CMETHOD_ENTRY_ENABLED'
/usr/bin/x86_64-linux-gnu-ld: ././vm_insnhelper.c:2521: undefined reference to `RUBY_DTRACE_CMETHOD_RETURN_ENABLED'
/usr/bin/x86_64-linux-gnu-ld: ././vm_insnhelper.c:2504: undefined reference to `RUBY_DTRACE_CMETHOD_ENTRY'
/usr/bin/x86_64-linux-gnu-ld: ././vm_insnhelper.c:2521: undefined reference to `RUBY_DTRACE_CMETHOD_RETURN'
/usr/bin/x86_64-linux-gnu-ld: vm.o: in function `vm_dtrace':
././vm_insnhelper.c:3728: undefined reference to `RUBY_DTRACE_METHOD_ENTRY_ENABLED'
/usr/bin/x86_64-linux-gnu-ld: ././vm_insnhelper.c:3729: undefined reference to `RUBY_DTRACE_METHOD_RETURN_ENABLED'
/usr/bin/x86_64-linux-gnu-ld: ././vm_insnhelper.c:3730: undefined reference to `RUBY_DTRACE_CMETHOD_ENTRY_ENABLED'
/usr/bin/x86_64-linux-gnu-ld: ././vm_insnhelper.c:3731: undefined reference to `RUBY_DTRACE_CMETHOD_RETURN_ENABLED'
/usr/bin/x86_64-linux-gnu-ld: ././vm_insnhelper.c:3735: undefined reference to `RUBY_DTRACE_METHOD_ENTRY_ENABLED'
/usr/bin/x86_64-linux-gnu-ld: ././vm_insnhelper.c:3735: undefined reference to `RUBY_DTRACE_METHOD_ENTRY'
/usr/bin/x86_64-linux-gnu-ld: ././vm_insnhelper.c:3738: undefined reference to `RUBY_DTRACE_CMETHOD_ENTRY_ENABLED'
/usr/bin/x86_64-linux-gnu-ld: ././vm_insnhelper.c:3738: undefined reference to `RUBY_DTRACE_CMETHOD_ENTRY'
/usr/bin/x86_64-linux-gnu-ld: ././vm_insnhelper.c:3741: undefined reference to `RUBY_DTRACE_METHOD_RETURN_ENABLED'
/usr/bin/x86_64-linux-gnu-ld: ././vm_insnhelper.c:3741: undefined reference to `RUBY_DTRACE_METHOD_RETURN'
/usr/bin/x86_64-linux-gnu-ld: ././vm_insnhelper.c:3744: undefined reference to `RUBY_DTRACE_CMETHOD_RETURN_ENABLED'
/usr/bin/x86_64-linux-gnu-ld: ././vm_insnhelper.c:3744: undefined reference to `RUBY_DTRACE_CMETHOD_RETURN'
/usr/bin/x86_64-linux-gnu-ld: vm.o: in function `hook_before_rewind':
./vm.c:1764: undefined reference to `RUBY_DTRACE_METHOD_RETURN_ENABLED'
/usr/bin/x86_64-linux-gnu-ld: ./vm.c:1764: undefined reference to `RUBY_DTRACE_METHOD_RETURN'
clang: error: linker command failed with exit code 1 (use -v to see invocation)
make[2]: *** [Makefile:271: miniruby] Error 1
make[2]: Leaving directory '/<<PKGBUILDDIR>>'
dh_auto_build: error: make -j4 main V=1 returned exit code 2
make[1]: *** [debian/rules:100: override_dh_auto_build-arch] Error 25
make[1]: Leaving directory '/<<PKGBUILDDIR>>'
make: *** [debian/rules:78: binary] Error 2
dpkg-buildpackage: error: debian/rules binary subprocess returned exit status 2
--------------------------------------------------------------------------------
Build finished at 2020-10-29T18:57:30Z

Finished
--------


+------------------------------------------------------------------------------+
| Cleanup                                                                      |
+------------------------------------------------------------------------------+

Purging /<<BUILDDIR>>
Not cleaning session: cloned chroot in use
E: Build failure (dpkg-buildpackage died)

+------------------------------------------------------------------------------+
| Summary                                                                      |
+------------------------------------------------------------------------------+

Build Architecture: amd64
Build Type: binary
Build-Space: 144296
Build-Time: 84
Distribution: unstable
Fail-Stage: build
Host Architecture: amd64
Install-Time: 9
Job: ruby2.7_2.7.2-2
Machine Architecture: amd64
Package: ruby2.7
Package-Time: 112
Source-Version: 2.7.2-2
Space: 144296
Status: attempted
Version: 2.7.2-2
--------------------------------------------------------------------------------
Finished at 2020-10-29T18:57:30Z
Build needed 00:01:52, 144296k disk space
E: Build failure (dpkg-buildpackage died)
DC-Status: Failed 113.156807248s
DC-Time-Estimation: 113.156807248 versus expected 658 (r/m: 4.814939604631077 ; m: 113.156807248)
