DC-Build-Header: schroot 1.6.10-11 / 2020-10-29 19:30:30 +0000
DC-Task: type:rebuild-binarch-only source:schroot version:1.6.10-11 chroot:unstable esttime:250 logfile:/tmp/schroot_1.6.10-11_unstable_clang11.log modes:clang11:binarch-only
DC-Sbuild-call: su user42 -c 'sbuild -n --arch-any --apt-update -d unstable -v --no-run-lintian --chroot-setup-commands=/tmp/clang11 schroot_1.6.10-11'
sbuild (Debian sbuild) 0.78.1 (09 February 2019) on ip-172-31-11-74.eu-central-1.compute.internal

+==============================================================================+
| schroot 1.6.10-11 (amd64)                    Thu, 29 Oct 2020 19:30:30 +0000 |
+==============================================================================+

Package: schroot
Version: 1.6.10-11
Source Version: 1.6.10-11
Distribution: unstable
Machine Architecture: amd64
Host Architecture: amd64
Build Architecture: amd64
Build Type: binary

I: NOTICE: Log filtering will replace 'var/run/schroot/mount/sid-amd64-sbuild-0335b1f1-39cf-42ef-935f-0bdade03cb57' with '<<CHROOT>>'

+------------------------------------------------------------------------------+
| Chroot Setup Commands                                                        |
+------------------------------------------------------------------------------+


/tmp/clang11
------------

+ echo 'Entering customization script...'
Entering customization script...
+ CLANG_VERSION=10
+ echo 'Install of clang-10'
Install of clang-10
+ apt-get update
Get:1 http://127.0.0.1:12990/debian sid InRelease [146 kB]
Get:2 http://127.0.0.1:12990/debian sid/main Sources.diff/Index [734 B]
Ign:2 http://127.0.0.1:12990/debian sid/main Sources.diff/Index
Get:3 http://127.0.0.1:12990/debian sid/main amd64 Packages.diff/Index [734 B]
Ign:3 http://127.0.0.1:12990/debian sid/main amd64 Packages.diff/Index
Get:4 http://127.0.0.1:12990/debian sid/main Translation-en [6391 kB]
Get:5 http://127.0.0.1:12990/debian sid/main Sources [8989 kB]
Get:6 http://127.0.0.1:12990/debian sid/main amd64 Packages [8492 kB]
Fetched 24.0 MB in 3s (6892 kB/s)
Reading package lists...
+ apt-get install --yes --no-install-recommends --force-yes clang-10 libomp-10-dev libobjc-9-dev
Reading package lists...
Building dependency tree...
The following additional packages will be installed:
  lib32gcc-s1 lib32stdc++6 libasan5 libbsd0 libc6-i386 libclang-common-10-dev
  libclang-cpp10 libclang1-10 libedit2 libgc1 libgcc-9-dev libllvm10
  libobjc-10-dev libobjc4 libomp5-10 libz3-4
Suggested packages:
  clang-10-doc libomp-10-doc
Recommended packages:
  llvm-10-dev python3
The following NEW packages will be installed:
  clang-10 lib32gcc-s1 lib32stdc++6 libasan5 libbsd0 libc6-i386
  libclang-common-10-dev libclang-cpp10 libclang1-10 libedit2 libgc1
  libgcc-9-dev libllvm10 libobjc-10-dev libobjc-9-dev libobjc4 libomp-10-dev
  libomp5-10 libz3-4
0 upgraded, 19 newly installed, 0 to remove and 1 not upgraded.
Need to get 52.3 MB of archives.
After this operation, 274 MB of additional disk space will be used.
Get:1 http://127.0.0.1:12990/debian sid/main amd64 libbsd0 amd64 0.10.0-1 [107 kB]
Get:2 http://127.0.0.1:12990/debian sid/main amd64 libedit2 amd64 3.1-20191231-1 [95.4 kB]
Get:3 http://127.0.0.1:12990/debian sid/main amd64 libz3-4 amd64 4.8.9-1 [6783 kB]
Get:4 http://127.0.0.1:12990/debian sid/main amd64 libllvm10 amd64 1:10.0.1-7 [16.6 MB]
Get:5 http://127.0.0.1:12990/debian sid/main amd64 libclang-cpp10 amd64 1:10.0.1-7 [9069 kB]
Get:6 http://127.0.0.1:12990/debian sid/main amd64 libgc1 amd64 1:8.0.4-2.1 [239 kB]
Get:7 http://127.0.0.1:12990/debian sid/main amd64 libobjc4 amd64 10.2.0-15 [41.6 kB]
Get:8 http://127.0.0.1:12990/debian sid/main amd64 libobjc-10-dev amd64 10.2.0-15 [170 kB]
Get:9 http://127.0.0.1:12990/debian sid/main amd64 libc6-i386 amd64 2.31-4 [2815 kB]
Get:10 http://127.0.0.1:12990/debian sid/main amd64 lib32gcc-s1 amd64 10.2.0-15 [49.4 kB]
Get:11 http://127.0.0.1:12990/debian sid/main amd64 lib32stdc++6 amd64 10.2.0-15 [511 kB]
Get:12 http://127.0.0.1:12990/debian sid/main amd64 libclang-common-10-dev amd64 1:10.0.1-7 [5062 kB]
Get:13 http://127.0.0.1:12990/debian sid/main amd64 libclang1-10 amd64 1:10.0.1-7 [7293 kB]
Get:14 http://127.0.0.1:12990/debian sid/main amd64 clang-10 amd64 1:10.0.1-7 [106 kB]
Get:15 http://127.0.0.1:12990/debian sid/main amd64 libasan5 amd64 9.3.0-18 [390 kB]
Get:16 http://127.0.0.1:12990/debian sid/main amd64 libgcc-9-dev amd64 9.3.0-18 [2347 kB]
Get:17 http://127.0.0.1:12990/debian sid/main amd64 libobjc-9-dev amd64 9.3.0-18 [220 kB]
Get:18 http://127.0.0.1:12990/debian sid/main amd64 libomp5-10 amd64 1:10.0.1-7 [339 kB]
Get:19 http://127.0.0.1:12990/debian sid/main amd64 libomp-10-dev amd64 1:10.0.1-7 [86.6 kB]
debconf: delaying package configuration, since apt-utils is not installed
Fetched 52.3 MB in 0s (143 MB/s)
Selecting previously unselected package libbsd0:amd64.
(Reading database ... (Reading database ... 5%(Reading database ... 10%(Reading database ... 15%(Reading database ... 20%(Reading database ... 25%(Reading database ... 30%(Reading database ... 35%(Reading database ... 40%(Reading database ... 45%(Reading database ... 50%(Reading database ... 55%(Reading database ... 60%(Reading database ... 65%(Reading database ... 70%(Reading database ... 75%(Reading database ... 80%(Reading database ... 85%(Reading database ... 90%(Reading database ... 95%(Reading database ... 100%(Reading database ... 12312 files and directories currently installed.)
Preparing to unpack .../00-libbsd0_0.10.0-1_amd64.deb ...
Unpacking libbsd0:amd64 (0.10.0-1) ...
Selecting previously unselected package libedit2:amd64.
Preparing to unpack .../01-libedit2_3.1-20191231-1_amd64.deb ...
Unpacking libedit2:amd64 (3.1-20191231-1) ...
Selecting previously unselected package libz3-4:amd64.
Preparing to unpack .../02-libz3-4_4.8.9-1_amd64.deb ...
Unpacking libz3-4:amd64 (4.8.9-1) ...
Selecting previously unselected package libllvm10:amd64.
Preparing to unpack .../03-libllvm10_1%3a10.0.1-7_amd64.deb ...
Unpacking libllvm10:amd64 (1:10.0.1-7) ...
Selecting previously unselected package libclang-cpp10.
Preparing to unpack .../04-libclang-cpp10_1%3a10.0.1-7_amd64.deb ...
Unpacking libclang-cpp10 (1:10.0.1-7) ...
Selecting previously unselected package libgc1:amd64.
Preparing to unpack .../05-libgc1_1%3a8.0.4-2.1_amd64.deb ...
Unpacking libgc1:amd64 (1:8.0.4-2.1) ...
Selecting previously unselected package libobjc4:amd64.
Preparing to unpack .../06-libobjc4_10.2.0-15_amd64.deb ...
Unpacking libobjc4:amd64 (10.2.0-15) ...
Selecting previously unselected package libobjc-10-dev:amd64.
Preparing to unpack .../07-libobjc-10-dev_10.2.0-15_amd64.deb ...
Unpacking libobjc-10-dev:amd64 (10.2.0-15) ...
Selecting previously unselected package libc6-i386.
Preparing to unpack .../08-libc6-i386_2.31-4_amd64.deb ...
Unpacking libc6-i386 (2.31-4) ...
Selecting previously unselected package lib32gcc-s1.
Preparing to unpack .../09-lib32gcc-s1_10.2.0-15_amd64.deb ...
Unpacking lib32gcc-s1 (10.2.0-15) ...
Selecting previously unselected package lib32stdc++6.
Preparing to unpack .../10-lib32stdc++6_10.2.0-15_amd64.deb ...
Unpacking lib32stdc++6 (10.2.0-15) ...
Selecting previously unselected package libclang-common-10-dev.
Preparing to unpack .../11-libclang-common-10-dev_1%3a10.0.1-7_amd64.deb ...
Unpacking libclang-common-10-dev (1:10.0.1-7) ...
Selecting previously unselected package libclang1-10.
Preparing to unpack .../12-libclang1-10_1%3a10.0.1-7_amd64.deb ...
Unpacking libclang1-10 (1:10.0.1-7) ...
Selecting previously unselected package clang-10.
Preparing to unpack .../13-clang-10_1%3a10.0.1-7_amd64.deb ...
Unpacking clang-10 (1:10.0.1-7) ...
Selecting previously unselected package libasan5:amd64.
Preparing to unpack .../14-libasan5_9.3.0-18_amd64.deb ...
Unpacking libasan5:amd64 (9.3.0-18) ...
Selecting previously unselected package libgcc-9-dev:amd64.
Preparing to unpack .../15-libgcc-9-dev_9.3.0-18_amd64.deb ...
Unpacking libgcc-9-dev:amd64 (9.3.0-18) ...
Selecting previously unselected package libobjc-9-dev:amd64.
Preparing to unpack .../16-libobjc-9-dev_9.3.0-18_amd64.deb ...
Unpacking libobjc-9-dev:amd64 (9.3.0-18) ...
Selecting previously unselected package libomp5-10:amd64.
Preparing to unpack .../17-libomp5-10_1%3a10.0.1-7_amd64.deb ...
Unpacking libomp5-10:amd64 (1:10.0.1-7) ...
Selecting previously unselected package libomp-10-dev.
Preparing to unpack .../18-libomp-10-dev_1%3a10.0.1-7_amd64.deb ...
Unpacking libomp-10-dev (1:10.0.1-7) ...
Setting up libasan5:amd64 (9.3.0-18) ...
Setting up libz3-4:amd64 (4.8.9-1) ...
Setting up libgc1:amd64 (1:8.0.4-2.1) ...
Setting up libomp5-10:amd64 (1:10.0.1-7) ...
Setting up libc6-i386 (2.31-4) ...
Setting up libbsd0:amd64 (0.10.0-1) ...
Setting up libomp-10-dev (1:10.0.1-7) ...
Setting up libedit2:amd64 (3.1-20191231-1) ...
Setting up libobjc4:amd64 (10.2.0-15) ...
Setting up libllvm10:amd64 (1:10.0.1-7) ...
Setting up libgcc-9-dev:amd64 (9.3.0-18) ...
Setting up lib32gcc-s1 (10.2.0-15) ...
Setting up lib32stdc++6 (10.2.0-15) ...
Setting up libclang1-10 (1:10.0.1-7) ...
Setting up libobjc-9-dev:amd64 (9.3.0-18) ...
Setting up libobjc-10-dev:amd64 (10.2.0-15) ...
Setting up libclang-common-10-dev (1:10.0.1-7) ...
Setting up libclang-cpp10 (1:10.0.1-7) ...
Setting up clang-10 (1:10.0.1-7) ...
Processing triggers for libc-bin (2.31-4) ...
W: --force-yes is deprecated, use one of the options starting with --allow instead.
+ echo 'Replace gcc, g++ & cpp by clang'
Replace gcc, g++ & cpp by clang
+ VERSIONS='4.6 4.7 4.8 4.9 5 6 7 8 9 10'
+ cd /usr/bin
+ for VERSION in $VERSIONS
+ rm -f g++-4.6 gcc-4.6 cpp-4.6 gcc
+ ln -s clang++-10 g++-4.6
+ ln -s clang-10 gcc-4.6
+ ln -s clang-10 cpp-4.6
+ ln -s clang-10 gcc
+ echo 'gcc-4.6 hold'
+ dpkg --set-selections
dpkg: warning: package not in status nor available database at line 1: gcc-4.6
dpkg: warning: found unknown packages; this might mean the available database
is outdated, and needs to be updated through a frontend method;
please see the FAQ <https://wiki.debian.org/Teams/Dpkg/FAQ>
+ echo 'g++-4.6 hold'
+ dpkg --set-selections
dpkg: warning: package not in status nor available database at line 1: g++-4.6
dpkg: warning: found unknown packages; this might mean the available database
is outdated, and needs to be updated through a frontend method;
please see the FAQ <https://wiki.debian.org/Teams/Dpkg/FAQ>
+ for VERSION in $VERSIONS
+ rm -f g++-4.7 gcc-4.7 cpp-4.7 gcc
+ ln -s clang++-10 g++-4.7
+ ln -s clang-10 gcc-4.7
+ ln -s clang-10 cpp-4.7
+ ln -s clang-10 gcc
+ echo 'gcc-4.7 hold'
+ dpkg --set-selections
dpkg: warning: package not in status nor available database at line 1: gcc-4.7
dpkg: warning: found unknown packages; this might mean the available database
is outdated, and needs to be updated through a frontend method;
please see the FAQ <https://wiki.debian.org/Teams/Dpkg/FAQ>
+ echo 'g++-4.7 hold'
+ dpkg --set-selections
dpkg: warning: package not in status nor available database at line 1: g++-4.7
dpkg: warning: found unknown packages; this might mean the available database
is outdated, and needs to be updated through a frontend method;
please see the FAQ <https://wiki.debian.org/Teams/Dpkg/FAQ>
+ for VERSION in $VERSIONS
+ rm -f g++-4.8 gcc-4.8 cpp-4.8 gcc
+ ln -s clang++-10 g++-4.8
+ ln -s clang-10 gcc-4.8
+ ln -s clang-10 cpp-4.8
+ ln -s clang-10 gcc
+ echo 'gcc-4.8 hold'
+ dpkg --set-selections
dpkg: warning: package not in status nor available database at line 1: gcc-4.8
dpkg: warning: found unknown packages; this might mean the available database
is outdated, and needs to be updated through a frontend method;
please see the FAQ <https://wiki.debian.org/Teams/Dpkg/FAQ>
+ echo 'g++-4.8 hold'
+ dpkg --set-selections
dpkg: warning: package not in status nor available database at line 1: g++-4.8
dpkg: warning: found unknown packages; this might mean the available database
is outdated, and needs to be updated through a frontend method;
please see the FAQ <https://wiki.debian.org/Teams/Dpkg/FAQ>
+ for VERSION in $VERSIONS
+ rm -f g++-4.9 gcc-4.9 cpp-4.9 gcc
+ ln -s clang++-10 g++-4.9
+ ln -s clang-10 gcc-4.9
+ ln -s clang-10 cpp-4.9
+ ln -s clang-10 gcc
+ echo 'gcc-4.9 hold'
+ dpkg --set-selections
dpkg: warning: package not in status nor available database at line 1: gcc-4.9
dpkg: warning: found unknown packages; this might mean the available database
is outdated, and needs to be updated through a frontend method;
please see the FAQ <https://wiki.debian.org/Teams/Dpkg/FAQ>
+ echo 'g++-4.9 hold'
+ dpkg --set-selections
dpkg: warning: package not in status nor available database at line 1: g++-4.9
dpkg: warning: found unknown packages; this might mean the available database
is outdated, and needs to be updated through a frontend method;
please see the FAQ <https://wiki.debian.org/Teams/Dpkg/FAQ>
+ for VERSION in $VERSIONS
+ rm -f g++-5 gcc-5 cpp-5 gcc
+ ln -s clang++-10 g++-5
+ ln -s clang-10 gcc-5
+ ln -s clang-10 cpp-5
+ ln -s clang-10 gcc
+ echo 'gcc-5 hold'
+ dpkg --set-selections
dpkg: warning: package not in status nor available database at line 1: gcc-5
dpkg: warning: found unknown packages; this might mean the available database
is outdated, and needs to be updated through a frontend method;
please see the FAQ <https://wiki.debian.org/Teams/Dpkg/FAQ>
+ echo 'g++-5 hold'
+ dpkg --set-selections
dpkg: warning: package not in status nor available database at line 1: g++-5
dpkg: warning: found unknown packages; this might mean the available database
is outdated, and needs to be updated through a frontend method;
please see the FAQ <https://wiki.debian.org/Teams/Dpkg/FAQ>
+ for VERSION in $VERSIONS
+ rm -f g++-6 gcc-6 cpp-6 gcc
+ ln -s clang++-10 g++-6
+ ln -s clang-10 gcc-6
+ ln -s clang-10 cpp-6
+ ln -s clang-10 gcc
+ echo 'gcc-6 hold'
+ dpkg --set-selections
dpkg: warning: package not in status nor available database at line 1: gcc-6
dpkg: warning: found unknown packages; this might mean the available database
is outdated, and needs to be updated through a frontend method;
please see the FAQ <https://wiki.debian.org/Teams/Dpkg/FAQ>
+ echo 'g++-6 hold'
+ dpkg --set-selections
dpkg: warning: package not in status nor available database at line 1: g++-6
dpkg: warning: found unknown packages; this might mean the available database
is outdated, and needs to be updated through a frontend method;
please see the FAQ <https://wiki.debian.org/Teams/Dpkg/FAQ>
+ for VERSION in $VERSIONS
+ rm -f g++-7 gcc-7 cpp-7 gcc
+ ln -s clang++-10 g++-7
+ ln -s clang-10 gcc-7
+ ln -s clang-10 cpp-7
+ ln -s clang-10 gcc
+ echo 'gcc-7 hold'
+ dpkg --set-selections
dpkg: warning: package not in status nor available database at line 1: gcc-7
dpkg: warning: found unknown packages; this might mean the available database
is outdated, and needs to be updated through a frontend method;
please see the FAQ <https://wiki.debian.org/Teams/Dpkg/FAQ>
+ echo 'g++-7 hold'
+ dpkg --set-selections
dpkg: warning: package not in status nor available database at line 1: g++-7
dpkg: warning: found unknown packages; this might mean the available database
is outdated, and needs to be updated through a frontend method;
please see the FAQ <https://wiki.debian.org/Teams/Dpkg/FAQ>
+ for VERSION in $VERSIONS
+ rm -f g++-8 gcc-8 cpp-8 gcc
+ ln -s clang++-10 g++-8
+ ln -s clang-10 gcc-8
+ ln -s clang-10 cpp-8
+ ln -s clang-10 gcc
+ echo 'gcc-8 hold'
+ dpkg --set-selections
dpkg: warning: package not in status nor available database at line 1: gcc-8
dpkg: warning: found unknown packages; this might mean the available database
is outdated, and needs to be updated through a frontend method;
please see the FAQ <https://wiki.debian.org/Teams/Dpkg/FAQ>
+ echo 'g++-8 hold'
+ dpkg --set-selections
dpkg: warning: package not in status nor available database at line 1: g++-8
dpkg: warning: found unknown packages; this might mean the available database
is outdated, and needs to be updated through a frontend method;
please see the FAQ <https://wiki.debian.org/Teams/Dpkg/FAQ>
+ for VERSION in $VERSIONS
+ rm -f g++-9 gcc-9 cpp-9 gcc
+ ln -s clang++-10 g++-9
+ ln -s clang-10 gcc-9
+ ln -s clang-10 cpp-9
+ ln -s clang-10 gcc
+ echo 'gcc-9 hold'
+ dpkg --set-selections
dpkg: warning: package not in status nor available database at line 1: gcc-9
dpkg: warning: found unknown packages; this might mean the available database
is outdated, and needs to be updated through a frontend method;
please see the FAQ <https://wiki.debian.org/Teams/Dpkg/FAQ>
+ echo 'g++-9 hold'
+ dpkg --set-selections
dpkg: warning: package not in status nor available database at line 1: g++-9
dpkg: warning: found unknown packages; this might mean the available database
is outdated, and needs to be updated through a frontend method;
please see the FAQ <https://wiki.debian.org/Teams/Dpkg/FAQ>
+ for VERSION in $VERSIONS
+ rm -f g++-10 gcc-10 cpp-10 gcc
+ ln -s clang++-10 g++-10
+ ln -s clang-10 gcc-10
+ ln -s clang-10 cpp-10
+ ln -s clang-10 gcc
+ echo 'gcc-10 hold'
+ dpkg --set-selections
+ echo 'g++-10 hold'
+ dpkg --set-selections
+ cd -
/build/schroot-zGh6wK
+ echo 'Check if gcc, g++ & cpp are actually clang'
Check if gcc, g++ & cpp are actually clang
+ gcc --version
+ grep clang
+ cpp --version
+ grep clang
+ g++ --version
+ grep clang
+ cd /usr/bin/
+ rm -f clang++ clang
+ ln -s clang-10 clang++
+ ln -s clang-10 clang
+ clang++ --version
Debian clang version 10.0.1-7
Target: x86_64-pc-linux-gnu
Thread model: posix
InstalledDir: /usr/bin
+ clang --version
Debian clang version 10.0.1-7
Target: x86_64-pc-linux-gnu
Thread model: posix
InstalledDir: /usr/bin
+ cd -
/build/schroot-zGh6wK
+ apt install --yes --no-install-recommends --force-yes qt5-qmake

WARNING: apt does not have a stable CLI interface. Use with caution in scripts.

Reading package lists...
Building dependency tree...
Reading state information...
The following additional packages will be installed:
  qt5-qmake-bin qtchooser
The following NEW packages will be installed:
  qt5-qmake qt5-qmake-bin qtchooser
0 upgraded, 3 newly installed, 0 to remove and 1 not upgraded.
Need to get 1304 kB of archives.
After this operation, 4865 kB of additional disk space will be used.
Get:1 http://127.0.0.1:12990/debian sid/main amd64 qt5-qmake-bin amd64 5.14.2+dfsg-6 [1035 kB]
Get:2 http://127.0.0.1:12990/debian sid/main amd64 qtchooser amd64 66-2 [26.3 kB]
Get:3 http://127.0.0.1:12990/debian sid/main amd64 qt5-qmake amd64 5.14.2+dfsg-6 [242 kB]
debconf: delaying package configuration, since apt-utils is not installed
Fetched 1304 kB in 0s (20.7 MB/s)
Selecting previously unselected package qt5-qmake-bin.
(Reading database ... (Reading database ... 5%(Reading database ... 10%(Reading database ... 15%(Reading database ... 20%(Reading database ... 25%(Reading database ... 30%(Reading database ... 35%(Reading database ... 40%(Reading database ... 45%(Reading database ... 50%(Reading database ... 55%(Reading database ... 60%(Reading database ... 65%(Reading database ... 70%(Reading database ... 75%(Reading database ... 80%(Reading database ... 85%(Reading database ... 90%(Reading database ... 95%(Reading database ... 100%(Reading database ... 13315 files and directories currently installed.)
Preparing to unpack .../qt5-qmake-bin_5.14.2+dfsg-6_amd64.deb ...
Unpacking qt5-qmake-bin (5.14.2+dfsg-6) ...
Selecting previously unselected package qtchooser.
Preparing to unpack .../qtchooser_66-2_amd64.deb ...
Unpacking qtchooser (66-2) ...
Selecting previously unselected package qt5-qmake:amd64.
Preparing to unpack .../qt5-qmake_5.14.2+dfsg-6_amd64.deb ...
Unpacking qt5-qmake:amd64 (5.14.2+dfsg-6) ...
Setting up qt5-qmake-bin (5.14.2+dfsg-6) ...
Setting up qtchooser (66-2) ...
Setting up qt5-qmake:amd64 (5.14.2+dfsg-6) ...
W: --force-yes is deprecated, use one of the options starting with --allow instead.
+ cp /usr/lib/x86_64-linux-gnu/qt5/mkspecs/linux-clang/qmake.conf /usr/lib/x86_64-linux-gnu/qt5/mkspecs/linux-clang/qplatformdefs.h /usr/lib/x86_64-linux-gnu/qt5/mkspecs/linux-g++/
+ ls -al /usr/lib/x86_64-linux-gnu/qt5/mkspecs/linux-g++/
total 16
drwxr-xr-x  2 root root 4096 Oct 29 19:30 .
drwxr-xr-x 76 root root 4096 Oct 29 19:30 ..
-rw-r--r--  1 root root  276 Oct 29 19:30 qmake.conf
-rw-r--r--  1 root root 3218 Oct 29 19:30 qplatformdefs.h
+ cat /usr/lib/x86_64-linux-gnu/qt5/mkspecs/linux-g++/qmake.conf
#
# qmake configuration for linux-clang
#

MAKEFILE_GENERATOR = UNIX
CONFIG += incremental

QMAKE_INCREMENTAL_STYLE = sublib

include(../common/linux.conf)
include(../common/gcc-base-unix.conf)
include(../common/clang.conf)

QMAKE_LFLAGS += -ccc-gcc-name g++

load(qt_config)
+ export QMAKESPEC=/usr/lib/x86_64-linux-gnu/qt5/mkspecs/linux-clang/
+ QMAKESPEC=/usr/lib/x86_64-linux-gnu/qt5/mkspecs/linux-clang/
+ sed -i -e 's|compare_problem(2,|compare_problem(0,|g' /usr/bin/dpkg-gensymbols
+ sed -i -e 's|compare_problem(1,|compare_problem(0,|g' /usr/bin/dpkg-gensymbols
+ grep 'compare_problem(' /usr/bin/dpkg-gensymbols
        compare_problem(4, g_('new libraries appeared in the symbols file: %s'), "@libs");
        compare_problem(3, g_('some libraries disappeared in the symbols file: %s'), "@libs");
        compare_problem(0, g_('some new symbols appeared in the symbols file: %s'),
        compare_problem(0, g_('some symbols or patterns disappeared in the symbols file: %s'),

I: Finished running '/tmp/clang11'.

Finished processing commands.
--------------------------------------------------------------------------------
I: NOTICE: Log filtering will replace 'build/schroot-zGh6wK/resolver-R1bibA' with '<<RESOLVERDIR>>'

+------------------------------------------------------------------------------+
| Update chroot                                                                |
+------------------------------------------------------------------------------+

Hit:1 http://127.0.0.1:12990/debian sid InRelease
Reading package lists...
Reading package lists...
Building dependency tree...
Reading state information...
Calculating upgrade...
The following packages will be upgraded:
  libdebconfclient0
1 upgraded, 0 newly installed, 0 to remove and 0 not upgraded.
Need to get 49.6 kB of archives.
After this operation, 0 B of additional disk space will be used.
Get:1 http://127.0.0.1:12990/debian sid/main amd64 libdebconfclient0 amd64 0.255 [49.6 kB]
debconf: delaying package configuration, since apt-utils is not installed
Fetched 49.6 kB in 0s (3489 kB/s)
(Reading database ... (Reading database ... 5%(Reading database ... 10%(Reading database ... 15%(Reading database ... 20%(Reading database ... 25%(Reading database ... 30%(Reading database ... 35%(Reading database ... 40%(Reading database ... 45%(Reading database ... 50%(Reading database ... 55%(Reading database ... 60%(Reading database ... 65%(Reading database ... 70%(Reading database ... 75%(Reading database ... 80%(Reading database ... 85%(Reading database ... 90%(Reading database ... 95%(Reading database ... 100%(Reading database ... 14056 files and directories currently installed.)
Preparing to unpack .../libdebconfclient0_0.255_amd64.deb ...
Unpacking libdebconfclient0:amd64 (0.255) over (0.254) ...
Setting up libdebconfclient0:amd64 (0.255) ...
Processing triggers for libc-bin (2.31-4) ...

+------------------------------------------------------------------------------+
| Fetch source files                                                           |
+------------------------------------------------------------------------------+


Check APT
---------

Checking available source versions...

Download source files with APT
------------------------------

Reading package lists...
NOTICE: 'schroot' packaging is maintained in the 'Git' version control system at:
https://salsa.debian.org/debian/schroot.git
Please use:
git clone https://salsa.debian.org/debian/schroot.git
to retrieve the latest (possibly unreleased) updates to the package.
Need to get 883 kB of source archives.
Get:1 http://127.0.0.1:12990/debian sid/main schroot 1.6.10-11 (dsc) [2176 B]
Get:2 http://127.0.0.1:12990/debian sid/main schroot 1.6.10-11 (tar) [797 kB]
Get:3 http://127.0.0.1:12990/debian sid/main schroot 1.6.10-11 (diff) [83.1 kB]
Fetched 883 kB in 0s (14.0 MB/s)
Download complete and in download only mode
I: NOTICE: Log filtering will replace 'build/schroot-zGh6wK/schroot-1.6.10' with '<<PKGBUILDDIR>>'
I: NOTICE: Log filtering will replace 'build/schroot-zGh6wK' with '<<BUILDDIR>>'

+------------------------------------------------------------------------------+
| Install package build dependencies                                           |
+------------------------------------------------------------------------------+


Setup apt archive
-----------------

Merged Build-Depends: cmake (>= 2.8.12), debhelper (>= 9.20160709), pkg-config, libpam0g-dev, uuid-dev, libboost-dev, libboost-iostreams-dev, libboost-program-options-dev, libboost-regex-dev, libboost-filesystem-dev, gettext, libcppunit-dev, groff-base, po4a (>= 0.40), build-essential, fakeroot, doxygen, graphviz
Filtered Build-Depends: cmake (>= 2.8.12), debhelper (>= 9.20160709), pkg-config, libpam0g-dev, uuid-dev, libboost-dev, libboost-iostreams-dev, libboost-program-options-dev, libboost-regex-dev, libboost-filesystem-dev, gettext, libcppunit-dev, groff-base, po4a (>= 0.40), build-essential, fakeroot, doxygen, graphviz
dpkg-deb: building package 'sbuild-build-depends-main-dummy' in '/<<RESOLVERDIR>>/apt_archive/sbuild-build-depends-main-dummy.deb'.
Ign:1 copy:/<<RESOLVERDIR>>/apt_archive ./ InRelease
Get:2 copy:/<<RESOLVERDIR>>/apt_archive ./ Release [957 B]
Ign:3 copy:/<<RESOLVERDIR>>/apt_archive ./ Release.gpg
Get:4 copy:/<<RESOLVERDIR>>/apt_archive ./ Sources [512 B]
Get:5 copy:/<<RESOLVERDIR>>/apt_archive ./ Packages [572 B]
Fetched 2041 B in 0s (0 B/s)
Reading package lists...
Reading package lists...

Install main build dependencies (apt-based resolver)
----------------------------------------------------

Installing build dependencies
Reading package lists...
Building dependency tree...
Reading state information...
The following additional packages will be installed:
  autoconf automake autopoint autotools-dev bsdextrautils cmake cmake-data
  debhelper dh-autoreconf dh-strip-nondeterminism doxygen dwz file fontconfig
  fontconfig-config fonts-dejavu-core gettext gettext-base graphviz groff-base
  icu-devtools intltool-debian libann0 libarchive-zip-perl libarchive13
  libboost-dev libboost-filesystem-dev libboost-filesystem1.71-dev
  libboost-filesystem1.71.0 libboost-iostreams-dev libboost-iostreams1.71-dev
  libboost-iostreams1.71.0 libboost-program-options-dev
  libboost-program-options1.71-dev libboost-program-options1.71.0
  libboost-regex-dev libboost-regex1.71-dev libboost-regex1.71.0
  libboost-system1.71-dev libboost-system1.71.0 libboost1.71-dev libbrotli1
  libcairo2 libcdt5 libcgraph6 libclang-cpp9 libclang1-9 libcppunit-1.15-0
  libcppunit-dev libcroco3 libcurl4 libdatrie1 libdebhelper-perl libelf1
  libexpat1 libfile-stripnondeterminism-perl libfontconfig1 libfreetype6
  libfribidi0 libgd3 libglib2.0-0 libgraphite2-3 libgts-0.7-5 libgvc6 libgvpr2
  libharfbuzz0b libice6 libicu-dev libicu67 libjbig0 libjpeg62-turbo
  libjsoncpp1 liblab-gamut1 libldap-2.4-2 libllvm9 libltdl7 libmagic-mgc
  libmagic1 libncurses6 libncursesw6 libnghttp2-14 libosp5 libpam0g-dev
  libpango-1.0-0 libpangocairo-1.0-0 libpangoft2-1.0-0 libpathplan4
  libpipeline1 libpixman-1-0 libpng16-16 libprocps8 libpsl5 librhash0 librtmp1
  libsasl2-2 libsasl2-modules-db libsgmls-perl libsigsegv2 libsm6 libssh2-1
  libsub-override-perl libthai-data libthai0 libtiff5 libtool libuchardet0
  libuv1 libwebp6 libx11-6 libx11-data libxapian30 libxau6 libxaw7
  libxcb-render0 libxcb-shm0 libxcb1 libxdmcp6 libxext6 libxml2 libxmu6
  libxpm4 libxrender1 libxt6 libyaml-tiny-perl m4 man-db opensp pkg-config
  po-debconf po4a procps sensible-utils sgml-base ucf uuid-dev x11-common
Suggested packages:
  autoconf-archive gnu-standards autoconf-doc cmake-doc ninja-build dh-make
  doxygen-latex doxygen-doc doxygen-gui gettext-doc libasprintf-dev
  libgettextpo-dev gsfonts graphviz-doc groff lrzip libboost-doc
  libboost1.71-doc libboost-atomic1.71-dev libboost-chrono1.71-dev
  libboost-container1.71-dev libboost-context1.71-dev
  libboost-contract1.71-dev libboost-coroutine1.71-dev
  libboost-date-time1.71-dev libboost-exception1.71-dev libboost-fiber1.71-dev
  libboost-graph1.71-dev libboost-graph-parallel1.71-dev
  libboost-locale1.71-dev libboost-log1.71-dev libboost-math1.71-dev
  libboost-mpi1.71-dev libboost-mpi-python1.71-dev libboost-numpy1.71-dev
  libboost-python1.71-dev libboost-random1.71-dev
  libboost-serialization1.71-dev libboost-stacktrace1.71-dev
  libboost-test1.71-dev libboost-thread1.71-dev libboost-timer1.71-dev
  libboost-type-erasure1.71-dev libboost-wave1.71-dev libboost1.71-tools-dev
  libmpfrc++-dev libntl-dev libcppunit-doc libgd-tools icu-doc sgmlspl
  sgmls-doc libtool-doc gfortran | fortran95-compiler gcj-jdk xapian-tools
  m4-doc apparmor less www-browser doc-base sgml-data libmail-box-perl
  sgml-base-doc
Recommended packages:
  curl | wget | lynx fonts-liberation ca-certificates libarchive-cpio-perl
  libglib2.0-data shared-mime-info xdg-user-dirs libgts-bin libldap-common
  libgpm2 publicsuffix libsasl2-modules libltdl-dev libmail-sendmail-perl
  liblocale-gettext-perl libterm-readkey-perl libtext-wrapi18n-perl
  libunicode-linebreak-perl psmisc
The following NEW packages will be installed:
  autoconf automake autopoint autotools-dev bsdextrautils cmake cmake-data
  debhelper dh-autoreconf dh-strip-nondeterminism doxygen dwz file fontconfig
  fontconfig-config fonts-dejavu-core gettext gettext-base graphviz groff-base
  icu-devtools intltool-debian libann0 libarchive-zip-perl libarchive13
  libboost-dev libboost-filesystem-dev libboost-filesystem1.71-dev
  libboost-filesystem1.71.0 libboost-iostreams-dev libboost-iostreams1.71-dev
  libboost-iostreams1.71.0 libboost-program-options-dev
  libboost-program-options1.71-dev libboost-program-options1.71.0
  libboost-regex-dev libboost-regex1.71-dev libboost-regex1.71.0
  libboost-system1.71-dev libboost-system1.71.0 libboost1.71-dev libbrotli1
  libcairo2 libcdt5 libcgraph6 libclang-cpp9 libclang1-9 libcppunit-1.15-0
  libcppunit-dev libcroco3 libcurl4 libdatrie1 libdebhelper-perl libelf1
  libexpat1 libfile-stripnondeterminism-perl libfontconfig1 libfreetype6
  libfribidi0 libgd3 libglib2.0-0 libgraphite2-3 libgts-0.7-5 libgvc6 libgvpr2
  libharfbuzz0b libice6 libicu-dev libicu67 libjbig0 libjpeg62-turbo
  libjsoncpp1 liblab-gamut1 libldap-2.4-2 libllvm9 libltdl7 libmagic-mgc
  libmagic1 libncurses6 libncursesw6 libnghttp2-14 libosp5 libpam0g-dev
  libpango-1.0-0 libpangocairo-1.0-0 libpangoft2-1.0-0 libpathplan4
  libpipeline1 libpixman-1-0 libpng16-16 libprocps8 libpsl5 librhash0 librtmp1
  libsasl2-2 libsasl2-modules-db libsgmls-perl libsigsegv2 libsm6 libssh2-1
  libsub-override-perl libthai-data libthai0 libtiff5 libtool libuchardet0
  libuv1 libwebp6 libx11-6 libx11-data libxapian30 libxau6 libxaw7
  libxcb-render0 libxcb-shm0 libxcb1 libxdmcp6 libxext6 libxml2 libxmu6
  libxpm4 libxrender1 libxt6 libyaml-tiny-perl m4 man-db opensp pkg-config
  po-debconf po4a procps sbuild-build-depends-main-dummy sensible-utils
  sgml-base ucf uuid-dev x11-common
0 upgraded, 137 newly installed, 0 to remove and 0 not upgraded.
Need to get 103 MB of archives.
After this operation, 524 MB of additional disk space will be used.
Get:1 copy:/<<RESOLVERDIR>>/apt_archive ./ sbuild-build-depends-main-dummy 0.invalid.0 [1000 B]
Get:2 http://127.0.0.1:12990/debian sid/main amd64 bsdextrautils amd64 2.36-3+b1 [140 kB]
Get:3 http://127.0.0.1:12990/debian sid/main amd64 libuchardet0 amd64 0.0.7-1 [67.8 kB]
Get:4 http://127.0.0.1:12990/debian sid/main amd64 groff-base amd64 1.22.4-5 [920 kB]
Get:5 http://127.0.0.1:12990/debian sid/main amd64 libpipeline1 amd64 1.5.3-1 [34.3 kB]
Get:6 http://127.0.0.1:12990/debian sid/main amd64 man-db amd64 2.9.3-2 [1314 kB]
Get:7 http://127.0.0.1:12990/debian sid/main amd64 sgml-base all 1.30 [15.1 kB]
Get:8 http://127.0.0.1:12990/debian sid/main amd64 libncurses6 amd64 6.2+20200918-1 [102 kB]
Get:9 http://127.0.0.1:12990/debian sid/main amd64 libncursesw6 amd64 6.2+20200918-1 [132 kB]
Get:10 http://127.0.0.1:12990/debian sid/main amd64 libprocps8 amd64 2:3.3.16-5 [62.7 kB]
Get:11 http://127.0.0.1:12990/debian sid/main amd64 procps amd64 2:3.3.16-5 [262 kB]
Get:12 http://127.0.0.1:12990/debian sid/main amd64 sensible-utils all 0.0.12+nmu1 [16.0 kB]
Get:13 http://127.0.0.1:12990/debian sid/main amd64 libmagic-mgc amd64 1:5.38-5 [262 kB]
Get:14 http://127.0.0.1:12990/debian sid/main amd64 libmagic1 amd64 1:5.38-5 [120 kB]
Get:15 http://127.0.0.1:12990/debian sid/main amd64 file amd64 1:5.38-5 [67.9 kB]
Get:16 http://127.0.0.1:12990/debian sid/main amd64 gettext-base amd64 0.19.8.1-10 [123 kB]
Get:17 http://127.0.0.1:12990/debian sid/main amd64 ucf all 3.0043 [74.0 kB]
Get:18 http://127.0.0.1:12990/debian sid/main amd64 libsigsegv2 amd64 2.12-2 [32.8 kB]
Get:19 http://127.0.0.1:12990/debian sid/main amd64 m4 amd64 1.4.18-4 [203 kB]
Get:20 http://127.0.0.1:12990/debian sid/main amd64 autoconf all 2.69-11.1 [341 kB]
Get:21 http://127.0.0.1:12990/debian sid/main amd64 autotools-dev all 20180224.1 [77.0 kB]
Get:22 http://127.0.0.1:12990/debian sid/main amd64 automake all 1:1.16.2-4 [801 kB]
Get:23 http://127.0.0.1:12990/debian sid/main amd64 autopoint all 0.19.8.1-10 [435 kB]
Get:24 http://127.0.0.1:12990/debian sid/main amd64 cmake-data all 3.18.4-1 [1725 kB]
Get:25 http://127.0.0.1:12990/debian sid/main amd64 libicu67 amd64 67.1-4 [8624 kB]
Get:26 http://127.0.0.1:12990/debian sid/main amd64 libxml2 amd64 2.9.10+dfsg-6.1 [692 kB]
Get:27 http://127.0.0.1:12990/debian sid/main amd64 libarchive13 amd64 3.4.3-2 [342 kB]
Get:28 http://127.0.0.1:12990/debian sid/main amd64 libbrotli1 amd64 1.0.9-2+b1 [282 kB]
Get:29 http://127.0.0.1:12990/debian sid/main amd64 libsasl2-modules-db amd64 2.1.27+dfsg-2 [69.0 kB]
Get:30 http://127.0.0.1:12990/debian sid/main amd64 libsasl2-2 amd64 2.1.27+dfsg-2 [106 kB]
Get:31 http://127.0.0.1:12990/debian sid/main amd64 libldap-2.4-2 amd64 2.4.54+dfsg-1 [231 kB]
Get:32 http://127.0.0.1:12990/debian sid/main amd64 libnghttp2-14 amd64 1.41.0-3 [74.0 kB]
Get:33 http://127.0.0.1:12990/debian sid/main amd64 libpsl5 amd64 0.21.0-1.1 [55.3 kB]
Get:34 http://127.0.0.1:12990/debian sid/main amd64 librtmp1 amd64 2.4+20151223.gitfa8646d.1-2+b2 [60.8 kB]
Get:35 http://127.0.0.1:12990/debian sid/main amd64 libssh2-1 amd64 1.8.0-2.1 [140 kB]
Get:36 http://127.0.0.1:12990/debian sid/main amd64 libcurl4 amd64 7.72.0-1 [336 kB]
Get:37 http://127.0.0.1:12990/debian sid/main amd64 libexpat1 amd64 2.2.10-1 [96.9 kB]
Get:38 http://127.0.0.1:12990/debian sid/main amd64 libjsoncpp1 amd64 1.7.4-3.1 [77.6 kB]
Get:39 http://127.0.0.1:12990/debian sid/main amd64 librhash0 amd64 1.4.0-1 [124 kB]
Get:40 http://127.0.0.1:12990/debian sid/main amd64 libuv1 amd64 1.39.0-1 [131 kB]
Get:41 http://127.0.0.1:12990/debian sid/main amd64 cmake amd64 3.18.4-1 [5599 kB]
Get:42 http://127.0.0.1:12990/debian sid/main amd64 libtool all 2.4.6-14 [513 kB]
Get:43 http://127.0.0.1:12990/debian sid/main amd64 dh-autoreconf all 19 [16.9 kB]
Get:44 http://127.0.0.1:12990/debian sid/main amd64 libdebhelper-perl all 13.2.1 [188 kB]
Get:45 http://127.0.0.1:12990/debian sid/main amd64 libarchive-zip-perl all 1.68-1 [104 kB]
Get:46 http://127.0.0.1:12990/debian sid/main amd64 libsub-override-perl all 0.09-2 [10.2 kB]
Get:47 http://127.0.0.1:12990/debian sid/main amd64 libfile-stripnondeterminism-perl all 1.9.0-1 [25.5 kB]
Get:48 http://127.0.0.1:12990/debian sid/main amd64 dh-strip-nondeterminism all 1.9.0-1 [15.2 kB]
Get:49 http://127.0.0.1:12990/debian sid/main amd64 libelf1 amd64 0.181-1 [164 kB]
Get:50 http://127.0.0.1:12990/debian sid/main amd64 dwz amd64 0.13-5 [151 kB]
Get:51 http://127.0.0.1:12990/debian sid/main amd64 libglib2.0-0 amd64 2.66.1-2 [1362 kB]
Get:52 http://127.0.0.1:12990/debian sid/main amd64 libcroco3 amd64 0.6.13-1 [146 kB]
Get:53 http://127.0.0.1:12990/debian sid/main amd64 gettext amd64 0.19.8.1-10 [1303 kB]
Get:54 http://127.0.0.1:12990/debian sid/main amd64 intltool-debian all 0.35.0+20060710.5 [26.8 kB]
Get:55 http://127.0.0.1:12990/debian sid/main amd64 po-debconf all 1.0.21 [248 kB]
Get:56 http://127.0.0.1:12990/debian sid/main amd64 debhelper all 13.2.1 [1007 kB]
Get:57 http://127.0.0.1:12990/debian sid/main amd64 libllvm9 amd64 1:9.0.1-14+b1 [15.0 MB]
Get:58 http://127.0.0.1:12990/debian sid/main amd64 libclang-cpp9 amd64 1:9.0.1-14+b1 [8419 kB]
Get:59 http://127.0.0.1:12990/debian sid/main amd64 libclang1-9 amd64 1:9.0.1-14+b1 [6724 kB]
Get:60 http://127.0.0.1:12990/debian sid/main amd64 libxapian30 amd64 1.4.17-1 [1089 kB]
Get:61 http://127.0.0.1:12990/debian sid/main amd64 doxygen amd64 1.8.20-4 [4180 kB]
Get:62 http://127.0.0.1:12990/debian sid/main amd64 libpng16-16 amd64 1.6.37-3 [294 kB]
Get:63 http://127.0.0.1:12990/debian sid/main amd64 libfreetype6 amd64 2.10.2+dfsg-4 [410 kB]
Get:64 http://127.0.0.1:12990/debian sid/main amd64 fonts-dejavu-core all 2.37-2 [1069 kB]
Get:65 http://127.0.0.1:12990/debian sid/main amd64 fontconfig-config all 2.13.1-4.2 [281 kB]
Get:66 http://127.0.0.1:12990/debian sid/main amd64 libfontconfig1 amd64 2.13.1-4.2 [347 kB]
Get:67 http://127.0.0.1:12990/debian sid/main amd64 fontconfig amd64 2.13.1-4.2 [417 kB]
Get:68 http://127.0.0.1:12990/debian sid/main amd64 libann0 amd64 1.1.2+doc-7 [25.3 kB]
Get:69 http://127.0.0.1:12990/debian sid/main amd64 libcdt5 amd64 2.42.2-4 [60.7 kB]
Get:70 http://127.0.0.1:12990/debian sid/main amd64 libcgraph6 amd64 2.42.2-4 [85.0 kB]
Get:71 http://127.0.0.1:12990/debian sid/main amd64 libjpeg62-turbo amd64 1:2.0.5-1.1 [149 kB]
Get:72 http://127.0.0.1:12990/debian sid/main amd64 libjbig0 amd64 2.1-3.1+b2 [31.0 kB]
Get:73 http://127.0.0.1:12990/debian sid/main amd64 libwebp6 amd64 0.6.1-2+b1 [261 kB]
Get:74 http://127.0.0.1:12990/debian sid/main amd64 libtiff5 amd64 4.1.0+git191117-2 [271 kB]
Get:75 http://127.0.0.1:12990/debian sid/main amd64 libxau6 amd64 1:1.0.8-1+b2 [19.9 kB]
Get:76 http://127.0.0.1:12990/debian sid/main amd64 libxdmcp6 amd64 1:1.1.2-3 [26.3 kB]
Get:77 http://127.0.0.1:12990/debian sid/main amd64 libxcb1 amd64 1.14-2 [139 kB]
Get:78 http://127.0.0.1:12990/debian sid/main amd64 libx11-data all 2:1.6.12-1 [311 kB]
Get:79 http://127.0.0.1:12990/debian sid/main amd64 libx11-6 amd64 2:1.6.12-1 [770 kB]
Get:80 http://127.0.0.1:12990/debian sid/main amd64 libxpm4 amd64 1:3.5.12-1 [49.1 kB]
Get:81 http://127.0.0.1:12990/debian sid/main amd64 libgd3 amd64 2.3.0-2 [137 kB]
Get:82 http://127.0.0.1:12990/debian sid/main amd64 libgts-0.7-5 amd64 0.7.6+darcs121130-4+b1 [158 kB]
Get:83 http://127.0.0.1:12990/debian sid/main amd64 libpixman-1-0 amd64 0.36.0-1 [537 kB]
Get:84 http://127.0.0.1:12990/debian sid/main amd64 libxcb-render0 amd64 1.14-2 [111 kB]
Get:85 http://127.0.0.1:12990/debian sid/main amd64 libxcb-shm0 amd64 1.14-2 [101 kB]
Get:86 http://127.0.0.1:12990/debian sid/main amd64 libxext6 amd64 2:1.3.3-1+b2 [52.5 kB]
Get:87 http://127.0.0.1:12990/debian sid/main amd64 libxrender1 amd64 1:0.9.10-1 [33.0 kB]
Get:88 http://127.0.0.1:12990/debian sid/main amd64 libcairo2 amd64 1.16.0-4 [689 kB]
Get:89 http://127.0.0.1:12990/debian sid/main amd64 libltdl7 amd64 2.4.6-14 [390 kB]
Get:90 http://127.0.0.1:12990/debian sid/main amd64 libfribidi0 amd64 1.0.8-2 [64.8 kB]
Get:91 http://127.0.0.1:12990/debian sid/main amd64 libgraphite2-3 amd64 1.3.14-1 [81.2 kB]
Get:92 http://127.0.0.1:12990/debian sid/main amd64 libharfbuzz0b amd64 2.6.7-1 [1467 kB]
Get:93 http://127.0.0.1:12990/debian sid/main amd64 libthai-data all 0.1.28-3 [170 kB]
Get:94 http://127.0.0.1:12990/debian sid/main amd64 libdatrie1 amd64 0.2.12-3 [39.5 kB]
Get:95 http://127.0.0.1:12990/debian sid/main amd64 libthai0 amd64 0.1.28-3 [54.2 kB]
Get:96 http://127.0.0.1:12990/debian sid/main amd64 libpango-1.0-0 amd64 1.46.2-1 [191 kB]
Get:97 http://127.0.0.1:12990/debian sid/main amd64 libpangoft2-1.0-0 amd64 1.46.2-1 [61.2 kB]
Get:98 http://127.0.0.1:12990/debian sid/main amd64 libpangocairo-1.0-0 amd64 1.46.2-1 [50.0 kB]
Get:99 http://127.0.0.1:12990/debian sid/main amd64 libpathplan4 amd64 2.42.2-4 [63.9 kB]
Get:100 http://127.0.0.1:12990/debian sid/main amd64 libgvc6 amd64 2.42.2-4 [691 kB]
Get:101 http://127.0.0.1:12990/debian sid/main amd64 libgvpr2 amd64 2.42.2-4 [211 kB]
Get:102 http://127.0.0.1:12990/debian sid/main amd64 liblab-gamut1 amd64 2.42.2-4 [221 kB]
Get:103 http://127.0.0.1:12990/debian sid/main amd64 x11-common all 1:7.7+21 [252 kB]
Get:104 http://127.0.0.1:12990/debian sid/main amd64 libice6 amd64 2:1.0.10-1 [58.5 kB]
Get:105 http://127.0.0.1:12990/debian sid/main amd64 libsm6 amd64 2:1.2.3-1 [35.1 kB]
Get:106 http://127.0.0.1:12990/debian sid/main amd64 libxt6 amd64 1:1.2.0-1 [189 kB]
Get:107 http://127.0.0.1:12990/debian sid/main amd64 libxmu6 amd64 2:1.1.2-2+b3 [60.8 kB]
Get:108 http://127.0.0.1:12990/debian sid/main amd64 libxaw7 amd64 2:1.0.13-1+b2 [201 kB]
Get:109 http://127.0.0.1:12990/debian sid/main amd64 graphviz amd64 2.42.2-4 [630 kB]
Get:110 http://127.0.0.1:12990/debian sid/main amd64 icu-devtools amd64 67.1-4 [201 kB]
Get:111 http://127.0.0.1:12990/debian sid/main amd64 libboost1.71-dev amd64 1.71.0-7+b1 [9100 kB]
Get:112 http://127.0.0.1:12990/debian sid/main amd64 libboost-dev amd64 1.71.0.3 [4340 B]
Get:113 http://127.0.0.1:12990/debian sid/main amd64 libboost-filesystem1.71.0 amd64 1.71.0-7+b1 [270 kB]
Get:114 http://127.0.0.1:12990/debian sid/main amd64 libboost-system1.71.0 amd64 1.71.0-7+b1 [233 kB]
Get:115 http://127.0.0.1:12990/debian sid/main amd64 libboost-system1.71-dev amd64 1.71.0-7+b1 [234 kB]
Get:116 http://127.0.0.1:12990/debian sid/main amd64 libboost-filesystem1.71-dev amd64 1.71.0-7+b1 [287 kB]
Get:117 http://127.0.0.1:12990/debian sid/main amd64 libboost-filesystem-dev amd64 1.71.0.3 [4160 B]
Get:118 http://127.0.0.1:12990/debian sid/main amd64 libboost-regex1.71.0 amd64 1.71.0-7+b1 [510 kB]
Get:119 http://127.0.0.1:12990/debian sid/main amd64 libicu-dev amd64 67.1-4 [9593 kB]
Get:120 http://127.0.0.1:12990/debian sid/main amd64 libboost-regex1.71-dev amd64 1.71.0-7+b1 [598 kB]
Get:121 http://127.0.0.1:12990/debian sid/main amd64 libboost-iostreams1.71.0 amd64 1.71.0-7+b1 [263 kB]
Get:122 http://127.0.0.1:12990/debian sid/main amd64 libboost-iostreams1.71-dev amd64 1.71.0-7+b1 [276 kB]
Get:123 http://127.0.0.1:12990/debian sid/main amd64 libboost-iostreams-dev amd64 1.71.0.3 [4112 B]
Get:124 http://127.0.0.1:12990/debian sid/main amd64 libboost-program-options1.71.0 amd64 1.71.0-7+b1 [364 kB]
Get:125 http://127.0.0.1:12990/debian sid/main amd64 libboost-program-options1.71-dev amd64 1.71.0-7+b1 [403 kB]
Get:126 http://127.0.0.1:12990/debian sid/main amd64 libboost-program-options-dev amd64 1.71.0.3 [4132 B]
Get:127 http://127.0.0.1:12990/debian sid/main amd64 libboost-regex-dev amd64 1.71.0.3 [4392 B]
Get:128 http://127.0.0.1:12990/debian sid/main amd64 libcppunit-1.15-0 amd64 1.15.1-2 [145 kB]
Get:129 http://127.0.0.1:12990/debian sid/main amd64 libcppunit-dev amd64 1.15.1-2 [204 kB]
Get:130 http://127.0.0.1:12990/debian sid/main amd64 libosp5 amd64 1.5.2-13+b1 [948 kB]
Get:131 http://127.0.0.1:12990/debian sid/main amd64 libpam0g-dev amd64 1.3.1-5 [186 kB]
Get:132 http://127.0.0.1:12990/debian sid/main amd64 libsgmls-perl all 1.03ii-36 [26.5 kB]
Get:133 http://127.0.0.1:12990/debian sid/main amd64 libyaml-tiny-perl all 1.73-1 [32.3 kB]
Get:134 http://127.0.0.1:12990/debian sid/main amd64 opensp amd64 1.5.2-13+b1 [449 kB]
Get:135 http://127.0.0.1:12990/debian sid/main amd64 pkg-config amd64 0.29.2-1 [65.1 kB]
Get:136 http://127.0.0.1:12990/debian sid/main amd64 po4a all 0.61-1 [1722 kB]
Get:137 http://127.0.0.1:12990/debian sid/main amd64 uuid-dev amd64 2.36-3+b1 [98.2 kB]
debconf: delaying package configuration, since apt-utils is not installed
Fetched 103 MB in 1s (139 MB/s)
Selecting previously unselected package bsdextrautils.
(Reading database ... 14056 files and directories currently installed.)
Preparing to unpack .../000-bsdextrautils_2.36-3+b1_amd64.deb ...
Unpacking bsdextrautils (2.36-3+b1) ...
Selecting previously unselected package libuchardet0:amd64.
Preparing to unpack .../001-libuchardet0_0.0.7-1_amd64.deb ...
Unpacking libuchardet0:amd64 (0.0.7-1) ...
Selecting previously unselected package groff-base.
Preparing to unpack .../002-groff-base_1.22.4-5_amd64.deb ...
Unpacking groff-base (1.22.4-5) ...
Selecting previously unselected package libpipeline1:amd64.
Preparing to unpack .../003-libpipeline1_1.5.3-1_amd64.deb ...
Unpacking libpipeline1:amd64 (1.5.3-1) ...
Selecting previously unselected package man-db.
Preparing to unpack .../004-man-db_2.9.3-2_amd64.deb ...
Unpacking man-db (2.9.3-2) ...
Selecting previously unselected package sgml-base.
Preparing to unpack .../005-sgml-base_1.30_all.deb ...
Unpacking sgml-base (1.30) ...
Selecting previously unselected package libncurses6:amd64.
Preparing to unpack .../006-libncurses6_6.2+20200918-1_amd64.deb ...
Unpacking libncurses6:amd64 (6.2+20200918-1) ...
Selecting previously unselected package libncursesw6:amd64.
Preparing to unpack .../007-libncursesw6_6.2+20200918-1_amd64.deb ...
Unpacking libncursesw6:amd64 (6.2+20200918-1) ...
Selecting previously unselected package libprocps8:amd64.
Preparing to unpack .../008-libprocps8_2%3a3.3.16-5_amd64.deb ...
Unpacking libprocps8:amd64 (2:3.3.16-5) ...
Selecting previously unselected package procps.
Preparing to unpack .../009-procps_2%3a3.3.16-5_amd64.deb ...
Unpacking procps (2:3.3.16-5) ...
Selecting previously unselected package sensible-utils.
Preparing to unpack .../010-sensible-utils_0.0.12+nmu1_all.deb ...
Unpacking sensible-utils (0.0.12+nmu1) ...
Selecting previously unselected package libmagic-mgc.
Preparing to unpack .../011-libmagic-mgc_1%3a5.38-5_amd64.deb ...
Unpacking libmagic-mgc (1:5.38-5) ...
Selecting previously unselected package libmagic1:amd64.
Preparing to unpack .../012-libmagic1_1%3a5.38-5_amd64.deb ...
Unpacking libmagic1:amd64 (1:5.38-5) ...
Selecting previously unselected package file.
Preparing to unpack .../013-file_1%3a5.38-5_amd64.deb ...
Unpacking file (1:5.38-5) ...
Selecting previously unselected package gettext-base.
Preparing to unpack .../014-gettext-base_0.19.8.1-10_amd64.deb ...
Unpacking gettext-base (0.19.8.1-10) ...
Selecting previously unselected package ucf.
Preparing to unpack .../015-ucf_3.0043_all.deb ...
Moving old data out of the way
Unpacking ucf (3.0043) ...
Selecting previously unselected package libsigsegv2:amd64.
Preparing to unpack .../016-libsigsegv2_2.12-2_amd64.deb ...
Unpacking libsigsegv2:amd64 (2.12-2) ...
Selecting previously unselected package m4.
Preparing to unpack .../017-m4_1.4.18-4_amd64.deb ...
Unpacking m4 (1.4.18-4) ...
Selecting previously unselected package autoconf.
Preparing to unpack .../018-autoconf_2.69-11.1_all.deb ...
Unpacking autoconf (2.69-11.1) ...
Selecting previously unselected package autotools-dev.
Preparing to unpack .../019-autotools-dev_20180224.1_all.deb ...
Unpacking autotools-dev (20180224.1) ...
Selecting previously unselected package automake.
Preparing to unpack .../020-automake_1%3a1.16.2-4_all.deb ...
Unpacking automake (1:1.16.2-4) ...
Selecting previously unselected package autopoint.
Preparing to unpack .../021-autopoint_0.19.8.1-10_all.deb ...
Unpacking autopoint (0.19.8.1-10) ...
Selecting previously unselected package cmake-data.
Preparing to unpack .../022-cmake-data_3.18.4-1_all.deb ...
Unpacking cmake-data (3.18.4-1) ...
Selecting previously unselected package libicu67:amd64.
Preparing to unpack .../023-libicu67_67.1-4_amd64.deb ...
Unpacking libicu67:amd64 (67.1-4) ...
Selecting previously unselected package libxml2:amd64.
Preparing to unpack .../024-libxml2_2.9.10+dfsg-6.1_amd64.deb ...
Unpacking libxml2:amd64 (2.9.10+dfsg-6.1) ...
Selecting previously unselected package libarchive13:amd64.
Preparing to unpack .../025-libarchive13_3.4.3-2_amd64.deb ...
Unpacking libarchive13:amd64 (3.4.3-2) ...
Selecting previously unselected package libbrotli1:amd64.
Preparing to unpack .../026-libbrotli1_1.0.9-2+b1_amd64.deb ...
Unpacking libbrotli1:amd64 (1.0.9-2+b1) ...
Selecting previously unselected package libsasl2-modules-db:amd64.
Preparing to unpack .../027-libsasl2-modules-db_2.1.27+dfsg-2_amd64.deb ...
Unpacking libsasl2-modules-db:amd64 (2.1.27+dfsg-2) ...
Selecting previously unselected package libsasl2-2:amd64.
Preparing to unpack .../028-libsasl2-2_2.1.27+dfsg-2_amd64.deb ...
Unpacking libsasl2-2:amd64 (2.1.27+dfsg-2) ...
Selecting previously unselected package libldap-2.4-2:amd64.
Preparing to unpack .../029-libldap-2.4-2_2.4.54+dfsg-1_amd64.deb ...
Unpacking libldap-2.4-2:amd64 (2.4.54+dfsg-1) ...
Selecting previously unselected package libnghttp2-14:amd64.
Preparing to unpack .../030-libnghttp2-14_1.41.0-3_amd64.deb ...
Unpacking libnghttp2-14:amd64 (1.41.0-3) ...
Selecting previously unselected package libpsl5:amd64.
Preparing to unpack .../031-libpsl5_0.21.0-1.1_amd64.deb ...
Unpacking libpsl5:amd64 (0.21.0-1.1) ...
Selecting previously unselected package librtmp1:amd64.
Preparing to unpack .../032-librtmp1_2.4+20151223.gitfa8646d.1-2+b2_amd64.deb ...
Unpacking librtmp1:amd64 (2.4+20151223.gitfa8646d.1-2+b2) ...
Selecting previously unselected package libssh2-1:amd64.
Preparing to unpack .../033-libssh2-1_1.8.0-2.1_amd64.deb ...
Unpacking libssh2-1:amd64 (1.8.0-2.1) ...
Selecting previously unselected package libcurl4:amd64.
Preparing to unpack .../034-libcurl4_7.72.0-1_amd64.deb ...
Unpacking libcurl4:amd64 (7.72.0-1) ...
Selecting previously unselected package libexpat1:amd64.
Preparing to unpack .../035-libexpat1_2.2.10-1_amd64.deb ...
Unpacking libexpat1:amd64 (2.2.10-1) ...
Selecting previously unselected package libjsoncpp1:amd64.
Preparing to unpack .../036-libjsoncpp1_1.7.4-3.1_amd64.deb ...
Unpacking libjsoncpp1:amd64 (1.7.4-3.1) ...
Selecting previously unselected package librhash0:amd64.
Preparing to unpack .../037-librhash0_1.4.0-1_amd64.deb ...
Unpacking librhash0:amd64 (1.4.0-1) ...
Selecting previously unselected package libuv1:amd64.
Preparing to unpack .../038-libuv1_1.39.0-1_amd64.deb ...
Unpacking libuv1:amd64 (1.39.0-1) ...
Selecting previously unselected package cmake.
Preparing to unpack .../039-cmake_3.18.4-1_amd64.deb ...
Unpacking cmake (3.18.4-1) ...
Selecting previously unselected package libtool.
Preparing to unpack .../040-libtool_2.4.6-14_all.deb ...
Unpacking libtool (2.4.6-14) ...
Selecting previously unselected package dh-autoreconf.
Preparing to unpack .../041-dh-autoreconf_19_all.deb ...
Unpacking dh-autoreconf (19) ...
Selecting previously unselected package libdebhelper-perl.
Preparing to unpack .../042-libdebhelper-perl_13.2.1_all.deb ...
Unpacking libdebhelper-perl (13.2.1) ...
Selecting previously unselected package libarchive-zip-perl.
Preparing to unpack .../043-libarchive-zip-perl_1.68-1_all.deb ...
Unpacking libarchive-zip-perl (1.68-1) ...
Selecting previously unselected package libsub-override-perl.
Preparing to unpack .../044-libsub-override-perl_0.09-2_all.deb ...
Unpacking libsub-override-perl (0.09-2) ...
Selecting previously unselected package libfile-stripnondeterminism-perl.
Preparing to unpack .../045-libfile-stripnondeterminism-perl_1.9.0-1_all.deb ...
Unpacking libfile-stripnondeterminism-perl (1.9.0-1) ...
Selecting previously unselected package dh-strip-nondeterminism.
Preparing to unpack .../046-dh-strip-nondeterminism_1.9.0-1_all.deb ...
Unpacking dh-strip-nondeterminism (1.9.0-1) ...
Selecting previously unselected package libelf1:amd64.
Preparing to unpack .../047-libelf1_0.181-1_amd64.deb ...
Unpacking libelf1:amd64 (0.181-1) ...
Selecting previously unselected package dwz.
Preparing to unpack .../048-dwz_0.13-5_amd64.deb ...
Unpacking dwz (0.13-5) ...
Selecting previously unselected package libglib2.0-0:amd64.
Preparing to unpack .../049-libglib2.0-0_2.66.1-2_amd64.deb ...
Unpacking libglib2.0-0:amd64 (2.66.1-2) ...
Selecting previously unselected package libcroco3:amd64.
Preparing to unpack .../050-libcroco3_0.6.13-1_amd64.deb ...
Unpacking libcroco3:amd64 (0.6.13-1) ...
Selecting previously unselected package gettext.
Preparing to unpack .../051-gettext_0.19.8.1-10_amd64.deb ...
Unpacking gettext (0.19.8.1-10) ...
Selecting previously unselected package intltool-debian.
Preparing to unpack .../052-intltool-debian_0.35.0+20060710.5_all.deb ...
Unpacking intltool-debian (0.35.0+20060710.5) ...
Selecting previously unselected package po-debconf.
Preparing to unpack .../053-po-debconf_1.0.21_all.deb ...
Unpacking po-debconf (1.0.21) ...
Selecting previously unselected package debhelper.
Preparing to unpack .../054-debhelper_13.2.1_all.deb ...
Unpacking debhelper (13.2.1) ...
Selecting previously unselected package libllvm9:amd64.
Preparing to unpack .../055-libllvm9_1%3a9.0.1-14+b1_amd64.deb ...
Unpacking libllvm9:amd64 (1:9.0.1-14+b1) ...
Selecting previously unselected package libclang-cpp9.
Preparing to unpack .../056-libclang-cpp9_1%3a9.0.1-14+b1_amd64.deb ...
Unpacking libclang-cpp9 (1:9.0.1-14+b1) ...
Selecting previously unselected package libclang1-9.
Preparing to unpack .../057-libclang1-9_1%3a9.0.1-14+b1_amd64.deb ...
Unpacking libclang1-9 (1:9.0.1-14+b1) ...
Selecting previously unselected package libxapian30:amd64.
Preparing to unpack .../058-libxapian30_1.4.17-1_amd64.deb ...
Unpacking libxapian30:amd64 (1.4.17-1) ...
Selecting previously unselected package doxygen.
Preparing to unpack .../059-doxygen_1.8.20-4_amd64.deb ...
Unpacking doxygen (1.8.20-4) ...
Selecting previously unselected package libpng16-16:amd64.
Preparing to unpack .../060-libpng16-16_1.6.37-3_amd64.deb ...
Unpacking libpng16-16:amd64 (1.6.37-3) ...
Selecting previously unselected package libfreetype6:amd64.
Preparing to unpack .../061-libfreetype6_2.10.2+dfsg-4_amd64.deb ...
Unpacking libfreetype6:amd64 (2.10.2+dfsg-4) ...
Selecting previously unselected package fonts-dejavu-core.
Preparing to unpack .../062-fonts-dejavu-core_2.37-2_all.deb ...
Unpacking fonts-dejavu-core (2.37-2) ...
Selecting previously unselected package fontconfig-config.
Preparing to unpack .../063-fontconfig-config_2.13.1-4.2_all.deb ...
Unpacking fontconfig-config (2.13.1-4.2) ...
Selecting previously unselected package libfontconfig1:amd64.
Preparing to unpack .../064-libfontconfig1_2.13.1-4.2_amd64.deb ...
Unpacking libfontconfig1:amd64 (2.13.1-4.2) ...
Selecting previously unselected package fontconfig.
Preparing to unpack .../065-fontconfig_2.13.1-4.2_amd64.deb ...
Unpacking fontconfig (2.13.1-4.2) ...
Selecting previously unselected package libann0.
Preparing to unpack .../066-libann0_1.1.2+doc-7_amd64.deb ...
Unpacking libann0 (1.1.2+doc-7) ...
Selecting previously unselected package libcdt5:amd64.
Preparing to unpack .../067-libcdt5_2.42.2-4_amd64.deb ...
Unpacking libcdt5:amd64 (2.42.2-4) ...
Selecting previously unselected package libcgraph6:amd64.
Preparing to unpack .../068-libcgraph6_2.42.2-4_amd64.deb ...
Unpacking libcgraph6:amd64 (2.42.2-4) ...
Selecting previously unselected package libjpeg62-turbo:amd64.
Preparing to unpack .../069-libjpeg62-turbo_1%3a2.0.5-1.1_amd64.deb ...
Unpacking libjpeg62-turbo:amd64 (1:2.0.5-1.1) ...
Selecting previously unselected package libjbig0:amd64.
Preparing to unpack .../070-libjbig0_2.1-3.1+b2_amd64.deb ...
Unpacking libjbig0:amd64 (2.1-3.1+b2) ...
Selecting previously unselected package libwebp6:amd64.
Preparing to unpack .../071-libwebp6_0.6.1-2+b1_amd64.deb ...
Unpacking libwebp6:amd64 (0.6.1-2+b1) ...
Selecting previously unselected package libtiff5:amd64.
Preparing to unpack .../072-libtiff5_4.1.0+git191117-2_amd64.deb ...
Unpacking libtiff5:amd64 (4.1.0+git191117-2) ...
Selecting previously unselected package libxau6:amd64.
Preparing to unpack .../073-libxau6_1%3a1.0.8-1+b2_amd64.deb ...
Unpacking libxau6:amd64 (1:1.0.8-1+b2) ...
Selecting previously unselected package libxdmcp6:amd64.
Preparing to unpack .../074-libxdmcp6_1%3a1.1.2-3_amd64.deb ...
Unpacking libxdmcp6:amd64 (1:1.1.2-3) ...
Selecting previously unselected package libxcb1:amd64.
Preparing to unpack .../075-libxcb1_1.14-2_amd64.deb ...
Unpacking libxcb1:amd64 (1.14-2) ...
Selecting previously unselected package libx11-data.
Preparing to unpack .../076-libx11-data_2%3a1.6.12-1_all.deb ...
Unpacking libx11-data (2:1.6.12-1) ...
Selecting previously unselected package libx11-6:amd64.
Preparing to unpack .../077-libx11-6_2%3a1.6.12-1_amd64.deb ...
Unpacking libx11-6:amd64 (2:1.6.12-1) ...
Selecting previously unselected package libxpm4:amd64.
Preparing to unpack .../078-libxpm4_1%3a3.5.12-1_amd64.deb ...
Unpacking libxpm4:amd64 (1:3.5.12-1) ...
Selecting previously unselected package libgd3:amd64.
Preparing to unpack .../079-libgd3_2.3.0-2_amd64.deb ...
Unpacking libgd3:amd64 (2.3.0-2) ...
Selecting previously unselected package libgts-0.7-5:amd64.
Preparing to unpack .../080-libgts-0.7-5_0.7.6+darcs121130-4+b1_amd64.deb ...
Unpacking libgts-0.7-5:amd64 (0.7.6+darcs121130-4+b1) ...
Selecting previously unselected package libpixman-1-0:amd64.
Preparing to unpack .../081-libpixman-1-0_0.36.0-1_amd64.deb ...
Unpacking libpixman-1-0:amd64 (0.36.0-1) ...
Selecting previously unselected package libxcb-render0:amd64.
Preparing to unpack .../082-libxcb-render0_1.14-2_amd64.deb ...
Unpacking libxcb-render0:amd64 (1.14-2) ...
Selecting previously unselected package libxcb-shm0:amd64.
Preparing to unpack .../083-libxcb-shm0_1.14-2_amd64.deb ...
Unpacking libxcb-shm0:amd64 (1.14-2) ...
Selecting previously unselected package libxext6:amd64.
Preparing to unpack .../084-libxext6_2%3a1.3.3-1+b2_amd64.deb ...
Unpacking libxext6:amd64 (2:1.3.3-1+b2) ...
Selecting previously unselected package libxrender1:amd64.
Preparing to unpack .../085-libxrender1_1%3a0.9.10-1_amd64.deb ...
Unpacking libxrender1:amd64 (1:0.9.10-1) ...
Selecting previously unselected package libcairo2:amd64.
Preparing to unpack .../086-libcairo2_1.16.0-4_amd64.deb ...
Unpacking libcairo2:amd64 (1.16.0-4) ...
Selecting previously unselected package libltdl7:amd64.
Preparing to unpack .../087-libltdl7_2.4.6-14_amd64.deb ...
Unpacking libltdl7:amd64 (2.4.6-14) ...
Selecting previously unselected package libfribidi0:amd64.
Preparing to unpack .../088-libfribidi0_1.0.8-2_amd64.deb ...
Unpacking libfribidi0:amd64 (1.0.8-2) ...
Selecting previously unselected package libgraphite2-3:amd64.
Preparing to unpack .../089-libgraphite2-3_1.3.14-1_amd64.deb ...
Unpacking libgraphite2-3:amd64 (1.3.14-1) ...
Selecting previously unselected package libharfbuzz0b:amd64.
Preparing to unpack .../090-libharfbuzz0b_2.6.7-1_amd64.deb ...
Unpacking libharfbuzz0b:amd64 (2.6.7-1) ...
Selecting previously unselected package libthai-data.
Preparing to unpack .../091-libthai-data_0.1.28-3_all.deb ...
Unpacking libthai-data (0.1.28-3) ...
Selecting previously unselected package libdatrie1:amd64.
Preparing to unpack .../092-libdatrie1_0.2.12-3_amd64.deb ...
Unpacking libdatrie1:amd64 (0.2.12-3) ...
Selecting previously unselected package libthai0:amd64.
Preparing to unpack .../093-libthai0_0.1.28-3_amd64.deb ...
Unpacking libthai0:amd64 (0.1.28-3) ...
Selecting previously unselected package libpango-1.0-0:amd64.
Preparing to unpack .../094-libpango-1.0-0_1.46.2-1_amd64.deb ...
Unpacking libpango-1.0-0:amd64 (1.46.2-1) ...
Selecting previously unselected package libpangoft2-1.0-0:amd64.
Preparing to unpack .../095-libpangoft2-1.0-0_1.46.2-1_amd64.deb ...
Unpacking libpangoft2-1.0-0:amd64 (1.46.2-1) ...
Selecting previously unselected package libpangocairo-1.0-0:amd64.
Preparing to unpack .../096-libpangocairo-1.0-0_1.46.2-1_amd64.deb ...
Unpacking libpangocairo-1.0-0:amd64 (1.46.2-1) ...
Selecting previously unselected package libpathplan4:amd64.
Preparing to unpack .../097-libpathplan4_2.42.2-4_amd64.deb ...
Unpacking libpathplan4:amd64 (2.42.2-4) ...
Selecting previously unselected package libgvc6.
Preparing to unpack .../098-libgvc6_2.42.2-4_amd64.deb ...
Unpacking libgvc6 (2.42.2-4) ...
Selecting previously unselected package libgvpr2:amd64.
Preparing to unpack .../099-libgvpr2_2.42.2-4_amd64.deb ...
Unpacking libgvpr2:amd64 (2.42.2-4) ...
Selecting previously unselected package liblab-gamut1:amd64.
Preparing to unpack .../100-liblab-gamut1_2.42.2-4_amd64.deb ...
Unpacking liblab-gamut1:amd64 (2.42.2-4) ...
Selecting previously unselected package x11-common.
Preparing to unpack .../101-x11-common_1%3a7.7+21_all.deb ...
Unpacking x11-common (1:7.7+21) ...
Selecting previously unselected package libice6:amd64.
Preparing to unpack .../102-libice6_2%3a1.0.10-1_amd64.deb ...
Unpacking libice6:amd64 (2:1.0.10-1) ...
Selecting previously unselected package libsm6:amd64.
Preparing to unpack .../103-libsm6_2%3a1.2.3-1_amd64.deb ...
Unpacking libsm6:amd64 (2:1.2.3-1) ...
Selecting previously unselected package libxt6:amd64.
Preparing to unpack .../104-libxt6_1%3a1.2.0-1_amd64.deb ...
Unpacking libxt6:amd64 (1:1.2.0-1) ...
Selecting previously unselected package libxmu6:amd64.
Preparing to unpack .../105-libxmu6_2%3a1.1.2-2+b3_amd64.deb ...
Unpacking libxmu6:amd64 (2:1.1.2-2+b3) ...
Selecting previously unselected package libxaw7:amd64.
Preparing to unpack .../106-libxaw7_2%3a1.0.13-1+b2_amd64.deb ...
Unpacking libxaw7:amd64 (2:1.0.13-1+b2) ...
Selecting previously unselected package graphviz.
Preparing to unpack .../107-graphviz_2.42.2-4_amd64.deb ...
Unpacking graphviz (2.42.2-4) ...
Selecting previously unselected package icu-devtools.
Preparing to unpack .../108-icu-devtools_67.1-4_amd64.deb ...
Unpacking icu-devtools (67.1-4) ...
Selecting previously unselected package libboost1.71-dev:amd64.
Preparing to unpack .../109-libboost1.71-dev_1.71.0-7+b1_amd64.deb ...
Unpacking libboost1.71-dev:amd64 (1.71.0-7+b1) ...
Selecting previously unselected package libboost-dev:amd64.
Preparing to unpack .../110-libboost-dev_1.71.0.3_amd64.deb ...
Unpacking libboost-dev:amd64 (1.71.0.3) ...
Selecting previously unselected package libboost-filesystem1.71.0:amd64.
Preparing to unpack .../111-libboost-filesystem1.71.0_1.71.0-7+b1_amd64.deb ...
Unpacking libboost-filesystem1.71.0:amd64 (1.71.0-7+b1) ...
Selecting previously unselected package libboost-system1.71.0:amd64.
Preparing to unpack .../112-libboost-system1.71.0_1.71.0-7+b1_amd64.deb ...
Unpacking libboost-system1.71.0:amd64 (1.71.0-7+b1) ...
Selecting previously unselected package libboost-system1.71-dev:amd64.
Preparing to unpack .../113-libboost-system1.71-dev_1.71.0-7+b1_amd64.deb ...
Unpacking libboost-system1.71-dev:amd64 (1.71.0-7+b1) ...
Selecting previously unselected package libboost-filesystem1.71-dev:amd64.
Preparing to unpack .../114-libboost-filesystem1.71-dev_1.71.0-7+b1_amd64.deb ...
Unpacking libboost-filesystem1.71-dev:amd64 (1.71.0-7+b1) ...
Selecting previously unselected package libboost-filesystem-dev:amd64.
Preparing to unpack .../115-libboost-filesystem-dev_1.71.0.3_amd64.deb ...
Unpacking libboost-filesystem-dev:amd64 (1.71.0.3) ...
Selecting previously unselected package libboost-regex1.71.0:amd64.
Preparing to unpack .../116-libboost-regex1.71.0_1.71.0-7+b1_amd64.deb ...
Unpacking libboost-regex1.71.0:amd64 (1.71.0-7+b1) ...
Selecting previously unselected package libicu-dev:amd64.
Preparing to unpack .../117-libicu-dev_67.1-4_amd64.deb ...
Unpacking libicu-dev:amd64 (67.1-4) ...
Selecting previously unselected package libboost-regex1.71-dev:amd64.
Preparing to unpack .../118-libboost-regex1.71-dev_1.71.0-7+b1_amd64.deb ...
Unpacking libboost-regex1.71-dev:amd64 (1.71.0-7+b1) ...
Selecting previously unselected package libboost-iostreams1.71.0:amd64.
Preparing to unpack .../119-libboost-iostreams1.71.0_1.71.0-7+b1_amd64.deb ...
Unpacking libboost-iostreams1.71.0:amd64 (1.71.0-7+b1) ...
Selecting previously unselected package libboost-iostreams1.71-dev:amd64.
Preparing to unpack .../120-libboost-iostreams1.71-dev_1.71.0-7+b1_amd64.deb ...
Unpacking libboost-iostreams1.71-dev:amd64 (1.71.0-7+b1) ...
Selecting previously unselected package libboost-iostreams-dev:amd64.
Preparing to unpack .../121-libboost-iostreams-dev_1.71.0.3_amd64.deb ...
Unpacking libboost-iostreams-dev:amd64 (1.71.0.3) ...
Selecting previously unselected package libboost-program-options1.71.0:amd64.
Preparing to unpack .../122-libboost-program-options1.71.0_1.71.0-7+b1_amd64.deb ...
Unpacking libboost-program-options1.71.0:amd64 (1.71.0-7+b1) ...
Selecting previously unselected package libboost-program-options1.71-dev:amd64.
Preparing to unpack .../123-libboost-program-options1.71-dev_1.71.0-7+b1_amd64.deb ...
Unpacking libboost-program-options1.71-dev:amd64 (1.71.0-7+b1) ...
Selecting previously unselected package libboost-program-options-dev:amd64.
Preparing to unpack .../124-libboost-program-options-dev_1.71.0.3_amd64.deb ...
Unpacking libboost-program-options-dev:amd64 (1.71.0.3) ...
Selecting previously unselected package libboost-regex-dev:amd64.
Preparing to unpack .../125-libboost-regex-dev_1.71.0.3_amd64.deb ...
Unpacking libboost-regex-dev:amd64 (1.71.0.3) ...
Selecting previously unselected package libcppunit-1.15-0:amd64.
Preparing to unpack .../126-libcppunit-1.15-0_1.15.1-2_amd64.deb ...
Unpacking libcppunit-1.15-0:amd64 (1.15.1-2) ...
Selecting previously unselected package libcppunit-dev.
Preparing to unpack .../127-libcppunit-dev_1.15.1-2_amd64.deb ...
Unpacking libcppunit-dev (1.15.1-2) ...
Selecting previously unselected package libosp5.
Preparing to unpack .../128-libosp5_1.5.2-13+b1_amd64.deb ...
Unpacking libosp5 (1.5.2-13+b1) ...
Selecting previously unselected package libpam0g-dev:amd64.
Preparing to unpack .../129-libpam0g-dev_1.3.1-5_amd64.deb ...
Unpacking libpam0g-dev:amd64 (1.3.1-5) ...
Selecting previously unselected package libsgmls-perl.
Preparing to unpack .../130-libsgmls-perl_1.03ii-36_all.deb ...
Unpacking libsgmls-perl (1.03ii-36) ...
Selecting previously unselected package libyaml-tiny-perl.
Preparing to unpack .../131-libyaml-tiny-perl_1.73-1_all.deb ...
Unpacking libyaml-tiny-perl (1.73-1) ...
Selecting previously unselected package opensp.
Preparing to unpack .../132-opensp_1.5.2-13+b1_amd64.deb ...
Unpacking opensp (1.5.2-13+b1) ...
Selecting previously unselected package pkg-config.
Preparing to unpack .../133-pkg-config_0.29.2-1_amd64.deb ...
Unpacking pkg-config (0.29.2-1) ...
Selecting previously unselected package po4a.
Preparing to unpack .../134-po4a_0.61-1_all.deb ...
Unpacking po4a (0.61-1) ...
Selecting previously unselected package uuid-dev:amd64.
Preparing to unpack .../135-uuid-dev_2.36-3+b1_amd64.deb ...
Unpacking uuid-dev:amd64 (2.36-3+b1) ...
Selecting previously unselected package sbuild-build-depends-main-dummy.
Preparing to unpack .../136-sbuild-build-depends-main-dummy_0.invalid.0_amd64.deb ...
Unpacking sbuild-build-depends-main-dummy (0.invalid.0) ...
Setting up libexpat1:amd64 (2.2.10-1) ...
Setting up libpipeline1:amd64 (1.5.3-1) ...
Setting up libgraphite2-3:amd64 (1.3.14-1) ...
Setting up libpixman-1-0:amd64 (0.36.0-1) ...
Setting up libcppunit-1.15-0:amd64 (1.15.1-2) ...
Setting up libxapian30:amd64 (1.4.17-1) ...
Setting up libxau6:amd64 (1:1.0.8-1+b2) ...
Setting up libxdmcp6:amd64 (1:1.1.2-3) ...
Setting up libsgmls-perl (1.03ii-36) ...
Setting up libpsl5:amd64 (0.21.0-1.1) ...
Setting up libxcb1:amd64 (1.14-2) ...
Setting up bsdextrautils (2.36-3+b1) ...
update-alternatives: using /usr/bin/write.ul to provide /usr/bin/write (write) in auto mode
Setting up libicu67:amd64 (67.1-4) ...
Setting up libdatrie1:amd64 (0.2.12-3) ...
Setting up libpam0g-dev:amd64 (1.3.1-5) ...
Setting up libmagic-mgc (1:5.38-5) ...
Setting up libxcb-render0:amd64 (1.14-2) ...
Setting up libarchive-zip-perl (1.68-1) ...
Setting up libglib2.0-0:amd64 (2.66.1-2) ...
No schema files found: doing nothing.
Setting up libdebhelper-perl (13.2.1) ...
Setting up libbrotli1:amd64 (1.0.9-2+b1) ...
Setting up libboost1.71-dev:amd64 (1.71.0-7+b1) ...
Setting up liblab-gamut1:amd64 (2.42.2-4) ...
Setting up x11-common (1:7.7+21) ...
invoke-rc.d: could not determine current runlevel
All runlevel operations denied by policy
invoke-rc.d: policy-rc.d denied execution of start.
Setting up libnghttp2-14:amd64 (1.41.0-3) ...
Setting up libmagic1:amd64 (1:5.38-5) ...
Setting up gettext-base (0.19.8.1-10) ...
Setting up libxcb-shm0:amd64 (1.14-2) ...
Setting up file (1:5.38-5) ...
Setting up libboost-filesystem1.71.0:amd64 (1.71.0-7+b1) ...
Setting up libyaml-tiny-perl (1.73-1) ...
Setting up libboost-iostreams1.71.0:amd64 (1.71.0-7+b1) ...
Setting up libjbig0:amd64 (2.1-3.1+b2) ...
Setting up libsasl2-modules-db:amd64 (2.1.27+dfsg-2) ...
Setting up libosp5 (1.5.2-13+b1) ...
Setting up libgts-0.7-5:amd64 (0.7.6+darcs121130-4+b1) ...
Setting up autotools-dev (20180224.1) ...
Setting up libuv1:amd64 (1.39.0-1) ...
Setting up libjpeg62-turbo:amd64 (1:2.0.5-1.1) ...
Setting up libx11-data (2:1.6.12-1) ...
Setting up librtmp1:amd64 (2.4+20151223.gitfa8646d.1-2+b2) ...
Setting up uuid-dev:amd64 (2.36-3+b1) ...
Setting up libpathplan4:amd64 (2.42.2-4) ...
Setting up libann0 (1.1.2+doc-7) ...
Setting up libncurses6:amd64 (6.2+20200918-1) ...
Setting up libsigsegv2:amd64 (2.12-2) ...
Setting up libfribidi0:amd64 (1.0.8-2) ...
Setting up libpng16-16:amd64 (1.6.37-3) ...
Setting up autopoint (0.19.8.1-10) ...
Setting up libwebp6:amd64 (0.6.1-2+b1) ...
Setting up icu-devtools (67.1-4) ...
Setting up pkg-config (0.29.2-1) ...
Setting up fonts-dejavu-core (2.37-2) ...
Setting up libboost-regex1.71.0:amd64 (1.71.0-7+b1) ...
Setting up libncursesw6:amd64 (6.2+20200918-1) ...
Setting up libltdl7:amd64 (2.4.6-14) ...
Setting up libsasl2-2:amd64 (2.1.27+dfsg-2) ...
Setting up sensible-utils (0.0.12+nmu1) ...
Setting up librhash0:amd64 (1.4.0-1) ...
Setting up libuchardet0:amd64 (0.0.7-1) ...
Setting up libsub-override-perl (0.09-2) ...
Setting up libx11-6:amd64 (2:1.6.12-1) ...
Setting up libthai-data (0.1.28-3) ...
Setting up libssh2-1:amd64 (1.8.0-2.1) ...
Setting up sgml-base (1.30) ...
Setting up cmake-data (3.18.4-1) ...
Setting up libboost-system1.71.0:amd64 (1.71.0-7+b1) ...
Setting up libcdt5:amd64 (2.42.2-4) ...
Setting up libcgraph6:amd64 (2.42.2-4) ...
Setting up libboost-dev:amd64 (1.71.0.3) ...
Setting up libtiff5:amd64 (4.1.0+git191117-2) ...
Setting up libcppunit-dev (1.15.1-2) ...
Setting up libelf1:amd64 (0.181-1) ...
Setting up libicu-dev:amd64 (67.1-4) ...
Setting up libxml2:amd64 (2.9.10+dfsg-6.1) ...
Setting up libllvm9:amd64 (1:9.0.1-14+b1) ...
Setting up libprocps8:amd64 (2:3.3.16-5) ...
Setting up libjsoncpp1:amd64 (1.7.4-3.1) ...
Setting up libboost-program-options1.71.0:amd64 (1.71.0-7+b1) ...
Setting up libfile-stripnondeterminism-perl (1.9.0-1) ...
Setting up libboost-program-options1.71-dev:amd64 (1.71.0-7+b1) ...
Setting up libice6:amd64 (2:1.0.10-1) ...
Setting up libxpm4:amd64 (1:3.5.12-1) ...
Setting up libxrender1:amd64 (1:0.9.10-1) ...
Setting up libtool (2.4.6-14) ...
Setting up libarchive13:amd64 (3.4.3-2) ...
Setting up libclang1-9 (1:9.0.1-14+b1) ...
Setting up libclang-cpp9 (1:9.0.1-14+b1) ...
Setting up libxext6:amd64 (2:1.3.3-1+b2) ...
Setting up libldap-2.4-2:amd64 (2.4.54+dfsg-1) ...
Setting up m4 (1.4.18-4) ...
Setting up opensp (1.5.2-13+b1) ...
Setting up libboost-system1.71-dev:amd64 (1.71.0-7+b1) ...
Setting up libthai0:amd64 (0.1.28-3) ...
Setting up doxygen (1.8.20-4) ...
Setting up libfreetype6:amd64 (2.10.2+dfsg-4) ...
Setting up libboost-program-options-dev:amd64 (1.71.0.3) ...
Setting up libboost-filesystem1.71-dev:amd64 (1.71.0-7+b1) ...
Setting up libboost-regex1.71-dev:amd64 (1.71.0-7+b1) ...
Setting up libcroco3:amd64 (0.6.13-1) ...
Setting up ucf (3.0043) ...
Setting up autoconf (2.69-11.1) ...
Setting up dh-strip-nondeterminism (1.9.0-1) ...
Setting up libgvpr2:amd64 (2.42.2-4) ...
Setting up dwz (0.13-5) ...
Setting up groff-base (1.22.4-5) ...
Setting up procps (2:3.3.16-5) ...
update-alternatives: using /usr/bin/w.procps to provide /usr/bin/w (w) in auto mode
Setting up libcurl4:amd64 (7.72.0-1) ...
Setting up libharfbuzz0b:amd64 (2.6.7-1) ...
Setting up libboost-regex-dev:amd64 (1.71.0.3) ...
Setting up libsm6:amd64 (2:1.2.3-1) ...
Setting up libboost-filesystem-dev:amd64 (1.71.0.3) ...
Setting up libboost-iostreams1.71-dev:amd64 (1.71.0-7+b1) ...
Setting up automake (1:1.16.2-4) ...
update-alternatives: using /usr/bin/automake-1.16 to provide /usr/bin/automake (automake) in auto mode
Setting up gettext (0.19.8.1-10) ...
Setting up po4a (0.61-1) ...
Setting up fontconfig-config (2.13.1-4.2) ...
Setting up libboost-iostreams-dev:amd64 (1.71.0.3) ...
Setting up man-db (2.9.3-2) ...
Not building database; man-db/auto-update is not 'true'.
Setting up intltool-debian (0.35.0+20060710.5) ...
Setting up libxt6:amd64 (1:1.2.0-1) ...
Setting up cmake (3.18.4-1) ...
Setting up libfontconfig1:amd64 (2.13.1-4.2) ...
Setting up fontconfig (2.13.1-4.2) ...
Regenerating fonts cache... done.
Setting up libxmu6:amd64 (2:1.1.2-2+b3) ...
Setting up po-debconf (1.0.21) ...
Setting up libpango-1.0-0:amd64 (1.46.2-1) ...
Setting up libxaw7:amd64 (2:1.0.13-1+b2) ...
Setting up libcairo2:amd64 (1.16.0-4) ...
Setting up libgd3:amd64 (2.3.0-2) ...
Setting up libpangoft2-1.0-0:amd64 (1.46.2-1) ...
Setting up libpangocairo-1.0-0:amd64 (1.46.2-1) ...
Setting up libgvc6 (2.42.2-4) ...
Setting up graphviz (2.42.2-4) ...
Setting up debhelper (13.2.1) ...
Setting up dh-autoreconf (19) ...
Setting up sbuild-build-depends-main-dummy (0.invalid.0) ...
Processing triggers for libc-bin (2.31-4) ...

+------------------------------------------------------------------------------+
| Check architectures                                                          |
+------------------------------------------------------------------------------+

Arch check ok (amd64 included in any all)

+------------------------------------------------------------------------------+
| Build environment                                                            |
+------------------------------------------------------------------------------+

Kernel: Linux 4.19.0-6-cloud-amd64 #1 SMP Debian 4.19.67-2+deb10u2 (2019-11-11) amd64 (x86_64)
Toolchain package versions: binutils_2.35.1-2 dpkg-dev_1.20.5 g++-10_10.2.0-15 gcc-10_10.2.0-15 libc6-dev_2.31-4 libstdc++-10-dev_10.2.0-15 libstdc++6_10.2.0-15 linux-libc-dev_5.9.1-1
Package versions: adduser_3.118 apt_2.1.11 autoconf_2.69-11.1 automake_1:1.16.2-4 autopoint_0.19.8.1-10 autotools-dev_20180224.1 base-files_11 base-passwd_3.5.48 bash_5.1~rc1-2 binutils_2.35.1-2 binutils-common_2.35.1-2 binutils-x86-64-linux-gnu_2.35.1-2 bsdextrautils_2.36-3+b1 bsdutils_1:2.36-3+b1 build-essential_12.8 bzip2_1.0.8-4 clang-10_1:10.0.1-7 cmake_3.18.4-1 cmake-data_3.18.4-1 coreutils_8.32-4+b1 cpp_4:10.2.0-1 cpp-10_10.2.0-15 dash_0.5.10.2-7 debconf_1.5.74 debhelper_13.2.1 debian-archive-keyring_2019.1 debianutils_4.11.2 dh-autoreconf_19 dh-strip-nondeterminism_1.9.0-1 diffutils_1:3.7-3 doxygen_1.8.20-4 dpkg_1.20.5 dpkg-dev_1.20.5 dwz_0.13-5 e2fsprogs_1.45.6-1 fakeroot_1.25.3-1 file_1:5.38-5 findutils_4.7.0+git20201010-2 fontconfig_2.13.1-4.2 fontconfig-config_2.13.1-4.2 fonts-dejavu-core_2.37-2 g++_4:10.2.0-1 g++-10_10.2.0-15 gcc_4:10.2.0-1 gcc-10_10.2.0-15 gcc-10-base_10.2.0-15 gcc-9-base_9.3.0-18 gettext_0.19.8.1-10 gettext-base_0.19.8.1-10 gpgv_2.2.20-1 graphviz_2.42.2-4 grep_3.4-1 groff-base_1.22.4-5 gzip_1.10-2 hostname_3.23 icu-devtools_67.1-4 init-system-helpers_1.58 intltool-debian_0.35.0+20060710.5 lib32gcc-s1_10.2.0-15 lib32stdc++6_10.2.0-15 libacl1_2.2.53-8 libann0_1.1.2+doc-7 libapt-pkg6.0_2.1.11 libarchive-zip-perl_1.68-1 libarchive13_3.4.3-2 libasan5_9.3.0-18 libasan6_10.2.0-15 libatomic1_10.2.0-15 libattr1_1:2.4.48-5 libaudit-common_1:2.8.5-3.1 libaudit1_1:2.8.5-3.1 libbinutils_2.35.1-2 libblkid1_2.36-3+b1 libboost-dev_1.71.0.3 libboost-filesystem-dev_1.71.0.3 libboost-filesystem1.71-dev_1.71.0-7+b1 libboost-filesystem1.71.0_1.71.0-7+b1 libboost-iostreams-dev_1.71.0.3 libboost-iostreams1.71-dev_1.71.0-7+b1 libboost-iostreams1.71.0_1.71.0-7+b1 libboost-program-options-dev_1.71.0.3 libboost-program-options1.71-dev_1.71.0-7+b1 libboost-program-options1.71.0_1.71.0-7+b1 libboost-regex-dev_1.71.0.3 libboost-regex1.71-dev_1.71.0-7+b1 libboost-regex1.71.0_1.71.0-7+b1 libboost-system1.71-dev_1.71.0-7+b1 libboost-system1.71.0_1.71.0-7+b1 libboost1.71-dev_1.71.0-7+b1 libbrotli1_1.0.9-2+b1 libbsd0_0.10.0-1 libbz2-1.0_1.0.8-4 libc-bin_2.31-4 libc-dev-bin_2.31-4 libc6_2.31-4 libc6-dev_2.31-4 libc6-i386_2.31-4 libcairo2_1.16.0-4 libcap-ng0_0.7.9-2.2 libcc1-0_10.2.0-15 libcdt5_2.42.2-4 libcgraph6_2.42.2-4 libclang-common-10-dev_1:10.0.1-7 libclang-cpp10_1:10.0.1-7 libclang-cpp9_1:9.0.1-14+b1 libclang1-10_1:10.0.1-7 libclang1-9_1:9.0.1-14+b1 libcom-err2_1.45.6-1 libcppunit-1.15-0_1.15.1-2 libcppunit-dev_1.15.1-2 libcroco3_0.6.13-1 libcrypt-dev_1:4.4.17-1 libcrypt1_1:4.4.17-1 libctf-nobfd0_2.35.1-2 libctf0_2.35.1-2 libcurl4_7.72.0-1 libdatrie1_0.2.12-3 libdb5.3_5.3.28+dfsg1-0.6 libdebconfclient0_0.255 libdebhelper-perl_13.2.1 libdpkg-perl_1.20.5 libedit2_3.1-20191231-1 libelf1_0.181-1 libexpat1_2.2.10-1 libext2fs2_1.45.6-1 libfakeroot_1.25.3-1 libffi7_3.3-4 libfile-stripnondeterminism-perl_1.9.0-1 libfontconfig1_2.13.1-4.2 libfreetype6_2.10.2+dfsg-4 libfribidi0_1.0.8-2 libgc1_1:8.0.4-2.1 libgcc-10-dev_10.2.0-15 libgcc-9-dev_9.3.0-18 libgcc-s1_10.2.0-15 libgcrypt20_1.8.7-2 libgd3_2.3.0-2 libgdbm-compat4_1.18.1-5.1 libgdbm6_1.18.1-5.1 libglib2.0-0_2.66.1-2 libgmp10_2:6.2.0+dfsg-6 libgnutls30_3.6.15-4 libgomp1_10.2.0-15 libgpg-error0_1.38-2 libgraphite2-3_1.3.14-1 libgssapi-krb5-2_1.17-10 libgts-0.7-5_0.7.6+darcs121130-4+b1 libgvc6_2.42.2-4 libgvpr2_2.42.2-4 libharfbuzz0b_2.6.7-1 libhogweed6_3.6-2 libice6_2:1.0.10-1 libicu-dev_67.1-4 libicu67_67.1-4 libidn2-0_2.3.0-1 libisl22_0.22.1-1 libitm1_10.2.0-15 libjbig0_2.1-3.1+b2 libjpeg62-turbo_1:2.0.5-1.1 libjsoncpp1_1.7.4-3.1 libk5crypto3_1.17-10 libkeyutils1_1.6.1-2 libkrb5-3_1.17-10 libkrb5support0_1.17-10 liblab-gamut1_2.42.2-4 libldap-2.4-2_2.4.54+dfsg-1 libllvm10_1:10.0.1-7 libllvm9_1:9.0.1-14+b1 liblsan0_10.2.0-15 libltdl7_2.4.6-14 liblz4-1_1.9.2-2 liblzma5_5.2.4-1+b1 libmagic-mgc_1:5.38-5 libmagic1_1:5.38-5 libmount1_2.36-3+b1 libmpc3_1.2.0-1 libmpfr6_4.1.0-3 libncurses6_6.2+20200918-1 libncursesw6_6.2+20200918-1 libnettle8_3.6-2 libnghttp2-14_1.41.0-3 libnsl-dev_1.3.0-2 libnsl2_1.3.0-2 libnss-nis_3.1-4 libnss-nisplus_1.3-4 libobjc-10-dev_10.2.0-15 libobjc-9-dev_9.3.0-18 libobjc4_10.2.0-15 libomp-10-dev_1:10.0.1-7 libomp5-10_1:10.0.1-7 libosp5_1.5.2-13+b1 libp11-kit0_0.23.21-2 libpam-modules_1.3.1-5 libpam-modules-bin_1.3.1-5 libpam-runtime_1.3.1-5 libpam0g_1.3.1-5 libpam0g-dev_1.3.1-5 libpango-1.0-0_1.46.2-1 libpangocairo-1.0-0_1.46.2-1 libpangoft2-1.0-0_1.46.2-1 libpathplan4_2.42.2-4 libpcre2-8-0_10.34-7 libpcre3_2:8.39-13 libperl5.30_5.30.3-4 libpipeline1_1.5.3-1 libpixman-1-0_0.36.0-1 libpng16-16_1.6.37-3 libprocps8_2:3.3.16-5 libpsl5_0.21.0-1.1 libquadmath0_10.2.0-15 librhash0_1.4.0-1 librtmp1_2.4+20151223.gitfa8646d.1-2+b2 libsasl2-2_2.1.27+dfsg-2 libsasl2-modules-db_2.1.27+dfsg-2 libseccomp2_2.4.4-1+b1 libselinux1_3.1-2+b1 libsemanage-common_3.1-1 libsemanage1_3.1-1+b1 libsepol1_3.1-1 libsgmls-perl_1.03ii-36 libsigsegv2_2.12-2 libsm6_2:1.2.3-1 libsmartcols1_2.36-3+b1 libss2_1.45.6-1 libssh2-1_1.8.0-2.1 libssl1.1_1.1.1h-1 libstdc++-10-dev_10.2.0-15 libstdc++6_10.2.0-15 libsub-override-perl_0.09-2 libsystemd0_246.6-2 libtasn1-6_4.16.0-2 libthai-data_0.1.28-3 libthai0_0.1.28-3 libtiff5_4.1.0+git191117-2 libtinfo6_6.2+20200918-1 libtirpc-common_1.2.6-3 libtirpc-dev_1.2.6-3 libtirpc3_1.2.6-3 libtool_2.4.6-14 libtsan0_10.2.0-15 libubsan1_10.2.0-15 libuchardet0_0.0.7-1 libudev1_246.6-2 libunistring2_0.9.10-4 libuuid1_2.36-3+b1 libuv1_1.39.0-1 libwebp6_0.6.1-2+b1 libx11-6_2:1.6.12-1 libx11-data_2:1.6.12-1 libxapian30_1.4.17-1 libxau6_1:1.0.8-1+b2 libxaw7_2:1.0.13-1+b2 libxcb-render0_1.14-2 libxcb-shm0_1.14-2 libxcb1_1.14-2 libxdmcp6_1:1.1.2-3 libxext6_2:1.3.3-1+b2 libxml2_2.9.10+dfsg-6.1 libxmu6_2:1.1.2-2+b3 libxpm4_1:3.5.12-1 libxrender1_1:0.9.10-1 libxt6_1:1.2.0-1 libyaml-tiny-perl_1.73-1 libz3-4_4.8.9-1 libzstd1_1.4.5+dfsg-4 linux-libc-dev_5.9.1-1 login_1:4.8.1-1 logsave_1.45.6-1 lsb-base_11.1.0 m4_1.4.18-4 make_4.3-4 man-db_2.9.3-2 mawk_1.3.4.20200120-2 mount_2.36-3+b1 ncurses-base_6.2+20200918-1 ncurses-bin_6.2+20200918-1 opensp_1.5.2-13+b1 passwd_1:4.8.1-1 patch_2.7.6-6 perl_5.30.3-4 perl-base_5.30.3-4 perl-modules-5.30_5.30.3-4 pkg-config_0.29.2-1 po-debconf_1.0.21 po4a_0.61-1 procps_2:3.3.16-5 qt5-qmake_5.14.2+dfsg-6 qt5-qmake-bin_5.14.2+dfsg-6 qtchooser_66-2 sbuild-build-depends-main-dummy_0.invalid.0 sed_4.7-1 sensible-utils_0.0.12+nmu1 sgml-base_1.30 sysvinit-utils_2.96-5 tar_1.30+dfsg-7 tzdata_2020d-1 ucf_3.0043 util-linux_2.36-3+b1 uuid-dev_2.36-3+b1 x11-common_1:7.7+21 xz-utils_5.2.4-1+b1 zlib1g_1:1.2.11.dfsg-2

+------------------------------------------------------------------------------+
| Build                                                                        |
+------------------------------------------------------------------------------+


Unpack source
-------------

-----BEGIN PGP SIGNED MESSAGE-----
Hash: SHA256

Format: 3.0 (quilt)
Source: schroot
Binary: schroot-common, schroot
Architecture: any all
Version: 1.6.10-11
Maintainer: Debian QA Group <packages@qa.debian.org>
Homepage: https://gitlab.com/codelibre/schroot
Standards-Version: 4.5.0
Vcs-Browser: https://salsa.debian.org/debian/schroot
Vcs-Git: https://salsa.debian.org/debian/schroot.git
Build-Depends: cmake (>= 2.8.12), debhelper (>= 9.20160709), pkg-config, libpam0g-dev, uuid-dev [!kfreebsd-any], libboost-dev, libboost-iostreams-dev, libboost-program-options-dev, libboost-regex-dev, libboost-filesystem-dev, gettext, libcppunit-dev, groff-base, po4a (>= 0.40)
Build-Depends-Indep: doxygen, graphviz
Package-List:
 schroot deb admin optional arch=any
 schroot-common deb admin optional arch=all
Checksums-Sha1:
 65bd37b17d7bce7ba30ae27ec23bae38f7450273 797328 schroot_1.6.10.orig.tar.xz
 c8a33a6d3ff6aee53078b13fa647f0b92ef4089c 83120 schroot_1.6.10-11.debian.tar.xz
Checksums-Sha256:
 3ce8dfd9cb97b099e4b6d4ccec421d6cc8c9ef84574681e928a12badb5643d0b 797328 schroot_1.6.10.orig.tar.xz
 93689f166b052cc283c0169f18d5c184ec1fea73b57798e14db2b3ba0bdbbf62 83120 schroot_1.6.10-11.debian.tar.xz
Files:
 f8ec667831487f4b12e094bc0dc9bbe3 797328 schroot_1.6.10.orig.tar.xz
 969b0658294a78ed236d4f704878f364 83120 schroot_1.6.10-11.debian.tar.xz

-----BEGIN PGP SIGNATURE-----

iQIzBAEBCAAdFiEEwv5L0nHBObhsUz5GHpU+J9QxHlgFAl9scAUACgkQHpU+J9Qx
HlglOQ//cFkxD7sidnM7voBdOT92YC2A35LU/4ih13GWVSfFIKCOOJty6yxK3s8J
2ce94Xc3BC2SbKb3vTd6xofeB/zdju2IR8jO7iTbRKtBHIhgLHtlFcOCa51lwgAs
S5iuW308SbEYSbo1PykVy0Yj31tvrWgE2g4+NwXRmjTPiH3yiFSy0JKoWY12EtLP
ixyWkX6WtW7bhp+N+bDUGykQqkVjf8SWdV1oPZZK1hdH6AOZlukSbnsGW32nGqWd
oqj8K+Yh+csihAugQmtRa20CdLkcGY42KZrsGtCYCfFfmgfLbAhVx1ofoIJXlEKn
hSOh6N8R9dBgQmFyhsF/3HiOBcuGLXi3OKTFbIgRV+T2gvGUcjyqlnaH0rOnbI+s
XD/JV+SxMr/wyDmK1zjiRhEFKfthLrA26uXsIaQCI4DlZp9qMMxNccpvM3JinyIs
MhVtCbdWzRO0Iezjdzd8h6T6TuIYHu5iL2xjE12Q9mmEkUqxPaDskkkUwsyDRxMm
NBBHmsQPxKjnutEKwi+QQEJDMnlmCZqDUDyUB1KyPg2kQCAOlMJmyEGZ1iQEnLGE
+Nz0n3bv7fugc09LOtXh0n7ZDcafPsBQ8yppYSDfyo4Hv1zJcWKpVkRMQvQWoYfu
MVnuXYyc1RjzmfTRfdE063usf0MivH6X79iPJ8tQxX1hLASSUuw=
=V+EP
-----END PGP SIGNATURE-----

gpgv: unknown type of key resource 'trustedkeys.kbx'
gpgv: keyblock resource '/tmp/dpkg-verify-sig.sxOmSbSY/trustedkeys.kbx': General error
gpgv: Signature made Thu Sep 24 10:08:05 2020 UTC
gpgv:                using RSA key C2FE4BD271C139B86C533E461E953E27D4311E58
gpgv: Can't check signature: No public key
dpkg-source: warning: failed to verify signature on ./schroot_1.6.10-11.dsc
dpkg-source: info: extracting schroot in /<<PKGBUILDDIR>>
dpkg-source: info: unpacking schroot_1.6.10.orig.tar.xz
dpkg-source: info: unpacking schroot_1.6.10-11.debian.tar.xz
dpkg-source: info: using patch list from debian/patches/series
dpkg-source: info: applying Add-support-for-more-compression-formats.patch
dpkg-source: info: applying Add-SESSION_SOURCE-and-CHROOT_SESSION_SOURCE.patch
dpkg-source: info: applying 10mount-Move-mount-directory-to-var-run.patch
dpkg-source: info: applying Support-union-mounts-with-overlay-as-in-Linux-4.0.patch
dpkg-source: info: applying GCC5-fixes-on-regexes.patch
dpkg-source: info: applying schroot-mount-make-bind-mounts-private.patch
dpkg-source: info: applying schroot-mount-resolve-mount-destinations-while-chrooted.patch
dpkg-source: info: applying fix-test-suite-with-usrmerge.patch
dpkg-source: info: applying Unmount-everything-that-we-can-instead-of-giving-up.patch
dpkg-source: info: applying fix-killprocs.patch
dpkg-source: info: applying fix-bash-completion.patch
dpkg-source: info: applying fix_typos_in_schroot_manpage.patch
dpkg-source: info: applying update_czech_schroot_translation.patch
dpkg-source: info: applying update_french_schroot_manpage_translation_2018.patch
dpkg-source: info: applying update_german_schroot_manpage_translation_2018.patch
dpkg-source: info: applying zfs-snapshot-support.patch
dpkg-source: info: applying cross.patch
dpkg-source: info: applying reproducible-build.patch

Check disk space
----------------

Sufficient free space for build

User Environment
----------------

APT_CONFIG=/var/lib/sbuild/apt.conf
HOME=/sbuild-nonexistent
LANG=C.UTF-8
LC_ALL=C.UTF-8
LOGNAME=user42
PATH=/usr/local/sbin:/usr/local/bin:/usr/sbin:/usr/bin:/sbin:/bin:/usr/games
SCHROOT_ALIAS_NAME=unstable
SCHROOT_CHROOT_NAME=sid-amd64-sbuild
SCHROOT_COMMAND=env
SCHROOT_GID=1001
SCHROOT_GROUP=user42
SCHROOT_SESSION_ID=sid-amd64-sbuild-0335b1f1-39cf-42ef-935f-0bdade03cb57
SCHROOT_UID=1001
SCHROOT_USER=user42
SHELL=/bin/sh
USER=user42

dpkg-buildpackage
-----------------

Command: dpkg-buildpackage -us -uc -b -rfakeroot
dpkg-buildpackage: info: source package schroot
dpkg-buildpackage: info: source version 1.6.10-11
dpkg-buildpackage: info: source distribution unstable
dpkg-buildpackage: info: source changed by Chris Lamb <lamby@debian.org>
 dpkg-source --before-build .
dpkg-buildpackage: info: host architecture amd64
 fakeroot debian/rules clean
dh clean --with systemd --buildsystem=cmake --builddirectory=debian/build --parallel
dh: warning: Compatibility levels before 10 are deprecated (level 9 in use)
   debian/rules override_dh_auto_clean
make[1]: Entering directory '/<<PKGBUILDDIR>>'
dh_auto_clean
dh_auto_clean: warning: Compatibility levels before 10 are deprecated (level 9 in use)
rm -f debian/schroot-common.install debian/schroot.install
rm -rf debian/build
rm -rf debian/install
make[1]: Leaving directory '/<<PKGBUILDDIR>>'
   dh_clean -O--buildsystem=cmake -O--builddirectory=debian/build -O--parallel
dh_clean: warning: Compatibility levels before 10 are deprecated (level 9 in use)
 debian/rules build
dh build --with systemd --buildsystem=cmake --builddirectory=debian/build --parallel
dh: warning: Compatibility levels before 10 are deprecated (level 9 in use)
   dh_update_autotools_config -O--buildsystem=cmake -O--builddirectory=debian/build -O--parallel
   debian/rules override_dh_auto_configure
make[1]: Entering directory '/<<PKGBUILDDIR>>'
GTEST_ROOT="/<<PKGBUILDDIR>>/debian/build/gtest" \
CFLAGS="-g -O2 -ffile-prefix-map=/<<PKGBUILDDIR>>=. -fstack-protector-strong -Wformat -Werror=format-security -Wall -Wdate-time -D_FORTIFY_SOURCE=2" \
CXXFLAGS="-g -O2 -ffile-prefix-map=/<<PKGBUILDDIR>>=. -fstack-protector-strong -Wformat -Werror=format-security -Wall -D_FILE_OFFSET_BITS=64 -D_LARGEFILE_SOURCE -Wdate-time -D_FORTIFY_SOURCE=2" \
dh_auto_configure --builddirectory=debian/build/ -- \
        -DCMAKE_INSTALL_LIBEXECDIR=lib \
        -DSCHROOT_LIBEXEC_DIR=/usr/lib/x86_64-linux-gnu/schroot \
        -Ddebug=OFF -Ddchroot=OFF -Ddchroot-dsa=OFF \
        -Dbash_completion_dir=/usr/share/bash-completion/completions \
        -Dlvm-snapshot=ON -Dbtrfs-snapshot=ON -Dzfs-snapshot=ON \
        -DBTRFS_EXECUTABLE=/sbin/btrfs \
        -DLVCREATE_EXECUTABLE=/sbin/lvcreate \
        -DLVREMOVE_EXECUTABLE=/sbin/lvremove \
        -DZFS_EXECUTABLE=/sbin/zfs \
        /<<PKGBUILDDIR>>
dh_auto_configure: warning: Compatibility levels before 10 are deprecated (level 9 in use)
	cd debian/build && cmake -DCMAKE_INSTALL_PREFIX=/usr -DCMAKE_BUILD_TYPE=None -DCMAKE_INSTALL_SYSCONFDIR=/etc -DCMAKE_INSTALL_LOCALSTATEDIR=/var -DCMAKE_EXPORT_NO_PACKAGE_REGISTRY=ON -DCMAKE_FIND_PACKAGE_NO_PACKAGE_REGISTRY=ON "-GUnix Makefiles" -DCMAKE_VERBOSE_MAKEFILE=ON -DCMAKE_INSTALL_LIBDIR=lib/x86_64-linux-gnu -DCMAKE_INSTALL_LIBEXECDIR=lib -DSCHROOT_LIBEXEC_DIR=/usr/lib/x86_64-linux-gnu/schroot -Ddebug=OFF -Ddchroot=OFF -Ddchroot-dsa=OFF -Dbash_completion_dir=/usr/share/bash-completion/completions -Dlvm-snapshot=ON -Dbtrfs-snapshot=ON -Dzfs-snapshot=ON -DBTRFS_EXECUTABLE=/sbin/btrfs -DLVCREATE_EXECUTABLE=/sbin/lvcreate -DLVREMOVE_EXECUTABLE=/sbin/lvremove -DZFS_EXECUTABLE=/sbin/zfs /<<PKGBUILDDIR>> ../..
-- The C compiler identification is Clang 10.0.1
-- The CXX compiler identification is Clang 10.0.1
-- Detecting C compiler ABI info
-- Detecting C compiler ABI info - done
-- Check for working C compiler: /usr/bin/cc - skipped
-- Detecting C compile features
-- Detecting C compile features - done
-- Detecting CXX compiler ABI info
-- Detecting CXX compiler ABI info - done
-- Check for working CXX compiler: /usr/bin/c++ - skipped
-- Detecting CXX compile features
-- Detecting CXX compile features - done
-- Reading release metadata from cmake/GitVersion.cmake
-- Configuring schroot 1.6.10 (05 May 2014)
-- Performing Test CXX_FLAG_CXX11
-- Performing Test CXX_FLAG_CXX11 - Success
-- Performing Test CXX_FLAG-pedantic
-- Performing Test CXX_FLAG-pedantic - Success
-- Performing Test CXX_FLAG-Wall
-- Performing Test CXX_FLAG-Wall - Success
-- Performing Test CXX_FLAG-Wcast-align
-- Performing Test CXX_FLAG-Wcast-align - Success
-- Performing Test CXX_FLAG-Wwrite-strings
-- Performing Test CXX_FLAG-Wwrite-strings - Success
-- Performing Test CXX_FLAG-Wswitch-default
-- Performing Test CXX_FLAG-Wswitch-default - Success
-- Performing Test CXX_FLAG-Wcast-qual
-- Performing Test CXX_FLAG-Wcast-qual - Success
-- Performing Test CXX_FLAG-Wunused-variable
-- Performing Test CXX_FLAG-Wunused-variable - Success
-- Performing Test CXX_FLAG-Wredundant-decls
-- Performing Test CXX_FLAG-Wredundant-decls - Success
-- Performing Test CXX_FLAG-Wctor-dtor-privacy
-- Performing Test CXX_FLAG-Wctor-dtor-privacy - Success
-- Performing Test CXX_FLAG-Wnon-virtual-dtor
-- Performing Test CXX_FLAG-Wnon-virtual-dtor - Success
-- Performing Test CXX_FLAG-Wreorder
-- Performing Test CXX_FLAG-Wreorder - Success
-- Performing Test CXX_FLAG-Wold-style-cast
-- Performing Test CXX_FLAG-Wold-style-cast - Success
-- Performing Test CXX_FLAG-Woverloaded-virtual
-- Performing Test CXX_FLAG-Woverloaded-virtual - Success
-- Performing Test CXX_FLAG-fstrict-aliasing
-- Performing Test CXX_FLAG-fstrict-aliasing - Success
-- Looking for C++ include tuple
-- Looking for C++ include tuple - found
-- Looking for C++ include tr1/tuple
-- Looking for C++ include tr1/tuple - found
-- Performing Test HAVE_MEMORY_SHARED_PTR
-- Performing Test HAVE_MEMORY_SHARED_PTR - Success
-- Looking for C++ include tr1/memory
-- Looking for C++ include tr1/memory - found
-- Looking for pthread.h
-- Looking for pthread.h - found
-- Performing Test CMAKE_HAVE_LIBC_PTHREAD
-- Performing Test CMAKE_HAVE_LIBC_PTHREAD - Failed
-- Looking for pthread_create in pthreads
-- Looking for pthread_create in pthreads - not found
-- Looking for pthread_create in pthread
-- Looking for pthread_create in pthread - found
-- Found Threads: TRUE  
-- Found Boost: /usr/lib/x86_64-linux-gnu/cmake/Boost-1.71.0/BoostConfig.cmake (found version "1.71.0")  
-- Found Boost: /usr/lib/x86_64-linux-gnu/cmake/Boost-1.71.0/BoostConfig.cmake (found version "1.71.0") found components: filesystem system iostreams program_options regex 
-- Looking for C++ include boost/format.hpp
-- Looking for C++ include boost/format.hpp - found
-- Looking for C++ include boost/iostreams/device/file_descriptor.hpp
-- Looking for C++ include boost/iostreams/device/file_descriptor.hpp - found
-- Looking for C++ include boost/program_options.hpp
-- Looking for C++ include boost/program_options.hpp - found
-- Looking for C++ include boost/type_traits.hpp
-- Looking for C++ include boost/type_traits.hpp - found
-- Performing Test BOOST_PROGRAM_OPTIONS_LINK
-- Performing Test BOOST_PROGRAM_OPTIONS_LINK - Success
-- Performing Test BOOST_PROGRAM_OPTIONS_DESCRIPTION_CURRENT_LINK
-- Performing Test BOOST_PROGRAM_OPTIONS_DESCRIPTION_CURRENT_LINK - Success
-- Performing Test BOOST_IOSTREAMS_LINK
-- Performing Test BOOST_IOSTREAMS_LINK - Success
-- Performing Test BOOST_IOSTREAMS_CLOSE_HANDLE_CURRENT_LINK
-- Performing Test BOOST_IOSTREAMS_CLOSE_HANDLE_CURRENT_LINK - Success
-- Performing Test BOOST_FILESYSTEM_LINK
-- Performing Test BOOST_FILESYSTEM_LINK - Success
-- Performing Test HAVE_REGEX_REGEX
-- Performing Test HAVE_REGEX_REGEX - Success
-- Performing Test CPPUNIT_CLASS
-- Performing Test CPPUNIT_CLASS - Success
-- Found Gettext: /usr/bin/msgmerge (found version "0.19.8.1") 
-- Looking for C++ include uuid/uuid.h
-- Looking for C++ include uuid/uuid.h - found
-- Looking for uuid_generate in uuid
-- Looking for uuid_generate in uuid - found
-- Looking for C++ include security/pam_appl.h
-- Looking for C++ include security/pam_appl.h - found
-- Looking for pam_authenticate in pam
-- Looking for pam_authenticate in pam - found
-- Found Doxygen: /usr/bin/doxygen (found version "1.8.20") found components: doxygen dot 
-- Looking for C++ include sys/personality.h
-- Looking for C++ include sys/personality.h - found
-- Looking for personality
-- Looking for personality - found
-- Generated schroot profile buildd/copyfiles
-- Generated schroot profile buildd/fstab
-- Generated schroot profile buildd/nssdatabases
-- Generated schroot profile default/copyfiles
-- Generated schroot profile default/fstab
-- Generated schroot profile default/nssdatabases
-- Generated schroot profile desktop/copyfiles
-- Generated schroot profile desktop/fstab
-- Generated schroot profile desktop/nssdatabases
-- Generated schroot profile minimal/copyfiles
-- Generated schroot profile minimal/fstab
-- Generated schroot profile minimal/nssdatabases
-- Generated schroot profile sbuild/copyfiles
-- Generated schroot profile sbuild/fstab
-- Generated schroot profile sbuild/nssdatabases
po4a::man: This page includes another file with '.so'. Do not forget to translate this file ('config.man').
po4a::man: This page includes another file with '.so'. Do not forget to translate this file ('authors.man').
po4a::man: This page includes another file with '.so'. Do not forget to translate this file ('copyright.man').
po4a::man: This page includes another file with '.so'. Do not forget to translate this file ('config.man').
po4a::man: This page includes another file with '.so'. Do not forget to translate this file ('authors.man').
po4a::man: This page includes another file with '.so'. Do not forget to translate this file ('copyright.man').
po4a::man: This page includes another file with '.so'. Do not forget to translate this file ('config.man').
po4a::man: This page includes another file with '.so'. Do not forget to translate this file ('authors.man').
po4a::man: This page includes another file with '.so'. Do not forget to translate this file ('copyright.man').
po4a::man: This page includes another file with '.so'. Do not forget to translate this file ('config.man').
po4a::man: This page includes another file with '.so'. Do not forget to translate this file ('authors.man').
po4a::man: This page includes another file with '.so'. Do not forget to translate this file ('copyright.man').
po4a::man: This page includes another file with '.so'. Do not forget to translate this file ('config.man').
po4a::man: This page includes another file with '.so'. Do not forget to translate this file ('authors.man').
po4a::man: This page includes another file with '.so'. Do not forget to translate this file ('copyright.man').
po4a::man: This page includes another file with '.so'. Do not forget to translate this file ('config.man').
po4a::man: This page includes another file with '.so'. Do not forget to translate this file ('authors.man').
po4a::man: This page includes another file with '.so'. Do not forget to translate this file ('copyright.man').
po4a::man: This page includes another file with '.so'. Do not forget to translate this file ('config.man').
po4a::man: This page includes another file with '.so'. Do not forget to translate this file ('authors.man').
po4a::man: This page includes another file with '.so'. Do not forget to translate this file ('copyright.man').
 (661 entries)
po4a::man: This page includes another file with '.so'. Do not forget to translate this file ('config.man').
po4a::man: This page includes another file with '.so'. Do not forget to translate this file ('authors.man').
po4a::man: This page includes another file with '.so'. Do not forget to translate this file ('copyright.man').
po4a::man: This page includes another file with '.so'. Do not forget to translate this file ('config.man').
po4a::man: This page includes another file with '.so'. Do not forget to translate this file ('authors.man').
po4a::man: This page includes another file with '.so'. Do not forget to translate this file ('copyright.man').
po4a::man: This page includes another file with '.so'. Do not forget to translate this file ('config.man').
po4a::man: This page includes another file with '.so'. Do not forget to translate this file ('authors.man').
po4a::man: This page includes another file with '.so'. Do not forget to translate this file ('copyright.man').
po4a::man: This page includes another file with '.so'. Do not forget to translate this file ('config.man').
po4a::man: This page includes another file with '.so'. Do not forget to translate this file ('authors.man').
po4a::man: This page includes another file with '.so'. Do not forget to translate this file ('copyright.man').
po4a::man: This page includes another file with '.so'. Do not forget to translate this file ('config.man').
po4a::man: This page includes another file with '.so'. Do not forget to translate this file ('authors.man').
po4a::man: This page includes another file with '.so'. Do not forget to translate this file ('copyright.man').
po4a::man: This page includes another file with '.so'. Do not forget to translate this file ('config.man').
po4a::man: This page includes another file with '.so'. Do not forget to translate this file ('authors.man').
po4a::man: This page includes another file with '.so'. Do not forget to translate this file ('copyright.man').
po4a::man: This page includes another file with '.so'. Do not forget to translate this file ('config.man').
po4a::man: This page includes another file with '.so'. Do not forget to translate this file ('authors.man').
po4a::man: This page includes another file with '.so'. Do not forget to translate this file ('copyright.man').
po4a::man: This page includes another file with '.so'. Do not forget to translate this file ('config.man').
po4a::man: This page includes another file with '.so'. Do not forget to translate this file ('authors.man').
po4a::man: This page includes another file with '.so'. Do not forget to translate this file ('copyright.man').
po4a::man: This page includes another file with '.so'. Do not forget to translate this file ('config.man').
po4a::man: This page includes another file with '.so'. Do not forget to translate this file ('authors.man').
po4a::man: This page includes another file with '.so'. Do not forget to translate this file ('copyright.man').
po4a::man: This page includes another file with '.so'. Do not forget to translate this file ('config.man').
po4a::man: This page includes another file with '.so'. Do not forget to translate this file ('authors.man').
po4a::man: This page includes another file with '.so'. Do not forget to translate this file ('copyright.man').
po4a::man: This page includes another file with '.so'. Do not forget to translate this file ('config.man').
po4a::man: This page includes another file with '.so'. Do not forget to translate this file ('authors.man').
po4a::man: This page includes another file with '.so'. Do not forget to translate this file ('copyright.man').
po4a::man: This page includes another file with '.so'. Do not forget to translate this file ('config.man').
po4a::man: This page includes another file with '.so'. Do not forget to translate this file ('authors.man').
po4a::man: This page includes another file with '.so'. Do not forget to translate this file ('copyright.man').
po4a::man: This page includes another file with '.so'. Do not forget to translate this file ('config.man').
po4a::man: This page includes another file with '.so'. Do not forget to translate this file ('authors.man').
po4a::man: This page includes another file with '.so'. Do not forget to translate this file ('copyright.man').
po4a::man: This page includes another file with '.so'. Do not forget to translate this file ('config.man').
po4a::man: This page includes another file with '.so'. Do not forget to translate this file ('authors.man').
po4a::man: This page includes another file with '.so'. Do not forget to translate this file ('copyright.man').
-- Configuring done
-- Generating done
CMake Warning:
  Manually-specified variables were not used by the project:

    CMAKE_EXPORT_NO_PACKAGE_REGISTRY


-- Build files have been written to: /<<PKGBUILDDIR>>/debian/build
dh_testdir
make[1]: Leaving directory '/<<PKGBUILDDIR>>'
   debian/rules override_dh_auto_build
make[1]: Entering directory '/<<PKGBUILDDIR>>'
/usr/bin/make -C debian/build all VERBOSE=1
make[2]: Entering directory '/<<PKGBUILDDIR>>/debian/build'
/usr/bin/cmake -S/<<PKGBUILDDIR>> -B/<<PKGBUILDDIR>>/debian/build --check-build-system CMakeFiles/Makefile.cmake 0
/usr/bin/cmake -E cmake_progress_start /<<PKGBUILDDIR>>/debian/build/CMakeFiles /<<PKGBUILDDIR>>/debian/build//CMakeFiles/progress.marks
/usr/bin/make  -f CMakeFiles/Makefile2 all
make[3]: Entering directory '/<<PKGBUILDDIR>>/debian/build'
/usr/bin/make  -f sbuild/CMakeFiles/sbuild.dir/build.make sbuild/CMakeFiles/sbuild.dir/depend
/usr/bin/make  -f po/CMakeFiles/update-gmo.dir/build.make po/CMakeFiles/update-gmo.dir/depend
/usr/bin/make  -f man/CMakeFiles/manpages.dir/build.make man/CMakeFiles/manpages.dir/depend
/usr/bin/make  -f man/CMakeFiles/manpage-sources.dir/build.make man/CMakeFiles/manpage-sources.dir/depend
make[4]: Entering directory '/<<PKGBUILDDIR>>/debian/build'
cd /<<PKGBUILDDIR>>/debian/build && /usr/bin/cmake -E cmake_depends "Unix Makefiles" /<<PKGBUILDDIR>> /<<PKGBUILDDIR>>/po /<<PKGBUILDDIR>>/debian/build /<<PKGBUILDDIR>>/debian/build/po /<<PKGBUILDDIR>>/debian/build/po/CMakeFiles/update-gmo.dir/DependInfo.cmake --color=
make[4]: Entering directory '/<<PKGBUILDDIR>>/debian/build'
make[4]: Entering directory '/<<PKGBUILDDIR>>/debian/build'
cd /<<PKGBUILDDIR>>/debian/build && /usr/bin/cmake -E cmake_depends "Unix Makefiles" /<<PKGBUILDDIR>> /<<PKGBUILDDIR>>/man /<<PKGBUILDDIR>>/debian/build /<<PKGBUILDDIR>>/debian/build/man /<<PKGBUILDDIR>>/debian/build/man/CMakeFiles/manpages.dir/DependInfo.cmake --color=
make[4]: Entering directory '/<<PKGBUILDDIR>>/debian/build'
cd /<<PKGBUILDDIR>>/debian/build && /usr/bin/cmake -E cmake_depends "Unix Makefiles" /<<PKGBUILDDIR>> /<<PKGBUILDDIR>>/man /<<PKGBUILDDIR>>/debian/build /<<PKGBUILDDIR>>/debian/build/man /<<PKGBUILDDIR>>/debian/build/man/CMakeFiles/manpage-sources.dir/DependInfo.cmake --color=
cd /<<PKGBUILDDIR>>/debian/build && /usr/bin/cmake -E cmake_depends "Unix Makefiles" /<<PKGBUILDDIR>> /<<PKGBUILDDIR>>/sbuild /<<PKGBUILDDIR>>/debian/build /<<PKGBUILDDIR>>/debian/build/sbuild /<<PKGBUILDDIR>>/debian/build/sbuild/CMakeFiles/sbuild.dir/DependInfo.cmake --color=
Dependee "/<<PKGBUILDDIR>>/debian/build/po/CMakeFiles/update-gmo.dir/DependInfo.cmake" is newer than depender "/<<PKGBUILDDIR>>/debian/build/po/CMakeFiles/update-gmo.dir/depend.internal".
Dependee "/<<PKGBUILDDIR>>/debian/build/po/CMakeFiles/CMakeDirectoryInformation.cmake" is newer than depender "/<<PKGBUILDDIR>>/debian/build/po/CMakeFiles/update-gmo.dir/depend.internal".
Dependee "/<<PKGBUILDDIR>>/debian/build/man/CMakeFiles/manpages.dir/DependInfo.cmake" is newer than depender "/<<PKGBUILDDIR>>/debian/build/man/CMakeFiles/manpages.dir/depend.internal".
Dependee "/<<PKGBUILDDIR>>/debian/build/man/CMakeFiles/CMakeDirectoryInformation.cmake" is newer than depender "/<<PKGBUILDDIR>>/debian/build/man/CMakeFiles/manpages.dir/depend.internal".
Scanning dependencies of target update-gmo
Scanning dependencies of target manpages
Dependee "/<<PKGBUILDDIR>>/debian/build/man/CMakeFiles/manpage-sources.dir/DependInfo.cmake" is newer than depender "/<<PKGBUILDDIR>>/debian/build/man/CMakeFiles/manpage-sources.dir/depend.internal".
Dependee "/<<PKGBUILDDIR>>/debian/build/sbuild/CMakeFiles/sbuild.dir/DependInfo.cmake" is newer than depender "/<<PKGBUILDDIR>>/debian/build/sbuild/CMakeFiles/sbuild.dir/depend.internal".
Dependee "/<<PKGBUILDDIR>>/debian/build/sbuild/CMakeFiles/CMakeDirectoryInformation.cmake" is newer than depender "/<<PKGBUILDDIR>>/debian/build/sbuild/CMakeFiles/sbuild.dir/depend.internal".
Dependee "/<<PKGBUILDDIR>>/debian/build/man/CMakeFiles/CMakeDirectoryInformation.cmake" is newer than depender "/<<PKGBUILDDIR>>/debian/build/man/CMakeFiles/manpage-sources.dir/depend.internal".
Scanning dependencies of target manpage-sources
make[4]: Leaving directory '/<<PKGBUILDDIR>>/debian/build'
make[4]: Leaving directory '/<<PKGBUILDDIR>>/debian/build'
/usr/bin/make  -f man/CMakeFiles/manpages.dir/build.make man/CMakeFiles/manpages.dir/build
/usr/bin/make  -f po/CMakeFiles/update-gmo.dir/build.make po/CMakeFiles/update-gmo.dir/build
make[4]: Leaving directory '/<<PKGBUILDDIR>>/debian/build'
make[4]: Entering directory '/<<PKGBUILDDIR>>/debian/build'
/usr/bin/make  -f man/CMakeFiles/manpage-sources.dir/build.make man/CMakeFiles/manpage-sources.dir/build
make[4]: Entering directory '/<<PKGBUILDDIR>>/debian/build'
make[4]: Entering directory '/<<PKGBUILDDIR>>/debian/build'
make[4]: Nothing to be done for 'man/CMakeFiles/manpage-sources.dir/build'.
make[4]: Leaving directory '/<<PKGBUILDDIR>>/debian/build'
[  0%] Generating schroot.1
cd /<<PKGBUILDDIR>>/debian/build/man && /usr/bin/soelim -r -I/<<PKGBUILDDIR>>/debian/build/man -I/<<PKGBUILDDIR>>/man < /<<PKGBUILDDIR>>/man/schroot.1.man > /<<PKGBUILDDIR>>/debian/build/man/schroot.1
[  1%] Built target manpage-sources
[  2%] Generating cs.gmo
cd /<<PKGBUILDDIR>>/debian/build/po && /usr/bin/cmake -E remove /<<PKGBUILDDIR>>/debian/build/po/cs.gmo
[  3%] Generating schroot-setup.5
[  3%] Generating da.gmo
cd /<<PKGBUILDDIR>>/debian/build/man && /usr/bin/soelim -r -I/<<PKGBUILDDIR>>/debian/build/man -I/<<PKGBUILDDIR>>/man < /<<PKGBUILDDIR>>/man/schroot-setup.5.man > /<<PKGBUILDDIR>>/debian/build/man/schroot-setup.5
cd /<<PKGBUILDDIR>>/debian/build/po && /usr/bin/cmake -E remove /<<PKGBUILDDIR>>/debian/build/po/da.gmo
cd /<<PKGBUILDDIR>>/debian/build/po && msgfmt -c --statistics -o /<<PKGBUILDDIR>>/debian/build/po/cs.gmo /<<PKGBUILDDIR>>/po/cs.po
Scanning dependencies of target sbuild
make[4]: Leaving directory '/<<PKGBUILDDIR>>/debian/build'
/usr/bin/make  -f sbuild/CMakeFiles/sbuild.dir/build.make sbuild/CMakeFiles/sbuild.dir/build
cd /<<PKGBUILDDIR>>/debian/build/po && msgfmt -c --statistics -o /<<PKGBUILDDIR>>/debian/build/po/da.gmo /<<PKGBUILDDIR>>/po/da.po
make[4]: Entering directory '/<<PKGBUILDDIR>>/debian/build'
365 translated messages.
[  4%] Generating schroot.conf.5
cd /<<PKGBUILDDIR>>/debian/build/po && touch /<<PKGBUILDDIR>>/debian/build/po/cs.gmo
cd /<<PKGBUILDDIR>>/debian/build/man && /usr/bin/soelim -r -I/<<PKGBUILDDIR>>/debian/build/man -I/<<PKGBUILDDIR>>/man < /<<PKGBUILDDIR>>/man/schroot.conf.5.man > /<<PKGBUILDDIR>>/debian/build/man/schroot.conf.5
358 translated messages.
cd /<<PKGBUILDDIR>>/debian/build/po && touch /<<PKGBUILDDIR>>/debian/build/po/da.gmo
[  4%] Building CXX object sbuild/CMakeFiles/sbuild.dir/sbuild-ctty.cc.o
cd /<<PKGBUILDDIR>>/debian/build/sbuild && /usr/bin/c++  -I/<<PKGBUILDDIR>>/debian/build/lib -I/<<PKGBUILDDIR>>/lib -I/<<PKGBUILDDIR>>/debian/build -I/<<PKGBUILDDIR>> -I/<<PKGBUILDDIR>>/sbuild -I/<<PKGBUILDDIR>>/debian/build/sbuild -g -O2 -ffile-prefix-map=/<<PKGBUILDDIR>>=. -fstack-protector-strong -Wformat -Werror=format-security -Wall -D_FILE_OFFSET_BITS=64 -D_LARGEFILE_SOURCE -Wdate-time -D_FORTIFY_SOURCE=2 -Wdate-time -D_FORTIFY_SOURCE=2 -std=c++11 -pedantic -Wall -Wcast-align -Wwrite-strings -Wswitch-default -Wcast-qual -Wunused-variable -Wredundant-decls -Wctor-dtor-privacy -Wnon-virtual-dtor -Wreorder -Wold-style-cast -Woverloaded-virtual -fstrict-aliasing -o CMakeFiles/sbuild.dir/sbuild-ctty.cc.o -c /<<PKGBUILDDIR>>/sbuild/sbuild-ctty.cc
[  4%] Generating schroot-script-config.5
cd /<<PKGBUILDDIR>>/debian/build/man && /usr/bin/soelim -r -I/<<PKGBUILDDIR>>/debian/build/man -I/<<PKGBUILDDIR>>/man < /<<PKGBUILDDIR>>/man/schroot-script-config.5.man > /<<PKGBUILDDIR>>/debian/build/man/schroot-script-config.5
[  5%] Generating de.gmo
cd /<<PKGBUILDDIR>>/debian/build/po && /usr/bin/cmake -E remove /<<PKGBUILDDIR>>/debian/build/po/de.gmo
[  6%] Generating schroot-faq.7
cd /<<PKGBUILDDIR>>/debian/build/man && /usr/bin/soelim -r -I/<<PKGBUILDDIR>>/debian/build/man -I/<<PKGBUILDDIR>>/man < /<<PKGBUILDDIR>>/man/schroot-faq.7.man > /<<PKGBUILDDIR>>/debian/build/man/schroot-faq.7
[  7%] Generating translated/de/schroot-faq.7
cd /<<PKGBUILDDIR>>/debian/build/man && /usr/bin/soelim -r -I/<<PKGBUILDDIR>>/debian/build/man/translated/de -I/<<PKGBUILDDIR>>/debian/build/man -I/<<PKGBUILDDIR>>/man < /<<PKGBUILDDIR>>/debian/build/man/translated/de/schroot-faq.7.man > /<<PKGBUILDDIR>>/debian/build/man/translated/de/schroot-faq.7
cd /<<PKGBUILDDIR>>/debian/build/po && msgfmt -c --statistics -o /<<PKGBUILDDIR>>/debian/build/po/de.gmo /<<PKGBUILDDIR>>/po/de.po
[  8%] Building CXX object sbuild/CMakeFiles/sbuild.dir/sbuild-environment.cc.o
358 translated messages.
cd /<<PKGBUILDDIR>>/debian/build/sbuild && /usr/bin/c++  -I/<<PKGBUILDDIR>>/debian/build/lib -I/<<PKGBUILDDIR>>/lib -I/<<PKGBUILDDIR>>/debian/build -I/<<PKGBUILDDIR>> -I/<<PKGBUILDDIR>>/sbuild -I/<<PKGBUILDDIR>>/debian/build/sbuild -g -O2 -ffile-prefix-map=/<<PKGBUILDDIR>>=. -fstack-protector-strong -Wformat -Werror=format-security -Wall -D_FILE_OFFSET_BITS=64 -D_LARGEFILE_SOURCE -Wdate-time -D_FORTIFY_SOURCE=2 -Wdate-time -D_FORTIFY_SOURCE=2 -std=c++11 -pedantic -Wall -Wcast-align -Wwrite-strings -Wswitch-default -Wcast-qual -Wunused-variable -Wredundant-decls -Wctor-dtor-privacy -Wnon-virtual-dtor -Wreorder -Wold-style-cast -Woverloaded-virtual -fstrict-aliasing -o CMakeFiles/sbuild.dir/sbuild-environment.cc.o -c /<<PKGBUILDDIR>>/sbuild/sbuild-environment.cc
cd /<<PKGBUILDDIR>>/debian/build/po && touch /<<PKGBUILDDIR>>/debian/build/po/de.gmo
[  8%] Generating translated/de/schroot-script-config.5
cd /<<PKGBUILDDIR>>/debian/build/man && /usr/bin/soelim -r -I/<<PKGBUILDDIR>>/debian/build/man/translated/de -I/<<PKGBUILDDIR>>/debian/build/man -I/<<PKGBUILDDIR>>/man < /<<PKGBUILDDIR>>/debian/build/man/translated/de/schroot-script-config.5.man > /<<PKGBUILDDIR>>/debian/build/man/translated/de/schroot-script-config.5
[  9%] Generating en.gmo
cd /<<PKGBUILDDIR>>/debian/build/po && /usr/bin/cmake -E remove /<<PKGBUILDDIR>>/debian/build/po/en.gmo
cd /<<PKGBUILDDIR>>/debian/build/po && msgfmt -c --statistics -o /<<PKGBUILDDIR>>/debian/build/po/en.gmo /<<PKGBUILDDIR>>/po/en.po
[ 10%] Generating translated/de/schroot-setup.5
cd /<<PKGBUILDDIR>>/debian/build/man && /usr/bin/soelim -r -I/<<PKGBUILDDIR>>/debian/build/man/translated/de -I/<<PKGBUILDDIR>>/debian/build/man -I/<<PKGBUILDDIR>>/man < /<<PKGBUILDDIR>>/debian/build/man/translated/de/schroot-setup.5.man > /<<PKGBUILDDIR>>/debian/build/man/translated/de/schroot-setup.5
358 translated messages.
cd /<<PKGBUILDDIR>>/debian/build/po && touch /<<PKGBUILDDIR>>/debian/build/po/en.gmo
[ 12%] Generating translated/de/schroot.1
cd /<<PKGBUILDDIR>>/debian/build/man && /usr/bin/soelim -r -I/<<PKGBUILDDIR>>/debian/build/man/translated/de -I/<<PKGBUILDDIR>>/debian/build/man -I/<<PKGBUILDDIR>>/man < /<<PKGBUILDDIR>>/debian/build/man/translated/de/schroot.1.man > /<<PKGBUILDDIR>>/debian/build/man/translated/de/schroot.1
[ 12%] Generating eu.gmo
cd /<<PKGBUILDDIR>>/debian/build/po && /usr/bin/cmake -E remove /<<PKGBUILDDIR>>/debian/build/po/eu.gmo
[ 12%] Generating translated/de/schroot.conf.5
cd /<<PKGBUILDDIR>>/debian/build/man && /usr/bin/soelim -r -I/<<PKGBUILDDIR>>/debian/build/man/translated/de -I/<<PKGBUILDDIR>>/debian/build/man -I/<<PKGBUILDDIR>>/man < /<<PKGBUILDDIR>>/debian/build/man/translated/de/schroot.conf.5.man > /<<PKGBUILDDIR>>/debian/build/man/translated/de/schroot.conf.5
cd /<<PKGBUILDDIR>>/debian/build/po && msgfmt -c --statistics -o /<<PKGBUILDDIR>>/debian/build/po/eu.gmo /<<PKGBUILDDIR>>/po/eu.po
358 translated messages.
cd /<<PKGBUILDDIR>>/debian/build/po && touch /<<PKGBUILDDIR>>/debian/build/po/eu.gmo
[ 13%] Generating translated/fr/schroot-faq.7
cd /<<PKGBUILDDIR>>/debian/build/man && /usr/bin/soelim -r -I/<<PKGBUILDDIR>>/debian/build/man/translated/fr -I/<<PKGBUILDDIR>>/debian/build/man -I/<<PKGBUILDDIR>>/man < /<<PKGBUILDDIR>>/debian/build/man/translated/fr/schroot-faq.7.man > /<<PKGBUILDDIR>>/debian/build/man/translated/fr/schroot-faq.7
[ 14%] Generating fr.gmo
cd /<<PKGBUILDDIR>>/debian/build/po && /usr/bin/cmake -E remove /<<PKGBUILDDIR>>/debian/build/po/fr.gmo
[ 15%] Generating translated/fr/schroot-script-config.5
cd /<<PKGBUILDDIR>>/debian/build/man && /usr/bin/soelim -r -I/<<PKGBUILDDIR>>/debian/build/man/translated/fr -I/<<PKGBUILDDIR>>/debian/build/man -I/<<PKGBUILDDIR>>/man < /<<PKGBUILDDIR>>/debian/build/man/translated/fr/schroot-script-config.5.man > /<<PKGBUILDDIR>>/debian/build/man/translated/fr/schroot-script-config.5
cd /<<PKGBUILDDIR>>/debian/build/po && msgfmt -c --statistics -o /<<PKGBUILDDIR>>/debian/build/po/fr.gmo /<<PKGBUILDDIR>>/po/fr.po
[ 15%] Generating translated/fr/schroot-setup.5
cd /<<PKGBUILDDIR>>/debian/build/man && /usr/bin/soelim -r -I/<<PKGBUILDDIR>>/debian/build/man/translated/fr -I/<<PKGBUILDDIR>>/debian/build/man -I/<<PKGBUILDDIR>>/man < /<<PKGBUILDDIR>>/debian/build/man/translated/fr/schroot-setup.5.man > /<<PKGBUILDDIR>>/debian/build/man/translated/fr/schroot-setup.5
358 translated messages.
cd /<<PKGBUILDDIR>>/debian/build/po && touch /<<PKGBUILDDIR>>/debian/build/po/fr.gmo
[ 16%] Generating translated/fr/schroot.1
cd /<<PKGBUILDDIR>>/debian/build/man && /usr/bin/soelim -r -I/<<PKGBUILDDIR>>/debian/build/man/translated/fr -I/<<PKGBUILDDIR>>/debian/build/man -I/<<PKGBUILDDIR>>/man < /<<PKGBUILDDIR>>/debian/build/man/translated/fr/schroot.1.man > /<<PKGBUILDDIR>>/debian/build/man/translated/fr/schroot.1
[ 17%] Generating it.gmo
cd /<<PKGBUILDDIR>>/debian/build/po && /usr/bin/cmake -E remove /<<PKGBUILDDIR>>/debian/build/po/it.gmo
[ 18%] Generating translated/fr/schroot.conf.5
cd /<<PKGBUILDDIR>>/debian/build/man && /usr/bin/soelim -r -I/<<PKGBUILDDIR>>/debian/build/man/translated/fr -I/<<PKGBUILDDIR>>/debian/build/man -I/<<PKGBUILDDIR>>/man < /<<PKGBUILDDIR>>/debian/build/man/translated/fr/schroot.conf.5.man > /<<PKGBUILDDIR>>/debian/build/man/translated/fr/schroot.conf.5
cd /<<PKGBUILDDIR>>/debian/build/po && msgfmt -c --statistics -o /<<PKGBUILDDIR>>/debian/build/po/it.gmo /<<PKGBUILDDIR>>/po/it.po
make[4]: Leaving directory '/<<PKGBUILDDIR>>/debian/build'
247 translated messages, 91 fuzzy translations, 20 untranslated messages.
cd /<<PKGBUILDDIR>>/debian/build/po && touch /<<PKGBUILDDIR>>/debian/build/po/it.gmo
[ 19%] Built target manpages
[ 19%] Generating pt.gmo
cd /<<PKGBUILDDIR>>/debian/build/po && /usr/bin/cmake -E remove /<<PKGBUILDDIR>>/debian/build/po/pt.gmo
[ 20%] Generating sv.gmo
cd /<<PKGBUILDDIR>>/debian/build/po && /usr/bin/cmake -E remove /<<PKGBUILDDIR>>/debian/build/po/sv.gmo
cd /<<PKGBUILDDIR>>/debian/build/po && msgfmt -c --statistics -o /<<PKGBUILDDIR>>/debian/build/po/pt.gmo /<<PKGBUILDDIR>>/po/pt.po
cd /<<PKGBUILDDIR>>/debian/build/po && msgfmt -c --statistics -o /<<PKGBUILDDIR>>/debian/build/po/sv.gmo /<<PKGBUILDDIR>>/po/sv.po
357 translated messages, 1 fuzzy translation.
cd /<<PKGBUILDDIR>>/debian/build/po && touch /<<PKGBUILDDIR>>/debian/build/po/pt.gmo
152 translated messages, 119 fuzzy translations, 87 untranslated messages.
cd /<<PKGBUILDDIR>>/debian/build/po && touch /<<PKGBUILDDIR>>/debian/build/po/sv.gmo
[ 21%] Generating vi.gmo
cd /<<PKGBUILDDIR>>/debian/build/po && /usr/bin/cmake -E remove /<<PKGBUILDDIR>>/debian/build/po/vi.gmo
[ 21%] Generating zh_CN.gmo
cd /<<PKGBUILDDIR>>/debian/build/po && /usr/bin/cmake -E remove /<<PKGBUILDDIR>>/debian/build/po/zh_CN.gmo
cd /<<PKGBUILDDIR>>/debian/build/po && msgfmt -c --statistics -o /<<PKGBUILDDIR>>/debian/build/po/vi.gmo /<<PKGBUILDDIR>>/po/vi.po
cd /<<PKGBUILDDIR>>/debian/build/po && msgfmt -c --statistics -o /<<PKGBUILDDIR>>/debian/build/po/zh_CN.gmo /<<PKGBUILDDIR>>/po/zh_CN.po
246 translated messages, 91 fuzzy translations, 21 untranslated messages.
cd /<<PKGBUILDDIR>>/debian/build/po && touch /<<PKGBUILDDIR>>/debian/build/po/vi.gmo
337 translated messages, 6 fuzzy translations, 15 untranslated messages.
cd /<<PKGBUILDDIR>>/debian/build/po && touch /<<PKGBUILDDIR>>/debian/build/po/zh_CN.gmo
make[4]: Leaving directory '/<<PKGBUILDDIR>>/debian/build'
[ 23%] Building CXX object sbuild/CMakeFiles/sbuild.dir/sbuild-feature.cc.o
cd /<<PKGBUILDDIR>>/debian/build/sbuild && /usr/bin/c++  -I/<<PKGBUILDDIR>>/debian/build/lib -I/<<PKGBUILDDIR>>/lib -I/<<PKGBUILDDIR>>/debian/build -I/<<PKGBUILDDIR>> -I/<<PKGBUILDDIR>>/sbuild -I/<<PKGBUILDDIR>>/debian/build/sbuild -g -O2 -ffile-prefix-map=/<<PKGBUILDDIR>>=. -fstack-protector-strong -Wformat -Werror=format-security -Wall -D_FILE_OFFSET_BITS=64 -D_LARGEFILE_SOURCE -Wdate-time -D_FORTIFY_SOURCE=2 -Wdate-time -D_FORTIFY_SOURCE=2 -std=c++11 -pedantic -Wall -Wcast-align -Wwrite-strings -Wswitch-default -Wcast-qual -Wunused-variable -Wredundant-decls -Wctor-dtor-privacy -Wnon-virtual-dtor -Wreorder -Wold-style-cast -Woverloaded-virtual -fstrict-aliasing -o CMakeFiles/sbuild.dir/sbuild-feature.cc.o -c /<<PKGBUILDDIR>>/sbuild/sbuild-feature.cc
[ 31%] Built target update-gmo
[ 31%] Building CXX object sbuild/CMakeFiles/sbuild.dir/sbuild-format-detail.cc.o
cd /<<PKGBUILDDIR>>/debian/build/sbuild && /usr/bin/c++  -I/<<PKGBUILDDIR>>/debian/build/lib -I/<<PKGBUILDDIR>>/lib -I/<<PKGBUILDDIR>>/debian/build -I/<<PKGBUILDDIR>> -I/<<PKGBUILDDIR>>/sbuild -I/<<PKGBUILDDIR>>/debian/build/sbuild -g -O2 -ffile-prefix-map=/<<PKGBUILDDIR>>=. -fstack-protector-strong -Wformat -Werror=format-security -Wall -D_FILE_OFFSET_BITS=64 -D_LARGEFILE_SOURCE -Wdate-time -D_FORTIFY_SOURCE=2 -Wdate-time -D_FORTIFY_SOURCE=2 -std=c++11 -pedantic -Wall -Wcast-align -Wwrite-strings -Wswitch-default -Wcast-qual -Wunused-variable -Wredundant-decls -Wctor-dtor-privacy -Wnon-virtual-dtor -Wreorder -Wold-style-cast -Woverloaded-virtual -fstrict-aliasing -o CMakeFiles/sbuild.dir/sbuild-format-detail.cc.o -c /<<PKGBUILDDIR>>/sbuild/sbuild-format-detail.cc
In file included from /<<PKGBUILDDIR>>/sbuild/sbuild-format-detail.cc:21:
In file included from /<<PKGBUILDDIR>>/sbuild/sbuild-format-detail.h:23:
In file included from /<<PKGBUILDDIR>>/sbuild/sbuild-util.h:22:
In file included from /<<PKGBUILDDIR>>/sbuild/sbuild-environment.h:23:
In file included from /<<PKGBUILDDIR>>/sbuild/sbuild-parse-value.h:22:
In file included from /<<PKGBUILDDIR>>/sbuild/sbuild-parse-error.h:22:
In file included from /<<PKGBUILDDIR>>/sbuild/sbuild-custom-error.h:22:
In file included from /<<PKGBUILDDIR>>/sbuild/sbuild-error.h:344:
/<<PKGBUILDDIR>>/sbuild/sbuild-error.tcc:260:43: warning: instantiation of variable 'sbuild::error<sbuild::stat::error_code>::error_strings' required here, but no definition is available [-Wundefined-var-template]
  typename map_type::const_iterator pos = error_strings.find(error);
                                          ^
/<<PKGBUILDDIR>>/sbuild/sbuild-error.tcc:39:19: note: in instantiation of member function 'sbuild::error<sbuild::stat::error_code>::get_error' requested here
  std::string msg(get_error(error));
                  ^
/<<PKGBUILDDIR>>/sbuild/sbuild-custom-error.h:122:30: note: in instantiation of function template specialization 'sbuild::error<sbuild::stat::error_code>::format_error<std::__cxx11::basic_string<char>, sbuild::null, sbuild::null, char *, sbuild::null, sbuild::null>' requested here
      sbuild::error<T>(this->format_error(context, null(), null(), error, detail, null(), null()),
                             ^
/<<PKGBUILDDIR>>/sbuild/sbuild-util.h:414:19: note: in instantiation of function template specialization 'sbuild::custom_error<sbuild::stat::error_code>::custom_error<std::__cxx11::basic_string<char>, char *>' requested here
            throw error(this->file, FILE, std::strerror(this->errorno));
                  ^
/<<PKGBUILDDIR>>/sbuild/sbuild-error.h:146:21: note: forward declaration of template entity is here
    static map_type error_strings;
                    ^
/<<PKGBUILDDIR>>/sbuild/sbuild-error.tcc:260:43: note: add an explicit instantiation declaration to suppress this warning if 'sbuild::error<sbuild::stat::error_code>::error_strings' is explicitly instantiated in another translation unit
  typename map_type::const_iterator pos = error_strings.find(error);
                                          ^
[ 32%] Building CXX object sbuild/CMakeFiles/sbuild.dir/sbuild-keyfile-base.cc.o
cd /<<PKGBUILDDIR>>/debian/build/sbuild && /usr/bin/c++  -I/<<PKGBUILDDIR>>/debian/build/lib -I/<<PKGBUILDDIR>>/lib -I/<<PKGBUILDDIR>>/debian/build -I/<<PKGBUILDDIR>> -I/<<PKGBUILDDIR>>/sbuild -I/<<PKGBUILDDIR>>/debian/build/sbuild -g -O2 -ffile-prefix-map=/<<PKGBUILDDIR>>=. -fstack-protector-strong -Wformat -Werror=format-security -Wall -D_FILE_OFFSET_BITS=64 -D_LARGEFILE_SOURCE -Wdate-time -D_FORTIFY_SOURCE=2 -Wdate-time -D_FORTIFY_SOURCE=2 -std=c++11 -pedantic -Wall -Wcast-align -Wwrite-strings -Wswitch-default -Wcast-qual -Wunused-variable -Wredundant-decls -Wctor-dtor-privacy -Wnon-virtual-dtor -Wreorder -Wold-style-cast -Woverloaded-virtual -fstrict-aliasing -o CMakeFiles/sbuild.dir/sbuild-keyfile-base.cc.o -c /<<PKGBUILDDIR>>/sbuild/sbuild-keyfile-base.cc
[ 34%] Building CXX object sbuild/CMakeFiles/sbuild.dir/sbuild-lock.cc.o
cd /<<PKGBUILDDIR>>/debian/build/sbuild && /usr/bin/c++  -I/<<PKGBUILDDIR>>/debian/build/lib -I/<<PKGBUILDDIR>>/lib -I/<<PKGBUILDDIR>>/debian/build -I/<<PKGBUILDDIR>> -I/<<PKGBUILDDIR>>/sbuild -I/<<PKGBUILDDIR>>/debian/build/sbuild -g -O2 -ffile-prefix-map=/<<PKGBUILDDIR>>=. -fstack-protector-strong -Wformat -Werror=format-security -Wall -D_FILE_OFFSET_BITS=64 -D_LARGEFILE_SOURCE -Wdate-time -D_FORTIFY_SOURCE=2 -Wdate-time -D_FORTIFY_SOURCE=2 -std=c++11 -pedantic -Wall -Wcast-align -Wwrite-strings -Wswitch-default -Wcast-qual -Wunused-variable -Wredundant-decls -Wctor-dtor-privacy -Wnon-virtual-dtor -Wreorder -Wold-style-cast -Woverloaded-virtual -fstrict-aliasing -o CMakeFiles/sbuild.dir/sbuild-lock.cc.o -c /<<PKGBUILDDIR>>/sbuild/sbuild-lock.cc
1 warning generated.
[ 34%] Building CXX object sbuild/CMakeFiles/sbuild.dir/sbuild-log.cc.o
cd /<<PKGBUILDDIR>>/debian/build/sbuild && /usr/bin/c++  -I/<<PKGBUILDDIR>>/debian/build/lib -I/<<PKGBUILDDIR>>/lib -I/<<PKGBUILDDIR>>/debian/build -I/<<PKGBUILDDIR>> -I/<<PKGBUILDDIR>>/sbuild -I/<<PKGBUILDDIR>>/debian/build/sbuild -g -O2 -ffile-prefix-map=/<<PKGBUILDDIR>>=. -fstack-protector-strong -Wformat -Werror=format-security -Wall -D_FILE_OFFSET_BITS=64 -D_LARGEFILE_SOURCE -Wdate-time -D_FORTIFY_SOURCE=2 -Wdate-time -D_FORTIFY_SOURCE=2 -std=c++11 -pedantic -Wall -Wcast-align -Wwrite-strings -Wswitch-default -Wcast-qual -Wunused-variable -Wredundant-decls -Wctor-dtor-privacy -Wnon-virtual-dtor -Wreorder -Wold-style-cast -Woverloaded-virtual -fstrict-aliasing -o CMakeFiles/sbuild.dir/sbuild-log.cc.o -c /<<PKGBUILDDIR>>/sbuild/sbuild-log.cc
[ 35%] Building CXX object sbuild/CMakeFiles/sbuild.dir/sbuild-mntstream.cc.o
cd /<<PKGBUILDDIR>>/debian/build/sbuild && /usr/bin/c++  -I/<<PKGBUILDDIR>>/debian/build/lib -I/<<PKGBUILDDIR>>/lib -I/<<PKGBUILDDIR>>/debian/build -I/<<PKGBUILDDIR>> -I/<<PKGBUILDDIR>>/sbuild -I/<<PKGBUILDDIR>>/debian/build/sbuild -g -O2 -ffile-prefix-map=/<<PKGBUILDDIR>>=. -fstack-protector-strong -Wformat -Werror=format-security -Wall -D_FILE_OFFSET_BITS=64 -D_LARGEFILE_SOURCE -Wdate-time -D_FORTIFY_SOURCE=2 -Wdate-time -D_FORTIFY_SOURCE=2 -std=c++11 -pedantic -Wall -Wcast-align -Wwrite-strings -Wswitch-default -Wcast-qual -Wunused-variable -Wredundant-decls -Wctor-dtor-privacy -Wnon-virtual-dtor -Wreorder -Wold-style-cast -Woverloaded-virtual -fstrict-aliasing -o CMakeFiles/sbuild.dir/sbuild-mntstream.cc.o -c /<<PKGBUILDDIR>>/sbuild/sbuild-mntstream.cc
In file included from /<<PKGBUILDDIR>>/sbuild/sbuild-keyfile-base.cc:21:
In file included from /<<PKGBUILDDIR>>/sbuild/sbuild-keyfile-base.h:24:
In file included from /<<PKGBUILDDIR>>/sbuild/sbuild-parse-error.h:22:
In file included from /<<PKGBUILDDIR>>/sbuild/sbuild-custom-error.h:22:
In file included from /<<PKGBUILDDIR>>/sbuild/sbuild-error.h:344:
/<<PKGBUILDDIR>>/sbuild/sbuild-error.tcc:260:43: warning: instantiation of variable 'sbuild::error<sbuild::stat::error_code>::error_strings' required here, but no definition is available [-Wundefined-var-template]
  typename map_type::const_iterator pos = error_strings.find(error);
                                          ^
/<<PKGBUILDDIR>>/sbuild/sbuild-error.tcc:39:19: note: in instantiation of member function 'sbuild::error<sbuild::stat::error_code>::get_error' requested here
  std::string msg(get_error(error));
                  ^
/<<PKGBUILDDIR>>/sbuild/sbuild-custom-error.h:122:30: note: in instantiation of function template specialization 'sbuild::error<sbuild::stat::error_code>::format_error<std::__cxx11::basic_string<char>, sbuild::null, sbuild::null, char *, sbuild::null, sbuild::null>' requested here
      sbuild::error<T>(this->format_error(context, null(), null(), error, detail, null(), null()),
                             ^
/<<PKGBUILDDIR>>/sbuild/sbuild-util.h:414:19: note: in instantiation of function template specialization 'sbuild::custom_error<sbuild::stat::error_code>::custom_error<std::__cxx11::basic_string<char>, char *>' requested here
            throw error(this->file, FILE, std::strerror(this->errorno));
                  ^
/<<PKGBUILDDIR>>/sbuild/sbuild-error.h:146:21: note: forward declaration of template entity is here
    static map_type error_strings;
                    ^
/<<PKGBUILDDIR>>/sbuild/sbuild-error.tcc:260:43: note: add an explicit instantiation declaration to suppress this warning if 'sbuild::error<sbuild::stat::error_code>::error_strings' is explicitly instantiated in another translation unit
  typename map_type::const_iterator pos = error_strings.find(error);
                                          ^
1 warning generated.
[ 36%] Building CXX object sbuild/CMakeFiles/sbuild.dir/sbuild-nostream.cc.o
cd /<<PKGBUILDDIR>>/debian/build/sbuild && /usr/bin/c++  -I/<<PKGBUILDDIR>>/debian/build/lib -I/<<PKGBUILDDIR>>/lib -I/<<PKGBUILDDIR>>/debian/build -I/<<PKGBUILDDIR>> -I/<<PKGBUILDDIR>>/sbuild -I/<<PKGBUILDDIR>>/debian/build/sbuild -g -O2 -ffile-prefix-map=/<<PKGBUILDDIR>>=. -fstack-protector-strong -Wformat -Werror=format-security -Wall -D_FILE_OFFSET_BITS=64 -D_LARGEFILE_SOURCE -Wdate-time -D_FORTIFY_SOURCE=2 -Wdate-time -D_FORTIFY_SOURCE=2 -std=c++11 -pedantic -Wall -Wcast-align -Wwrite-strings -Wswitch-default -Wcast-qual -Wunused-variable -Wredundant-decls -Wctor-dtor-privacy -Wnon-virtual-dtor -Wreorder -Wold-style-cast -Woverloaded-virtual -fstrict-aliasing -o CMakeFiles/sbuild.dir/sbuild-nostream.cc.o -c /<<PKGBUILDDIR>>/sbuild/sbuild-nostream.cc
[ 36%] Building CXX object sbuild/CMakeFiles/sbuild.dir/sbuild-null.cc.o
cd /<<PKGBUILDDIR>>/debian/build/sbuild && /usr/bin/c++  -I/<<PKGBUILDDIR>>/debian/build/lib -I/<<PKGBUILDDIR>>/lib -I/<<PKGBUILDDIR>>/debian/build -I/<<PKGBUILDDIR>> -I/<<PKGBUILDDIR>>/sbuild -I/<<PKGBUILDDIR>>/debian/build/sbuild -g -O2 -ffile-prefix-map=/<<PKGBUILDDIR>>=. -fstack-protector-strong -Wformat -Werror=format-security -Wall -D_FILE_OFFSET_BITS=64 -D_LARGEFILE_SOURCE -Wdate-time -D_FORTIFY_SOURCE=2 -Wdate-time -D_FORTIFY_SOURCE=2 -std=c++11 -pedantic -Wall -Wcast-align -Wwrite-strings -Wswitch-default -Wcast-qual -Wunused-variable -Wredundant-decls -Wctor-dtor-privacy -Wnon-virtual-dtor -Wreorder -Wold-style-cast -Woverloaded-virtual -fstrict-aliasing -o CMakeFiles/sbuild.dir/sbuild-null.cc.o -c /<<PKGBUILDDIR>>/sbuild/sbuild-null.cc
[ 37%] Building CXX object sbuild/CMakeFiles/sbuild.dir/sbuild-parse-value.cc.o
cd /<<PKGBUILDDIR>>/debian/build/sbuild && /usr/bin/c++  -I/<<PKGBUILDDIR>>/debian/build/lib -I/<<PKGBUILDDIR>>/lib -I/<<PKGBUILDDIR>>/debian/build -I/<<PKGBUILDDIR>> -I/<<PKGBUILDDIR>>/sbuild -I/<<PKGBUILDDIR>>/debian/build/sbuild -g -O2 -ffile-prefix-map=/<<PKGBUILDDIR>>=. -fstack-protector-strong -Wformat -Werror=format-security -Wall -D_FILE_OFFSET_BITS=64 -D_LARGEFILE_SOURCE -Wdate-time -D_FORTIFY_SOURCE=2 -Wdate-time -D_FORTIFY_SOURCE=2 -std=c++11 -pedantic -Wall -Wcast-align -Wwrite-strings -Wswitch-default -Wcast-qual -Wunused-variable -Wredundant-decls -Wctor-dtor-privacy -Wnon-virtual-dtor -Wreorder -Wold-style-cast -Woverloaded-virtual -fstrict-aliasing -o CMakeFiles/sbuild.dir/sbuild-parse-value.cc.o -c /<<PKGBUILDDIR>>/sbuild/sbuild-parse-value.cc
In file included from /<<PKGBUILDDIR>>/sbuild/sbuild-log.cc:21:
In file included from /<<PKGBUILDDIR>>/sbuild/sbuild-ctty.h:23:
In file included from /<<PKGBUILDDIR>>/sbuild/sbuild-parse-error.h:22:
In file included from /<<PKGBUILDDIR>>/sbuild/sbuild-custom-error.h:22:
In file included from /<<PKGBUILDDIR>>/sbuild/sbuild-error.h:344:
/<<PKGBUILDDIR>>/sbuild/sbuild-error.tcc:260:43: warning: instantiation of variable 'sbuild::error<sbuild::stat::error_code>::error_strings' required here, but no definition is available [-Wundefined-var-template]
  typename map_type::const_iterator pos = error_strings.find(error);
                                          ^
/<<PKGBUILDDIR>>/sbuild/sbuild-error.tcc:39:19: note: in instantiation of member function 'sbuild::error<sbuild::stat::error_code>::get_error' requested here
  std::string msg(get_error(error));
                  ^
/<<PKGBUILDDIR>>/sbuild/sbuild-custom-error.h:122:30: note: in instantiation of function template specialization 'sbuild::error<sbuild::stat::error_code>::format_error<std::__cxx11::basic_string<char>, sbuild::null, sbuild::null, char *, sbuild::null, sbuild::null>' requested here
      sbuild::error<T>(this->format_error(context, null(), null(), error, detail, null(), null()),
                             ^
/<<PKGBUILDDIR>>/sbuild/sbuild-util.h:414:19: note: in instantiation of function template specialization 'sbuild::custom_error<sbuild::stat::error_code>::custom_error<std::__cxx11::basic_string<char>, char *>' requested here
            throw error(this->file, FILE, std::strerror(this->errorno));
                  ^
/<<PKGBUILDDIR>>/sbuild/sbuild-error.h:146:21: note: forward declaration of template entity is here
    static map_type error_strings;
                    ^
/<<PKGBUILDDIR>>/sbuild/sbuild-error.tcc:260:43: note: add an explicit instantiation declaration to suppress this warning if 'sbuild::error<sbuild::stat::error_code>::error_strings' is explicitly instantiated in another translation unit
  typename map_type::const_iterator pos = error_strings.find(error);
                                          ^
[ 38%] Building CXX object sbuild/CMakeFiles/sbuild.dir/sbuild-personality.cc.o
cd /<<PKGBUILDDIR>>/debian/build/sbuild && /usr/bin/c++  -I/<<PKGBUILDDIR>>/debian/build/lib -I/<<PKGBUILDDIR>>/lib -I/<<PKGBUILDDIR>>/debian/build -I/<<PKGBUILDDIR>> -I/<<PKGBUILDDIR>>/sbuild -I/<<PKGBUILDDIR>>/debian/build/sbuild -g -O2 -ffile-prefix-map=/<<PKGBUILDDIR>>=. -fstack-protector-strong -Wformat -Werror=format-security -Wall -D_FILE_OFFSET_BITS=64 -D_LARGEFILE_SOURCE -Wdate-time -D_FORTIFY_SOURCE=2 -Wdate-time -D_FORTIFY_SOURCE=2 -std=c++11 -pedantic -Wall -Wcast-align -Wwrite-strings -Wswitch-default -Wcast-qual -Wunused-variable -Wredundant-decls -Wctor-dtor-privacy -Wnon-virtual-dtor -Wreorder -Wold-style-cast -Woverloaded-virtual -fstrict-aliasing -o CMakeFiles/sbuild.dir/sbuild-personality.cc.o -c /<<PKGBUILDDIR>>/sbuild/sbuild-personality.cc
[ 38%] Building CXX object sbuild/CMakeFiles/sbuild.dir/sbuild-run-parts.cc.o
cd /<<PKGBUILDDIR>>/debian/build/sbuild && /usr/bin/c++  -I/<<PKGBUILDDIR>>/debian/build/lib -I/<<PKGBUILDDIR>>/lib -I/<<PKGBUILDDIR>>/debian/build -I/<<PKGBUILDDIR>> -I/<<PKGBUILDDIR>>/sbuild -I/<<PKGBUILDDIR>>/debian/build/sbuild -g -O2 -ffile-prefix-map=/<<PKGBUILDDIR>>=. -fstack-protector-strong -Wformat -Werror=format-security -Wall -D_FILE_OFFSET_BITS=64 -D_LARGEFILE_SOURCE -Wdate-time -D_FORTIFY_SOURCE=2 -Wdate-time -D_FORTIFY_SOURCE=2 -std=c++11 -pedantic -Wall -Wcast-align -Wwrite-strings -Wswitch-default -Wcast-qual -Wunused-variable -Wredundant-decls -Wctor-dtor-privacy -Wnon-virtual-dtor -Wreorder -Wold-style-cast -Woverloaded-virtual -fstrict-aliasing -o CMakeFiles/sbuild.dir/sbuild-run-parts.cc.o -c /<<PKGBUILDDIR>>/sbuild/sbuild-run-parts.cc
1 warning generated.
[ 39%] Building CXX object sbuild/CMakeFiles/sbuild.dir/sbuild-session.cc.o
cd /<<PKGBUILDDIR>>/debian/build/sbuild && /usr/bin/c++  -I/<<PKGBUILDDIR>>/debian/build/lib -I/<<PKGBUILDDIR>>/lib -I/<<PKGBUILDDIR>>/debian/build -I/<<PKGBUILDDIR>> -I/<<PKGBUILDDIR>>/sbuild -I/<<PKGBUILDDIR>>/debian/build/sbuild -g -O2 -ffile-prefix-map=/<<PKGBUILDDIR>>=. -fstack-protector-strong -Wformat -Werror=format-security -Wall -D_FILE_OFFSET_BITS=64 -D_LARGEFILE_SOURCE -Wdate-time -D_FORTIFY_SOURCE=2 -Wdate-time -D_FORTIFY_SOURCE=2 -std=c++11 -pedantic -Wall -Wcast-align -Wwrite-strings -Wswitch-default -Wcast-qual -Wunused-variable -Wredundant-decls -Wctor-dtor-privacy -Wnon-virtual-dtor -Wreorder -Wold-style-cast -Woverloaded-virtual -fstrict-aliasing -o CMakeFiles/sbuild.dir/sbuild-session.cc.o -c /<<PKGBUILDDIR>>/sbuild/sbuild-session.cc
[ 40%] Building CXX object sbuild/CMakeFiles/sbuild.dir/sbuild-types.cc.o
cd /<<PKGBUILDDIR>>/debian/build/sbuild && /usr/bin/c++  -I/<<PKGBUILDDIR>>/debian/build/lib -I/<<PKGBUILDDIR>>/lib -I/<<PKGBUILDDIR>>/debian/build -I/<<PKGBUILDDIR>> -I/<<PKGBUILDDIR>>/sbuild -I/<<PKGBUILDDIR>>/debian/build/sbuild -g -O2 -ffile-prefix-map=/<<PKGBUILDDIR>>=. -fstack-protector-strong -Wformat -Werror=format-security -Wall -D_FILE_OFFSET_BITS=64 -D_LARGEFILE_SOURCE -Wdate-time -D_FORTIFY_SOURCE=2 -Wdate-time -D_FORTIFY_SOURCE=2 -std=c++11 -pedantic -Wall -Wcast-align -Wwrite-strings -Wswitch-default -Wcast-qual -Wunused-variable -Wredundant-decls -Wctor-dtor-privacy -Wnon-virtual-dtor -Wreorder -Wold-style-cast -Woverloaded-virtual -fstrict-aliasing -o CMakeFiles/sbuild.dir/sbuild-types.cc.o -c /<<PKGBUILDDIR>>/sbuild/sbuild-types.cc
[ 40%] Building CXX object sbuild/CMakeFiles/sbuild.dir/sbuild-util.cc.o
cd /<<PKGBUILDDIR>>/debian/build/sbuild && /usr/bin/c++  -I/<<PKGBUILDDIR>>/debian/build/lib -I/<<PKGBUILDDIR>>/lib -I/<<PKGBUILDDIR>>/debian/build -I/<<PKGBUILDDIR>> -I/<<PKGBUILDDIR>>/sbuild -I/<<PKGBUILDDIR>>/debian/build/sbuild -g -O2 -ffile-prefix-map=/<<PKGBUILDDIR>>=. -fstack-protector-strong -Wformat -Werror=format-security -Wall -D_FILE_OFFSET_BITS=64 -D_LARGEFILE_SOURCE -Wdate-time -D_FORTIFY_SOURCE=2 -Wdate-time -D_FORTIFY_SOURCE=2 -std=c++11 -pedantic -Wall -Wcast-align -Wwrite-strings -Wswitch-default -Wcast-qual -Wunused-variable -Wredundant-decls -Wctor-dtor-privacy -Wnon-virtual-dtor -Wreorder -Wold-style-cast -Woverloaded-virtual -fstrict-aliasing -o CMakeFiles/sbuild.dir/sbuild-util.cc.o -c /<<PKGBUILDDIR>>/sbuild/sbuild-util.cc
In file included from /<<PKGBUILDDIR>>/sbuild/sbuild-session.cc:21:
In file included from /<<PKGBUILDDIR>>/sbuild/sbuild-chroot.h:25:
In file included from /<<PKGBUILDDIR>>/sbuild/sbuild-keyfile.h:22:
In file included from /<<PKGBUILDDIR>>/sbuild/sbuild-basic-keyfile.h:1511:
/<<PKGBUILDDIR>>/sbuild/sbuild-basic-keyfile.tcc:217:18: error: no viable overloaded '='
      localename = std::locale::classic();
      ~~~~~~~~~~ ^ ~~~~~~~~~~~~~~~~~~~~~~
/usr/bin/../lib/gcc/x86_64-linux-gnu/10/../../../../include/c++/10/bits/basic_string.h:665:7: note: candidate function not viable: no known conversion from 'const std::locale' to 'const std::__cxx11::basic_string<char>' for 1st argument
      operator=(const basic_string& __str)
      ^
/usr/bin/../lib/gcc/x86_64-linux-gnu/10/../../../../include/c++/10/bits/basic_string.h:675:7: note: candidate function not viable: no known conversion from 'const std::locale' to 'const char *' for 1st argument
      operator=(const _CharT* __s)
      ^
/usr/bin/../lib/gcc/x86_64-linux-gnu/10/../../../../include/c++/10/bits/basic_string.h:686:7: note: candidate function not viable: no known conversion from 'const std::locale' to 'char' for 1st argument
      operator=(_CharT __c)
      ^
/usr/bin/../lib/gcc/x86_64-linux-gnu/10/../../../../include/c++/10/bits/basic_string.h:703:7: note: candidate function not viable: no known conversion from 'const std::locale' to 'std::__cxx11::basic_string<char>' for 1st argument
      operator=(basic_string&& __str)
      ^
/usr/bin/../lib/gcc/x86_64-linux-gnu/10/../../../../include/c++/10/bits/basic_string.h:766:7: note: candidate function not viable: no known conversion from 'const std::locale' to 'initializer_list<char>' for 1st argument
      operator=(initializer_list<_CharT> __l)
      ^
In file included from /<<PKGBUILDDIR>>/sbuild/sbuild-session.cc:21:
/<<PKGBUILDDIR>>/sbuild/sbuild-chroot.h:884:17: warning: using the result of an assignment as a condition without parentheses [-Wparentheses]
        if (ret = std::dynamic_pointer_cast<T>(*pos))
            ~~~~^~~~~~~~~~~~~~~~~~~~~~~~~~~~~~~~~~~~
/<<PKGBUILDDIR>>/sbuild/sbuild-chroot.h:884:17: note: place parentheses around the assignment to silence this warning
        if (ret = std::dynamic_pointer_cast<T>(*pos))
                ^
            (                                       )
/<<PKGBUILDDIR>>/sbuild/sbuild-chroot.h:884:17: note: use '==' to turn this assignment into an equality comparison
        if (ret = std::dynamic_pointer_cast<T>(*pos))
                ^
                ==
/<<PKGBUILDDIR>>/sbuild/sbuild-chroot.h:901:17: warning: using the result of an assignment as a condition without parentheses [-Wparentheses]
        if (ret = std::dynamic_pointer_cast<T>(*pos))
            ~~~~^~~~~~~~~~~~~~~~~~~~~~~~~~~~~~~~~~~~
/<<PKGBUILDDIR>>/sbuild/sbuild-chroot.h:901:17: note: place parentheses around the assignment to silence this warning
        if (ret = std::dynamic_pointer_cast<T>(*pos))
                ^
            (                                       )
/<<PKGBUILDDIR>>/sbuild/sbuild-chroot.h:901:17: note: use '==' to turn this assignment into an equality comparison
        if (ret = std::dynamic_pointer_cast<T>(*pos))
                ^
                ==
In file included from /<<PKGBUILDDIR>>/sbuild/sbuild-run-parts.cc:21:
In file included from /<<PKGBUILDDIR>>/sbuild/sbuild-run-parts.h:22:
In file included from /<<PKGBUILDDIR>>/sbuild/sbuild-custom-error.h:22:
In file included from /<<PKGBUILDDIR>>/sbuild/sbuild-error.h:344:
/<<PKGBUILDDIR>>/sbuild/sbuild-error.tcc:260:43: warning: instantiation of variable 'sbuild::error<sbuild::stat::error_code>::error_strings' required here, but no definition is available [-Wundefined-var-template]
  typename map_type::const_iterator pos = error_strings.find(error);
                                          ^
/<<PKGBUILDDIR>>/sbuild/sbuild-error.tcc:39:19: note: in instantiation of member function 'sbuild::error<sbuild::stat::error_code>::get_error' requested here
  std::string msg(get_error(error));
                  ^
/<<PKGBUILDDIR>>/sbuild/sbuild-custom-error.h:122:30: note: in instantiation of function template specialization 'sbuild::error<sbuild::stat::error_code>::format_error<std::__cxx11::basic_string<char>, sbuild::null, sbuild::null, char *, sbuild::null, sbuild::null>' requested here
      sbuild::error<T>(this->format_error(context, null(), null(), error, detail, null(), null()),
                             ^
/<<PKGBUILDDIR>>/sbuild/sbuild-util.h:414:19: note: in instantiation of function template specialization 'sbuild::custom_error<sbuild::stat::error_code>::custom_error<std::__cxx11::basic_string<char>, char *>' requested here
            throw error(this->file, FILE, std::strerror(this->errorno));
                  ^
/<<PKGBUILDDIR>>/sbuild/sbuild-error.h:146:21: note: forward declaration of template entity is here
    static map_type error_strings;
                    ^
/<<PKGBUILDDIR>>/sbuild/sbuild-error.tcc:260:43: note: add an explicit instantiation declaration to suppress this warning if 'sbuild::error<sbuild::stat::error_code>::error_strings' is explicitly instantiated in another translation unit
  typename map_type::const_iterator pos = error_strings.find(error);
                                          ^
[ 41%] Building CXX object sbuild/CMakeFiles/sbuild.dir/sbuild-auth.cc.o
cd /<<PKGBUILDDIR>>/debian/build/sbuild && /usr/bin/c++  -I/<<PKGBUILDDIR>>/debian/build/lib -I/<<PKGBUILDDIR>>/lib -I/<<PKGBUILDDIR>>/debian/build -I/<<PKGBUILDDIR>> -I/<<PKGBUILDDIR>>/sbuild -I/<<PKGBUILDDIR>>/debian/build/sbuild -g -O2 -ffile-prefix-map=/<<PKGBUILDDIR>>=. -fstack-protector-strong -Wformat -Werror=format-security -Wall -D_FILE_OFFSET_BITS=64 -D_LARGEFILE_SOURCE -Wdate-time -D_FORTIFY_SOURCE=2 -Wdate-time -D_FORTIFY_SOURCE=2 -std=c++11 -pedantic -Wall -Wcast-align -Wwrite-strings -Wswitch-default -Wcast-qual -Wunused-variable -Wredundant-decls -Wctor-dtor-privacy -Wnon-virtual-dtor -Wreorder -Wold-style-cast -Woverloaded-virtual -fstrict-aliasing -o CMakeFiles/sbuild.dir/sbuild-auth.cc.o -c /<<PKGBUILDDIR>>/sbuild/sbuild-auth.cc
/<<PKGBUILDDIR>>/sbuild/sbuild-session.cc:1199:11: warning: ignoring return value of function declared with 'warn_unused_result' attribute [-Wunused-result]
          setuid(0);
          ^~~~~~ ~
/<<PKGBUILDDIR>>/sbuild/sbuild-session.cc:1200:11: warning: ignoring return value of function declared with 'warn_unused_result' attribute [-Wunused-result]
          setgid(0);
          ^~~~~~ ~
In file included from /<<PKGBUILDDIR>>/sbuild/sbuild-util.cc:21:
In file included from /<<PKGBUILDDIR>>/sbuild/sbuild-chroot.h:25:
In file included from /<<PKGBUILDDIR>>/sbuild/sbuild-keyfile.h:22:
In file included from /<<PKGBUILDDIR>>/sbuild/sbuild-basic-keyfile.h:1511:
/<<PKGBUILDDIR>>/sbuild/sbuild-basic-keyfile.tcc:217:18: error: no viable overloaded '='
      localename = std::locale::classic();
      ~~~~~~~~~~ ^ ~~~~~~~~~~~~~~~~~~~~~~
/usr/bin/../lib/gcc/x86_64-linux-gnu/10/../../../../include/c++/10/bits/basic_string.h:665:7: note: candidate function not viable: no known conversion from 'const std::locale' to 'const std::__cxx11::basic_string<char>' for 1st argument
      operator=(const basic_string& __str)
      ^
/usr/bin/../lib/gcc/x86_64-linux-gnu/10/../../../../include/c++/10/bits/basic_string.h:675:7: note: candidate function not viable: no known conversion from 'const std::locale' to 'const char *' for 1st argument
      operator=(const _CharT* __s)
      ^
/usr/bin/../lib/gcc/x86_64-linux-gnu/10/../../../../include/c++/10/bits/basic_string.h:686:7: note: candidate function not viable: no known conversion from 'const std::locale' to 'char' for 1st argument
      operator=(_CharT __c)
      ^
/usr/bin/../lib/gcc/x86_64-linux-gnu/10/../../../../include/c++/10/bits/basic_string.h:703:7: note: candidate function not viable: no known conversion from 'const std::locale' to 'std::__cxx11::basic_string<char>' for 1st argument
      operator=(basic_string&& __str)
      ^
/usr/bin/../lib/gcc/x86_64-linux-gnu/10/../../../../include/c++/10/bits/basic_string.h:766:7: note: candidate function not viable: no known conversion from 'const std::locale' to 'initializer_list<char>' for 1st argument
      operator=(initializer_list<_CharT> __l)
      ^
In file included from /<<PKGBUILDDIR>>/sbuild/sbuild-util.cc:21:
/<<PKGBUILDDIR>>/sbuild/sbuild-chroot.h:884:17: warning: using the result of an assignment as a condition without parentheses [-Wparentheses]
        if (ret = std::dynamic_pointer_cast<T>(*pos))
            ~~~~^~~~~~~~~~~~~~~~~~~~~~~~~~~~~~~~~~~~
/<<PKGBUILDDIR>>/sbuild/sbuild-chroot.h:884:17: note: place parentheses around the assignment to silence this warning
        if (ret = std::dynamic_pointer_cast<T>(*pos))
                ^
            (                                       )
/<<PKGBUILDDIR>>/sbuild/sbuild-chroot.h:884:17: note: use '==' to turn this assignment into an equality comparison
        if (ret = std::dynamic_pointer_cast<T>(*pos))
                ^
                ==
/<<PKGBUILDDIR>>/sbuild/sbuild-chroot.h:901:17: warning: using the result of an assignment as a condition without parentheses [-Wparentheses]
        if (ret = std::dynamic_pointer_cast<T>(*pos))
            ~~~~^~~~~~~~~~~~~~~~~~~~~~~~~~~~~~~~~~~~
/<<PKGBUILDDIR>>/sbuild/sbuild-chroot.h:901:17: note: place parentheses around the assignment to silence this warning
        if (ret = std::dynamic_pointer_cast<T>(*pos))
                ^
            (                                       )
/<<PKGBUILDDIR>>/sbuild/sbuild-chroot.h:901:17: note: use '==' to turn this assignment into an equality comparison
        if (ret = std::dynamic_pointer_cast<T>(*pos))
                ^
                ==
In file included from /<<PKGBUILDDIR>>/sbuild/sbuild-session.cc:21:
/<<PKGBUILDDIR>>/sbuild/sbuild-chroot.h:884:17: warning: using the result of an assignment as a condition without parentheses [-Wparentheses]
        if (ret = std::dynamic_pointer_cast<T>(*pos))
            ~~~~^~~~~~~~~~~~~~~~~~~~~~~~~~~~~~~~~~~~
/<<PKGBUILDDIR>>/sbuild/sbuild-session.cc:655:26: note: in instantiation of function template specialization 'sbuild::chroot::get_facet<sbuild::chroot_facet_session_clonable>' requested here
              assert(ch->get_facet<chroot_facet_session_clonable>());
                         ^
/<<PKGBUILDDIR>>/sbuild/sbuild-chroot.h:884:17: note: place parentheses around the assignment to silence this warning
        if (ret = std::dynamic_pointer_cast<T>(*pos))
                ^
            (                                       )
/<<PKGBUILDDIR>>/sbuild/sbuild-chroot.h:884:17: note: use '==' to turn this assignment into an equality comparison
        if (ret = std::dynamic_pointer_cast<T>(*pos))
                ^
                ==
/<<PKGBUILDDIR>>/sbuild/sbuild-chroot.h:884:17: warning: using the result of an assignment as a condition without parentheses [-Wparentheses]
        if (ret = std::dynamic_pointer_cast<T>(*pos))
            ~~~~^~~~~~~~~~~~~~~~~~~~~~~~~~~~~~~~~~~~
/<<PKGBUILDDIR>>/sbuild/sbuild-session.cc:684:30: note: in instantiation of function template specialization 'sbuild::chroot::get_facet<sbuild::chroot_facet_session>' requested here
              assert(chroot->get_facet<chroot_facet_session>());
                             ^
/<<PKGBUILDDIR>>/sbuild/sbuild-chroot.h:884:17: note: place parentheses around the assignment to silence this warning
        if (ret = std::dynamic_pointer_cast<T>(*pos))
                ^
            (                                       )
/<<PKGBUILDDIR>>/sbuild/sbuild-chroot.h:884:17: note: use '==' to turn this assignment into an equality comparison
        if (ret = std::dynamic_pointer_cast<T>(*pos))
                ^
                ==
/<<PKGBUILDDIR>>/sbuild/sbuild-chroot.h:884:17: warning: using the result of an assignment as a condition without parentheses [-Wparentheses]
        if (ret = std::dynamic_pointer_cast<T>(*pos))
            ~~~~^~~~~~~~~~~~~~~~~~~~~~~~~~~~~~~~~~~~
/<<PKGBUILDDIR>>/sbuild/sbuild-session.cc:694:21: note: in instantiation of function template specialization 'sbuild::chroot::get_facet<sbuild::chroot_facet_userdata>' requested here
            chroot->get_facet<chroot_facet_userdata>();
                    ^
/<<PKGBUILDDIR>>/sbuild/sbuild-chroot.h:884:17: note: place parentheses around the assignment to silence this warning
        if (ret = std::dynamic_pointer_cast<T>(*pos))
                ^
            (                                       )
/<<PKGBUILDDIR>>/sbuild/sbuild-chroot.h:884:17: note: use '==' to turn this assignment into an equality comparison
        if (ret = std::dynamic_pointer_cast<T>(*pos))
                ^
                ==
/<<PKGBUILDDIR>>/sbuild/sbuild-chroot.h:884:17: warning: using the result of an assignment as a condition without parentheses [-Wparentheses]
        if (ret = std::dynamic_pointer_cast<T>(*pos))
            ~~~~^~~~~~~~~~~~~~~~~~~~~~~~~~~~~~~~~~~~
/<<PKGBUILDDIR>>/sbuild/sbuild-session.cc:1279:21: note: in instantiation of function template specialization 'sbuild::chroot::get_facet<sbuild::chroot_facet_personality>' requested here
    session_chroot->get_facet<chroot_facet_personality>();
                    ^
/<<PKGBUILDDIR>>/sbuild/sbuild-chroot.h:884:17: note: place parentheses around the assignment to silence this warning
        if (ret = std::dynamic_pointer_cast<T>(*pos))
                ^
            (                                       )
/<<PKGBUILDDIR>>/sbuild/sbuild-chroot.h:884:17: note: use '==' to turn this assignment into an equality comparison
        if (ret = std::dynamic_pointer_cast<T>(*pos))
                ^
                ==
8 warnings and 1 error generated.
make[4]: *** [sbuild/CMakeFiles/sbuild.dir/build.make:254: sbuild/CMakeFiles/sbuild.dir/sbuild-session.cc.o] Error 1
make[4]: *** Waiting for unfinished jobs....
2 warnings and 1 error generated.
make[4]: *** [sbuild/CMakeFiles/sbuild.dir/build.make:280: sbuild/CMakeFiles/sbuild.dir/sbuild-util.cc.o] Error 1
In file included from /<<PKGBUILDDIR>>/sbuild/sbuild-auth.cc:21:
In file included from /<<PKGBUILDDIR>>/sbuild/sbuild-auth.h:23:
In file included from /<<PKGBUILDDIR>>/sbuild/sbuild-custom-error.h:22:
In file included from /<<PKGBUILDDIR>>/sbuild/sbuild-error.h:344:
/<<PKGBUILDDIR>>/sbuild/sbuild-error.tcc:260:43: warning: instantiation of variable 'sbuild::error<sbuild::stat::error_code>::error_strings' required here, but no definition is available [-Wundefined-var-template]
  typename map_type::const_iterator pos = error_strings.find(error);
                                          ^
/<<PKGBUILDDIR>>/sbuild/sbuild-error.tcc:39:19: note: in instantiation of member function 'sbuild::error<sbuild::stat::error_code>::get_error' requested here
  std::string msg(get_error(error));
                  ^
/<<PKGBUILDDIR>>/sbuild/sbuild-custom-error.h:122:30: note: in instantiation of function template specialization 'sbuild::error<sbuild::stat::error_code>::format_error<std::__cxx11::basic_string<char>, sbuild::null, sbuild::null, char *, sbuild::null, sbuild::null>' requested here
      sbuild::error<T>(this->format_error(context, null(), null(), error, detail, null(), null()),
                             ^
/<<PKGBUILDDIR>>/sbuild/sbuild-util.h:414:19: note: in instantiation of function template specialization 'sbuild::custom_error<sbuild::stat::error_code>::custom_error<std::__cxx11::basic_string<char>, char *>' requested here
            throw error(this->file, FILE, std::strerror(this->errorno));
                  ^
/<<PKGBUILDDIR>>/sbuild/sbuild-error.h:146:21: note: forward declaration of template entity is here
    static map_type error_strings;
                    ^
/<<PKGBUILDDIR>>/sbuild/sbuild-error.tcc:260:43: note: add an explicit instantiation declaration to suppress this warning if 'sbuild::error<sbuild::stat::error_code>::error_strings' is explicitly instantiated in another translation unit
  typename map_type::const_iterator pos = error_strings.find(error);
                                          ^
1 warning generated.
1 warning generated.
make[4]: Leaving directory '/<<PKGBUILDDIR>>/debian/build'
make[3]: *** [CMakeFiles/Makefile2:474: sbuild/CMakeFiles/sbuild.dir/all] Error 2
make[3]: Leaving directory '/<<PKGBUILDDIR>>/debian/build'
make[2]: *** [Makefile:163: all] Error 2
make[2]: Leaving directory '/<<PKGBUILDDIR>>/debian/build'
make[1]: *** [debian/rules:73: override_dh_auto_build] Error 2
make[1]: Leaving directory '/<<PKGBUILDDIR>>'
make: *** [debian/rules:41: build] Error 2
dpkg-buildpackage: error: debian/rules build subprocess returned exit status 2
--------------------------------------------------------------------------------
Build finished at 2020-10-29T19:31:50Z

Finished
--------


+------------------------------------------------------------------------------+
| Cleanup                                                                      |
+------------------------------------------------------------------------------+

Purging /<<BUILDDIR>>
Not cleaning session: cloned chroot in use
E: Build failure (dpkg-buildpackage died)

+------------------------------------------------------------------------------+
| Summary                                                                      |
+------------------------------------------------------------------------------+

Build Architecture: amd64
Build Type: binary
Build-Space: 28280
Build-Time: 39
Distribution: unstable
Fail-Stage: build
Host Architecture: amd64
Install-Time: 24
Job: schroot_1.6.10-11
Machine Architecture: amd64
Package: schroot
Package-Time: 80
Source-Version: 1.6.10-11
Space: 28280
Status: attempted
Version: 1.6.10-11
--------------------------------------------------------------------------------
Finished at 2020-10-29T19:31:50Z
Build needed 00:01:20, 28280k disk space
E: Build failure (dpkg-buildpackage died)
DC-Status: Failed 80.989871017s
DC-Time-Estimation: 80.989871017 versus expected 250 (r/m: 2.086805755592873 ; m: 80.989871017)
