DC-Build-Header: xprobe 0.3-4 / 2020-10-29 20:07:15 +0000
DC-Task: type:rebuild-binarch-only source:xprobe version:0.3-4 chroot:unstable esttime:36 logfile:/tmp/xprobe_0.3-4_unstable_clang11.log modes:clang11:binarch-only
DC-Sbuild-call: su user42 -c 'sbuild -n --arch-any --apt-update -d unstable -v --no-run-lintian --chroot-setup-commands=/tmp/clang11 xprobe_0.3-4'
sbuild (Debian sbuild) 0.78.1 (09 February 2019) on ip-172-31-11-91.eu-central-1.compute.internal

+==============================================================================+
| xprobe 0.3-4 (amd64)                         Thu, 29 Oct 2020 20:07:15 +0000 |
+==============================================================================+

Package: xprobe
Version: 0.3-4
Source Version: 0.3-4
Distribution: unstable
Machine Architecture: amd64
Host Architecture: amd64
Build Architecture: amd64
Build Type: binary

I: NOTICE: Log filtering will replace 'var/run/schroot/mount/sid-amd64-sbuild-5f965528-27aa-4509-8e4c-5c317cf3e51a' with '<<CHROOT>>'

+------------------------------------------------------------------------------+
| Chroot Setup Commands                                                        |
+------------------------------------------------------------------------------+


/tmp/clang11
------------

+ echo 'Entering customization script...'
Entering customization script...
+ CLANG_VERSION=10
+ echo 'Install of clang-10'
Install of clang-10
+ apt-get update
Get:1 http://127.0.0.1:12990/debian sid InRelease [146 kB]
Get:2 http://127.0.0.1:12990/debian sid/main Sources.diff/Index [734 B]
Ign:2 http://127.0.0.1:12990/debian sid/main Sources.diff/Index
Get:3 http://127.0.0.1:12990/debian sid/main amd64 Packages.diff/Index [734 B]
Ign:3 http://127.0.0.1:12990/debian sid/main amd64 Packages.diff/Index
Get:4 http://127.0.0.1:12990/debian sid/main Translation-en [6391 kB]
Get:5 http://127.0.0.1:12990/debian sid/main Sources [8989 kB]
Get:6 http://127.0.0.1:12990/debian sid/main amd64 Packages [8492 kB]
Fetched 24.0 MB in 3s (6885 kB/s)
Reading package lists...
+ apt-get install --yes --no-install-recommends --force-yes clang-10 libomp-10-dev libobjc-9-dev
Reading package lists...
Building dependency tree...
The following additional packages will be installed:
  lib32gcc-s1 lib32stdc++6 libasan5 libbsd0 libc6-i386 libclang-common-10-dev
  libclang-cpp10 libclang1-10 libedit2 libgc1 libgcc-9-dev libllvm10
  libobjc-10-dev libobjc4 libomp5-10 libz3-4
Suggested packages:
  clang-10-doc libomp-10-doc
Recommended packages:
  llvm-10-dev python3
The following NEW packages will be installed:
  clang-10 lib32gcc-s1 lib32stdc++6 libasan5 libbsd0 libc6-i386
  libclang-common-10-dev libclang-cpp10 libclang1-10 libedit2 libgc1
  libgcc-9-dev libllvm10 libobjc-10-dev libobjc-9-dev libobjc4 libomp-10-dev
  libomp5-10 libz3-4
0 upgraded, 19 newly installed, 0 to remove and 1 not upgraded.
Need to get 52.3 MB of archives.
After this operation, 274 MB of additional disk space will be used.
Get:1 http://127.0.0.1:12990/debian sid/main amd64 libbsd0 amd64 0.10.0-1 [107 kB]
Get:2 http://127.0.0.1:12990/debian sid/main amd64 libedit2 amd64 3.1-20191231-1 [95.4 kB]
Get:3 http://127.0.0.1:12990/debian sid/main amd64 libz3-4 amd64 4.8.9-1 [6783 kB]
Get:4 http://127.0.0.1:12990/debian sid/main amd64 libllvm10 amd64 1:10.0.1-7 [16.6 MB]
Get:5 http://127.0.0.1:12990/debian sid/main amd64 libclang-cpp10 amd64 1:10.0.1-7 [9069 kB]
Get:6 http://127.0.0.1:12990/debian sid/main amd64 libgc1 amd64 1:8.0.4-2.1 [239 kB]
Get:7 http://127.0.0.1:12990/debian sid/main amd64 libobjc4 amd64 10.2.0-15 [41.6 kB]
Get:8 http://127.0.0.1:12990/debian sid/main amd64 libobjc-10-dev amd64 10.2.0-15 [170 kB]
Get:9 http://127.0.0.1:12990/debian sid/main amd64 libc6-i386 amd64 2.31-4 [2815 kB]
Get:10 http://127.0.0.1:12990/debian sid/main amd64 lib32gcc-s1 amd64 10.2.0-15 [49.4 kB]
Get:11 http://127.0.0.1:12990/debian sid/main amd64 lib32stdc++6 amd64 10.2.0-15 [511 kB]
Get:12 http://127.0.0.1:12990/debian sid/main amd64 libclang-common-10-dev amd64 1:10.0.1-7 [5062 kB]
Get:13 http://127.0.0.1:12990/debian sid/main amd64 libclang1-10 amd64 1:10.0.1-7 [7293 kB]
Get:14 http://127.0.0.1:12990/debian sid/main amd64 clang-10 amd64 1:10.0.1-7 [106 kB]
Get:15 http://127.0.0.1:12990/debian sid/main amd64 libasan5 amd64 9.3.0-18 [390 kB]
Get:16 http://127.0.0.1:12990/debian sid/main amd64 libgcc-9-dev amd64 9.3.0-18 [2347 kB]
Get:17 http://127.0.0.1:12990/debian sid/main amd64 libobjc-9-dev amd64 9.3.0-18 [220 kB]
Get:18 http://127.0.0.1:12990/debian sid/main amd64 libomp5-10 amd64 1:10.0.1-7 [339 kB]
Get:19 http://127.0.0.1:12990/debian sid/main amd64 libomp-10-dev amd64 1:10.0.1-7 [86.6 kB]
debconf: delaying package configuration, since apt-utils is not installed
Fetched 52.3 MB in 0s (142 MB/s)
Selecting previously unselected package libbsd0:amd64.
(Reading database ... (Reading database ... 5%(Reading database ... 10%(Reading database ... 15%(Reading database ... 20%(Reading database ... 25%(Reading database ... 30%(Reading database ... 35%(Reading database ... 40%(Reading database ... 45%(Reading database ... 50%(Reading database ... 55%(Reading database ... 60%(Reading database ... 65%(Reading database ... 70%(Reading database ... 75%(Reading database ... 80%(Reading database ... 85%(Reading database ... 90%(Reading database ... 95%(Reading database ... 100%(Reading database ... 12312 files and directories currently installed.)
Preparing to unpack .../00-libbsd0_0.10.0-1_amd64.deb ...
Unpacking libbsd0:amd64 (0.10.0-1) ...
Selecting previously unselected package libedit2:amd64.
Preparing to unpack .../01-libedit2_3.1-20191231-1_amd64.deb ...
Unpacking libedit2:amd64 (3.1-20191231-1) ...
Selecting previously unselected package libz3-4:amd64.
Preparing to unpack .../02-libz3-4_4.8.9-1_amd64.deb ...
Unpacking libz3-4:amd64 (4.8.9-1) ...
Selecting previously unselected package libllvm10:amd64.
Preparing to unpack .../03-libllvm10_1%3a10.0.1-7_amd64.deb ...
Unpacking libllvm10:amd64 (1:10.0.1-7) ...
Selecting previously unselected package libclang-cpp10.
Preparing to unpack .../04-libclang-cpp10_1%3a10.0.1-7_amd64.deb ...
Unpacking libclang-cpp10 (1:10.0.1-7) ...
Selecting previously unselected package libgc1:amd64.
Preparing to unpack .../05-libgc1_1%3a8.0.4-2.1_amd64.deb ...
Unpacking libgc1:amd64 (1:8.0.4-2.1) ...
Selecting previously unselected package libobjc4:amd64.
Preparing to unpack .../06-libobjc4_10.2.0-15_amd64.deb ...
Unpacking libobjc4:amd64 (10.2.0-15) ...
Selecting previously unselected package libobjc-10-dev:amd64.
Preparing to unpack .../07-libobjc-10-dev_10.2.0-15_amd64.deb ...
Unpacking libobjc-10-dev:amd64 (10.2.0-15) ...
Selecting previously unselected package libc6-i386.
Preparing to unpack .../08-libc6-i386_2.31-4_amd64.deb ...
Unpacking libc6-i386 (2.31-4) ...
Selecting previously unselected package lib32gcc-s1.
Preparing to unpack .../09-lib32gcc-s1_10.2.0-15_amd64.deb ...
Unpacking lib32gcc-s1 (10.2.0-15) ...
Selecting previously unselected package lib32stdc++6.
Preparing to unpack .../10-lib32stdc++6_10.2.0-15_amd64.deb ...
Unpacking lib32stdc++6 (10.2.0-15) ...
Selecting previously unselected package libclang-common-10-dev.
Preparing to unpack .../11-libclang-common-10-dev_1%3a10.0.1-7_amd64.deb ...
Unpacking libclang-common-10-dev (1:10.0.1-7) ...
Selecting previously unselected package libclang1-10.
Preparing to unpack .../12-libclang1-10_1%3a10.0.1-7_amd64.deb ...
Unpacking libclang1-10 (1:10.0.1-7) ...
Selecting previously unselected package clang-10.
Preparing to unpack .../13-clang-10_1%3a10.0.1-7_amd64.deb ...
Unpacking clang-10 (1:10.0.1-7) ...
Selecting previously unselected package libasan5:amd64.
Preparing to unpack .../14-libasan5_9.3.0-18_amd64.deb ...
Unpacking libasan5:amd64 (9.3.0-18) ...
Selecting previously unselected package libgcc-9-dev:amd64.
Preparing to unpack .../15-libgcc-9-dev_9.3.0-18_amd64.deb ...
Unpacking libgcc-9-dev:amd64 (9.3.0-18) ...
Selecting previously unselected package libobjc-9-dev:amd64.
Preparing to unpack .../16-libobjc-9-dev_9.3.0-18_amd64.deb ...
Unpacking libobjc-9-dev:amd64 (9.3.0-18) ...
Selecting previously unselected package libomp5-10:amd64.
Preparing to unpack .../17-libomp5-10_1%3a10.0.1-7_amd64.deb ...
Unpacking libomp5-10:amd64 (1:10.0.1-7) ...
Selecting previously unselected package libomp-10-dev.
Preparing to unpack .../18-libomp-10-dev_1%3a10.0.1-7_amd64.deb ...
Unpacking libomp-10-dev (1:10.0.1-7) ...
Setting up libasan5:amd64 (9.3.0-18) ...
Setting up libz3-4:amd64 (4.8.9-1) ...
Setting up libgc1:amd64 (1:8.0.4-2.1) ...
Setting up libomp5-10:amd64 (1:10.0.1-7) ...
Setting up libc6-i386 (2.31-4) ...
Setting up libbsd0:amd64 (0.10.0-1) ...
Setting up libomp-10-dev (1:10.0.1-7) ...
Setting up libedit2:amd64 (3.1-20191231-1) ...
Setting up libobjc4:amd64 (10.2.0-15) ...
Setting up libllvm10:amd64 (1:10.0.1-7) ...
Setting up libgcc-9-dev:amd64 (9.3.0-18) ...
Setting up lib32gcc-s1 (10.2.0-15) ...
Setting up lib32stdc++6 (10.2.0-15) ...
Setting up libclang1-10 (1:10.0.1-7) ...
Setting up libobjc-9-dev:amd64 (9.3.0-18) ...
Setting up libobjc-10-dev:amd64 (10.2.0-15) ...
Setting up libclang-common-10-dev (1:10.0.1-7) ...
Setting up libclang-cpp10 (1:10.0.1-7) ...
Setting up clang-10 (1:10.0.1-7) ...
Processing triggers for libc-bin (2.31-4) ...
W: --force-yes is deprecated, use one of the options starting with --allow instead.
+ echo 'Replace gcc, g++ & cpp by clang'
Replace gcc, g++ & cpp by clang
+ VERSIONS='4.6 4.7 4.8 4.9 5 6 7 8 9 10'
+ cd /usr/bin
+ for VERSION in $VERSIONS
+ rm -f g++-4.6 gcc-4.6 cpp-4.6 gcc
+ ln -s clang++-10 g++-4.6
+ ln -s clang-10 gcc-4.6
+ ln -s clang-10 cpp-4.6
+ ln -s clang-10 gcc
+ echo 'gcc-4.6 hold'
+ dpkg --set-selections
dpkg: warning: package not in status nor available database at line 1: gcc-4.6
dpkg: warning: found unknown packages; this might mean the available database
is outdated, and needs to be updated through a frontend method;
please see the FAQ <https://wiki.debian.org/Teams/Dpkg/FAQ>
+ echo 'g++-4.6 hold'
+ dpkg --set-selections
dpkg: warning: package not in status nor available database at line 1: g++-4.6
dpkg: warning: found unknown packages; this might mean the available database
is outdated, and needs to be updated through a frontend method;
please see the FAQ <https://wiki.debian.org/Teams/Dpkg/FAQ>
+ for VERSION in $VERSIONS
+ rm -f g++-4.7 gcc-4.7 cpp-4.7 gcc
+ ln -s clang++-10 g++-4.7
+ ln -s clang-10 gcc-4.7
+ ln -s clang-10 cpp-4.7
+ ln -s clang-10 gcc
+ echo 'gcc-4.7 hold'
+ dpkg --set-selections
dpkg: warning: package not in status nor available database at line 1: gcc-4.7
dpkg: warning: found unknown packages; this might mean the available database
is outdated, and needs to be updated through a frontend method;
please see the FAQ <https://wiki.debian.org/Teams/Dpkg/FAQ>
+ echo 'g++-4.7 hold'
+ dpkg --set-selections
dpkg: warning: package not in status nor available database at line 1: g++-4.7
dpkg: warning: found unknown packages; this might mean the available database
is outdated, and needs to be updated through a frontend method;
please see the FAQ <https://wiki.debian.org/Teams/Dpkg/FAQ>
+ for VERSION in $VERSIONS
+ rm -f g++-4.8 gcc-4.8 cpp-4.8 gcc
+ ln -s clang++-10 g++-4.8
+ ln -s clang-10 gcc-4.8
+ ln -s clang-10 cpp-4.8
+ ln -s clang-10 gcc
+ echo 'gcc-4.8 hold'
+ dpkg --set-selections
dpkg: warning: package not in status nor available database at line 1: gcc-4.8
dpkg: warning: found unknown packages; this might mean the available database
is outdated, and needs to be updated through a frontend method;
please see the FAQ <https://wiki.debian.org/Teams/Dpkg/FAQ>
+ echo 'g++-4.8 hold'
+ dpkg --set-selections
dpkg: warning: package not in status nor available database at line 1: g++-4.8
dpkg: warning: found unknown packages; this might mean the available database
is outdated, and needs to be updated through a frontend method;
please see the FAQ <https://wiki.debian.org/Teams/Dpkg/FAQ>
+ for VERSION in $VERSIONS
+ rm -f g++-4.9 gcc-4.9 cpp-4.9 gcc
+ ln -s clang++-10 g++-4.9
+ ln -s clang-10 gcc-4.9
+ ln -s clang-10 cpp-4.9
+ ln -s clang-10 gcc
+ echo 'gcc-4.9 hold'
+ dpkg --set-selections
dpkg: warning: package not in status nor available database at line 1: gcc-4.9
dpkg: warning: found unknown packages; this might mean the available database
is outdated, and needs to be updated through a frontend method;
please see the FAQ <https://wiki.debian.org/Teams/Dpkg/FAQ>
+ echo 'g++-4.9 hold'
+ dpkg --set-selections
dpkg: warning: package not in status nor available database at line 1: g++-4.9
dpkg: warning: found unknown packages; this might mean the available database
is outdated, and needs to be updated through a frontend method;
please see the FAQ <https://wiki.debian.org/Teams/Dpkg/FAQ>
+ for VERSION in $VERSIONS
+ rm -f g++-5 gcc-5 cpp-5 gcc
+ ln -s clang++-10 g++-5
+ ln -s clang-10 gcc-5
+ ln -s clang-10 cpp-5
+ ln -s clang-10 gcc
+ echo 'gcc-5 hold'
+ dpkg --set-selections
dpkg: warning: package not in status nor available database at line 1: gcc-5
dpkg: warning: found unknown packages; this might mean the available database
is outdated, and needs to be updated through a frontend method;
please see the FAQ <https://wiki.debian.org/Teams/Dpkg/FAQ>
+ echo 'g++-5 hold'
+ dpkg --set-selections
dpkg: warning: package not in status nor available database at line 1: g++-5
dpkg: warning: found unknown packages; this might mean the available database
is outdated, and needs to be updated through a frontend method;
please see the FAQ <https://wiki.debian.org/Teams/Dpkg/FAQ>
+ for VERSION in $VERSIONS
+ rm -f g++-6 gcc-6 cpp-6 gcc
+ ln -s clang++-10 g++-6
+ ln -s clang-10 gcc-6
+ ln -s clang-10 cpp-6
+ ln -s clang-10 gcc
+ echo 'gcc-6 hold'
+ dpkg --set-selections
dpkg: warning: package not in status nor available database at line 1: gcc-6
dpkg: warning: found unknown packages; this might mean the available database
is outdated, and needs to be updated through a frontend method;
please see the FAQ <https://wiki.debian.org/Teams/Dpkg/FAQ>
+ echo 'g++-6 hold'
+ dpkg --set-selections
dpkg: warning: package not in status nor available database at line 1: g++-6
dpkg: warning: found unknown packages; this might mean the available database
is outdated, and needs to be updated through a frontend method;
please see the FAQ <https://wiki.debian.org/Teams/Dpkg/FAQ>
+ for VERSION in $VERSIONS
+ rm -f g++-7 gcc-7 cpp-7 gcc
+ ln -s clang++-10 g++-7
+ ln -s clang-10 gcc-7
+ ln -s clang-10 cpp-7
+ ln -s clang-10 gcc
+ echo 'gcc-7 hold'
+ dpkg --set-selections
dpkg: warning: package not in status nor available database at line 1: gcc-7
dpkg: warning: found unknown packages; this might mean the available database
is outdated, and needs to be updated through a frontend method;
please see the FAQ <https://wiki.debian.org/Teams/Dpkg/FAQ>
+ echo 'g++-7 hold'
+ dpkg --set-selections
dpkg: warning: package not in status nor available database at line 1: g++-7
dpkg: warning: found unknown packages; this might mean the available database
is outdated, and needs to be updated through a frontend method;
please see the FAQ <https://wiki.debian.org/Teams/Dpkg/FAQ>
+ for VERSION in $VERSIONS
+ rm -f g++-8 gcc-8 cpp-8 gcc
+ ln -s clang++-10 g++-8
+ ln -s clang-10 gcc-8
+ ln -s clang-10 cpp-8
+ ln -s clang-10 gcc
+ echo 'gcc-8 hold'
+ dpkg --set-selections
dpkg: warning: package not in status nor available database at line 1: gcc-8
dpkg: warning: found unknown packages; this might mean the available database
is outdated, and needs to be updated through a frontend method;
please see the FAQ <https://wiki.debian.org/Teams/Dpkg/FAQ>
+ echo 'g++-8 hold'
+ dpkg --set-selections
dpkg: warning: package not in status nor available database at line 1: g++-8
dpkg: warning: found unknown packages; this might mean the available database
is outdated, and needs to be updated through a frontend method;
please see the FAQ <https://wiki.debian.org/Teams/Dpkg/FAQ>
+ for VERSION in $VERSIONS
+ rm -f g++-9 gcc-9 cpp-9 gcc
+ ln -s clang++-10 g++-9
+ ln -s clang-10 gcc-9
+ ln -s clang-10 cpp-9
+ ln -s clang-10 gcc
+ echo 'gcc-9 hold'
+ dpkg --set-selections
dpkg: warning: package not in status nor available database at line 1: gcc-9
dpkg: warning: found unknown packages; this might mean the available database
is outdated, and needs to be updated through a frontend method;
please see the FAQ <https://wiki.debian.org/Teams/Dpkg/FAQ>
+ echo 'g++-9 hold'
+ dpkg --set-selections
dpkg: warning: package not in status nor available database at line 1: g++-9
dpkg: warning: found unknown packages; this might mean the available database
is outdated, and needs to be updated through a frontend method;
please see the FAQ <https://wiki.debian.org/Teams/Dpkg/FAQ>
+ for VERSION in $VERSIONS
+ rm -f g++-10 gcc-10 cpp-10 gcc
+ ln -s clang++-10 g++-10
+ ln -s clang-10 gcc-10
+ ln -s clang-10 cpp-10
+ ln -s clang-10 gcc
+ echo 'gcc-10 hold'
+ dpkg --set-selections
+ echo 'g++-10 hold'
+ dpkg --set-selections
+ cd -
/build/xprobe-SnrB9N
+ echo 'Check if gcc, g++ & cpp are actually clang'
Check if gcc, g++ & cpp are actually clang
+ gcc --version
+ grep clang
+ cpp --version
+ grep clang
+ g++ --version
+ grep clang
+ cd /usr/bin/
+ rm -f clang++ clang
+ ln -s clang-10 clang++
+ ln -s clang-10 clang
+ clang++ --version
Debian clang version 10.0.1-7
Target: x86_64-pc-linux-gnu
Thread model: posix
InstalledDir: /usr/bin
+ clang --version
Debian clang version 10.0.1-7
Target: x86_64-pc-linux-gnu
Thread model: posix
InstalledDir: /usr/bin
+ cd -
/build/xprobe-SnrB9N
+ apt install --yes --no-install-recommends --force-yes qt5-qmake

WARNING: apt does not have a stable CLI interface. Use with caution in scripts.

Reading package lists...
Building dependency tree...
Reading state information...
The following additional packages will be installed:
  qt5-qmake-bin qtchooser
The following NEW packages will be installed:
  qt5-qmake qt5-qmake-bin qtchooser
0 upgraded, 3 newly installed, 0 to remove and 1 not upgraded.
Need to get 1304 kB of archives.
After this operation, 4865 kB of additional disk space will be used.
Get:1 http://127.0.0.1:12990/debian sid/main amd64 qt5-qmake-bin amd64 5.14.2+dfsg-6 [1035 kB]
Get:2 http://127.0.0.1:12990/debian sid/main amd64 qtchooser amd64 66-2 [26.3 kB]
Get:3 http://127.0.0.1:12990/debian sid/main amd64 qt5-qmake amd64 5.14.2+dfsg-6 [242 kB]
debconf: delaying package configuration, since apt-utils is not installed
Fetched 1304 kB in 0s (18.5 MB/s)
Selecting previously unselected package qt5-qmake-bin.
(Reading database ... (Reading database ... 5%(Reading database ... 10%(Reading database ... 15%(Reading database ... 20%(Reading database ... 25%(Reading database ... 30%(Reading database ... 35%(Reading database ... 40%(Reading database ... 45%(Reading database ... 50%(Reading database ... 55%(Reading database ... 60%(Reading database ... 65%(Reading database ... 70%(Reading database ... 75%(Reading database ... 80%(Reading database ... 85%(Reading database ... 90%(Reading database ... 95%(Reading database ... 100%(Reading database ... 13315 files and directories currently installed.)
Preparing to unpack .../qt5-qmake-bin_5.14.2+dfsg-6_amd64.deb ...
Unpacking qt5-qmake-bin (5.14.2+dfsg-6) ...
Selecting previously unselected package qtchooser.
Preparing to unpack .../qtchooser_66-2_amd64.deb ...
Unpacking qtchooser (66-2) ...
Selecting previously unselected package qt5-qmake:amd64.
Preparing to unpack .../qt5-qmake_5.14.2+dfsg-6_amd64.deb ...
Unpacking qt5-qmake:amd64 (5.14.2+dfsg-6) ...
Setting up qt5-qmake-bin (5.14.2+dfsg-6) ...
Setting up qtchooser (66-2) ...
Setting up qt5-qmake:amd64 (5.14.2+dfsg-6) ...
W: --force-yes is deprecated, use one of the options starting with --allow instead.
+ cp /usr/lib/x86_64-linux-gnu/qt5/mkspecs/linux-clang/qmake.conf /usr/lib/x86_64-linux-gnu/qt5/mkspecs/linux-clang/qplatformdefs.h /usr/lib/x86_64-linux-gnu/qt5/mkspecs/linux-g++/
+ ls -al /usr/lib/x86_64-linux-gnu/qt5/mkspecs/linux-g++/
total 16
drwxr-xr-x  2 root root 4096 Oct 29 20:07 .
drwxr-xr-x 76 root root 4096 Oct 29 20:07 ..
-rw-r--r--  1 root root  276 Oct 29 20:07 qmake.conf
-rw-r--r--  1 root root 3218 Oct 29 20:07 qplatformdefs.h
+ cat /usr/lib/x86_64-linux-gnu/qt5/mkspecs/linux-g++/qmake.conf
#
# qmake configuration for linux-clang
#

MAKEFILE_GENERATOR = UNIX
CONFIG += incremental

QMAKE_INCREMENTAL_STYLE = sublib

include(../common/linux.conf)
include(../common/gcc-base-unix.conf)
include(../common/clang.conf)

QMAKE_LFLAGS += -ccc-gcc-name g++

load(qt_config)
+ export QMAKESPEC=/usr/lib/x86_64-linux-gnu/qt5/mkspecs/linux-clang/
+ QMAKESPEC=/usr/lib/x86_64-linux-gnu/qt5/mkspecs/linux-clang/
+ sed -i -e 's|compare_problem(2,|compare_problem(0,|g' /usr/bin/dpkg-gensymbols
+ sed -i -e 's|compare_problem(1,|compare_problem(0,|g' /usr/bin/dpkg-gensymbols
+ grep 'compare_problem(' /usr/bin/dpkg-gensymbols
        compare_problem(4, g_('new libraries appeared in the symbols file: %s'), "@libs");
        compare_problem(3, g_('some libraries disappeared in the symbols file: %s'), "@libs");
        compare_problem(0, g_('some new symbols appeared in the symbols file: %s'),
        compare_problem(0, g_('some symbols or patterns disappeared in the symbols file: %s'),

I: Finished running '/tmp/clang11'.

Finished processing commands.
--------------------------------------------------------------------------------
I: NOTICE: Log filtering will replace 'build/xprobe-SnrB9N/resolver-QK6Rmw' with '<<RESOLVERDIR>>'

+------------------------------------------------------------------------------+
| Update chroot                                                                |
+------------------------------------------------------------------------------+

Hit:1 http://127.0.0.1:12990/debian sid InRelease
Reading package lists...
Reading package lists...
Building dependency tree...
Reading state information...
Calculating upgrade...
The following packages will be upgraded:
  libdebconfclient0
1 upgraded, 0 newly installed, 0 to remove and 0 not upgraded.
Need to get 49.6 kB of archives.
After this operation, 0 B of additional disk space will be used.
Get:1 http://127.0.0.1:12990/debian sid/main amd64 libdebconfclient0 amd64 0.255 [49.6 kB]
debconf: delaying package configuration, since apt-utils is not installed
Fetched 49.6 kB in 0s (3599 kB/s)
(Reading database ... (Reading database ... 5%(Reading database ... 10%(Reading database ... 15%(Reading database ... 20%(Reading database ... 25%(Reading database ... 30%(Reading database ... 35%(Reading database ... 40%(Reading database ... 45%(Reading database ... 50%(Reading database ... 55%(Reading database ... 60%(Reading database ... 65%(Reading database ... 70%(Reading database ... 75%(Reading database ... 80%(Reading database ... 85%(Reading database ... 90%(Reading database ... 95%(Reading database ... 100%(Reading database ... 14056 files and directories currently installed.)
Preparing to unpack .../libdebconfclient0_0.255_amd64.deb ...
Unpacking libdebconfclient0:amd64 (0.255) over (0.254) ...
Setting up libdebconfclient0:amd64 (0.255) ...
Processing triggers for libc-bin (2.31-4) ...

+------------------------------------------------------------------------------+
| Fetch source files                                                           |
+------------------------------------------------------------------------------+


Check APT
---------

Checking available source versions...

Download source files with APT
------------------------------

Reading package lists...
NOTICE: 'xprobe' packaging is maintained in the 'Git' version control system at:
https://salsa.debian.org/pkg-security-team/xprobe.git
Please use:
git clone https://salsa.debian.org/pkg-security-team/xprobe.git
to retrieve the latest (possibly unreleased) updates to the package.
Need to get 542 kB of source archives.
Get:1 http://127.0.0.1:12990/debian sid/main xprobe 0.3-4 (dsc) [1541 B]
Get:2 http://127.0.0.1:12990/debian sid/main xprobe 0.3-4 (tar) [534 kB]
Get:3 http://127.0.0.1:12990/debian sid/main xprobe 0.3-4 (diff) [7284 B]
Fetched 542 kB in 0s (6138 kB/s)
Download complete and in download only mode
I: NOTICE: Log filtering will replace 'build/xprobe-SnrB9N/xprobe-0.3' with '<<PKGBUILDDIR>>'
I: NOTICE: Log filtering will replace 'build/xprobe-SnrB9N' with '<<BUILDDIR>>'

+------------------------------------------------------------------------------+
| Install package build dependencies                                           |
+------------------------------------------------------------------------------+


Setup apt archive
-----------------

Merged Build-Depends: debhelper (>= 11), libpcap-dev (>= 0.7.1), build-essential, fakeroot
Filtered Build-Depends: debhelper (>= 11), libpcap-dev (>= 0.7.1), build-essential, fakeroot
dpkg-deb: building package 'sbuild-build-depends-main-dummy' in '/<<RESOLVERDIR>>/apt_archive/sbuild-build-depends-main-dummy.deb'.
Ign:1 copy:/<<RESOLVERDIR>>/apt_archive ./ InRelease
Get:2 copy:/<<RESOLVERDIR>>/apt_archive ./ Release [957 B]
Ign:3 copy:/<<RESOLVERDIR>>/apt_archive ./ Release.gpg
Get:4 copy:/<<RESOLVERDIR>>/apt_archive ./ Sources [381 B]
Get:5 copy:/<<RESOLVERDIR>>/apt_archive ./ Packages [462 B]
Fetched 1800 B in 0s (0 B/s)
Reading package lists...
Reading package lists...

Install main build dependencies (apt-based resolver)
----------------------------------------------------

Installing build dependencies
Reading package lists...
Building dependency tree...
Reading state information...
The following additional packages will be installed:
  autoconf automake autopoint autotools-dev bsdextrautils debhelper
  dh-autoreconf dh-strip-nondeterminism dwz file gettext gettext-base
  groff-base intltool-debian libarchive-zip-perl libcroco3 libdbus-1-3
  libdebhelper-perl libelf1 libfile-stripnondeterminism-perl libglib2.0-0
  libicu67 libmagic-mgc libmagic1 libpcap-dev libpcap0.8 libpcap0.8-dev
  libpipeline1 libsigsegv2 libsub-override-perl libtool libuchardet0 libxml2
  m4 man-db po-debconf sensible-utils
Suggested packages:
  autoconf-archive gnu-standards autoconf-doc dh-make gettext-doc
  libasprintf-dev libgettextpo-dev groff libtool-doc gfortran
  | fortran95-compiler gcj-jdk m4-doc apparmor less www-browser
  libmail-box-perl
Recommended packages:
  curl | wget | lynx dbus libarchive-cpio-perl libglib2.0-data
  shared-mime-info xdg-user-dirs libltdl-dev libmail-sendmail-perl
The following NEW packages will be installed:
  autoconf automake autopoint autotools-dev bsdextrautils debhelper
  dh-autoreconf dh-strip-nondeterminism dwz file gettext gettext-base
  groff-base intltool-debian libarchive-zip-perl libcroco3 libdbus-1-3
  libdebhelper-perl libelf1 libfile-stripnondeterminism-perl libglib2.0-0
  libicu67 libmagic-mgc libmagic1 libpcap-dev libpcap0.8 libpcap0.8-dev
  libpipeline1 libsigsegv2 libsub-override-perl libtool libuchardet0 libxml2
  m4 man-db po-debconf sbuild-build-depends-main-dummy sensible-utils
0 upgraded, 38 newly installed, 0 to remove and 0 not upgraded.
Need to get 20.2 MB of archives.
After this operation, 73.6 MB of additional disk space will be used.
Get:1 copy:/<<RESOLVERDIR>>/apt_archive ./ sbuild-build-depends-main-dummy 0.invalid.0 [888 B]
Get:2 http://127.0.0.1:12990/debian sid/main amd64 bsdextrautils amd64 2.36-3+b1 [140 kB]
Get:3 http://127.0.0.1:12990/debian sid/main amd64 libuchardet0 amd64 0.0.7-1 [67.8 kB]
Get:4 http://127.0.0.1:12990/debian sid/main amd64 groff-base amd64 1.22.4-5 [920 kB]
Get:5 http://127.0.0.1:12990/debian sid/main amd64 libpipeline1 amd64 1.5.3-1 [34.3 kB]
Get:6 http://127.0.0.1:12990/debian sid/main amd64 man-db amd64 2.9.3-2 [1314 kB]
Get:7 http://127.0.0.1:12990/debian sid/main amd64 sensible-utils all 0.0.12+nmu1 [16.0 kB]
Get:8 http://127.0.0.1:12990/debian sid/main amd64 libmagic-mgc amd64 1:5.38-5 [262 kB]
Get:9 http://127.0.0.1:12990/debian sid/main amd64 libmagic1 amd64 1:5.38-5 [120 kB]
Get:10 http://127.0.0.1:12990/debian sid/main amd64 file amd64 1:5.38-5 [67.9 kB]
Get:11 http://127.0.0.1:12990/debian sid/main amd64 gettext-base amd64 0.19.8.1-10 [123 kB]
Get:12 http://127.0.0.1:12990/debian sid/main amd64 libsigsegv2 amd64 2.12-2 [32.8 kB]
Get:13 http://127.0.0.1:12990/debian sid/main amd64 m4 amd64 1.4.18-4 [203 kB]
Get:14 http://127.0.0.1:12990/debian sid/main amd64 autoconf all 2.69-11.1 [341 kB]
Get:15 http://127.0.0.1:12990/debian sid/main amd64 autotools-dev all 20180224.1 [77.0 kB]
Get:16 http://127.0.0.1:12990/debian sid/main amd64 automake all 1:1.16.2-4 [801 kB]
Get:17 http://127.0.0.1:12990/debian sid/main amd64 autopoint all 0.19.8.1-10 [435 kB]
Get:18 http://127.0.0.1:12990/debian sid/main amd64 libtool all 2.4.6-14 [513 kB]
Get:19 http://127.0.0.1:12990/debian sid/main amd64 dh-autoreconf all 19 [16.9 kB]
Get:20 http://127.0.0.1:12990/debian sid/main amd64 libdebhelper-perl all 13.2.1 [188 kB]
Get:21 http://127.0.0.1:12990/debian sid/main amd64 libarchive-zip-perl all 1.68-1 [104 kB]
Get:22 http://127.0.0.1:12990/debian sid/main amd64 libsub-override-perl all 0.09-2 [10.2 kB]
Get:23 http://127.0.0.1:12990/debian sid/main amd64 libfile-stripnondeterminism-perl all 1.9.0-1 [25.5 kB]
Get:24 http://127.0.0.1:12990/debian sid/main amd64 dh-strip-nondeterminism all 1.9.0-1 [15.2 kB]
Get:25 http://127.0.0.1:12990/debian sid/main amd64 libelf1 amd64 0.181-1 [164 kB]
Get:26 http://127.0.0.1:12990/debian sid/main amd64 dwz amd64 0.13-5 [151 kB]
Get:27 http://127.0.0.1:12990/debian sid/main amd64 libglib2.0-0 amd64 2.66.1-2 [1362 kB]
Get:28 http://127.0.0.1:12990/debian sid/main amd64 libicu67 amd64 67.1-4 [8624 kB]
Get:29 http://127.0.0.1:12990/debian sid/main amd64 libxml2 amd64 2.9.10+dfsg-6.1 [692 kB]
Get:30 http://127.0.0.1:12990/debian sid/main amd64 libcroco3 amd64 0.6.13-1 [146 kB]
Get:31 http://127.0.0.1:12990/debian sid/main amd64 gettext amd64 0.19.8.1-10 [1303 kB]
Get:32 http://127.0.0.1:12990/debian sid/main amd64 intltool-debian all 0.35.0+20060710.5 [26.8 kB]
Get:33 http://127.0.0.1:12990/debian sid/main amd64 po-debconf all 1.0.21 [248 kB]
Get:34 http://127.0.0.1:12990/debian sid/main amd64 debhelper all 13.2.1 [1007 kB]
Get:35 http://127.0.0.1:12990/debian sid/main amd64 libdbus-1-3 amd64 1.12.20-1 [217 kB]
Get:36 http://127.0.0.1:12990/debian sid/main amd64 libpcap0.8 amd64 1.9.1-4 [153 kB]
Get:37 http://127.0.0.1:12990/debian sid/main amd64 libpcap0.8-dev amd64 1.9.1-4 [271 kB]
Get:38 http://127.0.0.1:12990/debian sid/main amd64 libpcap-dev amd64 1.9.1-4 [29.1 kB]
debconf: delaying package configuration, since apt-utils is not installed
Fetched 20.2 MB in 0s (139 MB/s)
Selecting previously unselected package bsdextrautils.
(Reading database ... 14056 files and directories currently installed.)
Preparing to unpack .../00-bsdextrautils_2.36-3+b1_amd64.deb ...
Unpacking bsdextrautils (2.36-3+b1) ...
Selecting previously unselected package libuchardet0:amd64.
Preparing to unpack .../01-libuchardet0_0.0.7-1_amd64.deb ...
Unpacking libuchardet0:amd64 (0.0.7-1) ...
Selecting previously unselected package groff-base.
Preparing to unpack .../02-groff-base_1.22.4-5_amd64.deb ...
Unpacking groff-base (1.22.4-5) ...
Selecting previously unselected package libpipeline1:amd64.
Preparing to unpack .../03-libpipeline1_1.5.3-1_amd64.deb ...
Unpacking libpipeline1:amd64 (1.5.3-1) ...
Selecting previously unselected package man-db.
Preparing to unpack .../04-man-db_2.9.3-2_amd64.deb ...
Unpacking man-db (2.9.3-2) ...
Selecting previously unselected package sensible-utils.
Preparing to unpack .../05-sensible-utils_0.0.12+nmu1_all.deb ...
Unpacking sensible-utils (0.0.12+nmu1) ...
Selecting previously unselected package libmagic-mgc.
Preparing to unpack .../06-libmagic-mgc_1%3a5.38-5_amd64.deb ...
Unpacking libmagic-mgc (1:5.38-5) ...
Selecting previously unselected package libmagic1:amd64.
Preparing to unpack .../07-libmagic1_1%3a5.38-5_amd64.deb ...
Unpacking libmagic1:amd64 (1:5.38-5) ...
Selecting previously unselected package file.
Preparing to unpack .../08-file_1%3a5.38-5_amd64.deb ...
Unpacking file (1:5.38-5) ...
Selecting previously unselected package gettext-base.
Preparing to unpack .../09-gettext-base_0.19.8.1-10_amd64.deb ...
Unpacking gettext-base (0.19.8.1-10) ...
Selecting previously unselected package libsigsegv2:amd64.
Preparing to unpack .../10-libsigsegv2_2.12-2_amd64.deb ...
Unpacking libsigsegv2:amd64 (2.12-2) ...
Selecting previously unselected package m4.
Preparing to unpack .../11-m4_1.4.18-4_amd64.deb ...
Unpacking m4 (1.4.18-4) ...
Selecting previously unselected package autoconf.
Preparing to unpack .../12-autoconf_2.69-11.1_all.deb ...
Unpacking autoconf (2.69-11.1) ...
Selecting previously unselected package autotools-dev.
Preparing to unpack .../13-autotools-dev_20180224.1_all.deb ...
Unpacking autotools-dev (20180224.1) ...
Selecting previously unselected package automake.
Preparing to unpack .../14-automake_1%3a1.16.2-4_all.deb ...
Unpacking automake (1:1.16.2-4) ...
Selecting previously unselected package autopoint.
Preparing to unpack .../15-autopoint_0.19.8.1-10_all.deb ...
Unpacking autopoint (0.19.8.1-10) ...
Selecting previously unselected package libtool.
Preparing to unpack .../16-libtool_2.4.6-14_all.deb ...
Unpacking libtool (2.4.6-14) ...
Selecting previously unselected package dh-autoreconf.
Preparing to unpack .../17-dh-autoreconf_19_all.deb ...
Unpacking dh-autoreconf (19) ...
Selecting previously unselected package libdebhelper-perl.
Preparing to unpack .../18-libdebhelper-perl_13.2.1_all.deb ...
Unpacking libdebhelper-perl (13.2.1) ...
Selecting previously unselected package libarchive-zip-perl.
Preparing to unpack .../19-libarchive-zip-perl_1.68-1_all.deb ...
Unpacking libarchive-zip-perl (1.68-1) ...
Selecting previously unselected package libsub-override-perl.
Preparing to unpack .../20-libsub-override-perl_0.09-2_all.deb ...
Unpacking libsub-override-perl (0.09-2) ...
Selecting previously unselected package libfile-stripnondeterminism-perl.
Preparing to unpack .../21-libfile-stripnondeterminism-perl_1.9.0-1_all.deb ...
Unpacking libfile-stripnondeterminism-perl (1.9.0-1) ...
Selecting previously unselected package dh-strip-nondeterminism.
Preparing to unpack .../22-dh-strip-nondeterminism_1.9.0-1_all.deb ...
Unpacking dh-strip-nondeterminism (1.9.0-1) ...
Selecting previously unselected package libelf1:amd64.
Preparing to unpack .../23-libelf1_0.181-1_amd64.deb ...
Unpacking libelf1:amd64 (0.181-1) ...
Selecting previously unselected package dwz.
Preparing to unpack .../24-dwz_0.13-5_amd64.deb ...
Unpacking dwz (0.13-5) ...
Selecting previously unselected package libglib2.0-0:amd64.
Preparing to unpack .../25-libglib2.0-0_2.66.1-2_amd64.deb ...
Unpacking libglib2.0-0:amd64 (2.66.1-2) ...
Selecting previously unselected package libicu67:amd64.
Preparing to unpack .../26-libicu67_67.1-4_amd64.deb ...
Unpacking libicu67:amd64 (67.1-4) ...
Selecting previously unselected package libxml2:amd64.
Preparing to unpack .../27-libxml2_2.9.10+dfsg-6.1_amd64.deb ...
Unpacking libxml2:amd64 (2.9.10+dfsg-6.1) ...
Selecting previously unselected package libcroco3:amd64.
Preparing to unpack .../28-libcroco3_0.6.13-1_amd64.deb ...
Unpacking libcroco3:amd64 (0.6.13-1) ...
Selecting previously unselected package gettext.
Preparing to unpack .../29-gettext_0.19.8.1-10_amd64.deb ...
Unpacking gettext (0.19.8.1-10) ...
Selecting previously unselected package intltool-debian.
Preparing to unpack .../30-intltool-debian_0.35.0+20060710.5_all.deb ...
Unpacking intltool-debian (0.35.0+20060710.5) ...
Selecting previously unselected package po-debconf.
Preparing to unpack .../31-po-debconf_1.0.21_all.deb ...
Unpacking po-debconf (1.0.21) ...
Selecting previously unselected package debhelper.
Preparing to unpack .../32-debhelper_13.2.1_all.deb ...
Unpacking debhelper (13.2.1) ...
Selecting previously unselected package libdbus-1-3:amd64.
Preparing to unpack .../33-libdbus-1-3_1.12.20-1_amd64.deb ...
Unpacking libdbus-1-3:amd64 (1.12.20-1) ...
Selecting previously unselected package libpcap0.8:amd64.
Preparing to unpack .../34-libpcap0.8_1.9.1-4_amd64.deb ...
Unpacking libpcap0.8:amd64 (1.9.1-4) ...
Selecting previously unselected package libpcap0.8-dev:amd64.
Preparing to unpack .../35-libpcap0.8-dev_1.9.1-4_amd64.deb ...
Unpacking libpcap0.8-dev:amd64 (1.9.1-4) ...
Selecting previously unselected package libpcap-dev:amd64.
Preparing to unpack .../36-libpcap-dev_1.9.1-4_amd64.deb ...
Unpacking libpcap-dev:amd64 (1.9.1-4) ...
Selecting previously unselected package sbuild-build-depends-main-dummy.
Preparing to unpack .../37-sbuild-build-depends-main-dummy_0.invalid.0_amd64.deb ...
Unpacking sbuild-build-depends-main-dummy (0.invalid.0) ...
Setting up libpipeline1:amd64 (1.5.3-1) ...
Setting up bsdextrautils (2.36-3+b1) ...
update-alternatives: using /usr/bin/write.ul to provide /usr/bin/write (write) in auto mode
Setting up libicu67:amd64 (67.1-4) ...
Setting up libmagic-mgc (1:5.38-5) ...
Setting up libarchive-zip-perl (1.68-1) ...
Setting up libglib2.0-0:amd64 (2.66.1-2) ...
No schema files found: doing nothing.
Setting up libdebhelper-perl (13.2.1) ...
Setting up libmagic1:amd64 (1:5.38-5) ...
Setting up gettext-base (0.19.8.1-10) ...
Setting up file (1:5.38-5) ...
Setting up autotools-dev (20180224.1) ...
Setting up libdbus-1-3:amd64 (1.12.20-1) ...
Setting up libsigsegv2:amd64 (2.12-2) ...
Setting up autopoint (0.19.8.1-10) ...
Setting up sensible-utils (0.0.12+nmu1) ...
Setting up libuchardet0:amd64 (0.0.7-1) ...
Setting up libsub-override-perl (0.09-2) ...
Setting up libelf1:amd64 (0.181-1) ...
Setting up libxml2:amd64 (2.9.10+dfsg-6.1) ...
Setting up libfile-stripnondeterminism-perl (1.9.0-1) ...
Setting up libtool (2.4.6-14) ...
Setting up m4 (1.4.18-4) ...
Setting up libpcap0.8:amd64 (1.9.1-4) ...
Setting up libcroco3:amd64 (0.6.13-1) ...
Setting up autoconf (2.69-11.1) ...
Setting up dh-strip-nondeterminism (1.9.0-1) ...
Setting up dwz (0.13-5) ...
Setting up groff-base (1.22.4-5) ...
Setting up automake (1:1.16.2-4) ...
update-alternatives: using /usr/bin/automake-1.16 to provide /usr/bin/automake (automake) in auto mode
Setting up gettext (0.19.8.1-10) ...
Setting up libpcap0.8-dev:amd64 (1.9.1-4) ...
Setting up man-db (2.9.3-2) ...
Not building database; man-db/auto-update is not 'true'.
Setting up intltool-debian (0.35.0+20060710.5) ...
Setting up libpcap-dev:amd64 (1.9.1-4) ...
Setting up po-debconf (1.0.21) ...
Setting up debhelper (13.2.1) ...
Setting up dh-autoreconf (19) ...
Setting up sbuild-build-depends-main-dummy (0.invalid.0) ...
Processing triggers for libc-bin (2.31-4) ...

+------------------------------------------------------------------------------+
| Check architectures                                                          |
+------------------------------------------------------------------------------+

Arch check ok (amd64 included in any)

+------------------------------------------------------------------------------+
| Build environment                                                            |
+------------------------------------------------------------------------------+

Kernel: Linux 4.19.0-6-cloud-amd64 #1 SMP Debian 4.19.67-2+deb10u2 (2019-11-11) amd64 (x86_64)
Toolchain package versions: binutils_2.35.1-2 dpkg-dev_1.20.5 g++-10_10.2.0-15 gcc-10_10.2.0-15 libc6-dev_2.31-4 libstdc++-10-dev_10.2.0-15 libstdc++6_10.2.0-15 linux-libc-dev_5.9.1-1
Package versions: adduser_3.118 apt_2.1.11 autoconf_2.69-11.1 automake_1:1.16.2-4 autopoint_0.19.8.1-10 autotools-dev_20180224.1 base-files_11 base-passwd_3.5.48 bash_5.1~rc1-2 binutils_2.35.1-2 binutils-common_2.35.1-2 binutils-x86-64-linux-gnu_2.35.1-2 bsdextrautils_2.36-3+b1 bsdutils_1:2.36-3+b1 build-essential_12.8 bzip2_1.0.8-4 clang-10_1:10.0.1-7 coreutils_8.32-4+b1 cpp_4:10.2.0-1 cpp-10_10.2.0-15 dash_0.5.10.2-7 debconf_1.5.74 debhelper_13.2.1 debian-archive-keyring_2019.1 debianutils_4.11.2 dh-autoreconf_19 dh-strip-nondeterminism_1.9.0-1 diffutils_1:3.7-3 dpkg_1.20.5 dpkg-dev_1.20.5 dwz_0.13-5 e2fsprogs_1.45.6-1 fakeroot_1.25.3-1 file_1:5.38-5 findutils_4.7.0+git20201010-2 g++_4:10.2.0-1 g++-10_10.2.0-15 gcc_4:10.2.0-1 gcc-10_10.2.0-15 gcc-10-base_10.2.0-15 gcc-9-base_9.3.0-18 gettext_0.19.8.1-10 gettext-base_0.19.8.1-10 gpgv_2.2.20-1 grep_3.4-1 groff-base_1.22.4-5 gzip_1.10-2 hostname_3.23 init-system-helpers_1.58 intltool-debian_0.35.0+20060710.5 lib32gcc-s1_10.2.0-15 lib32stdc++6_10.2.0-15 libacl1_2.2.53-8 libapt-pkg6.0_2.1.11 libarchive-zip-perl_1.68-1 libasan5_9.3.0-18 libasan6_10.2.0-15 libatomic1_10.2.0-15 libattr1_1:2.4.48-5 libaudit-common_1:2.8.5-3.1 libaudit1_1:2.8.5-3.1 libbinutils_2.35.1-2 libblkid1_2.36-3+b1 libbsd0_0.10.0-1 libbz2-1.0_1.0.8-4 libc-bin_2.31-4 libc-dev-bin_2.31-4 libc6_2.31-4 libc6-dev_2.31-4 libc6-i386_2.31-4 libcap-ng0_0.7.9-2.2 libcc1-0_10.2.0-15 libclang-common-10-dev_1:10.0.1-7 libclang-cpp10_1:10.0.1-7 libclang1-10_1:10.0.1-7 libcom-err2_1.45.6-1 libcroco3_0.6.13-1 libcrypt-dev_1:4.4.17-1 libcrypt1_1:4.4.17-1 libctf-nobfd0_2.35.1-2 libctf0_2.35.1-2 libdb5.3_5.3.28+dfsg1-0.6 libdbus-1-3_1.12.20-1 libdebconfclient0_0.255 libdebhelper-perl_13.2.1 libdpkg-perl_1.20.5 libedit2_3.1-20191231-1 libelf1_0.181-1 libext2fs2_1.45.6-1 libfakeroot_1.25.3-1 libffi7_3.3-4 libfile-stripnondeterminism-perl_1.9.0-1 libgc1_1:8.0.4-2.1 libgcc-10-dev_10.2.0-15 libgcc-9-dev_9.3.0-18 libgcc-s1_10.2.0-15 libgcrypt20_1.8.7-2 libgdbm-compat4_1.18.1-5.1 libgdbm6_1.18.1-5.1 libglib2.0-0_2.66.1-2 libgmp10_2:6.2.0+dfsg-6 libgnutls30_3.6.15-4 libgomp1_10.2.0-15 libgpg-error0_1.38-2 libgssapi-krb5-2_1.17-10 libhogweed6_3.6-2 libicu67_67.1-4 libidn2-0_2.3.0-1 libisl22_0.22.1-1 libitm1_10.2.0-15 libk5crypto3_1.17-10 libkeyutils1_1.6.1-2 libkrb5-3_1.17-10 libkrb5support0_1.17-10 libllvm10_1:10.0.1-7 liblsan0_10.2.0-15 liblz4-1_1.9.2-2 liblzma5_5.2.4-1+b1 libmagic-mgc_1:5.38-5 libmagic1_1:5.38-5 libmount1_2.36-3+b1 libmpc3_1.2.0-1 libmpfr6_4.1.0-3 libnettle8_3.6-2 libnsl-dev_1.3.0-2 libnsl2_1.3.0-2 libnss-nis_3.1-4 libnss-nisplus_1.3-4 libobjc-10-dev_10.2.0-15 libobjc-9-dev_9.3.0-18 libobjc4_10.2.0-15 libomp-10-dev_1:10.0.1-7 libomp5-10_1:10.0.1-7 libp11-kit0_0.23.21-2 libpam-modules_1.3.1-5 libpam-modules-bin_1.3.1-5 libpam-runtime_1.3.1-5 libpam0g_1.3.1-5 libpcap-dev_1.9.1-4 libpcap0.8_1.9.1-4 libpcap0.8-dev_1.9.1-4 libpcre2-8-0_10.34-7 libpcre3_2:8.39-13 libperl5.30_5.30.3-4 libpipeline1_1.5.3-1 libquadmath0_10.2.0-15 libseccomp2_2.4.4-1+b1 libselinux1_3.1-2+b1 libsemanage-common_3.1-1 libsemanage1_3.1-1+b1 libsepol1_3.1-1 libsigsegv2_2.12-2 libsmartcols1_2.36-3+b1 libss2_1.45.6-1 libssl1.1_1.1.1h-1 libstdc++-10-dev_10.2.0-15 libstdc++6_10.2.0-15 libsub-override-perl_0.09-2 libsystemd0_246.6-2 libtasn1-6_4.16.0-2 libtinfo6_6.2+20200918-1 libtirpc-common_1.2.6-3 libtirpc-dev_1.2.6-3 libtirpc3_1.2.6-3 libtool_2.4.6-14 libtsan0_10.2.0-15 libubsan1_10.2.0-15 libuchardet0_0.0.7-1 libudev1_246.6-2 libunistring2_0.9.10-4 libuuid1_2.36-3+b1 libxml2_2.9.10+dfsg-6.1 libz3-4_4.8.9-1 libzstd1_1.4.5+dfsg-4 linux-libc-dev_5.9.1-1 login_1:4.8.1-1 logsave_1.45.6-1 lsb-base_11.1.0 m4_1.4.18-4 make_4.3-4 man-db_2.9.3-2 mawk_1.3.4.20200120-2 mount_2.36-3+b1 ncurses-base_6.2+20200918-1 ncurses-bin_6.2+20200918-1 passwd_1:4.8.1-1 patch_2.7.6-6 perl_5.30.3-4 perl-base_5.30.3-4 perl-modules-5.30_5.30.3-4 po-debconf_1.0.21 qt5-qmake_5.14.2+dfsg-6 qt5-qmake-bin_5.14.2+dfsg-6 qtchooser_66-2 sbuild-build-depends-main-dummy_0.invalid.0 sed_4.7-1 sensible-utils_0.0.12+nmu1 sysvinit-utils_2.96-5 tar_1.30+dfsg-7 tzdata_2020d-1 util-linux_2.36-3+b1 xz-utils_5.2.4-1+b1 zlib1g_1:1.2.11.dfsg-2

+------------------------------------------------------------------------------+
| Build                                                                        |
+------------------------------------------------------------------------------+


Unpack source
-------------

-----BEGIN PGP SIGNED MESSAGE-----
Hash: SHA512

Format: 3.0 (quilt)
Source: xprobe
Binary: xprobe
Architecture: any
Version: 0.3-4
Maintainer: Debian Security Tools <team+pkg-security@tracker.debian.org>
Uploaders: Sophie Brun <sophie@freexian.com>
Standards-Version: 4.2.1
Vcs-Browser: https://salsa.debian.org/pkg-security-team/xprobe
Vcs-Git: https://salsa.debian.org/pkg-security-team/xprobe.git
Build-Depends: debhelper (>= 11), libpcap-dev (>= 0.7.1)
Package-List:
 xprobe deb net optional arch=any
Checksums-Sha1:
 c28d48823c1b953f73fd1b1fbced5c77a63d2bf0 533636 xprobe_0.3.orig.tar.gz
 88814fff6a372c2a6b7f41f2761897b111cf61bc 7284 xprobe_0.3-4.debian.tar.xz
Checksums-Sha256:
 12a9d0a2f38da8bb74c9e1cd96b2019802632cf55f8948384aafd417bb79a164 533636 xprobe_0.3.orig.tar.gz
 4e8e4ab12e797a0ebbeeb50affb6eb082901c2f72e0ff855e203669587b8ca90 7284 xprobe_0.3-4.debian.tar.xz
Files:
 3ebb89ed9380038d368327816e34ec54 533636 xprobe_0.3.orig.tar.gz
 32af4a40407d0bdcd0279984ef9eb26d 7284 xprobe_0.3-4.debian.tar.xz

-----BEGIN PGP SIGNATURE-----
Comment: Signed by Raphael Hertzog

iQEzBAEBCgAdFiEE1823g1EQnhJ1LsbSA4gdq+vCmrkFAluLu2YACgkQA4gdq+vC
mrlm/Qf8CXF/JBlGfx1wwRYgRohs4i9MJv5ThajCXreFuOZIQpIbTWra+RW+83YS
/YqZEyHce74Mtouuk4NTBt7N8WqHAm8wgGTbhy7L/IiEGPT6SptR8suU4ss81vH6
x/x00rm42vnvJQUXVJqYXxhm108sJXL2vlGR1MlE9BLU5EaGg33sRtVeO3sfpgED
mc5NemXKHMjb/ndieF/4ZW/s/lGEQEKs98zm1tSGQ3e+F2xpCo1RksJdaYgYMgUo
05IMeF779q0VEr4EogcT2ap8fPe75hK0cHWdiDGRCCm7pZ6Qq2lUF7gMx4mUB0Ei
vxEcB151H970RsiRrczYC14axbe2EQ==
=PP+m
-----END PGP SIGNATURE-----

gpgv: unknown type of key resource 'trustedkeys.kbx'
gpgv: keyblock resource '/tmp/dpkg-verify-sig.FpOoH8Pn/trustedkeys.kbx': General error
gpgv: Signature made Sun Sep  2 10:28:54 2018 UTC
gpgv:                using RSA key D7CDB78351109E12752EC6D203881DABEBC29AB9
gpgv: Can't check signature: No public key
dpkg-source: warning: failed to verify signature on ./xprobe_0.3-4.dsc
dpkg-source: info: extracting xprobe in /<<PKGBUILDDIR>>
dpkg-source: info: unpacking xprobe_0.3.orig.tar.gz
dpkg-source: info: unpacking xprobe_0.3-4.debian.tar.xz
dpkg-source: info: using patch list from debian/patches/series
dpkg-source: info: applying fix-build-usi.patch
dpkg-source: info: applying fix-for-gcc4.3.patch
dpkg-source: warning: unexpected end of diff '/<<PKGBUILDDIR>>/debian/patches/fix-man-page.patch'
dpkg-source: info: applying fix-man-page.patch
dpkg-source: info: applying reproducible_build.patch
dpkg-source: info: applying cross.patch

Check disk space
----------------

Sufficient free space for build

User Environment
----------------

APT_CONFIG=/var/lib/sbuild/apt.conf
HOME=/sbuild-nonexistent
LANG=C.UTF-8
LC_ALL=C.UTF-8
LOGNAME=user42
PATH=/usr/local/sbin:/usr/local/bin:/usr/sbin:/usr/bin:/sbin:/bin:/usr/games
SCHROOT_ALIAS_NAME=unstable
SCHROOT_CHROOT_NAME=sid-amd64-sbuild
SCHROOT_COMMAND=env
SCHROOT_GID=1001
SCHROOT_GROUP=user42
SCHROOT_SESSION_ID=sid-amd64-sbuild-5f965528-27aa-4509-8e4c-5c317cf3e51a
SCHROOT_UID=1001
SCHROOT_USER=user42
SHELL=/bin/sh
USER=user42

dpkg-buildpackage
-----------------

Command: dpkg-buildpackage -us -uc -b -rfakeroot
dpkg-buildpackage: info: source package xprobe
dpkg-buildpackage: info: source version 0.3-4
dpkg-buildpackage: info: source distribution unstable
dpkg-buildpackage: info: source changed by RaphaÃ«l Hertzog <hertzog@debian.org>
 dpkg-source --before-build .
dpkg-buildpackage: info: host architecture amd64
 fakeroot debian/rules clean
dh clean
   dh_clean
 debian/rules build
dh build
   dh_update_autotools_config
   dh_autoreconf
aclocal: warning: autoconf input should be named 'configure.ac', not 'configure.in'
configure.in:205: warning: AC_CONFIG_SUBDIRS: you should use literals
../../lib/autoconf/status.m4:1097: AC_CONFIG_SUBDIRS is expanded from...
configure.in:205: the top level
configure.in:205: warning: AC_CONFIG_SUBDIRS: you should use literals
../../lib/autoconf/status.m4:1097: AC_CONFIG_SUBDIRS is expanded from...
configure.in:205: the top level
configure.in:205: warning: AC_CONFIG_SUBDIRS: you should use literals
../../lib/autoconf/status.m4:1097: AC_CONFIG_SUBDIRS is expanded from...
configure.in:205: the top level
autoheader: WARNING: Using auxiliary files such as `acconfig.h', `config.h.bot'
autoheader: WARNING: and `config.h.top', to define templates for `config.h.in'
autoheader: WARNING: is deprecated and discouraged.
autoheader: 
autoheader: WARNING: Using the third argument of `AC_DEFINE' and
autoheader: WARNING: `AC_DEFINE_UNQUOTED' allows one to define a template without
autoheader: WARNING: `acconfig.h':
autoheader: 
autoheader: WARNING:   AC_DEFINE([NEED_FUNC_MAIN], 1,
autoheader: 		[Define if a function `main' is needed.])
autoheader: 
autoheader: WARNING: More sophisticated templates can also be produced, see the
autoheader: WARNING: documentation.
configure.in:205: warning: AC_CONFIG_SUBDIRS: you should use literals
../../lib/autoconf/status.m4:1097: AC_CONFIG_SUBDIRS is expanded from...
configure.in:205: the top level
aclocal: warning: autoconf input should be named 'configure.ac', not 'configure.in'
   dh_auto_configure
	./configure --build=x86_64-linux-gnu --prefix=/usr --includedir=\${prefix}/include --mandir=\${prefix}/share/man --infodir=\${prefix}/share/info --sysconfdir=/etc --localstatedir=/var --disable-option-checking --disable-silent-rules --libdir=\${prefix}/lib/x86_64-linux-gnu --libexecdir=\${prefix}/lib/x86_64-linux-gnu --runstatedir=/run --disable-maintainer-mode --disable-dependency-tracking
checking for gcc... gcc
checking whether the C compiler works... yes
checking for C compiler default output file name... a.out
checking for suffix of executables... 
checking whether we are cross compiling... no
checking for suffix of object files... o
checking whether we are using the GNU C compiler... yes
checking whether gcc accepts -g... yes
checking for gcc option to accept ISO C89... none needed
checking for g++... g++
checking whether we are using the GNU C++ compiler... yes
checking whether g++ accepts -g... yes
checking for ranlib... ranlib
checking build system type... x86_64-pc-linux-gnu
checking host system type... x86_64-pc-linux-gnu
checking how to run the C++ preprocessor... g++ -E
checking for grep that handles long lines and -e... /bin/grep
checking for egrep... /bin/grep -E
checking for ANSI C header files... yes
checking for sys/types.h... yes
checking for sys/stat.h... yes
checking for stdlib.h... yes
checking for string.h... yes
checking for memory.h... yes
checking for strings.h... yes
checking for inttypes.h... yes
checking for stdint.h... yes
checking for unistd.h... yes
checking for strings.h... (cached) yes
checking for string.h... (cached) yes
checking for stdlib.h... (cached) yes
checking for unistd.h... (cached) yes
checking glib.h usability... no
checking glib.h presence... no
checking for glib.h... no
checking dlfcn.h usability... yes
checking dlfcn.h presence... yes
checking for dlfcn.h... yes
checking if sa_len is in struct sockaddr... no
checking for pcap_datalink in -lpcap... yes
checking for dlfcn.h... (cached) yes
checking for a BSD-compatible install... /usr/bin/install -c
checking whether make sets $(MAKE)... yes
configure: creating ./config.status
config.status: creating Makefile
config.status: WARNING:  'Makefile.in' seems to ignore the --datarootdir setting
config.status: creating src/defines.h
config.status: creating src/Makefile
config.status: WARNING:  'src/Makefile.in' seems to ignore the --datarootdir setting
config.status: creating src/xplib/Makefile
config.status: WARNING:  'src/xplib/Makefile.in' seems to ignore the --datarootdir setting
config.status: creating src/xpmodules/Makefile
config.status: WARNING:  'src/xpmodules/Makefile.in' seems to ignore the --datarootdir setting
config.status: creating src/xpmodules/alive_probe/Makefile
config.status: WARNING:  'src/xpmodules/alive_probe/Makefile.in' seems to ignore the --datarootdir setting
config.status: creating src/xpmodules/alive_probe/ttl_calc/Makefile
config.status: WARNING:  'src/xpmodules/alive_probe/ttl_calc/Makefile.in' seems to ignore the --datarootdir setting
config.status: creating src/xpmodules/alive_probe/portscanner/Makefile
config.status: WARNING:  'src/xpmodules/alive_probe/portscanner/Makefile.in' seems to ignore the --datarootdir setting
config.status: creating src/xpmodules/os_probe/Makefile
config.status: WARNING:  'src/xpmodules/os_probe/Makefile.in' seems to ignore the --datarootdir setting
config.status: creating src/xpmodules/os_probe/icmp_echo_id/Makefile
config.status: WARNING:  'src/xpmodules/os_probe/icmp_echo_id/Makefile.in' seems to ignore the --datarootdir setting
config.status: creating src/xpmodules/os_probe/icmp_timestamp/Makefile
config.status: WARNING:  'src/xpmodules/os_probe/icmp_timestamp/Makefile.in' seems to ignore the --datarootdir setting
config.status: creating src/xpmodules/os_probe/icmp_addrmask/Makefile
config.status: WARNING:  'src/xpmodules/os_probe/icmp_addrmask/Makefile.in' seems to ignore the --datarootdir setting
config.status: creating src/xpmodules/os_probe/icmp_inforeq/Makefile
config.status: WARNING:  'src/xpmodules/os_probe/icmp_inforeq/Makefile.in' seems to ignore the --datarootdir setting
config.status: creating src/xpmodules/os_probe/icmp_port_unreach/Makefile
config.status: WARNING:  'src/xpmodules/os_probe/icmp_port_unreach/Makefile.in' seems to ignore the --datarootdir setting
config.status: creating src/xpmodules/os_probe/tcp_handshake/Makefile
config.status: WARNING:  'src/xpmodules/os_probe/tcp_handshake/Makefile.in' seems to ignore the --datarootdir setting
config.status: creating src/xpmodules/os_probe/tcp_rst/Makefile
config.status: WARNING:  'src/xpmodules/os_probe/tcp_rst/Makefile.in' seems to ignore the --datarootdir setting
config.status: creating src/xpmodules/os_probe/smb/Makefile
config.status: WARNING:  'src/xpmodules/os_probe/smb/Makefile.in' seems to ignore the --datarootdir setting
config.status: creating src/xpmodules/os_probe/snmp/Makefile
config.status: WARNING:  'src/xpmodules/os_probe/snmp/Makefile.in' seems to ignore the --datarootdir setting
config.status: creating src/config.h
=== configuring in libs-external/USI++/src (/<<PKGBUILDDIR>>/libs-external/USI++/src)
configure: running /bin/bash ./configure --disable-option-checking '--prefix=/usr'  '--build=x86_64-linux-gnu' '--includedir=${prefix}/include' '--mandir=${prefix}/share/man' '--infodir=${prefix}/share/info' '--sysconfdir=/etc' '--localstatedir=/var' '--disable-silent-rules' '--libdir=${prefix}/lib/x86_64-linux-gnu' '--libexecdir=${prefix}/lib/x86_64-linux-gnu' '--runstatedir=/run' '--disable-maintainer-mode' '--disable-dependency-tracking' 'build_alias=x86_64-linux-gnu' 'CFLAGS=-g -O2 -fdebug-prefix-map=/<<PKGBUILDDIR>>=. -fstack-protector-strong -Wformat -Werror=format-security' 'LDFLAGS=-Wl,-z,relro -Wl,-z,now' 'CPPFLAGS=-Wdate-time -D_FORTIFY_SOURCE=2' 'CXXFLAGS=-g -O2 -fdebug-prefix-map=/<<PKGBUILDDIR>>=. -fstack-protector-strong -Wformat -Werror=format-security' --cache-file=/dev/null --srcdir=.
checking build system type... x86_64-pc-linux-gnu
checking host system type... x86_64-pc-linux-gnu
checking for g++... g++
checking whether the C++ compiler works... yes
checking for C++ compiler default output file name... a.out
checking for suffix of executables... 
checking whether we are cross compiling... no
checking for suffix of object files... o
checking whether we are using the GNU C++ compiler... yes
checking whether g++ accepts -g... yes
checking for ranlib... ranlib
checking for a BSD-compatible install... /usr/bin/install -c
checking for gcc... gcc
checking whether we are using the GNU C compiler... yes
checking whether gcc accepts -g... yes
checking for gcc option to accept ISO C89... none needed
checking for main in -lpcap... yes
checking for pcap_setnonblock in -lpcap... yes
checking for socket in -lsocket... no
checking for inet_ntoa in -lnsl... yes
checking how to run the C preprocessor... gcc -E
checking for grep that handles long lines and -e... /bin/grep
checking for egrep... /bin/grep -E
checking for ANSI C header files... yes
checking for sys/types.h... yes
checking for sys/stat.h... yes
checking for stdlib.h... yes
checking for string.h... yes
checking for memory.h... yes
checking for strings.h... yes
checking for inttypes.h... yes
checking for stdint.h... yes
checking for unistd.h... yes
checking fcntl.h usability... yes
checking fcntl.h presence... yes
checking for fcntl.h... yes
checking sys/ioctl.h usability... yes
checking sys/ioctl.h presence... yes
checking for sys/ioctl.h... yes
checking sys/time.h usability... yes
checking sys/time.h presence... yes
checking for sys/time.h... yes
checking for unistd.h... (cached) yes
checking linux/filter.h usability... yes
checking linux/filter.h presence... yes
checking for linux/filter.h... yes
checking for an ANSI C-conforming const... yes
checking for size_t... yes
checking whether time.h and sys/time.h may both be included... yes
checking whether byte ordering is bigendian... no
configure: creating ./config.status
config.status: creating Makefile
config.status: creating config.h
   dh_auto_build
	make -j4
make[1]: Entering directory '/<<PKGBUILDDIR>>'
cd libs-external/USI++/src; make
make[2]: Entering directory '/<<PKGBUILDDIR>>/libs-external/USI++/src'
g++ -g -O2 -fdebug-prefix-map=/<<PKGBUILDDIR>>=. -fstack-protector-strong -Wformat -Werror=format-security -fPIC -I/usr/include/pcap -I. -Wall -c -O2 icmp.cc
g++ -g -O2 -fdebug-prefix-map=/<<PKGBUILDDIR>>=. -fstack-protector-strong -Wformat -Werror=format-security -fPIC -I/usr/include/pcap -I. -Wall -c -O2 datalink.cc
g++ -g -O2 -fdebug-prefix-map=/<<PKGBUILDDIR>>=. -fstack-protector-strong -Wformat -Werror=format-security -fPIC -I/usr/include/pcap -I. -Wall -c -O2 ip.cc
g++ -g -O2 -fdebug-prefix-map=/<<PKGBUILDDIR>>=. -fstack-protector-strong -Wformat -Werror=format-security -fPIC -I/usr/include/pcap -I. -Wall -c -O2 misc.cc
In file included from In file included from ip.cc:13:
./usi++/ip.h:182:14: warning: 'usipp::IP::sendpack' hides overloaded virtual function [-Woverloaded-virtual]
        virtual int sendpack(void *payload, size_t paylen);
                    ^
./usi++/Layer2.h:44:14: note: hidden overloaded virtual function 'usipp::Layer2::sendpack' declared here: different number of parameters (3 vs 2)
        virtual int sendpack(void *buf, size_t len, struct sockaddr *);
                    ^
In file included from ip.cc:13:
./usi++/ip.h:185:14: warning: 'usipp::IP::sendpack' hides overloaded virtual function [-Woverloaded-virtual]
icmp.cc:14:
In file included from ./usi++/icmp.h:16:
./usi++/ip.h:182:14: warning: 'usipp::IP::sendpack' hides overloaded virtual function [-Woverloaded-virtual]
        virtual int sendpack(void *payload, size_t paylen);
                    ^
./usi++/Layer2.h:44:14: note: hidden overloaded virtual function 'usipp::Layer2::sendpack' declared here: different number of parameters (3 vs 2)
        virtual int sendpack(char *pay_string);
                    ^
./usi++/Layer2.h:44:14: note: hidden overloaded virtual function 'usipp::Layer2::sendpack' declared here: different number of parameters (3 vs 1)        virtual int sendpack(void *buf, size_t len, struct sockaddr *);
                    ^
In file included from icmp.cc:14:
In file included from ./usi++/icmp.h:16:
./usi++/ip.h:185:14: warning: 'usipp::IP::sendpack' hides overloaded virtual function [-Woverloaded-virtual]
        virtual int sendpack(char *pay_string);
                    ^
./usi++/Layer2.h:44:14: note: hidden overloaded virtual function 'usipp::Layer2::sendpack' declared here: different number of parameters (3 vs 1)
        virtual int sendpack(void *buf, size_t len, struct sockaddr *);
                    ^

        virtual int sendpack(void *buf, size_t len, struct sockaddr *);
                    ^
misc.cc:21:3: warning: 'register' storage class specifier is deprecated and incompatible with C++17 [-Wdeprecated-register]
  register long sum;            /* assumes long == 32 bits */
  ^~~~~~~~~
misc.cc:23:3: warning: 'register' storage class specifier is deprecated and incompatible with C++17 [-Wdeprecated-register]
  register u_short answer;      /* assumes u_short == 16 bits */
  ^~~~~~~~~
datalink.cc:274:12: warning: explicitly assigning value of variable of type 'size_t' (aka 'unsigned long') to itself [-Wself-assign]
        d_snaplen = d_snaplen;
        ~~~~~~~~~ ^ ~~~~~~~~~
2 warnings generated.
g++ -g -O2 -fdebug-prefix-map=/<<PKGBUILDDIR>>=. -fstack-protector-strong -Wformat -Werror=format-security -fPIC -I/usr/include/pcap -I. -Wall -c -O2 udp.cc
icmp.cc:296:24: warning: ISO C++11 does not allow conversion from string literal to 'char *' [-Wwritable-strings]
        r = Layer2::setfilter("icmp");
                              ^
1 warning generated.
g++ -g -O2 -fdebug-prefix-map=/<<PKGBUILDDIR>>=. -fstack-protector-strong -Wformat -Werror=format-security -fPIC -I/usr/include/pcap -I. -Wall -c -O2 tcp.cc
ip.cc:559:24: warning: ISO C++11 does not allow conversion from string literal to 'char *' [-Wwritable-strings]
        r = Layer2::setfilter("ip");
                              ^
3 warnings generated.
g++ -g -O2 -fdebug-prefix-map=/<<PKGBUILDDIR>>=. -fstack-protector-strong -Wformat -Werror=format-security -fPIC -I/usr/include/pcap -I. -Wall -c -O2 TX_IP.cc
In file included from udp.cc:13:
In file included from ./usi++/udp.h:17:
./usi++/ip.h:182:14: warning: 'usipp::IP::sendpack' hides overloaded virtual function [-Woverloaded-virtual]
        virtual int sendpack(void *payload, size_t paylen);
                    ^
./usi++/Layer2.h:44:14: note: hidden overloaded virtual function 'usipp::Layer2::sendpack' declared here: different number of parameters (3 vs 2)
        virtual int sendpack(void *buf, size_t len, struct sockaddr *);
                    ^
In file included from udp.cc:13:
In file included from ./usi++/udp.h:17:
./usi++/ip.h:185:14: warning: 'usipp::IP::sendpack' hides overloaded virtual function [-Woverloaded-virtual]
        virtual int sendpack(char *pay_string);
                    ^
./usi++/Layer2.h:44:14: note: hidden overloaded virtual function 'usipp::Layer2::sendpack' declared here: different number of parameters (3 vs 1)
        virtual int sendpack(void *buf, size_t len, struct sockaddr *);
                    ^
udp.cc:217:24: warning: ISO C++11 does not allow conversion from string literal to 'char *' [-Wwritable-strings]
        r = Layer2::setfilter("udp");
                              ^
In file included from tcp.cc:14:
In file included from ./usi++/tcp.h:17:
./usi++/ip.h:182:14: warning: 'usipp::IP::sendpack' hides overloaded virtual function [-Woverloaded-virtual]
        virtual int sendpack(void *payload, size_t paylen);
                    ^
./usi++/Layer2.h:44:14: note: hidden overloaded virtual function 'usipp::Layer2::sendpack' declared here: different number of parameters (3 vs 2)
        virtual int sendpack(void *buf, size_t len, struct sockaddr *);
                    ^
In file included from tcp.cc:14:
In file included from ./usi++/tcp.h:17:
./usi++/ip.h:185:14: warning: 'usipp::IP::sendpack' hides overloaded virtual function [-Woverloaded-virtual]
        virtual int sendpack(char *pay_string);
                    ^
./usi++/Layer2.h:44:14: note: hidden overloaded virtual function 'usipp::Layer2::sendpack' declared here: different number of parameters (3 vs 1)
        virtual int sendpack(void *buf, size_t len, struct sockaddr *);
                    ^
tcp.cc:321:24: warning: ISO C++11 does not allow conversion from string literal to 'char *' [-Wwritable-strings]
        r = Layer2::setfilter("tcp");
                              ^
3 warnings generated.
g++ -g -O2 -fdebug-prefix-map=/<<PKGBUILDDIR>>=. -fstack-protector-strong -Wformat -Werror=format-security -fPIC -I/usr/include/pcap -I. -Wall -c -O2 Layer2.cc
3 warnings generated.
g++ -g -O2 -fdebug-prefix-map=/<<PKGBUILDDIR>>=. -fstack-protector-strong -Wformat -Werror=format-security -fPIC -I/usr/include/pcap -I. -Wall -c -O2 arp.cc
TX_IP.cc:37:2: warning: misleading indentation; statement is not part of the previous 'if' [-Wmisleading-indentation]
        int r;
        ^
TX_IP.cc:33:5: note: previous statement is here
    if (tx_timeout != false) 
    ^
1 warning generated.
3 warnings generated.
In file included from arp.cc:13:
./usi++/arp.h:66:21: warning: 'usipp::ARP::sniffpack' hides overloaded virtual function [-Woverloaded-virtual]
        virtual int sniffpack();
                    ^
./usi++/Layer2.h:41:14: note: hidden overloaded virtual function 'usipp::Layer2::sniffpack' declared here: different number of parameters (2 vs 0)
        virtual int sniffpack(void *, size_t);
                    ^
1 warning generated.
ar cr libusi++.a `LC_ALL=C ls *.o`
ranlib libusi++.a
rm -f *.o
make[2]: Leaving directory '/<<PKGBUILDDIR>>/libs-external/USI++/src'
cd src; make
make[2]: Entering directory '/<<PKGBUILDDIR>>/src'
Makefile:59: warning: ignoring prerequisites on suffix rule definition
Makefile:62: warning: ignoring prerequisites on suffix rule definition
cd xplib; make    
g++ -c -Wdate-time -D_FORTIFY_SOURCE=2 -Wall -W -Wcast-align -Wcast-qual -Wshadow -g -O2 -fdebug-prefix-map=/<<PKGBUILDDIR>>=. -fstack-protector-strong -Wformat -Werror=format-security -I ./ -I ../libs-external/USI++/src/ cmd_opts.cc
g++ -c -Wdate-time -D_FORTIFY_SOURCE=2 -Wall -W -Wcast-align -Wcast-qual -Wshadow -g -O2 -fdebug-prefix-map=/<<PKGBUILDDIR>>=. -fstack-protector-strong -Wformat -Werror=format-security -I ./ -I ../libs-external/USI++/src/ config_set.cc
g++ -c -Wdate-time -D_FORTIFY_SOURCE=2 -Wall -W -Wcast-align -Wcast-qual -Wshadow -g -O2 -fdebug-prefix-map=/<<PKGBUILDDIR>>=. -fstack-protector-strong -Wformat -Werror=format-security -I ./ -I ../libs-external/USI++/src/ interface.cc
make[3]: Entering directory '/<<PKGBUILDDIR>>/src/xplib'
g++ -c -Wdate-time -D_FORTIFY_SOURCE=2 -Wall -W -Wcast-align -Wcast-qual -Wshadow -g -O2 -fdebug-prefix-map=/<<PKGBUILDDIR>>=. -fstack-protector-strong -Wformat -Werror=format-security -I ../ xp_get_interface.cc
In file included from In file included from cmd_opts.cc:23:
In file included from ./xprobe.h:141:
./defines.h:27:15: In file included from error: interface.cc:invalid suffix on literal; C++11 requires a space between literal and identifier [-Wreserved-user-defined-literal]23
:
In file included from ./xprobe.h:141In file included from :
config_set.cc./defines.h::2327:
:In file included from 15./xprobe.h:: 141:
error./defines.h: :27invalid suffix on literal; C++11 requires a space between literal and identifier [-Wreserved-user-defined-literal]:
15: error: invalid suffix on literal; C++11 requires a space between literal and identifier [-Wreserved-user-defined-literal]
"\nXprobe2 v."VERSION\
              ^
               
"\nXprobe2 v."VERSION\"\nXprobe2 v."VERSION\

              ^              ^

                              

xp_get_interface.cc:26:
In file included from ./xp_get_interface.h:28:
In file included from ./xplib.h:25:
In file included from ../xprobe.h:141:
../defines.h:27:15: error: invalid suffix on literal; C++11 requires a space between literal and identifier [-Wreserved-user-defined-literal]
"\nXprobe2 v."VERSION\
              ^
               
xp_get_interface.cc:102:13: warning: cast from 'struct sockaddr *' to 'struct sockaddr_in *' increases required alignment from 2 to 4 [-Wcast-align]
       if (((struct sockaddr_in *)&ifrtemp.ifr_addr)->sin_addr.s_addr 
            ^~~~~~~~~~~~~~~~~~~~~~~~~~~~~~~~~~~~~~~
In file included from config_set.cc:26:
./os_matrix.h:50:22: warning: address of stack memory associated with local variable 's' returned [-Wreturn-stack-address]
             return (s.c_str());
                     ^
1 error generated.
1 warning and 1 error generated.
make[2]: *** [Makefile:62: interface.o] Error 1
make[2]: *** Waiting for unfinished jobs....
g++ -c -Wdate-time -D_FORTIFY_SOURCE=2 -Wall -W -Wcast-align -Wcast-qual -Wshadow -g -O2 -fdebug-prefix-map=/<<PKGBUILDDIR>>=. -fstack-protector-strong -Wformat -Werror=format-security -I ../ xp_get_iface_addr.cc
make[3]: *** [Makefile:54: xp_get_interface.o] Error 1
make[3]: *** Waiting for unfinished jobs....
In file included from cmd_opts.cc:26:
In file included from ./xprobe_module_hdlr.h:26:
In file included from ./xprobe_module.h:27:
./os_matrix.h:50:22: warning: address of stack memory associated with local variable 's' returned [-Wreturn-stack-address]
             return (s.c_str());
                     ^
In file included from cmd_opts.cc:26:
In file included from ./xprobe_module_hdlr.h:26:
In file included from ./xprobe_module.h:28:
In file included from ../libs-external/USI++/src/usi++/usi++.h:23:
../libs-external/USI++/src/usi++/ip.h:182:14: warning: 'usipp::IP::sendpack' hides overloaded virtual function [-Woverloaded-virtual]
        virtual int sendpack(void *payload, size_t paylen);
                    ^
../libs-external/USI++/src/usi++/Layer2.h:44:14: note: hidden overloaded virtual function 'usipp::Layer2::sendpack' declared here: different number of parameters (3 vs 2)
        virtual int sendpack(void *buf, size_t len, struct sockaddr *);
                    ^
In file included from cmd_opts.cc:26:
In file included from ./xprobe_module_hdlr.h:26:
In file included from ./xprobe_module.h:28:
In file included from ../libs-external/USI++/src/usi++/usi++.h:23:
../libs-external/USI++/src/usi++/ip.h:185:14: warning: 'usipp::IP::sendpack' hides overloaded virtual function [-Woverloaded-virtual]
        virtual int sendpack(char *pay_string);
                    ^
../libs-external/USI++/src/usi++/Layer2.h:44:14: note: hidden overloaded virtual function 'usipp::Layer2::sendpack' declared here: different number of parameters (3 vs 1)
        virtual int sendpack(void *buf, size_t len, struct sockaddr *);
                    ^
In file included from cmd_opts.cc:27:
In file included from ./xplib/xplib.h:31:
./xplib/xp_get_interface.h:26:9: warning: 'XP_GET_INTERFACE_H' is used as a header guard here, followed by #define of a different macro [-Wheader-guard]
#ifndef XP_GET_INTERFACE_H
        ^~~~~~~~~~~~~~~~~~
./xplib/xp_get_interface.h:27:9: note: 'XP_GET_INETRFACE_H' is defined here; did you mean 'XP_GET_INTERFACE_H'?
#define XP_GET_INETRFACE_H
        ^~~~~~~~~~~~~~~~~~
        XP_GET_INTERFACE_H
In file included from config_set.cc:27:
In file included from ./xprobe_module_hdlr.h:26:
In file included from ./xprobe_module.h:28:
In file included from ../libs-external/USI++/src/usi++/usi++.h:23:
../libs-external/USI++/src/usi++/ip.h:182:14: warning: 'usipp::IP::sendpack' hides overloaded virtual function [-Woverloaded-virtual]
        virtual int sendpack(void *payload, size_t paylen);
                    ^
../libs-external/USI++/src/usi++/Layer2.h:44:14: note: hidden overloaded virtual function 'usipp::Layer2::sendpack' declared here: different number of parameters (3 vs 2)
        virtual int sendpack(void *buf, size_t len, struct sockaddr *);
                    ^
In file included from config_set.cc:27:
cmd_opts.cc:209:2: warning: misleading indentation; statement is not part of the previous 'while' [-Wmisleading-indentation]
In file included from         if (xml && !logfile) {./xprobe_module_hdlr.h:26:
In file included from ./xprobe_module.h:28:
In file included from ../libs-external/USI++/src/usi++/usi++.h:23:
../libs-external/USI++/src/usi++/ip.h:185:14: warning: 'usipp::IP::sendpack' hides overloaded virtual function [-Woverloaded-virtual]

        virtual int sendpack(char *pay_string);
                    ^
../libs-external/USI++/src/usi++/Layer2.h:44:14: note: hidden overloaded virtual function 'usipp::Layer2::sendpack' declared here: different number of parameters (3 vs 1)
        ^
cmd_opts.cc        virtual int sendpack(void *buf, size_t len, struct sockaddr *);
                    ^
:83:5: note: previous statement is here
    while((c = getopt(argc, argv, "vi:p:ho:t:d:c:rD:m:M:PT:U:s:fLFXBA")) !=EOF) 
    ^
cmd_opts.cc:132:56: warning: result of comparison of constant 9223372036854775807 with expression of type 'int' is always false [-Wtautological-constant-out-of-range-compare]
                if (errno == ERANGE && (mod_to_disable == LONG_MAX || mod_to_disable == LONG_MIN)) {
                                        ~~~~~~~~~~~~~~ ^  ~~~~~~~~
cmd_opts.cc:132:86: warning: result of comparison of constant -9223372036854775808 with expression of type 'int' is always false [-Wtautological-constant-out-of-range-compare]
                if (errno == ERANGE && (mod_to_disable == LONG_MAX || mod_to_disable == LONG_MIN)) {
                                                                      ~~~~~~~~~~~~~~ ^  ~~~~~~~~
cmd_opts.cc:154:55: warning: result of comparison of constant 9223372036854775807 with expression of type 'int' is always false [-Wtautological-constant-out-of-range-compare]
                if (errno == ERANGE && (mod_to_enable == LONG_MAX || mod_to_enable == LONG_MIN)) {
                                        ~~~~~~~~~~~~~ ^  ~~~~~~~~
cmd_opts.cc:154:84: warning: result of comparison of constant -9223372036854775808 with expression of type 'int' is always false [-Wtautological-constant-out-of-range-compare]
                if (errno == ERANGE && (mod_to_enable == LONG_MAX || mod_to_enable == LONG_MIN)) {
                                                                     ~~~~~~~~~~~~~ ^  ~~~~~~~~
cmd_opts.cc:167:54: warning: result of comparison of constant 9223372036854775807 with expression of type 'int' is always false [-Wtautological-constant-out-of-range-compare]
                if (errno == ERANGE && (numofmatches == LONG_MAX || numofmatches == LONG_MIN)) {
                                        ~~~~~~~~~~~~ ^  ~~~~~~~~
cmd_opts.cc:167:82: warning: result of comparison of constant -9223372036854775808 with expression of type 'int' is always false [-Wtautological-constant-out-of-range-compare]
                if (errno == ERANGE && (numofmatches == LONG_MAX || numofmatches == LONG_MIN)) {
                                                                    ~~~~~~~~~~~~ ^  ~~~~~~~~
config_set.cc:63:11: warning: result of comparison of constant 18446744073709551615 with expression of type 'unsigned int' is always true [-Wtautological-constant-out-of-range-compare]
    if (p != string::npos) 
        ~ ^  ~~~~~~~~~~~~
config_set.cc:67:11: warning: result of comparison of constant 18446744073709551615 with expression of type 'unsigned int' is always true [-Wtautological-constant-out-of-range-compare]
    if (p != string::npos) 
        ~ ^  ~~~~~~~~~~~~
config_set.cc:92:11: warning: result of comparison of constant 18446744073709551615 with expression of type 'unsigned int' is always true [-Wtautological-constant-out-of-range-compare]
    if (p != string::npos)
        ~ ^  ~~~~~~~~~~~~
cmd_opts.cc:326:27: warning: ISO C++11 does not allow conversion from string literal to 'char *' [-Wwritable-strings]
    default_config_file = DEFAULT_CONFIG;
                          ^
./defines.h:35:24: note: expanded from macro 'DEFAULT_CONFIG'
#define DEFAULT_CONFIG "/etc/xprobe2/xprobe2.conf"
                       ^
config_set.cc:101:11: warning: result of comparison of constant 18446744073709551615 with expression of type 'unsigned int' is always true [-Wtautological-constant-out-of-range-compare]
    if (p != string::npos)
        ~ ^  ~~~~~~~~~~~~
config_set.cc:112:11: warning: result of comparison of constant 18446744073709551615 with expression of type 'unsigned int' is always true [-Wtautological-constant-out-of-range-compare]
    if (p != string::npos) {
        ~ ^  ~~~~~~~~~~~~
In file included from xp_get_iface_addr.cc:26:
In file included from ./xp_get_iface_addr.h:28:
In file included from ./xplib.h:25:
In file included from ../xprobe.h:141:
../defines.h:27:15: error: invalid suffix on literal; C++11 requires a space between literal and identifier [-Wreserved-user-defined-literal]
"\nXprobe2 v."VERSION\
              ^
               
12 warnings and 1 error generated.
make[2]: *** [Makefile:62: cmd_opts.o] Error 1
8 warnings and 1 error generated.
make[2]: *** [Makefile:62: config_set.o] Error 1
In file included from xp_get_iface_addr.cc:26:
In file included from ./xp_get_iface_addr.h:28:
In file included from ./xplib.h:31:
./xp_get_interface.h:26:9: warning: 'XP_GET_INTERFACE_H' is used as a header guard here, followed by #define of a different macro [-Wheader-guard]
#ifndef XP_GET_INTERFACE_H
        ^~~~~~~~~~~~~~~~~~
./xp_get_interface.h:27:9: note: 'XP_GET_INETRFACE_H' is defined here; did you mean 'XP_GET_INTERFACE_H'?
#define XP_GET_INETRFACE_H
        ^~~~~~~~~~~~~~~~~~
        XP_GET_INTERFACE_H
xp_get_iface_addr.cc:54:15: warning: cast from 'struct sockaddr *' to 'struct sockaddr_in *' increases required alignment from 2 to 4 [-Wcast-align]
    sinaddr = (struct sockaddr_in *) &ifr.ifr_addr;
              ^~~~~~~~~~~~~~~~~~~~~~~~~~~~~~~~~~~~
2 warnings and 1 error generated.
make[3]: *** [Makefile:54: xp_get_iface_addr.o] Error 1
make[3]: Leaving directory '/<<PKGBUILDDIR>>/src/xplib'
make[2]: *** [Makefile:56: lib] Error 2
make[2]: Leaving directory '/<<PKGBUILDDIR>>/src'
make[1]: *** [Makefile:47: all] Error 2
make[1]: Leaving directory '/<<PKGBUILDDIR>>'
dh_auto_build: error: make -j4 returned exit code 2
make: *** [debian/rules:6: build] Error 25
dpkg-buildpackage: error: debian/rules build subprocess returned exit status 2
--------------------------------------------------------------------------------
Build finished at 2020-10-29T20:07:49Z

Finished
--------


+------------------------------------------------------------------------------+
| Cleanup                                                                      |
+------------------------------------------------------------------------------+

Purging /<<BUILDDIR>>
Not cleaning session: cloned chroot in use
E: Build failure (dpkg-buildpackage died)

+------------------------------------------------------------------------------+
| Summary                                                                      |
+------------------------------------------------------------------------------+

Build Architecture: amd64
Build Type: binary
Build-Space: 4364
Build-Time: 11
Distribution: unstable
Fail-Stage: build
Host Architecture: amd64
Install-Time: 5
Job: xprobe_0.3-4
Machine Architecture: amd64
Package: xprobe
Package-Time: 34
Source-Version: 0.3-4
Space: 4364
Status: attempted
Version: 0.3-4
--------------------------------------------------------------------------------
Finished at 2020-10-29T20:07:49Z
Build needed 00:00:34, 4364k disk space
E: Build failure (dpkg-buildpackage died)
DC-Status: Failed 34.233249539s
