DC-Build-Header: atlas 3.10.3-1 / 2016-08-29 16:12:26 +0000
DC-Task: type:rebuild-binarch-only source:atlas version:3.10.3-1 chroot:unstable esttime:654 logfile:/tmp/atlas_3.10.3-1_unstable_clang3.8.log modes:clang:binarch-only
DC-Sbuild-call: su user42 -c 'sbuild -n --arch-any --apt-update -d unstable -v  --chroot-setup-commands=/tmp/clang atlas_3.10.3-1'
sbuild (Debian sbuild) 0.70.0 (03 Aug 2016) on ip-172-31-11-255.eu-central-1.compute.internal

+==============================================================================+
| atlas 3.10.3-1 (amd64)                       Mon, 29 Aug 2016 16:12:26 +0000 |
+==============================================================================+

Package: atlas
Version: 3.10.3-1
Source Version: 3.10.3-1
Distribution: unstable
Machine Architecture: amd64
Host Architecture: amd64
Build Architecture: amd64

I: NOTICE: Log filtering will replace 'var/lib/schroot/mount/unstable-amd64-sbuild-60c6f6d4-0011-4dfb-9e20-1cc4903b2e87' with '<<CHROOT>>'

+------------------------------------------------------------------------------+
| Chroot Setup Commands                                                        |
+------------------------------------------------------------------------------+


/tmp/clang
----------

+ echo 'Entering customization script...'
Entering customization script...
+ CLANG_VERSION=3.8
+ echo 'Install of clang-3.8'
Install of clang-3.8
+ apt-get update
Get:1 http://127.0.0.1:9999/debian unstable InRelease [209 kB]
Get:2 http://127.0.0.1:9999/debian unstable/main Sources.diff/Index [27.9 kB]
Get:3 http://127.0.0.1:9999/debian unstable/main amd64 Packages.diff/Index [27.9 kB]
Get:4 http://127.0.0.1:9999/debian unstable/main Translation-en [5451 kB]
Get:5 http://127.0.0.1:9999/debian unstable/main Sources 2016-08-29-0319.00.pdiff [16.7 kB]
Get:6 http://127.0.0.1:9999/debian unstable/main Sources 2016-08-29-0916.07.pdiff [5442 B]
Get:6 http://127.0.0.1:9999/debian unstable/main Sources 2016-08-29-0916.07.pdiff [5442 B]
Get:7 http://127.0.0.1:9999/debian unstable/main amd64 Packages 2016-08-29-0319.00.pdiff [13.2 kB]
Get:8 http://127.0.0.1:9999/debian unstable/main amd64 Packages 2016-08-29-0916.07.pdiff [3300 B]
Get:8 http://127.0.0.1:9999/debian unstable/main amd64 Packages 2016-08-29-0916.07.pdiff [3300 B]
Fetched 5755 kB in 2s (2043 kB/s)
Reading package lists...
W: No sandbox user '_apt' on the system, can not drop privileges
+ apt-get install --yes --no-install-recommends --force-yes clang-3.8
Reading package lists...
Building dependency tree...
Reading state information...
The following additional packages will be installed:
  libbsd0 libclang-common-3.8-dev libclang1-3.8 libedit2 libffi6 libllvm3.8
  libobjc-6-dev libobjc4
Suggested packages:
  gnustep gnustep-devel clang-3.8-doc
Recommended packages:
  llvm-3.8-dev python
The following NEW packages will be installed:
  clang-3.8 libbsd0 libclang-common-3.8-dev libclang1-3.8 libedit2 libffi6
  libllvm3.8 libobjc-6-dev libobjc4
0 upgraded, 9 newly installed, 0 to remove and 1 not upgraded.
Need to get 38.3 MB of archives.
After this operation, 162 MB of additional disk space will be used.
Get:1 http://127.0.0.1:9999/debian unstable/main amd64 libbsd0 amd64 0.8.3-1 [83.0 kB]
Get:2 http://127.0.0.1:9999/debian unstable/main amd64 libedit2 amd64 3.1-20150325-1+b1 [85.2 kB]
Get:3 http://127.0.0.1:9999/debian unstable/main amd64 libffi6 amd64 3.2.1-4 [20.4 kB]
Get:4 http://127.0.0.1:9999/debian unstable/main amd64 libllvm3.8 amd64 1:3.8.1-9 [10.3 MB]
Get:5 http://127.0.0.1:9999/debian unstable/main amd64 libobjc4 amd64 6.2.0-1 [110 kB]
Get:6 http://127.0.0.1:9999/debian unstable/main amd64 libobjc-6-dev amd64 6.2.0-1 [394 kB]
Get:7 http://127.0.0.1:9999/debian unstable/main amd64 libclang1-3.8 amd64 1:3.8.1-9 [4188 kB]
Get:8 http://127.0.0.1:9999/debian unstable/main amd64 libclang-common-3.8-dev amd64 1:3.8.1-9 [1477 kB]
Get:9 http://127.0.0.1:9999/debian unstable/main amd64 clang-3.8 amd64 1:3.8.1-9 [21.6 MB]
debconf: delaying package configuration, since apt-utils is not installed
Fetched 38.3 MB in 1s (25.8 MB/s)
Selecting previously unselected package libbsd0:amd64.
(Reading database ... (Reading database ... 5%(Reading database ... 10%(Reading database ... 15%(Reading database ... 20%(Reading database ... 25%(Reading database ... 30%(Reading database ... 35%(Reading database ... 40%(Reading database ... 45%(Reading database ... 50%(Reading database ... 55%(Reading database ... 60%(Reading database ... 65%(Reading database ... 70%(Reading database ... 75%(Reading database ... 80%(Reading database ... 85%(Reading database ... 90%(Reading database ... 95%(Reading database ... 100%(Reading database ... 9446 files and directories currently installed.)
Preparing to unpack .../0-libbsd0_0.8.3-1_amd64.deb ...
Unpacking libbsd0:amd64 (0.8.3-1) ...
Selecting previously unselected package libedit2:amd64.
Preparing to unpack .../1-libedit2_3.1-20150325-1+b1_amd64.deb ...
Unpacking libedit2:amd64 (3.1-20150325-1+b1) ...
Selecting previously unselected package libffi6:amd64.
Preparing to unpack .../2-libffi6_3.2.1-4_amd64.deb ...
Unpacking libffi6:amd64 (3.2.1-4) ...
Selecting previously unselected package libllvm3.8:amd64.
Preparing to unpack .../3-libllvm3.8_1%3a3.8.1-9_amd64.deb ...
Unpacking libllvm3.8:amd64 (1:3.8.1-9) ...
Selecting previously unselected package libobjc4:amd64.
Preparing to unpack .../4-libobjc4_6.2.0-1_amd64.deb ...
Unpacking libobjc4:amd64 (6.2.0-1) ...
Selecting previously unselected package libobjc-6-dev:amd64.
Preparing to unpack .../5-libobjc-6-dev_6.2.0-1_amd64.deb ...
Unpacking libobjc-6-dev:amd64 (6.2.0-1) ...
Selecting previously unselected package libclang1-3.8:amd64.
Preparing to unpack .../6-libclang1-3.8_1%3a3.8.1-9_amd64.deb ...
Unpacking libclang1-3.8:amd64 (1:3.8.1-9) ...
Selecting previously unselected package libclang-common-3.8-dev.
Preparing to unpack .../7-libclang-common-3.8-dev_1%3a3.8.1-9_amd64.deb ...
Unpacking libclang-common-3.8-dev (1:3.8.1-9) ...
Selecting previously unselected package clang-3.8.
Preparing to unpack .../8-clang-3.8_1%3a3.8.1-9_amd64.deb ...
Unpacking clang-3.8 (1:3.8.1-9) ...
Setting up libobjc4:amd64 (6.2.0-1) ...
Setting up libbsd0:amd64 (0.8.3-1) ...
Processing triggers for libc-bin (2.23-5) ...
Setting up libobjc-6-dev:amd64 (6.2.0-1) ...
Setting up libffi6:amd64 (3.2.1-4) ...
Setting up libedit2:amd64 (3.1-20150325-1+b1) ...
Setting up libllvm3.8:amd64 (1:3.8.1-9) ...
Setting up libclang-common-3.8-dev (1:3.8.1-9) ...
Setting up libclang1-3.8:amd64 (1:3.8.1-9) ...
Setting up clang-3.8 (1:3.8.1-9) ...
Processing triggers for libc-bin (2.23-5) ...
W: --force-yes is deprecated, use one of the options starting with --allow instead.
W: No sandbox user '_apt' on the system, can not drop privileges
+ echo 'Replace gcc, g++ & cpp by clang'
Replace gcc, g++ & cpp by clang
+ VERSIONS='4.6 4.7 4.8 4.9 5 6'
+ cd /usr/bin
+ for VERSION in '$VERSIONS'
+ rm -f g++-4.6 gcc-4.6 cpp-4.6 gcc
+ ln -s clang++-3.8 g++-4.6
+ ln -s clang-3.8 gcc-4.6
+ ln -s clang-3.8 cpp-4.6
+ ln -s clang-3.8 gcc
+ echo 'gcc-4.6 hold'
+ dpkg --set-selections
dpkg: warning: package not in database at line 1: gcc-4.6
dpkg: warning: found unknown packages; this might mean the available database
is outdated, and needs to be updated through a frontend method
+ echo 'g++-4.6 hold'
+ dpkg --set-selections
dpkg: warning: package not in database at line 1: g++-4.6
dpkg: warning: found unknown packages; this might mean the available database
is outdated, and needs to be updated through a frontend method
+ for VERSION in '$VERSIONS'
+ rm -f g++-4.7 gcc-4.7 cpp-4.7 gcc
+ ln -s clang++-3.8 g++-4.7
+ ln -s clang-3.8 gcc-4.7
+ ln -s clang-3.8 cpp-4.7
+ ln -s clang-3.8 gcc
+ echo 'gcc-4.7 hold'
+ dpkg --set-selections
dpkg: warning: package not in database at line 1: gcc-4.7
dpkg: warning: found unknown packages; this might mean the available database
is outdated, and needs to be updated through a frontend method
+ echo 'g++-4.7 hold'
+ dpkg --set-selections
dpkg: warning: package not in database at line 1: g++-4.7
dpkg: warning: found unknown packages; this might mean the available database
is outdated, and needs to be updated through a frontend method
+ for VERSION in '$VERSIONS'
+ rm -f g++-4.8 gcc-4.8 cpp-4.8 gcc
+ ln -s clang++-3.8 g++-4.8
+ ln -s clang-3.8 gcc-4.8
+ ln -s clang-3.8 cpp-4.8
+ ln -s clang-3.8 gcc
+ echo 'gcc-4.8 hold'
+ dpkg --set-selections
dpkg: warning: package not in database at line 1: gcc-4.8
dpkg: warning: found unknown packages; this might mean the available database
is outdated, and needs to be updated through a frontend method
+ echo 'g++-4.8 hold'
+ dpkg --set-selections
dpkg: warning: package not in database at line 1: g++-4.8
dpkg: warning: found unknown packages; this might mean the available database
is outdated, and needs to be updated through a frontend method
+ for VERSION in '$VERSIONS'
+ rm -f g++-4.9 gcc-4.9 cpp-4.9 gcc
+ ln -s clang++-3.8 g++-4.9
+ ln -s clang-3.8 gcc-4.9
+ ln -s clang-3.8 cpp-4.9
+ ln -s clang-3.8 gcc
+ echo 'gcc-4.9 hold'
+ dpkg --set-selections
dpkg: warning: package not in database at line 1: gcc-4.9
dpkg: warning: found unknown packages; this might mean the available database
is outdated, and needs to be updated through a frontend method
+ echo 'g++-4.9 hold'
+ dpkg --set-selections
dpkg: warning: package not in database at line 1: g++-4.9
dpkg: warning: found unknown packages; this might mean the available database
is outdated, and needs to be updated through a frontend method
+ for VERSION in '$VERSIONS'
+ rm -f g++-5 gcc-5 cpp-5 gcc
+ ln -s clang++-3.8 g++-5
+ ln -s clang-3.8 gcc-5
+ ln -s clang-3.8 cpp-5
+ ln -s clang-3.8 gcc
+ echo 'gcc-5 hold'
+ dpkg --set-selections
+ echo 'g++-5 hold'
+ dpkg --set-selections
+ for VERSION in '$VERSIONS'
+ rm -f g++-6 gcc-6 cpp-6 gcc
+ ln -s clang++-3.8 g++-6
+ ln -s clang-3.8 gcc-6
+ ln -s clang-3.8 cpp-6
+ ln -s clang-3.8 gcc
+ echo 'gcc-6 hold'
+ dpkg --set-selections
+ echo 'g++-6 hold'
+ dpkg --set-selections
+ cd -
/build/atlas-oU3eoV
+ echo 'Check if gcc, g++ & cpp are actually clang'
Check if gcc, g++ & cpp are actually clang
+ gcc --version
+ grep clang
+ cpp --version
+ grep clang
+ g++ --version
+ grep clang

I: Finished running '/tmp/clang'.

Finished processing commands.
--------------------------------------------------------------------------------

+------------------------------------------------------------------------------+
| Update chroot                                                                |
+------------------------------------------------------------------------------+

Hit:1 http://127.0.0.1:9999/debian unstable InRelease
Reading package lists...
W: No sandbox user '_apt' on the system, can not drop privileges
Reading package lists...
Building dependency tree...
Reading state information...
Calculating upgrade...
The following packages will be upgraded:
  linux-libc-dev
1 upgraded, 0 newly installed, 0 to remove and 0 not upgraded.
Need to get 1158 kB of archives.
After this operation, 60.4 kB of additional disk space will be used.
Get:1 http://127.0.0.1:9999/debian unstable/main amd64 linux-libc-dev amd64 4.7.2-1 [1158 kB]
debconf: delaying package configuration, since apt-utils is not installed
Fetched 1158 kB in 0s (70.0 MB/s)
(Reading database ... (Reading database ... 5%(Reading database ... 10%(Reading database ... 15%(Reading database ... 20%(Reading database ... 25%(Reading database ... 30%(Reading database ... 35%(Reading database ... 40%(Reading database ... 45%(Reading database ... 50%(Reading database ... 55%(Reading database ... 60%(Reading database ... 65%(Reading database ... 70%(Reading database ... 75%(Reading database ... 80%(Reading database ... 85%(Reading database ... 90%(Reading database ... 95%(Reading database ... 100%(Reading database ... 9769 files and directories currently installed.)
Preparing to unpack .../linux-libc-dev_4.7.2-1_amd64.deb ...
Unpacking linux-libc-dev:amd64 (4.7.2-1) over (4.6.4-1) ...
Setting up linux-libc-dev:amd64 (4.7.2-1) ...
W: No sandbox user '_apt' on the system, can not drop privileges

+------------------------------------------------------------------------------+
| Fetch source files                                                           |
+------------------------------------------------------------------------------+


Check APT
---------

Checking available source versions...

Download source files with APT
------------------------------

Reading package lists...
NOTICE: 'atlas' packaging is maintained in the 'Git' version control system at:
https://anonscm.debian.org/git/debian-science/packages/atlas.git
Please use:
git clone https://anonscm.debian.org/git/debian-science/packages/atlas.git
to retrieve the latest (possibly unreleased) updates to the package.
Need to get 3927 kB of source archives.
Get:1 http://127.0.0.1:9999/debian unstable/main atlas 3.10.3-1 (dsc) [2357 B]
Get:2 http://127.0.0.1:9999/debian unstable/main atlas 3.10.3-1 (tar) [3805 kB]
Get:3 http://127.0.0.1:9999/debian unstable/main atlas 3.10.3-1 (diff) [119 kB]
Fetched 3927 kB in 0s (16.4 MB/s)
Download complete and in download only mode
I: NOTICE: Log filtering will replace 'build/atlas-oU3eoV/atlas-3.10.3' with '<<PKGBUILDDIR>>'
I: NOTICE: Log filtering will replace 'build/atlas-oU3eoV' with '<<BUILDDIR>>'

+------------------------------------------------------------------------------+
| Install build-essential                                                      |
+------------------------------------------------------------------------------+


Setup apt archive
-----------------

Merged Build-Depends: build-essential, fakeroot
Filtered Build-Depends: build-essential, fakeroot
dpkg-deb: building package 'sbuild-build-depends-core-dummy' in '/<<BUILDDIR>>/resolver-DybV1r/apt_archive/sbuild-build-depends-core-dummy.deb'.
dpkg-scanpackages: warning: Packages in archive but missing from override file:
dpkg-scanpackages: warning:   sbuild-build-depends-core-dummy
dpkg-scanpackages: info: Wrote 1 entries to output Packages file.
Ign:1 copy:/<<BUILDDIR>>/resolver-DybV1r/apt_archive ./ InRelease
Get:2 copy:/<<BUILDDIR>>/resolver-DybV1r/apt_archive ./ Release [957 B]
Ign:3 copy:/<<BUILDDIR>>/resolver-DybV1r/apt_archive ./ Release.gpg
Get:4 copy:/<<BUILDDIR>>/resolver-DybV1r/apt_archive ./ Sources [349 B]
Get:5 copy:/<<BUILDDIR>>/resolver-DybV1r/apt_archive ./ Packages [431 B]
Fetched 1737 B in 0s (0 B/s)
Reading package lists...
W: No sandbox user '_apt' on the system, can not drop privileges
Reading package lists...

Install core build dependencies (apt-based resolver)
----------------------------------------------------

Installing build dependencies
Reading package lists...
Building dependency tree...
Reading state information...
The following NEW packages will be installed:
  sbuild-build-depends-core-dummy
0 upgraded, 1 newly installed, 0 to remove and 0 not upgraded.
Need to get 774 B of archives.
After this operation, 0 B of additional disk space will be used.
Get:1 copy:/<<BUILDDIR>>/resolver-DybV1r/apt_archive ./ sbuild-build-depends-core-dummy 0.invalid.0 [774 B]
debconf: delaying package configuration, since apt-utils is not installed
Fetched 774 B in 0s (0 B/s)
Selecting previously unselected package sbuild-build-depends-core-dummy.
(Reading database ... 9775 files and directories currently installed.)
Preparing to unpack .../sbuild-build-depends-core-dummy_0.invalid.0_amd64.deb ...
Unpacking sbuild-build-depends-core-dummy (0.invalid.0) ...
Setting up sbuild-build-depends-core-dummy (0.invalid.0) ...
W: No sandbox user '_apt' on the system, can not drop privileges

+------------------------------------------------------------------------------+
| Check architectures                                                          |
+------------------------------------------------------------------------------+

Arch check ok (amd64 included in any all)

+------------------------------------------------------------------------------+
| Install package build dependencies                                           |
+------------------------------------------------------------------------------+


Setup apt archive
-----------------

Merged Build-Depends: debhelper (>= 9), patch, gfortran, cdbs, libblas-dev (>= 1.2.20110419-3), liblapack-dev (>= 3.4.1), liblapack-pic (>= 3.4.1), libblas-test, texlive-latex-base, ghostscript, cpufrequtils
Filtered Build-Depends: debhelper (>= 9), patch, gfortran, cdbs, libblas-dev (>= 1.2.20110419-3), liblapack-dev (>= 3.4.1), liblapack-pic (>= 3.4.1), libblas-test, texlive-latex-base, ghostscript, cpufrequtils
dpkg-deb: building package 'sbuild-build-depends-atlas-dummy' in '/<<BUILDDIR>>/resolver-NB2puk/apt_archive/sbuild-build-depends-atlas-dummy.deb'.
dpkg-scanpackages: warning: Packages in archive but missing from override file:
dpkg-scanpackages: warning:   sbuild-build-depends-atlas-dummy
dpkg-scanpackages: info: Wrote 1 entries to output Packages file.
Ign:1 copy:/<<BUILDDIR>>/resolver-NB2puk/apt_archive ./ InRelease
Get:2 copy:/<<BUILDDIR>>/resolver-NB2puk/apt_archive ./ Release [957 B]
Ign:3 copy:/<<BUILDDIR>>/resolver-NB2puk/apt_archive ./ Release.gpg
Get:4 copy:/<<BUILDDIR>>/resolver-NB2puk/apt_archive ./ Sources [431 B]
Get:5 copy:/<<BUILDDIR>>/resolver-NB2puk/apt_archive ./ Packages [521 B]
Fetched 1909 B in 0s (0 B/s)
Reading package lists...
W: No sandbox user '_apt' on the system, can not drop privileges
Reading package lists...

Install atlas build dependencies (apt-based resolver)
-----------------------------------------------------

Installing build dependencies
Reading package lists...
Building dependency tree...
Reading state information...
The following additional packages will be installed:
  autoconf automake autopoint autotools-dev bsdmainutils cdbs cpufrequtils
  debhelper dh-autoreconf dh-strip-nondeterminism file fontconfig-config
  fonts-dejavu-core gettext gettext-base gfortran gfortran-6 ghostscript
  groff-base intltool-debian libarchive-zip-perl libavahi-client3
  libavahi-common-data libavahi-common3 libblas-common libblas-dev
  libblas-test libblas3 libcairo2 libcpufreq0 libcroco3 libcups2
  libcupsfilters1 libcupsimage2 libdbus-1-3 libexpat1
  libfile-stripnondeterminism-perl libfontconfig1 libfreetype6
  libgfortran-6-dev libgfortran3 libglib2.0-0 libgnutls30 libgraphite2-3
  libgs9 libgs9-common libgssapi-krb5-2 libharfbuzz-icu0 libharfbuzz0b
  libhogweed4 libice6 libicu57 libidn11 libijs-0.35 libjbig0 libjbig2dec0
  libjpeg62-turbo libk5crypto3 libkeyutils1 libkpathsea6 libkrb5-3
  libkrb5support0 liblapack-dev liblapack-pic liblapack3 liblcms2-2
  libldap-2.4-2 libmagic-mgc libmagic1 libnettle6 libnspr4 libnss3
  libopenjp2-7 libp11-kit0 libpaper-utils libpaper1 libpipeline1 libpixman-1-0
  libpng16-16 libpoppler61 libpotrace0 libptexenc1 libsasl2-2
  libsasl2-modules-db libsigsegv2 libsm6 libsqlite3-0 libsynctex1 libtasn1-6
  libtexlua52 libtexluajit2 libtiff5 libtimedate-perl libtool libunistring0
  libx11-6 libx11-data libxau6 libxaw7 libxcb-render0 libxcb-shm0 libxcb1
  libxdmcp6 libxext6 libxi6 libxml2 libxmu6 libxpm4 libxrender1 libxt6
  libzzip-0-13 lsb-base m4 man-db po-debconf poppler-data t1utils tex-common
  texlive-base texlive-binaries texlive-latex-base ucf x11-common xdg-utils
Suggested packages:
  autoconf-archive gnu-standards autoconf-doc wamerican | wordlist whois
  vacation devscripts dh-make gettext-doc libasprintf-dev libgettextpo-dev
  gfortran-multilib gfortran-doc gfortran-6-multilib gfortran-6-doc
  libgfortran3-dbg libcoarrays-dev ghostscript-x groff liblapack-doc-man
  liblapack-doc cups-common gnutls-bin krb5-doc krb5-user liblcms2-utils
  libtool-doc gcj-jdk less www-browser libmail-box-perl poppler-utils
  fonts-japanese-mincho | fonts-ipafont-mincho fonts-japanese-gothic
  | fonts-ipafont-gothic fonts-arphic-ukai fonts-arphic-uming fonts-nanum
  perl-tk xpdf-reader | pdf-viewer gvfs-bin
Recommended packages:
  curl | wget | lynx-cur gsfonts dbus libglib2.0-data shared-mime-info
  xdg-user-dirs fonts-droid-fallback krb5-locales libsasl2-modules libltdl-dev
  xml-core libmail-sendmail-perl lmodern python ruby wish
  texlive-latex-base-doc libfile-mimeinfo-perl libnet-dbus-perl
  libx11-protocol-perl x11-utils x11-xserver-utils
The following NEW packages will be installed:
  autoconf automake autopoint autotools-dev bsdmainutils cdbs cpufrequtils
  debhelper dh-autoreconf dh-strip-nondeterminism file fontconfig-config
  fonts-dejavu-core gettext gettext-base gfortran gfortran-6 ghostscript
  groff-base intltool-debian libarchive-zip-perl libavahi-client3
  libavahi-common-data libavahi-common3 libblas-common libblas-dev
  libblas-test libblas3 libcairo2 libcpufreq0 libcroco3 libcups2
  libcupsfilters1 libcupsimage2 libdbus-1-3 libexpat1
  libfile-stripnondeterminism-perl libfontconfig1 libfreetype6
  libgfortran-6-dev libgfortran3 libglib2.0-0 libgnutls30 libgraphite2-3
  libgs9 libgs9-common libgssapi-krb5-2 libharfbuzz-icu0 libharfbuzz0b
  libhogweed4 libice6 libicu57 libidn11 libijs-0.35 libjbig0 libjbig2dec0
  libjpeg62-turbo libk5crypto3 libkeyutils1 libkpathsea6 libkrb5-3
  libkrb5support0 liblapack-dev liblapack-pic liblapack3 liblcms2-2
  libldap-2.4-2 libmagic-mgc libmagic1 libnettle6 libnspr4 libnss3
  libopenjp2-7 libp11-kit0 libpaper-utils libpaper1 libpipeline1 libpixman-1-0
  libpng16-16 libpoppler61 libpotrace0 libptexenc1 libsasl2-2
  libsasl2-modules-db libsigsegv2 libsm6 libsqlite3-0 libsynctex1 libtasn1-6
  libtexlua52 libtexluajit2 libtiff5 libtimedate-perl libtool libunistring0
  libx11-6 libx11-data libxau6 libxaw7 libxcb-render0 libxcb-shm0 libxcb1
  libxdmcp6 libxext6 libxi6 libxml2 libxmu6 libxpm4 libxrender1 libxt6
  libzzip-0-13 lsb-base m4 man-db po-debconf poppler-data
  sbuild-build-depends-atlas-dummy t1utils tex-common texlive-base
  texlive-binaries texlive-latex-base ucf x11-common xdg-utils
0 upgraded, 125 newly installed, 0 to remove and 0 not upgraded.
Need to get 104 MB of archives.
After this operation, 412 MB of additional disk space will be used.
Get:1 copy:/<<BUILDDIR>>/resolver-NB2puk/apt_archive ./ sbuild-build-depends-atlas-dummy 0.invalid.0 [866 B]
Get:2 http://127.0.0.1:9999/debian unstable/main amd64 groff-base amd64 1.22.3-8 [1162 kB]
Get:3 http://127.0.0.1:9999/debian unstable/main amd64 bsdmainutils amd64 9.0.10 [184 kB]
Get:4 http://127.0.0.1:9999/debian unstable/main amd64 libpipeline1 amd64 1.4.1-2 [27.6 kB]
Get:5 http://127.0.0.1:9999/debian unstable/main amd64 man-db amd64 2.7.5-1 [1003 kB]
Get:6 http://127.0.0.1:9999/debian unstable/main amd64 lsb-base all 9.20160629 [27.6 kB]
Get:7 http://127.0.0.1:9999/debian unstable/main amd64 x11-common all 1:7.7+16 [251 kB]
Get:8 http://127.0.0.1:9999/debian unstable/main amd64 libice6 amd64 2:1.0.9-1+b1 [58.8 kB]
Get:9 http://127.0.0.1:9999/debian unstable/main amd64 ucf all 3.0036 [70.2 kB]
Get:10 http://127.0.0.1:9999/debian unstable/main amd64 libpaper1 amd64 1.1.24+nmu4 [22.0 kB]
Get:11 http://127.0.0.1:9999/debian unstable/main amd64 libsm6 amd64 2:1.2.2-1+b1 [33.6 kB]
Get:12 http://127.0.0.1:9999/debian unstable/main amd64 libxau6 amd64 1:1.0.8-1 [20.7 kB]
Get:13 http://127.0.0.1:9999/debian unstable/main amd64 libxdmcp6 amd64 1:1.1.2-1.1 [26.2 kB]
Get:14 http://127.0.0.1:9999/debian unstable/main amd64 libxcb1 amd64 1.11.1-1.1 [45.3 kB]
Get:15 http://127.0.0.1:9999/debian unstable/main amd64 libx11-data all 2:1.6.3-1 [128 kB]
Get:16 http://127.0.0.1:9999/debian unstable/main amd64 libx11-6 amd64 2:1.6.3-1 [742 kB]
Get:17 http://127.0.0.1:9999/debian unstable/main amd64 libxext6 amd64 2:1.3.3-1 [52.7 kB]
Get:18 http://127.0.0.1:9999/debian unstable/main amd64 libxpm4 amd64 1:3.5.11-1+b1 [48.1 kB]
Get:19 http://127.0.0.1:9999/debian unstable/main amd64 libzzip-0-13 amd64 0.13.62-3 [55.5 kB]
Get:20 http://127.0.0.1:9999/debian unstable/main amd64 poppler-data all 0.4.7-7 [1466 kB]
Get:21 http://127.0.0.1:9999/debian unstable/main amd64 libjbig0 amd64 2.1-3.1 [30.7 kB]
Get:22 http://127.0.0.1:9999/debian unstable/main amd64 libmagic-mgc amd64 1:5.28-4 [210 kB]
Get:23 http://127.0.0.1:9999/debian unstable/main amd64 libmagic1 amd64 1:5.28-4 [109 kB]
Get:24 http://127.0.0.1:9999/debian unstable/main amd64 file amd64 1:5.28-4 [62.9 kB]
Get:25 http://127.0.0.1:9999/debian unstable/main amd64 gettext-base amd64 0.19.8.1-1 [121 kB]
Get:26 http://127.0.0.1:9999/debian unstable/main amd64 libnettle6 amd64 3.2-1 [191 kB]
Get:27 http://127.0.0.1:9999/debian unstable/main amd64 libhogweed4 amd64 3.2-1 [136 kB]
Get:28 http://127.0.0.1:9999/debian unstable/main amd64 libidn11 amd64 1.33-1 [115 kB]
Get:29 http://127.0.0.1:9999/debian unstable/main amd64 libp11-kit0 amd64 0.23.2-5 [111 kB]
Get:30 http://127.0.0.1:9999/debian unstable/main amd64 libtasn1-6 amd64 4.9-4 [50.0 kB]
Get:31 http://127.0.0.1:9999/debian unstable/main amd64 libgnutls30 amd64 3.5.3-3 [801 kB]
Get:32 http://127.0.0.1:9999/debian unstable/main amd64 libkeyutils1 amd64 1.5.9-9 [12.4 kB]
Get:33 http://127.0.0.1:9999/debian unstable/main amd64 libkrb5support0 amd64 1.14.3+dfsg-1 [61.0 kB]
Get:34 http://127.0.0.1:9999/debian unstable/main amd64 libk5crypto3 amd64 1.14.3+dfsg-1 [115 kB]
Get:35 http://127.0.0.1:9999/debian unstable/main amd64 libkrb5-3 amd64 1.14.3+dfsg-1 [311 kB]
Get:36 http://127.0.0.1:9999/debian unstable/main amd64 libgssapi-krb5-2 amd64 1.14.3+dfsg-1 [154 kB]
Get:37 http://127.0.0.1:9999/debian unstable/main amd64 libsasl2-modules-db amd64 2.1.26.dfsg1-15 [66.9 kB]
Get:38 http://127.0.0.1:9999/debian unstable/main amd64 libsasl2-2 amd64 2.1.26.dfsg1-15 [103 kB]
Get:39 http://127.0.0.1:9999/debian unstable/main amd64 libldap-2.4-2 amd64 2.4.42+dfsg-2+b2 [222 kB]
Get:40 http://127.0.0.1:9999/debian unstable/main amd64 libsqlite3-0 amd64 3.14.1-1 [559 kB]
Get:41 http://127.0.0.1:9999/debian unstable/main amd64 libicu57 amd64 57.1-3 [7676 kB]
Get:42 http://127.0.0.1:9999/debian unstable/main amd64 libxml2 amd64 2.9.4+dfsg1-1+b1 [919 kB]
Get:43 http://127.0.0.1:9999/debian unstable/main amd64 libsigsegv2 amd64 2.10-5 [28.9 kB]
Get:44 http://127.0.0.1:9999/debian unstable/main amd64 m4 amd64 1.4.17-5 [255 kB]
Get:45 http://127.0.0.1:9999/debian unstable/main amd64 autoconf all 2.69-10 [338 kB]
Get:46 http://127.0.0.1:9999/debian unstable/main amd64 autotools-dev all 20160430.1 [72.6 kB]
Get:47 http://127.0.0.1:9999/debian unstable/main amd64 automake all 1:1.15-4 [735 kB]
Get:48 http://127.0.0.1:9999/debian unstable/main amd64 autopoint all 0.19.8.1-1 [433 kB]
Get:49 http://127.0.0.1:9999/debian unstable/main amd64 cdbs all 0.4.143 [80.9 kB]
Get:50 http://127.0.0.1:9999/debian unstable/main amd64 libcpufreq0 amd64 008-1 [15.4 kB]
Get:51 http://127.0.0.1:9999/debian unstable/main amd64 cpufrequtils amd64 008-1 [41.5 kB]
Get:52 http://127.0.0.1:9999/debian unstable/main amd64 libglib2.0-0 amd64 2.48.1-3 [2707 kB]
Get:53 http://127.0.0.1:9999/debian unstable/main amd64 libcroco3 amd64 0.6.11-1 [143 kB]
Get:54 http://127.0.0.1:9999/debian unstable/main amd64 libunistring0 amd64 0.9.6+really0.9.3-0.1 [279 kB]
Get:55 http://127.0.0.1:9999/debian unstable/main amd64 gettext amd64 0.19.8.1-1 [1493 kB]
Get:56 http://127.0.0.1:9999/debian unstable/main amd64 intltool-debian all 0.35.0+20060710.4 [26.3 kB]
Get:57 http://127.0.0.1:9999/debian unstable/main amd64 po-debconf all 1.0.19 [249 kB]
Get:58 http://127.0.0.1:9999/debian unstable/main amd64 libarchive-zip-perl all 1.59-1 [95.5 kB]
Get:59 http://127.0.0.1:9999/debian unstable/main amd64 libfile-stripnondeterminism-perl all 0.023-2 [13.4 kB]
Get:60 http://127.0.0.1:9999/debian unstable/main amd64 libtimedate-perl all 2.3000-2 [42.2 kB]
Get:61 http://127.0.0.1:9999/debian unstable/main amd64 dh-strip-nondeterminism all 0.023-2 [8202 B]
Get:62 http://127.0.0.1:9999/debian unstable/main amd64 libtool all 2.4.6-2 [545 kB]
Get:63 http://127.0.0.1:9999/debian unstable/main amd64 dh-autoreconf all 12 [15.8 kB]
Get:64 http://127.0.0.1:9999/debian unstable/main amd64 debhelper all 9.20160814 [800 kB]
Get:65 http://127.0.0.1:9999/debian unstable/main amd64 fonts-dejavu-core all 2.37-1 [1068 kB]
Get:66 http://127.0.0.1:9999/debian unstable/main amd64 fontconfig-config all 2.11.0-6.7 [271 kB]
Get:67 http://127.0.0.1:9999/debian unstable/main amd64 libgfortran3 amd64 6.2.0-1 [264 kB]
Get:68 http://127.0.0.1:9999/debian unstable/main amd64 libgfortran-6-dev amd64 6.2.0-1 [295 kB]
Get:69 http://127.0.0.1:9999/debian unstable/main amd64 gfortran-6 amd64 6.2.0-1 [31.7 MB]
Get:70 http://127.0.0.1:9999/debian unstable/main amd64 gfortran amd64 4:6.1.1-1 [1352 B]
Get:71 http://127.0.0.1:9999/debian unstable/main amd64 libavahi-common-data amd64 0.6.32-1 [118 kB]
Get:72 http://127.0.0.1:9999/debian unstable/main amd64 libavahi-common3 amd64 0.6.32-1 [52.1 kB]
Get:73 http://127.0.0.1:9999/debian unstable/main amd64 libdbus-1-3 amd64 1.10.10-1 [190 kB]
Get:74 http://127.0.0.1:9999/debian unstable/main amd64 libavahi-client3 amd64 0.6.32-1 [55.4 kB]
Get:75 http://127.0.0.1:9999/debian unstable/main amd64 libcups2 amd64 2.1.4-4 [299 kB]
Get:76 http://127.0.0.1:9999/debian unstable/main amd64 libjpeg62-turbo amd64 1:1.5.0-1 [132 kB]
Get:77 http://127.0.0.1:9999/debian unstable/main amd64 libpng16-16 amd64 1.6.24-2 [279 kB]
Get:78 http://127.0.0.1:9999/debian unstable/main amd64 libtiff5 amd64 4.0.6-2 [222 kB]
Get:79 http://127.0.0.1:9999/debian unstable/main amd64 libcupsfilters1 amd64 1.10.0-1 [126 kB]
Get:80 http://127.0.0.1:9999/debian unstable/main amd64 libcupsimage2 amd64 2.1.4-4 [120 kB]
Get:81 http://127.0.0.1:9999/debian unstable/main amd64 libexpat1 amd64 2.2.0-1 [82.0 kB]
Get:82 http://127.0.0.1:9999/debian unstable/main amd64 libfreetype6 amd64 2.6.3-3+b1 [437 kB]
Get:83 http://127.0.0.1:9999/debian unstable/main amd64 libfontconfig1 amd64 2.11.0-6.7 [331 kB]
Get:84 http://127.0.0.1:9999/debian unstable/main amd64 libijs-0.35 amd64 0.35-12 [18.4 kB]
Get:85 http://127.0.0.1:9999/debian unstable/main amd64 libjbig2dec0 amd64 0.13-3 [59.8 kB]
Get:86 http://127.0.0.1:9999/debian unstable/main amd64 liblcms2-2 amd64 2.7-1 [140 kB]
Get:87 http://127.0.0.1:9999/debian unstable/main amd64 libopenjp2-7 amd64 2.1.1-1 [120 kB]
Get:88 http://127.0.0.1:9999/debian unstable/main amd64 libgs9-common all 9.19~dfsg-2 [3030 kB]
Get:89 http://127.0.0.1:9999/debian unstable/main amd64 libgs9 amd64 9.19~dfsg-2 [2067 kB]
Get:90 http://127.0.0.1:9999/debian unstable/main amd64 ghostscript amd64 9.19~dfsg-2 [95.8 kB]
Get:91 http://127.0.0.1:9999/debian unstable/main amd64 libblas-common amd64 3.6.1-2 [13.9 kB]
Get:92 http://127.0.0.1:9999/debian unstable/main amd64 libblas3 amd64 3.6.1-2 [157 kB]
Get:93 http://127.0.0.1:9999/debian unstable/main amd64 libblas-dev amd64 3.6.1-2 [18.9 kB]
Get:94 http://127.0.0.1:9999/debian unstable/main amd64 libpixman-1-0 amd64 0.33.6-1 [532 kB]
Get:95 http://127.0.0.1:9999/debian unstable/main amd64 libxcb-render0 amd64 1.11.1-1.1 [17.5 kB]
Get:96 http://127.0.0.1:9999/debian unstable/main amd64 libxcb-shm0 amd64 1.11.1-1.1 [11.6 kB]
Get:97 http://127.0.0.1:9999/debian unstable/main amd64 libxrender1 amd64 1:0.9.9-2 [31.8 kB]
Get:98 http://127.0.0.1:9999/debian unstable/main amd64 libcairo2 amd64 1.14.6-1+b1 [767 kB]
Get:99 http://127.0.0.1:9999/debian unstable/main amd64 libgraphite2-3 amd64 1.3.8-1 [76.4 kB]
Get:100 http://127.0.0.1:9999/debian unstable/main amd64 libharfbuzz0b amd64 1.2.7-1+b1 [612 kB]
Get:101 http://127.0.0.1:9999/debian unstable/main amd64 libharfbuzz-icu0 amd64 1.2.7-1+b1 [439 kB]
Get:102 http://127.0.0.1:9999/debian unstable/main amd64 libkpathsea6 amd64 2016.20160513.41080-6 [159 kB]
Get:103 http://127.0.0.1:9999/debian unstable/main amd64 liblapack3 amd64 3.6.1-2 [1963 kB]
Get:104 http://127.0.0.1:9999/debian unstable/main amd64 liblapack-dev amd64 3.6.1-2 [1977 kB]
Get:105 http://127.0.0.1:9999/debian unstable/main amd64 liblapack-pic amd64 3.6.1-2 [1998 kB]
Get:106 http://127.0.0.1:9999/debian unstable/main amd64 libnspr4 amd64 2:4.12-6 [117 kB]
Get:107 http://127.0.0.1:9999/debian unstable/main amd64 libnss3 amd64 2:3.26-1 [1158 kB]
Get:108 http://127.0.0.1:9999/debian unstable/main amd64 libpaper-utils amd64 1.1.24+nmu4 [17.5 kB]
Get:109 http://127.0.0.1:9999/debian unstable/main amd64 libpoppler61 amd64 0.44.0-3 [1267 kB]
Get:110 http://127.0.0.1:9999/debian unstable/main amd64 libpotrace0 amd64 1.13-2 [25.3 kB]
Get:111 http://127.0.0.1:9999/debian unstable/main amd64 libptexenc1 amd64 2016.20160513.41080-6 [57.3 kB]
Get:112 http://127.0.0.1:9999/debian unstable/main amd64 libsynctex1 amd64 2016.20160513.41080-6 [64.2 kB]
Get:113 http://127.0.0.1:9999/debian unstable/main amd64 libtexlua52 amd64 2016.20160513.41080-6 [110 kB]
Get:114 http://127.0.0.1:9999/debian unstable/main amd64 libtexluajit2 amd64 2016.20160513.41080-6 [249 kB]
Get:115 http://127.0.0.1:9999/debian unstable/main amd64 libxt6 amd64 1:1.1.5-1 [188 kB]
Get:116 http://127.0.0.1:9999/debian unstable/main amd64 libxmu6 amd64 2:1.1.2-2 [60.3 kB]
Get:117 http://127.0.0.1:9999/debian unstable/main amd64 libxaw7 amd64 2:1.0.13-1 [200 kB]
Get:118 http://127.0.0.1:9999/debian unstable/main amd64 libxi6 amd64 2:1.7.6-1 [80.6 kB]
Get:119 http://127.0.0.1:9999/debian unstable/main amd64 t1utils amd64 1.39-2 [59.0 kB]
Get:120 http://127.0.0.1:9999/debian unstable/main amd64 tex-common all 6.05 [564 kB]
Get:121 http://127.0.0.1:9999/debian unstable/main amd64 xdg-utils all 1.1.1-1 [71.1 kB]
Get:122 http://127.0.0.1:9999/debian unstable/main amd64 texlive-binaries amd64 2016.20160513.41080-6 [6537 kB]
Get:123 http://127.0.0.1:9999/debian unstable/main amd64 texlive-base all 2016.20160819-2 [15.6 MB]
Get:124 http://127.0.0.1:9999/debian unstable/main amd64 texlive-latex-base all 2016.20160819-2 [860 kB]
Get:125 http://127.0.0.1:9999/debian unstable/main amd64 libblas-test amd64 3.6.1-2 [311 kB]
debconf: delaying package configuration, since apt-utils is not installed
Fetched 104 MB in 1s (84.6 MB/s)
Selecting previously unselected package groff-base.
(Reading database ... 9775 files and directories currently installed.)
Preparing to unpack .../000-groff-base_1.22.3-8_amd64.deb ...
Unpacking groff-base (1.22.3-8) ...
Selecting previously unselected package bsdmainutils.
Preparing to unpack .../001-bsdmainutils_9.0.10_amd64.deb ...
Unpacking bsdmainutils (9.0.10) ...
Selecting previously unselected package libpipeline1:amd64.
Preparing to unpack .../002-libpipeline1_1.4.1-2_amd64.deb ...
Unpacking libpipeline1:amd64 (1.4.1-2) ...
Selecting previously unselected package man-db.
Preparing to unpack .../003-man-db_2.7.5-1_amd64.deb ...
Unpacking man-db (2.7.5-1) ...
Selecting previously unselected package lsb-base.
Preparing to unpack .../004-lsb-base_9.20160629_all.deb ...
Unpacking lsb-base (9.20160629) ...
Selecting previously unselected package x11-common.
Preparing to unpack .../005-x11-common_1%3a7.7+16_all.deb ...
Unpacking x11-common (1:7.7+16) ...
Selecting previously unselected package libice6:amd64.
Preparing to unpack .../006-libice6_2%3a1.0.9-1+b1_amd64.deb ...
Unpacking libice6:amd64 (2:1.0.9-1+b1) ...
Selecting previously unselected package ucf.
Preparing to unpack .../007-ucf_3.0036_all.deb ...
Moving old data out of the way
Unpacking ucf (3.0036) ...
Selecting previously unselected package libpaper1:amd64.
Preparing to unpack .../008-libpaper1_1.1.24+nmu4_amd64.deb ...
Unpacking libpaper1:amd64 (1.1.24+nmu4) ...
Selecting previously unselected package libsm6:amd64.
Preparing to unpack .../009-libsm6_2%3a1.2.2-1+b1_amd64.deb ...
Unpacking libsm6:amd64 (2:1.2.2-1+b1) ...
Selecting previously unselected package libxau6:amd64.
Preparing to unpack .../010-libxau6_1%3a1.0.8-1_amd64.deb ...
Unpacking libxau6:amd64 (1:1.0.8-1) ...
Selecting previously unselected package libxdmcp6:amd64.
Preparing to unpack .../011-libxdmcp6_1%3a1.1.2-1.1_amd64.deb ...
Unpacking libxdmcp6:amd64 (1:1.1.2-1.1) ...
Selecting previously unselected package libxcb1:amd64.
Preparing to unpack .../012-libxcb1_1.11.1-1.1_amd64.deb ...
Unpacking libxcb1:amd64 (1.11.1-1.1) ...
Selecting previously unselected package libx11-data.
Preparing to unpack .../013-libx11-data_2%3a1.6.3-1_all.deb ...
Unpacking libx11-data (2:1.6.3-1) ...
Selecting previously unselected package libx11-6:amd64.
Preparing to unpack .../014-libx11-6_2%3a1.6.3-1_amd64.deb ...
Unpacking libx11-6:amd64 (2:1.6.3-1) ...
Selecting previously unselected package libxext6:amd64.
Preparing to unpack .../015-libxext6_2%3a1.3.3-1_amd64.deb ...
Unpacking libxext6:amd64 (2:1.3.3-1) ...
Selecting previously unselected package libxpm4:amd64.
Preparing to unpack .../016-libxpm4_1%3a3.5.11-1+b1_amd64.deb ...
Unpacking libxpm4:amd64 (1:3.5.11-1+b1) ...
Selecting previously unselected package libzzip-0-13:amd64.
Preparing to unpack .../017-libzzip-0-13_0.13.62-3_amd64.deb ...
Unpacking libzzip-0-13:amd64 (0.13.62-3) ...
Selecting previously unselected package poppler-data.
Preparing to unpack .../018-poppler-data_0.4.7-7_all.deb ...
Unpacking poppler-data (0.4.7-7) ...
Selecting previously unselected package libjbig0:amd64.
Preparing to unpack .../019-libjbig0_2.1-3.1_amd64.deb ...
Unpacking libjbig0:amd64 (2.1-3.1) ...
Selecting previously unselected package libmagic-mgc.
Preparing to unpack .../020-libmagic-mgc_1%3a5.28-4_amd64.deb ...
Unpacking libmagic-mgc (1:5.28-4) ...
Selecting previously unselected package libmagic1:amd64.
Preparing to unpack .../021-libmagic1_1%3a5.28-4_amd64.deb ...
Unpacking libmagic1:amd64 (1:5.28-4) ...
Selecting previously unselected package file.
Preparing to unpack .../022-file_1%3a5.28-4_amd64.deb ...
Unpacking file (1:5.28-4) ...
Selecting previously unselected package gettext-base.
Preparing to unpack .../023-gettext-base_0.19.8.1-1_amd64.deb ...
Unpacking gettext-base (0.19.8.1-1) ...
Selecting previously unselected package libnettle6:amd64.
Preparing to unpack .../024-libnettle6_3.2-1_amd64.deb ...
Unpacking libnettle6:amd64 (3.2-1) ...
Selecting previously unselected package libhogweed4:amd64.
Preparing to unpack .../025-libhogweed4_3.2-1_amd64.deb ...
Unpacking libhogweed4:amd64 (3.2-1) ...
Selecting previously unselected package libidn11:amd64.
Preparing to unpack .../026-libidn11_1.33-1_amd64.deb ...
Unpacking libidn11:amd64 (1.33-1) ...
Selecting previously unselected package libp11-kit0:amd64.
Preparing to unpack .../027-libp11-kit0_0.23.2-5_amd64.deb ...
Unpacking libp11-kit0:amd64 (0.23.2-5) ...
Selecting previously unselected package libtasn1-6:amd64.
Preparing to unpack .../028-libtasn1-6_4.9-4_amd64.deb ...
Unpacking libtasn1-6:amd64 (4.9-4) ...
Selecting previously unselected package libgnutls30:amd64.
Preparing to unpack .../029-libgnutls30_3.5.3-3_amd64.deb ...
Unpacking libgnutls30:amd64 (3.5.3-3) ...
Selecting previously unselected package libkeyutils1:amd64.
Preparing to unpack .../030-libkeyutils1_1.5.9-9_amd64.deb ...
Unpacking libkeyutils1:amd64 (1.5.9-9) ...
Selecting previously unselected package libkrb5support0:amd64.
Preparing to unpack .../031-libkrb5support0_1.14.3+dfsg-1_amd64.deb ...
Unpacking libkrb5support0:amd64 (1.14.3+dfsg-1) ...
Selecting previously unselected package libk5crypto3:amd64.
Preparing to unpack .../032-libk5crypto3_1.14.3+dfsg-1_amd64.deb ...
Unpacking libk5crypto3:amd64 (1.14.3+dfsg-1) ...
Selecting previously unselected package libkrb5-3:amd64.
Preparing to unpack .../033-libkrb5-3_1.14.3+dfsg-1_amd64.deb ...
Unpacking libkrb5-3:amd64 (1.14.3+dfsg-1) ...
Selecting previously unselected package libgssapi-krb5-2:amd64.
Preparing to unpack .../034-libgssapi-krb5-2_1.14.3+dfsg-1_amd64.deb ...
Unpacking libgssapi-krb5-2:amd64 (1.14.3+dfsg-1) ...
Selecting previously unselected package libsasl2-modules-db:amd64.
Preparing to unpack .../035-libsasl2-modules-db_2.1.26.dfsg1-15_amd64.deb ...
Unpacking libsasl2-modules-db:amd64 (2.1.26.dfsg1-15) ...
Selecting previously unselected package libsasl2-2:amd64.
Preparing to unpack .../036-libsasl2-2_2.1.26.dfsg1-15_amd64.deb ...
Unpacking libsasl2-2:amd64 (2.1.26.dfsg1-15) ...
Selecting previously unselected package libldap-2.4-2:amd64.
Preparing to unpack .../037-libldap-2.4-2_2.4.42+dfsg-2+b2_amd64.deb ...
Unpacking libldap-2.4-2:amd64 (2.4.42+dfsg-2+b2) ...
Selecting previously unselected package libsqlite3-0:amd64.
Preparing to unpack .../038-libsqlite3-0_3.14.1-1_amd64.deb ...
Unpacking libsqlite3-0:amd64 (3.14.1-1) ...
Selecting previously unselected package libicu57:amd64.
Preparing to unpack .../039-libicu57_57.1-3_amd64.deb ...
Unpacking libicu57:amd64 (57.1-3) ...
Selecting previously unselected package libxml2:amd64.
Preparing to unpack .../040-libxml2_2.9.4+dfsg1-1+b1_amd64.deb ...
Unpacking libxml2:amd64 (2.9.4+dfsg1-1+b1) ...
Selecting previously unselected package libsigsegv2:amd64.
Preparing to unpack .../041-libsigsegv2_2.10-5_amd64.deb ...
Unpacking libsigsegv2:amd64 (2.10-5) ...
Selecting previously unselected package m4.
Preparing to unpack .../042-m4_1.4.17-5_amd64.deb ...
Unpacking m4 (1.4.17-5) ...
Selecting previously unselected package autoconf.
Preparing to unpack .../043-autoconf_2.69-10_all.deb ...
Unpacking autoconf (2.69-10) ...
Selecting previously unselected package autotools-dev.
Preparing to unpack .../044-autotools-dev_20160430.1_all.deb ...
Unpacking autotools-dev (20160430.1) ...
Selecting previously unselected package automake.
Preparing to unpack .../045-automake_1%3a1.15-4_all.deb ...
Unpacking automake (1:1.15-4) ...
Selecting previously unselected package autopoint.
Preparing to unpack .../046-autopoint_0.19.8.1-1_all.deb ...
Unpacking autopoint (0.19.8.1-1) ...
Selecting previously unselected package cdbs.
Preparing to unpack .../047-cdbs_0.4.143_all.deb ...
Unpacking cdbs (0.4.143) ...
Selecting previously unselected package libcpufreq0.
Preparing to unpack .../048-libcpufreq0_008-1_amd64.deb ...
Unpacking libcpufreq0 (008-1) ...
Selecting previously unselected package cpufrequtils.
Preparing to unpack .../049-cpufrequtils_008-1_amd64.deb ...
Unpacking cpufrequtils (008-1) ...
Selecting previously unselected package libglib2.0-0:amd64.
Preparing to unpack .../050-libglib2.0-0_2.48.1-3_amd64.deb ...
Unpacking libglib2.0-0:amd64 (2.48.1-3) ...
Selecting previously unselected package libcroco3:amd64.
Preparing to unpack .../051-libcroco3_0.6.11-1_amd64.deb ...
Unpacking libcroco3:amd64 (0.6.11-1) ...
Selecting previously unselected package libunistring0:amd64.
Preparing to unpack .../052-libunistring0_0.9.6+really0.9.3-0.1_amd64.deb ...
Unpacking libunistring0:amd64 (0.9.6+really0.9.3-0.1) ...
Selecting previously unselected package gettext.
Preparing to unpack .../053-gettext_0.19.8.1-1_amd64.deb ...
Unpacking gettext (0.19.8.1-1) ...
Selecting previously unselected package intltool-debian.
Preparing to unpack .../054-intltool-debian_0.35.0+20060710.4_all.deb ...
Unpacking intltool-debian (0.35.0+20060710.4) ...
Selecting previously unselected package po-debconf.
Preparing to unpack .../055-po-debconf_1.0.19_all.deb ...
Unpacking po-debconf (1.0.19) ...
Selecting previously unselected package libarchive-zip-perl.
Preparing to unpack .../056-libarchive-zip-perl_1.59-1_all.deb ...
Unpacking libarchive-zip-perl (1.59-1) ...
Selecting previously unselected package libfile-stripnondeterminism-perl.
Preparing to unpack .../057-libfile-stripnondeterminism-perl_0.023-2_all.deb ...
Unpacking libfile-stripnondeterminism-perl (0.023-2) ...
Selecting previously unselected package libtimedate-perl.
Preparing to unpack .../058-libtimedate-perl_2.3000-2_all.deb ...
Unpacking libtimedate-perl (2.3000-2) ...
Selecting previously unselected package dh-strip-nondeterminism.
Preparing to unpack .../059-dh-strip-nondeterminism_0.023-2_all.deb ...
Unpacking dh-strip-nondeterminism (0.023-2) ...
Selecting previously unselected package libtool.
Preparing to unpack .../060-libtool_2.4.6-2_all.deb ...
Unpacking libtool (2.4.6-2) ...
Selecting previously unselected package dh-autoreconf.
Preparing to unpack .../061-dh-autoreconf_12_all.deb ...
Unpacking dh-autoreconf (12) ...
Selecting previously unselected package debhelper.
Preparing to unpack .../062-debhelper_9.20160814_all.deb ...
Unpacking debhelper (9.20160814) ...
Selecting previously unselected package fonts-dejavu-core.
Preparing to unpack .../063-fonts-dejavu-core_2.37-1_all.deb ...
Unpacking fonts-dejavu-core (2.37-1) ...
Selecting previously unselected package fontconfig-config.
Preparing to unpack .../064-fontconfig-config_2.11.0-6.7_all.deb ...
Unpacking fontconfig-config (2.11.0-6.7) ...
Selecting previously unselected package libgfortran3:amd64.
Preparing to unpack .../065-libgfortran3_6.2.0-1_amd64.deb ...
Unpacking libgfortran3:amd64 (6.2.0-1) ...
Selecting previously unselected package libgfortran-6-dev:amd64.
Preparing to unpack .../066-libgfortran-6-dev_6.2.0-1_amd64.deb ...
Unpacking libgfortran-6-dev:amd64 (6.2.0-1) ...
Selecting previously unselected package gfortran-6.
Preparing to unpack .../067-gfortran-6_6.2.0-1_amd64.deb ...
Unpacking gfortran-6 (6.2.0-1) ...
Selecting previously unselected package gfortran.
Preparing to unpack .../068-gfortran_4%3a6.1.1-1_amd64.deb ...
Unpacking gfortran (4:6.1.1-1) ...
Selecting previously unselected package libavahi-common-data:amd64.
Preparing to unpack .../069-libavahi-common-data_0.6.32-1_amd64.deb ...
Unpacking libavahi-common-data:amd64 (0.6.32-1) ...
Selecting previously unselected package libavahi-common3:amd64.
Preparing to unpack .../070-libavahi-common3_0.6.32-1_amd64.deb ...
Unpacking libavahi-common3:amd64 (0.6.32-1) ...
Selecting previously unselected package libdbus-1-3:amd64.
Preparing to unpack .../071-libdbus-1-3_1.10.10-1_amd64.deb ...
Unpacking libdbus-1-3:amd64 (1.10.10-1) ...
Selecting previously unselected package libavahi-client3:amd64.
Preparing to unpack .../072-libavahi-client3_0.6.32-1_amd64.deb ...
Unpacking libavahi-client3:amd64 (0.6.32-1) ...
Selecting previously unselected package libcups2:amd64.
Preparing to unpack .../073-libcups2_2.1.4-4_amd64.deb ...
Unpacking libcups2:amd64 (2.1.4-4) ...
Selecting previously unselected package libjpeg62-turbo:amd64.
Preparing to unpack .../074-libjpeg62-turbo_1%3a1.5.0-1_amd64.deb ...
Unpacking libjpeg62-turbo:amd64 (1:1.5.0-1) ...
Selecting previously unselected package libpng16-16:amd64.
Preparing to unpack .../075-libpng16-16_1.6.24-2_amd64.deb ...
Unpacking libpng16-16:amd64 (1.6.24-2) ...
Selecting previously unselected package libtiff5:amd64.
Preparing to unpack .../076-libtiff5_4.0.6-2_amd64.deb ...
Unpacking libtiff5:amd64 (4.0.6-2) ...
Selecting previously unselected package libcupsfilters1:amd64.
Preparing to unpack .../077-libcupsfilters1_1.10.0-1_amd64.deb ...
Unpacking libcupsfilters1:amd64 (1.10.0-1) ...
Selecting previously unselected package libcupsimage2:amd64.
Preparing to unpack .../078-libcupsimage2_2.1.4-4_amd64.deb ...
Unpacking libcupsimage2:amd64 (2.1.4-4) ...
Selecting previously unselected package libexpat1:amd64.
Preparing to unpack .../079-libexpat1_2.2.0-1_amd64.deb ...
Unpacking libexpat1:amd64 (2.2.0-1) ...
Selecting previously unselected package libfreetype6:amd64.
Preparing to unpack .../080-libfreetype6_2.6.3-3+b1_amd64.deb ...
Unpacking libfreetype6:amd64 (2.6.3-3+b1) ...
Selecting previously unselected package libfontconfig1:amd64.
Preparing to unpack .../081-libfontconfig1_2.11.0-6.7_amd64.deb ...
Unpacking libfontconfig1:amd64 (2.11.0-6.7) ...
Selecting previously unselected package libijs-0.35:amd64.
Preparing to unpack .../082-libijs-0.35_0.35-12_amd64.deb ...
Unpacking libijs-0.35:amd64 (0.35-12) ...
Selecting previously unselected package libjbig2dec0:amd64.
Preparing to unpack .../083-libjbig2dec0_0.13-3_amd64.deb ...
Unpacking libjbig2dec0:amd64 (0.13-3) ...
Selecting previously unselected package liblcms2-2:amd64.
Preparing to unpack .../084-liblcms2-2_2.7-1_amd64.deb ...
Unpacking liblcms2-2:amd64 (2.7-1) ...
Selecting previously unselected package libopenjp2-7:amd64.
Preparing to unpack .../085-libopenjp2-7_2.1.1-1_amd64.deb ...
Unpacking libopenjp2-7:amd64 (2.1.1-1) ...
Selecting previously unselected package libgs9-common.
Preparing to unpack .../086-libgs9-common_9.19~dfsg-2_all.deb ...
Unpacking libgs9-common (9.19~dfsg-2) ...
Selecting previously unselected package libgs9.
Preparing to unpack .../087-libgs9_9.19~dfsg-2_amd64.deb ...
Unpacking libgs9 (9.19~dfsg-2) ...
Selecting previously unselected package ghostscript.
Preparing to unpack .../088-ghostscript_9.19~dfsg-2_amd64.deb ...
Unpacking ghostscript (9.19~dfsg-2) ...
Selecting previously unselected package libblas-common.
Preparing to unpack .../089-libblas-common_3.6.1-2_amd64.deb ...
Unpacking libblas-common (3.6.1-2) ...
Selecting previously unselected package libblas3.
Preparing to unpack .../090-libblas3_3.6.1-2_amd64.deb ...
Unpacking libblas3 (3.6.1-2) ...
Selecting previously unselected package libblas-dev.
Preparing to unpack .../091-libblas-dev_3.6.1-2_amd64.deb ...
Unpacking libblas-dev (3.6.1-2) ...
Selecting previously unselected package libpixman-1-0:amd64.
Preparing to unpack .../092-libpixman-1-0_0.33.6-1_amd64.deb ...
Unpacking libpixman-1-0:amd64 (0.33.6-1) ...
Selecting previously unselected package libxcb-render0:amd64.
Preparing to unpack .../093-libxcb-render0_1.11.1-1.1_amd64.deb ...
Unpacking libxcb-render0:amd64 (1.11.1-1.1) ...
Selecting previously unselected package libxcb-shm0:amd64.
Preparing to unpack .../094-libxcb-shm0_1.11.1-1.1_amd64.deb ...
Unpacking libxcb-shm0:amd64 (1.11.1-1.1) ...
Selecting previously unselected package libxrender1:amd64.
Preparing to unpack .../095-libxrender1_1%3a0.9.9-2_amd64.deb ...
Unpacking libxrender1:amd64 (1:0.9.9-2) ...
Selecting previously unselected package libcairo2:amd64.
Preparing to unpack .../096-libcairo2_1.14.6-1+b1_amd64.deb ...
Unpacking libcairo2:amd64 (1.14.6-1+b1) ...
Selecting previously unselected package libgraphite2-3:amd64.
Preparing to unpack .../097-libgraphite2-3_1.3.8-1_amd64.deb ...
Unpacking libgraphite2-3:amd64 (1.3.8-1) ...
Selecting previously unselected package libharfbuzz0b:amd64.
Preparing to unpack .../098-libharfbuzz0b_1.2.7-1+b1_amd64.deb ...
Unpacking libharfbuzz0b:amd64 (1.2.7-1+b1) ...
Selecting previously unselected package libharfbuzz-icu0:amd64.
Preparing to unpack .../099-libharfbuzz-icu0_1.2.7-1+b1_amd64.deb ...
Unpacking libharfbuzz-icu0:amd64 (1.2.7-1+b1) ...
Selecting previously unselected package libkpathsea6:amd64.
Preparing to unpack .../100-libkpathsea6_2016.20160513.41080-6_amd64.deb ...
Unpacking libkpathsea6:amd64 (2016.20160513.41080-6) ...
Selecting previously unselected package liblapack3.
Preparing to unpack .../101-liblapack3_3.6.1-2_amd64.deb ...
Unpacking liblapack3 (3.6.1-2) ...
Selecting previously unselected package liblapack-dev.
Preparing to unpack .../102-liblapack-dev_3.6.1-2_amd64.deb ...
Unpacking liblapack-dev (3.6.1-2) ...
Selecting previously unselected package liblapack-pic.
Preparing to unpack .../103-liblapack-pic_3.6.1-2_amd64.deb ...
Unpacking liblapack-pic (3.6.1-2) ...
Selecting previously unselected package libnspr4:amd64.
Preparing to unpack .../104-libnspr4_2%3a4.12-6_amd64.deb ...
Unpacking libnspr4:amd64 (2:4.12-6) ...
Selecting previously unselected package libnss3:amd64.
Preparing to unpack .../105-libnss3_2%3a3.26-1_amd64.deb ...
Unpacking libnss3:amd64 (2:3.26-1) ...
Selecting previously unselected package libpaper-utils.
Preparing to unpack .../106-libpaper-utils_1.1.24+nmu4_amd64.deb ...
Unpacking libpaper-utils (1.1.24+nmu4) ...
Selecting previously unselected package libpoppler61:amd64.
Preparing to unpack .../107-libpoppler61_0.44.0-3_amd64.deb ...
Unpacking libpoppler61:amd64 (0.44.0-3) ...
Selecting previously unselected package libpotrace0.
Preparing to unpack .../108-libpotrace0_1.13-2_amd64.deb ...
Unpacking libpotrace0 (1.13-2) ...
Selecting previously unselected package libptexenc1:amd64.
Preparing to unpack .../109-libptexenc1_2016.20160513.41080-6_amd64.deb ...
Unpacking libptexenc1:amd64 (2016.20160513.41080-6) ...
Selecting previously unselected package libsynctex1:amd64.
Preparing to unpack .../110-libsynctex1_2016.20160513.41080-6_amd64.deb ...
Unpacking libsynctex1:amd64 (2016.20160513.41080-6) ...
Selecting previously unselected package libtexlua52:amd64.
Preparing to unpack .../111-libtexlua52_2016.20160513.41080-6_amd64.deb ...
Unpacking libtexlua52:amd64 (2016.20160513.41080-6) ...
Selecting previously unselected package libtexluajit2:amd64.
Preparing to unpack .../112-libtexluajit2_2016.20160513.41080-6_amd64.deb ...
Unpacking libtexluajit2:amd64 (2016.20160513.41080-6) ...
Selecting previously unselected package libxt6:amd64.
Preparing to unpack .../113-libxt6_1%3a1.1.5-1_amd64.deb ...
Unpacking libxt6:amd64 (1:1.1.5-1) ...
Selecting previously unselected package libxmu6:amd64.
Preparing to unpack .../114-libxmu6_2%3a1.1.2-2_amd64.deb ...
Unpacking libxmu6:amd64 (2:1.1.2-2) ...
Selecting previously unselected package libxaw7:amd64.
Preparing to unpack .../115-libxaw7_2%3a1.0.13-1_amd64.deb ...
Unpacking libxaw7:amd64 (2:1.0.13-1) ...
Selecting previously unselected package libxi6:amd64.
Preparing to unpack .../116-libxi6_2%3a1.7.6-1_amd64.deb ...
Unpacking libxi6:amd64 (2:1.7.6-1) ...
Selecting previously unselected package t1utils.
Preparing to unpack .../117-t1utils_1.39-2_amd64.deb ...
Unpacking t1utils (1.39-2) ...
Selecting previously unselected package tex-common.
Preparing to unpack .../118-tex-common_6.05_all.deb ...
Unpacking tex-common (6.05) ...
Selecting previously unselected package xdg-utils.
Preparing to unpack .../119-xdg-utils_1.1.1-1_all.deb ...
Unpacking xdg-utils (1.1.1-1) ...
Selecting previously unselected package texlive-binaries.
Preparing to unpack .../120-texlive-binaries_2016.20160513.41080-6_amd64.deb ...
Unpacking texlive-binaries (2016.20160513.41080-6) ...
Selecting previously unselected package texlive-base.
Preparing to unpack .../121-texlive-base_2016.20160819-2_all.deb ...
Unpacking texlive-base (2016.20160819-2) ...
Selecting previously unselected package texlive-latex-base.
Preparing to unpack .../122-texlive-latex-base_2016.20160819-2_all.deb ...
Unpacking texlive-latex-base (2016.20160819-2) ...
Selecting previously unselected package libblas-test.
Preparing to unpack .../123-libblas-test_3.6.1-2_amd64.deb ...
Unpacking libblas-test (3.6.1-2) ...
Selecting previously unselected package sbuild-build-depends-atlas-dummy.
Preparing to unpack .../124-sbuild-build-depends-atlas-dummy_0.invalid.0_amd64.deb ...
Unpacking sbuild-build-depends-atlas-dummy (0.invalid.0) ...
Setting up cdbs (0.4.143) ...
Setting up libgs9-common (9.19~dfsg-2) ...
Setting up libkpathsea6:amd64 (2016.20160513.41080-6) ...
Setting up libtexlua52:amd64 (2016.20160513.41080-6) ...
Setting up libnettle6:amd64 (3.2-1) ...
Setting up libexpat1:amd64 (2.2.0-1) ...
Setting up libsynctex1:amd64 (2016.20160513.41080-6) ...
Setting up libopenjp2-7:amd64 (2.1.1-1) ...
Setting up libptexenc1:amd64 (2016.20160513.41080-6) ...
Setting up libjpeg62-turbo:amd64 (1:1.5.0-1) ...
Setting up libarchive-zip-perl (1.59-1) ...
Setting up libpng16-16:amd64 (1.6.24-2) ...
Setting up libtimedate-perl (2.3000-2) ...
Setting up liblcms2-2:amd64 (2.7-1) ...
Setting up libjbig0:amd64 (2.1-3.1) ...
Setting up libsigsegv2:amd64 (2.10-5) ...
Setting up fonts-dejavu-core (2.37-1) ...
Setting up poppler-data (0.4.7-7) ...
Setting up libblas-common (3.6.1-2) ...
Setting up libgfortran3:amd64 (6.2.0-1) ...
Setting up groff-base (1.22.3-8) ...
Setting up libglib2.0-0:amd64 (2.48.1-3) ...
No schema files found: doing nothing.
Setting up libsasl2-modules-db:amd64 (2.1.26.dfsg1-15) ...
Setting up libgfortran-6-dev:amd64 (6.2.0-1) ...
Setting up libsasl2-2:amd64 (2.1.26.dfsg1-15) ...
Setting up libtiff5:amd64 (4.0.6-2) ...
Setting up gettext-base (0.19.8.1-1) ...
Setting up libpipeline1:amd64 (1.4.1-2) ...
Setting up m4 (1.4.17-5) ...
Setting up libicu57:amd64 (57.1-3) ...
Setting up libnspr4:amd64 (2:4.12-6) ...
Setting up ucf (3.0036) ...
Setting up libxml2:amd64 (2.9.4+dfsg1-1+b1) ...
Setting up libfreetype6:amd64 (2.6.3-3+b1) ...
Setting up libtasn1-6:amd64 (4.9-4) ...
Setting up libmagic-mgc (1:5.28-4) ...
Setting up libmagic1:amd64 (1:5.28-4) ...
Setting up libhogweed4:amd64 (3.2-1) ...
Setting up lsb-base (9.20160629) ...
Setting up libgraphite2-3:amd64 (1.3.8-1) ...
Setting up libcroco3:amd64 (0.6.11-1) ...
Setting up libjbig2dec0:amd64 (0.13-3) ...
Setting up libpixman-1-0:amd64 (0.33.6-1) ...
Setting up libblas3 (3.6.1-2) ...
update-alternatives: using /usr/lib/libblas/libblas.so.3 to provide /usr/lib/libblas.so.3 (libblas.so.3) in auto mode
Processing triggers for libc-bin (2.23-5) ...
Setting up autotools-dev (20160430.1) ...
Setting up libunistring0:amd64 (0.9.6+really0.9.3-0.1) ...
Setting up t1utils (1.39-2) ...
Setting up libp11-kit0:amd64 (0.23.2-5) ...
Setting up libijs-0.35:amd64 (0.35-12) ...
Setting up libsqlite3-0:amd64 (3.14.1-1) ...
Setting up libpotrace0 (1.13-2) ...
Setting up libxdmcp6:amd64 (1:1.1.2-1.1) ...
Setting up libkeyutils1:amd64 (1.5.9-9) ...
Setting up bsdmainutils (9.0.10) ...
update-alternatives: using /usr/bin/bsd-write to provide /usr/bin/write (write) in auto mode
update-alternatives: using /usr/bin/bsd-from to provide /usr/bin/from (from) in auto mode
Setting up libzzip-0-13:amd64 (0.13.62-3) ...
Setting up x11-common (1:7.7+16) ...
update-rc.d: warning: start and stop actions are no longer supported; falling back to defaults
invoke-rc.d: could not determine current runlevel
All runlevel operations denied by policy
invoke-rc.d: policy-rc.d denied execution of start.
Setting up xdg-utils (1.1.1-1) ...
Setting up libtexluajit2:amd64 (2016.20160513.41080-6) ...
Setting up libcpufreq0 (008-1) ...
Setting up libx11-data (2:1.6.3-1) ...
Setting up libxau6:amd64 (1:1.0.8-1) ...
Setting up autopoint (0.19.8.1-1) ...
Setting up libidn11:amd64 (1.33-1) ...
Setting up libdbus-1-3:amd64 (1.10.10-1) ...
Setting up libavahi-common-data:amd64 (0.6.32-1) ...
Setting up libfile-stripnondeterminism-perl (0.023-2) ...
Setting up libpaper1:amd64 (1.1.24+nmu4) ...

Creating config file /etc/papersize with new version
Setting up gfortran-6 (6.2.0-1) ...
Setting up libpaper-utils (1.1.24+nmu4) ...
Setting up fontconfig-config (2.11.0-6.7) ...
Setting up tex-common (6.05) ...
update-language: texlive-base not installed and configured, doing nothing!
Setting up gettext (0.19.8.1-1) ...
Setting up liblapack3 (3.6.1-2) ...
update-alternatives: using /usr/lib/lapack/liblapack.so.3 to provide /usr/lib/liblapack.so.3 (liblapack.so.3) in auto mode
Setting up libgnutls30:amd64 (3.5.3-3) ...
Setting up libnss3:amd64 (2:3.26-1) ...
Setting up libharfbuzz0b:amd64 (1.2.7-1+b1) ...
Setting up autoconf (2.69-10) ...
Setting up file (1:5.28-4) ...
Setting up libkrb5support0:amd64 (1.14.3+dfsg-1) ...
Setting up libblas-test (3.6.1-2) ...
Setting up intltool-debian (0.35.0+20060710.4) ...
Setting up libldap-2.4-2:amd64 (2.4.42+dfsg-2+b2) ...
Setting up automake (1:1.15-4) ...
update-alternatives: using /usr/bin/automake-1.15 to provide /usr/bin/automake (automake) in auto mode
Setting up libice6:amd64 (2:1.0.9-1+b1) ...
Setting up man-db (2.7.5-1) ...
Not building database; man-db/auto-update is not 'true'.
Setting up libavahi-common3:amd64 (0.6.32-1) ...
Setting up liblapack-pic (3.6.1-2) ...
update-alternatives: using /usr/lib/lapack/liblapack_pic.a to provide /usr/lib/liblapack_pic.a (liblapack_pic.a) in auto mode
Setting up libxcb1:amd64 (1.11.1-1.1) ...
Setting up cpufrequtils (008-1) ...
update-rc.d: warning: start and stop actions are no longer supported; falling back to defaults
invoke-rc.d: could not determine current runlevel
All runlevel operations denied by policy
invoke-rc.d: policy-rc.d denied execution of start.
update-rc.d: warning: start and stop actions are no longer supported; falling back to defaults
invoke-rc.d: could not determine current runlevel
All runlevel operations denied by policy
invoke-rc.d: policy-rc.d denied execution of start.
Setting up libtool (2.4.6-2) ...
Setting up gfortran (4:6.1.1-1) ...
update-alternatives: using /usr/bin/gfortran to provide /usr/bin/f95 (f95) in auto mode
update-alternatives: using /usr/bin/gfortran to provide /usr/bin/f77 (f77) in auto mode
Setting up libfontconfig1:amd64 (2.11.0-6.7) ...
Setting up libsm6:amd64 (2:1.2.2-1+b1) ...
Setting up libk5crypto3:amd64 (1.14.3+dfsg-1) ...
Setting up libxcb-render0:amd64 (1.11.1-1.1) ...
Setting up libharfbuzz-icu0:amd64 (1.2.7-1+b1) ...
Setting up po-debconf (1.0.19) ...
Setting up libblas-dev (3.6.1-2) ...
update-alternatives: using /usr/lib/libblas/libblas.so to provide /usr/lib/libblas.so (libblas.so) in auto mode
Setting up libx11-6:amd64 (2:1.6.3-1) ...
Setting up libxcb-shm0:amd64 (1.11.1-1.1) ...
Setting up libxpm4:amd64 (1:3.5.11-1+b1) ...
Setting up libxt6:amd64 (1:1.1.5-1) ...
Setting up libxrender1:amd64 (1:0.9.9-2) ...
Setting up libavahi-client3:amd64 (0.6.32-1) ...
Setting up libkrb5-3:amd64 (1.14.3+dfsg-1) ...
Setting up libpoppler61:amd64 (0.44.0-3) ...
Setting up liblapack-dev (3.6.1-2) ...
update-alternatives: using /usr/lib/lapack/liblapack.so to provide /usr/lib/liblapack.so (liblapack.so) in auto mode
Setting up libxext6:amd64 (2:1.3.3-1) ...
Setting up libxmu6:amd64 (2:1.1.2-2) ...
Setting up libgssapi-krb5-2:amd64 (1.14.3+dfsg-1) ...
Setting up libcups2:amd64 (2.1.4-4) ...
Setting up libxi6:amd64 (2:1.7.6-1) ...
Setting up libxaw7:amd64 (2:1.0.13-1) ...
Setting up libcairo2:amd64 (1.14.6-1+b1) ...
Setting up libcupsfilters1:amd64 (1.10.0-1) ...
Setting up libcupsimage2:amd64 (2.1.4-4) ...
Setting up dh-strip-nondeterminism (0.023-2) ...
Setting up libgs9 (9.19~dfsg-2) ...
Setting up dh-autoreconf (12) ...
Setting up ghostscript (9.19~dfsg-2) ...
Setting up texlive-binaries (2016.20160513.41080-6) ...
update-alternatives: using /usr/bin/xdvi-xaw to provide /usr/bin/xdvi.bin (xdvi.bin) in auto mode
update-alternatives: using /usr/bin/bibtex.original to provide /usr/bin/bibtex (bibtex) in auto mode
Setting up debhelper (9.20160814) ...
Processing triggers for tex-common (6.05) ...
update-language: texlive-base not installed and configured, doing nothing!
texlive-base is not ready, skipping fmtutil --all call
Setting up texlive-base (2016.20160819-2) ...
/usr/bin/tl-paper: setting paper size for dvips to a4.
/usr/bin/tl-paper: setting paper size for dvipdfmx to a4.
/usr/bin/tl-paper: setting paper size for xdvi to a4.
/usr/bin/tl-paper: setting paper size for pdftex to a4.
Processing triggers for tex-common (6.05) ...
Running updmap-sys. This may take some time... done.
Running mktexlsr /var/lib/texmf ... done.
Building format(s) --all.
	This may take some time... done.
Setting up texlive-latex-base (2016.20160819-2) ...
Processing triggers for tex-common (6.05) ...
Running updmap-sys. This may take some time... done.
Running mktexlsr /var/lib/texmf ... done.
Building format(s) --all.
	This may take some time... done.
Setting up sbuild-build-depends-atlas-dummy (0.invalid.0) ...
Processing triggers for libc-bin (2.23-5) ...
W: No sandbox user '_apt' on the system, can not drop privileges

+------------------------------------------------------------------------------+
| Build environment                                                            |
+------------------------------------------------------------------------------+

Kernel: Linux 3.16.0-4-amd64 amd64 (x86_64)
Toolchain package versions: binutils_2.27-6 dpkg-dev_1.18.10 g++-6_6.2.0-1 gcc-6_6.2.0-1 libc6-dev_2.23-5 libstdc++-6-dev_6.2.0-1 libstdc++6_6.2.0-1 linux-libc-dev_4.7.2-1
Package versions: adduser_3.115 apt_1.3~rc2 autoconf_2.69-10 automake_1:1.15-4 autopoint_0.19.8.1-1 autotools-dev_20160430.1 base-files_9.6 base-passwd_3.5.40 bash_4.3-15 binutils_2.27-6 bsdmainutils_9.0.10 bsdutils_1:2.28.1-1 build-essential_12.2 bzip2_1.0.6-8 cdbs_0.4.143 clang-3.8_1:3.8.1-9 coreutils_8.25-2 cpp_4:6.1.1-1 cpp-6_6.2.0-1 cpufrequtils_008-1 dash_0.5.8-2.3 debconf_1.5.59 debfoster_2.7-2.1 debhelper_9.20160814 debian-archive-keyring_2014.3 debianutils_4.8 dh-autoreconf_12 dh-strip-nondeterminism_0.023-2 diffutils_1:3.3-3 dpkg_1.18.10 dpkg-dev_1.18.10 e2fslibs_1.43.1-1 e2fsprogs_1.43.1-1 eatmydata_105-3 fakeroot_1.21-1 file_1:5.28-4 findutils_4.6.0+git+20160703-2 fontconfig-config_2.11.0-6.7 fonts-dejavu-core_2.37-1 g++_4:6.1.1-1 g++-6_6.2.0-1 gcc_4:6.1.1-1 gcc-6_6.2.0-1 gcc-6-base_6.2.0-1 gettext_0.19.8.1-1 gettext-base_0.19.8.1-1 gfortran_4:6.1.1-1 gfortran-6_6.2.0-1 ghostscript_9.19~dfsg-2 gpgv_2.1.14-5 grep_2.25-6 groff-base_1.22.3-8 gzip_1.6-5 hostname_3.18 init-system-helpers_1.42 intltool-debian_0.35.0+20060710.4 libacl1_2.2.52-3 libapt-pkg5.0_1.3~rc2 libarchive-zip-perl_1.59-1 libasan3_6.2.0-1 libatomic1_6.2.0-1 libattr1_1:2.4.47-2 libaudit-common_1:2.6.6-1 libaudit1_1:2.6.6-1 libavahi-client3_0.6.32-1 libavahi-common-data_0.6.32-1 libavahi-common3_0.6.32-1 libblas-common_3.6.1-2 libblas-dev_3.6.1-2 libblas-test_3.6.1-2 libblas3_3.6.1-2 libblkid1_2.28.1-1 libbsd0_0.8.3-1 libbz2-1.0_1.0.6-8 libc-bin_2.23-5 libc-dev-bin_2.23-5 libc6_2.23-5 libc6-dev_2.23-5 libcairo2_1.14.6-1+b1 libcap-ng0_0.7.7-3 libcc1-0_6.2.0-1 libcilkrts5_6.2.0-1 libclang-common-3.8-dev_1:3.8.1-9 libclang1-3.8_1:3.8.1-9 libcomerr2_1.43.1-1 libcpufreq0_008-1 libcroco3_0.6.11-1 libcups2_2.1.4-4 libcupsfilters1_1.10.0-1 libcupsimage2_2.1.4-4 libdb5.3_5.3.28-12 libdbus-1-3_1.10.10-1 libdebconfclient0_0.215 libdpkg-perl_1.18.10 libeatmydata1_105-3 libedit2_3.1-20150325-1+b1 libexpat1_2.2.0-1 libfakeroot_1.21-1 libfdisk1_2.28.1-1 libffi6_3.2.1-4 libfile-stripnondeterminism-perl_0.023-2 libfontconfig1_2.11.0-6.7 libfreetype6_2.6.3-3+b1 libgc1c2_1:7.4.2-8 libgcc-6-dev_6.2.0-1 libgcc1_1:6.2.0-1 libgcrypt20_1.7.3-1 libgdbm3_1.8.3-14 libgfortran-6-dev_6.2.0-1 libgfortran3_6.2.0-1 libglib2.0-0_2.48.1-3 libgmp10_2:6.1.1+dfsg-1 libgnutls30_3.5.3-3 libgomp1_6.2.0-1 libgpg-error0_1.24-1 libgraphite2-3_1.3.8-1 libgs9_9.19~dfsg-2 libgs9-common_9.19~dfsg-2 libgssapi-krb5-2_1.14.3+dfsg-1 libharfbuzz-icu0_1.2.7-1+b1 libharfbuzz0b_1.2.7-1+b1 libhogweed4_3.2-1 libice6_2:1.0.9-1+b1 libicu57_57.1-3 libidn11_1.33-1 libijs-0.35_0.35-12 libisl15_0.17.1-1 libitm1_6.2.0-1 libjbig0_2.1-3.1 libjbig2dec0_0.13-3 libjpeg62-turbo_1:1.5.0-1 libk5crypto3_1.14.3+dfsg-1 libkeyutils1_1.5.9-9 libkpathsea6_2016.20160513.41080-6 libkrb5-3_1.14.3+dfsg-1 libkrb5support0_1.14.3+dfsg-1 liblapack-dev_3.6.1-2 liblapack-pic_3.6.1-2 liblapack3_3.6.1-2 liblcms2-2_2.7-1 libldap-2.4-2_2.4.42+dfsg-2+b2 libllvm3.8_1:3.8.1-9 liblsan0_6.2.0-1 liblz4-1_0.0~r131-2 liblzma5_5.1.1alpha+20120614-2.1 libmagic-mgc_1:5.28-4 libmagic1_1:5.28-4 libmount1_2.28.1-1 libmpc3_1.0.3-1 libmpfr4_3.1.4-2 libmpx2_6.2.0-1 libncurses5_6.0+20160625-1 libncursesw5_6.0+20160625-1 libnettle6_3.2-1 libnspr4_2:4.12-6 libnss3_2:3.26-1 libobjc-6-dev_6.2.0-1 libobjc4_6.2.0-1 libopenjp2-7_2.1.1-1 libp11-kit0_0.23.2-5 libpam-modules_1.1.8-3.3 libpam-modules-bin_1.1.8-3.3 libpam-runtime_1.1.8-3.3 libpam0g_1.1.8-3.3 libpaper-utils_1.1.24+nmu4 libpaper1_1.1.24+nmu4 libpcre3_2:8.39-2 libperl5.22_5.22.2-3 libpipeline1_1.4.1-2 libpixman-1-0_0.33.6-1 libpng16-16_1.6.24-2 libpoppler61_0.44.0-3 libpotrace0_1.13-2 libptexenc1_2016.20160513.41080-6 libquadmath0_6.2.0-1 libsasl2-2_2.1.26.dfsg1-15 libsasl2-modules-db_2.1.26.dfsg1-15 libselinux1_2.5-3 libsemanage-common_2.5-1 libsemanage1_2.5-1 libsepol1_2.5-1 libsigsegv2_2.10-5 libsm6_2:1.2.2-1+b1 libsmartcols1_2.28.1-1 libsqlite3-0_3.14.1-1 libss2_1.43.1-1 libstdc++-6-dev_6.2.0-1 libstdc++6_6.2.0-1 libsynctex1_2016.20160513.41080-6 libsystemd0_231-5 libtasn1-6_4.9-4 libtexlua52_2016.20160513.41080-6 libtexluajit2_2016.20160513.41080-6 libtiff5_4.0.6-2 libtimedate-perl_2.3000-2 libtinfo5_6.0+20160625-1 libtool_2.4.6-2 libtsan0_6.2.0-1 libubsan0_6.2.0-1 libudev1_231-5 libunistring0_0.9.6+really0.9.3-0.1 libustr-1.0-1_1.0.4-5 libuuid1_2.28.1-1 libx11-6_2:1.6.3-1 libx11-data_2:1.6.3-1 libxau6_1:1.0.8-1 libxaw7_2:1.0.13-1 libxcb-render0_1.11.1-1.1 libxcb-shm0_1.11.1-1.1 libxcb1_1.11.1-1.1 libxdmcp6_1:1.1.2-1.1 libxext6_2:1.3.3-1 libxi6_2:1.7.6-1 libxml2_2.9.4+dfsg1-1+b1 libxmu6_2:1.1.2-2 libxpm4_1:3.5.11-1+b1 libxrender1_1:0.9.9-2 libxt6_1:1.1.5-1 libzzip-0-13_0.13.62-3 linux-libc-dev_4.7.2-1 login_1:4.2-3.1 lsb-base_9.20160629 m4_1.4.17-5 make_4.1-9 man-db_2.7.5-1 mawk_1.3.3-17 mount_2.28.1-1 multiarch-support_2.23-5 ncurses-base_6.0+20160625-1 ncurses-bin_6.0+20160625-1 passwd_1:4.2-3.1 patch_2.7.5-1 perl_5.22.2-3 perl-base_5.22.2-3 perl-modules-5.22_5.22.2-3 po-debconf_1.0.19 poppler-data_0.4.7-7 sbuild-build-depends-atlas-dummy_0.invalid.0 sbuild-build-depends-core-dummy_0.invalid.0 sed_4.2.2-7.1 sensible-utils_0.0.9 sysvinit-utils_2.88dsf-59.8 t1utils_1.39-2 tar_1.29b-1 tex-common_6.05 texlive-base_2016.20160819-2 texlive-binaries_2016.20160513.41080-6 texlive-latex-base_2016.20160819-2 ucf_3.0036 util-linux_2.28.1-1 x11-common_1:7.7+16 xdg-utils_1.1.1-1 xz-utils_5.1.1alpha+20120614-2.1 zlib1g_1:1.2.8.dfsg-2+b1

+------------------------------------------------------------------------------+
| Build                                                                        |
+------------------------------------------------------------------------------+


Unpack source
-------------

gpgv: unknown type of key resource 'trustedkeys.kbx'
gpgv: keyblock resource '/sbuild-nonexistent/.gnupg/trustedkeys.kbx': General error
gpgv: Signature made Sat Aug  6 18:29:46 2016 UTC using RSA key ID 
gpgv: Can't check signature: No public key
dpkg-source: warning: failed to verify signature on ./atlas_3.10.3-1.dsc
dpkg-source: info: extracting atlas in /<<PKGBUILDDIR>>
dpkg-source: info: unpacking atlas_3.10.3.orig.tar.bz2
dpkg-source: info: unpacking atlas_3.10.3-1.debian.tar.xz
dpkg-source: info: applying 02_rename_lapack_atlas.diff
dpkg-source: info: applying static_full_blas_lapack.diff
dpkg-source: info: applying shared_libraries.diff
dpkg-source: info: applying 10_s390.diff
dpkg-source: info: applying 16_warning-removed.diff
dpkg-source: info: applying 17_hppa.diff
dpkg-source: info: applying 18_alpha.diff
dpkg-source: info: applying 20_armel.diff
dpkg-source: info: applying 21_mips2.diff
dpkg-source: info: applying 22_sh.diff
dpkg-source: info: applying kfreebsd.diff
dpkg-source: info: applying armel-is-v4t.diff
dpkg-source: info: applying generic.diff
dpkg-source: info: applying ppc64el-abiv2.patch
dpkg-source: info: applying ppc64el-ifdef-files-with-lvx.patch
dpkg-source: info: applying powerpc-dcbt.patch

Check disc space
----------------

Sufficient free space for build

User Environment
----------------

APT_CONFIG=/var/lib/sbuild/apt.conf
HOME=/sbuild-nonexistent
LC_ALL=POSIX
LOGNAME=user42
PATH=/usr/local/sbin:/usr/local/bin:/usr/sbin:/usr/bin:/sbin:/bin:/usr/games
SCHROOT_ALIAS_NAME=unstable-amd64-sbuild
SCHROOT_CHROOT_NAME=unstable-amd64-sbuild
SCHROOT_COMMAND=env
SCHROOT_GID=1001
SCHROOT_GROUP=user42
SCHROOT_SESSION_ID=unstable-amd64-sbuild-60c6f6d4-0011-4dfb-9e20-1cc4903b2e87
SCHROOT_UID=1001
SCHROOT_USER=user42
SHELL=/bin/sh
USER=user42

dpkg-buildpackage
-----------------

dpkg-buildpackage: info: source package atlas
dpkg-buildpackage: info: source version 3.10.3-1
dpkg-buildpackage: info: source distribution unstable
dpkg-buildpackage: info: source changed by Sbastien Villemot <sebastien@debian.org>
 dpkg-source --before-build atlas-3.10.3
dpkg-buildpackage: info: host architecture amd64
 fakeroot debian/rules clean
test -x debian/rules
dh_clean 
dh_testdir
dh_testroot
rm -rf build check
rm -f debian/blas-atlas.pc debian/lapack-atlas.pc
rm -f configure-stamp build-stamp
rm -f TexDoc/*.pdf
[ ! -f Makefile ] || /usr/bin/make distclean
 debian/rules build-arch
test -x debian/rules
mkdir -p "."
dh_testdir
set -e;											\
	targetName=`echo base_x86SSE2_768|sed -e "s|\(.*\)_.*_.*|atlas-\1|g"`; \
	atlasArch=`echo base_x86SSE2_768|sed -e "s|.*_\(.*\)_.*|\1|g"`; \
	atlasISA=`echo base_x86SSE2_768|sed -e "s|.*_.*_\(.*\)|\1|g"`; \
	mkdir -p build/$targetName;					\
	cd build/$targetName; 							\
	if test "base_x86SSE2_768" != "base__"; then 		\
	../../configure --prefix="/<<PKGBUILDDIR>>/debian/tmp/" --incdir="/<<PKGBUILDDIR>>/debian/tmp//usr/include/" --libdir="/<<PKGBUILDDIR>>/debian/tmp//usr/lib/$targetName" --cc="cc" --cflags="" -D c -DWALL -b 64 -Fa alg '-fPIC' -Ss f77lib "-L`cc -print-search-dirs|grep ^install:|awk '{print $2}'` -lgfortran -lgcc_s -lpthread" -Ss pmake '/usr/bin/make' -Ss flapack /usr/lib/liblapack_pic.a -A $atlasArch -V $atlasISA -v 2 -t 0 -Ss ADdir ../../../debian/archdefs/amd64 --cripple-atlas-performance; \
	else						\
	../../configure --prefix="/<<PKGBUILDDIR>>/debian/tmp/" --incdir="/<<PKGBUILDDIR>>/debian/tmp//usr/include/" --libdir="/<<PKGBUILDDIR>>/debian/tmp//usr/lib/$targetName" --cc="cc" --cflags="" -D c -DWALL -b 64 -Fa alg '-fPIC' -Ss f77lib "-L`cc -print-search-dirs|grep ^install:|awk '{print $2}'` -lgfortran -lgcc_s -lpthread" -Ss pmake '/usr/bin/make' -Ss flapack /usr/lib/liblapack_pic.a -A $atlasArch -V $atlasISA -v 2;	\
	fi;						\
	echo "Configure done. targetName = $targetName / atlasArch = $atlasArch / atlasISA = $atlasISA";								\
	if test ! -s Make.inc; then echo "Configure failed: Make.inc not found"; exit 1; fi;											\
	cat Make.inc |grep ARCH|head -1|awk '{print $3}'; \
	echo "=============================================="; \
	cd -
make[1]: Entering directory '/<<PKGBUILDDIR>>/build/atlas-base'
cc -I/<<PKGBUILDDIR>>/build/atlas-base/../..//CONFIG/include   -c /<<PKGBUILDDIR>>/build/atlas-base/../..//CONFIG/src/atlconf_misc.c
/<<PKGBUILDDIR>>/build/atlas-base/../..//CONFIG/src/atlconf_misc.c:127:22: warning: using the result of an assignment as a condition without parentheses [-Wparentheses]
   for (i=0; str0[i] = str[i]; i++);
             ~~~~~~~~^~~~~~~~
/<<PKGBUILDDIR>>/build/atlas-base/../..//CONFIG/src/atlconf_misc.c:127:22: note: place parentheses around the assignment to silence this warning
   for (i=0; str0[i] = str[i]; i++);
                     ^
             (               )
/<<PKGBUILDDIR>>/build/atlas-base/../..//CONFIG/src/atlconf_misc.c:127:22: note: use '==' to turn this assignment into an equality comparison
   for (i=0; str0[i] = str[i]; i++);
                     ^
                     ==
/<<PKGBUILDDIR>>/build/atlas-base/../..//CONFIG/src/atlconf_misc.c:260:30: warning: format specifies type 'unsigned long *' but the argument has type 'long long *' [-Wformat]
         sscanf(ln+i, "%lx", &iret);
                       ~~~   ^~~~~
                       %llx
2 warnings generated.
cc -I/<<PKGBUILDDIR>>/build/atlas-base/../..//CONFIG/include   -o xconfig /<<PKGBUILDDIR>>/build/atlas-base/../..//CONFIG/src/config.c atlconf_misc.o 
/<<PKGBUILDDIR>>/build/atlas-base/../..//CONFIG/src/config.c:545:14: warning: using the result of an assignment as a condition without parentheses [-Wparentheses]
   while (sp = strstr(sp, "-L"))
          ~~~^~~~~~~~~~~~~~~~~~
/<<PKGBUILDDIR>>/build/atlas-base/../..//CONFIG/src/config.c:545:14: note: place parentheses around the assignment to silence this warning
   while (sp = strstr(sp, "-L"))
             ^
          (                    )
/<<PKGBUILDDIR>>/build/atlas-base/../..//CONFIG/src/config.c:545:14: note: use '==' to turn this assignment into an equality comparison
   while (sp = strstr(sp, "-L"))
             ^
             ==
1 warning generated.
/tmp/config-e74659.o: In function `ATL_tmpnam':
/<<PKGBUILDDIR>>/build/atlas-base/../..//CONFIG/src/config.c:(.text+0x6d95): warning: the use of `tmpnam' is dangerous, better use `mkstemp'
make[1]: Leaving directory '/<<PKGBUILDDIR>>/build/atlas-base'
./xconfig -d s /<<PKGBUILDDIR>>/build/atlas-base/../../ -d b /<<PKGBUILDDIR>>/build/atlas-base  -D c -DWALL -b 64 -Fa alg -fPIC -Ss f77lib '-L -lgfortran -lgcc_s -lpthread' -Ss pmake /usr/bin/make -Ss flapack /usr/lib/liblapack_pic.a -A x86SSE2 -V 768 -v 2 -t 0 -Ss ADdir ../../../debian/archdefs/amd64 -Si cripple-perf 1
probe_OS.o: In function `ATL_tmpnam':
/<<PKGBUILDDIR>>/build/atlas-base/../..//CONFIG/src/probe_OS.c:(.text+0xfa5): warning: the use of `tmpnam' is dangerous, better use `mkstemp'
probe_asm.o: In function `ATL_tmpnam':
/<<PKGBUILDDIR>>/build/atlas-base/../..//CONFIG/src/probe_asm.c:(.text+0xe05): warning: the use of `tmpnam' is dangerous, better use `mkstemp'
system(make IRun_GAS_x8632 args="-v 2" MYFLAGS="-DATL_OS_Linux" 2> /dev/null | fgrep SUCCESS)

ierr=256 in command='make IRun_GAS_x8632 args="-v 2" MYFLAGS="-DATL_OS_Linux" 2> /dev/null | fgrep SUCCESS'!

OUTPUT:
=======
system(make IRun_GAS_x8664 args="-v 2" MYFLAGS="-DATL_OS_Linux" 2> /dev/null | fgrep SUCCESS)
/<<PKGBUILDDIR>>/build/atlas-base/../..//CONFIG/src/probe_arch.c:201:33: warning: incompatible pointer types passing 'char *[13]' to parameter of type 'const char *' [-Wincompatible-pointer-types]
   i = 1 + strlen(frm) + strlen(osnam) + strlen(osnam[OS]) +
                                ^~~~~
/usr/include/string.h:394:35: note: passing argument to parameter '__s' here
extern size_t strlen (const char *__s)
                                  ^
1 warning generated.
probe_arch.o: In function `ATL_tmpnam':
/<<PKGBUILDDIR>>/build/atlas-base/../..//CONFIG/src/probe_arch.c:(.text+0x1a35): warning: the use of `tmpnam' is dangerous, better use `mkstemp'
/<<PKGBUILDDIR>>/build/atlas-base/../..//CONFIG/src/backend/archinfo_x86.c:463:1: warning: type specifier missing, defaults to 'int' [-Wimplicit-int]
main(int nargs, char **args)
^
1 warning generated.
/<<PKGBUILDDIR>>/build/atlas-base/../..//CONFIG/src/atlconf_misc.c:127:22: warning: using the result of an assignment as a condition without parentheses [-Wparentheses]
   for (i=0; str0[i] = str[i]; i++);
             ~~~~~~~~^~~~~~~~
/<<PKGBUILDDIR>>/build/atlas-base/../..//CONFIG/src/atlconf_misc.c:127:22: note: place parentheses around the assignment to silence this warning
   for (i=0; str0[i] = str[i]; i++);
                     ^
             (               )
/<<PKGBUILDDIR>>/build/atlas-base/../..//CONFIG/src/atlconf_misc.c:127:22: note: use '==' to turn this assignment into an equality comparison
   for (i=0; str0[i] = str[i]; i++);
                     ^
                     ==
/<<PKGBUILDDIR>>/build/atlas-base/../..//CONFIG/src/atlconf_misc.c:260:30: warning: format specifies type 'unsigned long *' but the argument has type 'long long *' [-Wformat]
         sscanf(ln+i, "%lx", &iret);
                       ~~~   ^~~~~
                       %llx
2 warnings generated.
/<<PKGBUILDDIR>>/build/atlas-base/../..//CONFIG/src/backend/archinfo_linux.c:372:27: warning: using the result of an assignment as a condition without parentheses [-Wparentheses]
         for (ncpu=0; res = ATL_fgets(res, &len, fpres); ncpu++);
                      ~~~~^~~~~~~~~~~~~~~~~~~~~~~~~~~~~
/<<PKGBUILDDIR>>/build/atlas-base/../..//CONFIG/src/backend/archinfo_linux.c:372:27: note: place parentheses around the assignment to silence this warning
         for (ncpu=0; res = ATL_fgets(res, &len, fpres); ncpu++);
                          ^
                      (                                )
/<<PKGBUILDDIR>>/build/atlas-base/../..//CONFIG/src/backend/archinfo_linux.c:372:27: note: use '==' to turn this assignment into an equality comparison
         for (ncpu=0; res = ATL_fgets(res, &len, fpres); ncpu++);
                          ^
                          ==
/<<PKGBUILDDIR>>/build/atlas-base/../..//CONFIG/src/backend/archinfo_linux.c:574:1: warning: type specifier missing, defaults to 'int' [-Wimplicit-int]
main(int nargs, char **args)
^
2 warnings generated.
/tmp/archinfo_linux-38cd1b.o: In function `ATL_tmpnam':
/<<PKGBUILDDIR>>/build/atlas-base/../..//CONFIG/src/backend/archinfo_linux.c:(.text+0x2395): warning: the use of `tmpnam' is dangerous, better use `mkstemp'
cmnd='make IRun_comp args="-v 2 -o atlconf.txt -O 1 -A 17 -Si nof77 0 -V 768  -Fa ic '-fPIC' -Fa sm '-fPIC' -Fa dm '-fPIC' -Fa sk '-fPIC' -Fa dk '-fPIC' -Fa xc '-fPIC' -Fa gc '-fPIC' -Fa if '-fPIC' -b 64"'
make[1]: Entering directory '/<<PKGBUILDDIR>>/build/atlas-base'
cc -I/<<PKGBUILDDIR>>/build/atlas-base/../..//CONFIG/include   -o xisgcc /<<PKGBUILDDIR>>/build/atlas-base/../..//CONFIG/src/IsGcc.c atlconf_misc.o 
atlconf_misc.o: In function `ATL_tmpnam':
/<<PKGBUILDDIR>>/build/atlas-base/../..//CONFIG/src/atlconf_misc.c:(.text+0x4b15): warning: the use of `tmpnam' is dangerous, better use `mkstemp'
cc -I/<<PKGBUILDDIR>>/build/atlas-base/../..//CONFIG/include   -c /<<PKGBUILDDIR>>/build/atlas-base/../..//CONFIG/src/probe_comp.c
/<<PKGBUILDDIR>>/build/atlas-base/../..//CONFIG/src/probe_comp.c:661:13: warning: implicit declaration of function 'CompIsClang' is invalid in C99 [-Wimplicit-function-declaration]
   else if (CompIsClang(comp))
            ^
/<<PKGBUILDDIR>>/build/atlas-base/../..//CONFIG/src/probe_comp.c:1148:24: warning: implicit declaration of function 'CompIsMinGW' is invalid in C99 [-Wimplicit-function-declaration]
      if (!USEMINGW && CompIsMinGW(gccs[i]))
                       ^
/<<PKGBUILDDIR>>/build/atlas-base/../..//CONFIG/src/probe_comp.c:1691:30: warning: implicit conversion from enumeration type 'enum F2CINT' to different enumeration type 'enum F2CNAME' [-Wenum-conversion]
           *f2cnam = *f2cint = *f2cstr = 0;
                   ~ ~~~~~~~~^~~~~~~~~~~~~
/<<PKGBUILDDIR>>/build/atlas-base/../..//CONFIG/src/probe_comp.c:1691:40: warning: implicit conversion from enumeration type 'enum F2CSTRING' to different enumeration type 'enum F2CINT' [-Wenum-conversion]
           *f2cnam = *f2cint = *f2cstr = 0;
                             ~ ~~~~~~~~^~~
4 warnings generated.
cc -I/<<PKGBUILDDIR>>/build/atlas-base/../..//CONFIG/include   -o xprobe_comp probe_comp.o atlconf_misc.o 
probe_comp.o: In function `ATL_tmpnam':
/<<PKGBUILDDIR>>/build/atlas-base/../..//CONFIG/src/probe_comp.c:(.text+0x78c5): warning: the use of `tmpnam' is dangerous, better use `mkstemp'
rm -f config1.out
make atlas_run atldir=/<<PKGBUILDDIR>>/build/atlas-base exe=xprobe_comp redir=config1.out \
                args="-v 2 -o atlconf.txt -O 1 -A 17 -Si nof77 0 -V 768  -Fa ic '-fPIC' -Fa sm '-fPIC' -Fa dm '-fPIC' -Fa sk '-fPIC' -Fa dk '-fPIC' -Fa xc '-fPIC' -Fa gc '-fPIC' -Fa if '-fPIC' -b 64 -d b /<<PKGBUILDDIR>>/build/atlas-base"
make[2]: Entering directory '/<<PKGBUILDDIR>>/build/atlas-base'
cd /<<PKGBUILDDIR>>/build/atlas-base ; ./xprobe_comp -v 2 -o atlconf.txt -O 1 -A 17 -Si nof77 0 -V 768  -Fa ic '-fPIC' -Fa sm '-fPIC' -Fa dm '-fPIC' -Fa sk '-fPIC' -Fa dk '-fPIC' -Fa xc '-fPIC' -Fa gc '-fPIC' -Fa if '-fPIC' -b 64 -d b /<<PKGBUILDDIR>>/build/atlas-base > config1.out

ierr=256 in command='find $HOME/local -name '*gcc*' -exec ./xisgcc '{}' \;'!

OUTPUT:
=======

ierr=256 in command='find /usr/local /bin /sbin /usr/bin /usr/sbin /opt/bin /opt/sbin -name '*gcc*' -exec ./xisgcc '{}' \;'!

OUTPUT:
=======

Compiler nodes: Fresh Read
  0. priority=0, comps,OS,arch[0]=(128,1,1), comp='f77'
     '-O'
  1. priority=4, comps,OS,arch[0]=(128,1,1), comp='g77'
     '-O'
  2. priority=5, comps,OS,arch[0]=(128,1,1), comp='gfortran'
     '-O'
  3. priority=5, comps,OS,arch[0]=(127,1,1), comp='gcc'
     '-O -fomit-frame-pointer'
  4. priority=4, comps,OS,arch[0]=(127,1,1), comp='clang'
     '-O2'
  5. priority=1000, comps,OS,arch[0]=(128,1,0), comp='gfortran'
     '-O2 -mcpu=cortex-a53'
  6. priority=1000, comps,OS,arch[0]=(4,1,0), comp='gcc'
     '-O1 -mcpu=cortex-a53 -mtune=cortex-a53 -fexpensive-optimizations'
  7. priority=1000, comps,OS,arch[0]=(2,1,0), comp='gcc'
     '-O2 -mcpu=cortex-a53 -mtune=cortex-a53'
  8. priority=1000, comps,OS,arch[0]=(88,1,0), comp='gcc'
     ' -mcpu=cortex-a53 -mtune=cortex-a53 -O3 -ftree-vect-loop-version -ftree-vectorize'
  9. priority=1000, comps,OS,arch[0]=(1,1,0), comp='gcc'
     '-mcpu=cortex-a53 -mtune=cortex-a53 -O2'
 10. priority=1000, comps,OS,arch[0]=(32,1,0), comp='gcc'
     '-march=native -O2'
 11. priority=1000, comps,OS,arch[0]=(128,1,0), comp='gfortran'
     '-march=native -O2'
 12. priority=1000, comps,OS,arch[0]=(128,1,0), comp='gfortran'
     '-O2 -mcpu=cortex-a57'
 13. priority=1100, comps,OS,arch[0]=(6,1,0), comp='gcc'
     '-O1 -mcpu=cortex-a57 -mtune=cortex-a57'
 14. priority=1000, comps,OS,arch[0]=(88,1,0), comp='gcc'
     ' -mcpu=cortex-a57 -mtune=cortex-a57 -O3'
 15. priority=1000, comps,OS,arch[0]=(1,1,0), comp='gcc'
     '-mcpu=cortex-a57 -mtune=cortex-a57 -O2'
 16. priority=1000, comps,OS,arch[0]=(32,1,0), comp='gcc'
     '-mcpu=cortex-a57 -O2'
 17. priority=1000, comps,OS,arch[0]=(128,1,0), comp='gfortran'
     '-mcpu=cortex-a57 -O2'
 18. priority=1000, comps,OS,arch[0]=(4,1,0), comp='gcc'
     '-O1 -mcpu=xgene1 -mtune=xgene1 -fexpensive-optimizations -fprefetch-loop-arrays'
 19. priority=1000, comps,OS,arch[0]=(2,1,0), comp='gcc'
     '-O2 -mcpu=xgene1 -mtune=xgene1 -fprefetch-loop-arrays'
 20. priority=1000, comps,OS,arch[0]=(88,1,0), comp='gcc'
     ' -mcpu=xgene1 -mtune=xgene1 -O3 -ftree-vect-loop-version -ftree-vectorize -fprefetch-loop-arrays'
 21. priority=1000, comps,OS,arch[0]=(1,1,0), comp='gcc'
     ' -mcpu=xgene1 -mtune=xgene1 -O2'
 22. priority=1000, comps,OS,arch[0]=(32,1,0), comp='gcc'
     '-O2'
 23. priority=1100, comps,OS,arch[0]=(26,1,0), comp='gcc'
     '-O2 -mcpu=cortex-a9 -fschedule-insns'
 24. priority=1100, comps,OS,arch[0]=(4,1,0), comp='gcc'
     '-O3 -mcpu=cortex-a9 -fno-schedule-insns -fno-schedule-insns2'
 25. priority=1100, comps,OS,arch[0]=(4,1,0), comp='gcc'
     '-O2 -mcpu=cortex-a7 -fno-schedule-insns -fselective-scheduling2'
 26. priority=1000, comps,OS,arch[0]=(128,1,0), comp='gfortran'
     '-O2'
 27. priority=1000, comps,OS,arch[0]=(20,1,0), comp='gcc'
     '-O2 -fno-schedule-insns -fno-schedule-insns2 -fprefetch-loop-arrays'
 28. priority=1000, comps,OS,arch[0]=(75,1,0), comp='gcc'
     '-O2 -fselective-scheduling2'
 29. priority=1000, comps,OS,arch[0]=(32,1,0), comp='gcc'
     '-O2'
 30. priority=0, comps,OS,arch[0]=(63,768,16777216), comp='icl'
     '-QxN -O3 -Qprec -fp:extended -fp:except -nologo -Oy'
 31. priority=0, comps,OS,arch[0]=(128,768,1), comp='ifort'
     '-O2 -fltconsistency -nologo'
 32. priority=0, comps,OS,arch[0]=(63,768,1), comp='cl'
     '-Oy -Ox -arch:SSE2 -nologo'
 33. priority=4, comps,OS,arch[0]=(63,768,8388608), comp='cl'
     '-Oy -Ox -arch:SSE -nologo'
 34. priority=4, comps,OS,arch[0]=(63,768,7864320), comp='cl'
     '-Oy -Ox'
 35. priority=1000, comps,OS,arch[0]=(128,1,16384), comp='gfortran'
     '-march=native -O -mvx -mzvector'
 36. priority=1000, comps,OS,arch[0]=(2,1,16384), comp='gcc'
     '-march=native -O -mvx -mzvector -fno-peephole -fno-peephole2'
 37. priority=1000, comps,OS,arch[0]=(125,1,16384), comp='gcc'
     '-march=native -O -mvx -mzvector'
 38. priority=500, comps,OS,arch[0]=(127,1,15360), comp='gcc'
     '-O3 -funroll-loops'
 39. priority=500, comps,OS,arch[0]=(128,1,7168), comp='gfortran'
     '-O3 -funroll-loops'
 40. priority=600, comps,OS,arch[0]=(128,1,4096), comp='gfortran'
     '-march=z9-109 -O3 -funroll-loops'
 41. priority=600, comps,OS,arch[0]=(127,1,4096), comp='gcc'
     '-march=z9-109 -O3 -funroll-loops'
 42. priority=800, comps,OS,arch[0]=(128,1,4096), comp='gfortran'
     '-march=z10 -O3 -funroll-loops -fno-prefetch-loop-arrays'
 43. priority=800, comps,OS,arch[0]=(127,1,4096), comp='gcc'
     '-march=z10 -O3 -funroll-loops -fno-prefetch-loop-arrays'
 44. priority=1000, comps,OS,arch[0]=(127,1,4096), comp='gcc'
     '-march=z196 -O3 -funroll-loops -fno-prefetch-loop-arrays'
 45. priority=1000, comps,OS,arch[0]=(128,1,4096), comp='gfortran'
     '-march=z196 -O3 -funroll-loops -fno-prefetch-loop-arrays'
 46. priority=600, comps,OS,arch[0]=(127,1,2048), comp='gcc'
     '-march=z9-109 -O3 -funroll-loops -fno-prefetch-loop-arrays'
 47. priority=600, comps,OS,arch[0]=(128,1,2048), comp='gfortran'
     '-march=z9-109 -O3 -funroll-loops'
 48. priority=1000, comps,OS,arch[0]=(127,1,2048), comp='gcc'
     '-march=z10 -O3 -funroll-loops -fno-prefetch-loop-arrays'
 49. priority=1000, comps,OS,arch[0]=(127,1,1024), comp='gcc'
     '-march=z9-109 -O3 -funroll-loops'
 50. priority=1010, comps,OS,arch[0]=(128,1,16), comp='xlf'
     '-qtune=pwr4 -qarch=pwr4 -O3 -qmaxmem=-1 -qfloat=hsflt'
 51. priority=1010, comps,OS,arch[0]=(127,1,16), comp='gcc'
     '-mcpu=power4 -mtune=power4 -O3 -fno-schedule-insns -fno-rerun-loop-opt'
 52. priority=1010, comps,OS,arch[0]=(128,1,32), comp='xlf'
     '-qtune=pwr5 -qarch=pwr5 -O3 -qmaxmem=-1 -qfloat=hsflt'
 53. priority=1010, comps,OS,arch[0]=(128,1,128), comp='xlf'
     '-qtune=pwr7 -qarch=pwr7 -O3 -qmaxmem=-1 -qfloat=hsflt'
 54. priority=1010, comps,OS,arch[0]=(128,1,32), comp='gfortran'
     '-mcpu=power5 -mtune=power5 -O3 -fno-schedule-insns -fno-rerun-loop-opt'
 55. priority=1010, comps,OS,arch[0]=(128,1,64), comp='gfortran'
     '-mcpu=power6 -mtune=power6 -maltivec -O3 -fno-schedule-insns -fschedule-insns2 -minsert-sched-nops=2'
 56. priority=1010, comps,OS,arch[0]=(127,1,32), comp='gcc'
     '-mcpu=power5 -mtune=power5 -O3 -fno-schedule-insns -fno-rerun-loop-opt'
 57. priority=1010, comps,OS,arch[0]=(127,1,64), comp='gcc'
     '-mcpu=power6 -mtune=power6 -maltivec -O3 -fno-schedule-insns -fschedule-insns2 -minsert-sched-nops=2'
 58. priority=1010, comps,OS,arch[0]=(128,1,256), comp='gfortran'
     '-O2 -mvsx -mcpu=power8 -mtune=power8 -mvrsave -funroll-all-loops'
 59. priority=1010, comps,OS,arch[0]=(127,1,256), comp='gcc'
     '-O2 -mvsx -mcpu=power8 -mtune=power8 -mvrsave -funroll-all-loops'
 60. priority=1010, comps,OS,arch[0]=(128,1,128), comp='gfortran'
     '-O2 -mvsx -mcpu=power7 -mtune=power7 -mvrsave -funroll-all-loops'
 61. priority=1010, comps,OS,arch[0]=(127,1,128), comp='gcc'
     '-O2 -mvsx -mcpu=power7 -mtune=power7 -mvrsave -funroll-all-loops'
 62. priority=1000, comps,OS,arch[0]=(8,1,4), comp='gcc'
     '-mpowerpc64 -maltivec -mabi=altivec -mcpu=970 -mtune=970 -O2 -mvrsave'
 63. priority=1000, comps,OS,arch[0]=(117,1,4), comp='gcc'
     '-mpowerpc64 -maltivec -mabi=altivec -mcpu=970 -mtune=970 -O2'
 64. priority=1000, comps,OS,arch[0]=(2,1,4), comp='gcc'
     '-Os -mpowerpc64 -maltivec -mabi=altivec -mcpu=970 -mtune=970 -mvrsave -fno-schedule-insns2 -fno-schedule-insns'
 65. priority=1000, comps,OS,arch[0]=(121,1,2), comp='gcc'
     '-O3 -maltivec -mabi=altivec -mcpu=7400 -mtune=7400 -fno-schedule-insns -fschedule-insns2'
 66. priority=1000, comps,OS,arch[0]=(2,1,2), comp='gcc'
     '-Os -maltivec -mabi=altivec -mcpu=7400 -mtune=7400'
 67. priority=1000, comps,OS,arch[0]=(4,1,2), comp='gcc'
     '-Os -maltivec -mabi=altivec -mcpu=7400 -mtune=7400'
 68. priority=1, comps,OS,arch[0]=(33,1,0), comp='pathcc'
     '-march=auto -O2 -OPT:Olimit=15000 -LNO:blocking=OFF'
 69. priority=1, comps,OS,arch[0]=(6,1,0), comp='pathcc'
     '-O3 -OPT:Olimit=15000 -LNO:blocking=OFF -LOPT:alias=typed -march=auto -LNO:opt=0 -LNO:full_unroll_outer=OFF -LNO:fusion=0 -LNO:prefetch=2'
 70. priority=1, comps,OS,arch[0]=(24,1,0), comp='pathcc'
     '-O3 -OPT:Olimit=15000 -LNO:blocking=OFF -LOPT:alias=typed -march=auto'
 71. priority=1000, comps,OS,arch[0]=(128,1,0), comp='pathf95'
     '-march=auto -O2'
 72. priority=500, comps,OS,arch[0]=(127,1,0), comp='gcc'
     '-O2 -mips64 -march=5kf -mtune=5kf -fno-schedule-insns -fschedule-insns2 -fno-peephole -fno-peephole2'
 73. priority=1000, comps,OS,arch[0]=(128,32,0), comp='f77'
     '-O2'
 74. priority=1000, comps,OS,arch[0]=(97,32,0), comp='cc'
     '-O2 -OPT:Olimit=15000 -LNO:blocking=OFF'
 75. priority=1000, comps,OS,arch[0]=(30,32,0), comp='cc'
     '-O3 -OPT:Olimit=15000 -LNO:blocking=OFF -LOPT:alias=typed'
 76. priority=1010, comps,OS,arch[0]=(128,1,0), comp='gfortran'
     '-fomit-frame-pointer -O2 -fno-tree-loop-optimize'
 77. priority=1000, comps,OS,arch[0]=(30,1,0), comp='gcc'
     '-fomit-frame-pointer -O2'
 78. priority=1010, comps,OS,arch[0]=(30,1,0), comp='gcc'
     '-fomit-frame-pointer -O2 -fno-tree-loop-optimize'
 79. priority=10, comps,OS,arch[0]=(128,1,0), comp='g77'
     '-O -mcpu=ultrasparc3 -mtune=ultrasparc3'
 80. priority=100, comps,OS,arch[0]=(128,1,0), comp='gfortran'
     '-O -mcpu=ultrasparc3 -mtune=ultrasparc3'
 81. priority=1000, comps,OS,arch[0]=(128,1,0), comp='f77'
     '-dalign -native -xO5'
 82. priority=1000, comps,OS,arch[0]=(96,1,0), comp='gcc'
     '-mcpu=ultrasparc3 -mtune=ultrasparc3 -O'
 83. priority=1000, comps,OS,arch[0]=(29,1,0), comp='gcc'
     '-O3 -mcpu=ultrasparc3 -mtune=ultrasparc3 -fno-schedule-insns2 -fschedule-insns'
 84. priority=1000, comps,OS,arch[0]=(2,1,0), comp='gcc'
     '-O1 -mcpu=ultrasparc3 -mtune=ultrasparc3 -fschedule-insns -fmodulo-sched'
 85. priority=1000, comps,OS,arch[0]=(128,1,0), comp='gfortran'
     '-mcpu=niagara2 -mtune=niagara2 -Os'
 86. priority=1000, comps,OS,arch[0]=(127,1,0), comp='gcc'
     '-mcpu=niagara2 -mtune=niagara2 -Os'
 87. priority=1000, comps,OS,arch[0]=(95,1,0), comp='gcc'
     '-fomit-frame-pointer -mfpmath=sse -mfma4 -O2 -fno-tree-loop-optimize'
 88. priority=1000, comps,OS,arch[0]=(95,1,0), comp='gcc'
     '-Os -fomit-frame-pointer'
 89. priority=1005, comps,OS,arch[0]=(95,896,0), comp='gcc'
     '-fomit-frame-pointer -mfpmath=sse -O2'
 90. priority=1000, comps,OS,arch[0]=(95,1,0), comp='gcc'
     '-fomit-frame-pointer -mfpmath=sse -O2'
 91. priority=1000, comps,OS,arch[0]=(128,1,0), comp='gfortran'
     '-fomit-frame-pointer -mfpmath=sse -O2'
 92. priority=1000, comps,OS,arch[0]=(95,1,100663296), comp='gcc'
     '-fomit-frame-pointer -O3 -mfpmath=387'
 93. priority=1005, comps,OS,arch[0]=(31,896,100663296), comp='gcc-4'
     '-fomit-frame-pointer -O3 -mfpmath=387'
 94. priority=1000, comps,OS,arch[0]=(95,1,14680064), comp='gcc'
     '-fomit-frame-pointer -mfpmath=387 -O2 -falign-loops=4'
 95. priority=1005, comps,OS,arch[0]=(31,896,14680064), comp='gcc-4'
     '-fomit-frame-pointer -mfpmath=387 -O2 -falign-loops=4'
 96. priority=1000, comps,OS,arch[0]=(128,1,14680064), comp='gfortran'
     '-fomit-frame-pointer -mfpmath=387 -O2 -falign-loops=4'
 97. priority=1000, comps,OS,arch[0]=(95,1,0), comp='gcc'
     '-fomit-frame-pointer -mfpmath=387 -O2'
 98. priority=1005, comps,OS,arch[0]=(31,896,0), comp='gcc-4'
     '-fomit-frame-pointer -mfpmath=387 -O2'
 99. priority=1000, comps,OS,arch[0]=(128,1,0), comp='gfortran'
     '-fomit-frame-pointer -mfpmath=387 -O2'
100. priority=1000, comps,OS,arch[0]=(25,1,0), comp='gcc-4'
     '-O2 -fomit-frame-pointer -mfpmath=sse'
101. priority=1005, comps,OS,arch[0]=(6,896,0), comp='gcc-4'
     '-O2 -fomit-frame-pointer -mfpmath=sse -fno-schedule-insns -fno-optimize-register-move'
102. priority=1000, comps,OS,arch[0]=(6,1,0), comp='gcc'
     '-O2 -fomit-frame-pointer -mfpmath=sse -fno-schedule-insns -fno-optimize-register-move'
103. priority=1000, comps,OS,arch[0]=(25,1,0), comp='gcc'
     '-O2 -fomit-frame-pointer -mfpmath=sse'
104. priority=1000, comps,OS,arch[0]=(128,1,0), comp='gfortran'
     '-O2 -fomit-frame-pointer -mfpmath=sse'
105. priority=1000, comps,OS,arch[0]=(128,1,262144), comp='gfortran'
     '-fomit-frame-pointer -mfpmath=sse -O2'
106. priority=1000, comps,OS,arch[0]=(95,1,262144), comp='gcc'
     '-fomit-frame-pointer -mfpmath=sse -O2'
107. priority=1000, comps,OS,arch[0]=(128,1,131072), comp='gfortran'
     '-fomit-frame-pointer -mfpmath=sse -O2'
108. priority=1000, comps,OS,arch[0]=(95,1,131072), comp='gcc'
     '-fomit-frame-pointer -mfpmath=sse -O2'
109. priority=1000, comps,OS,arch[0]=(128,1,65536), comp='gfortran'
     '-fomit-frame-pointer -mfpmath=387 -O2 -falign-loops=4'
110. priority=1000, comps,OS,arch[0]=(10,1,65536), comp='gcc'
     '-fomit-frame-pointer -mfpmath=sse -O2'
111. priority=1000, comps,OS,arch[0]=(85,1,65536), comp='gcc'
     '-fomit-frame-pointer -mfpmath=387 -O2 -falign-loops=4'
112. priority=1000, comps,OS,arch[0]=(128,1,98304), comp='gfortran'
     '-fomit-frame-pointer -mfpmath=387 -O2 -falign-loops=4'
113. priority=1000, comps,OS,arch[0]=(95,1,32768), comp='gcc'
     '-fomit-frame-pointer -mfpmath=387 -O2 -falign-loops=4'
114. priority=1000, comps,OS,arch[0]=(65,1,0), comp='gcc'
     '-O'
115. priority=1000, comps,OS,arch[0]=(30,1,0), comp='gcc'
     '-O3 -fno-schedule-insns2 -funroll-all-loops -fno-tree-ch'
116. priority=1000, comps,OS,arch[0]=(95,1,268435456), comp='gcc'
     '-fomit-frame-pointer -mfpmath=sse -O2'
117. priority=1005, comps,OS,arch[0]=(31,896,268435456), comp='gcc-4'
     '-fomit-frame-pointer -mfpmath=sse -O2'
118. priority=1000, comps,OS,arch[0]=(95,1,536870912), comp='gcc'
     '-fomit-frame-pointer -mfpmath=sse -O2 -fno-schedule-insns2'
119. priority=1005, comps,OS,arch[0]=(95,896,536870912), comp='gcc-4'
     '-fomit-frame-pointer -mfpmath=sse -O2 -fno-schedule-insns2'
120. priority=1000, comps,OS,arch[0]=(127,1,1073741824), comp='gcc'
     '-fomit-frame-pointer -mfpmath=sse -O2 -fno-schedule-insns2'
121. priority=1005, comps,OS,arch[0]=(31,896,1073741824), comp='gcc-4'
     '-fomit-frame-pointer -mfpmath=sse -O2 -fno-schedule-insns2'
122. priority=1100, comps,OS,arch[0]=(6,1,0), comp='gcc'
     '-fomit-frame-pointer -mfpmath=sse -O2 -fschedule-insns'
123. priority=1000, comps,OS,arch[0]=(127,1,-2147483648), comp='gcc'
     '-fomit-frame-pointer -mfpmath=sse -O2'


Compiler nodes: Targeted
  0. priority=0, comps,OS,arch[0]=(128,1,1), comp='f77'
     '-O'
  1. priority=4, comps,OS,arch[0]=(128,1,1), comp='g77'
     '-O'
  2. priority=5, comps,OS,arch[0]=(128,1,1), comp='gfortran'
     '-O'
  3. priority=5, comps,OS,arch[0]=(127,1,1), comp='gcc'
     '-O -fomit-frame-pointer'
  4. priority=4, comps,OS,arch[0]=(127,1,1), comp='clang'
     '-O2'
  5. priority=1000, comps,OS,arch[0]=(128,1,131072), comp='gfortran'
     '-fomit-frame-pointer -mfpmath=sse -O2'
  6. priority=1000, comps,OS,arch[0]=(95,1,131072), comp='gcc'
     '-fomit-frame-pointer -mfpmath=sse -O2'


Compiler nodes: Sorted
  0. priority=0, comps,OS,arch[0]=(128,1,1), comp='f77'
     '-O'
  1. priority=4, comps,OS,arch[0]=(127,1,1), comp='clang'
     '-O2'
  2. priority=4, comps,OS,arch[0]=(128,1,1), comp='g77'
     '-O'
  3. priority=5, comps,OS,arch[0]=(127,1,1), comp='gcc'
     '-O -fomit-frame-pointer'
  4. priority=5, comps,OS,arch[0]=(128,1,1), comp='gfortran'
     '-O'
  5. priority=1000, comps,OS,arch[0]=(95,1,131072), comp='gcc'
     '-fomit-frame-pointer -mfpmath=sse -O2'
  6. priority=1000, comps,OS,arch[0]=(128,1,131072), comp='gfortran'
     '-fomit-frame-pointer -mfpmath=sse -O2'

cmnd=make IRunCComp CC='gcc' CCFLAGS='-fomit-frame-pointer -mfpmath=sse -O2 -msse2 -fPIC '  | fgrep SUCCESS
   gcc -fomit-frame-pointer -mfpmath=sse -O2 -msse2 -fPIC  : SUCCESS!
cmnd=make IRunCComp CC='gcc' CCFLAGS='-fomit-frame-pointer -mfpmath=sse -O2 -msse2 -fPIC '  | fgrep SUCCESS
   gcc -fomit-frame-pointer -mfpmath=sse -O2 -msse2 -fPIC  : SUCCESS!
cmnd=make IRunCComp CC='gcc' CCFLAGS='-fomit-frame-pointer -mfpmath=sse -O2 -msse2 -fPIC '  | fgrep SUCCESS
   gcc -fomit-frame-pointer -mfpmath=sse -O2 -msse2 -fPIC  : SUCCESS!
cmnd=make IRunCComp CC='gcc' CCFLAGS='-fomit-frame-pointer -mfpmath=sse -O2 -msse2 -fPIC '  | fgrep SUCCESS
   gcc -fomit-frame-pointer -mfpmath=sse -O2 -msse2 -fPIC  : SUCCESS!
cmnd=make IRunCComp CC='gcc' CCFLAGS='-fomit-frame-pointer -mfpmath=sse -O2 -msse2 -fPIC '  | fgrep SUCCESS
   gcc -fomit-frame-pointer -mfpmath=sse -O2 -msse2 -fPIC  : SUCCESS!
cmnd=make IRunCComp CC='gcc' CCFLAGS='-fomit-frame-pointer -mfpmath=sse -O2 -msse2 -fPIC '  | fgrep SUCCESS
   gcc -fomit-frame-pointer -mfpmath=sse -O2 -msse2 -fPIC  : SUCCESS!
cmnd=make IRunCComp CC='gcc' CCFLAGS='-fomit-frame-pointer -mfpmath=sse -O2 -msse2 -fPIC '  | fgrep SUCCESS
   gcc -fomit-frame-pointer -mfpmath=sse -O2 -msse2 -fPIC  : SUCCESS!
cmnd=make IRunCComp CC='gcc' CCFLAGS='-fomit-frame-pointer -mfpmath=sse -O2 -msse2 -fPIC '  | fgrep SUCCESS
   gcc -fomit-frame-pointer -mfpmath=sse -O2 -msse2 -fPIC  : SUCCESS!
cmnd=make IRunCComp CC='gcc' CCFLAGS='-fomit-frame-pointer -mfpmath=sse -O2 -msse2 -fPIC '  | fgrep SUCCESS
   gcc -fomit-frame-pointer -mfpmath=sse -O2 -msse2 -fPIC  : SUCCESS!
cmnd=make IRunCComp CC='gcc' CCFLAGS='-fomit-frame-pointer -mfpmath=sse -O2 -msse2 -fPIC '  | fgrep SUCCESS
   gcc -fomit-frame-pointer -mfpmath=sse -O2 -msse2 -fPIC  : SUCCESS!
cmnd=make IRunCComp CC='gcc' CCFLAGS='-O -fomit-frame-pointer -fPIC '  | fgrep SUCCESS
   gcc -O -fomit-frame-pointer -fPIC  : SUCCESS!
cmnd=make IRunCComp CC='gcc' CCFLAGS='-O -fomit-frame-pointer -fPIC '  | fgrep SUCCESS
   gcc -O -fomit-frame-pointer -fPIC  : SUCCESS!
cmnd=make IRunCComp CC='gcc' CCFLAGS='-fomit-frame-pointer -mfpmath=sse -O2 -msse2 -fPIC '  | fgrep SUCCESS
   gcc -fomit-frame-pointer -mfpmath=sse -O2 -msse2 -fPIC  : SUCCESS!
cmnd=make IRunCComp CC='gcc' CCFLAGS='-fomit-frame-pointer -mfpmath=sse -O2 -msse2 -fPIC '  | fgrep SUCCESS
   gcc -fomit-frame-pointer -mfpmath=sse -O2 -msse2 -fPIC  : SUCCESS!
cmnd=make IRunF77Comp F77='gfortran' F77FLAGS='-fomit-frame-pointer -mfpmath=sse -O2 -msse2 -fPIC -m64'  | fgrep SUCCESS
   gfortran -fomit-frame-pointer -mfpmath=sse -O2 -msse2 -fPIC -m64 : SUCCESS!
cmnd=make IRunF77Comp F77='gfortran' F77FLAGS='-fomit-frame-pointer -mfpmath=sse -O2 -msse2 -fPIC -m64'  | fgrep SUCCESS
   gfortran -fomit-frame-pointer -mfpmath=sse -O2 -msse2 -fPIC -m64 : SUCCESS!
Segmentation fault
Makefile:106: recipe for target 'atlas_run' failed
make[2]: *** [atlas_run] Error 139
make[2]: Leaving directory '/<<PKGBUILDDIR>>/build/atlas-base'
Makefile:117: recipe for target 'IRun_comp' failed
make[1]: *** [IRun_comp] Error 2
make[1]: Leaving directory '/<<PKGBUILDDIR>>/build/atlas-base'
ERROR 512 IN SYSCMND: 'make IRun_comp args="-v 2 -o atlconf.txt -O 1 -A 17 -Si nof77 0 -V 768  -Fa ic '-fPIC' -Fa sm '-fPIC' -Fa dm '-fPIC' -Fa sk '-fPIC' -Fa dk '-fPIC' -Fa xc '-fPIC' -Fa gc '-fPIC' -Fa if '-fPIC' -b 64"'
cmnd=make IRun_OS args="-v 2 " | fgrep 'OS='

OS configured as Linux (1)
cmnd=make IRun_asm args="-v 2  -O 1" | fgrep 'ASM='

Assembly configured as GAS_x8664 (2)
cmnd=make IRun_arch args="-v 2  -O 1 -s 2 -m" | fgrep 'CPU MHZ='

Clock rate configured as 2394Mhz
cmnd=make IRun_arch args="-v 2  -O 1 -s 2 -t" | fgrep 'CPU THROTTLE='
Cannot detect CPU throttling.
make[1]: Entering directory '/<<PKGBUILDDIR>>/build/atlas-base'
mkdir src bin tune interfaces
cd src ; mkdir testing auxil blas lapack pthreads threads
cd src/blas ; \
           mkdir f77reference reference gemv ger gemm kbmm \
                 level1 level2 level3 pklevel3
cd src/blas/reference ; mkdir level1 level2 level3
cd src/blas/level2 ; mkdir kernel
cd src/blas/pklevel3 ; mkdir gpmm sprk
cd src/blas/level3 ; mkdir rblas kernel
cd src/pthreads ; mkdir blas misc
cd src/pthreads/blas ; mkdir level1 level2 level3
cd src/threads ; mkdir blas lapack
cd src/threads/blas ; mkdir level3 level2
cd tune ; mkdir blas sysinfo lapack threads
cd tune/blas ; mkdir gemm gemv ger level1 level3
cd interfaces ; mkdir blas lapack
cd interfaces/lapack ; mkdir C F77
cd interfaces/lapack/C ; mkdir src testing
cd interfaces/lapack/F77 ; mkdir src testing
cd interfaces/blas ; mkdir C F77
cd interfaces/blas/C ; mkdir src testing
cd interfaces/blas/F77 ; mkdir src testing
cd interfaces/lapack ; mkdir C2F
cd interfaces/lapack/C2F ; mkdir src
mkdir ARCHS
make[1]: Leaving directory '/<<PKGBUILDDIR>>/build/atlas-base'
make[1]: Entering directory '/<<PKGBUILDDIR>>/build/atlas-base'
make -f Make.top startup
make[2]: Entering directory '/<<PKGBUILDDIR>>/build/atlas-base'
Make.top:1: Make.inc: No such file or directory
make[2]: *** No rule to make target 'Make.inc'.  Stop.
make[2]: Leaving directory '/<<PKGBUILDDIR>>/build/atlas-base'
Makefile:541: recipe for target 'startup' failed
make[1]: *** [startup] Error 2
make[1]: Leaving directory '/<<PKGBUILDDIR>>/build/atlas-base'
mv: cannot stat 'lib/Makefile': No such file or directory
../../configure: 482: ../../configure: cannot create lib/Makefile: Directory nonexistent
../../configure: 483: ../../configure: cannot create lib/Makefile: Directory nonexistent
../../configure: 484: ../../configure: cannot create lib/Makefile: Directory nonexistent
../../configure: 485: ../../configure: cannot create lib/Makefile: Directory nonexistent
../../configure: 541: ../../configure: cannot create lib/Makefile: Directory nonexistent
DONE configure
Configure done. targetName = atlas-base / atlasArch = x86SSE2 / atlasISA = 768
Configure failed: Make.inc not found
debian/rules:100: recipe for target 'configure-stamp' failed
make: *** [configure-stamp] Error 1
dpkg-buildpackage: error: debian/rules build-arch gave error exit status 2
--------------------------------------------------------------------------------
Build finished at 2016-08-29T16:13:31Z

Finished
--------


+------------------------------------------------------------------------------+
| Cleanup                                                                      |
+------------------------------------------------------------------------------+

Purging /<<BUILDDIR>>
Not cleaning session: cloned chroot in use
E: Build failure (dpkg-buildpackage died)

+------------------------------------------------------------------------------+
| Summary                                                                      |
+------------------------------------------------------------------------------+

Build Architecture: amd64
Build-Space: 0
Build-Time: 4
Distribution: unstable
Fail-Stage: build
Host Architecture: amd64
Install-Time: 33
Job: atlas_3.10.3-1
Machine Architecture: amd64
Package: atlas
Package-Time: 65
Source-Version: 3.10.3-1
Space: 0
Status: failed
Version: 3.10.3-1
--------------------------------------------------------------------------------
Finished at 2016-08-29T16:13:31Z
Build needed 00:00:00, 0k disc space
E: Build failure (dpkg-buildpackage died)
DC-Status: Failed 65.765748008s
DC-Time-Estimation: 65.765748008 versus expected 654 (r/m: 8.944386246780693 ; m: 65.765748008)
