DC-Build-Header: courier-authlib 0.66.4-7 / 2016-08-29 16:31:05 +0000
DC-Task: type:rebuild-binarch-only source:courier-authlib version:0.66.4-7 chroot:unstable esttime:445 logfile:/tmp/courier-authlib_0.66.4-7_unstable_clang3.8.log modes:clang:binarch-only
DC-Sbuild-call: su user42 -c 'sbuild -n --arch-any --apt-update -d unstable -v  --chroot-setup-commands=/tmp/clang courier-authlib_0.66.4-7'
sbuild (Debian sbuild) 0.70.0 (03 Aug 2016) on ip-172-31-15-104.eu-central-1.compute.internal

+==============================================================================+
| courier-authlib 0.66.4-7 (amd64)             Mon, 29 Aug 2016 16:31:05 +0000 |
+==============================================================================+

Package: courier-authlib
Version: 0.66.4-7
Source Version: 0.66.4-7
Distribution: unstable
Machine Architecture: amd64
Host Architecture: amd64
Build Architecture: amd64

I: NOTICE: Log filtering will replace 'var/lib/schroot/mount/unstable-amd64-sbuild-e060339d-865a-4306-ad24-aa86046ba703' with '<<CHROOT>>'

+------------------------------------------------------------------------------+
| Chroot Setup Commands                                                        |
+------------------------------------------------------------------------------+


/tmp/clang
----------

+ echo 'Entering customization script...'
Entering customization script...
+ CLANG_VERSION=3.8
+ echo 'Install of clang-3.8'
Install of clang-3.8
+ apt-get update
Get:1 http://127.0.0.1:9999/debian unstable InRelease [209 kB]
Get:2 http://127.0.0.1:9999/debian unstable/main Sources.diff/Index [27.9 kB]
Get:3 http://127.0.0.1:9999/debian unstable/main amd64 Packages.diff/Index [27.9 kB]
Get:4 http://127.0.0.1:9999/debian unstable/main Translation-en [5451 kB]
Get:5 http://127.0.0.1:9999/debian unstable/main Sources 2016-08-29-0319.00.pdiff [16.7 kB]
Get:6 http://127.0.0.1:9999/debian unstable/main Sources 2016-08-29-0916.07.pdiff [5442 B]
Get:6 http://127.0.0.1:9999/debian unstable/main Sources 2016-08-29-0916.07.pdiff [5442 B]
Get:7 http://127.0.0.1:9999/debian unstable/main amd64 Packages 2016-08-29-0319.00.pdiff [13.2 kB]
Get:8 http://127.0.0.1:9999/debian unstable/main amd64 Packages 2016-08-29-0916.07.pdiff [3300 B]
Get:8 http://127.0.0.1:9999/debian unstable/main amd64 Packages 2016-08-29-0916.07.pdiff [3300 B]
Fetched 5755 kB in 3s (1696 kB/s)
Reading package lists...
W: No sandbox user '_apt' on the system, can not drop privileges
+ apt-get install --yes --no-install-recommends --force-yes clang-3.8
Reading package lists...
Building dependency tree...
Reading state information...
The following additional packages will be installed:
  libbsd0 libclang-common-3.8-dev libclang1-3.8 libedit2 libffi6 libllvm3.8
  libobjc-6-dev libobjc4
Suggested packages:
  gnustep gnustep-devel clang-3.8-doc
Recommended packages:
  llvm-3.8-dev python
The following NEW packages will be installed:
  clang-3.8 libbsd0 libclang-common-3.8-dev libclang1-3.8 libedit2 libffi6
  libllvm3.8 libobjc-6-dev libobjc4
0 upgraded, 9 newly installed, 0 to remove and 1 not upgraded.
Need to get 38.3 MB of archives.
After this operation, 162 MB of additional disk space will be used.
Get:1 http://127.0.0.1:9999/debian unstable/main amd64 libbsd0 amd64 0.8.3-1 [83.0 kB]
Get:2 http://127.0.0.1:9999/debian unstable/main amd64 libedit2 amd64 3.1-20150325-1+b1 [85.2 kB]
Get:3 http://127.0.0.1:9999/debian unstable/main amd64 libffi6 amd64 3.2.1-4 [20.4 kB]
Get:4 http://127.0.0.1:9999/debian unstable/main amd64 libllvm3.8 amd64 1:3.8.1-9 [10.3 MB]
Get:5 http://127.0.0.1:9999/debian unstable/main amd64 libobjc4 amd64 6.2.0-1 [110 kB]
Get:6 http://127.0.0.1:9999/debian unstable/main amd64 libobjc-6-dev amd64 6.2.0-1 [394 kB]
Get:7 http://127.0.0.1:9999/debian unstable/main amd64 libclang1-3.8 amd64 1:3.8.1-9 [4188 kB]
Get:8 http://127.0.0.1:9999/debian unstable/main amd64 libclang-common-3.8-dev amd64 1:3.8.1-9 [1477 kB]
Get:9 http://127.0.0.1:9999/debian unstable/main amd64 clang-3.8 amd64 1:3.8.1-9 [21.6 MB]
debconf: delaying package configuration, since apt-utils is not installed
Fetched 38.3 MB in 9s (4127 kB/s)
Selecting previously unselected package libbsd0:amd64.
(Reading database ... (Reading database ... 5%(Reading database ... 10%(Reading database ... 15%(Reading database ... 20%(Reading database ... 25%(Reading database ... 30%(Reading database ... 35%(Reading database ... 40%(Reading database ... 45%(Reading database ... 50%(Reading database ... 55%(Reading database ... 60%(Reading database ... 65%(Reading database ... 70%(Reading database ... 75%(Reading database ... 80%(Reading database ... 85%(Reading database ... 90%(Reading database ... 95%(Reading database ... 100%(Reading database ... 9446 files and directories currently installed.)
Preparing to unpack .../0-libbsd0_0.8.3-1_amd64.deb ...
Unpacking libbsd0:amd64 (0.8.3-1) ...
Selecting previously unselected package libedit2:amd64.
Preparing to unpack .../1-libedit2_3.1-20150325-1+b1_amd64.deb ...
Unpacking libedit2:amd64 (3.1-20150325-1+b1) ...
Selecting previously unselected package libffi6:amd64.
Preparing to unpack .../2-libffi6_3.2.1-4_amd64.deb ...
Unpacking libffi6:amd64 (3.2.1-4) ...
Selecting previously unselected package libllvm3.8:amd64.
Preparing to unpack .../3-libllvm3.8_1%3a3.8.1-9_amd64.deb ...
Unpacking libllvm3.8:amd64 (1:3.8.1-9) ...
Selecting previously unselected package libobjc4:amd64.
Preparing to unpack .../4-libobjc4_6.2.0-1_amd64.deb ...
Unpacking libobjc4:amd64 (6.2.0-1) ...
Selecting previously unselected package libobjc-6-dev:amd64.
Preparing to unpack .../5-libobjc-6-dev_6.2.0-1_amd64.deb ...
Unpacking libobjc-6-dev:amd64 (6.2.0-1) ...
Selecting previously unselected package libclang1-3.8:amd64.
Preparing to unpack .../6-libclang1-3.8_1%3a3.8.1-9_amd64.deb ...
Unpacking libclang1-3.8:amd64 (1:3.8.1-9) ...
Selecting previously unselected package libclang-common-3.8-dev.
Preparing to unpack .../7-libclang-common-3.8-dev_1%3a3.8.1-9_amd64.deb ...
Unpacking libclang-common-3.8-dev (1:3.8.1-9) ...
Selecting previously unselected package clang-3.8.
Preparing to unpack .../8-clang-3.8_1%3a3.8.1-9_amd64.deb ...
Unpacking clang-3.8 (1:3.8.1-9) ...
Setting up libobjc4:amd64 (6.2.0-1) ...
Setting up libbsd0:amd64 (0.8.3-1) ...
Processing triggers for libc-bin (2.23-5) ...
Setting up libobjc-6-dev:amd64 (6.2.0-1) ...
Setting up libffi6:amd64 (3.2.1-4) ...
Setting up libedit2:amd64 (3.1-20150325-1+b1) ...
Setting up libllvm3.8:amd64 (1:3.8.1-9) ...
Setting up libclang-common-3.8-dev (1:3.8.1-9) ...
Setting up libclang1-3.8:amd64 (1:3.8.1-9) ...
Setting up clang-3.8 (1:3.8.1-9) ...
Processing triggers for libc-bin (2.23-5) ...
W: --force-yes is deprecated, use one of the options starting with --allow instead.
W: No sandbox user '_apt' on the system, can not drop privileges
+ echo 'Replace gcc, g++ & cpp by clang'
Replace gcc, g++ & cpp by clang
+ VERSIONS='4.6 4.7 4.8 4.9 5 6'
+ cd /usr/bin
+ for VERSION in '$VERSIONS'
+ rm -f g++-4.6 gcc-4.6 cpp-4.6 gcc
+ ln -s clang++-3.8 g++-4.6
+ ln -s clang-3.8 gcc-4.6
+ ln -s clang-3.8 cpp-4.6
+ ln -s clang-3.8 gcc
+ echo 'gcc-4.6 hold'
+ dpkg --set-selections
dpkg: warning: package not in database at line 1: gcc-4.6
dpkg: warning: found unknown packages; this might mean the available database
is outdated, and needs to be updated through a frontend method
+ echo 'g++-4.6 hold'
+ dpkg --set-selections
dpkg: warning: package not in database at line 1: g++-4.6
dpkg: warning: found unknown packages; this might mean the available database
is outdated, and needs to be updated through a frontend method
+ for VERSION in '$VERSIONS'
+ rm -f g++-4.7 gcc-4.7 cpp-4.7 gcc
+ ln -s clang++-3.8 g++-4.7
+ ln -s clang-3.8 gcc-4.7
+ ln -s clang-3.8 cpp-4.7
+ ln -s clang-3.8 gcc
+ echo 'gcc-4.7 hold'
+ dpkg --set-selections
dpkg: warning: package not in database at line 1: gcc-4.7
dpkg: warning: found unknown packages; this might mean the available database
is outdated, and needs to be updated through a frontend method
+ echo 'g++-4.7 hold'
+ dpkg --set-selections
dpkg: warning: package not in database at line 1: g++-4.7
dpkg: warning: found unknown packages; this might mean the available database
is outdated, and needs to be updated through a frontend method
+ for VERSION in '$VERSIONS'
+ rm -f g++-4.8 gcc-4.8 cpp-4.8 gcc
+ ln -s clang++-3.8 g++-4.8
+ ln -s clang-3.8 gcc-4.8
+ ln -s clang-3.8 cpp-4.8
+ ln -s clang-3.8 gcc
+ echo 'gcc-4.8 hold'
+ dpkg --set-selections
dpkg: warning: package not in database at line 1: gcc-4.8
dpkg: warning: found unknown packages; this might mean the available database
is outdated, and needs to be updated through a frontend method
+ echo 'g++-4.8 hold'
+ dpkg --set-selections
dpkg: warning: package not in database at line 1: g++-4.8
dpkg: warning: found unknown packages; this might mean the available database
is outdated, and needs to be updated through a frontend method
+ for VERSION in '$VERSIONS'
+ rm -f g++-4.9 gcc-4.9 cpp-4.9 gcc
+ ln -s clang++-3.8 g++-4.9
+ ln -s clang-3.8 gcc-4.9
+ ln -s clang-3.8 cpp-4.9
+ ln -s clang-3.8 gcc
+ echo 'gcc-4.9 hold'
+ dpkg --set-selections
dpkg: warning: package not in database at line 1: gcc-4.9
dpkg: warning: found unknown packages; this might mean the available database
is outdated, and needs to be updated through a frontend method
+ echo 'g++-4.9 hold'
+ dpkg --set-selections
dpkg: warning: package not in database at line 1: g++-4.9
dpkg: warning: found unknown packages; this might mean the available database
is outdated, and needs to be updated through a frontend method
+ for VERSION in '$VERSIONS'
+ rm -f g++-5 gcc-5 cpp-5 gcc
+ ln -s clang++-3.8 g++-5
+ ln -s clang-3.8 gcc-5
+ ln -s clang-3.8 cpp-5
+ ln -s clang-3.8 gcc
+ echo 'gcc-5 hold'
+ dpkg --set-selections
+ echo 'g++-5 hold'
+ dpkg --set-selections
+ for VERSION in '$VERSIONS'
+ rm -f g++-6 gcc-6 cpp-6 gcc
+ ln -s clang++-3.8 g++-6
+ ln -s clang-3.8 gcc-6
+ ln -s clang-3.8 cpp-6
+ ln -s clang-3.8 gcc
+ echo 'gcc-6 hold'
+ dpkg --set-selections
+ echo 'g++-6 hold'
+ dpkg --set-selections
+ cd -
/build/courier-authlib-Y38bHu
+ echo 'Check if gcc, g++ & cpp are actually clang'
Check if gcc, g++ & cpp are actually clang
+ gcc --version
+ grep clang
+ cpp --version
+ grep clang
+ g++ --version
+ grep clang

I: Finished running '/tmp/clang'.

Finished processing commands.
--------------------------------------------------------------------------------

+------------------------------------------------------------------------------+
| Update chroot                                                                |
+------------------------------------------------------------------------------+

Hit:1 http://127.0.0.1:9999/debian unstable InRelease
Reading package lists...
W: No sandbox user '_apt' on the system, can not drop privileges
Reading package lists...
Building dependency tree...
Reading state information...
Calculating upgrade...
The following packages will be upgraded:
  linux-libc-dev
1 upgraded, 0 newly installed, 0 to remove and 0 not upgraded.
Need to get 1158 kB of archives.
After this operation, 60.4 kB of additional disk space will be used.
Get:1 http://127.0.0.1:9999/debian unstable/main amd64 linux-libc-dev amd64 4.7.2-1 [1158 kB]
debconf: delaying package configuration, since apt-utils is not installed
Fetched 1158 kB in 0s (69.7 MB/s)
(Reading database ... (Reading database ... 5%(Reading database ... 10%(Reading database ... 15%(Reading database ... 20%(Reading database ... 25%(Reading database ... 30%(Reading database ... 35%(Reading database ... 40%(Reading database ... 45%(Reading database ... 50%(Reading database ... 55%(Reading database ... 60%(Reading database ... 65%(Reading database ... 70%(Reading database ... 75%(Reading database ... 80%(Reading database ... 85%(Reading database ... 90%(Reading database ... 95%(Reading database ... 100%(Reading database ... 9769 files and directories currently installed.)
Preparing to unpack .../linux-libc-dev_4.7.2-1_amd64.deb ...
Unpacking linux-libc-dev:amd64 (4.7.2-1) over (4.6.4-1) ...
Setting up linux-libc-dev:amd64 (4.7.2-1) ...
W: No sandbox user '_apt' on the system, can not drop privileges

+------------------------------------------------------------------------------+
| Fetch source files                                                           |
+------------------------------------------------------------------------------+


Check APT
---------

Checking available source versions...

Download source files with APT
------------------------------

Reading package lists...
NOTICE: 'courier-authlib' packaging is maintained in the 'Git' version control system at:
git://anonscm.debian.org/collab-maint/courier-authlib.git
Please use:
git clone git://anonscm.debian.org/collab-maint/courier-authlib.git
to retrieve the latest (possibly unreleased) updates to the package.
Need to get 2211 kB of source archives.
Get:1 http://127.0.0.1:9999/debian unstable/main courier-authlib 0.66.4-7 (dsc) [2934 B]
Get:2 http://127.0.0.1:9999/debian unstable/main courier-authlib 0.66.4-7 (tar) [2192 kB]
Get:3 http://127.0.0.1:9999/debian unstable/main courier-authlib 0.66.4-7 (diff) [16.0 kB]
Fetched 2211 kB in 0s (8680 kB/s)
Download complete and in download only mode
I: NOTICE: Log filtering will replace 'build/courier-authlib-Y38bHu/courier-authlib-0.66.4' with '<<PKGBUILDDIR>>'
I: NOTICE: Log filtering will replace 'build/courier-authlib-Y38bHu' with '<<BUILDDIR>>'

+------------------------------------------------------------------------------+
| Install build-essential                                                      |
+------------------------------------------------------------------------------+


Setup apt archive
-----------------

Merged Build-Depends: build-essential, fakeroot
Filtered Build-Depends: build-essential, fakeroot
dpkg-deb: building package 'sbuild-build-depends-core-dummy' in '/<<BUILDDIR>>/resolver-HUr2H5/apt_archive/sbuild-build-depends-core-dummy.deb'.
dpkg-scanpackages: warning: Packages in archive but missing from override file:
dpkg-scanpackages: warning:   sbuild-build-depends-core-dummy
dpkg-scanpackages: info: Wrote 1 entries to output Packages file.
Ign:1 copy:/<<BUILDDIR>>/resolver-HUr2H5/apt_archive ./ InRelease
Get:2 copy:/<<BUILDDIR>>/resolver-HUr2H5/apt_archive ./ Release [957 B]
Ign:3 copy:/<<BUILDDIR>>/resolver-HUr2H5/apt_archive ./ Release.gpg
Get:4 copy:/<<BUILDDIR>>/resolver-HUr2H5/apt_archive ./ Sources [349 B]
Get:5 copy:/<<BUILDDIR>>/resolver-HUr2H5/apt_archive ./ Packages [433 B]
Fetched 1739 B in 0s (0 B/s)
Reading package lists...
W: No sandbox user '_apt' on the system, can not drop privileges
Reading package lists...

Install core build dependencies (apt-based resolver)
----------------------------------------------------

Installing build dependencies
Reading package lists...
Building dependency tree...
Reading state information...
The following NEW packages will be installed:
  sbuild-build-depends-core-dummy
0 upgraded, 1 newly installed, 0 to remove and 0 not upgraded.
Need to get 776 B of archives.
After this operation, 0 B of additional disk space will be used.
Get:1 copy:/<<BUILDDIR>>/resolver-HUr2H5/apt_archive ./ sbuild-build-depends-core-dummy 0.invalid.0 [776 B]
debconf: delaying package configuration, since apt-utils is not installed
Fetched 776 B in 0s (0 B/s)
Selecting previously unselected package sbuild-build-depends-core-dummy.
(Reading database ... 9775 files and directories currently installed.)
Preparing to unpack .../sbuild-build-depends-core-dummy_0.invalid.0_amd64.deb ...
Unpacking sbuild-build-depends-core-dummy (0.invalid.0) ...
Setting up sbuild-build-depends-core-dummy (0.invalid.0) ...
W: No sandbox user '_apt' on the system, can not drop privileges

+------------------------------------------------------------------------------+
| Check architectures                                                          |
+------------------------------------------------------------------------------+

Arch check ok (amd64 included in any)

+------------------------------------------------------------------------------+
| Install package build dependencies                                           |
+------------------------------------------------------------------------------+


Setup apt archive
-----------------

Merged Build-Depends: autotools-dev, debhelper (>= 9), dh-autoreconf, expect, libcourier-unicode-dev, libgdbm-dev | libgdbmg1-dev, libidn11-dev, libldap-dev, libltdl3-dev, libmysqlclient-dev, libpam0g-dev, libpq-dev, libsasl2-dev | libsasl-dev, libsqlite3-dev, libtool, pkg-config, procps
Filtered Build-Depends: autotools-dev, debhelper (>= 9), dh-autoreconf, expect, libcourier-unicode-dev, libgdbm-dev, libidn11-dev, libldap-dev, libltdl3-dev, libmysqlclient-dev, libpam0g-dev, libpq-dev, libsasl2-dev, libsqlite3-dev, libtool, pkg-config, procps
dpkg-deb: building package 'sbuild-build-depends-courier-authlib-dummy' in '/<<BUILDDIR>>/resolver-Ih4LZE/apt_archive/sbuild-build-depends-courier-authlib-dummy.deb'.
dpkg-scanpackages: warning: Packages in archive but missing from override file:
dpkg-scanpackages: warning:   sbuild-build-depends-courier-authlib-dummy
dpkg-scanpackages: info: Wrote 1 entries to output Packages file.
Ign:1 copy:/<<BUILDDIR>>/resolver-Ih4LZE/apt_archive ./ InRelease
Get:2 copy:/<<BUILDDIR>>/resolver-Ih4LZE/apt_archive ./ Release [957 B]
Ign:3 copy:/<<BUILDDIR>>/resolver-Ih4LZE/apt_archive ./ Release.gpg
Get:4 copy:/<<BUILDDIR>>/resolver-Ih4LZE/apt_archive ./ Sources [458 B]
Get:5 copy:/<<BUILDDIR>>/resolver-Ih4LZE/apt_archive ./ Packages [537 B]
Fetched 1952 B in 0s (0 B/s)
Reading package lists...
W: No sandbox user '_apt' on the system, can not drop privileges
Reading package lists...

Install courier-authlib build dependencies (apt-based resolver)
---------------------------------------------------------------

Installing build dependencies
Reading package lists...
Building dependency tree...
Reading state information...
The following additional packages will be installed:
  autoconf automake autopoint autotools-dev bsdmainutils comerr-dev debhelper
  dh-autoreconf dh-strip-nondeterminism expect file gettext gettext-base
  groff-base intltool-debian krb5-multidev libarchive-zip-perl
  libcourier-unicode-dev libcourier-unicode1 libcroco3
  libfile-stripnondeterminism-perl libgdbm-dev libglib2.0-0 libgnutls30
  libgssapi-krb5-2 libgssrpc4 libhogweed4 libicu57 libidn11 libidn11-dev
  libk5crypto3 libkadm5clnt-mit10 libkadm5srv-mit10 libkdb5-8 libkeyutils1
  libkrb5-3 libkrb5support0 libldap-2.4-2 libldap2-dev libltdl-dev libltdl7
  libmagic-mgc libmagic1 libmysqlclient-dev libmysqlclient18 libnettle6
  libp11-kit0 libpam0g-dev libpipeline1 libpq-dev libpq5 libprocps6 libsasl2-2
  libsasl2-dev libsasl2-modules-db libsigsegv2 libsqlite3-0 libsqlite3-dev
  libssl-dev libssl1.0.2 libtasn1-6 libtcl8.6 libtimedate-perl libtool
  libunistring0 libxml2 lsb-base m4 man-db mysql-common pkg-config po-debconf
  procps tcl-expect tzdata zlib1g-dev
Suggested packages:
  autoconf-archive gnu-standards autoconf-doc wamerican | wordlist whois
  vacation doc-base dh-make gettext-doc libasprintf-dev libgettextpo-dev groff
  krb5-doc gnutls-bin krb5-user libtool-doc postgresql-doc-9.5 sqlite3-doc
  tcl8.6 gfortran | fortran95-compiler gcj-jdk less www-browser
  libmail-box-perl
Recommended packages:
  tcl8.6 tk8.6 curl | wget | lynx-cur libglib2.0-data shared-mime-info
  xdg-user-dirs krb5-locales libsasl2-modules libssl-doc xml-core
  libmail-sendmail-perl psmisc
The following NEW packages will be installed:
  autoconf automake autopoint autotools-dev bsdmainutils comerr-dev debhelper
  dh-autoreconf dh-strip-nondeterminism expect file gettext gettext-base
  groff-base intltool-debian krb5-multidev libarchive-zip-perl
  libcourier-unicode-dev libcourier-unicode1 libcroco3
  libfile-stripnondeterminism-perl libgdbm-dev libglib2.0-0 libgnutls30
  libgssapi-krb5-2 libgssrpc4 libhogweed4 libicu57 libidn11 libidn11-dev
  libk5crypto3 libkadm5clnt-mit10 libkadm5srv-mit10 libkdb5-8 libkeyutils1
  libkrb5-3 libkrb5support0 libldap-2.4-2 libldap2-dev libltdl-dev libltdl7
  libmagic-mgc libmagic1 libmysqlclient-dev libmysqlclient18 libnettle6
  libp11-kit0 libpam0g-dev libpipeline1 libpq-dev libpq5 libprocps6 libsasl2-2
  libsasl2-dev libsasl2-modules-db libsigsegv2 libsqlite3-0 libsqlite3-dev
  libssl-dev libssl1.0.2 libtasn1-6 libtcl8.6 libtimedate-perl libtool
  libunistring0 libxml2 lsb-base m4 man-db mysql-common pkg-config po-debconf
  procps sbuild-build-depends-courier-authlib-dummy tcl-expect tzdata
  zlib1g-dev
0 upgraded, 77 newly installed, 0 to remove and 0 not upgraded.
Need to get 33.2 MB of archives.
After this operation, 116 MB of additional disk space will be used.
Get:1 copy:/<<BUILDDIR>>/resolver-Ih4LZE/apt_archive ./ sbuild-build-depends-courier-authlib-dummy 0.invalid.0 [882 B]
Get:2 http://127.0.0.1:9999/debian unstable/main amd64 groff-base amd64 1.22.3-8 [1162 kB]
Get:3 http://127.0.0.1:9999/debian unstable/main amd64 bsdmainutils amd64 9.0.10 [184 kB]
Get:4 http://127.0.0.1:9999/debian unstable/main amd64 libpipeline1 amd64 1.4.1-2 [27.6 kB]
Get:5 http://127.0.0.1:9999/debian unstable/main amd64 man-db amd64 2.7.5-1 [1003 kB]
Get:6 http://127.0.0.1:9999/debian unstable/main amd64 lsb-base all 9.20160629 [27.6 kB]
Get:7 http://127.0.0.1:9999/debian unstable/main amd64 tzdata all 2016f-1 [219 kB]
Get:8 http://127.0.0.1:9999/debian unstable/main amd64 libprocps6 amd64 2:3.3.12-2 [57.7 kB]
Get:9 http://127.0.0.1:9999/debian unstable/main amd64 libssl1.0.2 amd64 1.0.2h-1 [1287 kB]
Get:10 http://127.0.0.1:9999/debian unstable/main amd64 procps amd64 2:3.3.12-2 [250 kB]
Get:11 http://127.0.0.1:9999/debian unstable/main amd64 libmagic-mgc amd64 1:5.28-4 [210 kB]
Get:12 http://127.0.0.1:9999/debian unstable/main amd64 libmagic1 amd64 1:5.28-4 [109 kB]
Get:13 http://127.0.0.1:9999/debian unstable/main amd64 file amd64 1:5.28-4 [62.9 kB]
Get:14 http://127.0.0.1:9999/debian unstable/main amd64 gettext-base amd64 0.19.8.1-1 [121 kB]
Get:15 http://127.0.0.1:9999/debian unstable/main amd64 libnettle6 amd64 3.2-1 [191 kB]
Get:16 http://127.0.0.1:9999/debian unstable/main amd64 libhogweed4 amd64 3.2-1 [136 kB]
Get:17 http://127.0.0.1:9999/debian unstable/main amd64 libidn11 amd64 1.33-1 [115 kB]
Get:18 http://127.0.0.1:9999/debian unstable/main amd64 libp11-kit0 amd64 0.23.2-5 [111 kB]
Get:19 http://127.0.0.1:9999/debian unstable/main amd64 libtasn1-6 amd64 4.9-4 [50.0 kB]
Get:20 http://127.0.0.1:9999/debian unstable/main amd64 libgnutls30 amd64 3.5.3-3 [801 kB]
Get:21 http://127.0.0.1:9999/debian unstable/main amd64 libkeyutils1 amd64 1.5.9-9 [12.4 kB]
Get:22 http://127.0.0.1:9999/debian unstable/main amd64 libkrb5support0 amd64 1.14.3+dfsg-1 [61.0 kB]
Get:23 http://127.0.0.1:9999/debian unstable/main amd64 libk5crypto3 amd64 1.14.3+dfsg-1 [115 kB]
Get:24 http://127.0.0.1:9999/debian unstable/main amd64 libkrb5-3 amd64 1.14.3+dfsg-1 [311 kB]
Get:25 http://127.0.0.1:9999/debian unstable/main amd64 libgssapi-krb5-2 amd64 1.14.3+dfsg-1 [154 kB]
Get:26 http://127.0.0.1:9999/debian unstable/main amd64 libgssrpc4 amd64 1.14.3+dfsg-1 [88.3 kB]
Get:27 http://127.0.0.1:9999/debian unstable/main amd64 libkadm5clnt-mit10 amd64 1.14.3+dfsg-1 [70.4 kB]
Get:28 http://127.0.0.1:9999/debian unstable/main amd64 libkdb5-8 amd64 1.14.3+dfsg-1 [69.9 kB]
Get:29 http://127.0.0.1:9999/debian unstable/main amd64 libkadm5srv-mit10 amd64 1.14.3+dfsg-1 [85.1 kB]
Get:30 http://127.0.0.1:9999/debian unstable/main amd64 libsasl2-modules-db amd64 2.1.26.dfsg1-15 [66.9 kB]
Get:31 http://127.0.0.1:9999/debian unstable/main amd64 libsasl2-2 amd64 2.1.26.dfsg1-15 [103 kB]
Get:32 http://127.0.0.1:9999/debian unstable/main amd64 libldap-2.4-2 amd64 2.4.42+dfsg-2+b2 [222 kB]
Get:33 http://127.0.0.1:9999/debian unstable/main amd64 libsqlite3-0 amd64 3.14.1-1 [559 kB]
Get:34 http://127.0.0.1:9999/debian unstable/main amd64 libicu57 amd64 57.1-3 [7676 kB]
Get:35 http://127.0.0.1:9999/debian unstable/main amd64 libxml2 amd64 2.9.4+dfsg1-1+b1 [919 kB]
Get:36 http://127.0.0.1:9999/debian unstable/main amd64 libsigsegv2 amd64 2.10-5 [28.9 kB]
Get:37 http://127.0.0.1:9999/debian unstable/main amd64 m4 amd64 1.4.17-5 [255 kB]
Get:38 http://127.0.0.1:9999/debian unstable/main amd64 autoconf all 2.69-10 [338 kB]
Get:39 http://127.0.0.1:9999/debian unstable/main amd64 autotools-dev all 20160430.1 [72.6 kB]
Get:40 http://127.0.0.1:9999/debian unstable/main amd64 automake all 1:1.15-4 [735 kB]
Get:41 http://127.0.0.1:9999/debian unstable/main amd64 autopoint all 0.19.8.1-1 [433 kB]
Get:42 http://127.0.0.1:9999/debian unstable/main amd64 libglib2.0-0 amd64 2.48.1-3 [2707 kB]
Get:43 http://127.0.0.1:9999/debian unstable/main amd64 libcroco3 amd64 0.6.11-1 [143 kB]
Get:44 http://127.0.0.1:9999/debian unstable/main amd64 libunistring0 amd64 0.9.6+really0.9.3-0.1 [279 kB]
Get:45 http://127.0.0.1:9999/debian unstable/main amd64 gettext amd64 0.19.8.1-1 [1493 kB]
Get:46 http://127.0.0.1:9999/debian unstable/main amd64 intltool-debian all 0.35.0+20060710.4 [26.3 kB]
Get:47 http://127.0.0.1:9999/debian unstable/main amd64 po-debconf all 1.0.19 [249 kB]
Get:48 http://127.0.0.1:9999/debian unstable/main amd64 libarchive-zip-perl all 1.59-1 [95.5 kB]
Get:49 http://127.0.0.1:9999/debian unstable/main amd64 libfile-stripnondeterminism-perl all 0.023-2 [13.4 kB]
Get:50 http://127.0.0.1:9999/debian unstable/main amd64 libtimedate-perl all 2.3000-2 [42.2 kB]
Get:51 http://127.0.0.1:9999/debian unstable/main amd64 dh-strip-nondeterminism all 0.023-2 [8202 B]
Get:52 http://127.0.0.1:9999/debian unstable/main amd64 libtool all 2.4.6-2 [545 kB]
Get:53 http://127.0.0.1:9999/debian unstable/main amd64 dh-autoreconf all 12 [15.8 kB]
Get:54 http://127.0.0.1:9999/debian unstable/main amd64 debhelper all 9.20160814 [800 kB]
Get:55 http://127.0.0.1:9999/debian unstable/main amd64 libtcl8.6 amd64 8.6.6+dfsg-1 [984 kB]
Get:56 http://127.0.0.1:9999/debian unstable/main amd64 tcl-expect amd64 5.45-7 [130 kB]
Get:57 http://127.0.0.1:9999/debian unstable/main amd64 expect amd64 5.45-7 [164 kB]
Get:58 http://127.0.0.1:9999/debian unstable/main amd64 comerr-dev amd64 2.1-1.43.1-1 [38.5 kB]
Get:59 http://127.0.0.1:9999/debian unstable/main amd64 krb5-multidev amd64 1.14.3+dfsg-1 [148 kB]
Get:60 http://127.0.0.1:9999/debian unstable/main amd64 libcourier-unicode1 amd64 1.4-2 [43.0 kB]
Get:61 http://127.0.0.1:9999/debian unstable/main amd64 libcourier-unicode-dev amd64 1.4-2 [81.9 kB]
Get:62 http://127.0.0.1:9999/debian unstable/main amd64 libgdbm-dev amd64 1.8.3-14 [49.0 kB]
Get:63 http://127.0.0.1:9999/debian unstable/main amd64 pkg-config amd64 0.29-4 [62.5 kB]
Get:64 http://127.0.0.1:9999/debian unstable/main amd64 libidn11-dev amd64 1.33-1 [594 kB]
Get:65 http://127.0.0.1:9999/debian unstable/main amd64 libltdl7 amd64 2.4.6-2 [389 kB]
Get:66 http://127.0.0.1:9999/debian unstable/main amd64 libltdl-dev amd64 2.4.6-2 [161 kB]
Get:67 http://127.0.0.1:9999/debian unstable/main amd64 mysql-common all 5.8+1.0.0 [5352 B]
Get:68 http://127.0.0.1:9999/debian unstable/main amd64 libmysqlclient18 amd64 5.6.30-1 [779 kB]
Get:69 http://127.0.0.1:9999/debian unstable/main amd64 zlib1g-dev amd64 1:1.2.8.dfsg-2+b1 [206 kB]
Get:70 http://127.0.0.1:9999/debian unstable/main amd64 libmysqlclient-dev amd64 5.6.30-1 [1084 kB]
Get:71 http://127.0.0.1:9999/debian unstable/main amd64 libpam0g-dev amd64 1.1.8-3.3 [182 kB]
Get:72 http://127.0.0.1:9999/debian unstable/main amd64 libpq5 amd64 9.5.4-1 [126 kB]
Get:73 http://127.0.0.1:9999/debian unstable/main amd64 libssl-dev amd64 1.0.2h-1 [1544 kB]
Get:74 http://127.0.0.1:9999/debian unstable/main amd64 libpq-dev amd64 9.5.4-1 [175 kB]
Get:75 http://127.0.0.1:9999/debian unstable/main amd64 libsasl2-dev amd64 2.1.26.dfsg1-15 [309 kB]
Get:76 http://127.0.0.1:9999/debian unstable/main amd64 libsqlite3-dev amd64 3.14.1-1 [689 kB]
Get:77 http://127.0.0.1:9999/debian unstable/main amd64 libldap2-dev amd64 2.4.42+dfsg-2+b2 [326 kB]
debconf: delaying package configuration, since apt-utils is not installed
Fetched 33.2 MB in 5s (6505 kB/s)
Selecting previously unselected package groff-base.
(Reading database ... 9775 files and directories currently installed.)
Preparing to unpack .../00-groff-base_1.22.3-8_amd64.deb ...
Unpacking groff-base (1.22.3-8) ...
Selecting previously unselected package bsdmainutils.
Preparing to unpack .../01-bsdmainutils_9.0.10_amd64.deb ...
Unpacking bsdmainutils (9.0.10) ...
Selecting previously unselected package libpipeline1:amd64.
Preparing to unpack .../02-libpipeline1_1.4.1-2_amd64.deb ...
Unpacking libpipeline1:amd64 (1.4.1-2) ...
Selecting previously unselected package man-db.
Preparing to unpack .../03-man-db_2.7.5-1_amd64.deb ...
Unpacking man-db (2.7.5-1) ...
Selecting previously unselected package lsb-base.
Preparing to unpack .../04-lsb-base_9.20160629_all.deb ...
Unpacking lsb-base (9.20160629) ...
Selecting previously unselected package tzdata.
Preparing to unpack .../05-tzdata_2016f-1_all.deb ...
Unpacking tzdata (2016f-1) ...
Selecting previously unselected package libprocps6:amd64.
Preparing to unpack .../06-libprocps6_2%3a3.3.12-2_amd64.deb ...
Unpacking libprocps6:amd64 (2:3.3.12-2) ...
Selecting previously unselected package libssl1.0.2:amd64.
Preparing to unpack .../07-libssl1.0.2_1.0.2h-1_amd64.deb ...
Unpacking libssl1.0.2:amd64 (1.0.2h-1) ...
Selecting previously unselected package procps.
Preparing to unpack .../08-procps_2%3a3.3.12-2_amd64.deb ...
Unpacking procps (2:3.3.12-2) ...
Selecting previously unselected package libmagic-mgc.
Preparing to unpack .../09-libmagic-mgc_1%3a5.28-4_amd64.deb ...
Unpacking libmagic-mgc (1:5.28-4) ...
Selecting previously unselected package libmagic1:amd64.
Preparing to unpack .../10-libmagic1_1%3a5.28-4_amd64.deb ...
Unpacking libmagic1:amd64 (1:5.28-4) ...
Selecting previously unselected package file.
Preparing to unpack .../11-file_1%3a5.28-4_amd64.deb ...
Unpacking file (1:5.28-4) ...
Selecting previously unselected package gettext-base.
Preparing to unpack .../12-gettext-base_0.19.8.1-1_amd64.deb ...
Unpacking gettext-base (0.19.8.1-1) ...
Selecting previously unselected package libnettle6:amd64.
Preparing to unpack .../13-libnettle6_3.2-1_amd64.deb ...
Unpacking libnettle6:amd64 (3.2-1) ...
Selecting previously unselected package libhogweed4:amd64.
Preparing to unpack .../14-libhogweed4_3.2-1_amd64.deb ...
Unpacking libhogweed4:amd64 (3.2-1) ...
Selecting previously unselected package libidn11:amd64.
Preparing to unpack .../15-libidn11_1.33-1_amd64.deb ...
Unpacking libidn11:amd64 (1.33-1) ...
Selecting previously unselected package libp11-kit0:amd64.
Preparing to unpack .../16-libp11-kit0_0.23.2-5_amd64.deb ...
Unpacking libp11-kit0:amd64 (0.23.2-5) ...
Selecting previously unselected package libtasn1-6:amd64.
Preparing to unpack .../17-libtasn1-6_4.9-4_amd64.deb ...
Unpacking libtasn1-6:amd64 (4.9-4) ...
Selecting previously unselected package libgnutls30:amd64.
Preparing to unpack .../18-libgnutls30_3.5.3-3_amd64.deb ...
Unpacking libgnutls30:amd64 (3.5.3-3) ...
Selecting previously unselected package libkeyutils1:amd64.
Preparing to unpack .../19-libkeyutils1_1.5.9-9_amd64.deb ...
Unpacking libkeyutils1:amd64 (1.5.9-9) ...
Selecting previously unselected package libkrb5support0:amd64.
Preparing to unpack .../20-libkrb5support0_1.14.3+dfsg-1_amd64.deb ...
Unpacking libkrb5support0:amd64 (1.14.3+dfsg-1) ...
Selecting previously unselected package libk5crypto3:amd64.
Preparing to unpack .../21-libk5crypto3_1.14.3+dfsg-1_amd64.deb ...
Unpacking libk5crypto3:amd64 (1.14.3+dfsg-1) ...
Selecting previously unselected package libkrb5-3:amd64.
Preparing to unpack .../22-libkrb5-3_1.14.3+dfsg-1_amd64.deb ...
Unpacking libkrb5-3:amd64 (1.14.3+dfsg-1) ...
Selecting previously unselected package libgssapi-krb5-2:amd64.
Preparing to unpack .../23-libgssapi-krb5-2_1.14.3+dfsg-1_amd64.deb ...
Unpacking libgssapi-krb5-2:amd64 (1.14.3+dfsg-1) ...
Selecting previously unselected package libgssrpc4:amd64.
Preparing to unpack .../24-libgssrpc4_1.14.3+dfsg-1_amd64.deb ...
Unpacking libgssrpc4:amd64 (1.14.3+dfsg-1) ...
Selecting previously unselected package libkadm5clnt-mit10:amd64.
Preparing to unpack .../25-libkadm5clnt-mit10_1.14.3+dfsg-1_amd64.deb ...
Unpacking libkadm5clnt-mit10:amd64 (1.14.3+dfsg-1) ...
Selecting previously unselected package libkdb5-8:amd64.
Preparing to unpack .../26-libkdb5-8_1.14.3+dfsg-1_amd64.deb ...
Unpacking libkdb5-8:amd64 (1.14.3+dfsg-1) ...
Selecting previously unselected package libkadm5srv-mit10:amd64.
Preparing to unpack .../27-libkadm5srv-mit10_1.14.3+dfsg-1_amd64.deb ...
Unpacking libkadm5srv-mit10:amd64 (1.14.3+dfsg-1) ...
Selecting previously unselected package libsasl2-modules-db:amd64.
Preparing to unpack .../28-libsasl2-modules-db_2.1.26.dfsg1-15_amd64.deb ...
Unpacking libsasl2-modules-db:amd64 (2.1.26.dfsg1-15) ...
Selecting previously unselected package libsasl2-2:amd64.
Preparing to unpack .../29-libsasl2-2_2.1.26.dfsg1-15_amd64.deb ...
Unpacking libsasl2-2:amd64 (2.1.26.dfsg1-15) ...
Selecting previously unselected package libldap-2.4-2:amd64.
Preparing to unpack .../30-libldap-2.4-2_2.4.42+dfsg-2+b2_amd64.deb ...
Unpacking libldap-2.4-2:amd64 (2.4.42+dfsg-2+b2) ...
Selecting previously unselected package libsqlite3-0:amd64.
Preparing to unpack .../31-libsqlite3-0_3.14.1-1_amd64.deb ...
Unpacking libsqlite3-0:amd64 (3.14.1-1) ...
Selecting previously unselected package libicu57:amd64.
Preparing to unpack .../32-libicu57_57.1-3_amd64.deb ...
Unpacking libicu57:amd64 (57.1-3) ...
Selecting previously unselected package libxml2:amd64.
Preparing to unpack .../33-libxml2_2.9.4+dfsg1-1+b1_amd64.deb ...
Unpacking libxml2:amd64 (2.9.4+dfsg1-1+b1) ...
Selecting previously unselected package libsigsegv2:amd64.
Preparing to unpack .../34-libsigsegv2_2.10-5_amd64.deb ...
Unpacking libsigsegv2:amd64 (2.10-5) ...
Selecting previously unselected package m4.
Preparing to unpack .../35-m4_1.4.17-5_amd64.deb ...
Unpacking m4 (1.4.17-5) ...
Selecting previously unselected package autoconf.
Preparing to unpack .../36-autoconf_2.69-10_all.deb ...
Unpacking autoconf (2.69-10) ...
Selecting previously unselected package autotools-dev.
Preparing to unpack .../37-autotools-dev_20160430.1_all.deb ...
Unpacking autotools-dev (20160430.1) ...
Selecting previously unselected package automake.
Preparing to unpack .../38-automake_1%3a1.15-4_all.deb ...
Unpacking automake (1:1.15-4) ...
Selecting previously unselected package autopoint.
Preparing to unpack .../39-autopoint_0.19.8.1-1_all.deb ...
Unpacking autopoint (0.19.8.1-1) ...
Selecting previously unselected package libglib2.0-0:amd64.
Preparing to unpack .../40-libglib2.0-0_2.48.1-3_amd64.deb ...
Unpacking libglib2.0-0:amd64 (2.48.1-3) ...
Selecting previously unselected package libcroco3:amd64.
Preparing to unpack .../41-libcroco3_0.6.11-1_amd64.deb ...
Unpacking libcroco3:amd64 (0.6.11-1) ...
Selecting previously unselected package libunistring0:amd64.
Preparing to unpack .../42-libunistring0_0.9.6+really0.9.3-0.1_amd64.deb ...
Unpacking libunistring0:amd64 (0.9.6+really0.9.3-0.1) ...
Selecting previously unselected package gettext.
Preparing to unpack .../43-gettext_0.19.8.1-1_amd64.deb ...
Unpacking gettext (0.19.8.1-1) ...
Selecting previously unselected package intltool-debian.
Preparing to unpack .../44-intltool-debian_0.35.0+20060710.4_all.deb ...
Unpacking intltool-debian (0.35.0+20060710.4) ...
Selecting previously unselected package po-debconf.
Preparing to unpack .../45-po-debconf_1.0.19_all.deb ...
Unpacking po-debconf (1.0.19) ...
Selecting previously unselected package libarchive-zip-perl.
Preparing to unpack .../46-libarchive-zip-perl_1.59-1_all.deb ...
Unpacking libarchive-zip-perl (1.59-1) ...
Selecting previously unselected package libfile-stripnondeterminism-perl.
Preparing to unpack .../47-libfile-stripnondeterminism-perl_0.023-2_all.deb ...
Unpacking libfile-stripnondeterminism-perl (0.023-2) ...
Selecting previously unselected package libtimedate-perl.
Preparing to unpack .../48-libtimedate-perl_2.3000-2_all.deb ...
Unpacking libtimedate-perl (2.3000-2) ...
Selecting previously unselected package dh-strip-nondeterminism.
Preparing to unpack .../49-dh-strip-nondeterminism_0.023-2_all.deb ...
Unpacking dh-strip-nondeterminism (0.023-2) ...
Selecting previously unselected package libtool.
Preparing to unpack .../50-libtool_2.4.6-2_all.deb ...
Unpacking libtool (2.4.6-2) ...
Selecting previously unselected package dh-autoreconf.
Preparing to unpack .../51-dh-autoreconf_12_all.deb ...
Unpacking dh-autoreconf (12) ...
Selecting previously unselected package debhelper.
Preparing to unpack .../52-debhelper_9.20160814_all.deb ...
Unpacking debhelper (9.20160814) ...
Selecting previously unselected package libtcl8.6:amd64.
Preparing to unpack .../53-libtcl8.6_8.6.6+dfsg-1_amd64.deb ...
Unpacking libtcl8.6:amd64 (8.6.6+dfsg-1) ...
Selecting previously unselected package tcl-expect:amd64.
Preparing to unpack .../54-tcl-expect_5.45-7_amd64.deb ...
Unpacking tcl-expect:amd64 (5.45-7) ...
Selecting previously unselected package expect.
Preparing to unpack .../55-expect_5.45-7_amd64.deb ...
Unpacking expect (5.45-7) ...
Selecting previously unselected package comerr-dev.
Preparing to unpack .../56-comerr-dev_2.1-1.43.1-1_amd64.deb ...
Unpacking comerr-dev (2.1-1.43.1-1) ...
Selecting previously unselected package krb5-multidev.
Preparing to unpack .../57-krb5-multidev_1.14.3+dfsg-1_amd64.deb ...
Unpacking krb5-multidev (1.14.3+dfsg-1) ...
Selecting previously unselected package libcourier-unicode1:amd64.
Preparing to unpack .../58-libcourier-unicode1_1.4-2_amd64.deb ...
Unpacking libcourier-unicode1:amd64 (1.4-2) ...
Selecting previously unselected package libcourier-unicode-dev:amd64.
Preparing to unpack .../59-libcourier-unicode-dev_1.4-2_amd64.deb ...
Unpacking libcourier-unicode-dev:amd64 (1.4-2) ...
Selecting previously unselected package libgdbm-dev:amd64.
Preparing to unpack .../60-libgdbm-dev_1.8.3-14_amd64.deb ...
Unpacking libgdbm-dev:amd64 (1.8.3-14) ...
Selecting previously unselected package pkg-config.
Preparing to unpack .../61-pkg-config_0.29-4_amd64.deb ...
Unpacking pkg-config (0.29-4) ...
Selecting previously unselected package libidn11-dev.
Preparing to unpack .../62-libidn11-dev_1.33-1_amd64.deb ...
Unpacking libidn11-dev (1.33-1) ...
Selecting previously unselected package libltdl7:amd64.
Preparing to unpack .../63-libltdl7_2.4.6-2_amd64.deb ...
Unpacking libltdl7:amd64 (2.4.6-2) ...
Selecting previously unselected package libltdl-dev:amd64.
Preparing to unpack .../64-libltdl-dev_2.4.6-2_amd64.deb ...
Unpacking libltdl-dev:amd64 (2.4.6-2) ...
Selecting previously unselected package mysql-common.
Preparing to unpack .../65-mysql-common_5.8+1.0.0_all.deb ...
Unpacking mysql-common (5.8+1.0.0) ...
Selecting previously unselected package libmysqlclient18:amd64.
Preparing to unpack .../66-libmysqlclient18_5.6.30-1_amd64.deb ...
Unpacking libmysqlclient18:amd64 (5.6.30-1) ...
Selecting previously unselected package zlib1g-dev:amd64.
Preparing to unpack .../67-zlib1g-dev_1%3a1.2.8.dfsg-2+b1_amd64.deb ...
Unpacking zlib1g-dev:amd64 (1:1.2.8.dfsg-2+b1) ...
Selecting previously unselected package libmysqlclient-dev.
Preparing to unpack .../68-libmysqlclient-dev_5.6.30-1_amd64.deb ...
Unpacking libmysqlclient-dev (5.6.30-1) ...
Selecting previously unselected package libpam0g-dev:amd64.
Preparing to unpack .../69-libpam0g-dev_1.1.8-3.3_amd64.deb ...
Unpacking libpam0g-dev:amd64 (1.1.8-3.3) ...
Selecting previously unselected package libpq5:amd64.
Preparing to unpack .../70-libpq5_9.5.4-1_amd64.deb ...
Unpacking libpq5:amd64 (9.5.4-1) ...
Selecting previously unselected package libssl-dev:amd64.
Preparing to unpack .../71-libssl-dev_1.0.2h-1_amd64.deb ...
Unpacking libssl-dev:amd64 (1.0.2h-1) ...
Selecting previously unselected package libpq-dev.
Preparing to unpack .../72-libpq-dev_9.5.4-1_amd64.deb ...
Unpacking libpq-dev (9.5.4-1) ...
Selecting previously unselected package libsasl2-dev.
Preparing to unpack .../73-libsasl2-dev_2.1.26.dfsg1-15_amd64.deb ...
Unpacking libsasl2-dev (2.1.26.dfsg1-15) ...
Selecting previously unselected package libsqlite3-dev:amd64.
Preparing to unpack .../74-libsqlite3-dev_3.14.1-1_amd64.deb ...
Unpacking libsqlite3-dev:amd64 (3.14.1-1) ...
Selecting previously unselected package libldap2-dev:amd64.
Preparing to unpack .../75-libldap2-dev_2.4.42+dfsg-2+b2_amd64.deb ...
Unpacking libldap2-dev:amd64 (2.4.42+dfsg-2+b2) ...
Selecting previously unselected package sbuild-build-depends-courier-authlib-dummy.
Preparing to unpack .../76-sbuild-build-depends-courier-authlib-dummy_0.invalid.0_amd64.deb ...
Unpacking sbuild-build-depends-courier-authlib-dummy (0.invalid.0) ...
Setting up libpam0g-dev:amd64 (1.1.8-3.3) ...
Setting up libnettle6:amd64 (3.2-1) ...
Setting up libarchive-zip-perl (1.59-1) ...
Setting up comerr-dev (2.1-1.43.1-1) ...
Setting up libgdbm-dev:amd64 (1.8.3-14) ...
Setting up libtimedate-perl (2.3000-2) ...
Setting up libsigsegv2:amd64 (2.10-5) ...
Setting up tzdata (2016f-1) ...

Current default time zone: 'Etc/UTC'
Local time is now:      Mon Aug 29 16:34:42 UTC 2016.
Universal Time is now:  Mon Aug 29 16:34:42 UTC 2016.
Run 'dpkg-reconfigure tzdata' if you wish to change it.

Setting up groff-base (1.22.3-8) ...
Setting up libglib2.0-0:amd64 (2.48.1-3) ...
No schema files found: doing nothing.
Setting up mysql-common (5.8+1.0.0) ...
update-alternatives: using /etc/mysql/my.cnf.fallback to provide /etc/mysql/my.cnf (my.cnf) in auto mode
Setting up libsasl2-modules-db:amd64 (2.1.26.dfsg1-15) ...
Setting up libsasl2-2:amd64 (2.1.26.dfsg1-15) ...
Setting up gettext-base (0.19.8.1-1) ...
Setting up libpipeline1:amd64 (1.4.1-2) ...
Setting up libmysqlclient18:amd64 (5.6.30-1) ...
Setting up m4 (1.4.17-5) ...
Setting up libicu57:amd64 (57.1-3) ...
Setting up libsasl2-dev (2.1.26.dfsg1-15) ...
Setting up libprocps6:amd64 (2:3.3.12-2) ...
Setting up libxml2:amd64 (2.9.4+dfsg1-1+b1) ...
Setting up libtasn1-6:amd64 (4.9-4) ...
Setting up libmagic-mgc (1:5.28-4) ...
Setting up libmagic1:amd64 (1:5.28-4) ...
Setting up libhogweed4:amd64 (3.2-1) ...
Setting up lsb-base (9.20160629) ...
Setting up procps (2:3.3.12-2) ...
update-alternatives: using /usr/bin/w.procps to provide /usr/bin/w (w) in auto mode
Setting up libcroco3:amd64 (0.6.11-1) ...
Setting up libssl1.0.2:amd64 (1.0.2h-1) ...
Setting up pkg-config (0.29-4) ...
Processing triggers for libc-bin (2.23-5) ...
Setting up autotools-dev (20160430.1) ...
Setting up libunistring0:amd64 (0.9.6+really0.9.3-0.1) ...
Setting up libcourier-unicode1:amd64 (1.4-2) ...
Setting up libp11-kit0:amd64 (0.23.2-5) ...
Setting up libltdl7:amd64 (2.4.6-2) ...
Setting up libsqlite3-0:amd64 (3.14.1-1) ...
Setting up libtcl8.6:amd64 (8.6.6+dfsg-1) ...
Setting up libkeyutils1:amd64 (1.5.9-9) ...
Setting up bsdmainutils (9.0.10) ...
update-alternatives: using /usr/bin/bsd-write to provide /usr/bin/write (write) in auto mode
update-alternatives: using /usr/bin/bsd-from to provide /usr/bin/from (from) in auto mode
Setting up autopoint (0.19.8.1-1) ...
Setting up libidn11:amd64 (1.33-1) ...
Setting up libidn11-dev (1.33-1) ...
Setting up zlib1g-dev:amd64 (1:1.2.8.dfsg-2+b1) ...
Setting up libfile-stripnondeterminism-perl (0.023-2) ...
Setting up libmysqlclient-dev (5.6.30-1) ...
Setting up libltdl-dev:amd64 (2.4.6-2) ...
Setting up gettext (0.19.8.1-1) ...
Setting up libsqlite3-dev:amd64 (3.14.1-1) ...
Setting up libssl-dev:amd64 (1.0.2h-1) ...
Setting up libgnutls30:amd64 (3.5.3-3) ...
Setting up libcourier-unicode-dev:amd64 (1.4-2) ...
Setting up autoconf (2.69-10) ...
Setting up file (1:5.28-4) ...
Setting up libkrb5support0:amd64 (1.14.3+dfsg-1) ...
Setting up intltool-debian (0.35.0+20060710.4) ...
Setting up libldap-2.4-2:amd64 (2.4.42+dfsg-2+b2) ...
Setting up tcl-expect:amd64 (5.45-7) ...
Setting up automake (1:1.15-4) ...
update-alternatives: using /usr/bin/automake-1.15 to provide /usr/bin/automake (automake) in auto mode
Setting up man-db (2.7.5-1) ...
Not building database; man-db/auto-update is not 'true'.
Setting up libldap2-dev:amd64 (2.4.42+dfsg-2+b2) ...
Setting up libtool (2.4.6-2) ...
Setting up expect (5.45-7) ...
Setting up libk5crypto3:amd64 (1.14.3+dfsg-1) ...
Setting up po-debconf (1.0.19) ...
Setting up libkrb5-3:amd64 (1.14.3+dfsg-1) ...
Setting up libgssapi-krb5-2:amd64 (1.14.3+dfsg-1) ...
Setting up libpq5:amd64 (9.5.4-1) ...
Setting up libgssrpc4:amd64 (1.14.3+dfsg-1) ...
Setting up libkdb5-8:amd64 (1.14.3+dfsg-1) ...
Setting up libkadm5srv-mit10:amd64 (1.14.3+dfsg-1) ...
Setting up libkadm5clnt-mit10:amd64 (1.14.3+dfsg-1) ...
Setting up krb5-multidev (1.14.3+dfsg-1) ...
Setting up libpq-dev (9.5.4-1) ...
Setting up dh-autoreconf (12) ...
Setting up debhelper (9.20160814) ...
Setting up dh-strip-nondeterminism (0.023-2) ...
Setting up sbuild-build-depends-courier-authlib-dummy (0.invalid.0) ...
Processing triggers for libc-bin (2.23-5) ...
W: No sandbox user '_apt' on the system, can not drop privileges

+------------------------------------------------------------------------------+
| Build environment                                                            |
+------------------------------------------------------------------------------+

Kernel: Linux 3.16.0-4-amd64 amd64 (x86_64)
Toolchain package versions: binutils_2.27-6 dpkg-dev_1.18.10 g++-6_6.2.0-1 gcc-6_6.2.0-1 libc6-dev_2.23-5 libstdc++-6-dev_6.2.0-1 libstdc++6_6.2.0-1 linux-libc-dev_4.7.2-1
Package versions: adduser_3.115 apt_1.3~rc2 autoconf_2.69-10 automake_1:1.15-4 autopoint_0.19.8.1-1 autotools-dev_20160430.1 base-files_9.6 base-passwd_3.5.40 bash_4.3-15 binutils_2.27-6 bsdmainutils_9.0.10 bsdutils_1:2.28.1-1 build-essential_12.2 bzip2_1.0.6-8 clang-3.8_1:3.8.1-9 comerr-dev_2.1-1.43.1-1 coreutils_8.25-2 cpp_4:6.1.1-1 cpp-6_6.2.0-1 dash_0.5.8-2.3 debconf_1.5.59 debfoster_2.7-2.1 debhelper_9.20160814 debian-archive-keyring_2014.3 debianutils_4.8 dh-autoreconf_12 dh-strip-nondeterminism_0.023-2 diffutils_1:3.3-3 dpkg_1.18.10 dpkg-dev_1.18.10 e2fslibs_1.43.1-1 e2fsprogs_1.43.1-1 eatmydata_105-3 expect_5.45-7 fakeroot_1.21-1 file_1:5.28-4 findutils_4.6.0+git+20160703-2 g++_4:6.1.1-1 g++-6_6.2.0-1 gcc_4:6.1.1-1 gcc-6_6.2.0-1 gcc-6-base_6.2.0-1 gettext_0.19.8.1-1 gettext-base_0.19.8.1-1 gpgv_2.1.14-5 grep_2.25-6 groff-base_1.22.3-8 gzip_1.6-5 hostname_3.18 init-system-helpers_1.42 intltool-debian_0.35.0+20060710.4 krb5-multidev_1.14.3+dfsg-1 libacl1_2.2.52-3 libapt-pkg5.0_1.3~rc2 libarchive-zip-perl_1.59-1 libasan3_6.2.0-1 libatomic1_6.2.0-1 libattr1_1:2.4.47-2 libaudit-common_1:2.6.6-1 libaudit1_1:2.6.6-1 libblkid1_2.28.1-1 libbsd0_0.8.3-1 libbz2-1.0_1.0.6-8 libc-bin_2.23-5 libc-dev-bin_2.23-5 libc6_2.23-5 libc6-dev_2.23-5 libcap-ng0_0.7.7-3 libcc1-0_6.2.0-1 libcilkrts5_6.2.0-1 libclang-common-3.8-dev_1:3.8.1-9 libclang1-3.8_1:3.8.1-9 libcomerr2_1.43.1-1 libcourier-unicode-dev_1.4-2 libcourier-unicode1_1.4-2 libcroco3_0.6.11-1 libdb5.3_5.3.28-12 libdebconfclient0_0.215 libdpkg-perl_1.18.10 libeatmydata1_105-3 libedit2_3.1-20150325-1+b1 libfakeroot_1.21-1 libfdisk1_2.28.1-1 libffi6_3.2.1-4 libfile-stripnondeterminism-perl_0.023-2 libgc1c2_1:7.4.2-8 libgcc-6-dev_6.2.0-1 libgcc1_1:6.2.0-1 libgcrypt20_1.7.3-1 libgdbm-dev_1.8.3-14 libgdbm3_1.8.3-14 libglib2.0-0_2.48.1-3 libgmp10_2:6.1.1+dfsg-1 libgnutls30_3.5.3-3 libgomp1_6.2.0-1 libgpg-error0_1.24-1 libgssapi-krb5-2_1.14.3+dfsg-1 libgssrpc4_1.14.3+dfsg-1 libhogweed4_3.2-1 libicu57_57.1-3 libidn11_1.33-1 libidn11-dev_1.33-1 libisl15_0.17.1-1 libitm1_6.2.0-1 libk5crypto3_1.14.3+dfsg-1 libkadm5clnt-mit10_1.14.3+dfsg-1 libkadm5srv-mit10_1.14.3+dfsg-1 libkdb5-8_1.14.3+dfsg-1 libkeyutils1_1.5.9-9 libkrb5-3_1.14.3+dfsg-1 libkrb5support0_1.14.3+dfsg-1 libldap-2.4-2_2.4.42+dfsg-2+b2 libldap2-dev_2.4.42+dfsg-2+b2 libllvm3.8_1:3.8.1-9 liblsan0_6.2.0-1 libltdl-dev_2.4.6-2 libltdl7_2.4.6-2 liblz4-1_0.0~r131-2 liblzma5_5.1.1alpha+20120614-2.1 libmagic-mgc_1:5.28-4 libmagic1_1:5.28-4 libmount1_2.28.1-1 libmpc3_1.0.3-1 libmpfr4_3.1.4-2 libmpx2_6.2.0-1 libmysqlclient-dev_5.6.30-1 libmysqlclient18_5.6.30-1 libncurses5_6.0+20160625-1 libncursesw5_6.0+20160625-1 libnettle6_3.2-1 libobjc-6-dev_6.2.0-1 libobjc4_6.2.0-1 libp11-kit0_0.23.2-5 libpam-modules_1.1.8-3.3 libpam-modules-bin_1.1.8-3.3 libpam-runtime_1.1.8-3.3 libpam0g_1.1.8-3.3 libpam0g-dev_1.1.8-3.3 libpcre3_2:8.39-2 libperl5.22_5.22.2-3 libpipeline1_1.4.1-2 libpq-dev_9.5.4-1 libpq5_9.5.4-1 libprocps6_2:3.3.12-2 libquadmath0_6.2.0-1 libsasl2-2_2.1.26.dfsg1-15 libsasl2-dev_2.1.26.dfsg1-15 libsasl2-modules-db_2.1.26.dfsg1-15 libselinux1_2.5-3 libsemanage-common_2.5-1 libsemanage1_2.5-1 libsepol1_2.5-1 libsigsegv2_2.10-5 libsmartcols1_2.28.1-1 libsqlite3-0_3.14.1-1 libsqlite3-dev_3.14.1-1 libss2_1.43.1-1 libssl-dev_1.0.2h-1 libssl1.0.2_1.0.2h-1 libstdc++-6-dev_6.2.0-1 libstdc++6_6.2.0-1 libsystemd0_231-5 libtasn1-6_4.9-4 libtcl8.6_8.6.6+dfsg-1 libtimedate-perl_2.3000-2 libtinfo5_6.0+20160625-1 libtool_2.4.6-2 libtsan0_6.2.0-1 libubsan0_6.2.0-1 libudev1_231-5 libunistring0_0.9.6+really0.9.3-0.1 libustr-1.0-1_1.0.4-5 libuuid1_2.28.1-1 libxml2_2.9.4+dfsg1-1+b1 linux-libc-dev_4.7.2-1 login_1:4.2-3.1 lsb-base_9.20160629 m4_1.4.17-5 make_4.1-9 man-db_2.7.5-1 mawk_1.3.3-17 mount_2.28.1-1 multiarch-support_2.23-5 mysql-common_5.8+1.0.0 ncurses-base_6.0+20160625-1 ncurses-bin_6.0+20160625-1 passwd_1:4.2-3.1 patch_2.7.5-1 perl_5.22.2-3 perl-base_5.22.2-3 perl-modules-5.22_5.22.2-3 pkg-config_0.29-4 po-debconf_1.0.19 procps_2:3.3.12-2 sbuild-build-depends-core-dummy_0.invalid.0 sbuild-build-depends-courier-authlib-dummy_0.invalid.0 sed_4.2.2-7.1 sensible-utils_0.0.9 sysvinit-utils_2.88dsf-59.8 tar_1.29b-1 tcl-expect_5.45-7 tzdata_2016f-1 util-linux_2.28.1-1 xz-utils_5.1.1alpha+20120614-2.1 zlib1g_1:1.2.8.dfsg-2+b1 zlib1g-dev_1:1.2.8.dfsg-2+b1

+------------------------------------------------------------------------------+
| Build                                                                        |
+------------------------------------------------------------------------------+


Unpack source
-------------

gpgv: unknown type of key resource 'trustedkeys.kbx'
gpgv: keyblock resource '/sbuild-nonexistent/.gnupg/trustedkeys.kbx': General error
gpgv: Signature made Wed Mar 23 13:45:29 2016 UTC using RSA key ID 
gpgv: Can't check signature: No public key
dpkg-source: warning: failed to verify signature on ./courier-authlib_0.66.4-7.dsc
dpkg-source: info: extracting courier-authlib in /<<PKGBUILDDIR>>
dpkg-source: info: unpacking courier-authlib_0.66.4.orig.tar.bz2
dpkg-source: info: unpacking courier-authlib_0.66.4-7.debian.tar.xz
dpkg-source: info: applying 0001-Don-t-mangle-permissions-on-install-time-as-it-s-tak.patch
dpkg-source: info: applying 0002-Rip-AC_PROG_SYSCONFTOOL-macro-to-m4-directory.patch
dpkg-source: info: applying 0003-Fix-authdaemondprog-linking-missing-libcourierauth.l.patch
dpkg-source: info: applying 0004-Reorder-libs-on-pkglib_LTLIBRARIES-to-help-libtool-f.patch
dpkg-source: info: applying 0005-libcourierauth-libraries-are-normal-shared-libraries.patch

Check disc space
----------------

Sufficient free space for build

User Environment
----------------

APT_CONFIG=/var/lib/sbuild/apt.conf
HOME=/sbuild-nonexistent
LC_ALL=POSIX
LOGNAME=user42
PATH=/usr/local/sbin:/usr/local/bin:/usr/sbin:/usr/bin:/sbin:/bin:/usr/games
SCHROOT_ALIAS_NAME=unstable-amd64-sbuild
SCHROOT_CHROOT_NAME=unstable-amd64-sbuild
SCHROOT_COMMAND=env
SCHROOT_GID=1001
SCHROOT_GROUP=user42
SCHROOT_SESSION_ID=unstable-amd64-sbuild-e060339d-865a-4306-ad24-aa86046ba703
SCHROOT_UID=1001
SCHROOT_USER=user42
SHELL=/bin/sh
USER=user42

dpkg-buildpackage
-----------------

dpkg-buildpackage: info: source package courier-authlib
dpkg-buildpackage: info: source version 0.66.4-7
dpkg-buildpackage: info: source distribution unstable
dpkg-buildpackage: info: source changed by Ondej Sur <ondrej@debian.org>
 dpkg-source --before-build courier-authlib-0.66.4
dpkg-buildpackage: info: host architecture amd64
 fakeroot debian/rules clean
dh clean --with autoreconf --with autotools-dev
   dh_testdir
   dh_auto_clean
   dh_autoreconf_clean
   dh_autotools-dev_restoreconfig
   dh_clean
 debian/rules build-arch
dh build-arch --with autoreconf --with autotools-dev
   dh_testdir -a
   dh_update_autotools_config -a
   dh_autoreconf -a
libtoolize: putting auxiliary files in AC_CONFIG_AUX_DIR, '../..'.
libtoolize: copying file '../../ltmain.sh'
libtoolize: Consider adding 'AC_CONFIG_MACRO_DIRS([m4])' to configure.ac,
libtoolize: and rerunning libtoolize and aclocal.
libtoolize: Consider adding '-I m4' to ACLOCAL_AMFLAGS in Makefile.am.
configure.ac:16: installing '../../compile'
configure.ac:12: installing '../../missing'
Makefile.am: installing '../../depcomp'
libtoolize: putting auxiliary files in AC_CONFIG_AUX_DIR, '../..'.
libtoolize: copying file '../../ltmain.sh'
libtoolize: Consider adding 'AC_CONFIG_MACRO_DIRS([m4])' to configure.ac,
libtoolize: and rerunning libtoolize and aclocal.
libtoolize: Consider adding '-I m4' to ACLOCAL_AMFLAGS in Makefile.am.
configure.ac:16: installing '../../compile'
configure.ac:12: installing '../../missing'
Makefile.am: installing '../../depcomp'
libtoolize: putting auxiliary files in AC_CONFIG_AUX_DIR, '../..'.
libtoolize: copying file '../../ltmain.sh'
libtoolize: Consider adding 'AC_CONFIG_MACRO_DIRS([m4])' to configure.ac,
libtoolize: and rerunning libtoolize and aclocal.
libtoolize: Consider adding '-I m4' to ACLOCAL_AMFLAGS in Makefile.am.
configure.ac:22: installing '../../compile'
configure.ac:14: installing '../../missing'
Makefile.am: installing '../../depcomp'
libtoolize: putting auxiliary files in AC_CONFIG_AUX_DIR, '../..'.
libtoolize: copying file '../../ltmain.sh'
libtoolize: Consider adding 'AC_CONFIG_MACRO_DIRS([m4])' to configure.ac,
libtoolize: and rerunning libtoolize and aclocal.
libtoolize: Consider adding '-I m4' to ACLOCAL_AMFLAGS in Makefile.am.
configure.ac:19: installing '../../compile'
configure.ac:14: installing '../../missing'
Makefile.am: installing '../../depcomp'
libtoolize: putting auxiliary files in AC_CONFIG_AUX_DIR, '../..'.
libtoolize: copying file '../../ltmain.sh'
libtoolize: Consider adding 'AC_CONFIG_MACRO_DIRS([m4])' to configure.ac,
libtoolize: and rerunning libtoolize and aclocal.
libtoolize: Consider adding '-I m4' to ACLOCAL_AMFLAGS in Makefile.am.
configure.ac:22: installing '../../compile'
configure.ac:13: installing '../../missing'
Makefile.am: installing '../../depcomp'
libtoolize: putting auxiliary files in AC_CONFIG_AUX_DIR, '../..'.
libtoolize: copying file '../../ltmain.sh'
libtoolize: Consider adding 'AC_CONFIG_MACRO_DIRS([m4])' to configure.ac,
libtoolize: and rerunning libtoolize and aclocal.
libtoolize: Consider adding '-I m4' to ACLOCAL_AMFLAGS in Makefile.am.
configure.ac:18: installing '../../compile'
configure.ac:14: installing '../../missing'
Makefile.am: installing '../../depcomp'
libtoolize: putting auxiliary files in AC_CONFIG_AUX_DIR, '../..'.
libtoolize: copying file '../../ltmain.sh'
libtoolize: Consider adding 'AC_CONFIG_MACRO_DIRS([m4])' to configure.ac,
libtoolize: and rerunning libtoolize and aclocal.
libtoolize: Consider adding '-I m4' to ACLOCAL_AMFLAGS in Makefile.am.
configure.ac:17: installing '../../compile'
configure.ac:12: installing '../../missing'
Makefile.am: installing '../../depcomp'
libtoolize: putting auxiliary files in AC_CONFIG_AUX_DIR, '..'.
libtoolize: copying file '../ltmain.sh'
libtoolize: Consider adding 'AC_CONFIG_MACRO_DIRS([m4])' to configure.ac,
libtoolize: and rerunning libtoolize and aclocal.
libtoolize: Consider adding '-I m4' to ACLOCAL_AMFLAGS in Makefile.am.
configure.ac:20: installing '../compile'
configure.ac:15: installing '../missing'
Makefile.am: installing '../depcomp'
libtoolize: putting auxiliary files in AC_CONFIG_AUX_DIR, '../..'.
libtoolize: copying file '../../ltmain.sh'
libtoolize: Consider adding 'AC_CONFIG_MACRO_DIRS([m4])' to configure.ac,
libtoolize: and rerunning libtoolize and aclocal.
libtoolize: Consider adding '-I m4' to ACLOCAL_AMFLAGS in Makefile.am.
configure.ac:16: installing '../../compile'
configure.ac:12: installing '../../missing'
Makefile.am: installing '../../depcomp'
libtoolize: putting auxiliary files in AC_CONFIG_AUX_DIR, '../..'.
libtoolize: copying file '../../ltmain.sh'
libtoolize: Consider adding 'AC_CONFIG_MACRO_DIRS([m4])' to configure.ac,
libtoolize: and rerunning libtoolize and aclocal.
libtoolize: Consider adding '-I m4' to ACLOCAL_AMFLAGS in Makefile.am.
configure.ac:18: installing '../../compile'
configure.ac:12: installing '../../missing'
Makefile.am: installing '../../depcomp'
libtoolize: putting auxiliary files in AC_CONFIG_AUX_DIR, '../..'.
libtoolize: copying file '../../ltmain.sh'
libtoolize: Consider adding 'AC_CONFIG_MACRO_DIRS([m4])' to configure.ac,
libtoolize: and rerunning libtoolize and aclocal.
libtoolize: Consider adding '-I m4' to ACLOCAL_AMFLAGS in Makefile.am.
configure.ac:19: installing '../../compile'
configure.ac:13: installing '../../missing'
Makefile.am: installing '../../depcomp'
libtoolize: putting auxiliary files in AC_CONFIG_AUX_DIR, '..'.
libtoolize: copying file '../ltmain.sh'
libtoolize: Consider adding 'AC_CONFIG_MACRO_DIRS([m4])' to configure.ac,
libtoolize: and rerunning libtoolize and aclocal.
libtoolize: Consider adding '-I m4' to ACLOCAL_AMFLAGS in Makefile.am.
configure.ac:16: installing '../compile'
configure.ac:12: installing '../missing'
Makefile.am: installing '../depcomp'
libtoolize: putting auxiliary files in '.'.
libtoolize: copying file './compile'
libtoolize: copying file './config.guess'
libtoolize: copying file './config.sub'
libtoolize: copying file './depcomp'
libtoolize: copying file './install-sh'
libtoolize: copying file './missing'
libtoolize: copying file './ltmain.sh'
libtoolize: putting macros in AC_CONFIG_MACRO_DIRS, 'm4'.
libtoolize: copying file 'm4/libtool.m4'
libtoolize: You should add the contents of 'm4/libtool.m4' to 'aclocal.m4'.
libtoolize: copying file 'm4/ltargz.m4'
libtoolize: You should add the contents of 'm4/ltargz.m4' to 'aclocal.m4'.
libtoolize: copying file 'm4/ltdl.m4'
libtoolize: You should add the contents of 'm4/ltdl.m4' to 'aclocal.m4'.
libtoolize: copying file 'm4/ltoptions.m4'
libtoolize: You should add the contents of 'm4/ltoptions.m4' to 'aclocal.m4'.
libtoolize: copying file 'm4/ltsugar.m4'
libtoolize: You should add the contents of 'm4/ltsugar.m4' to 'aclocal.m4'.
libtoolize: copying file 'm4/ltversion.m4'
libtoolize: copying file 'm4/lt~obsolete.m4'
libtoolize: You should add the contents of 'm4/lt~obsolete.m4' to 'aclocal.m4'.
libtoolize: putting libltdl files in 'libltdl'.
libtoolize: copying file 'libltdl/COPYING.LIB'
libtoolize: creating file 'libltdl/Makefile.am'
libtoolize: copying file 'libltdl/README'
libtoolize: creating file 'libltdl/configure.ac'
libtoolize: copying file 'libltdl/aclocal.m4'
libtoolize: creating file 'libltdl/Makefile.in'
libtoolize: copying file 'libltdl/config-h.in'
libtoolize: creating file 'libltdl/configure'
libtoolize: copying file 'libltdl/libltdl/lt__alloc.h'
libtoolize: copying file 'libltdl/libltdl/lt__argz_.h'
libtoolize: copying file 'libltdl/libltdl/lt__dirent.h'
libtoolize: copying file 'libltdl/libltdl/lt__glibc.h'
libtoolize: copying file 'libltdl/libltdl/lt__private.h'
libtoolize: copying file 'libltdl/libltdl/lt__strl.h'
libtoolize: copying file 'libltdl/libltdl/lt_dlloader.h'
libtoolize: copying file 'libltdl/libltdl/lt_error.h'
libtoolize: copying file 'libltdl/libltdl/lt_system.h'
libtoolize: copying file 'libltdl/libltdl/slist.h'
libtoolize: copying file 'libltdl/loaders/dld_link.c'
libtoolize: copying file 'libltdl/loaders/dlopen.c'
libtoolize: copying file 'libltdl/loaders/dyld.c'
libtoolize: copying file 'libltdl/loaders/load_add_on.c'
libtoolize: copying file 'libltdl/loaders/loadlibrary.c'
libtoolize: copying file 'libltdl/loaders/preopen.c'
libtoolize: copying file 'libltdl/loaders/shl_load.c'
libtoolize: copying file 'libltdl/lt__alloc.c'
libtoolize: copying file 'libltdl/lt__argz.c'
libtoolize: copying file 'libltdl/lt__dirent.c'
libtoolize: copying file 'libltdl/lt__strl.c'
libtoolize: copying file 'libltdl/lt_dlloader.c'
libtoolize: copying file 'libltdl/lt_error.c'
libtoolize: copying file 'libltdl/ltdl.c'
libtoolize: copying file 'libltdl/ltdl.h'
libtoolize: copying file 'libltdl/slist.c'
libtoolize: Remember to add 'LT_CONFIG_LTDL_DIR([libltdl])' to 'configure.ac'.
   dh_autotools-dev_updateconfig -a
   debian/rules override_dh_auto_configure
make[1]: Entering directory '/<<PKGBUILDDIR>>'
dh_auto_configure -- --with-authdaemonvar=/run/courier/authdaemon --with-pkgconfdir=/etc/courier --libdir=\${prefix}/lib --libexecdir=\${prefix}/lib/courier --datadir=\${prefix}/lib/courier --localstatedir=/var/lib/courier --without-socks --with-authpam --with-authpipe --without-authpwd --with-authmysql --with-mysql-includes=/usr/include/mysql --with-mysql-libs=/usr/lib --with-authmysqlrc=/etc/courier/authmysqlrc --with-authpgsql --with-pgsql-includes=`pg_config --includedir` --with-pgsql-libs=/usr/lib --with-authpgsqlrc=/etc/courier/authpgsqlrc --without-authshadow --with-authldap --with-authldaprc=/etc/courier/authldaprc --with-authsqlite="" --with-authsqliterc=/etc/courier/authsqliterc --with-authcram --with-db=gdbm --without-fcgi --with-htmllibdir=/usr/share/sqwebmail --with-ispell=/usr/bin/ispell --enable-userdb --enable-syslog=1 --disable-root-check 
	./configure --build=x86_64-linux-gnu --prefix=/usr --includedir=\${prefix}/include --mandir=\${prefix}/share/man --infodir=\${prefix}/share/info --sysconfdir=/etc --localstatedir=/var --disable-silent-rules --libdir=\${prefix}/lib/x86_64-linux-gnu --libexecdir=\${prefix}/lib/x86_64-linux-gnu --disable-maintainer-mode --disable-dependency-tracking --with-authdaemonvar=/run/courier/authdaemon --with-pkgconfdir=/etc/courier --libdir=\${prefix}/lib --libexecdir=\${prefix}/lib/courier --datadir=\${prefix}/lib/courier --localstatedir=/var/lib/courier --without-socks --with-authpam --with-authpipe --without-authpwd --with-authmysql --with-mysql-includes=/usr/include/mysql --with-mysql-libs=/usr/lib --with-authmysqlrc=/etc/courier/authmysqlrc --with-authpgsql --with-pgsql-includes=/usr/include/postgresql --with-pgsql-libs=/usr/lib --with-authpgsqlrc=/etc/courier/authpgsqlrc --without-authshadow --with-authldap --with-authldaprc=/etc/courier/authldaprc --with-authsqlite= --with-authsqliterc=/etc/courier/authsqliterc --with-authcram --with-db=gdbm --without-fcgi --with-htmllibdir=/usr/share/sqwebmail --with-ispell=/usr/bin/ispell --enable-userdb --enable-syslog=1 --disable-root-check
checking for a BSD-compatible install... /usr/bin/install -c
checking whether build environment is sane... yes
checking for a thread-safe mkdir -p... /bin/mkdir -p
checking for gawk... no
checking for mawk... mawk
checking whether make sets $(MAKE)... yes
checking whether make supports nested variables... yes
checking for gawk... (cached) mawk
checking for gcc... gcc
checking whether the C compiler works... yes
checking for C compiler default output file name... a.out
checking for suffix of executables... 
checking whether we are cross compiling... no
checking for suffix of object files... o
checking whether we are using the GNU C compiler... yes
checking whether gcc accepts -g... yes
checking for gcc option to accept ISO C89... none needed
checking whether gcc understands -c and -o together... yes
checking for style of include used by make... GNU
checking dependency style of gcc... none
checking how to run the C preprocessor... gcc -E
checking whether ln -s works... yes
checking for perl5... no
checking for perl... /usr/bin/perl
checking for sysconftool...... ././sysconftool
checking build system type... x86_64-pc-linux-gnu
checking host system type... x86_64-pc-linux-gnu
checking how to print strings... printf
checking for a sed that does not truncate output... /bin/sed
checking for grep that handles long lines and -e... /bin/grep
checking for egrep... /bin/grep -E
checking for fgrep... /bin/grep -F
checking for ld used by gcc... /usr/bin/ld
checking if the linker (/usr/bin/ld) is GNU ld... yes
checking for BSD- or MS-compatible name lister (nm)... /usr/bin/nm -B
checking the name lister (/usr/bin/nm -B) interface... BSD nm
checking the maximum length of command line arguments... 1572864
checking how to convert x86_64-pc-linux-gnu file names to x86_64-pc-linux-gnu format... func_convert_file_noop
checking how to convert x86_64-pc-linux-gnu file names to toolchain format... func_convert_file_noop
checking for /usr/bin/ld option to reload object files... -r
checking for objdump... objdump
checking how to recognize dependent libraries... pass_all
checking for dlltool... no
checking how to associate runtime and link libraries... printf %s\n
checking for ar... ar
checking for archiver @FILE support... @
checking for strip... strip
checking for ranlib... ranlib
checking command to parse /usr/bin/nm -B output from gcc object... ok
checking for sysroot... no
checking for a working dd... /bin/dd
checking how to truncate binary pipes... /bin/dd bs=4096 count=1
checking for mt... no
checking if : is a manifest tool... no
checking for ANSI C header files... yes
checking for sys/types.h... yes
checking for sys/stat.h... yes
checking for stdlib.h... yes
checking for string.h... yes
checking for memory.h... yes
checking for strings.h... yes
checking for inttypes.h... yes
checking for stdint.h... yes
checking for unistd.h... yes
checking for dlfcn.h... yes
checking for objdir... .libs
checking if gcc supports -fno-rtti -fno-exceptions... yes
checking for gcc option to produce PIC... -fPIC -DPIC
checking if gcc PIC flag -fPIC -DPIC works... yes
checking if gcc static flag -static works... yes
checking if gcc supports -c -o file.o... yes
checking if gcc supports -c -o file.o... (cached) yes
checking whether the gcc linker (/usr/bin/ld -m elf_x86_64) supports shared libraries... yes
checking whether -lc should be explicitly linked in... no
checking dynamic linker characteristics... GNU/Linux ld.so
checking how to hardcode library paths into programs... immediate
checking for shl_load... no
checking for shl_load in -ldld... no
checking for dlopen... no
checking for dlopen in -ldl... yes
checking whether a program can dlopen itself... yes
checking whether a statically linked program can dlopen itself... no
checking whether stripping libraries is possible... yes
checking if libtool supports shared libraries... yes
checking whether to build shared libraries... yes
checking whether to build static libraries... yes
checking what extension is used for runtime loadable modules... .so
checking what variable specifies run-time module search path... LD_LIBRARY_PATH
checking for the default library search path... /lib /usr/lib /usr/lib/x86_64-linux-gnu/libfakeroot /usr/local/lib /lib/x86_64-linux-gnu /usr/lib/x86_64-linux-gnu 
checking for library containing dlopen... -ldl
checking for dlerror... yes
checking for shl_load... (cached) no
checking for shl_load in -ldld... (cached) no
checking for dld_link in -ldld... no
checking for _ prefix in compiled symbols... no
checking whether deplibs are loaded by dlopen... yes
checking for argz.h... yes
checking for error_t... yes
checking for argz_add... yes
checking for argz_append... yes
checking for argz_count... yes
checking for argz_create_sep... yes
checking for argz_insert... yes
checking for argz_next... yes
checking for argz_stringify... yes
checking if argz actually works... yes
checking whether libtool supports -dlopen/-dlpreopen... yes
checking for ltdl.h... yes
checking whether lt_dlinterface_register is declared... yes
checking for lt_dladvise_preload in -lltdl... yes
checking where to find libltdl headers... 
checking where to find libltdl library... -lltdl
checking for unistd.h... (cached) yes
checking for dl.h... no
checking for sys/dl.h... no
checking for dld.h... no
checking for mach-o/dyld.h... no
checking for dirent.h... yes
checking for closedir... yes
checking for opendir... yes
checking for readdir... yes
checking for strlcat... no
checking for strlcpy... no
checking for perl5... no
checking for perl... /usr/bin/perl
checking for courier-config... no
checking for ltdl.h... (cached) yes
checking for expect... /usr/bin/expect
checking for passwd... /usr/bin/passwd
checking whether -lm is needed for floor... yes
checking for socket in -lsocket... no
checking for socket in -lsocket... (cached) no
checking for connect in -lsocket... no
checking for connect in -lsocket... (cached) no
checking for gdbm_open in -lgdbm... yes
checking for gdbm_open... yes
checking stdio.h usability... yes
checking stdio.h presence... yes
checking for stdio.h... yes
checking security/pam_appl.h usability... yes
checking security/pam_appl.h presence... yes
checking for security/pam_appl.h... yes
checking Pam/pam_appl.h usability... no
checking Pam/pam_appl.h presence... no
checking for Pam/pam_appl.h... no
checking for dlopen in -ldl... (cached) yes
checking for pam_start in -lpam... yes
checking for pam_setcred... yes
checking lber.h usability... yes
checking lber.h presence... yes
checking for lber.h... yes
checking ldap.h usability... yes
checking ldap.h presence... yes
checking for ldap.h... yes
checking netinet/in.h usability... yes
checking netinet/in.h presence... yes
checking for netinet/in.h... yes
checking whether -lresolv is needed for res_query... yes
checking for ber_scanf in -llber... yes
checking for ldap_open in -lldap... yes
checking for ldap_search_st... yes
checking for ldap_start_tls_s... yes
checking for ldap_result2error... yes
checking for ldap_parse_result... yes
checking for endpwent... yes
checking shadow.h usability... yes
checking shadow.h presence... yes
checking for shadow.h... yes
checking for getspent in -lshadow... no
checking for endspent... yes
checking for getspent... yes
checking for pg_config... /usr/bin/pg_config
checking for PQsetdbLogin... yes
checking for mysql_config... /usr/bin/mysql_config
checking for mysql_connect... no
checking for mysql_real_connect... yes
checking for sqlite3_version... no
checking for ANSI C header files... (cached) yes
checking for sys/wait.h that is POSIX.1 compatible... no
checking for sys/stat.h... (cached) yes
checking sys/time.h usability... no
checking sys/time.h presence... yes
configure: WARNING: sys/time.h: present but cannot be compiled
configure: WARNING: sys/time.h:     check for missing prerequisite headers?
configure: WARNING: sys/time.h: see the Autoconf documentation
configure: WARNING: sys/time.h:     section "Present But Cannot Be Compiled"
configure: WARNING: sys/time.h: proceeding with the compiler's result
configure: WARNING:     ## -------------------------------------------------- ##
configure: WARNING:     ## Report this to courier-users@lists.sourceforge.net ##
configure: WARNING:     ## -------------------------------------------------- ##
checking for sys/time.h... no
checking for sys/wait.h... (cached) no
checking sys/select.h usability... no
checking sys/select.h presence... yes
configure: WARNING: sys/select.h: present but cannot be compiled
configure: WARNING: sys/select.h:     check for missing prerequisite headers?
configure: WARNING: sys/select.h: see the Autoconf documentation
configure: WARNING: sys/select.h:     section "Present But Cannot Be Compiled"
configure: WARNING: sys/select.h: proceeding with the compiler's result
configure: WARNING:     ## -------------------------------------------------- ##
configure: WARNING:     ## Report this to courier-users@lists.sourceforge.net ##
configure: WARNING:     ## -------------------------------------------------- ##
checking for sys/select.h... no
checking for unistd.h... (cached) yes
checking fcntl.h usability... no
checking fcntl.h presence... yes
configure: WARNING: fcntl.h: present but cannot be compiled
configure: WARNING: fcntl.h:     check for missing prerequisite headers?
configure: WARNING: fcntl.h: see the Autoconf documentation
configure: WARNING: fcntl.h:     section "Present But Cannot Be Compiled"
configure: WARNING: fcntl.h: proceeding with the compiler's result
configure: WARNING:     ## -------------------------------------------------- ##
configure: WARNING:     ## Report this to courier-users@lists.sourceforge.net ##
configure: WARNING:     ## -------------------------------------------------- ##
checking for fcntl.h... no
checking crypt.h usability... no
checking crypt.h presence... yes
configure: WARNING: crypt.h: present but cannot be compiled
configure: WARNING: crypt.h:     check for missing prerequisite headers?
configure: WARNING: crypt.h: see the Autoconf documentation
configure: WARNING: crypt.h:     section "Present But Cannot Be Compiled"
configure: WARNING: crypt.h: proceeding with the compiler's result
configure: WARNING:     ## -------------------------------------------------- ##
configure: WARNING:     ## Report this to courier-users@lists.sourceforge.net ##
configure: WARNING:     ## -------------------------------------------------- ##
checking for crypt.h... no
checking termios.h usability... no
checking termios.h presence... yes
configure: WARNING: termios.h: present but cannot be compiled
configure: WARNING: termios.h:     check for missing prerequisite headers?
configure: WARNING: termios.h: see the Autoconf documentation
configure: WARNING: termios.h:     section "Present But Cannot Be Compiled"
configure: WARNING: termios.h: proceeding with the compiler's result
configure: WARNING:     ## -------------------------------------------------- ##
configure: WARNING:     ## Report this to courier-users@lists.sourceforge.net ##
configure: WARNING:     ## -------------------------------------------------- ##
checking for termios.h... no
checking for an ANSI C-conforming const... no
checking for pid_t... no
checking for uid_t in sys/types.h... yes
checking for setsid... no
checking for setlogin... no
checking for crypt in -lcrypt... no
checking for crypt... no
checking for crypt() prototype... 0
checking for mail userid... ./configure: line 421: test: use: integer expression expected
./configure: line 424: $4: Bad file descriptor
configure: error: --with-mailuser.
./configure: line 310: return: use: numeric argument required
./configure: line 320: exit: use: numeric argument required
	"tail -v -n +0 config.log"
==> config.log <==
This file contains any messages produced by compilers while
running configure, to aid debugging if configure makes a mistake.

It was created by courier-authlib configure 0.66.4, which was
generated by GNU Autoconf 2.69.  Invocation command line was

  $ ./configure --build=x86_64-linux-gnu --prefix=/usr --includedir=${prefix}/include --mandir=${prefix}/share/man --infodir=${prefix}/share/info --sysconfdir=/etc --localstatedir=/var --disable-silent-rules --libdir=${prefix}/lib/x86_64-linux-gnu --libexecdir=${prefix}/lib/x86_64-linux-gnu --disable-maintainer-mode --disable-dependency-tracking --with-authdaemonvar=/run/courier/authdaemon --with-pkgconfdir=/etc/courier --libdir=${prefix}/lib --libexecdir=${prefix}/lib/courier --datadir=${prefix}/lib/courier --localstatedir=/var/lib/courier --without-socks --with-authpam --with-authpipe --without-authpwd --with-authmysql --with-mysql-includes=/usr/include/mysql --with-mysql-libs=/usr/lib --with-authmysqlrc=/etc/courier/authmysqlrc --with-authpgsql --with-pgsql-includes=/usr/include/postgresql --with-pgsql-libs=/usr/lib --with-authpgsqlrc=/etc/courier/authpgsqlrc --without-authshadow --with-authldap --with-authldaprc=/etc/courier/authldaprc --with-authsqlite= --with-authsqliterc=/etc/courier/authsqliterc --with-authcram --with-db=gdbm --without-fcgi --with-htmllibdir=/usr/share/sqwebmail --with-ispell=/usr/bin/ispell --enable-userdb --enable-syslog=1 --disable-root-check

## --------- ##
## Platform. ##
## --------- ##

hostname = ip-172-31-15-104
uname -m = x86_64
uname -r = 3.16.0-4-amd64
uname -s = Linux
uname -v = #1 SMP Debian 3.16.7-ckt25-2+deb8u3 (2016-07-02)

/usr/bin/uname -p = unknown
/bin/uname -X     = unknown

/bin/arch              = unknown
/usr/bin/arch -k       = unknown
/usr/convex/getsysinfo = unknown
/usr/bin/hostinfo      = unknown
/bin/machine           = unknown
/usr/bin/oslevel       = unknown
/bin/universe          = unknown

PATH: /usr/local/sbin
PATH: /usr/local/bin
PATH: /usr/sbin
PATH: /usr/bin
PATH: /sbin
PATH: /bin
PATH: /usr/games


## ----------- ##
## Core tests. ##
## ----------- ##

configure:2537: checking for a BSD-compatible install
configure:2605: result: /usr/bin/install -c
configure:2616: checking whether build environment is sane
configure:2671: result: yes
configure:2822: checking for a thread-safe mkdir -p
configure:2861: result: /bin/mkdir -p
configure:2868: checking for gawk
configure:2898: result: no
configure:2868: checking for mawk
configure:2884: found /usr/bin/mawk
configure:2895: result: mawk
configure:2906: checking whether make sets $(MAKE)
configure:2928: result: yes
configure:2957: checking whether make supports nested variables
configure:2974: result: yes
configure:3110: checking for gawk
configure:3137: result: mawk
configure:3196: checking for gcc
configure:3212: found /usr/bin/gcc
configure:3223: result: gcc
configure:3452: checking for C compiler version
configure:3461: gcc --version >&5
clang version 3.8.1-9 (tags/RELEASE_381/final)
Target: x86_64-pc-linux-gnu
Thread model: posix
InstalledDir: /usr/bin
configure:3472: $? = 0
configure:3461: gcc -v >&5
clang version 3.8.1-9 (tags/RELEASE_381/final)
Target: x86_64-pc-linux-gnu
Thread model: posix
InstalledDir: /usr/bin
Found candidate GCC installation: /usr/bin/../lib/gcc/x86_64-linux-gnu/6.2.0
Found candidate GCC installation: /usr/lib/gcc/x86_64-linux-gnu/6.2.0
Selected GCC installation: /usr/bin/../lib/gcc/x86_64-linux-gnu/6.2.0
Candidate multilib: .;@m64
Selected multilib: .;@m64
configure:3472: $? = 0
configure:3461: gcc -V >&5
clang: error: argument to '-V' is missing (expected 1 value)
clang: error: no input files
configure:3472: $? = 1
configure:3461: gcc -qversion >&5
clang: error: unknown argument: '-qversion'
clang: error: no input files
configure:3472: $? = 1
configure:3492: checking whether the C compiler works
configure:3514: gcc -g -O2 -fdebug-prefix-map=/<<PKGBUILDDIR>>=. -fstack-protector-strong -Wformat -Werror=format-security -Wdate-time -D_FORTIFY_SOURCE=2 -Wl,-z,relro conftest.c  >&5
configure:3518: $? = 0
configure:3566: result: yes
configure:3569: checking for C compiler default output file name
configure:3571: result: a.out
configure:3577: checking for suffix of executables
configure:3584: gcc -o conftest -g -O2 -fdebug-prefix-map=/<<PKGBUILDDIR>>=. -fstack-protector-strong -Wformat -Werror=format-security -Wdate-time -D_FORTIFY_SOURCE=2 -Wl,-z,relro conftest.c  >&5
configure:3588: $? = 0
configure:3610: result: 
configure:3632: checking whether we are cross compiling
configure:3640: gcc -o conftest -g -O2 -fdebug-prefix-map=/<<PKGBUILDDIR>>=. -fstack-protector-strong -Wformat -Werror=format-security -Wdate-time -D_FORTIFY_SOURCE=2 -Wl,-z,relro conftest.c  >&5
configure:3644: $? = 0
configure:3651: ./conftest
configure:3655: $? = 0
configure:3670: result: no
configure:3675: checking for suffix of object files
configure:3697: gcc -c -g -O2 -fdebug-prefix-map=/<<PKGBUILDDIR>>=. -fstack-protector-strong -Wformat -Werror=format-security -Wdate-time -D_FORTIFY_SOURCE=2 conftest.c >&5
configure:3701: $? = 0
configure:3722: result: o
configure:3726: checking whether we are using the GNU C compiler
configure:3745: gcc -c -g -O2 -fdebug-prefix-map=/<<PKGBUILDDIR>>=. -fstack-protector-strong -Wformat -Werror=format-security -Wdate-time -D_FORTIFY_SOURCE=2 conftest.c >&5
configure:3745: $? = 0
configure:3754: result: yes
configure:3763: checking whether gcc accepts -g
configure:3783: gcc -c -g -Wdate-time -D_FORTIFY_SOURCE=2 conftest.c >&5
configure:3783: $? = 0
configure:3824: result: yes
configure:3841: checking for gcc option to accept ISO C89
configure:3904: gcc  -c -g -O2 -fdebug-prefix-map=/<<PKGBUILDDIR>>=. -fstack-protector-strong -Wformat -Werror=format-security -Wdate-time -D_FORTIFY_SOURCE=2 conftest.c >&5
configure:3904: $? = 0
configure:3917: result: none needed
configure:3942: checking whether gcc understands -c and -o together
configure:3964: gcc -c conftest.c -o conftest2.o
configure:3967: $? = 0
configure:3964: gcc -c conftest.c -o conftest2.o
configure:3967: $? = 0
configure:3979: result: yes
configure:4007: checking for style of include used by make
configure:4035: result: GNU
configure:4061: checking dependency style of gcc
configure:4172: result: none
configure:4192: checking how to run the C preprocessor
configure:4223: gcc -E -Wdate-time -D_FORTIFY_SOURCE=2 conftest.c
configure:4223: $? = 0
configure:4237: gcc -E -Wdate-time -D_FORTIFY_SOURCE=2 conftest.c
conftest.c:2:10: fatal error: 'ac_nonexistent.h' file not found
#include <ac_nonexistent.h>
         ^
1 error generated.
configure:4237: $? = 1
configure: failed program was:
| /* end confdefs.h.  */
| #include <ac_nonexistent.h>
configure:4262: result: gcc -E
configure:4282: gcc -E -Wdate-time -D_FORTIFY_SOURCE=2 conftest.c
configure:4282: $? = 0
configure:4296: gcc -E -Wdate-time -D_FORTIFY_SOURCE=2 conftest.c
conftest.c:2:10: fatal error: 'ac_nonexistent.h' file not found
#include <ac_nonexistent.h>
         ^
1 error generated.
configure:4296: $? = 1
configure: failed program was:
| /* end confdefs.h.  */
| #include <ac_nonexistent.h>
configure:4325: checking whether ln -s works
configure:4329: result: yes
configure:4342: checking for perl5
configure:4375: result: no
configure:4342: checking for perl
configure:4360: found /usr/bin/perl
configure:4372: result: /usr/bin/perl
configure:4390: checking for sysconftool...
configure:4407: result: ././sysconftool
configure:4442: checking build system type
configure:4456: result: x86_64-pc-linux-gnu
configure:4476: checking host system type
configure:4489: result: x86_64-pc-linux-gnu
configure:4530: checking how to print strings
configure:4557: result: printf
configure:4578: checking for a sed that does not truncate output
configure:4642: result: /bin/sed
configure:4660: checking for grep that handles long lines and -e
configure:4718: result: /bin/grep
configure:4723: checking for egrep
configure:4785: result: /bin/grep -E
configure:4790: checking for fgrep
configure:4852: result: /bin/grep -F
configure:4887: checking for ld used by gcc
configure:4954: result: /usr/bin/ld
configure:4961: checking if the linker (/usr/bin/ld) is GNU ld
configure:4976: result: yes
configure:4988: checking for BSD- or MS-compatible name lister (nm)
configure:5042: result: /usr/bin/nm -B
configure:5172: checking the name lister (/usr/bin/nm -B) interface
configure:5179: gcc -c -g -O2 -fdebug-prefix-map=/<<PKGBUILDDIR>>=. -fstack-protector-strong -Wformat -Werror=format-security -Wdate-time -D_FORTIFY_SOURCE=2 conftest.c >&5
configure:5182: /usr/bin/nm -B "conftest.o"
configure:5185: output
0000000000000000 B some_variable
configure:5192: result: BSD nm
configure:5196: checking the maximum length of command line arguments
configure:5327: result: 1572864
configure:5375: checking how to convert x86_64-pc-linux-gnu file names to x86_64-pc-linux-gnu format
configure:5415: result: func_convert_file_noop
configure:5422: checking how to convert x86_64-pc-linux-gnu file names to toolchain format
configure:5442: result: func_convert_file_noop
configure:5449: checking for /usr/bin/ld option to reload object files
configure:5456: result: -r
configure:5530: checking for objdump
configure:5546: found /usr/bin/objdump
configure:5557: result: objdump
configure:5589: checking how to recognize dependent libraries
configure:5789: result: pass_all
configure:5874: checking for dlltool
configure:5904: result: no
configure:5934: checking how to associate runtime and link libraries
configure:5961: result: printf %s\n
configure:6022: checking for ar
configure:6038: found /usr/bin/ar
configure:6049: result: ar
configure:6086: checking for archiver @FILE support
configure:6103: gcc -c -g -O2 -fdebug-prefix-map=/<<PKGBUILDDIR>>=. -fstack-protector-strong -Wformat -Werror=format-security -Wdate-time -D_FORTIFY_SOURCE=2 conftest.c >&5
configure:6103: $? = 0
configure:6106: ar cru libconftest.a @conftest.lst >&5
ar: `u' modifier ignored since `D' is the default (see `U')
configure:6109: $? = 0
configure:6114: ar cru libconftest.a @conftest.lst >&5
ar: `u' modifier ignored since `D' is the default (see `U')
ar: conftest.o: No such file or directory
configure:6117: $? = 1
configure:6129: result: @
configure:6187: checking for strip
configure:6203: found /usr/bin/strip
configure:6214: result: strip
configure:6286: checking for ranlib
configure:6302: found /usr/bin/ranlib
configure:6313: result: ranlib
configure:6415: checking command to parse /usr/bin/nm -B output from gcc object
configure:6568: gcc -c -g -O2 -fdebug-prefix-map=/<<PKGBUILDDIR>>=. -fstack-protector-strong -Wformat -Werror=format-security -Wdate-time -D_FORTIFY_SOURCE=2 conftest.c >&5
configure:6571: $? = 0
configure:6575: /usr/bin/nm -B conftest.o \| sed -n -e 's/^.*[ ]\([ABCDGIRSTW][ABCDGIRSTW]*\)[ ][ ]*\([_A-Za-z][_A-Za-z0-9]*\)$/\1 \2 \2/p' | sed '/ __gnu_lto/d' \> conftest.nm
configure:6578: $? = 0
configure:6644: gcc -o conftest -g -O2 -fdebug-prefix-map=/<<PKGBUILDDIR>>=. -fstack-protector-strong -Wformat -Werror=format-security -Wdate-time -D_FORTIFY_SOURCE=2 -Wl,-z,relro conftest.c conftstm.o >&5
configure:6647: $? = 0
configure:6685: result: ok
configure:6732: checking for sysroot
configure:6762: result: no
configure:6769: checking for a working dd
configure:6807: result: /bin/dd
configure:6811: checking how to truncate binary pipes
configure:6826: result: /bin/dd bs=4096 count=1
configure:6962: gcc -c -g -O2 -fdebug-prefix-map=/<<PKGBUILDDIR>>=. -fstack-protector-strong -Wformat -Werror=format-security -Wdate-time -D_FORTIFY_SOURCE=2 conftest.c >&5
configure:6965: $? = 0
configure:7155: checking for mt
configure:7185: result: no
configure:7205: checking if : is a manifest tool
configure:7211: : '-?'
configure:7219: result: no
configure:7892: checking for ANSI C header files
configure:7912: gcc -c -g -O2 -fdebug-prefix-map=/<<PKGBUILDDIR>>=. -fstack-protector-strong -Wformat -Werror=format-security -Wdate-time -D_FORTIFY_SOURCE=2 conftest.c >&5
configure:7912: $? = 0
configure:7985: gcc -o conftest -g -O2 -fdebug-prefix-map=/<<PKGBUILDDIR>>=. -fstack-protector-strong -Wformat -Werror=format-security -Wdate-time -D_FORTIFY_SOURCE=2 -Wl,-z,relro conftest.c  >&5
configure:7985: $? = 0
configure:7985: ./conftest
configure:7985: $? = 0
configure:7996: result: yes
configure:8009: checking for sys/types.h
configure:8009: gcc -c -g -O2 -fdebug-prefix-map=/<<PKGBUILDDIR>>=. -fstack-protector-strong -Wformat -Werror=format-security -Wdate-time -D_FORTIFY_SOURCE=2 conftest.c >&5
configure:8009: $? = 0
configure:8009: result: yes
configure:8009: checking for sys/stat.h
configure:8009: gcc -c -g -O2 -fdebug-prefix-map=/<<PKGBUILDDIR>>=. -fstack-protector-strong -Wformat -Werror=format-security -Wdate-time -D_FORTIFY_SOURCE=2 conftest.c >&5
configure:8009: $? = 0
configure:8009: result: yes
configure:8009: checking for stdlib.h
configure:8009: gcc -c -g -O2 -fdebug-prefix-map=/<<PKGBUILDDIR>>=. -fstack-protector-strong -Wformat -Werror=format-security -Wdate-time -D_FORTIFY_SOURCE=2 conftest.c >&5
configure:8009: $? = 0
configure:8009: result: yes
configure:8009: checking for string.h
configure:8009: gcc -c -g -O2 -fdebug-prefix-map=/<<PKGBUILDDIR>>=. -fstack-protector-strong -Wformat -Werror=format-security -Wdate-time -D_FORTIFY_SOURCE=2 conftest.c >&5
configure:8009: $? = 0
configure:8009: result: yes
configure:8009: checking for memory.h
configure:8009: gcc -c -g -O2 -fdebug-prefix-map=/<<PKGBUILDDIR>>=. -fstack-protector-strong -Wformat -Werror=format-security -Wdate-time -D_FORTIFY_SOURCE=2 conftest.c >&5
configure:8009: $? = 0
configure:8009: result: yes
configure:8009: checking for strings.h
configure:8009: gcc -c -g -O2 -fdebug-prefix-map=/<<PKGBUILDDIR>>=. -fstack-protector-strong -Wformat -Werror=format-security -Wdate-time -D_FORTIFY_SOURCE=2 conftest.c >&5
configure:8009: $? = 0
configure:8009: result: yes
configure:8009: checking for inttypes.h
configure:8009: gcc -c -g -O2 -fdebug-prefix-map=/<<PKGBUILDDIR>>=. -fstack-protector-strong -Wformat -Werror=format-security -Wdate-time -D_FORTIFY_SOURCE=2 conftest.c >&5
configure:8009: $? = 0
configure:8009: result: yes
configure:8009: checking for stdint.h
configure:8009: gcc -c -g -O2 -fdebug-prefix-map=/<<PKGBUILDDIR>>=. -fstack-protector-strong -Wformat -Werror=format-security -Wdate-time -D_FORTIFY_SOURCE=2 conftest.c >&5
configure:8009: $? = 0
configure:8009: result: yes
configure:8009: checking for unistd.h
configure:8009: gcc -c -g -O2 -fdebug-prefix-map=/<<PKGBUILDDIR>>=. -fstack-protector-strong -Wformat -Werror=format-security -Wdate-time -D_FORTIFY_SOURCE=2 conftest.c >&5
configure:8009: $? = 0
configure:8009: result: yes
configure:8023: checking for dlfcn.h
configure:8023: gcc -c -g -O2 -fdebug-prefix-map=/<<PKGBUILDDIR>>=. -fstack-protector-strong -Wformat -Werror=format-security -Wdate-time -D_FORTIFY_SOURCE=2 conftest.c >&5
configure:8023: $? = 0
configure:8023: result: yes
configure:8278: checking for objdir
configure:8293: result: .libs
configure:8557: checking if gcc supports -fno-rtti -fno-exceptions
configure:8575: gcc -c -g -O2 -fdebug-prefix-map=/<<PKGBUILDDIR>>=. -fstack-protector-strong -Wformat -Werror=format-security -Wdate-time -D_FORTIFY_SOURCE=2 -fno-rtti -fno-exceptions conftest.c >&5
configure:8579: $? = 0
configure:8592: result: yes
configure:8950: checking for gcc option to produce PIC
configure:8957: result: -fPIC -DPIC
configure:8965: checking if gcc PIC flag -fPIC -DPIC works
configure:8983: gcc -c -g -O2 -fdebug-prefix-map=/<<PKGBUILDDIR>>=. -fstack-protector-strong -Wformat -Werror=format-security -Wdate-time -D_FORTIFY_SOURCE=2 -fPIC -DPIC -DPIC conftest.c >&5
configure:8987: $? = 0
configure:9000: result: yes
configure:9029: checking if gcc static flag -static works
configure:9057: result: yes
configure:9072: checking if gcc supports -c -o file.o
configure:9093: gcc -c -g -O2 -fdebug-prefix-map=/<<PKGBUILDDIR>>=. -fstack-protector-strong -Wformat -Werror=format-security -Wdate-time -D_FORTIFY_SOURCE=2 -o out/conftest2.o conftest.c >&5
configure:9097: $? = 0
configure:9119: result: yes
configure:9127: checking if gcc supports -c -o file.o
configure:9174: result: yes
configure:9207: checking whether the gcc linker (/usr/bin/ld -m elf_x86_64) supports shared libraries
configure:10470: result: yes
configure:10507: checking whether -lc should be explicitly linked in
configure:10515: gcc -c -g -O2 -fdebug-prefix-map=/<<PKGBUILDDIR>>=. -fstack-protector-strong -Wformat -Werror=format-security -Wdate-time -D_FORTIFY_SOURCE=2 conftest.c >&5
configure:10518: $? = 0
configure:10533: gcc -shared  -fPIC -DPIC conftest.o  -v -Wl,-soname -Wl,conftest -o conftest 2\>\&1 \| /bin/grep  -lc  \>/dev/null 2\>\&1
configure:10536: $? = 0
configure:10550: result: no
configure:10710: checking dynamic linker characteristics
configure:11291: gcc -o conftest -g -O2 -fdebug-prefix-map=/<<PKGBUILDDIR>>=. -fstack-protector-strong -Wformat -Werror=format-security -Wdate-time -D_FORTIFY_SOURCE=2 -Wl,-z,relro -Wl,-rpath -Wl,/foo conftest.c  >&5
configure:11291: $? = 0
configure:11540: result: GNU/Linux ld.so
configure:11662: checking how to hardcode library paths into programs
configure:11687: result: immediate
configure:11789: checking for shl_load
configure:11789: gcc -o conftest -g -O2 -fdebug-prefix-map=/<<PKGBUILDDIR>>=. -fstack-protector-strong -Wformat -Werror=format-security -Wdate-time -D_FORTIFY_SOURCE=2 -Wl,-z,relro conftest.c  >&5
/tmp/conftest-038860.o: In function `main':
./conftest.c:48: undefined reference to `shl_load'
clang: error: linker command failed with exit code 1 (use -v to see invocation)
configure:11789: $? = 1
configure: failed program was:
| #define STDC_HEADERS 1
| #define HAVE_SYS_TYPES_H 1
| #define HAVE_SYS_STAT_H 1
| #define HAVE_STDLIB_H 1
| #define HAVE_STRING_H 1
| #define HAVE_MEMORY_H 1
| #define HAVE_STRINGS_H 1
| #define HAVE_INTTYPES_H 1
| #define HAVE_STDINT_H 1
| #define HAVE_UNISTD_H 1
| #define HAVE_DLFCN_H 1
| #define LT_OBJDIR ".libs/"
| /* end confdefs.h.  */
| /* Define shl_load to an innocuous variant, in case <limits.h> declares shl_load.
|    For example, HP-UX 11i <limits.h> declares gettimeofday.  */
| #define shl_load innocuous_shl_load
| 
| /* System header to define __stub macros and hopefully few prototypes,
|     which can conflict with char shl_load (); below.
|     Prefer <limits.h> to <assert.h> if __STDC__ is defined, since
|     <limits.h> exists even on freestanding compilers.  */
| 
| #ifdef __STDC__
| # include <limits.h>
| #else
| # include <assert.h>
| #endif
| 
| #undef shl_load
| 
| /* Override any GCC internal prototype to avoid an error.
|    Use char because int might match the return type of a GCC
|    builtin and then its argument prototype would still apply.  */
| #ifdef __cplusplus
| extern "C"
| #endif
| char shl_load ();
| /* The GNU C library defines this for functions which it implements
|     to always fail with ENOSYS.  Some functions are actually named
|     something starting with __ and the normal name is an alias.  */
| #if defined __stub_shl_load || defined __stub___shl_load
| choke me
| #endif
| 
| int
| main ()
| {
| return shl_load ();
|   ;
|   return 0;
| }
configure:11789: result: no
configure:11793: checking for shl_load in -ldld
configure:11818: gcc -o conftest -g -O2 -fdebug-prefix-map=/<<PKGBUILDDIR>>=. -fstack-protector-strong -Wformat -Werror=format-security -Wdate-time -D_FORTIFY_SOURCE=2 -Wl,-z,relro conftest.c -ldld   >&5
/usr/bin/ld: cannot find -ldld
clang: error: linker command failed with exit code 1 (use -v to see invocation)
configure:11818: $? = 1
configure: failed program was:
| #define STDC_HEADERS 1
| #define HAVE_SYS_TYPES_H 1
| #define HAVE_SYS_STAT_H 1
| #define HAVE_STDLIB_H 1
| #define HAVE_STRING_H 1
| #define HAVE_MEMORY_H 1
| #define HAVE_STRINGS_H 1
| #define HAVE_INTTYPES_H 1
| #define HAVE_STDINT_H 1
| #define HAVE_UNISTD_H 1
| #define HAVE_DLFCN_H 1
| #define LT_OBJDIR ".libs/"
| /* end confdefs.h.  */
| 
| /* Override any GCC internal prototype to avoid an error.
|    Use char because int might match the return type of a GCC
|    builtin and then its argument prototype would still apply.  */
| #ifdef __cplusplus
| extern "C"
| #endif
| char shl_load ();
| int
| main ()
| {
| return shl_load ();
|   ;
|   return 0;
| }
configure:11827: result: no
configure:11832: checking for dlopen
configure:11832: gcc -o conftest -g -O2 -fdebug-prefix-map=/<<PKGBUILDDIR>>=. -fstack-protector-strong -Wformat -Werror=format-security -Wdate-time -D_FORTIFY_SOURCE=2 -Wl,-z,relro conftest.c  >&5
/tmp/conftest-c24984.o: In function `main':
./conftest.c:48: undefined reference to `dlopen'
clang: error: linker command failed with exit code 1 (use -v to see invocation)
configure:11832: $? = 1
configure: failed program was:
| #define STDC_HEADERS 1
| #define HAVE_SYS_TYPES_H 1
| #define HAVE_SYS_STAT_H 1
| #define HAVE_STDLIB_H 1
| #define HAVE_STRING_H 1
| #define HAVE_MEMORY_H 1
| #define HAVE_STRINGS_H 1
| #define HAVE_INTTYPES_H 1
| #define HAVE_STDINT_H 1
| #define HAVE_UNISTD_H 1
| #define HAVE_DLFCN_H 1
| #define LT_OBJDIR ".libs/"
| /* end confdefs.h.  */
| /* Define dlopen to an innocuous variant, in case <limits.h> declares dlopen.
|    For example, HP-UX 11i <limits.h> declares gettimeofday.  */
| #define dlopen innocuous_dlopen
| 
| /* System header to define __stub macros and hopefully few prototypes,
|     which can conflict with char dlopen (); below.
|     Prefer <limits.h> to <assert.h> if __STDC__ is defined, since
|     <limits.h> exists even on freestanding compilers.  */
| 
| #ifdef __STDC__
| # include <limits.h>
| #else
| # include <assert.h>
| #endif
| 
| #undef dlopen
| 
| /* Override any GCC internal prototype to avoid an error.
|    Use char because int might match the return type of a GCC
|    builtin and then its argument prototype would still apply.  */
| #ifdef __cplusplus
| extern "C"
| #endif
| char dlopen ();
| /* The GNU C library defines this for functions which it implements
|     to always fail with ENOSYS.  Some functions are actually named
|     something starting with __ and the normal name is an alias.  */
| #if defined __stub_dlopen || defined __stub___dlopen
| choke me
| #endif
| 
| int
| main ()
| {
| return dlopen ();
|   ;
|   return 0;
| }
configure:11832: result: no
configure:11836: checking for dlopen in -ldl
configure:11861: gcc -o conftest -g -O2 -fdebug-prefix-map=/<<PKGBUILDDIR>>=. -fstack-protector-strong -Wformat -Werror=format-security -Wdate-time -D_FORTIFY_SOURCE=2 -Wl,-z,relro conftest.c -ldl   >&5
configure:11861: $? = 0
configure:11870: result: yes
configure:11989: checking whether a program can dlopen itself
configure:12069: gcc -o conftest -g -O2 -fdebug-prefix-map=/<<PKGBUILDDIR>>=. -fstack-protector-strong -Wformat -Werror=format-security -Wdate-time -D_FORTIFY_SOURCE=2 -DHAVE_DLFCN_H -Wl,-z,relro -Wl,--export-dynamic conftest.c -ldl  >&5
configure:12072: $? = 0
configure:12090: result: yes
configure:12095: checking whether a statically linked program can dlopen itself
configure:12175: gcc -o conftest -g -O2 -fdebug-prefix-map=/<<PKGBUILDDIR>>=. -fstack-protector-strong -Wformat -Werror=format-security -Wdate-time -D_FORTIFY_SOURCE=2 -DHAVE_DLFCN_H -Wl,-z,relro -Wl,--export-dynamic -static conftest.c -ldl  >&5
/tmp/conftest-2cc0bc.o: In function `main':
./configure:12154: warning: Using 'dlopen' in statically linked applications requires at runtime the shared libraries from the glibc version used for linking
/usr/bin/ld: dynamic STT_GNU_IFUNC symbol `strcmp' with pointer equality in `/usr/bin/../lib/gcc/x86_64-linux-gnu/6.2.0/../../../x86_64-linux-gnu/libc.a(strcmp.o)' can not be used when making an executable; recompile with -fPIE and relink with -pie
clang: error: linker command failed with exit code 1 (use -v to see invocation)
configure:12178: $? = 1
configure:12196: result: no
configure:12235: checking whether stripping libraries is possible
configure:12240: result: yes
configure:12275: checking if libtool supports shared libraries
configure:12277: result: yes
configure:12280: checking whether to build shared libraries
configure:12305: result: yes
configure:12308: checking whether to build static libraries
configure:12312: result: yes
configure:12349: checking what extension is used for runtime loadable modules
configure:12361: result: .so
configure:12385: checking what variable specifies run-time module search path
configure:12392: result: LD_LIBRARY_PATH
configure:12402: checking for the default library search path
configure:12409: result: /lib /usr/lib /usr/lib/x86_64-linux-gnu/libfakeroot /usr/local/lib /lib/x86_64-linux-gnu /usr/lib/x86_64-linux-gnu 
configure:12440: checking for library containing dlopen
configure:12471: gcc -o conftest -g -O2 -fdebug-prefix-map=/<<PKGBUILDDIR>>=. -fstack-protector-strong -Wformat -Werror=format-security -Wdate-time -D_FORTIFY_SOURCE=2 -Wl,-z,relro conftest.c  >&5
/tmp/conftest-69e000.o: In function `main':
./conftest.c:28: undefined reference to `dlopen'
clang: error: linker command failed with exit code 1 (use -v to see invocation)
configure:12471: $? = 1
configure: failed program was:
| #define STDC_HEADERS 1
| #define HAVE_SYS_TYPES_H 1
| #define HAVE_SYS_STAT_H 1
| #define HAVE_STDLIB_H 1
| #define HAVE_STRING_H 1
| #define HAVE_MEMORY_H 1
| #define HAVE_STRINGS_H 1
| #define HAVE_INTTYPES_H 1
| #define HAVE_STDINT_H 1
| #define HAVE_UNISTD_H 1
| #define HAVE_DLFCN_H 1
| #define LT_OBJDIR ".libs/"
| #define LT_MODULE_EXT ".so"
| #define LT_MODULE_PATH_VAR "LD_LIBRARY_PATH"
| #define LT_DLSEARCH_PATH "/lib:/usr/lib:/usr/lib/x86_64-linux-gnu/libfakeroot:/usr/local/lib:/lib/x86_64-linux-gnu:/usr/lib/x86_64-linux-gnu"
| /* end confdefs.h.  */
| 
| /* Override any GCC internal prototype to avoid an error.
|    Use char because int might match the return type of a GCC
|    builtin and then its argument prototype would still apply.  */
| #ifdef __cplusplus
| extern "C"
| #endif
| char dlopen ();
| int
| main ()
| {
| return dlopen ();
|   ;
|   return 0;
| }
configure:12471: gcc -o conftest -g -O2 -fdebug-prefix-map=/<<PKGBUILDDIR>>=. -fstack-protector-strong -Wformat -Werror=format-security -Wdate-time -D_FORTIFY_SOURCE=2 -Wl,-z,relro conftest.c -ldl   >&5
configure:12471: $? = 0
configure:12488: result: -ldl
configure:12578: checking for dlerror
configure:12578: gcc -o conftest -g -O2 -fdebug-prefix-map=/<<PKGBUILDDIR>>=. -fstack-protector-strong -Wformat -Werror=format-security -Wdate-time -D_FORTIFY_SOURCE=2 -Wl,-z,relro conftest.c -ldl  -ldl >&5
configure:12578: $? = 0
configure:12578: result: yes
configure:12592: checking for shl_load
configure:12592: result: no
configure:12599: checking for shl_load in -ldld
configure:12633: result: no
configure:12679: checking for dld_link in -ldld
configure:12704: gcc -o conftest -g -O2 -fdebug-prefix-map=/<<PKGBUILDDIR>>=. -fstack-protector-strong -Wformat -Werror=format-security -Wdate-time -D_FORTIFY_SOURCE=2 -Wl,-z,relro conftest.c -ldld  -ldl  >&5
/usr/bin/ld: cannot find -ldld
clang: error: linker command failed with exit code 1 (use -v to see invocation)
configure:12704: $? = 1
configure: failed program was:
| #define STDC_HEADERS 1
| #define HAVE_SYS_TYPES_H 1
| #define HAVE_SYS_STAT_H 1
| #define HAVE_STDLIB_H 1
| #define HAVE_STRING_H 1
| #define HAVE_MEMORY_H 1
| #define HAVE_STRINGS_H 1
| #define HAVE_INTTYPES_H 1
| #define HAVE_STDINT_H 1
| #define HAVE_UNISTD_H 1
| #define HAVE_DLFCN_H 1
| #define LT_OBJDIR ".libs/"
| #define LT_MODULE_EXT ".so"
| #define LT_MODULE_PATH_VAR "LD_LIBRARY_PATH"
| #define LT_DLSEARCH_PATH "/lib:/usr/lib:/usr/lib/x86_64-linux-gnu/libfakeroot:/usr/local/lib:/lib/x86_64-linux-gnu:/usr/lib/x86_64-linux-gnu"
| #define HAVE_LIBDL 1
| #define HAVE_DLERROR 1
| /* end confdefs.h.  */
| 
| /* Override any GCC internal prototype to avoid an error.
|    Use char because int might match the return type of a GCC
|    builtin and then its argument prototype would still apply.  */
| #ifdef __cplusplus
| extern "C"
| #endif
| char dld_link ();
| int
| main ()
| {
| return dld_link ();
|   ;
|   return 0;
| }
configure:12713: result: no
configure:12748: checking for _ prefix in compiled symbols
configure:12758: gcc -c -g -O2 -fdebug-prefix-map=/<<PKGBUILDDIR>>=. -fstack-protector-strong -Wformat -Werror=format-security -Wdate-time -D_FORTIFY_SOURCE=2 conftest.c >&5
conftest.c:2:12: warning: expression result unused [-Wunused-value]
int main(){nm_test_func;return 0;}
           ^~~~~~~~~~~~
1 warning generated.
configure:12761: $? = 0
configure:12765: /usr/bin/nm -B conftest.o \| sed -n -e 's/^.*[	 ]\([ABCDGIRSTW][ABCDGIRSTW]*\)[	 ][	 ]*\([_A-Za-z][_A-Za-z0-9]*\)$/\1 \2 \2/p' | sed '/ __gnu_lto/d' \> conftest.nm
configure:12768: $? = 0
configure:12790: result: no
configure:12907: checking whether deplibs are loaded by dlopen
configure:13004: result: yes
configure:13015: checking for argz.h
configure:13015: gcc -c -g -O2 -fdebug-prefix-map=/<<PKGBUILDDIR>>=. -fstack-protector-strong -Wformat -Werror=format-security -Wdate-time -D_FORTIFY_SOURCE=2 conftest.c >&5
configure:13015: $? = 0
configure:13015: result: yes
configure:13027: checking for error_t
configure:13027: gcc -c -g -O2 -fdebug-prefix-map=/<<PKGBUILDDIR>>=. -fstack-protector-strong -Wformat -Werror=format-security -Wdate-time -D_FORTIFY_SOURCE=2 conftest.c >&5
configure:13027: $? = 0
configure:13027: gcc -c -g -O2 -fdebug-prefix-map=/<<PKGBUILDDIR>>=. -fstack-protector-strong -Wformat -Werror=format-security -Wdate-time -D_FORTIFY_SOURCE=2 conftest.c >&5
conftest.c:28:22: error: expected expression
if (sizeof ((error_t)))
                     ^
1 error generated.
configure:13027: $? = 1
configure: failed program was:
| #define STDC_HEADERS 1
| #define HAVE_SYS_TYPES_H 1
| #define HAVE_SYS_STAT_H 1
| #define HAVE_STDLIB_H 1
| #define HAVE_STRING_H 1
| #define HAVE_MEMORY_H 1
| #define HAVE_STRINGS_H 1
| #define HAVE_INTTYPES_H 1
| #define HAVE_STDINT_H 1
| #define HAVE_UNISTD_H 1
| #define HAVE_DLFCN_H 1
| #define LT_OBJDIR ".libs/"
| #define LT_MODULE_EXT ".so"
| #define LT_MODULE_PATH_VAR "LD_LIBRARY_PATH"
| #define LT_DLSEARCH_PATH "/lib:/usr/lib:/usr/lib/x86_64-linux-gnu/libfakeroot:/usr/local/lib:/lib/x86_64-linux-gnu:/usr/lib/x86_64-linux-gnu"
| #define HAVE_LIBDL 1
| #define HAVE_DLERROR 1
| #define HAVE_LIBDLLOADER 1
| #define HAVE_ARGZ_H 1
| /* end confdefs.h.  */
| #if defined(HAVE_ARGZ_H)
| #  include <argz.h>
| #endif
| 
| int
| main ()
| {
| if (sizeof ((error_t)))
| 	    return 0;
|   ;
|   return 0;
| }
configure:13027: result: yes
configure:13053: checking for argz_add
configure:13053: gcc -o conftest -g -O2 -fdebug-prefix-map=/<<PKGBUILDDIR>>=. -fstack-protector-strong -Wformat -Werror=format-security -Wdate-time -D_FORTIFY_SOURCE=2 -Wl,-z,relro conftest.c  >&5
configure:13053: $? = 0
configure:13053: result: yes
configure:13053: checking for argz_append
configure:13053: gcc -o conftest -g -O2 -fdebug-prefix-map=/<<PKGBUILDDIR>>=. -fstack-protector-strong -Wformat -Werror=format-security -Wdate-time -D_FORTIFY_SOURCE=2 -Wl,-z,relro conftest.c  >&5
configure:13053: $? = 0
configure:13053: result: yes
configure:13053: checking for argz_count
configure:13053: gcc -o conftest -g -O2 -fdebug-prefix-map=/<<PKGBUILDDIR>>=. -fstack-protector-strong -Wformat -Werror=format-security -Wdate-time -D_FORTIFY_SOURCE=2 -Wl,-z,relro conftest.c  >&5
configure:13053: $? = 0
configure:13053: result: yes
configure:13053: checking for argz_create_sep
configure:13053: gcc -o conftest -g -O2 -fdebug-prefix-map=/<<PKGBUILDDIR>>=. -fstack-protector-strong -Wformat -Werror=format-security -Wdate-time -D_FORTIFY_SOURCE=2 -Wl,-z,relro conftest.c  >&5
configure:13053: $? = 0
configure:13053: result: yes
configure:13053: checking for argz_insert
configure:13053: gcc -o conftest -g -O2 -fdebug-prefix-map=/<<PKGBUILDDIR>>=. -fstack-protector-strong -Wformat -Werror=format-security -Wdate-time -D_FORTIFY_SOURCE=2 -Wl,-z,relro conftest.c  >&5
configure:13053: $? = 0
configure:13053: result: yes
configure:13053: checking for argz_next
configure:13053: gcc -o conftest -g -O2 -fdebug-prefix-map=/<<PKGBUILDDIR>>=. -fstack-protector-strong -Wformat -Werror=format-security -Wdate-time -D_FORTIFY_SOURCE=2 -Wl,-z,relro conftest.c  >&5
configure:13053: $? = 0
configure:13053: result: yes
configure:13053: checking for argz_stringify
configure:13053: gcc -o conftest -g -O2 -fdebug-prefix-map=/<<PKGBUILDDIR>>=. -fstack-protector-strong -Wformat -Werror=format-security -Wdate-time -D_FORTIFY_SOURCE=2 -Wl,-z,relro conftest.c  >&5
configure:13053: $? = 0
configure:13053: result: yes
configure:13069: checking if argz actually works
configure:13100: result: yes
configure:13117: checking whether libtool supports -dlopen/-dlpreopen
configure:13129: result: yes
configure:13161: checking for ltdl.h
configure:13161: gcc -c -g -O2 -fdebug-prefix-map=/<<PKGBUILDDIR>>=. -fstack-protector-strong -Wformat -Werror=format-security -Wdate-time -D_FORTIFY_SOURCE=2 conftest.c >&5
configure:13161: $? = 0
configure:13161: result: yes
configure:13165: checking whether lt_dlinterface_register is declared
configure:13165: gcc -c -g -O2 -fdebug-prefix-map=/<<PKGBUILDDIR>>=. -fstack-protector-strong -Wformat -Werror=format-security -Wdate-time -D_FORTIFY_SOURCE=2 conftest.c >&5
configure:13165: $? = 0
configure:13165: result: yes
configure:13169: checking for lt_dladvise_preload in -lltdl
configure:13194: gcc -o conftest -g -O2 -fdebug-prefix-map=/<<PKGBUILDDIR>>=. -fstack-protector-strong -Wformat -Werror=format-security -Wdate-time -D_FORTIFY_SOURCE=2 -Wl,-z,relro conftest.c -lltdl   >&5
configure:13194: $? = 0
configure:13203: result: yes
configure:13302: checking where to find libltdl headers
configure:13304: result: 
configure:13306: checking where to find libltdl library
configure:13308: result: -lltdl
configure:13358: checking for unistd.h
configure:13358: result: yes
configure:13358: checking for dl.h
configure:13358: gcc -c -g -O2 -fdebug-prefix-map=/<<PKGBUILDDIR>>=. -fstack-protector-strong -Wformat -Werror=format-security -Wdate-time -D_FORTIFY_SOURCE=2 conftest.c >&5
conftest.c:67:10: fatal error: 'dl.h' file not found
#include <dl.h>
         ^
1 error generated.
configure:13358: $? = 1
configure: failed program was:
| #define STDC_HEADERS 1
| #define HAVE_SYS_TYPES_H 1
| #define HAVE_SYS_STAT_H 1
| #define HAVE_STDLIB_H 1
| #define HAVE_STRING_H 1
| #define HAVE_MEMORY_H 1
| #define HAVE_STRINGS_H 1
| #define HAVE_INTTYPES_H 1
| #define HAVE_STDINT_H 1
| #define HAVE_UNISTD_H 1
| #define HAVE_DLFCN_H 1
| #define LT_OBJDIR ".libs/"
| #define LT_MODULE_EXT ".so"
| #define LT_MODULE_PATH_VAR "LD_LIBRARY_PATH"
| #define LT_DLSEARCH_PATH "/lib:/usr/lib:/usr/lib/x86_64-linux-gnu/libfakeroot:/usr/local/lib:/lib/x86_64-linux-gnu:/usr/lib/x86_64-linux-gnu"
| #define HAVE_LIBDL 1
| #define HAVE_DLERROR 1
| #define HAVE_LIBDLLOADER 1
| #define HAVE_ARGZ_H 1
| #define HAVE_ERROR_T 1
| #define HAVE_ARGZ_ADD 1
| #define HAVE_ARGZ_APPEND 1
| #define HAVE_ARGZ_COUNT 1
| #define HAVE_ARGZ_CREATE_SEP 1
| #define HAVE_ARGZ_INSERT 1
| #define HAVE_ARGZ_NEXT 1
| #define HAVE_ARGZ_STRINGIFY 1
| #define HAVE_WORKING_ARGZ 1
| #define HAVE_PRELOADED_SYMBOLS 1
| #define HAVE_LTDL 1
| #define HAVE_UNISTD_H 1
| /* end confdefs.h.  */
| #include <stdio.h>
| #ifdef HAVE_SYS_TYPES_H
| # include <sys/types.h>
| #endif
| #ifdef HAVE_SYS_STAT_H
| # include <sys/stat.h>
| #endif
| #ifdef STDC_HEADERS
| # include <stdlib.h>
| # include <stddef.h>
| #else
| # ifdef HAVE_STDLIB_H
| #  include <stdlib.h>
| # endif
| #endif
| #ifdef HAVE_STRING_H
| # if !defined STDC_HEADERS && defined HAVE_MEMORY_H
| #  include <memory.h>
| # endif
| # include <string.h>
| #endif
| #ifdef HAVE_STRINGS_H
| # include <strings.h>
| #endif
| #ifdef HAVE_INTTYPES_H
| # include <inttypes.h>
| #endif
| #ifdef HAVE_STDINT_H
| # include <stdint.h>
| #endif
| #ifdef HAVE_UNISTD_H
| # include <unistd.h>
| #endif
| 
| #include <dl.h>
configure:13358: result: no
configure:13358: checking for sys/dl.h
configure:13358: gcc -c -g -O2 -fdebug-prefix-map=/<<PKGBUILDDIR>>=. -fstack-protector-strong -Wformat -Werror=format-security -Wdate-time -D_FORTIFY_SOURCE=2 conftest.c >&5
conftest.c:67:10: fatal error: 'sys/dl.h' file not found
#include <sys/dl.h>
         ^
1 error generated.
configure:13358: $? = 1
configure: failed program was:
| #define STDC_HEADERS 1
| #define HAVE_SYS_TYPES_H 1
| #define HAVE_SYS_STAT_H 1
| #define HAVE_STDLIB_H 1
| #define HAVE_STRING_H 1
| #define HAVE_MEMORY_H 1
| #define HAVE_STRINGS_H 1
| #define HAVE_INTTYPES_H 1
| #define HAVE_STDINT_H 1
| #define HAVE_UNISTD_H 1
| #define HAVE_DLFCN_H 1
| #define LT_OBJDIR ".libs/"
| #define LT_MODULE_EXT ".so"
| #define LT_MODULE_PATH_VAR "LD_LIBRARY_PATH"
| #define LT_DLSEARCH_PATH "/lib:/usr/lib:/usr/lib/x86_64-linux-gnu/libfakeroot:/usr/local/lib:/lib/x86_64-linux-gnu:/usr/lib/x86_64-linux-gnu"
| #define HAVE_LIBDL 1
| #define HAVE_DLERROR 1
| #define HAVE_LIBDLLOADER 1
| #define HAVE_ARGZ_H 1
| #define HAVE_ERROR_T 1
| #define HAVE_ARGZ_ADD 1
| #define HAVE_ARGZ_APPEND 1
| #define HAVE_ARGZ_COUNT 1
| #define HAVE_ARGZ_CREATE_SEP 1
| #define HAVE_ARGZ_INSERT 1
| #define HAVE_ARGZ_NEXT 1
| #define HAVE_ARGZ_STRINGIFY 1
| #define HAVE_WORKING_ARGZ 1
| #define HAVE_PRELOADED_SYMBOLS 1
| #define HAVE_LTDL 1
| #define HAVE_UNISTD_H 1
| /* end confdefs.h.  */
| #include <stdio.h>
| #ifdef HAVE_SYS_TYPES_H
| # include <sys/types.h>
| #endif
| #ifdef HAVE_SYS_STAT_H
| # include <sys/stat.h>
| #endif
| #ifdef STDC_HEADERS
| # include <stdlib.h>
| # include <stddef.h>
| #else
| # ifdef HAVE_STDLIB_H
| #  include <stdlib.h>
| # endif
| #endif
| #ifdef HAVE_STRING_H
| # if !defined STDC_HEADERS && defined HAVE_MEMORY_H
| #  include <memory.h>
| # endif
| # include <string.h>
| #endif
| #ifdef HAVE_STRINGS_H
| # include <strings.h>
| #endif
| #ifdef HAVE_INTTYPES_H
| # include <inttypes.h>
| #endif
| #ifdef HAVE_STDINT_H
| # include <stdint.h>
| #endif
| #ifdef HAVE_UNISTD_H
| # include <unistd.h>
| #endif
| 
| #include <sys/dl.h>
configure:13358: result: no
configure:13358: checking for dld.h
configure:13358: gcc -c -g -O2 -fdebug-prefix-map=/<<PKGBUILDDIR>>=. -fstack-protector-strong -Wformat -Werror=format-security -Wdate-time -D_FORTIFY_SOURCE=2 conftest.c >&5
conftest.c:67:10: fatal error: 'dld.h' file not found
#include <dld.h>
         ^
1 error generated.
configure:13358: $? = 1
configure: failed program was:
| #define STDC_HEADERS 1
| #define HAVE_SYS_TYPES_H 1
| #define HAVE_SYS_STAT_H 1
| #define HAVE_STDLIB_H 1
| #define HAVE_STRING_H 1
| #define HAVE_MEMORY_H 1
| #define HAVE_STRINGS_H 1
| #define HAVE_INTTYPES_H 1
| #define HAVE_STDINT_H 1
| #define HAVE_UNISTD_H 1
| #define HAVE_DLFCN_H 1
| #define LT_OBJDIR ".libs/"
| #define LT_MODULE_EXT ".so"
| #define LT_MODULE_PATH_VAR "LD_LIBRARY_PATH"
| #define LT_DLSEARCH_PATH "/lib:/usr/lib:/usr/lib/x86_64-linux-gnu/libfakeroot:/usr/local/lib:/lib/x86_64-linux-gnu:/usr/lib/x86_64-linux-gnu"
| #define HAVE_LIBDL 1
| #define HAVE_DLERROR 1
| #define HAVE_LIBDLLOADER 1
| #define HAVE_ARGZ_H 1
| #define HAVE_ERROR_T 1
| #define HAVE_ARGZ_ADD 1
| #define HAVE_ARGZ_APPEND 1
| #define HAVE_ARGZ_COUNT 1
| #define HAVE_ARGZ_CREATE_SEP 1
| #define HAVE_ARGZ_INSERT 1
| #define HAVE_ARGZ_NEXT 1
| #define HAVE_ARGZ_STRINGIFY 1
| #define HAVE_WORKING_ARGZ 1
| #define HAVE_PRELOADED_SYMBOLS 1
| #define HAVE_LTDL 1
| #define HAVE_UNISTD_H 1
| /* end confdefs.h.  */
| #include <stdio.h>
| #ifdef HAVE_SYS_TYPES_H
| # include <sys/types.h>
| #endif
| #ifdef HAVE_SYS_STAT_H
| # include <sys/stat.h>
| #endif
| #ifdef STDC_HEADERS
| # include <stdlib.h>
| # include <stddef.h>
| #else
| # ifdef HAVE_STDLIB_H
| #  include <stdlib.h>
| # endif
| #endif
| #ifdef HAVE_STRING_H
| # if !defined STDC_HEADERS && defined HAVE_MEMORY_H
| #  include <memory.h>
| # endif
| # include <string.h>
| #endif
| #ifdef HAVE_STRINGS_H
| # include <strings.h>
| #endif
| #ifdef HAVE_INTTYPES_H
| # include <inttypes.h>
| #endif
| #ifdef HAVE_STDINT_H
| # include <stdint.h>
| #endif
| #ifdef HAVE_UNISTD_H
| # include <unistd.h>
| #endif
| 
| #include <dld.h>
configure:13358: result: no
configure:13358: checking for mach-o/dyld.h
configure:13358: gcc -c -g -O2 -fdebug-prefix-map=/<<PKGBUILDDIR>>=. -fstack-protector-strong -Wformat -Werror=format-security -Wdate-time -D_FORTIFY_SOURCE=2 conftest.c >&5
conftest.c:67:10: fatal error: 'mach-o/dyld.h' file not found
#include <mach-o/dyld.h>
         ^
1 error generated.
configure:13358: $? = 1
configure: failed program was:
| #define STDC_HEADERS 1
| #define HAVE_SYS_TYPES_H 1
| #define HAVE_SYS_STAT_H 1
| #define HAVE_STDLIB_H 1
| #define HAVE_STRING_H 1
| #define HAVE_MEMORY_H 1
| #define HAVE_STRINGS_H 1
| #define HAVE_INTTYPES_H 1
| #define HAVE_STDINT_H 1
| #define HAVE_UNISTD_H 1
| #define HAVE_DLFCN_H 1
| #define LT_OBJDIR ".libs/"
| #define LT_MODULE_EXT ".so"
| #define LT_MODULE_PATH_VAR "LD_LIBRARY_PATH"
| #define LT_DLSEARCH_PATH "/lib:/usr/lib:/usr/lib/x86_64-linux-gnu/libfakeroot:/usr/local/lib:/lib/x86_64-linux-gnu:/usr/lib/x86_64-linux-gnu"
| #define HAVE_LIBDL 1
| #define HAVE_DLERROR 1
| #define HAVE_LIBDLLOADER 1
| #define HAVE_ARGZ_H 1
| #define HAVE_ERROR_T 1
| #define HAVE_ARGZ_ADD 1
| #define HAVE_ARGZ_APPEND 1
| #define HAVE_ARGZ_COUNT 1
| #define HAVE_ARGZ_CREATE_SEP 1
| #define HAVE_ARGZ_INSERT 1
| #define HAVE_ARGZ_NEXT 1
| #define HAVE_ARGZ_STRINGIFY 1
| #define HAVE_WORKING_ARGZ 1
| #define HAVE_PRELOADED_SYMBOLS 1
| #define HAVE_LTDL 1
| #define HAVE_UNISTD_H 1
| /* end confdefs.h.  */
| #include <stdio.h>
| #ifdef HAVE_SYS_TYPES_H
| # include <sys/types.h>
| #endif
| #ifdef HAVE_SYS_STAT_H
| # include <sys/stat.h>
| #endif
| #ifdef STDC_HEADERS
| # include <stdlib.h>
| # include <stddef.h>
| #else
| # ifdef HAVE_STDLIB_H
| #  include <stdlib.h>
| # endif
| #endif
| #ifdef HAVE_STRING_H
| # if !defined STDC_HEADERS && defined HAVE_MEMORY_H
| #  include <memory.h>
| # endif
| # include <string.h>
| #endif
| #ifdef HAVE_STRINGS_H
| # include <strings.h>
| #endif
| #ifdef HAVE_INTTYPES_H
| # include <inttypes.h>
| #endif
| #ifdef HAVE_STDINT_H
| # include <stdint.h>
| #endif
| #ifdef HAVE_UNISTD_H
| # include <unistd.h>
| #endif
| 
| #include <mach-o/dyld.h>
configure:13358: result: no
configure:13358: checking for dirent.h
configure:13358: gcc -c -g -O2 -fdebug-prefix-map=/<<PKGBUILDDIR>>=. -fstack-protector-strong -Wformat -Werror=format-security -Wdate-time -D_FORTIFY_SOURCE=2 conftest.c >&5
configure:13358: $? = 0
configure:13358: result: yes
configure:13373: checking for closedir
configure:13373: gcc -o conftest -g -O2 -fdebug-prefix-map=/<<PKGBUILDDIR>>=. -fstack-protector-strong -Wformat -Werror=format-security -Wdate-time -D_FORTIFY_SOURCE=2 -Wl,-z,relro conftest.c  >&5
configure:13373: $? = 0
configure:13373: result: yes
configure:13373: checking for opendir
configure:13373: gcc -o conftest -g -O2 -fdebug-prefix-map=/<<PKGBUILDDIR>>=. -fstack-protector-strong -Wformat -Werror=format-security -Wdate-time -D_FORTIFY_SOURCE=2 -Wl,-z,relro conftest.c  >&5
configure:13373: $? = 0
configure:13373: result: yes
configure:13373: checking for readdir
configure:13373: gcc -o conftest -g -O2 -fdebug-prefix-map=/<<PKGBUILDDIR>>=. -fstack-protector-strong -Wformat -Werror=format-security -Wdate-time -D_FORTIFY_SOURCE=2 -Wl,-z,relro conftest.c  >&5
configure:13373: $? = 0
configure:13373: result: yes
configure:13390: checking for strlcat
configure:13390: gcc -o conftest -g -O2 -fdebug-prefix-map=/<<PKGBUILDDIR>>=. -fstack-protector-strong -Wformat -Werror=format-security -Wdate-time -D_FORTIFY_SOURCE=2 -Wl,-z,relro conftest.c  >&5
/tmp/conftest-fae3c6.o: In function `main':
./conftest.c:71: undefined reference to `strlcat'
clang: error: linker command failed with exit code 1 (use -v to see invocation)
configure:13390: $? = 1
configure: failed program was:
| #define STDC_HEADERS 1
| #define HAVE_SYS_TYPES_H 1
| #define HAVE_SYS_STAT_H 1
| #define HAVE_STDLIB_H 1
| #define HAVE_STRING_H 1
| #define HAVE_MEMORY_H 1
| #define HAVE_STRINGS_H 1
| #define HAVE_INTTYPES_H 1
| #define HAVE_STDINT_H 1
| #define HAVE_UNISTD_H 1
| #define HAVE_DLFCN_H 1
| #define LT_OBJDIR ".libs/"
| #define LT_MODULE_EXT ".so"
| #define LT_MODULE_PATH_VAR "LD_LIBRARY_PATH"
| #define LT_DLSEARCH_PATH "/lib:/usr/lib:/usr/lib/x86_64-linux-gnu/libfakeroot:/usr/local/lib:/lib/x86_64-linux-gnu:/usr/lib/x86_64-linux-gnu"
| #define HAVE_LIBDL 1
| #define HAVE_DLERROR 1
| #define HAVE_LIBDLLOADER 1
| #define HAVE_ARGZ_H 1
| #define HAVE_ERROR_T 1
| #define HAVE_ARGZ_ADD 1
| #define HAVE_ARGZ_APPEND 1
| #define HAVE_ARGZ_COUNT 1
| #define HAVE_ARGZ_CREATE_SEP 1
| #define HAVE_ARGZ_INSERT 1
| #define HAVE_ARGZ_NEXT 1
| #define HAVE_ARGZ_STRINGIFY 1
| #define HAVE_WORKING_ARGZ 1
| #define HAVE_PRELOADED_SYMBOLS 1
| #define HAVE_LTDL 1
| #define HAVE_UNISTD_H 1
| #define HAVE_DIRENT_H 1
| #define HAVE_CLOSEDIR 1
| #define HAVE_OPENDIR 1
| #define HAVE_READDIR 1
| /* end confdefs.h.  */
| /* Define strlcat to an innocuous variant, in case <limits.h> declares strlcat.
|    For example, HP-UX 11i <limits.h> declares gettimeofday.  */
| #define strlcat innocuous_strlcat
| 
| /* System header to define __stub macros and hopefully few prototypes,
|     which can conflict with char strlcat (); below.
|     Prefer <limits.h> to <assert.h> if __STDC__ is defined, since
|     <limits.h> exists even on freestanding compilers.  */
| 
| #ifdef __STDC__
| # include <limits.h>
| #else
| # include <assert.h>
| #endif
| 
| #undef strlcat
| 
| /* Override any GCC internal prototype to avoid an error.
|    Use char because int might match the return type of a GCC
|    builtin and then its argument prototype would still apply.  */
| #ifdef __cplusplus
| extern "C"
| #endif
| char strlcat ();
| /* The GNU C library defines this for functions which it implements
|     to always fail with ENOSYS.  Some functions are actually named
|     something starting with __ and the normal name is an alias.  */
| #if defined __stub_strlcat || defined __stub___strlcat
| choke me
| #endif
| 
| int
| main ()
| {
| return strlcat ();
|   ;
|   return 0;
| }
configure:13390: result: no
configure:13390: checking for strlcpy
configure:13390: gcc -o conftest -g -O2 -fdebug-prefix-map=/<<PKGBUILDDIR>>=. -fstack-protector-strong -Wformat -Werror=format-security -Wdate-time -D_FORTIFY_SOURCE=2 -Wl,-z,relro conftest.c  >&5
/tmp/conftest-5bd68c.o: In function `main':
./conftest.c:71: undefined reference to `strlcpy'
clang: error: linker command failed with exit code 1 (use -v to see invocation)
configure:13390: $? = 1
configure: failed program was:
| #define STDC_HEADERS 1
| #define HAVE_SYS_TYPES_H 1
| #define HAVE_SYS_STAT_H 1
| #define HAVE_STDLIB_H 1
| #define HAVE_STRING_H 1
| #define HAVE_MEMORY_H 1
| #define HAVE_STRINGS_H 1
| #define HAVE_INTTYPES_H 1
| #define HAVE_STDINT_H 1
| #define HAVE_UNISTD_H 1
| #define HAVE_DLFCN_H 1
| #define LT_OBJDIR ".libs/"
| #define LT_MODULE_EXT ".so"
| #define LT_MODULE_PATH_VAR "LD_LIBRARY_PATH"
| #define LT_DLSEARCH_PATH "/lib:/usr/lib:/usr/lib/x86_64-linux-gnu/libfakeroot:/usr/local/lib:/lib/x86_64-linux-gnu:/usr/lib/x86_64-linux-gnu"
| #define HAVE_LIBDL 1
| #define HAVE_DLERROR 1
| #define HAVE_LIBDLLOADER 1
| #define HAVE_ARGZ_H 1
| #define HAVE_ERROR_T 1
| #define HAVE_ARGZ_ADD 1
| #define HAVE_ARGZ_APPEND 1
| #define HAVE_ARGZ_COUNT 1
| #define HAVE_ARGZ_CREATE_SEP 1
| #define HAVE_ARGZ_INSERT 1
| #define HAVE_ARGZ_NEXT 1
| #define HAVE_ARGZ_STRINGIFY 1
| #define HAVE_WORKING_ARGZ 1
| #define HAVE_PRELOADED_SYMBOLS 1
| #define HAVE_LTDL 1
| #define HAVE_UNISTD_H 1
| #define HAVE_DIRENT_H 1
| #define HAVE_CLOSEDIR 1
| #define HAVE_OPENDIR 1
| #define HAVE_READDIR 1
| /* end confdefs.h.  */
| /* Define strlcpy to an innocuous variant, in case <limits.h> declares strlcpy.
|    For example, HP-UX 11i <limits.h> declares gettimeofday.  */
| #define strlcpy innocuous_strlcpy
| 
| /* System header to define __stub macros and hopefully few prototypes,
|     which can conflict with char strlcpy (); below.
|     Prefer <limits.h> to <assert.h> if __STDC__ is defined, since
|     <limits.h> exists even on freestanding compilers.  */
| 
| #ifdef __STDC__
| # include <limits.h>
| #else
| # include <assert.h>
| #endif
| 
| #undef strlcpy
| 
| /* Override any GCC internal prototype to avoid an error.
|    Use char because int might match the return type of a GCC
|    builtin and then its argument prototype would still apply.  */
| #ifdef __cplusplus
| extern "C"
| #endif
| char strlcpy ();
| /* The GNU C library defines this for functions which it implements
|     to always fail with ENOSYS.  Some functions are actually named
|     something starting with __ and the normal name is an alias.  */
| #if defined __stub_strlcpy || defined __stub___strlcpy
| choke me
| #endif
| 
| int
| main ()
| {
| return strlcpy ();
|   ;
|   return 0;
| }
configure:13390: result: no
configure:13438: checking for perl5
configure:13471: result: no
configure:13438: checking for perl
configure:13456: found /usr/bin/perl
configure:13468: result: /usr/bin/perl
configure:13484: checking for courier-config
configure:13517: result: no
configure:13527: checking for ltdl.h
configure:13527: result: yes
configure:13557: checking for expect
configure:13575: found /usr/bin/expect
configure:13587: result: /usr/bin/expect
configure:13623: checking for passwd
configure:13641: found /usr/bin/passwd
configure:13653: result: /usr/bin/passwd
configure:13674: checking whether -lm is needed for floor
configure:13694: gcc -o conftest -g -O2 -fdebug-prefix-map=/<<PKGBUILDDIR>>=. -fstack-protector-strong -Wformat -Werror=format-security -Wall -Ilibs -I./libs -Wdate-time -D_FORTIFY_SOURCE=2 -Wl,-z,relro conftest.c  >&5
conftest.c:47:6: warning: incompatible redeclaration of library function 'floor' [-Wincompatible-library-redeclaration]
char floor ();
     ^
conftest.c:47:6: note: 'floor' is a builtin with type 'double (double)'
1 warning generated.
/tmp/conftest-273014.o: In function `main':
./conftest.c:51: undefined reference to `floor'
clang: error: linker command failed with exit code 1 (use -v to see invocation)
configure:13694: $? = 1
configure: failed program was:
| #define STDC_HEADERS 1
| #define HAVE_SYS_TYPES_H 1
| #define HAVE_SYS_STAT_H 1
| #define HAVE_STDLIB_H 1
| #define HAVE_STRING_H 1
| #define HAVE_MEMORY_H 1
| #define HAVE_STRINGS_H 1
| #define HAVE_INTTYPES_H 1
| #define HAVE_STDINT_H 1
| #define HAVE_UNISTD_H 1
| #define HAVE_DLFCN_H 1
| #define LT_OBJDIR ".libs/"
| #define LT_MODULE_EXT ".so"
| #define LT_MODULE_PATH_VAR "LD_LIBRARY_PATH"
| #define LT_DLSEARCH_PATH "/lib:/usr/lib:/usr/lib/x86_64-linux-gnu/libfakeroot:/usr/local/lib:/lib/x86_64-linux-gnu:/usr/lib/x86_64-linux-gnu"
| #define HAVE_LIBDL 1
| #define HAVE_DLERROR 1
| #define HAVE_LIBDLLOADER 1
| #define HAVE_ARGZ_H 1
| #define HAVE_ERROR_T 1
| #define HAVE_ARGZ_ADD 1
| #define HAVE_ARGZ_APPEND 1
| #define HAVE_ARGZ_COUNT 1
| #define HAVE_ARGZ_CREATE_SEP 1
| #define HAVE_ARGZ_INSERT 1
| #define HAVE_ARGZ_NEXT 1
| #define HAVE_ARGZ_STRINGIFY 1
| #define HAVE_WORKING_ARGZ 1
| #define HAVE_PRELOADED_SYMBOLS 1
| #define HAVE_LTDL 1
| #define HAVE_UNISTD_H 1
| #define HAVE_DIRENT_H 1
| #define HAVE_CLOSEDIR 1
| #define HAVE_OPENDIR 1
| #define HAVE_READDIR 1
| #define LT_LIBEXT "a"
| #define LT_LIBPREFIX "lib"
| #define HAVE_EXPECT 1
| /* end confdefs.h.  */
| 
| /* Override any GCC internal prototype to avoid an error.
|    Use char because int might match the return type of a GCC
|    builtin and then its argument prototype would still apply.  */
| #ifdef __cplusplus
| extern "C"
| #endif
| char floor ();
| int
| main ()
| {
| return floor ();
|   ;
|   return 0;
| }
configure:13699: result: yes
configure:13718: checking for socket in -lsocket
configure:13743: gcc -o conftest -g -O2 -fdebug-prefix-map=/<<PKGBUILDDIR>>=. -fstack-protector-strong -Wformat -Werror=format-security -Wall -Ilibs -I./libs -Wdate-time -D_FORTIFY_SOURCE=2 -Wl,-z,relro conftest.c -lsocket   >&5
/usr/bin/ld: cannot find -lsocket
clang: error: linker command failed with exit code 1 (use -v to see invocation)
configure:13743: $? = 1
configure: failed program was:
| #define STDC_HEADERS 1
| #define HAVE_SYS_TYPES_H 1
| #define HAVE_SYS_STAT_H 1
| #define HAVE_STDLIB_H 1
| #define HAVE_STRING_H 1
| #define HAVE_MEMORY_H 1
| #define HAVE_STRINGS_H 1
| #define HAVE_INTTYPES_H 1
| #define HAVE_STDINT_H 1
| #define HAVE_UNISTD_H 1
| #define HAVE_DLFCN_H 1
| #define LT_OBJDIR ".libs/"
| #define LT_MODULE_EXT ".so"
| #define LT_MODULE_PATH_VAR "LD_LIBRARY_PATH"
| #define LT_DLSEARCH_PATH "/lib:/usr/lib:/usr/lib/x86_64-linux-gnu/libfakeroot:/usr/local/lib:/lib/x86_64-linux-gnu:/usr/lib/x86_64-linux-gnu"
| #define HAVE_LIBDL 1
| #define HAVE_DLERROR 1
| #define HAVE_LIBDLLOADER 1
| #define HAVE_ARGZ_H 1
| #define HAVE_ERROR_T 1
| #define HAVE_ARGZ_ADD 1
| #define HAVE_ARGZ_APPEND 1
| #define HAVE_ARGZ_COUNT 1
| #define HAVE_ARGZ_CREATE_SEP 1
| #define HAVE_ARGZ_INSERT 1
| #define HAVE_ARGZ_NEXT 1
| #define HAVE_ARGZ_STRINGIFY 1
| #define HAVE_WORKING_ARGZ 1
| #define HAVE_PRELOADED_SYMBOLS 1
| #define HAVE_LTDL 1
| #define HAVE_UNISTD_H 1
| #define HAVE_DIRENT_H 1
| #define HAVE_CLOSEDIR 1
| #define HAVE_OPENDIR 1
| #define HAVE_READDIR 1
| #define LT_LIBEXT "a"
| #define LT_LIBPREFIX "lib"
| #define HAVE_EXPECT 1
| /* end confdefs.h.  */
| 
| /* Override any GCC internal prototype to avoid an error.
|    Use char because int might match the return type of a GCC
|    builtin and then its argument prototype would still apply.  */
| #ifdef __cplusplus
| extern "C"
| #endif
| char socket ();
| int
| main ()
| {
| return socket ();
|   ;
|   return 0;
| }
configure:13752: result: no
configure:13763: checking for socket in -lsocket
configure:13797: result: no
configure:13809: checking for connect in -lsocket
configure:13834: gcc -o conftest -g -O2 -fdebug-prefix-map=/<<PKGBUILDDIR>>=. -fstack-protector-strong -Wformat -Werror=format-security -Wall -Ilibs -I./libs -Wdate-time -D_FORTIFY_SOURCE=2 -Wl,-z,relro conftest.c -lsocket   >&5
/usr/bin/ld: cannot find -lsocket
clang: error: linker command failed with exit code 1 (use -v to see invocation)
configure:13834: $? = 1
configure: failed program was:
| #define STDC_HEADERS 1
| #define HAVE_SYS_TYPES_H 1
| #define HAVE_SYS_STAT_H 1
| #define HAVE_STDLIB_H 1
| #define HAVE_STRING_H 1
| #define HAVE_MEMORY_H 1
| #define HAVE_STRINGS_H 1
| #define HAVE_INTTYPES_H 1
| #define HAVE_STDINT_H 1
| #define HAVE_UNISTD_H 1
| #define HAVE_DLFCN_H 1
| #define LT_OBJDIR ".libs/"
| #define LT_MODULE_EXT ".so"
| #define LT_MODULE_PATH_VAR "LD_LIBRARY_PATH"
| #define LT_DLSEARCH_PATH "/lib:/usr/lib:/usr/lib/x86_64-linux-gnu/libfakeroot:/usr/local/lib:/lib/x86_64-linux-gnu:/usr/lib/x86_64-linux-gnu"
| #define HAVE_LIBDL 1
| #define HAVE_DLERROR 1
| #define HAVE_LIBDLLOADER 1
| #define HAVE_ARGZ_H 1
| #define HAVE_ERROR_T 1
| #define HAVE_ARGZ_ADD 1
| #define HAVE_ARGZ_APPEND 1
| #define HAVE_ARGZ_COUNT 1
| #define HAVE_ARGZ_CREATE_SEP 1
| #define HAVE_ARGZ_INSERT 1
| #define HAVE_ARGZ_NEXT 1
| #define HAVE_ARGZ_STRINGIFY 1
| #define HAVE_WORKING_ARGZ 1
| #define HAVE_PRELOADED_SYMBOLS 1
| #define HAVE_LTDL 1
| #define HAVE_UNISTD_H 1
| #define HAVE_DIRENT_H 1
| #define HAVE_CLOSEDIR 1
| #define HAVE_OPENDIR 1
| #define HAVE_READDIR 1
| #define LT_LIBEXT "a"
| #define LT_LIBPREFIX "lib"
| #define HAVE_EXPECT 1
| /* end confdefs.h.  */
| 
| /* Override any GCC internal prototype to avoid an error.
|    Use char because int might match the return type of a GCC
|    builtin and then its argument prototype would still apply.  */
| #ifdef __cplusplus
| extern "C"
| #endif
| char connect ();
| int
| main ()
| {
| return connect ();
|   ;
|   return 0;
| }
configure:13843: result: no
configure:13854: checking for connect in -lsocket
configure:13888: result: no
configure:13924: gcc -o conftest -g -O2 -fdebug-prefix-map=/<<PKGBUILDDIR>>=. -fstack-protector-strong -Wformat -Werror=format-security -Wall -Ilibs -I./libs -Wdate-time -D_FORTIFY_SOURCE=2 -Wl,-z,relro conftest.c   >&5
configure:13924: $? = 0
configure:13999: gcc -o conftest -g -O2 -fdebug-prefix-map=/<<PKGBUILDDIR>>=. -fstack-protector-strong -Wformat -Werror=format-security -Wall -Ilibs -I./libs -Wdate-time -D_FORTIFY_SOURCE=2 -Wl,-z,relro conftest.c -lcourier-unicode >&5
configure:13999: $? = 0
configure:14037: checking for gdbm_open in -lgdbm
configure:14062: gcc -o conftest -g -O2 -fdebug-prefix-map=/<<PKGBUILDDIR>>=. -fstack-protector-strong -Wformat -Werror=format-security -Wall -Ilibs -I./libs -Wdate-time -D_FORTIFY_SOURCE=2 -Wl,-z,relro conftest.c -lgdbm   >&5
configure:14062: $? = 0
configure:14071: result: yes
configure:14077: checking for gdbm_open
configure:14077: gcc -o conftest -g -O2 -fdebug-prefix-map=/<<PKGBUILDDIR>>=. -fstack-protector-strong -Wformat -Werror=format-security -Wall -Ilibs -I./libs -Wdate-time -D_FORTIFY_SOURCE=2 -Wl,-z,relro conftest.c -lgdbm  >&5
configure:14077: $? = 0
configure:14077: result: yes
configure:14327: checking stdio.h usability
configure:14327: gcc -c -g -O2 -fdebug-prefix-map=/<<PKGBUILDDIR>>=. -fstack-protector-strong -Wformat -Werror=format-security -Wall -Ilibs -I./libs -Wdate-time -D_FORTIFY_SOURCE=2 conftest.c >&5
configure:14327: $? = 0
configure:14327: result: yes
configure:14327: checking stdio.h presence
configure:14327: gcc -E -Wdate-time -D_FORTIFY_SOURCE=2 conftest.c
configure:14327: $? = 0
configure:14327: result: yes
configure:14327: checking for stdio.h
configure:14327: result: yes
configure:14351: checking security/pam_appl.h usability
configure:14351: gcc -c -g -O2 -fdebug-prefix-map=/<<PKGBUILDDIR>>=. -fstack-protector-strong -Wformat -Werror=format-security -Wall -Ilibs -I./libs -Wdate-time -D_FORTIFY_SOURCE=2 conftest.c >&5
configure:14351: $? = 0
configure:14351: result: yes
configure:14351: checking security/pam_appl.h presence
configure:14351: gcc -E -Wdate-time -D_FORTIFY_SOURCE=2 conftest.c
configure:14351: $? = 0
configure:14351: result: yes
configure:14351: checking for security/pam_appl.h
configure:14351: result: yes
configure:14351: checking Pam/pam_appl.h usability
configure:14351: gcc -c -g -O2 -fdebug-prefix-map=/<<PKGBUILDDIR>>=. -fstack-protector-strong -Wformat -Werror=format-security -Wall -Ilibs -I./libs -Wdate-time -D_FORTIFY_SOURCE=2 conftest.c >&5
conftest.c:76:10: fatal error: 'Pam/pam_appl.h' file not found
#include <Pam/pam_appl.h>
         ^
1 error generated.
configure:14351: $? = 1
configure: failed program was:
| #define STDC_HEADERS 1
| #define HAVE_SYS_TYPES_H 1
| #define HAVE_SYS_STAT_H 1
| #define HAVE_STDLIB_H 1
| #define HAVE_STRING_H 1
| #define HAVE_MEMORY_H 1
| #define HAVE_STRINGS_H 1
| #define HAVE_INTTYPES_H 1
| #define HAVE_STDINT_H 1
| #define HAVE_UNISTD_H 1
| #define HAVE_DLFCN_H 1
| #define LT_OBJDIR ".libs/"
| #define LT_MODULE_EXT ".so"
| #define LT_MODULE_PATH_VAR "LD_LIBRARY_PATH"
| #define LT_DLSEARCH_PATH "/lib:/usr/lib:/usr/lib/x86_64-linux-gnu/libfakeroot:/usr/local/lib:/lib/x86_64-linux-gnu:/usr/lib/x86_64-linux-gnu"
| #define HAVE_LIBDL 1
| #define HAVE_DLERROR 1
| #define HAVE_LIBDLLOADER 1
| #define HAVE_ARGZ_H 1
| #define HAVE_ERROR_T 1
| #define HAVE_ARGZ_ADD 1
| #define HAVE_ARGZ_APPEND 1
| #define HAVE_ARGZ_COUNT 1
| #define HAVE_ARGZ_CREATE_SEP 1
| #define HAVE_ARGZ_INSERT 1
| #define HAVE_ARGZ_NEXT 1
| #define HAVE_ARGZ_STRINGIFY 1
| #define HAVE_WORKING_ARGZ 1
| #define HAVE_PRELOADED_SYMBOLS 1
| #define HAVE_LTDL 1
| #define HAVE_UNISTD_H 1
| #define HAVE_DIRENT_H 1
| #define HAVE_CLOSEDIR 1
| #define HAVE_OPENDIR 1
| #define HAVE_READDIR 1
| #define LT_LIBEXT "a"
| #define LT_LIBPREFIX "lib"
| #define HAVE_EXPECT 1
| #define USERDB "/etc/courier/userdb"
| #define HAVE_STDIO_H 1
| #define HAVE_SECURITY_PAM_APPL_H 1
| /* end confdefs.h.  */
| #include <stdio.h>
| #ifdef HAVE_SYS_TYPES_H
| # include <sys/types.h>
| #endif
| #ifdef HAVE_SYS_STAT_H
| # include <sys/stat.h>
| #endif
| #ifdef STDC_HEADERS
| # include <stdlib.h>
| # include <stddef.h>
| #else
| # ifdef HAVE_STDLIB_H
| #  include <stdlib.h>
| # endif
| #endif
| #ifdef HAVE_STRING_H
| # if !defined STDC_HEADERS && defined HAVE_MEMORY_H
| #  include <memory.h>
| # endif
| # include <string.h>
| #endif
| #ifdef HAVE_STRINGS_H
| # include <strings.h>
| #endif
| #ifdef HAVE_INTTYPES_H
| # include <inttypes.h>
| #endif
| #ifdef HAVE_STDINT_H
| # include <stdint.h>
| #endif
| #ifdef HAVE_UNISTD_H
| # include <unistd.h>
| #endif
| #include <Pam/pam_appl.h>
configure:14351: result: no
configure:14351: checking Pam/pam_appl.h presence
configure:14351: gcc -E -Wdate-time -D_FORTIFY_SOURCE=2 conftest.c
conftest.c:43:10: fatal error: 'Pam/pam_appl.h' file not found
#include <Pam/pam_appl.h>
         ^
1 error generated.
configure:14351: $? = 1
configure: failed program was:
| #define STDC_HEADERS 1
| #define HAVE_SYS_TYPES_H 1
| #define HAVE_SYS_STAT_H 1
| #define HAVE_STDLIB_H 1
| #define HAVE_STRING_H 1
| #define HAVE_MEMORY_H 1
| #define HAVE_STRINGS_H 1
| #define HAVE_INTTYPES_H 1
| #define HAVE_STDINT_H 1
| #define HAVE_UNISTD_H 1
| #define HAVE_DLFCN_H 1
| #define LT_OBJDIR ".libs/"
| #define LT_MODULE_EXT ".so"
| #define LT_MODULE_PATH_VAR "LD_LIBRARY_PATH"
| #define LT_DLSEARCH_PATH "/lib:/usr/lib:/usr/lib/x86_64-linux-gnu/libfakeroot:/usr/local/lib:/lib/x86_64-linux-gnu:/usr/lib/x86_64-linux-gnu"
| #define HAVE_LIBDL 1
| #define HAVE_DLERROR 1
| #define HAVE_LIBDLLOADER 1
| #define HAVE_ARGZ_H 1
| #define HAVE_ERROR_T 1
| #define HAVE_ARGZ_ADD 1
| #define HAVE_ARGZ_APPEND 1
| #define HAVE_ARGZ_COUNT 1
| #define HAVE_ARGZ_CREATE_SEP 1
| #define HAVE_ARGZ_INSERT 1
| #define HAVE_ARGZ_NEXT 1
| #define HAVE_ARGZ_STRINGIFY 1
| #define HAVE_WORKING_ARGZ 1
| #define HAVE_PRELOADED_SYMBOLS 1
| #define HAVE_LTDL 1
| #define HAVE_UNISTD_H 1
| #define HAVE_DIRENT_H 1
| #define HAVE_CLOSEDIR 1
| #define HAVE_OPENDIR 1
| #define HAVE_READDIR 1
| #define LT_LIBEXT "a"
| #define LT_LIBPREFIX "lib"
| #define HAVE_EXPECT 1
| #define USERDB "/etc/courier/userdb"
| #define HAVE_STDIO_H 1
| #define HAVE_SECURITY_PAM_APPL_H 1
| /* end confdefs.h.  */
| #include <Pam/pam_appl.h>
configure:14351: result: no
configure:14351: checking for Pam/pam_appl.h
configure:14351: result: no
configure:14367: checking for dlopen in -ldl
configure:14401: result: yes
configure:14409: checking for pam_start in -lpam
configure:14434: gcc -o conftest -g -O2 -fdebug-prefix-map=/<<PKGBUILDDIR>>=. -fstack-protector-strong -Wformat -Werror=format-security -Wall -Ilibs -I./libs -Wdate-time -D_FORTIFY_SOURCE=2 -Wl,-z,relro conftest.c -lpam -ldl  >&5
configure:14434: $? = 0
configure:14443: result: yes
configure:14450: checking for pam_setcred
configure:14450: gcc -o conftest -g -O2 -fdebug-prefix-map=/<<PKGBUILDDIR>>=. -fstack-protector-strong -Wformat -Werror=format-security -Wall -Ilibs -I./libs -Wdate-time -D_FORTIFY_SOURCE=2 -Wl,-z,relro conftest.c -lpam -ldl  >&5
configure:14450: $? = 0
configure:14450: result: yes
configure:14498: checking lber.h usability
configure:14498: gcc -c -g -O2 -fdebug-prefix-map=/<<PKGBUILDDIR>>=. -fstack-protector-strong -Wformat -Werror=format-security -Wall -Ilibs -I./libs -Wdate-time -D_FORTIFY_SOURCE=2 conftest.c >&5
configure:14498: $? = 0
configure:14498: result: yes
configure:14498: checking lber.h presence
configure:14498: gcc -E -Wdate-time -D_FORTIFY_SOURCE=2 conftest.c
configure:14498: $? = 0
configure:14498: result: yes
configure:14498: checking for lber.h
configure:14498: result: yes
configure:14510: checking ldap.h usability
configure:14510: gcc -c -g -O2 -fdebug-prefix-map=/<<PKGBUILDDIR>>=. -fstack-protector-strong -Wformat -Werror=format-security -Wall -Ilibs -I./libs -Wdate-time -D_FORTIFY_SOURCE=2 conftest.c >&5
configure:14510: $? = 0
configure:14510: result: yes
configure:14510: checking ldap.h presence
configure:14510: gcc -E -Wdate-time -D_FORTIFY_SOURCE=2 conftest.c
configure:14510: $? = 0
configure:14510: result: yes
configure:14510: checking for ldap.h
configure:14510: result: yes
configure:14522: checking netinet/in.h usability
configure:14522: gcc -c -g -O2 -fdebug-prefix-map=/<<PKGBUILDDIR>>=. -fstack-protector-strong -Wformat -Werror=format-security -Wall -Ilibs -I./libs -Wdate-time -D_FORTIFY_SOURCE=2 conftest.c >&5
configure:14522: $? = 0
configure:14522: result: yes
configure:14522: checking netinet/in.h presence
configure:14522: gcc -E -Wdate-time -D_FORTIFY_SOURCE=2 conftest.c
configure:14522: $? = 0
configure:14522: result: yes
configure:14522: checking for netinet/in.h
configure:14522: result: yes
configure:14541: checking whether -lresolv is needed for res_query
configure:14562: gcc -o conftest -g -O2 -fdebug-prefix-map=/<<PKGBUILDDIR>>=. -fstack-protector-strong -Wformat -Werror=format-security -Wall -Ilibs -I./libs -Wdate-time -D_FORTIFY_SOURCE=2 -Wl,-z,relro conftest.c   >&5
/tmp/conftest-a1ce27.o:(.data+0x0): undefined reference to `__res_query'
clang: error: linker command failed with exit code 1 (use -v to see invocation)
configure:14562: $? = 1
configure: failed program was:
| #define STDC_HEADERS 1
| #define HAVE_SYS_TYPES_H 1
| #define HAVE_SYS_STAT_H 1
| #define HAVE_STDLIB_H 1
| #define HAVE_STRING_H 1
| #define HAVE_MEMORY_H 1
| #define HAVE_STRINGS_H 1
| #define HAVE_INTTYPES_H 1
| #define HAVE_STDINT_H 1
| #define HAVE_UNISTD_H 1
| #define HAVE_DLFCN_H 1
| #define LT_OBJDIR ".libs/"
| #define LT_MODULE_EXT ".so"
| #define LT_MODULE_PATH_VAR "LD_LIBRARY_PATH"
| #define LT_DLSEARCH_PATH "/lib:/usr/lib:/usr/lib/x86_64-linux-gnu/libfakeroot:/usr/local/lib:/lib/x86_64-linux-gnu:/usr/lib/x86_64-linux-gnu"
| #define HAVE_LIBDL 1
| #define HAVE_DLERROR 1
| #define HAVE_LIBDLLOADER 1
| #define HAVE_ARGZ_H 1
| #define HAVE_ERROR_T 1
| #define HAVE_ARGZ_ADD 1
| #define HAVE_ARGZ_APPEND 1
| #define HAVE_ARGZ_COUNT 1
| #define HAVE_ARGZ_CREATE_SEP 1
| #define HAVE_ARGZ_INSERT 1
| #define HAVE_ARGZ_NEXT 1
| #define HAVE_ARGZ_STRINGIFY 1
| #define HAVE_WORKING_ARGZ 1
| #define HAVE_PRELOADED_SYMBOLS 1
| #define HAVE_LTDL 1
| #define HAVE_UNISTD_H 1
| #define HAVE_DIRENT_H 1
| #define HAVE_CLOSEDIR 1
| #define HAVE_OPENDIR 1
| #define HAVE_READDIR 1
| #define LT_LIBEXT "a"
| #define LT_LIBPREFIX "lib"
| #define HAVE_EXPECT 1
| #define USERDB "/etc/courier/userdb"
| #define HAVE_STDIO_H 1
| #define HAVE_SECURITY_PAM_APPL_H 1
| #define HAVE_PAM_SETCRED 1
| #define HAVE_LBER_H 1
| #define HAVE_LDAP_H 1
| #define HAVE_NETINET_IN_H 1
| /* end confdefs.h.  */
| 
| #include <sys/types.h>
| #if HAVE_NETINET_IN_H
| #include <netinet/in.h>
| #endif
| #include <resolv.h>
| 
| void (*func)()= (void (*)())res_query;
| 
| int
| main ()
| {
|   (*func)();
|   ;
|   return 0;
| }
configure:14588: gcc -o conftest -g -O2 -fdebug-prefix-map=/<<PKGBUILDDIR>>=. -fstack-protector-strong -Wformat -Werror=format-security -Wall -Ilibs -I./libs -Wdate-time -D_FORTIFY_SOURCE=2 -Wl,-z,relro conftest.c -lresolv   >&5
configure:14588: $? = 0
configure:14592: result: yes
configure:14605: checking for ber_scanf in -llber
configure:14630: gcc -o conftest -g -O2 -fdebug-prefix-map=/<<PKGBUILDDIR>>=. -fstack-protector-strong -Wformat -Werror=format-security -Wall -Ilibs -I./libs -Wdate-time -D_FORTIFY_SOURCE=2 -Wl,-z,relro conftest.c -llber  -lresolv   >&5
configure:14630: $? = 0
configure:14639: result: yes
configure:14645: checking for ldap_open in -lldap
configure:14670: gcc -o conftest -g -O2 -fdebug-prefix-map=/<<PKGBUILDDIR>>=. -fstack-protector-strong -Wformat -Werror=format-security -Wall -Ilibs -I./libs -Wdate-time -D_FORTIFY_SOURCE=2 -Wl,-z,relro conftest.c -lldap  -llber -lresolv   >&5
configure:14670: $? = 0
configure:14679: result: yes
configure:14685: checking for ldap_search_st
configure:14685: gcc -o conftest -g -O2 -fdebug-prefix-map=/<<PKGBUILDDIR>>=. -fstack-protector-strong -Wformat -Werror=format-security -Wall -Ilibs -I./libs -Wdate-time -D_FORTIFY_SOURCE=2 -Wl,-z,relro conftest.c -lldap -llber -lresolv   >&5
configure:14685: $? = 0
configure:14685: result: yes
configure:14692: checking for ldap_start_tls_s
configure:14692: gcc -o conftest -g -O2 -fdebug-prefix-map=/<<PKGBUILDDIR>>=. -fstack-protector-strong -Wformat -Werror=format-security -Wall -Ilibs -I./libs -Wdate-time -D_FORTIFY_SOURCE=2 -Wl,-z,relro conftest.c -lldap -llber -lresolv   >&5
configure:14692: $? = 0
configure:14692: result: yes
configure:14699: checking for ldap_result2error
configure:14699: gcc -o conftest -g -O2 -fdebug-prefix-map=/<<PKGBUILDDIR>>=. -fstack-protector-strong -Wformat -Werror=format-security -Wall -Ilibs -I./libs -Wdate-time -D_FORTIFY_SOURCE=2 -Wl,-z,relro conftest.c -lldap -llber -lresolv   >&5
configure:14699: $? = 0
configure:14699: result: yes
configure:14706: checking for ldap_parse_result
configure:14706: gcc -o conftest -g -O2 -fdebug-prefix-map=/<<PKGBUILDDIR>>=. -fstack-protector-strong -Wformat -Werror=format-security -Wall -Ilibs -I./libs -Wdate-time -D_FORTIFY_SOURCE=2 -Wl,-z,relro conftest.c -lldap -llber -lresolv   >&5
configure:14706: $? = 0
configure:14706: result: yes
configure:14781: checking for endpwent
configure:14781: gcc -o conftest -g -O2 -fdebug-prefix-map=/<<PKGBUILDDIR>>=. -fstack-protector-strong -Wformat -Werror=format-security -Wall -Ilibs -I./libs -Wdate-time -D_FORTIFY_SOURCE=2 -Wl,-z,relro conftest.c  >&5
configure:14781: $? = 0
configure:14781: result: yes
configure:14807: checking shadow.h usability
configure:14807: gcc -c -g -O2 -fdebug-prefix-map=/<<PKGBUILDDIR>>=. -fstack-protector-strong -Wformat -Werror=format-security -Wall -Ilibs -I./libs -Wdate-time -D_FORTIFY_SOURCE=2 conftest.c >&5
configure:14807: $? = 0
configure:14807: result: yes
configure:14807: checking shadow.h presence
configure:14807: gcc -E -Wdate-time -D_FORTIFY_SOURCE=2 conftest.c
configure:14807: $? = 0
configure:14807: result: yes
configure:14807: checking for shadow.h
configure:14807: result: yes
configure:14819: checking for getspent in -lshadow
configure:14844: gcc -o conftest -g -O2 -fdebug-prefix-map=/<<PKGBUILDDIR>>=. -fstack-protector-strong -Wformat -Werror=format-security -Wall -Ilibs -I./libs -Wdate-time -D_FORTIFY_SOURCE=2 -Wl,-z,relro conftest.c -lshadow   >&5
/usr/bin/ld: cannot find -lshadow
clang: error: linker command failed with exit code 1 (use -v to see invocation)
configure:14844: $? = 1
configure: failed program was:
| #define STDC_HEADERS 1
| #define HAVE_SYS_TYPES_H 1
| #define HAVE_SYS_STAT_H 1
| #define HAVE_STDLIB_H 1
| #define HAVE_STRING_H 1
| #define HAVE_MEMORY_H 1
| #define HAVE_STRINGS_H 1
| #define HAVE_INTTYPES_H 1
| #define HAVE_STDINT_H 1
| #define HAVE_UNISTD_H 1
| #define HAVE_DLFCN_H 1
| #define LT_OBJDIR ".libs/"
| #define LT_MODULE_EXT ".so"
| #define LT_MODULE_PATH_VAR "LD_LIBRARY_PATH"
| #define LT_DLSEARCH_PATH "/lib:/usr/lib:/usr/lib/x86_64-linux-gnu/libfakeroot:/usr/local/lib:/lib/x86_64-linux-gnu:/usr/lib/x86_64-linux-gnu"
| #define HAVE_LIBDL 1
| #define HAVE_DLERROR 1
| #define HAVE_LIBDLLOADER 1
| #define HAVE_ARGZ_H 1
| #define HAVE_ERROR_T 1
| #define HAVE_ARGZ_ADD 1
| #define HAVE_ARGZ_APPEND 1
| #define HAVE_ARGZ_COUNT 1
| #define HAVE_ARGZ_CREATE_SEP 1
| #define HAVE_ARGZ_INSERT 1
| #define HAVE_ARGZ_NEXT 1
| #define HAVE_ARGZ_STRINGIFY 1
| #define HAVE_WORKING_ARGZ 1
| #define HAVE_PRELOADED_SYMBOLS 1
| #define HAVE_LTDL 1
| #define HAVE_UNISTD_H 1
| #define HAVE_DIRENT_H 1
| #define HAVE_CLOSEDIR 1
| #define HAVE_OPENDIR 1
| #define HAVE_READDIR 1
| #define LT_LIBEXT "a"
| #define LT_LIBPREFIX "lib"
| #define HAVE_EXPECT 1
| #define USERDB "/etc/courier/userdb"
| #define HAVE_STDIO_H 1
| #define HAVE_SECURITY_PAM_APPL_H 1
| #define HAVE_PAM_SETCRED 1
| #define HAVE_LBER_H 1
| #define HAVE_LDAP_H 1
| #define HAVE_NETINET_IN_H 1
| #define HAVE_LDAP_TLS 1
| #define HAVE_LDAP_RESULT2ERROR 1
| #define HAVE_LDAP_PARSE_RESULT 1
| #define HAVE_ENDPWENT 1
| #define HAVE_SHADOW_H 1
| /* end confdefs.h.  */
| 
| /* Override any GCC internal prototype to avoid an error.
|    Use char because int might match the return type of a GCC
|    builtin and then its argument prototype would still apply.  */
| #ifdef __cplusplus
| extern "C"
| #endif
| char getspent ();
| int
| main ()
| {
| return getspent ();
|   ;
|   return 0;
| }
configure:14853: result: no
configure:14862: checking for endspent
configure:14862: gcc -o conftest -g -O2 -fdebug-prefix-map=/<<PKGBUILDDIR>>=. -fstack-protector-strong -Wformat -Werror=format-security -Wall -Ilibs -I./libs -Wdate-time -D_FORTIFY_SOURCE=2 -Wl,-z,relro conftest.c  >&5
configure:14862: $? = 0
configure:14862: result: yes
configure:14862: checking for getspent
configure:14862: gcc -o conftest -g -O2 -fdebug-prefix-map=/<<PKGBUILDDIR>>=. -fstack-protector-strong -Wformat -Werror=format-security -Wall -Ilibs -I./libs -Wdate-time -D_FORTIFY_SOURCE=2 -Wl,-z,relro conftest.c  >&5
configure:14862: $? = 0
configure:14862: result: yes
configure:14973: checking for pg_config
configure:14991: found /usr/bin/pg_config
configure:15003: result: /usr/bin/pg_config
configure:15061: checking for PQsetdbLogin
configure:15061: gcc -o conftest -g -O2 -fdebug-prefix-map=/<<PKGBUILDDIR>>=. -fstack-protector-strong -Wformat -Werror=format-security -Wall -Ilibs -I./libs -Wdate-time -D_FORTIFY_SOURCE=2 -Wl,-z,relro conftest.c -L/usr/lib -lpq  >&5
configure:15061: $? = 0
configure:15061: result: yes
configure:15124: checking for mysql_config
configure:15142: found /usr/bin/mysql_config
configure:15154: result: /usr/bin/mysql_config
configure:15201: checking for mysql_connect
configure:15201: gcc -o conftest -I/usr/include/postgresql -g -O2 -fdebug-prefix-map=/<<PKGBUILDDIR>>=. -fstack-protector-strong -Wformat -Werror=format-security -Wall -Ilibs -I./libs -Wdate-time -D_FORTIFY_SOURCE=2 -Wl,-z,relro conftest.c -L/usr/lib/x86_64-linux-gnu -lmysqlclient -lpthread -lz -lm -ldl  >&5
/tmp/conftest-97097d.o: In function `main':
./conftest.c:88: undefined reference to `mysql_connect'
clang: error: linker command failed with exit code 1 (use -v to see invocation)
configure:15201: $? = 1
configure: failed program was:
| #define STDC_HEADERS 1
| #define HAVE_SYS_TYPES_H 1
| #define HAVE_SYS_STAT_H 1
| #define HAVE_STDLIB_H 1
| #define HAVE_STRING_H 1
| #define HAVE_MEMORY_H 1
| #define HAVE_STRINGS_H 1
| #define HAVE_INTTYPES_H 1
| #define HAVE_STDINT_H 1
| #define HAVE_UNISTD_H 1
| #define HAVE_DLFCN_H 1
| #define LT_OBJDIR ".libs/"
| #define LT_MODULE_EXT ".so"
| #define LT_MODULE_PATH_VAR "LD_LIBRARY_PATH"
| #define LT_DLSEARCH_PATH "/lib:/usr/lib:/usr/lib/x86_64-linux-gnu/libfakeroot:/usr/local/lib:/lib/x86_64-linux-gnu:/usr/lib/x86_64-linux-gnu"
| #define HAVE_LIBDL 1
| #define HAVE_DLERROR 1
| #define HAVE_LIBDLLOADER 1
| #define HAVE_ARGZ_H 1
| #define HAVE_ERROR_T 1
| #define HAVE_ARGZ_ADD 1
| #define HAVE_ARGZ_APPEND 1
| #define HAVE_ARGZ_COUNT 1
| #define HAVE_ARGZ_CREATE_SEP 1
| #define HAVE_ARGZ_INSERT 1
| #define HAVE_ARGZ_NEXT 1
| #define HAVE_ARGZ_STRINGIFY 1
| #define HAVE_WORKING_ARGZ 1
| #define HAVE_PRELOADED_SYMBOLS 1
| #define HAVE_LTDL 1
| #define HAVE_UNISTD_H 1
| #define HAVE_DIRENT_H 1
| #define HAVE_CLOSEDIR 1
| #define HAVE_OPENDIR 1
| #define HAVE_READDIR 1
| #define LT_LIBEXT "a"
| #define LT_LIBPREFIX "lib"
| #define HAVE_EXPECT 1
| #define USERDB "/etc/courier/userdb"
| #define HAVE_STDIO_H 1
| #define HAVE_SECURITY_PAM_APPL_H 1
| #define HAVE_PAM_SETCRED 1
| #define HAVE_LBER_H 1
| #define HAVE_LDAP_H 1
| #define HAVE_NETINET_IN_H 1
| #define HAVE_LDAP_TLS 1
| #define HAVE_LDAP_RESULT2ERROR 1
| #define HAVE_LDAP_PARSE_RESULT 1
| #define HAVE_ENDPWENT 1
| #define HAVE_SHADOW_H 1
| #define HAVE_ENDSPENT 1
| #define HAVE_GETSPENT 1
| /* end confdefs.h.  */
| /* Define mysql_connect to an innocuous variant, in case <limits.h> declares mysql_connect.
|    For example, HP-UX 11i <limits.h> declares gettimeofday.  */
| #define mysql_connect innocuous_mysql_connect
| 
| /* System header to define __stub macros and hopefully few prototypes,
|     which can conflict with char mysql_connect (); below.
|     Prefer <limits.h> to <assert.h> if __STDC__ is defined, since
|     <limits.h> exists even on freestanding compilers.  */
| 
| #ifdef __STDC__
| # include <limits.h>
| #else
| # include <assert.h>
| #endif
| 
| #undef mysql_connect
| 
| /* Override any GCC internal prototype to avoid an error.
|    Use char because int might match the return type of a GCC
|    builtin and then its argument prototype would still apply.  */
| #ifdef __cplusplus
| extern "C"
| #endif
| char mysql_connect ();
| /* The GNU C library defines this for functions which it implements
|     to always fail with ENOSYS.  Some functions are actually named
|     something starting with __ and the normal name is an alias.  */
| #if defined __stub_mysql_connect || defined __stub___mysql_connect
| choke me
| #endif
| 
| int
| main ()
| {
| return mysql_connect ();
|   ;
|   return 0;
| }
configure:15201: result: no
configure:15207: checking for mysql_real_connect
configure:15207: gcc -o conftest -I/usr/include/postgresql -g -O2 -fdebug-prefix-map=/<<PKGBUILDDIR>>=. -fstack-protector-strong -Wformat -Werror=format-security -Wall -Ilibs -I./libs -Wdate-time -D_FORTIFY_SOURCE=2 -Wl,-z,relro conftest.c -L/usr/lib/x86_64-linux-gnu -lmysqlclient -lpthread -lz -lm -ldl  >&5
configure:15207: $? = 0
configure:15207: result: yes
configure:15276: checking for sqlite3_version
configure:15276: gcc -o conftest -I/usr/include/mysql -g -g -fabi-version=2 -fno-omit-frame-pointer -fno-strict-aliasing -I/usr/include/postgresql -g -O2 -fdebug-prefix-map=/<<PKGBUILDDIR>>=. -fstack-protector-strong -Wformat -Werror=format-security -Wall -Ilibs -I./libs -Wdate-time -D_FORTIFY_SOURCE=2 -Wl,-z,relro conftest.c -lsqlite3  >&5
clang: error: unknown argument: '-fabi-version=2'
configure:15276: $? = 1
configure: failed program was:
| #define STDC_HEADERS 1
| #define HAVE_SYS_TYPES_H 1
| #define HAVE_SYS_STAT_H 1
| #define HAVE_STDLIB_H 1
| #define HAVE_STRING_H 1
| #define HAVE_MEMORY_H 1
| #define HAVE_STRINGS_H 1
| #define HAVE_INTTYPES_H 1
| #define HAVE_STDINT_H 1
| #define HAVE_UNISTD_H 1
| #define HAVE_DLFCN_H 1
| #define LT_OBJDIR ".libs/"
| #define LT_MODULE_EXT ".so"
| #define LT_MODULE_PATH_VAR "LD_LIBRARY_PATH"
| #define LT_DLSEARCH_PATH "/lib:/usr/lib:/usr/lib/x86_64-linux-gnu/libfakeroot:/usr/local/lib:/lib/x86_64-linux-gnu:/usr/lib/x86_64-linux-gnu"
| #define HAVE_LIBDL 1
| #define HAVE_DLERROR 1
| #define HAVE_LIBDLLOADER 1
| #define HAVE_ARGZ_H 1
| #define HAVE_ERROR_T 1
| #define HAVE_ARGZ_ADD 1
| #define HAVE_ARGZ_APPEND 1
| #define HAVE_ARGZ_COUNT 1
| #define HAVE_ARGZ_CREATE_SEP 1
| #define HAVE_ARGZ_INSERT 1
| #define HAVE_ARGZ_NEXT 1
| #define HAVE_ARGZ_STRINGIFY 1
| #define HAVE_WORKING_ARGZ 1
| #define HAVE_PRELOADED_SYMBOLS 1
| #define HAVE_LTDL 1
| #define HAVE_UNISTD_H 1
| #define HAVE_DIRENT_H 1
| #define HAVE_CLOSEDIR 1
| #define HAVE_OPENDIR 1
| #define HAVE_READDIR 1
| #define LT_LIBEXT "a"
| #define LT_LIBPREFIX "lib"
| #define HAVE_EXPECT 1
| #define USERDB "/etc/courier/userdb"
| #define HAVE_STDIO_H 1
| #define HAVE_SECURITY_PAM_APPL_H 1
| #define HAVE_PAM_SETCRED 1
| #define HAVE_LBER_H 1
| #define HAVE_LDAP_H 1
| #define HAVE_NETINET_IN_H 1
| #define HAVE_LDAP_TLS 1
| #define HAVE_LDAP_RESULT2ERROR 1
| #define HAVE_LDAP_PARSE_RESULT 1
| #define HAVE_ENDPWENT 1
| #define HAVE_SHADOW_H 1
| #define HAVE_ENDSPENT 1
| #define HAVE_GETSPENT 1
| /* end confdefs.h.  */
| /* Define sqlite3_version to an innocuous variant, in case <limits.h> declares sqlite3_version.
|    For example, HP-UX 11i <limits.h> declares gettimeofday.  */
| #define sqlite3_version innocuous_sqlite3_version
| 
| /* System header to define __stub macros and hopefully few prototypes,
|     which can conflict with char sqlite3_version (); below.
|     Prefer <limits.h> to <assert.h> if __STDC__ is defined, since
|     <limits.h> exists even on freestanding compilers.  */
| 
| #ifdef __STDC__
| # include <limits.h>
| #else
| # include <assert.h>
| #endif
| 
| #undef sqlite3_version
| 
| /* Override any GCC internal prototype to avoid an error.
|    Use char because int might match the return type of a GCC
|    builtin and then its argument prototype would still apply.  */
| #ifdef __cplusplus
| extern "C"
| #endif
| char sqlite3_version ();
| /* The GNU C library defines this for functions which it implements
|     to always fail with ENOSYS.  Some functions are actually named
|     something starting with __ and the normal name is an alias.  */
| #if defined __stub_sqlite3_version || defined __stub___sqlite3_version
| choke me
| #endif
| 
| int
| main ()
| {
| return sqlite3_version ();
|   ;
|   return 0;
| }
configure:15276: result: no
configure:15392: checking for ANSI C header files
configure:15496: result: yes
configure:15504: checking for sys/wait.h that is POSIX.1 compatible
configure:15530: gcc -c -I/usr/include/mysql -g -g -fabi-version=2 -fno-omit-frame-pointer -fno-strict-aliasing -I/usr/include/postgresql -g -O2 -fdebug-prefix-map=/<<PKGBUILDDIR>>=. -fstack-protector-strong -Wformat -Werror=format-security -Wall -Ilibs -I./libs -Wdate-time -D_FORTIFY_SOURCE=2 conftest.c >&5
clang: error: unknown argument: '-fabi-version=2'
configure:15530: $? = 1
configure: failed program was:
| #define STDC_HEADERS 1
| #define HAVE_SYS_TYPES_H 1
| #define HAVE_SYS_STAT_H 1
| #define HAVE_STDLIB_H 1
| #define HAVE_STRING_H 1
| #define HAVE_MEMORY_H 1
| #define HAVE_STRINGS_H 1
| #define HAVE_INTTYPES_H 1
| #define HAVE_STDINT_H 1
| #define HAVE_UNISTD_H 1
| #define HAVE_DLFCN_H 1
| #define LT_OBJDIR ".libs/"
| #define LT_MODULE_EXT ".so"
| #define LT_MODULE_PATH_VAR "LD_LIBRARY_PATH"
| #define LT_DLSEARCH_PATH "/lib:/usr/lib:/usr/lib/x86_64-linux-gnu/libfakeroot:/usr/local/lib:/lib/x86_64-linux-gnu:/usr/lib/x86_64-linux-gnu"
| #define HAVE_LIBDL 1
| #define HAVE_DLERROR 1
| #define HAVE_LIBDLLOADER 1
| #define HAVE_ARGZ_H 1
| #define HAVE_ERROR_T 1
| #define HAVE_ARGZ_ADD 1
| #define HAVE_ARGZ_APPEND 1
| #define HAVE_ARGZ_COUNT 1
| #define HAVE_ARGZ_CREATE_SEP 1
| #define HAVE_ARGZ_INSERT 1
| #define HAVE_ARGZ_NEXT 1
| #define HAVE_ARGZ_STRINGIFY 1
| #define HAVE_WORKING_ARGZ 1
| #define HAVE_PRELOADED_SYMBOLS 1
| #define HAVE_LTDL 1
| #define HAVE_UNISTD_H 1
| #define HAVE_DIRENT_H 1
| #define HAVE_CLOSEDIR 1
| #define HAVE_OPENDIR 1
| #define HAVE_READDIR 1
| #define LT_LIBEXT "a"
| #define LT_LIBPREFIX "lib"
| #define HAVE_EXPECT 1
| #define USERDB "/etc/courier/userdb"
| #define HAVE_STDIO_H 1
| #define HAVE_SECURITY_PAM_APPL_H 1
| #define HAVE_PAM_SETCRED 1
| #define HAVE_LBER_H 1
| #define HAVE_LDAP_H 1
| #define HAVE_NETINET_IN_H 1
| #define HAVE_LDAP_TLS 1
| #define HAVE_LDAP_RESULT2ERROR 1
| #define HAVE_LDAP_PARSE_RESULT 1
| #define HAVE_ENDPWENT 1
| #define HAVE_SHADOW_H 1
| #define HAVE_ENDSPENT 1
| #define HAVE_GETSPENT 1
| #define STDC_HEADERS 1
| /* end confdefs.h.  */
| #include <sys/types.h>
| #include <sys/wait.h>
| #ifndef WEXITSTATUS
| # define WEXITSTATUS(stat_val) ((unsigned int) (stat_val) >> 8)
| #endif
| #ifndef WIFEXITED
| # define WIFEXITED(stat_val) (((stat_val) & 255) == 0)
| #endif
| 
| int
| main ()
| {
|   int s;
|   wait (&s);
|   s = WIFEXITED (s) ? WEXITSTATUS (s) : 1;
|   ;
|   return 0;
| }
configure:15537: result: no
configure:15548: checking for sys/stat.h
configure:15548: result: yes
configure:15548: checking sys/time.h usability
configure:15548: gcc -c -I/usr/include/mysql -g -g -fabi-version=2 -fno-omit-frame-pointer -fno-strict-aliasing -I/usr/include/postgresql -g -O2 -fdebug-prefix-map=/<<PKGBUILDDIR>>=. -fstack-protector-strong -Wformat -Werror=format-security -Wall -Ilibs -I./libs -Wdate-time -D_FORTIFY_SOURCE=2 conftest.c >&5
clang: error: unknown argument: '-fabi-version=2'
configure:15548: $? = 1
configure: failed program was:
| #define STDC_HEADERS 1
| #define HAVE_SYS_TYPES_H 1
| #define HAVE_SYS_STAT_H 1
| #define HAVE_STDLIB_H 1
| #define HAVE_STRING_H 1
| #define HAVE_MEMORY_H 1
| #define HAVE_STRINGS_H 1
| #define HAVE_INTTYPES_H 1
| #define HAVE_STDINT_H 1
| #define HAVE_UNISTD_H 1
| #define HAVE_DLFCN_H 1
| #define LT_OBJDIR ".libs/"
| #define LT_MODULE_EXT ".so"
| #define LT_MODULE_PATH_VAR "LD_LIBRARY_PATH"
| #define LT_DLSEARCH_PATH "/lib:/usr/lib:/usr/lib/x86_64-linux-gnu/libfakeroot:/usr/local/lib:/lib/x86_64-linux-gnu:/usr/lib/x86_64-linux-gnu"
| #define HAVE_LIBDL 1
| #define HAVE_DLERROR 1
| #define HAVE_LIBDLLOADER 1
| #define HAVE_ARGZ_H 1
| #define HAVE_ERROR_T 1
| #define HAVE_ARGZ_ADD 1
| #define HAVE_ARGZ_APPEND 1
| #define HAVE_ARGZ_COUNT 1
| #define HAVE_ARGZ_CREATE_SEP 1
| #define HAVE_ARGZ_INSERT 1
| #define HAVE_ARGZ_NEXT 1
| #define HAVE_ARGZ_STRINGIFY 1
| #define HAVE_WORKING_ARGZ 1
| #define HAVE_PRELOADED_SYMBOLS 1
| #define HAVE_LTDL 1
| #define HAVE_UNISTD_H 1
| #define HAVE_DIRENT_H 1
| #define HAVE_CLOSEDIR 1
| #define HAVE_OPENDIR 1
| #define HAVE_READDIR 1
| #define LT_LIBEXT "a"
| #define LT_LIBPREFIX "lib"
| #define HAVE_EXPECT 1
| #define USERDB "/etc/courier/userdb"
| #define HAVE_STDIO_H 1
| #define HAVE_SECURITY_PAM_APPL_H 1
| #define HAVE_PAM_SETCRED 1
| #define HAVE_LBER_H 1
| #define HAVE_LDAP_H 1
| #define HAVE_NETINET_IN_H 1
| #define HAVE_LDAP_TLS 1
| #define HAVE_LDAP_RESULT2ERROR 1
| #define HAVE_LDAP_PARSE_RESULT 1
| #define HAVE_ENDPWENT 1
| #define HAVE_SHADOW_H 1
| #define HAVE_ENDSPENT 1
| #define HAVE_GETSPENT 1
| #define STDC_HEADERS 1
| #define HAVE_SYS_STAT_H 1
| /* end confdefs.h.  */
| #include <stdio.h>
| #ifdef HAVE_SYS_TYPES_H
| # include <sys/types.h>
| #endif
| #ifdef HAVE_SYS_STAT_H
| # include <sys/stat.h>
| #endif
| #ifdef STDC_HEADERS
| # include <stdlib.h>
| # include <stddef.h>
| #else
| # ifdef HAVE_STDLIB_H
| #  include <stdlib.h>
| # endif
| #endif
| #ifdef HAVE_STRING_H
| # if !defined STDC_HEADERS && defined HAVE_MEMORY_H
| #  include <memory.h>
| # endif
| # include <string.h>
| #endif
| #ifdef HAVE_STRINGS_H
| # include <strings.h>
| #endif
| #ifdef HAVE_INTTYPES_H
| # include <inttypes.h>
| #endif
| #ifdef HAVE_STDINT_H
| # include <stdint.h>
| #endif
| #ifdef HAVE_UNISTD_H
| # include <unistd.h>
| #endif
| #include <sys/time.h>
configure:15548: result: no
configure:15548: checking sys/time.h presence
configure:15548: gcc -E -Wdate-time -D_FORTIFY_SOURCE=2 conftest.c
configure:15548: $? = 0
configure:15548: result: yes
configure:15548: WARNING: sys/time.h: present but cannot be compiled
configure:15548: WARNING: sys/time.h:     check for missing prerequisite headers?
configure:15548: WARNING: sys/time.h: see the Autoconf documentation
configure:15548: WARNING: sys/time.h:     section "Present But Cannot Be Compiled"
configure:15548: WARNING: sys/time.h: proceeding with the compiler's result
configure:15548: checking for sys/time.h
configure:15548: result: no
configure:15548: checking for sys/wait.h
configure:15548: result: no
configure:15548: checking sys/select.h usability
configure:15548: gcc -c -I/usr/include/mysql -g -g -fabi-version=2 -fno-omit-frame-pointer -fno-strict-aliasing -I/usr/include/postgresql -g -O2 -fdebug-prefix-map=/<<PKGBUILDDIR>>=. -fstack-protector-strong -Wformat -Werror=format-security -Wall -Ilibs -I./libs -Wdate-time -D_FORTIFY_SOURCE=2 conftest.c >&5
clang: error: unknown argument: '-fabi-version=2'
configure:15548: $? = 1
configure: failed program was:
| #define STDC_HEADERS 1
| #define HAVE_SYS_TYPES_H 1
| #define HAVE_SYS_STAT_H 1
| #define HAVE_STDLIB_H 1
| #define HAVE_STRING_H 1
| #define HAVE_MEMORY_H 1
| #define HAVE_STRINGS_H 1
| #define HAVE_INTTYPES_H 1
| #define HAVE_STDINT_H 1
| #define HAVE_UNISTD_H 1
| #define HAVE_DLFCN_H 1
| #define LT_OBJDIR ".libs/"
| #define LT_MODULE_EXT ".so"
| #define LT_MODULE_PATH_VAR "LD_LIBRARY_PATH"
| #define LT_DLSEARCH_PATH "/lib:/usr/lib:/usr/lib/x86_64-linux-gnu/libfakeroot:/usr/local/lib:/lib/x86_64-linux-gnu:/usr/lib/x86_64-linux-gnu"
| #define HAVE_LIBDL 1
| #define HAVE_DLERROR 1
| #define HAVE_LIBDLLOADER 1
| #define HAVE_ARGZ_H 1
| #define HAVE_ERROR_T 1
| #define HAVE_ARGZ_ADD 1
| #define HAVE_ARGZ_APPEND 1
| #define HAVE_ARGZ_COUNT 1
| #define HAVE_ARGZ_CREATE_SEP 1
| #define HAVE_ARGZ_INSERT 1
| #define HAVE_ARGZ_NEXT 1
| #define HAVE_ARGZ_STRINGIFY 1
| #define HAVE_WORKING_ARGZ 1
| #define HAVE_PRELOADED_SYMBOLS 1
| #define HAVE_LTDL 1
| #define HAVE_UNISTD_H 1
| #define HAVE_DIRENT_H 1
| #define HAVE_CLOSEDIR 1
| #define HAVE_OPENDIR 1
| #define HAVE_READDIR 1
| #define LT_LIBEXT "a"
| #define LT_LIBPREFIX "lib"
| #define HAVE_EXPECT 1
| #define USERDB "/etc/courier/userdb"
| #define HAVE_STDIO_H 1
| #define HAVE_SECURITY_PAM_APPL_H 1
| #define HAVE_PAM_SETCRED 1
| #define HAVE_LBER_H 1
| #define HAVE_LDAP_H 1
| #define HAVE_NETINET_IN_H 1
| #define HAVE_LDAP_TLS 1
| #define HAVE_LDAP_RESULT2ERROR 1
| #define HAVE_LDAP_PARSE_RESULT 1
| #define HAVE_ENDPWENT 1
| #define HAVE_SHADOW_H 1
| #define HAVE_ENDSPENT 1
| #define HAVE_GETSPENT 1
| #define STDC_HEADERS 1
| #define HAVE_SYS_STAT_H 1
| /* end confdefs.h.  */
| #include <stdio.h>
| #ifdef HAVE_SYS_TYPES_H
| # include <sys/types.h>
| #endif
| #ifdef HAVE_SYS_STAT_H
| # include <sys/stat.h>
| #endif
| #ifdef STDC_HEADERS
| # include <stdlib.h>
| # include <stddef.h>
| #else
| # ifdef HAVE_STDLIB_H
| #  include <stdlib.h>
| # endif
| #endif
| #ifdef HAVE_STRING_H
| # if !defined STDC_HEADERS && defined HAVE_MEMORY_H
| #  include <memory.h>
| # endif
| # include <string.h>
| #endif
| #ifdef HAVE_STRINGS_H
| # include <strings.h>
| #endif
| #ifdef HAVE_INTTYPES_H
| # include <inttypes.h>
| #endif
| #ifdef HAVE_STDINT_H
| # include <stdint.h>
| #endif
| #ifdef HAVE_UNISTD_H
| # include <unistd.h>
| #endif
| #include <sys/select.h>
configure:15548: result: no
configure:15548: checking sys/select.h presence
configure:15548: gcc -E -Wdate-time -D_FORTIFY_SOURCE=2 conftest.c
configure:15548: $? = 0
configure:15548: result: yes
configure:15548: WARNING: sys/select.h: present but cannot be compiled
configure:15548: WARNING: sys/select.h:     check for missing prerequisite headers?
configure:15548: WARNING: sys/select.h: see the Autoconf documentation
configure:15548: WARNING: sys/select.h:     section "Present But Cannot Be Compiled"
configure:15548: WARNING: sys/select.h: proceeding with the compiler's result
configure:15548: checking for sys/select.h
configure:15548: result: no
configure:15548: checking for unistd.h
configure:15548: result: yes
configure:15548: checking fcntl.h usability
configure:15548: gcc -c -I/usr/include/mysql -g -g -fabi-version=2 -fno-omit-frame-pointer -fno-strict-aliasing -I/usr/include/postgresql -g -O2 -fdebug-prefix-map=/<<PKGBUILDDIR>>=. -fstack-protector-strong -Wformat -Werror=format-security -Wall -Ilibs -I./libs -Wdate-time -D_FORTIFY_SOURCE=2 conftest.c >&5
clang: error: unknown argument: '-fabi-version=2'
configure:15548: $? = 1
configure: failed program was:
| #define STDC_HEADERS 1
| #define HAVE_SYS_TYPES_H 1
| #define HAVE_SYS_STAT_H 1
| #define HAVE_STDLIB_H 1
| #define HAVE_STRING_H 1
| #define HAVE_MEMORY_H 1
| #define HAVE_STRINGS_H 1
| #define HAVE_INTTYPES_H 1
| #define HAVE_STDINT_H 1
| #define HAVE_UNISTD_H 1
| #define HAVE_DLFCN_H 1
| #define LT_OBJDIR ".libs/"
| #define LT_MODULE_EXT ".so"
| #define LT_MODULE_PATH_VAR "LD_LIBRARY_PATH"
| #define LT_DLSEARCH_PATH "/lib:/usr/lib:/usr/lib/x86_64-linux-gnu/libfakeroot:/usr/local/lib:/lib/x86_64-linux-gnu:/usr/lib/x86_64-linux-gnu"
| #define HAVE_LIBDL 1
| #define HAVE_DLERROR 1
| #define HAVE_LIBDLLOADER 1
| #define HAVE_ARGZ_H 1
| #define HAVE_ERROR_T 1
| #define HAVE_ARGZ_ADD 1
| #define HAVE_ARGZ_APPEND 1
| #define HAVE_ARGZ_COUNT 1
| #define HAVE_ARGZ_CREATE_SEP 1
| #define HAVE_ARGZ_INSERT 1
| #define HAVE_ARGZ_NEXT 1
| #define HAVE_ARGZ_STRINGIFY 1
| #define HAVE_WORKING_ARGZ 1
| #define HAVE_PRELOADED_SYMBOLS 1
| #define HAVE_LTDL 1
| #define HAVE_UNISTD_H 1
| #define HAVE_DIRENT_H 1
| #define HAVE_CLOSEDIR 1
| #define HAVE_OPENDIR 1
| #define HAVE_READDIR 1
| #define LT_LIBEXT "a"
| #define LT_LIBPREFIX "lib"
| #define HAVE_EXPECT 1
| #define USERDB "/etc/courier/userdb"
| #define HAVE_STDIO_H 1
| #define HAVE_SECURITY_PAM_APPL_H 1
| #define HAVE_PAM_SETCRED 1
| #define HAVE_LBER_H 1
| #define HAVE_LDAP_H 1
| #define HAVE_NETINET_IN_H 1
| #define HAVE_LDAP_TLS 1
| #define HAVE_LDAP_RESULT2ERROR 1
| #define HAVE_LDAP_PARSE_RESULT 1
| #define HAVE_ENDPWENT 1
| #define HAVE_SHADOW_H 1
| #define HAVE_ENDSPENT 1
| #define HAVE_GETSPENT 1
| #define STDC_HEADERS 1
| #define HAVE_SYS_STAT_H 1
| #define HAVE_UNISTD_H 1
| /* end confdefs.h.  */
| #include <stdio.h>
| #ifdef HAVE_SYS_TYPES_H
| # include <sys/types.h>
| #endif
| #ifdef HAVE_SYS_STAT_H
| # include <sys/stat.h>
| #endif
| #ifdef STDC_HEADERS
| # include <stdlib.h>
| # include <stddef.h>
| #else
| # ifdef HAVE_STDLIB_H
| #  include <stdlib.h>
| # endif
| #endif
| #ifdef HAVE_STRING_H
| # if !defined STDC_HEADERS && defined HAVE_MEMORY_H
| #  include <memory.h>
| # endif
| # include <string.h>
| #endif
| #ifdef HAVE_STRINGS_H
| # include <strings.h>
| #endif
| #ifdef HAVE_INTTYPES_H
| # include <inttypes.h>
| #endif
| #ifdef HAVE_STDINT_H
| # include <stdint.h>
| #endif
| #ifdef HAVE_UNISTD_H
| # include <unistd.h>
| #endif
| #include <fcntl.h>
configure:15548: result: no
configure:15548: checking fcntl.h presence
configure:15548: gcc -E -Wdate-time -D_FORTIFY_SOURCE=2 conftest.c
configure:15548: $? = 0
configure:15548: result: yes
configure:15548: WARNING: fcntl.h: present but cannot be compiled
configure:15548: WARNING: fcntl.h:     check for missing prerequisite headers?
configure:15548: WARNING: fcntl.h: see the Autoconf documentation
configure:15548: WARNING: fcntl.h:     section "Present But Cannot Be Compiled"
configure:15548: WARNING: fcntl.h: proceeding with the compiler's result
configure:15548: checking for fcntl.h
configure:15548: result: no
configure:15548: checking crypt.h usability
configure:15548: gcc -c -I/usr/include/mysql -g -g -fabi-version=2 -fno-omit-frame-pointer -fno-strict-aliasing -I/usr/include/postgresql -g -O2 -fdebug-prefix-map=/<<PKGBUILDDIR>>=. -fstack-protector-strong -Wformat -Werror=format-security -Wall -Ilibs -I./libs -Wdate-time -D_FORTIFY_SOURCE=2 conftest.c >&5
clang: error: unknown argument: '-fabi-version=2'
configure:15548: $? = 1
configure: failed program was:
| #define STDC_HEADERS 1
| #define HAVE_SYS_TYPES_H 1
| #define HAVE_SYS_STAT_H 1
| #define HAVE_STDLIB_H 1
| #define HAVE_STRING_H 1
| #define HAVE_MEMORY_H 1
| #define HAVE_STRINGS_H 1
| #define HAVE_INTTYPES_H 1
| #define HAVE_STDINT_H 1
| #define HAVE_UNISTD_H 1
| #define HAVE_DLFCN_H 1
| #define LT_OBJDIR ".libs/"
| #define LT_MODULE_EXT ".so"
| #define LT_MODULE_PATH_VAR "LD_LIBRARY_PATH"
| #define LT_DLSEARCH_PATH "/lib:/usr/lib:/usr/lib/x86_64-linux-gnu/libfakeroot:/usr/local/lib:/lib/x86_64-linux-gnu:/usr/lib/x86_64-linux-gnu"
| #define HAVE_LIBDL 1
| #define HAVE_DLERROR 1
| #define HAVE_LIBDLLOADER 1
| #define HAVE_ARGZ_H 1
| #define HAVE_ERROR_T 1
| #define HAVE_ARGZ_ADD 1
| #define HAVE_ARGZ_APPEND 1
| #define HAVE_ARGZ_COUNT 1
| #define HAVE_ARGZ_CREATE_SEP 1
| #define HAVE_ARGZ_INSERT 1
| #define HAVE_ARGZ_NEXT 1
| #define HAVE_ARGZ_STRINGIFY 1
| #define HAVE_WORKING_ARGZ 1
| #define HAVE_PRELOADED_SYMBOLS 1
| #define HAVE_LTDL 1
| #define HAVE_UNISTD_H 1
| #define HAVE_DIRENT_H 1
| #define HAVE_CLOSEDIR 1
| #define HAVE_OPENDIR 1
| #define HAVE_READDIR 1
| #define LT_LIBEXT "a"
| #define LT_LIBPREFIX "lib"
| #define HAVE_EXPECT 1
| #define USERDB "/etc/courier/userdb"
| #define HAVE_STDIO_H 1
| #define HAVE_SECURITY_PAM_APPL_H 1
| #define HAVE_PAM_SETCRED 1
| #define HAVE_LBER_H 1
| #define HAVE_LDAP_H 1
| #define HAVE_NETINET_IN_H 1
| #define HAVE_LDAP_TLS 1
| #define HAVE_LDAP_RESULT2ERROR 1
| #define HAVE_LDAP_PARSE_RESULT 1
| #define HAVE_ENDPWENT 1
| #define HAVE_SHADOW_H 1
| #define HAVE_ENDSPENT 1
| #define HAVE_GETSPENT 1
| #define STDC_HEADERS 1
| #define HAVE_SYS_STAT_H 1
| #define HAVE_UNISTD_H 1
| /* end confdefs.h.  */
| #include <stdio.h>
| #ifdef HAVE_SYS_TYPES_H
| # include <sys/types.h>
| #endif
| #ifdef HAVE_SYS_STAT_H
| # include <sys/stat.h>
| #endif
| #ifdef STDC_HEADERS
| # include <stdlib.h>
| # include <stddef.h>
| #else
| # ifdef HAVE_STDLIB_H
| #  include <stdlib.h>
| # endif
| #endif
| #ifdef HAVE_STRING_H
| # if !defined STDC_HEADERS && defined HAVE_MEMORY_H
| #  include <memory.h>
| # endif
| # include <string.h>
| #endif
| #ifdef HAVE_STRINGS_H
| # include <strings.h>
| #endif
| #ifdef HAVE_INTTYPES_H
| # include <inttypes.h>
| #endif
| #ifdef HAVE_STDINT_H
| # include <stdint.h>
| #endif
| #ifdef HAVE_UNISTD_H
| # include <unistd.h>
| #endif
| #include <crypt.h>
configure:15548: result: no
configure:15548: checking crypt.h presence
configure:15548: gcc -E -Wdate-time -D_FORTIFY_SOURCE=2 conftest.c
configure:15548: $? = 0
configure:15548: result: yes
configure:15548: WARNING: crypt.h: present but cannot be compiled
configure:15548: WARNING: crypt.h:     check for missing prerequisite headers?
configure:15548: WARNING: crypt.h: see the Autoconf documentation
configure:15548: WARNING: crypt.h:     section "Present But Cannot Be Compiled"
configure:15548: WARNING: crypt.h: proceeding with the compiler's result
configure:15548: checking for crypt.h
configure:15548: result: no
configure:15548: checking termios.h usability
configure:15548: gcc -c -I/usr/include/mysql -g -g -fabi-version=2 -fno-omit-frame-pointer -fno-strict-aliasing -I/usr/include/postgresql -g -O2 -fdebug-prefix-map=/<<PKGBUILDDIR>>=. -fstack-protector-strong -Wformat -Werror=format-security -Wall -Ilibs -I./libs -Wdate-time -D_FORTIFY_SOURCE=2 conftest.c >&5
clang: error: unknown argument: '-fabi-version=2'
configure:15548: $? = 1
configure: failed program was:
| #define STDC_HEADERS 1
| #define HAVE_SYS_TYPES_H 1
| #define HAVE_SYS_STAT_H 1
| #define HAVE_STDLIB_H 1
| #define HAVE_STRING_H 1
| #define HAVE_MEMORY_H 1
| #define HAVE_STRINGS_H 1
| #define HAVE_INTTYPES_H 1
| #define HAVE_STDINT_H 1
| #define HAVE_UNISTD_H 1
| #define HAVE_DLFCN_H 1
| #define LT_OBJDIR ".libs/"
| #define LT_MODULE_EXT ".so"
| #define LT_MODULE_PATH_VAR "LD_LIBRARY_PATH"
| #define LT_DLSEARCH_PATH "/lib:/usr/lib:/usr/lib/x86_64-linux-gnu/libfakeroot:/usr/local/lib:/lib/x86_64-linux-gnu:/usr/lib/x86_64-linux-gnu"
| #define HAVE_LIBDL 1
| #define HAVE_DLERROR 1
| #define HAVE_LIBDLLOADER 1
| #define HAVE_ARGZ_H 1
| #define HAVE_ERROR_T 1
| #define HAVE_ARGZ_ADD 1
| #define HAVE_ARGZ_APPEND 1
| #define HAVE_ARGZ_COUNT 1
| #define HAVE_ARGZ_CREATE_SEP 1
| #define HAVE_ARGZ_INSERT 1
| #define HAVE_ARGZ_NEXT 1
| #define HAVE_ARGZ_STRINGIFY 1
| #define HAVE_WORKING_ARGZ 1
| #define HAVE_PRELOADED_SYMBOLS 1
| #define HAVE_LTDL 1
| #define HAVE_UNISTD_H 1
| #define HAVE_DIRENT_H 1
| #define HAVE_CLOSEDIR 1
| #define HAVE_OPENDIR 1
| #define HAVE_READDIR 1
| #define LT_LIBEXT "a"
| #define LT_LIBPREFIX "lib"
| #define HAVE_EXPECT 1
| #define USERDB "/etc/courier/userdb"
| #define HAVE_STDIO_H 1
| #define HAVE_SECURITY_PAM_APPL_H 1
| #define HAVE_PAM_SETCRED 1
| #define HAVE_LBER_H 1
| #define HAVE_LDAP_H 1
| #define HAVE_NETINET_IN_H 1
| #define HAVE_LDAP_TLS 1
| #define HAVE_LDAP_RESULT2ERROR 1
| #define HAVE_LDAP_PARSE_RESULT 1
| #define HAVE_ENDPWENT 1
| #define HAVE_SHADOW_H 1
| #define HAVE_ENDSPENT 1
| #define HAVE_GETSPENT 1
| #define STDC_HEADERS 1
| #define HAVE_SYS_STAT_H 1
| #define HAVE_UNISTD_H 1
| /* end confdefs.h.  */
| #include <stdio.h>
| #ifdef HAVE_SYS_TYPES_H
| # include <sys/types.h>
| #endif
| #ifdef HAVE_SYS_STAT_H
| # include <sys/stat.h>
| #endif
| #ifdef STDC_HEADERS
| # include <stdlib.h>
| # include <stddef.h>
| #else
| # ifdef HAVE_STDLIB_H
| #  include <stdlib.h>
| # endif
| #endif
| #ifdef HAVE_STRING_H
| # if !defined STDC_HEADERS && defined HAVE_MEMORY_H
| #  include <memory.h>
| # endif
| # include <string.h>
| #endif
| #ifdef HAVE_STRINGS_H
| # include <strings.h>
| #endif
| #ifdef HAVE_INTTYPES_H
| # include <inttypes.h>
| #endif
| #ifdef HAVE_STDINT_H
| # include <stdint.h>
| #endif
| #ifdef HAVE_UNISTD_H
| # include <unistd.h>
| #endif
| #include <termios.h>
configure:15548: result: no
configure:15548: checking termios.h presence
configure:15548: gcc -E -Wdate-time -D_FORTIFY_SOURCE=2 conftest.c
configure:15548: $? = 0
configure:15548: result: yes
configure:15548: WARNING: termios.h: present but cannot be compiled
configure:15548: WARNING: termios.h:     check for missing prerequisite headers?
configure:15548: WARNING: termios.h: see the Autoconf documentation
configure:15548: WARNING: termios.h:     section "Present But Cannot Be Compiled"
configure:15548: WARNING: termios.h: proceeding with the compiler's result
configure:15548: checking for termios.h
configure:15548: result: no
configure:15559: checking for an ANSI C-conforming const
configure:15625: gcc -c -I/usr/include/mysql -g -g -fabi-version=2 -fno-omit-frame-pointer -fno-strict-aliasing -I/usr/include/postgresql -g -O2 -fdebug-prefix-map=/<<PKGBUILDDIR>>=. -fstack-protector-strong -Wformat -Werror=format-security -Wall -Ilibs -I./libs -Wdate-time -D_FORTIFY_SOURCE=2 conftest.c >&5
clang: error: unknown argument: '-fabi-version=2'
configure:15625: $? = 1
configure: failed program was:
| #define STDC_HEADERS 1
| #define HAVE_SYS_TYPES_H 1
| #define HAVE_SYS_STAT_H 1
| #define HAVE_STDLIB_H 1
| #define HAVE_STRING_H 1
| #define HAVE_MEMORY_H 1
| #define HAVE_STRINGS_H 1
| #define HAVE_INTTYPES_H 1
| #define HAVE_STDINT_H 1
| #define HAVE_UNISTD_H 1
| #define HAVE_DLFCN_H 1
| #define LT_OBJDIR ".libs/"
| #define LT_MODULE_EXT ".so"
| #define LT_MODULE_PATH_VAR "LD_LIBRARY_PATH"
| #define LT_DLSEARCH_PATH "/lib:/usr/lib:/usr/lib/x86_64-linux-gnu/libfakeroot:/usr/local/lib:/lib/x86_64-linux-gnu:/usr/lib/x86_64-linux-gnu"
| #define HAVE_LIBDL 1
| #define HAVE_DLERROR 1
| #define HAVE_LIBDLLOADER 1
| #define HAVE_ARGZ_H 1
| #define HAVE_ERROR_T 1
| #define HAVE_ARGZ_ADD 1
| #define HAVE_ARGZ_APPEND 1
| #define HAVE_ARGZ_COUNT 1
| #define HAVE_ARGZ_CREATE_SEP 1
| #define HAVE_ARGZ_INSERT 1
| #define HAVE_ARGZ_NEXT 1
| #define HAVE_ARGZ_STRINGIFY 1
| #define HAVE_WORKING_ARGZ 1
| #define HAVE_PRELOADED_SYMBOLS 1
| #define HAVE_LTDL 1
| #define HAVE_UNISTD_H 1
| #define HAVE_DIRENT_H 1
| #define HAVE_CLOSEDIR 1
| #define HAVE_OPENDIR 1
| #define HAVE_READDIR 1
| #define LT_LIBEXT "a"
| #define LT_LIBPREFIX "lib"
| #define HAVE_EXPECT 1
| #define USERDB "/etc/courier/userdb"
| #define HAVE_STDIO_H 1
| #define HAVE_SECURITY_PAM_APPL_H 1
| #define HAVE_PAM_SETCRED 1
| #define HAVE_LBER_H 1
| #define HAVE_LDAP_H 1
| #define HAVE_NETINET_IN_H 1
| #define HAVE_LDAP_TLS 1
| #define HAVE_LDAP_RESULT2ERROR 1
| #define HAVE_LDAP_PARSE_RESULT 1
| #define HAVE_ENDPWENT 1
| #define HAVE_SHADOW_H 1
| #define HAVE_ENDSPENT 1
| #define HAVE_GETSPENT 1
| #define STDC_HEADERS 1
| #define HAVE_SYS_STAT_H 1
| #define HAVE_UNISTD_H 1
| /* end confdefs.h.  */
| 
| int
| main ()
| {
| 
| #ifndef __cplusplus
|   /* Ultrix mips cc rejects this sort of thing.  */
|   typedef int charset[2];
|   const charset cs = { 0, 0 };
|   /* SunOS 4.1.1 cc rejects this.  */
|   char const *const *pcpcc;
|   char **ppc;
|   /* NEC SVR4.0.2 mips cc rejects this.  */
|   struct point {int x, y;};
|   static struct point const zero = {0,0};
|   /* AIX XL C 1.02.0.0 rejects this.
|      It does not let you subtract one const X* pointer from another in
|      an arm of an if-expression whose if-part is not a constant
|      expression */
|   const char *g = "string";
|   pcpcc = &g + (g ? g-g : 0);
|   /* HPUX 7.0 cc rejects these. */
|   ++pcpcc;
|   ppc = (char**) pcpcc;
|   pcpcc = (char const *const *) ppc;
|   { /* SCO 3.2v4 cc rejects this sort of thing.  */
|     char tx;
|     char *t = &tx;
|     char const *s = 0 ? (char *) 0 : (char const *) 0;
| 
|     *t++ = 0;
|     if (s) return 0;
|   }
|   { /* Someone thinks the Sun supposedly-ANSI compiler will reject this.  */
|     int x[] = {25, 17};
|     const int *foo = &x[0];
|     ++foo;
|   }
|   { /* Sun SC1.0 ANSI compiler rejects this -- but not the above. */
|     typedef const int *iptr;
|     iptr p = 0;
|     ++p;
|   }
|   { /* AIX XL C 1.02.0.0 rejects this sort of thing, saying
|        "k.c", line 2.27: 1506-025 (S) Operand must be a modifiable lvalue. */
|     struct s { int j; const int *ap[3]; } bx;
|     struct s *b = &bx; b->j = 5;
|   }
|   { /* ULTRIX-32 V3.1 (Rev 9) vcc rejects this */
|     const int foo = 10;
|     if (!foo) return 0;
|   }
|   return !cs[0] && !zero.x;
| #endif
| 
|   ;
|   return 0;
| }
configure:15632: result: no
configure:15640: checking for pid_t
configure:15640: gcc -c -I/usr/include/mysql -g -g -fabi-version=2 -fno-omit-frame-pointer -fno-strict-aliasing -I/usr/include/postgresql -g -O2 -fdebug-prefix-map=/<<PKGBUILDDIR>>=. -fstack-protector-strong -Wformat -Werror=format-security -Wall -Ilibs -I./libs -Wdate-time -D_FORTIFY_SOURCE=2 conftest.c >&5
clang: error: unknown argument: '-fabi-version=2'
configure:15640: $? = 1
configure: failed program was:
| #define STDC_HEADERS 1
| #define HAVE_SYS_TYPES_H 1
| #define HAVE_SYS_STAT_H 1
| #define HAVE_STDLIB_H 1
| #define HAVE_STRING_H 1
| #define HAVE_MEMORY_H 1
| #define HAVE_STRINGS_H 1
| #define HAVE_INTTYPES_H 1
| #define HAVE_STDINT_H 1
| #define HAVE_UNISTD_H 1
| #define HAVE_DLFCN_H 1
| #define LT_OBJDIR ".libs/"
| #define LT_MODULE_EXT ".so"
| #define LT_MODULE_PATH_VAR "LD_LIBRARY_PATH"
| #define LT_DLSEARCH_PATH "/lib:/usr/lib:/usr/lib/x86_64-linux-gnu/libfakeroot:/usr/local/lib:/lib/x86_64-linux-gnu:/usr/lib/x86_64-linux-gnu"
| #define HAVE_LIBDL 1
| #define HAVE_DLERROR 1
| #define HAVE_LIBDLLOADER 1
| #define HAVE_ARGZ_H 1
| #define HAVE_ERROR_T 1
| #define HAVE_ARGZ_ADD 1
| #define HAVE_ARGZ_APPEND 1
| #define HAVE_ARGZ_COUNT 1
| #define HAVE_ARGZ_CREATE_SEP 1
| #define HAVE_ARGZ_INSERT 1
| #define HAVE_ARGZ_NEXT 1
| #define HAVE_ARGZ_STRINGIFY 1
| #define HAVE_WORKING_ARGZ 1
| #define HAVE_PRELOADED_SYMBOLS 1
| #define HAVE_LTDL 1
| #define HAVE_UNISTD_H 1
| #define HAVE_DIRENT_H 1
| #define HAVE_CLOSEDIR 1
| #define HAVE_OPENDIR 1
| #define HAVE_READDIR 1
| #define LT_LIBEXT "a"
| #define LT_LIBPREFIX "lib"
| #define HAVE_EXPECT 1
| #define USERDB "/etc/courier/userdb"
| #define HAVE_STDIO_H 1
| #define HAVE_SECURITY_PAM_APPL_H 1
| #define HAVE_PAM_SETCRED 1
| #define HAVE_LBER_H 1
| #define HAVE_LDAP_H 1
| #define HAVE_NETINET_IN_H 1
| #define HAVE_LDAP_TLS 1
| #define HAVE_LDAP_RESULT2ERROR 1
| #define HAVE_LDAP_PARSE_RESULT 1
| #define HAVE_ENDPWENT 1
| #define HAVE_SHADOW_H 1
| #define HAVE_ENDSPENT 1
| #define HAVE_GETSPENT 1
| #define STDC_HEADERS 1
| #define HAVE_SYS_STAT_H 1
| #define HAVE_UNISTD_H 1
| #define const /**/
| /* end confdefs.h.  */
| #include <stdio.h>
| #ifdef HAVE_SYS_TYPES_H
| # include <sys/types.h>
| #endif
| #ifdef HAVE_SYS_STAT_H
| # include <sys/stat.h>
| #endif
| #ifdef STDC_HEADERS
| # include <stdlib.h>
| # include <stddef.h>
| #else
| # ifdef HAVE_STDLIB_H
| #  include <stdlib.h>
| # endif
| #endif
| #ifdef HAVE_STRING_H
| # if !defined STDC_HEADERS && defined HAVE_MEMORY_H
| #  include <memory.h>
| # endif
| # include <string.h>
| #endif
| #ifdef HAVE_STRINGS_H
| # include <strings.h>
| #endif
| #ifdef HAVE_INTTYPES_H
| # include <inttypes.h>
| #endif
| #ifdef HAVE_STDINT_H
| # include <stdint.h>
| #endif
| #ifdef HAVE_UNISTD_H
| # include <unistd.h>
| #endif
| int
| main ()
| {
| if (sizeof (pid_t))
| 	 return 0;
|   ;
|   return 0;
| }
configure:15640: result: no
configure:15651: checking for uid_t in sys/types.h
configure:15670: result: yes
configure:15684: checking for setsid
configure:15684: gcc -o conftest -I/usr/include/mysql -g -g -fabi-version=2 -fno-omit-frame-pointer -fno-strict-aliasing -I/usr/include/postgresql -g -O2 -fdebug-prefix-map=/<<PKGBUILDDIR>>=. -fstack-protector-strong -Wformat -Werror=format-security -Wall -Ilibs -I./libs -Wdate-time -D_FORTIFY_SOURCE=2 -Wl,-z,relro conftest.c  >&5
clang: error: unknown argument: '-fabi-version=2'
configure:15684: $? = 1
configure: failed program was:
| #define STDC_HEADERS 1
| #define HAVE_SYS_TYPES_H 1
| #define HAVE_SYS_STAT_H 1
| #define HAVE_STDLIB_H 1
| #define HAVE_STRING_H 1
| #define HAVE_MEMORY_H 1
| #define HAVE_STRINGS_H 1
| #define HAVE_INTTYPES_H 1
| #define HAVE_STDINT_H 1
| #define HAVE_UNISTD_H 1
| #define HAVE_DLFCN_H 1
| #define LT_OBJDIR ".libs/"
| #define LT_MODULE_EXT ".so"
| #define LT_MODULE_PATH_VAR "LD_LIBRARY_PATH"
| #define LT_DLSEARCH_PATH "/lib:/usr/lib:/usr/lib/x86_64-linux-gnu/libfakeroot:/usr/local/lib:/lib/x86_64-linux-gnu:/usr/lib/x86_64-linux-gnu"
| #define HAVE_LIBDL 1
| #define HAVE_DLERROR 1
| #define HAVE_LIBDLLOADER 1
| #define HAVE_ARGZ_H 1
| #define HAVE_ERROR_T 1
| #define HAVE_ARGZ_ADD 1
| #define HAVE_ARGZ_APPEND 1
| #define HAVE_ARGZ_COUNT 1
| #define HAVE_ARGZ_CREATE_SEP 1
| #define HAVE_ARGZ_INSERT 1
| #define HAVE_ARGZ_NEXT 1
| #define HAVE_ARGZ_STRINGIFY 1
| #define HAVE_WORKING_ARGZ 1
| #define HAVE_PRELOADED_SYMBOLS 1
| #define HAVE_LTDL 1
| #define HAVE_UNISTD_H 1
| #define HAVE_DIRENT_H 1
| #define HAVE_CLOSEDIR 1
| #define HAVE_OPENDIR 1
| #define HAVE_READDIR 1
| #define LT_LIBEXT "a"
| #define LT_LIBPREFIX "lib"
| #define HAVE_EXPECT 1
| #define USERDB "/etc/courier/userdb"
| #define HAVE_STDIO_H 1
| #define HAVE_SECURITY_PAM_APPL_H 1
| #define HAVE_PAM_SETCRED 1
| #define HAVE_LBER_H 1
| #define HAVE_LDAP_H 1
| #define HAVE_NETINET_IN_H 1
| #define HAVE_LDAP_TLS 1
| #define HAVE_LDAP_RESULT2ERROR 1
| #define HAVE_LDAP_PARSE_RESULT 1
| #define HAVE_ENDPWENT 1
| #define HAVE_SHADOW_H 1
| #define HAVE_ENDSPENT 1
| #define HAVE_GETSPENT 1
| #define STDC_HEADERS 1
| #define HAVE_SYS_STAT_H 1
| #define HAVE_UNISTD_H 1
| #define const /**/
| #define pid_t int
| /* end confdefs.h.  */
| /* Define setsid to an innocuous variant, in case <limits.h> declares setsid.
|    For example, HP-UX 11i <limits.h> declares gettimeofday.  */
| #define setsid innocuous_setsid
| 
| /* System header to define __stub macros and hopefully few prototypes,
|     which can conflict with char setsid (); below.
|     Prefer <limits.h> to <assert.h> if __STDC__ is defined, since
|     <limits.h> exists even on freestanding compilers.  */
| 
| #ifdef __STDC__
| # include <limits.h>
| #else
| # include <assert.h>
| #endif
| 
| #undef setsid
| 
| /* Override any GCC internal prototype to avoid an error.
|    Use char because int might match the return type of a GCC
|    builtin and then its argument prototype would still apply.  */
| #ifdef __cplusplus
| extern "C"
| #endif
| char setsid ();
| /* The GNU C library defines this for functions which it implements
|     to always fail with ENOSYS.  Some functions are actually named
|     something starting with __ and the normal name is an alias.  */
| #if defined __stub_setsid || defined __stub___setsid
| choke me
| #endif
| 
| int
| main ()
| {
| return setsid ();
|   ;
|   return 0;
| }
configure:15684: result: no
configure:15684: checking for setlogin
configure:15684: gcc -o conftest -I/usr/include/mysql -g -g -fabi-version=2 -fno-omit-frame-pointer -fno-strict-aliasing -I/usr/include/postgresql -g -O2 -fdebug-prefix-map=/<<PKGBUILDDIR>>=. -fstack-protector-strong -Wformat -Werror=format-security -Wall -Ilibs -I./libs -Wdate-time -D_FORTIFY_SOURCE=2 -Wl,-z,relro conftest.c  >&5
clang: error: unknown argument: '-fabi-version=2'
configure:15684: $? = 1
configure: failed program was:
| #define STDC_HEADERS 1
| #define HAVE_SYS_TYPES_H 1
| #define HAVE_SYS_STAT_H 1
| #define HAVE_STDLIB_H 1
| #define HAVE_STRING_H 1
| #define HAVE_MEMORY_H 1
| #define HAVE_STRINGS_H 1
| #define HAVE_INTTYPES_H 1
| #define HAVE_STDINT_H 1
| #define HAVE_UNISTD_H 1
| #define HAVE_DLFCN_H 1
| #define LT_OBJDIR ".libs/"
| #define LT_MODULE_EXT ".so"
| #define LT_MODULE_PATH_VAR "LD_LIBRARY_PATH"
| #define LT_DLSEARCH_PATH "/lib:/usr/lib:/usr/lib/x86_64-linux-gnu/libfakeroot:/usr/local/lib:/lib/x86_64-linux-gnu:/usr/lib/x86_64-linux-gnu"
| #define HAVE_LIBDL 1
| #define HAVE_DLERROR 1
| #define HAVE_LIBDLLOADER 1
| #define HAVE_ARGZ_H 1
| #define HAVE_ERROR_T 1
| #define HAVE_ARGZ_ADD 1
| #define HAVE_ARGZ_APPEND 1
| #define HAVE_ARGZ_COUNT 1
| #define HAVE_ARGZ_CREATE_SEP 1
| #define HAVE_ARGZ_INSERT 1
| #define HAVE_ARGZ_NEXT 1
| #define HAVE_ARGZ_STRINGIFY 1
| #define HAVE_WORKING_ARGZ 1
| #define HAVE_PRELOADED_SYMBOLS 1
| #define HAVE_LTDL 1
| #define HAVE_UNISTD_H 1
| #define HAVE_DIRENT_H 1
| #define HAVE_CLOSEDIR 1
| #define HAVE_OPENDIR 1
| #define HAVE_READDIR 1
| #define LT_LIBEXT "a"
| #define LT_LIBPREFIX "lib"
| #define HAVE_EXPECT 1
| #define USERDB "/etc/courier/userdb"
| #define HAVE_STDIO_H 1
| #define HAVE_SECURITY_PAM_APPL_H 1
| #define HAVE_PAM_SETCRED 1
| #define HAVE_LBER_H 1
| #define HAVE_LDAP_H 1
| #define HAVE_NETINET_IN_H 1
| #define HAVE_LDAP_TLS 1
| #define HAVE_LDAP_RESULT2ERROR 1
| #define HAVE_LDAP_PARSE_RESULT 1
| #define HAVE_ENDPWENT 1
| #define HAVE_SHADOW_H 1
| #define HAVE_ENDSPENT 1
| #define HAVE_GETSPENT 1
| #define STDC_HEADERS 1
| #define HAVE_SYS_STAT_H 1
| #define HAVE_UNISTD_H 1
| #define const /**/
| #define pid_t int
| /* end confdefs.h.  */
| /* Define setlogin to an innocuous variant, in case <limits.h> declares setlogin.
|    For example, HP-UX 11i <limits.h> declares gettimeofday.  */
| #define setlogin innocuous_setlogin
| 
| /* System header to define __stub macros and hopefully few prototypes,
|     which can conflict with char setlogin (); below.
|     Prefer <limits.h> to <assert.h> if __STDC__ is defined, since
|     <limits.h> exists even on freestanding compilers.  */
| 
| #ifdef __STDC__
| # include <limits.h>
| #else
| # include <assert.h>
| #endif
| 
| #undef setlogin
| 
| /* Override any GCC internal prototype to avoid an error.
|    Use char because int might match the return type of a GCC
|    builtin and then its argument prototype would still apply.  */
| #ifdef __cplusplus
| extern "C"
| #endif
| char setlogin ();
| /* The GNU C library defines this for functions which it implements
|     to always fail with ENOSYS.  Some functions are actually named
|     something starting with __ and the normal name is an alias.  */
| #if defined __stub_setlogin || defined __stub___setlogin
| choke me
| #endif
| 
| int
| main ()
| {
| return setlogin ();
|   ;
|   return 0;
| }
configure:15684: result: no
configure:15693: checking for crypt in -lcrypt
configure:15718: gcc -o conftest -I/usr/include/mysql -g -g -fabi-version=2 -fno-omit-frame-pointer -fno-strict-aliasing -I/usr/include/postgresql -g -O2 -fdebug-prefix-map=/<<PKGBUILDDIR>>=. -fstack-protector-strong -Wformat -Werror=format-security -Wall -Ilibs -I./libs -Wdate-time -D_FORTIFY_SOURCE=2 -Wl,-z,relro conftest.c -lcrypt   >&5
clang: error: unknown argument: '-fabi-version=2'
configure:15718: $? = 1
configure: failed program was:
| #define STDC_HEADERS 1
| #define HAVE_SYS_TYPES_H 1
| #define HAVE_SYS_STAT_H 1
| #define HAVE_STDLIB_H 1
| #define HAVE_STRING_H 1
| #define HAVE_MEMORY_H 1
| #define HAVE_STRINGS_H 1
| #define HAVE_INTTYPES_H 1
| #define HAVE_STDINT_H 1
| #define HAVE_UNISTD_H 1
| #define HAVE_DLFCN_H 1
| #define LT_OBJDIR ".libs/"
| #define LT_MODULE_EXT ".so"
| #define LT_MODULE_PATH_VAR "LD_LIBRARY_PATH"
| #define LT_DLSEARCH_PATH "/lib:/usr/lib:/usr/lib/x86_64-linux-gnu/libfakeroot:/usr/local/lib:/lib/x86_64-linux-gnu:/usr/lib/x86_64-linux-gnu"
| #define HAVE_LIBDL 1
| #define HAVE_DLERROR 1
| #define HAVE_LIBDLLOADER 1
| #define HAVE_ARGZ_H 1
| #define HAVE_ERROR_T 1
| #define HAVE_ARGZ_ADD 1
| #define HAVE_ARGZ_APPEND 1
| #define HAVE_ARGZ_COUNT 1
| #define HAVE_ARGZ_CREATE_SEP 1
| #define HAVE_ARGZ_INSERT 1
| #define HAVE_ARGZ_NEXT 1
| #define HAVE_ARGZ_STRINGIFY 1
| #define HAVE_WORKING_ARGZ 1
| #define HAVE_PRELOADED_SYMBOLS 1
| #define HAVE_LTDL 1
| #define HAVE_UNISTD_H 1
| #define HAVE_DIRENT_H 1
| #define HAVE_CLOSEDIR 1
| #define HAVE_OPENDIR 1
| #define HAVE_READDIR 1
| #define LT_LIBEXT "a"
| #define LT_LIBPREFIX "lib"
| #define HAVE_EXPECT 1
| #define USERDB "/etc/courier/userdb"
| #define HAVE_STDIO_H 1
| #define HAVE_SECURITY_PAM_APPL_H 1
| #define HAVE_PAM_SETCRED 1
| #define HAVE_LBER_H 1
| #define HAVE_LDAP_H 1
| #define HAVE_NETINET_IN_H 1
| #define HAVE_LDAP_TLS 1
| #define HAVE_LDAP_RESULT2ERROR 1
| #define HAVE_LDAP_PARSE_RESULT 1
| #define HAVE_ENDPWENT 1
| #define HAVE_SHADOW_H 1
| #define HAVE_ENDSPENT 1
| #define HAVE_GETSPENT 1
| #define STDC_HEADERS 1
| #define HAVE_SYS_STAT_H 1
| #define HAVE_UNISTD_H 1
| #define const /**/
| #define pid_t int
| /* end confdefs.h.  */
| 
| /* Override any GCC internal prototype to avoid an error.
|    Use char because int might match the return type of a GCC
|    builtin and then its argument prototype would still apply.  */
| #ifdef __cplusplus
| extern "C"
| #endif
| char crypt ();
| int
| main ()
| {
| return crypt ();
|   ;
|   return 0;
| }
configure:15727: result: no
configure:15735: checking for crypt
configure:15735: gcc -o conftest -I/usr/include/mysql -g -g -fabi-version=2 -fno-omit-frame-pointer -fno-strict-aliasing -I/usr/include/postgresql -g -O2 -fdebug-prefix-map=/<<PKGBUILDDIR>>=. -fstack-protector-strong -Wformat -Werror=format-security -Wall -Ilibs -I./libs -Wdate-time -D_FORTIFY_SOURCE=2 -Wl,-z,relro conftest.c   >&5
clang: error: unknown argument: '-fabi-version=2'
configure:15735: $? = 1
configure: failed program was:
| #define STDC_HEADERS 1
| #define HAVE_SYS_TYPES_H 1
| #define HAVE_SYS_STAT_H 1
| #define HAVE_STDLIB_H 1
| #define HAVE_STRING_H 1
| #define HAVE_MEMORY_H 1
| #define HAVE_STRINGS_H 1
| #define HAVE_INTTYPES_H 1
| #define HAVE_STDINT_H 1
| #define HAVE_UNISTD_H 1
| #define HAVE_DLFCN_H 1
| #define LT_OBJDIR ".libs/"
| #define LT_MODULE_EXT ".so"
| #define LT_MODULE_PATH_VAR "LD_LIBRARY_PATH"
| #define LT_DLSEARCH_PATH "/lib:/usr/lib:/usr/lib/x86_64-linux-gnu/libfakeroot:/usr/local/lib:/lib/x86_64-linux-gnu:/usr/lib/x86_64-linux-gnu"
| #define HAVE_LIBDL 1
| #define HAVE_DLERROR 1
| #define HAVE_LIBDLLOADER 1
| #define HAVE_ARGZ_H 1
| #define HAVE_ERROR_T 1
| #define HAVE_ARGZ_ADD 1
| #define HAVE_ARGZ_APPEND 1
| #define HAVE_ARGZ_COUNT 1
| #define HAVE_ARGZ_CREATE_SEP 1
| #define HAVE_ARGZ_INSERT 1
| #define HAVE_ARGZ_NEXT 1
| #define HAVE_ARGZ_STRINGIFY 1
| #define HAVE_WORKING_ARGZ 1
| #define HAVE_PRELOADED_SYMBOLS 1
| #define HAVE_LTDL 1
| #define HAVE_UNISTD_H 1
| #define HAVE_DIRENT_H 1
| #define HAVE_CLOSEDIR 1
| #define HAVE_OPENDIR 1
| #define HAVE_READDIR 1
| #define LT_LIBEXT "a"
| #define LT_LIBPREFIX "lib"
| #define HAVE_EXPECT 1
| #define USERDB "/etc/courier/userdb"
| #define HAVE_STDIO_H 1
| #define HAVE_SECURITY_PAM_APPL_H 1
| #define HAVE_PAM_SETCRED 1
| #define HAVE_LBER_H 1
| #define HAVE_LDAP_H 1
| #define HAVE_NETINET_IN_H 1
| #define HAVE_LDAP_TLS 1
| #define HAVE_LDAP_RESULT2ERROR 1
| #define HAVE_LDAP_PARSE_RESULT 1
| #define HAVE_ENDPWENT 1
| #define HAVE_SHADOW_H 1
| #define HAVE_ENDSPENT 1
| #define HAVE_GETSPENT 1
| #define STDC_HEADERS 1
| #define HAVE_SYS_STAT_H 1
| #define HAVE_UNISTD_H 1
| #define const /**/
| #define pid_t int
| /* end confdefs.h.  */
| /* Define crypt to an innocuous variant, in case <limits.h> declares crypt.
|    For example, HP-UX 11i <limits.h> declares gettimeofday.  */
| #define crypt innocuous_crypt
| 
| /* System header to define __stub macros and hopefully few prototypes,
|     which can conflict with char crypt (); below.
|     Prefer <limits.h> to <assert.h> if __STDC__ is defined, since
|     <limits.h> exists even on freestanding compilers.  */
| 
| #ifdef __STDC__
| # include <limits.h>
| #else
| # include <assert.h>
| #endif
| 
| #undef crypt
| 
| /* Override any GCC internal prototype to avoid an error.
|    Use char because int might match the return type of a GCC
|    builtin and then its argument prototype would still apply.  */
| #ifdef __cplusplus
| extern "C"
| #endif
| char crypt ();
| /* The GNU C library defines this for functions which it implements
|     to always fail with ENOSYS.  Some functions are actually named
|     something starting with __ and the normal name is an alias.  */
| #if defined __stub_crypt || defined __stub___crypt
| choke me
| #endif
| 
| int
| main ()
| {
| return crypt ();
|   ;
|   return 0;
| }
configure:15735: result: no
configure:15745: checking for crypt() prototype
configure:15770: gcc -c -I/usr/include/mysql -g -g -fabi-version=2 -fno-omit-frame-pointer -fno-strict-aliasing -I/usr/include/postgresql -g -O2 -fdebug-prefix-map=/<<PKGBUILDDIR>>=. -fstack-protector-strong -Wformat -Werror=format-security -Wall -Ilibs -I./libs -Wdate-time -D_FORTIFY_SOURCE=2 conftest.c >&5
clang: error: unknown argument: '-fabi-version=2'
configure:15770: $? = 1
configure: failed program was:
| #define STDC_HEADERS 1
| #define HAVE_SYS_TYPES_H 1
| #define HAVE_SYS_STAT_H 1
| #define HAVE_STDLIB_H 1
| #define HAVE_STRING_H 1
| #define HAVE_MEMORY_H 1
| #define HAVE_STRINGS_H 1
| #define HAVE_INTTYPES_H 1
| #define HAVE_STDINT_H 1
| #define HAVE_UNISTD_H 1
| #define HAVE_DLFCN_H 1
| #define LT_OBJDIR ".libs/"
| #define LT_MODULE_EXT ".so"
| #define LT_MODULE_PATH_VAR "LD_LIBRARY_PATH"
| #define LT_DLSEARCH_PATH "/lib:/usr/lib:/usr/lib/x86_64-linux-gnu/libfakeroot:/usr/local/lib:/lib/x86_64-linux-gnu:/usr/lib/x86_64-linux-gnu"
| #define HAVE_LIBDL 1
| #define HAVE_DLERROR 1
| #define HAVE_LIBDLLOADER 1
| #define HAVE_ARGZ_H 1
| #define HAVE_ERROR_T 1
| #define HAVE_ARGZ_ADD 1
| #define HAVE_ARGZ_APPEND 1
| #define HAVE_ARGZ_COUNT 1
| #define HAVE_ARGZ_CREATE_SEP 1
| #define HAVE_ARGZ_INSERT 1
| #define HAVE_ARGZ_NEXT 1
| #define HAVE_ARGZ_STRINGIFY 1
| #define HAVE_WORKING_ARGZ 1
| #define HAVE_PRELOADED_SYMBOLS 1
| #define HAVE_LTDL 1
| #define HAVE_UNISTD_H 1
| #define HAVE_DIRENT_H 1
| #define HAVE_CLOSEDIR 1
| #define HAVE_OPENDIR 1
| #define HAVE_READDIR 1
| #define LT_LIBEXT "a"
| #define LT_LIBPREFIX "lib"
| #define HAVE_EXPECT 1
| #define USERDB "/etc/courier/userdb"
| #define HAVE_STDIO_H 1
| #define HAVE_SECURITY_PAM_APPL_H 1
| #define HAVE_PAM_SETCRED 1
| #define HAVE_LBER_H 1
| #define HAVE_LDAP_H 1
| #define HAVE_NETINET_IN_H 1
| #define HAVE_LDAP_TLS 1
| #define HAVE_LDAP_RESULT2ERROR 1
| #define HAVE_LDAP_PARSE_RESULT 1
| #define HAVE_ENDPWENT 1
| #define HAVE_SHADOW_H 1
| #define HAVE_ENDSPENT 1
| #define HAVE_GETSPENT 1
| #define STDC_HEADERS 1
| #define HAVE_SYS_STAT_H 1
| #define HAVE_UNISTD_H 1
| #define const /**/
| #define pid_t int
| /* end confdefs.h.  */
| 
| 	       #if HAVE_CRYPT_H
|                #include <crypt.h>
|                #endif
| 	       #if HAVE_UNISTD_H
| 	       #include <unistd.h>
| 	       #endif
| 	       int crypt(int, int);
| 
| 
| int
| main ()
| {
| 
|   ;
|   return 0;
| }
configure:15779: result: 0
configure:15851: checking for mail userid
configure:15895: gcc -o conftest -I/usr/include/mysql -g -g -fabi-version=2 -fno-omit-frame-pointer -fno-strict-aliasing -I/usr/include/postgresql -g -O2 -fdebug-prefix-map=/<<PKGBUILDDIR>>=. -fstack-protector-strong -Wformat -Werror=format-security -Wall -Ilibs -I./libs -Wdate-time -D_FORTIFY_SOURCE=2 -Wl,-z,relro conftest.c  >&5
clang: error: unknown argument: '-fabi-version=2'
configure:15895: $? = 1
configure: program exited with status 1
configure: failed program was:
| #define STDC_HEADERS 1
| #define HAVE_SYS_TYPES_H 1
| #define HAVE_SYS_STAT_H 1
| #define HAVE_STDLIB_H 1
| #define HAVE_STRING_H 1
| #define HAVE_MEMORY_H 1
| #define HAVE_STRINGS_H 1
| #define HAVE_INTTYPES_H 1
| #define HAVE_STDINT_H 1
| #define HAVE_UNISTD_H 1
| #define HAVE_DLFCN_H 1
| #define LT_OBJDIR ".libs/"
| #define LT_MODULE_EXT ".so"
| #define LT_MODULE_PATH_VAR "LD_LIBRARY_PATH"
| #define LT_DLSEARCH_PATH "/lib:/usr/lib:/usr/lib/x86_64-linux-gnu/libfakeroot:/usr/local/lib:/lib/x86_64-linux-gnu:/usr/lib/x86_64-linux-gnu"
| #define HAVE_LIBDL 1
| #define HAVE_DLERROR 1
| #define HAVE_LIBDLLOADER 1
| #define HAVE_ARGZ_H 1
| #define HAVE_ERROR_T 1
| #define HAVE_ARGZ_ADD 1
| #define HAVE_ARGZ_APPEND 1
| #define HAVE_ARGZ_COUNT 1
| #define HAVE_ARGZ_CREATE_SEP 1
| #define HAVE_ARGZ_INSERT 1
| #define HAVE_ARGZ_NEXT 1
| #define HAVE_ARGZ_STRINGIFY 1
| #define HAVE_WORKING_ARGZ 1
| #define HAVE_PRELOADED_SYMBOLS 1
| #define HAVE_LTDL 1
| #define HAVE_UNISTD_H 1
| #define HAVE_DIRENT_H 1
| #define HAVE_CLOSEDIR 1
| #define HAVE_OPENDIR 1
| #define HAVE_READDIR 1
| #define LT_LIBEXT "a"
| #define LT_LIBPREFIX "lib"
| #define HAVE_EXPECT 1
| #define USERDB "/etc/courier/userdb"
| #define HAVE_STDIO_H 1
| #define HAVE_SECURITY_PAM_APPL_H 1
| #define HAVE_PAM_SETCRED 1
| #define HAVE_LBER_H 1
| #define HAVE_LDAP_H 1
| #define HAVE_NETINET_IN_H 1
| #define HAVE_LDAP_TLS 1
| #define HAVE_LDAP_RESULT2ERROR 1
| #define HAVE_LDAP_PARSE_RESULT 1
| #define HAVE_ENDPWENT 1
| #define HAVE_SHADOW_H 1
| #define HAVE_ENDSPENT 1
| #define HAVE_GETSPENT 1
| #define STDC_HEADERS 1
| #define HAVE_SYS_STAT_H 1
| #define HAVE_UNISTD_H 1
| #define const /**/
| #define pid_t int
| #define NEED_CRYPT_PROTOTYPE 0
| /* end confdefs.h.  */
| 
| #include <stdio.h>
| #include <pwd.h>
| #include <stdlib.h>
| 
| static const char *ids [ ]={"courier","daemon","adm","bin","root", 0};
| 
| int main()
| {
| int i;
| FILE *f;
| char	*p;
| 
| 	for (i=0; ids [ i ]; i++)
| 		if (getpwnam(ids [ i ]))	break;
| 
| 	f=fopen("conftest.out", "w");
| 	if (f && ids [ i ])
| 	{
| 		fprintf(f, "%s\n", ids [ i ]);
| 		fclose(f);
| 		exit(0);
| 	}
| 	fclose(f);
| 	exit (1);
| 	return (1);
| }
| 

## ---------------- ##
## Cache variables. ##
## ---------------- ##

ac_cv_build=x86_64-pc-linux-gnu
ac_cv_c_compiler_gnu=yes
ac_cv_c_const=no
ac_cv_env_CC_set=
ac_cv_env_CC_value=
ac_cv_env_CFLAGS_set=set
ac_cv_env_CFLAGS_value='-g -O2 -fdebug-prefix-map=/<<PKGBUILDDIR>>=. -fstack-protector-strong -Wformat -Werror=format-security'
ac_cv_env_CPPFLAGS_set=set
ac_cv_env_CPPFLAGS_value='-Wdate-time -D_FORTIFY_SOURCE=2'
ac_cv_env_CPP_set=
ac_cv_env_CPP_value=
ac_cv_env_LDFLAGS_set=set
ac_cv_env_LDFLAGS_value=-Wl,-z,relro
ac_cv_env_LIBS_set=
ac_cv_env_LIBS_value=
ac_cv_env_LT_SYS_LIBRARY_PATH_set=
ac_cv_env_LT_SYS_LIBRARY_PATH_value=
ac_cv_env_build_alias_set=set
ac_cv_env_build_alias_value=x86_64-linux-gnu
ac_cv_env_host_alias_set=
ac_cv_env_host_alias_value=
ac_cv_env_target_alias_set=
ac_cv_env_target_alias_value=
ac_cv_func_PQsetdbLogin=yes
ac_cv_func_argz_add=yes
ac_cv_func_argz_append=yes
ac_cv_func_argz_count=yes
ac_cv_func_argz_create_sep=yes
ac_cv_func_argz_insert=yes
ac_cv_func_argz_next=yes
ac_cv_func_argz_stringify=yes
ac_cv_func_closedir=yes
ac_cv_func_crypt=no
ac_cv_func_dlerror=yes
ac_cv_func_dlopen=no
ac_cv_func_endpwent=yes
ac_cv_func_endspent=yes
ac_cv_func_gdbm_open=yes
ac_cv_func_getspent=yes
ac_cv_func_ldap_parse_result=yes
ac_cv_func_ldap_result2error=yes
ac_cv_func_ldap_search_st=yes
ac_cv_func_ldap_start_tls_s=yes
ac_cv_func_mysql_connect=no
ac_cv_func_mysql_real_connect=yes
ac_cv_func_opendir=yes
ac_cv_func_pam_setcred=yes
ac_cv_func_readdir=yes
ac_cv_func_setlogin=no
ac_cv_func_setsid=no
ac_cv_func_shl_load=no
ac_cv_func_sqlite3_version=no
ac_cv_func_strlcat=no
ac_cv_func_strlcpy=no
ac_cv_have_decl_lt_dlinterface_register=yes
ac_cv_header_Pam_pam_appl_h=no
ac_cv_header_argz_h=yes
ac_cv_header_crypt_h=no
ac_cv_header_dirent_h=yes
ac_cv_header_dl_h=no
ac_cv_header_dld_h=no
ac_cv_header_dlfcn_h=yes
ac_cv_header_fcntl_h=no
ac_cv_header_inttypes_h=yes
ac_cv_header_lber_h=yes
ac_cv_header_ldap_h=yes
ac_cv_header_ltdl_h=yes
ac_cv_header_mach_o_dyld_h=no
ac_cv_header_memory_h=yes
ac_cv_header_netinet_in_h=yes
ac_cv_header_security_pam_appl_h=yes
ac_cv_header_shadow_h=yes
ac_cv_header_stdc=yes
ac_cv_header_stdint_h=yes
ac_cv_header_stdio_h=yes
ac_cv_header_stdlib_h=yes
ac_cv_header_string_h=yes
ac_cv_header_strings_h=yes
ac_cv_header_sys_dl_h=no
ac_cv_header_sys_select_h=no
ac_cv_header_sys_stat_h=yes
ac_cv_header_sys_time_h=no
ac_cv_header_sys_types_h=yes
ac_cv_header_sys_wait_h=no
ac_cv_header_termios_h=no
ac_cv_header_unistd_h=yes
ac_cv_host=x86_64-pc-linux-gnu
ac_cv_lib_crypt_crypt=no
ac_cv_lib_dl_dlopen=yes
ac_cv_lib_dld_dld_link=no
ac_cv_lib_dld_shl_load=no
ac_cv_lib_gdbm_gdbm_open=yes
ac_cv_lib_lber_ber_scanf=yes
ac_cv_lib_ldap_ldap_open=yes
ac_cv_lib_ltdl_lt_dladvise_preload=yes
ac_cv_lib_pam_pam_start=yes
ac_cv_lib_shadow_getspent=no
ac_cv_lib_socket_connect=no
ac_cv_lib_socket_socket=no
ac_cv_objext=o
ac_cv_path_EGREP='/bin/grep -E'
ac_cv_path_EXPECT=/usr/bin/expect
ac_cv_path_FGREP='/bin/grep -F'
ac_cv_path_GREP=/bin/grep
ac_cv_path_MYSQL_CONFIG=/usr/bin/mysql_config
ac_cv_path_PASSWD=/usr/bin/passwd
ac_cv_path_PERL=/usr/bin/perl
ac_cv_path_PG_CONFIG=/usr/bin/pg_config
ac_cv_path_SED=/bin/sed
ac_cv_path_SYSCONFTOOL_PERL=/usr/bin/perl
ac_cv_path_install='/usr/bin/install -c'
ac_cv_path_lt_DD=/bin/dd
ac_cv_path_mkdir=/bin/mkdir
ac_cv_prog_AWK=mawk
ac_cv_prog_CPP='gcc -E'
ac_cv_prog_ac_ct_AR=ar
ac_cv_prog_ac_ct_CC=gcc
ac_cv_prog_ac_ct_OBJDUMP=objdump
ac_cv_prog_ac_ct_RANLIB=ranlib
ac_cv_prog_ac_ct_STRIP=strip
ac_cv_prog_cc_c89=
ac_cv_prog_cc_g=yes
ac_cv_prog_make_make_set=yes
ac_cv_search_dlopen=-ldl
ac_cv_type_error_t=yes
ac_cv_type_pid_t=no
ac_cv_type_uid_t=yes
am_cv_CC_dependencies_compiler_type=none
am_cv_make_support_nested_variables=yes
am_cv_prog_cc_c_o=yes
libltdl_cv_lib_dl_dlopen=yes
libltdl_cv_preloaded_symbols=yes
libltdl_cv_shlibext=.so
libltdl_cv_shrext=.so
lt_cv_ar_at_file=@
lt_cv_archive_cmds_need_lc=no
lt_cv_deplibs_check_method=pass_all
lt_cv_dlopen=dlopen
lt_cv_dlopen_libs=-ldl
lt_cv_dlopen_self=yes
lt_cv_dlopen_self_static=no
lt_cv_file_magic_cmd='$MAGIC_CMD'
lt_cv_file_magic_test_file=
lt_cv_ld_reload_flag=-r
lt_cv_module_path_var=LD_LIBRARY_PATH
lt_cv_nm_interface='BSD nm'
lt_cv_objdir=.libs
lt_cv_path_LD=/usr/bin/ld
lt_cv_path_NM='/usr/bin/nm -B'
lt_cv_path_mainfest_tool=no
lt_cv_prog_compiler_c_o=yes
lt_cv_prog_compiler_pic='-fPIC -DPIC'
lt_cv_prog_compiler_pic_works=yes
lt_cv_prog_compiler_rtti_exceptions=yes
lt_cv_prog_compiler_static_works=yes
lt_cv_prog_gnu_ld=yes
lt_cv_sharedlib_from_linklib_cmd='printf %s\n'
lt_cv_shlibpath_overrides_runpath=no
lt_cv_sys_argz_works=yes
lt_cv_sys_dlopen_deplibs=yes
lt_cv_sys_dlsearch_path='/lib /usr/lib /usr/lib/x86_64-linux-gnu/libfakeroot /usr/local/lib /lib/x86_64-linux-gnu /usr/lib/x86_64-linux-gnu '
lt_cv_sys_global_symbol_pipe='sed -n -e '\''s/^.*[	 ]\([ABCDGIRSTW][ABCDGIRSTW]*\)[	 ][	 ]*\([_A-Za-z][_A-Za-z0-9]*\)$/\1 \2 \2/p'\'' | sed '\''/ __gnu_lto/d'\'''
lt_cv_sys_global_symbol_to_c_name_address='sed -n -e '\''s/^: \(.*\) .*$/  {"\1", (void *) 0},/p'\'' -e '\''s/^[ABCDGIRSTW][ABCDGIRSTW]* .* \(.*\)$/  {"\1", (void *) \&\1},/p'\'''
lt_cv_sys_global_symbol_to_c_name_address_lib_prefix='sed -n -e '\''s/^: \(.*\) .*$/  {"\1", (void *) 0},/p'\'' -e '\''s/^[ABCDGIRSTW][ABCDGIRSTW]* .* \(lib.*\)$/  {"\1", (void *) \&\1},/p'\'' -e '\''s/^[ABCDGIRSTW][ABCDGIRSTW]* .* \(.*\)$/  {"lib\1", (void *) \&\1},/p'\'''
lt_cv_sys_global_symbol_to_cdecl='sed -n -e '\''s/^T .* \(.*\)$/extern int \1();/p'\'' -e '\''s/^[ABCDGIRSTW][ABCDGIRSTW]* .* \(.*\)$/extern char \1;/p'\'''
lt_cv_sys_global_symbol_to_import=
lt_cv_sys_max_cmd_len=1572864
lt_cv_sys_symbol_underscore=no
lt_cv_to_host_file_cmd=func_convert_file_noop
lt_cv_to_tool_file_cmd=func_convert_file_noop
lt_cv_truncate_bin='/bin/dd bs=4096 count=1'
userdb_cv_NEED_CRYPT_PROTOTYPE=0

## ----------------- ##
## Output variables. ##
## ----------------- ##

ACLOCAL='${SHELL} /<<PKGBUILDDIR>>/missing aclocal-1.15'
AMDEPBACKSLASH=''
AMDEP_FALSE=''
AMDEP_TRUE='#'
AMTAR='$${TAR-tar}'
AM_BACKSLASH='\'
AM_DEFAULT_V='$(AM_DEFAULT_VERBOSITY)'
AM_DEFAULT_VERBOSITY='1'
AM_V='$(V)'
AR='ar'
AUTHPAMCRYPT=''
AUTOCONF='${SHELL} /<<PKGBUILDDIR>>/missing autoconf'
AUTOHEADER='${SHELL} /<<PKGBUILDDIR>>/missing autoheader'
AUTOMAKE='${SHELL} /<<PKGBUILDDIR>>/missing automake-1.15'
AWK='mawk'
CC='gcc'
CCDEPMODE='depmode=none'
CFLAGS='-I/usr/include/mysql -g -g -fabi-version=2 -fno-omit-frame-pointer -fno-strict-aliasing -I/usr/include/postgresql -g -O2 -fdebug-prefix-map=/<<PKGBUILDDIR>>=. -fstack-protector-strong -Wformat -Werror=format-security -Wall -Ilibs -I./libs'
CONVENIENCE_LTDL_FALSE='#'
CONVENIENCE_LTDL_TRUE=''
COURIERCONFIG='courier-config'
CPP='gcc -E'
CPPFLAGS='-Wdate-time -D_FORTIFY_SOURCE=2'
CRYPTLIBS=''
CYGPATH_W='echo'
DEFS=''
DEPDIR='.deps'
DLLTOOL='false'
DSYMUTIL=''
DUMPBIN=''
ECHO_C=''
ECHO_N='-n'
ECHO_T=''
EGREP='/bin/grep -E'
EXEEXT=''
EXPECT='/usr/bin/expect'
FGREP='/bin/grep -F'
GREP='/bin/grep'
HAVE_AUTHMYSQL_FALSE='#'
HAVE_AUTHMYSQL_TRUE=''
HAVE_AUTHPGSQL_FALSE='#'
HAVE_AUTHPGSQL_TRUE=''
HAVE_AUTHSQLITE_FALSE=''
HAVE_AUTHSQLITE_TRUE='#'
HAVE_CUSTOM_FALSE=''
HAVE_CUSTOM_TRUE='#'
HAVE_LDAP_FALSE='#'
HAVE_LDAP_TRUE=''
HAVE_PIPE_FALSE=''
HAVE_PIPE_TRUE='#'
HAVE_SGML_FALSE=''
HAVE_SGML_TRUE=''
INCLTDL=''
INSTALL_DATA='${INSTALL} -m 644'
INSTALL_LTDL_FALSE=''
INSTALL_LTDL_TRUE='#'
INSTALL_PROGRAM='${INSTALL}'
INSTALL_SCRIPT='${INSTALL}'
INSTALL_STRIP_PROGRAM='$(install_sh) -c -s'
LD='/usr/bin/ld -m elf_x86_64'
LDAPLIBS='-lldap -llber -lresolv '
LDFLAGS='-Wl,-z,relro'
LIBADD_DL='-ldl '
LIBADD_DLD_LINK=''
LIBADD_DLOPEN='-ldl'
LIBADD_SHL_LOAD=''
LIBAUTHCUSTOM='libauthcustom.la'
LIBAUTHLDAP='libauthldap.la'
LIBAUTHMYSQL='libauthmysql.la'
LIBAUTHPAM='libauthpam.la'
LIBAUTHPGSQL='libauthpgsql.la'
LIBAUTHPIPE='libauthpipe.la'
LIBAUTHPWD=''
LIBAUTHSHADOW=''
LIBAUTHSQLITE=''
LIBAUTHUSERDB='libauthuserdb.la'
LIBDB=''
LIBDL='-ldl'
LIBGDBM='-lgdbm'
LIBLTDL='-lltdl'
LIBM='-lm'
LIBOBJS=''
LIBS=''
LIBTOOL='$(SHELL) $(top_builddir)/libtool'
LIPO=''
LN_S='ln -s'
LTDLDEPS=''
LTDLINCL=''
LTDLOPEN='libltdl'
LTLIBOBJS=''
LT_ARGZ_H=''
LT_CONFIG_H=''
LT_DLLOADERS=' libltdl/dlopen.la'
LT_DLPREOPEN='-dlpreopen libltdl/dlopen.la '
LT_SYS_LIBRARY_PATH=''
MAKEINFO='${SHELL} /<<PKGBUILDDIR>>/missing makeinfo'
MANIFEST_TOOL=':'
MKDIR_P='/bin/mkdir -p'
MYSQL_CONFIG='/usr/bin/mysql_config'
MYSQL_LIBS='-L/usr/lib/x86_64-linux-gnu -lmysqlclient -lpthread -lz -lm -ldl'
NETLIBS=''
NM='/usr/bin/nm -B'
NMEDIT=''
OBJDUMP='objdump'
OBJEXT='o'
OTOOL64=''
OTOOL=''
PACKAGE='courier-authlib'
PACKAGE_BUGREPORT='courier-users@lists.sourceforge.net'
PACKAGE_NAME='courier-authlib'
PACKAGE_STRING='courier-authlib 0.66.4'
PACKAGE_TARNAME='courier-authlib'
PACKAGE_URL=''
PACKAGE_VERSION='0.66.4'
PASSWD='/usr/bin/passwd'
PATH_SEPARATOR=':'
PERL='/usr/bin/perl'
PGSQL_LIBS='-L/usr/lib -lpq'
PG_CONFIG='/usr/bin/pg_config'
RANLIB='ranlib'
REPOSITORY=''
SED='/bin/sed'
SET_MAKE=''
SHADOWLIBS=''
SHELL='/bin/bash'
SQLITE_LIBS=''
STRIP='strip'
SYSCONFTOOL='/usr/bin/perl ././sysconftool'
SYSCONFTOOL_PERL='/usr/bin/perl'
USE_DB='0'
USE_GDBM='1'
VERSION='0.66.4'
ac_ct_AR='ar'
ac_ct_CC='gcc'
ac_ct_DUMPBIN=''
am__EXEEXT_FALSE=''
am__EXEEXT_TRUE=''
am__fastdepCC_FALSE=''
am__fastdepCC_TRUE='#'
am__include='include'
am__isrc=''
am__leading_dot='.'
am__nodep=''
am__quote=''
am__tar='$${TAR-tar} chof - "$$tardir"'
am__untar='$${TAR-tar} xf -'
authProg='/etc/courier/authProg'
authdaemonrc='/etc/courier/authdaemonrc'
authdaemonvar='/run/courier/authdaemon'
authldaprc='/etc/courier/authldaprc'
authmysqlrc='/etc/courier/authmysqlrc'
authpgsqlrc='/etc/courier/authpgsqlrc'
authsqliterc='/etc/courier/authsqliterc'
bindir='/usr/bin'
build='x86_64-pc-linux-gnu'
build_alias='x86_64-linux-gnu'
build_cpu='x86_64'
build_os='linux-gnu'
build_vendor='pc'
datadir='${prefix}/lib/courier'
datarootdir='/usr/share'
dblibrary='libs/gdbmobj/libgdbmobj.la'
docdir='${datarootdir}/doc/${PACKAGE_TARNAME}'
dvidir='${docdir}'
exec_prefix='/usr'
host='x86_64-pc-linux-gnu'
host_alias=''
host_cpu='x86_64'
host_os='linux-gnu'
host_vendor='pc'
htmldir='${docdir}'
includedir='${prefix}/include'
infodir='${prefix}/share/info'
install_sh='${SHELL} /<<PKGBUILDDIR>>/install-sh'
libdir='${prefix}/lib'
libexecdir='/usr/lib/courier'
localedir='${datarootdir}/locale'
localstatedir='/var/lib/courier'
ltdl_LIBOBJS=''
ltdl_LTLIBOBJS=''
mailgroup=''
mailuser=''
mandir='${prefix}/share/man'
mkdir_p='$(MKDIR_P)'
oldincludedir='/usr/include'
pdfdir='${docdir}'
prefix='/usr'
program_transform_name='s,x,x,'
psdir='${docdir}'
runstatedir='${localstatedir}/run'
sbindir='/usr/sbin'
sharedstatedir='${prefix}/com'
subdirs=' libltdl'
sys_symbol_underscore='no'
sysconfdir='/etc'
target_alias=''
userdb='/etc/courier/userdb'

## ----------- ##
## confdefs.h. ##
## ----------- ##

#define STDC_HEADERS 1
#define HAVE_SYS_TYPES_H 1
#define HAVE_SYS_STAT_H 1
#define HAVE_STDLIB_H 1
#define HAVE_STRING_H 1
#define HAVE_MEMORY_H 1
#define HAVE_STRINGS_H 1
#define HAVE_INTTYPES_H 1
#define HAVE_STDINT_H 1
#define HAVE_UNISTD_H 1
#define HAVE_DLFCN_H 1
#define LT_OBJDIR ".libs/"
#define LT_MODULE_EXT ".so"
#define LT_MODULE_PATH_VAR "LD_LIBRARY_PATH"
#define LT_DLSEARCH_PATH "/lib:/usr/lib:/usr/lib/x86_64-linux-gnu/libfakeroot:/usr/local/lib:/lib/x86_64-linux-gnu:/usr/lib/x86_64-linux-gnu"
#define HAVE_LIBDL 1
#define HAVE_DLERROR 1
#define HAVE_LIBDLLOADER 1
#define HAVE_ARGZ_H 1
#define HAVE_ERROR_T 1
#define HAVE_ARGZ_ADD 1
#define HAVE_ARGZ_APPEND 1
#define HAVE_ARGZ_COUNT 1
#define HAVE_ARGZ_CREATE_SEP 1
#define HAVE_ARGZ_INSERT 1
#define HAVE_ARGZ_NEXT 1
#define HAVE_ARGZ_STRINGIFY 1
#define HAVE_WORKING_ARGZ 1
#define HAVE_PRELOADED_SYMBOLS 1
#define HAVE_LTDL 1
#define HAVE_UNISTD_H 1
#define HAVE_DIRENT_H 1
#define HAVE_CLOSEDIR 1
#define HAVE_OPENDIR 1
#define HAVE_READDIR 1
#define LT_LIBEXT "a"
#define LT_LIBPREFIX "lib"
#define HAVE_EXPECT 1
#define USERDB "/etc/courier/userdb"
#define HAVE_STDIO_H 1
#define HAVE_SECURITY_PAM_APPL_H 1
#define HAVE_PAM_SETCRED 1
#define HAVE_LBER_H 1
#define HAVE_LDAP_H 1
#define HAVE_NETINET_IN_H 1
#define HAVE_LDAP_TLS 1
#define HAVE_LDAP_RESULT2ERROR 1
#define HAVE_LDAP_PARSE_RESULT 1
#define HAVE_ENDPWENT 1
#define HAVE_SHADOW_H 1
#define HAVE_ENDSPENT 1
#define HAVE_GETSPENT 1
#define STDC_HEADERS 1
#define HAVE_SYS_STAT_H 1
#define HAVE_UNISTD_H 1
#define const /**/
#define pid_t int
#define NEED_CRYPT_PROTOTYPE 0

configure: exit 2
dh_auto_configure: ./configure --build=x86_64-linux-gnu --prefix=/usr --includedir=${prefix}/include --mandir=${prefix}/share/man --infodir=${prefix}/share/info --sysconfdir=/etc --localstatedir=/var --disable-silent-rules --libdir=${prefix}/lib/x86_64-linux-gnu --libexecdir=${prefix}/lib/x86_64-linux-gnu --disable-maintainer-mode --disable-dependency-tracking --with-authdaemonvar=/run/courier/authdaemon --with-pkgconfdir=/etc/courier --libdir=${prefix}/lib --libexecdir=${prefix}/lib/courier --datadir=${prefix}/lib/courier --localstatedir=/var/lib/courier --without-socks --with-authpam --with-authpipe --without-authpwd --with-authmysql --with-mysql-includes=/usr/include/mysql --with-mysql-libs=/usr/lib --with-authmysqlrc=/etc/courier/authmysqlrc --with-authpgsql --with-pgsql-includes=/usr/include/postgresql --with-pgsql-libs=/usr/lib --with-authpgsqlrc=/etc/courier/authpgsqlrc --without-authshadow --with-authldap --with-authldaprc=/etc/courier/authldaprc --with-authsqlite= --with-authsqliterc=/etc/courier/authsqliterc --with-authcram --with-db=gdbm --without-fcgi --with-htmllibdir=/usr/share/sqwebmail --with-ispell=/usr/bin/ispell --enable-userdb --enable-syslog=1 --disable-root-check returned exit code 2
debian/rules:58: recipe for target 'override_dh_auto_configure' failed
make[1]: *** [override_dh_auto_configure] Error 2
make[1]: Leaving directory '/<<PKGBUILDDIR>>'
debian/rules:23: recipe for target 'build-arch' failed
make: *** [build-arch] Error 2
dpkg-buildpackage: error: debian/rules build-arch gave error exit status 2
--------------------------------------------------------------------------------
Build finished at 2016-08-29T16:35:50Z

Finished
--------


+------------------------------------------------------------------------------+
| Cleanup                                                                      |
+------------------------------------------------------------------------------+

Purging /<<BUILDDIR>>
Not cleaning session: cloned chroot in use
E: Build failure (dpkg-buildpackage died)

+------------------------------------------------------------------------------+
| Summary                                                                      |
+------------------------------------------------------------------------------+

Build Architecture: amd64
Build-Space: 0
Build-Time: 66
Distribution: unstable
Fail-Stage: build
Host Architecture: amd64
Install-Time: 70
Job: courier-authlib_0.66.4-7
Machine Architecture: amd64
Package: courier-authlib
Package-Time: 285
Source-Version: 0.66.4-7
Space: 0
Status: failed
Version: 0.66.4-7
--------------------------------------------------------------------------------
Finished at 2016-08-29T16:35:50Z
Build needed 00:00:00, 0k disc space
E: Build failure (dpkg-buildpackage died)
DC-Status: Failed 285.788768489s
DC-Time-Estimation: 285.788768489 versus expected 445 (r/m: 0.5570940815930912 ; m: 285.788768489)
