DC-Build-Header: einspline 0.9.2-2 / 2016-08-29 16:39:36 +0000
DC-Task: type:rebuild-binarch-only source:einspline version:0.9.2-2 chroot:unstable esttime:364 logfile:/tmp/einspline_0.9.2-2_unstable_clang3.8.log modes:clang:binarch-only
DC-Sbuild-call: su user42 -c 'sbuild -n --arch-any --apt-update -d unstable -v  --chroot-setup-commands=/tmp/clang einspline_0.9.2-2'
sbuild (Debian sbuild) 0.70.0 (03 Aug 2016) on ip-172-31-4-59.eu-central-1.compute.internal

+==============================================================================+
| einspline 0.9.2-2 (amd64)                    Mon, 29 Aug 2016 16:39:36 +0000 |
+==============================================================================+

Package: einspline
Version: 0.9.2-2
Source Version: 0.9.2-2
Distribution: unstable
Machine Architecture: amd64
Host Architecture: amd64
Build Architecture: amd64

I: NOTICE: Log filtering will replace 'var/lib/schroot/mount/unstable-amd64-sbuild-4325495e-32d3-4119-9ad1-dbc406c7d428' with '<<CHROOT>>'

+------------------------------------------------------------------------------+
| Chroot Setup Commands                                                        |
+------------------------------------------------------------------------------+


/tmp/clang
----------

+ echo 'Entering customization script...'
Entering customization script...
+ CLANG_VERSION=3.8
+ echo 'Install of clang-3.8'
Install of clang-3.8
+ apt-get update
Get:1 http://127.0.0.1:9999/debian unstable InRelease [209 kB]
Get:2 http://127.0.0.1:9999/debian unstable/main Sources.diff/Index [27.9 kB]
Get:3 http://127.0.0.1:9999/debian unstable/main amd64 Packages.diff/Index [27.9 kB]
Get:4 http://127.0.0.1:9999/debian unstable/main Translation-en [5451 kB]
Get:5 http://127.0.0.1:9999/debian unstable/main Sources 2016-08-29-0319.00.pdiff [16.7 kB]
Get:6 http://127.0.0.1:9999/debian unstable/main Sources 2016-08-29-0916.07.pdiff [5442 B]
Get:6 http://127.0.0.1:9999/debian unstable/main Sources 2016-08-29-0916.07.pdiff [5442 B]
Get:7 http://127.0.0.1:9999/debian unstable/main amd64 Packages 2016-08-29-0319.00.pdiff [13.2 kB]
Get:8 http://127.0.0.1:9999/debian unstable/main amd64 Packages 2016-08-29-0916.07.pdiff [3300 B]
Get:8 http://127.0.0.1:9999/debian unstable/main amd64 Packages 2016-08-29-0916.07.pdiff [3300 B]
Fetched 5755 kB in 3s (1877 kB/s)
Reading package lists...
W: No sandbox user '_apt' on the system, can not drop privileges
+ apt-get install --yes --no-install-recommends --force-yes clang-3.8
Reading package lists...
Building dependency tree...
Reading state information...
The following additional packages will be installed:
  libbsd0 libclang-common-3.8-dev libclang1-3.8 libedit2 libffi6 libllvm3.8
  libobjc-6-dev libobjc4
Suggested packages:
  gnustep gnustep-devel clang-3.8-doc
Recommended packages:
  llvm-3.8-dev python
The following NEW packages will be installed:
  clang-3.8 libbsd0 libclang-common-3.8-dev libclang1-3.8 libedit2 libffi6
  libllvm3.8 libobjc-6-dev libobjc4
0 upgraded, 9 newly installed, 0 to remove and 1 not upgraded.
Need to get 38.3 MB of archives.
After this operation, 162 MB of additional disk space will be used.
Get:1 http://127.0.0.1:9999/debian unstable/main amd64 libbsd0 amd64 0.8.3-1 [83.0 kB]
Get:2 http://127.0.0.1:9999/debian unstable/main amd64 libedit2 amd64 3.1-20150325-1+b1 [85.2 kB]
Get:3 http://127.0.0.1:9999/debian unstable/main amd64 libffi6 amd64 3.2.1-4 [20.4 kB]
Get:4 http://127.0.0.1:9999/debian unstable/main amd64 libllvm3.8 amd64 1:3.8.1-9 [10.3 MB]
Get:5 http://127.0.0.1:9999/debian unstable/main amd64 libobjc4 amd64 6.2.0-1 [110 kB]
Get:6 http://127.0.0.1:9999/debian unstable/main amd64 libobjc-6-dev amd64 6.2.0-1 [394 kB]
Get:7 http://127.0.0.1:9999/debian unstable/main amd64 libclang1-3.8 amd64 1:3.8.1-9 [4188 kB]
Get:8 http://127.0.0.1:9999/debian unstable/main amd64 libclang-common-3.8-dev amd64 1:3.8.1-9 [1477 kB]
Get:9 http://127.0.0.1:9999/debian unstable/main amd64 clang-3.8 amd64 1:3.8.1-9 [21.6 MB]
debconf: delaying package configuration, since apt-utils is not installed
Fetched 38.3 MB in 1s (22.6 MB/s)
Selecting previously unselected package libbsd0:amd64.
(Reading database ... (Reading database ... 5%(Reading database ... 10%(Reading database ... 15%(Reading database ... 20%(Reading database ... 25%(Reading database ... 30%(Reading database ... 35%(Reading database ... 40%(Reading database ... 45%(Reading database ... 50%(Reading database ... 55%(Reading database ... 60%(Reading database ... 65%(Reading database ... 70%(Reading database ... 75%(Reading database ... 80%(Reading database ... 85%(Reading database ... 90%(Reading database ... 95%(Reading database ... 100%(Reading database ... 9446 files and directories currently installed.)
Preparing to unpack .../0-libbsd0_0.8.3-1_amd64.deb ...
Unpacking libbsd0:amd64 (0.8.3-1) ...
Selecting previously unselected package libedit2:amd64.
Preparing to unpack .../1-libedit2_3.1-20150325-1+b1_amd64.deb ...
Unpacking libedit2:amd64 (3.1-20150325-1+b1) ...
Selecting previously unselected package libffi6:amd64.
Preparing to unpack .../2-libffi6_3.2.1-4_amd64.deb ...
Unpacking libffi6:amd64 (3.2.1-4) ...
Selecting previously unselected package libllvm3.8:amd64.
Preparing to unpack .../3-libllvm3.8_1%3a3.8.1-9_amd64.deb ...
Unpacking libllvm3.8:amd64 (1:3.8.1-9) ...
Selecting previously unselected package libobjc4:amd64.
Preparing to unpack .../4-libobjc4_6.2.0-1_amd64.deb ...
Unpacking libobjc4:amd64 (6.2.0-1) ...
Selecting previously unselected package libobjc-6-dev:amd64.
Preparing to unpack .../5-libobjc-6-dev_6.2.0-1_amd64.deb ...
Unpacking libobjc-6-dev:amd64 (6.2.0-1) ...
Selecting previously unselected package libclang1-3.8:amd64.
Preparing to unpack .../6-libclang1-3.8_1%3a3.8.1-9_amd64.deb ...
Unpacking libclang1-3.8:amd64 (1:3.8.1-9) ...
Selecting previously unselected package libclang-common-3.8-dev.
Preparing to unpack .../7-libclang-common-3.8-dev_1%3a3.8.1-9_amd64.deb ...
Unpacking libclang-common-3.8-dev (1:3.8.1-9) ...
Selecting previously unselected package clang-3.8.
Preparing to unpack .../8-clang-3.8_1%3a3.8.1-9_amd64.deb ...
Unpacking clang-3.8 (1:3.8.1-9) ...
Setting up libobjc4:amd64 (6.2.0-1) ...
Setting up libbsd0:amd64 (0.8.3-1) ...
Processing triggers for libc-bin (2.23-5) ...
Setting up libobjc-6-dev:amd64 (6.2.0-1) ...
Setting up libffi6:amd64 (3.2.1-4) ...
Setting up libedit2:amd64 (3.1-20150325-1+b1) ...
Setting up libllvm3.8:amd64 (1:3.8.1-9) ...
Setting up libclang-common-3.8-dev (1:3.8.1-9) ...
Setting up libclang1-3.8:amd64 (1:3.8.1-9) ...
Setting up clang-3.8 (1:3.8.1-9) ...
Processing triggers for libc-bin (2.23-5) ...
W: --force-yes is deprecated, use one of the options starting with --allow instead.
W: No sandbox user '_apt' on the system, can not drop privileges
+ echo 'Replace gcc, g++ & cpp by clang'
Replace gcc, g++ & cpp by clang
+ VERSIONS='4.6 4.7 4.8 4.9 5 6'
+ cd /usr/bin
+ for VERSION in '$VERSIONS'
+ rm -f g++-4.6 gcc-4.6 cpp-4.6 gcc
+ ln -s clang++-3.8 g++-4.6
+ ln -s clang-3.8 gcc-4.6
+ ln -s clang-3.8 cpp-4.6
+ ln -s clang-3.8 gcc
+ echo 'gcc-4.6 hold'
+ dpkg --set-selections
dpkg: warning: package not in database at line 1: gcc-4.6
dpkg: warning: found unknown packages; this might mean the available database
is outdated, and needs to be updated through a frontend method
+ echo 'g++-4.6 hold'
+ dpkg --set-selections
dpkg: warning: package not in database at line 1: g++-4.6
dpkg: warning: found unknown packages; this might mean the available database
is outdated, and needs to be updated through a frontend method
+ for VERSION in '$VERSIONS'
+ rm -f g++-4.7 gcc-4.7 cpp-4.7 gcc
+ ln -s clang++-3.8 g++-4.7
+ ln -s clang-3.8 gcc-4.7
+ ln -s clang-3.8 cpp-4.7
+ ln -s clang-3.8 gcc
+ echo 'gcc-4.7 hold'
+ dpkg --set-selections
dpkg: warning: package not in database at line 1: gcc-4.7
dpkg: warning: found unknown packages; this might mean the available database
is outdated, and needs to be updated through a frontend method
+ echo 'g++-4.7 hold'
+ dpkg --set-selections
dpkg: warning: package not in database at line 1: g++-4.7
dpkg: warning: found unknown packages; this might mean the available database
is outdated, and needs to be updated through a frontend method
+ for VERSION in '$VERSIONS'
+ rm -f g++-4.8 gcc-4.8 cpp-4.8 gcc
+ ln -s clang++-3.8 g++-4.8
+ ln -s clang-3.8 gcc-4.8
+ ln -s clang-3.8 cpp-4.8
+ ln -s clang-3.8 gcc
+ echo 'gcc-4.8 hold'
+ dpkg --set-selections
dpkg: warning: package not in database at line 1: gcc-4.8
dpkg: warning: found unknown packages; this might mean the available database
is outdated, and needs to be updated through a frontend method
+ echo 'g++-4.8 hold'
+ dpkg --set-selections
dpkg: warning: package not in database at line 1: g++-4.8
dpkg: warning: found unknown packages; this might mean the available database
is outdated, and needs to be updated through a frontend method
+ for VERSION in '$VERSIONS'
+ rm -f g++-4.9 gcc-4.9 cpp-4.9 gcc
+ ln -s clang++-3.8 g++-4.9
+ ln -s clang-3.8 gcc-4.9
+ ln -s clang-3.8 cpp-4.9
+ ln -s clang-3.8 gcc
+ echo 'gcc-4.9 hold'
+ dpkg --set-selections
dpkg: warning: package not in database at line 1: gcc-4.9
dpkg: warning: found unknown packages; this might mean the available database
is outdated, and needs to be updated through a frontend method
+ echo 'g++-4.9 hold'
+ dpkg --set-selections
dpkg: warning: package not in database at line 1: g++-4.9
dpkg: warning: found unknown packages; this might mean the available database
is outdated, and needs to be updated through a frontend method
+ for VERSION in '$VERSIONS'
+ rm -f g++-5 gcc-5 cpp-5 gcc
+ ln -s clang++-3.8 g++-5
+ ln -s clang-3.8 gcc-5
+ ln -s clang-3.8 cpp-5
+ ln -s clang-3.8 gcc
+ echo 'gcc-5 hold'
+ dpkg --set-selections
+ echo 'g++-5 hold'
+ dpkg --set-selections
+ for VERSION in '$VERSIONS'
+ rm -f g++-6 gcc-6 cpp-6 gcc
+ ln -s clang++-3.8 g++-6
+ ln -s clang-3.8 gcc-6
+ ln -s clang-3.8 cpp-6
+ ln -s clang-3.8 gcc
+ echo 'gcc-6 hold'
+ dpkg --set-selections
+ echo 'g++-6 hold'
+ dpkg --set-selections
+ cd -
/build/einspline-4YM9Sz
+ echo 'Check if gcc, g++ & cpp are actually clang'
Check if gcc, g++ & cpp are actually clang
+ gcc --version
+ grep clang
+ cpp --version
+ grep clang
+ g++ --version
+ grep clang

I: Finished running '/tmp/clang'.

Finished processing commands.
--------------------------------------------------------------------------------

+------------------------------------------------------------------------------+
| Update chroot                                                                |
+------------------------------------------------------------------------------+

Hit:1 http://127.0.0.1:9999/debian unstable InRelease
Reading package lists...
W: No sandbox user '_apt' on the system, can not drop privileges
Reading package lists...
Building dependency tree...
Reading state information...
Calculating upgrade...
The following packages will be upgraded:
  linux-libc-dev
1 upgraded, 0 newly installed, 0 to remove and 0 not upgraded.
Need to get 1158 kB of archives.
After this operation, 60.4 kB of additional disk space will be used.
Get:1 http://127.0.0.1:9999/debian unstable/main amd64 linux-libc-dev amd64 4.7.2-1 [1158 kB]
debconf: delaying package configuration, since apt-utils is not installed
Fetched 1158 kB in 0s (69.9 MB/s)
(Reading database ... (Reading database ... 5%(Reading database ... 10%(Reading database ... 15%(Reading database ... 20%(Reading database ... 25%(Reading database ... 30%(Reading database ... 35%(Reading database ... 40%(Reading database ... 45%(Reading database ... 50%(Reading database ... 55%(Reading database ... 60%(Reading database ... 65%(Reading database ... 70%(Reading database ... 75%(Reading database ... 80%(Reading database ... 85%(Reading database ... 90%(Reading database ... 95%(Reading database ... 100%(Reading database ... 9769 files and directories currently installed.)
Preparing to unpack .../linux-libc-dev_4.7.2-1_amd64.deb ...
Unpacking linux-libc-dev:amd64 (4.7.2-1) over (4.6.4-1) ...
Setting up linux-libc-dev:amd64 (4.7.2-1) ...
W: No sandbox user '_apt' on the system, can not drop privileges

+------------------------------------------------------------------------------+
| Fetch source files                                                           |
+------------------------------------------------------------------------------+


Check APT
---------

Checking available source versions...

Download source files with APT
------------------------------

Reading package lists...
NOTICE: 'einspline' packaging is maintained in the 'Git' version control system at:
git://anonscm.debian.org/debian-science/packages/einspline.git
Please use:
git clone git://anonscm.debian.org/debian-science/packages/einspline.git
to retrieve the latest (possibly unreleased) updates to the package.
Need to get 831 kB of source archives.
Get:1 http://127.0.0.1:9999/debian unstable/main einspline 0.9.2-2 (dsc) [2142 B]
Get:2 http://127.0.0.1:9999/debian unstable/main einspline 0.9.2-2 (tar) [821 kB]
Get:3 http://127.0.0.1:9999/debian unstable/main einspline 0.9.2-2 (diff) [8272 B]
Fetched 831 kB in 0s (5178 kB/s)
Download complete and in download only mode
I: NOTICE: Log filtering will replace 'build/einspline-4YM9Sz/einspline-0.9.2' with '<<PKGBUILDDIR>>'
I: NOTICE: Log filtering will replace 'build/einspline-4YM9Sz' with '<<BUILDDIR>>'

+------------------------------------------------------------------------------+
| Install build-essential                                                      |
+------------------------------------------------------------------------------+


Setup apt archive
-----------------

Merged Build-Depends: build-essential, fakeroot
Filtered Build-Depends: build-essential, fakeroot
dpkg-deb: building package 'sbuild-build-depends-core-dummy' in '/<<BUILDDIR>>/resolver-I7fa5m/apt_archive/sbuild-build-depends-core-dummy.deb'.
dpkg-scanpackages: warning: Packages in archive but missing from override file:
dpkg-scanpackages: warning:   sbuild-build-depends-core-dummy
dpkg-scanpackages: info: Wrote 1 entries to output Packages file.
Ign:1 copy:/<<BUILDDIR>>/resolver-I7fa5m/apt_archive ./ InRelease
Get:2 copy:/<<BUILDDIR>>/resolver-I7fa5m/apt_archive ./ Release [957 B]
Ign:3 copy:/<<BUILDDIR>>/resolver-I7fa5m/apt_archive ./ Release.gpg
Get:4 copy:/<<BUILDDIR>>/resolver-I7fa5m/apt_archive ./ Sources [349 B]
Get:5 copy:/<<BUILDDIR>>/resolver-I7fa5m/apt_archive ./ Packages [432 B]
Fetched 1738 B in 0s (0 B/s)
Reading package lists...
W: No sandbox user '_apt' on the system, can not drop privileges
Reading package lists...

Install core build dependencies (apt-based resolver)
----------------------------------------------------

Installing build dependencies
Reading package lists...
Building dependency tree...
Reading state information...
The following NEW packages will be installed:
  sbuild-build-depends-core-dummy
0 upgraded, 1 newly installed, 0 to remove and 0 not upgraded.
Need to get 776 B of archives.
After this operation, 0 B of additional disk space will be used.
Get:1 copy:/<<BUILDDIR>>/resolver-I7fa5m/apt_archive ./ sbuild-build-depends-core-dummy 0.invalid.0 [776 B]
debconf: delaying package configuration, since apt-utils is not installed
Fetched 776 B in 0s (0 B/s)
Selecting previously unselected package sbuild-build-depends-core-dummy.
(Reading database ... 9775 files and directories currently installed.)
Preparing to unpack .../sbuild-build-depends-core-dummy_0.invalid.0_amd64.deb ...
Unpacking sbuild-build-depends-core-dummy (0.invalid.0) ...
Setting up sbuild-build-depends-core-dummy (0.invalid.0) ...
W: No sandbox user '_apt' on the system, can not drop privileges

+------------------------------------------------------------------------------+
| Check architectures                                                          |
+------------------------------------------------------------------------------+

Arch check ok (amd64 included in any)

+------------------------------------------------------------------------------+
| Install package build dependencies                                           |
+------------------------------------------------------------------------------+


Setup apt archive
-----------------

Merged Build-Depends: debhelper (>= 9), dh-exec, dh-autoreconf, gfortran, libfftw3-dev, pkg-config
Filtered Build-Depends: debhelper (>= 9), dh-exec, dh-autoreconf, gfortran, libfftw3-dev, pkg-config
dpkg-deb: building package 'sbuild-build-depends-einspline-dummy' in '/<<BUILDDIR>>/resolver-3nX3Kb/apt_archive/sbuild-build-depends-einspline-dummy.deb'.
dpkg-scanpackages: warning: Packages in archive but missing from override file:
dpkg-scanpackages: warning:   sbuild-build-depends-einspline-dummy
dpkg-scanpackages: info: Wrote 1 entries to output Packages file.
Ign:1 copy:/<<BUILDDIR>>/resolver-3nX3Kb/apt_archive ./ InRelease
Get:2 copy:/<<BUILDDIR>>/resolver-3nX3Kb/apt_archive ./ Release [957 B]
Ign:3 copy:/<<BUILDDIR>>/resolver-3nX3Kb/apt_archive ./ Release.gpg
Get:4 copy:/<<BUILDDIR>>/resolver-3nX3Kb/apt_archive ./ Sources [384 B]
Get:5 copy:/<<BUILDDIR>>/resolver-3nX3Kb/apt_archive ./ Packages [473 B]
Fetched 1814 B in 0s (0 B/s)
Reading package lists...
W: No sandbox user '_apt' on the system, can not drop privileges
Reading package lists...

Install einspline build dependencies (apt-based resolver)
---------------------------------------------------------

Installing build dependencies
Reading package lists...
Building dependency tree...
Reading state information...
The following additional packages will be installed:
  autoconf automake autopoint autotools-dev bsdmainutils debhelper
  dh-autoreconf dh-exec dh-strip-nondeterminism file gettext gettext-base
  gfortran gfortran-6 groff-base intltool-debian libarchive-zip-perl libcroco3
  libfftw3-bin libfftw3-dev libfftw3-double3 libfftw3-long3 libfftw3-quad3
  libfftw3-single3 libfile-stripnondeterminism-perl libgfortran-6-dev
  libgfortran3 libglib2.0-0 libicu57 libmagic-mgc libmagic1 libpipeline1
  libsigsegv2 libtimedate-perl libtool libunistring0 libxml2 m4 man-db
  pkg-config po-debconf
Suggested packages:
  autoconf-archive gnu-standards autoconf-doc wamerican | wordlist whois
  vacation dh-make gettext-doc libasprintf-dev libgettextpo-dev
  gfortran-multilib gfortran-doc gfortran-6-multilib gfortran-6-doc
  libgfortran3-dbg libcoarrays-dev groff libfftw3-doc libtool-doc gcj-jdk less
  www-browser libmail-box-perl
Recommended packages:
  curl | wget | lynx-cur libglib2.0-data shared-mime-info xdg-user-dirs
  libltdl-dev xml-core libmail-sendmail-perl
The following NEW packages will be installed:
  autoconf automake autopoint autotools-dev bsdmainutils debhelper
  dh-autoreconf dh-exec dh-strip-nondeterminism file gettext gettext-base
  gfortran gfortran-6 groff-base intltool-debian libarchive-zip-perl libcroco3
  libfftw3-bin libfftw3-dev libfftw3-double3 libfftw3-long3 libfftw3-quad3
  libfftw3-single3 libfile-stripnondeterminism-perl libgfortran-6-dev
  libgfortran3 libglib2.0-0 libicu57 libmagic-mgc libmagic1 libpipeline1
  libsigsegv2 libtimedate-perl libtool libunistring0 libxml2 m4 man-db
  pkg-config po-debconf sbuild-build-depends-einspline-dummy
0 upgraded, 42 newly installed, 0 to remove and 0 not upgraded.
Need to get 56.6 MB of archives.
After this operation, 249 MB of additional disk space will be used.
Get:1 copy:/<<BUILDDIR>>/resolver-3nX3Kb/apt_archive ./ sbuild-build-depends-einspline-dummy 0.invalid.0 [816 B]
Get:2 http://127.0.0.1:9999/debian unstable/main amd64 groff-base amd64 1.22.3-8 [1162 kB]
Get:3 http://127.0.0.1:9999/debian unstable/main amd64 bsdmainutils amd64 9.0.10 [184 kB]
Get:4 http://127.0.0.1:9999/debian unstable/main amd64 libpipeline1 amd64 1.4.1-2 [27.6 kB]
Get:5 http://127.0.0.1:9999/debian unstable/main amd64 man-db amd64 2.7.5-1 [1003 kB]
Get:6 http://127.0.0.1:9999/debian unstable/main amd64 libfftw3-double3 amd64 3.3.4-2+b1 [731 kB]
Get:7 http://127.0.0.1:9999/debian unstable/main amd64 libfftw3-long3 amd64 3.3.4-2+b1 [313 kB]
Get:8 http://127.0.0.1:9999/debian unstable/main amd64 libfftw3-quad3 amd64 3.3.4-2+b1 [556 kB]
Get:9 http://127.0.0.1:9999/debian unstable/main amd64 libfftw3-single3 amd64 3.3.4-2+b1 [759 kB]
Get:10 http://127.0.0.1:9999/debian unstable/main amd64 libmagic-mgc amd64 1:5.28-4 [210 kB]
Get:11 http://127.0.0.1:9999/debian unstable/main amd64 libmagic1 amd64 1:5.28-4 [109 kB]
Get:12 http://127.0.0.1:9999/debian unstable/main amd64 file amd64 1:5.28-4 [62.9 kB]
Get:13 http://127.0.0.1:9999/debian unstable/main amd64 gettext-base amd64 0.19.8.1-1 [121 kB]
Get:14 http://127.0.0.1:9999/debian unstable/main amd64 libicu57 amd64 57.1-3 [7676 kB]
Get:15 http://127.0.0.1:9999/debian unstable/main amd64 libxml2 amd64 2.9.4+dfsg1-1+b1 [919 kB]
Get:16 http://127.0.0.1:9999/debian unstable/main amd64 libsigsegv2 amd64 2.10-5 [28.9 kB]
Get:17 http://127.0.0.1:9999/debian unstable/main amd64 m4 amd64 1.4.17-5 [255 kB]
Get:18 http://127.0.0.1:9999/debian unstable/main amd64 autoconf all 2.69-10 [338 kB]
Get:19 http://127.0.0.1:9999/debian unstable/main amd64 autotools-dev all 20160430.1 [72.6 kB]
Get:20 http://127.0.0.1:9999/debian unstable/main amd64 automake all 1:1.15-4 [735 kB]
Get:21 http://127.0.0.1:9999/debian unstable/main amd64 autopoint all 0.19.8.1-1 [433 kB]
Get:22 http://127.0.0.1:9999/debian unstable/main amd64 libglib2.0-0 amd64 2.48.1-3 [2707 kB]
Get:23 http://127.0.0.1:9999/debian unstable/main amd64 libcroco3 amd64 0.6.11-1 [143 kB]
Get:24 http://127.0.0.1:9999/debian unstable/main amd64 libunistring0 amd64 0.9.6+really0.9.3-0.1 [279 kB]
Get:25 http://127.0.0.1:9999/debian unstable/main amd64 gettext amd64 0.19.8.1-1 [1493 kB]
Get:26 http://127.0.0.1:9999/debian unstable/main amd64 intltool-debian all 0.35.0+20060710.4 [26.3 kB]
Get:27 http://127.0.0.1:9999/debian unstable/main amd64 po-debconf all 1.0.19 [249 kB]
Get:28 http://127.0.0.1:9999/debian unstable/main amd64 libarchive-zip-perl all 1.59-1 [95.5 kB]
Get:29 http://127.0.0.1:9999/debian unstable/main amd64 libfile-stripnondeterminism-perl all 0.023-2 [13.4 kB]
Get:30 http://127.0.0.1:9999/debian unstable/main amd64 libtimedate-perl all 2.3000-2 [42.2 kB]
Get:31 http://127.0.0.1:9999/debian unstable/main amd64 dh-strip-nondeterminism all 0.023-2 [8202 B]
Get:32 http://127.0.0.1:9999/debian unstable/main amd64 libtool all 2.4.6-2 [545 kB]
Get:33 http://127.0.0.1:9999/debian unstable/main amd64 dh-autoreconf all 12 [15.8 kB]
Get:34 http://127.0.0.1:9999/debian unstable/main amd64 debhelper all 9.20160814 [800 kB]
Get:35 http://127.0.0.1:9999/debian unstable/main amd64 libgfortran3 amd64 6.2.0-1 [264 kB]
Get:36 http://127.0.0.1:9999/debian unstable/main amd64 libgfortran-6-dev amd64 6.2.0-1 [295 kB]
Get:37 http://127.0.0.1:9999/debian unstable/main amd64 gfortran-6 amd64 6.2.0-1 [31.7 MB]
Get:38 http://127.0.0.1:9999/debian unstable/main amd64 gfortran amd64 4:6.1.1-1 [1352 B]
Get:39 http://127.0.0.1:9999/debian unstable/main amd64 libfftw3-bin amd64 3.3.4-2+b1 [48.8 kB]
Get:40 http://127.0.0.1:9999/debian unstable/main amd64 libfftw3-dev amd64 3.3.4-2+b1 [2126 kB]
Get:41 http://127.0.0.1:9999/debian unstable/main amd64 pkg-config amd64 0.29-4 [62.5 kB]
Get:42 http://127.0.0.1:9999/debian unstable/main amd64 dh-exec amd64 0.23 [26.2 kB]
debconf: delaying package configuration, since apt-utils is not installed
Fetched 56.6 MB in 0s (92.0 MB/s)
Selecting previously unselected package groff-base.
(Reading database ... 9775 files and directories currently installed.)
Preparing to unpack .../00-groff-base_1.22.3-8_amd64.deb ...
Unpacking groff-base (1.22.3-8) ...
Selecting previously unselected package bsdmainutils.
Preparing to unpack .../01-bsdmainutils_9.0.10_amd64.deb ...
Unpacking bsdmainutils (9.0.10) ...
Selecting previously unselected package libpipeline1:amd64.
Preparing to unpack .../02-libpipeline1_1.4.1-2_amd64.deb ...
Unpacking libpipeline1:amd64 (1.4.1-2) ...
Selecting previously unselected package man-db.
Preparing to unpack .../03-man-db_2.7.5-1_amd64.deb ...
Unpacking man-db (2.7.5-1) ...
Selecting previously unselected package libfftw3-double3:amd64.
Preparing to unpack .../04-libfftw3-double3_3.3.4-2+b1_amd64.deb ...
Unpacking libfftw3-double3:amd64 (3.3.4-2+b1) ...
Selecting previously unselected package libfftw3-long3:amd64.
Preparing to unpack .../05-libfftw3-long3_3.3.4-2+b1_amd64.deb ...
Unpacking libfftw3-long3:amd64 (3.3.4-2+b1) ...
Selecting previously unselected package libfftw3-quad3:amd64.
Preparing to unpack .../06-libfftw3-quad3_3.3.4-2+b1_amd64.deb ...
Unpacking libfftw3-quad3:amd64 (3.3.4-2+b1) ...
Selecting previously unselected package libfftw3-single3:amd64.
Preparing to unpack .../07-libfftw3-single3_3.3.4-2+b1_amd64.deb ...
Unpacking libfftw3-single3:amd64 (3.3.4-2+b1) ...
Selecting previously unselected package libmagic-mgc.
Preparing to unpack .../08-libmagic-mgc_1%3a5.28-4_amd64.deb ...
Unpacking libmagic-mgc (1:5.28-4) ...
Selecting previously unselected package libmagic1:amd64.
Preparing to unpack .../09-libmagic1_1%3a5.28-4_amd64.deb ...
Unpacking libmagic1:amd64 (1:5.28-4) ...
Selecting previously unselected package file.
Preparing to unpack .../10-file_1%3a5.28-4_amd64.deb ...
Unpacking file (1:5.28-4) ...
Selecting previously unselected package gettext-base.
Preparing to unpack .../11-gettext-base_0.19.8.1-1_amd64.deb ...
Unpacking gettext-base (0.19.8.1-1) ...
Selecting previously unselected package libicu57:amd64.
Preparing to unpack .../12-libicu57_57.1-3_amd64.deb ...
Unpacking libicu57:amd64 (57.1-3) ...
Selecting previously unselected package libxml2:amd64.
Preparing to unpack .../13-libxml2_2.9.4+dfsg1-1+b1_amd64.deb ...
Unpacking libxml2:amd64 (2.9.4+dfsg1-1+b1) ...
Selecting previously unselected package libsigsegv2:amd64.
Preparing to unpack .../14-libsigsegv2_2.10-5_amd64.deb ...
Unpacking libsigsegv2:amd64 (2.10-5) ...
Selecting previously unselected package m4.
Preparing to unpack .../15-m4_1.4.17-5_amd64.deb ...
Unpacking m4 (1.4.17-5) ...
Selecting previously unselected package autoconf.
Preparing to unpack .../16-autoconf_2.69-10_all.deb ...
Unpacking autoconf (2.69-10) ...
Selecting previously unselected package autotools-dev.
Preparing to unpack .../17-autotools-dev_20160430.1_all.deb ...
Unpacking autotools-dev (20160430.1) ...
Selecting previously unselected package automake.
Preparing to unpack .../18-automake_1%3a1.15-4_all.deb ...
Unpacking automake (1:1.15-4) ...
Selecting previously unselected package autopoint.
Preparing to unpack .../19-autopoint_0.19.8.1-1_all.deb ...
Unpacking autopoint (0.19.8.1-1) ...
Selecting previously unselected package libglib2.0-0:amd64.
Preparing to unpack .../20-libglib2.0-0_2.48.1-3_amd64.deb ...
Unpacking libglib2.0-0:amd64 (2.48.1-3) ...
Selecting previously unselected package libcroco3:amd64.
Preparing to unpack .../21-libcroco3_0.6.11-1_amd64.deb ...
Unpacking libcroco3:amd64 (0.6.11-1) ...
Selecting previously unselected package libunistring0:amd64.
Preparing to unpack .../22-libunistring0_0.9.6+really0.9.3-0.1_amd64.deb ...
Unpacking libunistring0:amd64 (0.9.6+really0.9.3-0.1) ...
Selecting previously unselected package gettext.
Preparing to unpack .../23-gettext_0.19.8.1-1_amd64.deb ...
Unpacking gettext (0.19.8.1-1) ...
Selecting previously unselected package intltool-debian.
Preparing to unpack .../24-intltool-debian_0.35.0+20060710.4_all.deb ...
Unpacking intltool-debian (0.35.0+20060710.4) ...
Selecting previously unselected package po-debconf.
Preparing to unpack .../25-po-debconf_1.0.19_all.deb ...
Unpacking po-debconf (1.0.19) ...
Selecting previously unselected package libarchive-zip-perl.
Preparing to unpack .../26-libarchive-zip-perl_1.59-1_all.deb ...
Unpacking libarchive-zip-perl (1.59-1) ...
Selecting previously unselected package libfile-stripnondeterminism-perl.
Preparing to unpack .../27-libfile-stripnondeterminism-perl_0.023-2_all.deb ...
Unpacking libfile-stripnondeterminism-perl (0.023-2) ...
Selecting previously unselected package libtimedate-perl.
Preparing to unpack .../28-libtimedate-perl_2.3000-2_all.deb ...
Unpacking libtimedate-perl (2.3000-2) ...
Selecting previously unselected package dh-strip-nondeterminism.
Preparing to unpack .../29-dh-strip-nondeterminism_0.023-2_all.deb ...
Unpacking dh-strip-nondeterminism (0.023-2) ...
Selecting previously unselected package libtool.
Preparing to unpack .../30-libtool_2.4.6-2_all.deb ...
Unpacking libtool (2.4.6-2) ...
Selecting previously unselected package dh-autoreconf.
Preparing to unpack .../31-dh-autoreconf_12_all.deb ...
Unpacking dh-autoreconf (12) ...
Selecting previously unselected package debhelper.
Preparing to unpack .../32-debhelper_9.20160814_all.deb ...
Unpacking debhelper (9.20160814) ...
Selecting previously unselected package libgfortran3:amd64.
Preparing to unpack .../33-libgfortran3_6.2.0-1_amd64.deb ...
Unpacking libgfortran3:amd64 (6.2.0-1) ...
Selecting previously unselected package libgfortran-6-dev:amd64.
Preparing to unpack .../34-libgfortran-6-dev_6.2.0-1_amd64.deb ...
Unpacking libgfortran-6-dev:amd64 (6.2.0-1) ...
Selecting previously unselected package gfortran-6.
Preparing to unpack .../35-gfortran-6_6.2.0-1_amd64.deb ...
Unpacking gfortran-6 (6.2.0-1) ...
Selecting previously unselected package gfortran.
Preparing to unpack .../36-gfortran_4%3a6.1.1-1_amd64.deb ...
Unpacking gfortran (4:6.1.1-1) ...
Selecting previously unselected package libfftw3-bin.
Preparing to unpack .../37-libfftw3-bin_3.3.4-2+b1_amd64.deb ...
Unpacking libfftw3-bin (3.3.4-2+b1) ...
Selecting previously unselected package libfftw3-dev:amd64.
Preparing to unpack .../38-libfftw3-dev_3.3.4-2+b1_amd64.deb ...
Unpacking libfftw3-dev:amd64 (3.3.4-2+b1) ...
Selecting previously unselected package pkg-config.
Preparing to unpack .../39-pkg-config_0.29-4_amd64.deb ...
Unpacking pkg-config (0.29-4) ...
Selecting previously unselected package dh-exec.
Preparing to unpack .../40-dh-exec_0.23_amd64.deb ...
Unpacking dh-exec (0.23) ...
Selecting previously unselected package sbuild-build-depends-einspline-dummy.
Preparing to unpack .../41-sbuild-build-depends-einspline-dummy_0.invalid.0_amd64.deb ...
Unpacking sbuild-build-depends-einspline-dummy (0.invalid.0) ...
Setting up libarchive-zip-perl (1.59-1) ...
Setting up libtimedate-perl (2.3000-2) ...
Setting up libsigsegv2:amd64 (2.10-5) ...
Setting up libgfortran3:amd64 (6.2.0-1) ...
Setting up groff-base (1.22.3-8) ...
Setting up libglib2.0-0:amd64 (2.48.1-3) ...
No schema files found: doing nothing.
Setting up libgfortran-6-dev:amd64 (6.2.0-1) ...
Setting up gettext-base (0.19.8.1-1) ...
Setting up libpipeline1:amd64 (1.4.1-2) ...
Setting up m4 (1.4.17-5) ...
Setting up libfftw3-double3:amd64 (3.3.4-2+b1) ...
Setting up libicu57:amd64 (57.1-3) ...
Setting up libxml2:amd64 (2.9.4+dfsg1-1+b1) ...
Setting up libmagic-mgc (1:5.28-4) ...
Setting up libmagic1:amd64 (1:5.28-4) ...
Setting up libcroco3:amd64 (0.6.11-1) ...
Setting up libfftw3-quad3:amd64 (3.3.4-2+b1) ...
Setting up pkg-config (0.29-4) ...
Processing triggers for libc-bin (2.23-5) ...
Setting up autotools-dev (20160430.1) ...
Setting up libunistring0:amd64 (0.9.6+really0.9.3-0.1) ...
Setting up libfftw3-single3:amd64 (3.3.4-2+b1) ...
Setting up bsdmainutils (9.0.10) ...
update-alternatives: using /usr/bin/bsd-write to provide /usr/bin/write (write) in auto mode
update-alternatives: using /usr/bin/bsd-from to provide /usr/bin/from (from) in auto mode
Setting up libfftw3-long3:amd64 (3.3.4-2+b1) ...
Setting up autopoint (0.19.8.1-1) ...
Setting up libfile-stripnondeterminism-perl (0.023-2) ...
Setting up gfortran-6 (6.2.0-1) ...
Setting up libfftw3-bin (3.3.4-2+b1) ...
Setting up gettext (0.19.8.1-1) ...
Setting up autoconf (2.69-10) ...
Setting up file (1:5.28-4) ...
Setting up intltool-debian (0.35.0+20060710.4) ...
Setting up libfftw3-dev:amd64 (3.3.4-2+b1) ...
Setting up automake (1:1.15-4) ...
update-alternatives: using /usr/bin/automake-1.15 to provide /usr/bin/automake (automake) in auto mode
Setting up man-db (2.7.5-1) ...
Not building database; man-db/auto-update is not 'true'.
Setting up libtool (2.4.6-2) ...
Setting up gfortran (4:6.1.1-1) ...
update-alternatives: using /usr/bin/gfortran to provide /usr/bin/f95 (f95) in auto mode
update-alternatives: using /usr/bin/gfortran to provide /usr/bin/f77 (f77) in auto mode
Setting up po-debconf (1.0.19) ...
Setting up dh-autoreconf (12) ...
Setting up dh-strip-nondeterminism (0.023-2) ...
Setting up debhelper (9.20160814) ...
Setting up dh-exec (0.23) ...
Setting up sbuild-build-depends-einspline-dummy (0.invalid.0) ...
Processing triggers for libc-bin (2.23-5) ...
W: No sandbox user '_apt' on the system, can not drop privileges

+------------------------------------------------------------------------------+
| Build environment                                                            |
+------------------------------------------------------------------------------+

Kernel: Linux 3.16.0-4-amd64 amd64 (x86_64)
Toolchain package versions: binutils_2.27-6 dpkg-dev_1.18.10 g++-6_6.2.0-1 gcc-6_6.2.0-1 libc6-dev_2.23-5 libstdc++-6-dev_6.2.0-1 libstdc++6_6.2.0-1 linux-libc-dev_4.7.2-1
Package versions: adduser_3.115 apt_1.3~rc2 autoconf_2.69-10 automake_1:1.15-4 autopoint_0.19.8.1-1 autotools-dev_20160430.1 base-files_9.6 base-passwd_3.5.40 bash_4.3-15 binutils_2.27-6 bsdmainutils_9.0.10 bsdutils_1:2.28.1-1 build-essential_12.2 bzip2_1.0.6-8 clang-3.8_1:3.8.1-9 coreutils_8.25-2 cpp_4:6.1.1-1 cpp-6_6.2.0-1 dash_0.5.8-2.3 debconf_1.5.59 debfoster_2.7-2.1 debhelper_9.20160814 debian-archive-keyring_2014.3 debianutils_4.8 dh-autoreconf_12 dh-exec_0.23 dh-strip-nondeterminism_0.023-2 diffutils_1:3.3-3 dpkg_1.18.10 dpkg-dev_1.18.10 e2fslibs_1.43.1-1 e2fsprogs_1.43.1-1 eatmydata_105-3 fakeroot_1.21-1 file_1:5.28-4 findutils_4.6.0+git+20160703-2 g++_4:6.1.1-1 g++-6_6.2.0-1 gcc_4:6.1.1-1 gcc-6_6.2.0-1 gcc-6-base_6.2.0-1 gettext_0.19.8.1-1 gettext-base_0.19.8.1-1 gfortran_4:6.1.1-1 gfortran-6_6.2.0-1 gpgv_2.1.14-5 grep_2.25-6 groff-base_1.22.3-8 gzip_1.6-5 hostname_3.18 init-system-helpers_1.42 intltool-debian_0.35.0+20060710.4 libacl1_2.2.52-3 libapt-pkg5.0_1.3~rc2 libarchive-zip-perl_1.59-1 libasan3_6.2.0-1 libatomic1_6.2.0-1 libattr1_1:2.4.47-2 libaudit-common_1:2.6.6-1 libaudit1_1:2.6.6-1 libblkid1_2.28.1-1 libbsd0_0.8.3-1 libbz2-1.0_1.0.6-8 libc-bin_2.23-5 libc-dev-bin_2.23-5 libc6_2.23-5 libc6-dev_2.23-5 libcap-ng0_0.7.7-3 libcc1-0_6.2.0-1 libcilkrts5_6.2.0-1 libclang-common-3.8-dev_1:3.8.1-9 libclang1-3.8_1:3.8.1-9 libcomerr2_1.43.1-1 libcroco3_0.6.11-1 libdb5.3_5.3.28-12 libdebconfclient0_0.215 libdpkg-perl_1.18.10 libeatmydata1_105-3 libedit2_3.1-20150325-1+b1 libfakeroot_1.21-1 libfdisk1_2.28.1-1 libffi6_3.2.1-4 libfftw3-bin_3.3.4-2+b1 libfftw3-dev_3.3.4-2+b1 libfftw3-double3_3.3.4-2+b1 libfftw3-long3_3.3.4-2+b1 libfftw3-quad3_3.3.4-2+b1 libfftw3-single3_3.3.4-2+b1 libfile-stripnondeterminism-perl_0.023-2 libgc1c2_1:7.4.2-8 libgcc-6-dev_6.2.0-1 libgcc1_1:6.2.0-1 libgcrypt20_1.7.3-1 libgdbm3_1.8.3-14 libgfortran-6-dev_6.2.0-1 libgfortran3_6.2.0-1 libglib2.0-0_2.48.1-3 libgmp10_2:6.1.1+dfsg-1 libgomp1_6.2.0-1 libgpg-error0_1.24-1 libicu57_57.1-3 libisl15_0.17.1-1 libitm1_6.2.0-1 libllvm3.8_1:3.8.1-9 liblsan0_6.2.0-1 liblz4-1_0.0~r131-2 liblzma5_5.1.1alpha+20120614-2.1 libmagic-mgc_1:5.28-4 libmagic1_1:5.28-4 libmount1_2.28.1-1 libmpc3_1.0.3-1 libmpfr4_3.1.4-2 libmpx2_6.2.0-1 libncurses5_6.0+20160625-1 libncursesw5_6.0+20160625-1 libobjc-6-dev_6.2.0-1 libobjc4_6.2.0-1 libpam-modules_1.1.8-3.3 libpam-modules-bin_1.1.8-3.3 libpam-runtime_1.1.8-3.3 libpam0g_1.1.8-3.3 libpcre3_2:8.39-2 libperl5.22_5.22.2-3 libpipeline1_1.4.1-2 libquadmath0_6.2.0-1 libselinux1_2.5-3 libsemanage-common_2.5-1 libsemanage1_2.5-1 libsepol1_2.5-1 libsigsegv2_2.10-5 libsmartcols1_2.28.1-1 libss2_1.43.1-1 libstdc++-6-dev_6.2.0-1 libstdc++6_6.2.0-1 libsystemd0_231-5 libtimedate-perl_2.3000-2 libtinfo5_6.0+20160625-1 libtool_2.4.6-2 libtsan0_6.2.0-1 libubsan0_6.2.0-1 libudev1_231-5 libunistring0_0.9.6+really0.9.3-0.1 libustr-1.0-1_1.0.4-5 libuuid1_2.28.1-1 libxml2_2.9.4+dfsg1-1+b1 linux-libc-dev_4.7.2-1 login_1:4.2-3.1 m4_1.4.17-5 make_4.1-9 man-db_2.7.5-1 mawk_1.3.3-17 mount_2.28.1-1 multiarch-support_2.23-5 ncurses-base_6.0+20160625-1 ncurses-bin_6.0+20160625-1 passwd_1:4.2-3.1 patch_2.7.5-1 perl_5.22.2-3 perl-base_5.22.2-3 perl-modules-5.22_5.22.2-3 pkg-config_0.29-4 po-debconf_1.0.19 sbuild-build-depends-core-dummy_0.invalid.0 sbuild-build-depends-einspline-dummy_0.invalid.0 sed_4.2.2-7.1 sensible-utils_0.0.9 sysvinit-utils_2.88dsf-59.8 tar_1.29b-1 util-linux_2.28.1-1 xz-utils_5.1.1alpha+20120614-2.1 zlib1g_1:1.2.8.dfsg-2+b1

+------------------------------------------------------------------------------+
| Build                                                                        |
+------------------------------------------------------------------------------+


Unpack source
-------------

gpgv: unknown type of key resource 'trustedkeys.kbx'
gpgv: keyblock resource '/sbuild-nonexistent/.gnupg/trustedkeys.kbx': General error
gpgv: Signature made Thu Sep 18 12:48:31 2014 UTC using RSA key ID 
gpgv: Can't check signature: No public key
dpkg-source: warning: failed to verify signature on ./einspline_0.9.2-2.dsc
dpkg-source: info: extracting einspline in /<<PKGBUILDDIR>>
dpkg-source: info: unpacking einspline_0.9.2.orig.tar.gz
dpkg-source: info: unpacking einspline_0.9.2-2.debian.tar.xz
dpkg-source: info: applying missing-doc.patch
dpkg-source: info: applying fix-html-errors.patch

Check disc space
----------------

Sufficient free space for build

User Environment
----------------

APT_CONFIG=/var/lib/sbuild/apt.conf
HOME=/sbuild-nonexistent
LC_ALL=POSIX
LOGNAME=user42
PATH=/usr/local/sbin:/usr/local/bin:/usr/sbin:/usr/bin:/sbin:/bin:/usr/games
SCHROOT_ALIAS_NAME=unstable-amd64-sbuild
SCHROOT_CHROOT_NAME=unstable-amd64-sbuild
SCHROOT_COMMAND=env
SCHROOT_GID=1001
SCHROOT_GROUP=user42
SCHROOT_SESSION_ID=unstable-amd64-sbuild-4325495e-32d3-4119-9ad1-dbc406c7d428
SCHROOT_UID=1001
SCHROOT_USER=user42
SHELL=/bin/sh
USER=user42

dpkg-buildpackage
-----------------

dpkg-buildpackage: info: source package einspline
dpkg-buildpackage: info: source version 0.9.2-2
dpkg-buildpackage: info: source distribution unstable
dpkg-buildpackage: info: source changed by SÃ©bastien Villemot <sebastien@debian.org>
 dpkg-source --before-build einspline-0.9.2
dpkg-buildpackage: info: host architecture amd64
 fakeroot debian/rules clean
dh clean --parallel --with autoreconf
   dh_testdir
   dh_auto_clean
   dh_autoreconf_clean
   dh_clean
 debian/rules build-arch
dh build-arch --parallel --with autoreconf
   dh_testdir -a -O--parallel
   dh_update_autotools_config -a -O--parallel
   dh_autoreconf -a -O--parallel
configure.ac:18: warning: AC_CACHE_VAL(ac_cxx_restrict, ...): suspicious cache-id, must contain _cv_ to be cached
../../lib/autoconf/general.m4:2042: AC_CACHE_VAL is expanded from...
../../lib/autoconf/general.m4:2063: AC_CACHE_CHECK is expanded from...
m4/ac_cxx_restrict.m4:9: AC_CXX_RESTRICT is expanded from...
configure.ac:18: the top level
configure.ac:149: warning: AC_CACHE_VAL(ax_have_mmx_ext, ...): suspicious cache-id, must contain _cv_ to be cached
../../lib/autoconf/general.m4:2042: AC_CACHE_VAL is expanded from...
../../lib/autoconf/general.m4:2063: AC_CACHE_CHECK is expanded from...
m4/ax_ext.m4:7: AX_EXT is expanded from...
configure.ac:149: the top level
configure.ac:149: warning: AC_CACHE_VAL(ax_have_sse_ext, ...): suspicious cache-id, must contain _cv_ to be cached
../../lib/autoconf/general.m4:2042: AC_CACHE_VAL is expanded from...
../../lib/autoconf/general.m4:2063: AC_CACHE_CHECK is expanded from...
m4/ax_ext.m4:7: AX_EXT is expanded from...
configure.ac:149: the top level
configure.ac:149: warning: AC_CACHE_VAL(ax_have_sse2_ext, ...): suspicious cache-id, must contain _cv_ to be cached
../../lib/autoconf/general.m4:2042: AC_CACHE_VAL is expanded from...
../../lib/autoconf/general.m4:2063: AC_CACHE_CHECK is expanded from...
m4/ax_ext.m4:7: AX_EXT is expanded from...
configure.ac:149: the top level
configure.ac:149: warning: AC_CACHE_VAL(ax_have_sse3_ext, ...): suspicious cache-id, must contain _cv_ to be cached
../../lib/autoconf/general.m4:2042: AC_CACHE_VAL is expanded from...
../../lib/autoconf/general.m4:2063: AC_CACHE_CHECK is expanded from...
m4/ax_ext.m4:7: AX_EXT is expanded from...
configure.ac:149: the top level
configure.ac:149: warning: AC_CACHE_VAL(ax_have_ssse3_ext, ...): suspicious cache-id, must contain _cv_ to be cached
../../lib/autoconf/general.m4:2042: AC_CACHE_VAL is expanded from...
../../lib/autoconf/general.m4:2063: AC_CACHE_CHECK is expanded from...
m4/ax_ext.m4:7: AX_EXT is expanded from...
configure.ac:149: the top level
configure.ac:149: warning: AC_CACHE_VAL(ax_have_sse4_1_ext, ...): suspicious cache-id, must contain _cv_ to be cached
../../lib/autoconf/general.m4:2042: AC_CACHE_VAL is expanded from...
../../lib/autoconf/general.m4:2063: AC_CACHE_CHECK is expanded from...
m4/ax_ext.m4:7: AX_EXT is expanded from...
configure.ac:149: the top level
configure.ac:149: warning: AC_CACHE_VAL(ax_have_sse4_2_ext, ...): suspicious cache-id, must contain _cv_ to be cached
../../lib/autoconf/general.m4:2042: AC_CACHE_VAL is expanded from...
../../lib/autoconf/general.m4:2063: AC_CACHE_CHECK is expanded from...
m4/ax_ext.m4:7: AX_EXT is expanded from...
configure.ac:149: the top level
configure.ac:18: warning: AC_CACHE_VAL(ac_cxx_restrict, ...): suspicious cache-id, must contain _cv_ to be cached
../../lib/autoconf/general.m4:2042: AC_CACHE_VAL is expanded from...
../../lib/autoconf/general.m4:2063: AC_CACHE_CHECK is expanded from...
m4/ac_cxx_restrict.m4:9: AC_CXX_RESTRICT is expanded from...
configure.ac:18: the top level
configure.ac:149: warning: AC_CACHE_VAL(ax_have_mmx_ext, ...): suspicious cache-id, must contain _cv_ to be cached
../../lib/autoconf/general.m4:2042: AC_CACHE_VAL is expanded from...
../../lib/autoconf/general.m4:2063: AC_CACHE_CHECK is expanded from...
m4/ax_ext.m4:7: AX_EXT is expanded from...
configure.ac:149: the top level
configure.ac:149: warning: AC_CACHE_VAL(ax_have_sse_ext, ...): suspicious cache-id, must contain _cv_ to be cached
../../lib/autoconf/general.m4:2042: AC_CACHE_VAL is expanded from...
../../lib/autoconf/general.m4:2063: AC_CACHE_CHECK is expanded from...
m4/ax_ext.m4:7: AX_EXT is expanded from...
configure.ac:149: the top level
configure.ac:149: warning: AC_CACHE_VAL(ax_have_sse2_ext, ...): suspicious cache-id, must contain _cv_ to be cached
../../lib/autoconf/general.m4:2042: AC_CACHE_VAL is expanded from...
../../lib/autoconf/general.m4:2063: AC_CACHE_CHECK is expanded from...
m4/ax_ext.m4:7: AX_EXT is expanded from...
configure.ac:149: the top level
configure.ac:149: warning: AC_CACHE_VAL(ax_have_sse3_ext, ...): suspicious cache-id, must contain _cv_ to be cached
../../lib/autoconf/general.m4:2042: AC_CACHE_VAL is expanded from...
../../lib/autoconf/general.m4:2063: AC_CACHE_CHECK is expanded from...
m4/ax_ext.m4:7: AX_EXT is expanded from...
configure.ac:149: the top level
configure.ac:149: warning: AC_CACHE_VAL(ax_have_ssse3_ext, ...): suspicious cache-id, must contain _cv_ to be cached
../../lib/autoconf/general.m4:2042: AC_CACHE_VAL is expanded from...
../../lib/autoconf/general.m4:2063: AC_CACHE_CHECK is expanded from...
m4/ax_ext.m4:7: AX_EXT is expanded from...
configure.ac:149: the top level
configure.ac:149: warning: AC_CACHE_VAL(ax_have_sse4_1_ext, ...): suspicious cache-id, must contain _cv_ to be cached
../../lib/autoconf/general.m4:2042: AC_CACHE_VAL is expanded from...
../../lib/autoconf/general.m4:2063: AC_CACHE_CHECK is expanded from...
m4/ax_ext.m4:7: AX_EXT is expanded from...
configure.ac:149: the top level
configure.ac:149: warning: AC_CACHE_VAL(ax_have_sse4_2_ext, ...): suspicious cache-id, must contain _cv_ to be cached
../../lib/autoconf/general.m4:2042: AC_CACHE_VAL is expanded from...
../../lib/autoconf/general.m4:2063: AC_CACHE_CHECK is expanded from...
m4/ax_ext.m4:7: AX_EXT is expanded from...
configure.ac:149: the top level
libtoolize: putting auxiliary files in '.'.
libtoolize: copying file './ltmain.sh'
libtoolize: Consider adding 'AC_CONFIG_MACRO_DIRS([m4])' to configure.ac,
libtoolize: and rerunning libtoolize and aclocal.
libtoolize: Consider adding '-I m4' to ACLOCAL_AMFLAGS in Makefile.am.
configure.ac:18: warning: AC_CACHE_VAL(ac_cxx_restrict, ...): suspicious cache-id, must contain _cv_ to be cached
../../lib/autoconf/general.m4:2042: AC_CACHE_VAL is expanded from...
../../lib/autoconf/general.m4:2063: AC_CACHE_CHECK is expanded from...
m4/ac_cxx_restrict.m4:9: AC_CXX_RESTRICT is expanded from...
configure.ac:18: the top level
configure.ac:149: warning: AC_CACHE_VAL(ax_have_mmx_ext, ...): suspicious cache-id, must contain _cv_ to be cached
../../lib/autoconf/general.m4:2042: AC_CACHE_VAL is expanded from...
../../lib/autoconf/general.m4:2063: AC_CACHE_CHECK is expanded from...
m4/ax_ext.m4:7: AX_EXT is expanded from...
configure.ac:149: the top level
configure.ac:149: warning: AC_CACHE_VAL(ax_have_sse_ext, ...): suspicious cache-id, must contain _cv_ to be cached
../../lib/autoconf/general.m4:2042: AC_CACHE_VAL is expanded from...
../../lib/autoconf/general.m4:2063: AC_CACHE_CHECK is expanded from...
m4/ax_ext.m4:7: AX_EXT is expanded from...
configure.ac:149: the top level
configure.ac:149: warning: AC_CACHE_VAL(ax_have_sse2_ext, ...): suspicious cache-id, must contain _cv_ to be cached
../../lib/autoconf/general.m4:2042: AC_CACHE_VAL is expanded from...
../../lib/autoconf/general.m4:2063: AC_CACHE_CHECK is expanded from...
m4/ax_ext.m4:7: AX_EXT is expanded from...
configure.ac:149: the top level
configure.ac:149: warning: AC_CACHE_VAL(ax_have_sse3_ext, ...): suspicious cache-id, must contain _cv_ to be cached
../../lib/autoconf/general.m4:2042: AC_CACHE_VAL is expanded from...
../../lib/autoconf/general.m4:2063: AC_CACHE_CHECK is expanded from...
m4/ax_ext.m4:7: AX_EXT is expanded from...
configure.ac:149: the top level
configure.ac:149: warning: AC_CACHE_VAL(ax_have_ssse3_ext, ...): suspicious cache-id, must contain _cv_ to be cached
../../lib/autoconf/general.m4:2042: AC_CACHE_VAL is expanded from...
../../lib/autoconf/general.m4:2063: AC_CACHE_CHECK is expanded from...
m4/ax_ext.m4:7: AX_EXT is expanded from...
configure.ac:149: the top level
configure.ac:149: warning: AC_CACHE_VAL(ax_have_sse4_1_ext, ...): suspicious cache-id, must contain _cv_ to be cached
../../lib/autoconf/general.m4:2042: AC_CACHE_VAL is expanded from...
../../lib/autoconf/general.m4:2063: AC_CACHE_CHECK is expanded from...
m4/ax_ext.m4:7: AX_EXT is expanded from...
configure.ac:149: the top level
configure.ac:149: warning: AC_CACHE_VAL(ax_have_sse4_2_ext, ...): suspicious cache-id, must contain _cv_ to be cached
../../lib/autoconf/general.m4:2042: AC_CACHE_VAL is expanded from...
../../lib/autoconf/general.m4:2063: AC_CACHE_CHECK is expanded from...
m4/ax_ext.m4:7: AX_EXT is expanded from...
configure.ac:149: the top level
configure.ac:18: warning: AC_CACHE_VAL(ac_cxx_restrict, ...): suspicious cache-id, must contain _cv_ to be cached
../../lib/autoconf/general.m4:2042: AC_CACHE_VAL is expanded from...
../../lib/autoconf/general.m4:2063: AC_CACHE_CHECK is expanded from...
m4/ac_cxx_restrict.m4:9: AC_CXX_RESTRICT is expanded from...
configure.ac:18: the top level
configure.ac:149: warning: AC_CACHE_VAL(ax_have_mmx_ext, ...): suspicious cache-id, must contain _cv_ to be cached
../../lib/autoconf/general.m4:2042: AC_CACHE_VAL is expanded from...
../../lib/autoconf/general.m4:2063: AC_CACHE_CHECK is expanded from...
m4/ax_ext.m4:7: AX_EXT is expanded from...
configure.ac:149: the top level
configure.ac:149: warning: AC_CACHE_VAL(ax_have_sse_ext, ...): suspicious cache-id, must contain _cv_ to be cached
../../lib/autoconf/general.m4:2042: AC_CACHE_VAL is expanded from...
../../lib/autoconf/general.m4:2063: AC_CACHE_CHECK is expanded from...
m4/ax_ext.m4:7: AX_EXT is expanded from...
configure.ac:149: the top level
configure.ac:149: warning: AC_CACHE_VAL(ax_have_sse2_ext, ...): suspicious cache-id, must contain _cv_ to be cached
../../lib/autoconf/general.m4:2042: AC_CACHE_VAL is expanded from...
../../lib/autoconf/general.m4:2063: AC_CACHE_CHECK is expanded from...
m4/ax_ext.m4:7: AX_EXT is expanded from...
configure.ac:149: the top level
configure.ac:149: warning: AC_CACHE_VAL(ax_have_sse3_ext, ...): suspicious cache-id, must contain _cv_ to be cached
../../lib/autoconf/general.m4:2042: AC_CACHE_VAL is expanded from...
../../lib/autoconf/general.m4:2063: AC_CACHE_CHECK is expanded from...
m4/ax_ext.m4:7: AX_EXT is expanded from...
configure.ac:149: the top level
configure.ac:149: warning: AC_CACHE_VAL(ax_have_ssse3_ext, ...): suspicious cache-id, must contain _cv_ to be cached
../../lib/autoconf/general.m4:2042: AC_CACHE_VAL is expanded from...
../../lib/autoconf/general.m4:2063: AC_CACHE_CHECK is expanded from...
m4/ax_ext.m4:7: AX_EXT is expanded from...
configure.ac:149: the top level
configure.ac:149: warning: AC_CACHE_VAL(ax_have_sse4_1_ext, ...): suspicious cache-id, must contain _cv_ to be cached
../../lib/autoconf/general.m4:2042: AC_CACHE_VAL is expanded from...
../../lib/autoconf/general.m4:2063: AC_CACHE_CHECK is expanded from...
m4/ax_ext.m4:7: AX_EXT is expanded from...
configure.ac:149: the top level
configure.ac:149: warning: AC_CACHE_VAL(ax_have_sse4_2_ext, ...): suspicious cache-id, must contain _cv_ to be cached
../../lib/autoconf/general.m4:2042: AC_CACHE_VAL is expanded from...
../../lib/autoconf/general.m4:2063: AC_CACHE_CHECK is expanded from...
m4/ax_ext.m4:7: AX_EXT is expanded from...
configure.ac:149: the top level
configure.ac:18: warning: AC_CACHE_VAL(ac_cxx_restrict, ...): suspicious cache-id, must contain _cv_ to be cached
../../lib/autoconf/general.m4:2042: AC_CACHE_VAL is expanded from...
../../lib/autoconf/general.m4:2063: AC_CACHE_CHECK is expanded from...
m4/ac_cxx_restrict.m4:9: AC_CXX_RESTRICT is expanded from...
configure.ac:18: the top level
configure.ac:149: warning: AC_CACHE_VAL(ax_have_mmx_ext, ...): suspicious cache-id, must contain _cv_ to be cached
../../lib/autoconf/general.m4:2042: AC_CACHE_VAL is expanded from...
../../lib/autoconf/general.m4:2063: AC_CACHE_CHECK is expanded from...
m4/ax_ext.m4:7: AX_EXT is expanded from...
configure.ac:149: the top level
configure.ac:149: warning: AC_CACHE_VAL(ax_have_sse_ext, ...): suspicious cache-id, must contain _cv_ to be cached
../../lib/autoconf/general.m4:2042: AC_CACHE_VAL is expanded from...
../../lib/autoconf/general.m4:2063: AC_CACHE_CHECK is expanded from...
m4/ax_ext.m4:7: AX_EXT is expanded from...
configure.ac:149: the top level
configure.ac:149: warning: AC_CACHE_VAL(ax_have_sse2_ext, ...): suspicious cache-id, must contain _cv_ to be cached
../../lib/autoconf/general.m4:2042: AC_CACHE_VAL is expanded from...
../../lib/autoconf/general.m4:2063: AC_CACHE_CHECK is expanded from...
m4/ax_ext.m4:7: AX_EXT is expanded from...
configure.ac:149: the top level
configure.ac:149: warning: AC_CACHE_VAL(ax_have_sse3_ext, ...): suspicious cache-id, must contain _cv_ to be cached
../../lib/autoconf/general.m4:2042: AC_CACHE_VAL is expanded from...
../../lib/autoconf/general.m4:2063: AC_CACHE_CHECK is expanded from...
m4/ax_ext.m4:7: AX_EXT is expanded from...
configure.ac:149: the top level
configure.ac:149: warning: AC_CACHE_VAL(ax_have_ssse3_ext, ...): suspicious cache-id, must contain _cv_ to be cached
../../lib/autoconf/general.m4:2042: AC_CACHE_VAL is expanded from...
../../lib/autoconf/general.m4:2063: AC_CACHE_CHECK is expanded from...
m4/ax_ext.m4:7: AX_EXT is expanded from...
configure.ac:149: the top level
configure.ac:149: warning: AC_CACHE_VAL(ax_have_sse4_1_ext, ...): suspicious cache-id, must contain _cv_ to be cached
../../lib/autoconf/general.m4:2042: AC_CACHE_VAL is expanded from...
../../lib/autoconf/general.m4:2063: AC_CACHE_CHECK is expanded from...
m4/ax_ext.m4:7: AX_EXT is expanded from...
configure.ac:149: the top level
configure.ac:149: warning: AC_CACHE_VAL(ax_have_sse4_2_ext, ...): suspicious cache-id, must contain _cv_ to be cached
../../lib/autoconf/general.m4:2042: AC_CACHE_VAL is expanded from...
../../lib/autoconf/general.m4:2063: AC_CACHE_CHECK is expanded from...
m4/ax_ext.m4:7: AX_EXT is expanded from...
configure.ac:149: the top level
configure.ac:18: warning: AC_CACHE_VAL(ac_cxx_restrict, ...): suspicious cache-id, must contain _cv_ to be cached
../../lib/autoconf/general.m4:2042: AC_CACHE_VAL is expanded from...
../../lib/autoconf/general.m4:2063: AC_CACHE_CHECK is expanded from...
m4/ac_cxx_restrict.m4:9: AC_CXX_RESTRICT is expanded from...
configure.ac:18: the top level
configure.ac:149: warning: AC_CACHE_VAL(ax_have_mmx_ext, ...): suspicious cache-id, must contain _cv_ to be cached
../../lib/autoconf/general.m4:2042: AC_CACHE_VAL is expanded from...
../../lib/autoconf/general.m4:2063: AC_CACHE_CHECK is expanded from...
m4/ax_ext.m4:7: AX_EXT is expanded from...
configure.ac:149: the top level
configure.ac:149: warning: AC_CACHE_VAL(ax_have_sse_ext, ...): suspicious cache-id, must contain _cv_ to be cached
../../lib/autoconf/general.m4:2042: AC_CACHE_VAL is expanded from...
../../lib/autoconf/general.m4:2063: AC_CACHE_CHECK is expanded from...
m4/ax_ext.m4:7: AX_EXT is expanded from...
configure.ac:149: the top level
configure.ac:149: warning: AC_CACHE_VAL(ax_have_sse2_ext, ...): suspicious cache-id, must contain _cv_ to be cached
../../lib/autoconf/general.m4:2042: AC_CACHE_VAL is expanded from...
../../lib/autoconf/general.m4:2063: AC_CACHE_CHECK is expanded from...
m4/ax_ext.m4:7: AX_EXT is expanded from...
configure.ac:149: the top level
configure.ac:149: warning: AC_CACHE_VAL(ax_have_sse3_ext, ...): suspicious cache-id, must contain _cv_ to be cached
../../lib/autoconf/general.m4:2042: AC_CACHE_VAL is expanded from...
../../lib/autoconf/general.m4:2063: AC_CACHE_CHECK is expanded from...
m4/ax_ext.m4:7: AX_EXT is expanded from...
configure.ac:149: the top level
configure.ac:149: warning: AC_CACHE_VAL(ax_have_ssse3_ext, ...): suspicious cache-id, must contain _cv_ to be cached
../../lib/autoconf/general.m4:2042: AC_CACHE_VAL is expanded from...
../../lib/autoconf/general.m4:2063: AC_CACHE_CHECK is expanded from...
m4/ax_ext.m4:7: AX_EXT is expanded from...
configure.ac:149: the top level
configure.ac:149: warning: AC_CACHE_VAL(ax_have_sse4_1_ext, ...): suspicious cache-id, must contain _cv_ to be cached
../../lib/autoconf/general.m4:2042: AC_CACHE_VAL is expanded from...
../../lib/autoconf/general.m4:2063: AC_CACHE_CHECK is expanded from...
m4/ax_ext.m4:7: AX_EXT is expanded from...
configure.ac:149: the top level
configure.ac:149: warning: AC_CACHE_VAL(ax_have_sse4_2_ext, ...): suspicious cache-id, must contain _cv_ to be cached
../../lib/autoconf/general.m4:2042: AC_CACHE_VAL is expanded from...
../../lib/autoconf/general.m4:2063: AC_CACHE_CHECK is expanded from...
m4/ax_ext.m4:7: AX_EXT is expanded from...
configure.ac:149: the top level
configure.ac:5: warning: AM_INIT_AUTOMAKE: two- and three-arguments forms are deprecated.  For more info, see:
configure.ac:5: http://www.gnu.org/software/automake/manual/automake.html#Modernize-AM_005fINIT_005fAUTOMAKE-invocation
configure.ac:11: installing './compile'
configure.ac:5: installing './missing'
src/Makefile.am: installing './depcomp'
   debian/rules override_dh_auto_configure
make[1]: Entering directory '/<<PKGBUILDDIR>>'
dh_auto_configure -- --enable-portable-binary --enable-pthread --enable-blips
	./configure --build=x86_64-linux-gnu --prefix=/usr --includedir=\${prefix}/include --mandir=\${prefix}/share/man --infodir=\${prefix}/share/info --sysconfdir=/etc --localstatedir=/var --disable-silent-rules --libdir=\${prefix}/lib/x86_64-linux-gnu --libexecdir=\${prefix}/lib/x86_64-linux-gnu --disable-maintainer-mode --disable-dependency-tracking --enable-portable-binary --enable-pthread --enable-blips
configure: WARNING: unrecognized options: --disable-maintainer-mode
checking for a BSD-compatible install... /usr/bin/install -c
checking whether build environment is sane... yes
checking for a thread-safe mkdir -p... /bin/mkdir -p
checking for gawk... no
checking for mawk... mawk
checking whether make sets $(MAKE)... yes
checking whether make supports nested variables... yes
checking for style of include used by make... GNU
checking for gcc... gcc
checking whether the C compiler works... yes
checking for C compiler default output file name... a.out
checking for suffix of executables... 
checking whether we are cross compiling... no
checking for suffix of object files... o
checking whether we are using the GNU C compiler... yes
checking whether gcc accepts -g... yes
checking for gcc option to accept ISO C89... none needed
checking whether gcc understands -c and -o together... yes
checking dependency style of gcc... none
checking for gcc option to accept ISO C99... none needed
checking for gcc option to accept ISO Standard C... (cached) none needed
checking for g++... g++
checking whether we are using the GNU C++ compiler... yes
checking whether g++ accepts -g... yes
checking dependency style of g++... none
checking for pkg-config... /usr/bin/pkg-config
checking pkg-config is at least version 0.9.0... yes
checking for C compiler vendor... gnu
checking build system type... x86_64-pc-linux-gnu
checking host system type... x86_64-pc-linux-gnu
checking for C++ compiler vendor... gnu
checking for restrict... __restrict__
*************** Enabling F77! ***************
checking for g77... no
checking for xlf... no
checking for f77... f77
checking whether we are using the GNU Fortran 77 compiler... yes
checking whether f77 accepts -g... yes
checking for Fortran 77 compiler vendor... unknown
checking how to print strings... printf
checking for a sed that does not truncate output... /bin/sed
checking for grep that handles long lines and -e... /bin/grep
checking for egrep... /bin/grep -E
checking for fgrep... /bin/grep -F
checking for ld used by gcc... /usr/bin/ld
checking if the linker (/usr/bin/ld) is GNU ld... yes
checking for BSD- or MS-compatible name lister (nm)... /usr/bin/nm -B
checking the name lister (/usr/bin/nm -B) interface... BSD nm
checking whether ln -s works... yes
checking the maximum length of command line arguments... 1572864
checking how to convert x86_64-pc-linux-gnu file names to x86_64-pc-linux-gnu format... func_convert_file_noop
checking how to convert x86_64-pc-linux-gnu file names to toolchain format... func_convert_file_noop
checking for /usr/bin/ld option to reload object files... -r
checking for objdump... objdump
checking how to recognize dependent libraries... pass_all
checking for dlltool... no
checking how to associate runtime and link libraries... printf %s\n
checking for ar... ar
checking for archiver @FILE support... @
checking for strip... strip
checking for ranlib... ranlib
checking command to parse /usr/bin/nm -B output from gcc object... ok
checking for sysroot... no
checking for a working dd... /bin/dd
checking how to truncate binary pipes... /bin/dd bs=4096 count=1
checking for mt... no
checking if : is a manifest tool... no
checking how to run the C preprocessor... gcc -E
checking for ANSI C header files... yes
checking for sys/types.h... yes
checking for sys/stat.h... yes
checking for stdlib.h... yes
checking for string.h... yes
checking for memory.h... yes
checking for strings.h... yes
checking for inttypes.h... yes
checking for stdint.h... yes
checking for unistd.h... yes
checking for dlfcn.h... yes
checking for objdir... .libs
checking if gcc supports -fno-rtti -fno-exceptions... yes
checking for gcc option to produce PIC... -fPIC -DPIC
checking if gcc PIC flag -fPIC -DPIC works... yes
checking if gcc static flag -static works... yes
checking if gcc supports -c -o file.o... yes
checking if gcc supports -c -o file.o... (cached) yes
checking whether the gcc linker (/usr/bin/ld -m elf_x86_64) supports shared libraries... yes
checking whether -lc should be explicitly linked in... no
checking dynamic linker characteristics... GNU/Linux ld.so
checking how to hardcode library paths into programs... immediate
checking whether stripping libraries is possible... yes
checking if libtool supports shared libraries... yes
checking whether to build shared libraries... yes
checking whether to build static libraries... yes
checking how to run the C++ preprocessor... g++ -E
checking for ld used by g++... /usr/bin/ld -m elf_x86_64
checking if the linker (/usr/bin/ld -m elf_x86_64) is GNU ld... yes
checking whether the g++ linker (/usr/bin/ld -m elf_x86_64) supports shared libraries... yes
checking for g++ option to produce PIC... -fPIC -DPIC
checking if g++ PIC flag -fPIC -DPIC works... yes
checking if g++ static flag -static works... yes
checking if g++ supports -c -o file.o... yes
checking if g++ supports -c -o file.o... (cached) yes
checking whether the g++ linker (/usr/bin/ld -m elf_x86_64) supports shared libraries... yes
checking dynamic linker characteristics... (cached) GNU/Linux ld.so
checking how to hardcode library paths into programs... immediate
checking if libtool supports shared libraries... yes
checking whether to build shared libraries... yes
checking whether to build static libraries... yes
checking for f77 option to produce PIC... -fPIC
checking if f77 PIC flag -fPIC works... yes
checking if f77 static flag -static works... yes
checking if f77 supports -c -o file.o... yes
checking if f77 supports -c -o file.o... (cached) yes
checking whether the f77 linker (/usr/bin/ld -m elf_x86_64) supports shared libraries... yes
checking dynamic linker characteristics... (cached) GNU/Linux ld.so
checking how to hardcode library paths into programs... immediate
enable_foratran = 
checking for sqrt in -lm... yes
checking LIBS = -lm ... checking for ANSI C header files... (cached) yes
checking for stdlib.h... (cached) yes
checking sys/time.h usability... yes
checking sys/time.h presence... yes
checking for sys/time.h... yes
checking for unistd.h... (cached) yes
checking for variable-length arrays... yes
checking optimal compiler flags... -g -O2 -fdebug-prefix-map=/<<PKGBUILDDIR>>=. -fstack-protector-strong -Wformat -Werror=format-security -g
checking for FFTW3... yes
checking for FFTW3F... yes
*************** Enabling F77! ***************
checking how to get verbose linking output from f77... -v
checking for Fortran 77 libraries of f77...  -L/usr/lib/gcc/x86_64-linux-gnu/6 -L/usr/lib/gcc/x86_64-linux-gnu/6/../../../x86_64-linux-gnu -L/usr/lib/gcc/x86_64-linux-gnu/6/../../../../lib -L/lib/x86_64-linux-gnu -L/lib/../lib -L/usr/lib/x86_64-linux-gnu -L/usr/lib/../lib -L/usr/lib/gcc/x86_64-linux-gnu/6/../../.. -lgfortran -lm -lquadmath
checking for dummy main to link with Fortran 77 libraries... none
checking for Fortran 77 name-mangling scheme... lower case, underscore, no extra underscore
checking how to get verbose linking output from f77... (cached) -v
checking for Fortran 77 libraries of f77... (cached)  -L/usr/lib/gcc/x86_64-linux-gnu/6 -L/usr/lib/gcc/x86_64-linux-gnu/6/../../../x86_64-linux-gnu -L/usr/lib/gcc/x86_64-linux-gnu/6/../../../../lib -L/lib/x86_64-linux-gnu -L/lib/../lib -L/usr/lib/x86_64-linux-gnu -L/usr/lib/../lib -L/usr/lib/gcc/x86_64-linux-gnu/6/../../.. -lgfortran -lm -lquadmath
checking for dummy main to link with Fortran 77 libraries... (cached) none
checking for stdbool.h that conforms to C99... yes
checking for _Bool... yes
checking for an ANSI C-conforming const... yes
checking for inline... inline
checking for size_t... yes
checking for error_at_line... yes
checking for working strtod... yes
checking for clock_gettime... yes
checking for floor... yes
checking for pow... yes
checking for sqrt... yes
checking for strtol... yes
checking for posix_memalign... yes
checking that generated files are newer than configure... done
configure: creating ./config.status
config.status: creating Makefile
config.status: creating src/Makefile
config.status: creating doc/Makefile
config.status: creating www/Makefile
config.status: creating einspline.pc
config.status: creating src/config.h
config.status: executing depfiles commands
config.status: executing libtool commands
configure: WARNING: unrecognized options: --disable-maintainer-mode
make[1]: Leaving directory '/<<PKGBUILDDIR>>'
   dh_auto_build -a -O--parallel
	make -j1
make[1]: Entering directory '/<<PKGBUILDDIR>>'
Making all in src
make[2]: Entering directory '/<<PKGBUILDDIR>>/src'
make  all-am
make[3]: Entering directory '/<<PKGBUILDDIR>>/src'
/bin/bash ../libtool  --tag=CC   --mode=compile gcc -DHAVE_CONFIG_H -I.   -Wdate-time -D_FORTIFY_SOURCE=2  -g -O2 -fdebug-prefix-map=/<<PKGBUILDDIR>>=. -fstack-protector-strong -Wformat -Werror=format-security -g -pthread -c -o bspline_create.lo bspline_create.c
libtool: compile:  gcc -DHAVE_CONFIG_H -I. -Wdate-time -D_FORTIFY_SOURCE=2 -g -O2 -fdebug-prefix-map=/<<PKGBUILDDIR>>=. -fstack-protector-strong -Wformat -Werror=format-security -g -pthread -c bspline_create.c  -fPIC -DPIC -o .libs/bspline_create.o
libtool: compile:  gcc -DHAVE_CONFIG_H -I. -Wdate-time -D_FORTIFY_SOURCE=2 -g -O2 -fdebug-prefix-map=/<<PKGBUILDDIR>>=. -fstack-protector-strong -Wformat -Werror=format-security -g -pthread -c bspline_create.c -o bspline_create.o >/dev/null 2>&1
/bin/bash ../libtool  --tag=CC   --mode=compile gcc -DHAVE_CONFIG_H -I.   -Wdate-time -D_FORTIFY_SOURCE=2  -g -O2 -fdebug-prefix-map=/<<PKGBUILDDIR>>=. -fstack-protector-strong -Wformat -Werror=format-security -g -pthread -c -o bspline_data.lo bspline_data.c
libtool: compile:  gcc -DHAVE_CONFIG_H -I. -Wdate-time -D_FORTIFY_SOURCE=2 -g -O2 -fdebug-prefix-map=/<<PKGBUILDDIR>>=. -fstack-protector-strong -Wformat -Werror=format-security -g -pthread -c bspline_data.c  -fPIC -DPIC -o .libs/bspline_data.o
bspline_data.c:24:1: warning: '/*' within block comment [-Wcomment]
/*   SSE Data    */
^
1 warning generated.
libtool: compile:  gcc -DHAVE_CONFIG_H -I. -Wdate-time -D_FORTIFY_SOURCE=2 -g -O2 -fdebug-prefix-map=/<<PKGBUILDDIR>>=. -fstack-protector-strong -Wformat -Werror=format-security -g -pthread -c bspline_data.c -o bspline_data.o >/dev/null 2>&1
/bin/bash ../libtool  --tag=CC   --mode=compile gcc -DHAVE_CONFIG_H -I.   -Wdate-time -D_FORTIFY_SOURCE=2  -g -O2 -fdebug-prefix-map=/<<PKGBUILDDIR>>=. -fstack-protector-strong -Wformat -Werror=format-security -g -pthread -c -o multi_bspline_create.lo multi_bspline_create.c
libtool: compile:  gcc -DHAVE_CONFIG_H -I. -Wdate-time -D_FORTIFY_SOURCE=2 -g -O2 -fdebug-prefix-map=/<<PKGBUILDDIR>>=. -fstack-protector-strong -Wformat -Werror=format-security -g -pthread -c multi_bspline_create.c  -fPIC -DPIC -o .libs/multi_bspline_create.o
libtool: compile:  gcc -DHAVE_CONFIG_H -I. -Wdate-time -D_FORTIFY_SOURCE=2 -g -O2 -fdebug-prefix-map=/<<PKGBUILDDIR>>=. -fstack-protector-strong -Wformat -Werror=format-security -g -pthread -c multi_bspline_create.c -o multi_bspline_create.o >/dev/null 2>&1
/bin/bash ../libtool  --tag=CC   --mode=compile gcc -DHAVE_CONFIG_H -I.   -Wdate-time -D_FORTIFY_SOURCE=2  -g -O2 -fdebug-prefix-map=/<<PKGBUILDDIR>>=. -fstack-protector-strong -Wformat -Werror=format-security -g -pthread -c -o multi_nubspline_create.lo multi_nubspline_create.c
libtool: compile:  gcc -DHAVE_CONFIG_H -I. -Wdate-time -D_FORTIFY_SOURCE=2 -g -O2 -fdebug-prefix-map=/<<PKGBUILDDIR>>=. -fstack-protector-strong -Wformat -Werror=format-security -g -pthread -c multi_nubspline_create.c  -fPIC -DPIC -o .libs/multi_nubspline_create.o
libtool: compile:  gcc -DHAVE_CONFIG_H -I. -Wdate-time -D_FORTIFY_SOURCE=2 -g -O2 -fdebug-prefix-map=/<<PKGBUILDDIR>>=. -fstack-protector-strong -Wformat -Werror=format-security -g -pthread -c multi_nubspline_create.c -o multi_nubspline_create.o >/dev/null 2>&1
/bin/bash ../libtool  --tag=CC   --mode=compile gcc -DHAVE_CONFIG_H -I.   -Wdate-time -D_FORTIFY_SOURCE=2  -g -O2 -fdebug-prefix-map=/<<PKGBUILDDIR>>=. -fstack-protector-strong -Wformat -Werror=format-security -g -pthread -c -o nubspline_create.lo nubspline_create.c
libtool: compile:  gcc -DHAVE_CONFIG_H -I. -Wdate-time -D_FORTIFY_SOURCE=2 -g -O2 -fdebug-prefix-map=/<<PKGBUILDDIR>>=. -fstack-protector-strong -Wformat -Werror=format-security -g -pthread -c nubspline_create.c  -fPIC -DPIC -o .libs/nubspline_create.o
nubspline_create.c:1072:11: warning: 9 enumeration values not handled in switch: 'U1D', 'U2D', 'U3D'... [-Wswitch]
  switch (spline->sp_code) {
          ^
1 warning generated.
libtool: compile:  gcc -DHAVE_CONFIG_H -I. -Wdate-time -D_FORTIFY_SOURCE=2 -g -O2 -fdebug-prefix-map=/<<PKGBUILDDIR>>=. -fstack-protector-strong -Wformat -Werror=format-security -g -pthread -c nubspline_create.c -o nubspline_create.o >/dev/null 2>&1
/bin/bash ../libtool  --tag=CC   --mode=compile gcc -DHAVE_CONFIG_H -I.   -Wdate-time -D_FORTIFY_SOURCE=2  -g -O2 -fdebug-prefix-map=/<<PKGBUILDDIR>>=. -fstack-protector-strong -Wformat -Werror=format-security -g -pthread -c -o nubasis.lo nubasis.c
libtool: compile:  gcc -DHAVE_CONFIG_H -I. -Wdate-time -D_FORTIFY_SOURCE=2 -g -O2 -fdebug-prefix-map=/<<PKGBUILDDIR>>=. -fstack-protector-strong -Wformat -Werror=format-security -g -pthread -c nubasis.c  -fPIC -DPIC -o .libs/nubasis.o
libtool: compile:  gcc -DHAVE_CONFIG_H -I. -Wdate-time -D_FORTIFY_SOURCE=2 -g -O2 -fdebug-prefix-map=/<<PKGBUILDDIR>>=. -fstack-protector-strong -Wformat -Werror=format-security -g -pthread -c nubasis.c -o nubasis.o >/dev/null 2>&1
/bin/bash ../libtool  --tag=CC   --mode=compile gcc -DHAVE_CONFIG_H -I.   -Wdate-time -D_FORTIFY_SOURCE=2  -g -O2 -fdebug-prefix-map=/<<PKGBUILDDIR>>=. -fstack-protector-strong -Wformat -Werror=format-security -g -pthread -c -o nugrid.lo nugrid.c
libtool: compile:  gcc -DHAVE_CONFIG_H -I. -Wdate-time -D_FORTIFY_SOURCE=2 -g -O2 -fdebug-prefix-map=/<<PKGBUILDDIR>>=. -fstack-protector-strong -Wformat -Werror=format-security -g -pthread -c nugrid.c  -fPIC -DPIC -o .libs/nugrid.o
libtool: compile:  gcc -DHAVE_CONFIG_H -I. -Wdate-time -D_FORTIFY_SOURCE=2 -g -O2 -fdebug-prefix-map=/<<PKGBUILDDIR>>=. -fstack-protector-strong -Wformat -Werror=format-security -g -pthread -c nugrid.c -o nugrid.o >/dev/null 2>&1
/bin/bash ../libtool  --tag=CC   --mode=compile gcc -DHAVE_CONFIG_H -I.   -Wdate-time -D_FORTIFY_SOURCE=2  -g -O2 -fdebug-prefix-map=/<<PKGBUILDDIR>>=. -fstack-protector-strong -Wformat -Werror=format-security -g -pthread -c -o multi_bspline_eval_std_s.lo multi_bspline_eval_std_s.c
libtool: compile:  gcc -DHAVE_CONFIG_H -I. -Wdate-time -D_FORTIFY_SOURCE=2 -g -O2 -fdebug-prefix-map=/<<PKGBUILDDIR>>=. -fstack-protector-strong -Wformat -Werror=format-security -g -pthread -c multi_bspline_eval_std_s.c  -fPIC -DPIC -o .libs/multi_bspline_eval_std_s.o
libtool: compile:  gcc -DHAVE_CONFIG_H -I. -Wdate-time -D_FORTIFY_SOURCE=2 -g -O2 -fdebug-prefix-map=/<<PKGBUILDDIR>>=. -fstack-protector-strong -Wformat -Werror=format-security -g -pthread -c multi_bspline_eval_std_s.c -o multi_bspline_eval_std_s.o >/dev/null 2>&1
/bin/bash ../libtool  --tag=CXX   --mode=compile g++ -DHAVE_CONFIG_H -I.   -Wdate-time -D_FORTIFY_SOURCE=2  -g -O2 -fdebug-prefix-map=/<<PKGBUILDDIR>>=. -fstack-protector-strong -Wformat -Werror=format-security -g -pthread -c -o multi_bspline_eval_std_s_cpp.lo multi_bspline_eval_std_s_cpp.cc
libtool: compile:  g++ -DHAVE_CONFIG_H -I. -Wdate-time -D_FORTIFY_SOURCE=2 -g -O2 -fdebug-prefix-map=/<<PKGBUILDDIR>>=. -fstack-protector-strong -Wformat -Werror=format-security -g -pthread -c multi_bspline_eval_std_s_cpp.cc  -fPIC -DPIC -o .libs/multi_bspline_eval_std_s_cpp.o
libtool: compile:  g++ -DHAVE_CONFIG_H -I. -Wdate-time -D_FORTIFY_SOURCE=2 -g -O2 -fdebug-prefix-map=/<<PKGBUILDDIR>>=. -fstack-protector-strong -Wformat -Werror=format-security -g -pthread -c multi_bspline_eval_std_s_cpp.cc -o multi_bspline_eval_std_s_cpp.o >/dev/null 2>&1
/bin/bash ../libtool  --tag=CC   --mode=compile gcc -DHAVE_CONFIG_H -I.   -Wdate-time -D_FORTIFY_SOURCE=2  -g -O2 -fdebug-prefix-map=/<<PKGBUILDDIR>>=. -fstack-protector-strong -Wformat -Werror=format-security -g -pthread -c -o multi_bspline_eval_std_c.lo multi_bspline_eval_std_c.c
libtool: compile:  gcc -DHAVE_CONFIG_H -I. -Wdate-time -D_FORTIFY_SOURCE=2 -g -O2 -fdebug-prefix-map=/<<PKGBUILDDIR>>=. -fstack-protector-strong -Wformat -Werror=format-security -g -pthread -c multi_bspline_eval_std_c.c  -fPIC -DPIC -o .libs/multi_bspline_eval_std_c.o
libtool: compile:  gcc -DHAVE_CONFIG_H -I. -Wdate-time -D_FORTIFY_SOURCE=2 -g -O2 -fdebug-prefix-map=/<<PKGBUILDDIR>>=. -fstack-protector-strong -Wformat -Werror=format-security -g -pthread -c multi_bspline_eval_std_c.c -o multi_bspline_eval_std_c.o >/dev/null 2>&1
/bin/bash ../libtool  --tag=CXX   --mode=compile g++ -DHAVE_CONFIG_H -I.   -Wdate-time -D_FORTIFY_SOURCE=2  -g -O2 -fdebug-prefix-map=/<<PKGBUILDDIR>>=. -fstack-protector-strong -Wformat -Werror=format-security -g -pthread -c -o multi_bspline_eval_std_c_cpp.lo multi_bspline_eval_std_c_cpp.cc
libtool: compile:  g++ -DHAVE_CONFIG_H -I. -Wdate-time -D_FORTIFY_SOURCE=2 -g -O2 -fdebug-prefix-map=/<<PKGBUILDDIR>>=. -fstack-protector-strong -Wformat -Werror=format-security -g -pthread -c multi_bspline_eval_std_c_cpp.cc  -fPIC -DPIC -o .libs/multi_bspline_eval_std_c_cpp.o
libtool: compile:  g++ -DHAVE_CONFIG_H -I. -Wdate-time -D_FORTIFY_SOURCE=2 -g -O2 -fdebug-prefix-map=/<<PKGBUILDDIR>>=. -fstack-protector-strong -Wformat -Werror=format-security -g -pthread -c multi_bspline_eval_std_c_cpp.cc -o multi_bspline_eval_std_c_cpp.o >/dev/null 2>&1
/bin/bash ../libtool  --tag=CC   --mode=compile gcc -DHAVE_CONFIG_H -I.   -Wdate-time -D_FORTIFY_SOURCE=2  -g -O2 -fdebug-prefix-map=/<<PKGBUILDDIR>>=. -fstack-protector-strong -Wformat -Werror=format-security -g -pthread -c -o multi_bspline_eval_std_d.lo multi_bspline_eval_std_d.c
libtool: compile:  gcc -DHAVE_CONFIG_H -I. -Wdate-time -D_FORTIFY_SOURCE=2 -g -O2 -fdebug-prefix-map=/<<PKGBUILDDIR>>=. -fstack-protector-strong -Wformat -Werror=format-security -g -pthread -c multi_bspline_eval_std_d.c  -fPIC -DPIC -o .libs/multi_bspline_eval_std_d.o
libtool: compile:  gcc -DHAVE_CONFIG_H -I. -Wdate-time -D_FORTIFY_SOURCE=2 -g -O2 -fdebug-prefix-map=/<<PKGBUILDDIR>>=. -fstack-protector-strong -Wformat -Werror=format-security -g -pthread -c multi_bspline_eval_std_d.c -o multi_bspline_eval_std_d.o >/dev/null 2>&1
/bin/bash ../libtool  --tag=CXX   --mode=compile g++ -DHAVE_CONFIG_H -I.   -Wdate-time -D_FORTIFY_SOURCE=2  -g -O2 -fdebug-prefix-map=/<<PKGBUILDDIR>>=. -fstack-protector-strong -Wformat -Werror=format-security -g -pthread -c -o multi_bspline_eval_std_d_cpp.lo multi_bspline_eval_std_d_cpp.cc
libtool: compile:  g++ -DHAVE_CONFIG_H -I. -Wdate-time -D_FORTIFY_SOURCE=2 -g -O2 -fdebug-prefix-map=/<<PKGBUILDDIR>>=. -fstack-protector-strong -Wformat -Werror=format-security -g -pthread -c multi_bspline_eval_std_d_cpp.cc  -fPIC -DPIC -o .libs/multi_bspline_eval_std_d_cpp.o
libtool: compile:  g++ -DHAVE_CONFIG_H -I. -Wdate-time -D_FORTIFY_SOURCE=2 -g -O2 -fdebug-prefix-map=/<<PKGBUILDDIR>>=. -fstack-protector-strong -Wformat -Werror=format-security -g -pthread -c multi_bspline_eval_std_d_cpp.cc -o multi_bspline_eval_std_d_cpp.o >/dev/null 2>&1
/bin/bash ../libtool  --tag=CC   --mode=compile gcc -DHAVE_CONFIG_H -I.   -Wdate-time -D_FORTIFY_SOURCE=2  -g -O2 -fdebug-prefix-map=/<<PKGBUILDDIR>>=. -fstack-protector-strong -Wformat -Werror=format-security -g -pthread -c -o multi_bspline_eval_std_z.lo multi_bspline_eval_std_z.c
libtool: compile:  gcc -DHAVE_CONFIG_H -I. -Wdate-time -D_FORTIFY_SOURCE=2 -g -O2 -fdebug-prefix-map=/<<PKGBUILDDIR>>=. -fstack-protector-strong -Wformat -Werror=format-security -g -pthread -c multi_bspline_eval_std_z.c  -fPIC -DPIC -o .libs/multi_bspline_eval_std_z.o
libtool: compile:  gcc -DHAVE_CONFIG_H -I. -Wdate-time -D_FORTIFY_SOURCE=2 -g -O2 -fdebug-prefix-map=/<<PKGBUILDDIR>>=. -fstack-protector-strong -Wformat -Werror=format-security -g -pthread -c multi_bspline_eval_std_z.c -o multi_bspline_eval_std_z.o >/dev/null 2>&1
/bin/bash ../libtool  --tag=CXX   --mode=compile g++ -DHAVE_CONFIG_H -I.   -Wdate-time -D_FORTIFY_SOURCE=2  -g -O2 -fdebug-prefix-map=/<<PKGBUILDDIR>>=. -fstack-protector-strong -Wformat -Werror=format-security -g -pthread -c -o multi_bspline_eval_std_z_cpp.lo multi_bspline_eval_std_z_cpp.cc
libtool: compile:  g++ -DHAVE_CONFIG_H -I. -Wdate-time -D_FORTIFY_SOURCE=2 -g -O2 -fdebug-prefix-map=/<<PKGBUILDDIR>>=. -fstack-protector-strong -Wformat -Werror=format-security -g -pthread -c multi_bspline_eval_std_z_cpp.cc  -fPIC -DPIC -o .libs/multi_bspline_eval_std_z_cpp.o
libtool: compile:  g++ -DHAVE_CONFIG_H -I. -Wdate-time -D_FORTIFY_SOURCE=2 -g -O2 -fdebug-prefix-map=/<<PKGBUILDDIR>>=. -fstack-protector-strong -Wformat -Werror=format-security -g -pthread -c multi_bspline_eval_std_z_cpp.cc -o multi_bspline_eval_std_z_cpp.o >/dev/null 2>&1
/bin/bash ../libtool  --tag=CC   --mode=compile gcc -DHAVE_CONFIG_H -I.   -Wdate-time -D_FORTIFY_SOURCE=2  -g -O2 -fdebug-prefix-map=/<<PKGBUILDDIR>>=. -fstack-protector-strong -Wformat -Werror=format-security -g -pthread -c -o multi_nubspline_eval_std_z.lo multi_nubspline_eval_std_z.c
libtool: compile:  gcc -DHAVE_CONFIG_H -I. -Wdate-time -D_FORTIFY_SOURCE=2 -g -O2 -fdebug-prefix-map=/<<PKGBUILDDIR>>=. -fstack-protector-strong -Wformat -Werror=format-security -g -pthread -c multi_nubspline_eval_std_z.c  -fPIC -DPIC -o .libs/multi_nubspline_eval_std_z.o
libtool: compile:  gcc -DHAVE_CONFIG_H -I. -Wdate-time -D_FORTIFY_SOURCE=2 -g -O2 -fdebug-prefix-map=/<<PKGBUILDDIR>>=. -fstack-protector-strong -Wformat -Werror=format-security -g -pthread -c multi_nubspline_eval_std_z.c -o multi_nubspline_eval_std_z.o >/dev/null 2>&1
/bin/bash ../libtool  --tag=CXX   --mode=compile g++ -DHAVE_CONFIG_H -I.   -Wdate-time -D_FORTIFY_SOURCE=2  -g -O2 -fdebug-prefix-map=/<<PKGBUILDDIR>>=. -fstack-protector-strong -Wformat -Werror=format-security -g -pthread -c -o multi_nubspline_eval_std_z_cpp.lo multi_nubspline_eval_std_z_cpp.cc
libtool: compile:  g++ -DHAVE_CONFIG_H -I. -Wdate-time -D_FORTIFY_SOURCE=2 -g -O2 -fdebug-prefix-map=/<<PKGBUILDDIR>>=. -fstack-protector-strong -Wformat -Werror=format-security -g -pthread -c multi_nubspline_eval_std_z_cpp.cc  -fPIC -DPIC -o .libs/multi_nubspline_eval_std_z_cpp.o
libtool: compile:  g++ -DHAVE_CONFIG_H -I. -Wdate-time -D_FORTIFY_SOURCE=2 -g -O2 -fdebug-prefix-map=/<<PKGBUILDDIR>>=. -fstack-protector-strong -Wformat -Werror=format-security -g -pthread -c multi_nubspline_eval_std_z_cpp.cc -o multi_nubspline_eval_std_z_cpp.o >/dev/null 2>&1
/bin/bash ../libtool  --tag=CC   --mode=compile gcc -DHAVE_CONFIG_H -I.   -Wdate-time -D_FORTIFY_SOURCE=2  -g -O2 -fdebug-prefix-map=/<<PKGBUILDDIR>>=. -fstack-protector-strong -Wformat -Werror=format-security -g -pthread -c -o blip_create.lo blip_create.c
libtool: compile:  gcc -DHAVE_CONFIG_H -I. -Wdate-time -D_FORTIFY_SOURCE=2 -g -O2 -fdebug-prefix-map=/<<PKGBUILDDIR>>=. -fstack-protector-strong -Wformat -Werror=format-security -g -pthread -c blip_create.c  -fPIC -DPIC -o .libs/blip_create.o
In file included from blip_create.c:13:
./aligned_alloc.h:12:3: warning: ignoring return value of function declared with warn_unused_result attribute [-Wunused-result]
  posix_memalign (&ptr, alignment, size);
  ^~~~~~~~~~~~~~  ~~~~~~~~~~~~~~~~~~~~~
1 warning generated.
libtool: compile:  gcc -DHAVE_CONFIG_H -I. -Wdate-time -D_FORTIFY_SOURCE=2 -g -O2 -fdebug-prefix-map=/<<PKGBUILDDIR>>=. -fstack-protector-strong -Wformat -Werror=format-security -g -pthread -c blip_create.c -o blip_create.o >/dev/null 2>&1
/bin/bash ../libtool  --tag=CC   --mode=compile gcc -DHAVE_CONFIG_H -I.   -Wdate-time -D_FORTIFY_SOURCE=2  -g -O2 -fdebug-prefix-map=/<<PKGBUILDDIR>>=. -fstack-protector-strong -Wformat -Werror=format-security -g -pthread -c -o fbspline.lo fbspline.c
libtool: compile:  gcc -DHAVE_CONFIG_H -I. -Wdate-time -D_FORTIFY_SOURCE=2 -g -O2 -fdebug-prefix-map=/<<PKGBUILDDIR>>=. -fstack-protector-strong -Wformat -Werror=format-security -g -pthread -c fbspline.c  -fPIC -DPIC -o .libs/fbspline.o
libtool: compile:  gcc -DHAVE_CONFIG_H -I. -Wdate-time -D_FORTIFY_SOURCE=2 -g -O2 -fdebug-prefix-map=/<<PKGBUILDDIR>>=. -fstack-protector-strong -Wformat -Werror=format-security -g -pthread -c fbspline.c -o fbspline.o >/dev/null 2>&1
/bin/bash ../libtool  --tag=CC   --mode=compile gcc -DHAVE_CONFIG_H -I.   -Wdate-time -D_FORTIFY_SOURCE=2  -g -O2 -fdebug-prefix-map=/<<PKGBUILDDIR>>=. -fstack-protector-strong -Wformat -Werror=format-security -g -pthread -c -o fmulti_bspline.lo fmulti_bspline.c
libtool: compile:  gcc -DHAVE_CONFIG_H -I. -Wdate-time -D_FORTIFY_SOURCE=2 -g -O2 -fdebug-prefix-map=/<<PKGBUILDDIR>>=. -fstack-protector-strong -Wformat -Werror=format-security -g -pthread -c fmulti_bspline.c  -fPIC -DPIC -o .libs/fmulti_bspline.o
libtool: compile:  gcc -DHAVE_CONFIG_H -I. -Wdate-time -D_FORTIFY_SOURCE=2 -g -O2 -fdebug-prefix-map=/<<PKGBUILDDIR>>=. -fstack-protector-strong -Wformat -Werror=format-security -g -pthread -c fmulti_bspline.c -o fmulti_bspline.o >/dev/null 2>&1
/bin/bash ../libtool  --tag=CC   --mode=compile gcc -DHAVE_CONFIG_H -I.   -Wdate-time -D_FORTIFY_SOURCE=2  -g -O2 -fdebug-prefix-map=/<<PKGBUILDDIR>>=. -fstack-protector-strong -Wformat -Werror=format-security -g -pthread -c -o fnubspline.lo fnubspline.c
libtool: compile:  gcc -DHAVE_CONFIG_H -I. -Wdate-time -D_FORTIFY_SOURCE=2 -g -O2 -fdebug-prefix-map=/<<PKGBUILDDIR>>=. -fstack-protector-strong -Wformat -Werror=format-security -g -pthread -c fnubspline.c  -fPIC -DPIC -o .libs/fnubspline.o
libtool: compile:  gcc -DHAVE_CONFIG_H -I. -Wdate-time -D_FORTIFY_SOURCE=2 -g -O2 -fdebug-prefix-map=/<<PKGBUILDDIR>>=. -fstack-protector-strong -Wformat -Werror=format-security -g -pthread -c fnubspline.c -o fnubspline.o >/dev/null 2>&1
/bin/bash ../libtool  --tag=CXX   --mode=link g++  -g -O2 -fdebug-prefix-map=/<<PKGBUILDDIR>>=. -fstack-protector-strong -Wformat -Werror=format-security -g -pthread  -Wl,-z,relro -o libeinspline.la -rpath /usr/lib/x86_64-linux-gnu bspline_create.lo bspline_data.lo multi_bspline_create.lo multi_nubspline_create.lo nubspline_create.lo nubasis.lo nugrid.lo multi_bspline_eval_std_s.lo multi_bspline_eval_std_s_cpp.lo multi_bspline_eval_std_c.lo multi_bspline_eval_std_c_cpp.lo multi_bspline_eval_std_d.lo multi_bspline_eval_std_d_cpp.lo multi_bspline_eval_std_z.lo multi_bspline_eval_std_z_cpp.lo multi_nubspline_eval_std_z.lo multi_nubspline_eval_std_z_cpp.lo blip_create.lo  fbspline.lo fmulti_bspline.lo fnubspline.lo -L/usr/lib/gcc/x86_64-linux-gnu/6 -L/usr/lib/gcc/x86_64-linux-gnu/6/../../../x86_64-linux-gnu -L/usr/lib/gcc/x86_64-linux-gnu/6/../../../../lib -L/lib/x86_64-linux-gnu -L/lib/../lib -L/usr/lib/x86_64-linux-gnu -L/usr/lib/../lib -L/usr/lib/gcc/x86_64-linux-gnu/6/../../.. -lgfortran -lm -lquadmath -lfftw3 -lfftw3f -lm  
libtool: link: g++  -fPIC -DPIC -shared -nostdlib /usr/bin/../lib/gcc/x86_64-linux-gnu/6.2.0/../../../x86_64-linux-gnu/crti.o /usr/bin/../lib/gcc/x86_64-linux-gnu/6.2.0/crtbeginS.o  .libs/bspline_create.o .libs/bspline_data.o .libs/multi_bspline_create.o .libs/multi_nubspline_create.o .libs/nubspline_create.o .libs/nubasis.o .libs/nugrid.o .libs/multi_bspline_eval_std_s.o .libs/multi_bspline_eval_std_s_cpp.o .libs/multi_bspline_eval_std_c.o .libs/multi_bspline_eval_std_c_cpp.o .libs/multi_bspline_eval_std_d.o .libs/multi_bspline_eval_std_d_cpp.o .libs/multi_bspline_eval_std_z.o .libs/multi_bspline_eval_std_z_cpp.o .libs/multi_nubspline_eval_std_z.o .libs/multi_nubspline_eval_std_z_cpp.o .libs/blip_create.o .libs/fbspline.o .libs/fmulti_bspline.o .libs/fnubspline.o   -L/usr/lib/gcc/x86_64-linux-gnu/6 -L/usr/lib/gcc/x86_64-linux-gnu/6/../../../x86_64-linux-gnu -L/usr/lib/gcc/x86_64-linux-gnu/6/../../../../lib -L/lib/x86_64-linux-gnu -L/lib/../lib -L/usr/lib/x86_64-linux-gnu -L/usr/lib/../lib -L/usr/lib/gcc/x86_64-linux-gnu/6/../../.. -lgfortran -lquadmath -lfftw3 -lfftw3f -L/usr/bin/../lib/gcc/x86_64-linux-gnu/6.2.0 -L/usr/bin/../lib/gcc/x86_64-linux-gnu/6.2.0/../../../x86_64-linux-gnu -L/lib/../lib64 -L/usr/bin/../lib/gcc/x86_64-linux-gnu/6.2.0/../../.. -L/usr/lib/llvm-3.8/bin/../lib -L/lib -L/usr/lib -lstdc++ -lm -lc -lgcc_s /usr/bin/../lib/gcc/x86_64-linux-gnu/6.2.0/crtendS.o /usr/bin/../lib/gcc/x86_64-linux-gnu/6.2.0/../../../x86_64-linux-gnu/crtn.o  -g -O2 -fstack-protector-strong -g -pthread -Wl,-z -Wl,relro   -pthread -Wl,-soname -Wl,libeinspline.so.0 -o .libs/libeinspline.so.0.0.0
clang: warning: argument unused during compilation: '-pthread'
clang: warning: argument unused during compilation: '-pthread'
libtool: link: (cd ".libs" && rm -f "libeinspline.so.0" && ln -s "libeinspline.so.0.0.0" "libeinspline.so.0")
libtool: link: (cd ".libs" && rm -f "libeinspline.so" && ln -s "libeinspline.so.0.0.0" "libeinspline.so")
libtool: link: ar cru .libs/libeinspline.a  bspline_create.o bspline_data.o multi_bspline_create.o multi_nubspline_create.o nubspline_create.o nubasis.o nugrid.o multi_bspline_eval_std_s.o multi_bspline_eval_std_s_cpp.o multi_bspline_eval_std_c.o multi_bspline_eval_std_c_cpp.o multi_bspline_eval_std_d.o multi_bspline_eval_std_d_cpp.o multi_bspline_eval_std_z.o multi_bspline_eval_std_z_cpp.o multi_nubspline_eval_std_z.o multi_nubspline_eval_std_z_cpp.o blip_create.o fbspline.o fmulti_bspline.o fnubspline.o
ar: `u' modifier ignored since `D' is the default (see `U')
libtool: link: ranlib .libs/libeinspline.a
libtool: link: ( cd ".libs" && rm -f "libeinspline.la" && ln -s "../libeinspline.la" "libeinspline.la" )
gcc -DHAVE_CONFIG_H -I.   -Wdate-time -D_FORTIFY_SOURCE=2  -g -O2 -fdebug-prefix-map=/<<PKGBUILDDIR>>=. -fstack-protector-strong -Wformat -Werror=format-security -g -pthread -c -o time_multi.o time_multi.c
time_multi.c:1168:54: warning: incompatible pointer types passing 'complex_float [num_splines]' to parameter of type 'float *' [-Wincompatible-pointer-types]
    eval_multi_UBspline_3d_s (multi_spline, x, y, z, multi_vals);
                                                     ^~~~~~~~~~
./multi_bspline_eval_s.h:89:22: note: passing argument to parameter 'vals' here
                          float* restrict vals);
                                          ^
time_multi.c:1170:53: warning: incompatible pointer types passing 'complex_float *' (aka '_Complex float *') to parameter of type 'float *' [-Wincompatible-pointer-types]
      eval_UBspline_3d_s (norm_splines[j], x, y, z, &(norm_vals[j]));
                                                    ^~~~~~~~~~~~~~~
./bspline_eval_std_s.h:403:23: note: passing argument to parameter 'val' here
                    float* restrict val)
                                    ^
time_multi.c:1181:7: warning: incompatible pointer types passing 'complex_float [num_splines]' to parameter of type 'float *' [-Wincompatible-pointer-types]
                                  multi_vals, multi_grads);
                                  ^~~~~~~~~~
./multi_bspline_eval_s.h:94:25: note: passing argument to parameter 'vals' here
                             float* restrict vals,
                                             ^
time_multi.c:1181:19: warning: incompatible pointer types passing 'complex_float [3 * num_splines]' to parameter of type 'float *' [-Wincompatible-pointer-types]
                                  multi_vals, multi_grads);
                                              ^~~~~~~~~~~
./multi_bspline_eval_s.h:95:25: note: passing argument to parameter 'grads' here
                             float* restrict grads);
                                             ^
time_multi.c:1183:56: warning: incompatible pointer types passing 'complex_float *' (aka '_Complex float *') to parameter of type 'float *' [-Wincompatible-pointer-types]
      eval_UBspline_3d_s_vg (norm_splines[j], x, y, z, &(norm_vals[j]),
                                                       ^~~~~~~~~~~~~~~
./bspline_eval_std_s.h:467:20: note: passing argument to parameter 'val' here
                        float* restrict val, float* restrict grad)
                                        ^
time_multi.c:1184:6: warning: incompatible pointer types passing 'complex_float *' (aka '_Complex float *') to parameter of type 'float *' [-Wincompatible-pointer-types]
                          &(norm_grads[3*j]));
                          ^~~~~~~~~~~~~~~~~~
./bspline_eval_std_s.h:467:41: note: passing argument to parameter 'grad' here
                        float* restrict val, float* restrict grad)
                                                             ^
time_multi.c:1201:7: warning: incompatible pointer types passing 'complex_float [num_splines]' to parameter of type 'float *' [-Wincompatible-pointer-types]
                                  multi_vals, multi_grads, multi_lapl);
                                  ^~~~~~~~~~
./multi_bspline_eval_s.h:100:26: note: passing argument to parameter 'vals' here
                              float* restrict vals,
                                              ^
time_multi.c:1201:19: warning: incompatible pointer types passing 'complex_float [3 * num_splines]' to parameter of type 'float *' [-Wincompatible-pointer-types]
                                  multi_vals, multi_grads, multi_lapl);
                                              ^~~~~~~~~~~
./multi_bspline_eval_s.h:101:26: note: passing argument to parameter 'grads' here
                              float* restrict grads,
                                              ^
time_multi.c:1201:32: warning: incompatible pointer types passing 'complex_float [num_splines]' to parameter of type 'float *' [-Wincompatible-pointer-types]
                                  multi_vals, multi_grads, multi_lapl);
                                                           ^~~~~~~~~~
./multi_bspline_eval_s.h:102:26: note: passing argument to parameter 'lapl' here
                              float* restrict lapl);
                                              ^
time_multi.c:1203:57: warning: incompatible pointer types passing 'complex_float *' (aka '_Complex float *') to parameter of type 'float *' [-Wincompatible-pointer-types]
      eval_UBspline_3d_s_vgl (norm_splines[j], x, y, z, &(norm_vals[j]),
                                                        ^~~~~~~~~~~~~~~
./bspline_eval_std_s.h:576:20: note: passing argument to parameter 'val' here
                        float* restrict val, float* restrict grad, float* restrict lapl)
                                        ^
time_multi.c:1204:6: warning: incompatible pointer types passing 'complex_float *' (aka '_Complex float *') to parameter of type 'float *' [-Wincompatible-pointer-types]
                          &(norm_grads[3*j]), &(norm_lapl[j]));
                          ^~~~~~~~~~~~~~~~~~
./bspline_eval_std_s.h:576:41: note: passing argument to parameter 'grad' here
                        float* restrict val, float* restrict grad, float* restrict lapl)
                                                             ^
time_multi.c:1204:26: warning: incompatible pointer types passing 'complex_float *' (aka '_Complex float *') to parameter of type 'float *' [-Wincompatible-pointer-types]
                          &(norm_grads[3*j]), &(norm_lapl[j]));
                                              ^~~~~~~~~~~~~~~
./bspline_eval_std_s.h:576:63: note: passing argument to parameter 'lapl' here
                        float* restrict val, float* restrict grad, float* restrict lapl)
                                                                                   ^
time_multi.c:1225:7: warning: incompatible pointer types passing 'complex_float [num_splines]' to parameter of type 'float *' [-Wincompatible-pointer-types]
                                  multi_vals, multi_grads, multi_hess);
                                  ^~~~~~~~~~
./multi_bspline_eval_s.h:107:26: note: passing argument to parameter 'vals' here
                              float* restrict vals,
                                              ^
time_multi.c:1225:19: warning: incompatible pointer types passing 'complex_float [3 * num_splines]' to parameter of type 'float *' [-Wincompatible-pointer-types]
                                  multi_vals, multi_grads, multi_hess);
                                              ^~~~~~~~~~~
./multi_bspline_eval_s.h:108:26: note: passing argument to parameter 'grads' here
                              float* restrict grads,
                                              ^
time_multi.c:1225:32: warning: incompatible pointer types passing 'complex_float [9 * num_splines]' to parameter of type 'float *' [-Wincompatible-pointer-types]
                                  multi_vals, multi_grads, multi_hess);
                                                           ^~~~~~~~~~
./multi_bspline_eval_s.h:109:26: note: passing argument to parameter 'hess' here
                              float* restrict hess);
                                              ^
time_multi.c:1227:57: warning: incompatible pointer types passing 'complex_float *' (aka '_Complex float *') to parameter of type 'float *' [-Wincompatible-pointer-types]
      eval_UBspline_3d_s_vgh (norm_splines[j], x, y, z, &(norm_vals[j]),
                                                        ^~~~~~~~~~~~~~~
./bspline_eval_std_s.h:739:20: note: passing argument to parameter 'val' here
                        float* restrict val, float* restrict grad, float* restrict hess)
                                        ^
time_multi.c:1228:6: warning: incompatible pointer types passing 'complex_float *' (aka '_Complex float *') to parameter of type 'float *' [-Wincompatible-pointer-types]
                          &(norm_grads[3*j]), &(norm_hess[9*j]));
                          ^~~~~~~~~~~~~~~~~~
./bspline_eval_std_s.h:739:41: note: passing argument to parameter 'grad' here
                        float* restrict val, float* restrict grad, float* restrict hess)
                                                             ^
time_multi.c:1228:26: warning: incompatible pointer types passing 'complex_float *' (aka '_Complex float *') to parameter of type 'float *' [-Wincompatible-pointer-types]
                          &(norm_grads[3*j]), &(norm_hess[9*j]));
                                              ^~~~~~~~~~~~~~~~~
./bspline_eval_std_s.h:739:63: note: passing argument to parameter 'hess' here
                        float* restrict val, float* restrict grad, float* restrict hess)
                                                                                   ^
time_multi.c:2780:1: warning: type specifier missing, defaults to 'int' [-Wimplicit-int]
main()
^
19 warnings generated.
/bin/bash ../libtool  --tag=CC   --mode=link gcc  -g -O2 -fdebug-prefix-map=/<<PKGBUILDDIR>>=. -fstack-protector-strong -Wformat -Werror=format-security -g -pthread  -Wl,-z,relro -o time_multi time_multi.o libeinspline.la -L/usr/lib/gcc/x86_64-linux-gnu/6 -L/usr/lib/gcc/x86_64-linux-gnu/6/../../../x86_64-linux-gnu -L/usr/lib/gcc/x86_64-linux-gnu/6/../../../../lib -L/lib/x86_64-linux-gnu -L/lib/../lib -L/usr/lib/x86_64-linux-gnu -L/usr/lib/../lib -L/usr/lib/gcc/x86_64-linux-gnu/6/../../.. -lgfortran -lm -lquadmath -lfftw3 -lfftw3f -lm  
libtool: link: gcc -g -O2 -fdebug-prefix-map=/<<PKGBUILDDIR>>=. -fstack-protector-strong -Wformat -Werror=format-security -g -pthread -Wl,-z -Wl,relro -o .libs/time_multi time_multi.o  ./.libs/libeinspline.so -L/usr/lib/gcc/x86_64-linux-gnu/6 -L/usr/lib/gcc/x86_64-linux-gnu/6/../../../x86_64-linux-gnu -L/usr/lib/gcc/x86_64-linux-gnu/6/../../../../lib -L/lib/x86_64-linux-gnu -L/lib/../lib -L/usr/lib/x86_64-linux-gnu -L/usr/lib/../lib -L/usr/lib/gcc/x86_64-linux-gnu/6/../../.. -lgfortran -lquadmath -lfftw3 -lfftw3f -lm -pthread
time_multi.o: In function `test_1d_float_all':
./src/time_multi.c:107: undefined reference to `eval_UBspline_1d_s_vg'
./src/time_multi.c:107: undefined reference to `eval_UBspline_1d_s_vg'
./src/time_multi.c:107: undefined reference to `eval_UBspline_1d_s_vg'
./src/time_multi.c:107: undefined reference to `eval_UBspline_1d_s_vg'
./src/time_multi.c:107: undefined reference to `eval_UBspline_1d_s_vg'
time_multi.o:./src/time_multi.c:107: more undefined references to `eval_UBspline_1d_s_vg' follow
time_multi.o: In function `test_1d_float_all':
./src/time_multi.c:125: undefined reference to `eval_UBspline_1d_s_vgl'
time_multi.o: In function `test_2d_float_all':
./src/time_multi.c:200: undefined reference to `eval_UBspline_2d_s'
./src/time_multi.c:200: undefined reference to `eval_UBspline_2d_s'
./src/time_multi.c:200: undefined reference to `eval_UBspline_2d_s'
./src/time_multi.c:200: undefined reference to `eval_UBspline_2d_s'
./src/time_multi.c:200: undefined reference to `eval_UBspline_2d_s'
time_multi.o:./src/time_multi.c:200: more undefined references to `eval_UBspline_2d_s' follow
time_multi.o: In function `test_2d_float_all':
./src/time_multi.c:213: undefined reference to `eval_UBspline_2d_s_vg'
./src/time_multi.c:233: undefined reference to `eval_UBspline_2d_s_vgl'
./src/time_multi.c:257: undefined reference to `eval_UBspline_2d_s_vgh'
time_multi.o: In function `test_3d_float_all':
./src/time_multi.c:343: undefined reference to `eval_UBspline_3d_s'
./src/time_multi.c:356: undefined reference to `eval_UBspline_3d_s_vg'
./src/time_multi.c:376: undefined reference to `eval_UBspline_3d_s_vgl'
./src/time_multi.c:400: undefined reference to `eval_UBspline_3d_s_vgh'
time_multi.o: In function `test_1d_double_all':
./src/time_multi.c:527: undefined reference to `eval_UBspline_1d_d_vg'
./src/time_multi.c:527: undefined reference to `eval_UBspline_1d_d_vg'
./src/time_multi.c:527: undefined reference to `eval_UBspline_1d_d_vg'
./src/time_multi.c:527: undefined reference to `eval_UBspline_1d_d_vg'
./src/time_multi.c:527: undefined reference to `eval_UBspline_1d_d_vg'
time_multi.o:./src/time_multi.c:527: more undefined references to `eval_UBspline_1d_d_vg' follow
time_multi.o: In function `test_1d_double_all':
./src/time_multi.c:545: undefined reference to `eval_UBspline_1d_d_vgl'
time_multi.o: In function `test_2d_double_all':
./src/time_multi.c:620: undefined reference to `eval_UBspline_2d_d'
./src/time_multi.c:620: undefined reference to `eval_UBspline_2d_d'
./src/time_multi.c:620: undefined reference to `eval_UBspline_2d_d'
./src/time_multi.c:620: undefined reference to `eval_UBspline_2d_d'
./src/time_multi.c:620: undefined reference to `eval_UBspline_2d_d'
time_multi.o:./src/time_multi.c:620: more undefined references to `eval_UBspline_2d_d' follow
time_multi.o: In function `test_2d_double_all':
./src/time_multi.c:633: undefined reference to `eval_UBspline_2d_d_vg'
./src/time_multi.c:653: undefined reference to `eval_UBspline_2d_d_vgl'
./src/time_multi.c:677: undefined reference to `eval_UBspline_2d_d_vgh'
time_multi.o: In function `test_3d_double_all':
./src/time_multi.c:765: undefined reference to `eval_UBspline_3d_d_vg'
./src/time_multi.c:785: undefined reference to `eval_UBspline_3d_d_vgl'
./src/time_multi.c:809: undefined reference to `eval_UBspline_3d_d_vgh'
time_multi.o: In function `test_1d_complex_float_all':
./src/time_multi.c:916: undefined reference to `eval_UBspline_1d_c_vg'
./src/time_multi.c:916: undefined reference to `eval_UBspline_1d_c_vg'
./src/time_multi.c:916: undefined reference to `eval_UBspline_1d_c_vg'
./src/time_multi.c:916: undefined reference to `eval_UBspline_1d_c_vg'
./src/time_multi.c:916: undefined reference to `eval_UBspline_1d_c_vg'
time_multi.o:./src/time_multi.c:916: more undefined references to `eval_UBspline_1d_c_vg' follow
time_multi.o: In function `test_1d_complex_float_all':
./src/time_multi.c:934: undefined reference to `eval_UBspline_1d_c_vgl'
time_multi.o: In function `test_2d_complex_float_all':
./src/time_multi.c:1008: undefined reference to `eval_UBspline_2d_c'
./src/time_multi.c:1008: undefined reference to `eval_UBspline_2d_c'
./src/time_multi.c:1008: undefined reference to `eval_UBspline_2d_c'
./src/time_multi.c:1008: undefined reference to `eval_UBspline_2d_c'
./src/time_multi.c:1008: undefined reference to `eval_UBspline_2d_c'
time_multi.o:./src/time_multi.c:1008: more undefined references to `eval_UBspline_2d_c' follow
time_multi.o: In function `test_2d_complex_float_all':
./src/time_multi.c:1021: undefined reference to `eval_UBspline_2d_c_vg'
./src/time_multi.c:1051: undefined reference to `eval_UBspline_2d_c_vgl'
./src/time_multi.c:1080: undefined reference to `eval_UBspline_2d_c_vgh'
time_multi.o: In function `test_3d_real_float_all':
./src/time_multi.c:1170: undefined reference to `eval_UBspline_3d_s'
./src/time_multi.c:1183: undefined reference to `eval_UBspline_3d_s_vg'
./src/time_multi.c:1203: undefined reference to `eval_UBspline_3d_s_vgl'
./src/time_multi.c:1227: undefined reference to `eval_UBspline_3d_s_vgh'
time_multi.o: In function `test_3d_complex_float_all':
./src/time_multi.c:1307: undefined reference to `eval_UBspline_3d_c'
./src/time_multi.c:1320: undefined reference to `eval_UBspline_3d_c_vg'
./src/time_multi.c:1340: undefined reference to `eval_UBspline_3d_c_vgl'
./src/time_multi.c:1364: undefined reference to `eval_UBspline_3d_c_vgh'
time_multi.o: In function `test_complex_double':
./src/time_multi.c:1442: undefined reference to `eval_UBspline_3d_z'
./src/time_multi.c:1474: undefined reference to `eval_UBspline_3d_z'
time_multi.o: In function `test_1d_complex_double_all':
./src/time_multi.c:1575: undefined reference to `eval_UBspline_1d_z_vg'
./src/time_multi.c:1593: undefined reference to `eval_UBspline_1d_z_vgl'
time_multi.o: In function `test_2d_complex_double_all':
./src/time_multi.c:1667: undefined reference to `eval_UBspline_2d_z'
./src/time_multi.c:1680: undefined reference to `eval_UBspline_2d_z_vg'
./src/time_multi.c:1700: undefined reference to `eval_UBspline_2d_z_vgl'
./src/time_multi.c:1729: undefined reference to `eval_UBspline_2d_z_vgh'
time_multi.o: In function `time_3d_complex_float_all':
./src/time_multi.c:1831: undefined reference to `eval_UBspline_3d_c'
./src/time_multi.c:1885: undefined reference to `eval_UBspline_3d_c_vgh'
time_multi.o: In function `time_3d_real_float_all':
./src/time_multi.c:1973: undefined reference to `eval_UBspline_3d_s'
./src/time_multi.c:2006: undefined reference to `eval_UBspline_3d_s_vgh'
time_multi.o: In function `time_3d_real_double_all':
./src/time_multi.c:2102: undefined reference to `eval_UBspline_3d_d'
./src/time_multi.c:2135: undefined reference to `eval_UBspline_3d_d_vgh'
time_multi.o: In function `time_3d_complex_double_all':
./src/time_multi.c:2228: undefined reference to `eval_UBspline_3d_z'
./src/time_multi.c:2282: undefined reference to `eval_UBspline_3d_z_vgh'
time_multi.o: In function `test_complex_double_vgh':
./src/time_multi.c:2357: undefined reference to `eval_UBspline_3d_z_vgh'
./src/time_multi.c:2408: undefined reference to `eval_UBspline_3d_z_vgh'
time_multi.o: In function `test_double':
./src/time_multi.c:2479: undefined reference to `eval_UBspline_3d_d'
./src/time_multi.c:2511: undefined reference to `eval_UBspline_3d_d'
time_multi.o: In function `test_double_vgh':
./src/time_multi.c:2583: undefined reference to `eval_UBspline_3d_d_vgh'
./src/time_multi.c:2638: undefined reference to `eval_UBspline_3d_d_vgh'
./.libs/libeinspline.so: undefined reference to `eval_NUBspline_2d_c_vgh'
./.libs/libeinspline.so: undefined reference to `eval_NUBspline_3d_z_vg'
./.libs/libeinspline.so: undefined reference to `eval_NUBspline_3d_s_vgh'
./.libs/libeinspline.so: undefined reference to `eval_UBspline_3d_z_vgl'
./.libs/libeinspline.so: undefined reference to `eval_NUBspline_3d_d'
./.libs/libeinspline.so: undefined reference to `eval_NUBspline_3d_z_vgl'
./.libs/libeinspline.so: undefined reference to `eval_NUBspline_3d_z'
./.libs/libeinspline.so: undefined reference to `eval_NUBspline_2d_z'
./.libs/libeinspline.so: undefined reference to `eval_NUBspline_3d_c_vgl'
./.libs/libeinspline.so: undefined reference to `eval_NUBspline_3d_s_vg'
./.libs/libeinspline.so: undefined reference to `eval_NUBspline_2d_s_vgh'
./.libs/libeinspline.so: undefined reference to `eval_NUBspline_2d_z_vgl'
./.libs/libeinspline.so: undefined reference to `eval_NUBspline_2d_d_vg'
./.libs/libeinspline.so: undefined reference to `eval_NUBspline_2d_c_vgl'
./.libs/libeinspline.so: undefined reference to `eval_NUBspline_3d_c_vg'
./.libs/libeinspline.so: undefined reference to `eval_NUBspline_3d_d_vgl'
./.libs/libeinspline.so: undefined reference to `eval_NUBspline_3d_s_vgl'
./.libs/libeinspline.so: undefined reference to `eval_NUBspline_2d_d'
./.libs/libeinspline.so: undefined reference to `eval_NUBspline_2d_d_vgl'
./.libs/libeinspline.so: undefined reference to `eval_NUBspline_2d_z_vg'
./.libs/libeinspline.so: undefined reference to `eval_NUBspline_2d_s'
./.libs/libeinspline.so: undefined reference to `eval_NUBspline_2d_c'
./.libs/libeinspline.so: undefined reference to `eval_UBspline_3d_z_vg'
./.libs/libeinspline.so: undefined reference to `eval_NUBspline_2d_c_vg'
./.libs/libeinspline.so: undefined reference to `eval_NUBspline_3d_z_vgh'
./.libs/libeinspline.so: undefined reference to `eval_NUBspline_2d_s_vg'
./.libs/libeinspline.so: undefined reference to `eval_NUBspline_3d_d_vg'
./.libs/libeinspline.so: undefined reference to `eval_NUBspline_3d_c'
./.libs/libeinspline.so: undefined reference to `eval_NUBspline_3d_s'
./.libs/libeinspline.so: undefined reference to `eval_NUBspline_3d_c_vgh'
./.libs/libeinspline.so: undefined reference to `eval_NUBspline_2d_s_vgl'
./.libs/libeinspline.so: undefined reference to `eval_NUBspline_2d_z_vgh'
clang: error: linker command failed with exit code 1 (use -v to see invocation)
Makefile:864: recipe for target 'time_multi' failed
make[3]: *** [time_multi] Error 1
make[3]: Leaving directory '/<<PKGBUILDDIR>>/src'
Makefile:678: recipe for target 'all' failed
make[2]: *** [all] Error 2
make[2]: Leaving directory '/<<PKGBUILDDIR>>/src'
Makefile:473: recipe for target 'all-recursive' failed
make[1]: *** [all-recursive] Error 1
make[1]: Leaving directory '/<<PKGBUILDDIR>>'
dh_auto_build: make -j1 returned exit code 2
debian/rules:4: recipe for target 'build-arch' failed
make: *** [build-arch] Error 2
dpkg-buildpackage: error: debian/rules build-arch gave error exit status 2
--------------------------------------------------------------------------------
Build finished at 2016-08-29T16:40:55Z

Finished
--------


+------------------------------------------------------------------------------+
| Cleanup                                                                      |
+------------------------------------------------------------------------------+

Purging /<<BUILDDIR>>
Not cleaning session: cloned chroot in use
E: Build failure (dpkg-buildpackage died)

+------------------------------------------------------------------------------+
| Summary                                                                      |
+------------------------------------------------------------------------------+

Build Architecture: amd64
Build-Space: 0
Build-Time: 36
Distribution: unstable
Fail-Stage: build
Host Architecture: amd64
Install-Time: 16
Job: einspline_0.9.2-2
Machine Architecture: amd64
Package: einspline
Package-Time: 79
Source-Version: 0.9.2-2
Space: 0
Status: failed
Version: 0.9.2-2
--------------------------------------------------------------------------------
Finished at 2016-08-29T16:40:55Z
Build needed 00:00:00, 0k disc space
E: Build failure (dpkg-buildpackage died)
DC-Status: Failed 79.346960497s
DC-Time-Estimation: 79.346960497 versus expected 364 (r/m: 3.587447303841744 ; m: 79.346960497)
