DC-Build-Header: fftw3 3.3.4-2 / 2016-08-29 15:45:36 +0000
DC-Task: type:rebuild-binarch-only source:fftw3 version:3.3.4-2 chroot:unstable esttime:1116 logfile:/tmp/fftw3_3.3.4-2_unstable_clang3.8.log modes:clang:binarch-only
DC-Sbuild-call: su user42 -c 'sbuild -n --arch-any --apt-update -d unstable -v  --chroot-setup-commands=/tmp/clang fftw3_3.3.4-2'
sbuild (Debian sbuild) 0.70.0 (03 Aug 2016) on ip-172-31-14-195.eu-central-1.compute.internal

+==============================================================================+
| fftw3 3.3.4-2 (amd64)                        Mon, 29 Aug 2016 15:45:36 +0000 |
+==============================================================================+

Package: fftw3
Version: 3.3.4-2
Source Version: 3.3.4-2
Distribution: unstable
Machine Architecture: amd64
Host Architecture: amd64
Build Architecture: amd64

I: NOTICE: Log filtering will replace 'var/lib/schroot/mount/unstable-amd64-sbuild-ff13f1ae-1625-47fe-a9d7-ca8c559b3a04' with '<<CHROOT>>'

+------------------------------------------------------------------------------+
| Chroot Setup Commands                                                        |
+------------------------------------------------------------------------------+


/tmp/clang
----------

+ echo 'Entering customization script...'
Entering customization script...
+ CLANG_VERSION=3.8
+ echo 'Install of clang-3.8'
Install of clang-3.8
+ apt-get update
Get:1 http://127.0.0.1:9999/debian unstable InRelease [209 kB]
Get:2 http://127.0.0.1:9999/debian unstable/main Sources.diff/Index [27.9 kB]
Get:3 http://127.0.0.1:9999/debian unstable/main amd64 Packages.diff/Index [27.9 kB]
Get:4 http://127.0.0.1:9999/debian unstable/main Translation-en [5451 kB]
Get:5 http://127.0.0.1:9999/debian unstable/main Sources 2016-08-29-0319.00.pdiff [16.7 kB]
Get:6 http://127.0.0.1:9999/debian unstable/main Sources 2016-08-29-0916.07.pdiff [5442 B]
Get:6 http://127.0.0.1:9999/debian unstable/main Sources 2016-08-29-0916.07.pdiff [5442 B]
Get:7 http://127.0.0.1:9999/debian unstable/main amd64 Packages 2016-08-29-0319.00.pdiff [13.2 kB]
Get:8 http://127.0.0.1:9999/debian unstable/main amd64 Packages 2016-08-29-0916.07.pdiff [3300 B]
Get:8 http://127.0.0.1:9999/debian unstable/main amd64 Packages 2016-08-29-0916.07.pdiff [3300 B]
Fetched 5755 kB in 2s (2046 kB/s)
Reading package lists...
W: No sandbox user '_apt' on the system, can not drop privileges
+ apt-get install --yes --no-install-recommends --force-yes clang-3.8
Reading package lists...
Building dependency tree...
Reading state information...
The following additional packages will be installed:
  libbsd0 libclang-common-3.8-dev libclang1-3.8 libedit2 libffi6 libllvm3.8
  libobjc-6-dev libobjc4
Suggested packages:
  gnustep gnustep-devel clang-3.8-doc
Recommended packages:
  llvm-3.8-dev python
The following NEW packages will be installed:
  clang-3.8 libbsd0 libclang-common-3.8-dev libclang1-3.8 libedit2 libffi6
  libllvm3.8 libobjc-6-dev libobjc4
0 upgraded, 9 newly installed, 0 to remove and 1 not upgraded.
Need to get 38.3 MB of archives.
After this operation, 162 MB of additional disk space will be used.
Get:1 http://127.0.0.1:9999/debian unstable/main amd64 libbsd0 amd64 0.8.3-1 [83.0 kB]
Get:2 http://127.0.0.1:9999/debian unstable/main amd64 libedit2 amd64 3.1-20150325-1+b1 [85.2 kB]
Get:3 http://127.0.0.1:9999/debian unstable/main amd64 libffi6 amd64 3.2.1-4 [20.4 kB]
Get:4 http://127.0.0.1:9999/debian unstable/main amd64 libllvm3.8 amd64 1:3.8.1-9 [10.3 MB]
Get:5 http://127.0.0.1:9999/debian unstable/main amd64 libobjc4 amd64 6.2.0-1 [110 kB]
Get:6 http://127.0.0.1:9999/debian unstable/main amd64 libobjc-6-dev amd64 6.2.0-1 [394 kB]
Get:7 http://127.0.0.1:9999/debian unstable/main amd64 libclang1-3.8 amd64 1:3.8.1-9 [4188 kB]
Get:8 http://127.0.0.1:9999/debian unstable/main amd64 libclang-common-3.8-dev amd64 1:3.8.1-9 [1477 kB]
Get:9 http://127.0.0.1:9999/debian unstable/main amd64 clang-3.8 amd64 1:3.8.1-9 [21.6 MB]
debconf: delaying package configuration, since apt-utils is not installed
Fetched 38.3 MB in 0s (94.5 MB/s)
Selecting previously unselected package libbsd0:amd64.
(Reading database ... (Reading database ... 5%(Reading database ... 10%(Reading database ... 15%(Reading database ... 20%(Reading database ... 25%(Reading database ... 30%(Reading database ... 35%(Reading database ... 40%(Reading database ... 45%(Reading database ... 50%(Reading database ... 55%(Reading database ... 60%(Reading database ... 65%(Reading database ... 70%(Reading database ... 75%(Reading database ... 80%(Reading database ... 85%(Reading database ... 90%(Reading database ... 95%(Reading database ... 100%(Reading database ... 9446 files and directories currently installed.)
Preparing to unpack .../0-libbsd0_0.8.3-1_amd64.deb ...
Unpacking libbsd0:amd64 (0.8.3-1) ...
Selecting previously unselected package libedit2:amd64.
Preparing to unpack .../1-libedit2_3.1-20150325-1+b1_amd64.deb ...
Unpacking libedit2:amd64 (3.1-20150325-1+b1) ...
Selecting previously unselected package libffi6:amd64.
Preparing to unpack .../2-libffi6_3.2.1-4_amd64.deb ...
Unpacking libffi6:amd64 (3.2.1-4) ...
Selecting previously unselected package libllvm3.8:amd64.
Preparing to unpack .../3-libllvm3.8_1%3a3.8.1-9_amd64.deb ...
Unpacking libllvm3.8:amd64 (1:3.8.1-9) ...
Selecting previously unselected package libobjc4:amd64.
Preparing to unpack .../4-libobjc4_6.2.0-1_amd64.deb ...
Unpacking libobjc4:amd64 (6.2.0-1) ...
Selecting previously unselected package libobjc-6-dev:amd64.
Preparing to unpack .../5-libobjc-6-dev_6.2.0-1_amd64.deb ...
Unpacking libobjc-6-dev:amd64 (6.2.0-1) ...
Selecting previously unselected package libclang1-3.8:amd64.
Preparing to unpack .../6-libclang1-3.8_1%3a3.8.1-9_amd64.deb ...
Unpacking libclang1-3.8:amd64 (1:3.8.1-9) ...
Selecting previously unselected package libclang-common-3.8-dev.
Preparing to unpack .../7-libclang-common-3.8-dev_1%3a3.8.1-9_amd64.deb ...
Unpacking libclang-common-3.8-dev (1:3.8.1-9) ...
Selecting previously unselected package clang-3.8.
Preparing to unpack .../8-clang-3.8_1%3a3.8.1-9_amd64.deb ...
Unpacking clang-3.8 (1:3.8.1-9) ...
Setting up libobjc4:amd64 (6.2.0-1) ...
Setting up libbsd0:amd64 (0.8.3-1) ...
Processing triggers for libc-bin (2.23-5) ...
Setting up libobjc-6-dev:amd64 (6.2.0-1) ...
Setting up libffi6:amd64 (3.2.1-4) ...
Setting up libedit2:amd64 (3.1-20150325-1+b1) ...
Setting up libllvm3.8:amd64 (1:3.8.1-9) ...
Setting up libclang-common-3.8-dev (1:3.8.1-9) ...
Setting up libclang1-3.8:amd64 (1:3.8.1-9) ...
Setting up clang-3.8 (1:3.8.1-9) ...
Processing triggers for libc-bin (2.23-5) ...
W: --force-yes is deprecated, use one of the options starting with --allow instead.
W: No sandbox user '_apt' on the system, can not drop privileges
+ echo 'Replace gcc, g++ & cpp by clang'
Replace gcc, g++ & cpp by clang
+ VERSIONS='4.6 4.7 4.8 4.9 5 6'
+ cd /usr/bin
+ for VERSION in '$VERSIONS'
+ rm -f g++-4.6 gcc-4.6 cpp-4.6 gcc
+ ln -s clang++-3.8 g++-4.6
+ ln -s clang-3.8 gcc-4.6
+ ln -s clang-3.8 cpp-4.6
+ ln -s clang-3.8 gcc
+ echo 'gcc-4.6 hold'
+ dpkg --set-selections
dpkg: warning: package not in database at line 1: gcc-4.6
dpkg: warning: found unknown packages; this might mean the available database
is outdated, and needs to be updated through a frontend method
+ echo 'g++-4.6 hold'
+ dpkg --set-selections
dpkg: warning: package not in database at line 1: g++-4.6
dpkg: warning: found unknown packages; this might mean the available database
is outdated, and needs to be updated through a frontend method
+ for VERSION in '$VERSIONS'
+ rm -f g++-4.7 gcc-4.7 cpp-4.7 gcc
+ ln -s clang++-3.8 g++-4.7
+ ln -s clang-3.8 gcc-4.7
+ ln -s clang-3.8 cpp-4.7
+ ln -s clang-3.8 gcc
+ echo 'gcc-4.7 hold'
+ dpkg --set-selections
dpkg: warning: package not in database at line 1: gcc-4.7
dpkg: warning: found unknown packages; this might mean the available database
is outdated, and needs to be updated through a frontend method
+ echo 'g++-4.7 hold'
+ dpkg --set-selections
dpkg: warning: package not in database at line 1: g++-4.7
dpkg: warning: found unknown packages; this might mean the available database
is outdated, and needs to be updated through a frontend method
+ for VERSION in '$VERSIONS'
+ rm -f g++-4.8 gcc-4.8 cpp-4.8 gcc
+ ln -s clang++-3.8 g++-4.8
+ ln -s clang-3.8 gcc-4.8
+ ln -s clang-3.8 cpp-4.8
+ ln -s clang-3.8 gcc
+ echo 'gcc-4.8 hold'
+ dpkg --set-selections
dpkg: warning: package not in database at line 1: gcc-4.8
dpkg: warning: found unknown packages; this might mean the available database
is outdated, and needs to be updated through a frontend method
+ echo 'g++-4.8 hold'
+ dpkg --set-selections
dpkg: warning: package not in database at line 1: g++-4.8
dpkg: warning: found unknown packages; this might mean the available database
is outdated, and needs to be updated through a frontend method
+ for VERSION in '$VERSIONS'
+ rm -f g++-4.9 gcc-4.9 cpp-4.9 gcc
+ ln -s clang++-3.8 g++-4.9
+ ln -s clang-3.8 gcc-4.9
+ ln -s clang-3.8 cpp-4.9
+ ln -s clang-3.8 gcc
+ echo 'gcc-4.9 hold'
+ dpkg --set-selections
dpkg: warning: package not in database at line 1: gcc-4.9
dpkg: warning: found unknown packages; this might mean the available database
is outdated, and needs to be updated through a frontend method
+ echo 'g++-4.9 hold'
+ dpkg --set-selections
dpkg: warning: package not in database at line 1: g++-4.9
dpkg: warning: found unknown packages; this might mean the available database
is outdated, and needs to be updated through a frontend method
+ for VERSION in '$VERSIONS'
+ rm -f g++-5 gcc-5 cpp-5 gcc
+ ln -s clang++-3.8 g++-5
+ ln -s clang-3.8 gcc-5
+ ln -s clang-3.8 cpp-5
+ ln -s clang-3.8 gcc
+ echo 'gcc-5 hold'
+ dpkg --set-selections
+ echo 'g++-5 hold'
+ dpkg --set-selections
+ for VERSION in '$VERSIONS'
+ rm -f g++-6 gcc-6 cpp-6 gcc
+ ln -s clang++-3.8 g++-6
+ ln -s clang-3.8 gcc-6
+ ln -s clang-3.8 cpp-6
+ ln -s clang-3.8 gcc
+ echo 'gcc-6 hold'
+ dpkg --set-selections
+ echo 'g++-6 hold'
+ dpkg --set-selections
+ cd -
/build/fftw3-aMIWyO
+ echo 'Check if gcc, g++ & cpp are actually clang'
Check if gcc, g++ & cpp are actually clang
+ gcc --version
+ grep clang
+ cpp --version
+ grep clang
+ g++ --version
+ grep clang

I: Finished running '/tmp/clang'.

Finished processing commands.
--------------------------------------------------------------------------------

+------------------------------------------------------------------------------+
| Update chroot                                                                |
+------------------------------------------------------------------------------+

Hit:1 http://127.0.0.1:9999/debian unstable InRelease
Reading package lists...
W: No sandbox user '_apt' on the system, can not drop privileges
Reading package lists...
Building dependency tree...
Reading state information...
Calculating upgrade...
The following packages will be upgraded:
  linux-libc-dev
1 upgraded, 0 newly installed, 0 to remove and 0 not upgraded.
Need to get 1158 kB of archives.
After this operation, 60.4 kB of additional disk space will be used.
Get:1 http://127.0.0.1:9999/debian unstable/main amd64 linux-libc-dev amd64 4.7.2-1 [1158 kB]
debconf: delaying package configuration, since apt-utils is not installed
Fetched 1158 kB in 0s (70.0 MB/s)
(Reading database ... (Reading database ... 5%(Reading database ... 10%(Reading database ... 15%(Reading database ... 20%(Reading database ... 25%(Reading database ... 30%(Reading database ... 35%(Reading database ... 40%(Reading database ... 45%(Reading database ... 50%(Reading database ... 55%(Reading database ... 60%(Reading database ... 65%(Reading database ... 70%(Reading database ... 75%(Reading database ... 80%(Reading database ... 85%(Reading database ... 90%(Reading database ... 95%(Reading database ... 100%(Reading database ... 9769 files and directories currently installed.)
Preparing to unpack .../linux-libc-dev_4.7.2-1_amd64.deb ...
Unpacking linux-libc-dev:amd64 (4.7.2-1) over (4.6.4-1) ...
Setting up linux-libc-dev:amd64 (4.7.2-1) ...
W: No sandbox user '_apt' on the system, can not drop privileges

+------------------------------------------------------------------------------+
| Fetch source files                                                           |
+------------------------------------------------------------------------------+


Check APT
---------

Checking available source versions...

Download source files with APT
------------------------------

Reading package lists...
NOTICE: 'fftw3' packaging is maintained in the 'Git' version control system at:
git://anonscm.debian.org/debian-science/packages/fftw3.git
Please use:
git clone git://anonscm.debian.org/debian-science/packages/fftw3.git
to retrieve the latest (possibly unreleased) updates to the package.
Need to get 3956 kB of source archives.
Get:1 http://127.0.0.1:9999/debian unstable/main fftw3 3.3.4-2 (dsc) [2860 B]
Get:2 http://127.0.0.1:9999/debian unstable/main fftw3 3.3.4-2 (tar) [3940 kB]
Get:3 http://127.0.0.1:9999/debian unstable/main fftw3 3.3.4-2 (diff) [12.6 kB]
Fetched 3956 kB in 0s (21.1 MB/s)
Download complete and in download only mode
I: NOTICE: Log filtering will replace 'build/fftw3-aMIWyO/fftw3-3.3.4' with '<<PKGBUILDDIR>>'
I: NOTICE: Log filtering will replace 'build/fftw3-aMIWyO' with '<<BUILDDIR>>'

+------------------------------------------------------------------------------+
| Install build-essential                                                      |
+------------------------------------------------------------------------------+


Setup apt archive
-----------------

Merged Build-Depends: build-essential, fakeroot
Filtered Build-Depends: build-essential, fakeroot
dpkg-deb: building package 'sbuild-build-depends-core-dummy' in '/<<BUILDDIR>>/resolver-RV09Qz/apt_archive/sbuild-build-depends-core-dummy.deb'.
dpkg-scanpackages: warning: Packages in archive but missing from override file:
dpkg-scanpackages: warning:   sbuild-build-depends-core-dummy
dpkg-scanpackages: info: Wrote 1 entries to output Packages file.
Ign:1 copy:/<<BUILDDIR>>/resolver-RV09Qz/apt_archive ./ InRelease
Get:2 copy:/<<BUILDDIR>>/resolver-RV09Qz/apt_archive ./ Release [957 B]
Ign:3 copy:/<<BUILDDIR>>/resolver-RV09Qz/apt_archive ./ Release.gpg
Get:4 copy:/<<BUILDDIR>>/resolver-RV09Qz/apt_archive ./ Sources [349 B]
Get:5 copy:/<<BUILDDIR>>/resolver-RV09Qz/apt_archive ./ Packages [431 B]
Fetched 1737 B in 0s (0 B/s)
Reading package lists...
W: No sandbox user '_apt' on the system, can not drop privileges
Reading package lists...

Install core build dependencies (apt-based resolver)
----------------------------------------------------

Installing build dependencies
Reading package lists...
Building dependency tree...
Reading state information...
The following NEW packages will be installed:
  sbuild-build-depends-core-dummy
0 upgraded, 1 newly installed, 0 to remove and 0 not upgraded.
Need to get 776 B of archives.
After this operation, 0 B of additional disk space will be used.
Get:1 copy:/<<BUILDDIR>>/resolver-RV09Qz/apt_archive ./ sbuild-build-depends-core-dummy 0.invalid.0 [776 B]
debconf: delaying package configuration, since apt-utils is not installed
Fetched 776 B in 0s (0 B/s)
Selecting previously unselected package sbuild-build-depends-core-dummy.
(Reading database ... 9775 files and directories currently installed.)
Preparing to unpack .../sbuild-build-depends-core-dummy_0.invalid.0_amd64.deb ...
Unpacking sbuild-build-depends-core-dummy (0.invalid.0) ...
Setting up sbuild-build-depends-core-dummy (0.invalid.0) ...
W: No sandbox user '_apt' on the system, can not drop privileges

+------------------------------------------------------------------------------+
| Check architectures                                                          |
+------------------------------------------------------------------------------+

Arch check ok (amd64 included in any all)

+------------------------------------------------------------------------------+
| Install package build dependencies                                           |
+------------------------------------------------------------------------------+


Setup apt archive
-----------------

Merged Build-Depends: chrpath, debhelper (>= 9), dh-autoreconf, dpkg (>= 1.16.0), gfortran, mpi-default-dev, texinfo
Filtered Build-Depends: chrpath, debhelper (>= 9), dh-autoreconf, dpkg (>= 1.16.0), gfortran, mpi-default-dev, texinfo
dpkg-deb: building package 'sbuild-build-depends-fftw3-dummy' in '/<<BUILDDIR>>/resolver-d0j3oH/apt_archive/sbuild-build-depends-fftw3-dummy.deb'.
dpkg-scanpackages: warning: Packages in archive but missing from override file:
dpkg-scanpackages: warning:   sbuild-build-depends-fftw3-dummy
dpkg-scanpackages: info: Wrote 1 entries to output Packages file.
Ign:1 copy:/<<BUILDDIR>>/resolver-d0j3oH/apt_archive ./ InRelease
Get:2 copy:/<<BUILDDIR>>/resolver-d0j3oH/apt_archive ./ Release [957 B]
Ign:3 copy:/<<BUILDDIR>>/resolver-d0j3oH/apt_archive ./ Release.gpg
Get:4 copy:/<<BUILDDIR>>/resolver-d0j3oH/apt_archive ./ Sources [391 B]
Get:5 copy:/<<BUILDDIR>>/resolver-d0j3oH/apt_archive ./ Packages [485 B]
Fetched 1833 B in 0s (0 B/s)
Reading package lists...
W: No sandbox user '_apt' on the system, can not drop privileges
Reading package lists...

Install fftw3 build dependencies (apt-based resolver)
-----------------------------------------------------

Installing build dependencies
Reading package lists...
Building dependency tree...
Reading state information...
The following additional packages will be installed:
  autoconf automake autopoint autotools-dev bsdmainutils chrpath debhelper
  dh-autoreconf dh-strip-nondeterminism file gettext gettext-base gfortran
  gfortran-6 groff-base intltool-debian libarchive-zip-perl libcroco3
  libfile-stripnondeterminism-perl libgfortran-6-dev libgfortran3 libglib2.0-0
  libhwloc-dev libhwloc-plugins libhwloc5 libibverbs-dev libibverbs1 libicu57
  libltdl-dev libltdl7 libmagic-mgc libmagic1 libnl-3-200 libnl-route-3-200
  libnuma-dev libnuma1 libopenmpi-dev libopenmpi1.10 libpciaccess0
  libpipeline1 libsigsegv2 libtext-unidecode-perl libtimedate-perl libtool
  libunistring0 libxml-libxml-perl libxml-namespacesupport-perl
  libxml-sax-base-perl libxml-sax-perl libxml2 m4 man-db mpi-default-dev
  ocl-icd-libopencl1 openmpi-common po-debconf tex-common texinfo ucf
Suggested packages:
  autoconf-archive gnu-standards autoconf-doc wamerican | wordlist whois
  vacation dh-make gettext-doc libasprintf-dev libgettextpo-dev
  gfortran-multilib gfortran-doc gfortran-6-multilib gfortran-6-doc
  libgfortran3-dbg libcoarrays-dev groff libhwloc-contrib-plugins libtool-doc
  opennmpi-doc pciutils gcj-jdk less www-browser opencl-icd libmail-box-perl
  texlive-base texlive-latex-base texlive-generic-recommended
  texinfo-doc-nonfree texlive-fonts-recommended
Recommended packages:
  curl | wget | lynx-cur libglib2.0-data shared-mime-info xdg-user-dirs
  openmpi-bin libxml-sax-expat-perl xml-core libmail-sendmail-perl
The following NEW packages will be installed:
  autoconf automake autopoint autotools-dev bsdmainutils chrpath debhelper
  dh-autoreconf dh-strip-nondeterminism file gettext gettext-base gfortran
  gfortran-6 groff-base intltool-debian libarchive-zip-perl libcroco3
  libfile-stripnondeterminism-perl libgfortran-6-dev libgfortran3 libglib2.0-0
  libhwloc-dev libhwloc-plugins libhwloc5 libibverbs-dev libibverbs1 libicu57
  libltdl-dev libltdl7 libmagic-mgc libmagic1 libnl-3-200 libnl-route-3-200
  libnuma-dev libnuma1 libopenmpi-dev libopenmpi1.10 libpciaccess0
  libpipeline1 libsigsegv2 libtext-unidecode-perl libtimedate-perl libtool
  libunistring0 libxml-libxml-perl libxml-namespacesupport-perl
  libxml-sax-base-perl libxml-sax-perl libxml2 m4 man-db mpi-default-dev
  ocl-icd-libopencl1 openmpi-common po-debconf
  sbuild-build-depends-fftw3-dummy tex-common texinfo ucf
0 upgraded, 60 newly installed, 0 to remove and 0 not upgraded.
Need to get 58.7 MB of archives.
After this operation, 253 MB of additional disk space will be used.
Get:1 copy:/<<BUILDDIR>>/resolver-d0j3oH/apt_archive ./ sbuild-build-depends-fftw3-dummy 0.invalid.0 [826 B]
Get:2 http://127.0.0.1:9999/debian unstable/main amd64 groff-base amd64 1.22.3-8 [1162 kB]
Get:3 http://127.0.0.1:9999/debian unstable/main amd64 bsdmainutils amd64 9.0.10 [184 kB]
Get:4 http://127.0.0.1:9999/debian unstable/main amd64 libpipeline1 amd64 1.4.1-2 [27.6 kB]
Get:5 http://127.0.0.1:9999/debian unstable/main amd64 man-db amd64 2.7.5-1 [1003 kB]
Get:6 http://127.0.0.1:9999/debian unstable/main amd64 libmagic-mgc amd64 1:5.28-4 [210 kB]
Get:7 http://127.0.0.1:9999/debian unstable/main amd64 libmagic1 amd64 1:5.28-4 [109 kB]
Get:8 http://127.0.0.1:9999/debian unstable/main amd64 file amd64 1:5.28-4 [62.9 kB]
Get:9 http://127.0.0.1:9999/debian unstable/main amd64 gettext-base amd64 0.19.8.1-1 [121 kB]
Get:10 http://127.0.0.1:9999/debian unstable/main amd64 libicu57 amd64 57.1-3 [7676 kB]
Get:11 http://127.0.0.1:9999/debian unstable/main amd64 libxml2 amd64 2.9.4+dfsg1-1+b1 [919 kB]
Get:12 http://127.0.0.1:9999/debian unstable/main amd64 ucf all 3.0036 [70.2 kB]
Get:13 http://127.0.0.1:9999/debian unstable/main amd64 libsigsegv2 amd64 2.10-5 [28.9 kB]
Get:14 http://127.0.0.1:9999/debian unstable/main amd64 m4 amd64 1.4.17-5 [255 kB]
Get:15 http://127.0.0.1:9999/debian unstable/main amd64 autoconf all 2.69-10 [338 kB]
Get:16 http://127.0.0.1:9999/debian unstable/main amd64 autotools-dev all 20160430.1 [72.6 kB]
Get:17 http://127.0.0.1:9999/debian unstable/main amd64 automake all 1:1.15-4 [735 kB]
Get:18 http://127.0.0.1:9999/debian unstable/main amd64 autopoint all 0.19.8.1-1 [433 kB]
Get:19 http://127.0.0.1:9999/debian unstable/main amd64 chrpath amd64 0.16-2 [16.7 kB]
Get:20 http://127.0.0.1:9999/debian unstable/main amd64 libglib2.0-0 amd64 2.48.1-3 [2707 kB]
Get:21 http://127.0.0.1:9999/debian unstable/main amd64 libcroco3 amd64 0.6.11-1 [143 kB]
Get:22 http://127.0.0.1:9999/debian unstable/main amd64 libunistring0 amd64 0.9.6+really0.9.3-0.1 [279 kB]
Get:23 http://127.0.0.1:9999/debian unstable/main amd64 gettext amd64 0.19.8.1-1 [1493 kB]
Get:24 http://127.0.0.1:9999/debian unstable/main amd64 intltool-debian all 0.35.0+20060710.4 [26.3 kB]
Get:25 http://127.0.0.1:9999/debian unstable/main amd64 po-debconf all 1.0.19 [249 kB]
Get:26 http://127.0.0.1:9999/debian unstable/main amd64 libarchive-zip-perl all 1.59-1 [95.5 kB]
Get:27 http://127.0.0.1:9999/debian unstable/main amd64 libfile-stripnondeterminism-perl all 0.023-2 [13.4 kB]
Get:28 http://127.0.0.1:9999/debian unstable/main amd64 libtimedate-perl all 2.3000-2 [42.2 kB]
Get:29 http://127.0.0.1:9999/debian unstable/main amd64 dh-strip-nondeterminism all 0.023-2 [8202 B]
Get:30 http://127.0.0.1:9999/debian unstable/main amd64 libtool all 2.4.6-2 [545 kB]
Get:31 http://127.0.0.1:9999/debian unstable/main amd64 dh-autoreconf all 12 [15.8 kB]
Get:32 http://127.0.0.1:9999/debian unstable/main amd64 debhelper all 9.20160814 [800 kB]
Get:33 http://127.0.0.1:9999/debian unstable/main amd64 libgfortran3 amd64 6.2.0-1 [264 kB]
Get:34 http://127.0.0.1:9999/debian unstable/main amd64 libgfortran-6-dev amd64 6.2.0-1 [295 kB]
Get:35 http://127.0.0.1:9999/debian unstable/main amd64 gfortran-6 amd64 6.2.0-1 [31.7 MB]
Get:36 http://127.0.0.1:9999/debian unstable/main amd64 gfortran amd64 4:6.1.1-1 [1352 B]
Get:37 http://127.0.0.1:9999/debian unstable/main amd64 libltdl7 amd64 2.4.6-2 [389 kB]
Get:38 http://127.0.0.1:9999/debian unstable/main amd64 libltdl-dev amd64 2.4.6-2 [161 kB]
Get:39 http://127.0.0.1:9999/debian unstable/main amd64 libnl-3-200 amd64 3.2.27-1 [61.4 kB]
Get:40 http://127.0.0.1:9999/debian unstable/main amd64 libnl-route-3-200 amd64 3.2.27-1 [135 kB]
Get:41 http://127.0.0.1:9999/debian unstable/main amd64 libnuma1 amd64 2.0.11-1 [32.5 kB]
Get:42 http://127.0.0.1:9999/debian unstable/main amd64 libpciaccess0 amd64 0.13.4-1 [49.8 kB]
Get:43 http://127.0.0.1:9999/debian unstable/main amd64 libtext-unidecode-perl all 1.27-1 [103 kB]
Get:44 http://127.0.0.1:9999/debian unstable/main amd64 libxml-namespacesupport-perl all 1.11-1 [14.8 kB]
Get:45 http://127.0.0.1:9999/debian unstable/main amd64 libxml-sax-base-perl all 1.07-1 [23.1 kB]
Get:46 http://127.0.0.1:9999/debian unstable/main amd64 libxml-sax-perl all 0.99+dfsg-2 [68.3 kB]
Get:47 http://127.0.0.1:9999/debian unstable/main amd64 libxml-libxml-perl amd64 2.0128+dfsg-1 [339 kB]
Get:48 http://127.0.0.1:9999/debian unstable/main amd64 tex-common all 6.05 [564 kB]
Get:49 http://127.0.0.1:9999/debian unstable/main amd64 texinfo amd64 6.1.0.dfsg.1-8 [1264 kB]
Get:50 http://127.0.0.1:9999/debian unstable/main amd64 libhwloc5 amd64 1.11.3-2 [104 kB]
Get:51 http://127.0.0.1:9999/debian unstable/main amd64 libnuma-dev amd64 2.0.11-1 [45.5 kB]
Get:52 http://127.0.0.1:9999/debian unstable/main amd64 libhwloc-dev amd64 1.11.3-2 [161 kB]
Get:53 http://127.0.0.1:9999/debian unstable/main amd64 ocl-icd-libopencl1 amd64 2.2.9-1 [36.1 kB]
Get:54 http://127.0.0.1:9999/debian unstable/main amd64 libhwloc-plugins amd64 1.11.3-2 [16.0 kB]
Get:55 http://127.0.0.1:9999/debian unstable/main amd64 libibverbs1 amd64 1.2.0-2 [37.7 kB]
Get:56 http://127.0.0.1:9999/debian unstable/main amd64 libibverbs-dev amd64 1.2.0-2 [93.7 kB]
Get:57 http://127.0.0.1:9999/debian unstable/main amd64 libopenmpi1.10 amd64 1.10.3-3 [2109 kB]
Get:58 http://127.0.0.1:9999/debian unstable/main amd64 openmpi-common all 1.10.3-3 [143 kB]
Get:59 http://127.0.0.1:9999/debian unstable/main amd64 libopenmpi-dev amd64 1.10.3-3 [628 kB]
Get:60 http://127.0.0.1:9999/debian unstable/main amd64 mpi-default-dev amd64 1.7 [4786 B]
debconf: delaying package configuration, since apt-utils is not installed
Fetched 58.7 MB in 7s (8099 kB/s)
Selecting previously unselected package groff-base.
(Reading database ... 9775 files and directories currently installed.)
Preparing to unpack .../00-groff-base_1.22.3-8_amd64.deb ...
Unpacking groff-base (1.22.3-8) ...
Selecting previously unselected package bsdmainutils.
Preparing to unpack .../01-bsdmainutils_9.0.10_amd64.deb ...
Unpacking bsdmainutils (9.0.10) ...
Selecting previously unselected package libpipeline1:amd64.
Preparing to unpack .../02-libpipeline1_1.4.1-2_amd64.deb ...
Unpacking libpipeline1:amd64 (1.4.1-2) ...
Selecting previously unselected package man-db.
Preparing to unpack .../03-man-db_2.7.5-1_amd64.deb ...
Unpacking man-db (2.7.5-1) ...
Selecting previously unselected package libmagic-mgc.
Preparing to unpack .../04-libmagic-mgc_1%3a5.28-4_amd64.deb ...
Unpacking libmagic-mgc (1:5.28-4) ...
Selecting previously unselected package libmagic1:amd64.
Preparing to unpack .../05-libmagic1_1%3a5.28-4_amd64.deb ...
Unpacking libmagic1:amd64 (1:5.28-4) ...
Selecting previously unselected package file.
Preparing to unpack .../06-file_1%3a5.28-4_amd64.deb ...
Unpacking file (1:5.28-4) ...
Selecting previously unselected package gettext-base.
Preparing to unpack .../07-gettext-base_0.19.8.1-1_amd64.deb ...
Unpacking gettext-base (0.19.8.1-1) ...
Selecting previously unselected package libicu57:amd64.
Preparing to unpack .../08-libicu57_57.1-3_amd64.deb ...
Unpacking libicu57:amd64 (57.1-3) ...
Selecting previously unselected package libxml2:amd64.
Preparing to unpack .../09-libxml2_2.9.4+dfsg1-1+b1_amd64.deb ...
Unpacking libxml2:amd64 (2.9.4+dfsg1-1+b1) ...
Selecting previously unselected package ucf.
Preparing to unpack .../10-ucf_3.0036_all.deb ...
Moving old data out of the way
Unpacking ucf (3.0036) ...
Selecting previously unselected package libsigsegv2:amd64.
Preparing to unpack .../11-libsigsegv2_2.10-5_amd64.deb ...
Unpacking libsigsegv2:amd64 (2.10-5) ...
Selecting previously unselected package m4.
Preparing to unpack .../12-m4_1.4.17-5_amd64.deb ...
Unpacking m4 (1.4.17-5) ...
Selecting previously unselected package autoconf.
Preparing to unpack .../13-autoconf_2.69-10_all.deb ...
Unpacking autoconf (2.69-10) ...
Selecting previously unselected package autotools-dev.
Preparing to unpack .../14-autotools-dev_20160430.1_all.deb ...
Unpacking autotools-dev (20160430.1) ...
Selecting previously unselected package automake.
Preparing to unpack .../15-automake_1%3a1.15-4_all.deb ...
Unpacking automake (1:1.15-4) ...
Selecting previously unselected package autopoint.
Preparing to unpack .../16-autopoint_0.19.8.1-1_all.deb ...
Unpacking autopoint (0.19.8.1-1) ...
Selecting previously unselected package chrpath.
Preparing to unpack .../17-chrpath_0.16-2_amd64.deb ...
Unpacking chrpath (0.16-2) ...
Selecting previously unselected package libglib2.0-0:amd64.
Preparing to unpack .../18-libglib2.0-0_2.48.1-3_amd64.deb ...
Unpacking libglib2.0-0:amd64 (2.48.1-3) ...
Selecting previously unselected package libcroco3:amd64.
Preparing to unpack .../19-libcroco3_0.6.11-1_amd64.deb ...
Unpacking libcroco3:amd64 (0.6.11-1) ...
Selecting previously unselected package libunistring0:amd64.
Preparing to unpack .../20-libunistring0_0.9.6+really0.9.3-0.1_amd64.deb ...
Unpacking libunistring0:amd64 (0.9.6+really0.9.3-0.1) ...
Selecting previously unselected package gettext.
Preparing to unpack .../21-gettext_0.19.8.1-1_amd64.deb ...
Unpacking gettext (0.19.8.1-1) ...
Selecting previously unselected package intltool-debian.
Preparing to unpack .../22-intltool-debian_0.35.0+20060710.4_all.deb ...
Unpacking intltool-debian (0.35.0+20060710.4) ...
Selecting previously unselected package po-debconf.
Preparing to unpack .../23-po-debconf_1.0.19_all.deb ...
Unpacking po-debconf (1.0.19) ...
Selecting previously unselected package libarchive-zip-perl.
Preparing to unpack .../24-libarchive-zip-perl_1.59-1_all.deb ...
Unpacking libarchive-zip-perl (1.59-1) ...
Selecting previously unselected package libfile-stripnondeterminism-perl.
Preparing to unpack .../25-libfile-stripnondeterminism-perl_0.023-2_all.deb ...
Unpacking libfile-stripnondeterminism-perl (0.023-2) ...
Selecting previously unselected package libtimedate-perl.
Preparing to unpack .../26-libtimedate-perl_2.3000-2_all.deb ...
Unpacking libtimedate-perl (2.3000-2) ...
Selecting previously unselected package dh-strip-nondeterminism.
Preparing to unpack .../27-dh-strip-nondeterminism_0.023-2_all.deb ...
Unpacking dh-strip-nondeterminism (0.023-2) ...
Selecting previously unselected package libtool.
Preparing to unpack .../28-libtool_2.4.6-2_all.deb ...
Unpacking libtool (2.4.6-2) ...
Selecting previously unselected package dh-autoreconf.
Preparing to unpack .../29-dh-autoreconf_12_all.deb ...
Unpacking dh-autoreconf (12) ...
Selecting previously unselected package debhelper.
Preparing to unpack .../30-debhelper_9.20160814_all.deb ...
Unpacking debhelper (9.20160814) ...
Selecting previously unselected package libgfortran3:amd64.
Preparing to unpack .../31-libgfortran3_6.2.0-1_amd64.deb ...
Unpacking libgfortran3:amd64 (6.2.0-1) ...
Selecting previously unselected package libgfortran-6-dev:amd64.
Preparing to unpack .../32-libgfortran-6-dev_6.2.0-1_amd64.deb ...
Unpacking libgfortran-6-dev:amd64 (6.2.0-1) ...
Selecting previously unselected package gfortran-6.
Preparing to unpack .../33-gfortran-6_6.2.0-1_amd64.deb ...
Unpacking gfortran-6 (6.2.0-1) ...
Selecting previously unselected package gfortran.
Preparing to unpack .../34-gfortran_4%3a6.1.1-1_amd64.deb ...
Unpacking gfortran (4:6.1.1-1) ...
Selecting previously unselected package libltdl7:amd64.
Preparing to unpack .../35-libltdl7_2.4.6-2_amd64.deb ...
Unpacking libltdl7:amd64 (2.4.6-2) ...
Selecting previously unselected package libltdl-dev:amd64.
Preparing to unpack .../36-libltdl-dev_2.4.6-2_amd64.deb ...
Unpacking libltdl-dev:amd64 (2.4.6-2) ...
Selecting previously unselected package libnl-3-200:amd64.
Preparing to unpack .../37-libnl-3-200_3.2.27-1_amd64.deb ...
Unpacking libnl-3-200:amd64 (3.2.27-1) ...
Selecting previously unselected package libnl-route-3-200:amd64.
Preparing to unpack .../38-libnl-route-3-200_3.2.27-1_amd64.deb ...
Unpacking libnl-route-3-200:amd64 (3.2.27-1) ...
Selecting previously unselected package libnuma1:amd64.
Preparing to unpack .../39-libnuma1_2.0.11-1_amd64.deb ...
Unpacking libnuma1:amd64 (2.0.11-1) ...
Selecting previously unselected package libpciaccess0:amd64.
Preparing to unpack .../40-libpciaccess0_0.13.4-1_amd64.deb ...
Unpacking libpciaccess0:amd64 (0.13.4-1) ...
Selecting previously unselected package libtext-unidecode-perl.
Preparing to unpack .../41-libtext-unidecode-perl_1.27-1_all.deb ...
Unpacking libtext-unidecode-perl (1.27-1) ...
Selecting previously unselected package libxml-namespacesupport-perl.
Preparing to unpack .../42-libxml-namespacesupport-perl_1.11-1_all.deb ...
Unpacking libxml-namespacesupport-perl (1.11-1) ...
Selecting previously unselected package libxml-sax-base-perl.
Preparing to unpack .../43-libxml-sax-base-perl_1.07-1_all.deb ...
Unpacking libxml-sax-base-perl (1.07-1) ...
Selecting previously unselected package libxml-sax-perl.
Preparing to unpack .../44-libxml-sax-perl_0.99+dfsg-2_all.deb ...
Unpacking libxml-sax-perl (0.99+dfsg-2) ...
Selecting previously unselected package libxml-libxml-perl.
Preparing to unpack .../45-libxml-libxml-perl_2.0128+dfsg-1_amd64.deb ...
Unpacking libxml-libxml-perl (2.0128+dfsg-1) ...
Selecting previously unselected package tex-common.
Preparing to unpack .../46-tex-common_6.05_all.deb ...
Unpacking tex-common (6.05) ...
Selecting previously unselected package texinfo.
Preparing to unpack .../47-texinfo_6.1.0.dfsg.1-8_amd64.deb ...
Unpacking texinfo (6.1.0.dfsg.1-8) ...
Selecting previously unselected package libhwloc5:amd64.
Preparing to unpack .../48-libhwloc5_1.11.3-2_amd64.deb ...
Unpacking libhwloc5:amd64 (1.11.3-2) ...
Selecting previously unselected package libnuma-dev:amd64.
Preparing to unpack .../49-libnuma-dev_2.0.11-1_amd64.deb ...
Unpacking libnuma-dev:amd64 (2.0.11-1) ...
Selecting previously unselected package libhwloc-dev:amd64.
Preparing to unpack .../50-libhwloc-dev_1.11.3-2_amd64.deb ...
Unpacking libhwloc-dev:amd64 (1.11.3-2) ...
Selecting previously unselected package ocl-icd-libopencl1:amd64.
Preparing to unpack .../51-ocl-icd-libopencl1_2.2.9-1_amd64.deb ...
Unpacking ocl-icd-libopencl1:amd64 (2.2.9-1) ...
Selecting previously unselected package libhwloc-plugins.
Preparing to unpack .../52-libhwloc-plugins_1.11.3-2_amd64.deb ...
Unpacking libhwloc-plugins (1.11.3-2) ...
Selecting previously unselected package libibverbs1.
Preparing to unpack .../53-libibverbs1_1.2.0-2_amd64.deb ...
Unpacking libibverbs1 (1.2.0-2) ...
Selecting previously unselected package libibverbs-dev.
Preparing to unpack .../54-libibverbs-dev_1.2.0-2_amd64.deb ...
Unpacking libibverbs-dev (1.2.0-2) ...
Selecting previously unselected package libopenmpi1.10.
Preparing to unpack .../55-libopenmpi1.10_1.10.3-3_amd64.deb ...
Unpacking libopenmpi1.10 (1.10.3-3) ...
Selecting previously unselected package openmpi-common.
Preparing to unpack .../56-openmpi-common_1.10.3-3_all.deb ...
Unpacking openmpi-common (1.10.3-3) ...
Selecting previously unselected package libopenmpi-dev.
Preparing to unpack .../57-libopenmpi-dev_1.10.3-3_amd64.deb ...
Unpacking libopenmpi-dev (1.10.3-3) ...
Selecting previously unselected package mpi-default-dev.
Preparing to unpack .../58-mpi-default-dev_1.7_amd64.deb ...
Unpacking mpi-default-dev (1.7) ...
Selecting previously unselected package sbuild-build-depends-fftw3-dummy.
Preparing to unpack .../59-sbuild-build-depends-fftw3-dummy_0.invalid.0_amd64.deb ...
Unpacking sbuild-build-depends-fftw3-dummy (0.invalid.0) ...
Setting up chrpath (0.16-2) ...
Setting up libarchive-zip-perl (1.59-1) ...
Setting up libxml-namespacesupport-perl (1.11-1) ...
Setting up libtimedate-perl (2.3000-2) ...
Setting up libsigsegv2:amd64 (2.10-5) ...
Setting up libnuma1:amd64 (2.0.11-1) ...
Setting up libgfortran3:amd64 (6.2.0-1) ...
Setting up groff-base (1.22.3-8) ...
Setting up libglib2.0-0:amd64 (2.48.1-3) ...
No schema files found: doing nothing.
Setting up libtext-unidecode-perl (1.27-1) ...
Setting up libgfortran-6-dev:amd64 (6.2.0-1) ...
Setting up gettext-base (0.19.8.1-1) ...
Setting up libpipeline1:amd64 (1.4.1-2) ...
Setting up m4 (1.4.17-5) ...
Setting up libicu57:amd64 (57.1-3) ...
Setting up ucf (3.0036) ...
Setting up libxml2:amd64 (2.9.4+dfsg1-1+b1) ...
Setting up libmagic-mgc (1:5.28-4) ...
Setting up libmagic1:amd64 (1:5.28-4) ...
Setting up libcroco3:amd64 (0.6.11-1) ...
Setting up libxml-sax-base-perl (1.07-1) ...
Setting up openmpi-common (1.10.3-3) ...
Processing triggers for libc-bin (2.23-5) ...
Setting up autotools-dev (20160430.1) ...
Setting up libunistring0:amd64 (0.9.6+really0.9.3-0.1) ...
Setting up libltdl7:amd64 (2.4.6-2) ...
Setting up libpciaccess0:amd64 (0.13.4-1) ...
Setting up libnuma-dev:amd64 (2.0.11-1) ...
Setting up ocl-icd-libopencl1:amd64 (2.2.9-1) ...
Setting up bsdmainutils (9.0.10) ...
update-alternatives: using /usr/bin/bsd-write to provide /usr/bin/write (write) in auto mode
update-alternatives: using /usr/bin/bsd-from to provide /usr/bin/from (from) in auto mode
Setting up libnl-3-200:amd64 (3.2.27-1) ...
Setting up autopoint (0.19.8.1-1) ...
Setting up libfile-stripnondeterminism-perl (0.023-2) ...
Setting up libxml-sax-perl (0.99+dfsg-2) ...
update-perl-sax-parsers: Registering Perl SAX parser XML::SAX::PurePerl with priority 10...
update-perl-sax-parsers: Updating overall Perl SAX parser modules info file...

Creating config file /etc/perl/XML/SAX/ParserDetails.ini with new version
Setting up gfortran-6 (6.2.0-1) ...
Setting up tex-common (6.05) ...
update-language: texlive-base not installed and configured, doing nothing!
Setting up libltdl-dev:amd64 (2.4.6-2) ...
Setting up gettext (0.19.8.1-1) ...
Setting up libnl-route-3-200:amd64 (3.2.27-1) ...
Setting up autoconf (2.69-10) ...
Setting up file (1:5.28-4) ...
Setting up libhwloc5:amd64 (1.11.3-2) ...
Setting up libhwloc-plugins (1.11.3-2) ...
Setting up intltool-debian (0.35.0+20060710.4) ...
Setting up automake (1:1.15-4) ...
update-alternatives: using /usr/bin/automake-1.15 to provide /usr/bin/automake (automake) in auto mode
Setting up man-db (2.7.5-1) ...
Not building database; man-db/auto-update is not 'true'.
Setting up libxml-libxml-perl (2.0128+dfsg-1) ...
update-perl-sax-parsers: Registering Perl SAX parser XML::LibXML::SAX::Parser with priority 50...
update-perl-sax-parsers: Registering Perl SAX parser XML::LibXML::SAX with priority 50...
update-perl-sax-parsers: Updating overall Perl SAX parser modules info file...
Replacing config file /etc/perl/XML/SAX/ParserDetails.ini with new version
Setting up libtool (2.4.6-2) ...
Setting up gfortran (4:6.1.1-1) ...
update-alternatives: using /usr/bin/gfortran to provide /usr/bin/f95 (f95) in auto mode
update-alternatives: using /usr/bin/gfortran to provide /usr/bin/f77 (f77) in auto mode
Setting up libibverbs1 (1.2.0-2) ...
Setting up po-debconf (1.0.19) ...
Setting up libhwloc-dev:amd64 (1.11.3-2) ...
Setting up libopenmpi1.10 (1.10.3-3) ...
Setting up texinfo (6.1.0.dfsg.1-8) ...
Setting up libibverbs-dev (1.2.0-2) ...
Setting up libopenmpi-dev (1.10.3-3) ...
update-alternatives: using /usr/lib/openmpi/include to provide /usr/include/mpi (mpi) in auto mode
Setting up mpi-default-dev (1.7) ...
Setting up dh-strip-nondeterminism (0.023-2) ...
Setting up debhelper (9.20160814) ...
Setting up dh-autoreconf (12) ...
Setting up sbuild-build-depends-fftw3-dummy (0.invalid.0) ...
Processing triggers for libc-bin (2.23-5) ...
W: No sandbox user '_apt' on the system, can not drop privileges

+------------------------------------------------------------------------------+
| Build environment                                                            |
+------------------------------------------------------------------------------+

Kernel: Linux 3.16.0-4-amd64 amd64 (x86_64)
Toolchain package versions: binutils_2.27-6 dpkg-dev_1.18.10 g++-6_6.2.0-1 gcc-6_6.2.0-1 libc6-dev_2.23-5 libstdc++-6-dev_6.2.0-1 libstdc++6_6.2.0-1 linux-libc-dev_4.7.2-1
Package versions: adduser_3.115 apt_1.3~rc2 autoconf_2.69-10 automake_1:1.15-4 autopoint_0.19.8.1-1 autotools-dev_20160430.1 base-files_9.6 base-passwd_3.5.40 bash_4.3-15 binutils_2.27-6 bsdmainutils_9.0.10 bsdutils_1:2.28.1-1 build-essential_12.2 bzip2_1.0.6-8 chrpath_0.16-2 clang-3.8_1:3.8.1-9 coreutils_8.25-2 cpp_4:6.1.1-1 cpp-6_6.2.0-1 dash_0.5.8-2.3 debconf_1.5.59 debfoster_2.7-2.1 debhelper_9.20160814 debian-archive-keyring_2014.3 debianutils_4.8 dh-autoreconf_12 dh-strip-nondeterminism_0.023-2 diffutils_1:3.3-3 dpkg_1.18.10 dpkg-dev_1.18.10 e2fslibs_1.43.1-1 e2fsprogs_1.43.1-1 eatmydata_105-3 fakeroot_1.21-1 file_1:5.28-4 findutils_4.6.0+git+20160703-2 g++_4:6.1.1-1 g++-6_6.2.0-1 gcc_4:6.1.1-1 gcc-6_6.2.0-1 gcc-6-base_6.2.0-1 gettext_0.19.8.1-1 gettext-base_0.19.8.1-1 gfortran_4:6.1.1-1 gfortran-6_6.2.0-1 gpgv_2.1.14-5 grep_2.25-6 groff-base_1.22.3-8 gzip_1.6-5 hostname_3.18 init-system-helpers_1.42 intltool-debian_0.35.0+20060710.4 libacl1_2.2.52-3 libapt-pkg5.0_1.3~rc2 libarchive-zip-perl_1.59-1 libasan3_6.2.0-1 libatomic1_6.2.0-1 libattr1_1:2.4.47-2 libaudit-common_1:2.6.6-1 libaudit1_1:2.6.6-1 libblkid1_2.28.1-1 libbsd0_0.8.3-1 libbz2-1.0_1.0.6-8 libc-bin_2.23-5 libc-dev-bin_2.23-5 libc6_2.23-5 libc6-dev_2.23-5 libcap-ng0_0.7.7-3 libcc1-0_6.2.0-1 libcilkrts5_6.2.0-1 libclang-common-3.8-dev_1:3.8.1-9 libclang1-3.8_1:3.8.1-9 libcomerr2_1.43.1-1 libcroco3_0.6.11-1 libdb5.3_5.3.28-12 libdebconfclient0_0.215 libdpkg-perl_1.18.10 libeatmydata1_105-3 libedit2_3.1-20150325-1+b1 libfakeroot_1.21-1 libfdisk1_2.28.1-1 libffi6_3.2.1-4 libfile-stripnondeterminism-perl_0.023-2 libgc1c2_1:7.4.2-8 libgcc-6-dev_6.2.0-1 libgcc1_1:6.2.0-1 libgcrypt20_1.7.3-1 libgdbm3_1.8.3-14 libgfortran-6-dev_6.2.0-1 libgfortran3_6.2.0-1 libglib2.0-0_2.48.1-3 libgmp10_2:6.1.1+dfsg-1 libgomp1_6.2.0-1 libgpg-error0_1.24-1 libhwloc-dev_1.11.3-2 libhwloc-plugins_1.11.3-2 libhwloc5_1.11.3-2 libibverbs-dev_1.2.0-2 libibverbs1_1.2.0-2 libicu57_57.1-3 libisl15_0.17.1-1 libitm1_6.2.0-1 libllvm3.8_1:3.8.1-9 liblsan0_6.2.0-1 libltdl-dev_2.4.6-2 libltdl7_2.4.6-2 liblz4-1_0.0~r131-2 liblzma5_5.1.1alpha+20120614-2.1 libmagic-mgc_1:5.28-4 libmagic1_1:5.28-4 libmount1_2.28.1-1 libmpc3_1.0.3-1 libmpfr4_3.1.4-2 libmpx2_6.2.0-1 libncurses5_6.0+20160625-1 libncursesw5_6.0+20160625-1 libnl-3-200_3.2.27-1 libnl-route-3-200_3.2.27-1 libnuma-dev_2.0.11-1 libnuma1_2.0.11-1 libobjc-6-dev_6.2.0-1 libobjc4_6.2.0-1 libopenmpi-dev_1.10.3-3 libopenmpi1.10_1.10.3-3 libpam-modules_1.1.8-3.3 libpam-modules-bin_1.1.8-3.3 libpam-runtime_1.1.8-3.3 libpam0g_1.1.8-3.3 libpciaccess0_0.13.4-1 libpcre3_2:8.39-2 libperl5.22_5.22.2-3 libpipeline1_1.4.1-2 libquadmath0_6.2.0-1 libselinux1_2.5-3 libsemanage-common_2.5-1 libsemanage1_2.5-1 libsepol1_2.5-1 libsigsegv2_2.10-5 libsmartcols1_2.28.1-1 libss2_1.43.1-1 libstdc++-6-dev_6.2.0-1 libstdc++6_6.2.0-1 libsystemd0_231-5 libtext-unidecode-perl_1.27-1 libtimedate-perl_2.3000-2 libtinfo5_6.0+20160625-1 libtool_2.4.6-2 libtsan0_6.2.0-1 libubsan0_6.2.0-1 libudev1_231-5 libunistring0_0.9.6+really0.9.3-0.1 libustr-1.0-1_1.0.4-5 libuuid1_2.28.1-1 libxml-libxml-perl_2.0128+dfsg-1 libxml-namespacesupport-perl_1.11-1 libxml-sax-base-perl_1.07-1 libxml-sax-perl_0.99+dfsg-2 libxml2_2.9.4+dfsg1-1+b1 linux-libc-dev_4.7.2-1 login_1:4.2-3.1 m4_1.4.17-5 make_4.1-9 man-db_2.7.5-1 mawk_1.3.3-17 mount_2.28.1-1 mpi-default-dev_1.7 multiarch-support_2.23-5 ncurses-base_6.0+20160625-1 ncurses-bin_6.0+20160625-1 ocl-icd-libopencl1_2.2.9-1 openmpi-common_1.10.3-3 passwd_1:4.2-3.1 patch_2.7.5-1 perl_5.22.2-3 perl-base_5.22.2-3 perl-modules-5.22_5.22.2-3 po-debconf_1.0.19 sbuild-build-depends-core-dummy_0.invalid.0 sbuild-build-depends-fftw3-dummy_0.invalid.0 sed_4.2.2-7.1 sensible-utils_0.0.9 sysvinit-utils_2.88dsf-59.8 tar_1.29b-1 tex-common_6.05 texinfo_6.1.0.dfsg.1-8 ucf_3.0036 util-linux_2.28.1-1 xz-utils_5.1.1alpha+20120614-2.1 zlib1g_1:1.2.8.dfsg-2+b1

+------------------------------------------------------------------------------+
| Build                                                                        |
+------------------------------------------------------------------------------+


Unpack source
-------------

gpgv: unknown type of key resource 'trustedkeys.kbx'
gpgv: keyblock resource '/sbuild-nonexistent/.gnupg/trustedkeys.kbx': General error
gpgv: Signature made Sun Nov 23 20:21:46 2014 UTC using RSA key ID 
gpgv: Can't check signature: No public key
dpkg-source: warning: failed to verify signature on ./fftw3_3.3.4-2.dsc
dpkg-source: info: extracting fftw3 in /<<PKGBUILDDIR>>
dpkg-source: info: unpacking fftw3_3.3.4.orig.tar.gz
dpkg-source: info: unpacking fftw3_3.3.4-2.debian.tar.xz
dpkg-source: info: applying fix-runtime-neon-detection.patch

Check disc space
----------------

Sufficient free space for build

User Environment
----------------

APT_CONFIG=/var/lib/sbuild/apt.conf
HOME=/sbuild-nonexistent
LC_ALL=POSIX
LOGNAME=user42
PATH=/usr/local/sbin:/usr/local/bin:/usr/sbin:/usr/bin:/sbin:/bin:/usr/games
SCHROOT_ALIAS_NAME=unstable-amd64-sbuild
SCHROOT_CHROOT_NAME=unstable-amd64-sbuild
SCHROOT_COMMAND=env
SCHROOT_GID=1001
SCHROOT_GROUP=user42
SCHROOT_SESSION_ID=unstable-amd64-sbuild-ff13f1ae-1625-47fe-a9d7-ca8c559b3a04
SCHROOT_UID=1001
SCHROOT_USER=user42
SHELL=/bin/sh
USER=user42

dpkg-buildpackage
-----------------

dpkg-buildpackage: info: source package fftw3
dpkg-buildpackage: info: source version 3.3.4-2
dpkg-buildpackage: info: source distribution unstable
dpkg-buildpackage: info: source changed by SÃ©bastien Villemot <sebastien@debian.org>
 dpkg-source --before-build fftw3-3.3.4
dpkg-buildpackage: info: host architecture amd64
dpkg-source: info: using options from fftw3-3.3.4/debian/source/options: --extend-diff-ignore=(^|/)(fftw3.info|fftw3.info-[12]|.*\.la|fftw[flq]*-wisdom|fftw[flq]*-wisdom.1|.*\.html)$
 fakeroot debian/rules clean
dh_testdir
dh_testroot
rm -f build-arch build-indep
(cd doc ; [ ! -f Makefile ] || /usr/bin/make -k clean)
[ ! -f Makefile ] || /usr/bin/make distclean
rm -f *.la threads/*.la *.pc
rm -f test_long_long-double
rm -f config.cache config.status config.log
rm -rf debian/tmp-single debian/tmp-double debian/tmp-long debian/tmp-quad
rm -f mpi/mpi-bench
chmod -R g-s .
dh_autoreconf_clean
dh_clean
 debian/rules build-arch
dh_autoreconf
libtoolize: putting auxiliary files in '.'.
libtoolize: copying file './ltmain.sh'
libtoolize: putting macros in AC_CONFIG_MACRO_DIRS, 'm4'.
libtoolize: copying file 'm4/libtool.m4'
libtoolize: copying file 'm4/ltoptions.m4'
libtoolize: copying file 'm4/ltsugar.m4'
libtoolize: copying file 'm4/ltversion.m4'
libtoolize: copying file 'm4/lt~obsolete.m4'
configure.ac:196: installing './compile'
configure.ac:21: installing './missing'
api/Makefile.am: installing './depcomp'
support/Makefile.codelets:71: warning: '%'-style pattern rules are a GNU make extension
dft/scalar/codelets/Makefile.am:65:   'support/Makefile.codelets' included from here
support/Makefile.codelets:72: warning: '%'-style pattern rules are a GNU make extension
dft/scalar/codelets/Makefile.am:65:   'support/Makefile.codelets' included from here
support/Makefile.codelets:73: warning: '%'-style pattern rules are a GNU make extension
dft/scalar/codelets/Makefile.am:65:   'support/Makefile.codelets' included from here
support/Makefile.codelets:74: warning: '%'-style pattern rules are a GNU make extension
dft/scalar/codelets/Makefile.am:65:   'support/Makefile.codelets' included from here
dft/scalar/codelets/Makefile.am:76: warning: '%'-style pattern rules are a GNU make extension
dft/scalar/codelets/Makefile.am:79: warning: '%'-style pattern rules are a GNU make extension
dft/scalar/codelets/Makefile.am:82: warning: '%'-style pattern rules are a GNU make extension
dft/scalar/codelets/Makefile.am:85: warning: '%'-style pattern rules are a GNU make extension
dft/scalar/codelets/Makefile.am:88: warning: '%'-style pattern rules are a GNU make extension
dft/scalar/codelets/Makefile.am:91: warning: '%'-style pattern rules are a GNU make extension
dft/scalar/codelets/Makefile.am:94: warning: '%'-style pattern rules are a GNU make extension
support/Makefile.codelets:71: warning: '%'-style pattern rules are a GNU make extension
dft/simd/common/Makefile.am:13:   'support/Makefile.codelets' included from here
support/Makefile.codelets:72: warning: '%'-style pattern rules are a GNU make extension
dft/simd/common/Makefile.am:13:   'support/Makefile.codelets' included from here
support/Makefile.codelets:73: warning: '%'-style pattern rules are a GNU make extension
dft/simd/common/Makefile.am:13:   'support/Makefile.codelets' included from here
support/Makefile.codelets:74: warning: '%'-style pattern rules are a GNU make extension
dft/simd/common/Makefile.am:13:   'support/Makefile.codelets' included from here
dft/simd/common/Makefile.am:21: warning: '%'-style pattern rules are a GNU make extension
dft/simd/common/Makefile.am:24: warning: '%'-style pattern rules are a GNU make extension
dft/simd/common/Makefile.am:27: warning: '%'-style pattern rules are a GNU make extension
dft/simd/common/Makefile.am:30: warning: '%'-style pattern rules are a GNU make extension
dft/simd/common/Makefile.am:33: warning: '%'-style pattern rules are a GNU make extension
dft/simd/common/Makefile.am:36: warning: '%'-style pattern rules are a GNU make extension
dft/simd/common/Makefile.am:39: warning: '%'-style pattern rules are a GNU make extension
dft/simd/common/Makefile.am:42: warning: '%'-style pattern rules are a GNU make extension
dft/simd/common/Makefile.am:45: warning: '%'-style pattern rules are a GNU make extension
dft/simd/common/Makefile.am:48: warning: '%'-style pattern rules are a GNU make extension
dft/simd/common/Makefile.am:51: warning: '%'-style pattern rules are a GNU make extension
dft/simd/common/Makefile.am:54: warning: '%'-style pattern rules are a GNU make extension
dft/simd/common/Makefile.am:57: warning: '%'-style pattern rules are a GNU make extension
dft/simd/common/Makefile.am:60: warning: '%'-style pattern rules are a GNU make extension
dft/simd/common/Makefile.am:63: warning: '%'-style pattern rules are a GNU make extension
dft/simd/common/Makefile.am:66: warning: '%'-style pattern rules are a GNU make extension
dft/simd/common/Makefile.am:69: warning: '%'-style pattern rules are a GNU make extension
mpi/Makefile.am:41: warning: source file '$(top_srcdir)/tests/fftw-bench.c' is in a subdirectory,
mpi/Makefile.am:41: but option 'subdir-objects' is disabled
automake: warning: possible forward-incompatibility.
automake: At least a source file is in a subdirectory, but the 'subdir-objects'
automake: automake option hasn't been enabled.  For now, the corresponding output
automake: object file(s) will be placed in the top-level directory.  However,
automake: this behaviour will change in future Automake versions: they will
automake: unconditionally cause object files to be placed in the same subdirectory
automake: of the corresponding sources.
automake: You are advised to start using 'subdir-objects' option throughout your
automake: project, to avoid future incompatibilities.
mpi/Makefile.am:41: warning: source file '$(top_srcdir)/tests/hook.c' is in a subdirectory,
mpi/Makefile.am:41: but option 'subdir-objects' is disabled
support/Makefile.codelets:71: warning: '%'-style pattern rules are a GNU make extension
rdft/scalar/r2cb/Makefile.am:76:   'support/Makefile.codelets' included from here
support/Makefile.codelets:72: warning: '%'-style pattern rules are a GNU make extension
rdft/scalar/r2cb/Makefile.am:76:   'support/Makefile.codelets' included from here
support/Makefile.codelets:73: warning: '%'-style pattern rules are a GNU make extension
rdft/scalar/r2cb/Makefile.am:76:   'support/Makefile.codelets' included from here
support/Makefile.codelets:74: warning: '%'-style pattern rules are a GNU make extension
rdft/scalar/r2cb/Makefile.am:76:   'support/Makefile.codelets' included from here
rdft/scalar/r2cb/Makefile.am:86: warning: '%'-style pattern rules are a GNU make extension
rdft/scalar/r2cb/Makefile.am:89: warning: '%'-style pattern rules are a GNU make extension
rdft/scalar/r2cb/Makefile.am:92: warning: '%'-style pattern rules are a GNU make extension
rdft/scalar/r2cb/Makefile.am:95: warning: '%'-style pattern rules are a GNU make extension
rdft/scalar/r2cb/Makefile.am:98: warning: '%'-style pattern rules are a GNU make extension
rdft/scalar/r2cb/Makefile.am:101: warning: '%'-style pattern rules are a GNU make extension
rdft/scalar/r2cb/Makefile.am:104: warning: '%'-style pattern rules are a GNU make extension
rdft/scalar/r2cb/Makefile.am:107: warning: '%'-style pattern rules are a GNU make extension
support/Makefile.codelets:71: warning: '%'-style pattern rules are a GNU make extension
rdft/scalar/r2cf/Makefile.am:76:   'support/Makefile.codelets' included from here
support/Makefile.codelets:72: warning: '%'-style pattern rules are a GNU make extension
rdft/scalar/r2cf/Makefile.am:76:   'support/Makefile.codelets' included from here
support/Makefile.codelets:73: warning: '%'-style pattern rules are a GNU make extension
rdft/scalar/r2cf/Makefile.am:76:   'support/Makefile.codelets' included from here
support/Makefile.codelets:74: warning: '%'-style pattern rules are a GNU make extension
rdft/scalar/r2cf/Makefile.am:76:   'support/Makefile.codelets' included from here
rdft/scalar/r2cf/Makefile.am:86: warning: '%'-style pattern rules are a GNU make extension
rdft/scalar/r2cf/Makefile.am:89: warning: '%'-style pattern rules are a GNU make extension
rdft/scalar/r2cf/Makefile.am:92: warning: '%'-style pattern rules are a GNU make extension
rdft/scalar/r2cf/Makefile.am:95: warning: '%'-style pattern rules are a GNU make extension
rdft/scalar/r2cf/Makefile.am:98: warning: '%'-style pattern rules are a GNU make extension
rdft/scalar/r2cf/Makefile.am:101: warning: '%'-style pattern rules are a GNU make extension
rdft/scalar/r2cf/Makefile.am:104: warning: '%'-style pattern rules are a GNU make extension
rdft/scalar/r2cf/Makefile.am:107: warning: '%'-style pattern rules are a GNU make extension
support/Makefile.codelets:71: warning: '%'-style pattern rules are a GNU make extension
rdft/scalar/r2r/Makefile.am:48:   'support/Makefile.codelets' included from here
support/Makefile.codelets:72: warning: '%'-style pattern rules are a GNU make extension
rdft/scalar/r2r/Makefile.am:48:   'support/Makefile.codelets' included from here
support/Makefile.codelets:73: warning: '%'-style pattern rules are a GNU make extension
rdft/scalar/r2r/Makefile.am:48:   'support/Makefile.codelets' included from here
support/Makefile.codelets:74: warning: '%'-style pattern rules are a GNU make extension
rdft/scalar/r2r/Makefile.am:48:   'support/Makefile.codelets' included from here
rdft/scalar/r2r/Makefile.am:61: warning: '%'-style pattern rules are a GNU make extension
rdft/scalar/r2r/Makefile.am:64: warning: '%'-style pattern rules are a GNU make extension
rdft/scalar/r2r/Makefile.am:67: warning: '%'-style pattern rules are a GNU make extension
rdft/scalar/r2r/Makefile.am:70: warning: '%'-style pattern rules are a GNU make extension
rdft/scalar/r2r/Makefile.am:74: warning: '%'-style pattern rules are a GNU make extension
rdft/scalar/r2r/Makefile.am:77: warning: '%'-style pattern rules are a GNU make extension
rdft/scalar/r2r/Makefile.am:80: warning: '%'-style pattern rules are a GNU make extension
rdft/scalar/r2r/Makefile.am:83: warning: '%'-style pattern rules are a GNU make extension
rdft/scalar/r2r/Makefile.am:87: warning: '%'-style pattern rules are a GNU make extension
support/Makefile.codelets:71: warning: '%'-style pattern rules are a GNU make extension
rdft/simd/common/Makefile.am:13:   'support/Makefile.codelets' included from here
support/Makefile.codelets:72: warning: '%'-style pattern rules are a GNU make extension
rdft/simd/common/Makefile.am:13:   'support/Makefile.codelets' included from here
support/Makefile.codelets:73: warning: '%'-style pattern rules are a GNU make extension
rdft/simd/common/Makefile.am:13:   'support/Makefile.codelets' included from here
support/Makefile.codelets:74: warning: '%'-style pattern rules are a GNU make extension
rdft/simd/common/Makefile.am:13:   'support/Makefile.codelets' included from here
rdft/simd/common/Makefile.am:18: warning: '%'-style pattern rules are a GNU make extension
rdft/simd/common/Makefile.am:21: warning: '%'-style pattern rules are a GNU make extension
# single precision
CFLAGS='-g -O2 -fdebug-prefix-map=/<<PKGBUILDDIR>>=. -fstack-protector-strong -Wformat -Werror=format-security -O2' LDFLAGS='-Wl,-z,relro -Wl,--as-needed' CPPFLAGS='-Wdate-time -D_FORTIFY_SOURCE=2' ./configure --enable-single  --build x86_64-linux-gnu F77="gfortran -ff2c" --prefix=/usr --enable-shared --enable-threads --enable-openmp --enable-mpi --libdir=\${prefix}/lib/x86_64-linux-gnu MPILIBS="-pthread -Wl,-rpath -Wl,/usr/lib/openmpi/lib -Wl,--enable-new-dtags -L/usr/lib/openmpi/lib -lmpi" --enable-sse --enable-avx
checking for a BSD-compatible install... /usr/bin/install -c
checking whether build environment is sane... yes
checking for a thread-safe mkdir -p... /bin/mkdir -p
checking for gawk... no
checking for mawk... mawk
checking whether make sets $(MAKE)... yes
checking whether make supports nested variables... yes
checking whether to enable maintainer-specific portions of Makefiles... no
checking build system type... x86_64-pc-linux-gnu
checking host system type... x86_64-pc-linux-gnu
checking for gcc... gcc
checking whether the C compiler works... yes
checking for C compiler default output file name... a.out
checking for suffix of executables... 
checking whether we are cross compiling... no
checking for suffix of object files... o
checking whether we are using the GNU C compiler... yes
checking whether gcc accepts -g... yes
checking for gcc option to accept ISO C89... none needed
checking whether gcc understands -c and -o together... yes
checking for style of include used by make... GNU
checking dependency style of gcc... gcc3
checking for C compiler vendor... gnu
checking for gcc option to accept ISO C99... none needed
checking for gcc option to accept ISO Standard C... (cached) none needed
checking whether ln -s works... yes
checking whether make sets $(MAKE)... (cached) yes
checking how to print strings... printf
checking for a sed that does not truncate output... /bin/sed
checking for grep that handles long lines and -e... /bin/grep
checking for egrep... /bin/grep -E
checking for fgrep... /bin/grep -F
checking for ld used by gcc... /usr/bin/ld
checking if the linker (/usr/bin/ld) is GNU ld... yes
checking for BSD- or MS-compatible name lister (nm)... /usr/bin/nm -B
checking the name lister (/usr/bin/nm -B) interface... BSD nm
checking the maximum length of command line arguments... 1572864
checking how to convert x86_64-pc-linux-gnu file names to x86_64-pc-linux-gnu format... func_convert_file_noop
checking how to convert x86_64-pc-linux-gnu file names to toolchain format... func_convert_file_noop
checking for /usr/bin/ld option to reload object files... -r
checking for objdump... objdump
checking how to recognize dependent libraries... pass_all
checking for dlltool... dlltool
checking how to associate runtime and link libraries... printf %s\n
checking for ar... ar
checking for archiver @FILE support... @
checking for strip... strip
checking for ranlib... ranlib
checking command to parse /usr/bin/nm -B output from gcc object... ok
checking for sysroot... no
checking for a working dd... /bin/dd
checking how to truncate binary pipes... /bin/dd bs=4096 count=1
checking for mt... no
checking if : is a manifest tool... no
checking how to run the C preprocessor... gcc -E
checking for ANSI C header files... yes
checking for sys/types.h... yes
checking for sys/stat.h... yes
checking for stdlib.h... yes
checking for string.h... yes
checking for memory.h... yes
checking for strings.h... yes
checking for inttypes.h... yes
checking for stdint.h... yes
checking for unistd.h... yes
checking for dlfcn.h... yes
checking for objdir... .libs
checking if gcc supports -fno-rtti -fno-exceptions... yes
checking for gcc option to produce PIC... -fPIC -DPIC
checking if gcc PIC flag -fPIC -DPIC works... yes
checking if gcc static flag -static works... yes
checking if gcc supports -c -o file.o... yes
checking if gcc supports -c -o file.o... (cached) yes
checking whether the gcc linker (/usr/bin/ld -m elf_x86_64) supports shared libraries... yes
checking whether -lc should be explicitly linked in... no
checking dynamic linker characteristics... GNU/Linux ld.so
checking how to hardcode library paths into programs... immediate
checking whether stripping libraries is possible... yes
checking if libtool supports shared libraries... yes
checking whether to build shared libraries... yes
checking whether to build static libraries... yes
checking for ocamlbuild... no
checking for mpicc... mpicc
checking for mpi.h... yes
checking for mpirun... no
checking size of MPI_Fint... 4
checking whether C compiler accepts -msse... yes
checking whether C compiler accepts -mavx... yes
checking for ANSI C header files... (cached) yes
checking libintl.h usability... yes
checking libintl.h presence... yes
checking for libintl.h... yes
checking malloc.h usability... yes
checking malloc.h presence... yes
checking for malloc.h... yes
checking stddef.h usability... yes
checking stddef.h presence... yes
checking for stddef.h... yes
checking for stdlib.h... (cached) yes
checking for string.h... (cached) yes
checking for strings.h... (cached) yes
checking sys/time.h usability... yes
checking sys/time.h presence... yes
checking for sys/time.h... yes
checking for unistd.h... (cached) yes
checking limits.h usability... yes
checking limits.h presence... yes
checking for limits.h... yes
checking c_asm.h usability... no
checking c_asm.h presence... no
checking for c_asm.h... no
checking intrinsics.h usability... no
checking intrinsics.h presence... no
checking for intrinsics.h... no
checking for stdint.h... (cached) yes
checking mach/mach_time.h usability... no
checking mach/mach_time.h presence... no
checking for mach/mach_time.h... no
checking sys/sysctl.h usability... yes
checking sys/sysctl.h presence... yes
checking for sys/sysctl.h... yes
checking altivec.h usability... no
checking altivec.h presence... no
checking for altivec.h... no
checking for an ANSI C-conforming const... yes
checking for inline... inline
checking for size_t... yes
checking whether time.h and sys/time.h may both be included... yes
checking for long double... yes
checking for hrtime_t... no
checking size of int... 4
checking size of unsigned int... 4
checking size of long... 8
checking size of unsigned long... 8
checking size of long long... 8
checking size of unsigned long long... 8
checking size of size_t... 8
checking size of ptrdiff_t... 8
checking for uintptr_t... yes
checking size of float... 4
checking size of double... 8
checking size of fftw_r2r_kind... 4
checking for working alloca.h... yes
checking for alloca... yes
checking for working strtod... yes
checking for vprintf... yes
checking for _doprnt... no
checking for sin in -lm... yes
checking for BSDgettimeofday... no
checking for gettimeofday... yes
checking for gethrtime... no
checking for read_real_time... no
checking for time_base_to_time... no
checking for drand48... yes
checking for sqrt... yes
checking for memset... yes
checking for posix_memalign... yes
checking for memalign... yes
checking for _mm_malloc... no
checking for _mm_free... no
checking for clock_gettime... yes
checking for mach_absolute_time... no
checking for sysctl... yes
checking for abort... yes
checking for sinl... yes
checking for cosl... yes
checking for snprintf... yes
checking whether sinl is declared... yes
checking whether cosl is declared... yes
checking whether sinq is declared... no
checking whether cosq is declared... no
checking whether memalign is declared... yes
checking whether drand48 is declared... yes
checking whether srand48 is declared... yes
checking whether posix_memalign is declared... yes
checking for _rtc intrinsic... no
checking for isnan... yes
checking whether C compiler accepts -mpreferred-stack-boundary=4... no
checking whether we are using the GNU Fortran 77 compiler... yes
checking whether gfortran -ff2c accepts -g... yes
checking if libtool supports shared libraries... yes
checking whether to build shared libraries... yes
checking whether to build static libraries... yes
checking for gfortran -ff2c option to produce PIC... -fPIC
checking if gfortran -ff2c PIC flag -fPIC works... yes
checking if gfortran -ff2c static flag -static works... yes
checking if gfortran -ff2c supports -c -o file.o... yes
checking if gfortran -ff2c supports -c -o file.o... (cached) yes
checking whether the gfortran -ff2c linker (/usr/bin/ld -m elf_x86_64) supports shared libraries... yes
checking dynamic linker characteristics... (cached) GNU/Linux ld.so
checking how to hardcode library paths into programs... immediate
checking how to get verbose linking output from gfortran -ff2c... -v
checking for Fortran 77 libraries of gfortran -ff2c...  -L/usr/lib/gcc/x86_64-linux-gnu/6 -L/usr/lib/gcc/x86_64-linux-gnu/6/../../../x86_64-linux-gnu -L/usr/lib/gcc/x86_64-linux-gnu/6/../../../../lib -L/lib/x86_64-linux-gnu -L/lib/../lib -L/usr/lib/x86_64-linux-gnu -L/usr/lib/../lib -L/usr/lib/gcc/x86_64-linux-gnu/6/../../.. -lgfortran -lm -lquadmath
checking for dummy main to link with Fortran 77 libraries... none
checking for Fortran 77 name-mangling scheme... lower case, underscore, extra underscore
checking for OpenMP flag of C compiler... unknown
configure: error: don't know how to enable OpenMP
debian/rules:73: recipe for target 'build-arch' failed
make: *** [build-arch] Error 1
dpkg-buildpackage: error: debian/rules build-arch gave error exit status 2
--------------------------------------------------------------------------------
Build finished at 2016-08-29T15:49:24Z

Finished
--------


+------------------------------------------------------------------------------+
| Cleanup                                                                      |
+------------------------------------------------------------------------------+

Purging /<<BUILDDIR>>
Not cleaning session: cloned chroot in use
E: Build failure (dpkg-buildpackage died)

+------------------------------------------------------------------------------+
| Summary                                                                      |
+------------------------------------------------------------------------------+

Build Architecture: amd64
Build-Space: 0
Build-Time: 17
Distribution: unstable
Fail-Stage: build
Host Architecture: amd64
Install-Time: 87
Job: fftw3_3.3.4-2
Machine Architecture: amd64
Package: fftw3
Package-Time: 228
Source-Version: 3.3.4-2
Space: 0
Status: failed
Version: 3.3.4-2
--------------------------------------------------------------------------------
Finished at 2016-08-29T15:49:24Z
Build needed 00:00:00, 0k disc space
E: Build failure (dpkg-buildpackage died)
DC-Status: Failed 228.780262191s
DC-Time-Estimation: 228.780262191 versus expected 1116 (r/m: 3.8780431900558527 ; m: 228.780262191)
