DC-Build-Header: gamin 0.1.10-5 / 2016-08-29 16:38:06 +0000
DC-Task: type:rebuild-binarch-only source:gamin version:0.1.10-5 chroot:unstable esttime:376 logfile:/tmp/gamin_0.1.10-5_unstable_clang3.8.log modes:clang:binarch-only
DC-Sbuild-call: su user42 -c 'sbuild -n --arch-any --apt-update -d unstable -v  --chroot-setup-commands=/tmp/clang gamin_0.1.10-5'
sbuild (Debian sbuild) 0.70.0 (03 Aug 2016) on ip-172-31-7-230.eu-central-1.compute.internal

+==============================================================================+
| gamin 0.1.10-5 (amd64)                       Mon, 29 Aug 2016 16:38:06 +0000 |
+==============================================================================+

Package: gamin
Version: 0.1.10-5
Source Version: 0.1.10-5
Distribution: unstable
Machine Architecture: amd64
Host Architecture: amd64
Build Architecture: amd64

I: NOTICE: Log filtering will replace 'var/lib/schroot/mount/unstable-amd64-sbuild-11f6c37d-8c33-49dd-9007-fbf2652ea5c8' with '<<CHROOT>>'

+------------------------------------------------------------------------------+
| Chroot Setup Commands                                                        |
+------------------------------------------------------------------------------+


/tmp/clang
----------

+ echo 'Entering customization script...'
Entering customization script...
+ CLANG_VERSION=3.8
+ echo 'Install of clang-3.8'
Install of clang-3.8
+ apt-get update
Get:1 http://127.0.0.1:9999/debian unstable InRelease [209 kB]
Get:2 http://127.0.0.1:9999/debian unstable/main Sources.diff/Index [27.9 kB]
Get:3 http://127.0.0.1:9999/debian unstable/main amd64 Packages.diff/Index [27.9 kB]
Get:4 http://127.0.0.1:9999/debian unstable/main Translation-en [5451 kB]
Get:5 http://127.0.0.1:9999/debian unstable/main Sources 2016-08-29-0319.00.pdiff [16.7 kB]
Get:6 http://127.0.0.1:9999/debian unstable/main Sources 2016-08-29-0916.07.pdiff [5442 B]
Get:6 http://127.0.0.1:9999/debian unstable/main Sources 2016-08-29-0916.07.pdiff [5442 B]
Get:7 http://127.0.0.1:9999/debian unstable/main amd64 Packages 2016-08-29-0319.00.pdiff [13.2 kB]
Get:8 http://127.0.0.1:9999/debian unstable/main amd64 Packages 2016-08-29-0916.07.pdiff [3300 B]
Get:8 http://127.0.0.1:9999/debian unstable/main amd64 Packages 2016-08-29-0916.07.pdiff [3300 B]
Fetched 5755 kB in 2s (1941 kB/s)
Reading package lists...
W: No sandbox user '_apt' on the system, can not drop privileges
+ apt-get install --yes --no-install-recommends --force-yes clang-3.8
Reading package lists...
Building dependency tree...
Reading state information...
The following additional packages will be installed:
  libbsd0 libclang-common-3.8-dev libclang1-3.8 libedit2 libffi6 libllvm3.8
  libobjc-6-dev libobjc4
Suggested packages:
  gnustep gnustep-devel clang-3.8-doc
Recommended packages:
  llvm-3.8-dev python
The following NEW packages will be installed:
  clang-3.8 libbsd0 libclang-common-3.8-dev libclang1-3.8 libedit2 libffi6
  libllvm3.8 libobjc-6-dev libobjc4
0 upgraded, 9 newly installed, 0 to remove and 1 not upgraded.
Need to get 38.3 MB of archives.
After this operation, 162 MB of additional disk space will be used.
Get:1 http://127.0.0.1:9999/debian unstable/main amd64 libbsd0 amd64 0.8.3-1 [83.0 kB]
Get:2 http://127.0.0.1:9999/debian unstable/main amd64 libedit2 amd64 3.1-20150325-1+b1 [85.2 kB]
Get:3 http://127.0.0.1:9999/debian unstable/main amd64 libffi6 amd64 3.2.1-4 [20.4 kB]
Get:4 http://127.0.0.1:9999/debian unstable/main amd64 libllvm3.8 amd64 1:3.8.1-9 [10.3 MB]
Get:5 http://127.0.0.1:9999/debian unstable/main amd64 libobjc4 amd64 6.2.0-1 [110 kB]
Get:6 http://127.0.0.1:9999/debian unstable/main amd64 libobjc-6-dev amd64 6.2.0-1 [394 kB]
Get:7 http://127.0.0.1:9999/debian unstable/main amd64 libclang1-3.8 amd64 1:3.8.1-9 [4188 kB]
Get:8 http://127.0.0.1:9999/debian unstable/main amd64 libclang-common-3.8-dev amd64 1:3.8.1-9 [1477 kB]
Get:9 http://127.0.0.1:9999/debian unstable/main amd64 clang-3.8 amd64 1:3.8.1-9 [21.6 MB]
debconf: delaying package configuration, since apt-utils is not installed
Fetched 38.3 MB in 1s (21.6 MB/s)
Selecting previously unselected package libbsd0:amd64.
(Reading database ... (Reading database ... 5%(Reading database ... 10%(Reading database ... 15%(Reading database ... 20%(Reading database ... 25%(Reading database ... 30%(Reading database ... 35%(Reading database ... 40%(Reading database ... 45%(Reading database ... 50%(Reading database ... 55%(Reading database ... 60%(Reading database ... 65%(Reading database ... 70%(Reading database ... 75%(Reading database ... 80%(Reading database ... 85%(Reading database ... 90%(Reading database ... 95%(Reading database ... 100%(Reading database ... 9446 files and directories currently installed.)
Preparing to unpack .../0-libbsd0_0.8.3-1_amd64.deb ...
Unpacking libbsd0:amd64 (0.8.3-1) ...
Selecting previously unselected package libedit2:amd64.
Preparing to unpack .../1-libedit2_3.1-20150325-1+b1_amd64.deb ...
Unpacking libedit2:amd64 (3.1-20150325-1+b1) ...
Selecting previously unselected package libffi6:amd64.
Preparing to unpack .../2-libffi6_3.2.1-4_amd64.deb ...
Unpacking libffi6:amd64 (3.2.1-4) ...
Selecting previously unselected package libllvm3.8:amd64.
Preparing to unpack .../3-libllvm3.8_1%3a3.8.1-9_amd64.deb ...
Unpacking libllvm3.8:amd64 (1:3.8.1-9) ...
Selecting previously unselected package libobjc4:amd64.
Preparing to unpack .../4-libobjc4_6.2.0-1_amd64.deb ...
Unpacking libobjc4:amd64 (6.2.0-1) ...
Selecting previously unselected package libobjc-6-dev:amd64.
Preparing to unpack .../5-libobjc-6-dev_6.2.0-1_amd64.deb ...
Unpacking libobjc-6-dev:amd64 (6.2.0-1) ...
Selecting previously unselected package libclang1-3.8:amd64.
Preparing to unpack .../6-libclang1-3.8_1%3a3.8.1-9_amd64.deb ...
Unpacking libclang1-3.8:amd64 (1:3.8.1-9) ...
Selecting previously unselected package libclang-common-3.8-dev.
Preparing to unpack .../7-libclang-common-3.8-dev_1%3a3.8.1-9_amd64.deb ...
Unpacking libclang-common-3.8-dev (1:3.8.1-9) ...
Selecting previously unselected package clang-3.8.
Preparing to unpack .../8-clang-3.8_1%3a3.8.1-9_amd64.deb ...
Unpacking clang-3.8 (1:3.8.1-9) ...
Setting up libobjc4:amd64 (6.2.0-1) ...
Setting up libbsd0:amd64 (0.8.3-1) ...
Processing triggers for libc-bin (2.23-5) ...
Setting up libobjc-6-dev:amd64 (6.2.0-1) ...
Setting up libffi6:amd64 (3.2.1-4) ...
Setting up libedit2:amd64 (3.1-20150325-1+b1) ...
Setting up libllvm3.8:amd64 (1:3.8.1-9) ...
Setting up libclang-common-3.8-dev (1:3.8.1-9) ...
Setting up libclang1-3.8:amd64 (1:3.8.1-9) ...
Setting up clang-3.8 (1:3.8.1-9) ...
Processing triggers for libc-bin (2.23-5) ...
W: --force-yes is deprecated, use one of the options starting with --allow instead.
W: No sandbox user '_apt' on the system, can not drop privileges
+ echo 'Replace gcc, g++ & cpp by clang'
Replace gcc, g++ & cpp by clang
+ VERSIONS='4.6 4.7 4.8 4.9 5 6'
+ cd /usr/bin
+ for VERSION in '$VERSIONS'
+ rm -f g++-4.6 gcc-4.6 cpp-4.6 gcc
+ ln -s clang++-3.8 g++-4.6
+ ln -s clang-3.8 gcc-4.6
+ ln -s clang-3.8 cpp-4.6
+ ln -s clang-3.8 gcc
+ echo 'gcc-4.6 hold'
+ dpkg --set-selections
dpkg: warning: package not in database at line 1: gcc-4.6
dpkg: warning: found unknown packages; this might mean the available database
is outdated, and needs to be updated through a frontend method
+ echo 'g++-4.6 hold'
+ dpkg --set-selections
dpkg: warning: package not in database at line 1: g++-4.6
dpkg: warning: found unknown packages; this might mean the available database
is outdated, and needs to be updated through a frontend method
+ for VERSION in '$VERSIONS'
+ rm -f g++-4.7 gcc-4.7 cpp-4.7 gcc
+ ln -s clang++-3.8 g++-4.7
+ ln -s clang-3.8 gcc-4.7
+ ln -s clang-3.8 cpp-4.7
+ ln -s clang-3.8 gcc
+ echo 'gcc-4.7 hold'
+ dpkg --set-selections
dpkg: warning: package not in database at line 1: gcc-4.7
dpkg: warning: found unknown packages; this might mean the available database
is outdated, and needs to be updated through a frontend method
+ echo 'g++-4.7 hold'
+ dpkg --set-selections
dpkg: warning: package not in database at line 1: g++-4.7
dpkg: warning: found unknown packages; this might mean the available database
is outdated, and needs to be updated through a frontend method
+ for VERSION in '$VERSIONS'
+ rm -f g++-4.8 gcc-4.8 cpp-4.8 gcc
+ ln -s clang++-3.8 g++-4.8
+ ln -s clang-3.8 gcc-4.8
+ ln -s clang-3.8 cpp-4.8
+ ln -s clang-3.8 gcc
+ echo 'gcc-4.8 hold'
+ dpkg --set-selections
dpkg: warning: package not in database at line 1: gcc-4.8
dpkg: warning: found unknown packages; this might mean the available database
is outdated, and needs to be updated through a frontend method
+ echo 'g++-4.8 hold'
+ dpkg --set-selections
dpkg: warning: package not in database at line 1: g++-4.8
dpkg: warning: found unknown packages; this might mean the available database
is outdated, and needs to be updated through a frontend method
+ for VERSION in '$VERSIONS'
+ rm -f g++-4.9 gcc-4.9 cpp-4.9 gcc
+ ln -s clang++-3.8 g++-4.9
+ ln -s clang-3.8 gcc-4.9
+ ln -s clang-3.8 cpp-4.9
+ ln -s clang-3.8 gcc
+ echo 'gcc-4.9 hold'
+ dpkg --set-selections
dpkg: warning: package not in database at line 1: gcc-4.9
dpkg: warning: found unknown packages; this might mean the available database
is outdated, and needs to be updated through a frontend method
+ echo 'g++-4.9 hold'
+ dpkg --set-selections
dpkg: warning: package not in database at line 1: g++-4.9
dpkg: warning: found unknown packages; this might mean the available database
is outdated, and needs to be updated through a frontend method
+ for VERSION in '$VERSIONS'
+ rm -f g++-5 gcc-5 cpp-5 gcc
+ ln -s clang++-3.8 g++-5
+ ln -s clang-3.8 gcc-5
+ ln -s clang-3.8 cpp-5
+ ln -s clang-3.8 gcc
+ echo 'gcc-5 hold'
+ dpkg --set-selections
+ echo 'g++-5 hold'
+ dpkg --set-selections
+ for VERSION in '$VERSIONS'
+ rm -f g++-6 gcc-6 cpp-6 gcc
+ ln -s clang++-3.8 g++-6
+ ln -s clang-3.8 gcc-6
+ ln -s clang-3.8 cpp-6
+ ln -s clang-3.8 gcc
+ echo 'gcc-6 hold'
+ dpkg --set-selections
+ echo 'g++-6 hold'
+ dpkg --set-selections
+ cd -
/build/gamin-bq30pV
+ echo 'Check if gcc, g++ & cpp are actually clang'
Check if gcc, g++ & cpp are actually clang
+ gcc --version
+ grep clang
+ cpp --version
+ grep clang
+ g++ --version
+ grep clang

I: Finished running '/tmp/clang'.

Finished processing commands.
--------------------------------------------------------------------------------

+------------------------------------------------------------------------------+
| Update chroot                                                                |
+------------------------------------------------------------------------------+

Hit:1 http://127.0.0.1:9999/debian unstable InRelease
Reading package lists...
W: No sandbox user '_apt' on the system, can not drop privileges
Reading package lists...
Building dependency tree...
Reading state information...
Calculating upgrade...
The following packages will be upgraded:
  linux-libc-dev
1 upgraded, 0 newly installed, 0 to remove and 0 not upgraded.
Need to get 1158 kB of archives.
After this operation, 60.4 kB of additional disk space will be used.
Get:1 http://127.0.0.1:9999/debian unstable/main amd64 linux-libc-dev amd64 4.7.2-1 [1158 kB]
debconf: delaying package configuration, since apt-utils is not installed
Fetched 1158 kB in 0s (69.2 MB/s)
(Reading database ... (Reading database ... 5%(Reading database ... 10%(Reading database ... 15%(Reading database ... 20%(Reading database ... 25%(Reading database ... 30%(Reading database ... 35%(Reading database ... 40%(Reading database ... 45%(Reading database ... 50%(Reading database ... 55%(Reading database ... 60%(Reading database ... 65%(Reading database ... 70%(Reading database ... 75%(Reading database ... 80%(Reading database ... 85%(Reading database ... 90%(Reading database ... 95%(Reading database ... 100%(Reading database ... 9769 files and directories currently installed.)
Preparing to unpack .../linux-libc-dev_4.7.2-1_amd64.deb ...
Unpacking linux-libc-dev:amd64 (4.7.2-1) over (4.6.4-1) ...
Setting up linux-libc-dev:amd64 (4.7.2-1) ...
W: No sandbox user '_apt' on the system, can not drop privileges

+------------------------------------------------------------------------------+
| Fetch source files                                                           |
+------------------------------------------------------------------------------+


Check APT
---------

Checking available source versions...

Download source files with APT
------------------------------

Reading package lists...
Need to get 664 kB of source archives.
Get:1 http://127.0.0.1:9999/debian unstable/main gamin 0.1.10-5 (dsc) [2126 B]
Get:2 http://127.0.0.1:9999/debian unstable/main gamin 0.1.10-5 (tar) [653 kB]
Get:3 http://127.0.0.1:9999/debian unstable/main gamin 0.1.10-5 (diff) [8772 B]
Fetched 664 kB in 0s (3760 kB/s)
Download complete and in download only mode
I: NOTICE: Log filtering will replace 'build/gamin-bq30pV/gamin-0.1.10' with '<<PKGBUILDDIR>>'
I: NOTICE: Log filtering will replace 'build/gamin-bq30pV' with '<<BUILDDIR>>'

+------------------------------------------------------------------------------+
| Install build-essential                                                      |
+------------------------------------------------------------------------------+


Setup apt archive
-----------------

Merged Build-Depends: build-essential, fakeroot
Filtered Build-Depends: build-essential, fakeroot
dpkg-deb: building package 'sbuild-build-depends-core-dummy' in '/<<BUILDDIR>>/resolver-6N796w/apt_archive/sbuild-build-depends-core-dummy.deb'.
dpkg-scanpackages: warning: Packages in archive but missing from override file:
dpkg-scanpackages: warning:   sbuild-build-depends-core-dummy
dpkg-scanpackages: info: Wrote 1 entries to output Packages file.
Ign:1 copy:/<<BUILDDIR>>/resolver-6N796w/apt_archive ./ InRelease
Get:2 copy:/<<BUILDDIR>>/resolver-6N796w/apt_archive ./ Release [957 B]
Ign:3 copy:/<<BUILDDIR>>/resolver-6N796w/apt_archive ./ Release.gpg
Get:4 copy:/<<BUILDDIR>>/resolver-6N796w/apt_archive ./ Sources [349 B]
Get:5 copy:/<<BUILDDIR>>/resolver-6N796w/apt_archive ./ Packages [431 B]
Fetched 1737 B in 0s (0 B/s)
Reading package lists...
W: No sandbox user '_apt' on the system, can not drop privileges
Reading package lists...

Install core build dependencies (apt-based resolver)
----------------------------------------------------

Installing build dependencies
Reading package lists...
Building dependency tree...
Reading state information...
The following NEW packages will be installed:
  sbuild-build-depends-core-dummy
0 upgraded, 1 newly installed, 0 to remove and 0 not upgraded.
Need to get 774 B of archives.
After this operation, 0 B of additional disk space will be used.
Get:1 copy:/<<BUILDDIR>>/resolver-6N796w/apt_archive ./ sbuild-build-depends-core-dummy 0.invalid.0 [774 B]
debconf: delaying package configuration, since apt-utils is not installed
Fetched 774 B in 0s (0 B/s)
Selecting previously unselected package sbuild-build-depends-core-dummy.
(Reading database ... 9775 files and directories currently installed.)
Preparing to unpack .../sbuild-build-depends-core-dummy_0.invalid.0_amd64.deb ...
Unpacking sbuild-build-depends-core-dummy (0.invalid.0) ...
Setting up sbuild-build-depends-core-dummy (0.invalid.0) ...
W: No sandbox user '_apt' on the system, can not drop privileges

+------------------------------------------------------------------------------+
| Check architectures                                                          |
+------------------------------------------------------------------------------+

Arch check ok (amd64 included in any)

+------------------------------------------------------------------------------+
| Install package build dependencies                                           |
+------------------------------------------------------------------------------+


Setup apt archive
-----------------

Merged Build-Depends: cdbs (>= 0.4.73), debhelper (>= 5.0.37.2), libglib2.0-dev, gnome-pkg-tools, python-all-dev (>= 2.3.5-11), dh-python, dpkg-dev (>= 1.13.19), dh-autoreconf
Filtered Build-Depends: cdbs (>= 0.4.73), debhelper (>= 5.0.37.2), libglib2.0-dev, gnome-pkg-tools, python-all-dev (>= 2.3.5-11), dh-python, dpkg-dev (>= 1.13.19), dh-autoreconf
dpkg-deb: building package 'sbuild-build-depends-gamin-dummy' in '/<<BUILDDIR>>/resolver-h9XE4N/apt_archive/sbuild-build-depends-gamin-dummy.deb'.
dpkg-scanpackages: warning: Packages in archive but missing from override file:
dpkg-scanpackages: warning:   sbuild-build-depends-gamin-dummy
dpkg-scanpackages: info: Wrote 1 entries to output Packages file.
Ign:1 copy:/<<BUILDDIR>>/resolver-h9XE4N/apt_archive ./ InRelease
Get:2 copy:/<<BUILDDIR>>/resolver-h9XE4N/apt_archive ./ Release [957 B]
Ign:3 copy:/<<BUILDDIR>>/resolver-h9XE4N/apt_archive ./ Release.gpg
Get:4 copy:/<<BUILDDIR>>/resolver-h9XE4N/apt_archive ./ Sources [417 B]
Get:5 copy:/<<BUILDDIR>>/resolver-h9XE4N/apt_archive ./ Packages [509 B]
Fetched 1883 B in 0s (0 B/s)
Reading package lists...
W: No sandbox user '_apt' on the system, can not drop privileges
Reading package lists...

Install gamin build dependencies (apt-based resolver)
-----------------------------------------------------

Installing build dependencies
Reading package lists...
Building dependency tree...
Reading state information...
The following additional packages will be installed:
  autoconf automake autopoint autotools-dev bsdmainutils cdbs debhelper
  dh-autoreconf dh-python dh-strip-nondeterminism file gettext gettext-base
  gnome-pkg-tools groff-base intltool-debian libarchive-zip-perl libcroco3
  libelf1 libexpat1 libexpat1-dev libfile-stripnondeterminism-perl
  libglib2.0-0 libglib2.0-bin libglib2.0-data libglib2.0-dev libicu57
  libmagic-mgc libmagic1 libmpdec2 libpcre16-3 libpcre3-dev libpcre32-3
  libpcrecpp0v5 libpipeline1 libpython-all-dev libpython-dev libpython-stdlib
  libpython2.7 libpython2.7-dev libpython2.7-minimal libpython2.7-stdlib
  libpython3-stdlib libpython3.5-minimal libpython3.5-stdlib libreadline6
  libsigsegv2 libsqlite3-0 libssl1.0.2 libtimedate-perl libtool libunistring0
  libxml2 m4 man-db mime-support pkg-config po-debconf python python-all
  python-all-dev python-dev python-minimal python2.7 python2.7-dev
  python2.7-minimal python3 python3-minimal python3.5 python3.5-minimal
  readline-common zlib1g-dev
Suggested packages:
  autoconf-archive gnu-standards autoconf-doc wamerican | wordlist whois
  vacation devscripts dh-make gettext-doc libasprintf-dev libgettextpo-dev
  groff libglib2.0-doc libtool-doc gfortran | fortran95-compiler gcj-jdk less
  www-browser libmail-box-perl python-doc python-tk python2.7-doc
  binfmt-support python3-doc python3-tk python3-venv python3.5-venv
  python3.5-doc readline-doc
Recommended packages:
  curl | wget | lynx-cur svn-buildpackage shared-mime-info xdg-user-dirs
  libltdl-dev xml-core libmail-sendmail-perl
The following NEW packages will be installed:
  autoconf automake autopoint autotools-dev bsdmainutils cdbs debhelper
  dh-autoreconf dh-python dh-strip-nondeterminism file gettext gettext-base
  gnome-pkg-tools groff-base intltool-debian libarchive-zip-perl libcroco3
  libelf1 libexpat1 libexpat1-dev libfile-stripnondeterminism-perl
  libglib2.0-0 libglib2.0-bin libglib2.0-data libglib2.0-dev libicu57
  libmagic-mgc libmagic1 libmpdec2 libpcre16-3 libpcre3-dev libpcre32-3
  libpcrecpp0v5 libpipeline1 libpython-all-dev libpython-dev libpython-stdlib
  libpython2.7 libpython2.7-dev libpython2.7-minimal libpython2.7-stdlib
  libpython3-stdlib libpython3.5-minimal libpython3.5-stdlib libreadline6
  libsigsegv2 libsqlite3-0 libssl1.0.2 libtimedate-perl libtool libunistring0
  libxml2 m4 man-db mime-support pkg-config po-debconf python python-all
  python-all-dev python-dev python-minimal python2.7 python2.7-dev
  python2.7-minimal python3 python3-minimal python3.5 python3.5-minimal
  readline-common sbuild-build-depends-gamin-dummy zlib1g-dev
0 upgraded, 73 newly installed, 0 to remove and 0 not upgraded.
Need to get 69.4 MB of archives.
After this operation, 187 MB of additional disk space will be used.
Get:1 copy:/<<BUILDDIR>>/resolver-h9XE4N/apt_archive ./ sbuild-build-depends-gamin-dummy 0.invalid.0 [854 B]
Get:2 http://127.0.0.1:9999/debian unstable/main amd64 groff-base amd64 1.22.3-8 [1162 kB]
Get:3 http://127.0.0.1:9999/debian unstable/main amd64 bsdmainutils amd64 9.0.10 [184 kB]
Get:4 http://127.0.0.1:9999/debian unstable/main amd64 libpipeline1 amd64 1.4.1-2 [27.6 kB]
Get:5 http://127.0.0.1:9999/debian unstable/main amd64 man-db amd64 2.7.5-1 [1003 kB]
Get:6 http://127.0.0.1:9999/debian unstable/main amd64 libpython2.7-minimal amd64 2.7.12-2 [387 kB]
Get:7 http://127.0.0.1:9999/debian unstable/main amd64 python2.7-minimal amd64 2.7.12-2 [1348 kB]
Get:8 http://127.0.0.1:9999/debian unstable/main amd64 python-minimal amd64 2.7.11-2 [40.3 kB]
Get:9 http://127.0.0.1:9999/debian unstable/main amd64 mime-support all 3.60 [36.7 kB]
Get:10 http://127.0.0.1:9999/debian unstable/main amd64 libexpat1 amd64 2.2.0-1 [82.0 kB]
Get:11 http://127.0.0.1:9999/debian unstable/main amd64 readline-common all 6.3-8 [57.7 kB]
Get:12 http://127.0.0.1:9999/debian unstable/main amd64 libreadline6 amd64 6.3-8+b4 [142 kB]
Get:13 http://127.0.0.1:9999/debian unstable/main amd64 libsqlite3-0 amd64 3.14.1-1 [559 kB]
Get:14 http://127.0.0.1:9999/debian unstable/main amd64 libssl1.0.2 amd64 1.0.2h-1 [1287 kB]
Get:15 http://127.0.0.1:9999/debian unstable/main amd64 libpython2.7-stdlib amd64 2.7.12-2 [1875 kB]
Get:16 http://127.0.0.1:9999/debian unstable/main amd64 python2.7 amd64 2.7.12-2 [277 kB]
Get:17 http://127.0.0.1:9999/debian unstable/main amd64 libpython-stdlib amd64 2.7.11-2 [19.8 kB]
Get:18 http://127.0.0.1:9999/debian unstable/main amd64 python amd64 2.7.11-2 [153 kB]
Get:19 http://127.0.0.1:9999/debian unstable/main amd64 libpcrecpp0v5 amd64 2:8.39-2 [151 kB]
Get:20 http://127.0.0.1:9999/debian unstable/main amd64 libpython3.5-minimal amd64 3.5.2-3 [568 kB]
Get:21 http://127.0.0.1:9999/debian unstable/main amd64 python3.5-minimal amd64 3.5.2-3 [1644 kB]
Get:22 http://127.0.0.1:9999/debian unstable/main amd64 python3-minimal amd64 3.5.1-4 [35.3 kB]
Get:23 http://127.0.0.1:9999/debian unstable/main amd64 libmpdec2 amd64 2.4.2-1 [85.2 kB]
Get:24 http://127.0.0.1:9999/debian unstable/main amd64 libpython3.5-stdlib amd64 3.5.2-3 [2126 kB]
Get:25 http://127.0.0.1:9999/debian unstable/main amd64 python3.5 amd64 3.5.2-3 [214 kB]
Get:26 http://127.0.0.1:9999/debian unstable/main amd64 libpython3-stdlib amd64 3.5.1-4 [18.6 kB]
Get:27 http://127.0.0.1:9999/debian unstable/main amd64 dh-python all 2.20160818 [83.0 kB]
Get:28 http://127.0.0.1:9999/debian unstable/main amd64 python3 amd64 3.5.1-4 [21.6 kB]
Get:29 http://127.0.0.1:9999/debian unstable/main amd64 libmagic-mgc amd64 1:5.28-4 [210 kB]
Get:30 http://127.0.0.1:9999/debian unstable/main amd64 libmagic1 amd64 1:5.28-4 [109 kB]
Get:31 http://127.0.0.1:9999/debian unstable/main amd64 file amd64 1:5.28-4 [62.9 kB]
Get:32 http://127.0.0.1:9999/debian unstable/main amd64 gettext-base amd64 0.19.8.1-1 [121 kB]
Get:33 http://127.0.0.1:9999/debian unstable/main amd64 libicu57 amd64 57.1-3 [7676 kB]
Get:34 http://127.0.0.1:9999/debian unstable/main amd64 libxml2 amd64 2.9.4+dfsg1-1+b1 [919 kB]
Get:35 http://127.0.0.1:9999/debian unstable/main amd64 libsigsegv2 amd64 2.10-5 [28.9 kB]
Get:36 http://127.0.0.1:9999/debian unstable/main amd64 m4 amd64 1.4.17-5 [255 kB]
Get:37 http://127.0.0.1:9999/debian unstable/main amd64 autoconf all 2.69-10 [338 kB]
Get:38 http://127.0.0.1:9999/debian unstable/main amd64 autotools-dev all 20160430.1 [72.6 kB]
Get:39 http://127.0.0.1:9999/debian unstable/main amd64 automake all 1:1.15-4 [735 kB]
Get:40 http://127.0.0.1:9999/debian unstable/main amd64 autopoint all 0.19.8.1-1 [433 kB]
Get:41 http://127.0.0.1:9999/debian unstable/main amd64 cdbs all 0.4.143 [80.9 kB]
Get:42 http://127.0.0.1:9999/debian unstable/main amd64 libglib2.0-0 amd64 2.48.1-3 [2707 kB]
Get:43 http://127.0.0.1:9999/debian unstable/main amd64 libcroco3 amd64 0.6.11-1 [143 kB]
Get:44 http://127.0.0.1:9999/debian unstable/main amd64 libunistring0 amd64 0.9.6+really0.9.3-0.1 [279 kB]
Get:45 http://127.0.0.1:9999/debian unstable/main amd64 gettext amd64 0.19.8.1-1 [1493 kB]
Get:46 http://127.0.0.1:9999/debian unstable/main amd64 intltool-debian all 0.35.0+20060710.4 [26.3 kB]
Get:47 http://127.0.0.1:9999/debian unstable/main amd64 po-debconf all 1.0.19 [249 kB]
Get:48 http://127.0.0.1:9999/debian unstable/main amd64 libarchive-zip-perl all 1.59-1 [95.5 kB]
Get:49 http://127.0.0.1:9999/debian unstable/main amd64 libfile-stripnondeterminism-perl all 0.023-2 [13.4 kB]
Get:50 http://127.0.0.1:9999/debian unstable/main amd64 libtimedate-perl all 2.3000-2 [42.2 kB]
Get:51 http://127.0.0.1:9999/debian unstable/main amd64 dh-strip-nondeterminism all 0.023-2 [8202 B]
Get:52 http://127.0.0.1:9999/debian unstable/main amd64 libtool all 2.4.6-2 [545 kB]
Get:53 http://127.0.0.1:9999/debian unstable/main amd64 dh-autoreconf all 12 [15.8 kB]
Get:54 http://127.0.0.1:9999/debian unstable/main amd64 debhelper all 9.20160814 [800 kB]
Get:55 http://127.0.0.1:9999/debian unstable/main amd64 gnome-pkg-tools all 0.19.7 [27.1 kB]
Get:56 http://127.0.0.1:9999/debian unstable/main amd64 libelf1 amd64 0.166-2 [172 kB]
Get:57 http://127.0.0.1:9999/debian unstable/main amd64 libexpat1-dev amd64 2.2.0-1 [128 kB]
Get:58 http://127.0.0.1:9999/debian unstable/main amd64 libglib2.0-data all 2.48.1-3 [2502 kB]
Get:59 http://127.0.0.1:9999/debian unstable/main amd64 libglib2.0-bin amd64 2.48.1-3 [1626 kB]
Get:60 http://127.0.0.1:9999/debian unstable/main amd64 libpcre16-3 amd64 2:8.39-2 [258 kB]
Get:61 http://127.0.0.1:9999/debian unstable/main amd64 libpcre32-3 amd64 2:8.39-2 [248 kB]
Get:62 http://127.0.0.1:9999/debian unstable/main amd64 libpcre3-dev amd64 2:8.39-2 [645 kB]
Get:63 http://127.0.0.1:9999/debian unstable/main amd64 pkg-config amd64 0.29-4 [62.5 kB]
Get:64 http://127.0.0.1:9999/debian unstable/main amd64 zlib1g-dev amd64 1:1.2.8.dfsg-2+b1 [206 kB]
Get:65 http://127.0.0.1:9999/debian unstable/main amd64 libglib2.0-dev amd64 2.48.1-3 [2961 kB]
Get:66 http://127.0.0.1:9999/debian unstable/main amd64 libpython2.7 amd64 2.7.12-2 [1070 kB]
Get:67 http://127.0.0.1:9999/debian unstable/main amd64 libpython2.7-dev amd64 2.7.12-2 [28.1 MB]
Get:68 http://127.0.0.1:9999/debian unstable/main amd64 libpython-dev amd64 2.7.11-2 [19.8 kB]
Get:69 http://127.0.0.1:9999/debian unstable/main amd64 libpython-all-dev amd64 2.7.11-2 [952 B]
Get:70 http://127.0.0.1:9999/debian unstable/main amd64 python-all amd64 2.7.11-2 [938 B]
Get:71 http://127.0.0.1:9999/debian unstable/main amd64 python2.7-dev amd64 2.7.12-2 [281 kB]
Get:72 http://127.0.0.1:9999/debian unstable/main amd64 python-dev amd64 2.7.11-2 [1128 B]
Get:73 http://127.0.0.1:9999/debian unstable/main amd64 python-all-dev amd64 2.7.11-2 [954 B]
debconf: delaying package configuration, since apt-utils is not installed
Fetched 69.4 MB in 0s (90.5 MB/s)
Selecting previously unselected package groff-base.
(Reading database ... 9775 files and directories currently installed.)
Preparing to unpack .../00-groff-base_1.22.3-8_amd64.deb ...
Unpacking groff-base (1.22.3-8) ...
Selecting previously unselected package bsdmainutils.
Preparing to unpack .../01-bsdmainutils_9.0.10_amd64.deb ...
Unpacking bsdmainutils (9.0.10) ...
Selecting previously unselected package libpipeline1:amd64.
Preparing to unpack .../02-libpipeline1_1.4.1-2_amd64.deb ...
Unpacking libpipeline1:amd64 (1.4.1-2) ...
Selecting previously unselected package man-db.
Preparing to unpack .../03-man-db_2.7.5-1_amd64.deb ...
Unpacking man-db (2.7.5-1) ...
Selecting previously unselected package libpython2.7-minimal:amd64.
Preparing to unpack .../04-libpython2.7-minimal_2.7.12-2_amd64.deb ...
Unpacking libpython2.7-minimal:amd64 (2.7.12-2) ...
Selecting previously unselected package python2.7-minimal.
Preparing to unpack .../05-python2.7-minimal_2.7.12-2_amd64.deb ...
Unpacking python2.7-minimal (2.7.12-2) ...
Selecting previously unselected package python-minimal.
Preparing to unpack .../06-python-minimal_2.7.11-2_amd64.deb ...
Unpacking python-minimal (2.7.11-2) ...
Selecting previously unselected package mime-support.
Preparing to unpack .../07-mime-support_3.60_all.deb ...
Unpacking mime-support (3.60) ...
Selecting previously unselected package libexpat1:amd64.
Preparing to unpack .../08-libexpat1_2.2.0-1_amd64.deb ...
Unpacking libexpat1:amd64 (2.2.0-1) ...
Selecting previously unselected package readline-common.
Preparing to unpack .../09-readline-common_6.3-8_all.deb ...
Unpacking readline-common (6.3-8) ...
Selecting previously unselected package libreadline6:amd64.
Preparing to unpack .../10-libreadline6_6.3-8+b4_amd64.deb ...
Unpacking libreadline6:amd64 (6.3-8+b4) ...
Selecting previously unselected package libsqlite3-0:amd64.
Preparing to unpack .../11-libsqlite3-0_3.14.1-1_amd64.deb ...
Unpacking libsqlite3-0:amd64 (3.14.1-1) ...
Selecting previously unselected package libssl1.0.2:amd64.
Preparing to unpack .../12-libssl1.0.2_1.0.2h-1_amd64.deb ...
Unpacking libssl1.0.2:amd64 (1.0.2h-1) ...
Selecting previously unselected package libpython2.7-stdlib:amd64.
Preparing to unpack .../13-libpython2.7-stdlib_2.7.12-2_amd64.deb ...
Unpacking libpython2.7-stdlib:amd64 (2.7.12-2) ...
Selecting previously unselected package python2.7.
Preparing to unpack .../14-python2.7_2.7.12-2_amd64.deb ...
Unpacking python2.7 (2.7.12-2) ...
Selecting previously unselected package libpython-stdlib:amd64.
Preparing to unpack .../15-libpython-stdlib_2.7.11-2_amd64.deb ...
Unpacking libpython-stdlib:amd64 (2.7.11-2) ...
Setting up libpython2.7-minimal:amd64 (2.7.12-2) ...
Setting up python2.7-minimal (2.7.12-2) ...
Setting up python-minimal (2.7.11-2) ...
Selecting previously unselected package python.
(Reading database ... 11156 files and directories currently installed.)
Preparing to unpack .../0-python_2.7.11-2_amd64.deb ...
Unpacking python (2.7.11-2) ...
Selecting previously unselected package libpcrecpp0v5:amd64.
Preparing to unpack .../1-libpcrecpp0v5_2%3a8.39-2_amd64.deb ...
Unpacking libpcrecpp0v5:amd64 (2:8.39-2) ...
Selecting previously unselected package libpython3.5-minimal:amd64.
Preparing to unpack .../2-libpython3.5-minimal_3.5.2-3_amd64.deb ...
Unpacking libpython3.5-minimal:amd64 (3.5.2-3) ...
Selecting previously unselected package python3.5-minimal.
Preparing to unpack .../3-python3.5-minimal_3.5.2-3_amd64.deb ...
Unpacking python3.5-minimal (3.5.2-3) ...
Selecting previously unselected package python3-minimal.
Preparing to unpack .../4-python3-minimal_3.5.1-4_amd64.deb ...
Unpacking python3-minimal (3.5.1-4) ...
Selecting previously unselected package libmpdec2:amd64.
Preparing to unpack .../5-libmpdec2_2.4.2-1_amd64.deb ...
Unpacking libmpdec2:amd64 (2.4.2-1) ...
Selecting previously unselected package libpython3.5-stdlib:amd64.
Preparing to unpack .../6-libpython3.5-stdlib_3.5.2-3_amd64.deb ...
Unpacking libpython3.5-stdlib:amd64 (3.5.2-3) ...
Selecting previously unselected package python3.5.
Preparing to unpack .../7-python3.5_3.5.2-3_amd64.deb ...
Unpacking python3.5 (3.5.2-3) ...
Selecting previously unselected package libpython3-stdlib:amd64.
Preparing to unpack .../8-libpython3-stdlib_3.5.1-4_amd64.deb ...
Unpacking libpython3-stdlib:amd64 (3.5.1-4) ...
Selecting previously unselected package dh-python.
Preparing to unpack .../9-dh-python_2.20160818_all.deb ...
Unpacking dh-python (2.20160818) ...
Setting up libssl1.0.2:amd64 (1.0.2h-1) ...
Setting up libpython3.5-minimal:amd64 (3.5.2-3) ...
Setting up libexpat1:amd64 (2.2.0-1) ...
Setting up python3.5-minimal (3.5.2-3) ...
Setting up python3-minimal (3.5.1-4) ...
Selecting previously unselected package python3.
(Reading database ... 12140 files and directories currently installed.)
Preparing to unpack .../00-python3_3.5.1-4_amd64.deb ...
Unpacking python3 (3.5.1-4) ...
Selecting previously unselected package libmagic-mgc.
Preparing to unpack .../01-libmagic-mgc_1%3a5.28-4_amd64.deb ...
Unpacking libmagic-mgc (1:5.28-4) ...
Selecting previously unselected package libmagic1:amd64.
Preparing to unpack .../02-libmagic1_1%3a5.28-4_amd64.deb ...
Unpacking libmagic1:amd64 (1:5.28-4) ...
Selecting previously unselected package file.
Preparing to unpack .../03-file_1%3a5.28-4_amd64.deb ...
Unpacking file (1:5.28-4) ...
Selecting previously unselected package gettext-base.
Preparing to unpack .../04-gettext-base_0.19.8.1-1_amd64.deb ...
Unpacking gettext-base (0.19.8.1-1) ...
Selecting previously unselected package libicu57:amd64.
Preparing to unpack .../05-libicu57_57.1-3_amd64.deb ...
Unpacking libicu57:amd64 (57.1-3) ...
Selecting previously unselected package libxml2:amd64.
Preparing to unpack .../06-libxml2_2.9.4+dfsg1-1+b1_amd64.deb ...
Unpacking libxml2:amd64 (2.9.4+dfsg1-1+b1) ...
Selecting previously unselected package libsigsegv2:amd64.
Preparing to unpack .../07-libsigsegv2_2.10-5_amd64.deb ...
Unpacking libsigsegv2:amd64 (2.10-5) ...
Selecting previously unselected package m4.
Preparing to unpack .../08-m4_1.4.17-5_amd64.deb ...
Unpacking m4 (1.4.17-5) ...
Selecting previously unselected package autoconf.
Preparing to unpack .../09-autoconf_2.69-10_all.deb ...
Unpacking autoconf (2.69-10) ...
Selecting previously unselected package autotools-dev.
Preparing to unpack .../10-autotools-dev_20160430.1_all.deb ...
Unpacking autotools-dev (20160430.1) ...
Selecting previously unselected package automake.
Preparing to unpack .../11-automake_1%3a1.15-4_all.deb ...
Unpacking automake (1:1.15-4) ...
Selecting previously unselected package autopoint.
Preparing to unpack .../12-autopoint_0.19.8.1-1_all.deb ...
Unpacking autopoint (0.19.8.1-1) ...
Selecting previously unselected package cdbs.
Preparing to unpack .../13-cdbs_0.4.143_all.deb ...
Unpacking cdbs (0.4.143) ...
Selecting previously unselected package libglib2.0-0:amd64.
Preparing to unpack .../14-libglib2.0-0_2.48.1-3_amd64.deb ...
Unpacking libglib2.0-0:amd64 (2.48.1-3) ...
Selecting previously unselected package libcroco3:amd64.
Preparing to unpack .../15-libcroco3_0.6.11-1_amd64.deb ...
Unpacking libcroco3:amd64 (0.6.11-1) ...
Selecting previously unselected package libunistring0:amd64.
Preparing to unpack .../16-libunistring0_0.9.6+really0.9.3-0.1_amd64.deb ...
Unpacking libunistring0:amd64 (0.9.6+really0.9.3-0.1) ...
Selecting previously unselected package gettext.
Preparing to unpack .../17-gettext_0.19.8.1-1_amd64.deb ...
Unpacking gettext (0.19.8.1-1) ...
Selecting previously unselected package intltool-debian.
Preparing to unpack .../18-intltool-debian_0.35.0+20060710.4_all.deb ...
Unpacking intltool-debian (0.35.0+20060710.4) ...
Selecting previously unselected package po-debconf.
Preparing to unpack .../19-po-debconf_1.0.19_all.deb ...
Unpacking po-debconf (1.0.19) ...
Selecting previously unselected package libarchive-zip-perl.
Preparing to unpack .../20-libarchive-zip-perl_1.59-1_all.deb ...
Unpacking libarchive-zip-perl (1.59-1) ...
Selecting previously unselected package libfile-stripnondeterminism-perl.
Preparing to unpack .../21-libfile-stripnondeterminism-perl_0.023-2_all.deb ...
Unpacking libfile-stripnondeterminism-perl (0.023-2) ...
Selecting previously unselected package libtimedate-perl.
Preparing to unpack .../22-libtimedate-perl_2.3000-2_all.deb ...
Unpacking libtimedate-perl (2.3000-2) ...
Selecting previously unselected package dh-strip-nondeterminism.
Preparing to unpack .../23-dh-strip-nondeterminism_0.023-2_all.deb ...
Unpacking dh-strip-nondeterminism (0.023-2) ...
Selecting previously unselected package libtool.
Preparing to unpack .../24-libtool_2.4.6-2_all.deb ...
Unpacking libtool (2.4.6-2) ...
Selecting previously unselected package dh-autoreconf.
Preparing to unpack .../25-dh-autoreconf_12_all.deb ...
Unpacking dh-autoreconf (12) ...
Selecting previously unselected package debhelper.
Preparing to unpack .../26-debhelper_9.20160814_all.deb ...
Unpacking debhelper (9.20160814) ...
Selecting previously unselected package gnome-pkg-tools.
Preparing to unpack .../27-gnome-pkg-tools_0.19.7_all.deb ...
Unpacking gnome-pkg-tools (0.19.7) ...
Selecting previously unselected package libelf1:amd64.
Preparing to unpack .../28-libelf1_0.166-2_amd64.deb ...
Unpacking libelf1:amd64 (0.166-2) ...
Selecting previously unselected package libexpat1-dev:amd64.
Preparing to unpack .../29-libexpat1-dev_2.2.0-1_amd64.deb ...
Unpacking libexpat1-dev:amd64 (2.2.0-1) ...
Selecting previously unselected package libglib2.0-data.
Preparing to unpack .../30-libglib2.0-data_2.48.1-3_all.deb ...
Unpacking libglib2.0-data (2.48.1-3) ...
Selecting previously unselected package libglib2.0-bin.
Preparing to unpack .../31-libglib2.0-bin_2.48.1-3_amd64.deb ...
Unpacking libglib2.0-bin (2.48.1-3) ...
Selecting previously unselected package libpcre16-3:amd64.
Preparing to unpack .../32-libpcre16-3_2%3a8.39-2_amd64.deb ...
Unpacking libpcre16-3:amd64 (2:8.39-2) ...
Selecting previously unselected package libpcre32-3:amd64.
Preparing to unpack .../33-libpcre32-3_2%3a8.39-2_amd64.deb ...
Unpacking libpcre32-3:amd64 (2:8.39-2) ...
Selecting previously unselected package libpcre3-dev:amd64.
Preparing to unpack .../34-libpcre3-dev_2%3a8.39-2_amd64.deb ...
Unpacking libpcre3-dev:amd64 (2:8.39-2) ...
Selecting previously unselected package pkg-config.
Preparing to unpack .../35-pkg-config_0.29-4_amd64.deb ...
Unpacking pkg-config (0.29-4) ...
Selecting previously unselected package zlib1g-dev:amd64.
Preparing to unpack .../36-zlib1g-dev_1%3a1.2.8.dfsg-2+b1_amd64.deb ...
Unpacking zlib1g-dev:amd64 (1:1.2.8.dfsg-2+b1) ...
Selecting previously unselected package libglib2.0-dev.
Preparing to unpack .../37-libglib2.0-dev_2.48.1-3_amd64.deb ...
Unpacking libglib2.0-dev (2.48.1-3) ...
Selecting previously unselected package libpython2.7:amd64.
Preparing to unpack .../38-libpython2.7_2.7.12-2_amd64.deb ...
Unpacking libpython2.7:amd64 (2.7.12-2) ...
Selecting previously unselected package libpython2.7-dev:amd64.
Preparing to unpack .../39-libpython2.7-dev_2.7.12-2_amd64.deb ...
Unpacking libpython2.7-dev:amd64 (2.7.12-2) ...
Selecting previously unselected package libpython-dev:amd64.
Preparing to unpack .../40-libpython-dev_2.7.11-2_amd64.deb ...
Unpacking libpython-dev:amd64 (2.7.11-2) ...
Selecting previously unselected package libpython-all-dev:amd64.
Preparing to unpack .../41-libpython-all-dev_2.7.11-2_amd64.deb ...
Unpacking libpython-all-dev:amd64 (2.7.11-2) ...
Selecting previously unselected package python-all.
Preparing to unpack .../42-python-all_2.7.11-2_amd64.deb ...
Unpacking python-all (2.7.11-2) ...
Selecting previously unselected package python2.7-dev.
Preparing to unpack .../43-python2.7-dev_2.7.12-2_amd64.deb ...
Unpacking python2.7-dev (2.7.12-2) ...
Selecting previously unselected package python-dev.
Preparing to unpack .../44-python-dev_2.7.11-2_amd64.deb ...
Unpacking python-dev (2.7.11-2) ...
Selecting previously unselected package python-all-dev.
Preparing to unpack .../45-python-all-dev_2.7.11-2_amd64.deb ...
Unpacking python-all-dev (2.7.11-2) ...
Selecting previously unselected package sbuild-build-depends-gamin-dummy.
Preparing to unpack .../46-sbuild-build-depends-gamin-dummy_0.invalid.0_amd64.deb ...
Unpacking sbuild-build-depends-gamin-dummy (0.invalid.0) ...
Setting up cdbs (0.4.143) ...
Setting up readline-common (6.3-8) ...
Setting up gnome-pkg-tools (0.19.7) ...
Setting up libarchive-zip-perl (1.59-1) ...
Setting up mime-support (3.60) ...
Setting up libtimedate-perl (2.3000-2) ...
Setting up libsigsegv2:amd64 (2.10-5) ...
Setting up libelf1:amd64 (0.166-2) ...
Setting up groff-base (1.22.3-8) ...
Setting up libglib2.0-0:amd64 (2.48.1-3) ...
No schema files found: doing nothing.
Setting up gettext-base (0.19.8.1-1) ...
Setting up libpipeline1:amd64 (1.4.1-2) ...
Setting up m4 (1.4.17-5) ...
Setting up libicu57:amd64 (57.1-3) ...
Setting up libxml2:amd64 (2.9.4+dfsg1-1+b1) ...
Setting up libmagic-mgc (1:5.28-4) ...
Setting up libmagic1:amd64 (1:5.28-4) ...
Setting up libcroco3:amd64 (0.6.11-1) ...
Setting up pkg-config (0.29-4) ...
Setting up libglib2.0-data (2.48.1-3) ...
Processing triggers for libc-bin (2.23-5) ...
Setting up autotools-dev (20160430.1) ...
Setting up libunistring0:amd64 (0.9.6+really0.9.3-0.1) ...
Setting up libsqlite3-0:amd64 (3.14.1-1) ...
Setting up libexpat1-dev:amd64 (2.2.0-1) ...
Setting up libpcrecpp0v5:amd64 (2:8.39-2) ...
Setting up libpcre32-3:amd64 (2:8.39-2) ...
Setting up libpcre16-3:amd64 (2:8.39-2) ...
Setting up bsdmainutils (9.0.10) ...
update-alternatives: using /usr/bin/bsd-write to provide /usr/bin/write (write) in auto mode
update-alternatives: using /usr/bin/bsd-from to provide /usr/bin/from (from) in auto mode
Setting up libglib2.0-bin (2.48.1-3) ...
Setting up autopoint (0.19.8.1-1) ...
Setting up libmpdec2:amd64 (2.4.2-1) ...
Setting up libreadline6:amd64 (6.3-8+b4) ...
Setting up zlib1g-dev:amd64 (1:1.2.8.dfsg-2+b1) ...
Setting up libfile-stripnondeterminism-perl (0.023-2) ...
Setting up libpcre3-dev:amd64 (2:8.39-2) ...
Setting up gettext (0.19.8.1-1) ...
Setting up libpython3.5-stdlib:amd64 (3.5.2-3) ...
Setting up autoconf (2.69-10) ...
Setting up file (1:5.28-4) ...
Setting up intltool-debian (0.35.0+20060710.4) ...
Setting up automake (1:1.15-4) ...
update-alternatives: using /usr/bin/automake-1.15 to provide /usr/bin/automake (automake) in auto mode
Setting up man-db (2.7.5-1) ...
Not building database; man-db/auto-update is not 'true'.
Setting up libpython2.7-stdlib:amd64 (2.7.12-2) ...
Setting up libtool (2.4.6-2) ...
Setting up python3.5 (3.5.2-3) ...
Setting up libpython3-stdlib:amd64 (3.5.1-4) ...
Setting up po-debconf (1.0.19) ...
Setting up python2.7 (2.7.12-2) ...
Setting up libpython-stdlib:amd64 (2.7.11-2) ...
Setting up libpython2.7:amd64 (2.7.12-2) ...
Setting up libpython2.7-dev:amd64 (2.7.12-2) ...
Setting up python2.7-dev (2.7.12-2) ...
Setting up python (2.7.11-2) ...
Setting up libpython-dev:amd64 (2.7.11-2) ...
Setting up python-dev (2.7.11-2) ...
Setting up libpython-all-dev:amd64 (2.7.11-2) ...
Setting up python-all (2.7.11-2) ...
Setting up python-all-dev (2.7.11-2) ...
Setting up dh-autoreconf (12) ...
Setting up python3 (3.5.1-4) ...
Setting up libglib2.0-dev (2.48.1-3) ...
Setting up dh-strip-nondeterminism (0.023-2) ...
Setting up dh-python (2.20160818) ...
Setting up debhelper (9.20160814) ...
Setting up sbuild-build-depends-gamin-dummy (0.invalid.0) ...
Processing triggers for libc-bin (2.23-5) ...
W: No sandbox user '_apt' on the system, can not drop privileges

+------------------------------------------------------------------------------+
| Build environment                                                            |
+------------------------------------------------------------------------------+

Kernel: Linux 3.16.0-4-amd64 amd64 (x86_64)
Toolchain package versions: binutils_2.27-6 dpkg-dev_1.18.10 g++-6_6.2.0-1 gcc-6_6.2.0-1 libc6-dev_2.23-5 libstdc++-6-dev_6.2.0-1 libstdc++6_6.2.0-1 linux-libc-dev_4.7.2-1
Package versions: adduser_3.115 apt_1.3~rc2 autoconf_2.69-10 automake_1:1.15-4 autopoint_0.19.8.1-1 autotools-dev_20160430.1 base-files_9.6 base-passwd_3.5.40 bash_4.3-15 binutils_2.27-6 bsdmainutils_9.0.10 bsdutils_1:2.28.1-1 build-essential_12.2 bzip2_1.0.6-8 cdbs_0.4.143 clang-3.8_1:3.8.1-9 coreutils_8.25-2 cpp_4:6.1.1-1 cpp-6_6.2.0-1 dash_0.5.8-2.3 debconf_1.5.59 debfoster_2.7-2.1 debhelper_9.20160814 debian-archive-keyring_2014.3 debianutils_4.8 dh-autoreconf_12 dh-python_2.20160818 dh-strip-nondeterminism_0.023-2 diffutils_1:3.3-3 dpkg_1.18.10 dpkg-dev_1.18.10 e2fslibs_1.43.1-1 e2fsprogs_1.43.1-1 eatmydata_105-3 fakeroot_1.21-1 file_1:5.28-4 findutils_4.6.0+git+20160703-2 g++_4:6.1.1-1 g++-6_6.2.0-1 gcc_4:6.1.1-1 gcc-6_6.2.0-1 gcc-6-base_6.2.0-1 gettext_0.19.8.1-1 gettext-base_0.19.8.1-1 gnome-pkg-tools_0.19.7 gpgv_2.1.14-5 grep_2.25-6 groff-base_1.22.3-8 gzip_1.6-5 hostname_3.18 init-system-helpers_1.42 intltool-debian_0.35.0+20060710.4 libacl1_2.2.52-3 libapt-pkg5.0_1.3~rc2 libarchive-zip-perl_1.59-1 libasan3_6.2.0-1 libatomic1_6.2.0-1 libattr1_1:2.4.47-2 libaudit-common_1:2.6.6-1 libaudit1_1:2.6.6-1 libblkid1_2.28.1-1 libbsd0_0.8.3-1 libbz2-1.0_1.0.6-8 libc-bin_2.23-5 libc-dev-bin_2.23-5 libc6_2.23-5 libc6-dev_2.23-5 libcap-ng0_0.7.7-3 libcc1-0_6.2.0-1 libcilkrts5_6.2.0-1 libclang-common-3.8-dev_1:3.8.1-9 libclang1-3.8_1:3.8.1-9 libcomerr2_1.43.1-1 libcroco3_0.6.11-1 libdb5.3_5.3.28-12 libdebconfclient0_0.215 libdpkg-perl_1.18.10 libeatmydata1_105-3 libedit2_3.1-20150325-1+b1 libelf1_0.166-2 libexpat1_2.2.0-1 libexpat1-dev_2.2.0-1 libfakeroot_1.21-1 libfdisk1_2.28.1-1 libffi6_3.2.1-4 libfile-stripnondeterminism-perl_0.023-2 libgc1c2_1:7.4.2-8 libgcc-6-dev_6.2.0-1 libgcc1_1:6.2.0-1 libgcrypt20_1.7.3-1 libgdbm3_1.8.3-14 libglib2.0-0_2.48.1-3 libglib2.0-bin_2.48.1-3 libglib2.0-data_2.48.1-3 libglib2.0-dev_2.48.1-3 libgmp10_2:6.1.1+dfsg-1 libgomp1_6.2.0-1 libgpg-error0_1.24-1 libicu57_57.1-3 libisl15_0.17.1-1 libitm1_6.2.0-1 libllvm3.8_1:3.8.1-9 liblsan0_6.2.0-1 liblz4-1_0.0~r131-2 liblzma5_5.1.1alpha+20120614-2.1 libmagic-mgc_1:5.28-4 libmagic1_1:5.28-4 libmount1_2.28.1-1 libmpc3_1.0.3-1 libmpdec2_2.4.2-1 libmpfr4_3.1.4-2 libmpx2_6.2.0-1 libncurses5_6.0+20160625-1 libncursesw5_6.0+20160625-1 libobjc-6-dev_6.2.0-1 libobjc4_6.2.0-1 libpam-modules_1.1.8-3.3 libpam-modules-bin_1.1.8-3.3 libpam-runtime_1.1.8-3.3 libpam0g_1.1.8-3.3 libpcre16-3_2:8.39-2 libpcre3_2:8.39-2 libpcre3-dev_2:8.39-2 libpcre32-3_2:8.39-2 libpcrecpp0v5_2:8.39-2 libperl5.22_5.22.2-3 libpipeline1_1.4.1-2 libpython-all-dev_2.7.11-2 libpython-dev_2.7.11-2 libpython-stdlib_2.7.11-2 libpython2.7_2.7.12-2 libpython2.7-dev_2.7.12-2 libpython2.7-minimal_2.7.12-2 libpython2.7-stdlib_2.7.12-2 libpython3-stdlib_3.5.1-4 libpython3.5-minimal_3.5.2-3 libpython3.5-stdlib_3.5.2-3 libquadmath0_6.2.0-1 libreadline6_6.3-8+b4 libselinux1_2.5-3 libsemanage-common_2.5-1 libsemanage1_2.5-1 libsepol1_2.5-1 libsigsegv2_2.10-5 libsmartcols1_2.28.1-1 libsqlite3-0_3.14.1-1 libss2_1.43.1-1 libssl1.0.2_1.0.2h-1 libstdc++-6-dev_6.2.0-1 libstdc++6_6.2.0-1 libsystemd0_231-5 libtimedate-perl_2.3000-2 libtinfo5_6.0+20160625-1 libtool_2.4.6-2 libtsan0_6.2.0-1 libubsan0_6.2.0-1 libudev1_231-5 libunistring0_0.9.6+really0.9.3-0.1 libustr-1.0-1_1.0.4-5 libuuid1_2.28.1-1 libxml2_2.9.4+dfsg1-1+b1 linux-libc-dev_4.7.2-1 login_1:4.2-3.1 m4_1.4.17-5 make_4.1-9 man-db_2.7.5-1 mawk_1.3.3-17 mime-support_3.60 mount_2.28.1-1 multiarch-support_2.23-5 ncurses-base_6.0+20160625-1 ncurses-bin_6.0+20160625-1 passwd_1:4.2-3.1 patch_2.7.5-1 perl_5.22.2-3 perl-base_5.22.2-3 perl-modules-5.22_5.22.2-3 pkg-config_0.29-4 po-debconf_1.0.19 python_2.7.11-2 python-all_2.7.11-2 python-all-dev_2.7.11-2 python-dev_2.7.11-2 python-minimal_2.7.11-2 python2.7_2.7.12-2 python2.7-dev_2.7.12-2 python2.7-minimal_2.7.12-2 python3_3.5.1-4 python3-minimal_3.5.1-4 python3.5_3.5.2-3 python3.5-minimal_3.5.2-3 readline-common_6.3-8 sbuild-build-depends-core-dummy_0.invalid.0 sbuild-build-depends-gamin-dummy_0.invalid.0 sed_4.2.2-7.1 sensible-utils_0.0.9 sysvinit-utils_2.88dsf-59.8 tar_1.29b-1 util-linux_2.28.1-1 xz-utils_5.1.1alpha+20120614-2.1 zlib1g_1:1.2.8.dfsg-2+b1 zlib1g-dev_1:1.2.8.dfsg-2+b1

+------------------------------------------------------------------------------+
| Build                                                                        |
+------------------------------------------------------------------------------+


Unpack source
-------------

gpgv: unknown type of key resource 'trustedkeys.kbx'
gpgv: keyblock resource '/sbuild-nonexistent/.gnupg/trustedkeys.kbx': General error
gpgv: Signature made Tue Aug 18 16:58:14 2015 UTC using RSA key ID 
gpgv: Can't check signature: No public key
dpkg-source: warning: failed to verify signature on ./gamin_0.1.10-5.dsc
dpkg-source: info: extracting gamin in /<<PKGBUILDDIR>>
dpkg-source: info: unpacking gamin_0.1.10.orig.tar.gz
dpkg-source: info: unpacking gamin_0.1.10-5.debian.tar.xz
dpkg-source: info: applying 01_python_detection.patch
dpkg-source: info: applying 15_kfreebsd.patch
dpkg-source: info: applying 16_armel-gnueabi.patch
dpkg-source: info: applying 17_deprecated_const_return.patch
dpkg-source: info: applying 18_gam_server_deadlocks.patch

Check disc space
----------------

Sufficient free space for build

User Environment
----------------

APT_CONFIG=/var/lib/sbuild/apt.conf
HOME=/sbuild-nonexistent
LC_ALL=POSIX
LOGNAME=user42
PATH=/usr/local/sbin:/usr/local/bin:/usr/sbin:/usr/bin:/sbin:/bin:/usr/games
SCHROOT_ALIAS_NAME=unstable-amd64-sbuild
SCHROOT_CHROOT_NAME=unstable-amd64-sbuild
SCHROOT_COMMAND=env
SCHROOT_GID=1001
SCHROOT_GROUP=user42
SCHROOT_SESSION_ID=unstable-amd64-sbuild-11f6c37d-8c33-49dd-9007-fbf2652ea5c8
SCHROOT_UID=1001
SCHROOT_USER=user42
SHELL=/bin/sh
USER=user42

dpkg-buildpackage
-----------------

dpkg-buildpackage: info: source package gamin
dpkg-buildpackage: info: source version 0.1.10-5
dpkg-buildpackage: info: source distribution unstable
dpkg-buildpackage: info: source changed by Martin Pitt <mpitt@debian.org>
 dpkg-source --before-build gamin-0.1.10
dpkg-buildpackage: info: host architecture amd64
 fakeroot debian/rules clean
pyversions: missing X(S)-Python-Version in control file, fall back to debian/pyversions
pyversions: missing debian/pyversions file, fall back to supported versions
CDBS WARNING:  copyright-check disabled - touch debian/copyright_hints to enable.
test -x debian/rules
rmdir debian/build
rmdir: failed to remove 'debian/build': No such file or directory
/usr/share/cdbs/1/rules/buildcore.mk:49: recipe for target 'cleanbuilddir' failed
make: [cleanbuilddir] Error 1 (ignored)
rm -f debian/stamp-makefile-build debian/stamp-makefile-install
GCONF_DISABLE_MAKEFILE_SCHEMA_INSTALL=1 /usr/bin/make -C debian/build -k distclean
make[1]: *** debian/build: No such file or directory.  Stop.
/usr/share/cdbs/1/class/makefile.mk:91: recipe for target 'makefile-clean' failed
make: [makefile-clean] Error 2 (ignored)
rm -f debian/stamp-autotools
rmdir --ignore-fail-on-non-empty debian/build
rmdir: failed to remove 'debian/build': No such file or directory
/usr/share/cdbs/1/class/autotools.mk:64: recipe for target 'makefile-clean' failed
make: [makefile-clean] Error 1 (ignored)
set -e;    
if test -e debian/autoreconf.before; then \
	dh_autoreconf_clean ; \
fi
dh_clean 
rm -f debian/stamp-autotools-files
find doc -name '*.omf.out' -type f -delete
rm -f debian/copyright_newhints
rm -f debian/cdbs-install-list debian/cdbs-package-list debian/stamp-copyright-check
rm -rf "debian/upstream-cruft"
rm -f debian/stamp-upstream-cruft
{ cat /usr/share/gnome-pkg-tools/control.header ; \
  sed "s/@GNOME_TEAM@/Debian GNOME Maintainers <pkg-gnome-maintainers@lists.alioth.debian.org>, Emilio Pozuelo Monfort <pochu@debian.org>, Martin Pitt <mpitt@debian.org>, Sebastian Drge <slomo@debian.org>/" debian/control.in ; } \
> debian/control
 debian/rules build-arch
pyversions: missing X(S)-Python-Version in control file, fall back to debian/pyversions
pyversions: missing debian/pyversions file, fall back to supported versions
CDBS WARNING:  copyright-check disabled - touch debian/copyright_hints to enable.
test -x debian/rules
mkdir -p "debian/build"
CDBS WARNING:    DEB_DH_BUILDDEB_ARGS is deprecated since 0.4.85

Scanning upstream source for new/changed copyright notices...

set -e; LC_ALL=C.UTF-8 licensecheck --check '.*' --recursive --copyright --deb-fmt --ignore '^(debian/(changelog|copyright(|_hints|_newhints)))$' --lines 0 * | /usr/lib/cdbs/licensecheck2dep5 > debian/copyright_newhints
/bin/sh: 1: licensecheck: not found
0 combinations of copyright and licensing found.
diff: debian/copyright_hints: No such file or directory
No new copyright notices found - assuming no news is good news...
touch debian/stamp-copyright-check
touch debian/stamp-upstream-cruft
set -e;   mv ./config.guess ./config.guess.cdbs-orig; cp --remove-destination /usr/share/misc/config.guess ./config.guess;
set -e;   mv ./config.sub ./config.sub.cdbs-orig; cp --remove-destination /usr/share/misc/config.sub ./config.sub;
dh_autoreconf 
aclocal: warning: autoconf input should be named 'configure.ac', not 'configure.in'
configure.in:32: warning: AC_COMPILE_IFELSE was called before AC_USE_SYSTEM_EXTENSIONS
../../lib/autoconf/specific.m4:368: AC_USE_SYSTEM_EXTENSIONS is expanded from...
configure.in:32: the top level
configure.in:32: warning: AC_RUN_IFELSE was called before AC_USE_SYSTEM_EXTENSIONS
../../lib/autoconf/specific.m4:368: AC_USE_SYSTEM_EXTENSIONS is expanded from...
configure.in:32: the top level
configure.in:32: warning: AC_COMPILE_IFELSE was called before AC_USE_SYSTEM_EXTENSIONS
../../lib/autoconf/specific.m4:368: AC_USE_SYSTEM_EXTENSIONS is expanded from...
configure.in:32: the top level
configure.in:32: warning: AC_RUN_IFELSE was called before AC_USE_SYSTEM_EXTENSIONS
../../lib/autoconf/specific.m4:368: AC_USE_SYSTEM_EXTENSIONS is expanded from...
configure.in:32: the top level
libtoolize: putting auxiliary files in '.'.
libtoolize: copying file './ltmain.sh'
libtoolize: Consider adding 'AC_CONFIG_MACRO_DIRS([m4])' to configure.in,
libtoolize: and rerunning libtoolize and aclocal.
libtoolize: Consider adding '-I m4' to ACLOCAL_AMFLAGS in Makefile.am.
aclocal: warning: autoconf input should be named 'configure.ac', not 'configure.in'
configure.in:32: warning: AC_COMPILE_IFELSE was called before AC_USE_SYSTEM_EXTENSIONS
../../lib/autoconf/specific.m4:368: AC_USE_SYSTEM_EXTENSIONS is expanded from...
configure.in:32: the top level
configure.in:32: warning: AC_RUN_IFELSE was called before AC_USE_SYSTEM_EXTENSIONS
../../lib/autoconf/specific.m4:368: AC_USE_SYSTEM_EXTENSIONS is expanded from...
configure.in:32: the top level
configure.in:32: warning: AC_COMPILE_IFELSE was called before AC_USE_SYSTEM_EXTENSIONS
../../lib/autoconf/specific.m4:368: AC_USE_SYSTEM_EXTENSIONS is expanded from...
configure.in:32: the top level
configure.in:32: warning: AC_RUN_IFELSE was called before AC_USE_SYSTEM_EXTENSIONS
../../lib/autoconf/specific.m4:368: AC_USE_SYSTEM_EXTENSIONS is expanded from...
configure.in:32: the top level
configure.in:32: warning: AC_COMPILE_IFELSE was called before AC_USE_SYSTEM_EXTENSIONS
../../lib/autoconf/specific.m4:368: AC_USE_SYSTEM_EXTENSIONS is expanded from...
configure.in:32: the top level
configure.in:32: warning: AC_RUN_IFELSE was called before AC_USE_SYSTEM_EXTENSIONS
../../lib/autoconf/specific.m4:368: AC_USE_SYSTEM_EXTENSIONS is expanded from...
configure.in:32: the top level
automake: warning: autoconf input should be named 'configure.ac', not 'configure.in'
configure.in:32: warning: AC_COMPILE_IFELSE was called before AC_USE_SYSTEM_EXTENSIONS
../../lib/autoconf/specific.m4:368: AC_USE_SYSTEM_EXTENSIONS is expanded from...
configure.in:32: the top level
configure.in:32: warning: AC_RUN_IFELSE was called before AC_USE_SYSTEM_EXTENSIONS
../../lib/autoconf/specific.m4:368: AC_USE_SYSTEM_EXTENSIONS is expanded from...
configure.in:32: the top level
configure.in:28: warning: AM_INIT_AUTOMAKE: two- and three-arguments forms are deprecated.  For more info, see:
configure.in:28: http://www.gnu.org/software/automake/manual/automake.html#Modernize-AM_005fINIT_005fAUTOMAKE-invocation
configure.in:30: installing './compile'
configure.in:28: installing './missing'
automake: warning: autoconf input should be named 'configure.ac', not 'configure.in'
lib/Makefile.am:1: warning: 'INCLUDES' is the old name for 'AM_CPPFLAGS' (or '*_CPPFLAGS')
lib/Makefile.am: installing './depcomp'
libgamin/Makefile.am:1: warning: 'INCLUDES' is the old name for 'AM_CPPFLAGS' (or '*_CPPFLAGS')
python/Makefile.am:5: warning: 'INCLUDES' is the old name for 'AM_CPPFLAGS' (or '*_CPPFLAGS')
server/Makefile.am:1: warning: 'INCLUDES' is the old name for 'AM_CPPFLAGS' (or '*_CPPFLAGS')
tests/Makefile.am:3: warning: 'INCLUDES' is the old name for 'AM_CPPFLAGS' (or '*_CPPFLAGS')
touch debian/stamp-autotools-files
chmod a+x /<<PKGBUILDDIR>>/./configure
mkdir -p debian/build
cd debian/build && CFLAGS="-g -O2 -fdebug-prefix-map=/<<PKGBUILDDIR>>=. -fstack-protector-strong -Wformat -Werror=format-security" CXXFLAGS="-g -O2 -fdebug-prefix-map=/<<PKGBUILDDIR>>=. -fstack-protector-strong -Wformat -Werror=format-security" CPPFLAGS="-Wdate-time -D_FORTIFY_SOURCE=2" LDFLAGS="-Wl,-z,relro" LDFLAGS="-Wl,-O1" PYTHON="python2" /<<PKGBUILDDIR>>/./configure --build=x86_64-linux-gnu --prefix=/usr --includedir="\${prefix}/include" --mandir="\${prefix}/share/man" --infodir="\${prefix}/share/info" --sysconfdir=/etc --localstatedir=/var --libexecdir="\${prefix}/lib/gamin" --disable-maintainer-mode --disable-dependency-tracking --disable-silent-rules --disable-kqueue
configure: WARNING: unrecognized options: --disable-maintainer-mode
checking build system type... x86_64-pc-linux-gnu
checking host system type... x86_64-pc-linux-gnu
checking target system type... x86_64-pc-linux-gnu
checking for a BSD-compatible install... /usr/bin/install -c
checking whether build environment is sane... yes
checking for a thread-safe mkdir -p... /bin/mkdir -p
checking for gawk... no
checking for mawk... mawk
checking whether make sets $(MAKE)... yes
checking whether make supports nested variables... yes
checking how to print strings... printf
checking for style of include used by make... GNU
checking for gcc... gcc
checking whether the C compiler works... yes
checking for C compiler default output file name... a.out
checking for suffix of executables... 
checking whether we are cross compiling... no
checking for suffix of object files... o
checking whether we are using the GNU C compiler... yes
checking whether gcc accepts -g... yes
checking for gcc option to accept ISO C89... none needed
checking whether gcc understands -c and -o together... yes
checking dependency style of gcc... none
checking for a sed that does not truncate output... /bin/sed
checking for grep that handles long lines and -e... /bin/grep
checking for egrep... /bin/grep -E
checking for fgrep... /bin/grep -F
checking for ld used by gcc... /usr/bin/ld
checking if the linker (/usr/bin/ld) is GNU ld... yes
checking for BSD- or MS-compatible name lister (nm)... /usr/bin/nm -B
checking the name lister (/usr/bin/nm -B) interface... BSD nm
checking whether ln -s works... yes
checking the maximum length of command line arguments... 1572864
checking how to convert x86_64-pc-linux-gnu file names to x86_64-pc-linux-gnu format... func_convert_file_noop
checking how to convert x86_64-pc-linux-gnu file names to toolchain format... func_convert_file_noop
checking for /usr/bin/ld option to reload object files... -r
checking for objdump... objdump
checking how to recognize dependent libraries... pass_all
checking for dlltool... no
checking how to associate runtime and link libraries... printf %s\n
checking for ar... ar
checking for archiver @FILE support... @
checking for strip... strip
checking for ranlib... ranlib
checking command to parse /usr/bin/nm -B output from gcc object... ok
checking for sysroot... no
checking for a working dd... /bin/dd
checking how to truncate binary pipes... /bin/dd bs=4096 count=1
checking for mt... no
checking if : is a manifest tool... no
checking how to run the C preprocessor... gcc -E
checking for ANSI C header files... yes
checking for sys/types.h... yes
checking for sys/stat.h... yes
checking for stdlib.h... yes
checking for string.h... yes
checking for memory.h... yes
checking for strings.h... yes
checking for inttypes.h... yes
checking for stdint.h... yes
checking for unistd.h... yes
checking for dlfcn.h... yes
checking for objdir... .libs
checking if gcc supports -fno-rtti -fno-exceptions... yes
checking for gcc option to produce PIC... -fPIC -DPIC
checking if gcc PIC flag -fPIC -DPIC works... yes
checking if gcc static flag -static works... yes
checking if gcc supports -c -o file.o... yes
checking if gcc supports -c -o file.o... (cached) yes
checking whether the gcc linker (/usr/bin/ld -m elf_x86_64) supports shared libraries... yes
checking whether -lc should be explicitly linked in... no
checking dynamic linker characteristics... GNU/Linux ld.so
checking how to hardcode library paths into programs... immediate
checking whether stripping libraries is possible... yes
checking if libtool supports shared libraries... yes
checking whether to build shared libraries... yes
checking whether to build static libraries... yes
checking minix/config.h usability... no
checking minix/config.h presence... no
checking for minix/config.h... no
checking whether it is safe to define __EXTENSIONS__... yes
checking for gcc... (cached) gcc
checking whether we are using the GNU C compiler... (cached) yes
checking whether gcc accepts -g... (cached) yes
checking for gcc option to accept ISO C89... (cached) none needed
checking whether gcc understands -c and -o together... (cached) yes
checking dependency style of gcc... (cached) none
checking for gcc... (cached) gcc
checking whether we are using the GNU C compiler... (cached) yes
checking whether gcc accepts -g... (cached) yes
checking for gcc option to accept ISO C89... (cached) none needed
checking whether gcc understands -c and -o together... (cached) yes
checking dependency style of gcc... (cached) none
checking for ANSI C header files... (cached) yes
checking whether make sets $(MAKE)... (cached) yes
checking gtk-doc version >= 1.0... no
checking for usleep... yes
checking for setsid... yes
checking for setenv... yes
checking for putenv... yes
checking for getlogin_r... yes
checking for nanoseconds field of struct stat.st_mtim... tv_nsec
checking for pkg-config... /usr/bin/pkg-config
checking pkg-config is at least version 0.9.0... yes
checking for DAEMON... yes
checking for TEST... yes
checking sys/inotify.h usability... yes
checking sys/inotify.h presence... yes
checking for sys/inotify.h... yes
checking for kevent... no
Enabling multithreaded support
checking pthread.h usability... yes
checking pthread.h presence... yes
checking for pthread.h... yes
checking for pthread_mutexattr_settype in -lpthread... yes
Use weak symbols !
checking for ISO C99 varargs macros in C... yes
checking for GNUC varargs macros... yes
checking for struct cmsgcred... no
checking abstract socket namespace... yes
Found python in environment PYTHON=python2
Found Python version 2.7
checking for more compiler warnings... yes
checking whether gcc understands -Wno-sign-compare... yes
checking that generated files are newer than configure... done
configure: creating ./config.status
config.status: creating Makefile
config.status: creating lib/Makefile
config.status: creating libgamin/Makefile
config.status: creating server/Makefile
config.status: creating tests/Makefile
config.status: creating python/Makefile
config.status: creating python/tests/Makefile
config.status: creating doc/Makefile
config.status: creating gamin.pc
config.status: creating gamin.spec
config.status: creating config.h
config.status: executing depfiles commands
config.status: executing libtool commands
configure: WARNING: unrecognized options: --disable-maintainer-mode

gamin-0.1.10:

        prefix:                   /usr
        source code location:     /<<PKGBUILDDIR>>/.
        compiler:                 gcc
        compiler flags:            -Wall -Wchar-subscripts -Wmissing-declarations -Wmissing-prototypes -Wnested-externs -Wsign-compare -Wno-sign-compare -g -g -O2 -fdebug-prefix-map=/<<PKGBUILDDIR>>=. -fstack-protector-strong -Wformat -Werror=format-security

	build gam_server:         yes
	build libgamin/libfam:    yes
	build python bindings:    yes
	build tests:              yes

	backends:                 polling, inotify, dnotify
	build documentation:      no
	debug support:            yes

touch debian/stamp-autotools
GCONF_DISABLE_MAKEFILE_SCHEMA_INSTALL=1 /usr/bin/make -C debian/build 
make[1]: Entering directory '/<<PKGBUILDDIR>>/debian/build'
/usr/bin/make  all-recursive
make[2]: Entering directory '/<<PKGBUILDDIR>>/debian/build'
Making all in lib
make[3]: Entering directory '/<<PKGBUILDDIR>>/debian/build/lib'
gcc -DHAVE_CONFIG_H -I. -I/<<PKGBUILDDIR>>/./lib -I..  -I.. -I/<<PKGBUILDDIR>>/./lib -DGAM_DEBUG_ENABLED  -Wdate-time -D_FORTIFY_SOURCE=2 -Wall -Wchar-subscripts -Wmissing-declarations -Wmissing-prototypes -Wnested-externs -Wsign-compare -Wno-sign-compare -g -g -O2 -fdebug-prefix-map=/<<PKGBUILDDIR>>=. -fstack-protector-strong -Wformat -Werror=format-security -c -o gam_event.o /<<PKGBUILDDIR>>/./lib/gam_event.c
gcc -DHAVE_CONFIG_H -I. -I/<<PKGBUILDDIR>>/./lib -I..  -I.. -I/<<PKGBUILDDIR>>/./lib -DGAM_DEBUG_ENABLED  -Wdate-time -D_FORTIFY_SOURCE=2 -Wall -Wchar-subscripts -Wmissing-declarations -Wmissing-prototypes -Wnested-externs -Wsign-compare -Wno-sign-compare -g -g -O2 -fdebug-prefix-map=/<<PKGBUILDDIR>>=. -fstack-protector-strong -Wformat -Werror=format-security -c -o gam_error.o /<<PKGBUILDDIR>>/./lib/gam_error.c
rm -f libgamin_shared.a
ar cru libgamin_shared.a gam_event.o gam_error.o 
ar: `u' modifier ignored since `D' is the default (see `U')
ranlib libgamin_shared.a
make[3]: Leaving directory '/<<PKGBUILDDIR>>/debian/build/lib'
Making all in doc
make[3]: Entering directory '/<<PKGBUILDDIR>>/debian/build/doc'
make[3]: Nothing to be done for 'all'.
make[3]: Leaving directory '/<<PKGBUILDDIR>>/debian/build/doc'
Making all in libgamin
make[3]: Entering directory '/<<PKGBUILDDIR>>/debian/build/libgamin'
/bin/bash ../libtool  --tag=CC   --mode=compile gcc -DHAVE_CONFIG_H -I. -I/<<PKGBUILDDIR>>/./libgamin -I..  -I.. -I/<<PKGBUILDDIR>>/./lib -DBINDIR=\""/usr/lib/gamin"\" -DBUILDDIR=\"".."\" -DGAM_DEBUG_ENABLED  -Wdate-time -D_FORTIFY_SOURCE=2 -Wall -Wchar-subscripts -Wmissing-declarations -Wmissing-prototypes -Wnested-externs -Wsign-compare -Wno-sign-compare -g -g -O2 -fdebug-prefix-map=/<<PKGBUILDDIR>>=. -fstack-protector-strong -Wformat -Werror=format-security -c -o gam_api.lo /<<PKGBUILDDIR>>/./libgamin/gam_api.c
libtool: compile:  gcc -DHAVE_CONFIG_H -I. -I/<<PKGBUILDDIR>>/./libgamin -I.. -I.. -I/<<PKGBUILDDIR>>/./lib -DBINDIR=\"/usr/lib/gamin\" -DBUILDDIR=\"..\" -DGAM_DEBUG_ENABLED -Wdate-time -D_FORTIFY_SOURCE=2 -Wall -Wchar-subscripts -Wmissing-declarations -Wmissing-prototypes -Wnested-externs -Wsign-compare -Wno-sign-compare -g -g -O2 -fdebug-prefix-map=/<<PKGBUILDDIR>>=. -fstack-protector-strong -Wformat -Werror=format-security -c /<<PKGBUILDDIR>>/./libgamin/gam_api.c  -fPIC -DPIC -o .libs/gam_api.o
/<<PKGBUILDDIR>>/./libgamin/gam_api.c:41:3: warning: unused variable 'FAMError' [-Wunused-variable]
} FAMError;
  ^
1 warning generated.
libtool: compile:  gcc -DHAVE_CONFIG_H -I. -I/<<PKGBUILDDIR>>/./libgamin -I.. -I.. -I/<<PKGBUILDDIR>>/./lib -DBINDIR=\"/usr/lib/gamin\" -DBUILDDIR=\"..\" -DGAM_DEBUG_ENABLED -Wdate-time -D_FORTIFY_SOURCE=2 -Wall -Wchar-subscripts -Wmissing-declarations -Wmissing-prototypes -Wnested-externs -Wsign-compare -Wno-sign-compare -g -g -O2 -fdebug-prefix-map=/<<PKGBUILDDIR>>=. -fstack-protector-strong -Wformat -Werror=format-security -c /<<PKGBUILDDIR>>/./libgamin/gam_api.c -o gam_api.o >/dev/null 2>&1
/bin/bash ../libtool  --tag=CC   --mode=compile gcc -DHAVE_CONFIG_H -I. -I/<<PKGBUILDDIR>>/./libgamin -I..  -I.. -I/<<PKGBUILDDIR>>/./lib -DBINDIR=\""/usr/lib/gamin"\" -DBUILDDIR=\"".."\" -DGAM_DEBUG_ENABLED  -Wdate-time -D_FORTIFY_SOURCE=2 -Wall -Wchar-subscripts -Wmissing-declarations -Wmissing-prototypes -Wnested-externs -Wsign-compare -Wno-sign-compare -g -g -O2 -fdebug-prefix-map=/<<PKGBUILDDIR>>=. -fstack-protector-strong -Wformat -Werror=format-security -c -o gam_data.lo /<<PKGBUILDDIR>>/./libgamin/gam_data.c
libtool: compile:  gcc -DHAVE_CONFIG_H -I. -I/<<PKGBUILDDIR>>/./libgamin -I.. -I.. -I/<<PKGBUILDDIR>>/./lib -DBINDIR=\"/usr/lib/gamin\" -DBUILDDIR=\"..\" -DGAM_DEBUG_ENABLED -Wdate-time -D_FORTIFY_SOURCE=2 -Wall -Wchar-subscripts -Wmissing-declarations -Wmissing-prototypes -Wnested-externs -Wsign-compare -Wno-sign-compare -g -g -O2 -fdebug-prefix-map=/<<PKGBUILDDIR>>=. -fstack-protector-strong -Wformat -Werror=format-security -c /<<PKGBUILDDIR>>/./libgamin/gam_data.c  -fPIC -DPIC -o .libs/gam_data.o
/<<PKGBUILDDIR>>/./libgamin/gam_data.c:461:7: warning: comparison of function 'pthread_mutex_init' not equal to a null pointer is always true [-Wtautological-pointer-compare]
            (pthread_mutex_init != NULL) &&
             ^~~~~~~~~~~~~~~~~~    ~~~~
/<<PKGBUILDDIR>>/./libgamin/gam_data.c:461:7: note: prefix with the address-of operator to silence this warning
            (pthread_mutex_init != NULL) &&
             ^
             &
1 warning generated.
libtool: compile:  gcc -DHAVE_CONFIG_H -I. -I/<<PKGBUILDDIR>>/./libgamin -I.. -I.. -I/<<PKGBUILDDIR>>/./lib -DBINDIR=\"/usr/lib/gamin\" -DBUILDDIR=\"..\" -DGAM_DEBUG_ENABLED -Wdate-time -D_FORTIFY_SOURCE=2 -Wall -Wchar-subscripts -Wmissing-declarations -Wmissing-prototypes -Wnested-externs -Wsign-compare -Wno-sign-compare -g -g -O2 -fdebug-prefix-map=/<<PKGBUILDDIR>>=. -fstack-protector-strong -Wformat -Werror=format-security -c /<<PKGBUILDDIR>>/./libgamin/gam_data.c -o gam_data.o >/dev/null 2>&1
/bin/bash ../libtool  --tag=CC   --mode=compile gcc -DHAVE_CONFIG_H -I. -I/<<PKGBUILDDIR>>/./libgamin -I..  -I.. -I/<<PKGBUILDDIR>>/./lib -DBINDIR=\""/usr/lib/gamin"\" -DBUILDDIR=\"".."\" -DGAM_DEBUG_ENABLED  -Wdate-time -D_FORTIFY_SOURCE=2 -Wall -Wchar-subscripts -Wmissing-declarations -Wmissing-prototypes -Wnested-externs -Wsign-compare -Wno-sign-compare -g -g -O2 -fdebug-prefix-map=/<<PKGBUILDDIR>>=. -fstack-protector-strong -Wformat -Werror=format-security -c -o gam_fork.lo /<<PKGBUILDDIR>>/./libgamin/gam_fork.c
libtool: compile:  gcc -DHAVE_CONFIG_H -I. -I/<<PKGBUILDDIR>>/./libgamin -I.. -I.. -I/<<PKGBUILDDIR>>/./lib -DBINDIR=\"/usr/lib/gamin\" -DBUILDDIR=\"..\" -DGAM_DEBUG_ENABLED -Wdate-time -D_FORTIFY_SOURCE=2 -Wall -Wchar-subscripts -Wmissing-declarations -Wmissing-prototypes -Wnested-externs -Wsign-compare -Wno-sign-compare -g -g -O2 -fdebug-prefix-map=/<<PKGBUILDDIR>>=. -fstack-protector-strong -Wformat -Werror=format-security -c /<<PKGBUILDDIR>>/./libgamin/gam_fork.c  -fPIC -DPIC -o .libs/gam_fork.o
libtool: compile:  gcc -DHAVE_CONFIG_H -I. -I/<<PKGBUILDDIR>>/./libgamin -I.. -I.. -I/<<PKGBUILDDIR>>/./lib -DBINDIR=\"/usr/lib/gamin\" -DBUILDDIR=\"..\" -DGAM_DEBUG_ENABLED -Wdate-time -D_FORTIFY_SOURCE=2 -Wall -Wchar-subscripts -Wmissing-declarations -Wmissing-prototypes -Wnested-externs -Wsign-compare -Wno-sign-compare -g -g -O2 -fdebug-prefix-map=/<<PKGBUILDDIR>>=. -fstack-protector-strong -Wformat -Werror=format-security -c /<<PKGBUILDDIR>>/./libgamin/gam_fork.c -o gam_fork.o >/dev/null 2>&1
/bin/bash ../libtool  --tag=CC   --mode=compile gcc -DHAVE_CONFIG_H -I. -I/<<PKGBUILDDIR>>/./libgamin -I..  -I.. -I/<<PKGBUILDDIR>>/./lib -DBINDIR=\""/usr/lib/gamin"\" -DBUILDDIR=\"".."\" -DGAM_DEBUG_ENABLED  -Wdate-time -D_FORTIFY_SOURCE=2 -Wall -Wchar-subscripts -Wmissing-declarations -Wmissing-prototypes -Wnested-externs -Wsign-compare -Wno-sign-compare -g -g -O2 -fdebug-prefix-map=/<<PKGBUILDDIR>>=. -fstack-protector-strong -Wformat -Werror=format-security -c -o gam_error.lo /<<PKGBUILDDIR>>/./libgamin/gam_error.c
libtool: compile:  gcc -DHAVE_CONFIG_H -I. -I/<<PKGBUILDDIR>>/./libgamin -I.. -I.. -I/<<PKGBUILDDIR>>/./lib -DBINDIR=\"/usr/lib/gamin\" -DBUILDDIR=\"..\" -DGAM_DEBUG_ENABLED -Wdate-time -D_FORTIFY_SOURCE=2 -Wall -Wchar-subscripts -Wmissing-declarations -Wmissing-prototypes -Wnested-externs -Wsign-compare -Wno-sign-compare -g -g -O2 -fdebug-prefix-map=/<<PKGBUILDDIR>>=. -fstack-protector-strong -Wformat -Werror=format-security -c /<<PKGBUILDDIR>>/./libgamin/gam_error.c  -fPIC -DPIC -o .libs/gam_error.o
libtool: compile:  gcc -DHAVE_CONFIG_H -I. -I/<<PKGBUILDDIR>>/./libgamin -I.. -I.. -I/<<PKGBUILDDIR>>/./lib -DBINDIR=\"/usr/lib/gamin\" -DBUILDDIR=\"..\" -DGAM_DEBUG_ENABLED -Wdate-time -D_FORTIFY_SOURCE=2 -Wall -Wchar-subscripts -Wmissing-declarations -Wmissing-prototypes -Wnested-externs -Wsign-compare -Wno-sign-compare -g -g -O2 -fdebug-prefix-map=/<<PKGBUILDDIR>>=. -fstack-protector-strong -Wformat -Werror=format-security -c /<<PKGBUILDDIR>>/./libgamin/gam_error.c -o gam_error.o >/dev/null 2>&1
/bin/bash ../libtool  --tag=CC   --mode=compile gcc -DHAVE_CONFIG_H -I. -I/<<PKGBUILDDIR>>/./libgamin -I..  -I.. -I/<<PKGBUILDDIR>>/./lib -DBINDIR=\""/usr/lib/gamin"\" -DBUILDDIR=\"".."\" -DGAM_DEBUG_ENABLED  -Wdate-time -D_FORTIFY_SOURCE=2 -Wall -Wchar-subscripts -Wmissing-declarations -Wmissing-prototypes -Wnested-externs -Wsign-compare -Wno-sign-compare -g -g -O2 -fdebug-prefix-map=/<<PKGBUILDDIR>>=. -fstack-protector-strong -Wformat -Werror=format-security -c -o gam_event.lo /<<PKGBUILDDIR>>/./libgamin/gam_event.c
libtool: compile:  gcc -DHAVE_CONFIG_H -I. -I/<<PKGBUILDDIR>>/./libgamin -I.. -I.. -I/<<PKGBUILDDIR>>/./lib -DBINDIR=\"/usr/lib/gamin\" -DBUILDDIR=\"..\" -DGAM_DEBUG_ENABLED -Wdate-time -D_FORTIFY_SOURCE=2 -Wall -Wchar-subscripts -Wmissing-declarations -Wmissing-prototypes -Wnested-externs -Wsign-compare -Wno-sign-compare -g -g -O2 -fdebug-prefix-map=/<<PKGBUILDDIR>>=. -fstack-protector-strong -Wformat -Werror=format-security -c /<<PKGBUILDDIR>>/./libgamin/gam_event.c  -fPIC -DPIC -o .libs/gam_event.o
libtool: compile:  gcc -DHAVE_CONFIG_H -I. -I/<<PKGBUILDDIR>>/./libgamin -I.. -I.. -I/<<PKGBUILDDIR>>/./lib -DBINDIR=\"/usr/lib/gamin\" -DBUILDDIR=\"..\" -DGAM_DEBUG_ENABLED -Wdate-time -D_FORTIFY_SOURCE=2 -Wall -Wchar-subscripts -Wmissing-declarations -Wmissing-prototypes -Wnested-externs -Wsign-compare -Wno-sign-compare -g -g -O2 -fdebug-prefix-map=/<<PKGBUILDDIR>>=. -fstack-protector-strong -Wformat -Werror=format-security -c /<<PKGBUILDDIR>>/./libgamin/gam_event.c -o gam_event.o >/dev/null 2>&1
/bin/bash ../libtool  --tag=CC   --mode=link gcc -Wall -Wchar-subscripts -Wmissing-declarations -Wmissing-prototypes -Wnested-externs -Wsign-compare -Wno-sign-compare -g -g -O2 -fdebug-prefix-map=/<<PKGBUILDDIR>>=. -fstack-protector-strong -Wformat -Werror=format-security -Wl,--version-script=/<<PKGBUILDDIR>>/./libgamin/gamin_sym.version -version-info 1:10:1  -Wl,-O1 -o libgamin-1.la -rpath /usr/lib gam_api.lo gam_data.lo gam_fork.lo gam_error.lo gam_event.lo  
libtool: link: gcc -shared  -fPIC -DPIC  .libs/gam_api.o .libs/gam_data.o .libs/gam_fork.o .libs/gam_error.o .libs/gam_event.o    -g -g -O2 -fstack-protector-strong -Wl,--version-script=/<<PKGBUILDDIR>>/./libgamin/gamin_sym.version -Wl,-O1   -Wl,-soname -Wl,libgamin-1.so.0 -o .libs/libgamin-1.so.0.1.10
libtool: link: (cd ".libs" && rm -f "libgamin-1.so.0" && ln -s "libgamin-1.so.0.1.10" "libgamin-1.so.0")
libtool: link: (cd ".libs" && rm -f "libgamin-1.so" && ln -s "libgamin-1.so.0.1.10" "libgamin-1.so")
libtool: link: ar cru .libs/libgamin-1.a  gam_api.o gam_data.o gam_fork.o gam_error.o gam_event.o
ar: `u' modifier ignored since `D' is the default (see `U')
libtool: link: ranlib .libs/libgamin-1.a
libtool: link: ( cd ".libs" && rm -f "libgamin-1.la" && ln -s "../libgamin-1.la" "libgamin-1.la" )
/bin/bash ../libtool  --tag=CC   --mode=link gcc -Wall -Wchar-subscripts -Wmissing-declarations -Wmissing-prototypes -Wnested-externs -Wsign-compare -Wno-sign-compare -g -g -O2 -fdebug-prefix-map=/<<PKGBUILDDIR>>=. -fstack-protector-strong -Wformat -Werror=format-security -Wl,--version-script=/<<PKGBUILDDIR>>/./libgamin/gamin_sym.version -version-info 0:0:0  -Wl,-O1 -o libfam.la -rpath /usr/lib gam_api.lo gam_data.lo gam_fork.lo gam_error.lo gam_event.lo  
libtool: link: gcc -shared  -fPIC -DPIC  .libs/gam_api.o .libs/gam_data.o .libs/gam_fork.o .libs/gam_error.o .libs/gam_event.o    -g -g -O2 -fstack-protector-strong -Wl,--version-script=/<<PKGBUILDDIR>>/./libgamin/gamin_sym.version -Wl,-O1   -Wl,-soname -Wl,libfam.so.0 -o .libs/libfam.so.0.0.0
libtool: link: (cd ".libs" && rm -f "libfam.so.0" && ln -s "libfam.so.0.0.0" "libfam.so.0")
libtool: link: (cd ".libs" && rm -f "libfam.so" && ln -s "libfam.so.0.0.0" "libfam.so")
libtool: link: ar cru .libs/libfam.a  gam_api.o gam_data.o gam_fork.o gam_error.o gam_event.o
ar: `u' modifier ignored since `D' is the default (see `U')
libtool: link: ranlib .libs/libfam.a
libtool: link: ( cd ".libs" && rm -f "libfam.la" && ln -s "../libfam.la" "libfam.la" )
gcc -DHAVE_CONFIG_H -I. -I/<<PKGBUILDDIR>>/./libgamin -I..  -I.. -I/<<PKGBUILDDIR>>/./lib -DBINDIR=\""/usr/lib/gamin"\" -DBUILDDIR=\"".."\" -DGAM_DEBUG_ENABLED  -Wdate-time -D_FORTIFY_SOURCE=2 -Wall -Wchar-subscripts -Wmissing-declarations -Wmissing-prototypes -Wnested-externs -Wsign-compare -Wno-sign-compare -g -g -O2 -fdebug-prefix-map=/<<PKGBUILDDIR>>=. -fstack-protector-strong -Wformat -Werror=format-security -c -o gamin.o /<<PKGBUILDDIR>>/./libgamin/gamin.c
/bin/bash ../libtool  --tag=CC   --mode=link gcc -Wall -Wchar-subscripts -Wmissing-declarations -Wmissing-prototypes -Wnested-externs -Wsign-compare -Wno-sign-compare -g -g -O2 -fdebug-prefix-map=/<<PKGBUILDDIR>>=. -fstack-protector-strong -Wformat -Werror=format-security  -Wl,-O1 -o gamin gamin.o  libgamin-1.la 
libtool: link: gcc -Wall -Wchar-subscripts -Wmissing-declarations -Wmissing-prototypes -Wnested-externs -Wsign-compare -Wno-sign-compare -g -g -O2 -fdebug-prefix-map=/<<PKGBUILDDIR>>=. -fstack-protector-strong -Wformat -Werror=format-security -Wl,-O1 -o .libs/gamin gamin.o  ./.libs/libgamin-1.so
make[3]: Leaving directory '/<<PKGBUILDDIR>>/debian/build/libgamin'
Making all in python
make[3]: Entering directory '/<<PKGBUILDDIR>>/debian/build/python'
Making all in tests
make[4]: Entering directory '/<<PKGBUILDDIR>>/debian/build/python/tests'
make[4]: Nothing to be done for 'all'.
make[4]: Leaving directory '/<<PKGBUILDDIR>>/debian/build/python/tests'
make[4]: Entering directory '/<<PKGBUILDDIR>>/debian/build/python'
/bin/bash ../libtool  --tag=CC   --mode=compile gcc -DHAVE_CONFIG_H -I. -I/<<PKGBUILDDIR>>/./python -I.. -I/usr/include/python2.7 -I/<<PKGBUILDDIR>>/./libgamin -I/<<PKGBUILDDIR>>/./lib  -Wdate-time -D_FORTIFY_SOURCE=2 -Wall -Wchar-subscripts -Wmissing-declarations -Wmissing-prototypes -Wnested-externs -Wsign-compare -Wno-sign-compare -g -g -O2 -fdebug-prefix-map=/<<PKGBUILDDIR>>=. -fstack-protector-strong -Wformat -Werror=format-security -c -o gamin.lo /<<PKGBUILDDIR>>/./python/gamin.c
libtool: compile:  gcc -DHAVE_CONFIG_H -I. -I/<<PKGBUILDDIR>>/./python -I.. -I/usr/include/python2.7 -I/<<PKGBUILDDIR>>/./libgamin -I/<<PKGBUILDDIR>>/./lib -Wdate-time -D_FORTIFY_SOURCE=2 -Wall -Wchar-subscripts -Wmissing-declarations -Wmissing-prototypes -Wnested-externs -Wsign-compare -Wno-sign-compare -g -g -O2 -fdebug-prefix-map=/<<PKGBUILDDIR>>=. -fstack-protector-strong -Wformat -Werror=format-security -c /<<PKGBUILDDIR>>/./python/gamin.c  -fPIC -DPIC -o .libs/gamin.o
In file included from /<<PKGBUILDDIR>>/./python/gamin.c:11:
../config.h:59:9: warning: 'HAVE_PTHREAD_H' macro redefined [-Wmacro-redefined]
#define HAVE_PTHREAD_H /**/
        ^
/usr/include/x86_64-linux-gnu/python2.7/pyconfig.h:540:9: note: previous definition is here
#define HAVE_PTHREAD_H 1
        ^
1 warning generated.
libtool: compile:  gcc -DHAVE_CONFIG_H -I. -I/<<PKGBUILDDIR>>/./python -I.. -I/usr/include/python2.7 -I/<<PKGBUILDDIR>>/./libgamin -I/<<PKGBUILDDIR>>/./lib -Wdate-time -D_FORTIFY_SOURCE=2 -Wall -Wchar-subscripts -Wmissing-declarations -Wmissing-prototypes -Wnested-externs -Wsign-compare -Wno-sign-compare -g -g -O2 -fdebug-prefix-map=/<<PKGBUILDDIR>>=. -fstack-protector-strong -Wformat -Werror=format-security -c /<<PKGBUILDDIR>>/./python/gamin.c -o gamin.o >/dev/null 2>&1
/bin/bash ../libtool  --tag=CC   --mode=link gcc -Wall -Wchar-subscripts -Wmissing-declarations -Wmissing-prototypes -Wnested-externs -Wsign-compare -Wno-sign-compare -g -g -O2 -fdebug-prefix-map=/<<PKGBUILDDIR>>=. -fstack-protector-strong -Wformat -Werror=format-security -module -avoid-version -Wl,-O1 -o _gamin.la -rpath /usr/lib/python2.7/dist-packages gamin.lo ../libgamin/libgamin-1.la 
libtool: link: gcc -shared  -fPIC -DPIC  .libs/gamin.o   -Wl,-rpath -Wl,/<<PKGBUILDDIR>>/debian/build/libgamin/.libs ../libgamin/.libs/libgamin-1.so  -g -g -O2 -fstack-protector-strong -Wl,-O1   -Wl,-soname -Wl,_gamin.so -o .libs/_gamin.so
libtool: link: ar cru .libs/_gamin.a  gamin.o
ar: `u' modifier ignored since `D' is the default (see `U')
libtool: link: ranlib .libs/_gamin.a
libtool: link: ( cd ".libs" && rm -f "_gamin.la" && ln -s "../_gamin.la" "_gamin.la" )
make[4]: Leaving directory '/<<PKGBUILDDIR>>/debian/build/python'
make[3]: Leaving directory '/<<PKGBUILDDIR>>/debian/build/python'
Making all in lib
make[3]: Entering directory '/<<PKGBUILDDIR>>/debian/build/lib'
make[3]: Nothing to be done for 'all'.
make[3]: Leaving directory '/<<PKGBUILDDIR>>/debian/build/lib'
Making all in server
make[3]: Entering directory '/<<PKGBUILDDIR>>/debian/build/server'
/usr/bin/make  all-am
make[4]: Entering directory '/<<PKGBUILDDIR>>/debian/build/server'
gcc -DHAVE_CONFIG_H -I. -I/<<PKGBUILDDIR>>/./server -I..  -I.. -I../libgamin -I../protocol -I/<<PKGBUILDDIR>>/./lib -I/<<PKGBUILDDIR>>/./libgamin -I/usr/include/glib-2.0 -I/usr/lib/x86_64-linux-gnu/glib-2.0/include -DBINDIR=\""/usr/lib/gamin"\" -DG_DISABLE_DEPRECATED -DGAM_DEBUG_ENABLED  -Wdate-time -D_FORTIFY_SOURCE=2 -Wall -Wchar-subscripts -Wmissing-declarations -Wmissing-prototypes -Wnested-externs -Wsign-compare -Wno-sign-compare -g -g -O2 -fdebug-prefix-map=/<<PKGBUILDDIR>>=. -fstack-protector-strong -Wformat -Werror=format-security -c -o gam_subscription.o /<<PKGBUILDDIR>>/./server/gam_subscription.c
/<<PKGBUILDDIR>>/./server/gam_subscription.c:351:1: warning: no previous prototype for function 'gam_subscription_shutdown' [-Wmissing-prototypes]
gam_subscription_shutdown ()
^
/<<PKGBUILDDIR>>/./server/gam_subscription.h:50:9: note: this declaration is not a prototype; add 'void' to make it a prototype for a zero-parameter function
void                            gam_subscription_shutdown ();
                                ^
                                                           void
1 warning generated.
gcc -DHAVE_CONFIG_H -I. -I/<<PKGBUILDDIR>>/./server -I..  -I.. -I../libgamin -I../protocol -I/<<PKGBUILDDIR>>/./lib -I/<<PKGBUILDDIR>>/./libgamin -I/usr/include/glib-2.0 -I/usr/lib/x86_64-linux-gnu/glib-2.0/include -DBINDIR=\""/usr/lib/gamin"\" -DG_DISABLE_DEPRECATED -DGAM_DEBUG_ENABLED  -Wdate-time -D_FORTIFY_SOURCE=2 -Wall -Wchar-subscripts -Wmissing-declarations -Wmissing-prototypes -Wnested-externs -Wsign-compare -Wno-sign-compare -g -g -O2 -fdebug-prefix-map=/<<PKGBUILDDIR>>=. -fstack-protector-strong -Wformat -Werror=format-security -c -o gam_listener.o /<<PKGBUILDDIR>>/./server/gam_listener.c
/<<PKGBUILDDIR>>/./server/gam_listener.c:101:39: warning: implicit declaration of function 'gam_exclude_check' is invalid in C99 [-Wimplicit-function-declaration]
    if (gam_inotify_is_running() && (!gam_exclude_check(path))) {
                                      ^
1 warning generated.
gcc -DHAVE_CONFIG_H -I. -I/<<PKGBUILDDIR>>/./server -I..  -I.. -I../libgamin -I../protocol -I/<<PKGBUILDDIR>>/./lib -I/<<PKGBUILDDIR>>/./libgamin -I/usr/include/glib-2.0 -I/usr/lib/x86_64-linux-gnu/glib-2.0/include -DBINDIR=\""/usr/lib/gamin"\" -DG_DISABLE_DEPRECATED -DGAM_DEBUG_ENABLED  -Wdate-time -D_FORTIFY_SOURCE=2 -Wall -Wchar-subscripts -Wmissing-declarations -Wmissing-prototypes -Wnested-externs -Wsign-compare -Wno-sign-compare -g -g -O2 -fdebug-prefix-map=/<<PKGBUILDDIR>>=. -fstack-protector-strong -Wformat -Werror=format-security -c -o gam_server.o /<<PKGBUILDDIR>>/./server/gam_server.c
/<<PKGBUILDDIR>>/./server/gam_server.c:167:6: warning: implicit declaration of function 'gam_poll_basic_init' is invalid in C99 [-Wimplicit-function-declaration]
        if (gam_poll_basic_init()) {
            ^
/<<PKGBUILDDIR>>/./server/gam_server.c:441:9: warning: implicit conversion from enumeration type 'GamKernelHandler' to different enumeration type 'GamPollHandler' [-Wenum-conversion]
        return __gam_kernel_handler;
        ~~~~~~ ^~~~~~~~~~~~~~~~~~~~
/<<PKGBUILDDIR>>/./server/gam_server.c:535:1: warning: control reaches end of non-void function [-Wreturn-type]
}  
^
3 warnings generated.
gcc -DHAVE_CONFIG_H -I. -I/<<PKGBUILDDIR>>/./server -I..  -I.. -I../libgamin -I../protocol -I/<<PKGBUILDDIR>>/./lib -I/<<PKGBUILDDIR>>/./libgamin -I/usr/include/glib-2.0 -I/usr/lib/x86_64-linux-gnu/glib-2.0/include -DBINDIR=\""/usr/lib/gamin"\" -DG_DISABLE_DEPRECATED -DGAM_DEBUG_ENABLED  -Wdate-time -D_FORTIFY_SOURCE=2 -Wall -Wchar-subscripts -Wmissing-declarations -Wmissing-prototypes -Wnested-externs -Wsign-compare -Wno-sign-compare -g -g -O2 -fdebug-prefix-map=/<<PKGBUILDDIR>>=. -fstack-protector-strong -Wformat -Werror=format-security -c -o gam_node.o /<<PKGBUILDDIR>>/./server/gam_node.c
/<<PKGBUILDDIR>>/./server/gam_node.c:375:2: warning: implicit declaration of function 'gam_server_emit_event' is invalid in C99 [-Wimplicit-function-declaration]
        gam_server_emit_event(gam_node_get_path(node), is_dir_node, event, subs, 0);
        ^
1 warning generated.
gcc -DHAVE_CONFIG_H -I. -I/<<PKGBUILDDIR>>/./server -I..  -I.. -I../libgamin -I../protocol -I/<<PKGBUILDDIR>>/./lib -I/<<PKGBUILDDIR>>/./libgamin -I/usr/include/glib-2.0 -I/usr/lib/x86_64-linux-gnu/glib-2.0/include -DBINDIR=\""/usr/lib/gamin"\" -DG_DISABLE_DEPRECATED -DGAM_DEBUG_ENABLED  -Wdate-time -D_FORTIFY_SOURCE=2 -Wall -Wchar-subscripts -Wmissing-declarations -Wmissing-prototypes -Wnested-externs -Wsign-compare -Wno-sign-compare -g -g -O2 -fdebug-prefix-map=/<<PKGBUILDDIR>>=. -fstack-protector-strong -Wformat -Werror=format-security -c -o gam_tree.o /<<PKGBUILDDIR>>/./server/gam_tree.c
gcc -DHAVE_CONFIG_H -I. -I/<<PKGBUILDDIR>>/./server -I..  -I.. -I../libgamin -I../protocol -I/<<PKGBUILDDIR>>/./lib -I/<<PKGBUILDDIR>>/./libgamin -I/usr/include/glib-2.0 -I/usr/lib/x86_64-linux-gnu/glib-2.0/include -DBINDIR=\""/usr/lib/gamin"\" -DG_DISABLE_DEPRECATED -DGAM_DEBUG_ENABLED  -Wdate-time -D_FORTIFY_SOURCE=2 -Wall -Wchar-subscripts -Wmissing-declarations -Wmissing-prototypes -Wnested-externs -Wsign-compare -Wno-sign-compare -g -g -O2 -fdebug-prefix-map=/<<PKGBUILDDIR>>=. -fstack-protector-strong -Wformat -Werror=format-security -c -o gam_poll_basic.o /<<PKGBUILDDIR>>/./server/gam_poll_basic.c
gcc -DHAVE_CONFIG_H -I. -I/<<PKGBUILDDIR>>/./server -I..  -I.. -I../libgamin -I../protocol -I/<<PKGBUILDDIR>>/./lib -I/<<PKGBUILDDIR>>/./libgamin -I/usr/include/glib-2.0 -I/usr/lib/x86_64-linux-gnu/glib-2.0/include -DBINDIR=\""/usr/lib/gamin"\" -DG_DISABLE_DEPRECATED -DGAM_DEBUG_ENABLED  -Wdate-time -D_FORTIFY_SOURCE=2 -Wall -Wchar-subscripts -Wmissing-declarations -Wmissing-prototypes -Wnested-externs -Wsign-compare -Wno-sign-compare -g -g -O2 -fdebug-prefix-map=/<<PKGBUILDDIR>>=. -fstack-protector-strong -Wformat -Werror=format-security -c -o gam_poll_generic.o /<<PKGBUILDDIR>>/./server/gam_poll_generic.c
gcc -DHAVE_CONFIG_H -I. -I/<<PKGBUILDDIR>>/./server -I..  -I.. -I../libgamin -I../protocol -I/<<PKGBUILDDIR>>/./lib -I/<<PKGBUILDDIR>>/./libgamin -I/usr/include/glib-2.0 -I/usr/lib/x86_64-linux-gnu/glib-2.0/include -DBINDIR=\""/usr/lib/gamin"\" -DG_DISABLE_DEPRECATED -DGAM_DEBUG_ENABLED  -Wdate-time -D_FORTIFY_SOURCE=2 -Wall -Wchar-subscripts -Wmissing-declarations -Wmissing-prototypes -Wnested-externs -Wsign-compare -Wno-sign-compare -g -g -O2 -fdebug-prefix-map=/<<PKGBUILDDIR>>=. -fstack-protector-strong -Wformat -Werror=format-security -c -o gam_pidname.o /<<PKGBUILDDIR>>/./server/gam_pidname.c
gcc -DHAVE_CONFIG_H -I. -I/<<PKGBUILDDIR>>/./server -I..  -I.. -I../libgamin -I../protocol -I/<<PKGBUILDDIR>>/./lib -I/<<PKGBUILDDIR>>/./libgamin -I/usr/include/glib-2.0 -I/usr/lib/x86_64-linux-gnu/glib-2.0/include -DBINDIR=\""/usr/lib/gamin"\" -DG_DISABLE_DEPRECATED -DGAM_DEBUG_ENABLED  -Wdate-time -D_FORTIFY_SOURCE=2 -Wall -Wchar-subscripts -Wmissing-declarations -Wmissing-prototypes -Wnested-externs -Wsign-compare -Wno-sign-compare -g -g -O2 -fdebug-prefix-map=/<<PKGBUILDDIR>>=. -fstack-protector-strong -Wformat -Werror=format-security -c -o gam_channel.o /<<PKGBUILDDIR>>/./server/gam_channel.c
gcc -DHAVE_CONFIG_H -I. -I/<<PKGBUILDDIR>>/./server -I..  -I.. -I../libgamin -I../protocol -I/<<PKGBUILDDIR>>/./lib -I/<<PKGBUILDDIR>>/./libgamin -I/usr/include/glib-2.0 -I/usr/lib/x86_64-linux-gnu/glib-2.0/include -DBINDIR=\""/usr/lib/gamin"\" -DG_DISABLE_DEPRECATED -DGAM_DEBUG_ENABLED  -Wdate-time -D_FORTIFY_SOURCE=2 -Wall -Wchar-subscripts -Wmissing-declarations -Wmissing-prototypes -Wnested-externs -Wsign-compare -Wno-sign-compare -g -g -O2 -fdebug-prefix-map=/<<PKGBUILDDIR>>=. -fstack-protector-strong -Wformat -Werror=format-security -c -o gam_connection.o /<<PKGBUILDDIR>>/./server/gam_connection.c
/<<PKGBUILDDIR>>/./server/gam_connection.c:402:42: warning: implicit declaration of function 'gam_exclude_check' is invalid in C99 [-Wimplicit-function-declaration]
            if ((gam_inotify_is_running()) && (!gam_exclude_check(path))) {
                                                ^
1 warning generated.
gcc -DHAVE_CONFIG_H -I. -I/<<PKGBUILDDIR>>/./server -I..  -I.. -I../libgamin -I../protocol -I/<<PKGBUILDDIR>>/./lib -I/<<PKGBUILDDIR>>/./libgamin -I/usr/include/glib-2.0 -I/usr/lib/x86_64-linux-gnu/glib-2.0/include -DBINDIR=\""/usr/lib/gamin"\" -DG_DISABLE_DEPRECATED -DGAM_DEBUG_ENABLED  -Wdate-time -D_FORTIFY_SOURCE=2 -Wall -Wchar-subscripts -Wmissing-declarations -Wmissing-prototypes -Wnested-externs -Wsign-compare -Wno-sign-compare -g -g -O2 -fdebug-prefix-map=/<<PKGBUILDDIR>>=. -fstack-protector-strong -Wformat -Werror=format-security -c -o gam_debugging.o /<<PKGBUILDDIR>>/./server/gam_debugging.c
gcc -DHAVE_CONFIG_H -I. -I/<<PKGBUILDDIR>>/./server -I..  -I.. -I../libgamin -I../protocol -I/<<PKGBUILDDIR>>/./lib -I/<<PKGBUILDDIR>>/./libgamin -I/usr/include/glib-2.0 -I/usr/lib/x86_64-linux-gnu/glib-2.0/include -DBINDIR=\""/usr/lib/gamin"\" -DG_DISABLE_DEPRECATED -DGAM_DEBUG_ENABLED  -Wdate-time -D_FORTIFY_SOURCE=2 -Wall -Wchar-subscripts -Wmissing-declarations -Wmissing-prototypes -Wnested-externs -Wsign-compare -Wno-sign-compare -g -g -O2 -fdebug-prefix-map=/<<PKGBUILDDIR>>=. -fstack-protector-strong -Wformat -Werror=format-security -c -o gam_excludes.o /<<PKGBUILDDIR>>/./server/gam_excludes.c
gcc -DHAVE_CONFIG_H -I. -I/<<PKGBUILDDIR>>/./server -I..  -I.. -I../libgamin -I../protocol -I/<<PKGBUILDDIR>>/./lib -I/<<PKGBUILDDIR>>/./libgamin -I/usr/include/glib-2.0 -I/usr/lib/x86_64-linux-gnu/glib-2.0/include -DBINDIR=\""/usr/lib/gamin"\" -DG_DISABLE_DEPRECATED -DGAM_DEBUG_ENABLED  -Wdate-time -D_FORTIFY_SOURCE=2 -Wall -Wchar-subscripts -Wmissing-declarations -Wmissing-prototypes -Wnested-externs -Wsign-compare -Wno-sign-compare -g -g -O2 -fdebug-prefix-map=/<<PKGBUILDDIR>>=. -fstack-protector-strong -Wformat -Werror=format-security -c -o gam_fs.o /<<PKGBUILDDIR>>/./server/gam_fs.c
gcc -DHAVE_CONFIG_H -I. -I/<<PKGBUILDDIR>>/./server -I..  -I.. -I../libgamin -I../protocol -I/<<PKGBUILDDIR>>/./lib -I/<<PKGBUILDDIR>>/./libgamin -I/usr/include/glib-2.0 -I/usr/lib/x86_64-linux-gnu/glib-2.0/include -DBINDIR=\""/usr/lib/gamin"\" -DG_DISABLE_DEPRECATED -DGAM_DEBUG_ENABLED  -Wdate-time -D_FORTIFY_SOURCE=2 -Wall -Wchar-subscripts -Wmissing-declarations -Wmissing-prototypes -Wnested-externs -Wsign-compare -Wno-sign-compare -g -g -O2 -fdebug-prefix-map=/<<PKGBUILDDIR>>=. -fstack-protector-strong -Wformat -Werror=format-security -c -o gam_conf.o /<<PKGBUILDDIR>>/./server/gam_conf.c
gcc -DHAVE_CONFIG_H -I. -I/<<PKGBUILDDIR>>/./server -I..  -I.. -I../libgamin -I../protocol -I/<<PKGBUILDDIR>>/./lib -I/<<PKGBUILDDIR>>/./libgamin -I/usr/include/glib-2.0 -I/usr/lib/x86_64-linux-gnu/glib-2.0/include -DBINDIR=\""/usr/lib/gamin"\" -DG_DISABLE_DEPRECATED -DGAM_DEBUG_ENABLED  -Wdate-time -D_FORTIFY_SOURCE=2 -Wall -Wchar-subscripts -Wmissing-declarations -Wmissing-prototypes -Wnested-externs -Wsign-compare -Wno-sign-compare -g -g -O2 -fdebug-prefix-map=/<<PKGBUILDDIR>>=. -fstack-protector-strong -Wformat -Werror=format-security -c -o gam_eq.o /<<PKGBUILDDIR>>/./server/gam_eq.c
/<<PKGBUILDDIR>>/./server/gam_eq.c:127:3: error: non-void function 'gam_eq_flush' should return a value [-Wreturn-type]
                return;
                ^
1 error generated.
Makefile:520: recipe for target 'gam_eq.o' failed
make[4]: *** [gam_eq.o] Error 1
make[4]: Leaving directory '/<<PKGBUILDDIR>>/debian/build/server'
Makefile:395: recipe for target 'all' failed
make[3]: *** [all] Error 2
make[3]: Leaving directory '/<<PKGBUILDDIR>>/debian/build/server'
Makefile:501: recipe for target 'all-recursive' failed
make[2]: *** [all-recursive] Error 1
make[2]: Leaving directory '/<<PKGBUILDDIR>>/debian/build'
Makefile:408: recipe for target 'all' failed
make[1]: *** [all] Error 2
make[1]: Leaving directory '/<<PKGBUILDDIR>>/debian/build'
/usr/share/cdbs/1/class/makefile.mk:77: recipe for target 'debian/stamp-makefile-build' failed
make: *** [debian/stamp-makefile-build] Error 2
dpkg-buildpackage: error: debian/rules build-arch gave error exit status 2
--------------------------------------------------------------------------------
Build finished at 2016-08-29T16:39:06Z

Finished
--------


+------------------------------------------------------------------------------+
| Cleanup                                                                      |
+------------------------------------------------------------------------------+

Purging /<<BUILDDIR>>
Not cleaning session: cloned chroot in use
E: Build failure (dpkg-buildpackage died)

+------------------------------------------------------------------------------+
| Summary                                                                      |
+------------------------------------------------------------------------------+

Build Architecture: amd64
Build-Space: 0
Build-Time: 14
Distribution: unstable
Fail-Stage: build
Host Architecture: amd64
Install-Time: 19
Job: gamin_0.1.10-5
Machine Architecture: amd64
Package: gamin
Package-Time: 60
Source-Version: 0.1.10-5
Space: 0
Status: failed
Version: 0.1.10-5
--------------------------------------------------------------------------------
Finished at 2016-08-29T16:39:06Z
Build needed 00:00:00, 0k disc space
E: Build failure (dpkg-buildpackage died)
DC-Status: Failed 60.416490778s
DC-Time-Estimation: 60.416490778 versus expected 376 (r/m: 5.223466393995135 ; m: 60.416490778)
