DC-Build-Header: opensaml2 2.5.5-1 / 2016-08-29 16:52:46 +0000
DC-Task: type:rebuild-binarch-only source:opensaml2 version:2.5.5-1 chroot:unstable esttime:260 logfile:/tmp/opensaml2_2.5.5-1_unstable_clang3.8.log modes:clang:binarch-only
DC-Sbuild-call: su user42 -c 'sbuild -n --arch-any --apt-update -d unstable -v  --chroot-setup-commands=/tmp/clang opensaml2_2.5.5-1'
sbuild (Debian sbuild) 0.70.0 (03 Aug 2016) on ip-172-31-12-39.eu-central-1.compute.internal

+==============================================================================+
| opensaml2 2.5.5-1 (amd64)                    Mon, 29 Aug 2016 16:52:46 +0000 |
+==============================================================================+

Package: opensaml2
Version: 2.5.5-1
Source Version: 2.5.5-1
Distribution: unstable
Machine Architecture: amd64
Host Architecture: amd64
Build Architecture: amd64

I: NOTICE: Log filtering will replace 'var/lib/schroot/mount/unstable-amd64-sbuild-984d09f3-02f1-4c78-86ff-4eae88196de7' with '<<CHROOT>>'

+------------------------------------------------------------------------------+
| Chroot Setup Commands                                                        |
+------------------------------------------------------------------------------+


/tmp/clang
----------

+ echo 'Entering customization script...'
Entering customization script...
+ CLANG_VERSION=3.8
+ echo 'Install of clang-3.8'
Install of clang-3.8
+ apt-get update
Get:1 http://127.0.0.1:9999/debian unstable InRelease [209 kB]
Get:2 http://127.0.0.1:9999/debian unstable/main Sources.diff/Index [27.9 kB]
Get:3 http://127.0.0.1:9999/debian unstable/main amd64 Packages.diff/Index [27.9 kB]
Get:4 http://127.0.0.1:9999/debian unstable/main Translation-en [5451 kB]
Get:5 http://127.0.0.1:9999/debian unstable/main Sources 2016-08-29-0319.00.pdiff [16.7 kB]
Get:6 http://127.0.0.1:9999/debian unstable/main Sources 2016-08-29-0916.07.pdiff [5442 B]
Get:6 http://127.0.0.1:9999/debian unstable/main Sources 2016-08-29-0916.07.pdiff [5442 B]
Get:7 http://127.0.0.1:9999/debian unstable/main amd64 Packages 2016-08-29-0319.00.pdiff [13.2 kB]
Get:8 http://127.0.0.1:9999/debian unstable/main amd64 Packages 2016-08-29-0916.07.pdiff [3300 B]
Get:8 http://127.0.0.1:9999/debian unstable/main amd64 Packages 2016-08-29-0916.07.pdiff [3300 B]
Fetched 5755 kB in 2s (2038 kB/s)
Reading package lists...
W: No sandbox user '_apt' on the system, can not drop privileges
+ apt-get install --yes --no-install-recommends --force-yes clang-3.8
Reading package lists...
Building dependency tree...
Reading state information...
The following additional packages will be installed:
  libbsd0 libclang-common-3.8-dev libclang1-3.8 libedit2 libffi6 libllvm3.8
  libobjc-6-dev libobjc4
Suggested packages:
  gnustep gnustep-devel clang-3.8-doc
Recommended packages:
  llvm-3.8-dev python
The following NEW packages will be installed:
  clang-3.8 libbsd0 libclang-common-3.8-dev libclang1-3.8 libedit2 libffi6
  libllvm3.8 libobjc-6-dev libobjc4
0 upgraded, 9 newly installed, 0 to remove and 1 not upgraded.
Need to get 38.3 MB of archives.
After this operation, 162 MB of additional disk space will be used.
Get:1 http://127.0.0.1:9999/debian unstable/main amd64 libbsd0 amd64 0.8.3-1 [83.0 kB]
Get:2 http://127.0.0.1:9999/debian unstable/main amd64 libedit2 amd64 3.1-20150325-1+b1 [85.2 kB]
Get:3 http://127.0.0.1:9999/debian unstable/main amd64 libffi6 amd64 3.2.1-4 [20.4 kB]
Get:4 http://127.0.0.1:9999/debian unstable/main amd64 libllvm3.8 amd64 1:3.8.1-9 [10.3 MB]
Get:5 http://127.0.0.1:9999/debian unstable/main amd64 libobjc4 amd64 6.2.0-1 [110 kB]
Get:6 http://127.0.0.1:9999/debian unstable/main amd64 libobjc-6-dev amd64 6.2.0-1 [394 kB]
Get:7 http://127.0.0.1:9999/debian unstable/main amd64 libclang1-3.8 amd64 1:3.8.1-9 [4188 kB]
Get:8 http://127.0.0.1:9999/debian unstable/main amd64 libclang-common-3.8-dev amd64 1:3.8.1-9 [1477 kB]
Get:9 http://127.0.0.1:9999/debian unstable/main amd64 clang-3.8 amd64 1:3.8.1-9 [21.6 MB]
debconf: delaying package configuration, since apt-utils is not installed
Fetched 38.3 MB in 3s (10.8 MB/s)
Selecting previously unselected package libbsd0:amd64.
(Reading database ... (Reading database ... 5%(Reading database ... 10%(Reading database ... 15%(Reading database ... 20%(Reading database ... 25%(Reading database ... 30%(Reading database ... 35%(Reading database ... 40%(Reading database ... 45%(Reading database ... 50%(Reading database ... 55%(Reading database ... 60%(Reading database ... 65%(Reading database ... 70%(Reading database ... 75%(Reading database ... 80%(Reading database ... 85%(Reading database ... 90%(Reading database ... 95%(Reading database ... 100%(Reading database ... 9446 files and directories currently installed.)
Preparing to unpack .../0-libbsd0_0.8.3-1_amd64.deb ...
Unpacking libbsd0:amd64 (0.8.3-1) ...
Selecting previously unselected package libedit2:amd64.
Preparing to unpack .../1-libedit2_3.1-20150325-1+b1_amd64.deb ...
Unpacking libedit2:amd64 (3.1-20150325-1+b1) ...
Selecting previously unselected package libffi6:amd64.
Preparing to unpack .../2-libffi6_3.2.1-4_amd64.deb ...
Unpacking libffi6:amd64 (3.2.1-4) ...
Selecting previously unselected package libllvm3.8:amd64.
Preparing to unpack .../3-libllvm3.8_1%3a3.8.1-9_amd64.deb ...
Unpacking libllvm3.8:amd64 (1:3.8.1-9) ...
Selecting previously unselected package libobjc4:amd64.
Preparing to unpack .../4-libobjc4_6.2.0-1_amd64.deb ...
Unpacking libobjc4:amd64 (6.2.0-1) ...
Selecting previously unselected package libobjc-6-dev:amd64.
Preparing to unpack .../5-libobjc-6-dev_6.2.0-1_amd64.deb ...
Unpacking libobjc-6-dev:amd64 (6.2.0-1) ...
Selecting previously unselected package libclang1-3.8:amd64.
Preparing to unpack .../6-libclang1-3.8_1%3a3.8.1-9_amd64.deb ...
Unpacking libclang1-3.8:amd64 (1:3.8.1-9) ...
Selecting previously unselected package libclang-common-3.8-dev.
Preparing to unpack .../7-libclang-common-3.8-dev_1%3a3.8.1-9_amd64.deb ...
Unpacking libclang-common-3.8-dev (1:3.8.1-9) ...
Selecting previously unselected package clang-3.8.
Preparing to unpack .../8-clang-3.8_1%3a3.8.1-9_amd64.deb ...
Unpacking clang-3.8 (1:3.8.1-9) ...
Setting up libobjc4:amd64 (6.2.0-1) ...
Setting up libbsd0:amd64 (0.8.3-1) ...
Processing triggers for libc-bin (2.23-5) ...
Setting up libobjc-6-dev:amd64 (6.2.0-1) ...
Setting up libffi6:amd64 (3.2.1-4) ...
Setting up libedit2:amd64 (3.1-20150325-1+b1) ...
Setting up libllvm3.8:amd64 (1:3.8.1-9) ...
Setting up libclang-common-3.8-dev (1:3.8.1-9) ...
Setting up libclang1-3.8:amd64 (1:3.8.1-9) ...
Setting up clang-3.8 (1:3.8.1-9) ...
Processing triggers for libc-bin (2.23-5) ...
W: --force-yes is deprecated, use one of the options starting with --allow instead.
W: No sandbox user '_apt' on the system, can not drop privileges
+ echo 'Replace gcc, g++ & cpp by clang'
Replace gcc, g++ & cpp by clang
+ VERSIONS='4.6 4.7 4.8 4.9 5 6'
+ cd /usr/bin
+ for VERSION in '$VERSIONS'
+ rm -f g++-4.6 gcc-4.6 cpp-4.6 gcc
+ ln -s clang++-3.8 g++-4.6
+ ln -s clang-3.8 gcc-4.6
+ ln -s clang-3.8 cpp-4.6
+ ln -s clang-3.8 gcc
+ echo 'gcc-4.6 hold'
+ dpkg --set-selections
dpkg: warning: package not in database at line 1: gcc-4.6
dpkg: warning: found unknown packages; this might mean the available database
is outdated, and needs to be updated through a frontend method
+ echo 'g++-4.6 hold'
+ dpkg --set-selections
dpkg: warning: package not in database at line 1: g++-4.6
dpkg: warning: found unknown packages; this might mean the available database
is outdated, and needs to be updated through a frontend method
+ for VERSION in '$VERSIONS'
+ rm -f g++-4.7 gcc-4.7 cpp-4.7 gcc
+ ln -s clang++-3.8 g++-4.7
+ ln -s clang-3.8 gcc-4.7
+ ln -s clang-3.8 cpp-4.7
+ ln -s clang-3.8 gcc
+ echo 'gcc-4.7 hold'
+ dpkg --set-selections
dpkg: warning: package not in database at line 1: gcc-4.7
dpkg: warning: found unknown packages; this might mean the available database
is outdated, and needs to be updated through a frontend method
+ echo 'g++-4.7 hold'
+ dpkg --set-selections
dpkg: warning: package not in database at line 1: g++-4.7
dpkg: warning: found unknown packages; this might mean the available database
is outdated, and needs to be updated through a frontend method
+ for VERSION in '$VERSIONS'
+ rm -f g++-4.8 gcc-4.8 cpp-4.8 gcc
+ ln -s clang++-3.8 g++-4.8
+ ln -s clang-3.8 gcc-4.8
+ ln -s clang-3.8 cpp-4.8
+ ln -s clang-3.8 gcc
+ echo 'gcc-4.8 hold'
+ dpkg --set-selections
dpkg: warning: package not in database at line 1: gcc-4.8
dpkg: warning: found unknown packages; this might mean the available database
is outdated, and needs to be updated through a frontend method
+ echo 'g++-4.8 hold'
+ dpkg --set-selections
dpkg: warning: package not in database at line 1: g++-4.8
dpkg: warning: found unknown packages; this might mean the available database
is outdated, and needs to be updated through a frontend method
+ for VERSION in '$VERSIONS'
+ rm -f g++-4.9 gcc-4.9 cpp-4.9 gcc
+ ln -s clang++-3.8 g++-4.9
+ ln -s clang-3.8 gcc-4.9
+ ln -s clang-3.8 cpp-4.9
+ ln -s clang-3.8 gcc
+ echo 'gcc-4.9 hold'
+ dpkg --set-selections
dpkg: warning: package not in database at line 1: gcc-4.9
dpkg: warning: found unknown packages; this might mean the available database
is outdated, and needs to be updated through a frontend method
+ echo 'g++-4.9 hold'
+ dpkg --set-selections
dpkg: warning: package not in database at line 1: g++-4.9
dpkg: warning: found unknown packages; this might mean the available database
is outdated, and needs to be updated through a frontend method
+ for VERSION in '$VERSIONS'
+ rm -f g++-5 gcc-5 cpp-5 gcc
+ ln -s clang++-3.8 g++-5
+ ln -s clang-3.8 gcc-5
+ ln -s clang-3.8 cpp-5
+ ln -s clang-3.8 gcc
+ echo 'gcc-5 hold'
+ dpkg --set-selections
+ echo 'g++-5 hold'
+ dpkg --set-selections
+ for VERSION in '$VERSIONS'
+ rm -f g++-6 gcc-6 cpp-6 gcc
+ ln -s clang++-3.8 g++-6
+ ln -s clang-3.8 gcc-6
+ ln -s clang-3.8 cpp-6
+ ln -s clang-3.8 gcc
+ echo 'gcc-6 hold'
+ dpkg --set-selections
+ echo 'g++-6 hold'
+ dpkg --set-selections
+ cd -
/build/opensaml2-8EWUF9
+ echo 'Check if gcc, g++ & cpp are actually clang'
Check if gcc, g++ & cpp are actually clang
+ gcc --version
+ grep clang
+ cpp --version
+ grep clang
+ g++ --version
+ grep clang

I: Finished running '/tmp/clang'.

Finished processing commands.
--------------------------------------------------------------------------------

+------------------------------------------------------------------------------+
| Update chroot                                                                |
+------------------------------------------------------------------------------+

Hit:1 http://127.0.0.1:9999/debian unstable InRelease
Reading package lists...
W: No sandbox user '_apt' on the system, can not drop privileges
Reading package lists...
Building dependency tree...
Reading state information...
Calculating upgrade...
The following packages will be upgraded:
  linux-libc-dev
1 upgraded, 0 newly installed, 0 to remove and 0 not upgraded.
Need to get 1158 kB of archives.
After this operation, 60.4 kB of additional disk space will be used.
Get:1 http://127.0.0.1:9999/debian unstable/main amd64 linux-libc-dev amd64 4.7.2-1 [1158 kB]
debconf: delaying package configuration, since apt-utils is not installed
Fetched 1158 kB in 0s (69.6 MB/s)
(Reading database ... (Reading database ... 5%(Reading database ... 10%(Reading database ... 15%(Reading database ... 20%(Reading database ... 25%(Reading database ... 30%(Reading database ... 35%(Reading database ... 40%(Reading database ... 45%(Reading database ... 50%(Reading database ... 55%(Reading database ... 60%(Reading database ... 65%(Reading database ... 70%(Reading database ... 75%(Reading database ... 80%(Reading database ... 85%(Reading database ... 90%(Reading database ... 95%(Reading database ... 100%(Reading database ... 9769 files and directories currently installed.)
Preparing to unpack .../linux-libc-dev_4.7.2-1_amd64.deb ...
Unpacking linux-libc-dev:amd64 (4.7.2-1) over (4.6.4-1) ...
Setting up linux-libc-dev:amd64 (4.7.2-1) ...
W: No sandbox user '_apt' on the system, can not drop privileges

+------------------------------------------------------------------------------+
| Fetch source files                                                           |
+------------------------------------------------------------------------------+


Check APT
---------

Checking available source versions...

Download source files with APT
------------------------------

Reading package lists...
NOTICE: 'opensaml2' packaging is maintained in the 'Git' version control system at:
git://anonscm.debian.org/pkg-shibboleth/opensaml2.git
Please use:
git clone git://anonscm.debian.org/pkg-shibboleth/opensaml2.git
to retrieve the latest (possibly unreleased) updates to the package.
Need to get 611 kB of source archives.
Get:1 http://127.0.0.1:9999/debian unstable/main opensaml2 2.5.5-1 (dsc) [2063 B]
Get:2 http://127.0.0.1:9999/debian unstable/main opensaml2 2.5.5-1 (tar) [559 kB]
Get:3 http://127.0.0.1:9999/debian unstable/main opensaml2 2.5.5-1 (diff) [50.1 kB]
Fetched 611 kB in 0s (4616 kB/s)
Download complete and in download only mode
I: NOTICE: Log filtering will replace 'build/opensaml2-8EWUF9/opensaml2-2.5.5' with '<<PKGBUILDDIR>>'
I: NOTICE: Log filtering will replace 'build/opensaml2-8EWUF9' with '<<BUILDDIR>>'

+------------------------------------------------------------------------------+
| Install build-essential                                                      |
+------------------------------------------------------------------------------+


Setup apt archive
-----------------

Merged Build-Depends: build-essential, fakeroot
Filtered Build-Depends: build-essential, fakeroot
dpkg-deb: building package 'sbuild-build-depends-core-dummy' in '/<<BUILDDIR>>/resolver-yh2n3u/apt_archive/sbuild-build-depends-core-dummy.deb'.
dpkg-scanpackages: warning: Packages in archive but missing from override file:
dpkg-scanpackages: warning:   sbuild-build-depends-core-dummy
dpkg-scanpackages: info: Wrote 1 entries to output Packages file.
Ign:1 copy:/<<BUILDDIR>>/resolver-yh2n3u/apt_archive ./ InRelease
Get:2 copy:/<<BUILDDIR>>/resolver-yh2n3u/apt_archive ./ Release [957 B]
Ign:3 copy:/<<BUILDDIR>>/resolver-yh2n3u/apt_archive ./ Release.gpg
Get:4 copy:/<<BUILDDIR>>/resolver-yh2n3u/apt_archive ./ Sources [349 B]
Get:5 copy:/<<BUILDDIR>>/resolver-yh2n3u/apt_archive ./ Packages [431 B]
Fetched 1737 B in 0s (0 B/s)
Reading package lists...
W: No sandbox user '_apt' on the system, can not drop privileges
Reading package lists...

Install core build dependencies (apt-based resolver)
----------------------------------------------------

Installing build dependencies
Reading package lists...
Building dependency tree...
Reading state information...
The following NEW packages will be installed:
  sbuild-build-depends-core-dummy
0 upgraded, 1 newly installed, 0 to remove and 0 not upgraded.
Need to get 770 B of archives.
After this operation, 0 B of additional disk space will be used.
Get:1 copy:/<<BUILDDIR>>/resolver-yh2n3u/apt_archive ./ sbuild-build-depends-core-dummy 0.invalid.0 [770 B]
debconf: delaying package configuration, since apt-utils is not installed
Fetched 770 B in 0s (0 B/s)
Selecting previously unselected package sbuild-build-depends-core-dummy.
(Reading database ... 9775 files and directories currently installed.)
Preparing to unpack .../sbuild-build-depends-core-dummy_0.invalid.0_amd64.deb ...
Unpacking sbuild-build-depends-core-dummy (0.invalid.0) ...
Setting up sbuild-build-depends-core-dummy (0.invalid.0) ...
W: No sandbox user '_apt' on the system, can not drop privileges

+------------------------------------------------------------------------------+
| Check architectures                                                          |
+------------------------------------------------------------------------------+

Arch check ok (amd64 included in any all)

+------------------------------------------------------------------------------+
| Install package build dependencies                                           |
+------------------------------------------------------------------------------+


Setup apt archive
-----------------

Merged Build-Depends: autoconf-archive (>= 20111221-2), debhelper (>= 9), dh-autoreconf, doxygen, graphviz, libboost-dev, liblog4shib-dev, libssl-dev, libxerces-c-dev, libxml-security-c-dev (>= 1.7), libxmltooling-dev (>= 1.5), pkg-config
Filtered Build-Depends: autoconf-archive (>= 20111221-2), debhelper (>= 9), dh-autoreconf, doxygen, graphviz, libboost-dev, liblog4shib-dev, libssl-dev, libxerces-c-dev, libxml-security-c-dev (>= 1.7), libxmltooling-dev (>= 1.5), pkg-config
dpkg-deb: building package 'sbuild-build-depends-opensaml2-dummy' in '/<<BUILDDIR>>/resolver-Ay89ev/apt_archive/sbuild-build-depends-opensaml2-dummy.deb'.
dpkg-scanpackages: warning: Packages in archive but missing from override file:
dpkg-scanpackages: warning:   sbuild-build-depends-opensaml2-dummy
dpkg-scanpackages: info: Wrote 1 entries to output Packages file.
Ign:1 copy:/<<BUILDDIR>>/resolver-Ay89ev/apt_archive ./ InRelease
Get:2 copy:/<<BUILDDIR>>/resolver-Ay89ev/apt_archive ./ Release [957 B]
Ign:3 copy:/<<BUILDDIR>>/resolver-Ay89ev/apt_archive ./ Release.gpg
Get:4 copy:/<<BUILDDIR>>/resolver-Ay89ev/apt_archive ./ Sources [448 B]
Get:5 copy:/<<BUILDDIR>>/resolver-Ay89ev/apt_archive ./ Packages [538 B]
Fetched 1943 B in 0s (0 B/s)
Reading package lists...
W: No sandbox user '_apt' on the system, can not drop privileges
Reading package lists...

Install opensaml2 build dependencies (apt-based resolver)
---------------------------------------------------------

Installing build dependencies
Reading package lists...
Building dependency tree...
Reading state information...
The following additional packages will be installed:
  autoconf autoconf-archive automake autopoint autotools-dev bsdmainutils
  debhelper dh-autoreconf dh-strip-nondeterminism doxygen file fontconfig
  fontconfig-config fonts-dejavu-core gcc-5-base gettext gettext-base graphviz
  groff-base icu-devtools intltool-debian libarchive-zip-perl libasan2
  libboost-dev libboost1.61-dev libcairo2 libcdt5 libcgraph6 libclang1-3.6
  libcroco3 libcurl3 libcurl4-openssl-dev libdatrie1 libexpat1
  libfile-stripnondeterminism-perl libfontconfig1 libfreetype6 libgcc-5-dev
  libgd3 libglib2.0-0 libgnutls30 libgraphite2-3 libgssapi-krb5-2 libgts-0.7-5
  libgvc6 libgvpr2 libharfbuzz0b libhogweed4 libice6 libicu-dev libicu57
  libidn11 libjbig0 libjpeg62-turbo libk5crypto3 libkeyutils1 libkrb5-3
  libkrb5support0 libldap-2.4-2 libllvm3.6v5 liblog4shib-dev liblog4shib1v5
  libltdl7 libmagic-mgc libmagic1 libmpx0 libnettle6 libnghttp2-14
  libobjc-5-dev libp11-kit0 libpango-1.0-0 libpangocairo-1.0-0
  libpangoft2-1.0-0 libpathplan4 libpipeline1 libpixman-1-0 libpng16-16
  librtmp1 libsasl2-2 libsasl2-modules-db libsigsegv2 libsm6 libssh2-1
  libssl-dev libssl1.0.2 libstdc++-5-dev libtasn1-6 libthai-data libthai0
  libtiff5 libtimedate-perl libtool libunistring0 libwebp6 libx11-6
  libx11-data libxau6 libxaw7 libxcb-render0 libxcb-shm0 libxcb1 libxdmcp6
  libxdot4 libxerces-c-dev libxerces-c3.1 libxext6 libxml-security-c-dev
  libxml-security-c17v5 libxml2 libxmltooling-dev libxmltooling6v5 libxmu6
  libxpm4 libxrender1 libxt6 lsb-base m4 man-db pkg-config po-debconf ucf
  x11-common zlib1g-dev
Suggested packages:
  gnu-standards autoconf-doc wamerican | wordlist whois vacation dh-make
  doxygen-latex doxygen-doc doxygen-gui gettext-doc libasprintf-dev
  libgettextpo-dev gsfonts graphviz-doc groff libboost-doc libboost1.61-doc
  libboost-atomic1.61-dev libboost-chrono1.61-dev libboost-context1.61-dev
  libboost-coroutine1.61-dev libboost-date-time1.61-dev
  libboost-exception1.61-dev libboost-filesystem1.61-dev
  libboost-graph1.61-dev libboost-graph-parallel1.61-dev
  libboost-iostreams1.61-dev libboost-locale1.61-dev libboost-log1.61-dev
  libboost-math1.61-dev libboost-mpi1.61-dev libboost-mpi-python1.61-dev
  libboost-program-options1.61-dev libboost-python1.61-dev
  libboost-random1.61-dev libboost-regex1.61-dev
  libboost-serialization1.61-dev libboost-signals1.61-dev
  libboost-system1.61-dev libboost-test1.61-dev libboost-thread1.61-dev
  libboost-timer1.61-dev libboost-wave1.61-dev libboost1.61-tools-dev
  libmpfrc++-dev libntl-dev libcurl4-doc libcurl3-dbg libidn11-dev libkrb5-dev
  libldap2-dev librtmp-dev libssh2-1-dev libgd-tools gnutls-bin krb5-doc
  krb5-user icu-doc liblog4shib-doc libstdc++-5-doc libtool-doc gfortran
  | fortran95-compiler gcj-jdk libxerces-c-doc libxmltooling-doc less
  www-browser libmail-box-perl
Recommended packages:
  curl | wget | lynx-cur fonts-liberation ca-certificates libglib2.0-data
  shared-mime-info xdg-user-dirs libgts-bin krb5-locales libsasl2-modules
  libssl-doc libltdl-dev xml-core libmail-sendmail-perl
The following NEW packages will be installed:
  autoconf autoconf-archive automake autopoint autotools-dev bsdmainutils
  debhelper dh-autoreconf dh-strip-nondeterminism doxygen file fontconfig
  fontconfig-config fonts-dejavu-core gcc-5-base gettext gettext-base graphviz
  groff-base icu-devtools intltool-debian libarchive-zip-perl libasan2
  libboost-dev libboost1.61-dev libcairo2 libcdt5 libcgraph6 libclang1-3.6
  libcroco3 libcurl3 libcurl4-openssl-dev libdatrie1 libexpat1
  libfile-stripnondeterminism-perl libfontconfig1 libfreetype6 libgcc-5-dev
  libgd3 libglib2.0-0 libgnutls30 libgraphite2-3 libgssapi-krb5-2 libgts-0.7-5
  libgvc6 libgvpr2 libharfbuzz0b libhogweed4 libice6 libicu-dev libicu57
  libidn11 libjbig0 libjpeg62-turbo libk5crypto3 libkeyutils1 libkrb5-3
  libkrb5support0 libldap-2.4-2 libllvm3.6v5 liblog4shib-dev liblog4shib1v5
  libltdl7 libmagic-mgc libmagic1 libmpx0 libnettle6 libnghttp2-14
  libobjc-5-dev libp11-kit0 libpango-1.0-0 libpangocairo-1.0-0
  libpangoft2-1.0-0 libpathplan4 libpipeline1 libpixman-1-0 libpng16-16
  librtmp1 libsasl2-2 libsasl2-modules-db libsigsegv2 libsm6 libssh2-1
  libssl-dev libssl1.0.2 libstdc++-5-dev libtasn1-6 libthai-data libthai0
  libtiff5 libtimedate-perl libtool libunistring0 libwebp6 libx11-6
  libx11-data libxau6 libxaw7 libxcb-render0 libxcb-shm0 libxcb1 libxdmcp6
  libxdot4 libxerces-c-dev libxerces-c3.1 libxext6 libxml-security-c-dev
  libxml-security-c17v5 libxml2 libxmltooling-dev libxmltooling6v5 libxmu6
  libxpm4 libxrender1 libxt6 lsb-base m4 man-db pkg-config po-debconf
  sbuild-build-depends-opensaml2-dummy ucf x11-common zlib1g-dev
0 upgraded, 124 newly installed, 0 to remove and 0 not upgraded.
Need to get 84.8 MB of archives.
After this operation, 454 MB of additional disk space will be used.
Get:1 copy:/<<BUILDDIR>>/resolver-Ay89ev/apt_archive ./ sbuild-build-depends-opensaml2-dummy 0.invalid.0 [882 B]
Get:2 http://127.0.0.1:9999/debian unstable/main amd64 groff-base amd64 1.22.3-8 [1162 kB]
Get:3 http://127.0.0.1:9999/debian unstable/main amd64 bsdmainutils amd64 9.0.10 [184 kB]
Get:4 http://127.0.0.1:9999/debian unstable/main amd64 libpipeline1 amd64 1.4.1-2 [27.6 kB]
Get:5 http://127.0.0.1:9999/debian unstable/main amd64 man-db amd64 2.7.5-1 [1003 kB]
Get:6 http://127.0.0.1:9999/debian unstable/main amd64 autoconf-archive all 20150925-1 [688 kB]
Get:7 http://127.0.0.1:9999/debian unstable/main amd64 libexpat1 amd64 2.2.0-1 [82.0 kB]
Get:8 http://127.0.0.1:9999/debian unstable/main amd64 libpng16-16 amd64 1.6.24-2 [279 kB]
Get:9 http://127.0.0.1:9999/debian unstable/main amd64 libfreetype6 amd64 2.6.3-3+b1 [437 kB]
Get:10 http://127.0.0.1:9999/debian unstable/main amd64 ucf all 3.0036 [70.2 kB]
Get:11 http://127.0.0.1:9999/debian unstable/main amd64 fonts-dejavu-core all 2.37-1 [1068 kB]
Get:12 http://127.0.0.1:9999/debian unstable/main amd64 fontconfig-config all 2.11.0-6.7 [271 kB]
Get:13 http://127.0.0.1:9999/debian unstable/main amd64 libfontconfig1 amd64 2.11.0-6.7 [331 kB]
Get:14 http://127.0.0.1:9999/debian unstable/main amd64 fontconfig amd64 2.11.0-6.7 [403 kB]
Get:15 http://127.0.0.1:9999/debian unstable/main amd64 libglib2.0-0 amd64 2.48.1-3 [2707 kB]
Get:16 http://127.0.0.1:9999/debian unstable/main amd64 libgts-0.7-5 amd64 0.7.6+darcs121130-1.2 [158 kB]
Get:17 http://127.0.0.1:9999/debian unstable/main amd64 lsb-base all 9.20160629 [27.6 kB]
Get:18 http://127.0.0.1:9999/debian unstable/main amd64 x11-common all 1:7.7+16 [251 kB]
Get:19 http://127.0.0.1:9999/debian unstable/main amd64 libice6 amd64 2:1.0.9-1+b1 [58.8 kB]
Get:20 http://127.0.0.1:9999/debian unstable/main amd64 libsm6 amd64 2:1.2.2-1+b1 [33.6 kB]
Get:21 http://127.0.0.1:9999/debian unstable/main amd64 libxau6 amd64 1:1.0.8-1 [20.7 kB]
Get:22 http://127.0.0.1:9999/debian unstable/main amd64 libxdmcp6 amd64 1:1.1.2-1.1 [26.2 kB]
Get:23 http://127.0.0.1:9999/debian unstable/main amd64 libxcb1 amd64 1.11.1-1.1 [45.3 kB]
Get:24 http://127.0.0.1:9999/debian unstable/main amd64 libx11-data all 2:1.6.3-1 [128 kB]
Get:25 http://127.0.0.1:9999/debian unstable/main amd64 libx11-6 amd64 2:1.6.3-1 [742 kB]
Get:26 http://127.0.0.1:9999/debian unstable/main amd64 libxext6 amd64 2:1.3.3-1 [52.7 kB]
Get:27 http://127.0.0.1:9999/debian unstable/main amd64 libxpm4 amd64 1:3.5.11-1+b1 [48.1 kB]
Get:28 http://127.0.0.1:9999/debian unstable/main amd64 libjbig0 amd64 2.1-3.1 [30.7 kB]
Get:29 http://127.0.0.1:9999/debian unstable/main amd64 gcc-5-base amd64 5.4.1-1 [173 kB]
Get:30 http://127.0.0.1:9999/debian unstable/main amd64 libssl1.0.2 amd64 1.0.2h-1 [1287 kB]
Get:31 http://127.0.0.1:9999/debian unstable/main amd64 libmagic-mgc amd64 1:5.28-4 [210 kB]
Get:32 http://127.0.0.1:9999/debian unstable/main amd64 libmagic1 amd64 1:5.28-4 [109 kB]
Get:33 http://127.0.0.1:9999/debian unstable/main amd64 file amd64 1:5.28-4 [62.9 kB]
Get:34 http://127.0.0.1:9999/debian unstable/main amd64 gettext-base amd64 0.19.8.1-1 [121 kB]
Get:35 http://127.0.0.1:9999/debian unstable/main amd64 libnettle6 amd64 3.2-1 [191 kB]
Get:36 http://127.0.0.1:9999/debian unstable/main amd64 libhogweed4 amd64 3.2-1 [136 kB]
Get:37 http://127.0.0.1:9999/debian unstable/main amd64 libidn11 amd64 1.33-1 [115 kB]
Get:38 http://127.0.0.1:9999/debian unstable/main amd64 libp11-kit0 amd64 0.23.2-5 [111 kB]
Get:39 http://127.0.0.1:9999/debian unstable/main amd64 libtasn1-6 amd64 4.9-4 [50.0 kB]
Get:40 http://127.0.0.1:9999/debian unstable/main amd64 libgnutls30 amd64 3.5.3-3 [801 kB]
Get:41 http://127.0.0.1:9999/debian unstable/main amd64 libkeyutils1 amd64 1.5.9-9 [12.4 kB]
Get:42 http://127.0.0.1:9999/debian unstable/main amd64 libkrb5support0 amd64 1.14.3+dfsg-1 [61.0 kB]
Get:43 http://127.0.0.1:9999/debian unstable/main amd64 libk5crypto3 amd64 1.14.3+dfsg-1 [115 kB]
Get:44 http://127.0.0.1:9999/debian unstable/main amd64 libkrb5-3 amd64 1.14.3+dfsg-1 [311 kB]
Get:45 http://127.0.0.1:9999/debian unstable/main amd64 libgssapi-krb5-2 amd64 1.14.3+dfsg-1 [154 kB]
Get:46 http://127.0.0.1:9999/debian unstable/main amd64 libsasl2-modules-db amd64 2.1.26.dfsg1-15 [66.9 kB]
Get:47 http://127.0.0.1:9999/debian unstable/main amd64 libsasl2-2 amd64 2.1.26.dfsg1-15 [103 kB]
Get:48 http://127.0.0.1:9999/debian unstable/main amd64 libldap-2.4-2 amd64 2.4.42+dfsg-2+b2 [222 kB]
Get:49 http://127.0.0.1:9999/debian unstable/main amd64 libicu57 amd64 57.1-3 [7676 kB]
Get:50 http://127.0.0.1:9999/debian unstable/main amd64 libxml2 amd64 2.9.4+dfsg1-1+b1 [919 kB]
Get:51 http://127.0.0.1:9999/debian unstable/main amd64 libsigsegv2 amd64 2.10-5 [28.9 kB]
Get:52 http://127.0.0.1:9999/debian unstable/main amd64 m4 amd64 1.4.17-5 [255 kB]
Get:53 http://127.0.0.1:9999/debian unstable/main amd64 autoconf all 2.69-10 [338 kB]
Get:54 http://127.0.0.1:9999/debian unstable/main amd64 autotools-dev all 20160430.1 [72.6 kB]
Get:55 http://127.0.0.1:9999/debian unstable/main amd64 automake all 1:1.15-4 [735 kB]
Get:56 http://127.0.0.1:9999/debian unstable/main amd64 autopoint all 0.19.8.1-1 [433 kB]
Get:57 http://127.0.0.1:9999/debian unstable/main amd64 libcroco3 amd64 0.6.11-1 [143 kB]
Get:58 http://127.0.0.1:9999/debian unstable/main amd64 libunistring0 amd64 0.9.6+really0.9.3-0.1 [279 kB]
Get:59 http://127.0.0.1:9999/debian unstable/main amd64 gettext amd64 0.19.8.1-1 [1493 kB]
Get:60 http://127.0.0.1:9999/debian unstable/main amd64 intltool-debian all 0.35.0+20060710.4 [26.3 kB]
Get:61 http://127.0.0.1:9999/debian unstable/main amd64 po-debconf all 1.0.19 [249 kB]
Get:62 http://127.0.0.1:9999/debian unstable/main amd64 libarchive-zip-perl all 1.59-1 [95.5 kB]
Get:63 http://127.0.0.1:9999/debian unstable/main amd64 libfile-stripnondeterminism-perl all 0.023-2 [13.4 kB]
Get:64 http://127.0.0.1:9999/debian unstable/main amd64 libtimedate-perl all 2.3000-2 [42.2 kB]
Get:65 http://127.0.0.1:9999/debian unstable/main amd64 dh-strip-nondeterminism all 0.023-2 [8202 B]
Get:66 http://127.0.0.1:9999/debian unstable/main amd64 libtool all 2.4.6-2 [545 kB]
Get:67 http://127.0.0.1:9999/debian unstable/main amd64 dh-autoreconf all 12 [15.8 kB]
Get:68 http://127.0.0.1:9999/debian unstable/main amd64 debhelper all 9.20160814 [800 kB]
Get:69 http://127.0.0.1:9999/debian unstable/main amd64 libllvm3.6v5 amd64 1:3.6.2-3 [8010 kB]
Get:70 http://127.0.0.1:9999/debian unstable/main amd64 libasan2 amd64 5.4.1-1 [261 kB]
Get:71 http://127.0.0.1:9999/debian unstable/main amd64 libmpx0 amd64 5.4.1-1 [9410 B]
Get:72 http://127.0.0.1:9999/debian unstable/main amd64 libgcc-5-dev amd64 5.4.1-1 [2214 kB]
Get:73 http://127.0.0.1:9999/debian unstable/main amd64 libstdc++-5-dev amd64 5.4.1-1 [1417 kB]
Get:74 http://127.0.0.1:9999/debian unstable/main amd64 libobjc-5-dev amd64 5.4.1-1 [373 kB]
Get:75 http://127.0.0.1:9999/debian unstable/main amd64 libclang1-3.6 amd64 1:3.6.2-3 [3664 kB]
Get:76 http://127.0.0.1:9999/debian unstable/main amd64 doxygen amd64 1.8.11-3 [3773 kB]
Get:77 http://127.0.0.1:9999/debian unstable/main amd64 libcdt5 amd64 2.38.0-15 [59.4 kB]
Get:78 http://127.0.0.1:9999/debian unstable/main amd64 libcgraph6 amd64 2.38.0-15 [82.0 kB]
Get:79 http://127.0.0.1:9999/debian unstable/main amd64 libjpeg62-turbo amd64 1:1.5.0-1 [132 kB]
Get:80 http://127.0.0.1:9999/debian unstable/main amd64 libtiff5 amd64 4.0.6-2 [222 kB]
Get:81 http://127.0.0.1:9999/debian unstable/main amd64 libwebp6 amd64 0.5.1-2 [235 kB]
Get:82 http://127.0.0.1:9999/debian unstable/main amd64 libgd3 amd64 2.2.3-3+b1 [136 kB]
Get:83 http://127.0.0.1:9999/debian unstable/main amd64 libpixman-1-0 amd64 0.33.6-1 [532 kB]
Get:84 http://127.0.0.1:9999/debian unstable/main amd64 libxcb-render0 amd64 1.11.1-1.1 [17.5 kB]
Get:85 http://127.0.0.1:9999/debian unstable/main amd64 libxcb-shm0 amd64 1.11.1-1.1 [11.6 kB]
Get:86 http://127.0.0.1:9999/debian unstable/main amd64 libxrender1 amd64 1:0.9.9-2 [31.8 kB]
Get:87 http://127.0.0.1:9999/debian unstable/main amd64 libcairo2 amd64 1.14.6-1+b1 [767 kB]
Get:88 http://127.0.0.1:9999/debian unstable/main amd64 libltdl7 amd64 2.4.6-2 [389 kB]
Get:89 http://127.0.0.1:9999/debian unstable/main amd64 libthai-data all 0.1.25-1 [165 kB]
Get:90 http://127.0.0.1:9999/debian unstable/main amd64 libdatrie1 amd64 0.2.10-2 [35.8 kB]
Get:91 http://127.0.0.1:9999/debian unstable/main amd64 libthai0 amd64 0.1.25-1 [51.6 kB]
Get:92 http://127.0.0.1:9999/debian unstable/main amd64 libpango-1.0-0 amd64 1.40.1-1 [311 kB]
Get:93 http://127.0.0.1:9999/debian unstable/main amd64 libgraphite2-3 amd64 1.3.8-1 [76.4 kB]
Get:94 http://127.0.0.1:9999/debian unstable/main amd64 libharfbuzz0b amd64 1.2.7-1+b1 [612 kB]
Get:95 http://127.0.0.1:9999/debian unstable/main amd64 libpangoft2-1.0-0 amd64 1.40.1-1 [236 kB]
Get:96 http://127.0.0.1:9999/debian unstable/main amd64 libpangocairo-1.0-0 amd64 1.40.1-1 [223 kB]
Get:97 http://127.0.0.1:9999/debian unstable/main amd64 libpathplan4 amd64 2.38.0-15 [62.6 kB]
Get:98 http://127.0.0.1:9999/debian unstable/main amd64 libxdot4 amd64 2.38.0-15 [55.4 kB]
Get:99 http://127.0.0.1:9999/debian unstable/main amd64 libgvc6 amd64 2.38.0-15 [637 kB]
Get:100 http://127.0.0.1:9999/debian unstable/main amd64 libgvpr2 amd64 2.38.0-15 [210 kB]
Get:101 http://127.0.0.1:9999/debian unstable/main amd64 libxt6 amd64 1:1.1.5-1 [188 kB]
Get:102 http://127.0.0.1:9999/debian unstable/main amd64 libxmu6 amd64 2:1.1.2-2 [60.3 kB]
Get:103 http://127.0.0.1:9999/debian unstable/main amd64 libxaw7 amd64 2:1.0.13-1 [200 kB]
Get:104 http://127.0.0.1:9999/debian unstable/main amd64 graphviz amd64 2.38.0-15 [733 kB]
Get:105 http://127.0.0.1:9999/debian unstable/main amd64 icu-devtools amd64 57.1-3 [172 kB]
Get:106 http://127.0.0.1:9999/debian unstable/main amd64 libboost1.61-dev amd64 1.61.0+dfsg-2.1 [6843 kB]
Get:107 http://127.0.0.1:9999/debian unstable/main amd64 libboost-dev amd64 1.61.0.2 [3746 B]
Get:108 http://127.0.0.1:9999/debian unstable/main amd64 libnghttp2-14 amd64 1.13.0-1 [79.4 kB]
Get:109 http://127.0.0.1:9999/debian unstable/main amd64 librtmp1 amd64 2.4+20151223.gitfa8646d.1-1 [60.0 kB]
Get:110 http://127.0.0.1:9999/debian unstable/main amd64 libssh2-1 amd64 1.7.0-1 [138 kB]
Get:111 http://127.0.0.1:9999/debian unstable/main amd64 libcurl3 amd64 7.50.1-1 [280 kB]
Get:112 http://127.0.0.1:9999/debian unstable/main amd64 libcurl4-openssl-dev amd64 7.50.1-1 [362 kB]
Get:113 http://127.0.0.1:9999/debian unstable/main amd64 libicu-dev amd64 57.1-3 [16.3 MB]
Get:114 http://127.0.0.1:9999/debian unstable/main amd64 zlib1g-dev amd64 1:1.2.8.dfsg-2+b1 [206 kB]
Get:115 http://127.0.0.1:9999/debian unstable/main amd64 libssl-dev amd64 1.0.2h-1 [1544 kB]
Get:116 http://127.0.0.1:9999/debian unstable/main amd64 libxerces-c3.1 amd64 3.1.3+debian-2.1+b1 [851 kB]
Get:117 http://127.0.0.1:9999/debian unstable/main amd64 libxerces-c-dev amd64 3.1.3+debian-2.1+b1 [1619 kB]
Get:118 http://127.0.0.1:9999/debian unstable/main amd64 pkg-config amd64 0.29-4 [62.5 kB]
Get:119 http://127.0.0.1:9999/debian unstable/main amd64 liblog4shib1v5 amd64 1.0.9-3 [80.1 kB]
Get:120 http://127.0.0.1:9999/debian unstable/main amd64 liblog4shib-dev amd64 1.0.9-3 [48.3 kB]
Get:121 http://127.0.0.1:9999/debian unstable/main amd64 libxml-security-c17v5 amd64 1.7.3-3 [266 kB]
Get:122 http://127.0.0.1:9999/debian unstable/main amd64 libxml-security-c-dev amd64 1.7.3-3 [112 kB]
Get:123 http://127.0.0.1:9999/debian unstable/main amd64 libxmltooling6v5 amd64 1.5.6-2 [572 kB]
Get:124 http://127.0.0.1:9999/debian unstable/main amd64 libxmltooling-dev amd64 1.5.6-2 [72.9 kB]
debconf: delaying package configuration, since apt-utils is not installed
Fetched 84.8 MB in 9s (9102 kB/s)
Selecting previously unselected package groff-base.
(Reading database ... 9775 files and directories currently installed.)
Preparing to unpack .../000-groff-base_1.22.3-8_amd64.deb ...
Unpacking groff-base (1.22.3-8) ...
Selecting previously unselected package bsdmainutils.
Preparing to unpack .../001-bsdmainutils_9.0.10_amd64.deb ...
Unpacking bsdmainutils (9.0.10) ...
Selecting previously unselected package libpipeline1:amd64.
Preparing to unpack .../002-libpipeline1_1.4.1-2_amd64.deb ...
Unpacking libpipeline1:amd64 (1.4.1-2) ...
Selecting previously unselected package man-db.
Preparing to unpack .../003-man-db_2.7.5-1_amd64.deb ...
Unpacking man-db (2.7.5-1) ...
Selecting previously unselected package autoconf-archive.
Preparing to unpack .../004-autoconf-archive_20150925-1_all.deb ...
Unpacking autoconf-archive (20150925-1) ...
Selecting previously unselected package libexpat1:amd64.
Preparing to unpack .../005-libexpat1_2.2.0-1_amd64.deb ...
Unpacking libexpat1:amd64 (2.2.0-1) ...
Selecting previously unselected package libpng16-16:amd64.
Preparing to unpack .../006-libpng16-16_1.6.24-2_amd64.deb ...
Unpacking libpng16-16:amd64 (1.6.24-2) ...
Selecting previously unselected package libfreetype6:amd64.
Preparing to unpack .../007-libfreetype6_2.6.3-3+b1_amd64.deb ...
Unpacking libfreetype6:amd64 (2.6.3-3+b1) ...
Selecting previously unselected package ucf.
Preparing to unpack .../008-ucf_3.0036_all.deb ...
Moving old data out of the way
Unpacking ucf (3.0036) ...
Selecting previously unselected package fonts-dejavu-core.
Preparing to unpack .../009-fonts-dejavu-core_2.37-1_all.deb ...
Unpacking fonts-dejavu-core (2.37-1) ...
Selecting previously unselected package fontconfig-config.
Preparing to unpack .../010-fontconfig-config_2.11.0-6.7_all.deb ...
Unpacking fontconfig-config (2.11.0-6.7) ...
Selecting previously unselected package libfontconfig1:amd64.
Preparing to unpack .../011-libfontconfig1_2.11.0-6.7_amd64.deb ...
Unpacking libfontconfig1:amd64 (2.11.0-6.7) ...
Selecting previously unselected package fontconfig.
Preparing to unpack .../012-fontconfig_2.11.0-6.7_amd64.deb ...
Unpacking fontconfig (2.11.0-6.7) ...
Selecting previously unselected package libglib2.0-0:amd64.
Preparing to unpack .../013-libglib2.0-0_2.48.1-3_amd64.deb ...
Unpacking libglib2.0-0:amd64 (2.48.1-3) ...
Selecting previously unselected package libgts-0.7-5:amd64.
Preparing to unpack .../014-libgts-0.7-5_0.7.6+darcs121130-1.2_amd64.deb ...
Unpacking libgts-0.7-5:amd64 (0.7.6+darcs121130-1.2) ...
Selecting previously unselected package lsb-base.
Preparing to unpack .../015-lsb-base_9.20160629_all.deb ...
Unpacking lsb-base (9.20160629) ...
Selecting previously unselected package x11-common.
Preparing to unpack .../016-x11-common_1%3a7.7+16_all.deb ...
Unpacking x11-common (1:7.7+16) ...
Selecting previously unselected package libice6:amd64.
Preparing to unpack .../017-libice6_2%3a1.0.9-1+b1_amd64.deb ...
Unpacking libice6:amd64 (2:1.0.9-1+b1) ...
Selecting previously unselected package libsm6:amd64.
Preparing to unpack .../018-libsm6_2%3a1.2.2-1+b1_amd64.deb ...
Unpacking libsm6:amd64 (2:1.2.2-1+b1) ...
Selecting previously unselected package libxau6:amd64.
Preparing to unpack .../019-libxau6_1%3a1.0.8-1_amd64.deb ...
Unpacking libxau6:amd64 (1:1.0.8-1) ...
Selecting previously unselected package libxdmcp6:amd64.
Preparing to unpack .../020-libxdmcp6_1%3a1.1.2-1.1_amd64.deb ...
Unpacking libxdmcp6:amd64 (1:1.1.2-1.1) ...
Selecting previously unselected package libxcb1:amd64.
Preparing to unpack .../021-libxcb1_1.11.1-1.1_amd64.deb ...
Unpacking libxcb1:amd64 (1.11.1-1.1) ...
Selecting previously unselected package libx11-data.
Preparing to unpack .../022-libx11-data_2%3a1.6.3-1_all.deb ...
Unpacking libx11-data (2:1.6.3-1) ...
Selecting previously unselected package libx11-6:amd64.
Preparing to unpack .../023-libx11-6_2%3a1.6.3-1_amd64.deb ...
Unpacking libx11-6:amd64 (2:1.6.3-1) ...
Selecting previously unselected package libxext6:amd64.
Preparing to unpack .../024-libxext6_2%3a1.3.3-1_amd64.deb ...
Unpacking libxext6:amd64 (2:1.3.3-1) ...
Selecting previously unselected package libxpm4:amd64.
Preparing to unpack .../025-libxpm4_1%3a3.5.11-1+b1_amd64.deb ...
Unpacking libxpm4:amd64 (1:3.5.11-1+b1) ...
Selecting previously unselected package libjbig0:amd64.
Preparing to unpack .../026-libjbig0_2.1-3.1_amd64.deb ...
Unpacking libjbig0:amd64 (2.1-3.1) ...
Selecting previously unselected package gcc-5-base:amd64.
Preparing to unpack .../027-gcc-5-base_5.4.1-1_amd64.deb ...
Unpacking gcc-5-base:amd64 (5.4.1-1) ...
Selecting previously unselected package libssl1.0.2:amd64.
Preparing to unpack .../028-libssl1.0.2_1.0.2h-1_amd64.deb ...
Unpacking libssl1.0.2:amd64 (1.0.2h-1) ...
Selecting previously unselected package libmagic-mgc.
Preparing to unpack .../029-libmagic-mgc_1%3a5.28-4_amd64.deb ...
Unpacking libmagic-mgc (1:5.28-4) ...
Selecting previously unselected package libmagic1:amd64.
Preparing to unpack .../030-libmagic1_1%3a5.28-4_amd64.deb ...
Unpacking libmagic1:amd64 (1:5.28-4) ...
Selecting previously unselected package file.
Preparing to unpack .../031-file_1%3a5.28-4_amd64.deb ...
Unpacking file (1:5.28-4) ...
Selecting previously unselected package gettext-base.
Preparing to unpack .../032-gettext-base_0.19.8.1-1_amd64.deb ...
Unpacking gettext-base (0.19.8.1-1) ...
Selecting previously unselected package libnettle6:amd64.
Preparing to unpack .../033-libnettle6_3.2-1_amd64.deb ...
Unpacking libnettle6:amd64 (3.2-1) ...
Selecting previously unselected package libhogweed4:amd64.
Preparing to unpack .../034-libhogweed4_3.2-1_amd64.deb ...
Unpacking libhogweed4:amd64 (3.2-1) ...
Selecting previously unselected package libidn11:amd64.
Preparing to unpack .../035-libidn11_1.33-1_amd64.deb ...
Unpacking libidn11:amd64 (1.33-1) ...
Selecting previously unselected package libp11-kit0:amd64.
Preparing to unpack .../036-libp11-kit0_0.23.2-5_amd64.deb ...
Unpacking libp11-kit0:amd64 (0.23.2-5) ...
Selecting previously unselected package libtasn1-6:amd64.
Preparing to unpack .../037-libtasn1-6_4.9-4_amd64.deb ...
Unpacking libtasn1-6:amd64 (4.9-4) ...
Selecting previously unselected package libgnutls30:amd64.
Preparing to unpack .../038-libgnutls30_3.5.3-3_amd64.deb ...
Unpacking libgnutls30:amd64 (3.5.3-3) ...
Selecting previously unselected package libkeyutils1:amd64.
Preparing to unpack .../039-libkeyutils1_1.5.9-9_amd64.deb ...
Unpacking libkeyutils1:amd64 (1.5.9-9) ...
Selecting previously unselected package libkrb5support0:amd64.
Preparing to unpack .../040-libkrb5support0_1.14.3+dfsg-1_amd64.deb ...
Unpacking libkrb5support0:amd64 (1.14.3+dfsg-1) ...
Selecting previously unselected package libk5crypto3:amd64.
Preparing to unpack .../041-libk5crypto3_1.14.3+dfsg-1_amd64.deb ...
Unpacking libk5crypto3:amd64 (1.14.3+dfsg-1) ...
Selecting previously unselected package libkrb5-3:amd64.
Preparing to unpack .../042-libkrb5-3_1.14.3+dfsg-1_amd64.deb ...
Unpacking libkrb5-3:amd64 (1.14.3+dfsg-1) ...
Selecting previously unselected package libgssapi-krb5-2:amd64.
Preparing to unpack .../043-libgssapi-krb5-2_1.14.3+dfsg-1_amd64.deb ...
Unpacking libgssapi-krb5-2:amd64 (1.14.3+dfsg-1) ...
Selecting previously unselected package libsasl2-modules-db:amd64.
Preparing to unpack .../044-libsasl2-modules-db_2.1.26.dfsg1-15_amd64.deb ...
Unpacking libsasl2-modules-db:amd64 (2.1.26.dfsg1-15) ...
Selecting previously unselected package libsasl2-2:amd64.
Preparing to unpack .../045-libsasl2-2_2.1.26.dfsg1-15_amd64.deb ...
Unpacking libsasl2-2:amd64 (2.1.26.dfsg1-15) ...
Selecting previously unselected package libldap-2.4-2:amd64.
Preparing to unpack .../046-libldap-2.4-2_2.4.42+dfsg-2+b2_amd64.deb ...
Unpacking libldap-2.4-2:amd64 (2.4.42+dfsg-2+b2) ...
Selecting previously unselected package libicu57:amd64.
Preparing to unpack .../047-libicu57_57.1-3_amd64.deb ...
Unpacking libicu57:amd64 (57.1-3) ...
Selecting previously unselected package libxml2:amd64.
Preparing to unpack .../048-libxml2_2.9.4+dfsg1-1+b1_amd64.deb ...
Unpacking libxml2:amd64 (2.9.4+dfsg1-1+b1) ...
Selecting previously unselected package libsigsegv2:amd64.
Preparing to unpack .../049-libsigsegv2_2.10-5_amd64.deb ...
Unpacking libsigsegv2:amd64 (2.10-5) ...
Selecting previously unselected package m4.
Preparing to unpack .../050-m4_1.4.17-5_amd64.deb ...
Unpacking m4 (1.4.17-5) ...
Selecting previously unselected package autoconf.
Preparing to unpack .../051-autoconf_2.69-10_all.deb ...
Unpacking autoconf (2.69-10) ...
Selecting previously unselected package autotools-dev.
Preparing to unpack .../052-autotools-dev_20160430.1_all.deb ...
Unpacking autotools-dev (20160430.1) ...
Selecting previously unselected package automake.
Preparing to unpack .../053-automake_1%3a1.15-4_all.deb ...
Unpacking automake (1:1.15-4) ...
Selecting previously unselected package autopoint.
Preparing to unpack .../054-autopoint_0.19.8.1-1_all.deb ...
Unpacking autopoint (0.19.8.1-1) ...
Selecting previously unselected package libcroco3:amd64.
Preparing to unpack .../055-libcroco3_0.6.11-1_amd64.deb ...
Unpacking libcroco3:amd64 (0.6.11-1) ...
Selecting previously unselected package libunistring0:amd64.
Preparing to unpack .../056-libunistring0_0.9.6+really0.9.3-0.1_amd64.deb ...
Unpacking libunistring0:amd64 (0.9.6+really0.9.3-0.1) ...
Selecting previously unselected package gettext.
Preparing to unpack .../057-gettext_0.19.8.1-1_amd64.deb ...
Unpacking gettext (0.19.8.1-1) ...
Selecting previously unselected package intltool-debian.
Preparing to unpack .../058-intltool-debian_0.35.0+20060710.4_all.deb ...
Unpacking intltool-debian (0.35.0+20060710.4) ...
Selecting previously unselected package po-debconf.
Preparing to unpack .../059-po-debconf_1.0.19_all.deb ...
Unpacking po-debconf (1.0.19) ...
Selecting previously unselected package libarchive-zip-perl.
Preparing to unpack .../060-libarchive-zip-perl_1.59-1_all.deb ...
Unpacking libarchive-zip-perl (1.59-1) ...
Selecting previously unselected package libfile-stripnondeterminism-perl.
Preparing to unpack .../061-libfile-stripnondeterminism-perl_0.023-2_all.deb ...
Unpacking libfile-stripnondeterminism-perl (0.023-2) ...
Selecting previously unselected package libtimedate-perl.
Preparing to unpack .../062-libtimedate-perl_2.3000-2_all.deb ...
Unpacking libtimedate-perl (2.3000-2) ...
Selecting previously unselected package dh-strip-nondeterminism.
Preparing to unpack .../063-dh-strip-nondeterminism_0.023-2_all.deb ...
Unpacking dh-strip-nondeterminism (0.023-2) ...
Selecting previously unselected package libtool.
Preparing to unpack .../064-libtool_2.4.6-2_all.deb ...
Unpacking libtool (2.4.6-2) ...
Selecting previously unselected package dh-autoreconf.
Preparing to unpack .../065-dh-autoreconf_12_all.deb ...
Unpacking dh-autoreconf (12) ...
Selecting previously unselected package debhelper.
Preparing to unpack .../066-debhelper_9.20160814_all.deb ...
Unpacking debhelper (9.20160814) ...
Selecting previously unselected package libllvm3.6v5:amd64.
Preparing to unpack .../067-libllvm3.6v5_1%3a3.6.2-3_amd64.deb ...
Unpacking libllvm3.6v5:amd64 (1:3.6.2-3) ...
Selecting previously unselected package libasan2:amd64.
Preparing to unpack .../068-libasan2_5.4.1-1_amd64.deb ...
Unpacking libasan2:amd64 (5.4.1-1) ...
Selecting previously unselected package libmpx0:amd64.
Preparing to unpack .../069-libmpx0_5.4.1-1_amd64.deb ...
Unpacking libmpx0:amd64 (5.4.1-1) ...
Selecting previously unselected package libgcc-5-dev:amd64.
Preparing to unpack .../070-libgcc-5-dev_5.4.1-1_amd64.deb ...
Unpacking libgcc-5-dev:amd64 (5.4.1-1) ...
Selecting previously unselected package libstdc++-5-dev:amd64.
Preparing to unpack .../071-libstdc++-5-dev_5.4.1-1_amd64.deb ...
Unpacking libstdc++-5-dev:amd64 (5.4.1-1) ...
Selecting previously unselected package libobjc-5-dev:amd64.
Preparing to unpack .../072-libobjc-5-dev_5.4.1-1_amd64.deb ...
Unpacking libobjc-5-dev:amd64 (5.4.1-1) ...
Selecting previously unselected package libclang1-3.6:amd64.
Preparing to unpack .../073-libclang1-3.6_1%3a3.6.2-3_amd64.deb ...
Unpacking libclang1-3.6:amd64 (1:3.6.2-3) ...
Selecting previously unselected package doxygen.
Preparing to unpack .../074-doxygen_1.8.11-3_amd64.deb ...
Unpacking doxygen (1.8.11-3) ...
Selecting previously unselected package libcdt5.
Preparing to unpack .../075-libcdt5_2.38.0-15_amd64.deb ...
Unpacking libcdt5 (2.38.0-15) ...
Selecting previously unselected package libcgraph6.
Preparing to unpack .../076-libcgraph6_2.38.0-15_amd64.deb ...
Unpacking libcgraph6 (2.38.0-15) ...
Selecting previously unselected package libjpeg62-turbo:amd64.
Preparing to unpack .../077-libjpeg62-turbo_1%3a1.5.0-1_amd64.deb ...
Unpacking libjpeg62-turbo:amd64 (1:1.5.0-1) ...
Selecting previously unselected package libtiff5:amd64.
Preparing to unpack .../078-libtiff5_4.0.6-2_amd64.deb ...
Unpacking libtiff5:amd64 (4.0.6-2) ...
Selecting previously unselected package libwebp6:amd64.
Preparing to unpack .../079-libwebp6_0.5.1-2_amd64.deb ...
Unpacking libwebp6:amd64 (0.5.1-2) ...
Selecting previously unselected package libgd3:amd64.
Preparing to unpack .../080-libgd3_2.2.3-3+b1_amd64.deb ...
Unpacking libgd3:amd64 (2.2.3-3+b1) ...
Selecting previously unselected package libpixman-1-0:amd64.
Preparing to unpack .../081-libpixman-1-0_0.33.6-1_amd64.deb ...
Unpacking libpixman-1-0:amd64 (0.33.6-1) ...
Selecting previously unselected package libxcb-render0:amd64.
Preparing to unpack .../082-libxcb-render0_1.11.1-1.1_amd64.deb ...
Unpacking libxcb-render0:amd64 (1.11.1-1.1) ...
Selecting previously unselected package libxcb-shm0:amd64.
Preparing to unpack .../083-libxcb-shm0_1.11.1-1.1_amd64.deb ...
Unpacking libxcb-shm0:amd64 (1.11.1-1.1) ...
Selecting previously unselected package libxrender1:amd64.
Preparing to unpack .../084-libxrender1_1%3a0.9.9-2_amd64.deb ...
Unpacking libxrender1:amd64 (1:0.9.9-2) ...
Selecting previously unselected package libcairo2:amd64.
Preparing to unpack .../085-libcairo2_1.14.6-1+b1_amd64.deb ...
Unpacking libcairo2:amd64 (1.14.6-1+b1) ...
Selecting previously unselected package libltdl7:amd64.
Preparing to unpack .../086-libltdl7_2.4.6-2_amd64.deb ...
Unpacking libltdl7:amd64 (2.4.6-2) ...
Selecting previously unselected package libthai-data.
Preparing to unpack .../087-libthai-data_0.1.25-1_all.deb ...
Unpacking libthai-data (0.1.25-1) ...
Selecting previously unselected package libdatrie1:amd64.
Preparing to unpack .../088-libdatrie1_0.2.10-2_amd64.deb ...
Unpacking libdatrie1:amd64 (0.2.10-2) ...
Selecting previously unselected package libthai0:amd64.
Preparing to unpack .../089-libthai0_0.1.25-1_amd64.deb ...
Unpacking libthai0:amd64 (0.1.25-1) ...
Selecting previously unselected package libpango-1.0-0:amd64.
Preparing to unpack .../090-libpango-1.0-0_1.40.1-1_amd64.deb ...
Unpacking libpango-1.0-0:amd64 (1.40.1-1) ...
Selecting previously unselected package libgraphite2-3:amd64.
Preparing to unpack .../091-libgraphite2-3_1.3.8-1_amd64.deb ...
Unpacking libgraphite2-3:amd64 (1.3.8-1) ...
Selecting previously unselected package libharfbuzz0b:amd64.
Preparing to unpack .../092-libharfbuzz0b_1.2.7-1+b1_amd64.deb ...
Unpacking libharfbuzz0b:amd64 (1.2.7-1+b1) ...
Selecting previously unselected package libpangoft2-1.0-0:amd64.
Preparing to unpack .../093-libpangoft2-1.0-0_1.40.1-1_amd64.deb ...
Unpacking libpangoft2-1.0-0:amd64 (1.40.1-1) ...
Selecting previously unselected package libpangocairo-1.0-0:amd64.
Preparing to unpack .../094-libpangocairo-1.0-0_1.40.1-1_amd64.deb ...
Unpacking libpangocairo-1.0-0:amd64 (1.40.1-1) ...
Selecting previously unselected package libpathplan4.
Preparing to unpack .../095-libpathplan4_2.38.0-15_amd64.deb ...
Unpacking libpathplan4 (2.38.0-15) ...
Selecting previously unselected package libxdot4.
Preparing to unpack .../096-libxdot4_2.38.0-15_amd64.deb ...
Unpacking libxdot4 (2.38.0-15) ...
Selecting previously unselected package libgvc6.
Preparing to unpack .../097-libgvc6_2.38.0-15_amd64.deb ...
Unpacking libgvc6 (2.38.0-15) ...
Selecting previously unselected package libgvpr2.
Preparing to unpack .../098-libgvpr2_2.38.0-15_amd64.deb ...
Unpacking libgvpr2 (2.38.0-15) ...
Selecting previously unselected package libxt6:amd64.
Preparing to unpack .../099-libxt6_1%3a1.1.5-1_amd64.deb ...
Unpacking libxt6:amd64 (1:1.1.5-1) ...
Selecting previously unselected package libxmu6:amd64.
Preparing to unpack .../100-libxmu6_2%3a1.1.2-2_amd64.deb ...
Unpacking libxmu6:amd64 (2:1.1.2-2) ...
Selecting previously unselected package libxaw7:amd64.
Preparing to unpack .../101-libxaw7_2%3a1.0.13-1_amd64.deb ...
Unpacking libxaw7:amd64 (2:1.0.13-1) ...
Selecting previously unselected package graphviz.
Preparing to unpack .../102-graphviz_2.38.0-15_amd64.deb ...
Unpacking graphviz (2.38.0-15) ...
Selecting previously unselected package icu-devtools.
Preparing to unpack .../103-icu-devtools_57.1-3_amd64.deb ...
Unpacking icu-devtools (57.1-3) ...
Selecting previously unselected package libboost1.61-dev:amd64.
Preparing to unpack .../104-libboost1.61-dev_1.61.0+dfsg-2.1_amd64.deb ...
Unpacking libboost1.61-dev:amd64 (1.61.0+dfsg-2.1) ...
Selecting previously unselected package libboost-dev:amd64.
Preparing to unpack .../105-libboost-dev_1.61.0.2_amd64.deb ...
Unpacking libboost-dev:amd64 (1.61.0.2) ...
Selecting previously unselected package libnghttp2-14:amd64.
Preparing to unpack .../106-libnghttp2-14_1.13.0-1_amd64.deb ...
Unpacking libnghttp2-14:amd64 (1.13.0-1) ...
Selecting previously unselected package librtmp1:amd64.
Preparing to unpack .../107-librtmp1_2.4+20151223.gitfa8646d.1-1_amd64.deb ...
Unpacking librtmp1:amd64 (2.4+20151223.gitfa8646d.1-1) ...
Selecting previously unselected package libssh2-1:amd64.
Preparing to unpack .../108-libssh2-1_1.7.0-1_amd64.deb ...
Unpacking libssh2-1:amd64 (1.7.0-1) ...
Selecting previously unselected package libcurl3:amd64.
Preparing to unpack .../109-libcurl3_7.50.1-1_amd64.deb ...
Unpacking libcurl3:amd64 (7.50.1-1) ...
Selecting previously unselected package libcurl4-openssl-dev:amd64.
Preparing to unpack .../110-libcurl4-openssl-dev_7.50.1-1_amd64.deb ...
Unpacking libcurl4-openssl-dev:amd64 (7.50.1-1) ...
Selecting previously unselected package libicu-dev.
Preparing to unpack .../111-libicu-dev_57.1-3_amd64.deb ...
Unpacking libicu-dev (57.1-3) ...
Selecting previously unselected package zlib1g-dev:amd64.
Preparing to unpack .../112-zlib1g-dev_1%3a1.2.8.dfsg-2+b1_amd64.deb ...
Unpacking zlib1g-dev:amd64 (1:1.2.8.dfsg-2+b1) ...
Selecting previously unselected package libssl-dev:amd64.
Preparing to unpack .../113-libssl-dev_1.0.2h-1_amd64.deb ...
Unpacking libssl-dev:amd64 (1.0.2h-1) ...
Selecting previously unselected package libxerces-c3.1:amd64.
Preparing to unpack .../114-libxerces-c3.1_3.1.3+debian-2.1+b1_amd64.deb ...
Unpacking libxerces-c3.1:amd64 (3.1.3+debian-2.1+b1) ...
Selecting previously unselected package libxerces-c-dev.
Preparing to unpack .../115-libxerces-c-dev_3.1.3+debian-2.1+b1_amd64.deb ...
Unpacking libxerces-c-dev (3.1.3+debian-2.1+b1) ...
Selecting previously unselected package pkg-config.
Preparing to unpack .../116-pkg-config_0.29-4_amd64.deb ...
Unpacking pkg-config (0.29-4) ...
Selecting previously unselected package liblog4shib1v5:amd64.
Preparing to unpack .../117-liblog4shib1v5_1.0.9-3_amd64.deb ...
Unpacking liblog4shib1v5:amd64 (1.0.9-3) ...
Selecting previously unselected package liblog4shib-dev.
Preparing to unpack .../118-liblog4shib-dev_1.0.9-3_amd64.deb ...
Unpacking liblog4shib-dev (1.0.9-3) ...
Selecting previously unselected package libxml-security-c17v5:amd64.
Preparing to unpack .../119-libxml-security-c17v5_1.7.3-3_amd64.deb ...
Unpacking libxml-security-c17v5:amd64 (1.7.3-3) ...
Selecting previously unselected package libxml-security-c-dev:amd64.
Preparing to unpack .../120-libxml-security-c-dev_1.7.3-3_amd64.deb ...
Unpacking libxml-security-c-dev:amd64 (1.7.3-3) ...
Selecting previously unselected package libxmltooling6v5:amd64.
Preparing to unpack .../121-libxmltooling6v5_1.5.6-2_amd64.deb ...
Unpacking libxmltooling6v5:amd64 (1.5.6-2) ...
Selecting previously unselected package libxmltooling-dev:amd64.
Preparing to unpack .../122-libxmltooling-dev_1.5.6-2_amd64.deb ...
Unpacking libxmltooling-dev:amd64 (1.5.6-2) ...
Selecting previously unselected package sbuild-build-depends-opensaml2-dummy.
Preparing to unpack .../123-sbuild-build-depends-opensaml2-dummy_0.invalid.0_amd64.deb ...
Unpacking sbuild-build-depends-opensaml2-dummy (0.invalid.0) ...
Setting up libnettle6:amd64 (3.2-1) ...
Setting up libpathplan4 (2.38.0-15) ...
Setting up libexpat1:amd64 (2.2.0-1) ...
Setting up libxdot4 (2.38.0-15) ...
Setting up libjpeg62-turbo:amd64 (1:1.5.0-1) ...
Setting up libarchive-zip-perl (1.59-1) ...
Setting up libnghttp2-14:amd64 (1.13.0-1) ...
Setting up libpng16-16:amd64 (1.6.24-2) ...
Setting up libtimedate-perl (2.3000-2) ...
Setting up libjbig0:amd64 (2.1-3.1) ...
Setting up libsigsegv2:amd64 (2.10-5) ...
Setting up fonts-dejavu-core (2.37-1) ...
Setting up groff-base (1.22.3-8) ...
Setting up libglib2.0-0:amd64 (2.48.1-3) ...
No schema files found: doing nothing.
Setting up libsasl2-modules-db:amd64 (2.1.26.dfsg1-15) ...
Setting up libsasl2-2:amd64 (2.1.26.dfsg1-15) ...
Setting up libdatrie1:amd64 (0.2.10-2) ...
Setting up libtiff5:amd64 (4.0.6-2) ...
Setting up gettext-base (0.19.8.1-1) ...
Setting up libpipeline1:amd64 (1.4.1-2) ...
Setting up m4 (1.4.17-5) ...
Setting up libicu57:amd64 (57.1-3) ...
Setting up libboost1.61-dev:amd64 (1.61.0+dfsg-2.1) ...
Setting up ucf (3.0036) ...
Setting up libxml2:amd64 (2.9.4+dfsg1-1+b1) ...
Setting up libfreetype6:amd64 (2.6.3-3+b1) ...
Setting up libtasn1-6:amd64 (4.9-4) ...
Setting up libmagic-mgc (1:5.28-4) ...
Setting up libmagic1:amd64 (1:5.28-4) ...
Setting up libhogweed4:amd64 (3.2-1) ...
Setting up lsb-base (9.20160629) ...
Setting up libgraphite2-3:amd64 (1.3.8-1) ...
Setting up libcroco3:amd64 (0.6.11-1) ...
Setting up libssl1.0.2:amd64 (1.0.2h-1) ...
Setting up pkg-config (0.29-4) ...
Setting up libpixman-1-0:amd64 (0.33.6-1) ...
Setting up autoconf-archive (20150925-1) ...
Setting up libssh2-1:amd64 (1.7.0-1) ...
Setting up liblog4shib1v5:amd64 (1.0.9-3) ...
Processing triggers for libc-bin (2.23-5) ...
Setting up autotools-dev (20160430.1) ...
Setting up libunistring0:amd64 (0.9.6+really0.9.3-0.1) ...
Setting up libp11-kit0:amd64 (0.23.2-5) ...
Setting up libltdl7:amd64 (2.4.6-2) ...
Setting up icu-devtools (57.1-3) ...
Setting up libboost-dev:amd64 (1.61.0.2) ...
Setting up libthai-data (0.1.25-1) ...
Setting up libxdmcp6:amd64 (1:1.1.2-1.1) ...
Setting up libkeyutils1:amd64 (1.5.9-9) ...
Setting up bsdmainutils (9.0.10) ...
update-alternatives: using /usr/bin/bsd-write to provide /usr/bin/write (write) in auto mode
update-alternatives: using /usr/bin/bsd-from to provide /usr/bin/from (from) in auto mode
Setting up x11-common (1:7.7+16) ...
update-rc.d: warning: start and stop actions are no longer supported; falling back to defaults
invoke-rc.d: could not determine current runlevel
All runlevel operations denied by policy
invoke-rc.d: policy-rc.d denied execution of start.
Setting up libcdt5 (2.38.0-15) ...
Setting up libx11-data (2:1.6.3-1) ...
Setting up libxau6:amd64 (1:1.0.8-1) ...
Setting up autopoint (0.19.8.1-1) ...
Setting up libidn11:amd64 (1.33-1) ...
Setting up gcc-5-base:amd64 (5.4.1-1) ...
Setting up libllvm3.6v5:amd64 (1:3.6.2-3) ...
Setting up libcgraph6 (2.38.0-15) ...
Setting up libwebp6:amd64 (0.5.1-2) ...
Setting up zlib1g-dev:amd64 (1:1.2.8.dfsg-2+b1) ...
Setting up libfile-stripnondeterminism-perl (0.023-2) ...
Setting up libgts-0.7-5:amd64 (0.7.6+darcs121130-1.2) ...
Setting up libxerces-c3.1:amd64 (3.1.3+debian-2.1+b1) ...
Setting up fontconfig-config (2.11.0-6.7) ...
Setting up libmpx0:amd64 (5.4.1-1) ...
Setting up liblog4shib-dev (1.0.9-3) ...
Setting up gettext (0.19.8.1-1) ...
Setting up libgvpr2 (2.38.0-15) ...
Setting up libssl-dev:amd64 (1.0.2h-1) ...
Setting up libxml-security-c17v5:amd64 (1.7.3-3) ...
Setting up libgnutls30:amd64 (3.5.3-3) ...
Setting up libasan2:amd64 (5.4.1-1) ...
Setting up libharfbuzz0b:amd64 (1.2.7-1+b1) ...
Setting up autoconf (2.69-10) ...
Setting up libthai0:amd64 (0.1.25-1) ...
Setting up librtmp1:amd64 (2.4+20151223.gitfa8646d.1-1) ...
Setting up libicu-dev (57.1-3) ...
Setting up file (1:5.28-4) ...
Setting up libkrb5support0:amd64 (1.14.3+dfsg-1) ...
Setting up intltool-debian (0.35.0+20060710.4) ...
Setting up libldap-2.4-2:amd64 (2.4.42+dfsg-2+b2) ...
Setting up libgcc-5-dev:amd64 (5.4.1-1) ...
Setting up automake (1:1.15-4) ...
update-alternatives: using /usr/bin/automake-1.15 to provide /usr/bin/automake (automake) in auto mode
Setting up libice6:amd64 (2:1.0.9-1+b1) ...
Setting up man-db (2.7.5-1) ...
Not building database; man-db/auto-update is not 'true'.
Setting up libxcb1:amd64 (1.11.1-1.1) ...
Setting up libstdc++-5-dev:amd64 (5.4.1-1) ...
Setting up libobjc-5-dev:amd64 (5.4.1-1) ...
Setting up libtool (2.4.6-2) ...
Setting up libfontconfig1:amd64 (2.11.0-6.7) ...
Setting up libsm6:amd64 (2:1.2.2-1+b1) ...
Setting up libk5crypto3:amd64 (1.14.3+dfsg-1) ...
Setting up libxerces-c-dev (3.1.3+debian-2.1+b1) ...
Setting up libxcb-render0:amd64 (1.11.1-1.1) ...
Setting up libxml-security-c-dev:amd64 (1.7.3-3) ...
Setting up po-debconf (1.0.19) ...
Setting up libx11-6:amd64 (2:1.6.3-1) ...
Setting up libclang1-3.6:amd64 (1:3.6.2-3) ...
Setting up libxcb-shm0:amd64 (1.11.1-1.1) ...
Setting up libxpm4:amd64 (1:3.5.11-1+b1) ...
Setting up libxt6:amd64 (1:1.1.5-1) ...
Setting up libxrender1:amd64 (1:0.9.9-2) ...
Setting up libkrb5-3:amd64 (1.14.3+dfsg-1) ...
Setting up fontconfig (2.11.0-6.7) ...
Regenerating fonts cache... done.
Setting up libxext6:amd64 (2:1.3.3-1) ...
Setting up doxygen (1.8.11-3) ...
Setting up libgd3:amd64 (2.2.3-3+b1) ...
Setting up libxmu6:amd64 (2:1.1.2-2) ...
Setting up libgssapi-krb5-2:amd64 (1.14.3+dfsg-1) ...
Setting up libpango-1.0-0:amd64 (1.40.1-1) ...
Setting up libxaw7:amd64 (2:1.0.13-1) ...
Setting up libcairo2:amd64 (1.14.6-1+b1) ...
Setting up libcurl3:amd64 (7.50.1-1) ...
Setting up libpangoft2-1.0-0:amd64 (1.40.1-1) ...
Setting up libxmltooling6v5:amd64 (1.5.6-2) ...
Setting up libcurl4-openssl-dev:amd64 (7.50.1-1) ...
Setting up libxmltooling-dev:amd64 (1.5.6-2) ...
Setting up libpangocairo-1.0-0:amd64 (1.40.1-1) ...
Setting up libgvc6 (2.38.0-15) ...
Setting up graphviz (2.38.0-15) ...
Setting up dh-strip-nondeterminism (0.023-2) ...
Setting up dh-autoreconf (12) ...
Setting up debhelper (9.20160814) ...
Setting up sbuild-build-depends-opensaml2-dummy (0.invalid.0) ...
Processing triggers for libc-bin (2.23-5) ...
W: No sandbox user '_apt' on the system, can not drop privileges

+------------------------------------------------------------------------------+
| Build environment                                                            |
+------------------------------------------------------------------------------+

Kernel: Linux 3.16.0-4-amd64 amd64 (x86_64)
Toolchain package versions: binutils_2.27-6 dpkg-dev_1.18.10 g++-6_6.2.0-1 gcc-6_6.2.0-1 libc6-dev_2.23-5 libstdc++-5-dev_5.4.1-1 libstdc++-6-dev_6.2.0-1 libstdc++6_6.2.0-1 linux-libc-dev_4.7.2-1
Package versions: adduser_3.115 apt_1.3~rc2 autoconf_2.69-10 autoconf-archive_20150925-1 automake_1:1.15-4 autopoint_0.19.8.1-1 autotools-dev_20160430.1 base-files_9.6 base-passwd_3.5.40 bash_4.3-15 binutils_2.27-6 bsdmainutils_9.0.10 bsdutils_1:2.28.1-1 build-essential_12.2 bzip2_1.0.6-8 clang-3.8_1:3.8.1-9 coreutils_8.25-2 cpp_4:6.1.1-1 cpp-6_6.2.0-1 dash_0.5.8-2.3 debconf_1.5.59 debfoster_2.7-2.1 debhelper_9.20160814 debian-archive-keyring_2014.3 debianutils_4.8 dh-autoreconf_12 dh-strip-nondeterminism_0.023-2 diffutils_1:3.3-3 doxygen_1.8.11-3 dpkg_1.18.10 dpkg-dev_1.18.10 e2fslibs_1.43.1-1 e2fsprogs_1.43.1-1 eatmydata_105-3 fakeroot_1.21-1 file_1:5.28-4 findutils_4.6.0+git+20160703-2 fontconfig_2.11.0-6.7 fontconfig-config_2.11.0-6.7 fonts-dejavu-core_2.37-1 g++_4:6.1.1-1 g++-6_6.2.0-1 gcc_4:6.1.1-1 gcc-5-base_5.4.1-1 gcc-6_6.2.0-1 gcc-6-base_6.2.0-1 gettext_0.19.8.1-1 gettext-base_0.19.8.1-1 gpgv_2.1.14-5 graphviz_2.38.0-15 grep_2.25-6 groff-base_1.22.3-8 gzip_1.6-5 hostname_3.18 icu-devtools_57.1-3 init-system-helpers_1.42 intltool-debian_0.35.0+20060710.4 libacl1_2.2.52-3 libapt-pkg5.0_1.3~rc2 libarchive-zip-perl_1.59-1 libasan2_5.4.1-1 libasan3_6.2.0-1 libatomic1_6.2.0-1 libattr1_1:2.4.47-2 libaudit-common_1:2.6.6-1 libaudit1_1:2.6.6-1 libblkid1_2.28.1-1 libboost-dev_1.61.0.2 libboost1.61-dev_1.61.0+dfsg-2.1 libbsd0_0.8.3-1 libbz2-1.0_1.0.6-8 libc-bin_2.23-5 libc-dev-bin_2.23-5 libc6_2.23-5 libc6-dev_2.23-5 libcairo2_1.14.6-1+b1 libcap-ng0_0.7.7-3 libcc1-0_6.2.0-1 libcdt5_2.38.0-15 libcgraph6_2.38.0-15 libcilkrts5_6.2.0-1 libclang-common-3.8-dev_1:3.8.1-9 libclang1-3.6_1:3.6.2-3 libclang1-3.8_1:3.8.1-9 libcomerr2_1.43.1-1 libcroco3_0.6.11-1 libcurl3_7.50.1-1 libcurl4-openssl-dev_7.50.1-1 libdatrie1_0.2.10-2 libdb5.3_5.3.28-12 libdebconfclient0_0.215 libdpkg-perl_1.18.10 libeatmydata1_105-3 libedit2_3.1-20150325-1+b1 libexpat1_2.2.0-1 libfakeroot_1.21-1 libfdisk1_2.28.1-1 libffi6_3.2.1-4 libfile-stripnondeterminism-perl_0.023-2 libfontconfig1_2.11.0-6.7 libfreetype6_2.6.3-3+b1 libgc1c2_1:7.4.2-8 libgcc-5-dev_5.4.1-1 libgcc-6-dev_6.2.0-1 libgcc1_1:6.2.0-1 libgcrypt20_1.7.3-1 libgd3_2.2.3-3+b1 libgdbm3_1.8.3-14 libglib2.0-0_2.48.1-3 libgmp10_2:6.1.1+dfsg-1 libgnutls30_3.5.3-3 libgomp1_6.2.0-1 libgpg-error0_1.24-1 libgraphite2-3_1.3.8-1 libgssapi-krb5-2_1.14.3+dfsg-1 libgts-0.7-5_0.7.6+darcs121130-1.2 libgvc6_2.38.0-15 libgvpr2_2.38.0-15 libharfbuzz0b_1.2.7-1+b1 libhogweed4_3.2-1 libice6_2:1.0.9-1+b1 libicu-dev_57.1-3 libicu57_57.1-3 libidn11_1.33-1 libisl15_0.17.1-1 libitm1_6.2.0-1 libjbig0_2.1-3.1 libjpeg62-turbo_1:1.5.0-1 libk5crypto3_1.14.3+dfsg-1 libkeyutils1_1.5.9-9 libkrb5-3_1.14.3+dfsg-1 libkrb5support0_1.14.3+dfsg-1 libldap-2.4-2_2.4.42+dfsg-2+b2 libllvm3.6v5_1:3.6.2-3 libllvm3.8_1:3.8.1-9 liblog4shib-dev_1.0.9-3 liblog4shib1v5_1.0.9-3 liblsan0_6.2.0-1 libltdl7_2.4.6-2 liblz4-1_0.0~r131-2 liblzma5_5.1.1alpha+20120614-2.1 libmagic-mgc_1:5.28-4 libmagic1_1:5.28-4 libmount1_2.28.1-1 libmpc3_1.0.3-1 libmpfr4_3.1.4-2 libmpx0_5.4.1-1 libmpx2_6.2.0-1 libncurses5_6.0+20160625-1 libncursesw5_6.0+20160625-1 libnettle6_3.2-1 libnghttp2-14_1.13.0-1 libobjc-5-dev_5.4.1-1 libobjc-6-dev_6.2.0-1 libobjc4_6.2.0-1 libp11-kit0_0.23.2-5 libpam-modules_1.1.8-3.3 libpam-modules-bin_1.1.8-3.3 libpam-runtime_1.1.8-3.3 libpam0g_1.1.8-3.3 libpango-1.0-0_1.40.1-1 libpangocairo-1.0-0_1.40.1-1 libpangoft2-1.0-0_1.40.1-1 libpathplan4_2.38.0-15 libpcre3_2:8.39-2 libperl5.22_5.22.2-3 libpipeline1_1.4.1-2 libpixman-1-0_0.33.6-1 libpng16-16_1.6.24-2 libquadmath0_6.2.0-1 librtmp1_2.4+20151223.gitfa8646d.1-1 libsasl2-2_2.1.26.dfsg1-15 libsasl2-modules-db_2.1.26.dfsg1-15 libselinux1_2.5-3 libsemanage-common_2.5-1 libsemanage1_2.5-1 libsepol1_2.5-1 libsigsegv2_2.10-5 libsm6_2:1.2.2-1+b1 libsmartcols1_2.28.1-1 libss2_1.43.1-1 libssh2-1_1.7.0-1 libssl-dev_1.0.2h-1 libssl1.0.2_1.0.2h-1 libstdc++-5-dev_5.4.1-1 libstdc++-6-dev_6.2.0-1 libstdc++6_6.2.0-1 libsystemd0_231-5 libtasn1-6_4.9-4 libthai-data_0.1.25-1 libthai0_0.1.25-1 libtiff5_4.0.6-2 libtimedate-perl_2.3000-2 libtinfo5_6.0+20160625-1 libtool_2.4.6-2 libtsan0_6.2.0-1 libubsan0_6.2.0-1 libudev1_231-5 libunistring0_0.9.6+really0.9.3-0.1 libustr-1.0-1_1.0.4-5 libuuid1_2.28.1-1 libwebp6_0.5.1-2 libx11-6_2:1.6.3-1 libx11-data_2:1.6.3-1 libxau6_1:1.0.8-1 libxaw7_2:1.0.13-1 libxcb-render0_1.11.1-1.1 libxcb-shm0_1.11.1-1.1 libxcb1_1.11.1-1.1 libxdmcp6_1:1.1.2-1.1 libxdot4_2.38.0-15 libxerces-c-dev_3.1.3+debian-2.1+b1 libxerces-c3.1_3.1.3+debian-2.1+b1 libxext6_2:1.3.3-1 libxml-security-c-dev_1.7.3-3 libxml-security-c17v5_1.7.3-3 libxml2_2.9.4+dfsg1-1+b1 libxmltooling-dev_1.5.6-2 libxmltooling6v5_1.5.6-2 libxmu6_2:1.1.2-2 libxpm4_1:3.5.11-1+b1 libxrender1_1:0.9.9-2 libxt6_1:1.1.5-1 linux-libc-dev_4.7.2-1 login_1:4.2-3.1 lsb-base_9.20160629 m4_1.4.17-5 make_4.1-9 man-db_2.7.5-1 mawk_1.3.3-17 mount_2.28.1-1 multiarch-support_2.23-5 ncurses-base_6.0+20160625-1 ncurses-bin_6.0+20160625-1 passwd_1:4.2-3.1 patch_2.7.5-1 perl_5.22.2-3 perl-base_5.22.2-3 perl-modules-5.22_5.22.2-3 pkg-config_0.29-4 po-debconf_1.0.19 sbuild-build-depends-core-dummy_0.invalid.0 sbuild-build-depends-opensaml2-dummy_0.invalid.0 sed_4.2.2-7.1 sensible-utils_0.0.9 sysvinit-utils_2.88dsf-59.8 tar_1.29b-1 ucf_3.0036 util-linux_2.28.1-1 x11-common_1:7.7+16 xz-utils_5.1.1alpha+20120614-2.1 zlib1g_1:1.2.8.dfsg-2+b1 zlib1g-dev_1:1.2.8.dfsg-2+b1

+------------------------------------------------------------------------------+
| Build                                                                        |
+------------------------------------------------------------------------------+


Unpack source
-------------

gpgv: unknown type of key resource 'trustedkeys.kbx'
gpgv: keyblock resource '/sbuild-nonexistent/.gnupg/trustedkeys.kbx': General error
gpgv: Signature made Sun Jan 17 17:45:29 2016 UTC using RSA key ID 
gpgv: Can't check signature: No public key
dpkg-source: warning: failed to verify signature on ./opensaml2_2.5.5-1.dsc
dpkg-source: info: extracting opensaml2 in /<<PKGBUILDDIR>>
dpkg-source: info: unpacking opensaml2_2.5.5.orig.tar.bz2
dpkg-source: info: unpacking opensaml2_2.5.5-1.debian.tar.xz
dpkg-source: info: applying Disable-forcing-of-libtool-silent.patch

Check disc space
----------------

Sufficient free space for build

User Environment
----------------

APT_CONFIG=/var/lib/sbuild/apt.conf
HOME=/sbuild-nonexistent
LC_ALL=POSIX
LOGNAME=user42
PATH=/usr/local/sbin:/usr/local/bin:/usr/sbin:/usr/bin:/sbin:/bin:/usr/games
SCHROOT_ALIAS_NAME=unstable-amd64-sbuild
SCHROOT_CHROOT_NAME=unstable-amd64-sbuild
SCHROOT_COMMAND=env
SCHROOT_GID=1001
SCHROOT_GROUP=user42
SCHROOT_SESSION_ID=unstable-amd64-sbuild-984d09f3-02f1-4c78-86ff-4eae88196de7
SCHROOT_UID=1001
SCHROOT_USER=user42
SHELL=/bin/sh
USER=user42

dpkg-buildpackage
-----------------

dpkg-buildpackage: info: source package opensaml2
dpkg-buildpackage: info: source version 2.5.5-1
dpkg-buildpackage: info: source distribution unstable
dpkg-buildpackage: info: source changed by Ferenc Wgner <wferi@niif.hu>
 dpkg-source --before-build opensaml2-2.5.5
dpkg-buildpackage: info: host architecture amd64
 fakeroot debian/rules clean
dh clean --with autoreconf
   dh_testdir
   dh_auto_clean
   dh_autoreconf_clean
   debian/rules override_dh_clean
make[1]: Entering directory '/<<PKGBUILDDIR>>'
dh_clean
mv -t m4 "debian/ax_create_pkgconfig_info.m4"
mv: cannot stat 'debian/ax_create_pkgconfig_info.m4': No such file or directory
debian/rules:40: recipe for target 'override_dh_clean' failed
make[1]: [override_dh_clean] Error 1 (ignored)
make[1]: Leaving directory '/<<PKGBUILDDIR>>'
 debian/rules build-arch
dh build-arch --with autoreconf
   dh_testdir -a
   dh_update_autotools_config -a
   debian/rules override_dh_autoreconf
make[1]: Entering directory '/<<PKGBUILDDIR>>'
mv -t debian "m4/ax_create_pkgconfig_info.m4"
dh_autoreconf --as-needed
libtoolize: putting auxiliary files in AC_CONFIG_AUX_DIR, 'build-aux'.
libtoolize: copying file 'build-aux/ltmain.sh'
libtoolize: putting macros in AC_CONFIG_MACRO_DIRS, 'm4'.
libtoolize: copying file 'm4/libtool.m4'
libtoolize: copying file 'm4/ltoptions.m4'
libtoolize: copying file 'm4/ltsugar.m4'
libtoolize: copying file 'm4/ltversion.m4'
libtoolize: copying file 'm4/lt~obsolete.m4'
configure.ac:8: installing 'build-aux/compile'
configure.ac:6: installing 'build-aux/missing'
saml/Makefile.am:106: warning: source file 'binding/impl/ArtifactMap.cpp' is in a subdirectory,
saml/Makefile.am:106: but option 'subdir-objects' is disabled
automake: warning: possible forward-incompatibility.
automake: At least a source file is in a subdirectory, but the 'subdir-objects'
automake: automake option hasn't been enabled.  For now, the corresponding output
automake: object file(s) will be placed in the top-level directory.  However,
automake: this behaviour will change in future Automake versions: they will
automake: unconditionally cause object files to be placed in the same subdirectory
automake: of the corresponding sources.
automake: You are advised to start using 'subdir-objects' option throughout your
automake: project, to avoid future incompatibilities.
saml/Makefile.am:106: warning: source file 'binding/impl/ClientCertAuthRule.cpp' is in a subdirectory,
saml/Makefile.am:106: but option 'subdir-objects' is disabled
saml/Makefile.am:106: warning: source file 'binding/impl/MessageDecoder.cpp' is in a subdirectory,
saml/Makefile.am:106: but option 'subdir-objects' is disabled
saml/Makefile.am:106: warning: source file 'binding/impl/MessageEncoder.cpp' is in a subdirectory,
saml/Makefile.am:106: but option 'subdir-objects' is disabled
saml/Makefile.am:106: warning: source file 'binding/impl/MessageFlowRule.cpp' is in a subdirectory,
saml/Makefile.am:106: but option 'subdir-objects' is disabled
saml/Makefile.am:106: warning: source file 'binding/impl/NullSecurityRule.cpp' is in a subdirectory,
saml/Makefile.am:106: but option 'subdir-objects' is disabled
saml/Makefile.am:106: warning: source file 'binding/impl/SAMLArtifact.cpp' is in a subdirectory,
saml/Makefile.am:106: but option 'subdir-objects' is disabled
saml/Makefile.am:106: warning: source file 'binding/impl/SecurityPolicy.cpp' is in a subdirectory,
saml/Makefile.am:106: but option 'subdir-objects' is disabled
saml/Makefile.am:106: warning: source file 'binding/impl/SimpleSigningRule.cpp' is in a subdirectory,
saml/Makefile.am:106: but option 'subdir-objects' is disabled
saml/Makefile.am:106: warning: source file 'binding/impl/SOAPClient.cpp' is in a subdirectory,
saml/Makefile.am:106: but option 'subdir-objects' is disabled
saml/Makefile.am:106: warning: source file 'binding/impl/XMLSigningRule.cpp' is in a subdirectory,
saml/Makefile.am:106: but option 'subdir-objects' is disabled
saml/Makefile.am:106: warning: source file 'profile/impl/AudienceRestrictionRule.cpp' is in a subdirectory,
saml/Makefile.am:106: but option 'subdir-objects' is disabled
saml/Makefile.am:106: warning: source file 'profile/impl/ConditionsRule.cpp' is in a subdirectory,
saml/Makefile.am:106: but option 'subdir-objects' is disabled
saml/Makefile.am:106: warning: source file 'profile/impl/IgnoreRule.cpp' is in a subdirectory,
saml/Makefile.am:106: but option 'subdir-objects' is disabled
saml/Makefile.am:106: warning: source file 'saml1/core/impl/AssertionsImpl.cpp' is in a subdirectory,
saml/Makefile.am:106: but option 'subdir-objects' is disabled
saml/Makefile.am:106: warning: source file 'saml1/core/impl/AssertionsSchemaValidators.cpp' is in a subdirectory,
saml/Makefile.am:106: but option 'subdir-objects' is disabled
saml/Makefile.am:106: warning: source file 'saml1/core/impl/ProtocolsImpl.cpp' is in a subdirectory,
saml/Makefile.am:106: but option 'subdir-objects' is disabled
saml/Makefile.am:106: warning: source file 'saml1/core/impl/ProtocolsSchemaValidators.cpp' is in a subdirectory,
saml/Makefile.am:106: but option 'subdir-objects' is disabled
saml/Makefile.am:106: warning: source file 'saml1/binding/impl/SAMLArtifactType0001.cpp' is in a subdirectory,
saml/Makefile.am:106: but option 'subdir-objects' is disabled
saml/Makefile.am:106: warning: source file 'saml1/binding/impl/SAMLArtifactType0002.cpp' is in a subdirectory,
saml/Makefile.am:106: but option 'subdir-objects' is disabled
saml/Makefile.am:106: warning: source file 'saml1/binding/impl/SAML1ArtifactDecoder.cpp' is in a subdirectory,
saml/Makefile.am:106: but option 'subdir-objects' is disabled
saml/Makefile.am:106: warning: source file 'saml1/binding/impl/SAML1ArtifactEncoder.cpp' is in a subdirectory,
saml/Makefile.am:106: but option 'subdir-objects' is disabled
saml/Makefile.am:106: warning: source file 'saml1/binding/impl/SAML1MessageDecoder.cpp' is in a subdirectory,
saml/Makefile.am:106: but option 'subdir-objects' is disabled
saml/Makefile.am:106: warning: source file 'saml1/binding/impl/SAML1POSTDecoder.cpp' is in a subdirectory,
saml/Makefile.am:106: but option 'subdir-objects' is disabled
saml/Makefile.am:106: warning: source file 'saml1/binding/impl/SAML1POSTEncoder.cpp' is in a subdirectory,
saml/Makefile.am:106: but option 'subdir-objects' is disabled
saml/Makefile.am:106: warning: source file 'saml1/binding/impl/SAML1SOAPDecoder.cpp' is in a subdirectory,
saml/Makefile.am:106: but option 'subdir-objects' is disabled
saml/Makefile.am:106: warning: source file 'saml1/binding/impl/SAML1SOAPEncoder.cpp' is in a subdirectory,
saml/Makefile.am:106: but option 'subdir-objects' is disabled
saml/Makefile.am:106: warning: source file 'saml1/binding/impl/SAML1SOAPClient.cpp' is in a subdirectory,
saml/Makefile.am:106: but option 'subdir-objects' is disabled
saml/Makefile.am:106: warning: source file 'saml1/profile/impl/AssertionValidator.cpp' is in a subdirectory,
saml/Makefile.am:106: but option 'subdir-objects' is disabled
saml/Makefile.am:106: warning: source file 'saml1/profile/impl/BrowserSSOProfileValidator.cpp' is in a subdirectory,
saml/Makefile.am:106: but option 'subdir-objects' is disabled
saml/Makefile.am:106: warning: source file 'saml1/profile/impl/SAML1BrowserSSORule.cpp' is in a subdirectory,
saml/Makefile.am:106: but option 'subdir-objects' is disabled
saml/Makefile.am:106: warning: source file 'saml2/core/impl/Assertions.cpp' is in a subdirectory,
saml/Makefile.am:106: but option 'subdir-objects' is disabled
saml/Makefile.am:106: warning: source file 'saml2/core/impl/Assertions20Impl.cpp' is in a subdirectory,
saml/Makefile.am:106: but option 'subdir-objects' is disabled
saml/Makefile.am:106: warning: source file 'saml2/core/impl/Assertions20SchemaValidators.cpp' is in a subdirectory,
saml/Makefile.am:106: but option 'subdir-objects' is disabled
saml/Makefile.am:106: warning: source file 'saml2/core/impl/Protocols20Impl.cpp' is in a subdirectory,
saml/Makefile.am:106: but option 'subdir-objects' is disabled
saml/Makefile.am:106: warning: source file 'saml2/core/impl/Protocols20SchemaValidators.cpp' is in a subdirectory,
saml/Makefile.am:106: but option 'subdir-objects' is disabled
saml/Makefile.am:106: warning: source file 'saml2/metadata/impl/AbstractMetadataProvider.cpp' is in a subdirectory,
saml/Makefile.am:106: but option 'subdir-objects' is disabled
saml/Makefile.am:106: warning: source file 'saml2/metadata/impl/BlacklistMetadataFilter.cpp' is in a subdirectory,
saml/Makefile.am:106: but option 'subdir-objects' is disabled
saml/Makefile.am:106: warning: source file 'saml2/metadata/impl/ChainingMetadataProvider.cpp' is in a subdirectory,
saml/Makefile.am:106: but option 'subdir-objects' is disabled
saml/Makefile.am:106: warning: source file 'saml2/metadata/impl/DiscoverableMetadataProvider.cpp' is in a subdirectory,
saml/Makefile.am:106: but option 'subdir-objects' is disabled
saml/Makefile.am:106: warning: source file 'saml2/metadata/impl/DynamicMetadataProvider.cpp' is in a subdirectory,
saml/Makefile.am:106: but option 'subdir-objects' is disabled
saml/Makefile.am:106: warning: source file 'saml2/metadata/impl/EntityAttributesEntityMatcher.cpp' is in a subdirectory,
saml/Makefile.am:106: but option 'subdir-objects' is disabled
saml/Makefile.am:106: warning: source file 'saml2/metadata/impl/EntityAttributesMetadataFilter.cpp' is in a subdirectory,
saml/Makefile.am:106: but option 'subdir-objects' is disabled
saml/Makefile.am:106: warning: source file 'saml2/metadata/impl/EntityRoleMetadataFilter.cpp' is in a subdirectory,
saml/Makefile.am:106: but option 'subdir-objects' is disabled
saml/Makefile.am:106: warning: source file 'saml2/metadata/impl/FolderMetadataProvider.cpp' is in a subdirectory,
saml/Makefile.am:106: but option 'subdir-objects' is disabled
saml/Makefile.am:106: warning: source file 'saml2/metadata/impl/MetadataCredentialContext.cpp' is in a subdirectory,
saml/Makefile.am:106: but option 'subdir-objects' is disabled
saml/Makefile.am:106: warning: source file 'saml2/metadata/impl/MetadataCredentialCriteria.cpp' is in a subdirectory,
saml/Makefile.am:106: but option 'subdir-objects' is disabled
saml/Makefile.am:106: warning: source file 'saml2/metadata/impl/MetadataImpl.cpp' is in a subdirectory,
saml/Makefile.am:106: but option 'subdir-objects' is disabled
saml/Makefile.am:106: warning: source file 'saml2/metadata/impl/MetadataProvider.cpp' is in a subdirectory,
saml/Makefile.am:106: but option 'subdir-objects' is disabled
saml/Makefile.am:106: warning: source file 'saml2/metadata/impl/MetadataSchemaValidators.cpp' is in a subdirectory,
saml/Makefile.am:106: but option 'subdir-objects' is disabled
saml/Makefile.am:106: warning: source file 'saml2/metadata/impl/NameEntityMatcher.cpp' is in a subdirectory,
saml/Makefile.am:106: but option 'subdir-objects' is disabled
saml/Makefile.am:106: warning: source file 'saml2/metadata/impl/NullMetadataProvider.cpp' is in a subdirectory,
saml/Makefile.am:106: but option 'subdir-objects' is disabled
saml/Makefile.am:106: warning: source file 'saml2/metadata/impl/ObservableMetadataProvider.cpp' is in a subdirectory,
saml/Makefile.am:106: but option 'subdir-objects' is disabled
saml/Makefile.am:106: warning: source file 'saml2/metadata/impl/SignatureMetadataFilter.cpp' is in a subdirectory,
saml/Makefile.am:106: but option 'subdir-objects' is disabled
saml/Makefile.am:106: warning: source file 'saml2/metadata/impl/RequireValidUntilMetadataFilter.cpp' is in a subdirectory,
saml/Makefile.am:106: but option 'subdir-objects' is disabled
saml/Makefile.am:106: warning: source file 'saml2/metadata/impl/WhitelistMetadataFilter.cpp' is in a subdirectory,
saml/Makefile.am:106: but option 'subdir-objects' is disabled
saml/Makefile.am:106: warning: source file 'saml2/metadata/impl/XMLMetadataProvider.cpp' is in a subdirectory,
saml/Makefile.am:106: but option 'subdir-objects' is disabled
saml/Makefile.am:106: warning: source file 'saml2/binding/impl/SAML2Artifact.cpp' is in a subdirectory,
saml/Makefile.am:106: but option 'subdir-objects' is disabled
saml/Makefile.am:106: warning: source file 'saml2/binding/impl/SAML2ArtifactType0004.cpp' is in a subdirectory,
saml/Makefile.am:106: but option 'subdir-objects' is disabled
saml/Makefile.am:106: warning: source file 'saml2/binding/impl/SAML2ArtifactDecoder.cpp' is in a subdirectory,
saml/Makefile.am:106: but option 'subdir-objects' is disabled
saml/Makefile.am:106: warning: source file 'saml2/binding/impl/SAML2ArtifactEncoder.cpp' is in a subdirectory,
saml/Makefile.am:106: but option 'subdir-objects' is disabled
saml/Makefile.am:106: warning: source file 'saml2/binding/impl/SAML2ECPDecoder.cpp' is in a subdirectory,
saml/Makefile.am:106: but option 'subdir-objects' is disabled
saml/Makefile.am:106: warning: source file 'saml2/binding/impl/SAML2ECPEncoder.cpp' is in a subdirectory,
saml/Makefile.am:106: but option 'subdir-objects' is disabled
saml/Makefile.am:106: warning: source file 'saml2/binding/impl/SAML2MessageDecoder.cpp' is in a subdirectory,
saml/Makefile.am:106: but option 'subdir-objects' is disabled
saml/Makefile.am:106: warning: source file 'saml2/binding/impl/SAML2POSTDecoder.cpp' is in a subdirectory,
saml/Makefile.am:106: but option 'subdir-objects' is disabled
saml/Makefile.am:106: warning: source file 'saml2/binding/impl/SAML2POSTEncoder.cpp' is in a subdirectory,
saml/Makefile.am:106: but option 'subdir-objects' is disabled
saml/Makefile.am:106: warning: source file 'saml2/binding/impl/SAML2Redirect.cpp' is in a subdirectory,
saml/Makefile.am:106: but option 'subdir-objects' is disabled
saml/Makefile.am:106: warning: source file 'saml2/binding/impl/SAML2RedirectDecoder.cpp' is in a subdirectory,
saml/Makefile.am:106: but option 'subdir-objects' is disabled
saml/Makefile.am:106: warning: source file 'saml2/binding/impl/SAML2RedirectEncoder.cpp' is in a subdirectory,
saml/Makefile.am:106: but option 'subdir-objects' is disabled
saml/Makefile.am:106: warning: source file 'saml2/binding/impl/SAML2SOAPDecoder.cpp' is in a subdirectory,
saml/Makefile.am:106: but option 'subdir-objects' is disabled
saml/Makefile.am:106: warning: source file 'saml2/binding/impl/SAML2SOAPEncoder.cpp' is in a subdirectory,
saml/Makefile.am:106: but option 'subdir-objects' is disabled
saml/Makefile.am:106: warning: source file 'saml2/binding/impl/SAML2SOAPClient.cpp' is in a subdirectory,
saml/Makefile.am:106: but option 'subdir-objects' is disabled
saml/Makefile.am:106: warning: source file 'saml2/profile/impl/Assertion20Validator.cpp' is in a subdirectory,
saml/Makefile.am:106: but option 'subdir-objects' is disabled
saml/Makefile.am:106: warning: source file 'saml2/profile/impl/BrowserSSOProfile20Validator.cpp' is in a subdirectory,
saml/Makefile.am:106: but option 'subdir-objects' is disabled
saml/Makefile.am:106: warning: source file 'saml2/profile/impl/BearerConfirmationRule.cpp' is in a subdirectory,
saml/Makefile.am:106: but option 'subdir-objects' is disabled
saml/Makefile.am:106: warning: source file 'saml2/profile/impl/DelegationRestrictionRule.cpp' is in a subdirectory,
saml/Makefile.am:106: but option 'subdir-objects' is disabled
saml/Makefile.am:106: warning: source file 'saml2/profile/impl/SAML2AssertionPolicy.cpp' is in a subdirectory,
saml/Makefile.am:106: but option 'subdir-objects' is disabled
saml/Makefile.am:106: warning: source file 'encryption/EncryptedKeyResolver.cpp' is in a subdirectory,
saml/Makefile.am:106: but option 'subdir-objects' is disabled
saml/Makefile.am:106: warning: source file 'signature/ContentReference.cpp' is in a subdirectory,
saml/Makefile.am:106: but option 'subdir-objects' is disabled
saml/Makefile.am:106: warning: source file 'signature/SignatureProfileValidator.cpp' is in a subdirectory,
saml/Makefile.am:106: but option 'subdir-objects' is disabled
saml/Makefile.am:106: warning: source file 'util/CommonDomainCookie.cpp' is in a subdirectory,
saml/Makefile.am:106: but option 'subdir-objects' is disabled
saml/Makefile.am:106: warning: source file 'util/SAMLConstants.cpp' is in a subdirectory,
saml/Makefile.am:106: but option 'subdir-objects' is disabled
saml/Makefile.am: installing 'build-aux/depcomp'
samltest/Makefile.am:10: warning: source file 'encryption/EncryptedAssertionTest.cpp' is in a subdirectory,
samltest/Makefile.am:10: but option 'subdir-objects' is disabled
samltest/Makefile.am:10: warning: source file 'signature/SAML1AssertionTest.cpp' is in a subdirectory,
samltest/Makefile.am:10: but option 'subdir-objects' is disabled
samltest/Makefile.am:10: warning: source file 'signature/SAML1RequestTest.cpp' is in a subdirectory,
samltest/Makefile.am:10: but option 'subdir-objects' is disabled
samltest/Makefile.am:10: warning: source file 'signature/SAML1ResponseTest.cpp' is in a subdirectory,
samltest/Makefile.am:10: but option 'subdir-objects' is disabled
samltest/Makefile.am:10: warning: source file 'signature/SAML2AssertionTest.cpp' is in a subdirectory,
samltest/Makefile.am:10: but option 'subdir-objects' is disabled
samltest/Makefile.am:10: warning: source file 'security/ExplicitKeyTrustEngineTest.cpp' is in a subdirectory,
samltest/Makefile.am:10: but option 'subdir-objects' is disabled
samltest/Makefile.am:10: warning: source file 'security/StaticPKIXTrustEngineTest.cpp' is in a subdirectory,
samltest/Makefile.am:10: but option 'subdir-objects' is disabled
samltest/Makefile.am:10: warning: source file 'saml1/core/impl/ActionTest.cpp' is in a subdirectory,
samltest/Makefile.am:10: but option 'subdir-objects' is disabled
samltest/Makefile.am:10: warning: source file 'saml1/core/impl/AdviceTest.cpp' is in a subdirectory,
samltest/Makefile.am:10: but option 'subdir-objects' is disabled
samltest/Makefile.am:10: warning: source file 'saml1/core/impl/AssertionIDReferenceTest.cpp' is in a subdirectory,
samltest/Makefile.am:10: but option 'subdir-objects' is disabled
samltest/Makefile.am:10: warning: source file 'saml1/core/impl/AssertionTest.cpp' is in a subdirectory,
samltest/Makefile.am:10: but option 'subdir-objects' is disabled
samltest/Makefile.am:10: warning: source file 'saml1/core/impl/AttributeDesignatorTest.cpp' is in a subdirectory,
samltest/Makefile.am:10: but option 'subdir-objects' is disabled
samltest/Makefile.am:10: warning: source file 'saml1/core/impl/AttributeStatementTest.cpp' is in a subdirectory,
samltest/Makefile.am:10: but option 'subdir-objects' is disabled
samltest/Makefile.am:10: warning: source file 'saml1/core/impl/AttributeTest.cpp' is in a subdirectory,
samltest/Makefile.am:10: but option 'subdir-objects' is disabled
samltest/Makefile.am:10: warning: source file 'saml1/core/impl/AudienceRestrictionConditionTest.cpp' is in a subdirectory,
samltest/Makefile.am:10: but option 'subdir-objects' is disabled
samltest/Makefile.am:10: warning: source file 'saml1/core/impl/AudienceTest.cpp' is in a subdirectory,
samltest/Makefile.am:10: but option 'subdir-objects' is disabled
samltest/Makefile.am:10: warning: source file 'saml1/core/impl/AuthenticationStatementTest.cpp' is in a subdirectory,
samltest/Makefile.am:10: but option 'subdir-objects' is disabled
samltest/Makefile.am:10: warning: source file 'saml1/binding/SAML1ArtifactTest.cpp' is in a subdirectory,
samltest/Makefile.am:10: but option 'subdir-objects' is disabled
samltest/Makefile.am:10: warning: source file 'saml1/binding/SAML1POSTTest.cpp' is in a subdirectory,
samltest/Makefile.am:10: but option 'subdir-objects' is disabled
samltest/Makefile.am:10: warning: source file 'saml1/profile/SAML1PolicyTest.cpp' is in a subdirectory,
samltest/Makefile.am:10: but option 'subdir-objects' is disabled
samltest/Makefile.am:10: warning: source file 'saml2/core/impl/Action20Test.cpp' is in a subdirectory,
samltest/Makefile.am:10: but option 'subdir-objects' is disabled
samltest/Makefile.am:10: warning: source file 'saml2/core/impl/Advice20Test.cpp' is in a subdirectory,
samltest/Makefile.am:10: but option 'subdir-objects' is disabled
samltest/Makefile.am:10: warning: source file 'saml2/core/impl/Artifact20Test.cpp' is in a subdirectory,
samltest/Makefile.am:10: but option 'subdir-objects' is disabled
samltest/Makefile.am:10: warning: source file 'saml2/core/impl/ArtifactResolve20Test.cpp' is in a subdirectory,
samltest/Makefile.am:10: but option 'subdir-objects' is disabled
samltest/Makefile.am:10: warning: source file 'saml2/core/impl/ArtifactResponse20Test.cpp' is in a subdirectory,
samltest/Makefile.am:10: but option 'subdir-objects' is disabled
samltest/Makefile.am:10: warning: source file 'saml2/core/impl/Assertion20Test.cpp' is in a subdirectory,
samltest/Makefile.am:10: but option 'subdir-objects' is disabled
samltest/Makefile.am:10: warning: source file 'saml2/core/impl/AssertionIDRef20Test.cpp' is in a subdirectory,
samltest/Makefile.am:10: but option 'subdir-objects' is disabled
samltest/Makefile.am:10: warning: source file 'saml2/core/impl/AssertionIDRequest20Test.cpp' is in a subdirectory,
samltest/Makefile.am:10: but option 'subdir-objects' is disabled
samltest/Makefile.am:10: warning: source file 'saml2/core/impl/AssertionURIRef20Test.cpp' is in a subdirectory,
samltest/Makefile.am:10: but option 'subdir-objects' is disabled
samltest/Makefile.am:10: warning: source file 'saml2/core/impl/Attribute20Test.cpp' is in a subdirectory,
samltest/Makefile.am:10: but option 'subdir-objects' is disabled
samltest/Makefile.am:10: warning: source file 'saml2/core/impl/AttributeQuery20Test.cpp' is in a subdirectory,
samltest/Makefile.am:10: but option 'subdir-objects' is disabled
samltest/Makefile.am:10: warning: source file 'saml2/core/impl/AttributeStatement20Test.cpp' is in a subdirectory,
samltest/Makefile.am:10: but option 'subdir-objects' is disabled
samltest/Makefile.am:10: warning: source file 'saml2/core/impl/Audience20Test.cpp' is in a subdirectory,
samltest/Makefile.am:10: but option 'subdir-objects' is disabled
samltest/Makefile.am:10: warning: source file 'saml2/core/impl/AudienceRestriction20Test.cpp' is in a subdirectory,
samltest/Makefile.am:10: but option 'subdir-objects' is disabled
samltest/Makefile.am:10: warning: source file 'saml2/core/impl/AuthenticatingAuthority20Test.cpp' is in a subdirectory,
samltest/Makefile.am:10: but option 'subdir-objects' is disabled
samltest/Makefile.am:10: warning: source file 'saml2/core/impl/AuthnContext20Test.cpp' is in a subdirectory,
samltest/Makefile.am:10: but option 'subdir-objects' is disabled
samltest/Makefile.am:10: warning: source file 'saml2/core/impl/AuthnContextClassRef20Test.cpp' is in a subdirectory,
samltest/Makefile.am:10: but option 'subdir-objects' is disabled
samltest/Makefile.am:10: warning: source file 'saml2/core/impl/AuthnContextDeclRef20Test.cpp' is in a subdirectory,
samltest/Makefile.am:10: but option 'subdir-objects' is disabled
samltest/Makefile.am:10: warning: source file 'saml2/core/impl/AuthnQuery20Test.cpp' is in a subdirectory,
samltest/Makefile.am:10: but option 'subdir-objects' is disabled
samltest/Makefile.am:10: warning: source file 'saml2/core/impl/AuthnRequest20Test.cpp' is in a subdirectory,
samltest/Makefile.am:10: but option 'subdir-objects' is disabled
samltest/Makefile.am:10: warning: source file 'saml2/core/impl/AuthnStatement20Test.cpp' is in a subdirectory,
samltest/Makefile.am:10: but option 'subdir-objects' is disabled
samltest/Makefile.am:10: warning: source file 'saml2/core/impl/AuthzDecisionQuery20Test.cpp' is in a subdirectory,
samltest/Makefile.am:10: but option 'subdir-objects' is disabled
samltest/Makefile.am:10: warning: source file 'saml2/core/impl/AuthzDecisionStatement20Test.cpp' is in a subdirectory,
samltest/Makefile.am:10: but option 'subdir-objects' is disabled
samltest/Makefile.am:10: warning: source file 'saml2/core/impl/Conditions20Test.cpp' is in a subdirectory,
samltest/Makefile.am:10: but option 'subdir-objects' is disabled
samltest/Makefile.am:10: warning: source file 'saml2/core/impl/Evidence20Test.cpp' is in a subdirectory,
samltest/Makefile.am:10: but option 'subdir-objects' is disabled
samltest/Makefile.am:10: warning: source file 'saml2/core/impl/GetComplete20Test.cpp' is in a subdirectory,
samltest/Makefile.am:10: but option 'subdir-objects' is disabled
samltest/Makefile.am:10: warning: source file 'saml2/core/impl/IDPEntry20Test.cpp' is in a subdirectory,
samltest/Makefile.am:10: but option 'subdir-objects' is disabled
samltest/Makefile.am:10: warning: source file 'saml2/core/impl/IDPList20Test.cpp' is in a subdirectory,
samltest/Makefile.am:10: but option 'subdir-objects' is disabled
samltest/Makefile.am:10: warning: source file 'saml2/core/impl/Issuer20Test.cpp' is in a subdirectory,
samltest/Makefile.am:10: but option 'subdir-objects' is disabled
samltest/Makefile.am:10: warning: source file 'saml2/core/impl/KeyInfoConfirmationDataType20Test.cpp' is in a subdirectory,
samltest/Makefile.am:10: but option 'subdir-objects' is disabled
samltest/Makefile.am:10: warning: source file 'saml2/core/impl/LogoutRequest20Test.cpp' is in a subdirectory,
samltest/Makefile.am:10: but option 'subdir-objects' is disabled
samltest/Makefile.am:10: warning: source file 'saml2/core/impl/LogoutResponse20Test.cpp' is in a subdirectory,
samltest/Makefile.am:10: but option 'subdir-objects' is disabled
samltest/Makefile.am:10: warning: source file 'saml2/core/impl/ManageNameIDRequest20Test.cpp' is in a subdirectory,
samltest/Makefile.am:10: but option 'subdir-objects' is disabled
samltest/Makefile.am:10: warning: source file 'saml2/core/impl/ManageNameIDResponse20Test.cpp' is in a subdirectory,
samltest/Makefile.am:10: but option 'subdir-objects' is disabled
samltest/Makefile.am:10: warning: source file 'saml2/core/impl/NameIDMappingRequest20Test.cpp' is in a subdirectory,
samltest/Makefile.am:10: but option 'subdir-objects' is disabled
samltest/Makefile.am:10: warning: source file 'saml2/core/impl/NameIDMappingResponse20Test.cpp' is in a subdirectory,
samltest/Makefile.am:10: but option 'subdir-objects' is disabled
samltest/Makefile.am:10: warning: source file 'saml2/core/impl/NameIDPolicy20Test.cpp' is in a subdirectory,
samltest/Makefile.am:10: but option 'subdir-objects' is disabled
samltest/Makefile.am:10: warning: source file 'saml2/core/impl/NameID20Test.cpp' is in a subdirectory,
samltest/Makefile.am:10: but option 'subdir-objects' is disabled
samltest/Makefile.am:10: warning: source file 'saml2/core/impl/NameIDType20Test.cpp' is in a subdirectory,
samltest/Makefile.am:10: but option 'subdir-objects' is disabled
samltest/Makefile.am:10: warning: source file 'saml2/core/impl/NewEncryptedID20Test.cpp' is in a subdirectory,
samltest/Makefile.am:10: but option 'subdir-objects' is disabled
samltest/Makefile.am:10: warning: source file 'saml2/core/impl/NewID20Test.cpp' is in a subdirectory,
samltest/Makefile.am:10: but option 'subdir-objects' is disabled
samltest/Makefile.am:10: warning: source file 'saml2/core/impl/OneTimeUse20Test.cpp' is in a subdirectory,
samltest/Makefile.am:10: but option 'subdir-objects' is disabled
samltest/Makefile.am:10: warning: source file 'saml2/core/impl/ProxyRestriction20Test.cpp' is in a subdirectory,
samltest/Makefile.am:10: but option 'subdir-objects' is disabled
samltest/Makefile.am:10: warning: source file 'saml2/core/impl/RequesterID20Test.cpp' is in a subdirectory,
samltest/Makefile.am:10: but option 'subdir-objects' is disabled
samltest/Makefile.am:10: warning: source file 'saml2/core/impl/RequestedAuthnContext20Test.cpp' is in a subdirectory,
samltest/Makefile.am:10: but option 'subdir-objects' is disabled
samltest/Makefile.am:10: warning: source file 'saml2/core/impl/Response20Test.cpp' is in a subdirectory,
samltest/Makefile.am:10: but option 'subdir-objects' is disabled
samltest/Makefile.am:10: warning: source file 'saml2/core/impl/Scoping20Test.cpp' is in a subdirectory,
samltest/Makefile.am:10: but option 'subdir-objects' is disabled
samltest/Makefile.am:10: warning: source file 'saml2/core/impl/SessionIndex20Test.cpp' is in a subdirectory,
samltest/Makefile.am:10: but option 'subdir-objects' is disabled
samltest/Makefile.am:10: warning: source file 'saml2/core/impl/Status20Test.cpp' is in a subdirectory,
samltest/Makefile.am:10: but option 'subdir-objects' is disabled
samltest/Makefile.am:10: warning: source file 'saml2/core/impl/StatusCode20Test.cpp' is in a subdirectory,
samltest/Makefile.am:10: but option 'subdir-objects' is disabled
samltest/Makefile.am:10: warning: source file 'saml2/core/impl/StatusDetail20Test.cpp' is in a subdirectory,
samltest/Makefile.am:10: but option 'subdir-objects' is disabled
samltest/Makefile.am:10: warning: source file 'saml2/core/impl/StatusMessage20Test.cpp' is in a subdirectory,
samltest/Makefile.am:10: but option 'subdir-objects' is disabled
samltest/Makefile.am:10: warning: source file 'saml2/core/impl/Subject20Test.cpp' is in a subdirectory,
samltest/Makefile.am:10: but option 'subdir-objects' is disabled
samltest/Makefile.am:10: warning: source file 'saml2/core/impl/SubjectConfirmation20Test.cpp' is in a subdirectory,
samltest/Makefile.am:10: but option 'subdir-objects' is disabled
samltest/Makefile.am:10: warning: source file 'saml2/core/impl/SubjectConfirmationData20Test.cpp' is in a subdirectory,
samltest/Makefile.am:10: but option 'subdir-objects' is disabled
samltest/Makefile.am:10: warning: source file 'saml2/core/impl/SubjectLocality20Test.cpp' is in a subdirectory,
samltest/Makefile.am:10: but option 'subdir-objects' is disabled
samltest/Makefile.am:10: warning: source file 'saml2/core/impl/Terminate20Test.cpp' is in a subdirectory,
samltest/Makefile.am:10: but option 'subdir-objects' is disabled
samltest/Makefile.am:10: warning: source file 'saml2/binding/SAML2ArtifactTest.cpp' is in a subdirectory,
samltest/Makefile.am:10: but option 'subdir-objects' is disabled
samltest/Makefile.am:10: warning: source file 'saml2/binding/SAML2POSTTest.cpp' is in a subdirectory,
samltest/Makefile.am:10: but option 'subdir-objects' is disabled
samltest/Makefile.am:10: warning: source file 'saml2/binding/SAML2RedirectTest.cpp' is in a subdirectory,
samltest/Makefile.am:10: but option 'subdir-objects' is disabled
samltest/Makefile.am:10: warning: source file 'saml2/metadata/XMLMetadataProviderTest.cpp' is in a subdirectory,
samltest/Makefile.am:10: but option 'subdir-objects' is disabled
samltest/Makefile.am:10: warning: source file 'saml2/profile/SAML2PolicyTest.cpp' is in a subdirectory,
samltest/Makefile.am:10: but option 'subdir-objects' is disabled
patching file ./build-aux/ltmain.sh
make[1]: Leaving directory '/<<PKGBUILDDIR>>'
   debian/rules override_dh_auto_configure
make[1]: Entering directory '/<<PKGBUILDDIR>>'
dh_auto_configure -- 
	./configure --build=x86_64-linux-gnu --prefix=/usr --includedir=\${prefix}/include --mandir=\${prefix}/share/man --infodir=\${prefix}/share/info --sysconfdir=/etc --localstatedir=/var --disable-silent-rules --libdir=\${prefix}/lib/x86_64-linux-gnu --libexecdir=\${prefix}/lib/x86_64-linux-gnu --disable-maintainer-mode --disable-dependency-tracking
configure: WARNING: unrecognized options: --disable-maintainer-mode
checking for a BSD-compatible install... /usr/bin/install -c
checking whether build environment is sane... yes
checking for a thread-safe mkdir -p... /bin/mkdir -p
checking for gawk... no
checking for mawk... mawk
checking whether make sets $(MAKE)... yes
checking whether make supports nested variables... yes
checking build system type... x86_64-pc-linux-gnu
checking host system type... x86_64-pc-linux-gnu
checking how to print strings... printf
checking for style of include used by make... GNU
checking for gcc... gcc
checking whether the C compiler works... yes
checking for C compiler default output file name... a.out
checking for suffix of executables... 
checking whether we are cross compiling... no
checking for suffix of object files... o
checking whether we are using the GNU C compiler... yes
checking whether gcc accepts -g... yes
checking for gcc option to accept ISO C89... none needed
checking whether gcc understands -c and -o together... yes
checking dependency style of gcc... none
checking for a sed that does not truncate output... /bin/sed
checking for grep that handles long lines and -e... /bin/grep
checking for egrep... /bin/grep -E
checking for fgrep... /bin/grep -F
checking for ld used by gcc... /usr/bin/ld
checking if the linker (/usr/bin/ld) is GNU ld... yes
checking for BSD- or MS-compatible name lister (nm)... /usr/bin/nm -B
checking the name lister (/usr/bin/nm -B) interface... BSD nm
checking whether ln -s works... yes
checking the maximum length of command line arguments... 1572864
checking how to convert x86_64-pc-linux-gnu file names to x86_64-pc-linux-gnu format... func_convert_file_noop
checking how to convert x86_64-pc-linux-gnu file names to toolchain format... func_convert_file_noop
checking for /usr/bin/ld option to reload object files... -r
checking for objdump... objdump
checking how to recognize dependent libraries... pass_all
checking for dlltool... no
checking how to associate runtime and link libraries... printf %s\n
checking for ar... ar
checking for archiver @FILE support... @
checking for strip... strip
checking for ranlib... ranlib
checking command to parse /usr/bin/nm -B output from gcc object... ok
checking for sysroot... no
checking for a working dd... /bin/dd
checking how to truncate binary pipes... /bin/dd bs=4096 count=1
checking for mt... no
checking if : is a manifest tool... no
checking how to run the C preprocessor... gcc -E
checking for ANSI C header files... yes
checking for sys/types.h... yes
checking for sys/stat.h... yes
checking for stdlib.h... yes
checking for string.h... yes
checking for memory.h... yes
checking for strings.h... yes
checking for inttypes.h... yes
checking for stdint.h... yes
checking for unistd.h... yes
checking for dlfcn.h... yes
checking for objdir... .libs
checking if gcc supports -fno-rtti -fno-exceptions... yes
checking for gcc option to produce PIC... -fPIC -DPIC
checking if gcc PIC flag -fPIC -DPIC works... yes
checking if gcc static flag -static works... no
checking if gcc supports -c -o file.o... yes
checking if gcc supports -c -o file.o... (cached) yes
checking whether the gcc linker (/usr/bin/ld -m elf_x86_64) supports shared libraries... yes
checking whether -lc should be explicitly linked in... no
checking dynamic linker characteristics... GNU/Linux ld.so
checking how to hardcode library paths into programs... immediate
checking whether stripping libraries is possible... yes
checking if libtool supports shared libraries... yes
checking whether to build shared libraries... yes
checking whether to build static libraries... no
checking for doxygen... /usr/bin/doxygen
checking for perl... /usr/bin/perl
checking whether we are using the GNU C compiler... (cached) yes
checking whether gcc accepts -g... (cached) yes
checking for gcc option to accept ISO C89... (cached) none needed
checking whether gcc understands -c and -o together... (cached) yes
checking dependency style of gcc... (cached) none
checking for g++... g++
checking whether we are using the GNU C++ compiler... yes
checking whether g++ accepts -g... yes
checking dependency style of g++... none
checking how to run the C++ preprocessor... g++ -E
checking for ld used by g++... /usr/bin/ld -m elf_x86_64
checking if the linker (/usr/bin/ld -m elf_x86_64) is GNU ld... yes
checking whether the g++ linker (/usr/bin/ld -m elf_x86_64) supports shared libraries... yes
checking for g++ option to produce PIC... -fPIC -DPIC
checking if g++ PIC flag -fPIC -DPIC works... yes
checking if g++ static flag -static works... no
checking if g++ supports -c -o file.o... yes
checking if g++ supports -c -o file.o... (cached) yes
checking whether the g++ linker (/usr/bin/ld -m elf_x86_64) supports shared libraries... yes
checking dynamic linker characteristics... (cached) GNU/Linux ld.so
checking how to hardcode library paths into programs... immediate
checking for an ANSI C-conforming const... yes
checking for size_t... yes
checking for dirent.h that defines DIR... yes
checking for library containing opendir... none required
checking for strchr... yes
checking for strdup... yes
checking for strstr... yes
checking for the pthreads library -lpthreads... no
checking whether pthreads work without any flags... yes
checking for joinable pthread attribute... PTHREAD_CREATE_JOINABLE
checking if more special flags are required for pthreads... no
checking zlib.h usability... yes
checking zlib.h presence... yes
checking for zlib.h... yes
checking for pkg-config... /usr/bin/pkg-config
checking for OpenSSL cflags... 
checking openssl/x509.h usability... yes
checking openssl/x509.h presence... yes
checking for openssl/x509.h... yes
checking whether the compiler implements namespaces... yes
checking whether the compiler supports Standard Template Library... yes
checking for Boost headers version >= 0.0.0... yes
checking for Boost's header version... 1_61
checking boost/bind.hpp usability... yes
checking boost/bind.hpp presence... yes
checking for boost/bind.hpp... yes
checking boost/lambda/lambda.hpp usability... yes
checking boost/lambda/lambda.hpp presence... yes
checking for boost/lambda/lambda.hpp... yes
checking boost/ptr_container/ptr_deque.hpp usability... yes
checking boost/ptr_container/ptr_deque.hpp presence... yes
checking for boost/ptr_container/ptr_deque.hpp... yes
checking boost/ptr_container/ptr_list.hpp usability... yes
checking boost/ptr_container/ptr_list.hpp presence... yes
checking for boost/ptr_container/ptr_list.hpp... yes
checking boost/ptr_container/ptr_vector.hpp usability... yes
checking boost/ptr_container/ptr_vector.hpp presence... yes
checking for boost/ptr_container/ptr_vector.hpp... yes
checking boost/ptr_container/ptr_array.hpp usability... yes
checking boost/ptr_container/ptr_array.hpp presence... yes
checking for boost/ptr_container/ptr_array.hpp... yes
checking boost/ptr_container/ptr_set.hpp usability... yes
checking boost/ptr_container/ptr_set.hpp presence... yes
checking for boost/ptr_container/ptr_set.hpp... yes
checking boost/ptr_container/ptr_map.hpp usability... yes
checking boost/ptr_container/ptr_map.hpp presence... yes
checking for boost/ptr_container/ptr_map.hpp... yes
checking boost/scoped_ptr.hpp usability... yes
checking boost/scoped_ptr.hpp presence... yes
checking for boost/scoped_ptr.hpp... yes
checking boost/shared_ptr.hpp usability... yes
checking boost/shared_ptr.hpp presence... yes
checking for boost/shared_ptr.hpp... yes
checking boost/algorithm/string.hpp usability... yes
checking boost/algorithm/string.hpp presence... yes
checking for boost/algorithm/string.hpp... yes
checking for log4shib-config... /usr/bin/log4shib-config
checking log4shib/CategoryStream.hh usability... yes
checking log4shib/CategoryStream.hh presence... yes
checking for log4shib/CategoryStream.hh... yes
checking xercesc/dom/DOM.hpp usability... yes
checking xercesc/dom/DOM.hpp presence... yes
checking for xercesc/dom/DOM.hpp... yes
checking Xerces version... OK
checking whether Xerces XMLString::release(XMLByte**) exists... no
checking xsec/utils/XSECPlatformUtils.hpp usability... yes
checking xsec/utils/XSECPlatformUtils.hpp presence... yes
checking for xsec/utils/XSECPlatformUtils.hpp... yes
checking XML-Security version... OK
checking xmltooling/XMLToolingConfig.h usability... yes
checking xmltooling/XMLToolingConfig.h presence... yes
checking for xmltooling/XMLToolingConfig.h... yes
configure: WARNING: cxxtestgen not found, won't build unit tests
checking our pkgconfig libname... opensaml
checking our pkgconfig version... 2.5.5
checking our pkgconfig_libdir... ${libdir}/pkgconfig
expanded our pkgconfig_libdir... /usr/lib/x86_64-linux-gnu/pkgconfig
checking our pkgconfig_libfile... opensaml.pc
checking our package / suffix... opensaml / 
checking our pkgconfig description... OpenSAML library
checking our pkgconfig requires... 
checking our pkgconfig ext libs... -lxmltooling -lxml-security-c -lxerces-c -L/usr/lib/x86_64-linux-gnu -llog4shib -lz -lsaml
checking our pkgconfig cppflags... 
checking our pkgconfig ldflags... 
noninstalled pkgconfig -L /<<PKGBUILDDIR>>/.libs
noninstalled pkgconfig -I /<<PKGBUILDDIR>>/.
checking that generated files are newer than configure... done
configure: creating ./config.status
config.status: creating opensaml.spec
config.status: creating Makefile
config.status: creating saml/Makefile
config.status: creating samltest/Makefile
config.status: creating samlsign/Makefile
config.status: creating schemas/Makefile
config.status: creating doc/Makefile
config.status: creating config.h
config.status: executing depfiles commands
config.status: executing libtool commands
config.status: executing opensaml.pc commands
config.status: creating opensaml.pc.in
config.status: creating opensaml.pc
config.status: creating opensaml-uninstalled.pc
config.status: creating opensaml-uninstalled.sh
configure: WARNING: unrecognized options: --disable-maintainer-mode
make[1]: Leaving directory '/<<PKGBUILDDIR>>'
   dh_auto_build -a
	make -j1
make[1]: Entering directory '/<<PKGBUILDDIR>>'
make  all-recursive
make[2]: Entering directory '/<<PKGBUILDDIR>>'
Making all in doc
make[3]: Entering directory '/<<PKGBUILDDIR>>/doc'
make[3]: Nothing to be done for 'all'.
make[3]: Leaving directory '/<<PKGBUILDDIR>>/doc'
Making all in schemas
make[3]: Entering directory '/<<PKGBUILDDIR>>/schemas'
make do-build-file FILE=saml20-catalog.xml
make[4]: Entering directory '/<<PKGBUILDDIR>>/schemas'
rm -f saml20-catalog.xml.tmp
sed < ./saml20-catalog.xml.in > saml20-catalog.xml.tmp \
    -e 's:@-PKGXMLDIR-@:/usr/share/xml/opensaml:g'
cmp -s saml20-catalog.xml saml20-catalog.xml.tmp || mv saml20-catalog.xml.tmp saml20-catalog.xml
rm -f saml20-catalog.xml.tmp
make[4]: Leaving directory '/<<PKGBUILDDIR>>/schemas'
make do-build-file FILE=saml10-catalog.xml
make[4]: Entering directory '/<<PKGBUILDDIR>>/schemas'
rm -f saml10-catalog.xml.tmp
sed < ./saml10-catalog.xml.in > saml10-catalog.xml.tmp \
    -e 's:@-PKGXMLDIR-@:/usr/share/xml/opensaml:g'
cmp -s saml10-catalog.xml saml10-catalog.xml.tmp || mv saml10-catalog.xml.tmp saml10-catalog.xml
rm -f saml10-catalog.xml.tmp
make[4]: Leaving directory '/<<PKGBUILDDIR>>/schemas'
make do-build-file FILE=saml11-catalog.xml
make[4]: Entering directory '/<<PKGBUILDDIR>>/schemas'
rm -f saml11-catalog.xml.tmp
sed < ./saml11-catalog.xml.in > saml11-catalog.xml.tmp \
    -e 's:@-PKGXMLDIR-@:/usr/share/xml/opensaml:g'
cmp -s saml11-catalog.xml saml11-catalog.xml.tmp || mv saml11-catalog.xml.tmp saml11-catalog.xml
rm -f saml11-catalog.xml.tmp
make[4]: Leaving directory '/<<PKGBUILDDIR>>/schemas'
make[3]: Leaving directory '/<<PKGBUILDDIR>>/schemas'
Making all in saml
make[3]: Entering directory '/<<PKGBUILDDIR>>/saml'
/bin/bash ../libtool  --tag=CXX   --mode=compile g++ -DHAVE_CONFIG_H -I. -I..   -Wdate-time -D_FORTIFY_SOURCE=2  -g -O2 -fdebug-prefix-map=/<<PKGBUILDDIR>>=. -fPIE -fstack-protector-strong -Wformat -Werror=format-security -Wall -O2 -DNDEBUG -c -o SAMLConfig.lo SAMLConfig.cpp
libtool: compile:  g++ -DHAVE_CONFIG_H -I. -I.. -Wdate-time -D_FORTIFY_SOURCE=2 -g -O2 -fdebug-prefix-map=/<<PKGBUILDDIR>>=. -fstack-protector-strong -Wformat -Werror=format-security -Wall -O2 -DNDEBUG -c SAMLConfig.cpp  -fPIC -DPIC -o .libs/SAMLConfig.o
/bin/bash ../libtool  --tag=CXX   --mode=compile g++ -DHAVE_CONFIG_H -I. -I..   -Wdate-time -D_FORTIFY_SOURCE=2  -g -O2 -fdebug-prefix-map=/<<PKGBUILDDIR>>=. -fPIE -fstack-protector-strong -Wformat -Werror=format-security -Wall -O2 -DNDEBUG -c -o version.lo version.cpp
libtool: compile:  g++ -DHAVE_CONFIG_H -I. -I.. -Wdate-time -D_FORTIFY_SOURCE=2 -g -O2 -fdebug-prefix-map=/<<PKGBUILDDIR>>=. -fstack-protector-strong -Wformat -Werror=format-security -Wall -O2 -DNDEBUG -c version.cpp  -fPIC -DPIC -o .libs/version.o
/bin/bash ../libtool  --tag=CXX   --mode=compile g++ -DHAVE_CONFIG_H -I. -I..   -Wdate-time -D_FORTIFY_SOURCE=2  -g -O2 -fdebug-prefix-map=/<<PKGBUILDDIR>>=. -fPIE -fstack-protector-strong -Wformat -Werror=format-security -Wall -O2 -DNDEBUG -c -o ArtifactMap.lo `test -f 'binding/impl/ArtifactMap.cpp' || echo './'`binding/impl/ArtifactMap.cpp
libtool: compile:  g++ -DHAVE_CONFIG_H -I. -I.. -Wdate-time -D_FORTIFY_SOURCE=2 -g -O2 -fdebug-prefix-map=/<<PKGBUILDDIR>>=. -fstack-protector-strong -Wformat -Werror=format-security -Wall -O2 -DNDEBUG -c binding/impl/ArtifactMap.cpp  -fPIC -DPIC -o .libs/ArtifactMap.o
/bin/bash ../libtool  --tag=CXX   --mode=compile g++ -DHAVE_CONFIG_H -I. -I..   -Wdate-time -D_FORTIFY_SOURCE=2  -g -O2 -fdebug-prefix-map=/<<PKGBUILDDIR>>=. -fPIE -fstack-protector-strong -Wformat -Werror=format-security -Wall -O2 -DNDEBUG -c -o ClientCertAuthRule.lo `test -f 'binding/impl/ClientCertAuthRule.cpp' || echo './'`binding/impl/ClientCertAuthRule.cpp
libtool: compile:  g++ -DHAVE_CONFIG_H -I. -I.. -Wdate-time -D_FORTIFY_SOURCE=2 -g -O2 -fdebug-prefix-map=/<<PKGBUILDDIR>>=. -fstack-protector-strong -Wformat -Werror=format-security -Wall -O2 -DNDEBUG -c binding/impl/ClientCertAuthRule.cpp  -fPIC -DPIC -o .libs/ClientCertAuthRule.o
/bin/bash ../libtool  --tag=CXX   --mode=compile g++ -DHAVE_CONFIG_H -I. -I..   -Wdate-time -D_FORTIFY_SOURCE=2  -g -O2 -fdebug-prefix-map=/<<PKGBUILDDIR>>=. -fPIE -fstack-protector-strong -Wformat -Werror=format-security -Wall -O2 -DNDEBUG -c -o MessageDecoder.lo `test -f 'binding/impl/MessageDecoder.cpp' || echo './'`binding/impl/MessageDecoder.cpp
libtool: compile:  g++ -DHAVE_CONFIG_H -I. -I.. -Wdate-time -D_FORTIFY_SOURCE=2 -g -O2 -fdebug-prefix-map=/<<PKGBUILDDIR>>=. -fstack-protector-strong -Wformat -Werror=format-security -Wall -O2 -DNDEBUG -c binding/impl/MessageDecoder.cpp  -fPIC -DPIC -o .libs/MessageDecoder.o
/bin/bash ../libtool  --tag=CXX   --mode=compile g++ -DHAVE_CONFIG_H -I. -I..   -Wdate-time -D_FORTIFY_SOURCE=2  -g -O2 -fdebug-prefix-map=/<<PKGBUILDDIR>>=. -fPIE -fstack-protector-strong -Wformat -Werror=format-security -Wall -O2 -DNDEBUG -c -o MessageEncoder.lo `test -f 'binding/impl/MessageEncoder.cpp' || echo './'`binding/impl/MessageEncoder.cpp
libtool: compile:  g++ -DHAVE_CONFIG_H -I. -I.. -Wdate-time -D_FORTIFY_SOURCE=2 -g -O2 -fdebug-prefix-map=/<<PKGBUILDDIR>>=. -fstack-protector-strong -Wformat -Werror=format-security -Wall -O2 -DNDEBUG -c binding/impl/MessageEncoder.cpp  -fPIC -DPIC -o .libs/MessageEncoder.o
/bin/bash ../libtool  --tag=CXX   --mode=compile g++ -DHAVE_CONFIG_H -I. -I..   -Wdate-time -D_FORTIFY_SOURCE=2  -g -O2 -fdebug-prefix-map=/<<PKGBUILDDIR>>=. -fPIE -fstack-protector-strong -Wformat -Werror=format-security -Wall -O2 -DNDEBUG -c -o MessageFlowRule.lo `test -f 'binding/impl/MessageFlowRule.cpp' || echo './'`binding/impl/MessageFlowRule.cpp
libtool: compile:  g++ -DHAVE_CONFIG_H -I. -I.. -Wdate-time -D_FORTIFY_SOURCE=2 -g -O2 -fdebug-prefix-map=/<<PKGBUILDDIR>>=. -fstack-protector-strong -Wformat -Werror=format-security -Wall -O2 -DNDEBUG -c binding/impl/MessageFlowRule.cpp  -fPIC -DPIC -o .libs/MessageFlowRule.o
/bin/bash ../libtool  --tag=CXX   --mode=compile g++ -DHAVE_CONFIG_H -I. -I..   -Wdate-time -D_FORTIFY_SOURCE=2  -g -O2 -fdebug-prefix-map=/<<PKGBUILDDIR>>=. -fPIE -fstack-protector-strong -Wformat -Werror=format-security -Wall -O2 -DNDEBUG -c -o NullSecurityRule.lo `test -f 'binding/impl/NullSecurityRule.cpp' || echo './'`binding/impl/NullSecurityRule.cpp
libtool: compile:  g++ -DHAVE_CONFIG_H -I. -I.. -Wdate-time -D_FORTIFY_SOURCE=2 -g -O2 -fdebug-prefix-map=/<<PKGBUILDDIR>>=. -fstack-protector-strong -Wformat -Werror=format-security -Wall -O2 -DNDEBUG -c binding/impl/NullSecurityRule.cpp  -fPIC -DPIC -o .libs/NullSecurityRule.o
/bin/bash ../libtool  --tag=CXX   --mode=compile g++ -DHAVE_CONFIG_H -I. -I..   -Wdate-time -D_FORTIFY_SOURCE=2  -g -O2 -fdebug-prefix-map=/<<PKGBUILDDIR>>=. -fPIE -fstack-protector-strong -Wformat -Werror=format-security -Wall -O2 -DNDEBUG -c -o SAMLArtifact.lo `test -f 'binding/impl/SAMLArtifact.cpp' || echo './'`binding/impl/SAMLArtifact.cpp
libtool: compile:  g++ -DHAVE_CONFIG_H -I. -I.. -Wdate-time -D_FORTIFY_SOURCE=2 -g -O2 -fdebug-prefix-map=/<<PKGBUILDDIR>>=. -fstack-protector-strong -Wformat -Werror=format-security -Wall -O2 -DNDEBUG -c binding/impl/SAMLArtifact.cpp  -fPIC -DPIC -o .libs/SAMLArtifact.o
/bin/bash ../libtool  --tag=CXX   --mode=compile g++ -DHAVE_CONFIG_H -I. -I..   -Wdate-time -D_FORTIFY_SOURCE=2  -g -O2 -fdebug-prefix-map=/<<PKGBUILDDIR>>=. -fPIE -fstack-protector-strong -Wformat -Werror=format-security -Wall -O2 -DNDEBUG -c -o SecurityPolicy.lo `test -f 'binding/impl/SecurityPolicy.cpp' || echo './'`binding/impl/SecurityPolicy.cpp
libtool: compile:  g++ -DHAVE_CONFIG_H -I. -I.. -Wdate-time -D_FORTIFY_SOURCE=2 -g -O2 -fdebug-prefix-map=/<<PKGBUILDDIR>>=. -fstack-protector-strong -Wformat -Werror=format-security -Wall -O2 -DNDEBUG -c binding/impl/SecurityPolicy.cpp  -fPIC -DPIC -o .libs/SecurityPolicy.o
/bin/bash ../libtool  --tag=CXX   --mode=compile g++ -DHAVE_CONFIG_H -I. -I..   -Wdate-time -D_FORTIFY_SOURCE=2  -g -O2 -fdebug-prefix-map=/<<PKGBUILDDIR>>=. -fPIE -fstack-protector-strong -Wformat -Werror=format-security -Wall -O2 -DNDEBUG -c -o SimpleSigningRule.lo `test -f 'binding/impl/SimpleSigningRule.cpp' || echo './'`binding/impl/SimpleSigningRule.cpp
libtool: compile:  g++ -DHAVE_CONFIG_H -I. -I.. -Wdate-time -D_FORTIFY_SOURCE=2 -g -O2 -fdebug-prefix-map=/<<PKGBUILDDIR>>=. -fstack-protector-strong -Wformat -Werror=format-security -Wall -O2 -DNDEBUG -c binding/impl/SimpleSigningRule.cpp  -fPIC -DPIC -o .libs/SimpleSigningRule.o
/bin/bash ../libtool  --tag=CXX   --mode=compile g++ -DHAVE_CONFIG_H -I. -I..   -Wdate-time -D_FORTIFY_SOURCE=2  -g -O2 -fdebug-prefix-map=/<<PKGBUILDDIR>>=. -fPIE -fstack-protector-strong -Wformat -Werror=format-security -Wall -O2 -DNDEBUG -c -o SOAPClient.lo `test -f 'binding/impl/SOAPClient.cpp' || echo './'`binding/impl/SOAPClient.cpp
libtool: compile:  g++ -DHAVE_CONFIG_H -I. -I.. -Wdate-time -D_FORTIFY_SOURCE=2 -g -O2 -fdebug-prefix-map=/<<PKGBUILDDIR>>=. -fstack-protector-strong -Wformat -Werror=format-security -Wall -O2 -DNDEBUG -c binding/impl/SOAPClient.cpp  -fPIC -DPIC -o .libs/SOAPClient.o
/bin/bash ../libtool  --tag=CXX   --mode=compile g++ -DHAVE_CONFIG_H -I. -I..   -Wdate-time -D_FORTIFY_SOURCE=2  -g -O2 -fdebug-prefix-map=/<<PKGBUILDDIR>>=. -fPIE -fstack-protector-strong -Wformat -Werror=format-security -Wall -O2 -DNDEBUG -c -o XMLSigningRule.lo `test -f 'binding/impl/XMLSigningRule.cpp' || echo './'`binding/impl/XMLSigningRule.cpp
libtool: compile:  g++ -DHAVE_CONFIG_H -I. -I.. -Wdate-time -D_FORTIFY_SOURCE=2 -g -O2 -fdebug-prefix-map=/<<PKGBUILDDIR>>=. -fstack-protector-strong -Wformat -Werror=format-security -Wall -O2 -DNDEBUG -c binding/impl/XMLSigningRule.cpp  -fPIC -DPIC -o .libs/XMLSigningRule.o
/bin/bash ../libtool  --tag=CXX   --mode=compile g++ -DHAVE_CONFIG_H -I. -I..   -Wdate-time -D_FORTIFY_SOURCE=2  -g -O2 -fdebug-prefix-map=/<<PKGBUILDDIR>>=. -fPIE -fstack-protector-strong -Wformat -Werror=format-security -Wall -O2 -DNDEBUG -c -o AudienceRestrictionRule.lo `test -f 'profile/impl/AudienceRestrictionRule.cpp' || echo './'`profile/impl/AudienceRestrictionRule.cpp
libtool: compile:  g++ -DHAVE_CONFIG_H -I. -I.. -Wdate-time -D_FORTIFY_SOURCE=2 -g -O2 -fdebug-prefix-map=/<<PKGBUILDDIR>>=. -fstack-protector-strong -Wformat -Werror=format-security -Wall -O2 -DNDEBUG -c profile/impl/AudienceRestrictionRule.cpp  -fPIC -DPIC -o .libs/AudienceRestrictionRule.o
/bin/bash ../libtool  --tag=CXX   --mode=compile g++ -DHAVE_CONFIG_H -I. -I..   -Wdate-time -D_FORTIFY_SOURCE=2  -g -O2 -fdebug-prefix-map=/<<PKGBUILDDIR>>=. -fPIE -fstack-protector-strong -Wformat -Werror=format-security -Wall -O2 -DNDEBUG -c -o ConditionsRule.lo `test -f 'profile/impl/ConditionsRule.cpp' || echo './'`profile/impl/ConditionsRule.cpp
libtool: compile:  g++ -DHAVE_CONFIG_H -I. -I.. -Wdate-time -D_FORTIFY_SOURCE=2 -g -O2 -fdebug-prefix-map=/<<PKGBUILDDIR>>=. -fstack-protector-strong -Wformat -Werror=format-security -Wall -O2 -DNDEBUG -c profile/impl/ConditionsRule.cpp  -fPIC -DPIC -o .libs/ConditionsRule.o
/bin/bash ../libtool  --tag=CXX   --mode=compile g++ -DHAVE_CONFIG_H -I. -I..   -Wdate-time -D_FORTIFY_SOURCE=2  -g -O2 -fdebug-prefix-map=/<<PKGBUILDDIR>>=. -fPIE -fstack-protector-strong -Wformat -Werror=format-security -Wall -O2 -DNDEBUG -c -o IgnoreRule.lo `test -f 'profile/impl/IgnoreRule.cpp' || echo './'`profile/impl/IgnoreRule.cpp
libtool: compile:  g++ -DHAVE_CONFIG_H -I. -I.. -Wdate-time -D_FORTIFY_SOURCE=2 -g -O2 -fdebug-prefix-map=/<<PKGBUILDDIR>>=. -fstack-protector-strong -Wformat -Werror=format-security -Wall -O2 -DNDEBUG -c profile/impl/IgnoreRule.cpp  -fPIC -DPIC -o .libs/IgnoreRule.o
/bin/bash ../libtool  --tag=CXX   --mode=compile g++ -DHAVE_CONFIG_H -I. -I..   -Wdate-time -D_FORTIFY_SOURCE=2  -g -O2 -fdebug-prefix-map=/<<PKGBUILDDIR>>=. -fPIE -fstack-protector-strong -Wformat -Werror=format-security -Wall -O2 -DNDEBUG -c -o AssertionsImpl.lo `test -f 'saml1/core/impl/AssertionsImpl.cpp' || echo './'`saml1/core/impl/AssertionsImpl.cpp
libtool: compile:  g++ -DHAVE_CONFIG_H -I. -I.. -Wdate-time -D_FORTIFY_SOURCE=2 -g -O2 -fdebug-prefix-map=/<<PKGBUILDDIR>>=. -fstack-protector-strong -Wformat -Werror=format-security -Wall -O2 -DNDEBUG -c saml1/core/impl/AssertionsImpl.cpp  -fPIC -DPIC -o .libs/AssertionsImpl.o
/bin/bash ../libtool  --tag=CXX   --mode=compile g++ -DHAVE_CONFIG_H -I. -I..   -Wdate-time -D_FORTIFY_SOURCE=2  -g -O2 -fdebug-prefix-map=/<<PKGBUILDDIR>>=. -fPIE -fstack-protector-strong -Wformat -Werror=format-security -Wall -O2 -DNDEBUG -c -o AssertionsSchemaValidators.lo `test -f 'saml1/core/impl/AssertionsSchemaValidators.cpp' || echo './'`saml1/core/impl/AssertionsSchemaValidators.cpp
libtool: compile:  g++ -DHAVE_CONFIG_H -I. -I.. -Wdate-time -D_FORTIFY_SOURCE=2 -g -O2 -fdebug-prefix-map=/<<PKGBUILDDIR>>=. -fstack-protector-strong -Wformat -Werror=format-security -Wall -O2 -DNDEBUG -c saml1/core/impl/AssertionsSchemaValidators.cpp  -fPIC -DPIC -o .libs/AssertionsSchemaValidators.o
/bin/bash ../libtool  --tag=CXX   --mode=compile g++ -DHAVE_CONFIG_H -I. -I..   -Wdate-time -D_FORTIFY_SOURCE=2  -g -O2 -fdebug-prefix-map=/<<PKGBUILDDIR>>=. -fPIE -fstack-protector-strong -Wformat -Werror=format-security -Wall -O2 -DNDEBUG -c -o ProtocolsImpl.lo `test -f 'saml1/core/impl/ProtocolsImpl.cpp' || echo './'`saml1/core/impl/ProtocolsImpl.cpp
libtool: compile:  g++ -DHAVE_CONFIG_H -I. -I.. -Wdate-time -D_FORTIFY_SOURCE=2 -g -O2 -fdebug-prefix-map=/<<PKGBUILDDIR>>=. -fstack-protector-strong -Wformat -Werror=format-security -Wall -O2 -DNDEBUG -c saml1/core/impl/ProtocolsImpl.cpp  -fPIC -DPIC -o .libs/ProtocolsImpl.o
/bin/bash ../libtool  --tag=CXX   --mode=compile g++ -DHAVE_CONFIG_H -I. -I..   -Wdate-time -D_FORTIFY_SOURCE=2  -g -O2 -fdebug-prefix-map=/<<PKGBUILDDIR>>=. -fPIE -fstack-protector-strong -Wformat -Werror=format-security -Wall -O2 -DNDEBUG -c -o ProtocolsSchemaValidators.lo `test -f 'saml1/core/impl/ProtocolsSchemaValidators.cpp' || echo './'`saml1/core/impl/ProtocolsSchemaValidators.cpp
libtool: compile:  g++ -DHAVE_CONFIG_H -I. -I.. -Wdate-time -D_FORTIFY_SOURCE=2 -g -O2 -fdebug-prefix-map=/<<PKGBUILDDIR>>=. -fstack-protector-strong -Wformat -Werror=format-security -Wall -O2 -DNDEBUG -c saml1/core/impl/ProtocolsSchemaValidators.cpp  -fPIC -DPIC -o .libs/ProtocolsSchemaValidators.o
/bin/bash ../libtool  --tag=CXX   --mode=compile g++ -DHAVE_CONFIG_H -I. -I..   -Wdate-time -D_FORTIFY_SOURCE=2  -g -O2 -fdebug-prefix-map=/<<PKGBUILDDIR>>=. -fPIE -fstack-protector-strong -Wformat -Werror=format-security -Wall -O2 -DNDEBUG -c -o SAMLArtifactType0001.lo `test -f 'saml1/binding/impl/SAMLArtifactType0001.cpp' || echo './'`saml1/binding/impl/SAMLArtifactType0001.cpp
libtool: compile:  g++ -DHAVE_CONFIG_H -I. -I.. -Wdate-time -D_FORTIFY_SOURCE=2 -g -O2 -fdebug-prefix-map=/<<PKGBUILDDIR>>=. -fstack-protector-strong -Wformat -Werror=format-security -Wall -O2 -DNDEBUG -c saml1/binding/impl/SAMLArtifactType0001.cpp  -fPIC -DPIC -o .libs/SAMLArtifactType0001.o
/bin/bash ../libtool  --tag=CXX   --mode=compile g++ -DHAVE_CONFIG_H -I. -I..   -Wdate-time -D_FORTIFY_SOURCE=2  -g -O2 -fdebug-prefix-map=/<<PKGBUILDDIR>>=. -fPIE -fstack-protector-strong -Wformat -Werror=format-security -Wall -O2 -DNDEBUG -c -o SAMLArtifactType0002.lo `test -f 'saml1/binding/impl/SAMLArtifactType0002.cpp' || echo './'`saml1/binding/impl/SAMLArtifactType0002.cpp
libtool: compile:  g++ -DHAVE_CONFIG_H -I. -I.. -Wdate-time -D_FORTIFY_SOURCE=2 -g -O2 -fdebug-prefix-map=/<<PKGBUILDDIR>>=. -fstack-protector-strong -Wformat -Werror=format-security -Wall -O2 -DNDEBUG -c saml1/binding/impl/SAMLArtifactType0002.cpp  -fPIC -DPIC -o .libs/SAMLArtifactType0002.o
/bin/bash ../libtool  --tag=CXX   --mode=compile g++ -DHAVE_CONFIG_H -I. -I..   -Wdate-time -D_FORTIFY_SOURCE=2  -g -O2 -fdebug-prefix-map=/<<PKGBUILDDIR>>=. -fPIE -fstack-protector-strong -Wformat -Werror=format-security -Wall -O2 -DNDEBUG -c -o SAML1ArtifactDecoder.lo `test -f 'saml1/binding/impl/SAML1ArtifactDecoder.cpp' || echo './'`saml1/binding/impl/SAML1ArtifactDecoder.cpp
libtool: compile:  g++ -DHAVE_CONFIG_H -I. -I.. -Wdate-time -D_FORTIFY_SOURCE=2 -g -O2 -fdebug-prefix-map=/<<PKGBUILDDIR>>=. -fstack-protector-strong -Wformat -Werror=format-security -Wall -O2 -DNDEBUG -c saml1/binding/impl/SAML1ArtifactDecoder.cpp  -fPIC -DPIC -o .libs/SAML1ArtifactDecoder.o
/bin/bash ../libtool  --tag=CXX   --mode=compile g++ -DHAVE_CONFIG_H -I. -I..   -Wdate-time -D_FORTIFY_SOURCE=2  -g -O2 -fdebug-prefix-map=/<<PKGBUILDDIR>>=. -fPIE -fstack-protector-strong -Wformat -Werror=format-security -Wall -O2 -DNDEBUG -c -o SAML1ArtifactEncoder.lo `test -f 'saml1/binding/impl/SAML1ArtifactEncoder.cpp' || echo './'`saml1/binding/impl/SAML1ArtifactEncoder.cpp
libtool: compile:  g++ -DHAVE_CONFIG_H -I. -I.. -Wdate-time -D_FORTIFY_SOURCE=2 -g -O2 -fdebug-prefix-map=/<<PKGBUILDDIR>>=. -fstack-protector-strong -Wformat -Werror=format-security -Wall -O2 -DNDEBUG -c saml1/binding/impl/SAML1ArtifactEncoder.cpp  -fPIC -DPIC -o .libs/SAML1ArtifactEncoder.o
/bin/bash ../libtool  --tag=CXX   --mode=compile g++ -DHAVE_CONFIG_H -I. -I..   -Wdate-time -D_FORTIFY_SOURCE=2  -g -O2 -fdebug-prefix-map=/<<PKGBUILDDIR>>=. -fPIE -fstack-protector-strong -Wformat -Werror=format-security -Wall -O2 -DNDEBUG -c -o SAML1MessageDecoder.lo `test -f 'saml1/binding/impl/SAML1MessageDecoder.cpp' || echo './'`saml1/binding/impl/SAML1MessageDecoder.cpp
libtool: compile:  g++ -DHAVE_CONFIG_H -I. -I.. -Wdate-time -D_FORTIFY_SOURCE=2 -g -O2 -fdebug-prefix-map=/<<PKGBUILDDIR>>=. -fstack-protector-strong -Wformat -Werror=format-security -Wall -O2 -DNDEBUG -c saml1/binding/impl/SAML1MessageDecoder.cpp  -fPIC -DPIC -o .libs/SAML1MessageDecoder.o
/bin/bash ../libtool  --tag=CXX   --mode=compile g++ -DHAVE_CONFIG_H -I. -I..   -Wdate-time -D_FORTIFY_SOURCE=2  -g -O2 -fdebug-prefix-map=/<<PKGBUILDDIR>>=. -fPIE -fstack-protector-strong -Wformat -Werror=format-security -Wall -O2 -DNDEBUG -c -o SAML1POSTDecoder.lo `test -f 'saml1/binding/impl/SAML1POSTDecoder.cpp' || echo './'`saml1/binding/impl/SAML1POSTDecoder.cpp
libtool: compile:  g++ -DHAVE_CONFIG_H -I. -I.. -Wdate-time -D_FORTIFY_SOURCE=2 -g -O2 -fdebug-prefix-map=/<<PKGBUILDDIR>>=. -fstack-protector-strong -Wformat -Werror=format-security -Wall -O2 -DNDEBUG -c saml1/binding/impl/SAML1POSTDecoder.cpp  -fPIC -DPIC -o .libs/SAML1POSTDecoder.o
/bin/bash ../libtool  --tag=CXX   --mode=compile g++ -DHAVE_CONFIG_H -I. -I..   -Wdate-time -D_FORTIFY_SOURCE=2  -g -O2 -fdebug-prefix-map=/<<PKGBUILDDIR>>=. -fPIE -fstack-protector-strong -Wformat -Werror=format-security -Wall -O2 -DNDEBUG -c -o SAML1POSTEncoder.lo `test -f 'saml1/binding/impl/SAML1POSTEncoder.cpp' || echo './'`saml1/binding/impl/SAML1POSTEncoder.cpp
libtool: compile:  g++ -DHAVE_CONFIG_H -I. -I.. -Wdate-time -D_FORTIFY_SOURCE=2 -g -O2 -fdebug-prefix-map=/<<PKGBUILDDIR>>=. -fstack-protector-strong -Wformat -Werror=format-security -Wall -O2 -DNDEBUG -c saml1/binding/impl/SAML1POSTEncoder.cpp  -fPIC -DPIC -o .libs/SAML1POSTEncoder.o
/bin/bash ../libtool  --tag=CXX   --mode=compile g++ -DHAVE_CONFIG_H -I. -I..   -Wdate-time -D_FORTIFY_SOURCE=2  -g -O2 -fdebug-prefix-map=/<<PKGBUILDDIR>>=. -fPIE -fstack-protector-strong -Wformat -Werror=format-security -Wall -O2 -DNDEBUG -c -o SAML1SOAPDecoder.lo `test -f 'saml1/binding/impl/SAML1SOAPDecoder.cpp' || echo './'`saml1/binding/impl/SAML1SOAPDecoder.cpp
libtool: compile:  g++ -DHAVE_CONFIG_H -I. -I.. -Wdate-time -D_FORTIFY_SOURCE=2 -g -O2 -fdebug-prefix-map=/<<PKGBUILDDIR>>=. -fstack-protector-strong -Wformat -Werror=format-security -Wall -O2 -DNDEBUG -c saml1/binding/impl/SAML1SOAPDecoder.cpp  -fPIC -DPIC -o .libs/SAML1SOAPDecoder.o
/bin/bash ../libtool  --tag=CXX   --mode=compile g++ -DHAVE_CONFIG_H -I. -I..   -Wdate-time -D_FORTIFY_SOURCE=2  -g -O2 -fdebug-prefix-map=/<<PKGBUILDDIR>>=. -fPIE -fstack-protector-strong -Wformat -Werror=format-security -Wall -O2 -DNDEBUG -c -o SAML1SOAPEncoder.lo `test -f 'saml1/binding/impl/SAML1SOAPEncoder.cpp' || echo './'`saml1/binding/impl/SAML1SOAPEncoder.cpp
libtool: compile:  g++ -DHAVE_CONFIG_H -I. -I.. -Wdate-time -D_FORTIFY_SOURCE=2 -g -O2 -fdebug-prefix-map=/<<PKGBUILDDIR>>=. -fstack-protector-strong -Wformat -Werror=format-security -Wall -O2 -DNDEBUG -c saml1/binding/impl/SAML1SOAPEncoder.cpp  -fPIC -DPIC -o .libs/SAML1SOAPEncoder.o
/bin/bash ../libtool  --tag=CXX   --mode=compile g++ -DHAVE_CONFIG_H -I. -I..   -Wdate-time -D_FORTIFY_SOURCE=2  -g -O2 -fdebug-prefix-map=/<<PKGBUILDDIR>>=. -fPIE -fstack-protector-strong -Wformat -Werror=format-security -Wall -O2 -DNDEBUG -c -o SAML1SOAPClient.lo `test -f 'saml1/binding/impl/SAML1SOAPClient.cpp' || echo './'`saml1/binding/impl/SAML1SOAPClient.cpp
libtool: compile:  g++ -DHAVE_CONFIG_H -I. -I.. -Wdate-time -D_FORTIFY_SOURCE=2 -g -O2 -fdebug-prefix-map=/<<PKGBUILDDIR>>=. -fstack-protector-strong -Wformat -Werror=format-security -Wall -O2 -DNDEBUG -c saml1/binding/impl/SAML1SOAPClient.cpp  -fPIC -DPIC -o .libs/SAML1SOAPClient.o
/bin/bash ../libtool  --tag=CXX   --mode=compile g++ -DHAVE_CONFIG_H -I. -I..   -Wdate-time -D_FORTIFY_SOURCE=2  -g -O2 -fdebug-prefix-map=/<<PKGBUILDDIR>>=. -fPIE -fstack-protector-strong -Wformat -Werror=format-security -Wall -O2 -DNDEBUG -c -o AssertionValidator.lo `test -f 'saml1/profile/impl/AssertionValidator.cpp' || echo './'`saml1/profile/impl/AssertionValidator.cpp
libtool: compile:  g++ -DHAVE_CONFIG_H -I. -I.. -Wdate-time -D_FORTIFY_SOURCE=2 -g -O2 -fdebug-prefix-map=/<<PKGBUILDDIR>>=. -fstack-protector-strong -Wformat -Werror=format-security -Wall -O2 -DNDEBUG -c saml1/profile/impl/AssertionValidator.cpp  -fPIC -DPIC -o .libs/AssertionValidator.o
/bin/bash ../libtool  --tag=CXX   --mode=compile g++ -DHAVE_CONFIG_H -I. -I..   -Wdate-time -D_FORTIFY_SOURCE=2  -g -O2 -fdebug-prefix-map=/<<PKGBUILDDIR>>=. -fPIE -fstack-protector-strong -Wformat -Werror=format-security -Wall -O2 -DNDEBUG -c -o BrowserSSOProfileValidator.lo `test -f 'saml1/profile/impl/BrowserSSOProfileValidator.cpp' || echo './'`saml1/profile/impl/BrowserSSOProfileValidator.cpp
libtool: compile:  g++ -DHAVE_CONFIG_H -I. -I.. -Wdate-time -D_FORTIFY_SOURCE=2 -g -O2 -fdebug-prefix-map=/<<PKGBUILDDIR>>=. -fstack-protector-strong -Wformat -Werror=format-security -Wall -O2 -DNDEBUG -c saml1/profile/impl/BrowserSSOProfileValidator.cpp  -fPIC -DPIC -o .libs/BrowserSSOProfileValidator.o
/bin/bash ../libtool  --tag=CXX   --mode=compile g++ -DHAVE_CONFIG_H -I. -I..   -Wdate-time -D_FORTIFY_SOURCE=2  -g -O2 -fdebug-prefix-map=/<<PKGBUILDDIR>>=. -fPIE -fstack-protector-strong -Wformat -Werror=format-security -Wall -O2 -DNDEBUG -c -o SAML1BrowserSSORule.lo `test -f 'saml1/profile/impl/SAML1BrowserSSORule.cpp' || echo './'`saml1/profile/impl/SAML1BrowserSSORule.cpp
libtool: compile:  g++ -DHAVE_CONFIG_H -I. -I.. -Wdate-time -D_FORTIFY_SOURCE=2 -g -O2 -fdebug-prefix-map=/<<PKGBUILDDIR>>=. -fstack-protector-strong -Wformat -Werror=format-security -Wall -O2 -DNDEBUG -c saml1/profile/impl/SAML1BrowserSSORule.cpp  -fPIC -DPIC -o .libs/SAML1BrowserSSORule.o
/bin/bash ../libtool  --tag=CXX   --mode=compile g++ -DHAVE_CONFIG_H -I. -I..   -Wdate-time -D_FORTIFY_SOURCE=2  -g -O2 -fdebug-prefix-map=/<<PKGBUILDDIR>>=. -fPIE -fstack-protector-strong -Wformat -Werror=format-security -Wall -O2 -DNDEBUG -c -o Assertions.lo `test -f 'saml2/core/impl/Assertions.cpp' || echo './'`saml2/core/impl/Assertions.cpp
libtool: compile:  g++ -DHAVE_CONFIG_H -I. -I.. -Wdate-time -D_FORTIFY_SOURCE=2 -g -O2 -fdebug-prefix-map=/<<PKGBUILDDIR>>=. -fstack-protector-strong -Wformat -Werror=format-security -Wall -O2 -DNDEBUG -c saml2/core/impl/Assertions.cpp  -fPIC -DPIC -o .libs/Assertions.o
/bin/bash ../libtool  --tag=CXX   --mode=compile g++ -DHAVE_CONFIG_H -I. -I..   -Wdate-time -D_FORTIFY_SOURCE=2  -g -O2 -fdebug-prefix-map=/<<PKGBUILDDIR>>=. -fPIE -fstack-protector-strong -Wformat -Werror=format-security -Wall -O2 -DNDEBUG -c -o Assertions20Impl.lo `test -f 'saml2/core/impl/Assertions20Impl.cpp' || echo './'`saml2/core/impl/Assertions20Impl.cpp
libtool: compile:  g++ -DHAVE_CONFIG_H -I. -I.. -Wdate-time -D_FORTIFY_SOURCE=2 -g -O2 -fdebug-prefix-map=/<<PKGBUILDDIR>>=. -fstack-protector-strong -Wformat -Werror=format-security -Wall -O2 -DNDEBUG -c saml2/core/impl/Assertions20Impl.cpp  -fPIC -DPIC -o .libs/Assertions20Impl.o
/bin/bash ../libtool  --tag=CXX   --mode=compile g++ -DHAVE_CONFIG_H -I. -I..   -Wdate-time -D_FORTIFY_SOURCE=2  -g -O2 -fdebug-prefix-map=/<<PKGBUILDDIR>>=. -fPIE -fstack-protector-strong -Wformat -Werror=format-security -Wall -O2 -DNDEBUG -c -o Assertions20SchemaValidators.lo `test -f 'saml2/core/impl/Assertions20SchemaValidators.cpp' || echo './'`saml2/core/impl/Assertions20SchemaValidators.cpp
libtool: compile:  g++ -DHAVE_CONFIG_H -I. -I.. -Wdate-time -D_FORTIFY_SOURCE=2 -g -O2 -fdebug-prefix-map=/<<PKGBUILDDIR>>=. -fstack-protector-strong -Wformat -Werror=format-security -Wall -O2 -DNDEBUG -c saml2/core/impl/Assertions20SchemaValidators.cpp  -fPIC -DPIC -o .libs/Assertions20SchemaValidators.o
/bin/bash ../libtool  --tag=CXX   --mode=compile g++ -DHAVE_CONFIG_H -I. -I..   -Wdate-time -D_FORTIFY_SOURCE=2  -g -O2 -fdebug-prefix-map=/<<PKGBUILDDIR>>=. -fPIE -fstack-protector-strong -Wformat -Werror=format-security -Wall -O2 -DNDEBUG -c -o Protocols20Impl.lo `test -f 'saml2/core/impl/Protocols20Impl.cpp' || echo './'`saml2/core/impl/Protocols20Impl.cpp
libtool: compile:  g++ -DHAVE_CONFIG_H -I. -I.. -Wdate-time -D_FORTIFY_SOURCE=2 -g -O2 -fdebug-prefix-map=/<<PKGBUILDDIR>>=. -fstack-protector-strong -Wformat -Werror=format-security -Wall -O2 -DNDEBUG -c saml2/core/impl/Protocols20Impl.cpp  -fPIC -DPIC -o .libs/Protocols20Impl.o
/bin/bash ../libtool  --tag=CXX   --mode=compile g++ -DHAVE_CONFIG_H -I. -I..   -Wdate-time -D_FORTIFY_SOURCE=2  -g -O2 -fdebug-prefix-map=/<<PKGBUILDDIR>>=. -fPIE -fstack-protector-strong -Wformat -Werror=format-security -Wall -O2 -DNDEBUG -c -o Protocols20SchemaValidators.lo `test -f 'saml2/core/impl/Protocols20SchemaValidators.cpp' || echo './'`saml2/core/impl/Protocols20SchemaValidators.cpp
libtool: compile:  g++ -DHAVE_CONFIG_H -I. -I.. -Wdate-time -D_FORTIFY_SOURCE=2 -g -O2 -fdebug-prefix-map=/<<PKGBUILDDIR>>=. -fstack-protector-strong -Wformat -Werror=format-security -Wall -O2 -DNDEBUG -c saml2/core/impl/Protocols20SchemaValidators.cpp  -fPIC -DPIC -o .libs/Protocols20SchemaValidators.o
/bin/bash ../libtool  --tag=CXX   --mode=compile g++ -DHAVE_CONFIG_H -I. -I..   -Wdate-time -D_FORTIFY_SOURCE=2  -g -O2 -fdebug-prefix-map=/<<PKGBUILDDIR>>=. -fPIE -fstack-protector-strong -Wformat -Werror=format-security -Wall -O2 -DNDEBUG -c -o AbstractMetadataProvider.lo `test -f 'saml2/metadata/impl/AbstractMetadataProvider.cpp' || echo './'`saml2/metadata/impl/AbstractMetadataProvider.cpp
libtool: compile:  g++ -DHAVE_CONFIG_H -I. -I.. -Wdate-time -D_FORTIFY_SOURCE=2 -g -O2 -fdebug-prefix-map=/<<PKGBUILDDIR>>=. -fstack-protector-strong -Wformat -Werror=format-security -Wall -O2 -DNDEBUG -c saml2/metadata/impl/AbstractMetadataProvider.cpp  -fPIC -DPIC -o .libs/AbstractMetadataProvider.o
/bin/bash ../libtool  --tag=CXX   --mode=compile g++ -DHAVE_CONFIG_H -I. -I..   -Wdate-time -D_FORTIFY_SOURCE=2  -g -O2 -fdebug-prefix-map=/<<PKGBUILDDIR>>=. -fPIE -fstack-protector-strong -Wformat -Werror=format-security -Wall -O2 -DNDEBUG -c -o BlacklistMetadataFilter.lo `test -f 'saml2/metadata/impl/BlacklistMetadataFilter.cpp' || echo './'`saml2/metadata/impl/BlacklistMetadataFilter.cpp
libtool: compile:  g++ -DHAVE_CONFIG_H -I. -I.. -Wdate-time -D_FORTIFY_SOURCE=2 -g -O2 -fdebug-prefix-map=/<<PKGBUILDDIR>>=. -fstack-protector-strong -Wformat -Werror=format-security -Wall -O2 -DNDEBUG -c saml2/metadata/impl/BlacklistMetadataFilter.cpp  -fPIC -DPIC -o .libs/BlacklistMetadataFilter.o
/bin/bash ../libtool  --tag=CXX   --mode=compile g++ -DHAVE_CONFIG_H -I. -I..   -Wdate-time -D_FORTIFY_SOURCE=2  -g -O2 -fdebug-prefix-map=/<<PKGBUILDDIR>>=. -fPIE -fstack-protector-strong -Wformat -Werror=format-security -Wall -O2 -DNDEBUG -c -o ChainingMetadataProvider.lo `test -f 'saml2/metadata/impl/ChainingMetadataProvider.cpp' || echo './'`saml2/metadata/impl/ChainingMetadataProvider.cpp
libtool: compile:  g++ -DHAVE_CONFIG_H -I. -I.. -Wdate-time -D_FORTIFY_SOURCE=2 -g -O2 -fdebug-prefix-map=/<<PKGBUILDDIR>>=. -fstack-protector-strong -Wformat -Werror=format-security -Wall -O2 -DNDEBUG -c saml2/metadata/impl/ChainingMetadataProvider.cpp  -fPIC -DPIC -o .libs/ChainingMetadataProvider.o
/bin/bash ../libtool  --tag=CXX   --mode=compile g++ -DHAVE_CONFIG_H -I. -I..   -Wdate-time -D_FORTIFY_SOURCE=2  -g -O2 -fdebug-prefix-map=/<<PKGBUILDDIR>>=. -fPIE -fstack-protector-strong -Wformat -Werror=format-security -Wall -O2 -DNDEBUG -c -o DiscoverableMetadataProvider.lo `test -f 'saml2/metadata/impl/DiscoverableMetadataProvider.cpp' || echo './'`saml2/metadata/impl/DiscoverableMetadataProvider.cpp
libtool: compile:  g++ -DHAVE_CONFIG_H -I. -I.. -Wdate-time -D_FORTIFY_SOURCE=2 -g -O2 -fdebug-prefix-map=/<<PKGBUILDDIR>>=. -fstack-protector-strong -Wformat -Werror=format-security -Wall -O2 -DNDEBUG -c saml2/metadata/impl/DiscoverableMetadataProvider.cpp  -fPIC -DPIC -o .libs/DiscoverableMetadataProvider.o
/bin/bash ../libtool  --tag=CXX   --mode=compile g++ -DHAVE_CONFIG_H -I. -I..   -Wdate-time -D_FORTIFY_SOURCE=2  -g -O2 -fdebug-prefix-map=/<<PKGBUILDDIR>>=. -fPIE -fstack-protector-strong -Wformat -Werror=format-security -Wall -O2 -DNDEBUG -c -o DynamicMetadataProvider.lo `test -f 'saml2/metadata/impl/DynamicMetadataProvider.cpp' || echo './'`saml2/metadata/impl/DynamicMetadataProvider.cpp
libtool: compile:  g++ -DHAVE_CONFIG_H -I. -I.. -Wdate-time -D_FORTIFY_SOURCE=2 -g -O2 -fdebug-prefix-map=/<<PKGBUILDDIR>>=. -fstack-protector-strong -Wformat -Werror=format-security -Wall -O2 -DNDEBUG -c saml2/metadata/impl/DynamicMetadataProvider.cpp  -fPIC -DPIC -o .libs/DynamicMetadataProvider.o
In file included from saml2/metadata/impl/DynamicMetadataProvider.cpp:30:
./saml2/metadata/DynamicMetadataProvider.h:71:39: warning: 'opensaml::saml2md::DynamicMetadataProvider::resolve' hides overloaded virtual functions [-Woverloaded-virtual]
            virtual EntityDescriptor* resolve(const Criteria& criteria) const;
                                      ^
../saml/saml2/metadata/AbstractMetadataProvider.h:89:43: note: hidden overloaded virtual function 'opensaml::saml2md::AbstractMetadataProvider::resolve' declared here: type mismatch at 1st parameter ('const xmltooling::CredentialCriteria *' vs 'const opensaml::saml2md::MetadataProvider::Criteria &')
            const xmltooling::Credential* resolve(const xmltooling::CredentialCriteria* criteria=nullptr) const;
                                          ^
../saml/saml2/metadata/AbstractMetadataProvider.h:90:67: note: hidden overloaded virtual function 'opensaml::saml2md::AbstractMetadataProvider::resolve' declared here: different number of parameters (2 vs 1)
            std::vector<const xmltooling::Credential*>::size_type resolve(
                                                                  ^
1 warning generated.
/bin/bash ../libtool  --tag=CXX   --mode=compile g++ -DHAVE_CONFIG_H -I. -I..   -Wdate-time -D_FORTIFY_SOURCE=2  -g -O2 -fdebug-prefix-map=/<<PKGBUILDDIR>>=. -fPIE -fstack-protector-strong -Wformat -Werror=format-security -Wall -O2 -DNDEBUG -c -o EntityAttributesEntityMatcher.lo `test -f 'saml2/metadata/impl/EntityAttributesEntityMatcher.cpp' || echo './'`saml2/metadata/impl/EntityAttributesEntityMatcher.cpp
libtool: compile:  g++ -DHAVE_CONFIG_H -I. -I.. -Wdate-time -D_FORTIFY_SOURCE=2 -g -O2 -fdebug-prefix-map=/<<PKGBUILDDIR>>=. -fstack-protector-strong -Wformat -Werror=format-security -Wall -O2 -DNDEBUG -c saml2/metadata/impl/EntityAttributesEntityMatcher.cpp  -fPIC -DPIC -o .libs/EntityAttributesEntityMatcher.o
/bin/bash ../libtool  --tag=CXX   --mode=compile g++ -DHAVE_CONFIG_H -I. -I..   -Wdate-time -D_FORTIFY_SOURCE=2  -g -O2 -fdebug-prefix-map=/<<PKGBUILDDIR>>=. -fPIE -fstack-protector-strong -Wformat -Werror=format-security -Wall -O2 -DNDEBUG -c -o EntityAttributesMetadataFilter.lo `test -f 'saml2/metadata/impl/EntityAttributesMetadataFilter.cpp' || echo './'`saml2/metadata/impl/EntityAttributesMetadataFilter.cpp
libtool: compile:  g++ -DHAVE_CONFIG_H -I. -I.. -Wdate-time -D_FORTIFY_SOURCE=2 -g -O2 -fdebug-prefix-map=/<<PKGBUILDDIR>>=. -fstack-protector-strong -Wformat -Werror=format-security -Wall -O2 -DNDEBUG -c saml2/metadata/impl/EntityAttributesMetadataFilter.cpp  -fPIC -DPIC -o .libs/EntityAttributesMetadataFilter.o
/bin/bash ../libtool  --tag=CXX   --mode=compile g++ -DHAVE_CONFIG_H -I. -I..   -Wdate-time -D_FORTIFY_SOURCE=2  -g -O2 -fdebug-prefix-map=/<<PKGBUILDDIR>>=. -fPIE -fstack-protector-strong -Wformat -Werror=format-security -Wall -O2 -DNDEBUG -c -o EntityRoleMetadataFilter.lo `test -f 'saml2/metadata/impl/EntityRoleMetadataFilter.cpp' || echo './'`saml2/metadata/impl/EntityRoleMetadataFilter.cpp
libtool: compile:  g++ -DHAVE_CONFIG_H -I. -I.. -Wdate-time -D_FORTIFY_SOURCE=2 -g -O2 -fdebug-prefix-map=/<<PKGBUILDDIR>>=. -fstack-protector-strong -Wformat -Werror=format-security -Wall -O2 -DNDEBUG -c saml2/metadata/impl/EntityRoleMetadataFilter.cpp  -fPIC -DPIC -o .libs/EntityRoleMetadataFilter.o
saml2/metadata/impl/EntityRoleMetadataFilter.cpp:51:18: warning: 'opensaml::saml2md::EntityRoleMetadataFilter::doFilter' hides overloaded virtual function [-Woverloaded-virtual]
            void doFilter(EntityDescriptor& entity) const;
                 ^
./saml2/metadata/MetadataFilter.h:85:26: note: hidden overloaded virtual function 'opensaml::saml2md::MetadataFilter::doFilter' declared here: different number of parameters (2 vs 1)
            virtual void doFilter(const MetadataFilterContext* ctx, xmltooling::XMLObject& xmlObject) const;
                         ^
saml2/metadata/impl/EntityRoleMetadataFilter.cpp:52:18: warning: 'opensaml::saml2md::EntityRoleMetadataFilter::doFilter' hides overloaded virtual function [-Woverloaded-virtual]
            void doFilter(EntitiesDescriptor& entities) const;
                 ^
./saml2/metadata/MetadataFilter.h:85:26: note: hidden overloaded virtual function 'opensaml::saml2md::MetadataFilter::doFilter' declared here: different number of parameters (2 vs 1)
            virtual void doFilter(const MetadataFilterContext* ctx, xmltooling::XMLObject& xmlObject) const;
                         ^
2 warnings generated.
/bin/bash ../libtool  --tag=CXX   --mode=compile g++ -DHAVE_CONFIG_H -I. -I..   -Wdate-time -D_FORTIFY_SOURCE=2  -g -O2 -fdebug-prefix-map=/<<PKGBUILDDIR>>=. -fPIE -fstack-protector-strong -Wformat -Werror=format-security -Wall -O2 -DNDEBUG -c -o FolderMetadataProvider.lo `test -f 'saml2/metadata/impl/FolderMetadataProvider.cpp' || echo './'`saml2/metadata/impl/FolderMetadataProvider.cpp
libtool: compile:  g++ -DHAVE_CONFIG_H -I. -I.. -Wdate-time -D_FORTIFY_SOURCE=2 -g -O2 -fdebug-prefix-map=/<<PKGBUILDDIR>>=. -fstack-protector-strong -Wformat -Werror=format-security -Wall -O2 -DNDEBUG -c saml2/metadata/impl/FolderMetadataProvider.cpp  -fPIC -DPIC -o .libs/FolderMetadataProvider.o
/bin/bash ../libtool  --tag=CXX   --mode=compile g++ -DHAVE_CONFIG_H -I. -I..   -Wdate-time -D_FORTIFY_SOURCE=2  -g -O2 -fdebug-prefix-map=/<<PKGBUILDDIR>>=. -fPIE -fstack-protector-strong -Wformat -Werror=format-security -Wall -O2 -DNDEBUG -c -o MetadataCredentialContext.lo `test -f 'saml2/metadata/impl/MetadataCredentialContext.cpp' || echo './'`saml2/metadata/impl/MetadataCredentialContext.cpp
libtool: compile:  g++ -DHAVE_CONFIG_H -I. -I.. -Wdate-time -D_FORTIFY_SOURCE=2 -g -O2 -fdebug-prefix-map=/<<PKGBUILDDIR>>=. -fstack-protector-strong -Wformat -Werror=format-security -Wall -O2 -DNDEBUG -c saml2/metadata/impl/MetadataCredentialContext.cpp  -fPIC -DPIC -o .libs/MetadataCredentialContext.o
/bin/bash ../libtool  --tag=CXX   --mode=compile g++ -DHAVE_CONFIG_H -I. -I..   -Wdate-time -D_FORTIFY_SOURCE=2  -g -O2 -fdebug-prefix-map=/<<PKGBUILDDIR>>=. -fPIE -fstack-protector-strong -Wformat -Werror=format-security -Wall -O2 -DNDEBUG -c -o MetadataCredentialCriteria.lo `test -f 'saml2/metadata/impl/MetadataCredentialCriteria.cpp' || echo './'`saml2/metadata/impl/MetadataCredentialCriteria.cpp
libtool: compile:  g++ -DHAVE_CONFIG_H -I. -I.. -Wdate-time -D_FORTIFY_SOURCE=2 -g -O2 -fdebug-prefix-map=/<<PKGBUILDDIR>>=. -fstack-protector-strong -Wformat -Werror=format-security -Wall -O2 -DNDEBUG -c saml2/metadata/impl/MetadataCredentialCriteria.cpp  -fPIC -DPIC -o .libs/MetadataCredentialCriteria.o
/bin/bash ../libtool  --tag=CXX   --mode=compile g++ -DHAVE_CONFIG_H -I. -I..   -Wdate-time -D_FORTIFY_SOURCE=2  -g -O2 -fdebug-prefix-map=/<<PKGBUILDDIR>>=. -fPIE -fstack-protector-strong -Wformat -Werror=format-security -Wall -O2 -DNDEBUG -c -o MetadataImpl.lo `test -f 'saml2/metadata/impl/MetadataImpl.cpp' || echo './'`saml2/metadata/impl/MetadataImpl.cpp
libtool: compile:  g++ -DHAVE_CONFIG_H -I. -I.. -Wdate-time -D_FORTIFY_SOURCE=2 -g -O2 -fdebug-prefix-map=/<<PKGBUILDDIR>>=. -fstack-protector-strong -Wformat -Werror=format-security -Wall -O2 -DNDEBUG -c saml2/metadata/impl/MetadataImpl.cpp  -fPIC -DPIC -o .libs/MetadataImpl.o
/bin/bash ../libtool  --tag=CXX   --mode=compile g++ -DHAVE_CONFIG_H -I. -I..   -Wdate-time -D_FORTIFY_SOURCE=2  -g -O2 -fdebug-prefix-map=/<<PKGBUILDDIR>>=. -fPIE -fstack-protector-strong -Wformat -Werror=format-security -Wall -O2 -DNDEBUG -c -o MetadataProvider.lo `test -f 'saml2/metadata/impl/MetadataProvider.cpp' || echo './'`saml2/metadata/impl/MetadataProvider.cpp
libtool: compile:  g++ -DHAVE_CONFIG_H -I. -I.. -Wdate-time -D_FORTIFY_SOURCE=2 -g -O2 -fdebug-prefix-map=/<<PKGBUILDDIR>>=. -fstack-protector-strong -Wformat -Werror=format-security -Wall -O2 -DNDEBUG -c saml2/metadata/impl/MetadataProvider.cpp  -fPIC -DPIC -o .libs/MetadataProvider.o
/bin/bash ../libtool  --tag=CXX   --mode=compile g++ -DHAVE_CONFIG_H -I. -I..   -Wdate-time -D_FORTIFY_SOURCE=2  -g -O2 -fdebug-prefix-map=/<<PKGBUILDDIR>>=. -fPIE -fstack-protector-strong -Wformat -Werror=format-security -Wall -O2 -DNDEBUG -c -o MetadataSchemaValidators.lo `test -f 'saml2/metadata/impl/MetadataSchemaValidators.cpp' || echo './'`saml2/metadata/impl/MetadataSchemaValidators.cpp
libtool: compile:  g++ -DHAVE_CONFIG_H -I. -I.. -Wdate-time -D_FORTIFY_SOURCE=2 -g -O2 -fdebug-prefix-map=/<<PKGBUILDDIR>>=. -fstack-protector-strong -Wformat -Werror=format-security -Wall -O2 -DNDEBUG -c saml2/metadata/impl/MetadataSchemaValidators.cpp  -fPIC -DPIC -o .libs/MetadataSchemaValidators.o
/bin/bash ../libtool  --tag=CXX   --mode=compile g++ -DHAVE_CONFIG_H -I. -I..   -Wdate-time -D_FORTIFY_SOURCE=2  -g -O2 -fdebug-prefix-map=/<<PKGBUILDDIR>>=. -fPIE -fstack-protector-strong -Wformat -Werror=format-security -Wall -O2 -DNDEBUG -c -o NameEntityMatcher.lo `test -f 'saml2/metadata/impl/NameEntityMatcher.cpp' || echo './'`saml2/metadata/impl/NameEntityMatcher.cpp
libtool: compile:  g++ -DHAVE_CONFIG_H -I. -I.. -Wdate-time -D_FORTIFY_SOURCE=2 -g -O2 -fdebug-prefix-map=/<<PKGBUILDDIR>>=. -fstack-protector-strong -Wformat -Werror=format-security -Wall -O2 -DNDEBUG -c saml2/metadata/impl/NameEntityMatcher.cpp  -fPIC -DPIC -o .libs/NameEntityMatcher.o
/bin/bash ../libtool  --tag=CXX   --mode=compile g++ -DHAVE_CONFIG_H -I. -I..   -Wdate-time -D_FORTIFY_SOURCE=2  -g -O2 -fdebug-prefix-map=/<<PKGBUILDDIR>>=. -fPIE -fstack-protector-strong -Wformat -Werror=format-security -Wall -O2 -DNDEBUG -c -o NullMetadataProvider.lo `test -f 'saml2/metadata/impl/NullMetadataProvider.cpp' || echo './'`saml2/metadata/impl/NullMetadataProvider.cpp
libtool: compile:  g++ -DHAVE_CONFIG_H -I. -I.. -Wdate-time -D_FORTIFY_SOURCE=2 -g -O2 -fdebug-prefix-map=/<<PKGBUILDDIR>>=. -fstack-protector-strong -Wformat -Werror=format-security -Wall -O2 -DNDEBUG -c saml2/metadata/impl/NullMetadataProvider.cpp  -fPIC -DPIC -o .libs/NullMetadataProvider.o
In file included from saml2/metadata/impl/NullMetadataProvider.cpp:29:
./saml2/metadata/DynamicMetadataProvider.h:71:39: warning: 'opensaml::saml2md::DynamicMetadataProvider::resolve' hides overloaded virtual functions [-Woverloaded-virtual]
            virtual EntityDescriptor* resolve(const Criteria& criteria) const;
                                      ^
../saml/saml2/metadata/AbstractMetadataProvider.h:89:43: note: hidden overloaded virtual function 'opensaml::saml2md::AbstractMetadataProvider::resolve' declared here: type mismatch at 1st parameter ('const xmltooling::CredentialCriteria *' vs 'const opensaml::saml2md::MetadataProvider::Criteria &')
            const xmltooling::Credential* resolve(const xmltooling::CredentialCriteria* criteria=nullptr) const;
                                          ^
../saml/saml2/metadata/AbstractMetadataProvider.h:90:67: note: hidden overloaded virtual function 'opensaml::saml2md::AbstractMetadataProvider::resolve' declared here: different number of parameters (2 vs 1)
            std::vector<const xmltooling::Credential*>::size_type resolve(
                                                                  ^
saml2/metadata/impl/NullMetadataProvider.cpp:51:31: warning: 'opensaml::saml2md::NullMetadataProvider::resolve' hides overloaded virtual function [-Woverloaded-virtual]
            EntityDescriptor* resolve(const char* entityID) const;
                              ^
./saml2/metadata/DynamicMetadataProvider.h:71:39: note: hidden overloaded virtual function 'opensaml::saml2md::DynamicMetadataProvider::resolve' declared here: type mismatch at 1st parameter ('const opensaml::saml2md::MetadataProvider::Criteria &' vs 'const char *')
            virtual EntityDescriptor* resolve(const Criteria& criteria) const;
                                      ^
2 warnings generated.
/bin/bash ../libtool  --tag=CXX   --mode=compile g++ -DHAVE_CONFIG_H -I. -I..   -Wdate-time -D_FORTIFY_SOURCE=2  -g -O2 -fdebug-prefix-map=/<<PKGBUILDDIR>>=. -fPIE -fstack-protector-strong -Wformat -Werror=format-security -Wall -O2 -DNDEBUG -c -o ObservableMetadataProvider.lo `test -f 'saml2/metadata/impl/ObservableMetadataProvider.cpp' || echo './'`saml2/metadata/impl/ObservableMetadataProvider.cpp
libtool: compile:  g++ -DHAVE_CONFIG_H -I. -I.. -Wdate-time -D_FORTIFY_SOURCE=2 -g -O2 -fdebug-prefix-map=/<<PKGBUILDDIR>>=. -fstack-protector-strong -Wformat -Werror=format-security -Wall -O2 -DNDEBUG -c saml2/metadata/impl/ObservableMetadataProvider.cpp  -fPIC -DPIC -o .libs/ObservableMetadataProvider.o
/bin/bash ../libtool  --tag=CXX   --mode=compile g++ -DHAVE_CONFIG_H -I. -I..   -Wdate-time -D_FORTIFY_SOURCE=2  -g -O2 -fdebug-prefix-map=/<<PKGBUILDDIR>>=. -fPIE -fstack-protector-strong -Wformat -Werror=format-security -Wall -O2 -DNDEBUG -c -o SignatureMetadataFilter.lo `test -f 'saml2/metadata/impl/SignatureMetadataFilter.cpp' || echo './'`saml2/metadata/impl/SignatureMetadataFilter.cpp
libtool: compile:  g++ -DHAVE_CONFIG_H -I. -I.. -Wdate-time -D_FORTIFY_SOURCE=2 -g -O2 -fdebug-prefix-map=/<<PKGBUILDDIR>>=. -fstack-protector-strong -Wformat -Werror=format-security -Wall -O2 -DNDEBUG -c saml2/metadata/impl/SignatureMetadataFilter.cpp  -fPIC -DPIC -o .libs/SignatureMetadataFilter.o
saml2/metadata/impl/SignatureMetadataFilter.cpp:62:18: warning: 'opensaml::saml2md::SignatureMetadataFilter::doFilter' hides overloaded virtual function [-Woverloaded-virtual]
            void doFilter(EntitiesDescriptor& entities, bool rootObject=false) const;
                 ^
./saml2/metadata/MetadataFilter.h:85:26: note: hidden overloaded virtual function 'opensaml::saml2md::MetadataFilter::doFilter' declared here: type mismatch at 1st parameter ('const opensaml::saml2md::MetadataFilterContext *' vs 'opensaml::saml2md::EntitiesDescriptor &')
            virtual void doFilter(const MetadataFilterContext* ctx, xmltooling::XMLObject& xmlObject) const;
                         ^
saml2/metadata/impl/SignatureMetadataFilter.cpp:63:18: warning: 'opensaml::saml2md::SignatureMetadataFilter::doFilter' hides overloaded virtual function [-Woverloaded-virtual]
            void doFilter(EntityDescriptor& entity, bool rootObject=false) const;
                 ^
./saml2/metadata/MetadataFilter.h:85:26: note: hidden overloaded virtual function 'opensaml::saml2md::MetadataFilter::doFilter' declared here: type mismatch at 1st parameter ('const opensaml::saml2md::MetadataFilterContext *' vs 'opensaml::saml2md::EntityDescriptor &')
            virtual void doFilter(const MetadataFilterContext* ctx, xmltooling::XMLObject& xmlObject) const;
                         ^
saml2/metadata/impl/SignatureMetadataFilter.cpp:85:20: warning: unused variable 'Certificate' [-Wunused-const-variable]
static const XMLCh Certificate[] =          UNICODE_LITERAL_11(C,e,r,t,i,f,i,c,a,t,e);
                   ^
saml2/metadata/impl/SignatureMetadataFilter.cpp:86:20: warning: unused variable 'Path' [-Wunused-const-variable]
static const XMLCh Path[] =                 UNICODE_LITERAL_4(P,a,t,h);
                   ^
4 warnings generated.
/bin/bash ../libtool  --tag=CXX   --mode=compile g++ -DHAVE_CONFIG_H -I. -I..   -Wdate-time -D_FORTIFY_SOURCE=2  -g -O2 -fdebug-prefix-map=/<<PKGBUILDDIR>>=. -fPIE -fstack-protector-strong -Wformat -Werror=format-security -Wall -O2 -DNDEBUG -c -o RequireValidUntilMetadataFilter.lo `test -f 'saml2/metadata/impl/RequireValidUntilMetadataFilter.cpp' || echo './'`saml2/metadata/impl/RequireValidUntilMetadataFilter.cpp
libtool: compile:  g++ -DHAVE_CONFIG_H -I. -I.. -Wdate-time -D_FORTIFY_SOURCE=2 -g -O2 -fdebug-prefix-map=/<<PKGBUILDDIR>>=. -fstack-protector-strong -Wformat -Werror=format-security -Wall -O2 -DNDEBUG -c saml2/metadata/impl/RequireValidUntilMetadataFilter.cpp  -fPIC -DPIC -o .libs/RequireValidUntilMetadataFilter.o
/bin/bash ../libtool  --tag=CXX   --mode=compile g++ -DHAVE_CONFIG_H -I. -I..   -Wdate-time -D_FORTIFY_SOURCE=2  -g -O2 -fdebug-prefix-map=/<<PKGBUILDDIR>>=. -fPIE -fstack-protector-strong -Wformat -Werror=format-security -Wall -O2 -DNDEBUG -c -o WhitelistMetadataFilter.lo `test -f 'saml2/metadata/impl/WhitelistMetadataFilter.cpp' || echo './'`saml2/metadata/impl/WhitelistMetadataFilter.cpp
libtool: compile:  g++ -DHAVE_CONFIG_H -I. -I.. -Wdate-time -D_FORTIFY_SOURCE=2 -g -O2 -fdebug-prefix-map=/<<PKGBUILDDIR>>=. -fstack-protector-strong -Wformat -Werror=format-security -Wall -O2 -DNDEBUG -c saml2/metadata/impl/WhitelistMetadataFilter.cpp  -fPIC -DPIC -o .libs/WhitelistMetadataFilter.o
/bin/bash ../libtool  --tag=CXX   --mode=compile g++ -DHAVE_CONFIG_H -I. -I..   -Wdate-time -D_FORTIFY_SOURCE=2  -g -O2 -fdebug-prefix-map=/<<PKGBUILDDIR>>=. -fPIE -fstack-protector-strong -Wformat -Werror=format-security -Wall -O2 -DNDEBUG -c -o XMLMetadataProvider.lo `test -f 'saml2/metadata/impl/XMLMetadataProvider.cpp' || echo './'`saml2/metadata/impl/XMLMetadataProvider.cpp
libtool: compile:  g++ -DHAVE_CONFIG_H -I. -I.. -Wdate-time -D_FORTIFY_SOURCE=2 -g -O2 -fdebug-prefix-map=/<<PKGBUILDDIR>>=. -fstack-protector-strong -Wformat -Werror=format-security -Wall -O2 -DNDEBUG -c saml2/metadata/impl/XMLMetadataProvider.cpp  -fPIC -DPIC -o .libs/XMLMetadataProvider.o
/bin/bash ../libtool  --tag=CXX   --mode=compile g++ -DHAVE_CONFIG_H -I. -I..   -Wdate-time -D_FORTIFY_SOURCE=2  -g -O2 -fdebug-prefix-map=/<<PKGBUILDDIR>>=. -fPIE -fstack-protector-strong -Wformat -Werror=format-security -Wall -O2 -DNDEBUG -c -o SAML2Artifact.lo `test -f 'saml2/binding/impl/SAML2Artifact.cpp' || echo './'`saml2/binding/impl/SAML2Artifact.cpp
libtool: compile:  g++ -DHAVE_CONFIG_H -I. -I.. -Wdate-time -D_FORTIFY_SOURCE=2 -g -O2 -fdebug-prefix-map=/<<PKGBUILDDIR>>=. -fstack-protector-strong -Wformat -Werror=format-security -Wall -O2 -DNDEBUG -c saml2/binding/impl/SAML2Artifact.cpp  -fPIC -DPIC -o .libs/SAML2Artifact.o
/bin/bash ../libtool  --tag=CXX   --mode=compile g++ -DHAVE_CONFIG_H -I. -I..   -Wdate-time -D_FORTIFY_SOURCE=2  -g -O2 -fdebug-prefix-map=/<<PKGBUILDDIR>>=. -fPIE -fstack-protector-strong -Wformat -Werror=format-security -Wall -O2 -DNDEBUG -c -o SAML2ArtifactType0004.lo `test -f 'saml2/binding/impl/SAML2ArtifactType0004.cpp' || echo './'`saml2/binding/impl/SAML2ArtifactType0004.cpp
libtool: compile:  g++ -DHAVE_CONFIG_H -I. -I.. -Wdate-time -D_FORTIFY_SOURCE=2 -g -O2 -fdebug-prefix-map=/<<PKGBUILDDIR>>=. -fstack-protector-strong -Wformat -Werror=format-security -Wall -O2 -DNDEBUG -c saml2/binding/impl/SAML2ArtifactType0004.cpp  -fPIC -DPIC -o .libs/SAML2ArtifactType0004.o
/bin/bash ../libtool  --tag=CXX   --mode=compile g++ -DHAVE_CONFIG_H -I. -I..   -Wdate-time -D_FORTIFY_SOURCE=2  -g -O2 -fdebug-prefix-map=/<<PKGBUILDDIR>>=. -fPIE -fstack-protector-strong -Wformat -Werror=format-security -Wall -O2 -DNDEBUG -c -o SAML2ArtifactDecoder.lo `test -f 'saml2/binding/impl/SAML2ArtifactDecoder.cpp' || echo './'`saml2/binding/impl/SAML2ArtifactDecoder.cpp
libtool: compile:  g++ -DHAVE_CONFIG_H -I. -I.. -Wdate-time -D_FORTIFY_SOURCE=2 -g -O2 -fdebug-prefix-map=/<<PKGBUILDDIR>>=. -fstack-protector-strong -Wformat -Werror=format-security -Wall -O2 -DNDEBUG -c saml2/binding/impl/SAML2ArtifactDecoder.cpp  -fPIC -DPIC -o .libs/SAML2ArtifactDecoder.o
/bin/bash ../libtool  --tag=CXX   --mode=compile g++ -DHAVE_CONFIG_H -I. -I..   -Wdate-time -D_FORTIFY_SOURCE=2  -g -O2 -fdebug-prefix-map=/<<PKGBUILDDIR>>=. -fPIE -fstack-protector-strong -Wformat -Werror=format-security -Wall -O2 -DNDEBUG -c -o SAML2ArtifactEncoder.lo `test -f 'saml2/binding/impl/SAML2ArtifactEncoder.cpp' || echo './'`saml2/binding/impl/SAML2ArtifactEncoder.cpp
libtool: compile:  g++ -DHAVE_CONFIG_H -I. -I.. -Wdate-time -D_FORTIFY_SOURCE=2 -g -O2 -fdebug-prefix-map=/<<PKGBUILDDIR>>=. -fstack-protector-strong -Wformat -Werror=format-security -Wall -O2 -DNDEBUG -c saml2/binding/impl/SAML2ArtifactEncoder.cpp  -fPIC -DPIC -o .libs/SAML2ArtifactEncoder.o
/bin/bash ../libtool  --tag=CXX   --mode=compile g++ -DHAVE_CONFIG_H -I. -I..   -Wdate-time -D_FORTIFY_SOURCE=2  -g -O2 -fdebug-prefix-map=/<<PKGBUILDDIR>>=. -fPIE -fstack-protector-strong -Wformat -Werror=format-security -Wall -O2 -DNDEBUG -c -o SAML2ECPDecoder.lo `test -f 'saml2/binding/impl/SAML2ECPDecoder.cpp' || echo './'`saml2/binding/impl/SAML2ECPDecoder.cpp
libtool: compile:  g++ -DHAVE_CONFIG_H -I. -I.. -Wdate-time -D_FORTIFY_SOURCE=2 -g -O2 -fdebug-prefix-map=/<<PKGBUILDDIR>>=. -fstack-protector-strong -Wformat -Werror=format-security -Wall -O2 -DNDEBUG -c saml2/binding/impl/SAML2ECPDecoder.cpp  -fPIC -DPIC -o .libs/SAML2ECPDecoder.o
/bin/bash ../libtool  --tag=CXX   --mode=compile g++ -DHAVE_CONFIG_H -I. -I..   -Wdate-time -D_FORTIFY_SOURCE=2  -g -O2 -fdebug-prefix-map=/<<PKGBUILDDIR>>=. -fPIE -fstack-protector-strong -Wformat -Werror=format-security -Wall -O2 -DNDEBUG -c -o SAML2ECPEncoder.lo `test -f 'saml2/binding/impl/SAML2ECPEncoder.cpp' || echo './'`saml2/binding/impl/SAML2ECPEncoder.cpp
libtool: compile:  g++ -DHAVE_CONFIG_H -I. -I.. -Wdate-time -D_FORTIFY_SOURCE=2 -g -O2 -fdebug-prefix-map=/<<PKGBUILDDIR>>=. -fstack-protector-strong -Wformat -Werror=format-security -Wall -O2 -DNDEBUG -c saml2/binding/impl/SAML2ECPEncoder.cpp  -fPIC -DPIC -o .libs/SAML2ECPEncoder.o
/bin/bash ../libtool  --tag=CXX   --mode=compile g++ -DHAVE_CONFIG_H -I. -I..   -Wdate-time -D_FORTIFY_SOURCE=2  -g -O2 -fdebug-prefix-map=/<<PKGBUILDDIR>>=. -fPIE -fstack-protector-strong -Wformat -Werror=format-security -Wall -O2 -DNDEBUG -c -o SAML2MessageDecoder.lo `test -f 'saml2/binding/impl/SAML2MessageDecoder.cpp' || echo './'`saml2/binding/impl/SAML2MessageDecoder.cpp
libtool: compile:  g++ -DHAVE_CONFIG_H -I. -I.. -Wdate-time -D_FORTIFY_SOURCE=2 -g -O2 -fdebug-prefix-map=/<<PKGBUILDDIR>>=. -fstack-protector-strong -Wformat -Werror=format-security -Wall -O2 -DNDEBUG -c saml2/binding/impl/SAML2MessageDecoder.cpp  -fPIC -DPIC -o .libs/SAML2MessageDecoder.o
/bin/bash ../libtool  --tag=CXX   --mode=compile g++ -DHAVE_CONFIG_H -I. -I..   -Wdate-time -D_FORTIFY_SOURCE=2  -g -O2 -fdebug-prefix-map=/<<PKGBUILDDIR>>=. -fPIE -fstack-protector-strong -Wformat -Werror=format-security -Wall -O2 -DNDEBUG -c -o SAML2POSTDecoder.lo `test -f 'saml2/binding/impl/SAML2POSTDecoder.cpp' || echo './'`saml2/binding/impl/SAML2POSTDecoder.cpp
libtool: compile:  g++ -DHAVE_CONFIG_H -I. -I.. -Wdate-time -D_FORTIFY_SOURCE=2 -g -O2 -fdebug-prefix-map=/<<PKGBUILDDIR>>=. -fstack-protector-strong -Wformat -Werror=format-security -Wall -O2 -DNDEBUG -c saml2/binding/impl/SAML2POSTDecoder.cpp  -fPIC -DPIC -o .libs/SAML2POSTDecoder.o
/bin/bash ../libtool  --tag=CXX   --mode=compile g++ -DHAVE_CONFIG_H -I. -I..   -Wdate-time -D_FORTIFY_SOURCE=2  -g -O2 -fdebug-prefix-map=/<<PKGBUILDDIR>>=. -fPIE -fstack-protector-strong -Wformat -Werror=format-security -Wall -O2 -DNDEBUG -c -o SAML2POSTEncoder.lo `test -f 'saml2/binding/impl/SAML2POSTEncoder.cpp' || echo './'`saml2/binding/impl/SAML2POSTEncoder.cpp
libtool: compile:  g++ -DHAVE_CONFIG_H -I. -I.. -Wdate-time -D_FORTIFY_SOURCE=2 -g -O2 -fdebug-prefix-map=/<<PKGBUILDDIR>>=. -fstack-protector-strong -Wformat -Werror=format-security -Wall -O2 -DNDEBUG -c saml2/binding/impl/SAML2POSTEncoder.cpp  -fPIC -DPIC -o .libs/SAML2POSTEncoder.o
/bin/bash ../libtool  --tag=CXX   --mode=compile g++ -DHAVE_CONFIG_H -I. -I..   -Wdate-time -D_FORTIFY_SOURCE=2  -g -O2 -fdebug-prefix-map=/<<PKGBUILDDIR>>=. -fPIE -fstack-protector-strong -Wformat -Werror=format-security -Wall -O2 -DNDEBUG -c -o SAML2Redirect.lo `test -f 'saml2/binding/impl/SAML2Redirect.cpp' || echo './'`saml2/binding/impl/SAML2Redirect.cpp
libtool: compile:  g++ -DHAVE_CONFIG_H -I. -I.. -Wdate-time -D_FORTIFY_SOURCE=2 -g -O2 -fdebug-prefix-map=/<<PKGBUILDDIR>>=. -fstack-protector-strong -Wformat -Werror=format-security -Wall -O2 -DNDEBUG -c saml2/binding/impl/SAML2Redirect.cpp  -fPIC -DPIC -o .libs/SAML2Redirect.o
/bin/bash ../libtool  --tag=CXX   --mode=compile g++ -DHAVE_CONFIG_H -I. -I..   -Wdate-time -D_FORTIFY_SOURCE=2  -g -O2 -fdebug-prefix-map=/<<PKGBUILDDIR>>=. -fPIE -fstack-protector-strong -Wformat -Werror=format-security -Wall -O2 -DNDEBUG -c -o SAML2RedirectDecoder.lo `test -f 'saml2/binding/impl/SAML2RedirectDecoder.cpp' || echo './'`saml2/binding/impl/SAML2RedirectDecoder.cpp
libtool: compile:  g++ -DHAVE_CONFIG_H -I. -I.. -Wdate-time -D_FORTIFY_SOURCE=2 -g -O2 -fdebug-prefix-map=/<<PKGBUILDDIR>>=. -fstack-protector-strong -Wformat -Werror=format-security -Wall -O2 -DNDEBUG -c saml2/binding/impl/SAML2RedirectDecoder.cpp  -fPIC -DPIC -o .libs/SAML2RedirectDecoder.o
/bin/bash ../libtool  --tag=CXX   --mode=compile g++ -DHAVE_CONFIG_H -I. -I..   -Wdate-time -D_FORTIFY_SOURCE=2  -g -O2 -fdebug-prefix-map=/<<PKGBUILDDIR>>=. -fPIE -fstack-protector-strong -Wformat -Werror=format-security -Wall -O2 -DNDEBUG -c -o SAML2RedirectEncoder.lo `test -f 'saml2/binding/impl/SAML2RedirectEncoder.cpp' || echo './'`saml2/binding/impl/SAML2RedirectEncoder.cpp
libtool: compile:  g++ -DHAVE_CONFIG_H -I. -I.. -Wdate-time -D_FORTIFY_SOURCE=2 -g -O2 -fdebug-prefix-map=/<<PKGBUILDDIR>>=. -fstack-protector-strong -Wformat -Werror=format-security -Wall -O2 -DNDEBUG -c saml2/binding/impl/SAML2RedirectEncoder.cpp  -fPIC -DPIC -o .libs/SAML2RedirectEncoder.o
/bin/bash ../libtool  --tag=CXX   --mode=compile g++ -DHAVE_CONFIG_H -I. -I..   -Wdate-time -D_FORTIFY_SOURCE=2  -g -O2 -fdebug-prefix-map=/<<PKGBUILDDIR>>=. -fPIE -fstack-protector-strong -Wformat -Werror=format-security -Wall -O2 -DNDEBUG -c -o SAML2SOAPDecoder.lo `test -f 'saml2/binding/impl/SAML2SOAPDecoder.cpp' || echo './'`saml2/binding/impl/SAML2SOAPDecoder.cpp
libtool: compile:  g++ -DHAVE_CONFIG_H -I. -I.. -Wdate-time -D_FORTIFY_SOURCE=2 -g -O2 -fdebug-prefix-map=/<<PKGBUILDDIR>>=. -fstack-protector-strong -Wformat -Werror=format-security -Wall -O2 -DNDEBUG -c saml2/binding/impl/SAML2SOAPDecoder.cpp  -fPIC -DPIC -o .libs/SAML2SOAPDecoder.o
/bin/bash ../libtool  --tag=CXX   --mode=compile g++ -DHAVE_CONFIG_H -I. -I..   -Wdate-time -D_FORTIFY_SOURCE=2  -g -O2 -fdebug-prefix-map=/<<PKGBUILDDIR>>=. -fPIE -fstack-protector-strong -Wformat -Werror=format-security -Wall -O2 -DNDEBUG -c -o SAML2SOAPEncoder.lo `test -f 'saml2/binding/impl/SAML2SOAPEncoder.cpp' || echo './'`saml2/binding/impl/SAML2SOAPEncoder.cpp
libtool: compile:  g++ -DHAVE_CONFIG_H -I. -I.. -Wdate-time -D_FORTIFY_SOURCE=2 -g -O2 -fdebug-prefix-map=/<<PKGBUILDDIR>>=. -fstack-protector-strong -Wformat -Werror=format-security -Wall -O2 -DNDEBUG -c saml2/binding/impl/SAML2SOAPEncoder.cpp  -fPIC -DPIC -o .libs/SAML2SOAPEncoder.o
/bin/bash ../libtool  --tag=CXX   --mode=compile g++ -DHAVE_CONFIG_H -I. -I..   -Wdate-time -D_FORTIFY_SOURCE=2  -g -O2 -fdebug-prefix-map=/<<PKGBUILDDIR>>=. -fPIE -fstack-protector-strong -Wformat -Werror=format-security -Wall -O2 -DNDEBUG -c -o SAML2SOAPClient.lo `test -f 'saml2/binding/impl/SAML2SOAPClient.cpp' || echo './'`saml2/binding/impl/SAML2SOAPClient.cpp
libtool: compile:  g++ -DHAVE_CONFIG_H -I. -I.. -Wdate-time -D_FORTIFY_SOURCE=2 -g -O2 -fdebug-prefix-map=/<<PKGBUILDDIR>>=. -fstack-protector-strong -Wformat -Werror=format-security -Wall -O2 -DNDEBUG -c saml2/binding/impl/SAML2SOAPClient.cpp  -fPIC -DPIC -o .libs/SAML2SOAPClient.o
/bin/bash ../libtool  --tag=CXX   --mode=compile g++ -DHAVE_CONFIG_H -I. -I..   -Wdate-time -D_FORTIFY_SOURCE=2  -g -O2 -fdebug-prefix-map=/<<PKGBUILDDIR>>=. -fPIE -fstack-protector-strong -Wformat -Werror=format-security -Wall -O2 -DNDEBUG -c -o Assertion20Validator.lo `test -f 'saml2/profile/impl/Assertion20Validator.cpp' || echo './'`saml2/profile/impl/Assertion20Validator.cpp
libtool: compile:  g++ -DHAVE_CONFIG_H -I. -I.. -Wdate-time -D_FORTIFY_SOURCE=2 -g -O2 -fdebug-prefix-map=/<<PKGBUILDDIR>>=. -fstack-protector-strong -Wformat -Werror=format-security -Wall -O2 -DNDEBUG -c saml2/profile/impl/Assertion20Validator.cpp  -fPIC -DPIC -o .libs/Assertion20Validator.o
/bin/bash ../libtool  --tag=CXX   --mode=compile g++ -DHAVE_CONFIG_H -I. -I..   -Wdate-time -D_FORTIFY_SOURCE=2  -g -O2 -fdebug-prefix-map=/<<PKGBUILDDIR>>=. -fPIE -fstack-protector-strong -Wformat -Werror=format-security -Wall -O2 -DNDEBUG -c -o BrowserSSOProfile20Validator.lo `test -f 'saml2/profile/impl/BrowserSSOProfile20Validator.cpp' || echo './'`saml2/profile/impl/BrowserSSOProfile20Validator.cpp
libtool: compile:  g++ -DHAVE_CONFIG_H -I. -I.. -Wdate-time -D_FORTIFY_SOURCE=2 -g -O2 -fdebug-prefix-map=/<<PKGBUILDDIR>>=. -fstack-protector-strong -Wformat -Werror=format-security -Wall -O2 -DNDEBUG -c saml2/profile/impl/BrowserSSOProfile20Validator.cpp  -fPIC -DPIC -o .libs/BrowserSSOProfile20Validator.o
/bin/bash ../libtool  --tag=CXX   --mode=compile g++ -DHAVE_CONFIG_H -I. -I..   -Wdate-time -D_FORTIFY_SOURCE=2  -g -O2 -fdebug-prefix-map=/<<PKGBUILDDIR>>=. -fPIE -fstack-protector-strong -Wformat -Werror=format-security -Wall -O2 -DNDEBUG -c -o BearerConfirmationRule.lo `test -f 'saml2/profile/impl/BearerConfirmationRule.cpp' || echo './'`saml2/profile/impl/BearerConfirmationRule.cpp
libtool: compile:  g++ -DHAVE_CONFIG_H -I. -I.. -Wdate-time -D_FORTIFY_SOURCE=2 -g -O2 -fdebug-prefix-map=/<<PKGBUILDDIR>>=. -fstack-protector-strong -Wformat -Werror=format-security -Wall -O2 -DNDEBUG -c saml2/profile/impl/BearerConfirmationRule.cpp  -fPIC -DPIC -o .libs/BearerConfirmationRule.o
/bin/bash ../libtool  --tag=CXX   --mode=compile g++ -DHAVE_CONFIG_H -I. -I..   -Wdate-time -D_FORTIFY_SOURCE=2  -g -O2 -fdebug-prefix-map=/<<PKGBUILDDIR>>=. -fPIE -fstack-protector-strong -Wformat -Werror=format-security -Wall -O2 -DNDEBUG -c -o DelegationRestrictionRule.lo `test -f 'saml2/profile/impl/DelegationRestrictionRule.cpp' || echo './'`saml2/profile/impl/DelegationRestrictionRule.cpp
libtool: compile:  g++ -DHAVE_CONFIG_H -I. -I.. -Wdate-time -D_FORTIFY_SOURCE=2 -g -O2 -fdebug-prefix-map=/<<PKGBUILDDIR>>=. -fstack-protector-strong -Wformat -Werror=format-security -Wall -O2 -DNDEBUG -c saml2/profile/impl/DelegationRestrictionRule.cpp  -fPIC -DPIC -o .libs/DelegationRestrictionRule.o
/bin/bash ../libtool  --tag=CXX   --mode=compile g++ -DHAVE_CONFIG_H -I. -I..   -Wdate-time -D_FORTIFY_SOURCE=2  -g -O2 -fdebug-prefix-map=/<<PKGBUILDDIR>>=. -fPIE -fstack-protector-strong -Wformat -Werror=format-security -Wall -O2 -DNDEBUG -c -o SAML2AssertionPolicy.lo `test -f 'saml2/profile/impl/SAML2AssertionPolicy.cpp' || echo './'`saml2/profile/impl/SAML2AssertionPolicy.cpp
libtool: compile:  g++ -DHAVE_CONFIG_H -I. -I.. -Wdate-time -D_FORTIFY_SOURCE=2 -g -O2 -fdebug-prefix-map=/<<PKGBUILDDIR>>=. -fstack-protector-strong -Wformat -Werror=format-security -Wall -O2 -DNDEBUG -c saml2/profile/impl/SAML2AssertionPolicy.cpp  -fPIC -DPIC -o .libs/SAML2AssertionPolicy.o
/bin/bash ../libtool  --tag=CXX   --mode=compile g++ -DHAVE_CONFIG_H -I. -I..   -Wdate-time -D_FORTIFY_SOURCE=2  -g -O2 -fdebug-prefix-map=/<<PKGBUILDDIR>>=. -fPIE -fstack-protector-strong -Wformat -Werror=format-security -Wall -O2 -DNDEBUG -c -o EncryptedKeyResolver.lo `test -f 'encryption/EncryptedKeyResolver.cpp' || echo './'`encryption/EncryptedKeyResolver.cpp
libtool: compile:  g++ -DHAVE_CONFIG_H -I. -I.. -Wdate-time -D_FORTIFY_SOURCE=2 -g -O2 -fdebug-prefix-map=/<<PKGBUILDDIR>>=. -fstack-protector-strong -Wformat -Werror=format-security -Wall -O2 -DNDEBUG -c encryption/EncryptedKeyResolver.cpp  -fPIC -DPIC -o .libs/EncryptedKeyResolver.o
/bin/bash ../libtool  --tag=CXX   --mode=compile g++ -DHAVE_CONFIG_H -I. -I..   -Wdate-time -D_FORTIFY_SOURCE=2  -g -O2 -fdebug-prefix-map=/<<PKGBUILDDIR>>=. -fPIE -fstack-protector-strong -Wformat -Werror=format-security -Wall -O2 -DNDEBUG -c -o ContentReference.lo `test -f 'signature/ContentReference.cpp' || echo './'`signature/ContentReference.cpp
libtool: compile:  g++ -DHAVE_CONFIG_H -I. -I.. -Wdate-time -D_FORTIFY_SOURCE=2 -g -O2 -fdebug-prefix-map=/<<PKGBUILDDIR>>=. -fstack-protector-strong -Wformat -Werror=format-security -Wall -O2 -DNDEBUG -c signature/ContentReference.cpp  -fPIC -DPIC -o .libs/ContentReference.o
/bin/bash ../libtool  --tag=CXX   --mode=compile g++ -DHAVE_CONFIG_H -I. -I..   -Wdate-time -D_FORTIFY_SOURCE=2  -g -O2 -fdebug-prefix-map=/<<PKGBUILDDIR>>=. -fPIE -fstack-protector-strong -Wformat -Werror=format-security -Wall -O2 -DNDEBUG -c -o SignatureProfileValidator.lo `test -f 'signature/SignatureProfileValidator.cpp' || echo './'`signature/SignatureProfileValidator.cpp
libtool: compile:  g++ -DHAVE_CONFIG_H -I. -I.. -Wdate-time -D_FORTIFY_SOURCE=2 -g -O2 -fdebug-prefix-map=/<<PKGBUILDDIR>>=. -fstack-protector-strong -Wformat -Werror=format-security -Wall -O2 -DNDEBUG -c signature/SignatureProfileValidator.cpp  -fPIC -DPIC -o .libs/SignatureProfileValidator.o
/bin/bash ../libtool  --tag=CXX   --mode=compile g++ -DHAVE_CONFIG_H -I. -I..   -Wdate-time -D_FORTIFY_SOURCE=2  -g -O2 -fdebug-prefix-map=/<<PKGBUILDDIR>>=. -fPIE -fstack-protector-strong -Wformat -Werror=format-security -Wall -O2 -DNDEBUG -c -o CommonDomainCookie.lo `test -f 'util/CommonDomainCookie.cpp' || echo './'`util/CommonDomainCookie.cpp
libtool: compile:  g++ -DHAVE_CONFIG_H -I. -I.. -Wdate-time -D_FORTIFY_SOURCE=2 -g -O2 -fdebug-prefix-map=/<<PKGBUILDDIR>>=. -fstack-protector-strong -Wformat -Werror=format-security -Wall -O2 -DNDEBUG -c util/CommonDomainCookie.cpp  -fPIC -DPIC -o .libs/CommonDomainCookie.o
/bin/bash ../libtool  --tag=CXX   --mode=compile g++ -DHAVE_CONFIG_H -I. -I..   -Wdate-time -D_FORTIFY_SOURCE=2  -g -O2 -fdebug-prefix-map=/<<PKGBUILDDIR>>=. -fPIE -fstack-protector-strong -Wformat -Werror=format-security -Wall -O2 -DNDEBUG -c -o SAMLConstants.lo `test -f 'util/SAMLConstants.cpp' || echo './'`util/SAMLConstants.cpp
libtool: compile:  g++ -DHAVE_CONFIG_H -I. -I.. -Wdate-time -D_FORTIFY_SOURCE=2 -g -O2 -fdebug-prefix-map=/<<PKGBUILDDIR>>=. -fstack-protector-strong -Wformat -Werror=format-security -Wall -O2 -DNDEBUG -c util/SAMLConstants.cpp  -fPIC -DPIC -o .libs/SAMLConstants.o
/bin/bash ../libtool  --tag=CXX   --mode=link g++  -g -O2 -fdebug-prefix-map=/<<PKGBUILDDIR>>=. -fPIE -fstack-protector-strong -Wformat -Werror=format-security -Wall -O2 -DNDEBUG -version-info 8:5:0 -fPIE -pie -Wl,-z,relro -Wl,-z,now -lpthread -Wl,--as-needed -o libsaml.la -rpath /usr/lib/x86_64-linux-gnu SAMLConfig.lo version.lo ArtifactMap.lo ClientCertAuthRule.lo MessageDecoder.lo MessageEncoder.lo MessageFlowRule.lo NullSecurityRule.lo SAMLArtifact.lo SecurityPolicy.lo SimpleSigningRule.lo SOAPClient.lo XMLSigningRule.lo AudienceRestrictionRule.lo ConditionsRule.lo IgnoreRule.lo AssertionsImpl.lo AssertionsSchemaValidators.lo ProtocolsImpl.lo ProtocolsSchemaValidators.lo SAMLArtifactType0001.lo SAMLArtifactType0002.lo SAML1ArtifactDecoder.lo SAML1ArtifactEncoder.lo SAML1MessageDecoder.lo SAML1POSTDecoder.lo SAML1POSTEncoder.lo SAML1SOAPDecoder.lo SAML1SOAPEncoder.lo SAML1SOAPClient.lo AssertionValidator.lo BrowserSSOProfileValidator.lo SAML1BrowserSSORule.lo Assertions.lo Assertions20Impl.lo Assertions20SchemaValidators.lo Protocols20Impl.lo Protocols20SchemaValidators.lo AbstractMetadataProvider.lo BlacklistMetadataFilter.lo ChainingMetadataProvider.lo DiscoverableMetadataProvider.lo DynamicMetadataProvider.lo EntityAttributesEntityMatcher.lo EntityAttributesMetadataFilter.lo EntityRoleMetadataFilter.lo FolderMetadataProvider.lo MetadataCredentialContext.lo MetadataCredentialCriteria.lo MetadataImpl.lo MetadataProvider.lo MetadataSchemaValidators.lo NameEntityMatcher.lo NullMetadataProvider.lo ObservableMetadataProvider.lo SignatureMetadataFilter.lo RequireValidUntilMetadataFilter.lo WhitelistMetadataFilter.lo XMLMetadataProvider.lo SAML2Artifact.lo SAML2ArtifactType0004.lo SAML2ArtifactDecoder.lo SAML2ArtifactEncoder.lo SAML2ECPDecoder.lo SAML2ECPEncoder.lo SAML2MessageDecoder.lo SAML2POSTDecoder.lo SAML2POSTEncoder.lo SAML2Redirect.lo SAML2RedirectDecoder.lo SAML2RedirectEncoder.lo SAML2SOAPDecoder.lo SAML2SOAPEncoder.lo SAML2SOAPClient.lo Assertion20Validator.lo BrowserSSOProfile20Validator.lo BearerConfirmationRule.lo DelegationRestrictionRule.lo SAML2AssertionPolicy.lo EncryptedKeyResolver.lo ContentReference.lo SignatureProfileValidator.lo CommonDomainCookie.lo SAMLConstants.lo  -lxmltooling -lxml-security-c -lxerces-c -L/usr/lib/x86_64-linux-gnu -llog4shib -lz  
libtool: link: g++  -fPIC -DPIC -shared -nostdlib /usr/bin/../lib/gcc/x86_64-linux-gnu/6.2.0/../../../x86_64-linux-gnu/crti.o /usr/bin/../lib/gcc/x86_64-linux-gnu/6.2.0/crtbeginS.o  .libs/SAMLConfig.o .libs/version.o .libs/ArtifactMap.o .libs/ClientCertAuthRule.o .libs/MessageDecoder.o .libs/MessageEncoder.o .libs/MessageFlowRule.o .libs/NullSecurityRule.o .libs/SAMLArtifact.o .libs/SecurityPolicy.o .libs/SimpleSigningRule.o .libs/SOAPClient.o .libs/XMLSigningRule.o .libs/AudienceRestrictionRule.o .libs/ConditionsRule.o .libs/IgnoreRule.o .libs/AssertionsImpl.o .libs/AssertionsSchemaValidators.o .libs/ProtocolsImpl.o .libs/ProtocolsSchemaValidators.o .libs/SAMLArtifactType0001.o .libs/SAMLArtifactType0002.o .libs/SAML1ArtifactDecoder.o .libs/SAML1ArtifactEncoder.o .libs/SAML1MessageDecoder.o .libs/SAML1POSTDecoder.o .libs/SAML1POSTEncoder.o .libs/SAML1SOAPDecoder.o .libs/SAML1SOAPEncoder.o .libs/SAML1SOAPClient.o .libs/AssertionValidator.o .libs/BrowserSSOProfileValidator.o .libs/SAML1BrowserSSORule.o .libs/Assertions.o .libs/Assertions20Impl.o .libs/Assertions20SchemaValidators.o .libs/Protocols20Impl.o .libs/Protocols20SchemaValidators.o .libs/AbstractMetadataProvider.o .libs/BlacklistMetadataFilter.o .libs/ChainingMetadataProvider.o .libs/DiscoverableMetadataProvider.o .libs/DynamicMetadataProvider.o .libs/EntityAttributesEntityMatcher.o .libs/EntityAttributesMetadataFilter.o .libs/EntityRoleMetadataFilter.o .libs/FolderMetadataProvider.o .libs/MetadataCredentialContext.o .libs/MetadataCredentialCriteria.o .libs/MetadataImpl.o .libs/MetadataProvider.o .libs/MetadataSchemaValidators.o .libs/NameEntityMatcher.o .libs/NullMetadataProvider.o .libs/ObservableMetadataProvider.o .libs/SignatureMetadataFilter.o .libs/RequireValidUntilMetadataFilter.o .libs/WhitelistMetadataFilter.o .libs/XMLMetadataProvider.o .libs/SAML2Artifact.o .libs/SAML2ArtifactType0004.o .libs/SAML2ArtifactDecoder.o .libs/SAML2ArtifactEncoder.o .libs/SAML2ECPDecoder.o .libs/SAML2ECPEncoder.o .libs/SAML2MessageDecoder.o .libs/SAML2POSTDecoder.o .libs/SAML2POSTEncoder.o .libs/SAML2Redirect.o .libs/SAML2RedirectDecoder.o .libs/SAML2RedirectEncoder.o .libs/SAML2SOAPDecoder.o .libs/SAML2SOAPEncoder.o .libs/SAML2SOAPClient.o .libs/Assertion20Validator.o .libs/BrowserSSOProfile20Validator.o .libs/BearerConfirmationRule.o .libs/DelegationRestrictionRule.o .libs/SAML2AssertionPolicy.o .libs/EncryptedKeyResolver.o .libs/ContentReference.o .libs/SignatureProfileValidator.o .libs/CommonDomainCookie.o .libs/SAMLConstants.o   -lpthread -Wl,--as-needed -lxmltooling -lxml-security-c -lxerces-c -L/usr/lib/x86_64-linux-gnu -llog4shib -lz -L/usr/bin/../lib/gcc/x86_64-linux-gnu/6.2.0 -L/usr/bin/../lib/gcc/x86_64-linux-gnu/6.2.0/../../../x86_64-linux-gnu -L/lib/x86_64-linux-gnu -L/lib/../lib64 -L/usr/bin/../lib/gcc/x86_64-linux-gnu/6.2.0/../../.. -L/usr/lib/llvm-3.8/bin/../lib -L/lib -L/usr/lib -lstdc++ -lm -lc -lgcc_s /usr/bin/../lib/gcc/x86_64-linux-gnu/6.2.0/crtendS.o /usr/bin/../lib/gcc/x86_64-linux-gnu/6.2.0/../../../x86_64-linux-gnu/crtn.o  -g -O2 -fstack-protector-strong -O2 -Wl,-z -Wl,relro -Wl,-z -Wl,now   -Wl,-soname -Wl,libsaml.so.8 -o .libs/libsaml.so.8.0.5
libtool: link: (cd ".libs" && rm -f "libsaml.so.8" && ln -s "libsaml.so.8.0.5" "libsaml.so.8")
libtool: link: (cd ".libs" && rm -f "libsaml.so" && ln -s "libsaml.so.8.0.5" "libsaml.so")
libtool: link: ( cd ".libs" && rm -f "libsaml.la" && ln -s "../libsaml.la" "libsaml.la" )
make[3]: Leaving directory '/<<PKGBUILDDIR>>/saml'
Making all in samltest
make[3]: Entering directory '/<<PKGBUILDDIR>>/samltest'
make  all-am
make[4]: Entering directory '/<<PKGBUILDDIR>>/samltest'
make[4]: Nothing to be done for 'all-am'.
make[4]: Leaving directory '/<<PKGBUILDDIR>>/samltest'
make[3]: Leaving directory '/<<PKGBUILDDIR>>/samltest'
Making all in samlsign
make[3]: Entering directory '/<<PKGBUILDDIR>>/samlsign'
g++ -DHAVE_CONFIG_H -I. -I..   -Wdate-time -D_FORTIFY_SOURCE=2  -g -O2 -fdebug-prefix-map=/<<PKGBUILDDIR>>=. -fPIE -fstack-protector-strong -Wformat -Werror=format-security -Wall -O2 -DNDEBUG -c -o samlsign.o samlsign.cpp
/bin/bash ../libtool  --tag=CXX   --mode=link g++  -g -O2 -fdebug-prefix-map=/<<PKGBUILDDIR>>=. -fPIE -fstack-protector-strong -Wformat -Werror=format-security -Wall -O2 -DNDEBUG  -fPIE -pie -Wl,-z,relro -Wl,-z,now -lpthread -Wl,--as-needed -o samlsign samlsign.o ../saml/libsaml.la -lxmltooling -lxml-security-c -lxerces-c -L/usr/lib/x86_64-linux-gnu -llog4shib -lz  
libtool: link: g++ -g -O2 -fdebug-prefix-map=/<<PKGBUILDDIR>>=. -fPIE -fstack-protector-strong -Wformat -Werror=format-security -Wall -O2 -DNDEBUG -fPIE -pie -Wl,-z -Wl,relro -Wl,-z -Wl,now -o .libs/samlsign samlsign.o  -lpthread -Wl,--as-needed ../saml/.libs/libsaml.so -lxmltooling -lxml-security-c -lxerces-c -L/usr/lib/x86_64-linux-gnu -llog4shib -lz
../saml/.libs/libsaml.so: undefined reference to `virtual thunk to xmltooling::AbstractComplexElement::getOrderedChildren[abi:cxx11]() const'
../saml/.libs/libsaml.so: undefined reference to `virtual thunk to xmltooling::AbstractSimpleElement::getOrderedChildren[abi:cxx11]() const'
clang: error: linker command failed with exit code 1 (use -v to see invocation)
Makefile:427: recipe for target 'samlsign' failed
make[3]: *** [samlsign] Error 1
make[3]: Leaving directory '/<<PKGBUILDDIR>>/samlsign'
Makefile:573: recipe for target 'all-recursive' failed
make[2]: *** [all-recursive] Error 1
make[2]: Leaving directory '/<<PKGBUILDDIR>>'
Makefile:481: recipe for target 'all' failed
make[1]: *** [all] Error 2
make[1]: Leaving directory '/<<PKGBUILDDIR>>'
dh_auto_build: make -j1 returned exit code 2
debian/rules:18: recipe for target 'build-arch' failed
make: *** [build-arch] Error 2
dpkg-buildpackage: error: debian/rules build-arch gave error exit status 2
--------------------------------------------------------------------------------
Build finished at 2016-08-29T17:02:04Z

Finished
--------


+------------------------------------------------------------------------------+
| Cleanup                                                                      |
+------------------------------------------------------------------------------+

Purging /<<BUILDDIR>>
Not cleaning session: cloned chroot in use
E: Build failure (dpkg-buildpackage died)

+------------------------------------------------------------------------------+
| Summary                                                                      |
+------------------------------------------------------------------------------+

Build Architecture: amd64
Build-Space: 0
Build-Time: 153
Distribution: unstable
Fail-Stage: build
Host Architecture: amd64
Install-Time: 260
Job: opensaml2_2.5.5-1
Machine Architecture: amd64
Package: opensaml2
Package-Time: 558
Source-Version: 2.5.5-1
Space: 0
Status: failed
Version: 2.5.5-1
--------------------------------------------------------------------------------
Finished at 2016-08-29T17:02:04Z
Build needed 00:00:00, 0k disc space
E: Build failure (dpkg-buildpackage died)
DC-Status: Failed 558.687787666s
DC-Time-Estimation: 558.687787666 versus expected 260 (r/m: 1.1487991833307691 ; m: 260.0)
