DC-Build-Header: pdf2htmlex 0.14.6+ds-2 / 2016-08-29 16:22:08 +0000
DC-Task: type:rebuild-binarch-only source:pdf2htmlex version:0.14.6+ds-2 chroot:unstable esttime:537 logfile:/tmp/pdf2htmlex_0.14.6+ds-2_unstable_clang3.8.log modes:clang:binarch-only
DC-Sbuild-call: su user42 -c 'sbuild -n --arch-any --apt-update -d unstable -v  --chroot-setup-commands=/tmp/clang pdf2htmlex_0.14.6+ds-2'
sbuild (Debian sbuild) 0.70.0 (03 Aug 2016) on ip-172-31-4-197.eu-central-1.compute.internal

+==============================================================================+
| pdf2htmlex 0.14.6+ds-2 (amd64)               Mon, 29 Aug 2016 16:22:09 +0000 |
+==============================================================================+

Package: pdf2htmlex
Version: 0.14.6+ds-2
Source Version: 0.14.6+ds-2
Distribution: unstable
Machine Architecture: amd64
Host Architecture: amd64
Build Architecture: amd64

I: NOTICE: Log filtering will replace 'var/lib/schroot/mount/unstable-amd64-sbuild-6311364b-2aef-403e-9eca-8680801dbf4c' with '<<CHROOT>>'

+------------------------------------------------------------------------------+
| Chroot Setup Commands                                                        |
+------------------------------------------------------------------------------+


/tmp/clang
----------

+ echo 'Entering customization script...'
Entering customization script...
+ CLANG_VERSION=3.8
+ echo 'Install of clang-3.8'
Install of clang-3.8
+ apt-get update
Get:1 http://127.0.0.1:9999/debian unstable InRelease [209 kB]
Get:2 http://127.0.0.1:9999/debian unstable/main Sources.diff/Index [27.9 kB]
Get:3 http://127.0.0.1:9999/debian unstable/main amd64 Packages.diff/Index [27.9 kB]
Get:4 http://127.0.0.1:9999/debian unstable/main Translation-en [5451 kB]
Get:5 http://127.0.0.1:9999/debian unstable/main Sources 2016-08-29-0319.00.pdiff [16.7 kB]
Get:6 http://127.0.0.1:9999/debian unstable/main Sources 2016-08-29-0916.07.pdiff [5442 B]
Get:6 http://127.0.0.1:9999/debian unstable/main Sources 2016-08-29-0916.07.pdiff [5442 B]
Get:7 http://127.0.0.1:9999/debian unstable/main amd64 Packages 2016-08-29-0319.00.pdiff [13.2 kB]
Get:8 http://127.0.0.1:9999/debian unstable/main amd64 Packages 2016-08-29-0916.07.pdiff [3300 B]
Get:8 http://127.0.0.1:9999/debian unstable/main amd64 Packages 2016-08-29-0916.07.pdiff [3300 B]
Fetched 5755 kB in 3s (1902 kB/s)
Reading package lists...
W: No sandbox user '_apt' on the system, can not drop privileges
+ apt-get install --yes --no-install-recommends --force-yes clang-3.8
Reading package lists...
Building dependency tree...
Reading state information...
The following additional packages will be installed:
  libbsd0 libclang-common-3.8-dev libclang1-3.8 libedit2 libffi6 libllvm3.8
  libobjc-6-dev libobjc4
Suggested packages:
  gnustep gnustep-devel clang-3.8-doc
Recommended packages:
  llvm-3.8-dev python
The following NEW packages will be installed:
  clang-3.8 libbsd0 libclang-common-3.8-dev libclang1-3.8 libedit2 libffi6
  libllvm3.8 libobjc-6-dev libobjc4
0 upgraded, 9 newly installed, 0 to remove and 1 not upgraded.
Need to get 38.3 MB of archives.
After this operation, 162 MB of additional disk space will be used.
Get:1 http://127.0.0.1:9999/debian unstable/main amd64 libbsd0 amd64 0.8.3-1 [83.0 kB]
Get:2 http://127.0.0.1:9999/debian unstable/main amd64 libedit2 amd64 3.1-20150325-1+b1 [85.2 kB]
Get:3 http://127.0.0.1:9999/debian unstable/main amd64 libffi6 amd64 3.2.1-4 [20.4 kB]
Get:4 http://127.0.0.1:9999/debian unstable/main amd64 libllvm3.8 amd64 1:3.8.1-9 [10.3 MB]
Get:5 http://127.0.0.1:9999/debian unstable/main amd64 libobjc4 amd64 6.2.0-1 [110 kB]
Get:6 http://127.0.0.1:9999/debian unstable/main amd64 libobjc-6-dev amd64 6.2.0-1 [394 kB]
Get:7 http://127.0.0.1:9999/debian unstable/main amd64 libclang1-3.8 amd64 1:3.8.1-9 [4188 kB]
Get:8 http://127.0.0.1:9999/debian unstable/main amd64 libclang-common-3.8-dev amd64 1:3.8.1-9 [1477 kB]
Get:9 http://127.0.0.1:9999/debian unstable/main amd64 clang-3.8 amd64 1:3.8.1-9 [21.6 MB]
debconf: delaying package configuration, since apt-utils is not installed
Fetched 38.3 MB in 1s (20.8 MB/s)
Selecting previously unselected package libbsd0:amd64.
(Reading database ... (Reading database ... 5%(Reading database ... 10%(Reading database ... 15%(Reading database ... 20%(Reading database ... 25%(Reading database ... 30%(Reading database ... 35%(Reading database ... 40%(Reading database ... 45%(Reading database ... 50%(Reading database ... 55%(Reading database ... 60%(Reading database ... 65%(Reading database ... 70%(Reading database ... 75%(Reading database ... 80%(Reading database ... 85%(Reading database ... 90%(Reading database ... 95%(Reading database ... 100%(Reading database ... 9446 files and directories currently installed.)
Preparing to unpack .../0-libbsd0_0.8.3-1_amd64.deb ...
Unpacking libbsd0:amd64 (0.8.3-1) ...
Selecting previously unselected package libedit2:amd64.
Preparing to unpack .../1-libedit2_3.1-20150325-1+b1_amd64.deb ...
Unpacking libedit2:amd64 (3.1-20150325-1+b1) ...
Selecting previously unselected package libffi6:amd64.
Preparing to unpack .../2-libffi6_3.2.1-4_amd64.deb ...
Unpacking libffi6:amd64 (3.2.1-4) ...
Selecting previously unselected package libllvm3.8:amd64.
Preparing to unpack .../3-libllvm3.8_1%3a3.8.1-9_amd64.deb ...
Unpacking libllvm3.8:amd64 (1:3.8.1-9) ...
Selecting previously unselected package libobjc4:amd64.
Preparing to unpack .../4-libobjc4_6.2.0-1_amd64.deb ...
Unpacking libobjc4:amd64 (6.2.0-1) ...
Selecting previously unselected package libobjc-6-dev:amd64.
Preparing to unpack .../5-libobjc-6-dev_6.2.0-1_amd64.deb ...
Unpacking libobjc-6-dev:amd64 (6.2.0-1) ...
Selecting previously unselected package libclang1-3.8:amd64.
Preparing to unpack .../6-libclang1-3.8_1%3a3.8.1-9_amd64.deb ...
Unpacking libclang1-3.8:amd64 (1:3.8.1-9) ...
Selecting previously unselected package libclang-common-3.8-dev.
Preparing to unpack .../7-libclang-common-3.8-dev_1%3a3.8.1-9_amd64.deb ...
Unpacking libclang-common-3.8-dev (1:3.8.1-9) ...
Selecting previously unselected package clang-3.8.
Preparing to unpack .../8-clang-3.8_1%3a3.8.1-9_amd64.deb ...
Unpacking clang-3.8 (1:3.8.1-9) ...
Setting up libobjc4:amd64 (6.2.0-1) ...
Setting up libbsd0:amd64 (0.8.3-1) ...
Processing triggers for libc-bin (2.23-5) ...
Setting up libobjc-6-dev:amd64 (6.2.0-1) ...
Setting up libffi6:amd64 (3.2.1-4) ...
Setting up libedit2:amd64 (3.1-20150325-1+b1) ...
Setting up libllvm3.8:amd64 (1:3.8.1-9) ...
Setting up libclang-common-3.8-dev (1:3.8.1-9) ...
Setting up libclang1-3.8:amd64 (1:3.8.1-9) ...
Setting up clang-3.8 (1:3.8.1-9) ...
Processing triggers for libc-bin (2.23-5) ...
W: --force-yes is deprecated, use one of the options starting with --allow instead.
W: No sandbox user '_apt' on the system, can not drop privileges
+ echo 'Replace gcc, g++ & cpp by clang'
Replace gcc, g++ & cpp by clang
+ VERSIONS='4.6 4.7 4.8 4.9 5 6'
+ cd /usr/bin
+ for VERSION in '$VERSIONS'
+ rm -f g++-4.6 gcc-4.6 cpp-4.6 gcc
+ ln -s clang++-3.8 g++-4.6
+ ln -s clang-3.8 gcc-4.6
+ ln -s clang-3.8 cpp-4.6
+ ln -s clang-3.8 gcc
+ echo 'gcc-4.6 hold'
+ dpkg --set-selections
dpkg: warning: package not in database at line 1: gcc-4.6
dpkg: warning: found unknown packages; this might mean the available database
is outdated, and needs to be updated through a frontend method
+ echo 'g++-4.6 hold'
+ dpkg --set-selections
dpkg: warning: package not in database at line 1: g++-4.6
dpkg: warning: found unknown packages; this might mean the available database
is outdated, and needs to be updated through a frontend method
+ for VERSION in '$VERSIONS'
+ rm -f g++-4.7 gcc-4.7 cpp-4.7 gcc
+ ln -s clang++-3.8 g++-4.7
+ ln -s clang-3.8 gcc-4.7
+ ln -s clang-3.8 cpp-4.7
+ ln -s clang-3.8 gcc
+ echo 'gcc-4.7 hold'
+ dpkg --set-selections
dpkg: warning: package not in database at line 1: gcc-4.7
dpkg: warning: found unknown packages; this might mean the available database
is outdated, and needs to be updated through a frontend method
+ echo 'g++-4.7 hold'
+ dpkg --set-selections
dpkg: warning: package not in database at line 1: g++-4.7
dpkg: warning: found unknown packages; this might mean the available database
is outdated, and needs to be updated through a frontend method
+ for VERSION in '$VERSIONS'
+ rm -f g++-4.8 gcc-4.8 cpp-4.8 gcc
+ ln -s clang++-3.8 g++-4.8
+ ln -s clang-3.8 gcc-4.8
+ ln -s clang-3.8 cpp-4.8
+ ln -s clang-3.8 gcc
+ echo 'gcc-4.8 hold'
+ dpkg --set-selections
dpkg: warning: package not in database at line 1: gcc-4.8
dpkg: warning: found unknown packages; this might mean the available database
is outdated, and needs to be updated through a frontend method
+ echo 'g++-4.8 hold'
+ dpkg --set-selections
dpkg: warning: package not in database at line 1: g++-4.8
dpkg: warning: found unknown packages; this might mean the available database
is outdated, and needs to be updated through a frontend method
+ for VERSION in '$VERSIONS'
+ rm -f g++-4.9 gcc-4.9 cpp-4.9 gcc
+ ln -s clang++-3.8 g++-4.9
+ ln -s clang-3.8 gcc-4.9
+ ln -s clang-3.8 cpp-4.9
+ ln -s clang-3.8 gcc
+ echo 'gcc-4.9 hold'
+ dpkg --set-selections
dpkg: warning: package not in database at line 1: gcc-4.9
dpkg: warning: found unknown packages; this might mean the available database
is outdated, and needs to be updated through a frontend method
+ echo 'g++-4.9 hold'
+ dpkg --set-selections
dpkg: warning: package not in database at line 1: g++-4.9
dpkg: warning: found unknown packages; this might mean the available database
is outdated, and needs to be updated through a frontend method
+ for VERSION in '$VERSIONS'
+ rm -f g++-5 gcc-5 cpp-5 gcc
+ ln -s clang++-3.8 g++-5
+ ln -s clang-3.8 gcc-5
+ ln -s clang-3.8 cpp-5
+ ln -s clang-3.8 gcc
+ echo 'gcc-5 hold'
+ dpkg --set-selections
+ echo 'g++-5 hold'
+ dpkg --set-selections
+ for VERSION in '$VERSIONS'
+ rm -f g++-6 gcc-6 cpp-6 gcc
+ ln -s clang++-3.8 g++-6
+ ln -s clang-3.8 gcc-6
+ ln -s clang-3.8 cpp-6
+ ln -s clang-3.8 gcc
+ echo 'gcc-6 hold'
+ dpkg --set-selections
+ echo 'g++-6 hold'
+ dpkg --set-selections
+ cd -
/build/pdf2htmlex-TJXwqT
+ echo 'Check if gcc, g++ & cpp are actually clang'
Check if gcc, g++ & cpp are actually clang
+ gcc --version
+ grep clang
+ cpp --version
+ grep clang
+ g++ --version
+ grep clang

I: Finished running '/tmp/clang'.

Finished processing commands.
--------------------------------------------------------------------------------

+------------------------------------------------------------------------------+
| Update chroot                                                                |
+------------------------------------------------------------------------------+

Hit:1 http://127.0.0.1:9999/debian unstable InRelease
Reading package lists...
W: No sandbox user '_apt' on the system, can not drop privileges
Reading package lists...
Building dependency tree...
Reading state information...
Calculating upgrade...
The following packages will be upgraded:
  linux-libc-dev
1 upgraded, 0 newly installed, 0 to remove and 0 not upgraded.
Need to get 1158 kB of archives.
After this operation, 60.4 kB of additional disk space will be used.
Get:1 http://127.0.0.1:9999/debian unstable/main amd64 linux-libc-dev amd64 4.7.2-1 [1158 kB]
debconf: delaying package configuration, since apt-utils is not installed
Fetched 1158 kB in 0s (70.0 MB/s)
(Reading database ... (Reading database ... 5%(Reading database ... 10%(Reading database ... 15%(Reading database ... 20%(Reading database ... 25%(Reading database ... 30%(Reading database ... 35%(Reading database ... 40%(Reading database ... 45%(Reading database ... 50%(Reading database ... 55%(Reading database ... 60%(Reading database ... 65%(Reading database ... 70%(Reading database ... 75%(Reading database ... 80%(Reading database ... 85%(Reading database ... 90%(Reading database ... 95%(Reading database ... 100%(Reading database ... 9769 files and directories currently installed.)
Preparing to unpack .../linux-libc-dev_4.7.2-1_amd64.deb ...
Unpacking linux-libc-dev:amd64 (4.7.2-1) over (4.6.4-1) ...
Setting up linux-libc-dev:amd64 (4.7.2-1) ...
W: No sandbox user '_apt' on the system, can not drop privileges

+------------------------------------------------------------------------------+
| Fetch source files                                                           |
+------------------------------------------------------------------------------+


Check APT
---------

Checking available source versions...

Download source files with APT
------------------------------

Reading package lists...
Need to get 2203 kB of source archives.
Get:1 http://127.0.0.1:9999/debian unstable/main pdf2htmlex 0.14.6+ds-2 (dsc) [2005 B]
Get:2 http://127.0.0.1:9999/debian unstable/main pdf2htmlex 0.14.6+ds-2 (tar) [2188 kB]
Get:3 http://127.0.0.1:9999/debian unstable/main pdf2htmlex 0.14.6+ds-2 (diff) [12.9 kB]
Fetched 2203 kB in 0s (10.2 MB/s)
Download complete and in download only mode
I: NOTICE: Log filtering will replace 'build/pdf2htmlex-TJXwqT/pdf2htmlex-0.14.6+ds' with '<<PKGBUILDDIR>>'
I: NOTICE: Log filtering will replace 'build/pdf2htmlex-TJXwqT' with '<<BUILDDIR>>'

+------------------------------------------------------------------------------+
| Install build-essential                                                      |
+------------------------------------------------------------------------------+


Setup apt archive
-----------------

Merged Build-Depends: build-essential, fakeroot
Filtered Build-Depends: build-essential, fakeroot
dpkg-deb: building package 'sbuild-build-depends-core-dummy' in '/<<BUILDDIR>>/resolver-VymYTC/apt_archive/sbuild-build-depends-core-dummy.deb'.
dpkg-scanpackages: warning: Packages in archive but missing from override file:
dpkg-scanpackages: warning:   sbuild-build-depends-core-dummy
dpkg-scanpackages: info: Wrote 1 entries to output Packages file.
Ign:1 copy:/<<BUILDDIR>>/resolver-VymYTC/apt_archive ./ InRelease
Get:2 copy:/<<BUILDDIR>>/resolver-VymYTC/apt_archive ./ Release [957 B]
Ign:3 copy:/<<BUILDDIR>>/resolver-VymYTC/apt_archive ./ Release.gpg
Get:4 copy:/<<BUILDDIR>>/resolver-VymYTC/apt_archive ./ Sources [349 B]
Get:5 copy:/<<BUILDDIR>>/resolver-VymYTC/apt_archive ./ Packages [433 B]
Fetched 1739 B in 0s (0 B/s)
Reading package lists...
W: No sandbox user '_apt' on the system, can not drop privileges
Reading package lists...

Install core build dependencies (apt-based resolver)
----------------------------------------------------

Installing build dependencies
Reading package lists...
Building dependency tree...
Reading state information...
The following NEW packages will be installed:
  sbuild-build-depends-core-dummy
0 upgraded, 1 newly installed, 0 to remove and 0 not upgraded.
Need to get 776 B of archives.
After this operation, 0 B of additional disk space will be used.
Get:1 copy:/<<BUILDDIR>>/resolver-VymYTC/apt_archive ./ sbuild-build-depends-core-dummy 0.invalid.0 [776 B]
debconf: delaying package configuration, since apt-utils is not installed
Fetched 776 B in 0s (0 B/s)
Selecting previously unselected package sbuild-build-depends-core-dummy.
(Reading database ... 9775 files and directories currently installed.)
Preparing to unpack .../sbuild-build-depends-core-dummy_0.invalid.0_amd64.deb ...
Unpacking sbuild-build-depends-core-dummy (0.invalid.0) ...
Setting up sbuild-build-depends-core-dummy (0.invalid.0) ...
W: No sandbox user '_apt' on the system, can not drop privileges

+------------------------------------------------------------------------------+
| Check architectures                                                          |
+------------------------------------------------------------------------------+

Arch check ok (amd64 included in any)

+------------------------------------------------------------------------------+
| Install package build dependencies                                           |
+------------------------------------------------------------------------------+


Setup apt archive
-----------------

Merged Build-Depends: cmake (>= 2.6.0), pkg-config, debhelper (>= 9), libpoppler-dev (>= 0.20.3), libpoppler-private-dev, libpng-dev, libjpeg-dev, libfontforge-dev, libspiro-dev, python, yui-compressor, pdf.js-common (>= 1.0.1149), pngnq, librsvg2-bin, closure-compiler
Filtered Build-Depends: cmake (>= 2.6.0), pkg-config, debhelper (>= 9), libpoppler-dev (>= 0.20.3), libpoppler-private-dev, libpng-dev, libjpeg-dev, libfontforge-dev, libspiro-dev, python, yui-compressor, pdf.js-common (>= 1.0.1149), pngnq, librsvg2-bin, closure-compiler
dpkg-deb: building package 'sbuild-build-depends-pdf2htmlex-dummy' in '/<<BUILDDIR>>/resolver-QCCAM3/apt_archive/sbuild-build-depends-pdf2htmlex-dummy.deb'.
dpkg-scanpackages: warning: Packages in archive but missing from override file:
dpkg-scanpackages: warning:   sbuild-build-depends-pdf2htmlex-dummy
dpkg-scanpackages: info: Wrote 1 entries to output Packages file.
Ign:1 copy:/<<BUILDDIR>>/resolver-QCCAM3/apt_archive ./ InRelease
Get:2 copy:/<<BUILDDIR>>/resolver-QCCAM3/apt_archive ./ Release [957 B]
Ign:3 copy:/<<BUILDDIR>>/resolver-QCCAM3/apt_archive ./ Release.gpg
Get:4 copy:/<<BUILDDIR>>/resolver-QCCAM3/apt_archive ./ Sources [470 B]
Get:5 copy:/<<BUILDDIR>>/resolver-QCCAM3/apt_archive ./ Packages [557 B]
Fetched 1984 B in 0s (0 B/s)
Reading package lists...
W: No sandbox user '_apt' on the system, can not drop privileges
Reading package lists...

Install pdf2htmlex build dependencies (apt-based resolver)
----------------------------------------------------------

Installing build dependencies
Reading package lists...
Building dependency tree...
Reading state information...
The following additional packages will be installed:
  adwaita-icon-theme autoconf automake autopoint autotools-dev bsdmainutils
  ca-certificates ca-certificates-java closure-compiler cmake cmake-data
  dconf-gsettings-backend dconf-service debhelper default-jre-headless
  dh-autoreconf dh-strip-nondeterminism file fontconfig fontconfig-config
  fonts-dejavu-core gettext gettext-base glib-networking
  glib-networking-common glib-networking-services groff-base
  gsettings-desktop-schemas gtk-update-icon-cache hicolor-icon-theme
  intltool-debian java-common java-wrappers libandroid-json-org-java
  libarchive-zip-perl libarchive13 libargs4j-java libatinject-jsr330-api-java
  libatk-bridge2.0-0 libatk1.0-0 libatk1.0-data libatspi2.0-0 libavahi-client3
  libavahi-common-data libavahi-common3 libcairo-gobject2 libcairo2
  libclosure-compiler-java libcolord2 libcroco3 libcups2 libcurl3 libdatrie1
  libdbus-1-3 libdconf1 libdrm2 libegl1-mesa libepoxy0 libexpat1
  libfile-stripnondeterminism-perl libfontconfig1 libfontforge-dev
  libfontforge1 libfreetype6 libgbm1 libgdk-pixbuf2.0-0
  libgdk-pixbuf2.0-common libgdraw4 libgif7 libglib2.0-0 libgnutls30
  libgraphite2-3 libgssapi-krb5-2 libgtk-3-0 libgtk-3-common libguava-java
  libharfbuzz0b libhogweed4 libice6 libicu57 libidn11 libjargs-java libjbig0
  libjpeg-dev libjpeg62-turbo libjpeg62-turbo-dev libjson-glib-1.0-0
  libjson-glib-1.0-common libjsoncpp1 libjsr305-java libk5crypto3 libkeyutils1
  libkrb5-3 libkrb5support0 liblcms2-2 libldap-2.4-2 liblzo2-2 libmagic-mgc
  libmagic1 libnettle6 libnghttp2-14 libnspr4 libnss3 libopenjp2-7 libp11-kit0
  libpango-1.0-0 libpangocairo-1.0-0 libpangoft2-1.0-0 libpangoxft-1.0-0
  libpcsclite1 libpipeline1 libpixman-1-0 libpng-dev libpng16-16
  libpoppler-dev libpoppler-private-dev libpoppler61 libprocps6 libproxy1v5
  libpython-stdlib libpython2.7 libpython2.7-minimal libpython2.7-stdlib
  libreadline6 librest-0.7-0 librsvg2-2 librsvg2-bin librsvg2-common librtmp1
  libsasl2-2 libsasl2-modules-db libsigsegv2 libsm6 libsoup-gnome2.4-1
  libsoup2.4-1 libspiro-dev libspiro0 libsqlite3-0 libssh2-1 libssl1.0.2
  libtasn1-6 libthai-data libthai0 libtiff5 libtimedate-perl libtool
  libuninameslist0 libunistring0 libwayland-client0 libwayland-cursor0
  libwayland-egl1-mesa libwayland-server0 libx11-6 libx11-data libx11-xcb1
  libxau6 libxcb-dri2-0 libxcb-dri3-0 libxcb-present0 libxcb-randr0
  libxcb-render0 libxcb-shape0 libxcb-shm0 libxcb-sync1 libxcb-xfixes0 libxcb1
  libxcomposite1 libxcursor1 libxdamage1 libxdmcp6 libxext6 libxfixes3 libxft2
  libxi6 libxinerama1 libxkbcommon0 libxml2 libxrandr2 libxrender1
  libxshmfence1 libxtst6 lsb-base m4 man-db mime-support
  openjdk-8-jre-headless openssl pdf.js-common pkg-config pngnq po-debconf
  procps python python-minimal python2.7 python2.7-minimal readline-common
  shared-mime-info ucf unzip x11-common xkb-data yui-compressor zlib1g-dev
Suggested packages:
  autoconf-archive gnu-standards autoconf-doc wamerican | wordlist whois
  vacation codeblocks eclipse ninja-build dh-make default-jre gettext-doc
  libasprintf-dev libgettextpo-dev groff libandroid-json-org-java-doc lrzip
  libatinject-jsr330-api-java-doc libclosure-compiler-java-doc colord
  cups-common gnutls-bin krb5-doc krb5-user gvfs libjargs-java-doc
  libjsr305-java-doc liblcms2-utils pcscd libfreetype6-dev libtool-doc
  gfortran | fortran95-compiler gcj-jdk less www-browser openjdk-8-jre-jamvm
  libnss-mdns fonts-dejavu-extra fonts-ipafont-gothic fonts-ipafont-mincho
  ttf-wqy-microhei | ttf-wqy-zenhei fonts-indic libmail-box-perl python-doc
  python-tk python2.7-doc binfmt-support readline-doc zip
Recommended packages:
  curl | wget | lynx-cur at-spi2-core dbus libglib2.0-data xdg-user-dirs
  libgtk-3-bin krb5-locales libpng-tools poppler-data libsasl2-modules
  libltdl-dev xml-core libmail-sendmail-perl psmisc
The following NEW packages will be installed:
  adwaita-icon-theme autoconf automake autopoint autotools-dev bsdmainutils
  ca-certificates ca-certificates-java closure-compiler cmake cmake-data
  dconf-gsettings-backend dconf-service debhelper default-jre-headless
  dh-autoreconf dh-strip-nondeterminism file fontconfig fontconfig-config
  fonts-dejavu-core gettext gettext-base glib-networking
  glib-networking-common glib-networking-services groff-base
  gsettings-desktop-schemas gtk-update-icon-cache hicolor-icon-theme
  intltool-debian java-common java-wrappers libandroid-json-org-java
  libarchive-zip-perl libarchive13 libargs4j-java libatinject-jsr330-api-java
  libatk-bridge2.0-0 libatk1.0-0 libatk1.0-data libatspi2.0-0 libavahi-client3
  libavahi-common-data libavahi-common3 libcairo-gobject2 libcairo2
  libclosure-compiler-java libcolord2 libcroco3 libcups2 libcurl3 libdatrie1
  libdbus-1-3 libdconf1 libdrm2 libegl1-mesa libepoxy0 libexpat1
  libfile-stripnondeterminism-perl libfontconfig1 libfontforge-dev
  libfontforge1 libfreetype6 libgbm1 libgdk-pixbuf2.0-0
  libgdk-pixbuf2.0-common libgdraw4 libgif7 libglib2.0-0 libgnutls30
  libgraphite2-3 libgssapi-krb5-2 libgtk-3-0 libgtk-3-common libguava-java
  libharfbuzz0b libhogweed4 libice6 libicu57 libidn11 libjargs-java libjbig0
  libjpeg-dev libjpeg62-turbo libjpeg62-turbo-dev libjson-glib-1.0-0
  libjson-glib-1.0-common libjsoncpp1 libjsr305-java libk5crypto3 libkeyutils1
  libkrb5-3 libkrb5support0 liblcms2-2 libldap-2.4-2 liblzo2-2 libmagic-mgc
  libmagic1 libnettle6 libnghttp2-14 libnspr4 libnss3 libopenjp2-7 libp11-kit0
  libpango-1.0-0 libpangocairo-1.0-0 libpangoft2-1.0-0 libpangoxft-1.0-0
  libpcsclite1 libpipeline1 libpixman-1-0 libpng-dev libpng16-16
  libpoppler-dev libpoppler-private-dev libpoppler61 libprocps6 libproxy1v5
  libpython-stdlib libpython2.7 libpython2.7-minimal libpython2.7-stdlib
  libreadline6 librest-0.7-0 librsvg2-2 librsvg2-bin librsvg2-common librtmp1
  libsasl2-2 libsasl2-modules-db libsigsegv2 libsm6 libsoup-gnome2.4-1
  libsoup2.4-1 libspiro-dev libspiro0 libsqlite3-0 libssh2-1 libssl1.0.2
  libtasn1-6 libthai-data libthai0 libtiff5 libtimedate-perl libtool
  libuninameslist0 libunistring0 libwayland-client0 libwayland-cursor0
  libwayland-egl1-mesa libwayland-server0 libx11-6 libx11-data libx11-xcb1
  libxau6 libxcb-dri2-0 libxcb-dri3-0 libxcb-present0 libxcb-randr0
  libxcb-render0 libxcb-shape0 libxcb-shm0 libxcb-sync1 libxcb-xfixes0 libxcb1
  libxcomposite1 libxcursor1 libxdamage1 libxdmcp6 libxext6 libxfixes3 libxft2
  libxi6 libxinerama1 libxkbcommon0 libxml2 libxrandr2 libxrender1
  libxshmfence1 libxtst6 lsb-base m4 man-db mime-support
  openjdk-8-jre-headless openssl pdf.js-common pkg-config pngnq po-debconf
  procps python python-minimal python2.7 python2.7-minimal readline-common
  sbuild-build-depends-pdf2htmlex-dummy shared-mime-info ucf unzip x11-common
  xkb-data yui-compressor zlib1g-dev
0 upgraded, 205 newly installed, 0 to remove and 0 not upgraded.
Need to get 109 MB of archives.
After this operation, 373 MB of additional disk space will be used.
Get:1 copy:/<<BUILDDIR>>/resolver-QCCAM3/apt_archive ./ sbuild-build-depends-pdf2htmlex-dummy 0.invalid.0 [904 B]
Get:2 http://127.0.0.1:9999/debian unstable/main amd64 groff-base amd64 1.22.3-8 [1162 kB]
Get:3 http://127.0.0.1:9999/debian unstable/main amd64 bsdmainutils amd64 9.0.10 [184 kB]
Get:4 http://127.0.0.1:9999/debian unstable/main amd64 libpipeline1 amd64 1.4.1-2 [27.6 kB]
Get:5 http://127.0.0.1:9999/debian unstable/main amd64 man-db amd64 2.7.5-1 [1003 kB]
Get:6 http://127.0.0.1:9999/debian unstable/main amd64 libpython2.7-minimal amd64 2.7.12-2 [387 kB]
Get:7 http://127.0.0.1:9999/debian unstable/main amd64 python2.7-minimal amd64 2.7.12-2 [1348 kB]
Get:8 http://127.0.0.1:9999/debian unstable/main amd64 python-minimal amd64 2.7.11-2 [40.3 kB]
Get:9 http://127.0.0.1:9999/debian unstable/main amd64 mime-support all 3.60 [36.7 kB]
Get:10 http://127.0.0.1:9999/debian unstable/main amd64 libexpat1 amd64 2.2.0-1 [82.0 kB]
Get:11 http://127.0.0.1:9999/debian unstable/main amd64 readline-common all 6.3-8 [57.7 kB]
Get:12 http://127.0.0.1:9999/debian unstable/main amd64 libreadline6 amd64 6.3-8+b4 [142 kB]
Get:13 http://127.0.0.1:9999/debian unstable/main amd64 libsqlite3-0 amd64 3.14.1-1 [559 kB]
Get:14 http://127.0.0.1:9999/debian unstable/main amd64 libssl1.0.2 amd64 1.0.2h-1 [1287 kB]
Get:15 http://127.0.0.1:9999/debian unstable/main amd64 libpython2.7-stdlib amd64 2.7.12-2 [1875 kB]
Get:16 http://127.0.0.1:9999/debian unstable/main amd64 python2.7 amd64 2.7.12-2 [277 kB]
Get:17 http://127.0.0.1:9999/debian unstable/main amd64 libpython-stdlib amd64 2.7.11-2 [19.8 kB]
Get:18 http://127.0.0.1:9999/debian unstable/main amd64 python amd64 2.7.11-2 [153 kB]
Get:19 http://127.0.0.1:9999/debian unstable/main amd64 cmake-data all 3.6.1-1 [1152 kB]
Get:20 http://127.0.0.1:9999/debian unstable/main amd64 libprocps6 amd64 2:3.3.12-2 [57.7 kB]
Get:21 http://127.0.0.1:9999/debian unstable/main amd64 lsb-base all 9.20160629 [27.6 kB]
Get:22 http://127.0.0.1:9999/debian unstable/main amd64 procps amd64 2:3.3.12-2 [250 kB]
Get:23 http://127.0.0.1:9999/debian unstable/main amd64 liblzo2-2 amd64 2.08-1.2 [54.6 kB]
Get:24 http://127.0.0.1:9999/debian unstable/main amd64 libnettle6 amd64 3.2-1 [191 kB]
Get:25 http://127.0.0.1:9999/debian unstable/main amd64 libicu57 amd64 57.1-3 [7676 kB]
Get:26 http://127.0.0.1:9999/debian unstable/main amd64 libxml2 amd64 2.9.4+dfsg1-1+b1 [919 kB]
Get:27 http://127.0.0.1:9999/debian unstable/main amd64 libarchive13 amd64 3.2.1-2 [288 kB]
Get:28 http://127.0.0.1:9999/debian unstable/main amd64 libkeyutils1 amd64 1.5.9-9 [12.4 kB]
Get:29 http://127.0.0.1:9999/debian unstable/main amd64 libkrb5support0 amd64 1.14.3+dfsg-1 [61.0 kB]
Get:30 http://127.0.0.1:9999/debian unstable/main amd64 libk5crypto3 amd64 1.14.3+dfsg-1 [115 kB]
Get:31 http://127.0.0.1:9999/debian unstable/main amd64 libkrb5-3 amd64 1.14.3+dfsg-1 [311 kB]
Get:32 http://127.0.0.1:9999/debian unstable/main amd64 libgssapi-krb5-2 amd64 1.14.3+dfsg-1 [154 kB]
Get:33 http://127.0.0.1:9999/debian unstable/main amd64 libidn11 amd64 1.33-1 [115 kB]
Get:34 http://127.0.0.1:9999/debian unstable/main amd64 libhogweed4 amd64 3.2-1 [136 kB]
Get:35 http://127.0.0.1:9999/debian unstable/main amd64 libp11-kit0 amd64 0.23.2-5 [111 kB]
Get:36 http://127.0.0.1:9999/debian unstable/main amd64 libtasn1-6 amd64 4.9-4 [50.0 kB]
Get:37 http://127.0.0.1:9999/debian unstable/main amd64 libgnutls30 amd64 3.5.3-3 [801 kB]
Get:38 http://127.0.0.1:9999/debian unstable/main amd64 libsasl2-modules-db amd64 2.1.26.dfsg1-15 [66.9 kB]
Get:39 http://127.0.0.1:9999/debian unstable/main amd64 libsasl2-2 amd64 2.1.26.dfsg1-15 [103 kB]
Get:40 http://127.0.0.1:9999/debian unstable/main amd64 libldap-2.4-2 amd64 2.4.42+dfsg-2+b2 [222 kB]
Get:41 http://127.0.0.1:9999/debian unstable/main amd64 libnghttp2-14 amd64 1.13.0-1 [79.4 kB]
Get:42 http://127.0.0.1:9999/debian unstable/main amd64 librtmp1 amd64 2.4+20151223.gitfa8646d.1-1 [60.0 kB]
Get:43 http://127.0.0.1:9999/debian unstable/main amd64 libssh2-1 amd64 1.7.0-1 [138 kB]
Get:44 http://127.0.0.1:9999/debian unstable/main amd64 libcurl3 amd64 7.50.1-1 [280 kB]
Get:45 http://127.0.0.1:9999/debian unstable/main amd64 libjsoncpp1 amd64 1.7.4-3 [75.6 kB]
Get:46 http://127.0.0.1:9999/debian unstable/main amd64 cmake amd64 3.6.1-1 [2736 kB]
Get:47 http://127.0.0.1:9999/debian unstable/main amd64 libpng16-16 amd64 1.6.24-2 [279 kB]
Get:48 http://127.0.0.1:9999/debian unstable/main amd64 libfreetype6 amd64 2.6.3-3+b1 [437 kB]
Get:49 http://127.0.0.1:9999/debian unstable/main amd64 ucf all 3.0036 [70.2 kB]
Get:50 http://127.0.0.1:9999/debian unstable/main amd64 fonts-dejavu-core all 2.37-1 [1068 kB]
Get:51 http://127.0.0.1:9999/debian unstable/main amd64 fontconfig-config all 2.11.0-6.7 [271 kB]
Get:52 http://127.0.0.1:9999/debian unstable/main amd64 libfontconfig1 amd64 2.11.0-6.7 [331 kB]
Get:53 http://127.0.0.1:9999/debian unstable/main amd64 fontconfig amd64 2.11.0-6.7 [403 kB]
Get:54 http://127.0.0.1:9999/debian unstable/main amd64 x11-common all 1:7.7+16 [251 kB]
Get:55 http://127.0.0.1:9999/debian unstable/main amd64 libice6 amd64 2:1.0.9-1+b1 [58.8 kB]
Get:56 http://127.0.0.1:9999/debian unstable/main amd64 libsm6 amd64 2:1.2.2-1+b1 [33.6 kB]
Get:57 http://127.0.0.1:9999/debian unstable/main amd64 libxau6 amd64 1:1.0.8-1 [20.7 kB]
Get:58 http://127.0.0.1:9999/debian unstable/main amd64 libxdmcp6 amd64 1:1.1.2-1.1 [26.2 kB]
Get:59 http://127.0.0.1:9999/debian unstable/main amd64 libxcb1 amd64 1.11.1-1.1 [45.3 kB]
Get:60 http://127.0.0.1:9999/debian unstable/main amd64 libx11-data all 2:1.6.3-1 [128 kB]
Get:61 http://127.0.0.1:9999/debian unstable/main amd64 libx11-6 amd64 2:1.6.3-1 [742 kB]
Get:62 http://127.0.0.1:9999/debian unstable/main amd64 libx11-xcb1 amd64 2:1.6.3-1 [176 kB]
Get:63 http://127.0.0.1:9999/debian unstable/main amd64 libxcomposite1 amd64 1:0.4.4-1 [17.4 kB]
Get:64 http://127.0.0.1:9999/debian unstable/main amd64 libxfixes3 amd64 1:5.0.2-1 [21.3 kB]
Get:65 http://127.0.0.1:9999/debian unstable/main amd64 libxrender1 amd64 1:0.9.9-2 [31.8 kB]
Get:66 http://127.0.0.1:9999/debian unstable/main amd64 libxcursor1 amd64 1:1.1.14-1+b1 [35.1 kB]
Get:67 http://127.0.0.1:9999/debian unstable/main amd64 libxdamage1 amd64 1:1.1.4-2+b1 [14.7 kB]
Get:68 http://127.0.0.1:9999/debian unstable/main amd64 libxext6 amd64 2:1.3.3-1 [52.7 kB]
Get:69 http://127.0.0.1:9999/debian unstable/main amd64 libxft2 amd64 2.3.2-1 [55.4 kB]
Get:70 http://127.0.0.1:9999/debian unstable/main amd64 libxinerama1 amd64 2:1.1.3-1+b1 [16.9 kB]
Get:71 http://127.0.0.1:9999/debian unstable/main amd64 libxshmfence1 amd64 1.2-1 [7836 B]
Get:72 http://127.0.0.1:9999/debian unstable/main amd64 libxi6 amd64 2:1.7.6-1 [80.6 kB]
Get:73 http://127.0.0.1:9999/debian unstable/main amd64 libxtst6 amd64 2:1.2.2-1+b1 [27.3 kB]
Get:74 http://127.0.0.1:9999/debian unstable/main amd64 openssl amd64 1.0.2h-1 [681 kB]
Get:75 http://127.0.0.1:9999/debian unstable/main amd64 ca-certificates all 20160104 [200 kB]
Get:76 http://127.0.0.1:9999/debian unstable/main amd64 java-common all 0.57 [13.4 kB]
Get:77 http://127.0.0.1:9999/debian unstable/main amd64 default-jre-headless amd64 2:1.8-57 [10.1 kB]
Get:78 http://127.0.0.1:9999/debian unstable/main amd64 libnspr4 amd64 2:4.12-6 [117 kB]
Get:79 http://127.0.0.1:9999/debian unstable/main amd64 libnss3 amd64 2:3.26-1 [1158 kB]
Get:80 http://127.0.0.1:9999/debian unstable/main amd64 ca-certificates-java all 20160321 [14.4 kB]
Get:81 http://127.0.0.1:9999/debian unstable/main amd64 libavahi-common-data amd64 0.6.32-1 [118 kB]
Get:82 http://127.0.0.1:9999/debian unstable/main amd64 libavahi-common3 amd64 0.6.32-1 [52.1 kB]
Get:83 http://127.0.0.1:9999/debian unstable/main amd64 libdbus-1-3 amd64 1.10.10-1 [190 kB]
Get:84 http://127.0.0.1:9999/debian unstable/main amd64 libavahi-client3 amd64 0.6.32-1 [55.4 kB]
Get:85 http://127.0.0.1:9999/debian unstable/main amd64 libcups2 amd64 2.1.4-4 [299 kB]
Get:86 http://127.0.0.1:9999/debian unstable/main amd64 liblcms2-2 amd64 2.7-1 [140 kB]
Get:87 http://127.0.0.1:9999/debian unstable/main amd64 libjpeg62-turbo amd64 1:1.5.0-1 [132 kB]
Get:88 http://127.0.0.1:9999/debian unstable/main amd64 libpcsclite1 amd64 1.8.18-1 [56.4 kB]
Get:89 http://127.0.0.1:9999/debian unstable/main amd64 openjdk-8-jre-headless amd64 8u102-b14.1-2 [26.9 MB]
Get:90 http://127.0.0.1:9999/debian unstable/main amd64 libjbig0 amd64 2.1-3.1 [30.7 kB]
Get:91 http://127.0.0.1:9999/debian unstable/main amd64 libmagic-mgc amd64 1:5.28-4 [210 kB]
Get:92 http://127.0.0.1:9999/debian unstable/main amd64 libmagic1 amd64 1:5.28-4 [109 kB]
Get:93 http://127.0.0.1:9999/debian unstable/main amd64 file amd64 1:5.28-4 [62.9 kB]
Get:94 http://127.0.0.1:9999/debian unstable/main amd64 gettext-base amd64 0.19.8.1-1 [121 kB]
Get:95 http://127.0.0.1:9999/debian unstable/main amd64 hicolor-icon-theme all 0.15-1 [9550 B]
Get:96 http://127.0.0.1:9999/debian unstable/main amd64 libglib2.0-0 amd64 2.48.1-3 [2707 kB]
Get:97 http://127.0.0.1:9999/debian unstable/main amd64 libtiff5 amd64 4.0.6-2 [222 kB]
Get:98 http://127.0.0.1:9999/debian unstable/main amd64 shared-mime-info amd64 1.6-1 [685 kB]
Get:99 http://127.0.0.1:9999/debian unstable/main amd64 libgdk-pixbuf2.0-common all 2.34.0-1 [309 kB]
Get:100 http://127.0.0.1:9999/debian unstable/main amd64 libgdk-pixbuf2.0-0 amd64 2.34.0-1 [164 kB]
Get:101 http://127.0.0.1:9999/debian unstable/main amd64 gtk-update-icon-cache amd64 3.20.9-1 [73.9 kB]
Get:102 http://127.0.0.1:9999/debian unstable/main amd64 libpixman-1-0 amd64 0.33.6-1 [532 kB]
Get:103 http://127.0.0.1:9999/debian unstable/main amd64 libxcb-render0 amd64 1.11.1-1.1 [17.5 kB]
Get:104 http://127.0.0.1:9999/debian unstable/main amd64 libxcb-shm0 amd64 1.11.1-1.1 [11.6 kB]
Get:105 http://127.0.0.1:9999/debian unstable/main amd64 libcairo2 amd64 1.14.6-1+b1 [767 kB]
Get:106 http://127.0.0.1:9999/debian unstable/main amd64 libcroco3 amd64 0.6.11-1 [143 kB]
Get:107 http://127.0.0.1:9999/debian unstable/main amd64 libthai-data all 0.1.25-1 [165 kB]
Get:108 http://127.0.0.1:9999/debian unstable/main amd64 libdatrie1 amd64 0.2.10-2 [35.8 kB]
Get:109 http://127.0.0.1:9999/debian unstable/main amd64 libthai0 amd64 0.1.25-1 [51.6 kB]
Get:110 http://127.0.0.1:9999/debian unstable/main amd64 libpango-1.0-0 amd64 1.40.1-1 [311 kB]
Get:111 http://127.0.0.1:9999/debian unstable/main amd64 libgraphite2-3 amd64 1.3.8-1 [76.4 kB]
Get:112 http://127.0.0.1:9999/debian unstable/main amd64 libharfbuzz0b amd64 1.2.7-1+b1 [612 kB]
Get:113 http://127.0.0.1:9999/debian unstable/main amd64 libpangoft2-1.0-0 amd64 1.40.1-1 [236 kB]
Get:114 http://127.0.0.1:9999/debian unstable/main amd64 libpangocairo-1.0-0 amd64 1.40.1-1 [223 kB]
Get:115 http://127.0.0.1:9999/debian unstable/main amd64 librsvg2-2 amd64 2.40.16-1 [281 kB]
Get:116 http://127.0.0.1:9999/debian unstable/main amd64 librsvg2-common amd64 2.40.16-1 [193 kB]
Get:117 http://127.0.0.1:9999/debian unstable/main amd64 adwaita-icon-theme all 3.20-3 [11.9 MB]
Get:118 http://127.0.0.1:9999/debian unstable/main amd64 libsigsegv2 amd64 2.10-5 [28.9 kB]
Get:119 http://127.0.0.1:9999/debian unstable/main amd64 m4 amd64 1.4.17-5 [255 kB]
Get:120 http://127.0.0.1:9999/debian unstable/main amd64 autoconf all 2.69-10 [338 kB]
Get:121 http://127.0.0.1:9999/debian unstable/main amd64 autotools-dev all 20160430.1 [72.6 kB]
Get:122 http://127.0.0.1:9999/debian unstable/main amd64 automake all 1:1.15-4 [735 kB]
Get:123 http://127.0.0.1:9999/debian unstable/main amd64 autopoint all 0.19.8.1-1 [433 kB]
Get:124 http://127.0.0.1:9999/debian unstable/main amd64 libargs4j-java all 2.33-1 [139 kB]
Get:125 http://127.0.0.1:9999/debian unstable/main amd64 libatinject-jsr330-api-java all 1.0+ds1-2 [22.7 kB]
Get:126 http://127.0.0.1:9999/debian unstable/main amd64 libjsr305-java all 0.1~+svn49-9 [26.4 kB]
Get:127 http://127.0.0.1:9999/debian unstable/main amd64 libguava-java all 19.0-1 [2028 kB]
Get:128 http://127.0.0.1:9999/debian unstable/main amd64 libandroid-json-org-java all 20121204-20090211-2 [22.6 kB]
Get:129 http://127.0.0.1:9999/debian unstable/main amd64 libclosure-compiler-java all 20130227+dfsg1-8 [3341 kB]
Get:130 http://127.0.0.1:9999/debian unstable/main amd64 unzip amd64 6.0-20 [161 kB]
Get:131 http://127.0.0.1:9999/debian unstable/main amd64 java-wrappers all 0.1.28 [10.7 kB]
Get:132 http://127.0.0.1:9999/debian unstable/main amd64 closure-compiler all 20130227+dfsg1-8 [16.4 kB]
Get:133 http://127.0.0.1:9999/debian unstable/main amd64 libdconf1 amd64 0.26.0-1 [37.0 kB]
Get:134 http://127.0.0.1:9999/debian unstable/main amd64 dconf-service amd64 0.26.0-1 [42.7 kB]
Get:135 http://127.0.0.1:9999/debian unstable/main amd64 dconf-gsettings-backend amd64 0.26.0-1 [35.5 kB]
Get:136 http://127.0.0.1:9999/debian unstable/main amd64 libunistring0 amd64 0.9.6+really0.9.3-0.1 [279 kB]
Get:137 http://127.0.0.1:9999/debian unstable/main amd64 gettext amd64 0.19.8.1-1 [1493 kB]
Get:138 http://127.0.0.1:9999/debian unstable/main amd64 intltool-debian all 0.35.0+20060710.4 [26.3 kB]
Get:139 http://127.0.0.1:9999/debian unstable/main amd64 po-debconf all 1.0.19 [249 kB]
Get:140 http://127.0.0.1:9999/debian unstable/main amd64 libarchive-zip-perl all 1.59-1 [95.5 kB]
Get:141 http://127.0.0.1:9999/debian unstable/main amd64 libfile-stripnondeterminism-perl all 0.023-2 [13.4 kB]
Get:142 http://127.0.0.1:9999/debian unstable/main amd64 libtimedate-perl all 2.3000-2 [42.2 kB]
Get:143 http://127.0.0.1:9999/debian unstable/main amd64 dh-strip-nondeterminism all 0.023-2 [8202 B]
Get:144 http://127.0.0.1:9999/debian unstable/main amd64 libtool all 2.4.6-2 [545 kB]
Get:145 http://127.0.0.1:9999/debian unstable/main amd64 dh-autoreconf all 12 [15.8 kB]
Get:146 http://127.0.0.1:9999/debian unstable/main amd64 debhelper all 9.20160814 [800 kB]
Get:147 http://127.0.0.1:9999/debian unstable/main amd64 libproxy1v5 amd64 0.4.11-5 [54.5 kB]
Get:148 http://127.0.0.1:9999/debian unstable/main amd64 glib-networking-common all 2.48.2-1 [56.9 kB]
Get:149 http://127.0.0.1:9999/debian unstable/main amd64 glib-networking-services amd64 2.48.2-1 [19.7 kB]
Get:150 http://127.0.0.1:9999/debian unstable/main amd64 gsettings-desktop-schemas all 3.20.0-3 [450 kB]
Get:151 http://127.0.0.1:9999/debian unstable/main amd64 glib-networking amd64 2.48.2-1 [56.8 kB]
Get:152 http://127.0.0.1:9999/debian unstable/main amd64 libatk1.0-data all 2.20.0-1 [185 kB]
Get:153 http://127.0.0.1:9999/debian unstable/main amd64 libatk1.0-0 amd64 2.20.0-1 [92.9 kB]
Get:154 http://127.0.0.1:9999/debian unstable/main amd64 libatspi2.0-0 amd64 2.20.2-1 [60.5 kB]
Get:155 http://127.0.0.1:9999/debian unstable/main amd64 libatk-bridge2.0-0 amd64 2.20.1-3 [56.0 kB]
Get:156 http://127.0.0.1:9999/debian unstable/main amd64 libcairo-gobject2 amd64 1.14.6-1+b1 [333 kB]
Get:157 http://127.0.0.1:9999/debian unstable/main amd64 libcolord2 amd64 1.3.2-1 [250 kB]
Get:158 http://127.0.0.1:9999/debian unstable/main amd64 libdrm2 amd64 2.4.70-1 [35.5 kB]
Get:159 http://127.0.0.1:9999/debian unstable/main amd64 libwayland-client0 amd64 1.11.0-2 [24.7 kB]
Get:160 http://127.0.0.1:9999/debian unstable/main amd64 libwayland-server0 amd64 1.11.0-2 [29.6 kB]
Get:161 http://127.0.0.1:9999/debian unstable/main amd64 libgbm1 amd64 11.2.2-1 [57.9 kB]
Get:162 http://127.0.0.1:9999/debian unstable/main amd64 libxcb-dri2-0 amd64 1.11.1-1.1 [12.9 kB]
Get:163 http://127.0.0.1:9999/debian unstable/main amd64 libxcb-dri3-0 amd64 1.11.1-1.1 [11.2 kB]
Get:164 http://127.0.0.1:9999/debian unstable/main amd64 libxcb-present0 amd64 1.11.1-1.1 [11.2 kB]
Get:165 http://127.0.0.1:9999/debian unstable/main amd64 libxcb-randr0 amd64 1.11.1-1.1 [20.6 kB]
Get:166 http://127.0.0.1:9999/debian unstable/main amd64 libxcb-shape0 amd64 1.11.1-1.1 [11.7 kB]
Get:167 http://127.0.0.1:9999/debian unstable/main amd64 libxcb-sync1 amd64 1.11.1-1.1 [14.4 kB]
Get:168 http://127.0.0.1:9999/debian unstable/main amd64 libxcb-xfixes0 amd64 1.11.1-1.1 [14.8 kB]
Get:169 http://127.0.0.1:9999/debian unstable/main amd64 libegl1-mesa amd64 11.2.2-1 [106 kB]
Get:170 http://127.0.0.1:9999/debian unstable/main amd64 libepoxy0 amd64 1.3.1-1 [175 kB]
Get:171 http://127.0.0.1:9999/debian unstable/main amd64 libgif7 amd64 5.1.4-0.3 [42.8 kB]
Get:172 http://127.0.0.1:9999/debian unstable/main amd64 libpython2.7 amd64 2.7.12-2 [1070 kB]
Get:173 http://127.0.0.1:9999/debian unstable/main amd64 libspiro0 amd64 1:0.5.20150702-4 [15.7 kB]
Get:174 http://127.0.0.1:9999/debian unstable/main amd64 libuninameslist0 amd64 0.5.20150701-1 [325 kB]
Get:175 http://127.0.0.1:9999/debian unstable/main amd64 libfontforge1 amd64 20120731.b-7.2 [1859 kB]
Get:176 http://127.0.0.1:9999/debian unstable/main amd64 libpangoxft-1.0-0 amd64 1.40.1-1 [218 kB]
Get:177 http://127.0.0.1:9999/debian unstable/main amd64 libgdraw4 amd64 20120731.b-7.2 [319 kB]
Get:178 http://127.0.0.1:9999/debian unstable/main amd64 libfontforge-dev amd64 20120731.b-7.2 [115 kB]
Get:179 http://127.0.0.1:9999/debian unstable/main amd64 libgtk-3-common all 3.20.9-1 [3438 kB]
Get:180 http://127.0.0.1:9999/debian unstable/main amd64 libjson-glib-1.0-common all 1.2.2-1 [161 kB]
Get:181 http://127.0.0.1:9999/debian unstable/main amd64 libjson-glib-1.0-0 amd64 1.2.2-1 [173 kB]
Get:182 http://127.0.0.1:9999/debian unstable/main amd64 libsoup2.4-1 amd64 2.54.1-1 [283 kB]
Get:183 http://127.0.0.1:9999/debian unstable/main amd64 libsoup-gnome2.4-1 amd64 2.54.1-1 [61.0 kB]
Get:184 http://127.0.0.1:9999/debian unstable/main amd64 librest-0.7-0 amd64 0.8.0-1 [32.9 kB]
Get:185 http://127.0.0.1:9999/debian unstable/main amd64 libwayland-cursor0 amd64 1.11.0-2 [13.1 kB]
Get:186 http://127.0.0.1:9999/debian unstable/main amd64 libwayland-egl1-mesa amd64 11.2.2-1 [40.8 kB]
Get:187 http://127.0.0.1:9999/debian unstable/main amd64 xkb-data all 2.17-1 [627 kB]
Get:188 http://127.0.0.1:9999/debian unstable/main amd64 libxkbcommon0 amd64 0.6.1-1 [121 kB]
Get:189 http://127.0.0.1:9999/debian unstable/main amd64 libxrandr2 amd64 2:1.5.0-1 [36.0 kB]
Get:190 http://127.0.0.1:9999/debian unstable/main amd64 libgtk-3-0 amd64 3.20.9-1 [2423 kB]
Get:191 http://127.0.0.1:9999/debian unstable/main amd64 libjargs-java all 1.0.0-4 [15.3 kB]
Get:192 http://127.0.0.1:9999/debian unstable/main amd64 libjpeg62-turbo-dev amd64 1:1.5.0-1 [210 kB]
Get:193 http://127.0.0.1:9999/debian unstable/main amd64 libjpeg-dev all 1:1.5.0-1 [54.8 kB]
Get:194 http://127.0.0.1:9999/debian unstable/main amd64 zlib1g-dev amd64 1:1.2.8.dfsg-2+b1 [206 kB]
Get:195 http://127.0.0.1:9999/debian unstable/main amd64 libpng-dev amd64 1.6.24-2 [247 kB]
Get:196 http://127.0.0.1:9999/debian unstable/main amd64 libopenjp2-7 amd64 2.1.1-1 [120 kB]
Get:197 http://127.0.0.1:9999/debian unstable/main amd64 libpoppler61 amd64 0.44.0-3 [1267 kB]
Get:198 http://127.0.0.1:9999/debian unstable/main amd64 libpoppler-dev amd64 0.44.0-3 [774 kB]
Get:199 http://127.0.0.1:9999/debian unstable/main amd64 libpoppler-private-dev amd64 0.44.0-3 [182 kB]
Get:200 http://127.0.0.1:9999/debian unstable/main amd64 librsvg2-bin amd64 2.40.16-1 [204 kB]
Get:201 http://127.0.0.1:9999/debian unstable/main amd64 libspiro-dev amd64 1:0.5.20150702-4 [6456 B]
Get:202 http://127.0.0.1:9999/debian unstable/main amd64 pdf.js-common all 1.5.188+dfsg-1 [623 kB]
Get:203 http://127.0.0.1:9999/debian unstable/main amd64 pkg-config amd64 0.29-4 [62.5 kB]
Get:204 http://127.0.0.1:9999/debian unstable/main amd64 pngnq amd64 1.0-2.3 [25.0 kB]
Get:205 http://127.0.0.1:9999/debian unstable/main amd64 yui-compressor all 2.4.7-2 [567 kB]
debconf: delaying package configuration, since apt-utils is not installed
Fetched 109 MB in 1s (67.3 MB/s)
Selecting previously unselected package groff-base.
(Reading database ... 9775 files and directories currently installed.)
Preparing to unpack .../00-groff-base_1.22.3-8_amd64.deb ...
Unpacking groff-base (1.22.3-8) ...
Selecting previously unselected package bsdmainutils.
Preparing to unpack .../01-bsdmainutils_9.0.10_amd64.deb ...
Unpacking bsdmainutils (9.0.10) ...
Selecting previously unselected package libpipeline1:amd64.
Preparing to unpack .../02-libpipeline1_1.4.1-2_amd64.deb ...
Unpacking libpipeline1:amd64 (1.4.1-2) ...
Selecting previously unselected package man-db.
Preparing to unpack .../03-man-db_2.7.5-1_amd64.deb ...
Unpacking man-db (2.7.5-1) ...
Selecting previously unselected package libpython2.7-minimal:amd64.
Preparing to unpack .../04-libpython2.7-minimal_2.7.12-2_amd64.deb ...
Unpacking libpython2.7-minimal:amd64 (2.7.12-2) ...
Selecting previously unselected package python2.7-minimal.
Preparing to unpack .../05-python2.7-minimal_2.7.12-2_amd64.deb ...
Unpacking python2.7-minimal (2.7.12-2) ...
Selecting previously unselected package python-minimal.
Preparing to unpack .../06-python-minimal_2.7.11-2_amd64.deb ...
Unpacking python-minimal (2.7.11-2) ...
Selecting previously unselected package mime-support.
Preparing to unpack .../07-mime-support_3.60_all.deb ...
Unpacking mime-support (3.60) ...
Selecting previously unselected package libexpat1:amd64.
Preparing to unpack .../08-libexpat1_2.2.0-1_amd64.deb ...
Unpacking libexpat1:amd64 (2.2.0-1) ...
Selecting previously unselected package readline-common.
Preparing to unpack .../09-readline-common_6.3-8_all.deb ...
Unpacking readline-common (6.3-8) ...
Selecting previously unselected package libreadline6:amd64.
Preparing to unpack .../10-libreadline6_6.3-8+b4_amd64.deb ...
Unpacking libreadline6:amd64 (6.3-8+b4) ...
Selecting previously unselected package libsqlite3-0:amd64.
Preparing to unpack .../11-libsqlite3-0_3.14.1-1_amd64.deb ...
Unpacking libsqlite3-0:amd64 (3.14.1-1) ...
Selecting previously unselected package libssl1.0.2:amd64.
Preparing to unpack .../12-libssl1.0.2_1.0.2h-1_amd64.deb ...
Unpacking libssl1.0.2:amd64 (1.0.2h-1) ...
Selecting previously unselected package libpython2.7-stdlib:amd64.
Preparing to unpack .../13-libpython2.7-stdlib_2.7.12-2_amd64.deb ...
Unpacking libpython2.7-stdlib:amd64 (2.7.12-2) ...
Selecting previously unselected package python2.7.
Preparing to unpack .../14-python2.7_2.7.12-2_amd64.deb ...
Unpacking python2.7 (2.7.12-2) ...
Selecting previously unselected package libpython-stdlib:amd64.
Preparing to unpack .../15-libpython-stdlib_2.7.11-2_amd64.deb ...
Unpacking libpython-stdlib:amd64 (2.7.11-2) ...
Setting up libpython2.7-minimal:amd64 (2.7.12-2) ...
Setting up python2.7-minimal (2.7.12-2) ...
Setting up python-minimal (2.7.11-2) ...
Selecting previously unselected package python.
(Reading database ... 11156 files and directories currently installed.)
Preparing to unpack .../000-python_2.7.11-2_amd64.deb ...
Unpacking python (2.7.11-2) ...
Selecting previously unselected package cmake-data.
Preparing to unpack .../001-cmake-data_3.6.1-1_all.deb ...
Unpacking cmake-data (3.6.1-1) ...
Selecting previously unselected package libprocps6:amd64.
Preparing to unpack .../002-libprocps6_2%3a3.3.12-2_amd64.deb ...
Unpacking libprocps6:amd64 (2:3.3.12-2) ...
Selecting previously unselected package lsb-base.
Preparing to unpack .../003-lsb-base_9.20160629_all.deb ...
Unpacking lsb-base (9.20160629) ...
Selecting previously unselected package procps.
Preparing to unpack .../004-procps_2%3a3.3.12-2_amd64.deb ...
Unpacking procps (2:3.3.12-2) ...
Selecting previously unselected package liblzo2-2:amd64.
Preparing to unpack .../005-liblzo2-2_2.08-1.2_amd64.deb ...
Unpacking liblzo2-2:amd64 (2.08-1.2) ...
Selecting previously unselected package libnettle6:amd64.
Preparing to unpack .../006-libnettle6_3.2-1_amd64.deb ...
Unpacking libnettle6:amd64 (3.2-1) ...
Selecting previously unselected package libicu57:amd64.
Preparing to unpack .../007-libicu57_57.1-3_amd64.deb ...
Unpacking libicu57:amd64 (57.1-3) ...
Selecting previously unselected package libxml2:amd64.
Preparing to unpack .../008-libxml2_2.9.4+dfsg1-1+b1_amd64.deb ...
Unpacking libxml2:amd64 (2.9.4+dfsg1-1+b1) ...
Selecting previously unselected package libarchive13:amd64.
Preparing to unpack .../009-libarchive13_3.2.1-2_amd64.deb ...
Unpacking libarchive13:amd64 (3.2.1-2) ...
Selecting previously unselected package libkeyutils1:amd64.
Preparing to unpack .../010-libkeyutils1_1.5.9-9_amd64.deb ...
Unpacking libkeyutils1:amd64 (1.5.9-9) ...
Selecting previously unselected package libkrb5support0:amd64.
Preparing to unpack .../011-libkrb5support0_1.14.3+dfsg-1_amd64.deb ...
Unpacking libkrb5support0:amd64 (1.14.3+dfsg-1) ...
Selecting previously unselected package libk5crypto3:amd64.
Preparing to unpack .../012-libk5crypto3_1.14.3+dfsg-1_amd64.deb ...
Unpacking libk5crypto3:amd64 (1.14.3+dfsg-1) ...
Selecting previously unselected package libkrb5-3:amd64.
Preparing to unpack .../013-libkrb5-3_1.14.3+dfsg-1_amd64.deb ...
Unpacking libkrb5-3:amd64 (1.14.3+dfsg-1) ...
Selecting previously unselected package libgssapi-krb5-2:amd64.
Preparing to unpack .../014-libgssapi-krb5-2_1.14.3+dfsg-1_amd64.deb ...
Unpacking libgssapi-krb5-2:amd64 (1.14.3+dfsg-1) ...
Selecting previously unselected package libidn11:amd64.
Preparing to unpack .../015-libidn11_1.33-1_amd64.deb ...
Unpacking libidn11:amd64 (1.33-1) ...
Selecting previously unselected package libhogweed4:amd64.
Preparing to unpack .../016-libhogweed4_3.2-1_amd64.deb ...
Unpacking libhogweed4:amd64 (3.2-1) ...
Selecting previously unselected package libp11-kit0:amd64.
Preparing to unpack .../017-libp11-kit0_0.23.2-5_amd64.deb ...
Unpacking libp11-kit0:amd64 (0.23.2-5) ...
Selecting previously unselected package libtasn1-6:amd64.
Preparing to unpack .../018-libtasn1-6_4.9-4_amd64.deb ...
Unpacking libtasn1-6:amd64 (4.9-4) ...
Selecting previously unselected package libgnutls30:amd64.
Preparing to unpack .../019-libgnutls30_3.5.3-3_amd64.deb ...
Unpacking libgnutls30:amd64 (3.5.3-3) ...
Selecting previously unselected package libsasl2-modules-db:amd64.
Preparing to unpack .../020-libsasl2-modules-db_2.1.26.dfsg1-15_amd64.deb ...
Unpacking libsasl2-modules-db:amd64 (2.1.26.dfsg1-15) ...
Selecting previously unselected package libsasl2-2:amd64.
Preparing to unpack .../021-libsasl2-2_2.1.26.dfsg1-15_amd64.deb ...
Unpacking libsasl2-2:amd64 (2.1.26.dfsg1-15) ...
Selecting previously unselected package libldap-2.4-2:amd64.
Preparing to unpack .../022-libldap-2.4-2_2.4.42+dfsg-2+b2_amd64.deb ...
Unpacking libldap-2.4-2:amd64 (2.4.42+dfsg-2+b2) ...
Selecting previously unselected package libnghttp2-14:amd64.
Preparing to unpack .../023-libnghttp2-14_1.13.0-1_amd64.deb ...
Unpacking libnghttp2-14:amd64 (1.13.0-1) ...
Selecting previously unselected package librtmp1:amd64.
Preparing to unpack .../024-librtmp1_2.4+20151223.gitfa8646d.1-1_amd64.deb ...
Unpacking librtmp1:amd64 (2.4+20151223.gitfa8646d.1-1) ...
Selecting previously unselected package libssh2-1:amd64.
Preparing to unpack .../025-libssh2-1_1.7.0-1_amd64.deb ...
Unpacking libssh2-1:amd64 (1.7.0-1) ...
Selecting previously unselected package libcurl3:amd64.
Preparing to unpack .../026-libcurl3_7.50.1-1_amd64.deb ...
Unpacking libcurl3:amd64 (7.50.1-1) ...
Selecting previously unselected package libjsoncpp1:amd64.
Preparing to unpack .../027-libjsoncpp1_1.7.4-3_amd64.deb ...
Unpacking libjsoncpp1:amd64 (1.7.4-3) ...
Selecting previously unselected package cmake.
Preparing to unpack .../028-cmake_3.6.1-1_amd64.deb ...
Unpacking cmake (3.6.1-1) ...
Selecting previously unselected package libpng16-16:amd64.
Preparing to unpack .../029-libpng16-16_1.6.24-2_amd64.deb ...
Unpacking libpng16-16:amd64 (1.6.24-2) ...
Selecting previously unselected package libfreetype6:amd64.
Preparing to unpack .../030-libfreetype6_2.6.3-3+b1_amd64.deb ...
Unpacking libfreetype6:amd64 (2.6.3-3+b1) ...
Selecting previously unselected package ucf.
Preparing to unpack .../031-ucf_3.0036_all.deb ...
Moving old data out of the way
Unpacking ucf (3.0036) ...
Selecting previously unselected package fonts-dejavu-core.
Preparing to unpack .../032-fonts-dejavu-core_2.37-1_all.deb ...
Unpacking fonts-dejavu-core (2.37-1) ...
Selecting previously unselected package fontconfig-config.
Preparing to unpack .../033-fontconfig-config_2.11.0-6.7_all.deb ...
Unpacking fontconfig-config (2.11.0-6.7) ...
Selecting previously unselected package libfontconfig1:amd64.
Preparing to unpack .../034-libfontconfig1_2.11.0-6.7_amd64.deb ...
Unpacking libfontconfig1:amd64 (2.11.0-6.7) ...
Selecting previously unselected package fontconfig.
Preparing to unpack .../035-fontconfig_2.11.0-6.7_amd64.deb ...
Unpacking fontconfig (2.11.0-6.7) ...
Selecting previously unselected package x11-common.
Preparing to unpack .../036-x11-common_1%3a7.7+16_all.deb ...
Unpacking x11-common (1:7.7+16) ...
Selecting previously unselected package libice6:amd64.
Preparing to unpack .../037-libice6_2%3a1.0.9-1+b1_amd64.deb ...
Unpacking libice6:amd64 (2:1.0.9-1+b1) ...
Selecting previously unselected package libsm6:amd64.
Preparing to unpack .../038-libsm6_2%3a1.2.2-1+b1_amd64.deb ...
Unpacking libsm6:amd64 (2:1.2.2-1+b1) ...
Selecting previously unselected package libxau6:amd64.
Preparing to unpack .../039-libxau6_1%3a1.0.8-1_amd64.deb ...
Unpacking libxau6:amd64 (1:1.0.8-1) ...
Selecting previously unselected package libxdmcp6:amd64.
Preparing to unpack .../040-libxdmcp6_1%3a1.1.2-1.1_amd64.deb ...
Unpacking libxdmcp6:amd64 (1:1.1.2-1.1) ...
Selecting previously unselected package libxcb1:amd64.
Preparing to unpack .../041-libxcb1_1.11.1-1.1_amd64.deb ...
Unpacking libxcb1:amd64 (1.11.1-1.1) ...
Selecting previously unselected package libx11-data.
Preparing to unpack .../042-libx11-data_2%3a1.6.3-1_all.deb ...
Unpacking libx11-data (2:1.6.3-1) ...
Selecting previously unselected package libx11-6:amd64.
Preparing to unpack .../043-libx11-6_2%3a1.6.3-1_amd64.deb ...
Unpacking libx11-6:amd64 (2:1.6.3-1) ...
Selecting previously unselected package libx11-xcb1:amd64.
Preparing to unpack .../044-libx11-xcb1_2%3a1.6.3-1_amd64.deb ...
Unpacking libx11-xcb1:amd64 (2:1.6.3-1) ...
Selecting previously unselected package libxcomposite1:amd64.
Preparing to unpack .../045-libxcomposite1_1%3a0.4.4-1_amd64.deb ...
Unpacking libxcomposite1:amd64 (1:0.4.4-1) ...
Selecting previously unselected package libxfixes3:amd64.
Preparing to unpack .../046-libxfixes3_1%3a5.0.2-1_amd64.deb ...
Unpacking libxfixes3:amd64 (1:5.0.2-1) ...
Selecting previously unselected package libxrender1:amd64.
Preparing to unpack .../047-libxrender1_1%3a0.9.9-2_amd64.deb ...
Unpacking libxrender1:amd64 (1:0.9.9-2) ...
Selecting previously unselected package libxcursor1:amd64.
Preparing to unpack .../048-libxcursor1_1%3a1.1.14-1+b1_amd64.deb ...
Unpacking libxcursor1:amd64 (1:1.1.14-1+b1) ...
Selecting previously unselected package libxdamage1:amd64.
Preparing to unpack .../049-libxdamage1_1%3a1.1.4-2+b1_amd64.deb ...
Unpacking libxdamage1:amd64 (1:1.1.4-2+b1) ...
Selecting previously unselected package libxext6:amd64.
Preparing to unpack .../050-libxext6_2%3a1.3.3-1_amd64.deb ...
Unpacking libxext6:amd64 (2:1.3.3-1) ...
Selecting previously unselected package libxft2:amd64.
Preparing to unpack .../051-libxft2_2.3.2-1_amd64.deb ...
Unpacking libxft2:amd64 (2.3.2-1) ...
Selecting previously unselected package libxinerama1:amd64.
Preparing to unpack .../052-libxinerama1_2%3a1.1.3-1+b1_amd64.deb ...
Unpacking libxinerama1:amd64 (2:1.1.3-1+b1) ...
Selecting previously unselected package libxshmfence1:amd64.
Preparing to unpack .../053-libxshmfence1_1.2-1_amd64.deb ...
Unpacking libxshmfence1:amd64 (1.2-1) ...
Selecting previously unselected package libxi6:amd64.
Preparing to unpack .../054-libxi6_2%3a1.7.6-1_amd64.deb ...
Unpacking libxi6:amd64 (2:1.7.6-1) ...
Selecting previously unselected package libxtst6:amd64.
Preparing to unpack .../055-libxtst6_2%3a1.2.2-1+b1_amd64.deb ...
Unpacking libxtst6:amd64 (2:1.2.2-1+b1) ...
Selecting previously unselected package openssl.
Preparing to unpack .../056-openssl_1.0.2h-1_amd64.deb ...
Unpacking openssl (1.0.2h-1) ...
Selecting previously unselected package ca-certificates.
Preparing to unpack .../057-ca-certificates_20160104_all.deb ...
Unpacking ca-certificates (20160104) ...
Selecting previously unselected package java-common.
Preparing to unpack .../058-java-common_0.57_all.deb ...
Unpacking java-common (0.57) ...
Selecting previously unselected package default-jre-headless.
Preparing to unpack .../059-default-jre-headless_2%3a1.8-57_amd64.deb ...
Unpacking default-jre-headless (2:1.8-57) ...
Selecting previously unselected package libnspr4:amd64.
Preparing to unpack .../060-libnspr4_2%3a4.12-6_amd64.deb ...
Unpacking libnspr4:amd64 (2:4.12-6) ...
Selecting previously unselected package libnss3:amd64.
Preparing to unpack .../061-libnss3_2%3a3.26-1_amd64.deb ...
Unpacking libnss3:amd64 (2:3.26-1) ...
Selecting previously unselected package ca-certificates-java.
Preparing to unpack .../062-ca-certificates-java_20160321_all.deb ...
Unpacking ca-certificates-java (20160321) ...
Selecting previously unselected package libavahi-common-data:amd64.
Preparing to unpack .../063-libavahi-common-data_0.6.32-1_amd64.deb ...
Unpacking libavahi-common-data:amd64 (0.6.32-1) ...
Selecting previously unselected package libavahi-common3:amd64.
Preparing to unpack .../064-libavahi-common3_0.6.32-1_amd64.deb ...
Unpacking libavahi-common3:amd64 (0.6.32-1) ...
Selecting previously unselected package libdbus-1-3:amd64.
Preparing to unpack .../065-libdbus-1-3_1.10.10-1_amd64.deb ...
Unpacking libdbus-1-3:amd64 (1.10.10-1) ...
Selecting previously unselected package libavahi-client3:amd64.
Preparing to unpack .../066-libavahi-client3_0.6.32-1_amd64.deb ...
Unpacking libavahi-client3:amd64 (0.6.32-1) ...
Selecting previously unselected package libcups2:amd64.
Preparing to unpack .../067-libcups2_2.1.4-4_amd64.deb ...
Unpacking libcups2:amd64 (2.1.4-4) ...
Selecting previously unselected package liblcms2-2:amd64.
Preparing to unpack .../068-liblcms2-2_2.7-1_amd64.deb ...
Unpacking liblcms2-2:amd64 (2.7-1) ...
Selecting previously unselected package libjpeg62-turbo:amd64.
Preparing to unpack .../069-libjpeg62-turbo_1%3a1.5.0-1_amd64.deb ...
Unpacking libjpeg62-turbo:amd64 (1:1.5.0-1) ...
Selecting previously unselected package libpcsclite1:amd64.
Preparing to unpack .../070-libpcsclite1_1.8.18-1_amd64.deb ...
Unpacking libpcsclite1:amd64 (1.8.18-1) ...
Selecting previously unselected package openjdk-8-jre-headless:amd64.
Preparing to unpack .../071-openjdk-8-jre-headless_8u102-b14.1-2_amd64.deb ...
Unpacking openjdk-8-jre-headless:amd64 (8u102-b14.1-2) ...
Selecting previously unselected package libjbig0:amd64.
Preparing to unpack .../072-libjbig0_2.1-3.1_amd64.deb ...
Unpacking libjbig0:amd64 (2.1-3.1) ...
Selecting previously unselected package libmagic-mgc.
Preparing to unpack .../073-libmagic-mgc_1%3a5.28-4_amd64.deb ...
Unpacking libmagic-mgc (1:5.28-4) ...
Selecting previously unselected package libmagic1:amd64.
Preparing to unpack .../074-libmagic1_1%3a5.28-4_amd64.deb ...
Unpacking libmagic1:amd64 (1:5.28-4) ...
Selecting previously unselected package file.
Preparing to unpack .../075-file_1%3a5.28-4_amd64.deb ...
Unpacking file (1:5.28-4) ...
Selecting previously unselected package gettext-base.
Preparing to unpack .../076-gettext-base_0.19.8.1-1_amd64.deb ...
Unpacking gettext-base (0.19.8.1-1) ...
Selecting previously unselected package hicolor-icon-theme.
Preparing to unpack .../077-hicolor-icon-theme_0.15-1_all.deb ...
Unpacking hicolor-icon-theme (0.15-1) ...
Selecting previously unselected package libglib2.0-0:amd64.
Preparing to unpack .../078-libglib2.0-0_2.48.1-3_amd64.deb ...
Unpacking libglib2.0-0:amd64 (2.48.1-3) ...
Selecting previously unselected package libtiff5:amd64.
Preparing to unpack .../079-libtiff5_4.0.6-2_amd64.deb ...
Unpacking libtiff5:amd64 (4.0.6-2) ...
Selecting previously unselected package shared-mime-info.
Preparing to unpack .../080-shared-mime-info_1.6-1_amd64.deb ...
Unpacking shared-mime-info (1.6-1) ...
Selecting previously unselected package libgdk-pixbuf2.0-common.
Preparing to unpack .../081-libgdk-pixbuf2.0-common_2.34.0-1_all.deb ...
Unpacking libgdk-pixbuf2.0-common (2.34.0-1) ...
Selecting previously unselected package libgdk-pixbuf2.0-0:amd64.
Preparing to unpack .../082-libgdk-pixbuf2.0-0_2.34.0-1_amd64.deb ...
Unpacking libgdk-pixbuf2.0-0:amd64 (2.34.0-1) ...
Selecting previously unselected package gtk-update-icon-cache.
Preparing to unpack .../083-gtk-update-icon-cache_3.20.9-1_amd64.deb ...
No diversion 'diversion of /usr/sbin/update-icon-caches to /usr/sbin/update-icon-caches.gtk2 by libgtk-3-bin', none removed.
No diversion 'diversion of /usr/share/man/man8/update-icon-caches.8.gz to /usr/share/man/man8/update-icon-caches.gtk2.8.gz by libgtk-3-bin', none removed.
Unpacking gtk-update-icon-cache (3.20.9-1) ...
Selecting previously unselected package libpixman-1-0:amd64.
Preparing to unpack .../084-libpixman-1-0_0.33.6-1_amd64.deb ...
Unpacking libpixman-1-0:amd64 (0.33.6-1) ...
Selecting previously unselected package libxcb-render0:amd64.
Preparing to unpack .../085-libxcb-render0_1.11.1-1.1_amd64.deb ...
Unpacking libxcb-render0:amd64 (1.11.1-1.1) ...
Selecting previously unselected package libxcb-shm0:amd64.
Preparing to unpack .../086-libxcb-shm0_1.11.1-1.1_amd64.deb ...
Unpacking libxcb-shm0:amd64 (1.11.1-1.1) ...
Selecting previously unselected package libcairo2:amd64.
Preparing to unpack .../087-libcairo2_1.14.6-1+b1_amd64.deb ...
Unpacking libcairo2:amd64 (1.14.6-1+b1) ...
Selecting previously unselected package libcroco3:amd64.
Preparing to unpack .../088-libcroco3_0.6.11-1_amd64.deb ...
Unpacking libcroco3:amd64 (0.6.11-1) ...
Selecting previously unselected package libthai-data.
Preparing to unpack .../089-libthai-data_0.1.25-1_all.deb ...
Unpacking libthai-data (0.1.25-1) ...
Selecting previously unselected package libdatrie1:amd64.
Preparing to unpack .../090-libdatrie1_0.2.10-2_amd64.deb ...
Unpacking libdatrie1:amd64 (0.2.10-2) ...
Selecting previously unselected package libthai0:amd64.
Preparing to unpack .../091-libthai0_0.1.25-1_amd64.deb ...
Unpacking libthai0:amd64 (0.1.25-1) ...
Selecting previously unselected package libpango-1.0-0:amd64.
Preparing to unpack .../092-libpango-1.0-0_1.40.1-1_amd64.deb ...
Unpacking libpango-1.0-0:amd64 (1.40.1-1) ...
Selecting previously unselected package libgraphite2-3:amd64.
Preparing to unpack .../093-libgraphite2-3_1.3.8-1_amd64.deb ...
Unpacking libgraphite2-3:amd64 (1.3.8-1) ...
Selecting previously unselected package libharfbuzz0b:amd64.
Preparing to unpack .../094-libharfbuzz0b_1.2.7-1+b1_amd64.deb ...
Unpacking libharfbuzz0b:amd64 (1.2.7-1+b1) ...
Selecting previously unselected package libpangoft2-1.0-0:amd64.
Preparing to unpack .../095-libpangoft2-1.0-0_1.40.1-1_amd64.deb ...
Unpacking libpangoft2-1.0-0:amd64 (1.40.1-1) ...
Selecting previously unselected package libpangocairo-1.0-0:amd64.
Preparing to unpack .../096-libpangocairo-1.0-0_1.40.1-1_amd64.deb ...
Unpacking libpangocairo-1.0-0:amd64 (1.40.1-1) ...
Selecting previously unselected package librsvg2-2:amd64.
Preparing to unpack .../097-librsvg2-2_2.40.16-1_amd64.deb ...
Unpacking librsvg2-2:amd64 (2.40.16-1) ...
Selecting previously unselected package librsvg2-common:amd64.
Preparing to unpack .../098-librsvg2-common_2.40.16-1_amd64.deb ...
Unpacking librsvg2-common:amd64 (2.40.16-1) ...
Selecting previously unselected package adwaita-icon-theme.
Preparing to unpack .../099-adwaita-icon-theme_3.20-3_all.deb ...
Unpacking adwaita-icon-theme (3.20-3) ...
Selecting previously unselected package libsigsegv2:amd64.
Preparing to unpack .../100-libsigsegv2_2.10-5_amd64.deb ...
Unpacking libsigsegv2:amd64 (2.10-5) ...
Selecting previously unselected package m4.
Preparing to unpack .../101-m4_1.4.17-5_amd64.deb ...
Unpacking m4 (1.4.17-5) ...
Selecting previously unselected package autoconf.
Preparing to unpack .../102-autoconf_2.69-10_all.deb ...
Unpacking autoconf (2.69-10) ...
Selecting previously unselected package autotools-dev.
Preparing to unpack .../103-autotools-dev_20160430.1_all.deb ...
Unpacking autotools-dev (20160430.1) ...
Selecting previously unselected package automake.
Preparing to unpack .../104-automake_1%3a1.15-4_all.deb ...
Unpacking automake (1:1.15-4) ...
Selecting previously unselected package autopoint.
Preparing to unpack .../105-autopoint_0.19.8.1-1_all.deb ...
Unpacking autopoint (0.19.8.1-1) ...
Selecting previously unselected package libargs4j-java.
Preparing to unpack .../106-libargs4j-java_2.33-1_all.deb ...
Unpacking libargs4j-java (2.33-1) ...
Selecting previously unselected package libatinject-jsr330-api-java.
Preparing to unpack .../107-libatinject-jsr330-api-java_1.0+ds1-2_all.deb ...
Unpacking libatinject-jsr330-api-java (1.0+ds1-2) ...
Selecting previously unselected package libjsr305-java.
Preparing to unpack .../108-libjsr305-java_0.1~+svn49-9_all.deb ...
Unpacking libjsr305-java (0.1~+svn49-9) ...
Selecting previously unselected package libguava-java.
Preparing to unpack .../109-libguava-java_19.0-1_all.deb ...
Unpacking libguava-java (19.0-1) ...
Selecting previously unselected package libandroid-json-org-java.
Preparing to unpack .../110-libandroid-json-org-java_20121204-20090211-2_all.deb ...
Unpacking libandroid-json-org-java (20121204-20090211-2) ...
Selecting previously unselected package libclosure-compiler-java.
Preparing to unpack .../111-libclosure-compiler-java_20130227+dfsg1-8_all.deb ...
Unpacking libclosure-compiler-java (20130227+dfsg1-8) ...
Selecting previously unselected package unzip.
Preparing to unpack .../112-unzip_6.0-20_amd64.deb ...
Unpacking unzip (6.0-20) ...
Selecting previously unselected package java-wrappers.
Preparing to unpack .../113-java-wrappers_0.1.28_all.deb ...
Unpacking java-wrappers (0.1.28) ...
Selecting previously unselected package closure-compiler.
Preparing to unpack .../114-closure-compiler_20130227+dfsg1-8_all.deb ...
Unpacking closure-compiler (20130227+dfsg1-8) ...
Selecting previously unselected package libdconf1:amd64.
Preparing to unpack .../115-libdconf1_0.26.0-1_amd64.deb ...
Unpacking libdconf1:amd64 (0.26.0-1) ...
Selecting previously unselected package dconf-service.
Preparing to unpack .../116-dconf-service_0.26.0-1_amd64.deb ...
Unpacking dconf-service (0.26.0-1) ...
Selecting previously unselected package dconf-gsettings-backend:amd64.
Preparing to unpack .../117-dconf-gsettings-backend_0.26.0-1_amd64.deb ...
Unpacking dconf-gsettings-backend:amd64 (0.26.0-1) ...
Selecting previously unselected package libunistring0:amd64.
Preparing to unpack .../118-libunistring0_0.9.6+really0.9.3-0.1_amd64.deb ...
Unpacking libunistring0:amd64 (0.9.6+really0.9.3-0.1) ...
Selecting previously unselected package gettext.
Preparing to unpack .../119-gettext_0.19.8.1-1_amd64.deb ...
Unpacking gettext (0.19.8.1-1) ...
Selecting previously unselected package intltool-debian.
Preparing to unpack .../120-intltool-debian_0.35.0+20060710.4_all.deb ...
Unpacking intltool-debian (0.35.0+20060710.4) ...
Selecting previously unselected package po-debconf.
Preparing to unpack .../121-po-debconf_1.0.19_all.deb ...
Unpacking po-debconf (1.0.19) ...
Selecting previously unselected package libarchive-zip-perl.
Preparing to unpack .../122-libarchive-zip-perl_1.59-1_all.deb ...
Unpacking libarchive-zip-perl (1.59-1) ...
Selecting previously unselected package libfile-stripnondeterminism-perl.
Preparing to unpack .../123-libfile-stripnondeterminism-perl_0.023-2_all.deb ...
Unpacking libfile-stripnondeterminism-perl (0.023-2) ...
Selecting previously unselected package libtimedate-perl.
Preparing to unpack .../124-libtimedate-perl_2.3000-2_all.deb ...
Unpacking libtimedate-perl (2.3000-2) ...
Selecting previously unselected package dh-strip-nondeterminism.
Preparing to unpack .../125-dh-strip-nondeterminism_0.023-2_all.deb ...
Unpacking dh-strip-nondeterminism (0.023-2) ...
Selecting previously unselected package libtool.
Preparing to unpack .../126-libtool_2.4.6-2_all.deb ...
Unpacking libtool (2.4.6-2) ...
Selecting previously unselected package dh-autoreconf.
Preparing to unpack .../127-dh-autoreconf_12_all.deb ...
Unpacking dh-autoreconf (12) ...
Selecting previously unselected package debhelper.
Preparing to unpack .../128-debhelper_9.20160814_all.deb ...
Unpacking debhelper (9.20160814) ...
Selecting previously unselected package libproxy1v5:amd64.
Preparing to unpack .../129-libproxy1v5_0.4.11-5_amd64.deb ...
Unpacking libproxy1v5:amd64 (0.4.11-5) ...
Selecting previously unselected package glib-networking-common.
Preparing to unpack .../130-glib-networking-common_2.48.2-1_all.deb ...
Unpacking glib-networking-common (2.48.2-1) ...
Selecting previously unselected package glib-networking-services.
Preparing to unpack .../131-glib-networking-services_2.48.2-1_amd64.deb ...
Unpacking glib-networking-services (2.48.2-1) ...
Selecting previously unselected package gsettings-desktop-schemas.
Preparing to unpack .../132-gsettings-desktop-schemas_3.20.0-3_all.deb ...
Unpacking gsettings-desktop-schemas (3.20.0-3) ...
Selecting previously unselected package glib-networking:amd64.
Preparing to unpack .../133-glib-networking_2.48.2-1_amd64.deb ...
Unpacking glib-networking:amd64 (2.48.2-1) ...
Selecting previously unselected package libatk1.0-data.
Preparing to unpack .../134-libatk1.0-data_2.20.0-1_all.deb ...
Unpacking libatk1.0-data (2.20.0-1) ...
Selecting previously unselected package libatk1.0-0:amd64.
Preparing to unpack .../135-libatk1.0-0_2.20.0-1_amd64.deb ...
Unpacking libatk1.0-0:amd64 (2.20.0-1) ...
Selecting previously unselected package libatspi2.0-0:amd64.
Preparing to unpack .../136-libatspi2.0-0_2.20.2-1_amd64.deb ...
Unpacking libatspi2.0-0:amd64 (2.20.2-1) ...
Selecting previously unselected package libatk-bridge2.0-0:amd64.
Preparing to unpack .../137-libatk-bridge2.0-0_2.20.1-3_amd64.deb ...
Unpacking libatk-bridge2.0-0:amd64 (2.20.1-3) ...
Selecting previously unselected package libcairo-gobject2:amd64.
Preparing to unpack .../138-libcairo-gobject2_1.14.6-1+b1_amd64.deb ...
Unpacking libcairo-gobject2:amd64 (1.14.6-1+b1) ...
Selecting previously unselected package libcolord2:amd64.
Preparing to unpack .../139-libcolord2_1.3.2-1_amd64.deb ...
Unpacking libcolord2:amd64 (1.3.2-1) ...
Selecting previously unselected package libdrm2:amd64.
Preparing to unpack .../140-libdrm2_2.4.70-1_amd64.deb ...
Unpacking libdrm2:amd64 (2.4.70-1) ...
Selecting previously unselected package libwayland-client0:amd64.
Preparing to unpack .../141-libwayland-client0_1.11.0-2_amd64.deb ...
Unpacking libwayland-client0:amd64 (1.11.0-2) ...
Selecting previously unselected package libwayland-server0:amd64.
Preparing to unpack .../142-libwayland-server0_1.11.0-2_amd64.deb ...
Unpacking libwayland-server0:amd64 (1.11.0-2) ...
Selecting previously unselected package libgbm1:amd64.
Preparing to unpack .../143-libgbm1_11.2.2-1_amd64.deb ...
Unpacking libgbm1:amd64 (11.2.2-1) ...
Selecting previously unselected package libxcb-dri2-0:amd64.
Preparing to unpack .../144-libxcb-dri2-0_1.11.1-1.1_amd64.deb ...
Unpacking libxcb-dri2-0:amd64 (1.11.1-1.1) ...
Selecting previously unselected package libxcb-dri3-0:amd64.
Preparing to unpack .../145-libxcb-dri3-0_1.11.1-1.1_amd64.deb ...
Unpacking libxcb-dri3-0:amd64 (1.11.1-1.1) ...
Selecting previously unselected package libxcb-present0:amd64.
Preparing to unpack .../146-libxcb-present0_1.11.1-1.1_amd64.deb ...
Unpacking libxcb-present0:amd64 (1.11.1-1.1) ...
Selecting previously unselected package libxcb-randr0:amd64.
Preparing to unpack .../147-libxcb-randr0_1.11.1-1.1_amd64.deb ...
Unpacking libxcb-randr0:amd64 (1.11.1-1.1) ...
Selecting previously unselected package libxcb-shape0:amd64.
Preparing to unpack .../148-libxcb-shape0_1.11.1-1.1_amd64.deb ...
Unpacking libxcb-shape0:amd64 (1.11.1-1.1) ...
Selecting previously unselected package libxcb-sync1:amd64.
Preparing to unpack .../149-libxcb-sync1_1.11.1-1.1_amd64.deb ...
Unpacking libxcb-sync1:amd64 (1.11.1-1.1) ...
Selecting previously unselected package libxcb-xfixes0:amd64.
Preparing to unpack .../150-libxcb-xfixes0_1.11.1-1.1_amd64.deb ...
Unpacking libxcb-xfixes0:amd64 (1.11.1-1.1) ...
Selecting previously unselected package libegl1-mesa:amd64.
Preparing to unpack .../151-libegl1-mesa_11.2.2-1_amd64.deb ...
Unpacking libegl1-mesa:amd64 (11.2.2-1) ...
Selecting previously unselected package libepoxy0:amd64.
Preparing to unpack .../152-libepoxy0_1.3.1-1_amd64.deb ...
Unpacking libepoxy0:amd64 (1.3.1-1) ...
Selecting previously unselected package libgif7:amd64.
Preparing to unpack .../153-libgif7_5.1.4-0.3_amd64.deb ...
Unpacking libgif7:amd64 (5.1.4-0.3) ...
Selecting previously unselected package libpython2.7:amd64.
Preparing to unpack .../154-libpython2.7_2.7.12-2_amd64.deb ...
Unpacking libpython2.7:amd64 (2.7.12-2) ...
Selecting previously unselected package libspiro0:amd64.
Preparing to unpack .../155-libspiro0_1%3a0.5.20150702-4_amd64.deb ...
Unpacking libspiro0:amd64 (1:0.5.20150702-4) ...
Selecting previously unselected package libuninameslist0.
Preparing to unpack .../156-libuninameslist0_0.5.20150701-1_amd64.deb ...
Unpacking libuninameslist0 (0.5.20150701-1) ...
Selecting previously unselected package libfontforge1.
Preparing to unpack .../157-libfontforge1_20120731.b-7.2_amd64.deb ...
Unpacking libfontforge1 (20120731.b-7.2) ...
Selecting previously unselected package libpangoxft-1.0-0:amd64.
Preparing to unpack .../158-libpangoxft-1.0-0_1.40.1-1_amd64.deb ...
Unpacking libpangoxft-1.0-0:amd64 (1.40.1-1) ...
Selecting previously unselected package libgdraw4.
Preparing to unpack .../159-libgdraw4_20120731.b-7.2_amd64.deb ...
Unpacking libgdraw4 (20120731.b-7.2) ...
Selecting previously unselected package libfontforge-dev.
Preparing to unpack .../160-libfontforge-dev_20120731.b-7.2_amd64.deb ...
Unpacking libfontforge-dev (20120731.b-7.2) ...
Selecting previously unselected package libgtk-3-common.
Preparing to unpack .../161-libgtk-3-common_3.20.9-1_all.deb ...
Unpacking libgtk-3-common (3.20.9-1) ...
Selecting previously unselected package libjson-glib-1.0-common.
Preparing to unpack .../162-libjson-glib-1.0-common_1.2.2-1_all.deb ...
Unpacking libjson-glib-1.0-common (1.2.2-1) ...
Selecting previously unselected package libjson-glib-1.0-0:amd64.
Preparing to unpack .../163-libjson-glib-1.0-0_1.2.2-1_amd64.deb ...
Unpacking libjson-glib-1.0-0:amd64 (1.2.2-1) ...
Selecting previously unselected package libsoup2.4-1:amd64.
Preparing to unpack .../164-libsoup2.4-1_2.54.1-1_amd64.deb ...
Unpacking libsoup2.4-1:amd64 (2.54.1-1) ...
Selecting previously unselected package libsoup-gnome2.4-1:amd64.
Preparing to unpack .../165-libsoup-gnome2.4-1_2.54.1-1_amd64.deb ...
Unpacking libsoup-gnome2.4-1:amd64 (2.54.1-1) ...
Selecting previously unselected package librest-0.7-0:amd64.
Preparing to unpack .../166-librest-0.7-0_0.8.0-1_amd64.deb ...
Unpacking librest-0.7-0:amd64 (0.8.0-1) ...
Selecting previously unselected package libwayland-cursor0:amd64.
Preparing to unpack .../167-libwayland-cursor0_1.11.0-2_amd64.deb ...
Unpacking libwayland-cursor0:amd64 (1.11.0-2) ...
Selecting previously unselected package libwayland-egl1-mesa:amd64.
Preparing to unpack .../168-libwayland-egl1-mesa_11.2.2-1_amd64.deb ...
Unpacking libwayland-egl1-mesa:amd64 (11.2.2-1) ...
Selecting previously unselected package xkb-data.
Preparing to unpack .../169-xkb-data_2.17-1_all.deb ...
Unpacking xkb-data (2.17-1) ...
Selecting previously unselected package libxkbcommon0:amd64.
Preparing to unpack .../170-libxkbcommon0_0.6.1-1_amd64.deb ...
Unpacking libxkbcommon0:amd64 (0.6.1-1) ...
Selecting previously unselected package libxrandr2:amd64.
Preparing to unpack .../171-libxrandr2_2%3a1.5.0-1_amd64.deb ...
Unpacking libxrandr2:amd64 (2:1.5.0-1) ...
Selecting previously unselected package libgtk-3-0:amd64.
Preparing to unpack .../172-libgtk-3-0_3.20.9-1_amd64.deb ...
Unpacking libgtk-3-0:amd64 (3.20.9-1) ...
Selecting previously unselected package libjargs-java.
Preparing to unpack .../173-libjargs-java_1.0.0-4_all.deb ...
Unpacking libjargs-java (1.0.0-4) ...
Selecting previously unselected package libjpeg62-turbo-dev:amd64.
Preparing to unpack .../174-libjpeg62-turbo-dev_1%3a1.5.0-1_amd64.deb ...
Unpacking libjpeg62-turbo-dev:amd64 (1:1.5.0-1) ...
Selecting previously unselected package libjpeg-dev.
Preparing to unpack .../175-libjpeg-dev_1%3a1.5.0-1_all.deb ...
Unpacking libjpeg-dev (1:1.5.0-1) ...
Selecting previously unselected package zlib1g-dev:amd64.
Preparing to unpack .../176-zlib1g-dev_1%3a1.2.8.dfsg-2+b1_amd64.deb ...
Unpacking zlib1g-dev:amd64 (1:1.2.8.dfsg-2+b1) ...
Selecting previously unselected package libpng-dev:amd64.
Preparing to unpack .../177-libpng-dev_1.6.24-2_amd64.deb ...
Unpacking libpng-dev:amd64 (1.6.24-2) ...
Selecting previously unselected package libopenjp2-7:amd64.
Preparing to unpack .../178-libopenjp2-7_2.1.1-1_amd64.deb ...
Unpacking libopenjp2-7:amd64 (2.1.1-1) ...
Selecting previously unselected package libpoppler61:amd64.
Preparing to unpack .../179-libpoppler61_0.44.0-3_amd64.deb ...
Unpacking libpoppler61:amd64 (0.44.0-3) ...
Selecting previously unselected package libpoppler-dev:amd64.
Preparing to unpack .../180-libpoppler-dev_0.44.0-3_amd64.deb ...
Unpacking libpoppler-dev:amd64 (0.44.0-3) ...
Selecting previously unselected package libpoppler-private-dev:amd64.
Preparing to unpack .../181-libpoppler-private-dev_0.44.0-3_amd64.deb ...
Unpacking libpoppler-private-dev:amd64 (0.44.0-3) ...
Selecting previously unselected package librsvg2-bin.
Preparing to unpack .../182-librsvg2-bin_2.40.16-1_amd64.deb ...
Unpacking librsvg2-bin (2.40.16-1) ...
Selecting previously unselected package libspiro-dev.
Preparing to unpack .../183-libspiro-dev_1%3a0.5.20150702-4_amd64.deb ...
Unpacking libspiro-dev (1:0.5.20150702-4) ...
Selecting previously unselected package pdf.js-common.
Preparing to unpack .../184-pdf.js-common_1.5.188+dfsg-1_all.deb ...
Unpacking pdf.js-common (1.5.188+dfsg-1) ...
Selecting previously unselected package pkg-config.
Preparing to unpack .../185-pkg-config_0.29-4_amd64.deb ...
Unpacking pkg-config (0.29-4) ...
Selecting previously unselected package pngnq.
Preparing to unpack .../186-pngnq_1.0-2.3_amd64.deb ...
Unpacking pngnq (1.0-2.3) ...
Selecting previously unselected package yui-compressor.
Preparing to unpack .../187-yui-compressor_2.4.7-2_all.deb ...
Unpacking yui-compressor (2.4.7-2) ...
Selecting previously unselected package sbuild-build-depends-pdf2htmlex-dummy.
Preparing to unpack .../188-sbuild-build-depends-pdf2htmlex-dummy_0.invalid.0_amd64.deb ...
Unpacking sbuild-build-depends-pdf2htmlex-dummy (0.invalid.0) ...
Setting up readline-common (6.3-8) ...
Setting up libnettle6:amd64 (3.2-1) ...
Setting up libargs4j-java (2.33-1) ...
Setting up libexpat1:amd64 (2.2.0-1) ...
Setting up libjson-glib-1.0-common (1.2.2-1) ...
Setting up libopenjp2-7:amd64 (2.1.1-1) ...
Setting up glib-networking-common (2.48.2-1) ...
Setting up libjpeg62-turbo:amd64 (1:1.5.0-1) ...
Setting up libarchive-zip-perl (1.59-1) ...
Setting up libnghttp2-14:amd64 (1.13.0-1) ...
Setting up mime-support (3.60) ...
Setting up libpng16-16:amd64 (1.6.24-2) ...
Setting up libtimedate-perl (2.3000-2) ...
Setting up liblcms2-2:amd64 (2.7-1) ...
Setting up libjbig0:amd64 (2.1-3.1) ...
Setting up libpcsclite1:amd64 (1.8.18-1) ...
Setting up libsigsegv2:amd64 (2.10-5) ...
Setting up fonts-dejavu-core (2.37-1) ...
Setting up libandroid-json-org-java (20121204-20090211-2) ...
Setting up libjargs-java (1.0.0-4) ...
Setting up groff-base (1.22.3-8) ...
Setting up libglib2.0-0:amd64 (2.48.1-3) ...
Setting up libxshmfence1:amd64 (1.2-1) ...
Setting up libwayland-client0:amd64 (1.11.0-2) ...
Setting up xkb-data (2.17-1) ...
Setting up libsasl2-modules-db:amd64 (2.1.26.dfsg1-15) ...
Setting up unzip (6.0-20) ...
Setting up libproxy1v5:amd64 (0.4.11-5) ...
Setting up java-common (0.57) ...
Setting up libsasl2-2:amd64 (2.1.26.dfsg1-15) ...
Setting up libgdk-pixbuf2.0-common (2.34.0-1) ...
Setting up glib-networking-services (2.48.2-1) ...
Setting up libdatrie1:amd64 (0.2.10-2) ...
Setting up libtiff5:amd64 (4.0.6-2) ...
Setting up gettext-base (0.19.8.1-1) ...
Setting up cmake-data (3.6.1-1) ...
Setting up libgif7:amd64 (5.1.4-0.3) ...
Setting up libpipeline1:amd64 (1.4.1-2) ...
Setting up m4 (1.4.17-5) ...
Setting up libicu57:amd64 (57.1-3) ...
Setting up libuninameslist0 (0.5.20150701-1) ...
Setting up libprocps6:amd64 (2:3.3.12-2) ...
Setting up libnspr4:amd64 (2:4.12-6) ...
Setting up ucf (3.0036) ...
Setting up libxml2:amd64 (2.9.4+dfsg1-1+b1) ...
Setting up libfreetype6:amd64 (2.6.3-3+b1) ...
Setting up libtasn1-6:amd64 (4.9-4) ...
Setting up libmagic-mgc (1:5.28-4) ...
Setting up libdrm2:amd64 (2.4.70-1) ...
Setting up libmagic1:amd64 (1:5.28-4) ...
Setting up libjson-glib-1.0-0:amd64 (1.2.2-1) ...
Setting up libhogweed4:amd64 (3.2-1) ...
Setting up lsb-base (9.20160629) ...
Setting up libgraphite2-3:amd64 (1.3.8-1) ...
Setting up procps (2:3.3.12-2) ...
update-alternatives: using /usr/bin/w.procps to provide /usr/bin/w (w) in auto mode
Setting up libcroco3:amd64 (0.6.11-1) ...
Setting up libjsr305-java (0.1~+svn49-9) ...
Setting up libssl1.0.2:amd64 (1.0.2h-1) ...
Setting up libatk1.0-data (2.20.0-1) ...
Setting up libspiro0:amd64 (1:0.5.20150702-4) ...
Setting up pkg-config (0.29-4) ...
Setting up libpixman-1-0:amd64 (0.33.6-1) ...
Setting up libssh2-1:amd64 (1.7.0-1) ...
Processing triggers for libc-bin (2.23-5) ...
Setting up libepoxy0:amd64 (1.3.1-1) ...
Setting up autotools-dev (20160430.1) ...
Setting up libunistring0:amd64 (0.9.6+really0.9.3-0.1) ...
Setting up libatk1.0-0:amd64 (2.20.0-1) ...
Setting up libp11-kit0:amd64 (0.23.2-5) ...
Setting up openssl (1.0.2h-1) ...
Setting up libsqlite3-0:amd64 (3.14.1-1) ...
Setting up libdconf1:amd64 (0.26.0-1) ...
Setting up shared-mime-info (1.6-1) ...
Setting up libxkbcommon0:amd64 (0.6.1-1) ...
Setting up libatinject-jsr330-api-java (1.0+ds1-2) ...
Setting up pngnq (1.0-2.3) ...
Setting up libcolord2:amd64 (1.3.2-1) ...
Setting up libthai-data (0.1.25-1) ...
Setting up libjpeg62-turbo-dev:amd64 (1:1.5.0-1) ...
Setting up libxdmcp6:amd64 (1:1.1.2-1.1) ...
Setting up libkeyutils1:amd64 (1.5.9-9) ...
Setting up bsdmainutils (9.0.10) ...
update-alternatives: using /usr/bin/bsd-write to provide /usr/bin/write (write) in auto mode
update-alternatives: using /usr/bin/bsd-from to provide /usr/bin/from (from) in auto mode
Setting up x11-common (1:7.7+16) ...
update-rc.d: warning: start and stop actions are no longer supported; falling back to defaults
invoke-rc.d: could not determine current runlevel
All runlevel operations denied by policy
invoke-rc.d: policy-rc.d denied execution of start.
Setting up ca-certificates (20160104) ...
Setting up hicolor-icon-theme (0.15-1) ...
Setting up libwayland-cursor0:amd64 (1.11.0-2) ...
Setting up libx11-data (2:1.6.3-1) ...
Setting up libxau6:amd64 (1:1.0.8-1) ...
Setting up autopoint (0.19.8.1-1) ...
Setting up libidn11:amd64 (1.33-1) ...
Setting up libdbus-1-3:amd64 (1.10.10-1) ...
Setting up libreadline6:amd64 (6.3-8+b4) ...
Setting up pdf.js-common (1.5.188+dfsg-1) ...
Setting up liblzo2-2:amd64 (2.08-1.2) ...
Setting up libavahi-common-data:amd64 (0.6.32-1) ...
Setting up libwayland-server0:amd64 (1.11.0-2) ...
Setting up zlib1g-dev:amd64 (1:1.2.8.dfsg-2+b1) ...
Setting up libfile-stripnondeterminism-perl (0.023-2) ...
Setting up libjsoncpp1:amd64 (1.7.4-3) ...
Setting up fontconfig-config (2.11.0-6.7) ...
Setting up dconf-service (0.26.0-1) ...
Setting up gettext (0.19.8.1-1) ...
Setting up libarchive13:amd64 (3.2.1-2) ...
Setting up java-wrappers (0.1.28) ...
Setting up libgbm1:amd64 (11.2.2-1) ...
Setting up libgnutls30:amd64 (3.5.3-3) ...
Setting up libguava-java (19.0-1) ...
Setting up libnss3:amd64 (2:3.26-1) ...
Setting up libharfbuzz0b:amd64 (1.2.7-1+b1) ...
Setting up autoconf (2.69-10) ...
Setting up libthai0:amd64 (0.1.25-1) ...
Setting up librtmp1:amd64 (2.4+20151223.gitfa8646d.1-1) ...
Setting up file (1:5.28-4) ...
Setting up libkrb5support0:amd64 (1.14.3+dfsg-1) ...
Setting up libspiro-dev (1:0.5.20150702-4) ...
Setting up intltool-debian (0.35.0+20060710.4) ...
Setting up libjpeg-dev (1:1.5.0-1) ...
Setting up libldap-2.4-2:amd64 (2.4.42+dfsg-2+b2) ...
Setting up automake (1:1.15-4) ...
update-alternatives: using /usr/bin/automake-1.15 to provide /usr/bin/automake (automake) in auto mode
Setting up libice6:amd64 (2:1.0.9-1+b1) ...
Setting up man-db (2.7.5-1) ...
Not building database; man-db/auto-update is not 'true'.
Setting up libavahi-common3:amd64 (0.6.32-1) ...
Setting up libpng-dev:amd64 (1.6.24-2) ...
Setting up dconf-gsettings-backend:amd64 (0.26.0-1) ...
Setting up libxcb1:amd64 (1.11.1-1.1) ...
Setting up libpython2.7-stdlib:amd64 (2.7.12-2) ...
Setting up libtool (2.4.6-2) ...
Setting up libxcb-present0:amd64 (1.11.1-1.1) ...
Setting up libfontconfig1:amd64 (2.11.0-6.7) ...
Setting up libxcb-dri2-0:amd64 (1.11.1-1.1) ...
Setting up libsm6:amd64 (2:1.2.2-1+b1) ...
Setting up libxcb-dri3-0:amd64 (1.11.1-1.1) ...
Setting up libk5crypto3:amd64 (1.14.3+dfsg-1) ...
Setting up libxcb-randr0:amd64 (1.11.1-1.1) ...
Setting up libxcb-xfixes0:amd64 (1.11.1-1.1) ...
Setting up libxcb-render0:amd64 (1.11.1-1.1) ...
Setting up po-debconf (1.0.19) ...
Setting up gsettings-desktop-schemas (3.20.0-3) ...
Setting up libgtk-3-common (3.20.9-1) ...
Setting up libclosure-compiler-java (20130227+dfsg1-8) ...
Setting up libx11-6:amd64 (2:1.6.3-1) ...
Setting up python2.7 (2.7.12-2) ...
Setting up libxcb-sync1:amd64 (1.11.1-1.1) ...
Setting up libpython-stdlib:amd64 (2.7.11-2) ...
Setting up libx11-xcb1:amd64 (2:1.6.3-1) ...
Setting up glib-networking:amd64 (2.48.2-1) ...
Setting up libpython2.7:amd64 (2.7.12-2) ...
Setting up libxcomposite1:amd64 (1:0.4.4-1) ...
Setting up libxcb-shm0:amd64 (1.11.1-1.1) ...
Setting up libxcb-shape0:amd64 (1.11.1-1.1) ...
Setting up libxrender1:amd64 (1:0.9.9-2) ...
Setting up libavahi-client3:amd64 (0.6.32-1) ...
Setting up libkrb5-3:amd64 (1.14.3+dfsg-1) ...
Setting up libpoppler61:amd64 (0.44.0-3) ...
Setting up libxft2:amd64 (2.3.2-1) ...
Setting up libfontforge1 (20120731.b-7.2) ...
Setting up python (2.7.11-2) ...
Setting up fontconfig (2.11.0-6.7) ...
Regenerating fonts cache... done.
Setting up libegl1-mesa:amd64 (11.2.2-1) ...
Setting up libpoppler-dev:amd64 (0.44.0-3) ...
Setting up libxext6:amd64 (2:1.3.3-1) ...
Setting up libxfixes3:amd64 (1:5.0.2-1) ...
Setting up libatspi2.0-0:amd64 (2.20.2-1) ...
Setting up libgdk-pixbuf2.0-0:amd64 (2.34.0-1) ...
Setting up libgssapi-krb5-2:amd64 (1.14.3+dfsg-1) ...
Setting up gtk-update-icon-cache (3.20.9-1) ...
Setting up libxcursor1:amd64 (1:1.1.14-1+b1) ...
Setting up libpango-1.0-0:amd64 (1.40.1-1) ...
Setting up libwayland-egl1-mesa:amd64 (11.2.2-1) ...
Setting up libatk-bridge2.0-0:amd64 (2.20.1-3) ...
Setting up libxrandr2:amd64 (2:1.5.0-1) ...
Setting up libcups2:amd64 (2.1.4-4) ...
Setting up libxi6:amd64 (2:1.7.6-1) ...
Setting up libcairo2:amd64 (1.14.6-1+b1) ...
Setting up libxinerama1:amd64 (2:1.1.3-1+b1) ...
Setting up libpoppler-private-dev:amd64 (0.44.0-3) ...
Setting up libxdamage1:amd64 (1:1.1.4-2+b1) ...
Setting up libcurl3:amd64 (7.50.1-1) ...
Setting up libcairo-gobject2:amd64 (1.14.6-1+b1) ...
Setting up libsoup2.4-1:amd64 (2.54.1-1) ...
Setting up libsoup-gnome2.4-1:amd64 (2.54.1-1) ...
Setting up libxtst6:amd64 (2:1.2.2-1+b1) ...
Setting up libpangoft2-1.0-0:amd64 (1.40.1-1) ...
Setting up librest-0.7-0:amd64 (0.8.0-1) ...
Setting up cmake (3.6.1-1) ...
Setting up libpangoxft-1.0-0:amd64 (1.40.1-1) ...
Setting up libpangocairo-1.0-0:amd64 (1.40.1-1) ...
Setting up libgdraw4 (20120731.b-7.2) ...
Setting up libfontforge-dev (20120731.b-7.2) ...
Setting up librsvg2-2:amd64 (2.40.16-1) ...
Setting up librsvg2-common:amd64 (2.40.16-1) ...
Setting up adwaita-icon-theme (3.20-3) ...
update-alternatives: using /usr/share/icons/Adwaita/cursor.theme to provide /usr/share/icons/default/index.theme (x-cursor-theme) in auto mode
Setting up libgtk-3-0:amd64 (3.20.9-1) ...
Setting up librsvg2-bin (2.40.16-1) ...
Setting up ca-certificates-java (20160321) ...
done.
Setting up dh-strip-nondeterminism (0.023-2) ...
Setting up dh-autoreconf (12) ...
Setting up debhelper (9.20160814) ...
Processing triggers for ca-certificates (20160104) ...
Updating certificates in /etc/ssl/certs...
173 added, 0 removed; done.
Running hooks in /etc/ca-certificates/update.d...

Adding debian:ACCVRAIZ1.pem
Adding debian:ACEDICOM_Root.pem
Adding debian:AC_Raz_Certicmara_S.A..pem
Adding debian:Actalis_Authentication_Root_CA.pem
Adding debian:AddTrust_External_Root.pem
Adding debian:AddTrust_Low-Value_Services_Root.pem
Adding debian:AddTrust_Public_Services_Root.pem
Adding debian:AddTrust_Qualified_Certificates_Root.pem
Adding debian:AffirmTrust_Commercial.pem
Adding debian:AffirmTrust_Networking.pem
Adding debian:AffirmTrust_Premium.pem
Adding debian:AffirmTrust_Premium_ECC.pem
Adding debian:ApplicationCA_-_Japanese_Government.pem
Adding debian:Atos_TrustedRoot_2011.pem
Adding debian:Autoridad_de_Certificacion_Firmaprofesional_CIF_A62634068.pem
Adding debian:Baltimore_CyberTrust_Root.pem
Adding debian:Buypass_Class_2_CA_1.pem
Adding debian:Buypass_Class_2_Root_CA.pem
Adding debian:Buypass_Class_3_Root_CA.pem
Adding debian:CA_Disig.pem
Adding debian:CA_Disig_Root_R1.pem
Adding debian:CA_Disig_Root_R2.pem
Adding debian:CA_WoSign_ECC_Root.pem
Adding debian:CFCA_EV_ROOT.pem
Adding debian:CNNIC_ROOT.pem
Adding debian:COMODO_Certification_Authority.pem
Adding debian:COMODO_ECC_Certification_Authority.pem
Adding debian:COMODO_RSA_Certification_Authority.pem
Adding debian:Camerfirma_Chambers_of_Commerce_Root.pem
Adding debian:Camerfirma_Global_Chambersign_Root.pem
Adding debian:Certification_Authority_of_WoSign_G2.pem
Adding debian:Certigna.pem
Adding debian:Certinomis_-_Autorit_Racine.pem
Adding debian:Certinomis_-_Root_CA.pem
Adding debian:Certplus_Class_2_Primary_CA.pem
Adding debian:Certum_Root_CA.pem
Adding debian:Certum_Trusted_Network_CA.pem
Adding debian:Chambers_of_Commerce_Root_-_2008.pem
Adding debian:China_Internet_Network_Information_Center_EV_Certificates_Root.pem
Adding debian:ComSign_CA.pem
Adding debian:Comodo_AAA_Services_root.pem
Adding debian:Comodo_Secure_Services_root.pem
Adding debian:Comodo_Trusted_Services_root.pem
Adding debian:Cybertrust_Global_Root.pem
Adding debian:D-TRUST_Root_Class_3_CA_2_2009.pem
Adding debian:D-TRUST_Root_Class_3_CA_2_EV_2009.pem
Adding debian:DST_ACES_CA_X6.pem
Adding debian:DST_Root_CA_X3.pem
Adding debian:Deutsche_Telekom_Root_CA_2.pem
Adding debian:DigiCert_Assured_ID_Root_CA.pem
Adding debian:DigiCert_Assured_ID_Root_G2.pem
Adding debian:DigiCert_Assured_ID_Root_G3.pem
Adding debian:DigiCert_Global_Root_CA.pem
Adding debian:DigiCert_Global_Root_G2.pem
Adding debian:DigiCert_Global_Root_G3.pem
Adding debian:DigiCert_High_Assurance_EV_Root_CA.pem
Adding debian:DigiCert_Trusted_Root_G4.pem
Adding debian:E-Tugra_Certification_Authority.pem
Adding debian:EBG_Elektronik_Sertifika_Hizmet_Salaycs.pem
Adding debian:EC-ACC.pem
Adding debian:EE_Certification_Centre_Root_CA.pem
Adding debian:Entrust.net_Premium_2048_Secure_Server_CA.pem
Adding debian:Entrust_Root_Certification_Authority.pem
Adding debian:Entrust_Root_Certification_Authority_-_EC1.pem
Adding debian:Entrust_Root_Certification_Authority_-_G2.pem
Adding debian:Equifax_Secure_CA.pem
Adding debian:Equifax_Secure_Global_eBusiness_CA.pem
Adding debian:Equifax_Secure_eBusiness_CA_1.pem
Adding debian:GeoTrust_Global_CA.pem
Adding debian:GeoTrust_Global_CA_2.pem
Adding debian:GeoTrust_Primary_Certification_Authority.pem
Adding debian:GeoTrust_Primary_Certification_Authority_-_G2.pem
Adding debian:GeoTrust_Primary_Certification_Authority_-_G3.pem
Adding debian:GeoTrust_Universal_CA.pem
Adding debian:GeoTrust_Universal_CA_2.pem
Adding debian:GlobalSign_ECC_Root_CA_-_R4.pem
Adding debian:GlobalSign_ECC_Root_CA_-_R5.pem
Adding debian:GlobalSign_Root_CA.pem
Adding debian:GlobalSign_Root_CA_-_R2.pem
Adding debian:GlobalSign_Root_CA_-_R3.pem
Adding debian:Global_Chambersign_Root_-_2008.pem
Adding debian:Go_Daddy_Class_2_CA.pem
Adding debian:Go_Daddy_Root_Certificate_Authority_-_G2.pem
Adding debian:Hellenic_Academic_and_Research_Institutions_RootCA_2011.pem
Adding debian:Hongkong_Post_Root_CA_1.pem
Adding debian:IGC_A.pem
Adding debian:IdenTrust_Commercial_Root_CA_1.pem
Adding debian:IdenTrust_Public_Sector_Root_CA_1.pem
Adding debian:Izenpe.com.pem
Adding debian:Juur-SK.pem
Adding debian:Microsec_e-Szigno_Root_CA.pem
Adding debian:Microsec_e-Szigno_Root_CA_2009.pem
Adding debian:NetLock_Arany_=Class_Gold=_Ftanstvny.pem
Adding debian:NetLock_Business_=Class_B=_Root.pem
Adding debian:NetLock_Express_=Class_C=_Root.pem
Adding debian:NetLock_Notary_=Class_A=_Root.pem
Adding debian:NetLock_Qualified_=Class_QA=_Root.pem
Adding debian:Network_Solutions_Certificate_Authority.pem
Adding debian:OISTE_WISeKey_Global_Root_GA_CA.pem
Adding debian:OISTE_WISeKey_Global_Root_GB_CA.pem
Adding debian:PSCProcert.pem
Adding debian:QuoVadis_Root_CA.pem
Adding debian:QuoVadis_Root_CA_1_G3.pem
Adding debian:QuoVadis_Root_CA_2.pem
Adding debian:QuoVadis_Root_CA_2_G3.pem
Adding debian:QuoVadis_Root_CA_3.pem
Adding debian:QuoVadis_Root_CA_3_G3.pem
Adding debian:RSA_Security_2048_v3.pem
Adding debian:Root_CA_Generalitat_Valenciana.pem
Adding debian:S-TRUST_Authentication_and_Encryption_Root_CA_2005_PN.pem
Adding debian:S-TRUST_Universal_Root_CA.pem
Adding debian:SecureSign_RootCA11.pem
Adding debian:SecureTrust_CA.pem
Adding debian:Secure_Global_CA.pem
Adding debian:Security_Communication_EV_RootCA1.pem
Adding debian:Security_Communication_RootCA2.pem
Adding debian:Security_Communication_Root_CA.pem
Adding debian:Sonera_Class_1_Root_CA.pem
Adding debian:Sonera_Class_2_Root_CA.pem
Adding debian:Staat_der_Nederlanden_EV_Root_CA.pem
Adding debian:Staat_der_Nederlanden_Root_CA.pem
Adding debian:Staat_der_Nederlanden_Root_CA_-_G2.pem
Adding debian:Staat_der_Nederlanden_Root_CA_-_G3.pem
Adding debian:Starfield_Class_2_CA.pem
Adding debian:Starfield_Root_Certificate_Authority_-_G2.pem
Adding debian:Starfield_Services_Root_Certificate_Authority_-_G2.pem
Adding debian:StartCom_Certification_Authority.pem
Adding debian:StartCom_Certification_Authority_2.pem
Adding debian:StartCom_Certification_Authority_G2.pem
Adding debian:SwissSign_Gold_CA_-_G2.pem
Adding debian:SwissSign_Platinum_CA_-_G2.pem
Adding debian:SwissSign_Silver_CA_-_G2.pem
Adding debian:Swisscom_Root_CA_1.pem
Adding debian:Swisscom_Root_CA_2.pem
Adding debian:Swisscom_Root_EV_CA_2.pem
Adding debian:T-TeleSec_GlobalRoot_Class_2.pem
Adding debian:T-TeleSec_GlobalRoot_Class_3.pem
Adding debian:TC_TrustCenter_Class_3_CA_II.pem
Adding debian:TURKTRUST_Certificate_Services_Provider_Root_2007.pem
Adding debian:TWCA_Global_Root_CA.pem
Adding debian:TWCA_Root_Certification_Authority.pem
Adding debian:Taiwan_GRCA.pem
Adding debian:TeliaSonera_Root_CA_v1.pem
Adding debian:Trustis_FPS_Root_CA.pem
Adding debian:TBTAK_UEKAE_Kk_Sertifika_Hizmet_Salaycs_-_Srm_3.pem
Adding debian:TRKTRUST_Elektronik_Sertifika_Hizmet_Salaycs_H5.pem
Adding debian:TRKTRUST_Elektronik_Sertifika_Hizmet_Salaycs_H6.pem
Adding debian:USERTrust_ECC_Certification_Authority.pem
Adding debian:USERTrust_RSA_Certification_Authority.pem
Adding debian:UTN_USERFirst_Email_Root_CA.pem
Adding debian:UTN_USERFirst_Hardware_Root_CA.pem
Adding debian:VeriSign_Class_3_Public_Primary_Certification_Authority_-_G4.pem
Adding debian:VeriSign_Class_3_Public_Primary_Certification_Authority_-_G5.pem
Adding debian:VeriSign_Universal_Root_Certification_Authority.pem
Adding debian:Verisign_Class_1_Public_Primary_Certification_Authority.pem
Adding debian:Verisign_Class_1_Public_Primary_Certification_Authority_-_G2.pem
Adding debian:Verisign_Class_1_Public_Primary_Certification_Authority_-_G3.pem
Adding debian:Verisign_Class_2_Public_Primary_Certification_Authority_-_G2.pem
Adding debian:Verisign_Class_2_Public_Primary_Certification_Authority_-_G3.pem
Adding debian:Verisign_Class_3_Public_Primary_Certification_Authority.pem
Adding debian:Verisign_Class_3_Public_Primary_Certification_Authority_-_G2.pem
Adding debian:Verisign_Class_3_Public_Primary_Certification_Authority_-_G3.pem
Adding debian:Verisign_Class_3_Public_Primary_Certification_Authority_2.pem
Adding debian:Visa_eCommerce_Root.pem
Adding debian:WellsSecure_Public_Root_Certificate_Authority.pem
Adding debian:WoSign.pem
Adding debian:WoSign_China.pem
Adding debian:XRamp_Global_CA_Root.pem
Adding debian:certSIGN_ROOT_CA.pem
Adding debian:ePKI_Root_Certification_Authority.pem
Adding debian:thawte_Primary_Root_CA.pem
Adding debian:thawte_Primary_Root_CA_-_G2.pem
Adding debian:thawte_Primary_Root_CA_-_G3.pem
done.
done.
Setting up openjdk-8-jre-headless:amd64 (8u102-b14.1-2) ...
update-alternatives: using /usr/lib/jvm/java-8-openjdk-amd64/jre/bin/rmid to provide /usr/bin/rmid (rmid) in auto mode
update-alternatives: using /usr/lib/jvm/java-8-openjdk-amd64/jre/bin/java to provide /usr/bin/java (java) in auto mode
update-alternatives: using /usr/lib/jvm/java-8-openjdk-amd64/jre/bin/keytool to provide /usr/bin/keytool (keytool) in auto mode
update-alternatives: using /usr/lib/jvm/java-8-openjdk-amd64/jre/bin/jjs to provide /usr/bin/jjs (jjs) in auto mode
update-alternatives: using /usr/lib/jvm/java-8-openjdk-amd64/jre/bin/pack200 to provide /usr/bin/pack200 (pack200) in auto mode
update-alternatives: using /usr/lib/jvm/java-8-openjdk-amd64/jre/bin/rmiregistry to provide /usr/bin/rmiregistry (rmiregistry) in auto mode
update-alternatives: using /usr/lib/jvm/java-8-openjdk-amd64/jre/bin/unpack200 to provide /usr/bin/unpack200 (unpack200) in auto mode
update-alternatives: using /usr/lib/jvm/java-8-openjdk-amd64/jre/bin/orbd to provide /usr/bin/orbd (orbd) in auto mode
update-alternatives: using /usr/lib/jvm/java-8-openjdk-amd64/jre/bin/servertool to provide /usr/bin/servertool (servertool) in auto mode
update-alternatives: using /usr/lib/jvm/java-8-openjdk-amd64/jre/bin/tnameserv to provide /usr/bin/tnameserv (tnameserv) in auto mode
update-alternatives: using /usr/lib/jvm/java-8-openjdk-amd64/jre/lib/jexec to provide /usr/bin/jexec (jexec) in auto mode
Setting up yui-compressor (2.4.7-2) ...
Setting up closure-compiler (20130227+dfsg1-8) ...
Setting up default-jre-headless (2:1.8-57) ...
Setting up sbuild-build-depends-pdf2htmlex-dummy (0.invalid.0) ...
Processing triggers for libc-bin (2.23-5) ...
Processing triggers for libgdk-pixbuf2.0-0:amd64 (2.34.0-1) ...
W: No sandbox user '_apt' on the system, can not drop privileges

+------------------------------------------------------------------------------+
| Build environment                                                            |
+------------------------------------------------------------------------------+

Kernel: Linux 3.16.0-4-amd64 amd64 (x86_64)
Toolchain package versions: binutils_2.27-6 dpkg-dev_1.18.10 g++-6_6.2.0-1 gcc-6_6.2.0-1 libc6-dev_2.23-5 libstdc++-6-dev_6.2.0-1 libstdc++6_6.2.0-1 linux-libc-dev_4.7.2-1
Package versions: adduser_3.115 adwaita-icon-theme_3.20-3 apt_1.3~rc2 autoconf_2.69-10 automake_1:1.15-4 autopoint_0.19.8.1-1 autotools-dev_20160430.1 base-files_9.6 base-passwd_3.5.40 bash_4.3-15 binutils_2.27-6 bsdmainutils_9.0.10 bsdutils_1:2.28.1-1 build-essential_12.2 bzip2_1.0.6-8 ca-certificates_20160104 ca-certificates-java_20160321 clang-3.8_1:3.8.1-9 closure-compiler_20130227+dfsg1-8 cmake_3.6.1-1 cmake-data_3.6.1-1 coreutils_8.25-2 cpp_4:6.1.1-1 cpp-6_6.2.0-1 dash_0.5.8-2.3 dconf-gsettings-backend_0.26.0-1 dconf-service_0.26.0-1 debconf_1.5.59 debfoster_2.7-2.1 debhelper_9.20160814 debian-archive-keyring_2014.3 debianutils_4.8 default-jre-headless_2:1.8-57 dh-autoreconf_12 dh-strip-nondeterminism_0.023-2 diffutils_1:3.3-3 dpkg_1.18.10 dpkg-dev_1.18.10 e2fslibs_1.43.1-1 e2fsprogs_1.43.1-1 eatmydata_105-3 fakeroot_1.21-1 file_1:5.28-4 findutils_4.6.0+git+20160703-2 fontconfig_2.11.0-6.7 fontconfig-config_2.11.0-6.7 fonts-dejavu-core_2.37-1 g++_4:6.1.1-1 g++-6_6.2.0-1 gcc_4:6.1.1-1 gcc-6_6.2.0-1 gcc-6-base_6.2.0-1 gettext_0.19.8.1-1 gettext-base_0.19.8.1-1 glib-networking_2.48.2-1 glib-networking-common_2.48.2-1 glib-networking-services_2.48.2-1 gpgv_2.1.14-5 grep_2.25-6 groff-base_1.22.3-8 gsettings-desktop-schemas_3.20.0-3 gtk-update-icon-cache_3.20.9-1 gzip_1.6-5 hicolor-icon-theme_0.15-1 hostname_3.18 init-system-helpers_1.42 intltool-debian_0.35.0+20060710.4 java-common_0.57 java-wrappers_0.1.28 libacl1_2.2.52-3 libandroid-json-org-java_20121204-20090211-2 libapt-pkg5.0_1.3~rc2 libarchive-zip-perl_1.59-1 libarchive13_3.2.1-2 libargs4j-java_2.33-1 libasan3_6.2.0-1 libatinject-jsr330-api-java_1.0+ds1-2 libatk-bridge2.0-0_2.20.1-3 libatk1.0-0_2.20.0-1 libatk1.0-data_2.20.0-1 libatomic1_6.2.0-1 libatspi2.0-0_2.20.2-1 libattr1_1:2.4.47-2 libaudit-common_1:2.6.6-1 libaudit1_1:2.6.6-1 libavahi-client3_0.6.32-1 libavahi-common-data_0.6.32-1 libavahi-common3_0.6.32-1 libblkid1_2.28.1-1 libbsd0_0.8.3-1 libbz2-1.0_1.0.6-8 libc-bin_2.23-5 libc-dev-bin_2.23-5 libc6_2.23-5 libc6-dev_2.23-5 libcairo-gobject2_1.14.6-1+b1 libcairo2_1.14.6-1+b1 libcap-ng0_0.7.7-3 libcc1-0_6.2.0-1 libcilkrts5_6.2.0-1 libclang-common-3.8-dev_1:3.8.1-9 libclang1-3.8_1:3.8.1-9 libclosure-compiler-java_20130227+dfsg1-8 libcolord2_1.3.2-1 libcomerr2_1.43.1-1 libcroco3_0.6.11-1 libcups2_2.1.4-4 libcurl3_7.50.1-1 libdatrie1_0.2.10-2 libdb5.3_5.3.28-12 libdbus-1-3_1.10.10-1 libdconf1_0.26.0-1 libdebconfclient0_0.215 libdpkg-perl_1.18.10 libdrm2_2.4.70-1 libeatmydata1_105-3 libedit2_3.1-20150325-1+b1 libegl1-mesa_11.2.2-1 libepoxy0_1.3.1-1 libexpat1_2.2.0-1 libfakeroot_1.21-1 libfdisk1_2.28.1-1 libffi6_3.2.1-4 libfile-stripnondeterminism-perl_0.023-2 libfontconfig1_2.11.0-6.7 libfontforge-dev_20120731.b-7.2 libfontforge1_20120731.b-7.2 libfreetype6_2.6.3-3+b1 libgbm1_11.2.2-1 libgc1c2_1:7.4.2-8 libgcc-6-dev_6.2.0-1 libgcc1_1:6.2.0-1 libgcrypt20_1.7.3-1 libgdbm3_1.8.3-14 libgdk-pixbuf2.0-0_2.34.0-1 libgdk-pixbuf2.0-common_2.34.0-1 libgdraw4_20120731.b-7.2 libgif7_5.1.4-0.3 libglib2.0-0_2.48.1-3 libgmp10_2:6.1.1+dfsg-1 libgnutls30_3.5.3-3 libgomp1_6.2.0-1 libgpg-error0_1.24-1 libgraphite2-3_1.3.8-1 libgssapi-krb5-2_1.14.3+dfsg-1 libgtk-3-0_3.20.9-1 libgtk-3-common_3.20.9-1 libguava-java_19.0-1 libharfbuzz0b_1.2.7-1+b1 libhogweed4_3.2-1 libice6_2:1.0.9-1+b1 libicu57_57.1-3 libidn11_1.33-1 libisl15_0.17.1-1 libitm1_6.2.0-1 libjargs-java_1.0.0-4 libjbig0_2.1-3.1 libjpeg-dev_1:1.5.0-1 libjpeg62-turbo_1:1.5.0-1 libjpeg62-turbo-dev_1:1.5.0-1 libjson-glib-1.0-0_1.2.2-1 libjson-glib-1.0-common_1.2.2-1 libjsoncpp1_1.7.4-3 libjsr305-java_0.1~+svn49-9 libk5crypto3_1.14.3+dfsg-1 libkeyutils1_1.5.9-9 libkrb5-3_1.14.3+dfsg-1 libkrb5support0_1.14.3+dfsg-1 liblcms2-2_2.7-1 libldap-2.4-2_2.4.42+dfsg-2+b2 libllvm3.8_1:3.8.1-9 liblsan0_6.2.0-1 liblz4-1_0.0~r131-2 liblzma5_5.1.1alpha+20120614-2.1 liblzo2-2_2.08-1.2 libmagic-mgc_1:5.28-4 libmagic1_1:5.28-4 libmount1_2.28.1-1 libmpc3_1.0.3-1 libmpfr4_3.1.4-2 libmpx2_6.2.0-1 libncurses5_6.0+20160625-1 libncursesw5_6.0+20160625-1 libnettle6_3.2-1 libnghttp2-14_1.13.0-1 libnspr4_2:4.12-6 libnss3_2:3.26-1 libobjc-6-dev_6.2.0-1 libobjc4_6.2.0-1 libopenjp2-7_2.1.1-1 libp11-kit0_0.23.2-5 libpam-modules_1.1.8-3.3 libpam-modules-bin_1.1.8-3.3 libpam-runtime_1.1.8-3.3 libpam0g_1.1.8-3.3 libpango-1.0-0_1.40.1-1 libpangocairo-1.0-0_1.40.1-1 libpangoft2-1.0-0_1.40.1-1 libpangoxft-1.0-0_1.40.1-1 libpcre3_2:8.39-2 libpcsclite1_1.8.18-1 libperl5.22_5.22.2-3 libpipeline1_1.4.1-2 libpixman-1-0_0.33.6-1 libpng-dev_1.6.24-2 libpng16-16_1.6.24-2 libpoppler-dev_0.44.0-3 libpoppler-private-dev_0.44.0-3 libpoppler61_0.44.0-3 libprocps6_2:3.3.12-2 libproxy1v5_0.4.11-5 libpython-stdlib_2.7.11-2 libpython2.7_2.7.12-2 libpython2.7-minimal_2.7.12-2 libpython2.7-stdlib_2.7.12-2 libquadmath0_6.2.0-1 libreadline6_6.3-8+b4 librest-0.7-0_0.8.0-1 librsvg2-2_2.40.16-1 librsvg2-bin_2.40.16-1 librsvg2-common_2.40.16-1 librtmp1_2.4+20151223.gitfa8646d.1-1 libsasl2-2_2.1.26.dfsg1-15 libsasl2-modules-db_2.1.26.dfsg1-15 libselinux1_2.5-3 libsemanage-common_2.5-1 libsemanage1_2.5-1 libsepol1_2.5-1 libsigsegv2_2.10-5 libsm6_2:1.2.2-1+b1 libsmartcols1_2.28.1-1 libsoup-gnome2.4-1_2.54.1-1 libsoup2.4-1_2.54.1-1 libspiro-dev_1:0.5.20150702-4 libspiro0_1:0.5.20150702-4 libsqlite3-0_3.14.1-1 libss2_1.43.1-1 libssh2-1_1.7.0-1 libssl1.0.2_1.0.2h-1 libstdc++-6-dev_6.2.0-1 libstdc++6_6.2.0-1 libsystemd0_231-5 libtasn1-6_4.9-4 libthai-data_0.1.25-1 libthai0_0.1.25-1 libtiff5_4.0.6-2 libtimedate-perl_2.3000-2 libtinfo5_6.0+20160625-1 libtool_2.4.6-2 libtsan0_6.2.0-1 libubsan0_6.2.0-1 libudev1_231-5 libuninameslist0_0.5.20150701-1 libunistring0_0.9.6+really0.9.3-0.1 libustr-1.0-1_1.0.4-5 libuuid1_2.28.1-1 libwayland-client0_1.11.0-2 libwayland-cursor0_1.11.0-2 libwayland-egl1-mesa_11.2.2-1 libwayland-server0_1.11.0-2 libx11-6_2:1.6.3-1 libx11-data_2:1.6.3-1 libx11-xcb1_2:1.6.3-1 libxau6_1:1.0.8-1 libxcb-dri2-0_1.11.1-1.1 libxcb-dri3-0_1.11.1-1.1 libxcb-present0_1.11.1-1.1 libxcb-randr0_1.11.1-1.1 libxcb-render0_1.11.1-1.1 libxcb-shape0_1.11.1-1.1 libxcb-shm0_1.11.1-1.1 libxcb-sync1_1.11.1-1.1 libxcb-xfixes0_1.11.1-1.1 libxcb1_1.11.1-1.1 libxcomposite1_1:0.4.4-1 libxcursor1_1:1.1.14-1+b1 libxdamage1_1:1.1.4-2+b1 libxdmcp6_1:1.1.2-1.1 libxext6_2:1.3.3-1 libxfixes3_1:5.0.2-1 libxft2_2.3.2-1 libxi6_2:1.7.6-1 libxinerama1_2:1.1.3-1+b1 libxkbcommon0_0.6.1-1 libxml2_2.9.4+dfsg1-1+b1 libxrandr2_2:1.5.0-1 libxrender1_1:0.9.9-2 libxshmfence1_1.2-1 libxtst6_2:1.2.2-1+b1 linux-libc-dev_4.7.2-1 login_1:4.2-3.1 lsb-base_9.20160629 m4_1.4.17-5 make_4.1-9 man-db_2.7.5-1 mawk_1.3.3-17 mime-support_3.60 mount_2.28.1-1 multiarch-support_2.23-5 ncurses-base_6.0+20160625-1 ncurses-bin_6.0+20160625-1 openjdk-8-jre-headless_8u102-b14.1-2 openssl_1.0.2h-1 passwd_1:4.2-3.1 patch_2.7.5-1 pdf.js-common_1.5.188+dfsg-1 perl_5.22.2-3 perl-base_5.22.2-3 perl-modules-5.22_5.22.2-3 pkg-config_0.29-4 pngnq_1.0-2.3 po-debconf_1.0.19 procps_2:3.3.12-2 python_2.7.11-2 python-minimal_2.7.11-2 python2.7_2.7.12-2 python2.7-minimal_2.7.12-2 readline-common_6.3-8 sbuild-build-depends-core-dummy_0.invalid.0 sbuild-build-depends-pdf2htmlex-dummy_0.invalid.0 sed_4.2.2-7.1 sensible-utils_0.0.9 shared-mime-info_1.6-1 sysvinit-utils_2.88dsf-59.8 tar_1.29b-1 ucf_3.0036 unzip_6.0-20 util-linux_2.28.1-1 x11-common_1:7.7+16 xkb-data_2.17-1 xz-utils_5.1.1alpha+20120614-2.1 yui-compressor_2.4.7-2 zlib1g_1:1.2.8.dfsg-2+b1 zlib1g-dev_1:1.2.8.dfsg-2+b1

+------------------------------------------------------------------------------+
| Build                                                                        |
+------------------------------------------------------------------------------+


Unpack source
-------------

gpgv: unknown type of key resource 'trustedkeys.kbx'
gpgv: keyblock resource '/sbuild-nonexistent/.gnupg/trustedkeys.kbx': General error
gpgv: Signature made Thu Jan 21 15:02:59 2016 UTC using RSA key ID 
gpgv: Can't check signature: No public key
dpkg-source: warning: failed to verify signature on ./pdf2htmlex_0.14.6+ds-2.dsc
dpkg-source: info: extracting pdf2htmlex in /<<BUILDDIR>>/pdf2htmlex-0.14.6+ds
dpkg-source: info: unpacking pdf2htmlex_0.14.6+ds.orig.tar.gz
dpkg-source: info: unpacking pdf2htmlex_0.14.6+ds-2.debian.tar.xz
dpkg-source: info: applying no-install-LICENSE
dpkg-source: info: applying use-system-yui-compressor-and-closure-compiler
dpkg-source: info: applying use-system-pdfjs
dpkg-source: info: applying use-rsvg
dpkg-source: info: applying use-system-compatibilityjs-non-min
dpkg-source: info: applying do-not-ship-unused-js
dpkg-source: info: applying allow-old-libfontforge
dpkg-source: info: applying fix-spelling
dpkg-source: info: applying control-test-executable-name
dpkg-source: info: applying disable-local-browser-test
dpkg-source: info: applying test-without-datadir

Check disc space
----------------

Sufficient free space for build

User Environment
----------------

APT_CONFIG=/var/lib/sbuild/apt.conf
HOME=/sbuild-nonexistent
LC_ALL=POSIX
LOGNAME=user42
PATH=/usr/local/sbin:/usr/local/bin:/usr/sbin:/usr/bin:/sbin:/bin:/usr/games
SCHROOT_ALIAS_NAME=unstable-amd64-sbuild
SCHROOT_CHROOT_NAME=unstable-amd64-sbuild
SCHROOT_COMMAND=env
SCHROOT_GID=1001
SCHROOT_GROUP=user42
SCHROOT_SESSION_ID=unstable-amd64-sbuild-6311364b-2aef-403e-9eca-8680801dbf4c
SCHROOT_UID=1001
SCHROOT_USER=user42
SHELL=/bin/sh
USER=user42

dpkg-buildpackage
-----------------

dpkg-buildpackage: info: source package pdf2htmlex
dpkg-buildpackage: info: source version 0.14.6+ds-2
dpkg-buildpackage: info: source distribution unstable
dpkg-buildpackage: info: source changed by Gianfranco Costamagna <locutusofborg@debian.org>
 dpkg-source --before-build pdf2htmlex-0.14.6+ds
dpkg-buildpackage: info: host architecture amd64
 fakeroot debian/rules clean
dh clean
   dh_testdir
   debian/rules override_dh_auto_clean
make[1]: Entering directory '/<<BUILDDIR>>/pdf2htmlex-0.14.6+ds'
dh_auto_clean
rm -f test/test.pyc test/test_local_browser.pyc test/test_output.pyc
make[1]: Leaving directory '/<<BUILDDIR>>/pdf2htmlex-0.14.6+ds'
   dh_clean
 debian/rules build-arch
dh build-arch
   dh_testdir -a
   dh_update_autotools_config -a
   debian/rules override_dh_auto_configure
make[1]: Entering directory '/<<BUILDDIR>>/pdf2htmlex-0.14.6+ds'
dh_auto_configure -- -DENABLE_SVG=OFF
	cmake .. -DCMAKE_INSTALL_PREFIX=/usr -DCMAKE_VERBOSE_MAKEFILE=ON -DCMAKE_BUILD_TYPE=None -DCMAKE_INSTALL_SYSCONFDIR=/etc -DCMAKE_INSTALL_LOCALSTATEDIR=/var -DENABLE_SVG=OFF
-- The C compiler identification is Clang 3.8.1
-- The CXX compiler identification is Clang 3.8.1
-- Check for working C compiler: /usr/bin/cc
-- Check for working C compiler: /usr/bin/cc -- works
-- Detecting C compiler ABI info
-- Detecting C compiler ABI info - done
-- Detecting C compile features
-- Detecting C compile features - done
-- Check for working CXX compiler: /usr/bin/c++
-- Check for working CXX compiler: /usr/bin/c++ -- works
-- Detecting CXX compiler ABI info
-- Detecting CXX compiler ABI info - done
-- Detecting CXX compile features
-- Detecting CXX compile features - done
-- Found PkgConfig: /usr/bin/pkg-config (found version "0.29") 
-- Checking for module 'poppler>=0.25.0'
--   Found poppler, version 0.44.0
-- Checking for module 'libfontforge>=2.0.0'
--   
Trying to locate old versions of fontforge...
Found fontforge.h: /usr/include/fontforge/fontforge.h
Found config.h: /usr/include/fontforge/config.h
Found fontforge: /usr/lib/libfontforge.so
-- Performing Test CXX0X_SUPPORT
-- Performing Test CXX0X_SUPPORT - Failed
CMake Error at CMakeLists.txt:156 (message):
  Error: your compiler does not support C++0x/C++11, please update it.


-- Configuring incomplete, errors occurred!
See also "/<<BUILDDIR>>/pdf2htmlex-0.14.6+ds/obj-x86_64-linux-gnu/CMakeFiles/CMakeOutput.log".
See also "/<<BUILDDIR>>/pdf2htmlex-0.14.6+ds/obj-x86_64-linux-gnu/CMakeFiles/CMakeError.log".
	"tail -v -n +0 CMakeCache.txt"
==> CMakeCache.txt <==
# This is the CMakeCache file.
# For build in directory: /<<BUILDDIR>>/pdf2htmlex-0.14.6+ds/obj-x86_64-linux-gnu
# It was generated by CMake: /usr/bin/cmake
# You can edit this file to change values found and used by cmake.
# If you do not want to change any of the values, simply exit the editor.
# If you do want to change a value, simply edit, save, and exit the editor.
# The syntax for the file is as follows:
# KEY:TYPE=VALUE
# KEY is the name of a variable in the cache.
# TYPE is a hint to GUIs for the type of VALUE, DO NOT EDIT TYPE!.
# VALUE is the current value for the KEY.

########################
# EXTERNAL cache entries
########################

//Path to a program.
CMAKE_AR:FILEPATH=/usr/bin/ar

//Build configuration (Debug, Release, RelWithDebInfo, MinSizeRel)
CMAKE_BUILD_TYPE:STRING=None

//Enable/Disable color output during build.
CMAKE_COLOR_MAKEFILE:BOOL=ON

//CXX compiler
CMAKE_CXX_COMPILER:FILEPATH=/usr/bin/c++

//Flags used by the compiler during all build types.
CMAKE_CXX_FLAGS:STRING='-g -O2 -fdebug-prefix-map=/<<BUILDDIR>>/pdf2htmlex-0.14.6+ds=. -fstack-protector-strong -Wformat -Werror=format-security -Wdate-time -D_FORTIFY_SOURCE=2 '

//Flags used by the compiler during debug builds.
CMAKE_CXX_FLAGS_DEBUG:STRING=-g

//Flags used by the compiler during release builds for minimum
// size.
CMAKE_CXX_FLAGS_MINSIZEREL:STRING=-Os -DNDEBUG

//Flags used by the compiler during release builds.
CMAKE_CXX_FLAGS_RELEASE:STRING=-O3 -DNDEBUG

//Flags used by the compiler during release builds with debug info.
CMAKE_CXX_FLAGS_RELWITHDEBINFO:STRING=-O2 -g -DNDEBUG

//C compiler
CMAKE_C_COMPILER:FILEPATH=/usr/bin/cc

//Flags used by the compiler during all build types.
CMAKE_C_FLAGS:STRING='-g -O2 -fdebug-prefix-map=/<<BUILDDIR>>/pdf2htmlex-0.14.6+ds=. -fstack-protector-strong -Wformat -Werror=format-security -Wdate-time -D_FORTIFY_SOURCE=2 '

//Flags used by the compiler during debug builds.
CMAKE_C_FLAGS_DEBUG:STRING=-g

//Flags used by the compiler during release builds for minimum
// size.
CMAKE_C_FLAGS_MINSIZEREL:STRING=-Os -DNDEBUG

//Flags used by the compiler during release builds.
CMAKE_C_FLAGS_RELEASE:STRING=-O3 -DNDEBUG

//Flags used by the compiler during release builds with debug info.
CMAKE_C_FLAGS_RELWITHDEBINFO:STRING=-O2 -g -DNDEBUG

//Flags used by the linker.
CMAKE_EXE_LINKER_FLAGS:STRING= -Wl,-z,relro

//Flags used by the linker during debug builds.
CMAKE_EXE_LINKER_FLAGS_DEBUG:STRING=

//Flags used by the linker during release minsize builds.
CMAKE_EXE_LINKER_FLAGS_MINSIZEREL:STRING=

//Flags used by the linker during release builds.
CMAKE_EXE_LINKER_FLAGS_RELEASE:STRING=

//Flags used by the linker during Release with Debug Info builds.
CMAKE_EXE_LINKER_FLAGS_RELWITHDEBINFO:STRING=

//Enable/Disable output of compile commands during generation.
CMAKE_EXPORT_COMPILE_COMMANDS:BOOL=OFF

//No help, variable specified on the command line.
CMAKE_INSTALL_LOCALSTATEDIR:UNINITIALIZED=/var

//Install path prefix, prepended onto install directories.
CMAKE_INSTALL_PREFIX:PATH=/usr

//No help, variable specified on the command line.
CMAKE_INSTALL_SYSCONFDIR:UNINITIALIZED=/etc

//Path to a program.
CMAKE_LINKER:FILEPATH=/usr/bin/ld

//Path to a program.
CMAKE_MAKE_PROGRAM:FILEPATH=/usr/bin/make

//Flags used by the linker during the creation of modules.
CMAKE_MODULE_LINKER_FLAGS:STRING= -Wl,-z,relro

//Flags used by the linker during debug builds.
CMAKE_MODULE_LINKER_FLAGS_DEBUG:STRING=

//Flags used by the linker during release minsize builds.
CMAKE_MODULE_LINKER_FLAGS_MINSIZEREL:STRING=

//Flags used by the linker during release builds.
CMAKE_MODULE_LINKER_FLAGS_RELEASE:STRING=

//Flags used by the linker during Release with Debug Info builds.
CMAKE_MODULE_LINKER_FLAGS_RELWITHDEBINFO:STRING=

//Path to a program.
CMAKE_NM:FILEPATH=/usr/bin/nm

//Path to a program.
CMAKE_OBJCOPY:FILEPATH=/usr/bin/objcopy

//Path to a program.
CMAKE_OBJDUMP:FILEPATH=/usr/bin/objdump

//Value Computed by CMake
CMAKE_PROJECT_NAME:STATIC=pdf2htmlEX

//Path to a program.
CMAKE_RANLIB:FILEPATH=/usr/bin/ranlib

//Flags used by the linker during the creation of dll's.
CMAKE_SHARED_LINKER_FLAGS:STRING= -Wl,-z,relro

//Flags used by the linker during debug builds.
CMAKE_SHARED_LINKER_FLAGS_DEBUG:STRING=

//Flags used by the linker during release minsize builds.
CMAKE_SHARED_LINKER_FLAGS_MINSIZEREL:STRING=

//Flags used by the linker during release builds.
CMAKE_SHARED_LINKER_FLAGS_RELEASE:STRING=

//Flags used by the linker during Release with Debug Info builds.
CMAKE_SHARED_LINKER_FLAGS_RELWITHDEBINFO:STRING=

//If set, runtime paths are not added when installing shared libraries,
// but are added when building.
CMAKE_SKIP_INSTALL_RPATH:BOOL=NO

//If set, runtime paths are not added when using shared libraries.
CMAKE_SKIP_RPATH:BOOL=NO

//Flags used by the linker during the creation of static libraries.
CMAKE_STATIC_LINKER_FLAGS:STRING=

//Flags used by the linker during debug builds.
CMAKE_STATIC_LINKER_FLAGS_DEBUG:STRING=

//Flags used by the linker during release minsize builds.
CMAKE_STATIC_LINKER_FLAGS_MINSIZEREL:STRING=

//Flags used by the linker during release builds.
CMAKE_STATIC_LINKER_FLAGS_RELEASE:STRING=

//Flags used by the linker during Release with Debug Info builds.
CMAKE_STATIC_LINKER_FLAGS_RELWITHDEBINFO:STRING=

//Path to a program.
CMAKE_STRIP:FILEPATH=/usr/bin/strip

//If this value is on, makefiles will be generated without the
// .SILENT directive, and all commands will be echoed to the console
// during the make.  This is useful for debugging only. With Visual
// Studio IDE projects all commands are done without /nologo.
CMAKE_VERBOSE_MAKEFILE:BOOL=ON

//Enable SVG support, for generating SVG background images and
// converting Type 3 fonts
ENABLE_SVG:BOOL=OFF

//Path to a file.
FF_CONFIG_INCLUDE_PATH:PATH=/usr/include/fontforge

//Path to a file.
FF_INCLUDE_PATH:PATH=/usr/include

//pkg-config executable
PKG_CONFIG_EXECUTABLE:FILEPATH=/usr/bin/pkg-config

//Value Computed by CMake
pdf2htmlEX_BINARY_DIR:STATIC=/<<BUILDDIR>>/pdf2htmlex-0.14.6+ds/obj-x86_64-linux-gnu

//Value Computed by CMake
pdf2htmlEX_SOURCE_DIR:STATIC=/<<BUILDDIR>>/pdf2htmlex-0.14.6+ds


########################
# INTERNAL cache entries
########################

//ADVANCED property for variable: CMAKE_AR
CMAKE_AR-ADVANCED:INTERNAL=1
//This is the directory where this CMakeCache.txt was created
CMAKE_CACHEFILE_DIR:INTERNAL=/<<BUILDDIR>>/pdf2htmlex-0.14.6+ds/obj-x86_64-linux-gnu
//Major version of cmake used to create the current loaded cache
CMAKE_CACHE_MAJOR_VERSION:INTERNAL=3
//Minor version of cmake used to create the current loaded cache
CMAKE_CACHE_MINOR_VERSION:INTERNAL=6
//Patch version of cmake used to create the current loaded cache
CMAKE_CACHE_PATCH_VERSION:INTERNAL=1
//ADVANCED property for variable: CMAKE_COLOR_MAKEFILE
CMAKE_COLOR_MAKEFILE-ADVANCED:INTERNAL=1
//Path to CMake executable.
CMAKE_COMMAND:INTERNAL=/usr/bin/cmake
//Path to cpack program executable.
CMAKE_CPACK_COMMAND:INTERNAL=/usr/bin/cpack
//Path to ctest program executable.
CMAKE_CTEST_COMMAND:INTERNAL=/usr/bin/ctest
//ADVANCED property for variable: CMAKE_CXX_COMPILER
CMAKE_CXX_COMPILER-ADVANCED:INTERNAL=1
//ADVANCED property for variable: CMAKE_CXX_FLAGS
CMAKE_CXX_FLAGS-ADVANCED:INTERNAL=1
//ADVANCED property for variable: CMAKE_CXX_FLAGS_DEBUG
CMAKE_CXX_FLAGS_DEBUG-ADVANCED:INTERNAL=1
//ADVANCED property for variable: CMAKE_CXX_FLAGS_MINSIZEREL
CMAKE_CXX_FLAGS_MINSIZEREL-ADVANCED:INTERNAL=1
//ADVANCED property for variable: CMAKE_CXX_FLAGS_RELEASE
CMAKE_CXX_FLAGS_RELEASE-ADVANCED:INTERNAL=1
//ADVANCED property for variable: CMAKE_CXX_FLAGS_RELWITHDEBINFO
CMAKE_CXX_FLAGS_RELWITHDEBINFO-ADVANCED:INTERNAL=1
//ADVANCED property for variable: CMAKE_C_COMPILER
CMAKE_C_COMPILER-ADVANCED:INTERNAL=1
//ADVANCED property for variable: CMAKE_C_FLAGS
CMAKE_C_FLAGS-ADVANCED:INTERNAL=1
//ADVANCED property for variable: CMAKE_C_FLAGS_DEBUG
CMAKE_C_FLAGS_DEBUG-ADVANCED:INTERNAL=1
//ADVANCED property for variable: CMAKE_C_FLAGS_MINSIZEREL
CMAKE_C_FLAGS_MINSIZEREL-ADVANCED:INTERNAL=1
//ADVANCED property for variable: CMAKE_C_FLAGS_RELEASE
CMAKE_C_FLAGS_RELEASE-ADVANCED:INTERNAL=1
//ADVANCED property for variable: CMAKE_C_FLAGS_RELWITHDEBINFO
CMAKE_C_FLAGS_RELWITHDEBINFO-ADVANCED:INTERNAL=1
//Executable file format
CMAKE_EXECUTABLE_FORMAT:INTERNAL=ELF
//ADVANCED property for variable: CMAKE_EXE_LINKER_FLAGS
CMAKE_EXE_LINKER_FLAGS-ADVANCED:INTERNAL=1
//ADVANCED property for variable: CMAKE_EXE_LINKER_FLAGS_DEBUG
CMAKE_EXE_LINKER_FLAGS_DEBUG-ADVANCED:INTERNAL=1
//ADVANCED property for variable: CMAKE_EXE_LINKER_FLAGS_MINSIZEREL
CMAKE_EXE_LINKER_FLAGS_MINSIZEREL-ADVANCED:INTERNAL=1
//ADVANCED property for variable: CMAKE_EXE_LINKER_FLAGS_RELEASE
CMAKE_EXE_LINKER_FLAGS_RELEASE-ADVANCED:INTERNAL=1
//ADVANCED property for variable: CMAKE_EXE_LINKER_FLAGS_RELWITHDEBINFO
CMAKE_EXE_LINKER_FLAGS_RELWITHDEBINFO-ADVANCED:INTERNAL=1
//ADVANCED property for variable: CMAKE_EXPORT_COMPILE_COMMANDS
CMAKE_EXPORT_COMPILE_COMMANDS-ADVANCED:INTERNAL=1
//Name of external makefile project generator.
CMAKE_EXTRA_GENERATOR:INTERNAL=
//Name of generator.
CMAKE_GENERATOR:INTERNAL=Unix Makefiles
//Name of generator platform.
CMAKE_GENERATOR_PLATFORM:INTERNAL=
//Name of generator toolset.
CMAKE_GENERATOR_TOOLSET:INTERNAL=
//Source directory with the top level CMakeLists.txt file for this
// project
CMAKE_HOME_DIRECTORY:INTERNAL=/<<BUILDDIR>>/pdf2htmlex-0.14.6+ds
//Install .so files without execute permission.
CMAKE_INSTALL_SO_NO_EXE:INTERNAL=1
//ADVANCED property for variable: CMAKE_LINKER
CMAKE_LINKER-ADVANCED:INTERNAL=1
//ADVANCED property for variable: CMAKE_MAKE_PROGRAM
CMAKE_MAKE_PROGRAM-ADVANCED:INTERNAL=1
//ADVANCED property for variable: CMAKE_MODULE_LINKER_FLAGS
CMAKE_MODULE_LINKER_FLAGS-ADVANCED:INTERNAL=1
//ADVANCED property for variable: CMAKE_MODULE_LINKER_FLAGS_DEBUG
CMAKE_MODULE_LINKER_FLAGS_DEBUG-ADVANCED:INTERNAL=1
//ADVANCED property for variable: CMAKE_MODULE_LINKER_FLAGS_MINSIZEREL
CMAKE_MODULE_LINKER_FLAGS_MINSIZEREL-ADVANCED:INTERNAL=1
//ADVANCED property for variable: CMAKE_MODULE_LINKER_FLAGS_RELEASE
CMAKE_MODULE_LINKER_FLAGS_RELEASE-ADVANCED:INTERNAL=1
//ADVANCED property for variable: CMAKE_MODULE_LINKER_FLAGS_RELWITHDEBINFO
CMAKE_MODULE_LINKER_FLAGS_RELWITHDEBINFO-ADVANCED:INTERNAL=1
//ADVANCED property for variable: CMAKE_NM
CMAKE_NM-ADVANCED:INTERNAL=1
//number of local generators
CMAKE_NUMBER_OF_MAKEFILES:INTERNAL=1
//ADVANCED property for variable: CMAKE_OBJCOPY
CMAKE_OBJCOPY-ADVANCED:INTERNAL=1
//ADVANCED property for variable: CMAKE_OBJDUMP
CMAKE_OBJDUMP-ADVANCED:INTERNAL=1
//ADVANCED property for variable: CMAKE_RANLIB
CMAKE_RANLIB-ADVANCED:INTERNAL=1
//Path to CMake installation.
CMAKE_ROOT:INTERNAL=/usr/share/cmake-3.6
//ADVANCED property for variable: CMAKE_SHARED_LINKER_FLAGS
CMAKE_SHARED_LINKER_FLAGS-ADVANCED:INTERNAL=1
//ADVANCED property for variable: CMAKE_SHARED_LINKER_FLAGS_DEBUG
CMAKE_SHARED_LINKER_FLAGS_DEBUG-ADVANCED:INTERNAL=1
//ADVANCED property for variable: CMAKE_SHARED_LINKER_FLAGS_MINSIZEREL
CMAKE_SHARED_LINKER_FLAGS_MINSIZEREL-ADVANCED:INTERNAL=1
//ADVANCED property for variable: CMAKE_SHARED_LINKER_FLAGS_RELEASE
CMAKE_SHARED_LINKER_FLAGS_RELEASE-ADVANCED:INTERNAL=1
//ADVANCED property for variable: CMAKE_SHARED_LINKER_FLAGS_RELWITHDEBINFO
CMAKE_SHARED_LINKER_FLAGS_RELWITHDEBINFO-ADVANCED:INTERNAL=1
//ADVANCED property for variable: CMAKE_SKIP_INSTALL_RPATH
CMAKE_SKIP_INSTALL_RPATH-ADVANCED:INTERNAL=1
//ADVANCED property for variable: CMAKE_SKIP_RPATH
CMAKE_SKIP_RPATH-ADVANCED:INTERNAL=1
//ADVANCED property for variable: CMAKE_STATIC_LINKER_FLAGS
CMAKE_STATIC_LINKER_FLAGS-ADVANCED:INTERNAL=1
//ADVANCED property for variable: CMAKE_STATIC_LINKER_FLAGS_DEBUG
CMAKE_STATIC_LINKER_FLAGS_DEBUG-ADVANCED:INTERNAL=1
//ADVANCED property for variable: CMAKE_STATIC_LINKER_FLAGS_MINSIZEREL
CMAKE_STATIC_LINKER_FLAGS_MINSIZEREL-ADVANCED:INTERNAL=1
//ADVANCED property for variable: CMAKE_STATIC_LINKER_FLAGS_RELEASE
CMAKE_STATIC_LINKER_FLAGS_RELEASE-ADVANCED:INTERNAL=1
//ADVANCED property for variable: CMAKE_STATIC_LINKER_FLAGS_RELWITHDEBINFO
CMAKE_STATIC_LINKER_FLAGS_RELWITHDEBINFO-ADVANCED:INTERNAL=1
//ADVANCED property for variable: CMAKE_STRIP
CMAKE_STRIP-ADVANCED:INTERNAL=1
//uname command
CMAKE_UNAME:INTERNAL=/bin/uname
//ADVANCED property for variable: CMAKE_VERBOSE_MAKEFILE
CMAKE_VERBOSE_MAKEFILE-ADVANCED:INTERNAL=1
//Test CXX0X_SUPPORT
CXX0X_SUPPORT:INTERNAL=
//Details about finding PkgConfig
FIND_PACKAGE_MESSAGE_DETAILS_PkgConfig:INTERNAL=[/usr/bin/pkg-config][v0.29()]
FONTFORGE_CFLAGS:INTERNAL=
FONTFORGE_CFLAGS_I:INTERNAL=
FONTFORGE_CFLAGS_OTHER:INTERNAL=
FONTFORGE_FOUND:INTERNAL=
FONTFORGE_INCLUDEDIR:INTERNAL=
FONTFORGE_LIBDIR:INTERNAL=
FONTFORGE_LIBS:INTERNAL=
FONTFORGE_LIBS_L:INTERNAL=
FONTFORGE_LIBS_OTHER:INTERNAL=
FONTFORGE_LIBS_PATHS:INTERNAL=
FONTFORGE_PREFIX:INTERNAL=
FONTFORGE_STATIC_CFLAGS:INTERNAL=
FONTFORGE_STATIC_CFLAGS_I:INTERNAL=
FONTFORGE_STATIC_CFLAGS_OTHER:INTERNAL=
FONTFORGE_STATIC_LIBDIR:INTERNAL=
FONTFORGE_STATIC_LIBS:INTERNAL=
FONTFORGE_STATIC_LIBS_L:INTERNAL=
FONTFORGE_STATIC_LIBS_OTHER:INTERNAL=
FONTFORGE_STATIC_LIBS_PATHS:INTERNAL=
FONTFORGE_VERSION:INTERNAL=
FONTFORGE_libfontforge_INCLUDEDIR:INTERNAL=
FONTFORGE_libfontforge_LIBDIR:INTERNAL=
FONTFORGE_libfontforge_PREFIX:INTERNAL=
FONTFORGE_libfontforge_VERSION:INTERNAL=
//ADVANCED property for variable: PKG_CONFIG_EXECUTABLE
PKG_CONFIG_EXECUTABLE-ADVANCED:INTERNAL=1
POPPLER_CFLAGS:INTERNAL=-I/usr/include/poppler
POPPLER_CFLAGS_I:INTERNAL=
POPPLER_CFLAGS_OTHER:INTERNAL=
POPPLER_FOUND:INTERNAL=1
POPPLER_INCLUDEDIR:INTERNAL=/usr/include
POPPLER_INCLUDE_DIRS:INTERNAL=/usr/include/poppler
POPPLER_LDFLAGS:INTERNAL=-lpoppler
POPPLER_LDFLAGS_OTHER:INTERNAL=
POPPLER_LIBDIR:INTERNAL=/usr/lib/x86_64-linux-gnu
POPPLER_LIBRARIES:INTERNAL=poppler
POPPLER_LIBRARY_DIRS:INTERNAL=
POPPLER_LIBS:INTERNAL=
POPPLER_LIBS_L:INTERNAL=
POPPLER_LIBS_OTHER:INTERNAL=
POPPLER_LIBS_PATHS:INTERNAL=
POPPLER_PREFIX:INTERNAL=/usr
POPPLER_STATIC_CFLAGS:INTERNAL=-I/usr/include/poppler
POPPLER_STATIC_CFLAGS_I:INTERNAL=
POPPLER_STATIC_CFLAGS_OTHER:INTERNAL=
POPPLER_STATIC_INCLUDE_DIRS:INTERNAL=/usr/include/poppler
POPPLER_STATIC_LDFLAGS:INTERNAL=-lpoppler
POPPLER_STATIC_LDFLAGS_OTHER:INTERNAL=
POPPLER_STATIC_LIBDIR:INTERNAL=
POPPLER_STATIC_LIBRARIES:INTERNAL=poppler
POPPLER_STATIC_LIBRARY_DIRS:INTERNAL=
POPPLER_STATIC_LIBS:INTERNAL=
POPPLER_STATIC_LIBS_L:INTERNAL=
POPPLER_STATIC_LIBS_OTHER:INTERNAL=
POPPLER_STATIC_LIBS_PATHS:INTERNAL=
POPPLER_VERSION:INTERNAL=0.44.0
POPPLER_poppler_INCLUDEDIR:INTERNAL=
POPPLER_poppler_LIBDIR:INTERNAL=
POPPLER_poppler_PREFIX:INTERNAL=
POPPLER_poppler_VERSION:INTERNAL=
__pkg_config_checked_FONTFORGE:INTERNAL=1
__pkg_config_checked_POPPLER:INTERNAL=1
prefix_result:INTERNAL=/usr/lib/x86_64-linux-gnu

dh_auto_configure: cmake .. -DCMAKE_INSTALL_PREFIX=/usr -DCMAKE_VERBOSE_MAKEFILE=ON -DCMAKE_BUILD_TYPE=None -DCMAKE_INSTALL_SYSCONFDIR=/etc -DCMAKE_INSTALL_LOCALSTATEDIR=/var -DENABLE_SVG=OFF returned exit code 1
debian/rules:18: recipe for target 'override_dh_auto_configure' failed
make[1]: *** [override_dh_auto_configure] Error 2
make[1]: Leaving directory '/<<BUILDDIR>>/pdf2htmlex-0.14.6+ds'
debian/rules:13: recipe for target 'build-arch' failed
make: *** [build-arch] Error 2
dpkg-buildpackage: error: debian/rules build-arch gave error exit status 2
--------------------------------------------------------------------------------
Build finished at 2016-08-29T16:23:18Z

Finished
--------


+------------------------------------------------------------------------------+
| Cleanup                                                                      |
+------------------------------------------------------------------------------+

Purging /<<BUILDDIR>>
Not cleaning session: cloned chroot in use
E: Build failure (dpkg-buildpackage died)

+------------------------------------------------------------------------------+
| Summary                                                                      |
+------------------------------------------------------------------------------+

Build Architecture: amd64
Build-Space: 0
Build-Time: 2
Distribution: unstable
Fail-Stage: build
Host Architecture: amd64
Install-Time: 41
Job: pdf2htmlex_0.14.6+ds-2
Machine Architecture: amd64
Package: pdf2htmlex
Package-Time: 69
Source-Version: 0.14.6+ds-2
Space: 0
Status: failed
Version: 0.14.6+ds-2
--------------------------------------------------------------------------------
Finished at 2016-08-29T16:23:18Z
Build needed 00:00:00, 0k disc space
E: Build failure (dpkg-buildpackage died)
DC-Status: Failed 70.433582989s
DC-Time-Estimation: 70.433582989 versus expected 537 (r/m: 6.624203926752757 ; m: 70.433582989)
