DC-Build-Header: ruby-libvirt 0.6.0-2 / 2016-08-29 16:43:36 +0000
DC-Task: type:rebuild-binarch-only source:ruby-libvirt version:0.6.0-2 chroot:unstable esttime:330 logfile:/tmp/ruby-libvirt_0.6.0-2_unstable_clang3.8.log modes:clang:binarch-only
DC-Sbuild-call: su user42 -c 'sbuild -n --arch-any --apt-update -d unstable -v  --chroot-setup-commands=/tmp/clang ruby-libvirt_0.6.0-2'
sbuild (Debian sbuild) 0.70.0 (03 Aug 2016) on ip-172-31-0-246.eu-central-1.compute.internal

+==============================================================================+
| ruby-libvirt 0.6.0-2 (amd64)                 Mon, 29 Aug 2016 16:43:36 +0000 |
+==============================================================================+

Package: ruby-libvirt
Version: 0.6.0-2
Source Version: 0.6.0-2
Distribution: unstable
Machine Architecture: amd64
Host Architecture: amd64
Build Architecture: amd64

I: NOTICE: Log filtering will replace 'var/lib/schroot/mount/unstable-amd64-sbuild-e501c38c-3dd3-401f-8d9e-1249533e3a1a' with '<<CHROOT>>'

+------------------------------------------------------------------------------+
| Chroot Setup Commands                                                        |
+------------------------------------------------------------------------------+


/tmp/clang
----------

+ echo 'Entering customization script...'
Entering customization script...
+ CLANG_VERSION=3.8
+ echo 'Install of clang-3.8'
Install of clang-3.8
+ apt-get update
Get:1 http://127.0.0.1:9999/debian unstable InRelease [209 kB]
Get:2 http://127.0.0.1:9999/debian unstable/main Sources.diff/Index [27.9 kB]
Get:3 http://127.0.0.1:9999/debian unstable/main amd64 Packages.diff/Index [27.9 kB]
Get:4 http://127.0.0.1:9999/debian unstable/main Translation-en [5451 kB]
Get:5 http://127.0.0.1:9999/debian unstable/main Sources 2016-08-29-0319.00.pdiff [16.7 kB]
Get:6 http://127.0.0.1:9999/debian unstable/main Sources 2016-08-29-0916.07.pdiff [5442 B]
Get:6 http://127.0.0.1:9999/debian unstable/main Sources 2016-08-29-0916.07.pdiff [5442 B]
Get:7 http://127.0.0.1:9999/debian unstable/main amd64 Packages 2016-08-29-0319.00.pdiff [13.2 kB]
Get:8 http://127.0.0.1:9999/debian unstable/main amd64 Packages 2016-08-29-0916.07.pdiff [3300 B]
Get:8 http://127.0.0.1:9999/debian unstable/main amd64 Packages 2016-08-29-0916.07.pdiff [3300 B]
Fetched 5755 kB in 2s (2065 kB/s)
Reading package lists...
W: No sandbox user '_apt' on the system, can not drop privileges
+ apt-get install --yes --no-install-recommends --force-yes clang-3.8
Reading package lists...
Building dependency tree...
Reading state information...
The following additional packages will be installed:
  libbsd0 libclang-common-3.8-dev libclang1-3.8 libedit2 libffi6 libllvm3.8
  libobjc-6-dev libobjc4
Suggested packages:
  gnustep gnustep-devel clang-3.8-doc
Recommended packages:
  llvm-3.8-dev python
The following NEW packages will be installed:
  clang-3.8 libbsd0 libclang-common-3.8-dev libclang1-3.8 libedit2 libffi6
  libllvm3.8 libobjc-6-dev libobjc4
0 upgraded, 9 newly installed, 0 to remove and 1 not upgraded.
Need to get 38.3 MB of archives.
After this operation, 162 MB of additional disk space will be used.
Get:1 http://127.0.0.1:9999/debian unstable/main amd64 libbsd0 amd64 0.8.3-1 [83.0 kB]
Get:2 http://127.0.0.1:9999/debian unstable/main amd64 libedit2 amd64 3.1-20150325-1+b1 [85.2 kB]
Get:3 http://127.0.0.1:9999/debian unstable/main amd64 libffi6 amd64 3.2.1-4 [20.4 kB]
Get:4 http://127.0.0.1:9999/debian unstable/main amd64 libllvm3.8 amd64 1:3.8.1-9 [10.3 MB]
Get:5 http://127.0.0.1:9999/debian unstable/main amd64 libobjc4 amd64 6.2.0-1 [110 kB]
Get:6 http://127.0.0.1:9999/debian unstable/main amd64 libobjc-6-dev amd64 6.2.0-1 [394 kB]
Get:7 http://127.0.0.1:9999/debian unstable/main amd64 libclang1-3.8 amd64 1:3.8.1-9 [4188 kB]
Get:8 http://127.0.0.1:9999/debian unstable/main amd64 libclang-common-3.8-dev amd64 1:3.8.1-9 [1477 kB]
Get:9 http://127.0.0.1:9999/debian unstable/main amd64 clang-3.8 amd64 1:3.8.1-9 [21.6 MB]
debconf: delaying package configuration, since apt-utils is not installed
Fetched 38.3 MB in 2s (17.8 MB/s)
Selecting previously unselected package libbsd0:amd64.
(Reading database ... (Reading database ... 5%(Reading database ... 10%(Reading database ... 15%(Reading database ... 20%(Reading database ... 25%(Reading database ... 30%(Reading database ... 35%(Reading database ... 40%(Reading database ... 45%(Reading database ... 50%(Reading database ... 55%(Reading database ... 60%(Reading database ... 65%(Reading database ... 70%(Reading database ... 75%(Reading database ... 80%(Reading database ... 85%(Reading database ... 90%(Reading database ... 95%(Reading database ... 100%(Reading database ... 9446 files and directories currently installed.)
Preparing to unpack .../0-libbsd0_0.8.3-1_amd64.deb ...
Unpacking libbsd0:amd64 (0.8.3-1) ...
Selecting previously unselected package libedit2:amd64.
Preparing to unpack .../1-libedit2_3.1-20150325-1+b1_amd64.deb ...
Unpacking libedit2:amd64 (3.1-20150325-1+b1) ...
Selecting previously unselected package libffi6:amd64.
Preparing to unpack .../2-libffi6_3.2.1-4_amd64.deb ...
Unpacking libffi6:amd64 (3.2.1-4) ...
Selecting previously unselected package libllvm3.8:amd64.
Preparing to unpack .../3-libllvm3.8_1%3a3.8.1-9_amd64.deb ...
Unpacking libllvm3.8:amd64 (1:3.8.1-9) ...
Selecting previously unselected package libobjc4:amd64.
Preparing to unpack .../4-libobjc4_6.2.0-1_amd64.deb ...
Unpacking libobjc4:amd64 (6.2.0-1) ...
Selecting previously unselected package libobjc-6-dev:amd64.
Preparing to unpack .../5-libobjc-6-dev_6.2.0-1_amd64.deb ...
Unpacking libobjc-6-dev:amd64 (6.2.0-1) ...
Selecting previously unselected package libclang1-3.8:amd64.
Preparing to unpack .../6-libclang1-3.8_1%3a3.8.1-9_amd64.deb ...
Unpacking libclang1-3.8:amd64 (1:3.8.1-9) ...
Selecting previously unselected package libclang-common-3.8-dev.
Preparing to unpack .../7-libclang-common-3.8-dev_1%3a3.8.1-9_amd64.deb ...
Unpacking libclang-common-3.8-dev (1:3.8.1-9) ...
Selecting previously unselected package clang-3.8.
Preparing to unpack .../8-clang-3.8_1%3a3.8.1-9_amd64.deb ...
Unpacking clang-3.8 (1:3.8.1-9) ...
Setting up libobjc4:amd64 (6.2.0-1) ...
Setting up libbsd0:amd64 (0.8.3-1) ...
Processing triggers for libc-bin (2.23-5) ...
Setting up libobjc-6-dev:amd64 (6.2.0-1) ...
Setting up libffi6:amd64 (3.2.1-4) ...
Setting up libedit2:amd64 (3.1-20150325-1+b1) ...
Setting up libllvm3.8:amd64 (1:3.8.1-9) ...
Setting up libclang-common-3.8-dev (1:3.8.1-9) ...
Setting up libclang1-3.8:amd64 (1:3.8.1-9) ...
Setting up clang-3.8 (1:3.8.1-9) ...
Processing triggers for libc-bin (2.23-5) ...
W: --force-yes is deprecated, use one of the options starting with --allow instead.
W: No sandbox user '_apt' on the system, can not drop privileges
+ echo 'Replace gcc, g++ & cpp by clang'
Replace gcc, g++ & cpp by clang
+ VERSIONS='4.6 4.7 4.8 4.9 5 6'
+ cd /usr/bin
+ for VERSION in '$VERSIONS'
+ rm -f g++-4.6 gcc-4.6 cpp-4.6 gcc
+ ln -s clang++-3.8 g++-4.6
+ ln -s clang-3.8 gcc-4.6
+ ln -s clang-3.8 cpp-4.6
+ ln -s clang-3.8 gcc
+ echo 'gcc-4.6 hold'
+ dpkg --set-selections
dpkg: warning: package not in database at line 1: gcc-4.6
dpkg: warning: found unknown packages; this might mean the available database
is outdated, and needs to be updated through a frontend method
+ echo 'g++-4.6 hold'
+ dpkg --set-selections
dpkg: warning: package not in database at line 1: g++-4.6
dpkg: warning: found unknown packages; this might mean the available database
is outdated, and needs to be updated through a frontend method
+ for VERSION in '$VERSIONS'
+ rm -f g++-4.7 gcc-4.7 cpp-4.7 gcc
+ ln -s clang++-3.8 g++-4.7
+ ln -s clang-3.8 gcc-4.7
+ ln -s clang-3.8 cpp-4.7
+ ln -s clang-3.8 gcc
+ echo 'gcc-4.7 hold'
+ dpkg --set-selections
dpkg: warning: package not in database at line 1: gcc-4.7
dpkg: warning: found unknown packages; this might mean the available database
is outdated, and needs to be updated through a frontend method
+ echo 'g++-4.7 hold'
+ dpkg --set-selections
dpkg: warning: package not in database at line 1: g++-4.7
dpkg: warning: found unknown packages; this might mean the available database
is outdated, and needs to be updated through a frontend method
+ for VERSION in '$VERSIONS'
+ rm -f g++-4.8 gcc-4.8 cpp-4.8 gcc
+ ln -s clang++-3.8 g++-4.8
+ ln -s clang-3.8 gcc-4.8
+ ln -s clang-3.8 cpp-4.8
+ ln -s clang-3.8 gcc
+ echo 'gcc-4.8 hold'
+ dpkg --set-selections
dpkg: warning: package not in database at line 1: gcc-4.8
dpkg: warning: found unknown packages; this might mean the available database
is outdated, and needs to be updated through a frontend method
+ echo 'g++-4.8 hold'
+ dpkg --set-selections
dpkg: warning: package not in database at line 1: g++-4.8
dpkg: warning: found unknown packages; this might mean the available database
is outdated, and needs to be updated through a frontend method
+ for VERSION in '$VERSIONS'
+ rm -f g++-4.9 gcc-4.9 cpp-4.9 gcc
+ ln -s clang++-3.8 g++-4.9
+ ln -s clang-3.8 gcc-4.9
+ ln -s clang-3.8 cpp-4.9
+ ln -s clang-3.8 gcc
+ echo 'gcc-4.9 hold'
+ dpkg --set-selections
dpkg: warning: package not in database at line 1: gcc-4.9
dpkg: warning: found unknown packages; this might mean the available database
is outdated, and needs to be updated through a frontend method
+ echo 'g++-4.9 hold'
+ dpkg --set-selections
dpkg: warning: package not in database at line 1: g++-4.9
dpkg: warning: found unknown packages; this might mean the available database
is outdated, and needs to be updated through a frontend method
+ for VERSION in '$VERSIONS'
+ rm -f g++-5 gcc-5 cpp-5 gcc
+ ln -s clang++-3.8 g++-5
+ ln -s clang-3.8 gcc-5
+ ln -s clang-3.8 cpp-5
+ ln -s clang-3.8 gcc
+ echo 'gcc-5 hold'
+ dpkg --set-selections
+ echo 'g++-5 hold'
+ dpkg --set-selections
+ for VERSION in '$VERSIONS'
+ rm -f g++-6 gcc-6 cpp-6 gcc
+ ln -s clang++-3.8 g++-6
+ ln -s clang-3.8 gcc-6
+ ln -s clang-3.8 cpp-6
+ ln -s clang-3.8 gcc
+ echo 'gcc-6 hold'
+ dpkg --set-selections
+ echo 'g++-6 hold'
+ dpkg --set-selections
+ cd -
/build/ruby-libvirt-rYPpC0
+ echo 'Check if gcc, g++ & cpp are actually clang'
Check if gcc, g++ & cpp are actually clang
+ gcc --version
+ grep clang
+ cpp --version
+ grep clang
+ g++ --version
+ grep clang

I: Finished running '/tmp/clang'.

Finished processing commands.
--------------------------------------------------------------------------------

+------------------------------------------------------------------------------+
| Update chroot                                                                |
+------------------------------------------------------------------------------+

Hit:1 http://127.0.0.1:9999/debian unstable InRelease
Reading package lists...
W: No sandbox user '_apt' on the system, can not drop privileges
Reading package lists...
Building dependency tree...
Reading state information...
Calculating upgrade...
The following packages will be upgraded:
  linux-libc-dev
1 upgraded, 0 newly installed, 0 to remove and 0 not upgraded.
Need to get 1158 kB of archives.
After this operation, 60.4 kB of additional disk space will be used.
Get:1 http://127.0.0.1:9999/debian unstable/main amd64 linux-libc-dev amd64 4.7.2-1 [1158 kB]
debconf: delaying package configuration, since apt-utils is not installed
Fetched 1158 kB in 0s (70.5 MB/s)
(Reading database ... (Reading database ... 5%(Reading database ... 10%(Reading database ... 15%(Reading database ... 20%(Reading database ... 25%(Reading database ... 30%(Reading database ... 35%(Reading database ... 40%(Reading database ... 45%(Reading database ... 50%(Reading database ... 55%(Reading database ... 60%(Reading database ... 65%(Reading database ... 70%(Reading database ... 75%(Reading database ... 80%(Reading database ... 85%(Reading database ... 90%(Reading database ... 95%(Reading database ... 100%(Reading database ... 9769 files and directories currently installed.)
Preparing to unpack .../linux-libc-dev_4.7.2-1_amd64.deb ...
Unpacking linux-libc-dev:amd64 (4.7.2-1) over (4.6.4-1) ...
Setting up linux-libc-dev:amd64 (4.7.2-1) ...
W: No sandbox user '_apt' on the system, can not drop privileges

+------------------------------------------------------------------------------+
| Fetch source files                                                           |
+------------------------------------------------------------------------------+


Check APT
---------

Checking available source versions...

Download source files with APT
------------------------------

Reading package lists...
NOTICE: 'ruby-libvirt' packaging is maintained in the 'Git' version control system at:
https://anonscm.debian.org/git/pkg-libvirt/ruby-libvirt.git
Please use:
git clone https://anonscm.debian.org/git/pkg-libvirt/ruby-libvirt.git
to retrieve the latest (possibly unreleased) updates to the package.
Need to get 120 kB of source archives.
Get:1 http://127.0.0.1:9999/debian unstable/main ruby-libvirt 0.6.0-2 (dsc) [2045 B]
Get:2 http://127.0.0.1:9999/debian unstable/main ruby-libvirt 0.6.0-2 (tar) [114 kB]
Get:3 http://127.0.0.1:9999/debian unstable/main ruby-libvirt 0.6.0-2 (diff) [3908 B]
Fetched 120 kB in 0s (975 kB/s)
Download complete and in download only mode
I: NOTICE: Log filtering will replace 'build/ruby-libvirt-rYPpC0/ruby-libvirt-0.6.0' with '<<PKGBUILDDIR>>'
I: NOTICE: Log filtering will replace 'build/ruby-libvirt-rYPpC0' with '<<BUILDDIR>>'

+------------------------------------------------------------------------------+
| Install build-essential                                                      |
+------------------------------------------------------------------------------+


Setup apt archive
-----------------

Merged Build-Depends: build-essential, fakeroot
Filtered Build-Depends: build-essential, fakeroot
dpkg-deb: building package 'sbuild-build-depends-core-dummy' in '/<<BUILDDIR>>/resolver-HDnI3M/apt_archive/sbuild-build-depends-core-dummy.deb'.
dpkg-scanpackages: warning: Packages in archive but missing from override file:
dpkg-scanpackages: warning:   sbuild-build-depends-core-dummy
dpkg-scanpackages: info: Wrote 1 entries to output Packages file.
Ign:1 copy:/<<BUILDDIR>>/resolver-HDnI3M/apt_archive ./ InRelease
Get:2 copy:/<<BUILDDIR>>/resolver-HDnI3M/apt_archive ./ Release [957 B]
Ign:3 copy:/<<BUILDDIR>>/resolver-HDnI3M/apt_archive ./ Release.gpg
Get:4 copy:/<<BUILDDIR>>/resolver-HDnI3M/apt_archive ./ Sources [349 B]
Get:5 copy:/<<BUILDDIR>>/resolver-HDnI3M/apt_archive ./ Packages [430 B]
Fetched 1736 B in 0s (0 B/s)
Reading package lists...
W: No sandbox user '_apt' on the system, can not drop privileges
Reading package lists...

Install core build dependencies (apt-based resolver)
----------------------------------------------------

Installing build dependencies
Reading package lists...
Building dependency tree...
Reading state information...
The following NEW packages will be installed:
  sbuild-build-depends-core-dummy
0 upgraded, 1 newly installed, 0 to remove and 0 not upgraded.
Need to get 776 B of archives.
After this operation, 0 B of additional disk space will be used.
Get:1 copy:/<<BUILDDIR>>/resolver-HDnI3M/apt_archive ./ sbuild-build-depends-core-dummy 0.invalid.0 [776 B]
debconf: delaying package configuration, since apt-utils is not installed
Fetched 776 B in 0s (0 B/s)
Selecting previously unselected package sbuild-build-depends-core-dummy.
(Reading database ... 9775 files and directories currently installed.)
Preparing to unpack .../sbuild-build-depends-core-dummy_0.invalid.0_amd64.deb ...
Unpacking sbuild-build-depends-core-dummy (0.invalid.0) ...
Setting up sbuild-build-depends-core-dummy (0.invalid.0) ...
W: No sandbox user '_apt' on the system, can not drop privileges

+------------------------------------------------------------------------------+
| Check architectures                                                          |
+------------------------------------------------------------------------------+

Arch check ok (amd64 included in any)

+------------------------------------------------------------------------------+
| Install package build dependencies                                           |
+------------------------------------------------------------------------------+


Setup apt archive
-----------------

Merged Build-Depends: debhelper (>= 7.0.50~), gem2deb (>= 0.6.0), libvirt-dev, pkg-config, rake, libvirt-daemon
Filtered Build-Depends: debhelper (>= 7.0.50~), gem2deb (>= 0.6.0), libvirt-dev, pkg-config, rake, libvirt-daemon
dpkg-deb: building package 'sbuild-build-depends-ruby-libvirt-dummy' in '/<<BUILDDIR>>/resolver-sTcbjZ/apt_archive/sbuild-build-depends-ruby-libvirt-dummy.deb'.
dpkg-scanpackages: warning: Packages in archive but missing from override file:
dpkg-scanpackages: warning:   sbuild-build-depends-ruby-libvirt-dummy
dpkg-scanpackages: info: Wrote 1 entries to output Packages file.
Ign:1 copy:/<<BUILDDIR>>/resolver-sTcbjZ/apt_archive ./ InRelease
Get:2 copy:/<<BUILDDIR>>/resolver-sTcbjZ/apt_archive ./ Release [957 B]
Ign:3 copy:/<<BUILDDIR>>/resolver-sTcbjZ/apt_archive ./ Release.gpg
Get:4 copy:/<<BUILDDIR>>/resolver-sTcbjZ/apt_archive ./ Sources [388 B]
Get:5 copy:/<<BUILDDIR>>/resolver-sTcbjZ/apt_archive ./ Packages [476 B]
Fetched 1821 B in 0s (0 B/s)
Reading package lists...
W: No sandbox user '_apt' on the system, can not drop privileges
Reading package lists...

Install ruby-libvirt build dependencies (apt-based resolver)
------------------------------------------------------------

Installing build dependencies
Reading package lists...
Building dependency tree...
Reading state information...
The following additional packages will be installed:
  augeas-lenses autoconf automake autopoint autotools-dev bsdmainutils
  ca-certificates debhelper devscripts dh-autoreconf dh-python
  dh-strip-nondeterminism dmsetup file gem2deb gem2deb-test-runner gettext
  gettext-base groff-base intltool-debian libapparmor1 libarchive-zip-perl
  libaugeas0 libavahi-client3 libavahi-common-data libavahi-common3
  libboost-system1.58.0 libboost-thread1.58.0 libcroco3 libdbus-1-3
  libdevmapper1.02.1 libexpat1 libfile-stripnondeterminism-perl libfuse2
  libglib2.0-0 libgmp-dev libgmpxx4ldbl libgnutls30 libhogweed4 libicu57
  libidn11 libmagic-mgc libmagic1 libmpdec2 libnetcf1 libnettle6 libnl-3-200
  libnl-route-3-200 libnspr4 libnss3 libnuma1 libp11-kit0 libparted2
  libpcap0.8 libpciaccess0 libpipeline1 libpython3-stdlib libpython3.5-minimal
  libpython3.5-stdlib librados2 librbd1 libreadline6 libruby2.3 libsasl2-2
  libsasl2-modules-db libsigsegv2 libsqlite3-0 libssh2-1 libssl1.0.2
  libtasn1-6 libtimedate-perl libtool libunistring0 libvirt-daemon libvirt-dev
  libvirt0 libxen-4.6 libxen-dev libxenstore3.0 libxml2 libxslt1.1 libyajl2
  libyaml-0-2 m4 man-db mime-support openssl pkg-config po-debconf python3
  python3-minimal python3.5 python3.5-minimal rake readline-common ruby
  ruby-all-dev ruby-did-you-mean ruby-minitest ruby-net-telnet
  ruby-power-assert ruby-setup ruby-test-unit ruby2.3 ruby2.3-dev
  rubygems-integration
Suggested packages:
  augeas-doc autoconf-archive gnu-standards autoconf-doc wamerican | wordlist
  whois vacation dh-make bsd-mailx | mailx cvs-buildpackage diffoscope
  devscripts-el dose-extra gnuplot libauthen-sasl-perl
  libfile-desktopentry-perl libnet-smtp-ssl-perl libterm-size-perl
  libyaml-syck-perl mozilla-devscripts mutt reprotest ssh-client
  svn-buildpackage w3m gettext-doc libasprintf-dev libgettextpo-dev groff
  augeas-tools fuse gmp-doc libgmp10-doc libmpfr-dev gnutls-bin parted
  libparted-dev libparted-i18n pciutils libtool-doc gfortran
  | fortran95-compiler gcj-jdk libvirt-daemon-system less www-browser
  libmail-box-perl python3-doc python3-tk python3-venv python3.5-venv
  python3.5-doc binfmt-support readline-doc ri ruby-dev bundler
Recommended packages:
  at dctrl-tools dput | dupload gnupg | gnupg2 libdistro-info-perl
  libencode-locale-perl liburi-perl libwww-perl licensecheck lintian
  patchutils python3-debian python3-magic strace unzip wdiff wget | curl
  debian-keyring equivs liblwp-protocol-https-perl libsoap-lite-perl apt-file
  curl | wget | lynx-cur dbus libglib2.0-data shared-mime-info xdg-user-dirs
  libsasl2-modules libltdl-dev qemu-kvm | qemu libxml2-utils netcat-openbsd
  lvm2 xml-core libmail-sendmail-perl zip fonts-lato libjs-jquery
The following NEW packages will be installed:
  augeas-lenses autoconf automake autopoint autotools-dev bsdmainutils
  ca-certificates debhelper devscripts dh-autoreconf dh-python
  dh-strip-nondeterminism dmsetup file gem2deb gem2deb-test-runner gettext
  gettext-base groff-base intltool-debian libapparmor1 libarchive-zip-perl
  libaugeas0 libavahi-client3 libavahi-common-data libavahi-common3
  libboost-system1.58.0 libboost-thread1.58.0 libcroco3 libdbus-1-3
  libdevmapper1.02.1 libexpat1 libfile-stripnondeterminism-perl libfuse2
  libglib2.0-0 libgmp-dev libgmpxx4ldbl libgnutls30 libhogweed4 libicu57
  libidn11 libmagic-mgc libmagic1 libmpdec2 libnetcf1 libnettle6 libnl-3-200
  libnl-route-3-200 libnspr4 libnss3 libnuma1 libp11-kit0 libparted2
  libpcap0.8 libpciaccess0 libpipeline1 libpython3-stdlib libpython3.5-minimal
  libpython3.5-stdlib librados2 librbd1 libreadline6 libruby2.3 libsasl2-2
  libsasl2-modules-db libsigsegv2 libsqlite3-0 libssh2-1 libssl1.0.2
  libtasn1-6 libtimedate-perl libtool libunistring0 libvirt-daemon libvirt-dev
  libvirt0 libxen-4.6 libxen-dev libxenstore3.0 libxml2 libxslt1.1 libyajl2
  libyaml-0-2 m4 man-db mime-support openssl pkg-config po-debconf python3
  python3-minimal python3.5 python3.5-minimal rake readline-common ruby
  ruby-all-dev ruby-did-you-mean ruby-minitest ruby-net-telnet
  ruby-power-assert ruby-setup ruby-test-unit ruby2.3 ruby2.3-dev
  rubygems-integration sbuild-build-depends-ruby-libvirt-dummy
0 upgraded, 107 newly installed, 0 to remove and 0 not upgraded.
Need to get 48.7 MB of archives.
After this operation, 169 MB of additional disk space will be used.
Get:1 copy:/<<BUILDDIR>>/resolver-sTcbjZ/apt_archive ./ sbuild-build-depends-ruby-libvirt-dummy 0.invalid.0 [820 B]
Get:2 http://127.0.0.1:9999/debian unstable/main amd64 groff-base amd64 1.22.3-8 [1162 kB]
Get:3 http://127.0.0.1:9999/debian unstable/main amd64 bsdmainutils amd64 9.0.10 [184 kB]
Get:4 http://127.0.0.1:9999/debian unstable/main amd64 libpipeline1 amd64 1.4.1-2 [27.6 kB]
Get:5 http://127.0.0.1:9999/debian unstable/main amd64 man-db amd64 2.7.5-1 [1003 kB]
Get:6 http://127.0.0.1:9999/debian unstable/main amd64 libyajl2 amd64 2.1.0-2 [23.2 kB]
Get:7 http://127.0.0.1:9999/debian unstable/main amd64 libyaml-0-2 amd64 0.1.6-3 [50.4 kB]
Get:8 http://127.0.0.1:9999/debian unstable/main amd64 libssl1.0.2 amd64 1.0.2h-1 [1287 kB]
Get:9 http://127.0.0.1:9999/debian unstable/main amd64 libpython3.5-minimal amd64 3.5.2-3 [568 kB]
Get:10 http://127.0.0.1:9999/debian unstable/main amd64 libexpat1 amd64 2.2.0-1 [82.0 kB]
Get:11 http://127.0.0.1:9999/debian unstable/main amd64 python3.5-minimal amd64 3.5.2-3 [1644 kB]
Get:12 http://127.0.0.1:9999/debian unstable/main amd64 python3-minimal amd64 3.5.1-4 [35.3 kB]
Get:13 http://127.0.0.1:9999/debian unstable/main amd64 mime-support all 3.60 [36.7 kB]
Get:14 http://127.0.0.1:9999/debian unstable/main amd64 libmpdec2 amd64 2.4.2-1 [85.2 kB]
Get:15 http://127.0.0.1:9999/debian unstable/main amd64 readline-common all 6.3-8 [57.7 kB]
Get:16 http://127.0.0.1:9999/debian unstable/main amd64 libreadline6 amd64 6.3-8+b4 [142 kB]
Get:17 http://127.0.0.1:9999/debian unstable/main amd64 libsqlite3-0 amd64 3.14.1-1 [559 kB]
Get:18 http://127.0.0.1:9999/debian unstable/main amd64 libpython3.5-stdlib amd64 3.5.2-3 [2126 kB]
Get:19 http://127.0.0.1:9999/debian unstable/main amd64 python3.5 amd64 3.5.2-3 [214 kB]
Get:20 http://127.0.0.1:9999/debian unstable/main amd64 libpython3-stdlib amd64 3.5.1-4 [18.6 kB]
Get:21 http://127.0.0.1:9999/debian unstable/main amd64 dh-python all 2.20160818 [83.0 kB]
Get:22 http://127.0.0.1:9999/debian unstable/main amd64 python3 amd64 3.5.1-4 [21.6 kB]
Get:23 http://127.0.0.1:9999/debian unstable/main amd64 libmagic-mgc amd64 1:5.28-4 [210 kB]
Get:24 http://127.0.0.1:9999/debian unstable/main amd64 libmagic1 amd64 1:5.28-4 [109 kB]
Get:25 http://127.0.0.1:9999/debian unstable/main amd64 file amd64 1:5.28-4 [62.9 kB]
Get:26 http://127.0.0.1:9999/debian unstable/main amd64 gettext-base amd64 0.19.8.1-1 [121 kB]
Get:27 http://127.0.0.1:9999/debian unstable/main amd64 libnettle6 amd64 3.2-1 [191 kB]
Get:28 http://127.0.0.1:9999/debian unstable/main amd64 libhogweed4 amd64 3.2-1 [136 kB]
Get:29 http://127.0.0.1:9999/debian unstable/main amd64 libidn11 amd64 1.33-1 [115 kB]
Get:30 http://127.0.0.1:9999/debian unstable/main amd64 libp11-kit0 amd64 0.23.2-5 [111 kB]
Get:31 http://127.0.0.1:9999/debian unstable/main amd64 libtasn1-6 amd64 4.9-4 [50.0 kB]
Get:32 http://127.0.0.1:9999/debian unstable/main amd64 libgnutls30 amd64 3.5.3-3 [801 kB]
Get:33 http://127.0.0.1:9999/debian unstable/main amd64 libsasl2-modules-db amd64 2.1.26.dfsg1-15 [66.9 kB]
Get:34 http://127.0.0.1:9999/debian unstable/main amd64 libsasl2-2 amd64 2.1.26.dfsg1-15 [103 kB]
Get:35 http://127.0.0.1:9999/debian unstable/main amd64 libicu57 amd64 57.1-3 [7676 kB]
Get:36 http://127.0.0.1:9999/debian unstable/main amd64 libxml2 amd64 2.9.4+dfsg1-1+b1 [919 kB]
Get:37 http://127.0.0.1:9999/debian unstable/main amd64 augeas-lenses all 1.2.0-0.3 [335 kB]
Get:38 http://127.0.0.1:9999/debian unstable/main amd64 libsigsegv2 amd64 2.10-5 [28.9 kB]
Get:39 http://127.0.0.1:9999/debian unstable/main amd64 m4 amd64 1.4.17-5 [255 kB]
Get:40 http://127.0.0.1:9999/debian unstable/main amd64 autoconf all 2.69-10 [338 kB]
Get:41 http://127.0.0.1:9999/debian unstable/main amd64 autotools-dev all 20160430.1 [72.6 kB]
Get:42 http://127.0.0.1:9999/debian unstable/main amd64 automake all 1:1.15-4 [735 kB]
Get:43 http://127.0.0.1:9999/debian unstable/main amd64 autopoint all 0.19.8.1-1 [433 kB]
Get:44 http://127.0.0.1:9999/debian unstable/main amd64 openssl amd64 1.0.2h-1 [681 kB]
Get:45 http://127.0.0.1:9999/debian unstable/main amd64 ca-certificates all 20160104 [200 kB]
Get:46 http://127.0.0.1:9999/debian unstable/main amd64 libglib2.0-0 amd64 2.48.1-3 [2707 kB]
Get:47 http://127.0.0.1:9999/debian unstable/main amd64 libcroco3 amd64 0.6.11-1 [143 kB]
Get:48 http://127.0.0.1:9999/debian unstable/main amd64 libunistring0 amd64 0.9.6+really0.9.3-0.1 [279 kB]
Get:49 http://127.0.0.1:9999/debian unstable/main amd64 gettext amd64 0.19.8.1-1 [1493 kB]
Get:50 http://127.0.0.1:9999/debian unstable/main amd64 intltool-debian all 0.35.0+20060710.4 [26.3 kB]
Get:51 http://127.0.0.1:9999/debian unstable/main amd64 po-debconf all 1.0.19 [249 kB]
Get:52 http://127.0.0.1:9999/debian unstable/main amd64 libarchive-zip-perl all 1.59-1 [95.5 kB]
Get:53 http://127.0.0.1:9999/debian unstable/main amd64 libfile-stripnondeterminism-perl all 0.023-2 [13.4 kB]
Get:54 http://127.0.0.1:9999/debian unstable/main amd64 libtimedate-perl all 2.3000-2 [42.2 kB]
Get:55 http://127.0.0.1:9999/debian unstable/main amd64 dh-strip-nondeterminism all 0.023-2 [8202 B]
Get:56 http://127.0.0.1:9999/debian unstable/main amd64 libtool all 2.4.6-2 [545 kB]
Get:57 http://127.0.0.1:9999/debian unstable/main amd64 dh-autoreconf all 12 [15.8 kB]
Get:58 http://127.0.0.1:9999/debian unstable/main amd64 debhelper all 9.20160814 [800 kB]
Get:59 http://127.0.0.1:9999/debian unstable/main amd64 devscripts amd64 2.16.7 [925 kB]
Get:60 http://127.0.0.1:9999/debian unstable/main amd64 libdevmapper1.02.1 amd64 2:1.02.133-1 [198 kB]
Get:61 http://127.0.0.1:9999/debian unstable/main amd64 dmsetup amd64 2:1.02.133-1 [113 kB]
Get:62 http://127.0.0.1:9999/debian unstable/main amd64 rubygems-integration all 1.10 [4882 B]
Get:63 http://127.0.0.1:9999/debian unstable/main amd64 ruby-did-you-mean all 1.0.0-2 [11.2 kB]
Get:64 http://127.0.0.1:9999/debian unstable/main amd64 ruby-minitest all 5.9.0-1 [51.1 kB]
Get:65 http://127.0.0.1:9999/debian unstable/main amd64 ruby-net-telnet all 0.1.1-2 [12.5 kB]
Get:66 http://127.0.0.1:9999/debian unstable/main amd64 ruby-power-assert all 0.3.0-1 [7902 B]
Get:67 http://127.0.0.1:9999/debian unstable/main amd64 ruby-test-unit all 3.1.7-2 [69.6 kB]
Get:68 http://127.0.0.1:9999/debian unstable/main amd64 libruby2.3 amd64 2.3.1-5 [3093 kB]
Get:69 http://127.0.0.1:9999/debian unstable/main amd64 ruby2.3 amd64 2.3.1-5 [178 kB]
Get:70 http://127.0.0.1:9999/debian unstable/main amd64 ruby amd64 1:2.3.0+4 [10.5 kB]
Get:71 http://127.0.0.1:9999/debian unstable/main amd64 rake all 10.5.0-2 [49.4 kB]
Get:72 http://127.0.0.1:9999/debian unstable/main amd64 gem2deb-test-runner amd64 0.32 [20.0 kB]
Get:73 http://127.0.0.1:9999/debian unstable/main amd64 libgmpxx4ldbl amd64 2:6.1.1+dfsg-1 [22.3 kB]
Get:74 http://127.0.0.1:9999/debian unstable/main amd64 libgmp-dev amd64 2:6.1.1+dfsg-1 [629 kB]
Get:75 http://127.0.0.1:9999/debian unstable/main amd64 ruby2.3-dev amd64 2.3.1-5 [1170 kB]
Get:76 http://127.0.0.1:9999/debian unstable/main amd64 ruby-all-dev amd64 1:2.3.0+4 [9996 B]
Get:77 http://127.0.0.1:9999/debian unstable/main amd64 ruby-setup all 3.4.1-9 [34.2 kB]
Get:78 http://127.0.0.1:9999/debian unstable/main amd64 gem2deb amd64 0.32 [56.0 kB]
Get:79 http://127.0.0.1:9999/debian unstable/main amd64 libaugeas0 amd64 1.2.0-0.3 [257 kB]
Get:80 http://127.0.0.1:9999/debian unstable/main amd64 libavahi-common-data amd64 0.6.32-1 [118 kB]
Get:81 http://127.0.0.1:9999/debian unstable/main amd64 libavahi-common3 amd64 0.6.32-1 [52.1 kB]
Get:82 http://127.0.0.1:9999/debian unstable/main amd64 libdbus-1-3 amd64 1.10.10-1 [190 kB]
Get:83 http://127.0.0.1:9999/debian unstable/main amd64 libavahi-client3 amd64 0.6.32-1 [55.4 kB]
Get:84 http://127.0.0.1:9999/debian unstable/main amd64 libboost-system1.58.0 amd64 1.58.0+dfsg-5.1 [31.0 kB]
Get:85 http://127.0.0.1:9999/debian unstable/main amd64 libboost-thread1.58.0 amd64 1.58.0+dfsg-5.1 [70.3 kB]
Get:86 http://127.0.0.1:9999/debian unstable/main amd64 libfuse2 amd64 2.9.7-1 [125 kB]
Get:87 http://127.0.0.1:9999/debian unstable/main amd64 libnl-3-200 amd64 3.2.27-1 [61.4 kB]
Get:88 http://127.0.0.1:9999/debian unstable/main amd64 libnl-route-3-200 amd64 3.2.27-1 [135 kB]
Get:89 http://127.0.0.1:9999/debian unstable/main amd64 libxslt1.1 amd64 1.1.29-1 [233 kB]
Get:90 http://127.0.0.1:9999/debian unstable/main amd64 libnetcf1 amd64 1:0.2.8-1 [46.5 kB]
Get:91 http://127.0.0.1:9999/debian unstable/main amd64 libnspr4 amd64 2:4.12-6 [117 kB]
Get:92 http://127.0.0.1:9999/debian unstable/main amd64 libnss3 amd64 2:3.26-1 [1158 kB]
Get:93 http://127.0.0.1:9999/debian unstable/main amd64 libnuma1 amd64 2.0.11-1 [32.5 kB]
Get:94 http://127.0.0.1:9999/debian unstable/main amd64 libparted2 amd64 3.2-15 [268 kB]
Get:95 http://127.0.0.1:9999/debian unstable/main amd64 libpcap0.8 amd64 1.7.4-2 [136 kB]
Get:96 http://127.0.0.1:9999/debian unstable/main amd64 libpciaccess0 amd64 0.13.4-1 [49.8 kB]
Get:97 http://127.0.0.1:9999/debian unstable/main amd64 librados2 amd64 0.80.11-1 [1551 kB]
Get:98 http://127.0.0.1:9999/debian unstable/main amd64 librbd1 amd64 0.80.11-1 [356 kB]
Get:99 http://127.0.0.1:9999/debian unstable/main amd64 libssh2-1 amd64 1.7.0-1 [138 kB]
Get:100 http://127.0.0.1:9999/debian unstable/main amd64 libapparmor1 amd64 2.10.95-4 [75.0 kB]
Get:101 http://127.0.0.1:9999/debian unstable/main amd64 libxenstore3.0 amd64 4.6.0-1+nmu2 [30.9 kB]
Get:102 http://127.0.0.1:9999/debian unstable/main amd64 libxen-4.6 amd64 4.6.0-1+nmu2 [362 kB]
Get:103 http://127.0.0.1:9999/debian unstable/main amd64 libvirt0 amd64 2.1.0-2 [3846 kB]
Get:104 http://127.0.0.1:9999/debian unstable/main amd64 libvirt-daemon amd64 2.1.0-2 [2116 kB]
Get:105 http://127.0.0.1:9999/debian unstable/main amd64 libxen-dev amd64 4.6.0-1+nmu2 [572 kB]
Get:106 http://127.0.0.1:9999/debian unstable/main amd64 libvirt-dev amd64 2.1.0-2 [169 kB]
Get:107 http://127.0.0.1:9999/debian unstable/main amd64 pkg-config amd64 0.29-4 [62.5 kB]
debconf: delaying package configuration, since apt-utils is not installed
Fetched 48.7 MB in 1s (43.7 MB/s)
Selecting previously unselected package groff-base.
(Reading database ... 9775 files and directories currently installed.)
Preparing to unpack .../00-groff-base_1.22.3-8_amd64.deb ...
Unpacking groff-base (1.22.3-8) ...
Selecting previously unselected package bsdmainutils.
Preparing to unpack .../01-bsdmainutils_9.0.10_amd64.deb ...
Unpacking bsdmainutils (9.0.10) ...
Selecting previously unselected package libpipeline1:amd64.
Preparing to unpack .../02-libpipeline1_1.4.1-2_amd64.deb ...
Unpacking libpipeline1:amd64 (1.4.1-2) ...
Selecting previously unselected package man-db.
Preparing to unpack .../03-man-db_2.7.5-1_amd64.deb ...
Unpacking man-db (2.7.5-1) ...
Selecting previously unselected package libyajl2:amd64.
Preparing to unpack .../04-libyajl2_2.1.0-2_amd64.deb ...
Unpacking libyajl2:amd64 (2.1.0-2) ...
Selecting previously unselected package libyaml-0-2:amd64.
Preparing to unpack .../05-libyaml-0-2_0.1.6-3_amd64.deb ...
Unpacking libyaml-0-2:amd64 (0.1.6-3) ...
Selecting previously unselected package libssl1.0.2:amd64.
Preparing to unpack .../06-libssl1.0.2_1.0.2h-1_amd64.deb ...
Unpacking libssl1.0.2:amd64 (1.0.2h-1) ...
Selecting previously unselected package libpython3.5-minimal:amd64.
Preparing to unpack .../07-libpython3.5-minimal_3.5.2-3_amd64.deb ...
Unpacking libpython3.5-minimal:amd64 (3.5.2-3) ...
Selecting previously unselected package libexpat1:amd64.
Preparing to unpack .../08-libexpat1_2.2.0-1_amd64.deb ...
Unpacking libexpat1:amd64 (2.2.0-1) ...
Selecting previously unselected package python3.5-minimal.
Preparing to unpack .../09-python3.5-minimal_3.5.2-3_amd64.deb ...
Unpacking python3.5-minimal (3.5.2-3) ...
Selecting previously unselected package python3-minimal.
Preparing to unpack .../10-python3-minimal_3.5.1-4_amd64.deb ...
Unpacking python3-minimal (3.5.1-4) ...
Selecting previously unselected package mime-support.
Preparing to unpack .../11-mime-support_3.60_all.deb ...
Unpacking mime-support (3.60) ...
Selecting previously unselected package libmpdec2:amd64.
Preparing to unpack .../12-libmpdec2_2.4.2-1_amd64.deb ...
Unpacking libmpdec2:amd64 (2.4.2-1) ...
Selecting previously unselected package readline-common.
Preparing to unpack .../13-readline-common_6.3-8_all.deb ...
Unpacking readline-common (6.3-8) ...
Selecting previously unselected package libreadline6:amd64.
Preparing to unpack .../14-libreadline6_6.3-8+b4_amd64.deb ...
Unpacking libreadline6:amd64 (6.3-8+b4) ...
Selecting previously unselected package libsqlite3-0:amd64.
Preparing to unpack .../15-libsqlite3-0_3.14.1-1_amd64.deb ...
Unpacking libsqlite3-0:amd64 (3.14.1-1) ...
Selecting previously unselected package libpython3.5-stdlib:amd64.
Preparing to unpack .../16-libpython3.5-stdlib_3.5.2-3_amd64.deb ...
Unpacking libpython3.5-stdlib:amd64 (3.5.2-3) ...
Selecting previously unselected package python3.5.
Preparing to unpack .../17-python3.5_3.5.2-3_amd64.deb ...
Unpacking python3.5 (3.5.2-3) ...
Selecting previously unselected package libpython3-stdlib:amd64.
Preparing to unpack .../18-libpython3-stdlib_3.5.1-4_amd64.deb ...
Unpacking libpython3-stdlib:amd64 (3.5.1-4) ...
Selecting previously unselected package dh-python.
Preparing to unpack .../19-dh-python_2.20160818_all.deb ...
Unpacking dh-python (2.20160818) ...
Setting up libssl1.0.2:amd64 (1.0.2h-1) ...
Setting up libpython3.5-minimal:amd64 (3.5.2-3) ...
Setting up libexpat1:amd64 (2.2.0-1) ...
Setting up python3.5-minimal (3.5.2-3) ...
Setting up python3-minimal (3.5.1-4) ...
Selecting previously unselected package python3.
(Reading database ... 11342 files and directories currently installed.)
Preparing to unpack .../00-python3_3.5.1-4_amd64.deb ...
Unpacking python3 (3.5.1-4) ...
Selecting previously unselected package libmagic-mgc.
Preparing to unpack .../01-libmagic-mgc_1%3a5.28-4_amd64.deb ...
Unpacking libmagic-mgc (1:5.28-4) ...
Selecting previously unselected package libmagic1:amd64.
Preparing to unpack .../02-libmagic1_1%3a5.28-4_amd64.deb ...
Unpacking libmagic1:amd64 (1:5.28-4) ...
Selecting previously unselected package file.
Preparing to unpack .../03-file_1%3a5.28-4_amd64.deb ...
Unpacking file (1:5.28-4) ...
Selecting previously unselected package gettext-base.
Preparing to unpack .../04-gettext-base_0.19.8.1-1_amd64.deb ...
Unpacking gettext-base (0.19.8.1-1) ...
Selecting previously unselected package libnettle6:amd64.
Preparing to unpack .../05-libnettle6_3.2-1_amd64.deb ...
Unpacking libnettle6:amd64 (3.2-1) ...
Selecting previously unselected package libhogweed4:amd64.
Preparing to unpack .../06-libhogweed4_3.2-1_amd64.deb ...
Unpacking libhogweed4:amd64 (3.2-1) ...
Selecting previously unselected package libidn11:amd64.
Preparing to unpack .../07-libidn11_1.33-1_amd64.deb ...
Unpacking libidn11:amd64 (1.33-1) ...
Selecting previously unselected package libp11-kit0:amd64.
Preparing to unpack .../08-libp11-kit0_0.23.2-5_amd64.deb ...
Unpacking libp11-kit0:amd64 (0.23.2-5) ...
Selecting previously unselected package libtasn1-6:amd64.
Preparing to unpack .../09-libtasn1-6_4.9-4_amd64.deb ...
Unpacking libtasn1-6:amd64 (4.9-4) ...
Selecting previously unselected package libgnutls30:amd64.
Preparing to unpack .../10-libgnutls30_3.5.3-3_amd64.deb ...
Unpacking libgnutls30:amd64 (3.5.3-3) ...
Selecting previously unselected package libsasl2-modules-db:amd64.
Preparing to unpack .../11-libsasl2-modules-db_2.1.26.dfsg1-15_amd64.deb ...
Unpacking libsasl2-modules-db:amd64 (2.1.26.dfsg1-15) ...
Selecting previously unselected package libsasl2-2:amd64.
Preparing to unpack .../12-libsasl2-2_2.1.26.dfsg1-15_amd64.deb ...
Unpacking libsasl2-2:amd64 (2.1.26.dfsg1-15) ...
Selecting previously unselected package libicu57:amd64.
Preparing to unpack .../13-libicu57_57.1-3_amd64.deb ...
Unpacking libicu57:amd64 (57.1-3) ...
Selecting previously unselected package libxml2:amd64.
Preparing to unpack .../14-libxml2_2.9.4+dfsg1-1+b1_amd64.deb ...
Unpacking libxml2:amd64 (2.9.4+dfsg1-1+b1) ...
Selecting previously unselected package augeas-lenses.
Preparing to unpack .../15-augeas-lenses_1.2.0-0.3_all.deb ...
Unpacking augeas-lenses (1.2.0-0.3) ...
Selecting previously unselected package libsigsegv2:amd64.
Preparing to unpack .../16-libsigsegv2_2.10-5_amd64.deb ...
Unpacking libsigsegv2:amd64 (2.10-5) ...
Selecting previously unselected package m4.
Preparing to unpack .../17-m4_1.4.17-5_amd64.deb ...
Unpacking m4 (1.4.17-5) ...
Selecting previously unselected package autoconf.
Preparing to unpack .../18-autoconf_2.69-10_all.deb ...
Unpacking autoconf (2.69-10) ...
Selecting previously unselected package autotools-dev.
Preparing to unpack .../19-autotools-dev_20160430.1_all.deb ...
Unpacking autotools-dev (20160430.1) ...
Selecting previously unselected package automake.
Preparing to unpack .../20-automake_1%3a1.15-4_all.deb ...
Unpacking automake (1:1.15-4) ...
Selecting previously unselected package autopoint.
Preparing to unpack .../21-autopoint_0.19.8.1-1_all.deb ...
Unpacking autopoint (0.19.8.1-1) ...
Selecting previously unselected package openssl.
Preparing to unpack .../22-openssl_1.0.2h-1_amd64.deb ...
Unpacking openssl (1.0.2h-1) ...
Selecting previously unselected package ca-certificates.
Preparing to unpack .../23-ca-certificates_20160104_all.deb ...
Unpacking ca-certificates (20160104) ...
Selecting previously unselected package libglib2.0-0:amd64.
Preparing to unpack .../24-libglib2.0-0_2.48.1-3_amd64.deb ...
Unpacking libglib2.0-0:amd64 (2.48.1-3) ...
Selecting previously unselected package libcroco3:amd64.
Preparing to unpack .../25-libcroco3_0.6.11-1_amd64.deb ...
Unpacking libcroco3:amd64 (0.6.11-1) ...
Selecting previously unselected package libunistring0:amd64.
Preparing to unpack .../26-libunistring0_0.9.6+really0.9.3-0.1_amd64.deb ...
Unpacking libunistring0:amd64 (0.9.6+really0.9.3-0.1) ...
Selecting previously unselected package gettext.
Preparing to unpack .../27-gettext_0.19.8.1-1_amd64.deb ...
Unpacking gettext (0.19.8.1-1) ...
Selecting previously unselected package intltool-debian.
Preparing to unpack .../28-intltool-debian_0.35.0+20060710.4_all.deb ...
Unpacking intltool-debian (0.35.0+20060710.4) ...
Selecting previously unselected package po-debconf.
Preparing to unpack .../29-po-debconf_1.0.19_all.deb ...
Unpacking po-debconf (1.0.19) ...
Selecting previously unselected package libarchive-zip-perl.
Preparing to unpack .../30-libarchive-zip-perl_1.59-1_all.deb ...
Unpacking libarchive-zip-perl (1.59-1) ...
Selecting previously unselected package libfile-stripnondeterminism-perl.
Preparing to unpack .../31-libfile-stripnondeterminism-perl_0.023-2_all.deb ...
Unpacking libfile-stripnondeterminism-perl (0.023-2) ...
Selecting previously unselected package libtimedate-perl.
Preparing to unpack .../32-libtimedate-perl_2.3000-2_all.deb ...
Unpacking libtimedate-perl (2.3000-2) ...
Selecting previously unselected package dh-strip-nondeterminism.
Preparing to unpack .../33-dh-strip-nondeterminism_0.023-2_all.deb ...
Unpacking dh-strip-nondeterminism (0.023-2) ...
Selecting previously unselected package libtool.
Preparing to unpack .../34-libtool_2.4.6-2_all.deb ...
Unpacking libtool (2.4.6-2) ...
Selecting previously unselected package dh-autoreconf.
Preparing to unpack .../35-dh-autoreconf_12_all.deb ...
Unpacking dh-autoreconf (12) ...
Selecting previously unselected package debhelper.
Preparing to unpack .../36-debhelper_9.20160814_all.deb ...
Unpacking debhelper (9.20160814) ...
Selecting previously unselected package devscripts.
Preparing to unpack .../37-devscripts_2.16.7_amd64.deb ...
Unpacking devscripts (2.16.7) ...
Selecting previously unselected package libdevmapper1.02.1:amd64.
Preparing to unpack .../38-libdevmapper1.02.1_2%3a1.02.133-1_amd64.deb ...
Unpacking libdevmapper1.02.1:amd64 (2:1.02.133-1) ...
Selecting previously unselected package dmsetup.
Preparing to unpack .../39-dmsetup_2%3a1.02.133-1_amd64.deb ...
Unpacking dmsetup (2:1.02.133-1) ...
Selecting previously unselected package rubygems-integration.
Preparing to unpack .../40-rubygems-integration_1.10_all.deb ...
Unpacking rubygems-integration (1.10) ...
Selecting previously unselected package ruby-did-you-mean.
Preparing to unpack .../41-ruby-did-you-mean_1.0.0-2_all.deb ...
Unpacking ruby-did-you-mean (1.0.0-2) ...
Selecting previously unselected package ruby-minitest.
Preparing to unpack .../42-ruby-minitest_5.9.0-1_all.deb ...
Unpacking ruby-minitest (5.9.0-1) ...
Selecting previously unselected package ruby-net-telnet.
Preparing to unpack .../43-ruby-net-telnet_0.1.1-2_all.deb ...
Unpacking ruby-net-telnet (0.1.1-2) ...
Selecting previously unselected package ruby-power-assert.
Preparing to unpack .../44-ruby-power-assert_0.3.0-1_all.deb ...
Unpacking ruby-power-assert (0.3.0-1) ...
Selecting previously unselected package ruby-test-unit.
Preparing to unpack .../45-ruby-test-unit_3.1.7-2_all.deb ...
Unpacking ruby-test-unit (3.1.7-2) ...
Selecting previously unselected package libruby2.3:amd64.
Preparing to unpack .../46-libruby2.3_2.3.1-5_amd64.deb ...
Unpacking libruby2.3:amd64 (2.3.1-5) ...
Selecting previously unselected package ruby2.3.
Preparing to unpack .../47-ruby2.3_2.3.1-5_amd64.deb ...
Unpacking ruby2.3 (2.3.1-5) ...
Selecting previously unselected package ruby.
Preparing to unpack .../48-ruby_1%3a2.3.0+4_amd64.deb ...
Unpacking ruby (1:2.3.0+4) ...
Selecting previously unselected package rake.
Preparing to unpack .../49-rake_10.5.0-2_all.deb ...
Unpacking rake (10.5.0-2) ...
Selecting previously unselected package gem2deb-test-runner.
Preparing to unpack .../50-gem2deb-test-runner_0.32_amd64.deb ...
Unpacking gem2deb-test-runner (0.32) ...
Selecting previously unselected package libgmpxx4ldbl:amd64.
Preparing to unpack .../51-libgmpxx4ldbl_2%3a6.1.1+dfsg-1_amd64.deb ...
Unpacking libgmpxx4ldbl:amd64 (2:6.1.1+dfsg-1) ...
Selecting previously unselected package libgmp-dev:amd64.
Preparing to unpack .../52-libgmp-dev_2%3a6.1.1+dfsg-1_amd64.deb ...
Unpacking libgmp-dev:amd64 (2:6.1.1+dfsg-1) ...
Selecting previously unselected package ruby2.3-dev:amd64.
Preparing to unpack .../53-ruby2.3-dev_2.3.1-5_amd64.deb ...
Unpacking ruby2.3-dev:amd64 (2.3.1-5) ...
Selecting previously unselected package ruby-all-dev:amd64.
Preparing to unpack .../54-ruby-all-dev_1%3a2.3.0+4_amd64.deb ...
Unpacking ruby-all-dev:amd64 (1:2.3.0+4) ...
Selecting previously unselected package ruby-setup.
Preparing to unpack .../55-ruby-setup_3.4.1-9_all.deb ...
Unpacking ruby-setup (3.4.1-9) ...
Selecting previously unselected package gem2deb.
Preparing to unpack .../56-gem2deb_0.32_amd64.deb ...
Unpacking gem2deb (0.32) ...
Selecting previously unselected package libaugeas0.
Preparing to unpack .../57-libaugeas0_1.2.0-0.3_amd64.deb ...
Unpacking libaugeas0 (1.2.0-0.3) ...
Selecting previously unselected package libavahi-common-data:amd64.
Preparing to unpack .../58-libavahi-common-data_0.6.32-1_amd64.deb ...
Unpacking libavahi-common-data:amd64 (0.6.32-1) ...
Selecting previously unselected package libavahi-common3:amd64.
Preparing to unpack .../59-libavahi-common3_0.6.32-1_amd64.deb ...
Unpacking libavahi-common3:amd64 (0.6.32-1) ...
Selecting previously unselected package libdbus-1-3:amd64.
Preparing to unpack .../60-libdbus-1-3_1.10.10-1_amd64.deb ...
Unpacking libdbus-1-3:amd64 (1.10.10-1) ...
Selecting previously unselected package libavahi-client3:amd64.
Preparing to unpack .../61-libavahi-client3_0.6.32-1_amd64.deb ...
Unpacking libavahi-client3:amd64 (0.6.32-1) ...
Selecting previously unselected package libboost-system1.58.0:amd64.
Preparing to unpack .../62-libboost-system1.58.0_1.58.0+dfsg-5.1_amd64.deb ...
Unpacking libboost-system1.58.0:amd64 (1.58.0+dfsg-5.1) ...
Selecting previously unselected package libboost-thread1.58.0:amd64.
Preparing to unpack .../63-libboost-thread1.58.0_1.58.0+dfsg-5.1_amd64.deb ...
Unpacking libboost-thread1.58.0:amd64 (1.58.0+dfsg-5.1) ...
Selecting previously unselected package libfuse2:amd64.
Preparing to unpack .../64-libfuse2_2.9.7-1_amd64.deb ...
Unpacking libfuse2:amd64 (2.9.7-1) ...
Selecting previously unselected package libnl-3-200:amd64.
Preparing to unpack .../65-libnl-3-200_3.2.27-1_amd64.deb ...
Unpacking libnl-3-200:amd64 (3.2.27-1) ...
Selecting previously unselected package libnl-route-3-200:amd64.
Preparing to unpack .../66-libnl-route-3-200_3.2.27-1_amd64.deb ...
Unpacking libnl-route-3-200:amd64 (3.2.27-1) ...
Selecting previously unselected package libxslt1.1:amd64.
Preparing to unpack .../67-libxslt1.1_1.1.29-1_amd64.deb ...
Unpacking libxslt1.1:amd64 (1.1.29-1) ...
Selecting previously unselected package libnetcf1.
Preparing to unpack .../68-libnetcf1_1%3a0.2.8-1_amd64.deb ...
Unpacking libnetcf1 (1:0.2.8-1) ...
Selecting previously unselected package libnspr4:amd64.
Preparing to unpack .../69-libnspr4_2%3a4.12-6_amd64.deb ...
Unpacking libnspr4:amd64 (2:4.12-6) ...
Selecting previously unselected package libnss3:amd64.
Preparing to unpack .../70-libnss3_2%3a3.26-1_amd64.deb ...
Unpacking libnss3:amd64 (2:3.26-1) ...
Selecting previously unselected package libnuma1:amd64.
Preparing to unpack .../71-libnuma1_2.0.11-1_amd64.deb ...
Unpacking libnuma1:amd64 (2.0.11-1) ...
Selecting previously unselected package libparted2:amd64.
Preparing to unpack .../72-libparted2_3.2-15_amd64.deb ...
Unpacking libparted2:amd64 (3.2-15) ...
Selecting previously unselected package libpcap0.8:amd64.
Preparing to unpack .../73-libpcap0.8_1.7.4-2_amd64.deb ...
Unpacking libpcap0.8:amd64 (1.7.4-2) ...
Selecting previously unselected package libpciaccess0:amd64.
Preparing to unpack .../74-libpciaccess0_0.13.4-1_amd64.deb ...
Unpacking libpciaccess0:amd64 (0.13.4-1) ...
Selecting previously unselected package librados2.
Preparing to unpack .../75-librados2_0.80.11-1_amd64.deb ...
Unpacking librados2 (0.80.11-1) ...
Selecting previously unselected package librbd1.
Preparing to unpack .../76-librbd1_0.80.11-1_amd64.deb ...
Unpacking librbd1 (0.80.11-1) ...
Selecting previously unselected package libssh2-1:amd64.
Preparing to unpack .../77-libssh2-1_1.7.0-1_amd64.deb ...
Unpacking libssh2-1:amd64 (1.7.0-1) ...
Selecting previously unselected package libapparmor1:amd64.
Preparing to unpack .../78-libapparmor1_2.10.95-4_amd64.deb ...
Unpacking libapparmor1:amd64 (2.10.95-4) ...
Selecting previously unselected package libxenstore3.0:amd64.
Preparing to unpack .../79-libxenstore3.0_4.6.0-1+nmu2_amd64.deb ...
Unpacking libxenstore3.0:amd64 (4.6.0-1+nmu2) ...
Selecting previously unselected package libxen-4.6:amd64.
Preparing to unpack .../80-libxen-4.6_4.6.0-1+nmu2_amd64.deb ...
Unpacking libxen-4.6:amd64 (4.6.0-1+nmu2) ...
Selecting previously unselected package libvirt0.
Preparing to unpack .../81-libvirt0_2.1.0-2_amd64.deb ...
Unpacking libvirt0 (2.1.0-2) ...
Selecting previously unselected package libvirt-daemon.
Preparing to unpack .../82-libvirt-daemon_2.1.0-2_amd64.deb ...
Unpacking libvirt-daemon (2.1.0-2) ...
Selecting previously unselected package libxen-dev.
Preparing to unpack .../83-libxen-dev_4.6.0-1+nmu2_amd64.deb ...
Unpacking libxen-dev (4.6.0-1+nmu2) ...
Selecting previously unselected package libvirt-dev.
Preparing to unpack .../84-libvirt-dev_2.1.0-2_amd64.deb ...
Unpacking libvirt-dev (2.1.0-2) ...
Selecting previously unselected package pkg-config.
Preparing to unpack .../85-pkg-config_0.29-4_amd64.deb ...
Unpacking pkg-config (0.29-4) ...
Selecting previously unselected package sbuild-build-depends-ruby-libvirt-dummy.
Preparing to unpack .../86-sbuild-build-depends-ruby-libvirt-dummy_0.invalid.0_amd64.deb ...
Unpacking sbuild-build-depends-ruby-libvirt-dummy (0.invalid.0) ...
Setting up readline-common (6.3-8) ...
Setting up libnettle6:amd64 (3.2-1) ...
Setting up libarchive-zip-perl (1.59-1) ...
Setting up mime-support (3.60) ...
Setting up libtimedate-perl (2.3000-2) ...
Setting up libsigsegv2:amd64 (2.10-5) ...
Setting up libboost-system1.58.0:amd64 (1.58.0+dfsg-5.1) ...
Setting up libnuma1:amd64 (2.0.11-1) ...
Setting up groff-base (1.22.3-8) ...
Setting up libglib2.0-0:amd64 (2.48.1-3) ...
No schema files found: doing nothing.
Setting up libfuse2:amd64 (2.9.7-1) ...
Setting up libsasl2-modules-db:amd64 (2.1.26.dfsg1-15) ...
Setting up libsasl2-2:amd64 (2.1.26.dfsg1-15) ...
Setting up libxenstore3.0:amd64 (4.6.0-1+nmu2) ...
Setting up gettext-base (0.19.8.1-1) ...
Setting up libpipeline1:amd64 (1.4.1-2) ...
Setting up m4 (1.4.17-5) ...
Setting up libicu57:amd64 (57.1-3) ...
Setting up libnspr4:amd64 (2:4.12-6) ...
Setting up libxml2:amd64 (2.9.4+dfsg1-1+b1) ...
Setting up libtasn1-6:amd64 (4.9-4) ...
Setting up libmagic-mgc (1:5.28-4) ...
Setting up libmagic1:amd64 (1:5.28-4) ...
Setting up libhogweed4:amd64 (3.2-1) ...
Setting up libcroco3:amd64 (0.6.11-1) ...
Setting up libxslt1.1:amd64 (1.1.29-1) ...
Setting up pkg-config (0.29-4) ...
Setting up libyajl2:amd64 (2.1.0-2) ...
Setting up ruby-did-you-mean (1.0.0-2) ...
Setting up libyaml-0-2:amd64 (0.1.6-3) ...
Setting up libssh2-1:amd64 (1.7.0-1) ...
Processing triggers for libc-bin (2.23-5) ...
Setting up autotools-dev (20160430.1) ...
Setting up libunistring0:amd64 (0.9.6+really0.9.3-0.1) ...
Setting up libapparmor1:amd64 (2.10.95-4) ...
Setting up libxen-4.6:amd64 (4.6.0-1+nmu2) ...
Setting up libp11-kit0:amd64 (0.23.2-5) ...
Setting up augeas-lenses (1.2.0-0.3) ...
Setting up openssl (1.0.2h-1) ...
Setting up ruby-net-telnet (0.1.1-2) ...
Setting up libsqlite3-0:amd64 (3.14.1-1) ...
Setting up libboost-thread1.58.0:amd64 (1.58.0+dfsg-5.1) ...
Setting up libpciaccess0:amd64 (0.13.4-1) ...
Setting up bsdmainutils (9.0.10) ...
update-alternatives: using /usr/bin/bsd-write to provide /usr/bin/write (write) in auto mode
update-alternatives: using /usr/bin/bsd-from to provide /usr/bin/from (from) in auto mode
Setting up libgmpxx4ldbl:amd64 (2:6.1.1+dfsg-1) ...
Setting up libnl-3-200:amd64 (3.2.27-1) ...
Setting up ruby-minitest (5.9.0-1) ...
Setting up ca-certificates (20160104) ...
Setting up autopoint (0.19.8.1-1) ...
Setting up libidn11:amd64 (1.33-1) ...
Setting up libmpdec2:amd64 (2.4.2-1) ...
Setting up libdbus-1-3:amd64 (1.10.10-1) ...
Setting up libreadline6:amd64 (6.3-8+b4) ...
Setting up ruby-power-assert (0.3.0-1) ...
Setting up libavahi-common-data:amd64 (0.6.32-1) ...
Setting up libpcap0.8:amd64 (1.7.4-2) ...
Setting up libfile-stripnondeterminism-perl (0.023-2) ...
Setting up libgmp-dev:amd64 (2:6.1.1+dfsg-1) ...
Setting up ruby-test-unit (3.1.7-2) ...
Setting up gettext (0.19.8.1-1) ...
Setting up libpython3.5-stdlib:amd64 (3.5.2-3) ...
Setting up libaugeas0 (1.2.0-0.3) ...
Setting up libgnutls30:amd64 (3.5.3-3) ...
Setting up libnss3:amd64 (2:3.26-1) ...
Setting up libnl-route-3-200:amd64 (3.2.27-1) ...
Setting up autoconf (2.69-10) ...
Setting up libxen-dev (4.6.0-1+nmu2) ...
Setting up file (1:5.28-4) ...
Setting up librados2 (0.80.11-1) ...
Setting up intltool-debian (0.35.0+20060710.4) ...
Setting up automake (1:1.15-4) ...
update-alternatives: using /usr/bin/automake-1.15 to provide /usr/bin/automake (automake) in auto mode
Setting up rubygems-integration (1.10) ...
Setting up man-db (2.7.5-1) ...
Not building database; man-db/auto-update is not 'true'.
Setting up libavahi-common3:amd64 (0.6.32-1) ...
Setting up libtool (2.4.6-2) ...
Setting up python3.5 (3.5.2-3) ...
Setting up libpython3-stdlib:amd64 (3.5.1-4) ...
Setting up po-debconf (1.0.19) ...
Setting up libnetcf1 (1:0.2.8-1) ...
Setting up librbd1 (0.80.11-1) ...
Setting up libavahi-client3:amd64 (0.6.32-1) ...
Setting up dh-python (2.20160818) ...
Setting up python3 (3.5.1-4) ...
Setting up devscripts (2.16.7) ...
Setting up libdevmapper1.02.1:amd64 (2:1.02.133-1) ...
Setting up ruby2.3 (2.3.1-5) ...
Setting up dh-strip-nondeterminism (0.023-2) ...
Setting up dmsetup (2:1.02.133-1) ...
Setting up ruby (1:2.3.0+4) ...
Setting up debhelper (9.20160814) ...
Setting up libparted2:amd64 (3.2-15) ...
Setting up dh-autoreconf (12) ...
Setting up rake (10.5.0-2) ...
Setting up libvirt0 (2.1.0-2) ...
Setting up ruby-setup (3.4.1-9) ...
Setting up libvirt-daemon (2.1.0-2) ...
Setting up libruby2.3:amd64 (2.3.1-5) ...
Setting up libvirt-dev (2.1.0-2) ...
Setting up gem2deb-test-runner (0.32) ...
Setting up ruby2.3-dev:amd64 (2.3.1-5) ...
Setting up ruby-all-dev:amd64 (1:2.3.0+4) ...
Setting up gem2deb (0.32) ...
Setting up sbuild-build-depends-ruby-libvirt-dummy (0.invalid.0) ...
Processing triggers for libc-bin (2.23-5) ...
Processing triggers for ca-certificates (20160104) ...
Updating certificates in /etc/ssl/certs...
173 added, 0 removed; done.
Running hooks in /etc/ca-certificates/update.d...
done.
W: No sandbox user '_apt' on the system, can not drop privileges

+------------------------------------------------------------------------------+
| Build environment                                                            |
+------------------------------------------------------------------------------+

Kernel: Linux 3.16.0-4-amd64 amd64 (x86_64)
Toolchain package versions: binutils_2.27-6 dpkg-dev_1.18.10 g++-6_6.2.0-1 gcc-6_6.2.0-1 libc6-dev_2.23-5 libstdc++-6-dev_6.2.0-1 libstdc++6_6.2.0-1 linux-libc-dev_4.7.2-1
Package versions: adduser_3.115 apt_1.3~rc2 augeas-lenses_1.2.0-0.3 autoconf_2.69-10 automake_1:1.15-4 autopoint_0.19.8.1-1 autotools-dev_20160430.1 base-files_9.6 base-passwd_3.5.40 bash_4.3-15 binutils_2.27-6 bsdmainutils_9.0.10 bsdutils_1:2.28.1-1 build-essential_12.2 bzip2_1.0.6-8 ca-certificates_20160104 clang-3.8_1:3.8.1-9 coreutils_8.25-2 cpp_4:6.1.1-1 cpp-6_6.2.0-1 dash_0.5.8-2.3 debconf_1.5.59 debfoster_2.7-2.1 debhelper_9.20160814 debian-archive-keyring_2014.3 debianutils_4.8 devscripts_2.16.7 dh-autoreconf_12 dh-python_2.20160818 dh-strip-nondeterminism_0.023-2 diffutils_1:3.3-3 dmsetup_2:1.02.133-1 dpkg_1.18.10 dpkg-dev_1.18.10 e2fslibs_1.43.1-1 e2fsprogs_1.43.1-1 eatmydata_105-3 fakeroot_1.21-1 file_1:5.28-4 findutils_4.6.0+git+20160703-2 g++_4:6.1.1-1 g++-6_6.2.0-1 gcc_4:6.1.1-1 gcc-6_6.2.0-1 gcc-6-base_6.2.0-1 gem2deb_0.32 gem2deb-test-runner_0.32 gettext_0.19.8.1-1 gettext-base_0.19.8.1-1 gpgv_2.1.14-5 grep_2.25-6 groff-base_1.22.3-8 gzip_1.6-5 hostname_3.18 init-system-helpers_1.42 intltool-debian_0.35.0+20060710.4 libacl1_2.2.52-3 libapparmor1_2.10.95-4 libapt-pkg5.0_1.3~rc2 libarchive-zip-perl_1.59-1 libasan3_6.2.0-1 libatomic1_6.2.0-1 libattr1_1:2.4.47-2 libaudit-common_1:2.6.6-1 libaudit1_1:2.6.6-1 libaugeas0_1.2.0-0.3 libavahi-client3_0.6.32-1 libavahi-common-data_0.6.32-1 libavahi-common3_0.6.32-1 libblkid1_2.28.1-1 libboost-system1.58.0_1.58.0+dfsg-5.1 libboost-thread1.58.0_1.58.0+dfsg-5.1 libbsd0_0.8.3-1 libbz2-1.0_1.0.6-8 libc-bin_2.23-5 libc-dev-bin_2.23-5 libc6_2.23-5 libc6-dev_2.23-5 libcap-ng0_0.7.7-3 libcc1-0_6.2.0-1 libcilkrts5_6.2.0-1 libclang-common-3.8-dev_1:3.8.1-9 libclang1-3.8_1:3.8.1-9 libcomerr2_1.43.1-1 libcroco3_0.6.11-1 libdb5.3_5.3.28-12 libdbus-1-3_1.10.10-1 libdebconfclient0_0.215 libdevmapper1.02.1_2:1.02.133-1 libdpkg-perl_1.18.10 libeatmydata1_105-3 libedit2_3.1-20150325-1+b1 libexpat1_2.2.0-1 libfakeroot_1.21-1 libfdisk1_2.28.1-1 libffi6_3.2.1-4 libfile-stripnondeterminism-perl_0.023-2 libfuse2_2.9.7-1 libgc1c2_1:7.4.2-8 libgcc-6-dev_6.2.0-1 libgcc1_1:6.2.0-1 libgcrypt20_1.7.3-1 libgdbm3_1.8.3-14 libglib2.0-0_2.48.1-3 libgmp-dev_2:6.1.1+dfsg-1 libgmp10_2:6.1.1+dfsg-1 libgmpxx4ldbl_2:6.1.1+dfsg-1 libgnutls30_3.5.3-3 libgomp1_6.2.0-1 libgpg-error0_1.24-1 libhogweed4_3.2-1 libicu57_57.1-3 libidn11_1.33-1 libisl15_0.17.1-1 libitm1_6.2.0-1 libllvm3.8_1:3.8.1-9 liblsan0_6.2.0-1 liblz4-1_0.0~r131-2 liblzma5_5.1.1alpha+20120614-2.1 libmagic-mgc_1:5.28-4 libmagic1_1:5.28-4 libmount1_2.28.1-1 libmpc3_1.0.3-1 libmpdec2_2.4.2-1 libmpfr4_3.1.4-2 libmpx2_6.2.0-1 libncurses5_6.0+20160625-1 libncursesw5_6.0+20160625-1 libnetcf1_1:0.2.8-1 libnettle6_3.2-1 libnl-3-200_3.2.27-1 libnl-route-3-200_3.2.27-1 libnspr4_2:4.12-6 libnss3_2:3.26-1 libnuma1_2.0.11-1 libobjc-6-dev_6.2.0-1 libobjc4_6.2.0-1 libp11-kit0_0.23.2-5 libpam-modules_1.1.8-3.3 libpam-modules-bin_1.1.8-3.3 libpam-runtime_1.1.8-3.3 libpam0g_1.1.8-3.3 libparted2_3.2-15 libpcap0.8_1.7.4-2 libpciaccess0_0.13.4-1 libpcre3_2:8.39-2 libperl5.22_5.22.2-3 libpipeline1_1.4.1-2 libpython3-stdlib_3.5.1-4 libpython3.5-minimal_3.5.2-3 libpython3.5-stdlib_3.5.2-3 libquadmath0_6.2.0-1 librados2_0.80.11-1 librbd1_0.80.11-1 libreadline6_6.3-8+b4 libruby2.3_2.3.1-5 libsasl2-2_2.1.26.dfsg1-15 libsasl2-modules-db_2.1.26.dfsg1-15 libselinux1_2.5-3 libsemanage-common_2.5-1 libsemanage1_2.5-1 libsepol1_2.5-1 libsigsegv2_2.10-5 libsmartcols1_2.28.1-1 libsqlite3-0_3.14.1-1 libss2_1.43.1-1 libssh2-1_1.7.0-1 libssl1.0.2_1.0.2h-1 libstdc++-6-dev_6.2.0-1 libstdc++6_6.2.0-1 libsystemd0_231-5 libtasn1-6_4.9-4 libtimedate-perl_2.3000-2 libtinfo5_6.0+20160625-1 libtool_2.4.6-2 libtsan0_6.2.0-1 libubsan0_6.2.0-1 libudev1_231-5 libunistring0_0.9.6+really0.9.3-0.1 libustr-1.0-1_1.0.4-5 libuuid1_2.28.1-1 libvirt-daemon_2.1.0-2 libvirt-dev_2.1.0-2 libvirt0_2.1.0-2 libxen-4.6_4.6.0-1+nmu2 libxen-dev_4.6.0-1+nmu2 libxenstore3.0_4.6.0-1+nmu2 libxml2_2.9.4+dfsg1-1+b1 libxslt1.1_1.1.29-1 libyajl2_2.1.0-2 libyaml-0-2_0.1.6-3 linux-libc-dev_4.7.2-1 login_1:4.2-3.1 m4_1.4.17-5 make_4.1-9 man-db_2.7.5-1 mawk_1.3.3-17 mime-support_3.60 mount_2.28.1-1 multiarch-support_2.23-5 ncurses-base_6.0+20160625-1 ncurses-bin_6.0+20160625-1 openssl_1.0.2h-1 passwd_1:4.2-3.1 patch_2.7.5-1 perl_5.22.2-3 perl-base_5.22.2-3 perl-modules-5.22_5.22.2-3 pkg-config_0.29-4 po-debconf_1.0.19 python3_3.5.1-4 python3-minimal_3.5.1-4 python3.5_3.5.2-3 python3.5-minimal_3.5.2-3 rake_10.5.0-2 readline-common_6.3-8 ruby_1:2.3.0+4 ruby-all-dev_1:2.3.0+4 ruby-did-you-mean_1.0.0-2 ruby-minitest_5.9.0-1 ruby-net-telnet_0.1.1-2 ruby-power-assert_0.3.0-1 ruby-setup_3.4.1-9 ruby-test-unit_3.1.7-2 ruby2.3_2.3.1-5 ruby2.3-dev_2.3.1-5 rubygems-integration_1.10 sbuild-build-depends-core-dummy_0.invalid.0 sbuild-build-depends-ruby-libvirt-dummy_0.invalid.0 sed_4.2.2-7.1 sensible-utils_0.0.9 sysvinit-utils_2.88dsf-59.8 tar_1.29b-1 util-linux_2.28.1-1 xz-utils_5.1.1alpha+20120614-2.1 zlib1g_1:1.2.8.dfsg-2+b1

+------------------------------------------------------------------------------+
| Build                                                                        |
+------------------------------------------------------------------------------+


Unpack source
-------------

gpgv: unknown type of key resource 'trustedkeys.kbx'
gpgv: keyblock resource '/sbuild-nonexistent/.gnupg/trustedkeys.kbx': General error
gpgv: Signature made Tue Apr 19 06:25:10 2016 UTC using RSA key ID 
gpgv: Can't check signature: No public key
dpkg-source: warning: failed to verify signature on ./ruby-libvirt_0.6.0-2.dsc
dpkg-source: info: extracting ruby-libvirt in /<<PKGBUILDDIR>>
dpkg-source: info: unpacking ruby-libvirt_0.6.0.orig.tar.gz
dpkg-source: info: unpacking ruby-libvirt_0.6.0-2.debian.tar.xz
dpkg-source: info: applying Don-t-run-tests-that-require-qemu-system.patch

Check disc space
----------------

Sufficient free space for build

User Environment
----------------

APT_CONFIG=/var/lib/sbuild/apt.conf
HOME=/sbuild-nonexistent
LC_ALL=POSIX
LOGNAME=user42
PATH=/usr/local/sbin:/usr/local/bin:/usr/sbin:/usr/bin:/sbin:/bin:/usr/games
SCHROOT_ALIAS_NAME=unstable-amd64-sbuild
SCHROOT_CHROOT_NAME=unstable-amd64-sbuild
SCHROOT_COMMAND=env
SCHROOT_GID=1001
SCHROOT_GROUP=user42
SCHROOT_SESSION_ID=unstable-amd64-sbuild-e501c38c-3dd3-401f-8d9e-1249533e3a1a
SCHROOT_UID=1001
SCHROOT_USER=user42
SHELL=/bin/sh
USER=user42

dpkg-buildpackage
-----------------

dpkg-buildpackage: info: source package ruby-libvirt
dpkg-buildpackage: info: source version 0.6.0-2
dpkg-buildpackage: info: source distribution unstable
dpkg-buildpackage: info: source changed by Guido Gnther <agx@sigxcpu.org>
 dpkg-source --before-build ruby-libvirt-0.6.0
dpkg-buildpackage: info: host architecture amd64
 fakeroot debian/rules clean
dh clean --buildsystem=ruby --with ruby
   dh_testdir -O--buildsystem=ruby
   debian/rules override_dh_auto_clean
make[1]: Entering directory '/<<PKGBUILDDIR>>'
rm -f *.gemspec
dh_auto_clean
	dh_ruby --clean
   dh_ruby --clean
make[1]: Leaving directory '/<<PKGBUILDDIR>>'
   dh_clean -O--buildsystem=ruby
 debian/rules build-arch
dh build-arch --buildsystem=ruby --with ruby
   dh_testdir -a -O--buildsystem=ruby
   dh_update_autotools_config -a -O--buildsystem=ruby
   dh_auto_configure -a -O--buildsystem=ruby
	dh_ruby --configure
   dh_auto_build -a -O--buildsystem=ruby
	dh_ruby --build
   dh_ruby --build
   dh_auto_test -a -O--buildsystem=ruby
	dh_ruby --test
 fakeroot debian/rules binary-arch
dh binary-arch --buildsystem=ruby --with ruby
   dh_testroot -a -O--buildsystem=ruby
   dh_prep -a -O--buildsystem=ruby
   debian/rules override_dh_auto_install
make[1]: Entering directory '/<<PKGBUILDDIR>>'
rake -f debian/gemspec.rake gemspec
dh_auto_install
	dh_ruby --install /<<PKGBUILDDIR>>/debian/ruby-libvirt
   dh_ruby --install


 Install files                                                                


install -d /<<PKGBUILDDIR>>/debian/ruby-libvirt/usr/lib/ruby/vendor_ruby
install -D -m644 /<<PKGBUILDDIR>>/lib/libvirt.rb /<<PKGBUILDDIR>>/debian/ruby-libvirt/usr/lib/ruby/vendor_ruby/libvirt.rb


 Build native extensions for ruby2.3                                          


/usr/bin/ruby2.3 /usr/lib/ruby/vendor_ruby/gem2deb/extension_builder.rb /<<PKGBUILDDIR>> debian/ruby-libvirt
current directory: /<<PKGBUILDDIR>>/ext/libvirt
/usr/bin/ruby2.3 -r ./siteconf20160829-27833-18o0wzt.rb extconf.rb
*** extconf.rb failed ***
Could not create Makefile due to some reason, probably lack of necessary
libraries and/or headers.  Check the mkmf.log file for more details.  You may
need configuration options.

Provided configuration options:
	--with-opt-dir
	--without-opt-dir
	--with-opt-include
	--without-opt-include=${opt-dir}/include
	--with-opt-lib
	--without-opt-lib=${opt-dir}/lib
	--with-make-prog
	--without-make-prog
	--srcdir=.
	--curdir
	--ruby=/usr/bin/$(RUBY_BASE_NAME)2.3
	--with-libvirt-include
	--without-libvirt-include
	--with-libvirt-lib
	--without-libvirt-lib
	--with-libvirt-config
	--without-libvirt-config
	--with-pkg-config
	--without-pkg-config
extconf.rb:73:in `<main>': libvirt library not found in default locations (RuntimeError)
~~~~~~~~~~~~~~~~~~~~~  mkmf.log ~~~~~~~~~~~~~~~~~~~~~
cat: mkmf.log: No such file or directory
/usr/lib/ruby/2.3.0/rubygems/ext/builder.rb:92:in `run': extconf failed, exit code 1 (Gem::InstallError)
	from /usr/lib/ruby/2.3.0/rubygems/ext/ext_conf_builder.rb:37:in `block in build'
	from /usr/lib/ruby/2.3.0/tempfile.rb:295:in `open'
	from /usr/lib/ruby/2.3.0/rubygems/ext/ext_conf_builder.rb:20:in `build'
	from /usr/lib/ruby/vendor_ruby/gem2deb/extension_builder.rb:76:in `block in build_and_install'
	from /usr/lib/ruby/vendor_ruby/gem2deb/extension_builder.rb:70:in `chdir'
	from /usr/lib/ruby/vendor_ruby/gem2deb/extension_builder.rb:70:in `build_and_install'
	from /usr/lib/ruby/vendor_ruby/gem2deb/extension_builder.rb:108:in `block in build_all_extensions'
	from /usr/lib/ruby/vendor_ruby/gem2deb/extension_builder.rb:105:in `each'
	from /usr/lib/ruby/vendor_ruby/gem2deb/extension_builder.rb:105:in `build_all_extensions'
	from /usr/lib/ruby/vendor_ruby/gem2deb/extension_builder.rb:121:in `<main>'
~~~~~~~~~~~~~~~~~~~~~  mkmf.log ~~~~~~~~~~~~~~~~~~~~~
/usr/lib/ruby/vendor_ruby/gem2deb.rb:56:in `run': /usr/bin/ruby2.3 /usr/lib/ruby/vendor_ruby/gem2deb/extension_builder.rb /<<PKGBUILDDIR>> debian/ruby-libvirt (Gem2Deb::CommandFailed)
	from /usr/lib/ruby/vendor_ruby/gem2deb.rb:67:in `run_ruby'
	from /usr/lib/ruby/vendor_ruby/gem2deb/installer.rb:37:in `block in install_files_and_build_extensions'
	from /usr/lib/ruby/vendor_ruby/gem2deb/installer.rb:34:in `each'
	from /usr/lib/ruby/vendor_ruby/gem2deb/installer.rb:34:in `install_files_and_build_extensions'
	from /usr/lib/ruby/vendor_ruby/gem2deb/dh_ruby.rb:84:in `block in install'
	from /usr/lib/ruby/vendor_ruby/gem2deb/dh_ruby.rb:82:in `each'
	from /usr/lib/ruby/vendor_ruby/gem2deb/dh_ruby.rb:82:in `install'
	from /usr/bin/dh_ruby:94:in `<main>'
dh_auto_install: dh_ruby --install /<<PKGBUILDDIR>>/debian/ruby-libvirt returned exit code 1
debian/rules:8: recipe for target 'override_dh_auto_install' failed
make[1]: *** [override_dh_auto_install] Error 1
make[1]: Leaving directory '/<<PKGBUILDDIR>>'
debian/rules:5: recipe for target 'binary-arch' failed
make: *** [binary-arch] Error 2
dpkg-buildpackage: error: fakeroot debian/rules binary-arch gave error exit status 2
--------------------------------------------------------------------------------
Build finished at 2016-08-29T16:44:25Z

Finished
--------


+------------------------------------------------------------------------------+
| Cleanup                                                                      |
+------------------------------------------------------------------------------+

Purging /<<BUILDDIR>>
Not cleaning session: cloned chroot in use
E: Build failure (dpkg-buildpackage died)

+------------------------------------------------------------------------------+
| Summary                                                                      |
+------------------------------------------------------------------------------+

Build Architecture: amd64
Build-Space: 0
Build-Time: 2
Distribution: unstable
Fail-Stage: build
Host Architecture: amd64
Install-Time: 22
Job: ruby-libvirt_0.6.0-2
Machine Architecture: amd64
Package: ruby-libvirt
Package-Time: 49
Source-Version: 0.6.0-2
Space: 0
Status: failed
Version: 0.6.0-2
--------------------------------------------------------------------------------
Finished at 2016-08-29T16:44:25Z
Build needed 00:00:00, 0k disc space
E: Build failure (dpkg-buildpackage died)
DC-Status: Failed 49.26029541s
DC-Time-Estimation: 49.26029541 versus expected 330 (r/m: 5.6991072069983755 ; m: 49.26029541)
