DC-Build-Header: ruby-rmagick 2.15.4+dfsg-2 / 2016-08-29 17:03:24 +0000
DC-Task: type:rebuild-binarch-only source:ruby-rmagick version:2.15.4+dfsg-2 chroot:unstable esttime:100 logfile:/tmp/ruby-rmagick_2.15.4+dfsg-2_unstable_clang3.8.log modes:clang:binarch-only
DC-Sbuild-call: su user42 -c 'sbuild -n --arch-any --apt-update -d unstable -v  --chroot-setup-commands=/tmp/clang ruby-rmagick_2.15.4+dfsg-2'
sbuild (Debian sbuild) 0.70.0 (03 Aug 2016) on ip-172-31-9-48.eu-central-1.compute.internal

+==============================================================================+
| ruby-rmagick 2.15.4+dfsg-2 (amd64)           Mon, 29 Aug 2016 17:03:24 +0000 |
+==============================================================================+

Package: ruby-rmagick
Version: 2.15.4+dfsg-2
Source Version: 2.15.4+dfsg-2
Distribution: unstable
Machine Architecture: amd64
Host Architecture: amd64
Build Architecture: amd64

I: NOTICE: Log filtering will replace 'var/lib/schroot/mount/unstable-amd64-sbuild-b14d6e40-a05e-42da-b143-ea08d6217ea9' with '<<CHROOT>>'

+------------------------------------------------------------------------------+
| Chroot Setup Commands                                                        |
+------------------------------------------------------------------------------+


/tmp/clang
----------

+ echo 'Entering customization script...'
Entering customization script...
+ CLANG_VERSION=3.8
+ echo 'Install of clang-3.8'
Install of clang-3.8
+ apt-get update
Get:1 http://127.0.0.1:9999/debian unstable InRelease [209 kB]
Get:2 http://127.0.0.1:9999/debian unstable/main Sources.diff/Index [27.9 kB]
Get:3 http://127.0.0.1:9999/debian unstable/main amd64 Packages.diff/Index [27.9 kB]
Get:4 http://127.0.0.1:9999/debian unstable/main Translation-en [5451 kB]
Get:5 http://127.0.0.1:9999/debian unstable/main Sources 2016-08-29-0319.00.pdiff [16.7 kB]
Get:6 http://127.0.0.1:9999/debian unstable/main Sources 2016-08-29-0916.07.pdiff [5442 B]
Get:6 http://127.0.0.1:9999/debian unstable/main Sources 2016-08-29-0916.07.pdiff [5442 B]
Get:7 http://127.0.0.1:9999/debian unstable/main amd64 Packages 2016-08-29-0319.00.pdiff [13.2 kB]
Get:8 http://127.0.0.1:9999/debian unstable/main amd64 Packages 2016-08-29-0916.07.pdiff [3300 B]
Get:8 http://127.0.0.1:9999/debian unstable/main amd64 Packages 2016-08-29-0916.07.pdiff [3300 B]
Fetched 5755 kB in 2s (2036 kB/s)
Reading package lists...
W: No sandbox user '_apt' on the system, can not drop privileges
+ apt-get install --yes --no-install-recommends --force-yes clang-3.8
Reading package lists...
Building dependency tree...
Reading state information...
The following additional packages will be installed:
  libbsd0 libclang-common-3.8-dev libclang1-3.8 libedit2 libffi6 libllvm3.8
  libobjc-6-dev libobjc4
Suggested packages:
  gnustep gnustep-devel clang-3.8-doc
Recommended packages:
  llvm-3.8-dev python
The following NEW packages will be installed:
  clang-3.8 libbsd0 libclang-common-3.8-dev libclang1-3.8 libedit2 libffi6
  libllvm3.8 libobjc-6-dev libobjc4
0 upgraded, 9 newly installed, 0 to remove and 1 not upgraded.
Need to get 38.3 MB of archives.
After this operation, 162 MB of additional disk space will be used.
Get:1 http://127.0.0.1:9999/debian unstable/main amd64 libbsd0 amd64 0.8.3-1 [83.0 kB]
Get:2 http://127.0.0.1:9999/debian unstable/main amd64 libedit2 amd64 3.1-20150325-1+b1 [85.2 kB]
Get:3 http://127.0.0.1:9999/debian unstable/main amd64 libffi6 amd64 3.2.1-4 [20.4 kB]
Get:4 http://127.0.0.1:9999/debian unstable/main amd64 libllvm3.8 amd64 1:3.8.1-9 [10.3 MB]
Get:5 http://127.0.0.1:9999/debian unstable/main amd64 libobjc4 amd64 6.2.0-1 [110 kB]
Get:6 http://127.0.0.1:9999/debian unstable/main amd64 libobjc-6-dev amd64 6.2.0-1 [394 kB]
Get:7 http://127.0.0.1:9999/debian unstable/main amd64 libclang1-3.8 amd64 1:3.8.1-9 [4188 kB]
Get:8 http://127.0.0.1:9999/debian unstable/main amd64 libclang-common-3.8-dev amd64 1:3.8.1-9 [1477 kB]
Get:9 http://127.0.0.1:9999/debian unstable/main amd64 clang-3.8 amd64 1:3.8.1-9 [21.6 MB]
debconf: delaying package configuration, since apt-utils is not installed
Fetched 38.3 MB in 1s (24.1 MB/s)
Selecting previously unselected package libbsd0:amd64.
(Reading database ... (Reading database ... 5%(Reading database ... 10%(Reading database ... 15%(Reading database ... 20%(Reading database ... 25%(Reading database ... 30%(Reading database ... 35%(Reading database ... 40%(Reading database ... 45%(Reading database ... 50%(Reading database ... 55%(Reading database ... 60%(Reading database ... 65%(Reading database ... 70%(Reading database ... 75%(Reading database ... 80%(Reading database ... 85%(Reading database ... 90%(Reading database ... 95%(Reading database ... 100%(Reading database ... 9446 files and directories currently installed.)
Preparing to unpack .../0-libbsd0_0.8.3-1_amd64.deb ...
Unpacking libbsd0:amd64 (0.8.3-1) ...
Selecting previously unselected package libedit2:amd64.
Preparing to unpack .../1-libedit2_3.1-20150325-1+b1_amd64.deb ...
Unpacking libedit2:amd64 (3.1-20150325-1+b1) ...
Selecting previously unselected package libffi6:amd64.
Preparing to unpack .../2-libffi6_3.2.1-4_amd64.deb ...
Unpacking libffi6:amd64 (3.2.1-4) ...
Selecting previously unselected package libllvm3.8:amd64.
Preparing to unpack .../3-libllvm3.8_1%3a3.8.1-9_amd64.deb ...
Unpacking libllvm3.8:amd64 (1:3.8.1-9) ...
Selecting previously unselected package libobjc4:amd64.
Preparing to unpack .../4-libobjc4_6.2.0-1_amd64.deb ...
Unpacking libobjc4:amd64 (6.2.0-1) ...
Selecting previously unselected package libobjc-6-dev:amd64.
Preparing to unpack .../5-libobjc-6-dev_6.2.0-1_amd64.deb ...
Unpacking libobjc-6-dev:amd64 (6.2.0-1) ...
Selecting previously unselected package libclang1-3.8:amd64.
Preparing to unpack .../6-libclang1-3.8_1%3a3.8.1-9_amd64.deb ...
Unpacking libclang1-3.8:amd64 (1:3.8.1-9) ...
Selecting previously unselected package libclang-common-3.8-dev.
Preparing to unpack .../7-libclang-common-3.8-dev_1%3a3.8.1-9_amd64.deb ...
Unpacking libclang-common-3.8-dev (1:3.8.1-9) ...
Selecting previously unselected package clang-3.8.
Preparing to unpack .../8-clang-3.8_1%3a3.8.1-9_amd64.deb ...
Unpacking clang-3.8 (1:3.8.1-9) ...
Setting up libobjc4:amd64 (6.2.0-1) ...
Setting up libbsd0:amd64 (0.8.3-1) ...
Processing triggers for libc-bin (2.23-5) ...
Setting up libobjc-6-dev:amd64 (6.2.0-1) ...
Setting up libffi6:amd64 (3.2.1-4) ...
Setting up libedit2:amd64 (3.1-20150325-1+b1) ...
Setting up libllvm3.8:amd64 (1:3.8.1-9) ...
Setting up libclang-common-3.8-dev (1:3.8.1-9) ...
Setting up libclang1-3.8:amd64 (1:3.8.1-9) ...
Setting up clang-3.8 (1:3.8.1-9) ...
Processing triggers for libc-bin (2.23-5) ...
W: --force-yes is deprecated, use one of the options starting with --allow instead.
W: No sandbox user '_apt' on the system, can not drop privileges
+ echo 'Replace gcc, g++ & cpp by clang'
Replace gcc, g++ & cpp by clang
+ VERSIONS='4.6 4.7 4.8 4.9 5 6'
+ cd /usr/bin
+ for VERSION in '$VERSIONS'
+ rm -f g++-4.6 gcc-4.6 cpp-4.6 gcc
+ ln -s clang++-3.8 g++-4.6
+ ln -s clang-3.8 gcc-4.6
+ ln -s clang-3.8 cpp-4.6
+ ln -s clang-3.8 gcc
+ echo 'gcc-4.6 hold'
+ dpkg --set-selections
dpkg: warning: package not in database at line 1: gcc-4.6
dpkg: warning: found unknown packages; this might mean the available database
is outdated, and needs to be updated through a frontend method
+ echo 'g++-4.6 hold'
+ dpkg --set-selections
dpkg: warning: package not in database at line 1: g++-4.6
dpkg: warning: found unknown packages; this might mean the available database
is outdated, and needs to be updated through a frontend method
+ for VERSION in '$VERSIONS'
+ rm -f g++-4.7 gcc-4.7 cpp-4.7 gcc
+ ln -s clang++-3.8 g++-4.7
+ ln -s clang-3.8 gcc-4.7
+ ln -s clang-3.8 cpp-4.7
+ ln -s clang-3.8 gcc
+ echo 'gcc-4.7 hold'
+ dpkg --set-selections
dpkg: warning: package not in database at line 1: gcc-4.7
dpkg: warning: found unknown packages; this might mean the available database
is outdated, and needs to be updated through a frontend method
+ echo 'g++-4.7 hold'
+ dpkg --set-selections
dpkg: warning: package not in database at line 1: g++-4.7
dpkg: warning: found unknown packages; this might mean the available database
is outdated, and needs to be updated through a frontend method
+ for VERSION in '$VERSIONS'
+ rm -f g++-4.8 gcc-4.8 cpp-4.8 gcc
+ ln -s clang++-3.8 g++-4.8
+ ln -s clang-3.8 gcc-4.8
+ ln -s clang-3.8 cpp-4.8
+ ln -s clang-3.8 gcc
+ echo 'gcc-4.8 hold'
+ dpkg --set-selections
dpkg: warning: package not in database at line 1: gcc-4.8
dpkg: warning: found unknown packages; this might mean the available database
is outdated, and needs to be updated through a frontend method
+ echo 'g++-4.8 hold'
+ dpkg --set-selections
dpkg: warning: package not in database at line 1: g++-4.8
dpkg: warning: found unknown packages; this might mean the available database
is outdated, and needs to be updated through a frontend method
+ for VERSION in '$VERSIONS'
+ rm -f g++-4.9 gcc-4.9 cpp-4.9 gcc
+ ln -s clang++-3.8 g++-4.9
+ ln -s clang-3.8 gcc-4.9
+ ln -s clang-3.8 cpp-4.9
+ ln -s clang-3.8 gcc
+ echo 'gcc-4.9 hold'
+ dpkg --set-selections
dpkg: warning: package not in database at line 1: gcc-4.9
dpkg: warning: found unknown packages; this might mean the available database
is outdated, and needs to be updated through a frontend method
+ echo 'g++-4.9 hold'
+ dpkg --set-selections
dpkg: warning: package not in database at line 1: g++-4.9
dpkg: warning: found unknown packages; this might mean the available database
is outdated, and needs to be updated through a frontend method
+ for VERSION in '$VERSIONS'
+ rm -f g++-5 gcc-5 cpp-5 gcc
+ ln -s clang++-3.8 g++-5
+ ln -s clang-3.8 gcc-5
+ ln -s clang-3.8 cpp-5
+ ln -s clang-3.8 gcc
+ echo 'gcc-5 hold'
+ dpkg --set-selections
+ echo 'g++-5 hold'
+ dpkg --set-selections
+ for VERSION in '$VERSIONS'
+ rm -f g++-6 gcc-6 cpp-6 gcc
+ ln -s clang++-3.8 g++-6
+ ln -s clang-3.8 gcc-6
+ ln -s clang-3.8 cpp-6
+ ln -s clang-3.8 gcc
+ echo 'gcc-6 hold'
+ dpkg --set-selections
+ echo 'g++-6 hold'
+ dpkg --set-selections
+ cd -
/build/ruby-rmagick-aLIwQE
+ echo 'Check if gcc, g++ & cpp are actually clang'
Check if gcc, g++ & cpp are actually clang
+ gcc --version
+ grep clang
+ cpp --version
+ grep clang
+ g++ --version
+ grep clang

I: Finished running '/tmp/clang'.

Finished processing commands.
--------------------------------------------------------------------------------

+------------------------------------------------------------------------------+
| Update chroot                                                                |
+------------------------------------------------------------------------------+

Hit:1 http://127.0.0.1:9999/debian unstable InRelease
Reading package lists...
W: No sandbox user '_apt' on the system, can not drop privileges
Reading package lists...
Building dependency tree...
Reading state information...
Calculating upgrade...
The following packages will be upgraded:
  linux-libc-dev
1 upgraded, 0 newly installed, 0 to remove and 0 not upgraded.
Need to get 1158 kB of archives.
After this operation, 60.4 kB of additional disk space will be used.
Get:1 http://127.0.0.1:9999/debian unstable/main amd64 linux-libc-dev amd64 4.7.2-1 [1158 kB]
debconf: delaying package configuration, since apt-utils is not installed
Fetched 1158 kB in 0s (69.9 MB/s)
(Reading database ... (Reading database ... 5%(Reading database ... 10%(Reading database ... 15%(Reading database ... 20%(Reading database ... 25%(Reading database ... 30%(Reading database ... 35%(Reading database ... 40%(Reading database ... 45%(Reading database ... 50%(Reading database ... 55%(Reading database ... 60%(Reading database ... 65%(Reading database ... 70%(Reading database ... 75%(Reading database ... 80%(Reading database ... 85%(Reading database ... 90%(Reading database ... 95%(Reading database ... 100%(Reading database ... 9769 files and directories currently installed.)
Preparing to unpack .../linux-libc-dev_4.7.2-1_amd64.deb ...
Unpacking linux-libc-dev:amd64 (4.7.2-1) over (4.6.4-1) ...
Setting up linux-libc-dev:amd64 (4.7.2-1) ...
W: No sandbox user '_apt' on the system, can not drop privileges

+------------------------------------------------------------------------------+
| Fetch source files                                                           |
+------------------------------------------------------------------------------+


Check APT
---------

Checking available source versions...

Download source files with APT
------------------------------

Reading package lists...
NOTICE: 'ruby-rmagick' packaging is maintained in the 'Git' version control system at:
https://anonscm.debian.org/git/pkg-ruby-extras/ruby-rmagick.git
Please use:
git clone https://anonscm.debian.org/git/pkg-ruby-extras/ruby-rmagick.git
to retrieve the latest (possibly unreleased) updates to the package.
Need to get 1569 kB of source archives.
Get:1 http://127.0.0.1:9999/debian unstable/main ruby-rmagick 2.15.4+dfsg-2 (dsc) [2349 B]
Get:2 http://127.0.0.1:9999/debian unstable/main ruby-rmagick 2.15.4+dfsg-2 (tar) [1559 kB]
Get:3 http://127.0.0.1:9999/debian unstable/main ruby-rmagick 2.15.4+dfsg-2 (diff) [7936 B]
Fetched 1569 kB in 0s (9557 kB/s)
Download complete and in download only mode
I: NOTICE: Log filtering will replace 'build/ruby-rmagick-aLIwQE/ruby-rmagick-2.15.4+dfsg' with '<<PKGBUILDDIR>>'
I: NOTICE: Log filtering will replace 'build/ruby-rmagick-aLIwQE' with '<<BUILDDIR>>'

+------------------------------------------------------------------------------+
| Install build-essential                                                      |
+------------------------------------------------------------------------------+


Setup apt archive
-----------------

Merged Build-Depends: build-essential, fakeroot
Filtered Build-Depends: build-essential, fakeroot
dpkg-deb: building package 'sbuild-build-depends-core-dummy' in '/<<BUILDDIR>>/resolver-bfRFan/apt_archive/sbuild-build-depends-core-dummy.deb'.
dpkg-scanpackages: warning: Packages in archive but missing from override file:
dpkg-scanpackages: warning:   sbuild-build-depends-core-dummy
dpkg-scanpackages: info: Wrote 1 entries to output Packages file.
Ign:1 copy:/<<BUILDDIR>>/resolver-bfRFan/apt_archive ./ InRelease
Get:2 copy:/<<BUILDDIR>>/resolver-bfRFan/apt_archive ./ Release [957 B]
Ign:3 copy:/<<BUILDDIR>>/resolver-bfRFan/apt_archive ./ Release.gpg
Get:4 copy:/<<BUILDDIR>>/resolver-bfRFan/apt_archive ./ Sources [349 B]
Get:5 copy:/<<BUILDDIR>>/resolver-bfRFan/apt_archive ./ Packages [430 B]
Fetched 1736 B in 0s (0 B/s)
Reading package lists...
W: No sandbox user '_apt' on the system, can not drop privileges
Reading package lists...

Install core build dependencies (apt-based resolver)
----------------------------------------------------

Installing build dependencies
Reading package lists...
Building dependency tree...
Reading state information...
The following NEW packages will be installed:
  sbuild-build-depends-core-dummy
0 upgraded, 1 newly installed, 0 to remove and 0 not upgraded.
Need to get 772 B of archives.
After this operation, 0 B of additional disk space will be used.
Get:1 copy:/<<BUILDDIR>>/resolver-bfRFan/apt_archive ./ sbuild-build-depends-core-dummy 0.invalid.0 [772 B]
debconf: delaying package configuration, since apt-utils is not installed
Fetched 772 B in 0s (0 B/s)
Selecting previously unselected package sbuild-build-depends-core-dummy.
(Reading database ... 9775 files and directories currently installed.)
Preparing to unpack .../sbuild-build-depends-core-dummy_0.invalid.0_amd64.deb ...
Unpacking sbuild-build-depends-core-dummy (0.invalid.0) ...
Setting up sbuild-build-depends-core-dummy (0.invalid.0) ...
W: No sandbox user '_apt' on the system, can not drop privileges

+------------------------------------------------------------------------------+
| Check architectures                                                          |
+------------------------------------------------------------------------------+

Arch check ok (amd64 included in any all)

+------------------------------------------------------------------------------+
| Install package build dependencies                                           |
+------------------------------------------------------------------------------+


Setup apt archive
-----------------

Merged Build-Depends: debhelper (>= 9~), dpkg-dev (>= 1.16.1~), gem2deb, ghostscript, gsfonts, libmagickcore-dev (>= 7:6.6.0.4-2~), libmagickwand-dev, libwmf-bin, rake, ruby-rspec, ruby-setup
Filtered Build-Depends: debhelper (>= 9~), dpkg-dev (>= 1.16.1~), gem2deb, ghostscript, gsfonts, libmagickcore-dev (>= 7:6.6.0.4-2~), libmagickwand-dev, libwmf-bin, rake, ruby-rspec, ruby-setup
dpkg-deb: building package 'sbuild-build-depends-ruby-rmagick-dummy' in '/<<BUILDDIR>>/resolver-dHEP9y/apt_archive/sbuild-build-depends-ruby-rmagick-dummy.deb'.
dpkg-scanpackages: warning: Packages in archive but missing from override file:
dpkg-scanpackages: warning:   sbuild-build-depends-ruby-rmagick-dummy
dpkg-scanpackages: info: Wrote 1 entries to output Packages file.
Ign:1 copy:/<<BUILDDIR>>/resolver-dHEP9y/apt_archive ./ InRelease
Get:2 copy:/<<BUILDDIR>>/resolver-dHEP9y/apt_archive ./ Release [957 B]
Ign:3 copy:/<<BUILDDIR>>/resolver-dHEP9y/apt_archive ./ Release.gpg
Get:4 copy:/<<BUILDDIR>>/resolver-dHEP9y/apt_archive ./ Sources [432 B]
Get:5 copy:/<<BUILDDIR>>/resolver-dHEP9y/apt_archive ./ Packages [517 B]
Fetched 1906 B in 0s (0 B/s)
Reading package lists...
W: No sandbox user '_apt' on the system, can not drop privileges
Reading package lists...

Install ruby-rmagick build dependencies (apt-based resolver)
------------------------------------------------------------

Installing build dependencies
Reading package lists...
Building dependency tree...
Reading state information...
The following additional packages will be installed:
  autoconf automake autopoint autotools-dev bsdmainutils ca-certificates
  debhelper devscripts dh-autoreconf dh-python dh-strip-nondeterminism file
  fontconfig fontconfig-config fonts-dejavu-core gem2deb gem2deb-test-runner
  gettext gettext-base ghostscript gir1.2-freedesktop gir1.2-gdkpixbuf-2.0
  gir1.2-glib-2.0 gir1.2-rsvg-2.0 gnome-icon-theme groff-base gsfonts
  gtk-update-icon-cache hicolor-icon-theme icu-devtools imagemagick-common
  intltool-debian libarchive-zip-perl libatk1.0-0 libatk1.0-data
  libavahi-client3 libavahi-common-data libavahi-common3 libbz2-dev
  libcairo-gobject2 libcairo-script-interpreter2 libcairo2 libcairo2-dev
  libcdt5 libcgraph6 libcroco3 libcups2 libcupsfilters1 libcupsimage2
  libdatrie1 libdbus-1-3 libdjvulibre-dev libdjvulibre-text libdjvulibre21
  libelf1 libexif-dev libexif12 libexpat1 libexpat1-dev libfftw3-double3
  libfile-stripnondeterminism-perl libfontconfig1 libfontconfig1-dev
  libfreetype6 libfreetype6-dev libgd3 libgdk-pixbuf2.0-0
  libgdk-pixbuf2.0-common libgdk-pixbuf2.0-dev libgirepository-1.0-1
  libglib2.0-0 libglib2.0-bin libglib2.0-data libglib2.0-dev libgmp-dev
  libgmpxx4ldbl libgnutls30 libgraphite2-3 libgraphviz-dev libgs9
  libgs9-common libgssapi-krb5-2 libgtk2.0-0 libgtk2.0-common libgts-0.7-5
  libgvc6 libgvc6-plugins-gtk libgvpr2 libharfbuzz0b libhogweed4 libice-dev
  libice6 libicu-dev libicu57 libidn11 libijs-0.35 libilmbase-dev libilmbase12
  libjbig-dev libjbig0 libjbig2dec0 libjpeg-dev libjpeg62-turbo
  libjpeg62-turbo-dev libjs-jquery libk5crypto3 libkeyutils1 libkrb5-3
  libkrb5support0 liblcms2-2 liblcms2-dev libldap-2.4-2 liblqr-1-0
  liblqr-1-0-dev libltdl-dev libltdl7 liblzma-dev liblzo2-2 libmagic-mgc
  libmagic1 libmagickcore-6-arch-config libmagickcore-6-headers
  libmagickcore-6.q16-2 libmagickcore-6.q16-2-extra libmagickcore-6.q16-dev
  libmagickcore-dev libmagickwand-6-headers libmagickwand-6.q16-2
  libmagickwand-6.q16-dev libmagickwand-dev libmpdec2 libnettle6
  libopenexr-dev libopenexr22 libopenjp2-7 libp11-kit0 libpango-1.0-0
  libpangocairo-1.0-0 libpangoft2-1.0-0 libpaper1 libpathplan4 libpcre16-3
  libpcre3-dev libpcre32-3 libpcrecpp0v5 libpipeline1 libpixman-1-0
  libpixman-1-dev libpng-dev libpng16-16 libpthread-stubs0-dev
  libpython3-stdlib libpython3.5-minimal libpython3.5-stdlib libreadline6
  librsvg2-2 librsvg2-common librsvg2-dev libruby2.3 libsasl2-2
  libsasl2-modules-db libsigsegv2 libsm-dev libsm6 libsqlite3-0 libssl1.0.2
  libtasn1-6 libthai-data libthai0 libtiff5 libtiff5-dev libtiffxx5
  libtimedate-perl libtool libunistring0 libwebp6 libwmf-bin libwmf-dev
  libwmf0.2-7 libx11-6 libx11-data libx11-dev libxau-dev libxau6
  libxcb-render0 libxcb-render0-dev libxcb-shm0 libxcb-shm0-dev libxcb1
  libxcb1-dev libxcomposite1 libxcursor1 libxdamage1 libxdmcp-dev libxdmcp6
  libxdot4 libxext-dev libxext6 libxfixes3 libxi6 libxinerama1 libxml2
  libxml2-dev libxpm4 libxrandr2 libxrender-dev libxrender1 libxt-dev libxt6
  libyaml-0-2 lsb-base m4 man-db mime-support openssl pkg-config po-debconf
  poppler-data python3 python3-minimal python3.5 python3.5-minimal rake
  readline-common ruby ruby-all-dev ruby-did-you-mean ruby-diff-lcs
  ruby-minitest ruby-net-telnet ruby-power-assert ruby-rspec ruby-rspec-core
  ruby-rspec-expectations ruby-rspec-mocks ruby-rspec-support ruby-setup
  ruby-test-unit ruby-thread-order ruby2.3 ruby2.3-dev rubygems-integration
  shared-mime-info ucf x11-common x11proto-core-dev x11proto-input-dev
  x11proto-kb-dev x11proto-render-dev x11proto-xext-dev xorg-sgml-doctools
  xtrans-dev zlib1g-dev
Suggested packages:
  autoconf-archive gnu-standards autoconf-doc wamerican | wordlist whois
  vacation dh-make bsd-mailx | mailx cvs-buildpackage diffoscope devscripts-el
  dose-extra gnuplot libauthen-sasl-perl libfile-desktopentry-perl
  libnet-smtp-ssl-perl libterm-size-perl libyaml-syck-perl mozilla-devscripts
  mutt reprotest ssh-client svn-buildpackage w3m gettext-doc libasprintf-dev
  libgettextpo-dev ghostscript-x groff libcairo2-doc cups-common libfftw3-bin
  libfftw3-dev libgd-tools libglib2.0-doc gmp-doc libgmp10-doc libmpfr-dev
  gnutls-bin krb5-doc krb5-user gvfs libice-doc icu-doc liblcms2-utils
  libtool-doc liblzma-doc inkscape librsvg2-bin librsvg2-doc libsm-doc
  gfortran | fortran95-compiler gcj-jdk libwmf-doc libxcb-doc libxext-doc
  libxt-doc less www-browser libmail-box-perl poppler-utils
  fonts-japanese-mincho | fonts-ipafont-mincho fonts-japanese-gothic
  | fonts-ipafont-gothic fonts-arphic-ukai fonts-arphic-uming fonts-nanum
  python3-doc python3-tk python3-venv python3.5-venv python3.5-doc
  binfmt-support readline-doc ri ruby-dev bundler
Recommended packages:
  at dctrl-tools dput | dupload gnupg | gnupg2 libdistro-info-perl
  libencode-locale-perl liburi-perl libwww-perl licensecheck lintian
  patchutils python3-debian python3-magic strace unzip wdiff wget | curl
  debian-keyring equivs liblwp-protocol-https-perl libsoap-lite-perl apt-file
  curl | wget | lynx-cur bzip2-doc dbus xdg-user-dirs fonts-droid-fallback
  libgail-common libgtk2.0-bin libgts-bin javascript-common krb5-locales
  libpaper-utils libpng-tools libsasl2-modules libx11-doc xml-core
  libmail-sendmail-perl zip fonts-lato
The following NEW packages will be installed:
  autoconf automake autopoint autotools-dev bsdmainutils ca-certificates
  debhelper devscripts dh-autoreconf dh-python dh-strip-nondeterminism file
  fontconfig fontconfig-config fonts-dejavu-core gem2deb gem2deb-test-runner
  gettext gettext-base ghostscript gir1.2-freedesktop gir1.2-gdkpixbuf-2.0
  gir1.2-glib-2.0 gir1.2-rsvg-2.0 gnome-icon-theme groff-base gsfonts
  gtk-update-icon-cache hicolor-icon-theme icu-devtools imagemagick-common
  intltool-debian libarchive-zip-perl libatk1.0-0 libatk1.0-data
  libavahi-client3 libavahi-common-data libavahi-common3 libbz2-dev
  libcairo-gobject2 libcairo-script-interpreter2 libcairo2 libcairo2-dev
  libcdt5 libcgraph6 libcroco3 libcups2 libcupsfilters1 libcupsimage2
  libdatrie1 libdbus-1-3 libdjvulibre-dev libdjvulibre-text libdjvulibre21
  libelf1 libexif-dev libexif12 libexpat1 libexpat1-dev libfftw3-double3
  libfile-stripnondeterminism-perl libfontconfig1 libfontconfig1-dev
  libfreetype6 libfreetype6-dev libgd3 libgdk-pixbuf2.0-0
  libgdk-pixbuf2.0-common libgdk-pixbuf2.0-dev libgirepository-1.0-1
  libglib2.0-0 libglib2.0-bin libglib2.0-data libglib2.0-dev libgmp-dev
  libgmpxx4ldbl libgnutls30 libgraphite2-3 libgraphviz-dev libgs9
  libgs9-common libgssapi-krb5-2 libgtk2.0-0 libgtk2.0-common libgts-0.7-5
  libgvc6 libgvc6-plugins-gtk libgvpr2 libharfbuzz0b libhogweed4 libice-dev
  libice6 libicu-dev libicu57 libidn11 libijs-0.35 libilmbase-dev libilmbase12
  libjbig-dev libjbig0 libjbig2dec0 libjpeg-dev libjpeg62-turbo
  libjpeg62-turbo-dev libjs-jquery libk5crypto3 libkeyutils1 libkrb5-3
  libkrb5support0 liblcms2-2 liblcms2-dev libldap-2.4-2 liblqr-1-0
  liblqr-1-0-dev libltdl-dev libltdl7 liblzma-dev liblzo2-2 libmagic-mgc
  libmagic1 libmagickcore-6-arch-config libmagickcore-6-headers
  libmagickcore-6.q16-2 libmagickcore-6.q16-2-extra libmagickcore-6.q16-dev
  libmagickcore-dev libmagickwand-6-headers libmagickwand-6.q16-2
  libmagickwand-6.q16-dev libmagickwand-dev libmpdec2 libnettle6
  libopenexr-dev libopenexr22 libopenjp2-7 libp11-kit0 libpango-1.0-0
  libpangocairo-1.0-0 libpangoft2-1.0-0 libpaper1 libpathplan4 libpcre16-3
  libpcre3-dev libpcre32-3 libpcrecpp0v5 libpipeline1 libpixman-1-0
  libpixman-1-dev libpng-dev libpng16-16 libpthread-stubs0-dev
  libpython3-stdlib libpython3.5-minimal libpython3.5-stdlib libreadline6
  librsvg2-2 librsvg2-common librsvg2-dev libruby2.3 libsasl2-2
  libsasl2-modules-db libsigsegv2 libsm-dev libsm6 libsqlite3-0 libssl1.0.2
  libtasn1-6 libthai-data libthai0 libtiff5 libtiff5-dev libtiffxx5
  libtimedate-perl libtool libunistring0 libwebp6 libwmf-bin libwmf-dev
  libwmf0.2-7 libx11-6 libx11-data libx11-dev libxau-dev libxau6
  libxcb-render0 libxcb-render0-dev libxcb-shm0 libxcb-shm0-dev libxcb1
  libxcb1-dev libxcomposite1 libxcursor1 libxdamage1 libxdmcp-dev libxdmcp6
  libxdot4 libxext-dev libxext6 libxfixes3 libxi6 libxinerama1 libxml2
  libxml2-dev libxpm4 libxrandr2 libxrender-dev libxrender1 libxt-dev libxt6
  libyaml-0-2 lsb-base m4 man-db mime-support openssl pkg-config po-debconf
  poppler-data python3 python3-minimal python3.5 python3.5-minimal rake
  readline-common ruby ruby-all-dev ruby-did-you-mean ruby-diff-lcs
  ruby-minitest ruby-net-telnet ruby-power-assert ruby-rspec ruby-rspec-core
  ruby-rspec-expectations ruby-rspec-mocks ruby-rspec-support ruby-setup
  ruby-test-unit ruby-thread-order ruby2.3 ruby2.3-dev rubygems-integration
  sbuild-build-depends-ruby-rmagick-dummy shared-mime-info ucf x11-common
  x11proto-core-dev x11proto-input-dev x11proto-kb-dev x11proto-render-dev
  x11proto-xext-dev xorg-sgml-doctools xtrans-dev zlib1g-dev
0 upgraded, 254 newly installed, 0 to remove and 0 not upgraded.
Need to get 131 MB of archives.
After this operation, 457 MB of additional disk space will be used.
Get:1 copy:/<<BUILDDIR>>/resolver-dHEP9y/apt_archive ./ sbuild-build-depends-ruby-rmagick-dummy 0.invalid.0 [864 B]
Get:2 http://127.0.0.1:9999/debian unstable/main amd64 groff-base amd64 1.22.3-8 [1162 kB]
Get:3 http://127.0.0.1:9999/debian unstable/main amd64 bsdmainutils amd64 9.0.10 [184 kB]
Get:4 http://127.0.0.1:9999/debian unstable/main amd64 libpipeline1 amd64 1.4.1-2 [27.6 kB]
Get:5 http://127.0.0.1:9999/debian unstable/main amd64 man-db amd64 2.7.5-1 [1003 kB]
Get:6 http://127.0.0.1:9999/debian unstable/main amd64 libexpat1 amd64 2.2.0-1 [82.0 kB]
Get:7 http://127.0.0.1:9999/debian unstable/main amd64 libpng16-16 amd64 1.6.24-2 [279 kB]
Get:8 http://127.0.0.1:9999/debian unstable/main amd64 libfreetype6 amd64 2.6.3-3+b1 [437 kB]
Get:9 http://127.0.0.1:9999/debian unstable/main amd64 ucf all 3.0036 [70.2 kB]
Get:10 http://127.0.0.1:9999/debian unstable/main amd64 fonts-dejavu-core all 2.37-1 [1068 kB]
Get:11 http://127.0.0.1:9999/debian unstable/main amd64 fontconfig-config all 2.11.0-6.7 [271 kB]
Get:12 http://127.0.0.1:9999/debian unstable/main amd64 libfontconfig1 amd64 2.11.0-6.7 [331 kB]
Get:13 http://127.0.0.1:9999/debian unstable/main amd64 fontconfig amd64 2.11.0-6.7 [403 kB]
Get:14 http://127.0.0.1:9999/debian unstable/main amd64 imagemagick-common all 8:6.8.9.9-7.2 [149 kB]
Get:15 http://127.0.0.1:9999/debian unstable/main amd64 libexif12 amd64 0.6.21-2 [324 kB]
Get:16 http://127.0.0.1:9999/debian unstable/main amd64 libfftw3-double3 amd64 3.3.4-2+b1 [731 kB]
Get:17 http://127.0.0.1:9999/debian unstable/main amd64 libglib2.0-0 amd64 2.48.1-3 [2707 kB]
Get:18 http://127.0.0.1:9999/debian unstable/main amd64 libgts-0.7-5 amd64 0.7.6+darcs121130-1.2 [158 kB]
Get:19 http://127.0.0.1:9999/debian unstable/main amd64 lsb-base all 9.20160629 [27.6 kB]
Get:20 http://127.0.0.1:9999/debian unstable/main amd64 x11-common all 1:7.7+16 [251 kB]
Get:21 http://127.0.0.1:9999/debian unstable/main amd64 libice6 amd64 2:1.0.9-1+b1 [58.8 kB]
Get:22 http://127.0.0.1:9999/debian unstable/main amd64 liblqr-1-0 amd64 0.4.2-2 [24.6 kB]
Get:23 http://127.0.0.1:9999/debian unstable/main amd64 liblzo2-2 amd64 2.08-1.2 [54.6 kB]
Get:24 http://127.0.0.1:9999/debian unstable/main amd64 libmagickcore-6-arch-config amd64 8:6.8.9.9-7.2 [130 kB]
Get:25 http://127.0.0.1:9999/debian unstable/main amd64 libmagickcore-6-headers all 8:6.8.9.9-7.2 [168 kB]
Get:26 http://127.0.0.1:9999/debian unstable/main amd64 libjbig0 amd64 2.1-3.1 [30.7 kB]
Get:27 http://127.0.0.1:9999/debian unstable/main amd64 libjpeg62-turbo amd64 1:1.5.0-1 [132 kB]
Get:28 http://127.0.0.1:9999/debian unstable/main amd64 liblcms2-2 amd64 2.7-1 [140 kB]
Get:29 http://127.0.0.1:9999/debian unstable/main amd64 libltdl7 amd64 2.4.6-2 [389 kB]
Get:30 http://127.0.0.1:9999/debian unstable/main amd64 libtiff5 amd64 4.0.6-2 [222 kB]
Get:31 http://127.0.0.1:9999/debian unstable/main amd64 libxau6 amd64 1:1.0.8-1 [20.7 kB]
Get:32 http://127.0.0.1:9999/debian unstable/main amd64 libxdmcp6 amd64 1:1.1.2-1.1 [26.2 kB]
Get:33 http://127.0.0.1:9999/debian unstable/main amd64 libxcb1 amd64 1.11.1-1.1 [45.3 kB]
Get:34 http://127.0.0.1:9999/debian unstable/main amd64 libx11-data all 2:1.6.3-1 [128 kB]
Get:35 http://127.0.0.1:9999/debian unstable/main amd64 libx11-6 amd64 2:1.6.3-1 [742 kB]
Get:36 http://127.0.0.1:9999/debian unstable/main amd64 libxext6 amd64 2:1.3.3-1 [52.7 kB]
Get:37 http://127.0.0.1:9999/debian unstable/main amd64 libicu57 amd64 57.1-3 [7676 kB]
Get:38 http://127.0.0.1:9999/debian unstable/main amd64 libxml2 amd64 2.9.4+dfsg1-1+b1 [919 kB]
Get:39 http://127.0.0.1:9999/debian unstable/main amd64 libmagickcore-6.q16-2 amd64 8:6.8.9.9-7.2 [1680 kB]
Get:40 http://127.0.0.1:9999/debian unstable/main amd64 libmagickwand-6.q16-2 amd64 8:6.8.9.9-7.2 [401 kB]
Get:41 http://127.0.0.1:9999/debian unstable/main amd64 libilmbase12 amd64 2.2.0-11 [76.9 kB]
Get:42 http://127.0.0.1:9999/debian unstable/main amd64 libilmbase-dev amd64 2.2.0-11 [76.4 kB]
Get:43 http://127.0.0.1:9999/debian unstable/main amd64 libopenexr22 amd64 2.2.0-11 [595 kB]
Get:44 http://127.0.0.1:9999/debian unstable/main amd64 libopenexr-dev amd64 2.2.0-11 [718 kB]
Get:45 http://127.0.0.1:9999/debian unstable/main amd64 libpaper1 amd64 1.1.24+nmu4 [22.0 kB]
Get:46 http://127.0.0.1:9999/debian unstable/main amd64 libpcrecpp0v5 amd64 2:8.39-2 [151 kB]
Get:47 http://127.0.0.1:9999/debian unstable/main amd64 libsm6 amd64 2:1.2.2-1+b1 [33.6 kB]
Get:48 http://127.0.0.1:9999/debian unstable/main amd64 libxcomposite1 amd64 1:0.4.4-1 [17.4 kB]
Get:49 http://127.0.0.1:9999/debian unstable/main amd64 libxfixes3 amd64 1:5.0.2-1 [21.3 kB]
Get:50 http://127.0.0.1:9999/debian unstable/main amd64 libxrender1 amd64 1:0.9.9-2 [31.8 kB]
Get:51 http://127.0.0.1:9999/debian unstable/main amd64 libxcursor1 amd64 1:1.1.14-1+b1 [35.1 kB]
Get:52 http://127.0.0.1:9999/debian unstable/main amd64 libxdamage1 amd64 1:1.1.4-2+b1 [14.7 kB]
Get:53 http://127.0.0.1:9999/debian unstable/main amd64 libxinerama1 amd64 2:1.1.3-1+b1 [16.9 kB]
Get:54 http://127.0.0.1:9999/debian unstable/main amd64 libxpm4 amd64 1:3.5.11-1+b1 [48.1 kB]
Get:55 http://127.0.0.1:9999/debian unstable/main amd64 libyaml-0-2 amd64 0.1.6-3 [50.4 kB]
Get:56 http://127.0.0.1:9999/debian unstable/main amd64 poppler-data all 0.4.7-7 [1466 kB]
Get:57 http://127.0.0.1:9999/debian unstable/main amd64 libssl1.0.2 amd64 1.0.2h-1 [1287 kB]
Get:58 http://127.0.0.1:9999/debian unstable/main amd64 libpython3.5-minimal amd64 3.5.2-3 [568 kB]
Get:59 http://127.0.0.1:9999/debian unstable/main amd64 python3.5-minimal amd64 3.5.2-3 [1644 kB]
Get:60 http://127.0.0.1:9999/debian unstable/main amd64 python3-minimal amd64 3.5.1-4 [35.3 kB]
Get:61 http://127.0.0.1:9999/debian unstable/main amd64 mime-support all 3.60 [36.7 kB]
Get:62 http://127.0.0.1:9999/debian unstable/main amd64 libmpdec2 amd64 2.4.2-1 [85.2 kB]
Get:63 http://127.0.0.1:9999/debian unstable/main amd64 readline-common all 6.3-8 [57.7 kB]
Get:64 http://127.0.0.1:9999/debian unstable/main amd64 libreadline6 amd64 6.3-8+b4 [142 kB]
Get:65 http://127.0.0.1:9999/debian unstable/main amd64 libsqlite3-0 amd64 3.14.1-1 [559 kB]
Get:66 http://127.0.0.1:9999/debian unstable/main amd64 libpython3.5-stdlib amd64 3.5.2-3 [2126 kB]
Get:67 http://127.0.0.1:9999/debian unstable/main amd64 python3.5 amd64 3.5.2-3 [214 kB]
Get:68 http://127.0.0.1:9999/debian unstable/main amd64 libpython3-stdlib amd64 3.5.1-4 [18.6 kB]
Get:69 http://127.0.0.1:9999/debian unstable/main amd64 dh-python all 2.20160818 [83.0 kB]
Get:70 http://127.0.0.1:9999/debian unstable/main amd64 python3 amd64 3.5.1-4 [21.6 kB]
Get:71 http://127.0.0.1:9999/debian unstable/main amd64 libmagic-mgc amd64 1:5.28-4 [210 kB]
Get:72 http://127.0.0.1:9999/debian unstable/main amd64 libmagic1 amd64 1:5.28-4 [109 kB]
Get:73 http://127.0.0.1:9999/debian unstable/main amd64 file amd64 1:5.28-4 [62.9 kB]
Get:74 http://127.0.0.1:9999/debian unstable/main amd64 gettext-base amd64 0.19.8.1-1 [121 kB]
Get:75 http://127.0.0.1:9999/debian unstable/main amd64 libnettle6 amd64 3.2-1 [191 kB]
Get:76 http://127.0.0.1:9999/debian unstable/main amd64 libhogweed4 amd64 3.2-1 [136 kB]
Get:77 http://127.0.0.1:9999/debian unstable/main amd64 libidn11 amd64 1.33-1 [115 kB]
Get:78 http://127.0.0.1:9999/debian unstable/main amd64 libp11-kit0 amd64 0.23.2-5 [111 kB]
Get:79 http://127.0.0.1:9999/debian unstable/main amd64 libtasn1-6 amd64 4.9-4 [50.0 kB]
Get:80 http://127.0.0.1:9999/debian unstable/main amd64 libgnutls30 amd64 3.5.3-3 [801 kB]
Get:81 http://127.0.0.1:9999/debian unstable/main amd64 libkeyutils1 amd64 1.5.9-9 [12.4 kB]
Get:82 http://127.0.0.1:9999/debian unstable/main amd64 libkrb5support0 amd64 1.14.3+dfsg-1 [61.0 kB]
Get:83 http://127.0.0.1:9999/debian unstable/main amd64 libk5crypto3 amd64 1.14.3+dfsg-1 [115 kB]
Get:84 http://127.0.0.1:9999/debian unstable/main amd64 libkrb5-3 amd64 1.14.3+dfsg-1 [311 kB]
Get:85 http://127.0.0.1:9999/debian unstable/main amd64 libgssapi-krb5-2 amd64 1.14.3+dfsg-1 [154 kB]
Get:86 http://127.0.0.1:9999/debian unstable/main amd64 libsasl2-modules-db amd64 2.1.26.dfsg1-15 [66.9 kB]
Get:87 http://127.0.0.1:9999/debian unstable/main amd64 libsasl2-2 amd64 2.1.26.dfsg1-15 [103 kB]
Get:88 http://127.0.0.1:9999/debian unstable/main amd64 libldap-2.4-2 amd64 2.4.42+dfsg-2+b2 [222 kB]
Get:89 http://127.0.0.1:9999/debian unstable/main amd64 libsigsegv2 amd64 2.10-5 [28.9 kB]
Get:90 http://127.0.0.1:9999/debian unstable/main amd64 m4 amd64 1.4.17-5 [255 kB]
Get:91 http://127.0.0.1:9999/debian unstable/main amd64 autoconf all 2.69-10 [338 kB]
Get:92 http://127.0.0.1:9999/debian unstable/main amd64 autotools-dev all 20160430.1 [72.6 kB]
Get:93 http://127.0.0.1:9999/debian unstable/main amd64 automake all 1:1.15-4 [735 kB]
Get:94 http://127.0.0.1:9999/debian unstable/main amd64 autopoint all 0.19.8.1-1 [433 kB]
Get:95 http://127.0.0.1:9999/debian unstable/main amd64 openssl amd64 1.0.2h-1 [681 kB]
Get:96 http://127.0.0.1:9999/debian unstable/main amd64 ca-certificates all 20160104 [200 kB]
Get:97 http://127.0.0.1:9999/debian unstable/main amd64 libcroco3 amd64 0.6.11-1 [143 kB]
Get:98 http://127.0.0.1:9999/debian unstable/main amd64 libunistring0 amd64 0.9.6+really0.9.3-0.1 [279 kB]
Get:99 http://127.0.0.1:9999/debian unstable/main amd64 gettext amd64 0.19.8.1-1 [1493 kB]
Get:100 http://127.0.0.1:9999/debian unstable/main amd64 intltool-debian all 0.35.0+20060710.4 [26.3 kB]
Get:101 http://127.0.0.1:9999/debian unstable/main amd64 po-debconf all 1.0.19 [249 kB]
Get:102 http://127.0.0.1:9999/debian unstable/main amd64 libarchive-zip-perl all 1.59-1 [95.5 kB]
Get:103 http://127.0.0.1:9999/debian unstable/main amd64 libfile-stripnondeterminism-perl all 0.023-2 [13.4 kB]
Get:104 http://127.0.0.1:9999/debian unstable/main amd64 libtimedate-perl all 2.3000-2 [42.2 kB]
Get:105 http://127.0.0.1:9999/debian unstable/main amd64 dh-strip-nondeterminism all 0.023-2 [8202 B]
Get:106 http://127.0.0.1:9999/debian unstable/main amd64 libtool all 2.4.6-2 [545 kB]
Get:107 http://127.0.0.1:9999/debian unstable/main amd64 dh-autoreconf all 12 [15.8 kB]
Get:108 http://127.0.0.1:9999/debian unstable/main amd64 debhelper all 9.20160814 [800 kB]
Get:109 http://127.0.0.1:9999/debian unstable/main amd64 devscripts amd64 2.16.7 [925 kB]
Get:110 http://127.0.0.1:9999/debian unstable/main amd64 rubygems-integration all 1.10 [4882 B]
Get:111 http://127.0.0.1:9999/debian unstable/main amd64 ruby-did-you-mean all 1.0.0-2 [11.2 kB]
Get:112 http://127.0.0.1:9999/debian unstable/main amd64 ruby-minitest all 5.9.0-1 [51.1 kB]
Get:113 http://127.0.0.1:9999/debian unstable/main amd64 ruby-net-telnet all 0.1.1-2 [12.5 kB]
Get:114 http://127.0.0.1:9999/debian unstable/main amd64 ruby-power-assert all 0.3.0-1 [7902 B]
Get:115 http://127.0.0.1:9999/debian unstable/main amd64 ruby-test-unit all 3.1.7-2 [69.6 kB]
Get:116 http://127.0.0.1:9999/debian unstable/main amd64 libruby2.3 amd64 2.3.1-5 [3093 kB]
Get:117 http://127.0.0.1:9999/debian unstable/main amd64 ruby2.3 amd64 2.3.1-5 [178 kB]
Get:118 http://127.0.0.1:9999/debian unstable/main amd64 ruby amd64 1:2.3.0+4 [10.5 kB]
Get:119 http://127.0.0.1:9999/debian unstable/main amd64 rake all 10.5.0-2 [49.4 kB]
Get:120 http://127.0.0.1:9999/debian unstable/main amd64 gem2deb-test-runner amd64 0.32 [20.0 kB]
Get:121 http://127.0.0.1:9999/debian unstable/main amd64 libgmpxx4ldbl amd64 2:6.1.1+dfsg-1 [22.3 kB]
Get:122 http://127.0.0.1:9999/debian unstable/main amd64 libgmp-dev amd64 2:6.1.1+dfsg-1 [629 kB]
Get:123 http://127.0.0.1:9999/debian unstable/main amd64 ruby2.3-dev amd64 2.3.1-5 [1170 kB]
Get:124 http://127.0.0.1:9999/debian unstable/main amd64 ruby-all-dev amd64 1:2.3.0+4 [9996 B]
Get:125 http://127.0.0.1:9999/debian unstable/main amd64 ruby-setup all 3.4.1-9 [34.2 kB]
Get:126 http://127.0.0.1:9999/debian unstable/main amd64 gem2deb amd64 0.32 [56.0 kB]
Get:127 http://127.0.0.1:9999/debian unstable/main amd64 libavahi-common-data amd64 0.6.32-1 [118 kB]
Get:128 http://127.0.0.1:9999/debian unstable/main amd64 libavahi-common3 amd64 0.6.32-1 [52.1 kB]
Get:129 http://127.0.0.1:9999/debian unstable/main amd64 libdbus-1-3 amd64 1.10.10-1 [190 kB]
Get:130 http://127.0.0.1:9999/debian unstable/main amd64 libavahi-client3 amd64 0.6.32-1 [55.4 kB]
Get:131 http://127.0.0.1:9999/debian unstable/main amd64 libcups2 amd64 2.1.4-4 [299 kB]
Get:132 http://127.0.0.1:9999/debian unstable/main amd64 libcupsfilters1 amd64 1.10.0-1 [126 kB]
Get:133 http://127.0.0.1:9999/debian unstable/main amd64 libcupsimage2 amd64 2.1.4-4 [120 kB]
Get:134 http://127.0.0.1:9999/debian unstable/main amd64 libijs-0.35 amd64 0.35-12 [18.4 kB]
Get:135 http://127.0.0.1:9999/debian unstable/main amd64 libjbig2dec0 amd64 0.13-3 [59.8 kB]
Get:136 http://127.0.0.1:9999/debian unstable/main amd64 libopenjp2-7 amd64 2.1.1-1 [120 kB]
Get:137 http://127.0.0.1:9999/debian unstable/main amd64 libgs9-common all 9.19~dfsg-2 [3030 kB]
Get:138 http://127.0.0.1:9999/debian unstable/main amd64 libgs9 amd64 9.19~dfsg-2 [2067 kB]
Get:139 http://127.0.0.1:9999/debian unstable/main amd64 ghostscript amd64 9.19~dfsg-2 [95.8 kB]
Get:140 http://127.0.0.1:9999/debian unstable/main amd64 libgirepository-1.0-1 amd64 1.48.0-3 [96.4 kB]
Get:141 http://127.0.0.1:9999/debian unstable/main amd64 gir1.2-glib-2.0 amd64 1.48.0-3 [146 kB]
Get:142 http://127.0.0.1:9999/debian unstable/main amd64 libpixman-1-0 amd64 0.33.6-1 [532 kB]
Get:143 http://127.0.0.1:9999/debian unstable/main amd64 libxcb-render0 amd64 1.11.1-1.1 [17.5 kB]
Get:144 http://127.0.0.1:9999/debian unstable/main amd64 libxcb-shm0 amd64 1.11.1-1.1 [11.6 kB]
Get:145 http://127.0.0.1:9999/debian unstable/main amd64 libcairo2 amd64 1.14.6-1+b1 [767 kB]
Get:146 http://127.0.0.1:9999/debian unstable/main amd64 libcairo-gobject2 amd64 1.14.6-1+b1 [333 kB]
Get:147 http://127.0.0.1:9999/debian unstable/main amd64 gir1.2-freedesktop amd64 1.48.0-3 [22.9 kB]
Get:148 http://127.0.0.1:9999/debian unstable/main amd64 shared-mime-info amd64 1.6-1 [685 kB]
Get:149 http://127.0.0.1:9999/debian unstable/main amd64 libgdk-pixbuf2.0-common all 2.34.0-1 [309 kB]
Get:150 http://127.0.0.1:9999/debian unstable/main amd64 libgdk-pixbuf2.0-0 amd64 2.34.0-1 [164 kB]
Get:151 http://127.0.0.1:9999/debian unstable/main amd64 gir1.2-gdkpixbuf-2.0 amd64 2.34.0-1 [19.7 kB]
Get:152 http://127.0.0.1:9999/debian unstable/main amd64 libthai-data all 0.1.25-1 [165 kB]
Get:153 http://127.0.0.1:9999/debian unstable/main amd64 libdatrie1 amd64 0.2.10-2 [35.8 kB]
Get:154 http://127.0.0.1:9999/debian unstable/main amd64 libthai0 amd64 0.1.25-1 [51.6 kB]
Get:155 http://127.0.0.1:9999/debian unstable/main amd64 libpango-1.0-0 amd64 1.40.1-1 [311 kB]
Get:156 http://127.0.0.1:9999/debian unstable/main amd64 libgraphite2-3 amd64 1.3.8-1 [76.4 kB]
Get:157 http://127.0.0.1:9999/debian unstable/main amd64 libharfbuzz0b amd64 1.2.7-1+b1 [612 kB]
Get:158 http://127.0.0.1:9999/debian unstable/main amd64 libpangoft2-1.0-0 amd64 1.40.1-1 [236 kB]
Get:159 http://127.0.0.1:9999/debian unstable/main amd64 libpangocairo-1.0-0 amd64 1.40.1-1 [223 kB]
Get:160 http://127.0.0.1:9999/debian unstable/main amd64 librsvg2-2 amd64 2.40.16-1 [281 kB]
Get:161 http://127.0.0.1:9999/debian unstable/main amd64 gir1.2-rsvg-2.0 amd64 2.40.16-1 [192 kB]
Get:162 http://127.0.0.1:9999/debian unstable/main amd64 hicolor-icon-theme all 0.15-1 [9550 B]
Get:163 http://127.0.0.1:9999/debian unstable/main amd64 gtk-update-icon-cache amd64 3.20.9-1 [73.9 kB]
Get:164 http://127.0.0.1:9999/debian unstable/main amd64 librsvg2-common amd64 2.40.16-1 [193 kB]
Get:165 http://127.0.0.1:9999/debian unstable/main amd64 gnome-icon-theme all 3.12.0-2 [9890 kB]
Get:166 http://127.0.0.1:9999/debian unstable/main amd64 gsfonts all 1:8.11+urwcyr1.0.7~pre44-4.2 [3364 kB]
Get:167 http://127.0.0.1:9999/debian unstable/main amd64 icu-devtools amd64 57.1-3 [172 kB]
Get:168 http://127.0.0.1:9999/debian unstable/main amd64 libatk1.0-data all 2.20.0-1 [185 kB]
Get:169 http://127.0.0.1:9999/debian unstable/main amd64 libatk1.0-0 amd64 2.20.0-1 [92.9 kB]
Get:170 http://127.0.0.1:9999/debian unstable/main amd64 libbz2-dev amd64 1.0.6-8 [29.0 kB]
Get:171 http://127.0.0.1:9999/debian unstable/main amd64 libcairo-script-interpreter2 amd64 1.14.6-1+b1 [370 kB]
Get:172 http://127.0.0.1:9999/debian unstable/main amd64 libexpat1-dev amd64 2.2.0-1 [128 kB]
Get:173 http://127.0.0.1:9999/debian unstable/main amd64 zlib1g-dev amd64 1:1.2.8.dfsg-2+b1 [206 kB]
Get:174 http://127.0.0.1:9999/debian unstable/main amd64 libpng-dev amd64 1.6.24-2 [247 kB]
Get:175 http://127.0.0.1:9999/debian unstable/main amd64 libfreetype6-dev amd64 2.6.3-3+b1 [5812 kB]
Get:176 http://127.0.0.1:9999/debian unstable/main amd64 pkg-config amd64 0.29-4 [62.5 kB]
Get:177 http://127.0.0.1:9999/debian unstable/main amd64 libfontconfig1-dev amd64 2.11.0-6.7 [894 kB]
Get:178 http://127.0.0.1:9999/debian unstable/main amd64 xorg-sgml-doctools all 1:1.11-1 [21.9 kB]
Get:179 http://127.0.0.1:9999/debian unstable/main amd64 x11proto-core-dev all 7.0.29-1 [728 kB]
Get:180 http://127.0.0.1:9999/debian unstable/main amd64 libxau-dev amd64 1:1.0.8-1 [23.6 kB]
Get:181 http://127.0.0.1:9999/debian unstable/main amd64 libxdmcp-dev amd64 1:1.1.2-1.1 [42.0 kB]
Get:182 http://127.0.0.1:9999/debian unstable/main amd64 x11proto-input-dev all 2.3.2-1 [158 kB]
Get:183 http://127.0.0.1:9999/debian unstable/main amd64 x11proto-kb-dev all 1.0.7-1 [233 kB]
Get:184 http://127.0.0.1:9999/debian unstable/main amd64 xtrans-dev all 1.3.5-1 [100 kB]
Get:185 http://127.0.0.1:9999/debian unstable/main amd64 libpthread-stubs0-dev amd64 0.3-4 [3866 B]
Get:186 http://127.0.0.1:9999/debian unstable/main amd64 libxcb1-dev amd64 1.11.1-1.1 [79.9 kB]
Get:187 http://127.0.0.1:9999/debian unstable/main amd64 libx11-dev amd64 2:1.6.3-1 [813 kB]
Get:188 http://127.0.0.1:9999/debian unstable/main amd64 x11proto-render-dev all 2:0.11.1-2 [20.8 kB]
Get:189 http://127.0.0.1:9999/debian unstable/main amd64 libxrender-dev amd64 1:0.9.9-2 [39.3 kB]
Get:190 http://127.0.0.1:9999/debian unstable/main amd64 x11proto-xext-dev all 7.3.0-1 [212 kB]
Get:191 http://127.0.0.1:9999/debian unstable/main amd64 libxext-dev amd64 2:1.3.3-1 [107 kB]
Get:192 http://127.0.0.1:9999/debian unstable/main amd64 libice-dev amd64 2:1.0.9-1+b1 [66.3 kB]
Get:193 http://127.0.0.1:9999/debian unstable/main amd64 libsm-dev amd64 2:1.2.2-1+b1 [35.8 kB]
Get:194 http://127.0.0.1:9999/debian unstable/main amd64 libpixman-1-dev amd64 0.33.6-1 [550 kB]
Get:195 http://127.0.0.1:9999/debian unstable/main amd64 libxcb-render0-dev amd64 1.11.1-1.1 [21.2 kB]
Get:196 http://127.0.0.1:9999/debian unstable/main amd64 libxcb-shm0-dev amd64 1.11.1-1.1 [12.6 kB]
Get:197 http://127.0.0.1:9999/debian unstable/main amd64 libelf1 amd64 0.166-2 [172 kB]
Get:198 http://127.0.0.1:9999/debian unstable/main amd64 libglib2.0-data all 2.48.1-3 [2502 kB]
Get:199 http://127.0.0.1:9999/debian unstable/main amd64 libglib2.0-bin amd64 2.48.1-3 [1626 kB]
Get:200 http://127.0.0.1:9999/debian unstable/main amd64 libpcre16-3 amd64 2:8.39-2 [258 kB]
Get:201 http://127.0.0.1:9999/debian unstable/main amd64 libpcre32-3 amd64 2:8.39-2 [248 kB]
Get:202 http://127.0.0.1:9999/debian unstable/main amd64 libpcre3-dev amd64 2:8.39-2 [645 kB]
Get:203 http://127.0.0.1:9999/debian unstable/main amd64 libglib2.0-dev amd64 2.48.1-3 [2961 kB]
Get:204 http://127.0.0.1:9999/debian unstable/main amd64 libcairo2-dev amd64 1.14.6-1+b1 [906 kB]
Get:205 http://127.0.0.1:9999/debian unstable/main amd64 libcdt5 amd64 2.38.0-15 [59.4 kB]
Get:206 http://127.0.0.1:9999/debian unstable/main amd64 libcgraph6 amd64 2.38.0-15 [82.0 kB]
Get:207 http://127.0.0.1:9999/debian unstable/main amd64 libdjvulibre-text all 3.5.27.1-6 [60.6 kB]
Get:208 http://127.0.0.1:9999/debian unstable/main amd64 libdjvulibre21 amd64 3.5.27.1-6 [568 kB]
Get:209 http://127.0.0.1:9999/debian unstable/main amd64 libjpeg62-turbo-dev amd64 1:1.5.0-1 [210 kB]
Get:210 http://127.0.0.1:9999/debian unstable/main amd64 libjpeg-dev all 1:1.5.0-1 [54.8 kB]
Get:211 http://127.0.0.1:9999/debian unstable/main amd64 libdjvulibre-dev amd64 3.5.27.1-6 [2376 kB]
Get:212 http://127.0.0.1:9999/debian unstable/main amd64 libjs-jquery all 1.12.4-1 [167 kB]
Get:213 http://127.0.0.1:9999/debian unstable/main amd64 libexif-dev amd64 0.6.21-2 [398 kB]
Get:214 http://127.0.0.1:9999/debian unstable/main amd64 libwebp6 amd64 0.5.1-2 [235 kB]
Get:215 http://127.0.0.1:9999/debian unstable/main amd64 libgd3 amd64 2.2.3-3+b1 [136 kB]
Get:216 http://127.0.0.1:9999/debian unstable/main amd64 libgdk-pixbuf2.0-dev amd64 2.34.0-1 [56.2 kB]
Get:217 http://127.0.0.1:9999/debian unstable/main amd64 libpathplan4 amd64 2.38.0-15 [62.6 kB]
Get:218 http://127.0.0.1:9999/debian unstable/main amd64 libxdot4 amd64 2.38.0-15 [55.4 kB]
Get:219 http://127.0.0.1:9999/debian unstable/main amd64 libgvc6 amd64 2.38.0-15 [637 kB]
Get:220 http://127.0.0.1:9999/debian unstable/main amd64 libgvpr2 amd64 2.38.0-15 [210 kB]
Get:221 http://127.0.0.1:9999/debian unstable/main amd64 libgtk2.0-common all 2.24.30-4 [2691 kB]
Get:222 http://127.0.0.1:9999/debian unstable/main amd64 libxi6 amd64 2:1.7.6-1 [80.6 kB]
Get:223 http://127.0.0.1:9999/debian unstable/main amd64 libxrandr2 amd64 2:1.5.0-1 [36.0 kB]
Get:224 http://127.0.0.1:9999/debian unstable/main amd64 libgtk2.0-0 amd64 2.24.30-4 [1802 kB]
Get:225 http://127.0.0.1:9999/debian unstable/main amd64 libgvc6-plugins-gtk amd64 2.38.0-15 [59.5 kB]
Get:226 http://127.0.0.1:9999/debian unstable/main amd64 libltdl-dev amd64 2.4.6-2 [161 kB]
Get:227 http://127.0.0.1:9999/debian unstable/main amd64 libgraphviz-dev amd64 2.38.0-15 [98.6 kB]
Get:228 http://127.0.0.1:9999/debian unstable/main amd64 libicu-dev amd64 57.1-3 [16.3 MB]
Get:229 http://127.0.0.1:9999/debian unstable/main amd64 liblcms2-dev amd64 2.7-1 [4581 kB]
Get:230 http://127.0.0.1:9999/debian unstable/main amd64 liblqr-1-0-dev amd64 0.4.2-2 [74.2 kB]
Get:231 http://127.0.0.1:9999/debian unstable/main amd64 liblzma-dev amd64 5.1.1alpha+20120614-2.1 [255 kB]
Get:232 http://127.0.0.1:9999/debian unstable/main amd64 libwmf0.2-7 amd64 0.2.8.4-10.5+b1 [166 kB]
Get:233 http://127.0.0.1:9999/debian unstable/main amd64 libmagickcore-6.q16-2-extra amd64 8:6.8.9.9-7.2 [169 kB]
Get:234 http://127.0.0.1:9999/debian unstable/main amd64 librsvg2-dev amd64 2.40.16-1 [291 kB]
Get:235 http://127.0.0.1:9999/debian unstable/main amd64 libjbig-dev amd64 2.1-3.1 [29.9 kB]
Get:236 http://127.0.0.1:9999/debian unstable/main amd64 libtiffxx5 amd64 4.0.6-2 [84.3 kB]
Get:237 http://127.0.0.1:9999/debian unstable/main amd64 libtiff5-dev amd64 4.0.6-2 [344 kB]
Get:238 http://127.0.0.1:9999/debian unstable/main amd64 libwmf-dev amd64 0.2.8.4-10.5+b1 [187 kB]
Get:239 http://127.0.0.1:9999/debian unstable/main amd64 libxml2-dev amd64 2.9.4+dfsg1-1+b1 [812 kB]
Get:240 http://127.0.0.1:9999/debian unstable/main amd64 libxt6 amd64 1:1.1.5-1 [188 kB]
Get:241 http://127.0.0.1:9999/debian unstable/main amd64 libxt-dev amd64 1:1.1.5-1 [423 kB]
Get:242 http://127.0.0.1:9999/debian unstable/main amd64 libmagickcore-6.q16-dev amd64 8:6.8.9.9-7.2 [1028 kB]
Get:243 http://127.0.0.1:9999/debian unstable/main amd64 libmagickcore-dev all 8:6.8.9.9-7.2 [122 kB]
Get:244 http://127.0.0.1:9999/debian unstable/main amd64 libmagickwand-6-headers all 8:6.8.9.9-7.2 [131 kB]
Get:245 http://127.0.0.1:9999/debian unstable/main amd64 libmagickwand-6.q16-dev amd64 8:6.8.9.9-7.2 [388 kB]
Get:246 http://127.0.0.1:9999/debian unstable/main amd64 libmagickwand-dev all 8:6.8.9.9-7.2 [122 kB]
Get:247 http://127.0.0.1:9999/debian unstable/main amd64 libwmf-bin amd64 0.2.8.4-10.5+b1 [33.6 kB]
Get:248 http://127.0.0.1:9999/debian unstable/main amd64 ruby-diff-lcs all 1.2.5-2 [26.7 kB]
Get:249 http://127.0.0.1:9999/debian unstable/main amd64 ruby-rspec-support all 3.4.0c3e0m1s1-1 [26.8 kB]
Get:250 http://127.0.0.1:9999/debian unstable/main amd64 ruby-rspec-expectations all 3.4.0c3e0m1s1-1 [93.6 kB]
Get:251 http://127.0.0.1:9999/debian unstable/main amd64 ruby-rspec-mocks all 3.4.0c3e0m1s1-1 [89.6 kB]
Get:252 http://127.0.0.1:9999/debian unstable/main amd64 ruby-thread-order all 1.1.0-1 [5096 B]
Get:253 http://127.0.0.1:9999/debian unstable/main amd64 ruby-rspec-core all 3.4.0c3e0m1s1-1 [182 kB]
Get:254 http://127.0.0.1:9999/debian unstable/main amd64 ruby-rspec all 3.4.0c3e0m1s1-1 [6936 B]
debconf: delaying package configuration, since apt-utils is not installed
Fetched 131 MB in 1s (74.7 MB/s)
Selecting previously unselected package groff-base.
(Reading database ... 9775 files and directories currently installed.)
Preparing to unpack .../00-groff-base_1.22.3-8_amd64.deb ...
Unpacking groff-base (1.22.3-8) ...
Selecting previously unselected package bsdmainutils.
Preparing to unpack .../01-bsdmainutils_9.0.10_amd64.deb ...
Unpacking bsdmainutils (9.0.10) ...
Selecting previously unselected package libpipeline1:amd64.
Preparing to unpack .../02-libpipeline1_1.4.1-2_amd64.deb ...
Unpacking libpipeline1:amd64 (1.4.1-2) ...
Selecting previously unselected package man-db.
Preparing to unpack .../03-man-db_2.7.5-1_amd64.deb ...
Unpacking man-db (2.7.5-1) ...
Selecting previously unselected package libexpat1:amd64.
Preparing to unpack .../04-libexpat1_2.2.0-1_amd64.deb ...
Unpacking libexpat1:amd64 (2.2.0-1) ...
Selecting previously unselected package libpng16-16:amd64.
Preparing to unpack .../05-libpng16-16_1.6.24-2_amd64.deb ...
Unpacking libpng16-16:amd64 (1.6.24-2) ...
Selecting previously unselected package libfreetype6:amd64.
Preparing to unpack .../06-libfreetype6_2.6.3-3+b1_amd64.deb ...
Unpacking libfreetype6:amd64 (2.6.3-3+b1) ...
Selecting previously unselected package ucf.
Preparing to unpack .../07-ucf_3.0036_all.deb ...
Moving old data out of the way
Unpacking ucf (3.0036) ...
Selecting previously unselected package fonts-dejavu-core.
Preparing to unpack .../08-fonts-dejavu-core_2.37-1_all.deb ...
Unpacking fonts-dejavu-core (2.37-1) ...
Selecting previously unselected package fontconfig-config.
Preparing to unpack .../09-fontconfig-config_2.11.0-6.7_all.deb ...
Unpacking fontconfig-config (2.11.0-6.7) ...
Selecting previously unselected package libfontconfig1:amd64.
Preparing to unpack .../10-libfontconfig1_2.11.0-6.7_amd64.deb ...
Unpacking libfontconfig1:amd64 (2.11.0-6.7) ...
Selecting previously unselected package fontconfig.
Preparing to unpack .../11-fontconfig_2.11.0-6.7_amd64.deb ...
Unpacking fontconfig (2.11.0-6.7) ...
Selecting previously unselected package imagemagick-common.
Preparing to unpack .../12-imagemagick-common_8%3a6.8.9.9-7.2_all.deb ...
Unpacking imagemagick-common (8:6.8.9.9-7.2) ...
Selecting previously unselected package libexif12:amd64.
Preparing to unpack .../13-libexif12_0.6.21-2_amd64.deb ...
Unpacking libexif12:amd64 (0.6.21-2) ...
Selecting previously unselected package libfftw3-double3:amd64.
Preparing to unpack .../14-libfftw3-double3_3.3.4-2+b1_amd64.deb ...
Unpacking libfftw3-double3:amd64 (3.3.4-2+b1) ...
Selecting previously unselected package libglib2.0-0:amd64.
Preparing to unpack .../15-libglib2.0-0_2.48.1-3_amd64.deb ...
Unpacking libglib2.0-0:amd64 (2.48.1-3) ...
Selecting previously unselected package libgts-0.7-5:amd64.
Preparing to unpack .../16-libgts-0.7-5_0.7.6+darcs121130-1.2_amd64.deb ...
Unpacking libgts-0.7-5:amd64 (0.7.6+darcs121130-1.2) ...
Selecting previously unselected package lsb-base.
Preparing to unpack .../17-lsb-base_9.20160629_all.deb ...
Unpacking lsb-base (9.20160629) ...
Selecting previously unselected package x11-common.
Preparing to unpack .../18-x11-common_1%3a7.7+16_all.deb ...
Unpacking x11-common (1:7.7+16) ...
Selecting previously unselected package libice6:amd64.
Preparing to unpack .../19-libice6_2%3a1.0.9-1+b1_amd64.deb ...
Unpacking libice6:amd64 (2:1.0.9-1+b1) ...
Selecting previously unselected package liblqr-1-0:amd64.
Preparing to unpack .../20-liblqr-1-0_0.4.2-2_amd64.deb ...
Unpacking liblqr-1-0:amd64 (0.4.2-2) ...
Selecting previously unselected package liblzo2-2:amd64.
Preparing to unpack .../21-liblzo2-2_2.08-1.2_amd64.deb ...
Unpacking liblzo2-2:amd64 (2.08-1.2) ...
Selecting previously unselected package libmagickcore-6-arch-config:amd64.
Preparing to unpack .../22-libmagickcore-6-arch-config_8%3a6.8.9.9-7.2_amd64.deb ...
Unpacking libmagickcore-6-arch-config:amd64 (8:6.8.9.9-7.2) ...
Selecting previously unselected package libmagickcore-6-headers.
Preparing to unpack .../23-libmagickcore-6-headers_8%3a6.8.9.9-7.2_all.deb ...
Unpacking libmagickcore-6-headers (8:6.8.9.9-7.2) ...
Selecting previously unselected package libjbig0:amd64.
Preparing to unpack .../24-libjbig0_2.1-3.1_amd64.deb ...
Unpacking libjbig0:amd64 (2.1-3.1) ...
Selecting previously unselected package libjpeg62-turbo:amd64.
Preparing to unpack .../25-libjpeg62-turbo_1%3a1.5.0-1_amd64.deb ...
Unpacking libjpeg62-turbo:amd64 (1:1.5.0-1) ...
Selecting previously unselected package liblcms2-2:amd64.
Preparing to unpack .../26-liblcms2-2_2.7-1_amd64.deb ...
Unpacking liblcms2-2:amd64 (2.7-1) ...
Selecting previously unselected package libltdl7:amd64.
Preparing to unpack .../27-libltdl7_2.4.6-2_amd64.deb ...
Unpacking libltdl7:amd64 (2.4.6-2) ...
Selecting previously unselected package libtiff5:amd64.
Preparing to unpack .../28-libtiff5_4.0.6-2_amd64.deb ...
Unpacking libtiff5:amd64 (4.0.6-2) ...
Selecting previously unselected package libxau6:amd64.
Preparing to unpack .../29-libxau6_1%3a1.0.8-1_amd64.deb ...
Unpacking libxau6:amd64 (1:1.0.8-1) ...
Selecting previously unselected package libxdmcp6:amd64.
Preparing to unpack .../30-libxdmcp6_1%3a1.1.2-1.1_amd64.deb ...
Unpacking libxdmcp6:amd64 (1:1.1.2-1.1) ...
Selecting previously unselected package libxcb1:amd64.
Preparing to unpack .../31-libxcb1_1.11.1-1.1_amd64.deb ...
Unpacking libxcb1:amd64 (1.11.1-1.1) ...
Selecting previously unselected package libx11-data.
Preparing to unpack .../32-libx11-data_2%3a1.6.3-1_all.deb ...
Unpacking libx11-data (2:1.6.3-1) ...
Selecting previously unselected package libx11-6:amd64.
Preparing to unpack .../33-libx11-6_2%3a1.6.3-1_amd64.deb ...
Unpacking libx11-6:amd64 (2:1.6.3-1) ...
Selecting previously unselected package libxext6:amd64.
Preparing to unpack .../34-libxext6_2%3a1.3.3-1_amd64.deb ...
Unpacking libxext6:amd64 (2:1.3.3-1) ...
Selecting previously unselected package libicu57:amd64.
Preparing to unpack .../35-libicu57_57.1-3_amd64.deb ...
Unpacking libicu57:amd64 (57.1-3) ...
Selecting previously unselected package libxml2:amd64.
Preparing to unpack .../36-libxml2_2.9.4+dfsg1-1+b1_amd64.deb ...
Unpacking libxml2:amd64 (2.9.4+dfsg1-1+b1) ...
Selecting previously unselected package libmagickcore-6.q16-2:amd64.
Preparing to unpack .../37-libmagickcore-6.q16-2_8%3a6.8.9.9-7.2_amd64.deb ...
Unpacking libmagickcore-6.q16-2:amd64 (8:6.8.9.9-7.2) ...
Selecting previously unselected package libmagickwand-6.q16-2:amd64.
Preparing to unpack .../38-libmagickwand-6.q16-2_8%3a6.8.9.9-7.2_amd64.deb ...
Unpacking libmagickwand-6.q16-2:amd64 (8:6.8.9.9-7.2) ...
Selecting previously unselected package libilmbase12:amd64.
Preparing to unpack .../39-libilmbase12_2.2.0-11_amd64.deb ...
Unpacking libilmbase12:amd64 (2.2.0-11) ...
Selecting previously unselected package libilmbase-dev.
Preparing to unpack .../40-libilmbase-dev_2.2.0-11_amd64.deb ...
Unpacking libilmbase-dev (2.2.0-11) ...
Selecting previously unselected package libopenexr22:amd64.
Preparing to unpack .../41-libopenexr22_2.2.0-11_amd64.deb ...
Unpacking libopenexr22:amd64 (2.2.0-11) ...
Selecting previously unselected package libopenexr-dev.
Preparing to unpack .../42-libopenexr-dev_2.2.0-11_amd64.deb ...
Unpacking libopenexr-dev (2.2.0-11) ...
Selecting previously unselected package libpaper1:amd64.
Preparing to unpack .../43-libpaper1_1.1.24+nmu4_amd64.deb ...
Unpacking libpaper1:amd64 (1.1.24+nmu4) ...
Selecting previously unselected package libpcrecpp0v5:amd64.
Preparing to unpack .../44-libpcrecpp0v5_2%3a8.39-2_amd64.deb ...
Unpacking libpcrecpp0v5:amd64 (2:8.39-2) ...
Selecting previously unselected package libsm6:amd64.
Preparing to unpack .../45-libsm6_2%3a1.2.2-1+b1_amd64.deb ...
Unpacking libsm6:amd64 (2:1.2.2-1+b1) ...
Selecting previously unselected package libxcomposite1:amd64.
Preparing to unpack .../46-libxcomposite1_1%3a0.4.4-1_amd64.deb ...
Unpacking libxcomposite1:amd64 (1:0.4.4-1) ...
Selecting previously unselected package libxfixes3:amd64.
Preparing to unpack .../47-libxfixes3_1%3a5.0.2-1_amd64.deb ...
Unpacking libxfixes3:amd64 (1:5.0.2-1) ...
Selecting previously unselected package libxrender1:amd64.
Preparing to unpack .../48-libxrender1_1%3a0.9.9-2_amd64.deb ...
Unpacking libxrender1:amd64 (1:0.9.9-2) ...
Selecting previously unselected package libxcursor1:amd64.
Preparing to unpack .../49-libxcursor1_1%3a1.1.14-1+b1_amd64.deb ...
Unpacking libxcursor1:amd64 (1:1.1.14-1+b1) ...
Selecting previously unselected package libxdamage1:amd64.
Preparing to unpack .../50-libxdamage1_1%3a1.1.4-2+b1_amd64.deb ...
Unpacking libxdamage1:amd64 (1:1.1.4-2+b1) ...
Selecting previously unselected package libxinerama1:amd64.
Preparing to unpack .../51-libxinerama1_2%3a1.1.3-1+b1_amd64.deb ...
Unpacking libxinerama1:amd64 (2:1.1.3-1+b1) ...
Selecting previously unselected package libxpm4:amd64.
Preparing to unpack .../52-libxpm4_1%3a3.5.11-1+b1_amd64.deb ...
Unpacking libxpm4:amd64 (1:3.5.11-1+b1) ...
Selecting previously unselected package libyaml-0-2:amd64.
Preparing to unpack .../53-libyaml-0-2_0.1.6-3_amd64.deb ...
Unpacking libyaml-0-2:amd64 (0.1.6-3) ...
Selecting previously unselected package poppler-data.
Preparing to unpack .../54-poppler-data_0.4.7-7_all.deb ...
Unpacking poppler-data (0.4.7-7) ...
Selecting previously unselected package libssl1.0.2:amd64.
Preparing to unpack .../55-libssl1.0.2_1.0.2h-1_amd64.deb ...
Unpacking libssl1.0.2:amd64 (1.0.2h-1) ...
Selecting previously unselected package libpython3.5-minimal:amd64.
Preparing to unpack .../56-libpython3.5-minimal_3.5.2-3_amd64.deb ...
Unpacking libpython3.5-minimal:amd64 (3.5.2-3) ...
Selecting previously unselected package python3.5-minimal.
Preparing to unpack .../57-python3.5-minimal_3.5.2-3_amd64.deb ...
Unpacking python3.5-minimal (3.5.2-3) ...
Selecting previously unselected package python3-minimal.
Preparing to unpack .../58-python3-minimal_3.5.1-4_amd64.deb ...
Unpacking python3-minimal (3.5.1-4) ...
Selecting previously unselected package mime-support.
Preparing to unpack .../59-mime-support_3.60_all.deb ...
Unpacking mime-support (3.60) ...
Selecting previously unselected package libmpdec2:amd64.
Preparing to unpack .../60-libmpdec2_2.4.2-1_amd64.deb ...
Unpacking libmpdec2:amd64 (2.4.2-1) ...
Selecting previously unselected package readline-common.
Preparing to unpack .../61-readline-common_6.3-8_all.deb ...
Unpacking readline-common (6.3-8) ...
Selecting previously unselected package libreadline6:amd64.
Preparing to unpack .../62-libreadline6_6.3-8+b4_amd64.deb ...
Unpacking libreadline6:amd64 (6.3-8+b4) ...
Selecting previously unselected package libsqlite3-0:amd64.
Preparing to unpack .../63-libsqlite3-0_3.14.1-1_amd64.deb ...
Unpacking libsqlite3-0:amd64 (3.14.1-1) ...
Selecting previously unselected package libpython3.5-stdlib:amd64.
Preparing to unpack .../64-libpython3.5-stdlib_3.5.2-3_amd64.deb ...
Unpacking libpython3.5-stdlib:amd64 (3.5.2-3) ...
Selecting previously unselected package python3.5.
Preparing to unpack .../65-python3.5_3.5.2-3_amd64.deb ...
Unpacking python3.5 (3.5.2-3) ...
Selecting previously unselected package libpython3-stdlib:amd64.
Preparing to unpack .../66-libpython3-stdlib_3.5.1-4_amd64.deb ...
Unpacking libpython3-stdlib:amd64 (3.5.1-4) ...
Selecting previously unselected package dh-python.
Preparing to unpack .../67-dh-python_2.20160818_all.deb ...
Unpacking dh-python (2.20160818) ...
Setting up libssl1.0.2:amd64 (1.0.2h-1) ...
Setting up libpython3.5-minimal:amd64 (3.5.2-3) ...
Setting up libexpat1:amd64 (2.2.0-1) ...
Setting up python3.5-minimal (3.5.2-3) ...
Setting up python3-minimal (3.5.1-4) ...
Selecting previously unselected package python3.
(Reading database ... 13188 files and directories currently installed.)
Preparing to unpack .../000-python3_3.5.1-4_amd64.deb ...
Unpacking python3 (3.5.1-4) ...
Selecting previously unselected package libmagic-mgc.
Preparing to unpack .../001-libmagic-mgc_1%3a5.28-4_amd64.deb ...
Unpacking libmagic-mgc (1:5.28-4) ...
Selecting previously unselected package libmagic1:amd64.
Preparing to unpack .../002-libmagic1_1%3a5.28-4_amd64.deb ...
Unpacking libmagic1:amd64 (1:5.28-4) ...
Selecting previously unselected package file.
Preparing to unpack .../003-file_1%3a5.28-4_amd64.deb ...
Unpacking file (1:5.28-4) ...
Selecting previously unselected package gettext-base.
Preparing to unpack .../004-gettext-base_0.19.8.1-1_amd64.deb ...
Unpacking gettext-base (0.19.8.1-1) ...
Selecting previously unselected package libnettle6:amd64.
Preparing to unpack .../005-libnettle6_3.2-1_amd64.deb ...
Unpacking libnettle6:amd64 (3.2-1) ...
Selecting previously unselected package libhogweed4:amd64.
Preparing to unpack .../006-libhogweed4_3.2-1_amd64.deb ...
Unpacking libhogweed4:amd64 (3.2-1) ...
Selecting previously unselected package libidn11:amd64.
Preparing to unpack .../007-libidn11_1.33-1_amd64.deb ...
Unpacking libidn11:amd64 (1.33-1) ...
Selecting previously unselected package libp11-kit0:amd64.
Preparing to unpack .../008-libp11-kit0_0.23.2-5_amd64.deb ...
Unpacking libp11-kit0:amd64 (0.23.2-5) ...
Selecting previously unselected package libtasn1-6:amd64.
Preparing to unpack .../009-libtasn1-6_4.9-4_amd64.deb ...
Unpacking libtasn1-6:amd64 (4.9-4) ...
Selecting previously unselected package libgnutls30:amd64.
Preparing to unpack .../010-libgnutls30_3.5.3-3_amd64.deb ...
Unpacking libgnutls30:amd64 (3.5.3-3) ...
Selecting previously unselected package libkeyutils1:amd64.
Preparing to unpack .../011-libkeyutils1_1.5.9-9_amd64.deb ...
Unpacking libkeyutils1:amd64 (1.5.9-9) ...
Selecting previously unselected package libkrb5support0:amd64.
Preparing to unpack .../012-libkrb5support0_1.14.3+dfsg-1_amd64.deb ...
Unpacking libkrb5support0:amd64 (1.14.3+dfsg-1) ...
Selecting previously unselected package libk5crypto3:amd64.
Preparing to unpack .../013-libk5crypto3_1.14.3+dfsg-1_amd64.deb ...
Unpacking libk5crypto3:amd64 (1.14.3+dfsg-1) ...
Selecting previously unselected package libkrb5-3:amd64.
Preparing to unpack .../014-libkrb5-3_1.14.3+dfsg-1_amd64.deb ...
Unpacking libkrb5-3:amd64 (1.14.3+dfsg-1) ...
Selecting previously unselected package libgssapi-krb5-2:amd64.
Preparing to unpack .../015-libgssapi-krb5-2_1.14.3+dfsg-1_amd64.deb ...
Unpacking libgssapi-krb5-2:amd64 (1.14.3+dfsg-1) ...
Selecting previously unselected package libsasl2-modules-db:amd64.
Preparing to unpack .../016-libsasl2-modules-db_2.1.26.dfsg1-15_amd64.deb ...
Unpacking libsasl2-modules-db:amd64 (2.1.26.dfsg1-15) ...
Selecting previously unselected package libsasl2-2:amd64.
Preparing to unpack .../017-libsasl2-2_2.1.26.dfsg1-15_amd64.deb ...
Unpacking libsasl2-2:amd64 (2.1.26.dfsg1-15) ...
Selecting previously unselected package libldap-2.4-2:amd64.
Preparing to unpack .../018-libldap-2.4-2_2.4.42+dfsg-2+b2_amd64.deb ...
Unpacking libldap-2.4-2:amd64 (2.4.42+dfsg-2+b2) ...
Selecting previously unselected package libsigsegv2:amd64.
Preparing to unpack .../019-libsigsegv2_2.10-5_amd64.deb ...
Unpacking libsigsegv2:amd64 (2.10-5) ...
Selecting previously unselected package m4.
Preparing to unpack .../020-m4_1.4.17-5_amd64.deb ...
Unpacking m4 (1.4.17-5) ...
Selecting previously unselected package autoconf.
Preparing to unpack .../021-autoconf_2.69-10_all.deb ...
Unpacking autoconf (2.69-10) ...
Selecting previously unselected package autotools-dev.
Preparing to unpack .../022-autotools-dev_20160430.1_all.deb ...
Unpacking autotools-dev (20160430.1) ...
Selecting previously unselected package automake.
Preparing to unpack .../023-automake_1%3a1.15-4_all.deb ...
Unpacking automake (1:1.15-4) ...
Selecting previously unselected package autopoint.
Preparing to unpack .../024-autopoint_0.19.8.1-1_all.deb ...
Unpacking autopoint (0.19.8.1-1) ...
Selecting previously unselected package openssl.
Preparing to unpack .../025-openssl_1.0.2h-1_amd64.deb ...
Unpacking openssl (1.0.2h-1) ...
Selecting previously unselected package ca-certificates.
Preparing to unpack .../026-ca-certificates_20160104_all.deb ...
Unpacking ca-certificates (20160104) ...
Selecting previously unselected package libcroco3:amd64.
Preparing to unpack .../027-libcroco3_0.6.11-1_amd64.deb ...
Unpacking libcroco3:amd64 (0.6.11-1) ...
Selecting previously unselected package libunistring0:amd64.
Preparing to unpack .../028-libunistring0_0.9.6+really0.9.3-0.1_amd64.deb ...
Unpacking libunistring0:amd64 (0.9.6+really0.9.3-0.1) ...
Selecting previously unselected package gettext.
Preparing to unpack .../029-gettext_0.19.8.1-1_amd64.deb ...
Unpacking gettext (0.19.8.1-1) ...
Selecting previously unselected package intltool-debian.
Preparing to unpack .../030-intltool-debian_0.35.0+20060710.4_all.deb ...
Unpacking intltool-debian (0.35.0+20060710.4) ...
Selecting previously unselected package po-debconf.
Preparing to unpack .../031-po-debconf_1.0.19_all.deb ...
Unpacking po-debconf (1.0.19) ...
Selecting previously unselected package libarchive-zip-perl.
Preparing to unpack .../032-libarchive-zip-perl_1.59-1_all.deb ...
Unpacking libarchive-zip-perl (1.59-1) ...
Selecting previously unselected package libfile-stripnondeterminism-perl.
Preparing to unpack .../033-libfile-stripnondeterminism-perl_0.023-2_all.deb ...
Unpacking libfile-stripnondeterminism-perl (0.023-2) ...
Selecting previously unselected package libtimedate-perl.
Preparing to unpack .../034-libtimedate-perl_2.3000-2_all.deb ...
Unpacking libtimedate-perl (2.3000-2) ...
Selecting previously unselected package dh-strip-nondeterminism.
Preparing to unpack .../035-dh-strip-nondeterminism_0.023-2_all.deb ...
Unpacking dh-strip-nondeterminism (0.023-2) ...
Selecting previously unselected package libtool.
Preparing to unpack .../036-libtool_2.4.6-2_all.deb ...
Unpacking libtool (2.4.6-2) ...
Selecting previously unselected package dh-autoreconf.
Preparing to unpack .../037-dh-autoreconf_12_all.deb ...
Unpacking dh-autoreconf (12) ...
Selecting previously unselected package debhelper.
Preparing to unpack .../038-debhelper_9.20160814_all.deb ...
Unpacking debhelper (9.20160814) ...
Selecting previously unselected package devscripts.
Preparing to unpack .../039-devscripts_2.16.7_amd64.deb ...
Unpacking devscripts (2.16.7) ...
Selecting previously unselected package rubygems-integration.
Preparing to unpack .../040-rubygems-integration_1.10_all.deb ...
Unpacking rubygems-integration (1.10) ...
Selecting previously unselected package ruby-did-you-mean.
Preparing to unpack .../041-ruby-did-you-mean_1.0.0-2_all.deb ...
Unpacking ruby-did-you-mean (1.0.0-2) ...
Selecting previously unselected package ruby-minitest.
Preparing to unpack .../042-ruby-minitest_5.9.0-1_all.deb ...
Unpacking ruby-minitest (5.9.0-1) ...
Selecting previously unselected package ruby-net-telnet.
Preparing to unpack .../043-ruby-net-telnet_0.1.1-2_all.deb ...
Unpacking ruby-net-telnet (0.1.1-2) ...
Selecting previously unselected package ruby-power-assert.
Preparing to unpack .../044-ruby-power-assert_0.3.0-1_all.deb ...
Unpacking ruby-power-assert (0.3.0-1) ...
Selecting previously unselected package ruby-test-unit.
Preparing to unpack .../045-ruby-test-unit_3.1.7-2_all.deb ...
Unpacking ruby-test-unit (3.1.7-2) ...
Selecting previously unselected package libruby2.3:amd64.
Preparing to unpack .../046-libruby2.3_2.3.1-5_amd64.deb ...
Unpacking libruby2.3:amd64 (2.3.1-5) ...
Selecting previously unselected package ruby2.3.
Preparing to unpack .../047-ruby2.3_2.3.1-5_amd64.deb ...
Unpacking ruby2.3 (2.3.1-5) ...
Selecting previously unselected package ruby.
Preparing to unpack .../048-ruby_1%3a2.3.0+4_amd64.deb ...
Unpacking ruby (1:2.3.0+4) ...
Selecting previously unselected package rake.
Preparing to unpack .../049-rake_10.5.0-2_all.deb ...
Unpacking rake (10.5.0-2) ...
Selecting previously unselected package gem2deb-test-runner.
Preparing to unpack .../050-gem2deb-test-runner_0.32_amd64.deb ...
Unpacking gem2deb-test-runner (0.32) ...
Selecting previously unselected package libgmpxx4ldbl:amd64.
Preparing to unpack .../051-libgmpxx4ldbl_2%3a6.1.1+dfsg-1_amd64.deb ...
Unpacking libgmpxx4ldbl:amd64 (2:6.1.1+dfsg-1) ...
Selecting previously unselected package libgmp-dev:amd64.
Preparing to unpack .../052-libgmp-dev_2%3a6.1.1+dfsg-1_amd64.deb ...
Unpacking libgmp-dev:amd64 (2:6.1.1+dfsg-1) ...
Selecting previously unselected package ruby2.3-dev:amd64.
Preparing to unpack .../053-ruby2.3-dev_2.3.1-5_amd64.deb ...
Unpacking ruby2.3-dev:amd64 (2.3.1-5) ...
Selecting previously unselected package ruby-all-dev:amd64.
Preparing to unpack .../054-ruby-all-dev_1%3a2.3.0+4_amd64.deb ...
Unpacking ruby-all-dev:amd64 (1:2.3.0+4) ...
Selecting previously unselected package ruby-setup.
Preparing to unpack .../055-ruby-setup_3.4.1-9_all.deb ...
Unpacking ruby-setup (3.4.1-9) ...
Selecting previously unselected package gem2deb.
Preparing to unpack .../056-gem2deb_0.32_amd64.deb ...
Unpacking gem2deb (0.32) ...
Selecting previously unselected package libavahi-common-data:amd64.
Preparing to unpack .../057-libavahi-common-data_0.6.32-1_amd64.deb ...
Unpacking libavahi-common-data:amd64 (0.6.32-1) ...
Selecting previously unselected package libavahi-common3:amd64.
Preparing to unpack .../058-libavahi-common3_0.6.32-1_amd64.deb ...
Unpacking libavahi-common3:amd64 (0.6.32-1) ...
Selecting previously unselected package libdbus-1-3:amd64.
Preparing to unpack .../059-libdbus-1-3_1.10.10-1_amd64.deb ...
Unpacking libdbus-1-3:amd64 (1.10.10-1) ...
Selecting previously unselected package libavahi-client3:amd64.
Preparing to unpack .../060-libavahi-client3_0.6.32-1_amd64.deb ...
Unpacking libavahi-client3:amd64 (0.6.32-1) ...
Selecting previously unselected package libcups2:amd64.
Preparing to unpack .../061-libcups2_2.1.4-4_amd64.deb ...
Unpacking libcups2:amd64 (2.1.4-4) ...
Selecting previously unselected package libcupsfilters1:amd64.
Preparing to unpack .../062-libcupsfilters1_1.10.0-1_amd64.deb ...
Unpacking libcupsfilters1:amd64 (1.10.0-1) ...
Selecting previously unselected package libcupsimage2:amd64.
Preparing to unpack .../063-libcupsimage2_2.1.4-4_amd64.deb ...
Unpacking libcupsimage2:amd64 (2.1.4-4) ...
Selecting previously unselected package libijs-0.35:amd64.
Preparing to unpack .../064-libijs-0.35_0.35-12_amd64.deb ...
Unpacking libijs-0.35:amd64 (0.35-12) ...
Selecting previously unselected package libjbig2dec0:amd64.
Preparing to unpack .../065-libjbig2dec0_0.13-3_amd64.deb ...
Unpacking libjbig2dec0:amd64 (0.13-3) ...
Selecting previously unselected package libopenjp2-7:amd64.
Preparing to unpack .../066-libopenjp2-7_2.1.1-1_amd64.deb ...
Unpacking libopenjp2-7:amd64 (2.1.1-1) ...
Selecting previously unselected package libgs9-common.
Preparing to unpack .../067-libgs9-common_9.19~dfsg-2_all.deb ...
Unpacking libgs9-common (9.19~dfsg-2) ...
Selecting previously unselected package libgs9.
Preparing to unpack .../068-libgs9_9.19~dfsg-2_amd64.deb ...
Unpacking libgs9 (9.19~dfsg-2) ...
Selecting previously unselected package ghostscript.
Preparing to unpack .../069-ghostscript_9.19~dfsg-2_amd64.deb ...
Unpacking ghostscript (9.19~dfsg-2) ...
Selecting previously unselected package libgirepository-1.0-1:amd64.
Preparing to unpack .../070-libgirepository-1.0-1_1.48.0-3_amd64.deb ...
Unpacking libgirepository-1.0-1:amd64 (1.48.0-3) ...
Selecting previously unselected package gir1.2-glib-2.0:amd64.
Preparing to unpack .../071-gir1.2-glib-2.0_1.48.0-3_amd64.deb ...
Unpacking gir1.2-glib-2.0:amd64 (1.48.0-3) ...
Selecting previously unselected package libpixman-1-0:amd64.
Preparing to unpack .../072-libpixman-1-0_0.33.6-1_amd64.deb ...
Unpacking libpixman-1-0:amd64 (0.33.6-1) ...
Selecting previously unselected package libxcb-render0:amd64.
Preparing to unpack .../073-libxcb-render0_1.11.1-1.1_amd64.deb ...
Unpacking libxcb-render0:amd64 (1.11.1-1.1) ...
Selecting previously unselected package libxcb-shm0:amd64.
Preparing to unpack .../074-libxcb-shm0_1.11.1-1.1_amd64.deb ...
Unpacking libxcb-shm0:amd64 (1.11.1-1.1) ...
Selecting previously unselected package libcairo2:amd64.
Preparing to unpack .../075-libcairo2_1.14.6-1+b1_amd64.deb ...
Unpacking libcairo2:amd64 (1.14.6-1+b1) ...
Selecting previously unselected package libcairo-gobject2:amd64.
Preparing to unpack .../076-libcairo-gobject2_1.14.6-1+b1_amd64.deb ...
Unpacking libcairo-gobject2:amd64 (1.14.6-1+b1) ...
Selecting previously unselected package gir1.2-freedesktop:amd64.
Preparing to unpack .../077-gir1.2-freedesktop_1.48.0-3_amd64.deb ...
Unpacking gir1.2-freedesktop:amd64 (1.48.0-3) ...
Selecting previously unselected package shared-mime-info.
Preparing to unpack .../078-shared-mime-info_1.6-1_amd64.deb ...
Unpacking shared-mime-info (1.6-1) ...
Selecting previously unselected package libgdk-pixbuf2.0-common.
Preparing to unpack .../079-libgdk-pixbuf2.0-common_2.34.0-1_all.deb ...
Unpacking libgdk-pixbuf2.0-common (2.34.0-1) ...
Selecting previously unselected package libgdk-pixbuf2.0-0:amd64.
Preparing to unpack .../080-libgdk-pixbuf2.0-0_2.34.0-1_amd64.deb ...
Unpacking libgdk-pixbuf2.0-0:amd64 (2.34.0-1) ...
Selecting previously unselected package gir1.2-gdkpixbuf-2.0:amd64.
Preparing to unpack .../081-gir1.2-gdkpixbuf-2.0_2.34.0-1_amd64.deb ...
Unpacking gir1.2-gdkpixbuf-2.0:amd64 (2.34.0-1) ...
Selecting previously unselected package libthai-data.
Preparing to unpack .../082-libthai-data_0.1.25-1_all.deb ...
Unpacking libthai-data (0.1.25-1) ...
Selecting previously unselected package libdatrie1:amd64.
Preparing to unpack .../083-libdatrie1_0.2.10-2_amd64.deb ...
Unpacking libdatrie1:amd64 (0.2.10-2) ...
Selecting previously unselected package libthai0:amd64.
Preparing to unpack .../084-libthai0_0.1.25-1_amd64.deb ...
Unpacking libthai0:amd64 (0.1.25-1) ...
Selecting previously unselected package libpango-1.0-0:amd64.
Preparing to unpack .../085-libpango-1.0-0_1.40.1-1_amd64.deb ...
Unpacking libpango-1.0-0:amd64 (1.40.1-1) ...
Selecting previously unselected package libgraphite2-3:amd64.
Preparing to unpack .../086-libgraphite2-3_1.3.8-1_amd64.deb ...
Unpacking libgraphite2-3:amd64 (1.3.8-1) ...
Selecting previously unselected package libharfbuzz0b:amd64.
Preparing to unpack .../087-libharfbuzz0b_1.2.7-1+b1_amd64.deb ...
Unpacking libharfbuzz0b:amd64 (1.2.7-1+b1) ...
Selecting previously unselected package libpangoft2-1.0-0:amd64.
Preparing to unpack .../088-libpangoft2-1.0-0_1.40.1-1_amd64.deb ...
Unpacking libpangoft2-1.0-0:amd64 (1.40.1-1) ...
Selecting previously unselected package libpangocairo-1.0-0:amd64.
Preparing to unpack .../089-libpangocairo-1.0-0_1.40.1-1_amd64.deb ...
Unpacking libpangocairo-1.0-0:amd64 (1.40.1-1) ...
Selecting previously unselected package librsvg2-2:amd64.
Preparing to unpack .../090-librsvg2-2_2.40.16-1_amd64.deb ...
Unpacking librsvg2-2:amd64 (2.40.16-1) ...
Selecting previously unselected package gir1.2-rsvg-2.0:amd64.
Preparing to unpack .../091-gir1.2-rsvg-2.0_2.40.16-1_amd64.deb ...
Unpacking gir1.2-rsvg-2.0:amd64 (2.40.16-1) ...
Selecting previously unselected package hicolor-icon-theme.
Preparing to unpack .../092-hicolor-icon-theme_0.15-1_all.deb ...
Unpacking hicolor-icon-theme (0.15-1) ...
Selecting previously unselected package gtk-update-icon-cache.
Preparing to unpack .../093-gtk-update-icon-cache_3.20.9-1_amd64.deb ...
No diversion 'diversion of /usr/sbin/update-icon-caches to /usr/sbin/update-icon-caches.gtk2 by libgtk-3-bin', none removed.
No diversion 'diversion of /usr/share/man/man8/update-icon-caches.8.gz to /usr/share/man/man8/update-icon-caches.gtk2.8.gz by libgtk-3-bin', none removed.
Unpacking gtk-update-icon-cache (3.20.9-1) ...
Selecting previously unselected package librsvg2-common:amd64.
Preparing to unpack .../094-librsvg2-common_2.40.16-1_amd64.deb ...
Unpacking librsvg2-common:amd64 (2.40.16-1) ...
Selecting previously unselected package gnome-icon-theme.
Preparing to unpack .../095-gnome-icon-theme_3.12.0-2_all.deb ...
Unpacking gnome-icon-theme (3.12.0-2) ...
Selecting previously unselected package gsfonts.
Preparing to unpack .../096-gsfonts_1%3a8.11+urwcyr1.0.7~pre44-4.2_all.deb ...
Unpacking gsfonts (1:8.11+urwcyr1.0.7~pre44-4.2) ...
Selecting previously unselected package icu-devtools.
Preparing to unpack .../097-icu-devtools_57.1-3_amd64.deb ...
Unpacking icu-devtools (57.1-3) ...
Selecting previously unselected package libatk1.0-data.
Preparing to unpack .../098-libatk1.0-data_2.20.0-1_all.deb ...
Unpacking libatk1.0-data (2.20.0-1) ...
Selecting previously unselected package libatk1.0-0:amd64.
Preparing to unpack .../099-libatk1.0-0_2.20.0-1_amd64.deb ...
Unpacking libatk1.0-0:amd64 (2.20.0-1) ...
Selecting previously unselected package libbz2-dev:amd64.
Preparing to unpack .../100-libbz2-dev_1.0.6-8_amd64.deb ...
Unpacking libbz2-dev:amd64 (1.0.6-8) ...
Selecting previously unselected package libcairo-script-interpreter2:amd64.
Preparing to unpack .../101-libcairo-script-interpreter2_1.14.6-1+b1_amd64.deb ...
Unpacking libcairo-script-interpreter2:amd64 (1.14.6-1+b1) ...
Selecting previously unselected package libexpat1-dev:amd64.
Preparing to unpack .../102-libexpat1-dev_2.2.0-1_amd64.deb ...
Unpacking libexpat1-dev:amd64 (2.2.0-1) ...
Selecting previously unselected package zlib1g-dev:amd64.
Preparing to unpack .../103-zlib1g-dev_1%3a1.2.8.dfsg-2+b1_amd64.deb ...
Unpacking zlib1g-dev:amd64 (1:1.2.8.dfsg-2+b1) ...
Selecting previously unselected package libpng-dev:amd64.
Preparing to unpack .../104-libpng-dev_1.6.24-2_amd64.deb ...
Unpacking libpng-dev:amd64 (1.6.24-2) ...
Selecting previously unselected package libfreetype6-dev.
Preparing to unpack .../105-libfreetype6-dev_2.6.3-3+b1_amd64.deb ...
Unpacking libfreetype6-dev (2.6.3-3+b1) ...
Selecting previously unselected package pkg-config.
Preparing to unpack .../106-pkg-config_0.29-4_amd64.deb ...
Unpacking pkg-config (0.29-4) ...
Selecting previously unselected package libfontconfig1-dev:amd64.
Preparing to unpack .../107-libfontconfig1-dev_2.11.0-6.7_amd64.deb ...
Unpacking libfontconfig1-dev:amd64 (2.11.0-6.7) ...
Selecting previously unselected package xorg-sgml-doctools.
Preparing to unpack .../108-xorg-sgml-doctools_1%3a1.11-1_all.deb ...
Unpacking xorg-sgml-doctools (1:1.11-1) ...
Selecting previously unselected package x11proto-core-dev.
Preparing to unpack .../109-x11proto-core-dev_7.0.29-1_all.deb ...
Unpacking x11proto-core-dev (7.0.29-1) ...
Selecting previously unselected package libxau-dev:amd64.
Preparing to unpack .../110-libxau-dev_1%3a1.0.8-1_amd64.deb ...
Unpacking libxau-dev:amd64 (1:1.0.8-1) ...
Selecting previously unselected package libxdmcp-dev:amd64.
Preparing to unpack .../111-libxdmcp-dev_1%3a1.1.2-1.1_amd64.deb ...
Unpacking libxdmcp-dev:amd64 (1:1.1.2-1.1) ...
Selecting previously unselected package x11proto-input-dev.
Preparing to unpack .../112-x11proto-input-dev_2.3.2-1_all.deb ...
Unpacking x11proto-input-dev (2.3.2-1) ...
Selecting previously unselected package x11proto-kb-dev.
Preparing to unpack .../113-x11proto-kb-dev_1.0.7-1_all.deb ...
Unpacking x11proto-kb-dev (1.0.7-1) ...
Selecting previously unselected package xtrans-dev.
Preparing to unpack .../114-xtrans-dev_1.3.5-1_all.deb ...
Unpacking xtrans-dev (1.3.5-1) ...
Selecting previously unselected package libpthread-stubs0-dev:amd64.
Preparing to unpack .../115-libpthread-stubs0-dev_0.3-4_amd64.deb ...
Unpacking libpthread-stubs0-dev:amd64 (0.3-4) ...
Selecting previously unselected package libxcb1-dev:amd64.
Preparing to unpack .../116-libxcb1-dev_1.11.1-1.1_amd64.deb ...
Unpacking libxcb1-dev:amd64 (1.11.1-1.1) ...
Selecting previously unselected package libx11-dev:amd64.
Preparing to unpack .../117-libx11-dev_2%3a1.6.3-1_amd64.deb ...
Unpacking libx11-dev:amd64 (2:1.6.3-1) ...
Selecting previously unselected package x11proto-render-dev.
Preparing to unpack .../118-x11proto-render-dev_2%3a0.11.1-2_all.deb ...
Unpacking x11proto-render-dev (2:0.11.1-2) ...
Selecting previously unselected package libxrender-dev:amd64.
Preparing to unpack .../119-libxrender-dev_1%3a0.9.9-2_amd64.deb ...
Unpacking libxrender-dev:amd64 (1:0.9.9-2) ...
Selecting previously unselected package x11proto-xext-dev.
Preparing to unpack .../120-x11proto-xext-dev_7.3.0-1_all.deb ...
Unpacking x11proto-xext-dev (7.3.0-1) ...
Selecting previously unselected package libxext-dev:amd64.
Preparing to unpack .../121-libxext-dev_2%3a1.3.3-1_amd64.deb ...
Unpacking libxext-dev:amd64 (2:1.3.3-1) ...
Selecting previously unselected package libice-dev:amd64.
Preparing to unpack .../122-libice-dev_2%3a1.0.9-1+b1_amd64.deb ...
Unpacking libice-dev:amd64 (2:1.0.9-1+b1) ...
Selecting previously unselected package libsm-dev:amd64.
Preparing to unpack .../123-libsm-dev_2%3a1.2.2-1+b1_amd64.deb ...
Unpacking libsm-dev:amd64 (2:1.2.2-1+b1) ...
Selecting previously unselected package libpixman-1-dev.
Preparing to unpack .../124-libpixman-1-dev_0.33.6-1_amd64.deb ...
Unpacking libpixman-1-dev (0.33.6-1) ...
Selecting previously unselected package libxcb-render0-dev:amd64.
Preparing to unpack .../125-libxcb-render0-dev_1.11.1-1.1_amd64.deb ...
Unpacking libxcb-render0-dev:amd64 (1.11.1-1.1) ...
Selecting previously unselected package libxcb-shm0-dev:amd64.
Preparing to unpack .../126-libxcb-shm0-dev_1.11.1-1.1_amd64.deb ...
Unpacking libxcb-shm0-dev:amd64 (1.11.1-1.1) ...
Selecting previously unselected package libelf1:amd64.
Preparing to unpack .../127-libelf1_0.166-2_amd64.deb ...
Unpacking libelf1:amd64 (0.166-2) ...
Selecting previously unselected package libglib2.0-data.
Preparing to unpack .../128-libglib2.0-data_2.48.1-3_all.deb ...
Unpacking libglib2.0-data (2.48.1-3) ...
Selecting previously unselected package libglib2.0-bin.
Preparing to unpack .../129-libglib2.0-bin_2.48.1-3_amd64.deb ...
Unpacking libglib2.0-bin (2.48.1-3) ...
Selecting previously unselected package libpcre16-3:amd64.
Preparing to unpack .../130-libpcre16-3_2%3a8.39-2_amd64.deb ...
Unpacking libpcre16-3:amd64 (2:8.39-2) ...
Selecting previously unselected package libpcre32-3:amd64.
Preparing to unpack .../131-libpcre32-3_2%3a8.39-2_amd64.deb ...
Unpacking libpcre32-3:amd64 (2:8.39-2) ...
Selecting previously unselected package libpcre3-dev:amd64.
Preparing to unpack .../132-libpcre3-dev_2%3a8.39-2_amd64.deb ...
Unpacking libpcre3-dev:amd64 (2:8.39-2) ...
Selecting previously unselected package libglib2.0-dev.
Preparing to unpack .../133-libglib2.0-dev_2.48.1-3_amd64.deb ...
Unpacking libglib2.0-dev (2.48.1-3) ...
Selecting previously unselected package libcairo2-dev.
Preparing to unpack .../134-libcairo2-dev_1.14.6-1+b1_amd64.deb ...
Unpacking libcairo2-dev (1.14.6-1+b1) ...
Selecting previously unselected package libcdt5.
Preparing to unpack .../135-libcdt5_2.38.0-15_amd64.deb ...
Unpacking libcdt5 (2.38.0-15) ...
Selecting previously unselected package libcgraph6.
Preparing to unpack .../136-libcgraph6_2.38.0-15_amd64.deb ...
Unpacking libcgraph6 (2.38.0-15) ...
Selecting previously unselected package libdjvulibre-text.
Preparing to unpack .../137-libdjvulibre-text_3.5.27.1-6_all.deb ...
Unpacking libdjvulibre-text (3.5.27.1-6) ...
Selecting previously unselected package libdjvulibre21:amd64.
Preparing to unpack .../138-libdjvulibre21_3.5.27.1-6_amd64.deb ...
Unpacking libdjvulibre21:amd64 (3.5.27.1-6) ...
Selecting previously unselected package libjpeg62-turbo-dev:amd64.
Preparing to unpack .../139-libjpeg62-turbo-dev_1%3a1.5.0-1_amd64.deb ...
Unpacking libjpeg62-turbo-dev:amd64 (1:1.5.0-1) ...
Selecting previously unselected package libjpeg-dev.
Preparing to unpack .../140-libjpeg-dev_1%3a1.5.0-1_all.deb ...
Unpacking libjpeg-dev (1:1.5.0-1) ...
Selecting previously unselected package libdjvulibre-dev:amd64.
Preparing to unpack .../141-libdjvulibre-dev_3.5.27.1-6_amd64.deb ...
Unpacking libdjvulibre-dev:amd64 (3.5.27.1-6) ...
Selecting previously unselected package libjs-jquery.
Preparing to unpack .../142-libjs-jquery_1.12.4-1_all.deb ...
Unpacking libjs-jquery (1.12.4-1) ...
Selecting previously unselected package libexif-dev.
Preparing to unpack .../143-libexif-dev_0.6.21-2_amd64.deb ...
Unpacking libexif-dev (0.6.21-2) ...
Selecting previously unselected package libwebp6:amd64.
Preparing to unpack .../144-libwebp6_0.5.1-2_amd64.deb ...
Unpacking libwebp6:amd64 (0.5.1-2) ...
Selecting previously unselected package libgd3:amd64.
Preparing to unpack .../145-libgd3_2.2.3-3+b1_amd64.deb ...
Unpacking libgd3:amd64 (2.2.3-3+b1) ...
Selecting previously unselected package libgdk-pixbuf2.0-dev.
Preparing to unpack .../146-libgdk-pixbuf2.0-dev_2.34.0-1_amd64.deb ...
Unpacking libgdk-pixbuf2.0-dev (2.34.0-1) ...
Selecting previously unselected package libpathplan4.
Preparing to unpack .../147-libpathplan4_2.38.0-15_amd64.deb ...
Unpacking libpathplan4 (2.38.0-15) ...
Selecting previously unselected package libxdot4.
Preparing to unpack .../148-libxdot4_2.38.0-15_amd64.deb ...
Unpacking libxdot4 (2.38.0-15) ...
Selecting previously unselected package libgvc6.
Preparing to unpack .../149-libgvc6_2.38.0-15_amd64.deb ...
Unpacking libgvc6 (2.38.0-15) ...
Selecting previously unselected package libgvpr2.
Preparing to unpack .../150-libgvpr2_2.38.0-15_amd64.deb ...
Unpacking libgvpr2 (2.38.0-15) ...
Selecting previously unselected package libgtk2.0-common.
Preparing to unpack .../151-libgtk2.0-common_2.24.30-4_all.deb ...
Unpacking libgtk2.0-common (2.24.30-4) ...
Selecting previously unselected package libxi6:amd64.
Preparing to unpack .../152-libxi6_2%3a1.7.6-1_amd64.deb ...
Unpacking libxi6:amd64 (2:1.7.6-1) ...
Selecting previously unselected package libxrandr2:amd64.
Preparing to unpack .../153-libxrandr2_2%3a1.5.0-1_amd64.deb ...
Unpacking libxrandr2:amd64 (2:1.5.0-1) ...
Selecting previously unselected package libgtk2.0-0:amd64.
Preparing to unpack .../154-libgtk2.0-0_2.24.30-4_amd64.deb ...
Unpacking libgtk2.0-0:amd64 (2.24.30-4) ...
Selecting previously unselected package libgvc6-plugins-gtk.
Preparing to unpack .../155-libgvc6-plugins-gtk_2.38.0-15_amd64.deb ...
Unpacking libgvc6-plugins-gtk (2.38.0-15) ...
Selecting previously unselected package libltdl-dev:amd64.
Preparing to unpack .../156-libltdl-dev_2.4.6-2_amd64.deb ...
Unpacking libltdl-dev:amd64 (2.4.6-2) ...
Selecting previously unselected package libgraphviz-dev.
Preparing to unpack .../157-libgraphviz-dev_2.38.0-15_amd64.deb ...
Unpacking libgraphviz-dev (2.38.0-15) ...
Selecting previously unselected package libicu-dev.
Preparing to unpack .../158-libicu-dev_57.1-3_amd64.deb ...
Unpacking libicu-dev (57.1-3) ...
Selecting previously unselected package liblcms2-dev:amd64.
Preparing to unpack .../159-liblcms2-dev_2.7-1_amd64.deb ...
Unpacking liblcms2-dev:amd64 (2.7-1) ...
Selecting previously unselected package liblqr-1-0-dev.
Preparing to unpack .../160-liblqr-1-0-dev_0.4.2-2_amd64.deb ...
Unpacking liblqr-1-0-dev (0.4.2-2) ...
Selecting previously unselected package liblzma-dev:amd64.
Preparing to unpack .../161-liblzma-dev_5.1.1alpha+20120614-2.1_amd64.deb ...
Unpacking liblzma-dev:amd64 (5.1.1alpha+20120614-2.1) ...
Selecting previously unselected package libwmf0.2-7:amd64.
Preparing to unpack .../162-libwmf0.2-7_0.2.8.4-10.5+b1_amd64.deb ...
Unpacking libwmf0.2-7:amd64 (0.2.8.4-10.5+b1) ...
Selecting previously unselected package libmagickcore-6.q16-2-extra:amd64.
Preparing to unpack .../163-libmagickcore-6.q16-2-extra_8%3a6.8.9.9-7.2_amd64.deb ...
Unpacking libmagickcore-6.q16-2-extra:amd64 (8:6.8.9.9-7.2) ...
Selecting previously unselected package librsvg2-dev:amd64.
Preparing to unpack .../164-librsvg2-dev_2.40.16-1_amd64.deb ...
Unpacking librsvg2-dev:amd64 (2.40.16-1) ...
Selecting previously unselected package libjbig-dev:amd64.
Preparing to unpack .../165-libjbig-dev_2.1-3.1_amd64.deb ...
Unpacking libjbig-dev:amd64 (2.1-3.1) ...
Selecting previously unselected package libtiffxx5:amd64.
Preparing to unpack .../166-libtiffxx5_4.0.6-2_amd64.deb ...
Unpacking libtiffxx5:amd64 (4.0.6-2) ...
Selecting previously unselected package libtiff5-dev:amd64.
Preparing to unpack .../167-libtiff5-dev_4.0.6-2_amd64.deb ...
Unpacking libtiff5-dev:amd64 (4.0.6-2) ...
Selecting previously unselected package libwmf-dev.
Preparing to unpack .../168-libwmf-dev_0.2.8.4-10.5+b1_amd64.deb ...
Unpacking libwmf-dev (0.2.8.4-10.5+b1) ...
Selecting previously unselected package libxml2-dev:amd64.
Preparing to unpack .../169-libxml2-dev_2.9.4+dfsg1-1+b1_amd64.deb ...
Unpacking libxml2-dev:amd64 (2.9.4+dfsg1-1+b1) ...
Selecting previously unselected package libxt6:amd64.
Preparing to unpack .../170-libxt6_1%3a1.1.5-1_amd64.deb ...
Unpacking libxt6:amd64 (1:1.1.5-1) ...
Selecting previously unselected package libxt-dev:amd64.
Preparing to unpack .../171-libxt-dev_1%3a1.1.5-1_amd64.deb ...
Unpacking libxt-dev:amd64 (1:1.1.5-1) ...
Selecting previously unselected package libmagickcore-6.q16-dev:amd64.
Preparing to unpack .../172-libmagickcore-6.q16-dev_8%3a6.8.9.9-7.2_amd64.deb ...
Unpacking libmagickcore-6.q16-dev:amd64 (8:6.8.9.9-7.2) ...
Selecting previously unselected package libmagickcore-dev.
Preparing to unpack .../173-libmagickcore-dev_8%3a6.8.9.9-7.2_all.deb ...
Unpacking libmagickcore-dev (8:6.8.9.9-7.2) ...
Selecting previously unselected package libmagickwand-6-headers.
Preparing to unpack .../174-libmagickwand-6-headers_8%3a6.8.9.9-7.2_all.deb ...
Unpacking libmagickwand-6-headers (8:6.8.9.9-7.2) ...
Selecting previously unselected package libmagickwand-6.q16-dev:amd64.
Preparing to unpack .../175-libmagickwand-6.q16-dev_8%3a6.8.9.9-7.2_amd64.deb ...
Unpacking libmagickwand-6.q16-dev:amd64 (8:6.8.9.9-7.2) ...
Selecting previously unselected package libmagickwand-dev.
Preparing to unpack .../176-libmagickwand-dev_8%3a6.8.9.9-7.2_all.deb ...
Unpacking libmagickwand-dev (8:6.8.9.9-7.2) ...
Selecting previously unselected package libwmf-bin.
Preparing to unpack .../177-libwmf-bin_0.2.8.4-10.5+b1_amd64.deb ...
Unpacking libwmf-bin (0.2.8.4-10.5+b1) ...
Selecting previously unselected package ruby-diff-lcs.
Preparing to unpack .../178-ruby-diff-lcs_1.2.5-2_all.deb ...
Unpacking ruby-diff-lcs (1.2.5-2) ...
Selecting previously unselected package ruby-rspec-support.
Preparing to unpack .../179-ruby-rspec-support_3.4.0c3e0m1s1-1_all.deb ...
Unpacking ruby-rspec-support (3.4.0c3e0m1s1-1) ...
Selecting previously unselected package ruby-rspec-expectations.
Preparing to unpack .../180-ruby-rspec-expectations_3.4.0c3e0m1s1-1_all.deb ...
Unpacking ruby-rspec-expectations (3.4.0c3e0m1s1-1) ...
Selecting previously unselected package ruby-rspec-mocks.
Preparing to unpack .../181-ruby-rspec-mocks_3.4.0c3e0m1s1-1_all.deb ...
Unpacking ruby-rspec-mocks (3.4.0c3e0m1s1-1) ...
Selecting previously unselected package ruby-thread-order.
Preparing to unpack .../182-ruby-thread-order_1.1.0-1_all.deb ...
Unpacking ruby-thread-order (1.1.0-1) ...
Selecting previously unselected package ruby-rspec-core.
Preparing to unpack .../183-ruby-rspec-core_3.4.0c3e0m1s1-1_all.deb ...
Unpacking ruby-rspec-core (3.4.0c3e0m1s1-1) ...
Selecting previously unselected package ruby-rspec.
Preparing to unpack .../184-ruby-rspec_3.4.0c3e0m1s1-1_all.deb ...
Unpacking ruby-rspec (3.4.0c3e0m1s1-1) ...
Selecting previously unselected package sbuild-build-depends-ruby-rmagick-dummy.
Preparing to unpack .../185-sbuild-build-depends-ruby-rmagick-dummy_0.invalid.0_amd64.deb ...
Unpacking sbuild-build-depends-ruby-rmagick-dummy (0.invalid.0) ...
Setting up libgs9-common (9.19~dfsg-2) ...
Setting up libjs-jquery (1.12.4-1) ...
Setting up readline-common (6.3-8) ...
Setting up libnettle6:amd64 (3.2-1) ...
Setting up libpathplan4 (2.38.0-15) ...
Setting up libgtk2.0-common (2.24.30-4) ...
Setting up libbz2-dev:amd64 (1.0.6-8) ...
Setting up libopenjp2-7:amd64 (2.1.1-1) ...
Setting up libxdot4 (2.38.0-15) ...
Setting up libjpeg62-turbo:amd64 (1:1.5.0-1) ...
Setting up libarchive-zip-perl (1.59-1) ...
Setting up mime-support (3.60) ...
Setting up gsfonts (1:8.11+urwcyr1.0.7~pre44-4.2) ...
Setting up libpng16-16:amd64 (1.6.24-2) ...
Setting up libtimedate-perl (2.3000-2) ...
Setting up liblcms2-2:amd64 (2.7-1) ...
Setting up libjbig0:amd64 (2.1-3.1) ...
Setting up libsigsegv2:amd64 (2.10-5) ...
Setting up libpthread-stubs0-dev:amd64 (0.3-4) ...
Setting up fonts-dejavu-core (2.37-1) ...
Setting up poppler-data (0.4.7-7) ...
Setting up libdjvulibre-text (3.5.27.1-6) ...
Setting up libelf1:amd64 (0.166-2) ...
Setting up groff-base (1.22.3-8) ...
Setting up libglib2.0-0:amd64 (2.48.1-3) ...
No schema files found: doing nothing.
Setting up xorg-sgml-doctools (1:1.11-1) ...
Setting up libsasl2-modules-db:amd64 (2.1.26.dfsg1-15) ...
Setting up libsasl2-2:amd64 (2.1.26.dfsg1-15) ...
Setting up imagemagick-common (8:6.8.9.9-7.2) ...
Setting up libgdk-pixbuf2.0-common (2.34.0-1) ...
Setting up libdatrie1:amd64 (0.2.10-2) ...
Setting up libtiff5:amd64 (4.0.6-2) ...
Setting up gettext-base (0.19.8.1-1) ...
Setting up libpipeline1:amd64 (1.4.1-2) ...
Setting up x11proto-kb-dev (1.0.7-1) ...
Setting up m4 (1.4.17-5) ...
Setting up libfftw3-double3:amd64 (3.3.4-2+b1) ...
Setting up libicu57:amd64 (57.1-3) ...
Setting up ucf (3.0036) ...
Setting up libgirepository-1.0-1:amd64 (1.48.0-3) ...
Setting up libxml2:amd64 (2.9.4+dfsg1-1+b1) ...
Setting up libfreetype6:amd64 (2.6.3-3+b1) ...
Setting up libtasn1-6:amd64 (4.9-4) ...
Setting up libmagic-mgc (1:5.28-4) ...
Setting up libmagic1:amd64 (1:5.28-4) ...
Setting up libhogweed4:amd64 (3.2-1) ...
Setting up lsb-base (9.20160629) ...
Setting up libgraphite2-3:amd64 (1.3.8-1) ...
Setting up libjbig-dev:amd64 (2.1-3.1) ...
Setting up libcroco3:amd64 (0.6.11-1) ...
Setting up libilmbase12:amd64 (2.2.0-11) ...
Setting up libatk1.0-data (2.20.0-1) ...
Setting up pkg-config (0.29-4) ...
Setting up liblqr-1-0:amd64 (0.4.2-2) ...
Setting up libjbig2dec0:amd64 (0.13-3) ...
Setting up ruby-did-you-mean (1.0.0-2) ...
Setting up libyaml-0-2:amd64 (0.1.6-3) ...
Setting up libpixman-1-0:amd64 (0.33.6-1) ...
Setting up xtrans-dev (1.3.5-1) ...
Setting up gir1.2-glib-2.0:amd64 (1.48.0-3) ...
Setting up libglib2.0-data (2.48.1-3) ...
Processing triggers for libc-bin (2.23-5) ...
Setting up autotools-dev (20160430.1) ...
Setting up libunistring0:amd64 (0.9.6+really0.9.3-0.1) ...
Setting up libpixman-1-dev (0.33.6-1) ...
Setting up libatk1.0-0:amd64 (2.20.0-1) ...
Setting up libp11-kit0:amd64 (0.23.2-5) ...
Setting up libltdl7:amd64 (2.4.6-2) ...
Setting up openssl (1.0.2h-1) ...
Setting up ruby-net-telnet (0.1.1-2) ...
Setting up libijs-0.35:amd64 (0.35-12) ...
Setting up libsqlite3-0:amd64 (3.14.1-1) ...
Setting up libtiffxx5:amd64 (4.0.6-2) ...
Setting up libexpat1-dev:amd64 (2.2.0-1) ...
Setting up shared-mime-info (1.6-1) ...
Setting up libpcrecpp0v5:amd64 (2:8.39-2) ...
Setting up libpcre32-3:amd64 (2:8.39-2) ...
Setting up icu-devtools (57.1-3) ...
Setting up libpcre16-3:amd64 (2:8.39-2) ...
Setting up libthai-data (0.1.25-1) ...
Setting up libjpeg62-turbo-dev:amd64 (1:1.5.0-1) ...
Setting up liblzma-dev:amd64 (5.1.1alpha+20120614-2.1) ...
Setting up libxdmcp6:amd64 (1:1.1.2-1.1) ...
Setting up libkeyutils1:amd64 (1.5.9-9) ...
Setting up bsdmainutils (9.0.10) ...
update-alternatives: using /usr/bin/bsd-write to provide /usr/bin/write (write) in auto mode
update-alternatives: using /usr/bin/bsd-from to provide /usr/bin/from (from) in auto mode
Setting up libgmpxx4ldbl:amd64 (2:6.1.1+dfsg-1) ...
Setting up ruby-minitest (5.9.0-1) ...
Setting up x11-common (1:7.7+16) ...
update-rc.d: warning: start and stop actions are no longer supported; falling back to defaults
invoke-rc.d: could not determine current runlevel
All runlevel operations denied by policy
invoke-rc.d: policy-rc.d denied execution of start.
Setting up ca-certificates (20160104) ...
Setting up hicolor-icon-theme (0.15-1) ...
Setting up libglib2.0-bin (2.48.1-3) ...
Setting up libexif12:amd64 (0.6.21-2) ...
Setting up libcdt5 (2.38.0-15) ...
Setting up libx11-data (2:1.6.3-1) ...
Setting up libxau6:amd64 (1:1.0.8-1) ...
Setting up autopoint (0.19.8.1-1) ...
Setting up libidn11:amd64 (1.33-1) ...
Setting up libmpdec2:amd64 (2.4.2-1) ...
Setting up libdbus-1-3:amd64 (1.10.10-1) ...
Setting up libreadline6:amd64 (6.3-8+b4) ...
Setting up liblzo2-2:amd64 (2.08-1.2) ...
Setting up ruby-power-assert (0.3.0-1) ...
Setting up libavahi-common-data:amd64 (0.6.32-1) ...
Setting up libcgraph6 (2.38.0-15) ...
Setting up libwebp6:amd64 (0.5.1-2) ...
Setting up zlib1g-dev:amd64 (1:1.2.8.dfsg-2+b1) ...
Setting up libfile-stripnondeterminism-perl (0.023-2) ...
Setting up libgmp-dev:amd64 (2:6.1.1+dfsg-1) ...
Setting up libpaper1:amd64 (1.1.24+nmu4) ...

Creating config file /etc/papersize with new version
Setting up libgts-0.7-5:amd64 (0.7.6+darcs121130-1.2) ...
Setting up libpcre3-dev:amd64 (2:8.39-2) ...
Setting up fontconfig-config (2.11.0-6.7) ...
Setting up x11proto-core-dev (7.0.29-1) ...
Setting up liblqr-1-0-dev (0.4.2-2) ...
Setting up liblcms2-dev:amd64 (2.7-1) ...
Setting up libltdl-dev:amd64 (2.4.6-2) ...
Setting up libilmbase-dev (2.2.0-11) ...
Setting up ruby-test-unit (3.1.7-2) ...
Setting up libdjvulibre21:amd64 (3.5.27.1-6) ...
Setting up gettext (0.19.8.1-1) ...
Setting up libgvpr2 (2.38.0-15) ...
Setting up libdjvulibre-dev:amd64 (3.5.27.1-6) ...
Setting up libpython3.5-stdlib:amd64 (3.5.2-3) ...
Setting up libmagickcore-6-arch-config:amd64 (8:6.8.9.9-7.2) ...
Setting up libtiff5-dev:amd64 (4.0.6-2) ...
Setting up libgnutls30:amd64 (3.5.3-3) ...
Setting up libharfbuzz0b:amd64 (1.2.7-1+b1) ...
Setting up libxau-dev:amd64 (1:1.0.8-1) ...
Setting up autoconf (2.69-10) ...
Setting up libthai0:amd64 (0.1.25-1) ...
Setting up libicu-dev (57.1-3) ...
Setting up libopenexr22:amd64 (2.2.0-11) ...
Setting up file (1:5.28-4) ...
Setting up libkrb5support0:amd64 (1.14.3+dfsg-1) ...
Setting up libxml2-dev:amd64 (2.9.4+dfsg1-1+b1) ...
Setting up intltool-debian (0.35.0+20060710.4) ...
Setting up libxdmcp-dev:amd64 (1:1.1.2-1.1) ...
Setting up libjpeg-dev (1:1.5.0-1) ...
Setting up libexif-dev (0.6.21-2) ...
Setting up libldap-2.4-2:amd64 (2.4.42+dfsg-2+b2) ...
Setting up automake (1:1.15-4) ...
update-alternatives: using /usr/bin/automake-1.15 to provide /usr/bin/automake (automake) in auto mode
Setting up libice6:amd64 (2:1.0.9-1+b1) ...
Setting up rubygems-integration (1.10) ...
Setting up libmagickcore-6-headers (8:6.8.9.9-7.2) ...
Setting up libopenexr-dev (2.2.0-11) ...
Setting up man-db (2.7.5-1) ...
Not building database; man-db/auto-update is not 'true'.
Setting up libavahi-common3:amd64 (0.6.32-1) ...
Setting up libpng-dev:amd64 (1.6.24-2) ...
Setting up x11proto-render-dev (2:0.11.1-2) ...
Setting up libxcb1:amd64 (1.11.1-1.1) ...
Setting up x11proto-input-dev (2.3.2-1) ...
Setting up libtool (2.4.6-2) ...
Setting up python3.5 (3.5.2-3) ...
Setting up libpython3-stdlib:amd64 (3.5.1-4) ...
Setting up libfontconfig1:amd64 (2.11.0-6.7) ...
Setting up libsm6:amd64 (2:1.2.2-1+b1) ...
Setting up libk5crypto3:amd64 (1.14.3+dfsg-1) ...
Setting up libxcb-render0:amd64 (1.11.1-1.1) ...
Setting up po-debconf (1.0.19) ...
Setting up libmagickwand-6-headers (8:6.8.9.9-7.2) ...
Setting up libx11-6:amd64 (2:1.6.3-1) ...
Setting up x11proto-xext-dev (7.3.0-1) ...
Setting up libfreetype6-dev (2.6.3-3+b1) ...
Setting up libice-dev:amd64 (2:1.0.9-1+b1) ...
Setting up libxcomposite1:amd64 (1:0.4.4-1) ...
Setting up libxcb-shm0:amd64 (1.11.1-1.1) ...
Setting up libxpm4:amd64 (1:3.5.11-1+b1) ...
Setting up libxt6:amd64 (1:1.1.5-1) ...
Setting up libxrender1:amd64 (1:0.9.9-2) ...
Setting up libxcb1-dev:amd64 (1.11.1-1.1) ...
Setting up libavahi-client3:amd64 (0.6.32-1) ...
Setting up libkrb5-3:amd64 (1.14.3+dfsg-1) ...
Setting up libx11-dev:amd64 (2:1.6.3-1) ...
Setting up fontconfig (2.11.0-6.7) ...
Regenerating fonts cache... done.
Setting up libfontconfig1-dev:amd64 (2.11.0-6.7) ...
Setting up libsm-dev:amd64 (2:1.2.2-1+b1) ...
Setting up libxext6:amd64 (2:1.3.3-1) ...
Setting up libxfixes3:amd64 (1:5.0.2-1) ...
Setting up libgdk-pixbuf2.0-0:amd64 (2.34.0-1) ...
Setting up libxcb-shm0-dev:amd64 (1.11.1-1.1) ...
Setting up libgd3:amd64 (2.2.3-3+b1) ...
Setting up gir1.2-gdkpixbuf-2.0:amd64 (2.34.0-1) ...
Setting up libxrender-dev:amd64 (1:0.9.9-2) ...
Setting up libmagickcore-6.q16-2:amd64 (8:6.8.9.9-7.2) ...
Setting up libgssapi-krb5-2:amd64 (1.14.3+dfsg-1) ...
Setting up libxcb-render0-dev:amd64 (1.11.1-1.1) ...
Setting up gtk-update-icon-cache (3.20.9-1) ...
Setting up libxcursor1:amd64 (1:1.1.14-1+b1) ...
Setting up libxext-dev:amd64 (2:1.3.3-1) ...
Setting up libpango-1.0-0:amd64 (1.40.1-1) ...
Setting up libwmf0.2-7:amd64 (0.2.8.4-10.5+b1) ...
Setting up libxrandr2:amd64 (2:1.5.0-1) ...
Setting up libcups2:amd64 (2.1.4-4) ...
Setting up libxi6:amd64 (2:1.7.6-1) ...
Setting up libwmf-dev (0.2.8.4-10.5+b1) ...
Setting up libcairo2:amd64 (1.14.6-1+b1) ...
Setting up libxinerama1:amd64 (2:1.1.3-1+b1) ...
Setting up libxt-dev:amd64 (1:1.1.5-1) ...
Setting up libxdamage1:amd64 (1:1.1.4-2+b1) ...
Setting up libcairo-script-interpreter2:amd64 (1.14.6-1+b1) ...
Setting up libcairo-gobject2:amd64 (1.14.6-1+b1) ...
Setting up libmagickwand-6.q16-2:amd64 (8:6.8.9.9-7.2) ...
Setting up libwmf-bin (0.2.8.4-10.5+b1) ...
Setting up libpangoft2-1.0-0:amd64 (1.40.1-1) ...
Setting up gir1.2-freedesktop:amd64 (1.48.0-3) ...
Setting up libpangocairo-1.0-0:amd64 (1.40.1-1) ...
Setting up libmagickcore-6.q16-2-extra:amd64 (8:6.8.9.9-7.2) ...
Setting up libgvc6 (2.38.0-15) ...
Setting up librsvg2-2:amd64 (2.40.16-1) ...
Setting up librsvg2-common:amd64 (2.40.16-1) ...
Setting up gir1.2-rsvg-2.0:amd64 (2.40.16-1) ...
Setting up gnome-icon-theme (3.12.0-2) ...
update-alternatives: using /usr/share/icons/gnome/scalable/places/debian-swirl.svg to provide /usr/share/icons/gnome/scalable/places/start-here.svg (start-here.svg) in auto mode
Setting up libgtk2.0-0:amd64 (2.24.30-4) ...
Setting up libgvc6-plugins-gtk (2.38.0-15) ...
Setting up libgraphviz-dev (2.38.0-15) ...
Setting up dh-autoreconf (12) ...
Setting up python3 (3.5.1-4) ...
Setting up devscripts (2.16.7) ...
Setting up ruby2.3 (2.3.1-5) ...
Setting up libglib2.0-dev (2.48.1-3) ...
Setting up libcupsfilters1:amd64 (1.10.0-1) ...
Setting up libcupsimage2:amd64 (2.1.4-4) ...
Setting up libgdk-pixbuf2.0-dev (2.34.0-1) ...
Setting up ruby (1:2.3.0+4) ...
Setting up libgs9 (9.19~dfsg-2) ...
Setting up dh-python (2.20160818) ...
Setting up ruby-diff-lcs (1.2.5-2) ...
Setting up debhelper (9.20160814) ...
Setting up libcairo2-dev (1.14.6-1+b1) ...
Setting up rake (10.5.0-2) ...
Setting up ruby-thread-order (1.1.0-1) ...
Setting up ruby-rspec-support (3.4.0c3e0m1s1-1) ...
Setting up librsvg2-dev:amd64 (2.40.16-1) ...
Setting up ruby-setup (3.4.1-9) ...
Setting up ghostscript (9.19~dfsg-2) ...
Setting up dh-strip-nondeterminism (0.023-2) ...
Setting up libmagickcore-6.q16-dev:amd64 (8:6.8.9.9-7.2) ...
Setting up libruby2.3:amd64 (2.3.1-5) ...
Setting up gem2deb-test-runner (0.32) ...
Setting up ruby-rspec-expectations (3.4.0c3e0m1s1-1) ...
Setting up libmagickcore-dev (8:6.8.9.9-7.2) ...
Setting up ruby-rspec-mocks (3.4.0c3e0m1s1-1) ...
Setting up ruby-rspec-core (3.4.0c3e0m1s1-1) ...
Setting up libmagickwand-6.q16-dev:amd64 (8:6.8.9.9-7.2) ...
Setting up ruby2.3-dev:amd64 (2.3.1-5) ...
Setting up ruby-all-dev:amd64 (1:2.3.0+4) ...
Setting up ruby-rspec (3.4.0c3e0m1s1-1) ...
Setting up libmagickwand-dev (8:6.8.9.9-7.2) ...
Setting up gem2deb (0.32) ...
Setting up sbuild-build-depends-ruby-rmagick-dummy (0.invalid.0) ...
Processing triggers for libc-bin (2.23-5) ...
Processing triggers for ca-certificates (20160104) ...
Updating certificates in /etc/ssl/certs...
173 added, 0 removed; done.
Running hooks in /etc/ca-certificates/update.d...
done.
Processing triggers for libgdk-pixbuf2.0-0:amd64 (2.34.0-1) ...
W: No sandbox user '_apt' on the system, can not drop privileges

+------------------------------------------------------------------------------+
| Build environment                                                            |
+------------------------------------------------------------------------------+

Kernel: Linux 3.16.0-4-amd64 amd64 (x86_64)
Toolchain package versions: binutils_2.27-6 dpkg-dev_1.18.10 g++-6_6.2.0-1 gcc-6_6.2.0-1 libc6-dev_2.23-5 libstdc++-6-dev_6.2.0-1 libstdc++6_6.2.0-1 linux-libc-dev_4.7.2-1
Package versions: adduser_3.115 apt_1.3~rc2 autoconf_2.69-10 automake_1:1.15-4 autopoint_0.19.8.1-1 autotools-dev_20160430.1 base-files_9.6 base-passwd_3.5.40 bash_4.3-15 binutils_2.27-6 bsdmainutils_9.0.10 bsdutils_1:2.28.1-1 build-essential_12.2 bzip2_1.0.6-8 ca-certificates_20160104 clang-3.8_1:3.8.1-9 coreutils_8.25-2 cpp_4:6.1.1-1 cpp-6_6.2.0-1 dash_0.5.8-2.3 debconf_1.5.59 debfoster_2.7-2.1 debhelper_9.20160814 debian-archive-keyring_2014.3 debianutils_4.8 devscripts_2.16.7 dh-autoreconf_12 dh-python_2.20160818 dh-strip-nondeterminism_0.023-2 diffutils_1:3.3-3 dpkg_1.18.10 dpkg-dev_1.18.10 e2fslibs_1.43.1-1 e2fsprogs_1.43.1-1 eatmydata_105-3 fakeroot_1.21-1 file_1:5.28-4 findutils_4.6.0+git+20160703-2 fontconfig_2.11.0-6.7 fontconfig-config_2.11.0-6.7 fonts-dejavu-core_2.37-1 g++_4:6.1.1-1 g++-6_6.2.0-1 gcc_4:6.1.1-1 gcc-6_6.2.0-1 gcc-6-base_6.2.0-1 gem2deb_0.32 gem2deb-test-runner_0.32 gettext_0.19.8.1-1 gettext-base_0.19.8.1-1 ghostscript_9.19~dfsg-2 gir1.2-freedesktop_1.48.0-3 gir1.2-gdkpixbuf-2.0_2.34.0-1 gir1.2-glib-2.0_1.48.0-3 gir1.2-rsvg-2.0_2.40.16-1 gnome-icon-theme_3.12.0-2 gpgv_2.1.14-5 grep_2.25-6 groff-base_1.22.3-8 gsfonts_1:8.11+urwcyr1.0.7~pre44-4.2 gtk-update-icon-cache_3.20.9-1 gzip_1.6-5 hicolor-icon-theme_0.15-1 hostname_3.18 icu-devtools_57.1-3 imagemagick-common_8:6.8.9.9-7.2 init-system-helpers_1.42 intltool-debian_0.35.0+20060710.4 libacl1_2.2.52-3 libapt-pkg5.0_1.3~rc2 libarchive-zip-perl_1.59-1 libasan3_6.2.0-1 libatk1.0-0_2.20.0-1 libatk1.0-data_2.20.0-1 libatomic1_6.2.0-1 libattr1_1:2.4.47-2 libaudit-common_1:2.6.6-1 libaudit1_1:2.6.6-1 libavahi-client3_0.6.32-1 libavahi-common-data_0.6.32-1 libavahi-common3_0.6.32-1 libblkid1_2.28.1-1 libbsd0_0.8.3-1 libbz2-1.0_1.0.6-8 libbz2-dev_1.0.6-8 libc-bin_2.23-5 libc-dev-bin_2.23-5 libc6_2.23-5 libc6-dev_2.23-5 libcairo-gobject2_1.14.6-1+b1 libcairo-script-interpreter2_1.14.6-1+b1 libcairo2_1.14.6-1+b1 libcairo2-dev_1.14.6-1+b1 libcap-ng0_0.7.7-3 libcc1-0_6.2.0-1 libcdt5_2.38.0-15 libcgraph6_2.38.0-15 libcilkrts5_6.2.0-1 libclang-common-3.8-dev_1:3.8.1-9 libclang1-3.8_1:3.8.1-9 libcomerr2_1.43.1-1 libcroco3_0.6.11-1 libcups2_2.1.4-4 libcupsfilters1_1.10.0-1 libcupsimage2_2.1.4-4 libdatrie1_0.2.10-2 libdb5.3_5.3.28-12 libdbus-1-3_1.10.10-1 libdebconfclient0_0.215 libdjvulibre-dev_3.5.27.1-6 libdjvulibre-text_3.5.27.1-6 libdjvulibre21_3.5.27.1-6 libdpkg-perl_1.18.10 libeatmydata1_105-3 libedit2_3.1-20150325-1+b1 libelf1_0.166-2 libexif-dev_0.6.21-2 libexif12_0.6.21-2 libexpat1_2.2.0-1 libexpat1-dev_2.2.0-1 libfakeroot_1.21-1 libfdisk1_2.28.1-1 libffi6_3.2.1-4 libfftw3-double3_3.3.4-2+b1 libfile-stripnondeterminism-perl_0.023-2 libfontconfig1_2.11.0-6.7 libfontconfig1-dev_2.11.0-6.7 libfreetype6_2.6.3-3+b1 libfreetype6-dev_2.6.3-3+b1 libgc1c2_1:7.4.2-8 libgcc-6-dev_6.2.0-1 libgcc1_1:6.2.0-1 libgcrypt20_1.7.3-1 libgd3_2.2.3-3+b1 libgdbm3_1.8.3-14 libgdk-pixbuf2.0-0_2.34.0-1 libgdk-pixbuf2.0-common_2.34.0-1 libgdk-pixbuf2.0-dev_2.34.0-1 libgirepository-1.0-1_1.48.0-3 libglib2.0-0_2.48.1-3 libglib2.0-bin_2.48.1-3 libglib2.0-data_2.48.1-3 libglib2.0-dev_2.48.1-3 libgmp-dev_2:6.1.1+dfsg-1 libgmp10_2:6.1.1+dfsg-1 libgmpxx4ldbl_2:6.1.1+dfsg-1 libgnutls30_3.5.3-3 libgomp1_6.2.0-1 libgpg-error0_1.24-1 libgraphite2-3_1.3.8-1 libgraphviz-dev_2.38.0-15 libgs9_9.19~dfsg-2 libgs9-common_9.19~dfsg-2 libgssapi-krb5-2_1.14.3+dfsg-1 libgtk2.0-0_2.24.30-4 libgtk2.0-common_2.24.30-4 libgts-0.7-5_0.7.6+darcs121130-1.2 libgvc6_2.38.0-15 libgvc6-plugins-gtk_2.38.0-15 libgvpr2_2.38.0-15 libharfbuzz0b_1.2.7-1+b1 libhogweed4_3.2-1 libice-dev_2:1.0.9-1+b1 libice6_2:1.0.9-1+b1 libicu-dev_57.1-3 libicu57_57.1-3 libidn11_1.33-1 libijs-0.35_0.35-12 libilmbase-dev_2.2.0-11 libilmbase12_2.2.0-11 libisl15_0.17.1-1 libitm1_6.2.0-1 libjbig-dev_2.1-3.1 libjbig0_2.1-3.1 libjbig2dec0_0.13-3 libjpeg-dev_1:1.5.0-1 libjpeg62-turbo_1:1.5.0-1 libjpeg62-turbo-dev_1:1.5.0-1 libjs-jquery_1.12.4-1 libk5crypto3_1.14.3+dfsg-1 libkeyutils1_1.5.9-9 libkrb5-3_1.14.3+dfsg-1 libkrb5support0_1.14.3+dfsg-1 liblcms2-2_2.7-1 liblcms2-dev_2.7-1 libldap-2.4-2_2.4.42+dfsg-2+b2 libllvm3.8_1:3.8.1-9 liblqr-1-0_0.4.2-2 liblqr-1-0-dev_0.4.2-2 liblsan0_6.2.0-1 libltdl-dev_2.4.6-2 libltdl7_2.4.6-2 liblz4-1_0.0~r131-2 liblzma-dev_5.1.1alpha+20120614-2.1 liblzma5_5.1.1alpha+20120614-2.1 liblzo2-2_2.08-1.2 libmagic-mgc_1:5.28-4 libmagic1_1:5.28-4 libmagickcore-6-arch-config_8:6.8.9.9-7.2 libmagickcore-6-headers_8:6.8.9.9-7.2 libmagickcore-6.q16-2_8:6.8.9.9-7.2 libmagickcore-6.q16-2-extra_8:6.8.9.9-7.2 libmagickcore-6.q16-dev_8:6.8.9.9-7.2 libmagickcore-dev_8:6.8.9.9-7.2 libmagickwand-6-headers_8:6.8.9.9-7.2 libmagickwand-6.q16-2_8:6.8.9.9-7.2 libmagickwand-6.q16-dev_8:6.8.9.9-7.2 libmagickwand-dev_8:6.8.9.9-7.2 libmount1_2.28.1-1 libmpc3_1.0.3-1 libmpdec2_2.4.2-1 libmpfr4_3.1.4-2 libmpx2_6.2.0-1 libncurses5_6.0+20160625-1 libncursesw5_6.0+20160625-1 libnettle6_3.2-1 libobjc-6-dev_6.2.0-1 libobjc4_6.2.0-1 libopenexr-dev_2.2.0-11 libopenexr22_2.2.0-11 libopenjp2-7_2.1.1-1 libp11-kit0_0.23.2-5 libpam-modules_1.1.8-3.3 libpam-modules-bin_1.1.8-3.3 libpam-runtime_1.1.8-3.3 libpam0g_1.1.8-3.3 libpango-1.0-0_1.40.1-1 libpangocairo-1.0-0_1.40.1-1 libpangoft2-1.0-0_1.40.1-1 libpaper1_1.1.24+nmu4 libpathplan4_2.38.0-15 libpcre16-3_2:8.39-2 libpcre3_2:8.39-2 libpcre3-dev_2:8.39-2 libpcre32-3_2:8.39-2 libpcrecpp0v5_2:8.39-2 libperl5.22_5.22.2-3 libpipeline1_1.4.1-2 libpixman-1-0_0.33.6-1 libpixman-1-dev_0.33.6-1 libpng-dev_1.6.24-2 libpng16-16_1.6.24-2 libpthread-stubs0-dev_0.3-4 libpython3-stdlib_3.5.1-4 libpython3.5-minimal_3.5.2-3 libpython3.5-stdlib_3.5.2-3 libquadmath0_6.2.0-1 libreadline6_6.3-8+b4 librsvg2-2_2.40.16-1 librsvg2-common_2.40.16-1 librsvg2-dev_2.40.16-1 libruby2.3_2.3.1-5 libsasl2-2_2.1.26.dfsg1-15 libsasl2-modules-db_2.1.26.dfsg1-15 libselinux1_2.5-3 libsemanage-common_2.5-1 libsemanage1_2.5-1 libsepol1_2.5-1 libsigsegv2_2.10-5 libsm-dev_2:1.2.2-1+b1 libsm6_2:1.2.2-1+b1 libsmartcols1_2.28.1-1 libsqlite3-0_3.14.1-1 libss2_1.43.1-1 libssl1.0.2_1.0.2h-1 libstdc++-6-dev_6.2.0-1 libstdc++6_6.2.0-1 libsystemd0_231-5 libtasn1-6_4.9-4 libthai-data_0.1.25-1 libthai0_0.1.25-1 libtiff5_4.0.6-2 libtiff5-dev_4.0.6-2 libtiffxx5_4.0.6-2 libtimedate-perl_2.3000-2 libtinfo5_6.0+20160625-1 libtool_2.4.6-2 libtsan0_6.2.0-1 libubsan0_6.2.0-1 libudev1_231-5 libunistring0_0.9.6+really0.9.3-0.1 libustr-1.0-1_1.0.4-5 libuuid1_2.28.1-1 libwebp6_0.5.1-2 libwmf-bin_0.2.8.4-10.5+b1 libwmf-dev_0.2.8.4-10.5+b1 libwmf0.2-7_0.2.8.4-10.5+b1 libx11-6_2:1.6.3-1 libx11-data_2:1.6.3-1 libx11-dev_2:1.6.3-1 libxau-dev_1:1.0.8-1 libxau6_1:1.0.8-1 libxcb-render0_1.11.1-1.1 libxcb-render0-dev_1.11.1-1.1 libxcb-shm0_1.11.1-1.1 libxcb-shm0-dev_1.11.1-1.1 libxcb1_1.11.1-1.1 libxcb1-dev_1.11.1-1.1 libxcomposite1_1:0.4.4-1 libxcursor1_1:1.1.14-1+b1 libxdamage1_1:1.1.4-2+b1 libxdmcp-dev_1:1.1.2-1.1 libxdmcp6_1:1.1.2-1.1 libxdot4_2.38.0-15 libxext-dev_2:1.3.3-1 libxext6_2:1.3.3-1 libxfixes3_1:5.0.2-1 libxi6_2:1.7.6-1 libxinerama1_2:1.1.3-1+b1 libxml2_2.9.4+dfsg1-1+b1 libxml2-dev_2.9.4+dfsg1-1+b1 libxpm4_1:3.5.11-1+b1 libxrandr2_2:1.5.0-1 libxrender-dev_1:0.9.9-2 libxrender1_1:0.9.9-2 libxt-dev_1:1.1.5-1 libxt6_1:1.1.5-1 libyaml-0-2_0.1.6-3 linux-libc-dev_4.7.2-1 login_1:4.2-3.1 lsb-base_9.20160629 m4_1.4.17-5 make_4.1-9 man-db_2.7.5-1 mawk_1.3.3-17 mime-support_3.60 mount_2.28.1-1 multiarch-support_2.23-5 ncurses-base_6.0+20160625-1 ncurses-bin_6.0+20160625-1 openssl_1.0.2h-1 passwd_1:4.2-3.1 patch_2.7.5-1 perl_5.22.2-3 perl-base_5.22.2-3 perl-modules-5.22_5.22.2-3 pkg-config_0.29-4 po-debconf_1.0.19 poppler-data_0.4.7-7 python3_3.5.1-4 python3-minimal_3.5.1-4 python3.5_3.5.2-3 python3.5-minimal_3.5.2-3 rake_10.5.0-2 readline-common_6.3-8 ruby_1:2.3.0+4 ruby-all-dev_1:2.3.0+4 ruby-did-you-mean_1.0.0-2 ruby-diff-lcs_1.2.5-2 ruby-minitest_5.9.0-1 ruby-net-telnet_0.1.1-2 ruby-power-assert_0.3.0-1 ruby-rspec_3.4.0c3e0m1s1-1 ruby-rspec-core_3.4.0c3e0m1s1-1 ruby-rspec-expectations_3.4.0c3e0m1s1-1 ruby-rspec-mocks_3.4.0c3e0m1s1-1 ruby-rspec-support_3.4.0c3e0m1s1-1 ruby-setup_3.4.1-9 ruby-test-unit_3.1.7-2 ruby-thread-order_1.1.0-1 ruby2.3_2.3.1-5 ruby2.3-dev_2.3.1-5 rubygems-integration_1.10 sbuild-build-depends-core-dummy_0.invalid.0 sbuild-build-depends-ruby-rmagick-dummy_0.invalid.0 sed_4.2.2-7.1 sensible-utils_0.0.9 shared-mime-info_1.6-1 sysvinit-utils_2.88dsf-59.8 tar_1.29b-1 ucf_3.0036 util-linux_2.28.1-1 x11-common_1:7.7+16 x11proto-core-dev_7.0.29-1 x11proto-input-dev_2.3.2-1 x11proto-kb-dev_1.0.7-1 x11proto-render-dev_2:0.11.1-2 x11proto-xext-dev_7.3.0-1 xorg-sgml-doctools_1:1.11-1 xtrans-dev_1.3.5-1 xz-utils_5.1.1alpha+20120614-2.1 zlib1g_1:1.2.8.dfsg-2+b1 zlib1g-dev_1:1.2.8.dfsg-2+b1

+------------------------------------------------------------------------------+
| Build                                                                        |
+------------------------------------------------------------------------------+


Unpack source
-------------

gpgv: unknown type of key resource 'trustedkeys.kbx'
gpgv: keyblock resource '/sbuild-nonexistent/.gnupg/trustedkeys.kbx': General error
gpgv: Signature made Tue Aug 16 14:34:57 2016 UTC using RSA key ID 
gpgv: Can't check signature: No public key
dpkg-source: warning: failed to verify signature on ./ruby-rmagick_2.15.4+dfsg-2.dsc
dpkg-source: info: extracting ruby-rmagick in /<<BUILDDIR>>/ruby-rmagick-2.15.4+dfsg
dpkg-source: info: unpacking ruby-rmagick_2.15.4+dfsg.orig.tar.gz
dpkg-source: info: unpacking ruby-rmagick_2.15.4+dfsg-2.debian.tar.xz
dpkg-source: info: applying 0001-Bypass-version-check.patch
dpkg-source: info: applying 0002-Ignore-removed-srgb.icm-file-in-tests.patch
dpkg-source: info: applying 0003-Use-deterministic-label-for-image.patch
dpkg-source: info: applying 0004-Seed-RNG-to-0-during-builds.patch

Check disc space
----------------

Sufficient free space for build

User Environment
----------------

APT_CONFIG=/var/lib/sbuild/apt.conf
HOME=/sbuild-nonexistent
LC_ALL=POSIX
LOGNAME=user42
PATH=/usr/local/sbin:/usr/local/bin:/usr/sbin:/usr/bin:/sbin:/bin:/usr/games
SCHROOT_ALIAS_NAME=unstable-amd64-sbuild
SCHROOT_CHROOT_NAME=unstable-amd64-sbuild
SCHROOT_COMMAND=env
SCHROOT_GID=1001
SCHROOT_GROUP=user42
SCHROOT_SESSION_ID=unstable-amd64-sbuild-b14d6e40-a05e-42da-b143-ea08d6217ea9
SCHROOT_UID=1001
SCHROOT_USER=user42
SHELL=/bin/sh
USER=user42

dpkg-buildpackage
-----------------

dpkg-buildpackage: info: source package ruby-rmagick
dpkg-buildpackage: info: source version 2.15.4+dfsg-2
dpkg-buildpackage: info: source distribution unstable
dpkg-buildpackage: info: source changed by Antonio Terceiro <terceiro@debian.org>
 dpkg-source --before-build ruby-rmagick-2.15.4+dfsg
dpkg-buildpackage: info: host architecture amd64
 fakeroot debian/rules clean
dh clean --buildsystem=ruby --with ruby
   dh_testdir -O--buildsystem=ruby
   dh_auto_clean -O--buildsystem=ruby
	dh_ruby --clean
   dh_ruby --clean
   dh_clean -O--buildsystem=ruby
 debian/rules build-arch
dh build-arch --buildsystem=ruby --with ruby
   dh_testdir -a -O--buildsystem=ruby
   dh_update_autotools_config -a -O--buildsystem=ruby
   dh_auto_configure -a -O--buildsystem=ruby
	dh_ruby --configure
   dh_auto_build -a -O--buildsystem=ruby
	dh_ruby --build
   dh_ruby --build
   dh_auto_test -a -O--buildsystem=ruby
	dh_ruby --test
 fakeroot debian/rules binary-arch
dh binary-arch --buildsystem=ruby --with ruby
   dh_testroot -a -O--buildsystem=ruby
   dh_prep -a -O--buildsystem=ruby
   dh_auto_install -a -O--buildsystem=ruby
	dh_ruby --install /<<BUILDDIR>>/ruby-rmagick-2.15.4\+dfsg/debian/tmp
   dh_ruby --install


 Install files                                                                


install -d /<<BUILDDIR>>/ruby-rmagick-2.15.4+dfsg/debian/ruby-rmagick/usr/lib/ruby/vendor_ruby
install -D -m644 /<<BUILDDIR>>/ruby-rmagick-2.15.4+dfsg/lib/rmagick.rb /<<BUILDDIR>>/ruby-rmagick-2.15.4+dfsg/debian/ruby-rmagick/usr/lib/ruby/vendor_ruby/rmagick.rb
install -D -m644 /<<BUILDDIR>>/ruby-rmagick-2.15.4+dfsg/lib/rmagick/version.rb /<<BUILDDIR>>/ruby-rmagick-2.15.4+dfsg/debian/ruby-rmagick/usr/lib/ruby/vendor_ruby/rmagick/version.rb
install -D -m644 /<<BUILDDIR>>/ruby-rmagick-2.15.4+dfsg/lib/rmagick_internal.rb /<<BUILDDIR>>/ruby-rmagick-2.15.4+dfsg/debian/ruby-rmagick/usr/lib/ruby/vendor_ruby/rmagick_internal.rb
install -D -m644 /<<BUILDDIR>>/ruby-rmagick-2.15.4+dfsg/lib/rvg/deep_equal.rb /<<BUILDDIR>>/ruby-rmagick-2.15.4+dfsg/debian/ruby-rmagick/usr/lib/ruby/vendor_ruby/rvg/deep_equal.rb
install -D -m644 /<<BUILDDIR>>/ruby-rmagick-2.15.4+dfsg/lib/rvg/container.rb /<<BUILDDIR>>/ruby-rmagick-2.15.4+dfsg/debian/ruby-rmagick/usr/lib/ruby/vendor_ruby/rvg/container.rb
install -D -m644 /<<BUILDDIR>>/ruby-rmagick-2.15.4+dfsg/lib/rvg/stretchable.rb /<<BUILDDIR>>/ruby-rmagick-2.15.4+dfsg/debian/ruby-rmagick/usr/lib/ruby/vendor_ruby/rvg/stretchable.rb
install -D -m644 /<<BUILDDIR>>/ruby-rmagick-2.15.4+dfsg/lib/rvg/units.rb /<<BUILDDIR>>/ruby-rmagick-2.15.4+dfsg/debian/ruby-rmagick/usr/lib/ruby/vendor_ruby/rvg/units.rb
install -D -m644 /<<BUILDDIR>>/ruby-rmagick-2.15.4+dfsg/lib/rvg/stylable.rb /<<BUILDDIR>>/ruby-rmagick-2.15.4+dfsg/debian/ruby-rmagick/usr/lib/ruby/vendor_ruby/rvg/stylable.rb
install -D -m644 /<<BUILDDIR>>/ruby-rmagick-2.15.4+dfsg/lib/rvg/describable.rb /<<BUILDDIR>>/ruby-rmagick-2.15.4+dfsg/debian/ruby-rmagick/usr/lib/ruby/vendor_ruby/rvg/describable.rb
install -D -m644 /<<BUILDDIR>>/ruby-rmagick-2.15.4+dfsg/lib/rvg/embellishable.rb /<<BUILDDIR>>/ruby-rmagick-2.15.4+dfsg/debian/ruby-rmagick/usr/lib/ruby/vendor_ruby/rvg/embellishable.rb
install -D -m644 /<<BUILDDIR>>/ruby-rmagick-2.15.4+dfsg/lib/rvg/clippath.rb /<<BUILDDIR>>/ruby-rmagick-2.15.4+dfsg/debian/ruby-rmagick/usr/lib/ruby/vendor_ruby/rvg/clippath.rb
install -D -m644 /<<BUILDDIR>>/ruby-rmagick-2.15.4+dfsg/lib/rvg/paint.rb /<<BUILDDIR>>/ruby-rmagick-2.15.4+dfsg/debian/ruby-rmagick/usr/lib/ruby/vendor_ruby/rvg/paint.rb
install -D -m644 /<<BUILDDIR>>/ruby-rmagick-2.15.4+dfsg/lib/rvg/text.rb /<<BUILDDIR>>/ruby-rmagick-2.15.4+dfsg/debian/ruby-rmagick/usr/lib/ruby/vendor_ruby/rvg/text.rb
install -D -m644 /<<BUILDDIR>>/ruby-rmagick-2.15.4+dfsg/lib/rvg/pathdata.rb /<<BUILDDIR>>/ruby-rmagick-2.15.4+dfsg/debian/ruby-rmagick/usr/lib/ruby/vendor_ruby/rvg/pathdata.rb
install -D -m644 /<<BUILDDIR>>/ruby-rmagick-2.15.4+dfsg/lib/rvg/rvg.rb /<<BUILDDIR>>/ruby-rmagick-2.15.4+dfsg/debian/ruby-rmagick/usr/lib/ruby/vendor_ruby/rvg/rvg.rb
install -D -m644 /<<BUILDDIR>>/ruby-rmagick-2.15.4+dfsg/lib/rvg/transformable.rb /<<BUILDDIR>>/ruby-rmagick-2.15.4+dfsg/debian/ruby-rmagick/usr/lib/ruby/vendor_ruby/rvg/transformable.rb
install -D -m644 /<<BUILDDIR>>/ruby-rmagick-2.15.4+dfsg/lib/rvg/misc.rb /<<BUILDDIR>>/ruby-rmagick-2.15.4+dfsg/debian/ruby-rmagick/usr/lib/ruby/vendor_ruby/rvg/misc.rb


 Build native extensions for ruby2.3                                          


/usr/bin/ruby2.3 /usr/lib/ruby/vendor_ruby/gem2deb/extension_builder.rb /<<BUILDDIR>>/ruby-rmagick-2.15.4+dfsg debian/ruby-rmagick
current directory: /<<BUILDDIR>>/ruby-rmagick-2.15.4+dfsg/ext/RMagick
/usr/bin/ruby2.3 -r ./siteconf20160829-11732-1xkoz8t.rb extconf.rb
checking for gcc... yes
checking for Magick-config... no
checking for pkg-config... yes
checking for outdated ImageMagick version (<= 6.4.9)... no
checking for Ruby version >= 1.8.5... yes
checking for stdint.h... *** extconf.rb failed ***
Could not create Makefile due to some reason, probably lack of necessary
libraries and/or headers.  Check the mkmf.log file for more details.  You may
need configuration options.

Provided configuration options:
	--with-opt-dir
	--without-opt-dir
	--with-opt-include
	--without-opt-include=${opt-dir}/include
	--with-opt-lib
	--without-opt-lib=${opt-dir}/lib
	--with-make-prog
	--without-make-prog
	--srcdir=.
	--curdir
	--ruby=/usr/bin/$(RUBY_BASE_NAME)2.3
/usr/lib/ruby/2.3.0/mkmf.rb:456:in `try_do': The compiler failed to generate an executable file. (RuntimeError)
You have to install development tools first.
	from /usr/lib/ruby/2.3.0/mkmf.rb:587:in `try_cpp'
	from /usr/lib/ruby/2.3.0/mkmf.rb:1091:in `block in have_header'
	from /usr/lib/ruby/2.3.0/mkmf.rb:942:in `block in checking_for'
	from /usr/lib/ruby/2.3.0/mkmf.rb:350:in `block (2 levels) in postpone'
	from /usr/lib/ruby/2.3.0/mkmf.rb:320:in `open'
	from /usr/lib/ruby/2.3.0/mkmf.rb:350:in `block in postpone'
	from /usr/lib/ruby/2.3.0/mkmf.rb:320:in `open'
	from /usr/lib/ruby/2.3.0/mkmf.rb:346:in `postpone'
	from /usr/lib/ruby/2.3.0/mkmf.rb:941:in `checking_for'
	from /usr/lib/ruby/2.3.0/mkmf.rb:1090:in `have_header'
	from extconf.rb:38:in `configure_headers'
	from extconf.rb:18:in `initialize'
	from extconf.rb:517:in `new'
	from extconf.rb:517:in `<main>'
~~~~~~~~~~~~~~~~~~~~~  mkmf.log ~~~~~~~~~~~~~~~~~~~~~
cat: mkmf.log: No such file or directory
/usr/lib/ruby/2.3.0/rubygems/ext/builder.rb:92:in `run': extconf failed, exit code 1 (Gem::InstallError)
	from /usr/lib/ruby/2.3.0/rubygems/ext/ext_conf_builder.rb:37:in `block in build'
	from /usr/lib/ruby/2.3.0/tempfile.rb:295:in `open'
	from /usr/lib/ruby/2.3.0/rubygems/ext/ext_conf_builder.rb:20:in `build'
	from /usr/lib/ruby/vendor_ruby/gem2deb/extension_builder.rb:76:in `block in build_and_install'
	from /usr/lib/ruby/vendor_ruby/gem2deb/extension_builder.rb:70:in `chdir'
	from /usr/lib/ruby/vendor_ruby/gem2deb/extension_builder.rb:70:in `build_and_install'
	from /usr/lib/ruby/vendor_ruby/gem2deb/extension_builder.rb:108:in `block in build_all_extensions'
	from /usr/lib/ruby/vendor_ruby/gem2deb/extension_builder.rb:105:in `each'
	from /usr/lib/ruby/vendor_ruby/gem2deb/extension_builder.rb:105:in `build_all_extensions'
	from /usr/lib/ruby/vendor_ruby/gem2deb/extension_builder.rb:121:in `<main>'
~~~~~~~~~~~~~~~~~~~~~  mkmf.log ~~~~~~~~~~~~~~~~~~~~~
/usr/lib/ruby/vendor_ruby/gem2deb.rb:56:in `run': /usr/bin/ruby2.3 /usr/lib/ruby/vendor_ruby/gem2deb/extension_builder.rb /<<BUILDDIR>>/ruby-rmagick-2.15.4+dfsg debian/ruby-rmagick (Gem2Deb::CommandFailed)
	from /usr/lib/ruby/vendor_ruby/gem2deb.rb:67:in `run_ruby'
	from /usr/lib/ruby/vendor_ruby/gem2deb/installer.rb:37:in `block in install_files_and_build_extensions'
	from /usr/lib/ruby/vendor_ruby/gem2deb/installer.rb:34:in `each'
	from /usr/lib/ruby/vendor_ruby/gem2deb/installer.rb:34:in `install_files_and_build_extensions'
	from /usr/lib/ruby/vendor_ruby/gem2deb/dh_ruby.rb:84:in `block in install'
	from /usr/lib/ruby/vendor_ruby/gem2deb/dh_ruby.rb:82:in `each'
	from /usr/lib/ruby/vendor_ruby/gem2deb/dh_ruby.rb:82:in `install'
	from /usr/bin/dh_ruby:94:in `<main>'
dh_auto_install: dh_ruby --install /<<BUILDDIR>>/ruby-rmagick-2.15.4+dfsg/debian/tmp returned exit code 1
debian/rules:6: recipe for target 'binary-arch' failed
make: *** [binary-arch] Error 1
dpkg-buildpackage: error: fakeroot debian/rules binary-arch gave error exit status 2
--------------------------------------------------------------------------------
Build finished at 2016-08-29T17:04:34Z

Finished
--------


+------------------------------------------------------------------------------+
| Cleanup                                                                      |
+------------------------------------------------------------------------------+

Purging /<<BUILDDIR>>
Not cleaning session: cloned chroot in use
E: Build failure (dpkg-buildpackage died)

+------------------------------------------------------------------------------+
| Summary                                                                      |
+------------------------------------------------------------------------------+

Build Architecture: amd64
Build-Space: 0
Build-Time: 2
Distribution: unstable
Fail-Stage: build
Host Architecture: amd64
Install-Time: 40
Job: ruby-rmagick_2.15.4+dfsg-2
Machine Architecture: amd64
Package: ruby-rmagick
Package-Time: 70
Source-Version: 2.15.4+dfsg-2
Space: 0
Status: failed
Version: 2.15.4+dfsg-2
--------------------------------------------------------------------------------
Finished at 2016-08-29T17:04:34Z
Build needed 00:00:00, 0k disc space
E: Build failure (dpkg-buildpackage died)
DC-Status: Failed 70.385740381s
