DC-Build-Header: sphde 1.1.0-2 / 2016-08-29 16:10:30 +0000
DC-Task: type:rebuild-binarch-only source:sphde version:1.1.0-2 chroot:unstable esttime:679 logfile:/tmp/sphde_1.1.0-2_unstable_clang3.8.log modes:clang:binarch-only
DC-Sbuild-call: su user42 -c 'sbuild -n --arch-any --apt-update -d unstable -v  --chroot-setup-commands=/tmp/clang sphde_1.1.0-2'
sbuild (Debian sbuild) 0.70.0 (03 Aug 2016) on ip-172-31-4-237.eu-central-1.compute.internal

+==============================================================================+
| sphde 1.1.0-2 (amd64)                        Mon, 29 Aug 2016 16:10:31 +0000 |
+==============================================================================+

Package: sphde
Version: 1.1.0-2
Source Version: 1.1.0-2
Distribution: unstable
Machine Architecture: amd64
Host Architecture: amd64
Build Architecture: amd64

I: NOTICE: Log filtering will replace 'var/lib/schroot/mount/unstable-amd64-sbuild-9d71ca8f-d464-4607-888d-c53891b52215' with '<<CHROOT>>'

+------------------------------------------------------------------------------+
| Chroot Setup Commands                                                        |
+------------------------------------------------------------------------------+


/tmp/clang
----------

+ echo 'Entering customization script...'
Entering customization script...
+ CLANG_VERSION=3.8
+ echo 'Install of clang-3.8'
Install of clang-3.8
+ apt-get update
Get:1 http://127.0.0.1:9999/debian unstable InRelease [209 kB]
Get:2 http://127.0.0.1:9999/debian unstable/main Sources.diff/Index [27.9 kB]
Get:3 http://127.0.0.1:9999/debian unstable/main amd64 Packages.diff/Index [27.9 kB]
Get:4 http://127.0.0.1:9999/debian unstable/main Translation-en [5451 kB]
Get:5 http://127.0.0.1:9999/debian unstable/main Sources 2016-08-29-0319.00.pdiff [16.7 kB]
Get:6 http://127.0.0.1:9999/debian unstable/main Sources 2016-08-29-0916.07.pdiff [5442 B]
Get:7 http://127.0.0.1:9999/debian unstable/main amd64 Packages 2016-08-29-0319.00.pdiff [13.2 kB]
Get:8 http://127.0.0.1:9999/debian unstable/main amd64 Packages 2016-08-29-0916.07.pdiff [3300 B]
Get:6 http://127.0.0.1:9999/debian unstable/main Sources 2016-08-29-0916.07.pdiff [5442 B]
Get:8 http://127.0.0.1:9999/debian unstable/main amd64 Packages 2016-08-29-0916.07.pdiff [3300 B]
Fetched 5755 kB in 4s (1275 kB/s)
Reading package lists...
W: No sandbox user '_apt' on the system, can not drop privileges
+ apt-get install --yes --no-install-recommends --force-yes clang-3.8
Reading package lists...
Building dependency tree...
Reading state information...
The following additional packages will be installed:
  libbsd0 libclang-common-3.8-dev libclang1-3.8 libedit2 libffi6 libllvm3.8
  libobjc-6-dev libobjc4
Suggested packages:
  gnustep gnustep-devel clang-3.8-doc
Recommended packages:
  llvm-3.8-dev python
The following NEW packages will be installed:
  clang-3.8 libbsd0 libclang-common-3.8-dev libclang1-3.8 libedit2 libffi6
  libllvm3.8 libobjc-6-dev libobjc4
0 upgraded, 9 newly installed, 0 to remove and 1 not upgraded.
Need to get 38.3 MB of archives.
After this operation, 162 MB of additional disk space will be used.
Get:1 http://127.0.0.1:9999/debian unstable/main amd64 libbsd0 amd64 0.8.3-1 [83.0 kB]
Get:2 http://127.0.0.1:9999/debian unstable/main amd64 libedit2 amd64 3.1-20150325-1+b1 [85.2 kB]
Get:3 http://127.0.0.1:9999/debian unstable/main amd64 libffi6 amd64 3.2.1-4 [20.4 kB]
Get:4 http://127.0.0.1:9999/debian unstable/main amd64 libllvm3.8 amd64 1:3.8.1-9 [10.3 MB]
Get:5 http://127.0.0.1:9999/debian unstable/main amd64 libobjc4 amd64 6.2.0-1 [110 kB]
Get:6 http://127.0.0.1:9999/debian unstable/main amd64 libobjc-6-dev amd64 6.2.0-1 [394 kB]
Get:7 http://127.0.0.1:9999/debian unstable/main amd64 libclang1-3.8 amd64 1:3.8.1-9 [4188 kB]
Get:8 http://127.0.0.1:9999/debian unstable/main amd64 libclang-common-3.8-dev amd64 1:3.8.1-9 [1477 kB]
Get:9 http://127.0.0.1:9999/debian unstable/main amd64 clang-3.8 amd64 1:3.8.1-9 [21.6 MB]
debconf: delaying package configuration, since apt-utils is not installed
Fetched 38.3 MB in 3s (9613 kB/s)
Selecting previously unselected package libbsd0:amd64.
(Reading database ... (Reading database ... 5%(Reading database ... 10%(Reading database ... 15%(Reading database ... 20%(Reading database ... 25%(Reading database ... 30%(Reading database ... 35%(Reading database ... 40%(Reading database ... 45%(Reading database ... 50%(Reading database ... 55%(Reading database ... 60%(Reading database ... 65%(Reading database ... 70%(Reading database ... 75%(Reading database ... 80%(Reading database ... 85%(Reading database ... 90%(Reading database ... 95%(Reading database ... 100%(Reading database ... 9446 files and directories currently installed.)
Preparing to unpack .../0-libbsd0_0.8.3-1_amd64.deb ...
Unpacking libbsd0:amd64 (0.8.3-1) ...
Selecting previously unselected package libedit2:amd64.
Preparing to unpack .../1-libedit2_3.1-20150325-1+b1_amd64.deb ...
Unpacking libedit2:amd64 (3.1-20150325-1+b1) ...
Selecting previously unselected package libffi6:amd64.
Preparing to unpack .../2-libffi6_3.2.1-4_amd64.deb ...
Unpacking libffi6:amd64 (3.2.1-4) ...
Selecting previously unselected package libllvm3.8:amd64.
Preparing to unpack .../3-libllvm3.8_1%3a3.8.1-9_amd64.deb ...
Unpacking libllvm3.8:amd64 (1:3.8.1-9) ...
Selecting previously unselected package libobjc4:amd64.
Preparing to unpack .../4-libobjc4_6.2.0-1_amd64.deb ...
Unpacking libobjc4:amd64 (6.2.0-1) ...
Selecting previously unselected package libobjc-6-dev:amd64.
Preparing to unpack .../5-libobjc-6-dev_6.2.0-1_amd64.deb ...
Unpacking libobjc-6-dev:amd64 (6.2.0-1) ...
Selecting previously unselected package libclang1-3.8:amd64.
Preparing to unpack .../6-libclang1-3.8_1%3a3.8.1-9_amd64.deb ...
Unpacking libclang1-3.8:amd64 (1:3.8.1-9) ...
Selecting previously unselected package libclang-common-3.8-dev.
Preparing to unpack .../7-libclang-common-3.8-dev_1%3a3.8.1-9_amd64.deb ...
Unpacking libclang-common-3.8-dev (1:3.8.1-9) ...
Selecting previously unselected package clang-3.8.
Preparing to unpack .../8-clang-3.8_1%3a3.8.1-9_amd64.deb ...
Unpacking clang-3.8 (1:3.8.1-9) ...
Setting up libobjc4:amd64 (6.2.0-1) ...
Setting up libbsd0:amd64 (0.8.3-1) ...
Processing triggers for libc-bin (2.23-5) ...
Setting up libobjc-6-dev:amd64 (6.2.0-1) ...
Setting up libffi6:amd64 (3.2.1-4) ...
Setting up libedit2:amd64 (3.1-20150325-1+b1) ...
Setting up libllvm3.8:amd64 (1:3.8.1-9) ...
Setting up libclang-common-3.8-dev (1:3.8.1-9) ...
Setting up libclang1-3.8:amd64 (1:3.8.1-9) ...
Setting up clang-3.8 (1:3.8.1-9) ...
Processing triggers for libc-bin (2.23-5) ...
W: --force-yes is deprecated, use one of the options starting with --allow instead.
W: No sandbox user '_apt' on the system, can not drop privileges
+ echo 'Replace gcc, g++ & cpp by clang'
Replace gcc, g++ & cpp by clang
+ VERSIONS='4.6 4.7 4.8 4.9 5 6'
+ cd /usr/bin
+ for VERSION in '$VERSIONS'
+ rm -f g++-4.6 gcc-4.6 cpp-4.6 gcc
+ ln -s clang++-3.8 g++-4.6
+ ln -s clang-3.8 gcc-4.6
+ ln -s clang-3.8 cpp-4.6
+ ln -s clang-3.8 gcc
+ echo 'gcc-4.6 hold'
+ dpkg --set-selections
dpkg: warning: package not in database at line 1: gcc-4.6
dpkg: warning: found unknown packages; this might mean the available database
is outdated, and needs to be updated through a frontend method
+ echo 'g++-4.6 hold'
+ dpkg --set-selections
dpkg: warning: package not in database at line 1: g++-4.6
dpkg: warning: found unknown packages; this might mean the available database
is outdated, and needs to be updated through a frontend method
+ for VERSION in '$VERSIONS'
+ rm -f g++-4.7 gcc-4.7 cpp-4.7 gcc
+ ln -s clang++-3.8 g++-4.7
+ ln -s clang-3.8 gcc-4.7
+ ln -s clang-3.8 cpp-4.7
+ ln -s clang-3.8 gcc
+ echo 'gcc-4.7 hold'
+ dpkg --set-selections
dpkg: warning: package not in database at line 1: gcc-4.7
dpkg: warning: found unknown packages; this might mean the available database
is outdated, and needs to be updated through a frontend method
+ echo 'g++-4.7 hold'
+ dpkg --set-selections
dpkg: warning: package not in database at line 1: g++-4.7
dpkg: warning: found unknown packages; this might mean the available database
is outdated, and needs to be updated through a frontend method
+ for VERSION in '$VERSIONS'
+ rm -f g++-4.8 gcc-4.8 cpp-4.8 gcc
+ ln -s clang++-3.8 g++-4.8
+ ln -s clang-3.8 gcc-4.8
+ ln -s clang-3.8 cpp-4.8
+ ln -s clang-3.8 gcc
+ echo 'gcc-4.8 hold'
+ dpkg --set-selections
dpkg: warning: package not in database at line 1: gcc-4.8
dpkg: warning: found unknown packages; this might mean the available database
is outdated, and needs to be updated through a frontend method
+ echo 'g++-4.8 hold'
+ dpkg --set-selections
dpkg: warning: package not in database at line 1: g++-4.8
dpkg: warning: found unknown packages; this might mean the available database
is outdated, and needs to be updated through a frontend method
+ for VERSION in '$VERSIONS'
+ rm -f g++-4.9 gcc-4.9 cpp-4.9 gcc
+ ln -s clang++-3.8 g++-4.9
+ ln -s clang-3.8 gcc-4.9
+ ln -s clang-3.8 cpp-4.9
+ ln -s clang-3.8 gcc
+ echo 'gcc-4.9 hold'
+ dpkg --set-selections
dpkg: warning: package not in database at line 1: gcc-4.9
dpkg: warning: found unknown packages; this might mean the available database
is outdated, and needs to be updated through a frontend method
+ echo 'g++-4.9 hold'
+ dpkg --set-selections
dpkg: warning: package not in database at line 1: g++-4.9
dpkg: warning: found unknown packages; this might mean the available database
is outdated, and needs to be updated through a frontend method
+ for VERSION in '$VERSIONS'
+ rm -f g++-5 gcc-5 cpp-5 gcc
+ ln -s clang++-3.8 g++-5
+ ln -s clang-3.8 gcc-5
+ ln -s clang-3.8 cpp-5
+ ln -s clang-3.8 gcc
+ echo 'gcc-5 hold'
+ dpkg --set-selections
+ echo 'g++-5 hold'
+ dpkg --set-selections
+ for VERSION in '$VERSIONS'
+ rm -f g++-6 gcc-6 cpp-6 gcc
+ ln -s clang++-3.8 g++-6
+ ln -s clang-3.8 gcc-6
+ ln -s clang-3.8 cpp-6
+ ln -s clang-3.8 gcc
+ echo 'gcc-6 hold'
+ dpkg --set-selections
+ echo 'g++-6 hold'
+ dpkg --set-selections
+ cd -
/build/sphde-a0vskH
+ echo 'Check if gcc, g++ & cpp are actually clang'
Check if gcc, g++ & cpp are actually clang
+ gcc --version
+ grep clang
+ cpp --version
+ grep clang
+ g++ --version
+ grep clang

I: Finished running '/tmp/clang'.

Finished processing commands.
--------------------------------------------------------------------------------

+------------------------------------------------------------------------------+
| Update chroot                                                                |
+------------------------------------------------------------------------------+

Hit:1 http://127.0.0.1:9999/debian unstable InRelease
Reading package lists...
W: No sandbox user '_apt' on the system, can not drop privileges
Reading package lists...
Building dependency tree...
Reading state information...
Calculating upgrade...
The following packages will be upgraded:
  linux-libc-dev
1 upgraded, 0 newly installed, 0 to remove and 0 not upgraded.
Need to get 1158 kB of archives.
After this operation, 60.4 kB of additional disk space will be used.
Get:1 http://127.0.0.1:9999/debian unstable/main amd64 linux-libc-dev amd64 4.7.2-1 [1158 kB]
debconf: delaying package configuration, since apt-utils is not installed
Fetched 1158 kB in 0s (70.1 MB/s)
(Reading database ... (Reading database ... 5%(Reading database ... 10%(Reading database ... 15%(Reading database ... 20%(Reading database ... 25%(Reading database ... 30%(Reading database ... 35%(Reading database ... 40%(Reading database ... 45%(Reading database ... 50%(Reading database ... 55%(Reading database ... 60%(Reading database ... 65%(Reading database ... 70%(Reading database ... 75%(Reading database ... 80%(Reading database ... 85%(Reading database ... 90%(Reading database ... 95%(Reading database ... 100%(Reading database ... 9769 files and directories currently installed.)
Preparing to unpack .../linux-libc-dev_4.7.2-1_amd64.deb ...
Unpacking linux-libc-dev:amd64 (4.7.2-1) over (4.6.4-1) ...
Setting up linux-libc-dev:amd64 (4.7.2-1) ...
W: No sandbox user '_apt' on the system, can not drop privileges

+------------------------------------------------------------------------------+
| Fetch source files                                                           |
+------------------------------------------------------------------------------+


Check APT
---------

Checking available source versions...

Download source files with APT
------------------------------

Reading package lists...
Need to get 661 kB of source archives.
Get:1 http://127.0.0.1:9999/debian unstable/main sphde 1.1.0-2 (dsc) [1905 B]
Get:2 http://127.0.0.1:9999/debian unstable/main sphde 1.1.0-2 (tar) [645 kB]
Get:3 http://127.0.0.1:9999/debian unstable/main sphde 1.1.0-2 (diff) [14.1 kB]
Fetched 661 kB in 0s (4727 kB/s)
Download complete and in download only mode
I: NOTICE: Log filtering will replace 'build/sphde-a0vskH/sphde-1.1.0' with '<<PKGBUILDDIR>>'
I: NOTICE: Log filtering will replace 'build/sphde-a0vskH' with '<<BUILDDIR>>'

+------------------------------------------------------------------------------+
| Install build-essential                                                      |
+------------------------------------------------------------------------------+


Setup apt archive
-----------------

Merged Build-Depends: build-essential, fakeroot
Filtered Build-Depends: build-essential, fakeroot
dpkg-deb: building package 'sbuild-build-depends-core-dummy' in '/<<BUILDDIR>>/resolver-DqiDa9/apt_archive/sbuild-build-depends-core-dummy.deb'.
dpkg-scanpackages: warning: Packages in archive but missing from override file:
dpkg-scanpackages: warning:   sbuild-build-depends-core-dummy
dpkg-scanpackages: info: Wrote 1 entries to output Packages file.
Ign:1 copy:/<<BUILDDIR>>/resolver-DqiDa9/apt_archive ./ InRelease
Get:2 copy:/<<BUILDDIR>>/resolver-DqiDa9/apt_archive ./ Release [957 B]
Ign:3 copy:/<<BUILDDIR>>/resolver-DqiDa9/apt_archive ./ Release.gpg
Get:4 copy:/<<BUILDDIR>>/resolver-DqiDa9/apt_archive ./ Sources [349 B]
Get:5 copy:/<<BUILDDIR>>/resolver-DqiDa9/apt_archive ./ Packages [431 B]
Fetched 1737 B in 0s (0 B/s)
Reading package lists...
W: No sandbox user '_apt' on the system, can not drop privileges
Reading package lists...

Install core build dependencies (apt-based resolver)
----------------------------------------------------

Installing build dependencies
Reading package lists...
Building dependency tree...
Reading state information...
The following NEW packages will be installed:
  sbuild-build-depends-core-dummy
0 upgraded, 1 newly installed, 0 to remove and 0 not upgraded.
Need to get 774 B of archives.
After this operation, 0 B of additional disk space will be used.
Get:1 copy:/<<BUILDDIR>>/resolver-DqiDa9/apt_archive ./ sbuild-build-depends-core-dummy 0.invalid.0 [774 B]
debconf: delaying package configuration, since apt-utils is not installed
Fetched 774 B in 0s (0 B/s)
Selecting previously unselected package sbuild-build-depends-core-dummy.
(Reading database ... 9775 files and directories currently installed.)
Preparing to unpack .../sbuild-build-depends-core-dummy_0.invalid.0_amd64.deb ...
Unpacking sbuild-build-depends-core-dummy (0.invalid.0) ...
Setting up sbuild-build-depends-core-dummy (0.invalid.0) ...
W: No sandbox user '_apt' on the system, can not drop privileges

+------------------------------------------------------------------------------+
| Check architectures                                                          |
+------------------------------------------------------------------------------+

Arch check ok (amd64 included in any all)

+------------------------------------------------------------------------------+
| Install package build dependencies                                           |
+------------------------------------------------------------------------------+


Setup apt archive
-----------------

Merged Build-Depends: debhelper (>= 9), dh-autoreconf, doxygen, graphviz, pkg-kde-tools
Filtered Build-Depends: debhelper (>= 9), dh-autoreconf, doxygen, graphviz, pkg-kde-tools
dpkg-deb: building package 'sbuild-build-depends-sphde-dummy' in '/<<BUILDDIR>>/resolver-EmptTV/apt_archive/sbuild-build-depends-sphde-dummy.deb'.
dpkg-scanpackages: warning: Packages in archive but missing from override file:
dpkg-scanpackages: warning:   sbuild-build-depends-sphde-dummy
dpkg-scanpackages: info: Wrote 1 entries to output Packages file.
Ign:1 copy:/<<BUILDDIR>>/resolver-EmptTV/apt_archive ./ InRelease
Get:2 copy:/<<BUILDDIR>>/resolver-EmptTV/apt_archive ./ Release [957 B]
Ign:3 copy:/<<BUILDDIR>>/resolver-EmptTV/apt_archive ./ Release.gpg
Get:4 copy:/<<BUILDDIR>>/resolver-EmptTV/apt_archive ./ Sources [375 B]
Get:5 copy:/<<BUILDDIR>>/resolver-EmptTV/apt_archive ./ Packages [464 B]
Fetched 1796 B in 0s (0 B/s)
Reading package lists...
W: No sandbox user '_apt' on the system, can not drop privileges
Reading package lists...

Install sphde build dependencies (apt-based resolver)
-----------------------------------------------------

Installing build dependencies
Reading package lists...
Building dependency tree...
Reading state information...
The following additional packages will be installed:
  autoconf automake autopoint autotools-dev bsdmainutils debhelper
  dh-autoreconf dh-python dh-strip-nondeterminism doxygen file fontconfig
  fontconfig-config fonts-dejavu-core gcc-5-base gettext gettext-base graphviz
  groff-base intltool-debian libarchive-zip-perl libasan2 libcairo2 libcdt5
  libcgraph6 libclang1-3.6 libcroco3 libdatrie1 libexpat1
  libfile-stripnondeterminism-perl libfontconfig1 libfreetype6 libgcc-5-dev
  libgd3 libglib2.0-0 libgraphite2-3 libgts-0.7-5 libgvc6 libgvpr2
  libharfbuzz0b libice6 libicu57 libjbig0 libjpeg62-turbo libllvm3.6v5
  libltdl7 libmagic-mgc libmagic1 libmpdec2 libmpx0 libobjc-5-dev
  libpango-1.0-0 libpangocairo-1.0-0 libpangoft2-1.0-0 libpathplan4
  libpipeline1 libpixman-1-0 libpng16-16 libpython3-stdlib
  libpython3.5-minimal libpython3.5-stdlib libreadline6 libsigsegv2 libsm6
  libsqlite3-0 libssl1.0.2 libstdc++-5-dev libthai-data libthai0 libtiff5
  libtimedate-perl libtool libunistring0 libwebp6 libx11-6 libx11-data libxau6
  libxaw7 libxcb-render0 libxcb-shm0 libxcb1 libxdmcp6 libxdot4 libxext6
  libxml2 libxmu6 libxpm4 libxrender1 libxt6 lsb-base m4 man-db mime-support
  pkg-kde-tools po-debconf python3 python3-minimal python3.5 python3.5-minimal
  readline-common ucf x11-common
Suggested packages:
  autoconf-archive gnu-standards autoconf-doc wamerican | wordlist whois
  vacation dh-make doxygen-latex doxygen-doc doxygen-gui gettext-doc
  libasprintf-dev libgettextpo-dev gsfonts graphviz-doc groff libgd-tools
  libstdc++-5-doc libtool-doc gfortran | fortran95-compiler gcj-jdk less
  www-browser cdbs libmail-box-perl python3-doc python3-tk python3-venv
  python3.5-venv python3.5-doc binfmt-support readline-doc
Recommended packages:
  curl | wget | lynx-cur fonts-liberation libglib2.0-data shared-mime-info
  xdg-user-dirs libgts-bin libltdl-dev xml-core libwww-perl
  libmail-sendmail-perl
The following NEW packages will be installed:
  autoconf automake autopoint autotools-dev bsdmainutils debhelper
  dh-autoreconf dh-python dh-strip-nondeterminism doxygen file fontconfig
  fontconfig-config fonts-dejavu-core gcc-5-base gettext gettext-base graphviz
  groff-base intltool-debian libarchive-zip-perl libasan2 libcairo2 libcdt5
  libcgraph6 libclang1-3.6 libcroco3 libdatrie1 libexpat1
  libfile-stripnondeterminism-perl libfontconfig1 libfreetype6 libgcc-5-dev
  libgd3 libglib2.0-0 libgraphite2-3 libgts-0.7-5 libgvc6 libgvpr2
  libharfbuzz0b libice6 libicu57 libjbig0 libjpeg62-turbo libllvm3.6v5
  libltdl7 libmagic-mgc libmagic1 libmpdec2 libmpx0 libobjc-5-dev
  libpango-1.0-0 libpangocairo-1.0-0 libpangoft2-1.0-0 libpathplan4
  libpipeline1 libpixman-1-0 libpng16-16 libpython3-stdlib
  libpython3.5-minimal libpython3.5-stdlib libreadline6 libsigsegv2 libsm6
  libsqlite3-0 libssl1.0.2 libstdc++-5-dev libthai-data libthai0 libtiff5
  libtimedate-perl libtool libunistring0 libwebp6 libx11-6 libx11-data libxau6
  libxaw7 libxcb-render0 libxcb-shm0 libxcb1 libxdmcp6 libxdot4 libxext6
  libxml2 libxmu6 libxpm4 libxrender1 libxt6 lsb-base m4 man-db mime-support
  pkg-kde-tools po-debconf python3 python3-minimal python3.5 python3.5-minimal
  readline-common sbuild-build-depends-sphde-dummy ucf x11-common
0 upgraded, 103 newly installed, 0 to remove and 0 not upgraded.
Need to get 57.7 MB of archives.
After this operation, 222 MB of additional disk space will be used.
Get:1 copy:/<<BUILDDIR>>/resolver-EmptTV/apt_archive ./ sbuild-build-depends-sphde-dummy 0.invalid.0 [808 B]
Get:2 http://127.0.0.1:9999/debian unstable/main amd64 groff-base amd64 1.22.3-8 [1162 kB]
Get:3 http://127.0.0.1:9999/debian unstable/main amd64 bsdmainutils amd64 9.0.10 [184 kB]
Get:4 http://127.0.0.1:9999/debian unstable/main amd64 libpipeline1 amd64 1.4.1-2 [27.6 kB]
Get:5 http://127.0.0.1:9999/debian unstable/main amd64 man-db amd64 2.7.5-1 [1003 kB]
Get:6 http://127.0.0.1:9999/debian unstable/main amd64 libexpat1 amd64 2.2.0-1 [82.0 kB]
Get:7 http://127.0.0.1:9999/debian unstable/main amd64 libpng16-16 amd64 1.6.24-2 [279 kB]
Get:8 http://127.0.0.1:9999/debian unstable/main amd64 libfreetype6 amd64 2.6.3-3+b1 [437 kB]
Get:9 http://127.0.0.1:9999/debian unstable/main amd64 ucf all 3.0036 [70.2 kB]
Get:10 http://127.0.0.1:9999/debian unstable/main amd64 fonts-dejavu-core all 2.37-1 [1068 kB]
Get:11 http://127.0.0.1:9999/debian unstable/main amd64 fontconfig-config all 2.11.0-6.7 [271 kB]
Get:12 http://127.0.0.1:9999/debian unstable/main amd64 libfontconfig1 amd64 2.11.0-6.7 [331 kB]
Get:13 http://127.0.0.1:9999/debian unstable/main amd64 fontconfig amd64 2.11.0-6.7 [403 kB]
Get:14 http://127.0.0.1:9999/debian unstable/main amd64 libglib2.0-0 amd64 2.48.1-3 [2707 kB]
Get:15 http://127.0.0.1:9999/debian unstable/main amd64 libgts-0.7-5 amd64 0.7.6+darcs121130-1.2 [158 kB]
Get:16 http://127.0.0.1:9999/debian unstable/main amd64 lsb-base all 9.20160629 [27.6 kB]
Get:17 http://127.0.0.1:9999/debian unstable/main amd64 x11-common all 1:7.7+16 [251 kB]
Get:18 http://127.0.0.1:9999/debian unstable/main amd64 libice6 amd64 2:1.0.9-1+b1 [58.8 kB]
Get:19 http://127.0.0.1:9999/debian unstable/main amd64 libsm6 amd64 2:1.2.2-1+b1 [33.6 kB]
Get:20 http://127.0.0.1:9999/debian unstable/main amd64 libxau6 amd64 1:1.0.8-1 [20.7 kB]
Get:21 http://127.0.0.1:9999/debian unstable/main amd64 libxdmcp6 amd64 1:1.1.2-1.1 [26.2 kB]
Get:22 http://127.0.0.1:9999/debian unstable/main amd64 libxcb1 amd64 1.11.1-1.1 [45.3 kB]
Get:23 http://127.0.0.1:9999/debian unstable/main amd64 libx11-data all 2:1.6.3-1 [128 kB]
Get:24 http://127.0.0.1:9999/debian unstable/main amd64 libx11-6 amd64 2:1.6.3-1 [742 kB]
Get:25 http://127.0.0.1:9999/debian unstable/main amd64 libxext6 amd64 2:1.3.3-1 [52.7 kB]
Get:26 http://127.0.0.1:9999/debian unstable/main amd64 libxpm4 amd64 1:3.5.11-1+b1 [48.1 kB]
Get:27 http://127.0.0.1:9999/debian unstable/main amd64 libssl1.0.2 amd64 1.0.2h-1 [1287 kB]
Get:28 http://127.0.0.1:9999/debian unstable/main amd64 libpython3.5-minimal amd64 3.5.2-3 [568 kB]
Get:29 http://127.0.0.1:9999/debian unstable/main amd64 python3.5-minimal amd64 3.5.2-3 [1644 kB]
Get:30 http://127.0.0.1:9999/debian unstable/main amd64 python3-minimal amd64 3.5.1-4 [35.3 kB]
Get:31 http://127.0.0.1:9999/debian unstable/main amd64 mime-support all 3.60 [36.7 kB]
Get:32 http://127.0.0.1:9999/debian unstable/main amd64 libmpdec2 amd64 2.4.2-1 [85.2 kB]
Get:33 http://127.0.0.1:9999/debian unstable/main amd64 readline-common all 6.3-8 [57.7 kB]
Get:34 http://127.0.0.1:9999/debian unstable/main amd64 libreadline6 amd64 6.3-8+b4 [142 kB]
Get:35 http://127.0.0.1:9999/debian unstable/main amd64 libsqlite3-0 amd64 3.14.1-1 [559 kB]
Get:36 http://127.0.0.1:9999/debian unstable/main amd64 libpython3.5-stdlib amd64 3.5.2-3 [2126 kB]
Get:37 http://127.0.0.1:9999/debian unstable/main amd64 python3.5 amd64 3.5.2-3 [214 kB]
Get:38 http://127.0.0.1:9999/debian unstable/main amd64 libpython3-stdlib amd64 3.5.1-4 [18.6 kB]
Get:39 http://127.0.0.1:9999/debian unstable/main amd64 dh-python all 2.20160818 [83.0 kB]
Get:40 http://127.0.0.1:9999/debian unstable/main amd64 python3 amd64 3.5.1-4 [21.6 kB]
Get:41 http://127.0.0.1:9999/debian unstable/main amd64 libjbig0 amd64 2.1-3.1 [30.7 kB]
Get:42 http://127.0.0.1:9999/debian unstable/main amd64 gcc-5-base amd64 5.4.1-1 [173 kB]
Get:43 http://127.0.0.1:9999/debian unstable/main amd64 libmagic-mgc amd64 1:5.28-4 [210 kB]
Get:44 http://127.0.0.1:9999/debian unstable/main amd64 libmagic1 amd64 1:5.28-4 [109 kB]
Get:45 http://127.0.0.1:9999/debian unstable/main amd64 file amd64 1:5.28-4 [62.9 kB]
Get:46 http://127.0.0.1:9999/debian unstable/main amd64 gettext-base amd64 0.19.8.1-1 [121 kB]
Get:47 http://127.0.0.1:9999/debian unstable/main amd64 libicu57 amd64 57.1-3 [7676 kB]
Get:48 http://127.0.0.1:9999/debian unstable/main amd64 libxml2 amd64 2.9.4+dfsg1-1+b1 [919 kB]
Get:49 http://127.0.0.1:9999/debian unstable/main amd64 libsigsegv2 amd64 2.10-5 [28.9 kB]
Get:50 http://127.0.0.1:9999/debian unstable/main amd64 m4 amd64 1.4.17-5 [255 kB]
Get:51 http://127.0.0.1:9999/debian unstable/main amd64 autoconf all 2.69-10 [338 kB]
Get:52 http://127.0.0.1:9999/debian unstable/main amd64 autotools-dev all 20160430.1 [72.6 kB]
Get:53 http://127.0.0.1:9999/debian unstable/main amd64 automake all 1:1.15-4 [735 kB]
Get:54 http://127.0.0.1:9999/debian unstable/main amd64 autopoint all 0.19.8.1-1 [433 kB]
Get:55 http://127.0.0.1:9999/debian unstable/main amd64 libcroco3 amd64 0.6.11-1 [143 kB]
Get:56 http://127.0.0.1:9999/debian unstable/main amd64 libunistring0 amd64 0.9.6+really0.9.3-0.1 [279 kB]
Get:57 http://127.0.0.1:9999/debian unstable/main amd64 gettext amd64 0.19.8.1-1 [1493 kB]
Get:58 http://127.0.0.1:9999/debian unstable/main amd64 intltool-debian all 0.35.0+20060710.4 [26.3 kB]
Get:59 http://127.0.0.1:9999/debian unstable/main amd64 po-debconf all 1.0.19 [249 kB]
Get:60 http://127.0.0.1:9999/debian unstable/main amd64 libarchive-zip-perl all 1.59-1 [95.5 kB]
Get:61 http://127.0.0.1:9999/debian unstable/main amd64 libfile-stripnondeterminism-perl all 0.023-2 [13.4 kB]
Get:62 http://127.0.0.1:9999/debian unstable/main amd64 libtimedate-perl all 2.3000-2 [42.2 kB]
Get:63 http://127.0.0.1:9999/debian unstable/main amd64 dh-strip-nondeterminism all 0.023-2 [8202 B]
Get:64 http://127.0.0.1:9999/debian unstable/main amd64 libtool all 2.4.6-2 [545 kB]
Get:65 http://127.0.0.1:9999/debian unstable/main amd64 dh-autoreconf all 12 [15.8 kB]
Get:66 http://127.0.0.1:9999/debian unstable/main amd64 debhelper all 9.20160814 [800 kB]
Get:67 http://127.0.0.1:9999/debian unstable/main amd64 libllvm3.6v5 amd64 1:3.6.2-3 [8010 kB]
Get:68 http://127.0.0.1:9999/debian unstable/main amd64 libasan2 amd64 5.4.1-1 [261 kB]
Get:69 http://127.0.0.1:9999/debian unstable/main amd64 libmpx0 amd64 5.4.1-1 [9410 B]
Get:70 http://127.0.0.1:9999/debian unstable/main amd64 libgcc-5-dev amd64 5.4.1-1 [2214 kB]
Get:71 http://127.0.0.1:9999/debian unstable/main amd64 libstdc++-5-dev amd64 5.4.1-1 [1417 kB]
Get:72 http://127.0.0.1:9999/debian unstable/main amd64 libobjc-5-dev amd64 5.4.1-1 [373 kB]
Get:73 http://127.0.0.1:9999/debian unstable/main amd64 libclang1-3.6 amd64 1:3.6.2-3 [3664 kB]
Get:74 http://127.0.0.1:9999/debian unstable/main amd64 doxygen amd64 1.8.11-3 [3773 kB]
Get:75 http://127.0.0.1:9999/debian unstable/main amd64 libcdt5 amd64 2.38.0-15 [59.4 kB]
Get:76 http://127.0.0.1:9999/debian unstable/main amd64 libcgraph6 amd64 2.38.0-15 [82.0 kB]
Get:77 http://127.0.0.1:9999/debian unstable/main amd64 libjpeg62-turbo amd64 1:1.5.0-1 [132 kB]
Get:78 http://127.0.0.1:9999/debian unstable/main amd64 libtiff5 amd64 4.0.6-2 [222 kB]
Get:79 http://127.0.0.1:9999/debian unstable/main amd64 libwebp6 amd64 0.5.1-2 [235 kB]
Get:80 http://127.0.0.1:9999/debian unstable/main amd64 libgd3 amd64 2.2.3-3+b1 [136 kB]
Get:81 http://127.0.0.1:9999/debian unstable/main amd64 libpixman-1-0 amd64 0.33.6-1 [532 kB]
Get:82 http://127.0.0.1:9999/debian unstable/main amd64 libxcb-render0 amd64 1.11.1-1.1 [17.5 kB]
Get:83 http://127.0.0.1:9999/debian unstable/main amd64 libxcb-shm0 amd64 1.11.1-1.1 [11.6 kB]
Get:84 http://127.0.0.1:9999/debian unstable/main amd64 libxrender1 amd64 1:0.9.9-2 [31.8 kB]
Get:85 http://127.0.0.1:9999/debian unstable/main amd64 libcairo2 amd64 1.14.6-1+b1 [767 kB]
Get:86 http://127.0.0.1:9999/debian unstable/main amd64 libltdl7 amd64 2.4.6-2 [389 kB]
Get:87 http://127.0.0.1:9999/debian unstable/main amd64 libthai-data all 0.1.25-1 [165 kB]
Get:88 http://127.0.0.1:9999/debian unstable/main amd64 libdatrie1 amd64 0.2.10-2 [35.8 kB]
Get:89 http://127.0.0.1:9999/debian unstable/main amd64 libthai0 amd64 0.1.25-1 [51.6 kB]
Get:90 http://127.0.0.1:9999/debian unstable/main amd64 libpango-1.0-0 amd64 1.40.1-1 [311 kB]
Get:91 http://127.0.0.1:9999/debian unstable/main amd64 libgraphite2-3 amd64 1.3.8-1 [76.4 kB]
Get:92 http://127.0.0.1:9999/debian unstable/main amd64 libharfbuzz0b amd64 1.2.7-1+b1 [612 kB]
Get:93 http://127.0.0.1:9999/debian unstable/main amd64 libpangoft2-1.0-0 amd64 1.40.1-1 [236 kB]
Get:94 http://127.0.0.1:9999/debian unstable/main amd64 libpangocairo-1.0-0 amd64 1.40.1-1 [223 kB]
Get:95 http://127.0.0.1:9999/debian unstable/main amd64 libpathplan4 amd64 2.38.0-15 [62.6 kB]
Get:96 http://127.0.0.1:9999/debian unstable/main amd64 libxdot4 amd64 2.38.0-15 [55.4 kB]
Get:97 http://127.0.0.1:9999/debian unstable/main amd64 libgvc6 amd64 2.38.0-15 [637 kB]
Get:98 http://127.0.0.1:9999/debian unstable/main amd64 libgvpr2 amd64 2.38.0-15 [210 kB]
Get:99 http://127.0.0.1:9999/debian unstable/main amd64 libxt6 amd64 1:1.1.5-1 [188 kB]
Get:100 http://127.0.0.1:9999/debian unstable/main amd64 libxmu6 amd64 2:1.1.2-2 [60.3 kB]
Get:101 http://127.0.0.1:9999/debian unstable/main amd64 libxaw7 amd64 2:1.0.13-1 [200 kB]
Get:102 http://127.0.0.1:9999/debian unstable/main amd64 graphviz amd64 2.38.0-15 [733 kB]
Get:103 http://127.0.0.1:9999/debian unstable/main amd64 pkg-kde-tools all 0.15.23 [92.8 kB]
debconf: delaying package configuration, since apt-utils is not installed
Fetched 57.7 MB in 7s (7810 kB/s)
Selecting previously unselected package groff-base.
(Reading database ... 9775 files and directories currently installed.)
Preparing to unpack .../00-groff-base_1.22.3-8_amd64.deb ...
Unpacking groff-base (1.22.3-8) ...
Selecting previously unselected package bsdmainutils.
Preparing to unpack .../01-bsdmainutils_9.0.10_amd64.deb ...
Unpacking bsdmainutils (9.0.10) ...
Selecting previously unselected package libpipeline1:amd64.
Preparing to unpack .../02-libpipeline1_1.4.1-2_amd64.deb ...
Unpacking libpipeline1:amd64 (1.4.1-2) ...
Selecting previously unselected package man-db.
Preparing to unpack .../03-man-db_2.7.5-1_amd64.deb ...
Unpacking man-db (2.7.5-1) ...
Selecting previously unselected package libexpat1:amd64.
Preparing to unpack .../04-libexpat1_2.2.0-1_amd64.deb ...
Unpacking libexpat1:amd64 (2.2.0-1) ...
Selecting previously unselected package libpng16-16:amd64.
Preparing to unpack .../05-libpng16-16_1.6.24-2_amd64.deb ...
Unpacking libpng16-16:amd64 (1.6.24-2) ...
Selecting previously unselected package libfreetype6:amd64.
Preparing to unpack .../06-libfreetype6_2.6.3-3+b1_amd64.deb ...
Unpacking libfreetype6:amd64 (2.6.3-3+b1) ...
Selecting previously unselected package ucf.
Preparing to unpack .../07-ucf_3.0036_all.deb ...
Moving old data out of the way
Unpacking ucf (3.0036) ...
Selecting previously unselected package fonts-dejavu-core.
Preparing to unpack .../08-fonts-dejavu-core_2.37-1_all.deb ...
Unpacking fonts-dejavu-core (2.37-1) ...
Selecting previously unselected package fontconfig-config.
Preparing to unpack .../09-fontconfig-config_2.11.0-6.7_all.deb ...
Unpacking fontconfig-config (2.11.0-6.7) ...
Selecting previously unselected package libfontconfig1:amd64.
Preparing to unpack .../10-libfontconfig1_2.11.0-6.7_amd64.deb ...
Unpacking libfontconfig1:amd64 (2.11.0-6.7) ...
Selecting previously unselected package fontconfig.
Preparing to unpack .../11-fontconfig_2.11.0-6.7_amd64.deb ...
Unpacking fontconfig (2.11.0-6.7) ...
Selecting previously unselected package libglib2.0-0:amd64.
Preparing to unpack .../12-libglib2.0-0_2.48.1-3_amd64.deb ...
Unpacking libglib2.0-0:amd64 (2.48.1-3) ...
Selecting previously unselected package libgts-0.7-5:amd64.
Preparing to unpack .../13-libgts-0.7-5_0.7.6+darcs121130-1.2_amd64.deb ...
Unpacking libgts-0.7-5:amd64 (0.7.6+darcs121130-1.2) ...
Selecting previously unselected package lsb-base.
Preparing to unpack .../14-lsb-base_9.20160629_all.deb ...
Unpacking lsb-base (9.20160629) ...
Selecting previously unselected package x11-common.
Preparing to unpack .../15-x11-common_1%3a7.7+16_all.deb ...
Unpacking x11-common (1:7.7+16) ...
Selecting previously unselected package libice6:amd64.
Preparing to unpack .../16-libice6_2%3a1.0.9-1+b1_amd64.deb ...
Unpacking libice6:amd64 (2:1.0.9-1+b1) ...
Selecting previously unselected package libsm6:amd64.
Preparing to unpack .../17-libsm6_2%3a1.2.2-1+b1_amd64.deb ...
Unpacking libsm6:amd64 (2:1.2.2-1+b1) ...
Selecting previously unselected package libxau6:amd64.
Preparing to unpack .../18-libxau6_1%3a1.0.8-1_amd64.deb ...
Unpacking libxau6:amd64 (1:1.0.8-1) ...
Selecting previously unselected package libxdmcp6:amd64.
Preparing to unpack .../19-libxdmcp6_1%3a1.1.2-1.1_amd64.deb ...
Unpacking libxdmcp6:amd64 (1:1.1.2-1.1) ...
Selecting previously unselected package libxcb1:amd64.
Preparing to unpack .../20-libxcb1_1.11.1-1.1_amd64.deb ...
Unpacking libxcb1:amd64 (1.11.1-1.1) ...
Selecting previously unselected package libx11-data.
Preparing to unpack .../21-libx11-data_2%3a1.6.3-1_all.deb ...
Unpacking libx11-data (2:1.6.3-1) ...
Selecting previously unselected package libx11-6:amd64.
Preparing to unpack .../22-libx11-6_2%3a1.6.3-1_amd64.deb ...
Unpacking libx11-6:amd64 (2:1.6.3-1) ...
Selecting previously unselected package libxext6:amd64.
Preparing to unpack .../23-libxext6_2%3a1.3.3-1_amd64.deb ...
Unpacking libxext6:amd64 (2:1.3.3-1) ...
Selecting previously unselected package libxpm4:amd64.
Preparing to unpack .../24-libxpm4_1%3a3.5.11-1+b1_amd64.deb ...
Unpacking libxpm4:amd64 (1:3.5.11-1+b1) ...
Selecting previously unselected package libssl1.0.2:amd64.
Preparing to unpack .../25-libssl1.0.2_1.0.2h-1_amd64.deb ...
Unpacking libssl1.0.2:amd64 (1.0.2h-1) ...
Selecting previously unselected package libpython3.5-minimal:amd64.
Preparing to unpack .../26-libpython3.5-minimal_3.5.2-3_amd64.deb ...
Unpacking libpython3.5-minimal:amd64 (3.5.2-3) ...
Selecting previously unselected package python3.5-minimal.
Preparing to unpack .../27-python3.5-minimal_3.5.2-3_amd64.deb ...
Unpacking python3.5-minimal (3.5.2-3) ...
Selecting previously unselected package python3-minimal.
Preparing to unpack .../28-python3-minimal_3.5.1-4_amd64.deb ...
Unpacking python3-minimal (3.5.1-4) ...
Selecting previously unselected package mime-support.
Preparing to unpack .../29-mime-support_3.60_all.deb ...
Unpacking mime-support (3.60) ...
Selecting previously unselected package libmpdec2:amd64.
Preparing to unpack .../30-libmpdec2_2.4.2-1_amd64.deb ...
Unpacking libmpdec2:amd64 (2.4.2-1) ...
Selecting previously unselected package readline-common.
Preparing to unpack .../31-readline-common_6.3-8_all.deb ...
Unpacking readline-common (6.3-8) ...
Selecting previously unselected package libreadline6:amd64.
Preparing to unpack .../32-libreadline6_6.3-8+b4_amd64.deb ...
Unpacking libreadline6:amd64 (6.3-8+b4) ...
Selecting previously unselected package libsqlite3-0:amd64.
Preparing to unpack .../33-libsqlite3-0_3.14.1-1_amd64.deb ...
Unpacking libsqlite3-0:amd64 (3.14.1-1) ...
Selecting previously unselected package libpython3.5-stdlib:amd64.
Preparing to unpack .../34-libpython3.5-stdlib_3.5.2-3_amd64.deb ...
Unpacking libpython3.5-stdlib:amd64 (3.5.2-3) ...
Selecting previously unselected package python3.5.
Preparing to unpack .../35-python3.5_3.5.2-3_amd64.deb ...
Unpacking python3.5 (3.5.2-3) ...
Selecting previously unselected package libpython3-stdlib:amd64.
Preparing to unpack .../36-libpython3-stdlib_3.5.1-4_amd64.deb ...
Unpacking libpython3-stdlib:amd64 (3.5.1-4) ...
Selecting previously unselected package dh-python.
Preparing to unpack .../37-dh-python_2.20160818_all.deb ...
Unpacking dh-python (2.20160818) ...
Setting up libssl1.0.2:amd64 (1.0.2h-1) ...
Setting up libpython3.5-minimal:amd64 (3.5.2-3) ...
Setting up libexpat1:amd64 (2.2.0-1) ...
Setting up python3.5-minimal (3.5.2-3) ...
Setting up python3-minimal (3.5.1-4) ...
Selecting previously unselected package python3.
(Reading database ... 11902 files and directories currently installed.)
Preparing to unpack .../00-python3_3.5.1-4_amd64.deb ...
Unpacking python3 (3.5.1-4) ...
Selecting previously unselected package libjbig0:amd64.
Preparing to unpack .../01-libjbig0_2.1-3.1_amd64.deb ...
Unpacking libjbig0:amd64 (2.1-3.1) ...
Selecting previously unselected package gcc-5-base:amd64.
Preparing to unpack .../02-gcc-5-base_5.4.1-1_amd64.deb ...
Unpacking gcc-5-base:amd64 (5.4.1-1) ...
Selecting previously unselected package libmagic-mgc.
Preparing to unpack .../03-libmagic-mgc_1%3a5.28-4_amd64.deb ...
Unpacking libmagic-mgc (1:5.28-4) ...
Selecting previously unselected package libmagic1:amd64.
Preparing to unpack .../04-libmagic1_1%3a5.28-4_amd64.deb ...
Unpacking libmagic1:amd64 (1:5.28-4) ...
Selecting previously unselected package file.
Preparing to unpack .../05-file_1%3a5.28-4_amd64.deb ...
Unpacking file (1:5.28-4) ...
Selecting previously unselected package gettext-base.
Preparing to unpack .../06-gettext-base_0.19.8.1-1_amd64.deb ...
Unpacking gettext-base (0.19.8.1-1) ...
Selecting previously unselected package libicu57:amd64.
Preparing to unpack .../07-libicu57_57.1-3_amd64.deb ...
Unpacking libicu57:amd64 (57.1-3) ...
Selecting previously unselected package libxml2:amd64.
Preparing to unpack .../08-libxml2_2.9.4+dfsg1-1+b1_amd64.deb ...
Unpacking libxml2:amd64 (2.9.4+dfsg1-1+b1) ...
Selecting previously unselected package libsigsegv2:amd64.
Preparing to unpack .../09-libsigsegv2_2.10-5_amd64.deb ...
Unpacking libsigsegv2:amd64 (2.10-5) ...
Selecting previously unselected package m4.
Preparing to unpack .../10-m4_1.4.17-5_amd64.deb ...
Unpacking m4 (1.4.17-5) ...
Selecting previously unselected package autoconf.
Preparing to unpack .../11-autoconf_2.69-10_all.deb ...
Unpacking autoconf (2.69-10) ...
Selecting previously unselected package autotools-dev.
Preparing to unpack .../12-autotools-dev_20160430.1_all.deb ...
Unpacking autotools-dev (20160430.1) ...
Selecting previously unselected package automake.
Preparing to unpack .../13-automake_1%3a1.15-4_all.deb ...
Unpacking automake (1:1.15-4) ...
Selecting previously unselected package autopoint.
Preparing to unpack .../14-autopoint_0.19.8.1-1_all.deb ...
Unpacking autopoint (0.19.8.1-1) ...
Selecting previously unselected package libcroco3:amd64.
Preparing to unpack .../15-libcroco3_0.6.11-1_amd64.deb ...
Unpacking libcroco3:amd64 (0.6.11-1) ...
Selecting previously unselected package libunistring0:amd64.
Preparing to unpack .../16-libunistring0_0.9.6+really0.9.3-0.1_amd64.deb ...
Unpacking libunistring0:amd64 (0.9.6+really0.9.3-0.1) ...
Selecting previously unselected package gettext.
Preparing to unpack .../17-gettext_0.19.8.1-1_amd64.deb ...
Unpacking gettext (0.19.8.1-1) ...
Selecting previously unselected package intltool-debian.
Preparing to unpack .../18-intltool-debian_0.35.0+20060710.4_all.deb ...
Unpacking intltool-debian (0.35.0+20060710.4) ...
Selecting previously unselected package po-debconf.
Preparing to unpack .../19-po-debconf_1.0.19_all.deb ...
Unpacking po-debconf (1.0.19) ...
Selecting previously unselected package libarchive-zip-perl.
Preparing to unpack .../20-libarchive-zip-perl_1.59-1_all.deb ...
Unpacking libarchive-zip-perl (1.59-1) ...
Selecting previously unselected package libfile-stripnondeterminism-perl.
Preparing to unpack .../21-libfile-stripnondeterminism-perl_0.023-2_all.deb ...
Unpacking libfile-stripnondeterminism-perl (0.023-2) ...
Selecting previously unselected package libtimedate-perl.
Preparing to unpack .../22-libtimedate-perl_2.3000-2_all.deb ...
Unpacking libtimedate-perl (2.3000-2) ...
Selecting previously unselected package dh-strip-nondeterminism.
Preparing to unpack .../23-dh-strip-nondeterminism_0.023-2_all.deb ...
Unpacking dh-strip-nondeterminism (0.023-2) ...
Selecting previously unselected package libtool.
Preparing to unpack .../24-libtool_2.4.6-2_all.deb ...
Unpacking libtool (2.4.6-2) ...
Selecting previously unselected package dh-autoreconf.
Preparing to unpack .../25-dh-autoreconf_12_all.deb ...
Unpacking dh-autoreconf (12) ...
Selecting previously unselected package debhelper.
Preparing to unpack .../26-debhelper_9.20160814_all.deb ...
Unpacking debhelper (9.20160814) ...
Selecting previously unselected package libllvm3.6v5:amd64.
Preparing to unpack .../27-libllvm3.6v5_1%3a3.6.2-3_amd64.deb ...
Unpacking libllvm3.6v5:amd64 (1:3.6.2-3) ...
Selecting previously unselected package libasan2:amd64.
Preparing to unpack .../28-libasan2_5.4.1-1_amd64.deb ...
Unpacking libasan2:amd64 (5.4.1-1) ...
Selecting previously unselected package libmpx0:amd64.
Preparing to unpack .../29-libmpx0_5.4.1-1_amd64.deb ...
Unpacking libmpx0:amd64 (5.4.1-1) ...
Selecting previously unselected package libgcc-5-dev:amd64.
Preparing to unpack .../30-libgcc-5-dev_5.4.1-1_amd64.deb ...
Unpacking libgcc-5-dev:amd64 (5.4.1-1) ...
Selecting previously unselected package libstdc++-5-dev:amd64.
Preparing to unpack .../31-libstdc++-5-dev_5.4.1-1_amd64.deb ...
Unpacking libstdc++-5-dev:amd64 (5.4.1-1) ...
Selecting previously unselected package libobjc-5-dev:amd64.
Preparing to unpack .../32-libobjc-5-dev_5.4.1-1_amd64.deb ...
Unpacking libobjc-5-dev:amd64 (5.4.1-1) ...
Selecting previously unselected package libclang1-3.6:amd64.
Preparing to unpack .../33-libclang1-3.6_1%3a3.6.2-3_amd64.deb ...
Unpacking libclang1-3.6:amd64 (1:3.6.2-3) ...
Selecting previously unselected package doxygen.
Preparing to unpack .../34-doxygen_1.8.11-3_amd64.deb ...
Unpacking doxygen (1.8.11-3) ...
Selecting previously unselected package libcdt5.
Preparing to unpack .../35-libcdt5_2.38.0-15_amd64.deb ...
Unpacking libcdt5 (2.38.0-15) ...
Selecting previously unselected package libcgraph6.
Preparing to unpack .../36-libcgraph6_2.38.0-15_amd64.deb ...
Unpacking libcgraph6 (2.38.0-15) ...
Selecting previously unselected package libjpeg62-turbo:amd64.
Preparing to unpack .../37-libjpeg62-turbo_1%3a1.5.0-1_amd64.deb ...
Unpacking libjpeg62-turbo:amd64 (1:1.5.0-1) ...
Selecting previously unselected package libtiff5:amd64.
Preparing to unpack .../38-libtiff5_4.0.6-2_amd64.deb ...
Unpacking libtiff5:amd64 (4.0.6-2) ...
Selecting previously unselected package libwebp6:amd64.
Preparing to unpack .../39-libwebp6_0.5.1-2_amd64.deb ...
Unpacking libwebp6:amd64 (0.5.1-2) ...
Selecting previously unselected package libgd3:amd64.
Preparing to unpack .../40-libgd3_2.2.3-3+b1_amd64.deb ...
Unpacking libgd3:amd64 (2.2.3-3+b1) ...
Selecting previously unselected package libpixman-1-0:amd64.
Preparing to unpack .../41-libpixman-1-0_0.33.6-1_amd64.deb ...
Unpacking libpixman-1-0:amd64 (0.33.6-1) ...
Selecting previously unselected package libxcb-render0:amd64.
Preparing to unpack .../42-libxcb-render0_1.11.1-1.1_amd64.deb ...
Unpacking libxcb-render0:amd64 (1.11.1-1.1) ...
Selecting previously unselected package libxcb-shm0:amd64.
Preparing to unpack .../43-libxcb-shm0_1.11.1-1.1_amd64.deb ...
Unpacking libxcb-shm0:amd64 (1.11.1-1.1) ...
Selecting previously unselected package libxrender1:amd64.
Preparing to unpack .../44-libxrender1_1%3a0.9.9-2_amd64.deb ...
Unpacking libxrender1:amd64 (1:0.9.9-2) ...
Selecting previously unselected package libcairo2:amd64.
Preparing to unpack .../45-libcairo2_1.14.6-1+b1_amd64.deb ...
Unpacking libcairo2:amd64 (1.14.6-1+b1) ...
Selecting previously unselected package libltdl7:amd64.
Preparing to unpack .../46-libltdl7_2.4.6-2_amd64.deb ...
Unpacking libltdl7:amd64 (2.4.6-2) ...
Selecting previously unselected package libthai-data.
Preparing to unpack .../47-libthai-data_0.1.25-1_all.deb ...
Unpacking libthai-data (0.1.25-1) ...
Selecting previously unselected package libdatrie1:amd64.
Preparing to unpack .../48-libdatrie1_0.2.10-2_amd64.deb ...
Unpacking libdatrie1:amd64 (0.2.10-2) ...
Selecting previously unselected package libthai0:amd64.
Preparing to unpack .../49-libthai0_0.1.25-1_amd64.deb ...
Unpacking libthai0:amd64 (0.1.25-1) ...
Selecting previously unselected package libpango-1.0-0:amd64.
Preparing to unpack .../50-libpango-1.0-0_1.40.1-1_amd64.deb ...
Unpacking libpango-1.0-0:amd64 (1.40.1-1) ...
Selecting previously unselected package libgraphite2-3:amd64.
Preparing to unpack .../51-libgraphite2-3_1.3.8-1_amd64.deb ...
Unpacking libgraphite2-3:amd64 (1.3.8-1) ...
Selecting previously unselected package libharfbuzz0b:amd64.
Preparing to unpack .../52-libharfbuzz0b_1.2.7-1+b1_amd64.deb ...
Unpacking libharfbuzz0b:amd64 (1.2.7-1+b1) ...
Selecting previously unselected package libpangoft2-1.0-0:amd64.
Preparing to unpack .../53-libpangoft2-1.0-0_1.40.1-1_amd64.deb ...
Unpacking libpangoft2-1.0-0:amd64 (1.40.1-1) ...
Selecting previously unselected package libpangocairo-1.0-0:amd64.
Preparing to unpack .../54-libpangocairo-1.0-0_1.40.1-1_amd64.deb ...
Unpacking libpangocairo-1.0-0:amd64 (1.40.1-1) ...
Selecting previously unselected package libpathplan4.
Preparing to unpack .../55-libpathplan4_2.38.0-15_amd64.deb ...
Unpacking libpathplan4 (2.38.0-15) ...
Selecting previously unselected package libxdot4.
Preparing to unpack .../56-libxdot4_2.38.0-15_amd64.deb ...
Unpacking libxdot4 (2.38.0-15) ...
Selecting previously unselected package libgvc6.
Preparing to unpack .../57-libgvc6_2.38.0-15_amd64.deb ...
Unpacking libgvc6 (2.38.0-15) ...
Selecting previously unselected package libgvpr2.
Preparing to unpack .../58-libgvpr2_2.38.0-15_amd64.deb ...
Unpacking libgvpr2 (2.38.0-15) ...
Selecting previously unselected package libxt6:amd64.
Preparing to unpack .../59-libxt6_1%3a1.1.5-1_amd64.deb ...
Unpacking libxt6:amd64 (1:1.1.5-1) ...
Selecting previously unselected package libxmu6:amd64.
Preparing to unpack .../60-libxmu6_2%3a1.1.2-2_amd64.deb ...
Unpacking libxmu6:amd64 (2:1.1.2-2) ...
Selecting previously unselected package libxaw7:amd64.
Preparing to unpack .../61-libxaw7_2%3a1.0.13-1_amd64.deb ...
Unpacking libxaw7:amd64 (2:1.0.13-1) ...
Selecting previously unselected package graphviz.
Preparing to unpack .../62-graphviz_2.38.0-15_amd64.deb ...
Unpacking graphviz (2.38.0-15) ...
Selecting previously unselected package pkg-kde-tools.
Preparing to unpack .../63-pkg-kde-tools_0.15.23_all.deb ...
Unpacking pkg-kde-tools (0.15.23) ...
Selecting previously unselected package sbuild-build-depends-sphde-dummy.
Preparing to unpack .../64-sbuild-build-depends-sphde-dummy_0.invalid.0_amd64.deb ...
Unpacking sbuild-build-depends-sphde-dummy (0.invalid.0) ...
Setting up readline-common (6.3-8) ...
Setting up libpathplan4 (2.38.0-15) ...
Setting up libxdot4 (2.38.0-15) ...
Setting up libjpeg62-turbo:amd64 (1:1.5.0-1) ...
Setting up libarchive-zip-perl (1.59-1) ...
Setting up mime-support (3.60) ...
Setting up libpng16-16:amd64 (1.6.24-2) ...
Setting up libtimedate-perl (2.3000-2) ...
Setting up libjbig0:amd64 (2.1-3.1) ...
Setting up libsigsegv2:amd64 (2.10-5) ...
Setting up fonts-dejavu-core (2.37-1) ...
Setting up groff-base (1.22.3-8) ...
Setting up libglib2.0-0:amd64 (2.48.1-3) ...
No schema files found: doing nothing.
Setting up libdatrie1:amd64 (0.2.10-2) ...
Setting up libtiff5:amd64 (4.0.6-2) ...
Setting up gettext-base (0.19.8.1-1) ...
Setting up libpipeline1:amd64 (1.4.1-2) ...
Setting up m4 (1.4.17-5) ...
Setting up libicu57:amd64 (57.1-3) ...
Setting up ucf (3.0036) ...
Setting up libxml2:amd64 (2.9.4+dfsg1-1+b1) ...
Setting up libfreetype6:amd64 (2.6.3-3+b1) ...
Setting up libmagic-mgc (1:5.28-4) ...
Setting up libmagic1:amd64 (1:5.28-4) ...
Setting up lsb-base (9.20160629) ...
Setting up libgraphite2-3:amd64 (1.3.8-1) ...
Setting up libcroco3:amd64 (0.6.11-1) ...
Setting up libpixman-1-0:amd64 (0.33.6-1) ...
Processing triggers for libc-bin (2.23-5) ...
Setting up autotools-dev (20160430.1) ...
Setting up libunistring0:amd64 (0.9.6+really0.9.3-0.1) ...
Setting up libltdl7:amd64 (2.4.6-2) ...
Setting up libsqlite3-0:amd64 (3.14.1-1) ...
Setting up libthai-data (0.1.25-1) ...
Setting up libxdmcp6:amd64 (1:1.1.2-1.1) ...
Setting up bsdmainutils (9.0.10) ...
update-alternatives: using /usr/bin/bsd-write to provide /usr/bin/write (write) in auto mode
update-alternatives: using /usr/bin/bsd-from to provide /usr/bin/from (from) in auto mode
Setting up x11-common (1:7.7+16) ...
update-rc.d: warning: start and stop actions are no longer supported; falling back to defaults
invoke-rc.d: could not determine current runlevel
All runlevel operations denied by policy
invoke-rc.d: policy-rc.d denied execution of start.
Setting up libcdt5 (2.38.0-15) ...
Setting up libx11-data (2:1.6.3-1) ...
Setting up libxau6:amd64 (1:1.0.8-1) ...
Setting up autopoint (0.19.8.1-1) ...
Setting up libmpdec2:amd64 (2.4.2-1) ...
Setting up libreadline6:amd64 (6.3-8+b4) ...
Setting up gcc-5-base:amd64 (5.4.1-1) ...
Setting up libllvm3.6v5:amd64 (1:3.6.2-3) ...
Setting up libcgraph6 (2.38.0-15) ...
Setting up libwebp6:amd64 (0.5.1-2) ...
Setting up libfile-stripnondeterminism-perl (0.023-2) ...
Setting up libgts-0.7-5:amd64 (0.7.6+darcs121130-1.2) ...
Setting up fontconfig-config (2.11.0-6.7) ...
Setting up libmpx0:amd64 (5.4.1-1) ...
Setting up gettext (0.19.8.1-1) ...
Setting up libgvpr2 (2.38.0-15) ...
Setting up libpython3.5-stdlib:amd64 (3.5.2-3) ...
Setting up libasan2:amd64 (5.4.1-1) ...
Setting up libharfbuzz0b:amd64 (1.2.7-1+b1) ...
Setting up autoconf (2.69-10) ...
Setting up libthai0:amd64 (0.1.25-1) ...
Setting up file (1:5.28-4) ...
Setting up intltool-debian (0.35.0+20060710.4) ...
Setting up libgcc-5-dev:amd64 (5.4.1-1) ...
Setting up automake (1:1.15-4) ...
update-alternatives: using /usr/bin/automake-1.15 to provide /usr/bin/automake (automake) in auto mode
Setting up libice6:amd64 (2:1.0.9-1+b1) ...
Setting up man-db (2.7.5-1) ...
Not building database; man-db/auto-update is not 'true'.
Setting up libxcb1:amd64 (1.11.1-1.1) ...
Setting up libstdc++-5-dev:amd64 (5.4.1-1) ...
Setting up libobjc-5-dev:amd64 (5.4.1-1) ...
Setting up libtool (2.4.6-2) ...
Setting up python3.5 (3.5.2-3) ...
Setting up libpython3-stdlib:amd64 (3.5.1-4) ...
Setting up libfontconfig1:amd64 (2.11.0-6.7) ...
Setting up libsm6:amd64 (2:1.2.2-1+b1) ...
Setting up libxcb-render0:amd64 (1.11.1-1.1) ...
Setting up po-debconf (1.0.19) ...
Setting up libx11-6:amd64 (2:1.6.3-1) ...
Setting up libclang1-3.6:amd64 (1:3.6.2-3) ...
Setting up libxcb-shm0:amd64 (1.11.1-1.1) ...
Setting up libxpm4:amd64 (1:3.5.11-1+b1) ...
Setting up libxt6:amd64 (1:1.1.5-1) ...
Setting up libxrender1:amd64 (1:0.9.9-2) ...
Setting up fontconfig (2.11.0-6.7) ...
Regenerating fonts cache... done.
Setting up libxext6:amd64 (2:1.3.3-1) ...
Setting up doxygen (1.8.11-3) ...
Setting up libgd3:amd64 (2.2.3-3+b1) ...
Setting up libxmu6:amd64 (2:1.1.2-2) ...
Setting up libpango-1.0-0:amd64 (1.40.1-1) ...
Setting up libxaw7:amd64 (2:1.0.13-1) ...
Setting up libcairo2:amd64 (1.14.6-1+b1) ...
Setting up libpangoft2-1.0-0:amd64 (1.40.1-1) ...
Setting up libpangocairo-1.0-0:amd64 (1.40.1-1) ...
Setting up libgvc6 (2.38.0-15) ...
Setting up graphviz (2.38.0-15) ...
Setting up python3 (3.5.1-4) ...
Setting up dh-strip-nondeterminism (0.023-2) ...
Setting up dh-python (2.20160818) ...
Setting up pkg-kde-tools (0.15.23) ...
Setting up dh-autoreconf (12) ...
Setting up debhelper (9.20160814) ...
Setting up sbuild-build-depends-sphde-dummy (0.invalid.0) ...
Processing triggers for libc-bin (2.23-5) ...
W: No sandbox user '_apt' on the system, can not drop privileges

+------------------------------------------------------------------------------+
| Build environment                                                            |
+------------------------------------------------------------------------------+

Kernel: Linux 3.16.0-4-amd64 amd64 (x86_64)
Toolchain package versions: binutils_2.27-6 dpkg-dev_1.18.10 g++-6_6.2.0-1 gcc-6_6.2.0-1 libc6-dev_2.23-5 libstdc++-5-dev_5.4.1-1 libstdc++-6-dev_6.2.0-1 libstdc++6_6.2.0-1 linux-libc-dev_4.7.2-1
Package versions: adduser_3.115 apt_1.3~rc2 autoconf_2.69-10 automake_1:1.15-4 autopoint_0.19.8.1-1 autotools-dev_20160430.1 base-files_9.6 base-passwd_3.5.40 bash_4.3-15 binutils_2.27-6 bsdmainutils_9.0.10 bsdutils_1:2.28.1-1 build-essential_12.2 bzip2_1.0.6-8 clang-3.8_1:3.8.1-9 coreutils_8.25-2 cpp_4:6.1.1-1 cpp-6_6.2.0-1 dash_0.5.8-2.3 debconf_1.5.59 debfoster_2.7-2.1 debhelper_9.20160814 debian-archive-keyring_2014.3 debianutils_4.8 dh-autoreconf_12 dh-python_2.20160818 dh-strip-nondeterminism_0.023-2 diffutils_1:3.3-3 doxygen_1.8.11-3 dpkg_1.18.10 dpkg-dev_1.18.10 e2fslibs_1.43.1-1 e2fsprogs_1.43.1-1 eatmydata_105-3 fakeroot_1.21-1 file_1:5.28-4 findutils_4.6.0+git+20160703-2 fontconfig_2.11.0-6.7 fontconfig-config_2.11.0-6.7 fonts-dejavu-core_2.37-1 g++_4:6.1.1-1 g++-6_6.2.0-1 gcc_4:6.1.1-1 gcc-5-base_5.4.1-1 gcc-6_6.2.0-1 gcc-6-base_6.2.0-1 gettext_0.19.8.1-1 gettext-base_0.19.8.1-1 gpgv_2.1.14-5 graphviz_2.38.0-15 grep_2.25-6 groff-base_1.22.3-8 gzip_1.6-5 hostname_3.18 init-system-helpers_1.42 intltool-debian_0.35.0+20060710.4 libacl1_2.2.52-3 libapt-pkg5.0_1.3~rc2 libarchive-zip-perl_1.59-1 libasan2_5.4.1-1 libasan3_6.2.0-1 libatomic1_6.2.0-1 libattr1_1:2.4.47-2 libaudit-common_1:2.6.6-1 libaudit1_1:2.6.6-1 libblkid1_2.28.1-1 libbsd0_0.8.3-1 libbz2-1.0_1.0.6-8 libc-bin_2.23-5 libc-dev-bin_2.23-5 libc6_2.23-5 libc6-dev_2.23-5 libcairo2_1.14.6-1+b1 libcap-ng0_0.7.7-3 libcc1-0_6.2.0-1 libcdt5_2.38.0-15 libcgraph6_2.38.0-15 libcilkrts5_6.2.0-1 libclang-common-3.8-dev_1:3.8.1-9 libclang1-3.6_1:3.6.2-3 libclang1-3.8_1:3.8.1-9 libcomerr2_1.43.1-1 libcroco3_0.6.11-1 libdatrie1_0.2.10-2 libdb5.3_5.3.28-12 libdebconfclient0_0.215 libdpkg-perl_1.18.10 libeatmydata1_105-3 libedit2_3.1-20150325-1+b1 libexpat1_2.2.0-1 libfakeroot_1.21-1 libfdisk1_2.28.1-1 libffi6_3.2.1-4 libfile-stripnondeterminism-perl_0.023-2 libfontconfig1_2.11.0-6.7 libfreetype6_2.6.3-3+b1 libgc1c2_1:7.4.2-8 libgcc-5-dev_5.4.1-1 libgcc-6-dev_6.2.0-1 libgcc1_1:6.2.0-1 libgcrypt20_1.7.3-1 libgd3_2.2.3-3+b1 libgdbm3_1.8.3-14 libglib2.0-0_2.48.1-3 libgmp10_2:6.1.1+dfsg-1 libgomp1_6.2.0-1 libgpg-error0_1.24-1 libgraphite2-3_1.3.8-1 libgts-0.7-5_0.7.6+darcs121130-1.2 libgvc6_2.38.0-15 libgvpr2_2.38.0-15 libharfbuzz0b_1.2.7-1+b1 libice6_2:1.0.9-1+b1 libicu57_57.1-3 libisl15_0.17.1-1 libitm1_6.2.0-1 libjbig0_2.1-3.1 libjpeg62-turbo_1:1.5.0-1 libllvm3.6v5_1:3.6.2-3 libllvm3.8_1:3.8.1-9 liblsan0_6.2.0-1 libltdl7_2.4.6-2 liblz4-1_0.0~r131-2 liblzma5_5.1.1alpha+20120614-2.1 libmagic-mgc_1:5.28-4 libmagic1_1:5.28-4 libmount1_2.28.1-1 libmpc3_1.0.3-1 libmpdec2_2.4.2-1 libmpfr4_3.1.4-2 libmpx0_5.4.1-1 libmpx2_6.2.0-1 libncurses5_6.0+20160625-1 libncursesw5_6.0+20160625-1 libobjc-5-dev_5.4.1-1 libobjc-6-dev_6.2.0-1 libobjc4_6.2.0-1 libpam-modules_1.1.8-3.3 libpam-modules-bin_1.1.8-3.3 libpam-runtime_1.1.8-3.3 libpam0g_1.1.8-3.3 libpango-1.0-0_1.40.1-1 libpangocairo-1.0-0_1.40.1-1 libpangoft2-1.0-0_1.40.1-1 libpathplan4_2.38.0-15 libpcre3_2:8.39-2 libperl5.22_5.22.2-3 libpipeline1_1.4.1-2 libpixman-1-0_0.33.6-1 libpng16-16_1.6.24-2 libpython3-stdlib_3.5.1-4 libpython3.5-minimal_3.5.2-3 libpython3.5-stdlib_3.5.2-3 libquadmath0_6.2.0-1 libreadline6_6.3-8+b4 libselinux1_2.5-3 libsemanage-common_2.5-1 libsemanage1_2.5-1 libsepol1_2.5-1 libsigsegv2_2.10-5 libsm6_2:1.2.2-1+b1 libsmartcols1_2.28.1-1 libsqlite3-0_3.14.1-1 libss2_1.43.1-1 libssl1.0.2_1.0.2h-1 libstdc++-5-dev_5.4.1-1 libstdc++-6-dev_6.2.0-1 libstdc++6_6.2.0-1 libsystemd0_231-5 libthai-data_0.1.25-1 libthai0_0.1.25-1 libtiff5_4.0.6-2 libtimedate-perl_2.3000-2 libtinfo5_6.0+20160625-1 libtool_2.4.6-2 libtsan0_6.2.0-1 libubsan0_6.2.0-1 libudev1_231-5 libunistring0_0.9.6+really0.9.3-0.1 libustr-1.0-1_1.0.4-5 libuuid1_2.28.1-1 libwebp6_0.5.1-2 libx11-6_2:1.6.3-1 libx11-data_2:1.6.3-1 libxau6_1:1.0.8-1 libxaw7_2:1.0.13-1 libxcb-render0_1.11.1-1.1 libxcb-shm0_1.11.1-1.1 libxcb1_1.11.1-1.1 libxdmcp6_1:1.1.2-1.1 libxdot4_2.38.0-15 libxext6_2:1.3.3-1 libxml2_2.9.4+dfsg1-1+b1 libxmu6_2:1.1.2-2 libxpm4_1:3.5.11-1+b1 libxrender1_1:0.9.9-2 libxt6_1:1.1.5-1 linux-libc-dev_4.7.2-1 login_1:4.2-3.1 lsb-base_9.20160629 m4_1.4.17-5 make_4.1-9 man-db_2.7.5-1 mawk_1.3.3-17 mime-support_3.60 mount_2.28.1-1 multiarch-support_2.23-5 ncurses-base_6.0+20160625-1 ncurses-bin_6.0+20160625-1 passwd_1:4.2-3.1 patch_2.7.5-1 perl_5.22.2-3 perl-base_5.22.2-3 perl-modules-5.22_5.22.2-3 pkg-kde-tools_0.15.23 po-debconf_1.0.19 python3_3.5.1-4 python3-minimal_3.5.1-4 python3.5_3.5.2-3 python3.5-minimal_3.5.2-3 readline-common_6.3-8 sbuild-build-depends-core-dummy_0.invalid.0 sbuild-build-depends-sphde-dummy_0.invalid.0 sed_4.2.2-7.1 sensible-utils_0.0.9 sysvinit-utils_2.88dsf-59.8 tar_1.29b-1 ucf_3.0036 util-linux_2.28.1-1 x11-common_1:7.7+16 xz-utils_5.1.1alpha+20120614-2.1 zlib1g_1:1.2.8.dfsg-2+b1

+------------------------------------------------------------------------------+
| Build                                                                        |
+------------------------------------------------------------------------------+


Unpack source
-------------

gpgv: unknown type of key resource 'trustedkeys.kbx'
gpgv: keyblock resource '/sbuild-nonexistent/.gnupg/trustedkeys.kbx': General error
gpgv: Signature made Fri Jun 17 14:29:06 2016 UTC using RSA key ID 
gpgv: Can't check signature: No public key
dpkg-source: warning: failed to verify signature on ./sphde_1.1.0-2.dsc
dpkg-source: info: extracting sphde in /<<PKGBUILDDIR>>
dpkg-source: info: unpacking sphde_1.1.0.orig.tar.gz
dpkg-source: info: unpacking sphde_1.1.0-2.debian.tar.xz
dpkg-source: info: applying codespell.patch
dpkg-source: info: applying fix-compilation-error.patch

Check disc space
----------------

Sufficient free space for build

User Environment
----------------

APT_CONFIG=/var/lib/sbuild/apt.conf
HOME=/sbuild-nonexistent
LC_ALL=POSIX
LOGNAME=user42
PATH=/usr/local/sbin:/usr/local/bin:/usr/sbin:/usr/bin:/sbin:/bin:/usr/games
SCHROOT_ALIAS_NAME=unstable-amd64-sbuild
SCHROOT_CHROOT_NAME=unstable-amd64-sbuild
SCHROOT_COMMAND=env
SCHROOT_GID=1001
SCHROOT_GROUP=user42
SCHROOT_SESSION_ID=unstable-amd64-sbuild-9d71ca8f-d464-4607-888d-c53891b52215
SCHROOT_UID=1001
SCHROOT_USER=user42
SHELL=/bin/sh
USER=user42

dpkg-buildpackage
-----------------

dpkg-buildpackage: info: source package sphde
dpkg-buildpackage: info: source version 1.1.0-2
dpkg-buildpackage: info: source distribution unstable
dpkg-buildpackage: info: source changed by Frdric Bonnard <frediz@linux.vnet.ibm.com>
 dpkg-source --before-build sphde-1.1.0
dpkg-buildpackage: info: host architecture amd64
 fakeroot debian/rules clean
dh clean  --with autoreconf,pkgkde_symbolshelper
   dh_testdir
   dh_auto_clean
   dh_autoreconf_clean
   dh_clean
	rm -f debian/debhelper-build-stamp
	rm -f debian/libsphde-doc.substvars
	rm -f debian/libsphde-doc.*.debhelper
	rm -rf debian/libsphde-doc/
	rm -f debian/libsphde-dev.substvars
	rm -f debian/libsphde-dev.*.debhelper
	rm -rf debian/libsphde-dev/
	rm -f debian/libsphde1.substvars
	rm -f debian/libsphde1.*.debhelper
	rm -rf debian/libsphde1/
	rm -f debian/sphde-utils.substvars
	rm -f debian/sphde-utils.*.debhelper
	rm -rf debian/sphde-utils/
	rm -rf debian/.debhelper/
	rm -f debian/*.debhelper.log
	rm -f debian/files
	find .  \( \( \
		\( -path .\*/.git -o -path .\*/.svn -o -path .\*/.bzr -o -path .\*/.hg -o -path .\*/CVS \) -prune -o -type f -a \
	        \( -name '#*#' -o -name '.*~' -o -name '*~' -o -name DEADJOE \
		 -o -name '*.orig' -o -name '*.rej' -o -name '*.bak' \
		 -o -name '.*.orig' -o -name .*.rej -o -name '.SUMS' \
		 -o -name TAGS -o \( -path '*/.deps/*' -a -name '*.P' \) \
		\) -exec rm -f {} + \) -o \
		\( -type d -a -name autom4te.cache -prune -exec rm -rf {} + \) \)
	rm -f *-stamp
 debian/rules build-arch
dh build-arch  --with autoreconf,pkgkde_symbolshelper
   dh_testdir -a
   dh_update_autotools_config -a
	install -d debian/.debhelper/bucket/files
	cp -an --reflink=auto config.guess debian/.debhelper/bucket/files/47da33933b3825049bbc04871747a9598ce90fd45a438b6a8a58b74bf6d73a4d.tmp
	mv -f debian/.debhelper/bucket/files/47da33933b3825049bbc04871747a9598ce90fd45a438b6a8a58b74bf6d73a4d.tmp debian/.debhelper/bucket/files/47da33933b3825049bbc04871747a9598ce90fd45a438b6a8a58b74bf6d73a4d
	cp -f /usr/share/misc/config.guess ./config.guess
	cp -an --reflink=auto config.sub debian/.debhelper/bucket/files/1c0638edf5c7cf02142d1a607ada07b43197a312991c9bc768caba9b4412e6e7.tmp
	mv -f debian/.debhelper/bucket/files/1c0638edf5c7cf02142d1a607ada07b43197a312991c9bc768caba9b4412e6e7.tmp debian/.debhelper/bucket/files/1c0638edf5c7cf02142d1a607ada07b43197a312991c9bc768caba9b4412e6e7
	cp -f /usr/share/misc/config.sub ./config.sub
   dh_autoreconf -a
	find ! -ipath "./debian/*" -a ! \( -path '*/.git/*' -o -path '*/.hg/*' -o -path '*/.bzr/*' -o -path '*/.svn/*' -o -path '*/CVS/*' \) -a  -type f -exec md5sum {} \; > debian/autoreconf.before
	autoreconf -f -i
libtoolize: putting auxiliary files in '.'.
libtoolize: copying file './ltmain.sh'
libtoolize: putting macros in AC_CONFIG_MACRO_DIRS, 'm4'.
libtoolize: copying file 'm4/libtool.m4'
libtoolize: copying file 'm4/ltoptions.m4'
libtoolize: copying file 'm4/ltsugar.m4'
libtoolize: copying file 'm4/ltversion.m4'
libtoolize: copying file 'm4/lt~obsolete.m4'
libtoolize: 'AC_PROG_RANLIB' is rendered obsolete by 'LT_INIT'
configure.ac:43: installing './compile'
configure.ac:13: installing './missing'
Makefile.am:20: warning: .PHONY was already defined in condition DX_COND_doc, which is included in condition TRUE ...
aminclude.am:62: ... '.PHONY' previously defined here
Makefile.am:5:   'aminclude.am' included from here
examples/Makefile.am: installing './depcomp'
src/Makefile.am:147: warning: source file 'tests/bitvec_t.c' is in a subdirectory,
src/Makefile.am:147: but option 'subdir-objects' is disabled
automake: warning: possible forward-incompatibility.
automake: At least a source file is in a subdirectory, but the 'subdir-objects'
automake: automake option hasn't been enabled.  For now, the corresponding output
automake: object file(s) will be placed in the top-level directory.  However,
automake: this behaviour will change in future Automake versions: they will
automake: unconditionally cause object files to be placed in the same subdirectory
automake: of the corresponding sources.
automake: You are advised to start using 'subdir-objects' option throughout your
automake: project, to avoid future incompatibilities.
src/Makefile.am:143: warning: source file 'tests/sasatom_t.c' is in a subdirectory,
src/Makefile.am:143: but option 'subdir-objects' is disabled
src/Makefile.am:189: warning: source file 'tests/sasindex_t.c' is in a subdirectory,
src/Makefile.am:189: but option 'subdir-objects' is disabled
src/Makefile.am:193: warning: source file 'tests/sasindex_tt.c' is in a subdirectory,
src/Makefile.am:193: but option 'subdir-objects' is disabled
src/Makefile.am:151: warning: source file 'tests/sassim_t.c' is in a subdirectory,
src/Makefile.am:151: but option 'subdir-objects' is disabled
src/Makefile.am:197: warning: source file 'tests/sasstringbtree_t.c' is in a subdirectory,
src/Makefile.am:197: but option 'subdir-objects' is disabled
src/Makefile.am:201: warning: source file 'tests/sasstringbtree_tt.c' is in a subdirectory,
src/Makefile.am:201: but option 'subdir-objects' is disabled
src/Makefile.am:185: warning: source file 'tests/sphcontext_t.c' is in a subdirectory,
src/Makefile.am:185: but option 'subdir-objects' is disabled
src/Makefile.am:217: warning: source file 'tests/sphdirectpcqueue_ttt.c' is in a subdirectory,
src/Makefile.am:217: but option 'subdir-objects' is disabled
src/Makefile.am:139: warning: source file 'tests/sphgtod_t.c' is in a subdirectory,
src/Makefile.am:139: but option 'subdir-objects' is disabled
src/Makefile.am:159: warning: source file 'tests/sphlflogger_t.c' is in a subdirectory,
src/Makefile.am:159: but option 'subdir-objects' is disabled
src/Makefile.am:167: warning: source file 'tests/sphlflogger_tt.c' is in a subdirectory,
src/Makefile.am:167: but option 'subdir-objects' is disabled
src/Makefile.am:172: warning: source file 'tests/sphlflogger_ttt.c' is in a subdirectory,
src/Makefile.am:172: but option 'subdir-objects' is disabled
src/Makefile.am:155: warning: source file 'tests/sphlockfreeheap_t.c' is in a subdirectory,
src/Makefile.am:155: but option 'subdir-objects' is disabled
src/Makefile.am:177: warning: source file 'tests/sphlogportal_t.c' is in a subdirectory,
src/Makefile.am:177: but option 'subdir-objects' is disabled
src/Makefile.am:181: warning: source file 'tests/sphlogportal_t.c' is in a subdirectory,
src/Makefile.am:181: but option 'subdir-objects' is disabled
src/Makefile.am:205: warning: source file 'tests/sphsinglepcqueue_t.c' is in a subdirectory,
src/Makefile.am:205: but option 'subdir-objects' is disabled
src/Makefile.am:209: warning: source file 'tests/sphsinglepcqueue_tt.c' is in a subdirectory,
src/Makefile.am:209: but option 'subdir-objects' is disabled
src/Makefile.am:213: warning: source file 'tests/sphsinglepcqueue_ttt.c' is in a subdirectory,
src/Makefile.am:213: but option 'subdir-objects' is disabled
src/Makefile.am:163: warning: source file 'tests/sphthread_t.c' is in a subdirectory,
src/Makefile.am:163: but option 'subdir-objects' is disabled
	find ! -ipath "./debian/*" -a ! \( -path '*/.git/*' -o -path '*/.hg/*' -o -path '*/.bzr/*' -o -path '*/.svn/*' -o -path '*/CVS/*' \) -a  -type f -exec md5sum {} \; > debian/autoreconf.after
   dh_auto_configure -a
	./configure --build=x86_64-linux-gnu --prefix=/usr --includedir=\${prefix}/include --mandir=\${prefix}/share/man --infodir=\${prefix}/share/info --sysconfdir=/etc --localstatedir=/var --disable-silent-rules --libdir=\${prefix}/lib/x86_64-linux-gnu --libexecdir=\${prefix}/lib/x86_64-linux-gnu --disable-maintainer-mode --disable-dependency-tracking
checking for a BSD-compatible install... /usr/bin/install -c
checking whether build environment is sane... yes
checking for a thread-safe mkdir -p... /bin/mkdir -p
checking for gawk... no
checking for mawk... mawk
checking whether make sets $(MAKE)... yes
checking whether make supports nested variables... yes
checking whether to enable maintainer-specific portions of Makefiles... no
checking for g++... g++
checking whether the C++ compiler works... yes
checking for C++ compiler default output file name... a.out
checking for suffix of executables... 
checking whether we are cross compiling... no
checking for suffix of object files... o
checking whether we are using the GNU C++ compiler... yes
checking whether g++ accepts -g... yes
checking for style of include used by make... GNU
checking dependency style of g++... none
checking for gawk... (cached) mawk
checking for gcc... gcc
checking whether we are using the GNU C compiler... yes
checking whether gcc accepts -g... yes
checking for gcc option to accept ISO C89... none needed
checking whether gcc understands -c and -o together... yes
checking dependency style of gcc... none
checking how to run the C preprocessor... gcc -E
checking whether ln -s works... yes
checking whether make sets $(MAKE)... (cached) yes
checking for ranlib... ranlib
checking build system type... x86_64-pc-linux-gnu
checking host system type... x86_64-pc-linux-gnu
checking how to print strings... printf
checking for a sed that does not truncate output... /bin/sed
checking for grep that handles long lines and -e... /bin/grep
checking for egrep... /bin/grep -E
checking for fgrep... /bin/grep -F
checking for ld used by gcc... /usr/bin/ld
checking if the linker (/usr/bin/ld) is GNU ld... yes
checking for BSD- or MS-compatible name lister (nm)... /usr/bin/nm -B
checking the name lister (/usr/bin/nm -B) interface... BSD nm
checking the maximum length of command line arguments... 1572864
checking how to convert x86_64-pc-linux-gnu file names to x86_64-pc-linux-gnu format... func_convert_file_noop
checking how to convert x86_64-pc-linux-gnu file names to toolchain format... func_convert_file_noop
checking for /usr/bin/ld option to reload object files... -r
checking for objdump... objdump
checking how to recognize dependent libraries... pass_all
checking for dlltool... no
checking how to associate runtime and link libraries... printf %s\n
checking for ar... ar
checking for archiver @FILE support... @
checking for strip... strip
checking for ranlib... (cached) ranlib
checking command to parse /usr/bin/nm -B output from gcc object... ok
checking for sysroot... no
checking for a working dd... /bin/dd
checking how to truncate binary pipes... /bin/dd bs=4096 count=1
checking for mt... no
checking if : is a manifest tool... no
checking for ANSI C header files... yes
checking for sys/types.h... yes
checking for sys/stat.h... yes
checking for stdlib.h... yes
checking for string.h... yes
checking for memory.h... yes
checking for strings.h... yes
checking for inttypes.h... yes
checking for stdint.h... yes
checking for unistd.h... yes
checking for dlfcn.h... yes
checking for objdir... .libs
checking if gcc supports -fno-rtti -fno-exceptions... yes
checking for gcc option to produce PIC... -fPIC -DPIC
checking if gcc PIC flag -fPIC -DPIC works... yes
checking if gcc static flag -static works... no
checking if gcc supports -c -o file.o... yes
checking if gcc supports -c -o file.o... (cached) yes
checking whether the gcc linker (/usr/bin/ld -m elf_x86_64) supports shared libraries... yes
checking whether -lc should be explicitly linked in... no
checking dynamic linker characteristics... GNU/Linux ld.so
checking how to hardcode library paths into programs... immediate
checking whether stripping libraries is possible... yes
checking if libtool supports shared libraries... yes
checking whether to build shared libraries... yes
checking whether to build static libraries... yes
checking how to run the C++ preprocessor... g++ -E
checking for ld used by g++... /usr/bin/ld -m elf_x86_64
checking if the linker (/usr/bin/ld -m elf_x86_64) is GNU ld... yes
checking whether the g++ linker (/usr/bin/ld -m elf_x86_64) supports shared libraries... yes
checking for g++ option to produce PIC... -fPIC -DPIC
checking if g++ PIC flag -fPIC -DPIC works... yes
checking if g++ static flag -static works... no
checking if g++ supports -c -o file.o... yes
checking if g++ supports -c -o file.o... (cached) yes
checking whether the g++ linker (/usr/bin/ld -m elf_x86_64) supports shared libraries... yes
checking dynamic linker characteristics... (cached) GNU/Linux ld.so
checking how to hardcode library paths into programs... immediate
checking fcntl.h usability... yes
checking fcntl.h presence... yes
checking for fcntl.h... yes
checking for inttypes.h... (cached) yes
checking stddef.h usability... yes
checking stddef.h presence... yes
checking for stddef.h... yes
checking for stdint.h... (cached) yes
checking for stdlib.h... (cached) yes
checking for string.h... (cached) yes
checking sys/param.h usability... yes
checking sys/param.h presence... yes
checking for sys/param.h... yes
checking sys/time.h usability... yes
checking sys/time.h presence... yes
checking for sys/time.h... yes
checking for unistd.h... (cached) yes
checking for stdbool.h that conforms to C99... yes
checking for _Bool... yes
checking for inline... inline
checking for off_t... yes
checking for pid_t... yes
checking for size_t... yes
checking for ssize_t... yes
checking for uint64_t... yes
checking for ANSI C header files... (cached) yes
checking for working volatile... yes
checking for stdlib.h... (cached) yes
checking for GNU libc compatible malloc... yes
checking for stdlib.h... (cached) yes
checking for unistd.h... (cached) yes
checking for sys/param.h... (cached) yes
checking for getpagesize... yes
checking for working mmap... yes
checking for working strtod... yes
checking for clock_gettime... yes
checking for ftruncate... yes
checking for getcwd... yes
checking for getpagesize... (cached) yes
checking for gettimeofday... yes
checking for memset... yes
checking for munmap... yes
checking for strerror... yes
checking for the pthreads library -lpthreads... no
checking whether pthreads work without any flags... no
checking whether pthreads work with -Kthread... no
checking whether pthreads work with -kthread... no
checking for the pthreads library -llthread... no
checking whether pthreads work with -pthread... yes
checking for joinable pthread attribute... PTHREAD_CREATE_JOINABLE
checking if more special flags are required for pthreads... no
checking whether to check for GCC pthread/shared inconsistencies... yes
checking whether -pthread is sufficient with -shared... yes
checking for doxygen... /usr/bin/doxygen
checking for perl... /usr/bin/perl
checking that generated files are newer than configure... done
configure: creating ./config.status
config.status: creating Makefile
config.status: creating examples/Makefile
config.status: creating src/Makefile
config.status: creating config.h
config.status: executing depfiles commands
config.status: executing libtool commands
   dh_auto_build -a
	make -j1
make[1]: Entering directory '/<<PKGBUILDDIR>>'
make  all-recursive
make[2]: Entering directory '/<<PKGBUILDDIR>>'
Making all in src
make[3]: Entering directory '/<<PKGBUILDDIR>>/src'
/bin/bash ../libtool  --tag=CC --silent  --mode=compile gcc -DHAVE_CONFIG_H -I. -I..   -Wdate-time -D_FORTIFY_SOURCE=2 -D__SASSIM__ -Wall -Wwrite-strings -pthread -g -O2 -fdebug-prefix-map=/<<PKGBUILDDIR>>=. -fPIE -fstack-protector-strong -Wformat -Werror=format-security -c -o libsphde_la-sasshm.lo `test -f 'sasshm.c' || echo './'`sasshm.c
/bin/bash ../libtool  --tag=CC --silent  --mode=compile gcc -DHAVE_CONFIG_H -I. -I..   -Wdate-time -D_FORTIFY_SOURCE=2 -D__SASSIM__ -Wall -Wwrite-strings -pthread -g -O2 -fdebug-prefix-map=/<<PKGBUILDDIR>>=. -fPIE -fstack-protector-strong -Wformat -Werror=format-security -c -o libsphde_la-sasmsync.lo `test -f 'sasmsync.c' || echo './'`sasmsync.c
/bin/bash ../libtool  --tag=CC --silent  --mode=compile gcc -DHAVE_CONFIG_H -I. -I..   -Wdate-time -D_FORTIFY_SOURCE=2 -D__SASSIM__ -Wall -Wwrite-strings -pthread -g -O2 -fdebug-prefix-map=/<<PKGBUILDDIR>>=. -fPIE -fstack-protector-strong -Wformat -Werror=format-security -c -o libsphde_la-sasstname.lo `test -f 'sasstname.c' || echo './'`sasstname.c
/bin/bash ../libtool  --tag=CC --silent  --mode=compile gcc -DHAVE_CONFIG_H -I. -I..   -Wdate-time -D_FORTIFY_SOURCE=2 -D__SASSIM__ -Wall -Wwrite-strings -pthread -g -O2 -fdebug-prefix-map=/<<PKGBUILDDIR>>=. -fPIE -fstack-protector-strong -Wformat -Werror=format-security -c -o libsphde_la-sasio.lo `test -f 'sasio.c' || echo './'`sasio.c
/bin/bash ../libtool  --tag=CC --silent  --mode=compile gcc -DHAVE_CONFIG_H -I. -I..   -Wdate-time -D_FORTIFY_SOURCE=2 -D__SASSIM__ -Wall -Wwrite-strings -pthread -g -O2 -fdebug-prefix-map=/<<PKGBUILDDIR>>=. -fPIE -fstack-protector-strong -Wformat -Werror=format-security -c -o libsphde_la-bitv.lo `test -f 'bitv.c' || echo './'`bitv.c
/bin/bash ../libtool  --tag=CC --silent  --mode=compile gcc -DHAVE_CONFIG_H -I. -I..   -Wdate-time -D_FORTIFY_SOURCE=2 -D__SASSIM__ -Wall -Wwrite-strings -pthread -g -O2 -fdebug-prefix-map=/<<PKGBUILDDIR>>=. -fPIE -fstack-protector-strong -Wformat -Werror=format-security -c -o libsphde_la-freenode.lo `test -f 'freenode.c' || echo './'`freenode.c
/bin/bash ../libtool  --tag=CC --silent  --mode=compile gcc -DHAVE_CONFIG_H -I. -I..   -Wdate-time -D_FORTIFY_SOURCE=2 -D__SASSIM__ -Wall -Wwrite-strings -pthread -g -O2 -fdebug-prefix-map=/<<PKGBUILDDIR>>=. -fPIE -fstack-protector-strong -Wformat -Werror=format-security -c -o libsphde_la-sphtimer.lo `test -f 'sphtimer.c' || echo './'`sphtimer.c
/bin/bash ../libtool  --tag=CC --silent  --mode=compile gcc -DHAVE_CONFIG_H -I. -I..   -Wdate-time -D_FORTIFY_SOURCE=2 -D__SASSIM__ -Wall -Wwrite-strings -pthread -g -O2 -fdebug-prefix-map=/<<PKGBUILDDIR>>=. -fPIE -fstack-protector-strong -Wformat -Werror=format-security -c -o libsphde_la-sphthread.lo `test -f 'sphthread.c' || echo './'`sphthread.c
/bin/bash ../libtool  --tag=CXX --silent  --mode=compile g++ -DHAVE_CONFIG_H -I. -I..   -Wdate-time -D_FORTIFY_SOURCE=2 -D__SASSIM__ -Wall -Wwrite-strings -Woverloaded-virtual -pthread -g -O2 -fdebug-prefix-map=/<<PKGBUILDDIR>>=. -fPIE -fstack-protector-strong -Wformat -Werror=format-security -c -o libsphde_la-sassim.lo `test -f 'sassim.cpp' || echo './'`sassim.cpp
/bin/bash ../libtool  --tag=CXX --silent  --mode=compile g++ -DHAVE_CONFIG_H -I. -I..   -Wdate-time -D_FORTIFY_SOURCE=2 -D__SASSIM__ -Wall -Wwrite-strings -Woverloaded-virtual -pthread -g -O2 -fdebug-prefix-map=/<<PKGBUILDDIR>>=. -fPIE -fstack-protector-strong -Wformat -Werror=format-security -c -o libsphde_la-sasalloc.lo `test -f 'sasalloc.cpp' || echo './'`sasalloc.cpp
/bin/bash ../libtool  --tag=CXX --silent  --mode=compile g++ -DHAVE_CONFIG_H -I. -I..   -Wdate-time -D_FORTIFY_SOURCE=2 -D__SASSIM__ -Wall -Wwrite-strings -Woverloaded-virtual -pthread -g -O2 -fdebug-prefix-map=/<<PKGBUILDDIR>>=. -fPIE -fstack-protector-strong -Wformat -Werror=format-security -c -o libsphde_la-ultree.lo `test -f 'ultree.cpp' || echo './'`ultree.cpp
ultree.cpp:419:9: warning: 'this' pointer cannot be null in well-defined C++ code; pointer may be assumed to always convert to true [-Wundefined-bool-conversion]
    if (this)
    ~~  ^~~~
1 warning generated.
/bin/bash ../libtool  --tag=CXX --silent  --mode=compile g++ -DHAVE_CONFIG_H -I. -I..   -Wdate-time -D_FORTIFY_SOURCE=2 -D__SASSIM__ -Wall -Wwrite-strings -Woverloaded-virtual -pthread -g -O2 -fdebug-prefix-map=/<<PKGBUILDDIR>>=. -fPIE -fstack-protector-strong -Wformat -Werror=format-security -c -o libsphde_la-saslock.lo `test -f 'saslock.cpp' || echo './'`saslock.cpp
In file included from saslock.cpp:21:
In file included from ./sasmlock.h:61:
In file included from ./sasulock.h:20:
In file included from ./sasatom.h:36:
./sasatom_x86_64.h:66:56: error: unsupported inline asm: input with type 'long' matching output with type 'char'
                        : "r" (newval), "m" (*p), "0" (oldval)
                                                       ^~~~~~
1 error generated.
Makefile:1516: recipe for target 'libsphde_la-saslock.lo' failed
make[3]: *** [libsphde_la-saslock.lo] Error 1
make[3]: Leaving directory '/<<PKGBUILDDIR>>/src'
Makefile:542: recipe for target 'all-recursive' failed
make[2]: *** [all-recursive] Error 1
make[2]: Leaving directory '/<<PKGBUILDDIR>>'
Makefile:411: recipe for target 'all' failed
make[1]: *** [all] Error 2
make[1]: Leaving directory '/<<PKGBUILDDIR>>'
dh_auto_build: make -j1 returned exit code 2
debian/rules:7: recipe for target 'build-arch' failed
make: *** [build-arch] Error 2
dpkg-buildpackage: error: debian/rules build-arch gave error exit status 2
--------------------------------------------------------------------------------
Build finished at 2016-08-29T16:14:41Z

Finished
--------


+------------------------------------------------------------------------------+
| Cleanup                                                                      |
+------------------------------------------------------------------------------+

Purging /<<BUILDDIR>>
Not cleaning session: cloned chroot in use
E: Build failure (dpkg-buildpackage died)

+------------------------------------------------------------------------------+
| Summary                                                                      |
+------------------------------------------------------------------------------+

Build Architecture: amd64
Build-Space: 0
Build-Time: 14
Distribution: unstable
Fail-Stage: build
Host Architecture: amd64
Install-Time: 90
Job: sphde_1.1.0-2
Machine Architecture: amd64
Package: sphde
Package-Time: 250
Source-Version: 1.1.0-2
Space: 0
Status: failed
Version: 1.1.0-2
--------------------------------------------------------------------------------
Finished at 2016-08-29T16:14:41Z
Build needed 00:00:00, 0k disc space
E: Build failure (dpkg-buildpackage died)
DC-Status: Failed 251.260012252s
DC-Time-Estimation: 251.260012252 versus expected 679 (r/m: 1.7023798730018378 ; m: 251.260012252)
